<?xml version="1.0" encoding="UTF-8"?>
<robot generator="Robot 7.0 (Python 3.12.3 on linux)" generated="2024-06-01T03:18:23.710030" rpa="false" schemaversion="5">
<suite id="s1" name="Tests" source="/home/runner/work/ApiRandomUser/ApiRandomUser/RamdonUser/tests">
<suite id="s1-s1" name="Random-User-Test" source="/home/runner/work/ApiRandomUser/ApiRandomUser/RamdonUser/tests/random-user-test.robot">
<test id="s1-s1-t1" name="Conectar" line="13">
<kw name="Conectar API" owner="random-user-service">
<kw name="Create Session" owner="RequestsLibrary">
<msg time="2024-06-01T03:18:24.096644" level="INFO">Creating Session using : alias=consultarAPI, url=https://randomuser.me/, headers={},                     cookies={}, auth=None, timeout=None, proxies=None, verify=False,                     debug=0 </msg>
<arg>consultarAPI</arg>
<arg>${URL}</arg>
<doc>Create Session: create a HTTP session to a server</doc>
<status status="PASS" start="2024-06-01T03:18:24.096441" elapsed="0.000384"/>
</kw>
<status status="PASS" start="2024-06-01T03:18:24.095375" elapsed="0.001815"/>
</kw>
<status status="PASS" start="2024-06-01T03:18:24.094725" elapsed="0.002657"/>
</test>
<test id="s1-s1-t2" name="Validar retorno 200 e JSON Válido" line="16">
<kw name="Teste de Requisicao Basica" owner="random-user-service">
<kw name="GET On Session" owner="RequestsLibrary">
<msg time="2024-06-01T03:18:24.702562" level="INFO">GET Request : url=https://randomuser.me/api 
 path_url=/api 
 headers={'User-Agent': 'python-requests/2.32.3', 'Accept-Encoding': 'gzip, deflate', 'Accept': '*/*', 'Connection': 'keep-alive'} 
 body=None 
 </msg>
<msg time="2024-06-01T03:18:24.702715" level="INFO">GET Response : url=https://randomuser.me/api 
 status=200, reason=OK 
 headers={'Date': 'Sat, 01 Jun 2024 03:18:24 GMT', 'Content-Type': 'application/json; charset=utf-8', 'Transfer-Encoding': 'chunked', 'Connection': 'keep-alive', 'X-Powered-By': 'Express', 'Access-Control-Allow-Origin': '*', 'Cache-Control': 'no-cache', 'ETag': 'W/"47a-Bafbs3socl/50/n60dn6QYX1iOU"', 'Vary': 'Accept-Encoding', 'Content-Encoding': 'gzip', 'CF-Cache-Status': 'DYNAMIC', 'Report-To': '{"endpoints":[{"url":"https:\\/\\/a.nel.cloudflare.com\\/report\\/v4?s=QQP12ztbFL1vWyNJc5zUerEE16RsXcW4r77Fm1f7zlrnw9xO0GsNk23sf0EJbB4AM%2Beb2LSEKpgbQvuooPDgeNoZKNvvLL6oQg8Zj%2FbKNz29olx2AGPtJEQxA6MAMk6T"}],"group":"cf-nel","max_age":604800}', 'NEL': '{"success_fraction":0,"report_to":"cf-nel","max_age":604800}', 'Server': 'cloudflare', 'CF-RAY': '88cc0e60ca03cfa4-SJC', 'alt-svc': 'h3=":443"; ma=86400'} 
 body={"results":[{"gender":"male","name":{"title":"Mr","first":"Ricardo","last":"James"},"location":{"street":{"number":4107,"name":"Mcclellan Rd"},"city":"Salem","state":"Maine","country":"United States","postcode":40837,"coordinates":{"latitude":"83.7380","longitude":"-108.6881"},"timezone":{"offset":"+5:45","description":"Kathmandu"}},"email":"ricardo.james@example.com","login":{"uuid":"c7c67c55-b74c-4c4a-8596-66e3c49d41f8","username":"organicgorilla465","password":"feather","salt":"RBrVUqPV","md5":"52ed828c8559e7afcb32f1782f6440fe","sha1":"594c516a47b1d2b969c5f47cbd81889c939ce14d","sha256":"bf688ac24711c37c17e026fe8c1725f2c190a31959811723e5949d63ec9fcaca"},"dob":{"date":"1968-08-16T21:39:50.884Z","age":55},"registered":{"date":"2021-01-28T08:22:58.073Z","age":3},"phone":"(825) 821-9572","cell":"(759) 982-0063","id":{"name":"SSN","value":"159-28-0700"},"picture":{"large":"https://randomuser.me/api/portraits/men/20.jpg","medium":"https://randomuser.me/api/portraits/med/men/20.jpg","thumbnail":"https://randomuser.me/api/portraits/thumb/men/20.jpg"},"nat":"US"}],"info":{"seed":"4104c7c826c43660","results":1,"page":1,"version":"1.4"}} 
 </msg>
<msg time="2024-06-01T03:18:24.702794" level="INFO">/opt/hostedtoolcache/Python/3.12.3/x64/lib/python3.12/site-packages/urllib3/connectionpool.py:1103: InsecureRequestWarning: Unverified HTTPS request is being made to host 'randomuser.me'. Adding certificate verification is strongly advised. See: https://urllib3.readthedocs.io/en/latest/advanced-usage.html#tls-warnings
  warnings.warn(</msg>
<msg time="2024-06-01T03:18:24.702942" level="INFO">${response} = &lt;Response [200]&gt;</msg>
<var>${response}</var>
<arg>consultarAPI</arg>
<arg>/api</arg>
<doc>Sends a GET request on a previously created HTTP Session.</doc>
<status status="PASS" start="2024-06-01T03:18:24.100085" elapsed="0.602898"/>
</kw>
<kw name="Should Be Equal As Numbers" owner="BuiltIn">
<msg time="2024-06-01T03:18:24.704125" level="INFO">Argument types are:
&lt;class 'int'&gt;
&lt;class 'str'&gt;</msg>
<arg>${response.status_code}</arg>
<arg>200</arg>
<doc>Fails if objects are unequal after converting them to real numbers.</doc>
<status status="PASS" start="2024-06-01T03:18:24.703652" elapsed="0.000539"/>
</kw>
<kw name="Log" owner="BuiltIn">
<msg time="2024-06-01T03:18:24.704880" level="INFO">200</msg>
<arg>${response.status_code}</arg>
<doc>Logs the given message with the given level.</doc>
<status status="PASS" start="2024-06-01T03:18:24.704534" elapsed="0.000393"/>
</kw>
<kw name="Set Variable" owner="BuiltIn">
<msg time="2024-06-01T03:18:24.705671" level="INFO">${json_data} = {'results': [{'gender': 'male', 'name': {'title': 'Mr', 'first': 'Ricardo', 'last': 'James'}, 'location': {'street': {'number': 4107, 'name': 'Mcclellan Rd'}, 'city': 'Salem', 'state': 'Maine', 'count...</msg>
<var>${json_data}</var>
<arg>${response.json()}</arg>
<doc>Returns the given values which can then be assigned to a variables.</doc>
<status status="PASS" start="2024-06-01T03:18:24.705234" elapsed="0.000465"/>
</kw>
<kw name="Dictionary Should Contain Key" owner="Collections">
<msg time="2024-06-01T03:18:24.706170" level="INFO">False</msg>
<arg>${json_data}</arg>
<arg>results</arg>
<doc>Fails if ``key`` is not found from ``dictionary``.</doc>
<status status="PASS" start="2024-06-01T03:18:24.706001" elapsed="0.000362"/>
</kw>
<status status="PASS" start="2024-06-01T03:18:24.099840" elapsed="0.606786"/>
</kw>
<doc>Testa se a API responde corretamente e retorna um objeto JSON válido.</doc>
<tag>testeRequisicaoBasica</tag>
<status status="PASS" start="2024-06-01T03:18:24.099239" elapsed="0.607569"/>
</test>
<test id="s1-s1-t3" name="Validar estrutura de resposta" line="22">
<kw name="Teste de Estrutura de Resposta" owner="random-user-service">
<kw name="GET On Session" owner="RequestsLibrary">
<msg time="2024-06-01T03:18:24.919939" level="INFO">GET Request : url=https://randomuser.me/api 
 path_url=/api 
 headers={'User-Agent': 'python-requests/2.32.3', 'Accept-Encoding': 'gzip, deflate', 'Accept': '*/*', 'Connection': 'keep-alive'} 
 body=None 
 </msg>
<msg time="2024-06-01T03:18:24.920052" level="INFO">GET Response : url=https://randomuser.me/api 
 status=200, reason=OK 
 headers={'Date': 'Sat, 01 Jun 2024 03:18:24 GMT', 'Content-Type': 'application/json; charset=utf-8', 'Transfer-Encoding': 'chunked', 'Connection': 'keep-alive', 'X-Powered-By': 'Express', 'Access-Control-Allow-Origin': '*', 'Cache-Control': 'no-cache', 'ETag': 'W/"49d-m+lBL1nPdSYgYxRV/R08vVyp11A"', 'Vary': 'Accept-Encoding', 'Content-Encoding': 'gzip', 'CF-Cache-Status': 'DYNAMIC', 'Report-To': '{"endpoints":[{"url":"https:\\/\\/a.nel.cloudflare.com\\/report\\/v4?s=OagGu3KoBOUmtwjaOSZaHaLMd%2FDA%2BHy6vUXQ41fr7cM7DcCtWtlhodixUmWG9zeqKDWv6Ehsh%2F%2BT8kxu9UDBhwuUYdrM5BjK%2BCWfIX5wbIJCCsinqYIE5m84nYJveASy"}],"group":"cf-nel","max_age":604800}', 'NEL': '{"success_fraction":0,"report_to":"cf-nel","max_age":604800}', 'Server': 'cloudflare', 'CF-RAY': '88cc0e647cd3cfa4-SJC', 'alt-svc': 'h3=":443"; ma=86400'} 
 body={"results":[{"gender":"male","name":{"title":"Mr","first":"ماهان","last":"کریمی"},"location":{"street":{"number":6366,"name":"آیت الله طالقانی"},"city":"قزوین","state":"زنجان","country":"Iran","postcode":61166,"coordinates":{"latitude":"20.7859","longitude":"-126.3211"},"timezone":{"offset":"-4:00","description":"Atlantic Time (Canada), Caracas, La Paz"}},"email":"mhn.khrymy@example.com","login":{"uuid":"bd4a0b69-aa13-4a9a-a137-af33530276ab","username":"bluekoala692","password":"arizona","salt":"QNfnNLN5","md5":"25673fbf8f259eba9620932d1b38b10a","sha1":"7094cf23cc9cb762c5c2332c8c6d0b4095160684","sha256":"3e833e943f50242111fdbf5bb3ca5c6ea9aadc611bd52d114c6b2b7d532876d4"},"dob":{"date":"2000-10-11T18:43:31.461Z","age":23},"registered":{"date":"2006-11-05T12:47:17.061Z","age":17},"phone":"032-01446798","cell":"0961-342-4525","id":{"name":"","value":null},"picture":{"large":"https://randomuser.me/api/portraits/men/19.jpg","medium":"https://randomuser.me/api/portraits/med/men/19.jpg","thumbnail":"https://randomuser.me/api/portraits/thumb/men/19.jpg"},"nat":"IR"}],"info":{"seed":"694d9fa860536305","results":1,"page":1,"version":"1.4"}} 
 </msg>
<msg time="2024-06-01T03:18:24.920197" level="INFO">/opt/hostedtoolcache/Python/3.12.3/x64/lib/python3.12/site-packages/urllib3/connectionpool.py:1103: InsecureRequestWarning: Unverified HTTPS request is being made to host 'randomuser.me'. Adding certificate verification is strongly advised. See: https://urllib3.readthedocs.io/en/latest/advanced-usage.html#tls-warnings
  warnings.warn(</msg>
<msg time="2024-06-01T03:18:24.920339" level="INFO">${response} = &lt;Response [200]&gt;</msg>
<var>${response}</var>
<arg>consultarAPI</arg>
<arg>/api</arg>
<doc>Sends a GET request on a previously created HTTP Session.</doc>
<status status="PASS" start="2024-06-01T03:18:24.709524" elapsed="0.210865"/>
</kw>
<kw name="Set Variable" owner="BuiltIn">
<msg time="2024-06-01T03:18:24.921577" level="INFO">${json_data} = {'results': [{'gender': 'male', 'name': {'title': 'Mr', 'first': 'ماهان', 'last': 'کریمی'}, 'location': {'street': {'number': 6366, 'name': 'آیت الله طالقانی'}, 'city': 'قزوین', 'state': 'زنجان', 'cou...</msg>
<var>${json_data}</var>
<arg>${response.json()}</arg>
<doc>Returns the given values which can then be assigned to a variables.</doc>
<status status="PASS" start="2024-06-01T03:18:24.920988" elapsed="0.000620"/>
</kw>
<kw name="Log" owner="BuiltIn">
<msg time="2024-06-01T03:18:24.922087" level="INFO">{'results': [{'gender': 'male', 'name': {'title': 'Mr', 'first': 'ماهان', 'last': 'کریمی'}, 'location': {'street': {'number': 6366, 'name': 'آیت الله طالقانی'}, 'city': 'قزوین', 'state': 'زنجان', 'country': 'Iran', 'postcode': 61166, 'coordinates': {'latitude': '20.7859', 'longitude': '-126.3211'}, 'timezone': {'offset': '-4:00', 'description': 'Atlantic Time (Canada), Caracas, La Paz'}}, 'email': 'mhn.khrymy@example.com', 'login': {'uuid': 'bd4a0b69-aa13-4a9a-a137-af33530276ab', 'username': 'bluekoala692', 'password': 'arizona', 'salt': 'QNfnNLN5', 'md5': '25673fbf8f259eba9620932d1b38b10a', 'sha1': '7094cf23cc9cb762c5c2332c8c6d0b4095160684', 'sha256': '3e833e943f50242111fdbf5bb3ca5c6ea9aadc611bd52d114c6b2b7d532876d4'}, 'dob': {'date': '2000-10-11T18:43:31.461Z', 'age': 23}, 'registered': {'date': '2006-11-05T12:47:17.061Z', 'age': 17}, 'phone': '032-01446798', 'cell': '0961-342-4525', 'id': {'name': '', 'value': None}, 'picture': {'large': 'https://randomuser.me/api/portraits/men/19.jpg', 'medium': 'https://randomuser.me/api/portraits/med/men/19.jpg', 'thumbnail': 'https://randomuser.me/api/portraits/thumb/men/19.jpg'}, 'nat': 'IR'}], 'info': {'seed': '694d9fa860536305', 'results': 1, 'page': 1, 'version': '1.4'}}</msg>
<arg>${json_data}</arg>
<doc>Logs the given message with the given level.</doc>
<status status="PASS" start="2024-06-01T03:18:24.921922" elapsed="0.000215"/>
</kw>
<kw name="Dictionary Should Contain Key" owner="Collections">
<msg time="2024-06-01T03:18:24.922596" level="INFO">False</msg>
<arg>${json_data}</arg>
<arg>results</arg>
<doc>Fails if ``key`` is not found from ``dictionary``.</doc>
<status status="PASS" start="2024-06-01T03:18:24.922434" elapsed="0.000198"/>
</kw>
<kw name="Should Not Be Empty" owner="BuiltIn">
<msg time="2024-06-01T03:18:24.923077" level="INFO">Length is 2.</msg>
<arg>${json_data}</arg>
<doc>Verifies that the given item is not empty.</doc>
<status status="PASS" start="2024-06-01T03:18:24.922941" elapsed="0.000175"/>
</kw>
<kw name="Create List" owner="BuiltIn">
<msg time="2024-06-01T03:18:24.923599" level="INFO">${expected_keys} = ['gender', 'name', 'location', 'email', 'login']</msg>
<var>${expected_keys}</var>
<arg>gender</arg>
<arg>name</arg>
<arg>location</arg>
<arg>email</arg>
<arg>login</arg>
<doc>Returns a list containing given items.</doc>
<status status="PASS" start="2024-06-01T03:18:24.923447" elapsed="0.000176"/>
</kw>
<for flavor="IN">
<iter>
<kw name="Dictionary Should Contain Key" owner="Collections">
<msg time="2024-06-01T03:18:24.924618" level="INFO">False</msg>
<arg>${json_data['results'][0]}</arg>
<arg>${key}</arg>
<doc>Fails if ``key`` is not found from ``dictionary``.</doc>
<status status="PASS" start="2024-06-01T03:18:24.924209" elapsed="0.000450"/>
</kw>
<kw name="Log" owner="BuiltIn">
<msg time="2024-06-01T03:18:24.925492" level="INFO">{'gender': 'male', 'name': {'title': 'Mr', 'first': 'ماهان', 'last': 'کریمی'}, 'location': {'street': {'number': 6366, 'name': 'آیت الله طالقانی'}, 'city': 'قزوین', 'state': 'زنجان', 'country': 'Iran', 'postcode': 61166, 'coordinates': {'latitude': '20.7859', 'longitude': '-126.3211'}, 'timezone': {'offset': '-4:00', 'description': 'Atlantic Time (Canada), Caracas, La Paz'}}, 'email': 'mhn.khrymy@example.com', 'login': {'uuid': 'bd4a0b69-aa13-4a9a-a137-af33530276ab', 'username': 'bluekoala692', 'password': 'arizona', 'salt': 'QNfnNLN5', 'md5': '25673fbf8f259eba9620932d1b38b10a', 'sha1': '7094cf23cc9cb762c5c2332c8c6d0b4095160684', 'sha256': '3e833e943f50242111fdbf5bb3ca5c6ea9aadc611bd52d114c6b2b7d532876d4'}, 'dob': {'date': '2000-10-11T18:43:31.461Z', 'age': 23}, 'registered': {'date': '2006-11-05T12:47:17.061Z', 'age': 17}, 'phone': '032-01446798', 'cell': '0961-342-4525', 'id': {'name': '', 'value': None}, 'picture': {'large': 'https://randomuser.me/api/portraits/men/19.jpg', 'medium': 'https://randomuser.me/api/portraits/med/men/19.jpg', 'thumbnail': 'https://randomuser.me/api/portraits/thumb/men/19.jpg'}, 'nat': 'IR'}</msg>
<arg>${json_data['results'][0]}</arg>
<doc>Logs the given message with the given level.</doc>
<status status="PASS" start="2024-06-01T03:18:24.924986" elapsed="0.000559"/>
</kw>
<kw name="Log" owner="BuiltIn">
<msg time="2024-06-01T03:18:24.925986" level="INFO">gender</msg>
<arg>${key}</arg>
<doc>Logs the given message with the given level.</doc>
<status status="PASS" start="2024-06-01T03:18:24.925853" elapsed="0.000171"/>
</kw>
<var name="${key}">gender</var>
<status status="PASS" start="2024-06-01T03:18:24.924077" elapsed="0.002161"/>
</iter>
<iter>
<kw name="Dictionary Should Contain Key" owner="Collections">
<msg time="2024-06-01T03:18:24.926920" level="INFO">False</msg>
<arg>${json_data['results'][0]}</arg>
<arg>${key}</arg>
<doc>Fails if ``key`` is not found from ``dictionary``.</doc>
<status status="PASS" start="2024-06-01T03:18:24.926539" elapsed="0.000419"/>
</kw>
<kw name="Log" owner="BuiltIn">
<msg time="2024-06-01T03:18:24.927679" level="INFO">{'gender': 'male', 'name': {'title': 'Mr', 'first': 'ماهان', 'last': 'کریمی'}, 'location': {'street': {'number': 6366, 'name': 'آیت الله طالقانی'}, 'city': 'قزوین', 'state': 'زنجان', 'country': 'Iran', 'postcode': 61166, 'coordinates': {'latitude': '20.7859', 'longitude': '-126.3211'}, 'timezone': {'offset': '-4:00', 'description': 'Atlantic Time (Canada), Caracas, La Paz'}}, 'email': 'mhn.khrymy@example.com', 'login': {'uuid': 'bd4a0b69-aa13-4a9a-a137-af33530276ab', 'username': 'bluekoala692', 'password': 'arizona', 'salt': 'QNfnNLN5', 'md5': '25673fbf8f259eba9620932d1b38b10a', 'sha1': '7094cf23cc9cb762c5c2332c8c6d0b4095160684', 'sha256': '3e833e943f50242111fdbf5bb3ca5c6ea9aadc611bd52d114c6b2b7d532876d4'}, 'dob': {'date': '2000-10-11T18:43:31.461Z', 'age': 23}, 'registered': {'date': '2006-11-05T12:47:17.061Z', 'age': 17}, 'phone': '032-01446798', 'cell': '0961-342-4525', 'id': {'name': '', 'value': None}, 'picture': {'large': 'https://randomuser.me/api/portraits/men/19.jpg', 'medium': 'https://randomuser.me/api/portraits/med/men/19.jpg', 'thumbnail': 'https://randomuser.me/api/portraits/thumb/men/19.jpg'}, 'nat': 'IR'}</msg>
<arg>${json_data['results'][0]}</arg>
<doc>Logs the given message with the given level.</doc>
<status status="PASS" start="2024-06-01T03:18:24.927285" elapsed="0.000446"/>
</kw>
<kw name="Log" owner="BuiltIn">
<msg time="2024-06-01T03:18:24.928157" level="INFO">name</msg>
<arg>${key}</arg>
<doc>Logs the given message with the given level.</doc>
<status status="PASS" start="2024-06-01T03:18:24.928028" elapsed="0.000166"/>
</kw>
<var name="${key}">name</var>
<status status="PASS" start="2024-06-01T03:18:24.926423" elapsed="0.001989"/>
</iter>
<iter>
<kw name="Dictionary Should Contain Key" owner="Collections">
<msg time="2024-06-01T03:18:24.929070" level="INFO">False</msg>
<arg>${json_data['results'][0]}</arg>
<arg>${key}</arg>
<doc>Fails if ``key`` is not found from ``dictionary``.</doc>
<status status="PASS" start="2024-06-01T03:18:24.928699" elapsed="0.000408"/>
</kw>
<kw name="Log" owner="BuiltIn">
<msg time="2024-06-01T03:18:24.929772" level="INFO">{'gender': 'male', 'name': {'title': 'Mr', 'first': 'ماهان', 'last': 'کریمی'}, 'location': {'street': {'number': 6366, 'name': 'آیت الله طالقانی'}, 'city': 'قزوین', 'state': 'زنجان', 'country': 'Iran', 'postcode': 61166, 'coordinates': {'latitude': '20.7859', 'longitude': '-126.3211'}, 'timezone': {'offset': '-4:00', 'description': 'Atlantic Time (Canada), Caracas, La Paz'}}, 'email': 'mhn.khrymy@example.com', 'login': {'uuid': 'bd4a0b69-aa13-4a9a-a137-af33530276ab', 'username': 'bluekoala692', 'password': 'arizona', 'salt': 'QNfnNLN5', 'md5': '25673fbf8f259eba9620932d1b38b10a', 'sha1': '7094cf23cc9cb762c5c2332c8c6d0b4095160684', 'sha256': '3e833e943f50242111fdbf5bb3ca5c6ea9aadc611bd52d114c6b2b7d532876d4'}, 'dob': {'date': '2000-10-11T18:43:31.461Z', 'age': 23}, 'registered': {'date': '2006-11-05T12:47:17.061Z', 'age': 17}, 'phone': '032-01446798', 'cell': '0961-342-4525', 'id': {'name': '', 'value': None}, 'picture': {'large': 'https://randomuser.me/api/portraits/men/19.jpg', 'medium': 'https://randomuser.me/api/portraits/med/men/19.jpg', 'thumbnail': 'https://randomuser.me/api/portraits/thumb/men/19.jpg'}, 'nat': 'IR'}</msg>
<arg>${json_data['results'][0]}</arg>
<doc>Logs the given message with the given level.</doc>
<status status="PASS" start="2024-06-01T03:18:24.929407" elapsed="0.000416"/>
</kw>
<kw name="Log" owner="BuiltIn">
<msg time="2024-06-01T03:18:24.930247" level="INFO">location</msg>
<arg>${key}</arg>
<doc>Logs the given message with the given level.</doc>
<status status="PASS" start="2024-06-01T03:18:24.930121" elapsed="0.000164"/>
</kw>
<var name="${key}">location</var>
<status status="PASS" start="2024-06-01T03:18:24.928588" elapsed="0.001908"/>
</iter>
<iter>
<kw name="Dictionary Should Contain Key" owner="Collections">
<msg time="2024-06-01T03:18:24.931266" level="INFO">False</msg>
<arg>${json_data['results'][0]}</arg>
<arg>${key}</arg>
<doc>Fails if ``key`` is not found from ``dictionary``.</doc>
<status status="PASS" start="2024-06-01T03:18:24.930776" elapsed="0.000529"/>
</kw>
<kw name="Log" owner="BuiltIn">
<msg time="2024-06-01T03:18:24.932021" level="INFO">{'gender': 'male', 'name': {'title': 'Mr', 'first': 'ماهان', 'last': 'کریمی'}, 'location': {'street': {'number': 6366, 'name': 'آیت الله طالقانی'}, 'city': 'قزوین', 'state': 'زنجان', 'country': 'Iran', 'postcode': 61166, 'coordinates': {'latitude': '20.7859', 'longitude': '-126.3211'}, 'timezone': {'offset': '-4:00', 'description': 'Atlantic Time (Canada), Caracas, La Paz'}}, 'email': 'mhn.khrymy@example.com', 'login': {'uuid': 'bd4a0b69-aa13-4a9a-a137-af33530276ab', 'username': 'bluekoala692', 'password': 'arizona', 'salt': 'QNfnNLN5', 'md5': '25673fbf8f259eba9620932d1b38b10a', 'sha1': '7094cf23cc9cb762c5c2332c8c6d0b4095160684', 'sha256': '3e833e943f50242111fdbf5bb3ca5c6ea9aadc611bd52d114c6b2b7d532876d4'}, 'dob': {'date': '2000-10-11T18:43:31.461Z', 'age': 23}, 'registered': {'date': '2006-11-05T12:47:17.061Z', 'age': 17}, 'phone': '032-01446798', 'cell': '0961-342-4525', 'id': {'name': '', 'value': None}, 'picture': {'large': 'https://randomuser.me/api/portraits/men/19.jpg', 'medium': 'https://randomuser.me/api/portraits/med/men/19.jpg', 'thumbnail': 'https://randomuser.me/api/portraits/thumb/men/19.jpg'}, 'nat': 'IR'}</msg>
<arg>${json_data['results'][0]}</arg>
<doc>Logs the given message with the given level.</doc>
<status status="PASS" start="2024-06-01T03:18:24.931659" elapsed="0.000413"/>
</kw>
<kw name="Log" owner="BuiltIn">
<msg time="2024-06-01T03:18:24.932491" level="INFO">email</msg>
<arg>${key}</arg>
<doc>Logs the given message with the given level.</doc>
<status status="PASS" start="2024-06-01T03:18:24.932366" elapsed="0.000162"/>
</kw>
<var name="${key}">email</var>
<status status="PASS" start="2024-06-01T03:18:24.930667" elapsed="0.002075"/>
</iter>
<iter>
<kw name="Dictionary Should Contain Key" owner="Collections">
<msg time="2024-06-01T03:18:24.933407" level="INFO">False</msg>
<arg>${json_data['results'][0]}</arg>
<arg>${key}</arg>
<doc>Fails if ``key`` is not found from ``dictionary``.</doc>
<status status="PASS" start="2024-06-01T03:18:24.933029" elapsed="0.000414"/>
</kw>
<kw name="Log" owner="BuiltIn">
<msg time="2024-06-01T03:18:24.934081" level="INFO">{'gender': 'male', 'name': {'title': 'Mr', 'first': 'ماهان', 'last': 'کریمی'}, 'location': {'street': {'number': 6366, 'name': 'آیت الله طالقانی'}, 'city': 'قزوین', 'state': 'زنجان', 'country': 'Iran', 'postcode': 61166, 'coordinates': {'latitude': '20.7859', 'longitude': '-126.3211'}, 'timezone': {'offset': '-4:00', 'description': 'Atlantic Time (Canada), Caracas, La Paz'}}, 'email': 'mhn.khrymy@example.com', 'login': {'uuid': 'bd4a0b69-aa13-4a9a-a137-af33530276ab', 'username': 'bluekoala692', 'password': 'arizona', 'salt': 'QNfnNLN5', 'md5': '25673fbf8f259eba9620932d1b38b10a', 'sha1': '7094cf23cc9cb762c5c2332c8c6d0b4095160684', 'sha256': '3e833e943f50242111fdbf5bb3ca5c6ea9aadc611bd52d114c6b2b7d532876d4'}, 'dob': {'date': '2000-10-11T18:43:31.461Z', 'age': 23}, 'registered': {'date': '2006-11-05T12:47:17.061Z', 'age': 17}, 'phone': '032-01446798', 'cell': '0961-342-4525', 'id': {'name': '', 'value': None}, 'picture': {'large': 'https://randomuser.me/api/portraits/men/19.jpg', 'medium': 'https://randomuser.me/api/portraits/med/men/19.jpg', 'thumbnail': 'https://randomuser.me/api/portraits/thumb/men/19.jpg'}, 'nat': 'IR'}</msg>
<arg>${json_data['results'][0]}</arg>
<doc>Logs the given message with the given level.</doc>
<status status="PASS" start="2024-06-01T03:18:24.933732" elapsed="0.000399"/>
</kw>
<kw name="Log" owner="BuiltIn">
<msg time="2024-06-01T03:18:24.934547" level="INFO">login</msg>
<arg>${key}</arg>
<doc>Logs the given message with the given level.</doc>
<status status="PASS" start="2024-06-01T03:18:24.934420" elapsed="0.000165"/>
</kw>
<var name="${key}">login</var>
<status status="PASS" start="2024-06-01T03:18:24.932919" elapsed="0.001906"/>
</iter>
<var>${key}</var>
<value>@{expected_keys}</value>
<status status="PASS" start="2024-06-01T03:18:24.923886" elapsed="0.011062"/>
</for>
<kw name="Create List" owner="BuiltIn">
<msg time="2024-06-01T03:18:24.935274" level="INFO">${expected_keysTwo} = ['username', 'password']</msg>
<var>${expected_keysTwo}</var>
<arg>username</arg>
<arg>password</arg>
<doc>Returns a list containing given items.</doc>
<status status="PASS" start="2024-06-01T03:18:24.935140" elapsed="0.000157"/>
</kw>
<for flavor="IN">
<iter>
<kw name="Dictionary Should Contain Key" owner="Collections">
<msg time="2024-06-01T03:18:24.936214" level="INFO">False</msg>
<arg>${json_data['results'][0]['login']}</arg>
<arg>${keyTwo}</arg>
<doc>Fails if ``key`` is not found from ``dictionary``.</doc>
<status status="PASS" start="2024-06-01T03:18:24.935834" elapsed="0.000417"/>
</kw>
<kw name="Dictionary Should Contain Key" owner="Collections">
<msg time="2024-06-01T03:18:24.936922" level="INFO">False</msg>
<arg>${json_data['results'][0]['login']}</arg>
<arg>${keyTwo}</arg>
<doc>Fails if ``key`` is not found from ``dictionary``.</doc>
<status status="PASS" start="2024-06-01T03:18:24.936544" elapsed="0.000415"/>
</kw>
<kw name="Log" owner="BuiltIn">
<msg time="2024-06-01T03:18:24.937371" level="INFO">username</msg>
<arg>${keyTwo}</arg>
<doc>Logs the given message with the given level.</doc>
<status status="PASS" start="2024-06-01T03:18:24.937246" elapsed="0.000162"/>
</kw>
<var name="${keyTwo}">username</var>
<status status="PASS" start="2024-06-01T03:18:24.935725" elapsed="0.001902"/>
</iter>
<iter>
<kw name="Dictionary Should Contain Key" owner="Collections">
<msg time="2024-06-01T03:18:24.938274" level="INFO">False</msg>
<arg>${json_data['results'][0]['login']}</arg>
<arg>${keyTwo}</arg>
<doc>Fails if ``key`` is not found from ``dictionary``.</doc>
<status status="PASS" start="2024-06-01T03:18:24.937906" elapsed="0.000405"/>
</kw>
<kw name="Dictionary Should Contain Key" owner="Collections">
<msg time="2024-06-01T03:18:24.938980" level="INFO">False</msg>
<arg>${json_data['results'][0]['login']}</arg>
<arg>${keyTwo}</arg>
<doc>Fails if ``key`` is not found from ``dictionary``.</doc>
<status status="PASS" start="2024-06-01T03:18:24.938606" elapsed="0.000410"/>
</kw>
<kw name="Log" owner="BuiltIn">
<msg time="2024-06-01T03:18:24.939462" level="INFO">password</msg>
<arg>${keyTwo}</arg>
<doc>Logs the given message with the given level.</doc>
<status status="PASS" start="2024-06-01T03:18:24.939304" elapsed="0.000196"/>
</kw>
<var name="${keyTwo}">password</var>
<status status="PASS" start="2024-06-01T03:18:24.937796" elapsed="0.001920"/>
</iter>
<var>${keyTwo}</var>
<value>@{expected_keysTwo}</value>
<status status="PASS" start="2024-06-01T03:18:24.935573" elapsed="0.004265"/>
</for>
<status status="PASS" start="2024-06-01T03:18:24.709283" elapsed="0.230697"/>
</kw>
<doc>Testa a estrutura da resposta da API.</doc>
<tag>testeEstruturaResposta</tag>
<status status="PASS" start="2024-06-01T03:18:24.708663" elapsed="0.231475"/>
</test>
<test id="s1-s1-t4" name="Validar tipos de dados" line="28">
<kw name="Teste de Tipos de Dados" owner="random-user-service">
<kw name="GET On Session" owner="RequestsLibrary">
<msg time="2024-06-01T03:18:25.051079" level="INFO">GET Request : url=https://randomuser.me/api 
 path_url=/api 
 headers={'User-Agent': 'python-requests/2.32.3', 'Accept-Encoding': 'gzip, deflate', 'Accept': '*/*', 'Connection': 'keep-alive'} 
 body=None 
 </msg>
<msg time="2024-06-01T03:18:25.051189" level="INFO">GET Response : url=https://randomuser.me/api 
 status=200, reason=OK 
 headers={'Date': 'Sat, 01 Jun 2024 03:18:25 GMT', 'Content-Type': 'application/json; charset=utf-8', 'Transfer-Encoding': 'chunked', 'Connection': 'keep-alive', 'X-Powered-By': 'Express', 'Access-Control-Allow-Origin': '*', 'Cache-Control': 'no-cache', 'ETag': 'W/"498-0gHOP4N8eFKfs3r4c8GSUV+MTUo"', 'Vary': 'Accept-Encoding', 'Content-Encoding': 'gzip', 'CF-Cache-Status': 'DYNAMIC', 'Report-To': '{"endpoints":[{"url":"https:\\/\\/a.nel.cloudflare.com\\/report\\/v4?s=TVjtj62fHJR02RpD%2FTiipcdKiPsRIkXassq85Y4gdYZUIPI2CJzmUooBY4MtFlQ%2BqdyW%2Ft5Nw78ifewf5ncOy4whWiUMbHYLuiFrVuka1%2BwQpX0yOjtz%2FWyP4EWECfWY"}],"group":"cf-nel","max_age":604800}', 'NEL': '{"success_fraction":0,"report_to":"cf-nel","max_age":604800}', 'Server': 'cloudflare', 'CF-RAY': '88cc0e65edfacfa4-SJC', 'alt-svc': 'h3=":443"; ma=86400'} 
 body={"results":[{"gender":"male","name":{"title":"Mr","first":"Samuel","last":"Marie"},"location":{"street":{"number":9179,"name":"Rue de L'Abbé-Grégoire"},"city":"Dunkerque","state":"Seine-et-Marne","country":"France","postcode":20761,"coordinates":{"latitude":"-15.4512","longitude":"-87.1848"},"timezone":{"offset":"-12:00","description":"Eniwetok, Kwajalein"}},"email":"samuel.marie@example.com","login":{"uuid":"d90e85d1-6104-4ce9-8c24-c1ce023a834c","username":"blackfish813","password":"sherwood","salt":"AedpW6KX","md5":"2391b8687543aa4ed3162cd3bbe75305","sha1":"d07c929908aa6aa2d42fb76e12c195e56580dd5c","sha256":"4d94e35da63987086e1c9395a7da749eb6cd9f0974e0561baaa5a402b26596c1"},"dob":{"date":"1951-04-10T19:20:53.589Z","age":73},"registered":{"date":"2017-12-26T12:28:47.108Z","age":6},"phone":"01-12-65-12-83","cell":"06-70-91-65-42","id":{"name":"INSEE","value":"1510386480020 60"},"picture":{"large":"https://randomuser.me/api/portraits/men/91.jpg","medium":"https://randomuser.me/api/portraits/med/men/91.jpg","thumbnail":"https://randomuser.me/api/portraits/thumb/men/91.jpg"},"nat":"FR"}],"info":{"seed":"d05ec4e0f7a74179","results":1,"page":1,"version":"1.4"}} 
 </msg>
<msg time="2024-06-01T03:18:25.051271" level="INFO">/opt/hostedtoolcache/Python/3.12.3/x64/lib/python3.12/site-packages/urllib3/connectionpool.py:1103: InsecureRequestWarning: Unverified HTTPS request is being made to host 'randomuser.me'. Adding certificate verification is strongly advised. See: https://urllib3.readthedocs.io/en/latest/advanced-usage.html#tls-warnings
  warnings.warn(</msg>
<msg time="2024-06-01T03:18:25.051454" level="INFO">${response} = &lt;Response [200]&gt;</msg>
<var>${response}</var>
<arg>consultarAPI</arg>
<arg>/api</arg>
<doc>Sends a GET request on a previously created HTTP Session.</doc>
<status status="PASS" start="2024-06-01T03:18:24.942680" elapsed="0.108826"/>
</kw>
<kw name="Set Variable" owner="BuiltIn">
<msg time="2024-06-01T03:18:25.052700" level="INFO">${json_data} = {'results': [{'gender': 'male', 'name': {'title': 'Mr', 'first': 'Samuel', 'last': 'Marie'}, 'location': {'street': {'number': 9179, 'name': "Rue de L'Abbé-Grégoire"}, 'city': 'Dunkerque', 'state': 'S...</msg>
<var>${json_data}</var>
<arg>${response.json()}</arg>
<doc>Returns the given values which can then be assigned to a variables.</doc>
<status status="PASS" start="2024-06-01T03:18:25.052138" elapsed="0.000592"/>
</kw>
<kw name="Log" owner="BuiltIn">
<msg time="2024-06-01T03:18:25.053204" level="INFO">{'results': [{'gender': 'male', 'name': {'title': 'Mr', 'first': 'Samuel', 'last': 'Marie'}, 'location': {'street': {'number': 9179, 'name': "Rue de L'Abbé-Grégoire"}, 'city': 'Dunkerque', 'state': 'Seine-et-Marne', 'country': 'France', 'postcode': 20761, 'coordinates': {'latitude': '-15.4512', 'longitude': '-87.1848'}, 'timezone': {'offset': '-12:00', 'description': 'Eniwetok, Kwajalein'}}, 'email': 'samuel.marie@example.com', 'login': {'uuid': 'd90e85d1-6104-4ce9-8c24-c1ce023a834c', 'username': 'blackfish813', 'password': 'sherwood', 'salt': 'AedpW6KX', 'md5': '2391b8687543aa4ed3162cd3bbe75305', 'sha1': 'd07c929908aa6aa2d42fb76e12c195e56580dd5c', 'sha256': '4d94e35da63987086e1c9395a7da749eb6cd9f0974e0561baaa5a402b26596c1'}, 'dob': {'date': '1951-04-10T19:20:53.589Z', 'age': 73}, 'registered': {'date': '2017-12-26T12:28:47.108Z', 'age': 6}, 'phone': '01-12-65-12-83', 'cell': '06-70-91-65-42', 'id': {'name': 'INSEE', 'value': '1510386480020 60'}, 'picture': {'large': 'https://randomuser.me/api/portraits/men/91.jpg', 'medium': 'https://randomuser.me/api/portraits/med/men/91.jpg', 'thumbnail': 'https://randomuser.me/api/portraits/thumb/men/91.jpg'}, 'nat': 'FR'}], 'info': {'seed': 'd05ec4e0f7a74179', 'results': 1, 'page': 1, 'version': '1.4'}}</msg>
<arg>${json_data}</arg>
<doc>Logs the given message with the given level.</doc>
<status status="PASS" start="2024-06-01T03:18:25.053043" elapsed="0.000246"/>
</kw>
<kw name="Should Be String" owner="String">
<arg>${json_data['results'][0]['gender']}</arg>
<doc>Fails if the given ``item`` is not a string.</doc>
<status status="PASS" start="2024-06-01T03:18:25.053588" elapsed="0.000363"/>
</kw>
<kw name="Should Match Regexp" owner="BuiltIn">
<arg>${json_data['results'][0]['email']}</arg>
<arg>^[a-zA-Z0-9._%+-]+@[a-zA-Z0-9.-]+\.[a-zA-Z]{2,}$</arg>
<doc>Fails if ``string`` does not match ``pattern`` as a regular expression.</doc>
<status status="PASS" start="2024-06-01T03:18:25.054143" elapsed="0.000654"/>
</kw>
<kw name="Should Match Regexp" owner="BuiltIn">
<arg>${json_data['results'][0]['dob']['date']}</arg>
<arg>\\d{4}-\\d{2}-\\d{2}T\\d{2}:\\d{2}:\\d{2}\\.\\d{3}Z</arg>
<doc>Fails if ``string`` does not match ``pattern`` as a regular expression.</doc>
<status status="PASS" start="2024-06-01T03:18:25.054995" elapsed="0.000510"/>
</kw>
<kw name="Should Match Regexp" owner="BuiltIn">
<arg>${json_data['results'][0]['registered']['date']}</arg>
<arg>\\d{4}-\\d{2}-\\d{2}T\\d{2}:\\d{2}:\\d{2}\\.\\d{3}Z</arg>
<doc>Fails if ``string`` does not match ``pattern`` as a regular expression.</doc>
<status status="PASS" start="2024-06-01T03:18:25.055698" elapsed="0.000364"/>
</kw>
<kw name="Should Match Regexp" owner="BuiltIn">
<arg>${json_data['results'][0]['picture']['large']}</arg>
<arg>^https?://.*\.(?:png|jpe?g|gif|bmp)$</arg>
<doc>Fails if ``string`` does not match ``pattern`` as a regular expression.</doc>
<status status="PASS" start="2024-06-01T03:18:25.056247" elapsed="0.000452"/>
</kw>
<kw name="Should Match Regexp" owner="BuiltIn">
<arg>${json_data['results'][0]['picture']['medium']}</arg>
<arg>^https?://.*\.(?:png|jpe?g|gif|bmp)$</arg>
<doc>Fails if ``string`` does not match ``pattern`` as a regular expression.</doc>
<status status="PASS" start="2024-06-01T03:18:25.056887" elapsed="0.000346"/>
</kw>
<kw name="Should Match Regexp" owner="BuiltIn">
<arg>${json_data['results'][0]['picture']['thumbnail']}</arg>
<arg>^https?://.*\.(?:png|jpe?g|gif|bmp)$</arg>
<doc>Fails if ``string`` does not match ``pattern`` as a regular expression.</doc>
<status status="PASS" start="2024-06-01T03:18:25.057420" elapsed="0.000340"/>
</kw>
<kw name="Log" owner="BuiltIn">
<msg time="2024-06-01T03:18:25.058265" level="INFO">{'large': 'https://randomuser.me/api/portraits/men/91.jpg', 'medium': 'https://randomuser.me/api/portraits/med/men/91.jpg', 'thumbnail': 'https://randomuser.me/api/portraits/thumb/men/91.jpg'}</msg>
<arg>${json_data['results'][0]['picture']}</arg>
<doc>Logs the given message with the given level.</doc>
<status status="PASS" start="2024-06-01T03:18:25.057941" elapsed="0.000366"/>
</kw>
<status status="PASS" start="2024-06-01T03:18:24.942443" elapsed="0.116120"/>
</kw>
<kw name="Teste de Tipos de Dados - Postcode" owner="random-user-service">
<kw name="GET On Session" owner="RequestsLibrary">
<msg time="2024-06-01T03:18:25.160074" level="INFO">GET Request : url=https://randomuser.me/api 
 path_url=/api 
 headers={'User-Agent': 'python-requests/2.32.3', 'Accept-Encoding': 'gzip, deflate', 'Accept': '*/*', 'Connection': 'keep-alive'} 
 body=None 
 </msg>
<msg time="2024-06-01T03:18:25.160169" level="INFO">GET Response : url=https://randomuser.me/api 
 status=200, reason=OK 
 headers={'Date': 'Sat, 01 Jun 2024 03:18:25 GMT', 'Content-Type': 'application/json; charset=utf-8', 'Transfer-Encoding': 'chunked', 'Connection': 'keep-alive', 'X-Powered-By': 'Express', 'Access-Control-Allow-Origin': '*', 'Cache-Control': 'no-cache', 'ETag': 'W/"4a6-kjMIA6W4U/z7jGyKW+ZtELG31k8"', 'Vary': 'Accept-Encoding', 'Content-Encoding': 'gzip', 'CF-Cache-Status': 'DYNAMIC', 'Report-To': '{"endpoints":[{"url":"https:\\/\\/a.nel.cloudflare.com\\/report\\/v4?s=XUVNX6602M82aqTgkDyzcIXge7iC9u47dvoWXRvYn3e%2FEupPY9AlOs6g2dNJ8sHIaB1MbCYnpi6%2Fm1DEeMBWZzgTG3XjFaONyIX3nKSxfUlB3goNvlcfA0ZXY1jR2Vql"}],"group":"cf-nel","max_age":604800}', 'NEL': '{"success_fraction":0,"report_to":"cf-nel","max_age":604800}', 'Server': 'cloudflare', 'CF-RAY': '88cc0e66ae83cfa4-SJC', 'alt-svc': 'h3=":443"; ma=86400'} 
 body={"results":[{"gender":"female","name":{"title":"Miss","first":"Kylie","last":"Fernandez"},"location":{"street":{"number":4280,"name":"Rolling Green Rd"},"city":"Albany","state":"New South Wales","country":"Australia","postcode":5257,"coordinates":{"latitude":"-81.6835","longitude":"42.6512"},"timezone":{"offset":"+3:00","description":"Baghdad, Riyadh, Moscow, St. Petersburg"}},"email":"kylie.fernandez@example.com","login":{"uuid":"83086b02-da87-4f4d-a8d5-3aafab3a30ce","username":"goldenduck671","password":"slapshot","salt":"OID0t2NH","md5":"2c2f17b57029a0e772552aa81eecb46f","sha1":"9cbd38e15e801821d5d3636538304d49e02c07e6","sha256":"2880f021b4ddf15dbf0e761456643cdaf6390d71e7801fdd5034b8976985e9dd"},"dob":{"date":"1983-01-09T19:32:58.944Z","age":41},"registered":{"date":"2022-04-11T22:20:51.667Z","age":2},"phone":"07-1610-7930","cell":"0416-174-944","id":{"name":"TFN","value":"550100239"},"picture":{"large":"https://randomuser.me/api/portraits/women/64.jpg","medium":"https://randomuser.me/api/portraits/med/women/64.jpg","thumbnail":"https://randomuser.me/api/portraits/thumb/women/64.jpg"},"nat":"AU"}],"info":{"seed":"6a1d753870ba996e","results":1,"page":1,"version":"1.4"}} 
 </msg>
<msg time="2024-06-01T03:18:25.160233" level="INFO">/opt/hostedtoolcache/Python/3.12.3/x64/lib/python3.12/site-packages/urllib3/connectionpool.py:1103: InsecureRequestWarning: Unverified HTTPS request is being made to host 'randomuser.me'. Adding certificate verification is strongly advised. See: https://urllib3.readthedocs.io/en/latest/advanced-usage.html#tls-warnings
  warnings.warn(</msg>
<msg time="2024-06-01T03:18:25.160369" level="INFO">${response} = &lt;Response [200]&gt;</msg>
<var>${response}</var>
<arg>consultarAPI</arg>
<arg>/api</arg>
<doc>Sends a GET request on a previously created HTTP Session.</doc>
<status status="PASS" start="2024-06-01T03:18:25.059010" elapsed="0.101401"/>
</kw>
<kw name="Set Variable" owner="BuiltIn">
<msg time="2024-06-01T03:18:25.161473" level="INFO">${json_data} = {'results': [{'gender': 'female', 'name': {'title': 'Miss', 'first': 'Kylie', 'last': 'Fernandez'}, 'location': {'street': {'number': 4280, 'name': 'Rolling Green Rd'}, 'city': 'Albany', 'state': 'New...</msg>
<var>${json_data}</var>
<arg>${response.json()}</arg>
<doc>Returns the given values which can then be assigned to a variables.</doc>
<status status="PASS" start="2024-06-01T03:18:25.160934" elapsed="0.000569"/>
</kw>
<kw name="Log" owner="BuiltIn">
<msg time="2024-06-01T03:18:25.161968" level="INFO">{'results': [{'gender': 'female', 'name': {'title': 'Miss', 'first': 'Kylie', 'last': 'Fernandez'}, 'location': {'street': {'number': 4280, 'name': 'Rolling Green Rd'}, 'city': 'Albany', 'state': 'New South Wales', 'country': 'Australia', 'postcode': 5257, 'coordinates': {'latitude': '-81.6835', 'longitude': '42.6512'}, 'timezone': {'offset': '+3:00', 'description': 'Baghdad, Riyadh, Moscow, St. Petersburg'}}, 'email': 'kylie.fernandez@example.com', 'login': {'uuid': '83086b02-da87-4f4d-a8d5-3aafab3a30ce', 'username': 'goldenduck671', 'password': 'slapshot', 'salt': 'OID0t2NH', 'md5': '2c2f17b57029a0e772552aa81eecb46f', 'sha1': '9cbd38e15e801821d5d3636538304d49e02c07e6', 'sha256': '2880f021b4ddf15dbf0e761456643cdaf6390d71e7801fdd5034b8976985e9dd'}, 'dob': {'date': '1983-01-09T19:32:58.944Z', 'age': 41}, 'registered': {'date': '2022-04-11T22:20:51.667Z', 'age': 2}, 'phone': '07-1610-7930', 'cell': '0416-174-944', 'id': {'name': 'TFN', 'value': '550100239'}, 'picture': {'large': 'https://randomuser.me/api/portraits/women/64.jpg', 'medium': 'https://randomuser.me/api/portraits/med/women/64.jpg', 'thumbnail': 'https://randomuser.me/api/portraits/thumb/women/64.jpg'}, 'nat': 'AU'}], 'info': {'seed': '6a1d753870ba996e', 'results': 1, 'page': 1, 'version': '1.4'}}</msg>
<arg>${json_data}</arg>
<doc>Logs the given message with the given level.</doc>
<status status="PASS" start="2024-06-01T03:18:25.161811" elapsed="0.000240"/>
</kw>
<kw name="Should Be Equal As Numbers" owner="BuiltIn">
<arg>${json_data['results'][0]['location']['postcode']}</arg>
<arg>${json_data['results'][0]['location']['postcode']}</arg>
<doc>Fails if objects are unequal after converting them to real numbers.</doc>
<status status="PASS" start="2024-06-01T03:18:25.162351" elapsed="0.000618"/>
</kw>
<kw name="Log" owner="BuiltIn">
<msg time="2024-06-01T03:18:25.163554" level="INFO">5257</msg>
<arg>${json_data['results'][0]['location']['postcode']}</arg>
<doc>Logs the given message with the given level.</doc>
<status status="PASS" start="2024-06-01T03:18:25.163159" elapsed="0.000438"/>
</kw>
<status status="PASS" start="2024-06-01T03:18:25.058787" elapsed="0.105071"/>
</kw>
<doc>Testa se os tipos de dados na resposta da API estão corretos.</doc>
<tag>testeTiposDados</tag>
<status status="PASS" start="2024-06-01T03:18:24.941866" elapsed="0.222165"/>
</test>
<test id="s1-s1-t5" name="Validar conteudo" line="35">
<kw name="Teste de Tipos de Conteudo" owner="random-user-service">
<kw name="GET On Session" owner="RequestsLibrary">
<msg time="2024-06-01T03:18:25.256334" level="INFO">GET Request : url=https://randomuser.me/api 
 path_url=/api 
 headers={'User-Agent': 'python-requests/2.32.3', 'Accept-Encoding': 'gzip, deflate', 'Accept': '*/*', 'Connection': 'keep-alive'} 
 body=None 
 </msg>
<msg time="2024-06-01T03:18:25.256426" level="INFO">GET Response : url=https://randomuser.me/api 
 status=200, reason=OK 
 headers={'Date': 'Sat, 01 Jun 2024 03:18:25 GMT', 'Content-Type': 'application/json; charset=utf-8', 'Transfer-Encoding': 'chunked', 'Connection': 'keep-alive', 'X-Powered-By': 'Express', 'Access-Control-Allow-Origin': '*', 'Cache-Control': 'no-cache', 'ETag': 'W/"49f-/1OtxrTjEwR/7j+OvLGD2uXdPks"', 'Vary': 'Accept-Encoding', 'Content-Encoding': 'gzip', 'CF-Cache-Status': 'DYNAMIC', 'Report-To': '{"endpoints":[{"url":"https:\\/\\/a.nel.cloudflare.com\\/report\\/v4?s=swnhcCgemiWDdd%2FyHKPmLK%2BuGBowoggpvO0RippfcrCyPLaUM5PeL6uKwpWq5YjIJbz51noR7KB%2F0Ue7%2FUp7frmdeiTlClBRbYOrRSbgbfkHyt%2FnL9w6AeY27ipzeGhR"}],"group":"cf-nel","max_age":604800}', 'NEL': '{"success_fraction":0,"report_to":"cf-nel","max_age":604800}', 'Server': 'cloudflare', 'CF-RAY': '88cc0e674f36cfa4-SJC', 'alt-svc': 'h3=":443"; ma=86400'} 
 body={"results":[{"gender":"female","name":{"title":"Miss","first":"Virginia","last":"Aguilar"},"location":{"street":{"number":4678,"name":"Calle del Pez"},"city":"Torrejón de Ardoz","state":"Melilla","country":"Spain","postcode":62350,"coordinates":{"latitude":"-33.0707","longitude":"8.5887"},"timezone":{"offset":"-3:00","description":"Brazil, Buenos Aires, Georgetown"}},"email":"virginia.aguilar@example.com","login":{"uuid":"f0557dec-9f9e-4642-add1-5bf35e733af4","username":"beautifulfrog745","password":"snappy","salt":"7M6zrkx1","md5":"e42014a65a842bce9f7d6ee233a37064","sha1":"4db7bc49c042694d18fac326bdaf0a6b88c57720","sha256":"24ce0f393fa8979a7ddfb12258fab3cafd4d2b4d6a280e2c49bb0424b7400494"},"dob":{"date":"2000-08-29T10:15:44.222Z","age":23},"registered":{"date":"2006-07-18T08:57:33.175Z","age":17},"phone":"994-226-929","cell":"688-448-998","id":{"name":"DNI","value":"95253855-L"},"picture":{"large":"https://randomuser.me/api/portraits/women/33.jpg","medium":"https://randomuser.me/api/portraits/med/women/33.jpg","thumbnail":"https://randomuser.me/api/portraits/thumb/women/33.jpg"},"nat":"ES"}],"info":{"seed":"409d5f749620444f","results":1,"page":1,"version":"1.4"}} 
 </msg>
<msg time="2024-06-01T03:18:25.256491" level="INFO">/opt/hostedtoolcache/Python/3.12.3/x64/lib/python3.12/site-packages/urllib3/connectionpool.py:1103: InsecureRequestWarning: Unverified HTTPS request is being made to host 'randomuser.me'. Adding certificate verification is strongly advised. See: https://urllib3.readthedocs.io/en/latest/advanced-usage.html#tls-warnings
  warnings.warn(</msg>
<msg time="2024-06-01T03:18:25.256626" level="INFO">${response} = &lt;Response [200]&gt;</msg>
<var>${response}</var>
<arg>consultarAPI</arg>
<arg>/api</arg>
<doc>Sends a GET request on a previously created HTTP Session.</doc>
<status status="PASS" start="2024-06-01T03:18:25.166515" elapsed="0.090154"/>
</kw>
<kw name="Set Variable" owner="BuiltIn">
<msg time="2024-06-01T03:18:25.257708" level="INFO">${json_data} = {'results': [{'gender': 'female', 'name': {'title': 'Miss', 'first': 'Virginia', 'last': 'Aguilar'}, 'location': {'street': {'number': 4678, 'name': 'Calle del Pez'}, 'city': 'Torrejón de Ardoz', 'sta...</msg>
<var>${json_data}</var>
<arg>${response.json()}</arg>
<doc>Returns the given values which can then be assigned to a variables.</doc>
<status status="PASS" start="2024-06-01T03:18:25.257208" elapsed="0.000529"/>
</kw>
<kw name="Set Variable" owner="BuiltIn">
<msg time="2024-06-01T03:18:25.258425" level="INFO">${name_title} = Miss</msg>
<var>${name_title}</var>
<arg>${json_data["results"][0]["name"]["title"]}</arg>
<doc>Returns the given values which can then be assigned to a variables.</doc>
<status status="PASS" start="2024-06-01T03:18:25.258042" elapsed="0.000409"/>
</kw>
<kw name="Create List" owner="BuiltIn">
<msg time="2024-06-01T03:18:25.258895" level="INFO">${allowed_titles} = ['Mr', 'Ms', 'Miss', 'Mrs', 'Madame', 'Monsieur']</msg>
<var>${allowed_titles}</var>
<arg>Mr</arg>
<arg>Ms</arg>
<arg>Miss</arg>
<arg>Mrs</arg>
<arg>Madame</arg>
<arg>Monsieur</arg>
<doc>Returns a list containing given items.</doc>
<status status="PASS" start="2024-06-01T03:18:25.258747" elapsed="0.000172"/>
</kw>
<kw name="List Should Contain Value" owner="Collections">
<msg time="2024-06-01T03:18:25.259454" level="INFO">False</msg>
<arg>${allowed_titles}</arg>
<arg>${name_title}</arg>
<doc>Fails if the ``value`` is not found from ``list``.</doc>
<status status="PASS" start="2024-06-01T03:18:25.259222" elapsed="0.000274"/>
</kw>
<kw name="Set Variable" owner="BuiltIn">
<msg time="2024-06-01T03:18:25.260359" level="INFO">${name_country} = ES</msg>
<var>${name_country}</var>
<arg>${json_data["results"][0]["nat"]}</arg>
<doc>Returns the given values which can then be assigned to a variables.</doc>
<status status="PASS" start="2024-06-01T03:18:25.259795" elapsed="0.000590"/>
</kw>
<kw name="Create List" owner="BuiltIn">
<msg time="2024-06-01T03:18:25.261293" level="INFO">${list_country} = ['AD', 'AE', 'AF', 'AG', 'AI', 'AL', 'AM', 'AO', 'AQ', 'AR', 'AS', 'AT', 'AU', 'AW', 'AX', 'AZ', 'BA', 'BB', 'BD', 'BE', 'BF', 'BG', 'BH', 'BI', 'BJ', 'BL', 'BM', 'BN', 'BO', 'BQ', 'BR', 'BS', 'BT', '...</msg>
<var>${list_country}</var>
<arg>AD</arg>
<arg>AE</arg>
<arg>AF</arg>
<arg>AG</arg>
<arg>AI</arg>
<arg>AL</arg>
<arg>AM</arg>
<arg>AO</arg>
<arg>AQ</arg>
<arg>AR</arg>
<arg>AS</arg>
<arg>AT</arg>
<arg>AU</arg>
<arg>AW</arg>
<arg>AX</arg>
<arg>AZ</arg>
<arg>BA</arg>
<arg>BB</arg>
<arg>BD</arg>
<arg>BE</arg>
<arg>BF</arg>
<arg>BG</arg>
<arg>BH</arg>
<arg>BI</arg>
<arg>BJ</arg>
<arg>BL</arg>
<arg>BM</arg>
<arg>BN</arg>
<arg>BO</arg>
<arg>BQ</arg>
<arg>BR</arg>
<arg>BS</arg>
<arg>BT</arg>
<arg>BV</arg>
<arg>BW</arg>
<arg>BY</arg>
<arg>BZ</arg>
<arg>CA</arg>
<arg>CC</arg>
<arg>CD</arg>
<arg>CF</arg>
<arg>CG</arg>
<arg>CH</arg>
<arg>CI</arg>
<arg>CK</arg>
<arg>CL</arg>
<arg>CM</arg>
<arg>CN</arg>
<arg>CO</arg>
<arg>CR</arg>
<arg>CU</arg>
<arg>CV</arg>
<arg>CW</arg>
<arg>CX</arg>
<arg>CY</arg>
<arg>CZ</arg>
<arg>DE</arg>
<arg>DJ</arg>
<arg>DK</arg>
<arg>DM</arg>
<arg>DO</arg>
<arg>DZ</arg>
<arg>EC</arg>
<arg>EE</arg>
<arg>EG</arg>
<arg>EH</arg>
<arg>ER</arg>
<arg>ES</arg>
<arg>ET</arg>
<arg>FI</arg>
<arg>FJ</arg>
<arg>FK</arg>
<arg>FM</arg>
<arg>FO</arg>
<arg>FR</arg>
<arg>GA</arg>
<arg>GB</arg>
<arg>GD</arg>
<arg>GE</arg>
<arg>GF</arg>
<arg>GG</arg>
<arg>GH</arg>
<arg>GI</arg>
<arg>GL</arg>
<arg>GM</arg>
<arg>GN</arg>
<arg>GP</arg>
<arg>GQ</arg>
<arg>GR</arg>
<arg>GS</arg>
<arg>GT</arg>
<arg>GU</arg>
<arg>GW</arg>
<arg>GY</arg>
<arg>HK</arg>
<arg>HM</arg>
<arg>HN</arg>
<arg>HR</arg>
<arg>HT</arg>
<arg>HU</arg>
<arg>ID</arg>
<arg>IE</arg>
<arg>IL</arg>
<arg>IM</arg>
<arg>IN</arg>
<arg>IO</arg>
<arg>IQ</arg>
<arg>IR</arg>
<arg>IS</arg>
<arg>IT</arg>
<arg>JE</arg>
<arg>JM</arg>
<arg>JO</arg>
<arg>JP</arg>
<arg>KE</arg>
<arg>KG</arg>
<arg>KH</arg>
<arg>KI</arg>
<arg>KM</arg>
<arg>KN</arg>
<arg>KP</arg>
<arg>KR</arg>
<arg>KW</arg>
<arg>KY</arg>
<arg>KZ</arg>
<arg>LA</arg>
<arg>LB</arg>
<arg>LC</arg>
<arg>LI</arg>
<arg>LK</arg>
<arg>LR</arg>
<arg>LS</arg>
<arg>LT</arg>
<arg>LU</arg>
<arg>LV</arg>
<arg>LY</arg>
<arg>MA</arg>
<arg>MC</arg>
<arg>MD</arg>
<arg>ME</arg>
<arg>MF</arg>
<arg>MG</arg>
<arg>MH</arg>
<arg>MK</arg>
<arg>ML</arg>
<arg>MM</arg>
<arg>MN</arg>
<arg>MO</arg>
<arg>MP</arg>
<arg>MQ</arg>
<arg>MR</arg>
<arg>MS</arg>
<arg>MT</arg>
<arg>MU</arg>
<arg>MV</arg>
<arg>MW</arg>
<arg>MX</arg>
<arg>MY</arg>
<arg>MZ</arg>
<arg>NA</arg>
<arg>NC</arg>
<arg>NE</arg>
<arg>NF</arg>
<arg>NG</arg>
<arg>NI</arg>
<arg>NL</arg>
<arg>NO</arg>
<arg>NP</arg>
<arg>NR</arg>
<arg>NU</arg>
<arg>NZ</arg>
<arg>OM</arg>
<arg>PA</arg>
<arg>PE</arg>
<arg>PF</arg>
<arg>PG</arg>
<arg>PH</arg>
<arg>PK</arg>
<arg>PL</arg>
<arg>PM</arg>
<arg>PN</arg>
<arg>PR</arg>
<arg>PS</arg>
<arg>PT</arg>
<arg>PW</arg>
<arg>PY</arg>
<arg>QA</arg>
<arg>RE</arg>
<arg>RO</arg>
<arg>RS</arg>
<arg>RU</arg>
<arg>RW</arg>
<arg>SA</arg>
<arg>SB</arg>
<arg>SC</arg>
<arg>SD</arg>
<arg>SE</arg>
<arg>SG</arg>
<arg>SH</arg>
<arg>SI</arg>
<arg>SJ</arg>
<arg>SK</arg>
<arg>SL</arg>
<arg>SM</arg>
<arg>SN</arg>
<arg>SO</arg>
<arg>SR</arg>
<arg>SS</arg>
<arg>ST</arg>
<arg>SV</arg>
<arg>SX</arg>
<arg>SY</arg>
<arg>SZ</arg>
<arg>TC</arg>
<arg>TD</arg>
<arg>TF</arg>
<arg>TG</arg>
<arg>TH</arg>
<arg>TJ</arg>
<arg>TK</arg>
<arg>TL</arg>
<arg>TM</arg>
<arg>TN</arg>
<arg>TO</arg>
<arg>TR</arg>
<arg>TT</arg>
<arg>TV</arg>
<arg>TW</arg>
<arg>TZ</arg>
<arg>UA</arg>
<arg>UG</arg>
<arg>UM</arg>
<arg>US</arg>
<arg>UY</arg>
<arg>UZ</arg>
<arg>VA</arg>
<arg>VC</arg>
<arg>VE</arg>
<arg>VG</arg>
<arg>VI</arg>
<arg>VN</arg>
<arg>VU</arg>
<arg>WF</arg>
<arg>WS</arg>
<arg>XK</arg>
<arg>YE</arg>
<arg>YT</arg>
<arg>ZA</arg>
<arg>ZM</arg>
<arg>ZW</arg>
<doc>Returns a list containing given items.</doc>
<status status="PASS" start="2024-06-01T03:18:25.260698" elapsed="0.000621"/>
</kw>
<kw name="List Should Contain Value" owner="Collections">
<msg time="2024-06-01T03:18:25.262302" level="INFO">False</msg>
<arg>${list_country}</arg>
<arg>${name_country}</arg>
<doc>Fails if the ``value`` is not found from ``list``.</doc>
<status status="PASS" start="2024-06-01T03:18:25.262102" elapsed="0.000236"/>
</kw>
<kw name="Run Keyword If" owner="BuiltIn">
<kw name="Should Be True" owner="BuiltIn">
<arg>${True}</arg>
<doc>Fails if the given condition is not true.</doc>
<status status="PASS" start="2024-06-01T03:18:25.263422" elapsed="0.000145"/>
</kw>
<arg>${json_data["results"][0]["location"]["coordinates"]["latitude"]} &gt;= -90 and ${json_data["results"][0]["location"]["coordinates"]["latitude"]} &lt;= 90</arg>
<arg>Should Be True</arg>
<arg>${True}</arg>
<doc>Runs the given keyword with the given arguments, if ``condition`` is true.</doc>
<status status="PASS" start="2024-06-01T03:18:25.262652" elapsed="0.001039"/>
</kw>
<kw name="Run Keyword If" owner="BuiltIn">
<kw name="Should Be True" owner="BuiltIn">
<arg>${True}</arg>
<doc>Fails if the given condition is not true.</doc>
<status status="PASS" start="2024-06-01T03:18:25.264566" elapsed="0.000137"/>
</kw>
<arg>${json_data["results"][0]["location"]["coordinates"]["longitude"]} &gt;= -180 and ${json_data["results"][0]["location"]["coordinates"]["longitude"]} &lt;= 180</arg>
<arg>Should Be True</arg>
<arg>${True}</arg>
<doc>Runs the given keyword with the given arguments, if ``condition`` is true.</doc>
<status status="PASS" start="2024-06-01T03:18:25.263874" elapsed="0.000949"/>
</kw>
<status status="PASS" start="2024-06-01T03:18:25.166281" elapsed="0.098672"/>
</kw>
<doc>Testa o conteúdo específico dos campos retornados pela API.</doc>
<tag>testeConteudo</tag>
<status status="PASS" start="2024-06-01T03:18:25.165774" elapsed="0.099329"/>
</test>
<status status="PASS" start="2024-06-01T03:18:23.769603" elapsed="1.497457"/>
</suite>
<status status="PASS" start="2024-06-01T03:18:23.756043" elapsed="1.516227"/>
</suite>
<statistics>
<total>
<stat pass="5" fail="0" skip="0">All Tests</stat>
</total>
<tag>
<stat pass="1" fail="0" skip="0">testeConteudo</stat>
<stat pass="1" fail="0" skip="0">testeEstruturaResposta</stat>
<stat pass="1" fail="0" skip="0">testeRequisicaoBasica</stat>
<stat pass="1" fail="0" skip="0">testeTiposDados</stat>
</tag>
<suite>
<stat pass="5" fail="0" skip="0" id="s1" name="Tests">Tests</stat>
<stat pass="5" fail="0" skip="0" id="s1-s1" name="Random-User-Test">Tests.Random-User-Test</stat>
</suite>
</statistics>
<errors>
</errors>
</robot>
