<?xml version="1.0" encoding="UTF-8"?>
<robot generator="Robot 7.0.1 (Python 3.12.4 on linux)" generated="2024-07-04T19:13:24.140541" rpa="false" schemaversion="5">
<suite id="s1" name="Tests" source="/home/runner/work/ApiRandomUser/ApiRandomUser/RamdonUser/tests">
<suite id="s1-s1" name="Random-User-Test" source="/home/runner/work/ApiRandomUser/ApiRandomUser/RamdonUser/tests/random-user-test.robot">
<test id="s1-s1-t1" name="Conectar" line="13">
<kw name="Conectar API" owner="random-user-service">
<kw name="Create Session" owner="RequestsLibrary">
<msg time="2024-07-04T19:13:24.578748" level="INFO">Creating Session using : alias=consultarAPI, url=https://randomuser.me/, headers={},                     cookies={}, auth=None, timeout=None, proxies=None, verify=False,                     debug=0 </msg>
<arg>consultarAPI</arg>
<arg>${URL}</arg>
<doc>Create Session: create a HTTP session to a server</doc>
<status status="PASS" start="2024-07-04T19:13:24.578536" elapsed="0.000403"/>
</kw>
<status status="PASS" start="2024-07-04T19:13:24.577531" elapsed="0.001772"/>
</kw>
<status status="PASS" start="2024-07-04T19:13:24.576977" elapsed="0.002520"/>
</test>
<test id="s1-s1-t2" name="Validar retorno 200 e JSON Válido" line="16">
<kw name="Teste de Requisicao Basica" owner="random-user-service">
<kw name="GET On Session" owner="RequestsLibrary">
<msg time="2024-07-04T19:13:24.770767" level="INFO">GET Request : url=https://randomuser.me/api 
 path_url=/api 
 headers={'User-Agent': 'python-requests/2.32.3', 'Accept-Encoding': 'gzip, deflate', 'Accept': '*/*', 'Connection': 'keep-alive'} 
 body=None 
 </msg>
<msg time="2024-07-04T19:13:24.770982" level="INFO">GET Response : url=https://randomuser.me/api 
 status=200, reason=OK 
 headers={'Date': 'Thu, 04 Jul 2024 19:13:24 GMT', 'Content-Type': 'application/json; charset=utf-8', 'Transfer-Encoding': 'chunked', 'Connection': 'keep-alive', 'X-Powered-By': 'Express', 'Access-Control-Allow-Origin': '*', 'Cache-Control': 'no-cache', 'ETag': 'W/"488-KMRLsbWjIg206sPfdtJODZIi4WQ"', 'Vary': 'Accept-Encoding', 'Content-Encoding': 'gzip', 'CF-Cache-Status': 'DYNAMIC', 'Report-To': '{"endpoints":[{"url":"https:\\/\\/a.nel.cloudflare.com\\/report\\/v4?s=LVabZC6Wu9wgp1DbGjcecNfLWHEr1TLSk5aBReVjmns1Y23Ed6rny6yZxFW5OztNCxge25Lu%2BtOnGxBaI%2BjxQYuFLkH3Tn9okpxUF8oEnQnDUsaawi4h89cJzi9V08hG"}],"group":"cf-nel","max_age":604800}', 'NEL': '{"success_fraction":0,"report_to":"cf-nel","max_age":604800}', 'Server': 'cloudflare', 'CF-RAY': '89e16eb12d7c14f0-LAX', 'alt-svc': 'h3=":443"; ma=86400'} 
 body={"results":[{"gender":"male","name":{"title":"Mr","first":"Magnus","last":"Andersen"},"location":{"street":{"number":2821,"name":"Bavnehøjvej"},"city":"Pandrup","state":"Sjælland","country":"Denmark","postcode":67550,"coordinates":{"latitude":"-45.9560","longitude":"-155.5496"},"timezone":{"offset":"-3:00","description":"Brazil, Buenos Aires, Georgetown"}},"email":"magnus.andersen@example.com","login":{"uuid":"805409ca-74d8-4647-91c6-63681ceb7191","username":"smallgorilla492","password":"battle","salt":"Er2IzsEg","md5":"4863cdb9fb50bb618a947287315c3e00","sha1":"b7ba961062bb0113cf42bf642d841f8f91077010","sha256":"94653daaa683a1bb4fd778ed365324de473e9e62c224d38b682ef2adefbccd62"},"dob":{"date":"1956-10-03T19:43:52.048Z","age":67},"registered":{"date":"2010-07-16T02:46:36.731Z","age":13},"phone":"18974050","cell":"54408939","id":{"name":"CPR","value":"031056-6929"},"picture":{"large":"https://randomuser.me/api/portraits/men/54.jpg","medium":"https://randomuser.me/api/portraits/med/men/54.jpg","thumbnail":"https://randomuser.me/api/portraits/thumb/men/54.jpg"},"nat":"DK"}],"info":{"seed":"390b9de3e12ea38a","results":1,"page":1,"version":"1.4"}} 
 </msg>
<msg time="2024-07-04T19:13:24.771123" level="INFO">/opt/hostedtoolcache/Python/3.12.4/x64/lib/python3.12/site-packages/urllib3/connectionpool.py:1099: InsecureRequestWarning: Unverified HTTPS request is being made to host 'randomuser.me'. Adding certificate verification is strongly advised. See: https://urllib3.readthedocs.io/en/latest/advanced-usage.html#tls-warnings
  warnings.warn(</msg>
<msg time="2024-07-04T19:13:24.771325" level="INFO">${response} = &lt;Response [200]&gt;</msg>
<var>${response}</var>
<arg>consultarAPI</arg>
<arg>/api</arg>
<doc>Sends a GET request on a previously created HTTP Session.</doc>
<status status="PASS" start="2024-07-04T19:13:24.582068" elapsed="0.189309"/>
</kw>
<kw name="Should Be Equal As Numbers" owner="BuiltIn">
<msg time="2024-07-04T19:13:24.772784" level="INFO">Argument types are:
&lt;class 'int'&gt;
&lt;class 'str'&gt;</msg>
<arg>${response.status_code}</arg>
<arg>200</arg>
<doc>Fails if objects are unequal after converting them to real numbers.</doc>
<status status="PASS" start="2024-07-04T19:13:24.772067" elapsed="0.000826"/>
</kw>
<kw name="Log" owner="BuiltIn">
<msg time="2024-07-04T19:13:24.774014" level="INFO">200</msg>
<arg>${response.status_code}</arg>
<doc>Logs the given message with the given level.</doc>
<status status="PASS" start="2024-07-04T19:13:24.773416" elapsed="0.000676"/>
</kw>
<kw name="Set Variable" owner="BuiltIn">
<msg time="2024-07-04T19:13:24.775319" level="INFO">${json_data} = {'results': [{'gender': 'male', 'name': {'title': 'Mr', 'first': 'Magnus', 'last': 'Andersen'}, 'location': {'street': {'number': 2821, 'name': 'Bavnehøjvej'}, 'city': 'Pandrup', 'state': 'Sjælland', ...</msg>
<var>${json_data}</var>
<arg>${response.json()}</arg>
<doc>Returns the given values which can then be assigned to a variables.</doc>
<status status="PASS" start="2024-07-04T19:13:24.774597" elapsed="0.000770"/>
</kw>
<kw name="Dictionary Should Contain Key" owner="Collections">
<arg>${json_data}</arg>
<arg>results</arg>
<doc>Fails if ``key`` is not found from ``dictionary``.</doc>
<status status="PASS" start="2024-07-04T19:13:24.775871" elapsed="0.000275"/>
</kw>
<status status="PASS" start="2024-07-04T19:13:24.581819" elapsed="0.194569"/>
</kw>
<doc>Testa se a API responde corretamente e retorna um objeto JSON válido.</doc>
<tag>testeRequisicaoBasica</tag>
<status status="PASS" start="2024-07-04T19:13:24.581355" elapsed="0.195328"/>
</test>
<test id="s1-s1-t3" name="Validar estrutura de resposta" line="22">
<kw name="Teste de Estrutura de Resposta" owner="random-user-service">
<kw name="GET On Session" owner="RequestsLibrary">
<msg time="2024-07-04T19:13:24.897221" level="INFO">GET Request : url=https://randomuser.me/api 
 path_url=/api 
 headers={'User-Agent': 'python-requests/2.32.3', 'Accept-Encoding': 'gzip, deflate', 'Accept': '*/*', 'Connection': 'keep-alive'} 
 body=None 
 </msg>
<msg time="2024-07-04T19:13:24.897318" level="INFO">GET Response : url=https://randomuser.me/api 
 status=200, reason=OK 
 headers={'Date': 'Thu, 04 Jul 2024 19:13:24 GMT', 'Content-Type': 'application/json; charset=utf-8', 'Transfer-Encoding': 'chunked', 'Connection': 'keep-alive', 'X-Powered-By': 'Express', 'Access-Control-Allow-Origin': '*', 'Cache-Control': 'no-cache', 'ETag': 'W/"4a3-Pl69b8WPxbXKFnuc/H6BrZp1SPU"', 'Vary': 'Accept-Encoding', 'Content-Encoding': 'gzip', 'CF-Cache-Status': 'DYNAMIC', 'Report-To': '{"endpoints":[{"url":"https:\\/\\/a.nel.cloudflare.com\\/report\\/v4?s=KTBUfT1ZFzp4UMXC8DNh7ss%2BI0guFlkRKFwJA2%2FmUMlm3s16VzZiT%2Fffh5x8UU9upEoEMM4DF3sTlE9l3HXOGuWvz1OrUwWtjJEX4vzfYxkf%2FSxAl68RaDUJrzh2qoPR"}],"group":"cf-nel","max_age":604800}', 'NEL': '{"success_fraction":0,"report_to":"cf-nel","max_age":604800}', 'Server': 'cloudflare', 'CF-RAY': '89e16eb1ee9b14f0-LAX', 'alt-svc': 'h3=":443"; ma=86400'} 
 body={"results":[{"gender":"female","name":{"title":"Miss","first":"Loredana","last":"Lagas"},"location":{"street":{"number":6420,"name":"Honigkamp"},"city":"Easterlittens","state":"Overijssel","country":"Netherlands","postcode":"2104 WN","coordinates":{"latitude":"38.2874","longitude":"78.6187"},"timezone":{"offset":"+10:00","description":"Eastern Australia, Guam, Vladivostok"}},"email":"loredana.lagas@example.com","login":{"uuid":"861fac3b-c4c3-412c-b175-db785d84a70b","username":"goldensnake742","password":"irene","salt":"pUoglW7g","md5":"c902ea1b21930d62793fded23c7d91fe","sha1":"6cb1dec4a854173fb97ed71cb32c63e5835232e4","sha256":"91c95c4a5f62b8dd8b5e996a893f92c0770e0a294454b383a4a04b051c3bef13"},"dob":{"date":"1971-12-07T16:55:05.923Z","age":52},"registered":{"date":"2013-05-19T21:10:53.621Z","age":11},"phone":"(0063) 438619","cell":"(06) 29822340","id":{"name":"BSN","value":"82811054"},"picture":{"large":"https://randomuser.me/api/portraits/women/36.jpg","medium":"https://randomuser.me/api/portraits/med/women/36.jpg","thumbnail":"https://randomuser.me/api/portraits/thumb/women/36.jpg"},"nat":"NL"}],"info":{"seed":"ac3892c7f33cfd58","results":1,"page":1,"version":"1.4"}} 
 </msg>
<msg time="2024-07-04T19:13:24.897449" level="INFO">/opt/hostedtoolcache/Python/3.12.4/x64/lib/python3.12/site-packages/urllib3/connectionpool.py:1099: InsecureRequestWarning: Unverified HTTPS request is being made to host 'randomuser.me'. Adding certificate verification is strongly advised. See: https://urllib3.readthedocs.io/en/latest/advanced-usage.html#tls-warnings
  warnings.warn(</msg>
<msg time="2024-07-04T19:13:24.897575" level="INFO">${response} = &lt;Response [200]&gt;</msg>
<var>${response}</var>
<arg>consultarAPI</arg>
<arg>/api</arg>
<doc>Sends a GET request on a previously created HTTP Session.</doc>
<status status="PASS" start="2024-07-04T19:13:24.780800" elapsed="0.116814"/>
</kw>
<kw name="Set Variable" owner="BuiltIn">
<msg time="2024-07-04T19:13:24.898590" level="INFO">${json_data} = {'results': [{'gender': 'female', 'name': {'title': 'Miss', 'first': 'Loredana', 'last': 'Lagas'}, 'location': {'street': {'number': 6420, 'name': 'Honigkamp'}, 'city': 'Easterlittens', 'state': 'Over...</msg>
<var>${json_data}</var>
<arg>${response.json()}</arg>
<doc>Returns the given values which can then be assigned to a variables.</doc>
<status status="PASS" start="2024-07-04T19:13:24.898064" elapsed="0.000573"/>
</kw>
<kw name="Log" owner="BuiltIn">
<msg time="2024-07-04T19:13:24.899131" level="INFO">{'results': [{'gender': 'female', 'name': {'title': 'Miss', 'first': 'Loredana', 'last': 'Lagas'}, 'location': {'street': {'number': 6420, 'name': 'Honigkamp'}, 'city': 'Easterlittens', 'state': 'Overijssel', 'country': 'Netherlands', 'postcode': '2104 WN', 'coordinates': {'latitude': '38.2874', 'longitude': '78.6187'}, 'timezone': {'offset': '+10:00', 'description': 'Eastern Australia, Guam, Vladivostok'}}, 'email': 'loredana.lagas@example.com', 'login': {'uuid': '861fac3b-c4c3-412c-b175-db785d84a70b', 'username': 'goldensnake742', 'password': 'irene', 'salt': 'pUoglW7g', 'md5': 'c902ea1b21930d62793fded23c7d91fe', 'sha1': '6cb1dec4a854173fb97ed71cb32c63e5835232e4', 'sha256': '91c95c4a5f62b8dd8b5e996a893f92c0770e0a294454b383a4a04b051c3bef13'}, 'dob': {'date': '1971-12-07T16:55:05.923Z', 'age': 52}, 'registered': {'date': '2013-05-19T21:10:53.621Z', 'age': 11}, 'phone': '(0063) 438619', 'cell': '(06) 29822340', 'id': {'name': 'BSN', 'value': '82811054'}, 'picture': {'large': 'https://randomuser.me/api/portraits/women/36.jpg', 'medium': 'https://randomuser.me/api/portraits/med/women/36.jpg', 'thumbnail': 'https://randomuser.me/api/portraits/thumb/women/36.jpg'}, 'nat': 'NL'}], 'info': {'seed': 'ac3892c7f33cfd58', 'results': 1, 'page': 1, 'version': '1.4'}}</msg>
<arg>${json_data}</arg>
<doc>Logs the given message with the given level.</doc>
<status status="PASS" start="2024-07-04T19:13:24.898968" elapsed="0.000214"/>
</kw>
<kw name="Dictionary Should Contain Key" owner="Collections">
<arg>${json_data}</arg>
<arg>results</arg>
<doc>Fails if ``key`` is not found from ``dictionary``.</doc>
<status status="PASS" start="2024-07-04T19:13:24.899482" elapsed="0.000162"/>
</kw>
<kw name="Should Not Be Empty" owner="BuiltIn">
<msg time="2024-07-04T19:13:24.899969" level="INFO">Length is 2.</msg>
<arg>${json_data}</arg>
<doc>Verifies that the given item is not empty.</doc>
<status status="PASS" start="2024-07-04T19:13:24.899833" elapsed="0.000177"/>
</kw>
<kw name="Create List" owner="BuiltIn">
<msg time="2024-07-04T19:13:24.900622" level="INFO">${expected_keys} = ['gender', 'name', 'location', 'email', 'login']</msg>
<var>${expected_keys}</var>
<arg>gender</arg>
<arg>name</arg>
<arg>location</arg>
<arg>email</arg>
<arg>login</arg>
<doc>Returns a list containing given items.</doc>
<status status="PASS" start="2024-07-04T19:13:24.900319" elapsed="0.000329"/>
</kw>
<for flavor="IN">
<iter>
<kw name="Dictionary Should Contain Key" owner="Collections">
<arg>${json_data['results'][0]}</arg>
<arg>${key}</arg>
<doc>Fails if ``key`` is not found from ``dictionary``.</doc>
<status status="PASS" start="2024-07-04T19:13:24.901237" elapsed="0.000408"/>
</kw>
<kw name="Log" owner="BuiltIn">
<msg time="2024-07-04T19:13:24.902205" level="INFO">{'gender': 'female', 'name': {'title': 'Miss', 'first': 'Loredana', 'last': 'Lagas'}, 'location': {'street': {'number': 6420, 'name': 'Honigkamp'}, 'city': 'Easterlittens', 'state': 'Overijssel', 'country': 'Netherlands', 'postcode': '2104 WN', 'coordinates': {'latitude': '38.2874', 'longitude': '78.6187'}, 'timezone': {'offset': '+10:00', 'description': 'Eastern Australia, Guam, Vladivostok'}}, 'email': 'loredana.lagas@example.com', 'login': {'uuid': '861fac3b-c4c3-412c-b175-db785d84a70b', 'username': 'goldensnake742', 'password': 'irene', 'salt': 'pUoglW7g', 'md5': 'c902ea1b21930d62793fded23c7d91fe', 'sha1': '6cb1dec4a854173fb97ed71cb32c63e5835232e4', 'sha256': '91c95c4a5f62b8dd8b5e996a893f92c0770e0a294454b383a4a04b051c3bef13'}, 'dob': {'date': '1971-12-07T16:55:05.923Z', 'age': 52}, 'registered': {'date': '2013-05-19T21:10:53.621Z', 'age': 11}, 'phone': '(0063) 438619', 'cell': '(06) 29822340', 'id': {'name': 'BSN', 'value': '82811054'}, 'picture': {'large': 'https://randomuser.me/api/portraits/women/36.jpg', 'medium': 'https://randomuser.me/api/portraits/med/women/36.jpg', 'thumbnail': 'https://randomuser.me/api/portraits/thumb/women/36.jpg'}, 'nat': 'NL'}</msg>
<arg>${json_data['results'][0]}</arg>
<doc>Logs the given message with the given level.</doc>
<status status="PASS" start="2024-07-04T19:13:24.901834" elapsed="0.000421"/>
</kw>
<kw name="Log" owner="BuiltIn">
<msg time="2024-07-04T19:13:24.902723" level="INFO">gender</msg>
<arg>${key}</arg>
<doc>Logs the given message with the given level.</doc>
<status status="PASS" start="2024-07-04T19:13:24.902584" elapsed="0.000178"/>
</kw>
<var name="${key}">gender</var>
<status status="PASS" start="2024-07-04T19:13:24.901111" elapsed="0.001869"/>
</iter>
<iter>
<kw name="Dictionary Should Contain Key" owner="Collections">
<arg>${json_data['results'][0]}</arg>
<arg>${key}</arg>
<doc>Fails if ``key`` is not found from ``dictionary``.</doc>
<status status="PASS" start="2024-07-04T19:13:24.903289" elapsed="0.000393"/>
</kw>
<kw name="Log" owner="BuiltIn">
<msg time="2024-07-04T19:13:24.904258" level="INFO">{'gender': 'female', 'name': {'title': 'Miss', 'first': 'Loredana', 'last': 'Lagas'}, 'location': {'street': {'number': 6420, 'name': 'Honigkamp'}, 'city': 'Easterlittens', 'state': 'Overijssel', 'country': 'Netherlands', 'postcode': '2104 WN', 'coordinates': {'latitude': '38.2874', 'longitude': '78.6187'}, 'timezone': {'offset': '+10:00', 'description': 'Eastern Australia, Guam, Vladivostok'}}, 'email': 'loredana.lagas@example.com', 'login': {'uuid': '861fac3b-c4c3-412c-b175-db785d84a70b', 'username': 'goldensnake742', 'password': 'irene', 'salt': 'pUoglW7g', 'md5': 'c902ea1b21930d62793fded23c7d91fe', 'sha1': '6cb1dec4a854173fb97ed71cb32c63e5835232e4', 'sha256': '91c95c4a5f62b8dd8b5e996a893f92c0770e0a294454b383a4a04b051c3bef13'}, 'dob': {'date': '1971-12-07T16:55:05.923Z', 'age': 52}, 'registered': {'date': '2013-05-19T21:10:53.621Z', 'age': 11}, 'phone': '(0063) 438619', 'cell': '(06) 29822340', 'id': {'name': 'BSN', 'value': '82811054'}, 'picture': {'large': 'https://randomuser.me/api/portraits/women/36.jpg', 'medium': 'https://randomuser.me/api/portraits/med/women/36.jpg', 'thumbnail': 'https://randomuser.me/api/portraits/thumb/women/36.jpg'}, 'nat': 'NL'}</msg>
<arg>${json_data['results'][0]}</arg>
<doc>Logs the given message with the given level.</doc>
<status status="PASS" start="2024-07-04T19:13:24.903867" elapsed="0.000440"/>
</kw>
<kw name="Log" owner="BuiltIn">
<msg time="2024-07-04T19:13:24.904733" level="INFO">name</msg>
<arg>${key}</arg>
<doc>Logs the given message with the given level.</doc>
<status status="PASS" start="2024-07-04T19:13:24.904605" elapsed="0.000166"/>
</kw>
<var name="${key}">name</var>
<status status="PASS" start="2024-07-04T19:13:24.903171" elapsed="0.001817"/>
</iter>
<iter>
<kw name="Dictionary Should Contain Key" owner="Collections">
<arg>${json_data['results'][0]}</arg>
<arg>${key}</arg>
<doc>Fails if ``key`` is not found from ``dictionary``.</doc>
<status status="PASS" start="2024-07-04T19:13:24.905275" elapsed="0.000380"/>
</kw>
<kw name="Log" owner="BuiltIn">
<msg time="2024-07-04T19:13:24.906185" level="INFO">{'gender': 'female', 'name': {'title': 'Miss', 'first': 'Loredana', 'last': 'Lagas'}, 'location': {'street': {'number': 6420, 'name': 'Honigkamp'}, 'city': 'Easterlittens', 'state': 'Overijssel', 'country': 'Netherlands', 'postcode': '2104 WN', 'coordinates': {'latitude': '38.2874', 'longitude': '78.6187'}, 'timezone': {'offset': '+10:00', 'description': 'Eastern Australia, Guam, Vladivostok'}}, 'email': 'loredana.lagas@example.com', 'login': {'uuid': '861fac3b-c4c3-412c-b175-db785d84a70b', 'username': 'goldensnake742', 'password': 'irene', 'salt': 'pUoglW7g', 'md5': 'c902ea1b21930d62793fded23c7d91fe', 'sha1': '6cb1dec4a854173fb97ed71cb32c63e5835232e4', 'sha256': '91c95c4a5f62b8dd8b5e996a893f92c0770e0a294454b383a4a04b051c3bef13'}, 'dob': {'date': '1971-12-07T16:55:05.923Z', 'age': 52}, 'registered': {'date': '2013-05-19T21:10:53.621Z', 'age': 11}, 'phone': '(0063) 438619', 'cell': '(06) 29822340', 'id': {'name': 'BSN', 'value': '82811054'}, 'picture': {'large': 'https://randomuser.me/api/portraits/women/36.jpg', 'medium': 'https://randomuser.me/api/portraits/med/women/36.jpg', 'thumbnail': 'https://randomuser.me/api/portraits/thumb/women/36.jpg'}, 'nat': 'NL'}</msg>
<arg>${json_data['results'][0]}</arg>
<doc>Logs the given message with the given level.</doc>
<status status="PASS" start="2024-07-04T19:13:24.905838" elapsed="0.000404"/>
</kw>
<kw name="Log" owner="BuiltIn">
<msg time="2024-07-04T19:13:24.906705" level="INFO">location</msg>
<arg>${key}</arg>
<doc>Logs the given message with the given level.</doc>
<status status="PASS" start="2024-07-04T19:13:24.906560" elapsed="0.000183"/>
</kw>
<var name="${key}">location</var>
<status status="PASS" start="2024-07-04T19:13:24.905167" elapsed="0.001790"/>
</iter>
<iter>
<kw name="Dictionary Should Contain Key" owner="Collections">
<arg>${json_data['results'][0]}</arg>
<arg>${key}</arg>
<doc>Fails if ``key`` is not found from ``dictionary``.</doc>
<status status="PASS" start="2024-07-04T19:13:24.907237" elapsed="0.000386"/>
</kw>
<kw name="Log" owner="BuiltIn">
<msg time="2024-07-04T19:13:24.908154" level="INFO">{'gender': 'female', 'name': {'title': 'Miss', 'first': 'Loredana', 'last': 'Lagas'}, 'location': {'street': {'number': 6420, 'name': 'Honigkamp'}, 'city': 'Easterlittens', 'state': 'Overijssel', 'country': 'Netherlands', 'postcode': '2104 WN', 'coordinates': {'latitude': '38.2874', 'longitude': '78.6187'}, 'timezone': {'offset': '+10:00', 'description': 'Eastern Australia, Guam, Vladivostok'}}, 'email': 'loredana.lagas@example.com', 'login': {'uuid': '861fac3b-c4c3-412c-b175-db785d84a70b', 'username': 'goldensnake742', 'password': 'irene', 'salt': 'pUoglW7g', 'md5': 'c902ea1b21930d62793fded23c7d91fe', 'sha1': '6cb1dec4a854173fb97ed71cb32c63e5835232e4', 'sha256': '91c95c4a5f62b8dd8b5e996a893f92c0770e0a294454b383a4a04b051c3bef13'}, 'dob': {'date': '1971-12-07T16:55:05.923Z', 'age': 52}, 'registered': {'date': '2013-05-19T21:10:53.621Z', 'age': 11}, 'phone': '(0063) 438619', 'cell': '(06) 29822340', 'id': {'name': 'BSN', 'value': '82811054'}, 'picture': {'large': 'https://randomuser.me/api/portraits/women/36.jpg', 'medium': 'https://randomuser.me/api/portraits/med/women/36.jpg', 'thumbnail': 'https://randomuser.me/api/portraits/thumb/women/36.jpg'}, 'nat': 'NL'}</msg>
<arg>${json_data['results'][0]}</arg>
<doc>Logs the given message with the given level.</doc>
<status status="PASS" start="2024-07-04T19:13:24.907808" elapsed="0.000395"/>
</kw>
<kw name="Log" owner="BuiltIn">
<msg time="2024-07-04T19:13:24.908635" level="INFO">email</msg>
<arg>${key}</arg>
<doc>Logs the given message with the given level.</doc>
<status status="PASS" start="2024-07-04T19:13:24.908510" elapsed="0.000163"/>
</kw>
<var name="${key}">email</var>
<status status="PASS" start="2024-07-04T19:13:24.907127" elapsed="0.001763"/>
</iter>
<iter>
<kw name="Dictionary Should Contain Key" owner="Collections">
<arg>${json_data['results'][0]}</arg>
<arg>${key}</arg>
<doc>Fails if ``key`` is not found from ``dictionary``.</doc>
<status status="PASS" start="2024-07-04T19:13:24.909174" elapsed="0.000386"/>
</kw>
<kw name="Log" owner="BuiltIn">
<msg time="2024-07-04T19:13:24.910120" level="INFO">{'gender': 'female', 'name': {'title': 'Miss', 'first': 'Loredana', 'last': 'Lagas'}, 'location': {'street': {'number': 6420, 'name': 'Honigkamp'}, 'city': 'Easterlittens', 'state': 'Overijssel', 'country': 'Netherlands', 'postcode': '2104 WN', 'coordinates': {'latitude': '38.2874', 'longitude': '78.6187'}, 'timezone': {'offset': '+10:00', 'description': 'Eastern Australia, Guam, Vladivostok'}}, 'email': 'loredana.lagas@example.com', 'login': {'uuid': '861fac3b-c4c3-412c-b175-db785d84a70b', 'username': 'goldensnake742', 'password': 'irene', 'salt': 'pUoglW7g', 'md5': 'c902ea1b21930d62793fded23c7d91fe', 'sha1': '6cb1dec4a854173fb97ed71cb32c63e5835232e4', 'sha256': '91c95c4a5f62b8dd8b5e996a893f92c0770e0a294454b383a4a04b051c3bef13'}, 'dob': {'date': '1971-12-07T16:55:05.923Z', 'age': 52}, 'registered': {'date': '2013-05-19T21:10:53.621Z', 'age': 11}, 'phone': '(0063) 438619', 'cell': '(06) 29822340', 'id': {'name': 'BSN', 'value': '82811054'}, 'picture': {'large': 'https://randomuser.me/api/portraits/women/36.jpg', 'medium': 'https://randomuser.me/api/portraits/med/women/36.jpg', 'thumbnail': 'https://randomuser.me/api/portraits/thumb/women/36.jpg'}, 'nat': 'NL'}</msg>
<arg>${json_data['results'][0]}</arg>
<doc>Logs the given message with the given level.</doc>
<status status="PASS" start="2024-07-04T19:13:24.909741" elapsed="0.000429"/>
</kw>
<kw name="Log" owner="BuiltIn">
<msg time="2024-07-04T19:13:24.910628" level="INFO">login</msg>
<arg>${key}</arg>
<doc>Logs the given message with the given level.</doc>
<status status="PASS" start="2024-07-04T19:13:24.910465" elapsed="0.000203"/>
</kw>
<var name="${key}">login</var>
<status status="PASS" start="2024-07-04T19:13:24.909060" elapsed="0.001823"/>
</iter>
<var>${key}</var>
<value>@{expected_keys}</value>
<status status="PASS" start="2024-07-04T19:13:24.900916" elapsed="0.010087"/>
</for>
<kw name="Create List" owner="BuiltIn">
<msg time="2024-07-04T19:13:24.911371" level="INFO">${expected_keysTwo} = ['username', 'password']</msg>
<var>${expected_keysTwo}</var>
<arg>username</arg>
<arg>password</arg>
<doc>Returns a list containing given items.</doc>
<status status="PASS" start="2024-07-04T19:13:24.911226" elapsed="0.000170"/>
</kw>
<for flavor="IN">
<iter>
<kw name="Dictionary Should Contain Key" owner="Collections">
<arg>${json_data['results'][0]['login']}</arg>
<arg>${keyTwo}</arg>
<doc>Fails if ``key`` is not found from ``dictionary``.</doc>
<status status="PASS" start="2024-07-04T19:13:24.911891" elapsed="0.000473"/>
</kw>
<kw name="Dictionary Should Contain Key" owner="Collections">
<arg>${json_data['results'][0]['login']}</arg>
<arg>${keyTwo}</arg>
<doc>Fails if ``key`` is not found from ``dictionary``.</doc>
<status status="PASS" start="2024-07-04T19:13:24.912547" elapsed="0.000379"/>
</kw>
<kw name="Log" owner="BuiltIn">
<msg time="2024-07-04T19:13:24.913234" level="INFO">username</msg>
<arg>${keyTwo}</arg>
<doc>Logs the given message with the given level.</doc>
<status status="PASS" start="2024-07-04T19:13:24.913113" elapsed="0.000159"/>
</kw>
<var name="${keyTwo}">username</var>
<status status="PASS" start="2024-07-04T19:13:24.911785" elapsed="0.001709"/>
</iter>
<iter>
<kw name="Dictionary Should Contain Key" owner="Collections">
<arg>${json_data['results'][0]['login']}</arg>
<arg>${keyTwo}</arg>
<doc>Fails if ``key`` is not found from ``dictionary``.</doc>
<status status="PASS" start="2024-07-04T19:13:24.913772" elapsed="0.000380"/>
</kw>
<kw name="Dictionary Should Contain Key" owner="Collections">
<arg>${json_data['results'][0]['login']}</arg>
<arg>${keyTwo}</arg>
<doc>Fails if ``key`` is not found from ``dictionary``.</doc>
<status status="PASS" start="2024-07-04T19:13:24.914417" elapsed="0.000414"/>
</kw>
<kw name="Log" owner="BuiltIn">
<msg time="2024-07-04T19:13:24.915130" level="INFO">password</msg>
<arg>${keyTwo}</arg>
<doc>Logs the given message with the given level.</doc>
<status status="PASS" start="2024-07-04T19:13:24.915011" elapsed="0.000162"/>
</kw>
<var name="${keyTwo}">password</var>
<status status="PASS" start="2024-07-04T19:13:24.913665" elapsed="0.001824"/>
</iter>
<var>${keyTwo}</var>
<value>@{expected_keysTwo}</value>
<status status="PASS" start="2024-07-04T19:13:24.911633" elapsed="0.003979"/>
</for>
<status status="PASS" start="2024-07-04T19:13:24.780555" elapsed="0.135199"/>
</kw>
<doc>Testa a estrutura da resposta da API.</doc>
<tag>testeEstruturaResposta</tag>
<status status="PASS" start="2024-07-04T19:13:24.779931" elapsed="0.135970"/>
</test>
<test id="s1-s1-t4" name="Validar tipos de dados" line="28">
<kw name="Teste de Tipos de Dados" owner="random-user-service">
<kw name="GET On Session" owner="RequestsLibrary">
<msg time="2024-07-04T19:13:25.020727" level="INFO">GET Request : url=https://randomuser.me/api 
 path_url=/api 
 headers={'User-Agent': 'python-requests/2.32.3', 'Accept-Encoding': 'gzip, deflate', 'Accept': '*/*', 'Connection': 'keep-alive'} 
 body=None 
 </msg>
<msg time="2024-07-04T19:13:25.020826" level="INFO">GET Response : url=https://randomuser.me/api 
 status=200, reason=OK 
 headers={'Date': 'Thu, 04 Jul 2024 19:13:25 GMT', 'Content-Type': 'application/json; charset=utf-8', 'Transfer-Encoding': 'chunked', 'Connection': 'keep-alive', 'X-Powered-By': 'Express', 'Access-Control-Allow-Origin': '*', 'Cache-Control': 'no-cache', 'ETag': 'W/"496-U4c+vhicezVyaM8a/XcvHgPR6mE"', 'Vary': 'Accept-Encoding', 'Content-Encoding': 'gzip', 'CF-Cache-Status': 'DYNAMIC', 'Report-To': '{"endpoints":[{"url":"https:\\/\\/a.nel.cloudflare.com\\/report\\/v4?s=GXKc5P8%2BimJqhaTHXh7%2FOoWUSHUgqRE%2BC7SQbXEJ76I4pMpTggTvqWwmTXuN6IH4bvU1vC4c7fOYGeSSLI%2FXU51qt6KvEoiQiepUBNrSnw6uIti44bx59so1bns4VQj8"}],"group":"cf-nel","max_age":604800}', 'NEL': '{"success_fraction":0,"report_to":"cf-nel","max_age":604800}', 'Server': 'cloudflare', 'CF-RAY': '89e16eb2cf9414f0-LAX', 'alt-svc': 'h3=":443"; ma=86400'} 
 body={"results":[{"gender":"female","name":{"title":"Ms","first":"Yasemin","last":"Yıldırım"},"location":{"street":{"number":1079,"name":"Mevlana Cd"},"city":"Nevşehir","state":"Amasya","country":"Turkey","postcode":34761,"coordinates":{"latitude":"70.9764","longitude":"64.9416"},"timezone":{"offset":"-5:00","description":"Eastern Time (US &amp; Canada), Bogota, Lima"}},"email":"yasemin.yildirim@example.com","login":{"uuid":"feb41e90-4f3f-4a74-a410-b2756181503b","username":"beautifulpanda241","password":"back","salt":"9m9PDs3r","md5":"47ff98fcd10c0633057ec9b05514661e","sha1":"1a3154c31a8dbfd30490805eeed5b2c6c1134e49","sha256":"5ac9434849f88b9aa535397febf4770695e7784fe9f04989746bea837c773d73"},"dob":{"date":"1970-04-06T12:11:42.038Z","age":54},"registered":{"date":"2009-06-03T10:27:06.782Z","age":15},"phone":"(151)-301-7921","cell":"(300)-431-4325","id":{"name":"","value":null},"picture":{"large":"https://randomuser.me/api/portraits/women/41.jpg","medium":"https://randomuser.me/api/portraits/med/women/41.jpg","thumbnail":"https://randomuser.me/api/portraits/thumb/women/41.jpg"},"nat":"TR"}],"info":{"seed":"a06ec64d96c44b82","results":1,"page":1,"version":"1.4"}} 
 </msg>
<msg time="2024-07-04T19:13:25.020912" level="INFO">/opt/hostedtoolcache/Python/3.12.4/x64/lib/python3.12/site-packages/urllib3/connectionpool.py:1099: InsecureRequestWarning: Unverified HTTPS request is being made to host 'randomuser.me'. Adding certificate verification is strongly advised. See: https://urllib3.readthedocs.io/en/latest/advanced-usage.html#tls-warnings
  warnings.warn(</msg>
<msg time="2024-07-04T19:13:25.021034" level="INFO">${response} = &lt;Response [200]&gt;</msg>
<var>${response}</var>
<arg>consultarAPI</arg>
<arg>/api</arg>
<doc>Sends a GET request on a previously created HTTP Session.</doc>
<status status="PASS" start="2024-07-04T19:13:24.918330" elapsed="0.102747"/>
</kw>
<kw name="Set Variable" owner="BuiltIn">
<msg time="2024-07-04T19:13:25.021944" level="INFO">${json_data} = {'results': [{'gender': 'female', 'name': {'title': 'Ms', 'first': 'Yasemin', 'last': 'Yıldırım'}, 'location': {'street': {'number': 1079, 'name': 'Mevlana Cd'}, 'city': 'Nevşehir', 'state': 'Amasya',...</msg>
<var>${json_data}</var>
<arg>${response.json()}</arg>
<doc>Returns the given values which can then be assigned to a variables.</doc>
<status status="PASS" start="2024-07-04T19:13:25.021473" elapsed="0.000507"/>
</kw>
<kw name="Log" owner="BuiltIn">
<msg time="2024-07-04T19:13:25.022447" level="INFO">{'results': [{'gender': 'female', 'name': {'title': 'Ms', 'first': 'Yasemin', 'last': 'Yıldırım'}, 'location': {'street': {'number': 1079, 'name': 'Mevlana Cd'}, 'city': 'Nevşehir', 'state': 'Amasya', 'country': 'Turkey', 'postcode': 34761, 'coordinates': {'latitude': '70.9764', 'longitude': '64.9416'}, 'timezone': {'offset': '-5:00', 'description': 'Eastern Time (US &amp; Canada), Bogota, Lima'}}, 'email': 'yasemin.yildirim@example.com', 'login': {'uuid': 'feb41e90-4f3f-4a74-a410-b2756181503b', 'username': 'beautifulpanda241', 'password': 'back', 'salt': '9m9PDs3r', 'md5': '47ff98fcd10c0633057ec9b05514661e', 'sha1': '1a3154c31a8dbfd30490805eeed5b2c6c1134e49', 'sha256': '5ac9434849f88b9aa535397febf4770695e7784fe9f04989746bea837c773d73'}, 'dob': {'date': '1970-04-06T12:11:42.038Z', 'age': 54}, 'registered': {'date': '2009-06-03T10:27:06.782Z', 'age': 15}, 'phone': '(151)-301-7921', 'cell': '(300)-431-4325', 'id': {'name': '', 'value': None}, 'picture': {'large': 'https://randomuser.me/api/portraits/women/41.jpg', 'medium': 'https://randomuser.me/api/portraits/med/women/41.jpg', 'thumbnail': 'https://randomuser.me/api/portraits/thumb/women/41.jpg'}, 'nat': 'TR'}], 'info': {'seed': 'a06ec64d96c44b82', 'results': 1, 'page': 1, 'version': '1.4'}}</msg>
<arg>${json_data}</arg>
<doc>Logs the given message with the given level.</doc>
<status status="PASS" start="2024-07-04T19:13:25.022286" elapsed="0.000255"/>
</kw>
<kw name="Should Be String" owner="String">
<arg>${json_data['results'][0]['gender']}</arg>
<doc>Fails if the given ``item`` is not a string.</doc>
<status status="PASS" start="2024-07-04T19:13:25.022862" elapsed="0.000362"/>
</kw>
<kw name="Should Match Regexp" owner="BuiltIn">
<arg>${json_data['results'][0]['email']}</arg>
<arg>^[a-zA-Z0-9._%+-]+@[a-zA-Z0-9.-]+\.[a-zA-Z]{2,}$</arg>
<doc>Fails if ``string`` does not match ``pattern`` as a regular expression.</doc>
<status status="PASS" start="2024-07-04T19:13:25.023458" elapsed="0.000514"/>
</kw>
<kw name="Should Match Regexp" owner="BuiltIn">
<arg>${json_data['results'][0]['dob']['date']}</arg>
<arg>\\d{4}-\\d{2}-\\d{2}T\\d{2}:\\d{2}:\\d{2}\\.\\d{3}Z</arg>
<doc>Fails if ``string`` does not match ``pattern`` as a regular expression.</doc>
<status status="PASS" start="2024-07-04T19:13:25.024162" elapsed="0.000474"/>
</kw>
<kw name="Should Match Regexp" owner="BuiltIn">
<arg>${json_data['results'][0]['registered']['date']}</arg>
<arg>\\d{4}-\\d{2}-\\d{2}T\\d{2}:\\d{2}:\\d{2}\\.\\d{3}Z</arg>
<doc>Fails if ``string`` does not match ``pattern`` as a regular expression.</doc>
<status status="PASS" start="2024-07-04T19:13:25.024823" elapsed="0.000360"/>
</kw>
<kw name="Should Match Regexp" owner="BuiltIn">
<arg>${json_data['results'][0]['picture']['large']}</arg>
<arg>^https?://.*\.(?:png|jpe?g|gif|bmp)$</arg>
<doc>Fails if ``string`` does not match ``pattern`` as a regular expression.</doc>
<status status="PASS" start="2024-07-04T19:13:25.025363" elapsed="0.000453"/>
</kw>
<kw name="Should Match Regexp" owner="BuiltIn">
<arg>${json_data['results'][0]['picture']['medium']}</arg>
<arg>^https?://.*\.(?:png|jpe?g|gif|bmp)$</arg>
<doc>Fails if ``string`` does not match ``pattern`` as a regular expression.</doc>
<status status="PASS" start="2024-07-04T19:13:25.026004" elapsed="0.000350"/>
</kw>
<kw name="Should Match Regexp" owner="BuiltIn">
<arg>${json_data['results'][0]['picture']['thumbnail']}</arg>
<arg>^https?://.*\.(?:png|jpe?g|gif|bmp)$</arg>
<doc>Fails if ``string`` does not match ``pattern`` as a regular expression.</doc>
<status status="PASS" start="2024-07-04T19:13:25.026560" elapsed="0.000356"/>
</kw>
<kw name="Log" owner="BuiltIn">
<msg time="2024-07-04T19:13:25.027428" level="INFO">{'large': 'https://randomuser.me/api/portraits/women/41.jpg', 'medium': 'https://randomuser.me/api/portraits/med/women/41.jpg', 'thumbnail': 'https://randomuser.me/api/portraits/thumb/women/41.jpg'}</msg>
<arg>${json_data['results'][0]['picture']}</arg>
<doc>Logs the given message with the given level.</doc>
<status status="PASS" start="2024-07-04T19:13:25.027098" elapsed="0.000372"/>
</kw>
<status status="PASS" start="2024-07-04T19:13:24.918108" elapsed="0.109614"/>
</kw>
<kw name="Teste de Tipos de Dados - Postcode" owner="random-user-service">
<kw name="GET On Session" owner="RequestsLibrary">
<msg time="2024-07-04T19:13:25.136371" level="INFO">GET Request : url=https://randomuser.me/api 
 path_url=/api 
 headers={'User-Agent': 'python-requests/2.32.3', 'Accept-Encoding': 'gzip, deflate', 'Accept': '*/*', 'Connection': 'keep-alive'} 
 body=None 
 </msg>
<msg time="2024-07-04T19:13:25.136469" level="INFO">GET Response : url=https://randomuser.me/api 
 status=200, reason=OK 
 headers={'Date': 'Thu, 04 Jul 2024 19:13:25 GMT', 'Content-Type': 'application/json; charset=utf-8', 'Transfer-Encoding': 'chunked', 'Connection': 'keep-alive', 'X-Powered-By': 'Express', 'Access-Control-Allow-Origin': '*', 'Cache-Control': 'no-cache', 'ETag': 'W/"47a-4+LZ5W7v095LDDLd/oC0OyTw0IY"', 'Vary': 'Accept-Encoding', 'Content-Encoding': 'gzip', 'CF-Cache-Status': 'DYNAMIC', 'Report-To': '{"endpoints":[{"url":"https:\\/\\/a.nel.cloudflare.com\\/report\\/v4?s=3%2BnYx2BtBsvt%2BeytqLHaLdfH1Vk%2Fa9JWs0lAXYB9oP0jqvz9ya5KTX5ZUxOq6ZA1B0an%2FoGFRVviLrJdUhP2krmVn6tyXnrbHVkBpcWM4SB8vy02ibMAQcWMj9GXscik"}],"group":"cf-nel","max_age":604800}', 'NEL': '{"success_fraction":0,"report_to":"cf-nel","max_age":604800}', 'Server': 'cloudflare', 'CF-RAY': '89e16eb3786e14f0-LAX', 'alt-svc': 'h3=":443"; ma=86400'} 
 body={"results":[{"gender":"male","name":{"title":"Mr","first":"Gustavo","last":"Cavazos"},"location":{"street":{"number":3966,"name":"Andador Ulloa"},"city":"Chemuyil","state":"Tlaxcala","country":"Mexico","postcode":85265,"coordinates":{"latitude":"26.4115","longitude":"-65.2873"},"timezone":{"offset":"-9:00","description":"Alaska"}},"email":"gustavo.cavazos@example.com","login":{"uuid":"631612ed-96ea-47a4-beb5-6c4b8273cb87","username":"redgoose486","password":"trouble1","salt":"Ky5PDPqo","md5":"d24c193ad93ef1bc1675c77d80208314","sha1":"22c8f628a22b6bed7b529ffea14f0578a31c18e0","sha256":"751e7f54743380dbde2269c0e7ad494b8766d2965bf03e3e5ba0deccc0f20c84"},"dob":{"date":"1989-03-09T20:34:56.590Z","age":35},"registered":{"date":"2008-03-15T00:00:14.976Z","age":16},"phone":"(651) 427 7544","cell":"(667) 040 0908","id":{"name":"NSS","value":"15 64 46 7438 1"},"picture":{"large":"https://randomuser.me/api/portraits/men/71.jpg","medium":"https://randomuser.me/api/portraits/med/men/71.jpg","thumbnail":"https://randomuser.me/api/portraits/thumb/men/71.jpg"},"nat":"MX"}],"info":{"seed":"07b1ef0cf13e7e4e","results":1,"page":1,"version":"1.4"}} 
 </msg>
<msg time="2024-07-04T19:13:25.136546" level="INFO">/opt/hostedtoolcache/Python/3.12.4/x64/lib/python3.12/site-packages/urllib3/connectionpool.py:1099: InsecureRequestWarning: Unverified HTTPS request is being made to host 'randomuser.me'. Adding certificate verification is strongly advised. See: https://urllib3.readthedocs.io/en/latest/advanced-usage.html#tls-warnings
  warnings.warn(</msg>
<msg time="2024-07-04T19:13:25.136659" level="INFO">${response} = &lt;Response [200]&gt;</msg>
<var>${response}</var>
<arg>consultarAPI</arg>
<arg>/api</arg>
<doc>Sends a GET request on a previously created HTTP Session.</doc>
<status status="PASS" start="2024-07-04T19:13:25.028150" elapsed="0.108549"/>
</kw>
<kw name="Set Variable" owner="BuiltIn">
<msg time="2024-07-04T19:13:25.137611" level="INFO">${json_data} = {'results': [{'gender': 'male', 'name': {'title': 'Mr', 'first': 'Gustavo', 'last': 'Cavazos'}, 'location': {'street': {'number': 3966, 'name': 'Andador Ulloa'}, 'city': 'Chemuyil', 'state': 'Tlaxcala...</msg>
<var>${json_data}</var>
<arg>${response.json()}</arg>
<doc>Returns the given values which can then be assigned to a variables.</doc>
<status status="PASS" start="2024-07-04T19:13:25.137176" elapsed="0.000463"/>
</kw>
<kw name="Log" owner="BuiltIn">
<msg time="2024-07-04T19:13:25.138093" level="INFO">{'results': [{'gender': 'male', 'name': {'title': 'Mr', 'first': 'Gustavo', 'last': 'Cavazos'}, 'location': {'street': {'number': 3966, 'name': 'Andador Ulloa'}, 'city': 'Chemuyil', 'state': 'Tlaxcala', 'country': 'Mexico', 'postcode': 85265, 'coordinates': {'latitude': '26.4115', 'longitude': '-65.2873'}, 'timezone': {'offset': '-9:00', 'description': 'Alaska'}}, 'email': 'gustavo.cavazos@example.com', 'login': {'uuid': '631612ed-96ea-47a4-beb5-6c4b8273cb87', 'username': 'redgoose486', 'password': 'trouble1', 'salt': 'Ky5PDPqo', 'md5': 'd24c193ad93ef1bc1675c77d80208314', 'sha1': '22c8f628a22b6bed7b529ffea14f0578a31c18e0', 'sha256': '751e7f54743380dbde2269c0e7ad494b8766d2965bf03e3e5ba0deccc0f20c84'}, 'dob': {'date': '1989-03-09T20:34:56.590Z', 'age': 35}, 'registered': {'date': '2008-03-15T00:00:14.976Z', 'age': 16}, 'phone': '(651) 427 7544', 'cell': '(667) 040 0908', 'id': {'name': 'NSS', 'value': '15 64 46 7438 1'}, 'picture': {'large': 'https://randomuser.me/api/portraits/men/71.jpg', 'medium': 'https://randomuser.me/api/portraits/med/men/71.jpg', 'thumbnail': 'https://randomuser.me/api/portraits/thumb/men/71.jpg'}, 'nat': 'MX'}], 'info': {'seed': '07b1ef0cf13e7e4e', 'results': 1, 'page': 1, 'version': '1.4'}}</msg>
<arg>${json_data}</arg>
<doc>Logs the given message with the given level.</doc>
<status status="PASS" start="2024-07-04T19:13:25.137939" elapsed="0.000200"/>
</kw>
<kw name="Should Be Equal As Numbers" owner="BuiltIn">
<arg>${json_data['results'][0]['location']['postcode']}</arg>
<arg>${json_data['results'][0]['location']['postcode']}</arg>
<doc>Fails if objects are unequal after converting them to real numbers.</doc>
<status status="PASS" start="2024-07-04T19:13:25.138426" elapsed="0.000670"/>
</kw>
<kw name="Log" owner="BuiltIn">
<msg time="2024-07-04T19:13:25.139791" level="INFO">85265</msg>
<arg>${json_data['results'][0]['location']['postcode']}</arg>
<doc>Logs the given message with the given level.</doc>
<status status="PASS" start="2024-07-04T19:13:25.139327" elapsed="0.000506"/>
</kw>
<status status="PASS" start="2024-07-04T19:13:25.027933" elapsed="0.112152"/>
</kw>
<doc>Testa se os tipos de dados na resposta da API estão corretos.</doc>
<tag>testeTiposDados</tag>
<status status="PASS" start="2024-07-04T19:13:24.917654" elapsed="0.222589"/>
</test>
<test id="s1-s1-t5" name="Validar conteudo" line="35">
<kw name="Teste de Tipos de Conteudo" owner="random-user-service">
<kw name="GET On Session" owner="RequestsLibrary">
<msg time="2024-07-04T19:13:25.460899" level="INFO">GET Request : url=https://randomuser.me/api 
 path_url=/api 
 headers={'User-Agent': 'python-requests/2.32.3', 'Accept-Encoding': 'gzip, deflate', 'Accept': '*/*', 'Connection': 'keep-alive'} 
 body=None 
 </msg>
<msg time="2024-07-04T19:13:25.460997" level="INFO">GET Response : url=https://randomuser.me/api 
 status=200, reason=OK 
 headers={'Date': 'Thu, 04 Jul 2024 19:13:25 GMT', 'Content-Type': 'application/json; charset=utf-8', 'Transfer-Encoding': 'chunked', 'Connection': 'keep-alive', 'X-Powered-By': 'Express', 'Access-Control-Allow-Origin': '*', 'Cache-Control': 'no-cache', 'ETag': 'W/"475-9kU7JIvYOux0NkjFeOmlXGkhZbU"', 'Vary': 'Accept-Encoding', 'Content-Encoding': 'gzip', 'CF-Cache-Status': 'DYNAMIC', 'Report-To': '{"endpoints":[{"url":"https:\\/\\/a.nel.cloudflare.com\\/report\\/v4?s=6q8zOOO1euPFCv7PNEWtW%2Bcv1e2IHTypRe5nZ%2F02a5kmtLt5P82FmOOtcDDVINHabdn3xwUch4NU4DZcJ2MuQ562zsaLH5As3Zu6%2BpfStDCjmuCPeY8BdXqsE5E%2F51uQ"}],"group":"cf-nel","max_age":604800}', 'NEL': '{"success_fraction":0,"report_to":"cf-nel","max_age":604800}', 'Server': 'cloudflare', 'CF-RAY': '89e16eb4294614f0-LAX', 'alt-svc': 'h3=":443"; ma=86400'} 
 body={"results":[{"gender":"male","name":{"title":"Mr","first":"Kornilo","last":"Gapon"},"location":{"street":{"number":8591,"name":"Pohila"},"city":"Berdichiv","state":"Zhitomirska","country":"Ukraine","postcode":66638,"coordinates":{"latitude":"76.2333","longitude":"-87.3424"},"timezone":{"offset":"-1:00","description":"Azores, Cape Verde Islands"}},"email":"kornilo.gapon@example.com","login":{"uuid":"726db03a-9b72-4195-b7a4-71c7d07db1d0","username":"purplefish493","password":"ivan","salt":"JSDjfKvl","md5":"549402eb735d0b3c13779f2198e73b78","sha1":"a31fbb77ff405015ccfc68ab5a55382eab0cb25f","sha256":"8d03263709e296d6655f56c16884d0644a9a0c47f40a20fff7d2b5836a8b224c"},"dob":{"date":"1949-04-20T00:53:57.416Z","age":75},"registered":{"date":"2018-07-11T13:03:15.417Z","age":5},"phone":"(099) B48-6080","cell":"(099) I74-0591","id":{"name":"","value":null},"picture":{"large":"https://randomuser.me/api/portraits/men/49.jpg","medium":"https://randomuser.me/api/portraits/med/men/49.jpg","thumbnail":"https://randomuser.me/api/portraits/thumb/men/49.jpg"},"nat":"UA"}],"info":{"seed":"335f10f682af4e83","results":1,"page":1,"version":"1.4"}} 
 </msg>
<msg time="2024-07-04T19:13:25.461065" level="INFO">/opt/hostedtoolcache/Python/3.12.4/x64/lib/python3.12/site-packages/urllib3/connectionpool.py:1099: InsecureRequestWarning: Unverified HTTPS request is being made to host 'randomuser.me'. Adding certificate verification is strongly advised. See: https://urllib3.readthedocs.io/en/latest/advanced-usage.html#tls-warnings
  warnings.warn(</msg>
<msg time="2024-07-04T19:13:25.461188" level="INFO">${response} = &lt;Response [200]&gt;</msg>
<var>${response}</var>
<arg>consultarAPI</arg>
<arg>/api</arg>
<doc>Sends a GET request on a previously created HTTP Session.</doc>
<status status="PASS" start="2024-07-04T19:13:25.142636" elapsed="0.318593"/>
</kw>
<kw name="Set Variable" owner="BuiltIn">
<msg time="2024-07-04T19:13:25.462263" level="INFO">${json_data} = {'results': [{'gender': 'male', 'name': {'title': 'Mr', 'first': 'Kornilo', 'last': 'Gapon'}, 'location': {'street': {'number': 8591, 'name': 'Pohila'}, 'city': 'Berdichiv', 'state': 'Zhitomirska', 'c...</msg>
<var>${json_data}</var>
<arg>${response.json()}</arg>
<doc>Returns the given values which can then be assigned to a variables.</doc>
<status status="PASS" start="2024-07-04T19:13:25.461749" elapsed="0.000542"/>
</kw>
<kw name="Set Variable" owner="BuiltIn">
<msg time="2024-07-04T19:13:25.463018" level="INFO">${name_title} = Mr</msg>
<var>${name_title}</var>
<arg>${json_data["results"][0]["name"]["title"]}</arg>
<doc>Returns the given values which can then be assigned to a variables.</doc>
<status status="PASS" start="2024-07-04T19:13:25.462641" elapsed="0.000402"/>
</kw>
<kw name="Create List" owner="BuiltIn">
<msg time="2024-07-04T19:13:25.463484" level="INFO">${allowed_titles} = ['Mr', 'Ms', 'Miss', 'Mrs', 'Madame', 'Monsieur']</msg>
<var>${allowed_titles}</var>
<arg>Mr</arg>
<arg>Ms</arg>
<arg>Miss</arg>
<arg>Mrs</arg>
<arg>Madame</arg>
<arg>Monsieur</arg>
<doc>Returns a list containing given items.</doc>
<status status="PASS" start="2024-07-04T19:13:25.463338" elapsed="0.000170"/>
</kw>
<kw name="List Should Contain Value" owner="Collections">
<arg>${allowed_titles}</arg>
<arg>${name_title}</arg>
<doc>Fails if the ``value`` is not found from ``list``.</doc>
<status status="PASS" start="2024-07-04T19:13:25.463799" elapsed="0.000181"/>
</kw>
<kw name="Set Variable" owner="BuiltIn">
<msg time="2024-07-04T19:13:25.464525" level="INFO">${name_country} = UA</msg>
<var>${name_country}</var>
<arg>${json_data["results"][0]["nat"]}</arg>
<doc>Returns the given values which can then be assigned to a variables.</doc>
<status status="PASS" start="2024-07-04T19:13:25.464162" elapsed="0.000388"/>
</kw>
<kw name="Create List" owner="BuiltIn">
<msg time="2024-07-04T19:13:25.465427" level="INFO">${list_country} = ['AD', 'AE', 'AF', 'AG', 'AI', 'AL', 'AM', 'AO', 'AQ', 'AR', 'AS', 'AT', 'AU', 'AW', 'AX', 'AZ', 'BA', 'BB', 'BD', 'BE', 'BF', 'BG', 'BH', 'BI', 'BJ', 'BL', 'BM', 'BN', 'BO', 'BQ', 'BR', 'BS', 'BT', '...</msg>
<var>${list_country}</var>
<arg>AD</arg>
<arg>AE</arg>
<arg>AF</arg>
<arg>AG</arg>
<arg>AI</arg>
<arg>AL</arg>
<arg>AM</arg>
<arg>AO</arg>
<arg>AQ</arg>
<arg>AR</arg>
<arg>AS</arg>
<arg>AT</arg>
<arg>AU</arg>
<arg>AW</arg>
<arg>AX</arg>
<arg>AZ</arg>
<arg>BA</arg>
<arg>BB</arg>
<arg>BD</arg>
<arg>BE</arg>
<arg>BF</arg>
<arg>BG</arg>
<arg>BH</arg>
<arg>BI</arg>
<arg>BJ</arg>
<arg>BL</arg>
<arg>BM</arg>
<arg>BN</arg>
<arg>BO</arg>
<arg>BQ</arg>
<arg>BR</arg>
<arg>BS</arg>
<arg>BT</arg>
<arg>BV</arg>
<arg>BW</arg>
<arg>BY</arg>
<arg>BZ</arg>
<arg>CA</arg>
<arg>CC</arg>
<arg>CD</arg>
<arg>CF</arg>
<arg>CG</arg>
<arg>CH</arg>
<arg>CI</arg>
<arg>CK</arg>
<arg>CL</arg>
<arg>CM</arg>
<arg>CN</arg>
<arg>CO</arg>
<arg>CR</arg>
<arg>CU</arg>
<arg>CV</arg>
<arg>CW</arg>
<arg>CX</arg>
<arg>CY</arg>
<arg>CZ</arg>
<arg>DE</arg>
<arg>DJ</arg>
<arg>DK</arg>
<arg>DM</arg>
<arg>DO</arg>
<arg>DZ</arg>
<arg>EC</arg>
<arg>EE</arg>
<arg>EG</arg>
<arg>EH</arg>
<arg>ER</arg>
<arg>ES</arg>
<arg>ET</arg>
<arg>FI</arg>
<arg>FJ</arg>
<arg>FK</arg>
<arg>FM</arg>
<arg>FO</arg>
<arg>FR</arg>
<arg>GA</arg>
<arg>GB</arg>
<arg>GD</arg>
<arg>GE</arg>
<arg>GF</arg>
<arg>GG</arg>
<arg>GH</arg>
<arg>GI</arg>
<arg>GL</arg>
<arg>GM</arg>
<arg>GN</arg>
<arg>GP</arg>
<arg>GQ</arg>
<arg>GR</arg>
<arg>GS</arg>
<arg>GT</arg>
<arg>GU</arg>
<arg>GW</arg>
<arg>GY</arg>
<arg>HK</arg>
<arg>HM</arg>
<arg>HN</arg>
<arg>HR</arg>
<arg>HT</arg>
<arg>HU</arg>
<arg>ID</arg>
<arg>IE</arg>
<arg>IL</arg>
<arg>IM</arg>
<arg>IN</arg>
<arg>IO</arg>
<arg>IQ</arg>
<arg>IR</arg>
<arg>IS</arg>
<arg>IT</arg>
<arg>JE</arg>
<arg>JM</arg>
<arg>JO</arg>
<arg>JP</arg>
<arg>KE</arg>
<arg>KG</arg>
<arg>KH</arg>
<arg>KI</arg>
<arg>KM</arg>
<arg>KN</arg>
<arg>KP</arg>
<arg>KR</arg>
<arg>KW</arg>
<arg>KY</arg>
<arg>KZ</arg>
<arg>LA</arg>
<arg>LB</arg>
<arg>LC</arg>
<arg>LI</arg>
<arg>LK</arg>
<arg>LR</arg>
<arg>LS</arg>
<arg>LT</arg>
<arg>LU</arg>
<arg>LV</arg>
<arg>LY</arg>
<arg>MA</arg>
<arg>MC</arg>
<arg>MD</arg>
<arg>ME</arg>
<arg>MF</arg>
<arg>MG</arg>
<arg>MH</arg>
<arg>MK</arg>
<arg>ML</arg>
<arg>MM</arg>
<arg>MN</arg>
<arg>MO</arg>
<arg>MP</arg>
<arg>MQ</arg>
<arg>MR</arg>
<arg>MS</arg>
<arg>MT</arg>
<arg>MU</arg>
<arg>MV</arg>
<arg>MW</arg>
<arg>MX</arg>
<arg>MY</arg>
<arg>MZ</arg>
<arg>NA</arg>
<arg>NC</arg>
<arg>NE</arg>
<arg>NF</arg>
<arg>NG</arg>
<arg>NI</arg>
<arg>NL</arg>
<arg>NO</arg>
<arg>NP</arg>
<arg>NR</arg>
<arg>NU</arg>
<arg>NZ</arg>
<arg>OM</arg>
<arg>PA</arg>
<arg>PE</arg>
<arg>PF</arg>
<arg>PG</arg>
<arg>PH</arg>
<arg>PK</arg>
<arg>PL</arg>
<arg>PM</arg>
<arg>PN</arg>
<arg>PR</arg>
<arg>PS</arg>
<arg>PT</arg>
<arg>PW</arg>
<arg>PY</arg>
<arg>QA</arg>
<arg>RE</arg>
<arg>RO</arg>
<arg>RS</arg>
<arg>RU</arg>
<arg>RW</arg>
<arg>SA</arg>
<arg>SB</arg>
<arg>SC</arg>
<arg>SD</arg>
<arg>SE</arg>
<arg>SG</arg>
<arg>SH</arg>
<arg>SI</arg>
<arg>SJ</arg>
<arg>SK</arg>
<arg>SL</arg>
<arg>SM</arg>
<arg>SN</arg>
<arg>SO</arg>
<arg>SR</arg>
<arg>SS</arg>
<arg>ST</arg>
<arg>SV</arg>
<arg>SX</arg>
<arg>SY</arg>
<arg>SZ</arg>
<arg>TC</arg>
<arg>TD</arg>
<arg>TF</arg>
<arg>TG</arg>
<arg>TH</arg>
<arg>TJ</arg>
<arg>TK</arg>
<arg>TL</arg>
<arg>TM</arg>
<arg>TN</arg>
<arg>TO</arg>
<arg>TR</arg>
<arg>TT</arg>
<arg>TV</arg>
<arg>TW</arg>
<arg>TZ</arg>
<arg>UA</arg>
<arg>UG</arg>
<arg>UM</arg>
<arg>US</arg>
<arg>UY</arg>
<arg>UZ</arg>
<arg>VA</arg>
<arg>VC</arg>
<arg>VE</arg>
<arg>VG</arg>
<arg>VI</arg>
<arg>VN</arg>
<arg>VU</arg>
<arg>WF</arg>
<arg>WS</arg>
<arg>XK</arg>
<arg>YE</arg>
<arg>YT</arg>
<arg>ZA</arg>
<arg>ZM</arg>
<arg>ZW</arg>
<doc>Returns a list containing given items.</doc>
<status status="PASS" start="2024-07-04T19:13:25.464838" elapsed="0.000615"/>
</kw>
<kw name="List Should Contain Value" owner="Collections">
<arg>${list_country}</arg>
<arg>${name_country}</arg>
<doc>Fails if the ``value`` is not found from ``list``.</doc>
<status status="PASS" start="2024-07-04T19:13:25.466246" elapsed="0.000202"/>
</kw>
<kw name="Run Keyword If" owner="BuiltIn">
<kw name="Should Be True" owner="BuiltIn">
<arg>${True}</arg>
<doc>Fails if the given condition is not true.</doc>
<status status="PASS" start="2024-07-04T19:13:25.467410" elapsed="0.000141"/>
</kw>
<arg>${json_data["results"][0]["location"]["coordinates"]["latitude"]} &gt;= -90 and ${json_data["results"][0]["location"]["coordinates"]["latitude"]} &lt;= 90</arg>
<arg>Should Be True</arg>
<arg>${True}</arg>
<doc>Runs the given keyword with the given arguments, if ``condition`` is true.</doc>
<status status="PASS" start="2024-07-04T19:13:25.466672" elapsed="0.001004"/>
</kw>
<kw name="Run Keyword If" owner="BuiltIn">
<kw name="Should Be True" owner="BuiltIn">
<arg>${True}</arg>
<doc>Fails if the given condition is not true.</doc>
<status status="PASS" start="2024-07-04T19:13:25.468559" elapsed="0.000241"/>
</kw>
<arg>${json_data["results"][0]["location"]["coordinates"]["longitude"]} &gt;= -180 and ${json_data["results"][0]["location"]["coordinates"]["longitude"]} &lt;= 180</arg>
<arg>Should Be True</arg>
<arg>${True}</arg>
<doc>Runs the given keyword with the given arguments, if ``condition`` is true.</doc>
<status status="PASS" start="2024-07-04T19:13:25.467857" elapsed="0.001071"/>
</kw>
<status status="PASS" start="2024-07-04T19:13:25.142386" elapsed="0.326677"/>
</kw>
<doc>Testa o conteúdo específico dos campos retornados pela API.</doc>
<tag>testeConteudo</tag>
<status status="PASS" start="2024-07-04T19:13:25.141952" elapsed="0.327261"/>
</test>
<status status="PASS" start="2024-07-04T19:13:24.199666" elapsed="1.271531"/>
</suite>
<status status="PASS" start="2024-07-04T19:13:24.185310" elapsed="1.290821"/>
</suite>
<statistics>
<total>
<stat pass="5" fail="0" skip="0">All Tests</stat>
</total>
<tag>
<stat pass="1" fail="0" skip="0">testeConteudo</stat>
<stat pass="1" fail="0" skip="0">testeEstruturaResposta</stat>
<stat pass="1" fail="0" skip="0">testeRequisicaoBasica</stat>
<stat pass="1" fail="0" skip="0">testeTiposDados</stat>
</tag>
<suite>
<stat pass="5" fail="0" skip="0" id="s1" name="Tests">Tests</stat>
<stat pass="5" fail="0" skip="0" id="s1-s1" name="Random-User-Test">Tests.Random-User-Test</stat>
</suite>
</statistics>
<errors>
</errors>
</robot>
