<?xml version="1.0" encoding="UTF-8"?>
<robot generator="Robot 7.0.1 (Python 3.12.4 on linux)" generated="2024-08-05T10:16:20.278966" rpa="false" schemaversion="5">
<suite id="s1" name="Tests" source="/home/runner/work/ApiRandomUser/ApiRandomUser/RamdonUser/tests">
<suite id="s1-s1" name="Random-User-Test" source="/home/runner/work/ApiRandomUser/ApiRandomUser/RamdonUser/tests/random-user-test.robot">
<test id="s1-s1-t1" name="Conectar" line="13">
<kw name="Conectar API" owner="random-user-service">
<kw name="Create Session" owner="RequestsLibrary">
<msg time="2024-08-05T10:16:20.706360" level="INFO">Creating Session using : alias=consultarAPI, url=https://randomuser.me/, headers={},                     cookies={}, auth=None, timeout=None, proxies=None, verify=False,                     debug=0 </msg>
<arg>consultarAPI</arg>
<arg>${URL}</arg>
<doc>Create Session: create a HTTP session to a server</doc>
<status status="PASS" start="2024-08-05T10:16:20.706141" elapsed="0.000440"/>
</kw>
<status status="PASS" start="2024-08-05T10:16:20.705025" elapsed="0.001930"/>
</kw>
<status status="PASS" start="2024-08-05T10:16:20.704383" elapsed="0.002768"/>
</test>
<test id="s1-s1-t2" name="Validar retorno 200 e JSON Válido" line="16">
<kw name="Teste de Requisicao Basica" owner="random-user-service">
<kw name="GET On Session" owner="RequestsLibrary">
<msg time="2024-08-05T10:16:20.959734" level="INFO">GET Request : url=https://randomuser.me/api 
 path_url=/api 
 headers={'User-Agent': 'python-requests/2.32.3', 'Accept-Encoding': 'gzip, deflate', 'Accept': '*/*', 'Connection': 'keep-alive'} 
 body=None 
 </msg>
<msg time="2024-08-05T10:16:20.959909" level="INFO">GET Response : url=https://randomuser.me/api 
 status=200, reason=OK 
 headers={'Date': 'Mon, 05 Aug 2024 10:16:20 GMT', 'Content-Type': 'application/json; charset=utf-8', 'Transfer-Encoding': 'chunked', 'Connection': 'keep-alive', 'X-Powered-By': 'Express', 'Access-Control-Allow-Origin': '*', 'Cache-Control': 'no-cache', 'ETag': 'W/"487-QKnv8hIP47BQ/o/3nESPJRc62fg"', 'Vary': 'Accept-Encoding', 'Content-Encoding': 'gzip', 'CF-Cache-Status': 'DYNAMIC', 'Report-To': '{"endpoints":[{"url":"https:\\/\\/a.nel.cloudflare.com\\/report\\/v4?s=Wgqyz0djgj7KWWFuTlIGTFvqB4Yk5sRwBoSOjBItv8NOJVmYPxJEslk0FsJdv49FSFe8QleLYl5gNx%2B06r6Hhi1j8HSHqHpD0BIqZ4PYqefYAmhoBWR1KW%2BqmSMx4qU9"}],"group":"cf-nel","max_age":604800}', 'NEL': '{"success_fraction":0,"report_to":"cf-nel","max_age":604800}', 'Server': 'cloudflare', 'CF-RAY': '8ae607fa9c94a3e4-ORD', 'alt-svc': 'h3=":443"; ma=86400'} 
 body={"results":[{"gender":"female","name":{"title":"Ms","first":"Eva","last":"Mackay"},"location":{"street":{"number":3588,"name":"Pierre Ave"},"city":"Delta","state":"Yukon","country":"Canada","postcode":"R3B 5G2","coordinates":{"latitude":"-69.7325","longitude":"86.8962"},"timezone":{"offset":"+3:00","description":"Baghdad, Riyadh, Moscow, St. Petersburg"}},"email":"eva.mackay@example.com","login":{"uuid":"69d85b4f-016f-41d2-99cf-ee710fba4470","username":"yellowswan901","password":"sauron","salt":"gy8f1itM","md5":"2801776cce15e17d35539dc6ca77f146","sha1":"e6e5006ddcc9299239bf9b1a21a16b0bf6038aac","sha256":"673984750a1ddd508ceff8097fd13233affb9a21b4e0922c3aef8779776d8e6b"},"dob":{"date":"1972-11-21T21:35:20.112Z","age":51},"registered":{"date":"2003-09-01T16:58:03.139Z","age":20},"phone":"Y76 H24-0740","cell":"H78 O89-0119","id":{"name":"SIN","value":"953353620"},"picture":{"large":"https://randomuser.me/api/portraits/women/2.jpg","medium":"https://randomuser.me/api/portraits/med/women/2.jpg","thumbnail":"https://randomuser.me/api/portraits/thumb/women/2.jpg"},"nat":"CA"}],"info":{"seed":"4e5cf30d9381c167","results":1,"page":1,"version":"1.4"}} 
 </msg>
<msg time="2024-08-05T10:16:20.959999" level="INFO">/opt/hostedtoolcache/Python/3.12.4/x64/lib/python3.12/site-packages/urllib3/connectionpool.py:1099: InsecureRequestWarning: Unverified HTTPS request is being made to host 'randomuser.me'. Adding certificate verification is strongly advised. See: https://urllib3.readthedocs.io/en/latest/advanced-usage.html#tls-warnings
  warnings.warn(</msg>
<msg time="2024-08-05T10:16:20.960167" level="INFO">${response} = &lt;Response [200]&gt;</msg>
<var>${response}</var>
<arg>consultarAPI</arg>
<arg>/api</arg>
<doc>Sends a GET request on a previously created HTTP Session.</doc>
<status status="PASS" start="2024-08-05T10:16:20.709849" elapsed="0.250363"/>
</kw>
<kw name="Should Be Equal As Numbers" owner="BuiltIn">
<msg time="2024-08-05T10:16:20.961277" level="INFO">Argument types are:
&lt;class 'int'&gt;
&lt;class 'str'&gt;</msg>
<arg>${response.status_code}</arg>
<arg>200</arg>
<doc>Fails if objects are unequal after converting them to real numbers.</doc>
<status status="PASS" start="2024-08-05T10:16:20.960758" elapsed="0.000595"/>
</kw>
<kw name="Log" owner="BuiltIn">
<msg time="2024-08-05T10:16:20.962036" level="INFO">200</msg>
<arg>${response.status_code}</arg>
<doc>Logs the given message with the given level.</doc>
<status status="PASS" start="2024-08-05T10:16:20.961685" elapsed="0.000393"/>
</kw>
<kw name="Set Variable" owner="BuiltIn">
<msg time="2024-08-05T10:16:20.962842" level="INFO">${json_data} = {'results': [{'gender': 'female', 'name': {'title': 'Ms', 'first': 'Eva', 'last': 'Mackay'}, 'location': {'street': {'number': 3588, 'name': 'Pierre Ave'}, 'city': 'Delta', 'state': 'Yukon', 'country'...</msg>
<var>${json_data}</var>
<arg>${response.json()}</arg>
<doc>Returns the given values which can then be assigned to a variables.</doc>
<status status="PASS" start="2024-08-05T10:16:20.962386" elapsed="0.000485"/>
</kw>
<kw name="Dictionary Should Contain Key" owner="Collections">
<arg>${json_data}</arg>
<arg>results</arg>
<doc>Fails if ``key`` is not found from ``dictionary``.</doc>
<status status="PASS" start="2024-08-05T10:16:20.963183" elapsed="0.000339"/>
</kw>
<status status="PASS" start="2024-08-05T10:16:20.709592" elapsed="0.254087"/>
</kw>
<doc>Testa se a API responde corretamente e retorna um objeto JSON válido.</doc>
<tag>testeRequisicaoBasica</tag>
<status status="PASS" start="2024-08-05T10:16:20.709012" elapsed="0.254854"/>
</test>
<test id="s1-s1-t3" name="Validar estrutura de resposta" line="22">
<kw name="Teste de Estrutura de Resposta" owner="random-user-service">
<kw name="GET On Session" owner="RequestsLibrary">
<msg time="2024-08-05T10:16:21.129161" level="INFO">GET Request : url=https://randomuser.me/api 
 path_url=/api 
 headers={'User-Agent': 'python-requests/2.32.3', 'Accept-Encoding': 'gzip, deflate', 'Accept': '*/*', 'Connection': 'keep-alive'} 
 body=None 
 </msg>
<msg time="2024-08-05T10:16:21.129297" level="INFO">GET Response : url=https://randomuser.me/api 
 status=200, reason=OK 
 headers={'Date': 'Mon, 05 Aug 2024 10:16:21 GMT', 'Content-Type': 'application/json; charset=utf-8', 'Transfer-Encoding': 'chunked', 'Connection': 'keep-alive', 'X-Powered-By': 'Express', 'Access-Control-Allow-Origin': '*', 'Cache-Control': 'no-cache', 'ETag': 'W/"47a-oyBv4CxHNUE3fH4ozmFomVPbVBY"', 'Vary': 'Accept-Encoding', 'Content-Encoding': 'gzip', 'CF-Cache-Status': 'DYNAMIC', 'Report-To': '{"endpoints":[{"url":"https:\\/\\/a.nel.cloudflare.com\\/report\\/v4?s=W7XE9Y4rD8KQt4f6BlCx9n%2BQzXG3Xpz%2B3HGZgVVGX5luZ322KSoZjE50RUYN3cpdrSoBeL9nWxaNWahc8VaaMG1yQO2%2FdTx8fpg6w1T8p5p1%2FwpMF9nHaa3FX64QdnZm"}],"group":"cf-nel","max_age":604800}', 'NEL': '{"success_fraction":0,"report_to":"cf-nel","max_age":604800}', 'Server': 'cloudflare', 'CF-RAY': '8ae607fb0cefa3e4-ORD', 'alt-svc': 'h3=":443"; ma=86400'} 
 body={"results":[{"gender":"female","name":{"title":"Miss","first":"Ann","last":"Fields"},"location":{"street":{"number":4638,"name":"Oak Lawn Ave"},"city":"Rialto","state":"New Hampshire","country":"United States","postcode":67314,"coordinates":{"latitude":"87.5690","longitude":"77.4957"},"timezone":{"offset":"+4:30","description":"Kabul"}},"email":"ann.fields@example.com","login":{"uuid":"033a79b9-ae8c-43ca-a0b0-27e5cac7e2db","username":"angrydog539","password":"quest","salt":"4IVnXOic","md5":"1b4abe6e22f2122258e77bacda0757dd","sha1":"fa99f742bb0b8194d23332ce3a183437aa958276","sha256":"77342f58a209a7556122721c19c3104cf925fa5fd3f01852f725153755e53f4c"},"dob":{"date":"1994-09-19T01:26:59.483Z","age":29},"registered":{"date":"2009-01-14T16:48:13.685Z","age":15},"phone":"(784) 918-7905","cell":"(343) 376-8516","id":{"name":"SSN","value":"384-95-2198"},"picture":{"large":"https://randomuser.me/api/portraits/women/74.jpg","medium":"https://randomuser.me/api/portraits/med/women/74.jpg","thumbnail":"https://randomuser.me/api/portraits/thumb/women/74.jpg"},"nat":"US"}],"info":{"seed":"7f2ee93b3ecfab31","results":1,"page":1,"version":"1.4"}} 
 </msg>
<msg time="2024-08-05T10:16:21.129436" level="INFO">/opt/hostedtoolcache/Python/3.12.4/x64/lib/python3.12/site-packages/urllib3/connectionpool.py:1099: InsecureRequestWarning: Unverified HTTPS request is being made to host 'randomuser.me'. Adding certificate verification is strongly advised. See: https://urllib3.readthedocs.io/en/latest/advanced-usage.html#tls-warnings
  warnings.warn(</msg>
<msg time="2024-08-05T10:16:21.129584" level="INFO">${response} = &lt;Response [200]&gt;</msg>
<var>${response}</var>
<arg>consultarAPI</arg>
<arg>/api</arg>
<doc>Sends a GET request on a previously created HTTP Session.</doc>
<status status="PASS" start="2024-08-05T10:16:20.966911" elapsed="0.162720"/>
</kw>
<kw name="Set Variable" owner="BuiltIn">
<msg time="2024-08-05T10:16:21.130696" level="INFO">${json_data} = {'results': [{'gender': 'female', 'name': {'title': 'Miss', 'first': 'Ann', 'last': 'Fields'}, 'location': {'street': {'number': 4638, 'name': 'Oak Lawn Ave'}, 'city': 'Rialto', 'state': 'New Hampshir...</msg>
<var>${json_data}</var>
<arg>${response.json()}</arg>
<doc>Returns the given values which can then be assigned to a variables.</doc>
<status status="PASS" start="2024-08-05T10:16:21.130166" elapsed="0.000558"/>
</kw>
<kw name="Log" owner="BuiltIn">
<msg time="2024-08-05T10:16:21.131193" level="INFO">{'results': [{'gender': 'female', 'name': {'title': 'Miss', 'first': 'Ann', 'last': 'Fields'}, 'location': {'street': {'number': 4638, 'name': 'Oak Lawn Ave'}, 'city': 'Rialto', 'state': 'New Hampshire', 'country': 'United States', 'postcode': 67314, 'coordinates': {'latitude': '87.5690', 'longitude': '77.4957'}, 'timezone': {'offset': '+4:30', 'description': 'Kabul'}}, 'email': 'ann.fields@example.com', 'login': {'uuid': '033a79b9-ae8c-43ca-a0b0-27e5cac7e2db', 'username': 'angrydog539', 'password': 'quest', 'salt': '4IVnXOic', 'md5': '1b4abe6e22f2122258e77bacda0757dd', 'sha1': 'fa99f742bb0b8194d23332ce3a183437aa958276', 'sha256': '77342f58a209a7556122721c19c3104cf925fa5fd3f01852f725153755e53f4c'}, 'dob': {'date': '1994-09-19T01:26:59.483Z', 'age': 29}, 'registered': {'date': '2009-01-14T16:48:13.685Z', 'age': 15}, 'phone': '(784) 918-7905', 'cell': '(343) 376-8516', 'id': {'name': 'SSN', 'value': '384-95-2198'}, 'picture': {'large': 'https://randomuser.me/api/portraits/women/74.jpg', 'medium': 'https://randomuser.me/api/portraits/med/women/74.jpg', 'thumbnail': 'https://randomuser.me/api/portraits/thumb/women/74.jpg'}, 'nat': 'US'}], 'info': {'seed': '7f2ee93b3ecfab31', 'results': 1, 'page': 1, 'version': '1.4'}}</msg>
<arg>${json_data}</arg>
<doc>Logs the given message with the given level.</doc>
<status status="PASS" start="2024-08-05T10:16:21.131029" elapsed="0.000212"/>
</kw>
<kw name="Dictionary Should Contain Key" owner="Collections">
<arg>${json_data}</arg>
<arg>results</arg>
<doc>Fails if ``key`` is not found from ``dictionary``.</doc>
<status status="PASS" start="2024-08-05T10:16:21.131526" elapsed="0.000163"/>
</kw>
<kw name="Should Not Be Empty" owner="BuiltIn">
<msg time="2024-08-05T10:16:21.131996" level="INFO">Length is 2.</msg>
<arg>${json_data}</arg>
<doc>Verifies that the given item is not empty.</doc>
<status status="PASS" start="2024-08-05T10:16:21.131871" elapsed="0.000161"/>
</kw>
<kw name="Create List" owner="BuiltIn">
<msg time="2024-08-05T10:16:21.132465" level="INFO">${expected_keys} = ['gender', 'name', 'location', 'email', 'login']</msg>
<var>${expected_keys}</var>
<arg>gender</arg>
<arg>name</arg>
<arg>location</arg>
<arg>email</arg>
<arg>login</arg>
<doc>Returns a list containing given items.</doc>
<status status="PASS" start="2024-08-05T10:16:21.132318" elapsed="0.000171"/>
</kw>
<for flavor="IN">
<iter>
<kw name="Dictionary Should Contain Key" owner="Collections">
<arg>${json_data['results'][0]}</arg>
<arg>${key}</arg>
<doc>Fails if ``key`` is not found from ``dictionary``.</doc>
<status status="PASS" start="2024-08-05T10:16:21.133076" elapsed="0.000452"/>
</kw>
<kw name="Log" owner="BuiltIn">
<msg time="2024-08-05T10:16:21.134094" level="INFO">{'gender': 'female', 'name': {'title': 'Miss', 'first': 'Ann', 'last': 'Fields'}, 'location': {'street': {'number': 4638, 'name': 'Oak Lawn Ave'}, 'city': 'Rialto', 'state': 'New Hampshire', 'country': 'United States', 'postcode': 67314, 'coordinates': {'latitude': '87.5690', 'longitude': '77.4957'}, 'timezone': {'offset': '+4:30', 'description': 'Kabul'}}, 'email': 'ann.fields@example.com', 'login': {'uuid': '033a79b9-ae8c-43ca-a0b0-27e5cac7e2db', 'username': 'angrydog539', 'password': 'quest', 'salt': '4IVnXOic', 'md5': '1b4abe6e22f2122258e77bacda0757dd', 'sha1': 'fa99f742bb0b8194d23332ce3a183437aa958276', 'sha256': '77342f58a209a7556122721c19c3104cf925fa5fd3f01852f725153755e53f4c'}, 'dob': {'date': '1994-09-19T01:26:59.483Z', 'age': 29}, 'registered': {'date': '2009-01-14T16:48:13.685Z', 'age': 15}, 'phone': '(784) 918-7905', 'cell': '(343) 376-8516', 'id': {'name': 'SSN', 'value': '384-95-2198'}, 'picture': {'large': 'https://randomuser.me/api/portraits/women/74.jpg', 'medium': 'https://randomuser.me/api/portraits/med/women/74.jpg', 'thumbnail': 'https://randomuser.me/api/portraits/thumb/women/74.jpg'}, 'nat': 'US'}</msg>
<arg>${json_data['results'][0]}</arg>
<doc>Logs the given message with the given level.</doc>
<status status="PASS" start="2024-08-05T10:16:21.133722" elapsed="0.000421"/>
</kw>
<kw name="Log" owner="BuiltIn">
<msg time="2024-08-05T10:16:21.134573" level="INFO">gender</msg>
<arg>${key}</arg>
<doc>Logs the given message with the given level.</doc>
<status status="PASS" start="2024-08-05T10:16:21.134444" elapsed="0.000166"/>
</kw>
<var name="${key}">gender</var>
<status status="PASS" start="2024-08-05T10:16:21.132945" elapsed="0.001881"/>
</iter>
<iter>
<kw name="Dictionary Should Contain Key" owner="Collections">
<arg>${json_data['results'][0]}</arg>
<arg>${key}</arg>
<doc>Fails if ``key`` is not found from ``dictionary``.</doc>
<status status="PASS" start="2024-08-05T10:16:21.135125" elapsed="0.000397"/>
</kw>
<kw name="Log" owner="BuiltIn">
<msg time="2024-08-05T10:16:21.136054" level="INFO">{'gender': 'female', 'name': {'title': 'Miss', 'first': 'Ann', 'last': 'Fields'}, 'location': {'street': {'number': 4638, 'name': 'Oak Lawn Ave'}, 'city': 'Rialto', 'state': 'New Hampshire', 'country': 'United States', 'postcode': 67314, 'coordinates': {'latitude': '87.5690', 'longitude': '77.4957'}, 'timezone': {'offset': '+4:30', 'description': 'Kabul'}}, 'email': 'ann.fields@example.com', 'login': {'uuid': '033a79b9-ae8c-43ca-a0b0-27e5cac7e2db', 'username': 'angrydog539', 'password': 'quest', 'salt': '4IVnXOic', 'md5': '1b4abe6e22f2122258e77bacda0757dd', 'sha1': 'fa99f742bb0b8194d23332ce3a183437aa958276', 'sha256': '77342f58a209a7556122721c19c3104cf925fa5fd3f01852f725153755e53f4c'}, 'dob': {'date': '1994-09-19T01:26:59.483Z', 'age': 29}, 'registered': {'date': '2009-01-14T16:48:13.685Z', 'age': 15}, 'phone': '(784) 918-7905', 'cell': '(343) 376-8516', 'id': {'name': 'SSN', 'value': '384-95-2198'}, 'picture': {'large': 'https://randomuser.me/api/portraits/women/74.jpg', 'medium': 'https://randomuser.me/api/portraits/med/women/74.jpg', 'thumbnail': 'https://randomuser.me/api/portraits/thumb/women/74.jpg'}, 'nat': 'US'}</msg>
<arg>${json_data['results'][0]}</arg>
<doc>Logs the given message with the given level.</doc>
<status status="PASS" start="2024-08-05T10:16:21.135708" elapsed="0.000426"/>
</kw>
<kw name="Log" owner="BuiltIn">
<msg time="2024-08-05T10:16:21.136555" level="INFO">name</msg>
<arg>${key}</arg>
<doc>Logs the given message with the given level.</doc>
<status status="PASS" start="2024-08-05T10:16:21.136428" elapsed="0.000163"/>
</kw>
<var name="${key}">name</var>
<status status="PASS" start="2024-08-05T10:16:21.135013" elapsed="0.001792"/>
</iter>
<iter>
<kw name="Dictionary Should Contain Key" owner="Collections">
<arg>${json_data['results'][0]}</arg>
<arg>${key}</arg>
<doc>Fails if ``key`` is not found from ``dictionary``.</doc>
<status status="PASS" start="2024-08-05T10:16:21.137086" elapsed="0.000412"/>
</kw>
<kw name="Log" owner="BuiltIn">
<msg time="2024-08-05T10:16:21.138027" level="INFO">{'gender': 'female', 'name': {'title': 'Miss', 'first': 'Ann', 'last': 'Fields'}, 'location': {'street': {'number': 4638, 'name': 'Oak Lawn Ave'}, 'city': 'Rialto', 'state': 'New Hampshire', 'country': 'United States', 'postcode': 67314, 'coordinates': {'latitude': '87.5690', 'longitude': '77.4957'}, 'timezone': {'offset': '+4:30', 'description': 'Kabul'}}, 'email': 'ann.fields@example.com', 'login': {'uuid': '033a79b9-ae8c-43ca-a0b0-27e5cac7e2db', 'username': 'angrydog539', 'password': 'quest', 'salt': '4IVnXOic', 'md5': '1b4abe6e22f2122258e77bacda0757dd', 'sha1': 'fa99f742bb0b8194d23332ce3a183437aa958276', 'sha256': '77342f58a209a7556122721c19c3104cf925fa5fd3f01852f725153755e53f4c'}, 'dob': {'date': '1994-09-19T01:26:59.483Z', 'age': 29}, 'registered': {'date': '2009-01-14T16:48:13.685Z', 'age': 15}, 'phone': '(784) 918-7905', 'cell': '(343) 376-8516', 'id': {'name': 'SSN', 'value': '384-95-2198'}, 'picture': {'large': 'https://randomuser.me/api/portraits/women/74.jpg', 'medium': 'https://randomuser.me/api/portraits/med/women/74.jpg', 'thumbnail': 'https://randomuser.me/api/portraits/thumb/women/74.jpg'}, 'nat': 'US'}</msg>
<arg>${json_data['results'][0]}</arg>
<doc>Logs the given message with the given level.</doc>
<status status="PASS" start="2024-08-05T10:16:21.137683" elapsed="0.000390"/>
</kw>
<kw name="Log" owner="BuiltIn">
<msg time="2024-08-05T10:16:21.138502" level="INFO">location</msg>
<arg>${key}</arg>
<doc>Logs the given message with the given level.</doc>
<status status="PASS" start="2024-08-05T10:16:21.138373" elapsed="0.000167"/>
</kw>
<var name="${key}">location</var>
<status status="PASS" start="2024-08-05T10:16:21.136979" elapsed="0.001783"/>
</iter>
<iter>
<kw name="Dictionary Should Contain Key" owner="Collections">
<arg>${json_data['results'][0]}</arg>
<arg>${key}</arg>
<doc>Fails if ``key`` is not found from ``dictionary``.</doc>
<status status="PASS" start="2024-08-05T10:16:21.139042" elapsed="0.000381"/>
</kw>
<kw name="Log" owner="BuiltIn">
<msg time="2024-08-05T10:16:21.140081" level="INFO">{'gender': 'female', 'name': {'title': 'Miss', 'first': 'Ann', 'last': 'Fields'}, 'location': {'street': {'number': 4638, 'name': 'Oak Lawn Ave'}, 'city': 'Rialto', 'state': 'New Hampshire', 'country': 'United States', 'postcode': 67314, 'coordinates': {'latitude': '87.5690', 'longitude': '77.4957'}, 'timezone': {'offset': '+4:30', 'description': 'Kabul'}}, 'email': 'ann.fields@example.com', 'login': {'uuid': '033a79b9-ae8c-43ca-a0b0-27e5cac7e2db', 'username': 'angrydog539', 'password': 'quest', 'salt': '4IVnXOic', 'md5': '1b4abe6e22f2122258e77bacda0757dd', 'sha1': 'fa99f742bb0b8194d23332ce3a183437aa958276', 'sha256': '77342f58a209a7556122721c19c3104cf925fa5fd3f01852f725153755e53f4c'}, 'dob': {'date': '1994-09-19T01:26:59.483Z', 'age': 29}, 'registered': {'date': '2009-01-14T16:48:13.685Z', 'age': 15}, 'phone': '(784) 918-7905', 'cell': '(343) 376-8516', 'id': {'name': 'SSN', 'value': '384-95-2198'}, 'picture': {'large': 'https://randomuser.me/api/portraits/women/74.jpg', 'medium': 'https://randomuser.me/api/portraits/med/women/74.jpg', 'thumbnail': 'https://randomuser.me/api/portraits/thumb/women/74.jpg'}, 'nat': 'US'}</msg>
<arg>${json_data['results'][0]}</arg>
<doc>Logs the given message with the given level.</doc>
<status status="PASS" start="2024-08-05T10:16:21.139729" elapsed="0.000400"/>
</kw>
<kw name="Log" owner="BuiltIn">
<msg time="2024-08-05T10:16:21.140561" level="INFO">email</msg>
<arg>${key}</arg>
<doc>Logs the given message with the given level.</doc>
<status status="PASS" start="2024-08-05T10:16:21.140433" elapsed="0.000166"/>
</kw>
<var name="${key}">email</var>
<status status="PASS" start="2024-08-05T10:16:21.138934" elapsed="0.001878"/>
</iter>
<iter>
<kw name="Dictionary Should Contain Key" owner="Collections">
<arg>${json_data['results'][0]}</arg>
<arg>${key}</arg>
<doc>Fails if ``key`` is not found from ``dictionary``.</doc>
<status status="PASS" start="2024-08-05T10:16:21.141094" elapsed="0.000427"/>
</kw>
<kw name="Log" owner="BuiltIn">
<msg time="2024-08-05T10:16:21.142056" level="INFO">{'gender': 'female', 'name': {'title': 'Miss', 'first': 'Ann', 'last': 'Fields'}, 'location': {'street': {'number': 4638, 'name': 'Oak Lawn Ave'}, 'city': 'Rialto', 'state': 'New Hampshire', 'country': 'United States', 'postcode': 67314, 'coordinates': {'latitude': '87.5690', 'longitude': '77.4957'}, 'timezone': {'offset': '+4:30', 'description': 'Kabul'}}, 'email': 'ann.fields@example.com', 'login': {'uuid': '033a79b9-ae8c-43ca-a0b0-27e5cac7e2db', 'username': 'angrydog539', 'password': 'quest', 'salt': '4IVnXOic', 'md5': '1b4abe6e22f2122258e77bacda0757dd', 'sha1': 'fa99f742bb0b8194d23332ce3a183437aa958276', 'sha256': '77342f58a209a7556122721c19c3104cf925fa5fd3f01852f725153755e53f4c'}, 'dob': {'date': '1994-09-19T01:26:59.483Z', 'age': 29}, 'registered': {'date': '2009-01-14T16:48:13.685Z', 'age': 15}, 'phone': '(784) 918-7905', 'cell': '(343) 376-8516', 'id': {'name': 'SSN', 'value': '384-95-2198'}, 'picture': {'large': 'https://randomuser.me/api/portraits/women/74.jpg', 'medium': 'https://randomuser.me/api/portraits/med/women/74.jpg', 'thumbnail': 'https://randomuser.me/api/portraits/thumb/women/74.jpg'}, 'nat': 'US'}</msg>
<arg>${json_data['results'][0]}</arg>
<doc>Logs the given message with the given level.</doc>
<status status="PASS" start="2024-08-05T10:16:21.141704" elapsed="0.000399"/>
</kw>
<kw name="Log" owner="BuiltIn">
<msg time="2024-08-05T10:16:21.142520" level="INFO">login</msg>
<arg>${key}</arg>
<doc>Logs the given message with the given level.</doc>
<status status="PASS" start="2024-08-05T10:16:21.142393" elapsed="0.000163"/>
</kw>
<var name="${key}">login</var>
<status status="PASS" start="2024-08-05T10:16:21.140986" elapsed="0.001782"/>
</iter>
<var>${key}</var>
<value>@{expected_keys}</value>
<status status="PASS" start="2024-08-05T10:16:21.132747" elapsed="0.010138"/>
</for>
<kw name="Create List" owner="BuiltIn">
<msg time="2024-08-05T10:16:21.143208" level="INFO">${expected_keysTwo} = ['username', 'password']</msg>
<var>${expected_keysTwo}</var>
<arg>username</arg>
<arg>password</arg>
<doc>Returns a list containing given items.</doc>
<status status="PASS" start="2024-08-05T10:16:21.143075" elapsed="0.000157"/>
</kw>
<for flavor="IN">
<iter>
<kw name="Dictionary Should Contain Key" owner="Collections">
<arg>${json_data['results'][0]['login']}</arg>
<arg>${keyTwo}</arg>
<doc>Fails if ``key`` is not found from ``dictionary``.</doc>
<status status="PASS" start="2024-08-05T10:16:21.143752" elapsed="0.000388"/>
</kw>
<kw name="Dictionary Should Contain Key" owner="Collections">
<arg>${json_data['results'][0]['login']}</arg>
<arg>${keyTwo}</arg>
<doc>Fails if ``key`` is not found from ``dictionary``.</doc>
<status status="PASS" start="2024-08-05T10:16:21.144325" elapsed="0.000378"/>
</kw>
<kw name="Log" owner="BuiltIn">
<msg time="2024-08-05T10:16:21.145000" level="INFO">username</msg>
<arg>${keyTwo}</arg>
<doc>Logs the given message with the given level.</doc>
<status status="PASS" start="2024-08-05T10:16:21.144881" elapsed="0.000156"/>
</kw>
<var name="${keyTwo}">username</var>
<status status="PASS" start="2024-08-05T10:16:21.143645" elapsed="0.001638"/>
</iter>
<iter>
<kw name="Dictionary Should Contain Key" owner="Collections">
<arg>${json_data['results'][0]['login']}</arg>
<arg>${keyTwo}</arg>
<doc>Fails if ``key`` is not found from ``dictionary``.</doc>
<status status="PASS" start="2024-08-05T10:16:21.145574" elapsed="0.000388"/>
</kw>
<kw name="Dictionary Should Contain Key" owner="Collections">
<arg>${json_data['results'][0]['login']}</arg>
<arg>${keyTwo}</arg>
<doc>Fails if ``key`` is not found from ``dictionary``.</doc>
<status status="PASS" start="2024-08-05T10:16:21.146139" elapsed="0.000366"/>
</kw>
<kw name="Log" owner="BuiltIn">
<msg time="2024-08-05T10:16:21.146798" level="INFO">password</msg>
<arg>${keyTwo}</arg>
<doc>Logs the given message with the given level.</doc>
<status status="PASS" start="2024-08-05T10:16:21.146680" elapsed="0.000154"/>
</kw>
<var name="${keyTwo}">password</var>
<status status="PASS" start="2024-08-05T10:16:21.145466" elapsed="0.001589"/>
</iter>
<var>${keyTwo}</var>
<value>@{expected_keysTwo}</value>
<status status="PASS" start="2024-08-05T10:16:21.143489" elapsed="0.003687"/>
</for>
<status status="PASS" start="2024-08-05T10:16:20.966562" elapsed="0.180756"/>
</kw>
<doc>Testa a estrutura da resposta da API.</doc>
<tag>testeEstruturaResposta</tag>
<status status="PASS" start="2024-08-05T10:16:20.965789" elapsed="0.181690"/>
</test>
<test id="s1-s1-t4" name="Validar tipos de dados" line="28">
<kw name="Teste de Tipos de Dados" owner="random-user-service">
<kw name="GET On Session" owner="RequestsLibrary">
<msg time="2024-08-05T10:16:21.401502" level="INFO">GET Request : url=https://randomuser.me/api 
 path_url=/api 
 headers={'User-Agent': 'python-requests/2.32.3', 'Accept-Encoding': 'gzip, deflate', 'Accept': '*/*', 'Connection': 'keep-alive'} 
 body=None 
 </msg>
<msg time="2024-08-05T10:16:21.401605" level="INFO">GET Response : url=https://randomuser.me/api 
 status=200, reason=OK 
 headers={'Date': 'Mon, 05 Aug 2024 10:16:21 GMT', 'Content-Type': 'application/json; charset=utf-8', 'Transfer-Encoding': 'chunked', 'Connection': 'keep-alive', 'X-Powered-By': 'Express', 'Access-Control-Allow-Origin': '*', 'Cache-Control': 'no-cache', 'ETag': 'W/"4a1-EzXlxRFLbvZgUtc5eQsI5pw/cNk"', 'Vary': 'Accept-Encoding', 'Content-Encoding': 'gzip', 'CF-Cache-Status': 'DYNAMIC', 'Report-To': '{"endpoints":[{"url":"https:\\/\\/a.nel.cloudflare.com\\/report\\/v4?s=uWy%2BYgXmfjwkZ57HFwH3sa4rD7KK0WDOYen8kGRPf9GsYrj4OdQNTvJJncZ3QSNkCFk2GSiMu%2FVpeUNjNPDRtN3WMzNbdBk2IWHBHTADLSzCbqw4h4Qdyt3lPbZ12s32"}],"group":"cf-nel","max_age":604800}', 'NEL': '{"success_fraction":0,"report_to":"cf-nel","max_age":604800}', 'Server': 'cloudflare', 'CF-RAY': '8ae607fc3d9ca3e4-ORD', 'alt-svc': 'h3=":443"; ma=86400'} 
 body={"results":[{"gender":"female","name":{"title":"Ms","first":"Stephanie","last":"Buse"},"location":{"street":{"number":9826,"name":"Mittelstraße"},"city":"Künzelsau","state":"Saarland","country":"Germany","postcode":72667,"coordinates":{"latitude":"-48.0558","longitude":"38.8838"},"timezone":{"offset":"-6:00","description":"Central Time (US &amp; Canada), Mexico City"}},"email":"stephanie.buse@example.com","login":{"uuid":"e1a3fa7b-b6d9-4ed6-9224-2bfe3d30440f","username":"browndog737","password":"benjamin","salt":"A2L42Ahh","md5":"5a89c18728655f19b48992e6449d2001","sha1":"fce58f1a4c82c168d1f537734d8dbc1375ea18e7","sha256":"9b90bb02ce653f0e8c54ba035f9c40e9eb20cc60e51fa9afb2aeab1b99c4ca37"},"dob":{"date":"2000-10-19T21:08:34.004Z","age":23},"registered":{"date":"2020-06-04T18:47:38.418Z","age":4},"phone":"0820-2209134","cell":"0170-8333277","id":{"name":"SVNR","value":"02 1910100 B 650"},"picture":{"large":"https://randomuser.me/api/portraits/women/22.jpg","medium":"https://randomuser.me/api/portraits/med/women/22.jpg","thumbnail":"https://randomuser.me/api/portraits/thumb/women/22.jpg"},"nat":"DE"}],"info":{"seed":"d1fedb1289540b55","results":1,"page":1,"version":"1.4"}} 
 </msg>
<msg time="2024-08-05T10:16:21.401682" level="INFO">/opt/hostedtoolcache/Python/3.12.4/x64/lib/python3.12/site-packages/urllib3/connectionpool.py:1099: InsecureRequestWarning: Unverified HTTPS request is being made to host 'randomuser.me'. Adding certificate verification is strongly advised. See: https://urllib3.readthedocs.io/en/latest/advanced-usage.html#tls-warnings
  warnings.warn(</msg>
<msg time="2024-08-05T10:16:21.401803" level="INFO">${response} = &lt;Response [200]&gt;</msg>
<var>${response}</var>
<arg>consultarAPI</arg>
<arg>/api</arg>
<doc>Sends a GET request on a previously created HTTP Session.</doc>
<status status="PASS" start="2024-08-05T10:16:21.149977" elapsed="0.251857"/>
</kw>
<kw name="Set Variable" owner="BuiltIn">
<msg time="2024-08-05T10:16:21.402952" level="INFO">${json_data} = {'results': [{'gender': 'female', 'name': {'title': 'Ms', 'first': 'Stephanie', 'last': 'Buse'}, 'location': {'street': {'number': 9826, 'name': 'Mittelstraße'}, 'city': 'Künzelsau', 'state': 'Saarlan...</msg>
<var>${json_data}</var>
<arg>${response.json()}</arg>
<doc>Returns the given values which can then be assigned to a variables.</doc>
<status status="PASS" start="2024-08-05T10:16:21.402413" elapsed="0.000572"/>
</kw>
<kw name="Log" owner="BuiltIn">
<msg time="2024-08-05T10:16:21.403457" level="INFO">{'results': [{'gender': 'female', 'name': {'title': 'Ms', 'first': 'Stephanie', 'last': 'Buse'}, 'location': {'street': {'number': 9826, 'name': 'Mittelstraße'}, 'city': 'Künzelsau', 'state': 'Saarland', 'country': 'Germany', 'postcode': 72667, 'coordinates': {'latitude': '-48.0558', 'longitude': '38.8838'}, 'timezone': {'offset': '-6:00', 'description': 'Central Time (US &amp; Canada), Mexico City'}}, 'email': 'stephanie.buse@example.com', 'login': {'uuid': 'e1a3fa7b-b6d9-4ed6-9224-2bfe3d30440f', 'username': 'browndog737', 'password': 'benjamin', 'salt': 'A2L42Ahh', 'md5': '5a89c18728655f19b48992e6449d2001', 'sha1': 'fce58f1a4c82c168d1f537734d8dbc1375ea18e7', 'sha256': '9b90bb02ce653f0e8c54ba035f9c40e9eb20cc60e51fa9afb2aeab1b99c4ca37'}, 'dob': {'date': '2000-10-19T21:08:34.004Z', 'age': 23}, 'registered': {'date': '2020-06-04T18:47:38.418Z', 'age': 4}, 'phone': '0820-2209134', 'cell': '0170-8333277', 'id': {'name': 'SVNR', 'value': '02 1910100 B 650'}, 'picture': {'large': 'https://randomuser.me/api/portraits/women/22.jpg', 'medium': 'https://randomuser.me/api/portraits/med/women/22.jpg', 'thumbnail': 'https://randomuser.me/api/portraits/thumb/women/22.jpg'}, 'nat': 'DE'}], 'info': {'seed': 'd1fedb1289540b55', 'results': 1, 'page': 1, 'version': '1.4'}}</msg>
<arg>${json_data}</arg>
<doc>Logs the given message with the given level.</doc>
<status status="PASS" start="2024-08-05T10:16:21.403298" elapsed="0.000211"/>
</kw>
<kw name="Should Be String" owner="String">
<arg>${json_data['results'][0]['gender']}</arg>
<doc>Fails if the given ``item`` is not a string.</doc>
<status status="PASS" start="2024-08-05T10:16:21.403807" elapsed="0.000368"/>
</kw>
<kw name="Should Match Regexp" owner="BuiltIn">
<arg>${json_data['results'][0]['email']}</arg>
<arg>^[a-zA-Z0-9._%+-]+@[a-zA-Z0-9.-]+\.[a-zA-Z]{2,}$</arg>
<doc>Fails if ``string`` does not match ``pattern`` as a regular expression.</doc>
<status status="PASS" start="2024-08-05T10:16:21.404367" elapsed="0.000512"/>
</kw>
<kw name="Should Match Regexp" owner="BuiltIn">
<arg>${json_data['results'][0]['dob']['date']}</arg>
<arg>\\d{4}-\\d{2}-\\d{2}T\\d{2}:\\d{2}:\\d{2}\\.\\d{3}Z</arg>
<doc>Fails if ``string`` does not match ``pattern`` as a regular expression.</doc>
<status status="PASS" start="2024-08-05T10:16:21.405113" elapsed="0.000691"/>
</kw>
<kw name="Should Match Regexp" owner="BuiltIn">
<arg>${json_data['results'][0]['registered']['date']}</arg>
<arg>\\d{4}-\\d{2}-\\d{2}T\\d{2}:\\d{2}:\\d{2}\\.\\d{3}Z</arg>
<doc>Fails if ``string`` does not match ``pattern`` as a regular expression.</doc>
<status status="PASS" start="2024-08-05T10:16:21.406000" elapsed="0.000387"/>
</kw>
<kw name="Should Match Regexp" owner="BuiltIn">
<arg>${json_data['results'][0]['picture']['large']}</arg>
<arg>^https?://.*\.(?:png|jpe?g|gif|bmp)$</arg>
<doc>Fails if ``string`` does not match ``pattern`` as a regular expression.</doc>
<status status="PASS" start="2024-08-05T10:16:21.406574" elapsed="0.000459"/>
</kw>
<kw name="Should Match Regexp" owner="BuiltIn">
<arg>${json_data['results'][0]['picture']['medium']}</arg>
<arg>^https?://.*\.(?:png|jpe?g|gif|bmp)$</arg>
<doc>Fails if ``string`` does not match ``pattern`` as a regular expression.</doc>
<status status="PASS" start="2024-08-05T10:16:21.407220" elapsed="0.000352"/>
</kw>
<kw name="Should Match Regexp" owner="BuiltIn">
<arg>${json_data['results'][0]['picture']['thumbnail']}</arg>
<arg>^https?://.*\.(?:png|jpe?g|gif|bmp)$</arg>
<doc>Fails if ``string`` does not match ``pattern`` as a regular expression.</doc>
<status status="PASS" start="2024-08-05T10:16:21.407754" elapsed="0.000348"/>
</kw>
<kw name="Log" owner="BuiltIn">
<msg time="2024-08-05T10:16:21.408608" level="INFO">{'large': 'https://randomuser.me/api/portraits/women/22.jpg', 'medium': 'https://randomuser.me/api/portraits/med/women/22.jpg', 'thumbnail': 'https://randomuser.me/api/portraits/thumb/women/22.jpg'}</msg>
<arg>${json_data['results'][0]['picture']}</arg>
<doc>Logs the given message with the given level.</doc>
<status status="PASS" start="2024-08-05T10:16:21.408284" elapsed="0.000365"/>
</kw>
<status status="PASS" start="2024-08-05T10:16:21.149746" elapsed="0.259165"/>
</kw>
<kw name="Teste de Tipos de Dados - Postcode" owner="random-user-service">
<kw name="GET On Session" owner="RequestsLibrary">
<msg time="2024-08-05T10:16:21.658032" level="INFO">GET Request : url=https://randomuser.me/api 
 path_url=/api 
 headers={'User-Agent': 'python-requests/2.32.3', 'Accept-Encoding': 'gzip, deflate', 'Accept': '*/*', 'Connection': 'keep-alive'} 
 body=None 
 </msg>
<msg time="2024-08-05T10:16:21.658137" level="INFO">GET Response : url=https://randomuser.me/api 
 status=200, reason=OK 
 headers={'Date': 'Mon, 05 Aug 2024 10:16:21 GMT', 'Content-Type': 'application/json; charset=utf-8', 'Transfer-Encoding': 'chunked', 'Connection': 'keep-alive', 'X-Powered-By': 'Express', 'Access-Control-Allow-Origin': '*', 'Cache-Control': 'no-cache', 'ETag': 'W/"480-gIBy6oDagSQHj6jfktMskfJbaRA"', 'Vary': 'Accept-Encoding', 'Content-Encoding': 'gzip', 'CF-Cache-Status': 'DYNAMIC', 'Report-To': '{"endpoints":[{"url":"https:\\/\\/a.nel.cloudflare.com\\/report\\/v4?s=uJXBgSmV843nxUzGvWZ6IZOJgKdlYQzrE9AinNsLY7xRHZr0DlnyIMLuYk6bigUCrnW7YvQGQ1sMUaob25bDg5w%2FBy2VfElzJMl%2BGfBzevhlHxXuHlVOjATjoUqQwyvm"}],"group":"cf-nel","max_age":604800}', 'NEL': '{"success_fraction":0,"report_to":"cf-nel","max_age":604800}', 'Server': 'cloudflare', 'CF-RAY': '8ae607fdde9aa3e4-ORD', 'alt-svc': 'h3=":443"; ma=86400'} 
 body={"results":[{"gender":"female","name":{"title":"Mrs","first":"Ladomira","last":"Vilchinskiy"},"location":{"street":{"number":5027,"name":"Geroyiv Krut"},"city":"Izmayil","state":"Kirovogradska","country":"Ukraine","postcode":92632,"coordinates":{"latitude":"77.6461","longitude":"105.0828"},"timezone":{"offset":"-9:00","description":"Alaska"}},"email":"ladomira.vilchinskiy@example.com","login":{"uuid":"62818357-e35c-46d0-8357-6893b1918dd9","username":"lazygoose581","password":"faith1","salt":"ntWxZcrm","md5":"e53c6e7fd3c08a66e560ce865b818cb7","sha1":"7704b62d075093620f6aec4e6c9b7fb9d1f5b74d","sha256":"53ab0398d5a6b388940c0e21c5e5b0901235f5e28c92bd09730ed3feb8f0f713"},"dob":{"date":"1976-11-28T01:03:43.604Z","age":47},"registered":{"date":"2006-10-26T07:46:36.530Z","age":17},"phone":"(066) P05-8862","cell":"(099) H05-0278","id":{"name":"","value":null},"picture":{"large":"https://randomuser.me/api/portraits/women/72.jpg","medium":"https://randomuser.me/api/portraits/med/women/72.jpg","thumbnail":"https://randomuser.me/api/portraits/thumb/women/72.jpg"},"nat":"UA"}],"info":{"seed":"ac97362e41f4d364","results":1,"page":1,"version":"1.4"}} 
 </msg>
<msg time="2024-08-05T10:16:21.658205" level="INFO">/opt/hostedtoolcache/Python/3.12.4/x64/lib/python3.12/site-packages/urllib3/connectionpool.py:1099: InsecureRequestWarning: Unverified HTTPS request is being made to host 'randomuser.me'. Adding certificate verification is strongly advised. See: https://urllib3.readthedocs.io/en/latest/advanced-usage.html#tls-warnings
  warnings.warn(</msg>
<msg time="2024-08-05T10:16:21.658331" level="INFO">${response} = &lt;Response [200]&gt;</msg>
<var>${response}</var>
<arg>consultarAPI</arg>
<arg>/api</arg>
<doc>Sends a GET request on a previously created HTTP Session.</doc>
<status status="PASS" start="2024-08-05T10:16:21.409398" elapsed="0.248972"/>
</kw>
<kw name="Set Variable" owner="BuiltIn">
<msg time="2024-08-05T10:16:21.659589" level="INFO">${json_data} = {'results': [{'gender': 'female', 'name': {'title': 'Mrs', 'first': 'Ladomira', 'last': 'Vilchinskiy'}, 'location': {'street': {'number': 5027, 'name': 'Geroyiv Krut'}, 'city': 'Izmayil', 'state': 'Ki...</msg>
<var>${json_data}</var>
<arg>${response.json()}</arg>
<doc>Returns the given values which can then be assigned to a variables.</doc>
<status status="PASS" start="2024-08-05T10:16:21.659019" elapsed="0.000599"/>
</kw>
<kw name="Log" owner="BuiltIn">
<msg time="2024-08-05T10:16:21.660087" level="INFO">{'results': [{'gender': 'female', 'name': {'title': 'Mrs', 'first': 'Ladomira', 'last': 'Vilchinskiy'}, 'location': {'street': {'number': 5027, 'name': 'Geroyiv Krut'}, 'city': 'Izmayil', 'state': 'Kirovogradska', 'country': 'Ukraine', 'postcode': 92632, 'coordinates': {'latitude': '77.6461', 'longitude': '105.0828'}, 'timezone': {'offset': '-9:00', 'description': 'Alaska'}}, 'email': 'ladomira.vilchinskiy@example.com', 'login': {'uuid': '62818357-e35c-46d0-8357-6893b1918dd9', 'username': 'lazygoose581', 'password': 'faith1', 'salt': 'ntWxZcrm', 'md5': 'e53c6e7fd3c08a66e560ce865b818cb7', 'sha1': '7704b62d075093620f6aec4e6c9b7fb9d1f5b74d', 'sha256': '53ab0398d5a6b388940c0e21c5e5b0901235f5e28c92bd09730ed3feb8f0f713'}, 'dob': {'date': '1976-11-28T01:03:43.604Z', 'age': 47}, 'registered': {'date': '2006-10-26T07:46:36.530Z', 'age': 17}, 'phone': '(066) P05-8862', 'cell': '(099) H05-0278', 'id': {'name': '', 'value': None}, 'picture': {'large': 'https://randomuser.me/api/portraits/women/72.jpg', 'medium': 'https://randomuser.me/api/portraits/med/women/72.jpg', 'thumbnail': 'https://randomuser.me/api/portraits/thumb/women/72.jpg'}, 'nat': 'UA'}], 'info': {'seed': 'ac97362e41f4d364', 'results': 1, 'page': 1, 'version': '1.4'}}</msg>
<arg>${json_data}</arg>
<doc>Logs the given message with the given level.</doc>
<status status="PASS" start="2024-08-05T10:16:21.659927" elapsed="0.000206"/>
</kw>
<kw name="Should Be Equal As Numbers" owner="BuiltIn">
<arg>${json_data['results'][0]['location']['postcode']}</arg>
<arg>${json_data['results'][0]['location']['postcode']}</arg>
<doc>Fails if objects are unequal after converting them to real numbers.</doc>
<status status="PASS" start="2024-08-05T10:16:21.660432" elapsed="0.000627"/>
</kw>
<kw name="Log" owner="BuiltIn">
<msg time="2024-08-05T10:16:21.661661" level="INFO">92632</msg>
<arg>${json_data['results'][0]['location']['postcode']}</arg>
<doc>Logs the given message with the given level.</doc>
<status status="PASS" start="2024-08-05T10:16:21.661309" elapsed="0.000393"/>
</kw>
<status status="PASS" start="2024-08-05T10:16:21.409144" elapsed="0.252845"/>
</kw>
<doc>Testa se os tipos de dados na resposta da API estão corretos.</doc>
<tag>testeTiposDados</tag>
<status status="PASS" start="2024-08-05T10:16:21.149250" elapsed="0.512919"/>
</test>
<test id="s1-s1-t5" name="Validar conteudo" line="35">
<kw name="Teste de Tipos de Conteudo" owner="random-user-service">
<kw name="GET On Session" owner="RequestsLibrary">
<msg time="2024-08-05T10:16:21.989951" level="INFO">GET Request : url=https://randomuser.me/api 
 path_url=/api 
 headers={'User-Agent': 'python-requests/2.32.3', 'Accept-Encoding': 'gzip, deflate', 'Accept': '*/*', 'Connection': 'keep-alive'} 
 body=None 
 </msg>
<msg time="2024-08-05T10:16:21.990059" level="INFO">GET Response : url=https://randomuser.me/api 
 status=200, reason=OK 
 headers={'Date': 'Mon, 05 Aug 2024 10:16:21 GMT', 'Content-Type': 'application/json; charset=utf-8', 'Transfer-Encoding': 'chunked', 'Connection': 'keep-alive', 'X-Powered-By': 'Express', 'Access-Control-Allow-Origin': '*', 'Cache-Control': 'no-cache', 'ETag': 'W/"49e-1Ql6WxK+YphcanYjhWoPeURcNLQ"', 'Vary': 'Accept-Encoding', 'Content-Encoding': 'gzip', 'CF-Cache-Status': 'DYNAMIC', 'Report-To': '{"endpoints":[{"url":"https:\\/\\/a.nel.cloudflare.com\\/report\\/v4?s=YU5CSTN0hT6DcYMvHEr0P4e2jQOiQ7CuJuI8kM0Q5f0Dgqc%2Fj8XdwAXcXIVXDlYHN%2BfQcolpc8svkecBoPtG3BuO%2BkY7v6TlyCdW4ZIOxd6qBiH9fT8baa91BcN%2Bv5uB"}],"group":"cf-nel","max_age":604800}', 'NEL': '{"success_fraction":0,"report_to":"cf-nel","max_age":604800}', 'Server': 'cloudflare', 'CF-RAY': '8ae607ff6f8aa3e4-ORD', 'alt-svc': 'h3=":443"; ma=86400'} 
 body={"results":[{"gender":"female","name":{"title":"Ms","first":"Liliana","last":"Moraes"},"location":{"street":{"number":3127,"name":"Rua Carlos Gomes"},"city":"Apucarana","state":"Alagoas","country":"Brazil","postcode":95096,"coordinates":{"latitude":"-76.2149","longitude":"6.4021"},"timezone":{"offset":"-3:00","description":"Brazil, Buenos Aires, Georgetown"}},"email":"liliana.moraes@example.com","login":{"uuid":"99b55201-f2c1-45cb-913b-b4b2773e0f1f","username":"silverpeacock356","password":"cheers","salt":"jYevXSvf","md5":"1891b831843946aec578708d8e85a2e2","sha1":"ef2e6d8fbb4502403a77a8c5cf3323ce515cc1bd","sha256":"8c9e82650c252f22cc7cc2e34d917e1e6d7c193e0484888927db3094b29cc8c7"},"dob":{"date":"1987-03-03T23:44:13.189Z","age":37},"registered":{"date":"2005-08-25T21:28:54.687Z","age":18},"phone":"(42) 9090-9893","cell":"(45) 8991-9469","id":{"name":"CPF","value":"748.124.482-08"},"picture":{"large":"https://randomuser.me/api/portraits/women/43.jpg","medium":"https://randomuser.me/api/portraits/med/women/43.jpg","thumbnail":"https://randomuser.me/api/portraits/thumb/women/43.jpg"},"nat":"BR"}],"info":{"seed":"e7addcd66cdcc75b","results":1,"page":1,"version":"1.4"}} 
 </msg>
<msg time="2024-08-05T10:16:21.990132" level="INFO">/opt/hostedtoolcache/Python/3.12.4/x64/lib/python3.12/site-packages/urllib3/connectionpool.py:1099: InsecureRequestWarning: Unverified HTTPS request is being made to host 'randomuser.me'. Adding certificate verification is strongly advised. See: https://urllib3.readthedocs.io/en/latest/advanced-usage.html#tls-warnings
  warnings.warn(</msg>
<msg time="2024-08-05T10:16:21.990258" level="INFO">${response} = &lt;Response [200]&gt;</msg>
<var>${response}</var>
<arg>consultarAPI</arg>
<arg>/api</arg>
<doc>Sends a GET request on a previously created HTTP Session.</doc>
<status status="PASS" start="2024-08-05T10:16:21.664714" elapsed="0.325571"/>
</kw>
<kw name="Set Variable" owner="BuiltIn">
<msg time="2024-08-05T10:16:21.991404" level="INFO">${json_data} = {'results': [{'gender': 'female', 'name': {'title': 'Ms', 'first': 'Liliana', 'last': 'Moraes'}, 'location': {'street': {'number': 3127, 'name': 'Rua Carlos Gomes'}, 'city': 'Apucarana', 'state': 'Ala...</msg>
<var>${json_data}</var>
<arg>${response.json()}</arg>
<doc>Returns the given values which can then be assigned to a variables.</doc>
<status status="PASS" start="2024-08-05T10:16:21.990873" elapsed="0.000560"/>
</kw>
<kw name="Set Variable" owner="BuiltIn">
<msg time="2024-08-05T10:16:21.992136" level="INFO">${name_title} = Ms</msg>
<var>${name_title}</var>
<arg>${json_data["results"][0]["name"]["title"]}</arg>
<doc>Returns the given values which can then be assigned to a variables.</doc>
<status status="PASS" start="2024-08-05T10:16:21.991745" elapsed="0.000417"/>
</kw>
<kw name="Create List" owner="BuiltIn">
<msg time="2024-08-05T10:16:21.992609" level="INFO">${allowed_titles} = ['Mr', 'Ms', 'Miss', 'Mrs', 'Madame', 'Monsieur']</msg>
<var>${allowed_titles}</var>
<arg>Mr</arg>
<arg>Ms</arg>
<arg>Miss</arg>
<arg>Mrs</arg>
<arg>Madame</arg>
<arg>Monsieur</arg>
<doc>Returns a list containing given items.</doc>
<status status="PASS" start="2024-08-05T10:16:21.992462" elapsed="0.000172"/>
</kw>
<kw name="List Should Contain Value" owner="Collections">
<arg>${allowed_titles}</arg>
<arg>${name_title}</arg>
<doc>Fails if the ``value`` is not found from ``list``.</doc>
<status status="PASS" start="2024-08-05T10:16:21.992936" elapsed="0.000182"/>
</kw>
<kw name="Set Variable" owner="BuiltIn">
<msg time="2024-08-05T10:16:21.993747" level="INFO">${name_country} = BR</msg>
<var>${name_country}</var>
<arg>${json_data["results"][0]["nat"]}</arg>
<doc>Returns the given values which can then be assigned to a variables.</doc>
<status status="PASS" start="2024-08-05T10:16:21.993367" elapsed="0.000406"/>
</kw>
<kw name="Create List" owner="BuiltIn">
<msg time="2024-08-05T10:16:21.994653" level="INFO">${list_country} = ['AD', 'AE', 'AF', 'AG', 'AI', 'AL', 'AM', 'AO', 'AQ', 'AR', 'AS', 'AT', 'AU', 'AW', 'AX', 'AZ', 'BA', 'BB', 'BD', 'BE', 'BF', 'BG', 'BH', 'BI', 'BJ', 'BL', 'BM', 'BN', 'BO', 'BQ', 'BR', 'BS', 'BT', '...</msg>
<var>${list_country}</var>
<arg>AD</arg>
<arg>AE</arg>
<arg>AF</arg>
<arg>AG</arg>
<arg>AI</arg>
<arg>AL</arg>
<arg>AM</arg>
<arg>AO</arg>
<arg>AQ</arg>
<arg>AR</arg>
<arg>AS</arg>
<arg>AT</arg>
<arg>AU</arg>
<arg>AW</arg>
<arg>AX</arg>
<arg>AZ</arg>
<arg>BA</arg>
<arg>BB</arg>
<arg>BD</arg>
<arg>BE</arg>
<arg>BF</arg>
<arg>BG</arg>
<arg>BH</arg>
<arg>BI</arg>
<arg>BJ</arg>
<arg>BL</arg>
<arg>BM</arg>
<arg>BN</arg>
<arg>BO</arg>
<arg>BQ</arg>
<arg>BR</arg>
<arg>BS</arg>
<arg>BT</arg>
<arg>BV</arg>
<arg>BW</arg>
<arg>BY</arg>
<arg>BZ</arg>
<arg>CA</arg>
<arg>CC</arg>
<arg>CD</arg>
<arg>CF</arg>
<arg>CG</arg>
<arg>CH</arg>
<arg>CI</arg>
<arg>CK</arg>
<arg>CL</arg>
<arg>CM</arg>
<arg>CN</arg>
<arg>CO</arg>
<arg>CR</arg>
<arg>CU</arg>
<arg>CV</arg>
<arg>CW</arg>
<arg>CX</arg>
<arg>CY</arg>
<arg>CZ</arg>
<arg>DE</arg>
<arg>DJ</arg>
<arg>DK</arg>
<arg>DM</arg>
<arg>DO</arg>
<arg>DZ</arg>
<arg>EC</arg>
<arg>EE</arg>
<arg>EG</arg>
<arg>EH</arg>
<arg>ER</arg>
<arg>ES</arg>
<arg>ET</arg>
<arg>FI</arg>
<arg>FJ</arg>
<arg>FK</arg>
<arg>FM</arg>
<arg>FO</arg>
<arg>FR</arg>
<arg>GA</arg>
<arg>GB</arg>
<arg>GD</arg>
<arg>GE</arg>
<arg>GF</arg>
<arg>GG</arg>
<arg>GH</arg>
<arg>GI</arg>
<arg>GL</arg>
<arg>GM</arg>
<arg>GN</arg>
<arg>GP</arg>
<arg>GQ</arg>
<arg>GR</arg>
<arg>GS</arg>
<arg>GT</arg>
<arg>GU</arg>
<arg>GW</arg>
<arg>GY</arg>
<arg>HK</arg>
<arg>HM</arg>
<arg>HN</arg>
<arg>HR</arg>
<arg>HT</arg>
<arg>HU</arg>
<arg>ID</arg>
<arg>IE</arg>
<arg>IL</arg>
<arg>IM</arg>
<arg>IN</arg>
<arg>IO</arg>
<arg>IQ</arg>
<arg>IR</arg>
<arg>IS</arg>
<arg>IT</arg>
<arg>JE</arg>
<arg>JM</arg>
<arg>JO</arg>
<arg>JP</arg>
<arg>KE</arg>
<arg>KG</arg>
<arg>KH</arg>
<arg>KI</arg>
<arg>KM</arg>
<arg>KN</arg>
<arg>KP</arg>
<arg>KR</arg>
<arg>KW</arg>
<arg>KY</arg>
<arg>KZ</arg>
<arg>LA</arg>
<arg>LB</arg>
<arg>LC</arg>
<arg>LI</arg>
<arg>LK</arg>
<arg>LR</arg>
<arg>LS</arg>
<arg>LT</arg>
<arg>LU</arg>
<arg>LV</arg>
<arg>LY</arg>
<arg>MA</arg>
<arg>MC</arg>
<arg>MD</arg>
<arg>ME</arg>
<arg>MF</arg>
<arg>MG</arg>
<arg>MH</arg>
<arg>MK</arg>
<arg>ML</arg>
<arg>MM</arg>
<arg>MN</arg>
<arg>MO</arg>
<arg>MP</arg>
<arg>MQ</arg>
<arg>MR</arg>
<arg>MS</arg>
<arg>MT</arg>
<arg>MU</arg>
<arg>MV</arg>
<arg>MW</arg>
<arg>MX</arg>
<arg>MY</arg>
<arg>MZ</arg>
<arg>NA</arg>
<arg>NC</arg>
<arg>NE</arg>
<arg>NF</arg>
<arg>NG</arg>
<arg>NI</arg>
<arg>NL</arg>
<arg>NO</arg>
<arg>NP</arg>
<arg>NR</arg>
<arg>NU</arg>
<arg>NZ</arg>
<arg>OM</arg>
<arg>PA</arg>
<arg>PE</arg>
<arg>PF</arg>
<arg>PG</arg>
<arg>PH</arg>
<arg>PK</arg>
<arg>PL</arg>
<arg>PM</arg>
<arg>PN</arg>
<arg>PR</arg>
<arg>PS</arg>
<arg>PT</arg>
<arg>PW</arg>
<arg>PY</arg>
<arg>QA</arg>
<arg>RE</arg>
<arg>RO</arg>
<arg>RS</arg>
<arg>RU</arg>
<arg>RW</arg>
<arg>SA</arg>
<arg>SB</arg>
<arg>SC</arg>
<arg>SD</arg>
<arg>SE</arg>
<arg>SG</arg>
<arg>SH</arg>
<arg>SI</arg>
<arg>SJ</arg>
<arg>SK</arg>
<arg>SL</arg>
<arg>SM</arg>
<arg>SN</arg>
<arg>SO</arg>
<arg>SR</arg>
<arg>SS</arg>
<arg>ST</arg>
<arg>SV</arg>
<arg>SX</arg>
<arg>SY</arg>
<arg>SZ</arg>
<arg>TC</arg>
<arg>TD</arg>
<arg>TF</arg>
<arg>TG</arg>
<arg>TH</arg>
<arg>TJ</arg>
<arg>TK</arg>
<arg>TL</arg>
<arg>TM</arg>
<arg>TN</arg>
<arg>TO</arg>
<arg>TR</arg>
<arg>TT</arg>
<arg>TV</arg>
<arg>TW</arg>
<arg>TZ</arg>
<arg>UA</arg>
<arg>UG</arg>
<arg>UM</arg>
<arg>US</arg>
<arg>UY</arg>
<arg>UZ</arg>
<arg>VA</arg>
<arg>VC</arg>
<arg>VE</arg>
<arg>VG</arg>
<arg>VI</arg>
<arg>VN</arg>
<arg>VU</arg>
<arg>WF</arg>
<arg>WS</arg>
<arg>XK</arg>
<arg>YE</arg>
<arg>YT</arg>
<arg>ZA</arg>
<arg>ZM</arg>
<arg>ZW</arg>
<doc>Returns a list containing given items.</doc>
<status status="PASS" start="2024-08-05T10:16:21.994066" elapsed="0.000614"/>
</kw>
<kw name="List Should Contain Value" owner="Collections">
<arg>${list_country}</arg>
<arg>${name_country}</arg>
<doc>Fails if the ``value`` is not found from ``list``.</doc>
<status status="PASS" start="2024-08-05T10:16:21.995695" elapsed="0.000212"/>
</kw>
<kw name="Run Keyword If" owner="BuiltIn">
<kw name="Should Be True" owner="BuiltIn">
<arg>${True}</arg>
<doc>Fails if the given condition is not true.</doc>
<status status="PASS" start="2024-08-05T10:16:21.996880" elapsed="0.000142"/>
</kw>
<arg>${json_data["results"][0]["location"]["coordinates"]["latitude"]} &gt;= -90 and ${json_data["results"][0]["location"]["coordinates"]["latitude"]} &lt;= 90</arg>
<arg>Should Be True</arg>
<arg>${True}</arg>
<doc>Runs the given keyword with the given arguments, if ``condition`` is true.</doc>
<status status="PASS" start="2024-08-05T10:16:21.996121" elapsed="0.001029"/>
</kw>
<kw name="Run Keyword If" owner="BuiltIn">
<kw name="Should Be True" owner="BuiltIn">
<arg>${True}</arg>
<doc>Fails if the given condition is not true.</doc>
<status status="PASS" start="2024-08-05T10:16:21.998061" elapsed="0.000139"/>
</kw>
<arg>${json_data["results"][0]["location"]["coordinates"]["longitude"]} &gt;= -180 and ${json_data["results"][0]["location"]["coordinates"]["longitude"]} &lt;= 180</arg>
<arg>Should Be True</arg>
<arg>${True}</arg>
<doc>Runs the given keyword with the given arguments, if ``condition`` is true.</doc>
<status status="PASS" start="2024-08-05T10:16:21.997365" elapsed="0.000958"/>
</kw>
<status status="PASS" start="2024-08-05T10:16:21.664488" elapsed="0.333966"/>
</kw>
<doc>Testa o conteúdo específico dos campos retornados pela API.</doc>
<tag>testeConteudo</tag>
<status status="PASS" start="2024-08-05T10:16:21.663922" elapsed="0.334691"/>
</test>
<status status="PASS" start="2024-08-05T10:16:20.340843" elapsed="1.659733"/>
</suite>
<status status="PASS" start="2024-08-05T10:16:20.325867" elapsed="1.679966"/>
</suite>
<statistics>
<total>
<stat pass="5" fail="0" skip="0">All Tests</stat>
</total>
<tag>
<stat pass="1" fail="0" skip="0">testeConteudo</stat>
<stat pass="1" fail="0" skip="0">testeEstruturaResposta</stat>
<stat pass="1" fail="0" skip="0">testeRequisicaoBasica</stat>
<stat pass="1" fail="0" skip="0">testeTiposDados</stat>
</tag>
<suite>
<stat pass="5" fail="0" skip="0" id="s1" name="Tests">Tests</stat>
<stat pass="5" fail="0" skip="0" id="s1-s1" name="Random-User-Test">Tests.Random-User-Test</stat>
</suite>
</statistics>
<errors>
</errors>
</robot>
