<?xml version="1.0" encoding="UTF-8"?>
<robot generator="Robot 7.0.1 (Python 3.12.4 on linux)" generated="2024-07-15T11:12:47.872675" rpa="false" schemaversion="5">
<suite id="s1" name="Tests" source="/home/runner/work/ApiRandomUser/ApiRandomUser/RamdonUser/tests">
<suite id="s1-s1" name="Random-User-Test" source="/home/runner/work/ApiRandomUser/ApiRandomUser/RamdonUser/tests/random-user-test.robot">
<test id="s1-s1-t1" name="Conectar" line="13">
<kw name="Conectar API" owner="random-user-service">
<kw name="Create Session" owner="RequestsLibrary">
<msg time="2024-07-15T11:12:48.273771" level="INFO">Creating Session using : alias=consultarAPI, url=https://randomuser.me/, headers={},                     cookies={}, auth=None, timeout=None, proxies=None, verify=False,                     debug=0 </msg>
<arg>consultarAPI</arg>
<arg>${URL}</arg>
<doc>Create Session: create a HTTP session to a server</doc>
<status status="PASS" start="2024-07-15T11:12:48.273568" elapsed="0.000378"/>
</kw>
<status status="PASS" start="2024-07-15T11:12:48.272565" elapsed="0.001733"/>
</kw>
<status status="PASS" start="2024-07-15T11:12:48.272035" elapsed="0.002450"/>
</test>
<test id="s1-s1-t2" name="Validar retorno 200 e JSON Válido" line="16">
<kw name="Teste de Requisicao Basica" owner="random-user-service">
<kw name="GET On Session" owner="RequestsLibrary">
<msg time="2024-07-15T11:12:48.573568" level="INFO">GET Request : url=https://randomuser.me/api 
 path_url=/api 
 headers={'User-Agent': 'python-requests/2.32.3', 'Accept-Encoding': 'gzip, deflate', 'Accept': '*/*', 'Connection': 'keep-alive'} 
 body=None 
 </msg>
<msg time="2024-07-15T11:12:48.573707" level="INFO">GET Response : url=https://randomuser.me/api 
 status=200, reason=OK 
 headers={'Date': 'Mon, 15 Jul 2024 11:12:48 GMT', 'Content-Type': 'application/json; charset=utf-8', 'Transfer-Encoding': 'chunked', 'Connection': 'keep-alive', 'X-Powered-By': 'Express', 'Access-Control-Allow-Origin': '*', 'Cache-Control': 'no-cache', 'ETag': 'W/"4a5-Q8rU+UlduQQi7SOlV943jMrHAzo"', 'Vary': 'Accept-Encoding', 'Content-Encoding': 'gzip', 'CF-Cache-Status': 'DYNAMIC', 'Report-To': '{"endpoints":[{"url":"https:\\/\\/a.nel.cloudflare.com\\/report\\/v4?s=7%2FdB7wiUL4PCU2DDk6FNHOtH07nQvG1jKZd2%2BRCHgvyzUmrhN3XpbvBYjuvTzi4xbUt70ucZhT6fZl4rt8d%2FfuP7lw9lDEf9Ph4CvZNTKXDLuCJSUXYc%2FNWP3etLzMcN"}],"group":"cf-nel","max_age":604800}', 'NEL': '{"success_fraction":0,"report_to":"cf-nel","max_age":604800}', 'Server': 'cloudflare', 'CF-RAY': '8a3951cf0f790925-LAX', 'alt-svc': 'h3=":443"; ma=86400'} 
 body={"results":[{"gender":"female","name":{"title":"Miss","first":"Avreliya","last":"Kurach"},"location":{"street":{"number":9697,"name":"Krasnoyarskiy provulok"},"city":"Ustilug","state":"Ternopilska","country":"Ukraine","postcode":48594,"coordinates":{"latitude":"78.0244","longitude":"38.7023"},"timezone":{"offset":"-5:00","description":"Eastern Time (US &amp; Canada), Bogota, Lima"}},"email":"avreliya.kurach@example.com","login":{"uuid":"0744f7ec-698f-4a4a-998f-b03a5f752d53","username":"yellowostrich131","password":"kimberly","salt":"JF7PqPKK","md5":"9753d60234a5395aa2dce83a54e123d7","sha1":"6f74c3156c40f400207325a564f912817f5d5b8f","sha256":"efa7b46a0abd15a456a6fd00f38e2c5434b91e90f1bbb94edb401ca34dd604fe"},"dob":{"date":"1956-11-16T21:35:27.800Z","age":67},"registered":{"date":"2015-11-13T11:32:55.008Z","age":8},"phone":"(099) L31-8312","cell":"(098) B88-9314","id":{"name":"","value":null},"picture":{"large":"https://randomuser.me/api/portraits/women/35.jpg","medium":"https://randomuser.me/api/portraits/med/women/35.jpg","thumbnail":"https://randomuser.me/api/portraits/thumb/women/35.jpg"},"nat":"UA"}],"info":{"seed":"a92af775466fdbab","results":1,"page":1,"version":"1.4"}} 
 </msg>
<msg time="2024-07-15T11:12:48.573794" level="INFO">/opt/hostedtoolcache/Python/3.12.4/x64/lib/python3.12/site-packages/urllib3/connectionpool.py:1099: InsecureRequestWarning: Unverified HTTPS request is being made to host 'randomuser.me'. Adding certificate verification is strongly advised. See: https://urllib3.readthedocs.io/en/latest/advanced-usage.html#tls-warnings
  warnings.warn(</msg>
<msg time="2024-07-15T11:12:48.573941" level="INFO">${response} = &lt;Response [200]&gt;</msg>
<var>${response}</var>
<arg>consultarAPI</arg>
<arg>/api</arg>
<doc>Sends a GET request on a previously created HTTP Session.</doc>
<status status="PASS" start="2024-07-15T11:12:48.277115" elapsed="0.296870"/>
</kw>
<kw name="Should Be Equal As Numbers" owner="BuiltIn">
<msg time="2024-07-15T11:12:48.575095" level="INFO">Argument types are:
&lt;class 'int'&gt;
&lt;class 'str'&gt;</msg>
<arg>${response.status_code}</arg>
<arg>200</arg>
<doc>Fails if objects are unequal after converting them to real numbers.</doc>
<status status="PASS" start="2024-07-15T11:12:48.574602" elapsed="0.000558"/>
</kw>
<kw name="Log" owner="BuiltIn">
<msg time="2024-07-15T11:12:48.575810" level="INFO">200</msg>
<arg>${response.status_code}</arg>
<doc>Logs the given message with the given level.</doc>
<status status="PASS" start="2024-07-15T11:12:48.575470" elapsed="0.000382"/>
</kw>
<kw name="Set Variable" owner="BuiltIn">
<msg time="2024-07-15T11:12:48.576578" level="INFO">${json_data} = {'results': [{'gender': 'female', 'name': {'title': 'Miss', 'first': 'Avreliya', 'last': 'Kurach'}, 'location': {'street': {'number': 9697, 'name': 'Krasnoyarskiy provulok'}, 'city': 'Ustilug', 'state...</msg>
<var>${json_data}</var>
<arg>${response.json()}</arg>
<doc>Returns the given values which can then be assigned to a variables.</doc>
<status status="PASS" start="2024-07-15T11:12:48.576149" elapsed="0.000457"/>
</kw>
<kw name="Dictionary Should Contain Key" owner="Collections">
<arg>${json_data}</arg>
<arg>results</arg>
<doc>Fails if ``key`` is not found from ``dictionary``.</doc>
<status status="PASS" start="2024-07-15T11:12:48.576897" elapsed="0.000157"/>
</kw>
<status status="PASS" start="2024-07-15T11:12:48.276870" elapsed="0.300339"/>
</kw>
<doc>Testa se a API responde corretamente e retorna um objeto JSON válido.</doc>
<tag>testeRequisicaoBasica</tag>
<status status="PASS" start="2024-07-15T11:12:48.276349" elapsed="0.301037"/>
</test>
<test id="s1-s1-t3" name="Validar estrutura de resposta" line="22">
<kw name="Teste de Estrutura de Resposta" owner="random-user-service">
<kw name="GET On Session" owner="RequestsLibrary">
<msg time="2024-07-15T11:12:48.678173" level="INFO">GET Request : url=https://randomuser.me/api 
 path_url=/api 
 headers={'User-Agent': 'python-requests/2.32.3', 'Accept-Encoding': 'gzip, deflate', 'Accept': '*/*', 'Connection': 'keep-alive'} 
 body=None 
 </msg>
<msg time="2024-07-15T11:12:48.678260" level="INFO">GET Response : url=https://randomuser.me/api 
 status=200, reason=OK 
 headers={'Date': 'Mon, 15 Jul 2024 11:12:48 GMT', 'Content-Type': 'application/json; charset=utf-8', 'Transfer-Encoding': 'chunked', 'Connection': 'keep-alive', 'X-Powered-By': 'Express', 'Access-Control-Allow-Origin': '*', 'Cache-Control': 'no-cache', 'ETag': 'W/"494-EghciskDxKJgTh2uhazJHH70LyU"', 'Vary': 'Accept-Encoding', 'Content-Encoding': 'gzip', 'CF-Cache-Status': 'DYNAMIC', 'Report-To': '{"endpoints":[{"url":"https:\\/\\/a.nel.cloudflare.com\\/report\\/v4?s=G1kLnYoFAakYVJNmx41WZ813TjUtYSEepe7woBA4fs1TsfxxKYPdIT%2F0b4lu3jnWnRby%2F2EL3pwrGSL0kWO2egjRMOJJPmm0FYY8JvL69f2H%2FJfaFeJr2RyMAmLAwARA"}],"group":"cf-nel","max_age":604800}', 'NEL': '{"success_fraction":0,"report_to":"cf-nel","max_age":604800}', 'Server': 'cloudflare', 'CF-RAY': '8a3951cfaff90925-LAX', 'alt-svc': 'h3=":443"; ma=86400'} 
 body={"results":[{"gender":"male","name":{"title":"Mr","first":"Josif","last":"Tešić"},"location":{"street":{"number":3232,"name":"Dragoljuba Ivkova"},"city":"Bačka Palanka","state":"North Banat","country":"Serbia","postcode":13505,"coordinates":{"latitude":"57.3613","longitude":"-143.3519"},"timezone":{"offset":"+8:00","description":"Beijing, Perth, Singapore, Hong Kong"}},"email":"josif.tesic@example.com","login":{"uuid":"5dd53160-0200-406b-bc79-56073cca70ec","username":"lazylion413","password":"searay","salt":"dlcabyRC","md5":"f4bf2c48d1ca15440207e6e78494301f","sha1":"d1f16f156e04ddbacad39bc7ed576159d5037412","sha256":"1bbea5be9ff01544a3a3fecc902f598e8937e224d83043c7ff543aacaf19685b"},"dob":{"date":"1969-03-02T02:47:25.910Z","age":55},"registered":{"date":"2002-10-08T19:53:58.868Z","age":21},"phone":"017-7640-972","cell":"062-0135-223","id":{"name":"SID","value":"866279047"},"picture":{"large":"https://randomuser.me/api/portraits/men/46.jpg","medium":"https://randomuser.me/api/portraits/med/men/46.jpg","thumbnail":"https://randomuser.me/api/portraits/thumb/men/46.jpg"},"nat":"RS"}],"info":{"seed":"4d7274e4bc66dd29","results":1,"page":1,"version":"1.4"}} 
 </msg>
<msg time="2024-07-15T11:12:48.678393" level="INFO">/opt/hostedtoolcache/Python/3.12.4/x64/lib/python3.12/site-packages/urllib3/connectionpool.py:1099: InsecureRequestWarning: Unverified HTTPS request is being made to host 'randomuser.me'. Adding certificate verification is strongly advised. See: https://urllib3.readthedocs.io/en/latest/advanced-usage.html#tls-warnings
  warnings.warn(</msg>
<msg time="2024-07-15T11:12:48.678513" level="INFO">${response} = &lt;Response [200]&gt;</msg>
<var>${response}</var>
<arg>consultarAPI</arg>
<arg>/api</arg>
<doc>Sends a GET request on a previously created HTTP Session.</doc>
<status status="PASS" start="2024-07-15T11:12:48.580054" elapsed="0.098511"/>
</kw>
<kw name="Set Variable" owner="BuiltIn">
<msg time="2024-07-15T11:12:48.679775" level="INFO">${json_data} = {'results': [{'gender': 'male', 'name': {'title': 'Mr', 'first': 'Josif', 'last': 'Tešić'}, 'location': {'street': {'number': 3232, 'name': 'Dragoljuba Ivkova'}, 'city': 'Bačka Palanka', 'state': 'Nor...</msg>
<var>${json_data}</var>
<arg>${response.json()}</arg>
<doc>Returns the given values which can then be assigned to a variables.</doc>
<status status="PASS" start="2024-07-15T11:12:48.679097" elapsed="0.000708"/>
</kw>
<kw name="Log" owner="BuiltIn">
<msg time="2024-07-15T11:12:48.680277" level="INFO">{'results': [{'gender': 'male', 'name': {'title': 'Mr', 'first': 'Josif', 'last': 'Tešić'}, 'location': {'street': {'number': 3232, 'name': 'Dragoljuba Ivkova'}, 'city': 'Bačka Palanka', 'state': 'North Banat', 'country': 'Serbia', 'postcode': 13505, 'coordinates': {'latitude': '57.3613', 'longitude': '-143.3519'}, 'timezone': {'offset': '+8:00', 'description': 'Beijing, Perth, Singapore, Hong Kong'}}, 'email': 'josif.tesic@example.com', 'login': {'uuid': '5dd53160-0200-406b-bc79-56073cca70ec', 'username': 'lazylion413', 'password': 'searay', 'salt': 'dlcabyRC', 'md5': 'f4bf2c48d1ca15440207e6e78494301f', 'sha1': 'd1f16f156e04ddbacad39bc7ed576159d5037412', 'sha256': '1bbea5be9ff01544a3a3fecc902f598e8937e224d83043c7ff543aacaf19685b'}, 'dob': {'date': '1969-03-02T02:47:25.910Z', 'age': 55}, 'registered': {'date': '2002-10-08T19:53:58.868Z', 'age': 21}, 'phone': '017-7640-972', 'cell': '062-0135-223', 'id': {'name': 'SID', 'value': '866279047'}, 'picture': {'large': 'https://randomuser.me/api/portraits/men/46.jpg', 'medium': 'https://randomuser.me/api/portraits/med/men/46.jpg', 'thumbnail': 'https://randomuser.me/api/portraits/thumb/men/46.jpg'}, 'nat': 'RS'}], 'info': {'seed': '4d7274e4bc66dd29', 'results': 1, 'page': 1, 'version': '1.4'}}</msg>
<arg>${json_data}</arg>
<doc>Logs the given message with the given level.</doc>
<status status="PASS" start="2024-07-15T11:12:48.680117" elapsed="0.000210"/>
</kw>
<kw name="Dictionary Should Contain Key" owner="Collections">
<arg>${json_data}</arg>
<arg>results</arg>
<doc>Fails if ``key`` is not found from ``dictionary``.</doc>
<status status="PASS" start="2024-07-15T11:12:48.680617" elapsed="0.000155"/>
</kw>
<kw name="Should Not Be Empty" owner="BuiltIn">
<msg time="2024-07-15T11:12:48.681088" level="INFO">Length is 2.</msg>
<arg>${json_data}</arg>
<doc>Verifies that the given item is not empty.</doc>
<status status="PASS" start="2024-07-15T11:12:48.680958" elapsed="0.000169"/>
</kw>
<kw name="Create List" owner="BuiltIn">
<msg time="2024-07-15T11:12:48.681737" level="INFO">${expected_keys} = ['gender', 'name', 'location', 'email', 'login']</msg>
<var>${expected_keys}</var>
<arg>gender</arg>
<arg>name</arg>
<arg>location</arg>
<arg>email</arg>
<arg>login</arg>
<doc>Returns a list containing given items.</doc>
<status status="PASS" start="2024-07-15T11:12:48.681413" elapsed="0.000349"/>
</kw>
<for flavor="IN">
<iter>
<kw name="Dictionary Should Contain Key" owner="Collections">
<arg>${json_data['results'][0]}</arg>
<arg>${key}</arg>
<doc>Fails if ``key`` is not found from ``dictionary``.</doc>
<status status="PASS" start="2024-07-15T11:12:48.682332" elapsed="0.000426"/>
</kw>
<kw name="Log" owner="BuiltIn">
<msg time="2024-07-15T11:12:48.683313" level="INFO">{'gender': 'male', 'name': {'title': 'Mr', 'first': 'Josif', 'last': 'Tešić'}, 'location': {'street': {'number': 3232, 'name': 'Dragoljuba Ivkova'}, 'city': 'Bačka Palanka', 'state': 'North Banat', 'country': 'Serbia', 'postcode': 13505, 'coordinates': {'latitude': '57.3613', 'longitude': '-143.3519'}, 'timezone': {'offset': '+8:00', 'description': 'Beijing, Perth, Singapore, Hong Kong'}}, 'email': 'josif.tesic@example.com', 'login': {'uuid': '5dd53160-0200-406b-bc79-56073cca70ec', 'username': 'lazylion413', 'password': 'searay', 'salt': 'dlcabyRC', 'md5': 'f4bf2c48d1ca15440207e6e78494301f', 'sha1': 'd1f16f156e04ddbacad39bc7ed576159d5037412', 'sha256': '1bbea5be9ff01544a3a3fecc902f598e8937e224d83043c7ff543aacaf19685b'}, 'dob': {'date': '1969-03-02T02:47:25.910Z', 'age': 55}, 'registered': {'date': '2002-10-08T19:53:58.868Z', 'age': 21}, 'phone': '017-7640-972', 'cell': '062-0135-223', 'id': {'name': 'SID', 'value': '866279047'}, 'picture': {'large': 'https://randomuser.me/api/portraits/men/46.jpg', 'medium': 'https://randomuser.me/api/portraits/med/men/46.jpg', 'thumbnail': 'https://randomuser.me/api/portraits/thumb/men/46.jpg'}, 'nat': 'RS'}</msg>
<arg>${json_data['results'][0]}</arg>
<doc>Logs the given message with the given level.</doc>
<status status="PASS" start="2024-07-15T11:12:48.682948" elapsed="0.000419"/>
</kw>
<kw name="Log" owner="BuiltIn">
<msg time="2024-07-15T11:12:48.683797" level="INFO">gender</msg>
<arg>${key}</arg>
<doc>Logs the given message with the given level.</doc>
<status status="PASS" start="2024-07-15T11:12:48.683669" elapsed="0.000166"/>
</kw>
<var name="${key}">gender</var>
<status status="PASS" start="2024-07-15T11:12:48.682209" elapsed="0.001841"/>
</iter>
<iter>
<kw name="Dictionary Should Contain Key" owner="Collections">
<arg>${json_data['results'][0]}</arg>
<arg>${key}</arg>
<doc>Fails if ``key`` is not found from ``dictionary``.</doc>
<status status="PASS" start="2024-07-15T11:12:48.684340" elapsed="0.000383"/>
</kw>
<kw name="Log" owner="BuiltIn">
<msg time="2024-07-15T11:12:48.685288" level="INFO">{'gender': 'male', 'name': {'title': 'Mr', 'first': 'Josif', 'last': 'Tešić'}, 'location': {'street': {'number': 3232, 'name': 'Dragoljuba Ivkova'}, 'city': 'Bačka Palanka', 'state': 'North Banat', 'country': 'Serbia', 'postcode': 13505, 'coordinates': {'latitude': '57.3613', 'longitude': '-143.3519'}, 'timezone': {'offset': '+8:00', 'description': 'Beijing, Perth, Singapore, Hong Kong'}}, 'email': 'josif.tesic@example.com', 'login': {'uuid': '5dd53160-0200-406b-bc79-56073cca70ec', 'username': 'lazylion413', 'password': 'searay', 'salt': 'dlcabyRC', 'md5': 'f4bf2c48d1ca15440207e6e78494301f', 'sha1': 'd1f16f156e04ddbacad39bc7ed576159d5037412', 'sha256': '1bbea5be9ff01544a3a3fecc902f598e8937e224d83043c7ff543aacaf19685b'}, 'dob': {'date': '1969-03-02T02:47:25.910Z', 'age': 55}, 'registered': {'date': '2002-10-08T19:53:58.868Z', 'age': 21}, 'phone': '017-7640-972', 'cell': '062-0135-223', 'id': {'name': 'SID', 'value': '866279047'}, 'picture': {'large': 'https://randomuser.me/api/portraits/men/46.jpg', 'medium': 'https://randomuser.me/api/portraits/med/men/46.jpg', 'thumbnail': 'https://randomuser.me/api/portraits/thumb/men/46.jpg'}, 'nat': 'RS'}</msg>
<arg>${json_data['results'][0]}</arg>
<doc>Logs the given message with the given level.</doc>
<status status="PASS" start="2024-07-15T11:12:48.684924" elapsed="0.000449"/>
</kw>
<kw name="Log" owner="BuiltIn">
<msg time="2024-07-15T11:12:48.685822" level="INFO">name</msg>
<arg>${key}</arg>
<doc>Logs the given message with the given level.</doc>
<status status="PASS" start="2024-07-15T11:12:48.685693" elapsed="0.000167"/>
</kw>
<var name="${key}">name</var>
<status status="PASS" start="2024-07-15T11:12:48.684230" elapsed="0.001845"/>
</iter>
<iter>
<kw name="Dictionary Should Contain Key" owner="Collections">
<arg>${json_data['results'][0]}</arg>
<arg>${key}</arg>
<doc>Fails if ``key`` is not found from ``dictionary``.</doc>
<status status="PASS" start="2024-07-15T11:12:48.686353" elapsed="0.000375"/>
</kw>
<kw name="Log" owner="BuiltIn">
<msg time="2024-07-15T11:12:48.687333" level="INFO">{'gender': 'male', 'name': {'title': 'Mr', 'first': 'Josif', 'last': 'Tešić'}, 'location': {'street': {'number': 3232, 'name': 'Dragoljuba Ivkova'}, 'city': 'Bačka Palanka', 'state': 'North Banat', 'country': 'Serbia', 'postcode': 13505, 'coordinates': {'latitude': '57.3613', 'longitude': '-143.3519'}, 'timezone': {'offset': '+8:00', 'description': 'Beijing, Perth, Singapore, Hong Kong'}}, 'email': 'josif.tesic@example.com', 'login': {'uuid': '5dd53160-0200-406b-bc79-56073cca70ec', 'username': 'lazylion413', 'password': 'searay', 'salt': 'dlcabyRC', 'md5': 'f4bf2c48d1ca15440207e6e78494301f', 'sha1': 'd1f16f156e04ddbacad39bc7ed576159d5037412', 'sha256': '1bbea5be9ff01544a3a3fecc902f598e8937e224d83043c7ff543aacaf19685b'}, 'dob': {'date': '1969-03-02T02:47:25.910Z', 'age': 55}, 'registered': {'date': '2002-10-08T19:53:58.868Z', 'age': 21}, 'phone': '017-7640-972', 'cell': '062-0135-223', 'id': {'name': 'SID', 'value': '866279047'}, 'picture': {'large': 'https://randomuser.me/api/portraits/men/46.jpg', 'medium': 'https://randomuser.me/api/portraits/med/men/46.jpg', 'thumbnail': 'https://randomuser.me/api/portraits/thumb/men/46.jpg'}, 'nat': 'RS'}</msg>
<arg>${json_data['results'][0]}</arg>
<doc>Logs the given message with the given level.</doc>
<status status="PASS" start="2024-07-15T11:12:48.686932" elapsed="0.000456"/>
</kw>
<kw name="Log" owner="BuiltIn">
<msg time="2024-07-15T11:12:48.687818" level="INFO">location</msg>
<arg>${key}</arg>
<doc>Logs the given message with the given level.</doc>
<status status="PASS" start="2024-07-15T11:12:48.687691" elapsed="0.000163"/>
</kw>
<var name="${key}">location</var>
<status status="PASS" start="2024-07-15T11:12:48.686246" elapsed="0.001821"/>
</iter>
<iter>
<kw name="Dictionary Should Contain Key" owner="Collections">
<arg>${json_data['results'][0]}</arg>
<arg>${key}</arg>
<doc>Fails if ``key`` is not found from ``dictionary``.</doc>
<status status="PASS" start="2024-07-15T11:12:48.688342" elapsed="0.000383"/>
</kw>
<kw name="Log" owner="BuiltIn">
<msg time="2024-07-15T11:12:48.689259" level="INFO">{'gender': 'male', 'name': {'title': 'Mr', 'first': 'Josif', 'last': 'Tešić'}, 'location': {'street': {'number': 3232, 'name': 'Dragoljuba Ivkova'}, 'city': 'Bačka Palanka', 'state': 'North Banat', 'country': 'Serbia', 'postcode': 13505, 'coordinates': {'latitude': '57.3613', 'longitude': '-143.3519'}, 'timezone': {'offset': '+8:00', 'description': 'Beijing, Perth, Singapore, Hong Kong'}}, 'email': 'josif.tesic@example.com', 'login': {'uuid': '5dd53160-0200-406b-bc79-56073cca70ec', 'username': 'lazylion413', 'password': 'searay', 'salt': 'dlcabyRC', 'md5': 'f4bf2c48d1ca15440207e6e78494301f', 'sha1': 'd1f16f156e04ddbacad39bc7ed576159d5037412', 'sha256': '1bbea5be9ff01544a3a3fecc902f598e8937e224d83043c7ff543aacaf19685b'}, 'dob': {'date': '1969-03-02T02:47:25.910Z', 'age': 55}, 'registered': {'date': '2002-10-08T19:53:58.868Z', 'age': 21}, 'phone': '017-7640-972', 'cell': '062-0135-223', 'id': {'name': 'SID', 'value': '866279047'}, 'picture': {'large': 'https://randomuser.me/api/portraits/men/46.jpg', 'medium': 'https://randomuser.me/api/portraits/med/men/46.jpg', 'thumbnail': 'https://randomuser.me/api/portraits/thumb/men/46.jpg'}, 'nat': 'RS'}</msg>
<arg>${json_data['results'][0]}</arg>
<doc>Logs the given message with the given level.</doc>
<status status="PASS" start="2024-07-15T11:12:48.688910" elapsed="0.000401"/>
</kw>
<kw name="Log" owner="BuiltIn">
<msg time="2024-07-15T11:12:48.689767" level="INFO">email</msg>
<arg>${key}</arg>
<doc>Logs the given message with the given level.</doc>
<status status="PASS" start="2024-07-15T11:12:48.689638" elapsed="0.000166"/>
</kw>
<var name="${key}">email</var>
<status status="PASS" start="2024-07-15T11:12:48.688235" elapsed="0.001778"/>
</iter>
<iter>
<kw name="Dictionary Should Contain Key" owner="Collections">
<arg>${json_data['results'][0]}</arg>
<arg>${key}</arg>
<doc>Fails if ``key`` is not found from ``dictionary``.</doc>
<status status="PASS" start="2024-07-15T11:12:48.690290" elapsed="0.000380"/>
</kw>
<kw name="Log" owner="BuiltIn">
<msg time="2024-07-15T11:12:48.691196" level="INFO">{'gender': 'male', 'name': {'title': 'Mr', 'first': 'Josif', 'last': 'Tešić'}, 'location': {'street': {'number': 3232, 'name': 'Dragoljuba Ivkova'}, 'city': 'Bačka Palanka', 'state': 'North Banat', 'country': 'Serbia', 'postcode': 13505, 'coordinates': {'latitude': '57.3613', 'longitude': '-143.3519'}, 'timezone': {'offset': '+8:00', 'description': 'Beijing, Perth, Singapore, Hong Kong'}}, 'email': 'josif.tesic@example.com', 'login': {'uuid': '5dd53160-0200-406b-bc79-56073cca70ec', 'username': 'lazylion413', 'password': 'searay', 'salt': 'dlcabyRC', 'md5': 'f4bf2c48d1ca15440207e6e78494301f', 'sha1': 'd1f16f156e04ddbacad39bc7ed576159d5037412', 'sha256': '1bbea5be9ff01544a3a3fecc902f598e8937e224d83043c7ff543aacaf19685b'}, 'dob': {'date': '1969-03-02T02:47:25.910Z', 'age': 55}, 'registered': {'date': '2002-10-08T19:53:58.868Z', 'age': 21}, 'phone': '017-7640-972', 'cell': '062-0135-223', 'id': {'name': 'SID', 'value': '866279047'}, 'picture': {'large': 'https://randomuser.me/api/portraits/men/46.jpg', 'medium': 'https://randomuser.me/api/portraits/med/men/46.jpg', 'thumbnail': 'https://randomuser.me/api/portraits/thumb/men/46.jpg'}, 'nat': 'RS'}</msg>
<arg>${json_data['results'][0]}</arg>
<doc>Logs the given message with the given level.</doc>
<status status="PASS" start="2024-07-15T11:12:48.690849" elapsed="0.000399"/>
</kw>
<kw name="Log" owner="BuiltIn">
<msg time="2024-07-15T11:12:48.691659" level="INFO">login</msg>
<arg>${key}</arg>
<doc>Logs the given message with the given level.</doc>
<status status="PASS" start="2024-07-15T11:12:48.691534" elapsed="0.000162"/>
</kw>
<var name="${key}">login</var>
<status status="PASS" start="2024-07-15T11:12:48.690179" elapsed="0.001725"/>
</iter>
<var>${key}</var>
<value>@{expected_keys}</value>
<status status="PASS" start="2024-07-15T11:12:48.682024" elapsed="0.010000"/>
</for>
<kw name="Create List" owner="BuiltIn">
<msg time="2024-07-15T11:12:48.692348" level="INFO">${expected_keysTwo} = ['username', 'password']</msg>
<var>${expected_keysTwo}</var>
<arg>username</arg>
<arg>password</arg>
<doc>Returns a list containing given items.</doc>
<status status="PASS" start="2024-07-15T11:12:48.692210" elapsed="0.000191"/>
</kw>
<for flavor="IN">
<iter>
<kw name="Dictionary Should Contain Key" owner="Collections">
<arg>${json_data['results'][0]['login']}</arg>
<arg>${keyTwo}</arg>
<doc>Fails if ``key`` is not found from ``dictionary``.</doc>
<status status="PASS" start="2024-07-15T11:12:48.692914" elapsed="0.000389"/>
</kw>
<kw name="Dictionary Should Contain Key" owner="Collections">
<arg>${json_data['results'][0]['login']}</arg>
<arg>${keyTwo}</arg>
<doc>Fails if ``key`` is not found from ``dictionary``.</doc>
<status status="PASS" start="2024-07-15T11:12:48.693503" elapsed="0.000372"/>
</kw>
<kw name="Log" owner="BuiltIn">
<msg time="2024-07-15T11:12:48.694174" level="INFO">username</msg>
<arg>${keyTwo}</arg>
<doc>Logs the given message with the given level.</doc>
<status status="PASS" start="2024-07-15T11:12:48.694055" elapsed="0.000156"/>
</kw>
<var name="${keyTwo}">username</var>
<status status="PASS" start="2024-07-15T11:12:48.692799" elapsed="0.001625"/>
</iter>
<iter>
<kw name="Dictionary Should Contain Key" owner="Collections">
<arg>${json_data['results'][0]['login']}</arg>
<arg>${keyTwo}</arg>
<doc>Fails if ``key`` is not found from ``dictionary``.</doc>
<status status="PASS" start="2024-07-15T11:12:48.694695" elapsed="0.000387"/>
</kw>
<kw name="Dictionary Should Contain Key" owner="Collections">
<arg>${json_data['results'][0]['login']}</arg>
<arg>${keyTwo}</arg>
<doc>Fails if ``key`` is not found from ``dictionary``.</doc>
<status status="PASS" start="2024-07-15T11:12:48.695256" elapsed="0.000368"/>
</kw>
<kw name="Log" owner="BuiltIn">
<msg time="2024-07-15T11:12:48.695913" level="INFO">password</msg>
<arg>${keyTwo}</arg>
<doc>Logs the given message with the given level.</doc>
<status status="PASS" start="2024-07-15T11:12:48.695797" elapsed="0.000157"/>
</kw>
<var name="${keyTwo}">password</var>
<status status="PASS" start="2024-07-15T11:12:48.694591" elapsed="0.001670"/>
</iter>
<var>${keyTwo}</var>
<value>@{expected_keysTwo}</value>
<status status="PASS" start="2024-07-15T11:12:48.692648" elapsed="0.003730"/>
</for>
<status status="PASS" start="2024-07-15T11:12:48.579823" elapsed="0.116691"/>
</kw>
<doc>Testa a estrutura da resposta da API.</doc>
<tag>testeEstruturaResposta</tag>
<status status="PASS" start="2024-07-15T11:12:48.579241" elapsed="0.117418"/>
</test>
<test id="s1-s1-t4" name="Validar tipos de dados" line="28">
<kw name="Teste de Tipos de Dados" owner="random-user-service">
<kw name="GET On Session" owner="RequestsLibrary">
<msg time="2024-07-15T11:12:48.799791" level="INFO">GET Request : url=https://randomuser.me/api 
 path_url=/api 
 headers={'User-Agent': 'python-requests/2.32.3', 'Accept-Encoding': 'gzip, deflate', 'Accept': '*/*', 'Connection': 'keep-alive'} 
 body=None 
 </msg>
<msg time="2024-07-15T11:12:48.799865" level="INFO">GET Response : url=https://randomuser.me/api 
 status=200, reason=OK 
 headers={'Date': 'Mon, 15 Jul 2024 11:12:48 GMT', 'Content-Type': 'application/json; charset=utf-8', 'Transfer-Encoding': 'chunked', 'Connection': 'keep-alive', 'X-Powered-By': 'Express', 'Access-Control-Allow-Origin': '*', 'Cache-Control': 'no-cache', 'ETag': 'W/"49f-aCPsETvfZareNTQwpUyqQNcARdI"', 'Vary': 'Accept-Encoding', 'Content-Encoding': 'gzip', 'CF-Cache-Status': 'DYNAMIC', 'Report-To': '{"endpoints":[{"url":"https:\\/\\/a.nel.cloudflare.com\\/report\\/v4?s=Xsny6E53e87Efct4GpJcDo1VNC%2Bzc4hwqA9r8tuCkUDH8CVYgnsi3gQ9kuWj0MNLjuN%2Ba482VqUjWCFrpI4GkAPJM41I2%2F2%2BB%2FER7%2Fl%2FRzJWDSO5maAXrIf6PS00Z0VN"}],"group":"cf-nel","max_age":604800}', 'NEL': '{"success_fraction":0,"report_to":"cf-nel","max_age":604800}', 'Server': 'cloudflare', 'CF-RAY': '8a3951d068a20925-LAX', 'alt-svc': 'h3=":443"; ma=86400'} 
 body={"results":[{"gender":"female","name":{"title":"Mrs","first":"Rosalin","last":"Holman"},"location":{"street":{"number":2532,"name":"Ijskelderstraat"},"city":"Absdale","state":"Friesland","country":"Netherlands","postcode":"2100 KM","coordinates":{"latitude":"33.1789","longitude":"146.5050"},"timezone":{"offset":"+5:30","description":"Bombay, Calcutta, Madras, New Delhi"}},"email":"rosalin.holman@example.com","login":{"uuid":"c48b4c03-04de-4953-bf35-5beb2ca622ed","username":"greenfrog727","password":"colleen","salt":"p15Kvom9","md5":"d5581f74f5b7ffeb408591f0b0cefe05","sha1":"f28be5825d68cc15829e7cb2b6384275e254beaa","sha256":"6dc969ab513ea91f650fc9d4fa8dbb53f2440d694c25fa652754c5a26dd00fb3"},"dob":{"date":"1996-11-29T01:41:31.155Z","age":27},"registered":{"date":"2016-10-06T21:46:39.427Z","age":7},"phone":"(0849) 910556","cell":"(06) 54920637","id":{"name":"BSN","value":"59819990"},"picture":{"large":"https://randomuser.me/api/portraits/women/14.jpg","medium":"https://randomuser.me/api/portraits/med/women/14.jpg","thumbnail":"https://randomuser.me/api/portraits/thumb/women/14.jpg"},"nat":"NL"}],"info":{"seed":"d9c4c43fe268668e","results":1,"page":1,"version":"1.4"}} 
 </msg>
<msg time="2024-07-15T11:12:48.799926" level="INFO">/opt/hostedtoolcache/Python/3.12.4/x64/lib/python3.12/site-packages/urllib3/connectionpool.py:1099: InsecureRequestWarning: Unverified HTTPS request is being made to host 'randomuser.me'. Adding certificate verification is strongly advised. See: https://urllib3.readthedocs.io/en/latest/advanced-usage.html#tls-warnings
  warnings.warn(</msg>
<msg time="2024-07-15T11:12:48.800011" level="INFO">${response} = &lt;Response [200]&gt;</msg>
<var>${response}</var>
<arg>consultarAPI</arg>
<arg>/api</arg>
<doc>Sends a GET request on a previously created HTTP Session.</doc>
<status status="PASS" start="2024-07-15T11:12:48.699169" elapsed="0.100883"/>
</kw>
<kw name="Set Variable" owner="BuiltIn">
<msg time="2024-07-15T11:12:48.801190" level="INFO">${json_data} = {'results': [{'gender': 'female', 'name': {'title': 'Mrs', 'first': 'Rosalin', 'last': 'Holman'}, 'location': {'street': {'number': 2532, 'name': 'Ijskelderstraat'}, 'city': 'Absdale', 'state': 'Fries...</msg>
<var>${json_data}</var>
<arg>${response.json()}</arg>
<doc>Returns the given values which can then be assigned to a variables.</doc>
<status status="PASS" start="2024-07-15T11:12:48.800560" elapsed="0.000659"/>
</kw>
<kw name="Log" owner="BuiltIn">
<msg time="2024-07-15T11:12:48.801713" level="INFO">{'results': [{'gender': 'female', 'name': {'title': 'Mrs', 'first': 'Rosalin', 'last': 'Holman'}, 'location': {'street': {'number': 2532, 'name': 'Ijskelderstraat'}, 'city': 'Absdale', 'state': 'Friesland', 'country': 'Netherlands', 'postcode': '2100 KM', 'coordinates': {'latitude': '33.1789', 'longitude': '146.5050'}, 'timezone': {'offset': '+5:30', 'description': 'Bombay, Calcutta, Madras, New Delhi'}}, 'email': 'rosalin.holman@example.com', 'login': {'uuid': 'c48b4c03-04de-4953-bf35-5beb2ca622ed', 'username': 'greenfrog727', 'password': 'colleen', 'salt': 'p15Kvom9', 'md5': 'd5581f74f5b7ffeb408591f0b0cefe05', 'sha1': 'f28be5825d68cc15829e7cb2b6384275e254beaa', 'sha256': '6dc969ab513ea91f650fc9d4fa8dbb53f2440d694c25fa652754c5a26dd00fb3'}, 'dob': {'date': '1996-11-29T01:41:31.155Z', 'age': 27}, 'registered': {'date': '2016-10-06T21:46:39.427Z', 'age': 7}, 'phone': '(0849) 910556', 'cell': '(06) 54920637', 'id': {'name': 'BSN', 'value': '59819990'}, 'picture': {'large': 'https://randomuser.me/api/portraits/women/14.jpg', 'medium': 'https://randomuser.me/api/portraits/med/women/14.jpg', 'thumbnail': 'https://randomuser.me/api/portraits/thumb/women/14.jpg'}, 'nat': 'NL'}], 'info': {'seed': 'd9c4c43fe268668e', 'results': 1, 'page': 1, 'version': '1.4'}}</msg>
<arg>${json_data}</arg>
<doc>Logs the given message with the given level.</doc>
<status status="PASS" start="2024-07-15T11:12:48.801562" elapsed="0.000198"/>
</kw>
<kw name="Should Be String" owner="String">
<arg>${json_data['results'][0]['gender']}</arg>
<doc>Fails if the given ``item`` is not a string.</doc>
<status status="PASS" start="2024-07-15T11:12:48.802051" elapsed="0.000354"/>
</kw>
<kw name="Should Match Regexp" owner="BuiltIn">
<arg>${json_data['results'][0]['email']}</arg>
<arg>^[a-zA-Z0-9._%+-]+@[a-zA-Z0-9.-]+\.[a-zA-Z]{2,}$</arg>
<doc>Fails if ``string`` does not match ``pattern`` as a regular expression.</doc>
<status status="PASS" start="2024-07-15T11:12:48.802590" elapsed="0.000543"/>
</kw>
<kw name="Should Match Regexp" owner="BuiltIn">
<arg>${json_data['results'][0]['dob']['date']}</arg>
<arg>\\d{4}-\\d{2}-\\d{2}T\\d{2}:\\d{2}:\\d{2}\\.\\d{3}Z</arg>
<doc>Fails if ``string`` does not match ``pattern`` as a regular expression.</doc>
<status status="PASS" start="2024-07-15T11:12:48.803327" elapsed="0.000480"/>
</kw>
<kw name="Should Match Regexp" owner="BuiltIn">
<arg>${json_data['results'][0]['registered']['date']}</arg>
<arg>\\d{4}-\\d{2}-\\d{2}T\\d{2}:\\d{2}:\\d{2}\\.\\d{3}Z</arg>
<doc>Fails if ``string`` does not match ``pattern`` as a regular expression.</doc>
<status status="PASS" start="2024-07-15T11:12:48.803992" elapsed="0.000360"/>
</kw>
<kw name="Should Match Regexp" owner="BuiltIn">
<arg>${json_data['results'][0]['picture']['large']}</arg>
<arg>^https?://.*\.(?:png|jpe?g|gif|bmp)$</arg>
<doc>Fails if ``string`` does not match ``pattern`` as a regular expression.</doc>
<status status="PASS" start="2024-07-15T11:12:48.804532" elapsed="0.000454"/>
</kw>
<kw name="Should Match Regexp" owner="BuiltIn">
<arg>${json_data['results'][0]['picture']['medium']}</arg>
<arg>^https?://.*\.(?:png|jpe?g|gif|bmp)$</arg>
<doc>Fails if ``string`` does not match ``pattern`` as a regular expression.</doc>
<status status="PASS" start="2024-07-15T11:12:48.805171" elapsed="0.000374"/>
</kw>
<kw name="Should Match Regexp" owner="BuiltIn">
<arg>${json_data['results'][0]['picture']['thumbnail']}</arg>
<arg>^https?://.*\.(?:png|jpe?g|gif|bmp)$</arg>
<doc>Fails if ``string`` does not match ``pattern`` as a regular expression.</doc>
<status status="PASS" start="2024-07-15T11:12:48.805729" elapsed="0.000347"/>
</kw>
<kw name="Log" owner="BuiltIn">
<msg time="2024-07-15T11:12:48.806586" level="INFO">{'large': 'https://randomuser.me/api/portraits/women/14.jpg', 'medium': 'https://randomuser.me/api/portraits/med/women/14.jpg', 'thumbnail': 'https://randomuser.me/api/portraits/thumb/women/14.jpg'}</msg>
<arg>${json_data['results'][0]['picture']}</arg>
<doc>Logs the given message with the given level.</doc>
<status status="PASS" start="2024-07-15T11:12:48.806257" elapsed="0.000371"/>
</kw>
<status status="PASS" start="2024-07-15T11:12:48.698952" elapsed="0.107926"/>
</kw>
<kw name="Teste de Tipos de Dados - Postcode" owner="random-user-service">
<kw name="GET On Session" owner="RequestsLibrary">
<msg time="2024-07-15T11:12:48.903902" level="INFO">GET Request : url=https://randomuser.me/api 
 path_url=/api 
 headers={'User-Agent': 'python-requests/2.32.3', 'Accept-Encoding': 'gzip, deflate', 'Accept': '*/*', 'Connection': 'keep-alive'} 
 body=None 
 </msg>
<msg time="2024-07-15T11:12:48.903980" level="INFO">GET Response : url=https://randomuser.me/api 
 status=200, reason=OK 
 headers={'Date': 'Mon, 15 Jul 2024 11:12:48 GMT', 'Content-Type': 'application/json; charset=utf-8', 'Transfer-Encoding': 'chunked', 'Connection': 'keep-alive', 'X-Powered-By': 'Express', 'Access-Control-Allow-Origin': '*', 'Cache-Control': 'no-cache', 'ETag': 'W/"475-xpOAxI05LjxmSiy1SZxMtQy27OM"', 'Vary': 'Accept-Encoding', 'Content-Encoding': 'gzip', 'CF-Cache-Status': 'DYNAMIC', 'Report-To': '{"endpoints":[{"url":"https:\\/\\/a.nel.cloudflare.com\\/report\\/v4?s=MMiLwZpwLig5HBP3agck%2BLVQUyoPmRjehnyMiG7a31fwUe2h7pAPgqwhCJkrEH%2F4bx8g2b5MbIekZ1U7mVz54q%2FZ7upNbcwjFVz7yu3avKsfEFryfLLpTHsl%2Bw9DdZBj"}],"group":"cf-nel","max_age":604800}', 'NEL': '{"success_fraction":0,"report_to":"cf-nel","max_age":604800}', 'Server': 'cloudflare', 'CF-RAY': '8a3951d1193f0925-LAX', 'alt-svc': 'h3=":443"; ma=86400'} 
 body={"results":[{"gender":"female","name":{"title":"Mrs","first":"Ayla","last":"Green"},"location":{"street":{"number":9855,"name":"Totara Avenue"},"city":"Nelson","state":"Waikato","country":"New Zealand","postcode":78303,"coordinates":{"latitude":"49.0564","longitude":"3.1407"},"timezone":{"offset":"+9:30","description":"Adelaide, Darwin"}},"email":"ayla.green@example.com","login":{"uuid":"237efe8d-cbe4-4e31-a230-00c177757194","username":"angrybear103","password":"celebrity","salt":"S5s5pfii","md5":"410dcc0e4b1056a7762d5a28322a7c7b","sha1":"53a77a5e006edb73b657f017ef583b022cf9d443","sha256":"7ed667700acfc03bdf3853f7c5fa8eae3a9b434bbf16b41e604a0f7675ad0b5f"},"dob":{"date":"1988-06-20T16:39:49.429Z","age":36},"registered":{"date":"2004-09-15T22:02:22.998Z","age":19},"phone":"(443)-405-2755","cell":"(339)-863-0339","id":{"name":"","value":null},"picture":{"large":"https://randomuser.me/api/portraits/women/44.jpg","medium":"https://randomuser.me/api/portraits/med/women/44.jpg","thumbnail":"https://randomuser.me/api/portraits/thumb/women/44.jpg"},"nat":"NZ"}],"info":{"seed":"2a212cd07c1e16d6","results":1,"page":1,"version":"1.4"}} 
 </msg>
<msg time="2024-07-15T11:12:48.904043" level="INFO">/opt/hostedtoolcache/Python/3.12.4/x64/lib/python3.12/site-packages/urllib3/connectionpool.py:1099: InsecureRequestWarning: Unverified HTTPS request is being made to host 'randomuser.me'. Adding certificate verification is strongly advised. See: https://urllib3.readthedocs.io/en/latest/advanced-usage.html#tls-warnings
  warnings.warn(</msg>
<msg time="2024-07-15T11:12:48.904130" level="INFO">${response} = &lt;Response [200]&gt;</msg>
<var>${response}</var>
<arg>consultarAPI</arg>
<arg>/api</arg>
<doc>Sends a GET request on a previously created HTTP Session.</doc>
<status status="PASS" start="2024-07-15T11:12:48.807294" elapsed="0.096878"/>
</kw>
<kw name="Set Variable" owner="BuiltIn">
<msg time="2024-07-15T11:12:48.905294" level="INFO">${json_data} = {'results': [{'gender': 'female', 'name': {'title': 'Mrs', 'first': 'Ayla', 'last': 'Green'}, 'location': {'street': {'number': 9855, 'name': 'Totara Avenue'}, 'city': 'Nelson', 'state': 'Waikato', 'c...</msg>
<var>${json_data}</var>
<arg>${response.json()}</arg>
<doc>Returns the given values which can then be assigned to a variables.</doc>
<status status="PASS" start="2024-07-15T11:12:48.904671" elapsed="0.000652"/>
</kw>
<kw name="Log" owner="BuiltIn">
<msg time="2024-07-15T11:12:48.905829" level="INFO">{'results': [{'gender': 'female', 'name': {'title': 'Mrs', 'first': 'Ayla', 'last': 'Green'}, 'location': {'street': {'number': 9855, 'name': 'Totara Avenue'}, 'city': 'Nelson', 'state': 'Waikato', 'country': 'New Zealand', 'postcode': 78303, 'coordinates': {'latitude': '49.0564', 'longitude': '3.1407'}, 'timezone': {'offset': '+9:30', 'description': 'Adelaide, Darwin'}}, 'email': 'ayla.green@example.com', 'login': {'uuid': '237efe8d-cbe4-4e31-a230-00c177757194', 'username': 'angrybear103', 'password': 'celebrity', 'salt': 'S5s5pfii', 'md5': '410dcc0e4b1056a7762d5a28322a7c7b', 'sha1': '53a77a5e006edb73b657f017ef583b022cf9d443', 'sha256': '7ed667700acfc03bdf3853f7c5fa8eae3a9b434bbf16b41e604a0f7675ad0b5f'}, 'dob': {'date': '1988-06-20T16:39:49.429Z', 'age': 36}, 'registered': {'date': '2004-09-15T22:02:22.998Z', 'age': 19}, 'phone': '(443)-405-2755', 'cell': '(339)-863-0339', 'id': {'name': '', 'value': None}, 'picture': {'large': 'https://randomuser.me/api/portraits/women/44.jpg', 'medium': 'https://randomuser.me/api/portraits/med/women/44.jpg', 'thumbnail': 'https://randomuser.me/api/portraits/thumb/women/44.jpg'}, 'nat': 'NZ'}], 'info': {'seed': '2a212cd07c1e16d6', 'results': 1, 'page': 1, 'version': '1.4'}}</msg>
<arg>${json_data}</arg>
<doc>Logs the given message with the given level.</doc>
<status status="PASS" start="2024-07-15T11:12:48.905673" elapsed="0.000203"/>
</kw>
<kw name="Should Be Equal As Numbers" owner="BuiltIn">
<arg>${json_data['results'][0]['location']['postcode']}</arg>
<arg>${json_data['results'][0]['location']['postcode']}</arg>
<doc>Fails if objects are unequal after converting them to real numbers.</doc>
<status status="PASS" start="2024-07-15T11:12:48.906177" elapsed="0.000623"/>
</kw>
<kw name="Log" owner="BuiltIn">
<msg time="2024-07-15T11:12:48.907467" level="INFO">78303</msg>
<arg>${json_data['results'][0]['location']['postcode']}</arg>
<doc>Logs the given message with the given level.</doc>
<status status="PASS" start="2024-07-15T11:12:48.906995" elapsed="0.000514"/>
</kw>
<status status="PASS" start="2024-07-15T11:12:48.807083" elapsed="0.100701"/>
</kw>
<doc>Testa se os tipos de dados na resposta da API estão corretos.</doc>
<tag>testeTiposDados</tag>
<status status="PASS" start="2024-07-15T11:12:48.698438" elapsed="0.209501"/>
</test>
<test id="s1-s1-t5" name="Validar conteudo" line="35">
<kw name="Teste de Tipos de Conteudo" owner="random-user-service">
<kw name="GET On Session" owner="RequestsLibrary">
<msg time="2024-07-15T11:12:49.012799" level="INFO">GET Request : url=https://randomuser.me/api 
 path_url=/api 
 headers={'User-Agent': 'python-requests/2.32.3', 'Accept-Encoding': 'gzip, deflate', 'Accept': '*/*', 'Connection': 'keep-alive'} 
 body=None 
 </msg>
<msg time="2024-07-15T11:12:49.012878" level="INFO">GET Response : url=https://randomuser.me/api 
 status=200, reason=OK 
 headers={'Date': 'Mon, 15 Jul 2024 11:12:49 GMT', 'Content-Type': 'application/json; charset=utf-8', 'Transfer-Encoding': 'chunked', 'Connection': 'keep-alive', 'X-Powered-By': 'Express', 'Access-Control-Allow-Origin': '*', 'Cache-Control': 'no-cache', 'ETag': 'W/"47a-sSC9zUYavbT4MD4qYQQ79YqkbGQ"', 'Vary': 'Accept-Encoding', 'Content-Encoding': 'gzip', 'CF-Cache-Status': 'DYNAMIC', 'Report-To': '{"endpoints":[{"url":"https:\\/\\/a.nel.cloudflare.com\\/report\\/v4?s=ySjmscOyy7R8jiNw%2BFTdMdY%2FUdBEBfv7YbpFyaOYKPSkHXLh1uYYUtVVMSL%2BM%2FsRNru5lqLIdUvrsqegCBM%2F2KiPZSWnowCWqO3GaFBXnT%2F8w7VvT6vVb3JbSxoW%2BNCi"}],"group":"cf-nel","max_age":604800}', 'NEL': '{"success_fraction":0,"report_to":"cf-nel","max_age":604800}', 'Server': 'cloudflare', 'CF-RAY': '8a3951d1b9b00925-LAX', 'alt-svc': 'h3=":443"; ma=86400'} 
 body={"results":[{"gender":"male","name":{"title":"Mr","first":"Eldar","last":"Aanstad"},"location":{"street":{"number":804,"name":"Ryensvingen"},"city":"Nærnes","state":"Nord-Trøndelag","country":"Norway","postcode":"6201","coordinates":{"latitude":"38.5900","longitude":"-5.6578"},"timezone":{"offset":"-11:00","description":"Midway Island, Samoa"}},"email":"eldar.aanstad@example.com","login":{"uuid":"3f01b960-50a8-4ae0-b969-cf4cb4cf7901","username":"happymeercat815","password":"merlin1","salt":"wdOFP5cp","md5":"feb8ffb2469796403100c681d1c42235","sha1":"29f819775a4f77971f59dc53a129840a312dbe60","sha256":"7d83cba838d9f0e35806daa1c99c15af4796cdfd19b7a014381911f5c290bae2"},"dob":{"date":"2000-09-28T22:54:46.577Z","age":23},"registered":{"date":"2008-01-22T01:32:49.025Z","age":16},"phone":"72794600","cell":"97444680","id":{"name":"FN","value":"28090087136"},"picture":{"large":"https://randomuser.me/api/portraits/men/75.jpg","medium":"https://randomuser.me/api/portraits/med/men/75.jpg","thumbnail":"https://randomuser.me/api/portraits/thumb/men/75.jpg"},"nat":"NO"}],"info":{"seed":"93196a8383be3cf3","results":1,"page":1,"version":"1.4"}} 
 </msg>
<msg time="2024-07-15T11:12:49.012947" level="INFO">/opt/hostedtoolcache/Python/3.12.4/x64/lib/python3.12/site-packages/urllib3/connectionpool.py:1099: InsecureRequestWarning: Unverified HTTPS request is being made to host 'randomuser.me'. Adding certificate verification is strongly advised. See: https://urllib3.readthedocs.io/en/latest/advanced-usage.html#tls-warnings
  warnings.warn(</msg>
<msg time="2024-07-15T11:12:49.013054" level="INFO">${response} = &lt;Response [200]&gt;</msg>
<var>${response}</var>
<arg>consultarAPI</arg>
<arg>/api</arg>
<doc>Sends a GET request on a previously created HTTP Session.</doc>
<status status="PASS" start="2024-07-15T11:12:48.910389" elapsed="0.102716"/>
</kw>
<kw name="Set Variable" owner="BuiltIn">
<msg time="2024-07-15T11:12:49.014262" level="INFO">${json_data} = {'results': [{'gender': 'male', 'name': {'title': 'Mr', 'first': 'Eldar', 'last': 'Aanstad'}, 'location': {'street': {'number': 804, 'name': 'Ryensvingen'}, 'city': 'Nærnes', 'state': 'Nord-Trøndelag'...</msg>
<var>${json_data}</var>
<arg>${response.json()}</arg>
<doc>Returns the given values which can then be assigned to a variables.</doc>
<status status="PASS" start="2024-07-15T11:12:49.013655" elapsed="0.000637"/>
</kw>
<kw name="Set Variable" owner="BuiltIn">
<msg time="2024-07-15T11:12:49.014978" level="INFO">${name_title} = Mr</msg>
<var>${name_title}</var>
<arg>${json_data["results"][0]["name"]["title"]}</arg>
<doc>Returns the given values which can then be assigned to a variables.</doc>
<status status="PASS" start="2024-07-15T11:12:49.014596" elapsed="0.000416"/>
</kw>
<kw name="Create List" owner="BuiltIn">
<msg time="2024-07-15T11:12:49.015447" level="INFO">${allowed_titles} = ['Mr', 'Ms', 'Miss', 'Mrs', 'Madame', 'Monsieur']</msg>
<var>${allowed_titles}</var>
<arg>Mr</arg>
<arg>Ms</arg>
<arg>Miss</arg>
<arg>Mrs</arg>
<arg>Madame</arg>
<arg>Monsieur</arg>
<doc>Returns a list containing given items.</doc>
<status status="PASS" start="2024-07-15T11:12:49.015303" elapsed="0.000169"/>
</kw>
<kw name="List Should Contain Value" owner="Collections">
<arg>${allowed_titles}</arg>
<arg>${name_title}</arg>
<doc>Fails if the ``value`` is not found from ``list``.</doc>
<status status="PASS" start="2024-07-15T11:12:49.015759" elapsed="0.000172"/>
</kw>
<kw name="Set Variable" owner="BuiltIn">
<msg time="2024-07-15T11:12:49.016466" level="INFO">${name_country} = NO</msg>
<var>${name_country}</var>
<arg>${json_data["results"][0]["nat"]}</arg>
<doc>Returns the given values which can then be assigned to a variables.</doc>
<status status="PASS" start="2024-07-15T11:12:49.016105" elapsed="0.000385"/>
</kw>
<kw name="Create List" owner="BuiltIn">
<msg time="2024-07-15T11:12:49.017361" level="INFO">${list_country} = ['AD', 'AE', 'AF', 'AG', 'AI', 'AL', 'AM', 'AO', 'AQ', 'AR', 'AS', 'AT', 'AU', 'AW', 'AX', 'AZ', 'BA', 'BB', 'BD', 'BE', 'BF', 'BG', 'BH', 'BI', 'BJ', 'BL', 'BM', 'BN', 'BO', 'BQ', 'BR', 'BS', 'BT', '...</msg>
<var>${list_country}</var>
<arg>AD</arg>
<arg>AE</arg>
<arg>AF</arg>
<arg>AG</arg>
<arg>AI</arg>
<arg>AL</arg>
<arg>AM</arg>
<arg>AO</arg>
<arg>AQ</arg>
<arg>AR</arg>
<arg>AS</arg>
<arg>AT</arg>
<arg>AU</arg>
<arg>AW</arg>
<arg>AX</arg>
<arg>AZ</arg>
<arg>BA</arg>
<arg>BB</arg>
<arg>BD</arg>
<arg>BE</arg>
<arg>BF</arg>
<arg>BG</arg>
<arg>BH</arg>
<arg>BI</arg>
<arg>BJ</arg>
<arg>BL</arg>
<arg>BM</arg>
<arg>BN</arg>
<arg>BO</arg>
<arg>BQ</arg>
<arg>BR</arg>
<arg>BS</arg>
<arg>BT</arg>
<arg>BV</arg>
<arg>BW</arg>
<arg>BY</arg>
<arg>BZ</arg>
<arg>CA</arg>
<arg>CC</arg>
<arg>CD</arg>
<arg>CF</arg>
<arg>CG</arg>
<arg>CH</arg>
<arg>CI</arg>
<arg>CK</arg>
<arg>CL</arg>
<arg>CM</arg>
<arg>CN</arg>
<arg>CO</arg>
<arg>CR</arg>
<arg>CU</arg>
<arg>CV</arg>
<arg>CW</arg>
<arg>CX</arg>
<arg>CY</arg>
<arg>CZ</arg>
<arg>DE</arg>
<arg>DJ</arg>
<arg>DK</arg>
<arg>DM</arg>
<arg>DO</arg>
<arg>DZ</arg>
<arg>EC</arg>
<arg>EE</arg>
<arg>EG</arg>
<arg>EH</arg>
<arg>ER</arg>
<arg>ES</arg>
<arg>ET</arg>
<arg>FI</arg>
<arg>FJ</arg>
<arg>FK</arg>
<arg>FM</arg>
<arg>FO</arg>
<arg>FR</arg>
<arg>GA</arg>
<arg>GB</arg>
<arg>GD</arg>
<arg>GE</arg>
<arg>GF</arg>
<arg>GG</arg>
<arg>GH</arg>
<arg>GI</arg>
<arg>GL</arg>
<arg>GM</arg>
<arg>GN</arg>
<arg>GP</arg>
<arg>GQ</arg>
<arg>GR</arg>
<arg>GS</arg>
<arg>GT</arg>
<arg>GU</arg>
<arg>GW</arg>
<arg>GY</arg>
<arg>HK</arg>
<arg>HM</arg>
<arg>HN</arg>
<arg>HR</arg>
<arg>HT</arg>
<arg>HU</arg>
<arg>ID</arg>
<arg>IE</arg>
<arg>IL</arg>
<arg>IM</arg>
<arg>IN</arg>
<arg>IO</arg>
<arg>IQ</arg>
<arg>IR</arg>
<arg>IS</arg>
<arg>IT</arg>
<arg>JE</arg>
<arg>JM</arg>
<arg>JO</arg>
<arg>JP</arg>
<arg>KE</arg>
<arg>KG</arg>
<arg>KH</arg>
<arg>KI</arg>
<arg>KM</arg>
<arg>KN</arg>
<arg>KP</arg>
<arg>KR</arg>
<arg>KW</arg>
<arg>KY</arg>
<arg>KZ</arg>
<arg>LA</arg>
<arg>LB</arg>
<arg>LC</arg>
<arg>LI</arg>
<arg>LK</arg>
<arg>LR</arg>
<arg>LS</arg>
<arg>LT</arg>
<arg>LU</arg>
<arg>LV</arg>
<arg>LY</arg>
<arg>MA</arg>
<arg>MC</arg>
<arg>MD</arg>
<arg>ME</arg>
<arg>MF</arg>
<arg>MG</arg>
<arg>MH</arg>
<arg>MK</arg>
<arg>ML</arg>
<arg>MM</arg>
<arg>MN</arg>
<arg>MO</arg>
<arg>MP</arg>
<arg>MQ</arg>
<arg>MR</arg>
<arg>MS</arg>
<arg>MT</arg>
<arg>MU</arg>
<arg>MV</arg>
<arg>MW</arg>
<arg>MX</arg>
<arg>MY</arg>
<arg>MZ</arg>
<arg>NA</arg>
<arg>NC</arg>
<arg>NE</arg>
<arg>NF</arg>
<arg>NG</arg>
<arg>NI</arg>
<arg>NL</arg>
<arg>NO</arg>
<arg>NP</arg>
<arg>NR</arg>
<arg>NU</arg>
<arg>NZ</arg>
<arg>OM</arg>
<arg>PA</arg>
<arg>PE</arg>
<arg>PF</arg>
<arg>PG</arg>
<arg>PH</arg>
<arg>PK</arg>
<arg>PL</arg>
<arg>PM</arg>
<arg>PN</arg>
<arg>PR</arg>
<arg>PS</arg>
<arg>PT</arg>
<arg>PW</arg>
<arg>PY</arg>
<arg>QA</arg>
<arg>RE</arg>
<arg>RO</arg>
<arg>RS</arg>
<arg>RU</arg>
<arg>RW</arg>
<arg>SA</arg>
<arg>SB</arg>
<arg>SC</arg>
<arg>SD</arg>
<arg>SE</arg>
<arg>SG</arg>
<arg>SH</arg>
<arg>SI</arg>
<arg>SJ</arg>
<arg>SK</arg>
<arg>SL</arg>
<arg>SM</arg>
<arg>SN</arg>
<arg>SO</arg>
<arg>SR</arg>
<arg>SS</arg>
<arg>ST</arg>
<arg>SV</arg>
<arg>SX</arg>
<arg>SY</arg>
<arg>SZ</arg>
<arg>TC</arg>
<arg>TD</arg>
<arg>TF</arg>
<arg>TG</arg>
<arg>TH</arg>
<arg>TJ</arg>
<arg>TK</arg>
<arg>TL</arg>
<arg>TM</arg>
<arg>TN</arg>
<arg>TO</arg>
<arg>TR</arg>
<arg>TT</arg>
<arg>TV</arg>
<arg>TW</arg>
<arg>TZ</arg>
<arg>UA</arg>
<arg>UG</arg>
<arg>UM</arg>
<arg>US</arg>
<arg>UY</arg>
<arg>UZ</arg>
<arg>VA</arg>
<arg>VC</arg>
<arg>VE</arg>
<arg>VG</arg>
<arg>VI</arg>
<arg>VN</arg>
<arg>VU</arg>
<arg>WF</arg>
<arg>WS</arg>
<arg>XK</arg>
<arg>YE</arg>
<arg>YT</arg>
<arg>ZA</arg>
<arg>ZM</arg>
<arg>ZW</arg>
<doc>Returns a list containing given items.</doc>
<status status="PASS" start="2024-07-15T11:12:49.016775" elapsed="0.000612"/>
</kw>
<kw name="List Should Contain Value" owner="Collections">
<arg>${list_country}</arg>
<arg>${name_country}</arg>
<doc>Fails if the ``value`` is not found from ``list``.</doc>
<status status="PASS" start="2024-07-15T11:12:49.018228" elapsed="0.000201"/>
</kw>
<kw name="Run Keyword If" owner="BuiltIn">
<kw name="Should Be True" owner="BuiltIn">
<arg>${True}</arg>
<doc>Fails if the given condition is not true.</doc>
<status status="PASS" start="2024-07-15T11:12:49.019340" elapsed="0.000138"/>
</kw>
<arg>${json_data["results"][0]["location"]["coordinates"]["latitude"]} &gt;= -90 and ${json_data["results"][0]["location"]["coordinates"]["latitude"]} &lt;= 90</arg>
<arg>Should Be True</arg>
<arg>${True}</arg>
<doc>Runs the given keyword with the given arguments, if ``condition`` is true.</doc>
<status status="PASS" start="2024-07-15T11:12:49.018619" elapsed="0.000981"/>
</kw>
<kw name="Run Keyword If" owner="BuiltIn">
<kw name="Should Be True" owner="BuiltIn">
<arg>${True}</arg>
<doc>Fails if the given condition is not true.</doc>
<status status="PASS" start="2024-07-15T11:12:49.020497" elapsed="0.000227"/>
</kw>
<arg>${json_data["results"][0]["location"]["coordinates"]["longitude"]} &gt;= -180 and ${json_data["results"][0]["location"]["coordinates"]["longitude"]} &lt;= 180</arg>
<arg>Should Be True</arg>
<arg>${True}</arg>
<doc>Runs the given keyword with the given arguments, if ``condition`` is true.</doc>
<status status="PASS" start="2024-07-15T11:12:49.019775" elapsed="0.001078"/>
</kw>
<status status="PASS" start="2024-07-15T11:12:48.910180" elapsed="0.110803"/>
</kw>
<doc>Testa o conteúdo específico dos campos retornados pela API.</doc>
<tag>testeConteudo</tag>
<status status="PASS" start="2024-07-15T11:12:48.909680" elapsed="0.111446"/>
</test>
<status status="PASS" start="2024-07-15T11:12:47.930965" elapsed="1.092129"/>
</suite>
<status status="PASS" start="2024-07-15T11:12:47.916456" elapsed="1.111564"/>
</suite>
<statistics>
<total>
<stat pass="5" fail="0" skip="0">All Tests</stat>
</total>
<tag>
<stat pass="1" fail="0" skip="0">testeConteudo</stat>
<stat pass="1" fail="0" skip="0">testeEstruturaResposta</stat>
<stat pass="1" fail="0" skip="0">testeRequisicaoBasica</stat>
<stat pass="1" fail="0" skip="0">testeTiposDados</stat>
</tag>
<suite>
<stat pass="5" fail="0" skip="0" id="s1" name="Tests">Tests</stat>
<stat pass="5" fail="0" skip="0" id="s1-s1" name="Random-User-Test">Tests.Random-User-Test</stat>
</suite>
</statistics>
<errors>
</errors>
</robot>
