<?xml version="1.0" encoding="UTF-8"?>
<robot generator="Robot 7.0.1 (Python 3.12.4 on linux)" generated="2024-07-25T18:20:10.779739" rpa="false" schemaversion="5">
<suite id="s1" name="Tests" source="/home/runner/work/ApiRandomUser/ApiRandomUser/RamdonUser/tests">
<suite id="s1-s1" name="Random-User-Test" source="/home/runner/work/ApiRandomUser/ApiRandomUser/RamdonUser/tests/random-user-test.robot">
<test id="s1-s1-t1" name="Conectar" line="13">
<kw name="Conectar API" owner="random-user-service">
<kw name="Create Session" owner="RequestsLibrary">
<msg time="2024-07-25T18:20:11.195970" level="INFO">Creating Session using : alias=consultarAPI, url=https://randomuser.me/, headers={},                     cookies={}, auth=None, timeout=None, proxies=None, verify=False,                     debug=0 </msg>
<arg>consultarAPI</arg>
<arg>${URL}</arg>
<doc>Create Session: create a HTTP session to a server</doc>
<status status="PASS" start="2024-07-25T18:20:11.195753" elapsed="0.000428"/>
</kw>
<status status="PASS" start="2024-07-25T18:20:11.194595" elapsed="0.001982"/>
</kw>
<status status="PASS" start="2024-07-25T18:20:11.193927" elapsed="0.002848"/>
</test>
<test id="s1-s1-t2" name="Validar retorno 200 e JSON Válido" line="16">
<kw name="Teste de Requisicao Basica" owner="random-user-service">
<kw name="GET On Session" owner="RequestsLibrary">
<msg time="2024-07-25T18:20:11.714661" level="INFO">GET Request : url=https://randomuser.me/api 
 path_url=/api 
 headers={'User-Agent': 'python-requests/2.32.3', 'Accept-Encoding': 'gzip, deflate', 'Accept': '*/*', 'Connection': 'keep-alive'} 
 body=None 
 </msg>
<msg time="2024-07-25T18:20:11.714835" level="INFO">GET Response : url=https://randomuser.me/api 
 status=200, reason=OK 
 headers={'Date': 'Thu, 25 Jul 2024 18:20:11 GMT', 'Content-Type': 'application/json; charset=utf-8', 'Transfer-Encoding': 'chunked', 'Connection': 'keep-alive', 'X-Powered-By': 'Express', 'Access-Control-Allow-Origin': '*', 'Cache-Control': 'no-cache', 'ETag': 'W/"485-k1sWaT/tuwWXkH3pm530GvTJ99I"', 'Vary': 'Accept-Encoding', 'Content-Encoding': 'gzip', 'CF-Cache-Status': 'DYNAMIC', 'Report-To': '{"endpoints":[{"url":"https:\\/\\/a.nel.cloudflare.com\\/report\\/v4?s=RdY1LhdWy09VbzbEx0oNNgucBAGXX4qha8ggQhQl%2Bhf3hs9xHIiMZiNQy5dPWMHZf%2BU9gRv%2Fzm%2F3csIka5YBtvWPuM9nix2%2FOGUvHXxZMWINIreURWA05UtKGCklFS3h"}],"group":"cf-nel","max_age":604800}', 'NEL': '{"success_fraction":0,"report_to":"cf-nel","max_age":604800}', 'Server': 'cloudflare', 'CF-RAY': '8a8e299b1e2d3107-LAX', 'alt-svc': 'h3=":443"; ma=86400'} 
 body={"results":[{"gender":"female","name":{"title":"Ms","first":"Kayla","last":"Johnson"},"location":{"street":{"number":1198,"name":"Grey Street"},"city":"Whanganui","state":"Wellington","country":"New Zealand","postcode":72330,"coordinates":{"latitude":"52.8715","longitude":"13.2308"},"timezone":{"offset":"+7:00","description":"Bangkok, Hanoi, Jakarta"}},"email":"kayla.johnson@example.com","login":{"uuid":"85fd15fe-bfdd-465e-93c0-61af50b72617","username":"angrygorilla171","password":"ripple","salt":"9Z3xw4em","md5":"66dffb517d8f45ac749984b383dc9408","sha1":"60a3e569a9e81e7ef6bdbafbc9a5cc4095f9e4ed","sha256":"c4ee291639c89ae6d5d24a27a89ddd72dbe8be8ecb7d94209a4a0a36f23d134c"},"dob":{"date":"1982-09-06T02:01:05.460Z","age":41},"registered":{"date":"2022-04-16T21:42:05.811Z","age":2},"phone":"(074)-140-4012","cell":"(135)-127-2404","id":{"name":"","value":null},"picture":{"large":"https://randomuser.me/api/portraits/women/32.jpg","medium":"https://randomuser.me/api/portraits/med/women/32.jpg","thumbnail":"https://randomuser.me/api/portraits/thumb/women/32.jpg"},"nat":"NZ"}],"info":{"seed":"d166d828db885810","results":1,"page":1,"version":"1.4"}} 
 </msg>
<msg time="2024-07-25T18:20:11.714915" level="INFO">/opt/hostedtoolcache/Python/3.12.4/x64/lib/python3.12/site-packages/urllib3/connectionpool.py:1099: InsecureRequestWarning: Unverified HTTPS request is being made to host 'randomuser.me'. Adding certificate verification is strongly advised. See: https://urllib3.readthedocs.io/en/latest/advanced-usage.html#tls-warnings
  warnings.warn(</msg>
<msg time="2024-07-25T18:20:11.715069" level="INFO">${response} = &lt;Response [200]&gt;</msg>
<var>${response}</var>
<arg>consultarAPI</arg>
<arg>/api</arg>
<doc>Sends a GET request on a previously created HTTP Session.</doc>
<status status="PASS" start="2024-07-25T18:20:11.199509" elapsed="0.515604"/>
</kw>
<kw name="Should Be Equal As Numbers" owner="BuiltIn">
<msg time="2024-07-25T18:20:11.716336" level="INFO">Argument types are:
&lt;class 'int'&gt;
&lt;class 'str'&gt;</msg>
<arg>${response.status_code}</arg>
<arg>200</arg>
<doc>Fails if objects are unequal after converting them to real numbers.</doc>
<status status="PASS" start="2024-07-25T18:20:11.715812" elapsed="0.000593"/>
</kw>
<kw name="Log" owner="BuiltIn">
<msg time="2024-07-25T18:20:11.717100" level="INFO">200</msg>
<arg>${response.status_code}</arg>
<doc>Logs the given message with the given level.</doc>
<status status="PASS" start="2024-07-25T18:20:11.716744" elapsed="0.000401"/>
</kw>
<kw name="Set Variable" owner="BuiltIn">
<msg time="2024-07-25T18:20:11.717901" level="INFO">${json_data} = {'results': [{'gender': 'female', 'name': {'title': 'Ms', 'first': 'Kayla', 'last': 'Johnson'}, 'location': {'street': {'number': 1198, 'name': 'Grey Street'}, 'city': 'Whanganui', 'state': 'Wellingto...</msg>
<var>${json_data}</var>
<arg>${response.json()}</arg>
<doc>Returns the given values which can then be assigned to a variables.</doc>
<status status="PASS" start="2024-07-25T18:20:11.717460" elapsed="0.000469"/>
</kw>
<kw name="Dictionary Should Contain Key" owner="Collections">
<arg>${json_data}</arg>
<arg>results</arg>
<doc>Fails if ``key`` is not found from ``dictionary``.</doc>
<status status="PASS" start="2024-07-25T18:20:11.718234" elapsed="0.000344"/>
</kw>
<status status="PASS" start="2024-07-25T18:20:11.199220" elapsed="0.519513"/>
</kw>
<doc>Testa se a API responde corretamente e retorna um objeto JSON válido.</doc>
<tag>testeRequisicaoBasica</tag>
<status status="PASS" start="2024-07-25T18:20:11.198661" elapsed="0.520250"/>
</test>
<test id="s1-s1-t3" name="Validar estrutura de resposta" line="22">
<kw name="Teste de Estrutura de Resposta" owner="random-user-service">
<kw name="GET On Session" owner="RequestsLibrary">
<msg time="2024-07-25T18:20:11.893291" level="INFO">GET Request : url=https://randomuser.me/api 
 path_url=/api 
 headers={'User-Agent': 'python-requests/2.32.3', 'Accept-Encoding': 'gzip, deflate', 'Accept': '*/*', 'Connection': 'keep-alive'} 
 body=None 
 </msg>
<msg time="2024-07-25T18:20:11.893394" level="INFO">GET Response : url=https://randomuser.me/api 
 status=200, reason=OK 
 headers={'Date': 'Thu, 25 Jul 2024 18:20:11 GMT', 'Content-Type': 'application/json; charset=utf-8', 'Transfer-Encoding': 'chunked', 'Connection': 'keep-alive', 'X-Powered-By': 'Express', 'Access-Control-Allow-Origin': '*', 'Cache-Control': 'no-cache', 'ETag': 'W/"48a-Yt3P8KeIcGDDrdbGaSZX22qUfYg"', 'Vary': 'Accept-Encoding', 'Content-Encoding': 'gzip', 'CF-Cache-Status': 'DYNAMIC', 'Report-To': '{"endpoints":[{"url":"https:\\/\\/a.nel.cloudflare.com\\/report\\/v4?s=A2EM0BPpr0Z4epDWkfCOAvNCyMq4ntrJoIsun2tjpA2hnH06N5SPmwEyWw%2BNX5UQFDUX5sxfybIZTRTyCHaxtHVgHZdWAxlu6Svs8wlOKq1uAH71J2RHIFnJhV%2BGd3EL"}],"group":"cf-nel","max_age":604800}', 'NEL': '{"success_fraction":0,"report_to":"cf-nel","max_age":604800}', 'Server': 'cloudflare', 'CF-RAY': '8a8e299d48883107-LAX', 'alt-svc': 'h3=":443"; ma=86400'} 
 body={"results":[{"gender":"female","name":{"title":"Miss","first":"مهدیس","last":"رضاییان"},"location":{"street":{"number":4578,"name":"بلوار کشاورز"},"city":"سبزوار","state":"کرمانشاه","country":"Iran","postcode":36517,"coordinates":{"latitude":"16.8132","longitude":"76.3533"},"timezone":{"offset":"-10:00","description":"Hawaii"}},"email":"mhdys.rdyyn@example.com","login":{"uuid":"b341728d-4a01-4441-b8af-e04bd8564d2f","username":"yellowwolf151","password":"orchid","salt":"OdeqtfSH","md5":"42a37cb865f172ddedb0fe139daa946e","sha1":"94ccb680205367d90d4b523a174641bee8355b5f","sha256":"531a375b12456e25d5f9287160ada1596179d2462d12df42c9980d55a39cd874"},"dob":{"date":"1960-12-16T14:41:01.355Z","age":63},"registered":{"date":"2016-09-02T10:56:38.520Z","age":7},"phone":"053-42819535","cell":"0900-959-6968","id":{"name":"","value":null},"picture":{"large":"https://randomuser.me/api/portraits/women/82.jpg","medium":"https://randomuser.me/api/portraits/med/women/82.jpg","thumbnail":"https://randomuser.me/api/portraits/thumb/women/82.jpg"},"nat":"IR"}],"info":{"seed":"ae1eacbeb857b358","results":1,"page":1,"version":"1.4"}} 
 </msg>
<msg time="2024-07-25T18:20:11.893534" level="INFO">/opt/hostedtoolcache/Python/3.12.4/x64/lib/python3.12/site-packages/urllib3/connectionpool.py:1099: InsecureRequestWarning: Unverified HTTPS request is being made to host 'randomuser.me'. Adding certificate verification is strongly advised. See: https://urllib3.readthedocs.io/en/latest/advanced-usage.html#tls-warnings
  warnings.warn(</msg>
<msg time="2024-07-25T18:20:11.893670" level="INFO">${response} = &lt;Response [200]&gt;</msg>
<var>${response}</var>
<arg>consultarAPI</arg>
<arg>/api</arg>
<doc>Sends a GET request on a previously created HTTP Session.</doc>
<status status="PASS" start="2024-07-25T18:20:11.721641" elapsed="0.172070"/>
</kw>
<kw name="Set Variable" owner="BuiltIn">
<msg time="2024-07-25T18:20:11.894941" level="INFO">${json_data} = {'results': [{'gender': 'female', 'name': {'title': 'Miss', 'first': 'مهدیس', 'last': 'رضاییان'}, 'location': {'street': {'number': 4578, 'name': 'بلوار کشاورز'}, 'city': 'سبزوار', 'state': 'کرمانشاه'...</msg>
<var>${json_data}</var>
<arg>${response.json()}</arg>
<doc>Returns the given values which can then be assigned to a variables.</doc>
<status status="PASS" start="2024-07-25T18:20:11.894337" elapsed="0.000635"/>
</kw>
<kw name="Log" owner="BuiltIn">
<msg time="2024-07-25T18:20:11.895532" level="INFO">{'results': [{'gender': 'female', 'name': {'title': 'Miss', 'first': 'مهدیس', 'last': 'رضاییان'}, 'location': {'street': {'number': 4578, 'name': 'بلوار کشاورز'}, 'city': 'سبزوار', 'state': 'کرمانشاه', 'country': 'Iran', 'postcode': 36517, 'coordinates': {'latitude': '16.8132', 'longitude': '76.3533'}, 'timezone': {'offset': '-10:00', 'description': 'Hawaii'}}, 'email': 'mhdys.rdyyn@example.com', 'login': {'uuid': 'b341728d-4a01-4441-b8af-e04bd8564d2f', 'username': 'yellowwolf151', 'password': 'orchid', 'salt': 'OdeqtfSH', 'md5': '42a37cb865f172ddedb0fe139daa946e', 'sha1': '94ccb680205367d90d4b523a174641bee8355b5f', 'sha256': '531a375b12456e25d5f9287160ada1596179d2462d12df42c9980d55a39cd874'}, 'dob': {'date': '1960-12-16T14:41:01.355Z', 'age': 63}, 'registered': {'date': '2016-09-02T10:56:38.520Z', 'age': 7}, 'phone': '053-42819535', 'cell': '0900-959-6968', 'id': {'name': '', 'value': None}, 'picture': {'large': 'https://randomuser.me/api/portraits/women/82.jpg', 'medium': 'https://randomuser.me/api/portraits/med/women/82.jpg', 'thumbnail': 'https://randomuser.me/api/portraits/thumb/women/82.jpg'}, 'nat': 'IR'}], 'info': {'seed': 'ae1eacbeb857b358', 'results': 1, 'page': 1, 'version': '1.4'}}</msg>
<arg>${json_data}</arg>
<doc>Logs the given message with the given level.</doc>
<status status="PASS" start="2024-07-25T18:20:11.895295" elapsed="0.000298"/>
</kw>
<kw name="Dictionary Should Contain Key" owner="Collections">
<arg>${json_data}</arg>
<arg>results</arg>
<doc>Fails if ``key`` is not found from ``dictionary``.</doc>
<status status="PASS" start="2024-07-25T18:20:11.895890" elapsed="0.000165"/>
</kw>
<kw name="Should Not Be Empty" owner="BuiltIn">
<msg time="2024-07-25T18:20:11.896370" level="INFO">Length is 2.</msg>
<arg>${json_data}</arg>
<doc>Verifies that the given item is not empty.</doc>
<status status="PASS" start="2024-07-25T18:20:11.896240" elapsed="0.000168"/>
</kw>
<kw name="Create List" owner="BuiltIn">
<msg time="2024-07-25T18:20:11.896850" level="INFO">${expected_keys} = ['gender', 'name', 'location', 'email', 'login']</msg>
<var>${expected_keys}</var>
<arg>gender</arg>
<arg>name</arg>
<arg>location</arg>
<arg>email</arg>
<arg>login</arg>
<doc>Returns a list containing given items.</doc>
<status status="PASS" start="2024-07-25T18:20:11.896698" elapsed="0.000175"/>
</kw>
<for flavor="IN">
<iter>
<kw name="Dictionary Should Contain Key" owner="Collections">
<arg>${json_data['results'][0]}</arg>
<arg>${key}</arg>
<doc>Fails if ``key`` is not found from ``dictionary``.</doc>
<status status="PASS" start="2024-07-25T18:20:11.897456" elapsed="0.000418"/>
</kw>
<kw name="Log" owner="BuiltIn">
<msg time="2024-07-25T18:20:11.898433" level="INFO">{'gender': 'female', 'name': {'title': 'Miss', 'first': 'مهدیس', 'last': 'رضاییان'}, 'location': {'street': {'number': 4578, 'name': 'بلوار کشاورز'}, 'city': 'سبزوار', 'state': 'کرمانشاه', 'country': 'Iran', 'postcode': 36517, 'coordinates': {'latitude': '16.8132', 'longitude': '76.3533'}, 'timezone': {'offset': '-10:00', 'description': 'Hawaii'}}, 'email': 'mhdys.rdyyn@example.com', 'login': {'uuid': 'b341728d-4a01-4441-b8af-e04bd8564d2f', 'username': 'yellowwolf151', 'password': 'orchid', 'salt': 'OdeqtfSH', 'md5': '42a37cb865f172ddedb0fe139daa946e', 'sha1': '94ccb680205367d90d4b523a174641bee8355b5f', 'sha256': '531a375b12456e25d5f9287160ada1596179d2462d12df42c9980d55a39cd874'}, 'dob': {'date': '1960-12-16T14:41:01.355Z', 'age': 63}, 'registered': {'date': '2016-09-02T10:56:38.520Z', 'age': 7}, 'phone': '053-42819535', 'cell': '0900-959-6968', 'id': {'name': '', 'value': None}, 'picture': {'large': 'https://randomuser.me/api/portraits/women/82.jpg', 'medium': 'https://randomuser.me/api/portraits/med/women/82.jpg', 'thumbnail': 'https://randomuser.me/api/portraits/thumb/women/82.jpg'}, 'nat': 'IR'}</msg>
<arg>${json_data['results'][0]}</arg>
<doc>Logs the given message with the given level.</doc>
<status status="PASS" start="2024-07-25T18:20:11.898062" elapsed="0.000423"/>
</kw>
<kw name="Log" owner="BuiltIn">
<msg time="2024-07-25T18:20:11.898912" level="INFO">gender</msg>
<arg>${key}</arg>
<doc>Logs the given message with the given level.</doc>
<status status="PASS" start="2024-07-25T18:20:11.898782" elapsed="0.000168"/>
</kw>
<var name="${key}">gender</var>
<status status="PASS" start="2024-07-25T18:20:11.897327" elapsed="0.001842"/>
</iter>
<iter>
<kw name="Dictionary Should Contain Key" owner="Collections">
<arg>${json_data['results'][0]}</arg>
<arg>${key}</arg>
<doc>Fails if ``key`` is not found from ``dictionary``.</doc>
<status status="PASS" start="2024-07-25T18:20:11.899499" elapsed="0.000392"/>
</kw>
<kw name="Log" owner="BuiltIn">
<msg time="2024-07-25T18:20:11.900436" level="INFO">{'gender': 'female', 'name': {'title': 'Miss', 'first': 'مهدیس', 'last': 'رضاییان'}, 'location': {'street': {'number': 4578, 'name': 'بلوار کشاورز'}, 'city': 'سبزوار', 'state': 'کرمانشاه', 'country': 'Iran', 'postcode': 36517, 'coordinates': {'latitude': '16.8132', 'longitude': '76.3533'}, 'timezone': {'offset': '-10:00', 'description': 'Hawaii'}}, 'email': 'mhdys.rdyyn@example.com', 'login': {'uuid': 'b341728d-4a01-4441-b8af-e04bd8564d2f', 'username': 'yellowwolf151', 'password': 'orchid', 'salt': 'OdeqtfSH', 'md5': '42a37cb865f172ddedb0fe139daa946e', 'sha1': '94ccb680205367d90d4b523a174641bee8355b5f', 'sha256': '531a375b12456e25d5f9287160ada1596179d2462d12df42c9980d55a39cd874'}, 'dob': {'date': '1960-12-16T14:41:01.355Z', 'age': 63}, 'registered': {'date': '2016-09-02T10:56:38.520Z', 'age': 7}, 'phone': '053-42819535', 'cell': '0900-959-6968', 'id': {'name': '', 'value': None}, 'picture': {'large': 'https://randomuser.me/api/portraits/women/82.jpg', 'medium': 'https://randomuser.me/api/portraits/med/women/82.jpg', 'thumbnail': 'https://randomuser.me/api/portraits/thumb/women/82.jpg'}, 'nat': 'IR'}</msg>
<arg>${json_data['results'][0]}</arg>
<doc>Logs the given message with the given level.</doc>
<status status="PASS" start="2024-07-25T18:20:11.900073" elapsed="0.000447"/>
</kw>
<kw name="Log" owner="BuiltIn">
<msg time="2024-07-25T18:20:11.900949" level="INFO">name</msg>
<arg>${key}</arg>
<doc>Logs the given message with the given level.</doc>
<status status="PASS" start="2024-07-25T18:20:11.900822" elapsed="0.000165"/>
</kw>
<var name="${key}">name</var>
<status status="PASS" start="2024-07-25T18:20:11.899380" elapsed="0.001823"/>
</iter>
<iter>
<kw name="Dictionary Should Contain Key" owner="Collections">
<arg>${json_data['results'][0]}</arg>
<arg>${key}</arg>
<doc>Fails if ``key`` is not found from ``dictionary``.</doc>
<status status="PASS" start="2024-07-25T18:20:11.901499" elapsed="0.000384"/>
</kw>
<kw name="Log" owner="BuiltIn">
<msg time="2024-07-25T18:20:11.902424" level="INFO">{'gender': 'female', 'name': {'title': 'Miss', 'first': 'مهدیس', 'last': 'رضاییان'}, 'location': {'street': {'number': 4578, 'name': 'بلوار کشاورز'}, 'city': 'سبزوار', 'state': 'کرمانشاه', 'country': 'Iran', 'postcode': 36517, 'coordinates': {'latitude': '16.8132', 'longitude': '76.3533'}, 'timezone': {'offset': '-10:00', 'description': 'Hawaii'}}, 'email': 'mhdys.rdyyn@example.com', 'login': {'uuid': 'b341728d-4a01-4441-b8af-e04bd8564d2f', 'username': 'yellowwolf151', 'password': 'orchid', 'salt': 'OdeqtfSH', 'md5': '42a37cb865f172ddedb0fe139daa946e', 'sha1': '94ccb680205367d90d4b523a174641bee8355b5f', 'sha256': '531a375b12456e25d5f9287160ada1596179d2462d12df42c9980d55a39cd874'}, 'dob': {'date': '1960-12-16T14:41:01.355Z', 'age': 63}, 'registered': {'date': '2016-09-02T10:56:38.520Z', 'age': 7}, 'phone': '053-42819535', 'cell': '0900-959-6968', 'id': {'name': '', 'value': None}, 'picture': {'large': 'https://randomuser.me/api/portraits/women/82.jpg', 'medium': 'https://randomuser.me/api/portraits/med/women/82.jpg', 'thumbnail': 'https://randomuser.me/api/portraits/thumb/women/82.jpg'}, 'nat': 'IR'}</msg>
<arg>${json_data['results'][0]}</arg>
<doc>Logs the given message with the given level.</doc>
<status status="PASS" start="2024-07-25T18:20:11.902072" elapsed="0.000403"/>
</kw>
<kw name="Log" owner="BuiltIn">
<msg time="2024-07-25T18:20:11.902907" level="INFO">location</msg>
<arg>${key}</arg>
<doc>Logs the given message with the given level.</doc>
<status status="PASS" start="2024-07-25T18:20:11.902772" elapsed="0.000172"/>
</kw>
<var name="${key}">location</var>
<status status="PASS" start="2024-07-25T18:20:11.901379" elapsed="0.001783"/>
</iter>
<iter>
<kw name="Dictionary Should Contain Key" owner="Collections">
<arg>${json_data['results'][0]}</arg>
<arg>${key}</arg>
<doc>Fails if ``key`` is not found from ``dictionary``.</doc>
<status status="PASS" start="2024-07-25T18:20:11.903467" elapsed="0.000401"/>
</kw>
<kw name="Log" owner="BuiltIn">
<msg time="2024-07-25T18:20:11.904542" level="INFO">{'gender': 'female', 'name': {'title': 'Miss', 'first': 'مهدیس', 'last': 'رضاییان'}, 'location': {'street': {'number': 4578, 'name': 'بلوار کشاورز'}, 'city': 'سبزوار', 'state': 'کرمانشاه', 'country': 'Iran', 'postcode': 36517, 'coordinates': {'latitude': '16.8132', 'longitude': '76.3533'}, 'timezone': {'offset': '-10:00', 'description': 'Hawaii'}}, 'email': 'mhdys.rdyyn@example.com', 'login': {'uuid': 'b341728d-4a01-4441-b8af-e04bd8564d2f', 'username': 'yellowwolf151', 'password': 'orchid', 'salt': 'OdeqtfSH', 'md5': '42a37cb865f172ddedb0fe139daa946e', 'sha1': '94ccb680205367d90d4b523a174641bee8355b5f', 'sha256': '531a375b12456e25d5f9287160ada1596179d2462d12df42c9980d55a39cd874'}, 'dob': {'date': '1960-12-16T14:41:01.355Z', 'age': 63}, 'registered': {'date': '2016-09-02T10:56:38.520Z', 'age': 7}, 'phone': '053-42819535', 'cell': '0900-959-6968', 'id': {'name': '', 'value': None}, 'picture': {'large': 'https://randomuser.me/api/portraits/women/82.jpg', 'medium': 'https://randomuser.me/api/portraits/med/women/82.jpg', 'thumbnail': 'https://randomuser.me/api/portraits/thumb/women/82.jpg'}, 'nat': 'IR'}</msg>
<arg>${json_data['results'][0]}</arg>
<doc>Logs the given message with the given level.</doc>
<status status="PASS" start="2024-07-25T18:20:11.904181" elapsed="0.000413"/>
</kw>
<kw name="Log" owner="BuiltIn">
<msg time="2024-07-25T18:20:11.905034" level="INFO">email</msg>
<arg>${key}</arg>
<doc>Logs the given message with the given level.</doc>
<status status="PASS" start="2024-07-25T18:20:11.904895" elapsed="0.000177"/>
</kw>
<var name="${key}">email</var>
<status status="PASS" start="2024-07-25T18:20:11.903333" elapsed="0.001955"/>
</iter>
<iter>
<kw name="Dictionary Should Contain Key" owner="Collections">
<arg>${json_data['results'][0]}</arg>
<arg>${key}</arg>
<doc>Fails if ``key`` is not found from ``dictionary``.</doc>
<status status="PASS" start="2024-07-25T18:20:11.905571" elapsed="0.000385"/>
</kw>
<kw name="Log" owner="BuiltIn">
<msg time="2024-07-25T18:20:11.906486" level="INFO">{'gender': 'female', 'name': {'title': 'Miss', 'first': 'مهدیس', 'last': 'رضاییان'}, 'location': {'street': {'number': 4578, 'name': 'بلوار کشاورز'}, 'city': 'سبزوار', 'state': 'کرمانشاه', 'country': 'Iran', 'postcode': 36517, 'coordinates': {'latitude': '16.8132', 'longitude': '76.3533'}, 'timezone': {'offset': '-10:00', 'description': 'Hawaii'}}, 'email': 'mhdys.rdyyn@example.com', 'login': {'uuid': 'b341728d-4a01-4441-b8af-e04bd8564d2f', 'username': 'yellowwolf151', 'password': 'orchid', 'salt': 'OdeqtfSH', 'md5': '42a37cb865f172ddedb0fe139daa946e', 'sha1': '94ccb680205367d90d4b523a174641bee8355b5f', 'sha256': '531a375b12456e25d5f9287160ada1596179d2462d12df42c9980d55a39cd874'}, 'dob': {'date': '1960-12-16T14:41:01.355Z', 'age': 63}, 'registered': {'date': '2016-09-02T10:56:38.520Z', 'age': 7}, 'phone': '053-42819535', 'cell': '0900-959-6968', 'id': {'name': '', 'value': None}, 'picture': {'large': 'https://randomuser.me/api/portraits/women/82.jpg', 'medium': 'https://randomuser.me/api/portraits/med/women/82.jpg', 'thumbnail': 'https://randomuser.me/api/portraits/thumb/women/82.jpg'}, 'nat': 'IR'}</msg>
<arg>${json_data['results'][0]}</arg>
<doc>Logs the given message with the given level.</doc>
<status status="PASS" start="2024-07-25T18:20:11.906137" elapsed="0.000398"/>
</kw>
<kw name="Log" owner="BuiltIn">
<msg time="2024-07-25T18:20:11.906954" level="INFO">login</msg>
<arg>${key}</arg>
<doc>Logs the given message with the given level.</doc>
<status status="PASS" start="2024-07-25T18:20:11.906829" elapsed="0.000161"/>
</kw>
<var name="${key}">login</var>
<status status="PASS" start="2024-07-25T18:20:11.905461" elapsed="0.001742"/>
</iter>
<var>${key}</var>
<value>@{expected_keys}</value>
<status status="PASS" start="2024-07-25T18:20:11.897135" elapsed="0.010188"/>
</for>
<kw name="Create List" owner="BuiltIn">
<msg time="2024-07-25T18:20:11.907707" level="INFO">${expected_keysTwo} = ['username', 'password']</msg>
<var>${expected_keysTwo}</var>
<arg>username</arg>
<arg>password</arg>
<doc>Returns a list containing given items.</doc>
<status status="PASS" start="2024-07-25T18:20:11.907565" elapsed="0.000197"/>
</kw>
<for flavor="IN">
<iter>
<kw name="Dictionary Should Contain Key" owner="Collections">
<arg>${json_data['results'][0]['login']}</arg>
<arg>${keyTwo}</arg>
<doc>Fails if ``key`` is not found from ``dictionary``.</doc>
<status status="PASS" start="2024-07-25T18:20:11.908284" elapsed="0.000401"/>
</kw>
<kw name="Dictionary Should Contain Key" owner="Collections">
<arg>${json_data['results'][0]['login']}</arg>
<arg>${keyTwo}</arg>
<doc>Fails if ``key`` is not found from ``dictionary``.</doc>
<status status="PASS" start="2024-07-25T18:20:11.908869" elapsed="0.000382"/>
</kw>
<kw name="Log" owner="BuiltIn">
<msg time="2024-07-25T18:20:11.909550" level="INFO">username</msg>
<arg>${keyTwo}</arg>
<doc>Logs the given message with the given level.</doc>
<status status="PASS" start="2024-07-25T18:20:11.909428" elapsed="0.000159"/>
</kw>
<var name="${keyTwo}">username</var>
<status status="PASS" start="2024-07-25T18:20:11.908178" elapsed="0.001632"/>
</iter>
<iter>
<kw name="Dictionary Should Contain Key" owner="Collections">
<arg>${json_data['results'][0]['login']}</arg>
<arg>${keyTwo}</arg>
<doc>Fails if ``key`` is not found from ``dictionary``.</doc>
<status status="PASS" start="2024-07-25T18:20:11.910090" elapsed="0.000378"/>
</kw>
<kw name="Dictionary Should Contain Key" owner="Collections">
<arg>${json_data['results'][0]['login']}</arg>
<arg>${keyTwo}</arg>
<doc>Fails if ``key`` is not found from ``dictionary``.</doc>
<status status="PASS" start="2024-07-25T18:20:11.910645" elapsed="0.000378"/>
</kw>
<kw name="Log" owner="BuiltIn">
<msg time="2024-07-25T18:20:11.911320" level="INFO">password</msg>
<arg>${keyTwo}</arg>
<doc>Logs the given message with the given level.</doc>
<status status="PASS" start="2024-07-25T18:20:11.911196" elapsed="0.000193"/>
</kw>
<var name="${keyTwo}">password</var>
<status status="PASS" start="2024-07-25T18:20:11.909980" elapsed="0.001642"/>
</iter>
<var>${keyTwo}</var>
<value>@{expected_keysTwo}</value>
<status status="PASS" start="2024-07-25T18:20:11.908015" elapsed="0.003726"/>
</for>
<status status="PASS" start="2024-07-25T18:20:11.721411" elapsed="0.190468"/>
</kw>
<doc>Testa a estrutura da resposta da API.</doc>
<tag>testeEstruturaResposta</tag>
<status status="PASS" start="2024-07-25T18:20:11.720811" elapsed="0.191229"/>
</test>
<test id="s1-s1-t4" name="Validar tipos de dados" line="28">
<kw name="Teste de Tipos de Dados" owner="random-user-service">
<kw name="GET On Session" owner="RequestsLibrary">
<msg time="2024-07-25T18:20:12.097938" level="INFO">GET Request : url=https://randomuser.me/api 
 path_url=/api 
 headers={'User-Agent': 'python-requests/2.32.3', 'Accept-Encoding': 'gzip, deflate', 'Accept': '*/*', 'Connection': 'keep-alive'} 
 body=None 
 </msg>
<msg time="2024-07-25T18:20:12.098041" level="INFO">GET Response : url=https://randomuser.me/api 
 status=200, reason=OK 
 headers={'Date': 'Thu, 25 Jul 2024 18:20:12 GMT', 'Content-Type': 'application/json; charset=utf-8', 'Transfer-Encoding': 'chunked', 'Connection': 'keep-alive', 'X-Powered-By': 'Express', 'Access-Control-Allow-Origin': '*', 'Cache-Control': 'no-cache', 'ETag': 'W/"47d-dE0nESPs7xQ7KnWjy5VcbLU8HFw"', 'Vary': 'Accept-Encoding', 'Content-Encoding': 'gzip', 'CF-Cache-Status': 'DYNAMIC', 'Report-To': '{"endpoints":[{"url":"https:\\/\\/a.nel.cloudflare.com\\/report\\/v4?s=n6sp8uZQ3XmOd%2FaTpMQbCg3TKiM8qZZ83mwnFe00UloGD2iLnDaRcPAcjn3TozZGsCJ1dfbtTWMsVw2bWNySv174MIr2%2BkVeQkf3vM8pkCmfrJ01w41pR2zOxd%2Bk2LKJ"}],"group":"cf-nel","max_age":604800}', 'NEL': '{"success_fraction":0,"report_to":"cf-nel","max_age":604800}', 'Server': 'cloudflare', 'CF-RAY': '8a8e299e79b43107-LAX', 'alt-svc': 'h3=":443"; ma=86400'} 
 body={"results":[{"gender":"female","name":{"title":"Mrs","first":"Brankica","last":"Vrhovac"},"location":{"street":{"number":4949,"name":"Jovana Sušića"},"city":"Paraćin","state":"Braničevo","country":"Serbia","postcode":54900,"coordinates":{"latitude":"57.4259","longitude":"25.0339"},"timezone":{"offset":"+4:30","description":"Kabul"}},"email":"brankica.vrhovac@example.com","login":{"uuid":"2e8a7591-7c0e-4d4c-ae76-d6c3d5a40257","username":"greensnake482","password":"jimbob","salt":"Xa52tWA6","md5":"f108acc45cfd7388d052739d838db24a","sha1":"e90ced718624bc78dadcd65223907382cbd6239a","sha256":"b959177e0a29b3a9374273d65ddee2a41a95933c03962b3ac2fc0eb0f0e3a56c"},"dob":{"date":"1987-06-22T17:12:06.056Z","age":37},"registered":{"date":"2006-03-25T00:47:32.880Z","age":18},"phone":"026-2013-426","cell":"065-8729-051","id":{"name":"SID","value":"723995636"},"picture":{"large":"https://randomuser.me/api/portraits/women/84.jpg","medium":"https://randomuser.me/api/portraits/med/women/84.jpg","thumbnail":"https://randomuser.me/api/portraits/thumb/women/84.jpg"},"nat":"RS"}],"info":{"seed":"3a714ec9eff6cb37","results":1,"page":1,"version":"1.4"}} 
 </msg>
<msg time="2024-07-25T18:20:12.098113" level="INFO">/opt/hostedtoolcache/Python/3.12.4/x64/lib/python3.12/site-packages/urllib3/connectionpool.py:1099: InsecureRequestWarning: Unverified HTTPS request is being made to host 'randomuser.me'. Adding certificate verification is strongly advised. See: https://urllib3.readthedocs.io/en/latest/advanced-usage.html#tls-warnings
  warnings.warn(</msg>
<msg time="2024-07-25T18:20:12.098234" level="INFO">${response} = &lt;Response [200]&gt;</msg>
<var>${response}</var>
<arg>consultarAPI</arg>
<arg>/api</arg>
<doc>Sends a GET request on a previously created HTTP Session.</doc>
<status status="PASS" start="2024-07-25T18:20:11.914607" elapsed="0.183676"/>
</kw>
<kw name="Set Variable" owner="BuiltIn">
<msg time="2024-07-25T18:20:12.099615" level="INFO">${json_data} = {'results': [{'gender': 'female', 'name': {'title': 'Mrs', 'first': 'Brankica', 'last': 'Vrhovac'}, 'location': {'street': {'number': 4949, 'name': 'Jovana Sušića'}, 'city': 'Paraćin', 'state': 'Brani...</msg>
<var>${json_data}</var>
<arg>${response.json()}</arg>
<doc>Returns the given values which can then be assigned to a variables.</doc>
<status status="PASS" start="2024-07-25T18:20:12.098933" elapsed="0.000714"/>
</kw>
<kw name="Log" owner="BuiltIn">
<msg time="2024-07-25T18:20:12.100185" level="INFO">{'results': [{'gender': 'female', 'name': {'title': 'Mrs', 'first': 'Brankica', 'last': 'Vrhovac'}, 'location': {'street': {'number': 4949, 'name': 'Jovana Sušića'}, 'city': 'Paraćin', 'state': 'Braničevo', 'country': 'Serbia', 'postcode': 54900, 'coordinates': {'latitude': '57.4259', 'longitude': '25.0339'}, 'timezone': {'offset': '+4:30', 'description': 'Kabul'}}, 'email': 'brankica.vrhovac@example.com', 'login': {'uuid': '2e8a7591-7c0e-4d4c-ae76-d6c3d5a40257', 'username': 'greensnake482', 'password': 'jimbob', 'salt': 'Xa52tWA6', 'md5': 'f108acc45cfd7388d052739d838db24a', 'sha1': 'e90ced718624bc78dadcd65223907382cbd6239a', 'sha256': 'b959177e0a29b3a9374273d65ddee2a41a95933c03962b3ac2fc0eb0f0e3a56c'}, 'dob': {'date': '1987-06-22T17:12:06.056Z', 'age': 37}, 'registered': {'date': '2006-03-25T00:47:32.880Z', 'age': 18}, 'phone': '026-2013-426', 'cell': '065-8729-051', 'id': {'name': 'SID', 'value': '723995636'}, 'picture': {'large': 'https://randomuser.me/api/portraits/women/84.jpg', 'medium': 'https://randomuser.me/api/portraits/med/women/84.jpg', 'thumbnail': 'https://randomuser.me/api/portraits/thumb/women/84.jpg'}, 'nat': 'RS'}], 'info': {'seed': '3a714ec9eff6cb37', 'results': 1, 'page': 1, 'version': '1.4'}}</msg>
<arg>${json_data}</arg>
<doc>Logs the given message with the given level.</doc>
<status status="PASS" start="2024-07-25T18:20:12.100017" elapsed="0.000218"/>
</kw>
<kw name="Should Be String" owner="String">
<arg>${json_data['results'][0]['gender']}</arg>
<doc>Fails if the given ``item`` is not a string.</doc>
<status status="PASS" start="2024-07-25T18:20:12.100530" elapsed="0.000377"/>
</kw>
<kw name="Should Match Regexp" owner="BuiltIn">
<arg>${json_data['results'][0]['email']}</arg>
<arg>^[a-zA-Z0-9._%+-]+@[a-zA-Z0-9.-]+\.[a-zA-Z]{2,}$</arg>
<doc>Fails if ``string`` does not match ``pattern`` as a regular expression.</doc>
<status status="PASS" start="2024-07-25T18:20:12.101098" elapsed="0.000521"/>
</kw>
<kw name="Should Match Regexp" owner="BuiltIn">
<arg>${json_data['results'][0]['dob']['date']}</arg>
<arg>\\d{4}-\\d{2}-\\d{2}T\\d{2}:\\d{2}:\\d{2}\\.\\d{3}Z</arg>
<doc>Fails if ``string`` does not match ``pattern`` as a regular expression.</doc>
<status status="PASS" start="2024-07-25T18:20:12.101858" elapsed="0.000651"/>
</kw>
<kw name="Should Match Regexp" owner="BuiltIn">
<arg>${json_data['results'][0]['registered']['date']}</arg>
<arg>\\d{4}-\\d{2}-\\d{2}T\\d{2}:\\d{2}:\\d{2}\\.\\d{3}Z</arg>
<doc>Fails if ``string`` does not match ``pattern`` as a regular expression.</doc>
<status status="PASS" start="2024-07-25T18:20:12.102707" elapsed="0.000436"/>
</kw>
<kw name="Should Match Regexp" owner="BuiltIn">
<arg>${json_data['results'][0]['picture']['large']}</arg>
<arg>^https?://.*\.(?:png|jpe?g|gif|bmp)$</arg>
<doc>Fails if ``string`` does not match ``pattern`` as a regular expression.</doc>
<status status="PASS" start="2024-07-25T18:20:12.103403" elapsed="0.000480"/>
</kw>
<kw name="Should Match Regexp" owner="BuiltIn">
<arg>${json_data['results'][0]['picture']['medium']}</arg>
<arg>^https?://.*\.(?:png|jpe?g|gif|bmp)$</arg>
<doc>Fails if ``string`` does not match ``pattern`` as a regular expression.</doc>
<status status="PASS" start="2024-07-25T18:20:12.104073" elapsed="0.000360"/>
</kw>
<kw name="Should Match Regexp" owner="BuiltIn">
<arg>${json_data['results'][0]['picture']['thumbnail']}</arg>
<arg>^https?://.*\.(?:png|jpe?g|gif|bmp)$</arg>
<doc>Fails if ``string`` does not match ``pattern`` as a regular expression.</doc>
<status status="PASS" start="2024-07-25T18:20:12.104618" elapsed="0.000358"/>
</kw>
<kw name="Log" owner="BuiltIn">
<msg time="2024-07-25T18:20:12.105491" level="INFO">{'large': 'https://randomuser.me/api/portraits/women/84.jpg', 'medium': 'https://randomuser.me/api/portraits/med/women/84.jpg', 'thumbnail': 'https://randomuser.me/api/portraits/thumb/women/84.jpg'}</msg>
<arg>${json_data['results'][0]['picture']}</arg>
<doc>Logs the given message with the given level.</doc>
<status status="PASS" start="2024-07-25T18:20:12.105160" elapsed="0.000375"/>
</kw>
<status status="PASS" start="2024-07-25T18:20:11.914378" elapsed="0.191460"/>
</kw>
<kw name="Teste de Tipos de Dados - Postcode" owner="random-user-service">
<kw name="GET On Session" owner="RequestsLibrary">
<msg time="2024-07-25T18:20:12.223852" level="INFO">GET Request : url=https://randomuser.me/api 
 path_url=/api 
 headers={'User-Agent': 'python-requests/2.32.3', 'Accept-Encoding': 'gzip, deflate', 'Accept': '*/*', 'Connection': 'keep-alive'} 
 body=None 
 </msg>
<msg time="2024-07-25T18:20:12.223951" level="INFO">GET Response : url=https://randomuser.me/api 
 status=200, reason=OK 
 headers={'Date': 'Thu, 25 Jul 2024 18:20:12 GMT', 'Content-Type': 'application/json; charset=utf-8', 'Transfer-Encoding': 'chunked', 'Connection': 'keep-alive', 'X-Powered-By': 'Express', 'Access-Control-Allow-Origin': '*', 'Cache-Control': 'no-cache', 'ETag': 'W/"484-q7bDGLDyCYz9tmbH1C3Ud953Vz0"', 'Vary': 'Accept-Encoding', 'Content-Encoding': 'gzip', 'CF-Cache-Status': 'DYNAMIC', 'Report-To': '{"endpoints":[{"url":"https:\\/\\/a.nel.cloudflare.com\\/report\\/v4?s=gHr9QM1J1bV8ioFXzqNC7zxV8oy2E2z7cPzxRC8alJwti5Rd6DWiGMVYVv7Je4SHBuffY%2FtlDMWdVlwr3tctX1NYdEgsinoP0%2F5H1a0RC2XM6R8D60emurViLbTszCW9"}],"group":"cf-nel","max_age":604800}', 'NEL': '{"success_fraction":0,"report_to":"cf-nel","max_age":604800}', 'Server': 'cloudflare', 'CF-RAY': '8a8e299faadf3107-LAX', 'alt-svc': 'h3=":443"; ma=86400'} 
 body={"results":[{"gender":"male","name":{"title":"Mr","first":"Jean","last":"Guillot"},"location":{"street":{"number":8147,"name":"Rue de L'Abbé-Soulange-Bodin"},"city":"Rennes","state":"Loire","country":"France","postcode":49697,"coordinates":{"latitude":"-21.2582","longitude":"-153.7794"},"timezone":{"offset":"+4:30","description":"Kabul"}},"email":"jean.guillot@example.com","login":{"uuid":"66ad9c87-a200-4f04-aea8-bc4153e216be","username":"purpleleopard768","password":"tennis1","salt":"Pida8apy","md5":"f5d419ca83b075c04ded0b55dfb7961e","sha1":"223d3457fc4f0d6362ba983dd6a16e443861ce8d","sha256":"6883606b97087ced699168ae42ba02dbead9d1e404bf7df1a3555a72680348e2"},"dob":{"date":"1989-08-30T09:45:18.595Z","age":34},"registered":{"date":"2007-06-04T03:54:24.956Z","age":17},"phone":"02-29-10-47-91","cell":"06-10-59-05-06","id":{"name":"INSEE","value":"1890768438579 31"},"picture":{"large":"https://randomuser.me/api/portraits/men/8.jpg","medium":"https://randomuser.me/api/portraits/med/men/8.jpg","thumbnail":"https://randomuser.me/api/portraits/thumb/men/8.jpg"},"nat":"FR"}],"info":{"seed":"65ac2cc2948f3d39","results":1,"page":1,"version":"1.4"}} 
 </msg>
<msg time="2024-07-25T18:20:12.224024" level="INFO">/opt/hostedtoolcache/Python/3.12.4/x64/lib/python3.12/site-packages/urllib3/connectionpool.py:1099: InsecureRequestWarning: Unverified HTTPS request is being made to host 'randomuser.me'. Adding certificate verification is strongly advised. See: https://urllib3.readthedocs.io/en/latest/advanced-usage.html#tls-warnings
  warnings.warn(</msg>
<msg time="2024-07-25T18:20:12.224143" level="INFO">${response} = &lt;Response [200]&gt;</msg>
<var>${response}</var>
<arg>consultarAPI</arg>
<arg>/api</arg>
<doc>Sends a GET request on a previously created HTTP Session.</doc>
<status status="PASS" start="2024-07-25T18:20:12.106322" elapsed="0.117861"/>
</kw>
<kw name="Set Variable" owner="BuiltIn">
<msg time="2024-07-25T18:20:12.225473" level="INFO">${json_data} = {'results': [{'gender': 'male', 'name': {'title': 'Mr', 'first': 'Jean', 'last': 'Guillot'}, 'location': {'street': {'number': 8147, 'name': "Rue de L'Abbé-Soulange-Bodin"}, 'city': 'Rennes', 'state':...</msg>
<var>${json_data}</var>
<arg>${response.json()}</arg>
<doc>Returns the given values which can then be assigned to a variables.</doc>
<status status="PASS" start="2024-07-25T18:20:12.224822" elapsed="0.000680"/>
</kw>
<kw name="Log" owner="BuiltIn">
<msg time="2024-07-25T18:20:12.225993" level="INFO">{'results': [{'gender': 'male', 'name': {'title': 'Mr', 'first': 'Jean', 'last': 'Guillot'}, 'location': {'street': {'number': 8147, 'name': "Rue de L'Abbé-Soulange-Bodin"}, 'city': 'Rennes', 'state': 'Loire', 'country': 'France', 'postcode': 49697, 'coordinates': {'latitude': '-21.2582', 'longitude': '-153.7794'}, 'timezone': {'offset': '+4:30', 'description': 'Kabul'}}, 'email': 'jean.guillot@example.com', 'login': {'uuid': '66ad9c87-a200-4f04-aea8-bc4153e216be', 'username': 'purpleleopard768', 'password': 'tennis1', 'salt': 'Pida8apy', 'md5': 'f5d419ca83b075c04ded0b55dfb7961e', 'sha1': '223d3457fc4f0d6362ba983dd6a16e443861ce8d', 'sha256': '6883606b97087ced699168ae42ba02dbead9d1e404bf7df1a3555a72680348e2'}, 'dob': {'date': '1989-08-30T09:45:18.595Z', 'age': 34}, 'registered': {'date': '2007-06-04T03:54:24.956Z', 'age': 17}, 'phone': '02-29-10-47-91', 'cell': '06-10-59-05-06', 'id': {'name': 'INSEE', 'value': '1890768438579 31'}, 'picture': {'large': 'https://randomuser.me/api/portraits/men/8.jpg', 'medium': 'https://randomuser.me/api/portraits/med/men/8.jpg', 'thumbnail': 'https://randomuser.me/api/portraits/thumb/men/8.jpg'}, 'nat': 'FR'}], 'info': {'seed': '65ac2cc2948f3d39', 'results': 1, 'page': 1, 'version': '1.4'}}</msg>
<arg>${json_data}</arg>
<doc>Logs the given message with the given level.</doc>
<status status="PASS" start="2024-07-25T18:20:12.225829" elapsed="0.000213"/>
</kw>
<kw name="Should Be Equal As Numbers" owner="BuiltIn">
<arg>${json_data['results'][0]['location']['postcode']}</arg>
<arg>${json_data['results'][0]['location']['postcode']}</arg>
<doc>Fails if objects are unequal after converting them to real numbers.</doc>
<status status="PASS" start="2024-07-25T18:20:12.226348" elapsed="0.000625"/>
</kw>
<kw name="Log" owner="BuiltIn">
<msg time="2024-07-25T18:20:12.227553" level="INFO">49697</msg>
<arg>${json_data['results'][0]['location']['postcode']}</arg>
<doc>Logs the given message with the given level.</doc>
<status status="PASS" start="2024-07-25T18:20:12.227168" elapsed="0.000426"/>
</kw>
<status status="PASS" start="2024-07-25T18:20:12.106077" elapsed="0.121809"/>
</kw>
<doc>Testa se os tipos de dados na resposta da API estão corretos.</doc>
<tag>testeTiposDados</tag>
<status status="PASS" start="2024-07-25T18:20:11.913811" elapsed="0.314251"/>
</test>
<test id="s1-s1-t5" name="Validar conteudo" line="35">
<kw name="Teste de Tipos de Conteudo" owner="random-user-service">
<kw name="GET On Session" owner="RequestsLibrary">
<msg time="2024-07-25T18:20:12.334296" level="INFO">GET Request : url=https://randomuser.me/api 
 path_url=/api 
 headers={'User-Agent': 'python-requests/2.32.3', 'Accept-Encoding': 'gzip, deflate', 'Accept': '*/*', 'Connection': 'keep-alive'} 
 body=None 
 </msg>
<msg time="2024-07-25T18:20:12.334409" level="INFO">GET Response : url=https://randomuser.me/api 
 status=200, reason=OK 
 headers={'Date': 'Thu, 25 Jul 2024 18:20:12 GMT', 'Content-Type': 'application/json; charset=utf-8', 'Transfer-Encoding': 'chunked', 'Connection': 'keep-alive', 'X-Powered-By': 'Express', 'Access-Control-Allow-Origin': '*', 'Cache-Control': 'no-cache', 'ETag': 'W/"46c-VX48yg8RMF9C1fsy7YdgxUWHRLg"', 'Vary': 'Accept-Encoding', 'Content-Encoding': 'gzip', 'CF-Cache-Status': 'DYNAMIC', 'Report-To': '{"endpoints":[{"url":"https:\\/\\/a.nel.cloudflare.com\\/report\\/v4?s=gRJjp0%2BrthpyFEzM7S%2F%2Bs9OwxLRQsA%2FG4bt1pD1eBEZtFytgm7dxGHcxOqZNpd%2FaMcPE51Rfcn%2BzRsO1wTYoAKbDOrIOfoC3%2Fe98norcLTzlCWpoKTYwncZAbVZfh9K2"}],"group":"cf-nel","max_age":604800}', 'NEL': '{"success_fraction":0,"report_to":"cf-nel","max_age":604800}', 'Server': 'cloudflare', 'CF-RAY': '8a8e29a07b933107-LAX', 'alt-svc': 'h3=":443"; ma=86400'} 
 body={"results":[{"gender":"female","name":{"title":"Ms","first":"Maria","last":"Jakovljević"},"location":{"street":{"number":9320,"name":"Crnička"},"city":"Ada","state":"Kolubara","country":"Serbia","postcode":46516,"coordinates":{"latitude":"57.9995","longitude":"57.5508"},"timezone":{"offset":"+4:30","description":"Kabul"}},"email":"maria.jakovljevic@example.com","login":{"uuid":"73bae202-633c-42e1-b96a-a90f5c18951f","username":"redmouse609","password":"hill","salt":"lmWi7e7M","md5":"39e4b7791105d85b91bb710e6a39d9c2","sha1":"4ad404eb4beafe7ff94245e3348e7e921233285a","sha256":"079b08b25d10f398870ab0b7d2c3b8886f7c7aeddba7352dcc97ac98caff84cc"},"dob":{"date":"1947-10-18T02:31:51.666Z","age":76},"registered":{"date":"2022-05-10T02:04:21.020Z","age":2},"phone":"031-5630-977","cell":"066-7494-161","id":{"name":"SID","value":"373081692"},"picture":{"large":"https://randomuser.me/api/portraits/women/34.jpg","medium":"https://randomuser.me/api/portraits/med/women/34.jpg","thumbnail":"https://randomuser.me/api/portraits/thumb/women/34.jpg"},"nat":"RS"}],"info":{"seed":"66b09619d44f8683","results":1,"page":1,"version":"1.4"}} 
 </msg>
<msg time="2024-07-25T18:20:12.334501" level="INFO">/opt/hostedtoolcache/Python/3.12.4/x64/lib/python3.12/site-packages/urllib3/connectionpool.py:1099: InsecureRequestWarning: Unverified HTTPS request is being made to host 'randomuser.me'. Adding certificate verification is strongly advised. See: https://urllib3.readthedocs.io/en/latest/advanced-usage.html#tls-warnings
  warnings.warn(</msg>
<msg time="2024-07-25T18:20:12.334636" level="INFO">${response} = &lt;Response [200]&gt;</msg>
<var>${response}</var>
<arg>consultarAPI</arg>
<arg>/api</arg>
<doc>Sends a GET request on a previously created HTTP Session.</doc>
<status status="PASS" start="2024-07-25T18:20:12.230585" elapsed="0.104090"/>
</kw>
<kw name="Set Variable" owner="BuiltIn">
<msg time="2024-07-25T18:20:12.335764" level="INFO">${json_data} = {'results': [{'gender': 'female', 'name': {'title': 'Ms', 'first': 'Maria', 'last': 'Jakovljević'}, 'location': {'street': {'number': 9320, 'name': 'Crnička'}, 'city': 'Ada', 'state': 'Kolubara', 'cou...</msg>
<var>${json_data}</var>
<arg>${response.json()}</arg>
<doc>Returns the given values which can then be assigned to a variables.</doc>
<status status="PASS" start="2024-07-25T18:20:12.335188" elapsed="0.000608"/>
</kw>
<kw name="Set Variable" owner="BuiltIn">
<msg time="2024-07-25T18:20:12.336502" level="INFO">${name_title} = Ms</msg>
<var>${name_title}</var>
<arg>${json_data["results"][0]["name"]["title"]}</arg>
<doc>Returns the given values which can then be assigned to a variables.</doc>
<status status="PASS" start="2024-07-25T18:20:12.336108" elapsed="0.000421"/>
</kw>
<kw name="Create List" owner="BuiltIn">
<msg time="2024-07-25T18:20:12.336979" level="INFO">${allowed_titles} = ['Mr', 'Ms', 'Miss', 'Mrs', 'Madame', 'Monsieur']</msg>
<var>${allowed_titles}</var>
<arg>Mr</arg>
<arg>Ms</arg>
<arg>Miss</arg>
<arg>Mrs</arg>
<arg>Madame</arg>
<arg>Monsieur</arg>
<doc>Returns a list containing given items.</doc>
<status status="PASS" start="2024-07-25T18:20:12.336828" elapsed="0.000177"/>
</kw>
<kw name="List Should Contain Value" owner="Collections">
<arg>${allowed_titles}</arg>
<arg>${name_title}</arg>
<doc>Fails if the ``value`` is not found from ``list``.</doc>
<status status="PASS" start="2024-07-25T18:20:12.337302" elapsed="0.000189"/>
</kw>
<kw name="Set Variable" owner="BuiltIn">
<msg time="2024-07-25T18:20:12.338052" level="INFO">${name_country} = RS</msg>
<var>${name_country}</var>
<arg>${json_data["results"][0]["nat"]}</arg>
<doc>Returns the given values which can then be assigned to a variables.</doc>
<status status="PASS" start="2024-07-25T18:20:12.337673" elapsed="0.000406"/>
</kw>
<kw name="Create List" owner="BuiltIn">
<msg time="2024-07-25T18:20:12.338970" level="INFO">${list_country} = ['AD', 'AE', 'AF', 'AG', 'AI', 'AL', 'AM', 'AO', 'AQ', 'AR', 'AS', 'AT', 'AU', 'AW', 'AX', 'AZ', 'BA', 'BB', 'BD', 'BE', 'BF', 'BG', 'BH', 'BI', 'BJ', 'BL', 'BM', 'BN', 'BO', 'BQ', 'BR', 'BS', 'BT', '...</msg>
<var>${list_country}</var>
<arg>AD</arg>
<arg>AE</arg>
<arg>AF</arg>
<arg>AG</arg>
<arg>AI</arg>
<arg>AL</arg>
<arg>AM</arg>
<arg>AO</arg>
<arg>AQ</arg>
<arg>AR</arg>
<arg>AS</arg>
<arg>AT</arg>
<arg>AU</arg>
<arg>AW</arg>
<arg>AX</arg>
<arg>AZ</arg>
<arg>BA</arg>
<arg>BB</arg>
<arg>BD</arg>
<arg>BE</arg>
<arg>BF</arg>
<arg>BG</arg>
<arg>BH</arg>
<arg>BI</arg>
<arg>BJ</arg>
<arg>BL</arg>
<arg>BM</arg>
<arg>BN</arg>
<arg>BO</arg>
<arg>BQ</arg>
<arg>BR</arg>
<arg>BS</arg>
<arg>BT</arg>
<arg>BV</arg>
<arg>BW</arg>
<arg>BY</arg>
<arg>BZ</arg>
<arg>CA</arg>
<arg>CC</arg>
<arg>CD</arg>
<arg>CF</arg>
<arg>CG</arg>
<arg>CH</arg>
<arg>CI</arg>
<arg>CK</arg>
<arg>CL</arg>
<arg>CM</arg>
<arg>CN</arg>
<arg>CO</arg>
<arg>CR</arg>
<arg>CU</arg>
<arg>CV</arg>
<arg>CW</arg>
<arg>CX</arg>
<arg>CY</arg>
<arg>CZ</arg>
<arg>DE</arg>
<arg>DJ</arg>
<arg>DK</arg>
<arg>DM</arg>
<arg>DO</arg>
<arg>DZ</arg>
<arg>EC</arg>
<arg>EE</arg>
<arg>EG</arg>
<arg>EH</arg>
<arg>ER</arg>
<arg>ES</arg>
<arg>ET</arg>
<arg>FI</arg>
<arg>FJ</arg>
<arg>FK</arg>
<arg>FM</arg>
<arg>FO</arg>
<arg>FR</arg>
<arg>GA</arg>
<arg>GB</arg>
<arg>GD</arg>
<arg>GE</arg>
<arg>GF</arg>
<arg>GG</arg>
<arg>GH</arg>
<arg>GI</arg>
<arg>GL</arg>
<arg>GM</arg>
<arg>GN</arg>
<arg>GP</arg>
<arg>GQ</arg>
<arg>GR</arg>
<arg>GS</arg>
<arg>GT</arg>
<arg>GU</arg>
<arg>GW</arg>
<arg>GY</arg>
<arg>HK</arg>
<arg>HM</arg>
<arg>HN</arg>
<arg>HR</arg>
<arg>HT</arg>
<arg>HU</arg>
<arg>ID</arg>
<arg>IE</arg>
<arg>IL</arg>
<arg>IM</arg>
<arg>IN</arg>
<arg>IO</arg>
<arg>IQ</arg>
<arg>IR</arg>
<arg>IS</arg>
<arg>IT</arg>
<arg>JE</arg>
<arg>JM</arg>
<arg>JO</arg>
<arg>JP</arg>
<arg>KE</arg>
<arg>KG</arg>
<arg>KH</arg>
<arg>KI</arg>
<arg>KM</arg>
<arg>KN</arg>
<arg>KP</arg>
<arg>KR</arg>
<arg>KW</arg>
<arg>KY</arg>
<arg>KZ</arg>
<arg>LA</arg>
<arg>LB</arg>
<arg>LC</arg>
<arg>LI</arg>
<arg>LK</arg>
<arg>LR</arg>
<arg>LS</arg>
<arg>LT</arg>
<arg>LU</arg>
<arg>LV</arg>
<arg>LY</arg>
<arg>MA</arg>
<arg>MC</arg>
<arg>MD</arg>
<arg>ME</arg>
<arg>MF</arg>
<arg>MG</arg>
<arg>MH</arg>
<arg>MK</arg>
<arg>ML</arg>
<arg>MM</arg>
<arg>MN</arg>
<arg>MO</arg>
<arg>MP</arg>
<arg>MQ</arg>
<arg>MR</arg>
<arg>MS</arg>
<arg>MT</arg>
<arg>MU</arg>
<arg>MV</arg>
<arg>MW</arg>
<arg>MX</arg>
<arg>MY</arg>
<arg>MZ</arg>
<arg>NA</arg>
<arg>NC</arg>
<arg>NE</arg>
<arg>NF</arg>
<arg>NG</arg>
<arg>NI</arg>
<arg>NL</arg>
<arg>NO</arg>
<arg>NP</arg>
<arg>NR</arg>
<arg>NU</arg>
<arg>NZ</arg>
<arg>OM</arg>
<arg>PA</arg>
<arg>PE</arg>
<arg>PF</arg>
<arg>PG</arg>
<arg>PH</arg>
<arg>PK</arg>
<arg>PL</arg>
<arg>PM</arg>
<arg>PN</arg>
<arg>PR</arg>
<arg>PS</arg>
<arg>PT</arg>
<arg>PW</arg>
<arg>PY</arg>
<arg>QA</arg>
<arg>RE</arg>
<arg>RO</arg>
<arg>RS</arg>
<arg>RU</arg>
<arg>RW</arg>
<arg>SA</arg>
<arg>SB</arg>
<arg>SC</arg>
<arg>SD</arg>
<arg>SE</arg>
<arg>SG</arg>
<arg>SH</arg>
<arg>SI</arg>
<arg>SJ</arg>
<arg>SK</arg>
<arg>SL</arg>
<arg>SM</arg>
<arg>SN</arg>
<arg>SO</arg>
<arg>SR</arg>
<arg>SS</arg>
<arg>ST</arg>
<arg>SV</arg>
<arg>SX</arg>
<arg>SY</arg>
<arg>SZ</arg>
<arg>TC</arg>
<arg>TD</arg>
<arg>TF</arg>
<arg>TG</arg>
<arg>TH</arg>
<arg>TJ</arg>
<arg>TK</arg>
<arg>TL</arg>
<arg>TM</arg>
<arg>TN</arg>
<arg>TO</arg>
<arg>TR</arg>
<arg>TT</arg>
<arg>TV</arg>
<arg>TW</arg>
<arg>TZ</arg>
<arg>UA</arg>
<arg>UG</arg>
<arg>UM</arg>
<arg>US</arg>
<arg>UY</arg>
<arg>UZ</arg>
<arg>VA</arg>
<arg>VC</arg>
<arg>VE</arg>
<arg>VG</arg>
<arg>VI</arg>
<arg>VN</arg>
<arg>VU</arg>
<arg>WF</arg>
<arg>WS</arg>
<arg>XK</arg>
<arg>YE</arg>
<arg>YT</arg>
<arg>ZA</arg>
<arg>ZM</arg>
<arg>ZW</arg>
<doc>Returns a list containing given items.</doc>
<status status="PASS" start="2024-07-25T18:20:12.338376" elapsed="0.000620"/>
</kw>
<kw name="List Should Contain Value" owner="Collections">
<arg>${list_country}</arg>
<arg>${name_country}</arg>
<doc>Fails if the ``value`` is not found from ``list``.</doc>
<status status="PASS" start="2024-07-25T18:20:12.339990" elapsed="0.000212"/>
</kw>
<kw name="Run Keyword If" owner="BuiltIn">
<kw name="Should Be True" owner="BuiltIn">
<arg>${True}</arg>
<doc>Fails if the given condition is not true.</doc>
<status status="PASS" start="2024-07-25T18:20:12.341165" elapsed="0.000142"/>
</kw>
<arg>${json_data["results"][0]["location"]["coordinates"]["latitude"]} &gt;= -90 and ${json_data["results"][0]["location"]["coordinates"]["latitude"]} &lt;= 90</arg>
<arg>Should Be True</arg>
<arg>${True}</arg>
<doc>Runs the given keyword with the given arguments, if ``condition`` is true.</doc>
<status status="PASS" start="2024-07-25T18:20:12.340408" elapsed="0.001027"/>
</kw>
<kw name="Run Keyword If" owner="BuiltIn">
<kw name="Should Be True" owner="BuiltIn">
<arg>${True}</arg>
<doc>Fails if the given condition is not true.</doc>
<status status="PASS" start="2024-07-25T18:20:12.342344" elapsed="0.000138"/>
</kw>
<arg>${json_data["results"][0]["location"]["coordinates"]["longitude"]} &gt;= -180 and ${json_data["results"][0]["location"]["coordinates"]["longitude"]} &lt;= 180</arg>
<arg>Should Be True</arg>
<arg>${True}</arg>
<doc>Runs the given keyword with the given arguments, if ``condition`` is true.</doc>
<status status="PASS" start="2024-07-25T18:20:12.341616" elapsed="0.000990"/>
</kw>
<status status="PASS" start="2024-07-25T18:20:12.230360" elapsed="0.112398"/>
</kw>
<doc>Testa o conteúdo específico dos campos retornados pela API.</doc>
<tag>testeConteudo</tag>
<status status="PASS" start="2024-07-25T18:20:12.229814" elapsed="0.113100"/>
</test>
<status status="PASS" start="2024-07-25T18:20:10.841612" elapsed="1.504151"/>
</suite>
<status status="PASS" start="2024-07-25T18:20:10.826553" elapsed="1.524253"/>
</suite>
<statistics>
<total>
<stat pass="5" fail="0" skip="0">All Tests</stat>
</total>
<tag>
<stat pass="1" fail="0" skip="0">testeConteudo</stat>
<stat pass="1" fail="0" skip="0">testeEstruturaResposta</stat>
<stat pass="1" fail="0" skip="0">testeRequisicaoBasica</stat>
<stat pass="1" fail="0" skip="0">testeTiposDados</stat>
</tag>
<suite>
<stat pass="5" fail="0" skip="0" id="s1" name="Tests">Tests</stat>
<stat pass="5" fail="0" skip="0" id="s1-s1" name="Random-User-Test">Tests.Random-User-Test</stat>
</suite>
</statistics>
<errors>
</errors>
</robot>
