<?xml version="1.0" encoding="UTF-8"?>
<robot generator="Robot 7.0.1 (Python 3.12.3 on linux)" generated="2024-06-17T14:14:40.783666" rpa="false" schemaversion="5">
<suite id="s1" name="Tests" source="/home/runner/work/ApiRandomUser/ApiRandomUser/RamdonUser/tests">
<suite id="s1-s1" name="Random-User-Test" source="/home/runner/work/ApiRandomUser/ApiRandomUser/RamdonUser/tests/random-user-test.robot">
<test id="s1-s1-t1" name="Conectar" line="13">
<kw name="Conectar API" owner="random-user-service">
<kw name="Create Session" owner="RequestsLibrary">
<msg time="2024-06-17T14:14:41.210368" level="INFO">Creating Session using : alias=consultarAPI, url=https://randomuser.me/, headers={},                     cookies={}, auth=None, timeout=None, proxies=None, verify=False,                     debug=0 </msg>
<arg>consultarAPI</arg>
<arg>${URL}</arg>
<doc>Create Session: create a HTTP session to a server</doc>
<status status="PASS" start="2024-06-17T14:14:41.210130" elapsed="0.000465"/>
</kw>
<status status="PASS" start="2024-06-17T14:14:41.208905" elapsed="0.002091"/>
</kw>
<status status="PASS" start="2024-06-17T14:14:41.208115" elapsed="0.003098"/>
</test>
<test id="s1-s1-t2" name="Validar retorno 200 e JSON Válido" line="16">
<kw name="Teste de Requisicao Basica" owner="random-user-service">
<kw name="GET On Session" owner="RequestsLibrary">
<msg time="2024-06-17T14:14:41.332664" level="INFO">GET Request : url=https://randomuser.me/api 
 path_url=/api 
 headers={'User-Agent': 'python-requests/2.32.3', 'Accept-Encoding': 'gzip, deflate', 'Accept': '*/*', 'Connection': 'keep-alive'} 
 body=None 
 </msg>
<msg time="2024-06-17T14:14:41.332844" level="INFO">GET Response : url=https://randomuser.me/api 
 status=200, reason=OK 
 headers={'Date': 'Mon, 17 Jun 2024 14:14:41 GMT', 'Content-Type': 'application/json; charset=utf-8', 'Transfer-Encoding': 'chunked', 'Connection': 'keep-alive', 'X-Powered-By': 'Express', 'Access-Control-Allow-Origin': '*', 'Cache-Control': 'no-cache', 'ETag': 'W/"49e-cWP4tDkfWY4w9CYuIIVyy4LNLOc"', 'Vary': 'Accept-Encoding', 'Content-Encoding': 'gzip', 'CF-Cache-Status': 'DYNAMIC', 'Report-To': '{"endpoints":[{"url":"https:\\/\\/a.nel.cloudflare.com\\/report\\/v4?s=B%2BYKz2ns3VEQ4JQDsEzMiuZ5XmYgHF%2BMyFb%2FIEdLCqSq2cc%2FWhU7LyHHvh0L6Cx8G4S0lLGstjDLEPEFgXxcdwgzS82cNs2vsRyS4iidxBLOh9B1RuHNII%2F10pWwWyKX"}],"group":"cf-nel","max_age":604800}', 'NEL': '{"success_fraction":0,"report_to":"cf-nel","max_age":604800}', 'Server': 'cloudflare', 'CF-RAY': '8953a5bbcc609464-SJC', 'alt-svc': 'h3=":443"; ma=86400'} 
 body={"results":[{"gender":"female","name":{"title":"Mrs","first":"Emilie","last":"Addy"},"location":{"street":{"number":9488,"name":"Frederick Ave"},"city":"Hampstead","state":"Manitoba","country":"Canada","postcode":"Y0M 9F0","coordinates":{"latitude":"-71.0814","longitude":"22.1126"},"timezone":{"offset":"0:00","description":"Western Europe Time, London, Lisbon, Casablanca"}},"email":"emilie.addy@example.com","login":{"uuid":"60a6f763-7b0d-4371-afc6-237092393940","username":"happydog283","password":"santiago","salt":"Tb1nBh60","md5":"72f662771a0e716e03b1160b43c5402d","sha1":"31ce5961174359859902a8c975cd320a5f4675e6","sha256":"2286d2946f0218867a4c4d94609983283f8e7dcb15397347ee1c2bd421ecfe72"},"dob":{"date":"1972-11-18T07:31:04.083Z","age":51},"registered":{"date":"2003-02-13T23:21:58.813Z","age":21},"phone":"E15 F62-0249","cell":"L07 C03-5341","id":{"name":"SIN","value":"581948635"},"picture":{"large":"https://randomuser.me/api/portraits/women/58.jpg","medium":"https://randomuser.me/api/portraits/med/women/58.jpg","thumbnail":"https://randomuser.me/api/portraits/thumb/women/58.jpg"},"nat":"CA"}],"info":{"seed":"b5c0e4b8e33793f2","results":1,"page":1,"version":"1.4"}} 
 </msg>
<msg time="2024-06-17T14:14:41.332942" level="INFO">/opt/hostedtoolcache/Python/3.12.3/x64/lib/python3.12/site-packages/urllib3/connectionpool.py:1099: InsecureRequestWarning: Unverified HTTPS request is being made to host 'randomuser.me'. Adding certificate verification is strongly advised. See: https://urllib3.readthedocs.io/en/latest/advanced-usage.html#tls-warnings
  warnings.warn(</msg>
<msg time="2024-06-17T14:14:41.333120" level="INFO">${response} = &lt;Response [200]&gt;</msg>
<var>${response}</var>
<arg>consultarAPI</arg>
<arg>/api</arg>
<doc>Sends a GET request on a previously created HTTP Session.</doc>
<status status="PASS" start="2024-06-17T14:14:41.214103" elapsed="0.119059"/>
</kw>
<kw name="Should Be Equal As Numbers" owner="BuiltIn">
<msg time="2024-06-17T14:14:41.334455" level="INFO">Argument types are:
&lt;class 'int'&gt;
&lt;class 'str'&gt;</msg>
<arg>${response.status_code}</arg>
<arg>200</arg>
<doc>Fails if objects are unequal after converting them to real numbers.</doc>
<status status="PASS" start="2024-06-17T14:14:41.333919" elapsed="0.000611"/>
</kw>
<kw name="Log" owner="BuiltIn">
<msg time="2024-06-17T14:14:41.335366" level="INFO">200</msg>
<arg>${response.status_code}</arg>
<doc>Logs the given message with the given level.</doc>
<status status="PASS" start="2024-06-17T14:14:41.334958" elapsed="0.000456"/>
</kw>
<kw name="Set Variable" owner="BuiltIn">
<msg time="2024-06-17T14:14:41.336262" level="INFO">${json_data} = {'results': [{'gender': 'female', 'name': {'title': 'Mrs', 'first': 'Emilie', 'last': 'Addy'}, 'location': {'street': {'number': 9488, 'name': 'Frederick Ave'}, 'city': 'Hampstead', 'state': 'Manitoba...</msg>
<var>${json_data}</var>
<arg>${response.json()}</arg>
<doc>Returns the given values which can then be assigned to a variables.</doc>
<status status="PASS" start="2024-06-17T14:14:41.335780" elapsed="0.000514"/>
</kw>
<kw name="Dictionary Should Contain Key" owner="Collections">
<arg>${json_data}</arg>
<arg>results</arg>
<doc>Fails if ``key`` is not found from ``dictionary``.</doc>
<status status="PASS" start="2024-06-17T14:14:41.336632" elapsed="0.000183"/>
</kw>
<status status="PASS" start="2024-06-17T14:14:41.213827" elapsed="0.123151"/>
</kw>
<doc>Testa se a API responde corretamente e retorna um objeto JSON válido.</doc>
<tag>testeRequisicaoBasica</tag>
<status status="PASS" start="2024-06-17T14:14:41.213215" elapsed="0.123952"/>
</test>
<test id="s1-s1-t3" name="Validar estrutura de resposta" line="22">
<kw name="Teste de Estrutura de Resposta" owner="random-user-service">
<kw name="GET On Session" owner="RequestsLibrary">
<msg time="2024-06-17T14:14:41.435123" level="INFO">GET Request : url=https://randomuser.me/api 
 path_url=/api 
 headers={'User-Agent': 'python-requests/2.32.3', 'Accept-Encoding': 'gzip, deflate', 'Accept': '*/*', 'Connection': 'keep-alive'} 
 body=None 
 </msg>
<msg time="2024-06-17T14:14:41.435246" level="INFO">GET Response : url=https://randomuser.me/api 
 status=200, reason=OK 
 headers={'Date': 'Mon, 17 Jun 2024 14:14:41 GMT', 'Content-Type': 'application/json; charset=utf-8', 'Transfer-Encoding': 'chunked', 'Connection': 'keep-alive', 'X-Powered-By': 'Express', 'Access-Control-Allow-Origin': '*', 'Cache-Control': 'no-cache', 'ETag': 'W/"4aa-H0/nMCc4CvSz5NDAUoWKJauu48A"', 'Vary': 'Accept-Encoding', 'Content-Encoding': 'gzip', 'CF-Cache-Status': 'DYNAMIC', 'Report-To': '{"endpoints":[{"url":"https:\\/\\/a.nel.cloudflare.com\\/report\\/v4?s=zw3UA2Ig7RbWAIkvMbsx1af%2FpKP%2BMzYheuRHYuKQW9SxK3KxbZXYziPTtrQa2yvMM%2F8LQY3PI8EirZSwU%2BhFZ0sESKm%2FH70So1LRKGrpxtof63c1WMLRxxkmC20eu%2F1D"}],"group":"cf-nel","max_age":604800}', 'NEL': '{"success_fraction":0,"report_to":"cf-nel","max_age":604800}', 'Server': 'cloudflare', 'CF-RAY': '8953a5bc6cf39464-SJC', 'alt-svc': 'h3=":443"; ma=86400'} 
 body={"results":[{"gender":"male","name":{"title":"Mr","first":"Hans-Eberhard","last":"Toth"},"location":{"street":{"number":8390,"name":"Wiesenstraße"},"city":"Gera","state":"Brandenburg","country":"Germany","postcode":36699,"coordinates":{"latitude":"-53.2562","longitude":"-58.7811"},"timezone":{"offset":"0:00","description":"Western Europe Time, London, Lisbon, Casablanca"}},"email":"hans-eberhard.toth@example.com","login":{"uuid":"5e6df434-e7fe-42cd-a356-ede4d3b6813f","username":"goldengorilla912","password":"chevrole","salt":"6E76iVZ4","md5":"21b210f130daefbbd4882fecc8f83cdc","sha1":"37333ea105335177bbe91e816cd85b3e6e7c61a5","sha256":"94c670d4e955f6fdda560a18527ec5327fbb8c4969270734e2f9f9f3f6be7711"},"dob":{"date":"1991-07-14T17:41:29.939Z","age":32},"registered":{"date":"2020-09-24T13:10:35.347Z","age":3},"phone":"0817-4502994","cell":"0178-2120177","id":{"name":"SVNR","value":"08 140791 T 469"},"picture":{"large":"https://randomuser.me/api/portraits/men/28.jpg","medium":"https://randomuser.me/api/portraits/med/men/28.jpg","thumbnail":"https://randomuser.me/api/portraits/thumb/men/28.jpg"},"nat":"DE"}],"info":{"seed":"f55775427228e2a1","results":1,"page":1,"version":"1.4"}} 
 </msg>
<msg time="2024-06-17T14:14:41.435409" level="INFO">/opt/hostedtoolcache/Python/3.12.3/x64/lib/python3.12/site-packages/urllib3/connectionpool.py:1099: InsecureRequestWarning: Unverified HTTPS request is being made to host 'randomuser.me'. Adding certificate verification is strongly advised. See: https://urllib3.readthedocs.io/en/latest/advanced-usage.html#tls-warnings
  warnings.warn(</msg>
<msg time="2024-06-17T14:14:41.435551" level="INFO">${response} = &lt;Response [200]&gt;</msg>
<var>${response}</var>
<arg>consultarAPI</arg>
<arg>/api</arg>
<doc>Sends a GET request on a previously created HTTP Session.</doc>
<status status="PASS" start="2024-06-17T14:14:41.340273" elapsed="0.095321"/>
</kw>
<kw name="Set Variable" owner="BuiltIn">
<msg time="2024-06-17T14:14:41.436862" level="INFO">${json_data} = {'results': [{'gender': 'male', 'name': {'title': 'Mr', 'first': 'Hans-Eberhard', 'last': 'Toth'}, 'location': {'street': {'number': 8390, 'name': 'Wiesenstraße'}, 'city': 'Gera', 'state': 'Brandenbur...</msg>
<var>${json_data}</var>
<arg>${response.json()}</arg>
<doc>Returns the given values which can then be assigned to a variables.</doc>
<status status="PASS" start="2024-06-17T14:14:41.436250" elapsed="0.000647"/>
</kw>
<kw name="Log" owner="BuiltIn">
<msg time="2024-06-17T14:14:41.437478" level="INFO">{'results': [{'gender': 'male', 'name': {'title': 'Mr', 'first': 'Hans-Eberhard', 'last': 'Toth'}, 'location': {'street': {'number': 8390, 'name': 'Wiesenstraße'}, 'city': 'Gera', 'state': 'Brandenburg', 'country': 'Germany', 'postcode': 36699, 'coordinates': {'latitude': '-53.2562', 'longitude': '-58.7811'}, 'timezone': {'offset': '0:00', 'description': 'Western Europe Time, London, Lisbon, Casablanca'}}, 'email': 'hans-eberhard.toth@example.com', 'login': {'uuid': '5e6df434-e7fe-42cd-a356-ede4d3b6813f', 'username': 'goldengorilla912', 'password': 'chevrole', 'salt': '6E76iVZ4', 'md5': '21b210f130daefbbd4882fecc8f83cdc', 'sha1': '37333ea105335177bbe91e816cd85b3e6e7c61a5', 'sha256': '94c670d4e955f6fdda560a18527ec5327fbb8c4969270734e2f9f9f3f6be7711'}, 'dob': {'date': '1991-07-14T17:41:29.939Z', 'age': 32}, 'registered': {'date': '2020-09-24T13:10:35.347Z', 'age': 3}, 'phone': '0817-4502994', 'cell': '0178-2120177', 'id': {'name': 'SVNR', 'value': '08 140791 T 469'}, 'picture': {'large': 'https://randomuser.me/api/portraits/men/28.jpg', 'medium': 'https://randomuser.me/api/portraits/med/men/28.jpg', 'thumbnail': 'https://randomuser.me/api/portraits/thumb/men/28.jpg'}, 'nat': 'DE'}], 'info': {'seed': 'f55775427228e2a1', 'results': 1, 'page': 1, 'version': '1.4'}}</msg>
<arg>${json_data}</arg>
<doc>Logs the given message with the given level.</doc>
<status status="PASS" start="2024-06-17T14:14:41.437285" elapsed="0.000249"/>
</kw>
<kw name="Dictionary Should Contain Key" owner="Collections">
<arg>${json_data}</arg>
<arg>results</arg>
<doc>Fails if ``key`` is not found from ``dictionary``.</doc>
<status status="PASS" start="2024-06-17T14:14:41.437920" elapsed="0.000182"/>
</kw>
<kw name="Should Not Be Empty" owner="BuiltIn">
<msg time="2024-06-17T14:14:41.438447" level="INFO">Length is 2.</msg>
<arg>${json_data}</arg>
<doc>Verifies that the given item is not empty.</doc>
<status status="PASS" start="2024-06-17T14:14:41.438309" elapsed="0.000179"/>
</kw>
<kw name="Create List" owner="BuiltIn">
<msg time="2024-06-17T14:14:41.438964" level="INFO">${expected_keys} = ['gender', 'name', 'location', 'email', 'login']</msg>
<var>${expected_keys}</var>
<arg>gender</arg>
<arg>name</arg>
<arg>location</arg>
<arg>email</arg>
<arg>login</arg>
<doc>Returns a list containing given items.</doc>
<status status="PASS" start="2024-06-17T14:14:41.438802" elapsed="0.000187"/>
</kw>
<for flavor="IN">
<iter>
<kw name="Dictionary Should Contain Key" owner="Collections">
<arg>${json_data['results'][0]}</arg>
<arg>${key}</arg>
<doc>Fails if ``key`` is not found from ``dictionary``.</doc>
<status status="PASS" start="2024-06-17T14:14:41.439640" elapsed="0.000452"/>
</kw>
<kw name="Log" owner="BuiltIn">
<msg time="2024-06-17T14:14:41.440696" level="INFO">{'gender': 'male', 'name': {'title': 'Mr', 'first': 'Hans-Eberhard', 'last': 'Toth'}, 'location': {'street': {'number': 8390, 'name': 'Wiesenstraße'}, 'city': 'Gera', 'state': 'Brandenburg', 'country': 'Germany', 'postcode': 36699, 'coordinates': {'latitude': '-53.2562', 'longitude': '-58.7811'}, 'timezone': {'offset': '0:00', 'description': 'Western Europe Time, London, Lisbon, Casablanca'}}, 'email': 'hans-eberhard.toth@example.com', 'login': {'uuid': '5e6df434-e7fe-42cd-a356-ede4d3b6813f', 'username': 'goldengorilla912', 'password': 'chevrole', 'salt': '6E76iVZ4', 'md5': '21b210f130daefbbd4882fecc8f83cdc', 'sha1': '37333ea105335177bbe91e816cd85b3e6e7c61a5', 'sha256': '94c670d4e955f6fdda560a18527ec5327fbb8c4969270734e2f9f9f3f6be7711'}, 'dob': {'date': '1991-07-14T17:41:29.939Z', 'age': 32}, 'registered': {'date': '2020-09-24T13:10:35.347Z', 'age': 3}, 'phone': '0817-4502994', 'cell': '0178-2120177', 'id': {'name': 'SVNR', 'value': '08 140791 T 469'}, 'picture': {'large': 'https://randomuser.me/api/portraits/men/28.jpg', 'medium': 'https://randomuser.me/api/portraits/med/men/28.jpg', 'thumbnail': 'https://randomuser.me/api/portraits/thumb/men/28.jpg'}, 'nat': 'DE'}</msg>
<arg>${json_data['results'][0]}</arg>
<doc>Logs the given message with the given level.</doc>
<status status="PASS" start="2024-06-17T14:14:41.440299" elapsed="0.000451"/>
</kw>
<kw name="Log" owner="BuiltIn">
<msg time="2024-06-17T14:14:41.441207" level="INFO">gender</msg>
<arg>${key}</arg>
<doc>Logs the given message with the given level.</doc>
<status status="PASS" start="2024-06-17T14:14:41.441070" elapsed="0.000178"/>
</kw>
<var name="${key}">gender</var>
<status status="PASS" start="2024-06-17T14:14:41.439497" elapsed="0.001984"/>
</iter>
<iter>
<kw name="Dictionary Should Contain Key" owner="Collections">
<arg>${json_data['results'][0]}</arg>
<arg>${key}</arg>
<doc>Fails if ``key`` is not found from ``dictionary``.</doc>
<status status="PASS" start="2024-06-17T14:14:41.441871" elapsed="0.000416"/>
</kw>
<kw name="Log" owner="BuiltIn">
<msg time="2024-06-17T14:14:41.442901" level="INFO">{'gender': 'male', 'name': {'title': 'Mr', 'first': 'Hans-Eberhard', 'last': 'Toth'}, 'location': {'street': {'number': 8390, 'name': 'Wiesenstraße'}, 'city': 'Gera', 'state': 'Brandenburg', 'country': 'Germany', 'postcode': 36699, 'coordinates': {'latitude': '-53.2562', 'longitude': '-58.7811'}, 'timezone': {'offset': '0:00', 'description': 'Western Europe Time, London, Lisbon, Casablanca'}}, 'email': 'hans-eberhard.toth@example.com', 'login': {'uuid': '5e6df434-e7fe-42cd-a356-ede4d3b6813f', 'username': 'goldengorilla912', 'password': 'chevrole', 'salt': '6E76iVZ4', 'md5': '21b210f130daefbbd4882fecc8f83cdc', 'sha1': '37333ea105335177bbe91e816cd85b3e6e7c61a5', 'sha256': '94c670d4e955f6fdda560a18527ec5327fbb8c4969270734e2f9f9f3f6be7711'}, 'dob': {'date': '1991-07-14T17:41:29.939Z', 'age': 32}, 'registered': {'date': '2020-09-24T13:10:35.347Z', 'age': 3}, 'phone': '0817-4502994', 'cell': '0178-2120177', 'id': {'name': 'SVNR', 'value': '08 140791 T 469'}, 'picture': {'large': 'https://randomuser.me/api/portraits/men/28.jpg', 'medium': 'https://randomuser.me/api/portraits/med/men/28.jpg', 'thumbnail': 'https://randomuser.me/api/portraits/thumb/men/28.jpg'}, 'nat': 'DE'}</msg>
<arg>${json_data['results'][0]}</arg>
<doc>Logs the given message with the given level.</doc>
<status status="PASS" start="2024-06-17T14:14:41.442522" elapsed="0.000432"/>
</kw>
<kw name="Log" owner="BuiltIn">
<msg time="2024-06-17T14:14:41.443408" level="INFO">name</msg>
<arg>${key}</arg>
<doc>Logs the given message with the given level.</doc>
<status status="PASS" start="2024-06-17T14:14:41.443272" elapsed="0.000177"/>
</kw>
<var name="${key}">name</var>
<status status="PASS" start="2024-06-17T14:14:41.441727" elapsed="0.001957"/>
</iter>
<iter>
<kw name="Dictionary Should Contain Key" owner="Collections">
<arg>${json_data['results'][0]}</arg>
<arg>${key}</arg>
<doc>Fails if ``key`` is not found from ``dictionary``.</doc>
<status status="PASS" start="2024-06-17T14:14:41.443997" elapsed="0.000422"/>
</kw>
<kw name="Log" owner="BuiltIn">
<msg time="2024-06-17T14:14:41.445013" level="INFO">{'gender': 'male', 'name': {'title': 'Mr', 'first': 'Hans-Eberhard', 'last': 'Toth'}, 'location': {'street': {'number': 8390, 'name': 'Wiesenstraße'}, 'city': 'Gera', 'state': 'Brandenburg', 'country': 'Germany', 'postcode': 36699, 'coordinates': {'latitude': '-53.2562', 'longitude': '-58.7811'}, 'timezone': {'offset': '0:00', 'description': 'Western Europe Time, London, Lisbon, Casablanca'}}, 'email': 'hans-eberhard.toth@example.com', 'login': {'uuid': '5e6df434-e7fe-42cd-a356-ede4d3b6813f', 'username': 'goldengorilla912', 'password': 'chevrole', 'salt': '6E76iVZ4', 'md5': '21b210f130daefbbd4882fecc8f83cdc', 'sha1': '37333ea105335177bbe91e816cd85b3e6e7c61a5', 'sha256': '94c670d4e955f6fdda560a18527ec5327fbb8c4969270734e2f9f9f3f6be7711'}, 'dob': {'date': '1991-07-14T17:41:29.939Z', 'age': 32}, 'registered': {'date': '2020-09-24T13:10:35.347Z', 'age': 3}, 'phone': '0817-4502994', 'cell': '0178-2120177', 'id': {'name': 'SVNR', 'value': '08 140791 T 469'}, 'picture': {'large': 'https://randomuser.me/api/portraits/men/28.jpg', 'medium': 'https://randomuser.me/api/portraits/med/men/28.jpg', 'thumbnail': 'https://randomuser.me/api/portraits/thumb/men/28.jpg'}, 'nat': 'DE'}</msg>
<arg>${json_data['results'][0]}</arg>
<doc>Logs the given message with the given level.</doc>
<status status="PASS" start="2024-06-17T14:14:41.444637" elapsed="0.000428"/>
</kw>
<kw name="Log" owner="BuiltIn">
<msg time="2024-06-17T14:14:41.445506" level="INFO">location</msg>
<arg>${key}</arg>
<doc>Logs the given message with the given level.</doc>
<status status="PASS" start="2024-06-17T14:14:41.445372" elapsed="0.000174"/>
</kw>
<var name="${key}">location</var>
<status status="PASS" start="2024-06-17T14:14:41.443880" elapsed="0.001927"/>
</iter>
<iter>
<kw name="Dictionary Should Contain Key" owner="Collections">
<arg>${json_data['results'][0]}</arg>
<arg>${key}</arg>
<doc>Fails if ``key`` is not found from ``dictionary``.</doc>
<status status="PASS" start="2024-06-17T14:14:41.446112" elapsed="0.000405"/>
</kw>
<kw name="Log" owner="BuiltIn">
<msg time="2024-06-17T14:14:41.447092" level="INFO">{'gender': 'male', 'name': {'title': 'Mr', 'first': 'Hans-Eberhard', 'last': 'Toth'}, 'location': {'street': {'number': 8390, 'name': 'Wiesenstraße'}, 'city': 'Gera', 'state': 'Brandenburg', 'country': 'Germany', 'postcode': 36699, 'coordinates': {'latitude': '-53.2562', 'longitude': '-58.7811'}, 'timezone': {'offset': '0:00', 'description': 'Western Europe Time, London, Lisbon, Casablanca'}}, 'email': 'hans-eberhard.toth@example.com', 'login': {'uuid': '5e6df434-e7fe-42cd-a356-ede4d3b6813f', 'username': 'goldengorilla912', 'password': 'chevrole', 'salt': '6E76iVZ4', 'md5': '21b210f130daefbbd4882fecc8f83cdc', 'sha1': '37333ea105335177bbe91e816cd85b3e6e7c61a5', 'sha256': '94c670d4e955f6fdda560a18527ec5327fbb8c4969270734e2f9f9f3f6be7711'}, 'dob': {'date': '1991-07-14T17:41:29.939Z', 'age': 32}, 'registered': {'date': '2020-09-24T13:10:35.347Z', 'age': 3}, 'phone': '0817-4502994', 'cell': '0178-2120177', 'id': {'name': 'SVNR', 'value': '08 140791 T 469'}, 'picture': {'large': 'https://randomuser.me/api/portraits/men/28.jpg', 'medium': 'https://randomuser.me/api/portraits/med/men/28.jpg', 'thumbnail': 'https://randomuser.me/api/portraits/thumb/men/28.jpg'}, 'nat': 'DE'}</msg>
<arg>${json_data['results'][0]}</arg>
<doc>Logs the given message with the given level.</doc>
<status status="PASS" start="2024-06-17T14:14:41.446713" elapsed="0.000431"/>
</kw>
<kw name="Log" owner="BuiltIn">
<msg time="2024-06-17T14:14:41.447593" level="INFO">email</msg>
<arg>${key}</arg>
<doc>Logs the given message with the given level.</doc>
<status status="PASS" start="2024-06-17T14:14:41.447458" elapsed="0.000176"/>
</kw>
<var name="${key}">email</var>
<status status="PASS" start="2024-06-17T14:14:41.445996" elapsed="0.001864"/>
</iter>
<iter>
<kw name="Dictionary Should Contain Key" owner="Collections">
<arg>${json_data['results'][0]}</arg>
<arg>${key}</arg>
<doc>Fails if ``key`` is not found from ``dictionary``.</doc>
<status status="PASS" start="2024-06-17T14:14:41.448164" elapsed="0.000405"/>
</kw>
<kw name="Log" owner="BuiltIn">
<msg time="2024-06-17T14:14:41.449131" level="INFO">{'gender': 'male', 'name': {'title': 'Mr', 'first': 'Hans-Eberhard', 'last': 'Toth'}, 'location': {'street': {'number': 8390, 'name': 'Wiesenstraße'}, 'city': 'Gera', 'state': 'Brandenburg', 'country': 'Germany', 'postcode': 36699, 'coordinates': {'latitude': '-53.2562', 'longitude': '-58.7811'}, 'timezone': {'offset': '0:00', 'description': 'Western Europe Time, London, Lisbon, Casablanca'}}, 'email': 'hans-eberhard.toth@example.com', 'login': {'uuid': '5e6df434-e7fe-42cd-a356-ede4d3b6813f', 'username': 'goldengorilla912', 'password': 'chevrole', 'salt': '6E76iVZ4', 'md5': '21b210f130daefbbd4882fecc8f83cdc', 'sha1': '37333ea105335177bbe91e816cd85b3e6e7c61a5', 'sha256': '94c670d4e955f6fdda560a18527ec5327fbb8c4969270734e2f9f9f3f6be7711'}, 'dob': {'date': '1991-07-14T17:41:29.939Z', 'age': 32}, 'registered': {'date': '2020-09-24T13:10:35.347Z', 'age': 3}, 'phone': '0817-4502994', 'cell': '0178-2120177', 'id': {'name': 'SVNR', 'value': '08 140791 T 469'}, 'picture': {'large': 'https://randomuser.me/api/portraits/men/28.jpg', 'medium': 'https://randomuser.me/api/portraits/med/men/28.jpg', 'thumbnail': 'https://randomuser.me/api/portraits/thumb/men/28.jpg'}, 'nat': 'DE'}</msg>
<arg>${json_data['results'][0]}</arg>
<doc>Logs the given message with the given level.</doc>
<status status="PASS" start="2024-06-17T14:14:41.448764" elapsed="0.000419"/>
</kw>
<kw name="Log" owner="BuiltIn">
<msg time="2024-06-17T14:14:41.449779" level="INFO">login</msg>
<arg>${key}</arg>
<doc>Logs the given message with the given level.</doc>
<status status="PASS" start="2024-06-17T14:14:41.449494" elapsed="0.000333"/>
</kw>
<var name="${key}">login</var>
<status status="PASS" start="2024-06-17T14:14:41.448048" elapsed="0.002016"/>
</iter>
<var>${key}</var>
<value>@{expected_keys}</value>
<status status="PASS" start="2024-06-17T14:14:41.439282" elapsed="0.010941"/>
</for>
<kw name="Create List" owner="BuiltIn">
<msg time="2024-06-17T14:14:41.450609" level="INFO">${expected_keysTwo} = ['username', 'password']</msg>
<var>${expected_keysTwo}</var>
<arg>username</arg>
<arg>password</arg>
<doc>Returns a list containing given items.</doc>
<status status="PASS" start="2024-06-17T14:14:41.450462" elapsed="0.000172"/>
</kw>
<for flavor="IN">
<iter>
<kw name="Dictionary Should Contain Key" owner="Collections">
<arg>${json_data['results'][0]['login']}</arg>
<arg>${keyTwo}</arg>
<doc>Fails if ``key`` is not found from ``dictionary``.</doc>
<status status="PASS" start="2024-06-17T14:14:41.451176" elapsed="0.000412"/>
</kw>
<kw name="Dictionary Should Contain Key" owner="Collections">
<arg>${json_data['results'][0]['login']}</arg>
<arg>${keyTwo}</arg>
<doc>Fails if ``key`` is not found from ``dictionary``.</doc>
<status status="PASS" start="2024-06-17T14:14:41.451792" elapsed="0.000423"/>
</kw>
<kw name="Log" owner="BuiltIn">
<msg time="2024-06-17T14:14:41.452614" level="INFO">username</msg>
<arg>${keyTwo}</arg>
<doc>Logs the given message with the given level.</doc>
<status status="PASS" start="2024-06-17T14:14:41.452455" elapsed="0.000200"/>
</kw>
<var name="${keyTwo}">username</var>
<status status="PASS" start="2024-06-17T14:14:41.451059" elapsed="0.001829"/>
</iter>
<iter>
<kw name="Dictionary Should Contain Key" owner="Collections">
<arg>${json_data['results'][0]['login']}</arg>
<arg>${keyTwo}</arg>
<doc>Fails if ``key`` is not found from ``dictionary``.</doc>
<status status="PASS" start="2024-06-17T14:14:41.453188" elapsed="0.000389"/>
</kw>
<kw name="Dictionary Should Contain Key" owner="Collections">
<arg>${json_data['results'][0]['login']}</arg>
<arg>${keyTwo}</arg>
<doc>Fails if ``key`` is not found from ``dictionary``.</doc>
<status status="PASS" start="2024-06-17T14:14:41.453799" elapsed="0.000390"/>
</kw>
<kw name="Log" owner="BuiltIn">
<msg time="2024-06-17T14:14:41.454512" level="INFO">password</msg>
<arg>${keyTwo}</arg>
<doc>Logs the given message with the given level.</doc>
<status status="PASS" start="2024-06-17T14:14:41.454380" elapsed="0.000173"/>
</kw>
<var name="${keyTwo}">password</var>
<status status="PASS" start="2024-06-17T14:14:41.453074" elapsed="0.001712"/>
</iter>
<var>${keyTwo}</var>
<value>@{expected_keysTwo}</value>
<status status="PASS" start="2024-06-17T14:14:41.450887" elapsed="0.004029"/>
</for>
<status status="PASS" start="2024-06-17T14:14:41.340007" elapsed="0.115062"/>
</kw>
<doc>Testa a estrutura da resposta da API.</doc>
<tag>testeEstruturaResposta</tag>
<status status="PASS" start="2024-06-17T14:14:41.339154" elapsed="0.116087"/>
</test>
<test id="s1-s1-t4" name="Validar tipos de dados" line="28">
<kw name="Teste de Tipos de Dados" owner="random-user-service">
<kw name="GET On Session" owner="RequestsLibrary">
<msg time="2024-06-17T14:14:41.546692" level="INFO">GET Request : url=https://randomuser.me/api 
 path_url=/api 
 headers={'User-Agent': 'python-requests/2.32.3', 'Accept-Encoding': 'gzip, deflate', 'Accept': '*/*', 'Connection': 'keep-alive'} 
 body=None 
 </msg>
<msg time="2024-06-17T14:14:41.546796" level="INFO">GET Response : url=https://randomuser.me/api 
 status=200, reason=OK 
 headers={'Date': 'Mon, 17 Jun 2024 14:14:41 GMT', 'Content-Type': 'application/json; charset=utf-8', 'Transfer-Encoding': 'chunked', 'Connection': 'keep-alive', 'X-Powered-By': 'Express', 'Access-Control-Allow-Origin': '*', 'Cache-Control': 'no-cache', 'ETag': 'W/"48f-jiQGI0vfkAD6YufdTqTReJQPkl8"', 'Vary': 'Accept-Encoding', 'Content-Encoding': 'gzip', 'CF-Cache-Status': 'DYNAMIC', 'Report-To': '{"endpoints":[{"url":"https:\\/\\/a.nel.cloudflare.com\\/report\\/v4?s=XBAHbslUeOpwy3bKRzubr2Xnj8Jlnf5o06VLL1ZrriUoP%2BEhvI1nHVbss%2Fq4H9EFwmJwJyMDxlxFL6gEHu%2BHmghskK5xykKrzfGH9v%2FXFSg3Qqqf1qIPtwhvo6%2BOJHbV"}],"group":"cf-nel","max_age":604800}', 'NEL': '{"success_fraction":0,"report_to":"cf-nel","max_age":604800}', 'Server': 'cloudflare', 'CF-RAY': '8953a5bd2d859464-SJC', 'alt-svc': 'h3=":443"; ma=86400'} 
 body={"results":[{"gender":"male","name":{"title":"Mr","first":"Vlado","last":"Nikolić"},"location":{"street":{"number":3320,"name":"Miće Radosavljevića"},"city":"Kovin","state":"Mačva","country":"Serbia","postcode":72568,"coordinates":{"latitude":"62.9097","longitude":"-27.0959"},"timezone":{"offset":"-6:00","description":"Central Time (US &amp; Canada), Mexico City"}},"email":"vlado.nikolic@example.com","login":{"uuid":"e735954b-4e92-489d-81f5-448014e1fdfb","username":"yellowgoose325","password":"aileen","salt":"p4KlIJZd","md5":"450c06653c535b085483969f1c4ef182","sha1":"a36a5bb3914072ec746c2e5a0b058e598580c29a","sha256":"30d85eeed44370b8f2f03e3eb01d34fc03b97b4367ac86fe1b3f96f7dbfead8a"},"dob":{"date":"1960-09-29T14:10:22.561Z","age":63},"registered":{"date":"2013-01-12T23:16:57.988Z","age":11},"phone":"012-8198-979","cell":"069-1738-177","id":{"name":"SID","value":"065814632"},"picture":{"large":"https://randomuser.me/api/portraits/men/5.jpg","medium":"https://randomuser.me/api/portraits/med/men/5.jpg","thumbnail":"https://randomuser.me/api/portraits/thumb/men/5.jpg"},"nat":"RS"}],"info":{"seed":"074886a1021f9177","results":1,"page":1,"version":"1.4"}} 
 </msg>
<msg time="2024-06-17T14:14:41.546879" level="INFO">/opt/hostedtoolcache/Python/3.12.3/x64/lib/python3.12/site-packages/urllib3/connectionpool.py:1099: InsecureRequestWarning: Unverified HTTPS request is being made to host 'randomuser.me'. Adding certificate verification is strongly advised. See: https://urllib3.readthedocs.io/en/latest/advanced-usage.html#tls-warnings
  warnings.warn(</msg>
<msg time="2024-06-17T14:14:41.547010" level="INFO">${response} = &lt;Response [200]&gt;</msg>
<var>${response}</var>
<arg>consultarAPI</arg>
<arg>/api</arg>
<doc>Sends a GET request on a previously created HTTP Session.</doc>
<status status="PASS" start="2024-06-17T14:14:41.457984" elapsed="0.089068"/>
</kw>
<kw name="Set Variable" owner="BuiltIn">
<msg time="2024-06-17T14:14:41.548337" level="INFO">${json_data} = {'results': [{'gender': 'male', 'name': {'title': 'Mr', 'first': 'Vlado', 'last': 'Nikolić'}, 'location': {'street': {'number': 3320, 'name': 'Miće Radosavljevića'}, 'city': 'Kovin', 'state': 'Mačva',...</msg>
<var>${json_data}</var>
<arg>${response.json()}</arg>
<doc>Returns the given values which can then be assigned to a variables.</doc>
<status status="PASS" start="2024-06-17T14:14:41.547731" elapsed="0.000638"/>
</kw>
<kw name="Log" owner="BuiltIn">
<msg time="2024-06-17T14:14:41.548940" level="INFO">{'results': [{'gender': 'male', 'name': {'title': 'Mr', 'first': 'Vlado', 'last': 'Nikolić'}, 'location': {'street': {'number': 3320, 'name': 'Miće Radosavljevića'}, 'city': 'Kovin', 'state': 'Mačva', 'country': 'Serbia', 'postcode': 72568, 'coordinates': {'latitude': '62.9097', 'longitude': '-27.0959'}, 'timezone': {'offset': '-6:00', 'description': 'Central Time (US &amp; Canada), Mexico City'}}, 'email': 'vlado.nikolic@example.com', 'login': {'uuid': 'e735954b-4e92-489d-81f5-448014e1fdfb', 'username': 'yellowgoose325', 'password': 'aileen', 'salt': 'p4KlIJZd', 'md5': '450c06653c535b085483969f1c4ef182', 'sha1': 'a36a5bb3914072ec746c2e5a0b058e598580c29a', 'sha256': '30d85eeed44370b8f2f03e3eb01d34fc03b97b4367ac86fe1b3f96f7dbfead8a'}, 'dob': {'date': '1960-09-29T14:10:22.561Z', 'age': 63}, 'registered': {'date': '2013-01-12T23:16:57.988Z', 'age': 11}, 'phone': '012-8198-979', 'cell': '069-1738-177', 'id': {'name': 'SID', 'value': '065814632'}, 'picture': {'large': 'https://randomuser.me/api/portraits/men/5.jpg', 'medium': 'https://randomuser.me/api/portraits/med/men/5.jpg', 'thumbnail': 'https://randomuser.me/api/portraits/thumb/men/5.jpg'}, 'nat': 'RS'}], 'info': {'seed': '074886a1021f9177', 'results': 1, 'page': 1, 'version': '1.4'}}</msg>
<arg>${json_data}</arg>
<doc>Logs the given message with the given level.</doc>
<status status="PASS" start="2024-06-17T14:14:41.548748" elapsed="0.000248"/>
</kw>
<kw name="Should Be String" owner="String">
<arg>${json_data['results'][0]['gender']}</arg>
<doc>Fails if the given ``item`` is not a string.</doc>
<status status="PASS" start="2024-06-17T14:14:41.549329" elapsed="0.000445"/>
</kw>
<kw name="Should Match Regexp" owner="BuiltIn">
<arg>${json_data['results'][0]['email']}</arg>
<arg>^[a-zA-Z0-9._%+-]+@[a-zA-Z0-9.-]+\.[a-zA-Z]{2,}$</arg>
<doc>Fails if ``string`` does not match ``pattern`` as a regular expression.</doc>
<status status="PASS" start="2024-06-17T14:14:41.550034" elapsed="0.000566"/>
</kw>
<kw name="Should Match Regexp" owner="BuiltIn">
<arg>${json_data['results'][0]['dob']['date']}</arg>
<arg>\\d{4}-\\d{2}-\\d{2}T\\d{2}:\\d{2}:\\d{2}\\.\\d{3}Z</arg>
<doc>Fails if ``string`` does not match ``pattern`` as a regular expression.</doc>
<status status="PASS" start="2024-06-17T14:14:41.550819" elapsed="0.000530"/>
</kw>
<kw name="Should Match Regexp" owner="BuiltIn">
<arg>${json_data['results'][0]['registered']['date']}</arg>
<arg>\\d{4}-\\d{2}-\\d{2}T\\d{2}:\\d{2}:\\d{2}\\.\\d{3}Z</arg>
<doc>Fails if ``string`` does not match ``pattern`` as a regular expression.</doc>
<status status="PASS" start="2024-06-17T14:14:41.551561" elapsed="0.000395"/>
</kw>
<kw name="Should Match Regexp" owner="BuiltIn">
<arg>${json_data['results'][0]['picture']['large']}</arg>
<arg>^https?://.*\.(?:png|jpe?g|gif|bmp)$</arg>
<doc>Fails if ``string`` does not match ``pattern`` as a regular expression.</doc>
<status status="PASS" start="2024-06-17T14:14:41.552155" elapsed="0.000491"/>
</kw>
<kw name="Should Match Regexp" owner="BuiltIn">
<arg>${json_data['results'][0]['picture']['medium']}</arg>
<arg>^https?://.*\.(?:png|jpe?g|gif|bmp)$</arg>
<doc>Fails if ``string`` does not match ``pattern`` as a regular expression.</doc>
<status status="PASS" start="2024-06-17T14:14:41.552852" elapsed="0.000370"/>
</kw>
<kw name="Should Match Regexp" owner="BuiltIn">
<arg>${json_data['results'][0]['picture']['thumbnail']}</arg>
<arg>^https?://.*\.(?:png|jpe?g|gif|bmp)$</arg>
<doc>Fails if ``string`` does not match ``pattern`` as a regular expression.</doc>
<status status="PASS" start="2024-06-17T14:14:41.553420" elapsed="0.000410"/>
</kw>
<kw name="Log" owner="BuiltIn">
<msg time="2024-06-17T14:14:41.554370" level="INFO">{'large': 'https://randomuser.me/api/portraits/men/5.jpg', 'medium': 'https://randomuser.me/api/portraits/med/men/5.jpg', 'thumbnail': 'https://randomuser.me/api/portraits/thumb/men/5.jpg'}</msg>
<arg>${json_data['results'][0]['picture']}</arg>
<doc>Logs the given message with the given level.</doc>
<status status="PASS" start="2024-06-17T14:14:41.554027" elapsed="0.000389"/>
</kw>
<status status="PASS" start="2024-06-17T14:14:41.457727" elapsed="0.096979"/>
</kw>
<kw name="Teste de Tipos de Dados - Postcode" owner="random-user-service">
<kw name="GET On Session" owner="RequestsLibrary">
<msg time="2024-06-17T14:14:41.644760" level="INFO">GET Request : url=https://randomuser.me/api 
 path_url=/api 
 headers={'User-Agent': 'python-requests/2.32.3', 'Accept-Encoding': 'gzip, deflate', 'Accept': '*/*', 'Connection': 'keep-alive'} 
 body=None 
 </msg>
<msg time="2024-06-17T14:14:41.644863" level="INFO">GET Response : url=https://randomuser.me/api 
 status=200, reason=OK 
 headers={'Date': 'Mon, 17 Jun 2024 14:14:41 GMT', 'Content-Type': 'application/json; charset=utf-8', 'Transfer-Encoding': 'chunked', 'Connection': 'keep-alive', 'X-Powered-By': 'Express', 'Access-Control-Allow-Origin': '*', 'Cache-Control': 'no-cache', 'ETag': 'W/"4a7-+7aQKm9xFoLM0BQMj+35sCkz3mk"', 'Vary': 'Accept-Encoding', 'Content-Encoding': 'gzip', 'CF-Cache-Status': 'DYNAMIC', 'Report-To': '{"endpoints":[{"url":"https:\\/\\/a.nel.cloudflare.com\\/report\\/v4?s=jmQo660dFcJ9gtdGHD3RtY2smu25PTZjRKAMEY7uc9nQqXbkyTIMD9Q%2FjpaIlsPnS5pmaBdcLNUXlcvUcHmejnC6i57zLysDVzREimP1fM%2B5Qn9Gex1IVzkIDWWOCgmm"}],"group":"cf-nel","max_age":604800}', 'NEL': '{"success_fraction":0,"report_to":"cf-nel","max_age":604800}', 'Server': 'cloudflare', 'CF-RAY': '8953a5bdbdef9464-SJC', 'alt-svc': 'h3=":443"; ma=86400'} 
 body={"results":[{"gender":"female","name":{"title":"Ms","first":"Araceli","last":"Roybal"},"location":{"street":{"number":9340,"name":"Andador Costa Rica"},"city":"La Estanzuela","state":"Morelos","country":"Mexico","postcode":24937,"coordinates":{"latitude":"27.3310","longitude":"113.6157"},"timezone":{"offset":"+10:00","description":"Eastern Australia, Guam, Vladivostok"}},"email":"araceli.roybal@example.com","login":{"uuid":"1cdfe068-2bcb-4515-a537-907dde9c60c2","username":"lazymeercat113","password":"cliff","salt":"SWRvgw4w","md5":"2b0a16413d203b10d43251f26dcce5af","sha1":"e5c3e1c01b247a379d38ecf0e2f45e2b06a1a741","sha256":"25d701d4557c3bfb349beb7cacbe64310392da622c720283bcad1b13baaebddc"},"dob":{"date":"1972-11-09T01:02:17.142Z","age":51},"registered":{"date":"2018-11-30T13:14:42.788Z","age":5},"phone":"(695) 740 7189","cell":"(620) 090 2467","id":{"name":"NSS","value":"07 79 41 2290 5"},"picture":{"large":"https://randomuser.me/api/portraits/women/82.jpg","medium":"https://randomuser.me/api/portraits/med/women/82.jpg","thumbnail":"https://randomuser.me/api/portraits/thumb/women/82.jpg"},"nat":"MX"}],"info":{"seed":"e5298974c6d91757","results":1,"page":1,"version":"1.4"}} 
 </msg>
<msg time="2024-06-17T14:14:41.644958" level="INFO">/opt/hostedtoolcache/Python/3.12.3/x64/lib/python3.12/site-packages/urllib3/connectionpool.py:1099: InsecureRequestWarning: Unverified HTTPS request is being made to host 'randomuser.me'. Adding certificate verification is strongly advised. See: https://urllib3.readthedocs.io/en/latest/advanced-usage.html#tls-warnings
  warnings.warn(</msg>
<msg time="2024-06-17T14:14:41.645091" level="INFO">${response} = &lt;Response [200]&gt;</msg>
<var>${response}</var>
<arg>consultarAPI</arg>
<arg>/api</arg>
<doc>Sends a GET request on a previously created HTTP Session.</doc>
<status status="PASS" start="2024-06-17T14:14:41.555218" elapsed="0.089914"/>
</kw>
<kw name="Set Variable" owner="BuiltIn">
<msg time="2024-06-17T14:14:41.646416" level="INFO">${json_data} = {'results': [{'gender': 'female', 'name': {'title': 'Ms', 'first': 'Araceli', 'last': 'Roybal'}, 'location': {'street': {'number': 9340, 'name': 'Andador Costa Rica'}, 'city': 'La Estanzuela', 'state'...</msg>
<var>${json_data}</var>
<arg>${response.json()}</arg>
<doc>Returns the given values which can then be assigned to a variables.</doc>
<status status="PASS" start="2024-06-17T14:14:41.645827" elapsed="0.000620"/>
</kw>
<kw name="Log" owner="BuiltIn">
<msg time="2024-06-17T14:14:41.647010" level="INFO">{'results': [{'gender': 'female', 'name': {'title': 'Ms', 'first': 'Araceli', 'last': 'Roybal'}, 'location': {'street': {'number': 9340, 'name': 'Andador Costa Rica'}, 'city': 'La Estanzuela', 'state': 'Morelos', 'country': 'Mexico', 'postcode': 24937, 'coordinates': {'latitude': '27.3310', 'longitude': '113.6157'}, 'timezone': {'offset': '+10:00', 'description': 'Eastern Australia, Guam, Vladivostok'}}, 'email': 'araceli.roybal@example.com', 'login': {'uuid': '1cdfe068-2bcb-4515-a537-907dde9c60c2', 'username': 'lazymeercat113', 'password': 'cliff', 'salt': 'SWRvgw4w', 'md5': '2b0a16413d203b10d43251f26dcce5af', 'sha1': 'e5c3e1c01b247a379d38ecf0e2f45e2b06a1a741', 'sha256': '25d701d4557c3bfb349beb7cacbe64310392da622c720283bcad1b13baaebddc'}, 'dob': {'date': '1972-11-09T01:02:17.142Z', 'age': 51}, 'registered': {'date': '2018-11-30T13:14:42.788Z', 'age': 5}, 'phone': '(695) 740 7189', 'cell': '(620) 090 2467', 'id': {'name': 'NSS', 'value': '07 79 41 2290 5'}, 'picture': {'large': 'https://randomuser.me/api/portraits/women/82.jpg', 'medium': 'https://randomuser.me/api/portraits/med/women/82.jpg', 'thumbnail': 'https://randomuser.me/api/portraits/thumb/women/82.jpg'}, 'nat': 'MX'}], 'info': {'seed': 'e5298974c6d91757', 'results': 1, 'page': 1, 'version': '1.4'}}</msg>
<arg>${json_data}</arg>
<doc>Logs the given message with the given level.</doc>
<status status="PASS" start="2024-06-17T14:14:41.646825" elapsed="0.000237"/>
</kw>
<kw name="Should Be Equal As Numbers" owner="BuiltIn">
<arg>${json_data['results'][0]['location']['postcode']}</arg>
<arg>${json_data['results'][0]['location']['postcode']}</arg>
<doc>Fails if objects are unequal after converting them to real numbers.</doc>
<status status="PASS" start="2024-06-17T14:14:41.647398" elapsed="0.000709"/>
</kw>
<kw name="Log" owner="BuiltIn">
<msg time="2024-06-17T14:14:41.648734" level="INFO">24937</msg>
<arg>${json_data['results'][0]['location']['postcode']}</arg>
<doc>Logs the given message with the given level.</doc>
<status status="PASS" start="2024-06-17T14:14:41.648363" elapsed="0.000415"/>
</kw>
<status status="PASS" start="2024-06-17T14:14:41.554959" elapsed="0.094101"/>
</kw>
<doc>Testa se os tipos de dados na resposta da API estão corretos.</doc>
<tag>testeTiposDados</tag>
<status status="PASS" start="2024-06-17T14:14:41.457113" elapsed="0.192134"/>
</test>
<test id="s1-s1-t5" name="Validar conteudo" line="35">
<kw name="Teste de Tipos de Conteudo" owner="random-user-service">
<kw name="GET On Session" owner="RequestsLibrary">
<msg time="2024-06-17T14:14:41.743414" level="INFO">GET Request : url=https://randomuser.me/api 
 path_url=/api 
 headers={'User-Agent': 'python-requests/2.32.3', 'Accept-Encoding': 'gzip, deflate', 'Accept': '*/*', 'Connection': 'keep-alive'} 
 body=None 
 </msg>
<msg time="2024-06-17T14:14:41.743526" level="INFO">GET Response : url=https://randomuser.me/api 
 status=200, reason=OK 
 headers={'Date': 'Mon, 17 Jun 2024 14:14:41 GMT', 'Content-Type': 'application/json; charset=utf-8', 'Transfer-Encoding': 'chunked', 'Connection': 'keep-alive', 'X-Powered-By': 'Express', 'Access-Control-Allow-Origin': '*', 'Cache-Control': 'no-cache', 'ETag': 'W/"481-bgeBGV8o8OoR31pjgsIQfn88E0E"', 'Vary': 'Accept-Encoding', 'Content-Encoding': 'gzip', 'CF-Cache-Status': 'DYNAMIC', 'Report-To': '{"endpoints":[{"url":"https:\\/\\/a.nel.cloudflare.com\\/report\\/v4?s=RcfPn%2BJF0rwHnST4KVLEhJvhLZFNaRx0ibnwAJd6Z%2B3P5qfGLoAdUvs1IfjoOAaWEhf7BOuWaG%2BSdgyOUwGZjOv%2Bat2cOliPqx6%2BuK9i%2FXlnPCCjc4n1gp5KQm%2BbVsEr"}],"group":"cf-nel","max_age":604800}', 'NEL': '{"success_fraction":0,"report_to":"cf-nel","max_age":604800}', 'Server': 'cloudflare', 'CF-RAY': '8953a5be5e6a9464-SJC', 'alt-svc': 'h3=":443"; ma=86400'} 
 body={"results":[{"gender":"male","name":{"title":"Mr","first":"امیر","last":"نكو نظر"},"location":{"street":{"number":5515,"name":"مقدس اردبیلی"},"city":"ساری","state":"تهران","country":"Iran","postcode":62960,"coordinates":{"latitude":"16.3316","longitude":"-80.5571"},"timezone":{"offset":"+6:00","description":"Almaty, Dhaka, Colombo"}},"email":"myr.nkwnzr@example.com","login":{"uuid":"3bc89739-0f93-4af6-bbaa-11e1bc1e1190","username":"redostrich207","password":"rambo","salt":"c9JmQ7y9","md5":"c5d6d4fb8d4fa314f9a8f83e2fa56103","sha1":"b712a29838730d3fd80c03c5f39eb0fb68688029","sha256":"0c727248f26f6c7949b8e6e3435e245824679c2473b5cbb32fef6dcb221de787"},"dob":{"date":"1950-09-26T05:02:57.567Z","age":73},"registered":{"date":"2020-05-06T01:01:02.389Z","age":4},"phone":"067-09105053","cell":"0906-703-8623","id":{"name":"","value":null},"picture":{"large":"https://randomuser.me/api/portraits/men/10.jpg","medium":"https://randomuser.me/api/portraits/med/men/10.jpg","thumbnail":"https://randomuser.me/api/portraits/thumb/men/10.jpg"},"nat":"IR"}],"info":{"seed":"b09fd89de118e0a9","results":1,"page":1,"version":"1.4"}} 
 </msg>
<msg time="2024-06-17T14:14:41.743614" level="INFO">/opt/hostedtoolcache/Python/3.12.3/x64/lib/python3.12/site-packages/urllib3/connectionpool.py:1099: InsecureRequestWarning: Unverified HTTPS request is being made to host 'randomuser.me'. Adding certificate verification is strongly advised. See: https://urllib3.readthedocs.io/en/latest/advanced-usage.html#tls-warnings
  warnings.warn(</msg>
<msg time="2024-06-17T14:14:41.743758" level="INFO">${response} = &lt;Response [200]&gt;</msg>
<var>${response}</var>
<arg>consultarAPI</arg>
<arg>/api</arg>
<doc>Sends a GET request on a previously created HTTP Session.</doc>
<status status="PASS" start="2024-06-17T14:14:41.652066" elapsed="0.091742"/>
</kw>
<kw name="Set Variable" owner="BuiltIn">
<msg time="2024-06-17T14:14:41.745035" level="INFO">${json_data} = {'results': [{'gender': 'male', 'name': {'title': 'Mr', 'first': 'امیر', 'last': 'نكو نظر'}, 'location': {'street': {'number': 5515, 'name': 'مقدس اردبیلی'}, 'city': 'ساری', 'state': 'تهران', 'country...</msg>
<var>${json_data}</var>
<arg>${response.json()}</arg>
<doc>Returns the given values which can then be assigned to a variables.</doc>
<status status="PASS" start="2024-06-17T14:14:41.744452" elapsed="0.000614"/>
</kw>
<kw name="Set Variable" owner="BuiltIn">
<msg time="2024-06-17T14:14:41.745845" level="INFO">${name_title} = Mr</msg>
<var>${name_title}</var>
<arg>${json_data["results"][0]["name"]["title"]}</arg>
<doc>Returns the given values which can then be assigned to a variables.</doc>
<status status="PASS" start="2024-06-17T14:14:41.745399" elapsed="0.000473"/>
</kw>
<kw name="Create List" owner="BuiltIn">
<msg time="2024-06-17T14:14:41.746343" level="INFO">${allowed_titles} = ['Mr', 'Ms', 'Miss', 'Mrs', 'Madame', 'Monsieur']</msg>
<var>${allowed_titles}</var>
<arg>Mr</arg>
<arg>Ms</arg>
<arg>Miss</arg>
<arg>Mrs</arg>
<arg>Madame</arg>
<arg>Monsieur</arg>
<doc>Returns a list containing given items.</doc>
<status status="PASS" start="2024-06-17T14:14:41.746185" elapsed="0.000184"/>
</kw>
<kw name="List Should Contain Value" owner="Collections">
<arg>${allowed_titles}</arg>
<arg>${name_title}</arg>
<doc>Fails if the ``value`` is not found from ``list``.</doc>
<status status="PASS" start="2024-06-17T14:14:41.746679" elapsed="0.000194"/>
</kw>
<kw name="Set Variable" owner="BuiltIn">
<msg time="2024-06-17T14:14:41.747463" level="INFO">${name_country} = IR</msg>
<var>${name_country}</var>
<arg>${json_data["results"][0]["nat"]}</arg>
<doc>Returns the given values which can then be assigned to a variables.</doc>
<status status="PASS" start="2024-06-17T14:14:41.747066" elapsed="0.000423"/>
</kw>
<kw name="Create List" owner="BuiltIn">
<msg time="2024-06-17T14:14:41.748403" level="INFO">${list_country} = ['AD', 'AE', 'AF', 'AG', 'AI', 'AL', 'AM', 'AO', 'AQ', 'AR', 'AS', 'AT', 'AU', 'AW', 'AX', 'AZ', 'BA', 'BB', 'BD', 'BE', 'BF', 'BG', 'BH', 'BI', 'BJ', 'BL', 'BM', 'BN', 'BO', 'BQ', 'BR', 'BS', 'BT', '...</msg>
<var>${list_country}</var>
<arg>AD</arg>
<arg>AE</arg>
<arg>AF</arg>
<arg>AG</arg>
<arg>AI</arg>
<arg>AL</arg>
<arg>AM</arg>
<arg>AO</arg>
<arg>AQ</arg>
<arg>AR</arg>
<arg>AS</arg>
<arg>AT</arg>
<arg>AU</arg>
<arg>AW</arg>
<arg>AX</arg>
<arg>AZ</arg>
<arg>BA</arg>
<arg>BB</arg>
<arg>BD</arg>
<arg>BE</arg>
<arg>BF</arg>
<arg>BG</arg>
<arg>BH</arg>
<arg>BI</arg>
<arg>BJ</arg>
<arg>BL</arg>
<arg>BM</arg>
<arg>BN</arg>
<arg>BO</arg>
<arg>BQ</arg>
<arg>BR</arg>
<arg>BS</arg>
<arg>BT</arg>
<arg>BV</arg>
<arg>BW</arg>
<arg>BY</arg>
<arg>BZ</arg>
<arg>CA</arg>
<arg>CC</arg>
<arg>CD</arg>
<arg>CF</arg>
<arg>CG</arg>
<arg>CH</arg>
<arg>CI</arg>
<arg>CK</arg>
<arg>CL</arg>
<arg>CM</arg>
<arg>CN</arg>
<arg>CO</arg>
<arg>CR</arg>
<arg>CU</arg>
<arg>CV</arg>
<arg>CW</arg>
<arg>CX</arg>
<arg>CY</arg>
<arg>CZ</arg>
<arg>DE</arg>
<arg>DJ</arg>
<arg>DK</arg>
<arg>DM</arg>
<arg>DO</arg>
<arg>DZ</arg>
<arg>EC</arg>
<arg>EE</arg>
<arg>EG</arg>
<arg>EH</arg>
<arg>ER</arg>
<arg>ES</arg>
<arg>ET</arg>
<arg>FI</arg>
<arg>FJ</arg>
<arg>FK</arg>
<arg>FM</arg>
<arg>FO</arg>
<arg>FR</arg>
<arg>GA</arg>
<arg>GB</arg>
<arg>GD</arg>
<arg>GE</arg>
<arg>GF</arg>
<arg>GG</arg>
<arg>GH</arg>
<arg>GI</arg>
<arg>GL</arg>
<arg>GM</arg>
<arg>GN</arg>
<arg>GP</arg>
<arg>GQ</arg>
<arg>GR</arg>
<arg>GS</arg>
<arg>GT</arg>
<arg>GU</arg>
<arg>GW</arg>
<arg>GY</arg>
<arg>HK</arg>
<arg>HM</arg>
<arg>HN</arg>
<arg>HR</arg>
<arg>HT</arg>
<arg>HU</arg>
<arg>ID</arg>
<arg>IE</arg>
<arg>IL</arg>
<arg>IM</arg>
<arg>IN</arg>
<arg>IO</arg>
<arg>IQ</arg>
<arg>IR</arg>
<arg>IS</arg>
<arg>IT</arg>
<arg>JE</arg>
<arg>JM</arg>
<arg>JO</arg>
<arg>JP</arg>
<arg>KE</arg>
<arg>KG</arg>
<arg>KH</arg>
<arg>KI</arg>
<arg>KM</arg>
<arg>KN</arg>
<arg>KP</arg>
<arg>KR</arg>
<arg>KW</arg>
<arg>KY</arg>
<arg>KZ</arg>
<arg>LA</arg>
<arg>LB</arg>
<arg>LC</arg>
<arg>LI</arg>
<arg>LK</arg>
<arg>LR</arg>
<arg>LS</arg>
<arg>LT</arg>
<arg>LU</arg>
<arg>LV</arg>
<arg>LY</arg>
<arg>MA</arg>
<arg>MC</arg>
<arg>MD</arg>
<arg>ME</arg>
<arg>MF</arg>
<arg>MG</arg>
<arg>MH</arg>
<arg>MK</arg>
<arg>ML</arg>
<arg>MM</arg>
<arg>MN</arg>
<arg>MO</arg>
<arg>MP</arg>
<arg>MQ</arg>
<arg>MR</arg>
<arg>MS</arg>
<arg>MT</arg>
<arg>MU</arg>
<arg>MV</arg>
<arg>MW</arg>
<arg>MX</arg>
<arg>MY</arg>
<arg>MZ</arg>
<arg>NA</arg>
<arg>NC</arg>
<arg>NE</arg>
<arg>NF</arg>
<arg>NG</arg>
<arg>NI</arg>
<arg>NL</arg>
<arg>NO</arg>
<arg>NP</arg>
<arg>NR</arg>
<arg>NU</arg>
<arg>NZ</arg>
<arg>OM</arg>
<arg>PA</arg>
<arg>PE</arg>
<arg>PF</arg>
<arg>PG</arg>
<arg>PH</arg>
<arg>PK</arg>
<arg>PL</arg>
<arg>PM</arg>
<arg>PN</arg>
<arg>PR</arg>
<arg>PS</arg>
<arg>PT</arg>
<arg>PW</arg>
<arg>PY</arg>
<arg>QA</arg>
<arg>RE</arg>
<arg>RO</arg>
<arg>RS</arg>
<arg>RU</arg>
<arg>RW</arg>
<arg>SA</arg>
<arg>SB</arg>
<arg>SC</arg>
<arg>SD</arg>
<arg>SE</arg>
<arg>SG</arg>
<arg>SH</arg>
<arg>SI</arg>
<arg>SJ</arg>
<arg>SK</arg>
<arg>SL</arg>
<arg>SM</arg>
<arg>SN</arg>
<arg>SO</arg>
<arg>SR</arg>
<arg>SS</arg>
<arg>ST</arg>
<arg>SV</arg>
<arg>SX</arg>
<arg>SY</arg>
<arg>SZ</arg>
<arg>TC</arg>
<arg>TD</arg>
<arg>TF</arg>
<arg>TG</arg>
<arg>TH</arg>
<arg>TJ</arg>
<arg>TK</arg>
<arg>TL</arg>
<arg>TM</arg>
<arg>TN</arg>
<arg>TO</arg>
<arg>TR</arg>
<arg>TT</arg>
<arg>TV</arg>
<arg>TW</arg>
<arg>TZ</arg>
<arg>UA</arg>
<arg>UG</arg>
<arg>UM</arg>
<arg>US</arg>
<arg>UY</arg>
<arg>UZ</arg>
<arg>VA</arg>
<arg>VC</arg>
<arg>VE</arg>
<arg>VG</arg>
<arg>VI</arg>
<arg>VN</arg>
<arg>VU</arg>
<arg>WF</arg>
<arg>WS</arg>
<arg>XK</arg>
<arg>YE</arg>
<arg>YT</arg>
<arg>ZA</arg>
<arg>ZM</arg>
<arg>ZW</arg>
<doc>Returns a list containing given items.</doc>
<status status="PASS" start="2024-06-17T14:14:41.747791" elapsed="0.000638"/>
</kw>
<kw name="List Should Contain Value" owner="Collections">
<arg>${list_country}</arg>
<arg>${name_country}</arg>
<doc>Fails if the ``value`` is not found from ``list``.</doc>
<status status="PASS" start="2024-06-17T14:14:41.749237" elapsed="0.000220"/>
</kw>
<kw name="Run Keyword If" owner="BuiltIn">
<kw name="Should Be True" owner="BuiltIn">
<arg>${True}</arg>
<doc>Fails if the given condition is not true.</doc>
<status status="PASS" start="2024-06-17T14:14:41.750606" elapsed="0.000150"/>
</kw>
<arg>${json_data["results"][0]["location"]["coordinates"]["latitude"]} &gt;= -90 and ${json_data["results"][0]["location"]["coordinates"]["latitude"]} &lt;= 90</arg>
<arg>Should Be True</arg>
<arg>${True}</arg>
<doc>Runs the given keyword with the given arguments, if ``condition`` is true.</doc>
<status status="PASS" start="2024-06-17T14:14:41.749691" elapsed="0.001199"/>
</kw>
<kw name="Run Keyword If" owner="BuiltIn">
<kw name="Should Be True" owner="BuiltIn">
<arg>${True}</arg>
<doc>Fails if the given condition is not true.</doc>
<status status="PASS" start="2024-06-17T14:14:41.751818" elapsed="0.000149"/>
</kw>
<arg>${json_data["results"][0]["location"]["coordinates"]["longitude"]} &gt;= -180 and ${json_data["results"][0]["location"]["coordinates"]["longitude"]} &lt;= 180</arg>
<arg>Should Be True</arg>
<arg>${True}</arg>
<doc>Runs the given keyword with the given arguments, if ``condition`` is true.</doc>
<status status="PASS" start="2024-06-17T14:14:41.751094" elapsed="0.001006"/>
</kw>
<status status="PASS" start="2024-06-17T14:14:41.651808" elapsed="0.100434"/>
</kw>
<doc>Testa o conteúdo específico dos campos retornados pela API.</doc>
<tag>testeConteudo</tag>
<status status="PASS" start="2024-06-17T14:14:41.651228" elapsed="0.101176"/>
</test>
<status status="PASS" start="2024-06-17T14:14:40.847011" elapsed="0.907501"/>
</suite>
<status status="PASS" start="2024-06-17T14:14:40.829752" elapsed="0.930038"/>
</suite>
<statistics>
<total>
<stat pass="5" fail="0" skip="0">All Tests</stat>
</total>
<tag>
<stat pass="1" fail="0" skip="0">testeConteudo</stat>
<stat pass="1" fail="0" skip="0">testeEstruturaResposta</stat>
<stat pass="1" fail="0" skip="0">testeRequisicaoBasica</stat>
<stat pass="1" fail="0" skip="0">testeTiposDados</stat>
</tag>
<suite>
<stat pass="5" fail="0" skip="0" id="s1" name="Tests">Tests</stat>
<stat pass="5" fail="0" skip="0" id="s1-s1" name="Random-User-Test">Tests.Random-User-Test</stat>
</suite>
</statistics>
<errors>
</errors>
</robot>
