<?xml version="1.0" encoding="UTF-8"?>
<robot generator="Robot 7.0 (Python 3.12.3 on linux)" generated="2024-06-05T12:28:11.869209" rpa="false" schemaversion="5">
<suite id="s1" name="Tests" source="/home/runner/work/ApiRandomUser/ApiRandomUser/RamdonUser/tests">
<suite id="s1-s1" name="Random-User-Test" source="/home/runner/work/ApiRandomUser/ApiRandomUser/RamdonUser/tests/random-user-test.robot">
<test id="s1-s1-t1" name="Conectar" line="13">
<kw name="Conectar API" owner="random-user-service">
<kw name="Create Session" owner="RequestsLibrary">
<msg time="2024-06-05T12:28:12.310180" level="INFO">Creating Session using : alias=consultarAPI, url=https://randomuser.me/, headers={},                     cookies={}, auth=None, timeout=None, proxies=None, verify=False,                     debug=0 </msg>
<arg>consultarAPI</arg>
<arg>${URL}</arg>
<doc>Create Session: create a HTTP session to a server</doc>
<status status="PASS" start="2024-06-05T12:28:12.309975" elapsed="0.000395"/>
</kw>
<status status="PASS" start="2024-06-05T12:28:12.308981" elapsed="0.001775"/>
</kw>
<status status="PASS" start="2024-06-05T12:28:12.308448" elapsed="0.002505"/>
</test>
<test id="s1-s1-t2" name="Validar retorno 200 e JSON Válido" line="16">
<kw name="Teste de Requisicao Basica" owner="random-user-service">
<kw name="GET On Session" owner="RequestsLibrary">
<msg time="2024-06-05T12:28:12.617805" level="INFO">GET Request : url=https://randomuser.me/api 
 path_url=/api 
 headers={'User-Agent': 'python-requests/2.32.3', 'Accept-Encoding': 'gzip, deflate', 'Accept': '*/*', 'Connection': 'keep-alive'} 
 body=None 
 </msg>
<msg time="2024-06-05T12:28:12.617957" level="INFO">GET Response : url=https://randomuser.me/api 
 status=200, reason=OK 
 headers={'Date': 'Wed, 05 Jun 2024 12:28:12 GMT', 'Content-Type': 'application/json; charset=utf-8', 'Transfer-Encoding': 'chunked', 'Connection': 'keep-alive', 'X-Powered-By': 'Express', 'Access-Control-Allow-Origin': '*', 'Cache-Control': 'no-cache', 'ETag': 'W/"49c-TDOq9ll9DNlqTZJixionslYkFm0"', 'Vary': 'Accept-Encoding', 'Content-Encoding': 'gzip', 'CF-Cache-Status': 'DYNAMIC', 'Report-To': '{"endpoints":[{"url":"https:\\/\\/a.nel.cloudflare.com\\/report\\/v4?s=UAMyV%2FJgNF5b%2BcPFKSb25%2FNz%2BVJivG34LeDeCInQm8AGvU8jHP1oJkCFQn83w0IkFYpjHrEkwBdjHdYZuIWIoPLwkKj7sKSPj8CBgLwXX7GxfqQqVonChF03GyDdiqod"}],"group":"cf-nel","max_age":604800}', 'NEL': '{"success_fraction":0,"report_to":"cf-nel","max_age":604800}', 'Server': 'cloudflare', 'CF-RAY': '88f029412e9117e6-SJC', 'alt-svc': 'h3=":443"; ma=86400'} 
 body={"results":[{"gender":"female","name":{"title":"Miss","first":"Aurore","last":"Aubert"},"location":{"street":{"number":1718,"name":"Rue du Moulin"},"city":"Lille","state":"Hauts-de-Seine","country":"France","postcode":18863,"coordinates":{"latitude":"-20.5714","longitude":"70.5575"},"timezone":{"offset":"-8:00","description":"Pacific Time (US &amp; Canada)"}},"email":"aurore.aubert@example.com","login":{"uuid":"20122d67-115c-4248-99ff-d3b562ffb1e4","username":"yellowswan294","password":"wp2003wp","salt":"duVksFwK","md5":"41879bf5ec66896ef734e23d612717ed","sha1":"aaceaabcac61979a3d259eaecda9331aa325740e","sha256":"b904990c9b871ea072501e2941b3dd39c61399cba921e8fe5b3f40e95ccc12fb"},"dob":{"date":"1984-01-18T21:27:22.276Z","age":40},"registered":{"date":"2008-12-13T01:13:39.511Z","age":15},"phone":"01-99-61-82-96","cell":"06-51-36-77-66","id":{"name":"INSEE","value":"2840002072215 48"},"picture":{"large":"https://randomuser.me/api/portraits/women/38.jpg","medium":"https://randomuser.me/api/portraits/med/women/38.jpg","thumbnail":"https://randomuser.me/api/portraits/thumb/women/38.jpg"},"nat":"FR"}],"info":{"seed":"247907df2bc02a91","results":1,"page":1,"version":"1.4"}} 
 </msg>
<msg time="2024-06-05T12:28:12.618042" level="INFO">/opt/hostedtoolcache/Python/3.12.3/x64/lib/python3.12/site-packages/urllib3/connectionpool.py:1103: InsecureRequestWarning: Unverified HTTPS request is being made to host 'randomuser.me'. Adding certificate verification is strongly advised. See: https://urllib3.readthedocs.io/en/latest/advanced-usage.html#tls-warnings
  warnings.warn(</msg>
<msg time="2024-06-05T12:28:12.618184" level="INFO">${response} = &lt;Response [200]&gt;</msg>
<var>${response}</var>
<arg>consultarAPI</arg>
<arg>/api</arg>
<doc>Sends a GET request on a previously created HTTP Session.</doc>
<status status="PASS" start="2024-06-05T12:28:12.313516" elapsed="0.304708"/>
</kw>
<kw name="Should Be Equal As Numbers" owner="BuiltIn">
<msg time="2024-06-05T12:28:12.619388" level="INFO">Argument types are:
&lt;class 'int'&gt;
&lt;class 'str'&gt;</msg>
<arg>${response.status_code}</arg>
<arg>200</arg>
<doc>Fails if objects are unequal after converting them to real numbers.</doc>
<status status="PASS" start="2024-06-05T12:28:12.618909" elapsed="0.000544"/>
</kw>
<kw name="Log" owner="BuiltIn">
<msg time="2024-06-05T12:28:12.620117" level="INFO">200</msg>
<arg>${response.status_code}</arg>
<doc>Logs the given message with the given level.</doc>
<status status="PASS" start="2024-06-05T12:28:12.619771" elapsed="0.000392"/>
</kw>
<kw name="Set Variable" owner="BuiltIn">
<msg time="2024-06-05T12:28:12.620888" level="INFO">${json_data} = {'results': [{'gender': 'female', 'name': {'title': 'Miss', 'first': 'Aurore', 'last': 'Aubert'}, 'location': {'street': {'number': 1718, 'name': 'Rue du Moulin'}, 'city': 'Lille', 'state': 'Hauts-de-...</msg>
<var>${json_data}</var>
<arg>${response.json()}</arg>
<doc>Returns the given values which can then be assigned to a variables.</doc>
<status status="PASS" start="2024-06-05T12:28:12.620465" elapsed="0.000453"/>
</kw>
<kw name="Dictionary Should Contain Key" owner="Collections">
<msg time="2024-06-05T12:28:12.621402" level="INFO">False</msg>
<arg>${json_data}</arg>
<arg>results</arg>
<doc>Fails if ``key`` is not found from ``dictionary``.</doc>
<status status="PASS" start="2024-06-05T12:28:12.621222" elapsed="0.000223"/>
</kw>
<status status="PASS" start="2024-06-05T12:28:12.313275" elapsed="0.308431"/>
</kw>
<doc>Testa se a API responde corretamente e retorna um objeto JSON válido.</doc>
<tag>testeRequisicaoBasica</tag>
<status status="PASS" start="2024-06-05T12:28:12.312814" elapsed="0.309072"/>
</test>
<test id="s1-s1-t3" name="Validar estrutura de resposta" line="22">
<kw name="Teste de Estrutura de Resposta" owner="random-user-service">
<kw name="GET On Session" owner="RequestsLibrary">
<msg time="2024-06-05T12:28:12.768360" level="INFO">GET Request : url=https://randomuser.me/api 
 path_url=/api 
 headers={'User-Agent': 'python-requests/2.32.3', 'Accept-Encoding': 'gzip, deflate', 'Accept': '*/*', 'Connection': 'keep-alive'} 
 body=None 
 </msg>
<msg time="2024-06-05T12:28:12.768457" level="INFO">GET Response : url=https://randomuser.me/api 
 status=200, reason=OK 
 headers={'Date': 'Wed, 05 Jun 2024 12:28:12 GMT', 'Content-Type': 'application/json; charset=utf-8', 'Transfer-Encoding': 'chunked', 'Connection': 'keep-alive', 'X-Powered-By': 'Express', 'Access-Control-Allow-Origin': '*', 'Cache-Control': 'no-cache', 'ETag': 'W/"480-iEy48qPVSfPAZQ0a5uCl9lOqD34"', 'Vary': 'Accept-Encoding', 'Content-Encoding': 'gzip', 'CF-Cache-Status': 'DYNAMIC', 'Report-To': '{"endpoints":[{"url":"https:\\/\\/a.nel.cloudflare.com\\/report\\/v4?s=Ze9q5YbeOYQ9fKCYFrsnz%2BAqdl5dWBH%2Bcgb%2FyYYB5OIU9NmWz9DTlpbXAu0gQA%2FR37MqPrpDSW8Zhg3A3YjUvi2IHdBodGYOczAzhV8hBIpNHU%2Bam34nD5Vhelnu%2Bzit"}],"group":"cf-nel","max_age":604800}', 'NEL': '{"success_fraction":0,"report_to":"cf-nel","max_age":604800}', 'Server': 'cloudflare', 'CF-RAY': '88f02942e80617e6-SJC', 'alt-svc': 'h3=":443"; ma=86400'} 
 body={"results":[{"gender":"male","name":{"title":"Mr","first":"Ajinkya","last":"Fernandes"},"location":{"street":{"number":1352,"name":"Kazimar St"},"city":"Kanpur","state":"Puducherry","country":"India","postcode":63191,"coordinates":{"latitude":"7.0137","longitude":"-108.5352"},"timezone":{"offset":"+6:00","description":"Almaty, Dhaka, Colombo"}},"email":"ajinkya.fernandes@example.com","login":{"uuid":"14c267c9-5cdd-4e1b-9ca4-c78a00c91029","username":"redelephant789","password":"shua","salt":"vW114eTh","md5":"f206881c3f62e63bd66e8db00840012b","sha1":"4563bfcbcc6f8182ad0790e6afc1bac9c0e4a5a8","sha256":"186e0d3d9c933e2ce112f7423879e7c54d6b790c71879c7f9095f15f8e945c89"},"dob":{"date":"1971-04-14T05:42:33.590Z","age":53},"registered":{"date":"2013-02-09T08:39:27.617Z","age":11},"phone":"7076101696","cell":"7056001814","id":{"name":"UIDAI","value":"544395684137"},"picture":{"large":"https://randomuser.me/api/portraits/men/65.jpg","medium":"https://randomuser.me/api/portraits/med/men/65.jpg","thumbnail":"https://randomuser.me/api/portraits/thumb/men/65.jpg"},"nat":"IN"}],"info":{"seed":"897f879343963ee1","results":1,"page":1,"version":"1.4"}} 
 </msg>
<msg time="2024-06-05T12:28:12.768583" level="INFO">/opt/hostedtoolcache/Python/3.12.3/x64/lib/python3.12/site-packages/urllib3/connectionpool.py:1103: InsecureRequestWarning: Unverified HTTPS request is being made to host 'randomuser.me'. Adding certificate verification is strongly advised. See: https://urllib3.readthedocs.io/en/latest/advanced-usage.html#tls-warnings
  warnings.warn(</msg>
<msg time="2024-06-05T12:28:12.768718" level="INFO">${response} = &lt;Response [200]&gt;</msg>
<var>${response}</var>
<arg>consultarAPI</arg>
<arg>/api</arg>
<doc>Sends a GET request on a previously created HTTP Session.</doc>
<status status="PASS" start="2024-06-05T12:28:12.624493" elapsed="0.144266"/>
</kw>
<kw name="Set Variable" owner="BuiltIn">
<msg time="2024-06-05T12:28:12.769916" level="INFO">${json_data} = {'results': [{'gender': 'male', 'name': {'title': 'Mr', 'first': 'Ajinkya', 'last': 'Fernandes'}, 'location': {'street': {'number': 1352, 'name': 'Kazimar St'}, 'city': 'Kanpur', 'state': 'Puducherry'...</msg>
<var>${json_data}</var>
<arg>${response.json()}</arg>
<doc>Returns the given values which can then be assigned to a variables.</doc>
<status status="PASS" start="2024-06-05T12:28:12.769365" elapsed="0.000580"/>
</kw>
<kw name="Log" owner="BuiltIn">
<msg time="2024-06-05T12:28:12.770420" level="INFO">{'results': [{'gender': 'male', 'name': {'title': 'Mr', 'first': 'Ajinkya', 'last': 'Fernandes'}, 'location': {'street': {'number': 1352, 'name': 'Kazimar St'}, 'city': 'Kanpur', 'state': 'Puducherry', 'country': 'India', 'postcode': 63191, 'coordinates': {'latitude': '7.0137', 'longitude': '-108.5352'}, 'timezone': {'offset': '+6:00', 'description': 'Almaty, Dhaka, Colombo'}}, 'email': 'ajinkya.fernandes@example.com', 'login': {'uuid': '14c267c9-5cdd-4e1b-9ca4-c78a00c91029', 'username': 'redelephant789', 'password': 'shua', 'salt': 'vW114eTh', 'md5': 'f206881c3f62e63bd66e8db00840012b', 'sha1': '4563bfcbcc6f8182ad0790e6afc1bac9c0e4a5a8', 'sha256': '186e0d3d9c933e2ce112f7423879e7c54d6b790c71879c7f9095f15f8e945c89'}, 'dob': {'date': '1971-04-14T05:42:33.590Z', 'age': 53}, 'registered': {'date': '2013-02-09T08:39:27.617Z', 'age': 11}, 'phone': '7076101696', 'cell': '7056001814', 'id': {'name': 'UIDAI', 'value': '544395684137'}, 'picture': {'large': 'https://randomuser.me/api/portraits/men/65.jpg', 'medium': 'https://randomuser.me/api/portraits/med/men/65.jpg', 'thumbnail': 'https://randomuser.me/api/portraits/thumb/men/65.jpg'}, 'nat': 'IN'}], 'info': {'seed': '897f879343963ee1', 'results': 1, 'page': 1, 'version': '1.4'}}</msg>
<arg>${json_data}</arg>
<doc>Logs the given message with the given level.</doc>
<status status="PASS" start="2024-06-05T12:28:12.770261" elapsed="0.000224"/>
</kw>
<kw name="Dictionary Should Contain Key" owner="Collections">
<msg time="2024-06-05T12:28:12.770973" level="INFO">False</msg>
<arg>${json_data}</arg>
<arg>results</arg>
<doc>Fails if ``key`` is not found from ``dictionary``.</doc>
<status status="PASS" start="2024-06-05T12:28:12.770813" elapsed="0.000197"/>
</kw>
<kw name="Should Not Be Empty" owner="BuiltIn">
<msg time="2024-06-05T12:28:12.771439" level="INFO">Length is 2.</msg>
<arg>${json_data}</arg>
<doc>Verifies that the given item is not empty.</doc>
<status status="PASS" start="2024-06-05T12:28:12.771302" elapsed="0.000179"/>
</kw>
<kw name="Create List" owner="BuiltIn">
<msg time="2024-06-05T12:28:12.772075" level="INFO">${expected_keys} = ['gender', 'name', 'location', 'email', 'login']</msg>
<var>${expected_keys}</var>
<arg>gender</arg>
<arg>name</arg>
<arg>location</arg>
<arg>email</arg>
<arg>login</arg>
<doc>Returns a list containing given items.</doc>
<status status="PASS" start="2024-06-05T12:28:12.771765" elapsed="0.000335"/>
</kw>
<for flavor="IN">
<iter>
<kw name="Dictionary Should Contain Key" owner="Collections">
<msg time="2024-06-05T12:28:12.773070" level="INFO">False</msg>
<arg>${json_data['results'][0]}</arg>
<arg>${key}</arg>
<doc>Fails if ``key`` is not found from ``dictionary``.</doc>
<status status="PASS" start="2024-06-05T12:28:12.772685" elapsed="0.000422"/>
</kw>
<kw name="Log" owner="BuiltIn">
<msg time="2024-06-05T12:28:12.773764" level="INFO">{'gender': 'male', 'name': {'title': 'Mr', 'first': 'Ajinkya', 'last': 'Fernandes'}, 'location': {'street': {'number': 1352, 'name': 'Kazimar St'}, 'city': 'Kanpur', 'state': 'Puducherry', 'country': 'India', 'postcode': 63191, 'coordinates': {'latitude': '7.0137', 'longitude': '-108.5352'}, 'timezone': {'offset': '+6:00', 'description': 'Almaty, Dhaka, Colombo'}}, 'email': 'ajinkya.fernandes@example.com', 'login': {'uuid': '14c267c9-5cdd-4e1b-9ca4-c78a00c91029', 'username': 'redelephant789', 'password': 'shua', 'salt': 'vW114eTh', 'md5': 'f206881c3f62e63bd66e8db00840012b', 'sha1': '4563bfcbcc6f8182ad0790e6afc1bac9c0e4a5a8', 'sha256': '186e0d3d9c933e2ce112f7423879e7c54d6b790c71879c7f9095f15f8e945c89'}, 'dob': {'date': '1971-04-14T05:42:33.590Z', 'age': 53}, 'registered': {'date': '2013-02-09T08:39:27.617Z', 'age': 11}, 'phone': '7076101696', 'cell': '7056001814', 'id': {'name': 'UIDAI', 'value': '544395684137'}, 'picture': {'large': 'https://randomuser.me/api/portraits/men/65.jpg', 'medium': 'https://randomuser.me/api/portraits/med/men/65.jpg', 'thumbnail': 'https://randomuser.me/api/portraits/thumb/men/65.jpg'}, 'nat': 'IN'}</msg>
<arg>${json_data['results'][0]}</arg>
<doc>Logs the given message with the given level.</doc>
<status status="PASS" start="2024-06-05T12:28:12.773402" elapsed="0.000410"/>
</kw>
<kw name="Log" owner="BuiltIn">
<msg time="2024-06-05T12:28:12.774229" level="INFO">gender</msg>
<arg>${key}</arg>
<doc>Logs the given message with the given level.</doc>
<status status="PASS" start="2024-06-05T12:28:12.774102" elapsed="0.000165"/>
</kw>
<var name="${key}">gender</var>
<status status="PASS" start="2024-06-05T12:28:12.772559" elapsed="0.001922"/>
</iter>
<iter>
<kw name="Dictionary Should Contain Key" owner="Collections">
<msg time="2024-06-05T12:28:12.775200" level="INFO">False</msg>
<arg>${json_data['results'][0]}</arg>
<arg>${key}</arg>
<doc>Fails if ``key`` is not found from ``dictionary``.</doc>
<status status="PASS" start="2024-06-05T12:28:12.774820" elapsed="0.000416"/>
</kw>
<kw name="Log" owner="BuiltIn">
<msg time="2024-06-05T12:28:12.775911" level="INFO">{'gender': 'male', 'name': {'title': 'Mr', 'first': 'Ajinkya', 'last': 'Fernandes'}, 'location': {'street': {'number': 1352, 'name': 'Kazimar St'}, 'city': 'Kanpur', 'state': 'Puducherry', 'country': 'India', 'postcode': 63191, 'coordinates': {'latitude': '7.0137', 'longitude': '-108.5352'}, 'timezone': {'offset': '+6:00', 'description': 'Almaty, Dhaka, Colombo'}}, 'email': 'ajinkya.fernandes@example.com', 'login': {'uuid': '14c267c9-5cdd-4e1b-9ca4-c78a00c91029', 'username': 'redelephant789', 'password': 'shua', 'salt': 'vW114eTh', 'md5': 'f206881c3f62e63bd66e8db00840012b', 'sha1': '4563bfcbcc6f8182ad0790e6afc1bac9c0e4a5a8', 'sha256': '186e0d3d9c933e2ce112f7423879e7c54d6b790c71879c7f9095f15f8e945c89'}, 'dob': {'date': '1971-04-14T05:42:33.590Z', 'age': 53}, 'registered': {'date': '2013-02-09T08:39:27.617Z', 'age': 11}, 'phone': '7076101696', 'cell': '7056001814', 'id': {'name': 'UIDAI', 'value': '544395684137'}, 'picture': {'large': 'https://randomuser.me/api/portraits/men/65.jpg', 'medium': 'https://randomuser.me/api/portraits/med/men/65.jpg', 'thumbnail': 'https://randomuser.me/api/portraits/thumb/men/65.jpg'}, 'nat': 'IN'}</msg>
<arg>${json_data['results'][0]}</arg>
<doc>Logs the given message with the given level.</doc>
<status status="PASS" start="2024-06-05T12:28:12.775558" elapsed="0.000402"/>
</kw>
<kw name="Log" owner="BuiltIn">
<msg time="2024-06-05T12:28:12.776383" level="INFO">name</msg>
<arg>${key}</arg>
<doc>Logs the given message with the given level.</doc>
<status status="PASS" start="2024-06-05T12:28:12.776255" elapsed="0.000165"/>
</kw>
<var name="${key}">name</var>
<status status="PASS" start="2024-06-05T12:28:12.774693" elapsed="0.001943"/>
</iter>
<iter>
<kw name="Dictionary Should Contain Key" owner="Collections">
<msg time="2024-06-05T12:28:12.777298" level="INFO">False</msg>
<arg>${json_data['results'][0]}</arg>
<arg>${key}</arg>
<doc>Fails if ``key`` is not found from ``dictionary``.</doc>
<status status="PASS" start="2024-06-05T12:28:12.776925" elapsed="0.000410"/>
</kw>
<kw name="Log" owner="BuiltIn">
<msg time="2024-06-05T12:28:12.777981" level="INFO">{'gender': 'male', 'name': {'title': 'Mr', 'first': 'Ajinkya', 'last': 'Fernandes'}, 'location': {'street': {'number': 1352, 'name': 'Kazimar St'}, 'city': 'Kanpur', 'state': 'Puducherry', 'country': 'India', 'postcode': 63191, 'coordinates': {'latitude': '7.0137', 'longitude': '-108.5352'}, 'timezone': {'offset': '+6:00', 'description': 'Almaty, Dhaka, Colombo'}}, 'email': 'ajinkya.fernandes@example.com', 'login': {'uuid': '14c267c9-5cdd-4e1b-9ca4-c78a00c91029', 'username': 'redelephant789', 'password': 'shua', 'salt': 'vW114eTh', 'md5': 'f206881c3f62e63bd66e8db00840012b', 'sha1': '4563bfcbcc6f8182ad0790e6afc1bac9c0e4a5a8', 'sha256': '186e0d3d9c933e2ce112f7423879e7c54d6b790c71879c7f9095f15f8e945c89'}, 'dob': {'date': '1971-04-14T05:42:33.590Z', 'age': 53}, 'registered': {'date': '2013-02-09T08:39:27.617Z', 'age': 11}, 'phone': '7076101696', 'cell': '7056001814', 'id': {'name': 'UIDAI', 'value': '544395684137'}, 'picture': {'large': 'https://randomuser.me/api/portraits/men/65.jpg', 'medium': 'https://randomuser.me/api/portraits/med/men/65.jpg', 'thumbnail': 'https://randomuser.me/api/portraits/thumb/men/65.jpg'}, 'nat': 'IN'}</msg>
<arg>${json_data['results'][0]}</arg>
<doc>Logs the given message with the given level.</doc>
<status status="PASS" start="2024-06-05T12:28:12.777630" elapsed="0.000399"/>
</kw>
<kw name="Log" owner="BuiltIn">
<msg time="2024-06-05T12:28:12.778458" level="INFO">location</msg>
<arg>${key}</arg>
<doc>Logs the given message with the given level.</doc>
<status status="PASS" start="2024-06-05T12:28:12.778333" elapsed="0.000162"/>
</kw>
<var name="${key}">location</var>
<status status="PASS" start="2024-06-05T12:28:12.776815" elapsed="0.001928"/>
</iter>
<iter>
<kw name="Dictionary Should Contain Key" owner="Collections">
<msg time="2024-06-05T12:28:12.779436" level="INFO">False</msg>
<arg>${json_data['results'][0]}</arg>
<arg>${key}</arg>
<doc>Fails if ``key`` is not found from ``dictionary``.</doc>
<status status="PASS" start="2024-06-05T12:28:12.779045" elapsed="0.000434"/>
</kw>
<kw name="Log" owner="BuiltIn">
<msg time="2024-06-05T12:28:12.780134" level="INFO">{'gender': 'male', 'name': {'title': 'Mr', 'first': 'Ajinkya', 'last': 'Fernandes'}, 'location': {'street': {'number': 1352, 'name': 'Kazimar St'}, 'city': 'Kanpur', 'state': 'Puducherry', 'country': 'India', 'postcode': 63191, 'coordinates': {'latitude': '7.0137', 'longitude': '-108.5352'}, 'timezone': {'offset': '+6:00', 'description': 'Almaty, Dhaka, Colombo'}}, 'email': 'ajinkya.fernandes@example.com', 'login': {'uuid': '14c267c9-5cdd-4e1b-9ca4-c78a00c91029', 'username': 'redelephant789', 'password': 'shua', 'salt': 'vW114eTh', 'md5': 'f206881c3f62e63bd66e8db00840012b', 'sha1': '4563bfcbcc6f8182ad0790e6afc1bac9c0e4a5a8', 'sha256': '186e0d3d9c933e2ce112f7423879e7c54d6b790c71879c7f9095f15f8e945c89'}, 'dob': {'date': '1971-04-14T05:42:33.590Z', 'age': 53}, 'registered': {'date': '2013-02-09T08:39:27.617Z', 'age': 11}, 'phone': '7076101696', 'cell': '7056001814', 'id': {'name': 'UIDAI', 'value': '544395684137'}, 'picture': {'large': 'https://randomuser.me/api/portraits/men/65.jpg', 'medium': 'https://randomuser.me/api/portraits/med/men/65.jpg', 'thumbnail': 'https://randomuser.me/api/portraits/thumb/men/65.jpg'}, 'nat': 'IN'}</msg>
<arg>${json_data['results'][0]}</arg>
<doc>Logs the given message with the given level.</doc>
<status status="PASS" start="2024-06-05T12:28:12.779781" elapsed="0.000402"/>
</kw>
<kw name="Log" owner="BuiltIn">
<msg time="2024-06-05T12:28:12.780599" level="INFO">email</msg>
<arg>${key}</arg>
<doc>Logs the given message with the given level.</doc>
<status status="PASS" start="2024-06-05T12:28:12.780474" elapsed="0.000162"/>
</kw>
<var name="${key}">email</var>
<status status="PASS" start="2024-06-05T12:28:12.778926" elapsed="0.001920"/>
</iter>
<iter>
<kw name="Dictionary Should Contain Key" owner="Collections">
<msg time="2024-06-05T12:28:12.781512" level="INFO">False</msg>
<arg>${json_data['results'][0]}</arg>
<arg>${key}</arg>
<doc>Fails if ``key`` is not found from ``dictionary``.</doc>
<status status="PASS" start="2024-06-05T12:28:12.781126" elapsed="0.000422"/>
</kw>
<kw name="Log" owner="BuiltIn">
<msg time="2024-06-05T12:28:12.782190" level="INFO">{'gender': 'male', 'name': {'title': 'Mr', 'first': 'Ajinkya', 'last': 'Fernandes'}, 'location': {'street': {'number': 1352, 'name': 'Kazimar St'}, 'city': 'Kanpur', 'state': 'Puducherry', 'country': 'India', 'postcode': 63191, 'coordinates': {'latitude': '7.0137', 'longitude': '-108.5352'}, 'timezone': {'offset': '+6:00', 'description': 'Almaty, Dhaka, Colombo'}}, 'email': 'ajinkya.fernandes@example.com', 'login': {'uuid': '14c267c9-5cdd-4e1b-9ca4-c78a00c91029', 'username': 'redelephant789', 'password': 'shua', 'salt': 'vW114eTh', 'md5': 'f206881c3f62e63bd66e8db00840012b', 'sha1': '4563bfcbcc6f8182ad0790e6afc1bac9c0e4a5a8', 'sha256': '186e0d3d9c933e2ce112f7423879e7c54d6b790c71879c7f9095f15f8e945c89'}, 'dob': {'date': '1971-04-14T05:42:33.590Z', 'age': 53}, 'registered': {'date': '2013-02-09T08:39:27.617Z', 'age': 11}, 'phone': '7076101696', 'cell': '7056001814', 'id': {'name': 'UIDAI', 'value': '544395684137'}, 'picture': {'large': 'https://randomuser.me/api/portraits/men/65.jpg', 'medium': 'https://randomuser.me/api/portraits/med/men/65.jpg', 'thumbnail': 'https://randomuser.me/api/portraits/thumb/men/65.jpg'}, 'nat': 'IN'}</msg>
<arg>${json_data['results'][0]}</arg>
<doc>Logs the given message with the given level.</doc>
<status status="PASS" start="2024-06-05T12:28:12.781839" elapsed="0.000400"/>
</kw>
<kw name="Log" owner="BuiltIn">
<msg time="2024-06-05T12:28:12.782691" level="INFO">login</msg>
<arg>${key}</arg>
<doc>Logs the given message with the given level.</doc>
<status status="PASS" start="2024-06-05T12:28:12.782531" elapsed="0.000199"/>
</kw>
<var name="${key}">login</var>
<status status="PASS" start="2024-06-05T12:28:12.781016" elapsed="0.001931"/>
</iter>
<var>${key}</var>
<value>@{expected_keys}</value>
<status status="PASS" start="2024-06-05T12:28:12.772362" elapsed="0.010731"/>
</for>
<kw name="Create List" owner="BuiltIn">
<msg time="2024-06-05T12:28:12.783442" level="INFO">${expected_keysTwo} = ['username', 'password']</msg>
<var>${expected_keysTwo}</var>
<arg>username</arg>
<arg>password</arg>
<doc>Returns a list containing given items.</doc>
<status status="PASS" start="2024-06-05T12:28:12.783296" elapsed="0.000170"/>
</kw>
<for flavor="IN">
<iter>
<kw name="Dictionary Should Contain Key" owner="Collections">
<msg time="2024-06-05T12:28:12.784350" level="INFO">False</msg>
<arg>${json_data['results'][0]['login']}</arg>
<arg>${keyTwo}</arg>
<doc>Fails if ``key`` is not found from ``dictionary``.</doc>
<status status="PASS" start="2024-06-05T12:28:12.783971" elapsed="0.000415"/>
</kw>
<kw name="Dictionary Should Contain Key" owner="Collections">
<msg time="2024-06-05T12:28:12.785060" level="INFO">False</msg>
<arg>${json_data['results'][0]['login']}</arg>
<arg>${keyTwo}</arg>
<doc>Fails if ``key`` is not found from ``dictionary``.</doc>
<status status="PASS" start="2024-06-05T12:28:12.784679" elapsed="0.000419"/>
</kw>
<kw name="Log" owner="BuiltIn">
<msg time="2024-06-05T12:28:12.785515" level="INFO">username</msg>
<arg>${keyTwo}</arg>
<doc>Logs the given message with the given level.</doc>
<status status="PASS" start="2024-06-05T12:28:12.785389" elapsed="0.000164"/>
</kw>
<var name="${keyTwo}">username</var>
<status status="PASS" start="2024-06-05T12:28:12.783861" elapsed="0.001902"/>
</iter>
<iter>
<kw name="Dictionary Should Contain Key" owner="Collections">
<msg time="2024-06-05T12:28:12.786427" level="INFO">False</msg>
<arg>${json_data['results'][0]['login']}</arg>
<arg>${keyTwo}</arg>
<doc>Fails if ``key`` is not found from ``dictionary``.</doc>
<status status="PASS" start="2024-06-05T12:28:12.786058" elapsed="0.000406"/>
</kw>
<kw name="Dictionary Should Contain Key" owner="Collections">
<msg time="2024-06-05T12:28:12.787256" level="INFO">False</msg>
<arg>${json_data['results'][0]['login']}</arg>
<arg>${keyTwo}</arg>
<doc>Fails if ``key`` is not found from ``dictionary``.</doc>
<status status="PASS" start="2024-06-05T12:28:12.786789" elapsed="0.000507"/>
</kw>
<kw name="Log" owner="BuiltIn">
<msg time="2024-06-05T12:28:12.787725" level="INFO">password</msg>
<arg>${keyTwo}</arg>
<doc>Logs the given message with the given level.</doc>
<status status="PASS" start="2024-06-05T12:28:12.787597" elapsed="0.000165"/>
</kw>
<var name="${keyTwo}">password</var>
<status status="PASS" start="2024-06-05T12:28:12.785942" elapsed="0.002033"/>
</iter>
<var>${keyTwo}</var>
<value>@{expected_keysTwo}</value>
<status status="PASS" start="2024-06-05T12:28:12.783705" elapsed="0.004393"/>
</for>
<status status="PASS" start="2024-06-05T12:28:12.624259" elapsed="0.163981"/>
</kw>
<doc>Testa a estrutura da resposta da API.</doc>
<tag>testeEstruturaResposta</tag>
<status status="PASS" start="2024-06-05T12:28:12.623767" elapsed="0.164631"/>
</test>
<test id="s1-s1-t4" name="Validar tipos de dados" line="28">
<kw name="Teste de Tipos de Dados" owner="random-user-service">
<kw name="GET On Session" owner="RequestsLibrary">
<msg time="2024-06-05T12:28:12.877383" level="INFO">GET Request : url=https://randomuser.me/api 
 path_url=/api 
 headers={'User-Agent': 'python-requests/2.32.3', 'Accept-Encoding': 'gzip, deflate', 'Accept': '*/*', 'Connection': 'keep-alive'} 
 body=None 
 </msg>
<msg time="2024-06-05T12:28:12.877483" level="INFO">GET Response : url=https://randomuser.me/api 
 status=200, reason=OK 
 headers={'Date': 'Wed, 05 Jun 2024 12:28:12 GMT', 'Content-Type': 'application/json; charset=utf-8', 'Transfer-Encoding': 'chunked', 'Connection': 'keep-alive', 'X-Powered-By': 'Express', 'Access-Control-Allow-Origin': '*', 'Cache-Control': 'no-cache', 'ETag': 'W/"493-cY5DjqVxWG/g2I8OYsICu49jdc0"', 'Vary': 'Accept-Encoding', 'Content-Encoding': 'gzip', 'CF-Cache-Status': 'DYNAMIC', 'Report-To': '{"endpoints":[{"url":"https:\\/\\/a.nel.cloudflare.com\\/report\\/v4?s=Da0lh%2BD%2B9mifWCcyG%2BTSu0M%2Bx9xkCrwdPAUPsQmLTQW7iaMw8kToG0YGqFOPVaDDebymSOAFpjybWlda0FAPIuQdqKVdNrQd0jUWC%2BzsH5RJWV9oRtLB8xhsyadT4cFx"}],"group":"cf-nel","max_age":604800}', 'NEL': '{"success_fraction":0,"report_to":"cf-nel","max_age":604800}', 'Server': 'cloudflare', 'CF-RAY': '88f02943f91417e6-SJC', 'alt-svc': 'h3=":443"; ma=86400'} 
 body={"results":[{"gender":"female","name":{"title":"Mrs","first":"Marilou","last":"Scott"},"location":{"street":{"number":9440,"name":"King St"},"city":"Russell","state":"Ontario","country":"Canada","postcode":"Z5Q 8S1","coordinates":{"latitude":"-69.1550","longitude":"106.5712"},"timezone":{"offset":"+1:00","description":"Brussels, Copenhagen, Madrid, Paris"}},"email":"marilou.scott@example.com","login":{"uuid":"cc67f8ba-bd07-4d04-a242-6388e49d3245","username":"blackgorilla303","password":"devil666","salt":"1cB2at5l","md5":"405dffb30e4292e1203d24d5be61a714","sha1":"2284043990aef6595004cec3653e7d84d7dce62f","sha256":"298136a8692b74365c4636575585f9710fafa0d99e135feb4a15123ea4c5c833"},"dob":{"date":"1976-07-24T03:40:47.617Z","age":47},"registered":{"date":"2012-09-14T17:34:00.451Z","age":11},"phone":"H68 F12-3999","cell":"Q41 R49-4099","id":{"name":"SIN","value":"402341457"},"picture":{"large":"https://randomuser.me/api/portraits/women/90.jpg","medium":"https://randomuser.me/api/portraits/med/women/90.jpg","thumbnail":"https://randomuser.me/api/portraits/thumb/women/90.jpg"},"nat":"CA"}],"info":{"seed":"9b4981b2c3bfb138","results":1,"page":1,"version":"1.4"}} 
 </msg>
<msg time="2024-06-05T12:28:12.877559" level="INFO">/opt/hostedtoolcache/Python/3.12.3/x64/lib/python3.12/site-packages/urllib3/connectionpool.py:1103: InsecureRequestWarning: Unverified HTTPS request is being made to host 'randomuser.me'. Adding certificate verification is strongly advised. See: https://urllib3.readthedocs.io/en/latest/advanced-usage.html#tls-warnings
  warnings.warn(</msg>
<msg time="2024-06-05T12:28:12.877683" level="INFO">${response} = &lt;Response [200]&gt;</msg>
<var>${response}</var>
<arg>consultarAPI</arg>
<arg>/api</arg>
<doc>Sends a GET request on a previously created HTTP Session.</doc>
<status status="PASS" start="2024-06-05T12:28:12.790994" elapsed="0.086732"/>
</kw>
<kw name="Set Variable" owner="BuiltIn">
<msg time="2024-06-05T12:28:12.879024" level="INFO">${json_data} = {'results': [{'gender': 'female', 'name': {'title': 'Mrs', 'first': 'Marilou', 'last': 'Scott'}, 'location': {'street': {'number': 9440, 'name': 'King St'}, 'city': 'Russell', 'state': 'Ontario', 'cou...</msg>
<var>${json_data}</var>
<arg>${response.json()}</arg>
<doc>Returns the given values which can then be assigned to a variables.</doc>
<status status="PASS" start="2024-06-05T12:28:12.878411" elapsed="0.000643"/>
</kw>
<kw name="Log" owner="BuiltIn">
<msg time="2024-06-05T12:28:12.879539" level="INFO">{'results': [{'gender': 'female', 'name': {'title': 'Mrs', 'first': 'Marilou', 'last': 'Scott'}, 'location': {'street': {'number': 9440, 'name': 'King St'}, 'city': 'Russell', 'state': 'Ontario', 'country': 'Canada', 'postcode': 'Z5Q 8S1', 'coordinates': {'latitude': '-69.1550', 'longitude': '106.5712'}, 'timezone': {'offset': '+1:00', 'description': 'Brussels, Copenhagen, Madrid, Paris'}}, 'email': 'marilou.scott@example.com', 'login': {'uuid': 'cc67f8ba-bd07-4d04-a242-6388e49d3245', 'username': 'blackgorilla303', 'password': 'devil666', 'salt': '1cB2at5l', 'md5': '405dffb30e4292e1203d24d5be61a714', 'sha1': '2284043990aef6595004cec3653e7d84d7dce62f', 'sha256': '298136a8692b74365c4636575585f9710fafa0d99e135feb4a15123ea4c5c833'}, 'dob': {'date': '1976-07-24T03:40:47.617Z', 'age': 47}, 'registered': {'date': '2012-09-14T17:34:00.451Z', 'age': 11}, 'phone': 'H68 F12-3999', 'cell': 'Q41 R49-4099', 'id': {'name': 'SIN', 'value': '402341457'}, 'picture': {'large': 'https://randomuser.me/api/portraits/women/90.jpg', 'medium': 'https://randomuser.me/api/portraits/med/women/90.jpg', 'thumbnail': 'https://randomuser.me/api/portraits/thumb/women/90.jpg'}, 'nat': 'CA'}], 'info': {'seed': '9b4981b2c3bfb138', 'results': 1, 'page': 1, 'version': '1.4'}}</msg>
<arg>${json_data}</arg>
<doc>Logs the given message with the given level.</doc>
<status status="PASS" start="2024-06-05T12:28:12.879377" elapsed="0.000248"/>
</kw>
<kw name="Should Be String" owner="String">
<arg>${json_data['results'][0]['gender']}</arg>
<doc>Fails if the given ``item`` is not a string.</doc>
<status status="PASS" start="2024-06-05T12:28:12.879937" elapsed="0.000367"/>
</kw>
<kw name="Should Match Regexp" owner="BuiltIn">
<arg>${json_data['results'][0]['email']}</arg>
<arg>^[a-zA-Z0-9._%+-]+@[a-zA-Z0-9.-]+\.[a-zA-Z]{2,}$</arg>
<doc>Fails if ``string`` does not match ``pattern`` as a regular expression.</doc>
<status status="PASS" start="2024-06-05T12:28:12.880498" elapsed="0.000523"/>
</kw>
<kw name="Should Match Regexp" owner="BuiltIn">
<arg>${json_data['results'][0]['dob']['date']}</arg>
<arg>\\d{4}-\\d{2}-\\d{2}T\\d{2}:\\d{2}:\\d{2}\\.\\d{3}Z</arg>
<doc>Fails if ``string`` does not match ``pattern`` as a regular expression.</doc>
<status status="PASS" start="2024-06-05T12:28:12.881222" elapsed="0.000489"/>
</kw>
<kw name="Should Match Regexp" owner="BuiltIn">
<arg>${json_data['results'][0]['registered']['date']}</arg>
<arg>\\d{4}-\\d{2}-\\d{2}T\\d{2}:\\d{2}:\\d{2}\\.\\d{3}Z</arg>
<doc>Fails if ``string`` does not match ``pattern`` as a regular expression.</doc>
<status status="PASS" start="2024-06-05T12:28:12.881905" elapsed="0.000362"/>
</kw>
<kw name="Should Match Regexp" owner="BuiltIn">
<arg>${json_data['results'][0]['picture']['large']}</arg>
<arg>^https?://.*\.(?:png|jpe?g|gif|bmp)$</arg>
<doc>Fails if ``string`` does not match ``pattern`` as a regular expression.</doc>
<status status="PASS" start="2024-06-05T12:28:12.882457" elapsed="0.000502"/>
</kw>
<kw name="Should Match Regexp" owner="BuiltIn">
<arg>${json_data['results'][0]['picture']['medium']}</arg>
<arg>^https?://.*\.(?:png|jpe?g|gif|bmp)$</arg>
<doc>Fails if ``string`` does not match ``pattern`` as a regular expression.</doc>
<status status="PASS" start="2024-06-05T12:28:12.883156" elapsed="0.000356"/>
</kw>
<kw name="Should Match Regexp" owner="BuiltIn">
<arg>${json_data['results'][0]['picture']['thumbnail']}</arg>
<arg>^https?://.*\.(?:png|jpe?g|gif|bmp)$</arg>
<doc>Fails if ``string`` does not match ``pattern`` as a regular expression.</doc>
<status status="PASS" start="2024-06-05T12:28:12.883701" elapsed="0.000349"/>
</kw>
<kw name="Log" owner="BuiltIn">
<msg time="2024-06-05T12:28:12.884568" level="INFO">{'large': 'https://randomuser.me/api/portraits/women/90.jpg', 'medium': 'https://randomuser.me/api/portraits/med/women/90.jpg', 'thumbnail': 'https://randomuser.me/api/portraits/thumb/women/90.jpg'}</msg>
<arg>${json_data['results'][0]['picture']}</arg>
<doc>Logs the given message with the given level.</doc>
<status status="PASS" start="2024-06-05T12:28:12.884244" elapsed="0.000368"/>
</kw>
<status status="PASS" start="2024-06-05T12:28:12.790755" elapsed="0.094126"/>
</kw>
<kw name="Teste de Tipos de Dados - Postcode" owner="random-user-service">
<kw name="GET On Session" owner="RequestsLibrary">
<msg time="2024-06-05T12:28:12.982247" level="INFO">GET Request : url=https://randomuser.me/api 
 path_url=/api 
 headers={'User-Agent': 'python-requests/2.32.3', 'Accept-Encoding': 'gzip, deflate', 'Accept': '*/*', 'Connection': 'keep-alive'} 
 body=None 
 </msg>
<msg time="2024-06-05T12:28:12.982357" level="INFO">GET Response : url=https://randomuser.me/api 
 status=200, reason=OK 
 headers={'Date': 'Wed, 05 Jun 2024 12:28:12 GMT', 'Content-Type': 'application/json; charset=utf-8', 'Transfer-Encoding': 'chunked', 'Connection': 'keep-alive', 'X-Powered-By': 'Express', 'Access-Control-Allow-Origin': '*', 'Cache-Control': 'no-cache', 'ETag': 'W/"479-g6SzgaxfrICNpZN0AlGNfIJPNWU"', 'Vary': 'Accept-Encoding', 'Content-Encoding': 'gzip', 'CF-Cache-Status': 'DYNAMIC', 'Report-To': '{"endpoints":[{"url":"https:\\/\\/a.nel.cloudflare.com\\/report\\/v4?s=EOmYqENHpQ5W7%2BVTiV7eil%2Fi8EtNgTBE%2F%2FOZaUaCLjjfu1kkIquWR2IunVbvecC%2B%2BYg1VUNEgvfNAVJIdXlpOg5JmMK1X5FiXqI1qBrkGXVTh1kLFYGGnbt3NIhUT3dA"}],"group":"cf-nel","max_age":604800}', 'NEL': '{"success_fraction":0,"report_to":"cf-nel","max_age":604800}', 'Server': 'cloudflare', 'CF-RAY': '88f0294489a317e6-SJC', 'alt-svc': 'h3=":443"; ma=86400'} 
 body={"results":[{"gender":"female","name":{"title":"Mrs","first":"Ceylan","last":"Erez"},"location":{"street":{"number":40,"name":"Bağdat Cd"},"city":"Adıyaman","state":"Kahramanmaraş","country":"Turkey","postcode":86375,"coordinates":{"latitude":"65.4772","longitude":"80.7768"},"timezone":{"offset":"-12:00","description":"Eniwetok, Kwajalein"}},"email":"ceylan.erez@example.com","login":{"uuid":"35900d09-d67a-409f-99a6-23057e5956a9","username":"happydog293","password":"nuclear","salt":"ADPdM9hL","md5":"cd379aba579affaa1655b28810ab6446","sha1":"4d75100044c0a5cf5030f2e0a23bc81071842876","sha256":"0e19fdd6afcdf5af32f6ce3c771b57edd1f886503041739202be7f5850a53178"},"dob":{"date":"1946-11-19T09:26:42.248Z","age":77},"registered":{"date":"2009-05-20T08:02:45.134Z","age":15},"phone":"(935)-346-5554","cell":"(557)-154-8751","id":{"name":"","value":null},"picture":{"large":"https://randomuser.me/api/portraits/women/45.jpg","medium":"https://randomuser.me/api/portraits/med/women/45.jpg","thumbnail":"https://randomuser.me/api/portraits/thumb/women/45.jpg"},"nat":"TR"}],"info":{"seed":"a7f791a9d6724f10","results":1,"page":1,"version":"1.4"}} 
 </msg>
<msg time="2024-06-05T12:28:12.982440" level="INFO">/opt/hostedtoolcache/Python/3.12.3/x64/lib/python3.12/site-packages/urllib3/connectionpool.py:1103: InsecureRequestWarning: Unverified HTTPS request is being made to host 'randomuser.me'. Adding certificate verification is strongly advised. See: https://urllib3.readthedocs.io/en/latest/advanced-usage.html#tls-warnings
  warnings.warn(</msg>
<msg time="2024-06-05T12:28:12.982564" level="INFO">${response} = &lt;Response [200]&gt;</msg>
<var>${response}</var>
<arg>consultarAPI</arg>
<arg>/api</arg>
<doc>Sends a GET request on a previously created HTTP Session.</doc>
<status status="PASS" start="2024-06-05T12:28:12.885359" elapsed="0.097245"/>
</kw>
<kw name="Set Variable" owner="BuiltIn">
<msg time="2024-06-05T12:28:12.983890" level="INFO">${json_data} = {'results': [{'gender': 'female', 'name': {'title': 'Mrs', 'first': 'Ceylan', 'last': 'Erez'}, 'location': {'street': {'number': 40, 'name': 'Bağdat Cd'}, 'city': 'Adıyaman', 'state': 'Kahramanmaraş',...</msg>
<var>${json_data}</var>
<arg>${response.json()}</arg>
<doc>Returns the given values which can then be assigned to a variables.</doc>
<status status="PASS" start="2024-06-05T12:28:12.983283" elapsed="0.000637"/>
</kw>
<kw name="Log" owner="BuiltIn">
<msg time="2024-06-05T12:28:12.984401" level="INFO">{'results': [{'gender': 'female', 'name': {'title': 'Mrs', 'first': 'Ceylan', 'last': 'Erez'}, 'location': {'street': {'number': 40, 'name': 'Bağdat Cd'}, 'city': 'Adıyaman', 'state': 'Kahramanmaraş', 'country': 'Turkey', 'postcode': 86375, 'coordinates': {'latitude': '65.4772', 'longitude': '80.7768'}, 'timezone': {'offset': '-12:00', 'description': 'Eniwetok, Kwajalein'}}, 'email': 'ceylan.erez@example.com', 'login': {'uuid': '35900d09-d67a-409f-99a6-23057e5956a9', 'username': 'happydog293', 'password': 'nuclear', 'salt': 'ADPdM9hL', 'md5': 'cd379aba579affaa1655b28810ab6446', 'sha1': '4d75100044c0a5cf5030f2e0a23bc81071842876', 'sha256': '0e19fdd6afcdf5af32f6ce3c771b57edd1f886503041739202be7f5850a53178'}, 'dob': {'date': '1946-11-19T09:26:42.248Z', 'age': 77}, 'registered': {'date': '2009-05-20T08:02:45.134Z', 'age': 15}, 'phone': '(935)-346-5554', 'cell': '(557)-154-8751', 'id': {'name': '', 'value': None}, 'picture': {'large': 'https://randomuser.me/api/portraits/women/45.jpg', 'medium': 'https://randomuser.me/api/portraits/med/women/45.jpg', 'thumbnail': 'https://randomuser.me/api/portraits/thumb/women/45.jpg'}, 'nat': 'TR'}], 'info': {'seed': 'a7f791a9d6724f10', 'results': 1, 'page': 1, 'version': '1.4'}}</msg>
<arg>${json_data}</arg>
<doc>Logs the given message with the given level.</doc>
<status status="PASS" start="2024-06-05T12:28:12.984239" elapsed="0.000249"/>
</kw>
<kw name="Should Be Equal As Numbers" owner="BuiltIn">
<arg>${json_data['results'][0]['location']['postcode']}</arg>
<arg>${json_data['results'][0]['location']['postcode']}</arg>
<doc>Fails if objects are unequal after converting them to real numbers.</doc>
<status status="PASS" start="2024-06-05T12:28:12.984793" elapsed="0.000795"/>
</kw>
<kw name="Log" owner="BuiltIn">
<msg time="2024-06-05T12:28:12.986116" level="INFO">86375</msg>
<arg>${json_data['results'][0]['location']['postcode']}</arg>
<doc>Logs the given message with the given level.</doc>
<status status="PASS" start="2024-06-05T12:28:12.985782" elapsed="0.000373"/>
</kw>
<status status="PASS" start="2024-06-05T12:28:12.885122" elapsed="0.101287"/>
</kw>
<doc>Testa se os tipos de dados na resposta da API estão corretos.</doc>
<tag>testeTiposDados</tag>
<status status="PASS" start="2024-06-05T12:28:12.790148" elapsed="0.196429"/>
</test>
<test id="s1-s1-t5" name="Validar conteudo" line="35">
<kw name="Teste de Tipos de Conteudo" owner="random-user-service">
<kw name="GET On Session" owner="RequestsLibrary">
<msg time="2024-06-05T12:28:13.074776" level="INFO">GET Request : url=https://randomuser.me/api 
 path_url=/api 
 headers={'User-Agent': 'python-requests/2.32.3', 'Accept-Encoding': 'gzip, deflate', 'Accept': '*/*', 'Connection': 'keep-alive'} 
 body=None 
 </msg>
<msg time="2024-06-05T12:28:13.074878" level="INFO">GET Response : url=https://randomuser.me/api 
 status=200, reason=OK 
 headers={'Date': 'Wed, 05 Jun 2024 12:28:13 GMT', 'Content-Type': 'application/json; charset=utf-8', 'Transfer-Encoding': 'chunked', 'Connection': 'keep-alive', 'X-Powered-By': 'Express', 'Access-Control-Allow-Origin': '*', 'Cache-Control': 'no-cache', 'ETag': 'W/"47d-9z3kEIxzFzYigzxp135E8wLEyxQ"', 'Vary': 'Accept-Encoding', 'Content-Encoding': 'gzip', 'CF-Cache-Status': 'DYNAMIC', 'Report-To': '{"endpoints":[{"url":"https:\\/\\/a.nel.cloudflare.com\\/report\\/v4?s=hlsUTmPerEV8w4Z23j8Jj%2B%2Bc9UrhclxOUjfddxZVip%2BtIIF1PyzgBTdXWYMDWgFHHO%2ByfOqbmp11Zf3MB2NpXQPPT%2FDi%2FXthkOBNmn45pRR0uaUvE2PYykTrN3ZXSEFj"}],"group":"cf-nel","max_age":604800}', 'NEL': '{"success_fraction":0,"report_to":"cf-nel","max_age":604800}', 'Server': 'cloudflare', 'CF-RAY': '88f029453a6617e6-SJC', 'alt-svc': 'h3=":443"; ma=86400'} 
 body={"results":[{"gender":"female","name":{"title":"Mrs","first":"Aada","last":"Elo"},"location":{"street":{"number":8631,"name":"Hermiankatu"},"city":"Pielavesi","state":"Päijät-Häme","country":"Finland","postcode":92099,"coordinates":{"latitude":"-25.9034","longitude":"1.6222"},"timezone":{"offset":"-10:00","description":"Hawaii"}},"email":"aada.elo@example.com","login":{"uuid":"0061d2aa-e497-4cef-91dd-944b3c47d8b2","username":"ticklishmeercat375","password":"simona","salt":"pMBW59fg","md5":"33d1c29a0b18e16db419d3be7d7416cb","sha1":"9ef78ac1d10b9ac3dbfe5c31bcafc35748b78147","sha256":"62d244cfc321d7356d18b5f01f28930f53fcdd654c5806fe7f3b2bd01cb3f4a3"},"dob":{"date":"1960-02-21T10:34:37.544Z","age":64},"registered":{"date":"2016-10-15T16:18:10.552Z","age":7},"phone":"08-248-571","cell":"040-663-85-71","id":{"name":"HETU","value":"NaNNA514undefined"},"picture":{"large":"https://randomuser.me/api/portraits/women/20.jpg","medium":"https://randomuser.me/api/portraits/med/women/20.jpg","thumbnail":"https://randomuser.me/api/portraits/thumb/women/20.jpg"},"nat":"FI"}],"info":{"seed":"6748a6687a87f018","results":1,"page":1,"version":"1.4"}} 
 </msg>
<msg time="2024-06-05T12:28:13.074951" level="INFO">/opt/hostedtoolcache/Python/3.12.3/x64/lib/python3.12/site-packages/urllib3/connectionpool.py:1103: InsecureRequestWarning: Unverified HTTPS request is being made to host 'randomuser.me'. Adding certificate verification is strongly advised. See: https://urllib3.readthedocs.io/en/latest/advanced-usage.html#tls-warnings
  warnings.warn(</msg>
<msg time="2024-06-05T12:28:13.075064" level="INFO">${response} = &lt;Response [200]&gt;</msg>
<var>${response}</var>
<arg>consultarAPI</arg>
<arg>/api</arg>
<doc>Sends a GET request on a previously created HTTP Session.</doc>
<status status="PASS" start="2024-06-05T12:28:12.989834" elapsed="0.085263"/>
</kw>
<kw name="Set Variable" owner="BuiltIn">
<msg time="2024-06-05T12:28:13.076134" level="INFO">${json_data} = {'results': [{'gender': 'female', 'name': {'title': 'Mrs', 'first': 'Aada', 'last': 'Elo'}, 'location': {'street': {'number': 8631, 'name': 'Hermiankatu'}, 'city': 'Pielavesi', 'state': 'Päijät-Häme',...</msg>
<var>${json_data}</var>
<arg>${response.json()}</arg>
<doc>Returns the given values which can then be assigned to a variables.</doc>
<status status="PASS" start="2024-06-05T12:28:13.075625" elapsed="0.000538"/>
</kw>
<kw name="Set Variable" owner="BuiltIn">
<msg time="2024-06-05T12:28:13.076847" level="INFO">${name_title} = Mrs</msg>
<var>${name_title}</var>
<arg>${json_data["results"][0]["name"]["title"]}</arg>
<doc>Returns the given values which can then be assigned to a variables.</doc>
<status status="PASS" start="2024-06-05T12:28:13.076470" elapsed="0.000401"/>
</kw>
<kw name="Create List" owner="BuiltIn">
<msg time="2024-06-05T12:28:13.077318" level="INFO">${allowed_titles} = ['Mr', 'Ms', 'Miss', 'Mrs', 'Madame', 'Monsieur']</msg>
<var>${allowed_titles}</var>
<arg>Mr</arg>
<arg>Ms</arg>
<arg>Miss</arg>
<arg>Mrs</arg>
<arg>Madame</arg>
<arg>Monsieur</arg>
<doc>Returns a list containing given items.</doc>
<status status="PASS" start="2024-06-05T12:28:13.077171" elapsed="0.000171"/>
</kw>
<kw name="List Should Contain Value" owner="Collections">
<msg time="2024-06-05T12:28:13.077819" level="INFO">False</msg>
<arg>${allowed_titles}</arg>
<arg>${name_title}</arg>
<doc>Fails if the ``value`` is not found from ``list``.</doc>
<status status="PASS" start="2024-06-05T12:28:13.077643" elapsed="0.000213"/>
</kw>
<kw name="Set Variable" owner="BuiltIn">
<msg time="2024-06-05T12:28:13.078511" level="INFO">${name_country} = FI</msg>
<var>${name_country}</var>
<arg>${json_data["results"][0]["nat"]}</arg>
<doc>Returns the given values which can then be assigned to a variables.</doc>
<status status="PASS" start="2024-06-05T12:28:13.078141" elapsed="0.000394"/>
</kw>
<kw name="Create List" owner="BuiltIn">
<msg time="2024-06-05T12:28:13.079473" level="INFO">${list_country} = ['AD', 'AE', 'AF', 'AG', 'AI', 'AL', 'AM', 'AO', 'AQ', 'AR', 'AS', 'AT', 'AU', 'AW', 'AX', 'AZ', 'BA', 'BB', 'BD', 'BE', 'BF', 'BG', 'BH', 'BI', 'BJ', 'BL', 'BM', 'BN', 'BO', 'BQ', 'BR', 'BS', 'BT', '...</msg>
<var>${list_country}</var>
<arg>AD</arg>
<arg>AE</arg>
<arg>AF</arg>
<arg>AG</arg>
<arg>AI</arg>
<arg>AL</arg>
<arg>AM</arg>
<arg>AO</arg>
<arg>AQ</arg>
<arg>AR</arg>
<arg>AS</arg>
<arg>AT</arg>
<arg>AU</arg>
<arg>AW</arg>
<arg>AX</arg>
<arg>AZ</arg>
<arg>BA</arg>
<arg>BB</arg>
<arg>BD</arg>
<arg>BE</arg>
<arg>BF</arg>
<arg>BG</arg>
<arg>BH</arg>
<arg>BI</arg>
<arg>BJ</arg>
<arg>BL</arg>
<arg>BM</arg>
<arg>BN</arg>
<arg>BO</arg>
<arg>BQ</arg>
<arg>BR</arg>
<arg>BS</arg>
<arg>BT</arg>
<arg>BV</arg>
<arg>BW</arg>
<arg>BY</arg>
<arg>BZ</arg>
<arg>CA</arg>
<arg>CC</arg>
<arg>CD</arg>
<arg>CF</arg>
<arg>CG</arg>
<arg>CH</arg>
<arg>CI</arg>
<arg>CK</arg>
<arg>CL</arg>
<arg>CM</arg>
<arg>CN</arg>
<arg>CO</arg>
<arg>CR</arg>
<arg>CU</arg>
<arg>CV</arg>
<arg>CW</arg>
<arg>CX</arg>
<arg>CY</arg>
<arg>CZ</arg>
<arg>DE</arg>
<arg>DJ</arg>
<arg>DK</arg>
<arg>DM</arg>
<arg>DO</arg>
<arg>DZ</arg>
<arg>EC</arg>
<arg>EE</arg>
<arg>EG</arg>
<arg>EH</arg>
<arg>ER</arg>
<arg>ES</arg>
<arg>ET</arg>
<arg>FI</arg>
<arg>FJ</arg>
<arg>FK</arg>
<arg>FM</arg>
<arg>FO</arg>
<arg>FR</arg>
<arg>GA</arg>
<arg>GB</arg>
<arg>GD</arg>
<arg>GE</arg>
<arg>GF</arg>
<arg>GG</arg>
<arg>GH</arg>
<arg>GI</arg>
<arg>GL</arg>
<arg>GM</arg>
<arg>GN</arg>
<arg>GP</arg>
<arg>GQ</arg>
<arg>GR</arg>
<arg>GS</arg>
<arg>GT</arg>
<arg>GU</arg>
<arg>GW</arg>
<arg>GY</arg>
<arg>HK</arg>
<arg>HM</arg>
<arg>HN</arg>
<arg>HR</arg>
<arg>HT</arg>
<arg>HU</arg>
<arg>ID</arg>
<arg>IE</arg>
<arg>IL</arg>
<arg>IM</arg>
<arg>IN</arg>
<arg>IO</arg>
<arg>IQ</arg>
<arg>IR</arg>
<arg>IS</arg>
<arg>IT</arg>
<arg>JE</arg>
<arg>JM</arg>
<arg>JO</arg>
<arg>JP</arg>
<arg>KE</arg>
<arg>KG</arg>
<arg>KH</arg>
<arg>KI</arg>
<arg>KM</arg>
<arg>KN</arg>
<arg>KP</arg>
<arg>KR</arg>
<arg>KW</arg>
<arg>KY</arg>
<arg>KZ</arg>
<arg>LA</arg>
<arg>LB</arg>
<arg>LC</arg>
<arg>LI</arg>
<arg>LK</arg>
<arg>LR</arg>
<arg>LS</arg>
<arg>LT</arg>
<arg>LU</arg>
<arg>LV</arg>
<arg>LY</arg>
<arg>MA</arg>
<arg>MC</arg>
<arg>MD</arg>
<arg>ME</arg>
<arg>MF</arg>
<arg>MG</arg>
<arg>MH</arg>
<arg>MK</arg>
<arg>ML</arg>
<arg>MM</arg>
<arg>MN</arg>
<arg>MO</arg>
<arg>MP</arg>
<arg>MQ</arg>
<arg>MR</arg>
<arg>MS</arg>
<arg>MT</arg>
<arg>MU</arg>
<arg>MV</arg>
<arg>MW</arg>
<arg>MX</arg>
<arg>MY</arg>
<arg>MZ</arg>
<arg>NA</arg>
<arg>NC</arg>
<arg>NE</arg>
<arg>NF</arg>
<arg>NG</arg>
<arg>NI</arg>
<arg>NL</arg>
<arg>NO</arg>
<arg>NP</arg>
<arg>NR</arg>
<arg>NU</arg>
<arg>NZ</arg>
<arg>OM</arg>
<arg>PA</arg>
<arg>PE</arg>
<arg>PF</arg>
<arg>PG</arg>
<arg>PH</arg>
<arg>PK</arg>
<arg>PL</arg>
<arg>PM</arg>
<arg>PN</arg>
<arg>PR</arg>
<arg>PS</arg>
<arg>PT</arg>
<arg>PW</arg>
<arg>PY</arg>
<arg>QA</arg>
<arg>RE</arg>
<arg>RO</arg>
<arg>RS</arg>
<arg>RU</arg>
<arg>RW</arg>
<arg>SA</arg>
<arg>SB</arg>
<arg>SC</arg>
<arg>SD</arg>
<arg>SE</arg>
<arg>SG</arg>
<arg>SH</arg>
<arg>SI</arg>
<arg>SJ</arg>
<arg>SK</arg>
<arg>SL</arg>
<arg>SM</arg>
<arg>SN</arg>
<arg>SO</arg>
<arg>SR</arg>
<arg>SS</arg>
<arg>ST</arg>
<arg>SV</arg>
<arg>SX</arg>
<arg>SY</arg>
<arg>SZ</arg>
<arg>TC</arg>
<arg>TD</arg>
<arg>TF</arg>
<arg>TG</arg>
<arg>TH</arg>
<arg>TJ</arg>
<arg>TK</arg>
<arg>TL</arg>
<arg>TM</arg>
<arg>TN</arg>
<arg>TO</arg>
<arg>TR</arg>
<arg>TT</arg>
<arg>TV</arg>
<arg>TW</arg>
<arg>TZ</arg>
<arg>UA</arg>
<arg>UG</arg>
<arg>UM</arg>
<arg>US</arg>
<arg>UY</arg>
<arg>UZ</arg>
<arg>VA</arg>
<arg>VC</arg>
<arg>VE</arg>
<arg>VG</arg>
<arg>VI</arg>
<arg>VN</arg>
<arg>VU</arg>
<arg>WF</arg>
<arg>WS</arg>
<arg>XK</arg>
<arg>YE</arg>
<arg>YT</arg>
<arg>ZA</arg>
<arg>ZM</arg>
<arg>ZW</arg>
<doc>Returns a list containing given items.</doc>
<status status="PASS" start="2024-06-05T12:28:13.078876" elapsed="0.000623"/>
</kw>
<kw name="List Should Contain Value" owner="Collections">
<msg time="2024-06-05T12:28:13.080486" level="INFO">False</msg>
<arg>${list_country}</arg>
<arg>${name_country}</arg>
<doc>Fails if the ``value`` is not found from ``list``.</doc>
<status status="PASS" start="2024-06-05T12:28:13.080281" elapsed="0.000241"/>
</kw>
<kw name="Run Keyword If" owner="BuiltIn">
<kw name="Should Be True" owner="BuiltIn">
<arg>${True}</arg>
<doc>Fails if the given condition is not true.</doc>
<status status="PASS" start="2024-06-05T12:28:13.081573" elapsed="0.000142"/>
</kw>
<arg>${json_data["results"][0]["location"]["coordinates"]["latitude"]} &gt;= -90 and ${json_data["results"][0]["location"]["coordinates"]["latitude"]} &lt;= 90</arg>
<arg>Should Be True</arg>
<arg>${True}</arg>
<doc>Runs the given keyword with the given arguments, if ``condition`` is true.</doc>
<status status="PASS" start="2024-06-05T12:28:13.080833" elapsed="0.001009"/>
</kw>
<kw name="Run Keyword If" owner="BuiltIn">
<kw name="Should Be True" owner="BuiltIn">
<arg>${True}</arg>
<doc>Fails if the given condition is not true.</doc>
<status status="PASS" start="2024-06-05T12:28:13.082752" elapsed="0.000262"/>
</kw>
<arg>${json_data["results"][0]["location"]["coordinates"]["longitude"]} &gt;= -180 and ${json_data["results"][0]["location"]["coordinates"]["longitude"]} &lt;= 180</arg>
<arg>Should Be True</arg>
<arg>${True}</arg>
<doc>Runs the given keyword with the given arguments, if ``condition`` is true.</doc>
<status status="PASS" start="2024-06-05T12:28:13.082027" elapsed="0.001116"/>
</kw>
<status status="PASS" start="2024-06-05T12:28:12.989461" elapsed="0.093816"/>
</kw>
<doc>Testa o conteúdo específico dos campos retornados pela API.</doc>
<tag>testeConteudo</tag>
<status status="PASS" start="2024-06-05T12:28:12.988746" elapsed="0.094684"/>
</test>
<status status="PASS" start="2024-06-05T12:28:11.927572" elapsed="1.157769"/>
</suite>
<status status="PASS" start="2024-06-05T12:28:11.914191" elapsed="1.176244"/>
</suite>
<statistics>
<total>
<stat pass="5" fail="0" skip="0">All Tests</stat>
</total>
<tag>
<stat pass="1" fail="0" skip="0">testeConteudo</stat>
<stat pass="1" fail="0" skip="0">testeEstruturaResposta</stat>
<stat pass="1" fail="0" skip="0">testeRequisicaoBasica</stat>
<stat pass="1" fail="0" skip="0">testeTiposDados</stat>
</tag>
<suite>
<stat pass="5" fail="0" skip="0" id="s1" name="Tests">Tests</stat>
<stat pass="5" fail="0" skip="0" id="s1-s1" name="Random-User-Test">Tests.Random-User-Test</stat>
</suite>
</statistics>
<errors>
</errors>
</robot>
