<?xml version="1.0" encoding="UTF-8"?>
<robot generator="Robot 7.0 (Python 3.12.2 on linux)" generated="2024-03-27T06:17:22.432230" rpa="false" schemaversion="5">
<suite id="s1" name="Tests" source="/home/runner/work/DesafioQAItauRogerioJordao/DesafioQAItauRogerioJordao/RamdonUser/tests">
<suite id="s1-s1" name="Random-User-Test" source="/home/runner/work/DesafioQAItauRogerioJordao/DesafioQAItauRogerioJordao/RamdonUser/tests/random-user-test.robot">
<test id="s1-s1-t1" name="Conectar" line="13">
<kw name="Conectar API" owner="random-user-service">
<kw name="Create Session" owner="RequestsLibrary">
<msg time="2024-03-27T06:17:22.780778" level="INFO">Creating Session using : alias=consultarAPI, url=https://randomuser.me/, headers={},                     cookies={}, auth=None, timeout=None, proxies=None, verify=False,                     debug=0 </msg>
<arg>consultarAPI</arg>
<arg>${URL}</arg>
<doc>Create Session: create a HTTP session to a server</doc>
<status status="PASS" start="2024-03-27T06:17:22.780581" elapsed="0.000380"/>
</kw>
<status status="PASS" start="2024-03-27T06:17:22.779561" elapsed="0.001804"/>
</kw>
<status status="PASS" start="2024-03-27T06:17:22.778967" elapsed="0.002602"/>
</test>
<test id="s1-s1-t2" name="Validar retorno 200 e JSON Válido" line="16">
<kw name="Teste de Requisicao Basica" owner="random-user-service">
<kw name="GET On Session" owner="RequestsLibrary">
<msg time="2024-03-27T06:17:22.955435" level="INFO">GET Request : url=https://randomuser.me/api 
 path_url=/api 
 headers={'User-Agent': 'python-requests/2.31.0', 'Accept-Encoding': 'gzip, deflate', 'Accept': '*/*', 'Connection': 'keep-alive'} 
 body=None 
 </msg>
<msg time="2024-03-27T06:17:22.955589" level="INFO">GET Response : url=https://randomuser.me/api 
 status=200, reason=OK 
 headers={'Date': 'Wed, 27 Mar 2024 06:17:22 GMT', 'Content-Type': 'application/json; charset=utf-8', 'Transfer-Encoding': 'chunked', 'Connection': 'keep-alive', 'X-Powered-By': 'Express', 'Access-Control-Allow-Origin': '*', 'Cache-Control': 'no-cache', 'ETag': 'W/"496-kTG35uIMsabEPu2BHKqL+/VF03Q"', 'Vary': 'Accept-Encoding', 'Content-Encoding': 'gzip', 'CF-Cache-Status': 'DYNAMIC', 'Report-To': '{"endpoints":[{"url":"https:\\/\\/a.nel.cloudflare.com\\/report\\/v4?s=RLmTIJPgKV0bB0hJEG72CX4rZEZ1yTUh7QNMJP%2B9VmkIckeTppaqMstX1cGUIikZaGq%2B1%2FXiYtDjgOcFk7IrgxrYOQAhrkhPQfvJE1UZfQ4ojRiyCvzaYfUv1dRiqS97"}],"group":"cf-nel","max_age":604800}', 'NEL': '{"success_fraction":0,"report_to":"cf-nel","max_age":604800}', 'Server': 'cloudflare', 'CF-RAY': '86ad41cdac778722-ORD', 'alt-svc': 'h3=":443"; ma=86400'} 
 body={"results":[{"gender":"male","name":{"title":"Mr","first":"Dobrolik","last":"Ishchenko"},"location":{"street":{"number":7052,"name":"Pavla Skoropadskogo"},"city":"Rodinske","state":"Ternopilska","country":"Ukraine","postcode":34908,"coordinates":{"latitude":"78.9264","longitude":"-41.4476"},"timezone":{"offset":"+8:00","description":"Beijing, Perth, Singapore, Hong Kong"}},"email":"dobrolik.ishchenko@example.com","login":{"uuid":"55dbdbc4-2042-4f9c-8a1d-23ab369a731e","username":"bigsnake216","password":"olemiss","salt":"haqk8MVG","md5":"fd7a56a971e748a3d3fdca11bba320bb","sha1":"abd5eb505ece19cbcbe7a6c2638f948df5b9d212","sha256":"e335914ef964e270f10096cd196b980cb5ca3f963102d68303656a1202131649"},"dob":{"date":"1955-11-14T22:22:12.580Z","age":68},"registered":{"date":"2015-07-12T05:50:43.310Z","age":8},"phone":"(067) K56-4219","cell":"(098) Y56-3450","id":{"name":"","value":null},"picture":{"large":"https://randomuser.me/api/portraits/men/70.jpg","medium":"https://randomuser.me/api/portraits/med/men/70.jpg","thumbnail":"https://randomuser.me/api/portraits/thumb/men/70.jpg"},"nat":"UA"}],"info":{"seed":"69893d223223ac22","results":1,"page":1,"version":"1.4"}} 
 </msg>
<msg time="2024-03-27T06:17:22.955693" level="INFO">/opt/hostedtoolcache/Python/3.12.2/x64/lib/python3.12/site-packages/urllib3/connectionpool.py:1103: InsecureRequestWarning: Unverified HTTPS request is being made to host 'randomuser.me'. Adding certificate verification is strongly advised. See: https://urllib3.readthedocs.io/en/latest/advanced-usage.html#tls-warnings
  warnings.warn(</msg>
<msg time="2024-03-27T06:17:22.955831" level="INFO">${response} = &lt;Response [200]&gt;</msg>
<var>${response}</var>
<arg>consultarAPI</arg>
<arg>/api</arg>
<doc>Sends a GET request on a previously created HTTP Session.</doc>
<status status="PASS" start="2024-03-27T06:17:22.784184" elapsed="0.171690"/>
</kw>
<kw name="Should Be Equal As Numbers" owner="BuiltIn">
<msg time="2024-03-27T06:17:22.956881" level="INFO">Argument types are:
&lt;class 'int'&gt;
&lt;class 'str'&gt;</msg>
<arg>${response.status_code}</arg>
<arg>200</arg>
<doc>Fails if objects are unequal after converting them to real numbers.</doc>
<status status="PASS" start="2024-03-27T06:17:22.956408" elapsed="0.000541"/>
</kw>
<kw name="Log" owner="BuiltIn">
<msg time="2024-03-27T06:17:22.957702" level="INFO">200</msg>
<arg>${response.status_code}</arg>
<doc>Logs the given message with the given level.</doc>
<status status="PASS" start="2024-03-27T06:17:22.957337" elapsed="0.000409"/>
</kw>
<kw name="Set Variable" owner="BuiltIn">
<msg time="2024-03-27T06:17:22.958543" level="INFO">${json_data} = {'results': [{'gender': 'male', 'name': {'title': 'Mr', 'first': 'Dobrolik', 'last': 'Ishchenko'}, 'location': {'street': {'number': 7052, 'name': 'Pavla Skoropadskogo'}, 'city': 'Rodinske', 'state': ...</msg>
<var>${json_data}</var>
<arg>${response.json()}</arg>
<doc>Returns the given values which can then be assigned to a variables.</doc>
<status status="PASS" start="2024-03-27T06:17:22.958087" elapsed="0.000485"/>
</kw>
<kw name="Dictionary Should Contain Key" owner="Collections">
<msg time="2024-03-27T06:17:22.959054" level="INFO">False</msg>
<arg>${json_data}</arg>
<arg>results</arg>
<doc>Fails if ``key`` is not found from ``dictionary``.</doc>
<status status="PASS" start="2024-03-27T06:17:22.958886" elapsed="0.000208"/>
</kw>
<status status="PASS" start="2024-03-27T06:17:22.783936" elapsed="0.175428"/>
</kw>
<doc>Testa se a API responde corretamente e retorna um objeto JSON válido.</doc>
<tag>testeRequisicaoBasica</tag>
<status status="PASS" start="2024-03-27T06:17:22.783419" elapsed="0.176138"/>
</test>
<test id="s1-s1-t3" name="Validar estrutura de resposta" line="22">
<kw name="Teste de Estrutura de Resposta" owner="random-user-service">
<kw name="GET On Session" owner="RequestsLibrary">
<msg time="2024-03-27T06:17:22.999850" level="INFO">GET Request : url=https://randomuser.me/api 
 path_url=/api 
 headers={'User-Agent': 'python-requests/2.31.0', 'Accept-Encoding': 'gzip, deflate', 'Accept': '*/*', 'Connection': 'keep-alive'} 
 body=None 
 </msg>
<msg time="2024-03-27T06:17:22.999942" level="INFO">GET Response : url=https://randomuser.me/api 
 status=200, reason=OK 
 headers={'Date': 'Wed, 27 Mar 2024 06:17:22 GMT', 'Content-Type': 'application/json; charset=utf-8', 'Transfer-Encoding': 'chunked', 'Connection': 'keep-alive', 'X-Powered-By': 'Express', 'Access-Control-Allow-Origin': '*', 'Cache-Control': 'no-cache', 'ETag': 'W/"495-4DKvc/YJtZp6Je0Xncuibd7OoBs"', 'Vary': 'Accept-Encoding', 'Content-Encoding': 'gzip', 'CF-Cache-Status': 'DYNAMIC', 'Report-To': '{"endpoints":[{"url":"https:\\/\\/a.nel.cloudflare.com\\/report\\/v4?s=BYj1KqdqKMNnFoDTSrS3s1X279wRYW3AR7yU9uPwygUaS17lzGsCcBSfQlRPAc%2FIFiwVDISI4PNRGB5kcGF7s%2B7ZtO4JIVtq%2BP3r77hDbYMYa8fc0H%2FBz1NvcipqM4Fl"}],"group":"cf-nel","max_age":604800}', 'NEL': '{"success_fraction":0,"report_to":"cf-nel","max_age":604800}', 'Server': 'cloudflare', 'CF-RAY': '86ad41ce8d248722-ORD', 'alt-svc': 'h3=":443"; ma=86400'} 
 body={"results":[{"gender":"female","name":{"title":"Mrs","first":"Danielle","last":"Thomas"},"location":{"street":{"number":3063,"name":"Cork Street"},"city":"Athlone","state":"Galway City","country":"Ireland","postcode":90654,"coordinates":{"latitude":"0.7183","longitude":"57.4421"},"timezone":{"offset":"+9:00","description":"Tokyo, Seoul, Osaka, Sapporo, Yakutsk"}},"email":"danielle.thomas@example.com","login":{"uuid":"4eae4105-e438-4649-bfdb-5566a4e59254","username":"redfrog423","password":"simpsons","salt":"snIxsIC8","md5":"f97f7c2d73d66f9a226e3930494b1647","sha1":"c7df2432e292a5b8f10b7fa01bcb55f2649f63cf","sha256":"50eb458c104e0661a13d731212b62f7f9d77b3fc903676b5d42045d2562e56bc"},"dob":{"date":"1966-06-22T19:04:24.041Z","age":57},"registered":{"date":"2010-01-17T17:32:13.453Z","age":14},"phone":"031-936-1337","cell":"081-678-8057","id":{"name":"PPS","value":"0015846T"},"picture":{"large":"https://randomuser.me/api/portraits/women/63.jpg","medium":"https://randomuser.me/api/portraits/med/women/63.jpg","thumbnail":"https://randomuser.me/api/portraits/thumb/women/63.jpg"},"nat":"IE"}],"info":{"seed":"c7f7843adcba8143","results":1,"page":1,"version":"1.4"}} 
 </msg>
<msg time="2024-03-27T06:17:23.000080" level="INFO">/opt/hostedtoolcache/Python/3.12.2/x64/lib/python3.12/site-packages/urllib3/connectionpool.py:1103: InsecureRequestWarning: Unverified HTTPS request is being made to host 'randomuser.me'. Adding certificate verification is strongly advised. See: https://urllib3.readthedocs.io/en/latest/advanced-usage.html#tls-warnings
  warnings.warn(</msg>
<msg time="2024-03-27T06:17:23.000235" level="INFO">${response} = &lt;Response [200]&gt;</msg>
<var>${response}</var>
<arg>consultarAPI</arg>
<arg>/api</arg>
<doc>Sends a GET request on a previously created HTTP Session.</doc>
<status status="PASS" start="2024-03-27T06:17:22.962328" elapsed="0.037954"/>
</kw>
<kw name="Set Variable" owner="BuiltIn">
<msg time="2024-03-27T06:17:23.001335" level="INFO">${json_data} = {'results': [{'gender': 'female', 'name': {'title': 'Mrs', 'first': 'Danielle', 'last': 'Thomas'}, 'location': {'street': {'number': 3063, 'name': 'Cork Street'}, 'city': 'Athlone', 'state': 'Galway C...</msg>
<var>${json_data}</var>
<arg>${response.json()}</arg>
<doc>Returns the given values which can then be assigned to a variables.</doc>
<status status="PASS" start="2024-03-27T06:17:23.000770" elapsed="0.000609"/>
</kw>
<kw name="Log" owner="BuiltIn">
<msg time="2024-03-27T06:17:23.001873" level="INFO">{'results': [{'gender': 'female', 'name': {'title': 'Mrs', 'first': 'Danielle', 'last': 'Thomas'}, 'location': {'street': {'number': 3063, 'name': 'Cork Street'}, 'city': 'Athlone', 'state': 'Galway City', 'country': 'Ireland', 'postcode': 90654, 'coordinates': {'latitude': '0.7183', 'longitude': '57.4421'}, 'timezone': {'offset': '+9:00', 'description': 'Tokyo, Seoul, Osaka, Sapporo, Yakutsk'}}, 'email': 'danielle.thomas@example.com', 'login': {'uuid': '4eae4105-e438-4649-bfdb-5566a4e59254', 'username': 'redfrog423', 'password': 'simpsons', 'salt': 'snIxsIC8', 'md5': 'f97f7c2d73d66f9a226e3930494b1647', 'sha1': 'c7df2432e292a5b8f10b7fa01bcb55f2649f63cf', 'sha256': '50eb458c104e0661a13d731212b62f7f9d77b3fc903676b5d42045d2562e56bc'}, 'dob': {'date': '1966-06-22T19:04:24.041Z', 'age': 57}, 'registered': {'date': '2010-01-17T17:32:13.453Z', 'age': 14}, 'phone': '031-936-1337', 'cell': '081-678-8057', 'id': {'name': 'PPS', 'value': '0015846T'}, 'picture': {'large': 'https://randomuser.me/api/portraits/women/63.jpg', 'medium': 'https://randomuser.me/api/portraits/med/women/63.jpg', 'thumbnail': 'https://randomuser.me/api/portraits/thumb/women/63.jpg'}, 'nat': 'IE'}], 'info': {'seed': 'c7f7843adcba8143', 'results': 1, 'page': 1, 'version': '1.4'}}</msg>
<arg>${json_data}</arg>
<doc>Logs the given message with the given level.</doc>
<status status="PASS" start="2024-03-27T06:17:23.001714" elapsed="0.000207"/>
</kw>
<kw name="Dictionary Should Contain Key" owner="Collections">
<msg time="2024-03-27T06:17:23.002377" level="INFO">False</msg>
<arg>${json_data}</arg>
<arg>results</arg>
<doc>Fails if ``key`` is not found from ``dictionary``.</doc>
<status status="PASS" start="2024-03-27T06:17:23.002223" elapsed="0.000192"/>
</kw>
<kw name="Should Not Be Empty" owner="BuiltIn">
<msg time="2024-03-27T06:17:23.002844" level="INFO">Length is 2.</msg>
<arg>${json_data}</arg>
<doc>Verifies that the given item is not empty.</doc>
<status status="PASS" start="2024-03-27T06:17:23.002711" elapsed="0.000173"/>
</kw>
<kw name="Create List" owner="BuiltIn">
<msg time="2024-03-27T06:17:23.003328" level="INFO">${expected_keys} = ['gender', 'name', 'location', 'email', 'login']</msg>
<var>${expected_keys}</var>
<arg>gender</arg>
<arg>name</arg>
<arg>location</arg>
<arg>email</arg>
<arg>login</arg>
<doc>Returns a list containing given items.</doc>
<status status="PASS" start="2024-03-27T06:17:23.003177" elapsed="0.000176"/>
</kw>
<for flavor="IN">
<iter>
<kw name="Dictionary Should Contain Key" owner="Collections">
<msg time="2024-03-27T06:17:23.004337" level="INFO">False</msg>
<arg>${json_data['results'][0]}</arg>
<arg>${key}</arg>
<doc>Fails if ``key`` is not found from ``dictionary``.</doc>
<status status="PASS" start="2024-03-27T06:17:23.003938" elapsed="0.000439"/>
</kw>
<kw name="Log" owner="BuiltIn">
<msg time="2024-03-27T06:17:23.005079" level="INFO">{'gender': 'female', 'name': {'title': 'Mrs', 'first': 'Danielle', 'last': 'Thomas'}, 'location': {'street': {'number': 3063, 'name': 'Cork Street'}, 'city': 'Athlone', 'state': 'Galway City', 'country': 'Ireland', 'postcode': 90654, 'coordinates': {'latitude': '0.7183', 'longitude': '57.4421'}, 'timezone': {'offset': '+9:00', 'description': 'Tokyo, Seoul, Osaka, Sapporo, Yakutsk'}}, 'email': 'danielle.thomas@example.com', 'login': {'uuid': '4eae4105-e438-4649-bfdb-5566a4e59254', 'username': 'redfrog423', 'password': 'simpsons', 'salt': 'snIxsIC8', 'md5': 'f97f7c2d73d66f9a226e3930494b1647', 'sha1': 'c7df2432e292a5b8f10b7fa01bcb55f2649f63cf', 'sha256': '50eb458c104e0661a13d731212b62f7f9d77b3fc903676b5d42045d2562e56bc'}, 'dob': {'date': '1966-06-22T19:04:24.041Z', 'age': 57}, 'registered': {'date': '2010-01-17T17:32:13.453Z', 'age': 14}, 'phone': '031-936-1337', 'cell': '081-678-8057', 'id': {'name': 'PPS', 'value': '0015846T'}, 'picture': {'large': 'https://randomuser.me/api/portraits/women/63.jpg', 'medium': 'https://randomuser.me/api/portraits/med/women/63.jpg', 'thumbnail': 'https://randomuser.me/api/portraits/thumb/women/63.jpg'}, 'nat': 'IE'}</msg>
<arg>${json_data['results'][0]}</arg>
<doc>Logs the given message with the given level.</doc>
<status status="PASS" start="2024-03-27T06:17:23.004683" elapsed="0.000458"/>
</kw>
<kw name="Log" owner="BuiltIn">
<msg time="2024-03-27T06:17:23.005576" level="INFO">gender</msg>
<arg>${key}</arg>
<doc>Logs the given message with the given level.</doc>
<status status="PASS" start="2024-03-27T06:17:23.005446" elapsed="0.000169"/>
</kw>
<var name="${key}">gender</var>
<status status="PASS" start="2024-03-27T06:17:23.003811" elapsed="0.002028"/>
</iter>
<iter>
<kw name="Dictionary Should Contain Key" owner="Collections">
<msg time="2024-03-27T06:17:23.006535" level="INFO">False</msg>
<arg>${json_data['results'][0]}</arg>
<arg>${key}</arg>
<doc>Fails if ``key`` is not found from ``dictionary``.</doc>
<status status="PASS" start="2024-03-27T06:17:23.006143" elapsed="0.000430"/>
</kw>
<kw name="Log" owner="BuiltIn">
<msg time="2024-03-27T06:17:23.007271" level="INFO">{'gender': 'female', 'name': {'title': 'Mrs', 'first': 'Danielle', 'last': 'Thomas'}, 'location': {'street': {'number': 3063, 'name': 'Cork Street'}, 'city': 'Athlone', 'state': 'Galway City', 'country': 'Ireland', 'postcode': 90654, 'coordinates': {'latitude': '0.7183', 'longitude': '57.4421'}, 'timezone': {'offset': '+9:00', 'description': 'Tokyo, Seoul, Osaka, Sapporo, Yakutsk'}}, 'email': 'danielle.thomas@example.com', 'login': {'uuid': '4eae4105-e438-4649-bfdb-5566a4e59254', 'username': 'redfrog423', 'password': 'simpsons', 'salt': 'snIxsIC8', 'md5': 'f97f7c2d73d66f9a226e3930494b1647', 'sha1': 'c7df2432e292a5b8f10b7fa01bcb55f2649f63cf', 'sha256': '50eb458c104e0661a13d731212b62f7f9d77b3fc903676b5d42045d2562e56bc'}, 'dob': {'date': '1966-06-22T19:04:24.041Z', 'age': 57}, 'registered': {'date': '2010-01-17T17:32:13.453Z', 'age': 14}, 'phone': '031-936-1337', 'cell': '081-678-8057', 'id': {'name': 'PPS', 'value': '0015846T'}, 'picture': {'large': 'https://randomuser.me/api/portraits/women/63.jpg', 'medium': 'https://randomuser.me/api/portraits/med/women/63.jpg', 'thumbnail': 'https://randomuser.me/api/portraits/thumb/women/63.jpg'}, 'nat': 'IE'}</msg>
<arg>${json_data['results'][0]}</arg>
<doc>Logs the given message with the given level.</doc>
<status status="PASS" start="2024-03-27T06:17:23.006907" elapsed="0.000412"/>
</kw>
<kw name="Log" owner="BuiltIn">
<msg time="2024-03-27T06:17:23.007758" level="INFO">name</msg>
<arg>${key}</arg>
<doc>Logs the given message with the given level.</doc>
<status status="PASS" start="2024-03-27T06:17:23.007628" elapsed="0.000169"/>
</kw>
<var name="${key}">name</var>
<status status="PASS" start="2024-03-27T06:17:23.006028" elapsed="0.001989"/>
</iter>
<iter>
<kw name="Dictionary Should Contain Key" owner="Collections">
<msg time="2024-03-27T06:17:23.008695" level="INFO">False</msg>
<arg>${json_data['results'][0]}</arg>
<arg>${key}</arg>
<doc>Fails if ``key`` is not found from ``dictionary``.</doc>
<status status="PASS" start="2024-03-27T06:17:23.008312" elapsed="0.000422"/>
</kw>
<kw name="Log" owner="BuiltIn">
<msg time="2024-03-27T06:17:23.009488" level="INFO">{'gender': 'female', 'name': {'title': 'Mrs', 'first': 'Danielle', 'last': 'Thomas'}, 'location': {'street': {'number': 3063, 'name': 'Cork Street'}, 'city': 'Athlone', 'state': 'Galway City', 'country': 'Ireland', 'postcode': 90654, 'coordinates': {'latitude': '0.7183', 'longitude': '57.4421'}, 'timezone': {'offset': '+9:00', 'description': 'Tokyo, Seoul, Osaka, Sapporo, Yakutsk'}}, 'email': 'danielle.thomas@example.com', 'login': {'uuid': '4eae4105-e438-4649-bfdb-5566a4e59254', 'username': 'redfrog423', 'password': 'simpsons', 'salt': 'snIxsIC8', 'md5': 'f97f7c2d73d66f9a226e3930494b1647', 'sha1': 'c7df2432e292a5b8f10b7fa01bcb55f2649f63cf', 'sha256': '50eb458c104e0661a13d731212b62f7f9d77b3fc903676b5d42045d2562e56bc'}, 'dob': {'date': '1966-06-22T19:04:24.041Z', 'age': 57}, 'registered': {'date': '2010-01-17T17:32:13.453Z', 'age': 14}, 'phone': '031-936-1337', 'cell': '081-678-8057', 'id': {'name': 'PPS', 'value': '0015846T'}, 'picture': {'large': 'https://randomuser.me/api/portraits/women/63.jpg', 'medium': 'https://randomuser.me/api/portraits/med/women/63.jpg', 'thumbnail': 'https://randomuser.me/api/portraits/thumb/women/63.jpg'}, 'nat': 'IE'}</msg>
<arg>${json_data['results'][0]}</arg>
<doc>Logs the given message with the given level.</doc>
<status status="PASS" start="2024-03-27T06:17:23.009090" elapsed="0.000452"/>
</kw>
<kw name="Log" owner="BuiltIn">
<msg time="2024-03-27T06:17:23.009974" level="INFO">location</msg>
<arg>${key}</arg>
<doc>Logs the given message with the given level.</doc>
<status status="PASS" start="2024-03-27T06:17:23.009844" elapsed="0.000171"/>
</kw>
<var name="${key}">location</var>
<status status="PASS" start="2024-03-27T06:17:23.008200" elapsed="0.002033"/>
</iter>
<iter>
<kw name="Dictionary Should Contain Key" owner="Collections">
<msg time="2024-03-27T06:17:23.010906" level="INFO">False</msg>
<arg>${json_data['results'][0]}</arg>
<arg>${key}</arg>
<doc>Fails if ``key`` is not found from ``dictionary``.</doc>
<status status="PASS" start="2024-03-27T06:17:23.010519" elapsed="0.000426"/>
</kw>
<kw name="Log" owner="BuiltIn">
<msg time="2024-03-27T06:17:23.011608" level="INFO">{'gender': 'female', 'name': {'title': 'Mrs', 'first': 'Danielle', 'last': 'Thomas'}, 'location': {'street': {'number': 3063, 'name': 'Cork Street'}, 'city': 'Athlone', 'state': 'Galway City', 'country': 'Ireland', 'postcode': 90654, 'coordinates': {'latitude': '0.7183', 'longitude': '57.4421'}, 'timezone': {'offset': '+9:00', 'description': 'Tokyo, Seoul, Osaka, Sapporo, Yakutsk'}}, 'email': 'danielle.thomas@example.com', 'login': {'uuid': '4eae4105-e438-4649-bfdb-5566a4e59254', 'username': 'redfrog423', 'password': 'simpsons', 'salt': 'snIxsIC8', 'md5': 'f97f7c2d73d66f9a226e3930494b1647', 'sha1': 'c7df2432e292a5b8f10b7fa01bcb55f2649f63cf', 'sha256': '50eb458c104e0661a13d731212b62f7f9d77b3fc903676b5d42045d2562e56bc'}, 'dob': {'date': '1966-06-22T19:04:24.041Z', 'age': 57}, 'registered': {'date': '2010-01-17T17:32:13.453Z', 'age': 14}, 'phone': '031-936-1337', 'cell': '081-678-8057', 'id': {'name': 'PPS', 'value': '0015846T'}, 'picture': {'large': 'https://randomuser.me/api/portraits/women/63.jpg', 'medium': 'https://randomuser.me/api/portraits/med/women/63.jpg', 'thumbnail': 'https://randomuser.me/api/portraits/thumb/women/63.jpg'}, 'nat': 'IE'}</msg>
<arg>${json_data['results'][0]}</arg>
<doc>Logs the given message with the given level.</doc>
<status status="PASS" start="2024-03-27T06:17:23.011248" elapsed="0.000409"/>
</kw>
<kw name="Log" owner="BuiltIn">
<msg time="2024-03-27T06:17:23.012076" level="INFO">email</msg>
<arg>${key}</arg>
<doc>Logs the given message with the given level.</doc>
<status status="PASS" start="2024-03-27T06:17:23.011948" elapsed="0.000166"/>
</kw>
<var name="${key}">email</var>
<status status="PASS" start="2024-03-27T06:17:23.010410" elapsed="0.001919"/>
</iter>
<iter>
<kw name="Dictionary Should Contain Key" owner="Collections">
<msg time="2024-03-27T06:17:23.013039" level="INFO">False</msg>
<arg>${json_data['results'][0]}</arg>
<arg>${key}</arg>
<doc>Fails if ``key`` is not found from ``dictionary``.</doc>
<status status="PASS" start="2024-03-27T06:17:23.012620" elapsed="0.000459"/>
</kw>
<kw name="Log" owner="BuiltIn">
<msg time="2024-03-27T06:17:23.013742" level="INFO">{'gender': 'female', 'name': {'title': 'Mrs', 'first': 'Danielle', 'last': 'Thomas'}, 'location': {'street': {'number': 3063, 'name': 'Cork Street'}, 'city': 'Athlone', 'state': 'Galway City', 'country': 'Ireland', 'postcode': 90654, 'coordinates': {'latitude': '0.7183', 'longitude': '57.4421'}, 'timezone': {'offset': '+9:00', 'description': 'Tokyo, Seoul, Osaka, Sapporo, Yakutsk'}}, 'email': 'danielle.thomas@example.com', 'login': {'uuid': '4eae4105-e438-4649-bfdb-5566a4e59254', 'username': 'redfrog423', 'password': 'simpsons', 'salt': 'snIxsIC8', 'md5': 'f97f7c2d73d66f9a226e3930494b1647', 'sha1': 'c7df2432e292a5b8f10b7fa01bcb55f2649f63cf', 'sha256': '50eb458c104e0661a13d731212b62f7f9d77b3fc903676b5d42045d2562e56bc'}, 'dob': {'date': '1966-06-22T19:04:24.041Z', 'age': 57}, 'registered': {'date': '2010-01-17T17:32:13.453Z', 'age': 14}, 'phone': '031-936-1337', 'cell': '081-678-8057', 'id': {'name': 'PPS', 'value': '0015846T'}, 'picture': {'large': 'https://randomuser.me/api/portraits/women/63.jpg', 'medium': 'https://randomuser.me/api/portraits/med/women/63.jpg', 'thumbnail': 'https://randomuser.me/api/portraits/thumb/women/63.jpg'}, 'nat': 'IE'}</msg>
<arg>${json_data['results'][0]}</arg>
<doc>Logs the given message with the given level.</doc>
<status status="PASS" start="2024-03-27T06:17:23.013378" elapsed="0.000412"/>
</kw>
<kw name="Log" owner="BuiltIn">
<msg time="2024-03-27T06:17:23.014212" level="INFO">login</msg>
<arg>${key}</arg>
<doc>Logs the given message with the given level.</doc>
<status status="PASS" start="2024-03-27T06:17:23.014085" elapsed="0.000271"/>
</kw>
<var name="${key}">login</var>
<status status="PASS" start="2024-03-27T06:17:23.012504" elapsed="0.002112"/>
</iter>
<var>${key}</var>
<value>@{expected_keys}</value>
<status status="PASS" start="2024-03-27T06:17:23.003622" elapsed="0.011125"/>
</for>
<kw name="Create List" owner="BuiltIn">
<msg time="2024-03-27T06:17:23.015083" level="INFO">${expected_keysTwo} = ['username', 'password']</msg>
<var>${expected_keysTwo}</var>
<arg>username</arg>
<arg>password</arg>
<doc>Returns a list containing given items.</doc>
<status status="PASS" start="2024-03-27T06:17:23.014944" elapsed="0.000164"/>
</kw>
<for flavor="IN">
<iter>
<kw name="Dictionary Should Contain Key" owner="Collections">
<msg time="2024-03-27T06:17:23.015995" level="INFO">False</msg>
<arg>${json_data['results'][0]['login']}</arg>
<arg>${keyTwo}</arg>
<doc>Fails if ``key`` is not found from ``dictionary``.</doc>
<status status="PASS" start="2024-03-27T06:17:23.015609" elapsed="0.000425"/>
</kw>
<kw name="Dictionary Should Contain Key" owner="Collections">
<msg time="2024-03-27T06:17:23.016711" level="INFO">False</msg>
<arg>${json_data['results'][0]['login']}</arg>
<arg>${keyTwo}</arg>
<doc>Fails if ``key`` is not found from ``dictionary``.</doc>
<status status="PASS" start="2024-03-27T06:17:23.016331" elapsed="0.000419"/>
</kw>
<kw name="Log" owner="BuiltIn">
<msg time="2024-03-27T06:17:23.017213" level="INFO">username</msg>
<arg>${keyTwo}</arg>
<doc>Logs the given message with the given level.</doc>
<status status="PASS" start="2024-03-27T06:17:23.017078" elapsed="0.000174"/>
</kw>
<var name="${keyTwo}">username</var>
<status status="PASS" start="2024-03-27T06:17:23.015499" elapsed="0.001972"/>
</iter>
<iter>
<kw name="Dictionary Should Contain Key" owner="Collections">
<msg time="2024-03-27T06:17:23.018145" level="INFO">False</msg>
<arg>${json_data['results'][0]['login']}</arg>
<arg>${keyTwo}</arg>
<doc>Fails if ``key`` is not found from ``dictionary``.</doc>
<status status="PASS" start="2024-03-27T06:17:23.017764" elapsed="0.000419"/>
</kw>
<kw name="Dictionary Should Contain Key" owner="Collections">
<msg time="2024-03-27T06:17:23.018872" level="INFO">False</msg>
<arg>${json_data['results'][0]['login']}</arg>
<arg>${keyTwo}</arg>
<doc>Fails if ``key`` is not found from ``dictionary``.</doc>
<status status="PASS" start="2024-03-27T06:17:23.018489" elapsed="0.000420"/>
</kw>
<kw name="Log" owner="BuiltIn">
<msg time="2024-03-27T06:17:23.019328" level="INFO">password</msg>
<arg>${keyTwo}</arg>
<doc>Logs the given message with the given level.</doc>
<status status="PASS" start="2024-03-27T06:17:23.019201" elapsed="0.000165"/>
</kw>
<var name="${keyTwo}">password</var>
<status status="PASS" start="2024-03-27T06:17:23.017653" elapsed="0.001929"/>
</iter>
<var>${keyTwo}</var>
<value>@{expected_keysTwo}</value>
<status status="PASS" start="2024-03-27T06:17:23.015348" elapsed="0.004357"/>
</for>
<status status="PASS" start="2024-03-27T06:17:22.962089" elapsed="0.057759"/>
</kw>
<doc>Testa a estrutura da resposta da API.</doc>
<tag>testeEstruturaResposta</tag>
<status status="PASS" start="2024-03-27T06:17:22.961425" elapsed="0.058596"/>
</test>
<test id="s1-s1-t4" name="Validar tipos de dados" line="28">
<kw name="Teste de Tipos de Dados" owner="random-user-service">
<kw name="GET On Session" owner="RequestsLibrary">
<msg time="2024-03-27T06:17:23.099976" level="INFO">GET Request : url=https://randomuser.me/api 
 path_url=/api 
 headers={'User-Agent': 'python-requests/2.31.0', 'Accept-Encoding': 'gzip, deflate', 'Accept': '*/*', 'Connection': 'keep-alive'} 
 body=None 
 </msg>
<msg time="2024-03-27T06:17:23.100069" level="INFO">GET Response : url=https://randomuser.me/api 
 status=200, reason=OK 
 headers={'Date': 'Wed, 27 Mar 2024 06:17:23 GMT', 'Content-Type': 'application/json; charset=utf-8', 'Transfer-Encoding': 'chunked', 'Connection': 'keep-alive', 'X-Powered-By': 'Express', 'Access-Control-Allow-Origin': '*', 'Cache-Control': 'no-cache', 'ETag': 'W/"46f-GeSCwqhn5kd8INDQb9BTaAwtYC4"', 'Vary': 'Accept-Encoding', 'Content-Encoding': 'gzip', 'CF-Cache-Status': 'DYNAMIC', 'Report-To': '{"endpoints":[{"url":"https:\\/\\/a.nel.cloudflare.com\\/report\\/v4?s=6vINatPoAZoO7mAepUSha8z8EU%2BxK83RQ3%2FNJjpxucSixAVINrsv%2FLzUQnuXwqMQtRWnNXE1cM%2Fhjjy2HAqOIRv0BEvQOLLI2VLHjkFUvakWPlDUOOnQpD%2B8bGnOj2Mm"}],"group":"cf-nel","max_age":604800}', 'NEL': '{"success_fraction":0,"report_to":"cf-nel","max_age":604800}', 'Server': 'cloudflare', 'CF-RAY': '86ad41ceed6e8722-ORD', 'alt-svc': 'h3=":443"; ma=86400'} 
 body={"results":[{"gender":"female","name":{"title":"Ms","first":"Zoe","last":"Rice"},"location":{"street":{"number":2886,"name":"School Lane"},"city":"Tullamore","state":"Wicklow","country":"Ireland","postcode":69806,"coordinates":{"latitude":"3.6692","longitude":"124.5622"},"timezone":{"offset":"+9:30","description":"Adelaide, Darwin"}},"email":"zoe.rice@example.com","login":{"uuid":"fcde4bef-a5f3-4274-abc0-354cda430f00","username":"angryduck417","password":"samuel","salt":"t8niCplT","md5":"2d2a27c061779c057d70329590342ef0","sha1":"241cdb9bf4719e4c5af526498d62e9e479952bde","sha256":"d65c4e028afebe2f5d97cb8d56fd3e9bbc547a397cf53749b6ad1526d986c970"},"dob":{"date":"1959-06-23T00:59:06.898Z","age":64},"registered":{"date":"2017-12-08T07:59:48.920Z","age":6},"phone":"051-220-9007","cell":"081-255-4432","id":{"name":"PPS","value":"6864655T"},"picture":{"large":"https://randomuser.me/api/portraits/women/84.jpg","medium":"https://randomuser.me/api/portraits/med/women/84.jpg","thumbnail":"https://randomuser.me/api/portraits/thumb/women/84.jpg"},"nat":"IE"}],"info":{"seed":"374825a5d222a075","results":1,"page":1,"version":"1.4"}} 
 </msg>
<msg time="2024-03-27T06:17:23.100147" level="INFO">/opt/hostedtoolcache/Python/3.12.2/x64/lib/python3.12/site-packages/urllib3/connectionpool.py:1103: InsecureRequestWarning: Unverified HTTPS request is being made to host 'randomuser.me'. Adding certificate verification is strongly advised. See: https://urllib3.readthedocs.io/en/latest/advanced-usage.html#tls-warnings
  warnings.warn(</msg>
<msg time="2024-03-27T06:17:23.100273" level="INFO">${response} = &lt;Response [200]&gt;</msg>
<var>${response}</var>
<arg>consultarAPI</arg>
<arg>/api</arg>
<doc>Sends a GET request on a previously created HTTP Session.</doc>
<status status="PASS" start="2024-03-27T06:17:23.022940" elapsed="0.077383"/>
</kw>
<kw name="Set Variable" owner="BuiltIn">
<msg time="2024-03-27T06:17:23.101332" level="INFO">${json_data} = {'results': [{'gender': 'female', 'name': {'title': 'Ms', 'first': 'Zoe', 'last': 'Rice'}, 'location': {'street': {'number': 2886, 'name': 'School Lane'}, 'city': 'Tullamore', 'state': 'Wicklow', 'cou...</msg>
<var>${json_data}</var>
<arg>${response.json()}</arg>
<doc>Returns the given values which can then be assigned to a variables.</doc>
<status status="PASS" start="2024-03-27T06:17:23.100807" elapsed="0.000559"/>
</kw>
<kw name="Log" owner="BuiltIn">
<msg time="2024-03-27T06:17:23.101835" level="INFO">{'results': [{'gender': 'female', 'name': {'title': 'Ms', 'first': 'Zoe', 'last': 'Rice'}, 'location': {'street': {'number': 2886, 'name': 'School Lane'}, 'city': 'Tullamore', 'state': 'Wicklow', 'country': 'Ireland', 'postcode': 69806, 'coordinates': {'latitude': '3.6692', 'longitude': '124.5622'}, 'timezone': {'offset': '+9:30', 'description': 'Adelaide, Darwin'}}, 'email': 'zoe.rice@example.com', 'login': {'uuid': 'fcde4bef-a5f3-4274-abc0-354cda430f00', 'username': 'angryduck417', 'password': 'samuel', 'salt': 't8niCplT', 'md5': '2d2a27c061779c057d70329590342ef0', 'sha1': '241cdb9bf4719e4c5af526498d62e9e479952bde', 'sha256': 'd65c4e028afebe2f5d97cb8d56fd3e9bbc547a397cf53749b6ad1526d986c970'}, 'dob': {'date': '1959-06-23T00:59:06.898Z', 'age': 64}, 'registered': {'date': '2017-12-08T07:59:48.920Z', 'age': 6}, 'phone': '051-220-9007', 'cell': '081-255-4432', 'id': {'name': 'PPS', 'value': '6864655T'}, 'picture': {'large': 'https://randomuser.me/api/portraits/women/84.jpg', 'medium': 'https://randomuser.me/api/portraits/med/women/84.jpg', 'thumbnail': 'https://randomuser.me/api/portraits/thumb/women/84.jpg'}, 'nat': 'IE'}], 'info': {'seed': '374825a5d222a075', 'results': 1, 'page': 1, 'version': '1.4'}}</msg>
<arg>${json_data}</arg>
<doc>Logs the given message with the given level.</doc>
<status status="PASS" start="2024-03-27T06:17:23.101678" elapsed="0.000242"/>
</kw>
<kw name="Should Be String" owner="String">
<arg>${json_data['results'][0]['gender']}</arg>
<doc>Fails if the given ``item`` is not a string.</doc>
<status status="PASS" start="2024-03-27T06:17:23.102225" elapsed="0.000369"/>
</kw>
<kw name="Should Match Regexp" owner="BuiltIn">
<arg>${json_data['results'][0]['email']}</arg>
<arg>^[a-zA-Z0-9._%+-]+@[a-zA-Z0-9.-]+\.[a-zA-Z]{2,}$</arg>
<doc>Fails if ``string`` does not match ``pattern`` as a regular expression.</doc>
<status status="PASS" start="2024-03-27T06:17:23.102791" elapsed="0.000527"/>
</kw>
<kw name="Should Match Regexp" owner="BuiltIn">
<arg>${json_data['results'][0]['dob']['date']}</arg>
<arg>\\d{4}-\\d{2}-\\d{2}T\\d{2}:\\d{2}:\\d{2}\\.\\d{3}Z</arg>
<doc>Fails if ``string`` does not match ``pattern`` as a regular expression.</doc>
<status status="PASS" start="2024-03-27T06:17:23.103521" elapsed="0.000496"/>
</kw>
<kw name="Should Match Regexp" owner="BuiltIn">
<arg>${json_data['results'][0]['registered']['date']}</arg>
<arg>\\d{4}-\\d{2}-\\d{2}T\\d{2}:\\d{2}:\\d{2}\\.\\d{3}Z</arg>
<doc>Fails if ``string`` does not match ``pattern`` as a regular expression.</doc>
<status status="PASS" start="2024-03-27T06:17:23.104214" elapsed="0.000378"/>
</kw>
<kw name="Should Match Regexp" owner="BuiltIn">
<arg>${json_data['results'][0]['picture']['large']}</arg>
<arg>^https?://.*\.(?:png|jpe?g|gif|bmp)$</arg>
<doc>Fails if ``string`` does not match ``pattern`` as a regular expression.</doc>
<status status="PASS" start="2024-03-27T06:17:23.104780" elapsed="0.000516"/>
</kw>
<kw name="Should Match Regexp" owner="BuiltIn">
<arg>${json_data['results'][0]['picture']['medium']}</arg>
<arg>^https?://.*\.(?:png|jpe?g|gif|bmp)$</arg>
<doc>Fails if ``string`` does not match ``pattern`` as a regular expression.</doc>
<status status="PASS" start="2024-03-27T06:17:23.105496" elapsed="0.000365"/>
</kw>
<kw name="Should Match Regexp" owner="BuiltIn">
<arg>${json_data['results'][0]['picture']['thumbnail']}</arg>
<arg>^https?://.*\.(?:png|jpe?g|gif|bmp)$</arg>
<doc>Fails if ``string`` does not match ``pattern`` as a regular expression.</doc>
<status status="PASS" start="2024-03-27T06:17:23.106046" elapsed="0.000360"/>
</kw>
<kw name="Log" owner="BuiltIn">
<msg time="2024-03-27T06:17:23.106908" level="INFO">{'large': 'https://randomuser.me/api/portraits/women/84.jpg', 'medium': 'https://randomuser.me/api/portraits/med/women/84.jpg', 'thumbnail': 'https://randomuser.me/api/portraits/thumb/women/84.jpg'}</msg>
<arg>${json_data['results'][0]['picture']}</arg>
<doc>Logs the given message with the given level.</doc>
<status status="PASS" start="2024-03-27T06:17:23.106586" elapsed="0.000369"/>
</kw>
<status status="PASS" start="2024-03-27T06:17:23.022598" elapsed="0.084611"/>
</kw>
<kw name="Teste de Tipos de Dados - Postcode" owner="random-user-service">
<kw name="GET On Session" owner="RequestsLibrary">
<msg time="2024-03-27T06:17:23.203691" level="INFO">GET Request : url=https://randomuser.me/api 
 path_url=/api 
 headers={'User-Agent': 'python-requests/2.31.0', 'Accept-Encoding': 'gzip, deflate', 'Accept': '*/*', 'Connection': 'keep-alive'} 
 body=None 
 </msg>
<msg time="2024-03-27T06:17:23.203776" level="INFO">GET Response : url=https://randomuser.me/api 
 status=200, reason=OK 
 headers={'Date': 'Wed, 27 Mar 2024 06:17:23 GMT', 'Content-Type': 'application/json; charset=utf-8', 'Transfer-Encoding': 'chunked', 'Connection': 'keep-alive', 'X-Powered-By': 'Express', 'Access-Control-Allow-Origin': '*', 'Cache-Control': 'no-cache', 'ETag': 'W/"47a-/tU7tdRhNl7KfaBlg4/yoDPVfCA"', 'Vary': 'Accept-Encoding', 'Content-Encoding': 'gzip', 'CF-Cache-Status': 'DYNAMIC', 'Report-To': '{"endpoints":[{"url":"https:\\/\\/a.nel.cloudflare.com\\/report\\/v4?s=DZSKrosbo%2FWFBa0QjoX4120A1s%2FNF%2FAOoWwXGugG81zGco0SJfrEulvLvI9q3ADh%2FipG1b%2FUGpVvAY7AOOYFWoI241bt4pty9hmnMtpyLdMAM7obJ0si7ORQd78LtbkF"}],"group":"cf-nel","max_age":604800}', 'NEL': '{"success_fraction":0,"report_to":"cf-nel","max_age":604800}', 'Server': 'cloudflare', 'CF-RAY': '86ad41cf6de18722-ORD', 'alt-svc': 'h3=":443"; ma=86400'} 
 body={"results":[{"gender":"female","name":{"title":"Ms","first":"Maria","last":"Madsen"},"location":{"street":{"number":6487,"name":"Nørreskovvej"},"city":"Jystrup","state":"Sjælland","country":"Denmark","postcode":93849,"coordinates":{"latitude":"-40.1442","longitude":"110.8586"},"timezone":{"offset":"-12:00","description":"Eniwetok, Kwajalein"}},"email":"maria.madsen@example.com","login":{"uuid":"a7d0a95d-e529-4a23-8ba0-2e38746fe7b3","username":"angrydog893","password":"office","salt":"whKNkmaT","md5":"b3078ba4560fc5731ae12266e3da0397","sha1":"2dd5a789b4d53db8d85e744301c33d73fa620c59","sha256":"35a1590437c1f11f7727f5df3e937d046c5c4fed4922853ba0e7f3abaf99886f"},"dob":{"date":"1957-11-16T20:53:54.367Z","age":66},"registered":{"date":"2013-06-18T06:51:08.658Z","age":10},"phone":"23994713","cell":"77341749","id":{"name":"CPR","value":"161157-1739"},"picture":{"large":"https://randomuser.me/api/portraits/women/46.jpg","medium":"https://randomuser.me/api/portraits/med/women/46.jpg","thumbnail":"https://randomuser.me/api/portraits/thumb/women/46.jpg"},"nat":"DK"}],"info":{"seed":"7338d32d7e45131c","results":1,"page":1,"version":"1.4"}} 
 </msg>
<msg time="2024-03-27T06:17:23.203864" level="INFO">/opt/hostedtoolcache/Python/3.12.2/x64/lib/python3.12/site-packages/urllib3/connectionpool.py:1103: InsecureRequestWarning: Unverified HTTPS request is being made to host 'randomuser.me'. Adding certificate verification is strongly advised. See: https://urllib3.readthedocs.io/en/latest/advanced-usage.html#tls-warnings
  warnings.warn(</msg>
<msg time="2024-03-27T06:17:23.203977" level="INFO">${response} = &lt;Response [200]&gt;</msg>
<var>${response}</var>
<arg>consultarAPI</arg>
<arg>/api</arg>
<doc>Sends a GET request on a previously created HTTP Session.</doc>
<status status="PASS" start="2024-03-27T06:17:23.107793" elapsed="0.096232"/>
</kw>
<kw name="Set Variable" owner="BuiltIn">
<msg time="2024-03-27T06:17:23.204843" level="INFO">${json_data} = {'results': [{'gender': 'female', 'name': {'title': 'Ms', 'first': 'Maria', 'last': 'Madsen'}, 'location': {'street': {'number': 6487, 'name': 'Nørreskovvej'}, 'city': 'Jystrup', 'state': 'Sjælland', ...</msg>
<var>${json_data}</var>
<arg>${response.json()}</arg>
<doc>Returns the given values which can then be assigned to a variables.</doc>
<status status="PASS" start="2024-03-27T06:17:23.204391" elapsed="0.000481"/>
</kw>
<kw name="Log" owner="BuiltIn">
<msg time="2024-03-27T06:17:23.205364" level="INFO">{'results': [{'gender': 'female', 'name': {'title': 'Ms', 'first': 'Maria', 'last': 'Madsen'}, 'location': {'street': {'number': 6487, 'name': 'Nørreskovvej'}, 'city': 'Jystrup', 'state': 'Sjælland', 'country': 'Denmark', 'postcode': 93849, 'coordinates': {'latitude': '-40.1442', 'longitude': '110.8586'}, 'timezone': {'offset': '-12:00', 'description': 'Eniwetok, Kwajalein'}}, 'email': 'maria.madsen@example.com', 'login': {'uuid': 'a7d0a95d-e529-4a23-8ba0-2e38746fe7b3', 'username': 'angrydog893', 'password': 'office', 'salt': 'whKNkmaT', 'md5': 'b3078ba4560fc5731ae12266e3da0397', 'sha1': '2dd5a789b4d53db8d85e744301c33d73fa620c59', 'sha256': '35a1590437c1f11f7727f5df3e937d046c5c4fed4922853ba0e7f3abaf99886f'}, 'dob': {'date': '1957-11-16T20:53:54.367Z', 'age': 66}, 'registered': {'date': '2013-06-18T06:51:08.658Z', 'age': 10}, 'phone': '23994713', 'cell': '77341749', 'id': {'name': 'CPR', 'value': '161157-1739'}, 'picture': {'large': 'https://randomuser.me/api/portraits/women/46.jpg', 'medium': 'https://randomuser.me/api/portraits/med/women/46.jpg', 'thumbnail': 'https://randomuser.me/api/portraits/thumb/women/46.jpg'}, 'nat': 'DK'}], 'info': {'seed': '7338d32d7e45131c', 'results': 1, 'page': 1, 'version': '1.4'}}</msg>
<arg>${json_data}</arg>
<doc>Logs the given message with the given level.</doc>
<status status="PASS" start="2024-03-27T06:17:23.205209" elapsed="0.000233"/>
</kw>
<kw name="Should Be Equal As Numbers" owner="BuiltIn">
<arg>${json_data['results'][0]['location']['postcode']}</arg>
<arg>${json_data['results'][0]['location']['postcode']}</arg>
<doc>Fails if objects are unequal after converting them to real numbers.</doc>
<status status="PASS" start="2024-03-27T06:17:23.205749" elapsed="0.000639"/>
</kw>
<kw name="Log" owner="BuiltIn">
<msg time="2024-03-27T06:17:23.206929" level="INFO">93849</msg>
<arg>${json_data['results'][0]['location']['postcode']}</arg>
<doc>Logs the given message with the given level.</doc>
<status status="PASS" start="2024-03-27T06:17:23.206588" elapsed="0.000383"/>
</kw>
<status status="PASS" start="2024-03-27T06:17:23.107437" elapsed="0.099789"/>
</kw>
<doc>Testa se os tipos de dados na resposta da API estão corretos.</doc>
<tag>testeTiposDados</tag>
<status status="PASS" start="2024-03-27T06:17:23.021876" elapsed="0.185518"/>
</test>
<test id="s1-s1-t5" name="Validar conteudo" line="35">
<kw name="Teste de Tipos de Conteudo" owner="random-user-service">
<kw name="GET On Session" owner="RequestsLibrary">
<msg time="2024-03-27T06:17:23.304881" level="INFO">GET Request : url=https://randomuser.me/api 
 path_url=/api 
 headers={'User-Agent': 'python-requests/2.31.0', 'Accept-Encoding': 'gzip, deflate', 'Accept': '*/*', 'Connection': 'keep-alive'} 
 body=None 
 </msg>
<msg time="2024-03-27T06:17:23.304962" level="INFO">GET Response : url=https://randomuser.me/api 
 status=200, reason=OK 
 headers={'Date': 'Wed, 27 Mar 2024 06:17:23 GMT', 'Content-Type': 'application/json; charset=utf-8', 'Transfer-Encoding': 'chunked', 'Connection': 'keep-alive', 'X-Powered-By': 'Express', 'Access-Control-Allow-Origin': '*', 'Cache-Control': 'no-cache', 'ETag': 'W/"46f-QWBYj5N3OvSYvv8qn0mSNjwYpsw"', 'Vary': 'Accept-Encoding', 'Content-Encoding': 'gzip', 'CF-Cache-Status': 'DYNAMIC', 'Report-To': '{"endpoints":[{"url":"https:\\/\\/a.nel.cloudflare.com\\/report\\/v4?s=VdOYryM51J0j7tTnayijKDxzJ6v0pfWOXQ%2FA1iHaVAOS2id7X%2BU2KsrQaOOsxjfluRQG7IX5rEbuT4GubOMKrsCR9wRUrgP%2F77IAkOVxyWrrWz8RlbyHnvd5G7XEtJ6s"}],"group":"cf-nel","max_age":604800}', 'NEL': '{"success_fraction":0,"report_to":"cf-nel","max_age":604800}', 'Server': 'cloudflare', 'CF-RAY': '86ad41d00e6c8722-ORD', 'alt-svc': 'h3=":443"; ma=86400'} 
 body={"results":[{"gender":"female","name":{"title":"Ms","first":"Begüm","last":"Beşerler"},"location":{"street":{"number":4770,"name":"Bağdat Cd"},"city":"Denizli","state":"Muş","country":"Turkey","postcode":53346,"coordinates":{"latitude":"64.6659","longitude":"2.6781"},"timezone":{"offset":"-3:30","description":"Newfoundland"}},"email":"begum.beserler@example.com","login":{"uuid":"23c57d39-7ea8-42f9-b872-9f21bddee3e1","username":"bluemeercat968","password":"honda1","salt":"5NIj9LDH","md5":"ff16374c5313ccbb9d878a1c44daffbb","sha1":"bd27a44a23ed0b1f063f5d60dcd46c7a99248860","sha256":"c0fcfbf00431e571984159f8cc852d7ce4ecdf70f0253866f22b7d3ed8ad3330"},"dob":{"date":"1952-10-17T10:09:27.434Z","age":71},"registered":{"date":"2004-03-25T02:35:41.433Z","age":20},"phone":"(888)-928-0560","cell":"(125)-974-9927","id":{"name":"","value":null},"picture":{"large":"https://randomuser.me/api/portraits/women/68.jpg","medium":"https://randomuser.me/api/portraits/med/women/68.jpg","thumbnail":"https://randomuser.me/api/portraits/thumb/women/68.jpg"},"nat":"TR"}],"info":{"seed":"e5de82bc99906d7e","results":1,"page":1,"version":"1.4"}} 
 </msg>
<msg time="2024-03-27T06:17:23.305074" level="INFO">/opt/hostedtoolcache/Python/3.12.2/x64/lib/python3.12/site-packages/urllib3/connectionpool.py:1103: InsecureRequestWarning: Unverified HTTPS request is being made to host 'randomuser.me'. Adding certificate verification is strongly advised. See: https://urllib3.readthedocs.io/en/latest/advanced-usage.html#tls-warnings
  warnings.warn(</msg>
<msg time="2024-03-27T06:17:23.305178" level="INFO">${response} = &lt;Response [200]&gt;</msg>
<var>${response}</var>
<arg>consultarAPI</arg>
<arg>/api</arg>
<doc>Sends a GET request on a previously created HTTP Session.</doc>
<status status="PASS" start="2024-03-27T06:17:23.209829" elapsed="0.095388"/>
</kw>
<kw name="Set Variable" owner="BuiltIn">
<msg time="2024-03-27T06:17:23.306165" level="INFO">${json_data} = {'results': [{'gender': 'female', 'name': {'title': 'Ms', 'first': 'Begüm', 'last': 'Beşerler'}, 'location': {'street': {'number': 4770, 'name': 'Bağdat Cd'}, 'city': 'Denizli', 'state': 'Muş', 'count...</msg>
<var>${json_data}</var>
<arg>${response.json()}</arg>
<doc>Returns the given values which can then be assigned to a variables.</doc>
<status status="PASS" start="2024-03-27T06:17:23.305684" elapsed="0.000511"/>
</kw>
<kw name="Set Variable" owner="BuiltIn">
<msg time="2024-03-27T06:17:23.306883" level="INFO">${name_title} = Ms</msg>
<var>${name_title}</var>
<arg>${json_data["results"][0]["name"]["title"]}</arg>
<doc>Returns the given values which can then be assigned to a variables.</doc>
<status status="PASS" start="2024-03-27T06:17:23.306499" elapsed="0.000409"/>
</kw>
<kw name="Create List" owner="BuiltIn">
<msg time="2024-03-27T06:17:23.307354" level="INFO">${allowed_titles} = ['Mr', 'Ms', 'Miss', 'Mrs', 'Madame', 'Monsieur']</msg>
<var>${allowed_titles}</var>
<arg>Mr</arg>
<arg>Ms</arg>
<arg>Miss</arg>
<arg>Mrs</arg>
<arg>Madame</arg>
<arg>Monsieur</arg>
<doc>Returns a list containing given items.</doc>
<status status="PASS" start="2024-03-27T06:17:23.307204" elapsed="0.000173"/>
</kw>
<kw name="List Should Contain Value" owner="Collections">
<msg time="2024-03-27T06:17:23.307848" level="INFO">False</msg>
<arg>${allowed_titles}</arg>
<arg>${name_title}</arg>
<doc>Fails if the ``value`` is not found from ``list``.</doc>
<status status="PASS" start="2024-03-27T06:17:23.307679" elapsed="0.000206"/>
</kw>
<kw name="Set Variable" owner="BuiltIn">
<msg time="2024-03-27T06:17:23.308547" level="INFO">${name_country} = TR</msg>
<var>${name_country}</var>
<arg>${json_data["results"][0]["nat"]}</arg>
<doc>Returns the given values which can then be assigned to a variables.</doc>
<status status="PASS" start="2024-03-27T06:17:23.308172" elapsed="0.000401"/>
</kw>
<kw name="Create List" owner="BuiltIn">
<msg time="2024-03-27T06:17:23.309527" level="INFO">${list_country} = ['AD', 'AE', 'AF', 'AG', 'AI', 'AL', 'AM', 'AO', 'AQ', 'AR', 'AS', 'AT', 'AU', 'AW', 'AX', 'AZ', 'BA', 'BB', 'BD', 'BE', 'BF', 'BG', 'BH', 'BI', 'BJ', 'BL', 'BM', 'BN', 'BO', 'BQ', 'BR', 'BS', 'BT', '...</msg>
<var>${list_country}</var>
<arg>AD</arg>
<arg>AE</arg>
<arg>AF</arg>
<arg>AG</arg>
<arg>AI</arg>
<arg>AL</arg>
<arg>AM</arg>
<arg>AO</arg>
<arg>AQ</arg>
<arg>AR</arg>
<arg>AS</arg>
<arg>AT</arg>
<arg>AU</arg>
<arg>AW</arg>
<arg>AX</arg>
<arg>AZ</arg>
<arg>BA</arg>
<arg>BB</arg>
<arg>BD</arg>
<arg>BE</arg>
<arg>BF</arg>
<arg>BG</arg>
<arg>BH</arg>
<arg>BI</arg>
<arg>BJ</arg>
<arg>BL</arg>
<arg>BM</arg>
<arg>BN</arg>
<arg>BO</arg>
<arg>BQ</arg>
<arg>BR</arg>
<arg>BS</arg>
<arg>BT</arg>
<arg>BV</arg>
<arg>BW</arg>
<arg>BY</arg>
<arg>BZ</arg>
<arg>CA</arg>
<arg>CC</arg>
<arg>CD</arg>
<arg>CF</arg>
<arg>CG</arg>
<arg>CH</arg>
<arg>CI</arg>
<arg>CK</arg>
<arg>CL</arg>
<arg>CM</arg>
<arg>CN</arg>
<arg>CO</arg>
<arg>CR</arg>
<arg>CU</arg>
<arg>CV</arg>
<arg>CW</arg>
<arg>CX</arg>
<arg>CY</arg>
<arg>CZ</arg>
<arg>DE</arg>
<arg>DJ</arg>
<arg>DK</arg>
<arg>DM</arg>
<arg>DO</arg>
<arg>DZ</arg>
<arg>EC</arg>
<arg>EE</arg>
<arg>EG</arg>
<arg>EH</arg>
<arg>ER</arg>
<arg>ES</arg>
<arg>ET</arg>
<arg>FI</arg>
<arg>FJ</arg>
<arg>FK</arg>
<arg>FM</arg>
<arg>FO</arg>
<arg>FR</arg>
<arg>GA</arg>
<arg>GB</arg>
<arg>GD</arg>
<arg>GE</arg>
<arg>GF</arg>
<arg>GG</arg>
<arg>GH</arg>
<arg>GI</arg>
<arg>GL</arg>
<arg>GM</arg>
<arg>GN</arg>
<arg>GP</arg>
<arg>GQ</arg>
<arg>GR</arg>
<arg>GS</arg>
<arg>GT</arg>
<arg>GU</arg>
<arg>GW</arg>
<arg>GY</arg>
<arg>HK</arg>
<arg>HM</arg>
<arg>HN</arg>
<arg>HR</arg>
<arg>HT</arg>
<arg>HU</arg>
<arg>ID</arg>
<arg>IE</arg>
<arg>IL</arg>
<arg>IM</arg>
<arg>IN</arg>
<arg>IO</arg>
<arg>IQ</arg>
<arg>IR</arg>
<arg>IS</arg>
<arg>IT</arg>
<arg>JE</arg>
<arg>JM</arg>
<arg>JO</arg>
<arg>JP</arg>
<arg>KE</arg>
<arg>KG</arg>
<arg>KH</arg>
<arg>KI</arg>
<arg>KM</arg>
<arg>KN</arg>
<arg>KP</arg>
<arg>KR</arg>
<arg>KW</arg>
<arg>KY</arg>
<arg>KZ</arg>
<arg>LA</arg>
<arg>LB</arg>
<arg>LC</arg>
<arg>LI</arg>
<arg>LK</arg>
<arg>LR</arg>
<arg>LS</arg>
<arg>LT</arg>
<arg>LU</arg>
<arg>LV</arg>
<arg>LY</arg>
<arg>MA</arg>
<arg>MC</arg>
<arg>MD</arg>
<arg>ME</arg>
<arg>MF</arg>
<arg>MG</arg>
<arg>MH</arg>
<arg>MK</arg>
<arg>ML</arg>
<arg>MM</arg>
<arg>MN</arg>
<arg>MO</arg>
<arg>MP</arg>
<arg>MQ</arg>
<arg>MR</arg>
<arg>MS</arg>
<arg>MT</arg>
<arg>MU</arg>
<arg>MV</arg>
<arg>MW</arg>
<arg>MX</arg>
<arg>MY</arg>
<arg>MZ</arg>
<arg>NA</arg>
<arg>NC</arg>
<arg>NE</arg>
<arg>NF</arg>
<arg>NG</arg>
<arg>NI</arg>
<arg>NL</arg>
<arg>NO</arg>
<arg>NP</arg>
<arg>NR</arg>
<arg>NU</arg>
<arg>NZ</arg>
<arg>OM</arg>
<arg>PA</arg>
<arg>PE</arg>
<arg>PF</arg>
<arg>PG</arg>
<arg>PH</arg>
<arg>PK</arg>
<arg>PL</arg>
<arg>PM</arg>
<arg>PN</arg>
<arg>PR</arg>
<arg>PS</arg>
<arg>PT</arg>
<arg>PW</arg>
<arg>PY</arg>
<arg>QA</arg>
<arg>RE</arg>
<arg>RO</arg>
<arg>RS</arg>
<arg>RU</arg>
<arg>RW</arg>
<arg>SA</arg>
<arg>SB</arg>
<arg>SC</arg>
<arg>SD</arg>
<arg>SE</arg>
<arg>SG</arg>
<arg>SH</arg>
<arg>SI</arg>
<arg>SJ</arg>
<arg>SK</arg>
<arg>SL</arg>
<arg>SM</arg>
<arg>SN</arg>
<arg>SO</arg>
<arg>SR</arg>
<arg>SS</arg>
<arg>ST</arg>
<arg>SV</arg>
<arg>SX</arg>
<arg>SY</arg>
<arg>SZ</arg>
<arg>TC</arg>
<arg>TD</arg>
<arg>TF</arg>
<arg>TG</arg>
<arg>TH</arg>
<arg>TJ</arg>
<arg>TK</arg>
<arg>TL</arg>
<arg>TM</arg>
<arg>TN</arg>
<arg>TO</arg>
<arg>TR</arg>
<arg>TT</arg>
<arg>TV</arg>
<arg>TW</arg>
<arg>TZ</arg>
<arg>UA</arg>
<arg>UG</arg>
<arg>UM</arg>
<arg>US</arg>
<arg>UY</arg>
<arg>UZ</arg>
<arg>VA</arg>
<arg>VC</arg>
<arg>VE</arg>
<arg>VG</arg>
<arg>VI</arg>
<arg>VN</arg>
<arg>VU</arg>
<arg>WF</arg>
<arg>WS</arg>
<arg>XK</arg>
<arg>YE</arg>
<arg>YT</arg>
<arg>ZA</arg>
<arg>ZM</arg>
<arg>ZW</arg>
<doc>Returns a list containing given items.</doc>
<status status="PASS" start="2024-03-27T06:17:23.308875" elapsed="0.000679"/>
</kw>
<kw name="List Should Contain Value" owner="Collections">
<msg time="2024-03-27T06:17:23.310662" level="INFO">False</msg>
<arg>${list_country}</arg>
<arg>${name_country}</arg>
<doc>Fails if the ``value`` is not found from ``list``.</doc>
<status status="PASS" start="2024-03-27T06:17:23.310457" elapsed="0.000242"/>
</kw>
<kw name="Run Keyword If" owner="BuiltIn">
<kw name="Should Be True" owner="BuiltIn">
<arg>${True}</arg>
<doc>Fails if the given condition is not true.</doc>
<status status="PASS" start="2024-03-27T06:17:23.311744" elapsed="0.000144"/>
</kw>
<arg>${json_data["results"][0]["location"]["coordinates"]["latitude"]} &gt;= -90 and ${json_data["results"][0]["location"]["coordinates"]["latitude"]} &lt;= 90</arg>
<arg>Should Be True</arg>
<arg>${True}</arg>
<doc>Runs the given keyword with the given arguments, if ``condition`` is true.</doc>
<status status="PASS" start="2024-03-27T06:17:23.311006" elapsed="0.001011"/>
</kw>
<kw name="Run Keyword If" owner="BuiltIn">
<kw name="Should Be True" owner="BuiltIn">
<arg>${True}</arg>
<doc>Fails if the given condition is not true.</doc>
<status status="PASS" start="2024-03-27T06:17:23.312922" elapsed="0.000161"/>
</kw>
<arg>${json_data["results"][0]["location"]["coordinates"]["longitude"]} &gt;= -180 and ${json_data["results"][0]["location"]["coordinates"]["longitude"]} &lt;= 180</arg>
<arg>Should Be True</arg>
<arg>${True}</arg>
<doc>Runs the given keyword with the given arguments, if ``condition`` is true.</doc>
<status status="PASS" start="2024-03-27T06:17:23.312201" elapsed="0.001019"/>
</kw>
<status status="PASS" start="2024-03-27T06:17:23.209601" elapsed="0.103751"/>
</kw>
<doc>Testa o conteúdo específico dos campos retornados pela API.</doc>
<tag>testeConteudo</tag>
<status status="PASS" start="2024-03-27T06:17:23.209169" elapsed="0.104331"/>
</test>
<status status="PASS" start="2024-03-27T06:17:22.485466" elapsed="0.829937"/>
</suite>
<status status="PASS" start="2024-03-27T06:17:22.471518" elapsed="0.849126"/>
</suite>
<statistics>
<total>
<stat pass="5" fail="0" skip="0">All Tests</stat>
</total>
<tag>
<stat pass="1" fail="0" skip="0">testeConteudo</stat>
<stat pass="1" fail="0" skip="0">testeEstruturaResposta</stat>
<stat pass="1" fail="0" skip="0">testeRequisicaoBasica</stat>
<stat pass="1" fail="0" skip="0">testeTiposDados</stat>
</tag>
<suite>
<stat pass="5" fail="0" skip="0" id="s1" name="Tests">Tests</stat>
<stat pass="5" fail="0" skip="0" id="s1-s1" name="Random-User-Test">Tests.Random-User-Test</stat>
</suite>
</statistics>
<errors>
</errors>
</robot>
