<?xml version="1.0" encoding="UTF-8"?>
<robot generator="Robot 7.0 (Python 3.12.3 on linux)" generated="2024-04-23T06:20:13.524844" rpa="false" schemaversion="5">
<suite id="s1" name="Tests" source="/home/runner/work/DesafioQAItauRogerioJordao/DesafioQAItauRogerioJordao/RamdonUser/tests">
<suite id="s1-s1" name="Random-User-Test" source="/home/runner/work/DesafioQAItauRogerioJordao/DesafioQAItauRogerioJordao/RamdonUser/tests/random-user-test.robot">
<test id="s1-s1-t1" name="Conectar" line="13">
<kw name="Conectar API" owner="random-user-service">
<kw name="Create Session" owner="RequestsLibrary">
<msg time="2024-04-23T06:20:13.959649" level="INFO">Creating Session using : alias=consultarAPI, url=https://randomuser.me/, headers={},                     cookies={}, auth=None, timeout=None, proxies=None, verify=False,                     debug=0 </msg>
<arg>consultarAPI</arg>
<arg>${URL}</arg>
<doc>Create Session: create a HTTP session to a server</doc>
<status status="PASS" start="2024-04-23T06:20:13.959443" elapsed="0.000387"/>
</kw>
<status status="PASS" start="2024-04-23T06:20:13.958422" elapsed="0.001769"/>
</kw>
<status status="PASS" start="2024-04-23T06:20:13.957804" elapsed="0.002579"/>
</test>
<test id="s1-s1-t2" name="Validar retorno 200 e JSON Válido" line="16">
<kw name="Teste de Requisicao Basica" owner="random-user-service">
<kw name="GET On Session" owner="RequestsLibrary">
<msg time="2024-04-23T06:20:14.040079" level="INFO">GET Request : url=https://randomuser.me/api 
 path_url=/api 
 headers={'User-Agent': 'python-requests/2.31.0', 'Accept-Encoding': 'gzip, deflate', 'Accept': '*/*', 'Connection': 'keep-alive'} 
 body=None 
 </msg>
<msg time="2024-04-23T06:20:14.040261" level="INFO">GET Response : url=https://randomuser.me/api 
 status=200, reason=OK 
 headers={'Date': 'Tue, 23 Apr 2024 06:20:14 GMT', 'Content-Type': 'application/json; charset=utf-8', 'Transfer-Encoding': 'chunked', 'Connection': 'keep-alive', 'X-Powered-By': 'Express', 'Access-Control-Allow-Origin': '*', 'Cache-Control': 'no-cache', 'ETag': 'W/"493-s7n4cocQwXMLskanLU1caLWrSrg"', 'Vary': 'Accept-Encoding', 'Content-Encoding': 'gzip', 'CF-Cache-Status': 'DYNAMIC', 'Report-To': '{"endpoints":[{"url":"https:\\/\\/a.nel.cloudflare.com\\/report\\/v4?s=ZdbFFCNI5VqojnKPtgXZBP24cFdM2dFJewFNankHVl2QPK57EVdAWATVBtJo145AOygtF4uTfK741IXky2olhXW9JsMi1mpe8LY2ii7bcV6TXyM7FwTXVGEwoWKvqqgu"}],"group":"cf-nel","max_age":604800}', 'NEL': '{"success_fraction":0,"report_to":"cf-nel","max_age":604800}', 'Server': 'cloudflare', 'CF-RAY': '878bbf1b8d266fa1-IAD', 'alt-svc': 'h3=":443"; ma=86400'} 
 body={"results":[{"gender":"female","name":{"title":"Ms","first":"Brooke","last":"Brown"},"location":{"street":{"number":9897,"name":"Seymour Street"},"city":"Blenheim","state":"Canterbury","country":"New Zealand","postcode":70055,"coordinates":{"latitude":"51.4632","longitude":"165.1001"},"timezone":{"offset":"-6:00","description":"Central Time (US &amp; Canada), Mexico City"}},"email":"brooke.brown@example.com","login":{"uuid":"20e3fc12-a969-4525-b2e2-7dccf9578b42","username":"bigkoala832","password":"trailer","salt":"LyKtjvmk","md5":"04d3b8e2a92a6bfc0ce08b6aa815379f","sha1":"ee496e3b8bd77c15941e17f91cdb8f4c4f0018e6","sha256":"aee93d767fe60a952b68068c68c16bf569be8eaa53143cb4020c1cc8b7f4b59f"},"dob":{"date":"1987-06-17T08:11:55.245Z","age":36},"registered":{"date":"2017-05-29T00:30:55.682Z","age":6},"phone":"(534)-572-1884","cell":"(277)-118-6816","id":{"name":"","value":null},"picture":{"large":"https://randomuser.me/api/portraits/women/92.jpg","medium":"https://randomuser.me/api/portraits/med/women/92.jpg","thumbnail":"https://randomuser.me/api/portraits/thumb/women/92.jpg"},"nat":"NZ"}],"info":{"seed":"d699fca5d13c12b8","results":1,"page":1,"version":"1.4"}} 
 </msg>
<msg time="2024-04-23T06:20:14.040367" level="INFO">/opt/hostedtoolcache/Python/3.12.3/x64/lib/python3.12/site-packages/urllib3/connectionpool.py:1103: InsecureRequestWarning: Unverified HTTPS request is being made to host 'randomuser.me'. Adding certificate verification is strongly advised. See: https://urllib3.readthedocs.io/en/latest/advanced-usage.html#tls-warnings
  warnings.warn(</msg>
<msg time="2024-04-23T06:20:14.040541" level="INFO">${response} = &lt;Response [200]&gt;</msg>
<var>${response}</var>
<arg>consultarAPI</arg>
<arg>/api</arg>
<doc>Sends a GET request on a previously created HTTP Session.</doc>
<status status="PASS" start="2024-04-23T06:20:13.963069" elapsed="0.077513"/>
</kw>
<kw name="Should Be Equal As Numbers" owner="BuiltIn">
<msg time="2024-04-23T06:20:14.041531" level="INFO">Argument types are:
&lt;class 'int'&gt;
&lt;class 'str'&gt;</msg>
<arg>${response.status_code}</arg>
<arg>200</arg>
<doc>Fails if objects are unequal after converting them to real numbers.</doc>
<status status="PASS" start="2024-04-23T06:20:14.041081" elapsed="0.000514"/>
</kw>
<kw name="Log" owner="BuiltIn">
<msg time="2024-04-23T06:20:14.042284" level="INFO">200</msg>
<arg>${response.status_code}</arg>
<doc>Logs the given message with the given level.</doc>
<status status="PASS" start="2024-04-23T06:20:14.041933" elapsed="0.000394"/>
</kw>
<kw name="Set Variable" owner="BuiltIn">
<msg time="2024-04-23T06:20:14.043073" level="INFO">${json_data} = {'results': [{'gender': 'female', 'name': {'title': 'Ms', 'first': 'Brooke', 'last': 'Brown'}, 'location': {'street': {'number': 9897, 'name': 'Seymour Street'}, 'city': 'Blenheim', 'state': 'Canterbu...</msg>
<var>${json_data}</var>
<arg>${response.json()}</arg>
<doc>Returns the given values which can then be assigned to a variables.</doc>
<status status="PASS" start="2024-04-23T06:20:14.042633" elapsed="0.000469"/>
</kw>
<kw name="Dictionary Should Contain Key" owner="Collections">
<msg time="2024-04-23T06:20:14.043595" level="INFO">False</msg>
<arg>${json_data}</arg>
<arg>results</arg>
<doc>Fails if ``key`` is not found from ``dictionary``.</doc>
<status status="PASS" start="2024-04-23T06:20:14.043428" elapsed="0.000206"/>
</kw>
<status status="PASS" start="2024-04-23T06:20:13.962820" elapsed="0.081073"/>
</kw>
<doc>Testa se a API responde corretamente e retorna um objeto JSON válido.</doc>
<tag>testeRequisicaoBasica</tag>
<status status="PASS" start="2024-04-23T06:20:13.962258" elapsed="0.081816"/>
</test>
<test id="s1-s1-t3" name="Validar estrutura de resposta" line="22">
<kw name="Teste de Estrutura de Resposta" owner="random-user-service">
<kw name="GET On Session" owner="RequestsLibrary">
<msg time="2024-04-23T06:20:14.142112" level="INFO">GET Request : url=https://randomuser.me/api 
 path_url=/api 
 headers={'User-Agent': 'python-requests/2.31.0', 'Accept-Encoding': 'gzip, deflate', 'Accept': '*/*', 'Connection': 'keep-alive'} 
 body=None 
 </msg>
<msg time="2024-04-23T06:20:14.142225" level="INFO">GET Response : url=https://randomuser.me/api 
 status=200, reason=OK 
 headers={'Date': 'Tue, 23 Apr 2024 06:20:14 GMT', 'Content-Type': 'application/json; charset=utf-8', 'Transfer-Encoding': 'chunked', 'Connection': 'keep-alive', 'X-Powered-By': 'Express', 'Access-Control-Allow-Origin': '*', 'Cache-Control': 'no-cache', 'ETag': 'W/"4a6-pBLNY1YSzq/FKQOa/yr+OKNAWtY"', 'Vary': 'Accept-Encoding', 'Content-Encoding': 'gzip', 'CF-Cache-Status': 'DYNAMIC', 'Report-To': '{"endpoints":[{"url":"https:\\/\\/a.nel.cloudflare.com\\/report\\/v4?s=7fKUGjO66jpDx782GucUESUZrgy5bABxyKhBsYpyMQugu20ZoGJ49k3VmjbnZ8hDh2zOtomJtx6M%2BtfaXbiRJ9MRp2hTffPAcaKH2yiRo9o7Yjijd17hOeVAdyGdWY%2FE"}],"group":"cf-nel","max_age":604800}', 'NEL': '{"success_fraction":0,"report_to":"cf-nel","max_age":604800}', 'Server': 'cloudflare', 'CF-RAY': '878bbf1bcd476fa1-IAD', 'alt-svc': 'h3=":443"; ma=86400'} 
 body={"results":[{"gender":"female","name":{"title":"Mrs","first":"Karolien","last":"Kranenborg"},"location":{"street":{"number":2448,"name":"Kruiskampsingel"},"city":"Avest","state":"Drenthe","country":"Netherlands","postcode":"0465 WA","coordinates":{"latitude":"35.5278","longitude":"159.4311"},"timezone":{"offset":"-3:00","description":"Brazil, Buenos Aires, Georgetown"}},"email":"karolien.kranenborg@example.com","login":{"uuid":"76553f00-2e34-4e8c-99af-cecc8cb54174","username":"yellowpeacock927","password":"nnnnnnn","salt":"3lp6FV2L","md5":"1bb4a5bf72e2ab73903a9ffcac43b59a","sha1":"9465222ae5566a61855c77ed8c5ca7ad8c72f503","sha256":"0fe17da116c11ed8edcd21110f9b83902d1eb66f2ec0bded932da2228aa45d20"},"dob":{"date":"1987-05-10T22:11:01.519Z","age":36},"registered":{"date":"2017-08-27T02:33:19.318Z","age":6},"phone":"(077) 3314251","cell":"(06) 44128813","id":{"name":"BSN","value":"43032436"},"picture":{"large":"https://randomuser.me/api/portraits/women/50.jpg","medium":"https://randomuser.me/api/portraits/med/women/50.jpg","thumbnail":"https://randomuser.me/api/portraits/thumb/women/50.jpg"},"nat":"NL"}],"info":{"seed":"20cc37698218cfd1","results":1,"page":1,"version":"1.4"}} 
 </msg>
<msg time="2024-04-23T06:20:14.142371" level="INFO">/opt/hostedtoolcache/Python/3.12.3/x64/lib/python3.12/site-packages/urllib3/connectionpool.py:1103: InsecureRequestWarning: Unverified HTTPS request is being made to host 'randomuser.me'. Adding certificate verification is strongly advised. See: https://urllib3.readthedocs.io/en/latest/advanced-usage.html#tls-warnings
  warnings.warn(</msg>
<msg time="2024-04-23T06:20:14.142534" level="INFO">${response} = &lt;Response [200]&gt;</msg>
<var>${response}</var>
<arg>consultarAPI</arg>
<arg>/api</arg>
<doc>Sends a GET request on a previously created HTTP Session.</doc>
<status status="PASS" start="2024-04-23T06:20:14.046780" elapsed="0.095803"/>
</kw>
<kw name="Set Variable" owner="BuiltIn">
<msg time="2024-04-23T06:20:14.143795" level="INFO">${json_data} = {'results': [{'gender': 'female', 'name': {'title': 'Mrs', 'first': 'Karolien', 'last': 'Kranenborg'}, 'location': {'street': {'number': 2448, 'name': 'Kruiskampsingel'}, 'city': 'Avest', 'state': 'Dr...</msg>
<var>${json_data}</var>
<arg>${response.json()}</arg>
<doc>Returns the given values which can then be assigned to a variables.</doc>
<status status="PASS" start="2024-04-23T06:20:14.143190" elapsed="0.000634"/>
</kw>
<kw name="Log" owner="BuiltIn">
<msg time="2024-04-23T06:20:14.144299" level="INFO">{'results': [{'gender': 'female', 'name': {'title': 'Mrs', 'first': 'Karolien', 'last': 'Kranenborg'}, 'location': {'street': {'number': 2448, 'name': 'Kruiskampsingel'}, 'city': 'Avest', 'state': 'Drenthe', 'country': 'Netherlands', 'postcode': '0465 WA', 'coordinates': {'latitude': '35.5278', 'longitude': '159.4311'}, 'timezone': {'offset': '-3:00', 'description': 'Brazil, Buenos Aires, Georgetown'}}, 'email': 'karolien.kranenborg@example.com', 'login': {'uuid': '76553f00-2e34-4e8c-99af-cecc8cb54174', 'username': 'yellowpeacock927', 'password': 'nnnnnnn', 'salt': '3lp6FV2L', 'md5': '1bb4a5bf72e2ab73903a9ffcac43b59a', 'sha1': '9465222ae5566a61855c77ed8c5ca7ad8c72f503', 'sha256': '0fe17da116c11ed8edcd21110f9b83902d1eb66f2ec0bded932da2228aa45d20'}, 'dob': {'date': '1987-05-10T22:11:01.519Z', 'age': 36}, 'registered': {'date': '2017-08-27T02:33:19.318Z', 'age': 6}, 'phone': '(077) 3314251', 'cell': '(06) 44128813', 'id': {'name': 'BSN', 'value': '43032436'}, 'picture': {'large': 'https://randomuser.me/api/portraits/women/50.jpg', 'medium': 'https://randomuser.me/api/portraits/med/women/50.jpg', 'thumbnail': 'https://randomuser.me/api/portraits/thumb/women/50.jpg'}, 'nat': 'NL'}], 'info': {'seed': '20cc37698218cfd1', 'results': 1, 'page': 1, 'version': '1.4'}}</msg>
<arg>${json_data}</arg>
<doc>Logs the given message with the given level.</doc>
<status status="PASS" start="2024-04-23T06:20:14.144138" elapsed="0.000210"/>
</kw>
<kw name="Dictionary Should Contain Key" owner="Collections">
<msg time="2024-04-23T06:20:14.144806" level="INFO">False</msg>
<arg>${json_data}</arg>
<arg>results</arg>
<doc>Fails if ``key`` is not found from ``dictionary``.</doc>
<status status="PASS" start="2024-04-23T06:20:14.144648" elapsed="0.000194"/>
</kw>
<kw name="Should Not Be Empty" owner="BuiltIn">
<msg time="2024-04-23T06:20:14.145268" level="INFO">Length is 2.</msg>
<arg>${json_data}</arg>
<doc>Verifies that the given item is not empty.</doc>
<status status="PASS" start="2024-04-23T06:20:14.145136" elapsed="0.000172"/>
</kw>
<kw name="Create List" owner="BuiltIn">
<msg time="2024-04-23T06:20:14.145923" level="INFO">${expected_keys} = ['gender', 'name', 'location', 'email', 'login']</msg>
<var>${expected_keys}</var>
<arg>gender</arg>
<arg>name</arg>
<arg>location</arg>
<arg>email</arg>
<arg>login</arg>
<doc>Returns a list containing given items.</doc>
<status status="PASS" start="2024-04-23T06:20:14.145610" elapsed="0.000338"/>
</kw>
<for flavor="IN">
<iter>
<kw name="Dictionary Should Contain Key" owner="Collections">
<msg time="2024-04-23T06:20:14.146950" level="INFO">False</msg>
<arg>${json_data['results'][0]}</arg>
<arg>${key}</arg>
<doc>Fails if ``key`` is not found from ``dictionary``.</doc>
<status status="PASS" start="2024-04-23T06:20:14.146547" elapsed="0.000441"/>
</kw>
<kw name="Log" owner="BuiltIn">
<msg time="2024-04-23T06:20:14.147704" level="INFO">{'gender': 'female', 'name': {'title': 'Mrs', 'first': 'Karolien', 'last': 'Kranenborg'}, 'location': {'street': {'number': 2448, 'name': 'Kruiskampsingel'}, 'city': 'Avest', 'state': 'Drenthe', 'country': 'Netherlands', 'postcode': '0465 WA', 'coordinates': {'latitude': '35.5278', 'longitude': '159.4311'}, 'timezone': {'offset': '-3:00', 'description': 'Brazil, Buenos Aires, Georgetown'}}, 'email': 'karolien.kranenborg@example.com', 'login': {'uuid': '76553f00-2e34-4e8c-99af-cecc8cb54174', 'username': 'yellowpeacock927', 'password': 'nnnnnnn', 'salt': '3lp6FV2L', 'md5': '1bb4a5bf72e2ab73903a9ffcac43b59a', 'sha1': '9465222ae5566a61855c77ed8c5ca7ad8c72f503', 'sha256': '0fe17da116c11ed8edcd21110f9b83902d1eb66f2ec0bded932da2228aa45d20'}, 'dob': {'date': '1987-05-10T22:11:01.519Z', 'age': 36}, 'registered': {'date': '2017-08-27T02:33:19.318Z', 'age': 6}, 'phone': '(077) 3314251', 'cell': '(06) 44128813', 'id': {'name': 'BSN', 'value': '43032436'}, 'picture': {'large': 'https://randomuser.me/api/portraits/women/50.jpg', 'medium': 'https://randomuser.me/api/portraits/med/women/50.jpg', 'thumbnail': 'https://randomuser.me/api/portraits/thumb/women/50.jpg'}, 'nat': 'NL'}</msg>
<arg>${json_data['results'][0]}</arg>
<doc>Logs the given message with the given level.</doc>
<status status="PASS" start="2024-04-23T06:20:14.147326" elapsed="0.000426"/>
</kw>
<kw name="Log" owner="BuiltIn">
<msg time="2024-04-23T06:20:14.148177" level="INFO">gender</msg>
<arg>${key}</arg>
<doc>Logs the given message with the given level.</doc>
<status status="PASS" start="2024-04-23T06:20:14.148050" elapsed="0.000164"/>
</kw>
<var name="${key}">gender</var>
<status status="PASS" start="2024-04-23T06:20:14.146419" elapsed="0.002008"/>
</iter>
<iter>
<kw name="Dictionary Should Contain Key" owner="Collections">
<msg time="2024-04-23T06:20:14.149140" level="INFO">False</msg>
<arg>${json_data['results'][0]}</arg>
<arg>${key}</arg>
<doc>Fails if ``key`` is not found from ``dictionary``.</doc>
<status status="PASS" start="2024-04-23T06:20:14.148736" elapsed="0.000441"/>
</kw>
<kw name="Log" owner="BuiltIn">
<msg time="2024-04-23T06:20:14.149861" level="INFO">{'gender': 'female', 'name': {'title': 'Mrs', 'first': 'Karolien', 'last': 'Kranenborg'}, 'location': {'street': {'number': 2448, 'name': 'Kruiskampsingel'}, 'city': 'Avest', 'state': 'Drenthe', 'country': 'Netherlands', 'postcode': '0465 WA', 'coordinates': {'latitude': '35.5278', 'longitude': '159.4311'}, 'timezone': {'offset': '-3:00', 'description': 'Brazil, Buenos Aires, Georgetown'}}, 'email': 'karolien.kranenborg@example.com', 'login': {'uuid': '76553f00-2e34-4e8c-99af-cecc8cb54174', 'username': 'yellowpeacock927', 'password': 'nnnnnnn', 'salt': '3lp6FV2L', 'md5': '1bb4a5bf72e2ab73903a9ffcac43b59a', 'sha1': '9465222ae5566a61855c77ed8c5ca7ad8c72f503', 'sha256': '0fe17da116c11ed8edcd21110f9b83902d1eb66f2ec0bded932da2228aa45d20'}, 'dob': {'date': '1987-05-10T22:11:01.519Z', 'age': 36}, 'registered': {'date': '2017-08-27T02:33:19.318Z', 'age': 6}, 'phone': '(077) 3314251', 'cell': '(06) 44128813', 'id': {'name': 'BSN', 'value': '43032436'}, 'picture': {'large': 'https://randomuser.me/api/portraits/women/50.jpg', 'medium': 'https://randomuser.me/api/portraits/med/women/50.jpg', 'thumbnail': 'https://randomuser.me/api/portraits/thumb/women/50.jpg'}, 'nat': 'NL'}</msg>
<arg>${json_data['results'][0]}</arg>
<doc>Logs the given message with the given level.</doc>
<status status="PASS" start="2024-04-23T06:20:14.149500" elapsed="0.000408"/>
</kw>
<kw name="Log" owner="BuiltIn">
<msg time="2024-04-23T06:20:14.150330" level="INFO">name</msg>
<arg>${key}</arg>
<doc>Logs the given message with the given level.</doc>
<status status="PASS" start="2024-04-23T06:20:14.150204" elapsed="0.000164"/>
</kw>
<var name="${key}">name</var>
<status status="PASS" start="2024-04-23T06:20:14.148618" elapsed="0.001964"/>
</iter>
<iter>
<kw name="Dictionary Should Contain Key" owner="Collections">
<msg time="2024-04-23T06:20:14.151262" level="INFO">False</msg>
<arg>${json_data['results'][0]}</arg>
<arg>${key}</arg>
<doc>Fails if ``key`` is not found from ``dictionary``.</doc>
<status status="PASS" start="2024-04-23T06:20:14.150872" elapsed="0.000462"/>
</kw>
<kw name="Log" owner="BuiltIn">
<msg time="2024-04-23T06:20:14.151999" level="INFO">{'gender': 'female', 'name': {'title': 'Mrs', 'first': 'Karolien', 'last': 'Kranenborg'}, 'location': {'street': {'number': 2448, 'name': 'Kruiskampsingel'}, 'city': 'Avest', 'state': 'Drenthe', 'country': 'Netherlands', 'postcode': '0465 WA', 'coordinates': {'latitude': '35.5278', 'longitude': '159.4311'}, 'timezone': {'offset': '-3:00', 'description': 'Brazil, Buenos Aires, Georgetown'}}, 'email': 'karolien.kranenborg@example.com', 'login': {'uuid': '76553f00-2e34-4e8c-99af-cecc8cb54174', 'username': 'yellowpeacock927', 'password': 'nnnnnnn', 'salt': '3lp6FV2L', 'md5': '1bb4a5bf72e2ab73903a9ffcac43b59a', 'sha1': '9465222ae5566a61855c77ed8c5ca7ad8c72f503', 'sha256': '0fe17da116c11ed8edcd21110f9b83902d1eb66f2ec0bded932da2228aa45d20'}, 'dob': {'date': '1987-05-10T22:11:01.519Z', 'age': 36}, 'registered': {'date': '2017-08-27T02:33:19.318Z', 'age': 6}, 'phone': '(077) 3314251', 'cell': '(06) 44128813', 'id': {'name': 'BSN', 'value': '43032436'}, 'picture': {'large': 'https://randomuser.me/api/portraits/women/50.jpg', 'medium': 'https://randomuser.me/api/portraits/med/women/50.jpg', 'thumbnail': 'https://randomuser.me/api/portraits/thumb/women/50.jpg'}, 'nat': 'NL'}</msg>
<arg>${json_data['results'][0]}</arg>
<doc>Logs the given message with the given level.</doc>
<status status="PASS" start="2024-04-23T06:20:14.151640" elapsed="0.000406"/>
</kw>
<kw name="Log" owner="BuiltIn">
<msg time="2024-04-23T06:20:14.152459" level="INFO">location</msg>
<arg>${key}</arg>
<doc>Logs the given message with the given level.</doc>
<status status="PASS" start="2024-04-23T06:20:14.152335" elapsed="0.000162"/>
</kw>
<var name="${key}">location</var>
<status status="PASS" start="2024-04-23T06:20:14.150760" elapsed="0.001952"/>
</iter>
<iter>
<kw name="Dictionary Should Contain Key" owner="Collections">
<msg time="2024-04-23T06:20:14.153382" level="INFO">False</msg>
<arg>${json_data['results'][0]}</arg>
<arg>${key}</arg>
<doc>Fails if ``key`` is not found from ``dictionary``.</doc>
<status status="PASS" start="2024-04-23T06:20:14.152998" elapsed="0.000422"/>
</kw>
<kw name="Log" owner="BuiltIn">
<msg time="2024-04-23T06:20:14.154090" level="INFO">{'gender': 'female', 'name': {'title': 'Mrs', 'first': 'Karolien', 'last': 'Kranenborg'}, 'location': {'street': {'number': 2448, 'name': 'Kruiskampsingel'}, 'city': 'Avest', 'state': 'Drenthe', 'country': 'Netherlands', 'postcode': '0465 WA', 'coordinates': {'latitude': '35.5278', 'longitude': '159.4311'}, 'timezone': {'offset': '-3:00', 'description': 'Brazil, Buenos Aires, Georgetown'}}, 'email': 'karolien.kranenborg@example.com', 'login': {'uuid': '76553f00-2e34-4e8c-99af-cecc8cb54174', 'username': 'yellowpeacock927', 'password': 'nnnnnnn', 'salt': '3lp6FV2L', 'md5': '1bb4a5bf72e2ab73903a9ffcac43b59a', 'sha1': '9465222ae5566a61855c77ed8c5ca7ad8c72f503', 'sha256': '0fe17da116c11ed8edcd21110f9b83902d1eb66f2ec0bded932da2228aa45d20'}, 'dob': {'date': '1987-05-10T22:11:01.519Z', 'age': 36}, 'registered': {'date': '2017-08-27T02:33:19.318Z', 'age': 6}, 'phone': '(077) 3314251', 'cell': '(06) 44128813', 'id': {'name': 'BSN', 'value': '43032436'}, 'picture': {'large': 'https://randomuser.me/api/portraits/women/50.jpg', 'medium': 'https://randomuser.me/api/portraits/med/women/50.jpg', 'thumbnail': 'https://randomuser.me/api/portraits/thumb/women/50.jpg'}, 'nat': 'NL'}</msg>
<arg>${json_data['results'][0]}</arg>
<doc>Logs the given message with the given level.</doc>
<status status="PASS" start="2024-04-23T06:20:14.153722" elapsed="0.000415"/>
</kw>
<kw name="Log" owner="BuiltIn">
<msg time="2024-04-23T06:20:14.154555" level="INFO">email</msg>
<arg>${key}</arg>
<doc>Logs the given message with the given level.</doc>
<status status="PASS" start="2024-04-23T06:20:14.154428" elapsed="0.000164"/>
</kw>
<var name="${key}">email</var>
<status status="PASS" start="2024-04-23T06:20:14.152886" elapsed="0.001924"/>
</iter>
<iter>
<kw name="Dictionary Should Contain Key" owner="Collections">
<msg time="2024-04-23T06:20:14.155519" level="INFO">False</msg>
<arg>${json_data['results'][0]}</arg>
<arg>${key}</arg>
<doc>Fails if ``key`` is not found from ``dictionary``.</doc>
<status status="PASS" start="2024-04-23T06:20:14.155097" elapsed="0.000459"/>
</kw>
<kw name="Log" owner="BuiltIn">
<msg time="2024-04-23T06:20:14.156227" level="INFO">{'gender': 'female', 'name': {'title': 'Mrs', 'first': 'Karolien', 'last': 'Kranenborg'}, 'location': {'street': {'number': 2448, 'name': 'Kruiskampsingel'}, 'city': 'Avest', 'state': 'Drenthe', 'country': 'Netherlands', 'postcode': '0465 WA', 'coordinates': {'latitude': '35.5278', 'longitude': '159.4311'}, 'timezone': {'offset': '-3:00', 'description': 'Brazil, Buenos Aires, Georgetown'}}, 'email': 'karolien.kranenborg@example.com', 'login': {'uuid': '76553f00-2e34-4e8c-99af-cecc8cb54174', 'username': 'yellowpeacock927', 'password': 'nnnnnnn', 'salt': '3lp6FV2L', 'md5': '1bb4a5bf72e2ab73903a9ffcac43b59a', 'sha1': '9465222ae5566a61855c77ed8c5ca7ad8c72f503', 'sha256': '0fe17da116c11ed8edcd21110f9b83902d1eb66f2ec0bded932da2228aa45d20'}, 'dob': {'date': '1987-05-10T22:11:01.519Z', 'age': 36}, 'registered': {'date': '2017-08-27T02:33:19.318Z', 'age': 6}, 'phone': '(077) 3314251', 'cell': '(06) 44128813', 'id': {'name': 'BSN', 'value': '43032436'}, 'picture': {'large': 'https://randomuser.me/api/portraits/women/50.jpg', 'medium': 'https://randomuser.me/api/portraits/med/women/50.jpg', 'thumbnail': 'https://randomuser.me/api/portraits/thumb/women/50.jpg'}, 'nat': 'NL'}</msg>
<arg>${json_data['results'][0]}</arg>
<doc>Logs the given message with the given level.</doc>
<status status="PASS" start="2024-04-23T06:20:14.155855" elapsed="0.000420"/>
</kw>
<kw name="Log" owner="BuiltIn">
<msg time="2024-04-23T06:20:14.156692" level="INFO">login</msg>
<arg>${key}</arg>
<doc>Logs the given message with the given level.</doc>
<status status="PASS" start="2024-04-23T06:20:14.156566" elapsed="0.000193"/>
</kw>
<var name="${key}">login</var>
<status status="PASS" start="2024-04-23T06:20:14.154985" elapsed="0.001995"/>
</iter>
<var>${key}</var>
<value>@{expected_keys}</value>
<status status="PASS" start="2024-04-23T06:20:14.146220" elapsed="0.010878"/>
</for>
<kw name="Create List" owner="BuiltIn">
<msg time="2024-04-23T06:20:14.157429" level="INFO">${expected_keysTwo} = ['username', 'password']</msg>
<var>${expected_keysTwo}</var>
<arg>username</arg>
<arg>password</arg>
<doc>Returns a list containing given items.</doc>
<status status="PASS" start="2024-04-23T06:20:14.157292" elapsed="0.000161"/>
</kw>
<for flavor="IN">
<iter>
<kw name="Dictionary Should Contain Key" owner="Collections">
<msg time="2024-04-23T06:20:14.158342" level="INFO">False</msg>
<arg>${json_data['results'][0]['login']}</arg>
<arg>${keyTwo}</arg>
<doc>Fails if ``key`` is not found from ``dictionary``.</doc>
<status status="PASS" start="2024-04-23T06:20:14.157954" elapsed="0.000425"/>
</kw>
<kw name="Dictionary Should Contain Key" owner="Collections">
<msg time="2024-04-23T06:20:14.159064" level="INFO">False</msg>
<arg>${json_data['results'][0]['login']}</arg>
<arg>${keyTwo}</arg>
<doc>Fails if ``key`` is not found from ``dictionary``.</doc>
<status status="PASS" start="2024-04-23T06:20:14.158672" elapsed="0.000430"/>
</kw>
<kw name="Log" owner="BuiltIn">
<msg time="2024-04-23T06:20:14.159557" level="INFO">username</msg>
<arg>${keyTwo}</arg>
<doc>Logs the given message with the given level.</doc>
<status status="PASS" start="2024-04-23T06:20:14.159429" elapsed="0.000172"/>
</kw>
<var name="${keyTwo}">username</var>
<status status="PASS" start="2024-04-23T06:20:14.157844" elapsed="0.001972"/>
</iter>
<iter>
<kw name="Dictionary Should Contain Key" owner="Collections">
<msg time="2024-04-23T06:20:14.160486" level="INFO">False</msg>
<arg>${json_data['results'][0]['login']}</arg>
<arg>${keyTwo}</arg>
<doc>Fails if ``key`` is not found from ``dictionary``.</doc>
<status status="PASS" start="2024-04-23T06:20:14.160095" elapsed="0.000434"/>
</kw>
<kw name="Dictionary Should Contain Key" owner="Collections">
<msg time="2024-04-23T06:20:14.161291" level="INFO">False</msg>
<arg>${json_data['results'][0]['login']}</arg>
<arg>${keyTwo}</arg>
<doc>Fails if ``key`` is not found from ``dictionary``.</doc>
<status status="PASS" start="2024-04-23T06:20:14.160834" elapsed="0.000498"/>
</kw>
<kw name="Log" owner="BuiltIn">
<msg time="2024-04-23T06:20:14.161759" level="INFO">password</msg>
<arg>${keyTwo}</arg>
<doc>Logs the given message with the given level.</doc>
<status status="PASS" start="2024-04-23T06:20:14.161632" elapsed="0.000165"/>
</kw>
<var name="${keyTwo}">password</var>
<status status="PASS" start="2024-04-23T06:20:14.159985" elapsed="0.002025"/>
</iter>
<var>${keyTwo}</var>
<value>@{expected_keysTwo}</value>
<status status="PASS" start="2024-04-23T06:20:14.157690" elapsed="0.004440"/>
</for>
<status status="PASS" start="2024-04-23T06:20:14.046541" elapsed="0.115731"/>
</kw>
<doc>Testa a estrutura da resposta da API.</doc>
<tag>testeEstruturaResposta</tag>
<status status="PASS" start="2024-04-23T06:20:14.045939" elapsed="0.116489"/>
</test>
<test id="s1-s1-t4" name="Validar tipos de dados" line="28">
<kw name="Teste de Tipos de Dados" owner="random-user-service">
<kw name="GET On Session" owner="RequestsLibrary">
<msg time="2024-04-23T06:20:14.237204" level="INFO">GET Request : url=https://randomuser.me/api 
 path_url=/api 
 headers={'User-Agent': 'python-requests/2.31.0', 'Accept-Encoding': 'gzip, deflate', 'Accept': '*/*', 'Connection': 'keep-alive'} 
 body=None 
 </msg>
<msg time="2024-04-23T06:20:14.237294" level="INFO">GET Response : url=https://randomuser.me/api 
 status=200, reason=OK 
 headers={'Date': 'Tue, 23 Apr 2024 06:20:14 GMT', 'Content-Type': 'application/json; charset=utf-8', 'Transfer-Encoding': 'chunked', 'Connection': 'keep-alive', 'X-Powered-By': 'Express', 'Access-Control-Allow-Origin': '*', 'Cache-Control': 'no-cache', 'ETag': 'W/"491-zkzVx/NlHiRoQKGMVSD+vsuiO2U"', 'Vary': 'Accept-Encoding', 'Content-Encoding': 'gzip', 'CF-Cache-Status': 'DYNAMIC', 'Report-To': '{"endpoints":[{"url":"https:\\/\\/a.nel.cloudflare.com\\/report\\/v4?s=F1BU9GwxZpsvwXEiyhcd4gzOJiU5ofaoWJsPk9AmKM8nVFdKpnAPmlmTtaDD58HvQIiChCZosqgp6eYmRaSEen5VMSGSwS5HoqkglGshEr8amp8MkJM14AVbAcaWrA71"}],"group":"cf-nel","max_age":604800}', 'NEL': '{"success_fraction":0,"report_to":"cf-nel","max_age":604800}', 'Server': 'cloudflare', 'CF-RAY': '878bbf1c8daa6fa1-IAD', 'alt-svc': 'h3=":443"; ma=86400'} 
 body={"results":[{"gender":"female","name":{"title":"Mrs","first":"Abigail","last":"Wood"},"location":{"street":{"number":2668,"name":"Queen Street"},"city":"Tauranga","state":"West Coast","country":"New Zealand","postcode":36392,"coordinates":{"latitude":"48.6567","longitude":"105.5004"},"timezone":{"offset":"-4:00","description":"Atlantic Time (Canada), Caracas, La Paz"}},"email":"abigail.wood@example.com","login":{"uuid":"0f844bcf-4845-4bfc-913b-cf4b6047724c","username":"sadrabbit956","password":"cindy","salt":"IqwU8Vff","md5":"fd853dc3722e4b59efd3b94d90531656","sha1":"849839b599ffe29f87eb295d95b90c3213f7112d","sha256":"ea984dce642fc713c61ad116bb379c40e62c0137c698ca3495a88c74aee44dea"},"dob":{"date":"1961-05-30T09:19:09.118Z","age":62},"registered":{"date":"2016-08-14T15:46:30.527Z","age":7},"phone":"(024)-412-7449","cell":"(232)-751-4004","id":{"name":"","value":null},"picture":{"large":"https://randomuser.me/api/portraits/women/40.jpg","medium":"https://randomuser.me/api/portraits/med/women/40.jpg","thumbnail":"https://randomuser.me/api/portraits/thumb/women/40.jpg"},"nat":"NZ"}],"info":{"seed":"ebcfb9b975cb8b99","results":1,"page":1,"version":"1.4"}} 
 </msg>
<msg time="2024-04-23T06:20:14.237370" level="INFO">/opt/hostedtoolcache/Python/3.12.3/x64/lib/python3.12/site-packages/urllib3/connectionpool.py:1103: InsecureRequestWarning: Unverified HTTPS request is being made to host 'randomuser.me'. Adding certificate verification is strongly advised. See: https://urllib3.readthedocs.io/en/latest/advanced-usage.html#tls-warnings
  warnings.warn(</msg>
<msg time="2024-04-23T06:20:14.237490" level="INFO">${response} = &lt;Response [200]&gt;</msg>
<var>${response}</var>
<arg>consultarAPI</arg>
<arg>/api</arg>
<doc>Sends a GET request on a previously created HTTP Session.</doc>
<status status="PASS" start="2024-04-23T06:20:14.165051" elapsed="0.072483"/>
</kw>
<kw name="Set Variable" owner="BuiltIn">
<msg time="2024-04-23T06:20:14.238500" level="INFO">${json_data} = {'results': [{'gender': 'female', 'name': {'title': 'Mrs', 'first': 'Abigail', 'last': 'Wood'}, 'location': {'street': {'number': 2668, 'name': 'Queen Street'}, 'city': 'Tauranga', 'state': 'West Coas...</msg>
<var>${json_data}</var>
<arg>${response.json()}</arg>
<doc>Returns the given values which can then be assigned to a variables.</doc>
<status status="PASS" start="2024-04-23T06:20:14.238033" elapsed="0.000495"/>
</kw>
<kw name="Log" owner="BuiltIn">
<msg time="2024-04-23T06:20:14.238984" level="INFO">{'results': [{'gender': 'female', 'name': {'title': 'Mrs', 'first': 'Abigail', 'last': 'Wood'}, 'location': {'street': {'number': 2668, 'name': 'Queen Street'}, 'city': 'Tauranga', 'state': 'West Coast', 'country': 'New Zealand', 'postcode': 36392, 'coordinates': {'latitude': '48.6567', 'longitude': '105.5004'}, 'timezone': {'offset': '-4:00', 'description': 'Atlantic Time (Canada), Caracas, La Paz'}}, 'email': 'abigail.wood@example.com', 'login': {'uuid': '0f844bcf-4845-4bfc-913b-cf4b6047724c', 'username': 'sadrabbit956', 'password': 'cindy', 'salt': 'IqwU8Vff', 'md5': 'fd853dc3722e4b59efd3b94d90531656', 'sha1': '849839b599ffe29f87eb295d95b90c3213f7112d', 'sha256': 'ea984dce642fc713c61ad116bb379c40e62c0137c698ca3495a88c74aee44dea'}, 'dob': {'date': '1961-05-30T09:19:09.118Z', 'age': 62}, 'registered': {'date': '2016-08-14T15:46:30.527Z', 'age': 7}, 'phone': '(024)-412-7449', 'cell': '(232)-751-4004', 'id': {'name': '', 'value': None}, 'picture': {'large': 'https://randomuser.me/api/portraits/women/40.jpg', 'medium': 'https://randomuser.me/api/portraits/med/women/40.jpg', 'thumbnail': 'https://randomuser.me/api/portraits/thumb/women/40.jpg'}, 'nat': 'NZ'}], 'info': {'seed': 'ebcfb9b975cb8b99', 'results': 1, 'page': 1, 'version': '1.4'}}</msg>
<arg>${json_data}</arg>
<doc>Logs the given message with the given level.</doc>
<status status="PASS" start="2024-04-23T06:20:14.238832" elapsed="0.000233"/>
</kw>
<kw name="Should Be String" owner="String">
<arg>${json_data['results'][0]['gender']}</arg>
<doc>Fails if the given ``item`` is not a string.</doc>
<status status="PASS" start="2024-04-23T06:20:14.239405" elapsed="0.000370"/>
</kw>
<kw name="Should Match Regexp" owner="BuiltIn">
<arg>${json_data['results'][0]['email']}</arg>
<arg>^[a-zA-Z0-9._%+-]+@[a-zA-Z0-9.-]+\.[a-zA-Z]{2,}$</arg>
<doc>Fails if ``string`` does not match ``pattern`` as a regular expression.</doc>
<status status="PASS" start="2024-04-23T06:20:14.239968" elapsed="0.000511"/>
</kw>
<kw name="Should Match Regexp" owner="BuiltIn">
<arg>${json_data['results'][0]['dob']['date']}</arg>
<arg>\\d{4}-\\d{2}-\\d{2}T\\d{2}:\\d{2}:\\d{2}\\.\\d{3}Z</arg>
<doc>Fails if ``string`` does not match ``pattern`` as a regular expression.</doc>
<status status="PASS" start="2024-04-23T06:20:14.240674" elapsed="0.000493"/>
</kw>
<kw name="Should Match Regexp" owner="BuiltIn">
<arg>${json_data['results'][0]['registered']['date']}</arg>
<arg>\\d{4}-\\d{2}-\\d{2}T\\d{2}:\\d{2}:\\d{2}\\.\\d{3}Z</arg>
<doc>Fails if ``string`` does not match ``pattern`` as a regular expression.</doc>
<status status="PASS" start="2024-04-23T06:20:14.241361" elapsed="0.000371"/>
</kw>
<kw name="Should Match Regexp" owner="BuiltIn">
<arg>${json_data['results'][0]['picture']['large']}</arg>
<arg>^https?://.*\.(?:png|jpe?g|gif|bmp)$</arg>
<doc>Fails if ``string`` does not match ``pattern`` as a regular expression.</doc>
<status status="PASS" start="2024-04-23T06:20:14.241918" elapsed="0.000456"/>
</kw>
<kw name="Should Match Regexp" owner="BuiltIn">
<arg>${json_data['results'][0]['picture']['medium']}</arg>
<arg>^https?://.*\.(?:png|jpe?g|gif|bmp)$</arg>
<doc>Fails if ``string`` does not match ``pattern`` as a regular expression.</doc>
<status status="PASS" start="2024-04-23T06:20:14.242567" elapsed="0.000367"/>
</kw>
<kw name="Should Match Regexp" owner="BuiltIn">
<arg>${json_data['results'][0]['picture']['thumbnail']}</arg>
<arg>^https?://.*\.(?:png|jpe?g|gif|bmp)$</arg>
<doc>Fails if ``string`` does not match ``pattern`` as a regular expression.</doc>
<status status="PASS" start="2024-04-23T06:20:14.243123" elapsed="0.000388"/>
</kw>
<kw name="Log" owner="BuiltIn">
<msg time="2024-04-23T06:20:14.244016" level="INFO">{'large': 'https://randomuser.me/api/portraits/women/40.jpg', 'medium': 'https://randomuser.me/api/portraits/med/women/40.jpg', 'thumbnail': 'https://randomuser.me/api/portraits/thumb/women/40.jpg'}</msg>
<arg>${json_data['results'][0]['picture']}</arg>
<doc>Logs the given message with the given level.</doc>
<status status="PASS" start="2024-04-23T06:20:14.243693" elapsed="0.000364"/>
</kw>
<status status="PASS" start="2024-04-23T06:20:14.164821" elapsed="0.079489"/>
</kw>
<kw name="Teste de Tipos de Dados - Postcode" owner="random-user-service">
<kw name="GET On Session" owner="RequestsLibrary">
<msg time="2024-04-23T06:20:14.339571" level="INFO">GET Request : url=https://randomuser.me/api 
 path_url=/api 
 headers={'User-Agent': 'python-requests/2.31.0', 'Accept-Encoding': 'gzip, deflate', 'Accept': '*/*', 'Connection': 'keep-alive'} 
 body=None 
 </msg>
<msg time="2024-04-23T06:20:14.339680" level="INFO">GET Response : url=https://randomuser.me/api 
 status=200, reason=OK 
 headers={'Date': 'Tue, 23 Apr 2024 06:20:14 GMT', 'Content-Type': 'application/json; charset=utf-8', 'Transfer-Encoding': 'chunked', 'Connection': 'keep-alive', 'X-Powered-By': 'Express', 'Access-Control-Allow-Origin': '*', 'Cache-Control': 'no-cache', 'ETag': 'W/"47e-55ehLLNSOYeb3DC667XSuXt8v9Y"', 'Vary': 'Accept-Encoding', 'Content-Encoding': 'gzip', 'CF-Cache-Status': 'DYNAMIC', 'Report-To': '{"endpoints":[{"url":"https:\\/\\/a.nel.cloudflare.com\\/report\\/v4?s=9R7L4vGLtyWzAnFauuEE5rnts3rruyxmcpVYMwJ3U0mE%2FWRHppIr5m1CUWSSJ5%2F5sV1INIah0clZn1ygunQhHFNF8%2BRDSzRlrs1BxmMd1uBzb3Kysi%2BljhlBsosWzGvk"}],"group":"cf-nel","max_age":604800}', 'NEL': '{"success_fraction":0,"report_to":"cf-nel","max_age":604800}', 'Server': 'cloudflare', 'CF-RAY': '878bbf1d0df46fa1-IAD', 'alt-svc': 'h3=":443"; ma=86400'} 
 body={"results":[{"gender":"male","name":{"title":"Mr","first":"Pranav","last":"Bhat"},"location":{"street":{"number":4272,"name":"Somwar Peth"},"city":"Panihati","state":"Nagaland","country":"India","postcode":40224,"coordinates":{"latitude":"7.0578","longitude":"-118.5945"},"timezone":{"offset":"-3:00","description":"Brazil, Buenos Aires, Georgetown"}},"email":"pranav.bhat@example.com","login":{"uuid":"b256ebb5-8109-4986-98ec-24ef28018dd1","username":"tinypeacock268","password":"leon","salt":"IfcLLGyJ","md5":"1dc2394efceb80be9af3c07d04e2076e","sha1":"3d4220a33d24264d0ab4a743682f034a1a068248","sha256":"223f73a116a76bc2685321ab2750e78338d664c7b111ab2a56cebf4edf04746d"},"dob":{"date":"1959-03-04T15:02:33.656Z","age":65},"registered":{"date":"2020-02-13T03:01:48.410Z","age":4},"phone":"7500588030","cell":"9354752600","id":{"name":"UIDAI","value":"213032768378"},"picture":{"large":"https://randomuser.me/api/portraits/men/99.jpg","medium":"https://randomuser.me/api/portraits/med/men/99.jpg","thumbnail":"https://randomuser.me/api/portraits/thumb/men/99.jpg"},"nat":"IN"}],"info":{"seed":"699c440a1bae76f2","results":1,"page":1,"version":"1.4"}} 
 </msg>
<msg time="2024-04-23T06:20:14.339764" level="INFO">/opt/hostedtoolcache/Python/3.12.3/x64/lib/python3.12/site-packages/urllib3/connectionpool.py:1103: InsecureRequestWarning: Unverified HTTPS request is being made to host 'randomuser.me'. Adding certificate verification is strongly advised. See: https://urllib3.readthedocs.io/en/latest/advanced-usage.html#tls-warnings
  warnings.warn(</msg>
<msg time="2024-04-23T06:20:14.339900" level="INFO">${response} = &lt;Response [200]&gt;</msg>
<var>${response}</var>
<arg>consultarAPI</arg>
<arg>/api</arg>
<doc>Sends a GET request on a previously created HTTP Session.</doc>
<status status="PASS" start="2024-04-23T06:20:14.244759" elapsed="0.095191"/>
</kw>
<kw name="Set Variable" owner="BuiltIn">
<msg time="2024-04-23T06:20:14.340980" level="INFO">${json_data} = {'results': [{'gender': 'male', 'name': {'title': 'Mr', 'first': 'Pranav', 'last': 'Bhat'}, 'location': {'street': {'number': 4272, 'name': 'Somwar Peth'}, 'city': 'Panihati', 'state': 'Nagaland', 'co...</msg>
<var>${json_data}</var>
<arg>${response.json()}</arg>
<doc>Returns the given values which can then be assigned to a variables.</doc>
<status status="PASS" start="2024-04-23T06:20:14.340472" elapsed="0.000536"/>
</kw>
<kw name="Log" owner="BuiltIn">
<msg time="2024-04-23T06:20:14.341471" level="INFO">{'results': [{'gender': 'male', 'name': {'title': 'Mr', 'first': 'Pranav', 'last': 'Bhat'}, 'location': {'street': {'number': 4272, 'name': 'Somwar Peth'}, 'city': 'Panihati', 'state': 'Nagaland', 'country': 'India', 'postcode': 40224, 'coordinates': {'latitude': '7.0578', 'longitude': '-118.5945'}, 'timezone': {'offset': '-3:00', 'description': 'Brazil, Buenos Aires, Georgetown'}}, 'email': 'pranav.bhat@example.com', 'login': {'uuid': 'b256ebb5-8109-4986-98ec-24ef28018dd1', 'username': 'tinypeacock268', 'password': 'leon', 'salt': 'IfcLLGyJ', 'md5': '1dc2394efceb80be9af3c07d04e2076e', 'sha1': '3d4220a33d24264d0ab4a743682f034a1a068248', 'sha256': '223f73a116a76bc2685321ab2750e78338d664c7b111ab2a56cebf4edf04746d'}, 'dob': {'date': '1959-03-04T15:02:33.656Z', 'age': 65}, 'registered': {'date': '2020-02-13T03:01:48.410Z', 'age': 4}, 'phone': '7500588030', 'cell': '9354752600', 'id': {'name': 'UIDAI', 'value': '213032768378'}, 'picture': {'large': 'https://randomuser.me/api/portraits/men/99.jpg', 'medium': 'https://randomuser.me/api/portraits/med/men/99.jpg', 'thumbnail': 'https://randomuser.me/api/portraits/thumb/men/99.jpg'}, 'nat': 'IN'}], 'info': {'seed': '699c440a1bae76f2', 'results': 1, 'page': 1, 'version': '1.4'}}</msg>
<arg>${json_data}</arg>
<doc>Logs the given message with the given level.</doc>
<status status="PASS" start="2024-04-23T06:20:14.341315" elapsed="0.000236"/>
</kw>
<kw name="Should Be Equal As Numbers" owner="BuiltIn">
<arg>${json_data['results'][0]['location']['postcode']}</arg>
<arg>${json_data['results'][0]['location']['postcode']}</arg>
<doc>Fails if objects are unequal after converting them to real numbers.</doc>
<status status="PASS" start="2024-04-23T06:20:14.341848" elapsed="0.000807"/>
</kw>
<kw name="Log" owner="BuiltIn">
<msg time="2024-04-23T06:20:14.343188" level="INFO">40224</msg>
<arg>${json_data['results'][0]['location']['postcode']}</arg>
<doc>Logs the given message with the given level.</doc>
<status status="PASS" start="2024-04-23T06:20:14.342849" elapsed="0.000379"/>
</kw>
<status status="PASS" start="2024-04-23T06:20:14.244528" elapsed="0.099012"/>
</kw>
<doc>Testa se os tipos de dados na resposta da API estão corretos.</doc>
<tag>testeTiposDados</tag>
<status status="PASS" start="2024-04-23T06:20:14.164274" elapsed="0.179435"/>
</test>
<test id="s1-s1-t5" name="Validar conteudo" line="35">
<kw name="Teste de Tipos de Conteudo" owner="random-user-service">
<kw name="GET On Session" owner="RequestsLibrary">
<msg time="2024-04-23T06:20:14.437284" level="INFO">GET Request : url=https://randomuser.me/api 
 path_url=/api 
 headers={'User-Agent': 'python-requests/2.31.0', 'Accept-Encoding': 'gzip, deflate', 'Accept': '*/*', 'Connection': 'keep-alive'} 
 body=None 
 </msg>
<msg time="2024-04-23T06:20:14.437363" level="INFO">GET Response : url=https://randomuser.me/api 
 status=200, reason=OK 
 headers={'Date': 'Tue, 23 Apr 2024 06:20:14 GMT', 'Content-Type': 'application/json; charset=utf-8', 'Transfer-Encoding': 'chunked', 'Connection': 'keep-alive', 'X-Powered-By': 'Express', 'Access-Control-Allow-Origin': '*', 'Cache-Control': 'no-cache', 'ETag': 'W/"46c-fvdkt8jSCKMBNuHMg8GlbBmRVEI"', 'Vary': 'Accept-Encoding', 'Content-Encoding': 'gzip', 'CF-Cache-Status': 'DYNAMIC', 'Report-To': '{"endpoints":[{"url":"https:\\/\\/a.nel.cloudflare.com\\/report\\/v4?s=gUUZ%2Fd9YuaWTPbIV9HzRYB6A4zh1sEiq1AXKJQtS70wmXY%2FbSTtN8mgMMniWrOV4ydKpFFQ7pizBJkMdpoiXrgdS1NzBfgg0zAEKoutkso%2FTtUveJCXUpGnAsHsyALJm"}],"group":"cf-nel","max_age":604800}', 'NEL': '{"success_fraction":0,"report_to":"cf-nel","max_age":604800}', 'Server': 'cloudflare', 'CF-RAY': '878bbf1daeaf6fa1-IAD', 'alt-svc': 'h3=":443"; ma=86400'} 
 body={"results":[{"gender":"male","name":{"title":"Mr","first":"Marshall","last":"Rose"},"location":{"street":{"number":1103,"name":"Prospect Rd"},"city":"Bathurst","state":"Victoria","country":"Australia","postcode":396,"coordinates":{"latitude":"-85.3987","longitude":"-20.6225"},"timezone":{"offset":"+3:30","description":"Tehran"}},"email":"marshall.rose@example.com","login":{"uuid":"ac91a2dc-9f9a-421f-826f-81ed2b4b5b7d","username":"heavyzebra556","password":"brendan","salt":"M8KQlh0d","md5":"6c51073cfbb0a3ac674b66ba2d936827","sha1":"8497943c9d48dfb6a10e45655d8a8b519a9cfb80","sha256":"2202a790a46f2df6e67b5aaaefc74c0b05a45765bea478d2c96c23e8c81e0019"},"dob":{"date":"1950-03-18T05:48:10.070Z","age":74},"registered":{"date":"2020-07-17T07:27:02.862Z","age":3},"phone":"01-7263-7482","cell":"0423-397-545","id":{"name":"TFN","value":"027135837"},"picture":{"large":"https://randomuser.me/api/portraits/men/85.jpg","medium":"https://randomuser.me/api/portraits/med/men/85.jpg","thumbnail":"https://randomuser.me/api/portraits/thumb/men/85.jpg"},"nat":"AU"}],"info":{"seed":"ea38953670613162","results":1,"page":1,"version":"1.4"}} 
 </msg>
<msg time="2024-04-23T06:20:14.437421" level="INFO">/opt/hostedtoolcache/Python/3.12.3/x64/lib/python3.12/site-packages/urllib3/connectionpool.py:1103: InsecureRequestWarning: Unverified HTTPS request is being made to host 'randomuser.me'. Adding certificate verification is strongly advised. See: https://urllib3.readthedocs.io/en/latest/advanced-usage.html#tls-warnings
  warnings.warn(</msg>
<msg time="2024-04-23T06:20:14.437601" level="INFO">${response} = &lt;Response [200]&gt;</msg>
<var>${response}</var>
<arg>consultarAPI</arg>
<arg>/api</arg>
<doc>Sends a GET request on a previously created HTTP Session.</doc>
<status status="PASS" start="2024-04-23T06:20:14.346522" elapsed="0.091124"/>
</kw>
<kw name="Set Variable" owner="BuiltIn">
<msg time="2024-04-23T06:20:14.438484" level="INFO">${json_data} = {'results': [{'gender': 'male', 'name': {'title': 'Mr', 'first': 'Marshall', 'last': 'Rose'}, 'location': {'street': {'number': 1103, 'name': 'Prospect Rd'}, 'city': 'Bathurst', 'state': 'Victoria', '...</msg>
<var>${json_data}</var>
<arg>${response.json()}</arg>
<doc>Returns the given values which can then be assigned to a variables.</doc>
<status status="PASS" start="2024-04-23T06:20:14.438039" elapsed="0.000473"/>
</kw>
<kw name="Set Variable" owner="BuiltIn">
<msg time="2024-04-23T06:20:14.439189" level="INFO">${name_title} = Mr</msg>
<var>${name_title}</var>
<arg>${json_data["results"][0]["name"]["title"]}</arg>
<doc>Returns the given values which can then be assigned to a variables.</doc>
<status status="PASS" start="2024-04-23T06:20:14.438809" elapsed="0.000405"/>
</kw>
<kw name="Create List" owner="BuiltIn">
<msg time="2024-04-23T06:20:14.439692" level="INFO">${allowed_titles} = ['Mr', 'Ms', 'Miss', 'Mrs', 'Madame', 'Monsieur']</msg>
<var>${allowed_titles}</var>
<arg>Mr</arg>
<arg>Ms</arg>
<arg>Miss</arg>
<arg>Mrs</arg>
<arg>Madame</arg>
<arg>Monsieur</arg>
<doc>Returns a list containing given items.</doc>
<status status="PASS" start="2024-04-23T06:20:14.439543" elapsed="0.000173"/>
</kw>
<kw name="List Should Contain Value" owner="Collections">
<msg time="2024-04-23T06:20:14.440182" level="INFO">False</msg>
<arg>${allowed_titles}</arg>
<arg>${name_title}</arg>
<doc>Fails if the ``value`` is not found from ``list``.</doc>
<status status="PASS" start="2024-04-23T06:20:14.440011" elapsed="0.000206"/>
</kw>
<kw name="Set Variable" owner="BuiltIn">
<msg time="2024-04-23T06:20:14.440891" level="INFO">${name_country} = AU</msg>
<var>${name_country}</var>
<arg>${json_data["results"][0]["nat"]}</arg>
<doc>Returns the given values which can then be assigned to a variables.</doc>
<status status="PASS" start="2024-04-23T06:20:14.440512" elapsed="0.000404"/>
</kw>
<kw name="Create List" owner="BuiltIn">
<msg time="2024-04-23T06:20:14.441797" level="INFO">${list_country} = ['AD', 'AE', 'AF', 'AG', 'AI', 'AL', 'AM', 'AO', 'AQ', 'AR', 'AS', 'AT', 'AU', 'AW', 'AX', 'AZ', 'BA', 'BB', 'BD', 'BE', 'BF', 'BG', 'BH', 'BI', 'BJ', 'BL', 'BM', 'BN', 'BO', 'BQ', 'BR', 'BS', 'BT', '...</msg>
<var>${list_country}</var>
<arg>AD</arg>
<arg>AE</arg>
<arg>AF</arg>
<arg>AG</arg>
<arg>AI</arg>
<arg>AL</arg>
<arg>AM</arg>
<arg>AO</arg>
<arg>AQ</arg>
<arg>AR</arg>
<arg>AS</arg>
<arg>AT</arg>
<arg>AU</arg>
<arg>AW</arg>
<arg>AX</arg>
<arg>AZ</arg>
<arg>BA</arg>
<arg>BB</arg>
<arg>BD</arg>
<arg>BE</arg>
<arg>BF</arg>
<arg>BG</arg>
<arg>BH</arg>
<arg>BI</arg>
<arg>BJ</arg>
<arg>BL</arg>
<arg>BM</arg>
<arg>BN</arg>
<arg>BO</arg>
<arg>BQ</arg>
<arg>BR</arg>
<arg>BS</arg>
<arg>BT</arg>
<arg>BV</arg>
<arg>BW</arg>
<arg>BY</arg>
<arg>BZ</arg>
<arg>CA</arg>
<arg>CC</arg>
<arg>CD</arg>
<arg>CF</arg>
<arg>CG</arg>
<arg>CH</arg>
<arg>CI</arg>
<arg>CK</arg>
<arg>CL</arg>
<arg>CM</arg>
<arg>CN</arg>
<arg>CO</arg>
<arg>CR</arg>
<arg>CU</arg>
<arg>CV</arg>
<arg>CW</arg>
<arg>CX</arg>
<arg>CY</arg>
<arg>CZ</arg>
<arg>DE</arg>
<arg>DJ</arg>
<arg>DK</arg>
<arg>DM</arg>
<arg>DO</arg>
<arg>DZ</arg>
<arg>EC</arg>
<arg>EE</arg>
<arg>EG</arg>
<arg>EH</arg>
<arg>ER</arg>
<arg>ES</arg>
<arg>ET</arg>
<arg>FI</arg>
<arg>FJ</arg>
<arg>FK</arg>
<arg>FM</arg>
<arg>FO</arg>
<arg>FR</arg>
<arg>GA</arg>
<arg>GB</arg>
<arg>GD</arg>
<arg>GE</arg>
<arg>GF</arg>
<arg>GG</arg>
<arg>GH</arg>
<arg>GI</arg>
<arg>GL</arg>
<arg>GM</arg>
<arg>GN</arg>
<arg>GP</arg>
<arg>GQ</arg>
<arg>GR</arg>
<arg>GS</arg>
<arg>GT</arg>
<arg>GU</arg>
<arg>GW</arg>
<arg>GY</arg>
<arg>HK</arg>
<arg>HM</arg>
<arg>HN</arg>
<arg>HR</arg>
<arg>HT</arg>
<arg>HU</arg>
<arg>ID</arg>
<arg>IE</arg>
<arg>IL</arg>
<arg>IM</arg>
<arg>IN</arg>
<arg>IO</arg>
<arg>IQ</arg>
<arg>IR</arg>
<arg>IS</arg>
<arg>IT</arg>
<arg>JE</arg>
<arg>JM</arg>
<arg>JO</arg>
<arg>JP</arg>
<arg>KE</arg>
<arg>KG</arg>
<arg>KH</arg>
<arg>KI</arg>
<arg>KM</arg>
<arg>KN</arg>
<arg>KP</arg>
<arg>KR</arg>
<arg>KW</arg>
<arg>KY</arg>
<arg>KZ</arg>
<arg>LA</arg>
<arg>LB</arg>
<arg>LC</arg>
<arg>LI</arg>
<arg>LK</arg>
<arg>LR</arg>
<arg>LS</arg>
<arg>LT</arg>
<arg>LU</arg>
<arg>LV</arg>
<arg>LY</arg>
<arg>MA</arg>
<arg>MC</arg>
<arg>MD</arg>
<arg>ME</arg>
<arg>MF</arg>
<arg>MG</arg>
<arg>MH</arg>
<arg>MK</arg>
<arg>ML</arg>
<arg>MM</arg>
<arg>MN</arg>
<arg>MO</arg>
<arg>MP</arg>
<arg>MQ</arg>
<arg>MR</arg>
<arg>MS</arg>
<arg>MT</arg>
<arg>MU</arg>
<arg>MV</arg>
<arg>MW</arg>
<arg>MX</arg>
<arg>MY</arg>
<arg>MZ</arg>
<arg>NA</arg>
<arg>NC</arg>
<arg>NE</arg>
<arg>NF</arg>
<arg>NG</arg>
<arg>NI</arg>
<arg>NL</arg>
<arg>NO</arg>
<arg>NP</arg>
<arg>NR</arg>
<arg>NU</arg>
<arg>NZ</arg>
<arg>OM</arg>
<arg>PA</arg>
<arg>PE</arg>
<arg>PF</arg>
<arg>PG</arg>
<arg>PH</arg>
<arg>PK</arg>
<arg>PL</arg>
<arg>PM</arg>
<arg>PN</arg>
<arg>PR</arg>
<arg>PS</arg>
<arg>PT</arg>
<arg>PW</arg>
<arg>PY</arg>
<arg>QA</arg>
<arg>RE</arg>
<arg>RO</arg>
<arg>RS</arg>
<arg>RU</arg>
<arg>RW</arg>
<arg>SA</arg>
<arg>SB</arg>
<arg>SC</arg>
<arg>SD</arg>
<arg>SE</arg>
<arg>SG</arg>
<arg>SH</arg>
<arg>SI</arg>
<arg>SJ</arg>
<arg>SK</arg>
<arg>SL</arg>
<arg>SM</arg>
<arg>SN</arg>
<arg>SO</arg>
<arg>SR</arg>
<arg>SS</arg>
<arg>ST</arg>
<arg>SV</arg>
<arg>SX</arg>
<arg>SY</arg>
<arg>SZ</arg>
<arg>TC</arg>
<arg>TD</arg>
<arg>TF</arg>
<arg>TG</arg>
<arg>TH</arg>
<arg>TJ</arg>
<arg>TK</arg>
<arg>TL</arg>
<arg>TM</arg>
<arg>TN</arg>
<arg>TO</arg>
<arg>TR</arg>
<arg>TT</arg>
<arg>TV</arg>
<arg>TW</arg>
<arg>TZ</arg>
<arg>UA</arg>
<arg>UG</arg>
<arg>UM</arg>
<arg>US</arg>
<arg>UY</arg>
<arg>UZ</arg>
<arg>VA</arg>
<arg>VC</arg>
<arg>VE</arg>
<arg>VG</arg>
<arg>VI</arg>
<arg>VN</arg>
<arg>VU</arg>
<arg>WF</arg>
<arg>WS</arg>
<arg>XK</arg>
<arg>YE</arg>
<arg>YT</arg>
<arg>ZA</arg>
<arg>ZM</arg>
<arg>ZW</arg>
<doc>Returns a list containing given items.</doc>
<status status="PASS" start="2024-04-23T06:20:14.441214" elapsed="0.000608"/>
</kw>
<kw name="List Should Contain Value" owner="Collections">
<msg time="2024-04-23T06:20:14.442793" level="INFO">False</msg>
<arg>${list_country}</arg>
<arg>${name_country}</arg>
<doc>Fails if the ``value`` is not found from ``list``.</doc>
<status status="PASS" start="2024-04-23T06:20:14.442601" elapsed="0.000226"/>
</kw>
<kw name="Run Keyword If" owner="BuiltIn">
<kw name="Should Be True" owner="BuiltIn">
<arg>${True}</arg>
<doc>Fails if the given condition is not true.</doc>
<status status="PASS" start="2024-04-23T06:20:14.443908" elapsed="0.000142"/>
</kw>
<arg>${json_data["results"][0]["location"]["coordinates"]["latitude"]} &gt;= -90 and ${json_data["results"][0]["location"]["coordinates"]["latitude"]} &lt;= 90</arg>
<arg>Should Be True</arg>
<arg>${True}</arg>
<doc>Runs the given keyword with the given arguments, if ``condition`` is true.</doc>
<status status="PASS" start="2024-04-23T06:20:14.443130" elapsed="0.001045"/>
</kw>
<kw name="Run Keyword If" owner="BuiltIn">
<kw name="Should Be True" owner="BuiltIn">
<arg>${True}</arg>
<doc>Fails if the given condition is not true.</doc>
<status status="PASS" start="2024-04-23T06:20:14.445048" elapsed="0.000249"/>
</kw>
<arg>${json_data["results"][0]["location"]["coordinates"]["longitude"]} &gt;= -180 and ${json_data["results"][0]["location"]["coordinates"]["longitude"]} &lt;= 180</arg>
<arg>Should Be True</arg>
<arg>${True}</arg>
<doc>Runs the given keyword with the given arguments, if ``condition`` is true.</doc>
<status status="PASS" start="2024-04-23T06:20:14.444361" elapsed="0.001063"/>
</kw>
<status status="PASS" start="2024-04-23T06:20:14.346140" elapsed="0.099417"/>
</kw>
<doc>Testa o conteúdo específico dos campos retornados pela API.</doc>
<tag>testeConteudo</tag>
<status status="PASS" start="2024-04-23T06:20:14.345465" elapsed="0.100241"/>
</test>
<status status="PASS" start="2024-04-23T06:20:13.582529" elapsed="0.865105"/>
</suite>
<status status="PASS" start="2024-04-23T06:20:13.568694" elapsed="0.884037"/>
</suite>
<statistics>
<total>
<stat pass="5" fail="0" skip="0">All Tests</stat>
</total>
<tag>
<stat pass="1" fail="0" skip="0">testeConteudo</stat>
<stat pass="1" fail="0" skip="0">testeEstruturaResposta</stat>
<stat pass="1" fail="0" skip="0">testeRequisicaoBasica</stat>
<stat pass="1" fail="0" skip="0">testeTiposDados</stat>
</tag>
<suite>
<stat pass="5" fail="0" skip="0" id="s1" name="Tests">Tests</stat>
<stat pass="5" fail="0" skip="0" id="s1-s1" name="Random-User-Test">Tests.Random-User-Test</stat>
</suite>
</statistics>
<errors>
</errors>
</robot>
