<?xml version="1.0" encoding="UTF-8"?>
<robot generator="Robot 7.0.1 (Python 3.12.4 on linux)" generated="2024-06-22T04:16:58.999800" rpa="false" schemaversion="5">
<suite id="s1" name="Tests" source="/home/runner/work/ApiRandomUser/ApiRandomUser/RamdonUser/tests">
<suite id="s1-s1" name="Random-User-Test" source="/home/runner/work/ApiRandomUser/ApiRandomUser/RamdonUser/tests/random-user-test.robot">
<test id="s1-s1-t1" name="Conectar" line="13">
<kw name="Conectar API" owner="random-user-service">
<kw name="Create Session" owner="RequestsLibrary">
<msg time="2024-06-22T04:16:59.391399" level="INFO">Creating Session using : alias=consultarAPI, url=https://randomuser.me/, headers={},                     cookies={}, auth=None, timeout=None, proxies=None, verify=False,                     debug=0 </msg>
<arg>consultarAPI</arg>
<arg>${URL}</arg>
<doc>Create Session: create a HTTP session to a server</doc>
<status status="PASS" start="2024-06-22T04:16:59.391200" elapsed="0.000371"/>
</kw>
<status status="PASS" start="2024-06-22T04:16:59.390217" elapsed="0.001706"/>
</kw>
<status status="PASS" start="2024-06-22T04:16:59.389684" elapsed="0.002428"/>
</test>
<test id="s1-s1-t2" name="Validar retorno 200 e JSON Válido" line="16">
<kw name="Teste de Requisicao Basica" owner="random-user-service">
<kw name="GET On Session" owner="RequestsLibrary">
<msg time="2024-06-22T04:16:59.493197" level="INFO">GET Request : url=https://randomuser.me/api 
 path_url=/api 
 headers={'User-Agent': 'python-requests/2.32.3', 'Accept-Encoding': 'gzip, deflate', 'Accept': '*/*', 'Connection': 'keep-alive'} 
 body=None 
 </msg>
<msg time="2024-06-22T04:16:59.493336" level="INFO">GET Response : url=https://randomuser.me/api 
 status=200, reason=OK 
 headers={'Date': 'Sat, 22 Jun 2024 04:16:59 GMT', 'Content-Type': 'application/json; charset=utf-8', 'Transfer-Encoding': 'chunked', 'Connection': 'keep-alive', 'X-Powered-By': 'Express', 'Access-Control-Allow-Origin': '*', 'Cache-Control': 'no-cache', 'ETag': 'W/"4a7-/LM3iqEdPAm9A0gIYY5k/aqMbmk"', 'Vary': 'Accept-Encoding', 'Content-Encoding': 'gzip', 'CF-Cache-Status': 'DYNAMIC', 'Report-To': '{"endpoints":[{"url":"https:\\/\\/a.nel.cloudflare.com\\/report\\/v4?s=BJ2whLcpMjtAtMikKboTg12MUl%2Fu1cgnEmvWuuC4Mn40LXT%2FHjH77DP8tpUaCEZ8KSjAhoz4n%2FhNE6ZR17O7hHujTokuvTZ87mYydTtoDYDgvbjtzrQvqHsLgCDM4mJc"}],"group":"cf-nel","max_age":604800}', 'NEL': '{"success_fraction":0,"report_to":"cf-nel","max_age":604800}', 'Server': 'cloudflare', 'CF-RAY': '89796d1389733998-IAD', 'alt-svc': 'h3=":443"; ma=86400'} 
 body={"results":[{"gender":"female","name":{"title":"Ms","first":"Milena","last":"Kaczmarek"},"location":{"street":{"number":3051,"name":"Goethestraße"},"city":"Coburg","state":"Niedersachsen","country":"Germany","postcode":91895,"coordinates":{"latitude":"-51.1708","longitude":"48.7701"},"timezone":{"offset":"-4:00","description":"Atlantic Time (Canada), Caracas, La Paz"}},"email":"milena.kaczmarek@example.com","login":{"uuid":"b6d44528-ed92-41a3-a6dd-02741b908184","username":"smallbird238","password":"suburban","salt":"1LihOlNA","md5":"cd92153f53c4338d03913bd3efbedd24","sha1":"a6c5dfb62903bb8f27b87349fa30ba640c8cb798","sha256":"b16beb6526eef11d2ad3926b8175da53ec50aa7003b47d392addc4a61492f77e"},"dob":{"date":"1971-08-21T02:49:31.931Z","age":52},"registered":{"date":"2007-10-29T00:18:37.630Z","age":16},"phone":"0750-5052589","cell":"0176-2150186","id":{"name":"SVNR","value":"62 200871 K 715"},"picture":{"large":"https://randomuser.me/api/portraits/women/11.jpg","medium":"https://randomuser.me/api/portraits/med/women/11.jpg","thumbnail":"https://randomuser.me/api/portraits/thumb/women/11.jpg"},"nat":"DE"}],"info":{"seed":"67d0bfb56df5f519","results":1,"page":1,"version":"1.4"}} 
 </msg>
<msg time="2024-06-22T04:16:59.493418" level="INFO">/opt/hostedtoolcache/Python/3.12.4/x64/lib/python3.12/site-packages/urllib3/connectionpool.py:1099: InsecureRequestWarning: Unverified HTTPS request is being made to host 'randomuser.me'. Adding certificate verification is strongly advised. See: https://urllib3.readthedocs.io/en/latest/advanced-usage.html#tls-warnings
  warnings.warn(</msg>
<msg time="2024-06-22T04:16:59.493558" level="INFO">${response} = &lt;Response [200]&gt;</msg>
<var>${response}</var>
<arg>consultarAPI</arg>
<arg>/api</arg>
<doc>Sends a GET request on a previously created HTTP Session.</doc>
<status status="PASS" start="2024-06-22T04:16:59.394692" elapsed="0.098911"/>
</kw>
<kw name="Should Be Equal As Numbers" owner="BuiltIn">
<msg time="2024-06-22T04:16:59.494742" level="INFO">Argument types are:
&lt;class 'int'&gt;
&lt;class 'str'&gt;</msg>
<arg>${response.status_code}</arg>
<arg>200</arg>
<doc>Fails if objects are unequal after converting them to real numbers.</doc>
<status status="PASS" start="2024-06-22T04:16:59.494198" elapsed="0.000616"/>
</kw>
<kw name="Log" owner="BuiltIn">
<msg time="2024-06-22T04:16:59.495476" level="INFO">200</msg>
<arg>${response.status_code}</arg>
<doc>Logs the given message with the given level.</doc>
<status status="PASS" start="2024-06-22T04:16:59.495132" elapsed="0.000387"/>
</kw>
<kw name="Set Variable" owner="BuiltIn">
<msg time="2024-06-22T04:16:59.496272" level="INFO">${json_data} = {'results': [{'gender': 'female', 'name': {'title': 'Ms', 'first': 'Milena', 'last': 'Kaczmarek'}, 'location': {'street': {'number': 3051, 'name': 'Goethestraße'}, 'city': 'Coburg', 'state': 'Niedersa...</msg>
<var>${json_data}</var>
<arg>${response.json()}</arg>
<doc>Returns the given values which can then be assigned to a variables.</doc>
<status status="PASS" start="2024-06-22T04:16:59.495827" elapsed="0.000475"/>
</kw>
<kw name="Dictionary Should Contain Key" owner="Collections">
<arg>${json_data}</arg>
<arg>results</arg>
<doc>Fails if ``key`` is not found from ``dictionary``.</doc>
<status status="PASS" start="2024-06-22T04:16:59.496598" elapsed="0.000163"/>
</kw>
<status status="PASS" start="2024-06-22T04:16:59.394422" elapsed="0.102486"/>
</kw>
<doc>Testa se a API responde corretamente e retorna um objeto JSON válido.</doc>
<tag>testeRequisicaoBasica</tag>
<status status="PASS" start="2024-06-22T04:16:59.393977" elapsed="0.103100"/>
</test>
<test id="s1-s1-t3" name="Validar estrutura de resposta" line="22">
<kw name="Teste de Estrutura de Resposta" owner="random-user-service">
<kw name="GET On Session" owner="RequestsLibrary">
<msg time="2024-06-22T04:16:59.594392" level="INFO">GET Request : url=https://randomuser.me/api 
 path_url=/api 
 headers={'User-Agent': 'python-requests/2.32.3', 'Accept-Encoding': 'gzip, deflate', 'Accept': '*/*', 'Connection': 'keep-alive'} 
 body=None 
 </msg>
<msg time="2024-06-22T04:16:59.594488" level="INFO">GET Response : url=https://randomuser.me/api 
 status=200, reason=OK 
 headers={'Date': 'Sat, 22 Jun 2024 04:16:59 GMT', 'Content-Type': 'application/json; charset=utf-8', 'Transfer-Encoding': 'chunked', 'Connection': 'keep-alive', 'X-Powered-By': 'Express', 'Access-Control-Allow-Origin': '*', 'Cache-Control': 'no-cache', 'ETag': 'W/"494-9BskT+ToXM+6IAT9CH39jlTZoZE"', 'Vary': 'Accept-Encoding', 'Content-Encoding': 'gzip', 'CF-Cache-Status': 'DYNAMIC', 'Report-To': '{"endpoints":[{"url":"https:\\/\\/a.nel.cloudflare.com\\/report\\/v4?s=f36sNTIOzMo5IWWZfI0Mi1oqTNaQzeNOpndPptf5gHA7hkdDC1tUyV7opyz2aUma4lxI9%2FySlFH1Wv%2FHSt%2BURnqp3HAnlNwblf5majHMgqY9267Z4x0rQAhfQhyUjfuF"}],"group":"cf-nel","max_age":604800}', 'NEL': '{"success_fraction":0,"report_to":"cf-nel","max_age":604800}', 'Server': 'cloudflare', 'CF-RAY': '89796d13e9c13998-IAD', 'alt-svc': 'h3=":443"; ma=86400'} 
 body={"results":[{"gender":"female","name":{"title":"Miss","first":"Stella","last":"Turner"},"location":{"street":{"number":9096,"name":"Walton Street"},"city":"Hamilton","state":"Northland","country":"New Zealand","postcode":16863,"coordinates":{"latitude":"48.9512","longitude":"166.5288"},"timezone":{"offset":"-6:00","description":"Central Time (US &amp; Canada), Mexico City"}},"email":"stella.turner@example.com","login":{"uuid":"ec13ef48-1257-4151-9b16-b2200699617c","username":"happypanda214","password":"albert","salt":"jxBevefR","md5":"e0d80c4dfb5dfd11582ca76eac7b713e","sha1":"e542df264e05957f5199e4ba54ad8bafdcf37ded","sha256":"7bd5d83507d5bccfaab7701824581f0319aae9990b234b2cadce229c66e8363d"},"dob":{"date":"1955-01-16T08:28:14.131Z","age":69},"registered":{"date":"2002-12-27T03:55:17.403Z","age":21},"phone":"(355)-304-7572","cell":"(659)-263-1903","id":{"name":"","value":null},"picture":{"large":"https://randomuser.me/api/portraits/women/0.jpg","medium":"https://randomuser.me/api/portraits/med/women/0.jpg","thumbnail":"https://randomuser.me/api/portraits/thumb/women/0.jpg"},"nat":"NZ"}],"info":{"seed":"68ebb3ec7d37a399","results":1,"page":1,"version":"1.4"}} 
 </msg>
<msg time="2024-06-22T04:16:59.594649" level="INFO">/opt/hostedtoolcache/Python/3.12.4/x64/lib/python3.12/site-packages/urllib3/connectionpool.py:1099: InsecureRequestWarning: Unverified HTTPS request is being made to host 'randomuser.me'. Adding certificate verification is strongly advised. See: https://urllib3.readthedocs.io/en/latest/advanced-usage.html#tls-warnings
  warnings.warn(</msg>
<msg time="2024-06-22T04:16:59.594780" level="INFO">${response} = &lt;Response [200]&gt;</msg>
<var>${response}</var>
<arg>consultarAPI</arg>
<arg>/api</arg>
<doc>Sends a GET request on a previously created HTTP Session.</doc>
<status status="PASS" start="2024-06-22T04:16:59.499706" elapsed="0.095116"/>
</kw>
<kw name="Set Variable" owner="BuiltIn">
<msg time="2024-06-22T04:16:59.596072" level="INFO">${json_data} = {'results': [{'gender': 'female', 'name': {'title': 'Miss', 'first': 'Stella', 'last': 'Turner'}, 'location': {'street': {'number': 9096, 'name': 'Walton Street'}, 'city': 'Hamilton', 'state': 'Northl...</msg>
<var>${json_data}</var>
<arg>${response.json()}</arg>
<doc>Returns the given values which can then be assigned to a variables.</doc>
<status status="PASS" start="2024-06-22T04:16:59.595433" elapsed="0.000669"/>
</kw>
<kw name="Log" owner="BuiltIn">
<msg time="2024-06-22T04:16:59.596591" level="INFO">{'results': [{'gender': 'female', 'name': {'title': 'Miss', 'first': 'Stella', 'last': 'Turner'}, 'location': {'street': {'number': 9096, 'name': 'Walton Street'}, 'city': 'Hamilton', 'state': 'Northland', 'country': 'New Zealand', 'postcode': 16863, 'coordinates': {'latitude': '48.9512', 'longitude': '166.5288'}, 'timezone': {'offset': '-6:00', 'description': 'Central Time (US &amp; Canada), Mexico City'}}, 'email': 'stella.turner@example.com', 'login': {'uuid': 'ec13ef48-1257-4151-9b16-b2200699617c', 'username': 'happypanda214', 'password': 'albert', 'salt': 'jxBevefR', 'md5': 'e0d80c4dfb5dfd11582ca76eac7b713e', 'sha1': 'e542df264e05957f5199e4ba54ad8bafdcf37ded', 'sha256': '7bd5d83507d5bccfaab7701824581f0319aae9990b234b2cadce229c66e8363d'}, 'dob': {'date': '1955-01-16T08:28:14.131Z', 'age': 69}, 'registered': {'date': '2002-12-27T03:55:17.403Z', 'age': 21}, 'phone': '(355)-304-7572', 'cell': '(659)-263-1903', 'id': {'name': '', 'value': None}, 'picture': {'large': 'https://randomuser.me/api/portraits/women/0.jpg', 'medium': 'https://randomuser.me/api/portraits/med/women/0.jpg', 'thumbnail': 'https://randomuser.me/api/portraits/thumb/women/0.jpg'}, 'nat': 'NZ'}], 'info': {'seed': '68ebb3ec7d37a399', 'results': 1, 'page': 1, 'version': '1.4'}}</msg>
<arg>${json_data}</arg>
<doc>Logs the given message with the given level.</doc>
<status status="PASS" start="2024-06-22T04:16:59.596427" elapsed="0.000214"/>
</kw>
<kw name="Dictionary Should Contain Key" owner="Collections">
<arg>${json_data}</arg>
<arg>results</arg>
<doc>Fails if ``key`` is not found from ``dictionary``.</doc>
<status status="PASS" start="2024-06-22T04:16:59.596935" elapsed="0.000157"/>
</kw>
<kw name="Should Not Be Empty" owner="BuiltIn">
<msg time="2024-06-22T04:16:59.597392" level="INFO">Length is 2.</msg>
<arg>${json_data}</arg>
<doc>Verifies that the given item is not empty.</doc>
<status status="PASS" start="2024-06-22T04:16:59.597271" elapsed="0.000158"/>
</kw>
<kw name="Create List" owner="BuiltIn">
<msg time="2024-06-22T04:16:59.598032" level="INFO">${expected_keys} = ['gender', 'name', 'location', 'email', 'login']</msg>
<var>${expected_keys}</var>
<arg>gender</arg>
<arg>name</arg>
<arg>location</arg>
<arg>email</arg>
<arg>login</arg>
<doc>Returns a list containing given items.</doc>
<status status="PASS" start="2024-06-22T04:16:59.597714" elapsed="0.000344"/>
</kw>
<for flavor="IN">
<iter>
<kw name="Dictionary Should Contain Key" owner="Collections">
<arg>${json_data['results'][0]}</arg>
<arg>${key}</arg>
<doc>Fails if ``key`` is not found from ``dictionary``.</doc>
<status status="PASS" start="2024-06-22T04:16:59.598677" elapsed="0.000409"/>
</kw>
<kw name="Log" owner="BuiltIn">
<msg time="2024-06-22T04:16:59.599629" level="INFO">{'gender': 'female', 'name': {'title': 'Miss', 'first': 'Stella', 'last': 'Turner'}, 'location': {'street': {'number': 9096, 'name': 'Walton Street'}, 'city': 'Hamilton', 'state': 'Northland', 'country': 'New Zealand', 'postcode': 16863, 'coordinates': {'latitude': '48.9512', 'longitude': '166.5288'}, 'timezone': {'offset': '-6:00', 'description': 'Central Time (US &amp; Canada), Mexico City'}}, 'email': 'stella.turner@example.com', 'login': {'uuid': 'ec13ef48-1257-4151-9b16-b2200699617c', 'username': 'happypanda214', 'password': 'albert', 'salt': 'jxBevefR', 'md5': 'e0d80c4dfb5dfd11582ca76eac7b713e', 'sha1': 'e542df264e05957f5199e4ba54ad8bafdcf37ded', 'sha256': '7bd5d83507d5bccfaab7701824581f0319aae9990b234b2cadce229c66e8363d'}, 'dob': {'date': '1955-01-16T08:28:14.131Z', 'age': 69}, 'registered': {'date': '2002-12-27T03:55:17.403Z', 'age': 21}, 'phone': '(355)-304-7572', 'cell': '(659)-263-1903', 'id': {'name': '', 'value': None}, 'picture': {'large': 'https://randomuser.me/api/portraits/women/0.jpg', 'medium': 'https://randomuser.me/api/portraits/med/women/0.jpg', 'thumbnail': 'https://randomuser.me/api/portraits/thumb/women/0.jpg'}, 'nat': 'NZ'}</msg>
<arg>${json_data['results'][0]}</arg>
<doc>Logs the given message with the given level.</doc>
<status status="PASS" start="2024-06-22T04:16:59.599275" elapsed="0.000404"/>
</kw>
<kw name="Log" owner="BuiltIn">
<msg time="2024-06-22T04:16:59.600102" level="INFO">gender</msg>
<arg>${key}</arg>
<doc>Logs the given message with the given level.</doc>
<status status="PASS" start="2024-06-22T04:16:59.599977" elapsed="0.000163"/>
</kw>
<var name="${key}">gender</var>
<status status="PASS" start="2024-06-22T04:16:59.598521" elapsed="0.001833"/>
</iter>
<iter>
<kw name="Dictionary Should Contain Key" owner="Collections">
<arg>${json_data['results'][0]}</arg>
<arg>${key}</arg>
<doc>Fails if ``key`` is not found from ``dictionary``.</doc>
<status status="PASS" start="2024-06-22T04:16:59.600641" elapsed="0.000385"/>
</kw>
<kw name="Log" owner="BuiltIn">
<msg time="2024-06-22T04:16:59.601569" level="INFO">{'gender': 'female', 'name': {'title': 'Miss', 'first': 'Stella', 'last': 'Turner'}, 'location': {'street': {'number': 9096, 'name': 'Walton Street'}, 'city': 'Hamilton', 'state': 'Northland', 'country': 'New Zealand', 'postcode': 16863, 'coordinates': {'latitude': '48.9512', 'longitude': '166.5288'}, 'timezone': {'offset': '-6:00', 'description': 'Central Time (US &amp; Canada), Mexico City'}}, 'email': 'stella.turner@example.com', 'login': {'uuid': 'ec13ef48-1257-4151-9b16-b2200699617c', 'username': 'happypanda214', 'password': 'albert', 'salt': 'jxBevefR', 'md5': 'e0d80c4dfb5dfd11582ca76eac7b713e', 'sha1': 'e542df264e05957f5199e4ba54ad8bafdcf37ded', 'sha256': '7bd5d83507d5bccfaab7701824581f0319aae9990b234b2cadce229c66e8363d'}, 'dob': {'date': '1955-01-16T08:28:14.131Z', 'age': 69}, 'registered': {'date': '2002-12-27T03:55:17.403Z', 'age': 21}, 'phone': '(355)-304-7572', 'cell': '(659)-263-1903', 'id': {'name': '', 'value': None}, 'picture': {'large': 'https://randomuser.me/api/portraits/women/0.jpg', 'medium': 'https://randomuser.me/api/portraits/med/women/0.jpg', 'thumbnail': 'https://randomuser.me/api/portraits/thumb/women/0.jpg'}, 'nat': 'NZ'}</msg>
<arg>${json_data['results'][0]}</arg>
<doc>Logs the given message with the given level.</doc>
<status status="PASS" start="2024-06-22T04:16:59.601219" elapsed="0.000430"/>
</kw>
<kw name="Log" owner="BuiltIn">
<msg time="2024-06-22T04:16:59.602069" level="INFO">name</msg>
<arg>${key}</arg>
<doc>Logs the given message with the given level.</doc>
<status status="PASS" start="2024-06-22T04:16:59.601943" elapsed="0.000163"/>
</kw>
<var name="${key}">name</var>
<status status="PASS" start="2024-06-22T04:16:59.600533" elapsed="0.001790"/>
</iter>
<iter>
<kw name="Dictionary Should Contain Key" owner="Collections">
<arg>${json_data['results'][0]}</arg>
<arg>${key}</arg>
<doc>Fails if ``key`` is not found from ``dictionary``.</doc>
<status status="PASS" start="2024-06-22T04:16:59.602626" elapsed="0.000387"/>
</kw>
<kw name="Log" owner="BuiltIn">
<msg time="2024-06-22T04:16:59.603544" level="INFO">{'gender': 'female', 'name': {'title': 'Miss', 'first': 'Stella', 'last': 'Turner'}, 'location': {'street': {'number': 9096, 'name': 'Walton Street'}, 'city': 'Hamilton', 'state': 'Northland', 'country': 'New Zealand', 'postcode': 16863, 'coordinates': {'latitude': '48.9512', 'longitude': '166.5288'}, 'timezone': {'offset': '-6:00', 'description': 'Central Time (US &amp; Canada), Mexico City'}}, 'email': 'stella.turner@example.com', 'login': {'uuid': 'ec13ef48-1257-4151-9b16-b2200699617c', 'username': 'happypanda214', 'password': 'albert', 'salt': 'jxBevefR', 'md5': 'e0d80c4dfb5dfd11582ca76eac7b713e', 'sha1': 'e542df264e05957f5199e4ba54ad8bafdcf37ded', 'sha256': '7bd5d83507d5bccfaab7701824581f0319aae9990b234b2cadce229c66e8363d'}, 'dob': {'date': '1955-01-16T08:28:14.131Z', 'age': 69}, 'registered': {'date': '2002-12-27T03:55:17.403Z', 'age': 21}, 'phone': '(355)-304-7572', 'cell': '(659)-263-1903', 'id': {'name': '', 'value': None}, 'picture': {'large': 'https://randomuser.me/api/portraits/women/0.jpg', 'medium': 'https://randomuser.me/api/portraits/med/women/0.jpg', 'thumbnail': 'https://randomuser.me/api/portraits/thumb/women/0.jpg'}, 'nat': 'NZ'}</msg>
<arg>${json_data['results'][0]}</arg>
<doc>Logs the given message with the given level.</doc>
<status status="PASS" start="2024-06-22T04:16:59.603192" elapsed="0.000401"/>
</kw>
<kw name="Log" owner="BuiltIn">
<msg time="2024-06-22T04:16:59.604008" level="INFO">location</msg>
<arg>${key}</arg>
<doc>Logs the given message with the given level.</doc>
<status status="PASS" start="2024-06-22T04:16:59.603882" elapsed="0.000162"/>
</kw>
<var name="${key}">location</var>
<status status="PASS" start="2024-06-22T04:16:59.602495" elapsed="0.001760"/>
</iter>
<iter>
<kw name="Dictionary Should Contain Key" owner="Collections">
<arg>${json_data['results'][0]}</arg>
<arg>${key}</arg>
<doc>Fails if ``key`` is not found from ``dictionary``.</doc>
<status status="PASS" start="2024-06-22T04:16:59.604526" elapsed="0.000380"/>
</kw>
<kw name="Log" owner="BuiltIn">
<msg time="2024-06-22T04:16:59.605439" level="INFO">{'gender': 'female', 'name': {'title': 'Miss', 'first': 'Stella', 'last': 'Turner'}, 'location': {'street': {'number': 9096, 'name': 'Walton Street'}, 'city': 'Hamilton', 'state': 'Northland', 'country': 'New Zealand', 'postcode': 16863, 'coordinates': {'latitude': '48.9512', 'longitude': '166.5288'}, 'timezone': {'offset': '-6:00', 'description': 'Central Time (US &amp; Canada), Mexico City'}}, 'email': 'stella.turner@example.com', 'login': {'uuid': 'ec13ef48-1257-4151-9b16-b2200699617c', 'username': 'happypanda214', 'password': 'albert', 'salt': 'jxBevefR', 'md5': 'e0d80c4dfb5dfd11582ca76eac7b713e', 'sha1': 'e542df264e05957f5199e4ba54ad8bafdcf37ded', 'sha256': '7bd5d83507d5bccfaab7701824581f0319aae9990b234b2cadce229c66e8363d'}, 'dob': {'date': '1955-01-16T08:28:14.131Z', 'age': 69}, 'registered': {'date': '2002-12-27T03:55:17.403Z', 'age': 21}, 'phone': '(355)-304-7572', 'cell': '(659)-263-1903', 'id': {'name': '', 'value': None}, 'picture': {'large': 'https://randomuser.me/api/portraits/women/0.jpg', 'medium': 'https://randomuser.me/api/portraits/med/women/0.jpg', 'thumbnail': 'https://randomuser.me/api/portraits/thumb/women/0.jpg'}, 'nat': 'NZ'}</msg>
<arg>${json_data['results'][0]}</arg>
<doc>Logs the given message with the given level.</doc>
<status status="PASS" start="2024-06-22T04:16:59.605083" elapsed="0.000418"/>
</kw>
<kw name="Log" owner="BuiltIn">
<msg time="2024-06-22T04:16:59.605914" level="INFO">email</msg>
<arg>${key}</arg>
<doc>Logs the given message with the given level.</doc>
<status status="PASS" start="2024-06-22T04:16:59.605790" elapsed="0.000161"/>
</kw>
<var name="${key}">email</var>
<status status="PASS" start="2024-06-22T04:16:59.604422" elapsed="0.001737"/>
</iter>
<iter>
<kw name="Dictionary Should Contain Key" owner="Collections">
<arg>${json_data['results'][0]}</arg>
<arg>${key}</arg>
<doc>Fails if ``key`` is not found from ``dictionary``.</doc>
<status status="PASS" start="2024-06-22T04:16:59.606430" elapsed="0.000423"/>
</kw>
<kw name="Log" owner="BuiltIn">
<msg time="2024-06-22T04:16:59.607387" level="INFO">{'gender': 'female', 'name': {'title': 'Miss', 'first': 'Stella', 'last': 'Turner'}, 'location': {'street': {'number': 9096, 'name': 'Walton Street'}, 'city': 'Hamilton', 'state': 'Northland', 'country': 'New Zealand', 'postcode': 16863, 'coordinates': {'latitude': '48.9512', 'longitude': '166.5288'}, 'timezone': {'offset': '-6:00', 'description': 'Central Time (US &amp; Canada), Mexico City'}}, 'email': 'stella.turner@example.com', 'login': {'uuid': 'ec13ef48-1257-4151-9b16-b2200699617c', 'username': 'happypanda214', 'password': 'albert', 'salt': 'jxBevefR', 'md5': 'e0d80c4dfb5dfd11582ca76eac7b713e', 'sha1': 'e542df264e05957f5199e4ba54ad8bafdcf37ded', 'sha256': '7bd5d83507d5bccfaab7701824581f0319aae9990b234b2cadce229c66e8363d'}, 'dob': {'date': '1955-01-16T08:28:14.131Z', 'age': 69}, 'registered': {'date': '2002-12-27T03:55:17.403Z', 'age': 21}, 'phone': '(355)-304-7572', 'cell': '(659)-263-1903', 'id': {'name': '', 'value': None}, 'picture': {'large': 'https://randomuser.me/api/portraits/women/0.jpg', 'medium': 'https://randomuser.me/api/portraits/med/women/0.jpg', 'thumbnail': 'https://randomuser.me/api/portraits/thumb/women/0.jpg'}, 'nat': 'NZ'}</msg>
<arg>${json_data['results'][0]}</arg>
<doc>Logs the given message with the given level.</doc>
<status status="PASS" start="2024-06-22T04:16:59.607034" elapsed="0.000400"/>
</kw>
<kw name="Log" owner="BuiltIn">
<msg time="2024-06-22T04:16:59.607857" level="INFO">login</msg>
<arg>${key}</arg>
<doc>Logs the given message with the given level.</doc>
<status status="PASS" start="2024-06-22T04:16:59.607729" elapsed="0.000165"/>
</kw>
<var name="${key}">login</var>
<status status="PASS" start="2024-06-22T04:16:59.606326" elapsed="0.001785"/>
</iter>
<var>${key}</var>
<value>@{expected_keys}</value>
<status status="PASS" start="2024-06-22T04:16:59.598324" elapsed="0.009904"/>
</for>
<kw name="Create List" owner="BuiltIn">
<msg time="2024-06-22T04:16:59.608548" level="INFO">${expected_keysTwo} = ['username', 'password']</msg>
<var>${expected_keysTwo}</var>
<arg>username</arg>
<arg>password</arg>
<doc>Returns a list containing given items.</doc>
<status status="PASS" start="2024-06-22T04:16:59.608416" elapsed="0.000183"/>
</kw>
<for flavor="IN">
<iter>
<kw name="Dictionary Should Contain Key" owner="Collections">
<arg>${json_data['results'][0]['login']}</arg>
<arg>${keyTwo}</arg>
<doc>Fails if ``key`` is not found from ``dictionary``.</doc>
<status status="PASS" start="2024-06-22T04:16:59.609090" elapsed="0.000377"/>
</kw>
<kw name="Dictionary Should Contain Key" owner="Collections">
<arg>${json_data['results'][0]['login']}</arg>
<arg>${keyTwo}</arg>
<doc>Fails if ``key`` is not found from ``dictionary``.</doc>
<status status="PASS" start="2024-06-22T04:16:59.609650" elapsed="0.000372"/>
</kw>
<kw name="Log" owner="BuiltIn">
<msg time="2024-06-22T04:16:59.610316" level="INFO">username</msg>
<arg>${keyTwo}</arg>
<doc>Logs the given message with the given level.</doc>
<status status="PASS" start="2024-06-22T04:16:59.610197" elapsed="0.000156"/>
</kw>
<var name="${keyTwo}">username</var>
<status status="PASS" start="2024-06-22T04:16:59.608986" elapsed="0.001588"/>
</iter>
<iter>
<kw name="Dictionary Should Contain Key" owner="Collections">
<arg>${json_data['results'][0]['login']}</arg>
<arg>${keyTwo}</arg>
<doc>Fails if ``key`` is not found from ``dictionary``.</doc>
<status status="PASS" start="2024-06-22T04:16:59.610889" elapsed="0.000387"/>
</kw>
<kw name="Dictionary Should Contain Key" owner="Collections">
<arg>${json_data['results'][0]['login']}</arg>
<arg>${keyTwo}</arg>
<doc>Fails if ``key`` is not found from ``dictionary``.</doc>
<status status="PASS" start="2024-06-22T04:16:59.611453" elapsed="0.000380"/>
</kw>
<kw name="Log" owner="BuiltIn">
<msg time="2024-06-22T04:16:59.612133" level="INFO">password</msg>
<arg>${keyTwo}</arg>
<doc>Logs the given message with the given level.</doc>
<status status="PASS" start="2024-06-22T04:16:59.612007" elapsed="0.000162"/>
</kw>
<var name="${keyTwo}">password</var>
<status status="PASS" start="2024-06-22T04:16:59.610784" elapsed="0.001711"/>
</iter>
<var>${keyTwo}</var>
<value>@{expected_keysTwo}</value>
<status status="PASS" start="2024-06-22T04:16:59.608839" elapsed="0.003780"/>
</for>
<status status="PASS" start="2024-06-22T04:16:59.499468" elapsed="0.113297"/>
</kw>
<doc>Testa a estrutura da resposta da API.</doc>
<tag>testeEstruturaResposta</tag>
<status status="PASS" start="2024-06-22T04:16:59.498895" elapsed="0.114023"/>
</test>
<test id="s1-s1-t4" name="Validar tipos de dados" line="28">
<kw name="Teste de Tipos de Dados" owner="random-user-service">
<kw name="GET On Session" owner="RequestsLibrary">
<msg time="2024-06-22T04:16:59.676531" level="INFO">GET Request : url=https://randomuser.me/api 
 path_url=/api 
 headers={'User-Agent': 'python-requests/2.32.3', 'Accept-Encoding': 'gzip, deflate', 'Accept': '*/*', 'Connection': 'keep-alive'} 
 body=None 
 </msg>
<msg time="2024-06-22T04:16:59.676654" level="INFO">GET Response : url=https://randomuser.me/api 
 status=200, reason=OK 
 headers={'Date': 'Sat, 22 Jun 2024 04:16:59 GMT', 'Content-Type': 'application/json; charset=utf-8', 'Transfer-Encoding': 'chunked', 'Connection': 'keep-alive', 'X-Powered-By': 'Express', 'Access-Control-Allow-Origin': '*', 'Cache-Control': 'no-cache', 'ETag': 'W/"48d-h+kHozcHA5OTQmjAl5kBGL+3Olk"', 'Vary': 'Accept-Encoding', 'Content-Encoding': 'gzip', 'CF-Cache-Status': 'DYNAMIC', 'Report-To': '{"endpoints":[{"url":"https:\\/\\/a.nel.cloudflare.com\\/report\\/v4?s=1Jwuiiyg7tdlKoY2ImBeLIELb5O10tQn5g5z3ioUU3eZakIdoehC4ToEvXpr5qrLN0B%2BA6YcASYYZ2gZs%2BItEH87GoWjZjTjP9gDbzaQdnn1bHpg4WbWKal8uO72k6qB"}],"group":"cf-nel","max_age":604800}', 'NEL': '{"success_fraction":0,"report_to":"cf-nel","max_age":604800}', 'Server': 'cloudflare', 'CF-RAY': '89796d149a593998-IAD', 'alt-svc': 'h3=":443"; ma=86400'} 
 body={"results":[{"gender":"male","name":{"title":"Mr","first":"Alexis","last":"Lavoie"},"location":{"street":{"number":2274,"name":"Wellington St"},"city":"Lasalle","state":"Québec","country":"Canada","postcode":"U1K 0J6","coordinates":{"latitude":"-67.8878","longitude":"-78.4033"},"timezone":{"offset":"-6:00","description":"Central Time (US &amp; Canada), Mexico City"}},"email":"alexis.lavoie@example.com","login":{"uuid":"1833f8c0-1383-4b34-8b62-d85561a55472","username":"heavydog838","password":"quest","salt":"hoIoSnpV","md5":"530ae67c0ae80a523f9fca509462fc54","sha1":"31e976d69826269e20a2fb3a08b8487cb675a237","sha256":"b097c8919f843f5aacb6db1e85351ff86066c53a5b3604227a62a0acfb214f9b"},"dob":{"date":"1975-06-21T23:29:51.844Z","age":49},"registered":{"date":"2008-10-12T21:33:28.968Z","age":15},"phone":"J06 J33-4157","cell":"A38 R94-6722","id":{"name":"SIN","value":"676859705"},"picture":{"large":"https://randomuser.me/api/portraits/men/37.jpg","medium":"https://randomuser.me/api/portraits/med/men/37.jpg","thumbnail":"https://randomuser.me/api/portraits/thumb/men/37.jpg"},"nat":"CA"}],"info":{"seed":"6cb43d1332423494","results":1,"page":1,"version":"1.4"}} 
 </msg>
<msg time="2024-06-22T04:16:59.676772" level="INFO">/opt/hostedtoolcache/Python/3.12.4/x64/lib/python3.12/site-packages/urllib3/connectionpool.py:1099: InsecureRequestWarning: Unverified HTTPS request is being made to host 'randomuser.me'. Adding certificate verification is strongly advised. See: https://urllib3.readthedocs.io/en/latest/advanced-usage.html#tls-warnings
  warnings.warn(</msg>
<msg time="2024-06-22T04:16:59.676935" level="INFO">${response} = &lt;Response [200]&gt;</msg>
<var>${response}</var>
<arg>consultarAPI</arg>
<arg>/api</arg>
<doc>Sends a GET request on a previously created HTTP Session.</doc>
<status status="PASS" start="2024-06-22T04:16:59.615464" elapsed="0.061514"/>
</kw>
<kw name="Set Variable" owner="BuiltIn">
<msg time="2024-06-22T04:16:59.678425" level="INFO">${json_data} = {'results': [{'gender': 'male', 'name': {'title': 'Mr', 'first': 'Alexis', 'last': 'Lavoie'}, 'location': {'street': {'number': 2274, 'name': 'Wellington St'}, 'city': 'Lasalle', 'state': 'Québec', 'c...</msg>
<var>${json_data}</var>
<arg>${response.json()}</arg>
<doc>Returns the given values which can then be assigned to a variables.</doc>
<status status="PASS" start="2024-06-22T04:16:59.677619" elapsed="0.000850"/>
</kw>
<kw name="Log" owner="BuiltIn">
<msg time="2024-06-22T04:16:59.679166" level="INFO">{'results': [{'gender': 'male', 'name': {'title': 'Mr', 'first': 'Alexis', 'last': 'Lavoie'}, 'location': {'street': {'number': 2274, 'name': 'Wellington St'}, 'city': 'Lasalle', 'state': 'Québec', 'country': 'Canada', 'postcode': 'U1K 0J6', 'coordinates': {'latitude': '-67.8878', 'longitude': '-78.4033'}, 'timezone': {'offset': '-6:00', 'description': 'Central Time (US &amp; Canada), Mexico City'}}, 'email': 'alexis.lavoie@example.com', 'login': {'uuid': '1833f8c0-1383-4b34-8b62-d85561a55472', 'username': 'heavydog838', 'password': 'quest', 'salt': 'hoIoSnpV', 'md5': '530ae67c0ae80a523f9fca509462fc54', 'sha1': '31e976d69826269e20a2fb3a08b8487cb675a237', 'sha256': 'b097c8919f843f5aacb6db1e85351ff86066c53a5b3604227a62a0acfb214f9b'}, 'dob': {'date': '1975-06-21T23:29:51.844Z', 'age': 49}, 'registered': {'date': '2008-10-12T21:33:28.968Z', 'age': 15}, 'phone': 'J06 J33-4157', 'cell': 'A38 R94-6722', 'id': {'name': 'SIN', 'value': '676859705'}, 'picture': {'large': 'https://randomuser.me/api/portraits/men/37.jpg', 'medium': 'https://randomuser.me/api/portraits/med/men/37.jpg', 'thumbnail': 'https://randomuser.me/api/portraits/thumb/men/37.jpg'}, 'nat': 'CA'}], 'info': {'seed': '6cb43d1332423494', 'results': 1, 'page': 1, 'version': '1.4'}}</msg>
<arg>${json_data}</arg>
<doc>Logs the given message with the given level.</doc>
<status status="PASS" start="2024-06-22T04:16:59.678940" elapsed="0.000311"/>
</kw>
<kw name="Should Be String" owner="String">
<arg>${json_data['results'][0]['gender']}</arg>
<doc>Fails if the given ``item`` is not a string.</doc>
<status status="PASS" start="2024-06-22T04:16:59.679706" elapsed="0.000612"/>
</kw>
<kw name="Should Match Regexp" owner="BuiltIn">
<arg>${json_data['results'][0]['email']}</arg>
<arg>^[a-zA-Z0-9._%+-]+@[a-zA-Z0-9.-]+\.[a-zA-Z]{2,}$</arg>
<doc>Fails if ``string`` does not match ``pattern`` as a regular expression.</doc>
<status status="PASS" start="2024-06-22T04:16:59.680631" elapsed="0.000915"/>
</kw>
<kw name="Should Match Regexp" owner="BuiltIn">
<arg>${json_data['results'][0]['dob']['date']}</arg>
<arg>\\d{4}-\\d{2}-\\d{2}T\\d{2}:\\d{2}:\\d{2}\\.\\d{3}Z</arg>
<doc>Fails if ``string`` does not match ``pattern`` as a regular expression.</doc>
<status status="PASS" start="2024-06-22T04:16:59.681843" elapsed="0.000843"/>
</kw>
<kw name="Should Match Regexp" owner="BuiltIn">
<arg>${json_data['results'][0]['registered']['date']}</arg>
<arg>\\d{4}-\\d{2}-\\d{2}T\\d{2}:\\d{2}:\\d{2}\\.\\d{3}Z</arg>
<doc>Fails if ``string`` does not match ``pattern`` as a regular expression.</doc>
<status status="PASS" start="2024-06-22T04:16:59.683008" elapsed="0.000613"/>
</kw>
<kw name="Should Match Regexp" owner="BuiltIn">
<arg>${json_data['results'][0]['picture']['large']}</arg>
<arg>^https?://.*\.(?:png|jpe?g|gif|bmp)$</arg>
<doc>Fails if ``string`` does not match ``pattern`` as a regular expression.</doc>
<status status="PASS" start="2024-06-22T04:16:59.683935" elapsed="0.000790"/>
</kw>
<kw name="Should Match Regexp" owner="BuiltIn">
<arg>${json_data['results'][0]['picture']['medium']}</arg>
<arg>^https?://.*\.(?:png|jpe?g|gif|bmp)$</arg>
<doc>Fails if ``string`` does not match ``pattern`` as a regular expression.</doc>
<status status="PASS" start="2024-06-22T04:16:59.685023" elapsed="0.000580"/>
</kw>
<kw name="Should Match Regexp" owner="BuiltIn">
<arg>${json_data['results'][0]['picture']['thumbnail']}</arg>
<arg>^https?://.*\.(?:png|jpe?g|gif|bmp)$</arg>
<doc>Fails if ``string`` does not match ``pattern`` as a regular expression.</doc>
<status status="PASS" start="2024-06-22T04:16:59.685931" elapsed="0.000600"/>
</kw>
<kw name="Log" owner="BuiltIn">
<msg time="2024-06-22T04:16:59.687462" level="INFO">{'large': 'https://randomuser.me/api/portraits/men/37.jpg', 'medium': 'https://randomuser.me/api/portraits/med/men/37.jpg', 'thumbnail': 'https://randomuser.me/api/portraits/thumb/men/37.jpg'}</msg>
<arg>${json_data['results'][0]['picture']}</arg>
<doc>Logs the given message with the given level.</doc>
<status status="PASS" start="2024-06-22T04:16:59.686890" elapsed="0.000636"/>
</kw>
<status status="PASS" start="2024-06-22T04:16:59.615243" elapsed="0.072650"/>
</kw>
<kw name="Teste de Tipos de Dados - Postcode" owner="random-user-service">
<kw name="GET On Session" owner="RequestsLibrary">
<msg time="2024-06-22T04:16:59.806478" level="INFO">GET Request : url=https://randomuser.me/api 
 path_url=/api 
 headers={'User-Agent': 'python-requests/2.32.3', 'Accept-Encoding': 'gzip, deflate', 'Accept': '*/*', 'Connection': 'keep-alive'} 
 body=None 
 </msg>
<msg time="2024-06-22T04:16:59.806621" level="INFO">GET Response : url=https://randomuser.me/api 
 status=200, reason=OK 
 headers={'Date': 'Sat, 22 Jun 2024 04:16:59 GMT', 'Content-Type': 'application/json; charset=utf-8', 'Transfer-Encoding': 'chunked', 'Connection': 'keep-alive', 'X-Powered-By': 'Express', 'Access-Control-Allow-Origin': '*', 'Cache-Control': 'no-cache', 'ETag': 'W/"49a-uQ3cfOjc+jUuWnMhKN12y6hX+uo"', 'Vary': 'Accept-Encoding', 'Content-Encoding': 'gzip', 'CF-Cache-Status': 'DYNAMIC', 'Report-To': '{"endpoints":[{"url":"https:\\/\\/a.nel.cloudflare.com\\/report\\/v4?s=00QF202hO5KuerKylUbBSvBMM4vJ3349YaPDl8pYNARsbZoGNRHZ%2FvlYLxeaufXaUT%2B7ah7wfyV9iDQuTBkyqV3tD57L6boO4gfNKsbPtvUITiHJaNvj0BiuIsZjsnHY"}],"group":"cf-nel","max_age":604800}', 'NEL': '{"success_fraction":0,"report_to":"cf-nel","max_age":604800}', 'Server': 'cloudflare', 'CF-RAY': '89796d151ab53998-IAD', 'alt-svc': 'h3=":443"; ma=86400'} 
 body={"results":[{"gender":"male","name":{"title":"Mr","first":"Utkarsh","last":"Vernekar"},"location":{"street":{"number":7436,"name":"Jagadamba Centre"},"city":"Silchar","state":"Madhya Pradesh","country":"India","postcode":88699,"coordinates":{"latitude":"10.8628","longitude":"-79.5463"},"timezone":{"offset":"-3:00","description":"Brazil, Buenos Aires, Georgetown"}},"email":"utkarsh.vernekar@example.com","login":{"uuid":"ef5b5d8d-56d0-4bcd-bce1-4d648e89e617","username":"whitebutterfly352","password":"scrabble","salt":"uxZbTV3R","md5":"d043fc38f4ec74f61067ebb0d6396f5b","sha1":"660b9075f24566a156e72f480101a31c3a6f07de","sha256":"97fdba8f1fec8e830e2985d8fb35a3d4ed4dca4e4dfc90bf9b4fae3449e956f3"},"dob":{"date":"1992-05-01T00:39:01.040Z","age":32},"registered":{"date":"2010-04-23T02:44:50.592Z","age":14},"phone":"8856940478","cell":"7936424130","id":{"name":"UIDAI","value":"899146160895"},"picture":{"large":"https://randomuser.me/api/portraits/men/30.jpg","medium":"https://randomuser.me/api/portraits/med/men/30.jpg","thumbnail":"https://randomuser.me/api/portraits/thumb/men/30.jpg"},"nat":"IN"}],"info":{"seed":"d4816fb300403bc0","results":1,"page":1,"version":"1.4"}} 
 </msg>
<msg time="2024-06-22T04:16:59.806710" level="INFO">/opt/hostedtoolcache/Python/3.12.4/x64/lib/python3.12/site-packages/urllib3/connectionpool.py:1099: InsecureRequestWarning: Unverified HTTPS request is being made to host 'randomuser.me'. Adding certificate verification is strongly advised. See: https://urllib3.readthedocs.io/en/latest/advanced-usage.html#tls-warnings
  warnings.warn(</msg>
<msg time="2024-06-22T04:16:59.806844" level="INFO">${response} = &lt;Response [200]&gt;</msg>
<var>${response}</var>
<arg>consultarAPI</arg>
<arg>/api</arg>
<doc>Sends a GET request on a previously created HTTP Session.</doc>
<status status="PASS" start="2024-06-22T04:16:59.688625" elapsed="0.118269"/>
</kw>
<kw name="Set Variable" owner="BuiltIn">
<msg time="2024-06-22T04:16:59.807992" level="INFO">${json_data} = {'results': [{'gender': 'male', 'name': {'title': 'Mr', 'first': 'Utkarsh', 'last': 'Vernekar'}, 'location': {'street': {'number': 7436, 'name': 'Jagadamba Centre'}, 'city': 'Silchar', 'state': 'Madhy...</msg>
<var>${json_data}</var>
<arg>${response.json()}</arg>
<doc>Returns the given values which can then be assigned to a variables.</doc>
<status status="PASS" start="2024-06-22T04:16:59.807466" elapsed="0.000557"/>
</kw>
<kw name="Log" owner="BuiltIn">
<msg time="2024-06-22T04:16:59.808483" level="INFO">{'results': [{'gender': 'male', 'name': {'title': 'Mr', 'first': 'Utkarsh', 'last': 'Vernekar'}, 'location': {'street': {'number': 7436, 'name': 'Jagadamba Centre'}, 'city': 'Silchar', 'state': 'Madhya Pradesh', 'country': 'India', 'postcode': 88699, 'coordinates': {'latitude': '10.8628', 'longitude': '-79.5463'}, 'timezone': {'offset': '-3:00', 'description': 'Brazil, Buenos Aires, Georgetown'}}, 'email': 'utkarsh.vernekar@example.com', 'login': {'uuid': 'ef5b5d8d-56d0-4bcd-bce1-4d648e89e617', 'username': 'whitebutterfly352', 'password': 'scrabble', 'salt': 'uxZbTV3R', 'md5': 'd043fc38f4ec74f61067ebb0d6396f5b', 'sha1': '660b9075f24566a156e72f480101a31c3a6f07de', 'sha256': '97fdba8f1fec8e830e2985d8fb35a3d4ed4dca4e4dfc90bf9b4fae3449e956f3'}, 'dob': {'date': '1992-05-01T00:39:01.040Z', 'age': 32}, 'registered': {'date': '2010-04-23T02:44:50.592Z', 'age': 14}, 'phone': '8856940478', 'cell': '7936424130', 'id': {'name': 'UIDAI', 'value': '899146160895'}, 'picture': {'large': 'https://randomuser.me/api/portraits/men/30.jpg', 'medium': 'https://randomuser.me/api/portraits/med/men/30.jpg', 'thumbnail': 'https://randomuser.me/api/portraits/thumb/men/30.jpg'}, 'nat': 'IN'}], 'info': {'seed': 'd4816fb300403bc0', 'results': 1, 'page': 1, 'version': '1.4'}}</msg>
<arg>${json_data}</arg>
<doc>Logs the given message with the given level.</doc>
<status status="PASS" start="2024-06-22T04:16:59.808329" elapsed="0.000201"/>
</kw>
<kw name="Should Be Equal As Numbers" owner="BuiltIn">
<arg>${json_data['results'][0]['location']['postcode']}</arg>
<arg>${json_data['results'][0]['location']['postcode']}</arg>
<doc>Fails if objects are unequal after converting them to real numbers.</doc>
<status status="PASS" start="2024-06-22T04:16:59.808834" elapsed="0.000628"/>
</kw>
<kw name="Log" owner="BuiltIn">
<msg time="2024-06-22T04:16:59.810160" level="INFO">88699</msg>
<arg>${json_data['results'][0]['location']['postcode']}</arg>
<doc>Logs the given message with the given level.</doc>
<status status="PASS" start="2024-06-22T04:16:59.809649" elapsed="0.000587"/>
</kw>
<status status="PASS" start="2024-06-22T04:16:59.688245" elapsed="0.122252"/>
</kw>
<doc>Testa se os tipos de dados na resposta da API estão corretos.</doc>
<tag>testeTiposDados</tag>
<status status="PASS" start="2024-06-22T04:16:59.614697" elapsed="0.196011"/>
</test>
<test id="s1-s1-t5" name="Validar conteudo" line="35">
<kw name="Teste de Tipos de Conteudo" owner="random-user-service">
<kw name="GET On Session" owner="RequestsLibrary">
<msg time="2024-06-22T04:16:59.875437" level="INFO">GET Request : url=https://randomuser.me/api 
 path_url=/api 
 headers={'User-Agent': 'python-requests/2.32.3', 'Accept-Encoding': 'gzip, deflate', 'Accept': '*/*', 'Connection': 'keep-alive'} 
 body=None 
 </msg>
<msg time="2024-06-22T04:16:59.875518" level="INFO">GET Response : url=https://randomuser.me/api 
 status=200, reason=OK 
 headers={'Date': 'Sat, 22 Jun 2024 04:16:59 GMT', 'Content-Type': 'application/json; charset=utf-8', 'Transfer-Encoding': 'chunked', 'Connection': 'keep-alive', 'X-Powered-By': 'Express', 'Access-Control-Allow-Origin': '*', 'Cache-Control': 'no-cache', 'ETag': 'W/"4a0-XvhvG1wQafHa1cHn1c84vvXRFok"', 'Vary': 'Accept-Encoding', 'Content-Encoding': 'gzip', 'CF-Cache-Status': 'DYNAMIC', 'Report-To': '{"endpoints":[{"url":"https:\\/\\/a.nel.cloudflare.com\\/report\\/v4?s=17M9nTisYYNseloDM6VRjuHDoVIUMgfdrW8xUtcWITf3vftQ2MPBLues%2B9d47d1PT9bsHvwIBo78bIeRLrvG8XWKagjuQ%2F9%2FESh%2FxroWtgeuJ5MKY%2BZwln8wcKvm0m5F"}],"group":"cf-nel","max_age":604800}', 'NEL': '{"success_fraction":0,"report_to":"cf-nel","max_age":604800}', 'Server': 'cloudflare', 'CF-RAY': '89796d15db5b3998-IAD', 'alt-svc': 'h3=":443"; ma=86400'} 
 body={"results":[{"gender":"male","name":{"title":"Monsieur","first":"Andy","last":"Roche"},"location":{"street":{"number":3567,"name":"Rue de L'Église"},"city":"Torny","state":"Basel-Stadt","country":"Switzerland","postcode":4612,"coordinates":{"latitude":"-62.0177","longitude":"-160.5737"},"timezone":{"offset":"-3:00","description":"Brazil, Buenos Aires, Georgetown"}},"email":"andy.roche@example.com","login":{"uuid":"1e559d22-d5a3-49aa-9c08-ad636d873e8d","username":"beautifulleopard663","password":"scarface","salt":"2wNnMNOh","md5":"0ee88f6b9aeb44757dad9278c59a855d","sha1":"c67978760054d1d61003d33c1db8f180ae849250","sha256":"116f5eeadf4ab2bdce4c1d6babf4c26a9ecf057ff3a9352bd6ce2f1e935090fb"},"dob":{"date":"1992-01-23T17:44:56.495Z","age":32},"registered":{"date":"2010-12-17T14:33:43.139Z","age":13},"phone":"079 542 85 85","cell":"079 079 08 47","id":{"name":"AVS","value":"756.7368.5641.54"},"picture":{"large":"https://randomuser.me/api/portraits/men/21.jpg","medium":"https://randomuser.me/api/portraits/med/men/21.jpg","thumbnail":"https://randomuser.me/api/portraits/thumb/men/21.jpg"},"nat":"CH"}],"info":{"seed":"0f27d228e5d6aa7a","results":1,"page":1,"version":"1.4"}} 
 </msg>
<msg time="2024-06-22T04:16:59.875592" level="INFO">/opt/hostedtoolcache/Python/3.12.4/x64/lib/python3.12/site-packages/urllib3/connectionpool.py:1099: InsecureRequestWarning: Unverified HTTPS request is being made to host 'randomuser.me'. Adding certificate verification is strongly advised. See: https://urllib3.readthedocs.io/en/latest/advanced-usage.html#tls-warnings
  warnings.warn(</msg>
<msg time="2024-06-22T04:16:59.875699" level="INFO">${response} = &lt;Response [200]&gt;</msg>
<var>${response}</var>
<arg>consultarAPI</arg>
<arg>/api</arg>
<doc>Sends a GET request on a previously created HTTP Session.</doc>
<status status="PASS" start="2024-06-22T04:16:59.813147" elapsed="0.062579"/>
</kw>
<kw name="Set Variable" owner="BuiltIn">
<msg time="2024-06-22T04:16:59.876591" level="INFO">${json_data} = {'results': [{'gender': 'male', 'name': {'title': 'Monsieur', 'first': 'Andy', 'last': 'Roche'}, 'location': {'street': {'number': 3567, 'name': "Rue de L'Église"}, 'city': 'Torny', 'state': 'Basel-St...</msg>
<var>${json_data}</var>
<arg>${response.json()}</arg>
<doc>Returns the given values which can then be assigned to a variables.</doc>
<status status="PASS" start="2024-06-22T04:16:59.876134" elapsed="0.000487"/>
</kw>
<kw name="Set Variable" owner="BuiltIn">
<msg time="2024-06-22T04:16:59.877287" level="INFO">${name_title} = Monsieur</msg>
<var>${name_title}</var>
<arg>${json_data["results"][0]["name"]["title"]}</arg>
<doc>Returns the given values which can then be assigned to a variables.</doc>
<status status="PASS" start="2024-06-22T04:16:59.876919" elapsed="0.000393"/>
</kw>
<kw name="Create List" owner="BuiltIn">
<msg time="2024-06-22T04:16:59.877748" level="INFO">${allowed_titles} = ['Mr', 'Ms', 'Miss', 'Mrs', 'Madame', 'Monsieur']</msg>
<var>${allowed_titles}</var>
<arg>Mr</arg>
<arg>Ms</arg>
<arg>Miss</arg>
<arg>Mrs</arg>
<arg>Madame</arg>
<arg>Monsieur</arg>
<doc>Returns a list containing given items.</doc>
<status status="PASS" start="2024-06-22T04:16:59.877603" elapsed="0.000168"/>
</kw>
<kw name="List Should Contain Value" owner="Collections">
<arg>${allowed_titles}</arg>
<arg>${name_title}</arg>
<doc>Fails if the ``value`` is not found from ``list``.</doc>
<status status="PASS" start="2024-06-22T04:16:59.878070" elapsed="0.000173"/>
</kw>
<kw name="Set Variable" owner="BuiltIn">
<msg time="2024-06-22T04:16:59.878826" level="INFO">${name_country} = CH</msg>
<var>${name_country}</var>
<arg>${json_data["results"][0]["nat"]}</arg>
<doc>Returns the given values which can then be assigned to a variables.</doc>
<status status="PASS" start="2024-06-22T04:16:59.878418" elapsed="0.000434"/>
</kw>
<kw name="Create List" owner="BuiltIn">
<msg time="2024-06-22T04:16:59.879733" level="INFO">${list_country} = ['AD', 'AE', 'AF', 'AG', 'AI', 'AL', 'AM', 'AO', 'AQ', 'AR', 'AS', 'AT', 'AU', 'AW', 'AX', 'AZ', 'BA', 'BB', 'BD', 'BE', 'BF', 'BG', 'BH', 'BI', 'BJ', 'BL', 'BM', 'BN', 'BO', 'BQ', 'BR', 'BS', 'BT', '...</msg>
<var>${list_country}</var>
<arg>AD</arg>
<arg>AE</arg>
<arg>AF</arg>
<arg>AG</arg>
<arg>AI</arg>
<arg>AL</arg>
<arg>AM</arg>
<arg>AO</arg>
<arg>AQ</arg>
<arg>AR</arg>
<arg>AS</arg>
<arg>AT</arg>
<arg>AU</arg>
<arg>AW</arg>
<arg>AX</arg>
<arg>AZ</arg>
<arg>BA</arg>
<arg>BB</arg>
<arg>BD</arg>
<arg>BE</arg>
<arg>BF</arg>
<arg>BG</arg>
<arg>BH</arg>
<arg>BI</arg>
<arg>BJ</arg>
<arg>BL</arg>
<arg>BM</arg>
<arg>BN</arg>
<arg>BO</arg>
<arg>BQ</arg>
<arg>BR</arg>
<arg>BS</arg>
<arg>BT</arg>
<arg>BV</arg>
<arg>BW</arg>
<arg>BY</arg>
<arg>BZ</arg>
<arg>CA</arg>
<arg>CC</arg>
<arg>CD</arg>
<arg>CF</arg>
<arg>CG</arg>
<arg>CH</arg>
<arg>CI</arg>
<arg>CK</arg>
<arg>CL</arg>
<arg>CM</arg>
<arg>CN</arg>
<arg>CO</arg>
<arg>CR</arg>
<arg>CU</arg>
<arg>CV</arg>
<arg>CW</arg>
<arg>CX</arg>
<arg>CY</arg>
<arg>CZ</arg>
<arg>DE</arg>
<arg>DJ</arg>
<arg>DK</arg>
<arg>DM</arg>
<arg>DO</arg>
<arg>DZ</arg>
<arg>EC</arg>
<arg>EE</arg>
<arg>EG</arg>
<arg>EH</arg>
<arg>ER</arg>
<arg>ES</arg>
<arg>ET</arg>
<arg>FI</arg>
<arg>FJ</arg>
<arg>FK</arg>
<arg>FM</arg>
<arg>FO</arg>
<arg>FR</arg>
<arg>GA</arg>
<arg>GB</arg>
<arg>GD</arg>
<arg>GE</arg>
<arg>GF</arg>
<arg>GG</arg>
<arg>GH</arg>
<arg>GI</arg>
<arg>GL</arg>
<arg>GM</arg>
<arg>GN</arg>
<arg>GP</arg>
<arg>GQ</arg>
<arg>GR</arg>
<arg>GS</arg>
<arg>GT</arg>
<arg>GU</arg>
<arg>GW</arg>
<arg>GY</arg>
<arg>HK</arg>
<arg>HM</arg>
<arg>HN</arg>
<arg>HR</arg>
<arg>HT</arg>
<arg>HU</arg>
<arg>ID</arg>
<arg>IE</arg>
<arg>IL</arg>
<arg>IM</arg>
<arg>IN</arg>
<arg>IO</arg>
<arg>IQ</arg>
<arg>IR</arg>
<arg>IS</arg>
<arg>IT</arg>
<arg>JE</arg>
<arg>JM</arg>
<arg>JO</arg>
<arg>JP</arg>
<arg>KE</arg>
<arg>KG</arg>
<arg>KH</arg>
<arg>KI</arg>
<arg>KM</arg>
<arg>KN</arg>
<arg>KP</arg>
<arg>KR</arg>
<arg>KW</arg>
<arg>KY</arg>
<arg>KZ</arg>
<arg>LA</arg>
<arg>LB</arg>
<arg>LC</arg>
<arg>LI</arg>
<arg>LK</arg>
<arg>LR</arg>
<arg>LS</arg>
<arg>LT</arg>
<arg>LU</arg>
<arg>LV</arg>
<arg>LY</arg>
<arg>MA</arg>
<arg>MC</arg>
<arg>MD</arg>
<arg>ME</arg>
<arg>MF</arg>
<arg>MG</arg>
<arg>MH</arg>
<arg>MK</arg>
<arg>ML</arg>
<arg>MM</arg>
<arg>MN</arg>
<arg>MO</arg>
<arg>MP</arg>
<arg>MQ</arg>
<arg>MR</arg>
<arg>MS</arg>
<arg>MT</arg>
<arg>MU</arg>
<arg>MV</arg>
<arg>MW</arg>
<arg>MX</arg>
<arg>MY</arg>
<arg>MZ</arg>
<arg>NA</arg>
<arg>NC</arg>
<arg>NE</arg>
<arg>NF</arg>
<arg>NG</arg>
<arg>NI</arg>
<arg>NL</arg>
<arg>NO</arg>
<arg>NP</arg>
<arg>NR</arg>
<arg>NU</arg>
<arg>NZ</arg>
<arg>OM</arg>
<arg>PA</arg>
<arg>PE</arg>
<arg>PF</arg>
<arg>PG</arg>
<arg>PH</arg>
<arg>PK</arg>
<arg>PL</arg>
<arg>PM</arg>
<arg>PN</arg>
<arg>PR</arg>
<arg>PS</arg>
<arg>PT</arg>
<arg>PW</arg>
<arg>PY</arg>
<arg>QA</arg>
<arg>RE</arg>
<arg>RO</arg>
<arg>RS</arg>
<arg>RU</arg>
<arg>RW</arg>
<arg>SA</arg>
<arg>SB</arg>
<arg>SC</arg>
<arg>SD</arg>
<arg>SE</arg>
<arg>SG</arg>
<arg>SH</arg>
<arg>SI</arg>
<arg>SJ</arg>
<arg>SK</arg>
<arg>SL</arg>
<arg>SM</arg>
<arg>SN</arg>
<arg>SO</arg>
<arg>SR</arg>
<arg>SS</arg>
<arg>ST</arg>
<arg>SV</arg>
<arg>SX</arg>
<arg>SY</arg>
<arg>SZ</arg>
<arg>TC</arg>
<arg>TD</arg>
<arg>TF</arg>
<arg>TG</arg>
<arg>TH</arg>
<arg>TJ</arg>
<arg>TK</arg>
<arg>TL</arg>
<arg>TM</arg>
<arg>TN</arg>
<arg>TO</arg>
<arg>TR</arg>
<arg>TT</arg>
<arg>TV</arg>
<arg>TW</arg>
<arg>TZ</arg>
<arg>UA</arg>
<arg>UG</arg>
<arg>UM</arg>
<arg>US</arg>
<arg>UY</arg>
<arg>UZ</arg>
<arg>VA</arg>
<arg>VC</arg>
<arg>VE</arg>
<arg>VG</arg>
<arg>VI</arg>
<arg>VN</arg>
<arg>VU</arg>
<arg>WF</arg>
<arg>WS</arg>
<arg>XK</arg>
<arg>YE</arg>
<arg>YT</arg>
<arg>ZA</arg>
<arg>ZM</arg>
<arg>ZW</arg>
<doc>Returns a list containing given items.</doc>
<status status="PASS" start="2024-06-22T04:16:59.879141" elapsed="0.000618"/>
</kw>
<kw name="List Should Contain Value" owner="Collections">
<arg>${list_country}</arg>
<arg>${name_country}</arg>
<doc>Fails if the ``value`` is not found from ``list``.</doc>
<status status="PASS" start="2024-06-22T04:16:59.880552" elapsed="0.000201"/>
</kw>
<kw name="Run Keyword If" owner="BuiltIn">
<kw name="Should Be True" owner="BuiltIn">
<arg>${True}</arg>
<doc>Fails if the given condition is not true.</doc>
<status status="PASS" start="2024-06-22T04:16:59.881696" elapsed="0.000140"/>
</kw>
<arg>${json_data["results"][0]["location"]["coordinates"]["latitude"]} &gt;= -90 and ${json_data["results"][0]["location"]["coordinates"]["latitude"]} &lt;= 90</arg>
<arg>Should Be True</arg>
<arg>${True}</arg>
<doc>Runs the given keyword with the given arguments, if ``condition`` is true.</doc>
<status status="PASS" start="2024-06-22T04:16:59.880953" elapsed="0.001008"/>
</kw>
<kw name="Run Keyword If" owner="BuiltIn">
<kw name="Should Be True" owner="BuiltIn">
<arg>${True}</arg>
<doc>Fails if the given condition is not true.</doc>
<status status="PASS" start="2024-06-22T04:16:59.882852" elapsed="0.000229"/>
</kw>
<arg>${json_data["results"][0]["location"]["coordinates"]["longitude"]} &gt;= -180 and ${json_data["results"][0]["location"]["coordinates"]["longitude"]} &lt;= 180</arg>
<arg>Should Be True</arg>
<arg>${True}</arg>
<doc>Runs the given keyword with the given arguments, if ``condition`` is true.</doc>
<status status="PASS" start="2024-06-22T04:16:59.882140" elapsed="0.001067"/>
</kw>
<status status="PASS" start="2024-06-22T04:16:59.812923" elapsed="0.070415"/>
</kw>
<doc>Testa o conteúdo específico dos campos retornados pela API.</doc>
<tag>testeConteudo</tag>
<status status="PASS" start="2024-06-22T04:16:59.812468" elapsed="0.071021"/>
</test>
<status status="PASS" start="2024-06-22T04:16:59.057905" elapsed="0.827546"/>
</suite>
<status status="PASS" start="2024-06-22T04:16:59.043736" elapsed="0.846754"/>
</suite>
<statistics>
<total>
<stat pass="5" fail="0" skip="0">All Tests</stat>
</total>
<tag>
<stat pass="1" fail="0" skip="0">testeConteudo</stat>
<stat pass="1" fail="0" skip="0">testeEstruturaResposta</stat>
<stat pass="1" fail="0" skip="0">testeRequisicaoBasica</stat>
<stat pass="1" fail="0" skip="0">testeTiposDados</stat>
</tag>
<suite>
<stat pass="5" fail="0" skip="0" id="s1" name="Tests">Tests</stat>
<stat pass="5" fail="0" skip="0" id="s1-s1" name="Random-User-Test">Tests.Random-User-Test</stat>
</suite>
</statistics>
<errors>
</errors>
</robot>
