<?xml version="1.0" encoding="UTF-8"?>
<robot generator="Robot 7.0.1 (Python 3.12.4 on linux)" generated="2024-07-26T21:14:26.886911" rpa="false" schemaversion="5">
<suite id="s1" name="Tests" source="/home/runner/work/ApiRandomUser/ApiRandomUser/RamdonUser/tests">
<suite id="s1-s1" name="Random-User-Test" source="/home/runner/work/ApiRandomUser/ApiRandomUser/RamdonUser/tests/random-user-test.robot">
<test id="s1-s1-t1" name="Conectar" line="13">
<kw name="Conectar API" owner="random-user-service">
<kw name="Create Session" owner="RequestsLibrary">
<msg time="2024-07-26T21:14:27.326491" level="INFO">Creating Session using : alias=consultarAPI, url=https://randomuser.me/, headers={},                     cookies={}, auth=None, timeout=None, proxies=None, verify=False,                     debug=0 </msg>
<arg>consultarAPI</arg>
<arg>${URL}</arg>
<doc>Create Session: create a HTTP session to a server</doc>
<status status="PASS" start="2024-07-26T21:14:27.326254" elapsed="0.000450"/>
</kw>
<status status="PASS" start="2024-07-26T21:14:27.325159" elapsed="0.001933"/>
</kw>
<status status="PASS" start="2024-07-26T21:14:27.324504" elapsed="0.002784"/>
</test>
<test id="s1-s1-t2" name="Validar retorno 200 e JSON Válido" line="16">
<kw name="Teste de Requisicao Basica" owner="random-user-service">
<kw name="GET On Session" owner="RequestsLibrary">
<msg time="2024-07-26T21:14:27.547433" level="INFO">GET Request : url=https://randomuser.me/api 
 path_url=/api 
 headers={'User-Agent': 'python-requests/2.32.3', 'Accept-Encoding': 'gzip, deflate', 'Accept': '*/*', 'Connection': 'keep-alive'} 
 body=None 
 </msg>
<msg time="2024-07-26T21:14:27.547595" level="INFO">GET Response : url=https://randomuser.me/api 
 status=200, reason=OK 
 headers={'Date': 'Fri, 26 Jul 2024 21:14:27 GMT', 'Content-Type': 'application/json; charset=utf-8', 'Transfer-Encoding': 'chunked', 'Connection': 'keep-alive', 'X-Powered-By': 'Express', 'Access-Control-Allow-Origin': '*', 'Cache-Control': 'no-cache', 'ETag': 'W/"490-4whjqF3FGdsHDgdT2aXHro8jK5o"', 'Vary': 'Accept-Encoding', 'Content-Encoding': 'gzip', 'CF-Cache-Status': 'DYNAMIC', 'Report-To': '{"endpoints":[{"url":"https:\\/\\/a.nel.cloudflare.com\\/report\\/v4?s=7rIiE59NSgQf%2BNvMUMW%2B7Y0mkZiQFB%2FY4MvX17N84qrrdb1CgcE5JXyr7xEkkIKJhi9cEGJXrA8fXEHR%2FdJG8hGQPVcL7BYThWbw7yMpqKuExJVYiCLLYUz5sn36dJj0"}],"group":"cf-nel","max_age":604800}', 'NEL': '{"success_fraction":0,"report_to":"cf-nel","max_age":604800}', 'Server': 'cloudflare', 'CF-RAY': '8a9766419f8fcf11-SJC', 'alt-svc': 'h3=":443"; ma=86400'} 
 body={"results":[{"gender":"male","name":{"title":"Mr","first":"Liam","last":"Jean-Baptiste"},"location":{"street":{"number":5738,"name":"15th St"},"city":"Dorchester","state":"New Brunswick","country":"Canada","postcode":"X3R 4P4","coordinates":{"latitude":"-67.2539","longitude":"-179.9775"},"timezone":{"offset":"-1:00","description":"Azores, Cape Verde Islands"}},"email":"liam.jean-baptiste@example.com","login":{"uuid":"86690448-9fd1-471c-98ea-62e2ca6f0803","username":"whitemouse469","password":"little","salt":"J9ZgDdXv","md5":"77618e553c4f6e8dbad25f1d19cfc631","sha1":"1e39025c0c895470921a521eb511c21bb1253815","sha256":"0760498ebb03326a77e1adfbe4311b46bd12cb92c0597943fe1b36fb4a1c023b"},"dob":{"date":"1954-06-26T22:29:50.230Z","age":70},"registered":{"date":"2020-11-26T07:54:13.453Z","age":3},"phone":"U64 Z05-0218","cell":"M78 D83-0189","id":{"name":"SIN","value":"454875816"},"picture":{"large":"https://randomuser.me/api/portraits/men/14.jpg","medium":"https://randomuser.me/api/portraits/med/men/14.jpg","thumbnail":"https://randomuser.me/api/portraits/thumb/men/14.jpg"},"nat":"CA"}],"info":{"seed":"fcd70ff3ed6db216","results":1,"page":1,"version":"1.4"}} 
 </msg>
<msg time="2024-07-26T21:14:27.547680" level="INFO">/opt/hostedtoolcache/Python/3.12.4/x64/lib/python3.12/site-packages/urllib3/connectionpool.py:1099: InsecureRequestWarning: Unverified HTTPS request is being made to host 'randomuser.me'. Adding certificate verification is strongly advised. See: https://urllib3.readthedocs.io/en/latest/advanced-usage.html#tls-warnings
  warnings.warn(</msg>
<msg time="2024-07-26T21:14:27.547923" level="INFO">${response} = &lt;Response [200]&gt;</msg>
<var>${response}</var>
<arg>consultarAPI</arg>
<arg>/api</arg>
<doc>Sends a GET request on a previously created HTTP Session.</doc>
<status status="PASS" start="2024-07-26T21:14:27.330013" elapsed="0.217955"/>
</kw>
<kw name="Should Be Equal As Numbers" owner="BuiltIn">
<msg time="2024-07-26T21:14:27.548987" level="INFO">Argument types are:
&lt;class 'int'&gt;
&lt;class 'str'&gt;</msg>
<arg>${response.status_code}</arg>
<arg>200</arg>
<doc>Fails if objects are unequal after converting them to real numbers.</doc>
<status status="PASS" start="2024-07-26T21:14:27.548508" elapsed="0.000546"/>
</kw>
<kw name="Log" owner="BuiltIn">
<msg time="2024-07-26T21:14:27.549721" level="INFO">200</msg>
<arg>${response.status_code}</arg>
<doc>Logs the given message with the given level.</doc>
<status status="PASS" start="2024-07-26T21:14:27.549368" elapsed="0.000395"/>
</kw>
<kw name="Set Variable" owner="BuiltIn">
<msg time="2024-07-26T21:14:27.550506" level="INFO">${json_data} = {'results': [{'gender': 'male', 'name': {'title': 'Mr', 'first': 'Liam', 'last': 'Jean-Baptiste'}, 'location': {'street': {'number': 5738, 'name': '15th St'}, 'city': 'Dorchester', 'state': 'New Bruns...</msg>
<var>${json_data}</var>
<arg>${response.json()}</arg>
<doc>Returns the given values which can then be assigned to a variables.</doc>
<status status="PASS" start="2024-07-26T21:14:27.550076" elapsed="0.000457"/>
</kw>
<kw name="Dictionary Should Contain Key" owner="Collections">
<arg>${json_data}</arg>
<arg>results</arg>
<doc>Fails if ``key`` is not found from ``dictionary``.</doc>
<status status="PASS" start="2024-07-26T21:14:27.550834" elapsed="0.000329"/>
</kw>
<status status="PASS" start="2024-07-26T21:14:27.329766" elapsed="0.221566"/>
</kw>
<doc>Testa se a API responde corretamente e retorna um objeto JSON válido.</doc>
<tag>testeRequisicaoBasica</tag>
<status status="PASS" start="2024-07-26T21:14:27.329243" elapsed="0.222271"/>
</test>
<test id="s1-s1-t3" name="Validar estrutura de resposta" line="22">
<kw name="Teste de Estrutura de Resposta" owner="random-user-service">
<kw name="GET On Session" owner="RequestsLibrary">
<msg time="2024-07-26T21:14:27.649851" level="INFO">GET Request : url=https://randomuser.me/api 
 path_url=/api 
 headers={'User-Agent': 'python-requests/2.32.3', 'Accept-Encoding': 'gzip, deflate', 'Accept': '*/*', 'Connection': 'keep-alive'} 
 body=None 
 </msg>
<msg time="2024-07-26T21:14:27.649952" level="INFO">GET Response : url=https://randomuser.me/api 
 status=200, reason=OK 
 headers={'Date': 'Fri, 26 Jul 2024 21:14:27 GMT', 'Content-Type': 'application/json; charset=utf-8', 'Transfer-Encoding': 'chunked', 'Connection': 'keep-alive', 'X-Powered-By': 'Express', 'Access-Control-Allow-Origin': '*', 'Cache-Control': 'no-cache', 'ETag': 'W/"476-SMwfG9JttWeYOYsNejp4uOxPC0A"', 'Vary': 'Accept-Encoding', 'Content-Encoding': 'gzip', 'CF-Cache-Status': 'DYNAMIC', 'Report-To': '{"endpoints":[{"url":"https:\\/\\/a.nel.cloudflare.com\\/report\\/v4?s=p9PWLlRltrC8aOnUVSau%2BsfSvADI7zyqNEL94bPJCE2IhL6Ic5plBEabm93WrWROvzUoKRS%2FxmuREreqvCi%2Fehk2guAG6%2B02YyXObiv%2FzINt2KQ2Jtz44kRdOSPpkfaB"}],"group":"cf-nel","max_age":604800}', 'NEL': '{"success_fraction":0,"report_to":"cf-nel","max_age":604800}', 'Server': 'cloudflare', 'CF-RAY': '8a9766423801cf11-SJC', 'alt-svc': 'h3=":443"; ma=86400'} 
 body={"results":[{"gender":"female","name":{"title":"Mrs","first":"Michelle","last":"Hawkins"},"location":{"street":{"number":5126,"name":"Tara Street"},"city":"Clane","state":"Fingal","country":"Ireland","postcode":46383,"coordinates":{"latitude":"-3.6300","longitude":"58.2554"},"timezone":{"offset":"-2:00","description":"Mid-Atlantic"}},"email":"michelle.hawkins@example.com","login":{"uuid":"b6568d44-667b-4a5e-931b-0008a48615be","username":"sadbear104","password":"amanda","salt":"zDTPt41o","md5":"39e3238b6106f449da4792e6f64ab8d6","sha1":"c602c228dbd575f2a32e58644d8459fc5a025f9a","sha256":"4856710f1bcde101240e3fd28cb89bfaf5119f5046d7ad5c9593387e40534f41"},"dob":{"date":"1945-12-07T14:06:57.569Z","age":78},"registered":{"date":"2012-11-03T10:30:03.458Z","age":11},"phone":"031-540-3784","cell":"081-687-2548","id":{"name":"PPS","value":"2472620T"},"picture":{"large":"https://randomuser.me/api/portraits/women/61.jpg","medium":"https://randomuser.me/api/portraits/med/women/61.jpg","thumbnail":"https://randomuser.me/api/portraits/thumb/women/61.jpg"},"nat":"IE"}],"info":{"seed":"c40a5bc84f1f388f","results":1,"page":1,"version":"1.4"}} 
 </msg>
<msg time="2024-07-26T21:14:27.650095" level="INFO">/opt/hostedtoolcache/Python/3.12.4/x64/lib/python3.12/site-packages/urllib3/connectionpool.py:1099: InsecureRequestWarning: Unverified HTTPS request is being made to host 'randomuser.me'. Adding certificate verification is strongly advised. See: https://urllib3.readthedocs.io/en/latest/advanced-usage.html#tls-warnings
  warnings.warn(</msg>
<msg time="2024-07-26T21:14:27.650227" level="INFO">${response} = &lt;Response [200]&gt;</msg>
<var>${response}</var>
<arg>consultarAPI</arg>
<arg>/api</arg>
<doc>Sends a GET request on a previously created HTTP Session.</doc>
<status status="PASS" start="2024-07-26T21:14:27.554549" elapsed="0.095724"/>
</kw>
<kw name="Set Variable" owner="BuiltIn">
<msg time="2024-07-26T21:14:27.651278" level="INFO">${json_data} = {'results': [{'gender': 'female', 'name': {'title': 'Mrs', 'first': 'Michelle', 'last': 'Hawkins'}, 'location': {'street': {'number': 5126, 'name': 'Tara Street'}, 'city': 'Clane', 'state': 'Fingal', ...</msg>
<var>${json_data}</var>
<arg>${response.json()}</arg>
<doc>Returns the given values which can then be assigned to a variables.</doc>
<status status="PASS" start="2024-07-26T21:14:27.650793" elapsed="0.000514"/>
</kw>
<kw name="Log" owner="BuiltIn">
<msg time="2024-07-26T21:14:27.651799" level="INFO">{'results': [{'gender': 'female', 'name': {'title': 'Mrs', 'first': 'Michelle', 'last': 'Hawkins'}, 'location': {'street': {'number': 5126, 'name': 'Tara Street'}, 'city': 'Clane', 'state': 'Fingal', 'country': 'Ireland', 'postcode': 46383, 'coordinates': {'latitude': '-3.6300', 'longitude': '58.2554'}, 'timezone': {'offset': '-2:00', 'description': 'Mid-Atlantic'}}, 'email': 'michelle.hawkins@example.com', 'login': {'uuid': 'b6568d44-667b-4a5e-931b-0008a48615be', 'username': 'sadbear104', 'password': 'amanda', 'salt': 'zDTPt41o', 'md5': '39e3238b6106f449da4792e6f64ab8d6', 'sha1': 'c602c228dbd575f2a32e58644d8459fc5a025f9a', 'sha256': '4856710f1bcde101240e3fd28cb89bfaf5119f5046d7ad5c9593387e40534f41'}, 'dob': {'date': '1945-12-07T14:06:57.569Z', 'age': 78}, 'registered': {'date': '2012-11-03T10:30:03.458Z', 'age': 11}, 'phone': '031-540-3784', 'cell': '081-687-2548', 'id': {'name': 'PPS', 'value': '2472620T'}, 'picture': {'large': 'https://randomuser.me/api/portraits/women/61.jpg', 'medium': 'https://randomuser.me/api/portraits/med/women/61.jpg', 'thumbnail': 'https://randomuser.me/api/portraits/thumb/women/61.jpg'}, 'nat': 'IE'}], 'info': {'seed': 'c40a5bc84f1f388f', 'results': 1, 'page': 1, 'version': '1.4'}}</msg>
<arg>${json_data}</arg>
<doc>Logs the given message with the given level.</doc>
<status status="PASS" start="2024-07-26T21:14:27.651608" elapsed="0.000245"/>
</kw>
<kw name="Dictionary Should Contain Key" owner="Collections">
<arg>${json_data}</arg>
<arg>results</arg>
<doc>Fails if ``key`` is not found from ``dictionary``.</doc>
<status status="PASS" start="2024-07-26T21:14:27.652155" elapsed="0.000163"/>
</kw>
<kw name="Should Not Be Empty" owner="BuiltIn">
<msg time="2024-07-26T21:14:27.652623" level="INFO">Length is 2.</msg>
<arg>${json_data}</arg>
<doc>Verifies that the given item is not empty.</doc>
<status status="PASS" start="2024-07-26T21:14:27.652501" elapsed="0.000159"/>
</kw>
<kw name="Create List" owner="BuiltIn">
<msg time="2024-07-26T21:14:27.653095" level="INFO">${expected_keys} = ['gender', 'name', 'location', 'email', 'login']</msg>
<var>${expected_keys}</var>
<arg>gender</arg>
<arg>name</arg>
<arg>location</arg>
<arg>email</arg>
<arg>login</arg>
<doc>Returns a list containing given items.</doc>
<status status="PASS" start="2024-07-26T21:14:27.652942" elapsed="0.000177"/>
</kw>
<for flavor="IN">
<iter>
<kw name="Dictionary Should Contain Key" owner="Collections">
<arg>${json_data['results'][0]}</arg>
<arg>${key}</arg>
<doc>Fails if ``key`` is not found from ``dictionary``.</doc>
<status status="PASS" start="2024-07-26T21:14:27.653692" elapsed="0.000407"/>
</kw>
<kw name="Log" owner="BuiltIn">
<msg time="2024-07-26T21:14:27.654633" level="INFO">{'gender': 'female', 'name': {'title': 'Mrs', 'first': 'Michelle', 'last': 'Hawkins'}, 'location': {'street': {'number': 5126, 'name': 'Tara Street'}, 'city': 'Clane', 'state': 'Fingal', 'country': 'Ireland', 'postcode': 46383, 'coordinates': {'latitude': '-3.6300', 'longitude': '58.2554'}, 'timezone': {'offset': '-2:00', 'description': 'Mid-Atlantic'}}, 'email': 'michelle.hawkins@example.com', 'login': {'uuid': 'b6568d44-667b-4a5e-931b-0008a48615be', 'username': 'sadbear104', 'password': 'amanda', 'salt': 'zDTPt41o', 'md5': '39e3238b6106f449da4792e6f64ab8d6', 'sha1': 'c602c228dbd575f2a32e58644d8459fc5a025f9a', 'sha256': '4856710f1bcde101240e3fd28cb89bfaf5119f5046d7ad5c9593387e40534f41'}, 'dob': {'date': '1945-12-07T14:06:57.569Z', 'age': 78}, 'registered': {'date': '2012-11-03T10:30:03.458Z', 'age': 11}, 'phone': '031-540-3784', 'cell': '081-687-2548', 'id': {'name': 'PPS', 'value': '2472620T'}, 'picture': {'large': 'https://randomuser.me/api/portraits/women/61.jpg', 'medium': 'https://randomuser.me/api/portraits/med/women/61.jpg', 'thumbnail': 'https://randomuser.me/api/portraits/thumb/women/61.jpg'}, 'nat': 'IE'}</msg>
<arg>${json_data['results'][0]}</arg>
<doc>Logs the given message with the given level.</doc>
<status status="PASS" start="2024-07-26T21:14:27.654279" elapsed="0.000402"/>
</kw>
<kw name="Log" owner="BuiltIn">
<msg time="2024-07-26T21:14:27.655103" level="INFO">gender</msg>
<arg>${key}</arg>
<doc>Logs the given message with the given level.</doc>
<status status="PASS" start="2024-07-26T21:14:27.654976" elapsed="0.000163"/>
</kw>
<var name="${key}">gender</var>
<status status="PASS" start="2024-07-26T21:14:27.653565" elapsed="0.001785"/>
</iter>
<iter>
<kw name="Dictionary Should Contain Key" owner="Collections">
<arg>${json_data['results'][0]}</arg>
<arg>${key}</arg>
<doc>Fails if ``key`` is not found from ``dictionary``.</doc>
<status status="PASS" start="2024-07-26T21:14:27.655639" elapsed="0.000397"/>
</kw>
<kw name="Log" owner="BuiltIn">
<msg time="2024-07-26T21:14:27.656574" level="INFO">{'gender': 'female', 'name': {'title': 'Mrs', 'first': 'Michelle', 'last': 'Hawkins'}, 'location': {'street': {'number': 5126, 'name': 'Tara Street'}, 'city': 'Clane', 'state': 'Fingal', 'country': 'Ireland', 'postcode': 46383, 'coordinates': {'latitude': '-3.6300', 'longitude': '58.2554'}, 'timezone': {'offset': '-2:00', 'description': 'Mid-Atlantic'}}, 'email': 'michelle.hawkins@example.com', 'login': {'uuid': 'b6568d44-667b-4a5e-931b-0008a48615be', 'username': 'sadbear104', 'password': 'amanda', 'salt': 'zDTPt41o', 'md5': '39e3238b6106f449da4792e6f64ab8d6', 'sha1': 'c602c228dbd575f2a32e58644d8459fc5a025f9a', 'sha256': '4856710f1bcde101240e3fd28cb89bfaf5119f5046d7ad5c9593387e40534f41'}, 'dob': {'date': '1945-12-07T14:06:57.569Z', 'age': 78}, 'registered': {'date': '2012-11-03T10:30:03.458Z', 'age': 11}, 'phone': '031-540-3784', 'cell': '081-687-2548', 'id': {'name': 'PPS', 'value': '2472620T'}, 'picture': {'large': 'https://randomuser.me/api/portraits/women/61.jpg', 'medium': 'https://randomuser.me/api/portraits/med/women/61.jpg', 'thumbnail': 'https://randomuser.me/api/portraits/thumb/women/61.jpg'}, 'nat': 'IE'}</msg>
<arg>${json_data['results'][0]}</arg>
<doc>Logs the given message with the given level.</doc>
<status status="PASS" start="2024-07-26T21:14:27.656217" elapsed="0.000438"/>
</kw>
<kw name="Log" owner="BuiltIn">
<msg time="2024-07-26T21:14:27.657077" level="INFO">name</msg>
<arg>${key}</arg>
<doc>Logs the given message with the given level.</doc>
<status status="PASS" start="2024-07-26T21:14:27.656949" elapsed="0.000165"/>
</kw>
<var name="${key}">name</var>
<status status="PASS" start="2024-07-26T21:14:27.655530" elapsed="0.001796"/>
</iter>
<iter>
<kw name="Dictionary Should Contain Key" owner="Collections">
<arg>${json_data['results'][0]}</arg>
<arg>${key}</arg>
<doc>Fails if ``key`` is not found from ``dictionary``.</doc>
<status status="PASS" start="2024-07-26T21:14:27.657606" elapsed="0.000391"/>
</kw>
<kw name="Log" owner="BuiltIn">
<msg time="2024-07-26T21:14:27.658523" level="INFO">{'gender': 'female', 'name': {'title': 'Mrs', 'first': 'Michelle', 'last': 'Hawkins'}, 'location': {'street': {'number': 5126, 'name': 'Tara Street'}, 'city': 'Clane', 'state': 'Fingal', 'country': 'Ireland', 'postcode': 46383, 'coordinates': {'latitude': '-3.6300', 'longitude': '58.2554'}, 'timezone': {'offset': '-2:00', 'description': 'Mid-Atlantic'}}, 'email': 'michelle.hawkins@example.com', 'login': {'uuid': 'b6568d44-667b-4a5e-931b-0008a48615be', 'username': 'sadbear104', 'password': 'amanda', 'salt': 'zDTPt41o', 'md5': '39e3238b6106f449da4792e6f64ab8d6', 'sha1': 'c602c228dbd575f2a32e58644d8459fc5a025f9a', 'sha256': '4856710f1bcde101240e3fd28cb89bfaf5119f5046d7ad5c9593387e40534f41'}, 'dob': {'date': '1945-12-07T14:06:57.569Z', 'age': 78}, 'registered': {'date': '2012-11-03T10:30:03.458Z', 'age': 11}, 'phone': '031-540-3784', 'cell': '081-687-2548', 'id': {'name': 'PPS', 'value': '2472620T'}, 'picture': {'large': 'https://randomuser.me/api/portraits/women/61.jpg', 'medium': 'https://randomuser.me/api/portraits/med/women/61.jpg', 'thumbnail': 'https://randomuser.me/api/portraits/thumb/women/61.jpg'}, 'nat': 'IE'}</msg>
<arg>${json_data['results'][0]}</arg>
<doc>Logs the given message with the given level.</doc>
<status status="PASS" start="2024-07-26T21:14:27.658180" elapsed="0.000389"/>
</kw>
<kw name="Log" owner="BuiltIn">
<msg time="2024-07-26T21:14:27.658983" level="INFO">location</msg>
<arg>${key}</arg>
<doc>Logs the given message with the given level.</doc>
<status status="PASS" start="2024-07-26T21:14:27.658856" elapsed="0.000166"/>
</kw>
<var name="${key}">location</var>
<status status="PASS" start="2024-07-26T21:14:27.657500" elapsed="0.001737"/>
</iter>
<iter>
<kw name="Dictionary Should Contain Key" owner="Collections">
<arg>${json_data['results'][0]}</arg>
<arg>${key}</arg>
<doc>Fails if ``key`` is not found from ``dictionary``.</doc>
<status status="PASS" start="2024-07-26T21:14:27.659511" elapsed="0.000403"/>
</kw>
<kw name="Log" owner="BuiltIn">
<msg time="2024-07-26T21:14:27.660571" level="INFO">{'gender': 'female', 'name': {'title': 'Mrs', 'first': 'Michelle', 'last': 'Hawkins'}, 'location': {'street': {'number': 5126, 'name': 'Tara Street'}, 'city': 'Clane', 'state': 'Fingal', 'country': 'Ireland', 'postcode': 46383, 'coordinates': {'latitude': '-3.6300', 'longitude': '58.2554'}, 'timezone': {'offset': '-2:00', 'description': 'Mid-Atlantic'}}, 'email': 'michelle.hawkins@example.com', 'login': {'uuid': 'b6568d44-667b-4a5e-931b-0008a48615be', 'username': 'sadbear104', 'password': 'amanda', 'salt': 'zDTPt41o', 'md5': '39e3238b6106f449da4792e6f64ab8d6', 'sha1': 'c602c228dbd575f2a32e58644d8459fc5a025f9a', 'sha256': '4856710f1bcde101240e3fd28cb89bfaf5119f5046d7ad5c9593387e40534f41'}, 'dob': {'date': '1945-12-07T14:06:57.569Z', 'age': 78}, 'registered': {'date': '2012-11-03T10:30:03.458Z', 'age': 11}, 'phone': '031-540-3784', 'cell': '081-687-2548', 'id': {'name': 'PPS', 'value': '2472620T'}, 'picture': {'large': 'https://randomuser.me/api/portraits/women/61.jpg', 'medium': 'https://randomuser.me/api/portraits/med/women/61.jpg', 'thumbnail': 'https://randomuser.me/api/portraits/thumb/women/61.jpg'}, 'nat': 'IE'}</msg>
<arg>${json_data['results'][0]}</arg>
<doc>Logs the given message with the given level.</doc>
<status status="PASS" start="2024-07-26T21:14:27.660223" elapsed="0.000395"/>
</kw>
<kw name="Log" owner="BuiltIn">
<msg time="2024-07-26T21:14:27.661036" level="INFO">email</msg>
<arg>${key}</arg>
<doc>Logs the given message with the given level.</doc>
<status status="PASS" start="2024-07-26T21:14:27.660908" elapsed="0.000166"/>
</kw>
<var name="${key}">email</var>
<status status="PASS" start="2024-07-26T21:14:27.659406" elapsed="0.001885"/>
</iter>
<iter>
<kw name="Dictionary Should Contain Key" owner="Collections">
<arg>${json_data['results'][0]}</arg>
<arg>${key}</arg>
<doc>Fails if ``key`` is not found from ``dictionary``.</doc>
<status status="PASS" start="2024-07-26T21:14:27.661568" elapsed="0.000372"/>
</kw>
<kw name="Log" owner="BuiltIn">
<msg time="2024-07-26T21:14:27.662466" level="INFO">{'gender': 'female', 'name': {'title': 'Mrs', 'first': 'Michelle', 'last': 'Hawkins'}, 'location': {'street': {'number': 5126, 'name': 'Tara Street'}, 'city': 'Clane', 'state': 'Fingal', 'country': 'Ireland', 'postcode': 46383, 'coordinates': {'latitude': '-3.6300', 'longitude': '58.2554'}, 'timezone': {'offset': '-2:00', 'description': 'Mid-Atlantic'}}, 'email': 'michelle.hawkins@example.com', 'login': {'uuid': 'b6568d44-667b-4a5e-931b-0008a48615be', 'username': 'sadbear104', 'password': 'amanda', 'salt': 'zDTPt41o', 'md5': '39e3238b6106f449da4792e6f64ab8d6', 'sha1': 'c602c228dbd575f2a32e58644d8459fc5a025f9a', 'sha256': '4856710f1bcde101240e3fd28cb89bfaf5119f5046d7ad5c9593387e40534f41'}, 'dob': {'date': '1945-12-07T14:06:57.569Z', 'age': 78}, 'registered': {'date': '2012-11-03T10:30:03.458Z', 'age': 11}, 'phone': '031-540-3784', 'cell': '081-687-2548', 'id': {'name': 'PPS', 'value': '2472620T'}, 'picture': {'large': 'https://randomuser.me/api/portraits/women/61.jpg', 'medium': 'https://randomuser.me/api/portraits/med/women/61.jpg', 'thumbnail': 'https://randomuser.me/api/portraits/thumb/women/61.jpg'}, 'nat': 'IE'}</msg>
<arg>${json_data['results'][0]}</arg>
<doc>Logs the given message with the given level.</doc>
<status status="PASS" start="2024-07-26T21:14:27.662116" elapsed="0.000395"/>
</kw>
<kw name="Log" owner="BuiltIn">
<msg time="2024-07-26T21:14:27.662920" level="INFO">login</msg>
<arg>${key}</arg>
<doc>Logs the given message with the given level.</doc>
<status status="PASS" start="2024-07-26T21:14:27.662795" elapsed="0.000161"/>
</kw>
<var name="${key}">login</var>
<status status="PASS" start="2024-07-26T21:14:27.661462" elapsed="0.001702"/>
</iter>
<var>${key}</var>
<value>@{expected_keys}</value>
<status status="PASS" start="2024-07-26T21:14:27.653379" elapsed="0.009900"/>
</for>
<kw name="Create List" owner="BuiltIn">
<msg time="2024-07-26T21:14:27.663598" level="INFO">${expected_keysTwo} = ['username', 'password']</msg>
<var>${expected_keysTwo}</var>
<arg>username</arg>
<arg>password</arg>
<doc>Returns a list containing given items.</doc>
<status status="PASS" start="2024-07-26T21:14:27.663466" elapsed="0.000156"/>
</kw>
<for flavor="IN">
<iter>
<kw name="Dictionary Should Contain Key" owner="Collections">
<arg>${json_data['results'][0]['login']}</arg>
<arg>${keyTwo}</arg>
<doc>Fails if ``key`` is not found from ``dictionary``.</doc>
<status status="PASS" start="2024-07-26T21:14:27.664172" elapsed="0.000374"/>
</kw>
<kw name="Dictionary Should Contain Key" owner="Collections">
<arg>${json_data['results'][0]['login']}</arg>
<arg>${keyTwo}</arg>
<doc>Fails if ``key`` is not found from ``dictionary``.</doc>
<status status="PASS" start="2024-07-26T21:14:27.664721" elapsed="0.000363"/>
</kw>
<kw name="Log" owner="BuiltIn">
<msg time="2024-07-26T21:14:27.665374" level="INFO">username</msg>
<arg>${keyTwo}</arg>
<doc>Logs the given message with the given level.</doc>
<status status="PASS" start="2024-07-26T21:14:27.665257" elapsed="0.000153"/>
</kw>
<var name="${keyTwo}">username</var>
<status status="PASS" start="2024-07-26T21:14:27.664066" elapsed="0.001560"/>
</iter>
<iter>
<kw name="Dictionary Should Contain Key" owner="Collections">
<arg>${json_data['results'][0]['login']}</arg>
<arg>${keyTwo}</arg>
<doc>Fails if ``key`` is not found from ``dictionary``.</doc>
<status status="PASS" start="2024-07-26T21:14:27.665912" elapsed="0.000386"/>
</kw>
<kw name="Dictionary Should Contain Key" owner="Collections">
<arg>${json_data['results'][0]['login']}</arg>
<arg>${keyTwo}</arg>
<doc>Fails if ``key`` is not found from ``dictionary``.</doc>
<status status="PASS" start="2024-07-26T21:14:27.666475" elapsed="0.000365"/>
</kw>
<kw name="Log" owner="BuiltIn">
<msg time="2024-07-26T21:14:27.667133" level="INFO">password</msg>
<arg>${keyTwo}</arg>
<doc>Logs the given message with the given level.</doc>
<status status="PASS" start="2024-07-26T21:14:27.667011" elapsed="0.000158"/>
</kw>
<var name="${keyTwo}">password</var>
<status status="PASS" start="2024-07-26T21:14:27.665801" elapsed="0.001582"/>
</iter>
<var>${keyTwo}</var>
<value>@{expected_keysTwo}</value>
<status status="PASS" start="2024-07-26T21:14:27.663911" elapsed="0.003589"/>
</for>
<status status="PASS" start="2024-07-26T21:14:27.554189" elapsed="0.113447"/>
</kw>
<doc>Testa a estrutura da resposta da API.</doc>
<tag>testeEstruturaResposta</tag>
<status status="PASS" start="2024-07-26T21:14:27.553375" elapsed="0.114437"/>
</test>
<test id="s1-s1-t4" name="Validar tipos de dados" line="28">
<kw name="Teste de Tipos de Dados" owner="random-user-service">
<kw name="GET On Session" owner="RequestsLibrary">
<msg time="2024-07-26T21:14:27.759110" level="INFO">GET Request : url=https://randomuser.me/api 
 path_url=/api 
 headers={'User-Agent': 'python-requests/2.32.3', 'Accept-Encoding': 'gzip, deflate', 'Accept': '*/*', 'Connection': 'keep-alive'} 
 body=None 
 </msg>
<msg time="2024-07-26T21:14:27.759194" level="INFO">GET Response : url=https://randomuser.me/api 
 status=200, reason=OK 
 headers={'Date': 'Fri, 26 Jul 2024 21:14:27 GMT', 'Content-Type': 'application/json; charset=utf-8', 'Transfer-Encoding': 'chunked', 'Connection': 'keep-alive', 'X-Powered-By': 'Express', 'Access-Control-Allow-Origin': '*', 'Cache-Control': 'no-cache', 'ETag': 'W/"485-CZjLCUkLyZqONzF0OO4hkzwPTB8"', 'Vary': 'Accept-Encoding', 'Content-Encoding': 'gzip', 'CF-Cache-Status': 'DYNAMIC', 'Report-To': '{"endpoints":[{"url":"https:\\/\\/a.nel.cloudflare.com\\/report\\/v4?s=C4zA33ySD1oDmimbBHrnJLdVC8mw95ieYGbnZ4DBuAClavdkMd4F2P8%2BdDRUNzDjxVc7c2na8tTf0coVX65h67fCqWe0CxrwrU00hSSVREDcfcuIsfTPyFr7y9328gLG"}],"group":"cf-nel","max_age":604800}', 'NEL': '{"success_fraction":0,"report_to":"cf-nel","max_age":604800}', 'Server': 'cloudflare', 'CF-RAY': '8a976642f86ccf11-SJC', 'alt-svc': 'h3=":443"; ma=86400'} 
 body={"results":[{"gender":"female","name":{"title":"Mrs","first":"Gloria","last":"Aguilar"},"location":{"street":{"number":9023,"name":"Calle Mota"},"city":"Pontevedra","state":"Cantabria","country":"Spain","postcode":47847,"coordinates":{"latitude":"-36.7651","longitude":"22.4064"},"timezone":{"offset":"+6:00","description":"Almaty, Dhaka, Colombo"}},"email":"gloria.aguilar@example.com","login":{"uuid":"605ceeb4-6033-4e99-8cfe-7f48662ff158","username":"tinykoala965","password":"videoes","salt":"amn3IMrV","md5":"b592c3ff2f010773ad2c5bf99d1d5b1e","sha1":"171c2b19fa6d26273fd00df21c7f182d00459c50","sha256":"93b89285b681490a7cbca50d1843d8d8c5ae25230e1f6166139370f78592a15a"},"dob":{"date":"1959-03-28T02:44:58.716Z","age":65},"registered":{"date":"2013-07-13T15:26:50.254Z","age":11},"phone":"931-991-354","cell":"652-320-002","id":{"name":"DNI","value":"88942539-V"},"picture":{"large":"https://randomuser.me/api/portraits/women/37.jpg","medium":"https://randomuser.me/api/portraits/med/women/37.jpg","thumbnail":"https://randomuser.me/api/portraits/thumb/women/37.jpg"},"nat":"ES"}],"info":{"seed":"88bd18f3b4225305","results":1,"page":1,"version":"1.4"}} 
 </msg>
<msg time="2024-07-26T21:14:27.759288" level="INFO">/opt/hostedtoolcache/Python/3.12.4/x64/lib/python3.12/site-packages/urllib3/connectionpool.py:1099: InsecureRequestWarning: Unverified HTTPS request is being made to host 'randomuser.me'. Adding certificate verification is strongly advised. See: https://urllib3.readthedocs.io/en/latest/advanced-usage.html#tls-warnings
  warnings.warn(</msg>
<msg time="2024-07-26T21:14:27.759396" level="INFO">${response} = &lt;Response [200]&gt;</msg>
<var>${response}</var>
<arg>consultarAPI</arg>
<arg>/api</arg>
<doc>Sends a GET request on a previously created HTTP Session.</doc>
<status status="PASS" start="2024-07-26T21:14:27.670176" elapsed="0.089266"/>
</kw>
<kw name="Set Variable" owner="BuiltIn">
<msg time="2024-07-26T21:14:27.760408" level="INFO">${json_data} = {'results': [{'gender': 'female', 'name': {'title': 'Mrs', 'first': 'Gloria', 'last': 'Aguilar'}, 'location': {'street': {'number': 9023, 'name': 'Calle Mota'}, 'city': 'Pontevedra', 'state': 'Cantabr...</msg>
<var>${json_data}</var>
<arg>${response.json()}</arg>
<doc>Returns the given values which can then be assigned to a variables.</doc>
<status status="PASS" start="2024-07-26T21:14:27.759954" elapsed="0.000481"/>
</kw>
<kw name="Log" owner="BuiltIn">
<msg time="2024-07-26T21:14:27.760877" level="INFO">{'results': [{'gender': 'female', 'name': {'title': 'Mrs', 'first': 'Gloria', 'last': 'Aguilar'}, 'location': {'street': {'number': 9023, 'name': 'Calle Mota'}, 'city': 'Pontevedra', 'state': 'Cantabria', 'country': 'Spain', 'postcode': 47847, 'coordinates': {'latitude': '-36.7651', 'longitude': '22.4064'}, 'timezone': {'offset': '+6:00', 'description': 'Almaty, Dhaka, Colombo'}}, 'email': 'gloria.aguilar@example.com', 'login': {'uuid': '605ceeb4-6033-4e99-8cfe-7f48662ff158', 'username': 'tinykoala965', 'password': 'videoes', 'salt': 'amn3IMrV', 'md5': 'b592c3ff2f010773ad2c5bf99d1d5b1e', 'sha1': '171c2b19fa6d26273fd00df21c7f182d00459c50', 'sha256': '93b89285b681490a7cbca50d1843d8d8c5ae25230e1f6166139370f78592a15a'}, 'dob': {'date': '1959-03-28T02:44:58.716Z', 'age': 65}, 'registered': {'date': '2013-07-13T15:26:50.254Z', 'age': 11}, 'phone': '931-991-354', 'cell': '652-320-002', 'id': {'name': 'DNI', 'value': '88942539-V'}, 'picture': {'large': 'https://randomuser.me/api/portraits/women/37.jpg', 'medium': 'https://randomuser.me/api/portraits/med/women/37.jpg', 'thumbnail': 'https://randomuser.me/api/portraits/thumb/women/37.jpg'}, 'nat': 'ES'}], 'info': {'seed': '88bd18f3b4225305', 'results': 1, 'page': 1, 'version': '1.4'}}</msg>
<arg>${json_data}</arg>
<doc>Logs the given message with the given level.</doc>
<status status="PASS" start="2024-07-26T21:14:27.760730" elapsed="0.000192"/>
</kw>
<kw name="Should Be String" owner="String">
<arg>${json_data['results'][0]['gender']}</arg>
<doc>Fails if the given ``item`` is not a string.</doc>
<status status="PASS" start="2024-07-26T21:14:27.761203" elapsed="0.000358"/>
</kw>
<kw name="Should Match Regexp" owner="BuiltIn">
<arg>${json_data['results'][0]['email']}</arg>
<arg>^[a-zA-Z0-9._%+-]+@[a-zA-Z0-9.-]+\.[a-zA-Z]{2,}$</arg>
<doc>Fails if ``string`` does not match ``pattern`` as a regular expression.</doc>
<status status="PASS" start="2024-07-26T21:14:27.761748" elapsed="0.000515"/>
</kw>
<kw name="Should Match Regexp" owner="BuiltIn">
<arg>${json_data['results'][0]['dob']['date']}</arg>
<arg>\\d{4}-\\d{2}-\\d{2}T\\d{2}:\\d{2}:\\d{2}\\.\\d{3}Z</arg>
<doc>Fails if ``string`` does not match ``pattern`` as a regular expression.</doc>
<status status="PASS" start="2024-07-26T21:14:27.762485" elapsed="0.000585"/>
</kw>
<kw name="Should Match Regexp" owner="BuiltIn">
<arg>${json_data['results'][0]['registered']['date']}</arg>
<arg>\\d{4}-\\d{2}-\\d{2}T\\d{2}:\\d{2}:\\d{2}\\.\\d{3}Z</arg>
<doc>Fails if ``string`` does not match ``pattern`` as a regular expression.</doc>
<status status="PASS" start="2024-07-26T21:14:27.763259" elapsed="0.000365"/>
</kw>
<kw name="Should Match Regexp" owner="BuiltIn">
<arg>${json_data['results'][0]['picture']['large']}</arg>
<arg>^https?://.*\.(?:png|jpe?g|gif|bmp)$</arg>
<doc>Fails if ``string`` does not match ``pattern`` as a regular expression.</doc>
<status status="PASS" start="2024-07-26T21:14:27.763831" elapsed="0.000466"/>
</kw>
<kw name="Should Match Regexp" owner="BuiltIn">
<arg>${json_data['results'][0]['picture']['medium']}</arg>
<arg>^https?://.*\.(?:png|jpe?g|gif|bmp)$</arg>
<doc>Fails if ``string`` does not match ``pattern`` as a regular expression.</doc>
<status status="PASS" start="2024-07-26T21:14:27.764483" elapsed="0.000359"/>
</kw>
<kw name="Should Match Regexp" owner="BuiltIn">
<arg>${json_data['results'][0]['picture']['thumbnail']}</arg>
<arg>^https?://.*\.(?:png|jpe?g|gif|bmp)$</arg>
<doc>Fails if ``string`` does not match ``pattern`` as a regular expression.</doc>
<status status="PASS" start="2024-07-26T21:14:27.765021" elapsed="0.000347"/>
</kw>
<kw name="Log" owner="BuiltIn">
<msg time="2024-07-26T21:14:27.765872" level="INFO">{'large': 'https://randomuser.me/api/portraits/women/37.jpg', 'medium': 'https://randomuser.me/api/portraits/med/women/37.jpg', 'thumbnail': 'https://randomuser.me/api/portraits/thumb/women/37.jpg'}</msg>
<arg>${json_data['results'][0]['picture']}</arg>
<doc>Logs the given message with the given level.</doc>
<status status="PASS" start="2024-07-26T21:14:27.765551" elapsed="0.000362"/>
</kw>
<status status="PASS" start="2024-07-26T21:14:27.669959" elapsed="0.096202"/>
</kw>
<kw name="Teste de Tipos de Dados - Postcode" owner="random-user-service">
<kw name="GET On Session" owner="RequestsLibrary">
<msg time="2024-07-26T21:14:28.077169" level="INFO">GET Request : url=https://randomuser.me/api 
 path_url=/api 
 headers={'User-Agent': 'python-requests/2.32.3', 'Accept-Encoding': 'gzip, deflate', 'Accept': '*/*', 'Connection': 'keep-alive'} 
 body=None 
 </msg>
<msg time="2024-07-26T21:14:28.077278" level="INFO">GET Response : url=https://randomuser.me/api 
 status=200, reason=OK 
 headers={'Date': 'Fri, 26 Jul 2024 21:14:28 GMT', 'Content-Type': 'application/json; charset=utf-8', 'Transfer-Encoding': 'chunked', 'Connection': 'keep-alive', 'X-Powered-By': 'Express', 'Access-Control-Allow-Origin': '*', 'Cache-Control': 'no-cache', 'ETag': 'W/"498-kCkPNj283uR7/CLpsW036Iu/B8w"', 'Vary': 'Accept-Encoding', 'Content-Encoding': 'gzip', 'CF-Cache-Status': 'DYNAMIC', 'Report-To': '{"endpoints":[{"url":"https:\\/\\/a.nel.cloudflare.com\\/report\\/v4?s=BW%2BKq8qD9AaaEJGORcwsAeNf3CzozxmZ1qxS8DNEEtWo8mcP9mJLxZ%2FQWFefZUIgFQ5Cw5INHoOcKAMEoQvkZG40m33Uo8UyiZt%2FTKnMtiAExSSYYze5XUyu0UnSbRdA"}],"group":"cf-nel","max_age":604800}', 'NEL': '{"success_fraction":0,"report_to":"cf-nel","max_age":604800}', 'Server': 'cloudflare', 'CF-RAY': '8a9766438923cf11-SJC', 'alt-svc': 'h3=":443"; ma=86400'} 
 body={"results":[{"gender":"male","name":{"title":"Mr","first":"Siniša","last":"Erceg"},"location":{"street":{"number":7837,"name":"Živana Saramandića"},"city":"Čajetina","state":"Kosovska Mitrovica","country":"Serbia","postcode":74017,"coordinates":{"latitude":"63.8682","longitude":"-135.1402"},"timezone":{"offset":"+1:00","description":"Brussels, Copenhagen, Madrid, Paris"}},"email":"sinisa.erceg@example.com","login":{"uuid":"b27cf24b-6f00-4582-aa42-61348e2e3110","username":"browndog478","password":"nitro","salt":"z9bduHjN","md5":"5ab489697909be8f1bf49832206fe1a8","sha1":"153eb509ccd567be34a7b39eaab6be2e4ef1d7b9","sha256":"3c22e48fd2eb4ccb7a59855318be4a642f3dc418a2ba5ebcab867d49fb14ef58"},"dob":{"date":"1949-07-20T05:12:23.795Z","age":75},"registered":{"date":"2007-03-01T01:07:00.004Z","age":17},"phone":"028-1921-009","cell":"069-7846-131","id":{"name":"SID","value":"264432175"},"picture":{"large":"https://randomuser.me/api/portraits/men/25.jpg","medium":"https://randomuser.me/api/portraits/med/men/25.jpg","thumbnail":"https://randomuser.me/api/portraits/thumb/men/25.jpg"},"nat":"RS"}],"info":{"seed":"b54fa6c91aa7f1cf","results":1,"page":1,"version":"1.4"}} 
 </msg>
<msg time="2024-07-26T21:14:28.077358" level="INFO">/opt/hostedtoolcache/Python/3.12.4/x64/lib/python3.12/site-packages/urllib3/connectionpool.py:1099: InsecureRequestWarning: Unverified HTTPS request is being made to host 'randomuser.me'. Adding certificate verification is strongly advised. See: https://urllib3.readthedocs.io/en/latest/advanced-usage.html#tls-warnings
  warnings.warn(</msg>
<msg time="2024-07-26T21:14:28.077485" level="INFO">${response} = &lt;Response [200]&gt;</msg>
<var>${response}</var>
<arg>consultarAPI</arg>
<arg>/api</arg>
<doc>Sends a GET request on a previously created HTTP Session.</doc>
<status status="PASS" start="2024-07-26T21:14:27.766589" elapsed="0.310935"/>
</kw>
<kw name="Set Variable" owner="BuiltIn">
<msg time="2024-07-26T21:14:28.078744" level="INFO">${json_data} = {'results': [{'gender': 'male', 'name': {'title': 'Mr', 'first': 'Siniša', 'last': 'Erceg'}, 'location': {'street': {'number': 7837, 'name': 'Živana Saramandića'}, 'city': 'Čajetina', 'state': 'Kosovs...</msg>
<var>${json_data}</var>
<arg>${response.json()}</arg>
<doc>Returns the given values which can then be assigned to a variables.</doc>
<status status="PASS" start="2024-07-26T21:14:28.078165" elapsed="0.000608"/>
</kw>
<kw name="Log" owner="BuiltIn">
<msg time="2024-07-26T21:14:28.079242" level="INFO">{'results': [{'gender': 'male', 'name': {'title': 'Mr', 'first': 'Siniša', 'last': 'Erceg'}, 'location': {'street': {'number': 7837, 'name': 'Živana Saramandića'}, 'city': 'Čajetina', 'state': 'Kosovska Mitrovica', 'country': 'Serbia', 'postcode': 74017, 'coordinates': {'latitude': '63.8682', 'longitude': '-135.1402'}, 'timezone': {'offset': '+1:00', 'description': 'Brussels, Copenhagen, Madrid, Paris'}}, 'email': 'sinisa.erceg@example.com', 'login': {'uuid': 'b27cf24b-6f00-4582-aa42-61348e2e3110', 'username': 'browndog478', 'password': 'nitro', 'salt': 'z9bduHjN', 'md5': '5ab489697909be8f1bf49832206fe1a8', 'sha1': '153eb509ccd567be34a7b39eaab6be2e4ef1d7b9', 'sha256': '3c22e48fd2eb4ccb7a59855318be4a642f3dc418a2ba5ebcab867d49fb14ef58'}, 'dob': {'date': '1949-07-20T05:12:23.795Z', 'age': 75}, 'registered': {'date': '2007-03-01T01:07:00.004Z', 'age': 17}, 'phone': '028-1921-009', 'cell': '069-7846-131', 'id': {'name': 'SID', 'value': '264432175'}, 'picture': {'large': 'https://randomuser.me/api/portraits/men/25.jpg', 'medium': 'https://randomuser.me/api/portraits/med/men/25.jpg', 'thumbnail': 'https://randomuser.me/api/portraits/thumb/men/25.jpg'}, 'nat': 'RS'}], 'info': {'seed': 'b54fa6c91aa7f1cf', 'results': 1, 'page': 1, 'version': '1.4'}}</msg>
<arg>${json_data}</arg>
<doc>Logs the given message with the given level.</doc>
<status status="PASS" start="2024-07-26T21:14:28.079082" elapsed="0.000208"/>
</kw>
<kw name="Should Be Equal As Numbers" owner="BuiltIn">
<arg>${json_data['results'][0]['location']['postcode']}</arg>
<arg>${json_data['results'][0]['location']['postcode']}</arg>
<doc>Fails if objects are unequal after converting them to real numbers.</doc>
<status status="PASS" start="2024-07-26T21:14:28.079578" elapsed="0.000679"/>
</kw>
<kw name="Log" owner="BuiltIn">
<msg time="2024-07-26T21:14:28.080782" level="INFO">74017</msg>
<arg>${json_data['results'][0]['location']['postcode']}</arg>
<doc>Logs the given message with the given level.</doc>
<status status="PASS" start="2024-07-26T21:14:28.080450" elapsed="0.000371"/>
</kw>
<status status="PASS" start="2024-07-26T21:14:27.766366" elapsed="0.314744"/>
</kw>
<doc>Testa se os tipos de dados na resposta da API estão corretos.</doc>
<tag>testeTiposDados</tag>
<status status="PASS" start="2024-07-26T21:14:27.669512" elapsed="0.411771"/>
</test>
<test id="s1-s1-t5" name="Validar conteudo" line="35">
<kw name="Teste de Tipos de Conteudo" owner="random-user-service">
<kw name="GET On Session" owner="RequestsLibrary">
<msg time="2024-07-26T21:14:28.173484" level="INFO">GET Request : url=https://randomuser.me/api 
 path_url=/api 
 headers={'User-Agent': 'python-requests/2.32.3', 'Accept-Encoding': 'gzip, deflate', 'Accept': '*/*', 'Connection': 'keep-alive'} 
 body=None 
 </msg>
<msg time="2024-07-26T21:14:28.173550" level="INFO">GET Response : url=https://randomuser.me/api 
 status=200, reason=OK 
 headers={'Date': 'Fri, 26 Jul 2024 21:14:28 GMT', 'Content-Type': 'application/json; charset=utf-8', 'Transfer-Encoding': 'chunked', 'Connection': 'keep-alive', 'X-Powered-By': 'Express', 'Access-Control-Allow-Origin': '*', 'Cache-Control': 'no-cache', 'ETag': 'W/"48c-SQFrc8k0L79Djp+sy7Zx0VWvg60"', 'Vary': 'Accept-Encoding', 'Content-Encoding': 'gzip', 'CF-Cache-Status': 'DYNAMIC', 'Report-To': '{"endpoints":[{"url":"https:\\/\\/a.nel.cloudflare.com\\/report\\/v4?s=8aL%2FLLuZqnqZZy%2B2WUGms7lNphAuZ0W%2B68k6fRDV2JLBNMHTqbWu7JD62impKfhTVESFODV8J0WhymEBNZQYvtYDoVQanAOFIZWm%2FG1MVz6lzHn7a3RRwwmzjeUSm%2FPt"}],"group":"cf-nel","max_age":604800}', 'NEL': '{"success_fraction":0,"report_to":"cf-nel","max_age":604800}', 'Server': 'cloudflare', 'CF-RAY': '8a9766458a71cf11-SJC', 'alt-svc': 'h3=":443"; ma=86400'} 
 body={"results":[{"gender":"male","name":{"title":"Mr","first":"اميرحسين","last":"پارسا"},"location":{"street":{"number":3430,"name":"ستارخان"},"city":"قم","state":"زنجان","country":"Iran","postcode":46493,"coordinates":{"latitude":"20.7520","longitude":"-24.5776"},"timezone":{"offset":"+11:00","description":"Magadan, Solomon Islands, New Caledonia"}},"email":"myrhsyn.prs@example.com","login":{"uuid":"2cf55b66-aeb8-4d63-add0-4da1e4684932","username":"ticklishbear326","password":"skiing","salt":"Q5QI2ymN","md5":"f883cb6df6bc5755f2f1cfa2f3b135a8","sha1":"bc93885bcbfa2f36eaa2eeae1b07a4518031fe7c","sha256":"0d966aa6a58c48c2fd929533ab60d3d5ea8273e781100683c29c39ff3ee40c79"},"dob":{"date":"1991-08-01T23:12:16.512Z","age":32},"registered":{"date":"2015-01-05T15:22:15.986Z","age":9},"phone":"092-45262135","cell":"0979-843-4372","id":{"name":"","value":null},"picture":{"large":"https://randomuser.me/api/portraits/men/9.jpg","medium":"https://randomuser.me/api/portraits/med/men/9.jpg","thumbnail":"https://randomuser.me/api/portraits/thumb/men/9.jpg"},"nat":"IR"}],"info":{"seed":"f7bf8fdf7b0b2b5c","results":1,"page":1,"version":"1.4"}} 
 </msg>
<msg time="2024-07-26T21:14:28.173612" level="INFO">/opt/hostedtoolcache/Python/3.12.4/x64/lib/python3.12/site-packages/urllib3/connectionpool.py:1099: InsecureRequestWarning: Unverified HTTPS request is being made to host 'randomuser.me'. Adding certificate verification is strongly advised. See: https://urllib3.readthedocs.io/en/latest/advanced-usage.html#tls-warnings
  warnings.warn(</msg>
<msg time="2024-07-26T21:14:28.173700" level="INFO">${response} = &lt;Response [200]&gt;</msg>
<var>${response}</var>
<arg>consultarAPI</arg>
<arg>/api</arg>
<doc>Sends a GET request on a previously created HTTP Session.</doc>
<status status="PASS" start="2024-07-26T21:14:28.083794" elapsed="0.089947"/>
</kw>
<kw name="Set Variable" owner="BuiltIn">
<msg time="2024-07-26T21:14:28.174873" level="INFO">${json_data} = {'results': [{'gender': 'male', 'name': {'title': 'Mr', 'first': 'اميرحسين', 'last': 'پارسا'}, 'location': {'street': {'number': 3430, 'name': 'ستارخان'}, 'city': 'قم', 'state': 'زنجان', 'country': 'I...</msg>
<var>${json_data}</var>
<arg>${response.json()}</arg>
<doc>Returns the given values which can then be assigned to a variables.</doc>
<status status="PASS" start="2024-07-26T21:14:28.174238" elapsed="0.000665"/>
</kw>
<kw name="Set Variable" owner="BuiltIn">
<msg time="2024-07-26T21:14:28.175596" level="INFO">${name_title} = Mr</msg>
<var>${name_title}</var>
<arg>${json_data["results"][0]["name"]["title"]}</arg>
<doc>Returns the given values which can then be assigned to a variables.</doc>
<status status="PASS" start="2024-07-26T21:14:28.175212" elapsed="0.000410"/>
</kw>
<kw name="Create List" owner="BuiltIn">
<msg time="2024-07-26T21:14:28.176112" level="INFO">${allowed_titles} = ['Mr', 'Ms', 'Miss', 'Mrs', 'Madame', 'Monsieur']</msg>
<var>${allowed_titles}</var>
<arg>Mr</arg>
<arg>Ms</arg>
<arg>Miss</arg>
<arg>Mrs</arg>
<arg>Madame</arg>
<arg>Monsieur</arg>
<doc>Returns a list containing given items.</doc>
<status status="PASS" start="2024-07-26T21:14:28.175962" elapsed="0.000175"/>
</kw>
<kw name="List Should Contain Value" owner="Collections">
<arg>${allowed_titles}</arg>
<arg>${name_title}</arg>
<doc>Fails if the ``value`` is not found from ``list``.</doc>
<status status="PASS" start="2024-07-26T21:14:28.176430" elapsed="0.000179"/>
</kw>
<kw name="Set Variable" owner="BuiltIn">
<msg time="2024-07-26T21:14:28.177162" level="INFO">${name_country} = IR</msg>
<var>${name_country}</var>
<arg>${json_data["results"][0]["nat"]}</arg>
<doc>Returns the given values which can then be assigned to a variables.</doc>
<status status="PASS" start="2024-07-26T21:14:28.176787" elapsed="0.000401"/>
</kw>
<kw name="Create List" owner="BuiltIn">
<msg time="2024-07-26T21:14:28.178067" level="INFO">${list_country} = ['AD', 'AE', 'AF', 'AG', 'AI', 'AL', 'AM', 'AO', 'AQ', 'AR', 'AS', 'AT', 'AU', 'AW', 'AX', 'AZ', 'BA', 'BB', 'BD', 'BE', 'BF', 'BG', 'BH', 'BI', 'BJ', 'BL', 'BM', 'BN', 'BO', 'BQ', 'BR', 'BS', 'BT', '...</msg>
<var>${list_country}</var>
<arg>AD</arg>
<arg>AE</arg>
<arg>AF</arg>
<arg>AG</arg>
<arg>AI</arg>
<arg>AL</arg>
<arg>AM</arg>
<arg>AO</arg>
<arg>AQ</arg>
<arg>AR</arg>
<arg>AS</arg>
<arg>AT</arg>
<arg>AU</arg>
<arg>AW</arg>
<arg>AX</arg>
<arg>AZ</arg>
<arg>BA</arg>
<arg>BB</arg>
<arg>BD</arg>
<arg>BE</arg>
<arg>BF</arg>
<arg>BG</arg>
<arg>BH</arg>
<arg>BI</arg>
<arg>BJ</arg>
<arg>BL</arg>
<arg>BM</arg>
<arg>BN</arg>
<arg>BO</arg>
<arg>BQ</arg>
<arg>BR</arg>
<arg>BS</arg>
<arg>BT</arg>
<arg>BV</arg>
<arg>BW</arg>
<arg>BY</arg>
<arg>BZ</arg>
<arg>CA</arg>
<arg>CC</arg>
<arg>CD</arg>
<arg>CF</arg>
<arg>CG</arg>
<arg>CH</arg>
<arg>CI</arg>
<arg>CK</arg>
<arg>CL</arg>
<arg>CM</arg>
<arg>CN</arg>
<arg>CO</arg>
<arg>CR</arg>
<arg>CU</arg>
<arg>CV</arg>
<arg>CW</arg>
<arg>CX</arg>
<arg>CY</arg>
<arg>CZ</arg>
<arg>DE</arg>
<arg>DJ</arg>
<arg>DK</arg>
<arg>DM</arg>
<arg>DO</arg>
<arg>DZ</arg>
<arg>EC</arg>
<arg>EE</arg>
<arg>EG</arg>
<arg>EH</arg>
<arg>ER</arg>
<arg>ES</arg>
<arg>ET</arg>
<arg>FI</arg>
<arg>FJ</arg>
<arg>FK</arg>
<arg>FM</arg>
<arg>FO</arg>
<arg>FR</arg>
<arg>GA</arg>
<arg>GB</arg>
<arg>GD</arg>
<arg>GE</arg>
<arg>GF</arg>
<arg>GG</arg>
<arg>GH</arg>
<arg>GI</arg>
<arg>GL</arg>
<arg>GM</arg>
<arg>GN</arg>
<arg>GP</arg>
<arg>GQ</arg>
<arg>GR</arg>
<arg>GS</arg>
<arg>GT</arg>
<arg>GU</arg>
<arg>GW</arg>
<arg>GY</arg>
<arg>HK</arg>
<arg>HM</arg>
<arg>HN</arg>
<arg>HR</arg>
<arg>HT</arg>
<arg>HU</arg>
<arg>ID</arg>
<arg>IE</arg>
<arg>IL</arg>
<arg>IM</arg>
<arg>IN</arg>
<arg>IO</arg>
<arg>IQ</arg>
<arg>IR</arg>
<arg>IS</arg>
<arg>IT</arg>
<arg>JE</arg>
<arg>JM</arg>
<arg>JO</arg>
<arg>JP</arg>
<arg>KE</arg>
<arg>KG</arg>
<arg>KH</arg>
<arg>KI</arg>
<arg>KM</arg>
<arg>KN</arg>
<arg>KP</arg>
<arg>KR</arg>
<arg>KW</arg>
<arg>KY</arg>
<arg>KZ</arg>
<arg>LA</arg>
<arg>LB</arg>
<arg>LC</arg>
<arg>LI</arg>
<arg>LK</arg>
<arg>LR</arg>
<arg>LS</arg>
<arg>LT</arg>
<arg>LU</arg>
<arg>LV</arg>
<arg>LY</arg>
<arg>MA</arg>
<arg>MC</arg>
<arg>MD</arg>
<arg>ME</arg>
<arg>MF</arg>
<arg>MG</arg>
<arg>MH</arg>
<arg>MK</arg>
<arg>ML</arg>
<arg>MM</arg>
<arg>MN</arg>
<arg>MO</arg>
<arg>MP</arg>
<arg>MQ</arg>
<arg>MR</arg>
<arg>MS</arg>
<arg>MT</arg>
<arg>MU</arg>
<arg>MV</arg>
<arg>MW</arg>
<arg>MX</arg>
<arg>MY</arg>
<arg>MZ</arg>
<arg>NA</arg>
<arg>NC</arg>
<arg>NE</arg>
<arg>NF</arg>
<arg>NG</arg>
<arg>NI</arg>
<arg>NL</arg>
<arg>NO</arg>
<arg>NP</arg>
<arg>NR</arg>
<arg>NU</arg>
<arg>NZ</arg>
<arg>OM</arg>
<arg>PA</arg>
<arg>PE</arg>
<arg>PF</arg>
<arg>PG</arg>
<arg>PH</arg>
<arg>PK</arg>
<arg>PL</arg>
<arg>PM</arg>
<arg>PN</arg>
<arg>PR</arg>
<arg>PS</arg>
<arg>PT</arg>
<arg>PW</arg>
<arg>PY</arg>
<arg>QA</arg>
<arg>RE</arg>
<arg>RO</arg>
<arg>RS</arg>
<arg>RU</arg>
<arg>RW</arg>
<arg>SA</arg>
<arg>SB</arg>
<arg>SC</arg>
<arg>SD</arg>
<arg>SE</arg>
<arg>SG</arg>
<arg>SH</arg>
<arg>SI</arg>
<arg>SJ</arg>
<arg>SK</arg>
<arg>SL</arg>
<arg>SM</arg>
<arg>SN</arg>
<arg>SO</arg>
<arg>SR</arg>
<arg>SS</arg>
<arg>ST</arg>
<arg>SV</arg>
<arg>SX</arg>
<arg>SY</arg>
<arg>SZ</arg>
<arg>TC</arg>
<arg>TD</arg>
<arg>TF</arg>
<arg>TG</arg>
<arg>TH</arg>
<arg>TJ</arg>
<arg>TK</arg>
<arg>TL</arg>
<arg>TM</arg>
<arg>TN</arg>
<arg>TO</arg>
<arg>TR</arg>
<arg>TT</arg>
<arg>TV</arg>
<arg>TW</arg>
<arg>TZ</arg>
<arg>UA</arg>
<arg>UG</arg>
<arg>UM</arg>
<arg>US</arg>
<arg>UY</arg>
<arg>UZ</arg>
<arg>VA</arg>
<arg>VC</arg>
<arg>VE</arg>
<arg>VG</arg>
<arg>VI</arg>
<arg>VN</arg>
<arg>VU</arg>
<arg>WF</arg>
<arg>WS</arg>
<arg>XK</arg>
<arg>YE</arg>
<arg>YT</arg>
<arg>ZA</arg>
<arg>ZM</arg>
<arg>ZW</arg>
<doc>Returns a list containing given items.</doc>
<status status="PASS" start="2024-07-26T21:14:28.177479" elapsed="0.000614"/>
</kw>
<kw name="List Should Contain Value" owner="Collections">
<arg>${list_country}</arg>
<arg>${name_country}</arg>
<doc>Fails if the ``value`` is not found from ``list``.</doc>
<status status="PASS" start="2024-07-26T21:14:28.179024" elapsed="0.000206"/>
</kw>
<kw name="Run Keyword If" owner="BuiltIn">
<kw name="Should Be True" owner="BuiltIn">
<arg>${True}</arg>
<doc>Fails if the given condition is not true.</doc>
<status status="PASS" start="2024-07-26T21:14:28.180209" elapsed="0.000141"/>
</kw>
<arg>${json_data["results"][0]["location"]["coordinates"]["latitude"]} &gt;= -90 and ${json_data["results"][0]["location"]["coordinates"]["latitude"]} &lt;= 90</arg>
<arg>Should Be True</arg>
<arg>${True}</arg>
<doc>Runs the given keyword with the given arguments, if ``condition`` is true.</doc>
<status status="PASS" start="2024-07-26T21:14:28.179425" elapsed="0.001047"/>
</kw>
<kw name="Run Keyword If" owner="BuiltIn">
<kw name="Should Be True" owner="BuiltIn">
<arg>${True}</arg>
<doc>Fails if the given condition is not true.</doc>
<status status="PASS" start="2024-07-26T21:14:28.181331" elapsed="0.000132"/>
</kw>
<arg>${json_data["results"][0]["location"]["coordinates"]["longitude"]} &gt;= -180 and ${json_data["results"][0]["location"]["coordinates"]["longitude"]} &lt;= 180</arg>
<arg>Should Be True</arg>
<arg>${True}</arg>
<doc>Runs the given keyword with the given arguments, if ``condition`` is true.</doc>
<status status="PASS" start="2024-07-26T21:14:28.180650" elapsed="0.000933"/>
</kw>
<status status="PASS" start="2024-07-26T21:14:28.083549" elapsed="0.098160"/>
</kw>
<doc>Testa o conteúdo específico dos campos retornados pela API.</doc>
<tag>testeConteudo</tag>
<status status="PASS" start="2024-07-26T21:14:28.083008" elapsed="0.098839"/>
</test>
<status status="PASS" start="2024-07-26T21:14:26.947130" elapsed="1.236611"/>
</suite>
<status status="PASS" start="2024-07-26T21:14:26.932352" elapsed="1.256609"/>
</suite>
<statistics>
<total>
<stat pass="5" fail="0" skip="0">All Tests</stat>
</total>
<tag>
<stat pass="1" fail="0" skip="0">testeConteudo</stat>
<stat pass="1" fail="0" skip="0">testeEstruturaResposta</stat>
<stat pass="1" fail="0" skip="0">testeRequisicaoBasica</stat>
<stat pass="1" fail="0" skip="0">testeTiposDados</stat>
</tag>
<suite>
<stat pass="5" fail="0" skip="0" id="s1" name="Tests">Tests</stat>
<stat pass="5" fail="0" skip="0" id="s1-s1" name="Random-User-Test">Tests.Random-User-Test</stat>
</suite>
</statistics>
<errors>
</errors>
</robot>
