<?xml version="1.0" encoding="UTF-8"?>
<robot generator="Robot 7.0 (Python 3.12.3 on linux)" generated="2024-04-22T09:15:29.753584" rpa="false" schemaversion="5">
<suite id="s1" name="Tests" source="/home/runner/work/DesafioQAItauRogerioJordao/DesafioQAItauRogerioJordao/RamdonUser/tests">
<suite id="s1-s1" name="Random-User-Test" source="/home/runner/work/DesafioQAItauRogerioJordao/DesafioQAItauRogerioJordao/RamdonUser/tests/random-user-test.robot">
<test id="s1-s1-t1" name="Conectar" line="13">
<kw name="Conectar API" owner="random-user-service">
<kw name="Create Session" owner="RequestsLibrary">
<msg time="2024-04-22T09:15:30.130689" level="INFO">Creating Session using : alias=consultarAPI, url=https://randomuser.me/, headers={},                     cookies={}, auth=None, timeout=None, proxies=None, verify=False,                     debug=0 </msg>
<arg>consultarAPI</arg>
<arg>${URL}</arg>
<doc>Create Session: create a HTTP session to a server</doc>
<status status="PASS" start="2024-04-22T09:15:30.130485" elapsed="0.000400"/>
</kw>
<status status="PASS" start="2024-04-22T09:15:30.129459" elapsed="0.001787"/>
</kw>
<status status="PASS" start="2024-04-22T09:15:30.128816" elapsed="0.002619"/>
</test>
<test id="s1-s1-t2" name="Validar retorno 200 e JSON Válido" line="16">
<kw name="Teste de Requisicao Basica" owner="random-user-service">
<kw name="GET On Session" owner="RequestsLibrary">
<msg time="2024-04-22T09:15:30.263612" level="INFO">GET Request : url=https://randomuser.me/api 
 path_url=/api 
 headers={'User-Agent': 'python-requests/2.31.0', 'Accept-Encoding': 'gzip, deflate', 'Accept': '*/*', 'Connection': 'keep-alive'} 
 body=None 
 </msg>
<msg time="2024-04-22T09:15:30.263770" level="INFO">GET Response : url=https://randomuser.me/api 
 status=200, reason=OK 
 headers={'Date': 'Mon, 22 Apr 2024 09:15:30 GMT', 'Content-Type': 'application/json; charset=utf-8', 'Transfer-Encoding': 'chunked', 'Connection': 'keep-alive', 'X-Powered-By': 'Express', 'Access-Control-Allow-Origin': '*', 'Cache-Control': 'no-cache', 'ETag': 'W/"490-KwINQeyJmlnm7uJ9BMHpXPs2Pn4"', 'Vary': 'Accept-Encoding', 'Content-Encoding': 'gzip', 'CF-Cache-Status': 'DYNAMIC', 'Report-To': '{"endpoints":[{"url":"https:\\/\\/a.nel.cloudflare.com\\/report\\/v4?s=DfZDNRd12PehXP7oX7Q2ExuPZ7QdLZjTRGtBy2bcW4zGLZKic1q%2Bj%2Bb4akNl9WZZXWRxW%2FdJiEvIPJIwwhFC0pf1zm9WbJpuzGuS7lEGdCdvOJ7PXxMmCimbeTJ%2Bl7%2BJ"}],"group":"cf-nel","max_age":604800}', 'NEL': '{"success_fraction":0,"report_to":"cf-nel","max_age":604800}', 'Server': 'cloudflare', 'CF-RAY': '878482798bed6435-SJC', 'alt-svc': 'h3=":443"; ma=86400'} 
 body={"results":[{"gender":"male","name":{"title":"Mr","first":"کوروش","last":"كامياران"},"location":{"street":{"number":7869,"name":"میدان صادقیه"},"city":"گرگان","state":"کرمان","country":"Iran","postcode":85085,"coordinates":{"latitude":"13.2136","longitude":"-174.7393"},"timezone":{"offset":"+6:00","description":"Almaty, Dhaka, Colombo"}},"email":"khwrwsh.kmyrn@example.com","login":{"uuid":"f8cccfdd-65ea-4633-b5cb-d7daade36509","username":"silverpanda865","password":"florence","salt":"Aw5QymoQ","md5":"d8403bcdc7e376bb0cceee0ed50270aa","sha1":"d78891d03a780ce4ea290a74dee3b39bff45615c","sha256":"77d4b3b0be742e7c330dfe4a5947ef8cd4a526dc8f77e3ae1ce0a3f7f2cab78e"},"dob":{"date":"1972-05-08T12:15:54.359Z","age":51},"registered":{"date":"2019-01-19T15:36:22.843Z","age":5},"phone":"068-82430503","cell":"0927-677-1963","id":{"name":"","value":null},"picture":{"large":"https://randomuser.me/api/portraits/men/65.jpg","medium":"https://randomuser.me/api/portraits/med/men/65.jpg","thumbnail":"https://randomuser.me/api/portraits/thumb/men/65.jpg"},"nat":"IR"}],"info":{"seed":"3d8da5b93310af94","results":1,"page":1,"version":"1.4"}} 
 </msg>
<msg time="2024-04-22T09:15:30.263858" level="INFO">/opt/hostedtoolcache/Python/3.12.3/x64/lib/python3.12/site-packages/urllib3/connectionpool.py:1103: InsecureRequestWarning: Unverified HTTPS request is being made to host 'randomuser.me'. Adding certificate verification is strongly advised. See: https://urllib3.readthedocs.io/en/latest/advanced-usage.html#tls-warnings
  warnings.warn(</msg>
<msg time="2024-04-22T09:15:30.264010" level="INFO">${response} = &lt;Response [200]&gt;</msg>
<var>${response}</var>
<arg>consultarAPI</arg>
<arg>/api</arg>
<doc>Sends a GET request on a previously created HTTP Session.</doc>
<status status="PASS" start="2024-04-22T09:15:30.134169" elapsed="0.129884"/>
</kw>
<kw name="Should Be Equal As Numbers" owner="BuiltIn">
<msg time="2024-04-22T09:15:30.265216" level="INFO">Argument types are:
&lt;class 'int'&gt;
&lt;class 'str'&gt;</msg>
<arg>${response.status_code}</arg>
<arg>200</arg>
<doc>Fails if objects are unequal after converting them to real numbers.</doc>
<status status="PASS" start="2024-04-22T09:15:30.264723" elapsed="0.000557"/>
</kw>
<kw name="Log" owner="BuiltIn">
<msg time="2024-04-22T09:15:30.266024" level="INFO">200</msg>
<arg>${response.status_code}</arg>
<doc>Logs the given message with the given level.</doc>
<status status="PASS" start="2024-04-22T09:15:30.265634" elapsed="0.000433"/>
</kw>
<kw name="Set Variable" owner="BuiltIn">
<msg time="2024-04-22T09:15:30.266833" level="INFO">${json_data} = {'results': [{'gender': 'male', 'name': {'title': 'Mr', 'first': 'کوروش', 'last': 'كامياران'}, 'location': {'street': {'number': 7869, 'name': 'میدان صادقیه'}, 'city': 'گرگان', 'state': 'کرمان', 'coun...</msg>
<var>${json_data}</var>
<arg>${response.json()}</arg>
<doc>Returns the given values which can then be assigned to a variables.</doc>
<status status="PASS" start="2024-04-22T09:15:30.266376" elapsed="0.000487"/>
</kw>
<kw name="Dictionary Should Contain Key" owner="Collections">
<msg time="2024-04-22T09:15:30.267341" level="INFO">False</msg>
<arg>${json_data}</arg>
<arg>results</arg>
<doc>Fails if ``key`` is not found from ``dictionary``.</doc>
<status status="PASS" start="2024-04-22T09:15:30.267169" elapsed="0.000212"/>
</kw>
<status status="PASS" start="2024-04-22T09:15:30.133902" elapsed="0.133744"/>
</kw>
<doc>Testa se a API responde corretamente e retorna um objeto JSON válido.</doc>
<tag>testeRequisicaoBasica</tag>
<status status="PASS" start="2024-04-22T09:15:30.133321" elapsed="0.134512"/>
</test>
<test id="s1-s1-t3" name="Validar estrutura de resposta" line="22">
<kw name="Teste de Estrutura de Resposta" owner="random-user-service">
<kw name="GET On Session" owner="RequestsLibrary">
<msg time="2024-04-22T09:15:30.375663" level="INFO">GET Request : url=https://randomuser.me/api 
 path_url=/api 
 headers={'User-Agent': 'python-requests/2.31.0', 'Accept-Encoding': 'gzip, deflate', 'Accept': '*/*', 'Connection': 'keep-alive'} 
 body=None 
 </msg>
<msg time="2024-04-22T09:15:30.375778" level="INFO">GET Response : url=https://randomuser.me/api 
 status=200, reason=OK 
 headers={'Date': 'Mon, 22 Apr 2024 09:15:30 GMT', 'Content-Type': 'application/json; charset=utf-8', 'Transfer-Encoding': 'chunked', 'Connection': 'keep-alive', 'X-Powered-By': 'Express', 'Access-Control-Allow-Origin': '*', 'Cache-Control': 'no-cache', 'ETag': 'W/"4ae-kLBEifsKVDD1TZO6DFpWWXmNihk"', 'Vary': 'Accept-Encoding', 'Content-Encoding': 'gzip', 'CF-Cache-Status': 'DYNAMIC', 'Report-To': '{"endpoints":[{"url":"https:\\/\\/a.nel.cloudflare.com\\/report\\/v4?s=KFbiu2t71pHQq67sapFkh%2FcmdgtvvBrZ0vpSIbsJuNV3xnM0fmxYCA%2F6OiSye1tZ9lZZpK%2BvQGsj0%2BMCxcJaZSpxbKRI3iA0WAgFkE4S8PnTrcuKdUCwisD1%2Fcu6TP3l"}],"group":"cf-nel","max_age":604800}', 'NEL': '{"success_fraction":0,"report_to":"cf-nel","max_age":604800}', 'Server': 'cloudflare', 'CF-RAY': '8784827a3c476435-SJC', 'alt-svc': 'h3=":443"; ma=86400'} 
 body={"results":[{"gender":"male","name":{"title":"Mr","first":"Gotthard","last":"Eichler"},"location":{"street":{"number":9166,"name":"Uhlandstraße"},"city":"Menden (Sauerland)","state":"Nordrhein-Westfalen","country":"Germany","postcode":64359,"coordinates":{"latitude":"-48.1448","longitude":"-65.1012"},"timezone":{"offset":"+11:00","description":"Magadan, Solomon Islands, New Caledonia"}},"email":"gotthard.eichler@example.com","login":{"uuid":"52fef899-c6a6-4210-872b-67fb98510467","username":"bluepanda483","password":"jerk","salt":"YyOzieaF","md5":"b72d37199177c9b69b1afad4e6d3ead1","sha1":"40ad4bfedbdf72807222d1bb60a1fcf0843f237c","sha256":"010cd2c963199bf51febc265e28d71d67d4d0cb2a0c2c7ee1d2f0423e20f294d"},"dob":{"date":"1972-09-19T15:00:15.277Z","age":51},"registered":{"date":"2022-01-09T23:07:56.311Z","age":2},"phone":"0553-0033441","cell":"0175-4322772","id":{"name":"SVNR","value":"04 190972 E 236"},"picture":{"large":"https://randomuser.me/api/portraits/men/74.jpg","medium":"https://randomuser.me/api/portraits/med/men/74.jpg","thumbnail":"https://randomuser.me/api/portraits/thumb/men/74.jpg"},"nat":"DE"}],"info":{"seed":"46c3111cca0b2ecb","results":1,"page":1,"version":"1.4"}} 
 </msg>
<msg time="2024-04-22T09:15:30.375921" level="INFO">/opt/hostedtoolcache/Python/3.12.3/x64/lib/python3.12/site-packages/urllib3/connectionpool.py:1103: InsecureRequestWarning: Unverified HTTPS request is being made to host 'randomuser.me'. Adding certificate verification is strongly advised. See: https://urllib3.readthedocs.io/en/latest/advanced-usage.html#tls-warnings
  warnings.warn(</msg>
<msg time="2024-04-22T09:15:30.376060" level="INFO">${response} = &lt;Response [200]&gt;</msg>
<var>${response}</var>
<arg>consultarAPI</arg>
<arg>/api</arg>
<doc>Sends a GET request on a previously created HTTP Session.</doc>
<status status="PASS" start="2024-04-22T09:15:30.270564" elapsed="0.105536"/>
</kw>
<kw name="Set Variable" owner="BuiltIn">
<msg time="2024-04-22T09:15:30.377353" level="INFO">${json_data} = {'results': [{'gender': 'male', 'name': {'title': 'Mr', 'first': 'Gotthard', 'last': 'Eichler'}, 'location': {'street': {'number': 9166, 'name': 'Uhlandstraße'}, 'city': 'Menden (Sauerland)', 'state':...</msg>
<var>${json_data}</var>
<arg>${response.json()}</arg>
<doc>Returns the given values which can then be assigned to a variables.</doc>
<status status="PASS" start="2024-04-22T09:15:30.376745" elapsed="0.000638"/>
</kw>
<kw name="Log" owner="BuiltIn">
<msg time="2024-04-22T09:15:30.377915" level="INFO">{'results': [{'gender': 'male', 'name': {'title': 'Mr', 'first': 'Gotthard', 'last': 'Eichler'}, 'location': {'street': {'number': 9166, 'name': 'Uhlandstraße'}, 'city': 'Menden (Sauerland)', 'state': 'Nordrhein-Westfalen', 'country': 'Germany', 'postcode': 64359, 'coordinates': {'latitude': '-48.1448', 'longitude': '-65.1012'}, 'timezone': {'offset': '+11:00', 'description': 'Magadan, Solomon Islands, New Caledonia'}}, 'email': 'gotthard.eichler@example.com', 'login': {'uuid': '52fef899-c6a6-4210-872b-67fb98510467', 'username': 'bluepanda483', 'password': 'jerk', 'salt': 'YyOzieaF', 'md5': 'b72d37199177c9b69b1afad4e6d3ead1', 'sha1': '40ad4bfedbdf72807222d1bb60a1fcf0843f237c', 'sha256': '010cd2c963199bf51febc265e28d71d67d4d0cb2a0c2c7ee1d2f0423e20f294d'}, 'dob': {'date': '1972-09-19T15:00:15.277Z', 'age': 51}, 'registered': {'date': '2022-01-09T23:07:56.311Z', 'age': 2}, 'phone': '0553-0033441', 'cell': '0175-4322772', 'id': {'name': 'SVNR', 'value': '04 190972 E 236'}, 'picture': {'large': 'https://randomuser.me/api/portraits/men/74.jpg', 'medium': 'https://randomuser.me/api/portraits/med/men/74.jpg', 'thumbnail': 'https://randomuser.me/api/portraits/thumb/men/74.jpg'}, 'nat': 'DE'}], 'info': {'seed': '46c3111cca0b2ecb', 'results': 1, 'page': 1, 'version': '1.4'}}</msg>
<arg>${json_data}</arg>
<doc>Logs the given message with the given level.</doc>
<status status="PASS" start="2024-04-22T09:15:30.377702" elapsed="0.000271"/>
</kw>
<kw name="Dictionary Should Contain Key" owner="Collections">
<msg time="2024-04-22T09:15:30.378438" level="INFO">False</msg>
<arg>${json_data}</arg>
<arg>results</arg>
<doc>Fails if ``key`` is not found from ``dictionary``.</doc>
<status status="PASS" start="2024-04-22T09:15:30.378280" elapsed="0.000197"/>
</kw>
<kw name="Should Not Be Empty" owner="BuiltIn">
<msg time="2024-04-22T09:15:30.378905" level="INFO">Length is 2.</msg>
<arg>${json_data}</arg>
<doc>Verifies that the given item is not empty.</doc>
<status status="PASS" start="2024-04-22T09:15:30.378773" elapsed="0.000170"/>
</kw>
<kw name="Create List" owner="BuiltIn">
<msg time="2024-04-22T09:15:30.379537" level="INFO">${expected_keys} = ['gender', 'name', 'location', 'email', 'login']</msg>
<var>${expected_keys}</var>
<arg>gender</arg>
<arg>name</arg>
<arg>location</arg>
<arg>email</arg>
<arg>login</arg>
<doc>Returns a list containing given items.</doc>
<status status="PASS" start="2024-04-22T09:15:30.379229" elapsed="0.000333"/>
</kw>
<for flavor="IN">
<iter>
<kw name="Dictionary Should Contain Key" owner="Collections">
<msg time="2024-04-22T09:15:30.380557" level="INFO">False</msg>
<arg>${json_data['results'][0]}</arg>
<arg>${key}</arg>
<doc>Fails if ``key`` is not found from ``dictionary``.</doc>
<status status="PASS" start="2024-04-22T09:15:30.380152" elapsed="0.000444"/>
</kw>
<kw name="Log" owner="BuiltIn">
<msg time="2024-04-22T09:15:30.381264" level="INFO">{'gender': 'male', 'name': {'title': 'Mr', 'first': 'Gotthard', 'last': 'Eichler'}, 'location': {'street': {'number': 9166, 'name': 'Uhlandstraße'}, 'city': 'Menden (Sauerland)', 'state': 'Nordrhein-Westfalen', 'country': 'Germany', 'postcode': 64359, 'coordinates': {'latitude': '-48.1448', 'longitude': '-65.1012'}, 'timezone': {'offset': '+11:00', 'description': 'Magadan, Solomon Islands, New Caledonia'}}, 'email': 'gotthard.eichler@example.com', 'login': {'uuid': '52fef899-c6a6-4210-872b-67fb98510467', 'username': 'bluepanda483', 'password': 'jerk', 'salt': 'YyOzieaF', 'md5': 'b72d37199177c9b69b1afad4e6d3ead1', 'sha1': '40ad4bfedbdf72807222d1bb60a1fcf0843f237c', 'sha256': '010cd2c963199bf51febc265e28d71d67d4d0cb2a0c2c7ee1d2f0423e20f294d'}, 'dob': {'date': '1972-09-19T15:00:15.277Z', 'age': 51}, 'registered': {'date': '2022-01-09T23:07:56.311Z', 'age': 2}, 'phone': '0553-0033441', 'cell': '0175-4322772', 'id': {'name': 'SVNR', 'value': '04 190972 E 236'}, 'picture': {'large': 'https://randomuser.me/api/portraits/men/74.jpg', 'medium': 'https://randomuser.me/api/portraits/med/men/74.jpg', 'thumbnail': 'https://randomuser.me/api/portraits/thumb/men/74.jpg'}, 'nat': 'DE'}</msg>
<arg>${json_data['results'][0]}</arg>
<doc>Logs the given message with the given level.</doc>
<status status="PASS" start="2024-04-22T09:15:30.380897" elapsed="0.000417"/>
</kw>
<kw name="Log" owner="BuiltIn">
<msg time="2024-04-22T09:15:30.381733" level="INFO">gender</msg>
<arg>${key}</arg>
<doc>Logs the given message with the given level.</doc>
<status status="PASS" start="2024-04-22T09:15:30.381606" elapsed="0.000164"/>
</kw>
<var name="${key}">gender</var>
<status status="PASS" start="2024-04-22T09:15:30.380025" elapsed="0.001982"/>
</iter>
<iter>
<kw name="Dictionary Should Contain Key" owner="Collections">
<msg time="2024-04-22T09:15:30.382689" level="INFO">False</msg>
<arg>${json_data['results'][0]}</arg>
<arg>${key}</arg>
<doc>Fails if ``key`` is not found from ``dictionary``.</doc>
<status status="PASS" start="2024-04-22T09:15:30.382306" elapsed="0.000452"/>
</kw>
<kw name="Log" owner="BuiltIn">
<msg time="2024-04-22T09:15:30.383432" level="INFO">{'gender': 'male', 'name': {'title': 'Mr', 'first': 'Gotthard', 'last': 'Eichler'}, 'location': {'street': {'number': 9166, 'name': 'Uhlandstraße'}, 'city': 'Menden (Sauerland)', 'state': 'Nordrhein-Westfalen', 'country': 'Germany', 'postcode': 64359, 'coordinates': {'latitude': '-48.1448', 'longitude': '-65.1012'}, 'timezone': {'offset': '+11:00', 'description': 'Magadan, Solomon Islands, New Caledonia'}}, 'email': 'gotthard.eichler@example.com', 'login': {'uuid': '52fef899-c6a6-4210-872b-67fb98510467', 'username': 'bluepanda483', 'password': 'jerk', 'salt': 'YyOzieaF', 'md5': 'b72d37199177c9b69b1afad4e6d3ead1', 'sha1': '40ad4bfedbdf72807222d1bb60a1fcf0843f237c', 'sha256': '010cd2c963199bf51febc265e28d71d67d4d0cb2a0c2c7ee1d2f0423e20f294d'}, 'dob': {'date': '1972-09-19T15:00:15.277Z', 'age': 51}, 'registered': {'date': '2022-01-09T23:07:56.311Z', 'age': 2}, 'phone': '0553-0033441', 'cell': '0175-4322772', 'id': {'name': 'SVNR', 'value': '04 190972 E 236'}, 'picture': {'large': 'https://randomuser.me/api/portraits/men/74.jpg', 'medium': 'https://randomuser.me/api/portraits/med/men/74.jpg', 'thumbnail': 'https://randomuser.me/api/portraits/thumb/men/74.jpg'}, 'nat': 'DE'}</msg>
<arg>${json_data['results'][0]}</arg>
<doc>Logs the given message with the given level.</doc>
<status status="PASS" start="2024-04-22T09:15:30.383065" elapsed="0.000415"/>
</kw>
<kw name="Log" owner="BuiltIn">
<msg time="2024-04-22T09:15:30.383895" level="INFO">name</msg>
<arg>${key}</arg>
<doc>Logs the given message with the given level.</doc>
<status status="PASS" start="2024-04-22T09:15:30.383771" elapsed="0.000161"/>
</kw>
<var name="${key}">name</var>
<status status="PASS" start="2024-04-22T09:15:30.382192" elapsed="0.001953"/>
</iter>
<iter>
<kw name="Dictionary Should Contain Key" owner="Collections">
<msg time="2024-04-22T09:15:30.384816" level="INFO">False</msg>
<arg>${json_data['results'][0]}</arg>
<arg>${key}</arg>
<doc>Fails if ``key`` is not found from ``dictionary``.</doc>
<status status="PASS" start="2024-04-22T09:15:30.384430" elapsed="0.000423"/>
</kw>
<kw name="Log" owner="BuiltIn">
<msg time="2024-04-22T09:15:30.385513" level="INFO">{'gender': 'male', 'name': {'title': 'Mr', 'first': 'Gotthard', 'last': 'Eichler'}, 'location': {'street': {'number': 9166, 'name': 'Uhlandstraße'}, 'city': 'Menden (Sauerland)', 'state': 'Nordrhein-Westfalen', 'country': 'Germany', 'postcode': 64359, 'coordinates': {'latitude': '-48.1448', 'longitude': '-65.1012'}, 'timezone': {'offset': '+11:00', 'description': 'Magadan, Solomon Islands, New Caledonia'}}, 'email': 'gotthard.eichler@example.com', 'login': {'uuid': '52fef899-c6a6-4210-872b-67fb98510467', 'username': 'bluepanda483', 'password': 'jerk', 'salt': 'YyOzieaF', 'md5': 'b72d37199177c9b69b1afad4e6d3ead1', 'sha1': '40ad4bfedbdf72807222d1bb60a1fcf0843f237c', 'sha256': '010cd2c963199bf51febc265e28d71d67d4d0cb2a0c2c7ee1d2f0423e20f294d'}, 'dob': {'date': '1972-09-19T15:00:15.277Z', 'age': 51}, 'registered': {'date': '2022-01-09T23:07:56.311Z', 'age': 2}, 'phone': '0553-0033441', 'cell': '0175-4322772', 'id': {'name': 'SVNR', 'value': '04 190972 E 236'}, 'picture': {'large': 'https://randomuser.me/api/portraits/men/74.jpg', 'medium': 'https://randomuser.me/api/portraits/med/men/74.jpg', 'thumbnail': 'https://randomuser.me/api/portraits/thumb/men/74.jpg'}, 'nat': 'DE'}</msg>
<arg>${json_data['results'][0]}</arg>
<doc>Logs the given message with the given level.</doc>
<status status="PASS" start="2024-04-22T09:15:30.385151" elapsed="0.000412"/>
</kw>
<kw name="Log" owner="BuiltIn">
<msg time="2024-04-22T09:15:30.386029" level="INFO">location</msg>
<arg>${key}</arg>
<doc>Logs the given message with the given level.</doc>
<status status="PASS" start="2024-04-22T09:15:30.385895" elapsed="0.000173"/>
</kw>
<var name="${key}">location</var>
<status status="PASS" start="2024-04-22T09:15:30.384320" elapsed="0.001964"/>
</iter>
<iter>
<kw name="Dictionary Should Contain Key" owner="Collections">
<msg time="2024-04-22T09:15:30.386948" level="INFO">False</msg>
<arg>${json_data['results'][0]}</arg>
<arg>${key}</arg>
<doc>Fails if ``key`` is not found from ``dictionary``.</doc>
<status status="PASS" start="2024-04-22T09:15:30.386568" elapsed="0.000417"/>
</kw>
<kw name="Log" owner="BuiltIn">
<msg time="2024-04-22T09:15:30.387641" level="INFO">{'gender': 'male', 'name': {'title': 'Mr', 'first': 'Gotthard', 'last': 'Eichler'}, 'location': {'street': {'number': 9166, 'name': 'Uhlandstraße'}, 'city': 'Menden (Sauerland)', 'state': 'Nordrhein-Westfalen', 'country': 'Germany', 'postcode': 64359, 'coordinates': {'latitude': '-48.1448', 'longitude': '-65.1012'}, 'timezone': {'offset': '+11:00', 'description': 'Magadan, Solomon Islands, New Caledonia'}}, 'email': 'gotthard.eichler@example.com', 'login': {'uuid': '52fef899-c6a6-4210-872b-67fb98510467', 'username': 'bluepanda483', 'password': 'jerk', 'salt': 'YyOzieaF', 'md5': 'b72d37199177c9b69b1afad4e6d3ead1', 'sha1': '40ad4bfedbdf72807222d1bb60a1fcf0843f237c', 'sha256': '010cd2c963199bf51febc265e28d71d67d4d0cb2a0c2c7ee1d2f0423e20f294d'}, 'dob': {'date': '1972-09-19T15:00:15.277Z', 'age': 51}, 'registered': {'date': '2022-01-09T23:07:56.311Z', 'age': 2}, 'phone': '0553-0033441', 'cell': '0175-4322772', 'id': {'name': 'SVNR', 'value': '04 190972 E 236'}, 'picture': {'large': 'https://randomuser.me/api/portraits/men/74.jpg', 'medium': 'https://randomuser.me/api/portraits/med/men/74.jpg', 'thumbnail': 'https://randomuser.me/api/portraits/thumb/men/74.jpg'}, 'nat': 'DE'}</msg>
<arg>${json_data['results'][0]}</arg>
<doc>Logs the given message with the given level.</doc>
<status status="PASS" start="2024-04-22T09:15:30.387279" elapsed="0.000411"/>
</kw>
<kw name="Log" owner="BuiltIn">
<msg time="2024-04-22T09:15:30.388107" level="INFO">email</msg>
<arg>${key}</arg>
<doc>Logs the given message with the given level.</doc>
<status status="PASS" start="2024-04-22T09:15:30.387981" elapsed="0.000163"/>
</kw>
<var name="${key}">email</var>
<status status="PASS" start="2024-04-22T09:15:30.386456" elapsed="0.001899"/>
</iter>
<iter>
<kw name="Dictionary Should Contain Key" owner="Collections">
<msg time="2024-04-22T09:15:30.389052" level="INFO">False</msg>
<arg>${json_data['results'][0]}</arg>
<arg>${key}</arg>
<doc>Fails if ``key`` is not found from ``dictionary``.</doc>
<status status="PASS" start="2024-04-22T09:15:30.388665" elapsed="0.000424"/>
</kw>
<kw name="Log" owner="BuiltIn">
<msg time="2024-04-22T09:15:30.389747" level="INFO">{'gender': 'male', 'name': {'title': 'Mr', 'first': 'Gotthard', 'last': 'Eichler'}, 'location': {'street': {'number': 9166, 'name': 'Uhlandstraße'}, 'city': 'Menden (Sauerland)', 'state': 'Nordrhein-Westfalen', 'country': 'Germany', 'postcode': 64359, 'coordinates': {'latitude': '-48.1448', 'longitude': '-65.1012'}, 'timezone': {'offset': '+11:00', 'description': 'Magadan, Solomon Islands, New Caledonia'}}, 'email': 'gotthard.eichler@example.com', 'login': {'uuid': '52fef899-c6a6-4210-872b-67fb98510467', 'username': 'bluepanda483', 'password': 'jerk', 'salt': 'YyOzieaF', 'md5': 'b72d37199177c9b69b1afad4e6d3ead1', 'sha1': '40ad4bfedbdf72807222d1bb60a1fcf0843f237c', 'sha256': '010cd2c963199bf51febc265e28d71d67d4d0cb2a0c2c7ee1d2f0423e20f294d'}, 'dob': {'date': '1972-09-19T15:00:15.277Z', 'age': 51}, 'registered': {'date': '2022-01-09T23:07:56.311Z', 'age': 2}, 'phone': '0553-0033441', 'cell': '0175-4322772', 'id': {'name': 'SVNR', 'value': '04 190972 E 236'}, 'picture': {'large': 'https://randomuser.me/api/portraits/men/74.jpg', 'medium': 'https://randomuser.me/api/portraits/med/men/74.jpg', 'thumbnail': 'https://randomuser.me/api/portraits/thumb/men/74.jpg'}, 'nat': 'DE'}</msg>
<arg>${json_data['results'][0]}</arg>
<doc>Logs the given message with the given level.</doc>
<status status="PASS" start="2024-04-22T09:15:30.389380" elapsed="0.000417"/>
</kw>
<kw name="Log" owner="BuiltIn">
<msg time="2024-04-22T09:15:30.390309" level="INFO">login</msg>
<arg>${key}</arg>
<doc>Logs the given message with the given level.</doc>
<status status="PASS" start="2024-04-22T09:15:30.390182" elapsed="0.000165"/>
</kw>
<var name="${key}">login</var>
<status status="PASS" start="2024-04-22T09:15:30.388523" elapsed="0.002037"/>
</iter>
<var>${key}</var>
<value>@{expected_keys}</value>
<status status="PASS" start="2024-04-22T09:15:30.379829" elapsed="0.010852"/>
</for>
<kw name="Create List" owner="BuiltIn">
<msg time="2024-04-22T09:15:30.391013" level="INFO">${expected_keysTwo} = ['username', 'password']</msg>
<var>${expected_keysTwo}</var>
<arg>username</arg>
<arg>password</arg>
<doc>Returns a list containing given items.</doc>
<status status="PASS" start="2024-04-22T09:15:30.390878" elapsed="0.000159"/>
</kw>
<for flavor="IN">
<iter>
<kw name="Dictionary Should Contain Key" owner="Collections">
<msg time="2024-04-22T09:15:30.391928" level="INFO">False</msg>
<arg>${json_data['results'][0]['login']}</arg>
<arg>${keyTwo}</arg>
<doc>Fails if ``key`` is not found from ``dictionary``.</doc>
<status status="PASS" start="2024-04-22T09:15:30.391539" elapsed="0.000427"/>
</kw>
<kw name="Dictionary Should Contain Key" owner="Collections">
<msg time="2024-04-22T09:15:30.392649" level="INFO">False</msg>
<arg>${json_data['results'][0]['login']}</arg>
<arg>${keyTwo}</arg>
<doc>Fails if ``key`` is not found from ``dictionary``.</doc>
<status status="PASS" start="2024-04-22T09:15:30.392259" elapsed="0.000429"/>
</kw>
<kw name="Log" owner="BuiltIn">
<msg time="2024-04-22T09:15:30.393099" level="INFO">username</msg>
<arg>${keyTwo}</arg>
<doc>Logs the given message with the given level.</doc>
<status status="PASS" start="2024-04-22T09:15:30.392975" elapsed="0.000166"/>
</kw>
<var name="${keyTwo}">username</var>
<status status="PASS" start="2024-04-22T09:15:30.391430" elapsed="0.001926"/>
</iter>
<iter>
<kw name="Dictionary Should Contain Key" owner="Collections">
<msg time="2024-04-22T09:15:30.394058" level="INFO">False</msg>
<arg>${json_data['results'][0]['login']}</arg>
<arg>${keyTwo}</arg>
<doc>Fails if ``key`` is not found from ``dictionary``.</doc>
<status status="PASS" start="2024-04-22T09:15:30.393633" elapsed="0.000463"/>
</kw>
<kw name="Dictionary Should Contain Key" owner="Collections">
<msg time="2024-04-22T09:15:30.394852" level="INFO">False</msg>
<arg>${json_data['results'][0]['login']}</arg>
<arg>${keyTwo}</arg>
<doc>Fails if ``key`` is not found from ``dictionary``.</doc>
<status status="PASS" start="2024-04-22T09:15:30.394389" elapsed="0.000502"/>
</kw>
<kw name="Log" owner="BuiltIn">
<msg time="2024-04-22T09:15:30.395310" level="INFO">password</msg>
<arg>${keyTwo}</arg>
<doc>Logs the given message with the given level.</doc>
<status status="PASS" start="2024-04-22T09:15:30.395184" elapsed="0.000164"/>
</kw>
<var name="${keyTwo}">password</var>
<status status="PASS" start="2024-04-22T09:15:30.393526" elapsed="0.002040"/>
</iter>
<var>${keyTwo}</var>
<value>@{expected_keysTwo}</value>
<status status="PASS" start="2024-04-22T09:15:30.391273" elapsed="0.004414"/>
</for>
<status status="PASS" start="2024-04-22T09:15:30.270317" elapsed="0.125514"/>
</kw>
<doc>Testa a estrutura da resposta da API.</doc>
<tag>testeEstruturaResposta</tag>
<status status="PASS" start="2024-04-22T09:15:30.269669" elapsed="0.126321"/>
</test>
<test id="s1-s1-t4" name="Validar tipos de dados" line="28">
<kw name="Teste de Tipos de Dados" owner="random-user-service">
<kw name="GET On Session" owner="RequestsLibrary">
<msg time="2024-04-22T09:15:30.486838" level="INFO">GET Request : url=https://randomuser.me/api 
 path_url=/api 
 headers={'User-Agent': 'python-requests/2.31.0', 'Accept-Encoding': 'gzip, deflate', 'Accept': '*/*', 'Connection': 'keep-alive'} 
 body=None 
 </msg>
<msg time="2024-04-22T09:15:30.486951" level="INFO">GET Response : url=https://randomuser.me/api 
 status=200, reason=OK 
 headers={'Date': 'Mon, 22 Apr 2024 09:15:30 GMT', 'Content-Type': 'application/json; charset=utf-8', 'Transfer-Encoding': 'chunked', 'Connection': 'keep-alive', 'X-Powered-By': 'Express', 'Access-Control-Allow-Origin': '*', 'Cache-Control': 'no-cache', 'ETag': 'W/"483-Io8ZPr87I775rbLdeEgBHElyHzg"', 'Vary': 'Accept-Encoding', 'Content-Encoding': 'gzip', 'CF-Cache-Status': 'DYNAMIC', 'Report-To': '{"endpoints":[{"url":"https:\\/\\/a.nel.cloudflare.com\\/report\\/v4?s=uVk48Lfyc3Z44pnRWCABhafpkU5kVNX73SqD4kaKqu49FuLzSuqHhTCn9ZkrsOp6DNx01vKzkaQ126sz3pQN5ASJi8wSLafqf1NtAB2hS9zzaitfv4iVP5NKi%2Fr7skA8"}],"group":"cf-nel","max_age":604800}', 'NEL': '{"success_fraction":0,"report_to":"cf-nel","max_age":604800}', 'Server': 'cloudflare', 'CF-RAY': '8784827b0cd26435-SJC', 'alt-svc': 'h3=":443"; ma=86400'} 
 body={"results":[{"gender":"male","name":{"title":"Mr","first":"Luis","last":"Iglesias"},"location":{"street":{"number":897,"name":"Calle de La Almudena"},"city":"Elche","state":"Andalucía","country":"Spain","postcode":88794,"coordinates":{"latitude":"-34.2684","longitude":"-96.3842"},"timezone":{"offset":"-7:00","description":"Mountain Time (US &amp; Canada)"}},"email":"luis.iglesias@example.com","login":{"uuid":"b721730e-0704-4594-92ce-01207d0e1ce3","username":"silvertiger119","password":"boiler","salt":"cEatvLs1","md5":"2e174b25d6d264e85282832a2e113023","sha1":"9a0cd7b53ed3f309a62d1e77cf6bdde11f82cfcb","sha256":"69878f537406cee70c1fd6ef68ead0c7dc5913d79cb3198facb27c428e7ef65f"},"dob":{"date":"1949-02-10T16:51:05.200Z","age":75},"registered":{"date":"2005-06-15T06:45:00.631Z","age":18},"phone":"948-081-792","cell":"602-174-100","id":{"name":"DNI","value":"66913560-Y"},"picture":{"large":"https://randomuser.me/api/portraits/men/0.jpg","medium":"https://randomuser.me/api/portraits/med/men/0.jpg","thumbnail":"https://randomuser.me/api/portraits/thumb/men/0.jpg"},"nat":"ES"}],"info":{"seed":"34893dad23827f26","results":1,"page":1,"version":"1.4"}} 
 </msg>
<msg time="2024-04-22T09:15:30.487044" level="INFO">/opt/hostedtoolcache/Python/3.12.3/x64/lib/python3.12/site-packages/urllib3/connectionpool.py:1103: InsecureRequestWarning: Unverified HTTPS request is being made to host 'randomuser.me'. Adding certificate verification is strongly advised. See: https://urllib3.readthedocs.io/en/latest/advanced-usage.html#tls-warnings
  warnings.warn(</msg>
<msg time="2024-04-22T09:15:30.487174" level="INFO">${response} = &lt;Response [200]&gt;</msg>
<var>${response}</var>
<arg>consultarAPI</arg>
<arg>/api</arg>
<doc>Sends a GET request on a previously created HTTP Session.</doc>
<status status="PASS" start="2024-04-22T09:15:30.398668" elapsed="0.088549"/>
</kw>
<kw name="Set Variable" owner="BuiltIn">
<msg time="2024-04-22T09:15:30.488525" level="INFO">${json_data} = {'results': [{'gender': 'male', 'name': {'title': 'Mr', 'first': 'Luis', 'last': 'Iglesias'}, 'location': {'street': {'number': 897, 'name': 'Calle de La Almudena'}, 'city': 'Elche', 'state': 'Andaluc...</msg>
<var>${json_data}</var>
<arg>${response.json()}</arg>
<doc>Returns the given values which can then be assigned to a variables.</doc>
<status status="PASS" start="2024-04-22T09:15:30.487915" elapsed="0.000639"/>
</kw>
<kw name="Log" owner="BuiltIn">
<msg time="2024-04-22T09:15:30.489101" level="INFO">{'results': [{'gender': 'male', 'name': {'title': 'Mr', 'first': 'Luis', 'last': 'Iglesias'}, 'location': {'street': {'number': 897, 'name': 'Calle de La Almudena'}, 'city': 'Elche', 'state': 'Andalucía', 'country': 'Spain', 'postcode': 88794, 'coordinates': {'latitude': '-34.2684', 'longitude': '-96.3842'}, 'timezone': {'offset': '-7:00', 'description': 'Mountain Time (US &amp; Canada)'}}, 'email': 'luis.iglesias@example.com', 'login': {'uuid': 'b721730e-0704-4594-92ce-01207d0e1ce3', 'username': 'silvertiger119', 'password': 'boiler', 'salt': 'cEatvLs1', 'md5': '2e174b25d6d264e85282832a2e113023', 'sha1': '9a0cd7b53ed3f309a62d1e77cf6bdde11f82cfcb', 'sha256': '69878f537406cee70c1fd6ef68ead0c7dc5913d79cb3198facb27c428e7ef65f'}, 'dob': {'date': '1949-02-10T16:51:05.200Z', 'age': 75}, 'registered': {'date': '2005-06-15T06:45:00.631Z', 'age': 18}, 'phone': '948-081-792', 'cell': '602-174-100', 'id': {'name': 'DNI', 'value': '66913560-Y'}, 'picture': {'large': 'https://randomuser.me/api/portraits/men/0.jpg', 'medium': 'https://randomuser.me/api/portraits/med/men/0.jpg', 'thumbnail': 'https://randomuser.me/api/portraits/thumb/men/0.jpg'}, 'nat': 'ES'}], 'info': {'seed': '34893dad23827f26', 'results': 1, 'page': 1, 'version': '1.4'}}</msg>
<arg>${json_data}</arg>
<doc>Logs the given message with the given level.</doc>
<status status="PASS" start="2024-04-22T09:15:30.488915" elapsed="0.000281"/>
</kw>
<kw name="Should Be String" owner="String">
<arg>${json_data['results'][0]['gender']}</arg>
<doc>Fails if the given ``item`` is not a string.</doc>
<status status="PASS" start="2024-04-22T09:15:30.489525" elapsed="0.000433"/>
</kw>
<kw name="Should Match Regexp" owner="BuiltIn">
<arg>${json_data['results'][0]['email']}</arg>
<arg>^[a-zA-Z0-9._%+-]+@[a-zA-Z0-9.-]+\.[a-zA-Z]{2,}$</arg>
<doc>Fails if ``string`` does not match ``pattern`` as a regular expression.</doc>
<status status="PASS" start="2024-04-22T09:15:30.490176" elapsed="0.000548"/>
</kw>
<kw name="Should Match Regexp" owner="BuiltIn">
<arg>${json_data['results'][0]['dob']['date']}</arg>
<arg>\\d{4}-\\d{2}-\\d{2}T\\d{2}:\\d{2}:\\d{2}\\.\\d{3}Z</arg>
<doc>Fails if ``string`` does not match ``pattern`` as a regular expression.</doc>
<status status="PASS" start="2024-04-22T09:15:30.490932" elapsed="0.000527"/>
</kw>
<kw name="Should Match Regexp" owner="BuiltIn">
<arg>${json_data['results'][0]['registered']['date']}</arg>
<arg>\\d{4}-\\d{2}-\\d{2}T\\d{2}:\\d{2}:\\d{2}\\.\\d{3}Z</arg>
<doc>Fails if ``string`` does not match ``pattern`` as a regular expression.</doc>
<status status="PASS" start="2024-04-22T09:15:30.491657" elapsed="0.000373"/>
</kw>
<kw name="Should Match Regexp" owner="BuiltIn">
<arg>${json_data['results'][0]['picture']['large']}</arg>
<arg>^https?://.*\.(?:png|jpe?g|gif|bmp)$</arg>
<doc>Fails if ``string`` does not match ``pattern`` as a regular expression.</doc>
<status status="PASS" start="2024-04-22T09:15:30.492219" elapsed="0.000467"/>
</kw>
<kw name="Should Match Regexp" owner="BuiltIn">
<arg>${json_data['results'][0]['picture']['medium']}</arg>
<arg>^https?://.*\.(?:png|jpe?g|gif|bmp)$</arg>
<doc>Fails if ``string`` does not match ``pattern`` as a regular expression.</doc>
<status status="PASS" start="2024-04-22T09:15:30.492879" elapsed="0.000359"/>
</kw>
<kw name="Should Match Regexp" owner="BuiltIn">
<arg>${json_data['results'][0]['picture']['thumbnail']}</arg>
<arg>^https?://.*\.(?:png|jpe?g|gif|bmp)$</arg>
<doc>Fails if ``string`` does not match ``pattern`` as a regular expression.</doc>
<status status="PASS" start="2024-04-22T09:15:30.493426" elapsed="0.000355"/>
</kw>
<kw name="Log" owner="BuiltIn">
<msg time="2024-04-22T09:15:30.494329" level="INFO">{'large': 'https://randomuser.me/api/portraits/men/0.jpg', 'medium': 'https://randomuser.me/api/portraits/med/men/0.jpg', 'thumbnail': 'https://randomuser.me/api/portraits/thumb/men/0.jpg'}</msg>
<arg>${json_data['results'][0]['picture']}</arg>
<doc>Logs the given message with the given level.</doc>
<status status="PASS" start="2024-04-22T09:15:30.494000" elapsed="0.000372"/>
</kw>
<status status="PASS" start="2024-04-22T09:15:30.398427" elapsed="0.096214"/>
</kw>
<kw name="Teste de Tipos de Dados - Postcode" owner="random-user-service">
<kw name="GET On Session" owner="RequestsLibrary">
<msg time="2024-04-22T09:15:30.587176" level="INFO">GET Request : url=https://randomuser.me/api 
 path_url=/api 
 headers={'User-Agent': 'python-requests/2.31.0', 'Accept-Encoding': 'gzip, deflate', 'Accept': '*/*', 'Connection': 'keep-alive'} 
 body=None 
 </msg>
<msg time="2024-04-22T09:15:30.587284" level="INFO">GET Response : url=https://randomuser.me/api 
 status=200, reason=OK 
 headers={'Date': 'Mon, 22 Apr 2024 09:15:30 GMT', 'Content-Type': 'application/json; charset=utf-8', 'Transfer-Encoding': 'chunked', 'Connection': 'keep-alive', 'X-Powered-By': 'Express', 'Access-Control-Allow-Origin': '*', 'Cache-Control': 'no-cache', 'ETag': 'W/"49d-Gd5gzPhjuq3JeBZYlDsM2WEDVZc"', 'Vary': 'Accept-Encoding', 'Content-Encoding': 'gzip', 'CF-Cache-Status': 'DYNAMIC', 'Report-To': '{"endpoints":[{"url":"https:\\/\\/a.nel.cloudflare.com\\/report\\/v4?s=bhTaj9%2By1clIlc2oPzQ3fGCSsBCdnrfYyBsoB1BD%2F0qPc6%2FBYiwsGkpu51X8A3ib3jS%2Btqxp1UhMXiGK4ScZDMD5RhMN2xBqw1zVUEwhyLIgsQNJrQKE8GyngPJzobkJ"}],"group":"cf-nel","max_age":604800}', 'NEL': '{"success_fraction":0,"report_to":"cf-nel","max_age":604800}', 'Server': 'cloudflare', 'CF-RAY': '8784827bad406435-SJC', 'alt-svc': 'h3=":443"; ma=86400'} 
 body={"results":[{"gender":"male","name":{"title":"Monsieur","first":"Emmanuel","last":"Picard"},"location":{"street":{"number":3563,"name":"Avenue de la République"},"city":"Confignon","state":"Zug","country":"Switzerland","postcode":3223,"coordinates":{"latitude":"-58.7015","longitude":"-146.2077"},"timezone":{"offset":"+2:00","description":"Kaliningrad, South Africa"}},"email":"emmanuel.picard@example.com","login":{"uuid":"4d8503ef-4c00-47f6-bf45-a98836ff85dc","username":"crazyfrog692","password":"zheng","salt":"tVbdC8yC","md5":"c0e9d6e8a6972126fa9be4ae8418fa2b","sha1":"d347c637a1ffb387075c6e99579f83752cda2c6f","sha256":"ac902cdd2a9e47371aad266d29831d0da74a106d506db3e8a25455eee8145dbe"},"dob":{"date":"1979-09-08T14:23:34.183Z","age":44},"registered":{"date":"2012-06-08T16:37:52.493Z","age":11},"phone":"076 995 38 70","cell":"075 773 31 81","id":{"name":"AVS","value":"756.1938.1860.87"},"picture":{"large":"https://randomuser.me/api/portraits/men/54.jpg","medium":"https://randomuser.me/api/portraits/med/men/54.jpg","thumbnail":"https://randomuser.me/api/portraits/thumb/men/54.jpg"},"nat":"CH"}],"info":{"seed":"82c3c4ec4c571b0f","results":1,"page":1,"version":"1.4"}} 
 </msg>
<msg time="2024-04-22T09:15:30.587366" level="INFO">/opt/hostedtoolcache/Python/3.12.3/x64/lib/python3.12/site-packages/urllib3/connectionpool.py:1103: InsecureRequestWarning: Unverified HTTPS request is being made to host 'randomuser.me'. Adding certificate verification is strongly advised. See: https://urllib3.readthedocs.io/en/latest/advanced-usage.html#tls-warnings
  warnings.warn(</msg>
<msg time="2024-04-22T09:15:30.587505" level="INFO">${response} = &lt;Response [200]&gt;</msg>
<var>${response}</var>
<arg>consultarAPI</arg>
<arg>/api</arg>
<doc>Sends a GET request on a previously created HTTP Session.</doc>
<status status="PASS" start="2024-04-22T09:15:30.495117" elapsed="0.092432"/>
</kw>
<kw name="Set Variable" owner="BuiltIn">
<msg time="2024-04-22T09:15:30.588870" level="INFO">${json_data} = {'results': [{'gender': 'male', 'name': {'title': 'Monsieur', 'first': 'Emmanuel', 'last': 'Picard'}, 'location': {'street': {'number': 3563, 'name': 'Avenue de la République'}, 'city': 'Confignon', '...</msg>
<var>${json_data}</var>
<arg>${response.json()}</arg>
<doc>Returns the given values which can then be assigned to a variables.</doc>
<status status="PASS" start="2024-04-22T09:15:30.588259" elapsed="0.000641"/>
</kw>
<kw name="Log" owner="BuiltIn">
<msg time="2024-04-22T09:15:30.589471" level="INFO">{'results': [{'gender': 'male', 'name': {'title': 'Monsieur', 'first': 'Emmanuel', 'last': 'Picard'}, 'location': {'street': {'number': 3563, 'name': 'Avenue de la République'}, 'city': 'Confignon', 'state': 'Zug', 'country': 'Switzerland', 'postcode': 3223, 'coordinates': {'latitude': '-58.7015', 'longitude': '-146.2077'}, 'timezone': {'offset': '+2:00', 'description': 'Kaliningrad, South Africa'}}, 'email': 'emmanuel.picard@example.com', 'login': {'uuid': '4d8503ef-4c00-47f6-bf45-a98836ff85dc', 'username': 'crazyfrog692', 'password': 'zheng', 'salt': 'tVbdC8yC', 'md5': 'c0e9d6e8a6972126fa9be4ae8418fa2b', 'sha1': 'd347c637a1ffb387075c6e99579f83752cda2c6f', 'sha256': 'ac902cdd2a9e47371aad266d29831d0da74a106d506db3e8a25455eee8145dbe'}, 'dob': {'date': '1979-09-08T14:23:34.183Z', 'age': 44}, 'registered': {'date': '2012-06-08T16:37:52.493Z', 'age': 11}, 'phone': '076 995 38 70', 'cell': '075 773 31 81', 'id': {'name': 'AVS', 'value': '756.1938.1860.87'}, 'picture': {'large': 'https://randomuser.me/api/portraits/men/54.jpg', 'medium': 'https://randomuser.me/api/portraits/med/men/54.jpg', 'thumbnail': 'https://randomuser.me/api/portraits/thumb/men/54.jpg'}, 'nat': 'CH'}], 'info': {'seed': '82c3c4ec4c571b0f', 'results': 1, 'page': 1, 'version': '1.4'}}</msg>
<arg>${json_data}</arg>
<doc>Logs the given message with the given level.</doc>
<status status="PASS" start="2024-04-22T09:15:30.589284" elapsed="0.000276"/>
</kw>
<kw name="Should Be Equal As Numbers" owner="BuiltIn">
<arg>${json_data['results'][0]['location']['postcode']}</arg>
<arg>${json_data['results'][0]['location']['postcode']}</arg>
<doc>Fails if objects are unequal after converting them to real numbers.</doc>
<status status="PASS" start="2024-04-22T09:15:30.589962" elapsed="0.000886"/>
</kw>
<kw name="Log" owner="BuiltIn">
<msg time="2024-04-22T09:15:30.591416" level="INFO">3223</msg>
<arg>${json_data['results'][0]['location']['postcode']}</arg>
<doc>Logs the given message with the given level.</doc>
<status status="PASS" start="2024-04-22T09:15:30.591065" elapsed="0.000393"/>
</kw>
<status status="PASS" start="2024-04-22T09:15:30.494875" elapsed="0.096856"/>
</kw>
<doc>Testa se os tipos de dados na resposta da API estão corretos.</doc>
<tag>testeTiposDados</tag>
<status status="PASS" start="2024-04-22T09:15:30.397798" elapsed="0.194111"/>
</test>
<test id="s1-s1-t5" name="Validar conteudo" line="35">
<kw name="Teste de Tipos de Conteudo" owner="random-user-service">
<kw name="GET On Session" owner="RequestsLibrary">
<msg time="2024-04-22T09:15:30.689202" level="INFO">GET Request : url=https://randomuser.me/api 
 path_url=/api 
 headers={'User-Agent': 'python-requests/2.31.0', 'Accept-Encoding': 'gzip, deflate', 'Accept': '*/*', 'Connection': 'keep-alive'} 
 body=None 
 </msg>
<msg time="2024-04-22T09:15:30.689313" level="INFO">GET Response : url=https://randomuser.me/api 
 status=200, reason=OK 
 headers={'Date': 'Mon, 22 Apr 2024 09:15:30 GMT', 'Content-Type': 'application/json; charset=utf-8', 'Transfer-Encoding': 'chunked', 'Connection': 'keep-alive', 'X-Powered-By': 'Express', 'Access-Control-Allow-Origin': '*', 'Cache-Control': 'no-cache', 'ETag': 'W/"495-Czl4gHhRlbKaOX101roObfHQrcM"', 'Vary': 'Accept-Encoding', 'Content-Encoding': 'gzip', 'CF-Cache-Status': 'DYNAMIC', 'Report-To': '{"endpoints":[{"url":"https:\\/\\/a.nel.cloudflare.com\\/report\\/v4?s=j52Hq4LAYCbrCpg4e%2FLgpD2h0MGDDLDdHbIiJSum85Sp%2Bkn4N6ohvE7hEH0VFPE2tWvXpDhNbGSSPIrV7sjj0PQgLyAFy82p8uOgeDO4SMxQWJZ9YyoKozlKob2Id%2FzU"}],"group":"cf-nel","max_age":604800}', 'NEL': '{"success_fraction":0,"report_to":"cf-nel","max_age":604800}', 'Server': 'cloudflare', 'CF-RAY': '8784827c4da46435-SJC', 'alt-svc': 'h3=":443"; ma=86400'} 
 body={"results":[{"gender":"male","name":{"title":"Mr","first":"José","last":"Santiago"},"location":{"street":{"number":2220,"name":"Calle de Segovia"},"city":"Lorca","state":"Canarias","country":"Spain","postcode":90115,"coordinates":{"latitude":"-31.9638","longitude":"-19.0801"},"timezone":{"offset":"0:00","description":"Western Europe Time, London, Lisbon, Casablanca"}},"email":"jose.santiago@example.com","login":{"uuid":"9d73972e-2864-43d8-a727-c56f3b6b62d6","username":"blackkoala820","password":"hockey1","salt":"hIApoYGh","md5":"13913b0f0de958b53da73c926f682312","sha1":"851c1875af45e1e7f3b50829f22f515e618d1ab9","sha256":"4a435a82af477cfc380f095d5c61ef519d4214e8bf336d3eb4a204e8012639a3"},"dob":{"date":"1963-06-29T01:51:29.537Z","age":60},"registered":{"date":"2009-11-24T13:40:21.003Z","age":14},"phone":"926-363-183","cell":"637-324-611","id":{"name":"DNI","value":"52248717-C"},"picture":{"large":"https://randomuser.me/api/portraits/men/94.jpg","medium":"https://randomuser.me/api/portraits/med/men/94.jpg","thumbnail":"https://randomuser.me/api/portraits/thumb/men/94.jpg"},"nat":"ES"}],"info":{"seed":"e6f8a5febd1a3604","results":1,"page":1,"version":"1.4"}} 
 </msg>
<msg time="2024-04-22T09:15:30.689402" level="INFO">/opt/hostedtoolcache/Python/3.12.3/x64/lib/python3.12/site-packages/urllib3/connectionpool.py:1103: InsecureRequestWarning: Unverified HTTPS request is being made to host 'randomuser.me'. Adding certificate verification is strongly advised. See: https://urllib3.readthedocs.io/en/latest/advanced-usage.html#tls-warnings
  warnings.warn(</msg>
<msg time="2024-04-22T09:15:30.689533" level="INFO">${response} = &lt;Response [200]&gt;</msg>
<var>${response}</var>
<arg>consultarAPI</arg>
<arg>/api</arg>
<doc>Sends a GET request on a previously created HTTP Session.</doc>
<status status="PASS" start="2024-04-22T09:15:30.594486" elapsed="0.095089"/>
</kw>
<kw name="Set Variable" owner="BuiltIn">
<msg time="2024-04-22T09:15:30.690860" level="INFO">${json_data} = {'results': [{'gender': 'male', 'name': {'title': 'Mr', 'first': 'José', 'last': 'Santiago'}, 'location': {'street': {'number': 2220, 'name': 'Calle de Segovia'}, 'city': 'Lorca', 'state': 'Canarias',...</msg>
<var>${json_data}</var>
<arg>${response.json()}</arg>
<doc>Returns the given values which can then be assigned to a variables.</doc>
<status status="PASS" start="2024-04-22T09:15:30.690266" elapsed="0.000624"/>
</kw>
<kw name="Set Variable" owner="BuiltIn">
<msg time="2024-04-22T09:15:30.691586" level="INFO">${name_title} = Mr</msg>
<var>${name_title}</var>
<arg>${json_data["results"][0]["name"]["title"]}</arg>
<doc>Returns the given values which can then be assigned to a variables.</doc>
<status status="PASS" start="2024-04-22T09:15:30.691202" elapsed="0.000409"/>
</kw>
<kw name="Create List" owner="BuiltIn">
<msg time="2024-04-22T09:15:30.692061" level="INFO">${allowed_titles} = ['Mr', 'Ms', 'Miss', 'Mrs', 'Madame', 'Monsieur']</msg>
<var>${allowed_titles}</var>
<arg>Mr</arg>
<arg>Ms</arg>
<arg>Miss</arg>
<arg>Mrs</arg>
<arg>Madame</arg>
<arg>Monsieur</arg>
<doc>Returns a list containing given items.</doc>
<status status="PASS" start="2024-04-22T09:15:30.691912" elapsed="0.000174"/>
</kw>
<kw name="List Should Contain Value" owner="Collections">
<msg time="2024-04-22T09:15:30.692577" level="INFO">False</msg>
<arg>${allowed_titles}</arg>
<arg>${name_title}</arg>
<doc>Fails if the ``value`` is not found from ``list``.</doc>
<status status="PASS" start="2024-04-22T09:15:30.692401" elapsed="0.000214"/>
</kw>
<kw name="Set Variable" owner="BuiltIn">
<msg time="2024-04-22T09:15:30.693296" level="INFO">${name_country} = ES</msg>
<var>${name_country}</var>
<arg>${json_data["results"][0]["nat"]}</arg>
<doc>Returns the given values which can then be assigned to a variables.</doc>
<status status="PASS" start="2024-04-22T09:15:30.692909" elapsed="0.000419"/>
</kw>
<kw name="Create List" owner="BuiltIn">
<msg time="2024-04-22T09:15:30.694260" level="INFO">${list_country} = ['AD', 'AE', 'AF', 'AG', 'AI', 'AL', 'AM', 'AO', 'AQ', 'AR', 'AS', 'AT', 'AU', 'AW', 'AX', 'AZ', 'BA', 'BB', 'BD', 'BE', 'BF', 'BG', 'BH', 'BI', 'BJ', 'BL', 'BM', 'BN', 'BO', 'BQ', 'BR', 'BS', 'BT', '...</msg>
<var>${list_country}</var>
<arg>AD</arg>
<arg>AE</arg>
<arg>AF</arg>
<arg>AG</arg>
<arg>AI</arg>
<arg>AL</arg>
<arg>AM</arg>
<arg>AO</arg>
<arg>AQ</arg>
<arg>AR</arg>
<arg>AS</arg>
<arg>AT</arg>
<arg>AU</arg>
<arg>AW</arg>
<arg>AX</arg>
<arg>AZ</arg>
<arg>BA</arg>
<arg>BB</arg>
<arg>BD</arg>
<arg>BE</arg>
<arg>BF</arg>
<arg>BG</arg>
<arg>BH</arg>
<arg>BI</arg>
<arg>BJ</arg>
<arg>BL</arg>
<arg>BM</arg>
<arg>BN</arg>
<arg>BO</arg>
<arg>BQ</arg>
<arg>BR</arg>
<arg>BS</arg>
<arg>BT</arg>
<arg>BV</arg>
<arg>BW</arg>
<arg>BY</arg>
<arg>BZ</arg>
<arg>CA</arg>
<arg>CC</arg>
<arg>CD</arg>
<arg>CF</arg>
<arg>CG</arg>
<arg>CH</arg>
<arg>CI</arg>
<arg>CK</arg>
<arg>CL</arg>
<arg>CM</arg>
<arg>CN</arg>
<arg>CO</arg>
<arg>CR</arg>
<arg>CU</arg>
<arg>CV</arg>
<arg>CW</arg>
<arg>CX</arg>
<arg>CY</arg>
<arg>CZ</arg>
<arg>DE</arg>
<arg>DJ</arg>
<arg>DK</arg>
<arg>DM</arg>
<arg>DO</arg>
<arg>DZ</arg>
<arg>EC</arg>
<arg>EE</arg>
<arg>EG</arg>
<arg>EH</arg>
<arg>ER</arg>
<arg>ES</arg>
<arg>ET</arg>
<arg>FI</arg>
<arg>FJ</arg>
<arg>FK</arg>
<arg>FM</arg>
<arg>FO</arg>
<arg>FR</arg>
<arg>GA</arg>
<arg>GB</arg>
<arg>GD</arg>
<arg>GE</arg>
<arg>GF</arg>
<arg>GG</arg>
<arg>GH</arg>
<arg>GI</arg>
<arg>GL</arg>
<arg>GM</arg>
<arg>GN</arg>
<arg>GP</arg>
<arg>GQ</arg>
<arg>GR</arg>
<arg>GS</arg>
<arg>GT</arg>
<arg>GU</arg>
<arg>GW</arg>
<arg>GY</arg>
<arg>HK</arg>
<arg>HM</arg>
<arg>HN</arg>
<arg>HR</arg>
<arg>HT</arg>
<arg>HU</arg>
<arg>ID</arg>
<arg>IE</arg>
<arg>IL</arg>
<arg>IM</arg>
<arg>IN</arg>
<arg>IO</arg>
<arg>IQ</arg>
<arg>IR</arg>
<arg>IS</arg>
<arg>IT</arg>
<arg>JE</arg>
<arg>JM</arg>
<arg>JO</arg>
<arg>JP</arg>
<arg>KE</arg>
<arg>KG</arg>
<arg>KH</arg>
<arg>KI</arg>
<arg>KM</arg>
<arg>KN</arg>
<arg>KP</arg>
<arg>KR</arg>
<arg>KW</arg>
<arg>KY</arg>
<arg>KZ</arg>
<arg>LA</arg>
<arg>LB</arg>
<arg>LC</arg>
<arg>LI</arg>
<arg>LK</arg>
<arg>LR</arg>
<arg>LS</arg>
<arg>LT</arg>
<arg>LU</arg>
<arg>LV</arg>
<arg>LY</arg>
<arg>MA</arg>
<arg>MC</arg>
<arg>MD</arg>
<arg>ME</arg>
<arg>MF</arg>
<arg>MG</arg>
<arg>MH</arg>
<arg>MK</arg>
<arg>ML</arg>
<arg>MM</arg>
<arg>MN</arg>
<arg>MO</arg>
<arg>MP</arg>
<arg>MQ</arg>
<arg>MR</arg>
<arg>MS</arg>
<arg>MT</arg>
<arg>MU</arg>
<arg>MV</arg>
<arg>MW</arg>
<arg>MX</arg>
<arg>MY</arg>
<arg>MZ</arg>
<arg>NA</arg>
<arg>NC</arg>
<arg>NE</arg>
<arg>NF</arg>
<arg>NG</arg>
<arg>NI</arg>
<arg>NL</arg>
<arg>NO</arg>
<arg>NP</arg>
<arg>NR</arg>
<arg>NU</arg>
<arg>NZ</arg>
<arg>OM</arg>
<arg>PA</arg>
<arg>PE</arg>
<arg>PF</arg>
<arg>PG</arg>
<arg>PH</arg>
<arg>PK</arg>
<arg>PL</arg>
<arg>PM</arg>
<arg>PN</arg>
<arg>PR</arg>
<arg>PS</arg>
<arg>PT</arg>
<arg>PW</arg>
<arg>PY</arg>
<arg>QA</arg>
<arg>RE</arg>
<arg>RO</arg>
<arg>RS</arg>
<arg>RU</arg>
<arg>RW</arg>
<arg>SA</arg>
<arg>SB</arg>
<arg>SC</arg>
<arg>SD</arg>
<arg>SE</arg>
<arg>SG</arg>
<arg>SH</arg>
<arg>SI</arg>
<arg>SJ</arg>
<arg>SK</arg>
<arg>SL</arg>
<arg>SM</arg>
<arg>SN</arg>
<arg>SO</arg>
<arg>SR</arg>
<arg>SS</arg>
<arg>ST</arg>
<arg>SV</arg>
<arg>SX</arg>
<arg>SY</arg>
<arg>SZ</arg>
<arg>TC</arg>
<arg>TD</arg>
<arg>TF</arg>
<arg>TG</arg>
<arg>TH</arg>
<arg>TJ</arg>
<arg>TK</arg>
<arg>TL</arg>
<arg>TM</arg>
<arg>TN</arg>
<arg>TO</arg>
<arg>TR</arg>
<arg>TT</arg>
<arg>TV</arg>
<arg>TW</arg>
<arg>TZ</arg>
<arg>UA</arg>
<arg>UG</arg>
<arg>UM</arg>
<arg>US</arg>
<arg>UY</arg>
<arg>UZ</arg>
<arg>VA</arg>
<arg>VC</arg>
<arg>VE</arg>
<arg>VG</arg>
<arg>VI</arg>
<arg>VN</arg>
<arg>VU</arg>
<arg>WF</arg>
<arg>WS</arg>
<arg>XK</arg>
<arg>YE</arg>
<arg>YT</arg>
<arg>ZA</arg>
<arg>ZM</arg>
<arg>ZW</arg>
<doc>Returns a list containing given items.</doc>
<status status="PASS" start="2024-04-22T09:15:30.693636" elapsed="0.000652"/>
</kw>
<kw name="List Should Contain Value" owner="Collections">
<msg time="2024-04-22T09:15:30.695482" level="INFO">False</msg>
<arg>${list_country}</arg>
<arg>${name_country}</arg>
<doc>Fails if the ``value`` is not found from ``list``.</doc>
<status status="PASS" start="2024-04-22T09:15:30.695267" elapsed="0.000253"/>
</kw>
<kw name="Run Keyword If" owner="BuiltIn">
<kw name="Should Be True" owner="BuiltIn">
<arg>${True}</arg>
<doc>Fails if the given condition is not true.</doc>
<status status="PASS" start="2024-04-22T09:15:30.696612" elapsed="0.000144"/>
</kw>
<arg>${json_data["results"][0]["location"]["coordinates"]["latitude"]} &gt;= -90 and ${json_data["results"][0]["location"]["coordinates"]["latitude"]} &lt;= 90</arg>
<arg>Should Be True</arg>
<arg>${True}</arg>
<doc>Runs the given keyword with the given arguments, if ``condition`` is true.</doc>
<status status="PASS" start="2024-04-22T09:15:30.695845" elapsed="0.001039"/>
</kw>
<kw name="Run Keyword If" owner="BuiltIn">
<kw name="Should Be True" owner="BuiltIn">
<arg>${True}</arg>
<doc>Fails if the given condition is not true.</doc>
<status status="PASS" start="2024-04-22T09:15:30.697772" elapsed="0.000308"/>
</kw>
<arg>${json_data["results"][0]["location"]["coordinates"]["longitude"]} &gt;= -180 and ${json_data["results"][0]["location"]["coordinates"]["longitude"]} &lt;= 180</arg>
<arg>Should Be True</arg>
<arg>${True}</arg>
<doc>Runs the given keyword with the given arguments, if ``condition`` is true.</doc>
<status status="PASS" start="2024-04-22T09:15:30.697078" elapsed="0.001138"/>
</kw>
<status status="PASS" start="2024-04-22T09:15:30.594242" elapsed="0.104110"/>
</kw>
<doc>Testa o conteúdo específico dos campos retornados pela API.</doc>
<tag>testeConteudo</tag>
<status status="PASS" start="2024-04-22T09:15:30.593673" elapsed="0.104836"/>
</test>
<status status="PASS" start="2024-04-22T09:15:29.811966" elapsed="0.888586"/>
</suite>
<status status="PASS" start="2024-04-22T09:15:29.798431" elapsed="0.907400"/>
</suite>
<statistics>
<total>
<stat pass="5" fail="0" skip="0">All Tests</stat>
</total>
<tag>
<stat pass="1" fail="0" skip="0">testeConteudo</stat>
<stat pass="1" fail="0" skip="0">testeEstruturaResposta</stat>
<stat pass="1" fail="0" skip="0">testeRequisicaoBasica</stat>
<stat pass="1" fail="0" skip="0">testeTiposDados</stat>
</tag>
<suite>
<stat pass="5" fail="0" skip="0" id="s1" name="Tests">Tests</stat>
<stat pass="5" fail="0" skip="0" id="s1-s1" name="Random-User-Test">Tests.Random-User-Test</stat>
</suite>
</statistics>
<errors>
</errors>
</robot>
