<?xml version="1.0" encoding="UTF-8"?>
<robot generator="Robot 7.0 (Python 3.12.2 on linux)" generated="2024-03-20T21:13:38.628010" rpa="false" schemaversion="5">
<suite id="s1" name="Tests" source="/home/runner/work/DesafioQA---Itau---Rogerio-Jordao/DesafioQA---Itau---Rogerio-Jordao/DesafioQA - Itau - Rogerio Jordao/tests">
<suite id="s1-s1" name="Random-User-Test" source="/home/runner/work/DesafioQA---Itau---Rogerio-Jordao/DesafioQA---Itau---Rogerio-Jordao/DesafioQA - Itau - Rogerio Jordao/tests/random-user-test.robot">
<test id="s1-s1-t1" name="Conectar" line="24">
<kw name="Conectar API">
<kw name="Create Session" owner="RequestsLibrary">
<msg time="2024-03-20T21:13:38.950583" level="INFO">Creating Session using : alias=consultarAPI, url=https://randomuser.me/, headers={},                     cookies={}, auth=None, timeout=None, proxies=None, verify=False,                     debug=0 </msg>
<arg>consultarAPI</arg>
<arg>${URL}</arg>
<doc>Create Session: create a HTTP session to a server</doc>
<status status="PASS" start="2024-03-20T21:13:38.950378" elapsed="0.000394"/>
</kw>
<status status="PASS" start="2024-03-20T21:13:38.949456" elapsed="0.001700"/>
</kw>
<status status="PASS" start="2024-03-20T21:13:38.948864" elapsed="0.002488"/>
</test>
<test id="s1-s1-t2" name="Validar retorno 200 e JSON Válido" line="27">
<kw name="Teste de Requisicao Basica">
<kw name="GET On Session" owner="RequestsLibrary">
<msg time="2024-03-20T21:13:39.065163" level="INFO">GET Request : url=https://randomuser.me/api 
 path_url=/api 
 headers={'User-Agent': 'python-requests/2.31.0', 'Accept-Encoding': 'gzip, deflate', 'Accept': '*/*', 'Connection': 'keep-alive'} 
 body=None 
 </msg>
<msg time="2024-03-20T21:13:39.065327" level="INFO">GET Response : url=https://randomuser.me/api 
 status=200, reason=OK 
 headers={'Date': 'Wed, 20 Mar 2024 21:13:39 GMT', 'Content-Type': 'application/json; charset=utf-8', 'Transfer-Encoding': 'chunked', 'Connection': 'keep-alive', 'X-Powered-By': 'Express', 'Access-Control-Allow-Origin': '*', 'Cache-Control': 'no-cache', 'ETag': 'W/"490-dvSuCULWuFD1zpAli1td86+WSEk"', 'Vary': 'Accept-Encoding', 'Content-Encoding': 'gzip', 'CF-Cache-Status': 'DYNAMIC', 'Report-To': '{"endpoints":[{"url":"https:\\/\\/a.nel.cloudflare.com\\/report\\/v4?s=3ECakmhB2b%2Fkt7rn%2BwMgZ78XVxe7bfZDFPtlJQii6mLZVSeNIIOQ919xQveG9x%2F0EQFbMBmSuD7CiQn37bKLPM9Km49GvHtislYMNbvsKDhB%2BMXe0L3t4wwzdbit8iBT"}],"group":"cf-nel","max_age":604800}', 'NEL': '{"success_fraction":0,"report_to":"cf-nel","max_age":604800}', 'Server': 'cloudflare', 'CF-RAY': '8678b512a9d2232b-SJC', 'alt-svc': 'h3=":443"; ma=86400'} 
 body={"results":[{"gender":"female","name":{"title":"Ms","first":"Marichka","last":"Durdinec"},"location":{"street":{"number":3991,"name":"Viri Gordiienko"},"city":"Doneck","state":"Dnipropetrovska","country":"Ukraine","postcode":55897,"coordinates":{"latitude":"77.0329","longitude":"55.6681"},"timezone":{"offset":"-8:00","description":"Pacific Time (US &amp; Canada)"}},"email":"marichka.durdinec@example.com","login":{"uuid":"84b26442-890e-45ac-9433-d5abf6722626","username":"bluesnake424","password":"caravan","salt":"Jd4vNWwq","md5":"a947080490d4fe951390b47b3b0e4e8c","sha1":"fd5c6ebd49b1993a4896751f89525388feb2ac2c","sha256":"86bf991d402d0a2cb80e1c16ad075a92efa19fa75894bd911d194500524a5a17"},"dob":{"date":"1980-05-12T01:58:40.662Z","age":43},"registered":{"date":"2016-08-28T10:07:48.332Z","age":7},"phone":"(068) M11-3141","cell":"(068) N22-4216","id":{"name":"","value":null},"picture":{"large":"https://randomuser.me/api/portraits/women/94.jpg","medium":"https://randomuser.me/api/portraits/med/women/94.jpg","thumbnail":"https://randomuser.me/api/portraits/thumb/women/94.jpg"},"nat":"UA"}],"info":{"seed":"af136151baba7663","results":1,"page":1,"version":"1.4"}} 
 </msg>
<msg time="2024-03-20T21:13:39.065669" level="INFO">/opt/hostedtoolcache/Python/3.12.2/x64/lib/python3.12/site-packages/urllib3/connectionpool.py:1103: InsecureRequestWarning: Unverified HTTPS request is being made to host 'randomuser.me'. Adding certificate verification is strongly advised. See: https://urllib3.readthedocs.io/en/latest/advanced-usage.html#tls-warnings
  warnings.warn(</msg>
<msg time="2024-03-20T21:13:39.065833" level="INFO">${response} = &lt;Response [200]&gt;</msg>
<var>${response}</var>
<arg>consultarAPI</arg>
<arg>/api</arg>
<doc>Sends a GET request on a previously created HTTP Session.</doc>
<status status="PASS" start="2024-03-20T21:13:38.954062" elapsed="0.111814"/>
</kw>
<kw name="Should Be Equal As Numbers" owner="BuiltIn">
<msg time="2024-03-20T21:13:39.066905" level="INFO">Argument types are:
&lt;class 'int'&gt;
&lt;class 'str'&gt;</msg>
<arg>${response.status_code}</arg>
<arg>200</arg>
<doc>Fails if objects are unequal after converting them to real numbers.</doc>
<status status="PASS" start="2024-03-20T21:13:39.066424" elapsed="0.000557"/>
</kw>
<kw name="Log" owner="BuiltIn">
<msg time="2024-03-20T21:13:39.067717" level="INFO">200</msg>
<arg>${response.status_code}</arg>
<doc>Logs the given message with the given level.</doc>
<status status="PASS" start="2024-03-20T21:13:39.067335" elapsed="0.000427"/>
</kw>
<kw name="Set Variable" owner="BuiltIn">
<msg time="2024-03-20T21:13:39.068608" level="INFO">${json_data} = {'results': [{'gender': 'female', 'name': {'title': 'Ms', 'first': 'Marichka', 'last': 'Durdinec'}, 'location': {'street': {'number': 3991, 'name': 'Viri Gordiienko'}, 'city': 'Doneck', 'state': 'Dnip...</msg>
<var>${json_data}</var>
<arg>${response.json()}</arg>
<doc>Returns the given values which can then be assigned to a variables.</doc>
<status status="PASS" start="2024-03-20T21:13:39.068127" elapsed="0.000510"/>
</kw>
<kw name="Dictionary Should Contain Key" owner="Collections">
<msg time="2024-03-20T21:13:39.069141" level="INFO">False</msg>
<arg>${json_data}</arg>
<arg>results</arg>
<doc>Fails if ``key`` is not found from ``dictionary``.</doc>
<status status="PASS" start="2024-03-20T21:13:39.068964" elapsed="0.000218"/>
</kw>
<status status="PASS" start="2024-03-20T21:13:38.953814" elapsed="0.115632"/>
</kw>
<doc>Testa se a API responde corretamente e retorna um objeto JSON válido.</doc>
<tag>testeRequisicaoBasica</tag>
<status status="PASS" start="2024-03-20T21:13:38.953260" elapsed="0.116375"/>
</test>
<test id="s1-s1-t3" name="Validar estrutura de resposta" line="33">
<kw name="Teste de Estrutura de Resposta">
<kw name="GET On Session" owner="RequestsLibrary">
<msg time="2024-03-20T21:13:39.167828" level="INFO">GET Request : url=https://randomuser.me/api 
 path_url=/api 
 headers={'User-Agent': 'python-requests/2.31.0', 'Accept-Encoding': 'gzip, deflate', 'Accept': '*/*', 'Connection': 'keep-alive'} 
 body=None 
 </msg>
<msg time="2024-03-20T21:13:39.167959" level="INFO">GET Response : url=https://randomuser.me/api 
 status=200, reason=OK 
 headers={'Date': 'Wed, 20 Mar 2024 21:13:39 GMT', 'Content-Type': 'application/json; charset=utf-8', 'Transfer-Encoding': 'chunked', 'Connection': 'keep-alive', 'X-Powered-By': 'Express', 'Access-Control-Allow-Origin': '*', 'Cache-Control': 'no-cache', 'ETag': 'W/"49a-8Z9xD+QNXu5A3uXBzmYtzj/7kAo"', 'Vary': 'Accept-Encoding', 'Content-Encoding': 'gzip', 'CF-Cache-Status': 'DYNAMIC', 'Report-To': '{"endpoints":[{"url":"https:\\/\\/a.nel.cloudflare.com\\/report\\/v4?s=8t1ZMoIRikKLbacQvurfEOJXKTwv9zP5RxySWW2hm2RualtXfynizuZ9F7ZST5Cgz0WS8DhtD8HMRt6pyYGwSOT2Wet%2Bhe6X0%2BeXe%2BiCdGeCJXaWa1cTNoyCprYcaRty"}],"group":"cf-nel","max_age":604800}', 'NEL': '{"success_fraction":0,"report_to":"cf-nel","max_age":604800}', 'Server': 'cloudflare', 'CF-RAY': '8678b5134a57232b-SJC', 'alt-svc': 'h3=":443"; ma=86400'} 
 body={"results":[{"gender":"male","name":{"title":"Mr","first":"Pedro","last":"Castro"},"location":{"street":{"number":4230,"name":"Stevens Creek Blvd"},"city":"Gladstone","state":"Northern Territory","country":"Australia","postcode":5520,"coordinates":{"latitude":"-89.9230","longitude":"-84.3753"},"timezone":{"offset":"+10:00","description":"Eastern Australia, Guam, Vladivostok"}},"email":"pedro.castro@example.com","login":{"uuid":"c2f6c652-a818-40eb-8902-1242c533e7df","username":"angrydog190","password":"miller","salt":"NHdHa6Tc","md5":"ca7b08cf8c5507fb95b9f1c359e67cbc","sha1":"493aa565acaeb53f8c5582bb6e50129249dea603","sha256":"3020720485145b738fc03f4b6fc13484e476db94956db3362c1d59ee35ba19a4"},"dob":{"date":"1954-04-24T14:06:25.300Z","age":69},"registered":{"date":"2008-03-26T22:25:14.720Z","age":15},"phone":"07-3229-4894","cell":"0406-802-374","id":{"name":"TFN","value":"005133444"},"picture":{"large":"https://randomuser.me/api/portraits/men/15.jpg","medium":"https://randomuser.me/api/portraits/med/men/15.jpg","thumbnail":"https://randomuser.me/api/portraits/thumb/men/15.jpg"},"nat":"AU"}],"info":{"seed":"eb9a428ad1b59e83","results":1,"page":1,"version":"1.4"}} 
 </msg>
<msg time="2024-03-20T21:13:39.168102" level="INFO">/opt/hostedtoolcache/Python/3.12.2/x64/lib/python3.12/site-packages/urllib3/connectionpool.py:1103: InsecureRequestWarning: Unverified HTTPS request is being made to host 'randomuser.me'. Adding certificate verification is strongly advised. See: https://urllib3.readthedocs.io/en/latest/advanced-usage.html#tls-warnings
  warnings.warn(</msg>
<msg time="2024-03-20T21:13:39.168233" level="INFO">${response} = &lt;Response [200]&gt;</msg>
<var>${response}</var>
<arg>consultarAPI</arg>
<arg>/api</arg>
<doc>Sends a GET request on a previously created HTTP Session.</doc>
<status status="PASS" start="2024-03-20T21:13:39.072405" elapsed="0.095873"/>
</kw>
<kw name="Set Variable" owner="BuiltIn">
<msg time="2024-03-20T21:13:39.169412" level="INFO">${json_data} = {'results': [{'gender': 'male', 'name': {'title': 'Mr', 'first': 'Pedro', 'last': 'Castro'}, 'location': {'street': {'number': 4230, 'name': 'Stevens Creek Blvd'}, 'city': 'Gladstone', 'state': 'North...</msg>
<var>${json_data}</var>
<arg>${response.json()}</arg>
<doc>Returns the given values which can then be assigned to a variables.</doc>
<status status="PASS" start="2024-03-20T21:13:39.168857" elapsed="0.000584"/>
</kw>
<kw name="Log" owner="BuiltIn">
<msg time="2024-03-20T21:13:39.169968" level="INFO">{'results': [{'gender': 'male', 'name': {'title': 'Mr', 'first': 'Pedro', 'last': 'Castro'}, 'location': {'street': {'number': 4230, 'name': 'Stevens Creek Blvd'}, 'city': 'Gladstone', 'state': 'Northern Territory', 'country': 'Australia', 'postcode': 5520, 'coordinates': {'latitude': '-89.9230', 'longitude': '-84.3753'}, 'timezone': {'offset': '+10:00', 'description': 'Eastern Australia, Guam, Vladivostok'}}, 'email': 'pedro.castro@example.com', 'login': {'uuid': 'c2f6c652-a818-40eb-8902-1242c533e7df', 'username': 'angrydog190', 'password': 'miller', 'salt': 'NHdHa6Tc', 'md5': 'ca7b08cf8c5507fb95b9f1c359e67cbc', 'sha1': '493aa565acaeb53f8c5582bb6e50129249dea603', 'sha256': '3020720485145b738fc03f4b6fc13484e476db94956db3362c1d59ee35ba19a4'}, 'dob': {'date': '1954-04-24T14:06:25.300Z', 'age': 69}, 'registered': {'date': '2008-03-26T22:25:14.720Z', 'age': 15}, 'phone': '07-3229-4894', 'cell': '0406-802-374', 'id': {'name': 'TFN', 'value': '005133444'}, 'picture': {'large': 'https://randomuser.me/api/portraits/men/15.jpg', 'medium': 'https://randomuser.me/api/portraits/med/men/15.jpg', 'thumbnail': 'https://randomuser.me/api/portraits/thumb/men/15.jpg'}, 'nat': 'AU'}], 'info': {'seed': 'eb9a428ad1b59e83', 'results': 1, 'page': 1, 'version': '1.4'}}</msg>
<arg>${json_data}</arg>
<doc>Logs the given message with the given level.</doc>
<status status="PASS" start="2024-03-20T21:13:39.169793" elapsed="0.000226"/>
</kw>
<kw name="Dictionary Should Contain Key" owner="Collections">
<msg time="2024-03-20T21:13:39.170499" level="INFO">False</msg>
<arg>${json_data}</arg>
<arg>results</arg>
<doc>Fails if ``key`` is not found from ``dictionary``.</doc>
<status status="PASS" start="2024-03-20T21:13:39.170333" elapsed="0.000205"/>
</kw>
<kw name="Should Not Be Empty" owner="BuiltIn">
<msg time="2024-03-20T21:13:39.170976" level="INFO">Length is 2.</msg>
<arg>${json_data}</arg>
<doc>Verifies that the given item is not empty.</doc>
<status status="PASS" start="2024-03-20T21:13:39.170835" elapsed="0.000182"/>
</kw>
<kw name="Create List" owner="BuiltIn">
<msg time="2024-03-20T21:13:39.171470" level="INFO">${expected_keys} = ['gender', 'name', 'location', 'email', 'login']</msg>
<var>${expected_keys}</var>
<arg>gender</arg>
<arg>name</arg>
<arg>location</arg>
<arg>email</arg>
<arg>login</arg>
<doc>Returns a list containing given items.</doc>
<status status="PASS" start="2024-03-20T21:13:39.171308" elapsed="0.000186"/>
</kw>
<for flavor="IN">
<iter>
<kw name="Dictionary Should Contain Key" owner="Collections">
<msg time="2024-03-20T21:13:39.172593" level="INFO">False</msg>
<arg>${json_data['results'][0]}</arg>
<arg>${key}</arg>
<doc>Fails if ``key`` is not found from ``dictionary``.</doc>
<status status="PASS" start="2024-03-20T21:13:39.172154" elapsed="0.000479"/>
</kw>
<kw name="Log" owner="BuiltIn">
<msg time="2024-03-20T21:13:39.173335" level="INFO">{'gender': 'male', 'name': {'title': 'Mr', 'first': 'Pedro', 'last': 'Castro'}, 'location': {'street': {'number': 4230, 'name': 'Stevens Creek Blvd'}, 'city': 'Gladstone', 'state': 'Northern Territory', 'country': 'Australia', 'postcode': 5520, 'coordinates': {'latitude': '-89.9230', 'longitude': '-84.3753'}, 'timezone': {'offset': '+10:00', 'description': 'Eastern Australia, Guam, Vladivostok'}}, 'email': 'pedro.castro@example.com', 'login': {'uuid': 'c2f6c652-a818-40eb-8902-1242c533e7df', 'username': 'angrydog190', 'password': 'miller', 'salt': 'NHdHa6Tc', 'md5': 'ca7b08cf8c5507fb95b9f1c359e67cbc', 'sha1': '493aa565acaeb53f8c5582bb6e50129249dea603', 'sha256': '3020720485145b738fc03f4b6fc13484e476db94956db3362c1d59ee35ba19a4'}, 'dob': {'date': '1954-04-24T14:06:25.300Z', 'age': 69}, 'registered': {'date': '2008-03-26T22:25:14.720Z', 'age': 15}, 'phone': '07-3229-4894', 'cell': '0406-802-374', 'id': {'name': 'TFN', 'value': '005133444'}, 'picture': {'large': 'https://randomuser.me/api/portraits/men/15.jpg', 'medium': 'https://randomuser.me/api/portraits/med/men/15.jpg', 'thumbnail': 'https://randomuser.me/api/portraits/thumb/men/15.jpg'}, 'nat': 'AU'}</msg>
<arg>${json_data['results'][0]}</arg>
<doc>Logs the given message with the given level.</doc>
<status status="PASS" start="2024-03-20T21:13:39.172937" elapsed="0.000447"/>
</kw>
<kw name="Log" owner="BuiltIn">
<msg time="2024-03-20T21:13:39.173827" level="INFO">gender</msg>
<arg>${key}</arg>
<doc>Logs the given message with the given level.</doc>
<status status="PASS" start="2024-03-20T21:13:39.173693" elapsed="0.000174"/>
</kw>
<var name="${key}">gender</var>
<status status="PASS" start="2024-03-20T21:13:39.172018" elapsed="0.002066"/>
</iter>
<iter>
<kw name="Dictionary Should Contain Key" owner="Collections">
<msg time="2024-03-20T21:13:39.174813" level="INFO">False</msg>
<arg>${json_data['results'][0]}</arg>
<arg>${key}</arg>
<doc>Fails if ``key`` is not found from ``dictionary``.</doc>
<status status="PASS" start="2024-03-20T21:13:39.174408" elapsed="0.000445"/>
</kw>
<kw name="Log" owner="BuiltIn">
<msg time="2024-03-20T21:13:39.175577" level="INFO">{'gender': 'male', 'name': {'title': 'Mr', 'first': 'Pedro', 'last': 'Castro'}, 'location': {'street': {'number': 4230, 'name': 'Stevens Creek Blvd'}, 'city': 'Gladstone', 'state': 'Northern Territory', 'country': 'Australia', 'postcode': 5520, 'coordinates': {'latitude': '-89.9230', 'longitude': '-84.3753'}, 'timezone': {'offset': '+10:00', 'description': 'Eastern Australia, Guam, Vladivostok'}}, 'email': 'pedro.castro@example.com', 'login': {'uuid': 'c2f6c652-a818-40eb-8902-1242c533e7df', 'username': 'angrydog190', 'password': 'miller', 'salt': 'NHdHa6Tc', 'md5': 'ca7b08cf8c5507fb95b9f1c359e67cbc', 'sha1': '493aa565acaeb53f8c5582bb6e50129249dea603', 'sha256': '3020720485145b738fc03f4b6fc13484e476db94956db3362c1d59ee35ba19a4'}, 'dob': {'date': '1954-04-24T14:06:25.300Z', 'age': 69}, 'registered': {'date': '2008-03-26T22:25:14.720Z', 'age': 15}, 'phone': '07-3229-4894', 'cell': '0406-802-374', 'id': {'name': 'TFN', 'value': '005133444'}, 'picture': {'large': 'https://randomuser.me/api/portraits/men/15.jpg', 'medium': 'https://randomuser.me/api/portraits/med/men/15.jpg', 'thumbnail': 'https://randomuser.me/api/portraits/thumb/men/15.jpg'}, 'nat': 'AU'}</msg>
<arg>${json_data['results'][0]}</arg>
<doc>Logs the given message with the given level.</doc>
<status status="PASS" start="2024-03-20T21:13:39.175181" elapsed="0.000445"/>
</kw>
<kw name="Log" owner="BuiltIn">
<msg time="2024-03-20T21:13:39.176085" level="INFO">name</msg>
<arg>${key}</arg>
<doc>Logs the given message with the given level.</doc>
<status status="PASS" start="2024-03-20T21:13:39.175955" elapsed="0.000168"/>
</kw>
<var name="${key}">name</var>
<status status="PASS" start="2024-03-20T21:13:39.174295" elapsed="0.002048"/>
</iter>
<iter>
<kw name="Dictionary Should Contain Key" owner="Collections">
<msg time="2024-03-20T21:13:39.177049" level="INFO">False</msg>
<arg>${json_data['results'][0]}</arg>
<arg>${key}</arg>
<doc>Fails if ``key`` is not found from ``dictionary``.</doc>
<status status="PASS" start="2024-03-20T21:13:39.176649" elapsed="0.000577"/>
</kw>
<kw name="Log" owner="BuiltIn">
<msg time="2024-03-20T21:13:39.177899" level="INFO">{'gender': 'male', 'name': {'title': 'Mr', 'first': 'Pedro', 'last': 'Castro'}, 'location': {'street': {'number': 4230, 'name': 'Stevens Creek Blvd'}, 'city': 'Gladstone', 'state': 'Northern Territory', 'country': 'Australia', 'postcode': 5520, 'coordinates': {'latitude': '-89.9230', 'longitude': '-84.3753'}, 'timezone': {'offset': '+10:00', 'description': 'Eastern Australia, Guam, Vladivostok'}}, 'email': 'pedro.castro@example.com', 'login': {'uuid': 'c2f6c652-a818-40eb-8902-1242c533e7df', 'username': 'angrydog190', 'password': 'miller', 'salt': 'NHdHa6Tc', 'md5': 'ca7b08cf8c5507fb95b9f1c359e67cbc', 'sha1': '493aa565acaeb53f8c5582bb6e50129249dea603', 'sha256': '3020720485145b738fc03f4b6fc13484e476db94956db3362c1d59ee35ba19a4'}, 'dob': {'date': '1954-04-24T14:06:25.300Z', 'age': 69}, 'registered': {'date': '2008-03-26T22:25:14.720Z', 'age': 15}, 'phone': '07-3229-4894', 'cell': '0406-802-374', 'id': {'name': 'TFN', 'value': '005133444'}, 'picture': {'large': 'https://randomuser.me/api/portraits/men/15.jpg', 'medium': 'https://randomuser.me/api/portraits/med/men/15.jpg', 'thumbnail': 'https://randomuser.me/api/portraits/thumb/men/15.jpg'}, 'nat': 'AU'}</msg>
<arg>${json_data['results'][0]}</arg>
<doc>Logs the given message with the given level.</doc>
<status status="PASS" start="2024-03-20T21:13:39.177529" elapsed="0.000418"/>
</kw>
<kw name="Log" owner="BuiltIn">
<msg time="2024-03-20T21:13:39.178379" level="INFO">location</msg>
<arg>${key}</arg>
<doc>Logs the given message with the given level.</doc>
<status status="PASS" start="2024-03-20T21:13:39.178248" elapsed="0.000169"/>
</kw>
<var name="${key}">location</var>
<status status="PASS" start="2024-03-20T21:13:39.176538" elapsed="0.002098"/>
</iter>
<iter>
<kw name="Dictionary Should Contain Key" owner="Collections">
<msg time="2024-03-20T21:13:39.179315" level="INFO">False</msg>
<arg>${json_data['results'][0]}</arg>
<arg>${key}</arg>
<doc>Fails if ``key`` is not found from ``dictionary``.</doc>
<status status="PASS" start="2024-03-20T21:13:39.178926" elapsed="0.000428"/>
</kw>
<kw name="Log" owner="BuiltIn">
<msg time="2024-03-20T21:13:39.180076" level="INFO">{'gender': 'male', 'name': {'title': 'Mr', 'first': 'Pedro', 'last': 'Castro'}, 'location': {'street': {'number': 4230, 'name': 'Stevens Creek Blvd'}, 'city': 'Gladstone', 'state': 'Northern Territory', 'country': 'Australia', 'postcode': 5520, 'coordinates': {'latitude': '-89.9230', 'longitude': '-84.3753'}, 'timezone': {'offset': '+10:00', 'description': 'Eastern Australia, Guam, Vladivostok'}}, 'email': 'pedro.castro@example.com', 'login': {'uuid': 'c2f6c652-a818-40eb-8902-1242c533e7df', 'username': 'angrydog190', 'password': 'miller', 'salt': 'NHdHa6Tc', 'md5': 'ca7b08cf8c5507fb95b9f1c359e67cbc', 'sha1': '493aa565acaeb53f8c5582bb6e50129249dea603', 'sha256': '3020720485145b738fc03f4b6fc13484e476db94956db3362c1d59ee35ba19a4'}, 'dob': {'date': '1954-04-24T14:06:25.300Z', 'age': 69}, 'registered': {'date': '2008-03-26T22:25:14.720Z', 'age': 15}, 'phone': '07-3229-4894', 'cell': '0406-802-374', 'id': {'name': 'TFN', 'value': '005133444'}, 'picture': {'large': 'https://randomuser.me/api/portraits/men/15.jpg', 'medium': 'https://randomuser.me/api/portraits/med/men/15.jpg', 'thumbnail': 'https://randomuser.me/api/portraits/thumb/men/15.jpg'}, 'nat': 'AU'}</msg>
<arg>${json_data['results'][0]}</arg>
<doc>Logs the given message with the given level.</doc>
<status status="PASS" start="2024-03-20T21:13:39.179652" elapsed="0.000472"/>
</kw>
<kw name="Log" owner="BuiltIn">
<msg time="2024-03-20T21:13:39.180547" level="INFO">email</msg>
<arg>${key}</arg>
<doc>Logs the given message with the given level.</doc>
<status status="PASS" start="2024-03-20T21:13:39.180417" elapsed="0.000168"/>
</kw>
<var name="${key}">email</var>
<status status="PASS" start="2024-03-20T21:13:39.178819" elapsed="0.001984"/>
</iter>
<iter>
<kw name="Dictionary Should Contain Key" owner="Collections">
<msg time="2024-03-20T21:13:39.181472" level="INFO">False</msg>
<arg>${json_data['results'][0]}</arg>
<arg>${key}</arg>
<doc>Fails if ``key`` is not found from ``dictionary``.</doc>
<status status="PASS" start="2024-03-20T21:13:39.181086" elapsed="0.000424"/>
</kw>
<kw name="Log" owner="BuiltIn">
<msg time="2024-03-20T21:13:39.182173" level="INFO">{'gender': 'male', 'name': {'title': 'Mr', 'first': 'Pedro', 'last': 'Castro'}, 'location': {'street': {'number': 4230, 'name': 'Stevens Creek Blvd'}, 'city': 'Gladstone', 'state': 'Northern Territory', 'country': 'Australia', 'postcode': 5520, 'coordinates': {'latitude': '-89.9230', 'longitude': '-84.3753'}, 'timezone': {'offset': '+10:00', 'description': 'Eastern Australia, Guam, Vladivostok'}}, 'email': 'pedro.castro@example.com', 'login': {'uuid': 'c2f6c652-a818-40eb-8902-1242c533e7df', 'username': 'angrydog190', 'password': 'miller', 'salt': 'NHdHa6Tc', 'md5': 'ca7b08cf8c5507fb95b9f1c359e67cbc', 'sha1': '493aa565acaeb53f8c5582bb6e50129249dea603', 'sha256': '3020720485145b738fc03f4b6fc13484e476db94956db3362c1d59ee35ba19a4'}, 'dob': {'date': '1954-04-24T14:06:25.300Z', 'age': 69}, 'registered': {'date': '2008-03-26T22:25:14.720Z', 'age': 15}, 'phone': '07-3229-4894', 'cell': '0406-802-374', 'id': {'name': 'TFN', 'value': '005133444'}, 'picture': {'large': 'https://randomuser.me/api/portraits/men/15.jpg', 'medium': 'https://randomuser.me/api/portraits/med/men/15.jpg', 'thumbnail': 'https://randomuser.me/api/portraits/thumb/men/15.jpg'}, 'nat': 'AU'}</msg>
<arg>${json_data['results'][0]}</arg>
<doc>Logs the given message with the given level.</doc>
<status status="PASS" start="2024-03-20T21:13:39.181803" elapsed="0.000417"/>
</kw>
<kw name="Log" owner="BuiltIn">
<msg time="2024-03-20T21:13:39.182640" level="INFO">login</msg>
<arg>${key}</arg>
<doc>Logs the given message with the given level.</doc>
<status status="PASS" start="2024-03-20T21:13:39.182511" elapsed="0.000167"/>
</kw>
<var name="${key}">login</var>
<status status="PASS" start="2024-03-20T21:13:39.180981" elapsed="0.001941"/>
</iter>
<var>${key}</var>
<value>@{expected_keys}</value>
<status status="PASS" start="2024-03-20T21:13:39.171759" elapsed="0.011291"/>
</for>
<kw name="Create List" owner="BuiltIn">
<msg time="2024-03-20T21:13:39.183390" level="INFO">${expected_keysTwo} = ['username', 'password']</msg>
<var>${expected_keysTwo}</var>
<arg>username</arg>
<arg>password</arg>
<doc>Returns a list containing given items.</doc>
<status status="PASS" start="2024-03-20T21:13:39.183248" elapsed="0.000166"/>
</kw>
<for flavor="IN">
<iter>
<kw name="Dictionary Should Contain Key" owner="Collections">
<msg time="2024-03-20T21:13:39.184377" level="INFO">False</msg>
<arg>${json_data['results'][0]['login']}</arg>
<arg>${keyTwo}</arg>
<doc>Fails if ``key`` is not found from ``dictionary``.</doc>
<status status="PASS" start="2024-03-20T21:13:39.183962" elapsed="0.000453"/>
</kw>
<kw name="Dictionary Should Contain Key" owner="Collections">
<msg time="2024-03-20T21:13:39.185100" level="INFO">False</msg>
<arg>${json_data['results'][0]['login']}</arg>
<arg>${keyTwo}</arg>
<doc>Fails if ``key`` is not found from ``dictionary``.</doc>
<status status="PASS" start="2024-03-20T21:13:39.184713" elapsed="0.000426"/>
</kw>
<kw name="Log" owner="BuiltIn">
<msg time="2024-03-20T21:13:39.185559" level="INFO">username</msg>
<arg>${keyTwo}</arg>
<doc>Logs the given message with the given level.</doc>
<status status="PASS" start="2024-03-20T21:13:39.185427" elapsed="0.000170"/>
</kw>
<var name="${keyTwo}">username</var>
<status status="PASS" start="2024-03-20T21:13:39.183832" elapsed="0.001990"/>
</iter>
<iter>
<kw name="Dictionary Should Contain Key" owner="Collections">
<msg time="2024-03-20T21:13:39.186494" level="INFO">False</msg>
<arg>${json_data['results'][0]['login']}</arg>
<arg>${keyTwo}</arg>
<doc>Fails if ``key`` is not found from ``dictionary``.</doc>
<status status="PASS" start="2024-03-20T21:13:39.186104" elapsed="0.000436"/>
</kw>
<kw name="Dictionary Should Contain Key" owner="Collections">
<msg time="2024-03-20T21:13:39.187265" level="INFO">False</msg>
<arg>${json_data['results'][0]['login']}</arg>
<arg>${keyTwo}</arg>
<doc>Fails if ``key`` is not found from ``dictionary``.</doc>
<status status="PASS" start="2024-03-20T21:13:39.186833" elapsed="0.000471"/>
</kw>
<kw name="Log" owner="BuiltIn">
<msg time="2024-03-20T21:13:39.187731" level="INFO">password</msg>
<arg>${keyTwo}</arg>
<doc>Logs the given message with the given level.</doc>
<status status="PASS" start="2024-03-20T21:13:39.187600" elapsed="0.000169"/>
</kw>
<var name="${keyTwo}">password</var>
<status status="PASS" start="2024-03-20T21:13:39.186000" elapsed="0.002020"/>
</iter>
<var>${keyTwo}</var>
<value>@{expected_keysTwo}</value>
<status status="PASS" start="2024-03-20T21:13:39.183663" elapsed="0.004493"/>
</for>
<status status="PASS" start="2024-03-20T21:13:39.072167" elapsed="0.116143"/>
</kw>
<doc>Testa a estrutura da resposta da API.</doc>
<tag>testeEstruturaResposta</tag>
<status status="PASS" start="2024-03-20T21:13:39.071523" elapsed="0.116956"/>
</test>
<test id="s1-s1-t4" name="Validar tipos de dados" line="39">
<kw name="Teste de Tipos de Dados">
<kw name="GET On Session" owner="RequestsLibrary">
<msg time="2024-03-20T21:13:39.278566" level="INFO">GET Request : url=https://randomuser.me/api 
 path_url=/api 
 headers={'User-Agent': 'python-requests/2.31.0', 'Accept-Encoding': 'gzip, deflate', 'Accept': '*/*', 'Connection': 'keep-alive'} 
 body=None 
 </msg>
<msg time="2024-03-20T21:13:39.278687" level="INFO">GET Response : url=https://randomuser.me/api 
 status=200, reason=OK 
 headers={'Date': 'Wed, 20 Mar 2024 21:13:39 GMT', 'Content-Type': 'application/json; charset=utf-8', 'Transfer-Encoding': 'chunked', 'Connection': 'keep-alive', 'X-Powered-By': 'Express', 'Access-Control-Allow-Origin': '*', 'Cache-Control': 'no-cache', 'ETag': 'W/"4ac-psZzYK2hQbRU/sQsxKK6c7Es9UI"', 'Vary': 'Accept-Encoding', 'Content-Encoding': 'gzip', 'CF-Cache-Status': 'DYNAMIC', 'Report-To': '{"endpoints":[{"url":"https:\\/\\/a.nel.cloudflare.com\\/report\\/v4?s=7rh6zOEeysifdKBMLCvFsgbYfMjkwku7C3evnzYJFURJU%2FvTXmhHwymzcpJ8Fexfxz1b%2BW%2BG3JCIFr%2F%2BGR1tGvETEK7jy6JZYEAiFfivY720A5x6qROCnmWseNVEBiRf"}],"group":"cf-nel","max_age":604800}', 'NEL': '{"success_fraction":0,"report_to":"cf-nel","max_age":604800}', 'Server': 'cloudflare', 'CF-RAY': '8678b513fb04232b-SJC', 'alt-svc': 'h3=":443"; ma=86400'} 
 body={"results":[{"gender":"female","name":{"title":"Ms","first":"Axelle","last":"Arnaud"},"location":{"street":{"number":8602,"name":"Rue de L'Abbé-Gillet"},"city":"Le Havre","state":"Ardennes","country":"France","postcode":37262,"coordinates":{"latitude":"-13.9161","longitude":"77.3537"},"timezone":{"offset":"+5:00","description":"Ekaterinburg, Islamabad, Karachi, Tashkent"}},"email":"axelle.arnaud@example.com","login":{"uuid":"20ead860-4711-4e32-bc62-236f22abf0fc","username":"blackcat273","password":"halflife","salt":"Cgh5nlRV","md5":"a3ea129eca9badb16a3bfe336b104e6b","sha1":"f53dfc02417c760bf90f07fa9b480856162afbf2","sha256":"77743f376b8103d28c4bf311f949524d75deb52c8a0f0d6f83ef5c98c451f05a"},"dob":{"date":"1969-01-29T12:59:41.811Z","age":55},"registered":{"date":"2021-06-17T14:35:43.273Z","age":2},"phone":"01-67-90-97-85","cell":"06-30-42-46-82","id":{"name":"INSEE","value":"2690000300357 63"},"picture":{"large":"https://randomuser.me/api/portraits/women/14.jpg","medium":"https://randomuser.me/api/portraits/med/women/14.jpg","thumbnail":"https://randomuser.me/api/portraits/thumb/women/14.jpg"},"nat":"FR"}],"info":{"seed":"1eddcf2b31cf4228","results":1,"page":1,"version":"1.4"}} 
 </msg>
<msg time="2024-03-20T21:13:39.278778" level="INFO">/opt/hostedtoolcache/Python/3.12.2/x64/lib/python3.12/site-packages/urllib3/connectionpool.py:1103: InsecureRequestWarning: Unverified HTTPS request is being made to host 'randomuser.me'. Adding certificate verification is strongly advised. See: https://urllib3.readthedocs.io/en/latest/advanced-usage.html#tls-warnings
  warnings.warn(</msg>
<msg time="2024-03-20T21:13:39.278934" level="INFO">${response} = &lt;Response [200]&gt;</msg>
<var>${response}</var>
<arg>consultarAPI</arg>
<arg>/api</arg>
<doc>Sends a GET request on a previously created HTTP Session.</doc>
<status status="PASS" start="2024-03-20T21:13:39.191255" elapsed="0.087721"/>
</kw>
<kw name="Set Variable" owner="BuiltIn">
<msg time="2024-03-20T21:13:39.280315" level="INFO">${json_data} = {'results': [{'gender': 'female', 'name': {'title': 'Ms', 'first': 'Axelle', 'last': 'Arnaud'}, 'location': {'street': {'number': 8602, 'name': "Rue de L'Abbé-Gillet"}, 'city': 'Le Havre', 'state': 'A...</msg>
<var>${json_data}</var>
<arg>${response.json()}</arg>
<doc>Returns the given values which can then be assigned to a variables.</doc>
<status status="PASS" start="2024-03-20T21:13:39.279634" elapsed="0.000712"/>
</kw>
<kw name="Log" owner="BuiltIn">
<msg time="2024-03-20T21:13:39.281064" level="INFO">{'results': [{'gender': 'female', 'name': {'title': 'Ms', 'first': 'Axelle', 'last': 'Arnaud'}, 'location': {'street': {'number': 8602, 'name': "Rue de L'Abbé-Gillet"}, 'city': 'Le Havre', 'state': 'Ardennes', 'country': 'France', 'postcode': 37262, 'coordinates': {'latitude': '-13.9161', 'longitude': '77.3537'}, 'timezone': {'offset': '+5:00', 'description': 'Ekaterinburg, Islamabad, Karachi, Tashkent'}}, 'email': 'axelle.arnaud@example.com', 'login': {'uuid': '20ead860-4711-4e32-bc62-236f22abf0fc', 'username': 'blackcat273', 'password': 'halflife', 'salt': 'Cgh5nlRV', 'md5': 'a3ea129eca9badb16a3bfe336b104e6b', 'sha1': 'f53dfc02417c760bf90f07fa9b480856162afbf2', 'sha256': '77743f376b8103d28c4bf311f949524d75deb52c8a0f0d6f83ef5c98c451f05a'}, 'dob': {'date': '1969-01-29T12:59:41.811Z', 'age': 55}, 'registered': {'date': '2021-06-17T14:35:43.273Z', 'age': 2}, 'phone': '01-67-90-97-85', 'cell': '06-30-42-46-82', 'id': {'name': 'INSEE', 'value': '2690000300357 63'}, 'picture': {'large': 'https://randomuser.me/api/portraits/women/14.jpg', 'medium': 'https://randomuser.me/api/portraits/med/women/14.jpg', 'thumbnail': 'https://randomuser.me/api/portraits/thumb/women/14.jpg'}, 'nat': 'FR'}], 'info': {'seed': '1eddcf2b31cf4228', 'results': 1, 'page': 1, 'version': '1.4'}}</msg>
<arg>${json_data}</arg>
<doc>Logs the given message with the given level.</doc>
<status status="PASS" start="2024-03-20T21:13:39.280776" elapsed="0.000386"/>
</kw>
<kw name="Should Be String" owner="String">
<arg>${json_data['results'][0]['gender']}</arg>
<doc>Fails if the given ``item`` is not a string.</doc>
<status status="PASS" start="2024-03-20T21:13:39.281505" elapsed="0.000400"/>
</kw>
<kw name="Should Match Regexp" owner="BuiltIn">
<arg>${json_data['results'][0]['email']}</arg>
<arg>^[a-zA-Z0-9._%+-]+@[a-zA-Z0-9.-]+\.[a-zA-Z]{2,}$</arg>
<doc>Fails if ``string`` does not match ``pattern`` as a regular expression.</doc>
<status status="PASS" start="2024-03-20T21:13:39.282102" elapsed="0.000720"/>
</kw>
<kw name="Should Match Regexp" owner="BuiltIn">
<arg>${json_data['results'][0]['dob']['date']}</arg>
<arg>\\d{4}-\\d{2}-\\d{2}T\\d{2}:\\d{2}:\\d{2}\\.\\d{3}Z</arg>
<doc>Fails if ``string`` does not match ``pattern`` as a regular expression.</doc>
<status status="PASS" start="2024-03-20T21:13:39.283022" elapsed="0.000496"/>
</kw>
<kw name="Should Match Regexp" owner="BuiltIn">
<arg>${json_data['results'][0]['registered']['date']}</arg>
<arg>\\d{4}-\\d{2}-\\d{2}T\\d{2}:\\d{2}:\\d{2}\\.\\d{3}Z</arg>
<doc>Fails if ``string`` does not match ``pattern`` as a regular expression.</doc>
<status status="PASS" start="2024-03-20T21:13:39.283708" elapsed="0.000412"/>
</kw>
<kw name="Should Match Regexp" owner="BuiltIn">
<arg>${json_data['results'][0]['picture']['large']}</arg>
<arg>^https?://.*\.(?:png|jpe?g|gif|bmp)$</arg>
<doc>Fails if ``string`` does not match ``pattern`` as a regular expression.</doc>
<status status="PASS" start="2024-03-20T21:13:39.284308" elapsed="0.000465"/>
</kw>
<kw name="Should Match Regexp" owner="BuiltIn">
<arg>${json_data['results'][0]['picture']['medium']}</arg>
<arg>^https?://.*\.(?:png|jpe?g|gif|bmp)$</arg>
<doc>Fails if ``string`` does not match ``pattern`` as a regular expression.</doc>
<status status="PASS" start="2024-03-20T21:13:39.284959" elapsed="0.000355"/>
</kw>
<kw name="Should Match Regexp" owner="BuiltIn">
<arg>${json_data['results'][0]['picture']['thumbnail']}</arg>
<arg>^https?://.*\.(?:png|jpe?g|gif|bmp)$</arg>
<doc>Fails if ``string`` does not match ``pattern`` as a regular expression.</doc>
<status status="PASS" start="2024-03-20T21:13:39.285495" elapsed="0.000362"/>
</kw>
<kw name="Log" owner="BuiltIn">
<msg time="2024-03-20T21:13:39.286370" level="INFO">{'large': 'https://randomuser.me/api/portraits/women/14.jpg', 'medium': 'https://randomuser.me/api/portraits/med/women/14.jpg', 'thumbnail': 'https://randomuser.me/api/portraits/thumb/women/14.jpg'}</msg>
<arg>${json_data['results'][0]['picture']}</arg>
<doc>Logs the given message with the given level.</doc>
<status status="PASS" start="2024-03-20T21:13:39.286037" elapsed="0.000375"/>
</kw>
<status status="PASS" start="2024-03-20T21:13:39.191016" elapsed="0.095666"/>
</kw>
<kw name="Teste de Tipos de Dados - Postcode">
<kw name="GET On Session" owner="RequestsLibrary">
<msg time="2024-03-20T21:13:39.374995" level="INFO">GET Request : url=https://randomuser.me/api 
 path_url=/api 
 headers={'User-Agent': 'python-requests/2.31.0', 'Accept-Encoding': 'gzip, deflate', 'Accept': '*/*', 'Connection': 'keep-alive'} 
 body=None 
 </msg>
<msg time="2024-03-20T21:13:39.375082" level="INFO">GET Response : url=https://randomuser.me/api 
 status=200, reason=OK 
 headers={'Date': 'Wed, 20 Mar 2024 21:13:39 GMT', 'Content-Type': 'application/json; charset=utf-8', 'Transfer-Encoding': 'chunked', 'Connection': 'keep-alive', 'X-Powered-By': 'Express', 'Access-Control-Allow-Origin': '*', 'Cache-Control': 'no-cache', 'ETag': 'W/"498-dnsLUTkXYvBlCUR5MG0HtV+wDOQ"', 'Vary': 'Accept-Encoding', 'Content-Encoding': 'gzip', 'CF-Cache-Status': 'DYNAMIC', 'Report-To': '{"endpoints":[{"url":"https:\\/\\/a.nel.cloudflare.com\\/report\\/v4?s=PunaCLQCOvDMX1A3z5O40jk2gMoozF3HW6ePwqZKDYOdYH6tmfyvLgBip9ZcyzMxp%2BLarIjjT47qWeuZGQoT0QGxaum%2BdpW%2FYcdRI98P4QOiiVStw8D%2B0Ze9eDj4S3G4"}],"group":"cf-nel","max_age":604800}', 'NEL': '{"success_fraction":0,"report_to":"cf-nel","max_age":604800}', 'Server': 'cloudflare', 'CF-RAY': '8678b5149ba7232b-SJC', 'alt-svc': 'h3=":443"; ma=86400'} 
 body={"results":[{"gender":"female","name":{"title":"Ms","first":"Silvia","last":"Calvo"},"location":{"street":{"number":4079,"name":"Calle de Alcalá"},"city":"Torrente","state":"Islas Baleares","country":"Spain","postcode":94618,"coordinates":{"latitude":"-33.2094","longitude":"171.2945"},"timezone":{"offset":"+3:00","description":"Baghdad, Riyadh, Moscow, St. Petersburg"}},"email":"silvia.calvo@example.com","login":{"uuid":"e1a964ea-f808-482b-b34b-826839e823bc","username":"sadlion242","password":"deaths","salt":"IdFIiR8o","md5":"5e1cb9a2572fcbb53e19795a4502296a","sha1":"aa6e1975ab3a107863f091f20e8cd90a56e28b71","sha256":"d5496b2c393823d8458b01229245856d0b90181d7098cc77c4226ecfb20acdf5"},"dob":{"date":"1968-04-19T04:32:56.086Z","age":55},"registered":{"date":"2013-01-23T05:02:12.938Z","age":11},"phone":"958-512-670","cell":"653-596-457","id":{"name":"DNI","value":"91355178-D"},"picture":{"large":"https://randomuser.me/api/portraits/women/23.jpg","medium":"https://randomuser.me/api/portraits/med/women/23.jpg","thumbnail":"https://randomuser.me/api/portraits/thumb/women/23.jpg"},"nat":"ES"}],"info":{"seed":"2495705769c3956f","results":1,"page":1,"version":"1.4"}} 
 </msg>
<msg time="2024-03-20T21:13:39.375151" level="INFO">/opt/hostedtoolcache/Python/3.12.2/x64/lib/python3.12/site-packages/urllib3/connectionpool.py:1103: InsecureRequestWarning: Unverified HTTPS request is being made to host 'randomuser.me'. Adding certificate verification is strongly advised. See: https://urllib3.readthedocs.io/en/latest/advanced-usage.html#tls-warnings
  warnings.warn(</msg>
<msg time="2024-03-20T21:13:39.375263" level="INFO">${response} = &lt;Response [200]&gt;</msg>
<var>${response}</var>
<arg>consultarAPI</arg>
<arg>/api</arg>
<doc>Sends a GET request on a previously created HTTP Session.</doc>
<status status="PASS" start="2024-03-20T21:13:39.287144" elapsed="0.088161"/>
</kw>
<kw name="Set Variable" owner="BuiltIn">
<msg time="2024-03-20T21:13:39.376535" level="INFO">${json_data} = {'results': [{'gender': 'female', 'name': {'title': 'Ms', 'first': 'Silvia', 'last': 'Calvo'}, 'location': {'street': {'number': 4079, 'name': 'Calle de Alcalá'}, 'city': 'Torrente', 'state': 'Islas B...</msg>
<var>${json_data}</var>
<arg>${response.json()}</arg>
<doc>Returns the given values which can then be assigned to a variables.</doc>
<status status="PASS" start="2024-03-20T21:13:39.375871" elapsed="0.000694"/>
</kw>
<kw name="Log" owner="BuiltIn">
<msg time="2024-03-20T21:13:39.377060" level="INFO">{'results': [{'gender': 'female', 'name': {'title': 'Ms', 'first': 'Silvia', 'last': 'Calvo'}, 'location': {'street': {'number': 4079, 'name': 'Calle de Alcalá'}, 'city': 'Torrente', 'state': 'Islas Baleares', 'country': 'Spain', 'postcode': 94618, 'coordinates': {'latitude': '-33.2094', 'longitude': '171.2945'}, 'timezone': {'offset': '+3:00', 'description': 'Baghdad, Riyadh, Moscow, St. Petersburg'}}, 'email': 'silvia.calvo@example.com', 'login': {'uuid': 'e1a964ea-f808-482b-b34b-826839e823bc', 'username': 'sadlion242', 'password': 'deaths', 'salt': 'IdFIiR8o', 'md5': '5e1cb9a2572fcbb53e19795a4502296a', 'sha1': 'aa6e1975ab3a107863f091f20e8cd90a56e28b71', 'sha256': 'd5496b2c393823d8458b01229245856d0b90181d7098cc77c4226ecfb20acdf5'}, 'dob': {'date': '1968-04-19T04:32:56.086Z', 'age': 55}, 'registered': {'date': '2013-01-23T05:02:12.938Z', 'age': 11}, 'phone': '958-512-670', 'cell': '653-596-457', 'id': {'name': 'DNI', 'value': '91355178-D'}, 'picture': {'large': 'https://randomuser.me/api/portraits/women/23.jpg', 'medium': 'https://randomuser.me/api/portraits/med/women/23.jpg', 'thumbnail': 'https://randomuser.me/api/portraits/thumb/women/23.jpg'}, 'nat': 'ES'}], 'info': {'seed': '2495705769c3956f', 'results': 1, 'page': 1, 'version': '1.4'}}</msg>
<arg>${json_data}</arg>
<doc>Logs the given message with the given level.</doc>
<status status="PASS" start="2024-03-20T21:13:39.376894" elapsed="0.000249"/>
</kw>
<kw name="Should Be Equal As Numbers" owner="BuiltIn">
<arg>${json_data['results'][0]['location']['postcode']}</arg>
<arg>${json_data['results'][0]['location']['postcode']}</arg>
<doc>Fails if objects are unequal after converting them to real numbers.</doc>
<status status="PASS" start="2024-03-20T21:13:39.377456" elapsed="0.000632"/>
</kw>
<kw name="Log" owner="BuiltIn">
<msg time="2024-03-20T21:13:39.378630" level="INFO">94618</msg>
<arg>${json_data['results'][0]['location']['postcode']}</arg>
<doc>Logs the given message with the given level.</doc>
<status status="PASS" start="2024-03-20T21:13:39.378284" elapsed="0.000389"/>
</kw>
<status status="PASS" start="2024-03-20T21:13:39.286915" elapsed="0.092022"/>
</kw>
<doc>Testa se os tipos de dados na resposta da API estão corretos.</doc>
<tag>testeTiposDados</tag>
<status status="PASS" start="2024-03-20T21:13:39.190409" elapsed="0.188704"/>
</test>
<test id="s1-s1-t5" name="Validar conteudo" line="46">
<kw name="Teste de Tipos de Conteudo">
<kw name="GET On Session" owner="RequestsLibrary">
<msg time="2024-03-20T21:13:39.476189" level="INFO">GET Request : url=https://randomuser.me/api 
 path_url=/api 
 headers={'User-Agent': 'python-requests/2.31.0', 'Accept-Encoding': 'gzip, deflate', 'Accept': '*/*', 'Connection': 'keep-alive'} 
 body=None 
 </msg>
<msg time="2024-03-20T21:13:39.476295" level="INFO">GET Response : url=https://randomuser.me/api 
 status=200, reason=OK 
 headers={'Date': 'Wed, 20 Mar 2024 21:13:39 GMT', 'Content-Type': 'application/json; charset=utf-8', 'Transfer-Encoding': 'chunked', 'Connection': 'keep-alive', 'X-Powered-By': 'Express', 'Access-Control-Allow-Origin': '*', 'Cache-Control': 'no-cache', 'ETag': 'W/"4a0-bmAskRF1hlQYjcZN4Kz3ynjVuLM"', 'Vary': 'Accept-Encoding', 'Content-Encoding': 'gzip', 'CF-Cache-Status': 'DYNAMIC', 'Report-To': '{"endpoints":[{"url":"https:\\/\\/a.nel.cloudflare.com\\/report\\/v4?s=XnuZhUf241%2BLXl1GQaO7MOAx4T632dHyvXyq6gi2sfBCv98X4gOFsZW7XLaUsc890rj0%2FxI67HvU2PZKscIs49G8EU94vE4XxQO3MwmDmMkAE84lpssqqz%2FjWuRXktqJ"}],"group":"cf-nel","max_age":604800}', 'NEL': '{"success_fraction":0,"report_to":"cf-nel","max_age":604800}', 'Server': 'cloudflare', 'CF-RAY': '8678b5152c2f232b-SJC', 'alt-svc': 'h3=":443"; ma=86400'} 
 body={"results":[{"gender":"female","name":{"title":"Mrs","first":"Sonia","last":"Reyes"},"location":{"street":{"number":2178,"name":"Paseo de Zorrilla"},"city":"Alcalá de Henares","state":"Extremadura","country":"Spain","postcode":69494,"coordinates":{"latitude":"-37.1680","longitude":"4.8884"},"timezone":{"offset":"+8:00","description":"Beijing, Perth, Singapore, Hong Kong"}},"email":"sonia.reyes@example.com","login":{"uuid":"ec7d3f09-ab83-4769-adca-42568deb1e84","username":"purpleelephant223","password":"rocky","salt":"UGnByJx2","md5":"5e42a2a74a92214888f05f7bc0f3a317","sha1":"b128988c13da324fce72f6d421a0705e80c985fe","sha256":"14c6c363d7ac3e31cadb1879f4fb4d5fd89f73f3976ae4232f9bf2746685e7f2"},"dob":{"date":"1963-04-16T01:53:53.756Z","age":60},"registered":{"date":"2010-01-17T07:27:51.075Z","age":14},"phone":"988-708-536","cell":"652-267-612","id":{"name":"DNI","value":"15067701-D"},"picture":{"large":"https://randomuser.me/api/portraits/women/51.jpg","medium":"https://randomuser.me/api/portraits/med/women/51.jpg","thumbnail":"https://randomuser.me/api/portraits/thumb/women/51.jpg"},"nat":"ES"}],"info":{"seed":"6869b56570180ae0","results":1,"page":1,"version":"1.4"}} 
 </msg>
<msg time="2024-03-20T21:13:39.476366" level="INFO">/opt/hostedtoolcache/Python/3.12.2/x64/lib/python3.12/site-packages/urllib3/connectionpool.py:1103: InsecureRequestWarning: Unverified HTTPS request is being made to host 'randomuser.me'. Adding certificate verification is strongly advised. See: https://urllib3.readthedocs.io/en/latest/advanced-usage.html#tls-warnings
  warnings.warn(</msg>
<msg time="2024-03-20T21:13:39.476494" level="INFO">${response} = &lt;Response [200]&gt;</msg>
<var>${response}</var>
<arg>consultarAPI</arg>
<arg>/api</arg>
<doc>Sends a GET request on a previously created HTTP Session.</doc>
<status status="PASS" start="2024-03-20T21:13:39.381714" elapsed="0.094823"/>
</kw>
<kw name="Set Variable" owner="BuiltIn">
<msg time="2024-03-20T21:13:39.477767" level="INFO">${json_data} = {'results': [{'gender': 'female', 'name': {'title': 'Mrs', 'first': 'Sonia', 'last': 'Reyes'}, 'location': {'street': {'number': 2178, 'name': 'Paseo de Zorrilla'}, 'city': 'Alcalá de Henares', 'state...</msg>
<var>${json_data}</var>
<arg>${response.json()}</arg>
<doc>Returns the given values which can then be assigned to a variables.</doc>
<status status="PASS" start="2024-03-20T21:13:39.477177" elapsed="0.000619"/>
</kw>
<kw name="Set Variable" owner="BuiltIn">
<msg time="2024-03-20T21:13:39.478495" level="INFO">${name_title} = Mrs</msg>
<var>${name_title}</var>
<arg>${json_data["results"][0]["name"]["title"]}</arg>
<doc>Returns the given values which can then be assigned to a variables.</doc>
<status status="PASS" start="2024-03-20T21:13:39.478103" elapsed="0.000418"/>
</kw>
<kw name="Create List" owner="BuiltIn">
<msg time="2024-03-20T21:13:39.478979" level="INFO">${allowed_titles} = ['Mr', 'Ms', 'Miss', 'Mrs', 'Madame', 'Monsieur']</msg>
<var>${allowed_titles}</var>
<arg>Mr</arg>
<arg>Ms</arg>
<arg>Miss</arg>
<arg>Mrs</arg>
<arg>Madame</arg>
<arg>Monsieur</arg>
<doc>Returns a list containing given items.</doc>
<status status="PASS" start="2024-03-20T21:13:39.478825" elapsed="0.000178"/>
</kw>
<kw name="List Should Contain Value" owner="Collections">
<msg time="2024-03-20T21:13:39.479478" level="INFO">False</msg>
<arg>${allowed_titles}</arg>
<arg>${name_title}</arg>
<doc>Fails if the ``value`` is not found from ``list``.</doc>
<status status="PASS" start="2024-03-20T21:13:39.479302" elapsed="0.000213"/>
</kw>
<kw name="Set Variable" owner="BuiltIn">
<msg time="2024-03-20T21:13:39.480224" level="INFO">${name_country} = ES</msg>
<var>${name_country}</var>
<arg>${json_data["results"][0]["nat"]}</arg>
<doc>Returns the given values which can then be assigned to a variables.</doc>
<status status="PASS" start="2024-03-20T21:13:39.479806" elapsed="0.000443"/>
</kw>
<kw name="Create List" owner="BuiltIn">
<msg time="2024-03-20T21:13:39.481146" level="INFO">${list_country} = ['AD', 'AE', 'AF', 'AG', 'AI', 'AL', 'AM', 'AO', 'AQ', 'AR', 'AS', 'AT', 'AU', 'AW', 'AX', 'AZ', 'BA', 'BB', 'BD', 'BE', 'BF', 'BG', 'BH', 'BI', 'BJ', 'BL', 'BM', 'BN', 'BO', 'BQ', 'BR', 'BS', 'BT', '...</msg>
<var>${list_country}</var>
<arg>AD</arg>
<arg>AE</arg>
<arg>AF</arg>
<arg>AG</arg>
<arg>AI</arg>
<arg>AL</arg>
<arg>AM</arg>
<arg>AO</arg>
<arg>AQ</arg>
<arg>AR</arg>
<arg>AS</arg>
<arg>AT</arg>
<arg>AU</arg>
<arg>AW</arg>
<arg>AX</arg>
<arg>AZ</arg>
<arg>BA</arg>
<arg>BB</arg>
<arg>BD</arg>
<arg>BE</arg>
<arg>BF</arg>
<arg>BG</arg>
<arg>BH</arg>
<arg>BI</arg>
<arg>BJ</arg>
<arg>BL</arg>
<arg>BM</arg>
<arg>BN</arg>
<arg>BO</arg>
<arg>BQ</arg>
<arg>BR</arg>
<arg>BS</arg>
<arg>BT</arg>
<arg>BV</arg>
<arg>BW</arg>
<arg>BY</arg>
<arg>BZ</arg>
<arg>CA</arg>
<arg>CC</arg>
<arg>CD</arg>
<arg>CF</arg>
<arg>CG</arg>
<arg>CH</arg>
<arg>CI</arg>
<arg>CK</arg>
<arg>CL</arg>
<arg>CM</arg>
<arg>CN</arg>
<arg>CO</arg>
<arg>CR</arg>
<arg>CU</arg>
<arg>CV</arg>
<arg>CW</arg>
<arg>CX</arg>
<arg>CY</arg>
<arg>CZ</arg>
<arg>DE</arg>
<arg>DJ</arg>
<arg>DK</arg>
<arg>DM</arg>
<arg>DO</arg>
<arg>DZ</arg>
<arg>EC</arg>
<arg>EE</arg>
<arg>EG</arg>
<arg>EH</arg>
<arg>ER</arg>
<arg>ES</arg>
<arg>ET</arg>
<arg>FI</arg>
<arg>FJ</arg>
<arg>FK</arg>
<arg>FM</arg>
<arg>FO</arg>
<arg>FR</arg>
<arg>GA</arg>
<arg>GB</arg>
<arg>GD</arg>
<arg>GE</arg>
<arg>GF</arg>
<arg>GG</arg>
<arg>GH</arg>
<arg>GI</arg>
<arg>GL</arg>
<arg>GM</arg>
<arg>GN</arg>
<arg>GP</arg>
<arg>GQ</arg>
<arg>GR</arg>
<arg>GS</arg>
<arg>GT</arg>
<arg>GU</arg>
<arg>GW</arg>
<arg>GY</arg>
<arg>HK</arg>
<arg>HM</arg>
<arg>HN</arg>
<arg>HR</arg>
<arg>HT</arg>
<arg>HU</arg>
<arg>ID</arg>
<arg>IE</arg>
<arg>IL</arg>
<arg>IM</arg>
<arg>IN</arg>
<arg>IO</arg>
<arg>IQ</arg>
<arg>IR</arg>
<arg>IS</arg>
<arg>IT</arg>
<arg>JE</arg>
<arg>JM</arg>
<arg>JO</arg>
<arg>JP</arg>
<arg>KE</arg>
<arg>KG</arg>
<arg>KH</arg>
<arg>KI</arg>
<arg>KM</arg>
<arg>KN</arg>
<arg>KP</arg>
<arg>KR</arg>
<arg>KW</arg>
<arg>KY</arg>
<arg>KZ</arg>
<arg>LA</arg>
<arg>LB</arg>
<arg>LC</arg>
<arg>LI</arg>
<arg>LK</arg>
<arg>LR</arg>
<arg>LS</arg>
<arg>LT</arg>
<arg>LU</arg>
<arg>LV</arg>
<arg>LY</arg>
<arg>MA</arg>
<arg>MC</arg>
<arg>MD</arg>
<arg>ME</arg>
<arg>MF</arg>
<arg>MG</arg>
<arg>MH</arg>
<arg>MK</arg>
<arg>ML</arg>
<arg>MM</arg>
<arg>MN</arg>
<arg>MO</arg>
<arg>MP</arg>
<arg>MQ</arg>
<arg>MR</arg>
<arg>MS</arg>
<arg>MT</arg>
<arg>MU</arg>
<arg>MV</arg>
<arg>MW</arg>
<arg>MX</arg>
<arg>MY</arg>
<arg>MZ</arg>
<arg>NA</arg>
<arg>NC</arg>
<arg>NE</arg>
<arg>NF</arg>
<arg>NG</arg>
<arg>NI</arg>
<arg>NL</arg>
<arg>NO</arg>
<arg>NP</arg>
<arg>NR</arg>
<arg>NU</arg>
<arg>NZ</arg>
<arg>OM</arg>
<arg>PA</arg>
<arg>PE</arg>
<arg>PF</arg>
<arg>PG</arg>
<arg>PH</arg>
<arg>PK</arg>
<arg>PL</arg>
<arg>PM</arg>
<arg>PN</arg>
<arg>PR</arg>
<arg>PS</arg>
<arg>PT</arg>
<arg>PW</arg>
<arg>PY</arg>
<arg>QA</arg>
<arg>RE</arg>
<arg>RO</arg>
<arg>RS</arg>
<arg>RU</arg>
<arg>RW</arg>
<arg>SA</arg>
<arg>SB</arg>
<arg>SC</arg>
<arg>SD</arg>
<arg>SE</arg>
<arg>SG</arg>
<arg>SH</arg>
<arg>SI</arg>
<arg>SJ</arg>
<arg>SK</arg>
<arg>SL</arg>
<arg>SM</arg>
<arg>SN</arg>
<arg>SO</arg>
<arg>SR</arg>
<arg>SS</arg>
<arg>ST</arg>
<arg>SV</arg>
<arg>SX</arg>
<arg>SY</arg>
<arg>SZ</arg>
<arg>TC</arg>
<arg>TD</arg>
<arg>TF</arg>
<arg>TG</arg>
<arg>TH</arg>
<arg>TJ</arg>
<arg>TK</arg>
<arg>TL</arg>
<arg>TM</arg>
<arg>TN</arg>
<arg>TO</arg>
<arg>TR</arg>
<arg>TT</arg>
<arg>TV</arg>
<arg>TW</arg>
<arg>TZ</arg>
<arg>UA</arg>
<arg>UG</arg>
<arg>UM</arg>
<arg>US</arg>
<arg>UY</arg>
<arg>UZ</arg>
<arg>VA</arg>
<arg>VC</arg>
<arg>VE</arg>
<arg>VG</arg>
<arg>VI</arg>
<arg>VN</arg>
<arg>VU</arg>
<arg>WF</arg>
<arg>WS</arg>
<arg>XK</arg>
<arg>YE</arg>
<arg>YT</arg>
<arg>ZA</arg>
<arg>ZM</arg>
<arg>ZW</arg>
<doc>Returns a list containing given items.</doc>
<status status="PASS" start="2024-03-20T21:13:39.480547" elapsed="0.000625"/>
</kw>
<kw name="List Should Contain Value" owner="Collections">
<msg time="2024-03-20T21:13:39.482364" level="INFO">False</msg>
<arg>${list_country}</arg>
<arg>${name_country}</arg>
<doc>Fails if the ``value`` is not found from ``list``.</doc>
<status status="PASS" start="2024-03-20T21:13:39.482153" elapsed="0.000248"/>
</kw>
<kw name="Run Keyword If" owner="BuiltIn">
<kw name="Should Be True" owner="BuiltIn">
<arg>${True}</arg>
<doc>Fails if the given condition is not true.</doc>
<status status="PASS" start="2024-03-20T21:13:39.483454" elapsed="0.000144"/>
</kw>
<arg>${json_data["results"][0]["location"]["coordinates"]["latitude"]} &gt;= -90 and ${json_data["results"][0]["location"]["coordinates"]["latitude"]} &lt;= 90</arg>
<arg>Should Be True</arg>
<arg>${True}</arg>
<doc>Runs the given keyword with the given arguments, if ``condition`` is true.</doc>
<status status="PASS" start="2024-03-20T21:13:39.482707" elapsed="0.001019"/>
</kw>
<kw name="Run Keyword If" owner="BuiltIn">
<kw name="Should Be True" owner="BuiltIn">
<arg>${True}</arg>
<doc>Fails if the given condition is not true.</doc>
<status status="PASS" start="2024-03-20T21:13:39.484630" elapsed="0.000137"/>
</kw>
<arg>${json_data["results"][0]["location"]["coordinates"]["longitude"]} &gt;= -180 and ${json_data["results"][0]["location"]["coordinates"]["longitude"]} &lt;= 180</arg>
<arg>Should Be True</arg>
<arg>${True}</arg>
<doc>Runs the given keyword with the given arguments, if ``condition`` is true.</doc>
<status status="PASS" start="2024-03-20T21:13:39.483928" elapsed="0.000963"/>
</kw>
<status status="PASS" start="2024-03-20T21:13:39.381489" elapsed="0.103534"/>
</kw>
<doc>Testa o conteúdo específico dos campos retornados pela API.</doc>
<tag>testeConteudo</tag>
<status status="PASS" start="2024-03-20T21:13:39.380935" elapsed="0.104246"/>
</test>
<status status="PASS" start="2024-03-20T21:13:38.681205" elapsed="0.805950"/>
</suite>
<status status="PASS" start="2024-03-20T21:13:38.667206" elapsed="0.825454"/>
</suite>
<statistics>
<total>
<stat pass="5" fail="0" skip="0">All Tests</stat>
</total>
<tag>
<stat pass="1" fail="0" skip="0">testeConteudo</stat>
<stat pass="1" fail="0" skip="0">testeEstruturaResposta</stat>
<stat pass="1" fail="0" skip="0">testeRequisicaoBasica</stat>
<stat pass="1" fail="0" skip="0">testeTiposDados</stat>
</tag>
<suite>
<stat pass="5" fail="0" skip="0" id="s1" name="Tests">Tests</stat>
<stat pass="5" fail="0" skip="0" id="s1-s1" name="Random-User-Test">Tests.Random-User-Test</stat>
</suite>
</statistics>
<errors>
</errors>
</robot>
