<?xml version="1.0" encoding="UTF-8"?>
<robot generator="Robot 7.0.1 (Python 3.12.4 on linux)" generated="2024-07-31T23:15:07.878722" rpa="false" schemaversion="5">
<suite id="s1" name="Tests" source="/home/runner/work/ApiRandomUser/ApiRandomUser/RamdonUser/tests">
<suite id="s1-s1" name="Random-User-Test" source="/home/runner/work/ApiRandomUser/ApiRandomUser/RamdonUser/tests/random-user-test.robot">
<test id="s1-s1-t1" name="Conectar" line="13">
<kw name="Conectar API" owner="random-user-service">
<kw name="Create Session" owner="RequestsLibrary">
<msg time="2024-07-31T23:15:08.271758" level="INFO">Creating Session using : alias=consultarAPI, url=https://randomuser.me/, headers={},                     cookies={}, auth=None, timeout=None, proxies=None, verify=False,                     debug=0 </msg>
<arg>consultarAPI</arg>
<arg>${URL}</arg>
<doc>Create Session: create a HTTP session to a server</doc>
<status status="PASS" start="2024-07-31T23:15:08.271559" elapsed="0.000374"/>
</kw>
<status status="PASS" start="2024-07-31T23:15:08.270505" elapsed="0.001787"/>
</kw>
<status status="PASS" start="2024-07-31T23:15:08.269965" elapsed="0.002518"/>
</test>
<test id="s1-s1-t2" name="Validar retorno 200 e JSON Válido" line="16">
<kw name="Teste de Requisicao Basica" owner="random-user-service">
<kw name="GET On Session" owner="RequestsLibrary">
<msg time="2024-07-31T23:15:08.477267" level="INFO">GET Request : url=https://randomuser.me/api 
 path_url=/api 
 headers={'User-Agent': 'python-requests/2.32.3', 'Accept-Encoding': 'gzip, deflate', 'Accept': '*/*', 'Connection': 'keep-alive'} 
 body=None 
 </msg>
<msg time="2024-07-31T23:15:08.477405" level="INFO">GET Response : url=https://randomuser.me/api 
 status=200, reason=OK 
 headers={'Date': 'Wed, 31 Jul 2024 23:15:08 GMT', 'Content-Type': 'application/json; charset=utf-8', 'Transfer-Encoding': 'chunked', 'Connection': 'keep-alive', 'X-Powered-By': 'Express', 'Access-Control-Allow-Origin': '*', 'Cache-Control': 'no-cache', 'ETag': 'W/"4a0-4vUIKzUmTg6KDl+JA6IiPtWJNos"', 'Vary': 'Accept-Encoding', 'Content-Encoding': 'gzip', 'CF-Cache-Status': 'DYNAMIC', 'Report-To': '{"endpoints":[{"url":"https:\\/\\/a.nel.cloudflare.com\\/report\\/v4?s=C4mZpaB26CqeaTddc4QG9Gm91Npp9elLWph92IhPQJIVKKwpZCaOAYjO1S3FTtnOthSu3qRDwDp%2BjORR0c24eMBk47%2BrMcyTgobCMHtXMsN8c46A4MVqF4Wjw4VS%2B13h"}],"group":"cf-nel","max_age":604800}', 'NEL': '{"success_fraction":0,"report_to":"cf-nel","max_age":604800}', 'Server': 'cloudflare', 'CF-RAY': '8ac149e9afbc2d9a-ORD', 'alt-svc': 'h3=":443"; ma=86400'} 
 body={"results":[{"gender":"female","name":{"title":"Miss","first":"Lorena","last":"Velasco"},"location":{"street":{"number":2692,"name":"Calle de Toledo"},"city":"Oviedo","state":"Castilla la Mancha","country":"Spain","postcode":76027,"coordinates":{"latitude":"-31.7905","longitude":"23.2145"},"timezone":{"offset":"+3:00","description":"Baghdad, Riyadh, Moscow, St. Petersburg"}},"email":"lorena.velasco@example.com","login":{"uuid":"8f284aa4-b75e-45f3-8a7d-0fb11bf1921e","username":"ticklishbear998","password":"jockey","salt":"Du3w0ldP","md5":"13386d423e7e4b975932bc44e14c6ce4","sha1":"658a4755a41013e49bdaacc341f940281c60a1e4","sha256":"459dcccdfbf45d36364aa4b510da510e95a505fb785a277e1cfd40f004535602"},"dob":{"date":"1985-07-17T21:56:45.668Z","age":39},"registered":{"date":"2004-02-09T10:59:11.297Z","age":20},"phone":"979-151-190","cell":"670-373-665","id":{"name":"DNI","value":"91701344-R"},"picture":{"large":"https://randomuser.me/api/portraits/women/8.jpg","medium":"https://randomuser.me/api/portraits/med/women/8.jpg","thumbnail":"https://randomuser.me/api/portraits/thumb/women/8.jpg"},"nat":"ES"}],"info":{"seed":"38d6288a4490fdae","results":1,"page":1,"version":"1.4"}} 
 </msg>
<msg time="2024-07-31T23:15:08.477474" level="INFO">/opt/hostedtoolcache/Python/3.12.4/x64/lib/python3.12/site-packages/urllib3/connectionpool.py:1099: InsecureRequestWarning: Unverified HTTPS request is being made to host 'randomuser.me'. Adding certificate verification is strongly advised. See: https://urllib3.readthedocs.io/en/latest/advanced-usage.html#tls-warnings
  warnings.warn(</msg>
<msg time="2024-07-31T23:15:08.477580" level="INFO">${response} = &lt;Response [200]&gt;</msg>
<var>${response}</var>
<arg>consultarAPI</arg>
<arg>/api</arg>
<doc>Sends a GET request on a previously created HTTP Session.</doc>
<status status="PASS" start="2024-07-31T23:15:08.275076" elapsed="0.202538"/>
</kw>
<kw name="Should Be Equal As Numbers" owner="BuiltIn">
<msg time="2024-07-31T23:15:08.478452" level="INFO">Argument types are:
&lt;class 'int'&gt;
&lt;class 'str'&gt;</msg>
<arg>${response.status_code}</arg>
<arg>200</arg>
<doc>Fails if objects are unequal after converting them to real numbers.</doc>
<status status="PASS" start="2024-07-31T23:15:08.478043" elapsed="0.000472"/>
</kw>
<kw name="Log" owner="BuiltIn">
<msg time="2024-07-31T23:15:08.479237" level="INFO">200</msg>
<arg>${response.status_code}</arg>
<doc>Logs the given message with the given level.</doc>
<status status="PASS" start="2024-07-31T23:15:08.478869" elapsed="0.000411"/>
</kw>
<kw name="Set Variable" owner="BuiltIn">
<msg time="2024-07-31T23:15:08.480027" level="INFO">${json_data} = {'results': [{'gender': 'female', 'name': {'title': 'Miss', 'first': 'Lorena', 'last': 'Velasco'}, 'location': {'street': {'number': 2692, 'name': 'Calle de Toledo'}, 'city': 'Oviedo', 'state': 'Casti...</msg>
<var>${json_data}</var>
<arg>${response.json()}</arg>
<doc>Returns the given values which can then be assigned to a variables.</doc>
<status status="PASS" start="2024-07-31T23:15:08.479592" elapsed="0.000463"/>
</kw>
<kw name="Dictionary Should Contain Key" owner="Collections">
<arg>${json_data}</arg>
<arg>results</arg>
<doc>Fails if ``key`` is not found from ``dictionary``.</doc>
<status status="PASS" start="2024-07-31T23:15:08.480360" elapsed="0.000297"/>
</kw>
<status status="PASS" start="2024-07-31T23:15:08.274803" elapsed="0.206013"/>
</kw>
<doc>Testa se a API responde corretamente e retorna um objeto JSON válido.</doc>
<tag>testeRequisicaoBasica</tag>
<status status="PASS" start="2024-07-31T23:15:08.274339" elapsed="0.206642"/>
</test>
<test id="s1-s1-t3" name="Validar estrutura de resposta" line="22">
<kw name="Teste de Estrutura de Resposta" owner="random-user-service">
<kw name="GET On Session" owner="RequestsLibrary">
<msg time="2024-07-31T23:15:08.600848" level="INFO">GET Request : url=https://randomuser.me/api 
 path_url=/api 
 headers={'User-Agent': 'python-requests/2.32.3', 'Accept-Encoding': 'gzip, deflate', 'Accept': '*/*', 'Connection': 'keep-alive'} 
 body=None 
 </msg>
<msg time="2024-07-31T23:15:08.600938" level="INFO">GET Response : url=https://randomuser.me/api 
 status=200, reason=OK 
 headers={'Date': 'Wed, 31 Jul 2024 23:15:08 GMT', 'Content-Type': 'application/json; charset=utf-8', 'Transfer-Encoding': 'chunked', 'Connection': 'keep-alive', 'X-Powered-By': 'Express', 'Access-Control-Allow-Origin': '*', 'Cache-Control': 'no-cache', 'ETag': 'W/"4aa-UdkFCNO8B3JxGRQe7nXdSn05bpc"', 'Vary': 'Accept-Encoding', 'Content-Encoding': 'gzip', 'CF-Cache-Status': 'DYNAMIC', 'Report-To': '{"endpoints":[{"url":"https:\\/\\/a.nel.cloudflare.com\\/report\\/v4?s=HE2X%2Fmbb3eun42rMSuIu%2Frz8n5u5zKQpOpD56iINOS3UjWYGewABrg3VR72XXAhuQX%2B4wq%2FYMuwSoJas2D3BPeKZ88U8hA%2F4Kj1eUePITBI69%2B0KYF2edxPJLzotLVnK"}],"group":"cf-nel","max_age":604800}', 'NEL': '{"success_fraction":0,"report_to":"cf-nel","max_age":604800}', 'Server': 'cloudflare', 'CF-RAY': '8ac149ea084d2d9a-ORD', 'alt-svc': 'h3=":443"; ma=86400'} 
 body={"results":[{"gender":"female","name":{"title":"Mrs","first":"Ellinor","last":"Schäfers"},"location":{"street":{"number":5423,"name":"Birkenweg"},"city":"Kastellaun","state":"Sachsen-Anhalt","country":"Germany","postcode":61368,"coordinates":{"latitude":"-52.2940","longitude":"163.9078"},"timezone":{"offset":"+9:00","description":"Tokyo, Seoul, Osaka, Sapporo, Yakutsk"}},"email":"ellinor.schafers@example.com","login":{"uuid":"4c5d826d-95ef-46d7-8da4-b1c0f2e9e349","username":"crazypanda161","password":"personal","salt":"t59AZDW1","md5":"d2df86abfc02f705f7a995668c05b8e0","sha1":"cf2089f81518935456945d357564c84697ce85e4","sha256":"bf0c5c5839e5d95e48359cd567b476d4e95bd3dc78f74ece8d61e20bbbd62ac0"},"dob":{"date":"1990-09-04T10:37:27.011Z","age":33},"registered":{"date":"2002-09-06T15:29:33.774Z","age":21},"phone":"0196-9136564","cell":"0176-5198585","id":{"name":"SVNR","value":"82 040990 S 783"},"picture":{"large":"https://randomuser.me/api/portraits/women/94.jpg","medium":"https://randomuser.me/api/portraits/med/women/94.jpg","thumbnail":"https://randomuser.me/api/portraits/thumb/women/94.jpg"},"nat":"DE"}],"info":{"seed":"1d5ecb4a31975316","results":1,"page":1,"version":"1.4"}} 
 </msg>
<msg time="2024-07-31T23:15:08.601064" level="INFO">/opt/hostedtoolcache/Python/3.12.4/x64/lib/python3.12/site-packages/urllib3/connectionpool.py:1099: InsecureRequestWarning: Unverified HTTPS request is being made to host 'randomuser.me'. Adding certificate verification is strongly advised. See: https://urllib3.readthedocs.io/en/latest/advanced-usage.html#tls-warnings
  warnings.warn(</msg>
<msg time="2024-07-31T23:15:08.601195" level="INFO">${response} = &lt;Response [200]&gt;</msg>
<var>${response}</var>
<arg>consultarAPI</arg>
<arg>/api</arg>
<doc>Sends a GET request on a previously created HTTP Session.</doc>
<status status="PASS" start="2024-07-31T23:15:08.483554" elapsed="0.117699"/>
</kw>
<kw name="Set Variable" owner="BuiltIn">
<msg time="2024-07-31T23:15:08.602174" level="INFO">${json_data} = {'results': [{'gender': 'female', 'name': {'title': 'Mrs', 'first': 'Ellinor', 'last': 'Schäfers'}, 'location': {'street': {'number': 5423, 'name': 'Birkenweg'}, 'city': 'Kastellaun', 'state': 'Sachse...</msg>
<var>${json_data}</var>
<arg>${response.json()}</arg>
<doc>Returns the given values which can then be assigned to a variables.</doc>
<status status="PASS" start="2024-07-31T23:15:08.601724" elapsed="0.000479"/>
</kw>
<kw name="Log" owner="BuiltIn">
<msg time="2024-07-31T23:15:08.602666" level="INFO">{'results': [{'gender': 'female', 'name': {'title': 'Mrs', 'first': 'Ellinor', 'last': 'Schäfers'}, 'location': {'street': {'number': 5423, 'name': 'Birkenweg'}, 'city': 'Kastellaun', 'state': 'Sachsen-Anhalt', 'country': 'Germany', 'postcode': 61368, 'coordinates': {'latitude': '-52.2940', 'longitude': '163.9078'}, 'timezone': {'offset': '+9:00', 'description': 'Tokyo, Seoul, Osaka, Sapporo, Yakutsk'}}, 'email': 'ellinor.schafers@example.com', 'login': {'uuid': '4c5d826d-95ef-46d7-8da4-b1c0f2e9e349', 'username': 'crazypanda161', 'password': 'personal', 'salt': 't59AZDW1', 'md5': 'd2df86abfc02f705f7a995668c05b8e0', 'sha1': 'cf2089f81518935456945d357564c84697ce85e4', 'sha256': 'bf0c5c5839e5d95e48359cd567b476d4e95bd3dc78f74ece8d61e20bbbd62ac0'}, 'dob': {'date': '1990-09-04T10:37:27.011Z', 'age': 33}, 'registered': {'date': '2002-09-06T15:29:33.774Z', 'age': 21}, 'phone': '0196-9136564', 'cell': '0176-5198585', 'id': {'name': 'SVNR', 'value': '82 040990 S 783'}, 'picture': {'large': 'https://randomuser.me/api/portraits/women/94.jpg', 'medium': 'https://randomuser.me/api/portraits/med/women/94.jpg', 'thumbnail': 'https://randomuser.me/api/portraits/thumb/women/94.jpg'}, 'nat': 'DE'}], 'info': {'seed': '1d5ecb4a31975316', 'results': 1, 'page': 1, 'version': '1.4'}}</msg>
<arg>${json_data}</arg>
<doc>Logs the given message with the given level.</doc>
<status status="PASS" start="2024-07-31T23:15:08.602504" elapsed="0.000211"/>
</kw>
<kw name="Dictionary Should Contain Key" owner="Collections">
<arg>${json_data}</arg>
<arg>results</arg>
<doc>Fails if ``key`` is not found from ``dictionary``.</doc>
<status status="PASS" start="2024-07-31T23:15:08.603044" elapsed="0.000160"/>
</kw>
<kw name="Should Not Be Empty" owner="BuiltIn">
<msg time="2024-07-31T23:15:08.603508" level="INFO">Length is 2.</msg>
<arg>${json_data}</arg>
<doc>Verifies that the given item is not empty.</doc>
<status status="PASS" start="2024-07-31T23:15:08.603386" elapsed="0.000163"/>
</kw>
<kw name="Create List" owner="BuiltIn">
<msg time="2024-07-31T23:15:08.603983" level="INFO">${expected_keys} = ['gender', 'name', 'location', 'email', 'login']</msg>
<var>${expected_keys}</var>
<arg>gender</arg>
<arg>name</arg>
<arg>location</arg>
<arg>email</arg>
<arg>login</arg>
<doc>Returns a list containing given items.</doc>
<status status="PASS" start="2024-07-31T23:15:08.603830" elapsed="0.000177"/>
</kw>
<for flavor="IN">
<iter>
<kw name="Dictionary Should Contain Key" owner="Collections">
<arg>${json_data['results'][0]}</arg>
<arg>${key}</arg>
<doc>Fails if ``key`` is not found from ``dictionary``.</doc>
<status status="PASS" start="2024-07-31T23:15:08.604564" elapsed="0.000397"/>
</kw>
<kw name="Log" owner="BuiltIn">
<msg time="2024-07-31T23:15:08.605498" level="INFO">{'gender': 'female', 'name': {'title': 'Mrs', 'first': 'Ellinor', 'last': 'Schäfers'}, 'location': {'street': {'number': 5423, 'name': 'Birkenweg'}, 'city': 'Kastellaun', 'state': 'Sachsen-Anhalt', 'country': 'Germany', 'postcode': 61368, 'coordinates': {'latitude': '-52.2940', 'longitude': '163.9078'}, 'timezone': {'offset': '+9:00', 'description': 'Tokyo, Seoul, Osaka, Sapporo, Yakutsk'}}, 'email': 'ellinor.schafers@example.com', 'login': {'uuid': '4c5d826d-95ef-46d7-8da4-b1c0f2e9e349', 'username': 'crazypanda161', 'password': 'personal', 'salt': 't59AZDW1', 'md5': 'd2df86abfc02f705f7a995668c05b8e0', 'sha1': 'cf2089f81518935456945d357564c84697ce85e4', 'sha256': 'bf0c5c5839e5d95e48359cd567b476d4e95bd3dc78f74ece8d61e20bbbd62ac0'}, 'dob': {'date': '1990-09-04T10:37:27.011Z', 'age': 33}, 'registered': {'date': '2002-09-06T15:29:33.774Z', 'age': 21}, 'phone': '0196-9136564', 'cell': '0176-5198585', 'id': {'name': 'SVNR', 'value': '82 040990 S 783'}, 'picture': {'large': 'https://randomuser.me/api/portraits/women/94.jpg', 'medium': 'https://randomuser.me/api/portraits/med/women/94.jpg', 'thumbnail': 'https://randomuser.me/api/portraits/thumb/women/94.jpg'}, 'nat': 'DE'}</msg>
<arg>${json_data['results'][0]}</arg>
<doc>Logs the given message with the given level.</doc>
<status status="PASS" start="2024-07-31T23:15:08.605143" elapsed="0.000403"/>
</kw>
<kw name="Log" owner="BuiltIn">
<msg time="2024-07-31T23:15:08.605980" level="INFO">gender</msg>
<arg>${key}</arg>
<doc>Logs the given message with the given level.</doc>
<status status="PASS" start="2024-07-31T23:15:08.605852" elapsed="0.000165"/>
</kw>
<var name="${key}">gender</var>
<status status="PASS" start="2024-07-31T23:15:08.604440" elapsed="0.001790"/>
</iter>
<iter>
<kw name="Dictionary Should Contain Key" owner="Collections">
<arg>${json_data['results'][0]}</arg>
<arg>${key}</arg>
<doc>Fails if ``key`` is not found from ``dictionary``.</doc>
<status status="PASS" start="2024-07-31T23:15:08.606525" elapsed="0.000408"/>
</kw>
<kw name="Log" owner="BuiltIn">
<msg time="2024-07-31T23:15:08.607513" level="INFO">{'gender': 'female', 'name': {'title': 'Mrs', 'first': 'Ellinor', 'last': 'Schäfers'}, 'location': {'street': {'number': 5423, 'name': 'Birkenweg'}, 'city': 'Kastellaun', 'state': 'Sachsen-Anhalt', 'country': 'Germany', 'postcode': 61368, 'coordinates': {'latitude': '-52.2940', 'longitude': '163.9078'}, 'timezone': {'offset': '+9:00', 'description': 'Tokyo, Seoul, Osaka, Sapporo, Yakutsk'}}, 'email': 'ellinor.schafers@example.com', 'login': {'uuid': '4c5d826d-95ef-46d7-8da4-b1c0f2e9e349', 'username': 'crazypanda161', 'password': 'personal', 'salt': 't59AZDW1', 'md5': 'd2df86abfc02f705f7a995668c05b8e0', 'sha1': 'cf2089f81518935456945d357564c84697ce85e4', 'sha256': 'bf0c5c5839e5d95e48359cd567b476d4e95bd3dc78f74ece8d61e20bbbd62ac0'}, 'dob': {'date': '1990-09-04T10:37:27.011Z', 'age': 33}, 'registered': {'date': '2002-09-06T15:29:33.774Z', 'age': 21}, 'phone': '0196-9136564', 'cell': '0176-5198585', 'id': {'name': 'SVNR', 'value': '82 040990 S 783'}, 'picture': {'large': 'https://randomuser.me/api/portraits/women/94.jpg', 'medium': 'https://randomuser.me/api/portraits/med/women/94.jpg', 'thumbnail': 'https://randomuser.me/api/portraits/thumb/women/94.jpg'}, 'nat': 'DE'}</msg>
<arg>${json_data['results'][0]}</arg>
<doc>Logs the given message with the given level.</doc>
<status status="PASS" start="2024-07-31T23:15:08.607149" elapsed="0.000414"/>
</kw>
<kw name="Log" owner="BuiltIn">
<msg time="2024-07-31T23:15:08.607987" level="INFO">name</msg>
<arg>${key}</arg>
<doc>Logs the given message with the given level.</doc>
<status status="PASS" start="2024-07-31T23:15:08.607859" elapsed="0.000166"/>
</kw>
<var name="${key}">name</var>
<status status="PASS" start="2024-07-31T23:15:08.606415" elapsed="0.001827"/>
</iter>
<iter>
<kw name="Dictionary Should Contain Key" owner="Collections">
<arg>${json_data['results'][0]}</arg>
<arg>${key}</arg>
<doc>Fails if ``key`` is not found from ``dictionary``.</doc>
<status status="PASS" start="2024-07-31T23:15:08.608534" elapsed="0.000378"/>
</kw>
<kw name="Log" owner="BuiltIn">
<msg time="2024-07-31T23:15:08.609447" level="INFO">{'gender': 'female', 'name': {'title': 'Mrs', 'first': 'Ellinor', 'last': 'Schäfers'}, 'location': {'street': {'number': 5423, 'name': 'Birkenweg'}, 'city': 'Kastellaun', 'state': 'Sachsen-Anhalt', 'country': 'Germany', 'postcode': 61368, 'coordinates': {'latitude': '-52.2940', 'longitude': '163.9078'}, 'timezone': {'offset': '+9:00', 'description': 'Tokyo, Seoul, Osaka, Sapporo, Yakutsk'}}, 'email': 'ellinor.schafers@example.com', 'login': {'uuid': '4c5d826d-95ef-46d7-8da4-b1c0f2e9e349', 'username': 'crazypanda161', 'password': 'personal', 'salt': 't59AZDW1', 'md5': 'd2df86abfc02f705f7a995668c05b8e0', 'sha1': 'cf2089f81518935456945d357564c84697ce85e4', 'sha256': 'bf0c5c5839e5d95e48359cd567b476d4e95bd3dc78f74ece8d61e20bbbd62ac0'}, 'dob': {'date': '1990-09-04T10:37:27.011Z', 'age': 33}, 'registered': {'date': '2002-09-06T15:29:33.774Z', 'age': 21}, 'phone': '0196-9136564', 'cell': '0176-5198585', 'id': {'name': 'SVNR', 'value': '82 040990 S 783'}, 'picture': {'large': 'https://randomuser.me/api/portraits/women/94.jpg', 'medium': 'https://randomuser.me/api/portraits/med/women/94.jpg', 'thumbnail': 'https://randomuser.me/api/portraits/thumb/women/94.jpg'}, 'nat': 'DE'}</msg>
<arg>${json_data['results'][0]}</arg>
<doc>Logs the given message with the given level.</doc>
<status status="PASS" start="2024-07-31T23:15:08.609098" elapsed="0.000398"/>
</kw>
<kw name="Log" owner="BuiltIn">
<msg time="2024-07-31T23:15:08.609922" level="INFO">location</msg>
<arg>${key}</arg>
<doc>Logs the given message with the given level.</doc>
<status status="PASS" start="2024-07-31T23:15:08.609794" elapsed="0.000166"/>
</kw>
<var name="${key}">location</var>
<status status="PASS" start="2024-07-31T23:15:08.608426" elapsed="0.001748"/>
</iter>
<iter>
<kw name="Dictionary Should Contain Key" owner="Collections">
<arg>${json_data['results'][0]}</arg>
<arg>${key}</arg>
<doc>Fails if ``key`` is not found from ``dictionary``.</doc>
<status status="PASS" start="2024-07-31T23:15:08.610449" elapsed="0.000408"/>
</kw>
<kw name="Log" owner="BuiltIn">
<msg time="2024-07-31T23:15:08.611519" level="INFO">{'gender': 'female', 'name': {'title': 'Mrs', 'first': 'Ellinor', 'last': 'Schäfers'}, 'location': {'street': {'number': 5423, 'name': 'Birkenweg'}, 'city': 'Kastellaun', 'state': 'Sachsen-Anhalt', 'country': 'Germany', 'postcode': 61368, 'coordinates': {'latitude': '-52.2940', 'longitude': '163.9078'}, 'timezone': {'offset': '+9:00', 'description': 'Tokyo, Seoul, Osaka, Sapporo, Yakutsk'}}, 'email': 'ellinor.schafers@example.com', 'login': {'uuid': '4c5d826d-95ef-46d7-8da4-b1c0f2e9e349', 'username': 'crazypanda161', 'password': 'personal', 'salt': 't59AZDW1', 'md5': 'd2df86abfc02f705f7a995668c05b8e0', 'sha1': 'cf2089f81518935456945d357564c84697ce85e4', 'sha256': 'bf0c5c5839e5d95e48359cd567b476d4e95bd3dc78f74ece8d61e20bbbd62ac0'}, 'dob': {'date': '1990-09-04T10:37:27.011Z', 'age': 33}, 'registered': {'date': '2002-09-06T15:29:33.774Z', 'age': 21}, 'phone': '0196-9136564', 'cell': '0176-5198585', 'id': {'name': 'SVNR', 'value': '82 040990 S 783'}, 'picture': {'large': 'https://randomuser.me/api/portraits/women/94.jpg', 'medium': 'https://randomuser.me/api/portraits/med/women/94.jpg', 'thumbnail': 'https://randomuser.me/api/portraits/thumb/women/94.jpg'}, 'nat': 'DE'}</msg>
<arg>${json_data['results'][0]}</arg>
<doc>Logs the given message with the given level.</doc>
<status status="PASS" start="2024-07-31T23:15:08.611164" elapsed="0.000405"/>
</kw>
<kw name="Log" owner="BuiltIn">
<msg time="2024-07-31T23:15:08.611993" level="INFO">email</msg>
<arg>${key}</arg>
<doc>Logs the given message with the given level.</doc>
<status status="PASS" start="2024-07-31T23:15:08.611863" elapsed="0.000169"/>
</kw>
<var name="${key}">email</var>
<status status="PASS" start="2024-07-31T23:15:08.610343" elapsed="0.001904"/>
</iter>
<iter>
<kw name="Dictionary Should Contain Key" owner="Collections">
<arg>${json_data['results'][0]}</arg>
<arg>${key}</arg>
<doc>Fails if ``key`` is not found from ``dictionary``.</doc>
<status status="PASS" start="2024-07-31T23:15:08.612525" elapsed="0.000376"/>
</kw>
<kw name="Log" owner="BuiltIn">
<msg time="2024-07-31T23:15:08.613435" level="INFO">{'gender': 'female', 'name': {'title': 'Mrs', 'first': 'Ellinor', 'last': 'Schäfers'}, 'location': {'street': {'number': 5423, 'name': 'Birkenweg'}, 'city': 'Kastellaun', 'state': 'Sachsen-Anhalt', 'country': 'Germany', 'postcode': 61368, 'coordinates': {'latitude': '-52.2940', 'longitude': '163.9078'}, 'timezone': {'offset': '+9:00', 'description': 'Tokyo, Seoul, Osaka, Sapporo, Yakutsk'}}, 'email': 'ellinor.schafers@example.com', 'login': {'uuid': '4c5d826d-95ef-46d7-8da4-b1c0f2e9e349', 'username': 'crazypanda161', 'password': 'personal', 'salt': 't59AZDW1', 'md5': 'd2df86abfc02f705f7a995668c05b8e0', 'sha1': 'cf2089f81518935456945d357564c84697ce85e4', 'sha256': 'bf0c5c5839e5d95e48359cd567b476d4e95bd3dc78f74ece8d61e20bbbd62ac0'}, 'dob': {'date': '1990-09-04T10:37:27.011Z', 'age': 33}, 'registered': {'date': '2002-09-06T15:29:33.774Z', 'age': 21}, 'phone': '0196-9136564', 'cell': '0176-5198585', 'id': {'name': 'SVNR', 'value': '82 040990 S 783'}, 'picture': {'large': 'https://randomuser.me/api/portraits/women/94.jpg', 'medium': 'https://randomuser.me/api/portraits/med/women/94.jpg', 'thumbnail': 'https://randomuser.me/api/portraits/thumb/women/94.jpg'}, 'nat': 'DE'}</msg>
<arg>${json_data['results'][0]}</arg>
<doc>Logs the given message with the given level.</doc>
<status status="PASS" start="2024-07-31T23:15:08.613088" elapsed="0.000406"/>
</kw>
<kw name="Log" owner="BuiltIn">
<msg time="2024-07-31T23:15:08.613911" level="INFO">login</msg>
<arg>${key}</arg>
<doc>Logs the given message with the given level.</doc>
<status status="PASS" start="2024-07-31T23:15:08.613784" elapsed="0.000165"/>
</kw>
<var name="${key}">login</var>
<status status="PASS" start="2024-07-31T23:15:08.612419" elapsed="0.001741"/>
</iter>
<var>${key}</var>
<value>@{expected_keys}</value>
<status status="PASS" start="2024-07-31T23:15:08.604258" elapsed="0.010047"/>
</for>
<kw name="Create List" owner="BuiltIn">
<msg time="2024-07-31T23:15:08.614640" level="INFO">${expected_keysTwo} = ['username', 'password']</msg>
<var>${expected_keysTwo}</var>
<arg>username</arg>
<arg>password</arg>
<doc>Returns a list containing given items.</doc>
<status status="PASS" start="2024-07-31T23:15:08.614503" elapsed="0.000162"/>
</kw>
<for flavor="IN">
<iter>
<kw name="Dictionary Should Contain Key" owner="Collections">
<arg>${json_data['results'][0]['login']}</arg>
<arg>${keyTwo}</arg>
<doc>Fails if ``key`` is not found from ``dictionary``.</doc>
<status status="PASS" start="2024-07-31T23:15:08.615186" elapsed="0.000399"/>
</kw>
<kw name="Dictionary Should Contain Key" owner="Collections">
<arg>${json_data['results'][0]['login']}</arg>
<arg>${keyTwo}</arg>
<doc>Fails if ``key`` is not found from ``dictionary``.</doc>
<status status="PASS" start="2024-07-31T23:15:08.615764" elapsed="0.000434"/>
</kw>
<kw name="Log" owner="BuiltIn">
<msg time="2024-07-31T23:15:08.616565" level="INFO">username</msg>
<arg>${keyTwo}</arg>
<doc>Logs the given message with the given level.</doc>
<status status="PASS" start="2024-07-31T23:15:08.616420" elapsed="0.000200"/>
</kw>
<var name="${keyTwo}">username</var>
<status status="PASS" start="2024-07-31T23:15:08.615078" elapsed="0.001807"/>
</iter>
<iter>
<kw name="Dictionary Should Contain Key" owner="Collections">
<arg>${json_data['results'][0]['login']}</arg>
<arg>${keyTwo}</arg>
<doc>Fails if ``key`` is not found from ``dictionary``.</doc>
<status status="PASS" start="2024-07-31T23:15:08.617169" elapsed="0.000377"/>
</kw>
<kw name="Dictionary Should Contain Key" owner="Collections">
<arg>${json_data['results'][0]['login']}</arg>
<arg>${keyTwo}</arg>
<doc>Fails if ``key`` is not found from ``dictionary``.</doc>
<status status="PASS" start="2024-07-31T23:15:08.617723" elapsed="0.000369"/>
</kw>
<kw name="Log" owner="BuiltIn">
<msg time="2024-07-31T23:15:08.618389" level="INFO">password</msg>
<arg>${keyTwo}</arg>
<doc>Logs the given message with the given level.</doc>
<status status="PASS" start="2024-07-31T23:15:08.618265" elapsed="0.000161"/>
</kw>
<var name="${keyTwo}">password</var>
<status status="PASS" start="2024-07-31T23:15:08.617057" elapsed="0.001595"/>
</iter>
<var>${keyTwo}</var>
<value>@{expected_keysTwo}</value>
<status status="PASS" start="2024-07-31T23:15:08.614925" elapsed="0.003844"/>
</for>
<status status="PASS" start="2024-07-31T23:15:08.483321" elapsed="0.135609"/>
</kw>
<doc>Testa a estrutura da resposta da API.</doc>
<tag>testeEstruturaResposta</tag>
<status status="PASS" start="2024-07-31T23:15:08.482806" elapsed="0.136277"/>
</test>
<test id="s1-s1-t4" name="Validar tipos de dados" line="28">
<kw name="Teste de Tipos de Dados" owner="random-user-service">
<kw name="GET On Session" owner="RequestsLibrary">
<msg time="2024-07-31T23:15:08.695687" level="INFO">GET Request : url=https://randomuser.me/api 
 path_url=/api 
 headers={'User-Agent': 'python-requests/2.32.3', 'Accept-Encoding': 'gzip, deflate', 'Accept': '*/*', 'Connection': 'keep-alive'} 
 body=None 
 </msg>
<msg time="2024-07-31T23:15:08.695770" level="INFO">GET Response : url=https://randomuser.me/api 
 status=200, reason=OK 
 headers={'Date': 'Wed, 31 Jul 2024 23:15:08 GMT', 'Content-Type': 'application/json; charset=utf-8', 'Transfer-Encoding': 'chunked', 'Connection': 'keep-alive', 'X-Powered-By': 'Express', 'Access-Control-Allow-Origin': '*', 'Cache-Control': 'no-cache', 'ETag': 'W/"4a8-SqLJaK7Xxm1BNGf3qfByQ1QfzA0"', 'Vary': 'Accept-Encoding', 'Content-Encoding': 'gzip', 'cf-cache-status': 'DYNAMIC', 'Report-To': '{"endpoints":[{"url":"https:\\/\\/a.nel.cloudflare.com\\/report\\/v4?s=r2Qri%2FqzW%2BuldtuUX0x%2FSfEdTQap%2FUwc4hv%2FZR7h%2BS3dCdMEYuDUOWKP5wLgsLJe2zhmyzslQadJjICwkzOpwckagWwYiDl6Ht48gi%2Bw63yTWIuDA1zPDteI%2FBNmb%2FQD"}],"group":"cf-nel","max_age":604800}', 'NEL': '{"success_fraction":0,"report_to":"cf-nel","max_age":604800}', 'Server': 'cloudflare', 'CF-RAY': '8ac149eae9562d9a-ORD', 'alt-svc': 'h3=":443"; ma=86400'} 
 body={"results":[{"gender":"female","name":{"title":"Miss","first":"Laurie","last":"Thompson"},"location":{"street":{"number":2421,"name":"Brock Rd"},"city":"Killarney","state":"Northwest Territories","country":"Canada","postcode":"R4C 0L3","coordinates":{"latitude":"-69.7018","longitude":"105.1242"},"timezone":{"offset":"+4:00","description":"Abu Dhabi, Muscat, Baku, Tbilisi"}},"email":"laurie.thompson@example.com","login":{"uuid":"ae293376-61f9-408d-a529-3a65c3c2cba1","username":"organicelephant689","password":"bobdole","salt":"h0LcHZkv","md5":"a56fea8e13be63830687483345ce27d9","sha1":"d0f9f27d7f0aa71852da9cec733fff1c430701e4","sha256":"716fd12b428f487ecbf7b4877bc203a59a03d353e8004a75d1ac52e44041cca3"},"dob":{"date":"1967-02-03T02:08:09.304Z","age":57},"registered":{"date":"2009-03-20T16:57:11.164Z","age":15},"phone":"F71 U76-1641","cell":"M82 I06-5402","id":{"name":"SIN","value":"493465330"},"picture":{"large":"https://randomuser.me/api/portraits/women/75.jpg","medium":"https://randomuser.me/api/portraits/med/women/75.jpg","thumbnail":"https://randomuser.me/api/portraits/thumb/women/75.jpg"},"nat":"CA"}],"info":{"seed":"0b724dc165b2b8d5","results":1,"page":1,"version":"1.4"}} 
 </msg>
<msg time="2024-07-31T23:15:08.695827" level="INFO">/opt/hostedtoolcache/Python/3.12.4/x64/lib/python3.12/site-packages/urllib3/connectionpool.py:1099: InsecureRequestWarning: Unverified HTTPS request is being made to host 'randomuser.me'. Adding certificate verification is strongly advised. See: https://urllib3.readthedocs.io/en/latest/advanced-usage.html#tls-warnings
  warnings.warn(</msg>
<msg time="2024-07-31T23:15:08.695909" level="INFO">${response} = &lt;Response [200]&gt;</msg>
<var>${response}</var>
<arg>consultarAPI</arg>
<arg>/api</arg>
<doc>Sends a GET request on a previously created HTTP Session.</doc>
<status status="PASS" start="2024-07-31T23:15:08.621482" elapsed="0.074466"/>
</kw>
<kw name="Set Variable" owner="BuiltIn">
<msg time="2024-07-31T23:15:08.696949" level="INFO">${json_data} = {'results': [{'gender': 'female', 'name': {'title': 'Miss', 'first': 'Laurie', 'last': 'Thompson'}, 'location': {'street': {'number': 2421, 'name': 'Brock Rd'}, 'city': 'Killarney', 'state': 'Northwes...</msg>
<var>${json_data}</var>
<arg>${response.json()}</arg>
<doc>Returns the given values which can then be assigned to a variables.</doc>
<status status="PASS" start="2024-07-31T23:15:08.696392" elapsed="0.000586"/>
</kw>
<kw name="Log" owner="BuiltIn">
<msg time="2024-07-31T23:15:08.697433" level="INFO">{'results': [{'gender': 'female', 'name': {'title': 'Miss', 'first': 'Laurie', 'last': 'Thompson'}, 'location': {'street': {'number': 2421, 'name': 'Brock Rd'}, 'city': 'Killarney', 'state': 'Northwest Territories', 'country': 'Canada', 'postcode': 'R4C 0L3', 'coordinates': {'latitude': '-69.7018', 'longitude': '105.1242'}, 'timezone': {'offset': '+4:00', 'description': 'Abu Dhabi, Muscat, Baku, Tbilisi'}}, 'email': 'laurie.thompson@example.com', 'login': {'uuid': 'ae293376-61f9-408d-a529-3a65c3c2cba1', 'username': 'organicelephant689', 'password': 'bobdole', 'salt': 'h0LcHZkv', 'md5': 'a56fea8e13be63830687483345ce27d9', 'sha1': 'd0f9f27d7f0aa71852da9cec733fff1c430701e4', 'sha256': '716fd12b428f487ecbf7b4877bc203a59a03d353e8004a75d1ac52e44041cca3'}, 'dob': {'date': '1967-02-03T02:08:09.304Z', 'age': 57}, 'registered': {'date': '2009-03-20T16:57:11.164Z', 'age': 15}, 'phone': 'F71 U76-1641', 'cell': 'M82 I06-5402', 'id': {'name': 'SIN', 'value': '493465330'}, 'picture': {'large': 'https://randomuser.me/api/portraits/women/75.jpg', 'medium': 'https://randomuser.me/api/portraits/med/women/75.jpg', 'thumbnail': 'https://randomuser.me/api/portraits/thumb/women/75.jpg'}, 'nat': 'CA'}], 'info': {'seed': '0b724dc165b2b8d5', 'results': 1, 'page': 1, 'version': '1.4'}}</msg>
<arg>${json_data}</arg>
<doc>Logs the given message with the given level.</doc>
<status status="PASS" start="2024-07-31T23:15:08.697282" elapsed="0.000199"/>
</kw>
<kw name="Should Be String" owner="String">
<arg>${json_data['results'][0]['gender']}</arg>
<doc>Fails if the given ``item`` is not a string.</doc>
<status status="PASS" start="2024-07-31T23:15:08.697768" elapsed="0.000393"/>
</kw>
<kw name="Should Match Regexp" owner="BuiltIn">
<arg>${json_data['results'][0]['email']}</arg>
<arg>^[a-zA-Z0-9._%+-]+@[a-zA-Z0-9.-]+\.[a-zA-Z]{2,}$</arg>
<doc>Fails if ``string`` does not match ``pattern`` as a regular expression.</doc>
<status status="PASS" start="2024-07-31T23:15:08.698350" elapsed="0.000538"/>
</kw>
<kw name="Should Match Regexp" owner="BuiltIn">
<arg>${json_data['results'][0]['dob']['date']}</arg>
<arg>\\d{4}-\\d{2}-\\d{2}T\\d{2}:\\d{2}:\\d{2}\\.\\d{3}Z</arg>
<doc>Fails if ``string`` does not match ``pattern`` as a regular expression.</doc>
<status status="PASS" start="2024-07-31T23:15:08.699093" elapsed="0.000614"/>
</kw>
<kw name="Should Match Regexp" owner="BuiltIn">
<arg>${json_data['results'][0]['registered']['date']}</arg>
<arg>\\d{4}-\\d{2}-\\d{2}T\\d{2}:\\d{2}:\\d{2}\\.\\d{3}Z</arg>
<doc>Fails if ``string`` does not match ``pattern`` as a regular expression.</doc>
<status status="PASS" start="2024-07-31T23:15:08.699899" elapsed="0.000370"/>
</kw>
<kw name="Should Match Regexp" owner="BuiltIn">
<arg>${json_data['results'][0]['picture']['large']}</arg>
<arg>^https?://.*\.(?:png|jpe?g|gif|bmp)$</arg>
<doc>Fails if ``string`` does not match ``pattern`` as a regular expression.</doc>
<status status="PASS" start="2024-07-31T23:15:08.700453" elapsed="0.000455"/>
</kw>
<kw name="Should Match Regexp" owner="BuiltIn">
<arg>${json_data['results'][0]['picture']['medium']}</arg>
<arg>^https?://.*\.(?:png|jpe?g|gif|bmp)$</arg>
<doc>Fails if ``string`` does not match ``pattern`` as a regular expression.</doc>
<status status="PASS" start="2024-07-31T23:15:08.701097" elapsed="0.000352"/>
</kw>
<kw name="Should Match Regexp" owner="BuiltIn">
<arg>${json_data['results'][0]['picture']['thumbnail']}</arg>
<arg>^https?://.*\.(?:png|jpe?g|gif|bmp)$</arg>
<doc>Fails if ``string`` does not match ``pattern`` as a regular expression.</doc>
<status status="PASS" start="2024-07-31T23:15:08.701631" elapsed="0.000345"/>
</kw>
<kw name="Log" owner="BuiltIn">
<msg time="2024-07-31T23:15:08.702484" level="INFO">{'large': 'https://randomuser.me/api/portraits/women/75.jpg', 'medium': 'https://randomuser.me/api/portraits/med/women/75.jpg', 'thumbnail': 'https://randomuser.me/api/portraits/thumb/women/75.jpg'}</msg>
<arg>${json_data['results'][0]['picture']}</arg>
<doc>Logs the given message with the given level.</doc>
<status status="PASS" start="2024-07-31T23:15:08.702156" elapsed="0.000371"/>
</kw>
<status status="PASS" start="2024-07-31T23:15:08.621245" elapsed="0.081534"/>
</kw>
<kw name="Teste de Tipos de Dados - Postcode" owner="random-user-service">
<kw name="GET On Session" owner="RequestsLibrary">
<msg time="2024-07-31T23:15:08.779880" level="INFO">GET Request : url=https://randomuser.me/api 
 path_url=/api 
 headers={'User-Agent': 'python-requests/2.32.3', 'Accept-Encoding': 'gzip, deflate', 'Accept': '*/*', 'Connection': 'keep-alive'} 
 body=None 
 </msg>
<msg time="2024-07-31T23:15:08.779944" level="INFO">GET Response : url=https://randomuser.me/api 
 status=200, reason=OK 
 headers={'Date': 'Wed, 31 Jul 2024 23:15:08 GMT', 'Content-Type': 'application/json; charset=utf-8', 'Transfer-Encoding': 'chunked', 'Connection': 'keep-alive', 'X-Powered-By': 'Express', 'Access-Control-Allow-Origin': '*', 'Cache-Control': 'no-cache', 'ETag': 'W/"474-gAt9EARp09gPY7OkogL46g8quWQ"', 'Vary': 'Accept-Encoding', 'Content-Encoding': 'gzip', 'CF-Cache-Status': 'DYNAMIC', 'Report-To': '{"endpoints":[{"url":"https:\\/\\/a.nel.cloudflare.com\\/report\\/v4?s=7MNJd7%2BKOo4qvPHW2Fcw26F2WEppSLYYJzWL1WiKp9Nkw1VP9KmWiN0At4ByJNiLrhKILzGaFldTMemAN7SysMxesRRPXnWfU6CHvth9SSW1kmkNYLkvpu1JY2jR6cuc"}],"group":"cf-nel","max_age":604800}', 'NEL': '{"success_fraction":0,"report_to":"cf-nel","max_age":604800}', 'Server': 'cloudflare', 'CF-RAY': '8ac149eb6a002d9a-ORD', 'alt-svc': 'h3=":443"; ma=86400'} 
 body={"results":[{"gender":"male","name":{"title":"Mr","first":"Quinn","last":"Li"},"location":{"street":{"number":5129,"name":"Wainoni Road"},"city":"Blenheim","state":"Taranaki","country":"New Zealand","postcode":80248,"coordinates":{"latitude":"50.8112","longitude":"-65.8751"},"timezone":{"offset":"+2:00","description":"Kaliningrad, South Africa"}},"email":"quinn.li@example.com","login":{"uuid":"d788e1bc-8cce-4f7f-ae91-b36b934352a1","username":"organiccat756","password":"terrier","salt":"IXX40C8A","md5":"fc7037f4b596451b9e8c06162688b658","sha1":"66ea536aff06f6b0e828adf95ca685d0ec602a89","sha256":"a293fd6611f01a09092340c2b0bcfd33daffc0623c3ba4e89163bbb5b06e0d1d"},"dob":{"date":"1957-02-10T08:44:25.145Z","age":67},"registered":{"date":"2010-08-24T15:23:00.320Z","age":13},"phone":"(522)-231-6181","cell":"(168)-622-5049","id":{"name":"","value":null},"picture":{"large":"https://randomuser.me/api/portraits/men/72.jpg","medium":"https://randomuser.me/api/portraits/med/men/72.jpg","thumbnail":"https://randomuser.me/api/portraits/thumb/men/72.jpg"},"nat":"NZ"}],"info":{"seed":"437855659a4ec9ff","results":1,"page":1,"version":"1.4"}} 
 </msg>
<msg time="2024-07-31T23:15:08.780005" level="INFO">/opt/hostedtoolcache/Python/3.12.4/x64/lib/python3.12/site-packages/urllib3/connectionpool.py:1099: InsecureRequestWarning: Unverified HTTPS request is being made to host 'randomuser.me'. Adding certificate verification is strongly advised. See: https://urllib3.readthedocs.io/en/latest/advanced-usage.html#tls-warnings
  warnings.warn(</msg>
<msg time="2024-07-31T23:15:08.780088" level="INFO">${response} = &lt;Response [200]&gt;</msg>
<var>${response}</var>
<arg>consultarAPI</arg>
<arg>/api</arg>
<doc>Sends a GET request on a previously created HTTP Session.</doc>
<status status="PASS" start="2024-07-31T23:15:08.703257" elapsed="0.076869"/>
</kw>
<kw name="Set Variable" owner="BuiltIn">
<msg time="2024-07-31T23:15:08.781119" level="INFO">${json_data} = {'results': [{'gender': 'male', 'name': {'title': 'Mr', 'first': 'Quinn', 'last': 'Li'}, 'location': {'street': {'number': 5129, 'name': 'Wainoni Road'}, 'city': 'Blenheim', 'state': 'Taranaki', 'coun...</msg>
<var>${json_data}</var>
<arg>${response.json()}</arg>
<doc>Returns the given values which can then be assigned to a variables.</doc>
<status status="PASS" start="2024-07-31T23:15:08.780571" elapsed="0.000576"/>
</kw>
<kw name="Log" owner="BuiltIn">
<msg time="2024-07-31T23:15:08.781600" level="INFO">{'results': [{'gender': 'male', 'name': {'title': 'Mr', 'first': 'Quinn', 'last': 'Li'}, 'location': {'street': {'number': 5129, 'name': 'Wainoni Road'}, 'city': 'Blenheim', 'state': 'Taranaki', 'country': 'New Zealand', 'postcode': 80248, 'coordinates': {'latitude': '50.8112', 'longitude': '-65.8751'}, 'timezone': {'offset': '+2:00', 'description': 'Kaliningrad, South Africa'}}, 'email': 'quinn.li@example.com', 'login': {'uuid': 'd788e1bc-8cce-4f7f-ae91-b36b934352a1', 'username': 'organiccat756', 'password': 'terrier', 'salt': 'IXX40C8A', 'md5': 'fc7037f4b596451b9e8c06162688b658', 'sha1': '66ea536aff06f6b0e828adf95ca685d0ec602a89', 'sha256': 'a293fd6611f01a09092340c2b0bcfd33daffc0623c3ba4e89163bbb5b06e0d1d'}, 'dob': {'date': '1957-02-10T08:44:25.145Z', 'age': 67}, 'registered': {'date': '2010-08-24T15:23:00.320Z', 'age': 13}, 'phone': '(522)-231-6181', 'cell': '(168)-622-5049', 'id': {'name': '', 'value': None}, 'picture': {'large': 'https://randomuser.me/api/portraits/men/72.jpg', 'medium': 'https://randomuser.me/api/portraits/med/men/72.jpg', 'thumbnail': 'https://randomuser.me/api/portraits/thumb/men/72.jpg'}, 'nat': 'NZ'}], 'info': {'seed': '437855659a4ec9ff', 'results': 1, 'page': 1, 'version': '1.4'}}</msg>
<arg>${json_data}</arg>
<doc>Logs the given message with the given level.</doc>
<status status="PASS" start="2024-07-31T23:15:08.781449" elapsed="0.000196"/>
</kw>
<kw name="Should Be Equal As Numbers" owner="BuiltIn">
<arg>${json_data['results'][0]['location']['postcode']}</arg>
<arg>${json_data['results'][0]['location']['postcode']}</arg>
<doc>Fails if objects are unequal after converting them to real numbers.</doc>
<status status="PASS" start="2024-07-31T23:15:08.781931" elapsed="0.000610"/>
</kw>
<kw name="Log" owner="BuiltIn">
<msg time="2024-07-31T23:15:08.783140" level="INFO">80248</msg>
<arg>${json_data['results'][0]['location']['postcode']}</arg>
<doc>Logs the given message with the given level.</doc>
<status status="PASS" start="2024-07-31T23:15:08.782759" elapsed="0.000421"/>
</kw>
<status status="PASS" start="2024-07-31T23:15:08.703032" elapsed="0.080407"/>
</kw>
<doc>Testa se os tipos de dados na resposta da API estão corretos.</doc>
<tag>testeTiposDados</tag>
<status status="PASS" start="2024-07-31T23:15:08.620808" elapsed="0.162787"/>
</test>
<test id="s1-s1-t5" name="Validar conteudo" line="35">
<kw name="Teste de Tipos de Conteudo" owner="random-user-service">
<kw name="GET On Session" owner="RequestsLibrary">
<msg time="2024-07-31T23:15:08.872672" level="INFO">GET Request : url=https://randomuser.me/api 
 path_url=/api 
 headers={'User-Agent': 'python-requests/2.32.3', 'Accept-Encoding': 'gzip, deflate', 'Accept': '*/*', 'Connection': 'keep-alive'} 
 body=None 
 </msg>
<msg time="2024-07-31T23:15:08.872733" level="INFO">GET Response : url=https://randomuser.me/api 
 status=200, reason=OK 
 headers={'Date': 'Wed, 31 Jul 2024 23:15:08 GMT', 'Content-Type': 'application/json; charset=utf-8', 'Transfer-Encoding': 'chunked', 'Connection': 'keep-alive', 'X-Powered-By': 'Express', 'Access-Control-Allow-Origin': '*', 'Cache-Control': 'no-cache', 'ETag': 'W/"493-pnouoTMxsV9n6bzztYBO0V/a8ts"', 'Vary': 'Accept-Encoding', 'Content-Encoding': 'gzip', 'CF-Cache-Status': 'DYNAMIC', 'Report-To': '{"endpoints":[{"url":"https:\\/\\/a.nel.cloudflare.com\\/report\\/v4?s=cy22pGnzZAXiBol1g9sKg1E3VLVBv8xTMqbjSW4T5df4KY4euOtOTlg3VkskpynCRaddq3Exbzl6lrnO0H7bvWiRz4VLPaYQEaAPaByLkIVFw9G00ICUm%2BadbGk2FJb2"}],"group":"cf-nel","max_age":604800}', 'NEL': '{"success_fraction":0,"report_to":"cf-nel","max_age":604800}', 'Server': 'cloudflare', 'CF-RAY': '8ac149ebeaae2d9a-ORD', 'alt-svc': 'h3=":443"; ma=86400'} 
 body={"results":[{"gender":"male","name":{"title":"Mr","first":"Raghav","last":"Saniel"},"location":{"street":{"number":389,"name":"Lamington Rd"},"city":"Kumbakonam","state":"Puducherry","country":"India","postcode":87542,"coordinates":{"latitude":"4.6455","longitude":"-143.9166"},"timezone":{"offset":"0:00","description":"Western Europe Time, London, Lisbon, Casablanca"}},"email":"raghav.saniel@example.com","login":{"uuid":"bc7068bd-11cc-4dfc-b0dd-c63aceaaa782","username":"smallswan809","password":"1954","salt":"fgVW19X9","md5":"fb076a14a2ae7e69410487c90b9a1a90","sha1":"c1cb8398eae1cd48eb762f6121b6daf224e04397","sha256":"efee82fda42a4c5bd65144942d668b91e7c848bab9c259612a003bfc68d8ad2f"},"dob":{"date":"1967-01-24T04:46:01.086Z","age":57},"registered":{"date":"2006-12-28T05:30:54.023Z","age":17},"phone":"9966645199","cell":"7748249549","id":{"name":"UIDAI","value":"702831548796"},"picture":{"large":"https://randomuser.me/api/portraits/men/68.jpg","medium":"https://randomuser.me/api/portraits/med/men/68.jpg","thumbnail":"https://randomuser.me/api/portraits/thumb/men/68.jpg"},"nat":"IN"}],"info":{"seed":"0a80441c45e8d35a","results":1,"page":1,"version":"1.4"}} 
 </msg>
<msg time="2024-07-31T23:15:08.872786" level="INFO">/opt/hostedtoolcache/Python/3.12.4/x64/lib/python3.12/site-packages/urllib3/connectionpool.py:1099: InsecureRequestWarning: Unverified HTTPS request is being made to host 'randomuser.me'. Adding certificate verification is strongly advised. See: https://urllib3.readthedocs.io/en/latest/advanced-usage.html#tls-warnings
  warnings.warn(</msg>
<msg time="2024-07-31T23:15:08.872873" level="INFO">${response} = &lt;Response [200]&gt;</msg>
<var>${response}</var>
<arg>consultarAPI</arg>
<arg>/api</arg>
<doc>Sends a GET request on a previously created HTTP Session.</doc>
<status status="PASS" start="2024-07-31T23:15:08.786036" elapsed="0.086879"/>
</kw>
<kw name="Set Variable" owner="BuiltIn">
<msg time="2024-07-31T23:15:08.873893" level="INFO">${json_data} = {'results': [{'gender': 'male', 'name': {'title': 'Mr', 'first': 'Raghav', 'last': 'Saniel'}, 'location': {'street': {'number': 389, 'name': 'Lamington Rd'}, 'city': 'Kumbakonam', 'state': 'Puducherry...</msg>
<var>${json_data}</var>
<arg>${response.json()}</arg>
<doc>Returns the given values which can then be assigned to a variables.</doc>
<status status="PASS" start="2024-07-31T23:15:08.873356" elapsed="0.000565"/>
</kw>
<kw name="Set Variable" owner="BuiltIn">
<msg time="2024-07-31T23:15:08.874617" level="INFO">${name_title} = Mr</msg>
<var>${name_title}</var>
<arg>${json_data["results"][0]["name"]["title"]}</arg>
<doc>Returns the given values which can then be assigned to a variables.</doc>
<status status="PASS" start="2024-07-31T23:15:08.874231" elapsed="0.000412"/>
</kw>
<kw name="Create List" owner="BuiltIn">
<msg time="2024-07-31T23:15:08.875121" level="INFO">${allowed_titles} = ['Mr', 'Ms', 'Miss', 'Mrs', 'Madame', 'Monsieur']</msg>
<var>${allowed_titles}</var>
<arg>Mr</arg>
<arg>Ms</arg>
<arg>Miss</arg>
<arg>Mrs</arg>
<arg>Madame</arg>
<arg>Monsieur</arg>
<doc>Returns a list containing given items.</doc>
<status status="PASS" start="2024-07-31T23:15:08.874968" elapsed="0.000177"/>
</kw>
<kw name="List Should Contain Value" owner="Collections">
<arg>${allowed_titles}</arg>
<arg>${name_title}</arg>
<doc>Fails if the ``value`` is not found from ``list``.</doc>
<status status="PASS" start="2024-07-31T23:15:08.875445" elapsed="0.000179"/>
</kw>
<kw name="Set Variable" owner="BuiltIn">
<msg time="2024-07-31T23:15:08.876176" level="INFO">${name_country} = IN</msg>
<var>${name_country}</var>
<arg>${json_data["results"][0]["nat"]}</arg>
<doc>Returns the given values which can then be assigned to a variables.</doc>
<status status="PASS" start="2024-07-31T23:15:08.875802" elapsed="0.000399"/>
</kw>
<kw name="Create List" owner="BuiltIn">
<msg time="2024-07-31T23:15:08.877084" level="INFO">${list_country} = ['AD', 'AE', 'AF', 'AG', 'AI', 'AL', 'AM', 'AO', 'AQ', 'AR', 'AS', 'AT', 'AU', 'AW', 'AX', 'AZ', 'BA', 'BB', 'BD', 'BE', 'BF', 'BG', 'BH', 'BI', 'BJ', 'BL', 'BM', 'BN', 'BO', 'BQ', 'BR', 'BS', 'BT', '...</msg>
<var>${list_country}</var>
<arg>AD</arg>
<arg>AE</arg>
<arg>AF</arg>
<arg>AG</arg>
<arg>AI</arg>
<arg>AL</arg>
<arg>AM</arg>
<arg>AO</arg>
<arg>AQ</arg>
<arg>AR</arg>
<arg>AS</arg>
<arg>AT</arg>
<arg>AU</arg>
<arg>AW</arg>
<arg>AX</arg>
<arg>AZ</arg>
<arg>BA</arg>
<arg>BB</arg>
<arg>BD</arg>
<arg>BE</arg>
<arg>BF</arg>
<arg>BG</arg>
<arg>BH</arg>
<arg>BI</arg>
<arg>BJ</arg>
<arg>BL</arg>
<arg>BM</arg>
<arg>BN</arg>
<arg>BO</arg>
<arg>BQ</arg>
<arg>BR</arg>
<arg>BS</arg>
<arg>BT</arg>
<arg>BV</arg>
<arg>BW</arg>
<arg>BY</arg>
<arg>BZ</arg>
<arg>CA</arg>
<arg>CC</arg>
<arg>CD</arg>
<arg>CF</arg>
<arg>CG</arg>
<arg>CH</arg>
<arg>CI</arg>
<arg>CK</arg>
<arg>CL</arg>
<arg>CM</arg>
<arg>CN</arg>
<arg>CO</arg>
<arg>CR</arg>
<arg>CU</arg>
<arg>CV</arg>
<arg>CW</arg>
<arg>CX</arg>
<arg>CY</arg>
<arg>CZ</arg>
<arg>DE</arg>
<arg>DJ</arg>
<arg>DK</arg>
<arg>DM</arg>
<arg>DO</arg>
<arg>DZ</arg>
<arg>EC</arg>
<arg>EE</arg>
<arg>EG</arg>
<arg>EH</arg>
<arg>ER</arg>
<arg>ES</arg>
<arg>ET</arg>
<arg>FI</arg>
<arg>FJ</arg>
<arg>FK</arg>
<arg>FM</arg>
<arg>FO</arg>
<arg>FR</arg>
<arg>GA</arg>
<arg>GB</arg>
<arg>GD</arg>
<arg>GE</arg>
<arg>GF</arg>
<arg>GG</arg>
<arg>GH</arg>
<arg>GI</arg>
<arg>GL</arg>
<arg>GM</arg>
<arg>GN</arg>
<arg>GP</arg>
<arg>GQ</arg>
<arg>GR</arg>
<arg>GS</arg>
<arg>GT</arg>
<arg>GU</arg>
<arg>GW</arg>
<arg>GY</arg>
<arg>HK</arg>
<arg>HM</arg>
<arg>HN</arg>
<arg>HR</arg>
<arg>HT</arg>
<arg>HU</arg>
<arg>ID</arg>
<arg>IE</arg>
<arg>IL</arg>
<arg>IM</arg>
<arg>IN</arg>
<arg>IO</arg>
<arg>IQ</arg>
<arg>IR</arg>
<arg>IS</arg>
<arg>IT</arg>
<arg>JE</arg>
<arg>JM</arg>
<arg>JO</arg>
<arg>JP</arg>
<arg>KE</arg>
<arg>KG</arg>
<arg>KH</arg>
<arg>KI</arg>
<arg>KM</arg>
<arg>KN</arg>
<arg>KP</arg>
<arg>KR</arg>
<arg>KW</arg>
<arg>KY</arg>
<arg>KZ</arg>
<arg>LA</arg>
<arg>LB</arg>
<arg>LC</arg>
<arg>LI</arg>
<arg>LK</arg>
<arg>LR</arg>
<arg>LS</arg>
<arg>LT</arg>
<arg>LU</arg>
<arg>LV</arg>
<arg>LY</arg>
<arg>MA</arg>
<arg>MC</arg>
<arg>MD</arg>
<arg>ME</arg>
<arg>MF</arg>
<arg>MG</arg>
<arg>MH</arg>
<arg>MK</arg>
<arg>ML</arg>
<arg>MM</arg>
<arg>MN</arg>
<arg>MO</arg>
<arg>MP</arg>
<arg>MQ</arg>
<arg>MR</arg>
<arg>MS</arg>
<arg>MT</arg>
<arg>MU</arg>
<arg>MV</arg>
<arg>MW</arg>
<arg>MX</arg>
<arg>MY</arg>
<arg>MZ</arg>
<arg>NA</arg>
<arg>NC</arg>
<arg>NE</arg>
<arg>NF</arg>
<arg>NG</arg>
<arg>NI</arg>
<arg>NL</arg>
<arg>NO</arg>
<arg>NP</arg>
<arg>NR</arg>
<arg>NU</arg>
<arg>NZ</arg>
<arg>OM</arg>
<arg>PA</arg>
<arg>PE</arg>
<arg>PF</arg>
<arg>PG</arg>
<arg>PH</arg>
<arg>PK</arg>
<arg>PL</arg>
<arg>PM</arg>
<arg>PN</arg>
<arg>PR</arg>
<arg>PS</arg>
<arg>PT</arg>
<arg>PW</arg>
<arg>PY</arg>
<arg>QA</arg>
<arg>RE</arg>
<arg>RO</arg>
<arg>RS</arg>
<arg>RU</arg>
<arg>RW</arg>
<arg>SA</arg>
<arg>SB</arg>
<arg>SC</arg>
<arg>SD</arg>
<arg>SE</arg>
<arg>SG</arg>
<arg>SH</arg>
<arg>SI</arg>
<arg>SJ</arg>
<arg>SK</arg>
<arg>SL</arg>
<arg>SM</arg>
<arg>SN</arg>
<arg>SO</arg>
<arg>SR</arg>
<arg>SS</arg>
<arg>ST</arg>
<arg>SV</arg>
<arg>SX</arg>
<arg>SY</arg>
<arg>SZ</arg>
<arg>TC</arg>
<arg>TD</arg>
<arg>TF</arg>
<arg>TG</arg>
<arg>TH</arg>
<arg>TJ</arg>
<arg>TK</arg>
<arg>TL</arg>
<arg>TM</arg>
<arg>TN</arg>
<arg>TO</arg>
<arg>TR</arg>
<arg>TT</arg>
<arg>TV</arg>
<arg>TW</arg>
<arg>TZ</arg>
<arg>UA</arg>
<arg>UG</arg>
<arg>UM</arg>
<arg>US</arg>
<arg>UY</arg>
<arg>UZ</arg>
<arg>VA</arg>
<arg>VC</arg>
<arg>VE</arg>
<arg>VG</arg>
<arg>VI</arg>
<arg>VN</arg>
<arg>VU</arg>
<arg>WF</arg>
<arg>WS</arg>
<arg>XK</arg>
<arg>YE</arg>
<arg>YT</arg>
<arg>ZA</arg>
<arg>ZM</arg>
<arg>ZW</arg>
<doc>Returns a list containing given items.</doc>
<status status="PASS" start="2024-07-31T23:15:08.876490" elapsed="0.000619"/>
</kw>
<kw name="List Should Contain Value" owner="Collections">
<arg>${list_country}</arg>
<arg>${name_country}</arg>
<doc>Fails if the ``value`` is not found from ``list``.</doc>
<status status="PASS" start="2024-07-31T23:15:08.878035" elapsed="0.000208"/>
</kw>
<kw name="Run Keyword If" owner="BuiltIn">
<kw name="Should Be True" owner="BuiltIn">
<arg>${True}</arg>
<doc>Fails if the given condition is not true.</doc>
<status status="PASS" start="2024-07-31T23:15:08.879220" elapsed="0.000144"/>
</kw>
<arg>${json_data["results"][0]["location"]["coordinates"]["latitude"]} &gt;= -90 and ${json_data["results"][0]["location"]["coordinates"]["latitude"]} &lt;= 90</arg>
<arg>Should Be True</arg>
<arg>${True}</arg>
<doc>Runs the given keyword with the given arguments, if ``condition`` is true.</doc>
<status status="PASS" start="2024-07-31T23:15:08.878438" elapsed="0.001051"/>
</kw>
<kw name="Run Keyword If" owner="BuiltIn">
<kw name="Should Be True" owner="BuiltIn">
<arg>${True}</arg>
<doc>Fails if the given condition is not true.</doc>
<status status="PASS" start="2024-07-31T23:15:08.880365" elapsed="0.000146"/>
</kw>
<arg>${json_data["results"][0]["location"]["coordinates"]["longitude"]} &gt;= -180 and ${json_data["results"][0]["location"]["coordinates"]["longitude"]} &lt;= 180</arg>
<arg>Should Be True</arg>
<arg>${True}</arg>
<doc>Runs the given keyword with the given arguments, if ``condition`` is true.</doc>
<status status="PASS" start="2024-07-31T23:15:08.879671" elapsed="0.000962"/>
</kw>
<status status="PASS" start="2024-07-31T23:15:08.785819" elapsed="0.094941"/>
</kw>
<doc>Testa o conteúdo específico dos campos retornados pela API.</doc>
<tag>testeConteudo</tag>
<status status="PASS" start="2024-07-31T23:15:08.785304" elapsed="0.095606"/>
</test>
<status status="PASS" start="2024-07-31T23:15:07.938357" elapsed="0.944513"/>
</suite>
<status status="PASS" start="2024-07-31T23:15:07.923664" elapsed="0.964291"/>
</suite>
<statistics>
<total>
<stat pass="5" fail="0" skip="0">All Tests</stat>
</total>
<tag>
<stat pass="1" fail="0" skip="0">testeConteudo</stat>
<stat pass="1" fail="0" skip="0">testeEstruturaResposta</stat>
<stat pass="1" fail="0" skip="0">testeRequisicaoBasica</stat>
<stat pass="1" fail="0" skip="0">testeTiposDados</stat>
</tag>
<suite>
<stat pass="5" fail="0" skip="0" id="s1" name="Tests">Tests</stat>
<stat pass="5" fail="0" skip="0" id="s1-s1" name="Random-User-Test">Tests.Random-User-Test</stat>
</suite>
</statistics>
<errors>
</errors>
</robot>
