<?xml version="1.0" encoding="UTF-8"?>
<robot generator="Robot 7.0.1 (Python 3.12.4 on linux)" generated="2024-08-09T05:15:56.616645" rpa="false" schemaversion="5">
<suite id="s1" name="Tests" source="/home/runner/work/ApiRandomUser/ApiRandomUser/RamdonUser/tests">
<suite id="s1-s1" name="Random-User-Test" source="/home/runner/work/ApiRandomUser/ApiRandomUser/RamdonUser/tests/random-user-test.robot">
<test id="s1-s1-t1" name="Conectar" line="13">
<kw name="Conectar API" owner="random-user-service">
<kw name="Create Session" owner="RequestsLibrary">
<msg time="2024-08-09T05:15:57.068081" level="INFO">Creating Session using : alias=consultarAPI, url=https://randomuser.me/, headers={},                     cookies={}, auth=None, timeout=None, proxies=None, verify=False,                     debug=0 </msg>
<arg>consultarAPI</arg>
<arg>${URL}</arg>
<doc>Create Session: create a HTTP session to a server</doc>
<status status="PASS" start="2024-08-09T05:15:57.067877" elapsed="0.000394"/>
</kw>
<status status="PASS" start="2024-08-09T05:15:57.066771" elapsed="0.001868"/>
</kw>
<status status="PASS" start="2024-08-09T05:15:57.066117" elapsed="0.002722"/>
</test>
<test id="s1-s1-t2" name="Validar retorno 200 e JSON Válido" line="16">
<kw name="Teste de Requisicao Basica" owner="random-user-service">
<kw name="GET On Session" owner="RequestsLibrary">
<msg time="2024-08-09T05:15:57.330398" level="INFO">GET Request : url=https://randomuser.me/api 
 path_url=/api 
 headers={'User-Agent': 'python-requests/2.32.3', 'Accept-Encoding': 'gzip, deflate', 'Accept': '*/*', 'Connection': 'keep-alive'} 
 body=None 
 </msg>
<msg time="2024-08-09T05:15:57.330557" level="INFO">GET Response : url=https://randomuser.me/api 
 status=200, reason=OK 
 headers={'Date': 'Fri, 09 Aug 2024 05:15:57 GMT', 'Content-Type': 'application/json; charset=utf-8', 'Transfer-Encoding': 'chunked', 'Connection': 'keep-alive', 'X-Powered-By': 'Express', 'Access-Control-Allow-Origin': '*', 'Cache-Control': 'no-cache', 'ETag': 'W/"46b-+i+wvYV750UGj5Nvsyfn5W7iHeU"', 'Vary': 'Accept-Encoding', 'Content-Encoding': 'gzip', 'CF-Cache-Status': 'DYNAMIC', 'Report-To': '{"endpoints":[{"url":"https:\\/\\/a.nel.cloudflare.com\\/report\\/v4?s=7aDstBtOmO63M6qb4cBXz3YbLG%2Bb7vVT6%2FJfn3k4wifALAU5MK1cjOHD9AT%2BdMVmYU45PNHghAtvZMRch3v4sOui5Khy7NPK6Q4kErtLUcVRKtoGRM7e1Q%2FFAjc%2BJ9nU"}],"group":"cf-nel","max_age":604800}', 'NEL': '{"success_fraction":0,"report_to":"cf-nel","max_age":604800}', 'Server': 'cloudflare', 'CF-RAY': '8b054572be0f092d-LAX', 'alt-svc': 'h3=":443"; ma=86400'} 
 body={"results":[{"gender":"male","name":{"title":"Mr","first":"Hector","last":"Price"},"location":{"street":{"number":5081,"name":"Main Street"},"city":"Shannon","state":"Leitrim","country":"Ireland","postcode":67636,"coordinates":{"latitude":"-0.4681","longitude":"-102.0765"},"timezone":{"offset":"-3:30","description":"Newfoundland"}},"email":"hector.price@example.com","login":{"uuid":"6b486d7a-60a1-4f20-b53d-ecf5328d8c9c","username":"brownswan894","password":"escape","salt":"zbNf9iaB","md5":"298f14475f1914bf82ef5f65e3c7862e","sha1":"01401b195303fe5cb0ed619e9e91e2cbb7745f0f","sha256":"f414ddf4b3a4ac89f5e448e7458303f9c361fcaabbe1e42ab345b153d0f9fd86"},"dob":{"date":"1987-07-10T04:46:37.882Z","age":37},"registered":{"date":"2021-03-06T11:18:04.908Z","age":3},"phone":"021-158-5767","cell":"081-461-5094","id":{"name":"PPS","value":"6219574T"},"picture":{"large":"https://randomuser.me/api/portraits/men/35.jpg","medium":"https://randomuser.me/api/portraits/med/men/35.jpg","thumbnail":"https://randomuser.me/api/portraits/thumb/men/35.jpg"},"nat":"IE"}],"info":{"seed":"4ca5270652eb9a1d","results":1,"page":1,"version":"1.4"}} 
 </msg>
<msg time="2024-08-09T05:15:57.330636" level="INFO">/opt/hostedtoolcache/Python/3.12.4/x64/lib/python3.12/site-packages/urllib3/connectionpool.py:1099: InsecureRequestWarning: Unverified HTTPS request is being made to host 'randomuser.me'. Adding certificate verification is strongly advised. See: https://urllib3.readthedocs.io/en/latest/advanced-usage.html#tls-warnings
  warnings.warn(</msg>
<msg time="2024-08-09T05:15:57.330781" level="INFO">${response} = &lt;Response [200]&gt;</msg>
<var>${response}</var>
<arg>consultarAPI</arg>
<arg>/api</arg>
<doc>Sends a GET request on a previously created HTTP Session.</doc>
<status status="PASS" start="2024-08-09T05:15:57.071553" elapsed="0.259271"/>
</kw>
<kw name="Should Be Equal As Numbers" owner="BuiltIn">
<msg time="2024-08-09T05:15:57.331846" level="INFO">Argument types are:
&lt;class 'int'&gt;
&lt;class 'str'&gt;</msg>
<arg>${response.status_code}</arg>
<arg>200</arg>
<doc>Fails if objects are unequal after converting them to real numbers.</doc>
<status status="PASS" start="2024-08-09T05:15:57.331388" elapsed="0.000531"/>
</kw>
<kw name="Log" owner="BuiltIn">
<msg time="2024-08-09T05:15:57.332578" level="INFO">200</msg>
<arg>${response.status_code}</arg>
<doc>Logs the given message with the given level.</doc>
<status status="PASS" start="2024-08-09T05:15:57.332229" elapsed="0.000390"/>
</kw>
<kw name="Set Variable" owner="BuiltIn">
<msg time="2024-08-09T05:15:57.333345" level="INFO">${json_data} = {'results': [{'gender': 'male', 'name': {'title': 'Mr', 'first': 'Hector', 'last': 'Price'}, 'location': {'street': {'number': 5081, 'name': 'Main Street'}, 'city': 'Shannon', 'state': 'Leitrim', 'cou...</msg>
<var>${json_data}</var>
<arg>${response.json()}</arg>
<doc>Returns the given values which can then be assigned to a variables.</doc>
<status status="PASS" start="2024-08-09T05:15:57.332920" elapsed="0.000455"/>
</kw>
<kw name="Dictionary Should Contain Key" owner="Collections">
<arg>${json_data}</arg>
<arg>results</arg>
<doc>Fails if ``key`` is not found from ``dictionary``.</doc>
<status status="PASS" start="2024-08-09T05:15:57.333674" elapsed="0.000325"/>
</kw>
<status status="PASS" start="2024-08-09T05:15:57.071305" elapsed="0.262846"/>
</kw>
<doc>Testa se a API responde corretamente e retorna um objeto JSON válido.</doc>
<tag>testeRequisicaoBasica</tag>
<status status="PASS" start="2024-08-09T05:15:57.070739" elapsed="0.263584"/>
</test>
<test id="s1-s1-t3" name="Validar estrutura de resposta" line="22">
<kw name="Teste de Estrutura de Resposta" owner="random-user-service">
<kw name="GET On Session" owner="RequestsLibrary">
<msg time="2024-08-09T05:20:41.428602" level="WARN">Retrying (RetryAdapter(total=2, connect=None, read=None, redirect=None, status=None)) after connection broken by 'RemoteDisconnected('Remote end closed connection without response')': /api</msg>
<msg time="2024-08-09T05:20:41.550570" level="INFO">GET Request : url=https://randomuser.me/api 
 path_url=/api 
 headers={'User-Agent': 'python-requests/2.32.3', 'Accept-Encoding': 'gzip, deflate', 'Accept': '*/*', 'Connection': 'keep-alive'} 
 body=None 
 </msg>
<msg time="2024-08-09T05:20:41.550691" level="INFO">GET Response : url=https://randomuser.me/api 
 status=200, reason=OK 
 headers={'Date': 'Fri, 09 Aug 2024 05:20:41 GMT', 'Content-Type': 'application/json; charset=utf-8', 'Transfer-Encoding': 'chunked', 'Connection': 'keep-alive', 'X-Powered-By': 'Express', 'Access-Control-Allow-Origin': '*', 'Cache-Control': 'no-cache', 'ETag': 'W/"492-4i1oyGBZsktJixTAHLbCtwsRFg4"', 'Vary': 'Accept-Encoding', 'Content-Encoding': 'gzip', 'CF-Cache-Status': 'DYNAMIC', 'Report-To': '{"endpoints":[{"url":"https:\\/\\/a.nel.cloudflare.com\\/report\\/v4?s=PRQEJ4Vch0Cvi9DJmWiCYGIu8XZfy0gJZy9UtwDoxtkQzsGj6I%2F5MiLUIN%2BwXCF4iKfXqMQTng2fEuvGNK9UQNe%2BzUWP%2BhWTC0YqcgvEq8iR%2BJBSmYLLBsZ10sJfsHSg"}],"group":"cf-nel","max_age":604800}', 'NEL': '{"success_fraction":0,"report_to":"cf-nel","max_age":604800}', 'Server': 'cloudflare', 'CF-RAY': '8b054c631e322f46-LAX', 'alt-svc': 'h3=":443"; ma=86400'} 
 body={"results":[{"gender":"male","name":{"title":"Mr","first":"Leo","last":"Elo"},"location":{"street":{"number":2502,"name":"Itsenäisyydenkatu"},"city":"Ylitornio","state":"Ostrobothnia","country":"Finland","postcode":25768,"coordinates":{"latitude":"-23.1519","longitude":"-117.0227"},"timezone":{"offset":"+1:00","description":"Brussels, Copenhagen, Madrid, Paris"}},"email":"leo.elo@example.com","login":{"uuid":"80745f72-3b68-4d36-bb38-9921a9f06501","username":"brownleopard635","password":"redfish","salt":"nRyG2mAn","md5":"1bab78aa4cb022dcf923c1202041ff03","sha1":"f09ecf2c3d231fd844b675417bdb76586a283c45","sha256":"da0236fd34d8c69b968f665c623bf21e11047b013c0926e7e4363a62f2bf771f"},"dob":{"date":"1978-07-25T13:56:10.784Z","age":46},"registered":{"date":"2004-10-21T19:40:01.647Z","age":19},"phone":"07-590-430","cell":"041-511-33-34","id":{"name":"HETU","value":"NaNNA073undefined"},"picture":{"large":"https://randomuser.me/api/portraits/men/6.jpg","medium":"https://randomuser.me/api/portraits/med/men/6.jpg","thumbnail":"https://randomuser.me/api/portraits/thumb/men/6.jpg"},"nat":"FI"}],"info":{"seed":"00c28da80bc4b7ac","results":1,"page":1,"version":"1.4"}} 
 </msg>
<msg time="2024-08-09T05:20:41.550842" level="INFO">/opt/hostedtoolcache/Python/3.12.4/x64/lib/python3.12/site-packages/urllib3/connectionpool.py:1099: InsecureRequestWarning: Unverified HTTPS request is being made to host 'randomuser.me'. Adding certificate verification is strongly advised. See: https://urllib3.readthedocs.io/en/latest/advanced-usage.html#tls-warnings
  warnings.warn(
/opt/hostedtoolcache/Python/3.12.4/x64/lib/python3.12/site-packages/urllib3/connectionpool.py:1099: InsecureRequestWarning: Unverified HTTPS request is being made to host 'randomuser.me'. Adding certificate verification is strongly advised. See: https://urllib3.readthedocs.io/en/latest/advanced-usage.html#tls-warnings
  warnings.warn(</msg>
<msg time="2024-08-09T05:20:41.551037" level="INFO">${response} = &lt;Response [200]&gt;</msg>
<var>${response}</var>
<arg>consultarAPI</arg>
<arg>/api</arg>
<doc>Sends a GET request on a previously created HTTP Session.</doc>
<status status="PASS" start="2024-08-09T05:15:57.336928" elapsed="284.214149"/>
</kw>
<kw name="Set Variable" owner="BuiltIn">
<msg time="2024-08-09T05:20:41.552419" level="INFO">${json_data} = {'results': [{'gender': 'male', 'name': {'title': 'Mr', 'first': 'Leo', 'last': 'Elo'}, 'location': {'street': {'number': 2502, 'name': 'Itsenäisyydenkatu'}, 'city': 'Ylitornio', 'state': 'Ostrobothni...</msg>
<var>${json_data}</var>
<arg>${response.json()}</arg>
<doc>Returns the given values which can then be assigned to a variables.</doc>
<status status="PASS" start="2024-08-09T05:20:41.551692" elapsed="0.000774"/>
</kw>
<kw name="Log" owner="BuiltIn">
<msg time="2024-08-09T05:20:41.553009" level="INFO">{'results': [{'gender': 'male', 'name': {'title': 'Mr', 'first': 'Leo', 'last': 'Elo'}, 'location': {'street': {'number': 2502, 'name': 'Itsenäisyydenkatu'}, 'city': 'Ylitornio', 'state': 'Ostrobothnia', 'country': 'Finland', 'postcode': 25768, 'coordinates': {'latitude': '-23.1519', 'longitude': '-117.0227'}, 'timezone': {'offset': '+1:00', 'description': 'Brussels, Copenhagen, Madrid, Paris'}}, 'email': 'leo.elo@example.com', 'login': {'uuid': '80745f72-3b68-4d36-bb38-9921a9f06501', 'username': 'brownleopard635', 'password': 'redfish', 'salt': 'nRyG2mAn', 'md5': '1bab78aa4cb022dcf923c1202041ff03', 'sha1': 'f09ecf2c3d231fd844b675417bdb76586a283c45', 'sha256': 'da0236fd34d8c69b968f665c623bf21e11047b013c0926e7e4363a62f2bf771f'}, 'dob': {'date': '1978-07-25T13:56:10.784Z', 'age': 46}, 'registered': {'date': '2004-10-21T19:40:01.647Z', 'age': 19}, 'phone': '07-590-430', 'cell': '041-511-33-34', 'id': {'name': 'HETU', 'value': 'NaNNA073undefined'}, 'picture': {'large': 'https://randomuser.me/api/portraits/men/6.jpg', 'medium': 'https://randomuser.me/api/portraits/med/men/6.jpg', 'thumbnail': 'https://randomuser.me/api/portraits/thumb/men/6.jpg'}, 'nat': 'FI'}], 'info': {'seed': '00c28da80bc4b7ac', 'results': 1, 'page': 1, 'version': '1.4'}}</msg>
<arg>${json_data}</arg>
<doc>Logs the given message with the given level.</doc>
<status status="PASS" start="2024-08-09T05:20:41.552842" elapsed="0.000216"/>
</kw>
<kw name="Dictionary Should Contain Key" owner="Collections">
<arg>${json_data}</arg>
<arg>results</arg>
<doc>Fails if ``key`` is not found from ``dictionary``.</doc>
<status status="PASS" start="2024-08-09T05:20:41.553359" elapsed="0.000169"/>
</kw>
<kw name="Should Not Be Empty" owner="BuiltIn">
<msg time="2024-08-09T05:20:41.553838" level="INFO">Length is 2.</msg>
<arg>${json_data}</arg>
<doc>Verifies that the given item is not empty.</doc>
<status status="PASS" start="2024-08-09T05:20:41.553713" elapsed="0.000162"/>
</kw>
<kw name="Create List" owner="BuiltIn">
<msg time="2024-08-09T05:20:41.554303" level="INFO">${expected_keys} = ['gender', 'name', 'location', 'email', 'login']</msg>
<var>${expected_keys}</var>
<arg>gender</arg>
<arg>name</arg>
<arg>location</arg>
<arg>email</arg>
<arg>login</arg>
<doc>Returns a list containing given items.</doc>
<status status="PASS" start="2024-08-09T05:20:41.554157" elapsed="0.000170"/>
</kw>
<for flavor="IN">
<iter>
<kw name="Dictionary Should Contain Key" owner="Collections">
<arg>${json_data['results'][0]}</arg>
<arg>${key}</arg>
<doc>Fails if ``key`` is not found from ``dictionary``.</doc>
<status status="PASS" start="2024-08-09T05:20:41.554944" elapsed="0.000422"/>
</kw>
<kw name="Log" owner="BuiltIn">
<msg time="2024-08-09T05:20:41.555919" level="INFO">{'gender': 'male', 'name': {'title': 'Mr', 'first': 'Leo', 'last': 'Elo'}, 'location': {'street': {'number': 2502, 'name': 'Itsenäisyydenkatu'}, 'city': 'Ylitornio', 'state': 'Ostrobothnia', 'country': 'Finland', 'postcode': 25768, 'coordinates': {'latitude': '-23.1519', 'longitude': '-117.0227'}, 'timezone': {'offset': '+1:00', 'description': 'Brussels, Copenhagen, Madrid, Paris'}}, 'email': 'leo.elo@example.com', 'login': {'uuid': '80745f72-3b68-4d36-bb38-9921a9f06501', 'username': 'brownleopard635', 'password': 'redfish', 'salt': 'nRyG2mAn', 'md5': '1bab78aa4cb022dcf923c1202041ff03', 'sha1': 'f09ecf2c3d231fd844b675417bdb76586a283c45', 'sha256': 'da0236fd34d8c69b968f665c623bf21e11047b013c0926e7e4363a62f2bf771f'}, 'dob': {'date': '1978-07-25T13:56:10.784Z', 'age': 46}, 'registered': {'date': '2004-10-21T19:40:01.647Z', 'age': 19}, 'phone': '07-590-430', 'cell': '041-511-33-34', 'id': {'name': 'HETU', 'value': 'NaNNA073undefined'}, 'picture': {'large': 'https://randomuser.me/api/portraits/men/6.jpg', 'medium': 'https://randomuser.me/api/portraits/med/men/6.jpg', 'thumbnail': 'https://randomuser.me/api/portraits/thumb/men/6.jpg'}, 'nat': 'FI'}</msg>
<arg>${json_data['results'][0]}</arg>
<doc>Logs the given message with the given level.</doc>
<status status="PASS" start="2024-08-09T05:20:41.555561" elapsed="0.000409"/>
</kw>
<kw name="Log" owner="BuiltIn">
<msg time="2024-08-09T05:20:41.556412" level="INFO">gender</msg>
<arg>${key}</arg>
<doc>Logs the given message with the given level.</doc>
<status status="PASS" start="2024-08-09T05:20:41.556284" elapsed="0.000166"/>
</kw>
<var name="${key}">gender</var>
<status status="PASS" start="2024-08-09T05:20:41.554782" elapsed="0.001883"/>
</iter>
<iter>
<kw name="Dictionary Should Contain Key" owner="Collections">
<arg>${json_data['results'][0]}</arg>
<arg>${key}</arg>
<doc>Fails if ``key`` is not found from ``dictionary``.</doc>
<status status="PASS" start="2024-08-09T05:20:41.556993" elapsed="0.000392"/>
</kw>
<kw name="Log" owner="BuiltIn">
<msg time="2024-08-09T05:20:41.557922" level="INFO">{'gender': 'male', 'name': {'title': 'Mr', 'first': 'Leo', 'last': 'Elo'}, 'location': {'street': {'number': 2502, 'name': 'Itsenäisyydenkatu'}, 'city': 'Ylitornio', 'state': 'Ostrobothnia', 'country': 'Finland', 'postcode': 25768, 'coordinates': {'latitude': '-23.1519', 'longitude': '-117.0227'}, 'timezone': {'offset': '+1:00', 'description': 'Brussels, Copenhagen, Madrid, Paris'}}, 'email': 'leo.elo@example.com', 'login': {'uuid': '80745f72-3b68-4d36-bb38-9921a9f06501', 'username': 'brownleopard635', 'password': 'redfish', 'salt': 'nRyG2mAn', 'md5': '1bab78aa4cb022dcf923c1202041ff03', 'sha1': 'f09ecf2c3d231fd844b675417bdb76586a283c45', 'sha256': 'da0236fd34d8c69b968f665c623bf21e11047b013c0926e7e4363a62f2bf771f'}, 'dob': {'date': '1978-07-25T13:56:10.784Z', 'age': 46}, 'registered': {'date': '2004-10-21T19:40:01.647Z', 'age': 19}, 'phone': '07-590-430', 'cell': '041-511-33-34', 'id': {'name': 'HETU', 'value': 'NaNNA073undefined'}, 'picture': {'large': 'https://randomuser.me/api/portraits/men/6.jpg', 'medium': 'https://randomuser.me/api/portraits/med/men/6.jpg', 'thumbnail': 'https://randomuser.me/api/portraits/thumb/men/6.jpg'}, 'nat': 'FI'}</msg>
<arg>${json_data['results'][0]}</arg>
<doc>Logs the given message with the given level.</doc>
<status status="PASS" start="2024-08-09T05:20:41.557572" elapsed="0.000399"/>
</kw>
<kw name="Log" owner="BuiltIn">
<msg time="2024-08-09T05:20:41.558398" level="INFO">name</msg>
<arg>${key}</arg>
<doc>Logs the given message with the given level.</doc>
<status status="PASS" start="2024-08-09T05:20:41.558269" elapsed="0.000167"/>
</kw>
<var name="${key}">name</var>
<status status="PASS" start="2024-08-09T05:20:41.556880" elapsed="0.001777"/>
</iter>
<iter>
<kw name="Dictionary Should Contain Key" owner="Collections">
<arg>${json_data['results'][0]}</arg>
<arg>${key}</arg>
<doc>Fails if ``key`` is not found from ``dictionary``.</doc>
<status status="PASS" start="2024-08-09T05:20:41.558968" elapsed="0.000392"/>
</kw>
<kw name="Log" owner="BuiltIn">
<msg time="2024-08-09T05:20:41.560076" level="INFO">{'gender': 'male', 'name': {'title': 'Mr', 'first': 'Leo', 'last': 'Elo'}, 'location': {'street': {'number': 2502, 'name': 'Itsenäisyydenkatu'}, 'city': 'Ylitornio', 'state': 'Ostrobothnia', 'country': 'Finland', 'postcode': 25768, 'coordinates': {'latitude': '-23.1519', 'longitude': '-117.0227'}, 'timezone': {'offset': '+1:00', 'description': 'Brussels, Copenhagen, Madrid, Paris'}}, 'email': 'leo.elo@example.com', 'login': {'uuid': '80745f72-3b68-4d36-bb38-9921a9f06501', 'username': 'brownleopard635', 'password': 'redfish', 'salt': 'nRyG2mAn', 'md5': '1bab78aa4cb022dcf923c1202041ff03', 'sha1': 'f09ecf2c3d231fd844b675417bdb76586a283c45', 'sha256': 'da0236fd34d8c69b968f665c623bf21e11047b013c0926e7e4363a62f2bf771f'}, 'dob': {'date': '1978-07-25T13:56:10.784Z', 'age': 46}, 'registered': {'date': '2004-10-21T19:40:01.647Z', 'age': 19}, 'phone': '07-590-430', 'cell': '041-511-33-34', 'id': {'name': 'HETU', 'value': 'NaNNA073undefined'}, 'picture': {'large': 'https://randomuser.me/api/portraits/men/6.jpg', 'medium': 'https://randomuser.me/api/portraits/med/men/6.jpg', 'thumbnail': 'https://randomuser.me/api/portraits/thumb/men/6.jpg'}, 'nat': 'FI'}</msg>
<arg>${json_data['results'][0]}</arg>
<doc>Logs the given message with the given level.</doc>
<status status="PASS" start="2024-08-09T05:20:41.559696" elapsed="0.000430"/>
</kw>
<kw name="Log" owner="BuiltIn">
<msg time="2024-08-09T05:20:41.560554" level="INFO">location</msg>
<arg>${key}</arg>
<doc>Logs the given message with the given level.</doc>
<status status="PASS" start="2024-08-09T05:20:41.560424" elapsed="0.000167"/>
</kw>
<var name="${key}">location</var>
<status status="PASS" start="2024-08-09T05:20:41.558832" elapsed="0.002003"/>
</iter>
<iter>
<kw name="Dictionary Should Contain Key" owner="Collections">
<arg>${json_data['results'][0]}</arg>
<arg>${key}</arg>
<doc>Fails if ``key`` is not found from ``dictionary``.</doc>
<status status="PASS" start="2024-08-09T05:20:41.561122" elapsed="0.000386"/>
</kw>
<kw name="Log" owner="BuiltIn">
<msg time="2024-08-09T05:20:41.562046" level="INFO">{'gender': 'male', 'name': {'title': 'Mr', 'first': 'Leo', 'last': 'Elo'}, 'location': {'street': {'number': 2502, 'name': 'Itsenäisyydenkatu'}, 'city': 'Ylitornio', 'state': 'Ostrobothnia', 'country': 'Finland', 'postcode': 25768, 'coordinates': {'latitude': '-23.1519', 'longitude': '-117.0227'}, 'timezone': {'offset': '+1:00', 'description': 'Brussels, Copenhagen, Madrid, Paris'}}, 'email': 'leo.elo@example.com', 'login': {'uuid': '80745f72-3b68-4d36-bb38-9921a9f06501', 'username': 'brownleopard635', 'password': 'redfish', 'salt': 'nRyG2mAn', 'md5': '1bab78aa4cb022dcf923c1202041ff03', 'sha1': 'f09ecf2c3d231fd844b675417bdb76586a283c45', 'sha256': 'da0236fd34d8c69b968f665c623bf21e11047b013c0926e7e4363a62f2bf771f'}, 'dob': {'date': '1978-07-25T13:56:10.784Z', 'age': 46}, 'registered': {'date': '2004-10-21T19:40:01.647Z', 'age': 19}, 'phone': '07-590-430', 'cell': '041-511-33-34', 'id': {'name': 'HETU', 'value': 'NaNNA073undefined'}, 'picture': {'large': 'https://randomuser.me/api/portraits/men/6.jpg', 'medium': 'https://randomuser.me/api/portraits/med/men/6.jpg', 'thumbnail': 'https://randomuser.me/api/portraits/thumb/men/6.jpg'}, 'nat': 'FI'}</msg>
<arg>${json_data['results'][0]}</arg>
<doc>Logs the given message with the given level.</doc>
<status status="PASS" start="2024-08-09T05:20:41.561696" elapsed="0.000407"/>
</kw>
<kw name="Log" owner="BuiltIn">
<msg time="2024-08-09T05:20:41.562522" level="INFO">email</msg>
<arg>${key}</arg>
<doc>Logs the given message with the given level.</doc>
<status status="PASS" start="2024-08-09T05:20:41.562394" elapsed="0.000166"/>
</kw>
<var name="${key}">email</var>
<status status="PASS" start="2024-08-09T05:20:41.561013" elapsed="0.001763"/>
</iter>
<iter>
<kw name="Dictionary Should Contain Key" owner="Collections">
<arg>${json_data['results'][0]}</arg>
<arg>${key}</arg>
<doc>Fails if ``key`` is not found from ``dictionary``.</doc>
<status status="PASS" start="2024-08-09T05:20:41.563093" elapsed="0.000380"/>
</kw>
<kw name="Log" owner="BuiltIn">
<msg time="2024-08-09T05:20:41.564001" level="INFO">{'gender': 'male', 'name': {'title': 'Mr', 'first': 'Leo', 'last': 'Elo'}, 'location': {'street': {'number': 2502, 'name': 'Itsenäisyydenkatu'}, 'city': 'Ylitornio', 'state': 'Ostrobothnia', 'country': 'Finland', 'postcode': 25768, 'coordinates': {'latitude': '-23.1519', 'longitude': '-117.0227'}, 'timezone': {'offset': '+1:00', 'description': 'Brussels, Copenhagen, Madrid, Paris'}}, 'email': 'leo.elo@example.com', 'login': {'uuid': '80745f72-3b68-4d36-bb38-9921a9f06501', 'username': 'brownleopard635', 'password': 'redfish', 'salt': 'nRyG2mAn', 'md5': '1bab78aa4cb022dcf923c1202041ff03', 'sha1': 'f09ecf2c3d231fd844b675417bdb76586a283c45', 'sha256': 'da0236fd34d8c69b968f665c623bf21e11047b013c0926e7e4363a62f2bf771f'}, 'dob': {'date': '1978-07-25T13:56:10.784Z', 'age': 46}, 'registered': {'date': '2004-10-21T19:40:01.647Z', 'age': 19}, 'phone': '07-590-430', 'cell': '041-511-33-34', 'id': {'name': 'HETU', 'value': 'NaNNA073undefined'}, 'picture': {'large': 'https://randomuser.me/api/portraits/men/6.jpg', 'medium': 'https://randomuser.me/api/portraits/med/men/6.jpg', 'thumbnail': 'https://randomuser.me/api/portraits/thumb/men/6.jpg'}, 'nat': 'FI'}</msg>
<arg>${json_data['results'][0]}</arg>
<doc>Logs the given message with the given level.</doc>
<status status="PASS" start="2024-08-09T05:20:41.563654" elapsed="0.000405"/>
</kw>
<kw name="Log" owner="BuiltIn">
<msg time="2024-08-09T05:20:41.564474" level="INFO">login</msg>
<arg>${key}</arg>
<doc>Logs the given message with the given level.</doc>
<status status="PASS" start="2024-08-09T05:20:41.564347" elapsed="0.000164"/>
</kw>
<var name="${key}">login</var>
<status status="PASS" start="2024-08-09T05:20:41.562984" elapsed="0.001765"/>
</iter>
<var>${key}</var>
<value>@{expected_keys}</value>
<status status="PASS" start="2024-08-09T05:20:41.554585" elapsed="0.010289"/>
</for>
<kw name="Create List" owner="BuiltIn">
<msg time="2024-08-09T05:20:41.565200" level="INFO">${expected_keysTwo} = ['username', 'password']</msg>
<var>${expected_keysTwo}</var>
<arg>username</arg>
<arg>password</arg>
<doc>Returns a list containing given items.</doc>
<status status="PASS" start="2024-08-09T05:20:41.565064" elapsed="0.000160"/>
</kw>
<for flavor="IN">
<iter>
<kw name="Dictionary Should Contain Key" owner="Collections">
<arg>${json_data['results'][0]['login']}</arg>
<arg>${keyTwo}</arg>
<doc>Fails if ``key`` is not found from ``dictionary``.</doc>
<status status="PASS" start="2024-08-09T05:20:41.565734" elapsed="0.000388"/>
</kw>
<kw name="Dictionary Should Contain Key" owner="Collections">
<arg>${json_data['results'][0]['login']}</arg>
<arg>${keyTwo}</arg>
<doc>Fails if ``key`` is not found from ``dictionary``.</doc>
<status status="PASS" start="2024-08-09T05:20:41.566303" elapsed="0.000373"/>
</kw>
<kw name="Log" owner="BuiltIn">
<msg time="2024-08-09T05:20:41.567012" level="INFO">username</msg>
<arg>${keyTwo}</arg>
<doc>Logs the given message with the given level.</doc>
<status status="PASS" start="2024-08-09T05:20:41.566882" elapsed="0.000168"/>
</kw>
<var name="${keyTwo}">username</var>
<status status="PASS" start="2024-08-09T05:20:41.565622" elapsed="0.001647"/>
</iter>
<iter>
<kw name="Dictionary Should Contain Key" owner="Collections">
<arg>${json_data['results'][0]['login']}</arg>
<arg>${keyTwo}</arg>
<doc>Fails if ``key`` is not found from ``dictionary``.</doc>
<status status="PASS" start="2024-08-09T05:20:41.567548" elapsed="0.000394"/>
</kw>
<kw name="Dictionary Should Contain Key" owner="Collections">
<arg>${json_data['results'][0]['login']}</arg>
<arg>${keyTwo}</arg>
<doc>Fails if ``key`` is not found from ``dictionary``.</doc>
<status status="PASS" start="2024-08-09T05:20:41.568120" elapsed="0.000367"/>
</kw>
<kw name="Log" owner="BuiltIn">
<msg time="2024-08-09T05:20:41.568790" level="INFO">password</msg>
<arg>${keyTwo}</arg>
<doc>Logs the given message with the given level.</doc>
<status status="PASS" start="2024-08-09T05:20:41.568669" elapsed="0.000158"/>
</kw>
<var name="${keyTwo}">password</var>
<status status="PASS" start="2024-08-09T05:20:41.567440" elapsed="0.001605"/>
</iter>
<var>${keyTwo}</var>
<value>@{expected_keysTwo}</value>
<status status="PASS" start="2024-08-09T05:20:41.565470" elapsed="0.003695"/>
</for>
<status status="PASS" start="2024-08-09T05:15:57.336698" elapsed="284.232610"/>
</kw>
<doc>Testa a estrutura da resposta da API.</doc>
<tag>testeEstruturaResposta</tag>
<status status="PASS" start="2024-08-09T05:15:57.336192" elapsed="284.233274"/>
</test>
<test id="s1-s1-t4" name="Validar tipos de dados" line="28">
<kw name="Teste de Tipos de Dados" owner="random-user-service">
<kw name="GET On Session" owner="RequestsLibrary">
<msg time="2024-08-09T05:20:41.691789" level="INFO">GET Request : url=https://randomuser.me/api 
 path_url=/api 
 headers={'User-Agent': 'python-requests/2.32.3', 'Accept-Encoding': 'gzip, deflate', 'Accept': '*/*', 'Connection': 'keep-alive'} 
 body=None 
 </msg>
<msg time="2024-08-09T05:20:41.691905" level="INFO">GET Response : url=https://randomuser.me/api 
 status=200, reason=OK 
 headers={'Date': 'Fri, 09 Aug 2024 05:20:41 GMT', 'Content-Type': 'application/json; charset=utf-8', 'Transfer-Encoding': 'chunked', 'Connection': 'keep-alive', 'X-Powered-By': 'Express', 'Access-Control-Allow-Origin': '*', 'Cache-Control': 'no-cache', 'ETag': 'W/"4a5-PyXDkD+lY50GRbrjUiQmH9RBOQo"', 'Vary': 'Accept-Encoding', 'Content-Encoding': 'gzip', 'CF-Cache-Status': 'DYNAMIC', 'Report-To': '{"endpoints":[{"url":"https:\\/\\/a.nel.cloudflare.com\\/report\\/v4?s=dW0XkFIhnBpCRQzKtVibd7WmTLH0V2KU49Vi1%2BROu5aP5GNSLfO6MyKQ0rwtmnqLbU5cMohbBwD52i3bAAjdIlyQjAzAGjsTK1fxjyCd5EhkyOqu84y0uQQXE1CVH88a"}],"group":"cf-nel","max_age":604800}', 'NEL': '{"success_fraction":0,"report_to":"cf-nel","max_age":604800}', 'Server': 'cloudflare', 'CF-RAY': '8b054c63deda2f46-LAX', 'alt-svc': 'h3=":443"; ma=86400'} 
 body={"results":[{"gender":"female","name":{"title":"Mrs","first":"Nora","last":"Caron"},"location":{"street":{"number":5288,"name":"Rue des Jardins"},"city":"Fort-de-France","state":"Bas-Rhin","country":"France","postcode":10539,"coordinates":{"latitude":"-21.1815","longitude":"143.1682"},"timezone":{"offset":"+8:00","description":"Beijing, Perth, Singapore, Hong Kong"}},"email":"nora.caron@example.com","login":{"uuid":"d26d8b51-0492-4dc1-96b8-6949bc7884af","username":"orangegoose628","password":"prince1","salt":"rJj3WgvA","md5":"c0d20188ce1ef0783131e9c90e6150e5","sha1":"01378a5e8bfa05d7d1c40ee55859a22c27869667","sha256":"59fc7ebed87624bbebc3ab417231c5bfd5c95b3e9b48597bc01ee8e3c2299661"},"dob":{"date":"1959-08-03T23:56:41.048Z","age":65},"registered":{"date":"2013-11-03T00:50:03.423Z","age":10},"phone":"04-45-52-69-32","cell":"06-34-14-11-62","id":{"name":"INSEE","value":"2590728926634 58"},"picture":{"large":"https://randomuser.me/api/portraits/women/70.jpg","medium":"https://randomuser.me/api/portraits/med/women/70.jpg","thumbnail":"https://randomuser.me/api/portraits/thumb/women/70.jpg"},"nat":"FR"}],"info":{"seed":"d415d07a507c1be1","results":1,"page":1,"version":"1.4"}} 
 </msg>
<msg time="2024-08-09T05:20:41.691988" level="INFO">/opt/hostedtoolcache/Python/3.12.4/x64/lib/python3.12/site-packages/urllib3/connectionpool.py:1099: InsecureRequestWarning: Unverified HTTPS request is being made to host 'randomuser.me'. Adding certificate verification is strongly advised. See: https://urllib3.readthedocs.io/en/latest/advanced-usage.html#tls-warnings
  warnings.warn(</msg>
<msg time="2024-08-09T05:20:41.692126" level="INFO">${response} = &lt;Response [200]&gt;</msg>
<var>${response}</var>
<arg>consultarAPI</arg>
<arg>/api</arg>
<doc>Sends a GET request on a previously created HTTP Session.</doc>
<status status="PASS" start="2024-08-09T05:20:41.571955" elapsed="0.120202"/>
</kw>
<kw name="Set Variable" owner="BuiltIn">
<msg time="2024-08-09T05:20:41.693324" level="INFO">${json_data} = {'results': [{'gender': 'female', 'name': {'title': 'Mrs', 'first': 'Nora', 'last': 'Caron'}, 'location': {'street': {'number': 5288, 'name': 'Rue des Jardins'}, 'city': 'Fort-de-France', 'state': 'Ba...</msg>
<var>${json_data}</var>
<arg>${response.json()}</arg>
<doc>Returns the given values which can then be assigned to a variables.</doc>
<status status="PASS" start="2024-08-09T05:20:41.692807" elapsed="0.000551"/>
</kw>
<kw name="Log" owner="BuiltIn">
<msg time="2024-08-09T05:20:41.693828" level="INFO">{'results': [{'gender': 'female', 'name': {'title': 'Mrs', 'first': 'Nora', 'last': 'Caron'}, 'location': {'street': {'number': 5288, 'name': 'Rue des Jardins'}, 'city': 'Fort-de-France', 'state': 'Bas-Rhin', 'country': 'France', 'postcode': 10539, 'coordinates': {'latitude': '-21.1815', 'longitude': '143.1682'}, 'timezone': {'offset': '+8:00', 'description': 'Beijing, Perth, Singapore, Hong Kong'}}, 'email': 'nora.caron@example.com', 'login': {'uuid': 'd26d8b51-0492-4dc1-96b8-6949bc7884af', 'username': 'orangegoose628', 'password': 'prince1', 'salt': 'rJj3WgvA', 'md5': 'c0d20188ce1ef0783131e9c90e6150e5', 'sha1': '01378a5e8bfa05d7d1c40ee55859a22c27869667', 'sha256': '59fc7ebed87624bbebc3ab417231c5bfd5c95b3e9b48597bc01ee8e3c2299661'}, 'dob': {'date': '1959-08-03T23:56:41.048Z', 'age': 65}, 'registered': {'date': '2013-11-03T00:50:03.423Z', 'age': 10}, 'phone': '04-45-52-69-32', 'cell': '06-34-14-11-62', 'id': {'name': 'INSEE', 'value': '2590728926634 58'}, 'picture': {'large': 'https://randomuser.me/api/portraits/women/70.jpg', 'medium': 'https://randomuser.me/api/portraits/med/women/70.jpg', 'thumbnail': 'https://randomuser.me/api/portraits/thumb/women/70.jpg'}, 'nat': 'FR'}], 'info': {'seed': 'd415d07a507c1be1', 'results': 1, 'page': 1, 'version': '1.4'}}</msg>
<arg>${json_data}</arg>
<doc>Logs the given message with the given level.</doc>
<status status="PASS" start="2024-08-09T05:20:41.693666" elapsed="0.000376"/>
</kw>
<kw name="Should Be String" owner="String">
<arg>${json_data['results'][0]['gender']}</arg>
<doc>Fails if the given ``item`` is not a string.</doc>
<status status="PASS" start="2024-08-09T05:20:41.694369" elapsed="0.000359"/>
</kw>
<kw name="Should Match Regexp" owner="BuiltIn">
<arg>${json_data['results'][0]['email']}</arg>
<arg>^[a-zA-Z0-9._%+-]+@[a-zA-Z0-9.-]+\.[a-zA-Z]{2,}$</arg>
<doc>Fails if ``string`` does not match ``pattern`` as a regular expression.</doc>
<status status="PASS" start="2024-08-09T05:20:41.694966" elapsed="0.000522"/>
</kw>
<kw name="Should Match Regexp" owner="BuiltIn">
<arg>${json_data['results'][0]['dob']['date']}</arg>
<arg>\\d{4}-\\d{2}-\\d{2}T\\d{2}:\\d{2}:\\d{2}\\.\\d{3}Z</arg>
<doc>Fails if ``string`` does not match ``pattern`` as a regular expression.</doc>
<status status="PASS" start="2024-08-09T05:20:41.695679" elapsed="0.000482"/>
</kw>
<kw name="Should Match Regexp" owner="BuiltIn">
<arg>${json_data['results'][0]['registered']['date']}</arg>
<arg>\\d{4}-\\d{2}-\\d{2}T\\d{2}:\\d{2}:\\d{2}\\.\\d{3}Z</arg>
<doc>Fails if ``string`` does not match ``pattern`` as a regular expression.</doc>
<status status="PASS" start="2024-08-09T05:20:41.696346" elapsed="0.000362"/>
</kw>
<kw name="Should Match Regexp" owner="BuiltIn">
<arg>${json_data['results'][0]['picture']['large']}</arg>
<arg>^https?://.*\.(?:png|jpe?g|gif|bmp)$</arg>
<doc>Fails if ``string`` does not match ``pattern`` as a regular expression.</doc>
<status status="PASS" start="2024-08-09T05:20:41.696895" elapsed="0.000457"/>
</kw>
<kw name="Should Match Regexp" owner="BuiltIn">
<arg>${json_data['results'][0]['picture']['medium']}</arg>
<arg>^https?://.*\.(?:png|jpe?g|gif|bmp)$</arg>
<doc>Fails if ``string`` does not match ``pattern`` as a regular expression.</doc>
<status status="PASS" start="2024-08-09T05:20:41.697538" elapsed="0.000347"/>
</kw>
<kw name="Should Match Regexp" owner="BuiltIn">
<arg>${json_data['results'][0]['picture']['thumbnail']}</arg>
<arg>^https?://.*\.(?:png|jpe?g|gif|bmp)$</arg>
<doc>Fails if ``string`` does not match ``pattern`` as a regular expression.</doc>
<status status="PASS" start="2024-08-09T05:20:41.698064" elapsed="0.000344"/>
</kw>
<kw name="Log" owner="BuiltIn">
<msg time="2024-08-09T05:20:41.698958" level="INFO">{'large': 'https://randomuser.me/api/portraits/women/70.jpg', 'medium': 'https://randomuser.me/api/portraits/med/women/70.jpg', 'thumbnail': 'https://randomuser.me/api/portraits/thumb/women/70.jpg'}</msg>
<arg>${json_data['results'][0]['picture']}</arg>
<doc>Logs the given message with the given level.</doc>
<status status="PASS" start="2024-08-09T05:20:41.698589" elapsed="0.000416"/>
</kw>
<status status="PASS" start="2024-08-09T05:20:41.571721" elapsed="0.127551"/>
</kw>
<kw name="Teste de Tipos de Dados - Postcode" owner="random-user-service">
<kw name="GET On Session" owner="RequestsLibrary">
<msg time="2024-08-09T05:20:43.005718" level="INFO">GET Request : url=https://randomuser.me/api 
 path_url=/api 
 headers={'User-Agent': 'python-requests/2.32.3', 'Accept-Encoding': 'gzip, deflate', 'Accept': '*/*', 'Connection': 'keep-alive'} 
 body=None 
 </msg>
<msg time="2024-08-09T05:20:43.005817" level="INFO">GET Response : url=https://randomuser.me/api 
 status=200, reason=OK 
 headers={'Date': 'Fri, 09 Aug 2024 05:20:42 GMT', 'Content-Type': 'application/json; charset=utf-8', 'Transfer-Encoding': 'chunked', 'Connection': 'keep-alive', 'X-Powered-By': 'Express', 'Access-Control-Allow-Origin': '*', 'Cache-Control': 'no-cache', 'ETag': 'W/"4a3-JswCEW0Fqa0FRx/3DROWsGzV7Cs"', 'Vary': 'Accept-Encoding', 'Content-Encoding': 'gzip', 'CF-Cache-Status': 'DYNAMIC', 'Report-To': '{"endpoints":[{"url":"https:\\/\\/a.nel.cloudflare.com\\/report\\/v4?s=FiLswtLr1oMJcHTCoxFVqN0d4DO0m6J%2Fudw7RTVizR1pKcoajibT2qxcb5bRVXPsK9%2F7C%2FUwYJXHMUKs2vOB128LUp7blaaCppIDEwZ2YABJHKNGfDG0yS1%2FnIStzjTG"}],"group":"cf-nel","max_age":604800}', 'NEL': '{"success_fraction":0,"report_to":"cf-nel","max_age":604800}', 'Server': 'cloudflare', 'CF-RAY': '8b054c64afc02f46-LAX', 'alt-svc': 'h3=":443"; ma=86400'} 
 body={"results":[{"gender":"female","name":{"title":"Ms","first":"Lumi","last":"Toivonen"},"location":{"street":{"number":9104,"name":"Verkatehtaankatu"},"city":"Suomussalmi","state":"Lapland","country":"Finland","postcode":72049,"coordinates":{"latitude":"-23.1539","longitude":"120.2644"},"timezone":{"offset":"+9:00","description":"Tokyo, Seoul, Osaka, Sapporo, Yakutsk"}},"email":"lumi.toivonen@example.com","login":{"uuid":"8ebdeed4-b0b7-4490-ba66-fb53b6cf5426","username":"greenzebra761","password":"georgia","salt":"bREsKaEP","md5":"ec74eb0fe4d062c136c711ee4fef2bc7","sha1":"a1924ac5e3c4fb1dbcf2961310d18a4f4cff4dec","sha256":"e63bfae43b05483ab08a1a7dcc53a99fd27150ac5152f6b6e86ff6961738afa3"},"dob":{"date":"1963-02-16T13:15:02.916Z","age":61},"registered":{"date":"2006-01-15T20:38:17.659Z","age":18},"phone":"05-793-314","cell":"041-508-98-16","id":{"name":"HETU","value":"NaNNA938undefined"},"picture":{"large":"https://randomuser.me/api/portraits/women/67.jpg","medium":"https://randomuser.me/api/portraits/med/women/67.jpg","thumbnail":"https://randomuser.me/api/portraits/thumb/women/67.jpg"},"nat":"FI"}],"info":{"seed":"2c59f4d7772cfb20","results":1,"page":1,"version":"1.4"}} 
 </msg>
<msg time="2024-08-09T05:20:43.005888" level="INFO">/opt/hostedtoolcache/Python/3.12.4/x64/lib/python3.12/site-packages/urllib3/connectionpool.py:1099: InsecureRequestWarning: Unverified HTTPS request is being made to host 'randomuser.me'. Adding certificate verification is strongly advised. See: https://urllib3.readthedocs.io/en/latest/advanced-usage.html#tls-warnings
  warnings.warn(</msg>
<msg time="2024-08-09T05:20:43.006009" level="INFO">${response} = &lt;Response [200]&gt;</msg>
<var>${response}</var>
<arg>consultarAPI</arg>
<arg>/api</arg>
<doc>Sends a GET request on a previously created HTTP Session.</doc>
<status status="PASS" start="2024-08-09T05:20:41.699726" elapsed="1.306310"/>
</kw>
<kw name="Set Variable" owner="BuiltIn">
<msg time="2024-08-09T05:20:43.007147" level="INFO">${json_data} = {'results': [{'gender': 'female', 'name': {'title': 'Ms', 'first': 'Lumi', 'last': 'Toivonen'}, 'location': {'street': {'number': 9104, 'name': 'Verkatehtaankatu'}, 'city': 'Suomussalmi', 'state': 'La...</msg>
<var>${json_data}</var>
<arg>${response.json()}</arg>
<doc>Returns the given values which can then be assigned to a variables.</doc>
<status status="PASS" start="2024-08-09T05:20:43.006589" elapsed="0.000586"/>
</kw>
<kw name="Log" owner="BuiltIn">
<msg time="2024-08-09T05:20:43.007646" level="INFO">{'results': [{'gender': 'female', 'name': {'title': 'Ms', 'first': 'Lumi', 'last': 'Toivonen'}, 'location': {'street': {'number': 9104, 'name': 'Verkatehtaankatu'}, 'city': 'Suomussalmi', 'state': 'Lapland', 'country': 'Finland', 'postcode': 72049, 'coordinates': {'latitude': '-23.1539', 'longitude': '120.2644'}, 'timezone': {'offset': '+9:00', 'description': 'Tokyo, Seoul, Osaka, Sapporo, Yakutsk'}}, 'email': 'lumi.toivonen@example.com', 'login': {'uuid': '8ebdeed4-b0b7-4490-ba66-fb53b6cf5426', 'username': 'greenzebra761', 'password': 'georgia', 'salt': 'bREsKaEP', 'md5': 'ec74eb0fe4d062c136c711ee4fef2bc7', 'sha1': 'a1924ac5e3c4fb1dbcf2961310d18a4f4cff4dec', 'sha256': 'e63bfae43b05483ab08a1a7dcc53a99fd27150ac5152f6b6e86ff6961738afa3'}, 'dob': {'date': '1963-02-16T13:15:02.916Z', 'age': 61}, 'registered': {'date': '2006-01-15T20:38:17.659Z', 'age': 18}, 'phone': '05-793-314', 'cell': '041-508-98-16', 'id': {'name': 'HETU', 'value': 'NaNNA938undefined'}, 'picture': {'large': 'https://randomuser.me/api/portraits/women/67.jpg', 'medium': 'https://randomuser.me/api/portraits/med/women/67.jpg', 'thumbnail': 'https://randomuser.me/api/portraits/thumb/women/67.jpg'}, 'nat': 'FI'}], 'info': {'seed': '2c59f4d7772cfb20', 'results': 1, 'page': 1, 'version': '1.4'}}</msg>
<arg>${json_data}</arg>
<doc>Logs the given message with the given level.</doc>
<status status="PASS" start="2024-08-09T05:20:43.007485" elapsed="0.000209"/>
</kw>
<kw name="Should Be Equal As Numbers" owner="BuiltIn">
<arg>${json_data['results'][0]['location']['postcode']}</arg>
<arg>${json_data['results'][0]['location']['postcode']}</arg>
<doc>Fails if objects are unequal after converting them to real numbers.</doc>
<status status="PASS" start="2024-08-09T05:20:43.007982" elapsed="0.000662"/>
</kw>
<kw name="Log" owner="BuiltIn">
<msg time="2024-08-09T05:20:43.009175" level="INFO">72049</msg>
<arg>${json_data['results'][0]['location']['postcode']}</arg>
<doc>Logs the given message with the given level.</doc>
<status status="PASS" start="2024-08-09T05:20:43.008838" elapsed="0.000379"/>
</kw>
<status status="PASS" start="2024-08-09T05:20:41.699500" elapsed="1.309979"/>
</kw>
<doc>Testa se os tipos de dados na resposta da API estão corretos.</doc>
<tag>testeTiposDados</tag>
<status status="PASS" start="2024-08-09T05:20:41.571257" elapsed="1.438397"/>
</test>
<test id="s1-s1-t5" name="Validar conteudo" line="35">
<kw name="Teste de Tipos de Conteudo" owner="random-user-service">
<kw name="GET On Session" owner="RequestsLibrary">
<msg time="2024-08-09T05:20:43.131514" level="INFO">GET Request : url=https://randomuser.me/api 
 path_url=/api 
 headers={'User-Agent': 'python-requests/2.32.3', 'Accept-Encoding': 'gzip, deflate', 'Accept': '*/*', 'Connection': 'keep-alive'} 
 body=None 
 </msg>
<msg time="2024-08-09T05:20:43.131625" level="INFO">GET Response : url=https://randomuser.me/api 
 status=200, reason=OK 
 headers={'Date': 'Fri, 09 Aug 2024 05:20:43 GMT', 'Content-Type': 'application/json; charset=utf-8', 'Transfer-Encoding': 'chunked', 'Connection': 'keep-alive', 'X-Powered-By': 'Express', 'Access-Control-Allow-Origin': '*', 'Cache-Control': 'no-cache', 'ETag': 'W/"4a8-ATXRcTpqjxWhZYqRKFaVmv7RofY"', 'Vary': 'Accept-Encoding', 'Content-Encoding': 'gzip', 'CF-Cache-Status': 'DYNAMIC', 'Report-To': '{"endpoints":[{"url":"https:\\/\\/a.nel.cloudflare.com\\/report\\/v4?s=C2CWiOKV2%2Bwt8GV%2BTHsC8t1XYpm6xuEhHnzz4hy8zRqV51tAYzsTa0N6mIh9%2BsjPYW9efxV4rxJ1x2xS1hhoBpnURg1lLrjMzYJDU0RNeJZkW%2Fht1m%2FFm56gYEP%2Ba3Wd"}],"group":"cf-nel","max_age":604800}', 'NEL': '{"success_fraction":0,"report_to":"cf-nel","max_age":604800}', 'Server': 'cloudflare', 'CF-RAY': '8b054c6cd9112f46-LAX', 'alt-svc': 'h3=":443"; ma=86400'} 
 body={"results":[{"gender":"female","name":{"title":"Miss","first":"Desley","last":"Kolman"},"location":{"street":{"number":5476,"name":"Jan Erasstraat"},"city":"Marienheem","state":"Noord-Holland","country":"Netherlands","postcode":"1238 QU","coordinates":{"latitude":"33.2237","longitude":"176.6851"},"timezone":{"offset":"-5:00","description":"Eastern Time (US &amp; Canada), Bogota, Lima"}},"email":"desley.kolman@example.com","login":{"uuid":"36448d8a-4b5b-4475-b1f7-4642a120dc88","username":"heavyfish471","password":"zhuan","salt":"RvRsCuBh","md5":"08fdf2bd0f332b70547b6aa5d45cd13e","sha1":"872c4914121e81f771d058d7a8e549658e3ebfa7","sha256":"176f17cb9cd8f688d7b418445d21b5f61a2e38b2f82ce11c5343c3cefc5caf3d"},"dob":{"date":"1962-05-10T23:50:51.311Z","age":62},"registered":{"date":"2005-06-06T03:02:19.917Z","age":19},"phone":"(011) 0875555","cell":"(06) 53485443","id":{"name":"BSN","value":"74753132"},"picture":{"large":"https://randomuser.me/api/portraits/women/62.jpg","medium":"https://randomuser.me/api/portraits/med/women/62.jpg","thumbnail":"https://randomuser.me/api/portraits/thumb/women/62.jpg"},"nat":"NL"}],"info":{"seed":"756de31f7944786f","results":1,"page":1,"version":"1.4"}} 
 </msg>
<msg time="2024-08-09T05:20:43.131708" level="INFO">/opt/hostedtoolcache/Python/3.12.4/x64/lib/python3.12/site-packages/urllib3/connectionpool.py:1099: InsecureRequestWarning: Unverified HTTPS request is being made to host 'randomuser.me'. Adding certificate verification is strongly advised. See: https://urllib3.readthedocs.io/en/latest/advanced-usage.html#tls-warnings
  warnings.warn(</msg>
<msg time="2024-08-09T05:20:43.131850" level="INFO">${response} = &lt;Response [200]&gt;</msg>
<var>${response}</var>
<arg>consultarAPI</arg>
<arg>/api</arg>
<doc>Sends a GET request on a previously created HTTP Session.</doc>
<status status="PASS" start="2024-08-09T05:20:43.012149" elapsed="0.119751"/>
</kw>
<kw name="Set Variable" owner="BuiltIn">
<msg time="2024-08-09T05:20:43.133112" level="INFO">${json_data} = {'results': [{'gender': 'female', 'name': {'title': 'Miss', 'first': 'Desley', 'last': 'Kolman'}, 'location': {'street': {'number': 5476, 'name': 'Jan Erasstraat'}, 'city': 'Marienheem', 'state': 'Noo...</msg>
<var>${json_data}</var>
<arg>${response.json()}</arg>
<doc>Returns the given values which can then be assigned to a variables.</doc>
<status status="PASS" start="2024-08-09T05:20:43.132528" elapsed="0.000612"/>
</kw>
<kw name="Set Variable" owner="BuiltIn">
<msg time="2024-08-09T05:20:43.134017" level="INFO">${name_title} = Miss</msg>
<var>${name_title}</var>
<arg>${json_data["results"][0]["name"]["title"]}</arg>
<doc>Returns the given values which can then be assigned to a variables.</doc>
<status status="PASS" start="2024-08-09T05:20:43.133445" elapsed="0.000597"/>
</kw>
<kw name="Create List" owner="BuiltIn">
<msg time="2024-08-09T05:20:43.134501" level="INFO">${allowed_titles} = ['Mr', 'Ms', 'Miss', 'Mrs', 'Madame', 'Monsieur']</msg>
<var>${allowed_titles}</var>
<arg>Mr</arg>
<arg>Ms</arg>
<arg>Miss</arg>
<arg>Mrs</arg>
<arg>Madame</arg>
<arg>Monsieur</arg>
<doc>Returns a list containing given items.</doc>
<status status="PASS" start="2024-08-09T05:20:43.134350" elapsed="0.000176"/>
</kw>
<kw name="List Should Contain Value" owner="Collections">
<arg>${allowed_titles}</arg>
<arg>${name_title}</arg>
<doc>Fails if the ``value`` is not found from ``list``.</doc>
<status status="PASS" start="2024-08-09T05:20:43.134835" elapsed="0.000244"/>
</kw>
<kw name="Set Variable" owner="BuiltIn">
<msg time="2024-08-09T05:20:43.135670" level="INFO">${name_country} = NL</msg>
<var>${name_country}</var>
<arg>${json_data["results"][0]["nat"]}</arg>
<doc>Returns the given values which can then be assigned to a variables.</doc>
<status status="PASS" start="2024-08-09T05:20:43.135284" elapsed="0.000412"/>
</kw>
<kw name="Create List" owner="BuiltIn">
<msg time="2024-08-09T05:20:43.136577" level="INFO">${list_country} = ['AD', 'AE', 'AF', 'AG', 'AI', 'AL', 'AM', 'AO', 'AQ', 'AR', 'AS', 'AT', 'AU', 'AW', 'AX', 'AZ', 'BA', 'BB', 'BD', 'BE', 'BF', 'BG', 'BH', 'BI', 'BJ', 'BL', 'BM', 'BN', 'BO', 'BQ', 'BR', 'BS', 'BT', '...</msg>
<var>${list_country}</var>
<arg>AD</arg>
<arg>AE</arg>
<arg>AF</arg>
<arg>AG</arg>
<arg>AI</arg>
<arg>AL</arg>
<arg>AM</arg>
<arg>AO</arg>
<arg>AQ</arg>
<arg>AR</arg>
<arg>AS</arg>
<arg>AT</arg>
<arg>AU</arg>
<arg>AW</arg>
<arg>AX</arg>
<arg>AZ</arg>
<arg>BA</arg>
<arg>BB</arg>
<arg>BD</arg>
<arg>BE</arg>
<arg>BF</arg>
<arg>BG</arg>
<arg>BH</arg>
<arg>BI</arg>
<arg>BJ</arg>
<arg>BL</arg>
<arg>BM</arg>
<arg>BN</arg>
<arg>BO</arg>
<arg>BQ</arg>
<arg>BR</arg>
<arg>BS</arg>
<arg>BT</arg>
<arg>BV</arg>
<arg>BW</arg>
<arg>BY</arg>
<arg>BZ</arg>
<arg>CA</arg>
<arg>CC</arg>
<arg>CD</arg>
<arg>CF</arg>
<arg>CG</arg>
<arg>CH</arg>
<arg>CI</arg>
<arg>CK</arg>
<arg>CL</arg>
<arg>CM</arg>
<arg>CN</arg>
<arg>CO</arg>
<arg>CR</arg>
<arg>CU</arg>
<arg>CV</arg>
<arg>CW</arg>
<arg>CX</arg>
<arg>CY</arg>
<arg>CZ</arg>
<arg>DE</arg>
<arg>DJ</arg>
<arg>DK</arg>
<arg>DM</arg>
<arg>DO</arg>
<arg>DZ</arg>
<arg>EC</arg>
<arg>EE</arg>
<arg>EG</arg>
<arg>EH</arg>
<arg>ER</arg>
<arg>ES</arg>
<arg>ET</arg>
<arg>FI</arg>
<arg>FJ</arg>
<arg>FK</arg>
<arg>FM</arg>
<arg>FO</arg>
<arg>FR</arg>
<arg>GA</arg>
<arg>GB</arg>
<arg>GD</arg>
<arg>GE</arg>
<arg>GF</arg>
<arg>GG</arg>
<arg>GH</arg>
<arg>GI</arg>
<arg>GL</arg>
<arg>GM</arg>
<arg>GN</arg>
<arg>GP</arg>
<arg>GQ</arg>
<arg>GR</arg>
<arg>GS</arg>
<arg>GT</arg>
<arg>GU</arg>
<arg>GW</arg>
<arg>GY</arg>
<arg>HK</arg>
<arg>HM</arg>
<arg>HN</arg>
<arg>HR</arg>
<arg>HT</arg>
<arg>HU</arg>
<arg>ID</arg>
<arg>IE</arg>
<arg>IL</arg>
<arg>IM</arg>
<arg>IN</arg>
<arg>IO</arg>
<arg>IQ</arg>
<arg>IR</arg>
<arg>IS</arg>
<arg>IT</arg>
<arg>JE</arg>
<arg>JM</arg>
<arg>JO</arg>
<arg>JP</arg>
<arg>KE</arg>
<arg>KG</arg>
<arg>KH</arg>
<arg>KI</arg>
<arg>KM</arg>
<arg>KN</arg>
<arg>KP</arg>
<arg>KR</arg>
<arg>KW</arg>
<arg>KY</arg>
<arg>KZ</arg>
<arg>LA</arg>
<arg>LB</arg>
<arg>LC</arg>
<arg>LI</arg>
<arg>LK</arg>
<arg>LR</arg>
<arg>LS</arg>
<arg>LT</arg>
<arg>LU</arg>
<arg>LV</arg>
<arg>LY</arg>
<arg>MA</arg>
<arg>MC</arg>
<arg>MD</arg>
<arg>ME</arg>
<arg>MF</arg>
<arg>MG</arg>
<arg>MH</arg>
<arg>MK</arg>
<arg>ML</arg>
<arg>MM</arg>
<arg>MN</arg>
<arg>MO</arg>
<arg>MP</arg>
<arg>MQ</arg>
<arg>MR</arg>
<arg>MS</arg>
<arg>MT</arg>
<arg>MU</arg>
<arg>MV</arg>
<arg>MW</arg>
<arg>MX</arg>
<arg>MY</arg>
<arg>MZ</arg>
<arg>NA</arg>
<arg>NC</arg>
<arg>NE</arg>
<arg>NF</arg>
<arg>NG</arg>
<arg>NI</arg>
<arg>NL</arg>
<arg>NO</arg>
<arg>NP</arg>
<arg>NR</arg>
<arg>NU</arg>
<arg>NZ</arg>
<arg>OM</arg>
<arg>PA</arg>
<arg>PE</arg>
<arg>PF</arg>
<arg>PG</arg>
<arg>PH</arg>
<arg>PK</arg>
<arg>PL</arg>
<arg>PM</arg>
<arg>PN</arg>
<arg>PR</arg>
<arg>PS</arg>
<arg>PT</arg>
<arg>PW</arg>
<arg>PY</arg>
<arg>QA</arg>
<arg>RE</arg>
<arg>RO</arg>
<arg>RS</arg>
<arg>RU</arg>
<arg>RW</arg>
<arg>SA</arg>
<arg>SB</arg>
<arg>SC</arg>
<arg>SD</arg>
<arg>SE</arg>
<arg>SG</arg>
<arg>SH</arg>
<arg>SI</arg>
<arg>SJ</arg>
<arg>SK</arg>
<arg>SL</arg>
<arg>SM</arg>
<arg>SN</arg>
<arg>SO</arg>
<arg>SR</arg>
<arg>SS</arg>
<arg>ST</arg>
<arg>SV</arg>
<arg>SX</arg>
<arg>SY</arg>
<arg>SZ</arg>
<arg>TC</arg>
<arg>TD</arg>
<arg>TF</arg>
<arg>TG</arg>
<arg>TH</arg>
<arg>TJ</arg>
<arg>TK</arg>
<arg>TL</arg>
<arg>TM</arg>
<arg>TN</arg>
<arg>TO</arg>
<arg>TR</arg>
<arg>TT</arg>
<arg>TV</arg>
<arg>TW</arg>
<arg>TZ</arg>
<arg>UA</arg>
<arg>UG</arg>
<arg>UM</arg>
<arg>US</arg>
<arg>UY</arg>
<arg>UZ</arg>
<arg>VA</arg>
<arg>VC</arg>
<arg>VE</arg>
<arg>VG</arg>
<arg>VI</arg>
<arg>VN</arg>
<arg>VU</arg>
<arg>WF</arg>
<arg>WS</arg>
<arg>XK</arg>
<arg>YE</arg>
<arg>YT</arg>
<arg>ZA</arg>
<arg>ZM</arg>
<arg>ZW</arg>
<doc>Returns a list containing given items.</doc>
<status status="PASS" start="2024-08-09T05:20:43.135986" elapsed="0.000618"/>
</kw>
<kw name="List Should Contain Value" owner="Collections">
<arg>${list_country}</arg>
<arg>${name_country}</arg>
<doc>Fails if the ``value`` is not found from ``list``.</doc>
<status status="PASS" start="2024-08-09T05:20:43.137399" elapsed="0.000206"/>
</kw>
<kw name="Run Keyword If" owner="BuiltIn">
<kw name="Should Be True" owner="BuiltIn">
<arg>${True}</arg>
<doc>Fails if the given condition is not true.</doc>
<status status="PASS" start="2024-08-09T05:20:43.138540" elapsed="0.000142"/>
</kw>
<arg>${json_data["results"][0]["location"]["coordinates"]["latitude"]} &gt;= -90 and ${json_data["results"][0]["location"]["coordinates"]["latitude"]} &lt;= 90</arg>
<arg>Should Be True</arg>
<arg>${True}</arg>
<doc>Runs the given keyword with the given arguments, if ``condition`` is true.</doc>
<status status="PASS" start="2024-08-09T05:20:43.137801" elapsed="0.001005"/>
</kw>
<kw name="Run Keyword If" owner="BuiltIn">
<kw name="Should Be True" owner="BuiltIn">
<arg>${True}</arg>
<doc>Fails if the given condition is not true.</doc>
<status status="PASS" start="2024-08-09T05:20:43.139742" elapsed="0.000136"/>
</kw>
<arg>${json_data["results"][0]["location"]["coordinates"]["longitude"]} &gt;= -180 and ${json_data["results"][0]["location"]["coordinates"]["longitude"]} &lt;= 180</arg>
<arg>Should Be True</arg>
<arg>${True}</arg>
<doc>Runs the given keyword with the given arguments, if ``condition`` is true.</doc>
<status status="PASS" start="2024-08-09T05:20:43.139035" elapsed="0.000968"/>
</kw>
<status status="PASS" start="2024-08-09T05:20:43.011917" elapsed="0.128222"/>
</kw>
<doc>Testa o conteúdo específico dos campos retornados pela API.</doc>
<tag>testeConteudo</tag>
<status status="PASS" start="2024-08-09T05:20:43.011437" elapsed="0.128856"/>
</test>
<status status="PASS" start="2024-08-09T05:15:56.680248" elapsed="286.461981"/>
</suite>
<status status="PASS" start="2024-08-09T05:15:56.664175" elapsed="286.483278"/>
</suite>
<statistics>
<total>
<stat pass="5" fail="0" skip="0">All Tests</stat>
</total>
<tag>
<stat pass="1" fail="0" skip="0">testeConteudo</stat>
<stat pass="1" fail="0" skip="0">testeEstruturaResposta</stat>
<stat pass="1" fail="0" skip="0">testeRequisicaoBasica</stat>
<stat pass="1" fail="0" skip="0">testeTiposDados</stat>
</tag>
<suite>
<stat pass="5" fail="0" skip="0" id="s1" name="Tests">Tests</stat>
<stat pass="5" fail="0" skip="0" id="s1-s1" name="Random-User-Test">Tests.Random-User-Test</stat>
</suite>
</statistics>
<errors>
<msg time="2024-08-09T05:20:41.428602" level="WARN">Retrying (RetryAdapter(total=2, connect=None, read=None, redirect=None, status=None)) after connection broken by 'RemoteDisconnected('Remote end closed connection without response')': /api</msg>
</errors>
</robot>
