<?xml version="1.0" encoding="UTF-8"?>
<robot generator="Robot 7.0 (Python 3.12.3 on linux)" generated="2024-05-31T21:14:12.636964" rpa="false" schemaversion="5">
<suite id="s1" name="Tests" source="/home/runner/work/ApiRandomUser/ApiRandomUser/RamdonUser/tests">
<suite id="s1-s1" name="Random-User-Test" source="/home/runner/work/ApiRandomUser/ApiRandomUser/RamdonUser/tests/random-user-test.robot">
<test id="s1-s1-t1" name="Conectar" line="13">
<kw name="Conectar API" owner="random-user-service">
<kw name="Create Session" owner="RequestsLibrary">
<msg time="2024-05-31T21:14:13.027420" level="INFO">Creating Session using : alias=consultarAPI, url=https://randomuser.me/, headers={},                     cookies={}, auth=None, timeout=None, proxies=None, verify=False,                     debug=0 </msg>
<arg>consultarAPI</arg>
<arg>${URL}</arg>
<doc>Create Session: create a HTTP session to a server</doc>
<status status="PASS" start="2024-05-31T21:14:13.027184" elapsed="0.000425"/>
</kw>
<status status="PASS" start="2024-05-31T21:14:13.026143" elapsed="0.001829"/>
</kw>
<status status="PASS" start="2024-05-31T21:14:13.025514" elapsed="0.002647"/>
</test>
<test id="s1-s1-t2" name="Validar retorno 200 e JSON Válido" line="16">
<kw name="Teste de Requisicao Basica" owner="random-user-service">
<kw name="GET On Session" owner="RequestsLibrary">
<msg time="2024-05-31T21:14:13.317331" level="INFO">GET Request : url=https://randomuser.me/api 
 path_url=/api 
 headers={'User-Agent': 'python-requests/2.32.3', 'Accept-Encoding': 'gzip, deflate', 'Accept': '*/*', 'Connection': 'keep-alive'} 
 body=None 
 </msg>
<msg time="2024-05-31T21:14:13.317484" level="INFO">GET Response : url=https://randomuser.me/api 
 status=200, reason=OK 
 headers={'Date': 'Fri, 31 May 2024 21:14:13 GMT', 'Content-Type': 'application/json; charset=utf-8', 'Transfer-Encoding': 'chunked', 'Connection': 'keep-alive', 'X-Powered-By': 'Express', 'Access-Control-Allow-Origin': '*', 'Cache-Control': 'no-cache', 'ETag': 'W/"48b-mxuEH5P9UJL0gwmoopW63rnHA2E"', 'Vary': 'Accept-Encoding', 'Content-Encoding': 'gzip', 'CF-Cache-Status': 'DYNAMIC', 'Report-To': '{"endpoints":[{"url":"https:\\/\\/a.nel.cloudflare.com\\/report\\/v4?s=QlmWeRR7jamalw%2BCgCe2vvqZTE%2FipSLtey43HP3o2Mx17Pp2NLwGxFe3ncwZkCITttuAuewFdvgF8%2BqSpLuvSDpuemKmeGoyyEMb5i0ZwcEsjSGotFl5OurrvWmOX9lx"}],"group":"cf-nel","max_age":604800}', 'NEL': '{"success_fraction":0,"report_to":"cf-nel","max_age":604800}', 'Server': 'cloudflare', 'CF-RAY': '88c9f8e8aa990fb5-LAX', 'alt-svc': 'h3=":443"; ma=86400'} 
 body={"results":[{"gender":"male","name":{"title":"Mr","first":"Harsh","last":"Holla"},"location":{"street":{"number":3392,"name":"Sao Tome Old Quarter"},"city":"Cuttack","state":"Delhi","country":"India","postcode":96499,"coordinates":{"latitude":"5.6070","longitude":"-168.0999"},"timezone":{"offset":"+3:00","description":"Baghdad, Riyadh, Moscow, St. Petersburg"}},"email":"harsh.holla@example.com","login":{"uuid":"6585d34f-f1cd-4022-b13c-c764ef366786","username":"brownrabbit779","password":"auto","salt":"9eUZakj8","md5":"d3199ff9fd9334df9dee19ca3ebfb4ac","sha1":"b6cf44a6be6ae30d1473ba23b9947834a5c46045","sha256":"17f223b59b9c8ba86767d133288a796d9c610059bca3f4430de1d27ebc84afd0"},"dob":{"date":"1972-12-02T10:43:50.220Z","age":51},"registered":{"date":"2010-09-13T13:01:40.626Z","age":13},"phone":"9924345457","cell":"8950348832","id":{"name":"UIDAI","value":"176836500498"},"picture":{"large":"https://randomuser.me/api/portraits/men/29.jpg","medium":"https://randomuser.me/api/portraits/med/men/29.jpg","thumbnail":"https://randomuser.me/api/portraits/thumb/men/29.jpg"},"nat":"IN"}],"info":{"seed":"4cd9883eccc64054","results":1,"page":1,"version":"1.4"}} 
 </msg>
<msg time="2024-05-31T21:14:13.317565" level="INFO">/opt/hostedtoolcache/Python/3.12.3/x64/lib/python3.12/site-packages/urllib3/connectionpool.py:1103: InsecureRequestWarning: Unverified HTTPS request is being made to host 'randomuser.me'. Adding certificate verification is strongly advised. See: https://urllib3.readthedocs.io/en/latest/advanced-usage.html#tls-warnings
  warnings.warn(</msg>
<msg time="2024-05-31T21:14:13.317703" level="INFO">${response} = &lt;Response [200]&gt;</msg>
<var>${response}</var>
<arg>consultarAPI</arg>
<arg>/api</arg>
<doc>Sends a GET request on a previously created HTTP Session.</doc>
<status status="PASS" start="2024-05-31T21:14:13.030783" elapsed="0.286963"/>
</kw>
<kw name="Should Be Equal As Numbers" owner="BuiltIn">
<msg time="2024-05-31T21:14:13.318759" level="INFO">Argument types are:
&lt;class 'int'&gt;
&lt;class 'str'&gt;</msg>
<arg>${response.status_code}</arg>
<arg>200</arg>
<doc>Fails if objects are unequal after converting them to real numbers.</doc>
<status status="PASS" start="2024-05-31T21:14:13.318301" elapsed="0.000523"/>
</kw>
<kw name="Log" owner="BuiltIn">
<msg time="2024-05-31T21:14:13.319590" level="INFO">200</msg>
<arg>${response.status_code}</arg>
<doc>Logs the given message with the given level.</doc>
<status status="PASS" start="2024-05-31T21:14:13.319162" elapsed="0.000478"/>
</kw>
<kw name="Set Variable" owner="BuiltIn">
<msg time="2024-05-31T21:14:13.320404" level="INFO">${json_data} = {'results': [{'gender': 'male', 'name': {'title': 'Mr', 'first': 'Harsh', 'last': 'Holla'}, 'location': {'street': {'number': 3392, 'name': 'Sao Tome Old Quarter'}, 'city': 'Cuttack', 'state': 'Delhi'...</msg>
<var>${json_data}</var>
<arg>${response.json()}</arg>
<doc>Returns the given values which can then be assigned to a variables.</doc>
<status status="PASS" start="2024-05-31T21:14:13.319960" elapsed="0.000473"/>
</kw>
<kw name="Dictionary Should Contain Key" owner="Collections">
<msg time="2024-05-31T21:14:13.320915" level="INFO">False</msg>
<arg>${json_data}</arg>
<arg>results</arg>
<doc>Fails if ``key`` is not found from ``dictionary``.</doc>
<status status="PASS" start="2024-05-31T21:14:13.320738" elapsed="0.000373"/>
</kw>
<status status="PASS" start="2024-05-31T21:14:13.030536" elapsed="0.290843"/>
</kw>
<doc>Testa se a API responde corretamente e retorna um objeto JSON válido.</doc>
<tag>testeRequisicaoBasica</tag>
<status status="PASS" start="2024-05-31T21:14:13.029996" elapsed="0.291569"/>
</test>
<test id="s1-s1-t3" name="Validar estrutura de resposta" line="22">
<kw name="Teste de Estrutura de Resposta" owner="random-user-service">
<kw name="GET On Session" owner="RequestsLibrary">
<msg time="2024-05-31T21:14:13.424130" level="INFO">GET Request : url=https://randomuser.me/api 
 path_url=/api 
 headers={'User-Agent': 'python-requests/2.32.3', 'Accept-Encoding': 'gzip, deflate', 'Accept': '*/*', 'Connection': 'keep-alive'} 
 body=None 
 </msg>
<msg time="2024-05-31T21:14:13.424229" level="INFO">GET Response : url=https://randomuser.me/api 
 status=200, reason=OK 
 headers={'Date': 'Fri, 31 May 2024 21:14:13 GMT', 'Content-Type': 'application/json; charset=utf-8', 'Transfer-Encoding': 'chunked', 'Connection': 'keep-alive', 'X-Powered-By': 'Express', 'Access-Control-Allow-Origin': '*', 'Cache-Control': 'no-cache', 'ETag': 'W/"496-UsdKf0NH/HeA08Z3hlxOfKp5JFY"', 'Vary': 'Accept-Encoding', 'Content-Encoding': 'gzip', 'CF-Cache-Status': 'DYNAMIC', 'Report-To': '{"endpoints":[{"url":"https:\\/\\/a.nel.cloudflare.com\\/report\\/v4?s=bXM29gfdxkI%2FbofvpTpF%2FlcSNv4cLDRKwrXa0bT33%2FgQ2UmWsiO5mVxylo5tuJuLGjocRBgBOpWbeAaLeLemc90jjj5mE0vJ%2Bt%2FuZSdMloG6uj3RvVswOJiGVwjflbPf"}],"group":"cf-nel","max_age":604800}', 'NEL': '{"success_fraction":0,"report_to":"cf-nel","max_age":604800}', 'Server': 'cloudflare', 'CF-RAY': '88c9f8e94b970fb5-LAX', 'alt-svc': 'h3=":443"; ma=86400'} 
 body={"results":[{"gender":"male","name":{"title":"Mr","first":"Christian","last":"Howard"},"location":{"street":{"number":6956,"name":"Cork Street"},"city":"Enniscorthy","state":"Dún Laoghaire–Rathdown","country":"Ireland","postcode":39775,"coordinates":{"latitude":"-1.4899","longitude":"-117.8988"},"timezone":{"offset":"-12:00","description":"Eniwetok, Kwajalein"}},"email":"christian.howard@example.com","login":{"uuid":"260b1645-ea8f-4a68-8b88-9dde1d8373ab","username":"orangeleopard622","password":"photoes","salt":"6PF7NAII","md5":"bf3e1982690624ce0e2248ce17ae7cba","sha1":"6502dbbf5b29ee27d7caecc53234cc4e40c55a9c","sha256":"05a57f9bdf0d2b11cc6683fcb037c3c4ca20f16bb615d6b85ae3f27063e9a6ce"},"dob":{"date":"1993-09-14T17:54:42.296Z","age":30},"registered":{"date":"2018-11-20T07:31:01.966Z","age":5},"phone":"011-852-4267","cell":"081-941-4607","id":{"name":"PPS","value":"0170619T"},"picture":{"large":"https://randomuser.me/api/portraits/men/92.jpg","medium":"https://randomuser.me/api/portraits/med/men/92.jpg","thumbnail":"https://randomuser.me/api/portraits/thumb/men/92.jpg"},"nat":"IE"}],"info":{"seed":"eb47b96bdadd9e7e","results":1,"page":1,"version":"1.4"}} 
 </msg>
<msg time="2024-05-31T21:14:13.424354" level="INFO">/opt/hostedtoolcache/Python/3.12.3/x64/lib/python3.12/site-packages/urllib3/connectionpool.py:1103: InsecureRequestWarning: Unverified HTTPS request is being made to host 'randomuser.me'. Adding certificate verification is strongly advised. See: https://urllib3.readthedocs.io/en/latest/advanced-usage.html#tls-warnings
  warnings.warn(</msg>
<msg time="2024-05-31T21:14:13.424476" level="INFO">${response} = &lt;Response [200]&gt;</msg>
<var>${response}</var>
<arg>consultarAPI</arg>
<arg>/api</arg>
<doc>Sends a GET request on a previously created HTTP Session.</doc>
<status status="PASS" start="2024-05-31T21:14:13.324167" elapsed="0.100337"/>
</kw>
<kw name="Set Variable" owner="BuiltIn">
<msg time="2024-05-31T21:14:13.425592" level="INFO">${json_data} = {'results': [{'gender': 'male', 'name': {'title': 'Mr', 'first': 'Christian', 'last': 'Howard'}, 'location': {'street': {'number': 6956, 'name': 'Cork Street'}, 'city': 'Enniscorthy', 'state': 'Dún La...</msg>
<var>${json_data}</var>
<arg>${response.json()}</arg>
<doc>Returns the given values which can then be assigned to a variables.</doc>
<status status="PASS" start="2024-05-31T21:14:13.425041" elapsed="0.000582"/>
</kw>
<kw name="Log" owner="BuiltIn">
<msg time="2024-05-31T21:14:13.426110" level="INFO">{'results': [{'gender': 'male', 'name': {'title': 'Mr', 'first': 'Christian', 'last': 'Howard'}, 'location': {'street': {'number': 6956, 'name': 'Cork Street'}, 'city': 'Enniscorthy', 'state': 'Dún Laoghaire–Rathdown', 'country': 'Ireland', 'postcode': 39775, 'coordinates': {'latitude': '-1.4899', 'longitude': '-117.8988'}, 'timezone': {'offset': '-12:00', 'description': 'Eniwetok, Kwajalein'}}, 'email': 'christian.howard@example.com', 'login': {'uuid': '260b1645-ea8f-4a68-8b88-9dde1d8373ab', 'username': 'orangeleopard622', 'password': 'photoes', 'salt': '6PF7NAII', 'md5': 'bf3e1982690624ce0e2248ce17ae7cba', 'sha1': '6502dbbf5b29ee27d7caecc53234cc4e40c55a9c', 'sha256': '05a57f9bdf0d2b11cc6683fcb037c3c4ca20f16bb615d6b85ae3f27063e9a6ce'}, 'dob': {'date': '1993-09-14T17:54:42.296Z', 'age': 30}, 'registered': {'date': '2018-11-20T07:31:01.966Z', 'age': 5}, 'phone': '011-852-4267', 'cell': '081-941-4607', 'id': {'name': 'PPS', 'value': '0170619T'}, 'picture': {'large': 'https://randomuser.me/api/portraits/men/92.jpg', 'medium': 'https://randomuser.me/api/portraits/med/men/92.jpg', 'thumbnail': 'https://randomuser.me/api/portraits/thumb/men/92.jpg'}, 'nat': 'IE'}], 'info': {'seed': 'eb47b96bdadd9e7e', 'results': 1, 'page': 1, 'version': '1.4'}}</msg>
<arg>${json_data}</arg>
<doc>Logs the given message with the given level.</doc>
<status status="PASS" start="2024-05-31T21:14:13.425942" elapsed="0.000220"/>
</kw>
<kw name="Dictionary Should Contain Key" owner="Collections">
<msg time="2024-05-31T21:14:13.426628" level="INFO">False</msg>
<arg>${json_data}</arg>
<arg>results</arg>
<doc>Fails if ``key`` is not found from ``dictionary``.</doc>
<status status="PASS" start="2024-05-31T21:14:13.426465" elapsed="0.000202"/>
</kw>
<kw name="Should Not Be Empty" owner="BuiltIn">
<msg time="2024-05-31T21:14:13.427109" level="INFO">Length is 2.</msg>
<arg>${json_data}</arg>
<doc>Verifies that the given item is not empty.</doc>
<status status="PASS" start="2024-05-31T21:14:13.426965" elapsed="0.000182"/>
</kw>
<kw name="Create List" owner="BuiltIn">
<msg time="2024-05-31T21:14:13.427665" level="INFO">${expected_keys} = ['gender', 'name', 'location', 'email', 'login']</msg>
<var>${expected_keys}</var>
<arg>gender</arg>
<arg>name</arg>
<arg>location</arg>
<arg>email</arg>
<arg>login</arg>
<doc>Returns a list containing given items.</doc>
<status status="PASS" start="2024-05-31T21:14:13.427498" elapsed="0.000193"/>
</kw>
<for flavor="IN">
<iter>
<kw name="Dictionary Should Contain Key" owner="Collections">
<msg time="2024-05-31T21:14:13.428692" level="INFO">False</msg>
<arg>${json_data['results'][0]}</arg>
<arg>${key}</arg>
<doc>Fails if ``key`` is not found from ``dictionary``.</doc>
<status status="PASS" start="2024-05-31T21:14:13.428281" elapsed="0.000456"/>
</kw>
<kw name="Log" owner="BuiltIn">
<msg time="2024-05-31T21:14:13.429423" level="INFO">{'gender': 'male', 'name': {'title': 'Mr', 'first': 'Christian', 'last': 'Howard'}, 'location': {'street': {'number': 6956, 'name': 'Cork Street'}, 'city': 'Enniscorthy', 'state': 'Dún Laoghaire–Rathdown', 'country': 'Ireland', 'postcode': 39775, 'coordinates': {'latitude': '-1.4899', 'longitude': '-117.8988'}, 'timezone': {'offset': '-12:00', 'description': 'Eniwetok, Kwajalein'}}, 'email': 'christian.howard@example.com', 'login': {'uuid': '260b1645-ea8f-4a68-8b88-9dde1d8373ab', 'username': 'orangeleopard622', 'password': 'photoes', 'salt': '6PF7NAII', 'md5': 'bf3e1982690624ce0e2248ce17ae7cba', 'sha1': '6502dbbf5b29ee27d7caecc53234cc4e40c55a9c', 'sha256': '05a57f9bdf0d2b11cc6683fcb037c3c4ca20f16bb615d6b85ae3f27063e9a6ce'}, 'dob': {'date': '1993-09-14T17:54:42.296Z', 'age': 30}, 'registered': {'date': '2018-11-20T07:31:01.966Z', 'age': 5}, 'phone': '011-852-4267', 'cell': '081-941-4607', 'id': {'name': 'PPS', 'value': '0170619T'}, 'picture': {'large': 'https://randomuser.me/api/portraits/men/92.jpg', 'medium': 'https://randomuser.me/api/portraits/med/men/92.jpg', 'thumbnail': 'https://randomuser.me/api/portraits/thumb/men/92.jpg'}, 'nat': 'IE'}</msg>
<arg>${json_data['results'][0]}</arg>
<doc>Logs the given message with the given level.</doc>
<status status="PASS" start="2024-05-31T21:14:13.429042" elapsed="0.000435"/>
</kw>
<kw name="Log" owner="BuiltIn">
<msg time="2024-05-31T21:14:13.429919" level="INFO">gender</msg>
<arg>${key}</arg>
<doc>Logs the given message with the given level.</doc>
<status status="PASS" start="2024-05-31T21:14:13.429783" elapsed="0.000174"/>
</kw>
<var name="${key}">gender</var>
<status status="PASS" start="2024-05-31T21:14:13.428154" elapsed="0.002022"/>
</iter>
<iter>
<kw name="Dictionary Should Contain Key" owner="Collections">
<msg time="2024-05-31T21:14:13.430887" level="INFO">False</msg>
<arg>${json_data['results'][0]}</arg>
<arg>${key}</arg>
<doc>Fails if ``key`` is not found from ``dictionary``.</doc>
<status status="PASS" start="2024-05-31T21:14:13.430484" elapsed="0.000442"/>
</kw>
<kw name="Log" owner="BuiltIn">
<msg time="2024-05-31T21:14:13.431667" level="INFO">{'gender': 'male', 'name': {'title': 'Mr', 'first': 'Christian', 'last': 'Howard'}, 'location': {'street': {'number': 6956, 'name': 'Cork Street'}, 'city': 'Enniscorthy', 'state': 'Dún Laoghaire–Rathdown', 'country': 'Ireland', 'postcode': 39775, 'coordinates': {'latitude': '-1.4899', 'longitude': '-117.8988'}, 'timezone': {'offset': '-12:00', 'description': 'Eniwetok, Kwajalein'}}, 'email': 'christian.howard@example.com', 'login': {'uuid': '260b1645-ea8f-4a68-8b88-9dde1d8373ab', 'username': 'orangeleopard622', 'password': 'photoes', 'salt': '6PF7NAII', 'md5': 'bf3e1982690624ce0e2248ce17ae7cba', 'sha1': '6502dbbf5b29ee27d7caecc53234cc4e40c55a9c', 'sha256': '05a57f9bdf0d2b11cc6683fcb037c3c4ca20f16bb615d6b85ae3f27063e9a6ce'}, 'dob': {'date': '1993-09-14T17:54:42.296Z', 'age': 30}, 'registered': {'date': '2018-11-20T07:31:01.966Z', 'age': 5}, 'phone': '011-852-4267', 'cell': '081-941-4607', 'id': {'name': 'PPS', 'value': '0170619T'}, 'picture': {'large': 'https://randomuser.me/api/portraits/men/92.jpg', 'medium': 'https://randomuser.me/api/portraits/med/men/92.jpg', 'thumbnail': 'https://randomuser.me/api/portraits/thumb/men/92.jpg'}, 'nat': 'IE'}</msg>
<arg>${json_data['results'][0]}</arg>
<doc>Logs the given message with the given level.</doc>
<status status="PASS" start="2024-05-31T21:14:13.431258" elapsed="0.000462"/>
</kw>
<kw name="Log" owner="BuiltIn">
<msg time="2024-05-31T21:14:13.432193" level="INFO">name</msg>
<arg>${key}</arg>
<doc>Logs the given message with the given level.</doc>
<status status="PASS" start="2024-05-31T21:14:13.432057" elapsed="0.000175"/>
</kw>
<var name="${key}">name</var>
<status status="PASS" start="2024-05-31T21:14:13.430367" elapsed="0.002106"/>
</iter>
<iter>
<kw name="Dictionary Should Contain Key" owner="Collections">
<msg time="2024-05-31T21:14:13.433156" level="INFO">False</msg>
<arg>${json_data['results'][0]}</arg>
<arg>${key}</arg>
<doc>Fails if ``key`` is not found from ``dictionary``.</doc>
<status status="PASS" start="2024-05-31T21:14:13.432769" elapsed="0.000425"/>
</kw>
<kw name="Log" owner="BuiltIn">
<msg time="2024-05-31T21:14:13.433866" level="INFO">{'gender': 'male', 'name': {'title': 'Mr', 'first': 'Christian', 'last': 'Howard'}, 'location': {'street': {'number': 6956, 'name': 'Cork Street'}, 'city': 'Enniscorthy', 'state': 'Dún Laoghaire–Rathdown', 'country': 'Ireland', 'postcode': 39775, 'coordinates': {'latitude': '-1.4899', 'longitude': '-117.8988'}, 'timezone': {'offset': '-12:00', 'description': 'Eniwetok, Kwajalein'}}, 'email': 'christian.howard@example.com', 'login': {'uuid': '260b1645-ea8f-4a68-8b88-9dde1d8373ab', 'username': 'orangeleopard622', 'password': 'photoes', 'salt': '6PF7NAII', 'md5': 'bf3e1982690624ce0e2248ce17ae7cba', 'sha1': '6502dbbf5b29ee27d7caecc53234cc4e40c55a9c', 'sha256': '05a57f9bdf0d2b11cc6683fcb037c3c4ca20f16bb615d6b85ae3f27063e9a6ce'}, 'dob': {'date': '1993-09-14T17:54:42.296Z', 'age': 30}, 'registered': {'date': '2018-11-20T07:31:01.966Z', 'age': 5}, 'phone': '011-852-4267', 'cell': '081-941-4607', 'id': {'name': 'PPS', 'value': '0170619T'}, 'picture': {'large': 'https://randomuser.me/api/portraits/men/92.jpg', 'medium': 'https://randomuser.me/api/portraits/med/men/92.jpg', 'thumbnail': 'https://randomuser.me/api/portraits/thumb/men/92.jpg'}, 'nat': 'IE'}</msg>
<arg>${json_data['results'][0]}</arg>
<doc>Logs the given message with the given level.</doc>
<status status="PASS" start="2024-05-31T21:14:13.433498" elapsed="0.000420"/>
</kw>
<kw name="Log" owner="BuiltIn">
<msg time="2024-05-31T21:14:13.434367" level="INFO">location</msg>
<arg>${key}</arg>
<doc>Logs the given message with the given level.</doc>
<status status="PASS" start="2024-05-31T21:14:13.434219" elapsed="0.000202"/>
</kw>
<var name="${key}">location</var>
<status status="PASS" start="2024-05-31T21:14:13.432654" elapsed="0.002101"/>
</iter>
<iter>
<kw name="Dictionary Should Contain Key" owner="Collections">
<msg time="2024-05-31T21:14:13.435760" level="INFO">False</msg>
<arg>${json_data['results'][0]}</arg>
<arg>${key}</arg>
<doc>Fails if ``key`` is not found from ``dictionary``.</doc>
<status status="PASS" start="2024-05-31T21:14:13.435094" elapsed="0.000714"/>
</kw>
<kw name="Log" owner="BuiltIn">
<msg time="2024-05-31T21:14:13.436505" level="INFO">{'gender': 'male', 'name': {'title': 'Mr', 'first': 'Christian', 'last': 'Howard'}, 'location': {'street': {'number': 6956, 'name': 'Cork Street'}, 'city': 'Enniscorthy', 'state': 'Dún Laoghaire–Rathdown', 'country': 'Ireland', 'postcode': 39775, 'coordinates': {'latitude': '-1.4899', 'longitude': '-117.8988'}, 'timezone': {'offset': '-12:00', 'description': 'Eniwetok, Kwajalein'}}, 'email': 'christian.howard@example.com', 'login': {'uuid': '260b1645-ea8f-4a68-8b88-9dde1d8373ab', 'username': 'orangeleopard622', 'password': 'photoes', 'salt': '6PF7NAII', 'md5': 'bf3e1982690624ce0e2248ce17ae7cba', 'sha1': '6502dbbf5b29ee27d7caecc53234cc4e40c55a9c', 'sha256': '05a57f9bdf0d2b11cc6683fcb037c3c4ca20f16bb615d6b85ae3f27063e9a6ce'}, 'dob': {'date': '1993-09-14T17:54:42.296Z', 'age': 30}, 'registered': {'date': '2018-11-20T07:31:01.966Z', 'age': 5}, 'phone': '011-852-4267', 'cell': '081-941-4607', 'id': {'name': 'PPS', 'value': '0170619T'}, 'picture': {'large': 'https://randomuser.me/api/portraits/men/92.jpg', 'medium': 'https://randomuser.me/api/portraits/med/men/92.jpg', 'thumbnail': 'https://randomuser.me/api/portraits/thumb/men/92.jpg'}, 'nat': 'IE'}</msg>
<arg>${json_data['results'][0]}</arg>
<doc>Logs the given message with the given level.</doc>
<status status="PASS" start="2024-05-31T21:14:13.436134" elapsed="0.000424"/>
</kw>
<kw name="Log" owner="BuiltIn">
<msg time="2024-05-31T21:14:13.436993" level="INFO">email</msg>
<arg>${key}</arg>
<doc>Logs the given message with the given level.</doc>
<status status="PASS" start="2024-05-31T21:14:13.436861" elapsed="0.000170"/>
</kw>
<var name="${key}">email</var>
<status status="PASS" start="2024-05-31T21:14:13.434977" elapsed="0.002268"/>
</iter>
<iter>
<kw name="Dictionary Should Contain Key" owner="Collections">
<msg time="2024-05-31T21:14:13.437918" level="INFO">False</msg>
<arg>${json_data['results'][0]}</arg>
<arg>${key}</arg>
<doc>Fails if ``key`` is not found from ``dictionary``.</doc>
<status status="PASS" start="2024-05-31T21:14:13.437535" elapsed="0.000420"/>
</kw>
<kw name="Log" owner="BuiltIn">
<msg time="2024-05-31T21:14:13.438617" level="INFO">{'gender': 'male', 'name': {'title': 'Mr', 'first': 'Christian', 'last': 'Howard'}, 'location': {'street': {'number': 6956, 'name': 'Cork Street'}, 'city': 'Enniscorthy', 'state': 'Dún Laoghaire–Rathdown', 'country': 'Ireland', 'postcode': 39775, 'coordinates': {'latitude': '-1.4899', 'longitude': '-117.8988'}, 'timezone': {'offset': '-12:00', 'description': 'Eniwetok, Kwajalein'}}, 'email': 'christian.howard@example.com', 'login': {'uuid': '260b1645-ea8f-4a68-8b88-9dde1d8373ab', 'username': 'orangeleopard622', 'password': 'photoes', 'salt': '6PF7NAII', 'md5': 'bf3e1982690624ce0e2248ce17ae7cba', 'sha1': '6502dbbf5b29ee27d7caecc53234cc4e40c55a9c', 'sha256': '05a57f9bdf0d2b11cc6683fcb037c3c4ca20f16bb615d6b85ae3f27063e9a6ce'}, 'dob': {'date': '1993-09-14T17:54:42.296Z', 'age': 30}, 'registered': {'date': '2018-11-20T07:31:01.966Z', 'age': 5}, 'phone': '011-852-4267', 'cell': '081-941-4607', 'id': {'name': 'PPS', 'value': '0170619T'}, 'picture': {'large': 'https://randomuser.me/api/portraits/men/92.jpg', 'medium': 'https://randomuser.me/api/portraits/med/men/92.jpg', 'thumbnail': 'https://randomuser.me/api/portraits/thumb/men/92.jpg'}, 'nat': 'IE'}</msg>
<arg>${json_data['results'][0]}</arg>
<doc>Logs the given message with the given level.</doc>
<status status="PASS" start="2024-05-31T21:14:13.438251" elapsed="0.000417"/>
</kw>
<kw name="Log" owner="BuiltIn">
<msg time="2024-05-31T21:14:13.439092" level="INFO">login</msg>
<arg>${key}</arg>
<doc>Logs the given message with the given level.</doc>
<status status="PASS" start="2024-05-31T21:14:13.438962" elapsed="0.000167"/>
</kw>
<var name="${key}">login</var>
<status status="PASS" start="2024-05-31T21:14:13.437422" elapsed="0.001978"/>
</iter>
<var>${key}</var>
<value>@{expected_keys}</value>
<status status="PASS" start="2024-05-31T21:14:13.427959" elapsed="0.011580"/>
</for>
<kw name="Create List" owner="BuiltIn">
<msg time="2024-05-31T21:14:13.439877" level="INFO">${expected_keysTwo} = ['username', 'password']</msg>
<var>${expected_keysTwo}</var>
<arg>username</arg>
<arg>password</arg>
<doc>Returns a list containing given items.</doc>
<status status="PASS" start="2024-05-31T21:14:13.439737" elapsed="0.000164"/>
</kw>
<for flavor="IN">
<iter>
<kw name="Dictionary Should Contain Key" owner="Collections">
<msg time="2024-05-31T21:14:13.440786" level="INFO">False</msg>
<arg>${json_data['results'][0]['login']}</arg>
<arg>${keyTwo}</arg>
<doc>Fails if ``key`` is not found from ``dictionary``.</doc>
<status status="PASS" start="2024-05-31T21:14:13.440398" elapsed="0.000425"/>
</kw>
<kw name="Dictionary Should Contain Key" owner="Collections">
<msg time="2024-05-31T21:14:13.441496" level="INFO">False</msg>
<arg>${json_data['results'][0]['login']}</arg>
<arg>${keyTwo}</arg>
<doc>Fails if ``key`` is not found from ``dictionary``.</doc>
<status status="PASS" start="2024-05-31T21:14:13.441118" elapsed="0.000415"/>
</kw>
<kw name="Log" owner="BuiltIn">
<msg time="2024-05-31T21:14:13.441957" level="INFO">username</msg>
<arg>${keyTwo}</arg>
<doc>Logs the given message with the given level.</doc>
<status status="PASS" start="2024-05-31T21:14:13.441827" elapsed="0.000169"/>
</kw>
<var name="${keyTwo}">username</var>
<status status="PASS" start="2024-05-31T21:14:13.440289" elapsed="0.001921"/>
</iter>
<iter>
<kw name="Dictionary Should Contain Key" owner="Collections">
<msg time="2024-05-31T21:14:13.442877" level="INFO">False</msg>
<arg>${json_data['results'][0]['login']}</arg>
<arg>${keyTwo}</arg>
<doc>Fails if ``key`` is not found from ``dictionary``.</doc>
<status status="PASS" start="2024-05-31T21:14:13.442492" elapsed="0.000423"/>
</kw>
<kw name="Dictionary Should Contain Key" owner="Collections">
<msg time="2024-05-31T21:14:13.443644" level="INFO">False</msg>
<arg>${json_data['results'][0]['login']}</arg>
<arg>${keyTwo}</arg>
<doc>Fails if ``key`` is not found from ``dictionary``.</doc>
<status status="PASS" start="2024-05-31T21:14:13.443208" elapsed="0.000474"/>
</kw>
<kw name="Log" owner="BuiltIn">
<msg time="2024-05-31T21:14:13.444106" level="INFO">password</msg>
<arg>${keyTwo}</arg>
<doc>Logs the given message with the given level.</doc>
<status status="PASS" start="2024-05-31T21:14:13.443976" elapsed="0.000168"/>
</kw>
<var name="${keyTwo}">password</var>
<status status="PASS" start="2024-05-31T21:14:13.442382" elapsed="0.001978"/>
</iter>
<var>${keyTwo}</var>
<value>@{expected_keysTwo}</value>
<status status="PASS" start="2024-05-31T21:14:13.440140" elapsed="0.004340"/>
</for>
<status status="PASS" start="2024-05-31T21:14:13.323926" elapsed="0.120695"/>
</kw>
<doc>Testa a estrutura da resposta da API.</doc>
<tag>testeEstruturaResposta</tag>
<status status="PASS" start="2024-05-31T21:14:13.323410" elapsed="0.121369"/>
</test>
<test id="s1-s1-t4" name="Validar tipos de dados" line="28">
<kw name="Teste de Tipos de Dados" owner="random-user-service">
<kw name="GET On Session" owner="RequestsLibrary">
<msg time="2024-05-31T21:14:13.544994" level="INFO">GET Request : url=https://randomuser.me/api 
 path_url=/api 
 headers={'User-Agent': 'python-requests/2.32.3', 'Accept-Encoding': 'gzip, deflate', 'Accept': '*/*', 'Connection': 'keep-alive'} 
 body=None 
 </msg>
<msg time="2024-05-31T21:14:13.545093" level="INFO">GET Response : url=https://randomuser.me/api 
 status=200, reason=OK 
 headers={'Date': 'Fri, 31 May 2024 21:14:13 GMT', 'Content-Type': 'application/json; charset=utf-8', 'Transfer-Encoding': 'chunked', 'Connection': 'keep-alive', 'X-Powered-By': 'Express', 'Access-Control-Allow-Origin': '*', 'Cache-Control': 'no-cache', 'ETag': 'W/"491-GZ4jiL1+cFK/F6CHtOCb7wzanuk"', 'Vary': 'Accept-Encoding', 'Content-Encoding': 'gzip', 'CF-Cache-Status': 'DYNAMIC', 'Report-To': '{"endpoints":[{"url":"https:\\/\\/a.nel.cloudflare.com\\/report\\/v4?s=IASyfCZsdZQ14QfPJBcbLHPKgM5rP77hPgbqBgN4LTwjrS5KJSHmG0C%2Fmy4ukYSzS19RZwsYhYJIWF77KV869sCAZxxZ5Jbx09q5VyqWIlxoUqGpKajxhuESz9Kpva3X"}],"group":"cf-nel","max_age":604800}', 'NEL': '{"success_fraction":0,"report_to":"cf-nel","max_age":604800}', 'Server': 'cloudflare', 'CF-RAY': '88c9f8ea1c920fb5-LAX', 'alt-svc': 'h3=":443"; ma=86400'} 
 body={"results":[{"gender":"female","name":{"title":"Mrs","first":"فاطمه","last":"حسینی"},"location":{"street":{"number":8469,"name":"دیباجی"},"city":"نیشابور","state":"قم","country":"Iran","postcode":48163,"coordinates":{"latitude":"16.0974","longitude":"5.1819"},"timezone":{"offset":"-5:00","description":"Eastern Time (US &amp; Canada), Bogota, Lima"}},"email":"ftmh.hsyny@example.com","login":{"uuid":"9183d4c8-60f4-498b-996a-95a0fa347a3d","username":"redmeercat418","password":"hammer1","salt":"d0rJFSvL","md5":"8d5aac90019e245a411f9a69ab22035b","sha1":"258ed89a9a527e71e6ebe61a908a2bcc77553a30","sha256":"5ac7c1d4b3464012856c3f85c0ef685b6379b9c422a2d26a90cd50fb343f1dee"},"dob":{"date":"1980-02-18T12:09:32.919Z","age":44},"registered":{"date":"2002-06-13T12:49:34.397Z","age":21},"phone":"062-24628504","cell":"0912-050-1601","id":{"name":"","value":null},"picture":{"large":"https://randomuser.me/api/portraits/women/92.jpg","medium":"https://randomuser.me/api/portraits/med/women/92.jpg","thumbnail":"https://randomuser.me/api/portraits/thumb/women/92.jpg"},"nat":"IR"}],"info":{"seed":"d4da58ec726f256f","results":1,"page":1,"version":"1.4"}} 
 </msg>
<msg time="2024-05-31T21:14:13.545166" level="INFO">/opt/hostedtoolcache/Python/3.12.3/x64/lib/python3.12/site-packages/urllib3/connectionpool.py:1103: InsecureRequestWarning: Unverified HTTPS request is being made to host 'randomuser.me'. Adding certificate verification is strongly advised. See: https://urllib3.readthedocs.io/en/latest/advanced-usage.html#tls-warnings
  warnings.warn(</msg>
<msg time="2024-05-31T21:14:13.545292" level="INFO">${response} = &lt;Response [200]&gt;</msg>
<var>${response}</var>
<arg>consultarAPI</arg>
<arg>/api</arg>
<doc>Sends a GET request on a previously created HTTP Session.</doc>
<status status="PASS" start="2024-05-31T21:14:13.447331" elapsed="0.098001"/>
</kw>
<kw name="Set Variable" owner="BuiltIn">
<msg time="2024-05-31T21:14:13.546541" level="INFO">${json_data} = {'results': [{'gender': 'female', 'name': {'title': 'Mrs', 'first': 'فاطمه', 'last': 'حسینی'}, 'location': {'street': {'number': 8469, 'name': 'دیباجی'}, 'city': 'نیشابور', 'state': 'قم', 'country': '...</msg>
<var>${json_data}</var>
<arg>${response.json()}</arg>
<doc>Returns the given values which can then be assigned to a variables.</doc>
<status status="PASS" start="2024-05-31T21:14:13.545975" elapsed="0.000596"/>
</kw>
<kw name="Log" owner="BuiltIn">
<msg time="2024-05-31T21:14:13.547064" level="INFO">{'results': [{'gender': 'female', 'name': {'title': 'Mrs', 'first': 'فاطمه', 'last': 'حسینی'}, 'location': {'street': {'number': 8469, 'name': 'دیباجی'}, 'city': 'نیشابور', 'state': 'قم', 'country': 'Iran', 'postcode': 48163, 'coordinates': {'latitude': '16.0974', 'longitude': '5.1819'}, 'timezone': {'offset': '-5:00', 'description': 'Eastern Time (US &amp; Canada), Bogota, Lima'}}, 'email': 'ftmh.hsyny@example.com', 'login': {'uuid': '9183d4c8-60f4-498b-996a-95a0fa347a3d', 'username': 'redmeercat418', 'password': 'hammer1', 'salt': 'd0rJFSvL', 'md5': '8d5aac90019e245a411f9a69ab22035b', 'sha1': '258ed89a9a527e71e6ebe61a908a2bcc77553a30', 'sha256': '5ac7c1d4b3464012856c3f85c0ef685b6379b9c422a2d26a90cd50fb343f1dee'}, 'dob': {'date': '1980-02-18T12:09:32.919Z', 'age': 44}, 'registered': {'date': '2002-06-13T12:49:34.397Z', 'age': 21}, 'phone': '062-24628504', 'cell': '0912-050-1601', 'id': {'name': '', 'value': None}, 'picture': {'large': 'https://randomuser.me/api/portraits/women/92.jpg', 'medium': 'https://randomuser.me/api/portraits/med/women/92.jpg', 'thumbnail': 'https://randomuser.me/api/portraits/thumb/women/92.jpg'}, 'nat': 'IR'}], 'info': {'seed': 'd4da58ec726f256f', 'results': 1, 'page': 1, 'version': '1.4'}}</msg>
<arg>${json_data}</arg>
<doc>Logs the given message with the given level.</doc>
<status status="PASS" start="2024-05-31T21:14:13.546896" elapsed="0.000274"/>
</kw>
<kw name="Should Be String" owner="String">
<arg>${json_data['results'][0]['gender']}</arg>
<doc>Fails if the given ``item`` is not a string.</doc>
<status status="PASS" start="2024-05-31T21:14:13.547522" elapsed="0.000373"/>
</kw>
<kw name="Should Match Regexp" owner="BuiltIn">
<arg>${json_data['results'][0]['email']}</arg>
<arg>^[a-zA-Z0-9._%+-]+@[a-zA-Z0-9.-]+\.[a-zA-Z]{2,}$</arg>
<doc>Fails if ``string`` does not match ``pattern`` as a regular expression.</doc>
<status status="PASS" start="2024-05-31T21:14:13.548089" elapsed="0.000660"/>
</kw>
<kw name="Should Match Regexp" owner="BuiltIn">
<arg>${json_data['results'][0]['dob']['date']}</arg>
<arg>\\d{4}-\\d{2}-\\d{2}T\\d{2}:\\d{2}:\\d{2}\\.\\d{3}Z</arg>
<doc>Fails if ``string`` does not match ``pattern`` as a regular expression.</doc>
<status status="PASS" start="2024-05-31T21:14:13.548946" elapsed="0.000481"/>
</kw>
<kw name="Should Match Regexp" owner="BuiltIn">
<arg>${json_data['results'][0]['registered']['date']}</arg>
<arg>\\d{4}-\\d{2}-\\d{2}T\\d{2}:\\d{2}:\\d{2}\\.\\d{3}Z</arg>
<doc>Fails if ``string`` does not match ``pattern`` as a regular expression.</doc>
<status status="PASS" start="2024-05-31T21:14:13.549619" elapsed="0.000407"/>
</kw>
<kw name="Should Match Regexp" owner="BuiltIn">
<arg>${json_data['results'][0]['picture']['large']}</arg>
<arg>^https?://.*\.(?:png|jpe?g|gif|bmp)$</arg>
<doc>Fails if ``string`` does not match ``pattern`` as a regular expression.</doc>
<status status="PASS" start="2024-05-31T21:14:13.550217" elapsed="0.000460"/>
</kw>
<kw name="Should Match Regexp" owner="BuiltIn">
<arg>${json_data['results'][0]['picture']['medium']}</arg>
<arg>^https?://.*\.(?:png|jpe?g|gif|bmp)$</arg>
<doc>Fails if ``string`` does not match ``pattern`` as a regular expression.</doc>
<status status="PASS" start="2024-05-31T21:14:13.550866" elapsed="0.000347"/>
</kw>
<kw name="Should Match Regexp" owner="BuiltIn">
<arg>${json_data['results'][0]['picture']['thumbnail']}</arg>
<arg>^https?://.*\.(?:png|jpe?g|gif|bmp)$</arg>
<doc>Fails if ``string`` does not match ``pattern`` as a regular expression.</doc>
<status status="PASS" start="2024-05-31T21:14:13.551425" elapsed="0.000350"/>
</kw>
<kw name="Log" owner="BuiltIn">
<msg time="2024-05-31T21:14:13.552277" level="INFO">{'large': 'https://randomuser.me/api/portraits/women/92.jpg', 'medium': 'https://randomuser.me/api/portraits/med/women/92.jpg', 'thumbnail': 'https://randomuser.me/api/portraits/thumb/women/92.jpg'}</msg>
<arg>${json_data['results'][0]['picture']}</arg>
<doc>Logs the given message with the given level.</doc>
<status status="PASS" start="2024-05-31T21:14:13.551957" elapsed="0.000362"/>
</kw>
<status status="PASS" start="2024-05-31T21:14:13.447099" elapsed="0.105493"/>
</kw>
<kw name="Teste de Tipos de Dados - Postcode" owner="random-user-service">
<kw name="GET On Session" owner="RequestsLibrary">
<msg time="2024-05-31T21:14:13.650750" level="INFO">GET Request : url=https://randomuser.me/api 
 path_url=/api 
 headers={'User-Agent': 'python-requests/2.32.3', 'Accept-Encoding': 'gzip, deflate', 'Accept': '*/*', 'Connection': 'keep-alive'} 
 body=None 
 </msg>
<msg time="2024-05-31T21:14:13.650854" level="INFO">GET Response : url=https://randomuser.me/api 
 status=200, reason=OK 
 headers={'Date': 'Fri, 31 May 2024 21:14:13 GMT', 'Content-Type': 'application/json; charset=utf-8', 'Transfer-Encoding': 'chunked', 'Connection': 'keep-alive', 'X-Powered-By': 'Express', 'Access-Control-Allow-Origin': '*', 'Cache-Control': 'no-cache', 'ETag': 'W/"484-BoTvEVyjm6VDO5q68S+Nw32MU/A"', 'Vary': 'Accept-Encoding', 'Content-Encoding': 'gzip', 'CF-Cache-Status': 'DYNAMIC', 'Report-To': '{"endpoints":[{"url":"https:\\/\\/a.nel.cloudflare.com\\/report\\/v4?s=sgy9iBGWIynQ0QwuFXZHN1EoOa4ijZ%2Br84ctwwJd0zCHTOI%2BPDko7IuPrpXIQvwbZEa5fNqYsgn%2BHEAp3gOqXZpDV4SzEBMNVp%2F6IPB0O6WcurYRJbPBcbd%2BjWYyZlw7"}],"group":"cf-nel","max_age":604800}', 'NEL': '{"success_fraction":0,"report_to":"cf-nel","max_age":604800}', 'Server': 'cloudflare', 'CF-RAY': '88c9f8eabd8d0fb5-LAX', 'alt-svc': 'h3=":443"; ma=86400'} 
 body={"results":[{"gender":"male","name":{"title":"Mr","first":"Alivar","last":"da Luz"},"location":{"street":{"number":7687,"name":"Rua São Francisco "},"city":"Barretos","state":"Tocantins","country":"Brazil","postcode":25936,"coordinates":{"latitude":"-81.3809","longitude":"-96.1272"},"timezone":{"offset":"-3:30","description":"Newfoundland"}},"email":"alivar.daluz@example.com","login":{"uuid":"144cb1f2-e921-4d9e-814b-0045b29aaca6","username":"brownpeacock149","password":"beacon","salt":"3MieYK4G","md5":"5f28ac3ee3d3b6c22ccbbf815c4c4114","sha1":"6d1a68a0034fd7c52a0f9a592caaf0bac5035d49","sha256":"fea16558ec8815cabbf01c86b903e874001b2a0c1b4e96bc63889af483c18aea"},"dob":{"date":"1946-11-27T03:53:09.196Z","age":77},"registered":{"date":"2008-01-21T11:14:07.546Z","age":16},"phone":"(71) 5667-6444","cell":"(39) 3548-7316","id":{"name":"CPF","value":"322.901.558-83"},"picture":{"large":"https://randomuser.me/api/portraits/men/34.jpg","medium":"https://randomuser.me/api/portraits/med/men/34.jpg","thumbnail":"https://randomuser.me/api/portraits/thumb/men/34.jpg"},"nat":"BR"}],"info":{"seed":"8a80ad41c9d85eba","results":1,"page":1,"version":"1.4"}} 
 </msg>
<msg time="2024-05-31T21:14:13.650937" level="INFO">/opt/hostedtoolcache/Python/3.12.3/x64/lib/python3.12/site-packages/urllib3/connectionpool.py:1103: InsecureRequestWarning: Unverified HTTPS request is being made to host 'randomuser.me'. Adding certificate verification is strongly advised. See: https://urllib3.readthedocs.io/en/latest/advanced-usage.html#tls-warnings
  warnings.warn(</msg>
<msg time="2024-05-31T21:14:13.651080" level="INFO">${response} = &lt;Response [200]&gt;</msg>
<var>${response}</var>
<arg>consultarAPI</arg>
<arg>/api</arg>
<doc>Sends a GET request on a previously created HTTP Session.</doc>
<status status="PASS" start="2024-05-31T21:14:13.553049" elapsed="0.098105"/>
</kw>
<kw name="Set Variable" owner="BuiltIn">
<msg time="2024-05-31T21:14:13.652294" level="INFO">${json_data} = {'results': [{'gender': 'male', 'name': {'title': 'Mr', 'first': 'Alivar', 'last': 'da Luz'}, 'location': {'street': {'number': 7687, 'name': 'Rua São Francisco '}, 'city': 'Barretos', 'state': 'Tocan...</msg>
<var>${json_data}</var>
<arg>${response.json()}</arg>
<doc>Returns the given values which can then be assigned to a variables.</doc>
<status status="PASS" start="2024-05-31T21:14:13.651725" elapsed="0.000598"/>
</kw>
<kw name="Log" owner="BuiltIn">
<msg time="2024-05-31T21:14:13.652791" level="INFO">{'results': [{'gender': 'male', 'name': {'title': 'Mr', 'first': 'Alivar', 'last': 'da Luz'}, 'location': {'street': {'number': 7687, 'name': 'Rua São Francisco '}, 'city': 'Barretos', 'state': 'Tocantins', 'country': 'Brazil', 'postcode': 25936, 'coordinates': {'latitude': '-81.3809', 'longitude': '-96.1272'}, 'timezone': {'offset': '-3:30', 'description': 'Newfoundland'}}, 'email': 'alivar.daluz@example.com', 'login': {'uuid': '144cb1f2-e921-4d9e-814b-0045b29aaca6', 'username': 'brownpeacock149', 'password': 'beacon', 'salt': '3MieYK4G', 'md5': '5f28ac3ee3d3b6c22ccbbf815c4c4114', 'sha1': '6d1a68a0034fd7c52a0f9a592caaf0bac5035d49', 'sha256': 'fea16558ec8815cabbf01c86b903e874001b2a0c1b4e96bc63889af483c18aea'}, 'dob': {'date': '1946-11-27T03:53:09.196Z', 'age': 77}, 'registered': {'date': '2008-01-21T11:14:07.546Z', 'age': 16}, 'phone': '(71) 5667-6444', 'cell': '(39) 3548-7316', 'id': {'name': 'CPF', 'value': '322.901.558-83'}, 'picture': {'large': 'https://randomuser.me/api/portraits/men/34.jpg', 'medium': 'https://randomuser.me/api/portraits/med/men/34.jpg', 'thumbnail': 'https://randomuser.me/api/portraits/thumb/men/34.jpg'}, 'nat': 'BR'}], 'info': {'seed': '8a80ad41c9d85eba', 'results': 1, 'page': 1, 'version': '1.4'}}</msg>
<arg>${json_data}</arg>
<doc>Logs the given message with the given level.</doc>
<status status="PASS" start="2024-05-31T21:14:13.652633" elapsed="0.000243"/>
</kw>
<kw name="Should Be Equal As Numbers" owner="BuiltIn">
<arg>${json_data['results'][0]['location']['postcode']}</arg>
<arg>${json_data['results'][0]['location']['postcode']}</arg>
<doc>Fails if objects are unequal after converting them to real numbers.</doc>
<status status="PASS" start="2024-05-31T21:14:13.653176" elapsed="0.000622"/>
</kw>
<kw name="Log" owner="BuiltIn">
<msg time="2024-05-31T21:14:13.654323" level="INFO">25936</msg>
<arg>${json_data['results'][0]['location']['postcode']}</arg>
<doc>Logs the given message with the given level.</doc>
<status status="PASS" start="2024-05-31T21:14:13.653989" elapsed="0.000374"/>
</kw>
<status status="PASS" start="2024-05-31T21:14:13.552820" elapsed="0.101798"/>
</kw>
<doc>Testa se os tipos de dados na resposta da API estão corretos.</doc>
<tag>testeTiposDados</tag>
<status status="PASS" start="2024-05-31T21:14:13.446529" elapsed="0.208254"/>
</test>
<test id="s1-s1-t5" name="Validar conteudo" line="35">
<kw name="Teste de Tipos de Conteudo" owner="random-user-service">
<kw name="GET On Session" owner="RequestsLibrary">
<msg time="2024-05-31T21:14:13.761775" level="INFO">GET Request : url=https://randomuser.me/api 
 path_url=/api 
 headers={'User-Agent': 'python-requests/2.32.3', 'Accept-Encoding': 'gzip, deflate', 'Accept': '*/*', 'Connection': 'keep-alive'} 
 body=None 
 </msg>
<msg time="2024-05-31T21:14:13.761896" level="INFO">GET Response : url=https://randomuser.me/api 
 status=200, reason=OK 
 headers={'Date': 'Fri, 31 May 2024 21:14:13 GMT', 'Content-Type': 'application/json; charset=utf-8', 'Transfer-Encoding': 'chunked', 'Connection': 'keep-alive', 'X-Powered-By': 'Express', 'Access-Control-Allow-Origin': '*', 'Cache-Control': 'no-cache', 'ETag': 'W/"490-CBe8t4MG9/A6AKH2vrFTOk8d5Ow"', 'Vary': 'Accept-Encoding', 'Content-Encoding': 'gzip', 'CF-Cache-Status': 'DYNAMIC', 'Report-To': '{"endpoints":[{"url":"https:\\/\\/a.nel.cloudflare.com\\/report\\/v4?s=obmbqE0C%2BwKqM28i5tYu3frS%2FSBgCeWQ0%2B9mSG3EYWQOQRS6FaUMW6U7OZNzzblbKw1gX6X6evJLPVwCgDEHJmG5mTy2wRbPb0DUOZq7L0QhCK3%2ByRCtQCJdz5qOIDpg"}],"group":"cf-nel","max_age":604800}', 'NEL': '{"success_fraction":0,"report_to":"cf-nel","max_age":604800}', 'Server': 'cloudflare', 'CF-RAY': '88c9f8eb6e840fb5-LAX', 'alt-svc': 'h3=":443"; ma=86400'} 
 body={"results":[{"gender":"female","name":{"title":"Ms","first":"María Cristina","last":"Saiz"},"location":{"street":{"number":6757,"name":"Pasaje Sinaloa"},"city":"San Felipe","state":"Guerrero","country":"Mexico","postcode":50656,"coordinates":{"latitude":"26.7724","longitude":"88.1403"},"timezone":{"offset":"-3:30","description":"Newfoundland"}},"email":"mariacristina.saiz@example.com","login":{"uuid":"acc4aaa6-7af5-4e04-b674-1f7c4b8925c4","username":"goldenbird996","password":"holes","salt":"N9w5aslx","md5":"6734247dfd2e88f37d3718da119732f1","sha1":"765cf9103746aeaf9ef6b888130a60eed466c62e","sha256":"394bd71bd6282aa5715ab0aa6d6ccc8d2fde1fd9f1ce920cb54891af1d11d893"},"dob":{"date":"1969-10-26T09:16:59.181Z","age":54},"registered":{"date":"2018-04-27T13:26:32.095Z","age":6},"phone":"(675) 613 7208","cell":"(627) 513 5119","id":{"name":"NSS","value":"72 34 69 1816 2"},"picture":{"large":"https://randomuser.me/api/portraits/women/27.jpg","medium":"https://randomuser.me/api/portraits/med/women/27.jpg","thumbnail":"https://randomuser.me/api/portraits/thumb/women/27.jpg"},"nat":"MX"}],"info":{"seed":"fe13bd096ed18fef","results":1,"page":1,"version":"1.4"}} 
 </msg>
<msg time="2024-05-31T21:14:13.761999" level="INFO">/opt/hostedtoolcache/Python/3.12.3/x64/lib/python3.12/site-packages/urllib3/connectionpool.py:1103: InsecureRequestWarning: Unverified HTTPS request is being made to host 'randomuser.me'. Adding certificate verification is strongly advised. See: https://urllib3.readthedocs.io/en/latest/advanced-usage.html#tls-warnings
  warnings.warn(</msg>
<msg time="2024-05-31T21:14:13.762151" level="INFO">${response} = &lt;Response [200]&gt;</msg>
<var>${response}</var>
<arg>consultarAPI</arg>
<arg>/api</arg>
<doc>Sends a GET request on a previously created HTTP Session.</doc>
<status status="PASS" start="2024-05-31T21:14:13.657324" elapsed="0.104874"/>
</kw>
<kw name="Set Variable" owner="BuiltIn">
<msg time="2024-05-31T21:14:13.763593" level="INFO">${json_data} = {'results': [{'gender': 'female', 'name': {'title': 'Ms', 'first': 'María Cristina', 'last': 'Saiz'}, 'location': {'street': {'number': 6757, 'name': 'Pasaje Sinaloa'}, 'city': 'San Felipe', 'state': ...</msg>
<var>${json_data}</var>
<arg>${response.json()}</arg>
<doc>Returns the given values which can then be assigned to a variables.</doc>
<status status="PASS" start="2024-05-31T21:14:13.762781" elapsed="0.000858"/>
</kw>
<kw name="Set Variable" owner="BuiltIn">
<msg time="2024-05-31T21:14:13.764770" level="INFO">${name_title} = Ms</msg>
<var>${name_title}</var>
<arg>${json_data["results"][0]["name"]["title"]}</arg>
<doc>Returns the given values which can then be assigned to a variables.</doc>
<status status="PASS" start="2024-05-31T21:14:13.764110" elapsed="0.000704"/>
</kw>
<kw name="Create List" owner="BuiltIn">
<msg time="2024-05-31T21:14:13.765477" level="INFO">${allowed_titles} = ['Mr', 'Ms', 'Miss', 'Mrs', 'Madame', 'Monsieur']</msg>
<var>${allowed_titles}</var>
<arg>Mr</arg>
<arg>Ms</arg>
<arg>Miss</arg>
<arg>Mrs</arg>
<arg>Madame</arg>
<arg>Monsieur</arg>
<doc>Returns a list containing given items.</doc>
<status status="PASS" start="2024-05-31T21:14:13.765255" elapsed="0.000261"/>
</kw>
<kw name="List Should Contain Value" owner="Collections">
<msg time="2024-05-31T21:14:13.766219" level="INFO">False</msg>
<arg>${allowed_titles}</arg>
<arg>${name_title}</arg>
<doc>Fails if the ``value`` is not found from ``list``.</doc>
<status status="PASS" start="2024-05-31T21:14:13.765963" elapsed="0.000311"/>
</kw>
<kw name="Set Variable" owner="BuiltIn">
<msg time="2024-05-31T21:14:13.767609" level="INFO">${name_country} = MX</msg>
<var>${name_country}</var>
<arg>${json_data["results"][0]["nat"]}</arg>
<doc>Returns the given values which can then be assigned to a variables.</doc>
<status status="PASS" start="2024-05-31T21:14:13.766720" elapsed="0.000934"/>
</kw>
<kw name="Create List" owner="BuiltIn">
<msg time="2024-05-31T21:14:13.769318" level="INFO">${list_country} = ['AD', 'AE', 'AF', 'AG', 'AI', 'AL', 'AM', 'AO', 'AQ', 'AR', 'AS', 'AT', 'AU', 'AW', 'AX', 'AZ', 'BA', 'BB', 'BD', 'BE', 'BF', 'BG', 'BH', 'BI', 'BJ', 'BL', 'BM', 'BN', 'BO', 'BQ', 'BR', 'BS', 'BT', '...</msg>
<var>${list_country}</var>
<arg>AD</arg>
<arg>AE</arg>
<arg>AF</arg>
<arg>AG</arg>
<arg>AI</arg>
<arg>AL</arg>
<arg>AM</arg>
<arg>AO</arg>
<arg>AQ</arg>
<arg>AR</arg>
<arg>AS</arg>
<arg>AT</arg>
<arg>AU</arg>
<arg>AW</arg>
<arg>AX</arg>
<arg>AZ</arg>
<arg>BA</arg>
<arg>BB</arg>
<arg>BD</arg>
<arg>BE</arg>
<arg>BF</arg>
<arg>BG</arg>
<arg>BH</arg>
<arg>BI</arg>
<arg>BJ</arg>
<arg>BL</arg>
<arg>BM</arg>
<arg>BN</arg>
<arg>BO</arg>
<arg>BQ</arg>
<arg>BR</arg>
<arg>BS</arg>
<arg>BT</arg>
<arg>BV</arg>
<arg>BW</arg>
<arg>BY</arg>
<arg>BZ</arg>
<arg>CA</arg>
<arg>CC</arg>
<arg>CD</arg>
<arg>CF</arg>
<arg>CG</arg>
<arg>CH</arg>
<arg>CI</arg>
<arg>CK</arg>
<arg>CL</arg>
<arg>CM</arg>
<arg>CN</arg>
<arg>CO</arg>
<arg>CR</arg>
<arg>CU</arg>
<arg>CV</arg>
<arg>CW</arg>
<arg>CX</arg>
<arg>CY</arg>
<arg>CZ</arg>
<arg>DE</arg>
<arg>DJ</arg>
<arg>DK</arg>
<arg>DM</arg>
<arg>DO</arg>
<arg>DZ</arg>
<arg>EC</arg>
<arg>EE</arg>
<arg>EG</arg>
<arg>EH</arg>
<arg>ER</arg>
<arg>ES</arg>
<arg>ET</arg>
<arg>FI</arg>
<arg>FJ</arg>
<arg>FK</arg>
<arg>FM</arg>
<arg>FO</arg>
<arg>FR</arg>
<arg>GA</arg>
<arg>GB</arg>
<arg>GD</arg>
<arg>GE</arg>
<arg>GF</arg>
<arg>GG</arg>
<arg>GH</arg>
<arg>GI</arg>
<arg>GL</arg>
<arg>GM</arg>
<arg>GN</arg>
<arg>GP</arg>
<arg>GQ</arg>
<arg>GR</arg>
<arg>GS</arg>
<arg>GT</arg>
<arg>GU</arg>
<arg>GW</arg>
<arg>GY</arg>
<arg>HK</arg>
<arg>HM</arg>
<arg>HN</arg>
<arg>HR</arg>
<arg>HT</arg>
<arg>HU</arg>
<arg>ID</arg>
<arg>IE</arg>
<arg>IL</arg>
<arg>IM</arg>
<arg>IN</arg>
<arg>IO</arg>
<arg>IQ</arg>
<arg>IR</arg>
<arg>IS</arg>
<arg>IT</arg>
<arg>JE</arg>
<arg>JM</arg>
<arg>JO</arg>
<arg>JP</arg>
<arg>KE</arg>
<arg>KG</arg>
<arg>KH</arg>
<arg>KI</arg>
<arg>KM</arg>
<arg>KN</arg>
<arg>KP</arg>
<arg>KR</arg>
<arg>KW</arg>
<arg>KY</arg>
<arg>KZ</arg>
<arg>LA</arg>
<arg>LB</arg>
<arg>LC</arg>
<arg>LI</arg>
<arg>LK</arg>
<arg>LR</arg>
<arg>LS</arg>
<arg>LT</arg>
<arg>LU</arg>
<arg>LV</arg>
<arg>LY</arg>
<arg>MA</arg>
<arg>MC</arg>
<arg>MD</arg>
<arg>ME</arg>
<arg>MF</arg>
<arg>MG</arg>
<arg>MH</arg>
<arg>MK</arg>
<arg>ML</arg>
<arg>MM</arg>
<arg>MN</arg>
<arg>MO</arg>
<arg>MP</arg>
<arg>MQ</arg>
<arg>MR</arg>
<arg>MS</arg>
<arg>MT</arg>
<arg>MU</arg>
<arg>MV</arg>
<arg>MW</arg>
<arg>MX</arg>
<arg>MY</arg>
<arg>MZ</arg>
<arg>NA</arg>
<arg>NC</arg>
<arg>NE</arg>
<arg>NF</arg>
<arg>NG</arg>
<arg>NI</arg>
<arg>NL</arg>
<arg>NO</arg>
<arg>NP</arg>
<arg>NR</arg>
<arg>NU</arg>
<arg>NZ</arg>
<arg>OM</arg>
<arg>PA</arg>
<arg>PE</arg>
<arg>PF</arg>
<arg>PG</arg>
<arg>PH</arg>
<arg>PK</arg>
<arg>PL</arg>
<arg>PM</arg>
<arg>PN</arg>
<arg>PR</arg>
<arg>PS</arg>
<arg>PT</arg>
<arg>PW</arg>
<arg>PY</arg>
<arg>QA</arg>
<arg>RE</arg>
<arg>RO</arg>
<arg>RS</arg>
<arg>RU</arg>
<arg>RW</arg>
<arg>SA</arg>
<arg>SB</arg>
<arg>SC</arg>
<arg>SD</arg>
<arg>SE</arg>
<arg>SG</arg>
<arg>SH</arg>
<arg>SI</arg>
<arg>SJ</arg>
<arg>SK</arg>
<arg>SL</arg>
<arg>SM</arg>
<arg>SN</arg>
<arg>SO</arg>
<arg>SR</arg>
<arg>SS</arg>
<arg>ST</arg>
<arg>SV</arg>
<arg>SX</arg>
<arg>SY</arg>
<arg>SZ</arg>
<arg>TC</arg>
<arg>TD</arg>
<arg>TF</arg>
<arg>TG</arg>
<arg>TH</arg>
<arg>TJ</arg>
<arg>TK</arg>
<arg>TL</arg>
<arg>TM</arg>
<arg>TN</arg>
<arg>TO</arg>
<arg>TR</arg>
<arg>TT</arg>
<arg>TV</arg>
<arg>TW</arg>
<arg>TZ</arg>
<arg>UA</arg>
<arg>UG</arg>
<arg>UM</arg>
<arg>US</arg>
<arg>UY</arg>
<arg>UZ</arg>
<arg>VA</arg>
<arg>VC</arg>
<arg>VE</arg>
<arg>VG</arg>
<arg>VI</arg>
<arg>VN</arg>
<arg>VU</arg>
<arg>WF</arg>
<arg>WS</arg>
<arg>XK</arg>
<arg>YE</arg>
<arg>YT</arg>
<arg>ZA</arg>
<arg>ZM</arg>
<arg>ZW</arg>
<doc>Returns a list containing given items.</doc>
<status status="PASS" start="2024-05-31T21:14:13.768152" elapsed="0.001214"/>
</kw>
<kw name="List Should Contain Value" owner="Collections">
<msg time="2024-05-31T21:14:13.771171" level="INFO">False</msg>
<arg>${list_country}</arg>
<arg>${name_country}</arg>
<doc>Fails if the ``value`` is not found from ``list``.</doc>
<status status="PASS" start="2024-05-31T21:14:13.770820" elapsed="0.000417"/>
</kw>
<kw name="Run Keyword If" owner="BuiltIn">
<kw name="Should Be True" owner="BuiltIn">
<arg>${True}</arg>
<doc>Fails if the given condition is not true.</doc>
<status status="PASS" start="2024-05-31T21:14:13.773036" elapsed="0.000217"/>
</kw>
<arg>${json_data["results"][0]["location"]["coordinates"]["latitude"]} &gt;= -90 and ${json_data["results"][0]["location"]["coordinates"]["latitude"]} &lt;= 90</arg>
<arg>Should Be True</arg>
<arg>${True}</arg>
<doc>Runs the given keyword with the given arguments, if ``condition`` is true.</doc>
<status status="PASS" start="2024-05-31T21:14:13.771751" elapsed="0.001723"/>
</kw>
<kw name="Run Keyword If" owner="BuiltIn">
<kw name="Should Be True" owner="BuiltIn">
<arg>${True}</arg>
<doc>Fails if the given condition is not true.</doc>
<status status="PASS" start="2024-05-31T21:14:13.775077" elapsed="0.000206"/>
</kw>
<arg>${json_data["results"][0]["location"]["coordinates"]["longitude"]} &gt;= -180 and ${json_data["results"][0]["location"]["coordinates"]["longitude"]} &lt;= 180</arg>
<arg>Should Be True</arg>
<arg>${True}</arg>
<doc>Runs the given keyword with the given arguments, if ``condition`` is true.</doc>
<status status="PASS" start="2024-05-31T21:14:13.773817" elapsed="0.001697"/>
</kw>
<status status="PASS" start="2024-05-31T21:14:13.657098" elapsed="0.118630"/>
</kw>
<doc>Testa o conteúdo específico dos campos retornados pela API.</doc>
<tag>testeConteudo</tag>
<status status="PASS" start="2024-05-31T21:14:13.656567" elapsed="0.119396"/>
</test>
<status status="PASS" start="2024-05-31T21:14:12.693922" elapsed="1.085466"/>
</suite>
<status status="PASS" start="2024-05-31T21:14:12.680464" elapsed="1.105067"/>
</suite>
<statistics>
<total>
<stat pass="5" fail="0" skip="0">All Tests</stat>
</total>
<tag>
<stat pass="1" fail="0" skip="0">testeConteudo</stat>
<stat pass="1" fail="0" skip="0">testeEstruturaResposta</stat>
<stat pass="1" fail="0" skip="0">testeRequisicaoBasica</stat>
<stat pass="1" fail="0" skip="0">testeTiposDados</stat>
</tag>
<suite>
<stat pass="5" fail="0" skip="0" id="s1" name="Tests">Tests</stat>
<stat pass="5" fail="0" skip="0" id="s1-s1" name="Random-User-Test">Tests.Random-User-Test</stat>
</suite>
</statistics>
<errors>
</errors>
</robot>
