<?xml version="1.0" encoding="UTF-8"?>
<robot generator="Robot 7.0 (Python 3.12.2 on linux)" generated="2024-03-29T11:13:12.546663" rpa="false" schemaversion="5">
<suite id="s1" name="Tests" source="/home/runner/work/DesafioQAItauRogerioJordao/DesafioQAItauRogerioJordao/RamdonUser/tests">
<suite id="s1-s1" name="Random-User-Test" source="/home/runner/work/DesafioQAItauRogerioJordao/DesafioQAItauRogerioJordao/RamdonUser/tests/random-user-test.robot">
<test id="s1-s1-t1" name="Conectar" line="13">
<kw name="Conectar API" owner="random-user-service">
<kw name="Create Session" owner="RequestsLibrary">
<msg time="2024-03-29T11:13:12.979381" level="INFO">Creating Session using : alias=consultarAPI, url=https://randomuser.me/, headers={},                     cookies={}, auth=None, timeout=None, proxies=None, verify=False,                     debug=0 </msg>
<arg>consultarAPI</arg>
<arg>${URL}</arg>
<doc>Create Session: create a HTTP session to a server</doc>
<status status="PASS" start="2024-03-29T11:13:12.979185" elapsed="0.000351"/>
</kw>
<status status="PASS" start="2024-03-29T11:13:12.978203" elapsed="0.001685"/>
</kw>
<status status="PASS" start="2024-03-29T11:13:12.977688" elapsed="0.002407"/>
</test>
<test id="s1-s1-t2" name="Validar retorno 200 e JSON Válido" line="16">
<kw name="Teste de Requisicao Basica" owner="random-user-service">
<kw name="GET On Session" owner="RequestsLibrary">
<msg time="2024-03-29T11:13:13.092676" level="INFO">GET Request : url=https://randomuser.me/api 
 path_url=/api 
 headers={'User-Agent': 'python-requests/2.31.0', 'Accept-Encoding': 'gzip, deflate', 'Accept': '*/*', 'Connection': 'keep-alive'} 
 body=None 
 </msg>
<msg time="2024-03-29T11:13:13.092807" level="INFO">GET Response : url=https://randomuser.me/api 
 status=200, reason=OK 
 headers={'Date': 'Fri, 29 Mar 2024 11:13:13 GMT', 'Content-Type': 'application/json; charset=utf-8', 'Transfer-Encoding': 'chunked', 'Connection': 'keep-alive', 'X-Powered-By': 'Express', 'Access-Control-Allow-Origin': '*', 'Cache-Control': 'no-cache', 'ETag': 'W/"48b-HgcuIb7P93UDksmhpgoK0hY4nNw"', 'Vary': 'Accept-Encoding', 'Content-Encoding': 'gzip', 'CF-Cache-Status': 'DYNAMIC', 'Report-To': '{"endpoints":[{"url":"https:\\/\\/a.nel.cloudflare.com\\/report\\/v4?s=1LKSQu7kQTO2whjyo%2Bbx5vG9hcuImAupxtinW5NTDnJiv92dNPsDzUxMEaConNoZOz9c0IhrnLR1qybyn5wXMLc1oE8qsLZNNewyPRMUc6G9u7kKgPAXv6mrkgjpawEX"}],"group":"cf-nel","max_age":604800}', 'NEL': '{"success_fraction":0,"report_to":"cf-nel","max_age":604800}', 'Server': 'cloudflare', 'CF-RAY': '86bf6de84c1b6444-SJC', 'alt-svc': 'h3=":443"; ma=86400'} 
 body={"results":[{"gender":"male","name":{"title":"Mr","first":"Karsten","last":"Terjesen"},"location":{"street":{"number":8287,"name":"Øgårdsveien"},"city":"Jondal","state":"Hordaland","country":"Norway","postcode":"1719","coordinates":{"latitude":"41.4635","longitude":"-15.3966"},"timezone":{"offset":"+5:30","description":"Bombay, Calcutta, Madras, New Delhi"}},"email":"karsten.terjesen@example.com","login":{"uuid":"7dbdf553-d1f9-42c9-9949-3e8e95448017","username":"brownmeercat273","password":"massimo","salt":"2g8IlYKh","md5":"3ee7f527115bf19751ff8181c294556e","sha1":"6eb6b9ae56ebc3c3a0dbadd9efac3df373ad6503","sha256":"9bef31c6dd523e2668f09c6605eca2b6a29a5d5612b1773e17772cb9467b6759"},"dob":{"date":"1997-01-21T11:52:33.644Z","age":27},"registered":{"date":"2012-09-19T08:16:10.849Z","age":11},"phone":"63225004","cell":"92748835","id":{"name":"FN","value":"21019704316"},"picture":{"large":"https://randomuser.me/api/portraits/men/90.jpg","medium":"https://randomuser.me/api/portraits/med/men/90.jpg","thumbnail":"https://randomuser.me/api/portraits/thumb/men/90.jpg"},"nat":"NO"}],"info":{"seed":"621cfa7f6fe128c2","results":1,"page":1,"version":"1.4"}} 
 </msg>
<msg time="2024-03-29T11:13:13.092981" level="INFO">/opt/hostedtoolcache/Python/3.12.2/x64/lib/python3.12/site-packages/urllib3/connectionpool.py:1103: InsecureRequestWarning: Unverified HTTPS request is being made to host 'randomuser.me'. Adding certificate verification is strongly advised. See: https://urllib3.readthedocs.io/en/latest/advanced-usage.html#tls-warnings
  warnings.warn(</msg>
<msg time="2024-03-29T11:13:13.093140" level="INFO">${response} = &lt;Response [200]&gt;</msg>
<var>${response}</var>
<arg>consultarAPI</arg>
<arg>/api</arg>
<doc>Sends a GET request on a previously created HTTP Session.</doc>
<status status="PASS" start="2024-03-29T11:13:12.982681" elapsed="0.110498"/>
</kw>
<kw name="Should Be Equal As Numbers" owner="BuiltIn">
<msg time="2024-03-29T11:13:13.094144" level="INFO">Argument types are:
&lt;class 'int'&gt;
&lt;class 'str'&gt;</msg>
<arg>${response.status_code}</arg>
<arg>200</arg>
<doc>Fails if objects are unequal after converting them to real numbers.</doc>
<status status="PASS" start="2024-03-29T11:13:13.093664" elapsed="0.000542"/>
</kw>
<kw name="Log" owner="BuiltIn">
<msg time="2024-03-29T11:13:13.094882" level="INFO">200</msg>
<arg>${response.status_code}</arg>
<doc>Logs the given message with the given level.</doc>
<status status="PASS" start="2024-03-29T11:13:13.094524" elapsed="0.000400"/>
</kw>
<kw name="Set Variable" owner="BuiltIn">
<msg time="2024-03-29T11:13:13.095686" level="INFO">${json_data} = {'results': [{'gender': 'male', 'name': {'title': 'Mr', 'first': 'Karsten', 'last': 'Terjesen'}, 'location': {'street': {'number': 8287, 'name': 'Øgårdsveien'}, 'city': 'Jondal', 'state': 'Hordaland',...</msg>
<var>${json_data}</var>
<arg>${response.json()}</arg>
<doc>Returns the given values which can then be assigned to a variables.</doc>
<status status="PASS" start="2024-03-29T11:13:13.095246" elapsed="0.000468"/>
</kw>
<kw name="Dictionary Should Contain Key" owner="Collections">
<msg time="2024-03-29T11:13:13.096178" level="INFO">False</msg>
<arg>${json_data}</arg>
<arg>results</arg>
<doc>Fails if ``key`` is not found from ``dictionary``.</doc>
<status status="PASS" start="2024-03-29T11:13:13.096014" elapsed="0.000203"/>
</kw>
<status status="PASS" start="2024-03-29T11:13:12.982431" elapsed="0.114035"/>
</kw>
<doc>Testa se a API responde corretamente e retorna um objeto JSON válido.</doc>
<tag>testeRequisicaoBasica</tag>
<status status="PASS" start="2024-03-29T11:13:12.981964" elapsed="0.114669"/>
</test>
<test id="s1-s1-t3" name="Validar estrutura de resposta" line="22">
<kw name="Teste de Estrutura de Resposta" owner="random-user-service">
<kw name="GET On Session" owner="RequestsLibrary">
<msg time="2024-03-29T11:13:13.193078" level="INFO">GET Request : url=https://randomuser.me/api 
 path_url=/api 
 headers={'User-Agent': 'python-requests/2.31.0', 'Accept-Encoding': 'gzip, deflate', 'Accept': '*/*', 'Connection': 'keep-alive'} 
 body=None 
 </msg>
<msg time="2024-03-29T11:13:13.193166" level="INFO">GET Response : url=https://randomuser.me/api 
 status=200, reason=OK 
 headers={'Date': 'Fri, 29 Mar 2024 11:13:13 GMT', 'Content-Type': 'application/json; charset=utf-8', 'Transfer-Encoding': 'chunked', 'Connection': 'keep-alive', 'X-Powered-By': 'Express', 'Access-Control-Allow-Origin': '*', 'Cache-Control': 'no-cache', 'ETag': 'W/"4b2-2iIv5bBt1yY772d20XwB4k19Hzk"', 'Vary': 'Accept-Encoding', 'Content-Encoding': 'gzip', 'CF-Cache-Status': 'DYNAMIC', 'Report-To': '{"endpoints":[{"url":"https:\\/\\/a.nel.cloudflare.com\\/report\\/v4?s=oi6fqvPxKJlbf9BJ02tfFPzrqtX%2BVYQLV2rMTH2lLq5wEfIx4dC40oYYVZusxXbhVo%2Fbs5xrCVxt1rfb8rlJ9%2BAT2RUN3PqOyP4mdkxMx0DxVurlGVoehiUxd6ayphRn"}],"group":"cf-nel","max_age":604800}', 'NEL': '{"success_fraction":0,"report_to":"cf-nel","max_age":604800}', 'Server': 'cloudflare', 'CF-RAY': '86bf6de8ec806444-SJC', 'alt-svc': 'h3=":443"; ma=86400'} 
 body={"results":[{"gender":"female","name":{"title":"Miss","first":"María Luisa","last":"Tejeda"},"location":{"street":{"number":6991,"name":"Prolongación Anguiano"},"city":"San Sebastián Tenochtitlán","state":"Aguascalientes","country":"Mexico","postcode":97009,"coordinates":{"latitude":"23.4619","longitude":"80.4121"},"timezone":{"offset":"-2:00","description":"Mid-Atlantic"}},"email":"marialuisa.tejeda@example.com","login":{"uuid":"ad36bdc0-f091-474b-9274-f5105051be16","username":"brownwolf390","password":"inferno","salt":"cKfBqTwk","md5":"e6c69b92c360536d3d798b827f7c3eb7","sha1":"0dd68b348a130d5b9dcd3d65946b6c99767e00d7","sha256":"cac3f8c0d751237b0cc058b9d49ab049ce8c22eaa0e4a2bbf1cb72b6e83ff966"},"dob":{"date":"1948-11-11T01:32:28.155Z","age":75},"registered":{"date":"2002-11-21T01:07:37.295Z","age":21},"phone":"(603) 168 1373","cell":"(600) 064 8433","id":{"name":"NSS","value":"88 59 11 3835 3"},"picture":{"large":"https://randomuser.me/api/portraits/women/31.jpg","medium":"https://randomuser.me/api/portraits/med/women/31.jpg","thumbnail":"https://randomuser.me/api/portraits/thumb/women/31.jpg"},"nat":"MX"}],"info":{"seed":"2389495b08ad2469","results":1,"page":1,"version":"1.4"}} 
 </msg>
<msg time="2024-03-29T11:13:13.193301" level="INFO">/opt/hostedtoolcache/Python/3.12.2/x64/lib/python3.12/site-packages/urllib3/connectionpool.py:1103: InsecureRequestWarning: Unverified HTTPS request is being made to host 'randomuser.me'. Adding certificate verification is strongly advised. See: https://urllib3.readthedocs.io/en/latest/advanced-usage.html#tls-warnings
  warnings.warn(</msg>
<msg time="2024-03-29T11:13:13.193398" level="INFO">${response} = &lt;Response [200]&gt;</msg>
<var>${response}</var>
<arg>consultarAPI</arg>
<arg>/api</arg>
<doc>Sends a GET request on a previously created HTTP Session.</doc>
<status status="PASS" start="2024-03-29T11:13:13.099318" elapsed="0.094135"/>
</kw>
<kw name="Set Variable" owner="BuiltIn">
<msg time="2024-03-29T11:13:13.194270" level="INFO">${json_data} = {'results': [{'gender': 'female', 'name': {'title': 'Miss', 'first': 'María Luisa', 'last': 'Tejeda'}, 'location': {'street': {'number': 6991, 'name': 'Prolongación Anguiano'}, 'city': 'San Sebastián ...</msg>
<var>${json_data}</var>
<arg>${response.json()}</arg>
<doc>Returns the given values which can then be assigned to a variables.</doc>
<status status="PASS" start="2024-03-29T11:13:13.193813" elapsed="0.000486"/>
</kw>
<kw name="Log" owner="BuiltIn">
<msg time="2024-03-29T11:13:13.194764" level="INFO">{'results': [{'gender': 'female', 'name': {'title': 'Miss', 'first': 'María Luisa', 'last': 'Tejeda'}, 'location': {'street': {'number': 6991, 'name': 'Prolongación Anguiano'}, 'city': 'San Sebastián Tenochtitlán', 'state': 'Aguascalientes', 'country': 'Mexico', 'postcode': 97009, 'coordinates': {'latitude': '23.4619', 'longitude': '80.4121'}, 'timezone': {'offset': '-2:00', 'description': 'Mid-Atlantic'}}, 'email': 'marialuisa.tejeda@example.com', 'login': {'uuid': 'ad36bdc0-f091-474b-9274-f5105051be16', 'username': 'brownwolf390', 'password': 'inferno', 'salt': 'cKfBqTwk', 'md5': 'e6c69b92c360536d3d798b827f7c3eb7', 'sha1': '0dd68b348a130d5b9dcd3d65946b6c99767e00d7', 'sha256': 'cac3f8c0d751237b0cc058b9d49ab049ce8c22eaa0e4a2bbf1cb72b6e83ff966'}, 'dob': {'date': '1948-11-11T01:32:28.155Z', 'age': 75}, 'registered': {'date': '2002-11-21T01:07:37.295Z', 'age': 21}, 'phone': '(603) 168 1373', 'cell': '(600) 064 8433', 'id': {'name': 'NSS', 'value': '88 59 11 3835 3'}, 'picture': {'large': 'https://randomuser.me/api/portraits/women/31.jpg', 'medium': 'https://randomuser.me/api/portraits/med/women/31.jpg', 'thumbnail': 'https://randomuser.me/api/portraits/thumb/women/31.jpg'}, 'nat': 'MX'}], 'info': {'seed': '2389495b08ad2469', 'results': 1, 'page': 1, 'version': '1.4'}}</msg>
<arg>${json_data}</arg>
<doc>Logs the given message with the given level.</doc>
<status status="PASS" start="2024-03-29T11:13:13.194605" elapsed="0.000208"/>
</kw>
<kw name="Dictionary Should Contain Key" owner="Collections">
<msg time="2024-03-29T11:13:13.195258" level="INFO">False</msg>
<arg>${json_data}</arg>
<arg>results</arg>
<doc>Fails if ``key`` is not found from ``dictionary``.</doc>
<status status="PASS" start="2024-03-29T11:13:13.195107" elapsed="0.000187"/>
</kw>
<kw name="Should Not Be Empty" owner="BuiltIn">
<msg time="2024-03-29T11:13:13.195718" level="INFO">Length is 2.</msg>
<arg>${json_data}</arg>
<doc>Verifies that the given item is not empty.</doc>
<status status="PASS" start="2024-03-29T11:13:13.195585" elapsed="0.000171"/>
</kw>
<kw name="Create List" owner="BuiltIn">
<msg time="2024-03-29T11:13:13.196192" level="INFO">${expected_keys} = ['gender', 'name', 'location', 'email', 'login']</msg>
<var>${expected_keys}</var>
<arg>gender</arg>
<arg>name</arg>
<arg>location</arg>
<arg>email</arg>
<arg>login</arg>
<doc>Returns a list containing given items.</doc>
<status status="PASS" start="2024-03-29T11:13:13.196046" elapsed="0.000170"/>
</kw>
<for flavor="IN">
<iter>
<kw name="Dictionary Should Contain Key" owner="Collections">
<msg time="2024-03-29T11:13:13.197198" level="INFO">False</msg>
<arg>${json_data['results'][0]}</arg>
<arg>${key}</arg>
<doc>Fails if ``key`` is not found from ``dictionary``.</doc>
<status status="PASS" start="2024-03-29T11:13:13.196763" elapsed="0.000474"/>
</kw>
<kw name="Log" owner="BuiltIn">
<msg time="2024-03-29T11:13:13.197907" level="INFO">{'gender': 'female', 'name': {'title': 'Miss', 'first': 'María Luisa', 'last': 'Tejeda'}, 'location': {'street': {'number': 6991, 'name': 'Prolongación Anguiano'}, 'city': 'San Sebastián Tenochtitlán', 'state': 'Aguascalientes', 'country': 'Mexico', 'postcode': 97009, 'coordinates': {'latitude': '23.4619', 'longitude': '80.4121'}, 'timezone': {'offset': '-2:00', 'description': 'Mid-Atlantic'}}, 'email': 'marialuisa.tejeda@example.com', 'login': {'uuid': 'ad36bdc0-f091-474b-9274-f5105051be16', 'username': 'brownwolf390', 'password': 'inferno', 'salt': 'cKfBqTwk', 'md5': 'e6c69b92c360536d3d798b827f7c3eb7', 'sha1': '0dd68b348a130d5b9dcd3d65946b6c99767e00d7', 'sha256': 'cac3f8c0d751237b0cc058b9d49ab049ce8c22eaa0e4a2bbf1cb72b6e83ff966'}, 'dob': {'date': '1948-11-11T01:32:28.155Z', 'age': 75}, 'registered': {'date': '2002-11-21T01:07:37.295Z', 'age': 21}, 'phone': '(603) 168 1373', 'cell': '(600) 064 8433', 'id': {'name': 'NSS', 'value': '88 59 11 3835 3'}, 'picture': {'large': 'https://randomuser.me/api/portraits/women/31.jpg', 'medium': 'https://randomuser.me/api/portraits/med/women/31.jpg', 'thumbnail': 'https://randomuser.me/api/portraits/thumb/women/31.jpg'}, 'nat': 'MX'}</msg>
<arg>${json_data['results'][0]}</arg>
<doc>Logs the given message with the given level.</doc>
<status status="PASS" start="2024-03-29T11:13:13.197540" elapsed="0.000423"/>
</kw>
<kw name="Log" owner="BuiltIn">
<msg time="2024-03-29T11:13:13.198396" level="INFO">gender</msg>
<arg>${key}</arg>
<doc>Logs the given message with the given level.</doc>
<status status="PASS" start="2024-03-29T11:13:13.198268" elapsed="0.000166"/>
</kw>
<var name="${key}">gender</var>
<status status="PASS" start="2024-03-29T11:13:13.196642" elapsed="0.002041"/>
</iter>
<iter>
<kw name="Dictionary Should Contain Key" owner="Collections">
<msg time="2024-03-29T11:13:13.199771" level="INFO">False</msg>
<arg>${json_data['results'][0]}</arg>
<arg>${key}</arg>
<doc>Fails if ``key`` is not found from ``dictionary``.</doc>
<status status="PASS" start="2024-03-29T11:13:13.199131" elapsed="0.000755"/>
</kw>
<kw name="Log" owner="BuiltIn">
<msg time="2024-03-29T11:13:13.200942" level="INFO">{'gender': 'female', 'name': {'title': 'Miss', 'first': 'María Luisa', 'last': 'Tejeda'}, 'location': {'street': {'number': 6991, 'name': 'Prolongación Anguiano'}, 'city': 'San Sebastián Tenochtitlán', 'state': 'Aguascalientes', 'country': 'Mexico', 'postcode': 97009, 'coordinates': {'latitude': '23.4619', 'longitude': '80.4121'}, 'timezone': {'offset': '-2:00', 'description': 'Mid-Atlantic'}}, 'email': 'marialuisa.tejeda@example.com', 'login': {'uuid': 'ad36bdc0-f091-474b-9274-f5105051be16', 'username': 'brownwolf390', 'password': 'inferno', 'salt': 'cKfBqTwk', 'md5': 'e6c69b92c360536d3d798b827f7c3eb7', 'sha1': '0dd68b348a130d5b9dcd3d65946b6c99767e00d7', 'sha256': 'cac3f8c0d751237b0cc058b9d49ab049ce8c22eaa0e4a2bbf1cb72b6e83ff966'}, 'dob': {'date': '1948-11-11T01:32:28.155Z', 'age': 75}, 'registered': {'date': '2002-11-21T01:07:37.295Z', 'age': 21}, 'phone': '(603) 168 1373', 'cell': '(600) 064 8433', 'id': {'name': 'NSS', 'value': '88 59 11 3835 3'}, 'picture': {'large': 'https://randomuser.me/api/portraits/women/31.jpg', 'medium': 'https://randomuser.me/api/portraits/med/women/31.jpg', 'thumbnail': 'https://randomuser.me/api/portraits/thumb/women/31.jpg'}, 'nat': 'MX'}</msg>
<arg>${json_data['results'][0]}</arg>
<doc>Logs the given message with the given level.</doc>
<status status="PASS" start="2024-03-29T11:13:13.200331" elapsed="0.000692"/>
</kw>
<kw name="Log" owner="BuiltIn">
<msg time="2024-03-29T11:13:13.201711" level="INFO">name</msg>
<arg>${key}</arg>
<doc>Logs the given message with the given level.</doc>
<status status="PASS" start="2024-03-29T11:13:13.201500" elapsed="0.000279"/>
</kw>
<var name="${key}">name</var>
<status status="PASS" start="2024-03-29T11:13:13.198948" elapsed="0.003162"/>
</iter>
<iter>
<kw name="Dictionary Should Contain Key" owner="Collections">
<msg time="2024-03-29T11:13:13.203171" level="INFO">False</msg>
<arg>${json_data['results'][0]}</arg>
<arg>${key}</arg>
<doc>Fails if ``key`` is not found from ``dictionary``.</doc>
<status status="PASS" start="2024-03-29T11:13:13.202545" elapsed="0.000695"/>
</kw>
<kw name="Log" owner="BuiltIn">
<msg time="2024-03-29T11:13:13.204320" level="INFO">{'gender': 'female', 'name': {'title': 'Miss', 'first': 'María Luisa', 'last': 'Tejeda'}, 'location': {'street': {'number': 6991, 'name': 'Prolongación Anguiano'}, 'city': 'San Sebastián Tenochtitlán', 'state': 'Aguascalientes', 'country': 'Mexico', 'postcode': 97009, 'coordinates': {'latitude': '23.4619', 'longitude': '80.4121'}, 'timezone': {'offset': '-2:00', 'description': 'Mid-Atlantic'}}, 'email': 'marialuisa.tejeda@example.com', 'login': {'uuid': 'ad36bdc0-f091-474b-9274-f5105051be16', 'username': 'brownwolf390', 'password': 'inferno', 'salt': 'cKfBqTwk', 'md5': 'e6c69b92c360536d3d798b827f7c3eb7', 'sha1': '0dd68b348a130d5b9dcd3d65946b6c99767e00d7', 'sha256': 'cac3f8c0d751237b0cc058b9d49ab049ce8c22eaa0e4a2bbf1cb72b6e83ff966'}, 'dob': {'date': '1948-11-11T01:32:28.155Z', 'age': 75}, 'registered': {'date': '2002-11-21T01:07:37.295Z', 'age': 21}, 'phone': '(603) 168 1373', 'cell': '(600) 064 8433', 'id': {'name': 'NSS', 'value': '88 59 11 3835 3'}, 'picture': {'large': 'https://randomuser.me/api/portraits/women/31.jpg', 'medium': 'https://randomuser.me/api/portraits/med/women/31.jpg', 'thumbnail': 'https://randomuser.me/api/portraits/thumb/women/31.jpg'}, 'nat': 'MX'}</msg>
<arg>${json_data['results'][0]}</arg>
<doc>Logs the given message with the given level.</doc>
<status status="PASS" start="2024-03-29T11:13:13.203694" elapsed="0.000724"/>
</kw>
<kw name="Log" owner="BuiltIn">
<msg time="2024-03-29T11:13:13.205104" level="INFO">location</msg>
<arg>${key}</arg>
<doc>Logs the given message with the given level.</doc>
<status status="PASS" start="2024-03-29T11:13:13.204900" elapsed="0.000271"/>
</kw>
<var name="${key}">location</var>
<status status="PASS" start="2024-03-29T11:13:13.202379" elapsed="0.003150"/>
</iter>
<iter>
<kw name="Dictionary Should Contain Key" owner="Collections">
<msg time="2024-03-29T11:13:13.206604" level="INFO">False</msg>
<arg>${json_data['results'][0]}</arg>
<arg>${key}</arg>
<doc>Fails if ``key`` is not found from ``dictionary``.</doc>
<status status="PASS" start="2024-03-29T11:13:13.206019" elapsed="0.000644"/>
</kw>
<kw name="Log" owner="BuiltIn">
<msg time="2024-03-29T11:13:13.207655" level="INFO">{'gender': 'female', 'name': {'title': 'Miss', 'first': 'María Luisa', 'last': 'Tejeda'}, 'location': {'street': {'number': 6991, 'name': 'Prolongación Anguiano'}, 'city': 'San Sebastián Tenochtitlán', 'state': 'Aguascalientes', 'country': 'Mexico', 'postcode': 97009, 'coordinates': {'latitude': '23.4619', 'longitude': '80.4121'}, 'timezone': {'offset': '-2:00', 'description': 'Mid-Atlantic'}}, 'email': 'marialuisa.tejeda@example.com', 'login': {'uuid': 'ad36bdc0-f091-474b-9274-f5105051be16', 'username': 'brownwolf390', 'password': 'inferno', 'salt': 'cKfBqTwk', 'md5': 'e6c69b92c360536d3d798b827f7c3eb7', 'sha1': '0dd68b348a130d5b9dcd3d65946b6c99767e00d7', 'sha256': 'cac3f8c0d751237b0cc058b9d49ab049ce8c22eaa0e4a2bbf1cb72b6e83ff966'}, 'dob': {'date': '1948-11-11T01:32:28.155Z', 'age': 75}, 'registered': {'date': '2002-11-21T01:07:37.295Z', 'age': 21}, 'phone': '(603) 168 1373', 'cell': '(600) 064 8433', 'id': {'name': 'NSS', 'value': '88 59 11 3835 3'}, 'picture': {'large': 'https://randomuser.me/api/portraits/women/31.jpg', 'medium': 'https://randomuser.me/api/portraits/med/women/31.jpg', 'thumbnail': 'https://randomuser.me/api/portraits/thumb/women/31.jpg'}, 'nat': 'MX'}</msg>
<arg>${json_data['results'][0]}</arg>
<doc>Logs the given message with the given level.</doc>
<status status="PASS" start="2024-03-29T11:13:13.207095" elapsed="0.000640"/>
</kw>
<kw name="Log" owner="BuiltIn">
<msg time="2024-03-29T11:13:13.208410" level="INFO">email</msg>
<arg>${key}</arg>
<doc>Logs the given message with the given level.</doc>
<status status="PASS" start="2024-03-29T11:13:13.208195" elapsed="0.000281"/>
</kw>
<var name="${key}">email</var>
<status status="PASS" start="2024-03-29T11:13:13.205830" elapsed="0.002966"/>
</iter>
<iter>
<kw name="Dictionary Should Contain Key" owner="Collections">
<msg time="2024-03-29T11:13:13.209960" level="INFO">False</msg>
<arg>${json_data['results'][0]}</arg>
<arg>${key}</arg>
<doc>Fails if ``key`` is not found from ``dictionary``.</doc>
<status status="PASS" start="2024-03-29T11:13:13.209294" elapsed="0.000728"/>
</kw>
<kw name="Log" owner="BuiltIn">
<msg time="2024-03-29T11:13:13.211074" level="INFO">{'gender': 'female', 'name': {'title': 'Miss', 'first': 'María Luisa', 'last': 'Tejeda'}, 'location': {'street': {'number': 6991, 'name': 'Prolongación Anguiano'}, 'city': 'San Sebastián Tenochtitlán', 'state': 'Aguascalientes', 'country': 'Mexico', 'postcode': 97009, 'coordinates': {'latitude': '23.4619', 'longitude': '80.4121'}, 'timezone': {'offset': '-2:00', 'description': 'Mid-Atlantic'}}, 'email': 'marialuisa.tejeda@example.com', 'login': {'uuid': 'ad36bdc0-f091-474b-9274-f5105051be16', 'username': 'brownwolf390', 'password': 'inferno', 'salt': 'cKfBqTwk', 'md5': 'e6c69b92c360536d3d798b827f7c3eb7', 'sha1': '0dd68b348a130d5b9dcd3d65946b6c99767e00d7', 'sha256': 'cac3f8c0d751237b0cc058b9d49ab049ce8c22eaa0e4a2bbf1cb72b6e83ff966'}, 'dob': {'date': '1948-11-11T01:32:28.155Z', 'age': 75}, 'registered': {'date': '2002-11-21T01:07:37.295Z', 'age': 21}, 'phone': '(603) 168 1373', 'cell': '(600) 064 8433', 'id': {'name': 'NSS', 'value': '88 59 11 3835 3'}, 'picture': {'large': 'https://randomuser.me/api/portraits/women/31.jpg', 'medium': 'https://randomuser.me/api/portraits/med/women/31.jpg', 'thumbnail': 'https://randomuser.me/api/portraits/thumb/women/31.jpg'}, 'nat': 'MX'}</msg>
<arg>${json_data['results'][0]}</arg>
<doc>Logs the given message with the given level.</doc>
<status status="PASS" start="2024-03-29T11:13:13.210469" elapsed="0.000695"/>
</kw>
<kw name="Log" owner="BuiltIn">
<msg time="2024-03-29T11:13:13.211865" level="INFO">login</msg>
<arg>${key}</arg>
<doc>Logs the given message with the given level.</doc>
<status status="PASS" start="2024-03-29T11:13:13.211670" elapsed="0.000393"/>
</kw>
<var name="${key}">login</var>
<status status="PASS" start="2024-03-29T11:13:13.209098" elapsed="0.003312"/>
</iter>
<var>${key}</var>
<value>@{expected_keys}</value>
<status status="PASS" start="2024-03-29T11:13:13.196468" elapsed="0.016163"/>
</for>
<kw name="Create List" owner="BuiltIn">
<msg time="2024-03-29T11:13:13.213247" level="INFO">${expected_keysTwo} = ['username', 'password']</msg>
<var>${expected_keysTwo}</var>
<arg>username</arg>
<arg>password</arg>
<doc>Returns a list containing given items.</doc>
<status status="PASS" start="2024-03-29T11:13:13.213021" elapsed="0.000267"/>
</kw>
<for flavor="IN">
<iter>
<kw name="Dictionary Should Contain Key" owner="Collections">
<msg time="2024-03-29T11:13:13.214714" level="INFO">False</msg>
<arg>${json_data['results'][0]['login']}</arg>
<arg>${keyTwo}</arg>
<doc>Fails if ``key`` is not found from ``dictionary``.</doc>
<status status="PASS" start="2024-03-29T11:13:13.214044" elapsed="0.000739"/>
</kw>
<kw name="Dictionary Should Contain Key" owner="Collections">
<msg time="2024-03-29T11:13:13.215906" level="INFO">False</msg>
<arg>${json_data['results'][0]['login']}</arg>
<arg>${keyTwo}</arg>
<doc>Fails if ``key`` is not found from ``dictionary``.</doc>
<status status="PASS" start="2024-03-29T11:13:13.215275" elapsed="0.000688"/>
</kw>
<kw name="Log" owner="BuiltIn">
<msg time="2024-03-29T11:13:13.216590" level="INFO">username</msg>
<arg>${keyTwo}</arg>
<doc>Logs the given message with the given level.</doc>
<status status="PASS" start="2024-03-29T11:13:13.216395" elapsed="0.000267"/>
</kw>
<var name="${keyTwo}">username</var>
<status status="PASS" start="2024-03-29T11:13:13.213857" elapsed="0.003164"/>
</iter>
<iter>
<kw name="Dictionary Should Contain Key" owner="Collections">
<msg time="2024-03-29T11:13:13.218108" level="INFO">False</msg>
<arg>${json_data['results'][0]['login']}</arg>
<arg>${keyTwo}</arg>
<doc>Fails if ``key`` is not found from ``dictionary``.</doc>
<status status="PASS" start="2024-03-29T11:13:13.217457" elapsed="0.000720"/>
</kw>
<kw name="Dictionary Should Contain Key" owner="Collections">
<msg time="2024-03-29T11:13:13.219307" level="INFO">False</msg>
<arg>${json_data['results'][0]['login']}</arg>
<arg>${keyTwo}</arg>
<doc>Fails if ``key`` is not found from ``dictionary``.</doc>
<status status="PASS" start="2024-03-29T11:13:13.218640" elapsed="0.000731"/>
</kw>
<kw name="Log" owner="BuiltIn">
<msg time="2024-03-29T11:13:13.220041" level="INFO">password</msg>
<arg>${keyTwo}</arg>
<doc>Logs the given message with the given level.</doc>
<status status="PASS" start="2024-03-29T11:13:13.219842" elapsed="0.000265"/>
</kw>
<var name="${keyTwo}">password</var>
<status status="PASS" start="2024-03-29T11:13:13.217278" elapsed="0.003184"/>
</iter>
<var>${keyTwo}</var>
<value>@{expected_keysTwo}</value>
<status status="PASS" start="2024-03-29T11:13:13.213630" elapsed="0.007035"/>
</for>
<status status="PASS" start="2024-03-29T11:13:13.099087" elapsed="0.121830"/>
</kw>
<doc>Testa a estrutura da resposta da API.</doc>
<tag>testeEstruturaResposta</tag>
<status status="PASS" start="2024-03-29T11:13:13.098454" elapsed="0.122725"/>
</test>
<test id="s1-s1-t4" name="Validar tipos de dados" line="28">
<kw name="Teste de Tipos de Dados" owner="random-user-service">
<kw name="GET On Session" owner="RequestsLibrary">
<msg time="2024-03-29T11:13:13.333063" level="INFO">GET Request : url=https://randomuser.me/api 
 path_url=/api 
 headers={'User-Agent': 'python-requests/2.31.0', 'Accept-Encoding': 'gzip, deflate', 'Accept': '*/*', 'Connection': 'keep-alive'} 
 body=None 
 </msg>
<msg time="2024-03-29T11:13:13.333149" level="INFO">GET Response : url=https://randomuser.me/api 
 status=200, reason=OK 
 headers={'Date': 'Fri, 29 Mar 2024 11:13:13 GMT', 'Content-Type': 'application/json; charset=utf-8', 'Transfer-Encoding': 'chunked', 'Connection': 'keep-alive', 'X-Powered-By': 'Express', 'Access-Control-Allow-Origin': '*', 'Cache-Control': 'no-cache', 'ETag': 'W/"4ac-iA7syjCeBf/A1bKPTD56oay66r8"', 'Vary': 'Accept-Encoding', 'Content-Encoding': 'gzip', 'CF-Cache-Status': 'DYNAMIC', 'Report-To': '{"endpoints":[{"url":"https:\\/\\/a.nel.cloudflare.com\\/report\\/v4?s=vXkHWneCXh9%2BVFHwsA6l%2FezXAfrzI4ghyvR6ti0WaotK92nr7hFLTIB7Dr6msec1xitknVjfKGpjXqa9Fg4x86Gy7T5EBbB0YkPDfMUONyQQZM3u6po8jb9vBolMa0Y%2F"}],"group":"cf-nel","max_age":604800}', 'NEL': '{"success_fraction":0,"report_to":"cf-nel","max_age":604800}', 'Server': 'cloudflare', 'CF-RAY': '86bf6de9acf96444-SJC', 'alt-svc': 'h3=":443"; ma=86400'} 
 body={"results":[{"gender":"female","name":{"title":"Mrs","first":"Sarina","last":"Rösler"},"location":{"street":{"number":3250,"name":"Waldweg"},"city":"Karlstadt","state":"Mecklenburg-Vorpommern","country":"Germany","postcode":30699,"coordinates":{"latitude":"-51.6083","longitude":"174.5784"},"timezone":{"offset":"-5:00","description":"Eastern Time (US &amp; Canada), Bogota, Lima"}},"email":"sarina.rosler@example.com","login":{"uuid":"db545f67-3ed0-451d-a436-136819631c65","username":"happybutterfly316","password":"chimera","salt":"4ZcuhY3t","md5":"63ffcc835f490bef04a18d8d5a111b48","sha1":"19fa9e17ac105e8db929619fc601e843bba75043","sha256":"826c8c20f6345e8d19ef7662f93b611a82e04a17c2def3a0cc69be728c4d31f5"},"dob":{"date":"1968-07-24T16:29:14.088Z","age":55},"registered":{"date":"2013-02-06T17:07:47.576Z","age":11},"phone":"0532-1733778","cell":"0170-0065819","id":{"name":"SVNR","value":"48 240768 R 764"},"picture":{"large":"https://randomuser.me/api/portraits/women/8.jpg","medium":"https://randomuser.me/api/portraits/med/women/8.jpg","thumbnail":"https://randomuser.me/api/portraits/thumb/women/8.jpg"},"nat":"DE"}],"info":{"seed":"10212e372d096fd5","results":1,"page":1,"version":"1.4"}} 
 </msg>
<msg time="2024-03-29T11:13:13.333227" level="INFO">/opt/hostedtoolcache/Python/3.12.2/x64/lib/python3.12/site-packages/urllib3/connectionpool.py:1103: InsecureRequestWarning: Unverified HTTPS request is being made to host 'randomuser.me'. Adding certificate verification is strongly advised. See: https://urllib3.readthedocs.io/en/latest/advanced-usage.html#tls-warnings
  warnings.warn(</msg>
<msg time="2024-03-29T11:13:13.333343" level="INFO">${response} = &lt;Response [200]&gt;</msg>
<var>${response}</var>
<arg>consultarAPI</arg>
<arg>/api</arg>
<doc>Sends a GET request on a previously created HTTP Session.</doc>
<status status="PASS" start="2024-03-29T11:13:13.224424" elapsed="0.108974"/>
</kw>
<kw name="Set Variable" owner="BuiltIn">
<msg time="2024-03-29T11:13:13.334502" level="INFO">${json_data} = {'results': [{'gender': 'female', 'name': {'title': 'Mrs', 'first': 'Sarina', 'last': 'Rösler'}, 'location': {'street': {'number': 3250, 'name': 'Waldweg'}, 'city': 'Karlstadt', 'state': 'Mecklenburg-...</msg>
<var>${json_data}</var>
<arg>${response.json()}</arg>
<doc>Returns the given values which can then be assigned to a variables.</doc>
<status status="PASS" start="2024-03-29T11:13:13.333915" elapsed="0.000621"/>
</kw>
<kw name="Log" owner="BuiltIn">
<msg time="2024-03-29T11:13:13.335005" level="INFO">{'results': [{'gender': 'female', 'name': {'title': 'Mrs', 'first': 'Sarina', 'last': 'Rösler'}, 'location': {'street': {'number': 3250, 'name': 'Waldweg'}, 'city': 'Karlstadt', 'state': 'Mecklenburg-Vorpommern', 'country': 'Germany', 'postcode': 30699, 'coordinates': {'latitude': '-51.6083', 'longitude': '174.5784'}, 'timezone': {'offset': '-5:00', 'description': 'Eastern Time (US &amp; Canada), Bogota, Lima'}}, 'email': 'sarina.rosler@example.com', 'login': {'uuid': 'db545f67-3ed0-451d-a436-136819631c65', 'username': 'happybutterfly316', 'password': 'chimera', 'salt': '4ZcuhY3t', 'md5': '63ffcc835f490bef04a18d8d5a111b48', 'sha1': '19fa9e17ac105e8db929619fc601e843bba75043', 'sha256': '826c8c20f6345e8d19ef7662f93b611a82e04a17c2def3a0cc69be728c4d31f5'}, 'dob': {'date': '1968-07-24T16:29:14.088Z', 'age': 55}, 'registered': {'date': '2013-02-06T17:07:47.576Z', 'age': 11}, 'phone': '0532-1733778', 'cell': '0170-0065819', 'id': {'name': 'SVNR', 'value': '48 240768 R 764'}, 'picture': {'large': 'https://randomuser.me/api/portraits/women/8.jpg', 'medium': 'https://randomuser.me/api/portraits/med/women/8.jpg', 'thumbnail': 'https://randomuser.me/api/portraits/thumb/women/8.jpg'}, 'nat': 'DE'}], 'info': {'seed': '10212e372d096fd5', 'results': 1, 'page': 1, 'version': '1.4'}}</msg>
<arg>${json_data}</arg>
<doc>Logs the given message with the given level.</doc>
<status status="PASS" start="2024-03-29T11:13:13.334850" elapsed="0.000237"/>
</kw>
<kw name="Should Be String" owner="String">
<arg>${json_data['results'][0]['gender']}</arg>
<doc>Fails if the given ``item`` is not a string.</doc>
<status status="PASS" start="2024-03-29T11:13:13.335387" elapsed="0.000362"/>
</kw>
<kw name="Should Match Regexp" owner="BuiltIn">
<arg>${json_data['results'][0]['email']}</arg>
<arg>^[a-zA-Z0-9._%+-]+@[a-zA-Z0-9.-]+\.[a-zA-Z]{2,}$</arg>
<doc>Fails if ``string`` does not match ``pattern`` as a regular expression.</doc>
<status status="PASS" start="2024-03-29T11:13:13.335942" elapsed="0.000502"/>
</kw>
<kw name="Should Match Regexp" owner="BuiltIn">
<arg>${json_data['results'][0]['dob']['date']}</arg>
<arg>\\d{4}-\\d{2}-\\d{2}T\\d{2}:\\d{2}:\\d{2}\\.\\d{3}Z</arg>
<doc>Fails if ``string`` does not match ``pattern`` as a regular expression.</doc>
<status status="PASS" start="2024-03-29T11:13:13.336641" elapsed="0.000537"/>
</kw>
<kw name="Should Match Regexp" owner="BuiltIn">
<arg>${json_data['results'][0]['registered']['date']}</arg>
<arg>\\d{4}-\\d{2}-\\d{2}T\\d{2}:\\d{2}:\\d{2}\\.\\d{3}Z</arg>
<doc>Fails if ``string`` does not match ``pattern`` as a regular expression.</doc>
<status status="PASS" start="2024-03-29T11:13:13.337375" elapsed="0.000380"/>
</kw>
<kw name="Should Match Regexp" owner="BuiltIn">
<arg>${json_data['results'][0]['picture']['large']}</arg>
<arg>^https?://.*\.(?:png|jpe?g|gif|bmp)$</arg>
<doc>Fails if ``string`` does not match ``pattern`` as a regular expression.</doc>
<status status="PASS" start="2024-03-29T11:13:13.337946" elapsed="0.000468"/>
</kw>
<kw name="Should Match Regexp" owner="BuiltIn">
<arg>${json_data['results'][0]['picture']['medium']}</arg>
<arg>^https?://.*\.(?:png|jpe?g|gif|bmp)$</arg>
<doc>Fails if ``string`` does not match ``pattern`` as a regular expression.</doc>
<status status="PASS" start="2024-03-29T11:13:13.338608" elapsed="0.000361"/>
</kw>
<kw name="Should Match Regexp" owner="BuiltIn">
<arg>${json_data['results'][0]['picture']['thumbnail']}</arg>
<arg>^https?://.*\.(?:png|jpe?g|gif|bmp)$</arg>
<doc>Fails if ``string`` does not match ``pattern`` as a regular expression.</doc>
<status status="PASS" start="2024-03-29T11:13:13.339156" elapsed="0.000346"/>
</kw>
<kw name="Log" owner="BuiltIn">
<msg time="2024-03-29T11:13:13.340013" level="INFO">{'large': 'https://randomuser.me/api/portraits/women/8.jpg', 'medium': 'https://randomuser.me/api/portraits/med/women/8.jpg', 'thumbnail': 'https://randomuser.me/api/portraits/thumb/women/8.jpg'}</msg>
<arg>${json_data['results'][0]['picture']}</arg>
<doc>Logs the given message with the given level.</doc>
<status status="PASS" start="2024-03-29T11:13:13.339683" elapsed="0.000377"/>
</kw>
<status status="PASS" start="2024-03-29T11:13:13.224196" elapsed="0.116117"/>
</kw>
<kw name="Teste de Tipos de Dados - Postcode" owner="random-user-service">
<kw name="GET On Session" owner="RequestsLibrary">
<msg time="2024-03-29T11:13:13.426240" level="INFO">GET Request : url=https://randomuser.me/api 
 path_url=/api 
 headers={'User-Agent': 'python-requests/2.31.0', 'Accept-Encoding': 'gzip, deflate', 'Accept': '*/*', 'Connection': 'keep-alive'} 
 body=None 
 </msg>
<msg time="2024-03-29T11:13:13.426324" level="INFO">GET Response : url=https://randomuser.me/api 
 status=200, reason=OK 
 headers={'Date': 'Fri, 29 Mar 2024 11:13:13 GMT', 'Content-Type': 'application/json; charset=utf-8', 'Transfer-Encoding': 'chunked', 'Connection': 'keep-alive', 'X-Powered-By': 'Express', 'Access-Control-Allow-Origin': '*', 'Cache-Control': 'no-cache', 'ETag': 'W/"47e-nW87a1vz3ZD+wqiMkE0+eSWXAMk"', 'Vary': 'Accept-Encoding', 'Content-Encoding': 'gzip', 'CF-Cache-Status': 'DYNAMIC', 'Report-To': '{"endpoints":[{"url":"https:\\/\\/a.nel.cloudflare.com\\/report\\/v4?s=1O40NnaxNitk1AlUsQks%2FGA3ScceGRZUUcgh0JW4T%2BtVEsom1UtF9S3bmBAlixvKu5HO9k2luuscysGufFj2viqYm21g8YLXnbOdsonXiLjRAVtdpHuEN5iIuI43wwCO"}],"group":"cf-nel","max_age":604800}', 'NEL': '{"success_fraction":0,"report_to":"cf-nel","max_age":604800}', 'Server': 'cloudflare', 'CF-RAY': '86bf6dea6d6e6444-SJC', 'alt-svc': 'h3=":443"; ma=86400'} 
 body={"results":[{"gender":"female","name":{"title":"Miss","first":"Vanner","last":"Pires"},"location":{"street":{"number":9064,"name":"Rua Alagoas "},"city":"Passos","state":"Alagoas","country":"Brazil","postcode":87395,"coordinates":{"latitude":"-80.1441","longitude":"19.9780"},"timezone":{"offset":"+5:45","description":"Kathmandu"}},"email":"vanner.pires@example.com","login":{"uuid":"ec5be1a0-ddf6-4732-a285-75fe886602aa","username":"goldenladybug415","password":"kungfu","salt":"Y8zEpi6h","md5":"ac03681075d9ecd4def39f812994797f","sha1":"e3245182d778df468218325584e1df103d868299","sha256":"8f768b5596395286492aeccb4ce192868d6c27347d570c5c88c2707a933fafff"},"dob":{"date":"1997-12-20T22:08:36.752Z","age":26},"registered":{"date":"2020-06-01T01:28:27.473Z","age":3},"phone":"(53) 3016-6001","cell":"(95) 5892-6692","id":{"name":"CPF","value":"885.905.785-49"},"picture":{"large":"https://randomuser.me/api/portraits/women/49.jpg","medium":"https://randomuser.me/api/portraits/med/women/49.jpg","thumbnail":"https://randomuser.me/api/portraits/thumb/women/49.jpg"},"nat":"BR"}],"info":{"seed":"018a9587f5f35666","results":1,"page":1,"version":"1.4"}} 
 </msg>
<msg time="2024-03-29T11:13:13.426406" level="INFO">/opt/hostedtoolcache/Python/3.12.2/x64/lib/python3.12/site-packages/urllib3/connectionpool.py:1103: InsecureRequestWarning: Unverified HTTPS request is being made to host 'randomuser.me'. Adding certificate verification is strongly advised. See: https://urllib3.readthedocs.io/en/latest/advanced-usage.html#tls-warnings
  warnings.warn(</msg>
<msg time="2024-03-29T11:13:13.426526" level="INFO">${response} = &lt;Response [200]&gt;</msg>
<var>${response}</var>
<arg>consultarAPI</arg>
<arg>/api</arg>
<doc>Sends a GET request on a previously created HTTP Session.</doc>
<status status="PASS" start="2024-03-29T11:13:13.340879" elapsed="0.085702"/>
</kw>
<kw name="Set Variable" owner="BuiltIn">
<msg time="2024-03-29T11:13:13.427620" level="INFO">${json_data} = {'results': [{'gender': 'female', 'name': {'title': 'Miss', 'first': 'Vanner', 'last': 'Pires'}, 'location': {'street': {'number': 9064, 'name': 'Rua Alagoas '}, 'city': 'Passos', 'state': 'Alagoas', ...</msg>
<var>${json_data}</var>
<arg>${response.json()}</arg>
<doc>Returns the given values which can then be assigned to a variables.</doc>
<status status="PASS" start="2024-03-29T11:13:13.427068" elapsed="0.000580"/>
</kw>
<kw name="Log" owner="BuiltIn">
<msg time="2024-03-29T11:13:13.428104" level="INFO">{'results': [{'gender': 'female', 'name': {'title': 'Miss', 'first': 'Vanner', 'last': 'Pires'}, 'location': {'street': {'number': 9064, 'name': 'Rua Alagoas '}, 'city': 'Passos', 'state': 'Alagoas', 'country': 'Brazil', 'postcode': 87395, 'coordinates': {'latitude': '-80.1441', 'longitude': '19.9780'}, 'timezone': {'offset': '+5:45', 'description': 'Kathmandu'}}, 'email': 'vanner.pires@example.com', 'login': {'uuid': 'ec5be1a0-ddf6-4732-a285-75fe886602aa', 'username': 'goldenladybug415', 'password': 'kungfu', 'salt': 'Y8zEpi6h', 'md5': 'ac03681075d9ecd4def39f812994797f', 'sha1': 'e3245182d778df468218325584e1df103d868299', 'sha256': '8f768b5596395286492aeccb4ce192868d6c27347d570c5c88c2707a933fafff'}, 'dob': {'date': '1997-12-20T22:08:36.752Z', 'age': 26}, 'registered': {'date': '2020-06-01T01:28:27.473Z', 'age': 3}, 'phone': '(53) 3016-6001', 'cell': '(95) 5892-6692', 'id': {'name': 'CPF', 'value': '885.905.785-49'}, 'picture': {'large': 'https://randomuser.me/api/portraits/women/49.jpg', 'medium': 'https://randomuser.me/api/portraits/med/women/49.jpg', 'thumbnail': 'https://randomuser.me/api/portraits/thumb/women/49.jpg'}, 'nat': 'BR'}], 'info': {'seed': '018a9587f5f35666', 'results': 1, 'page': 1, 'version': '1.4'}}</msg>
<arg>${json_data}</arg>
<doc>Logs the given message with the given level.</doc>
<status status="PASS" start="2024-03-29T11:13:13.427954" elapsed="0.000226"/>
</kw>
<kw name="Should Be Equal As Numbers" owner="BuiltIn">
<arg>${json_data['results'][0]['location']['postcode']}</arg>
<arg>${json_data['results'][0]['location']['postcode']}</arg>
<doc>Fails if objects are unequal after converting them to real numbers.</doc>
<status status="PASS" start="2024-03-29T11:13:13.428478" elapsed="0.000668"/>
</kw>
<kw name="Log" owner="BuiltIn">
<msg time="2024-03-29T11:13:13.429674" level="INFO">87395</msg>
<arg>${json_data['results'][0]['location']['postcode']}</arg>
<doc>Logs the given message with the given level.</doc>
<status status="PASS" start="2024-03-29T11:13:13.429339" elapsed="0.000377"/>
</kw>
<status status="PASS" start="2024-03-29T11:13:13.340524" elapsed="0.089445"/>
</kw>
<doc>Testa se os tipos de dados na resposta da API estão corretos.</doc>
<tag>testeTiposDados</tag>
<status status="PASS" start="2024-03-29T11:13:13.223774" elapsed="0.206352"/>
</test>
<test id="s1-s1-t5" name="Validar conteudo" line="35">
<kw name="Teste de Tipos de Conteudo" owner="random-user-service">
<kw name="GET On Session" owner="RequestsLibrary">
<msg time="2024-03-29T11:13:13.530652" level="INFO">GET Request : url=https://randomuser.me/api 
 path_url=/api 
 headers={'User-Agent': 'python-requests/2.31.0', 'Accept-Encoding': 'gzip, deflate', 'Accept': '*/*', 'Connection': 'keep-alive'} 
 body=None 
 </msg>
<msg time="2024-03-29T11:13:13.530744" level="INFO">GET Response : url=https://randomuser.me/api 
 status=200, reason=OK 
 headers={'Date': 'Fri, 29 Mar 2024 11:13:13 GMT', 'Content-Type': 'application/json; charset=utf-8', 'Transfer-Encoding': 'chunked', 'Connection': 'keep-alive', 'X-Powered-By': 'Express', 'Access-Control-Allow-Origin': '*', 'Cache-Control': 'no-cache', 'ETag': 'W/"490-GqOLM5MuDauaKboGuxkhJ7ylvM8"', 'Vary': 'Accept-Encoding', 'Content-Encoding': 'gzip', 'CF-Cache-Status': 'DYNAMIC', 'Report-To': '{"endpoints":[{"url":"https:\\/\\/a.nel.cloudflare.com\\/report\\/v4?s=HIq4umwIEEQHlqCtjot85pxEymu97Oz9jeFv9rN4KndSVQmqAxROK5SWrJmfYYofCEchZ9%2BASzMf5c9%2BUm5ICbxT943X77qf6jMaKJ8e7oaKvWcRX3Ascg4nWsNtHcPA"}],"group":"cf-nel","max_age":604800}', 'NEL': '{"success_fraction":0,"report_to":"cf-nel","max_age":604800}', 'Server': 'cloudflare', 'CF-RAY': '86bf6deafdc66444-SJC', 'alt-svc': 'h3=":443"; ma=86400'} 
 body={"results":[{"gender":"female","name":{"title":"Ms","first":"Roselinde","last":"Döhring"},"location":{"street":{"number":7543,"name":"Raiffeisenstraße"},"city":"Beerfelden","state":"Saarland","country":"Germany","postcode":45128,"coordinates":{"latitude":"-54.8170","longitude":"139.0555"},"timezone":{"offset":"+5:45","description":"Kathmandu"}},"email":"roselinde.dohring@example.com","login":{"uuid":"d2bccc1b-68d3-444b-af8e-c5fc8f2ac227","username":"whiterabbit424","password":"killers","salt":"FZpqrSQ0","md5":"889b5f157b1b0b558b43050b36a2b213","sha1":"4e821086d056c82bb233530df6ef23f03d7b1b74","sha256":"22fbc959eba25c50f6ff590f82b81407de0b429cc4922cb0898b9c37f94becb6"},"dob":{"date":"1997-12-03T21:55:24.167Z","age":26},"registered":{"date":"2017-07-15T23:15:39.937Z","age":6},"phone":"0916-7114366","cell":"0171-1310557","id":{"name":"SVNR","value":"08 031297 D 574"},"picture":{"large":"https://randomuser.me/api/portraits/women/54.jpg","medium":"https://randomuser.me/api/portraits/med/women/54.jpg","thumbnail":"https://randomuser.me/api/portraits/thumb/women/54.jpg"},"nat":"DE"}],"info":{"seed":"58e803fcbe228c21","results":1,"page":1,"version":"1.4"}} 
 </msg>
<msg time="2024-03-29T11:13:13.530815" level="INFO">/opt/hostedtoolcache/Python/3.12.2/x64/lib/python3.12/site-packages/urllib3/connectionpool.py:1103: InsecureRequestWarning: Unverified HTTPS request is being made to host 'randomuser.me'. Adding certificate verification is strongly advised. See: https://urllib3.readthedocs.io/en/latest/advanced-usage.html#tls-warnings
  warnings.warn(</msg>
<msg time="2024-03-29T11:13:13.530934" level="INFO">${response} = &lt;Response [200]&gt;</msg>
<var>${response}</var>
<arg>consultarAPI</arg>
<arg>/api</arg>
<doc>Sends a GET request on a previously created HTTP Session.</doc>
<status status="PASS" start="2024-03-29T11:13:13.432466" elapsed="0.098512"/>
</kw>
<kw name="Set Variable" owner="BuiltIn">
<msg time="2024-03-29T11:13:13.531975" level="INFO">${json_data} = {'results': [{'gender': 'female', 'name': {'title': 'Ms', 'first': 'Roselinde', 'last': 'Döhring'}, 'location': {'street': {'number': 7543, 'name': 'Raiffeisenstraße'}, 'city': 'Beerfelden', 'state': ...</msg>
<var>${json_data}</var>
<arg>${response.json()}</arg>
<doc>Returns the given values which can then be assigned to a variables.</doc>
<status status="PASS" start="2024-03-29T11:13:13.531429" elapsed="0.000575"/>
</kw>
<kw name="Set Variable" owner="BuiltIn">
<msg time="2024-03-29T11:13:13.532690" level="INFO">${name_title} = Ms</msg>
<var>${name_title}</var>
<arg>${json_data["results"][0]["name"]["title"]}</arg>
<doc>Returns the given values which can then be assigned to a variables.</doc>
<status status="PASS" start="2024-03-29T11:13:13.532312" elapsed="0.000404"/>
</kw>
<kw name="Create List" owner="BuiltIn">
<msg time="2024-03-29T11:13:13.533206" level="INFO">${allowed_titles} = ['Mr', 'Ms', 'Miss', 'Mrs', 'Madame', 'Monsieur']</msg>
<var>${allowed_titles}</var>
<arg>Mr</arg>
<arg>Ms</arg>
<arg>Miss</arg>
<arg>Mrs</arg>
<arg>Madame</arg>
<arg>Monsieur</arg>
<doc>Returns a list containing given items.</doc>
<status status="PASS" start="2024-03-29T11:13:13.533053" elapsed="0.000177"/>
</kw>
<kw name="List Should Contain Value" owner="Collections">
<msg time="2024-03-29T11:13:13.533699" level="INFO">False</msg>
<arg>${allowed_titles}</arg>
<arg>${name_title}</arg>
<doc>Fails if the ``value`` is not found from ``list``.</doc>
<status status="PASS" start="2024-03-29T11:13:13.533533" elapsed="0.000208"/>
</kw>
<kw name="Set Variable" owner="BuiltIn">
<msg time="2024-03-29T11:13:13.534405" level="INFO">${name_country} = DE</msg>
<var>${name_country}</var>
<arg>${json_data["results"][0]["nat"]}</arg>
<doc>Returns the given values which can then be assigned to a variables.</doc>
<status status="PASS" start="2024-03-29T11:13:13.534026" elapsed="0.000405"/>
</kw>
<kw name="Create List" owner="BuiltIn">
<msg time="2024-03-29T11:13:13.535339" level="INFO">${list_country} = ['AD', 'AE', 'AF', 'AG', 'AI', 'AL', 'AM', 'AO', 'AQ', 'AR', 'AS', 'AT', 'AU', 'AW', 'AX', 'AZ', 'BA', 'BB', 'BD', 'BE', 'BF', 'BG', 'BH', 'BI', 'BJ', 'BL', 'BM', 'BN', 'BO', 'BQ', 'BR', 'BS', 'BT', '...</msg>
<var>${list_country}</var>
<arg>AD</arg>
<arg>AE</arg>
<arg>AF</arg>
<arg>AG</arg>
<arg>AI</arg>
<arg>AL</arg>
<arg>AM</arg>
<arg>AO</arg>
<arg>AQ</arg>
<arg>AR</arg>
<arg>AS</arg>
<arg>AT</arg>
<arg>AU</arg>
<arg>AW</arg>
<arg>AX</arg>
<arg>AZ</arg>
<arg>BA</arg>
<arg>BB</arg>
<arg>BD</arg>
<arg>BE</arg>
<arg>BF</arg>
<arg>BG</arg>
<arg>BH</arg>
<arg>BI</arg>
<arg>BJ</arg>
<arg>BL</arg>
<arg>BM</arg>
<arg>BN</arg>
<arg>BO</arg>
<arg>BQ</arg>
<arg>BR</arg>
<arg>BS</arg>
<arg>BT</arg>
<arg>BV</arg>
<arg>BW</arg>
<arg>BY</arg>
<arg>BZ</arg>
<arg>CA</arg>
<arg>CC</arg>
<arg>CD</arg>
<arg>CF</arg>
<arg>CG</arg>
<arg>CH</arg>
<arg>CI</arg>
<arg>CK</arg>
<arg>CL</arg>
<arg>CM</arg>
<arg>CN</arg>
<arg>CO</arg>
<arg>CR</arg>
<arg>CU</arg>
<arg>CV</arg>
<arg>CW</arg>
<arg>CX</arg>
<arg>CY</arg>
<arg>CZ</arg>
<arg>DE</arg>
<arg>DJ</arg>
<arg>DK</arg>
<arg>DM</arg>
<arg>DO</arg>
<arg>DZ</arg>
<arg>EC</arg>
<arg>EE</arg>
<arg>EG</arg>
<arg>EH</arg>
<arg>ER</arg>
<arg>ES</arg>
<arg>ET</arg>
<arg>FI</arg>
<arg>FJ</arg>
<arg>FK</arg>
<arg>FM</arg>
<arg>FO</arg>
<arg>FR</arg>
<arg>GA</arg>
<arg>GB</arg>
<arg>GD</arg>
<arg>GE</arg>
<arg>GF</arg>
<arg>GG</arg>
<arg>GH</arg>
<arg>GI</arg>
<arg>GL</arg>
<arg>GM</arg>
<arg>GN</arg>
<arg>GP</arg>
<arg>GQ</arg>
<arg>GR</arg>
<arg>GS</arg>
<arg>GT</arg>
<arg>GU</arg>
<arg>GW</arg>
<arg>GY</arg>
<arg>HK</arg>
<arg>HM</arg>
<arg>HN</arg>
<arg>HR</arg>
<arg>HT</arg>
<arg>HU</arg>
<arg>ID</arg>
<arg>IE</arg>
<arg>IL</arg>
<arg>IM</arg>
<arg>IN</arg>
<arg>IO</arg>
<arg>IQ</arg>
<arg>IR</arg>
<arg>IS</arg>
<arg>IT</arg>
<arg>JE</arg>
<arg>JM</arg>
<arg>JO</arg>
<arg>JP</arg>
<arg>KE</arg>
<arg>KG</arg>
<arg>KH</arg>
<arg>KI</arg>
<arg>KM</arg>
<arg>KN</arg>
<arg>KP</arg>
<arg>KR</arg>
<arg>KW</arg>
<arg>KY</arg>
<arg>KZ</arg>
<arg>LA</arg>
<arg>LB</arg>
<arg>LC</arg>
<arg>LI</arg>
<arg>LK</arg>
<arg>LR</arg>
<arg>LS</arg>
<arg>LT</arg>
<arg>LU</arg>
<arg>LV</arg>
<arg>LY</arg>
<arg>MA</arg>
<arg>MC</arg>
<arg>MD</arg>
<arg>ME</arg>
<arg>MF</arg>
<arg>MG</arg>
<arg>MH</arg>
<arg>MK</arg>
<arg>ML</arg>
<arg>MM</arg>
<arg>MN</arg>
<arg>MO</arg>
<arg>MP</arg>
<arg>MQ</arg>
<arg>MR</arg>
<arg>MS</arg>
<arg>MT</arg>
<arg>MU</arg>
<arg>MV</arg>
<arg>MW</arg>
<arg>MX</arg>
<arg>MY</arg>
<arg>MZ</arg>
<arg>NA</arg>
<arg>NC</arg>
<arg>NE</arg>
<arg>NF</arg>
<arg>NG</arg>
<arg>NI</arg>
<arg>NL</arg>
<arg>NO</arg>
<arg>NP</arg>
<arg>NR</arg>
<arg>NU</arg>
<arg>NZ</arg>
<arg>OM</arg>
<arg>PA</arg>
<arg>PE</arg>
<arg>PF</arg>
<arg>PG</arg>
<arg>PH</arg>
<arg>PK</arg>
<arg>PL</arg>
<arg>PM</arg>
<arg>PN</arg>
<arg>PR</arg>
<arg>PS</arg>
<arg>PT</arg>
<arg>PW</arg>
<arg>PY</arg>
<arg>QA</arg>
<arg>RE</arg>
<arg>RO</arg>
<arg>RS</arg>
<arg>RU</arg>
<arg>RW</arg>
<arg>SA</arg>
<arg>SB</arg>
<arg>SC</arg>
<arg>SD</arg>
<arg>SE</arg>
<arg>SG</arg>
<arg>SH</arg>
<arg>SI</arg>
<arg>SJ</arg>
<arg>SK</arg>
<arg>SL</arg>
<arg>SM</arg>
<arg>SN</arg>
<arg>SO</arg>
<arg>SR</arg>
<arg>SS</arg>
<arg>ST</arg>
<arg>SV</arg>
<arg>SX</arg>
<arg>SY</arg>
<arg>SZ</arg>
<arg>TC</arg>
<arg>TD</arg>
<arg>TF</arg>
<arg>TG</arg>
<arg>TH</arg>
<arg>TJ</arg>
<arg>TK</arg>
<arg>TL</arg>
<arg>TM</arg>
<arg>TN</arg>
<arg>TO</arg>
<arg>TR</arg>
<arg>TT</arg>
<arg>TV</arg>
<arg>TW</arg>
<arg>TZ</arg>
<arg>UA</arg>
<arg>UG</arg>
<arg>UM</arg>
<arg>US</arg>
<arg>UY</arg>
<arg>UZ</arg>
<arg>VA</arg>
<arg>VC</arg>
<arg>VE</arg>
<arg>VG</arg>
<arg>VI</arg>
<arg>VN</arg>
<arg>VU</arg>
<arg>WF</arg>
<arg>WS</arg>
<arg>XK</arg>
<arg>YE</arg>
<arg>YT</arg>
<arg>ZA</arg>
<arg>ZM</arg>
<arg>ZW</arg>
<doc>Returns a list containing given items.</doc>
<status status="PASS" start="2024-03-29T11:13:13.534738" elapsed="0.000627"/>
</kw>
<kw name="List Should Contain Value" owner="Collections">
<msg time="2024-03-29T11:13:13.536463" level="INFO">False</msg>
<arg>${list_country}</arg>
<arg>${name_country}</arg>
<doc>Fails if the ``value`` is not found from ``list``.</doc>
<status status="PASS" start="2024-03-29T11:13:13.536259" elapsed="0.000240"/>
</kw>
<kw name="Run Keyword If" owner="BuiltIn">
<kw name="Should Be True" owner="BuiltIn">
<arg>${True}</arg>
<doc>Fails if the given condition is not true.</doc>
<status status="PASS" start="2024-03-29T11:13:13.537591" elapsed="0.000145"/>
</kw>
<arg>${json_data["results"][0]["location"]["coordinates"]["latitude"]} &gt;= -90 and ${json_data["results"][0]["location"]["coordinates"]["latitude"]} &lt;= 90</arg>
<arg>Should Be True</arg>
<arg>${True}</arg>
<doc>Runs the given keyword with the given arguments, if ``condition`` is true.</doc>
<status status="PASS" start="2024-03-29T11:13:13.536812" elapsed="0.001053"/>
</kw>
<kw name="Run Keyword If" owner="BuiltIn">
<kw name="Should Be True" owner="BuiltIn">
<arg>${True}</arg>
<doc>Fails if the given condition is not true.</doc>
<status status="PASS" start="2024-03-29T11:13:13.538766" elapsed="0.000139"/>
</kw>
<arg>${json_data["results"][0]["location"]["coordinates"]["longitude"]} &gt;= -180 and ${json_data["results"][0]["location"]["coordinates"]["longitude"]} &lt;= 180</arg>
<arg>Should Be True</arg>
<arg>${True}</arg>
<doc>Runs the given keyword with the given arguments, if ``condition`` is true.</doc>
<status status="PASS" start="2024-03-29T11:13:13.538060" elapsed="0.000969"/>
</kw>
<status status="PASS" start="2024-03-29T11:13:13.432250" elapsed="0.106907"/>
</kw>
<doc>Testa o conteúdo específico dos campos retornados pela API.</doc>
<tag>testeConteudo</tag>
<status status="PASS" start="2024-03-29T11:13:13.431839" elapsed="0.107464"/>
</test>
<status status="PASS" start="2024-03-29T11:13:12.599536" elapsed="0.941685"/>
</suite>
<status status="PASS" start="2024-03-29T11:13:12.585425" elapsed="0.961102"/>
</suite>
<statistics>
<total>
<stat pass="5" fail="0" skip="0">All Tests</stat>
</total>
<tag>
<stat pass="1" fail="0" skip="0">testeConteudo</stat>
<stat pass="1" fail="0" skip="0">testeEstruturaResposta</stat>
<stat pass="1" fail="0" skip="0">testeRequisicaoBasica</stat>
<stat pass="1" fail="0" skip="0">testeTiposDados</stat>
</tag>
<suite>
<stat pass="5" fail="0" skip="0" id="s1" name="Tests">Tests</stat>
<stat pass="5" fail="0" skip="0" id="s1-s1" name="Random-User-Test">Tests.Random-User-Test</stat>
</suite>
</statistics>
<errors>
</errors>
</robot>
