<?xml version="1.0" encoding="UTF-8"?>
<robot generator="Robot 7.0.1 (Python 3.12.4 on linux)" generated="2024-07-01T06:23:00.233924" rpa="false" schemaversion="5">
<suite id="s1" name="Tests" source="/home/runner/work/ApiRandomUser/ApiRandomUser/RamdonUser/tests">
<suite id="s1-s1" name="Random-User-Test" source="/home/runner/work/ApiRandomUser/ApiRandomUser/RamdonUser/tests/random-user-test.robot">
<test id="s1-s1-t1" name="Conectar" line="13">
<kw name="Conectar API" owner="random-user-service">
<kw name="Create Session" owner="RequestsLibrary">
<msg time="2024-07-01T06:23:00.798416" level="INFO">Creating Session using : alias=consultarAPI, url=https://randomuser.me/, headers={},                     cookies={}, auth=None, timeout=None, proxies=None, verify=False,                     debug=0 </msg>
<arg>consultarAPI</arg>
<arg>${URL}</arg>
<doc>Create Session: create a HTTP session to a server</doc>
<status status="PASS" start="2024-07-01T06:23:00.798206" elapsed="0.000404"/>
</kw>
<status status="PASS" start="2024-07-01T06:23:00.797165" elapsed="0.001829"/>
</kw>
<status status="PASS" start="2024-07-01T06:23:00.796493" elapsed="0.002706"/>
</test>
<test id="s1-s1-t2" name="Validar retorno 200 e JSON Válido" line="16">
<kw name="Teste de Requisicao Basica" owner="random-user-service">
<kw name="GET On Session" owner="RequestsLibrary">
<msg time="2024-07-01T06:23:01.058433" level="INFO">GET Request : url=https://randomuser.me/api 
 path_url=/api 
 headers={'User-Agent': 'python-requests/2.32.3', 'Accept-Encoding': 'gzip, deflate', 'Accept': '*/*', 'Connection': 'keep-alive'} 
 body=None 
 </msg>
<msg time="2024-07-01T06:23:01.058581" level="INFO">GET Response : url=https://randomuser.me/api 
 status=200, reason=OK 
 headers={'Date': 'Mon, 01 Jul 2024 06:23:01 GMT', 'Content-Type': 'application/json; charset=utf-8', 'Transfer-Encoding': 'chunked', 'Connection': 'keep-alive', 'X-Powered-By': 'Express', 'Access-Control-Allow-Origin': '*', 'Cache-Control': 'no-cache', 'ETag': 'W/"492-wTwI3kJ0/rDHLyUiTTwC/fmzo+8"', 'Vary': 'Accept-Encoding', 'Content-Encoding': 'gzip', 'CF-Cache-Status': 'DYNAMIC', 'Report-To': '{"endpoints":[{"url":"https:\\/\\/a.nel.cloudflare.com\\/report\\/v4?s=ME1BZzhADwBRqgJjrS748D2DYRpFCKYEqKTw5oIEqh8EQZfSd%2BolAGRh7dG1Q2CxIiQG2hIU6h6k0EtEtOrgabFyuEh016TDUvXmwizbsSK3HVRhV9Lz2WjkYl8oJz37"}],"group":"cf-nel","max_age":604800}', 'NEL': '{"success_fraction":0,"report_to":"cf-nel","max_age":604800}', 'Server': 'cloudflare', 'CF-RAY': '89c44e0f1827cfb0-SJC', 'alt-svc': 'h3=":443"; ma=86400'} 
 body={"results":[{"gender":"female","name":{"title":"Miss","first":"Dianne","last":"Barnes"},"location":{"street":{"number":7471,"name":"Blossom Hill Rd"},"city":"Fort Wayne","state":"South Dakota","country":"United States","postcode":16811,"coordinates":{"latitude":"86.0028","longitude":"44.9816"},"timezone":{"offset":"-3:30","description":"Newfoundland"}},"email":"dianne.barnes@example.com","login":{"uuid":"4025b05d-1158-466a-b3a2-f8975bd27bb4","username":"blackzebra555","password":"netscape","salt":"evIzzQTp","md5":"af06a581eee549b219b617eea1af2c7a","sha1":"397a1f016952869b92d8b11e1a9b4a5664ba77d0","sha256":"42593aaf1f2cc71901b36a9eb94a2ababec46b1d25e2791b12254d3f95766bd0"},"dob":{"date":"1979-12-01T03:07:10.678Z","age":44},"registered":{"date":"2012-01-19T09:11:15.322Z","age":12},"phone":"(781) 577-2818","cell":"(931) 406-8026","id":{"name":"SSN","value":"841-31-2459"},"picture":{"large":"https://randomuser.me/api/portraits/women/31.jpg","medium":"https://randomuser.me/api/portraits/med/women/31.jpg","thumbnail":"https://randomuser.me/api/portraits/thumb/women/31.jpg"},"nat":"US"}],"info":{"seed":"8680fc65fa5035da","results":1,"page":1,"version":"1.4"}} 
 </msg>
<msg time="2024-07-01T06:23:01.058665" level="INFO">/opt/hostedtoolcache/Python/3.12.4/x64/lib/python3.12/site-packages/urllib3/connectionpool.py:1099: InsecureRequestWarning: Unverified HTTPS request is being made to host 'randomuser.me'. Adding certificate verification is strongly advised. See: https://urllib3.readthedocs.io/en/latest/advanced-usage.html#tls-warnings
  warnings.warn(</msg>
<msg time="2024-07-01T06:23:01.058811" level="INFO">${response} = &lt;Response [200]&gt;</msg>
<var>${response}</var>
<arg>consultarAPI</arg>
<arg>/api</arg>
<doc>Sends a GET request on a previously created HTTP Session.</doc>
<status status="PASS" start="2024-07-01T06:23:00.801973" elapsed="0.256882"/>
</kw>
<kw name="Should Be Equal As Numbers" owner="BuiltIn">
<msg time="2024-07-01T06:23:01.060068" level="INFO">Argument types are:
&lt;class 'int'&gt;
&lt;class 'str'&gt;</msg>
<arg>${response.status_code}</arg>
<arg>200</arg>
<doc>Fails if objects are unequal after converting them to real numbers.</doc>
<status status="PASS" start="2024-07-01T06:23:01.059556" elapsed="0.000579"/>
</kw>
<kw name="Log" owner="BuiltIn">
<msg time="2024-07-01T06:23:01.060830" level="INFO">200</msg>
<arg>${response.status_code}</arg>
<doc>Logs the given message with the given level.</doc>
<status status="PASS" start="2024-07-01T06:23:01.060470" elapsed="0.000402"/>
</kw>
<kw name="Set Variable" owner="BuiltIn">
<msg time="2024-07-01T06:23:01.061664" level="INFO">${json_data} = {'results': [{'gender': 'female', 'name': {'title': 'Miss', 'first': 'Dianne', 'last': 'Barnes'}, 'location': {'street': {'number': 7471, 'name': 'Blossom Hill Rd'}, 'city': 'Fort Wayne', 'state': 'So...</msg>
<var>${json_data}</var>
<arg>${response.json()}</arg>
<doc>Returns the given values which can then be assigned to a variables.</doc>
<status status="PASS" start="2024-07-01T06:23:01.061174" elapsed="0.000519"/>
</kw>
<kw name="Dictionary Should Contain Key" owner="Collections">
<arg>${json_data}</arg>
<arg>results</arg>
<doc>Fails if ``key`` is not found from ``dictionary``.</doc>
<status status="PASS" start="2024-07-01T06:23:01.062059" elapsed="0.000164"/>
</kw>
<status status="PASS" start="2024-07-01T06:23:00.801713" elapsed="0.260661"/>
</kw>
<doc>Testa se a API responde corretamente e retorna um objeto JSON válido.</doc>
<tag>testeRequisicaoBasica</tag>
<status status="PASS" start="2024-07-01T06:23:00.801105" elapsed="0.261443"/>
</test>
<test id="s1-s1-t3" name="Validar estrutura de resposta" line="22">
<kw name="Teste de Estrutura de Resposta" owner="random-user-service">
<kw name="GET On Session" owner="RequestsLibrary">
<msg time="2024-07-01T06:23:01.162716" level="INFO">GET Request : url=https://randomuser.me/api 
 path_url=/api 
 headers={'User-Agent': 'python-requests/2.32.3', 'Accept-Encoding': 'gzip, deflate', 'Accept': '*/*', 'Connection': 'keep-alive'} 
 body=None 
 </msg>
<msg time="2024-07-01T06:23:01.162820" level="INFO">GET Response : url=https://randomuser.me/api 
 status=200, reason=OK 
 headers={'Date': 'Mon, 01 Jul 2024 06:23:01 GMT', 'Content-Type': 'application/json; charset=utf-8', 'Transfer-Encoding': 'chunked', 'Connection': 'keep-alive', 'X-Powered-By': 'Express', 'Access-Control-Allow-Origin': '*', 'Cache-Control': 'no-cache', 'ETag': 'W/"485-zKhrfomP2AGNvfIra8FM6eO9VY0"', 'Vary': 'Accept-Encoding', 'Content-Encoding': 'gzip', 'CF-Cache-Status': 'DYNAMIC', 'Report-To': '{"endpoints":[{"url":"https:\\/\\/a.nel.cloudflare.com\\/report\\/v4?s=sNFE0pCTE5lLJk1r91%2BfSw%2FrZD0jlLn2TC64pbuJgQB6fSm6iInmBAQHByXnD39hoOxiQYHBazhPwbzKGrfWdTeS7TNjPcUFsmHxiy0GkVDe4gEg7LjkTvoZYiMHSThu"}],"group":"cf-nel","max_age":604800}', 'NEL': '{"success_fraction":0,"report_to":"cf-nel","max_age":604800}', 'Server': 'cloudflare', 'CF-RAY': '89c44e0fa8afcfb0-SJC', 'alt-svc': 'h3=":443"; ma=86400'} 
 body={"results":[{"gender":"female","name":{"title":"Mrs","first":"Raksha","last":"Naik"},"location":{"street":{"number":4955,"name":"Shanmugham Rd"},"city":"Jamalpur","state":"Gujarat","country":"India","postcode":87931,"coordinates":{"latitude":"8.9378","longitude":"151.3776"},"timezone":{"offset":"-8:00","description":"Pacific Time (US &amp; Canada)"}},"email":"raksha.naik@example.com","login":{"uuid":"99527d65-d810-47cc-a1d1-9a822edcfcff","username":"bigmeercat665","password":"slipknot","salt":"FgcCUUPh","md5":"d548fc8f7a8aa70925b2ba9483ba4771","sha1":"2453dd27a6c4ccb073fdce43c69231269639a477","sha256":"7d833beb3f00b41819189a22af98dc68ff2d7f5efc97aced42413817a55881c4"},"dob":{"date":"1974-08-11T11:08:49.125Z","age":49},"registered":{"date":"2005-07-05T01:50:43.835Z","age":18},"phone":"9889799948","cell":"7257082997","id":{"name":"UIDAI","value":"505392873015"},"picture":{"large":"https://randomuser.me/api/portraits/women/14.jpg","medium":"https://randomuser.me/api/portraits/med/women/14.jpg","thumbnail":"https://randomuser.me/api/portraits/thumb/women/14.jpg"},"nat":"IN"}],"info":{"seed":"af5ed30cb56ec932","results":1,"page":1,"version":"1.4"}} 
 </msg>
<msg time="2024-07-01T06:23:01.162957" level="INFO">/opt/hostedtoolcache/Python/3.12.4/x64/lib/python3.12/site-packages/urllib3/connectionpool.py:1099: InsecureRequestWarning: Unverified HTTPS request is being made to host 'randomuser.me'. Adding certificate verification is strongly advised. See: https://urllib3.readthedocs.io/en/latest/advanced-usage.html#tls-warnings
  warnings.warn(</msg>
<msg time="2024-07-01T06:23:01.163088" level="INFO">${response} = &lt;Response [200]&gt;</msg>
<var>${response}</var>
<arg>consultarAPI</arg>
<arg>/api</arg>
<doc>Sends a GET request on a previously created HTTP Session.</doc>
<status status="PASS" start="2024-07-01T06:23:01.065261" elapsed="0.097867"/>
</kw>
<kw name="Set Variable" owner="BuiltIn">
<msg time="2024-07-01T06:23:01.164325" level="INFO">${json_data} = {'results': [{'gender': 'female', 'name': {'title': 'Mrs', 'first': 'Raksha', 'last': 'Naik'}, 'location': {'street': {'number': 4955, 'name': 'Shanmugham Rd'}, 'city': 'Jamalpur', 'state': 'Gujarat',...</msg>
<var>${json_data}</var>
<arg>${response.json()}</arg>
<doc>Returns the given values which can then be assigned to a variables.</doc>
<status status="PASS" start="2024-07-01T06:23:01.163742" elapsed="0.000611"/>
</kw>
<kw name="Log" owner="BuiltIn">
<msg time="2024-07-01T06:23:01.164826" level="INFO">{'results': [{'gender': 'female', 'name': {'title': 'Mrs', 'first': 'Raksha', 'last': 'Naik'}, 'location': {'street': {'number': 4955, 'name': 'Shanmugham Rd'}, 'city': 'Jamalpur', 'state': 'Gujarat', 'country': 'India', 'postcode': 87931, 'coordinates': {'latitude': '8.9378', 'longitude': '151.3776'}, 'timezone': {'offset': '-8:00', 'description': 'Pacific Time (US &amp; Canada)'}}, 'email': 'raksha.naik@example.com', 'login': {'uuid': '99527d65-d810-47cc-a1d1-9a822edcfcff', 'username': 'bigmeercat665', 'password': 'slipknot', 'salt': 'FgcCUUPh', 'md5': 'd548fc8f7a8aa70925b2ba9483ba4771', 'sha1': '2453dd27a6c4ccb073fdce43c69231269639a477', 'sha256': '7d833beb3f00b41819189a22af98dc68ff2d7f5efc97aced42413817a55881c4'}, 'dob': {'date': '1974-08-11T11:08:49.125Z', 'age': 49}, 'registered': {'date': '2005-07-05T01:50:43.835Z', 'age': 18}, 'phone': '9889799948', 'cell': '7257082997', 'id': {'name': 'UIDAI', 'value': '505392873015'}, 'picture': {'large': 'https://randomuser.me/api/portraits/women/14.jpg', 'medium': 'https://randomuser.me/api/portraits/med/women/14.jpg', 'thumbnail': 'https://randomuser.me/api/portraits/thumb/women/14.jpg'}, 'nat': 'IN'}], 'info': {'seed': 'af5ed30cb56ec932', 'results': 1, 'page': 1, 'version': '1.4'}}</msg>
<arg>${json_data}</arg>
<doc>Logs the given message with the given level.</doc>
<status status="PASS" start="2024-07-01T06:23:01.164667" elapsed="0.000207"/>
</kw>
<kw name="Dictionary Should Contain Key" owner="Collections">
<arg>${json_data}</arg>
<arg>results</arg>
<doc>Fails if ``key`` is not found from ``dictionary``.</doc>
<status status="PASS" start="2024-07-01T06:23:01.165163" elapsed="0.000155"/>
</kw>
<kw name="Should Not Be Empty" owner="BuiltIn">
<msg time="2024-07-01T06:23:01.165686" level="INFO">Length is 2.</msg>
<arg>${json_data}</arg>
<doc>Verifies that the given item is not empty.</doc>
<status status="PASS" start="2024-07-01T06:23:01.165552" elapsed="0.000173"/>
</kw>
<kw name="Create List" owner="BuiltIn">
<msg time="2024-07-01T06:23:01.166335" level="INFO">${expected_keys} = ['gender', 'name', 'location', 'email', 'login']</msg>
<var>${expected_keys}</var>
<arg>gender</arg>
<arg>name</arg>
<arg>location</arg>
<arg>email</arg>
<arg>login</arg>
<doc>Returns a list containing given items.</doc>
<status status="PASS" start="2024-07-01T06:23:01.166026" elapsed="0.000334"/>
</kw>
<for flavor="IN">
<iter>
<kw name="Dictionary Should Contain Key" owner="Collections">
<arg>${json_data['results'][0]}</arg>
<arg>${key}</arg>
<doc>Fails if ``key`` is not found from ``dictionary``.</doc>
<status status="PASS" start="2024-07-01T06:23:01.166947" elapsed="0.000395"/>
</kw>
<kw name="Log" owner="BuiltIn">
<msg time="2024-07-01T06:23:01.167887" level="INFO">{'gender': 'female', 'name': {'title': 'Mrs', 'first': 'Raksha', 'last': 'Naik'}, 'location': {'street': {'number': 4955, 'name': 'Shanmugham Rd'}, 'city': 'Jamalpur', 'state': 'Gujarat', 'country': 'India', 'postcode': 87931, 'coordinates': {'latitude': '8.9378', 'longitude': '151.3776'}, 'timezone': {'offset': '-8:00', 'description': 'Pacific Time (US &amp; Canada)'}}, 'email': 'raksha.naik@example.com', 'login': {'uuid': '99527d65-d810-47cc-a1d1-9a822edcfcff', 'username': 'bigmeercat665', 'password': 'slipknot', 'salt': 'FgcCUUPh', 'md5': 'd548fc8f7a8aa70925b2ba9483ba4771', 'sha1': '2453dd27a6c4ccb073fdce43c69231269639a477', 'sha256': '7d833beb3f00b41819189a22af98dc68ff2d7f5efc97aced42413817a55881c4'}, 'dob': {'date': '1974-08-11T11:08:49.125Z', 'age': 49}, 'registered': {'date': '2005-07-05T01:50:43.835Z', 'age': 18}, 'phone': '9889799948', 'cell': '7257082997', 'id': {'name': 'UIDAI', 'value': '505392873015'}, 'picture': {'large': 'https://randomuser.me/api/portraits/women/14.jpg', 'medium': 'https://randomuser.me/api/portraits/med/women/14.jpg', 'thumbnail': 'https://randomuser.me/api/portraits/thumb/women/14.jpg'}, 'nat': 'IN'}</msg>
<arg>${json_data['results'][0]}</arg>
<doc>Logs the given message with the given level.</doc>
<status status="PASS" start="2024-07-01T06:23:01.167526" elapsed="0.000409"/>
</kw>
<kw name="Log" owner="BuiltIn">
<msg time="2024-07-01T06:23:01.168370" level="INFO">gender</msg>
<arg>${key}</arg>
<doc>Logs the given message with the given level.</doc>
<status status="PASS" start="2024-07-01T06:23:01.168237" elapsed="0.000172"/>
</kw>
<var name="${key}">gender</var>
<status status="PASS" start="2024-07-01T06:23:01.166821" elapsed="0.001809"/>
</iter>
<iter>
<kw name="Dictionary Should Contain Key" owner="Collections">
<arg>${json_data['results'][0]}</arg>
<arg>${key}</arg>
<doc>Fails if ``key`` is not found from ``dictionary``.</doc>
<status status="PASS" start="2024-07-01T06:23:01.168926" elapsed="0.000387"/>
</kw>
<kw name="Log" owner="BuiltIn">
<msg time="2024-07-01T06:23:01.169880" level="INFO">{'gender': 'female', 'name': {'title': 'Mrs', 'first': 'Raksha', 'last': 'Naik'}, 'location': {'street': {'number': 4955, 'name': 'Shanmugham Rd'}, 'city': 'Jamalpur', 'state': 'Gujarat', 'country': 'India', 'postcode': 87931, 'coordinates': {'latitude': '8.9378', 'longitude': '151.3776'}, 'timezone': {'offset': '-8:00', 'description': 'Pacific Time (US &amp; Canada)'}}, 'email': 'raksha.naik@example.com', 'login': {'uuid': '99527d65-d810-47cc-a1d1-9a822edcfcff', 'username': 'bigmeercat665', 'password': 'slipknot', 'salt': 'FgcCUUPh', 'md5': 'd548fc8f7a8aa70925b2ba9483ba4771', 'sha1': '2453dd27a6c4ccb073fdce43c69231269639a477', 'sha256': '7d833beb3f00b41819189a22af98dc68ff2d7f5efc97aced42413817a55881c4'}, 'dob': {'date': '1974-08-11T11:08:49.125Z', 'age': 49}, 'registered': {'date': '2005-07-05T01:50:43.835Z', 'age': 18}, 'phone': '9889799948', 'cell': '7257082997', 'id': {'name': 'UIDAI', 'value': '505392873015'}, 'picture': {'large': 'https://randomuser.me/api/portraits/women/14.jpg', 'medium': 'https://randomuser.me/api/portraits/med/women/14.jpg', 'thumbnail': 'https://randomuser.me/api/portraits/thumb/women/14.jpg'}, 'nat': 'IN'}</msg>
<arg>${json_data['results'][0]}</arg>
<doc>Logs the given message with the given level.</doc>
<status status="PASS" start="2024-07-01T06:23:01.169528" elapsed="0.000433"/>
</kw>
<kw name="Log" owner="BuiltIn">
<msg time="2024-07-01T06:23:01.170387" level="INFO">name</msg>
<arg>${key}</arg>
<doc>Logs the given message with the given level.</doc>
<status status="PASS" start="2024-07-01T06:23:01.170260" elapsed="0.000164"/>
</kw>
<var name="${key}">name</var>
<status status="PASS" start="2024-07-01T06:23:01.168814" elapsed="0.001827"/>
</iter>
<iter>
<kw name="Dictionary Should Contain Key" owner="Collections">
<arg>${json_data['results'][0]}</arg>
<arg>${key}</arg>
<doc>Fails if ``key`` is not found from ``dictionary``.</doc>
<status status="PASS" start="2024-07-01T06:23:01.170922" elapsed="0.000375"/>
</kw>
<kw name="Log" owner="BuiltIn">
<msg time="2024-07-01T06:23:01.171821" level="INFO">{'gender': 'female', 'name': {'title': 'Mrs', 'first': 'Raksha', 'last': 'Naik'}, 'location': {'street': {'number': 4955, 'name': 'Shanmugham Rd'}, 'city': 'Jamalpur', 'state': 'Gujarat', 'country': 'India', 'postcode': 87931, 'coordinates': {'latitude': '8.9378', 'longitude': '151.3776'}, 'timezone': {'offset': '-8:00', 'description': 'Pacific Time (US &amp; Canada)'}}, 'email': 'raksha.naik@example.com', 'login': {'uuid': '99527d65-d810-47cc-a1d1-9a822edcfcff', 'username': 'bigmeercat665', 'password': 'slipknot', 'salt': 'FgcCUUPh', 'md5': 'd548fc8f7a8aa70925b2ba9483ba4771', 'sha1': '2453dd27a6c4ccb073fdce43c69231269639a477', 'sha256': '7d833beb3f00b41819189a22af98dc68ff2d7f5efc97aced42413817a55881c4'}, 'dob': {'date': '1974-08-11T11:08:49.125Z', 'age': 49}, 'registered': {'date': '2005-07-05T01:50:43.835Z', 'age': 18}, 'phone': '9889799948', 'cell': '7257082997', 'id': {'name': 'UIDAI', 'value': '505392873015'}, 'picture': {'large': 'https://randomuser.me/api/portraits/women/14.jpg', 'medium': 'https://randomuser.me/api/portraits/med/women/14.jpg', 'thumbnail': 'https://randomuser.me/api/portraits/thumb/women/14.jpg'}, 'nat': 'IN'}</msg>
<arg>${json_data['results'][0]}</arg>
<doc>Logs the given message with the given level.</doc>
<status status="PASS" start="2024-07-01T06:23:01.171476" elapsed="0.000394"/>
</kw>
<kw name="Log" owner="BuiltIn">
<msg time="2024-07-01T06:23:01.172330" level="INFO">location</msg>
<arg>${key}</arg>
<doc>Logs the given message with the given level.</doc>
<status status="PASS" start="2024-07-01T06:23:01.172173" elapsed="0.000201"/>
</kw>
<var name="${key}">location</var>
<status status="PASS" start="2024-07-01T06:23:01.170815" elapsed="0.001815"/>
</iter>
<iter>
<kw name="Dictionary Should Contain Key" owner="Collections">
<arg>${json_data['results'][0]}</arg>
<arg>${key}</arg>
<doc>Fails if ``key`` is not found from ``dictionary``.</doc>
<status status="PASS" start="2024-07-01T06:23:01.172973" elapsed="0.000494"/>
</kw>
<kw name="Log" owner="BuiltIn">
<msg time="2024-07-01T06:23:01.174123" level="INFO">{'gender': 'female', 'name': {'title': 'Mrs', 'first': 'Raksha', 'last': 'Naik'}, 'location': {'street': {'number': 4955, 'name': 'Shanmugham Rd'}, 'city': 'Jamalpur', 'state': 'Gujarat', 'country': 'India', 'postcode': 87931, 'coordinates': {'latitude': '8.9378', 'longitude': '151.3776'}, 'timezone': {'offset': '-8:00', 'description': 'Pacific Time (US &amp; Canada)'}}, 'email': 'raksha.naik@example.com', 'login': {'uuid': '99527d65-d810-47cc-a1d1-9a822edcfcff', 'username': 'bigmeercat665', 'password': 'slipknot', 'salt': 'FgcCUUPh', 'md5': 'd548fc8f7a8aa70925b2ba9483ba4771', 'sha1': '2453dd27a6c4ccb073fdce43c69231269639a477', 'sha256': '7d833beb3f00b41819189a22af98dc68ff2d7f5efc97aced42413817a55881c4'}, 'dob': {'date': '1974-08-11T11:08:49.125Z', 'age': 49}, 'registered': {'date': '2005-07-05T01:50:43.835Z', 'age': 18}, 'phone': '9889799948', 'cell': '7257082997', 'id': {'name': 'UIDAI', 'value': '505392873015'}, 'picture': {'large': 'https://randomuser.me/api/portraits/women/14.jpg', 'medium': 'https://randomuser.me/api/portraits/med/women/14.jpg', 'thumbnail': 'https://randomuser.me/api/portraits/thumb/women/14.jpg'}, 'nat': 'IN'}</msg>
<arg>${json_data['results'][0]}</arg>
<doc>Logs the given message with the given level.</doc>
<status status="PASS" start="2024-07-01T06:23:01.173688" elapsed="0.000489"/>
</kw>
<kw name="Log" owner="BuiltIn">
<msg time="2024-07-01T06:23:01.174710" level="INFO">email</msg>
<arg>${key}</arg>
<doc>Logs the given message with the given level.</doc>
<status status="PASS" start="2024-07-01T06:23:01.174525" elapsed="0.000238"/>
</kw>
<var name="${key}">email</var>
<status status="PASS" start="2024-07-01T06:23:01.172849" elapsed="0.002172"/>
</iter>
<iter>
<kw name="Dictionary Should Contain Key" owner="Collections">
<arg>${json_data['results'][0]}</arg>
<arg>${key}</arg>
<doc>Fails if ``key`` is not found from ``dictionary``.</doc>
<status status="PASS" start="2024-07-01T06:23:01.175366" elapsed="0.000398"/>
</kw>
<kw name="Log" owner="BuiltIn">
<msg time="2024-07-01T06:23:01.176308" level="INFO">{'gender': 'female', 'name': {'title': 'Mrs', 'first': 'Raksha', 'last': 'Naik'}, 'location': {'street': {'number': 4955, 'name': 'Shanmugham Rd'}, 'city': 'Jamalpur', 'state': 'Gujarat', 'country': 'India', 'postcode': 87931, 'coordinates': {'latitude': '8.9378', 'longitude': '151.3776'}, 'timezone': {'offset': '-8:00', 'description': 'Pacific Time (US &amp; Canada)'}}, 'email': 'raksha.naik@example.com', 'login': {'uuid': '99527d65-d810-47cc-a1d1-9a822edcfcff', 'username': 'bigmeercat665', 'password': 'slipknot', 'salt': 'FgcCUUPh', 'md5': 'd548fc8f7a8aa70925b2ba9483ba4771', 'sha1': '2453dd27a6c4ccb073fdce43c69231269639a477', 'sha256': '7d833beb3f00b41819189a22af98dc68ff2d7f5efc97aced42413817a55881c4'}, 'dob': {'date': '1974-08-11T11:08:49.125Z', 'age': 49}, 'registered': {'date': '2005-07-05T01:50:43.835Z', 'age': 18}, 'phone': '9889799948', 'cell': '7257082997', 'id': {'name': 'UIDAI', 'value': '505392873015'}, 'picture': {'large': 'https://randomuser.me/api/portraits/women/14.jpg', 'medium': 'https://randomuser.me/api/portraits/med/women/14.jpg', 'thumbnail': 'https://randomuser.me/api/portraits/thumb/women/14.jpg'}, 'nat': 'IN'}</msg>
<arg>${json_data['results'][0]}</arg>
<doc>Logs the given message with the given level.</doc>
<status status="PASS" start="2024-07-01T06:23:01.175951" elapsed="0.000405"/>
</kw>
<kw name="Log" owner="BuiltIn">
<msg time="2024-07-01T06:23:01.176778" level="INFO">login</msg>
<arg>${key}</arg>
<doc>Logs the given message with the given level.</doc>
<status status="PASS" start="2024-07-01T06:23:01.176649" elapsed="0.000167"/>
</kw>
<var name="${key}">login</var>
<status status="PASS" start="2024-07-01T06:23:01.175224" elapsed="0.001808"/>
</iter>
<var>${key}</var>
<value>@{expected_keys}</value>
<status status="PASS" start="2024-07-01T06:23:01.166626" elapsed="0.010526"/>
</for>
<kw name="Create List" owner="BuiltIn">
<msg time="2024-07-01T06:23:01.177522" level="INFO">${expected_keysTwo} = ['username', 'password']</msg>
<var>${expected_keysTwo}</var>
<arg>username</arg>
<arg>password</arg>
<doc>Returns a list containing given items.</doc>
<status status="PASS" start="2024-07-01T06:23:01.177373" elapsed="0.000174"/>
</kw>
<for flavor="IN">
<iter>
<kw name="Dictionary Should Contain Key" owner="Collections">
<arg>${json_data['results'][0]['login']}</arg>
<arg>${keyTwo}</arg>
<doc>Fails if ``key`` is not found from ``dictionary``.</doc>
<status status="PASS" start="2024-07-01T06:23:01.178078" elapsed="0.000387"/>
</kw>
<kw name="Dictionary Should Contain Key" owner="Collections">
<arg>${json_data['results'][0]['login']}</arg>
<arg>${keyTwo}</arg>
<doc>Fails if ``key`` is not found from ``dictionary``.</doc>
<status status="PASS" start="2024-07-01T06:23:01.178646" elapsed="0.000379"/>
</kw>
<kw name="Log" owner="BuiltIn">
<msg time="2024-07-01T06:23:01.179326" level="INFO">username</msg>
<arg>${keyTwo}</arg>
<doc>Logs the given message with the given level.</doc>
<status status="PASS" start="2024-07-01T06:23:01.179204" elapsed="0.000160"/>
</kw>
<var name="${keyTwo}">username</var>
<status status="PASS" start="2024-07-01T06:23:01.177971" elapsed="0.001615"/>
</iter>
<iter>
<kw name="Dictionary Should Contain Key" owner="Collections">
<arg>${json_data['results'][0]['login']}</arg>
<arg>${keyTwo}</arg>
<doc>Fails if ``key`` is not found from ``dictionary``.</doc>
<status status="PASS" start="2024-07-01T06:23:01.179893" elapsed="0.000380"/>
</kw>
<kw name="Dictionary Should Contain Key" owner="Collections">
<arg>${json_data['results'][0]['login']}</arg>
<arg>${keyTwo}</arg>
<doc>Fails if ``key`` is not found from ``dictionary``.</doc>
<status status="PASS" start="2024-07-01T06:23:01.180450" elapsed="0.000365"/>
</kw>
<kw name="Log" owner="BuiltIn">
<msg time="2024-07-01T06:23:01.181106" level="INFO">password</msg>
<arg>${keyTwo}</arg>
<doc>Logs the given message with the given level.</doc>
<status status="PASS" start="2024-07-01T06:23:01.180988" elapsed="0.000160"/>
</kw>
<var name="${keyTwo}">password</var>
<status status="PASS" start="2024-07-01T06:23:01.179773" elapsed="0.001722"/>
</iter>
<var>${keyTwo}</var>
<value>@{expected_keysTwo}</value>
<status status="PASS" start="2024-07-01T06:23:01.177813" elapsed="0.003806"/>
</for>
<status status="PASS" start="2024-07-01T06:23:01.065018" elapsed="0.116744"/>
</kw>
<doc>Testa a estrutura da resposta da API.</doc>
<tag>testeEstruturaResposta</tag>
<status status="PASS" start="2024-07-01T06:23:01.064394" elapsed="0.117570"/>
</test>
<test id="s1-s1-t4" name="Validar tipos de dados" line="28">
<kw name="Teste de Tipos de Dados" owner="random-user-service">
<kw name="GET On Session" owner="RequestsLibrary">
<msg time="2024-07-01T06:23:01.268002" level="INFO">GET Request : url=https://randomuser.me/api 
 path_url=/api 
 headers={'User-Agent': 'python-requests/2.32.3', 'Accept-Encoding': 'gzip, deflate', 'Accept': '*/*', 'Connection': 'keep-alive'} 
 body=None 
 </msg>
<msg time="2024-07-01T06:23:01.268147" level="INFO">GET Response : url=https://randomuser.me/api 
 status=200, reason=OK 
 headers={'Date': 'Mon, 01 Jul 2024 06:23:01 GMT', 'Content-Type': 'application/json; charset=utf-8', 'Transfer-Encoding': 'chunked', 'Connection': 'keep-alive', 'X-Powered-By': 'Express', 'Access-Control-Allow-Origin': '*', 'Cache-Control': 'no-cache', 'ETag': 'W/"48e-jmYs/mf0Xnk2hoMgkpW6BA/hrKs"', 'Vary': 'Accept-Encoding', 'Content-Encoding': 'gzip', 'CF-Cache-Status': 'DYNAMIC', 'Report-To': '{"endpoints":[{"url":"https:\\/\\/a.nel.cloudflare.com\\/report\\/v4?s=ZIcEQv%2FA668R53B6DCUQhEw5HGJZriV0vNJPpkRL3bfFh8A9svya79Dk5dyVUcdw8c9IfFSJE3XwcKuk%2FN9hhmPPsL1iyN6vRHfXYVpQnVmWrcYOGkXNMuLrkbgVTpqX"}],"group":"cf-nel","max_age":604800}', 'NEL': '{"success_fraction":0,"report_to":"cf-nel","max_age":604800}', 'Server': 'cloudflare', 'CF-RAY': '89c44e106940cfb0-SJC', 'alt-svc': 'h3=":443"; ma=86400'} 
 body={"results":[{"gender":"female","name":{"title":"Mrs","first":"Josefina","last":"Moreno"},"location":{"street":{"number":7482,"name":"Calle del Prado"},"city":"Alicante","state":"La Rioja","country":"Spain","postcode":28584,"coordinates":{"latitude":"-37.5078","longitude":"133.5984"},"timezone":{"offset":"+2:00","description":"Kaliningrad, South Africa"}},"email":"josefina.moreno@example.com","login":{"uuid":"7958bd1b-33c4-4894-bf41-4d00066ef372","username":"beautifulfrog857","password":"conover","salt":"lXsILro9","md5":"4dbe2d46b671b2295fe5df0f487b81d9","sha1":"2101aeb1abb45101ccb5e672df6f99f18a875a32","sha256":"71f03d552e2ee65fa36e20ebfa1173dc81facfe60ecd98c72a27e30b002a9de0"},"dob":{"date":"1947-04-07T10:01:41.168Z","age":77},"registered":{"date":"2003-06-04T19:06:22.880Z","age":21},"phone":"934-992-410","cell":"665-077-552","id":{"name":"DNI","value":"09097242-Q"},"picture":{"large":"https://randomuser.me/api/portraits/women/3.jpg","medium":"https://randomuser.me/api/portraits/med/women/3.jpg","thumbnail":"https://randomuser.me/api/portraits/thumb/women/3.jpg"},"nat":"ES"}],"info":{"seed":"839ef5d37c8ad44d","results":1,"page":1,"version":"1.4"}} 
 </msg>
<msg time="2024-07-01T06:23:01.268267" level="INFO">/opt/hostedtoolcache/Python/3.12.4/x64/lib/python3.12/site-packages/urllib3/connectionpool.py:1099: InsecureRequestWarning: Unverified HTTPS request is being made to host 'randomuser.me'. Adding certificate verification is strongly advised. See: https://urllib3.readthedocs.io/en/latest/advanced-usage.html#tls-warnings
  warnings.warn(</msg>
<msg time="2024-07-01T06:23:01.268446" level="INFO">${response} = &lt;Response [200]&gt;</msg>
<var>${response}</var>
<arg>consultarAPI</arg>
<arg>/api</arg>
<doc>Sends a GET request on a previously created HTTP Session.</doc>
<status status="PASS" start="2024-07-01T06:23:01.184575" elapsed="0.083921"/>
</kw>
<kw name="Set Variable" owner="BuiltIn">
<msg time="2024-07-01T06:23:01.270005" level="INFO">${json_data} = {'results': [{'gender': 'female', 'name': {'title': 'Mrs', 'first': 'Josefina', 'last': 'Moreno'}, 'location': {'street': {'number': 7482, 'name': 'Calle del Prado'}, 'city': 'Alicante', 'state': 'La ...</msg>
<var>${json_data}</var>
<arg>${response.json()}</arg>
<doc>Returns the given values which can then be assigned to a variables.</doc>
<status status="PASS" start="2024-07-01T06:23:01.269202" elapsed="0.000845"/>
</kw>
<kw name="Log" owner="BuiltIn">
<msg time="2024-07-01T06:23:01.270761" level="INFO">{'results': [{'gender': 'female', 'name': {'title': 'Mrs', 'first': 'Josefina', 'last': 'Moreno'}, 'location': {'street': {'number': 7482, 'name': 'Calle del Prado'}, 'city': 'Alicante', 'state': 'La Rioja', 'country': 'Spain', 'postcode': 28584, 'coordinates': {'latitude': '-37.5078', 'longitude': '133.5984'}, 'timezone': {'offset': '+2:00', 'description': 'Kaliningrad, South Africa'}}, 'email': 'josefina.moreno@example.com', 'login': {'uuid': '7958bd1b-33c4-4894-bf41-4d00066ef372', 'username': 'beautifulfrog857', 'password': 'conover', 'salt': 'lXsILro9', 'md5': '4dbe2d46b671b2295fe5df0f487b81d9', 'sha1': '2101aeb1abb45101ccb5e672df6f99f18a875a32', 'sha256': '71f03d552e2ee65fa36e20ebfa1173dc81facfe60ecd98c72a27e30b002a9de0'}, 'dob': {'date': '1947-04-07T10:01:41.168Z', 'age': 77}, 'registered': {'date': '2003-06-04T19:06:22.880Z', 'age': 21}, 'phone': '934-992-410', 'cell': '665-077-552', 'id': {'name': 'DNI', 'value': '09097242-Q'}, 'picture': {'large': 'https://randomuser.me/api/portraits/women/3.jpg', 'medium': 'https://randomuser.me/api/portraits/med/women/3.jpg', 'thumbnail': 'https://randomuser.me/api/portraits/thumb/women/3.jpg'}, 'nat': 'ES'}], 'info': {'seed': '839ef5d37c8ad44d', 'results': 1, 'page': 1, 'version': '1.4'}}</msg>
<arg>${json_data}</arg>
<doc>Logs the given message with the given level.</doc>
<status status="PASS" start="2024-07-01T06:23:01.270507" elapsed="0.000343"/>
</kw>
<kw name="Should Be String" owner="String">
<arg>${json_data['results'][0]['gender']}</arg>
<doc>Fails if the given ``item`` is not a string.</doc>
<status status="PASS" start="2024-07-01T06:23:01.271316" elapsed="0.000611"/>
</kw>
<kw name="Should Match Regexp" owner="BuiltIn">
<arg>${json_data['results'][0]['email']}</arg>
<arg>^[a-zA-Z0-9._%+-]+@[a-zA-Z0-9.-]+\.[a-zA-Z]{2,}$</arg>
<doc>Fails if ``string`` does not match ``pattern`` as a regular expression.</doc>
<status status="PASS" start="2024-07-01T06:23:01.272229" elapsed="0.000868"/>
</kw>
<kw name="Should Match Regexp" owner="BuiltIn">
<arg>${json_data['results'][0]['dob']['date']}</arg>
<arg>\\d{4}-\\d{2}-\\d{2}T\\d{2}:\\d{2}:\\d{2}\\.\\d{3}Z</arg>
<doc>Fails if ``string`` does not match ``pattern`` as a regular expression.</doc>
<status status="PASS" start="2024-07-01T06:23:01.273505" elapsed="0.000815"/>
</kw>
<kw name="Should Match Regexp" owner="BuiltIn">
<arg>${json_data['results'][0]['registered']['date']}</arg>
<arg>\\d{4}-\\d{2}-\\d{2}T\\d{2}:\\d{2}:\\d{2}\\.\\d{3}Z</arg>
<doc>Fails if ``string`` does not match ``pattern`` as a regular expression.</doc>
<status status="PASS" start="2024-07-01T06:23:01.274656" elapsed="0.000589"/>
</kw>
<kw name="Should Match Regexp" owner="BuiltIn">
<arg>${json_data['results'][0]['picture']['large']}</arg>
<arg>^https?://.*\.(?:png|jpe?g|gif|bmp)$</arg>
<doc>Fails if ``string`` does not match ``pattern`` as a regular expression.</doc>
<status status="PASS" start="2024-07-01T06:23:01.275538" elapsed="0.000829"/>
</kw>
<kw name="Should Match Regexp" owner="BuiltIn">
<arg>${json_data['results'][0]['picture']['medium']}</arg>
<arg>^https?://.*\.(?:png|jpe?g|gif|bmp)$</arg>
<doc>Fails if ``string`` does not match ``pattern`` as a regular expression.</doc>
<status status="PASS" start="2024-07-01T06:23:01.276664" elapsed="0.000578"/>
</kw>
<kw name="Should Match Regexp" owner="BuiltIn">
<arg>${json_data['results'][0]['picture']['thumbnail']}</arg>
<arg>^https?://.*\.(?:png|jpe?g|gif|bmp)$</arg>
<doc>Fails if ``string`` does not match ``pattern`` as a regular expression.</doc>
<status status="PASS" start="2024-07-01T06:23:01.277599" elapsed="0.000584"/>
</kw>
<kw name="Log" owner="BuiltIn">
<msg time="2024-07-01T06:23:01.279083" level="INFO">{'large': 'https://randomuser.me/api/portraits/women/3.jpg', 'medium': 'https://randomuser.me/api/portraits/med/women/3.jpg', 'thumbnail': 'https://randomuser.me/api/portraits/thumb/women/3.jpg'}</msg>
<arg>${json_data['results'][0]['picture']}</arg>
<doc>Logs the given message with the given level.</doc>
<status status="PASS" start="2024-07-01T06:23:01.278518" elapsed="0.000639"/>
</kw>
<status status="PASS" start="2024-07-01T06:23:01.184338" elapsed="0.095230"/>
</kw>
<kw name="Teste de Tipos de Dados - Postcode" owner="random-user-service">
<kw name="GET On Session" owner="RequestsLibrary">
<msg time="2024-07-01T06:23:01.376060" level="INFO">GET Request : url=https://randomuser.me/api 
 path_url=/api 
 headers={'User-Agent': 'python-requests/2.32.3', 'Accept-Encoding': 'gzip, deflate', 'Accept': '*/*', 'Connection': 'keep-alive'} 
 body=None 
 </msg>
<msg time="2024-07-01T06:23:01.376158" level="INFO">GET Response : url=https://randomuser.me/api 
 status=200, reason=OK 
 headers={'Date': 'Mon, 01 Jul 2024 06:23:01 GMT', 'Content-Type': 'application/json; charset=utf-8', 'Transfer-Encoding': 'chunked', 'Connection': 'keep-alive', 'X-Powered-By': 'Express', 'Access-Control-Allow-Origin': '*', 'Cache-Control': 'no-cache', 'ETag': 'W/"497-yt2/FVPrMQuoKOeQSaHUsxcIuK8"', 'Vary': 'Accept-Encoding', 'Content-Encoding': 'gzip', 'CF-Cache-Status': 'DYNAMIC', 'Report-To': '{"endpoints":[{"url":"https:\\/\\/a.nel.cloudflare.com\\/report\\/v4?s=Zb0iCZLPJYk4wRVgcuVER0uVQBQ3nTkY8XTyBfusbo52GSdQJ6GaIGiTkEX%2FO0FYfyUP7VpFGCttxnpF2qbXg4YJtwHerNpVsH57t2U2nM8qu8M8KDkSWiRQMNH7GtbN"}],"group":"cf-nel","max_age":604800}', 'NEL': '{"success_fraction":0,"report_to":"cf-nel","max_age":604800}', 'Server': 'cloudflare', 'CF-RAY': '89c44e1109d4cfb0-SJC', 'alt-svc': 'h3=":443"; ma=86400'} 
 body={"results":[{"gender":"female","name":{"title":"Mrs","first":"Andrea","last":"Howell"},"location":{"street":{"number":6814,"name":"Green Rd"},"city":"Bunbury","state":"Northern Territory","country":"Australia","postcode":5143,"coordinates":{"latitude":"-88.7558","longitude":"48.6758"},"timezone":{"offset":"-3:00","description":"Brazil, Buenos Aires, Georgetown"}},"email":"andrea.howell@example.com","login":{"uuid":"0655a534-1746-4c2d-8c12-c684481b1844","username":"blackrabbit457","password":"absolut","salt":"EqzXiZcY","md5":"115cab15bb1cd7d2cc3c8b1d70dfd7c5","sha1":"5b940f3e68e7cafb002679e7a08475dd14016c0e","sha256":"124b7fe454763a61ecc43fc1c9ff1ba89e6b36cf25ac0dd706fda7d0b623a605"},"dob":{"date":"1974-02-28T03:47:17.863Z","age":50},"registered":{"date":"2008-01-24T22:00:54.650Z","age":16},"phone":"05-0705-2293","cell":"0461-365-609","id":{"name":"TFN","value":"797460337"},"picture":{"large":"https://randomuser.me/api/portraits/women/26.jpg","medium":"https://randomuser.me/api/portraits/med/women/26.jpg","thumbnail":"https://randomuser.me/api/portraits/thumb/women/26.jpg"},"nat":"AU"}],"info":{"seed":"b15ee39ad3f37263","results":1,"page":1,"version":"1.4"}} 
 </msg>
<msg time="2024-07-01T06:23:01.376230" level="INFO">/opt/hostedtoolcache/Python/3.12.4/x64/lib/python3.12/site-packages/urllib3/connectionpool.py:1099: InsecureRequestWarning: Unverified HTTPS request is being made to host 'randomuser.me'. Adding certificate verification is strongly advised. See: https://urllib3.readthedocs.io/en/latest/advanced-usage.html#tls-warnings
  warnings.warn(</msg>
<msg time="2024-07-01T06:23:01.376356" level="INFO">${response} = &lt;Response [200]&gt;</msg>
<var>${response}</var>
<arg>consultarAPI</arg>
<arg>/api</arg>
<doc>Sends a GET request on a previously created HTTP Session.</doc>
<status status="PASS" start="2024-07-01T06:23:01.280351" elapsed="0.096048"/>
</kw>
<kw name="Set Variable" owner="BuiltIn">
<msg time="2024-07-01T06:23:01.377664" level="INFO">${json_data} = {'results': [{'gender': 'female', 'name': {'title': 'Mrs', 'first': 'Andrea', 'last': 'Howell'}, 'location': {'street': {'number': 6814, 'name': 'Green Rd'}, 'city': 'Bunbury', 'state': 'Northern Terr...</msg>
<var>${json_data}</var>
<arg>${response.json()}</arg>
<doc>Returns the given values which can then be assigned to a variables.</doc>
<status status="PASS" start="2024-07-01T06:23:01.377056" elapsed="0.000637"/>
</kw>
<kw name="Log" owner="BuiltIn">
<msg time="2024-07-01T06:23:01.378196" level="INFO">{'results': [{'gender': 'female', 'name': {'title': 'Mrs', 'first': 'Andrea', 'last': 'Howell'}, 'location': {'street': {'number': 6814, 'name': 'Green Rd'}, 'city': 'Bunbury', 'state': 'Northern Territory', 'country': 'Australia', 'postcode': 5143, 'coordinates': {'latitude': '-88.7558', 'longitude': '48.6758'}, 'timezone': {'offset': '-3:00', 'description': 'Brazil, Buenos Aires, Georgetown'}}, 'email': 'andrea.howell@example.com', 'login': {'uuid': '0655a534-1746-4c2d-8c12-c684481b1844', 'username': 'blackrabbit457', 'password': 'absolut', 'salt': 'EqzXiZcY', 'md5': '115cab15bb1cd7d2cc3c8b1d70dfd7c5', 'sha1': '5b940f3e68e7cafb002679e7a08475dd14016c0e', 'sha256': '124b7fe454763a61ecc43fc1c9ff1ba89e6b36cf25ac0dd706fda7d0b623a605'}, 'dob': {'date': '1974-02-28T03:47:17.863Z', 'age': 50}, 'registered': {'date': '2008-01-24T22:00:54.650Z', 'age': 16}, 'phone': '05-0705-2293', 'cell': '0461-365-609', 'id': {'name': 'TFN', 'value': '797460337'}, 'picture': {'large': 'https://randomuser.me/api/portraits/women/26.jpg', 'medium': 'https://randomuser.me/api/portraits/med/women/26.jpg', 'thumbnail': 'https://randomuser.me/api/portraits/thumb/women/26.jpg'}, 'nat': 'AU'}], 'info': {'seed': 'b15ee39ad3f37263', 'results': 1, 'page': 1, 'version': '1.4'}}</msg>
<arg>${json_data}</arg>
<doc>Logs the given message with the given level.</doc>
<status status="PASS" start="2024-07-01T06:23:01.378024" elapsed="0.000221"/>
</kw>
<kw name="Should Be Equal As Numbers" owner="BuiltIn">
<arg>${json_data['results'][0]['location']['postcode']}</arg>
<arg>${json_data['results'][0]['location']['postcode']}</arg>
<doc>Fails if objects are unequal after converting them to real numbers.</doc>
<status status="PASS" start="2024-07-01T06:23:01.378550" elapsed="0.000639"/>
</kw>
<kw name="Log" owner="BuiltIn">
<msg time="2024-07-01T06:23:01.379897" level="INFO">5143</msg>
<arg>${json_data['results'][0]['location']['postcode']}</arg>
<doc>Logs the given message with the given level.</doc>
<status status="PASS" start="2024-07-01T06:23:01.379385" elapsed="0.000553"/>
</kw>
<status status="PASS" start="2024-07-01T06:23:01.279961" elapsed="0.100266"/>
</kw>
<doc>Testa se os tipos de dados na resposta da API estão corretos.</doc>
<tag>testeTiposDados</tag>
<status status="PASS" start="2024-07-01T06:23:01.183756" elapsed="0.196639"/>
</test>
<test id="s1-s1-t5" name="Validar conteudo" line="35">
<kw name="Teste de Tipos de Conteudo" owner="random-user-service">
<kw name="GET On Session" owner="RequestsLibrary">
<msg time="2024-07-01T06:23:01.566266" level="INFO">GET Request : url=https://randomuser.me/api 
 path_url=/api 
 headers={'User-Agent': 'python-requests/2.32.3', 'Accept-Encoding': 'gzip, deflate', 'Accept': '*/*', 'Connection': 'keep-alive'} 
 body=None 
 </msg>
<msg time="2024-07-01T06:23:01.566364" level="INFO">GET Response : url=https://randomuser.me/api 
 status=200, reason=OK 
 headers={'Date': 'Mon, 01 Jul 2024 06:23:01 GMT', 'Content-Type': 'application/json; charset=utf-8', 'Transfer-Encoding': 'chunked', 'Connection': 'keep-alive', 'X-Powered-By': 'Express', 'Access-Control-Allow-Origin': '*', 'Cache-Control': 'no-cache', 'ETag': 'W/"4a3-J1hahNhhbSPVI6T6/5IN6zTj/wo"', 'Vary': 'Accept-Encoding', 'Content-Encoding': 'gzip', 'CF-Cache-Status': 'DYNAMIC', 'Report-To': '{"endpoints":[{"url":"https:\\/\\/a.nel.cloudflare.com\\/report\\/v4?s=44iTsafFpfB9T1YEcXJ86O09My9w6Z1rhXJ6f25Gm2L%2BnIimJ1%2BZckJCDCEOOz%2FbkB337Gl6gNXV4%2B0uWepEl%2Fb034WJez6hpfXJECKliDufcEbyMh7GqhGARDSillCX"}],"group":"cf-nel","max_age":604800}', 'NEL': '{"success_fraction":0,"report_to":"cf-nel","max_age":604800}', 'Server': 'cloudflare', 'CF-RAY': '89c44e11aa7ccfb0-SJC', 'alt-svc': 'h3=":443"; ma=86400'} 
 body={"results":[{"gender":"female","name":{"title":"Miss","first":"Saana","last":"Couri"},"location":{"street":{"number":3283,"name":"Mechelininkatu"},"city":"Pirkkala","state":"South Karelia","country":"Finland","postcode":82817,"coordinates":{"latitude":"-26.0476","longitude":"28.1122"},"timezone":{"offset":"+3:00","description":"Baghdad, Riyadh, Moscow, St. Petersburg"}},"email":"saana.couri@example.com","login":{"uuid":"d04856aa-ccbf-4623-98d9-035cc63bf035","username":"organicbird297","password":"summer1","salt":"YT7zkl1G","md5":"271aa6fb82efb92b301e17062f279fd1","sha1":"58c3fe2dc2249e2c21b2caed0e18943915c6a412","sha256":"3d03b5e3473d835d94686f637d34a4ecb73dc1ab0959e5dd8c9ebecd583f2d42"},"dob":{"date":"1963-04-10T05:33:40.437Z","age":61},"registered":{"date":"2017-08-31T04:49:35.961Z","age":6},"phone":"05-179-023","cell":"042-122-31-66","id":{"name":"HETU","value":"NaNNA684undefined"},"picture":{"large":"https://randomuser.me/api/portraits/women/76.jpg","medium":"https://randomuser.me/api/portraits/med/women/76.jpg","thumbnail":"https://randomuser.me/api/portraits/thumb/women/76.jpg"},"nat":"FI"}],"info":{"seed":"a1080f34b2f4901e","results":1,"page":1,"version":"1.4"}} 
 </msg>
<msg time="2024-07-01T06:23:01.566435" level="INFO">/opt/hostedtoolcache/Python/3.12.4/x64/lib/python3.12/site-packages/urllib3/connectionpool.py:1099: InsecureRequestWarning: Unverified HTTPS request is being made to host 'randomuser.me'. Adding certificate verification is strongly advised. See: https://urllib3.readthedocs.io/en/latest/advanced-usage.html#tls-warnings
  warnings.warn(</msg>
<msg time="2024-07-01T06:23:01.566554" level="INFO">${response} = &lt;Response [200]&gt;</msg>
<var>${response}</var>
<arg>consultarAPI</arg>
<arg>/api</arg>
<doc>Sends a GET request on a previously created HTTP Session.</doc>
<status status="PASS" start="2024-07-01T06:23:01.382999" elapsed="0.183582"/>
</kw>
<kw name="Set Variable" owner="BuiltIn">
<msg time="2024-07-01T06:23:01.567637" level="INFO">${json_data} = {'results': [{'gender': 'female', 'name': {'title': 'Miss', 'first': 'Saana', 'last': 'Couri'}, 'location': {'street': {'number': 3283, 'name': 'Mechelininkatu'}, 'city': 'Pirkkala', 'state': 'South K...</msg>
<var>${json_data}</var>
<arg>${response.json()}</arg>
<doc>Returns the given values which can then be assigned to a variables.</doc>
<status status="PASS" start="2024-07-01T06:23:01.567124" elapsed="0.000542"/>
</kw>
<kw name="Set Variable" owner="BuiltIn">
<msg time="2024-07-01T06:23:01.568358" level="INFO">${name_title} = Miss</msg>
<var>${name_title}</var>
<arg>${json_data["results"][0]["name"]["title"]}</arg>
<doc>Returns the given values which can then be assigned to a variables.</doc>
<status status="PASS" start="2024-07-01T06:23:01.567973" elapsed="0.000410"/>
</kw>
<kw name="Create List" owner="BuiltIn">
<msg time="2024-07-01T06:23:01.568827" level="INFO">${allowed_titles} = ['Mr', 'Ms', 'Miss', 'Mrs', 'Madame', 'Monsieur']</msg>
<var>${allowed_titles}</var>
<arg>Mr</arg>
<arg>Ms</arg>
<arg>Miss</arg>
<arg>Mrs</arg>
<arg>Madame</arg>
<arg>Monsieur</arg>
<doc>Returns a list containing given items.</doc>
<status status="PASS" start="2024-07-01T06:23:01.568679" elapsed="0.000172"/>
</kw>
<kw name="List Should Contain Value" owner="Collections">
<arg>${allowed_titles}</arg>
<arg>${name_title}</arg>
<doc>Fails if the ``value`` is not found from ``list``.</doc>
<status status="PASS" start="2024-07-01T06:23:01.569149" elapsed="0.000179"/>
</kw>
<kw name="Set Variable" owner="BuiltIn">
<msg time="2024-07-01T06:23:01.569923" level="INFO">${name_country} = FI</msg>
<var>${name_country}</var>
<arg>${json_data["results"][0]["nat"]}</arg>
<doc>Returns the given values which can then be assigned to a variables.</doc>
<status status="PASS" start="2024-07-01T06:23:01.569558" elapsed="0.000389"/>
</kw>
<kw name="Create List" owner="BuiltIn">
<msg time="2024-07-01T06:23:01.570835" level="INFO">${list_country} = ['AD', 'AE', 'AF', 'AG', 'AI', 'AL', 'AM', 'AO', 'AQ', 'AR', 'AS', 'AT', 'AU', 'AW', 'AX', 'AZ', 'BA', 'BB', 'BD', 'BE', 'BF', 'BG', 'BH', 'BI', 'BJ', 'BL', 'BM', 'BN', 'BO', 'BQ', 'BR', 'BS', 'BT', '...</msg>
<var>${list_country}</var>
<arg>AD</arg>
<arg>AE</arg>
<arg>AF</arg>
<arg>AG</arg>
<arg>AI</arg>
<arg>AL</arg>
<arg>AM</arg>
<arg>AO</arg>
<arg>AQ</arg>
<arg>AR</arg>
<arg>AS</arg>
<arg>AT</arg>
<arg>AU</arg>
<arg>AW</arg>
<arg>AX</arg>
<arg>AZ</arg>
<arg>BA</arg>
<arg>BB</arg>
<arg>BD</arg>
<arg>BE</arg>
<arg>BF</arg>
<arg>BG</arg>
<arg>BH</arg>
<arg>BI</arg>
<arg>BJ</arg>
<arg>BL</arg>
<arg>BM</arg>
<arg>BN</arg>
<arg>BO</arg>
<arg>BQ</arg>
<arg>BR</arg>
<arg>BS</arg>
<arg>BT</arg>
<arg>BV</arg>
<arg>BW</arg>
<arg>BY</arg>
<arg>BZ</arg>
<arg>CA</arg>
<arg>CC</arg>
<arg>CD</arg>
<arg>CF</arg>
<arg>CG</arg>
<arg>CH</arg>
<arg>CI</arg>
<arg>CK</arg>
<arg>CL</arg>
<arg>CM</arg>
<arg>CN</arg>
<arg>CO</arg>
<arg>CR</arg>
<arg>CU</arg>
<arg>CV</arg>
<arg>CW</arg>
<arg>CX</arg>
<arg>CY</arg>
<arg>CZ</arg>
<arg>DE</arg>
<arg>DJ</arg>
<arg>DK</arg>
<arg>DM</arg>
<arg>DO</arg>
<arg>DZ</arg>
<arg>EC</arg>
<arg>EE</arg>
<arg>EG</arg>
<arg>EH</arg>
<arg>ER</arg>
<arg>ES</arg>
<arg>ET</arg>
<arg>FI</arg>
<arg>FJ</arg>
<arg>FK</arg>
<arg>FM</arg>
<arg>FO</arg>
<arg>FR</arg>
<arg>GA</arg>
<arg>GB</arg>
<arg>GD</arg>
<arg>GE</arg>
<arg>GF</arg>
<arg>GG</arg>
<arg>GH</arg>
<arg>GI</arg>
<arg>GL</arg>
<arg>GM</arg>
<arg>GN</arg>
<arg>GP</arg>
<arg>GQ</arg>
<arg>GR</arg>
<arg>GS</arg>
<arg>GT</arg>
<arg>GU</arg>
<arg>GW</arg>
<arg>GY</arg>
<arg>HK</arg>
<arg>HM</arg>
<arg>HN</arg>
<arg>HR</arg>
<arg>HT</arg>
<arg>HU</arg>
<arg>ID</arg>
<arg>IE</arg>
<arg>IL</arg>
<arg>IM</arg>
<arg>IN</arg>
<arg>IO</arg>
<arg>IQ</arg>
<arg>IR</arg>
<arg>IS</arg>
<arg>IT</arg>
<arg>JE</arg>
<arg>JM</arg>
<arg>JO</arg>
<arg>JP</arg>
<arg>KE</arg>
<arg>KG</arg>
<arg>KH</arg>
<arg>KI</arg>
<arg>KM</arg>
<arg>KN</arg>
<arg>KP</arg>
<arg>KR</arg>
<arg>KW</arg>
<arg>KY</arg>
<arg>KZ</arg>
<arg>LA</arg>
<arg>LB</arg>
<arg>LC</arg>
<arg>LI</arg>
<arg>LK</arg>
<arg>LR</arg>
<arg>LS</arg>
<arg>LT</arg>
<arg>LU</arg>
<arg>LV</arg>
<arg>LY</arg>
<arg>MA</arg>
<arg>MC</arg>
<arg>MD</arg>
<arg>ME</arg>
<arg>MF</arg>
<arg>MG</arg>
<arg>MH</arg>
<arg>MK</arg>
<arg>ML</arg>
<arg>MM</arg>
<arg>MN</arg>
<arg>MO</arg>
<arg>MP</arg>
<arg>MQ</arg>
<arg>MR</arg>
<arg>MS</arg>
<arg>MT</arg>
<arg>MU</arg>
<arg>MV</arg>
<arg>MW</arg>
<arg>MX</arg>
<arg>MY</arg>
<arg>MZ</arg>
<arg>NA</arg>
<arg>NC</arg>
<arg>NE</arg>
<arg>NF</arg>
<arg>NG</arg>
<arg>NI</arg>
<arg>NL</arg>
<arg>NO</arg>
<arg>NP</arg>
<arg>NR</arg>
<arg>NU</arg>
<arg>NZ</arg>
<arg>OM</arg>
<arg>PA</arg>
<arg>PE</arg>
<arg>PF</arg>
<arg>PG</arg>
<arg>PH</arg>
<arg>PK</arg>
<arg>PL</arg>
<arg>PM</arg>
<arg>PN</arg>
<arg>PR</arg>
<arg>PS</arg>
<arg>PT</arg>
<arg>PW</arg>
<arg>PY</arg>
<arg>QA</arg>
<arg>RE</arg>
<arg>RO</arg>
<arg>RS</arg>
<arg>RU</arg>
<arg>RW</arg>
<arg>SA</arg>
<arg>SB</arg>
<arg>SC</arg>
<arg>SD</arg>
<arg>SE</arg>
<arg>SG</arg>
<arg>SH</arg>
<arg>SI</arg>
<arg>SJ</arg>
<arg>SK</arg>
<arg>SL</arg>
<arg>SM</arg>
<arg>SN</arg>
<arg>SO</arg>
<arg>SR</arg>
<arg>SS</arg>
<arg>ST</arg>
<arg>SV</arg>
<arg>SX</arg>
<arg>SY</arg>
<arg>SZ</arg>
<arg>TC</arg>
<arg>TD</arg>
<arg>TF</arg>
<arg>TG</arg>
<arg>TH</arg>
<arg>TJ</arg>
<arg>TK</arg>
<arg>TL</arg>
<arg>TM</arg>
<arg>TN</arg>
<arg>TO</arg>
<arg>TR</arg>
<arg>TT</arg>
<arg>TV</arg>
<arg>TW</arg>
<arg>TZ</arg>
<arg>UA</arg>
<arg>UG</arg>
<arg>UM</arg>
<arg>US</arg>
<arg>UY</arg>
<arg>UZ</arg>
<arg>VA</arg>
<arg>VC</arg>
<arg>VE</arg>
<arg>VG</arg>
<arg>VI</arg>
<arg>VN</arg>
<arg>VU</arg>
<arg>WF</arg>
<arg>WS</arg>
<arg>XK</arg>
<arg>YE</arg>
<arg>YT</arg>
<arg>ZA</arg>
<arg>ZM</arg>
<arg>ZW</arg>
<doc>Returns a list containing given items.</doc>
<status status="PASS" start="2024-07-01T06:23:01.570244" elapsed="0.000615"/>
</kw>
<kw name="List Should Contain Value" owner="Collections">
<arg>${list_country}</arg>
<arg>${name_country}</arg>
<doc>Fails if the ``value`` is not found from ``list``.</doc>
<status status="PASS" start="2024-07-01T06:23:01.571654" elapsed="0.000199"/>
</kw>
<kw name="Run Keyword If" owner="BuiltIn">
<kw name="Should Be True" owner="BuiltIn">
<arg>${True}</arg>
<doc>Fails if the given condition is not true.</doc>
<status status="PASS" start="2024-07-01T06:23:01.572783" elapsed="0.000141"/>
</kw>
<arg>${json_data["results"][0]["location"]["coordinates"]["latitude"]} &gt;= -90 and ${json_data["results"][0]["location"]["coordinates"]["latitude"]} &lt;= 90</arg>
<arg>Should Be True</arg>
<arg>${True}</arg>
<doc>Runs the given keyword with the given arguments, if ``condition`` is true.</doc>
<status status="PASS" start="2024-07-01T06:23:01.572043" elapsed="0.001005"/>
</kw>
<kw name="Run Keyword If" owner="BuiltIn">
<kw name="Should Be True" owner="BuiltIn">
<arg>${True}</arg>
<doc>Fails if the given condition is not true.</doc>
<status status="PASS" start="2024-07-01T06:23:01.573939" elapsed="0.000255"/>
</kw>
<arg>${json_data["results"][0]["location"]["coordinates"]["longitude"]} &gt;= -180 and ${json_data["results"][0]["location"]["coordinates"]["longitude"]} &lt;= 180</arg>
<arg>Should Be True</arg>
<arg>${True}</arg>
<doc>Runs the given keyword with the given arguments, if ``condition`` is true.</doc>
<status status="PASS" start="2024-07-01T06:23:01.573226" elapsed="0.001096"/>
</kw>
<status status="PASS" start="2024-07-01T06:23:01.382773" elapsed="0.191684"/>
</kw>
<doc>Testa o conteúdo específico dos campos retornados pela API.</doc>
<tag>testeConteudo</tag>
<status status="PASS" start="2024-07-01T06:23:01.382234" elapsed="0.192376"/>
</test>
<status status="PASS" start="2024-07-01T06:23:00.293660" elapsed="1.282948"/>
</suite>
<status status="PASS" start="2024-07-01T06:23:00.279244" elapsed="1.302822"/>
</suite>
<statistics>
<total>
<stat pass="5" fail="0" skip="0">All Tests</stat>
</total>
<tag>
<stat pass="1" fail="0" skip="0">testeConteudo</stat>
<stat pass="1" fail="0" skip="0">testeEstruturaResposta</stat>
<stat pass="1" fail="0" skip="0">testeRequisicaoBasica</stat>
<stat pass="1" fail="0" skip="0">testeTiposDados</stat>
</tag>
<suite>
<stat pass="5" fail="0" skip="0" id="s1" name="Tests">Tests</stat>
<stat pass="5" fail="0" skip="0" id="s1-s1" name="Random-User-Test">Tests.Random-User-Test</stat>
</suite>
</statistics>
<errors>
</errors>
</robot>
