<?xml version="1.0" encoding="UTF-8"?>
<robot generator="Robot 7.0 (Python 3.12.2 on linux)" generated="2024-04-04T11:11:27.623640" rpa="false" schemaversion="5">
<suite id="s1" name="Tests" source="/home/runner/work/DesafioQAItauRogerioJordao/DesafioQAItauRogerioJordao/RamdonUser/tests">
<suite id="s1-s1" name="Random-User-Test" source="/home/runner/work/DesafioQAItauRogerioJordao/DesafioQAItauRogerioJordao/RamdonUser/tests/random-user-test.robot">
<test id="s1-s1-t1" name="Conectar" line="13">
<kw name="Conectar API" owner="random-user-service">
<kw name="Create Session" owner="RequestsLibrary">
<msg time="2024-04-04T11:11:27.999316" level="INFO">Creating Session using : alias=consultarAPI, url=https://randomuser.me/, headers={},                     cookies={}, auth=None, timeout=None, proxies=None, verify=False,                     debug=0 </msg>
<arg>consultarAPI</arg>
<arg>${URL}</arg>
<doc>Create Session: create a HTTP session to a server</doc>
<status status="PASS" start="2024-04-04T11:11:27.999077" elapsed="0.000440"/>
</kw>
<status status="PASS" start="2024-04-04T11:11:27.997917" elapsed="0.002009"/>
</kw>
<status status="PASS" start="2024-04-04T11:11:27.997171" elapsed="0.002979"/>
</test>
<test id="s1-s1-t2" name="Validar retorno 200 e JSON Válido" line="16">
<kw name="Teste de Requisicao Basica" owner="random-user-service">
<kw name="GET On Session" owner="RequestsLibrary">
<msg time="2024-04-04T11:11:28.179944" level="INFO">GET Request : url=https://randomuser.me/api 
 path_url=/api 
 headers={'User-Agent': 'python-requests/2.31.0', 'Accept-Encoding': 'gzip, deflate', 'Accept': '*/*', 'Connection': 'keep-alive'} 
 body=None 
 </msg>
<msg time="2024-04-04T11:11:28.180117" level="INFO">GET Response : url=https://randomuser.me/api 
 status=200, reason=OK 
 headers={'Date': 'Thu, 04 Apr 2024 11:11:28 GMT', 'Content-Type': 'application/json; charset=utf-8', 'Transfer-Encoding': 'chunked', 'Connection': 'keep-alive', 'X-Powered-By': 'Express', 'Access-Control-Allow-Origin': '*', 'Cache-Control': 'no-cache', 'ETag': 'W/"495-VOC9mTgnL7Iy0bgwrTVZ5gKfBKI"', 'Vary': 'Accept-Encoding', 'Content-Encoding': 'gzip', 'CF-Cache-Status': 'DYNAMIC', 'Report-To': '{"endpoints":[{"url":"https:\\/\\/a.nel.cloudflare.com\\/report\\/v4?s=BeSChVCw6lSVA2FnMtjjEUfvfiASksdtNLAZfNY3g%2Ffj7drDKj7j%2FHv5%2FhqnseNaf81puQ5XG%2BTChzxxeFpJGYoUiT8uXJa6FwXDrWEJpBP2Z28PfvNNGBb3D6cx211E"}],"group":"cf-nel","max_age":604800}', 'NEL': '{"success_fraction":0,"report_to":"cf-nel","max_age":604800}', 'Server': 'cloudflare', 'CF-RAY': '86f0db984ede05da-IAD', 'alt-svc': 'h3=":443"; ma=86400'} 
 body={"results":[{"gender":"female","name":{"title":"Ms","first":"Jenny","last":"Hamilton"},"location":{"street":{"number":4620,"name":"Henry Street"},"city":"Dundalk","state":"Wexford","country":"Ireland","postcode":33638,"coordinates":{"latitude":"2.4822","longitude":"84.3841"},"timezone":{"offset":"+3:00","description":"Baghdad, Riyadh, Moscow, St. Petersburg"}},"email":"jenny.hamilton@example.com","login":{"uuid":"75b8745f-423b-4d28-94fd-9aa0c4769bed","username":"ticklishmeercat671","password":"zhuo","salt":"hmR2lGYp","md5":"1969f973507ee9294161b396a84cbee7","sha1":"4be4ec37c6184922273aa0612f57f3ab3aa5b997","sha256":"aa5d6393c27ed0f93a666020758edcebab23ede05b934db5c562751224cbe44f"},"dob":{"date":"1980-12-30T08:54:07.001Z","age":43},"registered":{"date":"2002-08-08T21:27:22.052Z","age":21},"phone":"031-436-7985","cell":"081-803-4896","id":{"name":"PPS","value":"6179398T"},"picture":{"large":"https://randomuser.me/api/portraits/women/77.jpg","medium":"https://randomuser.me/api/portraits/med/women/77.jpg","thumbnail":"https://randomuser.me/api/portraits/thumb/women/77.jpg"},"nat":"IE"}],"info":{"seed":"e788167c438bf284","results":1,"page":1,"version":"1.4"}} 
 </msg>
<msg time="2024-04-04T11:11:28.180232" level="INFO">/opt/hostedtoolcache/Python/3.12.2/x64/lib/python3.12/site-packages/urllib3/connectionpool.py:1103: InsecureRequestWarning: Unverified HTTPS request is being made to host 'randomuser.me'. Adding certificate verification is strongly advised. See: https://urllib3.readthedocs.io/en/latest/advanced-usage.html#tls-warnings
  warnings.warn(</msg>
<msg time="2024-04-04T11:11:28.180406" level="INFO">${response} = &lt;Response [200]&gt;</msg>
<var>${response}</var>
<arg>consultarAPI</arg>
<arg>/api</arg>
<doc>Sends a GET request on a previously created HTTP Session.</doc>
<status status="PASS" start="2024-04-04T11:11:28.002931" elapsed="0.177524"/>
</kw>
<kw name="Should Be Equal As Numbers" owner="BuiltIn">
<msg time="2024-04-04T11:11:28.181587" level="INFO">Argument types are:
&lt;class 'int'&gt;
&lt;class 'str'&gt;</msg>
<arg>${response.status_code}</arg>
<arg>200</arg>
<doc>Fails if objects are unequal after converting them to real numbers.</doc>
<status status="PASS" start="2024-04-04T11:11:28.181055" elapsed="0.000607"/>
</kw>
<kw name="Log" owner="BuiltIn">
<msg time="2024-04-04T11:11:28.182442" level="INFO">200</msg>
<arg>${response.status_code}</arg>
<doc>Logs the given message with the given level.</doc>
<status status="PASS" start="2024-04-04T11:11:28.182049" elapsed="0.000440"/>
</kw>
<kw name="Set Variable" owner="BuiltIn">
<msg time="2024-04-04T11:11:28.183339" level="INFO">${json_data} = {'results': [{'gender': 'female', 'name': {'title': 'Ms', 'first': 'Jenny', 'last': 'Hamilton'}, 'location': {'street': {'number': 4620, 'name': 'Henry Street'}, 'city': 'Dundalk', 'state': 'Wexford',...</msg>
<var>${json_data}</var>
<arg>${response.json()}</arg>
<doc>Returns the given values which can then be assigned to a variables.</doc>
<status status="PASS" start="2024-04-04T11:11:28.182879" elapsed="0.000489"/>
</kw>
<kw name="Dictionary Should Contain Key" owner="Collections">
<msg time="2024-04-04T11:11:28.183866" level="INFO">False</msg>
<arg>${json_data}</arg>
<arg>results</arg>
<doc>Fails if ``key`` is not found from ``dictionary``.</doc>
<status status="PASS" start="2024-04-04T11:11:28.183689" elapsed="0.000219"/>
</kw>
<status status="PASS" start="2024-04-04T11:11:28.002653" elapsed="0.181542"/>
</kw>
<doc>Testa se a API responde corretamente e retorna um objeto JSON válido.</doc>
<tag>testeRequisicaoBasica</tag>
<status status="PASS" start="2024-04-04T11:11:28.002097" elapsed="0.182295"/>
</test>
<test id="s1-s1-t3" name="Validar estrutura de resposta" line="22">
<kw name="Teste de Estrutura de Resposta" owner="random-user-service">
<kw name="GET On Session" owner="RequestsLibrary">
<msg time="2024-04-04T11:11:28.218923" level="INFO">GET Request : url=https://randomuser.me/api 
 path_url=/api 
 headers={'User-Agent': 'python-requests/2.31.0', 'Accept-Encoding': 'gzip, deflate', 'Accept': '*/*', 'Connection': 'keep-alive'} 
 body=None 
 </msg>
<msg time="2024-04-04T11:11:28.219073" level="INFO">GET Response : url=https://randomuser.me/api 
 status=200, reason=OK 
 headers={'Date': 'Thu, 04 Apr 2024 11:11:28 GMT', 'Content-Type': 'application/json; charset=utf-8', 'Transfer-Encoding': 'chunked', 'Connection': 'keep-alive', 'X-Powered-By': 'Express', 'Access-Control-Allow-Origin': '*', 'Cache-Control': 'no-cache', 'ETag': 'W/"4a7-mlF2m48hyBxsZ7/qoox7Bz64z1o"', 'Vary': 'Accept-Encoding', 'Content-Encoding': 'gzip', 'CF-Cache-Status': 'DYNAMIC', 'Report-To': '{"endpoints":[{"url":"https:\\/\\/a.nel.cloudflare.com\\/report\\/v4?s=J7Qgs4c7yK6zVtHusDuWMW1bX6X9py2WHUfEfAjsmzIK7nQQEI4SeS3h%2FrNR05D2Yw33V%2BdXhDvfNf844YG%2FHELdtDGTICnQGSNk9GpCo2N2WXq17d3oX5gCXd%2B87aOu"}],"group":"cf-nel","max_age":604800}', 'NEL': '{"success_fraction":0,"report_to":"cf-nel","max_age":604800}', 'Server': 'cloudflare', 'CF-RAY': '86f0db992f8005da-IAD', 'alt-svc': 'h3=":443"; ma=86400'} 
 body={"results":[{"gender":"female","name":{"title":"Miss","first":"Rebekka","last":"Starovoyt"},"location":{"street":{"number":4187,"name":"Lyubotinskiy provulok"},"city":"Kalmiuske","state":"Kirovogradska","country":"Ukraine","postcode":33873,"coordinates":{"latitude":"75.4101","longitude":"56.7414"},"timezone":{"offset":"+10:00","description":"Eastern Australia, Guam, Vladivostok"}},"email":"rebekka.starovoyt@example.com","login":{"uuid":"bc4f6867-4750-4eb5-a1de-9940d95b4335","username":"tinymeercat616","password":"surgery","salt":"Cxa4Rvyf","md5":"0b3902e4d57aa42c833d3b3919e58c35","sha1":"b10a3d0b5a5209d1059a73d8b3ad226f45fe8d0b","sha256":"4f6adedc67b7809573170d85ee1fe036c014ae7462827b08976438feafe1d6e2"},"dob":{"date":"1961-09-28T08:41:27.094Z","age":62},"registered":{"date":"2003-05-01T16:55:18.752Z","age":20},"phone":"(097) I73-2233","cell":"(067) U98-7288","id":{"name":"","value":null},"picture":{"large":"https://randomuser.me/api/portraits/women/81.jpg","medium":"https://randomuser.me/api/portraits/med/women/81.jpg","thumbnail":"https://randomuser.me/api/portraits/thumb/women/81.jpg"},"nat":"UA"}],"info":{"seed":"80c773a4cca0c7a4","results":1,"page":1,"version":"1.4"}} 
 </msg>
<msg time="2024-04-04T11:11:28.219264" level="INFO">/opt/hostedtoolcache/Python/3.12.2/x64/lib/python3.12/site-packages/urllib3/connectionpool.py:1103: InsecureRequestWarning: Unverified HTTPS request is being made to host 'randomuser.me'. Adding certificate verification is strongly advised. See: https://urllib3.readthedocs.io/en/latest/advanced-usage.html#tls-warnings
  warnings.warn(</msg>
<msg time="2024-04-04T11:11:28.219422" level="INFO">${response} = &lt;Response [200]&gt;</msg>
<var>${response}</var>
<arg>consultarAPI</arg>
<arg>/api</arg>
<doc>Sends a GET request on a previously created HTTP Session.</doc>
<status status="PASS" start="2024-04-04T11:11:28.187275" elapsed="0.032180"/>
</kw>
<kw name="Set Variable" owner="BuiltIn">
<msg time="2024-04-04T11:11:28.220522" level="INFO">${json_data} = {'results': [{'gender': 'female', 'name': {'title': 'Miss', 'first': 'Rebekka', 'last': 'Starovoyt'}, 'location': {'street': {'number': 4187, 'name': 'Lyubotinskiy provulok'}, 'city': 'Kalmiuske', 'st...</msg>
<var>${json_data}</var>
<arg>${response.json()}</arg>
<doc>Returns the given values which can then be assigned to a variables.</doc>
<status status="PASS" start="2024-04-04T11:11:28.219968" elapsed="0.000583"/>
</kw>
<kw name="Log" owner="BuiltIn">
<msg time="2024-04-04T11:11:28.221122" level="INFO">{'results': [{'gender': 'female', 'name': {'title': 'Miss', 'first': 'Rebekka', 'last': 'Starovoyt'}, 'location': {'street': {'number': 4187, 'name': 'Lyubotinskiy provulok'}, 'city': 'Kalmiuske', 'state': 'Kirovogradska', 'country': 'Ukraine', 'postcode': 33873, 'coordinates': {'latitude': '75.4101', 'longitude': '56.7414'}, 'timezone': {'offset': '+10:00', 'description': 'Eastern Australia, Guam, Vladivostok'}}, 'email': 'rebekka.starovoyt@example.com', 'login': {'uuid': 'bc4f6867-4750-4eb5-a1de-9940d95b4335', 'username': 'tinymeercat616', 'password': 'surgery', 'salt': 'Cxa4Rvyf', 'md5': '0b3902e4d57aa42c833d3b3919e58c35', 'sha1': 'b10a3d0b5a5209d1059a73d8b3ad226f45fe8d0b', 'sha256': '4f6adedc67b7809573170d85ee1fe036c014ae7462827b08976438feafe1d6e2'}, 'dob': {'date': '1961-09-28T08:41:27.094Z', 'age': 62}, 'registered': {'date': '2003-05-01T16:55:18.752Z', 'age': 20}, 'phone': '(097) I73-2233', 'cell': '(067) U98-7288', 'id': {'name': '', 'value': None}, 'picture': {'large': 'https://randomuser.me/api/portraits/women/81.jpg', 'medium': 'https://randomuser.me/api/portraits/med/women/81.jpg', 'thumbnail': 'https://randomuser.me/api/portraits/thumb/women/81.jpg'}, 'nat': 'UA'}], 'info': {'seed': '80c773a4cca0c7a4', 'results': 1, 'page': 1, 'version': '1.4'}}</msg>
<arg>${json_data}</arg>
<doc>Logs the given message with the given level.</doc>
<status status="PASS" start="2024-04-04T11:11:28.220938" elapsed="0.000236"/>
</kw>
<kw name="Dictionary Should Contain Key" owner="Collections">
<msg time="2024-04-04T11:11:28.221708" level="INFO">False</msg>
<arg>${json_data}</arg>
<arg>results</arg>
<doc>Fails if ``key`` is not found from ``dictionary``.</doc>
<status status="PASS" start="2024-04-04T11:11:28.221501" elapsed="0.000247"/>
</kw>
<kw name="Should Not Be Empty" owner="BuiltIn">
<msg time="2024-04-04T11:11:28.222214" level="INFO">Length is 2.</msg>
<arg>${json_data}</arg>
<doc>Verifies that the given item is not empty.</doc>
<status status="PASS" start="2024-04-04T11:11:28.222070" elapsed="0.000186"/>
</kw>
<kw name="Create List" owner="BuiltIn">
<msg time="2024-04-04T11:11:28.222727" level="INFO">${expected_keys} = ['gender', 'name', 'location', 'email', 'login']</msg>
<var>${expected_keys}</var>
<arg>gender</arg>
<arg>name</arg>
<arg>location</arg>
<arg>email</arg>
<arg>login</arg>
<doc>Returns a list containing given items.</doc>
<status status="PASS" start="2024-04-04T11:11:28.222568" elapsed="0.000184"/>
</kw>
<for flavor="IN">
<iter>
<kw name="Dictionary Should Contain Key" owner="Collections">
<msg time="2024-04-04T11:11:28.223808" level="INFO">False</msg>
<arg>${json_data['results'][0]}</arg>
<arg>${key}</arg>
<doc>Fails if ``key`` is not found from ``dictionary``.</doc>
<status status="PASS" start="2024-04-04T11:11:28.223368" elapsed="0.000482"/>
</kw>
<kw name="Log" owner="BuiltIn">
<msg time="2024-04-04T11:11:28.224552" level="INFO">{'gender': 'female', 'name': {'title': 'Miss', 'first': 'Rebekka', 'last': 'Starovoyt'}, 'location': {'street': {'number': 4187, 'name': 'Lyubotinskiy provulok'}, 'city': 'Kalmiuske', 'state': 'Kirovogradska', 'country': 'Ukraine', 'postcode': 33873, 'coordinates': {'latitude': '75.4101', 'longitude': '56.7414'}, 'timezone': {'offset': '+10:00', 'description': 'Eastern Australia, Guam, Vladivostok'}}, 'email': 'rebekka.starovoyt@example.com', 'login': {'uuid': 'bc4f6867-4750-4eb5-a1de-9940d95b4335', 'username': 'tinymeercat616', 'password': 'surgery', 'salt': 'Cxa4Rvyf', 'md5': '0b3902e4d57aa42c833d3b3919e58c35', 'sha1': 'b10a3d0b5a5209d1059a73d8b3ad226f45fe8d0b', 'sha256': '4f6adedc67b7809573170d85ee1fe036c014ae7462827b08976438feafe1d6e2'}, 'dob': {'date': '1961-09-28T08:41:27.094Z', 'age': 62}, 'registered': {'date': '2003-05-01T16:55:18.752Z', 'age': 20}, 'phone': '(097) I73-2233', 'cell': '(067) U98-7288', 'id': {'name': '', 'value': None}, 'picture': {'large': 'https://randomuser.me/api/portraits/women/81.jpg', 'medium': 'https://randomuser.me/api/portraits/med/women/81.jpg', 'thumbnail': 'https://randomuser.me/api/portraits/thumb/women/81.jpg'}, 'nat': 'UA'}</msg>
<arg>${json_data['results'][0]}</arg>
<doc>Logs the given message with the given level.</doc>
<status status="PASS" start="2024-04-04T11:11:28.224166" elapsed="0.000441"/>
</kw>
<kw name="Log" owner="BuiltIn">
<msg time="2024-04-04T11:11:28.225052" level="INFO">gender</msg>
<arg>${key}</arg>
<doc>Logs the given message with the given level.</doc>
<status status="PASS" start="2024-04-04T11:11:28.224917" elapsed="0.000175"/>
</kw>
<var name="${key}">gender</var>
<status status="PASS" start="2024-04-04T11:11:28.223233" elapsed="0.002085"/>
</iter>
<iter>
<kw name="Dictionary Should Contain Key" owner="Collections">
<msg time="2024-04-04T11:11:28.226187" level="INFO">False</msg>
<arg>${json_data['results'][0]}</arg>
<arg>${key}</arg>
<doc>Fails if ``key`` is not found from ``dictionary``.</doc>
<status status="PASS" start="2024-04-04T11:11:28.225768" elapsed="0.000459"/>
</kw>
<kw name="Log" owner="BuiltIn">
<msg time="2024-04-04T11:11:28.226950" level="INFO">{'gender': 'female', 'name': {'title': 'Miss', 'first': 'Rebekka', 'last': 'Starovoyt'}, 'location': {'street': {'number': 4187, 'name': 'Lyubotinskiy provulok'}, 'city': 'Kalmiuske', 'state': 'Kirovogradska', 'country': 'Ukraine', 'postcode': 33873, 'coordinates': {'latitude': '75.4101', 'longitude': '56.7414'}, 'timezone': {'offset': '+10:00', 'description': 'Eastern Australia, Guam, Vladivostok'}}, 'email': 'rebekka.starovoyt@example.com', 'login': {'uuid': 'bc4f6867-4750-4eb5-a1de-9940d95b4335', 'username': 'tinymeercat616', 'password': 'surgery', 'salt': 'Cxa4Rvyf', 'md5': '0b3902e4d57aa42c833d3b3919e58c35', 'sha1': 'b10a3d0b5a5209d1059a73d8b3ad226f45fe8d0b', 'sha256': '4f6adedc67b7809573170d85ee1fe036c014ae7462827b08976438feafe1d6e2'}, 'dob': {'date': '1961-09-28T08:41:27.094Z', 'age': 62}, 'registered': {'date': '2003-05-01T16:55:18.752Z', 'age': 20}, 'phone': '(097) I73-2233', 'cell': '(067) U98-7288', 'id': {'name': '', 'value': None}, 'picture': {'large': 'https://randomuser.me/api/portraits/women/81.jpg', 'medium': 'https://randomuser.me/api/portraits/med/women/81.jpg', 'thumbnail': 'https://randomuser.me/api/portraits/thumb/women/81.jpg'}, 'nat': 'UA'}</msg>
<arg>${json_data['results'][0]}</arg>
<doc>Logs the given message with the given level.</doc>
<status status="PASS" start="2024-04-04T11:11:28.226572" elapsed="0.000426"/>
</kw>
<kw name="Log" owner="BuiltIn">
<msg time="2024-04-04T11:11:28.227433" level="INFO">name</msg>
<arg>${key}</arg>
<doc>Logs the given message with the given level.</doc>
<status status="PASS" start="2024-04-04T11:11:28.227301" elapsed="0.000170"/>
</kw>
<var name="${key}">name</var>
<status status="PASS" start="2024-04-04T11:11:28.225621" elapsed="0.002068"/>
</iter>
<iter>
<kw name="Dictionary Should Contain Key" owner="Collections">
<msg time="2024-04-04T11:11:28.228393" level="INFO">False</msg>
<arg>${json_data['results'][0]}</arg>
<arg>${key}</arg>
<doc>Fails if ``key`` is not found from ``dictionary``.</doc>
<status status="PASS" start="2024-04-04T11:11:28.227994" elapsed="0.000439"/>
</kw>
<kw name="Log" owner="BuiltIn">
<msg time="2024-04-04T11:11:28.229130" level="INFO">{'gender': 'female', 'name': {'title': 'Miss', 'first': 'Rebekka', 'last': 'Starovoyt'}, 'location': {'street': {'number': 4187, 'name': 'Lyubotinskiy provulok'}, 'city': 'Kalmiuske', 'state': 'Kirovogradska', 'country': 'Ukraine', 'postcode': 33873, 'coordinates': {'latitude': '75.4101', 'longitude': '56.7414'}, 'timezone': {'offset': '+10:00', 'description': 'Eastern Australia, Guam, Vladivostok'}}, 'email': 'rebekka.starovoyt@example.com', 'login': {'uuid': 'bc4f6867-4750-4eb5-a1de-9940d95b4335', 'username': 'tinymeercat616', 'password': 'surgery', 'salt': 'Cxa4Rvyf', 'md5': '0b3902e4d57aa42c833d3b3919e58c35', 'sha1': 'b10a3d0b5a5209d1059a73d8b3ad226f45fe8d0b', 'sha256': '4f6adedc67b7809573170d85ee1fe036c014ae7462827b08976438feafe1d6e2'}, 'dob': {'date': '1961-09-28T08:41:27.094Z', 'age': 62}, 'registered': {'date': '2003-05-01T16:55:18.752Z', 'age': 20}, 'phone': '(097) I73-2233', 'cell': '(067) U98-7288', 'id': {'name': '', 'value': None}, 'picture': {'large': 'https://randomuser.me/api/portraits/women/81.jpg', 'medium': 'https://randomuser.me/api/portraits/med/women/81.jpg', 'thumbnail': 'https://randomuser.me/api/portraits/thumb/women/81.jpg'}, 'nat': 'UA'}</msg>
<arg>${json_data['results'][0]}</arg>
<doc>Logs the given message with the given level.</doc>
<status status="PASS" start="2024-04-04T11:11:28.228746" elapsed="0.000436"/>
</kw>
<kw name="Log" owner="BuiltIn">
<msg time="2024-04-04T11:11:28.229656" level="INFO">location</msg>
<arg>${key}</arg>
<doc>Logs the given message with the given level.</doc>
<status status="PASS" start="2024-04-04T11:11:28.229481" elapsed="0.000215"/>
</kw>
<var name="${key}">location</var>
<status status="PASS" start="2024-04-04T11:11:28.227878" elapsed="0.002041"/>
</iter>
<iter>
<kw name="Dictionary Should Contain Key" owner="Collections">
<msg time="2024-04-04T11:11:28.230606" level="INFO">False</msg>
<arg>${json_data['results'][0]}</arg>
<arg>${key}</arg>
<doc>Fails if ``key`` is not found from ``dictionary``.</doc>
<status status="PASS" start="2024-04-04T11:11:28.230218" elapsed="0.000427"/>
</kw>
<kw name="Log" owner="BuiltIn">
<msg time="2024-04-04T11:11:28.231337" level="INFO">{'gender': 'female', 'name': {'title': 'Miss', 'first': 'Rebekka', 'last': 'Starovoyt'}, 'location': {'street': {'number': 4187, 'name': 'Lyubotinskiy provulok'}, 'city': 'Kalmiuske', 'state': 'Kirovogradska', 'country': 'Ukraine', 'postcode': 33873, 'coordinates': {'latitude': '75.4101', 'longitude': '56.7414'}, 'timezone': {'offset': '+10:00', 'description': 'Eastern Australia, Guam, Vladivostok'}}, 'email': 'rebekka.starovoyt@example.com', 'login': {'uuid': 'bc4f6867-4750-4eb5-a1de-9940d95b4335', 'username': 'tinymeercat616', 'password': 'surgery', 'salt': 'Cxa4Rvyf', 'md5': '0b3902e4d57aa42c833d3b3919e58c35', 'sha1': 'b10a3d0b5a5209d1059a73d8b3ad226f45fe8d0b', 'sha256': '4f6adedc67b7809573170d85ee1fe036c014ae7462827b08976438feafe1d6e2'}, 'dob': {'date': '1961-09-28T08:41:27.094Z', 'age': 62}, 'registered': {'date': '2003-05-01T16:55:18.752Z', 'age': 20}, 'phone': '(097) I73-2233', 'cell': '(067) U98-7288', 'id': {'name': '', 'value': None}, 'picture': {'large': 'https://randomuser.me/api/portraits/women/81.jpg', 'medium': 'https://randomuser.me/api/portraits/med/women/81.jpg', 'thumbnail': 'https://randomuser.me/api/portraits/thumb/women/81.jpg'}, 'nat': 'UA'}</msg>
<arg>${json_data['results'][0]}</arg>
<doc>Logs the given message with the given level.</doc>
<status status="PASS" start="2024-04-04T11:11:28.230961" elapsed="0.000447"/>
</kw>
<kw name="Log" owner="BuiltIn">
<msg time="2024-04-04T11:11:28.231852" level="INFO">email</msg>
<arg>${key}</arg>
<doc>Logs the given message with the given level.</doc>
<status status="PASS" start="2024-04-04T11:11:28.231719" elapsed="0.000173"/>
</kw>
<var name="${key}">email</var>
<status status="PASS" start="2024-04-04T11:11:28.230098" elapsed="0.002018"/>
</iter>
<iter>
<kw name="Dictionary Should Contain Key" owner="Collections">
<msg time="2024-04-04T11:11:28.232818" level="INFO">False</msg>
<arg>${json_data['results'][0]}</arg>
<arg>${key}</arg>
<doc>Fails if ``key`` is not found from ``dictionary``.</doc>
<status status="PASS" start="2024-04-04T11:11:28.232416" elapsed="0.000440"/>
</kw>
<kw name="Log" owner="BuiltIn">
<msg time="2024-04-04T11:11:28.233562" level="INFO">{'gender': 'female', 'name': {'title': 'Miss', 'first': 'Rebekka', 'last': 'Starovoyt'}, 'location': {'street': {'number': 4187, 'name': 'Lyubotinskiy provulok'}, 'city': 'Kalmiuske', 'state': 'Kirovogradska', 'country': 'Ukraine', 'postcode': 33873, 'coordinates': {'latitude': '75.4101', 'longitude': '56.7414'}, 'timezone': {'offset': '+10:00', 'description': 'Eastern Australia, Guam, Vladivostok'}}, 'email': 'rebekka.starovoyt@example.com', 'login': {'uuid': 'bc4f6867-4750-4eb5-a1de-9940d95b4335', 'username': 'tinymeercat616', 'password': 'surgery', 'salt': 'Cxa4Rvyf', 'md5': '0b3902e4d57aa42c833d3b3919e58c35', 'sha1': 'b10a3d0b5a5209d1059a73d8b3ad226f45fe8d0b', 'sha256': '4f6adedc67b7809573170d85ee1fe036c014ae7462827b08976438feafe1d6e2'}, 'dob': {'date': '1961-09-28T08:41:27.094Z', 'age': 62}, 'registered': {'date': '2003-05-01T16:55:18.752Z', 'age': 20}, 'phone': '(097) I73-2233', 'cell': '(067) U98-7288', 'id': {'name': '', 'value': None}, 'picture': {'large': 'https://randomuser.me/api/portraits/women/81.jpg', 'medium': 'https://randomuser.me/api/portraits/med/women/81.jpg', 'thumbnail': 'https://randomuser.me/api/portraits/thumb/women/81.jpg'}, 'nat': 'UA'}</msg>
<arg>${json_data['results'][0]}</arg>
<doc>Logs the given message with the given level.</doc>
<status status="PASS" start="2024-04-04T11:11:28.233160" elapsed="0.000456"/>
</kw>
<kw name="Log" owner="BuiltIn">
<msg time="2024-04-04T11:11:28.234048" level="INFO">login</msg>
<arg>${key}</arg>
<doc>Logs the given message with the given level.</doc>
<status status="PASS" start="2024-04-04T11:11:28.233917" elapsed="0.000336"/>
</kw>
<var name="${key}">login</var>
<status status="PASS" start="2024-04-04T11:11:28.232295" elapsed="0.002190"/>
</iter>
<var>${key}</var>
<value>@{expected_keys}</value>
<status status="PASS" start="2024-04-04T11:11:28.223027" elapsed="0.011583"/>
</for>
<kw name="Create List" owner="BuiltIn">
<msg time="2024-04-04T11:11:28.234955" level="INFO">${expected_keysTwo} = ['username', 'password']</msg>
<var>${expected_keysTwo}</var>
<arg>username</arg>
<arg>password</arg>
<doc>Returns a list containing given items.</doc>
<status status="PASS" start="2024-04-04T11:11:28.234813" elapsed="0.000167"/>
</kw>
<for flavor="IN">
<iter>
<kw name="Dictionary Should Contain Key" owner="Collections">
<msg time="2024-04-04T11:11:28.235912" level="INFO">False</msg>
<arg>${json_data['results'][0]['login']}</arg>
<arg>${keyTwo}</arg>
<doc>Fails if ``key`` is not found from ``dictionary``.</doc>
<status status="PASS" start="2024-04-04T11:11:28.235519" elapsed="0.000431"/>
</kw>
<kw name="Dictionary Should Contain Key" owner="Collections">
<msg time="2024-04-04T11:11:28.236650" level="INFO">False</msg>
<arg>${json_data['results'][0]['login']}</arg>
<arg>${keyTwo}</arg>
<doc>Fails if ``key`` is not found from ``dictionary``.</doc>
<status status="PASS" start="2024-04-04T11:11:28.236253" elapsed="0.000435"/>
</kw>
<kw name="Log" owner="BuiltIn">
<msg time="2024-04-04T11:11:28.237123" level="INFO">username</msg>
<arg>${keyTwo}</arg>
<doc>Logs the given message with the given level.</doc>
<status status="PASS" start="2024-04-04T11:11:28.236993" elapsed="0.000169"/>
</kw>
<var name="${keyTwo}">username</var>
<status status="PASS" start="2024-04-04T11:11:28.235392" elapsed="0.001989"/>
</iter>
<iter>
<kw name="Dictionary Should Contain Key" owner="Collections">
<msg time="2024-04-04T11:11:28.238101" level="INFO">False</msg>
<arg>${json_data['results'][0]['login']}</arg>
<arg>${keyTwo}</arg>
<doc>Fails if ``key`` is not found from ``dictionary``.</doc>
<status status="PASS" start="2024-04-04T11:11:28.237716" elapsed="0.000427"/>
</kw>
<kw name="Dictionary Should Contain Key" owner="Collections">
<msg time="2024-04-04T11:11:28.238839" level="INFO">False</msg>
<arg>${json_data['results'][0]['login']}</arg>
<arg>${keyTwo}</arg>
<doc>Fails if ``key`` is not found from ``dictionary``.</doc>
<status status="PASS" start="2024-04-04T11:11:28.238451" elapsed="0.000428"/>
</kw>
<kw name="Log" owner="BuiltIn">
<msg time="2024-04-04T11:11:28.239302" level="INFO">password</msg>
<arg>${keyTwo}</arg>
<doc>Logs the given message with the given level.</doc>
<status status="PASS" start="2024-04-04T11:11:28.239175" elapsed="0.000176"/>
</kw>
<var name="${keyTwo}">password</var>
<status status="PASS" start="2024-04-04T11:11:28.237598" elapsed="0.001972"/>
</iter>
<var>${keyTwo}</var>
<value>@{expected_keysTwo}</value>
<status status="PASS" start="2024-04-04T11:11:28.235230" elapsed="0.004465"/>
</for>
<status status="PASS" start="2024-04-04T11:11:28.187022" elapsed="0.052826"/>
</kw>
<doc>Testa a estrutura da resposta da API.</doc>
<tag>testeEstruturaResposta</tag>
<status status="PASS" start="2024-04-04T11:11:28.186318" elapsed="0.053698"/>
</test>
<test id="s1-s1-t4" name="Validar tipos de dados" line="28">
<kw name="Teste de Tipos de Dados" owner="random-user-service">
<kw name="GET On Session" owner="RequestsLibrary">
<msg time="2024-04-04T11:11:28.321232" level="INFO">GET Request : url=https://randomuser.me/api 
 path_url=/api 
 headers={'User-Agent': 'python-requests/2.31.0', 'Accept-Encoding': 'gzip, deflate', 'Accept': '*/*', 'Connection': 'keep-alive'} 
 body=None 
 </msg>
<msg time="2024-04-04T11:11:28.321346" level="INFO">GET Response : url=https://randomuser.me/api 
 status=200, reason=OK 
 headers={'Date': 'Thu, 04 Apr 2024 11:11:28 GMT', 'Content-Type': 'application/json; charset=utf-8', 'Transfer-Encoding': 'chunked', 'Connection': 'keep-alive', 'X-Powered-By': 'Express', 'Access-Control-Allow-Origin': '*', 'Cache-Control': 'no-cache', 'ETag': 'W/"46f-7iVvauSY/U4/iPeEi9cp90hlF2I"', 'Vary': 'Accept-Encoding', 'Content-Encoding': 'gzip', 'CF-Cache-Status': 'DYNAMIC', 'Report-To': '{"endpoints":[{"url":"https:\\/\\/a.nel.cloudflare.com\\/report\\/v4?s=8jqmL5VlHdOSOkj4oI7rlY%2FK6B7W5mHwsnv1%2FjBw6tyQ82TGcQ3P5MH0oISTe0Jhjz52SjBDL8TgbpEYB6VIe%2F5Di9M6t4DAODnwPMTDfM2ruAYDvJB4%2FHU0zxaXIQ75"}],"group":"cf-nel","max_age":604800}', 'NEL': '{"success_fraction":0,"report_to":"cf-nel","max_age":604800}', 'Server': 'cloudflare', 'CF-RAY': '86f0db998fbd05da-IAD', 'alt-svc': 'h3=":443"; ma=86400'} 
 body={"results":[{"gender":"female","name":{"title":"Miss","first":"Mia","last":"Park"},"location":{"street":{"number":3836,"name":"Elgin St"},"city":"St. George","state":"Nunavut","country":"Canada","postcode":"D1G 0S4","coordinates":{"latitude":"-65.2410","longitude":"107.7806"},"timezone":{"offset":"+5:45","description":"Kathmandu"}},"email":"mia.park@example.com","login":{"uuid":"db4b67d9-8dd3-4f7f-b4c3-5d558c78f250","username":"bluegoose883","password":"shalom","salt":"33n8D98q","md5":"c632ccdf0b93c81dc98b5745eb156c8f","sha1":"f81d14f788e9ec3a998b18100e85878d30508830","sha256":"ae993bee3c8b15349a46e77ccd5238477a4fe5b9039e0aed5ca8994e633e7e72"},"dob":{"date":"1962-10-12T11:44:53.938Z","age":61},"registered":{"date":"2009-04-03T02:09:43.315Z","age":15},"phone":"U45 Z13-0537","cell":"Y38 Y61-3660","id":{"name":"SIN","value":"898031620"},"picture":{"large":"https://randomuser.me/api/portraits/women/50.jpg","medium":"https://randomuser.me/api/portraits/med/women/50.jpg","thumbnail":"https://randomuser.me/api/portraits/thumb/women/50.jpg"},"nat":"CA"}],"info":{"seed":"c4b31cb6b00efdd8","results":1,"page":1,"version":"1.4"}} 
 </msg>
<msg time="2024-04-04T11:11:28.321426" level="INFO">/opt/hostedtoolcache/Python/3.12.2/x64/lib/python3.12/site-packages/urllib3/connectionpool.py:1103: InsecureRequestWarning: Unverified HTTPS request is being made to host 'randomuser.me'. Adding certificate verification is strongly advised. See: https://urllib3.readthedocs.io/en/latest/advanced-usage.html#tls-warnings
  warnings.warn(</msg>
<msg time="2024-04-04T11:11:28.321620" level="INFO">${response} = &lt;Response [200]&gt;</msg>
<var>${response}</var>
<arg>consultarAPI</arg>
<arg>/api</arg>
<doc>Sends a GET request on a previously created HTTP Session.</doc>
<status status="PASS" start="2024-04-04T11:11:28.242690" elapsed="0.078989"/>
</kw>
<kw name="Set Variable" owner="BuiltIn">
<msg time="2024-04-04T11:11:28.322819" level="INFO">${json_data} = {'results': [{'gender': 'female', 'name': {'title': 'Miss', 'first': 'Mia', 'last': 'Park'}, 'location': {'street': {'number': 3836, 'name': 'Elgin St'}, 'city': 'St. George', 'state': 'Nunavut', 'cou...</msg>
<var>${json_data}</var>
<arg>${response.json()}</arg>
<doc>Returns the given values which can then be assigned to a variables.</doc>
<status status="PASS" start="2024-04-04T11:11:28.322262" elapsed="0.000586"/>
</kw>
<kw name="Log" owner="BuiltIn">
<msg time="2024-04-04T11:11:28.323404" level="INFO">{'results': [{'gender': 'female', 'name': {'title': 'Miss', 'first': 'Mia', 'last': 'Park'}, 'location': {'street': {'number': 3836, 'name': 'Elgin St'}, 'city': 'St. George', 'state': 'Nunavut', 'country': 'Canada', 'postcode': 'D1G 0S4', 'coordinates': {'latitude': '-65.2410', 'longitude': '107.7806'}, 'timezone': {'offset': '+5:45', 'description': 'Kathmandu'}}, 'email': 'mia.park@example.com', 'login': {'uuid': 'db4b67d9-8dd3-4f7f-b4c3-5d558c78f250', 'username': 'bluegoose883', 'password': 'shalom', 'salt': '33n8D98q', 'md5': 'c632ccdf0b93c81dc98b5745eb156c8f', 'sha1': 'f81d14f788e9ec3a998b18100e85878d30508830', 'sha256': 'ae993bee3c8b15349a46e77ccd5238477a4fe5b9039e0aed5ca8994e633e7e72'}, 'dob': {'date': '1962-10-12T11:44:53.938Z', 'age': 61}, 'registered': {'date': '2009-04-03T02:09:43.315Z', 'age': 15}, 'phone': 'U45 Z13-0537', 'cell': 'Y38 Y61-3660', 'id': {'name': 'SIN', 'value': '898031620'}, 'picture': {'large': 'https://randomuser.me/api/portraits/women/50.jpg', 'medium': 'https://randomuser.me/api/portraits/med/women/50.jpg', 'thumbnail': 'https://randomuser.me/api/portraits/thumb/women/50.jpg'}, 'nat': 'CA'}], 'info': {'seed': 'c4b31cb6b00efdd8', 'results': 1, 'page': 1, 'version': '1.4'}}</msg>
<arg>${json_data}</arg>
<doc>Logs the given message with the given level.</doc>
<status status="PASS" start="2024-04-04T11:11:28.323225" elapsed="0.000271"/>
</kw>
<kw name="Should Be String" owner="String">
<arg>${json_data['results'][0]['gender']}</arg>
<doc>Fails if the given ``item`` is not a string.</doc>
<status status="PASS" start="2024-04-04T11:11:28.323836" elapsed="0.000400"/>
</kw>
<kw name="Should Match Regexp" owner="BuiltIn">
<arg>${json_data['results'][0]['email']}</arg>
<arg>^[a-zA-Z0-9._%+-]+@[a-zA-Z0-9.-]+\.[a-zA-Z]{2,}$</arg>
<doc>Fails if ``string`` does not match ``pattern`` as a regular expression.</doc>
<status status="PASS" start="2024-04-04T11:11:28.324445" elapsed="0.000544"/>
</kw>
<kw name="Should Match Regexp" owner="BuiltIn">
<arg>${json_data['results'][0]['dob']['date']}</arg>
<arg>\\d{4}-\\d{2}-\\d{2}T\\d{2}:\\d{2}:\\d{2}\\.\\d{3}Z</arg>
<doc>Fails if ``string`` does not match ``pattern`` as a regular expression.</doc>
<status status="PASS" start="2024-04-04T11:11:28.325196" elapsed="0.000565"/>
</kw>
<kw name="Should Match Regexp" owner="BuiltIn">
<arg>${json_data['results'][0]['registered']['date']}</arg>
<arg>\\d{4}-\\d{2}-\\d{2}T\\d{2}:\\d{2}:\\d{2}\\.\\d{3}Z</arg>
<doc>Fails if ``string`` does not match ``pattern`` as a regular expression.</doc>
<status status="PASS" start="2024-04-04T11:11:28.325962" elapsed="0.000379"/>
</kw>
<kw name="Should Match Regexp" owner="BuiltIn">
<arg>${json_data['results'][0]['picture']['large']}</arg>
<arg>^https?://.*\.(?:png|jpe?g|gif|bmp)$</arg>
<doc>Fails if ``string`` does not match ``pattern`` as a regular expression.</doc>
<status status="PASS" start="2024-04-04T11:11:28.326533" elapsed="0.000481"/>
</kw>
<kw name="Should Match Regexp" owner="BuiltIn">
<arg>${json_data['results'][0]['picture']['medium']}</arg>
<arg>^https?://.*\.(?:png|jpe?g|gif|bmp)$</arg>
<doc>Fails if ``string`` does not match ``pattern`` as a regular expression.</doc>
<status status="PASS" start="2024-04-04T11:11:28.327206" elapsed="0.000368"/>
</kw>
<kw name="Should Match Regexp" owner="BuiltIn">
<arg>${json_data['results'][0]['picture']['thumbnail']}</arg>
<arg>^https?://.*\.(?:png|jpe?g|gif|bmp)$</arg>
<doc>Fails if ``string`` does not match ``pattern`` as a regular expression.</doc>
<status status="PASS" start="2024-04-04T11:11:28.327760" elapsed="0.000349"/>
</kw>
<kw name="Log" owner="BuiltIn">
<msg time="2024-04-04T11:11:28.328629" level="INFO">{'large': 'https://randomuser.me/api/portraits/women/50.jpg', 'medium': 'https://randomuser.me/api/portraits/med/women/50.jpg', 'thumbnail': 'https://randomuser.me/api/portraits/thumb/women/50.jpg'}</msg>
<arg>${json_data['results'][0]['picture']}</arg>
<doc>Logs the given message with the given level.</doc>
<status status="PASS" start="2024-04-04T11:11:28.328293" elapsed="0.000383"/>
</kw>
<status status="PASS" start="2024-04-04T11:11:28.242434" elapsed="0.086520"/>
</kw>
<kw name="Teste de Tipos de Dados - Postcode" owner="random-user-service">
<kw name="GET On Session" owner="RequestsLibrary">
<msg time="2024-04-04T11:11:28.423539" level="INFO">GET Request : url=https://randomuser.me/api 
 path_url=/api 
 headers={'User-Agent': 'python-requests/2.31.0', 'Accept-Encoding': 'gzip, deflate', 'Accept': '*/*', 'Connection': 'keep-alive'} 
 body=None 
 </msg>
<msg time="2024-04-04T11:11:28.423647" level="INFO">GET Response : url=https://randomuser.me/api 
 status=200, reason=OK 
 headers={'Date': 'Thu, 04 Apr 2024 11:11:28 GMT', 'Content-Type': 'application/json; charset=utf-8', 'Transfer-Encoding': 'chunked', 'Connection': 'keep-alive', 'X-Powered-By': 'Express', 'Access-Control-Allow-Origin': '*', 'Cache-Control': 'no-cache', 'ETag': 'W/"48d-t/2ZBqSDozshJ/d4KNEIRP3xRmg"', 'Vary': 'Accept-Encoding', 'Content-Encoding': 'gzip', 'CF-Cache-Status': 'DYNAMIC', 'Report-To': '{"endpoints":[{"url":"https:\\/\\/a.nel.cloudflare.com\\/report\\/v4?s=wYzm936u0MrRbvgN%2B70kLGRB1GC7iPhmChG9tUjOY36L4pZ37iCrZlUHu7Ccj6yuwyytIer%2BRtmcEgAegfvkHogZt9FGXV3rcDVp%2FgbwJUa1iqpKQBFUahAe4E4azHka"}],"group":"cf-nel","max_age":604800}', 'NEL': '{"success_fraction":0,"report_to":"cf-nel","max_age":604800}', 'Server': 'cloudflare', 'CF-RAY': '86f0db9a182005da-IAD', 'alt-svc': 'h3=":443"; ma=86400'} 
 body={"results":[{"gender":"female","name":{"title":"Ms","first":"Christl","last":"Trommer"},"location":{"street":{"number":334,"name":"Goethestraße"},"city":"Itzehoe","state":"Sachsen-Anhalt","country":"Germany","postcode":21462,"coordinates":{"latitude":"-55.2138","longitude":"109.2446"},"timezone":{"offset":"+5:45","description":"Kathmandu"}},"email":"christl.trommer@example.com","login":{"uuid":"2eab056d-28fe-4862-bd70-f6e8fae67777","username":"beautifulwolf474","password":"illinois","salt":"I95HxkU2","md5":"b01fe9d61008846a6057015af1211933","sha1":"760e5eaa2dd4b21e9f0f6761b2a81ef4eb3cb3ac","sha256":"f7d2ce5bee38bce0f8b78796eb754246bf3aeadcace7a08792b1e2b0f5168db6"},"dob":{"date":"1994-10-24T10:08:21.414Z","age":29},"registered":{"date":"2012-05-16T00:30:30.262Z","age":11},"phone":"0693-4444389","cell":"0179-3712916","id":{"name":"SVNR","value":"71 241094 T 891"},"picture":{"large":"https://randomuser.me/api/portraits/women/95.jpg","medium":"https://randomuser.me/api/portraits/med/women/95.jpg","thumbnail":"https://randomuser.me/api/portraits/thumb/women/95.jpg"},"nat":"DE"}],"info":{"seed":"99577e3292b0d93d","results":1,"page":1,"version":"1.4"}} 
 </msg>
<msg time="2024-04-04T11:11:28.423743" level="INFO">/opt/hostedtoolcache/Python/3.12.2/x64/lib/python3.12/site-packages/urllib3/connectionpool.py:1103: InsecureRequestWarning: Unverified HTTPS request is being made to host 'randomuser.me'. Adding certificate verification is strongly advised. See: https://urllib3.readthedocs.io/en/latest/advanced-usage.html#tls-warnings
  warnings.warn(</msg>
<msg time="2024-04-04T11:11:28.423897" level="INFO">${response} = &lt;Response [200]&gt;</msg>
<var>${response}</var>
<arg>consultarAPI</arg>
<arg>/api</arg>
<doc>Sends a GET request on a previously created HTTP Session.</doc>
<status status="PASS" start="2024-04-04T11:11:28.329638" elapsed="0.094307"/>
</kw>
<kw name="Set Variable" owner="BuiltIn">
<msg time="2024-04-04T11:11:28.425081" level="INFO">${json_data} = {'results': [{'gender': 'female', 'name': {'title': 'Ms', 'first': 'Christl', 'last': 'Trommer'}, 'location': {'street': {'number': 334, 'name': 'Goethestraße'}, 'city': 'Itzehoe', 'state': 'Sachsen-A...</msg>
<var>${json_data}</var>
<arg>${response.json()}</arg>
<doc>Returns the given values which can then be assigned to a variables.</doc>
<status status="PASS" start="2024-04-04T11:11:28.424524" elapsed="0.000586"/>
</kw>
<kw name="Log" owner="BuiltIn">
<msg time="2024-04-04T11:11:28.425704" level="INFO">{'results': [{'gender': 'female', 'name': {'title': 'Ms', 'first': 'Christl', 'last': 'Trommer'}, 'location': {'street': {'number': 334, 'name': 'Goethestraße'}, 'city': 'Itzehoe', 'state': 'Sachsen-Anhalt', 'country': 'Germany', 'postcode': 21462, 'coordinates': {'latitude': '-55.2138', 'longitude': '109.2446'}, 'timezone': {'offset': '+5:45', 'description': 'Kathmandu'}}, 'email': 'christl.trommer@example.com', 'login': {'uuid': '2eab056d-28fe-4862-bd70-f6e8fae67777', 'username': 'beautifulwolf474', 'password': 'illinois', 'salt': 'I95HxkU2', 'md5': 'b01fe9d61008846a6057015af1211933', 'sha1': '760e5eaa2dd4b21e9f0f6761b2a81ef4eb3cb3ac', 'sha256': 'f7d2ce5bee38bce0f8b78796eb754246bf3aeadcace7a08792b1e2b0f5168db6'}, 'dob': {'date': '1994-10-24T10:08:21.414Z', 'age': 29}, 'registered': {'date': '2012-05-16T00:30:30.262Z', 'age': 11}, 'phone': '0693-4444389', 'cell': '0179-3712916', 'id': {'name': 'SVNR', 'value': '71 241094 T 891'}, 'picture': {'large': 'https://randomuser.me/api/portraits/women/95.jpg', 'medium': 'https://randomuser.me/api/portraits/med/women/95.jpg', 'thumbnail': 'https://randomuser.me/api/portraits/thumb/women/95.jpg'}, 'nat': 'DE'}], 'info': {'seed': '99577e3292b0d93d', 'results': 1, 'page': 1, 'version': '1.4'}}</msg>
<arg>${json_data}</arg>
<doc>Logs the given message with the given level.</doc>
<status status="PASS" start="2024-04-04T11:11:28.425483" elapsed="0.000310"/>
</kw>
<kw name="Should Be Equal As Numbers" owner="BuiltIn">
<arg>${json_data['results'][0]['location']['postcode']}</arg>
<arg>${json_data['results'][0]['location']['postcode']}</arg>
<doc>Fails if objects are unequal after converting them to real numbers.</doc>
<status status="PASS" start="2024-04-04T11:11:28.426134" elapsed="0.000675"/>
</kw>
<kw name="Log" owner="BuiltIn">
<msg time="2024-04-04T11:11:28.427365" level="INFO">21462</msg>
<arg>${json_data['results'][0]['location']['postcode']}</arg>
<doc>Logs the given message with the given level.</doc>
<status status="PASS" start="2024-04-04T11:11:28.427018" elapsed="0.000389"/>
</kw>
<status status="PASS" start="2024-04-04T11:11:28.329194" elapsed="0.098488"/>
</kw>
<doc>Testa se os tipos de dados na resposta da API estão corretos.</doc>
<tag>testeTiposDados</tag>
<status status="PASS" start="2024-04-04T11:11:28.241850" elapsed="0.186012"/>
</test>
<test id="s1-s1-t5" name="Validar conteudo" line="35">
<kw name="Teste de Tipos de Conteudo" owner="random-user-service">
<kw name="GET On Session" owner="RequestsLibrary">
<msg time="2024-04-04T11:11:28.525599" level="INFO">GET Request : url=https://randomuser.me/api 
 path_url=/api 
 headers={'User-Agent': 'python-requests/2.31.0', 'Accept-Encoding': 'gzip, deflate', 'Accept': '*/*', 'Connection': 'keep-alive'} 
 body=None 
 </msg>
<msg time="2024-04-04T11:11:28.525711" level="INFO">GET Response : url=https://randomuser.me/api 
 status=200, reason=OK 
 headers={'Date': 'Thu, 04 Apr 2024 11:11:28 GMT', 'Content-Type': 'application/json; charset=utf-8', 'Transfer-Encoding': 'chunked', 'Connection': 'keep-alive', 'X-Powered-By': 'Express', 'Access-Control-Allow-Origin': '*', 'Cache-Control': 'no-cache', 'ETag': 'W/"496-I6JoTA5mn3Pc4wefPvNpZYl3p4o"', 'Vary': 'Accept-Encoding', 'Content-Encoding': 'gzip', 'CF-Cache-Status': 'DYNAMIC', 'Report-To': '{"endpoints":[{"url":"https:\\/\\/a.nel.cloudflare.com\\/report\\/v4?s=mfkpZOGYri%2FZqOKpuIIiGZjgQpC4CXSfHRP3zv0YMzBD0jGpPZaAFdp71IbyEKs50aAAtV0VgRDxGIPoYGSiTiN4rOYVlJ25ldedwt%2F6jaFWEqK6eKH9dwhnjU7dv9O0"}],"group":"cf-nel","max_age":604800}', 'NEL': '{"success_fraction":0,"report_to":"cf-nel","max_age":604800}', 'Server': 'cloudflare', 'CF-RAY': '86f0db9ab89605da-IAD', 'alt-svc': 'h3=":443"; ma=86400'} 
 body={"results":[{"gender":"female","name":{"title":"Miss","first":"Eileen","last":"Scott"},"location":{"street":{"number":2022,"name":"E North St"},"city":"Orange","state":"New South Wales","country":"Australia","postcode":2085,"coordinates":{"latitude":"-83.8183","longitude":"69.8593"},"timezone":{"offset":"+4:00","description":"Abu Dhabi, Muscat, Baku, Tbilisi"}},"email":"eileen.scott@example.com","login":{"uuid":"4d1a33a3-4c72-432c-9929-7550e0856b31","username":"organickoala386","password":"buffalo1","salt":"YBkniWdK","md5":"63eafa18c13646da3daa708b6d09bf39","sha1":"5dc78c80d445f5188d6422abc4616c7e696d18b8","sha256":"387dc8781311d761dca0d8e12f6c95cb2b486fcffca4e64192c365621081a1ec"},"dob":{"date":"1963-08-29T08:03:52.134Z","age":60},"registered":{"date":"2002-06-02T10:22:41.265Z","age":21},"phone":"00-5347-2147","cell":"0464-288-092","id":{"name":"TFN","value":"708440315"},"picture":{"large":"https://randomuser.me/api/portraits/women/86.jpg","medium":"https://randomuser.me/api/portraits/med/women/86.jpg","thumbnail":"https://randomuser.me/api/portraits/thumb/women/86.jpg"},"nat":"AU"}],"info":{"seed":"67e881f83aeeb702","results":1,"page":1,"version":"1.4"}} 
 </msg>
<msg time="2024-04-04T11:11:28.525786" level="INFO">/opt/hostedtoolcache/Python/3.12.2/x64/lib/python3.12/site-packages/urllib3/connectionpool.py:1103: InsecureRequestWarning: Unverified HTTPS request is being made to host 'randomuser.me'. Adding certificate verification is strongly advised. See: https://urllib3.readthedocs.io/en/latest/advanced-usage.html#tls-warnings
  warnings.warn(</msg>
<msg time="2024-04-04T11:11:28.525926" level="INFO">${response} = &lt;Response [200]&gt;</msg>
<var>${response}</var>
<arg>consultarAPI</arg>
<arg>/api</arg>
<doc>Sends a GET request on a previously created HTTP Session.</doc>
<status status="PASS" start="2024-04-04T11:11:28.430491" elapsed="0.095480"/>
</kw>
<kw name="Set Variable" owner="BuiltIn">
<msg time="2024-04-04T11:11:28.526999" level="INFO">${json_data} = {'results': [{'gender': 'female', 'name': {'title': 'Miss', 'first': 'Eileen', 'last': 'Scott'}, 'location': {'street': {'number': 2022, 'name': 'E North St'}, 'city': 'Orange', 'state': 'New South Wa...</msg>
<var>${json_data}</var>
<arg>${response.json()}</arg>
<doc>Returns the given values which can then be assigned to a variables.</doc>
<status status="PASS" start="2024-04-04T11:11:28.526487" elapsed="0.000542"/>
</kw>
<kw name="Set Variable" owner="BuiltIn">
<msg time="2024-04-04T11:11:28.527728" level="INFO">${name_title} = Miss</msg>
<var>${name_title}</var>
<arg>${json_data["results"][0]["name"]["title"]}</arg>
<doc>Returns the given values which can then be assigned to a variables.</doc>
<status status="PASS" start="2024-04-04T11:11:28.527344" elapsed="0.000409"/>
</kw>
<kw name="Create List" owner="BuiltIn">
<msg time="2024-04-04T11:11:28.528201" level="INFO">${allowed_titles} = ['Mr', 'Ms', 'Miss', 'Mrs', 'Madame', 'Monsieur']</msg>
<var>${allowed_titles}</var>
<arg>Mr</arg>
<arg>Ms</arg>
<arg>Miss</arg>
<arg>Mrs</arg>
<arg>Madame</arg>
<arg>Monsieur</arg>
<doc>Returns a list containing given items.</doc>
<status status="PASS" start="2024-04-04T11:11:28.528052" elapsed="0.000173"/>
</kw>
<kw name="List Should Contain Value" owner="Collections">
<msg time="2024-04-04T11:11:28.528707" level="INFO">False</msg>
<arg>${allowed_titles}</arg>
<arg>${name_title}</arg>
<doc>Fails if the ``value`` is not found from ``list``.</doc>
<status status="PASS" start="2024-04-04T11:11:28.528529" elapsed="0.000216"/>
</kw>
<kw name="Set Variable" owner="BuiltIn">
<msg time="2024-04-04T11:11:28.529416" level="INFO">${name_country} = AU</msg>
<var>${name_country}</var>
<arg>${json_data["results"][0]["nat"]}</arg>
<doc>Returns the given values which can then be assigned to a variables.</doc>
<status status="PASS" start="2024-04-04T11:11:28.529036" elapsed="0.000404"/>
</kw>
<kw name="Create List" owner="BuiltIn">
<msg time="2024-04-04T11:11:28.530402" level="INFO">${list_country} = ['AD', 'AE', 'AF', 'AG', 'AI', 'AL', 'AM', 'AO', 'AQ', 'AR', 'AS', 'AT', 'AU', 'AW', 'AX', 'AZ', 'BA', 'BB', 'BD', 'BE', 'BF', 'BG', 'BH', 'BI', 'BJ', 'BL', 'BM', 'BN', 'BO', 'BQ', 'BR', 'BS', 'BT', '...</msg>
<var>${list_country}</var>
<arg>AD</arg>
<arg>AE</arg>
<arg>AF</arg>
<arg>AG</arg>
<arg>AI</arg>
<arg>AL</arg>
<arg>AM</arg>
<arg>AO</arg>
<arg>AQ</arg>
<arg>AR</arg>
<arg>AS</arg>
<arg>AT</arg>
<arg>AU</arg>
<arg>AW</arg>
<arg>AX</arg>
<arg>AZ</arg>
<arg>BA</arg>
<arg>BB</arg>
<arg>BD</arg>
<arg>BE</arg>
<arg>BF</arg>
<arg>BG</arg>
<arg>BH</arg>
<arg>BI</arg>
<arg>BJ</arg>
<arg>BL</arg>
<arg>BM</arg>
<arg>BN</arg>
<arg>BO</arg>
<arg>BQ</arg>
<arg>BR</arg>
<arg>BS</arg>
<arg>BT</arg>
<arg>BV</arg>
<arg>BW</arg>
<arg>BY</arg>
<arg>BZ</arg>
<arg>CA</arg>
<arg>CC</arg>
<arg>CD</arg>
<arg>CF</arg>
<arg>CG</arg>
<arg>CH</arg>
<arg>CI</arg>
<arg>CK</arg>
<arg>CL</arg>
<arg>CM</arg>
<arg>CN</arg>
<arg>CO</arg>
<arg>CR</arg>
<arg>CU</arg>
<arg>CV</arg>
<arg>CW</arg>
<arg>CX</arg>
<arg>CY</arg>
<arg>CZ</arg>
<arg>DE</arg>
<arg>DJ</arg>
<arg>DK</arg>
<arg>DM</arg>
<arg>DO</arg>
<arg>DZ</arg>
<arg>EC</arg>
<arg>EE</arg>
<arg>EG</arg>
<arg>EH</arg>
<arg>ER</arg>
<arg>ES</arg>
<arg>ET</arg>
<arg>FI</arg>
<arg>FJ</arg>
<arg>FK</arg>
<arg>FM</arg>
<arg>FO</arg>
<arg>FR</arg>
<arg>GA</arg>
<arg>GB</arg>
<arg>GD</arg>
<arg>GE</arg>
<arg>GF</arg>
<arg>GG</arg>
<arg>GH</arg>
<arg>GI</arg>
<arg>GL</arg>
<arg>GM</arg>
<arg>GN</arg>
<arg>GP</arg>
<arg>GQ</arg>
<arg>GR</arg>
<arg>GS</arg>
<arg>GT</arg>
<arg>GU</arg>
<arg>GW</arg>
<arg>GY</arg>
<arg>HK</arg>
<arg>HM</arg>
<arg>HN</arg>
<arg>HR</arg>
<arg>HT</arg>
<arg>HU</arg>
<arg>ID</arg>
<arg>IE</arg>
<arg>IL</arg>
<arg>IM</arg>
<arg>IN</arg>
<arg>IO</arg>
<arg>IQ</arg>
<arg>IR</arg>
<arg>IS</arg>
<arg>IT</arg>
<arg>JE</arg>
<arg>JM</arg>
<arg>JO</arg>
<arg>JP</arg>
<arg>KE</arg>
<arg>KG</arg>
<arg>KH</arg>
<arg>KI</arg>
<arg>KM</arg>
<arg>KN</arg>
<arg>KP</arg>
<arg>KR</arg>
<arg>KW</arg>
<arg>KY</arg>
<arg>KZ</arg>
<arg>LA</arg>
<arg>LB</arg>
<arg>LC</arg>
<arg>LI</arg>
<arg>LK</arg>
<arg>LR</arg>
<arg>LS</arg>
<arg>LT</arg>
<arg>LU</arg>
<arg>LV</arg>
<arg>LY</arg>
<arg>MA</arg>
<arg>MC</arg>
<arg>MD</arg>
<arg>ME</arg>
<arg>MF</arg>
<arg>MG</arg>
<arg>MH</arg>
<arg>MK</arg>
<arg>ML</arg>
<arg>MM</arg>
<arg>MN</arg>
<arg>MO</arg>
<arg>MP</arg>
<arg>MQ</arg>
<arg>MR</arg>
<arg>MS</arg>
<arg>MT</arg>
<arg>MU</arg>
<arg>MV</arg>
<arg>MW</arg>
<arg>MX</arg>
<arg>MY</arg>
<arg>MZ</arg>
<arg>NA</arg>
<arg>NC</arg>
<arg>NE</arg>
<arg>NF</arg>
<arg>NG</arg>
<arg>NI</arg>
<arg>NL</arg>
<arg>NO</arg>
<arg>NP</arg>
<arg>NR</arg>
<arg>NU</arg>
<arg>NZ</arg>
<arg>OM</arg>
<arg>PA</arg>
<arg>PE</arg>
<arg>PF</arg>
<arg>PG</arg>
<arg>PH</arg>
<arg>PK</arg>
<arg>PL</arg>
<arg>PM</arg>
<arg>PN</arg>
<arg>PR</arg>
<arg>PS</arg>
<arg>PT</arg>
<arg>PW</arg>
<arg>PY</arg>
<arg>QA</arg>
<arg>RE</arg>
<arg>RO</arg>
<arg>RS</arg>
<arg>RU</arg>
<arg>RW</arg>
<arg>SA</arg>
<arg>SB</arg>
<arg>SC</arg>
<arg>SD</arg>
<arg>SE</arg>
<arg>SG</arg>
<arg>SH</arg>
<arg>SI</arg>
<arg>SJ</arg>
<arg>SK</arg>
<arg>SL</arg>
<arg>SM</arg>
<arg>SN</arg>
<arg>SO</arg>
<arg>SR</arg>
<arg>SS</arg>
<arg>ST</arg>
<arg>SV</arg>
<arg>SX</arg>
<arg>SY</arg>
<arg>SZ</arg>
<arg>TC</arg>
<arg>TD</arg>
<arg>TF</arg>
<arg>TG</arg>
<arg>TH</arg>
<arg>TJ</arg>
<arg>TK</arg>
<arg>TL</arg>
<arg>TM</arg>
<arg>TN</arg>
<arg>TO</arg>
<arg>TR</arg>
<arg>TT</arg>
<arg>TV</arg>
<arg>TW</arg>
<arg>TZ</arg>
<arg>UA</arg>
<arg>UG</arg>
<arg>UM</arg>
<arg>US</arg>
<arg>UY</arg>
<arg>UZ</arg>
<arg>VA</arg>
<arg>VC</arg>
<arg>VE</arg>
<arg>VG</arg>
<arg>VI</arg>
<arg>VN</arg>
<arg>VU</arg>
<arg>WF</arg>
<arg>WS</arg>
<arg>XK</arg>
<arg>YE</arg>
<arg>YT</arg>
<arg>ZA</arg>
<arg>ZM</arg>
<arg>ZW</arg>
<doc>Returns a list containing given items.</doc>
<status status="PASS" start="2024-04-04T11:11:28.529797" elapsed="0.000631"/>
</kw>
<kw name="List Should Contain Value" owner="Collections">
<msg time="2024-04-04T11:11:28.531597" level="INFO">False</msg>
<arg>${list_country}</arg>
<arg>${name_country}</arg>
<doc>Fails if the ``value`` is not found from ``list``.</doc>
<status status="PASS" start="2024-04-04T11:11:28.531389" elapsed="0.000246"/>
</kw>
<kw name="Run Keyword If" owner="BuiltIn">
<kw name="Should Be True" owner="BuiltIn">
<arg>${True}</arg>
<doc>Fails if the given condition is not true.</doc>
<status status="PASS" start="2024-04-04T11:11:28.532712" elapsed="0.000147"/>
</kw>
<arg>${json_data["results"][0]["location"]["coordinates"]["latitude"]} &gt;= -90 and ${json_data["results"][0]["location"]["coordinates"]["latitude"]} &lt;= 90</arg>
<arg>Should Be True</arg>
<arg>${True}</arg>
<doc>Runs the given keyword with the given arguments, if ``condition`` is true.</doc>
<status status="PASS" start="2024-04-04T11:11:28.531951" elapsed="0.001035"/>
</kw>
<kw name="Run Keyword If" owner="BuiltIn">
<kw name="Should Be True" owner="BuiltIn">
<arg>${True}</arg>
<doc>Fails if the given condition is not true.</doc>
<status status="PASS" start="2024-04-04T11:11:28.533897" elapsed="0.000142"/>
</kw>
<arg>${json_data["results"][0]["location"]["coordinates"]["longitude"]} &gt;= -180 and ${json_data["results"][0]["location"]["coordinates"]["longitude"]} &lt;= 180</arg>
<arg>Should Be True</arg>
<arg>${True}</arg>
<doc>Runs the given keyword with the given arguments, if ``condition`` is true.</doc>
<status status="PASS" start="2024-04-04T11:11:28.533169" elapsed="0.000996"/>
</kw>
<status status="PASS" start="2024-04-04T11:11:28.430249" elapsed="0.104050"/>
</kw>
<doc>Testa o conteúdo específico dos campos retornados pela API.</doc>
<tag>testeConteudo</tag>
<status status="PASS" start="2024-04-04T11:11:28.429698" elapsed="0.104760"/>
</test>
<status status="PASS" start="2024-04-04T11:11:27.678850" elapsed="0.857576"/>
</suite>
<status status="PASS" start="2024-04-04T11:11:27.664784" elapsed="0.877210"/>
</suite>
<statistics>
<total>
<stat pass="5" fail="0" skip="0">All Tests</stat>
</total>
<tag>
<stat pass="1" fail="0" skip="0">testeConteudo</stat>
<stat pass="1" fail="0" skip="0">testeEstruturaResposta</stat>
<stat pass="1" fail="0" skip="0">testeRequisicaoBasica</stat>
<stat pass="1" fail="0" skip="0">testeTiposDados</stat>
</tag>
<suite>
<stat pass="5" fail="0" skip="0" id="s1" name="Tests">Tests</stat>
<stat pass="5" fail="0" skip="0" id="s1-s1" name="Random-User-Test">Tests.Random-User-Test</stat>
</suite>
</statistics>
<errors>
</errors>
</robot>
