<?xml version="1.0" encoding="UTF-8"?>
<robot generator="Robot 7.0.1 (Python 3.12.4 on linux)" generated="2024-07-07T06:20:28.025786" rpa="false" schemaversion="5">
<suite id="s1" name="Tests" source="/home/runner/work/ApiRandomUser/ApiRandomUser/RamdonUser/tests">
<suite id="s1-s1" name="Random-User-Test" source="/home/runner/work/ApiRandomUser/ApiRandomUser/RamdonUser/tests/random-user-test.robot">
<test id="s1-s1-t1" name="Conectar" line="13">
<kw name="Conectar API" owner="random-user-service">
<kw name="Create Session" owner="RequestsLibrary">
<msg time="2024-07-07T06:20:28.448799" level="INFO">Creating Session using : alias=consultarAPI, url=https://randomuser.me/, headers={},                     cookies={}, auth=None, timeout=None, proxies=None, verify=False,                     debug=0 </msg>
<arg>consultarAPI</arg>
<arg>${URL}</arg>
<doc>Create Session: create a HTTP session to a server</doc>
<status status="PASS" start="2024-07-07T06:20:28.448594" elapsed="0.000404"/>
</kw>
<status status="PASS" start="2024-07-07T06:20:28.447609" elapsed="0.001751"/>
</kw>
<status status="PASS" start="2024-07-07T06:20:28.447047" elapsed="0.002504"/>
</test>
<test id="s1-s1-t2" name="Validar retorno 200 e JSON Válido" line="16">
<kw name="Teste de Requisicao Basica" owner="random-user-service">
<kw name="GET On Session" owner="RequestsLibrary">
<msg time="2024-07-07T06:20:28.758833" level="INFO">GET Request : url=https://randomuser.me/api 
 path_url=/api 
 headers={'User-Agent': 'python-requests/2.32.3', 'Accept-Encoding': 'gzip, deflate', 'Accept': '*/*', 'Connection': 'keep-alive'} 
 body=None 
 </msg>
<msg time="2024-07-07T06:20:28.758996" level="INFO">GET Response : url=https://randomuser.me/api 
 status=200, reason=OK 
 headers={'Date': 'Sun, 07 Jul 2024 06:20:28 GMT', 'Content-Type': 'application/json; charset=utf-8', 'Transfer-Encoding': 'chunked', 'Connection': 'keep-alive', 'X-Powered-By': 'Express', 'Access-Control-Allow-Origin': '*', 'Cache-Control': 'no-cache', 'ETag': 'W/"49e-tOhzzgpla9kPER5zcMNmDuGJ9YE"', 'Vary': 'Accept-Encoding', 'Content-Encoding': 'gzip', 'CF-Cache-Status': 'DYNAMIC', 'Report-To': '{"endpoints":[{"url":"https:\\/\\/a.nel.cloudflare.com\\/report\\/v4?s=AfzhwX6QCZP5Saw9fZf3%2BAIxAZr0fD4Ca6sXNFlWhRNcM4XOcomxZQsliEtAHUEhnwQoiCaTl3hy16k3dCcEgzGt71osWAmGClx%2BVNO04QtbeMBiJf45tayw3s6U%2FE8z"}],"group":"cf-nel","max_age":604800}', 'NEL': '{"success_fraction":0,"report_to":"cf-nel","max_age":604800}', 'Server': 'cloudflare', 'CF-RAY': '89f5ba9749b32222-ORD', 'alt-svc': 'h3=":443"; ma=86400'} 
 body={"results":[{"gender":"female","name":{"title":"Miss","first":"Clecira","last":"Ramos"},"location":{"street":{"number":1025,"name":"Rua São João "},"city":"Itapevi","state":"São Paulo","country":"Brazil","postcode":47497,"coordinates":{"latitude":"-74.1097","longitude":"162.5856"},"timezone":{"offset":"+8:00","description":"Beijing, Perth, Singapore, Hong Kong"}},"email":"clecira.ramos@example.com","login":{"uuid":"2c0d1c6e-6e9f-456a-b4fa-da84b0fda388","username":"redswan710","password":"venice","salt":"5L7tAPEr","md5":"148a01664a8715a3410bc8c7e921042f","sha1":"411ab04bbccc43146b06651b13926b6cbfde3c01","sha256":"3be9a886c3323ad0bdd3861e84b4e73acdb60d9b885bffdc8b561b1cd24020cf"},"dob":{"date":"1975-11-25T16:28:38.555Z","age":48},"registered":{"date":"2007-05-08T08:22:47.110Z","age":17},"phone":"(09) 8625-5677","cell":"(85) 2369-1549","id":{"name":"CPF","value":"640.318.867-53"},"picture":{"large":"https://randomuser.me/api/portraits/women/70.jpg","medium":"https://randomuser.me/api/portraits/med/women/70.jpg","thumbnail":"https://randomuser.me/api/portraits/thumb/women/70.jpg"},"nat":"BR"}],"info":{"seed":"e3deb1280c7ba5b9","results":1,"page":1,"version":"1.4"}} 
 </msg>
<msg time="2024-07-07T06:20:28.759089" level="INFO">/opt/hostedtoolcache/Python/3.12.4/x64/lib/python3.12/site-packages/urllib3/connectionpool.py:1099: InsecureRequestWarning: Unverified HTTPS request is being made to host 'randomuser.me'. Adding certificate verification is strongly advised. See: https://urllib3.readthedocs.io/en/latest/advanced-usage.html#tls-warnings
  warnings.warn(</msg>
<msg time="2024-07-07T06:20:28.759242" level="INFO">${response} = &lt;Response [200]&gt;</msg>
<var>${response}</var>
<arg>consultarAPI</arg>
<arg>/api</arg>
<doc>Sends a GET request on a previously created HTTP Session.</doc>
<status status="PASS" start="2024-07-07T06:20:28.452166" elapsed="0.307118"/>
</kw>
<kw name="Should Be Equal As Numbers" owner="BuiltIn">
<msg time="2024-07-07T06:20:28.760236" level="INFO">Argument types are:
&lt;class 'int'&gt;
&lt;class 'str'&gt;</msg>
<arg>${response.status_code}</arg>
<arg>200</arg>
<doc>Fails if objects are unequal after converting them to real numbers.</doc>
<status status="PASS" start="2024-07-07T06:20:28.759781" elapsed="0.000518"/>
</kw>
<kw name="Log" owner="BuiltIn">
<msg time="2024-07-07T06:20:28.760954" level="INFO">200</msg>
<arg>${response.status_code}</arg>
<doc>Logs the given message with the given level.</doc>
<status status="PASS" start="2024-07-07T06:20:28.760609" elapsed="0.000386"/>
</kw>
<kw name="Set Variable" owner="BuiltIn">
<msg time="2024-07-07T06:20:28.761734" level="INFO">${json_data} = {'results': [{'gender': 'female', 'name': {'title': 'Miss', 'first': 'Clecira', 'last': 'Ramos'}, 'location': {'street': {'number': 1025, 'name': 'Rua São João '}, 'city': 'Itapevi', 'state': 'São Pau...</msg>
<var>${json_data}</var>
<arg>${response.json()}</arg>
<doc>Returns the given values which can then be assigned to a variables.</doc>
<status status="PASS" start="2024-07-07T06:20:28.761294" elapsed="0.000470"/>
</kw>
<kw name="Dictionary Should Contain Key" owner="Collections">
<arg>${json_data}</arg>
<arg>results</arg>
<doc>Fails if ``key`` is not found from ``dictionary``.</doc>
<status status="PASS" start="2024-07-07T06:20:28.762057" elapsed="0.000161"/>
</kw>
<status status="PASS" start="2024-07-07T06:20:28.451916" elapsed="0.310461"/>
</kw>
<doc>Testa se a API responde corretamente e retorna um objeto JSON válido.</doc>
<tag>testeRequisicaoBasica</tag>
<status status="PASS" start="2024-07-07T06:20:28.451434" elapsed="0.311162"/>
</test>
<test id="s1-s1-t3" name="Validar estrutura de resposta" line="22">
<kw name="Teste de Estrutura de Resposta" owner="random-user-service">
<kw name="GET On Session" owner="RequestsLibrary">
<msg time="2024-07-07T06:20:28.863815" level="INFO">GET Request : url=https://randomuser.me/api 
 path_url=/api 
 headers={'User-Agent': 'python-requests/2.32.3', 'Accept-Encoding': 'gzip, deflate', 'Accept': '*/*', 'Connection': 'keep-alive'} 
 body=None 
 </msg>
<msg time="2024-07-07T06:20:28.863903" level="INFO">GET Response : url=https://randomuser.me/api 
 status=200, reason=OK 
 headers={'Date': 'Sun, 07 Jul 2024 06:20:28 GMT', 'Content-Type': 'application/json; charset=utf-8', 'Transfer-Encoding': 'chunked', 'Connection': 'keep-alive', 'X-Powered-By': 'Express', 'Access-Control-Allow-Origin': '*', 'Cache-Control': 'no-cache', 'ETag': 'W/"48f-Uors8l6ftxF6UWfHLroLJZEW0Pw"', 'Vary': 'Accept-Encoding', 'Content-Encoding': 'gzip', 'CF-Cache-Status': 'DYNAMIC', 'Report-To': '{"endpoints":[{"url":"https:\\/\\/a.nel.cloudflare.com\\/report\\/v4?s=2D%2Fw1s268mnK2ppJHdN1RIhf2gTKq8sKKel78KKYcvbFcFPwHYvNUNwQVfylizoDzax%2BW%2FlSVcX%2Bkn4lt6CrU%2BJ%2F3FgTdwRgFBnZCUaaSaaR%2FuIrlUIHl5zDb7%2BDGDax"}],"group":"cf-nel","max_age":604800}', 'NEL': '{"success_fraction":0,"report_to":"cf-nel","max_age":604800}', 'Server': 'cloudflare', 'CF-RAY': '89f5ba97ca202222-ORD', 'alt-svc': 'h3=":443"; ma=86400'} 
 body={"results":[{"gender":"male","name":{"title":"Monsieur","first":"Gerhard","last":"Pierre"},"location":{"street":{"number":5965,"name":"Rue Bossuet"},"city":"Braunau","state":"Vaud","country":"Switzerland","postcode":8330,"coordinates":{"latitude":"-60.3730","longitude":"-64.3780"},"timezone":{"offset":"-8:00","description":"Pacific Time (US &amp; Canada)"}},"email":"gerhard.pierre@example.com","login":{"uuid":"5d2961e6-0fd2-4219-bafb-69dcd4a40a3d","username":"yellowpeacock473","password":"nice","salt":"b01ilfJR","md5":"b7c16bd94c1c5c41e9529dc1cca90085","sha1":"3debb26b17b40c3faab2d00edde2a35c81afd70c","sha256":"377ed8515dc2235a57b842330889ba6d2c3e9ec6f82c5d99dbffa5d6bb4fb428"},"dob":{"date":"1976-12-18T21:25:56.188Z","age":47},"registered":{"date":"2018-11-25T07:43:16.083Z","age":5},"phone":"076 620 62 83","cell":"075 029 98 82","id":{"name":"AVS","value":"756.4303.0400.90"},"picture":{"large":"https://randomuser.me/api/portraits/men/75.jpg","medium":"https://randomuser.me/api/portraits/med/men/75.jpg","thumbnail":"https://randomuser.me/api/portraits/thumb/men/75.jpg"},"nat":"CH"}],"info":{"seed":"89e4f1c3849d3e31","results":1,"page":1,"version":"1.4"}} 
 </msg>
<msg time="2024-07-07T06:20:28.864028" level="INFO">/opt/hostedtoolcache/Python/3.12.4/x64/lib/python3.12/site-packages/urllib3/connectionpool.py:1099: InsecureRequestWarning: Unverified HTTPS request is being made to host 'randomuser.me'. Adding certificate verification is strongly advised. See: https://urllib3.readthedocs.io/en/latest/advanced-usage.html#tls-warnings
  warnings.warn(</msg>
<msg time="2024-07-07T06:20:28.864145" level="INFO">${response} = &lt;Response [200]&gt;</msg>
<var>${response}</var>
<arg>consultarAPI</arg>
<arg>/api</arg>
<doc>Sends a GET request on a previously created HTTP Session.</doc>
<status status="PASS" start="2024-07-07T06:20:28.765141" elapsed="0.099047"/>
</kw>
<kw name="Set Variable" owner="BuiltIn">
<msg time="2024-07-07T06:20:28.865099" level="INFO">${json_data} = {'results': [{'gender': 'male', 'name': {'title': 'Monsieur', 'first': 'Gerhard', 'last': 'Pierre'}, 'location': {'street': {'number': 5965, 'name': 'Rue Bossuet'}, 'city': 'Braunau', 'state': 'Vaud',...</msg>
<var>${json_data}</var>
<arg>${response.json()}</arg>
<doc>Returns the given values which can then be assigned to a variables.</doc>
<status status="PASS" start="2024-07-07T06:20:28.864640" elapsed="0.000489"/>
</kw>
<kw name="Log" owner="BuiltIn">
<msg time="2024-07-07T06:20:28.865582" level="INFO">{'results': [{'gender': 'male', 'name': {'title': 'Monsieur', 'first': 'Gerhard', 'last': 'Pierre'}, 'location': {'street': {'number': 5965, 'name': 'Rue Bossuet'}, 'city': 'Braunau', 'state': 'Vaud', 'country': 'Switzerland', 'postcode': 8330, 'coordinates': {'latitude': '-60.3730', 'longitude': '-64.3780'}, 'timezone': {'offset': '-8:00', 'description': 'Pacific Time (US &amp; Canada)'}}, 'email': 'gerhard.pierre@example.com', 'login': {'uuid': '5d2961e6-0fd2-4219-bafb-69dcd4a40a3d', 'username': 'yellowpeacock473', 'password': 'nice', 'salt': 'b01ilfJR', 'md5': 'b7c16bd94c1c5c41e9529dc1cca90085', 'sha1': '3debb26b17b40c3faab2d00edde2a35c81afd70c', 'sha256': '377ed8515dc2235a57b842330889ba6d2c3e9ec6f82c5d99dbffa5d6bb4fb428'}, 'dob': {'date': '1976-12-18T21:25:56.188Z', 'age': 47}, 'registered': {'date': '2018-11-25T07:43:16.083Z', 'age': 5}, 'phone': '076 620 62 83', 'cell': '075 029 98 82', 'id': {'name': 'AVS', 'value': '756.4303.0400.90'}, 'picture': {'large': 'https://randomuser.me/api/portraits/men/75.jpg', 'medium': 'https://randomuser.me/api/portraits/med/men/75.jpg', 'thumbnail': 'https://randomuser.me/api/portraits/thumb/men/75.jpg'}, 'nat': 'CH'}], 'info': {'seed': '89e4f1c3849d3e31', 'results': 1, 'page': 1, 'version': '1.4'}}</msg>
<arg>${json_data}</arg>
<doc>Logs the given message with the given level.</doc>
<status status="PASS" start="2024-07-07T06:20:28.865428" elapsed="0.000203"/>
</kw>
<kw name="Dictionary Should Contain Key" owner="Collections">
<arg>${json_data}</arg>
<arg>results</arg>
<doc>Fails if ``key`` is not found from ``dictionary``.</doc>
<status status="PASS" start="2024-07-07T06:20:28.865918" elapsed="0.000159"/>
</kw>
<kw name="Should Not Be Empty" owner="BuiltIn">
<msg time="2024-07-07T06:20:28.866387" level="INFO">Length is 2.</msg>
<arg>${json_data}</arg>
<doc>Verifies that the given item is not empty.</doc>
<status status="PASS" start="2024-07-07T06:20:28.866260" elapsed="0.000165"/>
</kw>
<kw name="Create List" owner="BuiltIn">
<msg time="2024-07-07T06:20:28.866969" level="INFO">${expected_keys} = ['gender', 'name', 'location', 'email', 'login']</msg>
<var>${expected_keys}</var>
<arg>gender</arg>
<arg>name</arg>
<arg>location</arg>
<arg>email</arg>
<arg>login</arg>
<doc>Returns a list containing given items.</doc>
<status status="PASS" start="2024-07-07T06:20:28.866819" elapsed="0.000173"/>
</kw>
<for flavor="IN">
<iter>
<kw name="Dictionary Should Contain Key" owner="Collections">
<arg>${json_data['results'][0]}</arg>
<arg>${key}</arg>
<doc>Fails if ``key`` is not found from ``dictionary``.</doc>
<status status="PASS" start="2024-07-07T06:20:28.867701" elapsed="0.000398"/>
</kw>
<kw name="Log" owner="BuiltIn">
<msg time="2024-07-07T06:20:28.868645" level="INFO">{'gender': 'male', 'name': {'title': 'Monsieur', 'first': 'Gerhard', 'last': 'Pierre'}, 'location': {'street': {'number': 5965, 'name': 'Rue Bossuet'}, 'city': 'Braunau', 'state': 'Vaud', 'country': 'Switzerland', 'postcode': 8330, 'coordinates': {'latitude': '-60.3730', 'longitude': '-64.3780'}, 'timezone': {'offset': '-8:00', 'description': 'Pacific Time (US &amp; Canada)'}}, 'email': 'gerhard.pierre@example.com', 'login': {'uuid': '5d2961e6-0fd2-4219-bafb-69dcd4a40a3d', 'username': 'yellowpeacock473', 'password': 'nice', 'salt': 'b01ilfJR', 'md5': 'b7c16bd94c1c5c41e9529dc1cca90085', 'sha1': '3debb26b17b40c3faab2d00edde2a35c81afd70c', 'sha256': '377ed8515dc2235a57b842330889ba6d2c3e9ec6f82c5d99dbffa5d6bb4fb428'}, 'dob': {'date': '1976-12-18T21:25:56.188Z', 'age': 47}, 'registered': {'date': '2018-11-25T07:43:16.083Z', 'age': 5}, 'phone': '076 620 62 83', 'cell': '075 029 98 82', 'id': {'name': 'AVS', 'value': '756.4303.0400.90'}, 'picture': {'large': 'https://randomuser.me/api/portraits/men/75.jpg', 'medium': 'https://randomuser.me/api/portraits/med/men/75.jpg', 'thumbnail': 'https://randomuser.me/api/portraits/thumb/men/75.jpg'}, 'nat': 'CH'}</msg>
<arg>${json_data['results'][0]}</arg>
<doc>Logs the given message with the given level.</doc>
<status status="PASS" start="2024-07-07T06:20:28.868287" elapsed="0.000408"/>
</kw>
<kw name="Log" owner="BuiltIn">
<msg time="2024-07-07T06:20:28.869117" level="INFO">gender</msg>
<arg>${key}</arg>
<doc>Logs the given message with the given level.</doc>
<status status="PASS" start="2024-07-07T06:20:28.868990" elapsed="0.000175"/>
</kw>
<var name="${key}">gender</var>
<status status="PASS" start="2024-07-07T06:20:28.867578" elapsed="0.001801"/>
</iter>
<iter>
<kw name="Dictionary Should Contain Key" owner="Collections">
<arg>${json_data['results'][0]}</arg>
<arg>${key}</arg>
<doc>Fails if ``key`` is not found from ``dictionary``.</doc>
<status status="PASS" start="2024-07-07T06:20:28.869680" elapsed="0.000384"/>
</kw>
<kw name="Log" owner="BuiltIn">
<msg time="2024-07-07T06:20:28.870622" level="INFO">{'gender': 'male', 'name': {'title': 'Monsieur', 'first': 'Gerhard', 'last': 'Pierre'}, 'location': {'street': {'number': 5965, 'name': 'Rue Bossuet'}, 'city': 'Braunau', 'state': 'Vaud', 'country': 'Switzerland', 'postcode': 8330, 'coordinates': {'latitude': '-60.3730', 'longitude': '-64.3780'}, 'timezone': {'offset': '-8:00', 'description': 'Pacific Time (US &amp; Canada)'}}, 'email': 'gerhard.pierre@example.com', 'login': {'uuid': '5d2961e6-0fd2-4219-bafb-69dcd4a40a3d', 'username': 'yellowpeacock473', 'password': 'nice', 'salt': 'b01ilfJR', 'md5': 'b7c16bd94c1c5c41e9529dc1cca90085', 'sha1': '3debb26b17b40c3faab2d00edde2a35c81afd70c', 'sha256': '377ed8515dc2235a57b842330889ba6d2c3e9ec6f82c5d99dbffa5d6bb4fb428'}, 'dob': {'date': '1976-12-18T21:25:56.188Z', 'age': 47}, 'registered': {'date': '2018-11-25T07:43:16.083Z', 'age': 5}, 'phone': '076 620 62 83', 'cell': '075 029 98 82', 'id': {'name': 'AVS', 'value': '756.4303.0400.90'}, 'picture': {'large': 'https://randomuser.me/api/portraits/men/75.jpg', 'medium': 'https://randomuser.me/api/portraits/med/men/75.jpg', 'thumbnail': 'https://randomuser.me/api/portraits/thumb/men/75.jpg'}, 'nat': 'CH'}</msg>
<arg>${json_data['results'][0]}</arg>
<doc>Logs the given message with the given level.</doc>
<status status="PASS" start="2024-07-07T06:20:28.870246" elapsed="0.000457"/>
</kw>
<kw name="Log" owner="BuiltIn">
<msg time="2024-07-07T06:20:28.871127" level="INFO">name</msg>
<arg>${key}</arg>
<doc>Logs the given message with the given level.</doc>
<status status="PASS" start="2024-07-07T06:20:28.870999" elapsed="0.000166"/>
</kw>
<var name="${key}">name</var>
<status status="PASS" start="2024-07-07T06:20:28.869562" elapsed="0.001818"/>
</iter>
<iter>
<kw name="Dictionary Should Contain Key" owner="Collections">
<arg>${json_data['results'][0]}</arg>
<arg>${key}</arg>
<doc>Fails if ``key`` is not found from ``dictionary``.</doc>
<status status="PASS" start="2024-07-07T06:20:28.871664" elapsed="0.000408"/>
</kw>
<kw name="Log" owner="BuiltIn">
<msg time="2024-07-07T06:20:28.872612" level="INFO">{'gender': 'male', 'name': {'title': 'Monsieur', 'first': 'Gerhard', 'last': 'Pierre'}, 'location': {'street': {'number': 5965, 'name': 'Rue Bossuet'}, 'city': 'Braunau', 'state': 'Vaud', 'country': 'Switzerland', 'postcode': 8330, 'coordinates': {'latitude': '-60.3730', 'longitude': '-64.3780'}, 'timezone': {'offset': '-8:00', 'description': 'Pacific Time (US &amp; Canada)'}}, 'email': 'gerhard.pierre@example.com', 'login': {'uuid': '5d2961e6-0fd2-4219-bafb-69dcd4a40a3d', 'username': 'yellowpeacock473', 'password': 'nice', 'salt': 'b01ilfJR', 'md5': 'b7c16bd94c1c5c41e9529dc1cca90085', 'sha1': '3debb26b17b40c3faab2d00edde2a35c81afd70c', 'sha256': '377ed8515dc2235a57b842330889ba6d2c3e9ec6f82c5d99dbffa5d6bb4fb428'}, 'dob': {'date': '1976-12-18T21:25:56.188Z', 'age': 47}, 'registered': {'date': '2018-11-25T07:43:16.083Z', 'age': 5}, 'phone': '076 620 62 83', 'cell': '075 029 98 82', 'id': {'name': 'AVS', 'value': '756.4303.0400.90'}, 'picture': {'large': 'https://randomuser.me/api/portraits/men/75.jpg', 'medium': 'https://randomuser.me/api/portraits/med/men/75.jpg', 'thumbnail': 'https://randomuser.me/api/portraits/thumb/men/75.jpg'}, 'nat': 'CH'}</msg>
<arg>${json_data['results'][0]}</arg>
<doc>Logs the given message with the given level.</doc>
<status status="PASS" start="2024-07-07T06:20:28.872258" elapsed="0.000410"/>
</kw>
<kw name="Log" owner="BuiltIn">
<msg time="2024-07-07T06:20:28.873230" level="INFO">location</msg>
<arg>${key}</arg>
<doc>Logs the given message with the given level.</doc>
<status status="PASS" start="2024-07-07T06:20:28.873034" elapsed="0.000261"/>
</kw>
<var name="${key}">location</var>
<status status="PASS" start="2024-07-07T06:20:28.871558" elapsed="0.002029"/>
</iter>
<iter>
<kw name="Dictionary Should Contain Key" owner="Collections">
<arg>${json_data['results'][0]}</arg>
<arg>${key}</arg>
<doc>Fails if ``key`` is not found from ``dictionary``.</doc>
<status status="PASS" start="2024-07-07T06:20:28.873931" elapsed="0.000509"/>
</kw>
<kw name="Log" owner="BuiltIn">
<msg time="2024-07-07T06:20:28.875208" level="INFO">{'gender': 'male', 'name': {'title': 'Monsieur', 'first': 'Gerhard', 'last': 'Pierre'}, 'location': {'street': {'number': 5965, 'name': 'Rue Bossuet'}, 'city': 'Braunau', 'state': 'Vaud', 'country': 'Switzerland', 'postcode': 8330, 'coordinates': {'latitude': '-60.3730', 'longitude': '-64.3780'}, 'timezone': {'offset': '-8:00', 'description': 'Pacific Time (US &amp; Canada)'}}, 'email': 'gerhard.pierre@example.com', 'login': {'uuid': '5d2961e6-0fd2-4219-bafb-69dcd4a40a3d', 'username': 'yellowpeacock473', 'password': 'nice', 'salt': 'b01ilfJR', 'md5': 'b7c16bd94c1c5c41e9529dc1cca90085', 'sha1': '3debb26b17b40c3faab2d00edde2a35c81afd70c', 'sha256': '377ed8515dc2235a57b842330889ba6d2c3e9ec6f82c5d99dbffa5d6bb4fb428'}, 'dob': {'date': '1976-12-18T21:25:56.188Z', 'age': 47}, 'registered': {'date': '2018-11-25T07:43:16.083Z', 'age': 5}, 'phone': '076 620 62 83', 'cell': '075 029 98 82', 'id': {'name': 'AVS', 'value': '756.4303.0400.90'}, 'picture': {'large': 'https://randomuser.me/api/portraits/men/75.jpg', 'medium': 'https://randomuser.me/api/portraits/med/men/75.jpg', 'thumbnail': 'https://randomuser.me/api/portraits/thumb/men/75.jpg'}, 'nat': 'CH'}</msg>
<arg>${json_data['results'][0]}</arg>
<doc>Logs the given message with the given level.</doc>
<status status="PASS" start="2024-07-07T06:20:28.874720" elapsed="0.000557"/>
</kw>
<kw name="Log" owner="BuiltIn">
<msg time="2024-07-07T06:20:28.875806" level="INFO">email</msg>
<arg>${key}</arg>
<doc>Logs the given message with the given level.</doc>
<status status="PASS" start="2024-07-07T06:20:28.875651" elapsed="0.000203"/>
</kw>
<var name="${key}">email</var>
<status status="PASS" start="2024-07-07T06:20:28.873798" elapsed="0.002325"/>
</iter>
<iter>
<kw name="Dictionary Should Contain Key" owner="Collections">
<arg>${json_data['results'][0]}</arg>
<arg>${key}</arg>
<doc>Fails if ``key`` is not found from ``dictionary``.</doc>
<status status="PASS" start="2024-07-07T06:20:28.876402" elapsed="0.000401"/>
</kw>
<kw name="Log" owner="BuiltIn">
<msg time="2024-07-07T06:20:28.877333" level="INFO">{'gender': 'male', 'name': {'title': 'Monsieur', 'first': 'Gerhard', 'last': 'Pierre'}, 'location': {'street': {'number': 5965, 'name': 'Rue Bossuet'}, 'city': 'Braunau', 'state': 'Vaud', 'country': 'Switzerland', 'postcode': 8330, 'coordinates': {'latitude': '-60.3730', 'longitude': '-64.3780'}, 'timezone': {'offset': '-8:00', 'description': 'Pacific Time (US &amp; Canada)'}}, 'email': 'gerhard.pierre@example.com', 'login': {'uuid': '5d2961e6-0fd2-4219-bafb-69dcd4a40a3d', 'username': 'yellowpeacock473', 'password': 'nice', 'salt': 'b01ilfJR', 'md5': 'b7c16bd94c1c5c41e9529dc1cca90085', 'sha1': '3debb26b17b40c3faab2d00edde2a35c81afd70c', 'sha256': '377ed8515dc2235a57b842330889ba6d2c3e9ec6f82c5d99dbffa5d6bb4fb428'}, 'dob': {'date': '1976-12-18T21:25:56.188Z', 'age': 47}, 'registered': {'date': '2018-11-25T07:43:16.083Z', 'age': 5}, 'phone': '076 620 62 83', 'cell': '075 029 98 82', 'id': {'name': 'AVS', 'value': '756.4303.0400.90'}, 'picture': {'large': 'https://randomuser.me/api/portraits/men/75.jpg', 'medium': 'https://randomuser.me/api/portraits/med/men/75.jpg', 'thumbnail': 'https://randomuser.me/api/portraits/thumb/men/75.jpg'}, 'nat': 'CH'}</msg>
<arg>${json_data['results'][0]}</arg>
<doc>Logs the given message with the given level.</doc>
<status status="PASS" start="2024-07-07T06:20:28.876984" elapsed="0.000399"/>
</kw>
<kw name="Log" owner="BuiltIn">
<msg time="2024-07-07T06:20:28.877801" level="INFO">login</msg>
<arg>${key}</arg>
<doc>Logs the given message with the given level.</doc>
<status status="PASS" start="2024-07-07T06:20:28.877675" elapsed="0.000163"/>
</kw>
<var name="${key}">login</var>
<status status="PASS" start="2024-07-07T06:20:28.876295" elapsed="0.001759"/>
</iter>
<var>${key}</var>
<value>@{expected_keys}</value>
<status status="PASS" start="2024-07-07T06:20:28.867394" elapsed="0.010780"/>
</for>
<kw name="Create List" owner="BuiltIn">
<msg time="2024-07-07T06:20:28.878526" level="INFO">${expected_keysTwo} = ['username', 'password']</msg>
<var>${expected_keysTwo}</var>
<arg>username</arg>
<arg>password</arg>
<doc>Returns a list containing given items.</doc>
<status status="PASS" start="2024-07-07T06:20:28.878360" elapsed="0.000220"/>
</kw>
<for flavor="IN">
<iter>
<kw name="Dictionary Should Contain Key" owner="Collections">
<arg>${json_data['results'][0]['login']}</arg>
<arg>${keyTwo}</arg>
<doc>Fails if ``key`` is not found from ``dictionary``.</doc>
<status status="PASS" start="2024-07-07T06:20:28.879081" elapsed="0.000383"/>
</kw>
<kw name="Dictionary Should Contain Key" owner="Collections">
<arg>${json_data['results'][0]['login']}</arg>
<arg>${keyTwo}</arg>
<doc>Fails if ``key`` is not found from ``dictionary``.</doc>
<status status="PASS" start="2024-07-07T06:20:28.879644" elapsed="0.000366"/>
</kw>
<kw name="Log" owner="BuiltIn">
<msg time="2024-07-07T06:20:28.880312" level="INFO">username</msg>
<arg>${keyTwo}</arg>
<doc>Logs the given message with the given level.</doc>
<status status="PASS" start="2024-07-07T06:20:28.880189" elapsed="0.000160"/>
</kw>
<var name="${keyTwo}">username</var>
<status status="PASS" start="2024-07-07T06:20:28.878976" elapsed="0.001591"/>
</iter>
<iter>
<kw name="Dictionary Should Contain Key" owner="Collections">
<arg>${json_data['results'][0]['login']}</arg>
<arg>${keyTwo}</arg>
<doc>Fails if ``key`` is not found from ``dictionary``.</doc>
<status status="PASS" start="2024-07-07T06:20:28.880836" elapsed="0.000378"/>
</kw>
<kw name="Dictionary Should Contain Key" owner="Collections">
<arg>${json_data['results'][0]['login']}</arg>
<arg>${keyTwo}</arg>
<doc>Fails if ``key`` is not found from ``dictionary``.</doc>
<status status="PASS" start="2024-07-07T06:20:28.881389" elapsed="0.000358"/>
</kw>
<kw name="Log" owner="BuiltIn">
<msg time="2024-07-07T06:20:28.882039" level="INFO">password</msg>
<arg>${keyTwo}</arg>
<doc>Logs the given message with the given level.</doc>
<status status="PASS" start="2024-07-07T06:20:28.881920" elapsed="0.000162"/>
</kw>
<var name="${keyTwo}">password</var>
<status status="PASS" start="2024-07-07T06:20:28.880733" elapsed="0.001565"/>
</iter>
<var>${keyTwo}</var>
<value>@{expected_keysTwo}</value>
<status status="PASS" start="2024-07-07T06:20:28.878828" elapsed="0.003587"/>
</for>
<status status="PASS" start="2024-07-07T06:20:28.764910" elapsed="0.117682"/>
</kw>
<doc>Testa a estrutura da resposta da API.</doc>
<tag>testeEstruturaResposta</tag>
<status status="PASS" start="2024-07-07T06:20:28.764405" elapsed="0.118334"/>
</test>
<test id="s1-s1-t4" name="Validar tipos de dados" line="28">
<kw name="Teste de Tipos de Dados" owner="random-user-service">
<kw name="GET On Session" owner="RequestsLibrary">
<msg time="2024-07-07T06:20:28.954965" level="INFO">GET Request : url=https://randomuser.me/api 
 path_url=/api 
 headers={'User-Agent': 'python-requests/2.32.3', 'Accept-Encoding': 'gzip, deflate', 'Accept': '*/*', 'Connection': 'keep-alive'} 
 body=None 
 </msg>
<msg time="2024-07-07T06:20:28.955045" level="INFO">GET Response : url=https://randomuser.me/api 
 status=200, reason=OK 
 headers={'Date': 'Sun, 07 Jul 2024 06:20:28 GMT', 'Content-Type': 'application/json; charset=utf-8', 'Transfer-Encoding': 'chunked', 'Connection': 'keep-alive', 'X-Powered-By': 'Express', 'Access-Control-Allow-Origin': '*', 'Cache-Control': 'no-cache', 'ETag': 'W/"483-banNxD5jx3p+NxGQ28DvqXh0Nrk"', 'Vary': 'Accept-Encoding', 'Content-Encoding': 'gzip', 'CF-Cache-Status': 'DYNAMIC', 'Report-To': '{"endpoints":[{"url":"https:\\/\\/a.nel.cloudflare.com\\/report\\/v4?s=VsEGZIFF7Qa%2BR5%2B5c%2FqUmmIAURdDcpw%2FHTzGFRAT8ZAPNDxv0flyqNUIMrQtZy1zrapdsZYC57%2BLxnIM1mTHfIsDHMxNqll0W2zGGw8zn9kWWe32rpQXsMcGpMB4jWab"}],"group":"cf-nel","max_age":604800}', 'NEL': '{"success_fraction":0,"report_to":"cf-nel","max_age":604800}', 'Server': 'cloudflare', 'CF-RAY': '89f5ba988ac32222-ORD', 'alt-svc': 'h3=":443"; ma=86400'} 
 body={"results":[{"gender":"female","name":{"title":"Mrs","first":"Yasemin","last":"Solmaz"},"location":{"street":{"number":6783,"name":"Bağdat Cd"},"city":"Karabük","state":"Kütahya","country":"Turkey","postcode":84938,"coordinates":{"latitude":"65.1302","longitude":"123.4225"},"timezone":{"offset":"+2:00","description":"Kaliningrad, South Africa"}},"email":"yasemin.solmaz@example.com","login":{"uuid":"fb58adf8-dbc1-4fc0-9a17-e0a3dd8209b9","username":"heavytiger150","password":"abcdefgh","salt":"SVh7VdtP","md5":"437a7640972916b1ca0a804cf3f9eb0c","sha1":"a70cd065a04b082b3eb11843cb806da561f9ec7e","sha256":"94270a942f63435ba653ddac0a0550b96487b9f6db155646023262f55c17ab0a"},"dob":{"date":"1983-03-08T18:08:57.742Z","age":41},"registered":{"date":"2006-02-05T02:24:51.159Z","age":18},"phone":"(851)-066-5892","cell":"(477)-226-7803","id":{"name":"","value":null},"picture":{"large":"https://randomuser.me/api/portraits/women/80.jpg","medium":"https://randomuser.me/api/portraits/med/women/80.jpg","thumbnail":"https://randomuser.me/api/portraits/thumb/women/80.jpg"},"nat":"TR"}],"info":{"seed":"1aa464bf6f7ba070","results":1,"page":1,"version":"1.4"}} 
 </msg>
<msg time="2024-07-07T06:20:28.955120" level="INFO">/opt/hostedtoolcache/Python/3.12.4/x64/lib/python3.12/site-packages/urllib3/connectionpool.py:1099: InsecureRequestWarning: Unverified HTTPS request is being made to host 'randomuser.me'. Adding certificate verification is strongly advised. See: https://urllib3.readthedocs.io/en/latest/advanced-usage.html#tls-warnings
  warnings.warn(</msg>
<msg time="2024-07-07T06:20:28.955222" level="INFO">${response} = &lt;Response [200]&gt;</msg>
<var>${response}</var>
<arg>consultarAPI</arg>
<arg>/api</arg>
<doc>Sends a GET request on a previously created HTTP Session.</doc>
<status status="PASS" start="2024-07-07T06:20:28.885191" elapsed="0.070066"/>
</kw>
<kw name="Set Variable" owner="BuiltIn">
<msg time="2024-07-07T06:20:28.956169" level="INFO">${json_data} = {'results': [{'gender': 'female', 'name': {'title': 'Mrs', 'first': 'Yasemin', 'last': 'Solmaz'}, 'location': {'street': {'number': 6783, 'name': 'Bağdat Cd'}, 'city': 'Karabük', 'state': 'Kütahya', '...</msg>
<var>${json_data}</var>
<arg>${response.json()}</arg>
<doc>Returns the given values which can then be assigned to a variables.</doc>
<status status="PASS" start="2024-07-07T06:20:28.955711" elapsed="0.000488"/>
</kw>
<kw name="Log" owner="BuiltIn">
<msg time="2024-07-07T06:20:28.956664" level="INFO">{'results': [{'gender': 'female', 'name': {'title': 'Mrs', 'first': 'Yasemin', 'last': 'Solmaz'}, 'location': {'street': {'number': 6783, 'name': 'Bağdat Cd'}, 'city': 'Karabük', 'state': 'Kütahya', 'country': 'Turkey', 'postcode': 84938, 'coordinates': {'latitude': '65.1302', 'longitude': '123.4225'}, 'timezone': {'offset': '+2:00', 'description': 'Kaliningrad, South Africa'}}, 'email': 'yasemin.solmaz@example.com', 'login': {'uuid': 'fb58adf8-dbc1-4fc0-9a17-e0a3dd8209b9', 'username': 'heavytiger150', 'password': 'abcdefgh', 'salt': 'SVh7VdtP', 'md5': '437a7640972916b1ca0a804cf3f9eb0c', 'sha1': 'a70cd065a04b082b3eb11843cb806da561f9ec7e', 'sha256': '94270a942f63435ba653ddac0a0550b96487b9f6db155646023262f55c17ab0a'}, 'dob': {'date': '1983-03-08T18:08:57.742Z', 'age': 41}, 'registered': {'date': '2006-02-05T02:24:51.159Z', 'age': 18}, 'phone': '(851)-066-5892', 'cell': '(477)-226-7803', 'id': {'name': '', 'value': None}, 'picture': {'large': 'https://randomuser.me/api/portraits/women/80.jpg', 'medium': 'https://randomuser.me/api/portraits/med/women/80.jpg', 'thumbnail': 'https://randomuser.me/api/portraits/thumb/women/80.jpg'}, 'nat': 'TR'}], 'info': {'seed': '1aa464bf6f7ba070', 'results': 1, 'page': 1, 'version': '1.4'}}</msg>
<arg>${json_data}</arg>
<doc>Logs the given message with the given level.</doc>
<status status="PASS" start="2024-07-07T06:20:28.956509" elapsed="0.000205"/>
</kw>
<kw name="Should Be String" owner="String">
<arg>${json_data['results'][0]['gender']}</arg>
<doc>Fails if the given ``item`` is not a string.</doc>
<status status="PASS" start="2024-07-07T06:20:28.957004" elapsed="0.000363"/>
</kw>
<kw name="Should Match Regexp" owner="BuiltIn">
<arg>${json_data['results'][0]['email']}</arg>
<arg>^[a-zA-Z0-9._%+-]+@[a-zA-Z0-9.-]+\.[a-zA-Z]{2,}$</arg>
<doc>Fails if ``string`` does not match ``pattern`` as a regular expression.</doc>
<status status="PASS" start="2024-07-07T06:20:28.957553" elapsed="0.000518"/>
</kw>
<kw name="Should Match Regexp" owner="BuiltIn">
<arg>${json_data['results'][0]['dob']['date']}</arg>
<arg>\\d{4}-\\d{2}-\\d{2}T\\d{2}:\\d{2}:\\d{2}\\.\\d{3}Z</arg>
<doc>Fails if ``string`` does not match ``pattern`` as a regular expression.</doc>
<status status="PASS" start="2024-07-07T06:20:28.958297" elapsed="0.000529"/>
</kw>
<kw name="Should Match Regexp" owner="BuiltIn">
<arg>${json_data['results'][0]['registered']['date']}</arg>
<arg>\\d{4}-\\d{2}-\\d{2}T\\d{2}:\\d{2}:\\d{2}\\.\\d{3}Z</arg>
<doc>Fails if ``string`` does not match ``pattern`` as a regular expression.</doc>
<status status="PASS" start="2024-07-07T06:20:28.959017" elapsed="0.000363"/>
</kw>
<kw name="Should Match Regexp" owner="BuiltIn">
<arg>${json_data['results'][0]['picture']['large']}</arg>
<arg>^https?://.*\.(?:png|jpe?g|gif|bmp)$</arg>
<doc>Fails if ``string`` does not match ``pattern`` as a regular expression.</doc>
<status status="PASS" start="2024-07-07T06:20:28.959562" elapsed="0.000451"/>
</kw>
<kw name="Should Match Regexp" owner="BuiltIn">
<arg>${json_data['results'][0]['picture']['medium']}</arg>
<arg>^https?://.*\.(?:png|jpe?g|gif|bmp)$</arg>
<doc>Fails if ``string`` does not match ``pattern`` as a regular expression.</doc>
<status status="PASS" start="2024-07-07T06:20:28.960197" elapsed="0.000348"/>
</kw>
<kw name="Should Match Regexp" owner="BuiltIn">
<arg>${json_data['results'][0]['picture']['thumbnail']}</arg>
<arg>^https?://.*\.(?:png|jpe?g|gif|bmp)$</arg>
<doc>Fails if ``string`` does not match ``pattern`` as a regular expression.</doc>
<status status="PASS" start="2024-07-07T06:20:28.960725" elapsed="0.000354"/>
</kw>
<kw name="Log" owner="BuiltIn">
<msg time="2024-07-07T06:20:28.961587" level="INFO">{'large': 'https://randomuser.me/api/portraits/women/80.jpg', 'medium': 'https://randomuser.me/api/portraits/med/women/80.jpg', 'thumbnail': 'https://randomuser.me/api/portraits/thumb/women/80.jpg'}</msg>
<arg>${json_data['results'][0]['picture']}</arg>
<doc>Logs the given message with the given level.</doc>
<status status="PASS" start="2024-07-07T06:20:28.961259" elapsed="0.000372"/>
</kw>
<status status="PASS" start="2024-07-07T06:20:28.884970" elapsed="0.076921"/>
</kw>
<kw name="Teste de Tipos de Dados - Postcode" owner="random-user-service">
<kw name="GET On Session" owner="RequestsLibrary">
<msg time="2024-07-07T06:20:29.057194" level="INFO">GET Request : url=https://randomuser.me/api 
 path_url=/api 
 headers={'User-Agent': 'python-requests/2.32.3', 'Accept-Encoding': 'gzip, deflate', 'Accept': '*/*', 'Connection': 'keep-alive'} 
 body=None 
 </msg>
<msg time="2024-07-07T06:20:29.057273" level="INFO">GET Response : url=https://randomuser.me/api 
 status=200, reason=OK 
 headers={'Date': 'Sun, 07 Jul 2024 06:20:29 GMT', 'Content-Type': 'application/json; charset=utf-8', 'Transfer-Encoding': 'chunked', 'Connection': 'keep-alive', 'X-Powered-By': 'Express', 'Access-Control-Allow-Origin': '*', 'Cache-Control': 'no-cache', 'ETag': 'W/"48a-kronMqtFZNYeFc5TK8FFRRbRX3s"', 'Vary': 'Accept-Encoding', 'Content-Encoding': 'gzip', 'CF-Cache-Status': 'DYNAMIC', 'Report-To': '{"endpoints":[{"url":"https:\\/\\/a.nel.cloudflare.com\\/report\\/v4?s=JfpeaWTVAF6SKIYlSI0BApoUva4gDGYe7agbHEBuWG56CmX1unBXOFxuRhJPjTzqveGVXxWNk2C5hvY%2BxWEE68rmPNO3selzdP4HLOOUa7uRI%2BjFZP1DSKVDKmg0bZuT"}],"group":"cf-nel","max_age":604800}', 'NEL': '{"success_fraction":0,"report_to":"cf-nel","max_age":604800}', 'Server': 'cloudflare', 'CF-RAY': '89f5ba990b2f2222-ORD', 'alt-svc': 'h3=":443"; ma=86400'} 
 body={"results":[{"gender":"male","name":{"title":"Mr","first":"Toivo","last":"Nevala"},"location":{"street":{"number":4896,"name":"Pyynikintie"},"city":"Tohmajärvi","state":"South Karelia","country":"Finland","postcode":84728,"coordinates":{"latitude":"-21.8249","longitude":"-144.7877"},"timezone":{"offset":"-11:00","description":"Midway Island, Samoa"}},"email":"toivo.nevala@example.com","login":{"uuid":"d9079ebd-0467-47f0-b65e-b42a5881337a","username":"goldentiger746","password":"heidi","salt":"asyBB9bS","md5":"b03e3caba8366539cb4e312bcde532c1","sha1":"1e312264cd333c13b247c4fffb546381e95d8411","sha256":"02f458287ec22263252080724d93fa8dfb4376a047440c58ca1fb288f6b40342"},"dob":{"date":"1960-09-13T11:47:34.133Z","age":63},"registered":{"date":"2005-10-24T11:28:31.772Z","age":18},"phone":"04-551-224","cell":"046-529-46-84","id":{"name":"HETU","value":"NaNNA649undefined"},"picture":{"large":"https://randomuser.me/api/portraits/men/65.jpg","medium":"https://randomuser.me/api/portraits/med/men/65.jpg","thumbnail":"https://randomuser.me/api/portraits/thumb/men/65.jpg"},"nat":"FI"}],"info":{"seed":"10c73fddb605c2fb","results":1,"page":1,"version":"1.4"}} 
 </msg>
<msg time="2024-07-07T06:20:29.057346" level="INFO">/opt/hostedtoolcache/Python/3.12.4/x64/lib/python3.12/site-packages/urllib3/connectionpool.py:1099: InsecureRequestWarning: Unverified HTTPS request is being made to host 'randomuser.me'. Adding certificate verification is strongly advised. See: https://urllib3.readthedocs.io/en/latest/advanced-usage.html#tls-warnings
  warnings.warn(</msg>
<msg time="2024-07-07T06:20:29.057447" level="INFO">${response} = &lt;Response [200]&gt;</msg>
<var>${response}</var>
<arg>consultarAPI</arg>
<arg>/api</arg>
<doc>Sends a GET request on a previously created HTTP Session.</doc>
<status status="PASS" start="2024-07-07T06:20:28.962317" elapsed="0.095166"/>
</kw>
<kw name="Set Variable" owner="BuiltIn">
<msg time="2024-07-07T06:20:29.058362" level="INFO">${json_data} = {'results': [{'gender': 'male', 'name': {'title': 'Mr', 'first': 'Toivo', 'last': 'Nevala'}, 'location': {'street': {'number': 4896, 'name': 'Pyynikintie'}, 'city': 'Tohmajärvi', 'state': 'South Karel...</msg>
<var>${json_data}</var>
<arg>${response.json()}</arg>
<doc>Returns the given values which can then be assigned to a variables.</doc>
<status status="PASS" start="2024-07-07T06:20:29.057903" elapsed="0.000488"/>
</kw>
<kw name="Log" owner="BuiltIn">
<msg time="2024-07-07T06:20:29.058916" level="INFO">{'results': [{'gender': 'male', 'name': {'title': 'Mr', 'first': 'Toivo', 'last': 'Nevala'}, 'location': {'street': {'number': 4896, 'name': 'Pyynikintie'}, 'city': 'Tohmajärvi', 'state': 'South Karelia', 'country': 'Finland', 'postcode': 84728, 'coordinates': {'latitude': '-21.8249', 'longitude': '-144.7877'}, 'timezone': {'offset': '-11:00', 'description': 'Midway Island, Samoa'}}, 'email': 'toivo.nevala@example.com', 'login': {'uuid': 'd9079ebd-0467-47f0-b65e-b42a5881337a', 'username': 'goldentiger746', 'password': 'heidi', 'salt': 'asyBB9bS', 'md5': 'b03e3caba8366539cb4e312bcde532c1', 'sha1': '1e312264cd333c13b247c4fffb546381e95d8411', 'sha256': '02f458287ec22263252080724d93fa8dfb4376a047440c58ca1fb288f6b40342'}, 'dob': {'date': '1960-09-13T11:47:34.133Z', 'age': 63}, 'registered': {'date': '2005-10-24T11:28:31.772Z', 'age': 18}, 'phone': '04-551-224', 'cell': '046-529-46-84', 'id': {'name': 'HETU', 'value': 'NaNNA649undefined'}, 'picture': {'large': 'https://randomuser.me/api/portraits/men/65.jpg', 'medium': 'https://randomuser.me/api/portraits/med/men/65.jpg', 'thumbnail': 'https://randomuser.me/api/portraits/thumb/men/65.jpg'}, 'nat': 'FI'}], 'info': {'seed': '10c73fddb605c2fb', 'results': 1, 'page': 1, 'version': '1.4'}}</msg>
<arg>${json_data}</arg>
<doc>Logs the given message with the given level.</doc>
<status status="PASS" start="2024-07-07T06:20:29.058756" elapsed="0.000208"/>
</kw>
<kw name="Should Be Equal As Numbers" owner="BuiltIn">
<arg>${json_data['results'][0]['location']['postcode']}</arg>
<arg>${json_data['results'][0]['location']['postcode']}</arg>
<doc>Fails if objects are unequal after converting them to real numbers.</doc>
<status status="PASS" start="2024-07-07T06:20:29.059253" elapsed="0.000620"/>
</kw>
<kw name="Log" owner="BuiltIn">
<msg time="2024-07-07T06:20:29.060394" level="INFO">84728</msg>
<arg>${json_data['results'][0]['location']['postcode']}</arg>
<doc>Logs the given message with the given level.</doc>
<status status="PASS" start="2024-07-07T06:20:29.060061" elapsed="0.000374"/>
</kw>
<status status="PASS" start="2024-07-07T06:20:28.962100" elapsed="0.098610"/>
</kw>
<doc>Testa se os tipos de dados na resposta da API estão corretos.</doc>
<tag>testeTiposDados</tag>
<status status="PASS" start="2024-07-07T06:20:28.884450" elapsed="0.176418"/>
</test>
<test id="s1-s1-t5" name="Validar conteudo" line="35">
<kw name="Teste de Tipos de Conteudo" owner="random-user-service">
<kw name="GET On Session" owner="RequestsLibrary">
<msg time="2024-07-07T06:20:29.163861" level="INFO">GET Request : url=https://randomuser.me/api 
 path_url=/api 
 headers={'User-Agent': 'python-requests/2.32.3', 'Accept-Encoding': 'gzip, deflate', 'Accept': '*/*', 'Connection': 'keep-alive'} 
 body=None 
 </msg>
<msg time="2024-07-07T06:20:29.163927" level="INFO">GET Response : url=https://randomuser.me/api 
 status=200, reason=OK 
 headers={'Date': 'Sun, 07 Jul 2024 06:20:29 GMT', 'Content-Type': 'application/json; charset=utf-8', 'Transfer-Encoding': 'chunked', 'Connection': 'keep-alive', 'X-Powered-By': 'Express', 'Access-Control-Allow-Origin': '*', 'Cache-Control': 'no-cache', 'ETag': 'W/"49e-D9Gi/z9BYNcDy6gCogcrUy9m/34"', 'Vary': 'Accept-Encoding', 'Content-Encoding': 'gzip', 'CF-Cache-Status': 'DYNAMIC', 'Report-To': '{"endpoints":[{"url":"https:\\/\\/a.nel.cloudflare.com\\/report\\/v4?s=YfU0MjU39Cx7wACI9haoii8vcg3DYqi2COWIW8oIY3OrTnbx7O18nA76ELwAzi2HnTwG6VQs8UvPz2rfOou6kOdC2mJDcr3%2BmfaDCCrjpTaTFzAd3mYpADuviCDIb2zH"}],"group":"cf-nel","max_age":604800}', 'NEL': '{"success_fraction":0,"report_to":"cf-nel","max_age":604800}', 'Server': 'cloudflare', 'CF-RAY': '89f5ba99abb92222-ORD', 'alt-svc': 'h3=":443"; ma=86400'} 
 body={"results":[{"gender":"female","name":{"title":"Miss","first":"Claire","last":"George"},"location":{"street":{"number":213,"name":"Blossom Hill Rd"},"city":"Wollongong","state":"South Australia","country":"Australia","postcode":6233,"coordinates":{"latitude":"-82.2470","longitude":"173.1107"},"timezone":{"offset":"+1:00","description":"Brussels, Copenhagen, Madrid, Paris"}},"email":"claire.george@example.com","login":{"uuid":"343700f8-d2dc-432d-8fcf-957fbc4fd5fc","username":"yellowlion429","password":"saint","salt":"k1Xmi1F0","md5":"b1eb5558ea4bfea1af5ec8745b55b524","sha1":"cba057b2a90e118aed559ae1558c2d697ca5c366","sha256":"7332e93352fd0561c708c965a16145af384618bfb9fb6800334d6007eb4935d4"},"dob":{"date":"1972-07-10T12:40:54.118Z","age":51},"registered":{"date":"2021-03-28T03:44:57.086Z","age":3},"phone":"07-2983-9820","cell":"0423-730-778","id":{"name":"TFN","value":"995069642"},"picture":{"large":"https://randomuser.me/api/portraits/women/68.jpg","medium":"https://randomuser.me/api/portraits/med/women/68.jpg","thumbnail":"https://randomuser.me/api/portraits/thumb/women/68.jpg"},"nat":"AU"}],"info":{"seed":"f4c01ce72e3e4e5a","results":1,"page":1,"version":"1.4"}} 
 </msg>
<msg time="2024-07-07T06:20:29.164002" level="INFO">/opt/hostedtoolcache/Python/3.12.4/x64/lib/python3.12/site-packages/urllib3/connectionpool.py:1099: InsecureRequestWarning: Unverified HTTPS request is being made to host 'randomuser.me'. Adding certificate verification is strongly advised. See: https://urllib3.readthedocs.io/en/latest/advanced-usage.html#tls-warnings
  warnings.warn(</msg>
<msg time="2024-07-07T06:20:29.164091" level="INFO">${response} = &lt;Response [200]&gt;</msg>
<var>${response}</var>
<arg>consultarAPI</arg>
<arg>/api</arg>
<doc>Sends a GET request on a previously created HTTP Session.</doc>
<status status="PASS" start="2024-07-07T06:20:29.063393" elapsed="0.100730"/>
</kw>
<kw name="Set Variable" owner="BuiltIn">
<msg time="2024-07-07T06:20:29.164971" level="INFO">${json_data} = {'results': [{'gender': 'female', 'name': {'title': 'Miss', 'first': 'Claire', 'last': 'George'}, 'location': {'street': {'number': 213, 'name': 'Blossom Hill Rd'}, 'city': 'Wollongong', 'state': 'Sou...</msg>
<var>${json_data}</var>
<arg>${response.json()}</arg>
<doc>Returns the given values which can then be assigned to a variables.</doc>
<status status="PASS" start="2024-07-07T06:20:29.164518" elapsed="0.000483"/>
</kw>
<kw name="Set Variable" owner="BuiltIn">
<msg time="2024-07-07T06:20:29.165674" level="INFO">${name_title} = Miss</msg>
<var>${name_title}</var>
<arg>${json_data["results"][0]["name"]["title"]}</arg>
<doc>Returns the given values which can then be assigned to a variables.</doc>
<status status="PASS" start="2024-07-07T06:20:29.165298" elapsed="0.000401"/>
</kw>
<kw name="Create List" owner="BuiltIn">
<msg time="2024-07-07T06:20:29.166151" level="INFO">${allowed_titles} = ['Mr', 'Ms', 'Miss', 'Mrs', 'Madame', 'Monsieur']</msg>
<var>${allowed_titles}</var>
<arg>Mr</arg>
<arg>Ms</arg>
<arg>Miss</arg>
<arg>Mrs</arg>
<arg>Madame</arg>
<arg>Monsieur</arg>
<doc>Returns a list containing given items.</doc>
<status status="PASS" start="2024-07-07T06:20:29.165993" elapsed="0.000182"/>
</kw>
<kw name="List Should Contain Value" owner="Collections">
<arg>${allowed_titles}</arg>
<arg>${name_title}</arg>
<doc>Fails if the ``value`` is not found from ``list``.</doc>
<status status="PASS" start="2024-07-07T06:20:29.166498" elapsed="0.000185"/>
</kw>
<kw name="Set Variable" owner="BuiltIn">
<msg time="2024-07-07T06:20:29.167236" level="INFO">${name_country} = AU</msg>
<var>${name_country}</var>
<arg>${json_data["results"][0]["nat"]}</arg>
<doc>Returns the given values which can then be assigned to a variables.</doc>
<status status="PASS" start="2024-07-07T06:20:29.166863" elapsed="0.000398"/>
</kw>
<kw name="Create List" owner="BuiltIn">
<msg time="2024-07-07T06:20:29.168147" level="INFO">${list_country} = ['AD', 'AE', 'AF', 'AG', 'AI', 'AL', 'AM', 'AO', 'AQ', 'AR', 'AS', 'AT', 'AU', 'AW', 'AX', 'AZ', 'BA', 'BB', 'BD', 'BE', 'BF', 'BG', 'BH', 'BI', 'BJ', 'BL', 'BM', 'BN', 'BO', 'BQ', 'BR', 'BS', 'BT', '...</msg>
<var>${list_country}</var>
<arg>AD</arg>
<arg>AE</arg>
<arg>AF</arg>
<arg>AG</arg>
<arg>AI</arg>
<arg>AL</arg>
<arg>AM</arg>
<arg>AO</arg>
<arg>AQ</arg>
<arg>AR</arg>
<arg>AS</arg>
<arg>AT</arg>
<arg>AU</arg>
<arg>AW</arg>
<arg>AX</arg>
<arg>AZ</arg>
<arg>BA</arg>
<arg>BB</arg>
<arg>BD</arg>
<arg>BE</arg>
<arg>BF</arg>
<arg>BG</arg>
<arg>BH</arg>
<arg>BI</arg>
<arg>BJ</arg>
<arg>BL</arg>
<arg>BM</arg>
<arg>BN</arg>
<arg>BO</arg>
<arg>BQ</arg>
<arg>BR</arg>
<arg>BS</arg>
<arg>BT</arg>
<arg>BV</arg>
<arg>BW</arg>
<arg>BY</arg>
<arg>BZ</arg>
<arg>CA</arg>
<arg>CC</arg>
<arg>CD</arg>
<arg>CF</arg>
<arg>CG</arg>
<arg>CH</arg>
<arg>CI</arg>
<arg>CK</arg>
<arg>CL</arg>
<arg>CM</arg>
<arg>CN</arg>
<arg>CO</arg>
<arg>CR</arg>
<arg>CU</arg>
<arg>CV</arg>
<arg>CW</arg>
<arg>CX</arg>
<arg>CY</arg>
<arg>CZ</arg>
<arg>DE</arg>
<arg>DJ</arg>
<arg>DK</arg>
<arg>DM</arg>
<arg>DO</arg>
<arg>DZ</arg>
<arg>EC</arg>
<arg>EE</arg>
<arg>EG</arg>
<arg>EH</arg>
<arg>ER</arg>
<arg>ES</arg>
<arg>ET</arg>
<arg>FI</arg>
<arg>FJ</arg>
<arg>FK</arg>
<arg>FM</arg>
<arg>FO</arg>
<arg>FR</arg>
<arg>GA</arg>
<arg>GB</arg>
<arg>GD</arg>
<arg>GE</arg>
<arg>GF</arg>
<arg>GG</arg>
<arg>GH</arg>
<arg>GI</arg>
<arg>GL</arg>
<arg>GM</arg>
<arg>GN</arg>
<arg>GP</arg>
<arg>GQ</arg>
<arg>GR</arg>
<arg>GS</arg>
<arg>GT</arg>
<arg>GU</arg>
<arg>GW</arg>
<arg>GY</arg>
<arg>HK</arg>
<arg>HM</arg>
<arg>HN</arg>
<arg>HR</arg>
<arg>HT</arg>
<arg>HU</arg>
<arg>ID</arg>
<arg>IE</arg>
<arg>IL</arg>
<arg>IM</arg>
<arg>IN</arg>
<arg>IO</arg>
<arg>IQ</arg>
<arg>IR</arg>
<arg>IS</arg>
<arg>IT</arg>
<arg>JE</arg>
<arg>JM</arg>
<arg>JO</arg>
<arg>JP</arg>
<arg>KE</arg>
<arg>KG</arg>
<arg>KH</arg>
<arg>KI</arg>
<arg>KM</arg>
<arg>KN</arg>
<arg>KP</arg>
<arg>KR</arg>
<arg>KW</arg>
<arg>KY</arg>
<arg>KZ</arg>
<arg>LA</arg>
<arg>LB</arg>
<arg>LC</arg>
<arg>LI</arg>
<arg>LK</arg>
<arg>LR</arg>
<arg>LS</arg>
<arg>LT</arg>
<arg>LU</arg>
<arg>LV</arg>
<arg>LY</arg>
<arg>MA</arg>
<arg>MC</arg>
<arg>MD</arg>
<arg>ME</arg>
<arg>MF</arg>
<arg>MG</arg>
<arg>MH</arg>
<arg>MK</arg>
<arg>ML</arg>
<arg>MM</arg>
<arg>MN</arg>
<arg>MO</arg>
<arg>MP</arg>
<arg>MQ</arg>
<arg>MR</arg>
<arg>MS</arg>
<arg>MT</arg>
<arg>MU</arg>
<arg>MV</arg>
<arg>MW</arg>
<arg>MX</arg>
<arg>MY</arg>
<arg>MZ</arg>
<arg>NA</arg>
<arg>NC</arg>
<arg>NE</arg>
<arg>NF</arg>
<arg>NG</arg>
<arg>NI</arg>
<arg>NL</arg>
<arg>NO</arg>
<arg>NP</arg>
<arg>NR</arg>
<arg>NU</arg>
<arg>NZ</arg>
<arg>OM</arg>
<arg>PA</arg>
<arg>PE</arg>
<arg>PF</arg>
<arg>PG</arg>
<arg>PH</arg>
<arg>PK</arg>
<arg>PL</arg>
<arg>PM</arg>
<arg>PN</arg>
<arg>PR</arg>
<arg>PS</arg>
<arg>PT</arg>
<arg>PW</arg>
<arg>PY</arg>
<arg>QA</arg>
<arg>RE</arg>
<arg>RO</arg>
<arg>RS</arg>
<arg>RU</arg>
<arg>RW</arg>
<arg>SA</arg>
<arg>SB</arg>
<arg>SC</arg>
<arg>SD</arg>
<arg>SE</arg>
<arg>SG</arg>
<arg>SH</arg>
<arg>SI</arg>
<arg>SJ</arg>
<arg>SK</arg>
<arg>SL</arg>
<arg>SM</arg>
<arg>SN</arg>
<arg>SO</arg>
<arg>SR</arg>
<arg>SS</arg>
<arg>ST</arg>
<arg>SV</arg>
<arg>SX</arg>
<arg>SY</arg>
<arg>SZ</arg>
<arg>TC</arg>
<arg>TD</arg>
<arg>TF</arg>
<arg>TG</arg>
<arg>TH</arg>
<arg>TJ</arg>
<arg>TK</arg>
<arg>TL</arg>
<arg>TM</arg>
<arg>TN</arg>
<arg>TO</arg>
<arg>TR</arg>
<arg>TT</arg>
<arg>TV</arg>
<arg>TW</arg>
<arg>TZ</arg>
<arg>UA</arg>
<arg>UG</arg>
<arg>UM</arg>
<arg>US</arg>
<arg>UY</arg>
<arg>UZ</arg>
<arg>VA</arg>
<arg>VC</arg>
<arg>VE</arg>
<arg>VG</arg>
<arg>VI</arg>
<arg>VN</arg>
<arg>VU</arg>
<arg>WF</arg>
<arg>WS</arg>
<arg>XK</arg>
<arg>YE</arg>
<arg>YT</arg>
<arg>ZA</arg>
<arg>ZM</arg>
<arg>ZW</arg>
<doc>Returns a list containing given items.</doc>
<status status="PASS" start="2024-07-07T06:20:29.167552" elapsed="0.000620"/>
</kw>
<kw name="List Should Contain Value" owner="Collections">
<arg>${list_country}</arg>
<arg>${name_country}</arg>
<doc>Fails if the ``value`` is not found from ``list``.</doc>
<status status="PASS" start="2024-07-07T06:20:29.168959" elapsed="0.000201"/>
</kw>
<kw name="Run Keyword If" owner="BuiltIn">
<kw name="Should Be True" owner="BuiltIn">
<arg>${True}</arg>
<doc>Fails if the given condition is not true.</doc>
<status status="PASS" start="2024-07-07T06:20:29.170086" elapsed="0.000143"/>
</kw>
<arg>${json_data["results"][0]["location"]["coordinates"]["latitude"]} &gt;= -90 and ${json_data["results"][0]["location"]["coordinates"]["latitude"]} &lt;= 90</arg>
<arg>Should Be True</arg>
<arg>${True}</arg>
<doc>Runs the given keyword with the given arguments, if ``condition`` is true.</doc>
<status status="PASS" start="2024-07-07T06:20:29.169355" elapsed="0.001000"/>
</kw>
<kw name="Run Keyword If" owner="BuiltIn">
<kw name="Should Be True" owner="BuiltIn">
<arg>${True}</arg>
<doc>Fails if the given condition is not true.</doc>
<status status="PASS" start="2024-07-07T06:20:29.171477" elapsed="0.000149"/>
</kw>
<arg>${json_data["results"][0]["location"]["coordinates"]["longitude"]} &gt;= -180 and ${json_data["results"][0]["location"]["coordinates"]["longitude"]} &lt;= 180</arg>
<arg>Should Be True</arg>
<arg>${True}</arg>
<doc>Runs the given keyword with the given arguments, if ``condition`` is true.</doc>
<status status="PASS" start="2024-07-07T06:20:29.170596" elapsed="0.001154"/>
</kw>
<status status="PASS" start="2024-07-07T06:20:29.063047" elapsed="0.108832"/>
</kw>
<doc>Testa o conteúdo específico dos campos retornados pela API.</doc>
<tag>testeConteudo</tag>
<status status="PASS" start="2024-07-07T06:20:29.062618" elapsed="0.109405"/>
</test>
<status status="PASS" start="2024-07-07T06:20:28.084318" elapsed="1.089619"/>
</suite>
<status status="PASS" start="2024-07-07T06:20:28.069925" elapsed="1.109137"/>
</suite>
<statistics>
<total>
<stat pass="5" fail="0" skip="0">All Tests</stat>
</total>
<tag>
<stat pass="1" fail="0" skip="0">testeConteudo</stat>
<stat pass="1" fail="0" skip="0">testeEstruturaResposta</stat>
<stat pass="1" fail="0" skip="0">testeRequisicaoBasica</stat>
<stat pass="1" fail="0" skip="0">testeTiposDados</stat>
</tag>
<suite>
<stat pass="5" fail="0" skip="0" id="s1" name="Tests">Tests</stat>
<stat pass="5" fail="0" skip="0" id="s1-s1" name="Random-User-Test">Tests.Random-User-Test</stat>
</suite>
</statistics>
<errors>
</errors>
</robot>
