<?xml version="1.0" encoding="UTF-8"?>
<robot generator="Robot 7.0.1 (Python 3.12.4 on linux)" generated="2024-08-05T20:15:55.327816" rpa="false" schemaversion="5">
<suite id="s1" name="Tests" source="/home/runner/work/ApiRandomUser/ApiRandomUser/RamdonUser/tests">
<suite id="s1-s1" name="Random-User-Test" source="/home/runner/work/ApiRandomUser/ApiRandomUser/RamdonUser/tests/random-user-test.robot">
<test id="s1-s1-t1" name="Conectar" line="13">
<kw name="Conectar API" owner="random-user-service">
<kw name="Create Session" owner="RequestsLibrary">
<msg time="2024-08-05T20:15:55.726163" level="INFO">Creating Session using : alias=consultarAPI, url=https://randomuser.me/, headers={},                     cookies={}, auth=None, timeout=None, proxies=None, verify=False,                     debug=0 </msg>
<arg>consultarAPI</arg>
<arg>${URL}</arg>
<doc>Create Session: create a HTTP session to a server</doc>
<status status="PASS" start="2024-08-05T20:15:55.725963" elapsed="0.000382"/>
</kw>
<status status="PASS" start="2024-08-05T20:15:55.724926" elapsed="0.001780"/>
</kw>
<status status="PASS" start="2024-08-05T20:15:55.724371" elapsed="0.002529"/>
</test>
<test id="s1-s1-t2" name="Validar retorno 200 e JSON Válido" line="16">
<kw name="Teste de Requisicao Basica" owner="random-user-service">
<kw name="GET On Session" owner="RequestsLibrary">
<msg time="2024-08-05T20:15:55.956030" level="INFO">GET Request : url=https://randomuser.me/api 
 path_url=/api 
 headers={'User-Agent': 'python-requests/2.32.3', 'Accept-Encoding': 'gzip, deflate', 'Accept': '*/*', 'Connection': 'keep-alive'} 
 body=None 
 </msg>
<msg time="2024-08-05T20:15:55.956193" level="INFO">GET Response : url=https://randomuser.me/api 
 status=200, reason=OK 
 headers={'Date': 'Mon, 05 Aug 2024 20:15:55 GMT', 'Content-Type': 'application/json; charset=utf-8', 'Transfer-Encoding': 'chunked', 'Connection': 'keep-alive', 'X-Powered-By': 'Express', 'Access-Control-Allow-Origin': '*', 'Cache-Control': 'no-cache', 'ETag': 'W/"482-I3mdeKx9IzSUBlmn1nvGB9DpAZY"', 'Vary': 'Accept-Encoding', 'Content-Encoding': 'gzip', 'CF-Cache-Status': 'DYNAMIC', 'Report-To': '{"endpoints":[{"url":"https:\\/\\/a.nel.cloudflare.com\\/report\\/v4?s=QIyJVBLga1o1dBo2ZcPwDspgjIk4g%2FhMXtv9hDvl4Xpp2eDXIosW1QwWruxEPTQ2D1WP5HaS%2BLPcwdjhvp4C6kbHViP1pMCiBzWyZOJpRGyWuchRdhVwfL%2FosC6zuY5h"}],"group":"cf-nel","max_age":604800}', 'NEL': '{"success_fraction":0,"report_to":"cf-nel","max_age":604800}', 'Server': 'cloudflare', 'CF-RAY': '8ae97646895b82ed-IAD', 'alt-svc': 'h3=":443"; ma=86400'} 
 body={"results":[{"gender":"female","name":{"title":"Miss","first":"Vildan","last":"Kıraç"},"location":{"street":{"number":1287,"name":"Atatürk Sk"},"city":"Denizli","state":"Tokat","country":"Turkey","postcode":61688,"coordinates":{"latitude":"68.5351","longitude":"126.5945"},"timezone":{"offset":"+4:00","description":"Abu Dhabi, Muscat, Baku, Tbilisi"}},"email":"vildan.kirac@example.com","login":{"uuid":"f809203b-9621-4cef-a3b8-5d4bc47c127b","username":"lazyfrog866","password":"phyllis","salt":"yihV57Qn","md5":"8defdcfff9f9ddd7db818eb9e21ef989","sha1":"c4d6a7a3edb76ae07e5b1ca2b7abfaec3996fa65","sha256":"080438a17761e19cd3182571ab2491f0dc28443acbace30f6e8b9062dae5c364"},"dob":{"date":"1961-03-24T06:23:27.026Z","age":63},"registered":{"date":"2016-12-29T18:51:40.684Z","age":7},"phone":"(347)-114-7751","cell":"(108)-508-6323","id":{"name":"","value":null},"picture":{"large":"https://randomuser.me/api/portraits/women/75.jpg","medium":"https://randomuser.me/api/portraits/med/women/75.jpg","thumbnail":"https://randomuser.me/api/portraits/thumb/women/75.jpg"},"nat":"TR"}],"info":{"seed":"f49ea39dc571c37f","results":1,"page":1,"version":"1.4"}} 
 </msg>
<msg time="2024-08-05T20:15:55.956280" level="INFO">/opt/hostedtoolcache/Python/3.12.4/x64/lib/python3.12/site-packages/urllib3/connectionpool.py:1099: InsecureRequestWarning: Unverified HTTPS request is being made to host 'randomuser.me'. Adding certificate verification is strongly advised. See: https://urllib3.readthedocs.io/en/latest/advanced-usage.html#tls-warnings
  warnings.warn(</msg>
<msg time="2024-08-05T20:15:55.956433" level="INFO">${response} = &lt;Response [200]&gt;</msg>
<var>${response}</var>
<arg>consultarAPI</arg>
<arg>/api</arg>
<doc>Sends a GET request on a previously created HTTP Session.</doc>
<status status="PASS" start="2024-08-05T20:15:55.729475" elapsed="0.226997"/>
</kw>
<kw name="Should Be Equal As Numbers" owner="BuiltIn">
<msg time="2024-08-05T20:15:55.957453" level="INFO">Argument types are:
&lt;class 'int'&gt;
&lt;class 'str'&gt;</msg>
<arg>${response.status_code}</arg>
<arg>200</arg>
<doc>Fails if objects are unequal after converting them to real numbers.</doc>
<status status="PASS" start="2024-08-05T20:15:55.956995" elapsed="0.000523"/>
</kw>
<kw name="Log" owner="BuiltIn">
<msg time="2024-08-05T20:15:55.958184" level="INFO">200</msg>
<arg>${response.status_code}</arg>
<doc>Logs the given message with the given level.</doc>
<status status="PASS" start="2024-08-05T20:15:55.957830" elapsed="0.000397"/>
</kw>
<kw name="Set Variable" owner="BuiltIn">
<msg time="2024-08-05T20:15:55.958995" level="INFO">${json_data} = {'results': [{'gender': 'female', 'name': {'title': 'Miss', 'first': 'Vildan', 'last': 'Kıraç'}, 'location': {'street': {'number': 1287, 'name': 'Atatürk Sk'}, 'city': 'Denizli', 'state': 'Tokat', 'co...</msg>
<var>${json_data}</var>
<arg>${response.json()}</arg>
<doc>Returns the given values which can then be assigned to a variables.</doc>
<status status="PASS" start="2024-08-05T20:15:55.958535" elapsed="0.000491"/>
</kw>
<kw name="Dictionary Should Contain Key" owner="Collections">
<arg>${json_data}</arg>
<arg>results</arg>
<doc>Fails if ``key`` is not found from ``dictionary``.</doc>
<status status="PASS" start="2024-08-05T20:15:55.959328" elapsed="0.000327"/>
</kw>
<status status="PASS" start="2024-08-05T20:15:55.729227" elapsed="0.230583"/>
</kw>
<doc>Testa se a API responde corretamente e retorna um objeto JSON válido.</doc>
<tag>testeRequisicaoBasica</tag>
<status status="PASS" start="2024-08-05T20:15:55.728778" elapsed="0.231239"/>
</test>
<test id="s1-s1-t3" name="Validar estrutura de resposta" line="22">
<kw name="Teste de Estrutura de Resposta" owner="random-user-service">
<kw name="GET On Session" owner="RequestsLibrary">
<msg time="2024-08-05T20:15:56.041211" level="INFO">GET Request : url=https://randomuser.me/api 
 path_url=/api 
 headers={'User-Agent': 'python-requests/2.32.3', 'Accept-Encoding': 'gzip, deflate', 'Accept': '*/*', 'Connection': 'keep-alive'} 
 body=None 
 </msg>
<msg time="2024-08-05T20:15:56.041317" level="INFO">GET Response : url=https://randomuser.me/api 
 status=200, reason=OK 
 headers={'Date': 'Mon, 05 Aug 2024 20:15:56 GMT', 'Content-Type': 'application/json; charset=utf-8', 'Transfer-Encoding': 'chunked', 'Connection': 'keep-alive', 'X-Powered-By': 'Express', 'Access-Control-Allow-Origin': '*', 'Cache-Control': 'no-cache', 'ETag': 'W/"495-AIk86Wes4dNP2UcunWS9SVrza3g"', 'Vary': 'Accept-Encoding', 'Content-Encoding': 'gzip', 'CF-Cache-Status': 'DYNAMIC', 'Report-To': '{"endpoints":[{"url":"https:\\/\\/a.nel.cloudflare.com\\/report\\/v4?s=VqEonuZGbohrWK5eiqCJ5v%2B8l0Z7keOvQ6T12NSefc8c%2BIWBlckJ3g4ghpubtc3FX9wsRQt5c7zIaGoSmSb9cUxb7SHIjGf9sZoiexRDUoLEU9geTwbHU6h%2BT%2BWyDIub"}],"group":"cf-nel","max_age":604800}', 'NEL': '{"success_fraction":0,"report_to":"cf-nel","max_age":604800}', 'Server': 'cloudflare', 'CF-RAY': '8ae97646d9ae82ed-IAD', 'alt-svc': 'h3=":443"; ma=86400'} 
 body={"results":[{"gender":"male","name":{"title":"Mr","first":"Luka","last":"Schweitzer"},"location":{"street":{"number":6948,"name":"Kirchstraße"},"city":"Elmshorn","state":"Sachsen","country":"Germany","postcode":65066,"coordinates":{"latitude":"-52.1727","longitude":"-138.6013"},"timezone":{"offset":"+1:00","description":"Brussels, Copenhagen, Madrid, Paris"}},"email":"luka.schweitzer@example.com","login":{"uuid":"ac7b83c9-471b-4015-b6ab-f82e895a88a6","username":"redpeacock984","password":"grande","salt":"tCgRdhu8","md5":"e4c42f0357ba8674ea952538d5b4e49f","sha1":"f8fa1cfda58dc9d1e346efa4ed7a5798a2387451","sha256":"b462e2c84e61969b3d1b3fcedb0db5331c641404d2a054445446d6a5d89650fc"},"dob":{"date":"1975-08-29T01:47:38.590Z","age":48},"registered":{"date":"2005-05-27T05:31:20.602Z","age":19},"phone":"0553-6556383","cell":"0178-1445569","id":{"name":"SVNR","value":"03 280875 S 207"},"picture":{"large":"https://randomuser.me/api/portraits/men/91.jpg","medium":"https://randomuser.me/api/portraits/med/men/91.jpg","thumbnail":"https://randomuser.me/api/portraits/thumb/men/91.jpg"},"nat":"DE"}],"info":{"seed":"e6263ca99cb2131e","results":1,"page":1,"version":"1.4"}} 
 </msg>
<msg time="2024-08-05T20:15:56.041453" level="INFO">/opt/hostedtoolcache/Python/3.12.4/x64/lib/python3.12/site-packages/urllib3/connectionpool.py:1099: InsecureRequestWarning: Unverified HTTPS request is being made to host 'randomuser.me'. Adding certificate verification is strongly advised. See: https://urllib3.readthedocs.io/en/latest/advanced-usage.html#tls-warnings
  warnings.warn(</msg>
<msg time="2024-08-05T20:15:56.041582" level="INFO">${response} = &lt;Response [200]&gt;</msg>
<var>${response}</var>
<arg>consultarAPI</arg>
<arg>/api</arg>
<doc>Sends a GET request on a previously created HTTP Session.</doc>
<status status="PASS" start="2024-08-05T20:15:55.962971" elapsed="0.078654"/>
</kw>
<kw name="Set Variable" owner="BuiltIn">
<msg time="2024-08-05T20:15:56.042674" level="INFO">${json_data} = {'results': [{'gender': 'male', 'name': {'title': 'Mr', 'first': 'Luka', 'last': 'Schweitzer'}, 'location': {'street': {'number': 6948, 'name': 'Kirchstraße'}, 'city': 'Elmshorn', 'state': 'Sachsen', ...</msg>
<var>${json_data}</var>
<arg>${response.json()}</arg>
<doc>Returns the given values which can then be assigned to a variables.</doc>
<status status="PASS" start="2024-08-05T20:15:56.042137" elapsed="0.000567"/>
</kw>
<kw name="Log" owner="BuiltIn">
<msg time="2024-08-05T20:15:56.043177" level="INFO">{'results': [{'gender': 'male', 'name': {'title': 'Mr', 'first': 'Luka', 'last': 'Schweitzer'}, 'location': {'street': {'number': 6948, 'name': 'Kirchstraße'}, 'city': 'Elmshorn', 'state': 'Sachsen', 'country': 'Germany', 'postcode': 65066, 'coordinates': {'latitude': '-52.1727', 'longitude': '-138.6013'}, 'timezone': {'offset': '+1:00', 'description': 'Brussels, Copenhagen, Madrid, Paris'}}, 'email': 'luka.schweitzer@example.com', 'login': {'uuid': 'ac7b83c9-471b-4015-b6ab-f82e895a88a6', 'username': 'redpeacock984', 'password': 'grande', 'salt': 'tCgRdhu8', 'md5': 'e4c42f0357ba8674ea952538d5b4e49f', 'sha1': 'f8fa1cfda58dc9d1e346efa4ed7a5798a2387451', 'sha256': 'b462e2c84e61969b3d1b3fcedb0db5331c641404d2a054445446d6a5d89650fc'}, 'dob': {'date': '1975-08-29T01:47:38.590Z', 'age': 48}, 'registered': {'date': '2005-05-27T05:31:20.602Z', 'age': 19}, 'phone': '0553-6556383', 'cell': '0178-1445569', 'id': {'name': 'SVNR', 'value': '03 280875 S 207'}, 'picture': {'large': 'https://randomuser.me/api/portraits/men/91.jpg', 'medium': 'https://randomuser.me/api/portraits/med/men/91.jpg', 'thumbnail': 'https://randomuser.me/api/portraits/thumb/men/91.jpg'}, 'nat': 'DE'}], 'info': {'seed': 'e6263ca99cb2131e', 'results': 1, 'page': 1, 'version': '1.4'}}</msg>
<arg>${json_data}</arg>
<doc>Logs the given message with the given level.</doc>
<status status="PASS" start="2024-08-05T20:15:56.043013" elapsed="0.000213"/>
</kw>
<kw name="Dictionary Should Contain Key" owner="Collections">
<arg>${json_data}</arg>
<arg>results</arg>
<doc>Fails if ``key`` is not found from ``dictionary``.</doc>
<status status="PASS" start="2024-08-05T20:15:56.043524" elapsed="0.000164"/>
</kw>
<kw name="Should Not Be Empty" owner="BuiltIn">
<msg time="2024-08-05T20:15:56.044038" level="INFO">Length is 2.</msg>
<arg>${json_data}</arg>
<doc>Verifies that the given item is not empty.</doc>
<status status="PASS" start="2024-08-05T20:15:56.043869" elapsed="0.000209"/>
</kw>
<kw name="Create List" owner="BuiltIn">
<msg time="2024-08-05T20:15:56.044511" level="INFO">${expected_keys} = ['gender', 'name', 'location', 'email', 'login']</msg>
<var>${expected_keys}</var>
<arg>gender</arg>
<arg>name</arg>
<arg>location</arg>
<arg>email</arg>
<arg>login</arg>
<doc>Returns a list containing given items.</doc>
<status status="PASS" start="2024-08-05T20:15:56.044365" elapsed="0.000170"/>
</kw>
<for flavor="IN">
<iter>
<kw name="Dictionary Should Contain Key" owner="Collections">
<arg>${json_data['results'][0]}</arg>
<arg>${key}</arg>
<doc>Fails if ``key`` is not found from ``dictionary``.</doc>
<status status="PASS" start="2024-08-05T20:15:56.045115" elapsed="0.000411"/>
</kw>
<kw name="Log" owner="BuiltIn">
<msg time="2024-08-05T20:15:56.046075" level="INFO">{'gender': 'male', 'name': {'title': 'Mr', 'first': 'Luka', 'last': 'Schweitzer'}, 'location': {'street': {'number': 6948, 'name': 'Kirchstraße'}, 'city': 'Elmshorn', 'state': 'Sachsen', 'country': 'Germany', 'postcode': 65066, 'coordinates': {'latitude': '-52.1727', 'longitude': '-138.6013'}, 'timezone': {'offset': '+1:00', 'description': 'Brussels, Copenhagen, Madrid, Paris'}}, 'email': 'luka.schweitzer@example.com', 'login': {'uuid': 'ac7b83c9-471b-4015-b6ab-f82e895a88a6', 'username': 'redpeacock984', 'password': 'grande', 'salt': 'tCgRdhu8', 'md5': 'e4c42f0357ba8674ea952538d5b4e49f', 'sha1': 'f8fa1cfda58dc9d1e346efa4ed7a5798a2387451', 'sha256': 'b462e2c84e61969b3d1b3fcedb0db5331c641404d2a054445446d6a5d89650fc'}, 'dob': {'date': '1975-08-29T01:47:38.590Z', 'age': 48}, 'registered': {'date': '2005-05-27T05:31:20.602Z', 'age': 19}, 'phone': '0553-6556383', 'cell': '0178-1445569', 'id': {'name': 'SVNR', 'value': '03 280875 S 207'}, 'picture': {'large': 'https://randomuser.me/api/portraits/men/91.jpg', 'medium': 'https://randomuser.me/api/portraits/med/men/91.jpg', 'thumbnail': 'https://randomuser.me/api/portraits/thumb/men/91.jpg'}, 'nat': 'DE'}</msg>
<arg>${json_data['results'][0]}</arg>
<doc>Logs the given message with the given level.</doc>
<status status="PASS" start="2024-08-05T20:15:56.045716" elapsed="0.000408"/>
</kw>
<kw name="Log" owner="BuiltIn">
<msg time="2024-08-05T20:15:56.046555" level="INFO">gender</msg>
<arg>${key}</arg>
<doc>Logs the given message with the given level.</doc>
<status status="PASS" start="2024-08-05T20:15:56.046425" elapsed="0.000168"/>
</kw>
<var name="${key}">gender</var>
<status status="PASS" start="2024-08-05T20:15:56.044989" elapsed="0.001824"/>
</iter>
<iter>
<kw name="Dictionary Should Contain Key" owner="Collections">
<arg>${json_data['results'][0]}</arg>
<arg>${key}</arg>
<doc>Fails if ``key`` is not found from ``dictionary``.</doc>
<status status="PASS" start="2024-08-05T20:15:56.047123" elapsed="0.000400"/>
</kw>
<kw name="Log" owner="BuiltIn">
<msg time="2024-08-05T20:15:56.048097" level="INFO">{'gender': 'male', 'name': {'title': 'Mr', 'first': 'Luka', 'last': 'Schweitzer'}, 'location': {'street': {'number': 6948, 'name': 'Kirchstraße'}, 'city': 'Elmshorn', 'state': 'Sachsen', 'country': 'Germany', 'postcode': 65066, 'coordinates': {'latitude': '-52.1727', 'longitude': '-138.6013'}, 'timezone': {'offset': '+1:00', 'description': 'Brussels, Copenhagen, Madrid, Paris'}}, 'email': 'luka.schweitzer@example.com', 'login': {'uuid': 'ac7b83c9-471b-4015-b6ab-f82e895a88a6', 'username': 'redpeacock984', 'password': 'grande', 'salt': 'tCgRdhu8', 'md5': 'e4c42f0357ba8674ea952538d5b4e49f', 'sha1': 'f8fa1cfda58dc9d1e346efa4ed7a5798a2387451', 'sha256': 'b462e2c84e61969b3d1b3fcedb0db5331c641404d2a054445446d6a5d89650fc'}, 'dob': {'date': '1975-08-29T01:47:38.590Z', 'age': 48}, 'registered': {'date': '2005-05-27T05:31:20.602Z', 'age': 19}, 'phone': '0553-6556383', 'cell': '0178-1445569', 'id': {'name': 'SVNR', 'value': '03 280875 S 207'}, 'picture': {'large': 'https://randomuser.me/api/portraits/men/91.jpg', 'medium': 'https://randomuser.me/api/portraits/med/men/91.jpg', 'thumbnail': 'https://randomuser.me/api/portraits/thumb/men/91.jpg'}, 'nat': 'DE'}</msg>
<arg>${json_data['results'][0]}</arg>
<doc>Logs the given message with the given level.</doc>
<status status="PASS" start="2024-08-05T20:15:56.047708" elapsed="0.000474"/>
</kw>
<kw name="Log" owner="BuiltIn">
<msg time="2024-08-05T20:15:56.048625" level="INFO">name</msg>
<arg>${key}</arg>
<doc>Logs the given message with the given level.</doc>
<status status="PASS" start="2024-08-05T20:15:56.048495" elapsed="0.000167"/>
</kw>
<var name="${key}">name</var>
<status status="PASS" start="2024-08-05T20:15:56.047007" elapsed="0.001872"/>
</iter>
<iter>
<kw name="Dictionary Should Contain Key" owner="Collections">
<arg>${json_data['results'][0]}</arg>
<arg>${key}</arg>
<doc>Fails if ``key`` is not found from ``dictionary``.</doc>
<status status="PASS" start="2024-08-05T20:15:56.049162" elapsed="0.000383"/>
</kw>
<kw name="Log" owner="BuiltIn">
<msg time="2024-08-05T20:15:56.050084" level="INFO">{'gender': 'male', 'name': {'title': 'Mr', 'first': 'Luka', 'last': 'Schweitzer'}, 'location': {'street': {'number': 6948, 'name': 'Kirchstraße'}, 'city': 'Elmshorn', 'state': 'Sachsen', 'country': 'Germany', 'postcode': 65066, 'coordinates': {'latitude': '-52.1727', 'longitude': '-138.6013'}, 'timezone': {'offset': '+1:00', 'description': 'Brussels, Copenhagen, Madrid, Paris'}}, 'email': 'luka.schweitzer@example.com', 'login': {'uuid': 'ac7b83c9-471b-4015-b6ab-f82e895a88a6', 'username': 'redpeacock984', 'password': 'grande', 'salt': 'tCgRdhu8', 'md5': 'e4c42f0357ba8674ea952538d5b4e49f', 'sha1': 'f8fa1cfda58dc9d1e346efa4ed7a5798a2387451', 'sha256': 'b462e2c84e61969b3d1b3fcedb0db5331c641404d2a054445446d6a5d89650fc'}, 'dob': {'date': '1975-08-29T01:47:38.590Z', 'age': 48}, 'registered': {'date': '2005-05-27T05:31:20.602Z', 'age': 19}, 'phone': '0553-6556383', 'cell': '0178-1445569', 'id': {'name': 'SVNR', 'value': '03 280875 S 207'}, 'picture': {'large': 'https://randomuser.me/api/portraits/men/91.jpg', 'medium': 'https://randomuser.me/api/portraits/med/men/91.jpg', 'thumbnail': 'https://randomuser.me/api/portraits/thumb/men/91.jpg'}, 'nat': 'DE'}</msg>
<arg>${json_data['results'][0]}</arg>
<doc>Logs the given message with the given level.</doc>
<status status="PASS" start="2024-08-05T20:15:56.049728" elapsed="0.000405"/>
</kw>
<kw name="Log" owner="BuiltIn">
<msg time="2024-08-05T20:15:56.050562" level="INFO">location</msg>
<arg>${key}</arg>
<doc>Logs the given message with the given level.</doc>
<status status="PASS" start="2024-08-05T20:15:56.050432" elapsed="0.000168"/>
</kw>
<var name="${key}">location</var>
<status status="PASS" start="2024-08-05T20:15:56.049054" elapsed="0.001773"/>
</iter>
<iter>
<kw name="Dictionary Should Contain Key" owner="Collections">
<arg>${json_data['results'][0]}</arg>
<arg>${key}</arg>
<doc>Fails if ``key`` is not found from ``dictionary``.</doc>
<status status="PASS" start="2024-08-05T20:15:56.051106" elapsed="0.000382"/>
</kw>
<kw name="Log" owner="BuiltIn">
<msg time="2024-08-05T20:15:56.052187" level="INFO">{'gender': 'male', 'name': {'title': 'Mr', 'first': 'Luka', 'last': 'Schweitzer'}, 'location': {'street': {'number': 6948, 'name': 'Kirchstraße'}, 'city': 'Elmshorn', 'state': 'Sachsen', 'country': 'Germany', 'postcode': 65066, 'coordinates': {'latitude': '-52.1727', 'longitude': '-138.6013'}, 'timezone': {'offset': '+1:00', 'description': 'Brussels, Copenhagen, Madrid, Paris'}}, 'email': 'luka.schweitzer@example.com', 'login': {'uuid': 'ac7b83c9-471b-4015-b6ab-f82e895a88a6', 'username': 'redpeacock984', 'password': 'grande', 'salt': 'tCgRdhu8', 'md5': 'e4c42f0357ba8674ea952538d5b4e49f', 'sha1': 'f8fa1cfda58dc9d1e346efa4ed7a5798a2387451', 'sha256': 'b462e2c84e61969b3d1b3fcedb0db5331c641404d2a054445446d6a5d89650fc'}, 'dob': {'date': '1975-08-29T01:47:38.590Z', 'age': 48}, 'registered': {'date': '2005-05-27T05:31:20.602Z', 'age': 19}, 'phone': '0553-6556383', 'cell': '0178-1445569', 'id': {'name': 'SVNR', 'value': '03 280875 S 207'}, 'picture': {'large': 'https://randomuser.me/api/portraits/men/91.jpg', 'medium': 'https://randomuser.me/api/portraits/med/men/91.jpg', 'thumbnail': 'https://randomuser.me/api/portraits/thumb/men/91.jpg'}, 'nat': 'DE'}</msg>
<arg>${json_data['results'][0]}</arg>
<doc>Logs the given message with the given level.</doc>
<status status="PASS" start="2024-08-05T20:15:56.051796" elapsed="0.000442"/>
</kw>
<kw name="Log" owner="BuiltIn">
<msg time="2024-08-05T20:15:56.052667" level="INFO">email</msg>
<arg>${key}</arg>
<doc>Logs the given message with the given level.</doc>
<status status="PASS" start="2024-08-05T20:15:56.052537" elapsed="0.000169"/>
</kw>
<var name="${key}">email</var>
<status status="PASS" start="2024-08-05T20:15:56.050999" elapsed="0.001926"/>
</iter>
<iter>
<kw name="Dictionary Should Contain Key" owner="Collections">
<arg>${json_data['results'][0]}</arg>
<arg>${key}</arg>
<doc>Fails if ``key`` is not found from ``dictionary``.</doc>
<status status="PASS" start="2024-08-05T20:15:56.053208" elapsed="0.000376"/>
</kw>
<kw name="Log" owner="BuiltIn">
<msg time="2024-08-05T20:15:56.054123" level="INFO">{'gender': 'male', 'name': {'title': 'Mr', 'first': 'Luka', 'last': 'Schweitzer'}, 'location': {'street': {'number': 6948, 'name': 'Kirchstraße'}, 'city': 'Elmshorn', 'state': 'Sachsen', 'country': 'Germany', 'postcode': 65066, 'coordinates': {'latitude': '-52.1727', 'longitude': '-138.6013'}, 'timezone': {'offset': '+1:00', 'description': 'Brussels, Copenhagen, Madrid, Paris'}}, 'email': 'luka.schweitzer@example.com', 'login': {'uuid': 'ac7b83c9-471b-4015-b6ab-f82e895a88a6', 'username': 'redpeacock984', 'password': 'grande', 'salt': 'tCgRdhu8', 'md5': 'e4c42f0357ba8674ea952538d5b4e49f', 'sha1': 'f8fa1cfda58dc9d1e346efa4ed7a5798a2387451', 'sha256': 'b462e2c84e61969b3d1b3fcedb0db5331c641404d2a054445446d6a5d89650fc'}, 'dob': {'date': '1975-08-29T01:47:38.590Z', 'age': 48}, 'registered': {'date': '2005-05-27T05:31:20.602Z', 'age': 19}, 'phone': '0553-6556383', 'cell': '0178-1445569', 'id': {'name': 'SVNR', 'value': '03 280875 S 207'}, 'picture': {'large': 'https://randomuser.me/api/portraits/men/91.jpg', 'medium': 'https://randomuser.me/api/portraits/med/men/91.jpg', 'thumbnail': 'https://randomuser.me/api/portraits/thumb/men/91.jpg'}, 'nat': 'DE'}</msg>
<arg>${json_data['results'][0]}</arg>
<doc>Logs the given message with the given level.</doc>
<status status="PASS" start="2024-08-05T20:15:56.053766" elapsed="0.000407"/>
</kw>
<kw name="Log" owner="BuiltIn">
<msg time="2024-08-05T20:15:56.054600" level="INFO">login</msg>
<arg>${key}</arg>
<doc>Logs the given message with the given level.</doc>
<status status="PASS" start="2024-08-05T20:15:56.054469" elapsed="0.000168"/>
</kw>
<var name="${key}">login</var>
<status status="PASS" start="2024-08-05T20:15:56.053099" elapsed="0.001754"/>
</iter>
<var>${key}</var>
<value>@{expected_keys}</value>
<status status="PASS" start="2024-08-05T20:15:56.044793" elapsed="0.010182"/>
</for>
<kw name="Create List" owner="BuiltIn">
<msg time="2024-08-05T20:15:56.055302" level="INFO">${expected_keysTwo} = ['username', 'password']</msg>
<var>${expected_keysTwo}</var>
<arg>username</arg>
<arg>password</arg>
<doc>Returns a list containing given items.</doc>
<status status="PASS" start="2024-08-05T20:15:56.055165" elapsed="0.000190"/>
</kw>
<for flavor="IN">
<iter>
<kw name="Dictionary Should Contain Key" owner="Collections">
<arg>${json_data['results'][0]['login']}</arg>
<arg>${keyTwo}</arg>
<doc>Fails if ``key`` is not found from ``dictionary``.</doc>
<status status="PASS" start="2024-08-05T20:15:56.055878" elapsed="0.000420"/>
</kw>
<kw name="Dictionary Should Contain Key" owner="Collections">
<arg>${json_data['results'][0]['login']}</arg>
<arg>${keyTwo}</arg>
<doc>Fails if ``key`` is not found from ``dictionary``.</doc>
<status status="PASS" start="2024-08-05T20:15:56.056477" elapsed="0.000376"/>
</kw>
<kw name="Log" owner="BuiltIn">
<msg time="2024-08-05T20:15:56.057151" level="INFO">username</msg>
<arg>${keyTwo}</arg>
<doc>Logs the given message with the given level.</doc>
<status status="PASS" start="2024-08-05T20:15:56.057029" elapsed="0.000159"/>
</kw>
<var name="${keyTwo}">username</var>
<status status="PASS" start="2024-08-05T20:15:56.055769" elapsed="0.001639"/>
</iter>
<iter>
<kw name="Dictionary Should Contain Key" owner="Collections">
<arg>${json_data['results'][0]['login']}</arg>
<arg>${keyTwo}</arg>
<doc>Fails if ``key`` is not found from ``dictionary``.</doc>
<status status="PASS" start="2024-08-05T20:15:56.057687" elapsed="0.000382"/>
</kw>
<kw name="Dictionary Should Contain Key" owner="Collections">
<arg>${json_data['results'][0]['login']}</arg>
<arg>${keyTwo}</arg>
<doc>Fails if ``key`` is not found from ``dictionary``.</doc>
<status status="PASS" start="2024-08-05T20:15:56.058244" elapsed="0.000385"/>
</kw>
<kw name="Log" owner="BuiltIn">
<msg time="2024-08-05T20:15:56.058926" level="INFO">password</msg>
<arg>${keyTwo}</arg>
<doc>Logs the given message with the given level.</doc>
<status status="PASS" start="2024-08-05T20:15:56.058805" elapsed="0.000158"/>
</kw>
<var name="${keyTwo}">password</var>
<status status="PASS" start="2024-08-05T20:15:56.057581" elapsed="0.001600"/>
</iter>
<var>${keyTwo}</var>
<value>@{expected_keysTwo}</value>
<status status="PASS" start="2024-08-05T20:15:56.055610" elapsed="0.003692"/>
</for>
<status status="PASS" start="2024-08-05T20:15:55.962632" elapsed="0.096815"/>
</kw>
<doc>Testa a estrutura da resposta da API.</doc>
<tag>testeEstruturaResposta</tag>
<status status="PASS" start="2024-08-05T20:15:55.961856" elapsed="0.097749"/>
</test>
<test id="s1-s1-t4" name="Validar tipos de dados" line="28">
<kw name="Teste de Tipos de Dados" owner="random-user-service">
<kw name="GET On Session" owner="RequestsLibrary">
<msg time="2024-08-05T20:15:56.142593" level="INFO">GET Request : url=https://randomuser.me/api 
 path_url=/api 
 headers={'User-Agent': 'python-requests/2.32.3', 'Accept-Encoding': 'gzip, deflate', 'Accept': '*/*', 'Connection': 'keep-alive'} 
 body=None 
 </msg>
<msg time="2024-08-05T20:15:56.142705" level="INFO">GET Response : url=https://randomuser.me/api 
 status=200, reason=OK 
 headers={'Date': 'Mon, 05 Aug 2024 20:15:56 GMT', 'Content-Type': 'application/json; charset=utf-8', 'Transfer-Encoding': 'chunked', 'Connection': 'keep-alive', 'X-Powered-By': 'Express', 'Access-Control-Allow-Origin': '*', 'Cache-Control': 'no-cache', 'ETag': 'W/"475-u/xsBJumGdOjSvTPGqWNPSsTvHA"', 'Vary': 'Accept-Encoding', 'Content-Encoding': 'gzip', 'CF-Cache-Status': 'DYNAMIC', 'Report-To': '{"endpoints":[{"url":"https:\\/\\/a.nel.cloudflare.com\\/report\\/v4?s=tFUgVvc4PqaS6Z2tHcBeC9C4LMwCiCSNUqrIWwk4cfrEHHdlDeXiLWNBNtUkHK%2FeT5tUC9Aqo6eRo2AV5UDClC0UJXDW%2FeaKmyFxJ4kCcPZdU24PhOG32sjHbqu%2FG0Au"}],"group":"cf-nel","max_age":604800}', 'NEL': '{"success_fraction":0,"report_to":"cf-nel","max_age":604800}', 'Server': 'cloudflare', 'CF-RAY': '8ae976477a3982ed-IAD', 'alt-svc': 'h3=":443"; ma=86400'} 
 body={"results":[{"gender":"male","name":{"title":"Mr","first":"عباس","last":"احمدی"},"location":{"street":{"number":1860,"name":"جمهوری اسلامی"},"city":"تهران","state":"یزد","country":"Iran","postcode":45478,"coordinates":{"latitude":"20.2424","longitude":"-161.1080"},"timezone":{"offset":"+9:30","description":"Adelaide, Darwin"}},"email":"aabs.hmdy@example.com","login":{"uuid":"90e235f6-178d-458d-88e0-4d80b23961b9","username":"tinybird360","password":"kokoko","salt":"fEF1uFZr","md5":"8f704885e77c14e1fe6901b6b6b7e627","sha1":"1f4cb5161363a1130b9882246d56041de54f960b","sha256":"a80577d3fc5a189f47f925a2643fabb8e0ecaa2a260816e0f0f296a247115080"},"dob":{"date":"1992-02-12T16:12:56.395Z","age":32},"registered":{"date":"2013-07-11T15:34:31.053Z","age":11},"phone":"071-25407657","cell":"0968-549-6635","id":{"name":"","value":null},"picture":{"large":"https://randomuser.me/api/portraits/men/4.jpg","medium":"https://randomuser.me/api/portraits/med/men/4.jpg","thumbnail":"https://randomuser.me/api/portraits/thumb/men/4.jpg"},"nat":"IR"}],"info":{"seed":"5c3d0172d5563f48","results":1,"page":1,"version":"1.4"}} 
 </msg>
<msg time="2024-08-05T20:15:56.142790" level="INFO">/opt/hostedtoolcache/Python/3.12.4/x64/lib/python3.12/site-packages/urllib3/connectionpool.py:1099: InsecureRequestWarning: Unverified HTTPS request is being made to host 'randomuser.me'. Adding certificate verification is strongly advised. See: https://urllib3.readthedocs.io/en/latest/advanced-usage.html#tls-warnings
  warnings.warn(</msg>
<msg time="2024-08-05T20:15:56.142924" level="INFO">${response} = &lt;Response [200]&gt;</msg>
<var>${response}</var>
<arg>consultarAPI</arg>
<arg>/api</arg>
<doc>Sends a GET request on a previously created HTTP Session.</doc>
<status status="PASS" start="2024-08-05T20:15:56.062079" elapsed="0.080885"/>
</kw>
<kw name="Set Variable" owner="BuiltIn">
<msg time="2024-08-05T20:15:56.144081" level="INFO">${json_data} = {'results': [{'gender': 'male', 'name': {'title': 'Mr', 'first': 'عباس', 'last': 'احمدی'}, 'location': {'street': {'number': 1860, 'name': 'جمهوری اسلامی'}, 'city': 'تهران', 'state': 'یزد', 'country':...</msg>
<var>${json_data}</var>
<arg>${response.json()}</arg>
<doc>Returns the given values which can then be assigned to a variables.</doc>
<status status="PASS" start="2024-08-05T20:15:56.143518" elapsed="0.000593"/>
</kw>
<kw name="Log" owner="BuiltIn">
<msg time="2024-08-05T20:15:56.144585" level="INFO">{'results': [{'gender': 'male', 'name': {'title': 'Mr', 'first': 'عباس', 'last': 'احمدی'}, 'location': {'street': {'number': 1860, 'name': 'جمهوری اسلامی'}, 'city': 'تهران', 'state': 'یزد', 'country': 'Iran', 'postcode': 45478, 'coordinates': {'latitude': '20.2424', 'longitude': '-161.1080'}, 'timezone': {'offset': '+9:30', 'description': 'Adelaide, Darwin'}}, 'email': 'aabs.hmdy@example.com', 'login': {'uuid': '90e235f6-178d-458d-88e0-4d80b23961b9', 'username': 'tinybird360', 'password': 'kokoko', 'salt': 'fEF1uFZr', 'md5': '8f704885e77c14e1fe6901b6b6b7e627', 'sha1': '1f4cb5161363a1130b9882246d56041de54f960b', 'sha256': 'a80577d3fc5a189f47f925a2643fabb8e0ecaa2a260816e0f0f296a247115080'}, 'dob': {'date': '1992-02-12T16:12:56.395Z', 'age': 32}, 'registered': {'date': '2013-07-11T15:34:31.053Z', 'age': 11}, 'phone': '071-25407657', 'cell': '0968-549-6635', 'id': {'name': '', 'value': None}, 'picture': {'large': 'https://randomuser.me/api/portraits/men/4.jpg', 'medium': 'https://randomuser.me/api/portraits/med/men/4.jpg', 'thumbnail': 'https://randomuser.me/api/portraits/thumb/men/4.jpg'}, 'nat': 'IR'}], 'info': {'seed': '5c3d0172d5563f48', 'results': 1, 'page': 1, 'version': '1.4'}}</msg>
<arg>${json_data}</arg>
<doc>Logs the given message with the given level.</doc>
<status status="PASS" start="2024-08-05T20:15:56.144425" elapsed="0.000210"/>
</kw>
<kw name="Should Be String" owner="String">
<arg>${json_data['results'][0]['gender']}</arg>
<doc>Fails if the given ``item`` is not a string.</doc>
<status status="PASS" start="2024-08-05T20:15:56.144936" elapsed="0.000377"/>
</kw>
<kw name="Should Match Regexp" owner="BuiltIn">
<arg>${json_data['results'][0]['email']}</arg>
<arg>^[a-zA-Z0-9._%+-]+@[a-zA-Z0-9.-]+\.[a-zA-Z]{2,}$</arg>
<doc>Fails if ``string`` does not match ``pattern`` as a regular expression.</doc>
<status status="PASS" start="2024-08-05T20:15:56.145507" elapsed="0.000514"/>
</kw>
<kw name="Should Match Regexp" owner="BuiltIn">
<arg>${json_data['results'][0]['dob']['date']}</arg>
<arg>\\d{4}-\\d{2}-\\d{2}T\\d{2}:\\d{2}:\\d{2}\\.\\d{3}Z</arg>
<doc>Fails if ``string`` does not match ``pattern`` as a regular expression.</doc>
<status status="PASS" start="2024-08-05T20:15:56.146255" elapsed="0.000647"/>
</kw>
<kw name="Should Match Regexp" owner="BuiltIn">
<arg>${json_data['results'][0]['registered']['date']}</arg>
<arg>\\d{4}-\\d{2}-\\d{2}T\\d{2}:\\d{2}:\\d{2}\\.\\d{3}Z</arg>
<doc>Fails if ``string`` does not match ``pattern`` as a regular expression.</doc>
<status status="PASS" start="2024-08-05T20:15:56.147096" elapsed="0.000381"/>
</kw>
<kw name="Should Match Regexp" owner="BuiltIn">
<arg>${json_data['results'][0]['picture']['large']}</arg>
<arg>^https?://.*\.(?:png|jpe?g|gif|bmp)$</arg>
<doc>Fails if ``string`` does not match ``pattern`` as a regular expression.</doc>
<status status="PASS" start="2024-08-05T20:15:56.147666" elapsed="0.000497"/>
</kw>
<kw name="Should Match Regexp" owner="BuiltIn">
<arg>${json_data['results'][0]['picture']['medium']}</arg>
<arg>^https?://.*\.(?:png|jpe?g|gif|bmp)$</arg>
<doc>Fails if ``string`` does not match ``pattern`` as a regular expression.</doc>
<status status="PASS" start="2024-08-05T20:15:56.148356" elapsed="0.000362"/>
</kw>
<kw name="Should Match Regexp" owner="BuiltIn">
<arg>${json_data['results'][0]['picture']['thumbnail']}</arg>
<arg>^https?://.*\.(?:png|jpe?g|gif|bmp)$</arg>
<doc>Fails if ``string`` does not match ``pattern`` as a regular expression.</doc>
<status status="PASS" start="2024-08-05T20:15:56.148904" elapsed="0.000352"/>
</kw>
<kw name="Log" owner="BuiltIn">
<msg time="2024-08-05T20:15:56.149779" level="INFO">{'large': 'https://randomuser.me/api/portraits/men/4.jpg', 'medium': 'https://randomuser.me/api/portraits/med/men/4.jpg', 'thumbnail': 'https://randomuser.me/api/portraits/thumb/men/4.jpg'}</msg>
<arg>${json_data['results'][0]['picture']}</arg>
<doc>Logs the given message with the given level.</doc>
<status status="PASS" start="2024-08-05T20:15:56.149457" elapsed="0.000365"/>
</kw>
<status status="PASS" start="2024-08-05T20:15:56.061853" elapsed="0.088227"/>
</kw>
<kw name="Teste de Tipos de Dados - Postcode" owner="random-user-service">
<kw name="GET On Session" owner="RequestsLibrary">
<msg time="2024-08-05T20:15:56.253772" level="INFO">GET Request : url=https://randomuser.me/api 
 path_url=/api 
 headers={'User-Agent': 'python-requests/2.32.3', 'Accept-Encoding': 'gzip, deflate', 'Accept': '*/*', 'Connection': 'keep-alive'} 
 body=None 
 </msg>
<msg time="2024-08-05T20:15:56.253882" level="INFO">GET Response : url=https://randomuser.me/api 
 status=200, reason=OK 
 headers={'Date': 'Mon, 05 Aug 2024 20:15:56 GMT', 'Content-Type': 'application/json; charset=utf-8', 'Transfer-Encoding': 'chunked', 'Connection': 'keep-alive', 'X-Powered-By': 'Express', 'Access-Control-Allow-Origin': '*', 'Cache-Control': 'no-cache', 'ETag': 'W/"481-4MCc4agHD/uxTjJA9DMapr/Tv38"', 'Vary': 'Accept-Encoding', 'Content-Encoding': 'gzip', 'CF-Cache-Status': 'DYNAMIC', 'Report-To': '{"endpoints":[{"url":"https:\\/\\/a.nel.cloudflare.com\\/report\\/v4?s=d1r%2BUhgrLWkJZcLo48W2aL6dLiXb9AJtl4XljLvOm38rK4i8TwdRRIDU3dDpZDGyVlMcIyyRapbk2Yn2KeEse19pKVZHRkxFUKYtg2amKGpu7Vh%2BrlLlHaj9KRJTW8xg"}],"group":"cf-nel","max_age":604800}', 'NEL': '{"success_fraction":0,"report_to":"cf-nel","max_age":604800}', 'Server': 'cloudflare', 'CF-RAY': '8ae97647fad882ed-IAD', 'alt-svc': 'h3=":443"; ma=86400'} 
 body={"results":[{"gender":"male","name":{"title":"Mr","first":"Parth","last":"Nand"},"location":{"street":{"number":7922,"name":"Dwaraka Nagar"},"city":"Danapur","state":"Tripura","country":"India","postcode":25903,"coordinates":{"latitude":"11.8223","longitude":"-86.2003"},"timezone":{"offset":"+11:00","description":"Magadan, Solomon Islands, New Caledonia"}},"email":"parth.nand@example.com","login":{"uuid":"b9fc43e2-bbbf-43af-a7bf-66d27fb7379a","username":"sadzebra482","password":"iron","salt":"RRQ0pP9x","md5":"72fd2f7d23734862429e9024af0e3778","sha1":"fbb5516ab490c5e833aa76c05fa80aa3d366dc06","sha256":"1a3458c08956db9ed464bbd4dcea602e96ed582a0caab06d35cb092c2444a7ec"},"dob":{"date":"1967-09-17T03:42:38.151Z","age":56},"registered":{"date":"2018-09-01T06:14:24.926Z","age":5},"phone":"8974246639","cell":"9916472777","id":{"name":"UIDAI","value":"388955817134"},"picture":{"large":"https://randomuser.me/api/portraits/men/13.jpg","medium":"https://randomuser.me/api/portraits/med/men/13.jpg","thumbnail":"https://randomuser.me/api/portraits/thumb/men/13.jpg"},"nat":"IN"}],"info":{"seed":"4dd9cca65eab2c9d","results":1,"page":1,"version":"1.4"}} 
 </msg>
<msg time="2024-08-05T20:15:56.253964" level="INFO">/opt/hostedtoolcache/Python/3.12.4/x64/lib/python3.12/site-packages/urllib3/connectionpool.py:1099: InsecureRequestWarning: Unverified HTTPS request is being made to host 'randomuser.me'. Adding certificate verification is strongly advised. See: https://urllib3.readthedocs.io/en/latest/advanced-usage.html#tls-warnings
  warnings.warn(</msg>
<msg time="2024-08-05T20:15:56.254095" level="INFO">${response} = &lt;Response [200]&gt;</msg>
<var>${response}</var>
<arg>consultarAPI</arg>
<arg>/api</arg>
<doc>Sends a GET request on a previously created HTTP Session.</doc>
<status status="PASS" start="2024-08-05T20:15:56.150538" elapsed="0.103599"/>
</kw>
<kw name="Set Variable" owner="BuiltIn">
<msg time="2024-08-05T20:15:56.255200" level="INFO">${json_data} = {'results': [{'gender': 'male', 'name': {'title': 'Mr', 'first': 'Parth', 'last': 'Nand'}, 'location': {'street': {'number': 7922, 'name': 'Dwaraka Nagar'}, 'city': 'Danapur', 'state': 'Tripura', 'cou...</msg>
<var>${json_data}</var>
<arg>${response.json()}</arg>
<doc>Returns the given values which can then be assigned to a variables.</doc>
<status status="PASS" start="2024-08-05T20:15:56.254677" elapsed="0.000551"/>
</kw>
<kw name="Log" owner="BuiltIn">
<msg time="2024-08-05T20:15:56.255693" level="INFO">{'results': [{'gender': 'male', 'name': {'title': 'Mr', 'first': 'Parth', 'last': 'Nand'}, 'location': {'street': {'number': 7922, 'name': 'Dwaraka Nagar'}, 'city': 'Danapur', 'state': 'Tripura', 'country': 'India', 'postcode': 25903, 'coordinates': {'latitude': '11.8223', 'longitude': '-86.2003'}, 'timezone': {'offset': '+11:00', 'description': 'Magadan, Solomon Islands, New Caledonia'}}, 'email': 'parth.nand@example.com', 'login': {'uuid': 'b9fc43e2-bbbf-43af-a7bf-66d27fb7379a', 'username': 'sadzebra482', 'password': 'iron', 'salt': 'RRQ0pP9x', 'md5': '72fd2f7d23734862429e9024af0e3778', 'sha1': 'fbb5516ab490c5e833aa76c05fa80aa3d366dc06', 'sha256': '1a3458c08956db9ed464bbd4dcea602e96ed582a0caab06d35cb092c2444a7ec'}, 'dob': {'date': '1967-09-17T03:42:38.151Z', 'age': 56}, 'registered': {'date': '2018-09-01T06:14:24.926Z', 'age': 5}, 'phone': '8974246639', 'cell': '9916472777', 'id': {'name': 'UIDAI', 'value': '388955817134'}, 'picture': {'large': 'https://randomuser.me/api/portraits/men/13.jpg', 'medium': 'https://randomuser.me/api/portraits/med/men/13.jpg', 'thumbnail': 'https://randomuser.me/api/portraits/thumb/men/13.jpg'}, 'nat': 'IN'}], 'info': {'seed': '4dd9cca65eab2c9d', 'results': 1, 'page': 1, 'version': '1.4'}}</msg>
<arg>${json_data}</arg>
<doc>Logs the given message with the given level.</doc>
<status status="PASS" start="2024-08-05T20:15:56.255535" elapsed="0.000205"/>
</kw>
<kw name="Should Be Equal As Numbers" owner="BuiltIn">
<arg>${json_data['results'][0]['location']['postcode']}</arg>
<arg>${json_data['results'][0]['location']['postcode']}</arg>
<doc>Fails if objects are unequal after converting them to real numbers.</doc>
<status status="PASS" start="2024-08-05T20:15:56.256070" elapsed="0.000623"/>
</kw>
<kw name="Log" owner="BuiltIn">
<msg time="2024-08-05T20:15:56.257220" level="INFO">25903</msg>
<arg>${json_data['results'][0]['location']['postcode']}</arg>
<doc>Logs the given message with the given level.</doc>
<status status="PASS" start="2024-08-05T20:15:56.256880" elapsed="0.000380"/>
</kw>
<status status="PASS" start="2024-08-05T20:15:56.150308" elapsed="0.107242"/>
</kw>
<doc>Testa se os tipos de dados na resposta da API estão corretos.</doc>
<tag>testeTiposDados</tag>
<status status="PASS" start="2024-08-05T20:15:56.061367" elapsed="0.196357"/>
</test>
<test id="s1-s1-t5" name="Validar conteudo" line="35">
<kw name="Teste de Tipos de Conteudo" owner="random-user-service">
<kw name="GET On Session" owner="RequestsLibrary">
<msg time="2024-08-05T20:15:56.339378" level="INFO">GET Request : url=https://randomuser.me/api 
 path_url=/api 
 headers={'User-Agent': 'python-requests/2.32.3', 'Accept-Encoding': 'gzip, deflate', 'Accept': '*/*', 'Connection': 'keep-alive'} 
 body=None 
 </msg>
<msg time="2024-08-05T20:15:56.339475" level="INFO">GET Response : url=https://randomuser.me/api 
 status=200, reason=OK 
 headers={'Date': 'Mon, 05 Aug 2024 20:15:56 GMT', 'Content-Type': 'application/json; charset=utf-8', 'Transfer-Encoding': 'chunked', 'Connection': 'keep-alive', 'X-Powered-By': 'Express', 'Access-Control-Allow-Origin': '*', 'Cache-Control': 'no-cache', 'ETag': 'W/"499-J4fLIHoi99MoD4WU7AVpymqjldA"', 'Vary': 'Accept-Encoding', 'Content-Encoding': 'gzip', 'CF-Cache-Status': 'DYNAMIC', 'Report-To': '{"endpoints":[{"url":"https:\\/\\/a.nel.cloudflare.com\\/report\\/v4?s=Ow7IvNGJg4iaFe%2BKISwXQBUNNK7mlEYuj%2FflaRe8SzEDLoqTru2vDeIuhSyZoWotKPD%2FbNJ7j2L3ye%2FgTolzfXicH0J9NUH8gO%2B5MWgDGoHoPPr5enhG3yMboFvTSA9J"}],"group":"cf-nel","max_age":604800}', 'NEL': '{"success_fraction":0,"report_to":"cf-nel","max_age":604800}', 'Server': 'cloudflare', 'CF-RAY': '8ae97648ab9382ed-IAD', 'alt-svc': 'h3=":443"; ma=86400'} 
 body={"results":[{"gender":"female","name":{"title":"Ms","first":"Lovise","last":"Skrede"},"location":{"street":{"number":8382,"name":"Linstows gate"},"city":"Reinsvoll","state":"Description","country":"Norway","postcode":"7441","coordinates":{"latitude":"42.4098","longitude":"11.7799"},"timezone":{"offset":"0:00","description":"Western Europe Time, London, Lisbon, Casablanca"}},"email":"lovise.skrede@example.com","login":{"uuid":"9cf7d893-ba51-4238-a6b4-5ae7e887d8ab","username":"crazyfrog668","password":"quentin","salt":"OvhjpGky","md5":"dc0e87cfc259f524e3805d2fa307f3f1","sha1":"fab44af413e2cf8a93a1847d4e87407cabfd5154","sha256":"38e02fccb92861d225895d78a3978334a770f7ca9db0efbd4847d236ae6ac09e"},"dob":{"date":"1997-03-24T22:23:56.833Z","age":27},"registered":{"date":"2012-03-31T21:02:43.709Z","age":12},"phone":"65485671","cell":"43910919","id":{"name":"FN","value":"24039737449"},"picture":{"large":"https://randomuser.me/api/portraits/women/85.jpg","medium":"https://randomuser.me/api/portraits/med/women/85.jpg","thumbnail":"https://randomuser.me/api/portraits/thumb/women/85.jpg"},"nat":"NO"}],"info":{"seed":"01f29f6205f72dbc","results":1,"page":1,"version":"1.4"}} 
 </msg>
<msg time="2024-08-05T20:15:56.339544" level="INFO">/opt/hostedtoolcache/Python/3.12.4/x64/lib/python3.12/site-packages/urllib3/connectionpool.py:1099: InsecureRequestWarning: Unverified HTTPS request is being made to host 'randomuser.me'. Adding certificate verification is strongly advised. See: https://urllib3.readthedocs.io/en/latest/advanced-usage.html#tls-warnings
  warnings.warn(</msg>
<msg time="2024-08-05T20:15:56.339683" level="INFO">${response} = &lt;Response [200]&gt;</msg>
<var>${response}</var>
<arg>consultarAPI</arg>
<arg>/api</arg>
<doc>Sends a GET request on a previously created HTTP Session.</doc>
<status status="PASS" start="2024-08-05T20:15:56.260175" elapsed="0.079553"/>
</kw>
<kw name="Set Variable" owner="BuiltIn">
<msg time="2024-08-05T20:15:56.340802" level="INFO">${json_data} = {'results': [{'gender': 'female', 'name': {'title': 'Ms', 'first': 'Lovise', 'last': 'Skrede'}, 'location': {'street': {'number': 8382, 'name': 'Linstows gate'}, 'city': 'Reinsvoll', 'state': 'Descrip...</msg>
<var>${json_data}</var>
<arg>${response.json()}</arg>
<doc>Returns the given values which can then be assigned to a variables.</doc>
<status status="PASS" start="2024-08-05T20:15:56.340273" elapsed="0.000559"/>
</kw>
<kw name="Set Variable" owner="BuiltIn">
<msg time="2024-08-05T20:15:56.341515" level="INFO">${name_title} = Ms</msg>
<var>${name_title}</var>
<arg>${json_data["results"][0]["name"]["title"]}</arg>
<doc>Returns the given values which can then be assigned to a variables.</doc>
<status status="PASS" start="2024-08-05T20:15:56.341136" elapsed="0.000405"/>
</kw>
<kw name="Create List" owner="BuiltIn">
<msg time="2024-08-05T20:15:56.341994" level="INFO">${allowed_titles} = ['Mr', 'Ms', 'Miss', 'Mrs', 'Madame', 'Monsieur']</msg>
<var>${allowed_titles}</var>
<arg>Mr</arg>
<arg>Ms</arg>
<arg>Miss</arg>
<arg>Mrs</arg>
<arg>Madame</arg>
<arg>Monsieur</arg>
<doc>Returns a list containing given items.</doc>
<status status="PASS" start="2024-08-05T20:15:56.341836" elapsed="0.000183"/>
</kw>
<kw name="List Should Contain Value" owner="Collections">
<arg>${allowed_titles}</arg>
<arg>${name_title}</arg>
<doc>Fails if the ``value`` is not found from ``list``.</doc>
<status status="PASS" start="2024-08-05T20:15:56.342319" elapsed="0.000182"/>
</kw>
<kw name="Set Variable" owner="BuiltIn">
<msg time="2024-08-05T20:15:56.343049" level="INFO">${name_country} = NO</msg>
<var>${name_country}</var>
<arg>${json_data["results"][0]["nat"]}</arg>
<doc>Returns the given values which can then be assigned to a variables.</doc>
<status status="PASS" start="2024-08-05T20:15:56.342681" elapsed="0.000393"/>
</kw>
<kw name="Create List" owner="BuiltIn">
<msg time="2024-08-05T20:15:56.344002" level="INFO">${list_country} = ['AD', 'AE', 'AF', 'AG', 'AI', 'AL', 'AM', 'AO', 'AQ', 'AR', 'AS', 'AT', 'AU', 'AW', 'AX', 'AZ', 'BA', 'BB', 'BD', 'BE', 'BF', 'BG', 'BH', 'BI', 'BJ', 'BL', 'BM', 'BN', 'BO', 'BQ', 'BR', 'BS', 'BT', '...</msg>
<var>${list_country}</var>
<arg>AD</arg>
<arg>AE</arg>
<arg>AF</arg>
<arg>AG</arg>
<arg>AI</arg>
<arg>AL</arg>
<arg>AM</arg>
<arg>AO</arg>
<arg>AQ</arg>
<arg>AR</arg>
<arg>AS</arg>
<arg>AT</arg>
<arg>AU</arg>
<arg>AW</arg>
<arg>AX</arg>
<arg>AZ</arg>
<arg>BA</arg>
<arg>BB</arg>
<arg>BD</arg>
<arg>BE</arg>
<arg>BF</arg>
<arg>BG</arg>
<arg>BH</arg>
<arg>BI</arg>
<arg>BJ</arg>
<arg>BL</arg>
<arg>BM</arg>
<arg>BN</arg>
<arg>BO</arg>
<arg>BQ</arg>
<arg>BR</arg>
<arg>BS</arg>
<arg>BT</arg>
<arg>BV</arg>
<arg>BW</arg>
<arg>BY</arg>
<arg>BZ</arg>
<arg>CA</arg>
<arg>CC</arg>
<arg>CD</arg>
<arg>CF</arg>
<arg>CG</arg>
<arg>CH</arg>
<arg>CI</arg>
<arg>CK</arg>
<arg>CL</arg>
<arg>CM</arg>
<arg>CN</arg>
<arg>CO</arg>
<arg>CR</arg>
<arg>CU</arg>
<arg>CV</arg>
<arg>CW</arg>
<arg>CX</arg>
<arg>CY</arg>
<arg>CZ</arg>
<arg>DE</arg>
<arg>DJ</arg>
<arg>DK</arg>
<arg>DM</arg>
<arg>DO</arg>
<arg>DZ</arg>
<arg>EC</arg>
<arg>EE</arg>
<arg>EG</arg>
<arg>EH</arg>
<arg>ER</arg>
<arg>ES</arg>
<arg>ET</arg>
<arg>FI</arg>
<arg>FJ</arg>
<arg>FK</arg>
<arg>FM</arg>
<arg>FO</arg>
<arg>FR</arg>
<arg>GA</arg>
<arg>GB</arg>
<arg>GD</arg>
<arg>GE</arg>
<arg>GF</arg>
<arg>GG</arg>
<arg>GH</arg>
<arg>GI</arg>
<arg>GL</arg>
<arg>GM</arg>
<arg>GN</arg>
<arg>GP</arg>
<arg>GQ</arg>
<arg>GR</arg>
<arg>GS</arg>
<arg>GT</arg>
<arg>GU</arg>
<arg>GW</arg>
<arg>GY</arg>
<arg>HK</arg>
<arg>HM</arg>
<arg>HN</arg>
<arg>HR</arg>
<arg>HT</arg>
<arg>HU</arg>
<arg>ID</arg>
<arg>IE</arg>
<arg>IL</arg>
<arg>IM</arg>
<arg>IN</arg>
<arg>IO</arg>
<arg>IQ</arg>
<arg>IR</arg>
<arg>IS</arg>
<arg>IT</arg>
<arg>JE</arg>
<arg>JM</arg>
<arg>JO</arg>
<arg>JP</arg>
<arg>KE</arg>
<arg>KG</arg>
<arg>KH</arg>
<arg>KI</arg>
<arg>KM</arg>
<arg>KN</arg>
<arg>KP</arg>
<arg>KR</arg>
<arg>KW</arg>
<arg>KY</arg>
<arg>KZ</arg>
<arg>LA</arg>
<arg>LB</arg>
<arg>LC</arg>
<arg>LI</arg>
<arg>LK</arg>
<arg>LR</arg>
<arg>LS</arg>
<arg>LT</arg>
<arg>LU</arg>
<arg>LV</arg>
<arg>LY</arg>
<arg>MA</arg>
<arg>MC</arg>
<arg>MD</arg>
<arg>ME</arg>
<arg>MF</arg>
<arg>MG</arg>
<arg>MH</arg>
<arg>MK</arg>
<arg>ML</arg>
<arg>MM</arg>
<arg>MN</arg>
<arg>MO</arg>
<arg>MP</arg>
<arg>MQ</arg>
<arg>MR</arg>
<arg>MS</arg>
<arg>MT</arg>
<arg>MU</arg>
<arg>MV</arg>
<arg>MW</arg>
<arg>MX</arg>
<arg>MY</arg>
<arg>MZ</arg>
<arg>NA</arg>
<arg>NC</arg>
<arg>NE</arg>
<arg>NF</arg>
<arg>NG</arg>
<arg>NI</arg>
<arg>NL</arg>
<arg>NO</arg>
<arg>NP</arg>
<arg>NR</arg>
<arg>NU</arg>
<arg>NZ</arg>
<arg>OM</arg>
<arg>PA</arg>
<arg>PE</arg>
<arg>PF</arg>
<arg>PG</arg>
<arg>PH</arg>
<arg>PK</arg>
<arg>PL</arg>
<arg>PM</arg>
<arg>PN</arg>
<arg>PR</arg>
<arg>PS</arg>
<arg>PT</arg>
<arg>PW</arg>
<arg>PY</arg>
<arg>QA</arg>
<arg>RE</arg>
<arg>RO</arg>
<arg>RS</arg>
<arg>RU</arg>
<arg>RW</arg>
<arg>SA</arg>
<arg>SB</arg>
<arg>SC</arg>
<arg>SD</arg>
<arg>SE</arg>
<arg>SG</arg>
<arg>SH</arg>
<arg>SI</arg>
<arg>SJ</arg>
<arg>SK</arg>
<arg>SL</arg>
<arg>SM</arg>
<arg>SN</arg>
<arg>SO</arg>
<arg>SR</arg>
<arg>SS</arg>
<arg>ST</arg>
<arg>SV</arg>
<arg>SX</arg>
<arg>SY</arg>
<arg>SZ</arg>
<arg>TC</arg>
<arg>TD</arg>
<arg>TF</arg>
<arg>TG</arg>
<arg>TH</arg>
<arg>TJ</arg>
<arg>TK</arg>
<arg>TL</arg>
<arg>TM</arg>
<arg>TN</arg>
<arg>TO</arg>
<arg>TR</arg>
<arg>TT</arg>
<arg>TV</arg>
<arg>TW</arg>
<arg>TZ</arg>
<arg>UA</arg>
<arg>UG</arg>
<arg>UM</arg>
<arg>US</arg>
<arg>UY</arg>
<arg>UZ</arg>
<arg>VA</arg>
<arg>VC</arg>
<arg>VE</arg>
<arg>VG</arg>
<arg>VI</arg>
<arg>VN</arg>
<arg>VU</arg>
<arg>WF</arg>
<arg>WS</arg>
<arg>XK</arg>
<arg>YE</arg>
<arg>YT</arg>
<arg>ZA</arg>
<arg>ZM</arg>
<arg>ZW</arg>
<doc>Returns a list containing given items.</doc>
<status status="PASS" start="2024-08-05T20:15:56.343360" elapsed="0.000669"/>
</kw>
<kw name="List Should Contain Value" owner="Collections">
<arg>${list_country}</arg>
<arg>${name_country}</arg>
<doc>Fails if the ``value`` is not found from ``list``.</doc>
<status status="PASS" start="2024-08-05T20:15:56.345021" elapsed="0.000211"/>
</kw>
<kw name="Run Keyword If" owner="BuiltIn">
<kw name="Should Be True" owner="BuiltIn">
<arg>${True}</arg>
<doc>Fails if the given condition is not true.</doc>
<status status="PASS" start="2024-08-05T20:15:56.346173" elapsed="0.000142"/>
</kw>
<arg>${json_data["results"][0]["location"]["coordinates"]["latitude"]} &gt;= -90 and ${json_data["results"][0]["location"]["coordinates"]["latitude"]} &lt;= 90</arg>
<arg>Should Be True</arg>
<arg>${True}</arg>
<doc>Runs the given keyword with the given arguments, if ``condition`` is true.</doc>
<status status="PASS" start="2024-08-05T20:15:56.345430" elapsed="0.001009"/>
</kw>
<kw name="Run Keyword If" owner="BuiltIn">
<kw name="Should Be True" owner="BuiltIn">
<arg>${True}</arg>
<doc>Fails if the given condition is not true.</doc>
<status status="PASS" start="2024-08-05T20:15:56.347307" elapsed="0.000148"/>
</kw>
<arg>${json_data["results"][0]["location"]["coordinates"]["longitude"]} &gt;= -180 and ${json_data["results"][0]["location"]["coordinates"]["longitude"]} &lt;= 180</arg>
<arg>Should Be True</arg>
<arg>${True}</arg>
<doc>Runs the given keyword with the given arguments, if ``condition`` is true.</doc>
<status status="PASS" start="2024-08-05T20:15:56.346618" elapsed="0.000957"/>
</kw>
<status status="PASS" start="2024-08-05T20:15:56.259927" elapsed="0.087777"/>
</kw>
<doc>Testa o conteúdo específico dos campos retornados pela API.</doc>
<tag>testeConteudo</tag>
<status status="PASS" start="2024-08-05T20:15:56.259462" elapsed="0.088393"/>
</test>
<status status="PASS" start="2024-08-05T20:15:55.387147" elapsed="0.962649"/>
</suite>
<status status="PASS" start="2024-08-05T20:15:55.372689" elapsed="0.982101"/>
</suite>
<statistics>
<total>
<stat pass="5" fail="0" skip="0">All Tests</stat>
</total>
<tag>
<stat pass="1" fail="0" skip="0">testeConteudo</stat>
<stat pass="1" fail="0" skip="0">testeEstruturaResposta</stat>
<stat pass="1" fail="0" skip="0">testeRequisicaoBasica</stat>
<stat pass="1" fail="0" skip="0">testeTiposDados</stat>
</tag>
<suite>
<stat pass="5" fail="0" skip="0" id="s1" name="Tests">Tests</stat>
<stat pass="5" fail="0" skip="0" id="s1-s1" name="Random-User-Test">Tests.Random-User-Test</stat>
</suite>
</statistics>
<errors>
</errors>
</robot>
