<?xml version="1.0" encoding="UTF-8"?>
<robot generator="Robot 7.0 (Python 3.12.3 on linux)" generated="2024-05-16T22:14:27.679201" rpa="false" schemaversion="5">
<suite id="s1" name="Tests" source="/home/runner/work/DesafioQAItauRogerioJordao/DesafioQAItauRogerioJordao/RamdonUser/tests">
<suite id="s1-s1" name="Random-User-Test" source="/home/runner/work/DesafioQAItauRogerioJordao/DesafioQAItauRogerioJordao/RamdonUser/tests/random-user-test.robot">
<test id="s1-s1-t1" name="Conectar" line="13">
<kw name="Conectar API" owner="random-user-service">
<kw name="Create Session" owner="RequestsLibrary">
<msg time="2024-05-16T22:14:28.039806" level="INFO">Creating Session using : alias=consultarAPI, url=https://randomuser.me/, headers={},                     cookies={}, auth=None, timeout=None, proxies=None, verify=False,                     debug=0 </msg>
<arg>consultarAPI</arg>
<arg>${URL}</arg>
<doc>Create Session: create a HTTP session to a server</doc>
<status status="PASS" start="2024-05-16T22:14:28.039600" elapsed="0.000375"/>
</kw>
<status status="PASS" start="2024-05-16T22:14:28.038614" elapsed="0.001714"/>
</kw>
<status status="PASS" start="2024-05-16T22:14:28.038062" elapsed="0.002460"/>
</test>
<test id="s1-s1-t2" name="Validar retorno 200 e JSON Válido" line="16">
<kw name="Teste de Requisicao Basica" owner="random-user-service">
<kw name="GET On Session" owner="RequestsLibrary">
<msg time="2024-05-16T22:14:28.128882" level="INFO">GET Request : url=https://randomuser.me/api 
 path_url=/api 
 headers={'User-Agent': 'python-requests/2.31.0', 'Accept-Encoding': 'gzip, deflate', 'Accept': '*/*', 'Connection': 'keep-alive'} 
 body=None 
 </msg>
<msg time="2024-05-16T22:14:28.129039" level="INFO">GET Response : url=https://randomuser.me/api 
 status=200, reason=OK 
 headers={'Date': 'Thu, 16 May 2024 22:14:28 GMT', 'Content-Type': 'application/json; charset=utf-8', 'Transfer-Encoding': 'chunked', 'Connection': 'keep-alive', 'X-Powered-By': 'Express', 'Access-Control-Allow-Origin': '*', 'Cache-Control': 'no-cache', 'ETag': 'W/"490-n7BWrYycZSAA/DWNXMK6ZMTGuQA"', 'Vary': 'Accept-Encoding', 'Content-Encoding': 'gzip', 'CF-Cache-Status': 'DYNAMIC', 'Report-To': '{"endpoints":[{"url":"https:\\/\\/a.nel.cloudflare.com\\/report\\/v4?s=krqVhuGqSpZu6it%2BtD4ScJzFWw41Hk4GSE1oDF%2FYmIVEjS0HHysSfTfzGVmn%2FsIEf7Mo5l7pw9XUjzLeCfWwwgbucEIi3Y7m9U5CEPhXiUbXRf6JRDzEUfK29W%2BRrCBt"}],"group":"cf-nel","max_age":604800}', 'NEL': '{"success_fraction":0,"report_to":"cf-nel","max_age":604800}', 'Server': 'cloudflare', 'CF-RAY': '884eb8898e5638fb-IAD', 'alt-svc': 'h3=":443"; ma=86400'} 
 body={"results":[{"gender":"male","name":{"title":"Mr","first":"Fred","last":"Cunningham"},"location":{"street":{"number":7139,"name":"Green Lane"},"city":"Tipperary","state":"South Dublin","country":"Ireland","postcode":26969,"coordinates":{"latitude":"-2.2287","longitude":"-77.0995"},"timezone":{"offset":"+8:00","description":"Beijing, Perth, Singapore, Hong Kong"}},"email":"fred.cunningham@example.com","login":{"uuid":"52db4ed3-f1af-40da-8727-da0abbde7fc9","username":"bigkoala882","password":"internet","salt":"8gN7d1Pc","md5":"601d373549bc3cd07df6161459c831a4","sha1":"6a2718e2adfc0c4f09da60de3ef1ac7d3868a194","sha256":"bfafc4dd55b1b063eacd3659df64fb80e0db02a81f25ed62cf43be82884e74fa"},"dob":{"date":"1983-05-25T02:39:03.092Z","age":40},"registered":{"date":"2002-08-29T17:27:10.623Z","age":21},"phone":"051-789-4975","cell":"081-100-8596","id":{"name":"PPS","value":"6855768T"},"picture":{"large":"https://randomuser.me/api/portraits/men/65.jpg","medium":"https://randomuser.me/api/portraits/med/men/65.jpg","thumbnail":"https://randomuser.me/api/portraits/thumb/men/65.jpg"},"nat":"IE"}],"info":{"seed":"e39a5aa54b47fbbd","results":1,"page":1,"version":"1.4"}} 
 </msg>
<msg time="2024-05-16T22:14:28.129130" level="INFO">/opt/hostedtoolcache/Python/3.12.3/x64/lib/python3.12/site-packages/urllib3/connectionpool.py:1103: InsecureRequestWarning: Unverified HTTPS request is being made to host 'randomuser.me'. Adding certificate verification is strongly advised. See: https://urllib3.readthedocs.io/en/latest/advanced-usage.html#tls-warnings
  warnings.warn(</msg>
<msg time="2024-05-16T22:14:28.129297" level="INFO">${response} = &lt;Response [200]&gt;</msg>
<var>${response}</var>
<arg>consultarAPI</arg>
<arg>/api</arg>
<doc>Sends a GET request on a previously created HTTP Session.</doc>
<status status="PASS" start="2024-05-16T22:14:28.043169" elapsed="0.086178"/>
</kw>
<kw name="Should Be Equal As Numbers" owner="BuiltIn">
<msg time="2024-05-16T22:14:28.130484" level="INFO">Argument types are:
&lt;class 'int'&gt;
&lt;class 'str'&gt;</msg>
<arg>${response.status_code}</arg>
<arg>200</arg>
<doc>Fails if objects are unequal after converting them to real numbers.</doc>
<status status="PASS" start="2024-05-16T22:14:28.129984" elapsed="0.000568"/>
</kw>
<kw name="Log" owner="BuiltIn">
<msg time="2024-05-16T22:14:28.131326" level="INFO">200</msg>
<arg>${response.status_code}</arg>
<doc>Logs the given message with the given level.</doc>
<status status="PASS" start="2024-05-16T22:14:28.130959" elapsed="0.000409"/>
</kw>
<kw name="Set Variable" owner="BuiltIn">
<msg time="2024-05-16T22:14:28.132146" level="INFO">${json_data} = {'results': [{'gender': 'male', 'name': {'title': 'Mr', 'first': 'Fred', 'last': 'Cunningham'}, 'location': {'street': {'number': 7139, 'name': 'Green Lane'}, 'city': 'Tipperary', 'state': 'South Dubl...</msg>
<var>${json_data}</var>
<arg>${response.json()}</arg>
<doc>Returns the given values which can then be assigned to a variables.</doc>
<status status="PASS" start="2024-05-16T22:14:28.131689" elapsed="0.000486"/>
</kw>
<kw name="Dictionary Should Contain Key" owner="Collections">
<msg time="2024-05-16T22:14:28.132658" level="INFO">False</msg>
<arg>${json_data}</arg>
<arg>results</arg>
<doc>Fails if ``key`` is not found from ``dictionary``.</doc>
<status status="PASS" start="2024-05-16T22:14:28.132483" elapsed="0.000215"/>
</kw>
<status status="PASS" start="2024-05-16T22:14:28.042921" elapsed="0.090038"/>
</kw>
<doc>Testa se a API responde corretamente e retorna um objeto JSON válido.</doc>
<tag>testeRequisicaoBasica</tag>
<status status="PASS" start="2024-05-16T22:14:28.042441" elapsed="0.090707"/>
</test>
<test id="s1-s1-t3" name="Validar estrutura de resposta" line="22">
<kw name="Teste de Estrutura de Resposta" owner="random-user-service">
<kw name="GET On Session" owner="RequestsLibrary">
<msg time="2024-05-16T22:14:28.221547" level="INFO">GET Request : url=https://randomuser.me/api 
 path_url=/api 
 headers={'User-Agent': 'python-requests/2.31.0', 'Accept-Encoding': 'gzip, deflate', 'Accept': '*/*', 'Connection': 'keep-alive'} 
 body=None 
 </msg>
<msg time="2024-05-16T22:14:28.221624" level="INFO">GET Response : url=https://randomuser.me/api 
 status=200, reason=OK 
 headers={'Date': 'Thu, 16 May 2024 22:14:28 GMT', 'Content-Type': 'application/json; charset=utf-8', 'Transfer-Encoding': 'chunked', 'Connection': 'keep-alive', 'X-Powered-By': 'Express', 'Access-Control-Allow-Origin': '*', 'Cache-Control': 'no-cache', 'ETag': 'W/"49b-aBkHYpI8p/fh8y2SMahHQbVm8cY"', 'Vary': 'Accept-Encoding', 'Content-Encoding': 'gzip', 'CF-Cache-Status': 'DYNAMIC', 'Report-To': '{"endpoints":[{"url":"https:\\/\\/a.nel.cloudflare.com\\/report\\/v4?s=Jb6kBZmBmsjvqhUW9uAQQN1RmBC46sQwjK0iRxmY57ehP%2FHyTq9CjrQNPf1y1ELinOWiuk8Ky0MK2ongEWADhekvrA4YFfKpc4A%2BVoy9Wp6fjRS5W1lSSNXR%2FMp%2F3JkO"}],"group":"cf-nel","max_age":604800}', 'NEL': '{"success_fraction":0,"report_to":"cf-nel","max_age":604800}', 'Server': 'cloudflare', 'CF-RAY': '884eb889eec438fb-IAD', 'alt-svc': 'h3=":443"; ma=86400'} 
 body={"results":[{"gender":"female","name":{"title":"Mademoiselle","first":"Käthi","last":"Henry"},"location":{"street":{"number":228,"name":"Rue Bossuet"},"city":"Zwischbergen","state":"St. Gallen","country":"Switzerland","postcode":5801,"coordinates":{"latitude":"-57.4020","longitude":"138.6629"},"timezone":{"offset":"+6:00","description":"Almaty, Dhaka, Colombo"}},"email":"kathi.henry@example.com","login":{"uuid":"87ac06fb-3a0f-4096-b2bc-e2fe618ca61a","username":"smalltiger228","password":"randy1","salt":"Na0aKA7i","md5":"b827c6d776737dca2a25f4c0812fd46e","sha1":"07096ac65dc8e5c4ce8aff8c3cf351f8572936e2","sha256":"75e523d19bfde5d9783d9d791ea6c18387dec23b0ccdb2318b91a3fe48ee0bde"},"dob":{"date":"1999-12-12T23:35:46.300Z","age":24},"registered":{"date":"2020-04-24T09:11:31.184Z","age":4},"phone":"078 640 67 16","cell":"079 065 72 63","id":{"name":"AVS","value":"756.3600.5260.83"},"picture":{"large":"https://randomuser.me/api/portraits/women/37.jpg","medium":"https://randomuser.me/api/portraits/med/women/37.jpg","thumbnail":"https://randomuser.me/api/portraits/thumb/women/37.jpg"},"nat":"CH"}],"info":{"seed":"2511c4ecf3c989b2","results":1,"page":1,"version":"1.4"}} 
 </msg>
<msg time="2024-05-16T22:14:28.221723" level="INFO">/opt/hostedtoolcache/Python/3.12.3/x64/lib/python3.12/site-packages/urllib3/connectionpool.py:1103: InsecureRequestWarning: Unverified HTTPS request is being made to host 'randomuser.me'. Adding certificate verification is strongly advised. See: https://urllib3.readthedocs.io/en/latest/advanced-usage.html#tls-warnings
  warnings.warn(</msg>
<msg time="2024-05-16T22:14:28.221822" level="INFO">${response} = &lt;Response [200]&gt;</msg>
<var>${response}</var>
<arg>consultarAPI</arg>
<arg>/api</arg>
<doc>Sends a GET request on a previously created HTTP Session.</doc>
<status status="PASS" start="2024-05-16T22:14:28.135886" elapsed="0.085975"/>
</kw>
<kw name="Set Variable" owner="BuiltIn">
<msg time="2024-05-16T22:14:28.222750" level="INFO">${json_data} = {'results': [{'gender': 'female', 'name': {'title': 'Mademoiselle', 'first': 'Käthi', 'last': 'Henry'}, 'location': {'street': {'number': 228, 'name': 'Rue Bossuet'}, 'city': 'Zwischbergen', 'state': ...</msg>
<var>${json_data}</var>
<arg>${response.json()}</arg>
<doc>Returns the given values which can then be assigned to a variables.</doc>
<status status="PASS" start="2024-05-16T22:14:28.222245" elapsed="0.000538"/>
</kw>
<kw name="Log" owner="BuiltIn">
<msg time="2024-05-16T22:14:28.223263" level="INFO">{'results': [{'gender': 'female', 'name': {'title': 'Mademoiselle', 'first': 'Käthi', 'last': 'Henry'}, 'location': {'street': {'number': 228, 'name': 'Rue Bossuet'}, 'city': 'Zwischbergen', 'state': 'St. Gallen', 'country': 'Switzerland', 'postcode': 5801, 'coordinates': {'latitude': '-57.4020', 'longitude': '138.6629'}, 'timezone': {'offset': '+6:00', 'description': 'Almaty, Dhaka, Colombo'}}, 'email': 'kathi.henry@example.com', 'login': {'uuid': '87ac06fb-3a0f-4096-b2bc-e2fe618ca61a', 'username': 'smalltiger228', 'password': 'randy1', 'salt': 'Na0aKA7i', 'md5': 'b827c6d776737dca2a25f4c0812fd46e', 'sha1': '07096ac65dc8e5c4ce8aff8c3cf351f8572936e2', 'sha256': '75e523d19bfde5d9783d9d791ea6c18387dec23b0ccdb2318b91a3fe48ee0bde'}, 'dob': {'date': '1999-12-12T23:35:46.300Z', 'age': 24}, 'registered': {'date': '2020-04-24T09:11:31.184Z', 'age': 4}, 'phone': '078 640 67 16', 'cell': '079 065 72 63', 'id': {'name': 'AVS', 'value': '756.3600.5260.83'}, 'picture': {'large': 'https://randomuser.me/api/portraits/women/37.jpg', 'medium': 'https://randomuser.me/api/portraits/med/women/37.jpg', 'thumbnail': 'https://randomuser.me/api/portraits/thumb/women/37.jpg'}, 'nat': 'CH'}], 'info': {'seed': '2511c4ecf3c989b2', 'results': 1, 'page': 1, 'version': '1.4'}}</msg>
<arg>${json_data}</arg>
<doc>Logs the given message with the given level.</doc>
<status status="PASS" start="2024-05-16T22:14:28.223101" elapsed="0.000209"/>
</kw>
<kw name="Dictionary Should Contain Key" owner="Collections">
<msg time="2024-05-16T22:14:28.223772" level="INFO">False</msg>
<arg>${json_data}</arg>
<arg>results</arg>
<doc>Fails if ``key`` is not found from ``dictionary``.</doc>
<status status="PASS" start="2024-05-16T22:14:28.223611" elapsed="0.000198"/>
</kw>
<kw name="Should Not Be Empty" owner="BuiltIn">
<msg time="2024-05-16T22:14:28.224234" level="INFO">Length is 2.</msg>
<arg>${json_data}</arg>
<doc>Verifies that the given item is not empty.</doc>
<status status="PASS" start="2024-05-16T22:14:28.224103" elapsed="0.000307"/>
</kw>
<kw name="Create List" owner="BuiltIn">
<msg time="2024-05-16T22:14:28.224862" level="INFO">${expected_keys} = ['gender', 'name', 'location', 'email', 'login']</msg>
<var>${expected_keys}</var>
<arg>gender</arg>
<arg>name</arg>
<arg>location</arg>
<arg>email</arg>
<arg>login</arg>
<doc>Returns a list containing given items.</doc>
<status status="PASS" start="2024-05-16T22:14:28.224707" elapsed="0.000179"/>
</kw>
<for flavor="IN">
<iter>
<kw name="Dictionary Should Contain Key" owner="Collections">
<msg time="2024-05-16T22:14:28.225872" level="INFO">False</msg>
<arg>${json_data['results'][0]}</arg>
<arg>${key}</arg>
<doc>Fails if ``key`` is not found from ``dictionary``.</doc>
<status status="PASS" start="2024-05-16T22:14:28.225466" elapsed="0.000445"/>
</kw>
<kw name="Log" owner="BuiltIn">
<msg time="2024-05-16T22:14:28.226577" level="INFO">{'gender': 'female', 'name': {'title': 'Mademoiselle', 'first': 'Käthi', 'last': 'Henry'}, 'location': {'street': {'number': 228, 'name': 'Rue Bossuet'}, 'city': 'Zwischbergen', 'state': 'St. Gallen', 'country': 'Switzerland', 'postcode': 5801, 'coordinates': {'latitude': '-57.4020', 'longitude': '138.6629'}, 'timezone': {'offset': '+6:00', 'description': 'Almaty, Dhaka, Colombo'}}, 'email': 'kathi.henry@example.com', 'login': {'uuid': '87ac06fb-3a0f-4096-b2bc-e2fe618ca61a', 'username': 'smalltiger228', 'password': 'randy1', 'salt': 'Na0aKA7i', 'md5': 'b827c6d776737dca2a25f4c0812fd46e', 'sha1': '07096ac65dc8e5c4ce8aff8c3cf351f8572936e2', 'sha256': '75e523d19bfde5d9783d9d791ea6c18387dec23b0ccdb2318b91a3fe48ee0bde'}, 'dob': {'date': '1999-12-12T23:35:46.300Z', 'age': 24}, 'registered': {'date': '2020-04-24T09:11:31.184Z', 'age': 4}, 'phone': '078 640 67 16', 'cell': '079 065 72 63', 'id': {'name': 'AVS', 'value': '756.3600.5260.83'}, 'picture': {'large': 'https://randomuser.me/api/portraits/women/37.jpg', 'medium': 'https://randomuser.me/api/portraits/med/women/37.jpg', 'thumbnail': 'https://randomuser.me/api/portraits/thumb/women/37.jpg'}, 'nat': 'CH'}</msg>
<arg>${json_data['results'][0]}</arg>
<doc>Logs the given message with the given level.</doc>
<status status="PASS" start="2024-05-16T22:14:28.226213" elapsed="0.000423"/>
</kw>
<kw name="Log" owner="BuiltIn">
<msg time="2024-05-16T22:14:28.227101" level="INFO">gender</msg>
<arg>${key}</arg>
<doc>Logs the given message with the given level.</doc>
<status status="PASS" start="2024-05-16T22:14:28.226970" elapsed="0.000168"/>
</kw>
<var name="${key}">gender</var>
<status status="PASS" start="2024-05-16T22:14:28.225335" elapsed="0.002018"/>
</iter>
<iter>
<kw name="Dictionary Should Contain Key" owner="Collections">
<msg time="2024-05-16T22:14:28.228045" level="INFO">False</msg>
<arg>${json_data['results'][0]}</arg>
<arg>${key}</arg>
<doc>Fails if ``key`` is not found from ``dictionary``.</doc>
<status status="PASS" start="2024-05-16T22:14:28.227659" elapsed="0.000423"/>
</kw>
<kw name="Log" owner="BuiltIn">
<msg time="2024-05-16T22:14:28.228765" level="INFO">{'gender': 'female', 'name': {'title': 'Mademoiselle', 'first': 'Käthi', 'last': 'Henry'}, 'location': {'street': {'number': 228, 'name': 'Rue Bossuet'}, 'city': 'Zwischbergen', 'state': 'St. Gallen', 'country': 'Switzerland', 'postcode': 5801, 'coordinates': {'latitude': '-57.4020', 'longitude': '138.6629'}, 'timezone': {'offset': '+6:00', 'description': 'Almaty, Dhaka, Colombo'}}, 'email': 'kathi.henry@example.com', 'login': {'uuid': '87ac06fb-3a0f-4096-b2bc-e2fe618ca61a', 'username': 'smalltiger228', 'password': 'randy1', 'salt': 'Na0aKA7i', 'md5': 'b827c6d776737dca2a25f4c0812fd46e', 'sha1': '07096ac65dc8e5c4ce8aff8c3cf351f8572936e2', 'sha256': '75e523d19bfde5d9783d9d791ea6c18387dec23b0ccdb2318b91a3fe48ee0bde'}, 'dob': {'date': '1999-12-12T23:35:46.300Z', 'age': 24}, 'registered': {'date': '2020-04-24T09:11:31.184Z', 'age': 4}, 'phone': '078 640 67 16', 'cell': '079 065 72 63', 'id': {'name': 'AVS', 'value': '756.3600.5260.83'}, 'picture': {'large': 'https://randomuser.me/api/portraits/women/37.jpg', 'medium': 'https://randomuser.me/api/portraits/med/women/37.jpg', 'thumbnail': 'https://randomuser.me/api/portraits/thumb/women/37.jpg'}, 'nat': 'CH'}</msg>
<arg>${json_data['results'][0]}</arg>
<doc>Logs the given message with the given level.</doc>
<status status="PASS" start="2024-05-16T22:14:28.228405" elapsed="0.000410"/>
</kw>
<kw name="Log" owner="BuiltIn">
<msg time="2024-05-16T22:14:28.229247" level="INFO">name</msg>
<arg>${key}</arg>
<doc>Logs the given message with the given level.</doc>
<status status="PASS" start="2024-05-16T22:14:28.229118" elapsed="0.000166"/>
</kw>
<var name="${key}">name</var>
<status status="PASS" start="2024-05-16T22:14:28.227541" elapsed="0.001962"/>
</iter>
<iter>
<kw name="Dictionary Should Contain Key" owner="Collections">
<msg time="2024-05-16T22:14:28.230175" level="INFO">False</msg>
<arg>${json_data['results'][0]}</arg>
<arg>${key}</arg>
<doc>Fails if ``key`` is not found from ``dictionary``.</doc>
<status status="PASS" start="2024-05-16T22:14:28.229796" elapsed="0.000416"/>
</kw>
<kw name="Log" owner="BuiltIn">
<msg time="2024-05-16T22:14:28.230920" level="INFO">{'gender': 'female', 'name': {'title': 'Mademoiselle', 'first': 'Käthi', 'last': 'Henry'}, 'location': {'street': {'number': 228, 'name': 'Rue Bossuet'}, 'city': 'Zwischbergen', 'state': 'St. Gallen', 'country': 'Switzerland', 'postcode': 5801, 'coordinates': {'latitude': '-57.4020', 'longitude': '138.6629'}, 'timezone': {'offset': '+6:00', 'description': 'Almaty, Dhaka, Colombo'}}, 'email': 'kathi.henry@example.com', 'login': {'uuid': '87ac06fb-3a0f-4096-b2bc-e2fe618ca61a', 'username': 'smalltiger228', 'password': 'randy1', 'salt': 'Na0aKA7i', 'md5': 'b827c6d776737dca2a25f4c0812fd46e', 'sha1': '07096ac65dc8e5c4ce8aff8c3cf351f8572936e2', 'sha256': '75e523d19bfde5d9783d9d791ea6c18387dec23b0ccdb2318b91a3fe48ee0bde'}, 'dob': {'date': '1999-12-12T23:35:46.300Z', 'age': 24}, 'registered': {'date': '2020-04-24T09:11:31.184Z', 'age': 4}, 'phone': '078 640 67 16', 'cell': '079 065 72 63', 'id': {'name': 'AVS', 'value': '756.3600.5260.83'}, 'picture': {'large': 'https://randomuser.me/api/portraits/women/37.jpg', 'medium': 'https://randomuser.me/api/portraits/med/women/37.jpg', 'thumbnail': 'https://randomuser.me/api/portraits/thumb/women/37.jpg'}, 'nat': 'CH'}</msg>
<arg>${json_data['results'][0]}</arg>
<doc>Logs the given message with the given level.</doc>
<status status="PASS" start="2024-05-16T22:14:28.230512" elapsed="0.000457"/>
</kw>
<kw name="Log" owner="BuiltIn">
<msg time="2024-05-16T22:14:28.231403" level="INFO">location</msg>
<arg>${key}</arg>
<doc>Logs the given message with the given level.</doc>
<status status="PASS" start="2024-05-16T22:14:28.231274" elapsed="0.000166"/>
</kw>
<var name="${key}">location</var>
<status status="PASS" start="2024-05-16T22:14:28.229683" elapsed="0.001979"/>
</iter>
<iter>
<kw name="Dictionary Should Contain Key" owner="Collections">
<msg time="2024-05-16T22:14:28.232330" level="INFO">False</msg>
<arg>${json_data['results'][0]}</arg>
<arg>${key}</arg>
<doc>Fails if ``key`` is not found from ``dictionary``.</doc>
<status status="PASS" start="2024-05-16T22:14:28.231950" elapsed="0.000417"/>
</kw>
<kw name="Log" owner="BuiltIn">
<msg time="2024-05-16T22:14:28.233031" level="INFO">{'gender': 'female', 'name': {'title': 'Mademoiselle', 'first': 'Käthi', 'last': 'Henry'}, 'location': {'street': {'number': 228, 'name': 'Rue Bossuet'}, 'city': 'Zwischbergen', 'state': 'St. Gallen', 'country': 'Switzerland', 'postcode': 5801, 'coordinates': {'latitude': '-57.4020', 'longitude': '138.6629'}, 'timezone': {'offset': '+6:00', 'description': 'Almaty, Dhaka, Colombo'}}, 'email': 'kathi.henry@example.com', 'login': {'uuid': '87ac06fb-3a0f-4096-b2bc-e2fe618ca61a', 'username': 'smalltiger228', 'password': 'randy1', 'salt': 'Na0aKA7i', 'md5': 'b827c6d776737dca2a25f4c0812fd46e', 'sha1': '07096ac65dc8e5c4ce8aff8c3cf351f8572936e2', 'sha256': '75e523d19bfde5d9783d9d791ea6c18387dec23b0ccdb2318b91a3fe48ee0bde'}, 'dob': {'date': '1999-12-12T23:35:46.300Z', 'age': 24}, 'registered': {'date': '2020-04-24T09:11:31.184Z', 'age': 4}, 'phone': '078 640 67 16', 'cell': '079 065 72 63', 'id': {'name': 'AVS', 'value': '756.3600.5260.83'}, 'picture': {'large': 'https://randomuser.me/api/portraits/women/37.jpg', 'medium': 'https://randomuser.me/api/portraits/med/women/37.jpg', 'thumbnail': 'https://randomuser.me/api/portraits/thumb/women/37.jpg'}, 'nat': 'CH'}</msg>
<arg>${json_data['results'][0]}</arg>
<doc>Logs the given message with the given level.</doc>
<status status="PASS" start="2024-05-16T22:14:28.232672" elapsed="0.000407"/>
</kw>
<kw name="Log" owner="BuiltIn">
<msg time="2024-05-16T22:14:28.233512" level="INFO">email</msg>
<arg>${key}</arg>
<doc>Logs the given message with the given level.</doc>
<status status="PASS" start="2024-05-16T22:14:28.233385" elapsed="0.000164"/>
</kw>
<var name="${key}">email</var>
<status status="PASS" start="2024-05-16T22:14:28.231838" elapsed="0.001925"/>
</iter>
<iter>
<kw name="Dictionary Should Contain Key" owner="Collections">
<msg time="2024-05-16T22:14:28.234431" level="INFO">False</msg>
<arg>${json_data['results'][0]}</arg>
<arg>${key}</arg>
<doc>Fails if ``key`` is not found from ``dictionary``.</doc>
<status status="PASS" start="2024-05-16T22:14:28.234047" elapsed="0.000421"/>
</kw>
<kw name="Log" owner="BuiltIn">
<msg time="2024-05-16T22:14:28.235150" level="INFO">{'gender': 'female', 'name': {'title': 'Mademoiselle', 'first': 'Käthi', 'last': 'Henry'}, 'location': {'street': {'number': 228, 'name': 'Rue Bossuet'}, 'city': 'Zwischbergen', 'state': 'St. Gallen', 'country': 'Switzerland', 'postcode': 5801, 'coordinates': {'latitude': '-57.4020', 'longitude': '138.6629'}, 'timezone': {'offset': '+6:00', 'description': 'Almaty, Dhaka, Colombo'}}, 'email': 'kathi.henry@example.com', 'login': {'uuid': '87ac06fb-3a0f-4096-b2bc-e2fe618ca61a', 'username': 'smalltiger228', 'password': 'randy1', 'salt': 'Na0aKA7i', 'md5': 'b827c6d776737dca2a25f4c0812fd46e', 'sha1': '07096ac65dc8e5c4ce8aff8c3cf351f8572936e2', 'sha256': '75e523d19bfde5d9783d9d791ea6c18387dec23b0ccdb2318b91a3fe48ee0bde'}, 'dob': {'date': '1999-12-12T23:35:46.300Z', 'age': 24}, 'registered': {'date': '2020-04-24T09:11:31.184Z', 'age': 4}, 'phone': '078 640 67 16', 'cell': '079 065 72 63', 'id': {'name': 'AVS', 'value': '756.3600.5260.83'}, 'picture': {'large': 'https://randomuser.me/api/portraits/women/37.jpg', 'medium': 'https://randomuser.me/api/portraits/med/women/37.jpg', 'thumbnail': 'https://randomuser.me/api/portraits/thumb/women/37.jpg'}, 'nat': 'CH'}</msg>
<arg>${json_data['results'][0]}</arg>
<doc>Logs the given message with the given level.</doc>
<status status="PASS" start="2024-05-16T22:14:28.234785" elapsed="0.000415"/>
</kw>
<kw name="Log" owner="BuiltIn">
<msg time="2024-05-16T22:14:28.235632" level="INFO">login</msg>
<arg>${key}</arg>
<doc>Logs the given message with the given level.</doc>
<status status="PASS" start="2024-05-16T22:14:28.235503" elapsed="0.000167"/>
</kw>
<var name="${key}">login</var>
<status status="PASS" start="2024-05-16T22:14:28.233935" elapsed="0.001983"/>
</iter>
<var>${key}</var>
<value>@{expected_keys}</value>
<status status="PASS" start="2024-05-16T22:14:28.225147" elapsed="0.010897"/>
</for>
<kw name="Create List" owner="BuiltIn">
<msg time="2024-05-16T22:14:28.236375" level="INFO">${expected_keysTwo} = ['username', 'password']</msg>
<var>${expected_keysTwo}</var>
<arg>username</arg>
<arg>password</arg>
<doc>Returns a list containing given items.</doc>
<status status="PASS" start="2024-05-16T22:14:28.236239" elapsed="0.000160"/>
</kw>
<for flavor="IN">
<iter>
<kw name="Dictionary Should Contain Key" owner="Collections">
<msg time="2024-05-16T22:14:28.237293" level="INFO">False</msg>
<arg>${json_data['results'][0]['login']}</arg>
<arg>${keyTwo}</arg>
<doc>Fails if ``key`` is not found from ``dictionary``.</doc>
<status status="PASS" start="2024-05-16T22:14:28.236904" elapsed="0.000426"/>
</kw>
<kw name="Dictionary Should Contain Key" owner="Collections">
<msg time="2024-05-16T22:14:28.238005" level="INFO">False</msg>
<arg>${json_data['results'][0]['login']}</arg>
<arg>${keyTwo}</arg>
<doc>Fails if ``key`` is not found from ``dictionary``.</doc>
<status status="PASS" start="2024-05-16T22:14:28.237629" elapsed="0.000413"/>
</kw>
<kw name="Log" owner="BuiltIn">
<msg time="2024-05-16T22:14:28.238464" level="INFO">username</msg>
<arg>${keyTwo}</arg>
<doc>Logs the given message with the given level.</doc>
<status status="PASS" start="2024-05-16T22:14:28.238337" elapsed="0.000169"/>
</kw>
<var name="${keyTwo}">username</var>
<status status="PASS" start="2024-05-16T22:14:28.236793" elapsed="0.001960"/>
</iter>
<iter>
<kw name="Dictionary Should Contain Key" owner="Collections">
<msg time="2024-05-16T22:14:28.239503" level="INFO">False</msg>
<arg>${json_data['results'][0]['login']}</arg>
<arg>${keyTwo}</arg>
<doc>Fails if ``key`` is not found from ``dictionary``.</doc>
<status status="PASS" start="2024-05-16T22:14:28.239042" elapsed="0.000500"/>
</kw>
<kw name="Dictionary Should Contain Key" owner="Collections">
<msg time="2024-05-16T22:14:28.240219" level="INFO">False</msg>
<arg>${json_data['results'][0]['login']}</arg>
<arg>${keyTwo}</arg>
<doc>Fails if ``key`` is not found from ``dictionary``.</doc>
<status status="PASS" start="2024-05-16T22:14:28.239843" elapsed="0.000412"/>
</kw>
<kw name="Log" owner="BuiltIn">
<msg time="2024-05-16T22:14:28.240675" level="INFO">password</msg>
<arg>${keyTwo}</arg>
<doc>Logs the given message with the given level.</doc>
<status status="PASS" start="2024-05-16T22:14:28.240550" elapsed="0.000162"/>
</kw>
<var name="${keyTwo}">password</var>
<status status="PASS" start="2024-05-16T22:14:28.238929" elapsed="0.001998"/>
</iter>
<var>${keyTwo}</var>
<value>@{expected_keysTwo}</value>
<status status="PASS" start="2024-05-16T22:14:28.236641" elapsed="0.004405"/>
</for>
<status status="PASS" start="2024-05-16T22:14:28.135646" elapsed="0.105540"/>
</kw>
<doc>Testa a estrutura da resposta da API.</doc>
<tag>testeEstruturaResposta</tag>
<status status="PASS" start="2024-05-16T22:14:28.135038" elapsed="0.106300"/>
</test>
<test id="s1-s1-t4" name="Validar tipos de dados" line="28">
<kw name="Teste de Tipos de Dados" owner="random-user-service">
<kw name="GET On Session" owner="RequestsLibrary">
<msg time="2024-05-16T22:14:28.324173" level="INFO">GET Request : url=https://randomuser.me/api 
 path_url=/api 
 headers={'User-Agent': 'python-requests/2.31.0', 'Accept-Encoding': 'gzip, deflate', 'Accept': '*/*', 'Connection': 'keep-alive'} 
 body=None 
 </msg>
<msg time="2024-05-16T22:14:28.324255" level="INFO">GET Response : url=https://randomuser.me/api 
 status=200, reason=OK 
 headers={'Date': 'Thu, 16 May 2024 22:14:28 GMT', 'Content-Type': 'application/json; charset=utf-8', 'Transfer-Encoding': 'chunked', 'Connection': 'keep-alive', 'X-Powered-By': 'Express', 'Access-Control-Allow-Origin': '*', 'Cache-Control': 'no-cache', 'ETag': 'W/"47b-ajL87B7wx5PyG5cZQkLXeoRyeNk"', 'Vary': 'Accept-Encoding', 'Content-Encoding': 'gzip', 'CF-Cache-Status': 'DYNAMIC', 'Report-To': '{"endpoints":[{"url":"https:\\/\\/a.nel.cloudflare.com\\/report\\/v4?s=sCDzQIYS7%2Fc8aVeeCsue%2ByYKS1ZNcttRfs2oc5bqkDf9RREaenyPN9NIFgB5bJydSpSsQBnF1cR2o1TbEpq4pYf%2Fi1ap2yifck1kSe9ZwPZDzzoJ0IKzeEZuAsWtYwqU"}],"group":"cf-nel","max_age":604800}', 'NEL': '{"success_fraction":0,"report_to":"cf-nel","max_age":604800}', 'Server': 'cloudflare', 'CF-RAY': '884eb88a8fb838fb-IAD', 'alt-svc': 'h3=":443"; ma=86400'} 
 body={"results":[{"gender":"male","name":{"title":"Mr","first":"Bryan","last":"Terry"},"location":{"street":{"number":4519,"name":"The Avenue"},"city":"Galway","state":"Louth","country":"Ireland","postcode":46344,"coordinates":{"latitude":"-3.1028","longitude":"-97.8537"},"timezone":{"offset":"+5:30","description":"Bombay, Calcutta, Madras, New Delhi"}},"email":"bryan.terry@example.com","login":{"uuid":"1eb7d696-75de-4f7f-adf5-d41133184fac","username":"yellowfrog858","password":"suan","salt":"Dv160B9N","md5":"156df73aacbfda22179cd076130cd2f0","sha1":"ea8a2941bb0da8d84eccef7c03eab9efbf424ccd","sha256":"39929b10cd7037fe1bdad200ae6c731587cfd46abfdb33e0cdfb2adac4b3c769"},"dob":{"date":"1959-10-01T00:31:58.832Z","age":64},"registered":{"date":"2004-09-04T03:39:31.418Z","age":19},"phone":"021-215-2967","cell":"081-490-8587","id":{"name":"PPS","value":"5897664T"},"picture":{"large":"https://randomuser.me/api/portraits/men/10.jpg","medium":"https://randomuser.me/api/portraits/med/men/10.jpg","thumbnail":"https://randomuser.me/api/portraits/thumb/men/10.jpg"},"nat":"IE"}],"info":{"seed":"f7b171506790d58e","results":1,"page":1,"version":"1.4"}} 
 </msg>
<msg time="2024-05-16T22:14:28.324327" level="INFO">/opt/hostedtoolcache/Python/3.12.3/x64/lib/python3.12/site-packages/urllib3/connectionpool.py:1103: InsecureRequestWarning: Unverified HTTPS request is being made to host 'randomuser.me'. Adding certificate verification is strongly advised. See: https://urllib3.readthedocs.io/en/latest/advanced-usage.html#tls-warnings
  warnings.warn(</msg>
<msg time="2024-05-16T22:14:28.324456" level="INFO">${response} = &lt;Response [200]&gt;</msg>
<var>${response}</var>
<arg>consultarAPI</arg>
<arg>/api</arg>
<doc>Sends a GET request on a previously created HTTP Session.</doc>
<status status="PASS" start="2024-05-16T22:14:28.243870" elapsed="0.080636"/>
</kw>
<kw name="Set Variable" owner="BuiltIn">
<msg time="2024-05-16T22:14:28.325575" level="INFO">${json_data} = {'results': [{'gender': 'male', 'name': {'title': 'Mr', 'first': 'Bryan', 'last': 'Terry'}, 'location': {'street': {'number': 4519, 'name': 'The Avenue'}, 'city': 'Galway', 'state': 'Louth', 'country'...</msg>
<var>${json_data}</var>
<arg>${response.json()}</arg>
<doc>Returns the given values which can then be assigned to a variables.</doc>
<status status="PASS" start="2024-05-16T22:14:28.325018" elapsed="0.000587"/>
</kw>
<kw name="Log" owner="BuiltIn">
<msg time="2024-05-16T22:14:28.326062" level="INFO">{'results': [{'gender': 'male', 'name': {'title': 'Mr', 'first': 'Bryan', 'last': 'Terry'}, 'location': {'street': {'number': 4519, 'name': 'The Avenue'}, 'city': 'Galway', 'state': 'Louth', 'country': 'Ireland', 'postcode': 46344, 'coordinates': {'latitude': '-3.1028', 'longitude': '-97.8537'}, 'timezone': {'offset': '+5:30', 'description': 'Bombay, Calcutta, Madras, New Delhi'}}, 'email': 'bryan.terry@example.com', 'login': {'uuid': '1eb7d696-75de-4f7f-adf5-d41133184fac', 'username': 'yellowfrog858', 'password': 'suan', 'salt': 'Dv160B9N', 'md5': '156df73aacbfda22179cd076130cd2f0', 'sha1': 'ea8a2941bb0da8d84eccef7c03eab9efbf424ccd', 'sha256': '39929b10cd7037fe1bdad200ae6c731587cfd46abfdb33e0cdfb2adac4b3c769'}, 'dob': {'date': '1959-10-01T00:31:58.832Z', 'age': 64}, 'registered': {'date': '2004-09-04T03:39:31.418Z', 'age': 19}, 'phone': '021-215-2967', 'cell': '081-490-8587', 'id': {'name': 'PPS', 'value': '5897664T'}, 'picture': {'large': 'https://randomuser.me/api/portraits/men/10.jpg', 'medium': 'https://randomuser.me/api/portraits/med/men/10.jpg', 'thumbnail': 'https://randomuser.me/api/portraits/thumb/men/10.jpg'}, 'nat': 'IE'}], 'info': {'seed': 'f7b171506790d58e', 'results': 1, 'page': 1, 'version': '1.4'}}</msg>
<arg>${json_data}</arg>
<doc>Logs the given message with the given level.</doc>
<status status="PASS" start="2024-05-16T22:14:28.325911" elapsed="0.000230"/>
</kw>
<kw name="Should Be String" owner="String">
<arg>${json_data['results'][0]['gender']}</arg>
<doc>Fails if the given ``item`` is not a string.</doc>
<status status="PASS" start="2024-05-16T22:14:28.326443" elapsed="0.000409"/>
</kw>
<kw name="Should Match Regexp" owner="BuiltIn">
<arg>${json_data['results'][0]['email']}</arg>
<arg>^[a-zA-Z0-9._%+-]+@[a-zA-Z0-9.-]+\.[a-zA-Z]{2,}$</arg>
<doc>Fails if ``string`` does not match ``pattern`` as a regular expression.</doc>
<status status="PASS" start="2024-05-16T22:14:28.327074" elapsed="0.000510"/>
</kw>
<kw name="Should Match Regexp" owner="BuiltIn">
<arg>${json_data['results'][0]['dob']['date']}</arg>
<arg>\\d{4}-\\d{2}-\\d{2}T\\d{2}:\\d{2}:\\d{2}\\.\\d{3}Z</arg>
<doc>Fails if ``string`` does not match ``pattern`` as a regular expression.</doc>
<status status="PASS" start="2024-05-16T22:14:28.327782" elapsed="0.000490"/>
</kw>
<kw name="Should Match Regexp" owner="BuiltIn">
<arg>${json_data['results'][0]['registered']['date']}</arg>
<arg>\\d{4}-\\d{2}-\\d{2}T\\d{2}:\\d{2}:\\d{2}\\.\\d{3}Z</arg>
<doc>Fails if ``string`` does not match ``pattern`` as a regular expression.</doc>
<status status="PASS" start="2024-05-16T22:14:28.328466" elapsed="0.000370"/>
</kw>
<kw name="Should Match Regexp" owner="BuiltIn">
<arg>${json_data['results'][0]['picture']['large']}</arg>
<arg>^https?://.*\.(?:png|jpe?g|gif|bmp)$</arg>
<doc>Fails if ``string`` does not match ``pattern`` as a regular expression.</doc>
<status status="PASS" start="2024-05-16T22:14:28.329030" elapsed="0.000458"/>
</kw>
<kw name="Should Match Regexp" owner="BuiltIn">
<arg>${json_data['results'][0]['picture']['medium']}</arg>
<arg>^https?://.*\.(?:png|jpe?g|gif|bmp)$</arg>
<doc>Fails if ``string`` does not match ``pattern`` as a regular expression.</doc>
<status status="PASS" start="2024-05-16T22:14:28.329677" elapsed="0.000354"/>
</kw>
<kw name="Should Match Regexp" owner="BuiltIn">
<arg>${json_data['results'][0]['picture']['thumbnail']}</arg>
<arg>^https?://.*\.(?:png|jpe?g|gif|bmp)$</arg>
<doc>Fails if ``string`` does not match ``pattern`` as a regular expression.</doc>
<status status="PASS" start="2024-05-16T22:14:28.330228" elapsed="0.000353"/>
</kw>
<kw name="Log" owner="BuiltIn">
<msg time="2024-05-16T22:14:28.331113" level="INFO">{'large': 'https://randomuser.me/api/portraits/men/10.jpg', 'medium': 'https://randomuser.me/api/portraits/med/men/10.jpg', 'thumbnail': 'https://randomuser.me/api/portraits/thumb/men/10.jpg'}</msg>
<arg>${json_data['results'][0]['picture']}</arg>
<doc>Logs the given message with the given level.</doc>
<status status="PASS" start="2024-05-16T22:14:28.330786" elapsed="0.000369"/>
</kw>
<status status="PASS" start="2024-05-16T22:14:28.243643" elapsed="0.087765"/>
</kw>
<kw name="Teste de Tipos de Dados - Postcode" owner="random-user-service">
<kw name="GET On Session" owner="RequestsLibrary">
<msg time="2024-05-16T22:14:28.419557" level="INFO">GET Request : url=https://randomuser.me/api 
 path_url=/api 
 headers={'User-Agent': 'python-requests/2.31.0', 'Accept-Encoding': 'gzip, deflate', 'Accept': '*/*', 'Connection': 'keep-alive'} 
 body=None 
 </msg>
<msg time="2024-05-16T22:14:28.419644" level="INFO">GET Response : url=https://randomuser.me/api 
 status=200, reason=OK 
 headers={'Date': 'Thu, 16 May 2024 22:14:28 GMT', 'Content-Type': 'application/json; charset=utf-8', 'Transfer-Encoding': 'chunked', 'Connection': 'keep-alive', 'X-Powered-By': 'Express', 'Access-Control-Allow-Origin': '*', 'Cache-Control': 'no-cache', 'ETag': 'W/"484-X5AWqulLV7Ht/np3gpkpycv8aQ4"', 'Vary': 'Accept-Encoding', 'Content-Encoding': 'gzip', 'CF-Cache-Status': 'DYNAMIC', 'Report-To': '{"endpoints":[{"url":"https:\\/\\/a.nel.cloudflare.com\\/report\\/v4?s=yPKDfyKUr3o2tWrl19HgjYUU6rSvSwYDnKdciPiSmQyd%2BwwT6L3BqYlWcC6zbTyIOxAd5sJIHSUzS0Eo%2FX66w8CZa6I0DVfisVuScf08bfoDppUtKJ6vo%2BIXyv7DFICH"}],"group":"cf-nel","max_age":604800}', 'NEL': '{"success_fraction":0,"report_to":"cf-nel","max_age":604800}', 'Server': 'cloudflare', 'CF-RAY': '884eb88b186338fb-IAD', 'alt-svc': 'h3=":443"; ma=86400'} 
 body={"results":[{"gender":"female","name":{"title":"Miss","first":"Luka","last":"Svellingen"},"location":{"street":{"number":209,"name":"Frogner plass"},"city":"Setermoen","state":"Trøndelag","country":"Norway","postcode":"2307","coordinates":{"latitude":"40.5576","longitude":"16.2845"},"timezone":{"offset":"-8:00","description":"Pacific Time (US &amp; Canada)"}},"email":"luka.svellingen@example.com","login":{"uuid":"9d0203be-c166-43d4-9188-279d78795f75","username":"lazycat533","password":"kajak","salt":"ezznZrgf","md5":"1e031b269add957c842bd6b6aece232a","sha1":"89d94ba0d24642596bd99b1e0cff74b9966f2333","sha256":"bb2e5913b9ae5f9c9c7aa9a82bad15433998c6ae395c04fe06ed2a3ebdedb436"},"dob":{"date":"1977-09-14T23:41:05.095Z","age":46},"registered":{"date":"2018-12-16T15:32:32.120Z","age":5},"phone":"64639438","cell":"93954299","id":{"name":"FN","value":"14097725064"},"picture":{"large":"https://randomuser.me/api/portraits/women/48.jpg","medium":"https://randomuser.me/api/portraits/med/women/48.jpg","thumbnail":"https://randomuser.me/api/portraits/thumb/women/48.jpg"},"nat":"NO"}],"info":{"seed":"e34d181fc2218386","results":1,"page":1,"version":"1.4"}} 
 </msg>
<msg time="2024-05-16T22:14:28.419723" level="INFO">/opt/hostedtoolcache/Python/3.12.3/x64/lib/python3.12/site-packages/urllib3/connectionpool.py:1103: InsecureRequestWarning: Unverified HTTPS request is being made to host 'randomuser.me'. Adding certificate verification is strongly advised. See: https://urllib3.readthedocs.io/en/latest/advanced-usage.html#tls-warnings
  warnings.warn(</msg>
<msg time="2024-05-16T22:14:28.419842" level="INFO">${response} = &lt;Response [200]&gt;</msg>
<var>${response}</var>
<arg>consultarAPI</arg>
<arg>/api</arg>
<doc>Sends a GET request on a previously created HTTP Session.</doc>
<status status="PASS" start="2024-05-16T22:14:28.331846" elapsed="0.088050"/>
</kw>
<kw name="Set Variable" owner="BuiltIn">
<msg time="2024-05-16T22:14:28.420991" level="INFO">${json_data} = {'results': [{'gender': 'female', 'name': {'title': 'Miss', 'first': 'Luka', 'last': 'Svellingen'}, 'location': {'street': {'number': 209, 'name': 'Frogner plass'}, 'city': 'Setermoen', 'state': 'Trøn...</msg>
<var>${json_data}</var>
<arg>${response.json()}</arg>
<doc>Returns the given values which can then be assigned to a variables.</doc>
<status status="PASS" start="2024-05-16T22:14:28.420406" elapsed="0.000614"/>
</kw>
<kw name="Log" owner="BuiltIn">
<msg time="2024-05-16T22:14:28.421495" level="INFO">{'results': [{'gender': 'female', 'name': {'title': 'Miss', 'first': 'Luka', 'last': 'Svellingen'}, 'location': {'street': {'number': 209, 'name': 'Frogner plass'}, 'city': 'Setermoen', 'state': 'Trøndelag', 'country': 'Norway', 'postcode': '2307', 'coordinates': {'latitude': '40.5576', 'longitude': '16.2845'}, 'timezone': {'offset': '-8:00', 'description': 'Pacific Time (US &amp; Canada)'}}, 'email': 'luka.svellingen@example.com', 'login': {'uuid': '9d0203be-c166-43d4-9188-279d78795f75', 'username': 'lazycat533', 'password': 'kajak', 'salt': 'ezznZrgf', 'md5': '1e031b269add957c842bd6b6aece232a', 'sha1': '89d94ba0d24642596bd99b1e0cff74b9966f2333', 'sha256': 'bb2e5913b9ae5f9c9c7aa9a82bad15433998c6ae395c04fe06ed2a3ebdedb436'}, 'dob': {'date': '1977-09-14T23:41:05.095Z', 'age': 46}, 'registered': {'date': '2018-12-16T15:32:32.120Z', 'age': 5}, 'phone': '64639438', 'cell': '93954299', 'id': {'name': 'FN', 'value': '14097725064'}, 'picture': {'large': 'https://randomuser.me/api/portraits/women/48.jpg', 'medium': 'https://randomuser.me/api/portraits/med/women/48.jpg', 'thumbnail': 'https://randomuser.me/api/portraits/thumb/women/48.jpg'}, 'nat': 'NO'}], 'info': {'seed': 'e34d181fc2218386', 'results': 1, 'page': 1, 'version': '1.4'}}</msg>
<arg>${json_data}</arg>
<doc>Logs the given message with the given level.</doc>
<status status="PASS" start="2024-05-16T22:14:28.421337" elapsed="0.000238"/>
</kw>
<kw name="Should Be Equal As Numbers" owner="BuiltIn">
<arg>${json_data['results'][0]['location']['postcode']}</arg>
<arg>${json_data['results'][0]['location']['postcode']}</arg>
<doc>Fails if objects are unequal after converting them to real numbers.</doc>
<status status="PASS" start="2024-05-16T22:14:28.422015" elapsed="0.000631"/>
</kw>
<kw name="Log" owner="BuiltIn">
<msg time="2024-05-16T22:14:28.423234" level="INFO">2307</msg>
<arg>${json_data['results'][0]['location']['postcode']}</arg>
<doc>Logs the given message with the given level.</doc>
<status status="PASS" start="2024-05-16T22:14:28.422894" elapsed="0.000381"/>
</kw>
<status status="PASS" start="2024-05-16T22:14:28.331625" elapsed="0.091909"/>
</kw>
<doc>Testa se os tipos de dados na resposta da API estão corretos.</doc>
<tag>testeTiposDados</tag>
<status status="PASS" start="2024-05-16T22:14:28.243133" elapsed="0.180563"/>
</test>
<test id="s1-s1-t5" name="Validar conteudo" line="35">
<kw name="Teste de Tipos de Conteudo" owner="random-user-service">
<kw name="GET On Session" owner="RequestsLibrary">
<msg time="2024-05-16T22:14:28.726649" level="INFO">GET Request : url=https://randomuser.me/api 
 path_url=/api 
 headers={'User-Agent': 'python-requests/2.31.0', 'Accept-Encoding': 'gzip, deflate', 'Accept': '*/*', 'Connection': 'keep-alive'} 
 body=None 
 </msg>
<msg time="2024-05-16T22:14:28.726765" level="INFO">GET Response : url=https://randomuser.me/api 
 status=200, reason=OK 
 headers={'Date': 'Thu, 16 May 2024 22:14:28 GMT', 'Content-Type': 'application/json; charset=utf-8', 'Transfer-Encoding': 'chunked', 'Connection': 'keep-alive', 'X-Powered-By': 'Express', 'Access-Control-Allow-Origin': '*', 'Cache-Control': 'no-cache', 'ETag': 'W/"483-Z593PNoeF6M0mwmUPg0hdshlFW8"', 'Vary': 'Accept-Encoding', 'Content-Encoding': 'gzip', 'CF-Cache-Status': 'DYNAMIC', 'Report-To': '{"endpoints":[{"url":"https:\\/\\/a.nel.cloudflare.com\\/report\\/v4?s=xhDWSfRrv5YuBGmBmtWTP3RFDhQU9TEdbAKgZlcnlhsIg8PUKKpRNSlgJnmR%2B3aFGGMBcaptdEQoj9eVr7v5VXovDihjv%2BqBauV%2B7O7B%2FhqdqKLe3nfEbIuaY%2BwW2VBA"}],"group":"cf-nel","max_age":604800}', 'NEL': '{"success_fraction":0,"report_to":"cf-nel","max_age":604800}', 'Server': 'cloudflare', 'CF-RAY': '884eb88ba92e38fb-IAD', 'alt-svc': 'h3=":443"; ma=86400'} 
 body={"results":[{"gender":"male","name":{"title":"Mr","first":"Darrell","last":"Freeman"},"location":{"street":{"number":8806,"name":"Lakeview St"},"city":"Bathurst","state":"Western Australia","country":"Australia","postcode":3414,"coordinates":{"latitude":"-82.5689","longitude":"-54.6403"},"timezone":{"offset":"+9:30","description":"Adelaide, Darwin"}},"email":"darrell.freeman@example.com","login":{"uuid":"34ee61f6-5ce5-455d-be5d-832892482b25","username":"goldenswan566","password":"tight","salt":"uW7vvv18","md5":"27a064ce1ea0c9aca89f4f274dc3f5eb","sha1":"7833a4cf7a04c55c8a0a2370e2e9cfc7c09923b3","sha256":"f36d7e414c6ef316ea9bccd14c711dbdbbf5c30daceb1705a5110d31225f3934"},"dob":{"date":"1958-07-23T13:22:56.464Z","age":65},"registered":{"date":"2004-10-09T17:55:13.859Z","age":19},"phone":"06-1251-6131","cell":"0420-926-383","id":{"name":"TFN","value":"088967661"},"picture":{"large":"https://randomuser.me/api/portraits/men/51.jpg","medium":"https://randomuser.me/api/portraits/med/men/51.jpg","thumbnail":"https://randomuser.me/api/portraits/thumb/men/51.jpg"},"nat":"AU"}],"info":{"seed":"ac9c38c7c5e22296","results":1,"page":1,"version":"1.4"}} 
 </msg>
<msg time="2024-05-16T22:14:28.726832" level="INFO">/opt/hostedtoolcache/Python/3.12.3/x64/lib/python3.12/site-packages/urllib3/connectionpool.py:1103: InsecureRequestWarning: Unverified HTTPS request is being made to host 'randomuser.me'. Adding certificate verification is strongly advised. See: https://urllib3.readthedocs.io/en/latest/advanced-usage.html#tls-warnings
  warnings.warn(</msg>
<msg time="2024-05-16T22:14:28.726937" level="INFO">${response} = &lt;Response [200]&gt;</msg>
<var>${response}</var>
<arg>consultarAPI</arg>
<arg>/api</arg>
<doc>Sends a GET request on a previously created HTTP Session.</doc>
<status status="PASS" start="2024-05-16T22:14:28.426170" elapsed="0.300800"/>
</kw>
<kw name="Set Variable" owner="BuiltIn">
<msg time="2024-05-16T22:14:28.727939" level="INFO">${json_data} = {'results': [{'gender': 'male', 'name': {'title': 'Mr', 'first': 'Darrell', 'last': 'Freeman'}, 'location': {'street': {'number': 8806, 'name': 'Lakeview St'}, 'city': 'Bathurst', 'state': 'Western Au...</msg>
<var>${json_data}</var>
<arg>${response.json()}</arg>
<doc>Returns the given values which can then be assigned to a variables.</doc>
<status status="PASS" start="2024-05-16T22:14:28.727454" elapsed="0.000514"/>
</kw>
<kw name="Set Variable" owner="BuiltIn">
<msg time="2024-05-16T22:14:28.728655" level="INFO">${name_title} = Mr</msg>
<var>${name_title}</var>
<arg>${json_data["results"][0]["name"]["title"]}</arg>
<doc>Returns the given values which can then be assigned to a variables.</doc>
<status status="PASS" start="2024-05-16T22:14:28.728274" elapsed="0.000406"/>
</kw>
<kw name="Create List" owner="BuiltIn">
<msg time="2024-05-16T22:14:28.729130" level="INFO">${allowed_titles} = ['Mr', 'Ms', 'Miss', 'Mrs', 'Madame', 'Monsieur']</msg>
<var>${allowed_titles}</var>
<arg>Mr</arg>
<arg>Ms</arg>
<arg>Miss</arg>
<arg>Mrs</arg>
<arg>Madame</arg>
<arg>Monsieur</arg>
<doc>Returns a list containing given items.</doc>
<status status="PASS" start="2024-05-16T22:14:28.728980" elapsed="0.000174"/>
</kw>
<kw name="List Should Contain Value" owner="Collections">
<msg time="2024-05-16T22:14:28.729633" level="INFO">False</msg>
<arg>${allowed_titles}</arg>
<arg>${name_title}</arg>
<doc>Fails if the ``value`` is not found from ``list``.</doc>
<status status="PASS" start="2024-05-16T22:14:28.729455" elapsed="0.000214"/>
</kw>
<kw name="Set Variable" owner="BuiltIn">
<msg time="2024-05-16T22:14:28.730347" level="INFO">${name_country} = AU</msg>
<var>${name_country}</var>
<arg>${json_data["results"][0]["nat"]}</arg>
<doc>Returns the given values which can then be assigned to a variables.</doc>
<status status="PASS" start="2024-05-16T22:14:28.729966" elapsed="0.000406"/>
</kw>
<kw name="Create List" owner="BuiltIn">
<msg time="2024-05-16T22:14:28.731322" level="INFO">${list_country} = ['AD', 'AE', 'AF', 'AG', 'AI', 'AL', 'AM', 'AO', 'AQ', 'AR', 'AS', 'AT', 'AU', 'AW', 'AX', 'AZ', 'BA', 'BB', 'BD', 'BE', 'BF', 'BG', 'BH', 'BI', 'BJ', 'BL', 'BM', 'BN', 'BO', 'BQ', 'BR', 'BS', 'BT', '...</msg>
<var>${list_country}</var>
<arg>AD</arg>
<arg>AE</arg>
<arg>AF</arg>
<arg>AG</arg>
<arg>AI</arg>
<arg>AL</arg>
<arg>AM</arg>
<arg>AO</arg>
<arg>AQ</arg>
<arg>AR</arg>
<arg>AS</arg>
<arg>AT</arg>
<arg>AU</arg>
<arg>AW</arg>
<arg>AX</arg>
<arg>AZ</arg>
<arg>BA</arg>
<arg>BB</arg>
<arg>BD</arg>
<arg>BE</arg>
<arg>BF</arg>
<arg>BG</arg>
<arg>BH</arg>
<arg>BI</arg>
<arg>BJ</arg>
<arg>BL</arg>
<arg>BM</arg>
<arg>BN</arg>
<arg>BO</arg>
<arg>BQ</arg>
<arg>BR</arg>
<arg>BS</arg>
<arg>BT</arg>
<arg>BV</arg>
<arg>BW</arg>
<arg>BY</arg>
<arg>BZ</arg>
<arg>CA</arg>
<arg>CC</arg>
<arg>CD</arg>
<arg>CF</arg>
<arg>CG</arg>
<arg>CH</arg>
<arg>CI</arg>
<arg>CK</arg>
<arg>CL</arg>
<arg>CM</arg>
<arg>CN</arg>
<arg>CO</arg>
<arg>CR</arg>
<arg>CU</arg>
<arg>CV</arg>
<arg>CW</arg>
<arg>CX</arg>
<arg>CY</arg>
<arg>CZ</arg>
<arg>DE</arg>
<arg>DJ</arg>
<arg>DK</arg>
<arg>DM</arg>
<arg>DO</arg>
<arg>DZ</arg>
<arg>EC</arg>
<arg>EE</arg>
<arg>EG</arg>
<arg>EH</arg>
<arg>ER</arg>
<arg>ES</arg>
<arg>ET</arg>
<arg>FI</arg>
<arg>FJ</arg>
<arg>FK</arg>
<arg>FM</arg>
<arg>FO</arg>
<arg>FR</arg>
<arg>GA</arg>
<arg>GB</arg>
<arg>GD</arg>
<arg>GE</arg>
<arg>GF</arg>
<arg>GG</arg>
<arg>GH</arg>
<arg>GI</arg>
<arg>GL</arg>
<arg>GM</arg>
<arg>GN</arg>
<arg>GP</arg>
<arg>GQ</arg>
<arg>GR</arg>
<arg>GS</arg>
<arg>GT</arg>
<arg>GU</arg>
<arg>GW</arg>
<arg>GY</arg>
<arg>HK</arg>
<arg>HM</arg>
<arg>HN</arg>
<arg>HR</arg>
<arg>HT</arg>
<arg>HU</arg>
<arg>ID</arg>
<arg>IE</arg>
<arg>IL</arg>
<arg>IM</arg>
<arg>IN</arg>
<arg>IO</arg>
<arg>IQ</arg>
<arg>IR</arg>
<arg>IS</arg>
<arg>IT</arg>
<arg>JE</arg>
<arg>JM</arg>
<arg>JO</arg>
<arg>JP</arg>
<arg>KE</arg>
<arg>KG</arg>
<arg>KH</arg>
<arg>KI</arg>
<arg>KM</arg>
<arg>KN</arg>
<arg>KP</arg>
<arg>KR</arg>
<arg>KW</arg>
<arg>KY</arg>
<arg>KZ</arg>
<arg>LA</arg>
<arg>LB</arg>
<arg>LC</arg>
<arg>LI</arg>
<arg>LK</arg>
<arg>LR</arg>
<arg>LS</arg>
<arg>LT</arg>
<arg>LU</arg>
<arg>LV</arg>
<arg>LY</arg>
<arg>MA</arg>
<arg>MC</arg>
<arg>MD</arg>
<arg>ME</arg>
<arg>MF</arg>
<arg>MG</arg>
<arg>MH</arg>
<arg>MK</arg>
<arg>ML</arg>
<arg>MM</arg>
<arg>MN</arg>
<arg>MO</arg>
<arg>MP</arg>
<arg>MQ</arg>
<arg>MR</arg>
<arg>MS</arg>
<arg>MT</arg>
<arg>MU</arg>
<arg>MV</arg>
<arg>MW</arg>
<arg>MX</arg>
<arg>MY</arg>
<arg>MZ</arg>
<arg>NA</arg>
<arg>NC</arg>
<arg>NE</arg>
<arg>NF</arg>
<arg>NG</arg>
<arg>NI</arg>
<arg>NL</arg>
<arg>NO</arg>
<arg>NP</arg>
<arg>NR</arg>
<arg>NU</arg>
<arg>NZ</arg>
<arg>OM</arg>
<arg>PA</arg>
<arg>PE</arg>
<arg>PF</arg>
<arg>PG</arg>
<arg>PH</arg>
<arg>PK</arg>
<arg>PL</arg>
<arg>PM</arg>
<arg>PN</arg>
<arg>PR</arg>
<arg>PS</arg>
<arg>PT</arg>
<arg>PW</arg>
<arg>PY</arg>
<arg>QA</arg>
<arg>RE</arg>
<arg>RO</arg>
<arg>RS</arg>
<arg>RU</arg>
<arg>RW</arg>
<arg>SA</arg>
<arg>SB</arg>
<arg>SC</arg>
<arg>SD</arg>
<arg>SE</arg>
<arg>SG</arg>
<arg>SH</arg>
<arg>SI</arg>
<arg>SJ</arg>
<arg>SK</arg>
<arg>SL</arg>
<arg>SM</arg>
<arg>SN</arg>
<arg>SO</arg>
<arg>SR</arg>
<arg>SS</arg>
<arg>ST</arg>
<arg>SV</arg>
<arg>SX</arg>
<arg>SY</arg>
<arg>SZ</arg>
<arg>TC</arg>
<arg>TD</arg>
<arg>TF</arg>
<arg>TG</arg>
<arg>TH</arg>
<arg>TJ</arg>
<arg>TK</arg>
<arg>TL</arg>
<arg>TM</arg>
<arg>TN</arg>
<arg>TO</arg>
<arg>TR</arg>
<arg>TT</arg>
<arg>TV</arg>
<arg>TW</arg>
<arg>TZ</arg>
<arg>UA</arg>
<arg>UG</arg>
<arg>UM</arg>
<arg>US</arg>
<arg>UY</arg>
<arg>UZ</arg>
<arg>VA</arg>
<arg>VC</arg>
<arg>VE</arg>
<arg>VG</arg>
<arg>VI</arg>
<arg>VN</arg>
<arg>VU</arg>
<arg>WF</arg>
<arg>WS</arg>
<arg>XK</arg>
<arg>YE</arg>
<arg>YT</arg>
<arg>ZA</arg>
<arg>ZM</arg>
<arg>ZW</arg>
<doc>Returns a list containing given items.</doc>
<status status="PASS" start="2024-05-16T22:14:28.730676" elapsed="0.000671"/>
</kw>
<kw name="List Should Contain Value" owner="Collections">
<msg time="2024-05-16T22:14:28.732339" level="INFO">False</msg>
<arg>${list_country}</arg>
<arg>${name_country}</arg>
<doc>Fails if the ``value`` is not found from ``list``.</doc>
<status status="PASS" start="2024-05-16T22:14:28.732138" elapsed="0.000237"/>
</kw>
<kw name="Run Keyword If" owner="BuiltIn">
<kw name="Should Be True" owner="BuiltIn">
<arg>${True}</arg>
<doc>Fails if the given condition is not true.</doc>
<status status="PASS" start="2024-05-16T22:14:28.733443" elapsed="0.000256"/>
</kw>
<arg>${json_data["results"][0]["location"]["coordinates"]["latitude"]} &gt;= -90 and ${json_data["results"][0]["location"]["coordinates"]["latitude"]} &lt;= 90</arg>
<arg>Should Be True</arg>
<arg>${True}</arg>
<doc>Runs the given keyword with the given arguments, if ``condition`` is true.</doc>
<status status="PASS" start="2024-05-16T22:14:28.732696" elapsed="0.001136"/>
</kw>
<kw name="Run Keyword If" owner="BuiltIn">
<kw name="Should Be True" owner="BuiltIn">
<arg>${True}</arg>
<doc>Fails if the given condition is not true.</doc>
<status status="PASS" start="2024-05-16T22:14:28.734744" elapsed="0.000151"/>
</kw>
<arg>${json_data["results"][0]["location"]["coordinates"]["longitude"]} &gt;= -180 and ${json_data["results"][0]["location"]["coordinates"]["longitude"]} &lt;= 180</arg>
<arg>Should Be True</arg>
<arg>${True}</arg>
<doc>Runs the given keyword with the given arguments, if ``condition`` is true.</doc>
<status status="PASS" start="2024-05-16T22:14:28.734019" elapsed="0.001002"/>
</kw>
<status status="PASS" start="2024-05-16T22:14:28.425947" elapsed="0.309207"/>
</kw>
<doc>Testa o conteúdo específico dos campos retornados pela API.</doc>
<tag>testeConteudo</tag>
<status status="PASS" start="2024-05-16T22:14:28.425430" elapsed="0.309874"/>
</test>
<status status="PASS" start="2024-05-16T22:14:27.737151" elapsed="1.000126"/>
</suite>
<status status="PASS" start="2024-05-16T22:14:27.723438" elapsed="1.019075"/>
</suite>
<statistics>
<total>
<stat pass="5" fail="0" skip="0">All Tests</stat>
</total>
<tag>
<stat pass="1" fail="0" skip="0">testeConteudo</stat>
<stat pass="1" fail="0" skip="0">testeEstruturaResposta</stat>
<stat pass="1" fail="0" skip="0">testeRequisicaoBasica</stat>
<stat pass="1" fail="0" skip="0">testeTiposDados</stat>
</tag>
<suite>
<stat pass="5" fail="0" skip="0" id="s1" name="Tests">Tests</stat>
<stat pass="5" fail="0" skip="0" id="s1-s1" name="Random-User-Test">Tests.Random-User-Test</stat>
</suite>
</statistics>
<errors>
</errors>
</robot>
