<?xml version="1.0" encoding="UTF-8"?>
<robot generator="Robot 7.0 (Python 3.12.3 on linux)" generated="2024-04-19T06:18:40.560856" rpa="false" schemaversion="5">
<suite id="s1" name="Tests" source="/home/runner/work/DesafioQAItauRogerioJordao/DesafioQAItauRogerioJordao/RamdonUser/tests">
<suite id="s1-s1" name="Random-User-Test" source="/home/runner/work/DesafioQAItauRogerioJordao/DesafioQAItauRogerioJordao/RamdonUser/tests/random-user-test.robot">
<test id="s1-s1-t1" name="Conectar" line="13">
<kw name="Conectar API" owner="random-user-service">
<kw name="Create Session" owner="RequestsLibrary">
<msg time="2024-04-19T06:18:40.954675" level="INFO">Creating Session using : alias=consultarAPI, url=https://randomuser.me/, headers={},                     cookies={}, auth=None, timeout=None, proxies=None, verify=False,                     debug=0 </msg>
<arg>consultarAPI</arg>
<arg>${URL}</arg>
<doc>Create Session: create a HTTP session to a server</doc>
<status status="PASS" start="2024-04-19T06:18:40.954468" elapsed="0.000404"/>
</kw>
<status status="PASS" start="2024-04-19T06:18:40.953465" elapsed="0.001833"/>
</kw>
<status status="PASS" start="2024-04-19T06:18:40.952893" elapsed="0.002600"/>
</test>
<test id="s1-s1-t2" name="Validar retorno 200 e JSON Válido" line="16">
<kw name="Teste de Requisicao Basica" owner="random-user-service">
<kw name="GET On Session" owner="RequestsLibrary">
<msg time="2024-04-19T06:18:41.193959" level="INFO">GET Request : url=https://randomuser.me/api 
 path_url=/api 
 headers={'User-Agent': 'python-requests/2.31.0', 'Accept-Encoding': 'gzip, deflate', 'Accept': '*/*', 'Connection': 'keep-alive'} 
 body=None 
 </msg>
<msg time="2024-04-19T06:18:41.194136" level="INFO">GET Response : url=https://randomuser.me/api 
 status=200, reason=OK 
 headers={'Date': 'Fri, 19 Apr 2024 06:18:41 GMT', 'Content-Type': 'application/json; charset=utf-8', 'Transfer-Encoding': 'chunked', 'Connection': 'keep-alive', 'X-Powered-By': 'Express', 'Access-Control-Allow-Origin': '*', 'Cache-Control': 'no-cache', 'ETag': 'W/"481-wMMfIh96/h9wCIHBBhsNduU/a4w"', 'Vary': 'Accept-Encoding', 'Content-Encoding': 'gzip', 'CF-Cache-Status': 'DYNAMIC', 'Report-To': '{"endpoints":[{"url":"https:\\/\\/a.nel.cloudflare.com\\/report\\/v4?s=QEHCnNfcncnTsrNDDa58mhma%2B3ypuBKGfSdPMxULhVhTyYzjhqDTemVo%2FnaXPOWorEwIskvvf6TO58CAhzPlMGz1NYdUMeSFicyoYu3YBqIzpP5EmK%2FI9xUAHW38janf"}],"group":"cf-nel","max_age":604800}', 'NEL': '{"success_fraction":0,"report_to":"cf-nel","max_age":604800}', 'Server': 'cloudflare', 'CF-RAY': '876ac7573b351fdf-IAD', 'alt-svc': 'h3=":443"; ma=86400'} 
 body={"results":[{"gender":"female","name":{"title":"Miss","first":"Jeanne","last":"Novak"},"location":{"street":{"number":35,"name":"Queen St"},"city":"Brockton","state":"Nova Scotia","country":"Canada","postcode":"P1B 7X5","coordinates":{"latitude":"-64.3425","longitude":"142.5349"},"timezone":{"offset":"-12:00","description":"Eniwetok, Kwajalein"}},"email":"jeanne.novak@example.com","login":{"uuid":"9b500c17-5378-494f-aa03-e25365a668e8","username":"browntiger244","password":"1112","salt":"nDIKt0QN","md5":"52839017745071169fdcf867ca8b6cd7","sha1":"df8a88be8f50ce75be512ceb1433e0076b666a11","sha256":"9b2ebbb1e7443bdf751653e07b8c415b76650b5160ca4cd6c3aca411af91acf2"},"dob":{"date":"1965-01-25T05:06:36.354Z","age":59},"registered":{"date":"2006-06-07T13:09:01.761Z","age":17},"phone":"J63 L59-5094","cell":"O12 G53-3009","id":{"name":"SIN","value":"443941869"},"picture":{"large":"https://randomuser.me/api/portraits/women/41.jpg","medium":"https://randomuser.me/api/portraits/med/women/41.jpg","thumbnail":"https://randomuser.me/api/portraits/thumb/women/41.jpg"},"nat":"CA"}],"info":{"seed":"f7b922f8f392c5b6","results":1,"page":1,"version":"1.4"}} 
 </msg>
<msg time="2024-04-19T06:18:41.194225" level="INFO">/opt/hostedtoolcache/Python/3.12.3/x64/lib/python3.12/site-packages/urllib3/connectionpool.py:1103: InsecureRequestWarning: Unverified HTTPS request is being made to host 'randomuser.me'. Adding certificate verification is strongly advised. See: https://urllib3.readthedocs.io/en/latest/advanced-usage.html#tls-warnings
  warnings.warn(</msg>
<msg time="2024-04-19T06:18:41.194385" level="INFO">${response} = &lt;Response [200]&gt;</msg>
<var>${response}</var>
<arg>consultarAPI</arg>
<arg>/api</arg>
<doc>Sends a GET request on a previously created HTTP Session.</doc>
<status status="PASS" start="2024-04-19T06:18:40.958092" elapsed="0.236338"/>
</kw>
<kw name="Should Be Equal As Numbers" owner="BuiltIn">
<msg time="2024-04-19T06:18:41.195602" level="INFO">Argument types are:
&lt;class 'int'&gt;
&lt;class 'str'&gt;</msg>
<arg>${response.status_code}</arg>
<arg>200</arg>
<doc>Fails if objects are unequal after converting them to real numbers.</doc>
<status status="PASS" start="2024-04-19T06:18:41.195132" elapsed="0.000536"/>
</kw>
<kw name="Log" owner="BuiltIn">
<msg time="2024-04-19T06:18:41.196356" level="INFO">200</msg>
<arg>${response.status_code}</arg>
<doc>Logs the given message with the given level.</doc>
<status status="PASS" start="2024-04-19T06:18:41.196006" elapsed="0.000393"/>
</kw>
<kw name="Set Variable" owner="BuiltIn">
<msg time="2024-04-19T06:18:41.197147" level="INFO">${json_data} = {'results': [{'gender': 'female', 'name': {'title': 'Miss', 'first': 'Jeanne', 'last': 'Novak'}, 'location': {'street': {'number': 35, 'name': 'Queen St'}, 'city': 'Brockton', 'state': 'Nova Scotia', ...</msg>
<var>${json_data}</var>
<arg>${response.json()}</arg>
<doc>Returns the given values which can then be assigned to a variables.</doc>
<status status="PASS" start="2024-04-19T06:18:41.196710" elapsed="0.000464"/>
</kw>
<kw name="Dictionary Should Contain Key" owner="Collections">
<msg time="2024-04-19T06:18:41.197645" level="INFO">False</msg>
<arg>${json_data}</arg>
<arg>results</arg>
<doc>Fails if ``key`` is not found from ``dictionary``.</doc>
<status status="PASS" start="2024-04-19T06:18:41.197474" elapsed="0.000210"/>
</kw>
<status status="PASS" start="2024-04-19T06:18:40.957846" elapsed="0.240100"/>
</kw>
<doc>Testa se a API responde corretamente e retorna um objeto JSON válido.</doc>
<tag>testeRequisicaoBasica</tag>
<status status="PASS" start="2024-04-19T06:18:40.957381" elapsed="0.240750"/>
</test>
<test id="s1-s1-t3" name="Validar estrutura de resposta" line="22">
<kw name="Teste de Estrutura de Resposta" owner="random-user-service">
<kw name="GET On Session" owner="RequestsLibrary">
<msg time="2024-04-19T06:18:41.305380" level="INFO">GET Request : url=https://randomuser.me/api 
 path_url=/api 
 headers={'User-Agent': 'python-requests/2.31.0', 'Accept-Encoding': 'gzip, deflate', 'Accept': '*/*', 'Connection': 'keep-alive'} 
 body=None 
 </msg>
<msg time="2024-04-19T06:18:41.305495" level="INFO">GET Response : url=https://randomuser.me/api 
 status=200, reason=OK 
 headers={'Date': 'Fri, 19 Apr 2024 06:18:41 GMT', 'Content-Type': 'application/json; charset=utf-8', 'Transfer-Encoding': 'chunked', 'Connection': 'keep-alive', 'X-Powered-By': 'Express', 'Access-Control-Allow-Origin': '*', 'Cache-Control': 'no-cache', 'ETag': 'W/"483-wXbYjG9eo/O4vVxlqM7jEeJV6jk"', 'Vary': 'Accept-Encoding', 'Content-Encoding': 'gzip', 'CF-Cache-Status': 'DYNAMIC', 'Report-To': '{"endpoints":[{"url":"https:\\/\\/a.nel.cloudflare.com\\/report\\/v4?s=ONC%2BSn6cFcyyWpOptgzj0UfxTBmH94FiqWCY3oOu%2BS5hoh0uvi%2FQ8MvgyXsRiYDBjwbo7WX5smTWOpYcrUi%2F4JKtNP%2BgLYX8xJouNVuU28v7HZAMd%2F6kNNP9I0I5Y6Zh"}],"group":"cf-nel","max_age":604800}', 'NEL': '{"success_fraction":0,"report_to":"cf-nel","max_age":604800}', 'Server': 'cloudflare', 'CF-RAY': '876ac7578b8c1fdf-IAD', 'alt-svc': 'h3=":443"; ma=86400'} 
 body={"results":[{"gender":"female","name":{"title":"Mrs","first":"Amparo","last":"Rojas"},"location":{"street":{"number":6423,"name":"Calle del Barquillo"},"city":"Burgos","state":"Comunidad de Madrid","country":"Spain","postcode":14670,"coordinates":{"latitude":"-35.0583","longitude":"33.3910"},"timezone":{"offset":"+5:45","description":"Kathmandu"}},"email":"amparo.rojas@example.com","login":{"uuid":"0c8bac28-0ae3-47f2-b791-99c6a1621aa4","username":"bigmeercat607","password":"motion","salt":"Q5lB7kTB","md5":"6d89977fe8fe3589e4aa36b5585e72fe","sha1":"5ddc2bc6883312c7b8e86bfe0b6bc4e8522cf9cc","sha256":"db9a46fb634befdf5fc4dc0a8257caf4802eaf347342a5431163f89005d7cb78"},"dob":{"date":"1990-02-21T00:47:29.121Z","age":34},"registered":{"date":"2010-08-26T21:50:39.611Z","age":13},"phone":"904-106-627","cell":"634-171-283","id":{"name":"DNI","value":"69136371-H"},"picture":{"large":"https://randomuser.me/api/portraits/women/65.jpg","medium":"https://randomuser.me/api/portraits/med/women/65.jpg","thumbnail":"https://randomuser.me/api/portraits/thumb/women/65.jpg"},"nat":"ES"}],"info":{"seed":"18c9dca318027d89","results":1,"page":1,"version":"1.4"}} 
 </msg>
<msg time="2024-04-19T06:18:41.305644" level="INFO">/opt/hostedtoolcache/Python/3.12.3/x64/lib/python3.12/site-packages/urllib3/connectionpool.py:1103: InsecureRequestWarning: Unverified HTTPS request is being made to host 'randomuser.me'. Adding certificate verification is strongly advised. See: https://urllib3.readthedocs.io/en/latest/advanced-usage.html#tls-warnings
  warnings.warn(</msg>
<msg time="2024-04-19T06:18:41.305779" level="INFO">${response} = &lt;Response [200]&gt;</msg>
<var>${response}</var>
<arg>consultarAPI</arg>
<arg>/api</arg>
<doc>Sends a GET request on a previously created HTTP Session.</doc>
<status status="PASS" start="2024-04-19T06:18:41.200959" elapsed="0.104862"/>
</kw>
<kw name="Set Variable" owner="BuiltIn">
<msg time="2024-04-19T06:18:41.306851" level="INFO">${json_data} = {'results': [{'gender': 'female', 'name': {'title': 'Mrs', 'first': 'Amparo', 'last': 'Rojas'}, 'location': {'street': {'number': 6423, 'name': 'Calle del Barquillo'}, 'city': 'Burgos', 'state': 'Comu...</msg>
<var>${json_data}</var>
<arg>${response.json()}</arg>
<doc>Returns the given values which can then be assigned to a variables.</doc>
<status status="PASS" start="2024-04-19T06:18:41.306330" elapsed="0.000549"/>
</kw>
<kw name="Log" owner="BuiltIn">
<msg time="2024-04-19T06:18:41.307402" level="INFO">{'results': [{'gender': 'female', 'name': {'title': 'Mrs', 'first': 'Amparo', 'last': 'Rojas'}, 'location': {'street': {'number': 6423, 'name': 'Calle del Barquillo'}, 'city': 'Burgos', 'state': 'Comunidad de Madrid', 'country': 'Spain', 'postcode': 14670, 'coordinates': {'latitude': '-35.0583', 'longitude': '33.3910'}, 'timezone': {'offset': '+5:45', 'description': 'Kathmandu'}}, 'email': 'amparo.rojas@example.com', 'login': {'uuid': '0c8bac28-0ae3-47f2-b791-99c6a1621aa4', 'username': 'bigmeercat607', 'password': 'motion', 'salt': 'Q5lB7kTB', 'md5': '6d89977fe8fe3589e4aa36b5585e72fe', 'sha1': '5ddc2bc6883312c7b8e86bfe0b6bc4e8522cf9cc', 'sha256': 'db9a46fb634befdf5fc4dc0a8257caf4802eaf347342a5431163f89005d7cb78'}, 'dob': {'date': '1990-02-21T00:47:29.121Z', 'age': 34}, 'registered': {'date': '2010-08-26T21:50:39.611Z', 'age': 13}, 'phone': '904-106-627', 'cell': '634-171-283', 'id': {'name': 'DNI', 'value': '69136371-H'}, 'picture': {'large': 'https://randomuser.me/api/portraits/women/65.jpg', 'medium': 'https://randomuser.me/api/portraits/med/women/65.jpg', 'thumbnail': 'https://randomuser.me/api/portraits/thumb/women/65.jpg'}, 'nat': 'ES'}], 'info': {'seed': '18c9dca318027d89', 'results': 1, 'page': 1, 'version': '1.4'}}</msg>
<arg>${json_data}</arg>
<doc>Logs the given message with the given level.</doc>
<status status="PASS" start="2024-04-19T06:18:41.307243" elapsed="0.000206"/>
</kw>
<kw name="Dictionary Should Contain Key" owner="Collections">
<msg time="2024-04-19T06:18:41.307898" level="INFO">False</msg>
<arg>${json_data}</arg>
<arg>results</arg>
<doc>Fails if ``key`` is not found from ``dictionary``.</doc>
<status status="PASS" start="2024-04-19T06:18:41.307740" elapsed="0.000193"/>
</kw>
<kw name="Should Not Be Empty" owner="BuiltIn">
<msg time="2024-04-19T06:18:41.308348" level="INFO">Length is 2.</msg>
<arg>${json_data}</arg>
<doc>Verifies that the given item is not empty.</doc>
<status status="PASS" start="2024-04-19T06:18:41.308220" elapsed="0.000325"/>
</kw>
<kw name="Create List" owner="BuiltIn">
<msg time="2024-04-19T06:18:41.308987" level="INFO">${expected_keys} = ['gender', 'name', 'location', 'email', 'login']</msg>
<var>${expected_keys}</var>
<arg>gender</arg>
<arg>name</arg>
<arg>location</arg>
<arg>email</arg>
<arg>login</arg>
<doc>Returns a list containing given items.</doc>
<status status="PASS" start="2024-04-19T06:18:41.308839" elapsed="0.000171"/>
</kw>
<for flavor="IN">
<iter>
<kw name="Dictionary Should Contain Key" owner="Collections">
<msg time="2024-04-19T06:18:41.310006" level="INFO">False</msg>
<arg>${json_data['results'][0]}</arg>
<arg>${key}</arg>
<doc>Fails if ``key`` is not found from ``dictionary``.</doc>
<status status="PASS" start="2024-04-19T06:18:41.309599" elapsed="0.000446"/>
</kw>
<kw name="Log" owner="BuiltIn">
<msg time="2024-04-19T06:18:41.310706" level="INFO">{'gender': 'female', 'name': {'title': 'Mrs', 'first': 'Amparo', 'last': 'Rojas'}, 'location': {'street': {'number': 6423, 'name': 'Calle del Barquillo'}, 'city': 'Burgos', 'state': 'Comunidad de Madrid', 'country': 'Spain', 'postcode': 14670, 'coordinates': {'latitude': '-35.0583', 'longitude': '33.3910'}, 'timezone': {'offset': '+5:45', 'description': 'Kathmandu'}}, 'email': 'amparo.rojas@example.com', 'login': {'uuid': '0c8bac28-0ae3-47f2-b791-99c6a1621aa4', 'username': 'bigmeercat607', 'password': 'motion', 'salt': 'Q5lB7kTB', 'md5': '6d89977fe8fe3589e4aa36b5585e72fe', 'sha1': '5ddc2bc6883312c7b8e86bfe0b6bc4e8522cf9cc', 'sha256': 'db9a46fb634befdf5fc4dc0a8257caf4802eaf347342a5431163f89005d7cb78'}, 'dob': {'date': '1990-02-21T00:47:29.121Z', 'age': 34}, 'registered': {'date': '2010-08-26T21:50:39.611Z', 'age': 13}, 'phone': '904-106-627', 'cell': '634-171-283', 'id': {'name': 'DNI', 'value': '69136371-H'}, 'picture': {'large': 'https://randomuser.me/api/portraits/women/65.jpg', 'medium': 'https://randomuser.me/api/portraits/med/women/65.jpg', 'thumbnail': 'https://randomuser.me/api/portraits/thumb/women/65.jpg'}, 'nat': 'ES'}</msg>
<arg>${json_data['results'][0]}</arg>
<doc>Logs the given message with the given level.</doc>
<status status="PASS" start="2024-04-19T06:18:41.310342" elapsed="0.000410"/>
</kw>
<kw name="Log" owner="BuiltIn">
<msg time="2024-04-19T06:18:41.311195" level="INFO">gender</msg>
<arg>${key}</arg>
<doc>Logs the given message with the given level.</doc>
<status status="PASS" start="2024-04-19T06:18:41.311066" elapsed="0.000166"/>
</kw>
<var name="${key}">gender</var>
<status status="PASS" start="2024-04-19T06:18:41.309468" elapsed="0.001978"/>
</iter>
<iter>
<kw name="Dictionary Should Contain Key" owner="Collections">
<msg time="2024-04-19T06:18:41.312129" level="INFO">False</msg>
<arg>${json_data['results'][0]}</arg>
<arg>${key}</arg>
<doc>Fails if ``key`` is not found from ``dictionary``.</doc>
<status status="PASS" start="2024-04-19T06:18:41.311743" elapsed="0.000423"/>
</kw>
<kw name="Log" owner="BuiltIn">
<msg time="2024-04-19T06:18:41.312845" level="INFO">{'gender': 'female', 'name': {'title': 'Mrs', 'first': 'Amparo', 'last': 'Rojas'}, 'location': {'street': {'number': 6423, 'name': 'Calle del Barquillo'}, 'city': 'Burgos', 'state': 'Comunidad de Madrid', 'country': 'Spain', 'postcode': 14670, 'coordinates': {'latitude': '-35.0583', 'longitude': '33.3910'}, 'timezone': {'offset': '+5:45', 'description': 'Kathmandu'}}, 'email': 'amparo.rojas@example.com', 'login': {'uuid': '0c8bac28-0ae3-47f2-b791-99c6a1621aa4', 'username': 'bigmeercat607', 'password': 'motion', 'salt': 'Q5lB7kTB', 'md5': '6d89977fe8fe3589e4aa36b5585e72fe', 'sha1': '5ddc2bc6883312c7b8e86bfe0b6bc4e8522cf9cc', 'sha256': 'db9a46fb634befdf5fc4dc0a8257caf4802eaf347342a5431163f89005d7cb78'}, 'dob': {'date': '1990-02-21T00:47:29.121Z', 'age': 34}, 'registered': {'date': '2010-08-26T21:50:39.611Z', 'age': 13}, 'phone': '904-106-627', 'cell': '634-171-283', 'id': {'name': 'DNI', 'value': '69136371-H'}, 'picture': {'large': 'https://randomuser.me/api/portraits/women/65.jpg', 'medium': 'https://randomuser.me/api/portraits/med/women/65.jpg', 'thumbnail': 'https://randomuser.me/api/portraits/thumb/women/65.jpg'}, 'nat': 'ES'}</msg>
<arg>${json_data['results'][0]}</arg>
<doc>Logs the given message with the given level.</doc>
<status status="PASS" start="2024-04-19T06:18:41.312486" elapsed="0.000404"/>
</kw>
<kw name="Log" owner="BuiltIn">
<msg time="2024-04-19T06:18:41.313305" level="INFO">name</msg>
<arg>${key}</arg>
<doc>Logs the given message with the given level.</doc>
<status status="PASS" start="2024-04-19T06:18:41.313180" elapsed="0.000161"/>
</kw>
<var name="${key}">name</var>
<status status="PASS" start="2024-04-19T06:18:41.311629" elapsed="0.001923"/>
</iter>
<iter>
<kw name="Dictionary Should Contain Key" owner="Collections">
<msg time="2024-04-19T06:18:41.314222" level="INFO">False</msg>
<arg>${json_data['results'][0]}</arg>
<arg>${key}</arg>
<doc>Fails if ``key`` is not found from ``dictionary``.</doc>
<status status="PASS" start="2024-04-19T06:18:41.313844" elapsed="0.000415"/>
</kw>
<kw name="Log" owner="BuiltIn">
<msg time="2024-04-19T06:18:41.314954" level="INFO">{'gender': 'female', 'name': {'title': 'Mrs', 'first': 'Amparo', 'last': 'Rojas'}, 'location': {'street': {'number': 6423, 'name': 'Calle del Barquillo'}, 'city': 'Burgos', 'state': 'Comunidad de Madrid', 'country': 'Spain', 'postcode': 14670, 'coordinates': {'latitude': '-35.0583', 'longitude': '33.3910'}, 'timezone': {'offset': '+5:45', 'description': 'Kathmandu'}}, 'email': 'amparo.rojas@example.com', 'login': {'uuid': '0c8bac28-0ae3-47f2-b791-99c6a1621aa4', 'username': 'bigmeercat607', 'password': 'motion', 'salt': 'Q5lB7kTB', 'md5': '6d89977fe8fe3589e4aa36b5585e72fe', 'sha1': '5ddc2bc6883312c7b8e86bfe0b6bc4e8522cf9cc', 'sha256': 'db9a46fb634befdf5fc4dc0a8257caf4802eaf347342a5431163f89005d7cb78'}, 'dob': {'date': '1990-02-21T00:47:29.121Z', 'age': 34}, 'registered': {'date': '2010-08-26T21:50:39.611Z', 'age': 13}, 'phone': '904-106-627', 'cell': '634-171-283', 'id': {'name': 'DNI', 'value': '69136371-H'}, 'picture': {'large': 'https://randomuser.me/api/portraits/women/65.jpg', 'medium': 'https://randomuser.me/api/portraits/med/women/65.jpg', 'thumbnail': 'https://randomuser.me/api/portraits/thumb/women/65.jpg'}, 'nat': 'ES'}</msg>
<arg>${json_data['results'][0]}</arg>
<doc>Logs the given message with the given level.</doc>
<status status="PASS" start="2024-04-19T06:18:41.314560" elapsed="0.000455"/>
</kw>
<kw name="Log" owner="BuiltIn">
<msg time="2024-04-19T06:18:41.315436" level="INFO">location</msg>
<arg>${key}</arg>
<doc>Logs the given message with the given level.</doc>
<status status="PASS" start="2024-04-19T06:18:41.315312" elapsed="0.000162"/>
</kw>
<var name="${key}">location</var>
<status status="PASS" start="2024-04-19T06:18:41.313727" elapsed="0.001961"/>
</iter>
<iter>
<kw name="Dictionary Should Contain Key" owner="Collections">
<msg time="2024-04-19T06:18:41.316344" level="INFO">False</msg>
<arg>${json_data['results'][0]}</arg>
<arg>${key}</arg>
<doc>Fails if ``key`` is not found from ``dictionary``.</doc>
<status status="PASS" start="2024-04-19T06:18:41.315966" elapsed="0.000415"/>
</kw>
<kw name="Log" owner="BuiltIn">
<msg time="2024-04-19T06:18:41.317033" level="INFO">{'gender': 'female', 'name': {'title': 'Mrs', 'first': 'Amparo', 'last': 'Rojas'}, 'location': {'street': {'number': 6423, 'name': 'Calle del Barquillo'}, 'city': 'Burgos', 'state': 'Comunidad de Madrid', 'country': 'Spain', 'postcode': 14670, 'coordinates': {'latitude': '-35.0583', 'longitude': '33.3910'}, 'timezone': {'offset': '+5:45', 'description': 'Kathmandu'}}, 'email': 'amparo.rojas@example.com', 'login': {'uuid': '0c8bac28-0ae3-47f2-b791-99c6a1621aa4', 'username': 'bigmeercat607', 'password': 'motion', 'salt': 'Q5lB7kTB', 'md5': '6d89977fe8fe3589e4aa36b5585e72fe', 'sha1': '5ddc2bc6883312c7b8e86bfe0b6bc4e8522cf9cc', 'sha256': 'db9a46fb634befdf5fc4dc0a8257caf4802eaf347342a5431163f89005d7cb78'}, 'dob': {'date': '1990-02-21T00:47:29.121Z', 'age': 34}, 'registered': {'date': '2010-08-26T21:50:39.611Z', 'age': 13}, 'phone': '904-106-627', 'cell': '634-171-283', 'id': {'name': 'DNI', 'value': '69136371-H'}, 'picture': {'large': 'https://randomuser.me/api/portraits/women/65.jpg', 'medium': 'https://randomuser.me/api/portraits/med/women/65.jpg', 'thumbnail': 'https://randomuser.me/api/portraits/thumb/women/65.jpg'}, 'nat': 'ES'}</msg>
<arg>${json_data['results'][0]}</arg>
<doc>Logs the given message with the given level.</doc>
<status status="PASS" start="2024-04-19T06:18:41.316675" elapsed="0.000405"/>
</kw>
<kw name="Log" owner="BuiltIn">
<msg time="2024-04-19T06:18:41.317493" level="INFO">email</msg>
<arg>${key}</arg>
<doc>Logs the given message with the given level.</doc>
<status status="PASS" start="2024-04-19T06:18:41.317368" elapsed="0.000163"/>
</kw>
<var name="${key}">email</var>
<status status="PASS" start="2024-04-19T06:18:41.315857" elapsed="0.001889"/>
</iter>
<iter>
<kw name="Dictionary Should Contain Key" owner="Collections">
<msg time="2024-04-19T06:18:41.318404" level="INFO">False</msg>
<arg>${json_data['results'][0]}</arg>
<arg>${key}</arg>
<doc>Fails if ``key`` is not found from ``dictionary``.</doc>
<status status="PASS" start="2024-04-19T06:18:41.318026" elapsed="0.000414"/>
</kw>
<kw name="Log" owner="BuiltIn">
<msg time="2024-04-19T06:18:41.319115" level="INFO">{'gender': 'female', 'name': {'title': 'Mrs', 'first': 'Amparo', 'last': 'Rojas'}, 'location': {'street': {'number': 6423, 'name': 'Calle del Barquillo'}, 'city': 'Burgos', 'state': 'Comunidad de Madrid', 'country': 'Spain', 'postcode': 14670, 'coordinates': {'latitude': '-35.0583', 'longitude': '33.3910'}, 'timezone': {'offset': '+5:45', 'description': 'Kathmandu'}}, 'email': 'amparo.rojas@example.com', 'login': {'uuid': '0c8bac28-0ae3-47f2-b791-99c6a1621aa4', 'username': 'bigmeercat607', 'password': 'motion', 'salt': 'Q5lB7kTB', 'md5': '6d89977fe8fe3589e4aa36b5585e72fe', 'sha1': '5ddc2bc6883312c7b8e86bfe0b6bc4e8522cf9cc', 'sha256': 'db9a46fb634befdf5fc4dc0a8257caf4802eaf347342a5431163f89005d7cb78'}, 'dob': {'date': '1990-02-21T00:47:29.121Z', 'age': 34}, 'registered': {'date': '2010-08-26T21:50:39.611Z', 'age': 13}, 'phone': '904-106-627', 'cell': '634-171-283', 'id': {'name': 'DNI', 'value': '69136371-H'}, 'picture': {'large': 'https://randomuser.me/api/portraits/women/65.jpg', 'medium': 'https://randomuser.me/api/portraits/med/women/65.jpg', 'thumbnail': 'https://randomuser.me/api/portraits/thumb/women/65.jpg'}, 'nat': 'ES'}</msg>
<arg>${json_data['results'][0]}</arg>
<doc>Logs the given message with the given level.</doc>
<status status="PASS" start="2024-04-19T06:18:41.318731" elapsed="0.000430"/>
</kw>
<kw name="Log" owner="BuiltIn">
<msg time="2024-04-19T06:18:41.319575" level="INFO">login</msg>
<arg>${key}</arg>
<doc>Logs the given message with the given level.</doc>
<status status="PASS" start="2024-04-19T06:18:41.319451" elapsed="0.000161"/>
</kw>
<var name="${key}">login</var>
<status status="PASS" start="2024-04-19T06:18:41.317916" elapsed="0.001912"/>
</iter>
<var>${key}</var>
<value>@{expected_keys}</value>
<status status="PASS" start="2024-04-19T06:18:41.309274" elapsed="0.010702"/>
</for>
<kw name="Create List" owner="BuiltIn">
<msg time="2024-04-19T06:18:41.320309" level="INFO">${expected_keysTwo} = ['username', 'password']</msg>
<var>${expected_keysTwo}</var>
<arg>username</arg>
<arg>password</arg>
<doc>Returns a list containing given items.</doc>
<status status="PASS" start="2024-04-19T06:18:41.320175" elapsed="0.000158"/>
</kw>
<for flavor="IN">
<iter>
<kw name="Dictionary Should Contain Key" owner="Collections">
<msg time="2024-04-19T06:18:41.321208" level="INFO">False</msg>
<arg>${json_data['results'][0]['login']}</arg>
<arg>${keyTwo}</arg>
<doc>Fails if ``key`` is not found from ``dictionary``.</doc>
<status status="PASS" start="2024-04-19T06:18:41.320828" elapsed="0.000416"/>
</kw>
<kw name="Dictionary Should Contain Key" owner="Collections">
<msg time="2024-04-19T06:18:41.321912" level="INFO">False</msg>
<arg>${json_data['results'][0]['login']}</arg>
<arg>${keyTwo}</arg>
<doc>Fails if ``key`` is not found from ``dictionary``.</doc>
<status status="PASS" start="2024-04-19T06:18:41.321535" elapsed="0.000413"/>
</kw>
<kw name="Log" owner="BuiltIn">
<msg time="2024-04-19T06:18:41.322358" level="INFO">username</msg>
<arg>${keyTwo}</arg>
<doc>Logs the given message with the given level.</doc>
<status status="PASS" start="2024-04-19T06:18:41.322234" elapsed="0.000166"/>
</kw>
<var name="${keyTwo}">username</var>
<status status="PASS" start="2024-04-19T06:18:41.320721" elapsed="0.001889"/>
</iter>
<iter>
<kw name="Dictionary Should Contain Key" owner="Collections">
<msg time="2024-04-19T06:18:41.323386" level="INFO">False</msg>
<arg>${json_data['results'][0]['login']}</arg>
<arg>${keyTwo}</arg>
<doc>Fails if ``key`` is not found from ``dictionary``.</doc>
<status status="PASS" start="2024-04-19T06:18:41.322887" elapsed="0.000544"/>
</kw>
<kw name="Dictionary Should Contain Key" owner="Collections">
<msg time="2024-04-19T06:18:41.324120" level="INFO">False</msg>
<arg>${json_data['results'][0]['login']}</arg>
<arg>${keyTwo}</arg>
<doc>Fails if ``key`` is not found from ``dictionary``.</doc>
<status status="PASS" start="2024-04-19T06:18:41.323734" elapsed="0.000423"/>
</kw>
<kw name="Log" owner="BuiltIn">
<msg time="2024-04-19T06:18:41.324578" level="INFO">password</msg>
<arg>${keyTwo}</arg>
<doc>Logs the given message with the given level.</doc>
<status status="PASS" start="2024-04-19T06:18:41.324451" elapsed="0.000165"/>
</kw>
<var name="${keyTwo}">password</var>
<status status="PASS" start="2024-04-19T06:18:41.322779" elapsed="0.002055"/>
</iter>
<var>${keyTwo}</var>
<value>@{expected_keysTwo}</value>
<status status="PASS" start="2024-04-19T06:18:41.320569" elapsed="0.004384"/>
</for>
<status status="PASS" start="2024-04-19T06:18:41.200711" elapsed="0.124382"/>
</kw>
<doc>Testa a estrutura da resposta da API.</doc>
<tag>testeEstruturaResposta</tag>
<status status="PASS" start="2024-04-19T06:18:41.200077" elapsed="0.125173"/>
</test>
<test id="s1-s1-t4" name="Validar tipos de dados" line="28">
<kw name="Teste de Tipos de Dados" owner="random-user-service">
<kw name="GET On Session" owner="RequestsLibrary">
<msg time="2024-04-19T06:18:41.412844" level="INFO">GET Request : url=https://randomuser.me/api 
 path_url=/api 
 headers={'User-Agent': 'python-requests/2.31.0', 'Accept-Encoding': 'gzip, deflate', 'Accept': '*/*', 'Connection': 'keep-alive'} 
 body=None 
 </msg>
<msg time="2024-04-19T06:18:41.412939" level="INFO">GET Response : url=https://randomuser.me/api 
 status=200, reason=OK 
 headers={'Date': 'Fri, 19 Apr 2024 06:18:41 GMT', 'Content-Type': 'application/json; charset=utf-8', 'Transfer-Encoding': 'chunked', 'Connection': 'keep-alive', 'X-Powered-By': 'Express', 'Access-Control-Allow-Origin': '*', 'Cache-Control': 'no-cache', 'ETag': 'W/"4a8-9jm3grvl6rvhm0W+JOLfrecnwOI"', 'Vary': 'Accept-Encoding', 'Content-Encoding': 'gzip', 'CF-Cache-Status': 'DYNAMIC', 'Report-To': '{"endpoints":[{"url":"https:\\/\\/a.nel.cloudflare.com\\/report\\/v4?s=FUtO4TFVar0vu8qZa5VIQIViOAZbXVhcmqjE%2Fto6nnqwn9dWaQ1WX7h0lfpQcpm6qjL1RFipKtucBJILMUnSeWt6znN%2BXjkK1G7th809ZwUuzUwdcqfVmCCeRe8QPfK9"}],"group":"cf-nel","max_age":604800}', 'NEL': '{"success_fraction":0,"report_to":"cf-nel","max_age":604800}', 'Server': 'cloudflare', 'CF-RAY': '876ac7585c671fdf-IAD', 'alt-svc': 'h3=":443"; ma=86400'} 
 body={"results":[{"gender":"male","name":{"title":"Mr","first":"Nigoslav","last":"Charnish"},"location":{"street":{"number":8965,"name":"Trostyaneckiy provulok"},"city":"Bahmut","state":"Avtonomna Respublika Krim","country":"Ukraine","postcode":62589,"coordinates":{"latitude":"76.6444","longitude":"-64.1436"},"timezone":{"offset":"+9:00","description":"Tokyo, Seoul, Osaka, Sapporo, Yakutsk"}},"email":"nigoslav.charnish@example.com","login":{"uuid":"9edee009-8da5-42a7-8ceb-3dfe8e2992d5","username":"tinypeacock299","password":"rhiannon","salt":"FYPwiQCc","md5":"529f6bd390dc6b7858087ebaceed595b","sha1":"ae3728decf4b3b4f9ba95f23ac3723f4ca51d3a5","sha256":"2198c8939a8bc437b702422aa5e27f813f87f54227a5307fd8a865d7570a7fc6"},"dob":{"date":"1991-12-19T16:22:08.540Z","age":32},"registered":{"date":"2021-07-07T01:11:52.390Z","age":2},"phone":"(096) Y15-6183","cell":"(099) J07-9194","id":{"name":"","value":null},"picture":{"large":"https://randomuser.me/api/portraits/men/92.jpg","medium":"https://randomuser.me/api/portraits/med/men/92.jpg","thumbnail":"https://randomuser.me/api/portraits/thumb/men/92.jpg"},"nat":"UA"}],"info":{"seed":"654af3347e46a356","results":1,"page":1,"version":"1.4"}} 
 </msg>
<msg time="2024-04-19T06:18:41.413009" level="INFO">/opt/hostedtoolcache/Python/3.12.3/x64/lib/python3.12/site-packages/urllib3/connectionpool.py:1103: InsecureRequestWarning: Unverified HTTPS request is being made to host 'randomuser.me'. Adding certificate verification is strongly advised. See: https://urllib3.readthedocs.io/en/latest/advanced-usage.html#tls-warnings
  warnings.warn(</msg>
<msg time="2024-04-19T06:18:41.413132" level="INFO">${response} = &lt;Response [200]&gt;</msg>
<var>${response}</var>
<arg>consultarAPI</arg>
<arg>/api</arg>
<doc>Sends a GET request on a previously created HTTP Session.</doc>
<status status="PASS" start="2024-04-19T06:18:41.327810" elapsed="0.085362"/>
</kw>
<kw name="Set Variable" owner="BuiltIn">
<msg time="2024-04-19T06:18:41.414363" level="INFO">${json_data} = {'results': [{'gender': 'male', 'name': {'title': 'Mr', 'first': 'Nigoslav', 'last': 'Charnish'}, 'location': {'street': {'number': 8965, 'name': 'Trostyaneckiy provulok'}, 'city': 'Bahmut', 'state': ...</msg>
<var>${json_data}</var>
<arg>${response.json()}</arg>
<doc>Returns the given values which can then be assigned to a variables.</doc>
<status status="PASS" start="2024-04-19T06:18:41.413784" elapsed="0.000608"/>
</kw>
<kw name="Log" owner="BuiltIn">
<msg time="2024-04-19T06:18:41.414856" level="INFO">{'results': [{'gender': 'male', 'name': {'title': 'Mr', 'first': 'Nigoslav', 'last': 'Charnish'}, 'location': {'street': {'number': 8965, 'name': 'Trostyaneckiy provulok'}, 'city': 'Bahmut', 'state': 'Avtonomna Respublika Krim', 'country': 'Ukraine', 'postcode': 62589, 'coordinates': {'latitude': '76.6444', 'longitude': '-64.1436'}, 'timezone': {'offset': '+9:00', 'description': 'Tokyo, Seoul, Osaka, Sapporo, Yakutsk'}}, 'email': 'nigoslav.charnish@example.com', 'login': {'uuid': '9edee009-8da5-42a7-8ceb-3dfe8e2992d5', 'username': 'tinypeacock299', 'password': 'rhiannon', 'salt': 'FYPwiQCc', 'md5': '529f6bd390dc6b7858087ebaceed595b', 'sha1': 'ae3728decf4b3b4f9ba95f23ac3723f4ca51d3a5', 'sha256': '2198c8939a8bc437b702422aa5e27f813f87f54227a5307fd8a865d7570a7fc6'}, 'dob': {'date': '1991-12-19T16:22:08.540Z', 'age': 32}, 'registered': {'date': '2021-07-07T01:11:52.390Z', 'age': 2}, 'phone': '(096) Y15-6183', 'cell': '(099) J07-9194', 'id': {'name': '', 'value': None}, 'picture': {'large': 'https://randomuser.me/api/portraits/men/92.jpg', 'medium': 'https://randomuser.me/api/portraits/med/men/92.jpg', 'thumbnail': 'https://randomuser.me/api/portraits/thumb/men/92.jpg'}, 'nat': 'UA'}], 'info': {'seed': '654af3347e46a356', 'results': 1, 'page': 1, 'version': '1.4'}}</msg>
<arg>${json_data}</arg>
<doc>Logs the given message with the given level.</doc>
<status status="PASS" start="2024-04-19T06:18:41.414700" elapsed="0.000275"/>
</kw>
<kw name="Should Be String" owner="String">
<arg>${json_data['results'][0]['gender']}</arg>
<doc>Fails if the given ``item`` is not a string.</doc>
<status status="PASS" start="2024-04-19T06:18:41.415289" elapsed="0.000359"/>
</kw>
<kw name="Should Match Regexp" owner="BuiltIn">
<arg>${json_data['results'][0]['email']}</arg>
<arg>^[a-zA-Z0-9._%+-]+@[a-zA-Z0-9.-]+\.[a-zA-Z]{2,}$</arg>
<doc>Fails if ``string`` does not match ``pattern`` as a regular expression.</doc>
<status status="PASS" start="2024-04-19T06:18:41.415845" elapsed="0.000517"/>
</kw>
<kw name="Should Match Regexp" owner="BuiltIn">
<arg>${json_data['results'][0]['dob']['date']}</arg>
<arg>\\d{4}-\\d{2}-\\d{2}T\\d{2}:\\d{2}:\\d{2}\\.\\d{3}Z</arg>
<doc>Fails if ``string`` does not match ``pattern`` as a regular expression.</doc>
<status status="PASS" start="2024-04-19T06:18:41.416558" elapsed="0.000483"/>
</kw>
<kw name="Should Match Regexp" owner="BuiltIn">
<arg>${json_data['results'][0]['registered']['date']}</arg>
<arg>\\d{4}-\\d{2}-\\d{2}T\\d{2}:\\d{2}:\\d{2}\\.\\d{3}Z</arg>
<doc>Fails if ``string`` does not match ``pattern`` as a regular expression.</doc>
<status status="PASS" start="2024-04-19T06:18:41.417229" elapsed="0.000364"/>
</kw>
<kw name="Should Match Regexp" owner="BuiltIn">
<arg>${json_data['results'][0]['picture']['large']}</arg>
<arg>^https?://.*\.(?:png|jpe?g|gif|bmp)$</arg>
<doc>Fails if ``string`` does not match ``pattern`` as a regular expression.</doc>
<status status="PASS" start="2024-04-19T06:18:41.417786" elapsed="0.000463"/>
</kw>
<kw name="Should Match Regexp" owner="BuiltIn">
<arg>${json_data['results'][0]['picture']['medium']}</arg>
<arg>^https?://.*\.(?:png|jpe?g|gif|bmp)$</arg>
<doc>Fails if ``string`` does not match ``pattern`` as a regular expression.</doc>
<status status="PASS" start="2024-04-19T06:18:41.418434" elapsed="0.000355"/>
</kw>
<kw name="Should Match Regexp" owner="BuiltIn">
<arg>${json_data['results'][0]['picture']['thumbnail']}</arg>
<arg>^https?://.*\.(?:png|jpe?g|gif|bmp)$</arg>
<doc>Fails if ``string`` does not match ``pattern`` as a regular expression.</doc>
<status status="PASS" start="2024-04-19T06:18:41.419003" elapsed="0.000371"/>
</kw>
<kw name="Log" owner="BuiltIn">
<msg time="2024-04-19T06:18:41.419885" level="INFO">{'large': 'https://randomuser.me/api/portraits/men/92.jpg', 'medium': 'https://randomuser.me/api/portraits/med/men/92.jpg', 'thumbnail': 'https://randomuser.me/api/portraits/thumb/men/92.jpg'}</msg>
<arg>${json_data['results'][0]['picture']}</arg>
<doc>Logs the given message with the given level.</doc>
<status status="PASS" start="2024-04-19T06:18:41.419559" elapsed="0.000368"/>
</kw>
<status status="PASS" start="2024-04-19T06:18:41.327579" elapsed="0.092604"/>
</kw>
<kw name="Teste de Tipos de Dados - Postcode" owner="random-user-service">
<kw name="GET On Session" owner="RequestsLibrary">
<msg time="2024-04-19T06:18:41.495076" level="INFO">GET Request : url=https://randomuser.me/api 
 path_url=/api 
 headers={'User-Agent': 'python-requests/2.31.0', 'Accept-Encoding': 'gzip, deflate', 'Accept': '*/*', 'Connection': 'keep-alive'} 
 body=None 
 </msg>
<msg time="2024-04-19T06:18:41.495167" level="INFO">GET Response : url=https://randomuser.me/api 
 status=200, reason=OK 
 headers={'Date': 'Fri, 19 Apr 2024 06:18:41 GMT', 'Content-Type': 'application/json; charset=utf-8', 'Transfer-Encoding': 'chunked', 'Connection': 'keep-alive', 'X-Powered-By': 'Express', 'Access-Control-Allow-Origin': '*', 'Cache-Control': 'no-cache', 'ETag': 'W/"48a-cyyX+hAWM151BWJY/9PSu48pB0s"', 'Vary': 'Accept-Encoding', 'Content-Encoding': 'gzip', 'CF-Cache-Status': 'DYNAMIC', 'Report-To': '{"endpoints":[{"url":"https:\\/\\/a.nel.cloudflare.com\\/report\\/v4?s=K5c7HMSjptzxWl%2BYTcRiDJdbQBXP93wlNB2j2s%2FQd8k24L7xUJFrzPRR5TNnalU5dXzh7Q77lS4in7zVIjOrCfR5d4RqeX4TZHhzRSSJNtfTm6EI%2FUHHgi5Pz75VADc8"}],"group":"cf-nel","max_age":604800}', 'NEL': '{"success_fraction":0,"report_to":"cf-nel","max_age":604800}', 'Server': 'cloudflare', 'CF-RAY': '876ac758ece91fdf-IAD', 'alt-svc': 'h3=":443"; ma=86400'} 
 body={"results":[{"gender":"female","name":{"title":"Ms","first":"Teresa","last":"Lawson"},"location":{"street":{"number":933,"name":"Cork Street"},"city":"Trim","state":"Leitrim","country":"Ireland","postcode":31839,"coordinates":{"latitude":"0.5233","longitude":"64.3692"},"timezone":{"offset":"+3:00","description":"Baghdad, Riyadh, Moscow, St. Petersburg"}},"email":"teresa.lawson@example.com","login":{"uuid":"f8c811e8-38e2-497a-82ff-2ea179e06624","username":"yellowdog934","password":"zorro1","salt":"G7jKCPVl","md5":"e477e4bfe843b1d95b3b8e4c846d352f","sha1":"597d6dbe32685aaad540e9ec13b364a9fa254510","sha256":"496187f742ae6bfc3457d3a5f691e9a2c2b5dcb99a0c0fcfcd808bb4fa0b35a4"},"dob":{"date":"1982-06-14T10:42:11.483Z","age":41},"registered":{"date":"2004-05-05T20:11:06.158Z","age":19},"phone":"041-903-3128","cell":"081-573-2524","id":{"name":"PPS","value":"5721264T"},"picture":{"large":"https://randomuser.me/api/portraits/women/47.jpg","medium":"https://randomuser.me/api/portraits/med/women/47.jpg","thumbnail":"https://randomuser.me/api/portraits/thumb/women/47.jpg"},"nat":"IE"}],"info":{"seed":"d78a71c1d93bf32a","results":1,"page":1,"version":"1.4"}} 
 </msg>
<msg time="2024-04-19T06:18:41.495233" level="INFO">/opt/hostedtoolcache/Python/3.12.3/x64/lib/python3.12/site-packages/urllib3/connectionpool.py:1103: InsecureRequestWarning: Unverified HTTPS request is being made to host 'randomuser.me'. Adding certificate verification is strongly advised. See: https://urllib3.readthedocs.io/en/latest/advanced-usage.html#tls-warnings
  warnings.warn(</msg>
<msg time="2024-04-19T06:18:41.495344" level="INFO">${response} = &lt;Response [200]&gt;</msg>
<var>${response}</var>
<arg>consultarAPI</arg>
<arg>/api</arg>
<doc>Sends a GET request on a previously created HTTP Session.</doc>
<status status="PASS" start="2024-04-19T06:18:41.420649" elapsed="0.074733"/>
</kw>
<kw name="Set Variable" owner="BuiltIn">
<msg time="2024-04-19T06:18:41.496418" level="INFO">${json_data} = {'results': [{'gender': 'female', 'name': {'title': 'Ms', 'first': 'Teresa', 'last': 'Lawson'}, 'location': {'street': {'number': 933, 'name': 'Cork Street'}, 'city': 'Trim', 'state': 'Leitrim', 'coun...</msg>
<var>${json_data}</var>
<arg>${response.json()}</arg>
<doc>Returns the given values which can then be assigned to a variables.</doc>
<status status="PASS" start="2024-04-19T06:18:41.495897" elapsed="0.000549"/>
</kw>
<kw name="Log" owner="BuiltIn">
<msg time="2024-04-19T06:18:41.496915" level="INFO">{'results': [{'gender': 'female', 'name': {'title': 'Ms', 'first': 'Teresa', 'last': 'Lawson'}, 'location': {'street': {'number': 933, 'name': 'Cork Street'}, 'city': 'Trim', 'state': 'Leitrim', 'country': 'Ireland', 'postcode': 31839, 'coordinates': {'latitude': '0.5233', 'longitude': '64.3692'}, 'timezone': {'offset': '+3:00', 'description': 'Baghdad, Riyadh, Moscow, St. Petersburg'}}, 'email': 'teresa.lawson@example.com', 'login': {'uuid': 'f8c811e8-38e2-497a-82ff-2ea179e06624', 'username': 'yellowdog934', 'password': 'zorro1', 'salt': 'G7jKCPVl', 'md5': 'e477e4bfe843b1d95b3b8e4c846d352f', 'sha1': '597d6dbe32685aaad540e9ec13b364a9fa254510', 'sha256': '496187f742ae6bfc3457d3a5f691e9a2c2b5dcb99a0c0fcfcd808bb4fa0b35a4'}, 'dob': {'date': '1982-06-14T10:42:11.483Z', 'age': 41}, 'registered': {'date': '2004-05-05T20:11:06.158Z', 'age': 19}, 'phone': '041-903-3128', 'cell': '081-573-2524', 'id': {'name': 'PPS', 'value': '5721264T'}, 'picture': {'large': 'https://randomuser.me/api/portraits/women/47.jpg', 'medium': 'https://randomuser.me/api/portraits/med/women/47.jpg', 'thumbnail': 'https://randomuser.me/api/portraits/thumb/women/47.jpg'}, 'nat': 'IE'}], 'info': {'seed': 'd78a71c1d93bf32a', 'results': 1, 'page': 1, 'version': '1.4'}}</msg>
<arg>${json_data}</arg>
<doc>Logs the given message with the given level.</doc>
<status status="PASS" start="2024-04-19T06:18:41.496761" elapsed="0.000235"/>
</kw>
<kw name="Should Be Equal As Numbers" owner="BuiltIn">
<arg>${json_data['results'][0]['location']['postcode']}</arg>
<arg>${json_data['results'][0]['location']['postcode']}</arg>
<doc>Fails if objects are unequal after converting them to real numbers.</doc>
<status status="PASS" start="2024-04-19T06:18:41.497474" elapsed="0.000618"/>
</kw>
<kw name="Log" owner="BuiltIn">
<msg time="2024-04-19T06:18:41.498620" level="INFO">31839</msg>
<arg>${json_data['results'][0]['location']['postcode']}</arg>
<doc>Logs the given message with the given level.</doc>
<status status="PASS" start="2024-04-19T06:18:41.498288" elapsed="0.000372"/>
</kw>
<status status="PASS" start="2024-04-19T06:18:41.420413" elapsed="0.078502"/>
</kw>
<doc>Testa se os tipos de dados na resposta da API estão corretos.</doc>
<tag>testeTiposDados</tag>
<status status="PASS" start="2024-04-19T06:18:41.327047" elapsed="0.172083"/>
</test>
<test id="s1-s1-t5" name="Validar conteudo" line="35">
<kw name="Teste de Tipos de Conteudo" owner="random-user-service">
<kw name="GET On Session" owner="RequestsLibrary">
<msg time="2024-04-19T06:18:41.594282" level="INFO">GET Request : url=https://randomuser.me/api 
 path_url=/api 
 headers={'User-Agent': 'python-requests/2.31.0', 'Accept-Encoding': 'gzip, deflate', 'Accept': '*/*', 'Connection': 'keep-alive'} 
 body=None 
 </msg>
<msg time="2024-04-19T06:18:41.594374" level="INFO">GET Response : url=https://randomuser.me/api 
 status=200, reason=OK 
 headers={'Date': 'Fri, 19 Apr 2024 06:18:41 GMT', 'Content-Type': 'application/json; charset=utf-8', 'Transfer-Encoding': 'chunked', 'Connection': 'keep-alive', 'X-Powered-By': 'Express', 'Access-Control-Allow-Origin': '*', 'Cache-Control': 'no-cache', 'ETag': 'W/"483-GCWHvCmsheYKsRTxd1+kaUqueUo"', 'Vary': 'Accept-Encoding', 'Content-Encoding': 'gzip', 'CF-Cache-Status': 'DYNAMIC', 'Report-To': '{"endpoints":[{"url":"https:\\/\\/a.nel.cloudflare.com\\/report\\/v4?s=m6iD3fAj3zzd6Tpx5cLGd3d9PJPr1LHNkFpZH1V2FGfwmyGPIKQFc8r5%2BGDFC9U88Edo7Qi14SBZYgEu7mxOYqFhUROiqVV%2BChpgq7QifDDWj9i4WJNkq1jbTR4rFHr1"}],"group":"cf-nel","max_age":604800}', 'NEL': '{"success_fraction":0,"report_to":"cf-nel","max_age":604800}', 'Server': 'cloudflare', 'CF-RAY': '876ac7596d5d1fdf-IAD', 'alt-svc': 'h3=":443"; ma=86400'} 
 body={"results":[{"gender":"male","name":{"title":"Mr","first":"Lin","last":"Hanssen"},"location":{"street":{"number":9535,"name":"Hoekersteeg"},"city":"Katwijk aan Zee","state":"Zeeland","country":"Netherlands","postcode":"0045 XU","coordinates":{"latitude":"35.9907","longitude":"-108.7857"},"timezone":{"offset":"-12:00","description":"Eniwetok, Kwajalein"}},"email":"lin.hanssen@example.com","login":{"uuid":"840fb6d5-2f2e-4d47-aae7-8bfdaabdc087","username":"tinykoala587","password":"oceans","salt":"l0l32qEA","md5":"29bf0b3aed829f93d57525922bef6af2","sha1":"b90f4806d439634ea84fd2ab7ac5468112e8ffc1","sha256":"85fb8c7bcc6191ba7a2fd3585ea832ab05c2039f3066d19be62c51415b302be7"},"dob":{"date":"1984-12-07T04:24:14.003Z","age":39},"registered":{"date":"2021-08-07T02:17:25.517Z","age":2},"phone":"(066) 7870545","cell":"(06) 51568526","id":{"name":"BSN","value":"30670492"},"picture":{"large":"https://randomuser.me/api/portraits/men/84.jpg","medium":"https://randomuser.me/api/portraits/med/men/84.jpg","thumbnail":"https://randomuser.me/api/portraits/thumb/men/84.jpg"},"nat":"NL"}],"info":{"seed":"26efae9eea370663","results":1,"page":1,"version":"1.4"}} 
 </msg>
<msg time="2024-04-19T06:18:41.594441" level="INFO">/opt/hostedtoolcache/Python/3.12.3/x64/lib/python3.12/site-packages/urllib3/connectionpool.py:1103: InsecureRequestWarning: Unverified HTTPS request is being made to host 'randomuser.me'. Adding certificate verification is strongly advised. See: https://urllib3.readthedocs.io/en/latest/advanced-usage.html#tls-warnings
  warnings.warn(</msg>
<msg time="2024-04-19T06:18:41.594552" level="INFO">${response} = &lt;Response [200]&gt;</msg>
<var>${response}</var>
<arg>consultarAPI</arg>
<arg>/api</arg>
<doc>Sends a GET request on a previously created HTTP Session.</doc>
<status status="PASS" start="2024-04-19T06:18:41.501673" elapsed="0.092918"/>
</kw>
<kw name="Set Variable" owner="BuiltIn">
<msg time="2024-04-19T06:18:41.595790" level="INFO">${json_data} = {'results': [{'gender': 'male', 'name': {'title': 'Mr', 'first': 'Lin', 'last': 'Hanssen'}, 'location': {'street': {'number': 9535, 'name': 'Hoekersteeg'}, 'city': 'Katwijk aan Zee', 'state': 'Zeeland...</msg>
<var>${json_data}</var>
<arg>${response.json()}</arg>
<doc>Returns the given values which can then be assigned to a variables.</doc>
<status status="PASS" start="2024-04-19T06:18:41.595234" elapsed="0.000585"/>
</kw>
<kw name="Set Variable" owner="BuiltIn">
<msg time="2024-04-19T06:18:41.596512" level="INFO">${name_title} = Mr</msg>
<var>${name_title}</var>
<arg>${json_data["results"][0]["name"]["title"]}</arg>
<doc>Returns the given values which can then be assigned to a variables.</doc>
<status status="PASS" start="2024-04-19T06:18:41.596126" elapsed="0.000411"/>
</kw>
<kw name="Create List" owner="BuiltIn">
<msg time="2024-04-19T06:18:41.596983" level="INFO">${allowed_titles} = ['Mr', 'Ms', 'Miss', 'Mrs', 'Madame', 'Monsieur']</msg>
<var>${allowed_titles}</var>
<arg>Mr</arg>
<arg>Ms</arg>
<arg>Miss</arg>
<arg>Mrs</arg>
<arg>Madame</arg>
<arg>Monsieur</arg>
<doc>Returns a list containing given items.</doc>
<status status="PASS" start="2024-04-19T06:18:41.596835" elapsed="0.000172"/>
</kw>
<kw name="List Should Contain Value" owner="Collections">
<msg time="2024-04-19T06:18:41.597471" level="INFO">False</msg>
<arg>${allowed_titles}</arg>
<arg>${name_title}</arg>
<doc>Fails if the ``value`` is not found from ``list``.</doc>
<status status="PASS" start="2024-04-19T06:18:41.597302" elapsed="0.000205"/>
</kw>
<kw name="Set Variable" owner="BuiltIn">
<msg time="2024-04-19T06:18:41.598172" level="INFO">${name_country} = NL</msg>
<var>${name_country}</var>
<arg>${json_data["results"][0]["nat"]}</arg>
<doc>Returns the given values which can then be assigned to a variables.</doc>
<status status="PASS" start="2024-04-19T06:18:41.597795" elapsed="0.000401"/>
</kw>
<kw name="Create List" owner="BuiltIn">
<msg time="2024-04-19T06:18:41.599132" level="INFO">${list_country} = ['AD', 'AE', 'AF', 'AG', 'AI', 'AL', 'AM', 'AO', 'AQ', 'AR', 'AS', 'AT', 'AU', 'AW', 'AX', 'AZ', 'BA', 'BB', 'BD', 'BE', 'BF', 'BG', 'BH', 'BI', 'BJ', 'BL', 'BM', 'BN', 'BO', 'BQ', 'BR', 'BS', 'BT', '...</msg>
<var>${list_country}</var>
<arg>AD</arg>
<arg>AE</arg>
<arg>AF</arg>
<arg>AG</arg>
<arg>AI</arg>
<arg>AL</arg>
<arg>AM</arg>
<arg>AO</arg>
<arg>AQ</arg>
<arg>AR</arg>
<arg>AS</arg>
<arg>AT</arg>
<arg>AU</arg>
<arg>AW</arg>
<arg>AX</arg>
<arg>AZ</arg>
<arg>BA</arg>
<arg>BB</arg>
<arg>BD</arg>
<arg>BE</arg>
<arg>BF</arg>
<arg>BG</arg>
<arg>BH</arg>
<arg>BI</arg>
<arg>BJ</arg>
<arg>BL</arg>
<arg>BM</arg>
<arg>BN</arg>
<arg>BO</arg>
<arg>BQ</arg>
<arg>BR</arg>
<arg>BS</arg>
<arg>BT</arg>
<arg>BV</arg>
<arg>BW</arg>
<arg>BY</arg>
<arg>BZ</arg>
<arg>CA</arg>
<arg>CC</arg>
<arg>CD</arg>
<arg>CF</arg>
<arg>CG</arg>
<arg>CH</arg>
<arg>CI</arg>
<arg>CK</arg>
<arg>CL</arg>
<arg>CM</arg>
<arg>CN</arg>
<arg>CO</arg>
<arg>CR</arg>
<arg>CU</arg>
<arg>CV</arg>
<arg>CW</arg>
<arg>CX</arg>
<arg>CY</arg>
<arg>CZ</arg>
<arg>DE</arg>
<arg>DJ</arg>
<arg>DK</arg>
<arg>DM</arg>
<arg>DO</arg>
<arg>DZ</arg>
<arg>EC</arg>
<arg>EE</arg>
<arg>EG</arg>
<arg>EH</arg>
<arg>ER</arg>
<arg>ES</arg>
<arg>ET</arg>
<arg>FI</arg>
<arg>FJ</arg>
<arg>FK</arg>
<arg>FM</arg>
<arg>FO</arg>
<arg>FR</arg>
<arg>GA</arg>
<arg>GB</arg>
<arg>GD</arg>
<arg>GE</arg>
<arg>GF</arg>
<arg>GG</arg>
<arg>GH</arg>
<arg>GI</arg>
<arg>GL</arg>
<arg>GM</arg>
<arg>GN</arg>
<arg>GP</arg>
<arg>GQ</arg>
<arg>GR</arg>
<arg>GS</arg>
<arg>GT</arg>
<arg>GU</arg>
<arg>GW</arg>
<arg>GY</arg>
<arg>HK</arg>
<arg>HM</arg>
<arg>HN</arg>
<arg>HR</arg>
<arg>HT</arg>
<arg>HU</arg>
<arg>ID</arg>
<arg>IE</arg>
<arg>IL</arg>
<arg>IM</arg>
<arg>IN</arg>
<arg>IO</arg>
<arg>IQ</arg>
<arg>IR</arg>
<arg>IS</arg>
<arg>IT</arg>
<arg>JE</arg>
<arg>JM</arg>
<arg>JO</arg>
<arg>JP</arg>
<arg>KE</arg>
<arg>KG</arg>
<arg>KH</arg>
<arg>KI</arg>
<arg>KM</arg>
<arg>KN</arg>
<arg>KP</arg>
<arg>KR</arg>
<arg>KW</arg>
<arg>KY</arg>
<arg>KZ</arg>
<arg>LA</arg>
<arg>LB</arg>
<arg>LC</arg>
<arg>LI</arg>
<arg>LK</arg>
<arg>LR</arg>
<arg>LS</arg>
<arg>LT</arg>
<arg>LU</arg>
<arg>LV</arg>
<arg>LY</arg>
<arg>MA</arg>
<arg>MC</arg>
<arg>MD</arg>
<arg>ME</arg>
<arg>MF</arg>
<arg>MG</arg>
<arg>MH</arg>
<arg>MK</arg>
<arg>ML</arg>
<arg>MM</arg>
<arg>MN</arg>
<arg>MO</arg>
<arg>MP</arg>
<arg>MQ</arg>
<arg>MR</arg>
<arg>MS</arg>
<arg>MT</arg>
<arg>MU</arg>
<arg>MV</arg>
<arg>MW</arg>
<arg>MX</arg>
<arg>MY</arg>
<arg>MZ</arg>
<arg>NA</arg>
<arg>NC</arg>
<arg>NE</arg>
<arg>NF</arg>
<arg>NG</arg>
<arg>NI</arg>
<arg>NL</arg>
<arg>NO</arg>
<arg>NP</arg>
<arg>NR</arg>
<arg>NU</arg>
<arg>NZ</arg>
<arg>OM</arg>
<arg>PA</arg>
<arg>PE</arg>
<arg>PF</arg>
<arg>PG</arg>
<arg>PH</arg>
<arg>PK</arg>
<arg>PL</arg>
<arg>PM</arg>
<arg>PN</arg>
<arg>PR</arg>
<arg>PS</arg>
<arg>PT</arg>
<arg>PW</arg>
<arg>PY</arg>
<arg>QA</arg>
<arg>RE</arg>
<arg>RO</arg>
<arg>RS</arg>
<arg>RU</arg>
<arg>RW</arg>
<arg>SA</arg>
<arg>SB</arg>
<arg>SC</arg>
<arg>SD</arg>
<arg>SE</arg>
<arg>SG</arg>
<arg>SH</arg>
<arg>SI</arg>
<arg>SJ</arg>
<arg>SK</arg>
<arg>SL</arg>
<arg>SM</arg>
<arg>SN</arg>
<arg>SO</arg>
<arg>SR</arg>
<arg>SS</arg>
<arg>ST</arg>
<arg>SV</arg>
<arg>SX</arg>
<arg>SY</arg>
<arg>SZ</arg>
<arg>TC</arg>
<arg>TD</arg>
<arg>TF</arg>
<arg>TG</arg>
<arg>TH</arg>
<arg>TJ</arg>
<arg>TK</arg>
<arg>TL</arg>
<arg>TM</arg>
<arg>TN</arg>
<arg>TO</arg>
<arg>TR</arg>
<arg>TT</arg>
<arg>TV</arg>
<arg>TW</arg>
<arg>TZ</arg>
<arg>UA</arg>
<arg>UG</arg>
<arg>UM</arg>
<arg>US</arg>
<arg>UY</arg>
<arg>UZ</arg>
<arg>VA</arg>
<arg>VC</arg>
<arg>VE</arg>
<arg>VG</arg>
<arg>VI</arg>
<arg>VN</arg>
<arg>VU</arg>
<arg>WF</arg>
<arg>WS</arg>
<arg>XK</arg>
<arg>YE</arg>
<arg>YT</arg>
<arg>ZA</arg>
<arg>ZM</arg>
<arg>ZW</arg>
<doc>Returns a list containing given items.</doc>
<status status="PASS" start="2024-04-19T06:18:41.598493" elapsed="0.000666"/>
</kw>
<kw name="List Should Contain Value" owner="Collections">
<msg time="2024-04-19T06:18:41.600155" level="INFO">False</msg>
<arg>${list_country}</arg>
<arg>${name_country}</arg>
<doc>Fails if the ``value`` is not found from ``list``.</doc>
<status status="PASS" start="2024-04-19T06:18:41.599954" elapsed="0.000238"/>
</kw>
<kw name="Run Keyword If" owner="BuiltIn">
<kw name="Should Be True" owner="BuiltIn">
<arg>${True}</arg>
<doc>Fails if the given condition is not true.</doc>
<status status="PASS" start="2024-04-19T06:18:41.601253" elapsed="0.000255"/>
</kw>
<arg>${json_data["results"][0]["location"]["coordinates"]["latitude"]} &gt;= -90 and ${json_data["results"][0]["location"]["coordinates"]["latitude"]} &lt;= 90</arg>
<arg>Should Be True</arg>
<arg>${True}</arg>
<doc>Runs the given keyword with the given arguments, if ``condition`` is true.</doc>
<status status="PASS" start="2024-04-19T06:18:41.600503" elapsed="0.001136"/>
</kw>
<kw name="Run Keyword If" owner="BuiltIn">
<kw name="Should Be True" owner="BuiltIn">
<arg>${True}</arg>
<doc>Fails if the given condition is not true.</doc>
<status status="PASS" start="2024-04-19T06:18:41.602527" elapsed="0.000136"/>
</kw>
<arg>${json_data["results"][0]["location"]["coordinates"]["longitude"]} &gt;= -180 and ${json_data["results"][0]["location"]["coordinates"]["longitude"]} &lt;= 180</arg>
<arg>Should Be True</arg>
<arg>${True}</arg>
<doc>Runs the given keyword with the given arguments, if ``condition`` is true.</doc>
<status status="PASS" start="2024-04-19T06:18:41.601824" elapsed="0.000962"/>
</kw>
<status status="PASS" start="2024-04-19T06:18:41.501444" elapsed="0.101473"/>
</kw>
<doc>Testa o conteúdo específico dos campos retornados pela API.</doc>
<tag>testeConteudo</tag>
<status status="PASS" start="2024-04-19T06:18:41.500906" elapsed="0.102188"/>
</test>
<status status="PASS" start="2024-04-19T06:18:40.620574" elapsed="0.984504"/>
</suite>
<status status="PASS" start="2024-04-19T06:18:40.606430" elapsed="1.003870"/>
</suite>
<statistics>
<total>
<stat pass="5" fail="0" skip="0">All Tests</stat>
</total>
<tag>
<stat pass="1" fail="0" skip="0">testeConteudo</stat>
<stat pass="1" fail="0" skip="0">testeEstruturaResposta</stat>
<stat pass="1" fail="0" skip="0">testeRequisicaoBasica</stat>
<stat pass="1" fail="0" skip="0">testeTiposDados</stat>
</tag>
<suite>
<stat pass="5" fail="0" skip="0" id="s1" name="Tests">Tests</stat>
<stat pass="5" fail="0" skip="0" id="s1-s1" name="Random-User-Test">Tests.Random-User-Test</stat>
</suite>
</statistics>
<errors>
</errors>
</robot>
