<?xml version="1.0" encoding="UTF-8"?>
<robot generator="Robot 7.0 (Python 3.12.3 on linux)" generated="2024-04-23T21:12:28.122035" rpa="false" schemaversion="5">
<suite id="s1" name="Tests" source="/home/runner/work/DesafioQAItauRogerioJordao/DesafioQAItauRogerioJordao/RamdonUser/tests">
<suite id="s1-s1" name="Random-User-Test" source="/home/runner/work/DesafioQAItauRogerioJordao/DesafioQAItauRogerioJordao/RamdonUser/tests/random-user-test.robot">
<test id="s1-s1-t1" name="Conectar" line="13">
<kw name="Conectar API" owner="random-user-service">
<kw name="Create Session" owner="RequestsLibrary">
<msg time="2024-04-23T21:12:28.472378" level="INFO">Creating Session using : alias=consultarAPI, url=https://randomuser.me/, headers={},                     cookies={}, auth=None, timeout=None, proxies=None, verify=False,                     debug=0 </msg>
<arg>consultarAPI</arg>
<arg>${URL}</arg>
<doc>Create Session: create a HTTP session to a server</doc>
<status status="PASS" start="2024-04-23T21:12:28.472168" elapsed="0.000375"/>
</kw>
<status status="PASS" start="2024-04-23T21:12:28.471275" elapsed="0.001607"/>
</kw>
<status status="PASS" start="2024-04-23T21:12:28.470774" elapsed="0.002299"/>
</test>
<test id="s1-s1-t2" name="Validar retorno 200 e JSON Válido" line="16">
<kw name="Teste de Requisicao Basica" owner="random-user-service">
<kw name="GET On Session" owner="RequestsLibrary">
<msg time="2024-04-23T21:12:28.843255" level="INFO">GET Request : url=https://randomuser.me/api 
 path_url=/api 
 headers={'User-Agent': 'python-requests/2.31.0', 'Accept-Encoding': 'gzip, deflate', 'Accept': '*/*', 'Connection': 'keep-alive'} 
 body=None 
 </msg>
<msg time="2024-04-23T21:12:28.843413" level="INFO">GET Response : url=https://randomuser.me/api 
 status=200, reason=OK 
 headers={'Date': 'Tue, 23 Apr 2024 21:12:28 GMT', 'Content-Type': 'application/json; charset=utf-8', 'Transfer-Encoding': 'chunked', 'Connection': 'keep-alive', 'X-Powered-By': 'Express', 'Access-Control-Allow-Origin': '*', 'Cache-Control': 'no-cache', 'ETag': 'W/"49a-5NbeF05hZrPbLvXQc0D1nrZWHjg"', 'Vary': 'Accept-Encoding', 'Content-Encoding': 'gzip', 'CF-Cache-Status': 'DYNAMIC', 'Report-To': '{"endpoints":[{"url":"https:\\/\\/a.nel.cloudflare.com\\/report\\/v4?s=CrTgeDuIAhHget5kAQ0O%2BHdAGQTb3YfRDUwHfeJWf7IXS1rarTNoEpfB3Rfz9rqDhcPuhFSFwZcCTFjDNwwG%2BLoX6k8xxaM5rogLzDF1lgPERGlBd3DTajv1g%2Fjlil7h"}],"group":"cf-nel","max_age":604800}', 'NEL': '{"success_fraction":0,"report_to":"cf-nel","max_age":604800}', 'Server': 'cloudflare', 'CF-RAY': '8790da1bcb9f593e-IAD', 'alt-svc': 'h3=":443"; ma=86400'} 
 body={"results":[{"gender":"female","name":{"title":"Miss","first":"Mila","last":"Kitić"},"location":{"street":{"number":6155,"name":"Ljubomira Stevanovića"},"city":"Krupanj","state":"Toplica","country":"Serbia","postcode":46115,"coordinates":{"latitude":"64.0373","longitude":"126.2257"},"timezone":{"offset":"+1:00","description":"Brussels, Copenhagen, Madrid, Paris"}},"email":"mila.kitic@example.com","login":{"uuid":"8537975e-6415-4713-9085-b405d8e1be39","username":"goldenostrich373","password":"killbill","salt":"sgtChohd","md5":"45b9aabe83e486a8bd3c5a8a689d96da","sha1":"3d20a214ab890fb9efc56cc06fc01803ec61c731","sha256":"58536e977d3d35091c70bea757d17c707509a34723b885bf3db547cfcc9750c6"},"dob":{"date":"1945-07-19T13:20:19.473Z","age":78},"registered":{"date":"2008-09-10T22:57:52.590Z","age":15},"phone":"029-1782-507","cell":"063-0443-856","id":{"name":"SID","value":"207135759"},"picture":{"large":"https://randomuser.me/api/portraits/women/83.jpg","medium":"https://randomuser.me/api/portraits/med/women/83.jpg","thumbnail":"https://randomuser.me/api/portraits/thumb/women/83.jpg"},"nat":"RS"}],"info":{"seed":"c54678fa70d4880c","results":1,"page":1,"version":"1.4"}} 
 </msg>
<msg time="2024-04-23T21:12:28.843514" level="INFO">/opt/hostedtoolcache/Python/3.12.3/x64/lib/python3.12/site-packages/urllib3/connectionpool.py:1103: InsecureRequestWarning: Unverified HTTPS request is being made to host 'randomuser.me'. Adding certificate verification is strongly advised. See: https://urllib3.readthedocs.io/en/latest/advanced-usage.html#tls-warnings
  warnings.warn(</msg>
<msg time="2024-04-23T21:12:28.843682" level="INFO">${response} = &lt;Response [200]&gt;</msg>
<var>${response}</var>
<arg>consultarAPI</arg>
<arg>/api</arg>
<doc>Sends a GET request on a previously created HTTP Session.</doc>
<status status="PASS" start="2024-04-23T21:12:28.475704" elapsed="0.368029"/>
</kw>
<kw name="Should Be Equal As Numbers" owner="BuiltIn">
<msg time="2024-04-23T21:12:28.844673" level="INFO">Argument types are:
&lt;class 'int'&gt;
&lt;class 'str'&gt;</msg>
<arg>${response.status_code}</arg>
<arg>200</arg>
<doc>Fails if objects are unequal after converting them to real numbers.</doc>
<status status="PASS" start="2024-04-23T21:12:28.844207" elapsed="0.000531"/>
</kw>
<kw name="Log" owner="BuiltIn">
<msg time="2024-04-23T21:12:28.845409" level="INFO">200</msg>
<arg>${response.status_code}</arg>
<doc>Logs the given message with the given level.</doc>
<status status="PASS" start="2024-04-23T21:12:28.845058" elapsed="0.000394"/>
</kw>
<kw name="Set Variable" owner="BuiltIn">
<msg time="2024-04-23T21:12:28.846222" level="INFO">${json_data} = {'results': [{'gender': 'female', 'name': {'title': 'Miss', 'first': 'Mila', 'last': 'Kitić'}, 'location': {'street': {'number': 6155, 'name': 'Ljubomira Stevanovića'}, 'city': 'Krupanj', 'state': 'To...</msg>
<var>${json_data}</var>
<arg>${response.json()}</arg>
<doc>Returns the given values which can then be assigned to a variables.</doc>
<status status="PASS" start="2024-04-23T21:12:28.845762" elapsed="0.000490"/>
</kw>
<kw name="Dictionary Should Contain Key" owner="Collections">
<msg time="2024-04-23T21:12:28.846725" level="INFO">False</msg>
<arg>${json_data}</arg>
<arg>results</arg>
<doc>Fails if ``key`` is not found from ``dictionary``.</doc>
<status status="PASS" start="2024-04-23T21:12:28.846556" elapsed="0.000209"/>
</kw>
<status status="PASS" start="2024-04-23T21:12:28.475466" elapsed="0.371561"/>
</kw>
<doc>Testa se a API responde corretamente e retorna um objeto JSON válido.</doc>
<tag>testeRequisicaoBasica</tag>
<status status="PASS" start="2024-04-23T21:12:28.474940" elapsed="0.372267"/>
</test>
<test id="s1-s1-t3" name="Validar estrutura de resposta" line="22">
<kw name="Teste de Estrutura de Resposta" owner="random-user-service">
<kw name="GET On Session" owner="RequestsLibrary">
<msg time="2024-04-23T21:12:29.024744" level="INFO">GET Request : url=https://randomuser.me/api 
 path_url=/api 
 headers={'User-Agent': 'python-requests/2.31.0', 'Accept-Encoding': 'gzip, deflate', 'Accept': '*/*', 'Connection': 'keep-alive'} 
 body=None 
 </msg>
<msg time="2024-04-23T21:12:29.024826" level="INFO">GET Response : url=https://randomuser.me/api 
 status=200, reason=OK 
 headers={'Date': 'Tue, 23 Apr 2024 21:12:29 GMT', 'Content-Type': 'application/json; charset=utf-8', 'Transfer-Encoding': 'chunked', 'Connection': 'keep-alive', 'X-Powered-By': 'Express', 'Access-Control-Allow-Origin': '*', 'Cache-Control': 'no-cache', 'ETag': 'W/"4a6-BQWhznxzixQP6cD/dg9jIHQHVVk"', 'Vary': 'Accept-Encoding', 'Content-Encoding': 'gzip', 'CF-Cache-Status': 'DYNAMIC', 'Report-To': '{"endpoints":[{"url":"https:\\/\\/a.nel.cloudflare.com\\/report\\/v4?s=dUw5ixNjjFbZcyCr%2B2YefOA0H1W3NggHAZFgV0TCYNSEVCiDpaHt8L4KzSac6DKCGA%2F5loxlDoJR53gsCAk7oZhj1b9Vu1lrdw9455SCSj%2FVfLMrizRY1c9XuHDdL3ek"}],"group":"cf-nel","max_age":604800}', 'NEL': '{"success_fraction":0,"report_to":"cf-nel","max_age":604800}', 'Server': 'cloudflare', 'CF-RAY': '8790da1c5c22593e-IAD', 'alt-svc': 'h3=":443"; ma=86400'} 
 body={"results":[{"gender":"male","name":{"title":"Mr","first":"Martinho","last":"Porto"},"location":{"street":{"number":4442,"name":"Avenida da Democracia"},"city":"Ferraz de Vasconcelos","state":"Paraíba","country":"Brazil","postcode":98014,"coordinates":{"latitude":"-80.2651","longitude":"-88.7314"},"timezone":{"offset":"+5:30","description":"Bombay, Calcutta, Madras, New Delhi"}},"email":"martinho.porto@example.com","login":{"uuid":"acb7048f-8fe0-4596-9a67-b0f0db48ad5e","username":"happyladybug746","password":"over","salt":"F05cxMA2","md5":"0c37e5c5aa8f84a49b90b7c655c086a7","sha1":"c22ee07b872e55f9d8e87b59cd98eb589688a0a1","sha256":"360099c1f23fd34751f1afc8301c80868f78ff5df93e42247357722db3d21589"},"dob":{"date":"1946-12-31T11:10:02.747Z","age":77},"registered":{"date":"2021-12-05T06:32:29.073Z","age":2},"phone":"(87) 2568-3921","cell":"(29) 0235-7981","id":{"name":"CPF","value":"823.395.201-97"},"picture":{"large":"https://randomuser.me/api/portraits/men/0.jpg","medium":"https://randomuser.me/api/portraits/med/men/0.jpg","thumbnail":"https://randomuser.me/api/portraits/thumb/men/0.jpg"},"nat":"BR"}],"info":{"seed":"a2024cefa440d0a0","results":1,"page":1,"version":"1.4"}} 
 </msg>
<msg time="2024-04-23T21:12:29.024945" level="INFO">/opt/hostedtoolcache/Python/3.12.3/x64/lib/python3.12/site-packages/urllib3/connectionpool.py:1103: InsecureRequestWarning: Unverified HTTPS request is being made to host 'randomuser.me'. Adding certificate verification is strongly advised. See: https://urllib3.readthedocs.io/en/latest/advanced-usage.html#tls-warnings
  warnings.warn(</msg>
<msg time="2024-04-23T21:12:29.025053" level="INFO">${response} = &lt;Response [200]&gt;</msg>
<var>${response}</var>
<arg>consultarAPI</arg>
<arg>/api</arg>
<doc>Sends a GET request on a previously created HTTP Session.</doc>
<status status="PASS" start="2024-04-23T21:12:28.850228" elapsed="0.174857"/>
</kw>
<kw name="Set Variable" owner="BuiltIn">
<msg time="2024-04-23T21:12:29.025945" level="INFO">${json_data} = {'results': [{'gender': 'male', 'name': {'title': 'Mr', 'first': 'Martinho', 'last': 'Porto'}, 'location': {'street': {'number': 4442, 'name': 'Avenida da Democracia'}, 'city': 'Ferraz de Vasconcelos'...</msg>
<var>${json_data}</var>
<arg>${response.json()}</arg>
<doc>Returns the given values which can then be assigned to a variables.</doc>
<status status="PASS" start="2024-04-23T21:12:29.025467" elapsed="0.000508"/>
</kw>
<kw name="Log" owner="BuiltIn">
<msg time="2024-04-23T21:12:29.026438" level="INFO">{'results': [{'gender': 'male', 'name': {'title': 'Mr', 'first': 'Martinho', 'last': 'Porto'}, 'location': {'street': {'number': 4442, 'name': 'Avenida da Democracia'}, 'city': 'Ferraz de Vasconcelos', 'state': 'Paraíba', 'country': 'Brazil', 'postcode': 98014, 'coordinates': {'latitude': '-80.2651', 'longitude': '-88.7314'}, 'timezone': {'offset': '+5:30', 'description': 'Bombay, Calcutta, Madras, New Delhi'}}, 'email': 'martinho.porto@example.com', 'login': {'uuid': 'acb7048f-8fe0-4596-9a67-b0f0db48ad5e', 'username': 'happyladybug746', 'password': 'over', 'salt': 'F05cxMA2', 'md5': '0c37e5c5aa8f84a49b90b7c655c086a7', 'sha1': 'c22ee07b872e55f9d8e87b59cd98eb589688a0a1', 'sha256': '360099c1f23fd34751f1afc8301c80868f78ff5df93e42247357722db3d21589'}, 'dob': {'date': '1946-12-31T11:10:02.747Z', 'age': 77}, 'registered': {'date': '2021-12-05T06:32:29.073Z', 'age': 2}, 'phone': '(87) 2568-3921', 'cell': '(29) 0235-7981', 'id': {'name': 'CPF', 'value': '823.395.201-97'}, 'picture': {'large': 'https://randomuser.me/api/portraits/men/0.jpg', 'medium': 'https://randomuser.me/api/portraits/med/men/0.jpg', 'thumbnail': 'https://randomuser.me/api/portraits/thumb/men/0.jpg'}, 'nat': 'BR'}], 'info': {'seed': 'a2024cefa440d0a0', 'results': 1, 'page': 1, 'version': '1.4'}}</msg>
<arg>${json_data}</arg>
<doc>Logs the given message with the given level.</doc>
<status status="PASS" start="2024-04-23T21:12:29.026280" elapsed="0.000208"/>
</kw>
<kw name="Dictionary Should Contain Key" owner="Collections">
<msg time="2024-04-23T21:12:29.026937" level="INFO">False</msg>
<arg>${json_data}</arg>
<arg>results</arg>
<doc>Fails if ``key`` is not found from ``dictionary``.</doc>
<status status="PASS" start="2024-04-23T21:12:29.026781" elapsed="0.000192"/>
</kw>
<kw name="Should Not Be Empty" owner="BuiltIn">
<msg time="2024-04-23T21:12:29.027393" level="INFO">Length is 2.</msg>
<arg>${json_data}</arg>
<doc>Verifies that the given item is not empty.</doc>
<status status="PASS" start="2024-04-23T21:12:29.027263" elapsed="0.000301"/>
</kw>
<kw name="Create List" owner="BuiltIn">
<msg time="2024-04-23T21:12:29.028014" level="INFO">${expected_keys} = ['gender', 'name', 'location', 'email', 'login']</msg>
<var>${expected_keys}</var>
<arg>gender</arg>
<arg>name</arg>
<arg>location</arg>
<arg>email</arg>
<arg>login</arg>
<doc>Returns a list containing given items.</doc>
<status status="PASS" start="2024-04-23T21:12:29.027860" elapsed="0.000178"/>
</kw>
<for flavor="IN">
<iter>
<kw name="Dictionary Should Contain Key" owner="Collections">
<msg time="2024-04-23T21:12:29.029051" level="INFO">False</msg>
<arg>${json_data['results'][0]}</arg>
<arg>${key}</arg>
<doc>Fails if ``key`` is not found from ``dictionary``.</doc>
<status status="PASS" start="2024-04-23T21:12:29.028661" elapsed="0.000428"/>
</kw>
<kw name="Log" owner="BuiltIn">
<msg time="2024-04-23T21:12:29.029756" level="INFO">{'gender': 'male', 'name': {'title': 'Mr', 'first': 'Martinho', 'last': 'Porto'}, 'location': {'street': {'number': 4442, 'name': 'Avenida da Democracia'}, 'city': 'Ferraz de Vasconcelos', 'state': 'Paraíba', 'country': 'Brazil', 'postcode': 98014, 'coordinates': {'latitude': '-80.2651', 'longitude': '-88.7314'}, 'timezone': {'offset': '+5:30', 'description': 'Bombay, Calcutta, Madras, New Delhi'}}, 'email': 'martinho.porto@example.com', 'login': {'uuid': 'acb7048f-8fe0-4596-9a67-b0f0db48ad5e', 'username': 'happyladybug746', 'password': 'over', 'salt': 'F05cxMA2', 'md5': '0c37e5c5aa8f84a49b90b7c655c086a7', 'sha1': 'c22ee07b872e55f9d8e87b59cd98eb589688a0a1', 'sha256': '360099c1f23fd34751f1afc8301c80868f78ff5df93e42247357722db3d21589'}, 'dob': {'date': '1946-12-31T11:10:02.747Z', 'age': 77}, 'registered': {'date': '2021-12-05T06:32:29.073Z', 'age': 2}, 'phone': '(87) 2568-3921', 'cell': '(29) 0235-7981', 'id': {'name': 'CPF', 'value': '823.395.201-97'}, 'picture': {'large': 'https://randomuser.me/api/portraits/men/0.jpg', 'medium': 'https://randomuser.me/api/portraits/med/men/0.jpg', 'thumbnail': 'https://randomuser.me/api/portraits/thumb/men/0.jpg'}, 'nat': 'BR'}</msg>
<arg>${json_data['results'][0]}</arg>
<doc>Logs the given message with the given level.</doc>
<status status="PASS" start="2024-04-23T21:12:29.029390" elapsed="0.000416"/>
</kw>
<kw name="Log" owner="BuiltIn">
<msg time="2024-04-23T21:12:29.030226" level="INFO">gender</msg>
<arg>${key}</arg>
<doc>Logs the given message with the given level.</doc>
<status status="PASS" start="2024-04-23T21:12:29.030100" elapsed="0.000163"/>
</kw>
<var name="${key}">gender</var>
<status status="PASS" start="2024-04-23T21:12:29.028529" elapsed="0.001946"/>
</iter>
<iter>
<kw name="Dictionary Should Contain Key" owner="Collections">
<msg time="2024-04-23T21:12:29.031163" level="INFO">False</msg>
<arg>${json_data['results'][0]}</arg>
<arg>${key}</arg>
<doc>Fails if ``key`` is not found from ``dictionary``.</doc>
<status status="PASS" start="2024-04-23T21:12:29.030776" elapsed="0.000424"/>
</kw>
<kw name="Log" owner="BuiltIn">
<msg time="2024-04-23T21:12:29.031889" level="INFO">{'gender': 'male', 'name': {'title': 'Mr', 'first': 'Martinho', 'last': 'Porto'}, 'location': {'street': {'number': 4442, 'name': 'Avenida da Democracia'}, 'city': 'Ferraz de Vasconcelos', 'state': 'Paraíba', 'country': 'Brazil', 'postcode': 98014, 'coordinates': {'latitude': '-80.2651', 'longitude': '-88.7314'}, 'timezone': {'offset': '+5:30', 'description': 'Bombay, Calcutta, Madras, New Delhi'}}, 'email': 'martinho.porto@example.com', 'login': {'uuid': 'acb7048f-8fe0-4596-9a67-b0f0db48ad5e', 'username': 'happyladybug746', 'password': 'over', 'salt': 'F05cxMA2', 'md5': '0c37e5c5aa8f84a49b90b7c655c086a7', 'sha1': 'c22ee07b872e55f9d8e87b59cd98eb589688a0a1', 'sha256': '360099c1f23fd34751f1afc8301c80868f78ff5df93e42247357722db3d21589'}, 'dob': {'date': '1946-12-31T11:10:02.747Z', 'age': 77}, 'registered': {'date': '2021-12-05T06:32:29.073Z', 'age': 2}, 'phone': '(87) 2568-3921', 'cell': '(29) 0235-7981', 'id': {'name': 'CPF', 'value': '823.395.201-97'}, 'picture': {'large': 'https://randomuser.me/api/portraits/men/0.jpg', 'medium': 'https://randomuser.me/api/portraits/med/men/0.jpg', 'thumbnail': 'https://randomuser.me/api/portraits/thumb/men/0.jpg'}, 'nat': 'BR'}</msg>
<arg>${json_data['results'][0]}</arg>
<doc>Logs the given message with the given level.</doc>
<status status="PASS" start="2024-04-23T21:12:29.031518" elapsed="0.000421"/>
</kw>
<kw name="Log" owner="BuiltIn">
<msg time="2024-04-23T21:12:29.032390" level="INFO">name</msg>
<arg>${key}</arg>
<doc>Logs the given message with the given level.</doc>
<status status="PASS" start="2024-04-23T21:12:29.032235" elapsed="0.000193"/>
</kw>
<var name="${key}">name</var>
<status status="PASS" start="2024-04-23T21:12:29.030661" elapsed="0.001981"/>
</iter>
<iter>
<kw name="Dictionary Should Contain Key" owner="Collections">
<msg time="2024-04-23T21:12:29.033325" level="INFO">False</msg>
<arg>${json_data['results'][0]}</arg>
<arg>${key}</arg>
<doc>Fails if ``key`` is not found from ``dictionary``.</doc>
<status status="PASS" start="2024-04-23T21:12:29.032934" elapsed="0.000429"/>
</kw>
<kw name="Log" owner="BuiltIn">
<msg time="2024-04-23T21:12:29.034028" level="INFO">{'gender': 'male', 'name': {'title': 'Mr', 'first': 'Martinho', 'last': 'Porto'}, 'location': {'street': {'number': 4442, 'name': 'Avenida da Democracia'}, 'city': 'Ferraz de Vasconcelos', 'state': 'Paraíba', 'country': 'Brazil', 'postcode': 98014, 'coordinates': {'latitude': '-80.2651', 'longitude': '-88.7314'}, 'timezone': {'offset': '+5:30', 'description': 'Bombay, Calcutta, Madras, New Delhi'}}, 'email': 'martinho.porto@example.com', 'login': {'uuid': 'acb7048f-8fe0-4596-9a67-b0f0db48ad5e', 'username': 'happyladybug746', 'password': 'over', 'salt': 'F05cxMA2', 'md5': '0c37e5c5aa8f84a49b90b7c655c086a7', 'sha1': 'c22ee07b872e55f9d8e87b59cd98eb589688a0a1', 'sha256': '360099c1f23fd34751f1afc8301c80868f78ff5df93e42247357722db3d21589'}, 'dob': {'date': '1946-12-31T11:10:02.747Z', 'age': 77}, 'registered': {'date': '2021-12-05T06:32:29.073Z', 'age': 2}, 'phone': '(87) 2568-3921', 'cell': '(29) 0235-7981', 'id': {'name': 'CPF', 'value': '823.395.201-97'}, 'picture': {'large': 'https://randomuser.me/api/portraits/men/0.jpg', 'medium': 'https://randomuser.me/api/portraits/med/men/0.jpg', 'thumbnail': 'https://randomuser.me/api/portraits/thumb/men/0.jpg'}, 'nat': 'BR'}</msg>
<arg>${json_data['results'][0]}</arg>
<doc>Logs the given message with the given level.</doc>
<status status="PASS" start="2024-04-23T21:12:29.033661" elapsed="0.000415"/>
</kw>
<kw name="Log" owner="BuiltIn">
<msg time="2024-04-23T21:12:29.034493" level="INFO">location</msg>
<arg>${key}</arg>
<doc>Logs the given message with the given level.</doc>
<status status="PASS" start="2024-04-23T21:12:29.034368" elapsed="0.000162"/>
</kw>
<var name="${key}">location</var>
<status status="PASS" start="2024-04-23T21:12:29.032821" elapsed="0.001919"/>
</iter>
<iter>
<kw name="Dictionary Should Contain Key" owner="Collections">
<msg time="2024-04-23T21:12:29.035399" level="INFO">False</msg>
<arg>${json_data['results'][0]}</arg>
<arg>${key}</arg>
<doc>Fails if ``key`` is not found from ``dictionary``.</doc>
<status status="PASS" start="2024-04-23T21:12:29.035022" elapsed="0.000414"/>
</kw>
<kw name="Log" owner="BuiltIn">
<msg time="2024-04-23T21:12:29.036096" level="INFO">{'gender': 'male', 'name': {'title': 'Mr', 'first': 'Martinho', 'last': 'Porto'}, 'location': {'street': {'number': 4442, 'name': 'Avenida da Democracia'}, 'city': 'Ferraz de Vasconcelos', 'state': 'Paraíba', 'country': 'Brazil', 'postcode': 98014, 'coordinates': {'latitude': '-80.2651', 'longitude': '-88.7314'}, 'timezone': {'offset': '+5:30', 'description': 'Bombay, Calcutta, Madras, New Delhi'}}, 'email': 'martinho.porto@example.com', 'login': {'uuid': 'acb7048f-8fe0-4596-9a67-b0f0db48ad5e', 'username': 'happyladybug746', 'password': 'over', 'salt': 'F05cxMA2', 'md5': '0c37e5c5aa8f84a49b90b7c655c086a7', 'sha1': 'c22ee07b872e55f9d8e87b59cd98eb589688a0a1', 'sha256': '360099c1f23fd34751f1afc8301c80868f78ff5df93e42247357722db3d21589'}, 'dob': {'date': '1946-12-31T11:10:02.747Z', 'age': 77}, 'registered': {'date': '2021-12-05T06:32:29.073Z', 'age': 2}, 'phone': '(87) 2568-3921', 'cell': '(29) 0235-7981', 'id': {'name': 'CPF', 'value': '823.395.201-97'}, 'picture': {'large': 'https://randomuser.me/api/portraits/men/0.jpg', 'medium': 'https://randomuser.me/api/portraits/med/men/0.jpg', 'thumbnail': 'https://randomuser.me/api/portraits/thumb/men/0.jpg'}, 'nat': 'BR'}</msg>
<arg>${json_data['results'][0]}</arg>
<doc>Logs the given message with the given level.</doc>
<status status="PASS" start="2024-04-23T21:12:29.035738" elapsed="0.000406"/>
</kw>
<kw name="Log" owner="BuiltIn">
<msg time="2024-04-23T21:12:29.036612" level="INFO">email</msg>
<arg>${key}</arg>
<doc>Logs the given message with the given level.</doc>
<status status="PASS" start="2024-04-23T21:12:29.036481" elapsed="0.000169"/>
</kw>
<var name="${key}">email</var>
<status status="PASS" start="2024-04-23T21:12:29.034911" elapsed="0.001962"/>
</iter>
<iter>
<kw name="Dictionary Should Contain Key" owner="Collections">
<msg time="2024-04-23T21:12:29.037538" level="INFO">False</msg>
<arg>${json_data['results'][0]}</arg>
<arg>${key}</arg>
<doc>Fails if ``key`` is not found from ``dictionary``.</doc>
<status status="PASS" start="2024-04-23T21:12:29.037156" elapsed="0.000419"/>
</kw>
<kw name="Log" owner="BuiltIn">
<msg time="2024-04-23T21:12:29.038240" level="INFO">{'gender': 'male', 'name': {'title': 'Mr', 'first': 'Martinho', 'last': 'Porto'}, 'location': {'street': {'number': 4442, 'name': 'Avenida da Democracia'}, 'city': 'Ferraz de Vasconcelos', 'state': 'Paraíba', 'country': 'Brazil', 'postcode': 98014, 'coordinates': {'latitude': '-80.2651', 'longitude': '-88.7314'}, 'timezone': {'offset': '+5:30', 'description': 'Bombay, Calcutta, Madras, New Delhi'}}, 'email': 'martinho.porto@example.com', 'login': {'uuid': 'acb7048f-8fe0-4596-9a67-b0f0db48ad5e', 'username': 'happyladybug746', 'password': 'over', 'salt': 'F05cxMA2', 'md5': '0c37e5c5aa8f84a49b90b7c655c086a7', 'sha1': 'c22ee07b872e55f9d8e87b59cd98eb589688a0a1', 'sha256': '360099c1f23fd34751f1afc8301c80868f78ff5df93e42247357722db3d21589'}, 'dob': {'date': '1946-12-31T11:10:02.747Z', 'age': 77}, 'registered': {'date': '2021-12-05T06:32:29.073Z', 'age': 2}, 'phone': '(87) 2568-3921', 'cell': '(29) 0235-7981', 'id': {'name': 'CPF', 'value': '823.395.201-97'}, 'picture': {'large': 'https://randomuser.me/api/portraits/men/0.jpg', 'medium': 'https://randomuser.me/api/portraits/med/men/0.jpg', 'thumbnail': 'https://randomuser.me/api/portraits/thumb/men/0.jpg'}, 'nat': 'BR'}</msg>
<arg>${json_data['results'][0]}</arg>
<doc>Logs the given message with the given level.</doc>
<status status="PASS" start="2024-04-23T21:12:29.037865" elapsed="0.000426"/>
</kw>
<kw name="Log" owner="BuiltIn">
<msg time="2024-04-23T21:12:29.038710" level="INFO">login</msg>
<arg>${key}</arg>
<doc>Logs the given message with the given level.</doc>
<status status="PASS" start="2024-04-23T21:12:29.038585" elapsed="0.000193"/>
</kw>
<var name="${key}">login</var>
<status status="PASS" start="2024-04-23T21:12:29.037046" elapsed="0.001956"/>
</iter>
<var>${key}</var>
<value>@{expected_keys}</value>
<status status="PASS" start="2024-04-23T21:12:29.028328" elapsed="0.010794"/>
</for>
<kw name="Create List" owner="BuiltIn">
<msg time="2024-04-23T21:12:29.039447" level="INFO">${expected_keysTwo} = ['username', 'password']</msg>
<var>${expected_keysTwo}</var>
<arg>username</arg>
<arg>password</arg>
<doc>Returns a list containing given items.</doc>
<status status="PASS" start="2024-04-23T21:12:29.039311" elapsed="0.000160"/>
</kw>
<for flavor="IN">
<iter>
<kw name="Dictionary Should Contain Key" owner="Collections">
<msg time="2024-04-23T21:12:29.040374" level="INFO">False</msg>
<arg>${json_data['results'][0]['login']}</arg>
<arg>${keyTwo}</arg>
<doc>Fails if ``key`` is not found from ``dictionary``.</doc>
<status status="PASS" start="2024-04-23T21:12:29.039960" elapsed="0.000452"/>
</kw>
<kw name="Dictionary Should Contain Key" owner="Collections">
<msg time="2024-04-23T21:12:29.041077" level="INFO">False</msg>
<arg>${json_data['results'][0]['login']}</arg>
<arg>${keyTwo}</arg>
<doc>Fails if ``key`` is not found from ``dictionary``.</doc>
<status status="PASS" start="2024-04-23T21:12:29.040704" elapsed="0.000410"/>
</kw>
<kw name="Log" owner="BuiltIn">
<msg time="2024-04-23T21:12:29.041525" level="INFO">username</msg>
<arg>${keyTwo}</arg>
<doc>Logs the given message with the given level.</doc>
<status status="PASS" start="2024-04-23T21:12:29.041401" elapsed="0.000166"/>
</kw>
<var name="${keyTwo}">username</var>
<status status="PASS" start="2024-04-23T21:12:29.039852" elapsed="0.001923"/>
</iter>
<iter>
<kw name="Dictionary Should Contain Key" owner="Collections">
<msg time="2024-04-23T21:12:29.042520" level="INFO">False</msg>
<arg>${json_data['results'][0]['login']}</arg>
<arg>${keyTwo}</arg>
<doc>Fails if ``key`` is not found from ``dictionary``.</doc>
<status status="PASS" start="2024-04-23T21:12:29.042054" elapsed="0.000511"/>
</kw>
<kw name="Dictionary Should Contain Key" owner="Collections">
<msg time="2024-04-23T21:12:29.043232" level="INFO">False</msg>
<arg>${json_data['results'][0]['login']}</arg>
<arg>${keyTwo}</arg>
<doc>Fails if ``key`` is not found from ``dictionary``.</doc>
<status status="PASS" start="2024-04-23T21:12:29.042856" elapsed="0.000411"/>
</kw>
<kw name="Log" owner="BuiltIn">
<msg time="2024-04-23T21:12:29.043691" level="INFO">password</msg>
<arg>${keyTwo}</arg>
<doc>Logs the given message with the given level.</doc>
<status status="PASS" start="2024-04-23T21:12:29.043554" elapsed="0.000173"/>
</kw>
<var name="${keyTwo}">password</var>
<status status="PASS" start="2024-04-23T21:12:29.041946" elapsed="0.001996"/>
</iter>
<var>${keyTwo}</var>
<value>@{expected_keysTwo}</value>
<status status="PASS" start="2024-04-23T21:12:29.039703" elapsed="0.004358"/>
</for>
<status status="PASS" start="2024-04-23T21:12:28.849889" elapsed="0.194309"/>
</kw>
<doc>Testa a estrutura da resposta da API.</doc>
<tag>testeEstruturaResposta</tag>
<status status="PASS" start="2024-04-23T21:12:28.849111" elapsed="0.195291"/>
</test>
<test id="s1-s1-t4" name="Validar tipos de dados" line="28">
<kw name="Teste de Tipos de Dados" owner="random-user-service">
<kw name="GET On Session" owner="RequestsLibrary">
<msg time="2024-04-23T21:12:29.142135" level="INFO">GET Request : url=https://randomuser.me/api 
 path_url=/api 
 headers={'User-Agent': 'python-requests/2.31.0', 'Accept-Encoding': 'gzip, deflate', 'Accept': '*/*', 'Connection': 'keep-alive'} 
 body=None 
 </msg>
<msg time="2024-04-23T21:12:29.142212" level="INFO">GET Response : url=https://randomuser.me/api 
 status=200, reason=OK 
 headers={'Date': 'Tue, 23 Apr 2024 21:12:29 GMT', 'Content-Type': 'application/json; charset=utf-8', 'Transfer-Encoding': 'chunked', 'Connection': 'keep-alive', 'X-Powered-By': 'Express', 'Access-Control-Allow-Origin': '*', 'Cache-Control': 'no-cache', 'ETag': 'W/"47c-fA5n4N5P+yHoKAAYbM8Tv2tSa4w"', 'Vary': 'Accept-Encoding', 'Content-Encoding': 'gzip', 'CF-Cache-Status': 'DYNAMIC', 'Report-To': '{"endpoints":[{"url":"https:\\/\\/a.nel.cloudflare.com\\/report\\/v4?s=aEnjgcsZ5m7JUNwo1wDYhrTtrXcQFDJ%2B5P71I%2BRarofiBGJ%2F4ySJlwx5c4jDeODkhC3Of0CYAu%2FF4qU%2B4DkSku9H4XGukejzXqXAlVnDGBCumi9XVyQZIBWFZ8gan%2Fxg"}],"group":"cf-nel","max_age":604800}', 'NEL': '{"success_fraction":0,"report_to":"cf-nel","max_age":604800}', 'Server': 'cloudflare', 'CF-RAY': '8790da1d9d3d593e-IAD', 'alt-svc': 'h3=":443"; ma=86400'} 
 body={"results":[{"gender":"male","name":{"title":"Mr","first":"Vedat","last":"Abacı"},"location":{"street":{"number":42,"name":"Necatibey Cd"},"city":"Kars","state":"Karaman","country":"Turkey","postcode":97772,"coordinates":{"latitude":"68.4535","longitude":"-93.2309"},"timezone":{"offset":"-6:00","description":"Central Time (US &amp; Canada), Mexico City"}},"email":"vedat.abaci@example.com","login":{"uuid":"f03087df-f900-45b9-8a29-8145a89aa7ca","username":"blackmouse554","password":"navajo","salt":"0LdcwQLF","md5":"73fa078e28fd9df360ca84d9730b444a","sha1":"bbf895a7877eef2dbddd185964a76668309ad650","sha256":"f1799a941a89f9c2abd9c6565d28ea0916f39f4247f784a9e3bee7c96e20fa59"},"dob":{"date":"1951-03-21T17:25:57.329Z","age":73},"registered":{"date":"2008-04-18T10:44:25.756Z","age":16},"phone":"(656)-664-7618","cell":"(760)-070-1754","id":{"name":"","value":null},"picture":{"large":"https://randomuser.me/api/portraits/men/35.jpg","medium":"https://randomuser.me/api/portraits/med/men/35.jpg","thumbnail":"https://randomuser.me/api/portraits/thumb/men/35.jpg"},"nat":"TR"}],"info":{"seed":"a9d406b60bca2cb2","results":1,"page":1,"version":"1.4"}} 
 </msg>
<msg time="2024-04-23T21:12:29.142275" level="INFO">/opt/hostedtoolcache/Python/3.12.3/x64/lib/python3.12/site-packages/urllib3/connectionpool.py:1103: InsecureRequestWarning: Unverified HTTPS request is being made to host 'randomuser.me'. Adding certificate verification is strongly advised. See: https://urllib3.readthedocs.io/en/latest/advanced-usage.html#tls-warnings
  warnings.warn(</msg>
<msg time="2024-04-23T21:12:29.142363" level="INFO">${response} = &lt;Response [200]&gt;</msg>
<var>${response}</var>
<arg>consultarAPI</arg>
<arg>/api</arg>
<doc>Sends a GET request on a previously created HTTP Session.</doc>
<status status="PASS" start="2024-04-23T21:12:29.046788" elapsed="0.095616"/>
</kw>
<kw name="Set Variable" owner="BuiltIn">
<msg time="2024-04-23T21:12:29.143438" level="INFO">${json_data} = {'results': [{'gender': 'male', 'name': {'title': 'Mr', 'first': 'Vedat', 'last': 'Abacı'}, 'location': {'street': {'number': 42, 'name': 'Necatibey Cd'}, 'city': 'Kars', 'state': 'Karaman', 'country'...</msg>
<var>${json_data}</var>
<arg>${response.json()}</arg>
<doc>Returns the given values which can then be assigned to a variables.</doc>
<status status="PASS" start="2024-04-23T21:12:29.142868" elapsed="0.000600"/>
</kw>
<kw name="Log" owner="BuiltIn">
<msg time="2024-04-23T21:12:29.143926" level="INFO">{'results': [{'gender': 'male', 'name': {'title': 'Mr', 'first': 'Vedat', 'last': 'Abacı'}, 'location': {'street': {'number': 42, 'name': 'Necatibey Cd'}, 'city': 'Kars', 'state': 'Karaman', 'country': 'Turkey', 'postcode': 97772, 'coordinates': {'latitude': '68.4535', 'longitude': '-93.2309'}, 'timezone': {'offset': '-6:00', 'description': 'Central Time (US &amp; Canada), Mexico City'}}, 'email': 'vedat.abaci@example.com', 'login': {'uuid': 'f03087df-f900-45b9-8a29-8145a89aa7ca', 'username': 'blackmouse554', 'password': 'navajo', 'salt': '0LdcwQLF', 'md5': '73fa078e28fd9df360ca84d9730b444a', 'sha1': 'bbf895a7877eef2dbddd185964a76668309ad650', 'sha256': 'f1799a941a89f9c2abd9c6565d28ea0916f39f4247f784a9e3bee7c96e20fa59'}, 'dob': {'date': '1951-03-21T17:25:57.329Z', 'age': 73}, 'registered': {'date': '2008-04-18T10:44:25.756Z', 'age': 16}, 'phone': '(656)-664-7618', 'cell': '(760)-070-1754', 'id': {'name': '', 'value': None}, 'picture': {'large': 'https://randomuser.me/api/portraits/men/35.jpg', 'medium': 'https://randomuser.me/api/portraits/med/men/35.jpg', 'thumbnail': 'https://randomuser.me/api/portraits/thumb/men/35.jpg'}, 'nat': 'TR'}], 'info': {'seed': 'a9d406b60bca2cb2', 'results': 1, 'page': 1, 'version': '1.4'}}</msg>
<arg>${json_data}</arg>
<doc>Logs the given message with the given level.</doc>
<status status="PASS" start="2024-04-23T21:12:29.143771" elapsed="0.000242"/>
</kw>
<kw name="Should Be String" owner="String">
<arg>${json_data['results'][0]['gender']}</arg>
<doc>Fails if the given ``item`` is not a string.</doc>
<status status="PASS" start="2024-04-23T21:12:29.144356" elapsed="0.000372"/>
</kw>
<kw name="Should Match Regexp" owner="BuiltIn">
<arg>${json_data['results'][0]['email']}</arg>
<arg>^[a-zA-Z0-9._%+-]+@[a-zA-Z0-9.-]+\.[a-zA-Z]{2,}$</arg>
<doc>Fails if ``string`` does not match ``pattern`` as a regular expression.</doc>
<status status="PASS" start="2024-04-23T21:12:29.144924" elapsed="0.000512"/>
</kw>
<kw name="Should Match Regexp" owner="BuiltIn">
<arg>${json_data['results'][0]['dob']['date']}</arg>
<arg>\\d{4}-\\d{2}-\\d{2}T\\d{2}:\\d{2}:\\d{2}\\.\\d{3}Z</arg>
<doc>Fails if ``string`` does not match ``pattern`` as a regular expression.</doc>
<status status="PASS" start="2024-04-23T21:12:29.145630" elapsed="0.000484"/>
</kw>
<kw name="Should Match Regexp" owner="BuiltIn">
<arg>${json_data['results'][0]['registered']['date']}</arg>
<arg>\\d{4}-\\d{2}-\\d{2}T\\d{2}:\\d{2}:\\d{2}\\.\\d{3}Z</arg>
<doc>Fails if ``string`` does not match ``pattern`` as a regular expression.</doc>
<status status="PASS" start="2024-04-23T21:12:29.146302" elapsed="0.000368"/>
</kw>
<kw name="Should Match Regexp" owner="BuiltIn">
<arg>${json_data['results'][0]['picture']['large']}</arg>
<arg>^https?://.*\.(?:png|jpe?g|gif|bmp)$</arg>
<doc>Fails if ``string`` does not match ``pattern`` as a regular expression.</doc>
<status status="PASS" start="2024-04-23T21:12:29.146853" elapsed="0.000472"/>
</kw>
<kw name="Should Match Regexp" owner="BuiltIn">
<arg>${json_data['results'][0]['picture']['medium']}</arg>
<arg>^https?://.*\.(?:png|jpe?g|gif|bmp)$</arg>
<doc>Fails if ``string`` does not match ``pattern`` as a regular expression.</doc>
<status status="PASS" start="2024-04-23T21:12:29.147525" elapsed="0.000359"/>
</kw>
<kw name="Should Match Regexp" owner="BuiltIn">
<arg>${json_data['results'][0]['picture']['thumbnail']}</arg>
<arg>^https?://.*\.(?:png|jpe?g|gif|bmp)$</arg>
<doc>Fails if ``string`` does not match ``pattern`` as a regular expression.</doc>
<status status="PASS" start="2024-04-23T21:12:29.148072" elapsed="0.000378"/>
</kw>
<kw name="Log" owner="BuiltIn">
<msg time="2024-04-23T21:12:29.148954" level="INFO">{'large': 'https://randomuser.me/api/portraits/men/35.jpg', 'medium': 'https://randomuser.me/api/portraits/med/men/35.jpg', 'thumbnail': 'https://randomuser.me/api/portraits/thumb/men/35.jpg'}</msg>
<arg>${json_data['results'][0]['picture']}</arg>
<doc>Logs the given message with the given level.</doc>
<status status="PASS" start="2024-04-23T21:12:29.148631" elapsed="0.000364"/>
</kw>
<status status="PASS" start="2024-04-23T21:12:29.046569" elapsed="0.102676"/>
</kw>
<kw name="Teste de Tipos de Dados - Postcode" owner="random-user-service">
<kw name="GET On Session" owner="RequestsLibrary">
<msg time="2024-04-23T21:12:29.188191" level="INFO">GET Request : url=https://randomuser.me/api 
 path_url=/api 
 headers={'User-Agent': 'python-requests/2.31.0', 'Accept-Encoding': 'gzip, deflate', 'Accept': '*/*', 'Connection': 'keep-alive'} 
 body=None 
 </msg>
<msg time="2024-04-23T21:12:29.188300" level="INFO">GET Response : url=https://randomuser.me/api 
 status=200, reason=OK 
 headers={'Date': 'Tue, 23 Apr 2024 21:12:29 GMT', 'Content-Type': 'application/json; charset=utf-8', 'Transfer-Encoding': 'chunked', 'Connection': 'keep-alive', 'X-Powered-By': 'Express', 'Access-Control-Allow-Origin': '*', 'Cache-Control': 'no-cache', 'ETag': 'W/"494-AvV81BoOjVJIfKgCnbwpbFmufAo"', 'Vary': 'Accept-Encoding', 'Content-Encoding': 'gzip', 'CF-Cache-Status': 'DYNAMIC', 'Report-To': '{"endpoints":[{"url":"https:\\/\\/a.nel.cloudflare.com\\/report\\/v4?s=GnN11Pw5qnFmydTFCKOv4h29RwRLO%2B%2BT1GsetYXxgNFS9wwJZgVDKkq%2FciWVzW%2FNPYlhorXJozb0sgN0l9YXeCLA7sTjQA%2FeiDNQ6UIri9hh71P4l4K9nheKnlEQlhem"}],"group":"cf-nel","max_age":604800}', 'NEL': '{"success_fraction":0,"report_to":"cf-nel","max_age":604800}', 'Server': 'cloudflare', 'CF-RAY': '8790da1e3de3593e-IAD', 'alt-svc': 'h3=":443"; ma=86400'} 
 body={"results":[{"gender":"female","name":{"title":"Miss","first":"Mae","last":"Rice"},"location":{"street":{"number":8706,"name":"Green Rd"},"city":"Garden Grove","state":"Georgia","country":"United States","postcode":11006,"coordinates":{"latitude":"81.8953","longitude":"106.4442"},"timezone":{"offset":"+4:00","description":"Abu Dhabi, Muscat, Baku, Tbilisi"}},"email":"mae.rice@example.com","login":{"uuid":"ac2ad553-006d-4229-926c-a5b6d6c6338e","username":"silverostrich422","password":"goochi","salt":"azZijLuj","md5":"2d3ccba09e0506a64371304530d90bb4","sha1":"0632a0a63cf6413c2f995f052de90b2a0b0fde02","sha256":"e5d7e1f8207946f3872c3f17bce41e596212d44990aa12f1da0da2c7643a61f4"},"dob":{"date":"1985-10-07T23:49:54.575Z","age":38},"registered":{"date":"2010-02-26T06:15:15.936Z","age":14},"phone":"(574) 325-8689","cell":"(277) 693-7983","id":{"name":"SSN","value":"633-02-6390"},"picture":{"large":"https://randomuser.me/api/portraits/women/84.jpg","medium":"https://randomuser.me/api/portraits/med/women/84.jpg","thumbnail":"https://randomuser.me/api/portraits/thumb/women/84.jpg"},"nat":"US"}],"info":{"seed":"302e17e092cc758f","results":1,"page":1,"version":"1.4"}} 
 </msg>
<msg time="2024-04-23T21:12:29.188369" level="INFO">/opt/hostedtoolcache/Python/3.12.3/x64/lib/python3.12/site-packages/urllib3/connectionpool.py:1103: InsecureRequestWarning: Unverified HTTPS request is being made to host 'randomuser.me'. Adding certificate verification is strongly advised. See: https://urllib3.readthedocs.io/en/latest/advanced-usage.html#tls-warnings
  warnings.warn(</msg>
<msg time="2024-04-23T21:12:29.188453" level="INFO">${response} = &lt;Response [200]&gt;</msg>
<var>${response}</var>
<arg>consultarAPI</arg>
<arg>/api</arg>
<doc>Sends a GET request on a previously created HTTP Session.</doc>
<status status="PASS" start="2024-04-23T21:12:29.149680" elapsed="0.038812"/>
</kw>
<kw name="Set Variable" owner="BuiltIn">
<msg time="2024-04-23T21:12:29.189531" level="INFO">${json_data} = {'results': [{'gender': 'female', 'name': {'title': 'Miss', 'first': 'Mae', 'last': 'Rice'}, 'location': {'street': {'number': 8706, 'name': 'Green Rd'}, 'city': 'Garden Grove', 'state': 'Georgia', 'c...</msg>
<var>${json_data}</var>
<arg>${response.json()}</arg>
<doc>Returns the given values which can then be assigned to a variables.</doc>
<status status="PASS" start="2024-04-23T21:12:29.188951" elapsed="0.000608"/>
</kw>
<kw name="Log" owner="BuiltIn">
<msg time="2024-04-23T21:12:29.190024" level="INFO">{'results': [{'gender': 'female', 'name': {'title': 'Miss', 'first': 'Mae', 'last': 'Rice'}, 'location': {'street': {'number': 8706, 'name': 'Green Rd'}, 'city': 'Garden Grove', 'state': 'Georgia', 'country': 'United States', 'postcode': 11006, 'coordinates': {'latitude': '81.8953', 'longitude': '106.4442'}, 'timezone': {'offset': '+4:00', 'description': 'Abu Dhabi, Muscat, Baku, Tbilisi'}}, 'email': 'mae.rice@example.com', 'login': {'uuid': 'ac2ad553-006d-4229-926c-a5b6d6c6338e', 'username': 'silverostrich422', 'password': 'goochi', 'salt': 'azZijLuj', 'md5': '2d3ccba09e0506a64371304530d90bb4', 'sha1': '0632a0a63cf6413c2f995f052de90b2a0b0fde02', 'sha256': 'e5d7e1f8207946f3872c3f17bce41e596212d44990aa12f1da0da2c7643a61f4'}, 'dob': {'date': '1985-10-07T23:49:54.575Z', 'age': 38}, 'registered': {'date': '2010-02-26T06:15:15.936Z', 'age': 14}, 'phone': '(574) 325-8689', 'cell': '(277) 693-7983', 'id': {'name': 'SSN', 'value': '633-02-6390'}, 'picture': {'large': 'https://randomuser.me/api/portraits/women/84.jpg', 'medium': 'https://randomuser.me/api/portraits/med/women/84.jpg', 'thumbnail': 'https://randomuser.me/api/portraits/thumb/women/84.jpg'}, 'nat': 'US'}], 'info': {'seed': '302e17e092cc758f', 'results': 1, 'page': 1, 'version': '1.4'}}</msg>
<arg>${json_data}</arg>
<doc>Logs the given message with the given level.</doc>
<status status="PASS" start="2024-04-23T21:12:29.189865" elapsed="0.000235"/>
</kw>
<kw name="Should Be Equal As Numbers" owner="BuiltIn">
<arg>${json_data['results'][0]['location']['postcode']}</arg>
<arg>${json_data['results'][0]['location']['postcode']}</arg>
<doc>Fails if objects are unequal after converting them to real numbers.</doc>
<status status="PASS" start="2024-04-23T21:12:29.190518" elapsed="0.000611"/>
</kw>
<kw name="Log" owner="BuiltIn">
<msg time="2024-04-23T21:12:29.191650" level="INFO">11006</msg>
<arg>${json_data['results'][0]['location']['postcode']}</arg>
<doc>Logs the given message with the given level.</doc>
<status status="PASS" start="2024-04-23T21:12:29.191318" elapsed="0.000372"/>
</kw>
<status status="PASS" start="2024-04-23T21:12:29.149453" elapsed="0.042486"/>
</kw>
<doc>Testa se os tipos de dados na resposta da API estão corretos.</doc>
<tag>testeTiposDados</tag>
<status status="PASS" start="2024-04-23T21:12:29.046127" elapsed="0.145970"/>
</test>
<test id="s1-s1-t5" name="Validar conteudo" line="35">
<kw name="Teste de Tipos de Conteudo" owner="random-user-service">
<kw name="GET On Session" owner="RequestsLibrary">
<msg time="2024-04-23T21:12:29.285440" level="INFO">GET Request : url=https://randomuser.me/api 
 path_url=/api 
 headers={'User-Agent': 'python-requests/2.31.0', 'Accept-Encoding': 'gzip, deflate', 'Accept': '*/*', 'Connection': 'keep-alive'} 
 body=None 
 </msg>
<msg time="2024-04-23T21:12:29.285502" level="INFO">GET Response : url=https://randomuser.me/api 
 status=200, reason=OK 
 headers={'Date': 'Tue, 23 Apr 2024 21:12:29 GMT', 'Content-Type': 'application/json; charset=utf-8', 'Transfer-Encoding': 'chunked', 'Connection': 'keep-alive', 'X-Powered-By': 'Express', 'Access-Control-Allow-Origin': '*', 'Cache-Control': 'no-cache', 'ETag': 'W/"48f-zNEePvQwQK3TYgr1BJIFlx3+XE0"', 'Vary': 'Accept-Encoding', 'Content-Encoding': 'gzip', 'CF-Cache-Status': 'DYNAMIC', 'Report-To': '{"endpoints":[{"url":"https:\\/\\/a.nel.cloudflare.com\\/report\\/v4?s=5via9%2F%2FmNTMsFDZN5Gv0sjunaxBbKv%2Bd3JdBKczuQUCL83inYAMtCBnoHSbYWmr51%2FR6wV3Fg%2FXDOWcYZv8zffjSMXWQeacBnvRhhqJokqNAZxh9a5EIPCkddHBxzAFg"}],"group":"cf-nel","max_age":604800}', 'NEL': '{"success_fraction":0,"report_to":"cf-nel","max_age":604800}', 'Server': 'cloudflare', 'CF-RAY': '8790da1e7e24593e-IAD', 'alt-svc': 'h3=":443"; ma=86400'} 
 body={"results":[{"gender":"female","name":{"title":"Ms","first":"Alice","last":"Lemoine"},"location":{"street":{"number":4852,"name":"Rue des Chartreux"},"city":"Roubaix","state":"Gard","country":"France","postcode":76659,"coordinates":{"latitude":"-14.9468","longitude":"178.5075"},"timezone":{"offset":"+7:00","description":"Bangkok, Hanoi, Jakarta"}},"email":"alice.lemoine@example.com","login":{"uuid":"09ad7bc4-bb3f-40ac-be3a-0f87ca65981a","username":"redbear967","password":"chocha","salt":"Tm9cOUT5","md5":"7d8356e2aad9908e1e403fd16048a1fa","sha1":"d6687cb043821c64b98f07bafad9d7e3a1527a4c","sha256":"f44663b7252bd07d58b78ab40ac920a20235bcdd6b0e8c952187d72d652ec340"},"dob":{"date":"1975-05-20T10:39:05.309Z","age":48},"registered":{"date":"2011-09-30T02:22:28.891Z","age":12},"phone":"04-33-55-06-86","cell":"06-71-00-67-87","id":{"name":"INSEE","value":"2750468389879 43"},"picture":{"large":"https://randomuser.me/api/portraits/women/76.jpg","medium":"https://randomuser.me/api/portraits/med/women/76.jpg","thumbnail":"https://randomuser.me/api/portraits/thumb/women/76.jpg"},"nat":"FR"}],"info":{"seed":"51bdde8a41aff8d3","results":1,"page":1,"version":"1.4"}} 
 </msg>
<msg time="2024-04-23T21:12:29.285557" level="INFO">/opt/hostedtoolcache/Python/3.12.3/x64/lib/python3.12/site-packages/urllib3/connectionpool.py:1103: InsecureRequestWarning: Unverified HTTPS request is being made to host 'randomuser.me'. Adding certificate verification is strongly advised. See: https://urllib3.readthedocs.io/en/latest/advanced-usage.html#tls-warnings
  warnings.warn(</msg>
<msg time="2024-04-23T21:12:29.285640" level="INFO">${response} = &lt;Response [200]&gt;</msg>
<var>${response}</var>
<arg>consultarAPI</arg>
<arg>/api</arg>
<doc>Sends a GET request on a previously created HTTP Session.</doc>
<status status="PASS" start="2024-04-23T21:12:29.194587" elapsed="0.091092"/>
</kw>
<kw name="Set Variable" owner="BuiltIn">
<msg time="2024-04-23T21:12:29.286668" level="INFO">${json_data} = {'results': [{'gender': 'female', 'name': {'title': 'Ms', 'first': 'Alice', 'last': 'Lemoine'}, 'location': {'street': {'number': 4852, 'name': 'Rue des Chartreux'}, 'city': 'Roubaix', 'state': 'Gard'...</msg>
<var>${json_data}</var>
<arg>${response.json()}</arg>
<doc>Returns the given values which can then be assigned to a variables.</doc>
<status status="PASS" start="2024-04-23T21:12:29.286127" elapsed="0.000568"/>
</kw>
<kw name="Set Variable" owner="BuiltIn">
<msg time="2024-04-23T21:12:29.287385" level="INFO">${name_title} = Ms</msg>
<var>${name_title}</var>
<arg>${json_data["results"][0]["name"]["title"]}</arg>
<doc>Returns the given values which can then be assigned to a variables.</doc>
<status status="PASS" start="2024-04-23T21:12:29.286998" elapsed="0.000412"/>
</kw>
<kw name="Create List" owner="BuiltIn">
<msg time="2024-04-23T21:12:29.287848" level="INFO">${allowed_titles} = ['Mr', 'Ms', 'Miss', 'Mrs', 'Madame', 'Monsieur']</msg>
<var>${allowed_titles}</var>
<arg>Mr</arg>
<arg>Ms</arg>
<arg>Miss</arg>
<arg>Mrs</arg>
<arg>Madame</arg>
<arg>Monsieur</arg>
<doc>Returns a list containing given items.</doc>
<status status="PASS" start="2024-04-23T21:12:29.287705" elapsed="0.000167"/>
</kw>
<kw name="List Should Contain Value" owner="Collections">
<msg time="2024-04-23T21:12:29.288382" level="INFO">False</msg>
<arg>${allowed_titles}</arg>
<arg>${name_title}</arg>
<doc>Fails if the ``value`` is not found from ``list``.</doc>
<status status="PASS" start="2024-04-23T21:12:29.288169" elapsed="0.000251"/>
</kw>
<kw name="Set Variable" owner="BuiltIn">
<msg time="2024-04-23T21:12:29.289095" level="INFO">${name_country} = FR</msg>
<var>${name_country}</var>
<arg>${json_data["results"][0]["nat"]}</arg>
<doc>Returns the given values which can then be assigned to a variables.</doc>
<status status="PASS" start="2024-04-23T21:12:29.288714" elapsed="0.000405"/>
</kw>
<kw name="Create List" owner="BuiltIn">
<msg time="2024-04-23T21:12:29.290002" level="INFO">${list_country} = ['AD', 'AE', 'AF', 'AG', 'AI', 'AL', 'AM', 'AO', 'AQ', 'AR', 'AS', 'AT', 'AU', 'AW', 'AX', 'AZ', 'BA', 'BB', 'BD', 'BE', 'BF', 'BG', 'BH', 'BI', 'BJ', 'BL', 'BM', 'BN', 'BO', 'BQ', 'BR', 'BS', 'BT', '...</msg>
<var>${list_country}</var>
<arg>AD</arg>
<arg>AE</arg>
<arg>AF</arg>
<arg>AG</arg>
<arg>AI</arg>
<arg>AL</arg>
<arg>AM</arg>
<arg>AO</arg>
<arg>AQ</arg>
<arg>AR</arg>
<arg>AS</arg>
<arg>AT</arg>
<arg>AU</arg>
<arg>AW</arg>
<arg>AX</arg>
<arg>AZ</arg>
<arg>BA</arg>
<arg>BB</arg>
<arg>BD</arg>
<arg>BE</arg>
<arg>BF</arg>
<arg>BG</arg>
<arg>BH</arg>
<arg>BI</arg>
<arg>BJ</arg>
<arg>BL</arg>
<arg>BM</arg>
<arg>BN</arg>
<arg>BO</arg>
<arg>BQ</arg>
<arg>BR</arg>
<arg>BS</arg>
<arg>BT</arg>
<arg>BV</arg>
<arg>BW</arg>
<arg>BY</arg>
<arg>BZ</arg>
<arg>CA</arg>
<arg>CC</arg>
<arg>CD</arg>
<arg>CF</arg>
<arg>CG</arg>
<arg>CH</arg>
<arg>CI</arg>
<arg>CK</arg>
<arg>CL</arg>
<arg>CM</arg>
<arg>CN</arg>
<arg>CO</arg>
<arg>CR</arg>
<arg>CU</arg>
<arg>CV</arg>
<arg>CW</arg>
<arg>CX</arg>
<arg>CY</arg>
<arg>CZ</arg>
<arg>DE</arg>
<arg>DJ</arg>
<arg>DK</arg>
<arg>DM</arg>
<arg>DO</arg>
<arg>DZ</arg>
<arg>EC</arg>
<arg>EE</arg>
<arg>EG</arg>
<arg>EH</arg>
<arg>ER</arg>
<arg>ES</arg>
<arg>ET</arg>
<arg>FI</arg>
<arg>FJ</arg>
<arg>FK</arg>
<arg>FM</arg>
<arg>FO</arg>
<arg>FR</arg>
<arg>GA</arg>
<arg>GB</arg>
<arg>GD</arg>
<arg>GE</arg>
<arg>GF</arg>
<arg>GG</arg>
<arg>GH</arg>
<arg>GI</arg>
<arg>GL</arg>
<arg>GM</arg>
<arg>GN</arg>
<arg>GP</arg>
<arg>GQ</arg>
<arg>GR</arg>
<arg>GS</arg>
<arg>GT</arg>
<arg>GU</arg>
<arg>GW</arg>
<arg>GY</arg>
<arg>HK</arg>
<arg>HM</arg>
<arg>HN</arg>
<arg>HR</arg>
<arg>HT</arg>
<arg>HU</arg>
<arg>ID</arg>
<arg>IE</arg>
<arg>IL</arg>
<arg>IM</arg>
<arg>IN</arg>
<arg>IO</arg>
<arg>IQ</arg>
<arg>IR</arg>
<arg>IS</arg>
<arg>IT</arg>
<arg>JE</arg>
<arg>JM</arg>
<arg>JO</arg>
<arg>JP</arg>
<arg>KE</arg>
<arg>KG</arg>
<arg>KH</arg>
<arg>KI</arg>
<arg>KM</arg>
<arg>KN</arg>
<arg>KP</arg>
<arg>KR</arg>
<arg>KW</arg>
<arg>KY</arg>
<arg>KZ</arg>
<arg>LA</arg>
<arg>LB</arg>
<arg>LC</arg>
<arg>LI</arg>
<arg>LK</arg>
<arg>LR</arg>
<arg>LS</arg>
<arg>LT</arg>
<arg>LU</arg>
<arg>LV</arg>
<arg>LY</arg>
<arg>MA</arg>
<arg>MC</arg>
<arg>MD</arg>
<arg>ME</arg>
<arg>MF</arg>
<arg>MG</arg>
<arg>MH</arg>
<arg>MK</arg>
<arg>ML</arg>
<arg>MM</arg>
<arg>MN</arg>
<arg>MO</arg>
<arg>MP</arg>
<arg>MQ</arg>
<arg>MR</arg>
<arg>MS</arg>
<arg>MT</arg>
<arg>MU</arg>
<arg>MV</arg>
<arg>MW</arg>
<arg>MX</arg>
<arg>MY</arg>
<arg>MZ</arg>
<arg>NA</arg>
<arg>NC</arg>
<arg>NE</arg>
<arg>NF</arg>
<arg>NG</arg>
<arg>NI</arg>
<arg>NL</arg>
<arg>NO</arg>
<arg>NP</arg>
<arg>NR</arg>
<arg>NU</arg>
<arg>NZ</arg>
<arg>OM</arg>
<arg>PA</arg>
<arg>PE</arg>
<arg>PF</arg>
<arg>PG</arg>
<arg>PH</arg>
<arg>PK</arg>
<arg>PL</arg>
<arg>PM</arg>
<arg>PN</arg>
<arg>PR</arg>
<arg>PS</arg>
<arg>PT</arg>
<arg>PW</arg>
<arg>PY</arg>
<arg>QA</arg>
<arg>RE</arg>
<arg>RO</arg>
<arg>RS</arg>
<arg>RU</arg>
<arg>RW</arg>
<arg>SA</arg>
<arg>SB</arg>
<arg>SC</arg>
<arg>SD</arg>
<arg>SE</arg>
<arg>SG</arg>
<arg>SH</arg>
<arg>SI</arg>
<arg>SJ</arg>
<arg>SK</arg>
<arg>SL</arg>
<arg>SM</arg>
<arg>SN</arg>
<arg>SO</arg>
<arg>SR</arg>
<arg>SS</arg>
<arg>ST</arg>
<arg>SV</arg>
<arg>SX</arg>
<arg>SY</arg>
<arg>SZ</arg>
<arg>TC</arg>
<arg>TD</arg>
<arg>TF</arg>
<arg>TG</arg>
<arg>TH</arg>
<arg>TJ</arg>
<arg>TK</arg>
<arg>TL</arg>
<arg>TM</arg>
<arg>TN</arg>
<arg>TO</arg>
<arg>TR</arg>
<arg>TT</arg>
<arg>TV</arg>
<arg>TW</arg>
<arg>TZ</arg>
<arg>UA</arg>
<arg>UG</arg>
<arg>UM</arg>
<arg>US</arg>
<arg>UY</arg>
<arg>UZ</arg>
<arg>VA</arg>
<arg>VC</arg>
<arg>VE</arg>
<arg>VG</arg>
<arg>VI</arg>
<arg>VN</arg>
<arg>VU</arg>
<arg>WF</arg>
<arg>WS</arg>
<arg>XK</arg>
<arg>YE</arg>
<arg>YT</arg>
<arg>ZA</arg>
<arg>ZM</arg>
<arg>ZW</arg>
<doc>Returns a list containing given items.</doc>
<status status="PASS" start="2024-04-23T21:12:29.289418" elapsed="0.000610"/>
</kw>
<kw name="List Should Contain Value" owner="Collections">
<msg time="2024-04-23T21:12:29.291007" level="INFO">False</msg>
<arg>${list_country}</arg>
<arg>${name_country}</arg>
<doc>Fails if the ``value`` is not found from ``list``.</doc>
<status status="PASS" start="2024-04-23T21:12:29.290811" elapsed="0.000232"/>
</kw>
<kw name="Run Keyword If" owner="BuiltIn">
<kw name="Should Be True" owner="BuiltIn">
<arg>${True}</arg>
<doc>Fails if the given condition is not true.</doc>
<status status="PASS" start="2024-04-23T21:12:29.292088" elapsed="0.000280"/>
</kw>
<arg>${json_data["results"][0]["location"]["coordinates"]["latitude"]} &gt;= -90 and ${json_data["results"][0]["location"]["coordinates"]["latitude"]} &lt;= 90</arg>
<arg>Should Be True</arg>
<arg>${True}</arg>
<doc>Runs the given keyword with the given arguments, if ``condition`` is true.</doc>
<status status="PASS" start="2024-04-23T21:12:29.291348" elapsed="0.001160"/>
</kw>
<kw name="Run Keyword If" owner="BuiltIn">
<kw name="Should Be True" owner="BuiltIn">
<arg>${True}</arg>
<doc>Fails if the given condition is not true.</doc>
<status status="PASS" start="2024-04-23T21:12:29.293405" elapsed="0.000140"/>
</kw>
<arg>${json_data["results"][0]["location"]["coordinates"]["longitude"]} &gt;= -180 and ${json_data["results"][0]["location"]["coordinates"]["longitude"]} &lt;= 180</arg>
<arg>Should Be True</arg>
<arg>${True}</arg>
<doc>Runs the given keyword with the given arguments, if ``condition`` is true.</doc>
<status status="PASS" start="2024-04-23T21:12:29.292698" elapsed="0.000972"/>
</kw>
<status status="PASS" start="2024-04-23T21:12:29.194369" elapsed="0.099428"/>
</kw>
<doc>Testa o conteúdo específico dos campos retornados pela API.</doc>
<tag>testeConteudo</tag>
<status status="PASS" start="2024-04-23T21:12:29.193857" elapsed="0.100081"/>
</test>
<status status="PASS" start="2024-04-23T21:12:28.178914" elapsed="1.116956"/>
</suite>
<status status="PASS" start="2024-04-23T21:12:28.165537" elapsed="1.135448"/>
</suite>
<statistics>
<total>
<stat pass="5" fail="0" skip="0">All Tests</stat>
</total>
<tag>
<stat pass="1" fail="0" skip="0">testeConteudo</stat>
<stat pass="1" fail="0" skip="0">testeEstruturaResposta</stat>
<stat pass="1" fail="0" skip="0">testeRequisicaoBasica</stat>
<stat pass="1" fail="0" skip="0">testeTiposDados</stat>
</tag>
<suite>
<stat pass="5" fail="0" skip="0" id="s1" name="Tests">Tests</stat>
<stat pass="5" fail="0" skip="0" id="s1-s1" name="Random-User-Test">Tests.Random-User-Test</stat>
</suite>
</statistics>
<errors>
</errors>
</robot>
