<?xml version="1.0" encoding="UTF-8"?>
<robot generator="Robot 7.0 (Python 3.12.2 on linux)" generated="2024-04-06T18:16:13.963014" rpa="false" schemaversion="5">
<suite id="s1" name="Tests" source="/home/runner/work/DesafioQAItauRogerioJordao/DesafioQAItauRogerioJordao/RamdonUser/tests">
<suite id="s1-s1" name="Random-User-Test" source="/home/runner/work/DesafioQAItauRogerioJordao/DesafioQAItauRogerioJordao/RamdonUser/tests/random-user-test.robot">
<test id="s1-s1-t1" name="Conectar" line="13">
<kw name="Conectar API" owner="random-user-service">
<kw name="Create Session" owner="RequestsLibrary">
<msg time="2024-04-06T18:16:14.323872" level="INFO">Creating Session using : alias=consultarAPI, url=https://randomuser.me/, headers={},                     cookies={}, auth=None, timeout=None, proxies=None, verify=False,                     debug=0 </msg>
<arg>consultarAPI</arg>
<arg>${URL}</arg>
<doc>Create Session: create a HTTP session to a server</doc>
<status status="PASS" start="2024-04-06T18:16:14.323661" elapsed="0.000400"/>
</kw>
<status status="PASS" start="2024-04-06T18:16:14.322582" elapsed="0.001851"/>
</kw>
<status status="PASS" start="2024-04-06T18:16:14.322014" elapsed="0.002625"/>
</test>
<test id="s1-s1-t2" name="Validar retorno 200 e JSON Válido" line="16">
<kw name="Teste de Requisicao Basica" owner="random-user-service">
<kw name="GET On Session" owner="RequestsLibrary">
<msg time="2024-04-06T18:16:14.399248" level="INFO">GET Request : url=https://randomuser.me/api 
 path_url=/api 
 headers={'User-Agent': 'python-requests/2.31.0', 'Accept-Encoding': 'gzip, deflate', 'Accept': '*/*', 'Connection': 'keep-alive'} 
 body=None 
 </msg>
<msg time="2024-04-06T18:16:14.399392" level="INFO">GET Response : url=https://randomuser.me/api 
 status=200, reason=OK 
 headers={'Date': 'Sat, 06 Apr 2024 18:16:14 GMT', 'Content-Type': 'application/json; charset=utf-8', 'Transfer-Encoding': 'chunked', 'Connection': 'keep-alive', 'X-Powered-By': 'Express', 'Access-Control-Allow-Origin': '*', 'Cache-Control': 'no-cache', 'ETag': 'W/"483-XS102ZNsTxjPjnAbyAB6bQelKE4"', 'Vary': 'Accept-Encoding', 'Content-Encoding': 'gzip', 'CF-Cache-Status': 'DYNAMIC', 'Report-To': '{"endpoints":[{"url":"https:\\/\\/a.nel.cloudflare.com\\/report\\/v4?s=LEMvwCcT0X4lXkOUJHTr12I8wnmjD6hna9J996NS1m6BVjRt3L2hmFunze1qQSJj9o2t6zA3BFk%2FtwEXrhosEBpTonqqgqaIuDOiU4jeMgRmvAuXmsrCWkenh5t9s6me"}],"group":"cf-nel","max_age":604800}', 'NEL': '{"success_fraction":0,"report_to":"cf-nel","max_age":604800}', 'Server': 'cloudflare', 'CF-RAY': '8703c491cba112b8-IAD', 'alt-svc': 'h3=":443"; ma=86400'} 
 body={"results":[{"gender":"male","name":{"title":"Mr","first":"Tymen","last":"Dogger"},"location":{"street":{"number":7201,"name":"Het Haf"},"city":"Schinveld","state":"Noord-Brabant","country":"Netherlands","postcode":"7403 PL","coordinates":{"latitude":"31.5752","longitude":"-54.7751"},"timezone":{"offset":"-11:00","description":"Midway Island, Samoa"}},"email":"tymen.dogger@example.com","login":{"uuid":"e20bbc93-1a77-460e-a599-ef6096c6605f","username":"purplemeercat912","password":"engage","salt":"hQDByc7N","md5":"2929d41c2270dbcc02eaeaeba34a6221","sha1":"86d4031c1473e0498dcf44279e40ea49d8eebdc9","sha256":"fb5f999044db007a2a20941464175d4fb38f3d17fc64dcf48b39d1ef17500692"},"dob":{"date":"1998-06-14T08:07:27.598Z","age":25},"registered":{"date":"2009-11-05T21:23:19.841Z","age":14},"phone":"(0914) 898576","cell":"(06) 64517066","id":{"name":"BSN","value":"39875012"},"picture":{"large":"https://randomuser.me/api/portraits/men/0.jpg","medium":"https://randomuser.me/api/portraits/med/men/0.jpg","thumbnail":"https://randomuser.me/api/portraits/thumb/men/0.jpg"},"nat":"NL"}],"info":{"seed":"66d1c3657f7e9cda","results":1,"page":1,"version":"1.4"}} 
 </msg>
<msg time="2024-04-06T18:16:14.399500" level="INFO">/opt/hostedtoolcache/Python/3.12.2/x64/lib/python3.12/site-packages/urllib3/connectionpool.py:1103: InsecureRequestWarning: Unverified HTTPS request is being made to host 'randomuser.me'. Adding certificate verification is strongly advised. See: https://urllib3.readthedocs.io/en/latest/advanced-usage.html#tls-warnings
  warnings.warn(</msg>
<msg time="2024-04-06T18:16:14.399636" level="INFO">${response} = &lt;Response [200]&gt;</msg>
<var>${response}</var>
<arg>consultarAPI</arg>
<arg>/api</arg>
<doc>Sends a GET request on a previously created HTTP Session.</doc>
<status status="PASS" start="2024-04-06T18:16:14.327257" elapsed="0.072423"/>
</kw>
<kw name="Should Be Equal As Numbers" owner="BuiltIn">
<msg time="2024-04-06T18:16:14.400658" level="INFO">Argument types are:
&lt;class 'int'&gt;
&lt;class 'str'&gt;</msg>
<arg>${response.status_code}</arg>
<arg>200</arg>
<doc>Fails if objects are unequal after converting them to real numbers.</doc>
<status status="PASS" start="2024-04-06T18:16:14.400206" elapsed="0.000543"/>
</kw>
<kw name="Log" owner="BuiltIn">
<msg time="2024-04-06T18:16:14.401437" level="INFO">200</msg>
<arg>${response.status_code}</arg>
<doc>Logs the given message with the given level.</doc>
<status status="PASS" start="2024-04-06T18:16:14.401086" elapsed="0.000393"/>
</kw>
<kw name="Set Variable" owner="BuiltIn">
<msg time="2024-04-06T18:16:14.402269" level="INFO">${json_data} = {'results': [{'gender': 'male', 'name': {'title': 'Mr', 'first': 'Tymen', 'last': 'Dogger'}, 'location': {'street': {'number': 7201, 'name': 'Het Haf'}, 'city': 'Schinveld', 'state': 'Noord-Brabant', ...</msg>
<var>${json_data}</var>
<arg>${response.json()}</arg>
<doc>Returns the given values which can then be assigned to a variables.</doc>
<status status="PASS" start="2024-04-06T18:16:14.401824" elapsed="0.000473"/>
</kw>
<kw name="Dictionary Should Contain Key" owner="Collections">
<msg time="2024-04-06T18:16:14.402770" level="INFO">False</msg>
<arg>${json_data}</arg>
<arg>results</arg>
<doc>Fails if ``key`` is not found from ``dictionary``.</doc>
<status status="PASS" start="2024-04-06T18:16:14.402598" elapsed="0.000210"/>
</kw>
<status status="PASS" start="2024-04-06T18:16:14.327003" elapsed="0.076062"/>
</kw>
<doc>Testa se a API responde corretamente e retorna um objeto JSON válido.</doc>
<tag>testeRequisicaoBasica</tag>
<status status="PASS" start="2024-04-06T18:16:14.326533" elapsed="0.076721"/>
</test>
<test id="s1-s1-t3" name="Validar estrutura de resposta" line="22">
<kw name="Teste de Estrutura de Resposta" owner="random-user-service">
<kw name="GET On Session" owner="RequestsLibrary">
<msg time="2024-04-06T18:16:14.497603" level="INFO">GET Request : url=https://randomuser.me/api 
 path_url=/api 
 headers={'User-Agent': 'python-requests/2.31.0', 'Accept-Encoding': 'gzip, deflate', 'Accept': '*/*', 'Connection': 'keep-alive'} 
 body=None 
 </msg>
<msg time="2024-04-06T18:16:14.497759" level="INFO">GET Response : url=https://randomuser.me/api 
 status=200, reason=OK 
 headers={'Date': 'Sat, 06 Apr 2024 18:16:14 GMT', 'Content-Type': 'application/json; charset=utf-8', 'Transfer-Encoding': 'chunked', 'Connection': 'keep-alive', 'X-Powered-By': 'Express', 'Access-Control-Allow-Origin': '*', 'Cache-Control': 'no-cache', 'ETag': 'W/"4b2-LLR6s9g/hyj1q1Tv3L5jKJNIB8c"', 'Vary': 'Accept-Encoding', 'Content-Encoding': 'gzip', 'CF-Cache-Status': 'DYNAMIC', 'Report-To': '{"endpoints":[{"url":"https:\\/\\/a.nel.cloudflare.com\\/report\\/v4?s=ZIoGFtLsmtQSv1UwGK20ruKuoAmK06x1845VrhokA8iP45paZJLzqEXxwe7BfZ1Q2OxBu7tgCRPXbTQChSYcni5RDCTDc0VORrmdNPhmfqsvGea432%2BpOD4KP4JHsQ0Q"}],"group":"cf-nel","max_age":604800}', 'NEL': '{"success_fraction":0,"report_to":"cf-nel","max_age":604800}', 'Server': 'cloudflare', 'CF-RAY': '8703c4920bcc12b8-IAD', 'alt-svc': 'h3=":443"; ma=86400'} 
 body={"results":[{"gender":"male","name":{"title":"Mr","first":"محمدمهدی","last":"كامياران"},"location":{"street":{"number":298,"name":"میدان 7 تیر"},"city":"ارومیه","state":"چهارمحال و بختیاری","country":"Iran","postcode":19698,"coordinates":{"latitude":"14.3121","longitude":"-23.5101"},"timezone":{"offset":"+5:30","description":"Bombay, Calcutta, Madras, New Delhi"}},"email":"mhmdmhdy.kmyrn@example.com","login":{"uuid":"c8b0a1b1-bd2d-4bfd-ac3e-5718c09ce30e","username":"bluewolf394","password":"rock","salt":"R2j2T9Zi","md5":"da592df94c7712c9bc2f22102131ec75","sha1":"b61c3df594ec802a0dca919bb8878072107ff682","sha256":"65a79fb301ed798f69b72e3428e35b18c25be992c33425dc211032ce581f96c6"},"dob":{"date":"1970-02-11T06:14:06.692Z","age":54},"registered":{"date":"2003-12-07T10:29:50.999Z","age":20},"phone":"080-67820883","cell":"0983-178-9054","id":{"name":"","value":null},"picture":{"large":"https://randomuser.me/api/portraits/men/52.jpg","medium":"https://randomuser.me/api/portraits/med/men/52.jpg","thumbnail":"https://randomuser.me/api/portraits/thumb/men/52.jpg"},"nat":"IR"}],"info":{"seed":"af30f3308d0233ca","results":1,"page":1,"version":"1.4"}} 
 </msg>
<msg time="2024-04-06T18:16:14.497980" level="INFO">/opt/hostedtoolcache/Python/3.12.2/x64/lib/python3.12/site-packages/urllib3/connectionpool.py:1103: InsecureRequestWarning: Unverified HTTPS request is being made to host 'randomuser.me'. Adding certificate verification is strongly advised. See: https://urllib3.readthedocs.io/en/latest/advanced-usage.html#tls-warnings
  warnings.warn(</msg>
<msg time="2024-04-06T18:16:14.498156" level="INFO">${response} = &lt;Response [200]&gt;</msg>
<var>${response}</var>
<arg>consultarAPI</arg>
<arg>/api</arg>
<doc>Sends a GET request on a previously created HTTP Session.</doc>
<status status="PASS" start="2024-04-06T18:16:14.406008" elapsed="0.092192"/>
</kw>
<kw name="Set Variable" owner="BuiltIn">
<msg time="2024-04-06T18:16:14.499774" level="INFO">${json_data} = {'results': [{'gender': 'male', 'name': {'title': 'Mr', 'first': 'محمدمهدی', 'last': 'كامياران'}, 'location': {'street': {'number': 298, 'name': 'میدان 7 تیر'}, 'city': 'ارومیه', 'state': 'چهارمحال و ...</msg>
<var>${json_data}</var>
<arg>${response.json()}</arg>
<doc>Returns the given values which can then be assigned to a variables.</doc>
<status status="PASS" start="2024-04-06T18:16:14.498912" elapsed="0.000915"/>
</kw>
<kw name="Log" owner="BuiltIn">
<msg time="2024-04-06T18:16:14.500603" level="INFO">{'results': [{'gender': 'male', 'name': {'title': 'Mr', 'first': 'محمدمهدی', 'last': 'كامياران'}, 'location': {'street': {'number': 298, 'name': 'میدان 7 تیر'}, 'city': 'ارومیه', 'state': 'چهارمحال و بختیاری', 'country': 'Iran', 'postcode': 19698, 'coordinates': {'latitude': '14.3121', 'longitude': '-23.5101'}, 'timezone': {'offset': '+5:30', 'description': 'Bombay, Calcutta, Madras, New Delhi'}}, 'email': 'mhmdmhdy.kmyrn@example.com', 'login': {'uuid': 'c8b0a1b1-bd2d-4bfd-ac3e-5718c09ce30e', 'username': 'bluewolf394', 'password': 'rock', 'salt': 'R2j2T9Zi', 'md5': 'da592df94c7712c9bc2f22102131ec75', 'sha1': 'b61c3df594ec802a0dca919bb8878072107ff682', 'sha256': '65a79fb301ed798f69b72e3428e35b18c25be992c33425dc211032ce581f96c6'}, 'dob': {'date': '1970-02-11T06:14:06.692Z', 'age': 54}, 'registered': {'date': '2003-12-07T10:29:50.999Z', 'age': 20}, 'phone': '080-67820883', 'cell': '0983-178-9054', 'id': {'name': '', 'value': None}, 'picture': {'large': 'https://randomuser.me/api/portraits/men/52.jpg', 'medium': 'https://randomuser.me/api/portraits/med/men/52.jpg', 'thumbnail': 'https://randomuser.me/api/portraits/thumb/men/52.jpg'}, 'nat': 'IR'}], 'info': {'seed': 'af30f3308d0233ca', 'results': 1, 'page': 1, 'version': '1.4'}}</msg>
<arg>${json_data}</arg>
<doc>Logs the given message with the given level.</doc>
<status status="PASS" start="2024-04-06T18:16:14.500335" elapsed="0.000388"/>
</kw>
<kw name="Dictionary Should Contain Key" owner="Collections">
<msg time="2024-04-06T18:16:14.501469" level="INFO">False</msg>
<arg>${json_data}</arg>
<arg>results</arg>
<doc>Fails if ``key`` is not found from ``dictionary``.</doc>
<status status="PASS" start="2024-04-06T18:16:14.501213" elapsed="0.000323"/>
</kw>
<kw name="Should Not Be Empty" owner="BuiltIn">
<msg time="2024-04-06T18:16:14.502249" level="INFO">Length is 2.</msg>
<arg>${json_data}</arg>
<doc>Verifies that the given item is not empty.</doc>
<status status="PASS" start="2024-04-06T18:16:14.502028" elapsed="0.000290"/>
</kw>
<kw name="Create List" owner="BuiltIn">
<msg time="2024-04-06T18:16:14.503012" level="INFO">${expected_keys} = ['gender', 'name', 'location', 'email', 'login']</msg>
<var>${expected_keys}</var>
<arg>gender</arg>
<arg>name</arg>
<arg>location</arg>
<arg>email</arg>
<arg>login</arg>
<doc>Returns a list containing given items.</doc>
<status status="PASS" start="2024-04-06T18:16:14.502770" elapsed="0.000282"/>
</kw>
<for flavor="IN">
<iter>
<kw name="Dictionary Should Contain Key" owner="Collections">
<msg time="2024-04-06T18:16:14.504475" level="INFO">False</msg>
<arg>${json_data['results'][0]}</arg>
<arg>${key}</arg>
<doc>Fails if ``key`` is not found from ``dictionary``.</doc>
<status status="PASS" start="2024-04-06T18:16:14.503892" elapsed="0.000642"/>
</kw>
<kw name="Log" owner="BuiltIn">
<msg time="2024-04-06T18:16:14.505573" level="INFO">{'gender': 'male', 'name': {'title': 'Mr', 'first': 'محمدمهدی', 'last': 'كامياران'}, 'location': {'street': {'number': 298, 'name': 'میدان 7 تیر'}, 'city': 'ارومیه', 'state': 'چهارمحال و بختیاری', 'country': 'Iran', 'postcode': 19698, 'coordinates': {'latitude': '14.3121', 'longitude': '-23.5101'}, 'timezone': {'offset': '+5:30', 'description': 'Bombay, Calcutta, Madras, New Delhi'}}, 'email': 'mhmdmhdy.kmyrn@example.com', 'login': {'uuid': 'c8b0a1b1-bd2d-4bfd-ac3e-5718c09ce30e', 'username': 'bluewolf394', 'password': 'rock', 'salt': 'R2j2T9Zi', 'md5': 'da592df94c7712c9bc2f22102131ec75', 'sha1': 'b61c3df594ec802a0dca919bb8878072107ff682', 'sha256': '65a79fb301ed798f69b72e3428e35b18c25be992c33425dc211032ce581f96c6'}, 'dob': {'date': '1970-02-11T06:14:06.692Z', 'age': 54}, 'registered': {'date': '2003-12-07T10:29:50.999Z', 'age': 20}, 'phone': '080-67820883', 'cell': '0983-178-9054', 'id': {'name': '', 'value': None}, 'picture': {'large': 'https://randomuser.me/api/portraits/men/52.jpg', 'medium': 'https://randomuser.me/api/portraits/med/men/52.jpg', 'thumbnail': 'https://randomuser.me/api/portraits/thumb/men/52.jpg'}, 'nat': 'IR'}</msg>
<arg>${json_data['results'][0]}</arg>
<doc>Logs the given message with the given level.</doc>
<status status="PASS" start="2024-04-06T18:16:14.505018" elapsed="0.000636"/>
</kw>
<kw name="Log" owner="BuiltIn">
<msg time="2024-04-06T18:16:14.506277" level="INFO">gender</msg>
<arg>${key}</arg>
<doc>Logs the given message with the given level.</doc>
<status status="PASS" start="2024-04-06T18:16:14.506089" elapsed="0.000245"/>
</kw>
<var name="${key}">gender</var>
<status status="PASS" start="2024-04-06T18:16:14.503709" elapsed="0.002943"/>
</iter>
<iter>
<kw name="Dictionary Should Contain Key" owner="Collections">
<msg time="2024-04-06T18:16:14.507682" level="INFO">False</msg>
<arg>${json_data['results'][0]}</arg>
<arg>${key}</arg>
<doc>Fails if ``key`` is not found from ``dictionary``.</doc>
<status status="PASS" start="2024-04-06T18:16:14.507079" elapsed="0.000708"/>
</kw>
<kw name="Log" owner="BuiltIn">
<msg time="2024-04-06T18:16:14.508821" level="INFO">{'gender': 'male', 'name': {'title': 'Mr', 'first': 'محمدمهدی', 'last': 'كامياران'}, 'location': {'street': {'number': 298, 'name': 'میدان 7 تیر'}, 'city': 'ارومیه', 'state': 'چهارمحال و بختیاری', 'country': 'Iran', 'postcode': 19698, 'coordinates': {'latitude': '14.3121', 'longitude': '-23.5101'}, 'timezone': {'offset': '+5:30', 'description': 'Bombay, Calcutta, Madras, New Delhi'}}, 'email': 'mhmdmhdy.kmyrn@example.com', 'login': {'uuid': 'c8b0a1b1-bd2d-4bfd-ac3e-5718c09ce30e', 'username': 'bluewolf394', 'password': 'rock', 'salt': 'R2j2T9Zi', 'md5': 'da592df94c7712c9bc2f22102131ec75', 'sha1': 'b61c3df594ec802a0dca919bb8878072107ff682', 'sha256': '65a79fb301ed798f69b72e3428e35b18c25be992c33425dc211032ce581f96c6'}, 'dob': {'date': '1970-02-11T06:14:06.692Z', 'age': 54}, 'registered': {'date': '2003-12-07T10:29:50.999Z', 'age': 20}, 'phone': '080-67820883', 'cell': '0983-178-9054', 'id': {'name': '', 'value': None}, 'picture': {'large': 'https://randomuser.me/api/portraits/men/52.jpg', 'medium': 'https://randomuser.me/api/portraits/med/men/52.jpg', 'thumbnail': 'https://randomuser.me/api/portraits/thumb/men/52.jpg'}, 'nat': 'IR'}</msg>
<arg>${json_data['results'][0]}</arg>
<doc>Logs the given message with the given level.</doc>
<status status="PASS" start="2024-04-06T18:16:14.508231" elapsed="0.000676"/>
</kw>
<kw name="Log" owner="BuiltIn">
<msg time="2024-04-06T18:16:14.509607" level="INFO">name</msg>
<arg>${key}</arg>
<doc>Logs the given message with the given level.</doc>
<status status="PASS" start="2024-04-06T18:16:14.509396" elapsed="0.000283"/>
</kw>
<var name="${key}">name</var>
<status status="PASS" start="2024-04-06T18:16:14.506918" elapsed="0.003123"/>
</iter>
<iter>
<kw name="Dictionary Should Contain Key" owner="Collections">
<msg time="2024-04-06T18:16:14.511223" level="INFO">False</msg>
<arg>${json_data['results'][0]}</arg>
<arg>${key}</arg>
<doc>Fails if ``key`` is not found from ``dictionary``.</doc>
<status status="PASS" start="2024-04-06T18:16:14.510551" elapsed="0.000740"/>
</kw>
<kw name="Log" owner="BuiltIn">
<msg time="2024-04-06T18:16:14.512405" level="INFO">{'gender': 'male', 'name': {'title': 'Mr', 'first': 'محمدمهدی', 'last': 'كامياران'}, 'location': {'street': {'number': 298, 'name': 'میدان 7 تیر'}, 'city': 'ارومیه', 'state': 'چهارمحال و بختیاری', 'country': 'Iran', 'postcode': 19698, 'coordinates': {'latitude': '14.3121', 'longitude': '-23.5101'}, 'timezone': {'offset': '+5:30', 'description': 'Bombay, Calcutta, Madras, New Delhi'}}, 'email': 'mhmdmhdy.kmyrn@example.com', 'login': {'uuid': 'c8b0a1b1-bd2d-4bfd-ac3e-5718c09ce30e', 'username': 'bluewolf394', 'password': 'rock', 'salt': 'R2j2T9Zi', 'md5': 'da592df94c7712c9bc2f22102131ec75', 'sha1': 'b61c3df594ec802a0dca919bb8878072107ff682', 'sha256': '65a79fb301ed798f69b72e3428e35b18c25be992c33425dc211032ce581f96c6'}, 'dob': {'date': '1970-02-11T06:14:06.692Z', 'age': 54}, 'registered': {'date': '2003-12-07T10:29:50.999Z', 'age': 20}, 'phone': '080-67820883', 'cell': '0983-178-9054', 'id': {'name': '', 'value': None}, 'picture': {'large': 'https://randomuser.me/api/portraits/men/52.jpg', 'medium': 'https://randomuser.me/api/portraits/med/men/52.jpg', 'thumbnail': 'https://randomuser.me/api/portraits/thumb/men/52.jpg'}, 'nat': 'IR'}</msg>
<arg>${json_data['results'][0]}</arg>
<doc>Logs the given message with the given level.</doc>
<status status="PASS" start="2024-04-06T18:16:14.511788" elapsed="0.000708"/>
</kw>
<kw name="Log" owner="BuiltIn">
<msg time="2024-04-06T18:16:14.513172" level="INFO">location</msg>
<arg>${key}</arg>
<doc>Logs the given message with the given level.</doc>
<status status="PASS" start="2024-04-06T18:16:14.512990" elapsed="0.000235"/>
</kw>
<var name="${key}">location</var>
<status status="PASS" start="2024-04-06T18:16:14.510355" elapsed="0.003121"/>
</iter>
<iter>
<kw name="Dictionary Should Contain Key" owner="Collections">
<msg time="2024-04-06T18:16:14.514263" level="INFO">False</msg>
<arg>${json_data['results'][0]}</arg>
<arg>${key}</arg>
<doc>Fails if ``key`` is not found from ``dictionary``.</doc>
<status status="PASS" start="2024-04-06T18:16:14.513778" elapsed="0.000527"/>
</kw>
<kw name="Log" owner="BuiltIn">
<msg time="2024-04-06T18:16:14.515008" level="INFO">{'gender': 'male', 'name': {'title': 'Mr', 'first': 'محمدمهدی', 'last': 'كامياران'}, 'location': {'street': {'number': 298, 'name': 'میدان 7 تیر'}, 'city': 'ارومیه', 'state': 'چهارمحال و بختیاری', 'country': 'Iran', 'postcode': 19698, 'coordinates': {'latitude': '14.3121', 'longitude': '-23.5101'}, 'timezone': {'offset': '+5:30', 'description': 'Bombay, Calcutta, Madras, New Delhi'}}, 'email': 'mhmdmhdy.kmyrn@example.com', 'login': {'uuid': 'c8b0a1b1-bd2d-4bfd-ac3e-5718c09ce30e', 'username': 'bluewolf394', 'password': 'rock', 'salt': 'R2j2T9Zi', 'md5': 'da592df94c7712c9bc2f22102131ec75', 'sha1': 'b61c3df594ec802a0dca919bb8878072107ff682', 'sha256': '65a79fb301ed798f69b72e3428e35b18c25be992c33425dc211032ce581f96c6'}, 'dob': {'date': '1970-02-11T06:14:06.692Z', 'age': 54}, 'registered': {'date': '2003-12-07T10:29:50.999Z', 'age': 20}, 'phone': '080-67820883', 'cell': '0983-178-9054', 'id': {'name': '', 'value': None}, 'picture': {'large': 'https://randomuser.me/api/portraits/men/52.jpg', 'medium': 'https://randomuser.me/api/portraits/med/men/52.jpg', 'thumbnail': 'https://randomuser.me/api/portraits/thumb/men/52.jpg'}, 'nat': 'IR'}</msg>
<arg>${json_data['results'][0]}</arg>
<doc>Logs the given message with the given level.</doc>
<status status="PASS" start="2024-04-06T18:16:14.514628" elapsed="0.000432"/>
</kw>
<kw name="Log" owner="BuiltIn">
<msg time="2024-04-06T18:16:14.515500" level="INFO">email</msg>
<arg>${key}</arg>
<doc>Logs the given message with the given level.</doc>
<status status="PASS" start="2024-04-06T18:16:14.515367" elapsed="0.000171"/>
</kw>
<var name="${key}">email</var>
<status status="PASS" start="2024-04-06T18:16:14.513661" elapsed="0.002099"/>
</iter>
<iter>
<kw name="Dictionary Should Contain Key" owner="Collections">
<msg time="2024-04-06T18:16:14.516480" level="INFO">False</msg>
<arg>${json_data['results'][0]}</arg>
<arg>${key}</arg>
<doc>Fails if ``key`` is not found from ``dictionary``.</doc>
<status status="PASS" start="2024-04-06T18:16:14.516075" elapsed="0.000445"/>
</kw>
<kw name="Log" owner="BuiltIn">
<msg time="2024-04-06T18:16:14.517245" level="INFO">{'gender': 'male', 'name': {'title': 'Mr', 'first': 'محمدمهدی', 'last': 'كامياران'}, 'location': {'street': {'number': 298, 'name': 'میدان 7 تیر'}, 'city': 'ارومیه', 'state': 'چهارمحال و بختیاری', 'country': 'Iran', 'postcode': 19698, 'coordinates': {'latitude': '14.3121', 'longitude': '-23.5101'}, 'timezone': {'offset': '+5:30', 'description': 'Bombay, Calcutta, Madras, New Delhi'}}, 'email': 'mhmdmhdy.kmyrn@example.com', 'login': {'uuid': 'c8b0a1b1-bd2d-4bfd-ac3e-5718c09ce30e', 'username': 'bluewolf394', 'password': 'rock', 'salt': 'R2j2T9Zi', 'md5': 'da592df94c7712c9bc2f22102131ec75', 'sha1': 'b61c3df594ec802a0dca919bb8878072107ff682', 'sha256': '65a79fb301ed798f69b72e3428e35b18c25be992c33425dc211032ce581f96c6'}, 'dob': {'date': '1970-02-11T06:14:06.692Z', 'age': 54}, 'registered': {'date': '2003-12-07T10:29:50.999Z', 'age': 20}, 'phone': '080-67820883', 'cell': '0983-178-9054', 'id': {'name': '', 'value': None}, 'picture': {'large': 'https://randomuser.me/api/portraits/men/52.jpg', 'medium': 'https://randomuser.me/api/portraits/med/men/52.jpg', 'thumbnail': 'https://randomuser.me/api/portraits/thumb/men/52.jpg'}, 'nat': 'IR'}</msg>
<arg>${json_data['results'][0]}</arg>
<doc>Logs the given message with the given level.</doc>
<status status="PASS" start="2024-04-06T18:16:14.516854" elapsed="0.000445"/>
</kw>
<kw name="Log" owner="BuiltIn">
<msg time="2024-04-06T18:16:14.517777" level="INFO">login</msg>
<arg>${key}</arg>
<doc>Logs the given message with the given level.</doc>
<status status="PASS" start="2024-04-06T18:16:14.517640" elapsed="0.000289"/>
</kw>
<var name="${key}">login</var>
<status status="PASS" start="2024-04-06T18:16:14.515944" elapsed="0.002218"/>
</iter>
<var>${key}</var>
<value>@{expected_keys}</value>
<status status="PASS" start="2024-04-06T18:16:14.503441" elapsed="0.014847"/>
</for>
<kw name="Create List" owner="BuiltIn">
<msg time="2024-04-06T18:16:14.518630" level="INFO">${expected_keysTwo} = ['username', 'password']</msg>
<var>${expected_keysTwo}</var>
<arg>username</arg>
<arg>password</arg>
<doc>Returns a list containing given items.</doc>
<status status="PASS" start="2024-04-06T18:16:14.518488" elapsed="0.000167"/>
</kw>
<for flavor="IN">
<iter>
<kw name="Dictionary Should Contain Key" owner="Collections">
<msg time="2024-04-06T18:16:14.519558" level="INFO">False</msg>
<arg>${json_data['results'][0]['login']}</arg>
<arg>${keyTwo}</arg>
<doc>Fails if ``key`` is not found from ``dictionary``.</doc>
<status status="PASS" start="2024-04-06T18:16:14.519169" elapsed="0.000428"/>
</kw>
<kw name="Dictionary Should Contain Key" owner="Collections">
<msg time="2024-04-06T18:16:14.520287" level="INFO">False</msg>
<arg>${json_data['results'][0]['login']}</arg>
<arg>${keyTwo}</arg>
<doc>Fails if ``key`` is not found from ``dictionary``.</doc>
<status status="PASS" start="2024-04-06T18:16:14.519906" elapsed="0.000420"/>
</kw>
<kw name="Log" owner="BuiltIn">
<msg time="2024-04-06T18:16:14.520795" level="INFO">username</msg>
<arg>${keyTwo}</arg>
<doc>Logs the given message with the given level.</doc>
<status status="PASS" start="2024-04-06T18:16:14.520622" elapsed="0.000215"/>
</kw>
<var name="${keyTwo}">username</var>
<status status="PASS" start="2024-04-06T18:16:14.519056" elapsed="0.002018"/>
</iter>
<iter>
<kw name="Dictionary Should Contain Key" owner="Collections">
<msg time="2024-04-06T18:16:14.521737" level="INFO">False</msg>
<arg>${json_data['results'][0]['login']}</arg>
<arg>${keyTwo}</arg>
<doc>Fails if ``key`` is not found from ``dictionary``.</doc>
<status status="PASS" start="2024-04-06T18:16:14.521358" elapsed="0.000417"/>
</kw>
<kw name="Dictionary Should Contain Key" owner="Collections">
<msg time="2024-04-06T18:16:14.522446" level="INFO">False</msg>
<arg>${json_data['results'][0]['login']}</arg>
<arg>${keyTwo}</arg>
<doc>Fails if ``key`` is not found from ``dictionary``.</doc>
<status status="PASS" start="2024-04-06T18:16:14.522071" elapsed="0.000412"/>
</kw>
<kw name="Log" owner="BuiltIn">
<msg time="2024-04-06T18:16:14.522908" level="INFO">password</msg>
<arg>${keyTwo}</arg>
<doc>Logs the given message with the given level.</doc>
<status status="PASS" start="2024-04-06T18:16:14.522778" elapsed="0.000169"/>
</kw>
<var name="${keyTwo}">password</var>
<status status="PASS" start="2024-04-06T18:16:14.521247" elapsed="0.001924"/>
</iter>
<var>${keyTwo}</var>
<value>@{expected_keysTwo}</value>
<status status="PASS" start="2024-04-06T18:16:14.518899" elapsed="0.004393"/>
</for>
<status status="PASS" start="2024-04-06T18:16:14.405770" elapsed="0.117665"/>
</kw>
<doc>Testa a estrutura da resposta da API.</doc>
<tag>testeEstruturaResposta</tag>
<status status="PASS" start="2024-04-06T18:16:14.405112" elapsed="0.118491"/>
</test>
<test id="s1-s1-t4" name="Validar tipos de dados" line="28">
<kw name="Teste de Tipos de Dados" owner="random-user-service">
<kw name="GET On Session" owner="RequestsLibrary">
<msg time="2024-04-06T18:16:14.638791" level="INFO">GET Request : url=https://randomuser.me/api 
 path_url=/api 
 headers={'User-Agent': 'python-requests/2.31.0', 'Accept-Encoding': 'gzip, deflate', 'Accept': '*/*', 'Connection': 'keep-alive'} 
 body=None 
 </msg>
<msg time="2024-04-06T18:16:14.638891" level="INFO">GET Response : url=https://randomuser.me/api 
 status=200, reason=OK 
 headers={'Date': 'Sat, 06 Apr 2024 18:16:14 GMT', 'Content-Type': 'application/json; charset=utf-8', 'Transfer-Encoding': 'chunked', 'Connection': 'keep-alive', 'X-Powered-By': 'Express', 'Access-Control-Allow-Origin': '*', 'Cache-Control': 'no-cache', 'ETag': 'W/"4a1-JxwOsxSoDKPqgBNlJQxWfej001E"', 'Vary': 'Accept-Encoding', 'Content-Encoding': 'gzip', 'CF-Cache-Status': 'DYNAMIC', 'Report-To': '{"endpoints":[{"url":"https:\\/\\/a.nel.cloudflare.com\\/report\\/v4?s=%2F3meT1GuJLWBsjWcMC%2BU6nq1T%2FqK0VZR%2FY42Qz%2BZBJKqf8e9DxoKkcNbvC57Bwio%2Fua%2BGhEqFbqLij8LTk%2Bfui0H%2BGoPmD0TvZZEQIZII9uW9XWC9b0r7AJLhm4Ev48z"}],"group":"cf-nel","max_age":604800}', 'NEL': '{"success_fraction":0,"report_to":"cf-nel","max_age":604800}', 'Server': 'cloudflare', 'CF-RAY': '8703c492cc5412b8-IAD', 'alt-svc': 'h3=":443"; ma=86400'} 
 body={"results":[{"gender":"male","name":{"title":"Mr","first":"Timothee","last":"Lefevre"},"location":{"street":{"number":5742,"name":"Avenue Debourg"},"city":"Saint-Étienne","state":"Haute-Vienne","country":"France","postcode":28383,"coordinates":{"latitude":"-16.6605","longitude":"-0.7727"},"timezone":{"offset":"+5:30","description":"Bombay, Calcutta, Madras, New Delhi"}},"email":"timothee.lefevre@example.com","login":{"uuid":"f8b90d63-8155-4262-be62-82601d71d564","username":"happycat597","password":"tyler","salt":"Hexulzhm","md5":"9c67555de0f8c26b06b6fe7cde610a2b","sha1":"b87150eb48953ad6e5f3d4f67eff99a94a2840be","sha256":"52e9ec608c1e84b207a2c96bf4030f23f2205996b0aa165cadafbc7b0caa4cf6"},"dob":{"date":"1953-12-09T06:03:00.402Z","age":70},"registered":{"date":"2010-10-17T12:07:05.788Z","age":13},"phone":"01-84-08-34-29","cell":"06-50-61-48-77","id":{"name":"INSEE","value":"1531121738017 25"},"picture":{"large":"https://randomuser.me/api/portraits/men/4.jpg","medium":"https://randomuser.me/api/portraits/med/men/4.jpg","thumbnail":"https://randomuser.me/api/portraits/thumb/men/4.jpg"},"nat":"FR"}],"info":{"seed":"219ecb9c31642588","results":1,"page":1,"version":"1.4"}} 
 </msg>
<msg time="2024-04-06T18:16:14.638962" level="INFO">/opt/hostedtoolcache/Python/3.12.2/x64/lib/python3.12/site-packages/urllib3/connectionpool.py:1103: InsecureRequestWarning: Unverified HTTPS request is being made to host 'randomuser.me'. Adding certificate verification is strongly advised. See: https://urllib3.readthedocs.io/en/latest/advanced-usage.html#tls-warnings
  warnings.warn(</msg>
<msg time="2024-04-06T18:16:14.639102" level="INFO">${response} = &lt;Response [200]&gt;</msg>
<var>${response}</var>
<arg>consultarAPI</arg>
<arg>/api</arg>
<doc>Sends a GET request on a previously created HTTP Session.</doc>
<status status="PASS" start="2024-04-06T18:16:14.526228" elapsed="0.112905"/>
</kw>
<kw name="Set Variable" owner="BuiltIn">
<msg time="2024-04-06T18:16:14.640143" level="INFO">${json_data} = {'results': [{'gender': 'male', 'name': {'title': 'Mr', 'first': 'Timothee', 'last': 'Lefevre'}, 'location': {'street': {'number': 5742, 'name': 'Avenue Debourg'}, 'city': 'Saint-Étienne', 'state': 'H...</msg>
<var>${json_data}</var>
<arg>${response.json()}</arg>
<doc>Returns the given values which can then be assigned to a variables.</doc>
<status status="PASS" start="2024-04-06T18:16:14.639634" elapsed="0.000538"/>
</kw>
<kw name="Log" owner="BuiltIn">
<msg time="2024-04-06T18:16:14.640647" level="INFO">{'results': [{'gender': 'male', 'name': {'title': 'Mr', 'first': 'Timothee', 'last': 'Lefevre'}, 'location': {'street': {'number': 5742, 'name': 'Avenue Debourg'}, 'city': 'Saint-Étienne', 'state': 'Haute-Vienne', 'country': 'France', 'postcode': 28383, 'coordinates': {'latitude': '-16.6605', 'longitude': '-0.7727'}, 'timezone': {'offset': '+5:30', 'description': 'Bombay, Calcutta, Madras, New Delhi'}}, 'email': 'timothee.lefevre@example.com', 'login': {'uuid': 'f8b90d63-8155-4262-be62-82601d71d564', 'username': 'happycat597', 'password': 'tyler', 'salt': 'Hexulzhm', 'md5': '9c67555de0f8c26b06b6fe7cde610a2b', 'sha1': 'b87150eb48953ad6e5f3d4f67eff99a94a2840be', 'sha256': '52e9ec608c1e84b207a2c96bf4030f23f2205996b0aa165cadafbc7b0caa4cf6'}, 'dob': {'date': '1953-12-09T06:03:00.402Z', 'age': 70}, 'registered': {'date': '2010-10-17T12:07:05.788Z', 'age': 13}, 'phone': '01-84-08-34-29', 'cell': '06-50-61-48-77', 'id': {'name': 'INSEE', 'value': '1531121738017 25'}, 'picture': {'large': 'https://randomuser.me/api/portraits/men/4.jpg', 'medium': 'https://randomuser.me/api/portraits/med/men/4.jpg', 'thumbnail': 'https://randomuser.me/api/portraits/thumb/men/4.jpg'}, 'nat': 'FR'}], 'info': {'seed': '219ecb9c31642588', 'results': 1, 'page': 1, 'version': '1.4'}}</msg>
<arg>${json_data}</arg>
<doc>Logs the given message with the given level.</doc>
<status status="PASS" start="2024-04-06T18:16:14.640480" elapsed="0.000298"/>
</kw>
<kw name="Should Be String" owner="String">
<arg>${json_data['results'][0]['gender']}</arg>
<doc>Fails if the given ``item`` is not a string.</doc>
<status status="PASS" start="2024-04-06T18:16:14.641088" elapsed="0.000364"/>
</kw>
<kw name="Should Match Regexp" owner="BuiltIn">
<arg>${json_data['results'][0]['email']}</arg>
<arg>^[a-zA-Z0-9._%+-]+@[a-zA-Z0-9.-]+\.[a-zA-Z]{2,}$</arg>
<doc>Fails if ``string`` does not match ``pattern`` as a regular expression.</doc>
<status status="PASS" start="2024-04-06T18:16:14.641645" elapsed="0.000523"/>
</kw>
<kw name="Should Match Regexp" owner="BuiltIn">
<arg>${json_data['results'][0]['dob']['date']}</arg>
<arg>\\d{4}-\\d{2}-\\d{2}T\\d{2}:\\d{2}:\\d{2}\\.\\d{3}Z</arg>
<doc>Fails if ``string`` does not match ``pattern`` as a regular expression.</doc>
<status status="PASS" start="2024-04-06T18:16:14.642372" elapsed="0.000487"/>
</kw>
<kw name="Should Match Regexp" owner="BuiltIn">
<arg>${json_data['results'][0]['registered']['date']}</arg>
<arg>\\d{4}-\\d{2}-\\d{2}T\\d{2}:\\d{2}:\\d{2}\\.\\d{3}Z</arg>
<doc>Fails if ``string`` does not match ``pattern`` as a regular expression.</doc>
<status status="PASS" start="2024-04-06T18:16:14.643049" elapsed="0.000365"/>
</kw>
<kw name="Should Match Regexp" owner="BuiltIn">
<arg>${json_data['results'][0]['picture']['large']}</arg>
<arg>^https?://.*\.(?:png|jpe?g|gif|bmp)$</arg>
<doc>Fails if ``string`` does not match ``pattern`` as a regular expression.</doc>
<status status="PASS" start="2024-04-06T18:16:14.643598" elapsed="0.000449"/>
</kw>
<kw name="Should Match Regexp" owner="BuiltIn">
<arg>${json_data['results'][0]['picture']['medium']}</arg>
<arg>^https?://.*\.(?:png|jpe?g|gif|bmp)$</arg>
<doc>Fails if ``string`` does not match ``pattern`` as a regular expression.</doc>
<status status="PASS" start="2024-04-06T18:16:14.644238" elapsed="0.000349"/>
</kw>
<kw name="Should Match Regexp" owner="BuiltIn">
<arg>${json_data['results'][0]['picture']['thumbnail']}</arg>
<arg>^https?://.*\.(?:png|jpe?g|gif|bmp)$</arg>
<doc>Fails if ``string`` does not match ``pattern`` as a regular expression.</doc>
<status status="PASS" start="2024-04-06T18:16:14.644792" elapsed="0.000364"/>
</kw>
<kw name="Log" owner="BuiltIn">
<msg time="2024-04-06T18:16:14.645655" level="INFO">{'large': 'https://randomuser.me/api/portraits/men/4.jpg', 'medium': 'https://randomuser.me/api/portraits/med/men/4.jpg', 'thumbnail': 'https://randomuser.me/api/portraits/thumb/men/4.jpg'}</msg>
<arg>${json_data['results'][0]['picture']}</arg>
<doc>Logs the given message with the given level.</doc>
<status status="PASS" start="2024-04-06T18:16:14.645336" elapsed="0.000361"/>
</kw>
<status status="PASS" start="2024-04-06T18:16:14.525985" elapsed="0.119968"/>
</kw>
<kw name="Teste de Tipos de Dados - Postcode" owner="random-user-service">
<kw name="GET On Session" owner="RequestsLibrary">
<msg time="2024-04-06T18:16:14.883139" level="INFO">GET Request : url=https://randomuser.me/api 
 path_url=/api 
 headers={'User-Agent': 'python-requests/2.31.0', 'Accept-Encoding': 'gzip, deflate', 'Accept': '*/*', 'Connection': 'keep-alive'} 
 body=None 
 </msg>
<msg time="2024-04-06T18:16:14.883237" level="INFO">GET Response : url=https://randomuser.me/api 
 status=200, reason=OK 
 headers={'Date': 'Sat, 06 Apr 2024 18:16:14 GMT', 'Content-Type': 'application/json; charset=utf-8', 'Transfer-Encoding': 'chunked', 'Connection': 'keep-alive', 'X-Powered-By': 'Express', 'Access-Control-Allow-Origin': '*', 'Cache-Control': 'no-cache', 'ETag': 'W/"47d-UvxA+dw/ikRjYt51V0ynFDTn7JM"', 'Vary': 'Accept-Encoding', 'Content-Encoding': 'gzip', 'CF-Cache-Status': 'DYNAMIC', 'Report-To': '{"endpoints":[{"url":"https:\\/\\/a.nel.cloudflare.com\\/report\\/v4?s=qbfLWuLGMvBe6ubcCtbW7dvCxAqQ2Pwlrdi%2Bv%2BZIKMNgBJ%2FkImjzPLYdCuCysWkfMAJFRFwbajoeJ4BfcNcGQ5vr0DAxyBX7nElxnyPCtLBf%2Fcj89GTylTkp4JQT1x5o"}],"group":"cf-nel","max_age":604800}', 'NEL': '{"success_fraction":0,"report_to":"cf-nel","max_age":604800}', 'Server': 'cloudflare', 'CF-RAY': '8703c4938cd412b8-IAD', 'alt-svc': 'h3=":443"; ma=86400'} 
 body={"results":[{"gender":"female","name":{"title":"Mrs","first":"Yashodha","last":"Saniel"},"location":{"street":{"number":8665,"name":"Janpath"},"city":"Moradabad","state":"Jammu and Kashmir","country":"India","postcode":64130,"coordinates":{"latitude":"4.8826","longitude":"68.6478"},"timezone":{"offset":"-10:00","description":"Hawaii"}},"email":"yashodha.saniel@example.com","login":{"uuid":"fc61d596-9b9f-40dd-b87d-4d72e252c9c4","username":"ticklishfish844","password":"iiiii","salt":"TL0c22TI","md5":"1cc84a6fdfb99de6fbb7f575de3f98a0","sha1":"6d5d9407cc27611025d7f4df627e7d9b5c9a5494","sha256":"0c0c38e809ddc733383441bb2b10f5ef789cdf35204680c24252732e9db30616"},"dob":{"date":"1972-05-19T11:23:21.600Z","age":51},"registered":{"date":"2005-12-02T14:28:32.907Z","age":18},"phone":"7317582267","cell":"9159358361","id":{"name":"UIDAI","value":"545032487398"},"picture":{"large":"https://randomuser.me/api/portraits/women/89.jpg","medium":"https://randomuser.me/api/portraits/med/women/89.jpg","thumbnail":"https://randomuser.me/api/portraits/thumb/women/89.jpg"},"nat":"IN"}],"info":{"seed":"769c8a478d059f01","results":1,"page":1,"version":"1.4"}} 
 </msg>
<msg time="2024-04-06T18:16:14.883326" level="INFO">/opt/hostedtoolcache/Python/3.12.2/x64/lib/python3.12/site-packages/urllib3/connectionpool.py:1103: InsecureRequestWarning: Unverified HTTPS request is being made to host 'randomuser.me'. Adding certificate verification is strongly advised. See: https://urllib3.readthedocs.io/en/latest/advanced-usage.html#tls-warnings
  warnings.warn(</msg>
<msg time="2024-04-06T18:16:14.883465" level="INFO">${response} = &lt;Response [200]&gt;</msg>
<var>${response}</var>
<arg>consultarAPI</arg>
<arg>/api</arg>
<doc>Sends a GET request on a previously created HTTP Session.</doc>
<status status="PASS" start="2024-04-06T18:16:14.646570" elapsed="0.236938"/>
</kw>
<kw name="Set Variable" owner="BuiltIn">
<msg time="2024-04-06T18:16:14.884537" level="INFO">${json_data} = {'results': [{'gender': 'female', 'name': {'title': 'Mrs', 'first': 'Yashodha', 'last': 'Saniel'}, 'location': {'street': {'number': 8665, 'name': 'Janpath'}, 'city': 'Moradabad', 'state': 'Jammu and ...</msg>
<var>${json_data}</var>
<arg>${response.json()}</arg>
<doc>Returns the given values which can then be assigned to a variables.</doc>
<status status="PASS" start="2024-04-06T18:16:14.884033" elapsed="0.000531"/>
</kw>
<kw name="Log" owner="BuiltIn">
<msg time="2024-04-06T18:16:14.885088" level="INFO">{'results': [{'gender': 'female', 'name': {'title': 'Mrs', 'first': 'Yashodha', 'last': 'Saniel'}, 'location': {'street': {'number': 8665, 'name': 'Janpath'}, 'city': 'Moradabad', 'state': 'Jammu and Kashmir', 'country': 'India', 'postcode': 64130, 'coordinates': {'latitude': '4.8826', 'longitude': '68.6478'}, 'timezone': {'offset': '-10:00', 'description': 'Hawaii'}}, 'email': 'yashodha.saniel@example.com', 'login': {'uuid': 'fc61d596-9b9f-40dd-b87d-4d72e252c9c4', 'username': 'ticklishfish844', 'password': 'iiiii', 'salt': 'TL0c22TI', 'md5': '1cc84a6fdfb99de6fbb7f575de3f98a0', 'sha1': '6d5d9407cc27611025d7f4df627e7d9b5c9a5494', 'sha256': '0c0c38e809ddc733383441bb2b10f5ef789cdf35204680c24252732e9db30616'}, 'dob': {'date': '1972-05-19T11:23:21.600Z', 'age': 51}, 'registered': {'date': '2005-12-02T14:28:32.907Z', 'age': 18}, 'phone': '7317582267', 'cell': '9159358361', 'id': {'name': 'UIDAI', 'value': '545032487398'}, 'picture': {'large': 'https://randomuser.me/api/portraits/women/89.jpg', 'medium': 'https://randomuser.me/api/portraits/med/women/89.jpg', 'thumbnail': 'https://randomuser.me/api/portraits/thumb/women/89.jpg'}, 'nat': 'IN'}], 'info': {'seed': '769c8a478d059f01', 'results': 1, 'page': 1, 'version': '1.4'}}</msg>
<arg>${json_data}</arg>
<doc>Logs the given message with the given level.</doc>
<status status="PASS" start="2024-04-06T18:16:14.884926" elapsed="0.000252"/>
</kw>
<kw name="Should Be Equal As Numbers" owner="BuiltIn">
<arg>${json_data['results'][0]['location']['postcode']}</arg>
<arg>${json_data['results'][0]['location']['postcode']}</arg>
<doc>Fails if objects are unequal after converting them to real numbers.</doc>
<status status="PASS" start="2024-04-06T18:16:14.885479" elapsed="0.000624"/>
</kw>
<kw name="Log" owner="BuiltIn">
<msg time="2024-04-06T18:16:14.886633" level="INFO">64130</msg>
<arg>${json_data['results'][0]['location']['postcode']}</arg>
<doc>Logs the given message with the given level.</doc>
<status status="PASS" start="2024-04-06T18:16:14.886295" elapsed="0.000378"/>
</kw>
<status status="PASS" start="2024-04-06T18:16:14.646185" elapsed="0.240746"/>
</kw>
<doc>Testa se os tipos de dados na resposta da API estão corretos.</doc>
<tag>testeTiposDados</tag>
<status status="PASS" start="2024-04-06T18:16:14.525504" elapsed="0.361605"/>
</test>
<test id="s1-s1-t5" name="Validar conteudo" line="35">
<kw name="Teste de Tipos de Conteudo" owner="random-user-service">
<kw name="GET On Session" owner="RequestsLibrary">
<msg time="2024-04-06T18:16:14.926443" level="INFO">GET Request : url=https://randomuser.me/api 
 path_url=/api 
 headers={'User-Agent': 'python-requests/2.31.0', 'Accept-Encoding': 'gzip, deflate', 'Accept': '*/*', 'Connection': 'keep-alive'} 
 body=None 
 </msg>
<msg time="2024-04-06T18:16:14.926526" level="INFO">GET Response : url=https://randomuser.me/api 
 status=200, reason=OK 
 headers={'Date': 'Sat, 06 Apr 2024 18:16:14 GMT', 'Content-Type': 'application/json; charset=utf-8', 'Transfer-Encoding': 'chunked', 'Connection': 'keep-alive', 'X-Powered-By': 'Express', 'Access-Control-Allow-Origin': '*', 'Cache-Control': 'no-cache', 'ETag': 'W/"496-Pzhs9FEHLf8+VOk6nDgl1mvGw4Q"', 'Vary': 'Accept-Encoding', 'Content-Encoding': 'gzip', 'CF-Cache-Status': 'DYNAMIC', 'Report-To': '{"endpoints":[{"url":"https:\\/\\/a.nel.cloudflare.com\\/report\\/v4?s=k0t1Rki626ug42u8fgKE0YZNspiO6B%2BF11YxIWBu9nxKCwtxOiqp5Wp%2FzyZOkSkhrdeOUrk9cQ5d0n0c4bSAUFOhZqf0%2BHCj4D76zDSbgVyqyfy4KprCaLuqJwB8U%2Buq"}],"group":"cf-nel","max_age":604800}', 'NEL': '{"success_fraction":0,"report_to":"cf-nel","max_age":604800}', 'Server': 'cloudflare', 'CF-RAY': '8703c4951dab12b8-IAD', 'alt-svc': 'h3=":443"; ma=86400'} 
 body={"results":[{"gender":"female","name":{"title":"Miss","first":"Dijana","last":"Pavić"},"location":{"street":{"number":9864,"name":"Hristine Dobrović "},"city":"Bačka Topola","state":"South Bačka","country":"Serbia","postcode":55192,"coordinates":{"latitude":"60.2392","longitude":"2.3334"},"timezone":{"offset":"+2:00","description":"Kaliningrad, South Africa"}},"email":"dijana.pavic@example.com","login":{"uuid":"2838f41c-8430-4a36-b287-4bbcee64d450","username":"lazyelephant722","password":"lookin","salt":"roaPoAoi","md5":"878a243337884ee383c82132970c9034","sha1":"ed386732b2cc583bca52ff8236b497fda36e141a","sha256":"4f461896ebdfb66bfa9e51b2c2a1f2e645eea2fefe922de59b55d959b1de616e"},"dob":{"date":"1985-07-15T02:32:40.787Z","age":38},"registered":{"date":"2018-03-10T18:29:46.926Z","age":6},"phone":"034-2823-073","cell":"064-7670-284","id":{"name":"SID","value":"099553460"},"picture":{"large":"https://randomuser.me/api/portraits/women/90.jpg","medium":"https://randomuser.me/api/portraits/med/women/90.jpg","thumbnail":"https://randomuser.me/api/portraits/thumb/women/90.jpg"},"nat":"RS"}],"info":{"seed":"391ffabc3068e0cc","results":1,"page":1,"version":"1.4"}} 
 </msg>
<msg time="2024-04-06T18:16:14.926596" level="INFO">/opt/hostedtoolcache/Python/3.12.2/x64/lib/python3.12/site-packages/urllib3/connectionpool.py:1103: InsecureRequestWarning: Unverified HTTPS request is being made to host 'randomuser.me'. Adding certificate verification is strongly advised. See: https://urllib3.readthedocs.io/en/latest/advanced-usage.html#tls-warnings
  warnings.warn(</msg>
<msg time="2024-04-06T18:16:14.926719" level="INFO">${response} = &lt;Response [200]&gt;</msg>
<var>${response}</var>
<arg>consultarAPI</arg>
<arg>/api</arg>
<doc>Sends a GET request on a previously created HTTP Session.</doc>
<status status="PASS" start="2024-04-06T18:16:14.889602" elapsed="0.037158"/>
</kw>
<kw name="Set Variable" owner="BuiltIn">
<msg time="2024-04-06T18:16:14.927744" level="INFO">${json_data} = {'results': [{'gender': 'female', 'name': {'title': 'Miss', 'first': 'Dijana', 'last': 'Pavić'}, 'location': {'street': {'number': 9864, 'name': 'Hristine Dobrović '}, 'city': 'Bačka Topola', 'state':...</msg>
<var>${json_data}</var>
<arg>${response.json()}</arg>
<doc>Returns the given values which can then be assigned to a variables.</doc>
<status status="PASS" start="2024-04-06T18:16:14.927242" elapsed="0.000532"/>
</kw>
<kw name="Set Variable" owner="BuiltIn">
<msg time="2024-04-06T18:16:14.928471" level="INFO">${name_title} = Miss</msg>
<var>${name_title}</var>
<arg>${json_data["results"][0]["name"]["title"]}</arg>
<doc>Returns the given values which can then be assigned to a variables.</doc>
<status status="PASS" start="2024-04-06T18:16:14.928080" elapsed="0.000416"/>
</kw>
<kw name="Create List" owner="BuiltIn">
<msg time="2024-04-06T18:16:14.929045" level="INFO">${allowed_titles} = ['Mr', 'Ms', 'Miss', 'Mrs', 'Madame', 'Monsieur']</msg>
<var>${allowed_titles}</var>
<arg>Mr</arg>
<arg>Ms</arg>
<arg>Miss</arg>
<arg>Mrs</arg>
<arg>Madame</arg>
<arg>Monsieur</arg>
<doc>Returns a list containing given items.</doc>
<status status="PASS" start="2024-04-06T18:16:14.928851" elapsed="0.000220"/>
</kw>
<kw name="List Should Contain Value" owner="Collections">
<msg time="2024-04-06T18:16:14.929564" level="INFO">False</msg>
<arg>${allowed_titles}</arg>
<arg>${name_title}</arg>
<doc>Fails if the ``value`` is not found from ``list``.</doc>
<status status="PASS" start="2024-04-06T18:16:14.929389" elapsed="0.000213"/>
</kw>
<kw name="Set Variable" owner="BuiltIn">
<msg time="2024-04-06T18:16:14.930279" level="INFO">${name_country} = RS</msg>
<var>${name_country}</var>
<arg>${json_data["results"][0]["nat"]}</arg>
<doc>Returns the given values which can then be assigned to a variables.</doc>
<status status="PASS" start="2024-04-06T18:16:14.929899" elapsed="0.000404"/>
</kw>
<kw name="Create List" owner="BuiltIn">
<msg time="2024-04-06T18:16:14.931221" level="INFO">${list_country} = ['AD', 'AE', 'AF', 'AG', 'AI', 'AL', 'AM', 'AO', 'AQ', 'AR', 'AS', 'AT', 'AU', 'AW', 'AX', 'AZ', 'BA', 'BB', 'BD', 'BE', 'BF', 'BG', 'BH', 'BI', 'BJ', 'BL', 'BM', 'BN', 'BO', 'BQ', 'BR', 'BS', 'BT', '...</msg>
<var>${list_country}</var>
<arg>AD</arg>
<arg>AE</arg>
<arg>AF</arg>
<arg>AG</arg>
<arg>AI</arg>
<arg>AL</arg>
<arg>AM</arg>
<arg>AO</arg>
<arg>AQ</arg>
<arg>AR</arg>
<arg>AS</arg>
<arg>AT</arg>
<arg>AU</arg>
<arg>AW</arg>
<arg>AX</arg>
<arg>AZ</arg>
<arg>BA</arg>
<arg>BB</arg>
<arg>BD</arg>
<arg>BE</arg>
<arg>BF</arg>
<arg>BG</arg>
<arg>BH</arg>
<arg>BI</arg>
<arg>BJ</arg>
<arg>BL</arg>
<arg>BM</arg>
<arg>BN</arg>
<arg>BO</arg>
<arg>BQ</arg>
<arg>BR</arg>
<arg>BS</arg>
<arg>BT</arg>
<arg>BV</arg>
<arg>BW</arg>
<arg>BY</arg>
<arg>BZ</arg>
<arg>CA</arg>
<arg>CC</arg>
<arg>CD</arg>
<arg>CF</arg>
<arg>CG</arg>
<arg>CH</arg>
<arg>CI</arg>
<arg>CK</arg>
<arg>CL</arg>
<arg>CM</arg>
<arg>CN</arg>
<arg>CO</arg>
<arg>CR</arg>
<arg>CU</arg>
<arg>CV</arg>
<arg>CW</arg>
<arg>CX</arg>
<arg>CY</arg>
<arg>CZ</arg>
<arg>DE</arg>
<arg>DJ</arg>
<arg>DK</arg>
<arg>DM</arg>
<arg>DO</arg>
<arg>DZ</arg>
<arg>EC</arg>
<arg>EE</arg>
<arg>EG</arg>
<arg>EH</arg>
<arg>ER</arg>
<arg>ES</arg>
<arg>ET</arg>
<arg>FI</arg>
<arg>FJ</arg>
<arg>FK</arg>
<arg>FM</arg>
<arg>FO</arg>
<arg>FR</arg>
<arg>GA</arg>
<arg>GB</arg>
<arg>GD</arg>
<arg>GE</arg>
<arg>GF</arg>
<arg>GG</arg>
<arg>GH</arg>
<arg>GI</arg>
<arg>GL</arg>
<arg>GM</arg>
<arg>GN</arg>
<arg>GP</arg>
<arg>GQ</arg>
<arg>GR</arg>
<arg>GS</arg>
<arg>GT</arg>
<arg>GU</arg>
<arg>GW</arg>
<arg>GY</arg>
<arg>HK</arg>
<arg>HM</arg>
<arg>HN</arg>
<arg>HR</arg>
<arg>HT</arg>
<arg>HU</arg>
<arg>ID</arg>
<arg>IE</arg>
<arg>IL</arg>
<arg>IM</arg>
<arg>IN</arg>
<arg>IO</arg>
<arg>IQ</arg>
<arg>IR</arg>
<arg>IS</arg>
<arg>IT</arg>
<arg>JE</arg>
<arg>JM</arg>
<arg>JO</arg>
<arg>JP</arg>
<arg>KE</arg>
<arg>KG</arg>
<arg>KH</arg>
<arg>KI</arg>
<arg>KM</arg>
<arg>KN</arg>
<arg>KP</arg>
<arg>KR</arg>
<arg>KW</arg>
<arg>KY</arg>
<arg>KZ</arg>
<arg>LA</arg>
<arg>LB</arg>
<arg>LC</arg>
<arg>LI</arg>
<arg>LK</arg>
<arg>LR</arg>
<arg>LS</arg>
<arg>LT</arg>
<arg>LU</arg>
<arg>LV</arg>
<arg>LY</arg>
<arg>MA</arg>
<arg>MC</arg>
<arg>MD</arg>
<arg>ME</arg>
<arg>MF</arg>
<arg>MG</arg>
<arg>MH</arg>
<arg>MK</arg>
<arg>ML</arg>
<arg>MM</arg>
<arg>MN</arg>
<arg>MO</arg>
<arg>MP</arg>
<arg>MQ</arg>
<arg>MR</arg>
<arg>MS</arg>
<arg>MT</arg>
<arg>MU</arg>
<arg>MV</arg>
<arg>MW</arg>
<arg>MX</arg>
<arg>MY</arg>
<arg>MZ</arg>
<arg>NA</arg>
<arg>NC</arg>
<arg>NE</arg>
<arg>NF</arg>
<arg>NG</arg>
<arg>NI</arg>
<arg>NL</arg>
<arg>NO</arg>
<arg>NP</arg>
<arg>NR</arg>
<arg>NU</arg>
<arg>NZ</arg>
<arg>OM</arg>
<arg>PA</arg>
<arg>PE</arg>
<arg>PF</arg>
<arg>PG</arg>
<arg>PH</arg>
<arg>PK</arg>
<arg>PL</arg>
<arg>PM</arg>
<arg>PN</arg>
<arg>PR</arg>
<arg>PS</arg>
<arg>PT</arg>
<arg>PW</arg>
<arg>PY</arg>
<arg>QA</arg>
<arg>RE</arg>
<arg>RO</arg>
<arg>RS</arg>
<arg>RU</arg>
<arg>RW</arg>
<arg>SA</arg>
<arg>SB</arg>
<arg>SC</arg>
<arg>SD</arg>
<arg>SE</arg>
<arg>SG</arg>
<arg>SH</arg>
<arg>SI</arg>
<arg>SJ</arg>
<arg>SK</arg>
<arg>SL</arg>
<arg>SM</arg>
<arg>SN</arg>
<arg>SO</arg>
<arg>SR</arg>
<arg>SS</arg>
<arg>ST</arg>
<arg>SV</arg>
<arg>SX</arg>
<arg>SY</arg>
<arg>SZ</arg>
<arg>TC</arg>
<arg>TD</arg>
<arg>TF</arg>
<arg>TG</arg>
<arg>TH</arg>
<arg>TJ</arg>
<arg>TK</arg>
<arg>TL</arg>
<arg>TM</arg>
<arg>TN</arg>
<arg>TO</arg>
<arg>TR</arg>
<arg>TT</arg>
<arg>TV</arg>
<arg>TW</arg>
<arg>TZ</arg>
<arg>UA</arg>
<arg>UG</arg>
<arg>UM</arg>
<arg>US</arg>
<arg>UY</arg>
<arg>UZ</arg>
<arg>VA</arg>
<arg>VC</arg>
<arg>VE</arg>
<arg>VG</arg>
<arg>VI</arg>
<arg>VN</arg>
<arg>VU</arg>
<arg>WF</arg>
<arg>WS</arg>
<arg>XK</arg>
<arg>YE</arg>
<arg>YT</arg>
<arg>ZA</arg>
<arg>ZM</arg>
<arg>ZW</arg>
<doc>Returns a list containing given items.</doc>
<status status="PASS" start="2024-04-06T18:16:14.930622" elapsed="0.000625"/>
</kw>
<kw name="List Should Contain Value" owner="Collections">
<msg time="2024-04-06T18:16:14.932391" level="INFO">False</msg>
<arg>${list_country}</arg>
<arg>${name_country}</arg>
<doc>Fails if the ``value`` is not found from ``list``.</doc>
<status status="PASS" start="2024-04-06T18:16:14.932184" elapsed="0.000245"/>
</kw>
<kw name="Run Keyword If" owner="BuiltIn">
<kw name="Should Be True" owner="BuiltIn">
<arg>${True}</arg>
<doc>Fails if the given condition is not true.</doc>
<status status="PASS" start="2024-04-06T18:16:14.933549" elapsed="0.000146"/>
</kw>
<arg>${json_data["results"][0]["location"]["coordinates"]["latitude"]} &gt;= -90 and ${json_data["results"][0]["location"]["coordinates"]["latitude"]} &lt;= 90</arg>
<arg>Should Be True</arg>
<arg>${True}</arg>
<doc>Runs the given keyword with the given arguments, if ``condition`` is true.</doc>
<status status="PASS" start="2024-04-06T18:16:14.932773" elapsed="0.001053"/>
</kw>
<kw name="Run Keyword If" owner="BuiltIn">
<kw name="Should Be True" owner="BuiltIn">
<arg>${True}</arg>
<doc>Fails if the given condition is not true.</doc>
<status status="PASS" start="2024-04-06T18:16:14.934733" elapsed="0.000145"/>
</kw>
<arg>${json_data["results"][0]["location"]["coordinates"]["longitude"]} &gt;= -180 and ${json_data["results"][0]["location"]["coordinates"]["longitude"]} &lt;= 180</arg>
<arg>Should Be True</arg>
<arg>${True}</arg>
<doc>Runs the given keyword with the given arguments, if ``condition`` is true.</doc>
<status status="PASS" start="2024-04-06T18:16:14.934012" elapsed="0.000992"/>
</kw>
<status status="PASS" start="2024-04-06T18:16:14.889367" elapsed="0.045769"/>
</kw>
<doc>Testa o conteúdo específico dos campos retornados pela API.</doc>
<tag>testeConteudo</tag>
<status status="PASS" start="2024-04-06T18:16:14.888890" elapsed="0.046404"/>
</test>
<status status="PASS" start="2024-04-06T18:16:14.016809" elapsed="0.920376"/>
</suite>
<status status="PASS" start="2024-04-06T18:16:14.002934" elapsed="0.939629"/>
</suite>
<statistics>
<total>
<stat pass="5" fail="0" skip="0">All Tests</stat>
</total>
<tag>
<stat pass="1" fail="0" skip="0">testeConteudo</stat>
<stat pass="1" fail="0" skip="0">testeEstruturaResposta</stat>
<stat pass="1" fail="0" skip="0">testeRequisicaoBasica</stat>
<stat pass="1" fail="0" skip="0">testeTiposDados</stat>
</tag>
<suite>
<stat pass="5" fail="0" skip="0" id="s1" name="Tests">Tests</stat>
<stat pass="5" fail="0" skip="0" id="s1-s1" name="Random-User-Test">Tests.Random-User-Test</stat>
</suite>
</statistics>
<errors>
</errors>
</robot>
