<?xml version="1.0" encoding="UTF-8"?>
<robot generator="Robot 7.0.1 (Python 3.12.4 on linux)" generated="2024-06-28T10:15:57.561164" rpa="false" schemaversion="5">
<suite id="s1" name="Tests" source="/home/runner/work/ApiRandomUser/ApiRandomUser/RamdonUser/tests">
<suite id="s1-s1" name="Random-User-Test" source="/home/runner/work/ApiRandomUser/ApiRandomUser/RamdonUser/tests/random-user-test.robot">
<test id="s1-s1-t1" name="Conectar" line="13">
<kw name="Conectar API" owner="random-user-service">
<kw name="Create Session" owner="RequestsLibrary">
<msg time="2024-06-28T10:15:57.955260" level="INFO">Creating Session using : alias=consultarAPI, url=https://randomuser.me/, headers={},                     cookies={}, auth=None, timeout=None, proxies=None, verify=False,                     debug=0 </msg>
<arg>consultarAPI</arg>
<arg>${URL}</arg>
<doc>Create Session: create a HTTP session to a server</doc>
<status status="PASS" start="2024-06-28T10:15:57.955054" elapsed="0.000372"/>
</kw>
<status status="PASS" start="2024-06-28T10:15:57.954103" elapsed="0.001670"/>
</kw>
<status status="PASS" start="2024-06-28T10:15:57.953584" elapsed="0.002399"/>
</test>
<test id="s1-s1-t2" name="Validar retorno 200 e JSON Válido" line="16">
<kw name="Teste de Requisicao Basica" owner="random-user-service">
<kw name="GET On Session" owner="RequestsLibrary">
<msg time="2024-06-28T10:15:58.116411" level="INFO">GET Request : url=https://randomuser.me/api 
 path_url=/api 
 headers={'User-Agent': 'python-requests/2.32.3', 'Accept-Encoding': 'gzip, deflate', 'Accept': '*/*', 'Connection': 'keep-alive'} 
 body=None 
 </msg>
<msg time="2024-06-28T10:15:58.116551" level="INFO">GET Response : url=https://randomuser.me/api 
 status=200, reason=OK 
 headers={'Date': 'Fri, 28 Jun 2024 10:15:58 GMT', 'Content-Type': 'application/json; charset=utf-8', 'Transfer-Encoding': 'chunked', 'Connection': 'keep-alive', 'X-Powered-By': 'Express', 'Access-Control-Allow-Origin': '*', 'Cache-Control': 'no-cache', 'ETag': 'W/"47d-g5lQYCTlYodoBe/sVB1Q1hGI/0U"', 'Vary': 'Accept-Encoding', 'Content-Encoding': 'gzip', 'CF-Cache-Status': 'DYNAMIC', 'Report-To': '{"endpoints":[{"url":"https:\\/\\/a.nel.cloudflare.com\\/report\\/v4?s=cBSwPprdh5ViT4Mxr7CJCKBMjQpUZhWmChIr6%2FTtT25pIBoGhBhj1%2F5O3YhF%2FM02ZsiUgzpjzGduH%2BpCYJemP%2F0tgK2y15%2FLSwdhwHLLGsx%2BbhfX74O6MLzlV79RfWP7"}],"group":"cf-nel","max_age":604800}', 'NEL': '{"success_fraction":0,"report_to":"cf-nel","max_age":604800}', 'Server': 'cloudflare', 'CF-RAY': '89aceb2c1ee087a9-IAD', 'alt-svc': 'h3=":443"; ma=86400'} 
 body={"results":[{"gender":"female","name":{"title":"Ms","first":"Lara","last":"Raja"},"location":{"street":{"number":9912,"name":"Husebybakken"},"city":"Bremanger","state":"Sogn og Fjordane","country":"Norway","postcode":"4519","coordinates":{"latitude":"44.5191","longitude":"121.2769"},"timezone":{"offset":"+6:00","description":"Almaty, Dhaka, Colombo"}},"email":"lara.raja@example.com","login":{"uuid":"8aecf51b-446a-479c-a1d8-199bd422e386","username":"orangebird649","password":"sprite","salt":"qxODJVxh","md5":"4748058dfab843bbf09b793bfca9dad2","sha1":"212f64dee8dff207d659f0da09a5c59189a8fbac","sha256":"4d1ba2b142f47f481e07ee80d0cee2ab837d73f0026e9c613a0b07559bf74a40"},"dob":{"date":"1978-03-04T15:35:53.216Z","age":46},"registered":{"date":"2016-10-29T10:32:58.801Z","age":7},"phone":"31192540","cell":"95838746","id":{"name":"FN","value":"04037833873"},"picture":{"large":"https://randomuser.me/api/portraits/women/83.jpg","medium":"https://randomuser.me/api/portraits/med/women/83.jpg","thumbnail":"https://randomuser.me/api/portraits/thumb/women/83.jpg"},"nat":"NO"}],"info":{"seed":"a519ec97e295d513","results":1,"page":1,"version":"1.4"}} 
 </msg>
<msg time="2024-06-28T10:15:58.116631" level="INFO">/opt/hostedtoolcache/Python/3.12.4/x64/lib/python3.12/site-packages/urllib3/connectionpool.py:1099: InsecureRequestWarning: Unverified HTTPS request is being made to host 'randomuser.me'. Adding certificate verification is strongly advised. See: https://urllib3.readthedocs.io/en/latest/advanced-usage.html#tls-warnings
  warnings.warn(</msg>
<msg time="2024-06-28T10:15:58.116771" level="INFO">${response} = &lt;Response [200]&gt;</msg>
<var>${response}</var>
<arg>consultarAPI</arg>
<arg>/api</arg>
<doc>Sends a GET request on a previously created HTTP Session.</doc>
<status status="PASS" start="2024-06-28T10:15:57.958568" elapsed="0.158244"/>
</kw>
<kw name="Should Be Equal As Numbers" owner="BuiltIn">
<msg time="2024-06-28T10:15:58.117908" level="INFO">Argument types are:
&lt;class 'int'&gt;
&lt;class 'str'&gt;</msg>
<arg>${response.status_code}</arg>
<arg>200</arg>
<doc>Fails if objects are unequal after converting them to real numbers.</doc>
<status status="PASS" start="2024-06-28T10:15:58.117406" elapsed="0.000569"/>
</kw>
<kw name="Log" owner="BuiltIn">
<msg time="2024-06-28T10:15:58.118674" level="INFO">200</msg>
<arg>${response.status_code}</arg>
<doc>Logs the given message with the given level.</doc>
<status status="PASS" start="2024-06-28T10:15:58.118315" elapsed="0.000402"/>
</kw>
<kw name="Set Variable" owner="BuiltIn">
<msg time="2024-06-28T10:15:58.119459" level="INFO">${json_data} = {'results': [{'gender': 'female', 'name': {'title': 'Ms', 'first': 'Lara', 'last': 'Raja'}, 'location': {'street': {'number': 9912, 'name': 'Husebybakken'}, 'city': 'Bremanger', 'state': 'Sogn og Fjor...</msg>
<var>${json_data}</var>
<arg>${response.json()}</arg>
<doc>Returns the given values which can then be assigned to a variables.</doc>
<status status="PASS" start="2024-06-28T10:15:58.119028" elapsed="0.000460"/>
</kw>
<kw name="Dictionary Should Contain Key" owner="Collections">
<arg>${json_data}</arg>
<arg>results</arg>
<doc>Fails if ``key`` is not found from ``dictionary``.</doc>
<status status="PASS" start="2024-06-28T10:15:58.119790" elapsed="0.000167"/>
</kw>
<status status="PASS" start="2024-06-28T10:15:57.958318" elapsed="0.161796"/>
</kw>
<doc>Testa se a API responde corretamente e retorna um objeto JSON válido.</doc>
<tag>testeRequisicaoBasica</tag>
<status status="PASS" start="2024-06-28T10:15:57.957846" elapsed="0.162477"/>
</test>
<test id="s1-s1-t3" name="Validar estrutura de resposta" line="22">
<kw name="Teste de Estrutura de Resposta" owner="random-user-service">
<kw name="GET On Session" owner="RequestsLibrary">
<msg time="2024-06-28T10:15:58.216835" level="INFO">GET Request : url=https://randomuser.me/api 
 path_url=/api 
 headers={'User-Agent': 'python-requests/2.32.3', 'Accept-Encoding': 'gzip, deflate', 'Accept': '*/*', 'Connection': 'keep-alive'} 
 body=None 
 </msg>
<msg time="2024-06-28T10:15:58.216927" level="INFO">GET Response : url=https://randomuser.me/api 
 status=200, reason=OK 
 headers={'Date': 'Fri, 28 Jun 2024 10:15:58 GMT', 'Content-Type': 'application/json; charset=utf-8', 'Transfer-Encoding': 'chunked', 'Connection': 'keep-alive', 'X-Powered-By': 'Express', 'Access-Control-Allow-Origin': '*', 'Cache-Control': 'no-cache', 'ETag': 'W/"46d-xMT3kBkTs2uCarIFDpqYbnJiXmM"', 'Vary': 'Accept-Encoding', 'Content-Encoding': 'gzip', 'CF-Cache-Status': 'DYNAMIC', 'Report-To': '{"endpoints":[{"url":"https:\\/\\/a.nel.cloudflare.com\\/report\\/v4?s=%2FQW%2BpriqJxOxcVPkFj1q3iHyXJRDu16%2BA%2BJygeaRvXd5I6u28gTlskyMYaTN4bePPOvN%2BUf%2Brr26McutGPTG1gdx%2FV3pA%2F69%2FNakEcD20Qruom7xK8JzSWpy7qKrO31e"}],"group":"cf-nel","max_age":604800}', 'NEL': '{"success_fraction":0,"report_to":"cf-nel","max_age":604800}', 'Server': 'cloudflare', 'CF-RAY': '89aceb2c4f3b87a9-IAD', 'alt-svc': 'h3=":443"; ma=86400'} 
 body={"results":[{"gender":"male","name":{"title":"Mr","first":"Kalenik","last":"Kuharuk"},"location":{"street":{"number":9675,"name":"Mehanichna"},"city":"Zdolbuniv","state":"Ternopilska","country":"Ukraine","postcode":87312,"coordinates":{"latitude":"80.0124","longitude":"-112.1861"},"timezone":{"offset":"-3:30","description":"Newfoundland"}},"email":"kalenik.kuharuk@example.com","login":{"uuid":"774f95cd-0e5d-49f1-9db8-fde14a70587d","username":"sadlion946","password":"steven1","salt":"d5w3K7g2","md5":"37f1826b99ad2ddc4bbbf6413547ebea","sha1":"238ae918927b8edf2e392c0d78c4685a694d14f1","sha256":"537a9214e447cc4e4d5e57399d43ee624dce0ce8e5bd9bb4b22da093d6014c6e"},"dob":{"date":"1991-03-19T10:20:34.783Z","age":33},"registered":{"date":"2020-11-19T09:14:29.270Z","age":3},"phone":"(067) R40-3548","cell":"(067) P51-7034","id":{"name":"","value":null},"picture":{"large":"https://randomuser.me/api/portraits/men/6.jpg","medium":"https://randomuser.me/api/portraits/med/men/6.jpg","thumbnail":"https://randomuser.me/api/portraits/thumb/men/6.jpg"},"nat":"UA"}],"info":{"seed":"d1e0dedd75f35983","results":1,"page":1,"version":"1.4"}} 
 </msg>
<msg time="2024-06-28T10:15:58.217058" level="INFO">/opt/hostedtoolcache/Python/3.12.4/x64/lib/python3.12/site-packages/urllib3/connectionpool.py:1099: InsecureRequestWarning: Unverified HTTPS request is being made to host 'randomuser.me'. Adding certificate verification is strongly advised. See: https://urllib3.readthedocs.io/en/latest/advanced-usage.html#tls-warnings
  warnings.warn(</msg>
<msg time="2024-06-28T10:15:58.217192" level="INFO">${response} = &lt;Response [200]&gt;</msg>
<var>${response}</var>
<arg>consultarAPI</arg>
<arg>/api</arg>
<doc>Sends a GET request on a previously created HTTP Session.</doc>
<status status="PASS" start="2024-06-28T10:15:58.123002" elapsed="0.094388"/>
</kw>
<kw name="Set Variable" owner="BuiltIn">
<msg time="2024-06-28T10:15:58.218378" level="INFO">${json_data} = {'results': [{'gender': 'male', 'name': {'title': 'Mr', 'first': 'Kalenik', 'last': 'Kuharuk'}, 'location': {'street': {'number': 9675, 'name': 'Mehanichna'}, 'city': 'Zdolbuniv', 'state': 'Ternopilsk...</msg>
<var>${json_data}</var>
<arg>${response.json()}</arg>
<doc>Returns the given values which can then be assigned to a variables.</doc>
<status status="PASS" start="2024-06-28T10:15:58.217868" elapsed="0.000539"/>
</kw>
<kw name="Log" owner="BuiltIn">
<msg time="2024-06-28T10:15:58.218871" level="INFO">{'results': [{'gender': 'male', 'name': {'title': 'Mr', 'first': 'Kalenik', 'last': 'Kuharuk'}, 'location': {'street': {'number': 9675, 'name': 'Mehanichna'}, 'city': 'Zdolbuniv', 'state': 'Ternopilska', 'country': 'Ukraine', 'postcode': 87312, 'coordinates': {'latitude': '80.0124', 'longitude': '-112.1861'}, 'timezone': {'offset': '-3:30', 'description': 'Newfoundland'}}, 'email': 'kalenik.kuharuk@example.com', 'login': {'uuid': '774f95cd-0e5d-49f1-9db8-fde14a70587d', 'username': 'sadlion946', 'password': 'steven1', 'salt': 'd5w3K7g2', 'md5': '37f1826b99ad2ddc4bbbf6413547ebea', 'sha1': '238ae918927b8edf2e392c0d78c4685a694d14f1', 'sha256': '537a9214e447cc4e4d5e57399d43ee624dce0ce8e5bd9bb4b22da093d6014c6e'}, 'dob': {'date': '1991-03-19T10:20:34.783Z', 'age': 33}, 'registered': {'date': '2020-11-19T09:14:29.270Z', 'age': 3}, 'phone': '(067) R40-3548', 'cell': '(067) P51-7034', 'id': {'name': '', 'value': None}, 'picture': {'large': 'https://randomuser.me/api/portraits/men/6.jpg', 'medium': 'https://randomuser.me/api/portraits/med/men/6.jpg', 'thumbnail': 'https://randomuser.me/api/portraits/thumb/men/6.jpg'}, 'nat': 'UA'}], 'info': {'seed': 'd1e0dedd75f35983', 'results': 1, 'page': 1, 'version': '1.4'}}</msg>
<arg>${json_data}</arg>
<doc>Logs the given message with the given level.</doc>
<status status="PASS" start="2024-06-28T10:15:58.218716" elapsed="0.000202"/>
</kw>
<kw name="Dictionary Should Contain Key" owner="Collections">
<arg>${json_data}</arg>
<arg>results</arg>
<doc>Fails if ``key`` is not found from ``dictionary``.</doc>
<status status="PASS" start="2024-06-28T10:15:58.219208" elapsed="0.000160"/>
</kw>
<kw name="Should Not Be Empty" owner="BuiltIn">
<msg time="2024-06-28T10:15:58.219678" level="INFO">Length is 2.</msg>
<arg>${json_data}</arg>
<doc>Verifies that the given item is not empty.</doc>
<status status="PASS" start="2024-06-28T10:15:58.219551" elapsed="0.000170"/>
</kw>
<kw name="Create List" owner="BuiltIn">
<msg time="2024-06-28T10:15:58.220171" level="INFO">${expected_keys} = ['gender', 'name', 'location', 'email', 'login']</msg>
<var>${expected_keys}</var>
<arg>gender</arg>
<arg>name</arg>
<arg>location</arg>
<arg>email</arg>
<arg>login</arg>
<doc>Returns a list containing given items.</doc>
<status status="PASS" start="2024-06-28T10:15:58.220018" elapsed="0.000178"/>
</kw>
<for flavor="IN">
<iter>
<kw name="Dictionary Should Contain Key" owner="Collections">
<arg>${json_data['results'][0]}</arg>
<arg>${key}</arg>
<doc>Fails if ``key`` is not found from ``dictionary``.</doc>
<status status="PASS" start="2024-06-28T10:15:58.220964" elapsed="0.000401"/>
</kw>
<kw name="Log" owner="BuiltIn">
<msg time="2024-06-28T10:15:58.221947" level="INFO">{'gender': 'male', 'name': {'title': 'Mr', 'first': 'Kalenik', 'last': 'Kuharuk'}, 'location': {'street': {'number': 9675, 'name': 'Mehanichna'}, 'city': 'Zdolbuniv', 'state': 'Ternopilska', 'country': 'Ukraine', 'postcode': 87312, 'coordinates': {'latitude': '80.0124', 'longitude': '-112.1861'}, 'timezone': {'offset': '-3:30', 'description': 'Newfoundland'}}, 'email': 'kalenik.kuharuk@example.com', 'login': {'uuid': '774f95cd-0e5d-49f1-9db8-fde14a70587d', 'username': 'sadlion946', 'password': 'steven1', 'salt': 'd5w3K7g2', 'md5': '37f1826b99ad2ddc4bbbf6413547ebea', 'sha1': '238ae918927b8edf2e392c0d78c4685a694d14f1', 'sha256': '537a9214e447cc4e4d5e57399d43ee624dce0ce8e5bd9bb4b22da093d6014c6e'}, 'dob': {'date': '1991-03-19T10:20:34.783Z', 'age': 33}, 'registered': {'date': '2020-11-19T09:14:29.270Z', 'age': 3}, 'phone': '(067) R40-3548', 'cell': '(067) P51-7034', 'id': {'name': '', 'value': None}, 'picture': {'large': 'https://randomuser.me/api/portraits/men/6.jpg', 'medium': 'https://randomuser.me/api/portraits/med/men/6.jpg', 'thumbnail': 'https://randomuser.me/api/portraits/thumb/men/6.jpg'}, 'nat': 'UA'}</msg>
<arg>${json_data['results'][0]}</arg>
<doc>Logs the given message with the given level.</doc>
<status status="PASS" start="2024-06-28T10:15:58.221583" elapsed="0.000412"/>
</kw>
<kw name="Log" owner="BuiltIn">
<msg time="2024-06-28T10:15:58.222440" level="INFO">gender</msg>
<arg>${key}</arg>
<doc>Logs the given message with the given level.</doc>
<status status="PASS" start="2024-06-28T10:15:58.222311" elapsed="0.000167"/>
</kw>
<var name="${key}">gender</var>
<status status="PASS" start="2024-06-28T10:15:58.220838" elapsed="0.001855"/>
</iter>
<iter>
<kw name="Dictionary Should Contain Key" owner="Collections">
<arg>${json_data['results'][0]}</arg>
<arg>${key}</arg>
<doc>Fails if ``key`` is not found from ``dictionary``.</doc>
<status status="PASS" start="2024-06-28T10:15:58.222992" elapsed="0.000396"/>
</kw>
<kw name="Log" owner="BuiltIn">
<msg time="2024-06-28T10:15:58.223917" level="INFO">{'gender': 'male', 'name': {'title': 'Mr', 'first': 'Kalenik', 'last': 'Kuharuk'}, 'location': {'street': {'number': 9675, 'name': 'Mehanichna'}, 'city': 'Zdolbuniv', 'state': 'Ternopilska', 'country': 'Ukraine', 'postcode': 87312, 'coordinates': {'latitude': '80.0124', 'longitude': '-112.1861'}, 'timezone': {'offset': '-3:30', 'description': 'Newfoundland'}}, 'email': 'kalenik.kuharuk@example.com', 'login': {'uuid': '774f95cd-0e5d-49f1-9db8-fde14a70587d', 'username': 'sadlion946', 'password': 'steven1', 'salt': 'd5w3K7g2', 'md5': '37f1826b99ad2ddc4bbbf6413547ebea', 'sha1': '238ae918927b8edf2e392c0d78c4685a694d14f1', 'sha256': '537a9214e447cc4e4d5e57399d43ee624dce0ce8e5bd9bb4b22da093d6014c6e'}, 'dob': {'date': '1991-03-19T10:20:34.783Z', 'age': 33}, 'registered': {'date': '2020-11-19T09:14:29.270Z', 'age': 3}, 'phone': '(067) R40-3548', 'cell': '(067) P51-7034', 'id': {'name': '', 'value': None}, 'picture': {'large': 'https://randomuser.me/api/portraits/men/6.jpg', 'medium': 'https://randomuser.me/api/portraits/med/men/6.jpg', 'thumbnail': 'https://randomuser.me/api/portraits/thumb/men/6.jpg'}, 'nat': 'UA'}</msg>
<arg>${json_data['results'][0]}</arg>
<doc>Logs the given message with the given level.</doc>
<status status="PASS" start="2024-06-28T10:15:58.223569" elapsed="0.000428"/>
</kw>
<kw name="Log" owner="BuiltIn">
<msg time="2024-06-28T10:15:58.224451" level="INFO">name</msg>
<arg>${key}</arg>
<doc>Logs the given message with the given level.</doc>
<status status="PASS" start="2024-06-28T10:15:58.224320" elapsed="0.000168"/>
</kw>
<var name="${key}">name</var>
<status status="PASS" start="2024-06-28T10:15:58.222880" elapsed="0.001827"/>
</iter>
<iter>
<kw name="Dictionary Should Contain Key" owner="Collections">
<arg>${json_data['results'][0]}</arg>
<arg>${key}</arg>
<doc>Fails if ``key`` is not found from ``dictionary``.</doc>
<status status="PASS" start="2024-06-28T10:15:58.224995" elapsed="0.000383"/>
</kw>
<kw name="Log" owner="BuiltIn">
<msg time="2024-06-28T10:15:58.225908" level="INFO">{'gender': 'male', 'name': {'title': 'Mr', 'first': 'Kalenik', 'last': 'Kuharuk'}, 'location': {'street': {'number': 9675, 'name': 'Mehanichna'}, 'city': 'Zdolbuniv', 'state': 'Ternopilska', 'country': 'Ukraine', 'postcode': 87312, 'coordinates': {'latitude': '80.0124', 'longitude': '-112.1861'}, 'timezone': {'offset': '-3:30', 'description': 'Newfoundland'}}, 'email': 'kalenik.kuharuk@example.com', 'login': {'uuid': '774f95cd-0e5d-49f1-9db8-fde14a70587d', 'username': 'sadlion946', 'password': 'steven1', 'salt': 'd5w3K7g2', 'md5': '37f1826b99ad2ddc4bbbf6413547ebea', 'sha1': '238ae918927b8edf2e392c0d78c4685a694d14f1', 'sha256': '537a9214e447cc4e4d5e57399d43ee624dce0ce8e5bd9bb4b22da093d6014c6e'}, 'dob': {'date': '1991-03-19T10:20:34.783Z', 'age': 33}, 'registered': {'date': '2020-11-19T09:14:29.270Z', 'age': 3}, 'phone': '(067) R40-3548', 'cell': '(067) P51-7034', 'id': {'name': '', 'value': None}, 'picture': {'large': 'https://randomuser.me/api/portraits/men/6.jpg', 'medium': 'https://randomuser.me/api/portraits/med/men/6.jpg', 'thumbnail': 'https://randomuser.me/api/portraits/thumb/men/6.jpg'}, 'nat': 'UA'}</msg>
<arg>${json_data['results'][0]}</arg>
<doc>Logs the given message with the given level.</doc>
<status status="PASS" start="2024-06-28T10:15:58.225561" elapsed="0.000393"/>
</kw>
<kw name="Log" owner="BuiltIn">
<msg time="2024-06-28T10:15:58.226393" level="INFO">location</msg>
<arg>${key}</arg>
<doc>Logs the given message with the given level.</doc>
<status status="PASS" start="2024-06-28T10:15:58.226263" elapsed="0.000167"/>
</kw>
<var name="${key}">location</var>
<status status="PASS" start="2024-06-28T10:15:58.224884" elapsed="0.001768"/>
</iter>
<iter>
<kw name="Dictionary Should Contain Key" owner="Collections">
<arg>${json_data['results'][0]}</arg>
<arg>${key}</arg>
<doc>Fails if ``key`` is not found from ``dictionary``.</doc>
<status status="PASS" start="2024-06-28T10:15:58.226929" elapsed="0.000384"/>
</kw>
<kw name="Log" owner="BuiltIn">
<msg time="2024-06-28T10:15:58.227844" level="INFO">{'gender': 'male', 'name': {'title': 'Mr', 'first': 'Kalenik', 'last': 'Kuharuk'}, 'location': {'street': {'number': 9675, 'name': 'Mehanichna'}, 'city': 'Zdolbuniv', 'state': 'Ternopilska', 'country': 'Ukraine', 'postcode': 87312, 'coordinates': {'latitude': '80.0124', 'longitude': '-112.1861'}, 'timezone': {'offset': '-3:30', 'description': 'Newfoundland'}}, 'email': 'kalenik.kuharuk@example.com', 'login': {'uuid': '774f95cd-0e5d-49f1-9db8-fde14a70587d', 'username': 'sadlion946', 'password': 'steven1', 'salt': 'd5w3K7g2', 'md5': '37f1826b99ad2ddc4bbbf6413547ebea', 'sha1': '238ae918927b8edf2e392c0d78c4685a694d14f1', 'sha256': '537a9214e447cc4e4d5e57399d43ee624dce0ce8e5bd9bb4b22da093d6014c6e'}, 'dob': {'date': '1991-03-19T10:20:34.783Z', 'age': 33}, 'registered': {'date': '2020-11-19T09:14:29.270Z', 'age': 3}, 'phone': '(067) R40-3548', 'cell': '(067) P51-7034', 'id': {'name': '', 'value': None}, 'picture': {'large': 'https://randomuser.me/api/portraits/men/6.jpg', 'medium': 'https://randomuser.me/api/portraits/med/men/6.jpg', 'thumbnail': 'https://randomuser.me/api/portraits/thumb/men/6.jpg'}, 'nat': 'UA'}</msg>
<arg>${json_data['results'][0]}</arg>
<doc>Logs the given message with the given level.</doc>
<status status="PASS" start="2024-06-28T10:15:58.227497" elapsed="0.000394"/>
</kw>
<kw name="Log" owner="BuiltIn">
<msg time="2024-06-28T10:15:58.228341" level="INFO">email</msg>
<arg>${key}</arg>
<doc>Logs the given message with the given level.</doc>
<status status="PASS" start="2024-06-28T10:15:58.228182" elapsed="0.000199"/>
</kw>
<var name="${key}">email</var>
<status status="PASS" start="2024-06-28T10:15:58.226824" elapsed="0.001774"/>
</iter>
<iter>
<kw name="Dictionary Should Contain Key" owner="Collections">
<arg>${json_data['results'][0]}</arg>
<arg>${key}</arg>
<doc>Fails if ``key`` is not found from ``dictionary``.</doc>
<status status="PASS" start="2024-06-28T10:15:58.228885" elapsed="0.000384"/>
</kw>
<kw name="Log" owner="BuiltIn">
<msg time="2024-06-28T10:15:58.229802" level="INFO">{'gender': 'male', 'name': {'title': 'Mr', 'first': 'Kalenik', 'last': 'Kuharuk'}, 'location': {'street': {'number': 9675, 'name': 'Mehanichna'}, 'city': 'Zdolbuniv', 'state': 'Ternopilska', 'country': 'Ukraine', 'postcode': 87312, 'coordinates': {'latitude': '80.0124', 'longitude': '-112.1861'}, 'timezone': {'offset': '-3:30', 'description': 'Newfoundland'}}, 'email': 'kalenik.kuharuk@example.com', 'login': {'uuid': '774f95cd-0e5d-49f1-9db8-fde14a70587d', 'username': 'sadlion946', 'password': 'steven1', 'salt': 'd5w3K7g2', 'md5': '37f1826b99ad2ddc4bbbf6413547ebea', 'sha1': '238ae918927b8edf2e392c0d78c4685a694d14f1', 'sha256': '537a9214e447cc4e4d5e57399d43ee624dce0ce8e5bd9bb4b22da093d6014c6e'}, 'dob': {'date': '1991-03-19T10:20:34.783Z', 'age': 33}, 'registered': {'date': '2020-11-19T09:14:29.270Z', 'age': 3}, 'phone': '(067) R40-3548', 'cell': '(067) P51-7034', 'id': {'name': '', 'value': None}, 'picture': {'large': 'https://randomuser.me/api/portraits/men/6.jpg', 'medium': 'https://randomuser.me/api/portraits/med/men/6.jpg', 'thumbnail': 'https://randomuser.me/api/portraits/thumb/men/6.jpg'}, 'nat': 'UA'}</msg>
<arg>${json_data['results'][0]}</arg>
<doc>Logs the given message with the given level.</doc>
<status status="PASS" start="2024-06-28T10:15:58.229448" elapsed="0.000401"/>
</kw>
<kw name="Log" owner="BuiltIn">
<msg time="2024-06-28T10:15:58.230275" level="INFO">login</msg>
<arg>${key}</arg>
<doc>Logs the given message with the given level.</doc>
<status status="PASS" start="2024-06-28T10:15:58.230146" elapsed="0.000166"/>
</kw>
<var name="${key}">login</var>
<status status="PASS" start="2024-06-28T10:15:58.228766" elapsed="0.001766"/>
</iter>
<var>${key}</var>
<value>@{expected_keys}</value>
<status status="PASS" start="2024-06-28T10:15:58.220643" elapsed="0.010009"/>
</for>
<kw name="Create List" owner="BuiltIn">
<msg time="2024-06-28T10:15:58.230977" level="INFO">${expected_keysTwo} = ['username', 'password']</msg>
<var>${expected_keysTwo}</var>
<arg>username</arg>
<arg>password</arg>
<doc>Returns a list containing given items.</doc>
<status status="PASS" start="2024-06-28T10:15:58.230843" elapsed="0.000157"/>
</kw>
<for flavor="IN">
<iter>
<kw name="Dictionary Should Contain Key" owner="Collections">
<arg>${json_data['results'][0]['login']}</arg>
<arg>${keyTwo}</arg>
<doc>Fails if ``key`` is not found from ``dictionary``.</doc>
<status status="PASS" start="2024-06-28T10:15:58.231537" elapsed="0.000387"/>
</kw>
<kw name="Dictionary Should Contain Key" owner="Collections">
<arg>${json_data['results'][0]['login']}</arg>
<arg>${keyTwo}</arg>
<doc>Fails if ``key`` is not found from ``dictionary``.</doc>
<status status="PASS" start="2024-06-28T10:15:58.232103" elapsed="0.000404"/>
</kw>
<kw name="Log" owner="BuiltIn">
<msg time="2024-06-28T10:15:58.232818" level="INFO">username</msg>
<arg>${keyTwo}</arg>
<doc>Logs the given message with the given level.</doc>
<status status="PASS" start="2024-06-28T10:15:58.232692" elapsed="0.000164"/>
</kw>
<var name="${keyTwo}">username</var>
<status status="PASS" start="2024-06-28T10:15:58.231429" elapsed="0.001647"/>
</iter>
<iter>
<kw name="Dictionary Should Contain Key" owner="Collections">
<arg>${json_data['results'][0]['login']}</arg>
<arg>${keyTwo}</arg>
<doc>Fails if ``key`` is not found from ``dictionary``.</doc>
<status status="PASS" start="2024-06-28T10:15:58.233353" elapsed="0.000380"/>
</kw>
<kw name="Dictionary Should Contain Key" owner="Collections">
<arg>${json_data['results'][0]['login']}</arg>
<arg>${keyTwo}</arg>
<doc>Fails if ``key`` is not found from ``dictionary``.</doc>
<status status="PASS" start="2024-06-28T10:15:58.233909" elapsed="0.000378"/>
</kw>
<kw name="Log" owner="BuiltIn">
<msg time="2024-06-28T10:15:58.234588" level="INFO">password</msg>
<arg>${keyTwo}</arg>
<doc>Logs the given message with the given level.</doc>
<status status="PASS" start="2024-06-28T10:15:58.234469" elapsed="0.000159"/>
</kw>
<var name="${keyTwo}">password</var>
<status status="PASS" start="2024-06-28T10:15:58.233248" elapsed="0.001598"/>
</iter>
<var>${keyTwo}</var>
<value>@{expected_keysTwo}</value>
<status status="PASS" start="2024-06-28T10:15:58.231274" elapsed="0.003692"/>
</for>
<status status="PASS" start="2024-06-28T10:15:58.122764" elapsed="0.112341"/>
</kw>
<doc>Testa a estrutura da resposta da API.</doc>
<tag>testeEstruturaResposta</tag>
<status status="PASS" start="2024-06-28T10:15:58.122167" elapsed="0.113086"/>
</test>
<test id="s1-s1-t4" name="Validar tipos de dados" line="28">
<kw name="Teste de Tipos de Dados" owner="random-user-service">
<kw name="GET On Session" owner="RequestsLibrary">
<msg time="2024-06-28T10:15:58.321120" level="INFO">GET Request : url=https://randomuser.me/api 
 path_url=/api 
 headers={'User-Agent': 'python-requests/2.32.3', 'Accept-Encoding': 'gzip, deflate', 'Accept': '*/*', 'Connection': 'keep-alive'} 
 body=None 
 </msg>
<msg time="2024-06-28T10:15:58.321209" level="INFO">GET Response : url=https://randomuser.me/api 
 status=200, reason=OK 
 headers={'Date': 'Fri, 28 Jun 2024 10:15:58 GMT', 'Content-Type': 'application/json; charset=utf-8', 'Transfer-Encoding': 'chunked', 'Connection': 'keep-alive', 'X-Powered-By': 'Express', 'Access-Control-Allow-Origin': '*', 'Cache-Control': 'no-cache', 'ETag': 'W/"494-oOuRNSt+8ZCczFyVxVV0X41zoGE"', 'Vary': 'Accept-Encoding', 'Content-Encoding': 'gzip', 'CF-Cache-Status': 'DYNAMIC', 'Report-To': '{"endpoints":[{"url":"https:\\/\\/a.nel.cloudflare.com\\/report\\/v4?s=h1vCcDS7YJH4XVkbN5Cj7HihysBPf51vve5sxUPrbdlPmR4CKdf440o3jResbqKuWRm9AKuOIm7LlzCdEIHL%2FJSGIkbegvd5AQUPvxWwGLxeJUZxWB%2Bicx3iUUzwAd%2Fr"}],"group":"cf-nel","max_age":604800}', 'NEL': '{"success_fraction":0,"report_to":"cf-nel","max_age":604800}', 'Server': 'cloudflare', 'CF-RAY': '89aceb2cf88d87a9-IAD', 'alt-svc': 'h3=":443"; ma=86400'} 
 body={"results":[{"gender":"female","name":{"title":"Mrs","first":"Ruža","last":"Trajković"},"location":{"street":{"number":5083,"name":"Lukarska"},"city":"Knić","state":"South Bačka","country":"Serbia","postcode":90879,"coordinates":{"latitude":"61.9713","longitude":"86.6820"},"timezone":{"offset":"-5:00","description":"Eastern Time (US &amp; Canada), Bogota, Lima"}},"email":"ruza.trajkovic@example.com","login":{"uuid":"bd74875c-ee6f-48bd-ad59-10b9ea446525","username":"organiccat131","password":"fast","salt":"5A9IQZj1","md5":"bcb566a19bfa5caff4218fcc8dcf1ebe","sha1":"7537e10c9a821cc999392cdbf7ab92973631b382","sha256":"15c9c94b55961eccf82d7db837ed90c0bf125a94a9cd30252a290bb62bff98ee"},"dob":{"date":"1985-06-20T08:38:52.753Z","age":39},"registered":{"date":"2013-10-11T15:34:44.477Z","age":10},"phone":"023-2431-349","cell":"060-5920-987","id":{"name":"SID","value":"633465836"},"picture":{"large":"https://randomuser.me/api/portraits/women/85.jpg","medium":"https://randomuser.me/api/portraits/med/women/85.jpg","thumbnail":"https://randomuser.me/api/portraits/thumb/women/85.jpg"},"nat":"RS"}],"info":{"seed":"9ed810bf1be34a80","results":1,"page":1,"version":"1.4"}} 
 </msg>
<msg time="2024-06-28T10:15:58.321292" level="INFO">/opt/hostedtoolcache/Python/3.12.4/x64/lib/python3.12/site-packages/urllib3/connectionpool.py:1099: InsecureRequestWarning: Unverified HTTPS request is being made to host 'randomuser.me'. Adding certificate verification is strongly advised. See: https://urllib3.readthedocs.io/en/latest/advanced-usage.html#tls-warnings
  warnings.warn(</msg>
<msg time="2024-06-28T10:15:58.321415" level="INFO">${response} = &lt;Response [200]&gt;</msg>
<var>${response}</var>
<arg>consultarAPI</arg>
<arg>/api</arg>
<doc>Sends a GET request on a previously created HTTP Session.</doc>
<status status="PASS" start="2024-06-28T10:15:58.237921" elapsed="0.083548"/>
</kw>
<kw name="Set Variable" owner="BuiltIn">
<msg time="2024-06-28T10:15:58.322560" level="INFO">${json_data} = {'results': [{'gender': 'female', 'name': {'title': 'Mrs', 'first': 'Ruža', 'last': 'Trajković'}, 'location': {'street': {'number': 5083, 'name': 'Lukarska'}, 'city': 'Knić', 'state': 'South Bačka', '...</msg>
<var>${json_data}</var>
<arg>${response.json()}</arg>
<doc>Returns the given values which can then be assigned to a variables.</doc>
<status status="PASS" start="2024-06-28T10:15:58.321970" elapsed="0.000621"/>
</kw>
<kw name="Log" owner="BuiltIn">
<msg time="2024-06-28T10:15:58.323061" level="INFO">{'results': [{'gender': 'female', 'name': {'title': 'Mrs', 'first': 'Ruža', 'last': 'Trajković'}, 'location': {'street': {'number': 5083, 'name': 'Lukarska'}, 'city': 'Knić', 'state': 'South Bačka', 'country': 'Serbia', 'postcode': 90879, 'coordinates': {'latitude': '61.9713', 'longitude': '86.6820'}, 'timezone': {'offset': '-5:00', 'description': 'Eastern Time (US &amp; Canada), Bogota, Lima'}}, 'email': 'ruza.trajkovic@example.com', 'login': {'uuid': 'bd74875c-ee6f-48bd-ad59-10b9ea446525', 'username': 'organiccat131', 'password': 'fast', 'salt': '5A9IQZj1', 'md5': 'bcb566a19bfa5caff4218fcc8dcf1ebe', 'sha1': '7537e10c9a821cc999392cdbf7ab92973631b382', 'sha256': '15c9c94b55961eccf82d7db837ed90c0bf125a94a9cd30252a290bb62bff98ee'}, 'dob': {'date': '1985-06-20T08:38:52.753Z', 'age': 39}, 'registered': {'date': '2013-10-11T15:34:44.477Z', 'age': 10}, 'phone': '023-2431-349', 'cell': '060-5920-987', 'id': {'name': 'SID', 'value': '633465836'}, 'picture': {'large': 'https://randomuser.me/api/portraits/women/85.jpg', 'medium': 'https://randomuser.me/api/portraits/med/women/85.jpg', 'thumbnail': 'https://randomuser.me/api/portraits/thumb/women/85.jpg'}, 'nat': 'RS'}], 'info': {'seed': '9ed810bf1be34a80', 'results': 1, 'page': 1, 'version': '1.4'}}</msg>
<arg>${json_data}</arg>
<doc>Logs the given message with the given level.</doc>
<status status="PASS" start="2024-06-28T10:15:58.322904" elapsed="0.000208"/>
</kw>
<kw name="Should Be String" owner="String">
<arg>${json_data['results'][0]['gender']}</arg>
<doc>Fails if the given ``item`` is not a string.</doc>
<status status="PASS" start="2024-06-28T10:15:58.323403" elapsed="0.000360"/>
</kw>
<kw name="Should Match Regexp" owner="BuiltIn">
<arg>${json_data['results'][0]['email']}</arg>
<arg>^[a-zA-Z0-9._%+-]+@[a-zA-Z0-9.-]+\.[a-zA-Z]{2,}$</arg>
<doc>Fails if ``string`` does not match ``pattern`` as a regular expression.</doc>
<status status="PASS" start="2024-06-28T10:15:58.323947" elapsed="0.000567"/>
</kw>
<kw name="Should Match Regexp" owner="BuiltIn">
<arg>${json_data['results'][0]['dob']['date']}</arg>
<arg>\\d{4}-\\d{2}-\\d{2}T\\d{2}:\\d{2}:\\d{2}\\.\\d{3}Z</arg>
<doc>Fails if ``string`` does not match ``pattern`` as a regular expression.</doc>
<status status="PASS" start="2024-06-28T10:15:58.324745" elapsed="0.000497"/>
</kw>
<kw name="Should Match Regexp" owner="BuiltIn">
<arg>${json_data['results'][0]['registered']['date']}</arg>
<arg>\\d{4}-\\d{2}-\\d{2}T\\d{2}:\\d{2}:\\d{2}\\.\\d{3}Z</arg>
<doc>Fails if ``string`` does not match ``pattern`` as a regular expression.</doc>
<status status="PASS" start="2024-06-28T10:15:58.325433" elapsed="0.000376"/>
</kw>
<kw name="Should Match Regexp" owner="BuiltIn">
<arg>${json_data['results'][0]['picture']['large']}</arg>
<arg>^https?://.*\.(?:png|jpe?g|gif|bmp)$</arg>
<doc>Fails if ``string`` does not match ``pattern`` as a regular expression.</doc>
<status status="PASS" start="2024-06-28T10:15:58.325995" elapsed="0.000458"/>
</kw>
<kw name="Should Match Regexp" owner="BuiltIn">
<arg>${json_data['results'][0]['picture']['medium']}</arg>
<arg>^https?://.*\.(?:png|jpe?g|gif|bmp)$</arg>
<doc>Fails if ``string`` does not match ``pattern`` as a regular expression.</doc>
<status status="PASS" start="2024-06-28T10:15:58.326638" elapsed="0.000347"/>
</kw>
<kw name="Should Match Regexp" owner="BuiltIn">
<arg>${json_data['results'][0]['picture']['thumbnail']}</arg>
<arg>^https?://.*\.(?:png|jpe?g|gif|bmp)$</arg>
<doc>Fails if ``string`` does not match ``pattern`` as a regular expression.</doc>
<status status="PASS" start="2024-06-28T10:15:58.327166" elapsed="0.000346"/>
</kw>
<kw name="Log" owner="BuiltIn">
<msg time="2024-06-28T10:15:58.328041" level="INFO">{'large': 'https://randomuser.me/api/portraits/women/85.jpg', 'medium': 'https://randomuser.me/api/portraits/med/women/85.jpg', 'thumbnail': 'https://randomuser.me/api/portraits/thumb/women/85.jpg'}</msg>
<arg>${json_data['results'][0]['picture']}</arg>
<doc>Logs the given message with the given level.</doc>
<status status="PASS" start="2024-06-28T10:15:58.327695" elapsed="0.000388"/>
</kw>
<status status="PASS" start="2024-06-28T10:15:58.237693" elapsed="0.090670"/>
</kw>
<kw name="Teste de Tipos de Dados - Postcode" owner="random-user-service">
<kw name="GET On Session" owner="RequestsLibrary">
<msg time="2024-06-28T10:15:58.416702" level="INFO">GET Request : url=https://randomuser.me/api 
 path_url=/api 
 headers={'User-Agent': 'python-requests/2.32.3', 'Accept-Encoding': 'gzip, deflate', 'Accept': '*/*', 'Connection': 'keep-alive'} 
 body=None 
 </msg>
<msg time="2024-06-28T10:15:58.416780" level="INFO">GET Response : url=https://randomuser.me/api 
 status=200, reason=OK 
 headers={'Date': 'Fri, 28 Jun 2024 10:15:58 GMT', 'Content-Type': 'application/json; charset=utf-8', 'Transfer-Encoding': 'chunked', 'Connection': 'keep-alive', 'X-Powered-By': 'Express', 'Access-Control-Allow-Origin': '*', 'Cache-Control': 'no-cache', 'ETag': 'W/"48b-I2TIe0YPne5cQHXKnxYtzCuGqF0"', 'Vary': 'Accept-Encoding', 'Content-Encoding': 'gzip', 'CF-Cache-Status': 'DYNAMIC', 'Report-To': '{"endpoints":[{"url":"https:\\/\\/a.nel.cloudflare.com\\/report\\/v4?s=ydLjDnzVqtvEGxlyNVc90yuBg4qN42g72e11VZqK1esmAHxMafKCd6LTz01r0aJ2sAW1bO3sdHMUi3p4AJSGqi%2Bq2S8RO4Nb9nWc8nEPTDU%2BQzwpbKU9nMm79W8HiLtk"}],"group":"cf-nel","max_age":604800}', 'NEL': '{"success_fraction":0,"report_to":"cf-nel","max_age":604800}', 'Server': 'cloudflare', 'CF-RAY': '89aceb2d898287a9-IAD', 'alt-svc': 'h3=":443"; ma=86400'} 
 body={"results":[{"gender":"male","name":{"title":"Mr","first":"Oliver","last":"Kokko"},"location":{"street":{"number":9451,"name":"Hämeentie"},"city":"Juuka","state":"Northern Savonia","country":"Finland","postcode":93220,"coordinates":{"latitude":"-29.9650","longitude":"-90.2450"},"timezone":{"offset":"+2:00","description":"Kaliningrad, South Africa"}},"email":"oliver.kokko@example.com","login":{"uuid":"a58f437e-cf41-481c-a1a6-8f5022f8d4fe","username":"purplegorilla591","password":"backdoor","salt":"W8qfGfVO","md5":"d64f6055e75dfdcf8e02ade5f9487cab","sha1":"545772f47e8fe98744c070c879882559428d70d0","sha256":"34f487ce7944c05f5b96a3e61085c327e0f5402484fd0ec153c955c5f99f65ae"},"dob":{"date":"1997-11-24T15:57:10.446Z","age":26},"registered":{"date":"2009-07-07T14:55:21.842Z","age":14},"phone":"03-195-829","cell":"049-094-53-38","id":{"name":"HETU","value":"NaNNA467undefined"},"picture":{"large":"https://randomuser.me/api/portraits/men/3.jpg","medium":"https://randomuser.me/api/portraits/med/men/3.jpg","thumbnail":"https://randomuser.me/api/portraits/thumb/men/3.jpg"},"nat":"FI"}],"info":{"seed":"e02f4e81bc610cce","results":1,"page":1,"version":"1.4"}} 
 </msg>
<msg time="2024-06-28T10:15:58.416852" level="INFO">/opt/hostedtoolcache/Python/3.12.4/x64/lib/python3.12/site-packages/urllib3/connectionpool.py:1099: InsecureRequestWarning: Unverified HTTPS request is being made to host 'randomuser.me'. Adding certificate verification is strongly advised. See: https://urllib3.readthedocs.io/en/latest/advanced-usage.html#tls-warnings
  warnings.warn(</msg>
<msg time="2024-06-28T10:15:58.416959" level="INFO">${response} = &lt;Response [200]&gt;</msg>
<var>${response}</var>
<arg>consultarAPI</arg>
<arg>/api</arg>
<doc>Sends a GET request on a previously created HTTP Session.</doc>
<status status="PASS" start="2024-06-28T10:15:58.328800" elapsed="0.088209"/>
</kw>
<kw name="Set Variable" owner="BuiltIn">
<msg time="2024-06-28T10:15:58.418111" level="INFO">${json_data} = {'results': [{'gender': 'male', 'name': {'title': 'Mr', 'first': 'Oliver', 'last': 'Kokko'}, 'location': {'street': {'number': 9451, 'name': 'Hämeentie'}, 'city': 'Juuka', 'state': 'Northern Savonia',...</msg>
<var>${json_data}</var>
<arg>${response.json()}</arg>
<doc>Returns the given values which can then be assigned to a variables.</doc>
<status status="PASS" start="2024-06-28T10:15:58.417526" elapsed="0.000614"/>
</kw>
<kw name="Log" owner="BuiltIn">
<msg time="2024-06-28T10:15:58.418604" level="INFO">{'results': [{'gender': 'male', 'name': {'title': 'Mr', 'first': 'Oliver', 'last': 'Kokko'}, 'location': {'street': {'number': 9451, 'name': 'Hämeentie'}, 'city': 'Juuka', 'state': 'Northern Savonia', 'country': 'Finland', 'postcode': 93220, 'coordinates': {'latitude': '-29.9650', 'longitude': '-90.2450'}, 'timezone': {'offset': '+2:00', 'description': 'Kaliningrad, South Africa'}}, 'email': 'oliver.kokko@example.com', 'login': {'uuid': 'a58f437e-cf41-481c-a1a6-8f5022f8d4fe', 'username': 'purplegorilla591', 'password': 'backdoor', 'salt': 'W8qfGfVO', 'md5': 'd64f6055e75dfdcf8e02ade5f9487cab', 'sha1': '545772f47e8fe98744c070c879882559428d70d0', 'sha256': '34f487ce7944c05f5b96a3e61085c327e0f5402484fd0ec153c955c5f99f65ae'}, 'dob': {'date': '1997-11-24T15:57:10.446Z', 'age': 26}, 'registered': {'date': '2009-07-07T14:55:21.842Z', 'age': 14}, 'phone': '03-195-829', 'cell': '049-094-53-38', 'id': {'name': 'HETU', 'value': 'NaNNA467undefined'}, 'picture': {'large': 'https://randomuser.me/api/portraits/men/3.jpg', 'medium': 'https://randomuser.me/api/portraits/med/men/3.jpg', 'thumbnail': 'https://randomuser.me/api/portraits/thumb/men/3.jpg'}, 'nat': 'FI'}], 'info': {'seed': 'e02f4e81bc610cce', 'results': 1, 'page': 1, 'version': '1.4'}}</msg>
<arg>${json_data}</arg>
<doc>Logs the given message with the given level.</doc>
<status status="PASS" start="2024-06-28T10:15:58.418446" elapsed="0.000206"/>
</kw>
<kw name="Should Be Equal As Numbers" owner="BuiltIn">
<arg>${json_data['results'][0]['location']['postcode']}</arg>
<arg>${json_data['results'][0]['location']['postcode']}</arg>
<doc>Fails if objects are unequal after converting them to real numbers.</doc>
<status status="PASS" start="2024-06-28T10:15:58.418944" elapsed="0.000614"/>
</kw>
<kw name="Log" owner="BuiltIn">
<msg time="2024-06-28T10:15:58.420073" level="INFO">93220</msg>
<arg>${json_data['results'][0]['location']['postcode']}</arg>
<doc>Logs the given message with the given level.</doc>
<status status="PASS" start="2024-06-28T10:15:58.419741" elapsed="0.000370"/>
</kw>
<status status="PASS" start="2024-06-28T10:15:58.328577" elapsed="0.091814"/>
</kw>
<doc>Testa se os tipos de dados na resposta da API estão corretos.</doc>
<tag>testeTiposDados</tag>
<status status="PASS" start="2024-06-28T10:15:58.237035" elapsed="0.183548"/>
</test>
<test id="s1-s1-t5" name="Validar conteudo" line="35">
<kw name="Teste de Tipos de Conteudo" owner="random-user-service">
<kw name="GET On Session" owner="RequestsLibrary">
<msg time="2024-06-28T10:15:58.519643" level="INFO">GET Request : url=https://randomuser.me/api 
 path_url=/api 
 headers={'User-Agent': 'python-requests/2.32.3', 'Accept-Encoding': 'gzip, deflate', 'Accept': '*/*', 'Connection': 'keep-alive'} 
 body=None 
 </msg>
<msg time="2024-06-28T10:15:58.519727" level="INFO">GET Response : url=https://randomuser.me/api 
 status=200, reason=OK 
 headers={'Date': 'Fri, 28 Jun 2024 10:15:58 GMT', 'Content-Type': 'application/json; charset=utf-8', 'Transfer-Encoding': 'chunked', 'Connection': 'keep-alive', 'X-Powered-By': 'Express', 'Access-Control-Allow-Origin': '*', 'Cache-Control': 'no-cache', 'ETag': 'W/"477-DRDN57B44bV78VkA7j0Psq6N+BU"', 'Vary': 'Accept-Encoding', 'Content-Encoding': 'gzip', 'CF-Cache-Status': 'DYNAMIC', 'Report-To': '{"endpoints":[{"url":"https:\\/\\/a.nel.cloudflare.com\\/report\\/v4?s=WQcg%2FRRROJBJEuGWl%2FoanxP7GEd2ONQZITd3fGOO1Sz%2BBpksC%2B36oj9vjIhuLsb7gUKVwWxiBT2ri6rKM3nP8BcFKyqn77cNc2M6VL3Klv2qtoSHepgLqzXUx0TCgfJx"}],"group":"cf-nel","max_age":604800}', 'NEL': '{"success_fraction":0,"report_to":"cf-nel","max_age":604800}', 'Server': 'cloudflare', 'CF-RAY': '89aceb2e2a5b87a9-IAD', 'alt-svc': 'h3=":443"; ma=86400'} 
 body={"results":[{"gender":"male","name":{"title":"Mr","first":"Bernard","last":"Torvund"},"location":{"street":{"number":8214,"name":"Thomles gate"},"city":"Namnå","state":"Nord-Trøndelag","country":"Norway","postcode":"7453","coordinates":{"latitude":"45.7080","longitude":"-79.7115"},"timezone":{"offset":"-2:00","description":"Mid-Atlantic"}},"email":"bernard.torvund@example.com","login":{"uuid":"2e6dd87a-3778-44d3-9df6-6f54c6b77220","username":"yellowkoala462","password":"snoopdog","salt":"oDBFq1mY","md5":"af9c74ae91c4cf46c5f4c4c45c53a21b","sha1":"039b216c4b8ba509d9f2d75c68d5c7926ce4ef66","sha256":"451618bfca4484aec9dd9e0cd5228bd064ed8f54fefdae6af128f435df9fe0d9"},"dob":{"date":"2000-01-22T16:48:18.399Z","age":24},"registered":{"date":"2009-05-01T20:02:25.229Z","age":15},"phone":"73644110","cell":"99742215","id":{"name":"FN","value":"22010094511"},"picture":{"large":"https://randomuser.me/api/portraits/men/31.jpg","medium":"https://randomuser.me/api/portraits/med/men/31.jpg","thumbnail":"https://randomuser.me/api/portraits/thumb/men/31.jpg"},"nat":"NO"}],"info":{"seed":"4792fa85bc032d29","results":1,"page":1,"version":"1.4"}} 
 </msg>
<msg time="2024-06-28T10:15:58.519812" level="INFO">/opt/hostedtoolcache/Python/3.12.4/x64/lib/python3.12/site-packages/urllib3/connectionpool.py:1099: InsecureRequestWarning: Unverified HTTPS request is being made to host 'randomuser.me'. Adding certificate verification is strongly advised. See: https://urllib3.readthedocs.io/en/latest/advanced-usage.html#tls-warnings
  warnings.warn(</msg>
<msg time="2024-06-28T10:15:58.519936" level="INFO">${response} = &lt;Response [200]&gt;</msg>
<var>${response}</var>
<arg>consultarAPI</arg>
<arg>/api</arg>
<doc>Sends a GET request on a previously created HTTP Session.</doc>
<status status="PASS" start="2024-06-28T10:15:58.423189" elapsed="0.096791"/>
</kw>
<kw name="Set Variable" owner="BuiltIn">
<msg time="2024-06-28T10:15:58.520828" level="INFO">${json_data} = {'results': [{'gender': 'male', 'name': {'title': 'Mr', 'first': 'Bernard', 'last': 'Torvund'}, 'location': {'street': {'number': 8214, 'name': 'Thomles gate'}, 'city': 'Namnå', 'state': 'Nord-Trøndel...</msg>
<var>${json_data}</var>
<arg>${response.json()}</arg>
<doc>Returns the given values which can then be assigned to a variables.</doc>
<status status="PASS" start="2024-06-28T10:15:58.520381" elapsed="0.000475"/>
</kw>
<kw name="Set Variable" owner="BuiltIn">
<msg time="2024-06-28T10:15:58.521527" level="INFO">${name_title} = Mr</msg>
<var>${name_title}</var>
<arg>${json_data["results"][0]["name"]["title"]}</arg>
<doc>Returns the given values which can then be assigned to a variables.</doc>
<status status="PASS" start="2024-06-28T10:15:58.521155" elapsed="0.000397"/>
</kw>
<kw name="Create List" owner="BuiltIn">
<msg time="2024-06-28T10:15:58.521990" level="INFO">${allowed_titles} = ['Mr', 'Ms', 'Miss', 'Mrs', 'Madame', 'Monsieur']</msg>
<var>${allowed_titles}</var>
<arg>Mr</arg>
<arg>Ms</arg>
<arg>Miss</arg>
<arg>Mrs</arg>
<arg>Madame</arg>
<arg>Monsieur</arg>
<doc>Returns a list containing given items.</doc>
<status status="PASS" start="2024-06-28T10:15:58.521844" elapsed="0.000170"/>
</kw>
<kw name="List Should Contain Value" owner="Collections">
<arg>${allowed_titles}</arg>
<arg>${name_title}</arg>
<doc>Fails if the ``value`` is not found from ``list``.</doc>
<status status="PASS" start="2024-06-28T10:15:58.522303" elapsed="0.000171"/>
</kw>
<kw name="Set Variable" owner="BuiltIn">
<msg time="2024-06-28T10:15:58.523026" level="INFO">${name_country} = NO</msg>
<var>${name_country}</var>
<arg>${json_data["results"][0]["nat"]}</arg>
<doc>Returns the given values which can then be assigned to a variables.</doc>
<status status="PASS" start="2024-06-28T10:15:58.522668" elapsed="0.000382"/>
</kw>
<kw name="Create List" owner="BuiltIn">
<msg time="2024-06-28T10:15:58.523928" level="INFO">${list_country} = ['AD', 'AE', 'AF', 'AG', 'AI', 'AL', 'AM', 'AO', 'AQ', 'AR', 'AS', 'AT', 'AU', 'AW', 'AX', 'AZ', 'BA', 'BB', 'BD', 'BE', 'BF', 'BG', 'BH', 'BI', 'BJ', 'BL', 'BM', 'BN', 'BO', 'BQ', 'BR', 'BS', 'BT', '...</msg>
<var>${list_country}</var>
<arg>AD</arg>
<arg>AE</arg>
<arg>AF</arg>
<arg>AG</arg>
<arg>AI</arg>
<arg>AL</arg>
<arg>AM</arg>
<arg>AO</arg>
<arg>AQ</arg>
<arg>AR</arg>
<arg>AS</arg>
<arg>AT</arg>
<arg>AU</arg>
<arg>AW</arg>
<arg>AX</arg>
<arg>AZ</arg>
<arg>BA</arg>
<arg>BB</arg>
<arg>BD</arg>
<arg>BE</arg>
<arg>BF</arg>
<arg>BG</arg>
<arg>BH</arg>
<arg>BI</arg>
<arg>BJ</arg>
<arg>BL</arg>
<arg>BM</arg>
<arg>BN</arg>
<arg>BO</arg>
<arg>BQ</arg>
<arg>BR</arg>
<arg>BS</arg>
<arg>BT</arg>
<arg>BV</arg>
<arg>BW</arg>
<arg>BY</arg>
<arg>BZ</arg>
<arg>CA</arg>
<arg>CC</arg>
<arg>CD</arg>
<arg>CF</arg>
<arg>CG</arg>
<arg>CH</arg>
<arg>CI</arg>
<arg>CK</arg>
<arg>CL</arg>
<arg>CM</arg>
<arg>CN</arg>
<arg>CO</arg>
<arg>CR</arg>
<arg>CU</arg>
<arg>CV</arg>
<arg>CW</arg>
<arg>CX</arg>
<arg>CY</arg>
<arg>CZ</arg>
<arg>DE</arg>
<arg>DJ</arg>
<arg>DK</arg>
<arg>DM</arg>
<arg>DO</arg>
<arg>DZ</arg>
<arg>EC</arg>
<arg>EE</arg>
<arg>EG</arg>
<arg>EH</arg>
<arg>ER</arg>
<arg>ES</arg>
<arg>ET</arg>
<arg>FI</arg>
<arg>FJ</arg>
<arg>FK</arg>
<arg>FM</arg>
<arg>FO</arg>
<arg>FR</arg>
<arg>GA</arg>
<arg>GB</arg>
<arg>GD</arg>
<arg>GE</arg>
<arg>GF</arg>
<arg>GG</arg>
<arg>GH</arg>
<arg>GI</arg>
<arg>GL</arg>
<arg>GM</arg>
<arg>GN</arg>
<arg>GP</arg>
<arg>GQ</arg>
<arg>GR</arg>
<arg>GS</arg>
<arg>GT</arg>
<arg>GU</arg>
<arg>GW</arg>
<arg>GY</arg>
<arg>HK</arg>
<arg>HM</arg>
<arg>HN</arg>
<arg>HR</arg>
<arg>HT</arg>
<arg>HU</arg>
<arg>ID</arg>
<arg>IE</arg>
<arg>IL</arg>
<arg>IM</arg>
<arg>IN</arg>
<arg>IO</arg>
<arg>IQ</arg>
<arg>IR</arg>
<arg>IS</arg>
<arg>IT</arg>
<arg>JE</arg>
<arg>JM</arg>
<arg>JO</arg>
<arg>JP</arg>
<arg>KE</arg>
<arg>KG</arg>
<arg>KH</arg>
<arg>KI</arg>
<arg>KM</arg>
<arg>KN</arg>
<arg>KP</arg>
<arg>KR</arg>
<arg>KW</arg>
<arg>KY</arg>
<arg>KZ</arg>
<arg>LA</arg>
<arg>LB</arg>
<arg>LC</arg>
<arg>LI</arg>
<arg>LK</arg>
<arg>LR</arg>
<arg>LS</arg>
<arg>LT</arg>
<arg>LU</arg>
<arg>LV</arg>
<arg>LY</arg>
<arg>MA</arg>
<arg>MC</arg>
<arg>MD</arg>
<arg>ME</arg>
<arg>MF</arg>
<arg>MG</arg>
<arg>MH</arg>
<arg>MK</arg>
<arg>ML</arg>
<arg>MM</arg>
<arg>MN</arg>
<arg>MO</arg>
<arg>MP</arg>
<arg>MQ</arg>
<arg>MR</arg>
<arg>MS</arg>
<arg>MT</arg>
<arg>MU</arg>
<arg>MV</arg>
<arg>MW</arg>
<arg>MX</arg>
<arg>MY</arg>
<arg>MZ</arg>
<arg>NA</arg>
<arg>NC</arg>
<arg>NE</arg>
<arg>NF</arg>
<arg>NG</arg>
<arg>NI</arg>
<arg>NL</arg>
<arg>NO</arg>
<arg>NP</arg>
<arg>NR</arg>
<arg>NU</arg>
<arg>NZ</arg>
<arg>OM</arg>
<arg>PA</arg>
<arg>PE</arg>
<arg>PF</arg>
<arg>PG</arg>
<arg>PH</arg>
<arg>PK</arg>
<arg>PL</arg>
<arg>PM</arg>
<arg>PN</arg>
<arg>PR</arg>
<arg>PS</arg>
<arg>PT</arg>
<arg>PW</arg>
<arg>PY</arg>
<arg>QA</arg>
<arg>RE</arg>
<arg>RO</arg>
<arg>RS</arg>
<arg>RU</arg>
<arg>RW</arg>
<arg>SA</arg>
<arg>SB</arg>
<arg>SC</arg>
<arg>SD</arg>
<arg>SE</arg>
<arg>SG</arg>
<arg>SH</arg>
<arg>SI</arg>
<arg>SJ</arg>
<arg>SK</arg>
<arg>SL</arg>
<arg>SM</arg>
<arg>SN</arg>
<arg>SO</arg>
<arg>SR</arg>
<arg>SS</arg>
<arg>ST</arg>
<arg>SV</arg>
<arg>SX</arg>
<arg>SY</arg>
<arg>SZ</arg>
<arg>TC</arg>
<arg>TD</arg>
<arg>TF</arg>
<arg>TG</arg>
<arg>TH</arg>
<arg>TJ</arg>
<arg>TK</arg>
<arg>TL</arg>
<arg>TM</arg>
<arg>TN</arg>
<arg>TO</arg>
<arg>TR</arg>
<arg>TT</arg>
<arg>TV</arg>
<arg>TW</arg>
<arg>TZ</arg>
<arg>UA</arg>
<arg>UG</arg>
<arg>UM</arg>
<arg>US</arg>
<arg>UY</arg>
<arg>UZ</arg>
<arg>VA</arg>
<arg>VC</arg>
<arg>VE</arg>
<arg>VG</arg>
<arg>VI</arg>
<arg>VN</arg>
<arg>VU</arg>
<arg>WF</arg>
<arg>WS</arg>
<arg>XK</arg>
<arg>YE</arg>
<arg>YT</arg>
<arg>ZA</arg>
<arg>ZM</arg>
<arg>ZW</arg>
<doc>Returns a list containing given items.</doc>
<status status="PASS" start="2024-06-28T10:15:58.523333" elapsed="0.000620"/>
</kw>
<kw name="List Should Contain Value" owner="Collections">
<arg>${list_country}</arg>
<arg>${name_country}</arg>
<doc>Fails if the ``value`` is not found from ``list``.</doc>
<status status="PASS" start="2024-06-28T10:15:58.524791" elapsed="0.000203"/>
</kw>
<kw name="Run Keyword If" owner="BuiltIn">
<kw name="Should Be True" owner="BuiltIn">
<arg>${True}</arg>
<doc>Fails if the given condition is not true.</doc>
<status status="PASS" start="2024-06-28T10:15:58.525973" elapsed="0.000141"/>
</kw>
<arg>${json_data["results"][0]["location"]["coordinates"]["latitude"]} &gt;= -90 and ${json_data["results"][0]["location"]["coordinates"]["latitude"]} &lt;= 90</arg>
<arg>Should Be True</arg>
<arg>${True}</arg>
<doc>Runs the given keyword with the given arguments, if ``condition`` is true.</doc>
<status status="PASS" start="2024-06-28T10:15:58.525192" elapsed="0.001045"/>
</kw>
<kw name="Run Keyword If" owner="BuiltIn">
<kw name="Should Be True" owner="BuiltIn">
<arg>${True}</arg>
<doc>Fails if the given condition is not true.</doc>
<status status="PASS" start="2024-06-28T10:15:58.527106" elapsed="0.000133"/>
</kw>
<arg>${json_data["results"][0]["location"]["coordinates"]["longitude"]} &gt;= -180 and ${json_data["results"][0]["location"]["coordinates"]["longitude"]} &lt;= 180</arg>
<arg>Should Be True</arg>
<arg>${True}</arg>
<doc>Runs the given keyword with the given arguments, if ``condition`` is true.</doc>
<status status="PASS" start="2024-06-28T10:15:58.526423" elapsed="0.000935"/>
</kw>
<status status="PASS" start="2024-06-28T10:15:58.422841" elapsed="0.104642"/>
</kw>
<doc>Testa o conteúdo específico dos campos retornados pela API.</doc>
<tag>testeConteudo</tag>
<status status="PASS" start="2024-06-28T10:15:58.422336" elapsed="0.105288"/>
</test>
<status status="PASS" start="2024-06-28T10:15:57.619623" elapsed="0.909926"/>
</suite>
<status status="PASS" start="2024-06-28T10:15:57.605253" elapsed="0.929351"/>
</suite>
<statistics>
<total>
<stat pass="5" fail="0" skip="0">All Tests</stat>
</total>
<tag>
<stat pass="1" fail="0" skip="0">testeConteudo</stat>
<stat pass="1" fail="0" skip="0">testeEstruturaResposta</stat>
<stat pass="1" fail="0" skip="0">testeRequisicaoBasica</stat>
<stat pass="1" fail="0" skip="0">testeTiposDados</stat>
</tag>
<suite>
<stat pass="5" fail="0" skip="0" id="s1" name="Tests">Tests</stat>
<stat pass="5" fail="0" skip="0" id="s1-s1" name="Random-User-Test">Tests.Random-User-Test</stat>
</suite>
</statistics>
<errors>
</errors>
</robot>
