<?xml version="1.0" encoding="UTF-8"?>
<robot generator="Robot 7.0.1 (Python 3.12.3 on linux)" generated="2024-06-12T10:15:55.866494" rpa="false" schemaversion="5">
<suite id="s1" name="Tests" source="/home/runner/work/ApiRandomUser/ApiRandomUser/RamdonUser/tests">
<suite id="s1-s1" name="Random-User-Test" source="/home/runner/work/ApiRandomUser/ApiRandomUser/RamdonUser/tests/random-user-test.robot">
<test id="s1-s1-t1" name="Conectar" line="13">
<kw name="Conectar API" owner="random-user-service">
<kw name="Create Session" owner="RequestsLibrary">
<msg time="2024-06-12T10:15:56.254989" level="INFO">Creating Session using : alias=consultarAPI, url=https://randomuser.me/, headers={},                     cookies={}, auth=None, timeout=None, proxies=None, verify=False,                     debug=0 </msg>
<arg>consultarAPI</arg>
<arg>${URL}</arg>
<doc>Create Session: create a HTTP session to a server</doc>
<status status="PASS" start="2024-06-12T10:15:56.254787" elapsed="0.000392"/>
</kw>
<status status="PASS" start="2024-06-12T10:15:56.253812" elapsed="0.001730"/>
</kw>
<status status="PASS" start="2024-06-12T10:15:56.253241" elapsed="0.002497"/>
</test>
<test id="s1-s1-t2" name="Validar retorno 200 e JSON Válido" line="16">
<kw name="Teste de Requisicao Basica" owner="random-user-service">
<kw name="GET On Session" owner="RequestsLibrary">
<msg time="2024-06-12T10:15:56.337062" level="INFO">GET Request : url=https://randomuser.me/api 
 path_url=/api 
 headers={'User-Agent': 'python-requests/2.32.3', 'Accept-Encoding': 'gzip, deflate', 'Accept': '*/*', 'Connection': 'keep-alive'} 
 body=None 
 </msg>
<msg time="2024-06-12T10:15:56.337224" level="INFO">GET Response : url=https://randomuser.me/api 
 status=200, reason=OK 
 headers={'Date': 'Wed, 12 Jun 2024 10:15:56 GMT', 'Content-Type': 'application/json; charset=utf-8', 'Transfer-Encoding': 'chunked', 'Connection': 'keep-alive', 'X-Powered-By': 'Express', 'Access-Control-Allow-Origin': '*', 'Cache-Control': 'no-cache', 'ETag': 'W/"48b-qTVwlwSNRs1xn1IuVUxeAhVgwq8"', 'Vary': 'Accept-Encoding', 'Content-Encoding': 'gzip', 'CF-Cache-Status': 'DYNAMIC', 'Report-To': '{"endpoints":[{"url":"https:\\/\\/a.nel.cloudflare.com\\/report\\/v4?s=%2F6ZbtYHdn7sekLPvUvlkyYUMeTk2Jj9moNixtHAC1TDp2neJZmU5pq85Rw9MnVd%2BlKuXAJIidFo2bRR5%2FifcxWvC3D2nLmSYxARHWzoQvGPi0qmgYMhy7AmLYeiW%2BJPY"}],"group":"cf-nel","max_age":604800}', 'NEL': '{"success_fraction":0,"report_to":"cf-nel","max_age":604800}', 'Server': 'cloudflare', 'CF-RAY': '89291520dbbd2069-IAD', 'alt-svc': 'h3=":443"; ma=86400'} 
 body={"results":[{"gender":"female","name":{"title":"Mrs","first":"Avery","last":"Peters"},"location":{"street":{"number":985,"name":"South Street"},"city":"Sligo","state":"Monaghan","country":"Ireland","postcode":42927,"coordinates":{"latitude":"-3.8969","longitude":"3.2947"},"timezone":{"offset":"-5:00","description":"Eastern Time (US &amp; Canada), Bogota, Lima"}},"email":"avery.peters@example.com","login":{"uuid":"2b941bdb-567e-4fd3-9c67-f91fd36ffb40","username":"lazyzebra621","password":"ggggg","salt":"yE58ZmuY","md5":"9fcfcc86c218eb49d3a9d1db31be7055","sha1":"294661766b01095a1473675bd44d1f81b9d6229f","sha256":"a8b3943932f40853d51c4c4e979fe5cc1a11ca5fe1fe9c80677f50901d897daf"},"dob":{"date":"1949-07-30T12:23:45.736Z","age":74},"registered":{"date":"2021-09-11T12:40:26.043Z","age":2},"phone":"021-399-7207","cell":"081-974-5949","id":{"name":"PPS","value":"2188706T"},"picture":{"large":"https://randomuser.me/api/portraits/women/79.jpg","medium":"https://randomuser.me/api/portraits/med/women/79.jpg","thumbnail":"https://randomuser.me/api/portraits/thumb/women/79.jpg"},"nat":"IE"}],"info":{"seed":"548d1cba0ebecb24","results":1,"page":1,"version":"1.4"}} 
 </msg>
<msg time="2024-06-12T10:15:56.337306" level="INFO">/opt/hostedtoolcache/Python/3.12.3/x64/lib/python3.12/site-packages/urllib3/connectionpool.py:1103: InsecureRequestWarning: Unverified HTTPS request is being made to host 'randomuser.me'. Adding certificate verification is strongly advised. See: https://urllib3.readthedocs.io/en/latest/advanced-usage.html#tls-warnings
  warnings.warn(</msg>
<msg time="2024-06-12T10:15:56.337433" level="INFO">${response} = &lt;Response [200]&gt;</msg>
<var>${response}</var>
<arg>consultarAPI</arg>
<arg>/api</arg>
<doc>Sends a GET request on a previously created HTTP Session.</doc>
<status status="PASS" start="2024-06-12T10:15:56.258387" elapsed="0.079088"/>
</kw>
<kw name="Should Be Equal As Numbers" owner="BuiltIn">
<msg time="2024-06-12T10:15:56.338653" level="INFO">Argument types are:
&lt;class 'int'&gt;
&lt;class 'str'&gt;</msg>
<arg>${response.status_code}</arg>
<arg>200</arg>
<doc>Fails if objects are unequal after converting them to real numbers.</doc>
<status status="PASS" start="2024-06-12T10:15:56.338119" elapsed="0.000604"/>
</kw>
<kw name="Log" owner="BuiltIn">
<msg time="2024-06-12T10:15:56.339480" level="INFO">200</msg>
<arg>${response.status_code}</arg>
<doc>Logs the given message with the given level.</doc>
<status status="PASS" start="2024-06-12T10:15:56.339108" elapsed="0.000421"/>
</kw>
<kw name="Set Variable" owner="BuiltIn">
<msg time="2024-06-12T10:15:56.340286" level="INFO">${json_data} = {'results': [{'gender': 'female', 'name': {'title': 'Mrs', 'first': 'Avery', 'last': 'Peters'}, 'location': {'street': {'number': 985, 'name': 'South Street'}, 'city': 'Sligo', 'state': 'Monaghan', 'c...</msg>
<var>${json_data}</var>
<arg>${response.json()}</arg>
<doc>Returns the given values which can then be assigned to a variables.</doc>
<status status="PASS" start="2024-06-12T10:15:56.339848" elapsed="0.000466"/>
</kw>
<kw name="Dictionary Should Contain Key" owner="Collections">
<arg>${json_data}</arg>
<arg>results</arg>
<doc>Fails if ``key`` is not found from ``dictionary``.</doc>
<status status="PASS" start="2024-06-12T10:15:56.340615" elapsed="0.000209"/>
</kw>
<status status="PASS" start="2024-06-12T10:15:56.258144" elapsed="0.082839"/>
</kw>
<doc>Testa se a API responde corretamente e retorna um objeto JSON válido.</doc>
<tag>testeRequisicaoBasica</tag>
<status status="PASS" start="2024-06-12T10:15:56.257676" elapsed="0.083484"/>
</test>
<test id="s1-s1-t3" name="Validar estrutura de resposta" line="22">
<kw name="Teste de Estrutura de Resposta" owner="random-user-service">
<kw name="GET On Session" owner="RequestsLibrary">
<msg time="2024-06-12T10:15:56.431360" level="INFO">GET Request : url=https://randomuser.me/api 
 path_url=/api 
 headers={'User-Agent': 'python-requests/2.32.3', 'Accept-Encoding': 'gzip, deflate', 'Accept': '*/*', 'Connection': 'keep-alive'} 
 body=None 
 </msg>
<msg time="2024-06-12T10:15:56.431457" level="INFO">GET Response : url=https://randomuser.me/api 
 status=200, reason=OK 
 headers={'Date': 'Wed, 12 Jun 2024 10:15:56 GMT', 'Content-Type': 'application/json; charset=utf-8', 'Transfer-Encoding': 'chunked', 'Connection': 'keep-alive', 'X-Powered-By': 'Express', 'Access-Control-Allow-Origin': '*', 'Cache-Control': 'no-cache', 'ETag': 'W/"4a0-7sBE+11eZMgvVKlJ/sv4JUz4qA0"', 'Vary': 'Accept-Encoding', 'Content-Encoding': 'gzip', 'CF-Cache-Status': 'DYNAMIC', 'Report-To': '{"endpoints":[{"url":"https:\\/\\/a.nel.cloudflare.com\\/report\\/v4?s=5sWmC4kz1ZRNw1ooUHtfX8j1QzL5EJojTnqYYlJoMnINbJo9o4onKPesTDqAVUjXF7nuy0coHVPkfY8EdVZdWHZvQumlmmQZZS2lUnziLeZzJbZs09XfZgXiRZV43DYm"}],"group":"cf-nel","max_age":604800}', 'NEL': '{"success_fraction":0,"report_to":"cf-nel","max_age":604800}', 'Server': 'cloudflare', 'CF-RAY': '892915212c082069-IAD', 'alt-svc': 'h3=":443"; ma=86400'} 
 body={"results":[{"gender":"female","name":{"title":"Miss","first":"Audrey","last":"Alvarez"},"location":{"street":{"number":2067,"name":"Bollinger Rd"},"city":"Shreveport","state":"Michigan","country":"United States","postcode":90171,"coordinates":{"latitude":"89.4286","longitude":"59.6213"},"timezone":{"offset":"-3:00","description":"Brazil, Buenos Aires, Georgetown"}},"email":"audrey.alvarez@example.com","login":{"uuid":"101530d6-e943-4a63-8b16-8572b8d7bfc5","username":"happylion435","password":"baltimor","salt":"MroPAmcR","md5":"e4c08b016c4814530a2e3a2c4b1b8820","sha1":"5d53243dc4eca85450f854ff4d409b04dd7fda04","sha256":"8cb9d8b849ed35bb18ee0b1f6bbeefe6bc75a57b89048f12a5de057903360837"},"dob":{"date":"1969-10-19T00:36:41.633Z","age":54},"registered":{"date":"2004-11-02T15:39:18.315Z","age":19},"phone":"(684) 798-3931","cell":"(334) 845-1213","id":{"name":"SSN","value":"504-41-0146"},"picture":{"large":"https://randomuser.me/api/portraits/women/67.jpg","medium":"https://randomuser.me/api/portraits/med/women/67.jpg","thumbnail":"https://randomuser.me/api/portraits/thumb/women/67.jpg"},"nat":"US"}],"info":{"seed":"29fe932379d729e0","results":1,"page":1,"version":"1.4"}} 
 </msg>
<msg time="2024-06-12T10:15:56.431580" level="INFO">/opt/hostedtoolcache/Python/3.12.3/x64/lib/python3.12/site-packages/urllib3/connectionpool.py:1103: InsecureRequestWarning: Unverified HTTPS request is being made to host 'randomuser.me'. Adding certificate verification is strongly advised. See: https://urllib3.readthedocs.io/en/latest/advanced-usage.html#tls-warnings
  warnings.warn(</msg>
<msg time="2024-06-12T10:15:56.431696" level="INFO">${response} = &lt;Response [200]&gt;</msg>
<var>${response}</var>
<arg>consultarAPI</arg>
<arg>/api</arg>
<doc>Sends a GET request on a previously created HTTP Session.</doc>
<status status="PASS" start="2024-06-12T10:15:56.344140" elapsed="0.087591"/>
</kw>
<kw name="Set Variable" owner="BuiltIn">
<msg time="2024-06-12T10:15:56.432793" level="INFO">${json_data} = {'results': [{'gender': 'female', 'name': {'title': 'Miss', 'first': 'Audrey', 'last': 'Alvarez'}, 'location': {'street': {'number': 2067, 'name': 'Bollinger Rd'}, 'city': 'Shreveport', 'state': 'Mich...</msg>
<var>${json_data}</var>
<arg>${response.json()}</arg>
<doc>Returns the given values which can then be assigned to a variables.</doc>
<status status="PASS" start="2024-06-12T10:15:56.432222" elapsed="0.000604"/>
</kw>
<kw name="Log" owner="BuiltIn">
<msg time="2024-06-12T10:15:56.433327" level="INFO">{'results': [{'gender': 'female', 'name': {'title': 'Miss', 'first': 'Audrey', 'last': 'Alvarez'}, 'location': {'street': {'number': 2067, 'name': 'Bollinger Rd'}, 'city': 'Shreveport', 'state': 'Michigan', 'country': 'United States', 'postcode': 90171, 'coordinates': {'latitude': '89.4286', 'longitude': '59.6213'}, 'timezone': {'offset': '-3:00', 'description': 'Brazil, Buenos Aires, Georgetown'}}, 'email': 'audrey.alvarez@example.com', 'login': {'uuid': '101530d6-e943-4a63-8b16-8572b8d7bfc5', 'username': 'happylion435', 'password': 'baltimor', 'salt': 'MroPAmcR', 'md5': 'e4c08b016c4814530a2e3a2c4b1b8820', 'sha1': '5d53243dc4eca85450f854ff4d409b04dd7fda04', 'sha256': '8cb9d8b849ed35bb18ee0b1f6bbeefe6bc75a57b89048f12a5de057903360837'}, 'dob': {'date': '1969-10-19T00:36:41.633Z', 'age': 54}, 'registered': {'date': '2004-11-02T15:39:18.315Z', 'age': 19}, 'phone': '(684) 798-3931', 'cell': '(334) 845-1213', 'id': {'name': 'SSN', 'value': '504-41-0146'}, 'picture': {'large': 'https://randomuser.me/api/portraits/women/67.jpg', 'medium': 'https://randomuser.me/api/portraits/med/women/67.jpg', 'thumbnail': 'https://randomuser.me/api/portraits/thumb/women/67.jpg'}, 'nat': 'US'}], 'info': {'seed': '29fe932379d729e0', 'results': 1, 'page': 1, 'version': '1.4'}}</msg>
<arg>${json_data}</arg>
<doc>Logs the given message with the given level.</doc>
<status status="PASS" start="2024-06-12T10:15:56.433164" elapsed="0.000217"/>
</kw>
<kw name="Dictionary Should Contain Key" owner="Collections">
<arg>${json_data}</arg>
<arg>results</arg>
<doc>Fails if ``key`` is not found from ``dictionary``.</doc>
<status status="PASS" start="2024-06-12T10:15:56.433680" elapsed="0.000160"/>
</kw>
<kw name="Should Not Be Empty" owner="BuiltIn">
<msg time="2024-06-12T10:15:56.434157" level="INFO">Length is 2.</msg>
<arg>${json_data}</arg>
<doc>Verifies that the given item is not empty.</doc>
<status status="PASS" start="2024-06-12T10:15:56.434026" elapsed="0.000170"/>
</kw>
<kw name="Create List" owner="BuiltIn">
<msg time="2024-06-12T10:15:56.434640" level="INFO">${expected_keys} = ['gender', 'name', 'location', 'email', 'login']</msg>
<var>${expected_keys}</var>
<arg>gender</arg>
<arg>name</arg>
<arg>location</arg>
<arg>email</arg>
<arg>login</arg>
<doc>Returns a list containing given items.</doc>
<status status="PASS" start="2024-06-12T10:15:56.434490" elapsed="0.000175"/>
</kw>
<for flavor="IN">
<iter>
<kw name="Dictionary Should Contain Key" owner="Collections">
<arg>${json_data['results'][0]}</arg>
<arg>${key}</arg>
<doc>Fails if ``key`` is not found from ``dictionary``.</doc>
<status status="PASS" start="2024-06-12T10:15:56.435430" elapsed="0.000406"/>
</kw>
<kw name="Log" owner="BuiltIn">
<msg time="2024-06-12T10:15:56.436390" level="INFO">{'gender': 'female', 'name': {'title': 'Miss', 'first': 'Audrey', 'last': 'Alvarez'}, 'location': {'street': {'number': 2067, 'name': 'Bollinger Rd'}, 'city': 'Shreveport', 'state': 'Michigan', 'country': 'United States', 'postcode': 90171, 'coordinates': {'latitude': '89.4286', 'longitude': '59.6213'}, 'timezone': {'offset': '-3:00', 'description': 'Brazil, Buenos Aires, Georgetown'}}, 'email': 'audrey.alvarez@example.com', 'login': {'uuid': '101530d6-e943-4a63-8b16-8572b8d7bfc5', 'username': 'happylion435', 'password': 'baltimor', 'salt': 'MroPAmcR', 'md5': 'e4c08b016c4814530a2e3a2c4b1b8820', 'sha1': '5d53243dc4eca85450f854ff4d409b04dd7fda04', 'sha256': '8cb9d8b849ed35bb18ee0b1f6bbeefe6bc75a57b89048f12a5de057903360837'}, 'dob': {'date': '1969-10-19T00:36:41.633Z', 'age': 54}, 'registered': {'date': '2004-11-02T15:39:18.315Z', 'age': 19}, 'phone': '(684) 798-3931', 'cell': '(334) 845-1213', 'id': {'name': 'SSN', 'value': '504-41-0146'}, 'picture': {'large': 'https://randomuser.me/api/portraits/women/67.jpg', 'medium': 'https://randomuser.me/api/portraits/med/women/67.jpg', 'thumbnail': 'https://randomuser.me/api/portraits/thumb/women/67.jpg'}, 'nat': 'US'}</msg>
<arg>${json_data['results'][0]}</arg>
<doc>Logs the given message with the given level.</doc>
<status status="PASS" start="2024-06-12T10:15:56.436023" elapsed="0.000417"/>
</kw>
<kw name="Log" owner="BuiltIn">
<msg time="2024-06-12T10:15:56.436897" level="INFO">gender</msg>
<arg>${key}</arg>
<doc>Logs the given message with the given level.</doc>
<status status="PASS" start="2024-06-12T10:15:56.436766" elapsed="0.000169"/>
</kw>
<var name="${key}">gender</var>
<status status="PASS" start="2024-06-12T10:15:56.435291" elapsed="0.001909"/>
</iter>
<iter>
<kw name="Dictionary Should Contain Key" owner="Collections">
<arg>${json_data['results'][0]}</arg>
<arg>${key}</arg>
<doc>Fails if ``key`` is not found from ``dictionary``.</doc>
<status status="PASS" start="2024-06-12T10:15:56.437523" elapsed="0.000396"/>
</kw>
<kw name="Log" owner="BuiltIn">
<msg time="2024-06-12T10:15:56.438502" level="INFO">{'gender': 'female', 'name': {'title': 'Miss', 'first': 'Audrey', 'last': 'Alvarez'}, 'location': {'street': {'number': 2067, 'name': 'Bollinger Rd'}, 'city': 'Shreveport', 'state': 'Michigan', 'country': 'United States', 'postcode': 90171, 'coordinates': {'latitude': '89.4286', 'longitude': '59.6213'}, 'timezone': {'offset': '-3:00', 'description': 'Brazil, Buenos Aires, Georgetown'}}, 'email': 'audrey.alvarez@example.com', 'login': {'uuid': '101530d6-e943-4a63-8b16-8572b8d7bfc5', 'username': 'happylion435', 'password': 'baltimor', 'salt': 'MroPAmcR', 'md5': 'e4c08b016c4814530a2e3a2c4b1b8820', 'sha1': '5d53243dc4eca85450f854ff4d409b04dd7fda04', 'sha256': '8cb9d8b849ed35bb18ee0b1f6bbeefe6bc75a57b89048f12a5de057903360837'}, 'dob': {'date': '1969-10-19T00:36:41.633Z', 'age': 54}, 'registered': {'date': '2004-11-02T15:39:18.315Z', 'age': 19}, 'phone': '(684) 798-3931', 'cell': '(334) 845-1213', 'id': {'name': 'SSN', 'value': '504-41-0146'}, 'picture': {'large': 'https://randomuser.me/api/portraits/women/67.jpg', 'medium': 'https://randomuser.me/api/portraits/med/women/67.jpg', 'thumbnail': 'https://randomuser.me/api/portraits/thumb/women/67.jpg'}, 'nat': 'US'}</msg>
<arg>${json_data['results'][0]}</arg>
<doc>Logs the given message with the given level.</doc>
<status status="PASS" start="2024-06-12T10:15:56.438108" elapsed="0.000444"/>
</kw>
<kw name="Log" owner="BuiltIn">
<msg time="2024-06-12T10:15:56.438979" level="INFO">name</msg>
<arg>${key}</arg>
<doc>Logs the given message with the given level.</doc>
<status status="PASS" start="2024-06-12T10:15:56.438852" elapsed="0.000165"/>
</kw>
<var name="${key}">name</var>
<status status="PASS" start="2024-06-12T10:15:56.437407" elapsed="0.001824"/>
</iter>
<iter>
<kw name="Dictionary Should Contain Key" owner="Collections">
<arg>${json_data['results'][0]}</arg>
<arg>${key}</arg>
<doc>Fails if ``key`` is not found from ``dictionary``.</doc>
<status status="PASS" start="2024-06-12T10:15:56.439523" elapsed="0.000377"/>
</kw>
<kw name="Log" owner="BuiltIn">
<msg time="2024-06-12T10:15:56.440429" level="INFO">{'gender': 'female', 'name': {'title': 'Miss', 'first': 'Audrey', 'last': 'Alvarez'}, 'location': {'street': {'number': 2067, 'name': 'Bollinger Rd'}, 'city': 'Shreveport', 'state': 'Michigan', 'country': 'United States', 'postcode': 90171, 'coordinates': {'latitude': '89.4286', 'longitude': '59.6213'}, 'timezone': {'offset': '-3:00', 'description': 'Brazil, Buenos Aires, Georgetown'}}, 'email': 'audrey.alvarez@example.com', 'login': {'uuid': '101530d6-e943-4a63-8b16-8572b8d7bfc5', 'username': 'happylion435', 'password': 'baltimor', 'salt': 'MroPAmcR', 'md5': 'e4c08b016c4814530a2e3a2c4b1b8820', 'sha1': '5d53243dc4eca85450f854ff4d409b04dd7fda04', 'sha256': '8cb9d8b849ed35bb18ee0b1f6bbeefe6bc75a57b89048f12a5de057903360837'}, 'dob': {'date': '1969-10-19T00:36:41.633Z', 'age': 54}, 'registered': {'date': '2004-11-02T15:39:18.315Z', 'age': 19}, 'phone': '(684) 798-3931', 'cell': '(334) 845-1213', 'id': {'name': 'SSN', 'value': '504-41-0146'}, 'picture': {'large': 'https://randomuser.me/api/portraits/women/67.jpg', 'medium': 'https://randomuser.me/api/portraits/med/women/67.jpg', 'thumbnail': 'https://randomuser.me/api/portraits/thumb/women/67.jpg'}, 'nat': 'US'}</msg>
<arg>${json_data['results'][0]}</arg>
<doc>Logs the given message with the given level.</doc>
<status status="PASS" start="2024-06-12T10:15:56.440083" elapsed="0.000394"/>
</kw>
<kw name="Log" owner="BuiltIn">
<msg time="2024-06-12T10:15:56.440958" level="INFO">location</msg>
<arg>${key}</arg>
<doc>Logs the given message with the given level.</doc>
<status status="PASS" start="2024-06-12T10:15:56.440827" elapsed="0.000169"/>
</kw>
<var name="${key}">location</var>
<status status="PASS" start="2024-06-12T10:15:56.439414" elapsed="0.001799"/>
</iter>
<iter>
<kw name="Dictionary Should Contain Key" owner="Collections">
<arg>${json_data['results'][0]}</arg>
<arg>${key}</arg>
<doc>Fails if ``key`` is not found from ``dictionary``.</doc>
<status status="PASS" start="2024-06-12T10:15:56.441497" elapsed="0.000387"/>
</kw>
<kw name="Log" owner="BuiltIn">
<msg time="2024-06-12T10:15:56.442411" level="INFO">{'gender': 'female', 'name': {'title': 'Miss', 'first': 'Audrey', 'last': 'Alvarez'}, 'location': {'street': {'number': 2067, 'name': 'Bollinger Rd'}, 'city': 'Shreveport', 'state': 'Michigan', 'country': 'United States', 'postcode': 90171, 'coordinates': {'latitude': '89.4286', 'longitude': '59.6213'}, 'timezone': {'offset': '-3:00', 'description': 'Brazil, Buenos Aires, Georgetown'}}, 'email': 'audrey.alvarez@example.com', 'login': {'uuid': '101530d6-e943-4a63-8b16-8572b8d7bfc5', 'username': 'happylion435', 'password': 'baltimor', 'salt': 'MroPAmcR', 'md5': 'e4c08b016c4814530a2e3a2c4b1b8820', 'sha1': '5d53243dc4eca85450f854ff4d409b04dd7fda04', 'sha256': '8cb9d8b849ed35bb18ee0b1f6bbeefe6bc75a57b89048f12a5de057903360837'}, 'dob': {'date': '1969-10-19T00:36:41.633Z', 'age': 54}, 'registered': {'date': '2004-11-02T15:39:18.315Z', 'age': 19}, 'phone': '(684) 798-3931', 'cell': '(334) 845-1213', 'id': {'name': 'SSN', 'value': '504-41-0146'}, 'picture': {'large': 'https://randomuser.me/api/portraits/women/67.jpg', 'medium': 'https://randomuser.me/api/portraits/med/women/67.jpg', 'thumbnail': 'https://randomuser.me/api/portraits/thumb/women/67.jpg'}, 'nat': 'US'}</msg>
<arg>${json_data['results'][0]}</arg>
<doc>Logs the given message with the given level.</doc>
<status status="PASS" start="2024-06-12T10:15:56.442067" elapsed="0.000392"/>
</kw>
<kw name="Log" owner="BuiltIn">
<msg time="2024-06-12T10:15:56.442882" level="INFO">email</msg>
<arg>${key}</arg>
<doc>Logs the given message with the given level.</doc>
<status status="PASS" start="2024-06-12T10:15:56.442755" elapsed="0.000165"/>
</kw>
<var name="${key}">email</var>
<status status="PASS" start="2024-06-12T10:15:56.441389" elapsed="0.001752"/>
</iter>
<iter>
<kw name="Dictionary Should Contain Key" owner="Collections">
<arg>${json_data['results'][0]}</arg>
<arg>${key}</arg>
<doc>Fails if ``key`` is not found from ``dictionary``.</doc>
<status status="PASS" start="2024-06-12T10:15:56.443422" elapsed="0.000393"/>
</kw>
<kw name="Log" owner="BuiltIn">
<msg time="2024-06-12T10:15:56.444347" level="INFO">{'gender': 'female', 'name': {'title': 'Miss', 'first': 'Audrey', 'last': 'Alvarez'}, 'location': {'street': {'number': 2067, 'name': 'Bollinger Rd'}, 'city': 'Shreveport', 'state': 'Michigan', 'country': 'United States', 'postcode': 90171, 'coordinates': {'latitude': '89.4286', 'longitude': '59.6213'}, 'timezone': {'offset': '-3:00', 'description': 'Brazil, Buenos Aires, Georgetown'}}, 'email': 'audrey.alvarez@example.com', 'login': {'uuid': '101530d6-e943-4a63-8b16-8572b8d7bfc5', 'username': 'happylion435', 'password': 'baltimor', 'salt': 'MroPAmcR', 'md5': 'e4c08b016c4814530a2e3a2c4b1b8820', 'sha1': '5d53243dc4eca85450f854ff4d409b04dd7fda04', 'sha256': '8cb9d8b849ed35bb18ee0b1f6bbeefe6bc75a57b89048f12a5de057903360837'}, 'dob': {'date': '1969-10-19T00:36:41.633Z', 'age': 54}, 'registered': {'date': '2004-11-02T15:39:18.315Z', 'age': 19}, 'phone': '(684) 798-3931', 'cell': '(334) 845-1213', 'id': {'name': 'SSN', 'value': '504-41-0146'}, 'picture': {'large': 'https://randomuser.me/api/portraits/women/67.jpg', 'medium': 'https://randomuser.me/api/portraits/med/women/67.jpg', 'thumbnail': 'https://randomuser.me/api/portraits/thumb/women/67.jpg'}, 'nat': 'US'}</msg>
<arg>${json_data['results'][0]}</arg>
<doc>Logs the given message with the given level.</doc>
<status status="PASS" start="2024-06-12T10:15:56.443995" elapsed="0.000409"/>
</kw>
<kw name="Log" owner="BuiltIn">
<msg time="2024-06-12T10:15:56.444851" level="INFO">login</msg>
<arg>${key}</arg>
<doc>Logs the given message with the given level.</doc>
<status status="PASS" start="2024-06-12T10:15:56.444724" elapsed="0.000164"/>
</kw>
<var name="${key}">login</var>
<status status="PASS" start="2024-06-12T10:15:56.443313" elapsed="0.001791"/>
</iter>
<var>${key}</var>
<value>@{expected_keys}</value>
<status status="PASS" start="2024-06-12T10:15:56.435093" elapsed="0.010132"/>
</for>
<kw name="Create List" owner="BuiltIn">
<msg time="2024-06-12T10:15:56.445589" level="INFO">${expected_keysTwo} = ['username', 'password']</msg>
<var>${expected_keysTwo}</var>
<arg>username</arg>
<arg>password</arg>
<doc>Returns a list containing given items.</doc>
<status status="PASS" start="2024-06-12T10:15:56.445445" elapsed="0.000167"/>
</kw>
<for flavor="IN">
<iter>
<kw name="Dictionary Should Contain Key" owner="Collections">
<arg>${json_data['results'][0]['login']}</arg>
<arg>${keyTwo}</arg>
<doc>Fails if ``key`` is not found from ``dictionary``.</doc>
<status status="PASS" start="2024-06-12T10:15:56.446111" elapsed="0.000381"/>
</kw>
<kw name="Dictionary Should Contain Key" owner="Collections">
<arg>${json_data['results'][0]['login']}</arg>
<arg>${keyTwo}</arg>
<doc>Fails if ``key`` is not found from ``dictionary``.</doc>
<status status="PASS" start="2024-06-12T10:15:56.446673" elapsed="0.000379"/>
</kw>
<kw name="Log" owner="BuiltIn">
<msg time="2024-06-12T10:15:56.447345" level="INFO">username</msg>
<arg>${keyTwo}</arg>
<doc>Logs the given message with the given level.</doc>
<status status="PASS" start="2024-06-12T10:15:56.447228" elapsed="0.000163"/>
</kw>
<var name="${keyTwo}">username</var>
<status status="PASS" start="2024-06-12T10:15:56.446005" elapsed="0.001610"/>
</iter>
<iter>
<kw name="Dictionary Should Contain Key" owner="Collections">
<arg>${json_data['results'][0]['login']}</arg>
<arg>${keyTwo}</arg>
<doc>Fails if ``key`` is not found from ``dictionary``.</doc>
<status status="PASS" start="2024-06-12T10:15:56.447898" elapsed="0.000385"/>
</kw>
<kw name="Dictionary Should Contain Key" owner="Collections">
<arg>${json_data['results'][0]['login']}</arg>
<arg>${keyTwo}</arg>
<doc>Fails if ``key`` is not found from ``dictionary``.</doc>
<status status="PASS" start="2024-06-12T10:15:56.448462" elapsed="0.000439"/>
</kw>
<kw name="Log" owner="BuiltIn">
<msg time="2024-06-12T10:15:56.449207" level="INFO">password</msg>
<arg>${keyTwo}</arg>
<doc>Logs the given message with the given level.</doc>
<status status="PASS" start="2024-06-12T10:15:56.449086" elapsed="0.000158"/>
</kw>
<var name="${keyTwo}">password</var>
<status status="PASS" start="2024-06-12T10:15:56.447793" elapsed="0.001676"/>
</iter>
<var>${keyTwo}</var>
<value>@{expected_keysTwo}</value>
<status status="PASS" start="2024-06-12T10:15:56.445852" elapsed="0.003737"/>
</for>
<status status="PASS" start="2024-06-12T10:15:56.343768" elapsed="0.105961"/>
</kw>
<doc>Testa a estrutura da resposta da API.</doc>
<tag>testeEstruturaResposta</tag>
<status status="PASS" start="2024-06-12T10:15:56.342999" elapsed="0.106884"/>
</test>
<test id="s1-s1-t4" name="Validar tipos de dados" line="28">
<kw name="Teste de Tipos de Dados" owner="random-user-service">
<kw name="GET On Session" owner="RequestsLibrary">
<msg time="2024-06-12T10:15:56.530550" level="INFO">GET Request : url=https://randomuser.me/api 
 path_url=/api 
 headers={'User-Agent': 'python-requests/2.32.3', 'Accept-Encoding': 'gzip, deflate', 'Accept': '*/*', 'Connection': 'keep-alive'} 
 body=None 
 </msg>
<msg time="2024-06-12T10:15:56.530655" level="INFO">GET Response : url=https://randomuser.me/api 
 status=200, reason=OK 
 headers={'Date': 'Wed, 12 Jun 2024 10:15:56 GMT', 'Content-Type': 'application/json; charset=utf-8', 'Transfer-Encoding': 'chunked', 'Connection': 'keep-alive', 'X-Powered-By': 'Express', 'Access-Control-Allow-Origin': '*', 'Cache-Control': 'no-cache', 'ETag': 'W/"4ac-uEHyxgV+jPt86xFqEGUOmoaLC/A"', 'Vary': 'Accept-Encoding', 'Content-Encoding': 'gzip', 'CF-Cache-Status': 'DYNAMIC', 'Report-To': '{"endpoints":[{"url":"https:\\/\\/a.nel.cloudflare.com\\/report\\/v4?s=Ggd7xDK0dzE01kVNhVA1xgQY33i3%2Bs3h9SdKsrgIraHhrL2R9seBihfLiq0ep2yCZDthQByyvzggZs3kLFXhM8KmwH11SJm21EL0Dy5t1Fc%2BxdqhtaqLk1v8dyo2%2B5tU"}],"group":"cf-nel","max_age":604800}', 'NEL': '{"success_fraction":0,"report_to":"cf-nel","max_age":604800}', 'Server': 'cloudflare', 'CF-RAY': '89291521dc972069-IAD', 'alt-svc': 'h3=":443"; ma=86400'} 
 body={"results":[{"gender":"male","name":{"title":"Monsieur","first":"Michaël","last":"Da Silva"},"location":{"street":{"number":2839,"name":"Avenue Vauban"},"city":"Belmont-Broye","state":"Solothurn","country":"Switzerland","postcode":5540,"coordinates":{"latitude":"-61.9717","longitude":"-142.6054"},"timezone":{"offset":"+5:30","description":"Bombay, Calcutta, Madras, New Delhi"}},"email":"michael.dasilva@example.com","login":{"uuid":"a2b421a6-3e3e-44b3-96ab-dacb856fb395","username":"purplepanda856","password":"gamecube","salt":"p5o3pRpv","md5":"436d30e46cd81e72abf34e91414f0c3d","sha1":"df5d4e85a9695ffbca5677c5063c7dcb9975d588","sha256":"f99fe4a5e4077760b9cc19cc6d311d814a9c36def9d220ace0a6a36dda7a678e"},"dob":{"date":"1981-01-14T01:26:32.982Z","age":43},"registered":{"date":"2018-07-19T03:44:35.871Z","age":5},"phone":"076 497 25 32","cell":"079 184 13 48","id":{"name":"AVS","value":"756.6201.4235.25"},"picture":{"large":"https://randomuser.me/api/portraits/men/70.jpg","medium":"https://randomuser.me/api/portraits/med/men/70.jpg","thumbnail":"https://randomuser.me/api/portraits/thumb/men/70.jpg"},"nat":"CH"}],"info":{"seed":"0c3f86d76f424ceb","results":1,"page":1,"version":"1.4"}} 
 </msg>
<msg time="2024-06-12T10:15:56.530734" level="INFO">/opt/hostedtoolcache/Python/3.12.3/x64/lib/python3.12/site-packages/urllib3/connectionpool.py:1103: InsecureRequestWarning: Unverified HTTPS request is being made to host 'randomuser.me'. Adding certificate verification is strongly advised. See: https://urllib3.readthedocs.io/en/latest/advanced-usage.html#tls-warnings
  warnings.warn(</msg>
<msg time="2024-06-12T10:15:56.530865" level="INFO">${response} = &lt;Response [200]&gt;</msg>
<var>${response}</var>
<arg>consultarAPI</arg>
<arg>/api</arg>
<doc>Sends a GET request on a previously created HTTP Session.</doc>
<status status="PASS" start="2024-06-12T10:15:56.452406" elapsed="0.078505"/>
</kw>
<kw name="Set Variable" owner="BuiltIn">
<msg time="2024-06-12T10:15:56.532177" level="INFO">${json_data} = {'results': [{'gender': 'male', 'name': {'title': 'Monsieur', 'first': 'Michaël', 'last': 'Da Silva'}, 'location': {'street': {'number': 2839, 'name': 'Avenue Vauban'}, 'city': 'Belmont-Broye', 'state...</msg>
<var>${json_data}</var>
<arg>${response.json()}</arg>
<doc>Returns the given values which can then be assigned to a variables.</doc>
<status status="PASS" start="2024-06-12T10:15:56.531590" elapsed="0.000624"/>
</kw>
<kw name="Log" owner="BuiltIn">
<msg time="2024-06-12T10:15:56.532830" level="INFO">{'results': [{'gender': 'male', 'name': {'title': 'Monsieur', 'first': 'Michaël', 'last': 'Da Silva'}, 'location': {'street': {'number': 2839, 'name': 'Avenue Vauban'}, 'city': 'Belmont-Broye', 'state': 'Solothurn', 'country': 'Switzerland', 'postcode': 5540, 'coordinates': {'latitude': '-61.9717', 'longitude': '-142.6054'}, 'timezone': {'offset': '+5:30', 'description': 'Bombay, Calcutta, Madras, New Delhi'}}, 'email': 'michael.dasilva@example.com', 'login': {'uuid': 'a2b421a6-3e3e-44b3-96ab-dacb856fb395', 'username': 'purplepanda856', 'password': 'gamecube', 'salt': 'p5o3pRpv', 'md5': '436d30e46cd81e72abf34e91414f0c3d', 'sha1': 'df5d4e85a9695ffbca5677c5063c7dcb9975d588', 'sha256': 'f99fe4a5e4077760b9cc19cc6d311d814a9c36def9d220ace0a6a36dda7a678e'}, 'dob': {'date': '1981-01-14T01:26:32.982Z', 'age': 43}, 'registered': {'date': '2018-07-19T03:44:35.871Z', 'age': 5}, 'phone': '076 497 25 32', 'cell': '079 184 13 48', 'id': {'name': 'AVS', 'value': '756.6201.4235.25'}, 'picture': {'large': 'https://randomuser.me/api/portraits/men/70.jpg', 'medium': 'https://randomuser.me/api/portraits/med/men/70.jpg', 'thumbnail': 'https://randomuser.me/api/portraits/thumb/men/70.jpg'}, 'nat': 'CH'}], 'info': {'seed': '0c3f86d76f424ceb', 'results': 1, 'page': 1, 'version': '1.4'}}</msg>
<arg>${json_data}</arg>
<doc>Logs the given message with the given level.</doc>
<status status="PASS" start="2024-06-12T10:15:56.532591" elapsed="0.000298"/>
</kw>
<kw name="Should Be String" owner="String">
<arg>${json_data['results'][0]['gender']}</arg>
<doc>Fails if the given ``item`` is not a string.</doc>
<status status="PASS" start="2024-06-12T10:15:56.533215" elapsed="0.000390"/>
</kw>
<kw name="Should Match Regexp" owner="BuiltIn">
<arg>${json_data['results'][0]['email']}</arg>
<arg>^[a-zA-Z0-9._%+-]+@[a-zA-Z0-9.-]+\.[a-zA-Z]{2,}$</arg>
<doc>Fails if ``string`` does not match ``pattern`` as a regular expression.</doc>
<status status="PASS" start="2024-06-12T10:15:56.533844" elapsed="0.000533"/>
</kw>
<kw name="Should Match Regexp" owner="BuiltIn">
<arg>${json_data['results'][0]['dob']['date']}</arg>
<arg>\\d{4}-\\d{2}-\\d{2}T\\d{2}:\\d{2}:\\d{2}\\.\\d{3}Z</arg>
<doc>Fails if ``string`` does not match ``pattern`` as a regular expression.</doc>
<status status="PASS" start="2024-06-12T10:15:56.534579" elapsed="0.000496"/>
</kw>
<kw name="Should Match Regexp" owner="BuiltIn">
<arg>${json_data['results'][0]['registered']['date']}</arg>
<arg>\\d{4}-\\d{2}-\\d{2}T\\d{2}:\\d{2}:\\d{2}\\.\\d{3}Z</arg>
<doc>Fails if ``string`` does not match ``pattern`` as a regular expression.</doc>
<status status="PASS" start="2024-06-12T10:15:56.535273" elapsed="0.000371"/>
</kw>
<kw name="Should Match Regexp" owner="BuiltIn">
<arg>${json_data['results'][0]['picture']['large']}</arg>
<arg>^https?://.*\.(?:png|jpe?g|gif|bmp)$</arg>
<doc>Fails if ``string`` does not match ``pattern`` as a regular expression.</doc>
<status status="PASS" start="2024-06-12T10:15:56.535837" elapsed="0.000465"/>
</kw>
<kw name="Should Match Regexp" owner="BuiltIn">
<arg>${json_data['results'][0]['picture']['medium']}</arg>
<arg>^https?://.*\.(?:png|jpe?g|gif|bmp)$</arg>
<doc>Fails if ``string`` does not match ``pattern`` as a regular expression.</doc>
<status status="PASS" start="2024-06-12T10:15:56.536496" elapsed="0.000403"/>
</kw>
<kw name="Should Match Regexp" owner="BuiltIn">
<arg>${json_data['results'][0]['picture']['thumbnail']}</arg>
<arg>^https?://.*\.(?:png|jpe?g|gif|bmp)$</arg>
<doc>Fails if ``string`` does not match ``pattern`` as a regular expression.</doc>
<status status="PASS" start="2024-06-12T10:15:56.537096" elapsed="0.000362"/>
</kw>
<kw name="Log" owner="BuiltIn">
<msg time="2024-06-12T10:15:56.537978" level="INFO">{'large': 'https://randomuser.me/api/portraits/men/70.jpg', 'medium': 'https://randomuser.me/api/portraits/med/men/70.jpg', 'thumbnail': 'https://randomuser.me/api/portraits/thumb/men/70.jpg'}</msg>
<arg>${json_data['results'][0]['picture']}</arg>
<doc>Logs the given message with the given level.</doc>
<status status="PASS" start="2024-06-12T10:15:56.537647" elapsed="0.000377"/>
</kw>
<status status="PASS" start="2024-06-12T10:15:56.452177" elapsed="0.086115"/>
</kw>
<kw name="Teste de Tipos de Dados - Postcode" owner="random-user-service">
<kw name="GET On Session" owner="RequestsLibrary">
<msg time="2024-06-12T10:15:56.625805" level="INFO">GET Request : url=https://randomuser.me/api 
 path_url=/api 
 headers={'User-Agent': 'python-requests/2.32.3', 'Accept-Encoding': 'gzip, deflate', 'Accept': '*/*', 'Connection': 'keep-alive'} 
 body=None 
 </msg>
<msg time="2024-06-12T10:15:56.625907" level="INFO">GET Response : url=https://randomuser.me/api 
 status=200, reason=OK 
 headers={'Date': 'Wed, 12 Jun 2024 10:15:56 GMT', 'Content-Type': 'application/json; charset=utf-8', 'Transfer-Encoding': 'chunked', 'Connection': 'keep-alive', 'X-Powered-By': 'Express', 'Access-Control-Allow-Origin': '*', 'Cache-Control': 'no-cache', 'ETag': 'W/"47b-z4ynXM1WJPuM5nzloxODrKtkIQM"', 'Vary': 'Accept-Encoding', 'Content-Encoding': 'gzip', 'CF-Cache-Status': 'DYNAMIC', 'Report-To': '{"endpoints":[{"url":"https:\\/\\/a.nel.cloudflare.com\\/report\\/v4?s=G0GzsoUOsf7BFvg8FpAIddt916g3iBUzn2eD5Gp7cvHdViWQDyy1sxIiNOxUlGC%2FnRp3H%2BzI6gBp4anF5Cs35%2FK5YCXdLoYXvkd1GALeUnRItKtGbZaHhkNu0nyG9pgT"}],"group":"cf-nel","max_age":604800}', 'NEL': '{"success_fraction":0,"report_to":"cf-nel","max_age":604800}', 'Server': 'cloudflare', 'CF-RAY': '892915226d112069-IAD', 'alt-svc': 'h3=":443"; ma=86400'} 
 body={"results":[{"gender":"female","name":{"title":"Mrs","first":"Benedikte","last":"Stigen"},"location":{"street":{"number":9693,"name":"Guldberglia"},"city":"Alvdal","state":"Nordland","country":"Norway","postcode":"4974","coordinates":{"latitude":"43.6301","longitude":"75.1756"},"timezone":{"offset":"+6:00","description":"Almaty, Dhaka, Colombo"}},"email":"benedikte.stigen@example.com","login":{"uuid":"2c9cf408-4a77-41b8-834f-2dacb412c914","username":"whitecat850","password":"dirt","salt":"ODDfQGsp","md5":"bbc4a5687c3231c719727d74a41c8745","sha1":"0a1b1e9554fdc3da482caf59cdff87dc8e523f9c","sha256":"8d6a7d24dbd6be5380098664c41bbe597d9387721a5827567cbd27cda648ab1c"},"dob":{"date":"1982-11-10T15:49:47.185Z","age":41},"registered":{"date":"2017-08-04T19:47:27.133Z","age":6},"phone":"30185132","cell":"97483001","id":{"name":"FN","value":"10118220426"},"picture":{"large":"https://randomuser.me/api/portraits/women/71.jpg","medium":"https://randomuser.me/api/portraits/med/women/71.jpg","thumbnail":"https://randomuser.me/api/portraits/thumb/women/71.jpg"},"nat":"NO"}],"info":{"seed":"cc42c7d8d645a69d","results":1,"page":1,"version":"1.4"}} 
 </msg>
<msg time="2024-06-12T10:15:56.625979" level="INFO">/opt/hostedtoolcache/Python/3.12.3/x64/lib/python3.12/site-packages/urllib3/connectionpool.py:1103: InsecureRequestWarning: Unverified HTTPS request is being made to host 'randomuser.me'. Adding certificate verification is strongly advised. See: https://urllib3.readthedocs.io/en/latest/advanced-usage.html#tls-warnings
  warnings.warn(</msg>
<msg time="2024-06-12T10:15:56.626111" level="INFO">${response} = &lt;Response [200]&gt;</msg>
<var>${response}</var>
<arg>consultarAPI</arg>
<arg>/api</arg>
<doc>Sends a GET request on a previously created HTTP Session.</doc>
<status status="PASS" start="2024-06-12T10:15:56.538767" elapsed="0.087385"/>
</kw>
<kw name="Set Variable" owner="BuiltIn">
<msg time="2024-06-12T10:15:56.627238" level="INFO">${json_data} = {'results': [{'gender': 'female', 'name': {'title': 'Mrs', 'first': 'Benedikte', 'last': 'Stigen'}, 'location': {'street': {'number': 9693, 'name': 'Guldberglia'}, 'city': 'Alvdal', 'state': 'Nordland...</msg>
<var>${json_data}</var>
<arg>${response.json()}</arg>
<doc>Returns the given values which can then be assigned to a variables.</doc>
<status status="PASS" start="2024-06-12T10:15:56.626718" elapsed="0.000549"/>
</kw>
<kw name="Log" owner="BuiltIn">
<msg time="2024-06-12T10:15:56.627771" level="INFO">{'results': [{'gender': 'female', 'name': {'title': 'Mrs', 'first': 'Benedikte', 'last': 'Stigen'}, 'location': {'street': {'number': 9693, 'name': 'Guldberglia'}, 'city': 'Alvdal', 'state': 'Nordland', 'country': 'Norway', 'postcode': '4974', 'coordinates': {'latitude': '43.6301', 'longitude': '75.1756'}, 'timezone': {'offset': '+6:00', 'description': 'Almaty, Dhaka, Colombo'}}, 'email': 'benedikte.stigen@example.com', 'login': {'uuid': '2c9cf408-4a77-41b8-834f-2dacb412c914', 'username': 'whitecat850', 'password': 'dirt', 'salt': 'ODDfQGsp', 'md5': 'bbc4a5687c3231c719727d74a41c8745', 'sha1': '0a1b1e9554fdc3da482caf59cdff87dc8e523f9c', 'sha256': '8d6a7d24dbd6be5380098664c41bbe597d9387721a5827567cbd27cda648ab1c'}, 'dob': {'date': '1982-11-10T15:49:47.185Z', 'age': 41}, 'registered': {'date': '2017-08-04T19:47:27.133Z', 'age': 6}, 'phone': '30185132', 'cell': '97483001', 'id': {'name': 'FN', 'value': '10118220426'}, 'picture': {'large': 'https://randomuser.me/api/portraits/women/71.jpg', 'medium': 'https://randomuser.me/api/portraits/med/women/71.jpg', 'thumbnail': 'https://randomuser.me/api/portraits/thumb/women/71.jpg'}, 'nat': 'NO'}], 'info': {'seed': 'cc42c7d8d645a69d', 'results': 1, 'page': 1, 'version': '1.4'}}</msg>
<arg>${json_data}</arg>
<doc>Logs the given message with the given level.</doc>
<status status="PASS" start="2024-06-12T10:15:56.627605" elapsed="0.000216"/>
</kw>
<kw name="Should Be Equal As Numbers" owner="BuiltIn">
<arg>${json_data['results'][0]['location']['postcode']}</arg>
<arg>${json_data['results'][0]['location']['postcode']}</arg>
<doc>Fails if objects are unequal after converting them to real numbers.</doc>
<status status="PASS" start="2024-06-12T10:15:56.628139" elapsed="0.000681"/>
</kw>
<kw name="Log" owner="BuiltIn">
<msg time="2024-06-12T10:15:56.629415" level="INFO">4974</msg>
<arg>${json_data['results'][0]['location']['postcode']}</arg>
<doc>Logs the given message with the given level.</doc>
<status status="PASS" start="2024-06-12T10:15:56.629058" elapsed="0.000400"/>
</kw>
<status status="PASS" start="2024-06-12T10:15:56.538531" elapsed="0.091192"/>
</kw>
<doc>Testa se os tipos de dados na resposta da API estão corretos.</doc>
<tag>testeTiposDados</tag>
<status status="PASS" start="2024-06-12T10:15:56.451616" elapsed="0.178283"/>
</test>
<test id="s1-s1-t5" name="Validar conteudo" line="35">
<kw name="Teste de Tipos de Conteudo" owner="random-user-service">
<kw name="GET On Session" owner="RequestsLibrary">
<msg time="2024-06-12T10:15:56.733397" level="INFO">GET Request : url=https://randomuser.me/api 
 path_url=/api 
 headers={'User-Agent': 'python-requests/2.32.3', 'Accept-Encoding': 'gzip, deflate', 'Accept': '*/*', 'Connection': 'keep-alive'} 
 body=None 
 </msg>
<msg time="2024-06-12T10:15:56.733509" level="INFO">GET Response : url=https://randomuser.me/api 
 status=200, reason=OK 
 headers={'Date': 'Wed, 12 Jun 2024 10:15:56 GMT', 'Content-Type': 'application/json; charset=utf-8', 'Transfer-Encoding': 'chunked', 'Connection': 'keep-alive', 'X-Powered-By': 'Express', 'Access-Control-Allow-Origin': '*', 'Cache-Control': 'no-cache', 'ETag': 'W/"492-2BSWyBlPPOqFZf2bC5uBjT9dMpU"', 'Vary': 'Accept-Encoding', 'Content-Encoding': 'gzip', 'CF-Cache-Status': 'DYNAMIC', 'Report-To': '{"endpoints":[{"url":"https:\\/\\/a.nel.cloudflare.com\\/report\\/v4?s=CkdtXe8oCS7Jo6RKyrPoI%2FERn124qfWDS0iLioyUR3bX8NSub9lRbqbz5dwgObu0ERVTDadyJEER89u6zHhPTGr%2F6Sd1OA4Tym%2F4c5%2BFTn0DsKIKmlLnVMt6Q%2FWc52nO"}],"group":"cf-nel","max_age":604800}', 'NEL': '{"success_fraction":0,"report_to":"cf-nel","max_age":604800}', 'Server': 'cloudflare', 'CF-RAY': '89291522fd7e2069-IAD', 'alt-svc': 'h3=":443"; ma=86400'} 
 body={"results":[{"gender":"female","name":{"title":"Mrs","first":"Elisa","last":"Serrano"},"location":{"street":{"number":9731,"name":"Calle de Argumosa"},"city":"Arrecife","state":"Cataluña","country":"Spain","postcode":58598,"coordinates":{"latitude":"-31.3524","longitude":"76.0702"},"timezone":{"offset":"+10:00","description":"Eastern Australia, Guam, Vladivostok"}},"email":"elisa.serrano@example.com","login":{"uuid":"4e7ff516-8c86-4670-bb1d-3eda13efadeb","username":"smallduck888","password":"arrows","salt":"WFyyBaCR","md5":"53824c0142ed2516483116dbdf354f3c","sha1":"780eff4e6863c65fab8dffc58ed989bf9d947b6d","sha256":"65a0f2698e8a164b52f485722ac861e90a0560deb5a0f656a2220f07bc084241"},"dob":{"date":"1993-08-29T19:52:08.356Z","age":30},"registered":{"date":"2015-11-23T19:25:18.768Z","age":8},"phone":"929-968-879","cell":"668-346-585","id":{"name":"DNI","value":"83202605-U"},"picture":{"large":"https://randomuser.me/api/portraits/women/9.jpg","medium":"https://randomuser.me/api/portraits/med/women/9.jpg","thumbnail":"https://randomuser.me/api/portraits/thumb/women/9.jpg"},"nat":"ES"}],"info":{"seed":"f34336c35f90d6e5","results":1,"page":1,"version":"1.4"}} 
 </msg>
<msg time="2024-06-12T10:15:56.733614" level="INFO">/opt/hostedtoolcache/Python/3.12.3/x64/lib/python3.12/site-packages/urllib3/connectionpool.py:1103: InsecureRequestWarning: Unverified HTTPS request is being made to host 'randomuser.me'. Adding certificate verification is strongly advised. See: https://urllib3.readthedocs.io/en/latest/advanced-usage.html#tls-warnings
  warnings.warn(</msg>
<msg time="2024-06-12T10:15:56.733756" level="INFO">${response} = &lt;Response [200]&gt;</msg>
<var>${response}</var>
<arg>consultarAPI</arg>
<arg>/api</arg>
<doc>Sends a GET request on a previously created HTTP Session.</doc>
<status status="PASS" start="2024-06-12T10:15:56.632616" elapsed="0.101192"/>
</kw>
<kw name="Set Variable" owner="BuiltIn">
<msg time="2024-06-12T10:15:56.734904" level="INFO">${json_data} = {'results': [{'gender': 'female', 'name': {'title': 'Mrs', 'first': 'Elisa', 'last': 'Serrano'}, 'location': {'street': {'number': 9731, 'name': 'Calle de Argumosa'}, 'city': 'Arrecife', 'state': 'Cat...</msg>
<var>${json_data}</var>
<arg>${response.json()}</arg>
<doc>Returns the given values which can then be assigned to a variables.</doc>
<status status="PASS" start="2024-06-12T10:15:56.734355" elapsed="0.000581"/>
</kw>
<kw name="Set Variable" owner="BuiltIn">
<msg time="2024-06-12T10:15:56.735695" level="INFO">${name_title} = Mrs</msg>
<var>${name_title}</var>
<arg>${json_data["results"][0]["name"]["title"]}</arg>
<doc>Returns the given values which can then be assigned to a variables.</doc>
<status status="PASS" start="2024-06-12T10:15:56.735284" elapsed="0.000437"/>
</kw>
<kw name="Create List" owner="BuiltIn">
<msg time="2024-06-12T10:15:56.736191" level="INFO">${allowed_titles} = ['Mr', 'Ms', 'Miss', 'Mrs', 'Madame', 'Monsieur']</msg>
<var>${allowed_titles}</var>
<arg>Mr</arg>
<arg>Ms</arg>
<arg>Miss</arg>
<arg>Mrs</arg>
<arg>Madame</arg>
<arg>Monsieur</arg>
<doc>Returns a list containing given items.</doc>
<status status="PASS" start="2024-06-12T10:15:56.736034" elapsed="0.000182"/>
</kw>
<kw name="List Should Contain Value" owner="Collections">
<arg>${allowed_titles}</arg>
<arg>${name_title}</arg>
<doc>Fails if the ``value`` is not found from ``list``.</doc>
<status status="PASS" start="2024-06-12T10:15:56.736530" elapsed="0.000238"/>
</kw>
<kw name="Set Variable" owner="BuiltIn">
<msg time="2024-06-12T10:15:56.737334" level="INFO">${name_country} = ES</msg>
<var>${name_country}</var>
<arg>${json_data["results"][0]["nat"]}</arg>
<doc>Returns the given values which can then be assigned to a variables.</doc>
<status status="PASS" start="2024-06-12T10:15:56.736959" elapsed="0.000401"/>
</kw>
<kw name="Create List" owner="BuiltIn">
<msg time="2024-06-12T10:15:56.738258" level="INFO">${list_country} = ['AD', 'AE', 'AF', 'AG', 'AI', 'AL', 'AM', 'AO', 'AQ', 'AR', 'AS', 'AT', 'AU', 'AW', 'AX', 'AZ', 'BA', 'BB', 'BD', 'BE', 'BF', 'BG', 'BH', 'BI', 'BJ', 'BL', 'BM', 'BN', 'BO', 'BQ', 'BR', 'BS', 'BT', '...</msg>
<var>${list_country}</var>
<arg>AD</arg>
<arg>AE</arg>
<arg>AF</arg>
<arg>AG</arg>
<arg>AI</arg>
<arg>AL</arg>
<arg>AM</arg>
<arg>AO</arg>
<arg>AQ</arg>
<arg>AR</arg>
<arg>AS</arg>
<arg>AT</arg>
<arg>AU</arg>
<arg>AW</arg>
<arg>AX</arg>
<arg>AZ</arg>
<arg>BA</arg>
<arg>BB</arg>
<arg>BD</arg>
<arg>BE</arg>
<arg>BF</arg>
<arg>BG</arg>
<arg>BH</arg>
<arg>BI</arg>
<arg>BJ</arg>
<arg>BL</arg>
<arg>BM</arg>
<arg>BN</arg>
<arg>BO</arg>
<arg>BQ</arg>
<arg>BR</arg>
<arg>BS</arg>
<arg>BT</arg>
<arg>BV</arg>
<arg>BW</arg>
<arg>BY</arg>
<arg>BZ</arg>
<arg>CA</arg>
<arg>CC</arg>
<arg>CD</arg>
<arg>CF</arg>
<arg>CG</arg>
<arg>CH</arg>
<arg>CI</arg>
<arg>CK</arg>
<arg>CL</arg>
<arg>CM</arg>
<arg>CN</arg>
<arg>CO</arg>
<arg>CR</arg>
<arg>CU</arg>
<arg>CV</arg>
<arg>CW</arg>
<arg>CX</arg>
<arg>CY</arg>
<arg>CZ</arg>
<arg>DE</arg>
<arg>DJ</arg>
<arg>DK</arg>
<arg>DM</arg>
<arg>DO</arg>
<arg>DZ</arg>
<arg>EC</arg>
<arg>EE</arg>
<arg>EG</arg>
<arg>EH</arg>
<arg>ER</arg>
<arg>ES</arg>
<arg>ET</arg>
<arg>FI</arg>
<arg>FJ</arg>
<arg>FK</arg>
<arg>FM</arg>
<arg>FO</arg>
<arg>FR</arg>
<arg>GA</arg>
<arg>GB</arg>
<arg>GD</arg>
<arg>GE</arg>
<arg>GF</arg>
<arg>GG</arg>
<arg>GH</arg>
<arg>GI</arg>
<arg>GL</arg>
<arg>GM</arg>
<arg>GN</arg>
<arg>GP</arg>
<arg>GQ</arg>
<arg>GR</arg>
<arg>GS</arg>
<arg>GT</arg>
<arg>GU</arg>
<arg>GW</arg>
<arg>GY</arg>
<arg>HK</arg>
<arg>HM</arg>
<arg>HN</arg>
<arg>HR</arg>
<arg>HT</arg>
<arg>HU</arg>
<arg>ID</arg>
<arg>IE</arg>
<arg>IL</arg>
<arg>IM</arg>
<arg>IN</arg>
<arg>IO</arg>
<arg>IQ</arg>
<arg>IR</arg>
<arg>IS</arg>
<arg>IT</arg>
<arg>JE</arg>
<arg>JM</arg>
<arg>JO</arg>
<arg>JP</arg>
<arg>KE</arg>
<arg>KG</arg>
<arg>KH</arg>
<arg>KI</arg>
<arg>KM</arg>
<arg>KN</arg>
<arg>KP</arg>
<arg>KR</arg>
<arg>KW</arg>
<arg>KY</arg>
<arg>KZ</arg>
<arg>LA</arg>
<arg>LB</arg>
<arg>LC</arg>
<arg>LI</arg>
<arg>LK</arg>
<arg>LR</arg>
<arg>LS</arg>
<arg>LT</arg>
<arg>LU</arg>
<arg>LV</arg>
<arg>LY</arg>
<arg>MA</arg>
<arg>MC</arg>
<arg>MD</arg>
<arg>ME</arg>
<arg>MF</arg>
<arg>MG</arg>
<arg>MH</arg>
<arg>MK</arg>
<arg>ML</arg>
<arg>MM</arg>
<arg>MN</arg>
<arg>MO</arg>
<arg>MP</arg>
<arg>MQ</arg>
<arg>MR</arg>
<arg>MS</arg>
<arg>MT</arg>
<arg>MU</arg>
<arg>MV</arg>
<arg>MW</arg>
<arg>MX</arg>
<arg>MY</arg>
<arg>MZ</arg>
<arg>NA</arg>
<arg>NC</arg>
<arg>NE</arg>
<arg>NF</arg>
<arg>NG</arg>
<arg>NI</arg>
<arg>NL</arg>
<arg>NO</arg>
<arg>NP</arg>
<arg>NR</arg>
<arg>NU</arg>
<arg>NZ</arg>
<arg>OM</arg>
<arg>PA</arg>
<arg>PE</arg>
<arg>PF</arg>
<arg>PG</arg>
<arg>PH</arg>
<arg>PK</arg>
<arg>PL</arg>
<arg>PM</arg>
<arg>PN</arg>
<arg>PR</arg>
<arg>PS</arg>
<arg>PT</arg>
<arg>PW</arg>
<arg>PY</arg>
<arg>QA</arg>
<arg>RE</arg>
<arg>RO</arg>
<arg>RS</arg>
<arg>RU</arg>
<arg>RW</arg>
<arg>SA</arg>
<arg>SB</arg>
<arg>SC</arg>
<arg>SD</arg>
<arg>SE</arg>
<arg>SG</arg>
<arg>SH</arg>
<arg>SI</arg>
<arg>SJ</arg>
<arg>SK</arg>
<arg>SL</arg>
<arg>SM</arg>
<arg>SN</arg>
<arg>SO</arg>
<arg>SR</arg>
<arg>SS</arg>
<arg>ST</arg>
<arg>SV</arg>
<arg>SX</arg>
<arg>SY</arg>
<arg>SZ</arg>
<arg>TC</arg>
<arg>TD</arg>
<arg>TF</arg>
<arg>TG</arg>
<arg>TH</arg>
<arg>TJ</arg>
<arg>TK</arg>
<arg>TL</arg>
<arg>TM</arg>
<arg>TN</arg>
<arg>TO</arg>
<arg>TR</arg>
<arg>TT</arg>
<arg>TV</arg>
<arg>TW</arg>
<arg>TZ</arg>
<arg>UA</arg>
<arg>UG</arg>
<arg>UM</arg>
<arg>US</arg>
<arg>UY</arg>
<arg>UZ</arg>
<arg>VA</arg>
<arg>VC</arg>
<arg>VE</arg>
<arg>VG</arg>
<arg>VI</arg>
<arg>VN</arg>
<arg>VU</arg>
<arg>WF</arg>
<arg>WS</arg>
<arg>XK</arg>
<arg>YE</arg>
<arg>YT</arg>
<arg>ZA</arg>
<arg>ZM</arg>
<arg>ZW</arg>
<doc>Returns a list containing given items.</doc>
<status status="PASS" start="2024-06-12T10:15:56.737664" elapsed="0.000620"/>
</kw>
<kw name="List Should Contain Value" owner="Collections">
<arg>${list_country}</arg>
<arg>${name_country}</arg>
<doc>Fails if the ``value`` is not found from ``list``.</doc>
<status status="PASS" start="2024-06-12T10:15:56.739094" elapsed="0.000213"/>
</kw>
<kw name="Run Keyword If" owner="BuiltIn">
<kw name="Should Be True" owner="BuiltIn">
<arg>${True}</arg>
<doc>Fails if the given condition is not true.</doc>
<status status="PASS" start="2024-06-12T10:15:56.740265" elapsed="0.000143"/>
</kw>
<arg>${json_data["results"][0]["location"]["coordinates"]["latitude"]} &gt;= -90 and ${json_data["results"][0]["location"]["coordinates"]["latitude"]} &lt;= 90</arg>
<arg>Should Be True</arg>
<arg>${True}</arg>
<doc>Runs the given keyword with the given arguments, if ``condition`` is true.</doc>
<status status="PASS" start="2024-06-12T10:15:56.739522" elapsed="0.001014"/>
</kw>
<kw name="Run Keyword If" owner="BuiltIn">
<kw name="Should Be True" owner="BuiltIn">
<arg>${True}</arg>
<doc>Fails if the given condition is not true.</doc>
<status status="PASS" start="2024-06-12T10:15:56.741453" elapsed="0.000138"/>
</kw>
<arg>${json_data["results"][0]["location"]["coordinates"]["longitude"]} &gt;= -180 and ${json_data["results"][0]["location"]["coordinates"]["longitude"]} &lt;= 180</arg>
<arg>Should Be True</arg>
<arg>${True}</arg>
<doc>Runs the given keyword with the given arguments, if ``condition`` is true.</doc>
<status status="PASS" start="2024-06-12T10:15:56.740760" elapsed="0.000957"/>
</kw>
<status status="PASS" start="2024-06-12T10:15:56.632200" elapsed="0.109655"/>
</kw>
<doc>Testa o conteúdo específico dos campos retornados pela API.</doc>
<tag>testeConteudo</tag>
<status status="PASS" start="2024-06-12T10:15:56.631667" elapsed="0.110348"/>
</test>
<status status="PASS" start="2024-06-12T10:15:55.924194" elapsed="0.819771"/>
</suite>
<status status="PASS" start="2024-06-12T10:15:55.910607" elapsed="0.838617"/>
</suite>
<statistics>
<total>
<stat pass="5" fail="0" skip="0">All Tests</stat>
</total>
<tag>
<stat pass="1" fail="0" skip="0">testeConteudo</stat>
<stat pass="1" fail="0" skip="0">testeEstruturaResposta</stat>
<stat pass="1" fail="0" skip="0">testeRequisicaoBasica</stat>
<stat pass="1" fail="0" skip="0">testeTiposDados</stat>
</tag>
<suite>
<stat pass="5" fail="0" skip="0" id="s1" name="Tests">Tests</stat>
<stat pass="5" fail="0" skip="0" id="s1-s1" name="Random-User-Test">Tests.Random-User-Test</stat>
</suite>
</statistics>
<errors>
</errors>
</robot>
