<?xml version="1.0" encoding="UTF-8"?>
<robot generator="Robot 7.0.1 (Python 3.12.4 on linux)" generated="2024-07-29T11:13:10.532060" rpa="false" schemaversion="5">
<suite id="s1" name="Tests" source="/home/runner/work/ApiRandomUser/ApiRandomUser/RamdonUser/tests">
<suite id="s1-s1" name="Random-User-Test" source="/home/runner/work/ApiRandomUser/ApiRandomUser/RamdonUser/tests/random-user-test.robot">
<test id="s1-s1-t1" name="Conectar" line="13">
<kw name="Conectar API" owner="random-user-service">
<kw name="Create Session" owner="RequestsLibrary">
<msg time="2024-07-29T11:13:10.936226" level="INFO">Creating Session using : alias=consultarAPI, url=https://randomuser.me/, headers={},                     cookies={}, auth=None, timeout=None, proxies=None, verify=False,                     debug=0 </msg>
<arg>consultarAPI</arg>
<arg>${URL}</arg>
<doc>Create Session: create a HTTP session to a server</doc>
<status status="PASS" start="2024-07-29T11:13:10.936027" elapsed="0.000381"/>
</kw>
<status status="PASS" start="2024-07-29T11:13:10.934942" elapsed="0.001821"/>
</kw>
<status status="PASS" start="2024-07-29T11:13:10.934305" elapsed="0.002653"/>
</test>
<test id="s1-s1-t2" name="Validar retorno 200 e JSON Válido" line="16">
<kw name="Teste de Requisicao Basica" owner="random-user-service">
<kw name="GET On Session" owner="RequestsLibrary">
<msg time="2024-07-29T11:13:11.017537" level="INFO">GET Request : url=https://randomuser.me/api 
 path_url=/api 
 headers={'User-Agent': 'python-requests/2.32.3', 'Accept-Encoding': 'gzip, deflate', 'Accept': '*/*', 'Connection': 'keep-alive'} 
 body=None 
 </msg>
<msg time="2024-07-29T11:13:11.017687" level="INFO">GET Response : url=https://randomuser.me/api 
 status=200, reason=OK 
 headers={'Date': 'Mon, 29 Jul 2024 11:13:11 GMT', 'Content-Type': 'application/json; charset=utf-8', 'Transfer-Encoding': 'chunked', 'Connection': 'keep-alive', 'X-Powered-By': 'Express', 'Access-Control-Allow-Origin': '*', 'Cache-Control': 'no-cache', 'ETag': 'W/"492-JLPbhDpLESdtMdyKQBW417m/qXU"', 'Vary': 'Accept-Encoding', 'Content-Encoding': 'gzip', 'CF-Cache-Status': 'DYNAMIC', 'Report-To': '{"endpoints":[{"url":"https:\\/\\/a.nel.cloudflare.com\\/report\\/v4?s=kep6D99g88M2jwIdfaABW8ba8GCbbXXApWhVFdClx8v6Y0w5ld%2FXOJJmtnqq7B54v4tLGmldFD%2F6K8NVspct74tlkzDfPdoA%2BPqj7t5ZPo3d%2BMarF3y5XjLBbfTBKl6f"}],"group":"cf-nel","max_age":604800}', 'NEL': '{"success_fraction":0,"report_to":"cf-nel","max_age":604800}', 'Server': 'cloudflare', 'CF-RAY': '8aacad9badf0c974-IAD', 'alt-svc': 'h3=":443"; ma=86400'} 
 body={"results":[{"gender":"female","name":{"title":"Mrs","first":"Elaine","last":"Novaes"},"location":{"street":{"number":7543,"name":"Rua Rio de Janeiro "},"city":"Petrolina","state":"São Paulo","country":"Brazil","postcode":88783,"coordinates":{"latitude":"-81.4119","longitude":"79.0157"},"timezone":{"offset":"+9:30","description":"Adelaide, Darwin"}},"email":"elaine.novaes@example.com","login":{"uuid":"4b6ec9af-e701-4163-b2c7-f22573483e8e","username":"lazyzebra261","password":"robotics","salt":"EaffzoDk","md5":"22578fbe18659eae1c447225216bc5d6","sha1":"470b4701d0a18909f912cf836f1f165b4cd8e9ee","sha256":"fd3c7da03b2a427f94572c2d0201bf923ce28598fd2407a908883abad83d9a36"},"dob":{"date":"1955-03-20T19:43:01.110Z","age":69},"registered":{"date":"2009-01-15T20:44:26.934Z","age":15},"phone":"(22) 5195-9604","cell":"(25) 1835-9921","id":{"name":"CPF","value":"589.631.521-91"},"picture":{"large":"https://randomuser.me/api/portraits/women/44.jpg","medium":"https://randomuser.me/api/portraits/med/women/44.jpg","thumbnail":"https://randomuser.me/api/portraits/thumb/women/44.jpg"},"nat":"BR"}],"info":{"seed":"b791ea0a13b2193e","results":1,"page":1,"version":"1.4"}} 
 </msg>
<msg time="2024-07-29T11:13:11.017769" level="INFO">/opt/hostedtoolcache/Python/3.12.4/x64/lib/python3.12/site-packages/urllib3/connectionpool.py:1099: InsecureRequestWarning: Unverified HTTPS request is being made to host 'randomuser.me'. Adding certificate verification is strongly advised. See: https://urllib3.readthedocs.io/en/latest/advanced-usage.html#tls-warnings
  warnings.warn(</msg>
<msg time="2024-07-29T11:13:11.017958" level="INFO">${response} = &lt;Response [200]&gt;</msg>
<var>${response}</var>
<arg>consultarAPI</arg>
<arg>/api</arg>
<doc>Sends a GET request on a previously created HTTP Session.</doc>
<status status="PASS" start="2024-07-29T11:13:10.939512" elapsed="0.078499"/>
</kw>
<kw name="Should Be Equal As Numbers" owner="BuiltIn">
<msg time="2024-07-29T11:13:11.018985" level="INFO">Argument types are:
&lt;class 'int'&gt;
&lt;class 'str'&gt;</msg>
<arg>${response.status_code}</arg>
<arg>200</arg>
<doc>Fails if objects are unequal after converting them to real numbers.</doc>
<status status="PASS" start="2024-07-29T11:13:11.018524" elapsed="0.000526"/>
</kw>
<kw name="Log" owner="BuiltIn">
<msg time="2024-07-29T11:13:11.019755" level="INFO">200</msg>
<arg>${response.status_code}</arg>
<doc>Logs the given message with the given level.</doc>
<status status="PASS" start="2024-07-29T11:13:11.019367" elapsed="0.000456"/>
</kw>
<kw name="Set Variable" owner="BuiltIn">
<msg time="2024-07-29T11:13:11.020577" level="INFO">${json_data} = {'results': [{'gender': 'female', 'name': {'title': 'Mrs', 'first': 'Elaine', 'last': 'Novaes'}, 'location': {'street': {'number': 7543, 'name': 'Rua Rio de Janeiro '}, 'city': 'Petrolina', 'state': '...</msg>
<var>${json_data}</var>
<arg>${response.json()}</arg>
<doc>Returns the given values which can then be assigned to a variables.</doc>
<status status="PASS" start="2024-07-29T11:13:11.020134" elapsed="0.000471"/>
</kw>
<kw name="Dictionary Should Contain Key" owner="Collections">
<arg>${json_data}</arg>
<arg>results</arg>
<doc>Fails if ``key`` is not found from ``dictionary``.</doc>
<status status="PASS" start="2024-07-29T11:13:11.020910" elapsed="0.000319"/>
</kw>
<status status="PASS" start="2024-07-29T11:13:10.939271" elapsed="0.082115"/>
</kw>
<doc>Testa se a API responde corretamente e retorna um objeto JSON válido.</doc>
<tag>testeRequisicaoBasica</tag>
<status status="PASS" start="2024-07-29T11:13:10.938805" elapsed="0.082758"/>
</test>
<test id="s1-s1-t3" name="Validar estrutura de resposta" line="22">
<kw name="Teste de Estrutura de Resposta" owner="random-user-service">
<kw name="GET On Session" owner="RequestsLibrary">
<msg time="2024-07-29T11:13:11.109083" level="INFO">GET Request : url=https://randomuser.me/api 
 path_url=/api 
 headers={'User-Agent': 'python-requests/2.32.3', 'Accept-Encoding': 'gzip, deflate', 'Accept': '*/*', 'Connection': 'keep-alive'} 
 body=None 
 </msg>
<msg time="2024-07-29T11:13:11.109170" level="INFO">GET Response : url=https://randomuser.me/api 
 status=200, reason=OK 
 headers={'Date': 'Mon, 29 Jul 2024 11:13:11 GMT', 'Content-Type': 'application/json; charset=utf-8', 'Transfer-Encoding': 'chunked', 'Connection': 'keep-alive', 'X-Powered-By': 'Express', 'Access-Control-Allow-Origin': '*', 'Cache-Control': 'no-cache', 'ETag': 'W/"478-sjGfH03pz4DppNbbDVFGKSy6WWM"', 'Vary': 'Accept-Encoding', 'Content-Encoding': 'gzip', 'CF-Cache-Status': 'DYNAMIC', 'Report-To': '{"endpoints":[{"url":"https:\\/\\/a.nel.cloudflare.com\\/report\\/v4?s=gB3la5of%2BOiXZaCla6e%2BTcOaDWnFKCFe%2B88Pjwi0gcxMuuRj0B5AnEFpo%2FRV6sRgzpgMPZSzQ6v%2FnXjfeDgsfiMormToZhaCryzf16Syx4awFGhQNSRTC20vaCmNbhLz"}],"group":"cf-nel","max_age":604800}', 'NEL': '{"success_fraction":0,"report_to":"cf-nel","max_age":604800}', 'Server': 'cloudflare', 'CF-RAY': '8aacad9bfe8dc974-IAD', 'alt-svc': 'h3=":443"; ma=86400'} 
 body={"results":[{"gender":"male","name":{"title":"Mr","first":"Dalibor","last":"Udovichenko"},"location":{"street":{"number":7778,"name":"Teshebaieva"},"city":"Balakliya","state":"Zaporizka","country":"Ukraine","postcode":98817,"coordinates":{"latitude":"79.2227","longitude":"-110.9565"},"timezone":{"offset":"-2:00","description":"Mid-Atlantic"}},"email":"dalibor.udovichenko@example.com","login":{"uuid":"4d6ce05f-125a-4aa3-b4e4-9f944c7111e9","username":"whitefish644","password":"donnie","salt":"ektPOPlm","md5":"f6b239d775dd3d493c022a63737185a7","sha1":"137b74d76b629b7e9ffef4a7eba92e7d07bff102","sha256":"03c6c89511adbf62d6f8396e1d764e560f4ea6b29723c774b94aa54b313f09d9"},"dob":{"date":"2000-11-22T05:09:28.627Z","age":23},"registered":{"date":"2014-08-31T04:57:09.231Z","age":9},"phone":"(067) V40-0195","cell":"(067) J71-7722","id":{"name":"","value":null},"picture":{"large":"https://randomuser.me/api/portraits/men/26.jpg","medium":"https://randomuser.me/api/portraits/med/men/26.jpg","thumbnail":"https://randomuser.me/api/portraits/thumb/men/26.jpg"},"nat":"UA"}],"info":{"seed":"dec1c52db7ba7209","results":1,"page":1,"version":"1.4"}} 
 </msg>
<msg time="2024-07-29T11:13:11.109296" level="INFO">/opt/hostedtoolcache/Python/3.12.4/x64/lib/python3.12/site-packages/urllib3/connectionpool.py:1099: InsecureRequestWarning: Unverified HTTPS request is being made to host 'randomuser.me'. Adding certificate verification is strongly advised. See: https://urllib3.readthedocs.io/en/latest/advanced-usage.html#tls-warnings
  warnings.warn(</msg>
<msg time="2024-07-29T11:13:11.109416" level="INFO">${response} = &lt;Response [200]&gt;</msg>
<var>${response}</var>
<arg>consultarAPI</arg>
<arg>/api</arg>
<doc>Sends a GET request on a previously created HTTP Session.</doc>
<status status="PASS" start="2024-07-29T11:13:11.024186" elapsed="0.085276"/>
</kw>
<kw name="Set Variable" owner="BuiltIn">
<msg time="2024-07-29T11:13:11.110362" level="INFO">${json_data} = {'results': [{'gender': 'male', 'name': {'title': 'Mr', 'first': 'Dalibor', 'last': 'Udovichenko'}, 'location': {'street': {'number': 7778, 'name': 'Teshebaieva'}, 'city': 'Balakliya', 'state': 'Zapor...</msg>
<var>${json_data}</var>
<arg>${response.json()}</arg>
<doc>Returns the given values which can then be assigned to a variables.</doc>
<status status="PASS" start="2024-07-29T11:13:11.109890" elapsed="0.000501"/>
</kw>
<kw name="Log" owner="BuiltIn">
<msg time="2024-07-29T11:13:11.110856" level="INFO">{'results': [{'gender': 'male', 'name': {'title': 'Mr', 'first': 'Dalibor', 'last': 'Udovichenko'}, 'location': {'street': {'number': 7778, 'name': 'Teshebaieva'}, 'city': 'Balakliya', 'state': 'Zaporizka', 'country': 'Ukraine', 'postcode': 98817, 'coordinates': {'latitude': '79.2227', 'longitude': '-110.9565'}, 'timezone': {'offset': '-2:00', 'description': 'Mid-Atlantic'}}, 'email': 'dalibor.udovichenko@example.com', 'login': {'uuid': '4d6ce05f-125a-4aa3-b4e4-9f944c7111e9', 'username': 'whitefish644', 'password': 'donnie', 'salt': 'ektPOPlm', 'md5': 'f6b239d775dd3d493c022a63737185a7', 'sha1': '137b74d76b629b7e9ffef4a7eba92e7d07bff102', 'sha256': '03c6c89511adbf62d6f8396e1d764e560f4ea6b29723c774b94aa54b313f09d9'}, 'dob': {'date': '2000-11-22T05:09:28.627Z', 'age': 23}, 'registered': {'date': '2014-08-31T04:57:09.231Z', 'age': 9}, 'phone': '(067) V40-0195', 'cell': '(067) J71-7722', 'id': {'name': '', 'value': None}, 'picture': {'large': 'https://randomuser.me/api/portraits/men/26.jpg', 'medium': 'https://randomuser.me/api/portraits/med/men/26.jpg', 'thumbnail': 'https://randomuser.me/api/portraits/thumb/men/26.jpg'}, 'nat': 'UA'}], 'info': {'seed': 'dec1c52db7ba7209', 'results': 1, 'page': 1, 'version': '1.4'}}</msg>
<arg>${json_data}</arg>
<doc>Logs the given message with the given level.</doc>
<status status="PASS" start="2024-07-29T11:13:11.110697" elapsed="0.000207"/>
</kw>
<kw name="Dictionary Should Contain Key" owner="Collections">
<arg>${json_data}</arg>
<arg>results</arg>
<doc>Fails if ``key`` is not found from ``dictionary``.</doc>
<status status="PASS" start="2024-07-29T11:13:11.111193" elapsed="0.000158"/>
</kw>
<kw name="Should Not Be Empty" owner="BuiltIn">
<msg time="2024-07-29T11:13:11.111659" level="INFO">Length is 2.</msg>
<arg>${json_data}</arg>
<doc>Verifies that the given item is not empty.</doc>
<status status="PASS" start="2024-07-29T11:13:11.111534" elapsed="0.000163"/>
</kw>
<kw name="Create List" owner="BuiltIn">
<msg time="2024-07-29T11:13:11.112198" level="INFO">${expected_keys} = ['gender', 'name', 'location', 'email', 'login']</msg>
<var>${expected_keys}</var>
<arg>gender</arg>
<arg>name</arg>
<arg>location</arg>
<arg>email</arg>
<arg>login</arg>
<doc>Returns a list containing given items.</doc>
<status status="PASS" start="2024-07-29T11:13:11.112042" elapsed="0.000180"/>
</kw>
<for flavor="IN">
<iter>
<kw name="Dictionary Should Contain Key" owner="Collections">
<arg>${json_data['results'][0]}</arg>
<arg>${key}</arg>
<doc>Fails if ``key`` is not found from ``dictionary``.</doc>
<status status="PASS" start="2024-07-29T11:13:11.112801" elapsed="0.000409"/>
</kw>
<kw name="Log" owner="BuiltIn">
<msg time="2024-07-29T11:13:11.113751" level="INFO">{'gender': 'male', 'name': {'title': 'Mr', 'first': 'Dalibor', 'last': 'Udovichenko'}, 'location': {'street': {'number': 7778, 'name': 'Teshebaieva'}, 'city': 'Balakliya', 'state': 'Zaporizka', 'country': 'Ukraine', 'postcode': 98817, 'coordinates': {'latitude': '79.2227', 'longitude': '-110.9565'}, 'timezone': {'offset': '-2:00', 'description': 'Mid-Atlantic'}}, 'email': 'dalibor.udovichenko@example.com', 'login': {'uuid': '4d6ce05f-125a-4aa3-b4e4-9f944c7111e9', 'username': 'whitefish644', 'password': 'donnie', 'salt': 'ektPOPlm', 'md5': 'f6b239d775dd3d493c022a63737185a7', 'sha1': '137b74d76b629b7e9ffef4a7eba92e7d07bff102', 'sha256': '03c6c89511adbf62d6f8396e1d764e560f4ea6b29723c774b94aa54b313f09d9'}, 'dob': {'date': '2000-11-22T05:09:28.627Z', 'age': 23}, 'registered': {'date': '2014-08-31T04:57:09.231Z', 'age': 9}, 'phone': '(067) V40-0195', 'cell': '(067) J71-7722', 'id': {'name': '', 'value': None}, 'picture': {'large': 'https://randomuser.me/api/portraits/men/26.jpg', 'medium': 'https://randomuser.me/api/portraits/med/men/26.jpg', 'thumbnail': 'https://randomuser.me/api/portraits/thumb/men/26.jpg'}, 'nat': 'UA'}</msg>
<arg>${json_data['results'][0]}</arg>
<doc>Logs the given message with the given level.</doc>
<status status="PASS" start="2024-07-29T11:13:11.113397" elapsed="0.000402"/>
</kw>
<kw name="Log" owner="BuiltIn">
<msg time="2024-07-29T11:13:11.114224" level="INFO">gender</msg>
<arg>${key}</arg>
<doc>Logs the given message with the given level.</doc>
<status status="PASS" start="2024-07-29T11:13:11.114094" elapsed="0.000169"/>
</kw>
<var name="${key}">gender</var>
<status status="PASS" start="2024-07-29T11:13:11.112676" elapsed="0.001805"/>
</iter>
<iter>
<kw name="Dictionary Should Contain Key" owner="Collections">
<arg>${json_data['results'][0]}</arg>
<arg>${key}</arg>
<doc>Fails if ``key`` is not found from ``dictionary``.</doc>
<status status="PASS" start="2024-07-29T11:13:11.114782" elapsed="0.000390"/>
</kw>
<kw name="Log" owner="BuiltIn">
<msg time="2024-07-29T11:13:11.115712" level="INFO">{'gender': 'male', 'name': {'title': 'Mr', 'first': 'Dalibor', 'last': 'Udovichenko'}, 'location': {'street': {'number': 7778, 'name': 'Teshebaieva'}, 'city': 'Balakliya', 'state': 'Zaporizka', 'country': 'Ukraine', 'postcode': 98817, 'coordinates': {'latitude': '79.2227', 'longitude': '-110.9565'}, 'timezone': {'offset': '-2:00', 'description': 'Mid-Atlantic'}}, 'email': 'dalibor.udovichenko@example.com', 'login': {'uuid': '4d6ce05f-125a-4aa3-b4e4-9f944c7111e9', 'username': 'whitefish644', 'password': 'donnie', 'salt': 'ektPOPlm', 'md5': 'f6b239d775dd3d493c022a63737185a7', 'sha1': '137b74d76b629b7e9ffef4a7eba92e7d07bff102', 'sha256': '03c6c89511adbf62d6f8396e1d764e560f4ea6b29723c774b94aa54b313f09d9'}, 'dob': {'date': '2000-11-22T05:09:28.627Z', 'age': 23}, 'registered': {'date': '2014-08-31T04:57:09.231Z', 'age': 9}, 'phone': '(067) V40-0195', 'cell': '(067) J71-7722', 'id': {'name': '', 'value': None}, 'picture': {'large': 'https://randomuser.me/api/portraits/men/26.jpg', 'medium': 'https://randomuser.me/api/portraits/med/men/26.jpg', 'thumbnail': 'https://randomuser.me/api/portraits/thumb/men/26.jpg'}, 'nat': 'UA'}</msg>
<arg>${json_data['results'][0]}</arg>
<doc>Logs the given message with the given level.</doc>
<status status="PASS" start="2024-07-29T11:13:11.115355" elapsed="0.000472"/>
</kw>
<kw name="Log" owner="BuiltIn">
<msg time="2024-07-29T11:13:11.116258" level="INFO">name</msg>
<arg>${key}</arg>
<doc>Logs the given message with the given level.</doc>
<status status="PASS" start="2024-07-29T11:13:11.116129" elapsed="0.000167"/>
</kw>
<var name="${key}">name</var>
<status status="PASS" start="2024-07-29T11:13:11.114671" elapsed="0.001841"/>
</iter>
<iter>
<kw name="Dictionary Should Contain Key" owner="Collections">
<arg>${json_data['results'][0]}</arg>
<arg>${key}</arg>
<doc>Fails if ``key`` is not found from ``dictionary``.</doc>
<status status="PASS" start="2024-07-29T11:13:11.116803" elapsed="0.000385"/>
</kw>
<kw name="Log" owner="BuiltIn">
<msg time="2024-07-29T11:13:11.117719" level="INFO">{'gender': 'male', 'name': {'title': 'Mr', 'first': 'Dalibor', 'last': 'Udovichenko'}, 'location': {'street': {'number': 7778, 'name': 'Teshebaieva'}, 'city': 'Balakliya', 'state': 'Zaporizka', 'country': 'Ukraine', 'postcode': 98817, 'coordinates': {'latitude': '79.2227', 'longitude': '-110.9565'}, 'timezone': {'offset': '-2:00', 'description': 'Mid-Atlantic'}}, 'email': 'dalibor.udovichenko@example.com', 'login': {'uuid': '4d6ce05f-125a-4aa3-b4e4-9f944c7111e9', 'username': 'whitefish644', 'password': 'donnie', 'salt': 'ektPOPlm', 'md5': 'f6b239d775dd3d493c022a63737185a7', 'sha1': '137b74d76b629b7e9ffef4a7eba92e7d07bff102', 'sha256': '03c6c89511adbf62d6f8396e1d764e560f4ea6b29723c774b94aa54b313f09d9'}, 'dob': {'date': '2000-11-22T05:09:28.627Z', 'age': 23}, 'registered': {'date': '2014-08-31T04:57:09.231Z', 'age': 9}, 'phone': '(067) V40-0195', 'cell': '(067) J71-7722', 'id': {'name': '', 'value': None}, 'picture': {'large': 'https://randomuser.me/api/portraits/men/26.jpg', 'medium': 'https://randomuser.me/api/portraits/med/men/26.jpg', 'thumbnail': 'https://randomuser.me/api/portraits/thumb/men/26.jpg'}, 'nat': 'UA'}</msg>
<arg>${json_data['results'][0]}</arg>
<doc>Logs the given message with the given level.</doc>
<status status="PASS" start="2024-07-29T11:13:11.117375" elapsed="0.000390"/>
</kw>
<kw name="Log" owner="BuiltIn">
<msg time="2024-07-29T11:13:11.118209" level="INFO">location</msg>
<arg>${key}</arg>
<doc>Logs the given message with the given level.</doc>
<status status="PASS" start="2024-07-29T11:13:11.118070" elapsed="0.000177"/>
</kw>
<var name="${key}">location</var>
<status status="PASS" start="2024-07-29T11:13:11.116690" elapsed="0.001781"/>
</iter>
<iter>
<kw name="Dictionary Should Contain Key" owner="Collections">
<arg>${json_data['results'][0]}</arg>
<arg>${key}</arg>
<doc>Fails if ``key`` is not found from ``dictionary``.</doc>
<status status="PASS" start="2024-07-29T11:13:11.118754" elapsed="0.000378"/>
</kw>
<kw name="Log" owner="BuiltIn">
<msg time="2024-07-29T11:13:11.119808" level="INFO">{'gender': 'male', 'name': {'title': 'Mr', 'first': 'Dalibor', 'last': 'Udovichenko'}, 'location': {'street': {'number': 7778, 'name': 'Teshebaieva'}, 'city': 'Balakliya', 'state': 'Zaporizka', 'country': 'Ukraine', 'postcode': 98817, 'coordinates': {'latitude': '79.2227', 'longitude': '-110.9565'}, 'timezone': {'offset': '-2:00', 'description': 'Mid-Atlantic'}}, 'email': 'dalibor.udovichenko@example.com', 'login': {'uuid': '4d6ce05f-125a-4aa3-b4e4-9f944c7111e9', 'username': 'whitefish644', 'password': 'donnie', 'salt': 'ektPOPlm', 'md5': 'f6b239d775dd3d493c022a63737185a7', 'sha1': '137b74d76b629b7e9ffef4a7eba92e7d07bff102', 'sha256': '03c6c89511adbf62d6f8396e1d764e560f4ea6b29723c774b94aa54b313f09d9'}, 'dob': {'date': '2000-11-22T05:09:28.627Z', 'age': 23}, 'registered': {'date': '2014-08-31T04:57:09.231Z', 'age': 9}, 'phone': '(067) V40-0195', 'cell': '(067) J71-7722', 'id': {'name': '', 'value': None}, 'picture': {'large': 'https://randomuser.me/api/portraits/men/26.jpg', 'medium': 'https://randomuser.me/api/portraits/med/men/26.jpg', 'thumbnail': 'https://randomuser.me/api/portraits/thumb/men/26.jpg'}, 'nat': 'UA'}</msg>
<arg>${json_data['results'][0]}</arg>
<doc>Logs the given message with the given level.</doc>
<status status="PASS" start="2024-07-29T11:13:11.119427" elapsed="0.000438"/>
</kw>
<kw name="Log" owner="BuiltIn">
<msg time="2024-07-29T11:13:11.120294" level="INFO">email</msg>
<arg>${key}</arg>
<doc>Logs the given message with the given level.</doc>
<status status="PASS" start="2024-07-29T11:13:11.120164" elapsed="0.000169"/>
</kw>
<var name="${key}">email</var>
<status status="PASS" start="2024-07-29T11:13:11.118641" elapsed="0.001911"/>
</iter>
<iter>
<kw name="Dictionary Should Contain Key" owner="Collections">
<arg>${json_data['results'][0]}</arg>
<arg>${key}</arg>
<doc>Fails if ``key`` is not found from ``dictionary``.</doc>
<status status="PASS" start="2024-07-29T11:13:11.120833" elapsed="0.000376"/>
</kw>
<kw name="Log" owner="BuiltIn">
<msg time="2024-07-29T11:13:11.121735" level="INFO">{'gender': 'male', 'name': {'title': 'Mr', 'first': 'Dalibor', 'last': 'Udovichenko'}, 'location': {'street': {'number': 7778, 'name': 'Teshebaieva'}, 'city': 'Balakliya', 'state': 'Zaporizka', 'country': 'Ukraine', 'postcode': 98817, 'coordinates': {'latitude': '79.2227', 'longitude': '-110.9565'}, 'timezone': {'offset': '-2:00', 'description': 'Mid-Atlantic'}}, 'email': 'dalibor.udovichenko@example.com', 'login': {'uuid': '4d6ce05f-125a-4aa3-b4e4-9f944c7111e9', 'username': 'whitefish644', 'password': 'donnie', 'salt': 'ektPOPlm', 'md5': 'f6b239d775dd3d493c022a63737185a7', 'sha1': '137b74d76b629b7e9ffef4a7eba92e7d07bff102', 'sha256': '03c6c89511adbf62d6f8396e1d764e560f4ea6b29723c774b94aa54b313f09d9'}, 'dob': {'date': '2000-11-22T05:09:28.627Z', 'age': 23}, 'registered': {'date': '2014-08-31T04:57:09.231Z', 'age': 9}, 'phone': '(067) V40-0195', 'cell': '(067) J71-7722', 'id': {'name': '', 'value': None}, 'picture': {'large': 'https://randomuser.me/api/portraits/men/26.jpg', 'medium': 'https://randomuser.me/api/portraits/med/men/26.jpg', 'thumbnail': 'https://randomuser.me/api/portraits/thumb/men/26.jpg'}, 'nat': 'UA'}</msg>
<arg>${json_data['results'][0]}</arg>
<doc>Logs the given message with the given level.</doc>
<status status="PASS" start="2024-07-29T11:13:11.121392" elapsed="0.000390"/>
</kw>
<kw name="Log" owner="BuiltIn">
<msg time="2024-07-29T11:13:11.122202" level="INFO">login</msg>
<arg>${key}</arg>
<doc>Logs the given message with the given level.</doc>
<status status="PASS" start="2024-07-29T11:13:11.122075" elapsed="0.000165"/>
</kw>
<var name="${key}">login</var>
<status status="PASS" start="2024-07-29T11:13:11.120726" elapsed="0.001729"/>
</iter>
<var>${key}</var>
<value>@{expected_keys}</value>
<status status="PASS" start="2024-07-29T11:13:11.112485" elapsed="0.010090"/>
</for>
<kw name="Create List" owner="BuiltIn">
<msg time="2024-07-29T11:13:11.122898" level="INFO">${expected_keysTwo} = ['username', 'password']</msg>
<var>${expected_keysTwo}</var>
<arg>username</arg>
<arg>password</arg>
<doc>Returns a list containing given items.</doc>
<status status="PASS" start="2024-07-29T11:13:11.122765" elapsed="0.000158"/>
</kw>
<for flavor="IN">
<iter>
<kw name="Dictionary Should Contain Key" owner="Collections">
<arg>${json_data['results'][0]['login']}</arg>
<arg>${keyTwo}</arg>
<doc>Fails if ``key`` is not found from ``dictionary``.</doc>
<status status="PASS" start="2024-07-29T11:13:11.123451" elapsed="0.000424"/>
</kw>
<kw name="Dictionary Should Contain Key" owner="Collections">
<arg>${json_data['results'][0]['login']}</arg>
<arg>${keyTwo}</arg>
<doc>Fails if ``key`` is not found from ``dictionary``.</doc>
<status status="PASS" start="2024-07-29T11:13:11.124061" elapsed="0.000370"/>
</kw>
<kw name="Log" owner="BuiltIn">
<msg time="2024-07-29T11:13:11.124729" level="INFO">username</msg>
<arg>${keyTwo}</arg>
<doc>Logs the given message with the given level.</doc>
<status status="PASS" start="2024-07-29T11:13:11.124610" elapsed="0.000156"/>
</kw>
<var name="${keyTwo}">username</var>
<status status="PASS" start="2024-07-29T11:13:11.123343" elapsed="0.001641"/>
</iter>
<iter>
<kw name="Dictionary Should Contain Key" owner="Collections">
<arg>${json_data['results'][0]['login']}</arg>
<arg>${keyTwo}</arg>
<doc>Fails if ``key`` is not found from ``dictionary``.</doc>
<status status="PASS" start="2024-07-29T11:13:11.125268" elapsed="0.000375"/>
</kw>
<kw name="Dictionary Should Contain Key" owner="Collections">
<arg>${json_data['results'][0]['login']}</arg>
<arg>${keyTwo}</arg>
<doc>Fails if ``key`` is not found from ``dictionary``.</doc>
<status status="PASS" start="2024-07-29T11:13:11.125821" elapsed="0.000374"/>
</kw>
<kw name="Log" owner="BuiltIn">
<msg time="2024-07-29T11:13:11.126496" level="INFO">password</msg>
<arg>${keyTwo}</arg>
<doc>Logs the given message with the given level.</doc>
<status status="PASS" start="2024-07-29T11:13:11.126373" elapsed="0.000160"/>
</kw>
<var name="${keyTwo}">password</var>
<status status="PASS" start="2024-07-29T11:13:11.125156" elapsed="0.001596"/>
</iter>
<var>${keyTwo}</var>
<value>@{expected_keysTwo}</value>
<status status="PASS" start="2024-07-29T11:13:11.123190" elapsed="0.003684"/>
</for>
<status status="PASS" start="2024-07-29T11:13:11.023946" elapsed="0.103069"/>
</kw>
<doc>Testa a estrutura da resposta da API.</doc>
<tag>testeEstruturaResposta</tag>
<status status="PASS" start="2024-07-29T11:13:11.023422" elapsed="0.103745"/>
</test>
<test id="s1-s1-t4" name="Validar tipos de dados" line="28">
<kw name="Teste de Tipos de Dados" owner="random-user-service">
<kw name="GET On Session" owner="RequestsLibrary">
<msg time="2024-07-29T11:13:11.210390" level="INFO">GET Request : url=https://randomuser.me/api 
 path_url=/api 
 headers={'User-Agent': 'python-requests/2.32.3', 'Accept-Encoding': 'gzip, deflate', 'Accept': '*/*', 'Connection': 'keep-alive'} 
 body=None 
 </msg>
<msg time="2024-07-29T11:13:11.210498" level="INFO">GET Response : url=https://randomuser.me/api 
 status=200, reason=OK 
 headers={'Date': 'Mon, 29 Jul 2024 11:13:11 GMT', 'Content-Type': 'application/json; charset=utf-8', 'Transfer-Encoding': 'chunked', 'Connection': 'keep-alive', 'X-Powered-By': 'Express', 'Access-Control-Allow-Origin': '*', 'Cache-Control': 'no-cache', 'ETag': 'W/"499-1l85ojf7h7PLyTd3ZJREEtjnGmA"', 'Vary': 'Accept-Encoding', 'Content-Encoding': 'gzip', 'CF-Cache-Status': 'DYNAMIC', 'Report-To': '{"endpoints":[{"url":"https:\\/\\/a.nel.cloudflare.com\\/report\\/v4?s=ckXzmG6SeXd4AXxgELYo8C7HnI1gCgWZcqXBlHE0nerKd%2FHpMzGaQpAsIOw9peJ2Gwi1mTjzEnePq4OXrq3lS4KlbXoACPpU%2BV8r%2FDH90kSGHmsKpEI1F93xJ8%2BqiyQE"}],"group":"cf-nel","max_age":604800}', 'NEL': '{"success_fraction":0,"report_to":"cf-nel","max_age":604800}', 'Server': 'cloudflare', 'CF-RAY': '8aacad9c9ff7c974-IAD', 'alt-svc': 'h3=":443"; ma=86400'} 
 body={"results":[{"gender":"female","name":{"title":"Ms","first":"Nadja","last":"Rajković"},"location":{"street":{"number":2924,"name":"Janče Jovanovića "},"city":"Ada","state":"Braničevo","country":"Serbia","postcode":80615,"coordinates":{"latitude":"57.7989","longitude":"73.2409"},"timezone":{"offset":"-4:00","description":"Atlantic Time (Canada), Caracas, La Paz"}},"email":"nadja.rajkovic@example.com","login":{"uuid":"99f44500-cc17-4b02-9960-3f23429c52f5","username":"angryduck954","password":"helpme","salt":"XgESakfJ","md5":"079c7ea9b55420c3cb6bc144acd4a3e8","sha1":"f5d45eecad84d7ec227fff0c23c34ca66ef93f2a","sha256":"f93fa76152610bbf5fa16d9c797b12e30b08577a944775f186df7f5629f96e86"},"dob":{"date":"1954-08-28T20:47:17.251Z","age":69},"registered":{"date":"2006-01-19T11:48:10.240Z","age":18},"phone":"016-7319-399","cell":"069-4873-740","id":{"name":"SID","value":"499135258"},"picture":{"large":"https://randomuser.me/api/portraits/women/25.jpg","medium":"https://randomuser.me/api/portraits/med/women/25.jpg","thumbnail":"https://randomuser.me/api/portraits/thumb/women/25.jpg"},"nat":"RS"}],"info":{"seed":"4db0beca0a8d8aa5","results":1,"page":1,"version":"1.4"}} 
 </msg>
<msg time="2024-07-29T11:13:11.210579" level="INFO">/opt/hostedtoolcache/Python/3.12.4/x64/lib/python3.12/site-packages/urllib3/connectionpool.py:1099: InsecureRequestWarning: Unverified HTTPS request is being made to host 'randomuser.me'. Adding certificate verification is strongly advised. See: https://urllib3.readthedocs.io/en/latest/advanced-usage.html#tls-warnings
  warnings.warn(</msg>
<msg time="2024-07-29T11:13:11.210710" level="INFO">${response} = &lt;Response [200]&gt;</msg>
<var>${response}</var>
<arg>consultarAPI</arg>
<arg>/api</arg>
<doc>Sends a GET request on a previously created HTTP Session.</doc>
<status status="PASS" start="2024-07-29T11:13:11.129691" elapsed="0.081066"/>
</kw>
<kw name="Set Variable" owner="BuiltIn">
<msg time="2024-07-29T11:13:11.211859" level="INFO">${json_data} = {'results': [{'gender': 'female', 'name': {'title': 'Ms', 'first': 'Nadja', 'last': 'Rajković'}, 'location': {'street': {'number': 2924, 'name': 'Janče Jovanovića '}, 'city': 'Ada', 'state': 'Braničev...</msg>
<var>${json_data}</var>
<arg>${response.json()}</arg>
<doc>Returns the given values which can then be assigned to a variables.</doc>
<status status="PASS" start="2024-07-29T11:13:11.211279" elapsed="0.000612"/>
</kw>
<kw name="Log" owner="BuiltIn">
<msg time="2024-07-29T11:13:11.212364" level="INFO">{'results': [{'gender': 'female', 'name': {'title': 'Ms', 'first': 'Nadja', 'last': 'Rajković'}, 'location': {'street': {'number': 2924, 'name': 'Janče Jovanovića '}, 'city': 'Ada', 'state': 'Braničevo', 'country': 'Serbia', 'postcode': 80615, 'coordinates': {'latitude': '57.7989', 'longitude': '73.2409'}, 'timezone': {'offset': '-4:00', 'description': 'Atlantic Time (Canada), Caracas, La Paz'}}, 'email': 'nadja.rajkovic@example.com', 'login': {'uuid': '99f44500-cc17-4b02-9960-3f23429c52f5', 'username': 'angryduck954', 'password': 'helpme', 'salt': 'XgESakfJ', 'md5': '079c7ea9b55420c3cb6bc144acd4a3e8', 'sha1': 'f5d45eecad84d7ec227fff0c23c34ca66ef93f2a', 'sha256': 'f93fa76152610bbf5fa16d9c797b12e30b08577a944775f186df7f5629f96e86'}, 'dob': {'date': '1954-08-28T20:47:17.251Z', 'age': 69}, 'registered': {'date': '2006-01-19T11:48:10.240Z', 'age': 18}, 'phone': '016-7319-399', 'cell': '069-4873-740', 'id': {'name': 'SID', 'value': '499135258'}, 'picture': {'large': 'https://randomuser.me/api/portraits/women/25.jpg', 'medium': 'https://randomuser.me/api/portraits/med/women/25.jpg', 'thumbnail': 'https://randomuser.me/api/portraits/thumb/women/25.jpg'}, 'nat': 'RS'}], 'info': {'seed': '4db0beca0a8d8aa5', 'results': 1, 'page': 1, 'version': '1.4'}}</msg>
<arg>${json_data}</arg>
<doc>Logs the given message with the given level.</doc>
<status status="PASS" start="2024-07-29T11:13:11.212202" elapsed="0.000213"/>
</kw>
<kw name="Should Be String" owner="String">
<arg>${json_data['results'][0]['gender']}</arg>
<doc>Fails if the given ``item`` is not a string.</doc>
<status status="PASS" start="2024-07-29T11:13:11.212707" elapsed="0.000367"/>
</kw>
<kw name="Should Match Regexp" owner="BuiltIn">
<arg>${json_data['results'][0]['email']}</arg>
<arg>^[a-zA-Z0-9._%+-]+@[a-zA-Z0-9.-]+\.[a-zA-Z]{2,}$</arg>
<doc>Fails if ``string`` does not match ``pattern`` as a regular expression.</doc>
<status status="PASS" start="2024-07-29T11:13:11.213264" elapsed="0.000517"/>
</kw>
<kw name="Should Match Regexp" owner="BuiltIn">
<arg>${json_data['results'][0]['dob']['date']}</arg>
<arg>\\d{4}-\\d{2}-\\d{2}T\\d{2}:\\d{2}:\\d{2}\\.\\d{3}Z</arg>
<doc>Fails if ``string`` does not match ``pattern`` as a regular expression.</doc>
<status status="PASS" start="2024-07-29T11:13:11.214010" elapsed="0.000642"/>
</kw>
<kw name="Should Match Regexp" owner="BuiltIn">
<arg>${json_data['results'][0]['registered']['date']}</arg>
<arg>\\d{4}-\\d{2}-\\d{2}T\\d{2}:\\d{2}:\\d{2}\\.\\d{3}Z</arg>
<doc>Fails if ``string`` does not match ``pattern`` as a regular expression.</doc>
<status status="PASS" start="2024-07-29T11:13:11.214844" elapsed="0.000370"/>
</kw>
<kw name="Should Match Regexp" owner="BuiltIn">
<arg>${json_data['results'][0]['picture']['large']}</arg>
<arg>^https?://.*\.(?:png|jpe?g|gif|bmp)$</arg>
<doc>Fails if ``string`` does not match ``pattern`` as a regular expression.</doc>
<status status="PASS" start="2024-07-29T11:13:11.215401" elapsed="0.000489"/>
</kw>
<kw name="Should Match Regexp" owner="BuiltIn">
<arg>${json_data['results'][0]['picture']['medium']}</arg>
<arg>^https?://.*\.(?:png|jpe?g|gif|bmp)$</arg>
<doc>Fails if ``string`` does not match ``pattern`` as a regular expression.</doc>
<status status="PASS" start="2024-07-29T11:13:11.216080" elapsed="0.000356"/>
</kw>
<kw name="Should Match Regexp" owner="BuiltIn">
<arg>${json_data['results'][0]['picture']['thumbnail']}</arg>
<arg>^https?://.*\.(?:png|jpe?g|gif|bmp)$</arg>
<doc>Fails if ``string`` does not match ``pattern`` as a regular expression.</doc>
<status status="PASS" start="2024-07-29T11:13:11.216619" elapsed="0.000349"/>
</kw>
<kw name="Log" owner="BuiltIn">
<msg time="2024-07-29T11:13:11.217473" level="INFO">{'large': 'https://randomuser.me/api/portraits/women/25.jpg', 'medium': 'https://randomuser.me/api/portraits/med/women/25.jpg', 'thumbnail': 'https://randomuser.me/api/portraits/thumb/women/25.jpg'}</msg>
<arg>${json_data['results'][0]['picture']}</arg>
<doc>Logs the given message with the given level.</doc>
<status status="PASS" start="2024-07-29T11:13:11.217151" elapsed="0.000364"/>
</kw>
<status status="PASS" start="2024-07-29T11:13:11.129469" elapsed="0.088310"/>
</kw>
<kw name="Teste de Tipos de Dados - Postcode" owner="random-user-service">
<kw name="GET On Session" owner="RequestsLibrary">
<msg time="2024-07-29T11:13:11.307582" level="INFO">GET Request : url=https://randomuser.me/api 
 path_url=/api 
 headers={'User-Agent': 'python-requests/2.32.3', 'Accept-Encoding': 'gzip, deflate', 'Accept': '*/*', 'Connection': 'keep-alive'} 
 body=None 
 </msg>
<msg time="2024-07-29T11:13:11.307692" level="INFO">GET Response : url=https://randomuser.me/api 
 status=200, reason=OK 
 headers={'Date': 'Mon, 29 Jul 2024 11:13:11 GMT', 'Content-Type': 'application/json; charset=utf-8', 'Transfer-Encoding': 'chunked', 'Connection': 'keep-alive', 'X-Powered-By': 'Express', 'Access-Control-Allow-Origin': '*', 'Cache-Control': 'no-cache', 'ETag': 'W/"499-wlt2xDCTwTiqeFgn7RutGXPX2ko"', 'Vary': 'Accept-Encoding', 'Content-Encoding': 'gzip', 'CF-Cache-Status': 'DYNAMIC', 'Report-To': '{"endpoints":[{"url":"https:\\/\\/a.nel.cloudflare.com\\/report\\/v4?s=a7gj54b7OiXFjHBJ2JX5voMxTCYh%2FH86MJIn2HrEYflLLn8mdAWUszYWoZ%2FYSF326ZB6Hl7K5YazjskF4IYwfOK43YIE%2F%2FRZXBE0AwVLtKznZyTnB7sYDXtjPavuM4fC"}],"group":"cf-nel","max_age":604800}', 'NEL': '{"success_fraction":0,"report_to":"cf-nel","max_age":604800}', 'Server': 'cloudflare', 'CF-RAY': '8aacad9d290ec974-IAD', 'alt-svc': 'h3=":443"; ma=86400'} 
 body={"results":[{"gender":"female","name":{"title":"Miss","first":"Milica","last":"Jevtić"},"location":{"street":{"number":7182,"name":"Buljubaše Ranka Uroševića"},"city":"Titel","state":"Podunavlje","country":"Serbia","postcode":71283,"coordinates":{"latitude":"60.5166","longitude":"116.9678"},"timezone":{"offset":"-7:00","description":"Mountain Time (US &amp; Canada)"}},"email":"milica.jevtic@example.com","login":{"uuid":"9403b2d8-a371-45f2-81ba-e8ccb6c30b8b","username":"purpleswan598","password":"phish1","salt":"nCgv9lIf","md5":"3e902a38cfb91853ea693a8f63988853","sha1":"a3426b3715cf7b5c8cd87bdcc851dde98b28cd28","sha256":"ed93e80cbcca0639c82b60f73d7f6de0a528f3ae9cf3bf5c81fec6daaea150cd"},"dob":{"date":"1988-07-14T17:06:11.265Z","age":36},"registered":{"date":"2017-06-17T21:09:52.605Z","age":7},"phone":"027-2075-765","cell":"060-3525-522","id":{"name":"SID","value":"062584579"},"picture":{"large":"https://randomuser.me/api/portraits/women/72.jpg","medium":"https://randomuser.me/api/portraits/med/women/72.jpg","thumbnail":"https://randomuser.me/api/portraits/thumb/women/72.jpg"},"nat":"RS"}],"info":{"seed":"cf1e8ebd2cdc8b25","results":1,"page":1,"version":"1.4"}} 
 </msg>
<msg time="2024-07-29T11:13:11.307810" level="INFO">/opt/hostedtoolcache/Python/3.12.4/x64/lib/python3.12/site-packages/urllib3/connectionpool.py:1099: InsecureRequestWarning: Unverified HTTPS request is being made to host 'randomuser.me'. Adding certificate verification is strongly advised. See: https://urllib3.readthedocs.io/en/latest/advanced-usage.html#tls-warnings
  warnings.warn(</msg>
<msg time="2024-07-29T11:13:11.307945" level="INFO">${response} = &lt;Response [200]&gt;</msg>
<var>${response}</var>
<arg>consultarAPI</arg>
<arg>/api</arg>
<doc>Sends a GET request on a previously created HTTP Session.</doc>
<status status="PASS" start="2024-07-29T11:13:11.218245" elapsed="0.089741"/>
</kw>
<kw name="Set Variable" owner="BuiltIn">
<msg time="2024-07-29T11:13:11.309025" level="INFO">${json_data} = {'results': [{'gender': 'female', 'name': {'title': 'Miss', 'first': 'Milica', 'last': 'Jevtić'}, 'location': {'street': {'number': 7182, 'name': 'Buljubaše Ranka Uroševića'}, 'city': 'Titel', 'state'...</msg>
<var>${json_data}</var>
<arg>${response.json()}</arg>
<doc>Returns the given values which can then be assigned to a variables.</doc>
<status status="PASS" start="2024-07-29T11:13:11.308495" elapsed="0.000560"/>
</kw>
<kw name="Log" owner="BuiltIn">
<msg time="2024-07-29T11:13:11.309523" level="INFO">{'results': [{'gender': 'female', 'name': {'title': 'Miss', 'first': 'Milica', 'last': 'Jevtić'}, 'location': {'street': {'number': 7182, 'name': 'Buljubaše Ranka Uroševića'}, 'city': 'Titel', 'state': 'Podunavlje', 'country': 'Serbia', 'postcode': 71283, 'coordinates': {'latitude': '60.5166', 'longitude': '116.9678'}, 'timezone': {'offset': '-7:00', 'description': 'Mountain Time (US &amp; Canada)'}}, 'email': 'milica.jevtic@example.com', 'login': {'uuid': '9403b2d8-a371-45f2-81ba-e8ccb6c30b8b', 'username': 'purpleswan598', 'password': 'phish1', 'salt': 'nCgv9lIf', 'md5': '3e902a38cfb91853ea693a8f63988853', 'sha1': 'a3426b3715cf7b5c8cd87bdcc851dde98b28cd28', 'sha256': 'ed93e80cbcca0639c82b60f73d7f6de0a528f3ae9cf3bf5c81fec6daaea150cd'}, 'dob': {'date': '1988-07-14T17:06:11.265Z', 'age': 36}, 'registered': {'date': '2017-06-17T21:09:52.605Z', 'age': 7}, 'phone': '027-2075-765', 'cell': '060-3525-522', 'id': {'name': 'SID', 'value': '062584579'}, 'picture': {'large': 'https://randomuser.me/api/portraits/women/72.jpg', 'medium': 'https://randomuser.me/api/portraits/med/women/72.jpg', 'thumbnail': 'https://randomuser.me/api/portraits/thumb/women/72.jpg'}, 'nat': 'RS'}], 'info': {'seed': 'cf1e8ebd2cdc8b25', 'results': 1, 'page': 1, 'version': '1.4'}}</msg>
<arg>${json_data}</arg>
<doc>Logs the given message with the given level.</doc>
<status status="PASS" start="2024-07-29T11:13:11.309363" elapsed="0.000211"/>
</kw>
<kw name="Should Be Equal As Numbers" owner="BuiltIn">
<arg>${json_data['results'][0]['location']['postcode']}</arg>
<arg>${json_data['results'][0]['location']['postcode']}</arg>
<doc>Fails if objects are unequal after converting them to real numbers.</doc>
<status status="PASS" start="2024-07-29T11:13:11.309869" elapsed="0.000639"/>
</kw>
<kw name="Log" owner="BuiltIn">
<msg time="2024-07-29T11:13:11.311037" level="INFO">71283</msg>
<arg>${json_data['results'][0]['location']['postcode']}</arg>
<doc>Logs the given message with the given level.</doc>
<status status="PASS" start="2024-07-29T11:13:11.310702" elapsed="0.000376"/>
</kw>
<status status="PASS" start="2024-07-29T11:13:11.218011" elapsed="0.093360"/>
</kw>
<doc>Testa se os tipos de dados na resposta da API estão corretos.</doc>
<tag>testeTiposDados</tag>
<status status="PASS" start="2024-07-29T11:13:11.129009" elapsed="0.182538"/>
</test>
<test id="s1-s1-t5" name="Validar conteudo" line="35">
<kw name="Teste de Tipos de Conteudo" owner="random-user-service">
<kw name="GET On Session" owner="RequestsLibrary">
<msg time="2024-07-29T11:13:11.458827" level="INFO">GET Request : url=https://randomuser.me/api 
 path_url=/api 
 headers={'User-Agent': 'python-requests/2.32.3', 'Accept-Encoding': 'gzip, deflate', 'Accept': '*/*', 'Connection': 'keep-alive'} 
 body=None 
 </msg>
<msg time="2024-07-29T11:13:11.458938" level="INFO">GET Response : url=https://randomuser.me/api 
 status=200, reason=OK 
 headers={'Date': 'Mon, 29 Jul 2024 11:13:11 GMT', 'Content-Type': 'application/json; charset=utf-8', 'Transfer-Encoding': 'chunked', 'Connection': 'keep-alive', 'X-Powered-By': 'Express', 'Access-Control-Allow-Origin': '*', 'Cache-Control': 'no-cache', 'ETag': 'W/"47b-V4fycIAnCiDPHV0uqueSyvDzJsY"', 'Vary': 'Accept-Encoding', 'Content-Encoding': 'gzip', 'CF-Cache-Status': 'DYNAMIC', 'Report-To': '{"endpoints":[{"url":"https:\\/\\/a.nel.cloudflare.com\\/report\\/v4?s=uto30jLdOngNnhlFfCERKFT4ArOBnj1PkN3qCYC%2FXnbKhTqiBQlJu78fBsz9DfIXd%2FH%2Bm7ZwVSNkm4fMvRgzbEesIwCleBniIE8ATYL5KQqEWT%2Fr4EcaXPNwEmjAj04Z"}],"group":"cf-nel","max_age":604800}', 'NEL': '{"success_fraction":0,"report_to":"cf-nel","max_age":604800}', 'Server': 'cloudflare', 'CF-RAY': '8aacad9dca41c974-IAD', 'alt-svc': 'h3=":443"; ma=86400'} 
 body={"results":[{"gender":"male","name":{"title":"Mr","first":"Xavier","last":"Wong"},"location":{"street":{"number":4783,"name":"Wellington St"},"city":"Carleton","state":"Yukon","country":"Canada","postcode":"D1B 7V9","coordinates":{"latitude":"-64.3799","longitude":"-56.5024"},"timezone":{"offset":"+2:00","description":"Kaliningrad, South Africa"}},"email":"xavier.wong@example.com","login":{"uuid":"ff87f2fa-bc5a-42af-be9e-6be012efa922","username":"organictiger487","password":"trucks","salt":"RVwNiO7o","md5":"415a6db431aec93b0e6c361dd9dadc23","sha1":"3ffc7e66714ae4c5f6b02ad6ec5e7620f62d8a76","sha256":"de2cb1a88d55883efa4417937c491dee11149e32812a7b4b8fedc174eec67517"},"dob":{"date":"1986-04-17T00:24:34.135Z","age":38},"registered":{"date":"2020-05-09T03:29:08.521Z","age":4},"phone":"B19 Y66-1128","cell":"F28 O62-8157","id":{"name":"SIN","value":"105498935"},"picture":{"large":"https://randomuser.me/api/portraits/men/5.jpg","medium":"https://randomuser.me/api/portraits/med/men/5.jpg","thumbnail":"https://randomuser.me/api/portraits/thumb/men/5.jpg"},"nat":"CA"}],"info":{"seed":"bf34422b00e4fa17","results":1,"page":1,"version":"1.4"}} 
 </msg>
<msg time="2024-07-29T11:13:11.459018" level="INFO">/opt/hostedtoolcache/Python/3.12.4/x64/lib/python3.12/site-packages/urllib3/connectionpool.py:1099: InsecureRequestWarning: Unverified HTTPS request is being made to host 'randomuser.me'. Adding certificate verification is strongly advised. See: https://urllib3.readthedocs.io/en/latest/advanced-usage.html#tls-warnings
  warnings.warn(</msg>
<msg time="2024-07-29T11:13:11.459154" level="INFO">${response} = &lt;Response [200]&gt;</msg>
<var>${response}</var>
<arg>consultarAPI</arg>
<arg>/api</arg>
<doc>Sends a GET request on a previously created HTTP Session.</doc>
<status status="PASS" start="2024-07-29T11:13:11.314093" elapsed="0.145099"/>
</kw>
<kw name="Set Variable" owner="BuiltIn">
<msg time="2024-07-29T11:13:11.460303" level="INFO">${json_data} = {'results': [{'gender': 'male', 'name': {'title': 'Mr', 'first': 'Xavier', 'last': 'Wong'}, 'location': {'street': {'number': 4783, 'name': 'Wellington St'}, 'city': 'Carleton', 'state': 'Yukon', 'cou...</msg>
<var>${json_data}</var>
<arg>${response.json()}</arg>
<doc>Returns the given values which can then be assigned to a variables.</doc>
<status status="PASS" start="2024-07-29T11:13:11.459721" elapsed="0.000612"/>
</kw>
<kw name="Set Variable" owner="BuiltIn">
<msg time="2024-07-29T11:13:11.461020" level="INFO">${name_title} = Mr</msg>
<var>${name_title}</var>
<arg>${json_data["results"][0]["name"]["title"]}</arg>
<doc>Returns the given values which can then be assigned to a variables.</doc>
<status status="PASS" start="2024-07-29T11:13:11.460636" elapsed="0.000411"/>
</kw>
<kw name="Create List" owner="BuiltIn">
<msg time="2024-07-29T11:13:11.461496" level="INFO">${allowed_titles} = ['Mr', 'Ms', 'Miss', 'Mrs', 'Madame', 'Monsieur']</msg>
<var>${allowed_titles}</var>
<arg>Mr</arg>
<arg>Ms</arg>
<arg>Miss</arg>
<arg>Mrs</arg>
<arg>Madame</arg>
<arg>Monsieur</arg>
<doc>Returns a list containing given items.</doc>
<status status="PASS" start="2024-07-29T11:13:11.461346" elapsed="0.000175"/>
</kw>
<kw name="List Should Contain Value" owner="Collections">
<arg>${allowed_titles}</arg>
<arg>${name_title}</arg>
<doc>Fails if the ``value`` is not found from ``list``.</doc>
<status status="PASS" start="2024-07-29T11:13:11.461818" elapsed="0.000181"/>
</kw>
<kw name="Set Variable" owner="BuiltIn">
<msg time="2024-07-29T11:13:11.462553" level="INFO">${name_country} = CA</msg>
<var>${name_country}</var>
<arg>${json_data["results"][0]["nat"]}</arg>
<doc>Returns the given values which can then be assigned to a variables.</doc>
<status status="PASS" start="2024-07-29T11:13:11.462178" elapsed="0.000401"/>
</kw>
<kw name="Create List" owner="BuiltIn">
<msg time="2024-07-29T11:13:11.463457" level="INFO">${list_country} = ['AD', 'AE', 'AF', 'AG', 'AI', 'AL', 'AM', 'AO', 'AQ', 'AR', 'AS', 'AT', 'AU', 'AW', 'AX', 'AZ', 'BA', 'BB', 'BD', 'BE', 'BF', 'BG', 'BH', 'BI', 'BJ', 'BL', 'BM', 'BN', 'BO', 'BQ', 'BR', 'BS', 'BT', '...</msg>
<var>${list_country}</var>
<arg>AD</arg>
<arg>AE</arg>
<arg>AF</arg>
<arg>AG</arg>
<arg>AI</arg>
<arg>AL</arg>
<arg>AM</arg>
<arg>AO</arg>
<arg>AQ</arg>
<arg>AR</arg>
<arg>AS</arg>
<arg>AT</arg>
<arg>AU</arg>
<arg>AW</arg>
<arg>AX</arg>
<arg>AZ</arg>
<arg>BA</arg>
<arg>BB</arg>
<arg>BD</arg>
<arg>BE</arg>
<arg>BF</arg>
<arg>BG</arg>
<arg>BH</arg>
<arg>BI</arg>
<arg>BJ</arg>
<arg>BL</arg>
<arg>BM</arg>
<arg>BN</arg>
<arg>BO</arg>
<arg>BQ</arg>
<arg>BR</arg>
<arg>BS</arg>
<arg>BT</arg>
<arg>BV</arg>
<arg>BW</arg>
<arg>BY</arg>
<arg>BZ</arg>
<arg>CA</arg>
<arg>CC</arg>
<arg>CD</arg>
<arg>CF</arg>
<arg>CG</arg>
<arg>CH</arg>
<arg>CI</arg>
<arg>CK</arg>
<arg>CL</arg>
<arg>CM</arg>
<arg>CN</arg>
<arg>CO</arg>
<arg>CR</arg>
<arg>CU</arg>
<arg>CV</arg>
<arg>CW</arg>
<arg>CX</arg>
<arg>CY</arg>
<arg>CZ</arg>
<arg>DE</arg>
<arg>DJ</arg>
<arg>DK</arg>
<arg>DM</arg>
<arg>DO</arg>
<arg>DZ</arg>
<arg>EC</arg>
<arg>EE</arg>
<arg>EG</arg>
<arg>EH</arg>
<arg>ER</arg>
<arg>ES</arg>
<arg>ET</arg>
<arg>FI</arg>
<arg>FJ</arg>
<arg>FK</arg>
<arg>FM</arg>
<arg>FO</arg>
<arg>FR</arg>
<arg>GA</arg>
<arg>GB</arg>
<arg>GD</arg>
<arg>GE</arg>
<arg>GF</arg>
<arg>GG</arg>
<arg>GH</arg>
<arg>GI</arg>
<arg>GL</arg>
<arg>GM</arg>
<arg>GN</arg>
<arg>GP</arg>
<arg>GQ</arg>
<arg>GR</arg>
<arg>GS</arg>
<arg>GT</arg>
<arg>GU</arg>
<arg>GW</arg>
<arg>GY</arg>
<arg>HK</arg>
<arg>HM</arg>
<arg>HN</arg>
<arg>HR</arg>
<arg>HT</arg>
<arg>HU</arg>
<arg>ID</arg>
<arg>IE</arg>
<arg>IL</arg>
<arg>IM</arg>
<arg>IN</arg>
<arg>IO</arg>
<arg>IQ</arg>
<arg>IR</arg>
<arg>IS</arg>
<arg>IT</arg>
<arg>JE</arg>
<arg>JM</arg>
<arg>JO</arg>
<arg>JP</arg>
<arg>KE</arg>
<arg>KG</arg>
<arg>KH</arg>
<arg>KI</arg>
<arg>KM</arg>
<arg>KN</arg>
<arg>KP</arg>
<arg>KR</arg>
<arg>KW</arg>
<arg>KY</arg>
<arg>KZ</arg>
<arg>LA</arg>
<arg>LB</arg>
<arg>LC</arg>
<arg>LI</arg>
<arg>LK</arg>
<arg>LR</arg>
<arg>LS</arg>
<arg>LT</arg>
<arg>LU</arg>
<arg>LV</arg>
<arg>LY</arg>
<arg>MA</arg>
<arg>MC</arg>
<arg>MD</arg>
<arg>ME</arg>
<arg>MF</arg>
<arg>MG</arg>
<arg>MH</arg>
<arg>MK</arg>
<arg>ML</arg>
<arg>MM</arg>
<arg>MN</arg>
<arg>MO</arg>
<arg>MP</arg>
<arg>MQ</arg>
<arg>MR</arg>
<arg>MS</arg>
<arg>MT</arg>
<arg>MU</arg>
<arg>MV</arg>
<arg>MW</arg>
<arg>MX</arg>
<arg>MY</arg>
<arg>MZ</arg>
<arg>NA</arg>
<arg>NC</arg>
<arg>NE</arg>
<arg>NF</arg>
<arg>NG</arg>
<arg>NI</arg>
<arg>NL</arg>
<arg>NO</arg>
<arg>NP</arg>
<arg>NR</arg>
<arg>NU</arg>
<arg>NZ</arg>
<arg>OM</arg>
<arg>PA</arg>
<arg>PE</arg>
<arg>PF</arg>
<arg>PG</arg>
<arg>PH</arg>
<arg>PK</arg>
<arg>PL</arg>
<arg>PM</arg>
<arg>PN</arg>
<arg>PR</arg>
<arg>PS</arg>
<arg>PT</arg>
<arg>PW</arg>
<arg>PY</arg>
<arg>QA</arg>
<arg>RE</arg>
<arg>RO</arg>
<arg>RS</arg>
<arg>RU</arg>
<arg>RW</arg>
<arg>SA</arg>
<arg>SB</arg>
<arg>SC</arg>
<arg>SD</arg>
<arg>SE</arg>
<arg>SG</arg>
<arg>SH</arg>
<arg>SI</arg>
<arg>SJ</arg>
<arg>SK</arg>
<arg>SL</arg>
<arg>SM</arg>
<arg>SN</arg>
<arg>SO</arg>
<arg>SR</arg>
<arg>SS</arg>
<arg>ST</arg>
<arg>SV</arg>
<arg>SX</arg>
<arg>SY</arg>
<arg>SZ</arg>
<arg>TC</arg>
<arg>TD</arg>
<arg>TF</arg>
<arg>TG</arg>
<arg>TH</arg>
<arg>TJ</arg>
<arg>TK</arg>
<arg>TL</arg>
<arg>TM</arg>
<arg>TN</arg>
<arg>TO</arg>
<arg>TR</arg>
<arg>TT</arg>
<arg>TV</arg>
<arg>TW</arg>
<arg>TZ</arg>
<arg>UA</arg>
<arg>UG</arg>
<arg>UM</arg>
<arg>US</arg>
<arg>UY</arg>
<arg>UZ</arg>
<arg>VA</arg>
<arg>VC</arg>
<arg>VE</arg>
<arg>VG</arg>
<arg>VI</arg>
<arg>VN</arg>
<arg>VU</arg>
<arg>WF</arg>
<arg>WS</arg>
<arg>XK</arg>
<arg>YE</arg>
<arg>YT</arg>
<arg>ZA</arg>
<arg>ZM</arg>
<arg>ZW</arg>
<doc>Returns a list containing given items.</doc>
<status status="PASS" start="2024-07-29T11:13:11.462867" elapsed="0.000616"/>
</kw>
<kw name="List Should Contain Value" owner="Collections">
<arg>${list_country}</arg>
<arg>${name_country}</arg>
<doc>Fails if the ``value`` is not found from ``list``.</doc>
<status status="PASS" start="2024-07-29T11:13:11.464493" elapsed="0.000208"/>
</kw>
<kw name="Run Keyword If" owner="BuiltIn">
<kw name="Should Be True" owner="BuiltIn">
<arg>${True}</arg>
<doc>Fails if the given condition is not true.</doc>
<status status="PASS" start="2024-07-29T11:13:11.465643" elapsed="0.000142"/>
</kw>
<arg>${json_data["results"][0]["location"]["coordinates"]["latitude"]} &gt;= -90 and ${json_data["results"][0]["location"]["coordinates"]["latitude"]} &lt;= 90</arg>
<arg>Should Be True</arg>
<arg>${True}</arg>
<doc>Runs the given keyword with the given arguments, if ``condition`` is true.</doc>
<status status="PASS" start="2024-07-29T11:13:11.464904" elapsed="0.001006"/>
</kw>
<kw name="Run Keyword If" owner="BuiltIn">
<kw name="Should Be True" owner="BuiltIn">
<arg>${True}</arg>
<doc>Fails if the given condition is not true.</doc>
<status status="PASS" start="2024-07-29T11:13:11.466785" elapsed="0.000142"/>
</kw>
<arg>${json_data["results"][0]["location"]["coordinates"]["longitude"]} &gt;= -180 and ${json_data["results"][0]["location"]["coordinates"]["longitude"]} &lt;= 180</arg>
<arg>Should Be True</arg>
<arg>${True}</arg>
<doc>Runs the given keyword with the given arguments, if ``condition`` is true.</doc>
<status status="PASS" start="2024-07-29T11:13:11.466092" elapsed="0.000960"/>
</kw>
<status status="PASS" start="2024-07-29T11:13:11.313867" elapsed="0.153318"/>
</kw>
<doc>Testa o conteúdo específico dos campos retornados pela API.</doc>
<tag>testeConteudo</tag>
<status status="PASS" start="2024-07-29T11:13:11.313399" elapsed="0.153937"/>
</test>
<status status="PASS" start="2024-07-29T11:13:10.590570" elapsed="0.878755"/>
</suite>
<status status="PASS" start="2024-07-29T11:13:10.576347" elapsed="0.898055"/>
</suite>
<statistics>
<total>
<stat pass="5" fail="0" skip="0">All Tests</stat>
</total>
<tag>
<stat pass="1" fail="0" skip="0">testeConteudo</stat>
<stat pass="1" fail="0" skip="0">testeEstruturaResposta</stat>
<stat pass="1" fail="0" skip="0">testeRequisicaoBasica</stat>
<stat pass="1" fail="0" skip="0">testeTiposDados</stat>
</tag>
<suite>
<stat pass="5" fail="0" skip="0" id="s1" name="Tests">Tests</stat>
<stat pass="5" fail="0" skip="0" id="s1-s1" name="Random-User-Test">Tests.Random-User-Test</stat>
</suite>
</statistics>
<errors>
</errors>
</robot>
