<?xml version="1.0" encoding="UTF-8"?>
<robot generator="Robot 7.0 (Python 3.12.3 on linux)" generated="2024-04-27T23:13:51.285242" rpa="false" schemaversion="5">
<suite id="s1" name="Tests" source="/home/runner/work/DesafioQAItauRogerioJordao/DesafioQAItauRogerioJordao/RamdonUser/tests">
<suite id="s1-s1" name="Random-User-Test" source="/home/runner/work/DesafioQAItauRogerioJordao/DesafioQAItauRogerioJordao/RamdonUser/tests/random-user-test.robot">
<test id="s1-s1-t1" name="Conectar" line="13">
<kw name="Conectar API" owner="random-user-service">
<kw name="Create Session" owner="RequestsLibrary">
<msg time="2024-04-27T23:13:51.634701" level="INFO">Creating Session using : alias=consultarAPI, url=https://randomuser.me/, headers={},                     cookies={}, auth=None, timeout=None, proxies=None, verify=False,                     debug=0 </msg>
<arg>consultarAPI</arg>
<arg>${URL}</arg>
<doc>Create Session: create a HTTP session to a server</doc>
<status status="PASS" start="2024-04-27T23:13:51.634508" elapsed="0.000365"/>
</kw>
<status status="PASS" start="2024-04-27T23:13:51.633589" elapsed="0.001624"/>
</kw>
<status status="PASS" start="2024-04-27T23:13:51.633033" elapsed="0.002371"/>
</test>
<test id="s1-s1-t2" name="Validar retorno 200 e JSON Válido" line="16">
<kw name="Teste de Requisicao Basica" owner="random-user-service">
<kw name="GET On Session" owner="RequestsLibrary">
<msg time="2024-04-27T23:13:51.892275" level="INFO">GET Request : url=https://randomuser.me/api 
 path_url=/api 
 headers={'User-Agent': 'python-requests/2.31.0', 'Accept-Encoding': 'gzip, deflate', 'Accept': '*/*', 'Connection': 'keep-alive'} 
 body=None 
 </msg>
<msg time="2024-04-27T23:13:51.892420" level="INFO">GET Response : url=https://randomuser.me/api 
 status=200, reason=OK 
 headers={'Date': 'Sat, 27 Apr 2024 23:13:51 GMT', 'Content-Type': 'application/json; charset=utf-8', 'Transfer-Encoding': 'chunked', 'Connection': 'keep-alive', 'X-Powered-By': 'Express', 'Access-Control-Allow-Origin': '*', 'Cache-Control': 'no-cache', 'ETag': 'W/"46a-QdgFFEt4W17SB+xxeWWAvu2YQq4"', 'Vary': 'Accept-Encoding', 'Content-Encoding': 'gzip', 'CF-Cache-Status': 'DYNAMIC', 'Report-To': '{"endpoints":[{"url":"https:\\/\\/a.nel.cloudflare.com\\/report\\/v4?s=RSFTgSrYF7%2Fltm4MrAb5R6Yd9Z72CzzzKn7dmFTpbWwz0KCoYPXqLVH8ZIWx1YbjYK%2FBGvHlZtrTxdHyj2cpwjP7GL0HvKPcOg03IuWDR3ImiddelE255h5KXlS7ziLi"}],"group":"cf-nel","max_age":604800}', 'NEL': '{"success_fraction":0,"report_to":"cf-nel","max_age":604800}', 'Server': 'cloudflare', 'CF-RAY': '87b2816aca621598-SJC', 'alt-svc': 'h3=":443"; ma=86400'} 
 body={"results":[{"gender":"female","name":{"title":"Miss","first":"Ece","last":"Özbir"},"location":{"street":{"number":1471,"name":"Mevlana Cd"},"city":"Ankara","state":"Aksaray","country":"Turkey","postcode":99959,"coordinates":{"latitude":"66.2751","longitude":"173.3704"},"timezone":{"offset":"-2:00","description":"Mid-Atlantic"}},"email":"ece.ozbir@example.com","login":{"uuid":"6f252e1d-f355-4a45-8cca-cef9a1fd935a","username":"purplerabbit916","password":"sable","salt":"nvvNttGV","md5":"4435b3c5b117cc46b36ade3525d5434a","sha1":"2ccb0e938f9c8ad6dabaa65c4aa4a5868a27373f","sha256":"94a5ea59cf72776f345912bcb485ba8dc69572afe448281e810f6acf3698a2f9"},"dob":{"date":"2000-06-19T22:21:14.974Z","age":23},"registered":{"date":"2013-08-15T05:48:45.489Z","age":10},"phone":"(098)-513-6668","cell":"(200)-623-8655","id":{"name":"","value":null},"picture":{"large":"https://randomuser.me/api/portraits/women/65.jpg","medium":"https://randomuser.me/api/portraits/med/women/65.jpg","thumbnail":"https://randomuser.me/api/portraits/thumb/women/65.jpg"},"nat":"TR"}],"info":{"seed":"4d27190f4d053f9a","results":1,"page":1,"version":"1.4"}} 
 </msg>
<msg time="2024-04-27T23:13:51.892506" level="INFO">/opt/hostedtoolcache/Python/3.12.3/x64/lib/python3.12/site-packages/urllib3/connectionpool.py:1103: InsecureRequestWarning: Unverified HTTPS request is being made to host 'randomuser.me'. Adding certificate verification is strongly advised. See: https://urllib3.readthedocs.io/en/latest/advanced-usage.html#tls-warnings
  warnings.warn(</msg>
<msg time="2024-04-27T23:13:51.892667" level="INFO">${response} = &lt;Response [200]&gt;</msg>
<var>${response}</var>
<arg>consultarAPI</arg>
<arg>/api</arg>
<doc>Sends a GET request on a previously created HTTP Session.</doc>
<status status="PASS" start="2024-04-27T23:13:51.638028" elapsed="0.254684"/>
</kw>
<kw name="Should Be Equal As Numbers" owner="BuiltIn">
<msg time="2024-04-27T23:13:51.893895" level="INFO">Argument types are:
&lt;class 'int'&gt;
&lt;class 'str'&gt;</msg>
<arg>${response.status_code}</arg>
<arg>200</arg>
<doc>Fails if objects are unequal after converting them to real numbers.</doc>
<status status="PASS" start="2024-04-27T23:13:51.893379" elapsed="0.000580"/>
</kw>
<kw name="Log" owner="BuiltIn">
<msg time="2024-04-27T23:13:51.894649" level="INFO">200</msg>
<arg>${response.status_code}</arg>
<doc>Logs the given message with the given level.</doc>
<status status="PASS" start="2024-04-27T23:13:51.894300" elapsed="0.000391"/>
</kw>
<kw name="Set Variable" owner="BuiltIn">
<msg time="2024-04-27T23:13:51.895441" level="INFO">${json_data} = {'results': [{'gender': 'female', 'name': {'title': 'Miss', 'first': 'Ece', 'last': 'Özbir'}, 'location': {'street': {'number': 1471, 'name': 'Mevlana Cd'}, 'city': 'Ankara', 'state': 'Aksaray', 'coun...</msg>
<var>${json_data}</var>
<arg>${response.json()}</arg>
<doc>Returns the given values which can then be assigned to a variables.</doc>
<status status="PASS" start="2024-04-27T23:13:51.894993" elapsed="0.000476"/>
</kw>
<kw name="Dictionary Should Contain Key" owner="Collections">
<msg time="2024-04-27T23:13:51.895939" level="INFO">False</msg>
<arg>${json_data}</arg>
<arg>results</arg>
<doc>Fails if ``key`` is not found from ``dictionary``.</doc>
<status status="PASS" start="2024-04-27T23:13:51.895776" elapsed="0.000201"/>
</kw>
<status status="PASS" start="2024-04-27T23:13:51.637786" elapsed="0.258451"/>
</kw>
<doc>Testa se a API responde corretamente e retorna um objeto JSON válido.</doc>
<tag>testeRequisicaoBasica</tag>
<status status="PASS" start="2024-04-27T23:13:51.637301" elapsed="0.259120"/>
</test>
<test id="s1-s1-t3" name="Validar estrutura de resposta" line="22">
<kw name="Teste de Estrutura de Resposta" owner="random-user-service">
<kw name="GET On Session" owner="RequestsLibrary">
<msg time="2024-04-27T23:13:51.995030" level="INFO">GET Request : url=https://randomuser.me/api 
 path_url=/api 
 headers={'User-Agent': 'python-requests/2.31.0', 'Accept-Encoding': 'gzip, deflate', 'Accept': '*/*', 'Connection': 'keep-alive'} 
 body=None 
 </msg>
<msg time="2024-04-27T23:13:51.995111" level="INFO">GET Response : url=https://randomuser.me/api 
 status=200, reason=OK 
 headers={'Date': 'Sat, 27 Apr 2024 23:13:51 GMT', 'Content-Type': 'application/json; charset=utf-8', 'Transfer-Encoding': 'chunked', 'Connection': 'keep-alive', 'X-Powered-By': 'Express', 'Access-Control-Allow-Origin': '*', 'Cache-Control': 'no-cache', 'ETag': 'W/"47a-Qh3YtKL5xgRsuAfNAFiS/0KaZu4"', 'Vary': 'Accept-Encoding', 'Content-Encoding': 'gzip', 'CF-Cache-Status': 'DYNAMIC', 'Report-To': '{"endpoints":[{"url":"https:\\/\\/a.nel.cloudflare.com\\/report\\/v4?s=8EmlbsFZEXvRZIbKhq9pucZ8Uw5W2L28zw7pQgyZjzcXgbctpUTINu19cacJtazDnZi01GlJLEBHYwJ6L3rvRsLMtbmAYDqHpPy6Y5FjwxAykEssFPC38LaCdtYXAL5f"}],"group":"cf-nel","max_age":604800}', 'NEL': '{"success_fraction":0,"report_to":"cf-nel","max_age":604800}', 'Server': 'cloudflare', 'CF-RAY': '87b2816b6aef1598-SJC', 'alt-svc': 'h3=":443"; ma=86400'} 
 body={"results":[{"gender":"male","name":{"title":"Mr","first":"Mille","last":"Jørgensen"},"location":{"street":{"number":8656,"name":"Tolstrupvej"},"city":"Aarhus N","state":"Syddanmark","country":"Denmark","postcode":71773,"coordinates":{"latitude":"-43.6562","longitude":"-104.1719"},"timezone":{"offset":"-12:00","description":"Eniwetok, Kwajalein"}},"email":"mille.jorgensen@example.com","login":{"uuid":"a50de0da-5879-4f42-a91f-4f102cb20ee0","username":"bigzebra363","password":"midnight","salt":"uFBK7qjP","md5":"1608bdd43ce96812a41c0be6cb225790","sha1":"11f602beab90b7001d61693aa20bdef7e3a79805","sha256":"1fd8af062a9c9a5288ece97f6c4b67196bbcd687533965b454837d274f63d42b"},"dob":{"date":"2000-03-08T02:19:42.040Z","age":24},"registered":{"date":"2004-07-08T15:53:05.036Z","age":19},"phone":"18710990","cell":"43569209","id":{"name":"CPR","value":"0703100-0247"},"picture":{"large":"https://randomuser.me/api/portraits/men/5.jpg","medium":"https://randomuser.me/api/portraits/med/men/5.jpg","thumbnail":"https://randomuser.me/api/portraits/thumb/men/5.jpg"},"nat":"DK"}],"info":{"seed":"28b56fbedfa79eab","results":1,"page":1,"version":"1.4"}} 
 </msg>
<msg time="2024-04-27T23:13:51.995226" level="INFO">/opt/hostedtoolcache/Python/3.12.3/x64/lib/python3.12/site-packages/urllib3/connectionpool.py:1103: InsecureRequestWarning: Unverified HTTPS request is being made to host 'randomuser.me'. Adding certificate verification is strongly advised. See: https://urllib3.readthedocs.io/en/latest/advanced-usage.html#tls-warnings
  warnings.warn(</msg>
<msg time="2024-04-27T23:13:51.995331" level="INFO">${response} = &lt;Response [200]&gt;</msg>
<var>${response}</var>
<arg>consultarAPI</arg>
<arg>/api</arg>
<doc>Sends a GET request on a previously created HTTP Session.</doc>
<status status="PASS" start="2024-04-27T23:13:51.899052" elapsed="0.096320"/>
</kw>
<kw name="Set Variable" owner="BuiltIn">
<msg time="2024-04-27T23:13:51.996433" level="INFO">${json_data} = {'results': [{'gender': 'male', 'name': {'title': 'Mr', 'first': 'Mille', 'last': 'Jørgensen'}, 'location': {'street': {'number': 8656, 'name': 'Tolstrupvej'}, 'city': 'Aarhus N', 'state': 'Syddanmark...</msg>
<var>${json_data}</var>
<arg>${response.json()}</arg>
<doc>Returns the given values which can then be assigned to a variables.</doc>
<status status="PASS" start="2024-04-27T23:13:51.995840" elapsed="0.000622"/>
</kw>
<kw name="Log" owner="BuiltIn">
<msg time="2024-04-27T23:13:51.996980" level="INFO">{'results': [{'gender': 'male', 'name': {'title': 'Mr', 'first': 'Mille', 'last': 'Jørgensen'}, 'location': {'street': {'number': 8656, 'name': 'Tolstrupvej'}, 'city': 'Aarhus N', 'state': 'Syddanmark', 'country': 'Denmark', 'postcode': 71773, 'coordinates': {'latitude': '-43.6562', 'longitude': '-104.1719'}, 'timezone': {'offset': '-12:00', 'description': 'Eniwetok, Kwajalein'}}, 'email': 'mille.jorgensen@example.com', 'login': {'uuid': 'a50de0da-5879-4f42-a91f-4f102cb20ee0', 'username': 'bigzebra363', 'password': 'midnight', 'salt': 'uFBK7qjP', 'md5': '1608bdd43ce96812a41c0be6cb225790', 'sha1': '11f602beab90b7001d61693aa20bdef7e3a79805', 'sha256': '1fd8af062a9c9a5288ece97f6c4b67196bbcd687533965b454837d274f63d42b'}, 'dob': {'date': '2000-03-08T02:19:42.040Z', 'age': 24}, 'registered': {'date': '2004-07-08T15:53:05.036Z', 'age': 19}, 'phone': '18710990', 'cell': '43569209', 'id': {'name': 'CPR', 'value': '0703100-0247'}, 'picture': {'large': 'https://randomuser.me/api/portraits/men/5.jpg', 'medium': 'https://randomuser.me/api/portraits/med/men/5.jpg', 'thumbnail': 'https://randomuser.me/api/portraits/thumb/men/5.jpg'}, 'nat': 'DK'}], 'info': {'seed': '28b56fbedfa79eab', 'results': 1, 'page': 1, 'version': '1.4'}}</msg>
<arg>${json_data}</arg>
<doc>Logs the given message with the given level.</doc>
<status status="PASS" start="2024-04-27T23:13:51.996814" elapsed="0.000217"/>
</kw>
<kw name="Dictionary Should Contain Key" owner="Collections">
<msg time="2024-04-27T23:13:51.997486" level="INFO">False</msg>
<arg>${json_data}</arg>
<arg>results</arg>
<doc>Fails if ``key`` is not found from ``dictionary``.</doc>
<status status="PASS" start="2024-04-27T23:13:51.997330" elapsed="0.000192"/>
</kw>
<kw name="Should Not Be Empty" owner="BuiltIn">
<msg time="2024-04-27T23:13:51.997941" level="INFO">Length is 2.</msg>
<arg>${json_data}</arg>
<doc>Verifies that the given item is not empty.</doc>
<status status="PASS" start="2024-04-27T23:13:51.997811" elapsed="0.000168"/>
</kw>
<kw name="Create List" owner="BuiltIn">
<msg time="2024-04-27T23:13:51.998546" level="INFO">${expected_keys} = ['gender', 'name', 'location', 'email', 'login']</msg>
<var>${expected_keys}</var>
<arg>gender</arg>
<arg>name</arg>
<arg>location</arg>
<arg>email</arg>
<arg>login</arg>
<doc>Returns a list containing given items.</doc>
<status status="PASS" start="2024-04-27T23:13:51.998262" elapsed="0.000309"/>
</kw>
<for flavor="IN">
<iter>
<kw name="Dictionary Should Contain Key" owner="Collections">
<msg time="2024-04-27T23:13:51.999526" level="INFO">False</msg>
<arg>${json_data['results'][0]}</arg>
<arg>${key}</arg>
<doc>Fails if ``key`` is not found from ``dictionary``.</doc>
<status status="PASS" start="2024-04-27T23:13:51.999138" elapsed="0.000424"/>
</kw>
<kw name="Log" owner="BuiltIn">
<msg time="2024-04-27T23:13:52.000229" level="INFO">{'gender': 'male', 'name': {'title': 'Mr', 'first': 'Mille', 'last': 'Jørgensen'}, 'location': {'street': {'number': 8656, 'name': 'Tolstrupvej'}, 'city': 'Aarhus N', 'state': 'Syddanmark', 'country': 'Denmark', 'postcode': 71773, 'coordinates': {'latitude': '-43.6562', 'longitude': '-104.1719'}, 'timezone': {'offset': '-12:00', 'description': 'Eniwetok, Kwajalein'}}, 'email': 'mille.jorgensen@example.com', 'login': {'uuid': 'a50de0da-5879-4f42-a91f-4f102cb20ee0', 'username': 'bigzebra363', 'password': 'midnight', 'salt': 'uFBK7qjP', 'md5': '1608bdd43ce96812a41c0be6cb225790', 'sha1': '11f602beab90b7001d61693aa20bdef7e3a79805', 'sha256': '1fd8af062a9c9a5288ece97f6c4b67196bbcd687533965b454837d274f63d42b'}, 'dob': {'date': '2000-03-08T02:19:42.040Z', 'age': 24}, 'registered': {'date': '2004-07-08T15:53:05.036Z', 'age': 19}, 'phone': '18710990', 'cell': '43569209', 'id': {'name': 'CPR', 'value': '0703100-0247'}, 'picture': {'large': 'https://randomuser.me/api/portraits/men/5.jpg', 'medium': 'https://randomuser.me/api/portraits/med/men/5.jpg', 'thumbnail': 'https://randomuser.me/api/portraits/thumb/men/5.jpg'}, 'nat': 'DK'}</msg>
<arg>${json_data['results'][0]}</arg>
<doc>Logs the given message with the given level.</doc>
<status status="PASS" start="2024-04-27T23:13:51.999863" elapsed="0.000415"/>
</kw>
<kw name="Log" owner="BuiltIn">
<msg time="2024-04-27T23:13:52.000719" level="INFO">gender</msg>
<arg>${key}</arg>
<doc>Logs the given message with the given level.</doc>
<status status="PASS" start="2024-04-27T23:13:52.000570" elapsed="0.000186"/>
</kw>
<var name="${key}">gender</var>
<status status="PASS" start="2024-04-27T23:13:51.999014" elapsed="0.001954"/>
</iter>
<iter>
<kw name="Dictionary Should Contain Key" owner="Collections">
<msg time="2024-04-27T23:13:52.001643" level="INFO">False</msg>
<arg>${json_data['results'][0]}</arg>
<arg>${key}</arg>
<doc>Fails if ``key`` is not found from ``dictionary``.</doc>
<status status="PASS" start="2024-04-27T23:13:52.001264" elapsed="0.000415"/>
</kw>
<kw name="Log" owner="BuiltIn">
<msg time="2024-04-27T23:13:52.002362" level="INFO">{'gender': 'male', 'name': {'title': 'Mr', 'first': 'Mille', 'last': 'Jørgensen'}, 'location': {'street': {'number': 8656, 'name': 'Tolstrupvej'}, 'city': 'Aarhus N', 'state': 'Syddanmark', 'country': 'Denmark', 'postcode': 71773, 'coordinates': {'latitude': '-43.6562', 'longitude': '-104.1719'}, 'timezone': {'offset': '-12:00', 'description': 'Eniwetok, Kwajalein'}}, 'email': 'mille.jorgensen@example.com', 'login': {'uuid': 'a50de0da-5879-4f42-a91f-4f102cb20ee0', 'username': 'bigzebra363', 'password': 'midnight', 'salt': 'uFBK7qjP', 'md5': '1608bdd43ce96812a41c0be6cb225790', 'sha1': '11f602beab90b7001d61693aa20bdef7e3a79805', 'sha256': '1fd8af062a9c9a5288ece97f6c4b67196bbcd687533965b454837d274f63d42b'}, 'dob': {'date': '2000-03-08T02:19:42.040Z', 'age': 24}, 'registered': {'date': '2004-07-08T15:53:05.036Z', 'age': 19}, 'phone': '18710990', 'cell': '43569209', 'id': {'name': 'CPR', 'value': '0703100-0247'}, 'picture': {'large': 'https://randomuser.me/api/portraits/men/5.jpg', 'medium': 'https://randomuser.me/api/portraits/med/men/5.jpg', 'thumbnail': 'https://randomuser.me/api/portraits/thumb/men/5.jpg'}, 'nat': 'DK'}</msg>
<arg>${json_data['results'][0]}</arg>
<doc>Logs the given message with the given level.</doc>
<status status="PASS" start="2024-04-27T23:13:52.001998" elapsed="0.000412"/>
</kw>
<kw name="Log" owner="BuiltIn">
<msg time="2024-04-27T23:13:52.002827" level="INFO">name</msg>
<arg>${key}</arg>
<doc>Logs the given message with the given level.</doc>
<status status="PASS" start="2024-04-27T23:13:52.002702" elapsed="0.000161"/>
</kw>
<var name="${key}">name</var>
<status status="PASS" start="2024-04-27T23:13:52.001150" elapsed="0.001922"/>
</iter>
<iter>
<kw name="Dictionary Should Contain Key" owner="Collections">
<msg time="2024-04-27T23:13:52.003741" level="INFO">False</msg>
<arg>${json_data['results'][0]}</arg>
<arg>${key}</arg>
<doc>Fails if ``key`` is not found from ``dictionary``.</doc>
<status status="PASS" start="2024-04-27T23:13:52.003357" elapsed="0.000420"/>
</kw>
<kw name="Log" owner="BuiltIn">
<msg time="2024-04-27T23:13:52.004441" level="INFO">{'gender': 'male', 'name': {'title': 'Mr', 'first': 'Mille', 'last': 'Jørgensen'}, 'location': {'street': {'number': 8656, 'name': 'Tolstrupvej'}, 'city': 'Aarhus N', 'state': 'Syddanmark', 'country': 'Denmark', 'postcode': 71773, 'coordinates': {'latitude': '-43.6562', 'longitude': '-104.1719'}, 'timezone': {'offset': '-12:00', 'description': 'Eniwetok, Kwajalein'}}, 'email': 'mille.jorgensen@example.com', 'login': {'uuid': 'a50de0da-5879-4f42-a91f-4f102cb20ee0', 'username': 'bigzebra363', 'password': 'midnight', 'salt': 'uFBK7qjP', 'md5': '1608bdd43ce96812a41c0be6cb225790', 'sha1': '11f602beab90b7001d61693aa20bdef7e3a79805', 'sha256': '1fd8af062a9c9a5288ece97f6c4b67196bbcd687533965b454837d274f63d42b'}, 'dob': {'date': '2000-03-08T02:19:42.040Z', 'age': 24}, 'registered': {'date': '2004-07-08T15:53:05.036Z', 'age': 19}, 'phone': '18710990', 'cell': '43569209', 'id': {'name': 'CPR', 'value': '0703100-0247'}, 'picture': {'large': 'https://randomuser.me/api/portraits/men/5.jpg', 'medium': 'https://randomuser.me/api/portraits/med/men/5.jpg', 'thumbnail': 'https://randomuser.me/api/portraits/thumb/men/5.jpg'}, 'nat': 'DK'}</msg>
<arg>${json_data['results'][0]}</arg>
<doc>Logs the given message with the given level.</doc>
<status status="PASS" start="2024-04-27T23:13:52.004071" elapsed="0.000419"/>
</kw>
<kw name="Log" owner="BuiltIn">
<msg time="2024-04-27T23:13:52.004945" level="INFO">location</msg>
<arg>${key}</arg>
<doc>Logs the given message with the given level.</doc>
<status status="PASS" start="2024-04-27T23:13:52.004819" elapsed="0.000163"/>
</kw>
<var name="${key}">location</var>
<status status="PASS" start="2024-04-27T23:13:52.003247" elapsed="0.001947"/>
</iter>
<iter>
<kw name="Dictionary Should Contain Key" owner="Collections">
<msg time="2024-04-27T23:13:52.005861" level="INFO">False</msg>
<arg>${json_data['results'][0]}</arg>
<arg>${key}</arg>
<doc>Fails if ``key`` is not found from ``dictionary``.</doc>
<status status="PASS" start="2024-04-27T23:13:52.005474" elapsed="0.000424"/>
</kw>
<kw name="Log" owner="BuiltIn">
<msg time="2024-04-27T23:13:52.006585" level="INFO">{'gender': 'male', 'name': {'title': 'Mr', 'first': 'Mille', 'last': 'Jørgensen'}, 'location': {'street': {'number': 8656, 'name': 'Tolstrupvej'}, 'city': 'Aarhus N', 'state': 'Syddanmark', 'country': 'Denmark', 'postcode': 71773, 'coordinates': {'latitude': '-43.6562', 'longitude': '-104.1719'}, 'timezone': {'offset': '-12:00', 'description': 'Eniwetok, Kwajalein'}}, 'email': 'mille.jorgensen@example.com', 'login': {'uuid': 'a50de0da-5879-4f42-a91f-4f102cb20ee0', 'username': 'bigzebra363', 'password': 'midnight', 'salt': 'uFBK7qjP', 'md5': '1608bdd43ce96812a41c0be6cb225790', 'sha1': '11f602beab90b7001d61693aa20bdef7e3a79805', 'sha256': '1fd8af062a9c9a5288ece97f6c4b67196bbcd687533965b454837d274f63d42b'}, 'dob': {'date': '2000-03-08T02:19:42.040Z', 'age': 24}, 'registered': {'date': '2004-07-08T15:53:05.036Z', 'age': 19}, 'phone': '18710990', 'cell': '43569209', 'id': {'name': 'CPR', 'value': '0703100-0247'}, 'picture': {'large': 'https://randomuser.me/api/portraits/men/5.jpg', 'medium': 'https://randomuser.me/api/portraits/med/men/5.jpg', 'thumbnail': 'https://randomuser.me/api/portraits/thumb/men/5.jpg'}, 'nat': 'DK'}</msg>
<arg>${json_data['results'][0]}</arg>
<doc>Logs the given message with the given level.</doc>
<status status="PASS" start="2024-04-27T23:13:52.006220" elapsed="0.000413"/>
</kw>
<kw name="Log" owner="BuiltIn">
<msg time="2024-04-27T23:13:52.007051" level="INFO">email</msg>
<arg>${key}</arg>
<doc>Logs the given message with the given level.</doc>
<status status="PASS" start="2024-04-27T23:13:52.006925" elapsed="0.000163"/>
</kw>
<var name="${key}">email</var>
<status status="PASS" start="2024-04-27T23:13:52.005364" elapsed="0.001940"/>
</iter>
<iter>
<kw name="Dictionary Should Contain Key" owner="Collections">
<msg time="2024-04-27T23:13:52.007960" level="INFO">False</msg>
<arg>${json_data['results'][0]}</arg>
<arg>${key}</arg>
<doc>Fails if ``key`` is not found from ``dictionary``.</doc>
<status status="PASS" start="2024-04-27T23:13:52.007580" elapsed="0.000417"/>
</kw>
<kw name="Log" owner="BuiltIn">
<msg time="2024-04-27T23:13:52.008673" level="INFO">{'gender': 'male', 'name': {'title': 'Mr', 'first': 'Mille', 'last': 'Jørgensen'}, 'location': {'street': {'number': 8656, 'name': 'Tolstrupvej'}, 'city': 'Aarhus N', 'state': 'Syddanmark', 'country': 'Denmark', 'postcode': 71773, 'coordinates': {'latitude': '-43.6562', 'longitude': '-104.1719'}, 'timezone': {'offset': '-12:00', 'description': 'Eniwetok, Kwajalein'}}, 'email': 'mille.jorgensen@example.com', 'login': {'uuid': 'a50de0da-5879-4f42-a91f-4f102cb20ee0', 'username': 'bigzebra363', 'password': 'midnight', 'salt': 'uFBK7qjP', 'md5': '1608bdd43ce96812a41c0be6cb225790', 'sha1': '11f602beab90b7001d61693aa20bdef7e3a79805', 'sha256': '1fd8af062a9c9a5288ece97f6c4b67196bbcd687533965b454837d274f63d42b'}, 'dob': {'date': '2000-03-08T02:19:42.040Z', 'age': 24}, 'registered': {'date': '2004-07-08T15:53:05.036Z', 'age': 19}, 'phone': '18710990', 'cell': '43569209', 'id': {'name': 'CPR', 'value': '0703100-0247'}, 'picture': {'large': 'https://randomuser.me/api/portraits/men/5.jpg', 'medium': 'https://randomuser.me/api/portraits/med/men/5.jpg', 'thumbnail': 'https://randomuser.me/api/portraits/thumb/men/5.jpg'}, 'nat': 'DK'}</msg>
<arg>${json_data['results'][0]}</arg>
<doc>Logs the given message with the given level.</doc>
<status status="PASS" start="2024-04-27T23:13:52.008287" elapsed="0.000437"/>
</kw>
<kw name="Log" owner="BuiltIn">
<msg time="2024-04-27T23:13:52.009138" level="INFO">login</msg>
<arg>${key}</arg>
<doc>Logs the given message with the given level.</doc>
<status status="PASS" start="2024-04-27T23:13:52.009014" elapsed="0.000160"/>
</kw>
<var name="${key}">login</var>
<status status="PASS" start="2024-04-27T23:13:52.007473" elapsed="0.001913"/>
</iter>
<var>${key}</var>
<value>@{expected_keys}</value>
<status status="PASS" start="2024-04-27T23:13:51.998831" elapsed="0.010699"/>
</for>
<kw name="Create List" owner="BuiltIn">
<msg time="2024-04-27T23:13:52.009863" level="INFO">${expected_keysTwo} = ['username', 'password']</msg>
<var>${expected_keysTwo}</var>
<arg>username</arg>
<arg>password</arg>
<doc>Returns a list containing given items.</doc>
<status status="PASS" start="2024-04-27T23:13:52.009728" elapsed="0.000159"/>
</kw>
<for flavor="IN">
<iter>
<kw name="Dictionary Should Contain Key" owner="Collections">
<msg time="2024-04-27T23:13:52.010758" level="INFO">False</msg>
<arg>${json_data['results'][0]['login']}</arg>
<arg>${keyTwo}</arg>
<doc>Fails if ``key`` is not found from ``dictionary``.</doc>
<status status="PASS" start="2024-04-27T23:13:52.010374" elapsed="0.000420"/>
</kw>
<kw name="Dictionary Should Contain Key" owner="Collections">
<msg time="2024-04-27T23:13:52.011465" level="INFO">False</msg>
<arg>${json_data['results'][0]['login']}</arg>
<arg>${keyTwo}</arg>
<doc>Fails if ``key`` is not found from ``dictionary``.</doc>
<status status="PASS" start="2024-04-27T23:13:52.011083" elapsed="0.000418"/>
</kw>
<kw name="Log" owner="BuiltIn">
<msg time="2024-04-27T23:13:52.011983" level="INFO">username</msg>
<arg>${keyTwo}</arg>
<doc>Logs the given message with the given level.</doc>
<status status="PASS" start="2024-04-27T23:13:52.011788" elapsed="0.000264"/>
</kw>
<var name="${keyTwo}">username</var>
<status status="PASS" start="2024-04-27T23:13:52.010266" elapsed="0.002093"/>
</iter>
<iter>
<kw name="Dictionary Should Contain Key" owner="Collections">
<msg time="2024-04-27T23:13:52.013360" level="INFO">False</msg>
<arg>${json_data['results'][0]['login']}</arg>
<arg>${keyTwo}</arg>
<doc>Fails if ``key`` is not found from ``dictionary``.</doc>
<status status="PASS" start="2024-04-27T23:13:52.012806" elapsed="0.000600"/>
</kw>
<kw name="Dictionary Should Contain Key" owner="Collections">
<msg time="2024-04-27T23:13:52.014177" level="INFO">False</msg>
<arg>${json_data['results'][0]['login']}</arg>
<arg>${keyTwo}</arg>
<doc>Fails if ``key`` is not found from ``dictionary``.</doc>
<status status="PASS" start="2024-04-27T23:13:52.013707" elapsed="0.000508"/>
</kw>
<kw name="Log" owner="BuiltIn">
<msg time="2024-04-27T23:13:52.014637" level="INFO">password</msg>
<arg>${keyTwo}</arg>
<doc>Logs the given message with the given level.</doc>
<status status="PASS" start="2024-04-27T23:13:52.014510" elapsed="0.000164"/>
</kw>
<var name="${keyTwo}">password</var>
<status status="PASS" start="2024-04-27T23:13:52.012649" elapsed="0.002241"/>
</iter>
<var>${keyTwo}</var>
<value>@{expected_keysTwo}</value>
<status status="PASS" start="2024-04-27T23:13:52.010117" elapsed="0.004892"/>
</for>
<status status="PASS" start="2024-04-27T23:13:51.898818" elapsed="0.116325"/>
</kw>
<doc>Testa a estrutura da resposta da API.</doc>
<tag>testeEstruturaResposta</tag>
<status status="PASS" start="2024-04-27T23:13:51.898312" elapsed="0.116980"/>
</test>
<test id="s1-s1-t4" name="Validar tipos de dados" line="28">
<kw name="Teste de Tipos de Dados" owner="random-user-service">
<kw name="GET On Session" owner="RequestsLibrary">
<msg time="2024-04-27T23:13:52.104855" level="INFO">GET Request : url=https://randomuser.me/api 
 path_url=/api 
 headers={'User-Agent': 'python-requests/2.31.0', 'Accept-Encoding': 'gzip, deflate', 'Accept': '*/*', 'Connection': 'keep-alive'} 
 body=None 
 </msg>
<msg time="2024-04-27T23:13:52.104931" level="INFO">GET Response : url=https://randomuser.me/api 
 status=200, reason=OK 
 headers={'Date': 'Sat, 27 Apr 2024 23:13:52 GMT', 'Content-Type': 'application/json; charset=utf-8', 'Transfer-Encoding': 'chunked', 'Connection': 'keep-alive', 'X-Powered-By': 'Express', 'Access-Control-Allow-Origin': '*', 'Cache-Control': 'no-cache', 'ETag': 'W/"4b0-mU2M0vnTIFOva1SsruV206VwCRs"', 'Vary': 'Accept-Encoding', 'Content-Encoding': 'gzip', 'CF-Cache-Status': 'DYNAMIC', 'Report-To': '{"endpoints":[{"url":"https:\\/\\/a.nel.cloudflare.com\\/report\\/v4?s=25SC4PqBewnBs1F8pkmUAdRmbRkXS4%2B0MGlwx%2Fpp6m5kFXUNJWrRJ4THc9Xl%2F0%2FAleCXm66X1FnJj%2Fbkk16oWAhyXCmXwbl%2Fab6ANjOU%2BFCvpo8GWKLDStToeEQ9bi1m"}],"group":"cf-nel","max_age":604800}', 'NEL': '{"success_fraction":0,"report_to":"cf-nel","max_age":604800}', 'Server': 'cloudflare', 'CF-RAY': '87b2816c2b8a1598-SJC', 'alt-svc': 'h3=":443"; ma=86400'} 
 body={"results":[{"gender":"male","name":{"title":"Mr","first":"Teodoro","last":"Rendón"},"location":{"street":{"number":4171,"name":"Peatonal Rosales"},"city":"Culiacán","state":"Baja California Sur","country":"Mexico","postcode":36138,"coordinates":{"latitude":"26.5836","longitude":"-126.3669"},"timezone":{"offset":"0:00","description":"Western Europe Time, London, Lisbon, Casablanca"}},"email":"teodoro.rendon@example.com","login":{"uuid":"eb76b314-4750-4d9e-a7b8-37b617c597c8","username":"sadleopard320","password":"iscool","salt":"rExa1J5B","md5":"d89895fe8cffbdc327f217078ae54570","sha1":"dd74a9ecf8082bfb0b9884ea74c4a7b643c66e3d","sha256":"623fb398f042185686df3c2035a4701b6f02ad980fbf3de0b538bb00f3946cf0"},"dob":{"date":"1972-03-31T01:09:01.109Z","age":52},"registered":{"date":"2016-02-05T05:24:18.655Z","age":8},"phone":"(614) 736 4751","cell":"(640) 553 5663","id":{"name":"NSS","value":"21 96 83 3812 0"},"picture":{"large":"https://randomuser.me/api/portraits/men/42.jpg","medium":"https://randomuser.me/api/portraits/med/men/42.jpg","thumbnail":"https://randomuser.me/api/portraits/thumb/men/42.jpg"},"nat":"MX"}],"info":{"seed":"f3220eab7f645d6b","results":1,"page":1,"version":"1.4"}} 
 </msg>
<msg time="2024-04-27T23:13:52.105006" level="INFO">/opt/hostedtoolcache/Python/3.12.3/x64/lib/python3.12/site-packages/urllib3/connectionpool.py:1103: InsecureRequestWarning: Unverified HTTPS request is being made to host 'randomuser.me'. Adding certificate verification is strongly advised. See: https://urllib3.readthedocs.io/en/latest/advanced-usage.html#tls-warnings
  warnings.warn(</msg>
<msg time="2024-04-27T23:13:52.105108" level="INFO">${response} = &lt;Response [200]&gt;</msg>
<var>${response}</var>
<arg>consultarAPI</arg>
<arg>/api</arg>
<doc>Sends a GET request on a previously created HTTP Session.</doc>
<status status="PASS" start="2024-04-27T23:13:52.017753" elapsed="0.087392"/>
</kw>
<kw name="Set Variable" owner="BuiltIn">
<msg time="2024-04-27T23:13:52.106050" level="INFO">${json_data} = {'results': [{'gender': 'male', 'name': {'title': 'Mr', 'first': 'Teodoro', 'last': 'Rendón'}, 'location': {'street': {'number': 4171, 'name': 'Peatonal Rosales'}, 'city': 'Culiacán', 'state': 'Baja C...</msg>
<var>${json_data}</var>
<arg>${response.json()}</arg>
<doc>Returns the given values which can then be assigned to a variables.</doc>
<status status="PASS" start="2024-04-27T23:13:52.105595" elapsed="0.000484"/>
</kw>
<kw name="Log" owner="BuiltIn">
<msg time="2024-04-27T23:13:52.106535" level="INFO">{'results': [{'gender': 'male', 'name': {'title': 'Mr', 'first': 'Teodoro', 'last': 'Rendón'}, 'location': {'street': {'number': 4171, 'name': 'Peatonal Rosales'}, 'city': 'Culiacán', 'state': 'Baja California Sur', 'country': 'Mexico', 'postcode': 36138, 'coordinates': {'latitude': '26.5836', 'longitude': '-126.3669'}, 'timezone': {'offset': '0:00', 'description': 'Western Europe Time, London, Lisbon, Casablanca'}}, 'email': 'teodoro.rendon@example.com', 'login': {'uuid': 'eb76b314-4750-4d9e-a7b8-37b617c597c8', 'username': 'sadleopard320', 'password': 'iscool', 'salt': 'rExa1J5B', 'md5': 'd89895fe8cffbdc327f217078ae54570', 'sha1': 'dd74a9ecf8082bfb0b9884ea74c4a7b643c66e3d', 'sha256': '623fb398f042185686df3c2035a4701b6f02ad980fbf3de0b538bb00f3946cf0'}, 'dob': {'date': '1972-03-31T01:09:01.109Z', 'age': 52}, 'registered': {'date': '2016-02-05T05:24:18.655Z', 'age': 8}, 'phone': '(614) 736 4751', 'cell': '(640) 553 5663', 'id': {'name': 'NSS', 'value': '21 96 83 3812 0'}, 'picture': {'large': 'https://randomuser.me/api/portraits/men/42.jpg', 'medium': 'https://randomuser.me/api/portraits/med/men/42.jpg', 'thumbnail': 'https://randomuser.me/api/portraits/thumb/men/42.jpg'}, 'nat': 'MX'}], 'info': {'seed': 'f3220eab7f645d6b', 'results': 1, 'page': 1, 'version': '1.4'}}</msg>
<arg>${json_data}</arg>
<doc>Logs the given message with the given level.</doc>
<status status="PASS" start="2024-04-27T23:13:52.106381" elapsed="0.000234"/>
</kw>
<kw name="Should Be String" owner="String">
<arg>${json_data['results'][0]['gender']}</arg>
<doc>Fails if the given ``item`` is not a string.</doc>
<status status="PASS" start="2024-04-27T23:13:52.106911" elapsed="0.000361"/>
</kw>
<kw name="Should Match Regexp" owner="BuiltIn">
<arg>${json_data['results'][0]['email']}</arg>
<arg>^[a-zA-Z0-9._%+-]+@[a-zA-Z0-9.-]+\.[a-zA-Z]{2,}$</arg>
<doc>Fails if ``string`` does not match ``pattern`` as a regular expression.</doc>
<status status="PASS" start="2024-04-27T23:13:52.107462" elapsed="0.000502"/>
</kw>
<kw name="Should Match Regexp" owner="BuiltIn">
<arg>${json_data['results'][0]['dob']['date']}</arg>
<arg>\\d{4}-\\d{2}-\\d{2}T\\d{2}:\\d{2}:\\d{2}\\.\\d{3}Z</arg>
<doc>Fails if ``string`` does not match ``pattern`` as a regular expression.</doc>
<status status="PASS" start="2024-04-27T23:13:52.108158" elapsed="0.000516"/>
</kw>
<kw name="Should Match Regexp" owner="BuiltIn">
<arg>${json_data['results'][0]['registered']['date']}</arg>
<arg>\\d{4}-\\d{2}-\\d{2}T\\d{2}:\\d{2}:\\d{2}\\.\\d{3}Z</arg>
<doc>Fails if ``string`` does not match ``pattern`` as a regular expression.</doc>
<status status="PASS" start="2024-04-27T23:13:52.108877" elapsed="0.000374"/>
</kw>
<kw name="Should Match Regexp" owner="BuiltIn">
<arg>${json_data['results'][0]['picture']['large']}</arg>
<arg>^https?://.*\.(?:png|jpe?g|gif|bmp)$</arg>
<doc>Fails if ``string`` does not match ``pattern`` as a regular expression.</doc>
<status status="PASS" start="2024-04-27T23:13:52.109439" elapsed="0.000459"/>
</kw>
<kw name="Should Match Regexp" owner="BuiltIn">
<arg>${json_data['results'][0]['picture']['medium']}</arg>
<arg>^https?://.*\.(?:png|jpe?g|gif|bmp)$</arg>
<doc>Fails if ``string`` does not match ``pattern`` as a regular expression.</doc>
<status status="PASS" start="2024-04-27T23:13:52.110088" elapsed="0.000365"/>
</kw>
<kw name="Should Match Regexp" owner="BuiltIn">
<arg>${json_data['results'][0]['picture']['thumbnail']}</arg>
<arg>^https?://.*\.(?:png|jpe?g|gif|bmp)$</arg>
<doc>Fails if ``string`` does not match ``pattern`` as a regular expression.</doc>
<status status="PASS" start="2024-04-27T23:13:52.110643" elapsed="0.000355"/>
</kw>
<kw name="Log" owner="BuiltIn">
<msg time="2024-04-27T23:13:52.111508" level="INFO">{'large': 'https://randomuser.me/api/portraits/men/42.jpg', 'medium': 'https://randomuser.me/api/portraits/med/men/42.jpg', 'thumbnail': 'https://randomuser.me/api/portraits/thumb/men/42.jpg'}</msg>
<arg>${json_data['results'][0]['picture']}</arg>
<doc>Logs the given message with the given level.</doc>
<status status="PASS" start="2024-04-27T23:13:52.111178" elapsed="0.000371"/>
</kw>
<status status="PASS" start="2024-04-27T23:13:52.017514" elapsed="0.094284"/>
</kw>
<kw name="Teste de Tipos de Dados - Postcode" owner="random-user-service">
<kw name="GET On Session" owner="RequestsLibrary">
<msg time="2024-04-27T23:13:52.211163" level="INFO">GET Request : url=https://randomuser.me/api 
 path_url=/api 
 headers={'User-Agent': 'python-requests/2.31.0', 'Accept-Encoding': 'gzip, deflate', 'Accept': '*/*', 'Connection': 'keep-alive'} 
 body=None 
 </msg>
<msg time="2024-04-27T23:13:52.211268" level="INFO">GET Response : url=https://randomuser.me/api 
 status=200, reason=OK 
 headers={'Date': 'Sat, 27 Apr 2024 23:13:52 GMT', 'Content-Type': 'application/json; charset=utf-8', 'Transfer-Encoding': 'chunked', 'Connection': 'keep-alive', 'X-Powered-By': 'Express', 'Access-Control-Allow-Origin': '*', 'Cache-Control': 'no-cache', 'ETag': 'W/"49a-5MZy0cauRjDAfIQ8DkGt+Tvi/Is"', 'Vary': 'Accept-Encoding', 'Content-Encoding': 'gzip', 'CF-Cache-Status': 'DYNAMIC', 'Report-To': '{"endpoints":[{"url":"https:\\/\\/a.nel.cloudflare.com\\/report\\/v4?s=gvObdNAOmqvUEOvJjuvb2CewNdM5vANtGE9bm8OWpxW7i%2F%2FZtvPVFTM3NkRD%2F%2FVHcRriNFRwDJGhLizZG4zst3zXbuATjlcJShQOhvFed%2BusGw5437VHjfiatDTRs1mC"}],"group":"cf-nel","max_age":604800}', 'NEL': '{"success_fraction":0,"report_to":"cf-nel","max_age":604800}', 'Server': 'cloudflare', 'CF-RAY': '87b2816cbc131598-SJC', 'alt-svc': 'h3=":443"; ma=86400'} 
 body={"results":[{"gender":"female","name":{"title":"Miss","first":"Anel","last":"Gaytán"},"location":{"street":{"number":9122,"name":"Eje vial Qatar"},"city":"San Ciro de Acosta","state":"Campeche","country":"Mexico","postcode":11778,"coordinates":{"latitude":"26.5478","longitude":"109.8234"},"timezone":{"offset":"+6:00","description":"Almaty, Dhaka, Colombo"}},"email":"anel.gaytan@example.com","login":{"uuid":"152ceaa1-0eba-4f3e-a2be-77514067fc13","username":"whiteladybug495","password":"pppppp","salt":"4UP9o3xi","md5":"e94067d7866399a4065413b51614af52","sha1":"2093446da6e447f2a9edc3f18fac1315ed39eef1","sha256":"58d32821229b8763838de3bd9ee909e81296e9f6fcea336e57657f69706cfc21"},"dob":{"date":"1962-09-02T01:55:57.320Z","age":61},"registered":{"date":"2003-11-11T20:41:42.084Z","age":20},"phone":"(604) 498 0176","cell":"(671) 810 2889","id":{"name":"NSS","value":"31 71 28 5579 8"},"picture":{"large":"https://randomuser.me/api/portraits/women/28.jpg","medium":"https://randomuser.me/api/portraits/med/women/28.jpg","thumbnail":"https://randomuser.me/api/portraits/thumb/women/28.jpg"},"nat":"MX"}],"info":{"seed":"0b663d9a00363c9e","results":1,"page":1,"version":"1.4"}} 
 </msg>
<msg time="2024-04-27T23:13:52.211351" level="INFO">/opt/hostedtoolcache/Python/3.12.3/x64/lib/python3.12/site-packages/urllib3/connectionpool.py:1103: InsecureRequestWarning: Unverified HTTPS request is being made to host 'randomuser.me'. Adding certificate verification is strongly advised. See: https://urllib3.readthedocs.io/en/latest/advanced-usage.html#tls-warnings
  warnings.warn(</msg>
<msg time="2024-04-27T23:13:52.211494" level="INFO">${response} = &lt;Response [200]&gt;</msg>
<var>${response}</var>
<arg>consultarAPI</arg>
<arg>/api</arg>
<doc>Sends a GET request on a previously created HTTP Session.</doc>
<status status="PASS" start="2024-04-27T23:13:52.112234" elapsed="0.099304"/>
</kw>
<kw name="Set Variable" owner="BuiltIn">
<msg time="2024-04-27T23:13:52.212561" level="INFO">${json_data} = {'results': [{'gender': 'female', 'name': {'title': 'Miss', 'first': 'Anel', 'last': 'Gaytán'}, 'location': {'street': {'number': 9122, 'name': 'Eje vial Qatar'}, 'city': 'San Ciro de Acosta', 'state'...</msg>
<var>${json_data}</var>
<arg>${response.json()}</arg>
<doc>Returns the given values which can then be assigned to a variables.</doc>
<status status="PASS" start="2024-04-27T23:13:52.212046" elapsed="0.000577"/>
</kw>
<kw name="Log" owner="BuiltIn">
<msg time="2024-04-27T23:13:52.213104" level="INFO">{'results': [{'gender': 'female', 'name': {'title': 'Miss', 'first': 'Anel', 'last': 'Gaytán'}, 'location': {'street': {'number': 9122, 'name': 'Eje vial Qatar'}, 'city': 'San Ciro de Acosta', 'state': 'Campeche', 'country': 'Mexico', 'postcode': 11778, 'coordinates': {'latitude': '26.5478', 'longitude': '109.8234'}, 'timezone': {'offset': '+6:00', 'description': 'Almaty, Dhaka, Colombo'}}, 'email': 'anel.gaytan@example.com', 'login': {'uuid': '152ceaa1-0eba-4f3e-a2be-77514067fc13', 'username': 'whiteladybug495', 'password': 'pppppp', 'salt': '4UP9o3xi', 'md5': 'e94067d7866399a4065413b51614af52', 'sha1': '2093446da6e447f2a9edc3f18fac1315ed39eef1', 'sha256': '58d32821229b8763838de3bd9ee909e81296e9f6fcea336e57657f69706cfc21'}, 'dob': {'date': '1962-09-02T01:55:57.320Z', 'age': 61}, 'registered': {'date': '2003-11-11T20:41:42.084Z', 'age': 20}, 'phone': '(604) 498 0176', 'cell': '(671) 810 2889', 'id': {'name': 'NSS', 'value': '31 71 28 5579 8'}, 'picture': {'large': 'https://randomuser.me/api/portraits/women/28.jpg', 'medium': 'https://randomuser.me/api/portraits/med/women/28.jpg', 'thumbnail': 'https://randomuser.me/api/portraits/thumb/women/28.jpg'}, 'nat': 'MX'}], 'info': {'seed': '0b663d9a00363c9e', 'results': 1, 'page': 1, 'version': '1.4'}}</msg>
<arg>${json_data}</arg>
<doc>Logs the given message with the given level.</doc>
<status status="PASS" start="2024-04-27T23:13:52.212943" elapsed="0.000249"/>
</kw>
<kw name="Should Be Equal As Numbers" owner="BuiltIn">
<arg>${json_data['results'][0]['location']['postcode']}</arg>
<arg>${json_data['results'][0]['location']['postcode']}</arg>
<doc>Fails if objects are unequal after converting them to real numbers.</doc>
<status status="PASS" start="2024-04-27T23:13:52.213495" elapsed="0.000794"/>
</kw>
<kw name="Log" owner="BuiltIn">
<msg time="2024-04-27T23:13:52.214817" level="INFO">11778</msg>
<arg>${json_data['results'][0]['location']['postcode']}</arg>
<doc>Logs the given message with the given level.</doc>
<status status="PASS" start="2024-04-27T23:13:52.214483" elapsed="0.000373"/>
</kw>
<status status="PASS" start="2024-04-27T23:13:52.112008" elapsed="0.103099"/>
</kw>
<doc>Testa se os tipos de dados na resposta da API estão corretos.</doc>
<tag>testeTiposDados</tag>
<status status="PASS" start="2024-04-27T23:13:52.017072" elapsed="0.198197"/>
</test>
<test id="s1-s1-t5" name="Validar conteudo" line="35">
<kw name="Teste de Tipos de Conteudo" owner="random-user-service">
<kw name="GET On Session" owner="RequestsLibrary">
<msg time="2024-04-27T23:13:52.301745" level="INFO">GET Request : url=https://randomuser.me/api 
 path_url=/api 
 headers={'User-Agent': 'python-requests/2.31.0', 'Accept-Encoding': 'gzip, deflate', 'Accept': '*/*', 'Connection': 'keep-alive'} 
 body=None 
 </msg>
<msg time="2024-04-27T23:13:52.301824" level="INFO">GET Response : url=https://randomuser.me/api 
 status=200, reason=OK 
 headers={'Date': 'Sat, 27 Apr 2024 23:13:52 GMT', 'Content-Type': 'application/json; charset=utf-8', 'Transfer-Encoding': 'chunked', 'Connection': 'keep-alive', 'X-Powered-By': 'Express', 'Access-Control-Allow-Origin': '*', 'Cache-Control': 'no-cache', 'ETag': 'W/"49a-UBzWMtwhQzHtXLQ2L/k3HXg7KxE"', 'Vary': 'Accept-Encoding', 'Content-Encoding': 'gzip', 'CF-Cache-Status': 'DYNAMIC', 'Report-To': '{"endpoints":[{"url":"https:\\/\\/a.nel.cloudflare.com\\/report\\/v4?s=aGFG4qCaGPoyeYTBlSq78P%2FninPda9gb4wnsp5dnwqE5GgmYBedQXUOX4hq9Slh%2B7YRvcX0QydN8g9%2FoRP%2FeHkgD4MW6eweo9qQI5bggsu0JEnO5ZcI1SViGsxyq4zy9"}],"group":"cf-nel","max_age":604800}', 'NEL': '{"success_fraction":0,"report_to":"cf-nel","max_age":604800}', 'Server': 'cloudflare', 'CF-RAY': '87b2816d6ca51598-SJC', 'alt-svc': 'h3=":443"; ma=86400'} 
 body={"results":[{"gender":"male","name":{"title":"Mr","first":"Sohan","last":"Richard"},"location":{"street":{"number":3325,"name":"Rue Saint-Georges"},"city":"Saint-Denis","state":"Côtes-D'Armor","country":"France","postcode":66137,"coordinates":{"latitude":"-19.1037","longitude":"-138.2349"},"timezone":{"offset":"+7:00","description":"Bangkok, Hanoi, Jakarta"}},"email":"sohan.richard@example.com","login":{"uuid":"edc5fd39-1dc2-4e96-a757-64056a613379","username":"goldenkoala440","password":"james1","salt":"f1Xi4Jzh","md5":"bd9d21a7ac8424ff976df8a75cabcb22","sha1":"052cbb0b526dda47db467b773a2f7d09908a1667","sha256":"57fd9a9103f295605555c991498b9427fb3d46f6c5d9f644b96ddaf331368ea7"},"dob":{"date":"1961-08-13T19:08:23.243Z","age":62},"registered":{"date":"2002-06-15T18:17:03.918Z","age":21},"phone":"03-63-01-14-61","cell":"06-26-60-68-12","id":{"name":"INSEE","value":"1610711565268 25"},"picture":{"large":"https://randomuser.me/api/portraits/men/36.jpg","medium":"https://randomuser.me/api/portraits/med/men/36.jpg","thumbnail":"https://randomuser.me/api/portraits/thumb/men/36.jpg"},"nat":"FR"}],"info":{"seed":"80a3444e0f73c986","results":1,"page":1,"version":"1.4"}} 
 </msg>
<msg time="2024-04-27T23:13:52.301893" level="INFO">/opt/hostedtoolcache/Python/3.12.3/x64/lib/python3.12/site-packages/urllib3/connectionpool.py:1103: InsecureRequestWarning: Unverified HTTPS request is being made to host 'randomuser.me'. Adding certificate verification is strongly advised. See: https://urllib3.readthedocs.io/en/latest/advanced-usage.html#tls-warnings
  warnings.warn(</msg>
<msg time="2024-04-27T23:13:52.302014" level="INFO">${response} = &lt;Response [200]&gt;</msg>
<var>${response}</var>
<arg>consultarAPI</arg>
<arg>/api</arg>
<doc>Sends a GET request on a previously created HTTP Session.</doc>
<status status="PASS" start="2024-04-27T23:13:52.217734" elapsed="0.084327"/>
</kw>
<kw name="Set Variable" owner="BuiltIn">
<msg time="2024-04-27T23:13:52.303111" level="INFO">${json_data} = {'results': [{'gender': 'male', 'name': {'title': 'Mr', 'first': 'Sohan', 'last': 'Richard'}, 'location': {'street': {'number': 3325, 'name': 'Rue Saint-Georges'}, 'city': 'Saint-Denis', 'state': "Côt...</msg>
<var>${json_data}</var>
<arg>${response.json()}</arg>
<doc>Returns the given values which can then be assigned to a variables.</doc>
<status status="PASS" start="2024-04-27T23:13:52.302573" elapsed="0.000567"/>
</kw>
<kw name="Set Variable" owner="BuiltIn">
<msg time="2024-04-27T23:13:52.303822" level="INFO">${name_title} = Mr</msg>
<var>${name_title}</var>
<arg>${json_data["results"][0]["name"]["title"]}</arg>
<doc>Returns the given values which can then be assigned to a variables.</doc>
<status status="PASS" start="2024-04-27T23:13:52.303444" elapsed="0.000403"/>
</kw>
<kw name="Create List" owner="BuiltIn">
<msg time="2024-04-27T23:13:52.304298" level="INFO">${allowed_titles} = ['Mr', 'Ms', 'Miss', 'Mrs', 'Madame', 'Monsieur']</msg>
<var>${allowed_titles}</var>
<arg>Mr</arg>
<arg>Ms</arg>
<arg>Miss</arg>
<arg>Mrs</arg>
<arg>Madame</arg>
<arg>Monsieur</arg>
<doc>Returns a list containing given items.</doc>
<status status="PASS" start="2024-04-27T23:13:52.304142" elapsed="0.000180"/>
</kw>
<kw name="List Should Contain Value" owner="Collections">
<msg time="2024-04-27T23:13:52.304838" level="INFO">False</msg>
<arg>${allowed_titles}</arg>
<arg>${name_title}</arg>
<doc>Fails if the ``value`` is not found from ``list``.</doc>
<status status="PASS" start="2024-04-27T23:13:52.304659" elapsed="0.000214"/>
</kw>
<kw name="Set Variable" owner="BuiltIn">
<msg time="2024-04-27T23:13:52.305539" level="INFO">${name_country} = FR</msg>
<var>${name_country}</var>
<arg>${json_data["results"][0]["nat"]}</arg>
<doc>Returns the given values which can then be assigned to a variables.</doc>
<status status="PASS" start="2024-04-27T23:13:52.305164" elapsed="0.000400"/>
</kw>
<kw name="Create List" owner="BuiltIn">
<msg time="2024-04-27T23:13:52.306467" level="INFO">${list_country} = ['AD', 'AE', 'AF', 'AG', 'AI', 'AL', 'AM', 'AO', 'AQ', 'AR', 'AS', 'AT', 'AU', 'AW', 'AX', 'AZ', 'BA', 'BB', 'BD', 'BE', 'BF', 'BG', 'BH', 'BI', 'BJ', 'BL', 'BM', 'BN', 'BO', 'BQ', 'BR', 'BS', 'BT', '...</msg>
<var>${list_country}</var>
<arg>AD</arg>
<arg>AE</arg>
<arg>AF</arg>
<arg>AG</arg>
<arg>AI</arg>
<arg>AL</arg>
<arg>AM</arg>
<arg>AO</arg>
<arg>AQ</arg>
<arg>AR</arg>
<arg>AS</arg>
<arg>AT</arg>
<arg>AU</arg>
<arg>AW</arg>
<arg>AX</arg>
<arg>AZ</arg>
<arg>BA</arg>
<arg>BB</arg>
<arg>BD</arg>
<arg>BE</arg>
<arg>BF</arg>
<arg>BG</arg>
<arg>BH</arg>
<arg>BI</arg>
<arg>BJ</arg>
<arg>BL</arg>
<arg>BM</arg>
<arg>BN</arg>
<arg>BO</arg>
<arg>BQ</arg>
<arg>BR</arg>
<arg>BS</arg>
<arg>BT</arg>
<arg>BV</arg>
<arg>BW</arg>
<arg>BY</arg>
<arg>BZ</arg>
<arg>CA</arg>
<arg>CC</arg>
<arg>CD</arg>
<arg>CF</arg>
<arg>CG</arg>
<arg>CH</arg>
<arg>CI</arg>
<arg>CK</arg>
<arg>CL</arg>
<arg>CM</arg>
<arg>CN</arg>
<arg>CO</arg>
<arg>CR</arg>
<arg>CU</arg>
<arg>CV</arg>
<arg>CW</arg>
<arg>CX</arg>
<arg>CY</arg>
<arg>CZ</arg>
<arg>DE</arg>
<arg>DJ</arg>
<arg>DK</arg>
<arg>DM</arg>
<arg>DO</arg>
<arg>DZ</arg>
<arg>EC</arg>
<arg>EE</arg>
<arg>EG</arg>
<arg>EH</arg>
<arg>ER</arg>
<arg>ES</arg>
<arg>ET</arg>
<arg>FI</arg>
<arg>FJ</arg>
<arg>FK</arg>
<arg>FM</arg>
<arg>FO</arg>
<arg>FR</arg>
<arg>GA</arg>
<arg>GB</arg>
<arg>GD</arg>
<arg>GE</arg>
<arg>GF</arg>
<arg>GG</arg>
<arg>GH</arg>
<arg>GI</arg>
<arg>GL</arg>
<arg>GM</arg>
<arg>GN</arg>
<arg>GP</arg>
<arg>GQ</arg>
<arg>GR</arg>
<arg>GS</arg>
<arg>GT</arg>
<arg>GU</arg>
<arg>GW</arg>
<arg>GY</arg>
<arg>HK</arg>
<arg>HM</arg>
<arg>HN</arg>
<arg>HR</arg>
<arg>HT</arg>
<arg>HU</arg>
<arg>ID</arg>
<arg>IE</arg>
<arg>IL</arg>
<arg>IM</arg>
<arg>IN</arg>
<arg>IO</arg>
<arg>IQ</arg>
<arg>IR</arg>
<arg>IS</arg>
<arg>IT</arg>
<arg>JE</arg>
<arg>JM</arg>
<arg>JO</arg>
<arg>JP</arg>
<arg>KE</arg>
<arg>KG</arg>
<arg>KH</arg>
<arg>KI</arg>
<arg>KM</arg>
<arg>KN</arg>
<arg>KP</arg>
<arg>KR</arg>
<arg>KW</arg>
<arg>KY</arg>
<arg>KZ</arg>
<arg>LA</arg>
<arg>LB</arg>
<arg>LC</arg>
<arg>LI</arg>
<arg>LK</arg>
<arg>LR</arg>
<arg>LS</arg>
<arg>LT</arg>
<arg>LU</arg>
<arg>LV</arg>
<arg>LY</arg>
<arg>MA</arg>
<arg>MC</arg>
<arg>MD</arg>
<arg>ME</arg>
<arg>MF</arg>
<arg>MG</arg>
<arg>MH</arg>
<arg>MK</arg>
<arg>ML</arg>
<arg>MM</arg>
<arg>MN</arg>
<arg>MO</arg>
<arg>MP</arg>
<arg>MQ</arg>
<arg>MR</arg>
<arg>MS</arg>
<arg>MT</arg>
<arg>MU</arg>
<arg>MV</arg>
<arg>MW</arg>
<arg>MX</arg>
<arg>MY</arg>
<arg>MZ</arg>
<arg>NA</arg>
<arg>NC</arg>
<arg>NE</arg>
<arg>NF</arg>
<arg>NG</arg>
<arg>NI</arg>
<arg>NL</arg>
<arg>NO</arg>
<arg>NP</arg>
<arg>NR</arg>
<arg>NU</arg>
<arg>NZ</arg>
<arg>OM</arg>
<arg>PA</arg>
<arg>PE</arg>
<arg>PF</arg>
<arg>PG</arg>
<arg>PH</arg>
<arg>PK</arg>
<arg>PL</arg>
<arg>PM</arg>
<arg>PN</arg>
<arg>PR</arg>
<arg>PS</arg>
<arg>PT</arg>
<arg>PW</arg>
<arg>PY</arg>
<arg>QA</arg>
<arg>RE</arg>
<arg>RO</arg>
<arg>RS</arg>
<arg>RU</arg>
<arg>RW</arg>
<arg>SA</arg>
<arg>SB</arg>
<arg>SC</arg>
<arg>SD</arg>
<arg>SE</arg>
<arg>SG</arg>
<arg>SH</arg>
<arg>SI</arg>
<arg>SJ</arg>
<arg>SK</arg>
<arg>SL</arg>
<arg>SM</arg>
<arg>SN</arg>
<arg>SO</arg>
<arg>SR</arg>
<arg>SS</arg>
<arg>ST</arg>
<arg>SV</arg>
<arg>SX</arg>
<arg>SY</arg>
<arg>SZ</arg>
<arg>TC</arg>
<arg>TD</arg>
<arg>TF</arg>
<arg>TG</arg>
<arg>TH</arg>
<arg>TJ</arg>
<arg>TK</arg>
<arg>TL</arg>
<arg>TM</arg>
<arg>TN</arg>
<arg>TO</arg>
<arg>TR</arg>
<arg>TT</arg>
<arg>TV</arg>
<arg>TW</arg>
<arg>TZ</arg>
<arg>UA</arg>
<arg>UG</arg>
<arg>UM</arg>
<arg>US</arg>
<arg>UY</arg>
<arg>UZ</arg>
<arg>VA</arg>
<arg>VC</arg>
<arg>VE</arg>
<arg>VG</arg>
<arg>VI</arg>
<arg>VN</arg>
<arg>VU</arg>
<arg>WF</arg>
<arg>WS</arg>
<arg>XK</arg>
<arg>YE</arg>
<arg>YT</arg>
<arg>ZA</arg>
<arg>ZM</arg>
<arg>ZW</arg>
<doc>Returns a list containing given items.</doc>
<status status="PASS" start="2024-04-27T23:13:52.305872" elapsed="0.000620"/>
</kw>
<kw name="List Should Contain Value" owner="Collections">
<msg time="2024-04-27T23:13:52.307477" level="INFO">False</msg>
<arg>${list_country}</arg>
<arg>${name_country}</arg>
<doc>Fails if the ``value`` is not found from ``list``.</doc>
<status status="PASS" start="2024-04-27T23:13:52.307282" elapsed="0.000232"/>
</kw>
<kw name="Run Keyword If" owner="BuiltIn">
<kw name="Should Be True" owner="BuiltIn">
<arg>${True}</arg>
<doc>Fails if the given condition is not true.</doc>
<status status="PASS" start="2024-04-27T23:13:52.308627" elapsed="0.000151"/>
</kw>
<arg>${json_data["results"][0]["location"]["coordinates"]["latitude"]} &gt;= -90 and ${json_data["results"][0]["location"]["coordinates"]["latitude"]} &lt;= 90</arg>
<arg>Should Be True</arg>
<arg>${True}</arg>
<doc>Runs the given keyword with the given arguments, if ``condition`` is true.</doc>
<status status="PASS" start="2024-04-27T23:13:52.307820" elapsed="0.001086"/>
</kw>
<kw name="Run Keyword If" owner="BuiltIn">
<kw name="Should Be True" owner="BuiltIn">
<arg>${True}</arg>
<doc>Fails if the given condition is not true.</doc>
<status status="PASS" start="2024-04-27T23:13:52.309792" elapsed="0.000239"/>
</kw>
<arg>${json_data["results"][0]["location"]["coordinates"]["longitude"]} &gt;= -180 and ${json_data["results"][0]["location"]["coordinates"]["longitude"]} &lt;= 180</arg>
<arg>Should Be True</arg>
<arg>${True}</arg>
<doc>Runs the given keyword with the given arguments, if ``condition`` is true.</doc>
<status status="PASS" start="2024-04-27T23:13:52.309092" elapsed="0.001066"/>
</kw>
<status status="PASS" start="2024-04-27T23:13:52.217502" elapsed="0.092787"/>
</kw>
<doc>Testa o conteúdo específico dos campos retornados pela API.</doc>
<tag>testeConteudo</tag>
<status status="PASS" start="2024-04-27T23:13:52.217054" elapsed="0.093378"/>
</test>
<status status="PASS" start="2024-04-27T23:13:51.342173" elapsed="0.970152"/>
</suite>
<status status="PASS" start="2024-04-27T23:13:51.328833" elapsed="0.988596"/>
</suite>
<statistics>
<total>
<stat pass="5" fail="0" skip="0">All Tests</stat>
</total>
<tag>
<stat pass="1" fail="0" skip="0">testeConteudo</stat>
<stat pass="1" fail="0" skip="0">testeEstruturaResposta</stat>
<stat pass="1" fail="0" skip="0">testeRequisicaoBasica</stat>
<stat pass="1" fail="0" skip="0">testeTiposDados</stat>
</tag>
<suite>
<stat pass="5" fail="0" skip="0" id="s1" name="Tests">Tests</stat>
<stat pass="5" fail="0" skip="0" id="s1-s1" name="Random-User-Test">Tests.Random-User-Test</stat>
</suite>
</statistics>
<errors>
</errors>
</robot>
