<?xml version="1.0" encoding="UTF-8"?>
<robot generator="Robot 7.0.1 (Python 3.12.4 on linux)" generated="2024-08-04T08:17:29.925695" rpa="false" schemaversion="5">
<suite id="s1" name="Tests" source="/home/runner/work/ApiRandomUser/ApiRandomUser/RamdonUser/tests">
<suite id="s1-s1" name="Random-User-Test" source="/home/runner/work/ApiRandomUser/ApiRandomUser/RamdonUser/tests/random-user-test.robot">
<test id="s1-s1-t1" name="Conectar" line="13">
<kw name="Conectar API" owner="random-user-service">
<kw name="Create Session" owner="RequestsLibrary">
<msg time="2024-08-04T08:17:30.343618" level="INFO">Creating Session using : alias=consultarAPI, url=https://randomuser.me/, headers={},                     cookies={}, auth=None, timeout=None, proxies=None, verify=False,                     debug=0 </msg>
<arg>consultarAPI</arg>
<arg>${URL}</arg>
<doc>Create Session: create a HTTP session to a server</doc>
<status status="PASS" start="2024-08-04T08:17:30.343421" elapsed="0.000377"/>
</kw>
<status status="PASS" start="2024-08-04T08:17:30.342404" elapsed="0.001754"/>
</kw>
<status status="PASS" start="2024-08-04T08:17:30.341748" elapsed="0.002600"/>
</test>
<test id="s1-s1-t2" name="Validar retorno 200 e JSON Válido" line="16">
<kw name="Teste de Requisicao Basica" owner="random-user-service">
<kw name="GET On Session" owner="RequestsLibrary">
<msg time="2024-08-04T08:17:30.564845" level="INFO">GET Request : url=https://randomuser.me/api 
 path_url=/api 
 headers={'User-Agent': 'python-requests/2.32.3', 'Accept-Encoding': 'gzip, deflate', 'Accept': '*/*', 'Connection': 'keep-alive'} 
 body=None 
 </msg>
<msg time="2024-08-04T08:17:30.564986" level="INFO">GET Response : url=https://randomuser.me/api 
 status=200, reason=OK 
 headers={'Date': 'Sun, 04 Aug 2024 08:17:30 GMT', 'Content-Type': 'application/json; charset=utf-8', 'Transfer-Encoding': 'chunked', 'Connection': 'keep-alive', 'X-Powered-By': 'Express', 'Access-Control-Allow-Origin': '*', 'Cache-Control': 'no-cache', 'ETag': 'W/"490-U7sxpQinAlLtC5ExzMJibYoZfmc"', 'Vary': 'Accept-Encoding', 'Content-Encoding': 'gzip', 'CF-Cache-Status': 'DYNAMIC', 'Report-To': '{"endpoints":[{"url":"https:\\/\\/a.nel.cloudflare.com\\/report\\/v4?s=57HJ%2FEbJOpysX1g%2FeTUtkc19ZMl3qC03ktlCka7bmLvfqkIo14h5SAdktkieE8I%2BZm4L9yd898N09Qbz9x1XZPuxw%2FOnr7jlLx86IWRmh1mkslQEPTqdm%2FiHz2IIm4gJ"}],"group":"cf-nel","max_age":604800}', 'NEL': '{"success_fraction":0,"report_to":"cf-nel","max_age":604800}', 'Server': 'cloudflare', 'CF-RAY': '8add1c857e5fced1-SJC', 'alt-svc': 'h3=":443"; ma=86400'} 
 body={"results":[{"gender":"male","name":{"title":"Mr","first":"Kirk","last":"Cole"},"location":{"street":{"number":9535,"name":"W Campbell Ave"},"city":"Irving","state":"North Carolina","country":"United States","postcode":95540,"coordinates":{"latitude":"87.2069","longitude":"-152.8654"},"timezone":{"offset":"-3:00","description":"Brazil, Buenos Aires, Georgetown"}},"email":"kirk.cole@example.com","login":{"uuid":"925fe7af-4fcd-48f8-b3e8-b47ca38b4ff5","username":"tinylion761","password":"candace","salt":"r9W2H8HR","md5":"8bfe3f295be5d4b2427ee37fc7ef3c32","sha1":"9aba0200587b4737796a50f7f5dbb9f3f22332b0","sha256":"04e59d093cdf7a4e49bb01a2ee3538d145763ce48634fa113278b43ca07a05f8"},"dob":{"date":"1960-02-09T03:27:39.744Z","age":64},"registered":{"date":"2011-07-01T07:44:09.880Z","age":13},"phone":"(725) 729-9381","cell":"(986) 621-9776","id":{"name":"SSN","value":"079-89-2820"},"picture":{"large":"https://randomuser.me/api/portraits/men/79.jpg","medium":"https://randomuser.me/api/portraits/med/men/79.jpg","thumbnail":"https://randomuser.me/api/portraits/thumb/men/79.jpg"},"nat":"US"}],"info":{"seed":"fb00b17885ab65f8","results":1,"page":1,"version":"1.4"}} 
 </msg>
<msg time="2024-08-04T08:17:30.565062" level="INFO">/opt/hostedtoolcache/Python/3.12.4/x64/lib/python3.12/site-packages/urllib3/connectionpool.py:1099: InsecureRequestWarning: Unverified HTTPS request is being made to host 'randomuser.me'. Adding certificate verification is strongly advised. See: https://urllib3.readthedocs.io/en/latest/advanced-usage.html#tls-warnings
  warnings.warn(</msg>
<msg time="2024-08-04T08:17:30.565216" level="INFO">${response} = &lt;Response [200]&gt;</msg>
<var>${response}</var>
<arg>consultarAPI</arg>
<arg>/api</arg>
<doc>Sends a GET request on a previously created HTTP Session.</doc>
<status status="PASS" start="2024-08-04T08:17:30.347030" elapsed="0.218232"/>
</kw>
<kw name="Should Be Equal As Numbers" owner="BuiltIn">
<msg time="2024-08-04T08:17:30.566245" level="INFO">Argument types are:
&lt;class 'int'&gt;
&lt;class 'str'&gt;</msg>
<arg>${response.status_code}</arg>
<arg>200</arg>
<doc>Fails if objects are unequal after converting them to real numbers.</doc>
<status status="PASS" start="2024-08-04T08:17:30.565736" elapsed="0.000575"/>
</kw>
<kw name="Log" owner="BuiltIn">
<msg time="2024-08-04T08:17:30.566974" level="INFO">200</msg>
<arg>${response.status_code}</arg>
<doc>Logs the given message with the given level.</doc>
<status status="PASS" start="2024-08-04T08:17:30.566627" elapsed="0.000397"/>
</kw>
<kw name="Set Variable" owner="BuiltIn">
<msg time="2024-08-04T08:17:30.567798" level="INFO">${json_data} = {'results': [{'gender': 'male', 'name': {'title': 'Mr', 'first': 'Kirk', 'last': 'Cole'}, 'location': {'street': {'number': 9535, 'name': 'W Campbell Ave'}, 'city': 'Irving', 'state': 'North Carolina'...</msg>
<var>${json_data}</var>
<arg>${response.json()}</arg>
<doc>Returns the given values which can then be assigned to a variables.</doc>
<status status="PASS" start="2024-08-04T08:17:30.567349" elapsed="0.000483"/>
</kw>
<kw name="Dictionary Should Contain Key" owner="Collections">
<arg>${json_data}</arg>
<arg>results</arg>
<doc>Fails if ``key`` is not found from ``dictionary``.</doc>
<status status="PASS" start="2024-08-04T08:17:30.568136" elapsed="0.000318"/>
</kw>
<status status="PASS" start="2024-08-04T08:17:30.346773" elapsed="0.221839"/>
</kw>
<doc>Testa se a API responde corretamente e retorna um objeto JSON válido.</doc>
<tag>testeRequisicaoBasica</tag>
<status status="PASS" start="2024-08-04T08:17:30.346273" elapsed="0.222514"/>
</test>
<test id="s1-s1-t3" name="Validar estrutura de resposta" line="22">
<kw name="Teste de Estrutura de Resposta" owner="random-user-service">
<kw name="GET On Session" owner="RequestsLibrary">
<msg time="2024-08-04T08:17:30.683937" level="INFO">GET Request : url=https://randomuser.me/api 
 path_url=/api 
 headers={'User-Agent': 'python-requests/2.32.3', 'Accept-Encoding': 'gzip, deflate', 'Accept': '*/*', 'Connection': 'keep-alive'} 
 body=None 
 </msg>
<msg time="2024-08-04T08:17:30.684025" level="INFO">GET Response : url=https://randomuser.me/api 
 status=200, reason=OK 
 headers={'Date': 'Sun, 04 Aug 2024 08:17:30 GMT', 'Content-Type': 'application/json; charset=utf-8', 'Transfer-Encoding': 'chunked', 'Connection': 'keep-alive', 'X-Powered-By': 'Express', 'Access-Control-Allow-Origin': '*', 'Cache-Control': 'no-cache', 'ETag': 'W/"48d-8LrU0RaK58F1WnCcGzudKsW1+xM"', 'Vary': 'Accept-Encoding', 'Content-Encoding': 'gzip', 'CF-Cache-Status': 'DYNAMIC', 'Report-To': '{"endpoints":[{"url":"https:\\/\\/a.nel.cloudflare.com\\/report\\/v4?s=veJq6wPYb3medxAgf8%2BN04r1wWjdVnpR7%2BjL4v5fGv1clfzwc7QUlNqyeA7xIHIdbpXQLteuCmKdZuJdNoDS%2BHY2hIfBXliWQrJGl%2B5J3JneVi6SCow39FbtW9lvqI3V"}],"group":"cf-nel","max_age":604800}', 'NEL': '{"success_fraction":0,"report_to":"cf-nel","max_age":604800}', 'Server': 'cloudflare', 'CF-RAY': '8add1c861ebbced1-SJC', 'alt-svc': 'h3=":443"; ma=86400'} 
 body={"results":[{"gender":"female","name":{"title":"Miss","first":"Hetal","last":"Nair"},"location":{"street":{"number":8364,"name":"Ashoka Rd"},"city":"Muzaffarpur","state":"Goa","country":"India","postcode":41707,"coordinates":{"latitude":"10.1231","longitude":"174.0598"},"timezone":{"offset":"+9:00","description":"Tokyo, Seoul, Osaka, Sapporo, Yakutsk"}},"email":"hetal.nair@example.com","login":{"uuid":"491ed0a4-5293-4053-a0b5-3b7d5bfffda1","username":"greenelephant738","password":"predator","salt":"kKndwoNd","md5":"a76907ac9beb24a8618e197b3bf19cf8","sha1":"a84e32f1f30095aa2921e2bfbde751934a759b98","sha256":"7aca843c68065dd492778980929f851ea57f3f0c229636f939736ee22b1a8336"},"dob":{"date":"1969-07-06T18:54:30.413Z","age":55},"registered":{"date":"2018-10-19T10:30:30.482Z","age":5},"phone":"9999861024","cell":"8031091814","id":{"name":"UIDAI","value":"289455822067"},"picture":{"large":"https://randomuser.me/api/portraits/women/33.jpg","medium":"https://randomuser.me/api/portraits/med/women/33.jpg","thumbnail":"https://randomuser.me/api/portraits/thumb/women/33.jpg"},"nat":"IN"}],"info":{"seed":"1dfc4d64fb21aeef","results":1,"page":1,"version":"1.4"}} 
 </msg>
<msg time="2024-08-04T08:17:30.684129" level="INFO">/opt/hostedtoolcache/Python/3.12.4/x64/lib/python3.12/site-packages/urllib3/connectionpool.py:1099: InsecureRequestWarning: Unverified HTTPS request is being made to host 'randomuser.me'. Adding certificate verification is strongly advised. See: https://urllib3.readthedocs.io/en/latest/advanced-usage.html#tls-warnings
  warnings.warn(</msg>
<msg time="2024-08-04T08:17:30.684251" level="INFO">${response} = &lt;Response [200]&gt;</msg>
<var>${response}</var>
<arg>consultarAPI</arg>
<arg>/api</arg>
<doc>Sends a GET request on a previously created HTTP Session.</doc>
<status status="PASS" start="2024-08-04T08:17:30.571521" elapsed="0.112769"/>
</kw>
<kw name="Set Variable" owner="BuiltIn">
<msg time="2024-08-04T08:17:30.685149" level="INFO">${json_data} = {'results': [{'gender': 'female', 'name': {'title': 'Miss', 'first': 'Hetal', 'last': 'Nair'}, 'location': {'street': {'number': 8364, 'name': 'Ashoka Rd'}, 'city': 'Muzaffarpur', 'state': 'Goa', 'cou...</msg>
<var>${json_data}</var>
<arg>${response.json()}</arg>
<doc>Returns the given values which can then be assigned to a variables.</doc>
<status status="PASS" start="2024-08-04T08:17:30.684685" elapsed="0.000495"/>
</kw>
<kw name="Log" owner="BuiltIn">
<msg time="2024-08-04T08:17:30.685639" level="INFO">{'results': [{'gender': 'female', 'name': {'title': 'Miss', 'first': 'Hetal', 'last': 'Nair'}, 'location': {'street': {'number': 8364, 'name': 'Ashoka Rd'}, 'city': 'Muzaffarpur', 'state': 'Goa', 'country': 'India', 'postcode': 41707, 'coordinates': {'latitude': '10.1231', 'longitude': '174.0598'}, 'timezone': {'offset': '+9:00', 'description': 'Tokyo, Seoul, Osaka, Sapporo, Yakutsk'}}, 'email': 'hetal.nair@example.com', 'login': {'uuid': '491ed0a4-5293-4053-a0b5-3b7d5bfffda1', 'username': 'greenelephant738', 'password': 'predator', 'salt': 'kKndwoNd', 'md5': 'a76907ac9beb24a8618e197b3bf19cf8', 'sha1': 'a84e32f1f30095aa2921e2bfbde751934a759b98', 'sha256': '7aca843c68065dd492778980929f851ea57f3f0c229636f939736ee22b1a8336'}, 'dob': {'date': '1969-07-06T18:54:30.413Z', 'age': 55}, 'registered': {'date': '2018-10-19T10:30:30.482Z', 'age': 5}, 'phone': '9999861024', 'cell': '8031091814', 'id': {'name': 'UIDAI', 'value': '289455822067'}, 'picture': {'large': 'https://randomuser.me/api/portraits/women/33.jpg', 'medium': 'https://randomuser.me/api/portraits/med/women/33.jpg', 'thumbnail': 'https://randomuser.me/api/portraits/thumb/women/33.jpg'}, 'nat': 'IN'}], 'info': {'seed': '1dfc4d64fb21aeef', 'results': 1, 'page': 1, 'version': '1.4'}}</msg>
<arg>${json_data}</arg>
<doc>Logs the given message with the given level.</doc>
<status status="PASS" start="2024-08-04T08:17:30.685480" elapsed="0.000205"/>
</kw>
<kw name="Dictionary Should Contain Key" owner="Collections">
<arg>${json_data}</arg>
<arg>results</arg>
<doc>Fails if ``key`` is not found from ``dictionary``.</doc>
<status status="PASS" start="2024-08-04T08:17:30.685975" elapsed="0.000202"/>
</kw>
<kw name="Should Not Be Empty" owner="BuiltIn">
<msg time="2024-08-04T08:17:30.686487" level="INFO">Length is 2.</msg>
<arg>${json_data}</arg>
<doc>Verifies that the given item is not empty.</doc>
<status status="PASS" start="2024-08-04T08:17:30.686361" elapsed="0.000168"/>
</kw>
<kw name="Create List" owner="BuiltIn">
<msg time="2024-08-04T08:17:30.686959" level="INFO">${expected_keys} = ['gender', 'name', 'location', 'email', 'login']</msg>
<var>${expected_keys}</var>
<arg>gender</arg>
<arg>name</arg>
<arg>location</arg>
<arg>email</arg>
<arg>login</arg>
<doc>Returns a list containing given items.</doc>
<status status="PASS" start="2024-08-04T08:17:30.686812" elapsed="0.000171"/>
</kw>
<for flavor="IN">
<iter>
<kw name="Dictionary Should Contain Key" owner="Collections">
<arg>${json_data['results'][0]}</arg>
<arg>${key}</arg>
<doc>Fails if ``key`` is not found from ``dictionary``.</doc>
<status status="PASS" start="2024-08-04T08:17:30.687558" elapsed="0.000423"/>
</kw>
<kw name="Log" owner="BuiltIn">
<msg time="2024-08-04T08:17:30.688525" level="INFO">{'gender': 'female', 'name': {'title': 'Miss', 'first': 'Hetal', 'last': 'Nair'}, 'location': {'street': {'number': 8364, 'name': 'Ashoka Rd'}, 'city': 'Muzaffarpur', 'state': 'Goa', 'country': 'India', 'postcode': 41707, 'coordinates': {'latitude': '10.1231', 'longitude': '174.0598'}, 'timezone': {'offset': '+9:00', 'description': 'Tokyo, Seoul, Osaka, Sapporo, Yakutsk'}}, 'email': 'hetal.nair@example.com', 'login': {'uuid': '491ed0a4-5293-4053-a0b5-3b7d5bfffda1', 'username': 'greenelephant738', 'password': 'predator', 'salt': 'kKndwoNd', 'md5': 'a76907ac9beb24a8618e197b3bf19cf8', 'sha1': 'a84e32f1f30095aa2921e2bfbde751934a759b98', 'sha256': '7aca843c68065dd492778980929f851ea57f3f0c229636f939736ee22b1a8336'}, 'dob': {'date': '1969-07-06T18:54:30.413Z', 'age': 55}, 'registered': {'date': '2018-10-19T10:30:30.482Z', 'age': 5}, 'phone': '9999861024', 'cell': '8031091814', 'id': {'name': 'UIDAI', 'value': '289455822067'}, 'picture': {'large': 'https://randomuser.me/api/portraits/women/33.jpg', 'medium': 'https://randomuser.me/api/portraits/med/women/33.jpg', 'thumbnail': 'https://randomuser.me/api/portraits/thumb/women/33.jpg'}, 'nat': 'IN'}</msg>
<arg>${json_data['results'][0]}</arg>
<doc>Logs the given message with the given level.</doc>
<status status="PASS" start="2024-08-04T08:17:30.688174" elapsed="0.000400"/>
</kw>
<kw name="Log" owner="BuiltIn">
<msg time="2024-08-04T08:17:30.689003" level="INFO">gender</msg>
<arg>${key}</arg>
<doc>Logs the given message with the given level.</doc>
<status status="PASS" start="2024-08-04T08:17:30.688873" elapsed="0.000167"/>
</kw>
<var name="${key}">gender</var>
<status status="PASS" start="2024-08-04T08:17:30.687420" elapsed="0.001837"/>
</iter>
<iter>
<kw name="Dictionary Should Contain Key" owner="Collections">
<arg>${json_data['results'][0]}</arg>
<arg>${key}</arg>
<doc>Fails if ``key`` is not found from ``dictionary``.</doc>
<status status="PASS" start="2024-08-04T08:17:30.689553" elapsed="0.000387"/>
</kw>
<kw name="Log" owner="BuiltIn">
<msg time="2024-08-04T08:17:30.690493" level="INFO">{'gender': 'female', 'name': {'title': 'Miss', 'first': 'Hetal', 'last': 'Nair'}, 'location': {'street': {'number': 8364, 'name': 'Ashoka Rd'}, 'city': 'Muzaffarpur', 'state': 'Goa', 'country': 'India', 'postcode': 41707, 'coordinates': {'latitude': '10.1231', 'longitude': '174.0598'}, 'timezone': {'offset': '+9:00', 'description': 'Tokyo, Seoul, Osaka, Sapporo, Yakutsk'}}, 'email': 'hetal.nair@example.com', 'login': {'uuid': '491ed0a4-5293-4053-a0b5-3b7d5bfffda1', 'username': 'greenelephant738', 'password': 'predator', 'salt': 'kKndwoNd', 'md5': 'a76907ac9beb24a8618e197b3bf19cf8', 'sha1': 'a84e32f1f30095aa2921e2bfbde751934a759b98', 'sha256': '7aca843c68065dd492778980929f851ea57f3f0c229636f939736ee22b1a8336'}, 'dob': {'date': '1969-07-06T18:54:30.413Z', 'age': 55}, 'registered': {'date': '2018-10-19T10:30:30.482Z', 'age': 5}, 'phone': '9999861024', 'cell': '8031091814', 'id': {'name': 'UIDAI', 'value': '289455822067'}, 'picture': {'large': 'https://randomuser.me/api/portraits/women/33.jpg', 'medium': 'https://randomuser.me/api/portraits/med/women/33.jpg', 'thumbnail': 'https://randomuser.me/api/portraits/thumb/women/33.jpg'}, 'nat': 'IN'}</msg>
<arg>${json_data['results'][0]}</arg>
<doc>Logs the given message with the given level.</doc>
<status status="PASS" start="2024-08-04T08:17:30.690141" elapsed="0.000430"/>
</kw>
<kw name="Log" owner="BuiltIn">
<msg time="2024-08-04T08:17:30.690991" level="INFO">name</msg>
<arg>${key}</arg>
<doc>Logs the given message with the given level.</doc>
<status status="PASS" start="2024-08-04T08:17:30.690864" elapsed="0.000164"/>
</kw>
<var name="${key}">name</var>
<status status="PASS" start="2024-08-04T08:17:30.689436" elapsed="0.001806"/>
</iter>
<iter>
<kw name="Dictionary Should Contain Key" owner="Collections">
<arg>${json_data['results'][0]}</arg>
<arg>${key}</arg>
<doc>Fails if ``key`` is not found from ``dictionary``.</doc>
<status status="PASS" start="2024-08-04T08:17:30.691519" elapsed="0.000373"/>
</kw>
<kw name="Log" owner="BuiltIn">
<msg time="2024-08-04T08:17:30.692414" level="INFO">{'gender': 'female', 'name': {'title': 'Miss', 'first': 'Hetal', 'last': 'Nair'}, 'location': {'street': {'number': 8364, 'name': 'Ashoka Rd'}, 'city': 'Muzaffarpur', 'state': 'Goa', 'country': 'India', 'postcode': 41707, 'coordinates': {'latitude': '10.1231', 'longitude': '174.0598'}, 'timezone': {'offset': '+9:00', 'description': 'Tokyo, Seoul, Osaka, Sapporo, Yakutsk'}}, 'email': 'hetal.nair@example.com', 'login': {'uuid': '491ed0a4-5293-4053-a0b5-3b7d5bfffda1', 'username': 'greenelephant738', 'password': 'predator', 'salt': 'kKndwoNd', 'md5': 'a76907ac9beb24a8618e197b3bf19cf8', 'sha1': 'a84e32f1f30095aa2921e2bfbde751934a759b98', 'sha256': '7aca843c68065dd492778980929f851ea57f3f0c229636f939736ee22b1a8336'}, 'dob': {'date': '1969-07-06T18:54:30.413Z', 'age': 55}, 'registered': {'date': '2018-10-19T10:30:30.482Z', 'age': 5}, 'phone': '9999861024', 'cell': '8031091814', 'id': {'name': 'UIDAI', 'value': '289455822067'}, 'picture': {'large': 'https://randomuser.me/api/portraits/women/33.jpg', 'medium': 'https://randomuser.me/api/portraits/med/women/33.jpg', 'thumbnail': 'https://randomuser.me/api/portraits/thumb/women/33.jpg'}, 'nat': 'IN'}</msg>
<arg>${json_data['results'][0]}</arg>
<doc>Logs the given message with the given level.</doc>
<status status="PASS" start="2024-08-04T08:17:30.692073" elapsed="0.000387"/>
</kw>
<kw name="Log" owner="BuiltIn">
<msg time="2024-08-04T08:17:30.692884" level="INFO">location</msg>
<arg>${key}</arg>
<doc>Logs the given message with the given level.</doc>
<status status="PASS" start="2024-08-04T08:17:30.692755" elapsed="0.000167"/>
</kw>
<var name="${key}">location</var>
<status status="PASS" start="2024-08-04T08:17:30.691413" elapsed="0.001730"/>
</iter>
<iter>
<kw name="Dictionary Should Contain Key" owner="Collections">
<arg>${json_data['results'][0]}</arg>
<arg>${key}</arg>
<doc>Fails if ``key`` is not found from ``dictionary``.</doc>
<status status="PASS" start="2024-08-04T08:17:30.693448" elapsed="0.000390"/>
</kw>
<kw name="Log" owner="BuiltIn">
<msg time="2024-08-04T08:17:30.694525" level="INFO">{'gender': 'female', 'name': {'title': 'Miss', 'first': 'Hetal', 'last': 'Nair'}, 'location': {'street': {'number': 8364, 'name': 'Ashoka Rd'}, 'city': 'Muzaffarpur', 'state': 'Goa', 'country': 'India', 'postcode': 41707, 'coordinates': {'latitude': '10.1231', 'longitude': '174.0598'}, 'timezone': {'offset': '+9:00', 'description': 'Tokyo, Seoul, Osaka, Sapporo, Yakutsk'}}, 'email': 'hetal.nair@example.com', 'login': {'uuid': '491ed0a4-5293-4053-a0b5-3b7d5bfffda1', 'username': 'greenelephant738', 'password': 'predator', 'salt': 'kKndwoNd', 'md5': 'a76907ac9beb24a8618e197b3bf19cf8', 'sha1': 'a84e32f1f30095aa2921e2bfbde751934a759b98', 'sha256': '7aca843c68065dd492778980929f851ea57f3f0c229636f939736ee22b1a8336'}, 'dob': {'date': '1969-07-06T18:54:30.413Z', 'age': 55}, 'registered': {'date': '2018-10-19T10:30:30.482Z', 'age': 5}, 'phone': '9999861024', 'cell': '8031091814', 'id': {'name': 'UIDAI', 'value': '289455822067'}, 'picture': {'large': 'https://randomuser.me/api/portraits/women/33.jpg', 'medium': 'https://randomuser.me/api/portraits/med/women/33.jpg', 'thumbnail': 'https://randomuser.me/api/portraits/thumb/women/33.jpg'}, 'nat': 'IN'}</msg>
<arg>${json_data['results'][0]}</arg>
<doc>Logs the given message with the given level.</doc>
<status status="PASS" start="2024-08-04T08:17:30.694149" elapsed="0.000425"/>
</kw>
<kw name="Log" owner="BuiltIn">
<msg time="2024-08-04T08:17:30.695005" level="INFO">email</msg>
<arg>${key}</arg>
<doc>Logs the given message with the given level.</doc>
<status status="PASS" start="2024-08-04T08:17:30.694875" elapsed="0.000176"/>
</kw>
<var name="${key}">email</var>
<status status="PASS" start="2024-08-04T08:17:30.693313" elapsed="0.001954"/>
</iter>
<iter>
<kw name="Dictionary Should Contain Key" owner="Collections">
<arg>${json_data['results'][0]}</arg>
<arg>${key}</arg>
<doc>Fails if ``key`` is not found from ``dictionary``.</doc>
<status status="PASS" start="2024-08-04T08:17:30.695544" elapsed="0.000371"/>
</kw>
<kw name="Log" owner="BuiltIn">
<msg time="2024-08-04T08:17:30.696437" level="INFO">{'gender': 'female', 'name': {'title': 'Miss', 'first': 'Hetal', 'last': 'Nair'}, 'location': {'street': {'number': 8364, 'name': 'Ashoka Rd'}, 'city': 'Muzaffarpur', 'state': 'Goa', 'country': 'India', 'postcode': 41707, 'coordinates': {'latitude': '10.1231', 'longitude': '174.0598'}, 'timezone': {'offset': '+9:00', 'description': 'Tokyo, Seoul, Osaka, Sapporo, Yakutsk'}}, 'email': 'hetal.nair@example.com', 'login': {'uuid': '491ed0a4-5293-4053-a0b5-3b7d5bfffda1', 'username': 'greenelephant738', 'password': 'predator', 'salt': 'kKndwoNd', 'md5': 'a76907ac9beb24a8618e197b3bf19cf8', 'sha1': 'a84e32f1f30095aa2921e2bfbde751934a759b98', 'sha256': '7aca843c68065dd492778980929f851ea57f3f0c229636f939736ee22b1a8336'}, 'dob': {'date': '1969-07-06T18:54:30.413Z', 'age': 55}, 'registered': {'date': '2018-10-19T10:30:30.482Z', 'age': 5}, 'phone': '9999861024', 'cell': '8031091814', 'id': {'name': 'UIDAI', 'value': '289455822067'}, 'picture': {'large': 'https://randomuser.me/api/portraits/women/33.jpg', 'medium': 'https://randomuser.me/api/portraits/med/women/33.jpg', 'thumbnail': 'https://randomuser.me/api/portraits/thumb/women/33.jpg'}, 'nat': 'IN'}</msg>
<arg>${json_data['results'][0]}</arg>
<doc>Logs the given message with the given level.</doc>
<status status="PASS" start="2024-08-04T08:17:30.696094" elapsed="0.000390"/>
</kw>
<kw name="Log" owner="BuiltIn">
<msg time="2024-08-04T08:17:30.696905" level="INFO">login</msg>
<arg>${key}</arg>
<doc>Logs the given message with the given level.</doc>
<status status="PASS" start="2024-08-04T08:17:30.696778" elapsed="0.000164"/>
</kw>
<var name="${key}">login</var>
<status status="PASS" start="2024-08-04T08:17:30.695437" elapsed="0.001720"/>
</iter>
<var>${key}</var>
<value>@{expected_keys}</value>
<status status="PASS" start="2024-08-04T08:17:30.687235" elapsed="0.010040"/>
</for>
<kw name="Create List" owner="BuiltIn">
<msg time="2024-08-04T08:17:30.697594" level="INFO">${expected_keysTwo} = ['username', 'password']</msg>
<var>${expected_keysTwo}</var>
<arg>username</arg>
<arg>password</arg>
<doc>Returns a list containing given items.</doc>
<status status="PASS" start="2024-08-04T08:17:30.697461" elapsed="0.000183"/>
</kw>
<for flavor="IN">
<iter>
<kw name="Dictionary Should Contain Key" owner="Collections">
<arg>${json_data['results'][0]['login']}</arg>
<arg>${keyTwo}</arg>
<doc>Fails if ``key`` is not found from ``dictionary``.</doc>
<status status="PASS" start="2024-08-04T08:17:30.698191" elapsed="0.000405"/>
</kw>
<kw name="Dictionary Should Contain Key" owner="Collections">
<arg>${json_data['results'][0]['login']}</arg>
<arg>${keyTwo}</arg>
<doc>Fails if ``key`` is not found from ``dictionary``.</doc>
<status status="PASS" start="2024-08-04T08:17:30.698779" elapsed="0.000381"/>
</kw>
<kw name="Log" owner="BuiltIn">
<msg time="2024-08-04T08:17:30.699457" level="INFO">username</msg>
<arg>${keyTwo}</arg>
<doc>Logs the given message with the given level.</doc>
<status status="PASS" start="2024-08-04T08:17:30.699337" elapsed="0.000157"/>
</kw>
<var name="${keyTwo}">username</var>
<status status="PASS" start="2024-08-04T08:17:30.698079" elapsed="0.001634"/>
</iter>
<iter>
<kw name="Dictionary Should Contain Key" owner="Collections">
<arg>${json_data['results'][0]['login']}</arg>
<arg>${keyTwo}</arg>
<doc>Fails if ``key`` is not found from ``dictionary``.</doc>
<status status="PASS" start="2024-08-04T08:17:30.699989" elapsed="0.000389"/>
</kw>
<kw name="Dictionary Should Contain Key" owner="Collections">
<arg>${json_data['results'][0]['login']}</arg>
<arg>${keyTwo}</arg>
<doc>Fails if ``key`` is not found from ``dictionary``.</doc>
<status status="PASS" start="2024-08-04T08:17:30.700557" elapsed="0.000367"/>
</kw>
<kw name="Log" owner="BuiltIn">
<msg time="2024-08-04T08:17:30.701217" level="INFO">password</msg>
<arg>${keyTwo}</arg>
<doc>Logs the given message with the given level.</doc>
<status status="PASS" start="2024-08-04T08:17:30.701100" elapsed="0.000153"/>
</kw>
<var name="${keyTwo}">password</var>
<status status="PASS" start="2024-08-04T08:17:30.699883" elapsed="0.001588"/>
</iter>
<var>${keyTwo}</var>
<value>@{expected_keysTwo}</value>
<status status="PASS" start="2024-08-04T08:17:30.697890" elapsed="0.003703"/>
</for>
<status status="PASS" start="2024-08-04T08:17:30.571283" elapsed="0.130461"/>
</kw>
<doc>Testa a estrutura da resposta da API.</doc>
<tag>testeEstruturaResposta</tag>
<status status="PASS" start="2024-08-04T08:17:30.570677" elapsed="0.131218"/>
</test>
<test id="s1-s1-t4" name="Validar tipos de dados" line="28">
<kw name="Teste de Tipos de Dados" owner="random-user-service">
<kw name="GET On Session" owner="RequestsLibrary">
<msg time="2024-08-04T08:17:30.805116" level="INFO">GET Request : url=https://randomuser.me/api 
 path_url=/api 
 headers={'User-Agent': 'python-requests/2.32.3', 'Accept-Encoding': 'gzip, deflate', 'Accept': '*/*', 'Connection': 'keep-alive'} 
 body=None 
 </msg>
<msg time="2024-08-04T08:17:30.805197" level="INFO">GET Response : url=https://randomuser.me/api 
 status=200, reason=OK 
 headers={'Date': 'Sun, 04 Aug 2024 08:17:30 GMT', 'Content-Type': 'application/json; charset=utf-8', 'Transfer-Encoding': 'chunked', 'Connection': 'keep-alive', 'X-Powered-By': 'Express', 'Access-Control-Allow-Origin': '*', 'Cache-Control': 'no-cache', 'ETag': 'W/"4a6-CjjeuEMQ2A3YybElzZNQHb9IoI4"', 'Vary': 'Accept-Encoding', 'Content-Encoding': 'gzip', 'CF-Cache-Status': 'DYNAMIC', 'Report-To': '{"endpoints":[{"url":"https:\\/\\/a.nel.cloudflare.com\\/report\\/v4?s=sNlhdR7EEhx3n8Z33%2BNXdP%2FJA68hRmy85%2F6kKDNa0BdkEq7vxgUw1wKx7LzONxYaAXgvS2mfgibdRQr6rvyhkAzdncVlYLX%2FPmC0e6al6YdYmh1jZHnhe0aSyypTR3%2F9"}],"group":"cf-nel","max_age":604800}', 'NEL': '{"success_fraction":0,"report_to":"cf-nel","max_age":604800}', 'Server': 'cloudflare', 'CF-RAY': '8add1c86ef2fced1-SJC', 'alt-svc': 'h3=":443"; ma=86400'} 
 body={"results":[{"gender":"female","name":{"title":"Miss","first":"Fátima","last":"Rubio"},"location":{"street":{"number":7493,"name":"Paseo de Extremadura"},"city":"Almería","state":"Cantabria","country":"Spain","postcode":64290,"coordinates":{"latitude":"-35.6190","longitude":"149.2052"},"timezone":{"offset":"0:00","description":"Western Europe Time, London, Lisbon, Casablanca"}},"email":"fatima.rubio@example.com","login":{"uuid":"5d07be13-9a66-4940-aa4c-c7aa34555974","username":"smallrabbit505","password":"customer","salt":"OyzKscAP","md5":"35bb7a53c058ab518dba717c6c59a54d","sha1":"0566c0724300aefd1008938d19d11eabba8dfa98","sha256":"1b7ce462653d3410bc8bf535f3e8d7c4fa2fd2266fe37d4aaf16ee3417bf7fb6"},"dob":{"date":"1980-04-04T11:43:14.405Z","age":44},"registered":{"date":"2015-05-31T05:26:46.930Z","age":9},"phone":"923-336-421","cell":"653-731-193","id":{"name":"DNI","value":"07062662-N"},"picture":{"large":"https://randomuser.me/api/portraits/women/20.jpg","medium":"https://randomuser.me/api/portraits/med/women/20.jpg","thumbnail":"https://randomuser.me/api/portraits/thumb/women/20.jpg"},"nat":"ES"}],"info":{"seed":"7c69893592a2a7ae","results":1,"page":1,"version":"1.4"}} 
 </msg>
<msg time="2024-08-04T08:17:30.805260" level="INFO">/opt/hostedtoolcache/Python/3.12.4/x64/lib/python3.12/site-packages/urllib3/connectionpool.py:1099: InsecureRequestWarning: Unverified HTTPS request is being made to host 'randomuser.me'. Adding certificate verification is strongly advised. See: https://urllib3.readthedocs.io/en/latest/advanced-usage.html#tls-warnings
  warnings.warn(</msg>
<msg time="2024-08-04T08:17:30.805368" level="INFO">${response} = &lt;Response [200]&gt;</msg>
<var>${response}</var>
<arg>consultarAPI</arg>
<arg>/api</arg>
<doc>Sends a GET request on a previously created HTTP Session.</doc>
<status status="PASS" start="2024-08-04T08:17:30.704437" elapsed="0.100975"/>
</kw>
<kw name="Set Variable" owner="BuiltIn">
<msg time="2024-08-04T08:17:30.806376" level="INFO">${json_data} = {'results': [{'gender': 'female', 'name': {'title': 'Miss', 'first': 'Fátima', 'last': 'Rubio'}, 'location': {'street': {'number': 7493, 'name': 'Paseo de Extremadura'}, 'city': 'Almería', 'state': 'C...</msg>
<var>${json_data}</var>
<arg>${response.json()}</arg>
<doc>Returns the given values which can then be assigned to a variables.</doc>
<status status="PASS" start="2024-08-04T08:17:30.805859" elapsed="0.000548"/>
</kw>
<kw name="Log" owner="BuiltIn">
<msg time="2024-08-04T08:17:30.806888" level="INFO">{'results': [{'gender': 'female', 'name': {'title': 'Miss', 'first': 'Fátima', 'last': 'Rubio'}, 'location': {'street': {'number': 7493, 'name': 'Paseo de Extremadura'}, 'city': 'Almería', 'state': 'Cantabria', 'country': 'Spain', 'postcode': 64290, 'coordinates': {'latitude': '-35.6190', 'longitude': '149.2052'}, 'timezone': {'offset': '0:00', 'description': 'Western Europe Time, London, Lisbon, Casablanca'}}, 'email': 'fatima.rubio@example.com', 'login': {'uuid': '5d07be13-9a66-4940-aa4c-c7aa34555974', 'username': 'smallrabbit505', 'password': 'customer', 'salt': 'OyzKscAP', 'md5': '35bb7a53c058ab518dba717c6c59a54d', 'sha1': '0566c0724300aefd1008938d19d11eabba8dfa98', 'sha256': '1b7ce462653d3410bc8bf535f3e8d7c4fa2fd2266fe37d4aaf16ee3417bf7fb6'}, 'dob': {'date': '1980-04-04T11:43:14.405Z', 'age': 44}, 'registered': {'date': '2015-05-31T05:26:46.930Z', 'age': 9}, 'phone': '923-336-421', 'cell': '653-731-193', 'id': {'name': 'DNI', 'value': '07062662-N'}, 'picture': {'large': 'https://randomuser.me/api/portraits/women/20.jpg', 'medium': 'https://randomuser.me/api/portraits/med/women/20.jpg', 'thumbnail': 'https://randomuser.me/api/portraits/thumb/women/20.jpg'}, 'nat': 'ES'}], 'info': {'seed': '7c69893592a2a7ae', 'results': 1, 'page': 1, 'version': '1.4'}}</msg>
<arg>${json_data}</arg>
<doc>Logs the given message with the given level.</doc>
<status status="PASS" start="2024-08-04T08:17:30.806722" elapsed="0.000217"/>
</kw>
<kw name="Should Be String" owner="String">
<arg>${json_data['results'][0]['gender']}</arg>
<doc>Fails if the given ``item`` is not a string.</doc>
<status status="PASS" start="2024-08-04T08:17:30.807240" elapsed="0.000368"/>
</kw>
<kw name="Should Match Regexp" owner="BuiltIn">
<arg>${json_data['results'][0]['email']}</arg>
<arg>^[a-zA-Z0-9._%+-]+@[a-zA-Z0-9.-]+\.[a-zA-Z]{2,}$</arg>
<doc>Fails if ``string`` does not match ``pattern`` as a regular expression.</doc>
<status status="PASS" start="2024-08-04T08:17:30.807840" elapsed="0.000533"/>
</kw>
<kw name="Should Match Regexp" owner="BuiltIn">
<arg>${json_data['results'][0]['dob']['date']}</arg>
<arg>\\d{4}-\\d{2}-\\d{2}T\\d{2}:\\d{2}:\\d{2}\\.\\d{3}Z</arg>
<doc>Fails if ``string`` does not match ``pattern`` as a regular expression.</doc>
<status status="PASS" start="2024-08-04T08:17:30.808573" elapsed="0.000628"/>
</kw>
<kw name="Should Match Regexp" owner="BuiltIn">
<arg>${json_data['results'][0]['registered']['date']}</arg>
<arg>\\d{4}-\\d{2}-\\d{2}T\\d{2}:\\d{2}:\\d{2}\\.\\d{3}Z</arg>
<doc>Fails if ``string`` does not match ``pattern`` as a regular expression.</doc>
<status status="PASS" start="2024-08-04T08:17:30.809400" elapsed="0.000375"/>
</kw>
<kw name="Should Match Regexp" owner="BuiltIn">
<arg>${json_data['results'][0]['picture']['large']}</arg>
<arg>^https?://.*\.(?:png|jpe?g|gif|bmp)$</arg>
<doc>Fails if ``string`` does not match ``pattern`` as a regular expression.</doc>
<status status="PASS" start="2024-08-04T08:17:30.809965" elapsed="0.000490"/>
</kw>
<kw name="Should Match Regexp" owner="BuiltIn">
<arg>${json_data['results'][0]['picture']['medium']}</arg>
<arg>^https?://.*\.(?:png|jpe?g|gif|bmp)$</arg>
<doc>Fails if ``string`` does not match ``pattern`` as a regular expression.</doc>
<status status="PASS" start="2024-08-04T08:17:30.810650" elapsed="0.000365"/>
</kw>
<kw name="Should Match Regexp" owner="BuiltIn">
<arg>${json_data['results'][0]['picture']['thumbnail']}</arg>
<arg>^https?://.*\.(?:png|jpe?g|gif|bmp)$</arg>
<doc>Fails if ``string`` does not match ``pattern`` as a regular expression.</doc>
<status status="PASS" start="2024-08-04T08:17:30.811204" elapsed="0.000351"/>
</kw>
<kw name="Log" owner="BuiltIn">
<msg time="2024-08-04T08:17:30.812074" level="INFO">{'large': 'https://randomuser.me/api/portraits/women/20.jpg', 'medium': 'https://randomuser.me/api/portraits/med/women/20.jpg', 'thumbnail': 'https://randomuser.me/api/portraits/thumb/women/20.jpg'}</msg>
<arg>${json_data['results'][0]['picture']}</arg>
<doc>Logs the given message with the given level.</doc>
<status status="PASS" start="2024-08-04T08:17:30.811747" elapsed="0.000371"/>
</kw>
<status status="PASS" start="2024-08-04T08:17:30.704208" elapsed="0.108170"/>
</kw>
<kw name="Teste de Tipos de Dados - Postcode" owner="random-user-service">
<kw name="GET On Session" owner="RequestsLibrary">
<msg time="2024-08-04T08:17:30.909853" level="INFO">GET Request : url=https://randomuser.me/api 
 path_url=/api 
 headers={'User-Agent': 'python-requests/2.32.3', 'Accept-Encoding': 'gzip, deflate', 'Accept': '*/*', 'Connection': 'keep-alive'} 
 body=None 
 </msg>
<msg time="2024-08-04T08:17:30.909920" level="INFO">GET Response : url=https://randomuser.me/api 
 status=200, reason=OK 
 headers={'Date': 'Sun, 04 Aug 2024 08:17:30 GMT', 'Content-Type': 'application/json; charset=utf-8', 'Transfer-Encoding': 'chunked', 'Connection': 'keep-alive', 'X-Powered-By': 'Express', 'Access-Control-Allow-Origin': '*', 'Cache-Control': 'no-cache', 'ETag': 'W/"475-8SK7ufl/eGHDlwLcz+ASzYnFHnQ"', 'Vary': 'Accept-Encoding', 'Content-Encoding': 'gzip', 'CF-Cache-Status': 'DYNAMIC', 'Report-To': '{"endpoints":[{"url":"https:\\/\\/a.nel.cloudflare.com\\/report\\/v4?s=xjALhTt5m0JGVD9Tx0IX6gChUHi67IAL4wX21wpEvjV7xd8tZPvXYwJtLX9hwMTCWVp7aQhzK1%2FSstowb6XJ%2FzKm3AXycGsEWRvKxaM5cXFgOkIhETm5AepfWE77C%2FyV"}],"group":"cf-nel","max_age":604800}', 'NEL': '{"success_fraction":0,"report_to":"cf-nel","max_age":604800}', 'Server': 'cloudflare', 'CF-RAY': '8add1c879fb4ced1-SJC', 'alt-svc': 'h3=":443"; ma=86400'} 
 body={"results":[{"gender":"male","name":{"title":"Mr","first":"Carl","last":"Price"},"location":{"street":{"number":7349,"name":"Miller Ave"},"city":"Warrnambool","state":"South Australia","country":"Australia","postcode":7449,"coordinates":{"latitude":"-83.4844","longitude":"-121.8438"},"timezone":{"offset":"-2:00","description":"Mid-Atlantic"}},"email":"carl.price@example.com","login":{"uuid":"2b6b8f85-ab53-4557-a914-f713ce3d702b","username":"bigfish985","password":"manowar","salt":"NTvnutBA","md5":"eb4fb5a5fb81e27250f23421fe86f5be","sha1":"be7b3cfe248c425f10f9b72c2e3959b995408b56","sha256":"4589592f809a8b6f301ee1fb750f4bde0df3f9af77721682bdf42317139e0607"},"dob":{"date":"1972-12-18T22:58:28.753Z","age":51},"registered":{"date":"2004-02-17T20:36:59.508Z","age":20},"phone":"07-8184-0170","cell":"0407-483-865","id":{"name":"TFN","value":"708485738"},"picture":{"large":"https://randomuser.me/api/portraits/men/21.jpg","medium":"https://randomuser.me/api/portraits/med/men/21.jpg","thumbnail":"https://randomuser.me/api/portraits/thumb/men/21.jpg"},"nat":"AU"}],"info":{"seed":"fb1860d9b129f169","results":1,"page":1,"version":"1.4"}} 
 </msg>
<msg time="2024-08-04T08:17:30.909976" level="INFO">/opt/hostedtoolcache/Python/3.12.4/x64/lib/python3.12/site-packages/urllib3/connectionpool.py:1099: InsecureRequestWarning: Unverified HTTPS request is being made to host 'randomuser.me'. Adding certificate verification is strongly advised. See: https://urllib3.readthedocs.io/en/latest/advanced-usage.html#tls-warnings
  warnings.warn(</msg>
<msg time="2024-08-04T08:17:30.910104" level="INFO">${response} = &lt;Response [200]&gt;</msg>
<var>${response}</var>
<arg>consultarAPI</arg>
<arg>/api</arg>
<doc>Sends a GET request on a previously created HTTP Session.</doc>
<status status="PASS" start="2024-08-04T08:17:30.812812" elapsed="0.097333"/>
</kw>
<kw name="Set Variable" owner="BuiltIn">
<msg time="2024-08-04T08:17:30.910983" level="INFO">${json_data} = {'results': [{'gender': 'male', 'name': {'title': 'Mr', 'first': 'Carl', 'last': 'Price'}, 'location': {'street': {'number': 7349, 'name': 'Miller Ave'}, 'city': 'Warrnambool', 'state': 'South Austral...</msg>
<var>${json_data}</var>
<arg>${response.json()}</arg>
<doc>Returns the given values which can then be assigned to a variables.</doc>
<status status="PASS" start="2024-08-04T08:17:30.910524" elapsed="0.000488"/>
</kw>
<kw name="Log" owner="BuiltIn">
<msg time="2024-08-04T08:17:30.911486" level="INFO">{'results': [{'gender': 'male', 'name': {'title': 'Mr', 'first': 'Carl', 'last': 'Price'}, 'location': {'street': {'number': 7349, 'name': 'Miller Ave'}, 'city': 'Warrnambool', 'state': 'South Australia', 'country': 'Australia', 'postcode': 7449, 'coordinates': {'latitude': '-83.4844', 'longitude': '-121.8438'}, 'timezone': {'offset': '-2:00', 'description': 'Mid-Atlantic'}}, 'email': 'carl.price@example.com', 'login': {'uuid': '2b6b8f85-ab53-4557-a914-f713ce3d702b', 'username': 'bigfish985', 'password': 'manowar', 'salt': 'NTvnutBA', 'md5': 'eb4fb5a5fb81e27250f23421fe86f5be', 'sha1': 'be7b3cfe248c425f10f9b72c2e3959b995408b56', 'sha256': '4589592f809a8b6f301ee1fb750f4bde0df3f9af77721682bdf42317139e0607'}, 'dob': {'date': '1972-12-18T22:58:28.753Z', 'age': 51}, 'registered': {'date': '2004-02-17T20:36:59.508Z', 'age': 20}, 'phone': '07-8184-0170', 'cell': '0407-483-865', 'id': {'name': 'TFN', 'value': '708485738'}, 'picture': {'large': 'https://randomuser.me/api/portraits/men/21.jpg', 'medium': 'https://randomuser.me/api/portraits/med/men/21.jpg', 'thumbnail': 'https://randomuser.me/api/portraits/thumb/men/21.jpg'}, 'nat': 'AU'}], 'info': {'seed': 'fb1860d9b129f169', 'results': 1, 'page': 1, 'version': '1.4'}}</msg>
<arg>${json_data}</arg>
<doc>Logs the given message with the given level.</doc>
<status status="PASS" start="2024-08-04T08:17:30.911327" elapsed="0.000206"/>
</kw>
<kw name="Should Be Equal As Numbers" owner="BuiltIn">
<arg>${json_data['results'][0]['location']['postcode']}</arg>
<arg>${json_data['results'][0]['location']['postcode']}</arg>
<doc>Fails if objects are unequal after converting them to real numbers.</doc>
<status status="PASS" start="2024-08-04T08:17:30.911838" elapsed="0.000625"/>
</kw>
<kw name="Log" owner="BuiltIn">
<msg time="2024-08-04T08:17:30.913007" level="INFO">7449</msg>
<arg>${json_data['results'][0]['location']['postcode']}</arg>
<doc>Logs the given message with the given level.</doc>
<status status="PASS" start="2024-08-04T08:17:30.912664" elapsed="0.000384"/>
</kw>
<status status="PASS" start="2024-08-04T08:17:30.812593" elapsed="0.100737"/>
</kw>
<doc>Testa se os tipos de dados na resposta da API estão corretos.</doc>
<tag>testeTiposDados</tag>
<status status="PASS" start="2024-08-04T08:17:30.703698" elapsed="0.209801"/>
</test>
<test id="s1-s1-t5" name="Validar conteudo" line="35">
<kw name="Teste de Tipos de Conteudo" owner="random-user-service">
<kw name="GET On Session" owner="RequestsLibrary">
<msg time="2024-08-04T08:17:31.017758" level="INFO">GET Request : url=https://randomuser.me/api 
 path_url=/api 
 headers={'User-Agent': 'python-requests/2.32.3', 'Accept-Encoding': 'gzip, deflate', 'Accept': '*/*', 'Connection': 'keep-alive'} 
 body=None 
 </msg>
<msg time="2024-08-04T08:17:31.017822" level="INFO">GET Response : url=https://randomuser.me/api 
 status=200, reason=OK 
 headers={'Date': 'Sun, 04 Aug 2024 08:17:31 GMT', 'Content-Type': 'application/json; charset=utf-8', 'Transfer-Encoding': 'chunked', 'Connection': 'keep-alive', 'X-Powered-By': 'Express', 'Access-Control-Allow-Origin': '*', 'Cache-Control': 'no-cache', 'ETag': 'W/"468-R4ZeNP4nGdygVI74J1qE9CJKfoQ"', 'Vary': 'Accept-Encoding', 'Content-Encoding': 'gzip', 'CF-Cache-Status': 'DYNAMIC', 'Report-To': '{"endpoints":[{"url":"https:\\/\\/a.nel.cloudflare.com\\/report\\/v4?s=GLpUPtHnLbJOnJ5uCsQN2vkkuPX2%2BBnmTIjTuPKhO%2B1IqMTR9E%2BRuPfYomYxMShwv1uI9UuC4%2BoZkR0L3gF9KgRDEzXJXRbQ5E4PhaK6MTf0MITA8YwydBk7SOumYo3x"}],"group":"cf-nel","max_age":604800}', 'NEL': '{"success_fraction":0,"report_to":"cf-nel","max_age":604800}', 'Server': 'cloudflare', 'CF-RAY': '8add1c88381dced1-SJC', 'alt-svc': 'h3=":443"; ma=86400'} 
 body={"results":[{"gender":"female","name":{"title":"Mrs","first":"Harper","last":"Wang"},"location":{"street":{"number":2407,"name":"Main Street"},"city":"Taupo","state":"Nelson","country":"New Zealand","postcode":48400,"coordinates":{"latitude":"52.1551","longitude":"121.6917"},"timezone":{"offset":"+4:30","description":"Kabul"}},"email":"harper.wang@example.com","login":{"uuid":"5daa37b7-64d6-4b07-9def-055baa6646ec","username":"yellowbear435","password":"tootsie","salt":"r2zQbDJY","md5":"b2d2bfd01668f288c20b479701d592d3","sha1":"03836c8ad4c7b489ef4c3ec974ad7ae2af3823ba","sha256":"24a778b1c893e40ac8cc8dae8108574ba24d4e3e7500d5778b18c0c20eb5fdce"},"dob":{"date":"1965-05-08T18:53:42.324Z","age":59},"registered":{"date":"2016-12-16T13:42:07.393Z","age":7},"phone":"(644)-349-7217","cell":"(485)-801-0080","id":{"name":"","value":null},"picture":{"large":"https://randomuser.me/api/portraits/women/63.jpg","medium":"https://randomuser.me/api/portraits/med/women/63.jpg","thumbnail":"https://randomuser.me/api/portraits/thumb/women/63.jpg"},"nat":"NZ"}],"info":{"seed":"6baacf03b35f75f7","results":1,"page":1,"version":"1.4"}} 
 </msg>
<msg time="2024-08-04T08:17:31.017877" level="INFO">/opt/hostedtoolcache/Python/3.12.4/x64/lib/python3.12/site-packages/urllib3/connectionpool.py:1099: InsecureRequestWarning: Unverified HTTPS request is being made to host 'randomuser.me'. Adding certificate verification is strongly advised. See: https://urllib3.readthedocs.io/en/latest/advanced-usage.html#tls-warnings
  warnings.warn(</msg>
<msg time="2024-08-04T08:17:31.017964" level="INFO">${response} = &lt;Response [200]&gt;</msg>
<var>${response}</var>
<arg>consultarAPI</arg>
<arg>/api</arg>
<doc>Sends a GET request on a previously created HTTP Session.</doc>
<status status="PASS" start="2024-08-04T08:17:30.916102" elapsed="0.101905"/>
</kw>
<kw name="Set Variable" owner="BuiltIn">
<msg time="2024-08-04T08:17:31.019041" level="INFO">${json_data} = {'results': [{'gender': 'female', 'name': {'title': 'Mrs', 'first': 'Harper', 'last': 'Wang'}, 'location': {'street': {'number': 2407, 'name': 'Main Street'}, 'city': 'Taupo', 'state': 'Nelson', 'coun...</msg>
<var>${json_data}</var>
<arg>${response.json()}</arg>
<doc>Returns the given values which can then be assigned to a variables.</doc>
<status status="PASS" start="2024-08-04T08:17:31.018492" elapsed="0.000578"/>
</kw>
<kw name="Set Variable" owner="BuiltIn">
<msg time="2024-08-04T08:17:31.019767" level="INFO">${name_title} = Mrs</msg>
<var>${name_title}</var>
<arg>${json_data["results"][0]["name"]["title"]}</arg>
<doc>Returns the given values which can then be assigned to a variables.</doc>
<status status="PASS" start="2024-08-04T08:17:31.019381" elapsed="0.000412"/>
</kw>
<kw name="Create List" owner="BuiltIn">
<msg time="2024-08-04T08:17:31.020252" level="INFO">${allowed_titles} = ['Mr', 'Ms', 'Miss', 'Mrs', 'Madame', 'Monsieur']</msg>
<var>${allowed_titles}</var>
<arg>Mr</arg>
<arg>Ms</arg>
<arg>Miss</arg>
<arg>Mrs</arg>
<arg>Madame</arg>
<arg>Monsieur</arg>
<doc>Returns a list containing given items.</doc>
<status status="PASS" start="2024-08-04T08:17:31.020093" elapsed="0.000185"/>
</kw>
<kw name="List Should Contain Value" owner="Collections">
<arg>${allowed_titles}</arg>
<arg>${name_title}</arg>
<doc>Fails if the ``value`` is not found from ``list``.</doc>
<status status="PASS" start="2024-08-04T08:17:31.020592" elapsed="0.000179"/>
</kw>
<kw name="Set Variable" owner="BuiltIn">
<msg time="2024-08-04T08:17:31.021324" level="INFO">${name_country} = NZ</msg>
<var>${name_country}</var>
<arg>${json_data["results"][0]["nat"]}</arg>
<doc>Returns the given values which can then be assigned to a variables.</doc>
<status status="PASS" start="2024-08-04T08:17:31.020954" elapsed="0.000396"/>
</kw>
<kw name="Create List" owner="BuiltIn">
<msg time="2024-08-04T08:17:31.022301" level="INFO">${list_country} = ['AD', 'AE', 'AF', 'AG', 'AI', 'AL', 'AM', 'AO', 'AQ', 'AR', 'AS', 'AT', 'AU', 'AW', 'AX', 'AZ', 'BA', 'BB', 'BD', 'BE', 'BF', 'BG', 'BH', 'BI', 'BJ', 'BL', 'BM', 'BN', 'BO', 'BQ', 'BR', 'BS', 'BT', '...</msg>
<var>${list_country}</var>
<arg>AD</arg>
<arg>AE</arg>
<arg>AF</arg>
<arg>AG</arg>
<arg>AI</arg>
<arg>AL</arg>
<arg>AM</arg>
<arg>AO</arg>
<arg>AQ</arg>
<arg>AR</arg>
<arg>AS</arg>
<arg>AT</arg>
<arg>AU</arg>
<arg>AW</arg>
<arg>AX</arg>
<arg>AZ</arg>
<arg>BA</arg>
<arg>BB</arg>
<arg>BD</arg>
<arg>BE</arg>
<arg>BF</arg>
<arg>BG</arg>
<arg>BH</arg>
<arg>BI</arg>
<arg>BJ</arg>
<arg>BL</arg>
<arg>BM</arg>
<arg>BN</arg>
<arg>BO</arg>
<arg>BQ</arg>
<arg>BR</arg>
<arg>BS</arg>
<arg>BT</arg>
<arg>BV</arg>
<arg>BW</arg>
<arg>BY</arg>
<arg>BZ</arg>
<arg>CA</arg>
<arg>CC</arg>
<arg>CD</arg>
<arg>CF</arg>
<arg>CG</arg>
<arg>CH</arg>
<arg>CI</arg>
<arg>CK</arg>
<arg>CL</arg>
<arg>CM</arg>
<arg>CN</arg>
<arg>CO</arg>
<arg>CR</arg>
<arg>CU</arg>
<arg>CV</arg>
<arg>CW</arg>
<arg>CX</arg>
<arg>CY</arg>
<arg>CZ</arg>
<arg>DE</arg>
<arg>DJ</arg>
<arg>DK</arg>
<arg>DM</arg>
<arg>DO</arg>
<arg>DZ</arg>
<arg>EC</arg>
<arg>EE</arg>
<arg>EG</arg>
<arg>EH</arg>
<arg>ER</arg>
<arg>ES</arg>
<arg>ET</arg>
<arg>FI</arg>
<arg>FJ</arg>
<arg>FK</arg>
<arg>FM</arg>
<arg>FO</arg>
<arg>FR</arg>
<arg>GA</arg>
<arg>GB</arg>
<arg>GD</arg>
<arg>GE</arg>
<arg>GF</arg>
<arg>GG</arg>
<arg>GH</arg>
<arg>GI</arg>
<arg>GL</arg>
<arg>GM</arg>
<arg>GN</arg>
<arg>GP</arg>
<arg>GQ</arg>
<arg>GR</arg>
<arg>GS</arg>
<arg>GT</arg>
<arg>GU</arg>
<arg>GW</arg>
<arg>GY</arg>
<arg>HK</arg>
<arg>HM</arg>
<arg>HN</arg>
<arg>HR</arg>
<arg>HT</arg>
<arg>HU</arg>
<arg>ID</arg>
<arg>IE</arg>
<arg>IL</arg>
<arg>IM</arg>
<arg>IN</arg>
<arg>IO</arg>
<arg>IQ</arg>
<arg>IR</arg>
<arg>IS</arg>
<arg>IT</arg>
<arg>JE</arg>
<arg>JM</arg>
<arg>JO</arg>
<arg>JP</arg>
<arg>KE</arg>
<arg>KG</arg>
<arg>KH</arg>
<arg>KI</arg>
<arg>KM</arg>
<arg>KN</arg>
<arg>KP</arg>
<arg>KR</arg>
<arg>KW</arg>
<arg>KY</arg>
<arg>KZ</arg>
<arg>LA</arg>
<arg>LB</arg>
<arg>LC</arg>
<arg>LI</arg>
<arg>LK</arg>
<arg>LR</arg>
<arg>LS</arg>
<arg>LT</arg>
<arg>LU</arg>
<arg>LV</arg>
<arg>LY</arg>
<arg>MA</arg>
<arg>MC</arg>
<arg>MD</arg>
<arg>ME</arg>
<arg>MF</arg>
<arg>MG</arg>
<arg>MH</arg>
<arg>MK</arg>
<arg>ML</arg>
<arg>MM</arg>
<arg>MN</arg>
<arg>MO</arg>
<arg>MP</arg>
<arg>MQ</arg>
<arg>MR</arg>
<arg>MS</arg>
<arg>MT</arg>
<arg>MU</arg>
<arg>MV</arg>
<arg>MW</arg>
<arg>MX</arg>
<arg>MY</arg>
<arg>MZ</arg>
<arg>NA</arg>
<arg>NC</arg>
<arg>NE</arg>
<arg>NF</arg>
<arg>NG</arg>
<arg>NI</arg>
<arg>NL</arg>
<arg>NO</arg>
<arg>NP</arg>
<arg>NR</arg>
<arg>NU</arg>
<arg>NZ</arg>
<arg>OM</arg>
<arg>PA</arg>
<arg>PE</arg>
<arg>PF</arg>
<arg>PG</arg>
<arg>PH</arg>
<arg>PK</arg>
<arg>PL</arg>
<arg>PM</arg>
<arg>PN</arg>
<arg>PR</arg>
<arg>PS</arg>
<arg>PT</arg>
<arg>PW</arg>
<arg>PY</arg>
<arg>QA</arg>
<arg>RE</arg>
<arg>RO</arg>
<arg>RS</arg>
<arg>RU</arg>
<arg>RW</arg>
<arg>SA</arg>
<arg>SB</arg>
<arg>SC</arg>
<arg>SD</arg>
<arg>SE</arg>
<arg>SG</arg>
<arg>SH</arg>
<arg>SI</arg>
<arg>SJ</arg>
<arg>SK</arg>
<arg>SL</arg>
<arg>SM</arg>
<arg>SN</arg>
<arg>SO</arg>
<arg>SR</arg>
<arg>SS</arg>
<arg>ST</arg>
<arg>SV</arg>
<arg>SX</arg>
<arg>SY</arg>
<arg>SZ</arg>
<arg>TC</arg>
<arg>TD</arg>
<arg>TF</arg>
<arg>TG</arg>
<arg>TH</arg>
<arg>TJ</arg>
<arg>TK</arg>
<arg>TL</arg>
<arg>TM</arg>
<arg>TN</arg>
<arg>TO</arg>
<arg>TR</arg>
<arg>TT</arg>
<arg>TV</arg>
<arg>TW</arg>
<arg>TZ</arg>
<arg>UA</arg>
<arg>UG</arg>
<arg>UM</arg>
<arg>US</arg>
<arg>UY</arg>
<arg>UZ</arg>
<arg>VA</arg>
<arg>VC</arg>
<arg>VE</arg>
<arg>VG</arg>
<arg>VI</arg>
<arg>VN</arg>
<arg>VU</arg>
<arg>WF</arg>
<arg>WS</arg>
<arg>XK</arg>
<arg>YE</arg>
<arg>YT</arg>
<arg>ZA</arg>
<arg>ZM</arg>
<arg>ZW</arg>
<doc>Returns a list containing given items.</doc>
<status status="PASS" start="2024-08-04T08:17:31.021657" elapsed="0.000671"/>
</kw>
<kw name="List Should Contain Value" owner="Collections">
<arg>${list_country}</arg>
<arg>${name_country}</arg>
<doc>Fails if the ``value`` is not found from ``list``.</doc>
<status status="PASS" start="2024-08-04T08:17:31.023274" elapsed="0.000211"/>
</kw>
<kw name="Run Keyword If" owner="BuiltIn">
<kw name="Should Be True" owner="BuiltIn">
<arg>${True}</arg>
<doc>Fails if the given condition is not true.</doc>
<status status="PASS" start="2024-08-04T08:17:31.024482" elapsed="0.000146"/>
</kw>
<arg>${json_data["results"][0]["location"]["coordinates"]["latitude"]} &gt;= -90 and ${json_data["results"][0]["location"]["coordinates"]["latitude"]} &lt;= 90</arg>
<arg>Should Be True</arg>
<arg>${True}</arg>
<doc>Runs the given keyword with the given arguments, if ``condition`` is true.</doc>
<status status="PASS" start="2024-08-04T08:17:31.023688" elapsed="0.001068"/>
</kw>
<kw name="Run Keyword If" owner="BuiltIn">
<kw name="Should Be True" owner="BuiltIn">
<arg>${True}</arg>
<doc>Fails if the given condition is not true.</doc>
<status status="PASS" start="2024-08-04T08:17:31.025632" elapsed="0.000136"/>
</kw>
<arg>${json_data["results"][0]["location"]["coordinates"]["longitude"]} &gt;= -180 and ${json_data["results"][0]["location"]["coordinates"]["longitude"]} &lt;= 180</arg>
<arg>Should Be True</arg>
<arg>${True}</arg>
<doc>Runs the given keyword with the given arguments, if ``condition`` is true.</doc>
<status status="PASS" start="2024-08-04T08:17:31.024939" elapsed="0.000955"/>
</kw>
<status status="PASS" start="2024-08-04T08:17:30.915883" elapsed="0.110165"/>
</kw>
<doc>Testa o conteúdo específico dos campos retornados pela API.</doc>
<tag>testeConteudo</tag>
<status status="PASS" start="2024-08-04T08:17:30.915372" elapsed="0.110832"/>
</test>
<status status="PASS" start="2024-08-04T08:17:29.984653" elapsed="1.043552"/>
</suite>
<status status="PASS" start="2024-08-04T08:17:29.970062" elapsed="1.063205"/>
</suite>
<statistics>
<total>
<stat pass="5" fail="0" skip="0">All Tests</stat>
</total>
<tag>
<stat pass="1" fail="0" skip="0">testeConteudo</stat>
<stat pass="1" fail="0" skip="0">testeEstruturaResposta</stat>
<stat pass="1" fail="0" skip="0">testeRequisicaoBasica</stat>
<stat pass="1" fail="0" skip="0">testeTiposDados</stat>
</tag>
<suite>
<stat pass="5" fail="0" skip="0" id="s1" name="Tests">Tests</stat>
<stat pass="5" fail="0" skip="0" id="s1-s1" name="Random-User-Test">Tests.Random-User-Test</stat>
</suite>
</statistics>
<errors>
</errors>
</robot>
