<?xml version="1.0" encoding="UTF-8"?>
<robot generator="Robot 7.0 (Python 3.12.3 on linux)" generated="2024-05-20T15:15:50.695684" rpa="false" schemaversion="5">
<suite id="s1" name="Tests" source="/home/runner/work/DesafioQAItauRogerioJordao/DesafioQAItauRogerioJordao/RamdonUser/tests">
<suite id="s1-s1" name="Random-User-Test" source="/home/runner/work/DesafioQAItauRogerioJordao/DesafioQAItauRogerioJordao/RamdonUser/tests/random-user-test.robot">
<test id="s1-s1-t1" name="Conectar" line="13">
<kw name="Conectar API" owner="random-user-service">
<kw name="Create Session" owner="RequestsLibrary">
<msg time="2024-05-20T15:15:51.075224" level="INFO">Creating Session using : alias=consultarAPI, url=https://randomuser.me/, headers={},                     cookies={}, auth=None, timeout=None, proxies=None, verify=False,                     debug=0 </msg>
<arg>consultarAPI</arg>
<arg>${URL}</arg>
<doc>Create Session: create a HTTP session to a server</doc>
<status status="PASS" start="2024-05-20T15:15:51.075017" elapsed="0.000413"/>
</kw>
<status status="PASS" start="2024-05-20T15:15:51.074009" elapsed="0.001788"/>
</kw>
<status status="PASS" start="2024-05-20T15:15:51.073358" elapsed="0.002637"/>
</test>
<test id="s1-s1-t2" name="Validar retorno 200 e JSON Válido" line="16">
<kw name="Teste de Requisicao Basica" owner="random-user-service">
<kw name="GET On Session" owner="RequestsLibrary">
<msg time="2024-05-20T15:15:51.318252" level="INFO">GET Request : url=https://randomuser.me/api 
 path_url=/api 
 headers={'User-Agent': 'python-requests/2.31.0', 'Accept-Encoding': 'gzip, deflate', 'Accept': '*/*', 'Connection': 'keep-alive'} 
 body=None 
 </msg>
<msg time="2024-05-20T15:15:51.318410" level="INFO">GET Response : url=https://randomuser.me/api 
 status=200, reason=OK 
 headers={'Date': 'Mon, 20 May 2024 15:15:51 GMT', 'Content-Type': 'application/json; charset=utf-8', 'Transfer-Encoding': 'chunked', 'Connection': 'keep-alive', 'X-Powered-By': 'Express', 'Access-Control-Allow-Origin': '*', 'Cache-Control': 'no-cache', 'ETag': 'W/"499-zR9F3L6kbJhoO/SEMXx9D+qtEo0"', 'Vary': 'Accept-Encoding', 'Content-Encoding': 'gzip', 'CF-Cache-Status': 'DYNAMIC', 'Report-To': '{"endpoints":[{"url":"https:\\/\\/a.nel.cloudflare.com\\/report\\/v4?s=BSaTXS2BgoJqV5r9GDxYPLv37rloUke4HkigTqD3cD07yIFXotF8bEv4KT0UW%2BH8hBRit5250W11aTKcQnnIB1WiYnVSmk%2Bva7YIwjMF2Nj2JDqrN45Ea2%2BRZEdOYJ2F"}],"group":"cf-nel","max_age":604800}', 'NEL': '{"success_fraction":0,"report_to":"cf-nel","max_age":604800}', 'Server': 'cloudflare', 'CF-RAY': '886d48d588ce57b5-IAD', 'alt-svc': 'h3=":443"; ma=86400'} 
 body={"results":[{"gender":"male","name":{"title":"Mr","first":"Soan","last":"Rey"},"location":{"street":{"number":7451,"name":"Rue du Bon-Pasteur"},"city":"Montreuil","state":"Finistère","country":"France","postcode":34240,"coordinates":{"latitude":"-14.6138","longitude":"-65.1102"},"timezone":{"offset":"+3:00","description":"Baghdad, Riyadh, Moscow, St. Petersburg"}},"email":"soan.rey@example.com","login":{"uuid":"ed8bc844-e410-4970-abca-58737794d981","username":"smallmouse382","password":"police","salt":"5qhbKBai","md5":"617fe8e759e8124744f5618f28e440b5","sha1":"c75161df1eedf13423850e812d57aa04217980a1","sha256":"fefd494d17e021ac527a1f928d49e0b09acfdac6a01395dbb94e2db29983fe62"},"dob":{"date":"1974-02-21T00:39:32.647Z","age":50},"registered":{"date":"2011-05-13T03:09:28.323Z","age":13},"phone":"03-46-28-65-02","cell":"06-10-08-53-58","id":{"name":"INSEE","value":"1740115780401 70"},"picture":{"large":"https://randomuser.me/api/portraits/men/24.jpg","medium":"https://randomuser.me/api/portraits/med/men/24.jpg","thumbnail":"https://randomuser.me/api/portraits/thumb/men/24.jpg"},"nat":"FR"}],"info":{"seed":"d374e73b2df2aa4f","results":1,"page":1,"version":"1.4"}} 
 </msg>
<msg time="2024-05-20T15:15:51.318502" level="INFO">/opt/hostedtoolcache/Python/3.12.3/x64/lib/python3.12/site-packages/urllib3/connectionpool.py:1103: InsecureRequestWarning: Unverified HTTPS request is being made to host 'randomuser.me'. Adding certificate verification is strongly advised. See: https://urllib3.readthedocs.io/en/latest/advanced-usage.html#tls-warnings
  warnings.warn(</msg>
<msg time="2024-05-20T15:15:51.318667" level="INFO">${response} = &lt;Response [200]&gt;</msg>
<var>${response}</var>
<arg>consultarAPI</arg>
<arg>/api</arg>
<doc>Sends a GET request on a previously created HTTP Session.</doc>
<status status="PASS" start="2024-05-20T15:15:51.078681" elapsed="0.240029"/>
</kw>
<kw name="Should Be Equal As Numbers" owner="BuiltIn">
<msg time="2024-05-20T15:15:51.319719" level="INFO">Argument types are:
&lt;class 'int'&gt;
&lt;class 'str'&gt;</msg>
<arg>${response.status_code}</arg>
<arg>200</arg>
<doc>Fails if objects are unequal after converting them to real numbers.</doc>
<status status="PASS" start="2024-05-20T15:15:51.319266" elapsed="0.000518"/>
</kw>
<kw name="Log" owner="BuiltIn">
<msg time="2024-05-20T15:15:51.320488" level="INFO">200</msg>
<arg>${response.status_code}</arg>
<doc>Logs the given message with the given level.</doc>
<status status="PASS" start="2024-05-20T15:15:51.320101" elapsed="0.000428"/>
</kw>
<kw name="Set Variable" owner="BuiltIn">
<msg time="2024-05-20T15:15:51.321281" level="INFO">${json_data} = {'results': [{'gender': 'male', 'name': {'title': 'Mr', 'first': 'Soan', 'last': 'Rey'}, 'location': {'street': {'number': 7451, 'name': 'Rue du Bon-Pasteur'}, 'city': 'Montreuil', 'state': 'Finistère...</msg>
<var>${json_data}</var>
<arg>${response.json()}</arg>
<doc>Returns the given values which can then be assigned to a variables.</doc>
<status status="PASS" start="2024-05-20T15:15:51.320836" elapsed="0.000475"/>
</kw>
<kw name="Dictionary Should Contain Key" owner="Collections">
<msg time="2024-05-20T15:15:51.321789" level="INFO">False</msg>
<arg>${json_data}</arg>
<arg>results</arg>
<doc>Fails if ``key`` is not found from ``dictionary``.</doc>
<status status="PASS" start="2024-05-20T15:15:51.321620" elapsed="0.000207"/>
</kw>
<status status="PASS" start="2024-05-20T15:15:51.078434" elapsed="0.243651"/>
</kw>
<doc>Testa se a API responde corretamente e retorna um objeto JSON válido.</doc>
<tag>testeRequisicaoBasica</tag>
<status status="PASS" start="2024-05-20T15:15:51.077908" elapsed="0.244365"/>
</test>
<test id="s1-s1-t3" name="Validar estrutura de resposta" line="22">
<kw name="Teste de Estrutura de Resposta" owner="random-user-service">
<kw name="GET On Session" owner="RequestsLibrary">
<msg time="2024-05-20T15:15:51.419492" level="INFO">GET Request : url=https://randomuser.me/api 
 path_url=/api 
 headers={'User-Agent': 'python-requests/2.31.0', 'Accept-Encoding': 'gzip, deflate', 'Accept': '*/*', 'Connection': 'keep-alive'} 
 body=None 
 </msg>
<msg time="2024-05-20T15:15:51.419599" level="INFO">GET Response : url=https://randomuser.me/api 
 status=200, reason=OK 
 headers={'Date': 'Mon, 20 May 2024 15:15:51 GMT', 'Content-Type': 'application/json; charset=utf-8', 'Transfer-Encoding': 'chunked', 'Connection': 'keep-alive', 'X-Powered-By': 'Express', 'Access-Control-Allow-Origin': '*', 'Cache-Control': 'no-cache', 'ETag': 'W/"483-FHww/oWjfofWBZltSjOgVcA1SrY"', 'Vary': 'Accept-Encoding', 'Content-Encoding': 'gzip', 'CF-Cache-Status': 'DYNAMIC', 'Report-To': '{"endpoints":[{"url":"https:\\/\\/a.nel.cloudflare.com\\/report\\/v4?s=iobUm8uClEqm1CF6mM642gXeeDr9VMiW3IQ8XbZErdsK9nJfMtLVG4u6TsWlqClipbaatGwRyZ8cm%2Fhg8MOGBiaQI27NnoEad5xcoW9OL8QYnbT2j1GXkkcJNBnjuvWi"}],"group":"cf-nel","max_age":604800}', 'NEL': '{"success_fraction":0,"report_to":"cf-nel","max_age":604800}', 'Server': 'cloudflare', 'CF-RAY': '886d48d5d90857b5-IAD', 'alt-svc': 'h3=":443"; ma=86400'} 
 body={"results":[{"gender":"male","name":{"title":"Mr","first":"Jimi","last":"Huhta"},"location":{"street":{"number":8464,"name":"Verkatehtaankatu"},"city":"Kemijärvi","state":"Northern Savonia","country":"Finland","postcode":56018,"coordinates":{"latitude":"-24.6552","longitude":"-73.6320"},"timezone":{"offset":"-3:30","description":"Newfoundland"}},"email":"jimi.huhta@example.com","login":{"uuid":"524df468-9fac-4f57-b858-e001e7f29214","username":"goldenleopard935","password":"kimmie","salt":"L0QW0tDS","md5":"43514874e8cd5d64c5a12038cee65163","sha1":"bcf80273c7c410c493e78896aef389545c77eb5c","sha256":"e20111e97d1ab841817e1c760ec3abc4516593d1ee6400f54915b01b499488a1"},"dob":{"date":"1944-10-30T15:54:11.266Z","age":79},"registered":{"date":"2003-05-30T19:58:47.723Z","age":20},"phone":"09-491-610","cell":"042-490-39-41","id":{"name":"HETU","value":"NaNNA181undefined"},"picture":{"large":"https://randomuser.me/api/portraits/men/7.jpg","medium":"https://randomuser.me/api/portraits/med/men/7.jpg","thumbnail":"https://randomuser.me/api/portraits/thumb/men/7.jpg"},"nat":"FI"}],"info":{"seed":"e4ec26de9507f859","results":1,"page":1,"version":"1.4"}} 
 </msg>
<msg time="2024-05-20T15:15:51.419732" level="INFO">/opt/hostedtoolcache/Python/3.12.3/x64/lib/python3.12/site-packages/urllib3/connectionpool.py:1103: InsecureRequestWarning: Unverified HTTPS request is being made to host 'randomuser.me'. Adding certificate verification is strongly advised. See: https://urllib3.readthedocs.io/en/latest/advanced-usage.html#tls-warnings
  warnings.warn(</msg>
<msg time="2024-05-20T15:15:51.419891" level="INFO">${response} = &lt;Response [200]&gt;</msg>
<var>${response}</var>
<arg>consultarAPI</arg>
<arg>/api</arg>
<doc>Sends a GET request on a previously created HTTP Session.</doc>
<status status="PASS" start="2024-05-20T15:15:51.324925" elapsed="0.095008"/>
</kw>
<kw name="Set Variable" owner="BuiltIn">
<msg time="2024-05-20T15:15:51.421014" level="INFO">${json_data} = {'results': [{'gender': 'male', 'name': {'title': 'Mr', 'first': 'Jimi', 'last': 'Huhta'}, 'location': {'street': {'number': 8464, 'name': 'Verkatehtaankatu'}, 'city': 'Kemijärvi', 'state': 'Northern ...</msg>
<var>${json_data}</var>
<arg>${response.json()}</arg>
<doc>Returns the given values which can then be assigned to a variables.</doc>
<status status="PASS" start="2024-05-20T15:15:51.420481" elapsed="0.000563"/>
</kw>
<kw name="Log" owner="BuiltIn">
<msg time="2024-05-20T15:15:51.421536" level="INFO">{'results': [{'gender': 'male', 'name': {'title': 'Mr', 'first': 'Jimi', 'last': 'Huhta'}, 'location': {'street': {'number': 8464, 'name': 'Verkatehtaankatu'}, 'city': 'Kemijärvi', 'state': 'Northern Savonia', 'country': 'Finland', 'postcode': 56018, 'coordinates': {'latitude': '-24.6552', 'longitude': '-73.6320'}, 'timezone': {'offset': '-3:30', 'description': 'Newfoundland'}}, 'email': 'jimi.huhta@example.com', 'login': {'uuid': '524df468-9fac-4f57-b858-e001e7f29214', 'username': 'goldenleopard935', 'password': 'kimmie', 'salt': 'L0QW0tDS', 'md5': '43514874e8cd5d64c5a12038cee65163', 'sha1': 'bcf80273c7c410c493e78896aef389545c77eb5c', 'sha256': 'e20111e97d1ab841817e1c760ec3abc4516593d1ee6400f54915b01b499488a1'}, 'dob': {'date': '1944-10-30T15:54:11.266Z', 'age': 79}, 'registered': {'date': '2003-05-30T19:58:47.723Z', 'age': 20}, 'phone': '09-491-610', 'cell': '042-490-39-41', 'id': {'name': 'HETU', 'value': 'NaNNA181undefined'}, 'picture': {'large': 'https://randomuser.me/api/portraits/men/7.jpg', 'medium': 'https://randomuser.me/api/portraits/med/men/7.jpg', 'thumbnail': 'https://randomuser.me/api/portraits/thumb/men/7.jpg'}, 'nat': 'FI'}], 'info': {'seed': 'e4ec26de9507f859', 'results': 1, 'page': 1, 'version': '1.4'}}</msg>
<arg>${json_data}</arg>
<doc>Logs the given message with the given level.</doc>
<status status="PASS" start="2024-05-20T15:15:51.421368" elapsed="0.000220"/>
</kw>
<kw name="Dictionary Should Contain Key" owner="Collections">
<msg time="2024-05-20T15:15:51.422043" level="INFO">False</msg>
<arg>${json_data}</arg>
<arg>results</arg>
<doc>Fails if ``key`` is not found from ``dictionary``.</doc>
<status status="PASS" start="2024-05-20T15:15:51.421888" elapsed="0.000192"/>
</kw>
<kw name="Should Not Be Empty" owner="BuiltIn">
<msg time="2024-05-20T15:15:51.422500" level="INFO">Length is 2.</msg>
<arg>${json_data}</arg>
<doc>Verifies that the given item is not empty.</doc>
<status status="PASS" start="2024-05-20T15:15:51.422371" elapsed="0.000173"/>
</kw>
<kw name="Create List" owner="BuiltIn">
<msg time="2024-05-20T15:15:51.423146" level="INFO">${expected_keys} = ['gender', 'name', 'location', 'email', 'login']</msg>
<var>${expected_keys}</var>
<arg>gender</arg>
<arg>name</arg>
<arg>location</arg>
<arg>email</arg>
<arg>login</arg>
<doc>Returns a list containing given items.</doc>
<status status="PASS" start="2024-05-20T15:15:51.422836" elapsed="0.000335"/>
</kw>
<for flavor="IN">
<iter>
<kw name="Dictionary Should Contain Key" owner="Collections">
<msg time="2024-05-20T15:15:51.424200" level="INFO">False</msg>
<arg>${json_data['results'][0]}</arg>
<arg>${key}</arg>
<doc>Fails if ``key`` is not found from ``dictionary``.</doc>
<status status="PASS" start="2024-05-20T15:15:51.423771" elapsed="0.000468"/>
</kw>
<kw name="Log" owner="BuiltIn">
<msg time="2024-05-20T15:15:51.424916" level="INFO">{'gender': 'male', 'name': {'title': 'Mr', 'first': 'Jimi', 'last': 'Huhta'}, 'location': {'street': {'number': 8464, 'name': 'Verkatehtaankatu'}, 'city': 'Kemijärvi', 'state': 'Northern Savonia', 'country': 'Finland', 'postcode': 56018, 'coordinates': {'latitude': '-24.6552', 'longitude': '-73.6320'}, 'timezone': {'offset': '-3:30', 'description': 'Newfoundland'}}, 'email': 'jimi.huhta@example.com', 'login': {'uuid': '524df468-9fac-4f57-b858-e001e7f29214', 'username': 'goldenleopard935', 'password': 'kimmie', 'salt': 'L0QW0tDS', 'md5': '43514874e8cd5d64c5a12038cee65163', 'sha1': 'bcf80273c7c410c493e78896aef389545c77eb5c', 'sha256': 'e20111e97d1ab841817e1c760ec3abc4516593d1ee6400f54915b01b499488a1'}, 'dob': {'date': '1944-10-30T15:54:11.266Z', 'age': 79}, 'registered': {'date': '2003-05-30T19:58:47.723Z', 'age': 20}, 'phone': '09-491-610', 'cell': '042-490-39-41', 'id': {'name': 'HETU', 'value': 'NaNNA181undefined'}, 'picture': {'large': 'https://randomuser.me/api/portraits/men/7.jpg', 'medium': 'https://randomuser.me/api/portraits/med/men/7.jpg', 'thumbnail': 'https://randomuser.me/api/portraits/thumb/men/7.jpg'}, 'nat': 'FI'}</msg>
<arg>${json_data['results'][0]}</arg>
<doc>Logs the given message with the given level.</doc>
<status status="PASS" start="2024-05-20T15:15:51.424546" elapsed="0.000422"/>
</kw>
<kw name="Log" owner="BuiltIn">
<msg time="2024-05-20T15:15:51.425398" level="INFO">gender</msg>
<arg>${key}</arg>
<doc>Logs the given message with the given level.</doc>
<status status="PASS" start="2024-05-20T15:15:51.425269" elapsed="0.000166"/>
</kw>
<var name="${key}">gender</var>
<status status="PASS" start="2024-05-20T15:15:51.423642" elapsed="0.002016"/>
</iter>
<iter>
<kw name="Dictionary Should Contain Key" owner="Collections">
<msg time="2024-05-20T15:15:51.426342" level="INFO">False</msg>
<arg>${json_data['results'][0]}</arg>
<arg>${key}</arg>
<doc>Fails if ``key`` is not found from ``dictionary``.</doc>
<status status="PASS" start="2024-05-20T15:15:51.425963" elapsed="0.000415"/>
</kw>
<kw name="Log" owner="BuiltIn">
<msg time="2024-05-20T15:15:51.427057" level="INFO">{'gender': 'male', 'name': {'title': 'Mr', 'first': 'Jimi', 'last': 'Huhta'}, 'location': {'street': {'number': 8464, 'name': 'Verkatehtaankatu'}, 'city': 'Kemijärvi', 'state': 'Northern Savonia', 'country': 'Finland', 'postcode': 56018, 'coordinates': {'latitude': '-24.6552', 'longitude': '-73.6320'}, 'timezone': {'offset': '-3:30', 'description': 'Newfoundland'}}, 'email': 'jimi.huhta@example.com', 'login': {'uuid': '524df468-9fac-4f57-b858-e001e7f29214', 'username': 'goldenleopard935', 'password': 'kimmie', 'salt': 'L0QW0tDS', 'md5': '43514874e8cd5d64c5a12038cee65163', 'sha1': 'bcf80273c7c410c493e78896aef389545c77eb5c', 'sha256': 'e20111e97d1ab841817e1c760ec3abc4516593d1ee6400f54915b01b499488a1'}, 'dob': {'date': '1944-10-30T15:54:11.266Z', 'age': 79}, 'registered': {'date': '2003-05-30T19:58:47.723Z', 'age': 20}, 'phone': '09-491-610', 'cell': '042-490-39-41', 'id': {'name': 'HETU', 'value': 'NaNNA181undefined'}, 'picture': {'large': 'https://randomuser.me/api/portraits/men/7.jpg', 'medium': 'https://randomuser.me/api/portraits/med/men/7.jpg', 'thumbnail': 'https://randomuser.me/api/portraits/thumb/men/7.jpg'}, 'nat': 'FI'}</msg>
<arg>${json_data['results'][0]}</arg>
<doc>Logs the given message with the given level.</doc>
<status status="PASS" start="2024-05-20T15:15:51.426701" elapsed="0.000406"/>
</kw>
<kw name="Log" owner="BuiltIn">
<msg time="2024-05-20T15:15:51.427529" level="INFO">name</msg>
<arg>${key}</arg>
<doc>Logs the given message with the given level.</doc>
<status status="PASS" start="2024-05-20T15:15:51.427403" elapsed="0.000164"/>
</kw>
<var name="${key}">name</var>
<status status="PASS" start="2024-05-20T15:15:51.425847" elapsed="0.001932"/>
</iter>
<iter>
<kw name="Dictionary Should Contain Key" owner="Collections">
<msg time="2024-05-20T15:15:51.428488" level="INFO">False</msg>
<arg>${json_data['results'][0]}</arg>
<arg>${key}</arg>
<doc>Fails if ``key`` is not found from ``dictionary``.</doc>
<status status="PASS" start="2024-05-20T15:15:51.428071" elapsed="0.000454"/>
</kw>
<kw name="Log" owner="BuiltIn">
<msg time="2024-05-20T15:15:51.429182" level="INFO">{'gender': 'male', 'name': {'title': 'Mr', 'first': 'Jimi', 'last': 'Huhta'}, 'location': {'street': {'number': 8464, 'name': 'Verkatehtaankatu'}, 'city': 'Kemijärvi', 'state': 'Northern Savonia', 'country': 'Finland', 'postcode': 56018, 'coordinates': {'latitude': '-24.6552', 'longitude': '-73.6320'}, 'timezone': {'offset': '-3:30', 'description': 'Newfoundland'}}, 'email': 'jimi.huhta@example.com', 'login': {'uuid': '524df468-9fac-4f57-b858-e001e7f29214', 'username': 'goldenleopard935', 'password': 'kimmie', 'salt': 'L0QW0tDS', 'md5': '43514874e8cd5d64c5a12038cee65163', 'sha1': 'bcf80273c7c410c493e78896aef389545c77eb5c', 'sha256': 'e20111e97d1ab841817e1c760ec3abc4516593d1ee6400f54915b01b499488a1'}, 'dob': {'date': '1944-10-30T15:54:11.266Z', 'age': 79}, 'registered': {'date': '2003-05-30T19:58:47.723Z', 'age': 20}, 'phone': '09-491-610', 'cell': '042-490-39-41', 'id': {'name': 'HETU', 'value': 'NaNNA181undefined'}, 'picture': {'large': 'https://randomuser.me/api/portraits/men/7.jpg', 'medium': 'https://randomuser.me/api/portraits/med/men/7.jpg', 'thumbnail': 'https://randomuser.me/api/portraits/thumb/men/7.jpg'}, 'nat': 'FI'}</msg>
<arg>${json_data['results'][0]}</arg>
<doc>Logs the given message with the given level.</doc>
<status status="PASS" start="2024-05-20T15:15:51.428826" elapsed="0.000405"/>
</kw>
<kw name="Log" owner="BuiltIn">
<msg time="2024-05-20T15:15:51.429645" level="INFO">location</msg>
<arg>${key}</arg>
<doc>Logs the given message with the given level.</doc>
<status status="PASS" start="2024-05-20T15:15:51.429522" elapsed="0.000160"/>
</kw>
<var name="${key}">location</var>
<status status="PASS" start="2024-05-20T15:15:51.427959" elapsed="0.001946"/>
</iter>
<iter>
<kw name="Dictionary Should Contain Key" owner="Collections">
<msg time="2024-05-20T15:15:51.430570" level="INFO">False</msg>
<arg>${json_data['results'][0]}</arg>
<arg>${key}</arg>
<doc>Fails if ``key`` is not found from ``dictionary``.</doc>
<status status="PASS" start="2024-05-20T15:15:51.430191" elapsed="0.000417"/>
</kw>
<kw name="Log" owner="BuiltIn">
<msg time="2024-05-20T15:15:51.431258" level="INFO">{'gender': 'male', 'name': {'title': 'Mr', 'first': 'Jimi', 'last': 'Huhta'}, 'location': {'street': {'number': 8464, 'name': 'Verkatehtaankatu'}, 'city': 'Kemijärvi', 'state': 'Northern Savonia', 'country': 'Finland', 'postcode': 56018, 'coordinates': {'latitude': '-24.6552', 'longitude': '-73.6320'}, 'timezone': {'offset': '-3:30', 'description': 'Newfoundland'}}, 'email': 'jimi.huhta@example.com', 'login': {'uuid': '524df468-9fac-4f57-b858-e001e7f29214', 'username': 'goldenleopard935', 'password': 'kimmie', 'salt': 'L0QW0tDS', 'md5': '43514874e8cd5d64c5a12038cee65163', 'sha1': 'bcf80273c7c410c493e78896aef389545c77eb5c', 'sha256': 'e20111e97d1ab841817e1c760ec3abc4516593d1ee6400f54915b01b499488a1'}, 'dob': {'date': '1944-10-30T15:54:11.266Z', 'age': 79}, 'registered': {'date': '2003-05-30T19:58:47.723Z', 'age': 20}, 'phone': '09-491-610', 'cell': '042-490-39-41', 'id': {'name': 'HETU', 'value': 'NaNNA181undefined'}, 'picture': {'large': 'https://randomuser.me/api/portraits/men/7.jpg', 'medium': 'https://randomuser.me/api/portraits/med/men/7.jpg', 'thumbnail': 'https://randomuser.me/api/portraits/thumb/men/7.jpg'}, 'nat': 'FI'}</msg>
<arg>${json_data['results'][0]}</arg>
<doc>Logs the given message with the given level.</doc>
<status status="PASS" start="2024-05-20T15:15:51.430902" elapsed="0.000406"/>
</kw>
<kw name="Log" owner="BuiltIn">
<msg time="2024-05-20T15:15:51.431727" level="INFO">email</msg>
<arg>${key}</arg>
<doc>Logs the given message with the given level.</doc>
<status status="PASS" start="2024-05-20T15:15:51.431601" elapsed="0.000164"/>
</kw>
<var name="${key}">email</var>
<status status="PASS" start="2024-05-20T15:15:51.430079" elapsed="0.001912"/>
</iter>
<iter>
<kw name="Dictionary Should Contain Key" owner="Collections">
<msg time="2024-05-20T15:15:51.432699" level="INFO">False</msg>
<arg>${json_data['results'][0]}</arg>
<arg>${key}</arg>
<doc>Fails if ``key`` is not found from ``dictionary``.</doc>
<status status="PASS" start="2024-05-20T15:15:51.432315" elapsed="0.000422"/>
</kw>
<kw name="Log" owner="BuiltIn">
<msg time="2024-05-20T15:15:51.433391" level="INFO">{'gender': 'male', 'name': {'title': 'Mr', 'first': 'Jimi', 'last': 'Huhta'}, 'location': {'street': {'number': 8464, 'name': 'Verkatehtaankatu'}, 'city': 'Kemijärvi', 'state': 'Northern Savonia', 'country': 'Finland', 'postcode': 56018, 'coordinates': {'latitude': '-24.6552', 'longitude': '-73.6320'}, 'timezone': {'offset': '-3:30', 'description': 'Newfoundland'}}, 'email': 'jimi.huhta@example.com', 'login': {'uuid': '524df468-9fac-4f57-b858-e001e7f29214', 'username': 'goldenleopard935', 'password': 'kimmie', 'salt': 'L0QW0tDS', 'md5': '43514874e8cd5d64c5a12038cee65163', 'sha1': 'bcf80273c7c410c493e78896aef389545c77eb5c', 'sha256': 'e20111e97d1ab841817e1c760ec3abc4516593d1ee6400f54915b01b499488a1'}, 'dob': {'date': '1944-10-30T15:54:11.266Z', 'age': 79}, 'registered': {'date': '2003-05-30T19:58:47.723Z', 'age': 20}, 'phone': '09-491-610', 'cell': '042-490-39-41', 'id': {'name': 'HETU', 'value': 'NaNNA181undefined'}, 'picture': {'large': 'https://randomuser.me/api/portraits/men/7.jpg', 'medium': 'https://randomuser.me/api/portraits/med/men/7.jpg', 'thumbnail': 'https://randomuser.me/api/portraits/thumb/men/7.jpg'}, 'nat': 'FI'}</msg>
<arg>${json_data['results'][0]}</arg>
<doc>Logs the given message with the given level.</doc>
<status status="PASS" start="2024-05-20T15:15:51.433032" elapsed="0.000409"/>
</kw>
<kw name="Log" owner="BuiltIn">
<msg time="2024-05-20T15:15:51.433871" level="INFO">login</msg>
<arg>${key}</arg>
<doc>Logs the given message with the given level.</doc>
<status status="PASS" start="2024-05-20T15:15:51.433745" elapsed="0.000163"/>
</kw>
<var name="${key}">login</var>
<status status="PASS" start="2024-05-20T15:15:51.432199" elapsed="0.001932"/>
</iter>
<var>${key}</var>
<value>@{expected_keys}</value>
<status status="PASS" start="2024-05-20T15:15:51.423443" elapsed="0.010838"/>
</for>
<kw name="Create List" owner="BuiltIn">
<msg time="2024-05-20T15:15:51.434622" level="INFO">${expected_keysTwo} = ['username', 'password']</msg>
<var>${expected_keysTwo}</var>
<arg>username</arg>
<arg>password</arg>
<doc>Returns a list containing given items.</doc>
<status status="PASS" start="2024-05-20T15:15:51.434487" elapsed="0.000159"/>
</kw>
<for flavor="IN">
<iter>
<kw name="Dictionary Should Contain Key" owner="Collections">
<msg time="2024-05-20T15:15:51.435541" level="INFO">False</msg>
<arg>${json_data['results'][0]['login']}</arg>
<arg>${keyTwo}</arg>
<doc>Fails if ``key`` is not found from ``dictionary``.</doc>
<status status="PASS" start="2024-05-20T15:15:51.435156" elapsed="0.000422"/>
</kw>
<kw name="Dictionary Should Contain Key" owner="Collections">
<msg time="2024-05-20T15:15:51.436295" level="INFO">False</msg>
<arg>${json_data['results'][0]['login']}</arg>
<arg>${keyTwo}</arg>
<doc>Fails if ``key`` is not found from ``dictionary``.</doc>
<status status="PASS" start="2024-05-20T15:15:51.435874" elapsed="0.000460"/>
</kw>
<kw name="Log" owner="BuiltIn">
<msg time="2024-05-20T15:15:51.436762" level="INFO">username</msg>
<arg>${keyTwo}</arg>
<doc>Logs the given message with the given level.</doc>
<status status="PASS" start="2024-05-20T15:15:51.436635" elapsed="0.000169"/>
</kw>
<var name="${keyTwo}">username</var>
<status status="PASS" start="2024-05-20T15:15:51.435045" elapsed="0.001981"/>
</iter>
<iter>
<kw name="Dictionary Should Contain Key" owner="Collections">
<msg time="2024-05-20T15:15:51.437684" level="INFO">False</msg>
<arg>${json_data['results'][0]['login']}</arg>
<arg>${keyTwo}</arg>
<doc>Fails if ``key`` is not found from ``dictionary``.</doc>
<status status="PASS" start="2024-05-20T15:15:51.437308" elapsed="0.000413"/>
</kw>
<kw name="Dictionary Should Contain Key" owner="Collections">
<msg time="2024-05-20T15:15:51.438478" level="INFO">False</msg>
<arg>${json_data['results'][0]['login']}</arg>
<arg>${keyTwo}</arg>
<doc>Fails if ``key`` is not found from ``dictionary``.</doc>
<status status="PASS" start="2024-05-20T15:15:51.438015" elapsed="0.000502"/>
</kw>
<kw name="Log" owner="BuiltIn">
<msg time="2024-05-20T15:15:51.438946" level="INFO">password</msg>
<arg>${keyTwo}</arg>
<doc>Logs the given message with the given level.</doc>
<status status="PASS" start="2024-05-20T15:15:51.438816" elapsed="0.000168"/>
</kw>
<var name="${keyTwo}">password</var>
<status status="PASS" start="2024-05-20T15:15:51.437198" elapsed="0.002006"/>
</iter>
<var>${keyTwo}</var>
<value>@{expected_keysTwo}</value>
<status status="PASS" start="2024-05-20T15:15:51.434890" elapsed="0.004437"/>
</for>
<status status="PASS" start="2024-05-20T15:15:51.324678" elapsed="0.114794"/>
</kw>
<doc>Testa a estrutura da resposta da API.</doc>
<tag>testeEstruturaResposta</tag>
<status status="PASS" start="2024-05-20T15:15:51.324107" elapsed="0.115529"/>
</test>
<test id="s1-s1-t4" name="Validar tipos de dados" line="28">
<kw name="Teste de Tipos de Dados" owner="random-user-service">
<kw name="GET On Session" owner="RequestsLibrary">
<msg time="2024-05-20T15:15:51.521537" level="INFO">GET Request : url=https://randomuser.me/api 
 path_url=/api 
 headers={'User-Agent': 'python-requests/2.31.0', 'Accept-Encoding': 'gzip, deflate', 'Accept': '*/*', 'Connection': 'keep-alive'} 
 body=None 
 </msg>
<msg time="2024-05-20T15:15:51.521644" level="INFO">GET Response : url=https://randomuser.me/api 
 status=200, reason=OK 
 headers={'Date': 'Mon, 20 May 2024 15:15:51 GMT', 'Content-Type': 'application/json; charset=utf-8', 'Transfer-Encoding': 'chunked', 'Connection': 'keep-alive', 'X-Powered-By': 'Express', 'Access-Control-Allow-Origin': '*', 'Cache-Control': 'no-cache', 'ETag': 'W/"47e-K9F8S/IZ/a/spmYaSG42C/CrtKs"', 'Vary': 'Accept-Encoding', 'Content-Encoding': 'gzip', 'CF-Cache-Status': 'DYNAMIC', 'Report-To': '{"endpoints":[{"url":"https:\\/\\/a.nel.cloudflare.com\\/report\\/v4?s=hQCVmdkZYLlIq1DCgC8EochR1CqrkBSzolH2l4dCviTNGtw7ZmIWijtjZK7Vc67pBkPMzg4P8SZqMIcTy10TOYCTIPOU7jaKRe5YUGg6cLlOfjTM9uThRSyArz0jbo1Q"}],"group":"cf-nel","max_age":604800}', 'NEL': '{"success_fraction":0,"report_to":"cf-nel","max_age":604800}', 'Server': 'cloudflare', 'CF-RAY': '886d48d699b957b5-IAD', 'alt-svc': 'h3=":443"; ma=86400'} 
 body={"results":[{"gender":"male","name":{"title":"Mr","first":"Joel","last":"Hegna"},"location":{"street":{"number":700,"name":"Herbernveien"},"city":"Øksfjord","state":"Aust-Agder","country":"Norway","postcode":"6967","coordinates":{"latitude":"40.4671","longitude":"-26.8826"},"timezone":{"offset":"+5:30","description":"Bombay, Calcutta, Madras, New Delhi"}},"email":"joel.hegna@example.com","login":{"uuid":"65b15f1b-face-48a9-8e44-d0df942b833b","username":"brownfish840","password":"talisman","salt":"7QX6GMKa","md5":"f1a67040ba43b84af374d016510a0723","sha1":"6010924a2014ba05eefd22be7f4fe5e4e8bece42","sha256":"a2835a1a16c4cd870e5a9cb4b83181de5fa9fdd7f58a4675c7989d9bdb16d9df"},"dob":{"date":"1945-10-30T02:31:13.268Z","age":78},"registered":{"date":"2019-08-22T10:57:43.875Z","age":4},"phone":"63165127","cell":"47903148","id":{"name":"FN","value":"30104513502"},"picture":{"large":"https://randomuser.me/api/portraits/men/99.jpg","medium":"https://randomuser.me/api/portraits/med/men/99.jpg","thumbnail":"https://randomuser.me/api/portraits/thumb/men/99.jpg"},"nat":"NO"}],"info":{"seed":"bb3758015e940f2c","results":1,"page":1,"version":"1.4"}} 
 </msg>
<msg time="2024-05-20T15:15:51.521725" level="INFO">/opt/hostedtoolcache/Python/3.12.3/x64/lib/python3.12/site-packages/urllib3/connectionpool.py:1103: InsecureRequestWarning: Unverified HTTPS request is being made to host 'randomuser.me'. Adding certificate verification is strongly advised. See: https://urllib3.readthedocs.io/en/latest/advanced-usage.html#tls-warnings
  warnings.warn(</msg>
<msg time="2024-05-20T15:15:51.521868" level="INFO">${response} = &lt;Response [200]&gt;</msg>
<var>${response}</var>
<arg>consultarAPI</arg>
<arg>/api</arg>
<doc>Sends a GET request on a previously created HTTP Session.</doc>
<status status="PASS" start="2024-05-20T15:15:51.442261" elapsed="0.079638"/>
</kw>
<kw name="Set Variable" owner="BuiltIn">
<msg time="2024-05-20T15:15:51.522945" level="INFO">${json_data} = {'results': [{'gender': 'male', 'name': {'title': 'Mr', 'first': 'Joel', 'last': 'Hegna'}, 'location': {'street': {'number': 700, 'name': 'Herbernveien'}, 'city': 'Øksfjord', 'state': 'Aust-Agder', 'c...</msg>
<var>${json_data}</var>
<arg>${response.json()}</arg>
<doc>Returns the given values which can then be assigned to a variables.</doc>
<status status="PASS" start="2024-05-20T15:15:51.522426" elapsed="0.000549"/>
</kw>
<kw name="Log" owner="BuiltIn">
<msg time="2024-05-20T15:15:51.523445" level="INFO">{'results': [{'gender': 'male', 'name': {'title': 'Mr', 'first': 'Joel', 'last': 'Hegna'}, 'location': {'street': {'number': 700, 'name': 'Herbernveien'}, 'city': 'Øksfjord', 'state': 'Aust-Agder', 'country': 'Norway', 'postcode': '6967', 'coordinates': {'latitude': '40.4671', 'longitude': '-26.8826'}, 'timezone': {'offset': '+5:30', 'description': 'Bombay, Calcutta, Madras, New Delhi'}}, 'email': 'joel.hegna@example.com', 'login': {'uuid': '65b15f1b-face-48a9-8e44-d0df942b833b', 'username': 'brownfish840', 'password': 'talisman', 'salt': '7QX6GMKa', 'md5': 'f1a67040ba43b84af374d016510a0723', 'sha1': '6010924a2014ba05eefd22be7f4fe5e4e8bece42', 'sha256': 'a2835a1a16c4cd870e5a9cb4b83181de5fa9fdd7f58a4675c7989d9bdb16d9df'}, 'dob': {'date': '1945-10-30T02:31:13.268Z', 'age': 78}, 'registered': {'date': '2019-08-22T10:57:43.875Z', 'age': 4}, 'phone': '63165127', 'cell': '47903148', 'id': {'name': 'FN', 'value': '30104513502'}, 'picture': {'large': 'https://randomuser.me/api/portraits/men/99.jpg', 'medium': 'https://randomuser.me/api/portraits/med/men/99.jpg', 'thumbnail': 'https://randomuser.me/api/portraits/thumb/men/99.jpg'}, 'nat': 'NO'}], 'info': {'seed': 'bb3758015e940f2c', 'results': 1, 'page': 1, 'version': '1.4'}}</msg>
<arg>${json_data}</arg>
<doc>Logs the given message with the given level.</doc>
<status status="PASS" start="2024-05-20T15:15:51.523287" elapsed="0.000245"/>
</kw>
<kw name="Should Be String" owner="String">
<arg>${json_data['results'][0]['gender']}</arg>
<doc>Fails if the given ``item`` is not a string.</doc>
<status status="PASS" start="2024-05-20T15:15:51.523833" elapsed="0.000407"/>
</kw>
<kw name="Should Match Regexp" owner="BuiltIn">
<arg>${json_data['results'][0]['email']}</arg>
<arg>^[a-zA-Z0-9._%+-]+@[a-zA-Z0-9.-]+\.[a-zA-Z]{2,}$</arg>
<doc>Fails if ``string`` does not match ``pattern`` as a regular expression.</doc>
<status status="PASS" start="2024-05-20T15:15:51.524442" elapsed="0.000521"/>
</kw>
<kw name="Should Match Regexp" owner="BuiltIn">
<arg>${json_data['results'][0]['dob']['date']}</arg>
<arg>\\d{4}-\\d{2}-\\d{2}T\\d{2}:\\d{2}:\\d{2}\\.\\d{3}Z</arg>
<doc>Fails if ``string`` does not match ``pattern`` as a regular expression.</doc>
<status status="PASS" start="2024-05-20T15:15:51.525159" elapsed="0.000491"/>
</kw>
<kw name="Should Match Regexp" owner="BuiltIn">
<arg>${json_data['results'][0]['registered']['date']}</arg>
<arg>\\d{4}-\\d{2}-\\d{2}T\\d{2}:\\d{2}:\\d{2}\\.\\d{3}Z</arg>
<doc>Fails if ``string`` does not match ``pattern`` as a regular expression.</doc>
<status status="PASS" start="2024-05-20T15:15:51.525843" elapsed="0.000365"/>
</kw>
<kw name="Should Match Regexp" owner="BuiltIn">
<arg>${json_data['results'][0]['picture']['large']}</arg>
<arg>^https?://.*\.(?:png|jpe?g|gif|bmp)$</arg>
<doc>Fails if ``string`` does not match ``pattern`` as a regular expression.</doc>
<status status="PASS" start="2024-05-20T15:15:51.526396" elapsed="0.000470"/>
</kw>
<kw name="Should Match Regexp" owner="BuiltIn">
<arg>${json_data['results'][0]['picture']['medium']}</arg>
<arg>^https?://.*\.(?:png|jpe?g|gif|bmp)$</arg>
<doc>Fails if ``string`` does not match ``pattern`` as a regular expression.</doc>
<status status="PASS" start="2024-05-20T15:15:51.527057" elapsed="0.000359"/>
</kw>
<kw name="Should Match Regexp" owner="BuiltIn">
<arg>${json_data['results'][0]['picture']['thumbnail']}</arg>
<arg>^https?://.*\.(?:png|jpe?g|gif|bmp)$</arg>
<doc>Fails if ``string`` does not match ``pattern`` as a regular expression.</doc>
<status status="PASS" start="2024-05-20T15:15:51.527612" elapsed="0.000352"/>
</kw>
<kw name="Log" owner="BuiltIn">
<msg time="2024-05-20T15:15:51.528502" level="INFO">{'large': 'https://randomuser.me/api/portraits/men/99.jpg', 'medium': 'https://randomuser.me/api/portraits/med/men/99.jpg', 'thumbnail': 'https://randomuser.me/api/portraits/thumb/men/99.jpg'}</msg>
<arg>${json_data['results'][0]['picture']}</arg>
<doc>Logs the given message with the given level.</doc>
<status status="PASS" start="2024-05-20T15:15:51.528172" elapsed="0.000373"/>
</kw>
<status status="PASS" start="2024-05-20T15:15:51.442025" elapsed="0.086786"/>
</kw>
<kw name="Teste de Tipos de Dados - Postcode" owner="random-user-service">
<kw name="GET On Session" owner="RequestsLibrary">
<msg time="2024-05-20T15:15:51.656204" level="INFO">GET Request : url=https://randomuser.me/api 
 path_url=/api 
 headers={'User-Agent': 'python-requests/2.31.0', 'Accept-Encoding': 'gzip, deflate', 'Accept': '*/*', 'Connection': 'keep-alive'} 
 body=None 
 </msg>
<msg time="2024-05-20T15:15:51.656325" level="INFO">GET Response : url=https://randomuser.me/api 
 status=200, reason=OK 
 headers={'Date': 'Mon, 20 May 2024 15:15:51 GMT', 'Content-Type': 'application/json; charset=utf-8', 'Transfer-Encoding': 'chunked', 'Connection': 'keep-alive', 'X-Powered-By': 'Express', 'Access-Control-Allow-Origin': '*', 'Cache-Control': 'no-cache', 'ETag': 'W/"49f-tCqFeZ67iZVAD4T8FRTqFbR9l9g"', 'Vary': 'Accept-Encoding', 'Content-Encoding': 'gzip', 'CF-Cache-Status': 'DYNAMIC', 'Report-To': '{"endpoints":[{"url":"https:\\/\\/a.nel.cloudflare.com\\/report\\/v4?s=9PLVyDpLefMW9svlyfX3WwAIbpkKHk32nrdRkDI4fxhPnMVlMZiGE1AE%2Fmh4LP5iiJy5SrbmjakWvYzNknFLCVrzIhLvndf1FFHwn5dzOFhKQogvoZk8nAg7OMvn%2FbfD"}],"group":"cf-nel","max_age":604800}', 'NEL': '{"success_fraction":0,"report_to":"cf-nel","max_age":604800}', 'Server': 'cloudflare', 'CF-RAY': '886d48d71a4157b5-IAD', 'alt-svc': 'h3=":443"; ma=86400'} 
 body={"results":[{"gender":"female","name":{"title":"Mrs","first":"Amelia","last":"Cedillo"},"location":{"street":{"number":5985,"name":"Corredor Sevilla"},"city":"San Nicolás","state":"San Luis Potosí","country":"Mexico","postcode":22621,"coordinates":{"latitude":"27.7999","longitude":"34.2600"},"timezone":{"offset":"+6:00","description":"Almaty, Dhaka, Colombo"}},"email":"amelia.cedillo@example.com","login":{"uuid":"135c98bb-2d97-46b3-9f63-6c2fb36ed8bf","username":"browngorilla830","password":"haley","salt":"YKBxRmJ9","md5":"91185ebeaacedce779a3b3009750b11d","sha1":"d14b19c6ae15a971bd17f634703543ee96106ca4","sha256":"79fb342f3a24ca5d86da14ad215d30dd871d5c5fdcd9a3d14162e0fc1ba79b75"},"dob":{"date":"1951-12-18T01:22:21.845Z","age":72},"registered":{"date":"2021-08-26T15:36:58.614Z","age":2},"phone":"(624) 985 6988","cell":"(696) 376 2115","id":{"name":"NSS","value":"77 71 04 8936 2"},"picture":{"large":"https://randomuser.me/api/portraits/women/71.jpg","medium":"https://randomuser.me/api/portraits/med/women/71.jpg","thumbnail":"https://randomuser.me/api/portraits/thumb/women/71.jpg"},"nat":"MX"}],"info":{"seed":"a8cc7462895ef085","results":1,"page":1,"version":"1.4"}} 
 </msg>
<msg time="2024-05-20T15:15:51.656416" level="INFO">/opt/hostedtoolcache/Python/3.12.3/x64/lib/python3.12/site-packages/urllib3/connectionpool.py:1103: InsecureRequestWarning: Unverified HTTPS request is being made to host 'randomuser.me'. Adding certificate verification is strongly advised. See: https://urllib3.readthedocs.io/en/latest/advanced-usage.html#tls-warnings
  warnings.warn(</msg>
<msg time="2024-05-20T15:15:51.656579" level="INFO">${response} = &lt;Response [200]&gt;</msg>
<var>${response}</var>
<arg>consultarAPI</arg>
<arg>/api</arg>
<doc>Sends a GET request on a previously created HTTP Session.</doc>
<status status="PASS" start="2024-05-20T15:15:51.529277" elapsed="0.127341"/>
</kw>
<kw name="Set Variable" owner="BuiltIn">
<msg time="2024-05-20T15:15:51.657661" level="INFO">${json_data} = {'results': [{'gender': 'female', 'name': {'title': 'Mrs', 'first': 'Amelia', 'last': 'Cedillo'}, 'location': {'street': {'number': 5985, 'name': 'Corredor Sevilla'}, 'city': 'San Nicolás', 'state': '...</msg>
<var>${json_data}</var>
<arg>${response.json()}</arg>
<doc>Returns the given values which can then be assigned to a variables.</doc>
<status status="PASS" start="2024-05-20T15:15:51.657133" elapsed="0.000559"/>
</kw>
<kw name="Log" owner="BuiltIn">
<msg time="2024-05-20T15:15:51.658157" level="INFO">{'results': [{'gender': 'female', 'name': {'title': 'Mrs', 'first': 'Amelia', 'last': 'Cedillo'}, 'location': {'street': {'number': 5985, 'name': 'Corredor Sevilla'}, 'city': 'San Nicolás', 'state': 'San Luis Potosí', 'country': 'Mexico', 'postcode': 22621, 'coordinates': {'latitude': '27.7999', 'longitude': '34.2600'}, 'timezone': {'offset': '+6:00', 'description': 'Almaty, Dhaka, Colombo'}}, 'email': 'amelia.cedillo@example.com', 'login': {'uuid': '135c98bb-2d97-46b3-9f63-6c2fb36ed8bf', 'username': 'browngorilla830', 'password': 'haley', 'salt': 'YKBxRmJ9', 'md5': '91185ebeaacedce779a3b3009750b11d', 'sha1': 'd14b19c6ae15a971bd17f634703543ee96106ca4', 'sha256': '79fb342f3a24ca5d86da14ad215d30dd871d5c5fdcd9a3d14162e0fc1ba79b75'}, 'dob': {'date': '1951-12-18T01:22:21.845Z', 'age': 72}, 'registered': {'date': '2021-08-26T15:36:58.614Z', 'age': 2}, 'phone': '(624) 985 6988', 'cell': '(696) 376 2115', 'id': {'name': 'NSS', 'value': '77 71 04 8936 2'}, 'picture': {'large': 'https://randomuser.me/api/portraits/women/71.jpg', 'medium': 'https://randomuser.me/api/portraits/med/women/71.jpg', 'thumbnail': 'https://randomuser.me/api/portraits/thumb/women/71.jpg'}, 'nat': 'MX'}], 'info': {'seed': 'a8cc7462895ef085', 'results': 1, 'page': 1, 'version': '1.4'}}</msg>
<arg>${json_data}</arg>
<doc>Logs the given message with the given level.</doc>
<status status="PASS" start="2024-05-20T15:15:51.657998" elapsed="0.000246"/>
</kw>
<kw name="Should Be Equal As Numbers" owner="BuiltIn">
<arg>${json_data['results'][0]['location']['postcode']}</arg>
<arg>${json_data['results'][0]['location']['postcode']}</arg>
<doc>Fails if objects are unequal after converting them to real numbers.</doc>
<status status="PASS" start="2024-05-20T15:15:51.658548" elapsed="0.000810"/>
</kw>
<kw name="Log" owner="BuiltIn">
<msg time="2024-05-20T15:15:51.659891" level="INFO">22621</msg>
<arg>${json_data['results'][0]['location']['postcode']}</arg>
<doc>Logs the given message with the given level.</doc>
<status status="PASS" start="2024-05-20T15:15:51.659555" elapsed="0.000377"/>
</kw>
<status status="PASS" start="2024-05-20T15:15:51.529044" elapsed="0.131178"/>
</kw>
<doc>Testa se os tipos de dados na resposta da API estão corretos.</doc>
<tag>testeTiposDados</tag>
<status status="PASS" start="2024-05-20T15:15:51.441482" elapsed="0.218914"/>
</test>
<test id="s1-s1-t5" name="Validar conteudo" line="35">
<kw name="Teste de Tipos de Conteudo" owner="random-user-service">
<kw name="GET On Session" owner="RequestsLibrary">
<msg time="2024-05-20T15:15:51.738305" level="INFO">GET Request : url=https://randomuser.me/api 
 path_url=/api 
 headers={'User-Agent': 'python-requests/2.31.0', 'Accept-Encoding': 'gzip, deflate', 'Accept': '*/*', 'Connection': 'keep-alive'} 
 body=None 
 </msg>
<msg time="2024-05-20T15:15:51.738423" level="INFO">GET Response : url=https://randomuser.me/api 
 status=200, reason=OK 
 headers={'Date': 'Mon, 20 May 2024 15:15:51 GMT', 'Content-Type': 'application/json; charset=utf-8', 'Transfer-Encoding': 'chunked', 'Connection': 'keep-alive', 'X-Powered-By': 'Express', 'Access-Control-Allow-Origin': '*', 'Cache-Control': 'no-cache', 'ETag': 'W/"47c-4ApomDeryyQ3f9UTRLLjj76qFGE"', 'Vary': 'Accept-Encoding', 'Content-Encoding': 'gzip', 'CF-Cache-Status': 'DYNAMIC', 'Report-To': '{"endpoints":[{"url":"https:\\/\\/a.nel.cloudflare.com\\/report\\/v4?s=WkAiwBQ%2Bxs9ra3QmvBB%2FuS4gPjtEKfbi7WPds1iiZZduAU96mHb651V4NjeK2qRxuudPAAW1QPOk0YywbTrH6TZJhJQUh2o0QS5kdB56GOW68azhq5fzB5BtPtnsglys"}],"group":"cf-nel","max_age":604800}', 'NEL': '{"success_fraction":0,"report_to":"cf-nel","max_age":604800}', 'Server': 'cloudflare', 'CF-RAY': '886d48d7fb1357b5-IAD', 'alt-svc': 'h3=":443"; ma=86400'} 
 body={"results":[{"gender":"female","name":{"title":"Ms","first":"Malou","last":"Olsen"},"location":{"street":{"number":2524,"name":"Energivej"},"city":"Amager","state":"Danmark","country":"Denmark","postcode":78412,"coordinates":{"latitude":"-43.7358","longitude":"42.0014"},"timezone":{"offset":"+4:00","description":"Abu Dhabi, Muscat, Baku, Tbilisi"}},"email":"malou.olsen@example.com","login":{"uuid":"9aea4210-cfbb-422f-b7ed-380d21fe4248","username":"smallduck593","password":"tinker","salt":"0TRlk0QC","md5":"2fe9bc5992aeced5640d0d7fe65ff0c1","sha1":"33d08802eecb985b2319a98dff77eff6feee0a83","sha256":"25bca5aae05b0411e6985635593f48fda826402acc664dc07e34e80f1750d484"},"dob":{"date":"1944-11-24T23:13:19.015Z","age":79},"registered":{"date":"2019-10-17T17:48:00.135Z","age":4},"phone":"09921254","cell":"01543976","id":{"name":"CPR","value":"241144-9478"},"picture":{"large":"https://randomuser.me/api/portraits/women/14.jpg","medium":"https://randomuser.me/api/portraits/med/women/14.jpg","thumbnail":"https://randomuser.me/api/portraits/thumb/women/14.jpg"},"nat":"DK"}],"info":{"seed":"69a556a9b11374ce","results":1,"page":1,"version":"1.4"}} 
 </msg>
<msg time="2024-05-20T15:15:51.738513" level="INFO">/opt/hostedtoolcache/Python/3.12.3/x64/lib/python3.12/site-packages/urllib3/connectionpool.py:1103: InsecureRequestWarning: Unverified HTTPS request is being made to host 'randomuser.me'. Adding certificate verification is strongly advised. See: https://urllib3.readthedocs.io/en/latest/advanced-usage.html#tls-warnings
  warnings.warn(</msg>
<msg time="2024-05-20T15:15:51.738672" level="INFO">${response} = &lt;Response [200]&gt;</msg>
<var>${response}</var>
<arg>consultarAPI</arg>
<arg>/api</arg>
<doc>Sends a GET request on a previously created HTTP Session.</doc>
<status status="PASS" start="2024-05-20T15:15:51.662803" elapsed="0.075907"/>
</kw>
<kw name="Set Variable" owner="BuiltIn">
<msg time="2024-05-20T15:15:51.739923" level="INFO">${json_data} = {'results': [{'gender': 'female', 'name': {'title': 'Ms', 'first': 'Malou', 'last': 'Olsen'}, 'location': {'street': {'number': 2524, 'name': 'Energivej'}, 'city': 'Amager', 'state': 'Danmark', 'count...</msg>
<var>${json_data}</var>
<arg>${response.json()}</arg>
<doc>Returns the given values which can then be assigned to a variables.</doc>
<status status="PASS" start="2024-05-20T15:15:51.739279" elapsed="0.000676"/>
</kw>
<kw name="Set Variable" owner="BuiltIn">
<msg time="2024-05-20T15:15:51.740807" level="INFO">${name_title} = Ms</msg>
<var>${name_title}</var>
<arg>${json_data["results"][0]["name"]["title"]}</arg>
<doc>Returns the given values which can then be assigned to a variables.</doc>
<status status="PASS" start="2024-05-20T15:15:51.740344" elapsed="0.000489"/>
</kw>
<kw name="Create List" owner="BuiltIn">
<msg time="2024-05-20T15:15:51.741306" level="INFO">${allowed_titles} = ['Mr', 'Ms', 'Miss', 'Mrs', 'Madame', 'Monsieur']</msg>
<var>${allowed_titles}</var>
<arg>Mr</arg>
<arg>Ms</arg>
<arg>Miss</arg>
<arg>Mrs</arg>
<arg>Madame</arg>
<arg>Monsieur</arg>
<doc>Returns a list containing given items.</doc>
<status status="PASS" start="2024-05-20T15:15:51.741150" elapsed="0.000182"/>
</kw>
<kw name="List Should Contain Value" owner="Collections">
<msg time="2024-05-20T15:15:51.741831" level="INFO">False</msg>
<arg>${allowed_titles}</arg>
<arg>${name_title}</arg>
<doc>Fails if the ``value`` is not found from ``list``.</doc>
<status status="PASS" start="2024-05-20T15:15:51.741648" elapsed="0.000220"/>
</kw>
<kw name="Set Variable" owner="BuiltIn">
<msg time="2024-05-20T15:15:51.742567" level="INFO">${name_country} = DK</msg>
<var>${name_country}</var>
<arg>${json_data["results"][0]["nat"]}</arg>
<doc>Returns the given values which can then be assigned to a variables.</doc>
<status status="PASS" start="2024-05-20T15:15:51.742165" elapsed="0.000427"/>
</kw>
<kw name="Create List" owner="BuiltIn">
<msg time="2024-05-20T15:15:51.743554" level="INFO">${list_country} = ['AD', 'AE', 'AF', 'AG', 'AI', 'AL', 'AM', 'AO', 'AQ', 'AR', 'AS', 'AT', 'AU', 'AW', 'AX', 'AZ', 'BA', 'BB', 'BD', 'BE', 'BF', 'BG', 'BH', 'BI', 'BJ', 'BL', 'BM', 'BN', 'BO', 'BQ', 'BR', 'BS', 'BT', '...</msg>
<var>${list_country}</var>
<arg>AD</arg>
<arg>AE</arg>
<arg>AF</arg>
<arg>AG</arg>
<arg>AI</arg>
<arg>AL</arg>
<arg>AM</arg>
<arg>AO</arg>
<arg>AQ</arg>
<arg>AR</arg>
<arg>AS</arg>
<arg>AT</arg>
<arg>AU</arg>
<arg>AW</arg>
<arg>AX</arg>
<arg>AZ</arg>
<arg>BA</arg>
<arg>BB</arg>
<arg>BD</arg>
<arg>BE</arg>
<arg>BF</arg>
<arg>BG</arg>
<arg>BH</arg>
<arg>BI</arg>
<arg>BJ</arg>
<arg>BL</arg>
<arg>BM</arg>
<arg>BN</arg>
<arg>BO</arg>
<arg>BQ</arg>
<arg>BR</arg>
<arg>BS</arg>
<arg>BT</arg>
<arg>BV</arg>
<arg>BW</arg>
<arg>BY</arg>
<arg>BZ</arg>
<arg>CA</arg>
<arg>CC</arg>
<arg>CD</arg>
<arg>CF</arg>
<arg>CG</arg>
<arg>CH</arg>
<arg>CI</arg>
<arg>CK</arg>
<arg>CL</arg>
<arg>CM</arg>
<arg>CN</arg>
<arg>CO</arg>
<arg>CR</arg>
<arg>CU</arg>
<arg>CV</arg>
<arg>CW</arg>
<arg>CX</arg>
<arg>CY</arg>
<arg>CZ</arg>
<arg>DE</arg>
<arg>DJ</arg>
<arg>DK</arg>
<arg>DM</arg>
<arg>DO</arg>
<arg>DZ</arg>
<arg>EC</arg>
<arg>EE</arg>
<arg>EG</arg>
<arg>EH</arg>
<arg>ER</arg>
<arg>ES</arg>
<arg>ET</arg>
<arg>FI</arg>
<arg>FJ</arg>
<arg>FK</arg>
<arg>FM</arg>
<arg>FO</arg>
<arg>FR</arg>
<arg>GA</arg>
<arg>GB</arg>
<arg>GD</arg>
<arg>GE</arg>
<arg>GF</arg>
<arg>GG</arg>
<arg>GH</arg>
<arg>GI</arg>
<arg>GL</arg>
<arg>GM</arg>
<arg>GN</arg>
<arg>GP</arg>
<arg>GQ</arg>
<arg>GR</arg>
<arg>GS</arg>
<arg>GT</arg>
<arg>GU</arg>
<arg>GW</arg>
<arg>GY</arg>
<arg>HK</arg>
<arg>HM</arg>
<arg>HN</arg>
<arg>HR</arg>
<arg>HT</arg>
<arg>HU</arg>
<arg>ID</arg>
<arg>IE</arg>
<arg>IL</arg>
<arg>IM</arg>
<arg>IN</arg>
<arg>IO</arg>
<arg>IQ</arg>
<arg>IR</arg>
<arg>IS</arg>
<arg>IT</arg>
<arg>JE</arg>
<arg>JM</arg>
<arg>JO</arg>
<arg>JP</arg>
<arg>KE</arg>
<arg>KG</arg>
<arg>KH</arg>
<arg>KI</arg>
<arg>KM</arg>
<arg>KN</arg>
<arg>KP</arg>
<arg>KR</arg>
<arg>KW</arg>
<arg>KY</arg>
<arg>KZ</arg>
<arg>LA</arg>
<arg>LB</arg>
<arg>LC</arg>
<arg>LI</arg>
<arg>LK</arg>
<arg>LR</arg>
<arg>LS</arg>
<arg>LT</arg>
<arg>LU</arg>
<arg>LV</arg>
<arg>LY</arg>
<arg>MA</arg>
<arg>MC</arg>
<arg>MD</arg>
<arg>ME</arg>
<arg>MF</arg>
<arg>MG</arg>
<arg>MH</arg>
<arg>MK</arg>
<arg>ML</arg>
<arg>MM</arg>
<arg>MN</arg>
<arg>MO</arg>
<arg>MP</arg>
<arg>MQ</arg>
<arg>MR</arg>
<arg>MS</arg>
<arg>MT</arg>
<arg>MU</arg>
<arg>MV</arg>
<arg>MW</arg>
<arg>MX</arg>
<arg>MY</arg>
<arg>MZ</arg>
<arg>NA</arg>
<arg>NC</arg>
<arg>NE</arg>
<arg>NF</arg>
<arg>NG</arg>
<arg>NI</arg>
<arg>NL</arg>
<arg>NO</arg>
<arg>NP</arg>
<arg>NR</arg>
<arg>NU</arg>
<arg>NZ</arg>
<arg>OM</arg>
<arg>PA</arg>
<arg>PE</arg>
<arg>PF</arg>
<arg>PG</arg>
<arg>PH</arg>
<arg>PK</arg>
<arg>PL</arg>
<arg>PM</arg>
<arg>PN</arg>
<arg>PR</arg>
<arg>PS</arg>
<arg>PT</arg>
<arg>PW</arg>
<arg>PY</arg>
<arg>QA</arg>
<arg>RE</arg>
<arg>RO</arg>
<arg>RS</arg>
<arg>RU</arg>
<arg>RW</arg>
<arg>SA</arg>
<arg>SB</arg>
<arg>SC</arg>
<arg>SD</arg>
<arg>SE</arg>
<arg>SG</arg>
<arg>SH</arg>
<arg>SI</arg>
<arg>SJ</arg>
<arg>SK</arg>
<arg>SL</arg>
<arg>SM</arg>
<arg>SN</arg>
<arg>SO</arg>
<arg>SR</arg>
<arg>SS</arg>
<arg>ST</arg>
<arg>SV</arg>
<arg>SX</arg>
<arg>SY</arg>
<arg>SZ</arg>
<arg>TC</arg>
<arg>TD</arg>
<arg>TF</arg>
<arg>TG</arg>
<arg>TH</arg>
<arg>TJ</arg>
<arg>TK</arg>
<arg>TL</arg>
<arg>TM</arg>
<arg>TN</arg>
<arg>TO</arg>
<arg>TR</arg>
<arg>TT</arg>
<arg>TV</arg>
<arg>TW</arg>
<arg>TZ</arg>
<arg>UA</arg>
<arg>UG</arg>
<arg>UM</arg>
<arg>US</arg>
<arg>UY</arg>
<arg>UZ</arg>
<arg>VA</arg>
<arg>VC</arg>
<arg>VE</arg>
<arg>VG</arg>
<arg>VI</arg>
<arg>VN</arg>
<arg>VU</arg>
<arg>WF</arg>
<arg>WS</arg>
<arg>XK</arg>
<arg>YE</arg>
<arg>YT</arg>
<arg>ZA</arg>
<arg>ZM</arg>
<arg>ZW</arg>
<doc>Returns a list containing given items.</doc>
<status status="PASS" start="2024-05-20T15:15:51.742896" elapsed="0.000684"/>
</kw>
<kw name="List Should Contain Value" owner="Collections">
<msg time="2024-05-20T15:15:51.744651" level="INFO">False</msg>
<arg>${list_country}</arg>
<arg>${name_country}</arg>
<doc>Fails if the ``value`` is not found from ``list``.</doc>
<status status="PASS" start="2024-05-20T15:15:51.744442" elapsed="0.000245"/>
</kw>
<kw name="Run Keyword If" owner="BuiltIn">
<kw name="Should Be True" owner="BuiltIn">
<arg>${True}</arg>
<doc>Fails if the given condition is not true.</doc>
<status status="PASS" start="2024-05-20T15:15:51.745767" elapsed="0.000142"/>
</kw>
<arg>${json_data["results"][0]["location"]["coordinates"]["latitude"]} &gt;= -90 and ${json_data["results"][0]["location"]["coordinates"]["latitude"]} &lt;= 90</arg>
<arg>Should Be True</arg>
<arg>${True}</arg>
<doc>Runs the given keyword with the given arguments, if ``condition`` is true.</doc>
<status status="PASS" start="2024-05-20T15:15:51.745002" elapsed="0.001032"/>
</kw>
<kw name="Run Keyword If" owner="BuiltIn">
<kw name="Should Be True" owner="BuiltIn">
<arg>${True}</arg>
<doc>Fails if the given condition is not true.</doc>
<status status="PASS" start="2024-05-20T15:15:51.746916" elapsed="0.000261"/>
</kw>
<arg>${json_data["results"][0]["location"]["coordinates"]["longitude"]} &gt;= -180 and ${json_data["results"][0]["location"]["coordinates"]["longitude"]} &lt;= 180</arg>
<arg>Should Be True</arg>
<arg>${True}</arg>
<doc>Runs the given keyword with the given arguments, if ``condition`` is true.</doc>
<status status="PASS" start="2024-05-20T15:15:51.746219" elapsed="0.001083"/>
</kw>
<status status="PASS" start="2024-05-20T15:15:51.662574" elapsed="0.084860"/>
</kw>
<doc>Testa o conteúdo específico dos campos retornados pela API.</doc>
<tag>testeConteudo</tag>
<status status="PASS" start="2024-05-20T15:15:51.662130" elapsed="0.085456"/>
</test>
<status status="PASS" start="2024-05-20T15:15:50.763377" elapsed="0.986218"/>
</suite>
<status status="PASS" start="2024-05-20T15:15:50.749359" elapsed="1.005442"/>
</suite>
<statistics>
<total>
<stat pass="5" fail="0" skip="0">All Tests</stat>
</total>
<tag>
<stat pass="1" fail="0" skip="0">testeConteudo</stat>
<stat pass="1" fail="0" skip="0">testeEstruturaResposta</stat>
<stat pass="1" fail="0" skip="0">testeRequisicaoBasica</stat>
<stat pass="1" fail="0" skip="0">testeTiposDados</stat>
</tag>
<suite>
<stat pass="5" fail="0" skip="0" id="s1" name="Tests">Tests</stat>
<stat pass="5" fail="0" skip="0" id="s1-s1" name="Random-User-Test">Tests.Random-User-Test</stat>
</suite>
</statistics>
<errors>
</errors>
</robot>
