<?xml version="1.0" encoding="UTF-8"?>
<robot generator="Robot 7.0 (Python 3.12.3 on linux)" generated="2024-06-05T04:20:08.103865" rpa="false" schemaversion="5">
<suite id="s1" name="Tests" source="/home/runner/work/ApiRandomUser/ApiRandomUser/RamdonUser/tests">
<suite id="s1-s1" name="Random-User-Test" source="/home/runner/work/ApiRandomUser/ApiRandomUser/RamdonUser/tests/random-user-test.robot">
<test id="s1-s1-t1" name="Conectar" line="13">
<kw name="Conectar API" owner="random-user-service">
<kw name="Create Session" owner="RequestsLibrary">
<msg time="2024-06-05T04:20:08.513399" level="INFO">Creating Session using : alias=consultarAPI, url=https://randomuser.me/, headers={},                     cookies={}, auth=None, timeout=None, proxies=None, verify=False,                     debug=0 </msg>
<arg>consultarAPI</arg>
<arg>${URL}</arg>
<doc>Create Session: create a HTTP session to a server</doc>
<status status="PASS" start="2024-06-05T04:20:08.513181" elapsed="0.000428"/>
</kw>
<status status="PASS" start="2024-06-05T04:20:08.512073" elapsed="0.001919"/>
</kw>
<status status="PASS" start="2024-06-05T04:20:08.511473" elapsed="0.002765"/>
</test>
<test id="s1-s1-t2" name="Validar retorno 200 e JSON Válido" line="16">
<kw name="Teste de Requisicao Basica" owner="random-user-service">
<kw name="GET On Session" owner="RequestsLibrary">
<msg time="2024-06-05T04:20:08.696361" level="INFO">GET Request : url=https://randomuser.me/api 
 path_url=/api 
 headers={'User-Agent': 'python-requests/2.32.3', 'Accept-Encoding': 'gzip, deflate', 'Accept': '*/*', 'Connection': 'keep-alive'} 
 body=None 
 </msg>
<msg time="2024-06-05T04:20:08.696543" level="INFO">GET Response : url=https://randomuser.me/api 
 status=200, reason=OK 
 headers={'Date': 'Wed, 05 Jun 2024 04:20:08 GMT', 'Content-Type': 'application/json; charset=utf-8', 'Transfer-Encoding': 'chunked', 'Connection': 'keep-alive', 'X-Powered-By': 'Express', 'Access-Control-Allow-Origin': '*', 'Cache-Control': 'no-cache', 'ETag': 'W/"475-kmjHmZD7xwooY3dpoFku4R+qN98"', 'Vary': 'Accept-Encoding', 'Content-Encoding': 'gzip', 'CF-Cache-Status': 'DYNAMIC', 'Report-To': '{"endpoints":[{"url":"https:\\/\\/a.nel.cloudflare.com\\/report\\/v4?s=ztD8aN4Adj1LCMwNo6%2BaUcRS6wqji%2BrJYDqMMoWbvtuYwCiVRdEWIJe5JKp%2BxYclw0QPUkE5uCAmNEuF0%2Bc7r2gWfk8dY68pqa4n9O3O%2F7Z5gWT9N2H1t%2Fcv8HSEhojC"}],"group":"cf-nel","max_age":604800}', 'NEL': '{"success_fraction":0,"report_to":"cf-nel","max_age":604800}', 'Server': 'cloudflare', 'CF-RAY': '88ed5e5218633968-IAD', 'alt-svc': 'h3=":443"; ma=86400'} 
 body={"results":[{"gender":"male","name":{"title":"Mr","first":"Miloš","last":"Spajić"},"location":{"street":{"number":4602,"name":"Eugena Savojskog "},"city":"Vrnjačka Banja","state":"Raška","country":"Serbia","postcode":38289,"coordinates":{"latitude":"56.2869","longitude":"-45.6289"},"timezone":{"offset":"+3:30","description":"Tehran"}},"email":"milos.spajic@example.com","login":{"uuid":"7b973fb5-8df3-469d-b5ec-30d8cd3e377f","username":"whiterabbit306","password":"franks","salt":"GY0mxM2T","md5":"cfb3e842db67b47c80c8c857fb274567","sha1":"8731963c081db855f27beaef911138412c5668d8","sha256":"ffe18f7e8900759bfb79032112e5884c7f70fdd8a73db49fab97bcc3942a022a"},"dob":{"date":"1948-02-14T16:39:38.602Z","age":76},"registered":{"date":"2018-11-24T20:47:58.327Z","age":5},"phone":"038-2814-499","cell":"062-5183-647","id":{"name":"SID","value":"694750254"},"picture":{"large":"https://randomuser.me/api/portraits/men/51.jpg","medium":"https://randomuser.me/api/portraits/med/men/51.jpg","thumbnail":"https://randomuser.me/api/portraits/thumb/men/51.jpg"},"nat":"RS"}],"info":{"seed":"09b365f4cc467344","results":1,"page":1,"version":"1.4"}} 
 </msg>
<msg time="2024-06-05T04:20:08.696641" level="INFO">/opt/hostedtoolcache/Python/3.12.3/x64/lib/python3.12/site-packages/urllib3/connectionpool.py:1103: InsecureRequestWarning: Unverified HTTPS request is being made to host 'randomuser.me'. Adding certificate verification is strongly advised. See: https://urllib3.readthedocs.io/en/latest/advanced-usage.html#tls-warnings
  warnings.warn(</msg>
<msg time="2024-06-05T04:20:08.696825" level="INFO">${response} = &lt;Response [200]&gt;</msg>
<var>${response}</var>
<arg>consultarAPI</arg>
<arg>/api</arg>
<doc>Sends a GET request on a previously created HTTP Session.</doc>
<status status="PASS" start="2024-06-05T04:20:08.516944" elapsed="0.179922"/>
</kw>
<kw name="Should Be Equal As Numbers" owner="BuiltIn">
<msg time="2024-06-05T04:20:08.698075" level="INFO">Argument types are:
&lt;class 'int'&gt;
&lt;class 'str'&gt;</msg>
<arg>${response.status_code}</arg>
<arg>200</arg>
<doc>Fails if objects are unequal after converting them to real numbers.</doc>
<status status="PASS" start="2024-06-05T04:20:08.697541" elapsed="0.000606"/>
</kw>
<kw name="Log" owner="BuiltIn">
<msg time="2024-06-05T04:20:08.698865" level="INFO">200</msg>
<arg>${response.status_code}</arg>
<doc>Logs the given message with the given level.</doc>
<status status="PASS" start="2024-06-05T04:20:08.698512" elapsed="0.000403"/>
</kw>
<kw name="Set Variable" owner="BuiltIn">
<msg time="2024-06-05T04:20:08.699713" level="INFO">${json_data} = {'results': [{'gender': 'male', 'name': {'title': 'Mr', 'first': 'Miloš', 'last': 'Spajić'}, 'location': {'street': {'number': 4602, 'name': 'Eugena Savojskog '}, 'city': 'Vrnjačka Banja', 'state': 'R...</msg>
<var>${json_data}</var>
<arg>${response.json()}</arg>
<doc>Returns the given values which can then be assigned to a variables.</doc>
<status status="PASS" start="2024-06-05T04:20:08.699236" elapsed="0.000508"/>
</kw>
<kw name="Dictionary Should Contain Key" owner="Collections">
<msg time="2024-06-05T04:20:08.700234" level="INFO">False</msg>
<arg>${json_data}</arg>
<arg>results</arg>
<doc>Fails if ``key`` is not found from ``dictionary``.</doc>
<status status="PASS" start="2024-06-05T04:20:08.700057" elapsed="0.000384"/>
</kw>
<status status="PASS" start="2024-06-05T04:20:08.516682" elapsed="0.184037"/>
</kw>
<doc>Testa se a API responde corretamente e retorna um objeto JSON válido.</doc>
<tag>testeRequisicaoBasica</tag>
<status status="PASS" start="2024-06-05T04:20:08.516168" elapsed="0.184739"/>
</test>
<test id="s1-s1-t3" name="Validar estrutura de resposta" line="22">
<kw name="Teste de Estrutura de Resposta" owner="random-user-service">
<kw name="GET On Session" owner="RequestsLibrary">
<msg time="2024-06-05T04:20:08.784934" level="INFO">GET Request : url=https://randomuser.me/api 
 path_url=/api 
 headers={'User-Agent': 'python-requests/2.32.3', 'Accept-Encoding': 'gzip, deflate', 'Accept': '*/*', 'Connection': 'keep-alive'} 
 body=None 
 </msg>
<msg time="2024-06-05T04:20:08.785041" level="INFO">GET Response : url=https://randomuser.me/api 
 status=200, reason=OK 
 headers={'Date': 'Wed, 05 Jun 2024 04:20:08 GMT', 'Content-Type': 'application/json; charset=utf-8', 'Transfer-Encoding': 'chunked', 'Connection': 'keep-alive', 'X-Powered-By': 'Express', 'Access-Control-Allow-Origin': '*', 'Cache-Control': 'no-cache', 'ETag': 'W/"498-ShzqNz8yMWcUlK5hZp3nHx5d0ss"', 'Vary': 'Accept-Encoding', 'Content-Encoding': 'gzip', 'CF-Cache-Status': 'DYNAMIC', 'Report-To': '{"endpoints":[{"url":"https:\\/\\/a.nel.cloudflare.com\\/report\\/v4?s=BUe0%2FJRe9Z%2ByhJIOY3bX4NVpwkAfE0VJUDIOE49FIlaqPx8dmZiqwBIG%2BIy9E90fxs%2B3kwvhp4BeWgjPB6TS15KNchcRoxI4ZORyTgcSpnV%2BEXf%2BBw3fZ%2FptPP2NJHNW"}],"group":"cf-nel","max_age":604800}', 'NEL': '{"success_fraction":0,"report_to":"cf-nel","max_age":604800}', 'Server': 'cloudflare', 'CF-RAY': '88ed5e5268c43968-IAD', 'alt-svc': 'h3=":443"; ma=86400'} 
 body={"results":[{"gender":"female","name":{"title":"Ms","first":"Sofia","last":"Harris"},"location":{"street":{"number":3810,"name":"Marshland Road"},"city":"Blenheim","state":"Waikato","country":"New Zealand","postcode":21272,"coordinates":{"latitude":"54.0463","longitude":"173.8672"},"timezone":{"offset":"-5:00","description":"Eastern Time (US &amp; Canada), Bogota, Lima"}},"email":"sofia.harris@example.com","login":{"uuid":"e4c4681d-2f95-43e2-b860-3bb1e72c9eda","username":"beautifulduck728","password":"goldberg","salt":"7Mum5jCI","md5":"91fd227c18b3a3cd2fbc964a1990c14a","sha1":"676c9a4e60ebf27c2099d29f171268ebe84edb32","sha256":"3798a5a128231acb303dcc549fe8a6a42c6814a9ee7d62c7cb51b8f7d90a68eb"},"dob":{"date":"1986-11-12T17:05:44.274Z","age":37},"registered":{"date":"2004-09-06T05:13:43.005Z","age":19},"phone":"(418)-698-6485","cell":"(120)-226-0066","id":{"name":"","value":null},"picture":{"large":"https://randomuser.me/api/portraits/women/86.jpg","medium":"https://randomuser.me/api/portraits/med/women/86.jpg","thumbnail":"https://randomuser.me/api/portraits/thumb/women/86.jpg"},"nat":"NZ"}],"info":{"seed":"4d432d3d3387b954","results":1,"page":1,"version":"1.4"}} 
 </msg>
<msg time="2024-06-05T04:20:08.785174" level="INFO">/opt/hostedtoolcache/Python/3.12.3/x64/lib/python3.12/site-packages/urllib3/connectionpool.py:1103: InsecureRequestWarning: Unverified HTTPS request is being made to host 'randomuser.me'. Adding certificate verification is strongly advised. See: https://urllib3.readthedocs.io/en/latest/advanced-usage.html#tls-warnings
  warnings.warn(</msg>
<msg time="2024-06-05T04:20:08.785316" level="INFO">${response} = &lt;Response [200]&gt;</msg>
<var>${response}</var>
<arg>consultarAPI</arg>
<arg>/api</arg>
<doc>Sends a GET request on a previously created HTTP Session.</doc>
<status status="PASS" start="2024-06-05T04:20:08.703605" elapsed="0.081751"/>
</kw>
<kw name="Set Variable" owner="BuiltIn">
<msg time="2024-06-05T04:20:08.786589" level="INFO">${json_data} = {'results': [{'gender': 'female', 'name': {'title': 'Ms', 'first': 'Sofia', 'last': 'Harris'}, 'location': {'street': {'number': 3810, 'name': 'Marshland Road'}, 'city': 'Blenheim', 'state': 'Waikato'...</msg>
<var>${json_data}</var>
<arg>${response.json()}</arg>
<doc>Returns the given values which can then be assigned to a variables.</doc>
<status status="PASS" start="2024-06-05T04:20:08.785968" elapsed="0.000651"/>
</kw>
<kw name="Log" owner="BuiltIn">
<msg time="2024-06-05T04:20:08.787108" level="INFO">{'results': [{'gender': 'female', 'name': {'title': 'Ms', 'first': 'Sofia', 'last': 'Harris'}, 'location': {'street': {'number': 3810, 'name': 'Marshland Road'}, 'city': 'Blenheim', 'state': 'Waikato', 'country': 'New Zealand', 'postcode': 21272, 'coordinates': {'latitude': '54.0463', 'longitude': '173.8672'}, 'timezone': {'offset': '-5:00', 'description': 'Eastern Time (US &amp; Canada), Bogota, Lima'}}, 'email': 'sofia.harris@example.com', 'login': {'uuid': 'e4c4681d-2f95-43e2-b860-3bb1e72c9eda', 'username': 'beautifulduck728', 'password': 'goldberg', 'salt': '7Mum5jCI', 'md5': '91fd227c18b3a3cd2fbc964a1990c14a', 'sha1': '676c9a4e60ebf27c2099d29f171268ebe84edb32', 'sha256': '3798a5a128231acb303dcc549fe8a6a42c6814a9ee7d62c7cb51b8f7d90a68eb'}, 'dob': {'date': '1986-11-12T17:05:44.274Z', 'age': 37}, 'registered': {'date': '2004-09-06T05:13:43.005Z', 'age': 19}, 'phone': '(418)-698-6485', 'cell': '(120)-226-0066', 'id': {'name': '', 'value': None}, 'picture': {'large': 'https://randomuser.me/api/portraits/women/86.jpg', 'medium': 'https://randomuser.me/api/portraits/med/women/86.jpg', 'thumbnail': 'https://randomuser.me/api/portraits/thumb/women/86.jpg'}, 'nat': 'NZ'}], 'info': {'seed': '4d432d3d3387b954', 'results': 1, 'page': 1, 'version': '1.4'}}</msg>
<arg>${json_data}</arg>
<doc>Logs the given message with the given level.</doc>
<status status="PASS" start="2024-06-05T04:20:08.786947" elapsed="0.000211"/>
</kw>
<kw name="Dictionary Should Contain Key" owner="Collections">
<msg time="2024-06-05T04:20:08.787625" level="INFO">False</msg>
<arg>${json_data}</arg>
<arg>results</arg>
<doc>Fails if ``key`` is not found from ``dictionary``.</doc>
<status status="PASS" start="2024-06-05T04:20:08.787459" elapsed="0.000203"/>
</kw>
<kw name="Should Not Be Empty" owner="BuiltIn">
<msg time="2024-06-05T04:20:08.788092" level="INFO">Length is 2.</msg>
<arg>${json_data}</arg>
<doc>Verifies that the given item is not empty.</doc>
<status status="PASS" start="2024-06-05T04:20:08.787960" elapsed="0.000171"/>
</kw>
<kw name="Create List" owner="BuiltIn">
<msg time="2024-06-05T04:20:08.788575" level="INFO">${expected_keys} = ['gender', 'name', 'location', 'email', 'login']</msg>
<var>${expected_keys}</var>
<arg>gender</arg>
<arg>name</arg>
<arg>location</arg>
<arg>email</arg>
<arg>login</arg>
<doc>Returns a list containing given items.</doc>
<status status="PASS" start="2024-06-05T04:20:08.788426" elapsed="0.000174"/>
</kw>
<for flavor="IN">
<iter>
<kw name="Dictionary Should Contain Key" owner="Collections">
<msg time="2024-06-05T04:20:08.789634" level="INFO">False</msg>
<arg>${json_data['results'][0]}</arg>
<arg>${key}</arg>
<doc>Fails if ``key`` is not found from ``dictionary``.</doc>
<status status="PASS" start="2024-06-05T04:20:08.789212" elapsed="0.000469"/>
</kw>
<kw name="Log" owner="BuiltIn">
<msg time="2024-06-05T04:20:08.790413" level="INFO">{'gender': 'female', 'name': {'title': 'Ms', 'first': 'Sofia', 'last': 'Harris'}, 'location': {'street': {'number': 3810, 'name': 'Marshland Road'}, 'city': 'Blenheim', 'state': 'Waikato', 'country': 'New Zealand', 'postcode': 21272, 'coordinates': {'latitude': '54.0463', 'longitude': '173.8672'}, 'timezone': {'offset': '-5:00', 'description': 'Eastern Time (US &amp; Canada), Bogota, Lima'}}, 'email': 'sofia.harris@example.com', 'login': {'uuid': 'e4c4681d-2f95-43e2-b860-3bb1e72c9eda', 'username': 'beautifulduck728', 'password': 'goldberg', 'salt': '7Mum5jCI', 'md5': '91fd227c18b3a3cd2fbc964a1990c14a', 'sha1': '676c9a4e60ebf27c2099d29f171268ebe84edb32', 'sha256': '3798a5a128231acb303dcc549fe8a6a42c6814a9ee7d62c7cb51b8f7d90a68eb'}, 'dob': {'date': '1986-11-12T17:05:44.274Z', 'age': 37}, 'registered': {'date': '2004-09-06T05:13:43.005Z', 'age': 19}, 'phone': '(418)-698-6485', 'cell': '(120)-226-0066', 'id': {'name': '', 'value': None}, 'picture': {'large': 'https://randomuser.me/api/portraits/women/86.jpg', 'medium': 'https://randomuser.me/api/portraits/med/women/86.jpg', 'thumbnail': 'https://randomuser.me/api/portraits/thumb/women/86.jpg'}, 'nat': 'NZ'}</msg>
<arg>${json_data['results'][0]}</arg>
<doc>Logs the given message with the given level.</doc>
<status status="PASS" start="2024-06-05T04:20:08.790036" elapsed="0.000429"/>
</kw>
<kw name="Log" owner="BuiltIn">
<msg time="2024-06-05T04:20:08.790903" level="INFO">gender</msg>
<arg>${key}</arg>
<doc>Logs the given message with the given level.</doc>
<status status="PASS" start="2024-06-05T04:20:08.790772" elapsed="0.000170"/>
</kw>
<var name="${key}">gender</var>
<status status="PASS" start="2024-06-05T04:20:08.789082" elapsed="0.002079"/>
</iter>
<iter>
<kw name="Dictionary Should Contain Key" owner="Collections">
<msg time="2024-06-05T04:20:08.791869" level="INFO">False</msg>
<arg>${json_data['results'][0]}</arg>
<arg>${key}</arg>
<doc>Fails if ``key`` is not found from ``dictionary``.</doc>
<status status="PASS" start="2024-06-05T04:20:08.791476" elapsed="0.000433"/>
</kw>
<kw name="Log" owner="BuiltIn">
<msg time="2024-06-05T04:20:08.792642" level="INFO">{'gender': 'female', 'name': {'title': 'Ms', 'first': 'Sofia', 'last': 'Harris'}, 'location': {'street': {'number': 3810, 'name': 'Marshland Road'}, 'city': 'Blenheim', 'state': 'Waikato', 'country': 'New Zealand', 'postcode': 21272, 'coordinates': {'latitude': '54.0463', 'longitude': '173.8672'}, 'timezone': {'offset': '-5:00', 'description': 'Eastern Time (US &amp; Canada), Bogota, Lima'}}, 'email': 'sofia.harris@example.com', 'login': {'uuid': 'e4c4681d-2f95-43e2-b860-3bb1e72c9eda', 'username': 'beautifulduck728', 'password': 'goldberg', 'salt': '7Mum5jCI', 'md5': '91fd227c18b3a3cd2fbc964a1990c14a', 'sha1': '676c9a4e60ebf27c2099d29f171268ebe84edb32', 'sha256': '3798a5a128231acb303dcc549fe8a6a42c6814a9ee7d62c7cb51b8f7d90a68eb'}, 'dob': {'date': '1986-11-12T17:05:44.274Z', 'age': 37}, 'registered': {'date': '2004-09-06T05:13:43.005Z', 'age': 19}, 'phone': '(418)-698-6485', 'cell': '(120)-226-0066', 'id': {'name': '', 'value': None}, 'picture': {'large': 'https://randomuser.me/api/portraits/women/86.jpg', 'medium': 'https://randomuser.me/api/portraits/med/women/86.jpg', 'thumbnail': 'https://randomuser.me/api/portraits/thumb/women/86.jpg'}, 'nat': 'NZ'}</msg>
<arg>${json_data['results'][0]}</arg>
<doc>Logs the given message with the given level.</doc>
<status status="PASS" start="2024-06-05T04:20:08.792281" elapsed="0.000421"/>
</kw>
<kw name="Log" owner="BuiltIn">
<msg time="2024-06-05T04:20:08.793129" level="INFO">name</msg>
<arg>${key}</arg>
<doc>Logs the given message with the given level.</doc>
<status status="PASS" start="2024-06-05T04:20:08.793001" elapsed="0.000165"/>
</kw>
<var name="${key}">name</var>
<status status="PASS" start="2024-06-05T04:20:08.791359" elapsed="0.002034"/>
</iter>
<iter>
<kw name="Dictionary Should Contain Key" owner="Collections">
<msg time="2024-06-05T04:20:08.794098" level="INFO">False</msg>
<arg>${json_data['results'][0]}</arg>
<arg>${key}</arg>
<doc>Fails if ``key`` is not found from ``dictionary``.</doc>
<status status="PASS" start="2024-06-05T04:20:08.793688" elapsed="0.000449"/>
</kw>
<kw name="Log" owner="BuiltIn">
<msg time="2024-06-05T04:20:08.794828" level="INFO">{'gender': 'female', 'name': {'title': 'Ms', 'first': 'Sofia', 'last': 'Harris'}, 'location': {'street': {'number': 3810, 'name': 'Marshland Road'}, 'city': 'Blenheim', 'state': 'Waikato', 'country': 'New Zealand', 'postcode': 21272, 'coordinates': {'latitude': '54.0463', 'longitude': '173.8672'}, 'timezone': {'offset': '-5:00', 'description': 'Eastern Time (US &amp; Canada), Bogota, Lima'}}, 'email': 'sofia.harris@example.com', 'login': {'uuid': 'e4c4681d-2f95-43e2-b860-3bb1e72c9eda', 'username': 'beautifulduck728', 'password': 'goldberg', 'salt': '7Mum5jCI', 'md5': '91fd227c18b3a3cd2fbc964a1990c14a', 'sha1': '676c9a4e60ebf27c2099d29f171268ebe84edb32', 'sha256': '3798a5a128231acb303dcc549fe8a6a42c6814a9ee7d62c7cb51b8f7d90a68eb'}, 'dob': {'date': '1986-11-12T17:05:44.274Z', 'age': 37}, 'registered': {'date': '2004-09-06T05:13:43.005Z', 'age': 19}, 'phone': '(418)-698-6485', 'cell': '(120)-226-0066', 'id': {'name': '', 'value': None}, 'picture': {'large': 'https://randomuser.me/api/portraits/women/86.jpg', 'medium': 'https://randomuser.me/api/portraits/med/women/86.jpg', 'thumbnail': 'https://randomuser.me/api/portraits/thumb/women/86.jpg'}, 'nat': 'NZ'}</msg>
<arg>${json_data['results'][0]}</arg>
<doc>Logs the given message with the given level.</doc>
<status status="PASS" start="2024-06-05T04:20:08.794451" elapsed="0.000431"/>
</kw>
<kw name="Log" owner="BuiltIn">
<msg time="2024-06-05T04:20:08.795317" level="INFO">location</msg>
<arg>${key}</arg>
<doc>Logs the given message with the given level.</doc>
<status status="PASS" start="2024-06-05T04:20:08.795189" elapsed="0.000165"/>
</kw>
<var name="${key}">location</var>
<status status="PASS" start="2024-06-05T04:20:08.793573" elapsed="0.002001"/>
</iter>
<iter>
<kw name="Dictionary Should Contain Key" owner="Collections">
<msg time="2024-06-05T04:20:08.796376" level="INFO">False</msg>
<arg>${json_data['results'][0]}</arg>
<arg>${key}</arg>
<doc>Fails if ``key`` is not found from ``dictionary``.</doc>
<status status="PASS" start="2024-06-05T04:20:08.795860" elapsed="0.000555"/>
</kw>
<kw name="Log" owner="BuiltIn">
<msg time="2024-06-05T04:20:08.797069" level="INFO">{'gender': 'female', 'name': {'title': 'Ms', 'first': 'Sofia', 'last': 'Harris'}, 'location': {'street': {'number': 3810, 'name': 'Marshland Road'}, 'city': 'Blenheim', 'state': 'Waikato', 'country': 'New Zealand', 'postcode': 21272, 'coordinates': {'latitude': '54.0463', 'longitude': '173.8672'}, 'timezone': {'offset': '-5:00', 'description': 'Eastern Time (US &amp; Canada), Bogota, Lima'}}, 'email': 'sofia.harris@example.com', 'login': {'uuid': 'e4c4681d-2f95-43e2-b860-3bb1e72c9eda', 'username': 'beautifulduck728', 'password': 'goldberg', 'salt': '7Mum5jCI', 'md5': '91fd227c18b3a3cd2fbc964a1990c14a', 'sha1': '676c9a4e60ebf27c2099d29f171268ebe84edb32', 'sha256': '3798a5a128231acb303dcc549fe8a6a42c6814a9ee7d62c7cb51b8f7d90a68eb'}, 'dob': {'date': '1986-11-12T17:05:44.274Z', 'age': 37}, 'registered': {'date': '2004-09-06T05:13:43.005Z', 'age': 19}, 'phone': '(418)-698-6485', 'cell': '(120)-226-0066', 'id': {'name': '', 'value': None}, 'picture': {'large': 'https://randomuser.me/api/portraits/women/86.jpg', 'medium': 'https://randomuser.me/api/portraits/med/women/86.jpg', 'thumbnail': 'https://randomuser.me/api/portraits/thumb/women/86.jpg'}, 'nat': 'NZ'}</msg>
<arg>${json_data['results'][0]}</arg>
<doc>Logs the given message with the given level.</doc>
<status status="PASS" start="2024-06-05T04:20:08.796714" elapsed="0.000403"/>
</kw>
<kw name="Log" owner="BuiltIn">
<msg time="2024-06-05T04:20:08.797537" level="INFO">email</msg>
<arg>${key}</arg>
<doc>Logs the given message with the given level.</doc>
<status status="PASS" start="2024-06-05T04:20:08.797411" elapsed="0.000164"/>
</kw>
<var name="${key}">email</var>
<status status="PASS" start="2024-06-05T04:20:08.795747" elapsed="0.002042"/>
</iter>
<iter>
<kw name="Dictionary Should Contain Key" owner="Collections">
<msg time="2024-06-05T04:20:08.798556" level="INFO">False</msg>
<arg>${json_data['results'][0]}</arg>
<arg>${key}</arg>
<doc>Fails if ``key`` is not found from ``dictionary``.</doc>
<status status="PASS" start="2024-06-05T04:20:08.798109" elapsed="0.000485"/>
</kw>
<kw name="Log" owner="BuiltIn">
<msg time="2024-06-05T04:20:08.799255" level="INFO">{'gender': 'female', 'name': {'title': 'Ms', 'first': 'Sofia', 'last': 'Harris'}, 'location': {'street': {'number': 3810, 'name': 'Marshland Road'}, 'city': 'Blenheim', 'state': 'Waikato', 'country': 'New Zealand', 'postcode': 21272, 'coordinates': {'latitude': '54.0463', 'longitude': '173.8672'}, 'timezone': {'offset': '-5:00', 'description': 'Eastern Time (US &amp; Canada), Bogota, Lima'}}, 'email': 'sofia.harris@example.com', 'login': {'uuid': 'e4c4681d-2f95-43e2-b860-3bb1e72c9eda', 'username': 'beautifulduck728', 'password': 'goldberg', 'salt': '7Mum5jCI', 'md5': '91fd227c18b3a3cd2fbc964a1990c14a', 'sha1': '676c9a4e60ebf27c2099d29f171268ebe84edb32', 'sha256': '3798a5a128231acb303dcc549fe8a6a42c6814a9ee7d62c7cb51b8f7d90a68eb'}, 'dob': {'date': '1986-11-12T17:05:44.274Z', 'age': 37}, 'registered': {'date': '2004-09-06T05:13:43.005Z', 'age': 19}, 'phone': '(418)-698-6485', 'cell': '(120)-226-0066', 'id': {'name': '', 'value': None}, 'picture': {'large': 'https://randomuser.me/api/portraits/women/86.jpg', 'medium': 'https://randomuser.me/api/portraits/med/women/86.jpg', 'thumbnail': 'https://randomuser.me/api/portraits/thumb/women/86.jpg'}, 'nat': 'NZ'}</msg>
<arg>${json_data['results'][0]}</arg>
<doc>Logs the given message with the given level.</doc>
<status status="PASS" start="2024-06-05T04:20:08.798901" elapsed="0.000401"/>
</kw>
<kw name="Log" owner="BuiltIn">
<msg time="2024-06-05T04:20:08.799726" level="INFO">login</msg>
<arg>${key}</arg>
<doc>Logs the given message with the given level.</doc>
<status status="PASS" start="2024-06-05T04:20:08.799597" elapsed="0.000166"/>
</kw>
<var name="${key}">login</var>
<status status="PASS" start="2024-06-05T04:20:08.797963" elapsed="0.002043"/>
</iter>
<var>${key}</var>
<value>@{expected_keys}</value>
<status status="PASS" start="2024-06-05T04:20:08.788880" elapsed="0.011250"/>
</for>
<kw name="Create List" owner="BuiltIn">
<msg time="2024-06-05T04:20:08.800502" level="INFO">${expected_keysTwo} = ['username', 'password']</msg>
<var>${expected_keysTwo}</var>
<arg>username</arg>
<arg>password</arg>
<doc>Returns a list containing given items.</doc>
<status status="PASS" start="2024-06-05T04:20:08.800356" elapsed="0.000169"/>
</kw>
<for flavor="IN">
<iter>
<kw name="Dictionary Should Contain Key" owner="Collections">
<msg time="2024-06-05T04:20:08.801428" level="INFO">False</msg>
<arg>${json_data['results'][0]['login']}</arg>
<arg>${keyTwo}</arg>
<doc>Fails if ``key`` is not found from ``dictionary``.</doc>
<status status="PASS" start="2024-06-05T04:20:08.801043" elapsed="0.000421"/>
</kw>
<kw name="Dictionary Should Contain Key" owner="Collections">
<msg time="2024-06-05T04:20:08.802182" level="INFO">False</msg>
<arg>${json_data['results'][0]['login']}</arg>
<arg>${keyTwo}</arg>
<doc>Fails if ``key`` is not found from ``dictionary``.</doc>
<status status="PASS" start="2024-06-05T04:20:08.801760" elapsed="0.000461"/>
</kw>
<kw name="Log" owner="BuiltIn">
<msg time="2024-06-05T04:20:08.802651" level="INFO">username</msg>
<arg>${keyTwo}</arg>
<doc>Logs the given message with the given level.</doc>
<status status="PASS" start="2024-06-05T04:20:08.802524" elapsed="0.000165"/>
</kw>
<var name="${keyTwo}">username</var>
<status status="PASS" start="2024-06-05T04:20:08.800934" elapsed="0.001970"/>
</iter>
<iter>
<kw name="Dictionary Should Contain Key" owner="Collections">
<msg time="2024-06-05T04:20:08.803574" level="INFO">False</msg>
<arg>${json_data['results'][0]['login']}</arg>
<arg>${keyTwo}</arg>
<doc>Fails if ``key`` is not found from ``dictionary``.</doc>
<status status="PASS" start="2024-06-05T04:20:08.803190" elapsed="0.000422"/>
</kw>
<kw name="Dictionary Should Contain Key" owner="Collections">
<msg time="2024-06-05T04:20:08.804329" level="INFO">False</msg>
<arg>${json_data['results'][0]['login']}</arg>
<arg>${keyTwo}</arg>
<doc>Fails if ``key`` is not found from ``dictionary``.</doc>
<status status="PASS" start="2024-06-05T04:20:08.803941" elapsed="0.000425"/>
</kw>
<kw name="Log" owner="BuiltIn">
<msg time="2024-06-05T04:20:08.804791" level="INFO">password</msg>
<arg>${keyTwo}</arg>
<doc>Logs the given message with the given level.</doc>
<status status="PASS" start="2024-06-05T04:20:08.804665" elapsed="0.000163"/>
</kw>
<var name="${keyTwo}">password</var>
<status status="PASS" start="2024-06-05T04:20:08.803078" elapsed="0.001971"/>
</iter>
<var>${keyTwo}</var>
<value>@{expected_keysTwo}</value>
<status status="PASS" start="2024-06-05T04:20:08.800774" elapsed="0.004396"/>
</for>
<status status="PASS" start="2024-06-05T04:20:08.703357" elapsed="0.101960"/>
</kw>
<doc>Testa a estrutura da resposta da API.</doc>
<tag>testeEstruturaResposta</tag>
<status status="PASS" start="2024-06-05T04:20:08.702821" elapsed="0.102660"/>
</test>
<test id="s1-s1-t4" name="Validar tipos de dados" line="28">
<kw name="Teste de Tipos de Dados" owner="random-user-service">
<kw name="GET On Session" owner="RequestsLibrary">
<msg time="2024-06-05T04:20:08.889161" level="INFO">GET Request : url=https://randomuser.me/api 
 path_url=/api 
 headers={'User-Agent': 'python-requests/2.32.3', 'Accept-Encoding': 'gzip, deflate', 'Accept': '*/*', 'Connection': 'keep-alive'} 
 body=None 
 </msg>
<msg time="2024-06-05T04:20:08.889261" level="INFO">GET Response : url=https://randomuser.me/api 
 status=200, reason=OK 
 headers={'Date': 'Wed, 05 Jun 2024 04:20:08 GMT', 'Content-Type': 'application/json; charset=utf-8', 'Transfer-Encoding': 'chunked', 'Connection': 'keep-alive', 'X-Powered-By': 'Express', 'Access-Control-Allow-Origin': '*', 'Cache-Control': 'no-cache', 'ETag': 'W/"4a1-DOw4HWKEGCut5bdVv+EsEmFaWAI"', 'Vary': 'Accept-Encoding', 'Content-Encoding': 'gzip', 'CF-Cache-Status': 'DYNAMIC', 'Report-To': '{"endpoints":[{"url":"https:\\/\\/a.nel.cloudflare.com\\/report\\/v4?s=t5xwSqGtvSWURUYICdiz1sd8khKWfE%2FrYYWwyWsH272QagrEpBPhyl76fdoI%2Fvi22X5cQSaeDAqle3n3hymK81YDQ2Wv3QybvjZQOr2PYPjFYWo2GipPdbnGSnCFzIGv"}],"group":"cf-nel","max_age":604800}', 'NEL': '{"success_fraction":0,"report_to":"cf-nel","max_age":604800}', 'Server': 'cloudflare', 'CF-RAY': '88ed5e53094e3968-IAD', 'alt-svc': 'h3=":443"; ma=86400'} 
 body={"results":[{"gender":"female","name":{"title":"Ms","first":"Alicia","last":"Hoveling"},"location":{"street":{"number":276,"name":"Eikeboomstraat"},"city":"Rijswijk Nb","state":"Drenthe","country":"Netherlands","postcode":"0776 MT","coordinates":{"latitude":"32.1300","longitude":"135.3046"},"timezone":{"offset":"+5:30","description":"Bombay, Calcutta, Madras, New Delhi"}},"email":"alicia.hoveling@example.com","login":{"uuid":"05eb07b0-ea01-4f72-bf8c-a26999c2919a","username":"smallmouse228","password":"lamont","salt":"Pcf0Bim9","md5":"a0b7d636fff43c65a197909470b0155b","sha1":"09729b78fa74ddc70f252e2103b9859a26e01f76","sha256":"e2e87661d8ae05436475e8b457641fedf092af3d70c9abfeecdf2ccd646c1756"},"dob":{"date":"1968-02-22T14:16:07.179Z","age":56},"registered":{"date":"2014-04-13T01:35:29.461Z","age":10},"phone":"(067) 1615648","cell":"(06) 93025680","id":{"name":"BSN","value":"57048117"},"picture":{"large":"https://randomuser.me/api/portraits/women/54.jpg","medium":"https://randomuser.me/api/portraits/med/women/54.jpg","thumbnail":"https://randomuser.me/api/portraits/thumb/women/54.jpg"},"nat":"NL"}],"info":{"seed":"0a3768e4e03fadb5","results":1,"page":1,"version":"1.4"}} 
 </msg>
<msg time="2024-06-05T04:20:08.889329" level="INFO">/opt/hostedtoolcache/Python/3.12.3/x64/lib/python3.12/site-packages/urllib3/connectionpool.py:1103: InsecureRequestWarning: Unverified HTTPS request is being made to host 'randomuser.me'. Adding certificate verification is strongly advised. See: https://urllib3.readthedocs.io/en/latest/advanced-usage.html#tls-warnings
  warnings.warn(</msg>
<msg time="2024-06-05T04:20:08.889453" level="INFO">${response} = &lt;Response [200]&gt;</msg>
<var>${response}</var>
<arg>consultarAPI</arg>
<arg>/api</arg>
<doc>Sends a GET request on a previously created HTTP Session.</doc>
<status status="PASS" start="2024-06-05T04:20:08.808138" elapsed="0.081344"/>
</kw>
<kw name="Set Variable" owner="BuiltIn">
<msg time="2024-06-05T04:20:08.890615" level="INFO">${json_data} = {'results': [{'gender': 'female', 'name': {'title': 'Ms', 'first': 'Alicia', 'last': 'Hoveling'}, 'location': {'street': {'number': 276, 'name': 'Eikeboomstraat'}, 'city': 'Rijswijk Nb', 'state': 'Dre...</msg>
<var>${json_data}</var>
<arg>${response.json()}</arg>
<doc>Returns the given values which can then be assigned to a variables.</doc>
<status status="PASS" start="2024-06-05T04:20:08.890078" elapsed="0.000567"/>
</kw>
<kw name="Log" owner="BuiltIn">
<msg time="2024-06-05T04:20:08.891143" level="INFO">{'results': [{'gender': 'female', 'name': {'title': 'Ms', 'first': 'Alicia', 'last': 'Hoveling'}, 'location': {'street': {'number': 276, 'name': 'Eikeboomstraat'}, 'city': 'Rijswijk Nb', 'state': 'Drenthe', 'country': 'Netherlands', 'postcode': '0776 MT', 'coordinates': {'latitude': '32.1300', 'longitude': '135.3046'}, 'timezone': {'offset': '+5:30', 'description': 'Bombay, Calcutta, Madras, New Delhi'}}, 'email': 'alicia.hoveling@example.com', 'login': {'uuid': '05eb07b0-ea01-4f72-bf8c-a26999c2919a', 'username': 'smallmouse228', 'password': 'lamont', 'salt': 'Pcf0Bim9', 'md5': 'a0b7d636fff43c65a197909470b0155b', 'sha1': '09729b78fa74ddc70f252e2103b9859a26e01f76', 'sha256': 'e2e87661d8ae05436475e8b457641fedf092af3d70c9abfeecdf2ccd646c1756'}, 'dob': {'date': '1968-02-22T14:16:07.179Z', 'age': 56}, 'registered': {'date': '2014-04-13T01:35:29.461Z', 'age': 10}, 'phone': '(067) 1615648', 'cell': '(06) 93025680', 'id': {'name': 'BSN', 'value': '57048117'}, 'picture': {'large': 'https://randomuser.me/api/portraits/women/54.jpg', 'medium': 'https://randomuser.me/api/portraits/med/women/54.jpg', 'thumbnail': 'https://randomuser.me/api/portraits/thumb/women/54.jpg'}, 'nat': 'NL'}], 'info': {'seed': '0a3768e4e03fadb5', 'results': 1, 'page': 1, 'version': '1.4'}}</msg>
<arg>${json_data}</arg>
<doc>Logs the given message with the given level.</doc>
<status status="PASS" start="2024-06-05T04:20:08.890983" elapsed="0.000248"/>
</kw>
<kw name="Should Be String" owner="String">
<arg>${json_data['results'][0]['gender']}</arg>
<doc>Fails if the given ``item`` is not a string.</doc>
<status status="PASS" start="2024-06-05T04:20:08.891538" elapsed="0.000371"/>
</kw>
<kw name="Should Match Regexp" owner="BuiltIn">
<arg>${json_data['results'][0]['email']}</arg>
<arg>^[a-zA-Z0-9._%+-]+@[a-zA-Z0-9.-]+\.[a-zA-Z]{2,}$</arg>
<doc>Fails if ``string`` does not match ``pattern`` as a regular expression.</doc>
<status status="PASS" start="2024-06-05T04:20:08.892103" elapsed="0.000692"/>
</kw>
<kw name="Should Match Regexp" owner="BuiltIn">
<arg>${json_data['results'][0]['dob']['date']}</arg>
<arg>\\d{4}-\\d{2}-\\d{2}T\\d{2}:\\d{2}:\\d{2}\\.\\d{3}Z</arg>
<doc>Fails if ``string`` does not match ``pattern`` as a regular expression.</doc>
<status status="PASS" start="2024-06-05T04:20:08.892997" elapsed="0.000488"/>
</kw>
<kw name="Should Match Regexp" owner="BuiltIn">
<arg>${json_data['results'][0]['registered']['date']}</arg>
<arg>\\d{4}-\\d{2}-\\d{2}T\\d{2}:\\d{2}:\\d{2}\\.\\d{3}Z</arg>
<doc>Fails if ``string`` does not match ``pattern`` as a regular expression.</doc>
<status status="PASS" start="2024-06-05T04:20:08.893686" elapsed="0.000397"/>
</kw>
<kw name="Should Match Regexp" owner="BuiltIn">
<arg>${json_data['results'][0]['picture']['large']}</arg>
<arg>^https?://.*\.(?:png|jpe?g|gif|bmp)$</arg>
<doc>Fails if ``string`` does not match ``pattern`` as a regular expression.</doc>
<status status="PASS" start="2024-06-05T04:20:08.894287" elapsed="0.000471"/>
</kw>
<kw name="Should Match Regexp" owner="BuiltIn">
<arg>${json_data['results'][0]['picture']['medium']}</arg>
<arg>^https?://.*\.(?:png|jpe?g|gif|bmp)$</arg>
<doc>Fails if ``string`` does not match ``pattern`` as a regular expression.</doc>
<status status="PASS" start="2024-06-05T04:20:08.894952" elapsed="0.000353"/>
</kw>
<kw name="Should Match Regexp" owner="BuiltIn">
<arg>${json_data['results'][0]['picture']['thumbnail']}</arg>
<arg>^https?://.*\.(?:png|jpe?g|gif|bmp)$</arg>
<doc>Fails if ``string`` does not match ``pattern`` as a regular expression.</doc>
<status status="PASS" start="2024-06-05T04:20:08.895499" elapsed="0.000347"/>
</kw>
<kw name="Log" owner="BuiltIn">
<msg time="2024-06-05T04:20:08.896353" level="INFO">{'large': 'https://randomuser.me/api/portraits/women/54.jpg', 'medium': 'https://randomuser.me/api/portraits/med/women/54.jpg', 'thumbnail': 'https://randomuser.me/api/portraits/thumb/women/54.jpg'}</msg>
<arg>${json_data['results'][0]['picture']}</arg>
<doc>Logs the given message with the given level.</doc>
<status status="PASS" start="2024-06-05T04:20:08.896026" elapsed="0.000369"/>
</kw>
<status status="PASS" start="2024-06-05T04:20:08.807889" elapsed="0.088796"/>
</kw>
<kw name="Teste de Tipos de Dados - Postcode" owner="random-user-service">
<kw name="GET On Session" owner="RequestsLibrary">
<msg time="2024-06-05T04:20:08.984628" level="INFO">GET Request : url=https://randomuser.me/api 
 path_url=/api 
 headers={'User-Agent': 'python-requests/2.32.3', 'Accept-Encoding': 'gzip, deflate', 'Accept': '*/*', 'Connection': 'keep-alive'} 
 body=None 
 </msg>
<msg time="2024-06-05T04:20:08.984732" level="INFO">GET Response : url=https://randomuser.me/api 
 status=200, reason=OK 
 headers={'Date': 'Wed, 05 Jun 2024 04:20:08 GMT', 'Content-Type': 'application/json; charset=utf-8', 'Transfer-Encoding': 'chunked', 'Connection': 'keep-alive', 'X-Powered-By': 'Express', 'Access-Control-Allow-Origin': '*', 'Cache-Control': 'no-cache', 'ETag': 'W/"466-g2P+8jjzfyVkKRDc6UEDi9uJ4pc"', 'Vary': 'Accept-Encoding', 'Content-Encoding': 'gzip', 'CF-Cache-Status': 'DYNAMIC', 'Report-To': '{"endpoints":[{"url":"https:\\/\\/a.nel.cloudflare.com\\/report\\/v4?s=ZmgYBUm8KxHGyRzou%2BBmeIzFhK4zjrQeiabPb2tJZP8C5YGlnBTm%2Fv%2BorT01mGbuIzwPpJy0S8CQw7z8b3lY3rGHBOxfn6PllW9CqZipm1S%2F%2BrbhF0%2Fy27O61DJnq2s3"}],"group":"cf-nel","max_age":604800}', 'NEL': '{"success_fraction":0,"report_to":"cf-nel","max_age":604800}', 'Server': 'cloudflare', 'CF-RAY': '88ed5e5399cc3968-IAD', 'alt-svc': 'h3=":443"; ma=86400'} 
 body={"results":[{"gender":"male","name":{"title":"Mr","first":"Mehmet","last":"Özberk"},"location":{"street":{"number":2681,"name":"Kushimoto Sk"},"city":"Erzurum","state":"Çankırı","country":"Turkey","postcode":11382,"coordinates":{"latitude":"72.0472","longitude":"-22.1315"},"timezone":{"offset":"+3:30","description":"Tehran"}},"email":"mehmet.ozberk@example.com","login":{"uuid":"af943430-f89a-43b1-bbcd-e37c4e46f12f","username":"smallswan942","password":"qweqwe","salt":"8HLQoUfp","md5":"52ccec79e48d8fd35b4aefa2b0d8b4dd","sha1":"348736615f0ec22ef94d3877b7e7649070efec27","sha256":"f0d445c0e186dd5648fe1d2e53b32b0ea29c3aed8939d802c0a55f1b126530bd"},"dob":{"date":"1958-01-06T15:25:33.405Z","age":66},"registered":{"date":"2011-11-11T04:35:15.229Z","age":12},"phone":"(292)-490-1981","cell":"(479)-980-1894","id":{"name":"","value":null},"picture":{"large":"https://randomuser.me/api/portraits/men/80.jpg","medium":"https://randomuser.me/api/portraits/med/men/80.jpg","thumbnail":"https://randomuser.me/api/portraits/thumb/men/80.jpg"},"nat":"TR"}],"info":{"seed":"e49703993ec2025a","results":1,"page":1,"version":"1.4"}} 
 </msg>
<msg time="2024-06-05T04:20:08.984809" level="INFO">/opt/hostedtoolcache/Python/3.12.3/x64/lib/python3.12/site-packages/urllib3/connectionpool.py:1103: InsecureRequestWarning: Unverified HTTPS request is being made to host 'randomuser.me'. Adding certificate verification is strongly advised. See: https://urllib3.readthedocs.io/en/latest/advanced-usage.html#tls-warnings
  warnings.warn(</msg>
<msg time="2024-06-05T04:20:08.984939" level="INFO">${response} = &lt;Response [200]&gt;</msg>
<var>${response}</var>
<arg>consultarAPI</arg>
<arg>/api</arg>
<doc>Sends a GET request on a previously created HTTP Session.</doc>
<status status="PASS" start="2024-06-05T04:20:08.897159" elapsed="0.087814"/>
</kw>
<kw name="Set Variable" owner="BuiltIn">
<msg time="2024-06-05T04:20:08.986139" level="INFO">${json_data} = {'results': [{'gender': 'male', 'name': {'title': 'Mr', 'first': 'Mehmet', 'last': 'Özberk'}, 'location': {'street': {'number': 2681, 'name': 'Kushimoto Sk'}, 'city': 'Erzurum', 'state': 'Çankırı', 'c...</msg>
<var>${json_data}</var>
<arg>${response.json()}</arg>
<doc>Returns the given values which can then be assigned to a variables.</doc>
<status status="PASS" start="2024-06-05T04:20:08.985548" elapsed="0.000626"/>
</kw>
<kw name="Log" owner="BuiltIn">
<msg time="2024-06-05T04:20:08.986668" level="INFO">{'results': [{'gender': 'male', 'name': {'title': 'Mr', 'first': 'Mehmet', 'last': 'Özberk'}, 'location': {'street': {'number': 2681, 'name': 'Kushimoto Sk'}, 'city': 'Erzurum', 'state': 'Çankırı', 'country': 'Turkey', 'postcode': 11382, 'coordinates': {'latitude': '72.0472', 'longitude': '-22.1315'}, 'timezone': {'offset': '+3:30', 'description': 'Tehran'}}, 'email': 'mehmet.ozberk@example.com', 'login': {'uuid': 'af943430-f89a-43b1-bbcd-e37c4e46f12f', 'username': 'smallswan942', 'password': 'qweqwe', 'salt': '8HLQoUfp', 'md5': '52ccec79e48d8fd35b4aefa2b0d8b4dd', 'sha1': '348736615f0ec22ef94d3877b7e7649070efec27', 'sha256': 'f0d445c0e186dd5648fe1d2e53b32b0ea29c3aed8939d802c0a55f1b126530bd'}, 'dob': {'date': '1958-01-06T15:25:33.405Z', 'age': 66}, 'registered': {'date': '2011-11-11T04:35:15.229Z', 'age': 12}, 'phone': '(292)-490-1981', 'cell': '(479)-980-1894', 'id': {'name': '', 'value': None}, 'picture': {'large': 'https://randomuser.me/api/portraits/men/80.jpg', 'medium': 'https://randomuser.me/api/portraits/med/men/80.jpg', 'thumbnail': 'https://randomuser.me/api/portraits/thumb/men/80.jpg'}, 'nat': 'TR'}], 'info': {'seed': 'e49703993ec2025a', 'results': 1, 'page': 1, 'version': '1.4'}}</msg>
<arg>${json_data}</arg>
<doc>Logs the given message with the given level.</doc>
<status status="PASS" start="2024-06-05T04:20:08.986507" elapsed="0.000249"/>
</kw>
<kw name="Should Be Equal As Numbers" owner="BuiltIn">
<arg>${json_data['results'][0]['location']['postcode']}</arg>
<arg>${json_data['results'][0]['location']['postcode']}</arg>
<doc>Fails if objects are unequal after converting them to real numbers.</doc>
<status status="PASS" start="2024-06-05T04:20:08.987063" elapsed="0.000643"/>
</kw>
<kw name="Log" owner="BuiltIn">
<msg time="2024-06-05T04:20:08.988232" level="INFO">11382</msg>
<arg>${json_data['results'][0]['location']['postcode']}</arg>
<doc>Logs the given message with the given level.</doc>
<status status="PASS" start="2024-06-05T04:20:08.987899" elapsed="0.000374"/>
</kw>
<status status="PASS" start="2024-06-05T04:20:08.896919" elapsed="0.091618"/>
</kw>
<doc>Testa se os tipos de dados na resposta da API estão corretos.</doc>
<tag>testeTiposDados</tag>
<status status="PASS" start="2024-06-05T04:20:08.807377" elapsed="0.181339"/>
</test>
<test id="s1-s1-t5" name="Validar conteudo" line="35">
<kw name="Teste de Tipos de Conteudo" owner="random-user-service">
<kw name="GET On Session" owner="RequestsLibrary">
<msg time="2024-06-05T04:20:09.108934" level="INFO">GET Request : url=https://randomuser.me/api 
 path_url=/api 
 headers={'User-Agent': 'python-requests/2.32.3', 'Accept-Encoding': 'gzip, deflate', 'Accept': '*/*', 'Connection': 'keep-alive'} 
 body=None 
 </msg>
<msg time="2024-06-05T04:20:09.109041" level="INFO">GET Response : url=https://randomuser.me/api 
 status=200, reason=OK 
 headers={'Date': 'Wed, 05 Jun 2024 04:20:09 GMT', 'Content-Type': 'application/json; charset=utf-8', 'Transfer-Encoding': 'chunked', 'Connection': 'keep-alive', 'X-Powered-By': 'Express', 'Access-Control-Allow-Origin': '*', 'Cache-Control': 'no-cache', 'ETag': 'W/"47d-8wfHIDaw7pUF6uHIrdnSI8m3FBE"', 'Vary': 'Accept-Encoding', 'Content-Encoding': 'gzip', 'CF-Cache-Status': 'DYNAMIC', 'Report-To': '{"endpoints":[{"url":"https:\\/\\/a.nel.cloudflare.com\\/report\\/v4?s=KjkHINEgvAN%2FmivozkP9kauaSdZURJu8oZklgKfiJVStqcatMnzLSCIelcwHFVmlfx1p1bYHqFlUuLh4oKYUrv1bgVBAfsKnRQp6vsYizFiULDk1LaJeJV29p3%2FfvOJH"}],"group":"cf-nel","max_age":604800}', 'NEL': '{"success_fraction":0,"report_to":"cf-nel","max_age":604800}', 'Server': 'cloudflare', 'CF-RAY': '88ed5e543a653968-IAD', 'alt-svc': 'h3=":443"; ma=86400'} 
 body={"results":[{"gender":"female","name":{"title":"Miss","first":"Ömür","last":"Tuğlu"},"location":{"street":{"number":2024,"name":"Istiklal Cd"},"city":"Şırnak","state":"Edirne","country":"Turkey","postcode":75218,"coordinates":{"latitude":"65.2053","longitude":"11.9940"},"timezone":{"offset":"-1:00","description":"Azores, Cape Verde Islands"}},"email":"omur.tuglu@example.com","login":{"uuid":"dd0637e4-b49a-49a3-af2c-0b49fc2f660a","username":"smallbear750","password":"bordeaux","salt":"rMPJOpl9","md5":"3efe24b2233f692b8427b1190190f50d","sha1":"3eaea38518c46b19e4931264d0c530a39b6eb0cd","sha256":"2b09050a2d9a5dc21502cb3cc7c68e21e5c1814e3e5c67992a8eecbd7d45058d"},"dob":{"date":"1959-07-31T01:54:59.483Z","age":64},"registered":{"date":"2014-01-29T22:13:59.516Z","age":10},"phone":"(719)-340-6383","cell":"(322)-709-5511","id":{"name":"","value":null},"picture":{"large":"https://randomuser.me/api/portraits/women/91.jpg","medium":"https://randomuser.me/api/portraits/med/women/91.jpg","thumbnail":"https://randomuser.me/api/portraits/thumb/women/91.jpg"},"nat":"TR"}],"info":{"seed":"6d6cc812a3223fe7","results":1,"page":1,"version":"1.4"}} 
 </msg>
<msg time="2024-06-05T04:20:09.109123" level="INFO">/opt/hostedtoolcache/Python/3.12.3/x64/lib/python3.12/site-packages/urllib3/connectionpool.py:1103: InsecureRequestWarning: Unverified HTTPS request is being made to host 'randomuser.me'. Adding certificate verification is strongly advised. See: https://urllib3.readthedocs.io/en/latest/advanced-usage.html#tls-warnings
  warnings.warn(</msg>
<msg time="2024-06-05T04:20:09.109271" level="INFO">${response} = &lt;Response [200]&gt;</msg>
<var>${response}</var>
<arg>consultarAPI</arg>
<arg>/api</arg>
<doc>Sends a GET request on a previously created HTTP Session.</doc>
<status status="PASS" start="2024-06-05T04:20:08.991258" elapsed="0.118055"/>
</kw>
<kw name="Set Variable" owner="BuiltIn">
<msg time="2024-06-05T04:20:09.110606" level="INFO">${json_data} = {'results': [{'gender': 'female', 'name': {'title': 'Miss', 'first': 'Ömür', 'last': 'Tuğlu'}, 'location': {'street': {'number': 2024, 'name': 'Istiklal Cd'}, 'city': 'Şırnak', 'state': 'Edirne', 'cou...</msg>
<var>${json_data}</var>
<arg>${response.json()}</arg>
<doc>Returns the given values which can then be assigned to a variables.</doc>
<status status="PASS" start="2024-06-05T04:20:09.109983" elapsed="0.000654"/>
</kw>
<kw name="Set Variable" owner="BuiltIn">
<msg time="2024-06-05T04:20:09.111351" level="INFO">${name_title} = Miss</msg>
<var>${name_title}</var>
<arg>${json_data["results"][0]["name"]["title"]}</arg>
<doc>Returns the given values which can then be assigned to a variables.</doc>
<status status="PASS" start="2024-06-05T04:20:09.110963" elapsed="0.000413"/>
</kw>
<kw name="Create List" owner="BuiltIn">
<msg time="2024-06-05T04:20:09.111825" level="INFO">${allowed_titles} = ['Mr', 'Ms', 'Miss', 'Mrs', 'Madame', 'Monsieur']</msg>
<var>${allowed_titles}</var>
<arg>Mr</arg>
<arg>Ms</arg>
<arg>Miss</arg>
<arg>Mrs</arg>
<arg>Madame</arg>
<arg>Monsieur</arg>
<doc>Returns a list containing given items.</doc>
<status status="PASS" start="2024-06-05T04:20:09.111678" elapsed="0.000172"/>
</kw>
<kw name="List Should Contain Value" owner="Collections">
<msg time="2024-06-05T04:20:09.112330" level="INFO">False</msg>
<arg>${allowed_titles}</arg>
<arg>${name_title}</arg>
<doc>Fails if the ``value`` is not found from ``list``.</doc>
<status status="PASS" start="2024-06-05T04:20:09.112155" elapsed="0.000212"/>
</kw>
<kw name="Set Variable" owner="BuiltIn">
<msg time="2024-06-05T04:20:09.113239" level="INFO">${name_country} = TR</msg>
<var>${name_country}</var>
<arg>${json_data["results"][0]["nat"]}</arg>
<doc>Returns the given values which can then be assigned to a variables.</doc>
<status status="PASS" start="2024-06-05T04:20:09.112668" elapsed="0.000596"/>
</kw>
<kw name="Create List" owner="BuiltIn">
<msg time="2024-06-05T04:20:09.114210" level="INFO">${list_country} = ['AD', 'AE', 'AF', 'AG', 'AI', 'AL', 'AM', 'AO', 'AQ', 'AR', 'AS', 'AT', 'AU', 'AW', 'AX', 'AZ', 'BA', 'BB', 'BD', 'BE', 'BF', 'BG', 'BH', 'BI', 'BJ', 'BL', 'BM', 'BN', 'BO', 'BQ', 'BR', 'BS', 'BT', '...</msg>
<var>${list_country}</var>
<arg>AD</arg>
<arg>AE</arg>
<arg>AF</arg>
<arg>AG</arg>
<arg>AI</arg>
<arg>AL</arg>
<arg>AM</arg>
<arg>AO</arg>
<arg>AQ</arg>
<arg>AR</arg>
<arg>AS</arg>
<arg>AT</arg>
<arg>AU</arg>
<arg>AW</arg>
<arg>AX</arg>
<arg>AZ</arg>
<arg>BA</arg>
<arg>BB</arg>
<arg>BD</arg>
<arg>BE</arg>
<arg>BF</arg>
<arg>BG</arg>
<arg>BH</arg>
<arg>BI</arg>
<arg>BJ</arg>
<arg>BL</arg>
<arg>BM</arg>
<arg>BN</arg>
<arg>BO</arg>
<arg>BQ</arg>
<arg>BR</arg>
<arg>BS</arg>
<arg>BT</arg>
<arg>BV</arg>
<arg>BW</arg>
<arg>BY</arg>
<arg>BZ</arg>
<arg>CA</arg>
<arg>CC</arg>
<arg>CD</arg>
<arg>CF</arg>
<arg>CG</arg>
<arg>CH</arg>
<arg>CI</arg>
<arg>CK</arg>
<arg>CL</arg>
<arg>CM</arg>
<arg>CN</arg>
<arg>CO</arg>
<arg>CR</arg>
<arg>CU</arg>
<arg>CV</arg>
<arg>CW</arg>
<arg>CX</arg>
<arg>CY</arg>
<arg>CZ</arg>
<arg>DE</arg>
<arg>DJ</arg>
<arg>DK</arg>
<arg>DM</arg>
<arg>DO</arg>
<arg>DZ</arg>
<arg>EC</arg>
<arg>EE</arg>
<arg>EG</arg>
<arg>EH</arg>
<arg>ER</arg>
<arg>ES</arg>
<arg>ET</arg>
<arg>FI</arg>
<arg>FJ</arg>
<arg>FK</arg>
<arg>FM</arg>
<arg>FO</arg>
<arg>FR</arg>
<arg>GA</arg>
<arg>GB</arg>
<arg>GD</arg>
<arg>GE</arg>
<arg>GF</arg>
<arg>GG</arg>
<arg>GH</arg>
<arg>GI</arg>
<arg>GL</arg>
<arg>GM</arg>
<arg>GN</arg>
<arg>GP</arg>
<arg>GQ</arg>
<arg>GR</arg>
<arg>GS</arg>
<arg>GT</arg>
<arg>GU</arg>
<arg>GW</arg>
<arg>GY</arg>
<arg>HK</arg>
<arg>HM</arg>
<arg>HN</arg>
<arg>HR</arg>
<arg>HT</arg>
<arg>HU</arg>
<arg>ID</arg>
<arg>IE</arg>
<arg>IL</arg>
<arg>IM</arg>
<arg>IN</arg>
<arg>IO</arg>
<arg>IQ</arg>
<arg>IR</arg>
<arg>IS</arg>
<arg>IT</arg>
<arg>JE</arg>
<arg>JM</arg>
<arg>JO</arg>
<arg>JP</arg>
<arg>KE</arg>
<arg>KG</arg>
<arg>KH</arg>
<arg>KI</arg>
<arg>KM</arg>
<arg>KN</arg>
<arg>KP</arg>
<arg>KR</arg>
<arg>KW</arg>
<arg>KY</arg>
<arg>KZ</arg>
<arg>LA</arg>
<arg>LB</arg>
<arg>LC</arg>
<arg>LI</arg>
<arg>LK</arg>
<arg>LR</arg>
<arg>LS</arg>
<arg>LT</arg>
<arg>LU</arg>
<arg>LV</arg>
<arg>LY</arg>
<arg>MA</arg>
<arg>MC</arg>
<arg>MD</arg>
<arg>ME</arg>
<arg>MF</arg>
<arg>MG</arg>
<arg>MH</arg>
<arg>MK</arg>
<arg>ML</arg>
<arg>MM</arg>
<arg>MN</arg>
<arg>MO</arg>
<arg>MP</arg>
<arg>MQ</arg>
<arg>MR</arg>
<arg>MS</arg>
<arg>MT</arg>
<arg>MU</arg>
<arg>MV</arg>
<arg>MW</arg>
<arg>MX</arg>
<arg>MY</arg>
<arg>MZ</arg>
<arg>NA</arg>
<arg>NC</arg>
<arg>NE</arg>
<arg>NF</arg>
<arg>NG</arg>
<arg>NI</arg>
<arg>NL</arg>
<arg>NO</arg>
<arg>NP</arg>
<arg>NR</arg>
<arg>NU</arg>
<arg>NZ</arg>
<arg>OM</arg>
<arg>PA</arg>
<arg>PE</arg>
<arg>PF</arg>
<arg>PG</arg>
<arg>PH</arg>
<arg>PK</arg>
<arg>PL</arg>
<arg>PM</arg>
<arg>PN</arg>
<arg>PR</arg>
<arg>PS</arg>
<arg>PT</arg>
<arg>PW</arg>
<arg>PY</arg>
<arg>QA</arg>
<arg>RE</arg>
<arg>RO</arg>
<arg>RS</arg>
<arg>RU</arg>
<arg>RW</arg>
<arg>SA</arg>
<arg>SB</arg>
<arg>SC</arg>
<arg>SD</arg>
<arg>SE</arg>
<arg>SG</arg>
<arg>SH</arg>
<arg>SI</arg>
<arg>SJ</arg>
<arg>SK</arg>
<arg>SL</arg>
<arg>SM</arg>
<arg>SN</arg>
<arg>SO</arg>
<arg>SR</arg>
<arg>SS</arg>
<arg>ST</arg>
<arg>SV</arg>
<arg>SX</arg>
<arg>SY</arg>
<arg>SZ</arg>
<arg>TC</arg>
<arg>TD</arg>
<arg>TF</arg>
<arg>TG</arg>
<arg>TH</arg>
<arg>TJ</arg>
<arg>TK</arg>
<arg>TL</arg>
<arg>TM</arg>
<arg>TN</arg>
<arg>TO</arg>
<arg>TR</arg>
<arg>TT</arg>
<arg>TV</arg>
<arg>TW</arg>
<arg>TZ</arg>
<arg>UA</arg>
<arg>UG</arg>
<arg>UM</arg>
<arg>US</arg>
<arg>UY</arg>
<arg>UZ</arg>
<arg>VA</arg>
<arg>VC</arg>
<arg>VE</arg>
<arg>VG</arg>
<arg>VI</arg>
<arg>VN</arg>
<arg>VU</arg>
<arg>WF</arg>
<arg>WS</arg>
<arg>XK</arg>
<arg>YE</arg>
<arg>YT</arg>
<arg>ZA</arg>
<arg>ZM</arg>
<arg>ZW</arg>
<doc>Returns a list containing given items.</doc>
<status status="PASS" start="2024-06-05T04:20:09.113574" elapsed="0.000664"/>
</kw>
<kw name="List Should Contain Value" owner="Collections">
<msg time="2024-06-05T04:20:09.115249" level="INFO">False</msg>
<arg>${list_country}</arg>
<arg>${name_country}</arg>
<doc>Fails if the ``value`` is not found from ``list``.</doc>
<status status="PASS" start="2024-06-05T04:20:09.115044" elapsed="0.000241"/>
</kw>
<kw name="Run Keyword If" owner="BuiltIn">
<kw name="Should Be True" owner="BuiltIn">
<arg>${True}</arg>
<doc>Fails if the given condition is not true.</doc>
<status status="PASS" start="2024-06-05T04:20:09.116386" elapsed="0.000145"/>
</kw>
<arg>${json_data["results"][0]["location"]["coordinates"]["latitude"]} &gt;= -90 and ${json_data["results"][0]["location"]["coordinates"]["latitude"]} &lt;= 90</arg>
<arg>Should Be True</arg>
<arg>${True}</arg>
<doc>Runs the given keyword with the given arguments, if ``condition`` is true.</doc>
<status status="PASS" start="2024-06-05T04:20:09.115626" elapsed="0.001033"/>
</kw>
<kw name="Run Keyword If" owner="BuiltIn">
<kw name="Should Be True" owner="BuiltIn">
<arg>${True}</arg>
<doc>Fails if the given condition is not true.</doc>
<status status="PASS" start="2024-06-05T04:20:09.117557" elapsed="0.000139"/>
</kw>
<arg>${json_data["results"][0]["location"]["coordinates"]["longitude"]} &gt;= -180 and ${json_data["results"][0]["location"]["coordinates"]["longitude"]} &lt;= 180</arg>
<arg>Should Be True</arg>
<arg>${True}</arg>
<doc>Runs the given keyword with the given arguments, if ``condition`` is true.</doc>
<status status="PASS" start="2024-06-05T04:20:09.116850" elapsed="0.000971"/>
</kw>
<status status="PASS" start="2024-06-05T04:20:08.991022" elapsed="0.126934"/>
</kw>
<doc>Testa o conteúdo específico dos campos retornados pela API.</doc>
<tag>testeConteudo</tag>
<status status="PASS" start="2024-06-05T04:20:08.990537" elapsed="0.127644"/>
</test>
<status status="PASS" start="2024-06-05T04:20:08.163596" elapsed="0.956551"/>
</suite>
<status status="PASS" start="2024-06-05T04:20:08.149596" elapsed="0.975870"/>
</suite>
<statistics>
<total>
<stat pass="5" fail="0" skip="0">All Tests</stat>
</total>
<tag>
<stat pass="1" fail="0" skip="0">testeConteudo</stat>
<stat pass="1" fail="0" skip="0">testeEstruturaResposta</stat>
<stat pass="1" fail="0" skip="0">testeRequisicaoBasica</stat>
<stat pass="1" fail="0" skip="0">testeTiposDados</stat>
</tag>
<suite>
<stat pass="5" fail="0" skip="0" id="s1" name="Tests">Tests</stat>
<stat pass="5" fail="0" skip="0" id="s1-s1" name="Random-User-Test">Tests.Random-User-Test</stat>
</suite>
</statistics>
<errors>
</errors>
</robot>
