<?xml version="1.0" encoding="UTF-8"?>
<robot generator="Robot 7.0.1 (Python 3.12.4 on linux)" generated="2024-07-02T11:13:01.423467" rpa="false" schemaversion="5">
<suite id="s1" name="Tests" source="/home/runner/work/ApiRandomUser/ApiRandomUser/RamdonUser/tests">
<suite id="s1-s1" name="Random-User-Test" source="/home/runner/work/ApiRandomUser/ApiRandomUser/RamdonUser/tests/random-user-test.robot">
<test id="s1-s1-t1" name="Conectar" line="13">
<kw name="Conectar API" owner="random-user-service">
<kw name="Create Session" owner="RequestsLibrary">
<msg time="2024-07-02T11:13:01.847608" level="INFO">Creating Session using : alias=consultarAPI, url=https://randomuser.me/, headers={},                     cookies={}, auth=None, timeout=None, proxies=None, verify=False,                     debug=0 </msg>
<arg>consultarAPI</arg>
<arg>${URL}</arg>
<doc>Create Session: create a HTTP session to a server</doc>
<status status="PASS" start="2024-07-02T11:13:01.847374" elapsed="0.000410"/>
</kw>
<status status="PASS" start="2024-07-02T11:13:01.846437" elapsed="0.001701"/>
</kw>
<status status="PASS" start="2024-07-02T11:13:01.845851" elapsed="0.002477"/>
</test>
<test id="s1-s1-t2" name="Validar retorno 200 e JSON Válido" line="16">
<kw name="Teste de Requisicao Basica" owner="random-user-service">
<kw name="GET On Session" owner="RequestsLibrary">
<msg time="2024-07-02T11:13:02.199953" level="INFO">GET Request : url=https://randomuser.me/api 
 path_url=/api 
 headers={'User-Agent': 'python-requests/2.32.3', 'Accept-Encoding': 'gzip, deflate', 'Accept': '*/*', 'Connection': 'keep-alive'} 
 body=None 
 </msg>
<msg time="2024-07-02T11:13:02.200106" level="INFO">GET Response : url=https://randomuser.me/api 
 status=200, reason=OK 
 headers={'Date': 'Tue, 02 Jul 2024 11:13:02 GMT', 'Content-Type': 'application/json; charset=utf-8', 'Transfer-Encoding': 'chunked', 'Connection': 'keep-alive', 'X-Powered-By': 'Express', 'Access-Control-Allow-Origin': '*', 'Cache-Control': 'no-cache', 'ETag': 'W/"492-PWXQOlEUb14VGnP15zBMLK12ooo"', 'Vary': 'Accept-Encoding', 'Content-Encoding': 'gzip', 'CF-Cache-Status': 'DYNAMIC', 'Report-To': '{"endpoints":[{"url":"https:\\/\\/a.nel.cloudflare.com\\/report\\/v4?s=YCNgI9vsUBSTw%2BSMb%2FI6O3WjILkOJID%2BVPRbRi0iSMDws89w9X54LYNYz9FB%2B0AlRM4RsJY8sWR550i%2ByBLnYB3mfsr%2FfO6g6x9uAovRDf%2Fzl58xfkReX4zMQwjGqrV6"}],"group":"cf-nel","max_age":604800}', 'NEL': '{"success_fraction":0,"report_to":"cf-nel","max_age":604800}', 'Server': 'cloudflare', 'CF-RAY': '89ce3442e8532b82-LAX', 'alt-svc': 'h3=":443"; ma=86400'} 
 body={"results":[{"gender":"female","name":{"title":"Miss","first":"Indie","last":"Walker"},"location":{"street":{"number":1689,"name":"Hugh Watt Drive"},"city":"Nelson","state":"Nelson","country":"New Zealand","postcode":47270,"coordinates":{"latitude":"53.8200","longitude":"174.0860"},"timezone":{"offset":"-6:00","description":"Central Time (US &amp; Canada), Mexico City"}},"email":"indie.walker@example.com","login":{"uuid":"6c132687-672f-4592-a3ae-98e7c805136b","username":"whitelion599","password":"partner","salt":"Bk8tMiBo","md5":"237010d448aa659c3a49dc37a90597fe","sha1":"d993fe5aded5392d117453bef61798be5439c0cf","sha256":"269558f582203e138fba9b22c1c423062b09fa87b3bfd03036f1cbceb190bf11"},"dob":{"date":"1996-02-03T03:54:30.476Z","age":28},"registered":{"date":"2011-12-08T20:38:35.657Z","age":12},"phone":"(503)-014-7805","cell":"(285)-873-8084","id":{"name":"","value":null},"picture":{"large":"https://randomuser.me/api/portraits/women/73.jpg","medium":"https://randomuser.me/api/portraits/med/women/73.jpg","thumbnail":"https://randomuser.me/api/portraits/thumb/women/73.jpg"},"nat":"NZ"}],"info":{"seed":"c8eb54fdf6c240ad","results":1,"page":1,"version":"1.4"}} 
 </msg>
<msg time="2024-07-02T11:13:02.200192" level="INFO">/opt/hostedtoolcache/Python/3.12.4/x64/lib/python3.12/site-packages/urllib3/connectionpool.py:1099: InsecureRequestWarning: Unverified HTTPS request is being made to host 'randomuser.me'. Adding certificate verification is strongly advised. See: https://urllib3.readthedocs.io/en/latest/advanced-usage.html#tls-warnings
  warnings.warn(</msg>
<msg time="2024-07-02T11:13:02.200354" level="INFO">${response} = &lt;Response [200]&gt;</msg>
<var>${response}</var>
<arg>consultarAPI</arg>
<arg>/api</arg>
<doc>Sends a GET request on a previously created HTTP Session.</doc>
<status status="PASS" start="2024-07-02T11:13:01.850949" elapsed="0.349450"/>
</kw>
<kw name="Should Be Equal As Numbers" owner="BuiltIn">
<msg time="2024-07-02T11:13:02.201447" level="INFO">Argument types are:
&lt;class 'int'&gt;
&lt;class 'str'&gt;</msg>
<arg>${response.status_code}</arg>
<arg>200</arg>
<doc>Fails if objects are unequal after converting them to real numbers.</doc>
<status status="PASS" start="2024-07-02T11:13:02.200974" elapsed="0.000537"/>
</kw>
<kw name="Log" owner="BuiltIn">
<msg time="2024-07-02T11:13:02.202169" level="INFO">200</msg>
<arg>${response.status_code}</arg>
<doc>Logs the given message with the given level.</doc>
<status status="PASS" start="2024-07-02T11:13:02.201823" elapsed="0.000387"/>
</kw>
<kw name="Set Variable" owner="BuiltIn">
<msg time="2024-07-02T11:13:02.202937" level="INFO">${json_data} = {'results': [{'gender': 'female', 'name': {'title': 'Miss', 'first': 'Indie', 'last': 'Walker'}, 'location': {'street': {'number': 1689, 'name': 'Hugh Watt Drive'}, 'city': 'Nelson', 'state': 'Nelson'...</msg>
<var>${json_data}</var>
<arg>${response.json()}</arg>
<doc>Returns the given values which can then be assigned to a variables.</doc>
<status status="PASS" start="2024-07-02T11:13:02.202508" elapsed="0.000457"/>
</kw>
<kw name="Dictionary Should Contain Key" owner="Collections">
<arg>${json_data}</arg>
<arg>results</arg>
<doc>Fails if ``key`` is not found from ``dictionary``.</doc>
<status status="PASS" start="2024-07-02T11:13:02.203255" elapsed="0.000163"/>
</kw>
<status status="PASS" start="2024-07-02T11:13:01.850706" elapsed="0.352894"/>
</kw>
<doc>Testa se a API responde corretamente e retorna um objeto JSON válido.</doc>
<tag>testeRequisicaoBasica</tag>
<status status="PASS" start="2024-07-02T11:13:01.850185" elapsed="0.353599"/>
</test>
<test id="s1-s1-t3" name="Validar estrutura de resposta" line="22">
<kw name="Teste de Estrutura de Resposta" owner="random-user-service">
<kw name="GET On Session" owner="RequestsLibrary">
<msg time="2024-07-02T11:13:02.389037" level="INFO">GET Request : url=https://randomuser.me/api 
 path_url=/api 
 headers={'User-Agent': 'python-requests/2.32.3', 'Accept-Encoding': 'gzip, deflate', 'Accept': '*/*', 'Connection': 'keep-alive'} 
 body=None 
 </msg>
<msg time="2024-07-02T11:13:02.389126" level="INFO">GET Response : url=https://randomuser.me/api 
 status=200, reason=OK 
 headers={'Date': 'Tue, 02 Jul 2024 11:13:02 GMT', 'Content-Type': 'application/json; charset=utf-8', 'Transfer-Encoding': 'chunked', 'Connection': 'keep-alive', 'X-Powered-By': 'Express', 'Access-Control-Allow-Origin': '*', 'Cache-Control': 'no-cache', 'ETag': 'W/"48c-WoqolM/5G/70NHj4NLNjiQLaCTU"', 'Vary': 'Accept-Encoding', 'Content-Encoding': 'gzip', 'CF-Cache-Status': 'DYNAMIC', 'Report-To': '{"endpoints":[{"url":"https:\\/\\/a.nel.cloudflare.com\\/report\\/v4?s=XgV%2Bs2Xohepe1%2FLFYd77JG0pZjGgAxKjSs%2BHcYutG4Ti9jouAOKg5pHaRMjBwJiDEbYhBvBZG42wjHRtyEL6%2Bi4Pc0j%2Ff51nhEi%2Fwf5a64YDAZQ0bVMOch2l4OAK617i"}],"group":"cf-nel","max_age":604800}', 'NEL': '{"success_fraction":0,"report_to":"cf-nel","max_age":604800}', 'Server': 'cloudflare', 'CF-RAY': '89ce3444d9fc2b82-LAX', 'alt-svc': 'h3=":443"; ma=86400'} 
 body={"results":[{"gender":"male","name":{"title":"Mr","first":"Alex","last":"Petit"},"location":{"street":{"number":1746,"name":"Rue de L'Abbé-Grégoire"},"city":"Champigny-sur-Marne","state":"Ille-et-Vilaine","country":"France","postcode":25132,"coordinates":{"latitude":"-16.8979","longitude":"-7.8987"},"timezone":{"offset":"+4:30","description":"Kabul"}},"email":"alex.petit@example.com","login":{"uuid":"0ca28372-e44e-4f15-b530-9b3f548abdaf","username":"bluebear637","password":"fatty","salt":"3rt78hwn","md5":"ac31c5c46f542cfa87d5407a6fbf4fd5","sha1":"f869e8015315f5569a75238af8a48bec29085a44","sha256":"87e0afd7a619636b60ee7c77ce81b39ac270d19a4c74e6198d4f96cd5822a393"},"dob":{"date":"1985-07-11T18:48:29.092Z","age":38},"registered":{"date":"2007-01-11T22:04:03.626Z","age":17},"phone":"02-25-67-86-92","cell":"06-76-33-90-16","id":{"name":"INSEE","value":"1850662910660 03"},"picture":{"large":"https://randomuser.me/api/portraits/men/94.jpg","medium":"https://randomuser.me/api/portraits/med/men/94.jpg","thumbnail":"https://randomuser.me/api/portraits/thumb/men/94.jpg"},"nat":"FR"}],"info":{"seed":"854b00393357c8ef","results":1,"page":1,"version":"1.4"}} 
 </msg>
<msg time="2024-07-02T11:13:02.389246" level="INFO">/opt/hostedtoolcache/Python/3.12.4/x64/lib/python3.12/site-packages/urllib3/connectionpool.py:1099: InsecureRequestWarning: Unverified HTTPS request is being made to host 'randomuser.me'. Adding certificate verification is strongly advised. See: https://urllib3.readthedocs.io/en/latest/advanced-usage.html#tls-warnings
  warnings.warn(</msg>
<msg time="2024-07-02T11:13:02.389380" level="INFO">${response} = &lt;Response [200]&gt;</msg>
<var>${response}</var>
<arg>consultarAPI</arg>
<arg>/api</arg>
<doc>Sends a GET request on a previously created HTTP Session.</doc>
<status status="PASS" start="2024-07-02T11:13:02.206452" elapsed="0.182973"/>
</kw>
<kw name="Set Variable" owner="BuiltIn">
<msg time="2024-07-02T11:13:02.390409" level="INFO">${json_data} = {'results': [{'gender': 'male', 'name': {'title': 'Mr', 'first': 'Alex', 'last': 'Petit'}, 'location': {'street': {'number': 1746, 'name': "Rue de L'Abbé-Grégoire"}, 'city': 'Champigny-sur-Marne', 'st...</msg>
<var>${json_data}</var>
<arg>${response.json()}</arg>
<doc>Returns the given values which can then be assigned to a variables.</doc>
<status status="PASS" start="2024-07-02T11:13:02.389913" elapsed="0.000525"/>
</kw>
<kw name="Log" owner="BuiltIn">
<msg time="2024-07-02T11:13:02.390903" level="INFO">{'results': [{'gender': 'male', 'name': {'title': 'Mr', 'first': 'Alex', 'last': 'Petit'}, 'location': {'street': {'number': 1746, 'name': "Rue de L'Abbé-Grégoire"}, 'city': 'Champigny-sur-Marne', 'state': 'Ille-et-Vilaine', 'country': 'France', 'postcode': 25132, 'coordinates': {'latitude': '-16.8979', 'longitude': '-7.8987'}, 'timezone': {'offset': '+4:30', 'description': 'Kabul'}}, 'email': 'alex.petit@example.com', 'login': {'uuid': '0ca28372-e44e-4f15-b530-9b3f548abdaf', 'username': 'bluebear637', 'password': 'fatty', 'salt': '3rt78hwn', 'md5': 'ac31c5c46f542cfa87d5407a6fbf4fd5', 'sha1': 'f869e8015315f5569a75238af8a48bec29085a44', 'sha256': '87e0afd7a619636b60ee7c77ce81b39ac270d19a4c74e6198d4f96cd5822a393'}, 'dob': {'date': '1985-07-11T18:48:29.092Z', 'age': 38}, 'registered': {'date': '2007-01-11T22:04:03.626Z', 'age': 17}, 'phone': '02-25-67-86-92', 'cell': '06-76-33-90-16', 'id': {'name': 'INSEE', 'value': '1850662910660 03'}, 'picture': {'large': 'https://randomuser.me/api/portraits/men/94.jpg', 'medium': 'https://randomuser.me/api/portraits/med/men/94.jpg', 'thumbnail': 'https://randomuser.me/api/portraits/thumb/men/94.jpg'}, 'nat': 'FR'}], 'info': {'seed': '854b00393357c8ef', 'results': 1, 'page': 1, 'version': '1.4'}}</msg>
<arg>${json_data}</arg>
<doc>Logs the given message with the given level.</doc>
<status status="PASS" start="2024-07-02T11:13:02.390743" elapsed="0.000208"/>
</kw>
<kw name="Dictionary Should Contain Key" owner="Collections">
<arg>${json_data}</arg>
<arg>results</arg>
<doc>Fails if ``key`` is not found from ``dictionary``.</doc>
<status status="PASS" start="2024-07-02T11:13:02.391242" elapsed="0.000157"/>
</kw>
<kw name="Should Not Be Empty" owner="BuiltIn">
<msg time="2024-07-02T11:13:02.391771" level="INFO">Length is 2.</msg>
<arg>${json_data}</arg>
<doc>Verifies that the given item is not empty.</doc>
<status status="PASS" start="2024-07-02T11:13:02.391625" elapsed="0.000185"/>
</kw>
<kw name="Create List" owner="BuiltIn">
<msg time="2024-07-02T11:13:02.392404" level="INFO">${expected_keys} = ['gender', 'name', 'location', 'email', 'login']</msg>
<var>${expected_keys}</var>
<arg>gender</arg>
<arg>name</arg>
<arg>location</arg>
<arg>email</arg>
<arg>login</arg>
<doc>Returns a list containing given items.</doc>
<status status="PASS" start="2024-07-02T11:13:02.392107" elapsed="0.000322"/>
</kw>
<for flavor="IN">
<iter>
<kw name="Dictionary Should Contain Key" owner="Collections">
<arg>${json_data['results'][0]}</arg>
<arg>${key}</arg>
<doc>Fails if ``key`` is not found from ``dictionary``.</doc>
<status status="PASS" start="2024-07-02T11:13:02.393001" elapsed="0.000387"/>
</kw>
<kw name="Log" owner="BuiltIn">
<msg time="2024-07-02T11:13:02.393930" level="INFO">{'gender': 'male', 'name': {'title': 'Mr', 'first': 'Alex', 'last': 'Petit'}, 'location': {'street': {'number': 1746, 'name': "Rue de L'Abbé-Grégoire"}, 'city': 'Champigny-sur-Marne', 'state': 'Ille-et-Vilaine', 'country': 'France', 'postcode': 25132, 'coordinates': {'latitude': '-16.8979', 'longitude': '-7.8987'}, 'timezone': {'offset': '+4:30', 'description': 'Kabul'}}, 'email': 'alex.petit@example.com', 'login': {'uuid': '0ca28372-e44e-4f15-b530-9b3f548abdaf', 'username': 'bluebear637', 'password': 'fatty', 'salt': '3rt78hwn', 'md5': 'ac31c5c46f542cfa87d5407a6fbf4fd5', 'sha1': 'f869e8015315f5569a75238af8a48bec29085a44', 'sha256': '87e0afd7a619636b60ee7c77ce81b39ac270d19a4c74e6198d4f96cd5822a393'}, 'dob': {'date': '1985-07-11T18:48:29.092Z', 'age': 38}, 'registered': {'date': '2007-01-11T22:04:03.626Z', 'age': 17}, 'phone': '02-25-67-86-92', 'cell': '06-76-33-90-16', 'id': {'name': 'INSEE', 'value': '1850662910660 03'}, 'picture': {'large': 'https://randomuser.me/api/portraits/men/94.jpg', 'medium': 'https://randomuser.me/api/portraits/med/men/94.jpg', 'thumbnail': 'https://randomuser.me/api/portraits/thumb/men/94.jpg'}, 'nat': 'FR'}</msg>
<arg>${json_data['results'][0]}</arg>
<doc>Logs the given message with the given level.</doc>
<status status="PASS" start="2024-07-02T11:13:02.393571" elapsed="0.000407"/>
</kw>
<kw name="Log" owner="BuiltIn">
<msg time="2024-07-02T11:13:02.394404" level="INFO">gender</msg>
<arg>${key}</arg>
<doc>Logs the given message with the given level.</doc>
<status status="PASS" start="2024-07-02T11:13:02.394277" elapsed="0.000164"/>
</kw>
<var name="${key}">gender</var>
<status status="PASS" start="2024-07-02T11:13:02.392879" elapsed="0.001778"/>
</iter>
<iter>
<kw name="Dictionary Should Contain Key" owner="Collections">
<arg>${json_data['results'][0]}</arg>
<arg>${key}</arg>
<doc>Fails if ``key`` is not found from ``dictionary``.</doc>
<status status="PASS" start="2024-07-02T11:13:02.394946" elapsed="0.000391"/>
</kw>
<kw name="Log" owner="BuiltIn">
<msg time="2024-07-02T11:13:02.395897" level="INFO">{'gender': 'male', 'name': {'title': 'Mr', 'first': 'Alex', 'last': 'Petit'}, 'location': {'street': {'number': 1746, 'name': "Rue de L'Abbé-Grégoire"}, 'city': 'Champigny-sur-Marne', 'state': 'Ille-et-Vilaine', 'country': 'France', 'postcode': 25132, 'coordinates': {'latitude': '-16.8979', 'longitude': '-7.8987'}, 'timezone': {'offset': '+4:30', 'description': 'Kabul'}}, 'email': 'alex.petit@example.com', 'login': {'uuid': '0ca28372-e44e-4f15-b530-9b3f548abdaf', 'username': 'bluebear637', 'password': 'fatty', 'salt': '3rt78hwn', 'md5': 'ac31c5c46f542cfa87d5407a6fbf4fd5', 'sha1': 'f869e8015315f5569a75238af8a48bec29085a44', 'sha256': '87e0afd7a619636b60ee7c77ce81b39ac270d19a4c74e6198d4f96cd5822a393'}, 'dob': {'date': '1985-07-11T18:48:29.092Z', 'age': 38}, 'registered': {'date': '2007-01-11T22:04:03.626Z', 'age': 17}, 'phone': '02-25-67-86-92', 'cell': '06-76-33-90-16', 'id': {'name': 'INSEE', 'value': '1850662910660 03'}, 'picture': {'large': 'https://randomuser.me/api/portraits/men/94.jpg', 'medium': 'https://randomuser.me/api/portraits/med/men/94.jpg', 'thumbnail': 'https://randomuser.me/api/portraits/thumb/men/94.jpg'}, 'nat': 'FR'}</msg>
<arg>${json_data['results'][0]}</arg>
<doc>Logs the given message with the given level.</doc>
<status status="PASS" start="2024-07-02T11:13:02.395516" elapsed="0.000464"/>
</kw>
<kw name="Log" owner="BuiltIn">
<msg time="2024-07-02T11:13:02.396405" level="INFO">name</msg>
<arg>${key}</arg>
<doc>Logs the given message with the given level.</doc>
<status status="PASS" start="2024-07-02T11:13:02.396278" elapsed="0.000163"/>
</kw>
<var name="${key}">name</var>
<status status="PASS" start="2024-07-02T11:13:02.394837" elapsed="0.001822"/>
</iter>
<iter>
<kw name="Dictionary Should Contain Key" owner="Collections">
<arg>${json_data['results'][0]}</arg>
<arg>${key}</arg>
<doc>Fails if ``key`` is not found from ``dictionary``.</doc>
<status status="PASS" start="2024-07-02T11:13:02.396939" elapsed="0.000373"/>
</kw>
<kw name="Log" owner="BuiltIn">
<msg time="2024-07-02T11:13:02.397841" level="INFO">{'gender': 'male', 'name': {'title': 'Mr', 'first': 'Alex', 'last': 'Petit'}, 'location': {'street': {'number': 1746, 'name': "Rue de L'Abbé-Grégoire"}, 'city': 'Champigny-sur-Marne', 'state': 'Ille-et-Vilaine', 'country': 'France', 'postcode': 25132, 'coordinates': {'latitude': '-16.8979', 'longitude': '-7.8987'}, 'timezone': {'offset': '+4:30', 'description': 'Kabul'}}, 'email': 'alex.petit@example.com', 'login': {'uuid': '0ca28372-e44e-4f15-b530-9b3f548abdaf', 'username': 'bluebear637', 'password': 'fatty', 'salt': '3rt78hwn', 'md5': 'ac31c5c46f542cfa87d5407a6fbf4fd5', 'sha1': 'f869e8015315f5569a75238af8a48bec29085a44', 'sha256': '87e0afd7a619636b60ee7c77ce81b39ac270d19a4c74e6198d4f96cd5822a393'}, 'dob': {'date': '1985-07-11T18:48:29.092Z', 'age': 38}, 'registered': {'date': '2007-01-11T22:04:03.626Z', 'age': 17}, 'phone': '02-25-67-86-92', 'cell': '06-76-33-90-16', 'id': {'name': 'INSEE', 'value': '1850662910660 03'}, 'picture': {'large': 'https://randomuser.me/api/portraits/men/94.jpg', 'medium': 'https://randomuser.me/api/portraits/med/men/94.jpg', 'thumbnail': 'https://randomuser.me/api/portraits/thumb/men/94.jpg'}, 'nat': 'FR'}</msg>
<arg>${json_data['results'][0]}</arg>
<doc>Logs the given message with the given level.</doc>
<status status="PASS" start="2024-07-02T11:13:02.397491" elapsed="0.000398"/>
</kw>
<kw name="Log" owner="BuiltIn">
<msg time="2024-07-02T11:13:02.398315" level="INFO">location</msg>
<arg>${key}</arg>
<doc>Logs the given message with the given level.</doc>
<status status="PASS" start="2024-07-02T11:13:02.398188" elapsed="0.000163"/>
</kw>
<var name="${key}">location</var>
<status status="PASS" start="2024-07-02T11:13:02.396832" elapsed="0.001735"/>
</iter>
<iter>
<kw name="Dictionary Should Contain Key" owner="Collections">
<arg>${json_data['results'][0]}</arg>
<arg>${key}</arg>
<doc>Fails if ``key`` is not found from ``dictionary``.</doc>
<status status="PASS" start="2024-07-02T11:13:02.398833" elapsed="0.000386"/>
</kw>
<kw name="Log" owner="BuiltIn">
<msg time="2024-07-02T11:13:02.399792" level="INFO">{'gender': 'male', 'name': {'title': 'Mr', 'first': 'Alex', 'last': 'Petit'}, 'location': {'street': {'number': 1746, 'name': "Rue de L'Abbé-Grégoire"}, 'city': 'Champigny-sur-Marne', 'state': 'Ille-et-Vilaine', 'country': 'France', 'postcode': 25132, 'coordinates': {'latitude': '-16.8979', 'longitude': '-7.8987'}, 'timezone': {'offset': '+4:30', 'description': 'Kabul'}}, 'email': 'alex.petit@example.com', 'login': {'uuid': '0ca28372-e44e-4f15-b530-9b3f548abdaf', 'username': 'bluebear637', 'password': 'fatty', 'salt': '3rt78hwn', 'md5': 'ac31c5c46f542cfa87d5407a6fbf4fd5', 'sha1': 'f869e8015315f5569a75238af8a48bec29085a44', 'sha256': '87e0afd7a619636b60ee7c77ce81b39ac270d19a4c74e6198d4f96cd5822a393'}, 'dob': {'date': '1985-07-11T18:48:29.092Z', 'age': 38}, 'registered': {'date': '2007-01-11T22:04:03.626Z', 'age': 17}, 'phone': '02-25-67-86-92', 'cell': '06-76-33-90-16', 'id': {'name': 'INSEE', 'value': '1850662910660 03'}, 'picture': {'large': 'https://randomuser.me/api/portraits/men/94.jpg', 'medium': 'https://randomuser.me/api/portraits/med/men/94.jpg', 'thumbnail': 'https://randomuser.me/api/portraits/thumb/men/94.jpg'}, 'nat': 'FR'}</msg>
<arg>${json_data['results'][0]}</arg>
<doc>Logs the given message with the given level.</doc>
<status status="PASS" start="2024-07-02T11:13:02.399398" elapsed="0.000444"/>
</kw>
<kw name="Log" owner="BuiltIn">
<msg time="2024-07-02T11:13:02.400265" level="INFO">email</msg>
<arg>${key}</arg>
<doc>Logs the given message with the given level.</doc>
<status status="PASS" start="2024-07-02T11:13:02.400140" elapsed="0.000162"/>
</kw>
<var name="${key}">email</var>
<status status="PASS" start="2024-07-02T11:13:02.398730" elapsed="0.001787"/>
</iter>
<iter>
<kw name="Dictionary Should Contain Key" owner="Collections">
<arg>${json_data['results'][0]}</arg>
<arg>${key}</arg>
<doc>Fails if ``key`` is not found from ``dictionary``.</doc>
<status status="PASS" start="2024-07-02T11:13:02.400800" elapsed="0.000381"/>
</kw>
<kw name="Log" owner="BuiltIn">
<msg time="2024-07-02T11:13:02.401712" level="INFO">{'gender': 'male', 'name': {'title': 'Mr', 'first': 'Alex', 'last': 'Petit'}, 'location': {'street': {'number': 1746, 'name': "Rue de L'Abbé-Grégoire"}, 'city': 'Champigny-sur-Marne', 'state': 'Ille-et-Vilaine', 'country': 'France', 'postcode': 25132, 'coordinates': {'latitude': '-16.8979', 'longitude': '-7.8987'}, 'timezone': {'offset': '+4:30', 'description': 'Kabul'}}, 'email': 'alex.petit@example.com', 'login': {'uuid': '0ca28372-e44e-4f15-b530-9b3f548abdaf', 'username': 'bluebear637', 'password': 'fatty', 'salt': '3rt78hwn', 'md5': 'ac31c5c46f542cfa87d5407a6fbf4fd5', 'sha1': 'f869e8015315f5569a75238af8a48bec29085a44', 'sha256': '87e0afd7a619636b60ee7c77ce81b39ac270d19a4c74e6198d4f96cd5822a393'}, 'dob': {'date': '1985-07-11T18:48:29.092Z', 'age': 38}, 'registered': {'date': '2007-01-11T22:04:03.626Z', 'age': 17}, 'phone': '02-25-67-86-92', 'cell': '06-76-33-90-16', 'id': {'name': 'INSEE', 'value': '1850662910660 03'}, 'picture': {'large': 'https://randomuser.me/api/portraits/men/94.jpg', 'medium': 'https://randomuser.me/api/portraits/med/men/94.jpg', 'thumbnail': 'https://randomuser.me/api/portraits/thumb/men/94.jpg'}, 'nat': 'FR'}</msg>
<arg>${json_data['results'][0]}</arg>
<doc>Logs the given message with the given level.</doc>
<status status="PASS" start="2024-07-02T11:13:02.401359" elapsed="0.000400"/>
</kw>
<kw name="Log" owner="BuiltIn">
<msg time="2024-07-02T11:13:02.402171" level="INFO">login</msg>
<arg>${key}</arg>
<doc>Logs the given message with the given level.</doc>
<status status="PASS" start="2024-07-02T11:13:02.402047" elapsed="0.000160"/>
</kw>
<var name="${key}">login</var>
<status status="PASS" start="2024-07-02T11:13:02.400685" elapsed="0.001736"/>
</iter>
<var>${key}</var>
<value>@{expected_keys}</value>
<status status="PASS" start="2024-07-02T11:13:02.392691" elapsed="0.009846"/>
</for>
<kw name="Create List" owner="BuiltIn">
<msg time="2024-07-02T11:13:02.402856" level="INFO">${expected_keysTwo} = ['username', 'password']</msg>
<var>${expected_keysTwo}</var>
<arg>username</arg>
<arg>password</arg>
<doc>Returns a list containing given items.</doc>
<status status="PASS" start="2024-07-02T11:13:02.402720" elapsed="0.000187"/>
</kw>
<for flavor="IN">
<iter>
<kw name="Dictionary Should Contain Key" owner="Collections">
<arg>${json_data['results'][0]['login']}</arg>
<arg>${keyTwo}</arg>
<doc>Fails if ``key`` is not found from ``dictionary``.</doc>
<status status="PASS" start="2024-07-02T11:13:02.403397" elapsed="0.000423"/>
</kw>
<kw name="Dictionary Should Contain Key" owner="Collections">
<arg>${json_data['results'][0]['login']}</arg>
<arg>${keyTwo}</arg>
<doc>Fails if ``key`` is not found from ``dictionary``.</doc>
<status status="PASS" start="2024-07-02T11:13:02.403998" elapsed="0.000370"/>
</kw>
<kw name="Log" owner="BuiltIn">
<msg time="2024-07-02T11:13:02.404672" level="INFO">username</msg>
<arg>${keyTwo}</arg>
<doc>Logs the given message with the given level.</doc>
<status status="PASS" start="2024-07-02T11:13:02.404550" elapsed="0.000158"/>
</kw>
<var name="${keyTwo}">username</var>
<status status="PASS" start="2024-07-02T11:13:02.403293" elapsed="0.001636"/>
</iter>
<iter>
<kw name="Dictionary Should Contain Key" owner="Collections">
<arg>${json_data['results'][0]['login']}</arg>
<arg>${keyTwo}</arg>
<doc>Fails if ``key`` is not found from ``dictionary``.</doc>
<status status="PASS" start="2024-07-02T11:13:02.405201" elapsed="0.000377"/>
</kw>
<kw name="Dictionary Should Contain Key" owner="Collections">
<arg>${json_data['results'][0]['login']}</arg>
<arg>${keyTwo}</arg>
<doc>Fails if ``key`` is not found from ``dictionary``.</doc>
<status status="PASS" start="2024-07-02T11:13:02.405750" elapsed="0.000366"/>
</kw>
<kw name="Log" owner="BuiltIn">
<msg time="2024-07-02T11:13:02.406406" level="INFO">password</msg>
<arg>${keyTwo}</arg>
<doc>Logs the given message with the given level.</doc>
<status status="PASS" start="2024-07-02T11:13:02.406289" elapsed="0.000157"/>
</kw>
<var name="${keyTwo}">password</var>
<status status="PASS" start="2024-07-02T11:13:02.405097" elapsed="0.001657"/>
</iter>
<var>${keyTwo}</var>
<value>@{expected_keysTwo}</value>
<status status="PASS" start="2024-07-02T11:13:02.403146" elapsed="0.003728"/>
</for>
<status status="PASS" start="2024-07-02T11:13:02.206217" elapsed="0.200793"/>
</kw>
<doc>Testa a estrutura da resposta da API.</doc>
<tag>testeEstruturaResposta</tag>
<status status="PASS" start="2024-07-02T11:13:02.205621" elapsed="0.201539"/>
</test>
<test id="s1-s1-t4" name="Validar tipos de dados" line="28">
<kw name="Teste de Tipos de Dados" owner="random-user-service">
<kw name="GET On Session" owner="RequestsLibrary">
<msg time="2024-07-02T11:13:02.526968" level="INFO">GET Request : url=https://randomuser.me/api 
 path_url=/api 
 headers={'User-Agent': 'python-requests/2.32.3', 'Accept-Encoding': 'gzip, deflate', 'Accept': '*/*', 'Connection': 'keep-alive'} 
 body=None 
 </msg>
<msg time="2024-07-02T11:13:02.527043" level="INFO">GET Response : url=https://randomuser.me/api 
 status=200, reason=OK 
 headers={'Date': 'Tue, 02 Jul 2024 11:13:02 GMT', 'Content-Type': 'application/json; charset=utf-8', 'Transfer-Encoding': 'chunked', 'Connection': 'keep-alive', 'X-Powered-By': 'Express', 'Access-Control-Allow-Origin': '*', 'Cache-Control': 'no-cache', 'ETag': 'W/"491-t5yJiWyc9Cig/UMwzWNAh8jeJ5w"', 'Vary': 'Accept-Encoding', 'Content-Encoding': 'gzip', 'CF-Cache-Status': 'DYNAMIC', 'Report-To': '{"endpoints":[{"url":"https:\\/\\/a.nel.cloudflare.com\\/report\\/v4?s=kbcQoaMUMlnyaN4ZHVbdGwNFso0wGnfYNjkMoiUfqpcEmN02k%2FYr37%2Bvu5j9SaQ1P9JEQQ40YtsGrzCpfHq5f5B2E7ECng3Od8zwxUqCQtYJEE2jrG4ha3zDbrTq8SKS"}],"group":"cf-nel","max_age":604800}', 'NEL': '{"success_fraction":0,"report_to":"cf-nel","max_age":604800}', 'Server': 'cloudflare', 'CF-RAY': '89ce34461b102b82-LAX', 'alt-svc': 'h3=":443"; ma=86400'} 
 body={"results":[{"gender":"female","name":{"title":"Ms","first":"Pavati","last":"Kavser"},"location":{"street":{"number":5678,"name":"Gandhi Maidan Marg"},"city":"Suryapet","state":"Bihar","country":"India","postcode":37488,"coordinates":{"latitude":"10.7843","longitude":"177.4066"},"timezone":{"offset":"-3:00","description":"Brazil, Buenos Aires, Georgetown"}},"email":"pavati.kavser@example.com","login":{"uuid":"86b595e2-4f61-4047-9f65-ab2ddf532a69","username":"greenostrich763","password":"harold","salt":"0AhdpD27","md5":"72b81bd635bc2611d5ef501681c456e2","sha1":"8fa0695b8f4f225af26c2c700240fafcd1330a4a","sha256":"a7aaf75f3da9dfe86a76394950d37aabbbbfb7c0f0e4d4360ade111f6091b320"},"dob":{"date":"1952-05-17T10:32:01.777Z","age":72},"registered":{"date":"2018-12-21T09:22:40.527Z","age":5},"phone":"9321646789","cell":"7692886656","id":{"name":"UIDAI","value":"843089228648"},"picture":{"large":"https://randomuser.me/api/portraits/women/82.jpg","medium":"https://randomuser.me/api/portraits/med/women/82.jpg","thumbnail":"https://randomuser.me/api/portraits/thumb/women/82.jpg"},"nat":"IN"}],"info":{"seed":"d02c5b448a573920","results":1,"page":1,"version":"1.4"}} 
 </msg>
<msg time="2024-07-02T11:13:02.527111" level="INFO">/opt/hostedtoolcache/Python/3.12.4/x64/lib/python3.12/site-packages/urllib3/connectionpool.py:1099: InsecureRequestWarning: Unverified HTTPS request is being made to host 'randomuser.me'. Adding certificate verification is strongly advised. See: https://urllib3.readthedocs.io/en/latest/advanced-usage.html#tls-warnings
  warnings.warn(</msg>
<msg time="2024-07-02T11:13:02.527219" level="INFO">${response} = &lt;Response [200]&gt;</msg>
<var>${response}</var>
<arg>consultarAPI</arg>
<arg>/api</arg>
<doc>Sends a GET request on a previously created HTTP Session.</doc>
<status status="PASS" start="2024-07-02T11:13:02.409770" elapsed="0.117502"/>
</kw>
<kw name="Set Variable" owner="BuiltIn">
<msg time="2024-07-02T11:13:02.528353" level="INFO">${json_data} = {'results': [{'gender': 'female', 'name': {'title': 'Ms', 'first': 'Pavati', 'last': 'Kavser'}, 'location': {'street': {'number': 5678, 'name': 'Gandhi Maidan Marg'}, 'city': 'Suryapet', 'state': 'Bih...</msg>
<var>${json_data}</var>
<arg>${response.json()}</arg>
<doc>Returns the given values which can then be assigned to a variables.</doc>
<status status="PASS" start="2024-07-02T11:13:02.527770" elapsed="0.000612"/>
</kw>
<kw name="Log" owner="BuiltIn">
<msg time="2024-07-02T11:13:02.528846" level="INFO">{'results': [{'gender': 'female', 'name': {'title': 'Ms', 'first': 'Pavati', 'last': 'Kavser'}, 'location': {'street': {'number': 5678, 'name': 'Gandhi Maidan Marg'}, 'city': 'Suryapet', 'state': 'Bihar', 'country': 'India', 'postcode': 37488, 'coordinates': {'latitude': '10.7843', 'longitude': '177.4066'}, 'timezone': {'offset': '-3:00', 'description': 'Brazil, Buenos Aires, Georgetown'}}, 'email': 'pavati.kavser@example.com', 'login': {'uuid': '86b595e2-4f61-4047-9f65-ab2ddf532a69', 'username': 'greenostrich763', 'password': 'harold', 'salt': '0AhdpD27', 'md5': '72b81bd635bc2611d5ef501681c456e2', 'sha1': '8fa0695b8f4f225af26c2c700240fafcd1330a4a', 'sha256': 'a7aaf75f3da9dfe86a76394950d37aabbbbfb7c0f0e4d4360ade111f6091b320'}, 'dob': {'date': '1952-05-17T10:32:01.777Z', 'age': 72}, 'registered': {'date': '2018-12-21T09:22:40.527Z', 'age': 5}, 'phone': '9321646789', 'cell': '7692886656', 'id': {'name': 'UIDAI', 'value': '843089228648'}, 'picture': {'large': 'https://randomuser.me/api/portraits/women/82.jpg', 'medium': 'https://randomuser.me/api/portraits/med/women/82.jpg', 'thumbnail': 'https://randomuser.me/api/portraits/thumb/women/82.jpg'}, 'nat': 'IN'}], 'info': {'seed': 'd02c5b448a573920', 'results': 1, 'page': 1, 'version': '1.4'}}</msg>
<arg>${json_data}</arg>
<doc>Logs the given message with the given level.</doc>
<status status="PASS" start="2024-07-02T11:13:02.528689" elapsed="0.000202"/>
</kw>
<kw name="Should Be String" owner="String">
<arg>${json_data['results'][0]['gender']}</arg>
<doc>Fails if the given ``item`` is not a string.</doc>
<status status="PASS" start="2024-07-02T11:13:02.529178" elapsed="0.000357"/>
</kw>
<kw name="Should Match Regexp" owner="BuiltIn">
<arg>${json_data['results'][0]['email']}</arg>
<arg>^[a-zA-Z0-9._%+-]+@[a-zA-Z0-9.-]+\.[a-zA-Z]{2,}$</arg>
<doc>Fails if ``string`` does not match ``pattern`` as a regular expression.</doc>
<status status="PASS" start="2024-07-02T11:13:02.529718" elapsed="0.000500"/>
</kw>
<kw name="Should Match Regexp" owner="BuiltIn">
<arg>${json_data['results'][0]['dob']['date']}</arg>
<arg>\\d{4}-\\d{2}-\\d{2}T\\d{2}:\\d{2}:\\d{2}\\.\\d{3}Z</arg>
<doc>Fails if ``string`` does not match ``pattern`` as a regular expression.</doc>
<status status="PASS" start="2024-07-02T11:13:02.530444" elapsed="0.000478"/>
</kw>
<kw name="Should Match Regexp" owner="BuiltIn">
<arg>${json_data['results'][0]['registered']['date']}</arg>
<arg>\\d{4}-\\d{2}-\\d{2}T\\d{2}:\\d{2}:\\d{2}\\.\\d{3}Z</arg>
<doc>Fails if ``string`` does not match ``pattern`` as a regular expression.</doc>
<status status="PASS" start="2024-07-02T11:13:02.531108" elapsed="0.000361"/>
</kw>
<kw name="Should Match Regexp" owner="BuiltIn">
<arg>${json_data['results'][0]['picture']['large']}</arg>
<arg>^https?://.*\.(?:png|jpe?g|gif|bmp)$</arg>
<doc>Fails if ``string`` does not match ``pattern`` as a regular expression.</doc>
<status status="PASS" start="2024-07-02T11:13:02.531689" elapsed="0.000465"/>
</kw>
<kw name="Should Match Regexp" owner="BuiltIn">
<arg>${json_data['results'][0]['picture']['medium']}</arg>
<arg>^https?://.*\.(?:png|jpe?g|gif|bmp)$</arg>
<doc>Fails if ``string`` does not match ``pattern`` as a regular expression.</doc>
<status status="PASS" start="2024-07-02T11:13:02.532334" elapsed="0.000344"/>
</kw>
<kw name="Should Match Regexp" owner="BuiltIn">
<arg>${json_data['results'][0]['picture']['thumbnail']}</arg>
<arg>^https?://.*\.(?:png|jpe?g|gif|bmp)$</arg>
<doc>Fails if ``string`` does not match ``pattern`` as a regular expression.</doc>
<status status="PASS" start="2024-07-02T11:13:02.532856" elapsed="0.000339"/>
</kw>
<kw name="Log" owner="BuiltIn">
<msg time="2024-07-02T11:13:02.533697" level="INFO">{'large': 'https://randomuser.me/api/portraits/women/82.jpg', 'medium': 'https://randomuser.me/api/portraits/med/women/82.jpg', 'thumbnail': 'https://randomuser.me/api/portraits/thumb/women/82.jpg'}</msg>
<arg>${json_data['results'][0]['picture']}</arg>
<doc>Logs the given message with the given level.</doc>
<status status="PASS" start="2024-07-02T11:13:02.533374" elapsed="0.000364"/>
</kw>
<status status="PASS" start="2024-07-02T11:13:02.409544" elapsed="0.124443"/>
</kw>
<kw name="Teste de Tipos de Dados - Postcode" owner="random-user-service">
<kw name="GET On Session" owner="RequestsLibrary">
<msg time="2024-07-02T11:13:02.652806" level="INFO">GET Request : url=https://randomuser.me/api 
 path_url=/api 
 headers={'User-Agent': 'python-requests/2.32.3', 'Accept-Encoding': 'gzip, deflate', 'Accept': '*/*', 'Connection': 'keep-alive'} 
 body=None 
 </msg>
<msg time="2024-07-02T11:13:02.652894" level="INFO">GET Response : url=https://randomuser.me/api 
 status=200, reason=OK 
 headers={'Date': 'Tue, 02 Jul 2024 11:13:02 GMT', 'Content-Type': 'application/json; charset=utf-8', 'Transfer-Encoding': 'chunked', 'Connection': 'keep-alive', 'X-Powered-By': 'Express', 'Access-Control-Allow-Origin': '*', 'Cache-Control': 'no-cache', 'ETag': 'W/"471-/0k0nUct6sDSbEvgZjrCc8+OIMY"', 'Vary': 'Accept-Encoding', 'Content-Encoding': 'gzip', 'CF-Cache-Status': 'DYNAMIC', 'Report-To': '{"endpoints":[{"url":"https:\\/\\/a.nel.cloudflare.com\\/report\\/v4?s=ItdNFKfc5BIh6KwMtyxGJm3PKVw%2Bof1Pa8%2FbkC2YYtQ4EZRVBhYKbzH9ci79J2DCGPk6yNTU%2B8eNDu0LV8LI6e2fRP81S9V7RQT8u3oGgcUyVovEUTrXAz0fZq%2FZCRUN"}],"group":"cf-nel","max_age":604800}', 'NEL': '{"success_fraction":0,"report_to":"cf-nel","max_age":604800}', 'Server': 'cloudflare', 'CF-RAY': '89ce3446dbd32b82-LAX', 'alt-svc': 'h3=":443"; ma=86400'} 
 body={"results":[{"gender":"female","name":{"title":"Miss","first":"Rosa","last":"Jørgensen"},"location":{"street":{"number":1471,"name":"Dannevang"},"city":"Ulsted, Hals","state":"Sjælland","country":"Denmark","postcode":45814,"coordinates":{"latitude":"-41.9824","longitude":"10.6632"},"timezone":{"offset":"-9:00","description":"Alaska"}},"email":"rosa.jorgensen@example.com","login":{"uuid":"c50221ec-6ba5-45e2-a89b-d21e9f656fbe","username":"sadsnake231","password":"mazda","salt":"TOvu5kiG","md5":"89bfabf53ee52bf89d025c50f2321dae","sha1":"9148e59e51d91f1dbf442ec4f88214a5aefea586","sha256":"7ede86d8e57674fdcf76f86582a0d072581eeb3dd28c909cd78845170973e546"},"dob":{"date":"1949-11-10T06:46:54.999Z","age":74},"registered":{"date":"2020-04-05T15:01:29.106Z","age":4},"phone":"94339793","cell":"63505555","id":{"name":"CPR","value":"101149-4079"},"picture":{"large":"https://randomuser.me/api/portraits/women/55.jpg","medium":"https://randomuser.me/api/portraits/med/women/55.jpg","thumbnail":"https://randomuser.me/api/portraits/thumb/women/55.jpg"},"nat":"DK"}],"info":{"seed":"39ed477de52ddebd","results":1,"page":1,"version":"1.4"}} 
 </msg>
<msg time="2024-07-02T11:13:02.652966" level="INFO">/opt/hostedtoolcache/Python/3.12.4/x64/lib/python3.12/site-packages/urllib3/connectionpool.py:1099: InsecureRequestWarning: Unverified HTTPS request is being made to host 'randomuser.me'. Adding certificate verification is strongly advised. See: https://urllib3.readthedocs.io/en/latest/advanced-usage.html#tls-warnings
  warnings.warn(</msg>
<msg time="2024-07-02T11:13:02.653084" level="INFO">${response} = &lt;Response [200]&gt;</msg>
<var>${response}</var>
<arg>consultarAPI</arg>
<arg>/api</arg>
<doc>Sends a GET request on a previously created HTTP Session.</doc>
<status status="PASS" start="2024-07-02T11:13:02.534423" elapsed="0.118711"/>
</kw>
<kw name="Set Variable" owner="BuiltIn">
<msg time="2024-07-02T11:13:02.654251" level="INFO">${json_data} = {'results': [{'gender': 'female', 'name': {'title': 'Miss', 'first': 'Rosa', 'last': 'Jørgensen'}, 'location': {'street': {'number': 1471, 'name': 'Dannevang'}, 'city': 'Ulsted, Hals', 'state': 'Sjæll...</msg>
<var>${json_data}</var>
<arg>${response.json()}</arg>
<doc>Returns the given values which can then be assigned to a variables.</doc>
<status status="PASS" start="2024-07-02T11:13:02.653697" elapsed="0.000583"/>
</kw>
<kw name="Log" owner="BuiltIn">
<msg time="2024-07-02T11:13:02.654741" level="INFO">{'results': [{'gender': 'female', 'name': {'title': 'Miss', 'first': 'Rosa', 'last': 'Jørgensen'}, 'location': {'street': {'number': 1471, 'name': 'Dannevang'}, 'city': 'Ulsted, Hals', 'state': 'Sjælland', 'country': 'Denmark', 'postcode': 45814, 'coordinates': {'latitude': '-41.9824', 'longitude': '10.6632'}, 'timezone': {'offset': '-9:00', 'description': 'Alaska'}}, 'email': 'rosa.jorgensen@example.com', 'login': {'uuid': 'c50221ec-6ba5-45e2-a89b-d21e9f656fbe', 'username': 'sadsnake231', 'password': 'mazda', 'salt': 'TOvu5kiG', 'md5': '89bfabf53ee52bf89d025c50f2321dae', 'sha1': '9148e59e51d91f1dbf442ec4f88214a5aefea586', 'sha256': '7ede86d8e57674fdcf76f86582a0d072581eeb3dd28c909cd78845170973e546'}, 'dob': {'date': '1949-11-10T06:46:54.999Z', 'age': 74}, 'registered': {'date': '2020-04-05T15:01:29.106Z', 'age': 4}, 'phone': '94339793', 'cell': '63505555', 'id': {'name': 'CPR', 'value': '101149-4079'}, 'picture': {'large': 'https://randomuser.me/api/portraits/women/55.jpg', 'medium': 'https://randomuser.me/api/portraits/med/women/55.jpg', 'thumbnail': 'https://randomuser.me/api/portraits/thumb/women/55.jpg'}, 'nat': 'DK'}], 'info': {'seed': '39ed477de52ddebd', 'results': 1, 'page': 1, 'version': '1.4'}}</msg>
<arg>${json_data}</arg>
<doc>Logs the given message with the given level.</doc>
<status status="PASS" start="2024-07-02T11:13:02.654586" elapsed="0.000202"/>
</kw>
<kw name="Should Be Equal As Numbers" owner="BuiltIn">
<arg>${json_data['results'][0]['location']['postcode']}</arg>
<arg>${json_data['results'][0]['location']['postcode']}</arg>
<doc>Fails if objects are unequal after converting them to real numbers.</doc>
<status status="PASS" start="2024-07-02T11:13:02.655075" elapsed="0.000675"/>
</kw>
<kw name="Log" owner="BuiltIn">
<msg time="2024-07-02T11:13:02.656430" level="INFO">45814</msg>
<arg>${json_data['results'][0]['location']['postcode']}</arg>
<doc>Logs the given message with the given level.</doc>
<status status="PASS" start="2024-07-02T11:13:02.655943" elapsed="0.000529"/>
</kw>
<status status="PASS" start="2024-07-02T11:13:02.534193" elapsed="0.122560"/>
</kw>
<doc>Testa se os tipos de dados na resposta da API estão corretos.</doc>
<tag>testeTiposDados</tag>
<status status="PASS" start="2024-07-02T11:13:02.408988" elapsed="0.247926"/>
</test>
<test id="s1-s1-t5" name="Validar conteudo" line="35">
<kw name="Teste de Tipos de Conteudo" owner="random-user-service">
<kw name="GET On Session" owner="RequestsLibrary">
<msg time="2024-07-02T11:13:02.753561" level="INFO">GET Request : url=https://randomuser.me/api 
 path_url=/api 
 headers={'User-Agent': 'python-requests/2.32.3', 'Accept-Encoding': 'gzip, deflate', 'Accept': '*/*', 'Connection': 'keep-alive'} 
 body=None 
 </msg>
<msg time="2024-07-02T11:13:02.753639" level="INFO">GET Response : url=https://randomuser.me/api 
 status=200, reason=OK 
 headers={'Date': 'Tue, 02 Jul 2024 11:13:02 GMT', 'Content-Type': 'application/json; charset=utf-8', 'Transfer-Encoding': 'chunked', 'Connection': 'keep-alive', 'X-Powered-By': 'Express', 'Access-Control-Allow-Origin': '*', 'Cache-Control': 'no-cache', 'ETag': 'W/"4ad-Urf0+x0wrBJl9WIA6F7SXDaTQ/s"', 'Vary': 'Accept-Encoding', 'Content-Encoding': 'gzip', 'CF-Cache-Status': 'DYNAMIC', 'Report-To': '{"endpoints":[{"url":"https:\\/\\/a.nel.cloudflare.com\\/report\\/v4?s=YaXt%2FfC9m073gudids63CkKcaGdACXfh88gWQaaupVQCXI%2FFe3QggmbyBRqlmjCxC9M12zeItUiFGJDZJ6%2Bd3%2B87OUV7uwTjZMK02lG%2BeEQowOoT13On2HxM262I%2B7gS"}],"group":"cf-nel","max_age":604800}', 'NEL': '{"success_fraction":0,"report_to":"cf-nel","max_age":604800}', 'Server': 'cloudflare', 'CF-RAY': '89ce3447ac832b82-LAX', 'alt-svc': 'h3=":443"; ma=86400'} 
 body={"results":[{"gender":"female","name":{"title":"Ms","first":"Anaizi","last":"Rezende"},"location":{"street":{"number":7278,"name":"Rua Quinze de Novembro "},"city":"Santana","state":"Mato Grosso","country":"Brazil","postcode":10823,"coordinates":{"latitude":"-75.4561","longitude":"99.3926"},"timezone":{"offset":"+3:00","description":"Baghdad, Riyadh, Moscow, St. Petersburg"}},"email":"anaizi.rezende@example.com","login":{"uuid":"0de8b9c6-06cf-43b2-884e-e4303118900a","username":"whitetiger371","password":"delilah","salt":"yV0nRhXH","md5":"2eedef78a4a6fa69c1c59bed259a6fcf","sha1":"de5bf62a3ce9662b1c2394aa40572588ff5d407f","sha256":"b1dbf0433b2bc0310b4d97bfb9ce130ed002327109bdde3eb27a9118da01c3b1"},"dob":{"date":"1956-07-28T05:01:04.405Z","age":67},"registered":{"date":"2002-07-04T08:41:39.442Z","age":21},"phone":"(00) 5500-6240","cell":"(96) 5755-3454","id":{"name":"CPF","value":"813.111.550-97"},"picture":{"large":"https://randomuser.me/api/portraits/women/21.jpg","medium":"https://randomuser.me/api/portraits/med/women/21.jpg","thumbnail":"https://randomuser.me/api/portraits/thumb/women/21.jpg"},"nat":"BR"}],"info":{"seed":"98524088cbc545e6","results":1,"page":1,"version":"1.4"}} 
 </msg>
<msg time="2024-07-02T11:13:02.753706" level="INFO">/opt/hostedtoolcache/Python/3.12.4/x64/lib/python3.12/site-packages/urllib3/connectionpool.py:1099: InsecureRequestWarning: Unverified HTTPS request is being made to host 'randomuser.me'. Adding certificate verification is strongly advised. See: https://urllib3.readthedocs.io/en/latest/advanced-usage.html#tls-warnings
  warnings.warn(</msg>
<msg time="2024-07-02T11:13:02.753805" level="INFO">${response} = &lt;Response [200]&gt;</msg>
<var>${response}</var>
<arg>consultarAPI</arg>
<arg>/api</arg>
<doc>Sends a GET request on a previously created HTTP Session.</doc>
<status status="PASS" start="2024-07-02T11:13:02.659403" elapsed="0.094445"/>
</kw>
<kw name="Set Variable" owner="BuiltIn">
<msg time="2024-07-02T11:13:02.754829" level="INFO">${json_data} = {'results': [{'gender': 'female', 'name': {'title': 'Ms', 'first': 'Anaizi', 'last': 'Rezende'}, 'location': {'street': {'number': 7278, 'name': 'Rua Quinze de Novembro '}, 'city': 'Santana', 'state':...</msg>
<var>${json_data}</var>
<arg>${response.json()}</arg>
<doc>Returns the given values which can then be assigned to a variables.</doc>
<status status="PASS" start="2024-07-02T11:13:02.754286" elapsed="0.000571"/>
</kw>
<kw name="Set Variable" owner="BuiltIn">
<msg time="2024-07-02T11:13:02.755532" level="INFO">${name_title} = Ms</msg>
<var>${name_title}</var>
<arg>${json_data["results"][0]["name"]["title"]}</arg>
<doc>Returns the given values which can then be assigned to a variables.</doc>
<status status="PASS" start="2024-07-02T11:13:02.755156" elapsed="0.000439"/>
</kw>
<kw name="Create List" owner="BuiltIn">
<msg time="2024-07-02T11:13:02.756048" level="INFO">${allowed_titles} = ['Mr', 'Ms', 'Miss', 'Mrs', 'Madame', 'Monsieur']</msg>
<var>${allowed_titles}</var>
<arg>Mr</arg>
<arg>Ms</arg>
<arg>Miss</arg>
<arg>Mrs</arg>
<arg>Madame</arg>
<arg>Monsieur</arg>
<doc>Returns a list containing given items.</doc>
<status status="PASS" start="2024-07-02T11:13:02.755900" elapsed="0.000172"/>
</kw>
<kw name="List Should Contain Value" owner="Collections">
<arg>${allowed_titles}</arg>
<arg>${name_title}</arg>
<doc>Fails if the ``value`` is not found from ``list``.</doc>
<status status="PASS" start="2024-07-02T11:13:02.756363" elapsed="0.000172"/>
</kw>
<kw name="Set Variable" owner="BuiltIn">
<msg time="2024-07-02T11:13:02.757160" level="INFO">${name_country} = BR</msg>
<var>${name_country}</var>
<arg>${json_data["results"][0]["nat"]}</arg>
<doc>Returns the given values which can then be assigned to a variables.</doc>
<status status="PASS" start="2024-07-02T11:13:02.756718" elapsed="0.000467"/>
</kw>
<kw name="Create List" owner="BuiltIn">
<msg time="2024-07-02T11:13:02.758075" level="INFO">${list_country} = ['AD', 'AE', 'AF', 'AG', 'AI', 'AL', 'AM', 'AO', 'AQ', 'AR', 'AS', 'AT', 'AU', 'AW', 'AX', 'AZ', 'BA', 'BB', 'BD', 'BE', 'BF', 'BG', 'BH', 'BI', 'BJ', 'BL', 'BM', 'BN', 'BO', 'BQ', 'BR', 'BS', 'BT', '...</msg>
<var>${list_country}</var>
<arg>AD</arg>
<arg>AE</arg>
<arg>AF</arg>
<arg>AG</arg>
<arg>AI</arg>
<arg>AL</arg>
<arg>AM</arg>
<arg>AO</arg>
<arg>AQ</arg>
<arg>AR</arg>
<arg>AS</arg>
<arg>AT</arg>
<arg>AU</arg>
<arg>AW</arg>
<arg>AX</arg>
<arg>AZ</arg>
<arg>BA</arg>
<arg>BB</arg>
<arg>BD</arg>
<arg>BE</arg>
<arg>BF</arg>
<arg>BG</arg>
<arg>BH</arg>
<arg>BI</arg>
<arg>BJ</arg>
<arg>BL</arg>
<arg>BM</arg>
<arg>BN</arg>
<arg>BO</arg>
<arg>BQ</arg>
<arg>BR</arg>
<arg>BS</arg>
<arg>BT</arg>
<arg>BV</arg>
<arg>BW</arg>
<arg>BY</arg>
<arg>BZ</arg>
<arg>CA</arg>
<arg>CC</arg>
<arg>CD</arg>
<arg>CF</arg>
<arg>CG</arg>
<arg>CH</arg>
<arg>CI</arg>
<arg>CK</arg>
<arg>CL</arg>
<arg>CM</arg>
<arg>CN</arg>
<arg>CO</arg>
<arg>CR</arg>
<arg>CU</arg>
<arg>CV</arg>
<arg>CW</arg>
<arg>CX</arg>
<arg>CY</arg>
<arg>CZ</arg>
<arg>DE</arg>
<arg>DJ</arg>
<arg>DK</arg>
<arg>DM</arg>
<arg>DO</arg>
<arg>DZ</arg>
<arg>EC</arg>
<arg>EE</arg>
<arg>EG</arg>
<arg>EH</arg>
<arg>ER</arg>
<arg>ES</arg>
<arg>ET</arg>
<arg>FI</arg>
<arg>FJ</arg>
<arg>FK</arg>
<arg>FM</arg>
<arg>FO</arg>
<arg>FR</arg>
<arg>GA</arg>
<arg>GB</arg>
<arg>GD</arg>
<arg>GE</arg>
<arg>GF</arg>
<arg>GG</arg>
<arg>GH</arg>
<arg>GI</arg>
<arg>GL</arg>
<arg>GM</arg>
<arg>GN</arg>
<arg>GP</arg>
<arg>GQ</arg>
<arg>GR</arg>
<arg>GS</arg>
<arg>GT</arg>
<arg>GU</arg>
<arg>GW</arg>
<arg>GY</arg>
<arg>HK</arg>
<arg>HM</arg>
<arg>HN</arg>
<arg>HR</arg>
<arg>HT</arg>
<arg>HU</arg>
<arg>ID</arg>
<arg>IE</arg>
<arg>IL</arg>
<arg>IM</arg>
<arg>IN</arg>
<arg>IO</arg>
<arg>IQ</arg>
<arg>IR</arg>
<arg>IS</arg>
<arg>IT</arg>
<arg>JE</arg>
<arg>JM</arg>
<arg>JO</arg>
<arg>JP</arg>
<arg>KE</arg>
<arg>KG</arg>
<arg>KH</arg>
<arg>KI</arg>
<arg>KM</arg>
<arg>KN</arg>
<arg>KP</arg>
<arg>KR</arg>
<arg>KW</arg>
<arg>KY</arg>
<arg>KZ</arg>
<arg>LA</arg>
<arg>LB</arg>
<arg>LC</arg>
<arg>LI</arg>
<arg>LK</arg>
<arg>LR</arg>
<arg>LS</arg>
<arg>LT</arg>
<arg>LU</arg>
<arg>LV</arg>
<arg>LY</arg>
<arg>MA</arg>
<arg>MC</arg>
<arg>MD</arg>
<arg>ME</arg>
<arg>MF</arg>
<arg>MG</arg>
<arg>MH</arg>
<arg>MK</arg>
<arg>ML</arg>
<arg>MM</arg>
<arg>MN</arg>
<arg>MO</arg>
<arg>MP</arg>
<arg>MQ</arg>
<arg>MR</arg>
<arg>MS</arg>
<arg>MT</arg>
<arg>MU</arg>
<arg>MV</arg>
<arg>MW</arg>
<arg>MX</arg>
<arg>MY</arg>
<arg>MZ</arg>
<arg>NA</arg>
<arg>NC</arg>
<arg>NE</arg>
<arg>NF</arg>
<arg>NG</arg>
<arg>NI</arg>
<arg>NL</arg>
<arg>NO</arg>
<arg>NP</arg>
<arg>NR</arg>
<arg>NU</arg>
<arg>NZ</arg>
<arg>OM</arg>
<arg>PA</arg>
<arg>PE</arg>
<arg>PF</arg>
<arg>PG</arg>
<arg>PH</arg>
<arg>PK</arg>
<arg>PL</arg>
<arg>PM</arg>
<arg>PN</arg>
<arg>PR</arg>
<arg>PS</arg>
<arg>PT</arg>
<arg>PW</arg>
<arg>PY</arg>
<arg>QA</arg>
<arg>RE</arg>
<arg>RO</arg>
<arg>RS</arg>
<arg>RU</arg>
<arg>RW</arg>
<arg>SA</arg>
<arg>SB</arg>
<arg>SC</arg>
<arg>SD</arg>
<arg>SE</arg>
<arg>SG</arg>
<arg>SH</arg>
<arg>SI</arg>
<arg>SJ</arg>
<arg>SK</arg>
<arg>SL</arg>
<arg>SM</arg>
<arg>SN</arg>
<arg>SO</arg>
<arg>SR</arg>
<arg>SS</arg>
<arg>ST</arg>
<arg>SV</arg>
<arg>SX</arg>
<arg>SY</arg>
<arg>SZ</arg>
<arg>TC</arg>
<arg>TD</arg>
<arg>TF</arg>
<arg>TG</arg>
<arg>TH</arg>
<arg>TJ</arg>
<arg>TK</arg>
<arg>TL</arg>
<arg>TM</arg>
<arg>TN</arg>
<arg>TO</arg>
<arg>TR</arg>
<arg>TT</arg>
<arg>TV</arg>
<arg>TW</arg>
<arg>TZ</arg>
<arg>UA</arg>
<arg>UG</arg>
<arg>UM</arg>
<arg>US</arg>
<arg>UY</arg>
<arg>UZ</arg>
<arg>VA</arg>
<arg>VC</arg>
<arg>VE</arg>
<arg>VG</arg>
<arg>VI</arg>
<arg>VN</arg>
<arg>VU</arg>
<arg>WF</arg>
<arg>WS</arg>
<arg>XK</arg>
<arg>YE</arg>
<arg>YT</arg>
<arg>ZA</arg>
<arg>ZM</arg>
<arg>ZW</arg>
<doc>Returns a list containing given items.</doc>
<status status="PASS" start="2024-07-02T11:13:02.757480" elapsed="0.000620"/>
</kw>
<kw name="List Should Contain Value" owner="Collections">
<arg>${list_country}</arg>
<arg>${name_country}</arg>
<doc>Fails if the ``value`` is not found from ``list``.</doc>
<status status="PASS" start="2024-07-02T11:13:02.758900" elapsed="0.000199"/>
</kw>
<kw name="Run Keyword If" owner="BuiltIn">
<kw name="Should Be True" owner="BuiltIn">
<arg>${True}</arg>
<doc>Fails if the given condition is not true.</doc>
<status status="PASS" start="2024-07-02T11:13:02.760054" elapsed="0.000141"/>
</kw>
<arg>${json_data["results"][0]["location"]["coordinates"]["latitude"]} &gt;= -90 and ${json_data["results"][0]["location"]["coordinates"]["latitude"]} &lt;= 90</arg>
<arg>Should Be True</arg>
<arg>${True}</arg>
<doc>Runs the given keyword with the given arguments, if ``condition`` is true.</doc>
<status status="PASS" start="2024-07-02T11:13:02.759291" elapsed="0.001026"/>
</kw>
<kw name="Run Keyword If" owner="BuiltIn">
<kw name="Should Be True" owner="BuiltIn">
<arg>${True}</arg>
<doc>Fails if the given condition is not true.</doc>
<status status="PASS" start="2024-07-02T11:13:02.761183" elapsed="0.000230"/>
</kw>
<arg>${json_data["results"][0]["location"]["coordinates"]["longitude"]} &gt;= -180 and ${json_data["results"][0]["location"]["coordinates"]["longitude"]} &lt;= 180</arg>
<arg>Should Be True</arg>
<arg>${True}</arg>
<doc>Runs the given keyword with the given arguments, if ``condition`` is true.</doc>
<status status="PASS" start="2024-07-02T11:13:02.760495" elapsed="0.001045"/>
</kw>
<status status="PASS" start="2024-07-02T11:13:02.659185" elapsed="0.102480"/>
</kw>
<doc>Testa o conteúdo específico dos campos retornados pela API.</doc>
<tag>testeConteudo</tag>
<status status="PASS" start="2024-07-02T11:13:02.658649" elapsed="0.103154"/>
</test>
<status status="PASS" start="2024-07-02T11:13:01.487137" elapsed="1.276572"/>
</suite>
<status status="PASS" start="2024-07-02T11:13:01.467295" elapsed="1.301396"/>
</suite>
<statistics>
<total>
<stat pass="5" fail="0" skip="0">All Tests</stat>
</total>
<tag>
<stat pass="1" fail="0" skip="0">testeConteudo</stat>
<stat pass="1" fail="0" skip="0">testeEstruturaResposta</stat>
<stat pass="1" fail="0" skip="0">testeRequisicaoBasica</stat>
<stat pass="1" fail="0" skip="0">testeTiposDados</stat>
</tag>
<suite>
<stat pass="5" fail="0" skip="0" id="s1" name="Tests">Tests</stat>
<stat pass="5" fail="0" skip="0" id="s1-s1" name="Random-User-Test">Tests.Random-User-Test</stat>
</suite>
</statistics>
<errors>
</errors>
</robot>
