<?xml version="1.0" encoding="UTF-8"?>
<robot generator="Robot 7.0 (Python 3.12.3 on linux)" generated="2024-05-11T17:13:36.526687" rpa="false" schemaversion="5">
<suite id="s1" name="Tests" source="/home/runner/work/DesafioQAItauRogerioJordao/DesafioQAItauRogerioJordao/RamdonUser/tests">
<suite id="s1-s1" name="Random-User-Test" source="/home/runner/work/DesafioQAItauRogerioJordao/DesafioQAItauRogerioJordao/RamdonUser/tests/random-user-test.robot">
<test id="s1-s1-t1" name="Conectar" line="13">
<kw name="Conectar API" owner="random-user-service">
<kw name="Create Session" owner="RequestsLibrary">
<msg time="2024-05-11T17:13:36.878034" level="INFO">Creating Session using : alias=consultarAPI, url=https://randomuser.me/, headers={},                     cookies={}, auth=None, timeout=None, proxies=None, verify=False,                     debug=0 </msg>
<arg>consultarAPI</arg>
<arg>${URL}</arg>
<doc>Create Session: create a HTTP session to a server</doc>
<status status="PASS" start="2024-05-11T17:13:36.877846" elapsed="0.000350"/>
</kw>
<status status="PASS" start="2024-05-11T17:13:36.876943" elapsed="0.001591"/>
</kw>
<status status="PASS" start="2024-05-11T17:13:36.876368" elapsed="0.002358"/>
</test>
<test id="s1-s1-t2" name="Validar retorno 200 e JSON Válido" line="16">
<kw name="Teste de Requisicao Basica" owner="random-user-service">
<kw name="GET On Session" owner="RequestsLibrary">
<msg time="2024-05-11T17:13:36.977795" level="INFO">GET Request : url=https://randomuser.me/api 
 path_url=/api 
 headers={'User-Agent': 'python-requests/2.31.0', 'Accept-Encoding': 'gzip, deflate', 'Accept': '*/*', 'Connection': 'keep-alive'} 
 body=None 
 </msg>
<msg time="2024-05-11T17:13:36.977946" level="INFO">GET Response : url=https://randomuser.me/api 
 status=200, reason=OK 
 headers={'Date': 'Sat, 11 May 2024 17:13:36 GMT', 'Content-Type': 'application/json; charset=utf-8', 'Transfer-Encoding': 'chunked', 'Connection': 'keep-alive', 'X-Powered-By': 'Express', 'Access-Control-Allow-Origin': '*', 'Cache-Control': 'no-cache', 'ETag': 'W/"463-BxCKS9EBc8HfgxwdDEa7Eo12pWo"', 'Vary': 'Accept-Encoding', 'Content-Encoding': 'gzip', 'CF-Cache-Status': 'DYNAMIC', 'Report-To': '{"endpoints":[{"url":"https:\\/\\/a.nel.cloudflare.com\\/report\\/v4?s=TsRvCdfjeO6Rb05q%2Fq6g3hEl7s%2F9xG7oZNeQcSILo05BdEyyaGqO9nCAY0tkFbj%2B%2ByKaGiuXsxp%2Bn3hzCWQoypeRS4ihd5dcD4LfJisPXuHrY9q3PDLhcUlGYF8hzdTY"}],"group":"cf-nel","max_age":604800}', 'NEL': '{"success_fraction":0,"report_to":"cf-nel","max_age":604800}', 'Server': 'cloudflare', 'CF-RAY': '8823ccf5ce26821b-IAD', 'alt-svc': 'h3=":443"; ma=86400'} 
 body={"results":[{"gender":"male","name":{"title":"Mr","first":"Roy","last":"Sims"},"location":{"street":{"number":3969,"name":"Grove Road"},"city":"Ashbourne","state":"Waterford","country":"Ireland","postcode":47332,"coordinates":{"latitude":"2.6490","longitude":"-44.9230"},"timezone":{"offset":"+5:45","description":"Kathmandu"}},"email":"roy.sims@example.com","login":{"uuid":"ddb640d6-1b20-4244-b6af-bc2bc8a0e665","username":"redzebra750","password":"hawkeyes","salt":"eThajsrD","md5":"1f040e23494ef4b5000ec51d806b8992","sha1":"ddc4bb2e35fee99b15f86756dd0712f5f35137d3","sha256":"1c3ec97b9ca8734c8ffb9fd8feb65d80212295ca88c4999c185fc4290b2dd3c6"},"dob":{"date":"1989-12-17T11:03:52.237Z","age":34},"registered":{"date":"2005-03-23T19:43:13.417Z","age":19},"phone":"061-560-8443","cell":"081-027-0227","id":{"name":"PPS","value":"5577256T"},"picture":{"large":"https://randomuser.me/api/portraits/men/74.jpg","medium":"https://randomuser.me/api/portraits/med/men/74.jpg","thumbnail":"https://randomuser.me/api/portraits/thumb/men/74.jpg"},"nat":"IE"}],"info":{"seed":"c9b07aeaddf0ec2f","results":1,"page":1,"version":"1.4"}} 
 </msg>
<msg time="2024-05-11T17:13:36.978033" level="INFO">/opt/hostedtoolcache/Python/3.12.3/x64/lib/python3.12/site-packages/urllib3/connectionpool.py:1103: InsecureRequestWarning: Unverified HTTPS request is being made to host 'randomuser.me'. Adding certificate verification is strongly advised. See: https://urllib3.readthedocs.io/en/latest/advanced-usage.html#tls-warnings
  warnings.warn(</msg>
<msg time="2024-05-11T17:13:36.978175" level="INFO">${response} = &lt;Response [200]&gt;</msg>
<var>${response}</var>
<arg>consultarAPI</arg>
<arg>/api</arg>
<doc>Sends a GET request on a previously created HTTP Session.</doc>
<status status="PASS" start="2024-05-11T17:13:36.881456" elapsed="0.096760"/>
</kw>
<kw name="Should Be Equal As Numbers" owner="BuiltIn">
<msg time="2024-05-11T17:13:36.979079" level="INFO">Argument types are:
&lt;class 'int'&gt;
&lt;class 'str'&gt;</msg>
<arg>${response.status_code}</arg>
<arg>200</arg>
<doc>Fails if objects are unequal after converting them to real numbers.</doc>
<status status="PASS" start="2024-05-11T17:13:36.978651" elapsed="0.000494"/>
</kw>
<kw name="Log" owner="BuiltIn">
<msg time="2024-05-11T17:13:36.979838" level="INFO">200</msg>
<arg>${response.status_code}</arg>
<doc>Logs the given message with the given level.</doc>
<status status="PASS" start="2024-05-11T17:13:36.979482" elapsed="0.000399"/>
</kw>
<kw name="Set Variable" owner="BuiltIn">
<msg time="2024-05-11T17:13:36.980663" level="INFO">${json_data} = {'results': [{'gender': 'male', 'name': {'title': 'Mr', 'first': 'Roy', 'last': 'Sims'}, 'location': {'street': {'number': 3969, 'name': 'Grove Road'}, 'city': 'Ashbourne', 'state': 'Waterford', 'coun...</msg>
<var>${json_data}</var>
<arg>${response.json()}</arg>
<doc>Returns the given values which can then be assigned to a variables.</doc>
<status status="PASS" start="2024-05-11T17:13:36.980231" elapsed="0.000460"/>
</kw>
<kw name="Dictionary Should Contain Key" owner="Collections">
<msg time="2024-05-11T17:13:36.981166" level="INFO">False</msg>
<arg>${json_data}</arg>
<arg>results</arg>
<doc>Fails if ``key`` is not found from ``dictionary``.</doc>
<status status="PASS" start="2024-05-11T17:13:36.980997" elapsed="0.000214"/>
</kw>
<status status="PASS" start="2024-05-11T17:13:36.881216" elapsed="0.100249"/>
</kw>
<doc>Testa se a API responde corretamente e retorna um objeto JSON válido.</doc>
<tag>testeRequisicaoBasica</tag>
<status status="PASS" start="2024-05-11T17:13:36.880703" elapsed="0.100936"/>
</test>
<test id="s1-s1-t3" name="Validar estrutura de resposta" line="22">
<kw name="Teste de Estrutura de Resposta" owner="random-user-service">
<kw name="GET On Session" owner="RequestsLibrary">
<msg time="2024-05-11T17:13:37.084801" level="INFO">GET Request : url=https://randomuser.me/api 
 path_url=/api 
 headers={'User-Agent': 'python-requests/2.31.0', 'Accept-Encoding': 'gzip, deflate', 'Accept': '*/*', 'Connection': 'keep-alive'} 
 body=None 
 </msg>
<msg time="2024-05-11T17:13:37.084890" level="INFO">GET Response : url=https://randomuser.me/api 
 status=200, reason=OK 
 headers={'Date': 'Sat, 11 May 2024 17:13:37 GMT', 'Content-Type': 'application/json; charset=utf-8', 'Transfer-Encoding': 'chunked', 'Connection': 'keep-alive', 'X-Powered-By': 'Express', 'Access-Control-Allow-Origin': '*', 'Cache-Control': 'no-cache', 'ETag': 'W/"4a3-5wUuXKx+8fMtMmDcEEJhFAEfhA4"', 'Vary': 'Accept-Encoding', 'Content-Encoding': 'gzip', 'CF-Cache-Status': 'DYNAMIC', 'Report-To': '{"endpoints":[{"url":"https:\\/\\/a.nel.cloudflare.com\\/report\\/v4?s=5mha6t8dCJBmfNuUsHOLNKFsOUgPvKdl3DbiNIKlaD%2BybkJiB3q8ow5leRw4QYvGRPR%2F2Hp3mgVr3rTJuUKAVlTrV8SxZLPSa1CK4lkOVLQ77IK8EMx2FUpmBZD3h3R%2F"}],"group":"cf-nel","max_age":604800}', 'NEL': '{"success_fraction":0,"report_to":"cf-nel","max_age":604800}', 'Server': 'cloudflare', 'CF-RAY': '8823ccf62e97821b-IAD', 'alt-svc': 'h3=":443"; ma=86400'} 
 body={"results":[{"gender":"female","name":{"title":"Miss","first":"Milla","last":"Tolonen"},"location":{"street":{"number":2226,"name":"Hatanpään Valtatie"},"city":"Oulunsalo","state":"Southern Ostrobothnia","country":"Finland","postcode":41015,"coordinates":{"latitude":"-27.6551","longitude":"175.0920"},"timezone":{"offset":"-7:00","description":"Mountain Time (US &amp; Canada)"}},"email":"milla.tolonen@example.com","login":{"uuid":"9e32329b-56ec-4a1e-872e-40af1403e798","username":"whitefish131","password":"bite","salt":"y4WQe3XC","md5":"5c726176cf8d7a9b0bfcc4911a0ee07e","sha1":"9c784b75f1ab1d9cbe3b9e470521f8e556658290","sha256":"4394f69857b2a27baa2efd3baae43eb316ad8e05782e68f1e75ce7a6cc696448"},"dob":{"date":"1980-12-29T21:18:04.512Z","age":43},"registered":{"date":"2022-05-20T17:25:12.027Z","age":1},"phone":"04-029-465","cell":"049-659-69-82","id":{"name":"HETU","value":"NaNNA838undefined"},"picture":{"large":"https://randomuser.me/api/portraits/women/7.jpg","medium":"https://randomuser.me/api/portraits/med/women/7.jpg","thumbnail":"https://randomuser.me/api/portraits/thumb/women/7.jpg"},"nat":"FI"}],"info":{"seed":"3536b69f590e9985","results":1,"page":1,"version":"1.4"}} 
 </msg>
<msg time="2024-05-11T17:13:37.085017" level="INFO">/opt/hostedtoolcache/Python/3.12.3/x64/lib/python3.12/site-packages/urllib3/connectionpool.py:1103: InsecureRequestWarning: Unverified HTTPS request is being made to host 'randomuser.me'. Adding certificate verification is strongly advised. See: https://urllib3.readthedocs.io/en/latest/advanced-usage.html#tls-warnings
  warnings.warn(</msg>
<msg time="2024-05-11T17:13:37.085166" level="INFO">${response} = &lt;Response [200]&gt;</msg>
<var>${response}</var>
<arg>consultarAPI</arg>
<arg>/api</arg>
<doc>Sends a GET request on a previously created HTTP Session.</doc>
<status status="PASS" start="2024-05-11T17:13:36.984314" elapsed="0.100904"/>
</kw>
<kw name="Set Variable" owner="BuiltIn">
<msg time="2024-05-11T17:13:37.086066" level="INFO">${json_data} = {'results': [{'gender': 'female', 'name': {'title': 'Miss', 'first': 'Milla', 'last': 'Tolonen'}, 'location': {'street': {'number': 2226, 'name': 'Hatanpään Valtatie'}, 'city': 'Oulunsalo', 'state': '...</msg>
<var>${json_data}</var>
<arg>${response.json()}</arg>
<doc>Returns the given values which can then be assigned to a variables.</doc>
<status status="PASS" start="2024-05-11T17:13:37.085601" elapsed="0.000495"/>
</kw>
<kw name="Log" owner="BuiltIn">
<msg time="2024-05-11T17:13:37.086564" level="INFO">{'results': [{'gender': 'female', 'name': {'title': 'Miss', 'first': 'Milla', 'last': 'Tolonen'}, 'location': {'street': {'number': 2226, 'name': 'Hatanpään Valtatie'}, 'city': 'Oulunsalo', 'state': 'Southern Ostrobothnia', 'country': 'Finland', 'postcode': 41015, 'coordinates': {'latitude': '-27.6551', 'longitude': '175.0920'}, 'timezone': {'offset': '-7:00', 'description': 'Mountain Time (US &amp; Canada)'}}, 'email': 'milla.tolonen@example.com', 'login': {'uuid': '9e32329b-56ec-4a1e-872e-40af1403e798', 'username': 'whitefish131', 'password': 'bite', 'salt': 'y4WQe3XC', 'md5': '5c726176cf8d7a9b0bfcc4911a0ee07e', 'sha1': '9c784b75f1ab1d9cbe3b9e470521f8e556658290', 'sha256': '4394f69857b2a27baa2efd3baae43eb316ad8e05782e68f1e75ce7a6cc696448'}, 'dob': {'date': '1980-12-29T21:18:04.512Z', 'age': 43}, 'registered': {'date': '2022-05-20T17:25:12.027Z', 'age': 1}, 'phone': '04-029-465', 'cell': '049-659-69-82', 'id': {'name': 'HETU', 'value': 'NaNNA838undefined'}, 'picture': {'large': 'https://randomuser.me/api/portraits/women/7.jpg', 'medium': 'https://randomuser.me/api/portraits/med/women/7.jpg', 'thumbnail': 'https://randomuser.me/api/portraits/thumb/women/7.jpg'}, 'nat': 'FI'}], 'info': {'seed': '3536b69f590e9985', 'results': 1, 'page': 1, 'version': '1.4'}}</msg>
<arg>${json_data}</arg>
<doc>Logs the given message with the given level.</doc>
<status status="PASS" start="2024-05-11T17:13:37.086404" elapsed="0.000213"/>
</kw>
<kw name="Dictionary Should Contain Key" owner="Collections">
<msg time="2024-05-11T17:13:37.087073" level="INFO">False</msg>
<arg>${json_data}</arg>
<arg>results</arg>
<doc>Fails if ``key`` is not found from ``dictionary``.</doc>
<status status="PASS" start="2024-05-11T17:13:37.086917" elapsed="0.000195"/>
</kw>
<kw name="Should Not Be Empty" owner="BuiltIn">
<msg time="2024-05-11T17:13:37.087541" level="INFO">Length is 2.</msg>
<arg>${json_data}</arg>
<doc>Verifies that the given item is not empty.</doc>
<status status="PASS" start="2024-05-11T17:13:37.087410" elapsed="0.000305"/>
</kw>
<kw name="Create List" owner="BuiltIn">
<msg time="2024-05-11T17:13:37.088200" level="INFO">${expected_keys} = ['gender', 'name', 'location', 'email', 'login']</msg>
<var>${expected_keys}</var>
<arg>gender</arg>
<arg>name</arg>
<arg>location</arg>
<arg>email</arg>
<arg>login</arg>
<doc>Returns a list containing given items.</doc>
<status status="PASS" start="2024-05-11T17:13:37.088045" elapsed="0.000180"/>
</kw>
<for flavor="IN">
<iter>
<kw name="Dictionary Should Contain Key" owner="Collections">
<msg time="2024-05-11T17:13:37.089190" level="INFO">False</msg>
<arg>${json_data['results'][0]}</arg>
<arg>${key}</arg>
<doc>Fails if ``key`` is not found from ``dictionary``.</doc>
<status status="PASS" start="2024-05-11T17:13:37.088788" elapsed="0.000441"/>
</kw>
<kw name="Log" owner="BuiltIn">
<msg time="2024-05-11T17:13:37.089909" level="INFO">{'gender': 'female', 'name': {'title': 'Miss', 'first': 'Milla', 'last': 'Tolonen'}, 'location': {'street': {'number': 2226, 'name': 'Hatanpään Valtatie'}, 'city': 'Oulunsalo', 'state': 'Southern Ostrobothnia', 'country': 'Finland', 'postcode': 41015, 'coordinates': {'latitude': '-27.6551', 'longitude': '175.0920'}, 'timezone': {'offset': '-7:00', 'description': 'Mountain Time (US &amp; Canada)'}}, 'email': 'milla.tolonen@example.com', 'login': {'uuid': '9e32329b-56ec-4a1e-872e-40af1403e798', 'username': 'whitefish131', 'password': 'bite', 'salt': 'y4WQe3XC', 'md5': '5c726176cf8d7a9b0bfcc4911a0ee07e', 'sha1': '9c784b75f1ab1d9cbe3b9e470521f8e556658290', 'sha256': '4394f69857b2a27baa2efd3baae43eb316ad8e05782e68f1e75ce7a6cc696448'}, 'dob': {'date': '1980-12-29T21:18:04.512Z', 'age': 43}, 'registered': {'date': '2022-05-20T17:25:12.027Z', 'age': 1}, 'phone': '04-029-465', 'cell': '049-659-69-82', 'id': {'name': 'HETU', 'value': 'NaNNA838undefined'}, 'picture': {'large': 'https://randomuser.me/api/portraits/women/7.jpg', 'medium': 'https://randomuser.me/api/portraits/med/women/7.jpg', 'thumbnail': 'https://randomuser.me/api/portraits/thumb/women/7.jpg'}, 'nat': 'FI'}</msg>
<arg>${json_data['results'][0]}</arg>
<doc>Logs the given message with the given level.</doc>
<status status="PASS" start="2024-05-11T17:13:37.089534" elapsed="0.000428"/>
</kw>
<kw name="Log" owner="BuiltIn">
<msg time="2024-05-11T17:13:37.090394" level="INFO">gender</msg>
<arg>${key}</arg>
<doc>Logs the given message with the given level.</doc>
<status status="PASS" start="2024-05-11T17:13:37.090263" elapsed="0.000168"/>
</kw>
<var name="${key}">gender</var>
<status status="PASS" start="2024-05-11T17:13:37.088665" elapsed="0.001982"/>
</iter>
<iter>
<kw name="Dictionary Should Contain Key" owner="Collections">
<msg time="2024-05-11T17:13:37.091327" level="INFO">False</msg>
<arg>${json_data['results'][0]}</arg>
<arg>${key}</arg>
<doc>Fails if ``key`` is not found from ``dictionary``.</doc>
<status status="PASS" start="2024-05-11T17:13:37.090946" elapsed="0.000419"/>
</kw>
<kw name="Log" owner="BuiltIn">
<msg time="2024-05-11T17:13:37.092084" level="INFO">{'gender': 'female', 'name': {'title': 'Miss', 'first': 'Milla', 'last': 'Tolonen'}, 'location': {'street': {'number': 2226, 'name': 'Hatanpään Valtatie'}, 'city': 'Oulunsalo', 'state': 'Southern Ostrobothnia', 'country': 'Finland', 'postcode': 41015, 'coordinates': {'latitude': '-27.6551', 'longitude': '175.0920'}, 'timezone': {'offset': '-7:00', 'description': 'Mountain Time (US &amp; Canada)'}}, 'email': 'milla.tolonen@example.com', 'login': {'uuid': '9e32329b-56ec-4a1e-872e-40af1403e798', 'username': 'whitefish131', 'password': 'bite', 'salt': 'y4WQe3XC', 'md5': '5c726176cf8d7a9b0bfcc4911a0ee07e', 'sha1': '9c784b75f1ab1d9cbe3b9e470521f8e556658290', 'sha256': '4394f69857b2a27baa2efd3baae43eb316ad8e05782e68f1e75ce7a6cc696448'}, 'dob': {'date': '1980-12-29T21:18:04.512Z', 'age': 43}, 'registered': {'date': '2022-05-20T17:25:12.027Z', 'age': 1}, 'phone': '04-029-465', 'cell': '049-659-69-82', 'id': {'name': 'HETU', 'value': 'NaNNA838undefined'}, 'picture': {'large': 'https://randomuser.me/api/portraits/women/7.jpg', 'medium': 'https://randomuser.me/api/portraits/med/women/7.jpg', 'thumbnail': 'https://randomuser.me/api/portraits/thumb/women/7.jpg'}, 'nat': 'FI'}</msg>
<arg>${json_data['results'][0]}</arg>
<doc>Logs the given message with the given level.</doc>
<status status="PASS" start="2024-05-11T17:13:37.091685" elapsed="0.000452"/>
</kw>
<kw name="Log" owner="BuiltIn">
<msg time="2024-05-11T17:13:37.092614" level="INFO">name</msg>
<arg>${key}</arg>
<doc>Logs the given message with the given level.</doc>
<status status="PASS" start="2024-05-11T17:13:37.092481" elapsed="0.000173"/>
</kw>
<var name="${key}">name</var>
<status status="PASS" start="2024-05-11T17:13:37.090832" elapsed="0.002039"/>
</iter>
<iter>
<kw name="Dictionary Should Contain Key" owner="Collections">
<msg time="2024-05-11T17:13:37.093590" level="INFO">False</msg>
<arg>${json_data['results'][0]}</arg>
<arg>${key}</arg>
<doc>Fails if ``key`` is not found from ``dictionary``.</doc>
<status status="PASS" start="2024-05-11T17:13:37.093185" elapsed="0.000445"/>
</kw>
<kw name="Log" owner="BuiltIn">
<msg time="2024-05-11T17:13:37.094307" level="INFO">{'gender': 'female', 'name': {'title': 'Miss', 'first': 'Milla', 'last': 'Tolonen'}, 'location': {'street': {'number': 2226, 'name': 'Hatanpään Valtatie'}, 'city': 'Oulunsalo', 'state': 'Southern Ostrobothnia', 'country': 'Finland', 'postcode': 41015, 'coordinates': {'latitude': '-27.6551', 'longitude': '175.0920'}, 'timezone': {'offset': '-7:00', 'description': 'Mountain Time (US &amp; Canada)'}}, 'email': 'milla.tolonen@example.com', 'login': {'uuid': '9e32329b-56ec-4a1e-872e-40af1403e798', 'username': 'whitefish131', 'password': 'bite', 'salt': 'y4WQe3XC', 'md5': '5c726176cf8d7a9b0bfcc4911a0ee07e', 'sha1': '9c784b75f1ab1d9cbe3b9e470521f8e556658290', 'sha256': '4394f69857b2a27baa2efd3baae43eb316ad8e05782e68f1e75ce7a6cc696448'}, 'dob': {'date': '1980-12-29T21:18:04.512Z', 'age': 43}, 'registered': {'date': '2022-05-20T17:25:12.027Z', 'age': 1}, 'phone': '04-029-465', 'cell': '049-659-69-82', 'id': {'name': 'HETU', 'value': 'NaNNA838undefined'}, 'picture': {'large': 'https://randomuser.me/api/portraits/women/7.jpg', 'medium': 'https://randomuser.me/api/portraits/med/women/7.jpg', 'thumbnail': 'https://randomuser.me/api/portraits/thumb/women/7.jpg'}, 'nat': 'FI'}</msg>
<arg>${json_data['results'][0]}</arg>
<doc>Logs the given message with the given level.</doc>
<status status="PASS" start="2024-05-11T17:13:37.093942" elapsed="0.000418"/>
</kw>
<kw name="Log" owner="BuiltIn">
<msg time="2024-05-11T17:13:37.094779" level="INFO">location</msg>
<arg>${key}</arg>
<doc>Logs the given message with the given level.</doc>
<status status="PASS" start="2024-05-11T17:13:37.094654" elapsed="0.000164"/>
</kw>
<var name="${key}">location</var>
<status status="PASS" start="2024-05-11T17:13:37.093059" elapsed="0.001971"/>
</iter>
<iter>
<kw name="Dictionary Should Contain Key" owner="Collections">
<msg time="2024-05-11T17:13:37.095703" level="INFO">False</msg>
<arg>${json_data['results'][0]}</arg>
<arg>${key}</arg>
<doc>Fails if ``key`` is not found from ``dictionary``.</doc>
<status status="PASS" start="2024-05-11T17:13:37.095316" elapsed="0.000424"/>
</kw>
<kw name="Log" owner="BuiltIn">
<msg time="2024-05-11T17:13:37.096464" level="INFO">{'gender': 'female', 'name': {'title': 'Miss', 'first': 'Milla', 'last': 'Tolonen'}, 'location': {'street': {'number': 2226, 'name': 'Hatanpään Valtatie'}, 'city': 'Oulunsalo', 'state': 'Southern Ostrobothnia', 'country': 'Finland', 'postcode': 41015, 'coordinates': {'latitude': '-27.6551', 'longitude': '175.0920'}, 'timezone': {'offset': '-7:00', 'description': 'Mountain Time (US &amp; Canada)'}}, 'email': 'milla.tolonen@example.com', 'login': {'uuid': '9e32329b-56ec-4a1e-872e-40af1403e798', 'username': 'whitefish131', 'password': 'bite', 'salt': 'y4WQe3XC', 'md5': '5c726176cf8d7a9b0bfcc4911a0ee07e', 'sha1': '9c784b75f1ab1d9cbe3b9e470521f8e556658290', 'sha256': '4394f69857b2a27baa2efd3baae43eb316ad8e05782e68f1e75ce7a6cc696448'}, 'dob': {'date': '1980-12-29T21:18:04.512Z', 'age': 43}, 'registered': {'date': '2022-05-20T17:25:12.027Z', 'age': 1}, 'phone': '04-029-465', 'cell': '049-659-69-82', 'id': {'name': 'HETU', 'value': 'NaNNA838undefined'}, 'picture': {'large': 'https://randomuser.me/api/portraits/women/7.jpg', 'medium': 'https://randomuser.me/api/portraits/med/women/7.jpg', 'thumbnail': 'https://randomuser.me/api/portraits/thumb/women/7.jpg'}, 'nat': 'FI'}</msg>
<arg>${json_data['results'][0]}</arg>
<doc>Logs the given message with the given level.</doc>
<status status="PASS" start="2024-05-11T17:13:37.096087" elapsed="0.000430"/>
</kw>
<kw name="Log" owner="BuiltIn">
<msg time="2024-05-11T17:13:37.096943" level="INFO">email</msg>
<arg>${key}</arg>
<doc>Logs the given message with the given level.</doc>
<status status="PASS" start="2024-05-11T17:13:37.096815" elapsed="0.000166"/>
</kw>
<var name="${key}">email</var>
<status status="PASS" start="2024-05-11T17:13:37.095205" elapsed="0.001991"/>
</iter>
<iter>
<kw name="Dictionary Should Contain Key" owner="Collections">
<msg time="2024-05-11T17:13:37.097864" level="INFO">False</msg>
<arg>${json_data['results'][0]}</arg>
<arg>${key}</arg>
<doc>Fails if ``key`` is not found from ``dictionary``.</doc>
<status status="PASS" start="2024-05-11T17:13:37.097478" elapsed="0.000430"/>
</kw>
<kw name="Log" owner="BuiltIn">
<msg time="2024-05-11T17:13:37.098564" level="INFO">{'gender': 'female', 'name': {'title': 'Miss', 'first': 'Milla', 'last': 'Tolonen'}, 'location': {'street': {'number': 2226, 'name': 'Hatanpään Valtatie'}, 'city': 'Oulunsalo', 'state': 'Southern Ostrobothnia', 'country': 'Finland', 'postcode': 41015, 'coordinates': {'latitude': '-27.6551', 'longitude': '175.0920'}, 'timezone': {'offset': '-7:00', 'description': 'Mountain Time (US &amp; Canada)'}}, 'email': 'milla.tolonen@example.com', 'login': {'uuid': '9e32329b-56ec-4a1e-872e-40af1403e798', 'username': 'whitefish131', 'password': 'bite', 'salt': 'y4WQe3XC', 'md5': '5c726176cf8d7a9b0bfcc4911a0ee07e', 'sha1': '9c784b75f1ab1d9cbe3b9e470521f8e556658290', 'sha256': '4394f69857b2a27baa2efd3baae43eb316ad8e05782e68f1e75ce7a6cc696448'}, 'dob': {'date': '1980-12-29T21:18:04.512Z', 'age': 43}, 'registered': {'date': '2022-05-20T17:25:12.027Z', 'age': 1}, 'phone': '04-029-465', 'cell': '049-659-69-82', 'id': {'name': 'HETU', 'value': 'NaNNA838undefined'}, 'picture': {'large': 'https://randomuser.me/api/portraits/women/7.jpg', 'medium': 'https://randomuser.me/api/portraits/med/women/7.jpg', 'thumbnail': 'https://randomuser.me/api/portraits/thumb/women/7.jpg'}, 'nat': 'FI'}</msg>
<arg>${json_data['results'][0]}</arg>
<doc>Logs the given message with the given level.</doc>
<status status="PASS" start="2024-05-11T17:13:37.098202" elapsed="0.000413"/>
</kw>
<kw name="Log" owner="BuiltIn">
<msg time="2024-05-11T17:13:37.099037" level="INFO">login</msg>
<arg>${key}</arg>
<doc>Logs the given message with the given level.</doc>
<status status="PASS" start="2024-05-11T17:13:37.098912" elapsed="0.000197"/>
</kw>
<var name="${key}">login</var>
<status status="PASS" start="2024-05-11T17:13:37.097368" elapsed="0.001961"/>
</iter>
<var>${key}</var>
<value>@{expected_keys}</value>
<status status="PASS" start="2024-05-11T17:13:37.088485" elapsed="0.010968"/>
</for>
<kw name="Create List" owner="BuiltIn">
<msg time="2024-05-11T17:13:37.099782" level="INFO">${expected_keysTwo} = ['username', 'password']</msg>
<var>${expected_keysTwo}</var>
<arg>username</arg>
<arg>password</arg>
<doc>Returns a list containing given items.</doc>
<status status="PASS" start="2024-05-11T17:13:37.099644" elapsed="0.000163"/>
</kw>
<for flavor="IN">
<iter>
<kw name="Dictionary Should Contain Key" owner="Collections">
<msg time="2024-05-11T17:13:37.100731" level="INFO">False</msg>
<arg>${json_data['results'][0]['login']}</arg>
<arg>${keyTwo}</arg>
<doc>Fails if ``key`` is not found from ``dictionary``.</doc>
<status status="PASS" start="2024-05-11T17:13:37.100339" elapsed="0.000430"/>
</kw>
<kw name="Dictionary Should Contain Key" owner="Collections">
<msg time="2024-05-11T17:13:37.101449" level="INFO">False</msg>
<arg>${json_data['results'][0]['login']}</arg>
<arg>${keyTwo}</arg>
<doc>Fails if ``key`` is not found from ``dictionary``.</doc>
<status status="PASS" start="2024-05-11T17:13:37.101062" elapsed="0.000426"/>
</kw>
<kw name="Log" owner="BuiltIn">
<msg time="2024-05-11T17:13:37.101902" level="INFO">username</msg>
<arg>${keyTwo}</arg>
<doc>Logs the given message with the given level.</doc>
<status status="PASS" start="2024-05-11T17:13:37.101777" elapsed="0.000169"/>
</kw>
<var name="${keyTwo}">username</var>
<status status="PASS" start="2024-05-11T17:13:37.100229" elapsed="0.001929"/>
</iter>
<iter>
<kw name="Dictionary Should Contain Key" owner="Collections">
<msg time="2024-05-11T17:13:37.102908" level="INFO">False</msg>
<arg>${json_data['results'][0]['login']}</arg>
<arg>${keyTwo}</arg>
<doc>Fails if ``key`` is not found from ``dictionary``.</doc>
<status status="PASS" start="2024-05-11T17:13:37.102443" elapsed="0.000505"/>
</kw>
<kw name="Dictionary Should Contain Key" owner="Collections">
<msg time="2024-05-11T17:13:37.103625" level="INFO">False</msg>
<arg>${json_data['results'][0]['login']}</arg>
<arg>${keyTwo}</arg>
<doc>Fails if ``key`` is not found from ``dictionary``.</doc>
<status status="PASS" start="2024-05-11T17:13:37.103246" elapsed="0.000417"/>
</kw>
<kw name="Log" owner="BuiltIn">
<msg time="2024-05-11T17:13:37.104129" level="INFO">password</msg>
<arg>${keyTwo}</arg>
<doc>Logs the given message with the given level.</doc>
<status status="PASS" start="2024-05-11T17:13:37.103985" elapsed="0.000183"/>
</kw>
<var name="${keyTwo}">password</var>
<status status="PASS" start="2024-05-11T17:13:37.102331" elapsed="0.002051"/>
</iter>
<var>${keyTwo}</var>
<value>@{expected_keysTwo}</value>
<status status="PASS" start="2024-05-11T17:13:37.100075" elapsed="0.004428"/>
</for>
<status status="PASS" start="2024-05-11T17:13:36.984078" elapsed="0.120565"/>
</kw>
<doc>Testa a estrutura da resposta da API.</doc>
<tag>testeEstruturaResposta</tag>
<status status="PASS" start="2024-05-11T17:13:36.983496" elapsed="0.121297"/>
</test>
<test id="s1-s1-t4" name="Validar tipos de dados" line="28">
<kw name="Teste de Tipos de Dados" owner="random-user-service">
<kw name="GET On Session" owner="RequestsLibrary">
<msg time="2024-05-11T17:13:37.183809" level="INFO">GET Request : url=https://randomuser.me/api 
 path_url=/api 
 headers={'User-Agent': 'python-requests/2.31.0', 'Accept-Encoding': 'gzip, deflate', 'Accept': '*/*', 'Connection': 'keep-alive'} 
 body=None 
 </msg>
<msg time="2024-05-11T17:13:37.183897" level="INFO">GET Response : url=https://randomuser.me/api 
 status=200, reason=OK 
 headers={'Date': 'Sat, 11 May 2024 17:13:37 GMT', 'Content-Type': 'application/json; charset=utf-8', 'Transfer-Encoding': 'chunked', 'Connection': 'keep-alive', 'X-Powered-By': 'Express', 'Access-Control-Allow-Origin': '*', 'Cache-Control': 'no-cache', 'ETag': 'W/"472-o1gwtocXURLQLnWwniXtjIm8YYs"', 'Vary': 'Accept-Encoding', 'Content-Encoding': 'gzip', 'CF-Cache-Status': 'DYNAMIC', 'Report-To': '{"endpoints":[{"url":"https:\\/\\/a.nel.cloudflare.com\\/report\\/v4?s=XWmnTvKiu8HTVIS82mvW4Y96vz2fXmRjKqmx70z0I2OpvDCjXaMTazflMWs8H%2F9CUOYiidLnRa8eAiX9Ww4v7gPpsO8rq43aHbY%2BXRxlMcEXY0cTL77ytyfsJkwdQQMJ"}],"group":"cf-nel","max_age":604800}', 'NEL': '{"success_fraction":0,"report_to":"cf-nel","max_age":604800}', 'Server': 'cloudflare', 'CF-RAY': '8823ccf6ff61821b-IAD', 'alt-svc': 'h3=":443"; ma=86400'} 
 body={"results":[{"gender":"female","name":{"title":"Miss","first":"Lily","last":"Moore"},"location":{"street":{"number":6135,"name":"Fendalton Road"},"city":"Dunedin","state":"Marlborough","country":"New Zealand","postcode":67016,"coordinates":{"latitude":"55.4097","longitude":"15.2991"},"timezone":{"offset":"+3:30","description":"Tehran"}},"email":"lily.moore@example.com","login":{"uuid":"98199426-acc4-4014-af6e-af88e83dfb57","username":"tinyostrich980","password":"gohome","salt":"XYsdftz7","md5":"c326345f8ed23cdad34d8ed8cf7d3414","sha1":"a858ed52a8a3942600789338327ded8d143d6d9a","sha256":"f00404ecfad8ae247e979c859a9888016186a3ae2f2a8df54550340f010309ba"},"dob":{"date":"1973-05-02T11:20:46.570Z","age":51},"registered":{"date":"2013-05-27T06:41:33.188Z","age":10},"phone":"(528)-973-4639","cell":"(386)-382-7293","id":{"name":"","value":null},"picture":{"large":"https://randomuser.me/api/portraits/women/86.jpg","medium":"https://randomuser.me/api/portraits/med/women/86.jpg","thumbnail":"https://randomuser.me/api/portraits/thumb/women/86.jpg"},"nat":"NZ"}],"info":{"seed":"b8702b3b2363639d","results":1,"page":1,"version":"1.4"}} 
 </msg>
<msg time="2024-05-11T17:13:37.184001" level="INFO">/opt/hostedtoolcache/Python/3.12.3/x64/lib/python3.12/site-packages/urllib3/connectionpool.py:1103: InsecureRequestWarning: Unverified HTTPS request is being made to host 'randomuser.me'. Adding certificate verification is strongly advised. See: https://urllib3.readthedocs.io/en/latest/advanced-usage.html#tls-warnings
  warnings.warn(</msg>
<msg time="2024-05-11T17:13:37.184150" level="INFO">${response} = &lt;Response [200]&gt;</msg>
<var>${response}</var>
<arg>consultarAPI</arg>
<arg>/api</arg>
<doc>Sends a GET request on a previously created HTTP Session.</doc>
<status status="PASS" start="2024-05-11T17:13:37.107219" elapsed="0.076988"/>
</kw>
<kw name="Set Variable" owner="BuiltIn">
<msg time="2024-05-11T17:13:37.185101" level="INFO">${json_data} = {'results': [{'gender': 'female', 'name': {'title': 'Miss', 'first': 'Lily', 'last': 'Moore'}, 'location': {'street': {'number': 6135, 'name': 'Fendalton Road'}, 'city': 'Dunedin', 'state': 'Marlborou...</msg>
<var>${json_data}</var>
<arg>${response.json()}</arg>
<doc>Returns the given values which can then be assigned to a variables.</doc>
<status status="PASS" start="2024-05-11T17:13:37.184637" elapsed="0.000493"/>
</kw>
<kw name="Log" owner="BuiltIn">
<msg time="2024-05-11T17:13:37.185594" level="INFO">{'results': [{'gender': 'female', 'name': {'title': 'Miss', 'first': 'Lily', 'last': 'Moore'}, 'location': {'street': {'number': 6135, 'name': 'Fendalton Road'}, 'city': 'Dunedin', 'state': 'Marlborough', 'country': 'New Zealand', 'postcode': 67016, 'coordinates': {'latitude': '55.4097', 'longitude': '15.2991'}, 'timezone': {'offset': '+3:30', 'description': 'Tehran'}}, 'email': 'lily.moore@example.com', 'login': {'uuid': '98199426-acc4-4014-af6e-af88e83dfb57', 'username': 'tinyostrich980', 'password': 'gohome', 'salt': 'XYsdftz7', 'md5': 'c326345f8ed23cdad34d8ed8cf7d3414', 'sha1': 'a858ed52a8a3942600789338327ded8d143d6d9a', 'sha256': 'f00404ecfad8ae247e979c859a9888016186a3ae2f2a8df54550340f010309ba'}, 'dob': {'date': '1973-05-02T11:20:46.570Z', 'age': 51}, 'registered': {'date': '2013-05-27T06:41:33.188Z', 'age': 10}, 'phone': '(528)-973-4639', 'cell': '(386)-382-7293', 'id': {'name': '', 'value': None}, 'picture': {'large': 'https://randomuser.me/api/portraits/women/86.jpg', 'medium': 'https://randomuser.me/api/portraits/med/women/86.jpg', 'thumbnail': 'https://randomuser.me/api/portraits/thumb/women/86.jpg'}, 'nat': 'NZ'}], 'info': {'seed': 'b8702b3b2363639d', 'results': 1, 'page': 1, 'version': '1.4'}}</msg>
<arg>${json_data}</arg>
<doc>Logs the given message with the given level.</doc>
<status status="PASS" start="2024-05-11T17:13:37.185437" elapsed="0.000236"/>
</kw>
<kw name="Should Be String" owner="String">
<arg>${json_data['results'][0]['gender']}</arg>
<doc>Fails if the given ``item`` is not a string.</doc>
<status status="PASS" start="2024-05-11T17:13:37.185978" elapsed="0.000373"/>
</kw>
<kw name="Should Match Regexp" owner="BuiltIn">
<arg>${json_data['results'][0]['email']}</arg>
<arg>^[a-zA-Z0-9._%+-]+@[a-zA-Z0-9.-]+\.[a-zA-Z]{2,}$</arg>
<doc>Fails if ``string`` does not match ``pattern`` as a regular expression.</doc>
<status status="PASS" start="2024-05-11T17:13:37.186548" elapsed="0.000517"/>
</kw>
<kw name="Should Match Regexp" owner="BuiltIn">
<arg>${json_data['results'][0]['dob']['date']}</arg>
<arg>\\d{4}-\\d{2}-\\d{2}T\\d{2}:\\d{2}:\\d{2}\\.\\d{3}Z</arg>
<doc>Fails if ``string`` does not match ``pattern`` as a regular expression.</doc>
<status status="PASS" start="2024-05-11T17:13:37.187263" elapsed="0.000495"/>
</kw>
<kw name="Should Match Regexp" owner="BuiltIn">
<arg>${json_data['results'][0]['registered']['date']}</arg>
<arg>\\d{4}-\\d{2}-\\d{2}T\\d{2}:\\d{2}:\\d{2}\\.\\d{3}Z</arg>
<doc>Fails if ``string`` does not match ``pattern`` as a regular expression.</doc>
<status status="PASS" start="2024-05-11T17:13:37.187976" elapsed="0.000385"/>
</kw>
<kw name="Should Match Regexp" owner="BuiltIn">
<arg>${json_data['results'][0]['picture']['large']}</arg>
<arg>^https?://.*\.(?:png|jpe?g|gif|bmp)$</arg>
<doc>Fails if ``string`` does not match ``pattern`` as a regular expression.</doc>
<status status="PASS" start="2024-05-11T17:13:37.188553" elapsed="0.000466"/>
</kw>
<kw name="Should Match Regexp" owner="BuiltIn">
<arg>${json_data['results'][0]['picture']['medium']}</arg>
<arg>^https?://.*\.(?:png|jpe?g|gif|bmp)$</arg>
<doc>Fails if ``string`` does not match ``pattern`` as a regular expression.</doc>
<status status="PASS" start="2024-05-11T17:13:37.189205" elapsed="0.000353"/>
</kw>
<kw name="Should Match Regexp" owner="BuiltIn">
<arg>${json_data['results'][0]['picture']['thumbnail']}</arg>
<arg>^https?://.*\.(?:png|jpe?g|gif|bmp)$</arg>
<doc>Fails if ``string`` does not match ``pattern`` as a regular expression.</doc>
<status status="PASS" start="2024-05-11T17:13:37.189747" elapsed="0.000346"/>
</kw>
<kw name="Log" owner="BuiltIn">
<msg time="2024-05-11T17:13:37.190610" level="INFO">{'large': 'https://randomuser.me/api/portraits/women/86.jpg', 'medium': 'https://randomuser.me/api/portraits/med/women/86.jpg', 'thumbnail': 'https://randomuser.me/api/portraits/thumb/women/86.jpg'}</msg>
<arg>${json_data['results'][0]['picture']}</arg>
<doc>Logs the given message with the given level.</doc>
<status status="PASS" start="2024-05-11T17:13:37.190273" elapsed="0.000395"/>
</kw>
<status status="PASS" start="2024-05-11T17:13:37.106998" elapsed="0.083985"/>
</kw>
<kw name="Teste de Tipos de Dados - Postcode" owner="random-user-service">
<kw name="GET On Session" owner="RequestsLibrary">
<msg time="2024-05-11T17:13:37.284327" level="INFO">GET Request : url=https://randomuser.me/api 
 path_url=/api 
 headers={'User-Agent': 'python-requests/2.31.0', 'Accept-Encoding': 'gzip, deflate', 'Accept': '*/*', 'Connection': 'keep-alive'} 
 body=None 
 </msg>
<msg time="2024-05-11T17:13:37.284435" level="INFO">GET Response : url=https://randomuser.me/api 
 status=200, reason=OK 
 headers={'Date': 'Sat, 11 May 2024 17:13:37 GMT', 'Content-Type': 'application/json; charset=utf-8', 'Transfer-Encoding': 'chunked', 'Connection': 'keep-alive', 'X-Powered-By': 'Express', 'Access-Control-Allow-Origin': '*', 'Cache-Control': 'no-cache', 'ETag': 'W/"4a4-E4K6Vtv9pFKHxYsquodVAaEWaUE"', 'Vary': 'Accept-Encoding', 'Content-Encoding': 'gzip', 'CF-Cache-Status': 'DYNAMIC', 'Report-To': '{"endpoints":[{"url":"https:\\/\\/a.nel.cloudflare.com\\/report\\/v4?s=CBOG3ragr46nw9beO1dI1UYWD18s9K0vo91s24bCcna0f%2BbNg7he%2B%2Baomuhto0wxyfbA0wHjYnebaF2KS6qFxOo11c11fc8oTyfIbIte3s8LdeFWpmMaktYrzvy4w5pF"}],"group":"cf-nel","max_age":604800}', 'NEL': '{"success_fraction":0,"report_to":"cf-nel","max_age":604800}', 'Server': 'cloudflare', 'CF-RAY': '8823ccf7781f821b-IAD', 'alt-svc': 'h3=":443"; ma=86400'} 
 body={"results":[{"gender":"female","name":{"title":"Mrs","first":"Lesa","last":"Duncan"},"location":{"street":{"number":2974,"name":"Hamilton Ave"},"city":"Coffs Harbour","state":"Western Australia","country":"Australia","postcode":3458,"coordinates":{"latitude":"-89.2366","longitude":"102.7637"},"timezone":{"offset":"+5:00","description":"Ekaterinburg, Islamabad, Karachi, Tashkent"}},"email":"lesa.duncan@example.com","login":{"uuid":"939a454e-0aec-4e41-b213-3a7fae4cb3cc","username":"brownduck685","password":"badgirl","salt":"N5U3qe7j","md5":"6ec8b0315a18bf2adea4ca4240e250ea","sha1":"1a2fcb787cef5490d6e80ac6456c335711f10c81","sha256":"724774293ec6708fa32c94cc65c8f248f1f138111e4337f1ee2345a933b6183c"},"dob":{"date":"1971-01-12T01:45:06.695Z","age":53},"registered":{"date":"2021-06-24T03:10:00.300Z","age":2},"phone":"08-2772-7758","cell":"0430-131-973","id":{"name":"TFN","value":"938751332"},"picture":{"large":"https://randomuser.me/api/portraits/women/61.jpg","medium":"https://randomuser.me/api/portraits/med/women/61.jpg","thumbnail":"https://randomuser.me/api/portraits/thumb/women/61.jpg"},"nat":"AU"}],"info":{"seed":"8a6ff8b16f0b8ce1","results":1,"page":1,"version":"1.4"}} 
 </msg>
<msg time="2024-05-11T17:13:37.284529" level="INFO">/opt/hostedtoolcache/Python/3.12.3/x64/lib/python3.12/site-packages/urllib3/connectionpool.py:1103: InsecureRequestWarning: Unverified HTTPS request is being made to host 'randomuser.me'. Adding certificate verification is strongly advised. See: https://urllib3.readthedocs.io/en/latest/advanced-usage.html#tls-warnings
  warnings.warn(</msg>
<msg time="2024-05-11T17:13:37.284675" level="INFO">${response} = &lt;Response [200]&gt;</msg>
<var>${response}</var>
<arg>consultarAPI</arg>
<arg>/api</arg>
<doc>Sends a GET request on a previously created HTTP Session.</doc>
<status status="PASS" start="2024-05-11T17:13:37.191421" elapsed="0.093298"/>
</kw>
<kw name="Set Variable" owner="BuiltIn">
<msg time="2024-05-11T17:13:37.286026" level="INFO">${json_data} = {'results': [{'gender': 'female', 'name': {'title': 'Mrs', 'first': 'Lesa', 'last': 'Duncan'}, 'location': {'street': {'number': 2974, 'name': 'Hamilton Ave'}, 'city': 'Coffs Harbour', 'state': 'Weste...</msg>
<var>${json_data}</var>
<arg>${response.json()}</arg>
<doc>Returns the given values which can then be assigned to a variables.</doc>
<status status="PASS" start="2024-05-11T17:13:37.285264" elapsed="0.000813"/>
</kw>
<kw name="Log" owner="BuiltIn">
<msg time="2024-05-11T17:13:37.286817" level="INFO">{'results': [{'gender': 'female', 'name': {'title': 'Mrs', 'first': 'Lesa', 'last': 'Duncan'}, 'location': {'street': {'number': 2974, 'name': 'Hamilton Ave'}, 'city': 'Coffs Harbour', 'state': 'Western Australia', 'country': 'Australia', 'postcode': 3458, 'coordinates': {'latitude': '-89.2366', 'longitude': '102.7637'}, 'timezone': {'offset': '+5:00', 'description': 'Ekaterinburg, Islamabad, Karachi, Tashkent'}}, 'email': 'lesa.duncan@example.com', 'login': {'uuid': '939a454e-0aec-4e41-b213-3a7fae4cb3cc', 'username': 'brownduck685', 'password': 'badgirl', 'salt': 'N5U3qe7j', 'md5': '6ec8b0315a18bf2adea4ca4240e250ea', 'sha1': '1a2fcb787cef5490d6e80ac6456c335711f10c81', 'sha256': '724774293ec6708fa32c94cc65c8f248f1f138111e4337f1ee2345a933b6183c'}, 'dob': {'date': '1971-01-12T01:45:06.695Z', 'age': 53}, 'registered': {'date': '2021-06-24T03:10:00.300Z', 'age': 2}, 'phone': '08-2772-7758', 'cell': '0430-131-973', 'id': {'name': 'TFN', 'value': '938751332'}, 'picture': {'large': 'https://randomuser.me/api/portraits/women/61.jpg', 'medium': 'https://randomuser.me/api/portraits/med/women/61.jpg', 'thumbnail': 'https://randomuser.me/api/portraits/thumb/women/61.jpg'}, 'nat': 'AU'}], 'info': {'seed': '8a6ff8b16f0b8ce1', 'results': 1, 'page': 1, 'version': '1.4'}}</msg>
<arg>${json_data}</arg>
<doc>Logs the given message with the given level.</doc>
<status status="PASS" start="2024-05-11T17:13:37.286564" elapsed="0.000387"/>
</kw>
<kw name="Should Be Equal As Numbers" owner="BuiltIn">
<arg>${json_data['results'][0]['location']['postcode']}</arg>
<arg>${json_data['results'][0]['location']['postcode']}</arg>
<doc>Fails if objects are unequal after converting them to real numbers.</doc>
<status status="PASS" start="2024-05-11T17:13:37.287636" elapsed="0.001083"/>
</kw>
<kw name="Log" owner="BuiltIn">
<msg time="2024-05-11T17:13:37.289589" level="INFO">3458</msg>
<arg>${json_data['results'][0]['location']['postcode']}</arg>
<doc>Logs the given message with the given level.</doc>
<status status="PASS" start="2024-05-11T17:13:37.289030" elapsed="0.000631"/>
</kw>
<status status="PASS" start="2024-05-11T17:13:37.191203" elapsed="0.098832"/>
</kw>
<doc>Testa se os tipos de dados na resposta da API estão corretos.</doc>
<tag>testeTiposDados</tag>
<status status="PASS" start="2024-05-11T17:13:37.106557" elapsed="0.183754"/>
</test>
<test id="s1-s1-t5" name="Validar conteudo" line="35">
<kw name="Teste de Tipos de Conteudo" owner="random-user-service">
<kw name="GET On Session" owner="RequestsLibrary">
<msg time="2024-05-11T17:13:37.379163" level="INFO">GET Request : url=https://randomuser.me/api 
 path_url=/api 
 headers={'User-Agent': 'python-requests/2.31.0', 'Accept-Encoding': 'gzip, deflate', 'Accept': '*/*', 'Connection': 'keep-alive'} 
 body=None 
 </msg>
<msg time="2024-05-11T17:13:37.379252" level="INFO">GET Response : url=https://randomuser.me/api 
 status=200, reason=OK 
 headers={'Date': 'Sat, 11 May 2024 17:13:37 GMT', 'Content-Type': 'application/json; charset=utf-8', 'Transfer-Encoding': 'chunked', 'Connection': 'keep-alive', 'X-Powered-By': 'Express', 'Access-Control-Allow-Origin': '*', 'Cache-Control': 'no-cache', 'ETag': 'W/"475-FQWg4LrWd7ODrIrFDuD86Hfoces"', 'Vary': 'Accept-Encoding', 'Content-Encoding': 'gzip', 'CF-Cache-Status': 'DYNAMIC', 'Report-To': '{"endpoints":[{"url":"https:\\/\\/a.nel.cloudflare.com\\/report\\/v4?s=XzE68XVxNwtUhxKZo7Kw7ht3Ey67JQik9UIoCWGccfG53W6fll6yE%2FTw%2Bybm%2BGyp%2FqtmMYORjwuFevjJc1%2F5efocZ%2FipbZUbhrIKUCLpxaEyEwTWrrZhYw3CqwtcPdKV"}],"group":"cf-nel","max_age":604800}', 'NEL': '{"success_fraction":0,"report_to":"cf-nel","max_age":604800}', 'Server': 'cloudflare', 'CF-RAY': '8823ccf818fb821b-IAD', 'alt-svc': 'h3=":443"; ma=86400'} 
 body={"results":[{"gender":"female","name":{"title":"Ms","first":"Nadia","last":"Bjørnevik"},"location":{"street":{"number":9629,"name":"Grorudveien"},"city":"Haugland","state":"Hordaland","country":"Norway","postcode":"1636","coordinates":{"latitude":"46.7923","longitude":"95.8924"},"timezone":{"offset":"-2:00","description":"Mid-Atlantic"}},"email":"nadia.bjornevik@example.com","login":{"uuid":"b1f6f445-3f34-4463-89a8-f3bc730e7de4","username":"lazyzebra292","password":"musica","salt":"9mrrxnHL","md5":"5823506329d94daaebab56e8f386b843","sha1":"d99d26652cfbe29bd3ab266d42f4e9d146dfedcb","sha256":"728e51d3e49bee765b5bb4cba45756893a1c64fc8b499be4627984e7d7ffbcd4"},"dob":{"date":"1986-04-07T20:13:43.794Z","age":38},"registered":{"date":"2017-10-30T04:54:15.003Z","age":6},"phone":"30848922","cell":"49891796","id":{"name":"FN","value":"07048621621"},"picture":{"large":"https://randomuser.me/api/portraits/women/44.jpg","medium":"https://randomuser.me/api/portraits/med/women/44.jpg","thumbnail":"https://randomuser.me/api/portraits/thumb/women/44.jpg"},"nat":"NO"}],"info":{"seed":"5e9ecd369285aa9e","results":1,"page":1,"version":"1.4"}} 
 </msg>
<msg time="2024-05-11T17:13:37.379330" level="INFO">/opt/hostedtoolcache/Python/3.12.3/x64/lib/python3.12/site-packages/urllib3/connectionpool.py:1103: InsecureRequestWarning: Unverified HTTPS request is being made to host 'randomuser.me'. Adding certificate verification is strongly advised. See: https://urllib3.readthedocs.io/en/latest/advanced-usage.html#tls-warnings
  warnings.warn(</msg>
<msg time="2024-05-11T17:13:37.379445" level="INFO">${response} = &lt;Response [200]&gt;</msg>
<var>${response}</var>
<arg>consultarAPI</arg>
<arg>/api</arg>
<doc>Sends a GET request on a previously created HTTP Session.</doc>
<status status="PASS" start="2024-05-11T17:13:37.294541" elapsed="0.084948"/>
</kw>
<kw name="Set Variable" owner="BuiltIn">
<msg time="2024-05-11T17:13:37.380440" level="INFO">${json_data} = {'results': [{'gender': 'female', 'name': {'title': 'Ms', 'first': 'Nadia', 'last': 'Bjørnevik'}, 'location': {'street': {'number': 9629, 'name': 'Grorudveien'}, 'city': 'Haugland', 'state': 'Hordalan...</msg>
<var>${json_data}</var>
<arg>${response.json()}</arg>
<doc>Returns the given values which can then be assigned to a variables.</doc>
<status status="PASS" start="2024-05-11T17:13:37.379956" elapsed="0.000514"/>
</kw>
<kw name="Set Variable" owner="BuiltIn">
<msg time="2024-05-11T17:13:37.381183" level="INFO">${name_title} = Ms</msg>
<var>${name_title}</var>
<arg>${json_data["results"][0]["name"]["title"]}</arg>
<doc>Returns the given values which can then be assigned to a variables.</doc>
<status status="PASS" start="2024-05-11T17:13:37.380782" elapsed="0.000428"/>
</kw>
<kw name="Create List" owner="BuiltIn">
<msg time="2024-05-11T17:13:37.381668" level="INFO">${allowed_titles} = ['Mr', 'Ms', 'Miss', 'Mrs', 'Madame', 'Monsieur']</msg>
<var>${allowed_titles}</var>
<arg>Mr</arg>
<arg>Ms</arg>
<arg>Miss</arg>
<arg>Mrs</arg>
<arg>Madame</arg>
<arg>Monsieur</arg>
<doc>Returns a list containing given items.</doc>
<status status="PASS" start="2024-05-11T17:13:37.381518" elapsed="0.000175"/>
</kw>
<kw name="List Should Contain Value" owner="Collections">
<msg time="2024-05-11T17:13:37.382173" level="INFO">False</msg>
<arg>${allowed_titles}</arg>
<arg>${name_title}</arg>
<doc>Fails if the ``value`` is not found from ``list``.</doc>
<status status="PASS" start="2024-05-11T17:13:37.381999" elapsed="0.000212"/>
</kw>
<kw name="Set Variable" owner="BuiltIn">
<msg time="2024-05-11T17:13:37.382885" level="INFO">${name_country} = NO</msg>
<var>${name_country}</var>
<arg>${json_data["results"][0]["nat"]}</arg>
<doc>Returns the given values which can then be assigned to a variables.</doc>
<status status="PASS" start="2024-05-11T17:13:37.382508" elapsed="0.000402"/>
</kw>
<kw name="Create List" owner="BuiltIn">
<msg time="2024-05-11T17:13:37.383801" level="INFO">${list_country} = ['AD', 'AE', 'AF', 'AG', 'AI', 'AL', 'AM', 'AO', 'AQ', 'AR', 'AS', 'AT', 'AU', 'AW', 'AX', 'AZ', 'BA', 'BB', 'BD', 'BE', 'BF', 'BG', 'BH', 'BI', 'BJ', 'BL', 'BM', 'BN', 'BO', 'BQ', 'BR', 'BS', 'BT', '...</msg>
<var>${list_country}</var>
<arg>AD</arg>
<arg>AE</arg>
<arg>AF</arg>
<arg>AG</arg>
<arg>AI</arg>
<arg>AL</arg>
<arg>AM</arg>
<arg>AO</arg>
<arg>AQ</arg>
<arg>AR</arg>
<arg>AS</arg>
<arg>AT</arg>
<arg>AU</arg>
<arg>AW</arg>
<arg>AX</arg>
<arg>AZ</arg>
<arg>BA</arg>
<arg>BB</arg>
<arg>BD</arg>
<arg>BE</arg>
<arg>BF</arg>
<arg>BG</arg>
<arg>BH</arg>
<arg>BI</arg>
<arg>BJ</arg>
<arg>BL</arg>
<arg>BM</arg>
<arg>BN</arg>
<arg>BO</arg>
<arg>BQ</arg>
<arg>BR</arg>
<arg>BS</arg>
<arg>BT</arg>
<arg>BV</arg>
<arg>BW</arg>
<arg>BY</arg>
<arg>BZ</arg>
<arg>CA</arg>
<arg>CC</arg>
<arg>CD</arg>
<arg>CF</arg>
<arg>CG</arg>
<arg>CH</arg>
<arg>CI</arg>
<arg>CK</arg>
<arg>CL</arg>
<arg>CM</arg>
<arg>CN</arg>
<arg>CO</arg>
<arg>CR</arg>
<arg>CU</arg>
<arg>CV</arg>
<arg>CW</arg>
<arg>CX</arg>
<arg>CY</arg>
<arg>CZ</arg>
<arg>DE</arg>
<arg>DJ</arg>
<arg>DK</arg>
<arg>DM</arg>
<arg>DO</arg>
<arg>DZ</arg>
<arg>EC</arg>
<arg>EE</arg>
<arg>EG</arg>
<arg>EH</arg>
<arg>ER</arg>
<arg>ES</arg>
<arg>ET</arg>
<arg>FI</arg>
<arg>FJ</arg>
<arg>FK</arg>
<arg>FM</arg>
<arg>FO</arg>
<arg>FR</arg>
<arg>GA</arg>
<arg>GB</arg>
<arg>GD</arg>
<arg>GE</arg>
<arg>GF</arg>
<arg>GG</arg>
<arg>GH</arg>
<arg>GI</arg>
<arg>GL</arg>
<arg>GM</arg>
<arg>GN</arg>
<arg>GP</arg>
<arg>GQ</arg>
<arg>GR</arg>
<arg>GS</arg>
<arg>GT</arg>
<arg>GU</arg>
<arg>GW</arg>
<arg>GY</arg>
<arg>HK</arg>
<arg>HM</arg>
<arg>HN</arg>
<arg>HR</arg>
<arg>HT</arg>
<arg>HU</arg>
<arg>ID</arg>
<arg>IE</arg>
<arg>IL</arg>
<arg>IM</arg>
<arg>IN</arg>
<arg>IO</arg>
<arg>IQ</arg>
<arg>IR</arg>
<arg>IS</arg>
<arg>IT</arg>
<arg>JE</arg>
<arg>JM</arg>
<arg>JO</arg>
<arg>JP</arg>
<arg>KE</arg>
<arg>KG</arg>
<arg>KH</arg>
<arg>KI</arg>
<arg>KM</arg>
<arg>KN</arg>
<arg>KP</arg>
<arg>KR</arg>
<arg>KW</arg>
<arg>KY</arg>
<arg>KZ</arg>
<arg>LA</arg>
<arg>LB</arg>
<arg>LC</arg>
<arg>LI</arg>
<arg>LK</arg>
<arg>LR</arg>
<arg>LS</arg>
<arg>LT</arg>
<arg>LU</arg>
<arg>LV</arg>
<arg>LY</arg>
<arg>MA</arg>
<arg>MC</arg>
<arg>MD</arg>
<arg>ME</arg>
<arg>MF</arg>
<arg>MG</arg>
<arg>MH</arg>
<arg>MK</arg>
<arg>ML</arg>
<arg>MM</arg>
<arg>MN</arg>
<arg>MO</arg>
<arg>MP</arg>
<arg>MQ</arg>
<arg>MR</arg>
<arg>MS</arg>
<arg>MT</arg>
<arg>MU</arg>
<arg>MV</arg>
<arg>MW</arg>
<arg>MX</arg>
<arg>MY</arg>
<arg>MZ</arg>
<arg>NA</arg>
<arg>NC</arg>
<arg>NE</arg>
<arg>NF</arg>
<arg>NG</arg>
<arg>NI</arg>
<arg>NL</arg>
<arg>NO</arg>
<arg>NP</arg>
<arg>NR</arg>
<arg>NU</arg>
<arg>NZ</arg>
<arg>OM</arg>
<arg>PA</arg>
<arg>PE</arg>
<arg>PF</arg>
<arg>PG</arg>
<arg>PH</arg>
<arg>PK</arg>
<arg>PL</arg>
<arg>PM</arg>
<arg>PN</arg>
<arg>PR</arg>
<arg>PS</arg>
<arg>PT</arg>
<arg>PW</arg>
<arg>PY</arg>
<arg>QA</arg>
<arg>RE</arg>
<arg>RO</arg>
<arg>RS</arg>
<arg>RU</arg>
<arg>RW</arg>
<arg>SA</arg>
<arg>SB</arg>
<arg>SC</arg>
<arg>SD</arg>
<arg>SE</arg>
<arg>SG</arg>
<arg>SH</arg>
<arg>SI</arg>
<arg>SJ</arg>
<arg>SK</arg>
<arg>SL</arg>
<arg>SM</arg>
<arg>SN</arg>
<arg>SO</arg>
<arg>SR</arg>
<arg>SS</arg>
<arg>ST</arg>
<arg>SV</arg>
<arg>SX</arg>
<arg>SY</arg>
<arg>SZ</arg>
<arg>TC</arg>
<arg>TD</arg>
<arg>TF</arg>
<arg>TG</arg>
<arg>TH</arg>
<arg>TJ</arg>
<arg>TK</arg>
<arg>TL</arg>
<arg>TM</arg>
<arg>TN</arg>
<arg>TO</arg>
<arg>TR</arg>
<arg>TT</arg>
<arg>TV</arg>
<arg>TW</arg>
<arg>TZ</arg>
<arg>UA</arg>
<arg>UG</arg>
<arg>UM</arg>
<arg>US</arg>
<arg>UY</arg>
<arg>UZ</arg>
<arg>VA</arg>
<arg>VC</arg>
<arg>VE</arg>
<arg>VG</arg>
<arg>VI</arg>
<arg>VN</arg>
<arg>VU</arg>
<arg>WF</arg>
<arg>WS</arg>
<arg>XK</arg>
<arg>YE</arg>
<arg>YT</arg>
<arg>ZA</arg>
<arg>ZM</arg>
<arg>ZW</arg>
<doc>Returns a list containing given items.</doc>
<status status="PASS" start="2024-05-11T17:13:37.383213" elapsed="0.000614"/>
</kw>
<kw name="List Should Contain Value" owner="Collections">
<msg time="2024-05-11T17:13:37.384884" level="INFO">False</msg>
<arg>${list_country}</arg>
<arg>${name_country}</arg>
<doc>Fails if the ``value`` is not found from ``list``.</doc>
<status status="PASS" start="2024-05-11T17:13:37.384679" elapsed="0.000247"/>
</kw>
<kw name="Run Keyword If" owner="BuiltIn">
<kw name="Should Be True" owner="BuiltIn">
<arg>${True}</arg>
<doc>Fails if the given condition is not true.</doc>
<status status="PASS" start="2024-05-11T17:13:37.385993" elapsed="0.000242"/>
</kw>
<arg>${json_data["results"][0]["location"]["coordinates"]["latitude"]} &gt;= -90 and ${json_data["results"][0]["location"]["coordinates"]["latitude"]} &lt;= 90</arg>
<arg>Should Be True</arg>
<arg>${True}</arg>
<doc>Runs the given keyword with the given arguments, if ``condition`` is true.</doc>
<status status="PASS" start="2024-05-11T17:13:37.385243" elapsed="0.001173"/>
</kw>
<kw name="Run Keyword If" owner="BuiltIn">
<kw name="Should Be True" owner="BuiltIn">
<arg>${True}</arg>
<doc>Fails if the given condition is not true.</doc>
<status status="PASS" start="2024-05-11T17:13:37.387327" elapsed="0.000139"/>
</kw>
<arg>${json_data["results"][0]["location"]["coordinates"]["longitude"]} &gt;= -180 and ${json_data["results"][0]["location"]["coordinates"]["longitude"]} &lt;= 180</arg>
<arg>Should Be True</arg>
<arg>${True}</arg>
<doc>Runs the given keyword with the given arguments, if ``condition`` is true.</doc>
<status status="PASS" start="2024-05-11T17:13:37.386619" elapsed="0.000971"/>
</kw>
<status status="PASS" start="2024-05-11T17:13:37.294224" elapsed="0.093497"/>
</kw>
<doc>Testa o conteúdo específico dos campos retornados pela API.</doc>
<tag>testeConteudo</tag>
<status status="PASS" start="2024-05-11T17:13:37.293609" elapsed="0.094256"/>
</test>
<status status="PASS" start="2024-05-11T17:13:36.584222" elapsed="0.805610"/>
</suite>
<status status="PASS" start="2024-05-11T17:13:36.570848" elapsed="0.824034"/>
</suite>
<statistics>
<total>
<stat pass="5" fail="0" skip="0">All Tests</stat>
</total>
<tag>
<stat pass="1" fail="0" skip="0">testeConteudo</stat>
<stat pass="1" fail="0" skip="0">testeEstruturaResposta</stat>
<stat pass="1" fail="0" skip="0">testeRequisicaoBasica</stat>
<stat pass="1" fail="0" skip="0">testeTiposDados</stat>
</tag>
<suite>
<stat pass="5" fail="0" skip="0" id="s1" name="Tests">Tests</stat>
<stat pass="5" fail="0" skip="0" id="s1-s1" name="Random-User-Test">Tests.Random-User-Test</stat>
</suite>
</statistics>
<errors>
</errors>
</robot>
