<?xml version="1.0" encoding="UTF-8"?>
<robot generator="Robot 7.0 (Python 3.12.2 on linux)" generated="2024-03-31T20:14:07.427468" rpa="false" schemaversion="5">
<suite id="s1" name="Tests" source="/home/runner/work/DesafioQAItauRogerioJordao/DesafioQAItauRogerioJordao/RamdonUser/tests">
<suite id="s1-s1" name="Random-User-Test" source="/home/runner/work/DesafioQAItauRogerioJordao/DesafioQAItauRogerioJordao/RamdonUser/tests/random-user-test.robot">
<test id="s1-s1-t1" name="Conectar" line="13">
<kw name="Conectar API" owner="random-user-service">
<kw name="Create Session" owner="RequestsLibrary">
<msg time="2024-03-31T20:14:07.807334" level="INFO">Creating Session using : alias=consultarAPI, url=https://randomuser.me/, headers={},                     cookies={}, auth=None, timeout=None, proxies=None, verify=False,                     debug=0 </msg>
<arg>consultarAPI</arg>
<arg>${URL}</arg>
<doc>Create Session: create a HTTP session to a server</doc>
<status status="PASS" start="2024-03-31T20:14:07.807109" elapsed="0.000421"/>
</kw>
<status status="PASS" start="2024-03-31T20:14:07.806011" elapsed="0.001899"/>
</kw>
<status status="PASS" start="2024-03-31T20:14:07.805307" elapsed="0.002814"/>
</test>
<test id="s1-s1-t2" name="Validar retorno 200 e JSON Válido" line="16">
<kw name="Teste de Requisicao Basica" owner="random-user-service">
<kw name="GET On Session" owner="RequestsLibrary">
<msg time="2024-03-31T20:14:08.046499" level="INFO">GET Request : url=https://randomuser.me/api 
 path_url=/api 
 headers={'User-Agent': 'python-requests/2.31.0', 'Accept-Encoding': 'gzip, deflate', 'Accept': '*/*', 'Connection': 'keep-alive'} 
 body=None 
 </msg>
<msg time="2024-03-31T20:14:08.046658" level="INFO">GET Response : url=https://randomuser.me/api 
 status=200, reason=OK 
 headers={'Date': 'Sun, 31 Mar 2024 20:14:08 GMT', 'Content-Type': 'application/json; charset=utf-8', 'Transfer-Encoding': 'chunked', 'Connection': 'keep-alive', 'X-Powered-By': 'Express', 'Access-Control-Allow-Origin': '*', 'Cache-Control': 'no-cache', 'ETag': 'W/"46c-R9YAJ8A43NGt4YODnlHqQRW7DFY"', 'Vary': 'Accept-Encoding', 'Content-Encoding': 'gzip', 'CF-Cache-Status': 'DYNAMIC', 'Report-To': '{"endpoints":[{"url":"https:\\/\\/a.nel.cloudflare.com\\/report\\/v4?s=XfyEAh6ExKW%2BKbLIO1m4tUULR8UunDeRPb8awEPXgxfHCqXZkXLjoEE%2Fte8u07xutwblGGJFbuwaMa6KpxDb%2BQHzCoqC9geMY2JAGIESfn9VcMK%2B7YYetFZpUzghSH80"}],"group":"cf-nel","max_age":604800}', 'NEL': '{"success_fraction":0,"report_to":"cf-nel","max_age":604800}', 'Server': 'cloudflare', 'CF-RAY': '86d301041f2059b5-IAD', 'alt-svc': 'h3=":443"; ma=86400'} 
 body={"results":[{"gender":"male","name":{"title":"Mr","first":"Kaya","last":"Tahincioğlu"},"location":{"street":{"number":2912,"name":"Atatürk Sk"},"city":"Edirne","state":"Kahramanmaraş","country":"Turkey","postcode":21779,"coordinates":{"latitude":"71.7467","longitude":"-44.0789"},"timezone":{"offset":"-10:00","description":"Hawaii"}},"email":"kaya.tahincioglu@example.com","login":{"uuid":"9b140492-246a-4426-a915-67338c5e8974","username":"bigfrog482","password":"metal","salt":"lpyNtjzk","md5":"21b30e2dfd8cbf639d023fb8202a3853","sha1":"efe9550d302e6bf1238b61c46f56978b3ec2e8b3","sha256":"8008143877e9258e557fb399382e885f894ed58164e528647132f318b003f540"},"dob":{"date":"1970-02-08T21:54:57.301Z","age":54},"registered":{"date":"2007-01-24T17:07:02.611Z","age":17},"phone":"(573)-955-4272","cell":"(225)-814-6573","id":{"name":"","value":null},"picture":{"large":"https://randomuser.me/api/portraits/men/24.jpg","medium":"https://randomuser.me/api/portraits/med/men/24.jpg","thumbnail":"https://randomuser.me/api/portraits/thumb/men/24.jpg"},"nat":"TR"}],"info":{"seed":"5be685f36b5b7f0a","results":1,"page":1,"version":"1.4"}} 
 </msg>
<msg time="2024-03-31T20:14:08.046776" level="INFO">/opt/hostedtoolcache/Python/3.12.2/x64/lib/python3.12/site-packages/urllib3/connectionpool.py:1103: InsecureRequestWarning: Unverified HTTPS request is being made to host 'randomuser.me'. Adding certificate verification is strongly advised. See: https://urllib3.readthedocs.io/en/latest/advanced-usage.html#tls-warnings
  warnings.warn(</msg>
<msg time="2024-03-31T20:14:08.046951" level="INFO">${response} = &lt;Response [200]&gt;</msg>
<var>${response}</var>
<arg>consultarAPI</arg>
<arg>/api</arg>
<doc>Sends a GET request on a previously created HTTP Session.</doc>
<status status="PASS" start="2024-03-31T20:14:07.810829" elapsed="0.236167"/>
</kw>
<kw name="Should Be Equal As Numbers" owner="BuiltIn">
<msg time="2024-03-31T20:14:08.048086" level="INFO">Argument types are:
&lt;class 'int'&gt;
&lt;class 'str'&gt;</msg>
<arg>${response.status_code}</arg>
<arg>200</arg>
<doc>Fails if objects are unequal after converting them to real numbers.</doc>
<status status="PASS" start="2024-03-31T20:14:08.047607" elapsed="0.000547"/>
</kw>
<kw name="Log" owner="BuiltIn">
<msg time="2024-03-31T20:14:08.048855" level="INFO">200</msg>
<arg>${response.status_code}</arg>
<doc>Logs the given message with the given level.</doc>
<status status="PASS" start="2024-03-31T20:14:08.048485" elapsed="0.000415"/>
</kw>
<kw name="Set Variable" owner="BuiltIn">
<msg time="2024-03-31T20:14:08.049723" level="INFO">${json_data} = {'results': [{'gender': 'male', 'name': {'title': 'Mr', 'first': 'Kaya', 'last': 'Tahincioğlu'}, 'location': {'street': {'number': 2912, 'name': 'Atatürk Sk'}, 'city': 'Edirne', 'state': 'Kahramanmara...</msg>
<var>${json_data}</var>
<arg>${response.json()}</arg>
<doc>Returns the given values which can then be assigned to a variables.</doc>
<status status="PASS" start="2024-03-31T20:14:08.049238" elapsed="0.000518"/>
</kw>
<kw name="Dictionary Should Contain Key" owner="Collections">
<msg time="2024-03-31T20:14:08.050280" level="INFO">False</msg>
<arg>${json_data}</arg>
<arg>results</arg>
<doc>Fails if ``key`` is not found from ``dictionary``.</doc>
<status status="PASS" start="2024-03-31T20:14:08.050104" elapsed="0.000216"/>
</kw>
<status status="PASS" start="2024-03-31T20:14:07.810567" elapsed="0.240024"/>
</kw>
<doc>Testa se a API responde corretamente e retorna um objeto JSON válido.</doc>
<tag>testeRequisicaoBasica</tag>
<status status="PASS" start="2024-03-31T20:14:07.810016" elapsed="0.240767"/>
</test>
<test id="s1-s1-t3" name="Validar estrutura de resposta" line="22">
<kw name="Teste de Estrutura de Resposta" owner="random-user-service">
<kw name="GET On Session" owner="RequestsLibrary">
<msg time="2024-03-31T20:14:08.154690" level="INFO">GET Request : url=https://randomuser.me/api 
 path_url=/api 
 headers={'User-Agent': 'python-requests/2.31.0', 'Accept-Encoding': 'gzip, deflate', 'Accept': '*/*', 'Connection': 'keep-alive'} 
 body=None 
 </msg>
<msg time="2024-03-31T20:14:08.154790" level="INFO">GET Response : url=https://randomuser.me/api 
 status=200, reason=OK 
 headers={'Date': 'Sun, 31 Mar 2024 20:14:08 GMT', 'Content-Type': 'application/json; charset=utf-8', 'Transfer-Encoding': 'chunked', 'Connection': 'keep-alive', 'X-Powered-By': 'Express', 'Access-Control-Allow-Origin': '*', 'Cache-Control': 'no-cache', 'ETag': 'W/"4aa-A3THY+5wEayf0gPfjzJR7nf1crE"', 'Vary': 'Accept-Encoding', 'Content-Encoding': 'gzip', 'CF-Cache-Status': 'DYNAMIC', 'Report-To': '{"endpoints":[{"url":"https:\\/\\/a.nel.cloudflare.com\\/report\\/v4?s=rsZBozbzWgqZvsrBBCqbQ5g373fmONNnW1uYHbvhwT3z4w4du%2BpbQSWwj7w249CKvYaArGQkZLCosbullM6dr4Wke2Z%2BUuOQ1M9L36TFHtmwlb3FiDyu1qDDT8SLrV%2FF"}],"group":"cf-nel","max_age":604800}', 'NEL': '{"success_fraction":0,"report_to":"cf-nel","max_age":604800}', 'Server': 'cloudflare', 'CF-RAY': '86d301045f4a59b5-IAD', 'alt-svc': 'h3=":443"; ma=86400'} 
 body={"results":[{"gender":"male","name":{"title":"Monsieur","first":"Raphael","last":"Moulin"},"location":{"street":{"number":3726,"name":"Rue Denfert-Rochereau"},"city":"Embrach","state":"Fribourg","country":"Switzerland","postcode":8903,"coordinates":{"latitude":"-57.9971","longitude":"-177.6213"},"timezone":{"offset":"+5:00","description":"Ekaterinburg, Islamabad, Karachi, Tashkent"}},"email":"raphael.moulin@example.com","login":{"uuid":"cba5a439-465a-4ece-9d03-2e00e55f5311","username":"angryduck268","password":"spurs1","salt":"szvQ3V4w","md5":"5e6cdf7012201f3032af0582b08924ff","sha1":"81c0fad255230a18618a711ffcb801cf616a3588","sha256":"80a99356e5aefd54c22f5f8a0ac5191f40794fffa3ee10d0d42e66830bd0438d"},"dob":{"date":"1995-07-26T05:28:02.103Z","age":28},"registered":{"date":"2003-02-27T08:42:30.794Z","age":21},"phone":"076 393 11 03","cell":"078 998 81 99","id":{"name":"AVS","value":"756.7375.5534.41"},"picture":{"large":"https://randomuser.me/api/portraits/men/2.jpg","medium":"https://randomuser.me/api/portraits/med/men/2.jpg","thumbnail":"https://randomuser.me/api/portraits/thumb/men/2.jpg"},"nat":"CH"}],"info":{"seed":"34e643d4be89a052","results":1,"page":1,"version":"1.4"}} 
 </msg>
<msg time="2024-03-31T20:14:08.154934" level="INFO">/opt/hostedtoolcache/Python/3.12.2/x64/lib/python3.12/site-packages/urllib3/connectionpool.py:1103: InsecureRequestWarning: Unverified HTTPS request is being made to host 'randomuser.me'. Adding certificate verification is strongly advised. See: https://urllib3.readthedocs.io/en/latest/advanced-usage.html#tls-warnings
  warnings.warn(</msg>
<msg time="2024-03-31T20:14:08.155094" level="INFO">${response} = &lt;Response [200]&gt;</msg>
<var>${response}</var>
<arg>consultarAPI</arg>
<arg>/api</arg>
<doc>Sends a GET request on a previously created HTTP Session.</doc>
<status status="PASS" start="2024-03-31T20:14:08.053722" elapsed="0.101406"/>
</kw>
<kw name="Set Variable" owner="BuiltIn">
<msg time="2024-03-31T20:14:08.156172" level="INFO">${json_data} = {'results': [{'gender': 'male', 'name': {'title': 'Monsieur', 'first': 'Raphael', 'last': 'Moulin'}, 'location': {'street': {'number': 3726, 'name': 'Rue Denfert-Rochereau'}, 'city': 'Embrach', 'state...</msg>
<var>${json_data}</var>
<arg>${response.json()}</arg>
<doc>Returns the given values which can then be assigned to a variables.</doc>
<status status="PASS" start="2024-03-31T20:14:08.155645" elapsed="0.000555"/>
</kw>
<kw name="Log" owner="BuiltIn">
<msg time="2024-03-31T20:14:08.156687" level="INFO">{'results': [{'gender': 'male', 'name': {'title': 'Monsieur', 'first': 'Raphael', 'last': 'Moulin'}, 'location': {'street': {'number': 3726, 'name': 'Rue Denfert-Rochereau'}, 'city': 'Embrach', 'state': 'Fribourg', 'country': 'Switzerland', 'postcode': 8903, 'coordinates': {'latitude': '-57.9971', 'longitude': '-177.6213'}, 'timezone': {'offset': '+5:00', 'description': 'Ekaterinburg, Islamabad, Karachi, Tashkent'}}, 'email': 'raphael.moulin@example.com', 'login': {'uuid': 'cba5a439-465a-4ece-9d03-2e00e55f5311', 'username': 'angryduck268', 'password': 'spurs1', 'salt': 'szvQ3V4w', 'md5': '5e6cdf7012201f3032af0582b08924ff', 'sha1': '81c0fad255230a18618a711ffcb801cf616a3588', 'sha256': '80a99356e5aefd54c22f5f8a0ac5191f40794fffa3ee10d0d42e66830bd0438d'}, 'dob': {'date': '1995-07-26T05:28:02.103Z', 'age': 28}, 'registered': {'date': '2003-02-27T08:42:30.794Z', 'age': 21}, 'phone': '076 393 11 03', 'cell': '078 998 81 99', 'id': {'name': 'AVS', 'value': '756.7375.5534.41'}, 'picture': {'large': 'https://randomuser.me/api/portraits/men/2.jpg', 'medium': 'https://randomuser.me/api/portraits/med/men/2.jpg', 'thumbnail': 'https://randomuser.me/api/portraits/thumb/men/2.jpg'}, 'nat': 'CH'}], 'info': {'seed': '34e643d4be89a052', 'results': 1, 'page': 1, 'version': '1.4'}}</msg>
<arg>${json_data}</arg>
<doc>Logs the given message with the given level.</doc>
<status status="PASS" start="2024-03-31T20:14:08.156524" elapsed="0.000210"/>
</kw>
<kw name="Dictionary Should Contain Key" owner="Collections">
<msg time="2024-03-31T20:14:08.157188" level="INFO">False</msg>
<arg>${json_data}</arg>
<arg>results</arg>
<doc>Fails if ``key`` is not found from ``dictionary``.</doc>
<status status="PASS" start="2024-03-31T20:14:08.157030" elapsed="0.000194"/>
</kw>
<kw name="Should Not Be Empty" owner="BuiltIn">
<msg time="2024-03-31T20:14:08.157651" level="INFO">Length is 2.</msg>
<arg>${json_data}</arg>
<doc>Verifies that the given item is not empty.</doc>
<status status="PASS" start="2024-03-31T20:14:08.157518" elapsed="0.000170"/>
</kw>
<kw name="Create List" owner="BuiltIn">
<msg time="2024-03-31T20:14:08.158169" level="INFO">${expected_keys} = ['gender', 'name', 'location', 'email', 'login']</msg>
<var>${expected_keys}</var>
<arg>gender</arg>
<arg>name</arg>
<arg>location</arg>
<arg>email</arg>
<arg>login</arg>
<doc>Returns a list containing given items.</doc>
<status status="PASS" start="2024-03-31T20:14:08.158013" elapsed="0.000181"/>
</kw>
<for flavor="IN">
<iter>
<kw name="Dictionary Should Contain Key" owner="Collections">
<msg time="2024-03-31T20:14:08.159201" level="INFO">False</msg>
<arg>${json_data['results'][0]}</arg>
<arg>${key}</arg>
<doc>Fails if ``key`` is not found from ``dictionary``.</doc>
<status status="PASS" start="2024-03-31T20:14:08.158788" elapsed="0.000452"/>
</kw>
<kw name="Log" owner="BuiltIn">
<msg time="2024-03-31T20:14:08.159921" level="INFO">{'gender': 'male', 'name': {'title': 'Monsieur', 'first': 'Raphael', 'last': 'Moulin'}, 'location': {'street': {'number': 3726, 'name': 'Rue Denfert-Rochereau'}, 'city': 'Embrach', 'state': 'Fribourg', 'country': 'Switzerland', 'postcode': 8903, 'coordinates': {'latitude': '-57.9971', 'longitude': '-177.6213'}, 'timezone': {'offset': '+5:00', 'description': 'Ekaterinburg, Islamabad, Karachi, Tashkent'}}, 'email': 'raphael.moulin@example.com', 'login': {'uuid': 'cba5a439-465a-4ece-9d03-2e00e55f5311', 'username': 'angryduck268', 'password': 'spurs1', 'salt': 'szvQ3V4w', 'md5': '5e6cdf7012201f3032af0582b08924ff', 'sha1': '81c0fad255230a18618a711ffcb801cf616a3588', 'sha256': '80a99356e5aefd54c22f5f8a0ac5191f40794fffa3ee10d0d42e66830bd0438d'}, 'dob': {'date': '1995-07-26T05:28:02.103Z', 'age': 28}, 'registered': {'date': '2003-02-27T08:42:30.794Z', 'age': 21}, 'phone': '076 393 11 03', 'cell': '078 998 81 99', 'id': {'name': 'AVS', 'value': '756.7375.5534.41'}, 'picture': {'large': 'https://randomuser.me/api/portraits/men/2.jpg', 'medium': 'https://randomuser.me/api/portraits/med/men/2.jpg', 'thumbnail': 'https://randomuser.me/api/portraits/thumb/men/2.jpg'}, 'nat': 'CH'}</msg>
<arg>${json_data['results'][0]}</arg>
<doc>Logs the given message with the given level.</doc>
<status status="PASS" start="2024-03-31T20:14:08.159553" elapsed="0.000423"/>
</kw>
<kw name="Log" owner="BuiltIn">
<msg time="2024-03-31T20:14:08.160409" level="INFO">gender</msg>
<arg>${key}</arg>
<doc>Logs the given message with the given level.</doc>
<status status="PASS" start="2024-03-31T20:14:08.160280" elapsed="0.000167"/>
</kw>
<var name="${key}">gender</var>
<status status="PASS" start="2024-03-31T20:14:08.158661" elapsed="0.002005"/>
</iter>
<iter>
<kw name="Dictionary Should Contain Key" owner="Collections">
<msg time="2024-03-31T20:14:08.161350" level="INFO">False</msg>
<arg>${json_data['results'][0]}</arg>
<arg>${key}</arg>
<doc>Fails if ``key`` is not found from ``dictionary``.</doc>
<status status="PASS" start="2024-03-31T20:14:08.160967" elapsed="0.000459"/>
</kw>
<kw name="Log" owner="BuiltIn">
<msg time="2024-03-31T20:14:08.162135" level="INFO">{'gender': 'male', 'name': {'title': 'Monsieur', 'first': 'Raphael', 'last': 'Moulin'}, 'location': {'street': {'number': 3726, 'name': 'Rue Denfert-Rochereau'}, 'city': 'Embrach', 'state': 'Fribourg', 'country': 'Switzerland', 'postcode': 8903, 'coordinates': {'latitude': '-57.9971', 'longitude': '-177.6213'}, 'timezone': {'offset': '+5:00', 'description': 'Ekaterinburg, Islamabad, Karachi, Tashkent'}}, 'email': 'raphael.moulin@example.com', 'login': {'uuid': 'cba5a439-465a-4ece-9d03-2e00e55f5311', 'username': 'angryduck268', 'password': 'spurs1', 'salt': 'szvQ3V4w', 'md5': '5e6cdf7012201f3032af0582b08924ff', 'sha1': '81c0fad255230a18618a711ffcb801cf616a3588', 'sha256': '80a99356e5aefd54c22f5f8a0ac5191f40794fffa3ee10d0d42e66830bd0438d'}, 'dob': {'date': '1995-07-26T05:28:02.103Z', 'age': 28}, 'registered': {'date': '2003-02-27T08:42:30.794Z', 'age': 21}, 'phone': '076 393 11 03', 'cell': '078 998 81 99', 'id': {'name': 'AVS', 'value': '756.7375.5534.41'}, 'picture': {'large': 'https://randomuser.me/api/portraits/men/2.jpg', 'medium': 'https://randomuser.me/api/portraits/med/men/2.jpg', 'thumbnail': 'https://randomuser.me/api/portraits/thumb/men/2.jpg'}, 'nat': 'CH'}</msg>
<arg>${json_data['results'][0]}</arg>
<doc>Logs the given message with the given level.</doc>
<status status="PASS" start="2024-03-31T20:14:08.161735" elapsed="0.000448"/>
</kw>
<kw name="Log" owner="BuiltIn">
<msg time="2024-03-31T20:14:08.162642" level="INFO">name</msg>
<arg>${key}</arg>
<doc>Logs the given message with the given level.</doc>
<status status="PASS" start="2024-03-31T20:14:08.162511" elapsed="0.000169"/>
</kw>
<var name="${key}">name</var>
<status status="PASS" start="2024-03-31T20:14:08.160852" elapsed="0.002044"/>
</iter>
<iter>
<kw name="Dictionary Should Contain Key" owner="Collections">
<msg time="2024-03-31T20:14:08.163563" level="INFO">False</msg>
<arg>${json_data['results'][0]}</arg>
<arg>${key}</arg>
<doc>Fails if ``key`` is not found from ``dictionary``.</doc>
<status status="PASS" start="2024-03-31T20:14:08.163188" elapsed="0.000413"/>
</kw>
<kw name="Log" owner="BuiltIn">
<msg time="2024-03-31T20:14:08.164266" level="INFO">{'gender': 'male', 'name': {'title': 'Monsieur', 'first': 'Raphael', 'last': 'Moulin'}, 'location': {'street': {'number': 3726, 'name': 'Rue Denfert-Rochereau'}, 'city': 'Embrach', 'state': 'Fribourg', 'country': 'Switzerland', 'postcode': 8903, 'coordinates': {'latitude': '-57.9971', 'longitude': '-177.6213'}, 'timezone': {'offset': '+5:00', 'description': 'Ekaterinburg, Islamabad, Karachi, Tashkent'}}, 'email': 'raphael.moulin@example.com', 'login': {'uuid': 'cba5a439-465a-4ece-9d03-2e00e55f5311', 'username': 'angryduck268', 'password': 'spurs1', 'salt': 'szvQ3V4w', 'md5': '5e6cdf7012201f3032af0582b08924ff', 'sha1': '81c0fad255230a18618a711ffcb801cf616a3588', 'sha256': '80a99356e5aefd54c22f5f8a0ac5191f40794fffa3ee10d0d42e66830bd0438d'}, 'dob': {'date': '1995-07-26T05:28:02.103Z', 'age': 28}, 'registered': {'date': '2003-02-27T08:42:30.794Z', 'age': 21}, 'phone': '076 393 11 03', 'cell': '078 998 81 99', 'id': {'name': 'AVS', 'value': '756.7375.5534.41'}, 'picture': {'large': 'https://randomuser.me/api/portraits/men/2.jpg', 'medium': 'https://randomuser.me/api/portraits/med/men/2.jpg', 'thumbnail': 'https://randomuser.me/api/portraits/thumb/men/2.jpg'}, 'nat': 'CH'}</msg>
<arg>${json_data['results'][0]}</arg>
<doc>Logs the given message with the given level.</doc>
<status status="PASS" start="2024-03-31T20:14:08.163901" elapsed="0.000417"/>
</kw>
<kw name="Log" owner="BuiltIn">
<msg time="2024-03-31T20:14:08.164740" level="INFO">location</msg>
<arg>${key}</arg>
<doc>Logs the given message with the given level.</doc>
<status status="PASS" start="2024-03-31T20:14:08.164613" elapsed="0.000166"/>
</kw>
<var name="${key}">location</var>
<status status="PASS" start="2024-03-31T20:14:08.163076" elapsed="0.001919"/>
</iter>
<iter>
<kw name="Dictionary Should Contain Key" owner="Collections">
<msg time="2024-03-31T20:14:08.165667" level="INFO">False</msg>
<arg>${json_data['results'][0]}</arg>
<arg>${key}</arg>
<doc>Fails if ``key`` is not found from ``dictionary``.</doc>
<status status="PASS" start="2024-03-31T20:14:08.165279" elapsed="0.000426"/>
</kw>
<kw name="Log" owner="BuiltIn">
<msg time="2024-03-31T20:14:08.166410" level="INFO">{'gender': 'male', 'name': {'title': 'Monsieur', 'first': 'Raphael', 'last': 'Moulin'}, 'location': {'street': {'number': 3726, 'name': 'Rue Denfert-Rochereau'}, 'city': 'Embrach', 'state': 'Fribourg', 'country': 'Switzerland', 'postcode': 8903, 'coordinates': {'latitude': '-57.9971', 'longitude': '-177.6213'}, 'timezone': {'offset': '+5:00', 'description': 'Ekaterinburg, Islamabad, Karachi, Tashkent'}}, 'email': 'raphael.moulin@example.com', 'login': {'uuid': 'cba5a439-465a-4ece-9d03-2e00e55f5311', 'username': 'angryduck268', 'password': 'spurs1', 'salt': 'szvQ3V4w', 'md5': '5e6cdf7012201f3032af0582b08924ff', 'sha1': '81c0fad255230a18618a711ffcb801cf616a3588', 'sha256': '80a99356e5aefd54c22f5f8a0ac5191f40794fffa3ee10d0d42e66830bd0438d'}, 'dob': {'date': '1995-07-26T05:28:02.103Z', 'age': 28}, 'registered': {'date': '2003-02-27T08:42:30.794Z', 'age': 21}, 'phone': '076 393 11 03', 'cell': '078 998 81 99', 'id': {'name': 'AVS', 'value': '756.7375.5534.41'}, 'picture': {'large': 'https://randomuser.me/api/portraits/men/2.jpg', 'medium': 'https://randomuser.me/api/portraits/med/men/2.jpg', 'thumbnail': 'https://randomuser.me/api/portraits/thumb/men/2.jpg'}, 'nat': 'CH'}</msg>
<arg>${json_data['results'][0]}</arg>
<doc>Logs the given message with the given level.</doc>
<status status="PASS" start="2024-03-31T20:14:08.166047" elapsed="0.000410"/>
</kw>
<kw name="Log" owner="BuiltIn">
<msg time="2024-03-31T20:14:08.166886" level="INFO">email</msg>
<arg>${key}</arg>
<doc>Logs the given message with the given level.</doc>
<status status="PASS" start="2024-03-31T20:14:08.166758" elapsed="0.000166"/>
</kw>
<var name="${key}">email</var>
<status status="PASS" start="2024-03-31T20:14:08.165166" elapsed="0.001972"/>
</iter>
<iter>
<kw name="Dictionary Should Contain Key" owner="Collections">
<msg time="2024-03-31T20:14:08.167812" level="INFO">False</msg>
<arg>${json_data['results'][0]}</arg>
<arg>${key}</arg>
<doc>Fails if ``key`` is not found from ``dictionary``.</doc>
<status status="PASS" start="2024-03-31T20:14:08.167428" elapsed="0.000422"/>
</kw>
<kw name="Log" owner="BuiltIn">
<msg time="2024-03-31T20:14:08.168516" level="INFO">{'gender': 'male', 'name': {'title': 'Monsieur', 'first': 'Raphael', 'last': 'Moulin'}, 'location': {'street': {'number': 3726, 'name': 'Rue Denfert-Rochereau'}, 'city': 'Embrach', 'state': 'Fribourg', 'country': 'Switzerland', 'postcode': 8903, 'coordinates': {'latitude': '-57.9971', 'longitude': '-177.6213'}, 'timezone': {'offset': '+5:00', 'description': 'Ekaterinburg, Islamabad, Karachi, Tashkent'}}, 'email': 'raphael.moulin@example.com', 'login': {'uuid': 'cba5a439-465a-4ece-9d03-2e00e55f5311', 'username': 'angryduck268', 'password': 'spurs1', 'salt': 'szvQ3V4w', 'md5': '5e6cdf7012201f3032af0582b08924ff', 'sha1': '81c0fad255230a18618a711ffcb801cf616a3588', 'sha256': '80a99356e5aefd54c22f5f8a0ac5191f40794fffa3ee10d0d42e66830bd0438d'}, 'dob': {'date': '1995-07-26T05:28:02.103Z', 'age': 28}, 'registered': {'date': '2003-02-27T08:42:30.794Z', 'age': 21}, 'phone': '076 393 11 03', 'cell': '078 998 81 99', 'id': {'name': 'AVS', 'value': '756.7375.5534.41'}, 'picture': {'large': 'https://randomuser.me/api/portraits/men/2.jpg', 'medium': 'https://randomuser.me/api/portraits/med/men/2.jpg', 'thumbnail': 'https://randomuser.me/api/portraits/thumb/men/2.jpg'}, 'nat': 'CH'}</msg>
<arg>${json_data['results'][0]}</arg>
<doc>Logs the given message with the given level.</doc>
<status status="PASS" start="2024-03-31T20:14:08.168149" elapsed="0.000414"/>
</kw>
<kw name="Log" owner="BuiltIn">
<msg time="2024-03-31T20:14:08.168988" level="INFO">login</msg>
<arg>${key}</arg>
<doc>Logs the given message with the given level.</doc>
<status status="PASS" start="2024-03-31T20:14:08.168857" elapsed="0.000314"/>
</kw>
<var name="${key}">login</var>
<status status="PASS" start="2024-03-31T20:14:08.167310" elapsed="0.002087"/>
</iter>
<var>${key}</var>
<value>@{expected_keys}</value>
<status status="PASS" start="2024-03-31T20:14:08.158462" elapsed="0.011057"/>
</for>
<kw name="Create List" owner="BuiltIn">
<msg time="2024-03-31T20:14:08.169856" level="INFO">${expected_keysTwo} = ['username', 'password']</msg>
<var>${expected_keysTwo}</var>
<arg>username</arg>
<arg>password</arg>
<doc>Returns a list containing given items.</doc>
<status status="PASS" start="2024-03-31T20:14:08.169716" elapsed="0.000165"/>
</kw>
<for flavor="IN">
<iter>
<kw name="Dictionary Should Contain Key" owner="Collections">
<msg time="2024-03-31T20:14:08.170866" level="INFO">False</msg>
<arg>${json_data['results'][0]['login']}</arg>
<arg>${keyTwo}</arg>
<doc>Fails if ``key`` is not found from ``dictionary``.</doc>
<status status="PASS" start="2024-03-31T20:14:08.170477" elapsed="0.000426"/>
</kw>
<kw name="Dictionary Should Contain Key" owner="Collections">
<msg time="2024-03-31T20:14:08.171589" level="INFO">False</msg>
<arg>${json_data['results'][0]['login']}</arg>
<arg>${keyTwo}</arg>
<doc>Fails if ``key`` is not found from ``dictionary``.</doc>
<status status="PASS" start="2024-03-31T20:14:08.171202" elapsed="0.000425"/>
</kw>
<kw name="Log" owner="BuiltIn">
<msg time="2024-03-31T20:14:08.172055" level="INFO">username</msg>
<arg>${keyTwo}</arg>
<doc>Logs the given message with the given level.</doc>
<status status="PASS" start="2024-03-31T20:14:08.171923" elapsed="0.000170"/>
</kw>
<var name="${keyTwo}">username</var>
<status status="PASS" start="2024-03-31T20:14:08.170359" elapsed="0.001949"/>
</iter>
<iter>
<kw name="Dictionary Should Contain Key" owner="Collections">
<msg time="2024-03-31T20:14:08.172979" level="INFO">False</msg>
<arg>${json_data['results'][0]['login']}</arg>
<arg>${keyTwo}</arg>
<doc>Fails if ``key`` is not found from ``dictionary``.</doc>
<status status="PASS" start="2024-03-31T20:14:08.172592" elapsed="0.000425"/>
</kw>
<kw name="Dictionary Should Contain Key" owner="Collections">
<msg time="2024-03-31T20:14:08.173690" level="INFO">False</msg>
<arg>${json_data['results'][0]['login']}</arg>
<arg>${keyTwo}</arg>
<doc>Fails if ``key`` is not found from ``dictionary``.</doc>
<status status="PASS" start="2024-03-31T20:14:08.173309" elapsed="0.000419"/>
</kw>
<kw name="Log" owner="BuiltIn">
<msg time="2024-03-31T20:14:08.174200" level="INFO">password</msg>
<arg>${keyTwo}</arg>
<doc>Logs the given message with the given level.</doc>
<status status="PASS" start="2024-03-31T20:14:08.174064" elapsed="0.000175"/>
</kw>
<var name="${keyTwo}">password</var>
<status status="PASS" start="2024-03-31T20:14:08.172481" elapsed="0.001976"/>
</iter>
<var>${keyTwo}</var>
<value>@{expected_keysTwo}</value>
<status status="PASS" start="2024-03-31T20:14:08.170178" elapsed="0.004402"/>
</for>
<status status="PASS" start="2024-03-31T20:14:08.053464" elapsed="0.121265"/>
</kw>
<doc>Testa a estrutura da resposta da API.</doc>
<tag>testeEstruturaResposta</tag>
<status status="PASS" start="2024-03-31T20:14:08.052666" elapsed="0.122232"/>
</test>
<test id="s1-s1-t4" name="Validar tipos de dados" line="28">
<kw name="Teste de Tipos de Dados" owner="random-user-service">
<kw name="GET On Session" owner="RequestsLibrary">
<msg time="2024-03-31T20:14:08.254765" level="INFO">GET Request : url=https://randomuser.me/api 
 path_url=/api 
 headers={'User-Agent': 'python-requests/2.31.0', 'Accept-Encoding': 'gzip, deflate', 'Accept': '*/*', 'Connection': 'keep-alive'} 
 body=None 
 </msg>
<msg time="2024-03-31T20:14:08.254868" level="INFO">GET Response : url=https://randomuser.me/api 
 status=200, reason=OK 
 headers={'Date': 'Sun, 31 Mar 2024 20:14:08 GMT', 'Content-Type': 'application/json; charset=utf-8', 'Transfer-Encoding': 'chunked', 'Connection': 'keep-alive', 'X-Powered-By': 'Express', 'Access-Control-Allow-Origin': '*', 'Cache-Control': 'no-cache', 'ETag': 'W/"488-9KtfmvKdaWmNT61ge1a9rrV3xYM"', 'Vary': 'Accept-Encoding', 'Content-Encoding': 'gzip', 'CF-Cache-Status': 'DYNAMIC', 'Report-To': '{"endpoints":[{"url":"https:\\/\\/a.nel.cloudflare.com\\/report\\/v4?s=2rq6f%2BiI6Qk9w%2BQiWKZotknDDj5mxk6DwqjNwrh3bETxQAVqJ%2B3qbA5mr6UENgavT0lOFcyynqRK0TIbJARKd%2Bp4LXOdAK%2Bxo3NZaN18hYOaz8DeJlw%2FIQjaI%2BcDtpBk"}],"group":"cf-nel","max_age":604800}', 'NEL': '{"success_fraction":0,"report_to":"cf-nel","max_age":604800}', 'Server': 'cloudflare', 'CF-RAY': '86d301052fc859b5-IAD', 'alt-svc': 'h3=":443"; ma=86400'} 
 body={"results":[{"gender":"male","name":{"title":"Mr","first":"Vinício","last":"Rezende"},"location":{"street":{"number":411,"name":"Avenida D. Pedro Ii"},"city":"Belém","state":"Mato Grosso do Sul","country":"Brazil","postcode":67633,"coordinates":{"latitude":"-76.9239","longitude":"-34.5809"},"timezone":{"offset":"-9:00","description":"Alaska"}},"email":"vinicio.rezende@example.com","login":{"uuid":"fd10016a-ecb2-4a46-926c-a9166d8b0058","username":"happyrabbit692","password":"bruce","salt":"4VShPqxv","md5":"7ec7d14356b47c1370f3908b941c0756","sha1":"6760b2407be61b5dd5cc796a91a4833119db6457","sha256":"8ac08d69299ebe228d9d12e615e4b86bb58f8e8a60dfae104fc721df045b2f80"},"dob":{"date":"1979-05-25T12:33:40.780Z","age":44},"registered":{"date":"2003-06-27T07:45:21.558Z","age":20},"phone":"(48) 5600-3540","cell":"(26) 3003-9160","id":{"name":"CPF","value":"755.449.363-69"},"picture":{"large":"https://randomuser.me/api/portraits/men/42.jpg","medium":"https://randomuser.me/api/portraits/med/men/42.jpg","thumbnail":"https://randomuser.me/api/portraits/thumb/men/42.jpg"},"nat":"BR"}],"info":{"seed":"77314ed18fe3ee62","results":1,"page":1,"version":"1.4"}} 
 </msg>
<msg time="2024-03-31T20:14:08.254938" level="INFO">/opt/hostedtoolcache/Python/3.12.2/x64/lib/python3.12/site-packages/urllib3/connectionpool.py:1103: InsecureRequestWarning: Unverified HTTPS request is being made to host 'randomuser.me'. Adding certificate verification is strongly advised. See: https://urllib3.readthedocs.io/en/latest/advanced-usage.html#tls-warnings
  warnings.warn(</msg>
<msg time="2024-03-31T20:14:08.255076" level="INFO">${response} = &lt;Response [200]&gt;</msg>
<var>${response}</var>
<arg>consultarAPI</arg>
<arg>/api</arg>
<doc>Sends a GET request on a previously created HTTP Session.</doc>
<status status="PASS" start="2024-03-31T20:14:08.177508" elapsed="0.077609"/>
</kw>
<kw name="Set Variable" owner="BuiltIn">
<msg time="2024-03-31T20:14:08.256239" level="INFO">${json_data} = {'results': [{'gender': 'male', 'name': {'title': 'Mr', 'first': 'Vinício', 'last': 'Rezende'}, 'location': {'street': {'number': 411, 'name': 'Avenida D. Pedro Ii'}, 'city': 'Belém', 'state': 'Mato G...</msg>
<var>${json_data}</var>
<arg>${response.json()}</arg>
<doc>Returns the given values which can then be assigned to a variables.</doc>
<status status="PASS" start="2024-03-31T20:14:08.255698" elapsed="0.000570"/>
</kw>
<kw name="Log" owner="BuiltIn">
<msg time="2024-03-31T20:14:08.256760" level="INFO">{'results': [{'gender': 'male', 'name': {'title': 'Mr', 'first': 'Vinício', 'last': 'Rezende'}, 'location': {'street': {'number': 411, 'name': 'Avenida D. Pedro Ii'}, 'city': 'Belém', 'state': 'Mato Grosso do Sul', 'country': 'Brazil', 'postcode': 67633, 'coordinates': {'latitude': '-76.9239', 'longitude': '-34.5809'}, 'timezone': {'offset': '-9:00', 'description': 'Alaska'}}, 'email': 'vinicio.rezende@example.com', 'login': {'uuid': 'fd10016a-ecb2-4a46-926c-a9166d8b0058', 'username': 'happyrabbit692', 'password': 'bruce', 'salt': '4VShPqxv', 'md5': '7ec7d14356b47c1370f3908b941c0756', 'sha1': '6760b2407be61b5dd5cc796a91a4833119db6457', 'sha256': '8ac08d69299ebe228d9d12e615e4b86bb58f8e8a60dfae104fc721df045b2f80'}, 'dob': {'date': '1979-05-25T12:33:40.780Z', 'age': 44}, 'registered': {'date': '2003-06-27T07:45:21.558Z', 'age': 20}, 'phone': '(48) 5600-3540', 'cell': '(26) 3003-9160', 'id': {'name': 'CPF', 'value': '755.449.363-69'}, 'picture': {'large': 'https://randomuser.me/api/portraits/men/42.jpg', 'medium': 'https://randomuser.me/api/portraits/med/men/42.jpg', 'thumbnail': 'https://randomuser.me/api/portraits/thumb/men/42.jpg'}, 'nat': 'BR'}], 'info': {'seed': '77314ed18fe3ee62', 'results': 1, 'page': 1, 'version': '1.4'}}</msg>
<arg>${json_data}</arg>
<doc>Logs the given message with the given level.</doc>
<status status="PASS" start="2024-03-31T20:14:08.256598" elapsed="0.000261"/>
</kw>
<kw name="Should Be String" owner="String">
<arg>${json_data['results'][0]['gender']}</arg>
<doc>Fails if the given ``item`` is not a string.</doc>
<status status="PASS" start="2024-03-31T20:14:08.257164" elapsed="0.000367"/>
</kw>
<kw name="Should Match Regexp" owner="BuiltIn">
<arg>${json_data['results'][0]['email']}</arg>
<arg>^[a-zA-Z0-9._%+-]+@[a-zA-Z0-9.-]+\.[a-zA-Z]{2,}$</arg>
<doc>Fails if ``string`` does not match ``pattern`` as a regular expression.</doc>
<status status="PASS" start="2024-03-31T20:14:08.257728" elapsed="0.000595"/>
</kw>
<kw name="Should Match Regexp" owner="BuiltIn">
<arg>${json_data['results'][0]['dob']['date']}</arg>
<arg>\\d{4}-\\d{2}-\\d{2}T\\d{2}:\\d{2}:\\d{2}\\.\\d{3}Z</arg>
<doc>Fails if ``string`` does not match ``pattern`` as a regular expression.</doc>
<status status="PASS" start="2024-03-31T20:14:08.258527" elapsed="0.000498"/>
</kw>
<kw name="Should Match Regexp" owner="BuiltIn">
<arg>${json_data['results'][0]['registered']['date']}</arg>
<arg>\\d{4}-\\d{2}-\\d{2}T\\d{2}:\\d{2}:\\d{2}\\.\\d{3}Z</arg>
<doc>Fails if ``string`` does not match ``pattern`` as a regular expression.</doc>
<status status="PASS" start="2024-03-31T20:14:08.259219" elapsed="0.000370"/>
</kw>
<kw name="Should Match Regexp" owner="BuiltIn">
<arg>${json_data['results'][0]['picture']['large']}</arg>
<arg>^https?://.*\.(?:png|jpe?g|gif|bmp)$</arg>
<doc>Fails if ``string`` does not match ``pattern`` as a regular expression.</doc>
<status status="PASS" start="2024-03-31T20:14:08.259777" elapsed="0.000454"/>
</kw>
<kw name="Should Match Regexp" owner="BuiltIn">
<arg>${json_data['results'][0]['picture']['medium']}</arg>
<arg>^https?://.*\.(?:png|jpe?g|gif|bmp)$</arg>
<doc>Fails if ``string`` does not match ``pattern`` as a regular expression.</doc>
<status status="PASS" start="2024-03-31T20:14:08.260422" elapsed="0.000361"/>
</kw>
<kw name="Should Match Regexp" owner="BuiltIn">
<arg>${json_data['results'][0]['picture']['thumbnail']}</arg>
<arg>^https?://.*\.(?:png|jpe?g|gif|bmp)$</arg>
<doc>Fails if ``string`` does not match ``pattern`` as a regular expression.</doc>
<status status="PASS" start="2024-03-31T20:14:08.260975" elapsed="0.000350"/>
</kw>
<kw name="Log" owner="BuiltIn">
<msg time="2024-03-31T20:14:08.261843" level="INFO">{'large': 'https://randomuser.me/api/portraits/men/42.jpg', 'medium': 'https://randomuser.me/api/portraits/med/men/42.jpg', 'thumbnail': 'https://randomuser.me/api/portraits/thumb/men/42.jpg'}</msg>
<arg>${json_data['results'][0]['picture']}</arg>
<doc>Logs the given message with the given level.</doc>
<status status="PASS" start="2024-03-31T20:14:08.261506" elapsed="0.000384"/>
</kw>
<status status="PASS" start="2024-03-31T20:14:08.177256" elapsed="0.084948"/>
</kw>
<kw name="Teste de Tipos de Dados - Postcode" owner="random-user-service">
<kw name="GET On Session" owner="RequestsLibrary">
<msg time="2024-03-31T20:14:08.345355" level="INFO">GET Request : url=https://randomuser.me/api 
 path_url=/api 
 headers={'User-Agent': 'python-requests/2.31.0', 'Accept-Encoding': 'gzip, deflate', 'Accept': '*/*', 'Connection': 'keep-alive'} 
 body=None 
 </msg>
<msg time="2024-03-31T20:14:08.345471" level="INFO">GET Response : url=https://randomuser.me/api 
 status=200, reason=OK 
 headers={'Date': 'Sun, 31 Mar 2024 20:14:08 GMT', 'Content-Type': 'application/json; charset=utf-8', 'Transfer-Encoding': 'chunked', 'Connection': 'keep-alive', 'X-Powered-By': 'Express', 'Access-Control-Allow-Origin': '*', 'Cache-Control': 'no-cache', 'ETag': 'W/"49e-mw8cSxrmvHPsygc2afRhFYSxLb0"', 'Vary': 'Accept-Encoding', 'Content-Encoding': 'gzip', 'CF-Cache-Status': 'DYNAMIC', 'Report-To': '{"endpoints":[{"url":"https:\\/\\/a.nel.cloudflare.com\\/report\\/v4?s=lG8hl27gs8oc%2FM03aKFTjG%2F7r%2BhkE8j5IuC8SX5ItN4jNrHiEeoDsNhWbs5b%2BOakQ%2FPZi1iLMFJfnoB2PFPrOd5TsSafJuZCb3YHNsOkpof8meva62mrF%2BusEAvxNsyp"}],"group":"cf-nel","max_age":604800}', 'NEL': '{"success_fraction":0,"report_to":"cf-nel","max_age":604800}', 'Server': 'cloudflare', 'CF-RAY': '86d30105a81559b5-IAD', 'alt-svc': 'h3=":443"; ma=86400'} 
 body={"results":[{"gender":"male","name":{"title":"Mr","first":"Baptiste","last":"Dupuis"},"location":{"street":{"number":2475,"name":"Rue de L'Abbé-Grégoire"},"city":"Argenteuil","state":"Deux-Sèvres","country":"France","postcode":84474,"coordinates":{"latitude":"-16.9650","longitude":"-12.7902"},"timezone":{"offset":"-1:00","description":"Azores, Cape Verde Islands"}},"email":"baptiste.dupuis@example.com","login":{"uuid":"1463813d-c1aa-43aa-8f62-599c0aed8cbb","username":"greencat403","password":"zeng","salt":"YfQQpNOF","md5":"713bee86291cdf35b8013bc592765f4b","sha1":"5e4ec7a32ac3cffca317f756bb064ddfbe006fd3","sha256":"066a68c9c7881371501fc0923c53b129f8eef5e151ff79e162a8467490969694"},"dob":{"date":"1977-09-11T17:10:20.887Z","age":46},"registered":{"date":"2014-05-05T09:38:51.121Z","age":9},"phone":"01-68-85-76-71","cell":"06-61-57-64-79","id":{"name":"INSEE","value":"1770827327153 66"},"picture":{"large":"https://randomuser.me/api/portraits/men/77.jpg","medium":"https://randomuser.me/api/portraits/med/men/77.jpg","thumbnail":"https://randomuser.me/api/portraits/thumb/men/77.jpg"},"nat":"FR"}],"info":{"seed":"77e2f49fc875f566","results":1,"page":1,"version":"1.4"}} 
 </msg>
<msg time="2024-03-31T20:14:08.345576" level="INFO">/opt/hostedtoolcache/Python/3.12.2/x64/lib/python3.12/site-packages/urllib3/connectionpool.py:1103: InsecureRequestWarning: Unverified HTTPS request is being made to host 'randomuser.me'. Adding certificate verification is strongly advised. See: https://urllib3.readthedocs.io/en/latest/advanced-usage.html#tls-warnings
  warnings.warn(</msg>
<msg time="2024-03-31T20:14:08.345719" level="INFO">${response} = &lt;Response [200]&gt;</msg>
<var>${response}</var>
<arg>consultarAPI</arg>
<arg>/api</arg>
<doc>Sends a GET request on a previously created HTTP Session.</doc>
<status status="PASS" start="2024-03-31T20:14:08.262851" elapsed="0.082901"/>
</kw>
<kw name="Set Variable" owner="BuiltIn">
<msg time="2024-03-31T20:14:08.346974" level="INFO">${json_data} = {'results': [{'gender': 'male', 'name': {'title': 'Mr', 'first': 'Baptiste', 'last': 'Dupuis'}, 'location': {'street': {'number': 2475, 'name': "Rue de L'Abbé-Grégoire"}, 'city': 'Argenteuil', 'state'...</msg>
<var>${json_data}</var>
<arg>${response.json()}</arg>
<doc>Returns the given values which can then be assigned to a variables.</doc>
<status status="PASS" start="2024-03-31T20:14:08.346436" elapsed="0.000569"/>
</kw>
<kw name="Log" owner="BuiltIn">
<msg time="2024-03-31T20:14:08.347496" level="INFO">{'results': [{'gender': 'male', 'name': {'title': 'Mr', 'first': 'Baptiste', 'last': 'Dupuis'}, 'location': {'street': {'number': 2475, 'name': "Rue de L'Abbé-Grégoire"}, 'city': 'Argenteuil', 'state': 'Deux-Sèvres', 'country': 'France', 'postcode': 84474, 'coordinates': {'latitude': '-16.9650', 'longitude': '-12.7902'}, 'timezone': {'offset': '-1:00', 'description': 'Azores, Cape Verde Islands'}}, 'email': 'baptiste.dupuis@example.com', 'login': {'uuid': '1463813d-c1aa-43aa-8f62-599c0aed8cbb', 'username': 'greencat403', 'password': 'zeng', 'salt': 'YfQQpNOF', 'md5': '713bee86291cdf35b8013bc592765f4b', 'sha1': '5e4ec7a32ac3cffca317f756bb064ddfbe006fd3', 'sha256': '066a68c9c7881371501fc0923c53b129f8eef5e151ff79e162a8467490969694'}, 'dob': {'date': '1977-09-11T17:10:20.887Z', 'age': 46}, 'registered': {'date': '2014-05-05T09:38:51.121Z', 'age': 9}, 'phone': '01-68-85-76-71', 'cell': '06-61-57-64-79', 'id': {'name': 'INSEE', 'value': '1770827327153 66'}, 'picture': {'large': 'https://randomuser.me/api/portraits/men/77.jpg', 'medium': 'https://randomuser.me/api/portraits/med/men/77.jpg', 'thumbnail': 'https://randomuser.me/api/portraits/thumb/men/77.jpg'}, 'nat': 'FR'}], 'info': {'seed': '77e2f49fc875f566', 'results': 1, 'page': 1, 'version': '1.4'}}</msg>
<arg>${json_data}</arg>
<doc>Logs the given message with the given level.</doc>
<status status="PASS" start="2024-03-31T20:14:08.347333" elapsed="0.000247"/>
</kw>
<kw name="Should Be Equal As Numbers" owner="BuiltIn">
<arg>${json_data['results'][0]['location']['postcode']}</arg>
<arg>${json_data['results'][0]['location']['postcode']}</arg>
<doc>Fails if objects are unequal after converting them to real numbers.</doc>
<status status="PASS" start="2024-03-31T20:14:08.347889" elapsed="0.000644"/>
</kw>
<kw name="Log" owner="BuiltIn">
<msg time="2024-03-31T20:14:08.349071" level="INFO">84474</msg>
<arg>${json_data['results'][0]['location']['postcode']}</arg>
<doc>Logs the given message with the given level.</doc>
<status status="PASS" start="2024-03-31T20:14:08.348731" elapsed="0.000382"/>
</kw>
<status status="PASS" start="2024-03-31T20:14:08.262444" elapsed="0.086932"/>
</kw>
<doc>Testa se os tipos de dados na resposta da API estão corretos.</doc>
<tag>testeTiposDados</tag>
<status status="PASS" start="2024-03-31T20:14:08.176681" elapsed="0.172871"/>
</test>
<test id="s1-s1-t5" name="Validar conteudo" line="35">
<kw name="Teste de Tipos de Conteudo" owner="random-user-service">
<kw name="GET On Session" owner="RequestsLibrary">
<msg time="2024-03-31T20:14:08.444861" level="INFO">GET Request : url=https://randomuser.me/api 
 path_url=/api 
 headers={'User-Agent': 'python-requests/2.31.0', 'Accept-Encoding': 'gzip, deflate', 'Accept': '*/*', 'Connection': 'keep-alive'} 
 body=None 
 </msg>
<msg time="2024-03-31T20:14:08.444979" level="INFO">GET Response : url=https://randomuser.me/api 
 status=200, reason=OK 
 headers={'Date': 'Sun, 31 Mar 2024 20:14:08 GMT', 'Content-Type': 'application/json; charset=utf-8', 'Transfer-Encoding': 'chunked', 'Connection': 'keep-alive', 'X-Powered-By': 'Express', 'Access-Control-Allow-Origin': '*', 'Cache-Control': 'no-cache', 'ETag': 'W/"4b8-EdWv1c3ipn2OLTC2ewfPkcDHulw"', 'Vary': 'Accept-Encoding', 'Content-Encoding': 'gzip', 'CF-Cache-Status': 'DYNAMIC', 'Report-To': '{"endpoints":[{"url":"https:\\/\\/a.nel.cloudflare.com\\/report\\/v4?s=Lm9IF%2BCi%2FcbM3O9DmTQe%2BCdaJmhpR%2Fgg9tav1aoz9ejJtyRvDMLf7bxdCpMZmFiuqCss93r4nOa4dXu4v2E34B5a1qlSTipaFZu3ZMfLmJs3deT83js24qftEVICvEsp"}],"group":"cf-nel","max_age":604800}', 'NEL': '{"success_fraction":0,"report_to":"cf-nel","max_age":604800}', 'Server': 'cloudflare', 'CF-RAY': '86d30106386f59b5-IAD', 'alt-svc': 'h3=":443"; ma=86400'} 
 body={"results":[{"gender":"female","name":{"title":"Miss","first":"آنیتا","last":"سهيلي راد"},"location":{"street":{"number":4564,"name":"استاد نجات‌اللهی"},"city":"قائم‌شهر","state":"لرستان","country":"Iran","postcode":97022,"coordinates":{"latitude":"15.2664","longitude":"9.6492"},"timezone":{"offset":"-6:00","description":"Central Time (US &amp; Canada), Mexico City"}},"email":"anyt.shylyrd@example.com","login":{"uuid":"06237199-f483-4550-b03b-4f9bcf9512d0","username":"sadelephant995","password":"castle","salt":"sHlwudSa","md5":"9e4dd01b3c0c00d9d9189f0c5cb47a3f","sha1":"b93a04629fcbc40be886a635f5c3447a01bb3df3","sha256":"4ec6aa95948468cc3605d2660807ebb2f5f177930eeb44cb76518cccfccd5fbd"},"dob":{"date":"1978-11-27T16:49:15.398Z","age":45},"registered":{"date":"2016-04-15T11:34:32.900Z","age":7},"phone":"095-30180046","cell":"0911-804-3503","id":{"name":"","value":null},"picture":{"large":"https://randomuser.me/api/portraits/women/74.jpg","medium":"https://randomuser.me/api/portraits/med/women/74.jpg","thumbnail":"https://randomuser.me/api/portraits/thumb/women/74.jpg"},"nat":"IR"}],"info":{"seed":"483e3812487ebf8d","results":1,"page":1,"version":"1.4"}} 
 </msg>
<msg time="2024-03-31T20:14:08.445065" level="INFO">/opt/hostedtoolcache/Python/3.12.2/x64/lib/python3.12/site-packages/urllib3/connectionpool.py:1103: InsecureRequestWarning: Unverified HTTPS request is being made to host 'randomuser.me'. Adding certificate verification is strongly advised. See: https://urllib3.readthedocs.io/en/latest/advanced-usage.html#tls-warnings
  warnings.warn(</msg>
<msg time="2024-03-31T20:14:08.445198" level="INFO">${response} = &lt;Response [200]&gt;</msg>
<var>${response}</var>
<arg>consultarAPI</arg>
<arg>/api</arg>
<doc>Sends a GET request on a previously created HTTP Session.</doc>
<status status="PASS" start="2024-03-31T20:14:08.352222" elapsed="0.093005"/>
</kw>
<kw name="Set Variable" owner="BuiltIn">
<msg time="2024-03-31T20:14:08.446403" level="INFO">${json_data} = {'results': [{'gender': 'female', 'name': {'title': 'Miss', 'first': 'آنیتا', 'last': 'سهيلي راد'}, 'location': {'street': {'number': 4564, 'name': 'استاد نجات\u200cاللهی'}, 'city': 'قائم\u200cشهر', '...</msg>
<var>${json_data}</var>
<arg>${response.json()}</arg>
<doc>Returns the given values which can then be assigned to a variables.</doc>
<status status="PASS" start="2024-03-31T20:14:08.445791" elapsed="0.000646"/>
</kw>
<kw name="Set Variable" owner="BuiltIn">
<msg time="2024-03-31T20:14:08.447193" level="INFO">${name_title} = Miss</msg>
<var>${name_title}</var>
<arg>${json_data["results"][0]["name"]["title"]}</arg>
<doc>Returns the given values which can then be assigned to a variables.</doc>
<status status="PASS" start="2024-03-31T20:14:08.446788" elapsed="0.000431"/>
</kw>
<kw name="Create List" owner="BuiltIn">
<msg time="2024-03-31T20:14:08.447684" level="INFO">${allowed_titles} = ['Mr', 'Ms', 'Miss', 'Mrs', 'Madame', 'Monsieur']</msg>
<var>${allowed_titles}</var>
<arg>Mr</arg>
<arg>Ms</arg>
<arg>Miss</arg>
<arg>Mrs</arg>
<arg>Madame</arg>
<arg>Monsieur</arg>
<doc>Returns a list containing given items.</doc>
<status status="PASS" start="2024-03-31T20:14:08.447530" elapsed="0.000178"/>
</kw>
<kw name="List Should Contain Value" owner="Collections">
<msg time="2024-03-31T20:14:08.448197" level="INFO">False</msg>
<arg>${allowed_titles}</arg>
<arg>${name_title}</arg>
<doc>Fails if the ``value`` is not found from ``list``.</doc>
<status status="PASS" start="2024-03-31T20:14:08.448015" elapsed="0.000220"/>
</kw>
<kw name="Set Variable" owner="BuiltIn">
<msg time="2024-03-31T20:14:08.448923" level="INFO">${name_country} = IR</msg>
<var>${name_country}</var>
<arg>${json_data["results"][0]["nat"]}</arg>
<doc>Returns the given values which can then be assigned to a variables.</doc>
<status status="PASS" start="2024-03-31T20:14:08.448530" elapsed="0.000419"/>
</kw>
<kw name="Create List" owner="BuiltIn">
<msg time="2024-03-31T20:14:08.449858" level="INFO">${list_country} = ['AD', 'AE', 'AF', 'AG', 'AI', 'AL', 'AM', 'AO', 'AQ', 'AR', 'AS', 'AT', 'AU', 'AW', 'AX', 'AZ', 'BA', 'BB', 'BD', 'BE', 'BF', 'BG', 'BH', 'BI', 'BJ', 'BL', 'BM', 'BN', 'BO', 'BQ', 'BR', 'BS', 'BT', '...</msg>
<var>${list_country}</var>
<arg>AD</arg>
<arg>AE</arg>
<arg>AF</arg>
<arg>AG</arg>
<arg>AI</arg>
<arg>AL</arg>
<arg>AM</arg>
<arg>AO</arg>
<arg>AQ</arg>
<arg>AR</arg>
<arg>AS</arg>
<arg>AT</arg>
<arg>AU</arg>
<arg>AW</arg>
<arg>AX</arg>
<arg>AZ</arg>
<arg>BA</arg>
<arg>BB</arg>
<arg>BD</arg>
<arg>BE</arg>
<arg>BF</arg>
<arg>BG</arg>
<arg>BH</arg>
<arg>BI</arg>
<arg>BJ</arg>
<arg>BL</arg>
<arg>BM</arg>
<arg>BN</arg>
<arg>BO</arg>
<arg>BQ</arg>
<arg>BR</arg>
<arg>BS</arg>
<arg>BT</arg>
<arg>BV</arg>
<arg>BW</arg>
<arg>BY</arg>
<arg>BZ</arg>
<arg>CA</arg>
<arg>CC</arg>
<arg>CD</arg>
<arg>CF</arg>
<arg>CG</arg>
<arg>CH</arg>
<arg>CI</arg>
<arg>CK</arg>
<arg>CL</arg>
<arg>CM</arg>
<arg>CN</arg>
<arg>CO</arg>
<arg>CR</arg>
<arg>CU</arg>
<arg>CV</arg>
<arg>CW</arg>
<arg>CX</arg>
<arg>CY</arg>
<arg>CZ</arg>
<arg>DE</arg>
<arg>DJ</arg>
<arg>DK</arg>
<arg>DM</arg>
<arg>DO</arg>
<arg>DZ</arg>
<arg>EC</arg>
<arg>EE</arg>
<arg>EG</arg>
<arg>EH</arg>
<arg>ER</arg>
<arg>ES</arg>
<arg>ET</arg>
<arg>FI</arg>
<arg>FJ</arg>
<arg>FK</arg>
<arg>FM</arg>
<arg>FO</arg>
<arg>FR</arg>
<arg>GA</arg>
<arg>GB</arg>
<arg>GD</arg>
<arg>GE</arg>
<arg>GF</arg>
<arg>GG</arg>
<arg>GH</arg>
<arg>GI</arg>
<arg>GL</arg>
<arg>GM</arg>
<arg>GN</arg>
<arg>GP</arg>
<arg>GQ</arg>
<arg>GR</arg>
<arg>GS</arg>
<arg>GT</arg>
<arg>GU</arg>
<arg>GW</arg>
<arg>GY</arg>
<arg>HK</arg>
<arg>HM</arg>
<arg>HN</arg>
<arg>HR</arg>
<arg>HT</arg>
<arg>HU</arg>
<arg>ID</arg>
<arg>IE</arg>
<arg>IL</arg>
<arg>IM</arg>
<arg>IN</arg>
<arg>IO</arg>
<arg>IQ</arg>
<arg>IR</arg>
<arg>IS</arg>
<arg>IT</arg>
<arg>JE</arg>
<arg>JM</arg>
<arg>JO</arg>
<arg>JP</arg>
<arg>KE</arg>
<arg>KG</arg>
<arg>KH</arg>
<arg>KI</arg>
<arg>KM</arg>
<arg>KN</arg>
<arg>KP</arg>
<arg>KR</arg>
<arg>KW</arg>
<arg>KY</arg>
<arg>KZ</arg>
<arg>LA</arg>
<arg>LB</arg>
<arg>LC</arg>
<arg>LI</arg>
<arg>LK</arg>
<arg>LR</arg>
<arg>LS</arg>
<arg>LT</arg>
<arg>LU</arg>
<arg>LV</arg>
<arg>LY</arg>
<arg>MA</arg>
<arg>MC</arg>
<arg>MD</arg>
<arg>ME</arg>
<arg>MF</arg>
<arg>MG</arg>
<arg>MH</arg>
<arg>MK</arg>
<arg>ML</arg>
<arg>MM</arg>
<arg>MN</arg>
<arg>MO</arg>
<arg>MP</arg>
<arg>MQ</arg>
<arg>MR</arg>
<arg>MS</arg>
<arg>MT</arg>
<arg>MU</arg>
<arg>MV</arg>
<arg>MW</arg>
<arg>MX</arg>
<arg>MY</arg>
<arg>MZ</arg>
<arg>NA</arg>
<arg>NC</arg>
<arg>NE</arg>
<arg>NF</arg>
<arg>NG</arg>
<arg>NI</arg>
<arg>NL</arg>
<arg>NO</arg>
<arg>NP</arg>
<arg>NR</arg>
<arg>NU</arg>
<arg>NZ</arg>
<arg>OM</arg>
<arg>PA</arg>
<arg>PE</arg>
<arg>PF</arg>
<arg>PG</arg>
<arg>PH</arg>
<arg>PK</arg>
<arg>PL</arg>
<arg>PM</arg>
<arg>PN</arg>
<arg>PR</arg>
<arg>PS</arg>
<arg>PT</arg>
<arg>PW</arg>
<arg>PY</arg>
<arg>QA</arg>
<arg>RE</arg>
<arg>RO</arg>
<arg>RS</arg>
<arg>RU</arg>
<arg>RW</arg>
<arg>SA</arg>
<arg>SB</arg>
<arg>SC</arg>
<arg>SD</arg>
<arg>SE</arg>
<arg>SG</arg>
<arg>SH</arg>
<arg>SI</arg>
<arg>SJ</arg>
<arg>SK</arg>
<arg>SL</arg>
<arg>SM</arg>
<arg>SN</arg>
<arg>SO</arg>
<arg>SR</arg>
<arg>SS</arg>
<arg>ST</arg>
<arg>SV</arg>
<arg>SX</arg>
<arg>SY</arg>
<arg>SZ</arg>
<arg>TC</arg>
<arg>TD</arg>
<arg>TF</arg>
<arg>TG</arg>
<arg>TH</arg>
<arg>TJ</arg>
<arg>TK</arg>
<arg>TL</arg>
<arg>TM</arg>
<arg>TN</arg>
<arg>TO</arg>
<arg>TR</arg>
<arg>TT</arg>
<arg>TV</arg>
<arg>TW</arg>
<arg>TZ</arg>
<arg>UA</arg>
<arg>UG</arg>
<arg>UM</arg>
<arg>US</arg>
<arg>UY</arg>
<arg>UZ</arg>
<arg>VA</arg>
<arg>VC</arg>
<arg>VE</arg>
<arg>VG</arg>
<arg>VI</arg>
<arg>VN</arg>
<arg>VU</arg>
<arg>WF</arg>
<arg>WS</arg>
<arg>XK</arg>
<arg>YE</arg>
<arg>YT</arg>
<arg>ZA</arg>
<arg>ZM</arg>
<arg>ZW</arg>
<doc>Returns a list containing given items.</doc>
<status status="PASS" start="2024-03-31T20:14:08.449255" elapsed="0.000628"/>
</kw>
<kw name="List Should Contain Value" owner="Collections">
<msg time="2024-03-31T20:14:08.451085" level="INFO">False</msg>
<arg>${list_country}</arg>
<arg>${name_country}</arg>
<doc>Fails if the ``value`` is not found from ``list``.</doc>
<status status="PASS" start="2024-03-31T20:14:08.450871" elapsed="0.000253"/>
</kw>
<kw name="Run Keyword If" owner="BuiltIn">
<kw name="Should Be True" owner="BuiltIn">
<arg>${True}</arg>
<doc>Fails if the given condition is not true.</doc>
<status status="PASS" start="2024-03-31T20:14:08.452252" elapsed="0.000150"/>
</kw>
<arg>${json_data["results"][0]["location"]["coordinates"]["latitude"]} &gt;= -90 and ${json_data["results"][0]["location"]["coordinates"]["latitude"]} &lt;= 90</arg>
<arg>Should Be True</arg>
<arg>${True}</arg>
<doc>Runs the given keyword with the given arguments, if ``condition`` is true.</doc>
<status status="PASS" start="2024-03-31T20:14:08.451449" elapsed="0.001084"/>
</kw>
<kw name="Run Keyword If" owner="BuiltIn">
<kw name="Should Be True" owner="BuiltIn">
<arg>${True}</arg>
<doc>Fails if the given condition is not true.</doc>
<status status="PASS" start="2024-03-31T20:14:08.453433" elapsed="0.000141"/>
</kw>
<arg>${json_data["results"][0]["location"]["coordinates"]["longitude"]} &gt;= -180 and ${json_data["results"][0]["location"]["coordinates"]["longitude"]} &lt;= 180</arg>
<arg>Should Be True</arg>
<arg>${True}</arg>
<doc>Runs the given keyword with the given arguments, if ``condition`` is true.</doc>
<status status="PASS" start="2024-03-31T20:14:08.452725" elapsed="0.000979"/>
</kw>
<status status="PASS" start="2024-03-31T20:14:08.351981" elapsed="0.101858"/>
</kw>
<doc>Testa o conteúdo específico dos campos retornados pela API.</doc>
<tag>testeConteudo</tag>
<status status="PASS" start="2024-03-31T20:14:08.351408" elapsed="0.102646"/>
</test>
<status status="PASS" start="2024-03-31T20:14:07.483898" elapsed="0.972124"/>
</suite>
<status status="PASS" start="2024-03-31T20:14:07.469239" elapsed="0.992313"/>
</suite>
<statistics>
<total>
<stat pass="5" fail="0" skip="0">All Tests</stat>
</total>
<tag>
<stat pass="1" fail="0" skip="0">testeConteudo</stat>
<stat pass="1" fail="0" skip="0">testeEstruturaResposta</stat>
<stat pass="1" fail="0" skip="0">testeRequisicaoBasica</stat>
<stat pass="1" fail="0" skip="0">testeTiposDados</stat>
</tag>
<suite>
<stat pass="5" fail="0" skip="0" id="s1" name="Tests">Tests</stat>
<stat pass="5" fail="0" skip="0" id="s1-s1" name="Random-User-Test">Tests.Random-User-Test</stat>
</suite>
</statistics>
<errors>
</errors>
</robot>
