<?xml version="1.0" encoding="UTF-8"?>
<robot generator="Robot 7.0.1 (Python 3.12.4 on linux)" generated="2024-06-29T14:14:23.478260" rpa="false" schemaversion="5">
<suite id="s1" name="Tests" source="/home/runner/work/ApiRandomUser/ApiRandomUser/RamdonUser/tests">
<suite id="s1-s1" name="Random-User-Test" source="/home/runner/work/ApiRandomUser/ApiRandomUser/RamdonUser/tests/random-user-test.robot">
<test id="s1-s1-t1" name="Conectar" line="13">
<kw name="Conectar API" owner="random-user-service">
<kw name="Create Session" owner="RequestsLibrary">
<msg time="2024-06-29T14:14:23.892123" level="INFO">Creating Session using : alias=consultarAPI, url=https://randomuser.me/, headers={},                     cookies={}, auth=None, timeout=None, proxies=None, verify=False,                     debug=0 </msg>
<arg>consultarAPI</arg>
<arg>${URL}</arg>
<doc>Create Session: create a HTTP session to a server</doc>
<status status="PASS" start="2024-06-29T14:14:23.891901" elapsed="0.000404"/>
</kw>
<status status="PASS" start="2024-06-29T14:14:23.890893" elapsed="0.001900"/>
</kw>
<status status="PASS" start="2024-06-29T14:14:23.890251" elapsed="0.002832"/>
</test>
<test id="s1-s1-t2" name="Validar retorno 200 e JSON Válido" line="16">
<kw name="Teste de Requisicao Basica" owner="random-user-service">
<kw name="GET On Session" owner="RequestsLibrary">
<msg time="2024-06-29T14:14:23.972465" level="INFO">GET Request : url=https://randomuser.me/api 
 path_url=/api 
 headers={'User-Agent': 'python-requests/2.32.3', 'Accept-Encoding': 'gzip, deflate', 'Accept': '*/*', 'Connection': 'keep-alive'} 
 body=None 
 </msg>
<msg time="2024-06-29T14:14:23.972595" level="INFO">GET Response : url=https://randomuser.me/api 
 status=200, reason=OK 
 headers={'Date': 'Sat, 29 Jun 2024 14:14:23 GMT', 'Content-Type': 'application/json; charset=utf-8', 'Transfer-Encoding': 'chunked', 'Connection': 'keep-alive', 'X-Powered-By': 'Express', 'Access-Control-Allow-Origin': '*', 'Cache-Control': 'no-cache', 'ETag': 'W/"48b-LVLzpyQlxgJtX8pb+RIvyo9pNR8"', 'Vary': 'Accept-Encoding', 'Content-Encoding': 'gzip', 'CF-Cache-Status': 'DYNAMIC', 'Report-To': '{"endpoints":[{"url":"https:\\/\\/a.nel.cloudflare.com\\/report\\/v4?s=uZxc3%2FTHaMn6tKU0UzxzPDP6CnzUGn6EIUqtZRfyrWknGtXoWnSXjxqbjRGaQnEAEVolRoS3T3VJL0PcrYEqyzaqtePQYF3i7BxA7G1SilNOGyyRbdIP7Are%2BQyJK6fP"}],"group":"cf-nel","max_age":604800}', 'NEL': '{"success_fraction":0,"report_to":"cf-nel","max_age":604800}', 'Server': 'cloudflare', 'CF-RAY': '89b685cf9f8d29fa-ORD', 'alt-svc': 'h3=":443"; ma=86400'} 
 body={"results":[{"gender":"male","name":{"title":"Monsieur","first":"Raul","last":"Perrin"},"location":{"street":{"number":8045,"name":"Place de L'Europe"},"city":"Altwis","state":"Uri","country":"Switzerland","postcode":6668,"coordinates":{"latitude":"-63.8853","longitude":"-124.4625"},"timezone":{"offset":"+2:00","description":"Kaliningrad, South Africa"}},"email":"raul.perrin@example.com","login":{"uuid":"cc8c30de-ff8c-41c7-9134-e341a7a64213","username":"bluefish915","password":"attack","salt":"07GWgWCf","md5":"724e2835e8219ce779c8daf5b1677540","sha1":"b5a75e1a25794d1c02ce8bf16fc8b2b005786364","sha256":"160120f4c148a652a1a469d355843d27ab86e11f0dcedf677d9dadd710a538ab"},"dob":{"date":"1956-09-04T07:47:06.760Z","age":67},"registered":{"date":"2007-11-16T10:57:09.690Z","age":16},"phone":"077 632 10 22","cell":"075 801 83 39","id":{"name":"AVS","value":"756.1457.0091.89"},"picture":{"large":"https://randomuser.me/api/portraits/men/10.jpg","medium":"https://randomuser.me/api/portraits/med/men/10.jpg","thumbnail":"https://randomuser.me/api/portraits/thumb/men/10.jpg"},"nat":"CH"}],"info":{"seed":"b492ad0c667ac59a","results":1,"page":1,"version":"1.4"}} 
 </msg>
<msg time="2024-06-29T14:14:23.972683" level="INFO">/opt/hostedtoolcache/Python/3.12.4/x64/lib/python3.12/site-packages/urllib3/connectionpool.py:1099: InsecureRequestWarning: Unverified HTTPS request is being made to host 'randomuser.me'. Adding certificate verification is strongly advised. See: https://urllib3.readthedocs.io/en/latest/advanced-usage.html#tls-warnings
  warnings.warn(</msg>
<msg time="2024-06-29T14:14:23.972817" level="INFO">${response} = &lt;Response [200]&gt;</msg>
<var>${response}</var>
<arg>consultarAPI</arg>
<arg>/api</arg>
<doc>Sends a GET request on a previously created HTTP Session.</doc>
<status status="PASS" start="2024-06-29T14:14:23.895907" elapsed="0.076962"/>
</kw>
<kw name="Should Be Equal As Numbers" owner="BuiltIn">
<msg time="2024-06-29T14:14:23.973776" level="INFO">Argument types are:
&lt;class 'int'&gt;
&lt;class 'str'&gt;</msg>
<arg>${response.status_code}</arg>
<arg>200</arg>
<doc>Fails if objects are unequal after converting them to real numbers.</doc>
<status status="PASS" start="2024-06-29T14:14:23.973352" elapsed="0.000485"/>
</kw>
<kw name="Log" owner="BuiltIn">
<msg time="2024-06-29T14:14:23.974488" level="INFO">200</msg>
<arg>${response.status_code}</arg>
<doc>Logs the given message with the given level.</doc>
<status status="PASS" start="2024-06-29T14:14:23.974147" elapsed="0.000382"/>
</kw>
<kw name="Set Variable" owner="BuiltIn">
<msg time="2024-06-29T14:14:23.975295" level="INFO">${json_data} = {'results': [{'gender': 'male', 'name': {'title': 'Monsieur', 'first': 'Raul', 'last': 'Perrin'}, 'location': {'street': {'number': 8045, 'name': "Place de L'Europe"}, 'city': 'Altwis', 'state': 'Uri'...</msg>
<var>${json_data}</var>
<arg>${response.json()}</arg>
<doc>Returns the given values which can then be assigned to a variables.</doc>
<status status="PASS" start="2024-06-29T14:14:23.974826" elapsed="0.000496"/>
</kw>
<kw name="Dictionary Should Contain Key" owner="Collections">
<arg>${json_data}</arg>
<arg>results</arg>
<doc>Fails if ``key`` is not found from ``dictionary``.</doc>
<status status="PASS" start="2024-06-29T14:14:23.975612" elapsed="0.000163"/>
</kw>
<status status="PASS" start="2024-06-29T14:14:23.895657" elapsed="0.080266"/>
</kw>
<doc>Testa se a API responde corretamente e retorna um objeto JSON válido.</doc>
<tag>testeRequisicaoBasica</tag>
<status status="PASS" start="2024-06-29T14:14:23.895118" elapsed="0.080967"/>
</test>
<test id="s1-s1-t3" name="Validar estrutura de resposta" line="22">
<kw name="Teste de Estrutura de Resposta" owner="random-user-service">
<kw name="GET On Session" owner="RequestsLibrary">
<msg time="2024-06-29T14:14:24.076128" level="INFO">GET Request : url=https://randomuser.me/api 
 path_url=/api 
 headers={'User-Agent': 'python-requests/2.32.3', 'Accept-Encoding': 'gzip, deflate', 'Accept': '*/*', 'Connection': 'keep-alive'} 
 body=None 
 </msg>
<msg time="2024-06-29T14:14:24.076229" level="INFO">GET Response : url=https://randomuser.me/api 
 status=200, reason=OK 
 headers={'Date': 'Sat, 29 Jun 2024 14:14:24 GMT', 'Content-Type': 'application/json; charset=utf-8', 'Transfer-Encoding': 'chunked', 'Connection': 'keep-alive', 'X-Powered-By': 'Express', 'Access-Control-Allow-Origin': '*', 'Cache-Control': 'no-cache', 'ETag': 'W/"4a5-+cq84DV/H3F+59o7sNw7nb7twQY"', 'Vary': 'Accept-Encoding', 'Content-Encoding': 'gzip', 'CF-Cache-Status': 'DYNAMIC', 'Report-To': '{"endpoints":[{"url":"https:\\/\\/a.nel.cloudflare.com\\/report\\/v4?s=wWp31rg58LL8%2FUdcWtGqD20H8XtKOOSZN%2B5h6jKAQqtLctlgJftnhkSzD3p4%2BtbIJ927f51onSnEQtBaGiISfczB2TEJmJQRVbdrwD%2B0QfdqE0jasn%2FO1Bi8TV%2F9Ma5o"}],"group":"cf-nel","max_age":604800}', 'NEL': '{"success_fraction":0,"report_to":"cf-nel","max_age":604800}', 'Server': 'cloudflare', 'CF-RAY': '89b685cfefd629fa-ORD', 'alt-svc': 'h3=":443"; ma=86400'} 
 body={"results":[{"gender":"female","name":{"title":"Miss","first":"Maria","last":"Jackson"},"location":{"street":{"number":7252,"name":"Mt Albert Road"},"city":"Upper Hutt","state":"Manawatu-Wanganui","country":"New Zealand","postcode":21014,"coordinates":{"latitude":"49.8540","longitude":"146.9466"},"timezone":{"offset":"-4:00","description":"Atlantic Time (Canada), Caracas, La Paz"}},"email":"maria.jackson@example.com","login":{"uuid":"a444b8d5-1f7e-4347-8841-5c94b706c5f1","username":"beautifulfrog819","password":"dogman","salt":"0C5osEHG","md5":"536cc8cfda4e9b0cd2f03394f44e36c1","sha1":"6ddf49b75bea6f0452450720fffb65c7552c209c","sha256":"1657821aef8e492cca7025c365388f1863d0fe873cf2ae7b14b76fb7e8fb556f"},"dob":{"date":"1977-04-28T22:06:34.814Z","age":47},"registered":{"date":"2007-12-15T05:59:11.466Z","age":16},"phone":"(404)-839-0289","cell":"(887)-292-5802","id":{"name":"","value":null},"picture":{"large":"https://randomuser.me/api/portraits/women/72.jpg","medium":"https://randomuser.me/api/portraits/med/women/72.jpg","thumbnail":"https://randomuser.me/api/portraits/thumb/women/72.jpg"},"nat":"NZ"}],"info":{"seed":"e2c59c4925f5b9db","results":1,"page":1,"version":"1.4"}} 
 </msg>
<msg time="2024-06-29T14:14:24.076360" level="INFO">/opt/hostedtoolcache/Python/3.12.4/x64/lib/python3.12/site-packages/urllib3/connectionpool.py:1099: InsecureRequestWarning: Unverified HTTPS request is being made to host 'randomuser.me'. Adding certificate verification is strongly advised. See: https://urllib3.readthedocs.io/en/latest/advanced-usage.html#tls-warnings
  warnings.warn(</msg>
<msg time="2024-06-29T14:14:24.076497" level="INFO">${response} = &lt;Response [200]&gt;</msg>
<var>${response}</var>
<arg>consultarAPI</arg>
<arg>/api</arg>
<doc>Sends a GET request on a previously created HTTP Session.</doc>
<status status="PASS" start="2024-06-29T14:14:23.978578" elapsed="0.097982"/>
</kw>
<kw name="Set Variable" owner="BuiltIn">
<msg time="2024-06-29T14:14:24.077820" level="INFO">${json_data} = {'results': [{'gender': 'female', 'name': {'title': 'Miss', 'first': 'Maria', 'last': 'Jackson'}, 'location': {'street': {'number': 7252, 'name': 'Mt Albert Road'}, 'city': 'Upper Hutt', 'state': 'Man...</msg>
<var>${json_data}</var>
<arg>${response.json()}</arg>
<doc>Returns the given values which can then be assigned to a variables.</doc>
<status status="PASS" start="2024-06-29T14:14:24.077277" elapsed="0.000572"/>
</kw>
<kw name="Log" owner="BuiltIn">
<msg time="2024-06-29T14:14:24.078349" level="INFO">{'results': [{'gender': 'female', 'name': {'title': 'Miss', 'first': 'Maria', 'last': 'Jackson'}, 'location': {'street': {'number': 7252, 'name': 'Mt Albert Road'}, 'city': 'Upper Hutt', 'state': 'Manawatu-Wanganui', 'country': 'New Zealand', 'postcode': 21014, 'coordinates': {'latitude': '49.8540', 'longitude': '146.9466'}, 'timezone': {'offset': '-4:00', 'description': 'Atlantic Time (Canada), Caracas, La Paz'}}, 'email': 'maria.jackson@example.com', 'login': {'uuid': 'a444b8d5-1f7e-4347-8841-5c94b706c5f1', 'username': 'beautifulfrog819', 'password': 'dogman', 'salt': '0C5osEHG', 'md5': '536cc8cfda4e9b0cd2f03394f44e36c1', 'sha1': '6ddf49b75bea6f0452450720fffb65c7552c209c', 'sha256': '1657821aef8e492cca7025c365388f1863d0fe873cf2ae7b14b76fb7e8fb556f'}, 'dob': {'date': '1977-04-28T22:06:34.814Z', 'age': 47}, 'registered': {'date': '2007-12-15T05:59:11.466Z', 'age': 16}, 'phone': '(404)-839-0289', 'cell': '(887)-292-5802', 'id': {'name': '', 'value': None}, 'picture': {'large': 'https://randomuser.me/api/portraits/women/72.jpg', 'medium': 'https://randomuser.me/api/portraits/med/women/72.jpg', 'thumbnail': 'https://randomuser.me/api/portraits/thumb/women/72.jpg'}, 'nat': 'NZ'}], 'info': {'seed': 'e2c59c4925f5b9db', 'results': 1, 'page': 1, 'version': '1.4'}}</msg>
<arg>${json_data}</arg>
<doc>Logs the given message with the given level.</doc>
<status status="PASS" start="2024-06-29T14:14:24.078188" elapsed="0.000211"/>
</kw>
<kw name="Dictionary Should Contain Key" owner="Collections">
<arg>${json_data}</arg>
<arg>results</arg>
<doc>Fails if ``key`` is not found from ``dictionary``.</doc>
<status status="PASS" start="2024-06-29T14:14:24.078691" elapsed="0.000156"/>
</kw>
<kw name="Should Not Be Empty" owner="BuiltIn">
<msg time="2024-06-29T14:14:24.079217" level="INFO">Length is 2.</msg>
<arg>${json_data}</arg>
<doc>Verifies that the given item is not empty.</doc>
<status status="PASS" start="2024-06-29T14:14:24.079080" elapsed="0.000176"/>
</kw>
<kw name="Create List" owner="BuiltIn">
<msg time="2024-06-29T14:14:24.079890" level="INFO">${expected_keys} = ['gender', 'name', 'location', 'email', 'login']</msg>
<var>${expected_keys}</var>
<arg>gender</arg>
<arg>name</arg>
<arg>location</arg>
<arg>email</arg>
<arg>login</arg>
<doc>Returns a list containing given items.</doc>
<status status="PASS" start="2024-06-29T14:14:24.079555" elapsed="0.000361"/>
</kw>
<for flavor="IN">
<iter>
<kw name="Dictionary Should Contain Key" owner="Collections">
<arg>${json_data['results'][0]}</arg>
<arg>${key}</arg>
<doc>Fails if ``key`` is not found from ``dictionary``.</doc>
<status status="PASS" start="2024-06-29T14:14:24.080510" elapsed="0.000397"/>
</kw>
<kw name="Log" owner="BuiltIn">
<msg time="2024-06-29T14:14:24.081455" level="INFO">{'gender': 'female', 'name': {'title': 'Miss', 'first': 'Maria', 'last': 'Jackson'}, 'location': {'street': {'number': 7252, 'name': 'Mt Albert Road'}, 'city': 'Upper Hutt', 'state': 'Manawatu-Wanganui', 'country': 'New Zealand', 'postcode': 21014, 'coordinates': {'latitude': '49.8540', 'longitude': '146.9466'}, 'timezone': {'offset': '-4:00', 'description': 'Atlantic Time (Canada), Caracas, La Paz'}}, 'email': 'maria.jackson@example.com', 'login': {'uuid': 'a444b8d5-1f7e-4347-8841-5c94b706c5f1', 'username': 'beautifulfrog819', 'password': 'dogman', 'salt': '0C5osEHG', 'md5': '536cc8cfda4e9b0cd2f03394f44e36c1', 'sha1': '6ddf49b75bea6f0452450720fffb65c7552c209c', 'sha256': '1657821aef8e492cca7025c365388f1863d0fe873cf2ae7b14b76fb7e8fb556f'}, 'dob': {'date': '1977-04-28T22:06:34.814Z', 'age': 47}, 'registered': {'date': '2007-12-15T05:59:11.466Z', 'age': 16}, 'phone': '(404)-839-0289', 'cell': '(887)-292-5802', 'id': {'name': '', 'value': None}, 'picture': {'large': 'https://randomuser.me/api/portraits/women/72.jpg', 'medium': 'https://randomuser.me/api/portraits/med/women/72.jpg', 'thumbnail': 'https://randomuser.me/api/portraits/thumb/women/72.jpg'}, 'nat': 'NZ'}</msg>
<arg>${json_data['results'][0]}</arg>
<doc>Logs the given message with the given level.</doc>
<status status="PASS" start="2024-06-29T14:14:24.081091" elapsed="0.000411"/>
</kw>
<kw name="Log" owner="BuiltIn">
<msg time="2024-06-29T14:14:24.081925" level="INFO">gender</msg>
<arg>${key}</arg>
<doc>Logs the given message with the given level.</doc>
<status status="PASS" start="2024-06-29T14:14:24.081798" elapsed="0.000164"/>
</kw>
<var name="${key}">gender</var>
<status status="PASS" start="2024-06-29T14:14:24.080387" elapsed="0.001789"/>
</iter>
<iter>
<kw name="Dictionary Should Contain Key" owner="Collections">
<arg>${json_data['results'][0]}</arg>
<arg>${key}</arg>
<doc>Fails if ``key`` is not found from ``dictionary``.</doc>
<status status="PASS" start="2024-06-29T14:14:24.082470" elapsed="0.000385"/>
</kw>
<kw name="Log" owner="BuiltIn">
<msg time="2024-06-29T14:14:24.083468" level="INFO">{'gender': 'female', 'name': {'title': 'Miss', 'first': 'Maria', 'last': 'Jackson'}, 'location': {'street': {'number': 7252, 'name': 'Mt Albert Road'}, 'city': 'Upper Hutt', 'state': 'Manawatu-Wanganui', 'country': 'New Zealand', 'postcode': 21014, 'coordinates': {'latitude': '49.8540', 'longitude': '146.9466'}, 'timezone': {'offset': '-4:00', 'description': 'Atlantic Time (Canada), Caracas, La Paz'}}, 'email': 'maria.jackson@example.com', 'login': {'uuid': 'a444b8d5-1f7e-4347-8841-5c94b706c5f1', 'username': 'beautifulfrog819', 'password': 'dogman', 'salt': '0C5osEHG', 'md5': '536cc8cfda4e9b0cd2f03394f44e36c1', 'sha1': '6ddf49b75bea6f0452450720fffb65c7552c209c', 'sha256': '1657821aef8e492cca7025c365388f1863d0fe873cf2ae7b14b76fb7e8fb556f'}, 'dob': {'date': '1977-04-28T22:06:34.814Z', 'age': 47}, 'registered': {'date': '2007-12-15T05:59:11.466Z', 'age': 16}, 'phone': '(404)-839-0289', 'cell': '(887)-292-5802', 'id': {'name': '', 'value': None}, 'picture': {'large': 'https://randomuser.me/api/portraits/women/72.jpg', 'medium': 'https://randomuser.me/api/portraits/med/women/72.jpg', 'thumbnail': 'https://randomuser.me/api/portraits/thumb/women/72.jpg'}, 'nat': 'NZ'}</msg>
<arg>${json_data['results'][0]}</arg>
<doc>Logs the given message with the given level.</doc>
<status status="PASS" start="2024-06-29T14:14:24.083109" elapsed="0.000407"/>
</kw>
<kw name="Log" owner="BuiltIn">
<msg time="2024-06-29T14:14:24.083937" level="INFO">name</msg>
<arg>${key}</arg>
<doc>Logs the given message with the given level.</doc>
<status status="PASS" start="2024-06-29T14:14:24.083810" elapsed="0.000164"/>
</kw>
<var name="${key}">name</var>
<status status="PASS" start="2024-06-29T14:14:24.082359" elapsed="0.001828"/>
</iter>
<iter>
<kw name="Dictionary Should Contain Key" owner="Collections">
<arg>${json_data['results'][0]}</arg>
<arg>${key}</arg>
<doc>Fails if ``key`` is not found from ``dictionary``.</doc>
<status status="PASS" start="2024-06-29T14:14:24.084469" elapsed="0.000377"/>
</kw>
<kw name="Log" owner="BuiltIn">
<msg time="2024-06-29T14:14:24.085376" level="INFO">{'gender': 'female', 'name': {'title': 'Miss', 'first': 'Maria', 'last': 'Jackson'}, 'location': {'street': {'number': 7252, 'name': 'Mt Albert Road'}, 'city': 'Upper Hutt', 'state': 'Manawatu-Wanganui', 'country': 'New Zealand', 'postcode': 21014, 'coordinates': {'latitude': '49.8540', 'longitude': '146.9466'}, 'timezone': {'offset': '-4:00', 'description': 'Atlantic Time (Canada), Caracas, La Paz'}}, 'email': 'maria.jackson@example.com', 'login': {'uuid': 'a444b8d5-1f7e-4347-8841-5c94b706c5f1', 'username': 'beautifulfrog819', 'password': 'dogman', 'salt': '0C5osEHG', 'md5': '536cc8cfda4e9b0cd2f03394f44e36c1', 'sha1': '6ddf49b75bea6f0452450720fffb65c7552c209c', 'sha256': '1657821aef8e492cca7025c365388f1863d0fe873cf2ae7b14b76fb7e8fb556f'}, 'dob': {'date': '1977-04-28T22:06:34.814Z', 'age': 47}, 'registered': {'date': '2007-12-15T05:59:11.466Z', 'age': 16}, 'phone': '(404)-839-0289', 'cell': '(887)-292-5802', 'id': {'name': '', 'value': None}, 'picture': {'large': 'https://randomuser.me/api/portraits/women/72.jpg', 'medium': 'https://randomuser.me/api/portraits/med/women/72.jpg', 'thumbnail': 'https://randomuser.me/api/portraits/thumb/women/72.jpg'}, 'nat': 'NZ'}</msg>
<arg>${json_data['results'][0]}</arg>
<doc>Logs the given message with the given level.</doc>
<status status="PASS" start="2024-06-29T14:14:24.085029" elapsed="0.000393"/>
</kw>
<kw name="Log" owner="BuiltIn">
<msg time="2024-06-29T14:14:24.085880" level="INFO">location</msg>
<arg>${key}</arg>
<doc>Logs the given message with the given level.</doc>
<status status="PASS" start="2024-06-29T14:14:24.085755" elapsed="0.000162"/>
</kw>
<var name="${key}">location</var>
<status status="PASS" start="2024-06-29T14:14:24.084362" elapsed="0.001774"/>
</iter>
<iter>
<kw name="Dictionary Should Contain Key" owner="Collections">
<arg>${json_data['results'][0]}</arg>
<arg>${key}</arg>
<doc>Fails if ``key`` is not found from ``dictionary``.</doc>
<status status="PASS" start="2024-06-29T14:14:24.086412" elapsed="0.000393"/>
</kw>
<kw name="Log" owner="BuiltIn">
<msg time="2024-06-29T14:14:24.087391" level="INFO">{'gender': 'female', 'name': {'title': 'Miss', 'first': 'Maria', 'last': 'Jackson'}, 'location': {'street': {'number': 7252, 'name': 'Mt Albert Road'}, 'city': 'Upper Hutt', 'state': 'Manawatu-Wanganui', 'country': 'New Zealand', 'postcode': 21014, 'coordinates': {'latitude': '49.8540', 'longitude': '146.9466'}, 'timezone': {'offset': '-4:00', 'description': 'Atlantic Time (Canada), Caracas, La Paz'}}, 'email': 'maria.jackson@example.com', 'login': {'uuid': 'a444b8d5-1f7e-4347-8841-5c94b706c5f1', 'username': 'beautifulfrog819', 'password': 'dogman', 'salt': '0C5osEHG', 'md5': '536cc8cfda4e9b0cd2f03394f44e36c1', 'sha1': '6ddf49b75bea6f0452450720fffb65c7552c209c', 'sha256': '1657821aef8e492cca7025c365388f1863d0fe873cf2ae7b14b76fb7e8fb556f'}, 'dob': {'date': '1977-04-28T22:06:34.814Z', 'age': 47}, 'registered': {'date': '2007-12-15T05:59:11.466Z', 'age': 16}, 'phone': '(404)-839-0289', 'cell': '(887)-292-5802', 'id': {'name': '', 'value': None}, 'picture': {'large': 'https://randomuser.me/api/portraits/women/72.jpg', 'medium': 'https://randomuser.me/api/portraits/med/women/72.jpg', 'thumbnail': 'https://randomuser.me/api/portraits/thumb/women/72.jpg'}, 'nat': 'NZ'}</msg>
<arg>${json_data['results'][0]}</arg>
<doc>Logs the given message with the given level.</doc>
<status status="PASS" start="2024-06-29T14:14:24.087036" elapsed="0.000402"/>
</kw>
<kw name="Log" owner="BuiltIn">
<msg time="2024-06-29T14:14:24.087854" level="INFO">email</msg>
<arg>${key}</arg>
<doc>Logs the given message with the given level.</doc>
<status status="PASS" start="2024-06-29T14:14:24.087731" elapsed="0.000161"/>
</kw>
<var name="${key}">email</var>
<status status="PASS" start="2024-06-29T14:14:24.086306" elapsed="0.001801"/>
</iter>
<iter>
<kw name="Dictionary Should Contain Key" owner="Collections">
<arg>${json_data['results'][0]}</arg>
<arg>${key}</arg>
<doc>Fails if ``key`` is not found from ``dictionary``.</doc>
<status status="PASS" start="2024-06-29T14:14:24.088390" elapsed="0.000378"/>
</kw>
<kw name="Log" owner="BuiltIn">
<msg time="2024-06-29T14:14:24.089295" level="INFO">{'gender': 'female', 'name': {'title': 'Miss', 'first': 'Maria', 'last': 'Jackson'}, 'location': {'street': {'number': 7252, 'name': 'Mt Albert Road'}, 'city': 'Upper Hutt', 'state': 'Manawatu-Wanganui', 'country': 'New Zealand', 'postcode': 21014, 'coordinates': {'latitude': '49.8540', 'longitude': '146.9466'}, 'timezone': {'offset': '-4:00', 'description': 'Atlantic Time (Canada), Caracas, La Paz'}}, 'email': 'maria.jackson@example.com', 'login': {'uuid': 'a444b8d5-1f7e-4347-8841-5c94b706c5f1', 'username': 'beautifulfrog819', 'password': 'dogman', 'salt': '0C5osEHG', 'md5': '536cc8cfda4e9b0cd2f03394f44e36c1', 'sha1': '6ddf49b75bea6f0452450720fffb65c7552c209c', 'sha256': '1657821aef8e492cca7025c365388f1863d0fe873cf2ae7b14b76fb7e8fb556f'}, 'dob': {'date': '1977-04-28T22:06:34.814Z', 'age': 47}, 'registered': {'date': '2007-12-15T05:59:11.466Z', 'age': 16}, 'phone': '(404)-839-0289', 'cell': '(887)-292-5802', 'id': {'name': '', 'value': None}, 'picture': {'large': 'https://randomuser.me/api/portraits/women/72.jpg', 'medium': 'https://randomuser.me/api/portraits/med/women/72.jpg', 'thumbnail': 'https://randomuser.me/api/portraits/thumb/women/72.jpg'}, 'nat': 'NZ'}</msg>
<arg>${json_data['results'][0]}</arg>
<doc>Logs the given message with the given level.</doc>
<status status="PASS" start="2024-06-29T14:14:24.088948" elapsed="0.000392"/>
</kw>
<kw name="Log" owner="BuiltIn">
<msg time="2024-06-29T14:14:24.089755" level="INFO">login</msg>
<arg>${key}</arg>
<doc>Logs the given message with the given level.</doc>
<status status="PASS" start="2024-06-29T14:14:24.089630" elapsed="0.000162"/>
</kw>
<var name="${key}">login</var>
<status status="PASS" start="2024-06-29T14:14:24.088276" elapsed="0.001727"/>
</iter>
<var>${key}</var>
<value>@{expected_keys}</value>
<status status="PASS" start="2024-06-29T14:14:24.080192" elapsed="0.009929"/>
</for>
<kw name="Create List" owner="BuiltIn">
<msg time="2024-06-29T14:14:24.090492" level="INFO">${expected_keysTwo} = ['username', 'password']</msg>
<var>${expected_keysTwo}</var>
<arg>username</arg>
<arg>password</arg>
<doc>Returns a list containing given items.</doc>
<status status="PASS" start="2024-06-29T14:14:24.090351" elapsed="0.000165"/>
</kw>
<for flavor="IN">
<iter>
<kw name="Dictionary Should Contain Key" owner="Collections">
<arg>${json_data['results'][0]['login']}</arg>
<arg>${keyTwo}</arg>
<doc>Fails if ``key`` is not found from ``dictionary``.</doc>
<status status="PASS" start="2024-06-29T14:14:24.091049" elapsed="0.000395"/>
</kw>
<kw name="Dictionary Should Contain Key" owner="Collections">
<arg>${json_data['results'][0]['login']}</arg>
<arg>${keyTwo}</arg>
<doc>Fails if ``key`` is not found from ``dictionary``.</doc>
<status status="PASS" start="2024-06-29T14:14:24.091625" elapsed="0.000370"/>
</kw>
<kw name="Log" owner="BuiltIn">
<msg time="2024-06-29T14:14:24.092298" level="INFO">username</msg>
<arg>${keyTwo}</arg>
<doc>Logs the given message with the given level.</doc>
<status status="PASS" start="2024-06-29T14:14:24.092178" elapsed="0.000156"/>
</kw>
<var name="${keyTwo}">username</var>
<status status="PASS" start="2024-06-29T14:14:24.090938" elapsed="0.001614"/>
</iter>
<iter>
<kw name="Dictionary Should Contain Key" owner="Collections">
<arg>${json_data['results'][0]['login']}</arg>
<arg>${keyTwo}</arg>
<doc>Fails if ``key`` is not found from ``dictionary``.</doc>
<status status="PASS" start="2024-06-29T14:14:24.092825" elapsed="0.000381"/>
</kw>
<kw name="Dictionary Should Contain Key" owner="Collections">
<arg>${json_data['results'][0]['login']}</arg>
<arg>${keyTwo}</arg>
<doc>Fails if ``key`` is not found from ``dictionary``.</doc>
<status status="PASS" start="2024-06-29T14:14:24.093382" elapsed="0.000366"/>
</kw>
<kw name="Log" owner="BuiltIn">
<msg time="2024-06-29T14:14:24.094040" level="INFO">password</msg>
<arg>${keyTwo}</arg>
<doc>Logs the given message with the given level.</doc>
<status status="PASS" start="2024-06-29T14:14:24.093923" elapsed="0.000158"/>
</kw>
<var name="${keyTwo}">password</var>
<status status="PASS" start="2024-06-29T14:14:24.092721" elapsed="0.001669"/>
</iter>
<var>${keyTwo}</var>
<value>@{expected_keysTwo}</value>
<status status="PASS" start="2024-06-29T14:14:24.090750" elapsed="0.003760"/>
</for>
<status status="PASS" start="2024-06-29T14:14:23.978350" elapsed="0.116301"/>
</kw>
<doc>Testa a estrutura da resposta da API.</doc>
<tag>testeEstruturaResposta</tag>
<status status="PASS" start="2024-06-29T14:14:23.977870" elapsed="0.116935"/>
</test>
<test id="s1-s1-t4" name="Validar tipos de dados" line="28">
<kw name="Teste de Tipos de Dados" owner="random-user-service">
<kw name="GET On Session" owner="RequestsLibrary">
<msg time="2024-06-29T14:14:24.178669" level="INFO">GET Request : url=https://randomuser.me/api 
 path_url=/api 
 headers={'User-Agent': 'python-requests/2.32.3', 'Accept-Encoding': 'gzip, deflate', 'Accept': '*/*', 'Connection': 'keep-alive'} 
 body=None 
 </msg>
<msg time="2024-06-29T14:14:24.178757" level="INFO">GET Response : url=https://randomuser.me/api 
 status=200, reason=OK 
 headers={'Date': 'Sat, 29 Jun 2024 14:14:24 GMT', 'Content-Type': 'application/json; charset=utf-8', 'Transfer-Encoding': 'chunked', 'Connection': 'keep-alive', 'X-Powered-By': 'Express', 'Access-Control-Allow-Origin': '*', 'Cache-Control': 'no-cache', 'ETag': 'W/"480-mZDaphYY54A+LV/uZtsTgnjIvO8"', 'Vary': 'Accept-Encoding', 'Content-Encoding': 'gzip', 'CF-Cache-Status': 'DYNAMIC', 'Report-To': '{"endpoints":[{"url":"https:\\/\\/a.nel.cloudflare.com\\/report\\/v4?s=vC%2Bzs2u2F29RcB3VlJofVDUvd%2FAEkw2mw7BRhm5U284ZUh%2F%2FuI%2BMMIdzlg980h0HCu3sh96K65pEDeDS9LAr%2FquvY8ZRqoIbWVcH%2B6ijABEzJ58PO6hw6uwI5uE6UN%2BO"}],"group":"cf-nel","max_age":604800}', 'NEL': '{"success_fraction":0,"report_to":"cf-nel","max_age":604800}', 'Server': 'cloudflare', 'CF-RAY': '89b685d0986f29fa-ORD', 'alt-svc': 'h3=":443"; ma=86400'} 
 body={"results":[{"gender":"female","name":{"title":"Ms","first":"Emilia","last":"León"},"location":{"street":{"number":7111,"name":"Calle de Alcalá"},"city":"Mérida","state":"Castilla y León","country":"Spain","postcode":76141,"coordinates":{"latitude":"-33.8170","longitude":"81.3551"},"timezone":{"offset":"-10:00","description":"Hawaii"}},"email":"emilia.leon@example.com","login":{"uuid":"57c1b485-b862-4b40-a7f7-18e32df41bfb","username":"heavybutterfly605","password":"wildfire","salt":"IAiTrcNC","md5":"ebcfe65c50324d60f86a9e70d9ec49be","sha1":"563358c7e3b6d43a9c5fc5cf9e3c6d070281166e","sha256":"1577d05f4f4033f8416e6daea313e61ef7f6fe448f6cdb25518b3f211482e672"},"dob":{"date":"1995-09-13T01:28:23.320Z","age":28},"registered":{"date":"2007-03-09T03:35:34.220Z","age":17},"phone":"989-217-970","cell":"692-324-281","id":{"name":"DNI","value":"56024997-L"},"picture":{"large":"https://randomuser.me/api/portraits/women/15.jpg","medium":"https://randomuser.me/api/portraits/med/women/15.jpg","thumbnail":"https://randomuser.me/api/portraits/thumb/women/15.jpg"},"nat":"ES"}],"info":{"seed":"fb57510d0ef0ea4a","results":1,"page":1,"version":"1.4"}} 
 </msg>
<msg time="2024-06-29T14:14:24.178835" level="INFO">/opt/hostedtoolcache/Python/3.12.4/x64/lib/python3.12/site-packages/urllib3/connectionpool.py:1099: InsecureRequestWarning: Unverified HTTPS request is being made to host 'randomuser.me'. Adding certificate verification is strongly advised. See: https://urllib3.readthedocs.io/en/latest/advanced-usage.html#tls-warnings
  warnings.warn(</msg>
<msg time="2024-06-29T14:14:24.178992" level="INFO">${response} = &lt;Response [200]&gt;</msg>
<var>${response}</var>
<arg>consultarAPI</arg>
<arg>/api</arg>
<doc>Sends a GET request on a previously created HTTP Session.</doc>
<status status="PASS" start="2024-06-29T14:14:24.097317" elapsed="0.081726"/>
</kw>
<kw name="Set Variable" owner="BuiltIn">
<msg time="2024-06-29T14:14:24.179950" level="INFO">${json_data} = {'results': [{'gender': 'female', 'name': {'title': 'Ms', 'first': 'Emilia', 'last': 'León'}, 'location': {'street': {'number': 7111, 'name': 'Calle de Alcalá'}, 'city': 'Mérida', 'state': 'Castilla y...</msg>
<var>${json_data}</var>
<arg>${response.json()}</arg>
<doc>Returns the given values which can then be assigned to a variables.</doc>
<status status="PASS" start="2024-06-29T14:14:24.179487" elapsed="0.000493"/>
</kw>
<kw name="Log" owner="BuiltIn">
<msg time="2024-06-29T14:14:24.180447" level="INFO">{'results': [{'gender': 'female', 'name': {'title': 'Ms', 'first': 'Emilia', 'last': 'León'}, 'location': {'street': {'number': 7111, 'name': 'Calle de Alcalá'}, 'city': 'Mérida', 'state': 'Castilla y León', 'country': 'Spain', 'postcode': 76141, 'coordinates': {'latitude': '-33.8170', 'longitude': '81.3551'}, 'timezone': {'offset': '-10:00', 'description': 'Hawaii'}}, 'email': 'emilia.leon@example.com', 'login': {'uuid': '57c1b485-b862-4b40-a7f7-18e32df41bfb', 'username': 'heavybutterfly605', 'password': 'wildfire', 'salt': 'IAiTrcNC', 'md5': 'ebcfe65c50324d60f86a9e70d9ec49be', 'sha1': '563358c7e3b6d43a9c5fc5cf9e3c6d070281166e', 'sha256': '1577d05f4f4033f8416e6daea313e61ef7f6fe448f6cdb25518b3f211482e672'}, 'dob': {'date': '1995-09-13T01:28:23.320Z', 'age': 28}, 'registered': {'date': '2007-03-09T03:35:34.220Z', 'age': 17}, 'phone': '989-217-970', 'cell': '692-324-281', 'id': {'name': 'DNI', 'value': '56024997-L'}, 'picture': {'large': 'https://randomuser.me/api/portraits/women/15.jpg', 'medium': 'https://randomuser.me/api/portraits/med/women/15.jpg', 'thumbnail': 'https://randomuser.me/api/portraits/thumb/women/15.jpg'}, 'nat': 'ES'}], 'info': {'seed': 'fb57510d0ef0ea4a', 'results': 1, 'page': 1, 'version': '1.4'}}</msg>
<arg>${json_data}</arg>
<doc>Logs the given message with the given level.</doc>
<status status="PASS" start="2024-06-29T14:14:24.180290" elapsed="0.000205"/>
</kw>
<kw name="Should Be String" owner="String">
<arg>${json_data['results'][0]['gender']}</arg>
<doc>Fails if the given ``item`` is not a string.</doc>
<status status="PASS" start="2024-06-29T14:14:24.180779" elapsed="0.000372"/>
</kw>
<kw name="Should Match Regexp" owner="BuiltIn">
<arg>${json_data['results'][0]['email']}</arg>
<arg>^[a-zA-Z0-9._%+-]+@[a-zA-Z0-9.-]+\.[a-zA-Z]{2,}$</arg>
<doc>Fails if ``string`` does not match ``pattern`` as a regular expression.</doc>
<status status="PASS" start="2024-06-29T14:14:24.181373" elapsed="0.000511"/>
</kw>
<kw name="Should Match Regexp" owner="BuiltIn">
<arg>${json_data['results'][0]['dob']['date']}</arg>
<arg>\\d{4}-\\d{2}-\\d{2}T\\d{2}:\\d{2}:\\d{2}\\.\\d{3}Z</arg>
<doc>Fails if ``string`` does not match ``pattern`` as a regular expression.</doc>
<status status="PASS" start="2024-06-29T14:14:24.182074" elapsed="0.000482"/>
</kw>
<kw name="Should Match Regexp" owner="BuiltIn">
<arg>${json_data['results'][0]['registered']['date']}</arg>
<arg>\\d{4}-\\d{2}-\\d{2}T\\d{2}:\\d{2}:\\d{2}\\.\\d{3}Z</arg>
<doc>Fails if ``string`` does not match ``pattern`` as a regular expression.</doc>
<status status="PASS" start="2024-06-29T14:14:24.182745" elapsed="0.000427"/>
</kw>
<kw name="Should Match Regexp" owner="BuiltIn">
<arg>${json_data['results'][0]['picture']['large']}</arg>
<arg>^https?://.*\.(?:png|jpe?g|gif|bmp)$</arg>
<doc>Fails if ``string`` does not match ``pattern`` as a regular expression.</doc>
<status status="PASS" start="2024-06-29T14:14:24.183356" elapsed="0.000454"/>
</kw>
<kw name="Should Match Regexp" owner="BuiltIn">
<arg>${json_data['results'][0]['picture']['medium']}</arg>
<arg>^https?://.*\.(?:png|jpe?g|gif|bmp)$</arg>
<doc>Fails if ``string`` does not match ``pattern`` as a regular expression.</doc>
<status status="PASS" start="2024-06-29T14:14:24.183994" elapsed="0.000357"/>
</kw>
<kw name="Should Match Regexp" owner="BuiltIn">
<arg>${json_data['results'][0]['picture']['thumbnail']}</arg>
<arg>^https?://.*\.(?:png|jpe?g|gif|bmp)$</arg>
<doc>Fails if ``string`` does not match ``pattern`` as a regular expression.</doc>
<status status="PASS" start="2024-06-29T14:14:24.184530" elapsed="0.000341"/>
</kw>
<kw name="Log" owner="BuiltIn">
<msg time="2024-06-29T14:14:24.185378" level="INFO">{'large': 'https://randomuser.me/api/portraits/women/15.jpg', 'medium': 'https://randomuser.me/api/portraits/med/women/15.jpg', 'thumbnail': 'https://randomuser.me/api/portraits/thumb/women/15.jpg'}</msg>
<arg>${json_data['results'][0]['picture']}</arg>
<doc>Logs the given message with the given level.</doc>
<status status="PASS" start="2024-06-29T14:14:24.185050" elapsed="0.000369"/>
</kw>
<status status="PASS" start="2024-06-29T14:14:24.097091" elapsed="0.088580"/>
</kw>
<kw name="Teste de Tipos de Dados - Postcode" owner="random-user-service">
<kw name="GET On Session" owner="RequestsLibrary">
<msg time="2024-06-29T14:14:24.276332" level="INFO">GET Request : url=https://randomuser.me/api 
 path_url=/api 
 headers={'User-Agent': 'python-requests/2.32.3', 'Accept-Encoding': 'gzip, deflate', 'Accept': '*/*', 'Connection': 'keep-alive'} 
 body=None 
 </msg>
<msg time="2024-06-29T14:14:24.276422" level="INFO">GET Response : url=https://randomuser.me/api 
 status=200, reason=OK 
 headers={'Date': 'Sat, 29 Jun 2024 14:14:24 GMT', 'Content-Type': 'application/json; charset=utf-8', 'Transfer-Encoding': 'chunked', 'Connection': 'keep-alive', 'X-Powered-By': 'Express', 'Access-Control-Allow-Origin': '*', 'Cache-Control': 'no-cache', 'ETag': 'W/"485-2G3w5/xIx9QJiAfI36fxzoOe7SA"', 'Vary': 'Accept-Encoding', 'Content-Encoding': 'gzip', 'CF-Cache-Status': 'DYNAMIC', 'Report-To': '{"endpoints":[{"url":"https:\\/\\/a.nel.cloudflare.com\\/report\\/v4?s=PLapRtJvTSGLEj1djKLwtUnwoRKtjwNvOwGZICkz%2FF7%2FwoVxjvAVr2IVzSFoDaFbAOKAz6uvkOqiTdtJGCpiAeQg6Qa8K25qXHexZAAG3%2Bld2pXGoBR20WL05QZicTHr"}],"group":"cf-nel","max_age":604800}', 'NEL': '{"success_fraction":0,"report_to":"cf-nel","max_age":604800}', 'Server': 'cloudflare', 'CF-RAY': '89b685d128fa29fa-ORD', 'alt-svc': 'h3=":443"; ma=86400'} 
 body={"results":[{"gender":"female","name":{"title":"Ms","first":"Matilda","last":"Hanka"},"location":{"street":{"number":3986,"name":"Myllypuronkatu"},"city":"Korsnäs","state":"Finland Proper","country":"Finland","postcode":19497,"coordinates":{"latitude":"-25.6364","longitude":"77.5400"},"timezone":{"offset":"-10:00","description":"Hawaii"}},"email":"matilda.hanka@example.com","login":{"uuid":"81f16751-188c-4d19-9012-0c01dac73617","username":"blackbear808","password":"atlanta","salt":"FHX2gMKa","md5":"d771ce473c6895f7b79691a5f997c14b","sha1":"23deb6bd1debcf87bf722464b2ef6995cb4b9977","sha256":"aa0a0f324cfe47692a974e39bd347bbe4b99389074fefcffbaf59325afd50e68"},"dob":{"date":"1947-02-16T14:19:05.104Z","age":77},"registered":{"date":"2004-08-26T19:59:23.988Z","age":19},"phone":"07-742-414","cell":"046-934-64-78","id":{"name":"HETU","value":"NaNNA056undefined"},"picture":{"large":"https://randomuser.me/api/portraits/women/83.jpg","medium":"https://randomuser.me/api/portraits/med/women/83.jpg","thumbnail":"https://randomuser.me/api/portraits/thumb/women/83.jpg"},"nat":"FI"}],"info":{"seed":"0254cd762c64aa79","results":1,"page":1,"version":"1.4"}} 
 </msg>
<msg time="2024-06-29T14:14:24.276496" level="INFO">/opt/hostedtoolcache/Python/3.12.4/x64/lib/python3.12/site-packages/urllib3/connectionpool.py:1099: InsecureRequestWarning: Unverified HTTPS request is being made to host 'randomuser.me'. Adding certificate verification is strongly advised. See: https://urllib3.readthedocs.io/en/latest/advanced-usage.html#tls-warnings
  warnings.warn(</msg>
<msg time="2024-06-29T14:14:24.276597" level="INFO">${response} = &lt;Response [200]&gt;</msg>
<var>${response}</var>
<arg>consultarAPI</arg>
<arg>/api</arg>
<doc>Sends a GET request on a previously created HTTP Session.</doc>
<status status="PASS" start="2024-06-29T14:14:24.186104" elapsed="0.090541"/>
</kw>
<kw name="Set Variable" owner="BuiltIn">
<msg time="2024-06-29T14:14:24.277672" level="INFO">${json_data} = {'results': [{'gender': 'female', 'name': {'title': 'Ms', 'first': 'Matilda', 'last': 'Hanka'}, 'location': {'street': {'number': 3986, 'name': 'Myllypuronkatu'}, 'city': 'Korsnäs', 'state': 'Finland ...</msg>
<var>${json_data}</var>
<arg>${response.json()}</arg>
<doc>Returns the given values which can then be assigned to a variables.</doc>
<status status="PASS" start="2024-06-29T14:14:24.277121" elapsed="0.000580"/>
</kw>
<kw name="Log" owner="BuiltIn">
<msg time="2024-06-29T14:14:24.278165" level="INFO">{'results': [{'gender': 'female', 'name': {'title': 'Ms', 'first': 'Matilda', 'last': 'Hanka'}, 'location': {'street': {'number': 3986, 'name': 'Myllypuronkatu'}, 'city': 'Korsnäs', 'state': 'Finland Proper', 'country': 'Finland', 'postcode': 19497, 'coordinates': {'latitude': '-25.6364', 'longitude': '77.5400'}, 'timezone': {'offset': '-10:00', 'description': 'Hawaii'}}, 'email': 'matilda.hanka@example.com', 'login': {'uuid': '81f16751-188c-4d19-9012-0c01dac73617', 'username': 'blackbear808', 'password': 'atlanta', 'salt': 'FHX2gMKa', 'md5': 'd771ce473c6895f7b79691a5f997c14b', 'sha1': '23deb6bd1debcf87bf722464b2ef6995cb4b9977', 'sha256': 'aa0a0f324cfe47692a974e39bd347bbe4b99389074fefcffbaf59325afd50e68'}, 'dob': {'date': '1947-02-16T14:19:05.104Z', 'age': 77}, 'registered': {'date': '2004-08-26T19:59:23.988Z', 'age': 19}, 'phone': '07-742-414', 'cell': '046-934-64-78', 'id': {'name': 'HETU', 'value': 'NaNNA056undefined'}, 'picture': {'large': 'https://randomuser.me/api/portraits/women/83.jpg', 'medium': 'https://randomuser.me/api/portraits/med/women/83.jpg', 'thumbnail': 'https://randomuser.me/api/portraits/thumb/women/83.jpg'}, 'nat': 'FI'}], 'info': {'seed': '0254cd762c64aa79', 'results': 1, 'page': 1, 'version': '1.4'}}</msg>
<arg>${json_data}</arg>
<doc>Logs the given message with the given level.</doc>
<status status="PASS" start="2024-06-29T14:14:24.278007" elapsed="0.000206"/>
</kw>
<kw name="Should Be Equal As Numbers" owner="BuiltIn">
<arg>${json_data['results'][0]['location']['postcode']}</arg>
<arg>${json_data['results'][0]['location']['postcode']}</arg>
<doc>Fails if objects are unequal after converting them to real numbers.</doc>
<status status="PASS" start="2024-06-29T14:14:24.278503" elapsed="0.000677"/>
</kw>
<kw name="Log" owner="BuiltIn">
<msg time="2024-06-29T14:14:24.279910" level="INFO">19497</msg>
<arg>${json_data['results'][0]['location']['postcode']}</arg>
<doc>Logs the given message with the given level.</doc>
<status status="PASS" start="2024-06-29T14:14:24.279373" elapsed="0.000592"/>
</kw>
<status status="PASS" start="2024-06-29T14:14:24.185885" elapsed="0.094377"/>
</kw>
<doc>Testa se os tipos de dados na resposta da API estão corretos.</doc>
<tag>testeTiposDados</tag>
<status status="PASS" start="2024-06-29T14:14:24.096634" elapsed="0.183788"/>
</test>
<test id="s1-s1-t5" name="Validar conteudo" line="35">
<kw name="Teste de Tipos de Conteudo" owner="random-user-service">
<kw name="GET On Session" owner="RequestsLibrary">
<msg time="2024-06-29T14:14:24.379791" level="INFO">GET Request : url=https://randomuser.me/api 
 path_url=/api 
 headers={'User-Agent': 'python-requests/2.32.3', 'Accept-Encoding': 'gzip, deflate', 'Accept': '*/*', 'Connection': 'keep-alive'} 
 body=None 
 </msg>
<msg time="2024-06-29T14:14:24.379869" level="INFO">GET Response : url=https://randomuser.me/api 
 status=200, reason=OK 
 headers={'Date': 'Sat, 29 Jun 2024 14:14:24 GMT', 'Content-Type': 'application/json; charset=utf-8', 'Transfer-Encoding': 'chunked', 'Connection': 'keep-alive', 'X-Powered-By': 'Express', 'Access-Control-Allow-Origin': '*', 'Cache-Control': 'no-cache', 'ETag': 'W/"473-I7lVubxjijVOvTHm3Tv4CzSkvWU"', 'Vary': 'Accept-Encoding', 'Content-Encoding': 'gzip', 'CF-Cache-Status': 'DYNAMIC', 'Report-To': '{"endpoints":[{"url":"https:\\/\\/a.nel.cloudflare.com\\/report\\/v4?s=B3sH5pcAk7CJ8Gq5hhuZAZgVB9XTO0BQBfy06xOags%2Btwd8AUiJNoVgEC8cogWX1igk1zSSQd7r5cu3sOBUx%2FluhcFZyR4nz8Ww5kKiCEQRETRw2YNLk0zQtapCRTRQV"}],"group":"cf-nel","max_age":604800}', 'NEL': '{"success_fraction":0,"report_to":"cf-nel","max_age":604800}', 'Server': 'cloudflare', 'CF-RAY': '89b685d1c99829fa-ORD', 'alt-svc': 'h3=":443"; ma=86400'} 
 body={"results":[{"gender":"female","name":{"title":"Mrs","first":"Vaishnavi","last":"Shet"},"location":{"street":{"number":2226,"name":"Mint St"},"city":"Bokaro","state":"Punjab","country":"India","postcode":76226,"coordinates":{"latitude":"8.5359","longitude":"85.3130"},"timezone":{"offset":"-2:00","description":"Mid-Atlantic"}},"email":"vaishnavi.shet@example.com","login":{"uuid":"fd76383c-bd46-42c5-b2bd-b6df83abc710","username":"ticklishpanda465","password":"poodle","salt":"1qxjXu8l","md5":"c81370cf8855e864b17a45a9db50f28f","sha1":"e18d4e9f7418a9e5959a096f2b9b5ee64caef713","sha256":"e88aaed836c9bd8916ca2e9295788224dbce1835ef34af09fd8d2570b245ce62"},"dob":{"date":"1991-02-15T01:40:05.980Z","age":33},"registered":{"date":"2022-04-24T01:13:42.829Z","age":2},"phone":"7677410289","cell":"8273142062","id":{"name":"UIDAI","value":"703614817480"},"picture":{"large":"https://randomuser.me/api/portraits/women/50.jpg","medium":"https://randomuser.me/api/portraits/med/women/50.jpg","thumbnail":"https://randomuser.me/api/portraits/thumb/women/50.jpg"},"nat":"IN"}],"info":{"seed":"9279865483b26315","results":1,"page":1,"version":"1.4"}} 
 </msg>
<msg time="2024-06-29T14:14:24.379930" level="INFO">/opt/hostedtoolcache/Python/3.12.4/x64/lib/python3.12/site-packages/urllib3/connectionpool.py:1099: InsecureRequestWarning: Unverified HTTPS request is being made to host 'randomuser.me'. Adding certificate verification is strongly advised. See: https://urllib3.readthedocs.io/en/latest/advanced-usage.html#tls-warnings
  warnings.warn(</msg>
<msg time="2024-06-29T14:14:24.380031" level="INFO">${response} = &lt;Response [200]&gt;</msg>
<var>${response}</var>
<arg>consultarAPI</arg>
<arg>/api</arg>
<doc>Sends a GET request on a previously created HTTP Session.</doc>
<status status="PASS" start="2024-06-29T14:14:24.283286" elapsed="0.096786"/>
</kw>
<kw name="Set Variable" owner="BuiltIn">
<msg time="2024-06-29T14:14:24.381156" level="INFO">${json_data} = {'results': [{'gender': 'female', 'name': {'title': 'Mrs', 'first': 'Vaishnavi', 'last': 'Shet'}, 'location': {'street': {'number': 2226, 'name': 'Mint St'}, 'city': 'Bokaro', 'state': 'Punjab', 'coun...</msg>
<var>${json_data}</var>
<arg>${response.json()}</arg>
<doc>Returns the given values which can then be assigned to a variables.</doc>
<status status="PASS" start="2024-06-29T14:14:24.380612" elapsed="0.000571"/>
</kw>
<kw name="Set Variable" owner="BuiltIn">
<msg time="2024-06-29T14:14:24.381858" level="INFO">${name_title} = Mrs</msg>
<var>${name_title}</var>
<arg>${json_data["results"][0]["name"]["title"]}</arg>
<doc>Returns the given values which can then be assigned to a variables.</doc>
<status status="PASS" start="2024-06-29T14:14:24.381483" elapsed="0.000400"/>
</kw>
<kw name="Create List" owner="BuiltIn">
<msg time="2024-06-29T14:14:24.382334" level="INFO">${allowed_titles} = ['Mr', 'Ms', 'Miss', 'Mrs', 'Madame', 'Monsieur']</msg>
<var>${allowed_titles}</var>
<arg>Mr</arg>
<arg>Ms</arg>
<arg>Miss</arg>
<arg>Mrs</arg>
<arg>Madame</arg>
<arg>Monsieur</arg>
<doc>Returns a list containing given items.</doc>
<status status="PASS" start="2024-06-29T14:14:24.382176" elapsed="0.000182"/>
</kw>
<kw name="List Should Contain Value" owner="Collections">
<arg>${allowed_titles}</arg>
<arg>${name_title}</arg>
<doc>Fails if the ``value`` is not found from ``list``.</doc>
<status status="PASS" start="2024-06-29T14:14:24.382654" elapsed="0.000174"/>
</kw>
<kw name="Set Variable" owner="BuiltIn">
<msg time="2024-06-29T14:14:24.383439" level="INFO">${name_country} = IN</msg>
<var>${name_country}</var>
<arg>${json_data["results"][0]["nat"]}</arg>
<doc>Returns the given values which can then be assigned to a variables.</doc>
<status status="PASS" start="2024-06-29T14:14:24.383063" elapsed="0.000400"/>
</kw>
<kw name="Create List" owner="BuiltIn">
<msg time="2024-06-29T14:14:24.384342" level="INFO">${list_country} = ['AD', 'AE', 'AF', 'AG', 'AI', 'AL', 'AM', 'AO', 'AQ', 'AR', 'AS', 'AT', 'AU', 'AW', 'AX', 'AZ', 'BA', 'BB', 'BD', 'BE', 'BF', 'BG', 'BH', 'BI', 'BJ', 'BL', 'BM', 'BN', 'BO', 'BQ', 'BR', 'BS', 'BT', '...</msg>
<var>${list_country}</var>
<arg>AD</arg>
<arg>AE</arg>
<arg>AF</arg>
<arg>AG</arg>
<arg>AI</arg>
<arg>AL</arg>
<arg>AM</arg>
<arg>AO</arg>
<arg>AQ</arg>
<arg>AR</arg>
<arg>AS</arg>
<arg>AT</arg>
<arg>AU</arg>
<arg>AW</arg>
<arg>AX</arg>
<arg>AZ</arg>
<arg>BA</arg>
<arg>BB</arg>
<arg>BD</arg>
<arg>BE</arg>
<arg>BF</arg>
<arg>BG</arg>
<arg>BH</arg>
<arg>BI</arg>
<arg>BJ</arg>
<arg>BL</arg>
<arg>BM</arg>
<arg>BN</arg>
<arg>BO</arg>
<arg>BQ</arg>
<arg>BR</arg>
<arg>BS</arg>
<arg>BT</arg>
<arg>BV</arg>
<arg>BW</arg>
<arg>BY</arg>
<arg>BZ</arg>
<arg>CA</arg>
<arg>CC</arg>
<arg>CD</arg>
<arg>CF</arg>
<arg>CG</arg>
<arg>CH</arg>
<arg>CI</arg>
<arg>CK</arg>
<arg>CL</arg>
<arg>CM</arg>
<arg>CN</arg>
<arg>CO</arg>
<arg>CR</arg>
<arg>CU</arg>
<arg>CV</arg>
<arg>CW</arg>
<arg>CX</arg>
<arg>CY</arg>
<arg>CZ</arg>
<arg>DE</arg>
<arg>DJ</arg>
<arg>DK</arg>
<arg>DM</arg>
<arg>DO</arg>
<arg>DZ</arg>
<arg>EC</arg>
<arg>EE</arg>
<arg>EG</arg>
<arg>EH</arg>
<arg>ER</arg>
<arg>ES</arg>
<arg>ET</arg>
<arg>FI</arg>
<arg>FJ</arg>
<arg>FK</arg>
<arg>FM</arg>
<arg>FO</arg>
<arg>FR</arg>
<arg>GA</arg>
<arg>GB</arg>
<arg>GD</arg>
<arg>GE</arg>
<arg>GF</arg>
<arg>GG</arg>
<arg>GH</arg>
<arg>GI</arg>
<arg>GL</arg>
<arg>GM</arg>
<arg>GN</arg>
<arg>GP</arg>
<arg>GQ</arg>
<arg>GR</arg>
<arg>GS</arg>
<arg>GT</arg>
<arg>GU</arg>
<arg>GW</arg>
<arg>GY</arg>
<arg>HK</arg>
<arg>HM</arg>
<arg>HN</arg>
<arg>HR</arg>
<arg>HT</arg>
<arg>HU</arg>
<arg>ID</arg>
<arg>IE</arg>
<arg>IL</arg>
<arg>IM</arg>
<arg>IN</arg>
<arg>IO</arg>
<arg>IQ</arg>
<arg>IR</arg>
<arg>IS</arg>
<arg>IT</arg>
<arg>JE</arg>
<arg>JM</arg>
<arg>JO</arg>
<arg>JP</arg>
<arg>KE</arg>
<arg>KG</arg>
<arg>KH</arg>
<arg>KI</arg>
<arg>KM</arg>
<arg>KN</arg>
<arg>KP</arg>
<arg>KR</arg>
<arg>KW</arg>
<arg>KY</arg>
<arg>KZ</arg>
<arg>LA</arg>
<arg>LB</arg>
<arg>LC</arg>
<arg>LI</arg>
<arg>LK</arg>
<arg>LR</arg>
<arg>LS</arg>
<arg>LT</arg>
<arg>LU</arg>
<arg>LV</arg>
<arg>LY</arg>
<arg>MA</arg>
<arg>MC</arg>
<arg>MD</arg>
<arg>ME</arg>
<arg>MF</arg>
<arg>MG</arg>
<arg>MH</arg>
<arg>MK</arg>
<arg>ML</arg>
<arg>MM</arg>
<arg>MN</arg>
<arg>MO</arg>
<arg>MP</arg>
<arg>MQ</arg>
<arg>MR</arg>
<arg>MS</arg>
<arg>MT</arg>
<arg>MU</arg>
<arg>MV</arg>
<arg>MW</arg>
<arg>MX</arg>
<arg>MY</arg>
<arg>MZ</arg>
<arg>NA</arg>
<arg>NC</arg>
<arg>NE</arg>
<arg>NF</arg>
<arg>NG</arg>
<arg>NI</arg>
<arg>NL</arg>
<arg>NO</arg>
<arg>NP</arg>
<arg>NR</arg>
<arg>NU</arg>
<arg>NZ</arg>
<arg>OM</arg>
<arg>PA</arg>
<arg>PE</arg>
<arg>PF</arg>
<arg>PG</arg>
<arg>PH</arg>
<arg>PK</arg>
<arg>PL</arg>
<arg>PM</arg>
<arg>PN</arg>
<arg>PR</arg>
<arg>PS</arg>
<arg>PT</arg>
<arg>PW</arg>
<arg>PY</arg>
<arg>QA</arg>
<arg>RE</arg>
<arg>RO</arg>
<arg>RS</arg>
<arg>RU</arg>
<arg>RW</arg>
<arg>SA</arg>
<arg>SB</arg>
<arg>SC</arg>
<arg>SD</arg>
<arg>SE</arg>
<arg>SG</arg>
<arg>SH</arg>
<arg>SI</arg>
<arg>SJ</arg>
<arg>SK</arg>
<arg>SL</arg>
<arg>SM</arg>
<arg>SN</arg>
<arg>SO</arg>
<arg>SR</arg>
<arg>SS</arg>
<arg>ST</arg>
<arg>SV</arg>
<arg>SX</arg>
<arg>SY</arg>
<arg>SZ</arg>
<arg>TC</arg>
<arg>TD</arg>
<arg>TF</arg>
<arg>TG</arg>
<arg>TH</arg>
<arg>TJ</arg>
<arg>TK</arg>
<arg>TL</arg>
<arg>TM</arg>
<arg>TN</arg>
<arg>TO</arg>
<arg>TR</arg>
<arg>TT</arg>
<arg>TV</arg>
<arg>TW</arg>
<arg>TZ</arg>
<arg>UA</arg>
<arg>UG</arg>
<arg>UM</arg>
<arg>US</arg>
<arg>UY</arg>
<arg>UZ</arg>
<arg>VA</arg>
<arg>VC</arg>
<arg>VE</arg>
<arg>VG</arg>
<arg>VI</arg>
<arg>VN</arg>
<arg>VU</arg>
<arg>WF</arg>
<arg>WS</arg>
<arg>XK</arg>
<arg>YE</arg>
<arg>YT</arg>
<arg>ZA</arg>
<arg>ZM</arg>
<arg>ZW</arg>
<doc>Returns a list containing given items.</doc>
<status status="PASS" start="2024-06-29T14:14:24.383752" elapsed="0.000614"/>
</kw>
<kw name="List Should Contain Value" owner="Collections">
<arg>${list_country}</arg>
<arg>${name_country}</arg>
<doc>Fails if the ``value`` is not found from ``list``.</doc>
<status status="PASS" start="2024-06-29T14:14:24.385165" elapsed="0.000198"/>
</kw>
<kw name="Run Keyword If" owner="BuiltIn">
<kw name="Should Be True" owner="BuiltIn">
<arg>${True}</arg>
<doc>Fails if the given condition is not true.</doc>
<status status="PASS" start="2024-06-29T14:14:24.386288" elapsed="0.000140"/>
</kw>
<arg>${json_data["results"][0]["location"]["coordinates"]["latitude"]} &gt;= -90 and ${json_data["results"][0]["location"]["coordinates"]["latitude"]} &lt;= 90</arg>
<arg>Should Be True</arg>
<arg>${True}</arg>
<doc>Runs the given keyword with the given arguments, if ``condition`` is true.</doc>
<status status="PASS" start="2024-06-29T14:14:24.385555" elapsed="0.000996"/>
</kw>
<kw name="Run Keyword If" owner="BuiltIn">
<kw name="Should Be True" owner="BuiltIn">
<arg>${True}</arg>
<doc>Fails if the given condition is not true.</doc>
<status status="PASS" start="2024-06-29T14:14:24.387449" elapsed="0.000238"/>
</kw>
<arg>${json_data["results"][0]["location"]["coordinates"]["longitude"]} &gt;= -180 and ${json_data["results"][0]["location"]["coordinates"]["longitude"]} &lt;= 180</arg>
<arg>Should Be True</arg>
<arg>${True}</arg>
<doc>Runs the given keyword with the given arguments, if ``condition`` is true.</doc>
<status status="PASS" start="2024-06-29T14:14:24.386729" elapsed="0.001086"/>
</kw>
<status status="PASS" start="2024-06-29T14:14:24.282910" elapsed="0.105036"/>
</kw>
<doc>Testa o conteúdo específico dos campos retornados pela API.</doc>
<tag>testeConteudo</tag>
<status status="PASS" start="2024-06-29T14:14:24.282214" elapsed="0.105878"/>
</test>
<status status="PASS" start="2024-06-29T14:14:23.537945" elapsed="0.852095"/>
</suite>
<status status="PASS" start="2024-06-29T14:14:23.523500" elapsed="0.871669"/>
</suite>
<statistics>
<total>
<stat pass="5" fail="0" skip="0">All Tests</stat>
</total>
<tag>
<stat pass="1" fail="0" skip="0">testeConteudo</stat>
<stat pass="1" fail="0" skip="0">testeEstruturaResposta</stat>
<stat pass="1" fail="0" skip="0">testeRequisicaoBasica</stat>
<stat pass="1" fail="0" skip="0">testeTiposDados</stat>
</tag>
<suite>
<stat pass="5" fail="0" skip="0" id="s1" name="Tests">Tests</stat>
<stat pass="5" fail="0" skip="0" id="s1-s1" name="Random-User-Test">Tests.Random-User-Test</stat>
</suite>
</statistics>
<errors>
</errors>
</robot>
