<?xml version="1.0" encoding="UTF-8"?>
<robot generator="Robot 7.0 (Python 3.12.3 on linux)" generated="2024-06-04T20:15:27.930091" rpa="false" schemaversion="5">
<suite id="s1" name="Tests" source="/home/runner/work/ApiRandomUser/ApiRandomUser/RamdonUser/tests">
<suite id="s1-s1" name="Random-User-Test" source="/home/runner/work/ApiRandomUser/ApiRandomUser/RamdonUser/tests/random-user-test.robot">
<test id="s1-s1-t1" name="Conectar" line="13">
<kw name="Conectar API" owner="random-user-service">
<kw name="Create Session" owner="RequestsLibrary">
<msg time="2024-06-04T20:15:28.346547" level="INFO">Creating Session using : alias=consultarAPI, url=https://randomuser.me/, headers={},                     cookies={}, auth=None, timeout=None, proxies=None, verify=False,                     debug=0 </msg>
<arg>consultarAPI</arg>
<arg>${URL}</arg>
<doc>Create Session: create a HTTP session to a server</doc>
<status status="PASS" start="2024-06-04T20:15:28.346327" elapsed="0.000417"/>
</kw>
<status status="PASS" start="2024-06-04T20:15:28.345221" elapsed="0.001899"/>
</kw>
<status status="PASS" start="2024-06-04T20:15:28.344627" elapsed="0.002697"/>
</test>
<test id="s1-s1-t2" name="Validar retorno 200 e JSON Válido" line="16">
<kw name="Teste de Requisicao Basica" owner="random-user-service">
<kw name="GET On Session" owner="RequestsLibrary">
<msg time="2024-06-04T20:15:28.475307" level="INFO">GET Request : url=https://randomuser.me/api 
 path_url=/api 
 headers={'User-Agent': 'python-requests/2.32.3', 'Accept-Encoding': 'gzip, deflate', 'Accept': '*/*', 'Connection': 'keep-alive'} 
 body=None 
 </msg>
<msg time="2024-06-04T20:15:28.475471" level="INFO">GET Response : url=https://randomuser.me/api 
 status=200, reason=OK 
 headers={'Date': 'Tue, 04 Jun 2024 20:15:28 GMT', 'Content-Type': 'application/json; charset=utf-8', 'Transfer-Encoding': 'chunked', 'Connection': 'keep-alive', 'X-Powered-By': 'Express', 'Access-Control-Allow-Origin': '*', 'Cache-Control': 'no-cache', 'ETag': 'W/"4a8-t4EH50nyscDb/z6s0DZhWVOVsBc"', 'Vary': 'Accept-Encoding', 'Content-Encoding': 'gzip', 'CF-Cache-Status': 'DYNAMIC', 'Report-To': '{"endpoints":[{"url":"https:\\/\\/a.nel.cloudflare.com\\/report\\/v4?s=Yv06Ym%2F2MgynmzdDnKwaCt3iOrqVxg5oCkDI5Elce75mHv43KFRnBpOZJQoinUbSEFUeDuq6lakKOnDt4zutf3ffdWVDYHYTRKN5JnzwlDPvmW3g%2FAAmO49qeWwnjFhY"}],"group":"cf-nel","max_age":604800}', 'NEL': '{"success_fraction":0,"report_to":"cf-nel","max_age":604800}', 'Server': 'cloudflare', 'CF-RAY': '88ea985a5e315c1c-SJC', 'alt-svc': 'h3=":443"; ma=86400'} 
 body={"results":[{"gender":"male","name":{"title":"Mr","first":"Isaque","last":"Fernandes"},"location":{"street":{"number":6166,"name":"Avenida D. Pedro Ii"},"city":"Alvorada","state":"Mato Grosso do Sul","country":"Brazil","postcode":46667,"coordinates":{"latitude":"-78.3231","longitude":"-56.8442"},"timezone":{"offset":"+1:00","description":"Brussels, Copenhagen, Madrid, Paris"}},"email":"isaque.fernandes@example.com","login":{"uuid":"86790066-630c-41f1-a1e3-16f14605fbdb","username":"whiteelephant186","password":"armada","salt":"zmdWe7ey","md5":"c6b510f20f9b8e303a9800442d7e5e6d","sha1":"d6b69ea7fc3977113abad3d68262eb3573f0ef69","sha256":"8968607c35c93471ab5ccb6df1eac33a3ce2b18989fe818209b442130be430b3"},"dob":{"date":"1967-09-09T07:38:38.324Z","age":56},"registered":{"date":"2022-02-07T01:42:55.609Z","age":2},"phone":"(34) 0397-8616","cell":"(67) 9599-4049","id":{"name":"CPF","value":"432.373.294-64"},"picture":{"large":"https://randomuser.me/api/portraits/men/9.jpg","medium":"https://randomuser.me/api/portraits/med/men/9.jpg","thumbnail":"https://randomuser.me/api/portraits/thumb/men/9.jpg"},"nat":"BR"}],"info":{"seed":"47015dde047f633e","results":1,"page":1,"version":"1.4"}} 
 </msg>
<msg time="2024-06-04T20:15:28.475561" level="INFO">/opt/hostedtoolcache/Python/3.12.3/x64/lib/python3.12/site-packages/urllib3/connectionpool.py:1103: InsecureRequestWarning: Unverified HTTPS request is being made to host 'randomuser.me'. Adding certificate verification is strongly advised. See: https://urllib3.readthedocs.io/en/latest/advanced-usage.html#tls-warnings
  warnings.warn(</msg>
<msg time="2024-06-04T20:15:28.475705" level="INFO">${response} = &lt;Response [200]&gt;</msg>
<var>${response}</var>
<arg>consultarAPI</arg>
<arg>/api</arg>
<doc>Sends a GET request on a previously created HTTP Session.</doc>
<status status="PASS" start="2024-06-04T20:15:28.350039" elapsed="0.125712"/>
</kw>
<kw name="Should Be Equal As Numbers" owner="BuiltIn">
<msg time="2024-06-04T20:15:28.477039" level="INFO">Argument types are:
&lt;class 'int'&gt;
&lt;class 'str'&gt;</msg>
<arg>${response.status_code}</arg>
<arg>200</arg>
<doc>Fails if objects are unequal after converting them to real numbers.</doc>
<status status="PASS" start="2024-06-04T20:15:28.476481" elapsed="0.000631"/>
</kw>
<kw name="Log" owner="BuiltIn">
<msg time="2024-06-04T20:15:28.477912" level="INFO">200</msg>
<arg>${response.status_code}</arg>
<doc>Logs the given message with the given level.</doc>
<status status="PASS" start="2024-06-04T20:15:28.477531" elapsed="0.000431"/>
</kw>
<kw name="Set Variable" owner="BuiltIn">
<msg time="2024-06-04T20:15:28.478767" level="INFO">${json_data} = {'results': [{'gender': 'male', 'name': {'title': 'Mr', 'first': 'Isaque', 'last': 'Fernandes'}, 'location': {'street': {'number': 6166, 'name': 'Avenida D. Pedro Ii'}, 'city': 'Alvorada', 'state': 'M...</msg>
<var>${json_data}</var>
<arg>${response.json()}</arg>
<doc>Returns the given values which can then be assigned to a variables.</doc>
<status status="PASS" start="2024-06-04T20:15:28.478303" elapsed="0.000493"/>
</kw>
<kw name="Dictionary Should Contain Key" owner="Collections">
<msg time="2024-06-04T20:15:28.479299" level="INFO">False</msg>
<arg>${json_data}</arg>
<arg>results</arg>
<doc>Fails if ``key`` is not found from ``dictionary``.</doc>
<status status="PASS" start="2024-06-04T20:15:28.479121" elapsed="0.000392"/>
</kw>
<status status="PASS" start="2024-06-04T20:15:28.349775" elapsed="0.130014"/>
</kw>
<doc>Testa se a API responde corretamente e retorna um objeto JSON válido.</doc>
<tag>testeRequisicaoBasica</tag>
<status status="PASS" start="2024-06-04T20:15:28.349283" elapsed="0.130734"/>
</test>
<test id="s1-s1-t3" name="Validar estrutura de resposta" line="22">
<kw name="Teste de Estrutura de Resposta" owner="random-user-service">
<kw name="GET On Session" owner="RequestsLibrary">
<msg time="2024-06-04T20:15:28.574884" level="INFO">GET Request : url=https://randomuser.me/api 
 path_url=/api 
 headers={'User-Agent': 'python-requests/2.32.3', 'Accept-Encoding': 'gzip, deflate', 'Accept': '*/*', 'Connection': 'keep-alive'} 
 body=None 
 </msg>
<msg time="2024-06-04T20:15:28.575012" level="INFO">GET Response : url=https://randomuser.me/api 
 status=200, reason=OK 
 headers={'Date': 'Tue, 04 Jun 2024 20:15:28 GMT', 'Content-Type': 'application/json; charset=utf-8', 'Transfer-Encoding': 'chunked', 'Connection': 'keep-alive', 'X-Powered-By': 'Express', 'Access-Control-Allow-Origin': '*', 'Cache-Control': 'no-cache', 'ETag': 'W/"4a6-EZWP2sXJFilLFH8C7viKkq/pMtM"', 'Vary': 'Accept-Encoding', 'Content-Encoding': 'gzip', 'CF-Cache-Status': 'DYNAMIC', 'Report-To': '{"endpoints":[{"url":"https:\\/\\/a.nel.cloudflare.com\\/report\\/v4?s=i2t5bbKCeWxE7GEojZkDQ4%2BRwAXJm4KP4VivhYF037sh1WfcHJTGDqcJ7RoXPTc%2BPZR0VQxSwyi8saKaP0UfC854er7a9BCSLDA8SgekWSsWDdiAVAH924cHxstz79hL"}],"group":"cf-nel","max_age":604800}', 'NEL': '{"success_fraction":0,"report_to":"cf-nel","max_age":604800}', 'Server': 'cloudflare', 'CF-RAY': '88ea985b0ece5c1c-SJC', 'alt-svc': 'h3=":443"; ma=86400'} 
 body={"results":[{"gender":"female","name":{"title":"Miss","first":"Katie","last":"Wright"},"location":{"street":{"number":740,"name":"South Street"},"city":"Armagh","state":"Somerset","country":"United Kingdom","postcode":"F4P 7XP","coordinates":{"latitude":"-4.8870","longitude":"125.1356"},"timezone":{"offset":"-4:00","description":"Atlantic Time (Canada), Caracas, La Paz"}},"email":"katie.wright@example.com","login":{"uuid":"8f241b0c-fe3a-4ec3-8089-87f2c222d02f","username":"purpleleopard548","password":"latinas","salt":"6mQ4Xntc","md5":"ae78ff6a95e1ef892b7046c8ff5fd87b","sha1":"07eb84e5000e8e12e5ec076ccda4242267638482","sha256":"21a2e1efd45c5df3f9a7dd4212aab69c06e912e3acc87271ca9ff9bc56d0143e"},"dob":{"date":"1999-07-04T18:21:42.522Z","age":24},"registered":{"date":"2005-04-07T10:01:04.596Z","age":19},"phone":"019467 59387","cell":"07473 524769","id":{"name":"NINO","value":"KC 82 83 04 I"},"picture":{"large":"https://randomuser.me/api/portraits/women/74.jpg","medium":"https://randomuser.me/api/portraits/med/women/74.jpg","thumbnail":"https://randomuser.me/api/portraits/thumb/women/74.jpg"},"nat":"GB"}],"info":{"seed":"41c80c229ab1bec3","results":1,"page":1,"version":"1.4"}} 
 </msg>
<msg time="2024-06-04T20:15:28.575162" level="INFO">/opt/hostedtoolcache/Python/3.12.3/x64/lib/python3.12/site-packages/urllib3/connectionpool.py:1103: InsecureRequestWarning: Unverified HTTPS request is being made to host 'randomuser.me'. Adding certificate verification is strongly advised. See: https://urllib3.readthedocs.io/en/latest/advanced-usage.html#tls-warnings
  warnings.warn(</msg>
<msg time="2024-06-04T20:15:28.575297" level="INFO">${response} = &lt;Response [200]&gt;</msg>
<var>${response}</var>
<arg>consultarAPI</arg>
<arg>/api</arg>
<doc>Sends a GET request on a previously created HTTP Session.</doc>
<status status="PASS" start="2024-06-04T20:15:28.482774" elapsed="0.092566"/>
</kw>
<kw name="Set Variable" owner="BuiltIn">
<msg time="2024-06-04T20:15:28.576731" level="INFO">${json_data} = {'results': [{'gender': 'female', 'name': {'title': 'Miss', 'first': 'Katie', 'last': 'Wright'}, 'location': {'street': {'number': 740, 'name': 'South Street'}, 'city': 'Armagh', 'state': 'Somerset', ...</msg>
<var>${json_data}</var>
<arg>${response.json()}</arg>
<doc>Returns the given values which can then be assigned to a variables.</doc>
<status status="PASS" start="2024-06-04T20:15:28.576087" elapsed="0.000675"/>
</kw>
<kw name="Log" owner="BuiltIn">
<msg time="2024-06-04T20:15:28.577369" level="INFO">{'results': [{'gender': 'female', 'name': {'title': 'Miss', 'first': 'Katie', 'last': 'Wright'}, 'location': {'street': {'number': 740, 'name': 'South Street'}, 'city': 'Armagh', 'state': 'Somerset', 'country': 'United Kingdom', 'postcode': 'F4P 7XP', 'coordinates': {'latitude': '-4.8870', 'longitude': '125.1356'}, 'timezone': {'offset': '-4:00', 'description': 'Atlantic Time (Canada), Caracas, La Paz'}}, 'email': 'katie.wright@example.com', 'login': {'uuid': '8f241b0c-fe3a-4ec3-8089-87f2c222d02f', 'username': 'purpleleopard548', 'password': 'latinas', 'salt': '6mQ4Xntc', 'md5': 'ae78ff6a95e1ef892b7046c8ff5fd87b', 'sha1': '07eb84e5000e8e12e5ec076ccda4242267638482', 'sha256': '21a2e1efd45c5df3f9a7dd4212aab69c06e912e3acc87271ca9ff9bc56d0143e'}, 'dob': {'date': '1999-07-04T18:21:42.522Z', 'age': 24}, 'registered': {'date': '2005-04-07T10:01:04.596Z', 'age': 19}, 'phone': '019467 59387', 'cell': '07473 524769', 'id': {'name': 'NINO', 'value': 'KC 82 83 04 I'}, 'picture': {'large': 'https://randomuser.me/api/portraits/women/74.jpg', 'medium': 'https://randomuser.me/api/portraits/med/women/74.jpg', 'thumbnail': 'https://randomuser.me/api/portraits/thumb/women/74.jpg'}, 'nat': 'GB'}], 'info': {'seed': '41c80c229ab1bec3', 'results': 1, 'page': 1, 'version': '1.4'}}</msg>
<arg>${json_data}</arg>
<doc>Logs the given message with the given level.</doc>
<status status="PASS" start="2024-06-04T20:15:28.577174" elapsed="0.000250"/>
</kw>
<kw name="Dictionary Should Contain Key" owner="Collections">
<msg time="2024-06-04T20:15:28.577973" level="INFO">False</msg>
<arg>${json_data}</arg>
<arg>results</arg>
<doc>Fails if ``key`` is not found from ``dictionary``.</doc>
<status status="PASS" start="2024-06-04T20:15:28.577787" elapsed="0.000231"/>
</kw>
<kw name="Should Not Be Empty" owner="BuiltIn">
<msg time="2024-06-04T20:15:28.578527" level="INFO">Length is 2.</msg>
<arg>${json_data}</arg>
<doc>Verifies that the given item is not empty.</doc>
<status status="PASS" start="2024-06-04T20:15:28.578369" elapsed="0.000201"/>
</kw>
<kw name="Create List" owner="BuiltIn">
<msg time="2024-06-04T20:15:28.579070" level="INFO">${expected_keys} = ['gender', 'name', 'location', 'email', 'login']</msg>
<var>${expected_keys}</var>
<arg>gender</arg>
<arg>name</arg>
<arg>location</arg>
<arg>email</arg>
<arg>login</arg>
<doc>Returns a list containing given items.</doc>
<status status="PASS" start="2024-06-04T20:15:28.578904" elapsed="0.000191"/>
</kw>
<for flavor="IN">
<iter>
<kw name="Dictionary Should Contain Key" owner="Collections">
<msg time="2024-06-04T20:15:28.580236" level="INFO">False</msg>
<arg>${json_data['results'][0]}</arg>
<arg>${key}</arg>
<doc>Fails if ``key`` is not found from ``dictionary``.</doc>
<status status="PASS" start="2024-06-04T20:15:28.579728" elapsed="0.000554"/>
</kw>
<kw name="Log" owner="BuiltIn">
<msg time="2024-06-04T20:15:28.581004" level="INFO">{'gender': 'female', 'name': {'title': 'Miss', 'first': 'Katie', 'last': 'Wright'}, 'location': {'street': {'number': 740, 'name': 'South Street'}, 'city': 'Armagh', 'state': 'Somerset', 'country': 'United Kingdom', 'postcode': 'F4P 7XP', 'coordinates': {'latitude': '-4.8870', 'longitude': '125.1356'}, 'timezone': {'offset': '-4:00', 'description': 'Atlantic Time (Canada), Caracas, La Paz'}}, 'email': 'katie.wright@example.com', 'login': {'uuid': '8f241b0c-fe3a-4ec3-8089-87f2c222d02f', 'username': 'purpleleopard548', 'password': 'latinas', 'salt': '6mQ4Xntc', 'md5': 'ae78ff6a95e1ef892b7046c8ff5fd87b', 'sha1': '07eb84e5000e8e12e5ec076ccda4242267638482', 'sha256': '21a2e1efd45c5df3f9a7dd4212aab69c06e912e3acc87271ca9ff9bc56d0143e'}, 'dob': {'date': '1999-07-04T18:21:42.522Z', 'age': 24}, 'registered': {'date': '2005-04-07T10:01:04.596Z', 'age': 19}, 'phone': '019467 59387', 'cell': '07473 524769', 'id': {'name': 'NINO', 'value': 'KC 82 83 04 I'}, 'picture': {'large': 'https://randomuser.me/api/portraits/women/74.jpg', 'medium': 'https://randomuser.me/api/portraits/med/women/74.jpg', 'thumbnail': 'https://randomuser.me/api/portraits/thumb/women/74.jpg'}, 'nat': 'GB'}</msg>
<arg>${json_data['results'][0]}</arg>
<doc>Logs the given message with the given level.</doc>
<status status="PASS" start="2024-06-04T20:15:28.580614" elapsed="0.000442"/>
</kw>
<kw name="Log" owner="BuiltIn">
<msg time="2024-06-04T20:15:28.581506" level="INFO">gender</msg>
<arg>${key}</arg>
<doc>Logs the given message with the given level.</doc>
<status status="PASS" start="2024-06-04T20:15:28.581373" elapsed="0.000172"/>
</kw>
<var name="${key}">gender</var>
<status status="PASS" start="2024-06-04T20:15:28.579587" elapsed="0.002186"/>
</iter>
<iter>
<kw name="Dictionary Should Contain Key" owner="Collections">
<msg time="2024-06-04T20:15:28.582517" level="INFO">False</msg>
<arg>${json_data['results'][0]}</arg>
<arg>${key}</arg>
<doc>Fails if ``key`` is not found from ``dictionary``.</doc>
<status status="PASS" start="2024-06-04T20:15:28.582112" elapsed="0.000443"/>
</kw>
<kw name="Log" owner="BuiltIn">
<msg time="2024-06-04T20:15:28.583298" level="INFO">{'gender': 'female', 'name': {'title': 'Miss', 'first': 'Katie', 'last': 'Wright'}, 'location': {'street': {'number': 740, 'name': 'South Street'}, 'city': 'Armagh', 'state': 'Somerset', 'country': 'United Kingdom', 'postcode': 'F4P 7XP', 'coordinates': {'latitude': '-4.8870', 'longitude': '125.1356'}, 'timezone': {'offset': '-4:00', 'description': 'Atlantic Time (Canada), Caracas, La Paz'}}, 'email': 'katie.wright@example.com', 'login': {'uuid': '8f241b0c-fe3a-4ec3-8089-87f2c222d02f', 'username': 'purpleleopard548', 'password': 'latinas', 'salt': '6mQ4Xntc', 'md5': 'ae78ff6a95e1ef892b7046c8ff5fd87b', 'sha1': '07eb84e5000e8e12e5ec076ccda4242267638482', 'sha256': '21a2e1efd45c5df3f9a7dd4212aab69c06e912e3acc87271ca9ff9bc56d0143e'}, 'dob': {'date': '1999-07-04T18:21:42.522Z', 'age': 24}, 'registered': {'date': '2005-04-07T10:01:04.596Z', 'age': 19}, 'phone': '019467 59387', 'cell': '07473 524769', 'id': {'name': 'NINO', 'value': 'KC 82 83 04 I'}, 'picture': {'large': 'https://randomuser.me/api/portraits/women/74.jpg', 'medium': 'https://randomuser.me/api/portraits/med/women/74.jpg', 'thumbnail': 'https://randomuser.me/api/portraits/thumb/women/74.jpg'}, 'nat': 'GB'}</msg>
<arg>${json_data['results'][0]}</arg>
<doc>Logs the given message with the given level.</doc>
<status status="PASS" start="2024-06-04T20:15:28.582918" elapsed="0.000430"/>
</kw>
<kw name="Log" owner="BuiltIn">
<msg time="2024-06-04T20:15:28.583781" level="INFO">name</msg>
<arg>${key}</arg>
<doc>Logs the given message with the given level.</doc>
<status status="PASS" start="2024-06-04T20:15:28.583652" elapsed="0.000167"/>
</kw>
<var name="${key}">name</var>
<status status="PASS" start="2024-06-04T20:15:28.581989" elapsed="0.002097"/>
</iter>
<iter>
<kw name="Dictionary Should Contain Key" owner="Collections">
<msg time="2024-06-04T20:15:28.584802" level="INFO">False</msg>
<arg>${json_data['results'][0]}</arg>
<arg>${key}</arg>
<doc>Fails if ``key`` is not found from ``dictionary``.</doc>
<status status="PASS" start="2024-06-04T20:15:28.584403" elapsed="0.000437"/>
</kw>
<kw name="Log" owner="BuiltIn">
<msg time="2024-06-04T20:15:28.585540" level="INFO">{'gender': 'female', 'name': {'title': 'Miss', 'first': 'Katie', 'last': 'Wright'}, 'location': {'street': {'number': 740, 'name': 'South Street'}, 'city': 'Armagh', 'state': 'Somerset', 'country': 'United Kingdom', 'postcode': 'F4P 7XP', 'coordinates': {'latitude': '-4.8870', 'longitude': '125.1356'}, 'timezone': {'offset': '-4:00', 'description': 'Atlantic Time (Canada), Caracas, La Paz'}}, 'email': 'katie.wright@example.com', 'login': {'uuid': '8f241b0c-fe3a-4ec3-8089-87f2c222d02f', 'username': 'purpleleopard548', 'password': 'latinas', 'salt': '6mQ4Xntc', 'md5': 'ae78ff6a95e1ef892b7046c8ff5fd87b', 'sha1': '07eb84e5000e8e12e5ec076ccda4242267638482', 'sha256': '21a2e1efd45c5df3f9a7dd4212aab69c06e912e3acc87271ca9ff9bc56d0143e'}, 'dob': {'date': '1999-07-04T18:21:42.522Z', 'age': 24}, 'registered': {'date': '2005-04-07T10:01:04.596Z', 'age': 19}, 'phone': '019467 59387', 'cell': '07473 524769', 'id': {'name': 'NINO', 'value': 'KC 82 83 04 I'}, 'picture': {'large': 'https://randomuser.me/api/portraits/women/74.jpg', 'medium': 'https://randomuser.me/api/portraits/med/women/74.jpg', 'thumbnail': 'https://randomuser.me/api/portraits/thumb/women/74.jpg'}, 'nat': 'GB'}</msg>
<arg>${json_data['results'][0]}</arg>
<doc>Logs the given message with the given level.</doc>
<status status="PASS" start="2024-06-04T20:15:28.585161" elapsed="0.000428"/>
</kw>
<kw name="Log" owner="BuiltIn">
<msg time="2024-06-04T20:15:28.586022" level="INFO">location</msg>
<arg>${key}</arg>
<doc>Logs the given message with the given level.</doc>
<status status="PASS" start="2024-06-04T20:15:28.585893" elapsed="0.000168"/>
</kw>
<var name="${key}">location</var>
<status status="PASS" start="2024-06-04T20:15:28.584281" elapsed="0.001998"/>
</iter>
<iter>
<kw name="Dictionary Should Contain Key" owner="Collections">
<msg time="2024-06-04T20:15:28.587142" level="INFO">False</msg>
<arg>${json_data['results'][0]}</arg>
<arg>${key}</arg>
<doc>Fails if ``key`` is not found from ``dictionary``.</doc>
<status status="PASS" start="2024-06-04T20:15:28.586622" elapsed="0.000568"/>
</kw>
<kw name="Log" owner="BuiltIn">
<msg time="2024-06-04T20:15:28.588038" level="INFO">{'gender': 'female', 'name': {'title': 'Miss', 'first': 'Katie', 'last': 'Wright'}, 'location': {'street': {'number': 740, 'name': 'South Street'}, 'city': 'Armagh', 'state': 'Somerset', 'country': 'United Kingdom', 'postcode': 'F4P 7XP', 'coordinates': {'latitude': '-4.8870', 'longitude': '125.1356'}, 'timezone': {'offset': '-4:00', 'description': 'Atlantic Time (Canada), Caracas, La Paz'}}, 'email': 'katie.wright@example.com', 'login': {'uuid': '8f241b0c-fe3a-4ec3-8089-87f2c222d02f', 'username': 'purpleleopard548', 'password': 'latinas', 'salt': '6mQ4Xntc', 'md5': 'ae78ff6a95e1ef892b7046c8ff5fd87b', 'sha1': '07eb84e5000e8e12e5ec076ccda4242267638482', 'sha256': '21a2e1efd45c5df3f9a7dd4212aab69c06e912e3acc87271ca9ff9bc56d0143e'}, 'dob': {'date': '1999-07-04T18:21:42.522Z', 'age': 24}, 'registered': {'date': '2005-04-07T10:01:04.596Z', 'age': 19}, 'phone': '019467 59387', 'cell': '07473 524769', 'id': {'name': 'NINO', 'value': 'KC 82 83 04 I'}, 'picture': {'large': 'https://randomuser.me/api/portraits/women/74.jpg', 'medium': 'https://randomuser.me/api/portraits/med/women/74.jpg', 'thumbnail': 'https://randomuser.me/api/portraits/thumb/women/74.jpg'}, 'nat': 'GB'}</msg>
<arg>${json_data['results'][0]}</arg>
<doc>Logs the given message with the given level.</doc>
<status status="PASS" start="2024-06-04T20:15:28.587579" elapsed="0.000514"/>
</kw>
<kw name="Log" owner="BuiltIn">
<msg time="2024-06-04T20:15:28.588557" level="INFO">email</msg>
<arg>${key}</arg>
<doc>Logs the given message with the given level.</doc>
<status status="PASS" start="2024-06-04T20:15:28.588417" elapsed="0.000180"/>
</kw>
<var name="${key}">email</var>
<status status="PASS" start="2024-06-04T20:15:28.586502" elapsed="0.002317"/>
</iter>
<iter>
<kw name="Dictionary Should Contain Key" owner="Collections">
<msg time="2024-06-04T20:15:28.589546" level="INFO">False</msg>
<arg>${json_data['results'][0]}</arg>
<arg>${key}</arg>
<doc>Fails if ``key`` is not found from ``dictionary``.</doc>
<status status="PASS" start="2024-06-04T20:15:28.589138" elapsed="0.000447"/>
</kw>
<kw name="Log" owner="BuiltIn">
<msg time="2024-06-04T20:15:28.590257" level="INFO">{'gender': 'female', 'name': {'title': 'Miss', 'first': 'Katie', 'last': 'Wright'}, 'location': {'street': {'number': 740, 'name': 'South Street'}, 'city': 'Armagh', 'state': 'Somerset', 'country': 'United Kingdom', 'postcode': 'F4P 7XP', 'coordinates': {'latitude': '-4.8870', 'longitude': '125.1356'}, 'timezone': {'offset': '-4:00', 'description': 'Atlantic Time (Canada), Caracas, La Paz'}}, 'email': 'katie.wright@example.com', 'login': {'uuid': '8f241b0c-fe3a-4ec3-8089-87f2c222d02f', 'username': 'purpleleopard548', 'password': 'latinas', 'salt': '6mQ4Xntc', 'md5': 'ae78ff6a95e1ef892b7046c8ff5fd87b', 'sha1': '07eb84e5000e8e12e5ec076ccda4242267638482', 'sha256': '21a2e1efd45c5df3f9a7dd4212aab69c06e912e3acc87271ca9ff9bc56d0143e'}, 'dob': {'date': '1999-07-04T18:21:42.522Z', 'age': 24}, 'registered': {'date': '2005-04-07T10:01:04.596Z', 'age': 19}, 'phone': '019467 59387', 'cell': '07473 524769', 'id': {'name': 'NINO', 'value': 'KC 82 83 04 I'}, 'picture': {'large': 'https://randomuser.me/api/portraits/women/74.jpg', 'medium': 'https://randomuser.me/api/portraits/med/women/74.jpg', 'thumbnail': 'https://randomuser.me/api/portraits/thumb/women/74.jpg'}, 'nat': 'GB'}</msg>
<arg>${json_data['results'][0]}</arg>
<doc>Logs the given message with the given level.</doc>
<status status="PASS" start="2024-06-04T20:15:28.589892" elapsed="0.000423"/>
</kw>
<kw name="Log" owner="BuiltIn">
<msg time="2024-06-04T20:15:28.590746" level="INFO">login</msg>
<arg>${key}</arg>
<doc>Logs the given message with the given level.</doc>
<status status="PASS" start="2024-06-04T20:15:28.590616" elapsed="0.000203"/>
</kw>
<var name="${key}">login</var>
<status status="PASS" start="2024-06-04T20:15:28.589017" elapsed="0.002032"/>
</iter>
<var>${key}</var>
<value>@{expected_keys}</value>
<status status="PASS" start="2024-06-04T20:15:28.579377" elapsed="0.011798"/>
</for>
<kw name="Create List" owner="BuiltIn">
<msg time="2024-06-04T20:15:28.591549" level="INFO">${expected_keysTwo} = ['username', 'password']</msg>
<var>${expected_keysTwo}</var>
<arg>username</arg>
<arg>password</arg>
<doc>Returns a list containing given items.</doc>
<status status="PASS" start="2024-06-04T20:15:28.591383" elapsed="0.000192"/>
</kw>
<for flavor="IN">
<iter>
<kw name="Dictionary Should Contain Key" owner="Collections">
<msg time="2024-06-04T20:15:28.592563" level="INFO">False</msg>
<arg>${json_data['results'][0]['login']}</arg>
<arg>${keyTwo}</arg>
<doc>Fails if ``key`` is not found from ``dictionary``.</doc>
<status status="PASS" start="2024-06-04T20:15:28.592162" elapsed="0.000438"/>
</kw>
<kw name="Dictionary Should Contain Key" owner="Collections">
<msg time="2024-06-04T20:15:28.593289" level="INFO">False</msg>
<arg>${json_data['results'][0]['login']}</arg>
<arg>${keyTwo}</arg>
<doc>Fails if ``key`` is not found from ``dictionary``.</doc>
<status status="PASS" start="2024-06-04T20:15:28.592904" elapsed="0.000423"/>
</kw>
<kw name="Log" owner="BuiltIn">
<msg time="2024-06-04T20:15:28.593800" level="INFO">username</msg>
<arg>${keyTwo}</arg>
<doc>Logs the given message with the given level.</doc>
<status status="PASS" start="2024-06-04T20:15:28.593652" elapsed="0.000188"/>
</kw>
<var name="${keyTwo}">username</var>
<status status="PASS" start="2024-06-04T20:15:28.592036" elapsed="0.002036"/>
</iter>
<iter>
<kw name="Dictionary Should Contain Key" owner="Collections">
<msg time="2024-06-04T20:15:28.594868" level="INFO">False</msg>
<arg>${json_data['results'][0]['login']}</arg>
<arg>${keyTwo}</arg>
<doc>Fails if ``key`` is not found from ``dictionary``.</doc>
<status status="PASS" start="2024-06-04T20:15:28.594376" elapsed="0.000534"/>
</kw>
<kw name="Dictionary Should Contain Key" owner="Collections">
<msg time="2024-06-04T20:15:28.595615" level="INFO">False</msg>
<arg>${json_data['results'][0]['login']}</arg>
<arg>${keyTwo}</arg>
<doc>Fails if ``key`` is not found from ``dictionary``.</doc>
<status status="PASS" start="2024-06-04T20:15:28.595225" elapsed="0.000428"/>
</kw>
<kw name="Log" owner="BuiltIn">
<msg time="2024-06-04T20:15:28.596239" level="INFO">password</msg>
<arg>${keyTwo}</arg>
<doc>Logs the given message with the given level.</doc>
<status status="PASS" start="2024-06-04T20:15:28.596041" elapsed="0.000241"/>
</kw>
<var name="${keyTwo}">password</var>
<status status="PASS" start="2024-06-04T20:15:28.594262" elapsed="0.002247"/>
</iter>
<var>${keyTwo}</var>
<value>@{expected_keysTwo}</value>
<status status="PASS" start="2024-06-04T20:15:28.591828" elapsed="0.004803"/>
</for>
<status status="PASS" start="2024-06-04T20:15:28.482522" elapsed="0.114255"/>
</kw>
<doc>Testa a estrutura da resposta da API.</doc>
<tag>testeEstruturaResposta</tag>
<status status="PASS" start="2024-06-04T20:15:28.481882" elapsed="0.115059"/>
</test>
<test id="s1-s1-t4" name="Validar tipos de dados" line="28">
<kw name="Teste de Tipos de Dados" owner="random-user-service">
<kw name="GET On Session" owner="RequestsLibrary">
<msg time="2024-06-04T20:15:28.881664" level="INFO">GET Request : url=https://randomuser.me/api 
 path_url=/api 
 headers={'User-Agent': 'python-requests/2.32.3', 'Accept-Encoding': 'gzip, deflate', 'Accept': '*/*', 'Connection': 'keep-alive'} 
 body=None 
 </msg>
<msg time="2024-06-04T20:15:28.881776" level="INFO">GET Response : url=https://randomuser.me/api 
 status=200, reason=OK 
 headers={'Date': 'Tue, 04 Jun 2024 20:15:28 GMT', 'Content-Type': 'application/json; charset=utf-8', 'Transfer-Encoding': 'chunked', 'Connection': 'keep-alive', 'X-Powered-By': 'Express', 'Access-Control-Allow-Origin': '*', 'Cache-Control': 'no-cache', 'ETag': 'W/"48a-zafXy9QEhLLPv5jk83JBWNz2PSQ"', 'Vary': 'Accept-Encoding', 'Content-Encoding': 'gzip', 'CF-Cache-Status': 'DYNAMIC', 'Report-To': '{"endpoints":[{"url":"https:\\/\\/a.nel.cloudflare.com\\/report\\/v4?s=MZcmqptOaxjLbOGpPUIkxu3ah22%2By6h4LRMyKEZR%2FkNAk1moEIpqoWtZ3d1d4LBFcdNytk0%2BS955wYf3K18gwfVNnH2PPlS1JkYcxgI74tcBLDceMG1EAyQLKZVDFuoi"}],"group":"cf-nel","max_age":604800}', 'NEL': '{"success_fraction":0,"report_to":"cf-nel","max_age":604800}', 'Server': 'cloudflare', 'CF-RAY': '88ea985bcf775c1c-SJC', 'alt-svc': 'h3=":443"; ma=86400'} 
 body={"results":[{"gender":"female","name":{"title":"Miss","first":"Alma","last":"Johansen"},"location":{"street":{"number":2815,"name":"Herningvej"},"city":"Hirtsals","state":"Syddanmark","country":"Denmark","postcode":91462,"coordinates":{"latitude":"-44.0998","longitude":"94.1818"},"timezone":{"offset":"-3:00","description":"Brazil, Buenos Aires, Georgetown"}},"email":"alma.johansen@example.com","login":{"uuid":"0425444f-e4db-4ca2-9e32-ab589b6a9cb6","username":"blackmouse770","password":"button","salt":"q3TXOlt6","md5":"f03a11b20998391f7995d61e957f78ed","sha1":"4f623a1feac4743ffc41fddd22432117916b3aa4","sha256":"8ffb7ad4fcfcb27fd9ca4a4a7e7050b006b186f3e9fa55570a52c5e0be4200a3"},"dob":{"date":"1964-06-13T11:55:16.434Z","age":59},"registered":{"date":"2013-01-25T05:43:54.129Z","age":11},"phone":"73667733","cell":"96511596","id":{"name":"CPR","value":"130664-5098"},"picture":{"large":"https://randomuser.me/api/portraits/women/56.jpg","medium":"https://randomuser.me/api/portraits/med/women/56.jpg","thumbnail":"https://randomuser.me/api/portraits/thumb/women/56.jpg"},"nat":"DK"}],"info":{"seed":"d3e31fb2fcab82bd","results":1,"page":1,"version":"1.4"}} 
 </msg>
<msg time="2024-06-04T20:15:28.881862" level="INFO">/opt/hostedtoolcache/Python/3.12.3/x64/lib/python3.12/site-packages/urllib3/connectionpool.py:1103: InsecureRequestWarning: Unverified HTTPS request is being made to host 'randomuser.me'. Adding certificate verification is strongly advised. See: https://urllib3.readthedocs.io/en/latest/advanced-usage.html#tls-warnings
  warnings.warn(</msg>
<msg time="2024-06-04T20:15:28.881990" level="INFO">${response} = &lt;Response [200]&gt;</msg>
<var>${response}</var>
<arg>consultarAPI</arg>
<arg>/api</arg>
<doc>Sends a GET request on a previously created HTTP Session.</doc>
<status status="PASS" start="2024-06-04T20:15:28.599548" elapsed="0.282471"/>
</kw>
<kw name="Set Variable" owner="BuiltIn">
<msg time="2024-06-04T20:15:28.883216" level="INFO">${json_data} = {'results': [{'gender': 'female', 'name': {'title': 'Miss', 'first': 'Alma', 'last': 'Johansen'}, 'location': {'street': {'number': 2815, 'name': 'Herningvej'}, 'city': 'Hirtsals', 'state': 'Syddanmar...</msg>
<var>${json_data}</var>
<arg>${response.json()}</arg>
<doc>Returns the given values which can then be assigned to a variables.</doc>
<status status="PASS" start="2024-06-04T20:15:28.882638" elapsed="0.000610"/>
</kw>
<kw name="Log" owner="BuiltIn">
<msg time="2024-06-04T20:15:28.883829" level="INFO">{'results': [{'gender': 'female', 'name': {'title': 'Miss', 'first': 'Alma', 'last': 'Johansen'}, 'location': {'street': {'number': 2815, 'name': 'Herningvej'}, 'city': 'Hirtsals', 'state': 'Syddanmark', 'country': 'Denmark', 'postcode': 91462, 'coordinates': {'latitude': '-44.0998', 'longitude': '94.1818'}, 'timezone': {'offset': '-3:00', 'description': 'Brazil, Buenos Aires, Georgetown'}}, 'email': 'alma.johansen@example.com', 'login': {'uuid': '0425444f-e4db-4ca2-9e32-ab589b6a9cb6', 'username': 'blackmouse770', 'password': 'button', 'salt': 'q3TXOlt6', 'md5': 'f03a11b20998391f7995d61e957f78ed', 'sha1': '4f623a1feac4743ffc41fddd22432117916b3aa4', 'sha256': '8ffb7ad4fcfcb27fd9ca4a4a7e7050b006b186f3e9fa55570a52c5e0be4200a3'}, 'dob': {'date': '1964-06-13T11:55:16.434Z', 'age': 59}, 'registered': {'date': '2013-01-25T05:43:54.129Z', 'age': 11}, 'phone': '73667733', 'cell': '96511596', 'id': {'name': 'CPR', 'value': '130664-5098'}, 'picture': {'large': 'https://randomuser.me/api/portraits/women/56.jpg', 'medium': 'https://randomuser.me/api/portraits/med/women/56.jpg', 'thumbnail': 'https://randomuser.me/api/portraits/thumb/women/56.jpg'}, 'nat': 'DK'}], 'info': {'seed': 'd3e31fb2fcab82bd', 'results': 1, 'page': 1, 'version': '1.4'}}</msg>
<arg>${json_data}</arg>
<doc>Logs the given message with the given level.</doc>
<status status="PASS" start="2024-06-04T20:15:28.883642" elapsed="0.000279"/>
</kw>
<kw name="Should Be String" owner="String">
<arg>${json_data['results'][0]['gender']}</arg>
<doc>Fails if the given ``item`` is not a string.</doc>
<status status="PASS" start="2024-06-04T20:15:28.884331" elapsed="0.000408"/>
</kw>
<kw name="Should Match Regexp" owner="BuiltIn">
<arg>${json_data['results'][0]['email']}</arg>
<arg>^[a-zA-Z0-9._%+-]+@[a-zA-Z0-9.-]+\.[a-zA-Z]{2,}$</arg>
<doc>Fails if ``string`` does not match ``pattern`` as a regular expression.</doc>
<status status="PASS" start="2024-06-04T20:15:28.884955" elapsed="0.000713"/>
</kw>
<kw name="Should Match Regexp" owner="BuiltIn">
<arg>${json_data['results'][0]['dob']['date']}</arg>
<arg>\\d{4}-\\d{2}-\\d{2}T\\d{2}:\\d{2}:\\d{2}\\.\\d{3}Z</arg>
<doc>Fails if ``string`` does not match ``pattern`` as a regular expression.</doc>
<status status="PASS" start="2024-06-04T20:15:28.885882" elapsed="0.000509"/>
</kw>
<kw name="Should Match Regexp" owner="BuiltIn">
<arg>${json_data['results'][0]['registered']['date']}</arg>
<arg>\\d{4}-\\d{2}-\\d{2}T\\d{2}:\\d{2}:\\d{2}\\.\\d{3}Z</arg>
<doc>Fails if ``string`` does not match ``pattern`` as a regular expression.</doc>
<status status="PASS" start="2024-06-04T20:15:28.886591" elapsed="0.000376"/>
</kw>
<kw name="Should Match Regexp" owner="BuiltIn">
<arg>${json_data['results'][0]['picture']['large']}</arg>
<arg>^https?://.*\.(?:png|jpe?g|gif|bmp)$</arg>
<doc>Fails if ``string`` does not match ``pattern`` as a regular expression.</doc>
<status status="PASS" start="2024-06-04T20:15:28.887161" elapsed="0.000474"/>
</kw>
<kw name="Should Match Regexp" owner="BuiltIn">
<arg>${json_data['results'][0]['picture']['medium']}</arg>
<arg>^https?://.*\.(?:png|jpe?g|gif|bmp)$</arg>
<doc>Fails if ``string`` does not match ``pattern`` as a regular expression.</doc>
<status status="PASS" start="2024-06-04T20:15:28.887834" elapsed="0.000393"/>
</kw>
<kw name="Should Match Regexp" owner="BuiltIn">
<arg>${json_data['results'][0]['picture']['thumbnail']}</arg>
<arg>^https?://.*\.(?:png|jpe?g|gif|bmp)$</arg>
<doc>Fails if ``string`` does not match ``pattern`` as a regular expression.</doc>
<status status="PASS" start="2024-06-04T20:15:28.888422" elapsed="0.000356"/>
</kw>
<kw name="Log" owner="BuiltIn">
<msg time="2024-06-04T20:15:28.889303" level="INFO">{'large': 'https://randomuser.me/api/portraits/women/56.jpg', 'medium': 'https://randomuser.me/api/portraits/med/women/56.jpg', 'thumbnail': 'https://randomuser.me/api/portraits/thumb/women/56.jpg'}</msg>
<arg>${json_data['results'][0]['picture']}</arg>
<doc>Logs the given message with the given level.</doc>
<status status="PASS" start="2024-06-04T20:15:28.888967" elapsed="0.000379"/>
</kw>
<status status="PASS" start="2024-06-04T20:15:28.599306" elapsed="0.290318"/>
</kw>
<kw name="Teste de Tipos de Dados - Postcode" owner="random-user-service">
<kw name="GET On Session" owner="RequestsLibrary">
<msg time="2024-06-04T20:15:28.980364" level="INFO">GET Request : url=https://randomuser.me/api 
 path_url=/api 
 headers={'User-Agent': 'python-requests/2.32.3', 'Accept-Encoding': 'gzip, deflate', 'Accept': '*/*', 'Connection': 'keep-alive'} 
 body=None 
 </msg>
<msg time="2024-06-04T20:15:28.980478" level="INFO">GET Response : url=https://randomuser.me/api 
 status=200, reason=OK 
 headers={'Date': 'Tue, 04 Jun 2024 20:15:28 GMT', 'Content-Type': 'application/json; charset=utf-8', 'Transfer-Encoding': 'chunked', 'Connection': 'keep-alive', 'X-Powered-By': 'Express', 'Access-Control-Allow-Origin': '*', 'Cache-Control': 'no-cache', 'ETag': 'W/"46e-imBXO7VsElYbSgu++2CXIeQF0Bo"', 'Vary': 'Accept-Encoding', 'Content-Encoding': 'gzip', 'CF-Cache-Status': 'DYNAMIC', 'Report-To': '{"endpoints":[{"url":"https:\\/\\/a.nel.cloudflare.com\\/report\\/v4?s=YBYp5MGlfwrj6SJm6eamVv9ZuUJC1MS1V7xilzUvnQwFaiPFCf2kXtK36pU2sHp2Hjko%2FfihjsHFcxKi4Ybwipp%2B%2BwTntZYgg1sj%2BkIz60O2I5QQD4I3fglirv0F0MrM"}],"group":"cf-nel","max_age":604800}', 'NEL': '{"success_fraction":0,"report_to":"cf-nel","max_age":604800}', 'Server': 'cloudflare', 'CF-RAY': '88ea985d99085c1c-SJC', 'alt-svc': 'h3=":443"; ma=86400'} 
 body={"results":[{"gender":"female","name":{"title":"Mrs","first":"Aglaya","last":"Rafalskiy"},"location":{"street":{"number":1366,"name":"Marganecka"},"city":"Mironivka","state":"Sumska","country":"Ukraine","postcode":96784,"coordinates":{"latitude":"77.5212","longitude":"27.5102"},"timezone":{"offset":"+3:30","description":"Tehran"}},"email":"aglaya.rafalskiy@example.com","login":{"uuid":"0ba9288b-f13f-45a7-ab8c-b3fdf50582f9","username":"smallpanda274","password":"lkjh","salt":"go7vQEAS","md5":"b70f92694a74d4d0fb34e8ec50c51ca4","sha1":"da45f9b8db3b54e3a72f356e0a76dff8525b5205","sha256":"9d265d3beb6e34193420f6bc9707c5ba21296f291532b439a225aaf6c7611c47"},"dob":{"date":"2000-01-04T05:33:27.241Z","age":24},"registered":{"date":"2019-08-11T16:49:29.936Z","age":4},"phone":"(068) B35-1958","cell":"(098) N75-8592","id":{"name":"","value":null},"picture":{"large":"https://randomuser.me/api/portraits/women/94.jpg","medium":"https://randomuser.me/api/portraits/med/women/94.jpg","thumbnail":"https://randomuser.me/api/portraits/thumb/women/94.jpg"},"nat":"UA"}],"info":{"seed":"2a6db7dfa520d345","results":1,"page":1,"version":"1.4"}} 
 </msg>
<msg time="2024-06-04T20:15:28.980566" level="INFO">/opt/hostedtoolcache/Python/3.12.3/x64/lib/python3.12/site-packages/urllib3/connectionpool.py:1103: InsecureRequestWarning: Unverified HTTPS request is being made to host 'randomuser.me'. Adding certificate verification is strongly advised. See: https://urllib3.readthedocs.io/en/latest/advanced-usage.html#tls-warnings
  warnings.warn(</msg>
<msg time="2024-06-04T20:15:28.980844" level="INFO">${response} = &lt;Response [200]&gt;</msg>
<var>${response}</var>
<arg>consultarAPI</arg>
<arg>/api</arg>
<doc>Sends a GET request on a previously created HTTP Session.</doc>
<status status="PASS" start="2024-06-04T20:15:28.890103" elapsed="0.090783"/>
</kw>
<kw name="Set Variable" owner="BuiltIn">
<msg time="2024-06-04T20:15:28.981954" level="INFO">${json_data} = {'results': [{'gender': 'female', 'name': {'title': 'Mrs', 'first': 'Aglaya', 'last': 'Rafalskiy'}, 'location': {'street': {'number': 1366, 'name': 'Marganecka'}, 'city': 'Mironivka', 'state': 'Sumska...</msg>
<var>${json_data}</var>
<arg>${response.json()}</arg>
<doc>Returns the given values which can then be assigned to a variables.</doc>
<status status="PASS" start="2024-06-04T20:15:28.981410" elapsed="0.000574"/>
</kw>
<kw name="Log" owner="BuiltIn">
<msg time="2024-06-04T20:15:28.982455" level="INFO">{'results': [{'gender': 'female', 'name': {'title': 'Mrs', 'first': 'Aglaya', 'last': 'Rafalskiy'}, 'location': {'street': {'number': 1366, 'name': 'Marganecka'}, 'city': 'Mironivka', 'state': 'Sumska', 'country': 'Ukraine', 'postcode': 96784, 'coordinates': {'latitude': '77.5212', 'longitude': '27.5102'}, 'timezone': {'offset': '+3:30', 'description': 'Tehran'}}, 'email': 'aglaya.rafalskiy@example.com', 'login': {'uuid': '0ba9288b-f13f-45a7-ab8c-b3fdf50582f9', 'username': 'smallpanda274', 'password': 'lkjh', 'salt': 'go7vQEAS', 'md5': 'b70f92694a74d4d0fb34e8ec50c51ca4', 'sha1': 'da45f9b8db3b54e3a72f356e0a76dff8525b5205', 'sha256': '9d265d3beb6e34193420f6bc9707c5ba21296f291532b439a225aaf6c7611c47'}, 'dob': {'date': '2000-01-04T05:33:27.241Z', 'age': 24}, 'registered': {'date': '2019-08-11T16:49:29.936Z', 'age': 4}, 'phone': '(068) B35-1958', 'cell': '(098) N75-8592', 'id': {'name': '', 'value': None}, 'picture': {'large': 'https://randomuser.me/api/portraits/women/94.jpg', 'medium': 'https://randomuser.me/api/portraits/med/women/94.jpg', 'thumbnail': 'https://randomuser.me/api/portraits/thumb/women/94.jpg'}, 'nat': 'UA'}], 'info': {'seed': '2a6db7dfa520d345', 'results': 1, 'page': 1, 'version': '1.4'}}</msg>
<arg>${json_data}</arg>
<doc>Logs the given message with the given level.</doc>
<status status="PASS" start="2024-06-04T20:15:28.982297" elapsed="0.000245"/>
</kw>
<kw name="Should Be Equal As Numbers" owner="BuiltIn">
<arg>${json_data['results'][0]['location']['postcode']}</arg>
<arg>${json_data['results'][0]['location']['postcode']}</arg>
<doc>Fails if objects are unequal after converting them to real numbers.</doc>
<status status="PASS" start="2024-06-04T20:15:28.982851" elapsed="0.000674"/>
</kw>
<kw name="Log" owner="BuiltIn">
<msg time="2024-06-04T20:15:28.984135" level="INFO">96784</msg>
<arg>${json_data['results'][0]['location']['postcode']}</arg>
<doc>Logs the given message with the given level.</doc>
<status status="PASS" start="2024-06-04T20:15:28.983739" elapsed="0.000440"/>
</kw>
<status status="PASS" start="2024-06-04T20:15:28.889858" elapsed="0.094587"/>
</kw>
<doc>Testa se os tipos de dados na resposta da API estão corretos.</doc>
<tag>testeTiposDados</tag>
<status status="PASS" start="2024-06-04T20:15:28.598735" elapsed="0.385890"/>
</test>
<test id="s1-s1-t5" name="Validar conteudo" line="35">
<kw name="Teste de Tipos de Conteudo" owner="random-user-service">
<kw name="GET On Session" owner="RequestsLibrary">
<msg time="2024-06-04T20:15:29.390982" level="INFO">GET Request : url=https://randomuser.me/api 
 path_url=/api 
 headers={'User-Agent': 'python-requests/2.32.3', 'Accept-Encoding': 'gzip, deflate', 'Accept': '*/*', 'Connection': 'keep-alive'} 
 body=None 
 </msg>
<msg time="2024-06-04T20:15:29.391086" level="INFO">GET Response : url=https://randomuser.me/api 
 status=200, reason=OK 
 headers={'Date': 'Tue, 04 Jun 2024 20:15:29 GMT', 'Content-Type': 'application/json; charset=utf-8', 'Transfer-Encoding': 'chunked', 'Connection': 'keep-alive', 'X-Powered-By': 'Express', 'Access-Control-Allow-Origin': '*', 'Cache-Control': 'no-cache', 'ETag': 'W/"4a5-4AvTkNPLCJs8wglnQnrWprmvSok"', 'Vary': 'Accept-Encoding', 'Content-Encoding': 'gzip', 'CF-Cache-Status': 'DYNAMIC', 'Report-To': '{"endpoints":[{"url":"https:\\/\\/a.nel.cloudflare.com\\/report\\/v4?s=k%2FQlu3Nw%2FOnIDK2td7JKeWMf3sg8dwTLz6KWvA0H9XvDCxXXrlfoapA29FxhPcmap%2FKPiKFucU9lm6uL2n3%2BOfCefA4QCqfRtirm1so2lOJ%2BDnDx7jPtOydroUhRZwSC"}],"group":"cf-nel","max_age":604800}', 'NEL': '{"success_fraction":0,"report_to":"cf-nel","max_age":604800}', 'Server': 'cloudflare', 'CF-RAY': '88ea985e39835c1c-SJC', 'alt-svc': 'h3=":443"; ma=86400'} 
 body={"results":[{"gender":"male","name":{"title":"Mr","first":"Eduardo","last":"Alcaraz"},"location":{"street":{"number":2001,"name":"Diagonal República Centroafricana"},"city":"Col. Agricola Independencia","state":"Guanajuato","country":"Mexico","postcode":51679,"coordinates":{"latitude":"22.7661","longitude":"-120.9478"},"timezone":{"offset":"+3:30","description":"Tehran"}},"email":"eduardo.alcaraz@example.com","login":{"uuid":"30939257-1ef5-4f5d-a3d7-99c528208a42","username":"ticklishkoala630","password":"cola","salt":"e47v7vZ6","md5":"3390637cf67e8bd30a45aa121c5756c3","sha1":"7dda994cd19a1de9d4ea510862ec7265a1b46687","sha256":"a514b6515ec5f715adbb85c7fb7825b6ee390d5b7eb8daa159f59bf5af9d68a6"},"dob":{"date":"1976-09-25T12:18:33.276Z","age":47},"registered":{"date":"2017-12-25T23:04:59.365Z","age":6},"phone":"(615) 105 6312","cell":"(620) 057 8615","id":{"name":"NSS","value":"01 93 48 7955 4"},"picture":{"large":"https://randomuser.me/api/portraits/men/33.jpg","medium":"https://randomuser.me/api/portraits/med/men/33.jpg","thumbnail":"https://randomuser.me/api/portraits/thumb/men/33.jpg"},"nat":"MX"}],"info":{"seed":"c9e6564dbed5a38b","results":1,"page":1,"version":"1.4"}} 
 </msg>
<msg time="2024-06-04T20:15:29.391161" level="INFO">/opt/hostedtoolcache/Python/3.12.3/x64/lib/python3.12/site-packages/urllib3/connectionpool.py:1103: InsecureRequestWarning: Unverified HTTPS request is being made to host 'randomuser.me'. Adding certificate verification is strongly advised. See: https://urllib3.readthedocs.io/en/latest/advanced-usage.html#tls-warnings
  warnings.warn(</msg>
<msg time="2024-06-04T20:15:29.391292" level="INFO">${response} = &lt;Response [200]&gt;</msg>
<var>${response}</var>
<arg>consultarAPI</arg>
<arg>/api</arg>
<doc>Sends a GET request on a previously created HTTP Session.</doc>
<status status="PASS" start="2024-06-04T20:15:28.987411" elapsed="0.403909"/>
</kw>
<kw name="Set Variable" owner="BuiltIn">
<msg time="2024-06-04T20:15:29.392456" level="INFO">${json_data} = {'results': [{'gender': 'male', 'name': {'title': 'Mr', 'first': 'Eduardo', 'last': 'Alcaraz'}, 'location': {'street': {'number': 2001, 'name': 'Diagonal República Centroafricana'}, 'city': 'Col. Agri...</msg>
<var>${json_data}</var>
<arg>${response.json()}</arg>
<doc>Returns the given values which can then be assigned to a variables.</doc>
<status status="PASS" start="2024-06-04T20:15:29.391891" elapsed="0.000595"/>
</kw>
<kw name="Set Variable" owner="BuiltIn">
<msg time="2024-06-04T20:15:29.393204" level="INFO">${name_title} = Mr</msg>
<var>${name_title}</var>
<arg>${json_data["results"][0]["name"]["title"]}</arg>
<doc>Returns the given values which can then be assigned to a variables.</doc>
<status status="PASS" start="2024-06-04T20:15:29.392805" elapsed="0.000425"/>
</kw>
<kw name="Create List" owner="BuiltIn">
<msg time="2024-06-04T20:15:29.393684" level="INFO">${allowed_titles} = ['Mr', 'Ms', 'Miss', 'Mrs', 'Madame', 'Monsieur']</msg>
<var>${allowed_titles}</var>
<arg>Mr</arg>
<arg>Ms</arg>
<arg>Miss</arg>
<arg>Mrs</arg>
<arg>Madame</arg>
<arg>Monsieur</arg>
<doc>Returns a list containing given items.</doc>
<status status="PASS" start="2024-06-04T20:15:29.393535" elapsed="0.000173"/>
</kw>
<kw name="List Should Contain Value" owner="Collections">
<msg time="2024-06-04T20:15:29.394194" level="INFO">False</msg>
<arg>${allowed_titles}</arg>
<arg>${name_title}</arg>
<doc>Fails if the ``value`` is not found from ``list``.</doc>
<status status="PASS" start="2024-06-04T20:15:29.394017" elapsed="0.000215"/>
</kw>
<kw name="Set Variable" owner="BuiltIn">
<msg time="2024-06-04T20:15:29.395112" level="INFO">${name_country} = MX</msg>
<var>${name_country}</var>
<arg>${json_data["results"][0]["nat"]}</arg>
<doc>Returns the given values which can then be assigned to a variables.</doc>
<status status="PASS" start="2024-06-04T20:15:29.394535" elapsed="0.000603"/>
</kw>
<kw name="Create List" owner="BuiltIn">
<msg time="2024-06-04T20:15:29.396118" level="INFO">${list_country} = ['AD', 'AE', 'AF', 'AG', 'AI', 'AL', 'AM', 'AO', 'AQ', 'AR', 'AS', 'AT', 'AU', 'AW', 'AX', 'AZ', 'BA', 'BB', 'BD', 'BE', 'BF', 'BG', 'BH', 'BI', 'BJ', 'BL', 'BM', 'BN', 'BO', 'BQ', 'BR', 'BS', 'BT', '...</msg>
<var>${list_country}</var>
<arg>AD</arg>
<arg>AE</arg>
<arg>AF</arg>
<arg>AG</arg>
<arg>AI</arg>
<arg>AL</arg>
<arg>AM</arg>
<arg>AO</arg>
<arg>AQ</arg>
<arg>AR</arg>
<arg>AS</arg>
<arg>AT</arg>
<arg>AU</arg>
<arg>AW</arg>
<arg>AX</arg>
<arg>AZ</arg>
<arg>BA</arg>
<arg>BB</arg>
<arg>BD</arg>
<arg>BE</arg>
<arg>BF</arg>
<arg>BG</arg>
<arg>BH</arg>
<arg>BI</arg>
<arg>BJ</arg>
<arg>BL</arg>
<arg>BM</arg>
<arg>BN</arg>
<arg>BO</arg>
<arg>BQ</arg>
<arg>BR</arg>
<arg>BS</arg>
<arg>BT</arg>
<arg>BV</arg>
<arg>BW</arg>
<arg>BY</arg>
<arg>BZ</arg>
<arg>CA</arg>
<arg>CC</arg>
<arg>CD</arg>
<arg>CF</arg>
<arg>CG</arg>
<arg>CH</arg>
<arg>CI</arg>
<arg>CK</arg>
<arg>CL</arg>
<arg>CM</arg>
<arg>CN</arg>
<arg>CO</arg>
<arg>CR</arg>
<arg>CU</arg>
<arg>CV</arg>
<arg>CW</arg>
<arg>CX</arg>
<arg>CY</arg>
<arg>CZ</arg>
<arg>DE</arg>
<arg>DJ</arg>
<arg>DK</arg>
<arg>DM</arg>
<arg>DO</arg>
<arg>DZ</arg>
<arg>EC</arg>
<arg>EE</arg>
<arg>EG</arg>
<arg>EH</arg>
<arg>ER</arg>
<arg>ES</arg>
<arg>ET</arg>
<arg>FI</arg>
<arg>FJ</arg>
<arg>FK</arg>
<arg>FM</arg>
<arg>FO</arg>
<arg>FR</arg>
<arg>GA</arg>
<arg>GB</arg>
<arg>GD</arg>
<arg>GE</arg>
<arg>GF</arg>
<arg>GG</arg>
<arg>GH</arg>
<arg>GI</arg>
<arg>GL</arg>
<arg>GM</arg>
<arg>GN</arg>
<arg>GP</arg>
<arg>GQ</arg>
<arg>GR</arg>
<arg>GS</arg>
<arg>GT</arg>
<arg>GU</arg>
<arg>GW</arg>
<arg>GY</arg>
<arg>HK</arg>
<arg>HM</arg>
<arg>HN</arg>
<arg>HR</arg>
<arg>HT</arg>
<arg>HU</arg>
<arg>ID</arg>
<arg>IE</arg>
<arg>IL</arg>
<arg>IM</arg>
<arg>IN</arg>
<arg>IO</arg>
<arg>IQ</arg>
<arg>IR</arg>
<arg>IS</arg>
<arg>IT</arg>
<arg>JE</arg>
<arg>JM</arg>
<arg>JO</arg>
<arg>JP</arg>
<arg>KE</arg>
<arg>KG</arg>
<arg>KH</arg>
<arg>KI</arg>
<arg>KM</arg>
<arg>KN</arg>
<arg>KP</arg>
<arg>KR</arg>
<arg>KW</arg>
<arg>KY</arg>
<arg>KZ</arg>
<arg>LA</arg>
<arg>LB</arg>
<arg>LC</arg>
<arg>LI</arg>
<arg>LK</arg>
<arg>LR</arg>
<arg>LS</arg>
<arg>LT</arg>
<arg>LU</arg>
<arg>LV</arg>
<arg>LY</arg>
<arg>MA</arg>
<arg>MC</arg>
<arg>MD</arg>
<arg>ME</arg>
<arg>MF</arg>
<arg>MG</arg>
<arg>MH</arg>
<arg>MK</arg>
<arg>ML</arg>
<arg>MM</arg>
<arg>MN</arg>
<arg>MO</arg>
<arg>MP</arg>
<arg>MQ</arg>
<arg>MR</arg>
<arg>MS</arg>
<arg>MT</arg>
<arg>MU</arg>
<arg>MV</arg>
<arg>MW</arg>
<arg>MX</arg>
<arg>MY</arg>
<arg>MZ</arg>
<arg>NA</arg>
<arg>NC</arg>
<arg>NE</arg>
<arg>NF</arg>
<arg>NG</arg>
<arg>NI</arg>
<arg>NL</arg>
<arg>NO</arg>
<arg>NP</arg>
<arg>NR</arg>
<arg>NU</arg>
<arg>NZ</arg>
<arg>OM</arg>
<arg>PA</arg>
<arg>PE</arg>
<arg>PF</arg>
<arg>PG</arg>
<arg>PH</arg>
<arg>PK</arg>
<arg>PL</arg>
<arg>PM</arg>
<arg>PN</arg>
<arg>PR</arg>
<arg>PS</arg>
<arg>PT</arg>
<arg>PW</arg>
<arg>PY</arg>
<arg>QA</arg>
<arg>RE</arg>
<arg>RO</arg>
<arg>RS</arg>
<arg>RU</arg>
<arg>RW</arg>
<arg>SA</arg>
<arg>SB</arg>
<arg>SC</arg>
<arg>SD</arg>
<arg>SE</arg>
<arg>SG</arg>
<arg>SH</arg>
<arg>SI</arg>
<arg>SJ</arg>
<arg>SK</arg>
<arg>SL</arg>
<arg>SM</arg>
<arg>SN</arg>
<arg>SO</arg>
<arg>SR</arg>
<arg>SS</arg>
<arg>ST</arg>
<arg>SV</arg>
<arg>SX</arg>
<arg>SY</arg>
<arg>SZ</arg>
<arg>TC</arg>
<arg>TD</arg>
<arg>TF</arg>
<arg>TG</arg>
<arg>TH</arg>
<arg>TJ</arg>
<arg>TK</arg>
<arg>TL</arg>
<arg>TM</arg>
<arg>TN</arg>
<arg>TO</arg>
<arg>TR</arg>
<arg>TT</arg>
<arg>TV</arg>
<arg>TW</arg>
<arg>TZ</arg>
<arg>UA</arg>
<arg>UG</arg>
<arg>UM</arg>
<arg>US</arg>
<arg>UY</arg>
<arg>UZ</arg>
<arg>VA</arg>
<arg>VC</arg>
<arg>VE</arg>
<arg>VG</arg>
<arg>VI</arg>
<arg>VN</arg>
<arg>VU</arg>
<arg>WF</arg>
<arg>WS</arg>
<arg>XK</arg>
<arg>YE</arg>
<arg>YT</arg>
<arg>ZA</arg>
<arg>ZM</arg>
<arg>ZW</arg>
<doc>Returns a list containing given items.</doc>
<status status="PASS" start="2024-06-04T20:15:29.395461" elapsed="0.000685"/>
</kw>
<kw name="List Should Contain Value" owner="Collections">
<msg time="2024-06-04T20:15:29.397161" level="INFO">False</msg>
<arg>${list_country}</arg>
<arg>${name_country}</arg>
<doc>Fails if the ``value`` is not found from ``list``.</doc>
<status status="PASS" start="2024-06-04T20:15:29.396954" elapsed="0.000244"/>
</kw>
<kw name="Run Keyword If" owner="BuiltIn">
<kw name="Should Be True" owner="BuiltIn">
<arg>${True}</arg>
<doc>Fails if the given condition is not true.</doc>
<status status="PASS" start="2024-06-04T20:15:29.398273" elapsed="0.000144"/>
</kw>
<arg>${json_data["results"][0]["location"]["coordinates"]["latitude"]} &gt;= -90 and ${json_data["results"][0]["location"]["coordinates"]["latitude"]} &lt;= 90</arg>
<arg>Should Be True</arg>
<arg>${True}</arg>
<doc>Runs the given keyword with the given arguments, if ``condition`` is true.</doc>
<status status="PASS" start="2024-06-04T20:15:29.397523" elapsed="0.001021"/>
</kw>
<kw name="Run Keyword If" owner="BuiltIn">
<kw name="Should Be True" owner="BuiltIn">
<arg>${True}</arg>
<doc>Fails if the given condition is not true.</doc>
<status status="PASS" start="2024-06-04T20:15:29.399438" elapsed="0.000139"/>
</kw>
<arg>${json_data["results"][0]["location"]["coordinates"]["longitude"]} &gt;= -180 and ${json_data["results"][0]["location"]["coordinates"]["longitude"]} &lt;= 180</arg>
<arg>Should Be True</arg>
<arg>${True}</arg>
<doc>Runs the given keyword with the given arguments, if ``condition`` is true.</doc>
<status status="PASS" start="2024-06-04T20:15:29.398737" elapsed="0.000964"/>
</kw>
<status status="PASS" start="2024-06-04T20:15:28.987157" elapsed="0.412678"/>
</kw>
<doc>Testa o conteúdo específico dos campos retornados pela API.</doc>
<tag>testeConteudo</tag>
<status status="PASS" start="2024-06-04T20:15:28.986621" elapsed="0.413416"/>
</test>
<status status="PASS" start="2024-06-04T20:15:27.990807" elapsed="1.411237"/>
</suite>
<status status="PASS" start="2024-06-04T20:15:27.976461" elapsed="1.430864"/>
</suite>
<statistics>
<total>
<stat pass="5" fail="0" skip="0">All Tests</stat>
</total>
<tag>
<stat pass="1" fail="0" skip="0">testeConteudo</stat>
<stat pass="1" fail="0" skip="0">testeEstruturaResposta</stat>
<stat pass="1" fail="0" skip="0">testeRequisicaoBasica</stat>
<stat pass="1" fail="0" skip="0">testeTiposDados</stat>
</tag>
<suite>
<stat pass="5" fail="0" skip="0" id="s1" name="Tests">Tests</stat>
<stat pass="5" fail="0" skip="0" id="s1-s1" name="Random-User-Test">Tests.Random-User-Test</stat>
</suite>
</statistics>
<errors>
</errors>
</robot>
