<?xml version="1.0" encoding="UTF-8"?>
<robot generator="Robot 7.0.1 (Python 3.12.4 on linux)" generated="2024-06-22T20:14:01.850561" rpa="false" schemaversion="5">
<suite id="s1" name="Tests" source="/home/runner/work/ApiRandomUser/ApiRandomUser/RamdonUser/tests">
<suite id="s1-s1" name="Random-User-Test" source="/home/runner/work/ApiRandomUser/ApiRandomUser/RamdonUser/tests/random-user-test.robot">
<test id="s1-s1-t1" name="Conectar" line="13">
<kw name="Conectar API" owner="random-user-service">
<kw name="Create Session" owner="RequestsLibrary">
<msg time="2024-06-22T20:14:02.242926" level="INFO">Creating Session using : alias=consultarAPI, url=https://randomuser.me/, headers={},                     cookies={}, auth=None, timeout=None, proxies=None, verify=False,                     debug=0 </msg>
<arg>consultarAPI</arg>
<arg>${URL}</arg>
<doc>Create Session: create a HTTP session to a server</doc>
<status status="PASS" start="2024-06-22T20:14:02.242727" elapsed="0.000362"/>
</kw>
<status status="PASS" start="2024-06-22T20:14:02.241715" elapsed="0.001713"/>
</kw>
<status status="PASS" start="2024-06-22T20:14:02.241106" elapsed="0.002513"/>
</test>
<test id="s1-s1-t2" name="Validar retorno 200 e JSON Válido" line="16">
<kw name="Teste de Requisicao Basica" owner="random-user-service">
<kw name="GET On Session" owner="RequestsLibrary">
<msg time="2024-06-22T20:14:02.353816" level="INFO">GET Request : url=https://randomuser.me/api 
 path_url=/api 
 headers={'User-Agent': 'python-requests/2.32.3', 'Accept-Encoding': 'gzip, deflate', 'Accept': '*/*', 'Connection': 'keep-alive'} 
 body=None 
 </msg>
<msg time="2024-06-22T20:14:02.353959" level="INFO">GET Response : url=https://randomuser.me/api 
 status=200, reason=OK 
 headers={'Date': 'Sat, 22 Jun 2024 20:14:02 GMT', 'Content-Type': 'application/json; charset=utf-8', 'Transfer-Encoding': 'chunked', 'Connection': 'keep-alive', 'X-Powered-By': 'Express', 'Access-Control-Allow-Origin': '*', 'Cache-Control': 'no-cache', 'ETag': 'W/"473-8ZWtlZoisbnES/R+nQkh47WCYsU"', 'Vary': 'Accept-Encoding', 'Content-Encoding': 'gzip', 'CF-Cache-Status': 'DYNAMIC', 'Report-To': '{"endpoints":[{"url":"https:\\/\\/a.nel.cloudflare.com\\/report\\/v4?s=ZFQjfFL3dCEp4P1vbqL0Ucb8PgB0hKRuus7dZ7v%2FGERzZslS%2Fh%2BSf9MPXlDnV5E1SeNfl3ddRsSELojD6V%2FTB8pAU7Jk9P8NtAoP%2BQLN9bC8OZoFBfgDJD0Kgm0mKL6Z"}],"group":"cf-nel","max_age":604800}', 'NEL': '{"success_fraction":0,"report_to":"cf-nel","max_age":604800}', 'Server': 'cloudflare', 'CF-RAY': '897ee700585d2244-ORD', 'alt-svc': 'h3=":443"; ma=86400'} 
 body={"results":[{"gender":"male","name":{"title":"Mr","first":"Sergio","last":"Lord"},"location":{"street":{"number":936,"name":"Galway Road"},"city":"Galway","state":"Kerry","country":"Ireland","postcode":52458,"coordinates":{"latitude":"0.8806","longitude":"-71.9507"},"timezone":{"offset":"-8:00","description":"Pacific Time (US &amp; Canada)"}},"email":"sergio.lord@example.com","login":{"uuid":"d8213667-cb31-494f-b58f-e7bb172bb5e6","username":"lazyzebra888","password":"foxylady","salt":"XRneMs0n","md5":"887d8c78bdc9903de8f4fbe4643a5ae8","sha1":"d6a62fb7f79d4a6b9efb76ca365e28bbd511bddc","sha256":"81633bc69d00a79c3645ac5550cda105d1a38100d72a0bd4f125f8a0246ec10a"},"dob":{"date":"1972-06-25T10:47:47.117Z","age":51},"registered":{"date":"2016-11-15T15:58:44.465Z","age":7},"phone":"011-417-7394","cell":"081-586-5897","id":{"name":"PPS","value":"2860465T"},"picture":{"large":"https://randomuser.me/api/portraits/men/69.jpg","medium":"https://randomuser.me/api/portraits/med/men/69.jpg","thumbnail":"https://randomuser.me/api/portraits/thumb/men/69.jpg"},"nat":"IE"}],"info":{"seed":"49b237726f032ce7","results":1,"page":1,"version":"1.4"}} 
 </msg>
<msg time="2024-06-22T20:14:02.354038" level="INFO">/opt/hostedtoolcache/Python/3.12.4/x64/lib/python3.12/site-packages/urllib3/connectionpool.py:1099: InsecureRequestWarning: Unverified HTTPS request is being made to host 'randomuser.me'. Adding certificate verification is strongly advised. See: https://urllib3.readthedocs.io/en/latest/advanced-usage.html#tls-warnings
  warnings.warn(</msg>
<msg time="2024-06-22T20:14:02.354147" level="INFO">${response} = &lt;Response [200]&gt;</msg>
<var>${response}</var>
<arg>consultarAPI</arg>
<arg>/api</arg>
<doc>Sends a GET request on a previously created HTTP Session.</doc>
<status status="PASS" start="2024-06-22T20:14:02.246191" elapsed="0.107999"/>
</kw>
<kw name="Should Be Equal As Numbers" owner="BuiltIn">
<msg time="2024-06-22T20:14:02.355035" level="INFO">Argument types are:
&lt;class 'int'&gt;
&lt;class 'str'&gt;</msg>
<arg>${response.status_code}</arg>
<arg>200</arg>
<doc>Fails if objects are unequal after converting them to real numbers.</doc>
<status status="PASS" start="2024-06-22T20:14:02.354612" elapsed="0.000492"/>
</kw>
<kw name="Log" owner="BuiltIn">
<msg time="2024-06-22T20:14:02.355774" level="INFO">200</msg>
<arg>${response.status_code}</arg>
<doc>Logs the given message with the given level.</doc>
<status status="PASS" start="2024-06-22T20:14:02.355423" elapsed="0.000394"/>
</kw>
<kw name="Set Variable" owner="BuiltIn">
<msg time="2024-06-22T20:14:02.356600" level="INFO">${json_data} = {'results': [{'gender': 'male', 'name': {'title': 'Mr', 'first': 'Sergio', 'last': 'Lord'}, 'location': {'street': {'number': 936, 'name': 'Galway Road'}, 'city': 'Galway', 'state': 'Kerry', 'country'...</msg>
<var>${json_data}</var>
<arg>${response.json()}</arg>
<doc>Returns the given values which can then be assigned to a variables.</doc>
<status status="PASS" start="2024-06-22T20:14:02.356122" elapsed="0.000506"/>
</kw>
<kw name="Dictionary Should Contain Key" owner="Collections">
<arg>${json_data}</arg>
<arg>results</arg>
<doc>Fails if ``key`` is not found from ``dictionary``.</doc>
<status status="PASS" start="2024-06-22T20:14:02.356930" elapsed="0.000168"/>
</kw>
<status status="PASS" start="2024-06-22T20:14:02.245952" elapsed="0.111290"/>
</kw>
<doc>Testa se a API responde corretamente e retorna um objeto JSON válido.</doc>
<tag>testeRequisicaoBasica</tag>
<status status="PASS" start="2024-06-22T20:14:02.245520" elapsed="0.111883"/>
</test>
<test id="s1-s1-t3" name="Validar estrutura de resposta" line="22">
<kw name="Teste de Estrutura de Resposta" owner="random-user-service">
<kw name="GET On Session" owner="RequestsLibrary">
<msg time="2024-06-22T20:14:02.449745" level="INFO">GET Request : url=https://randomuser.me/api 
 path_url=/api 
 headers={'User-Agent': 'python-requests/2.32.3', 'Accept-Encoding': 'gzip, deflate', 'Accept': '*/*', 'Connection': 'keep-alive'} 
 body=None 
 </msg>
<msg time="2024-06-22T20:14:02.449832" level="INFO">GET Response : url=https://randomuser.me/api 
 status=200, reason=OK 
 headers={'Date': 'Sat, 22 Jun 2024 20:14:02 GMT', 'Content-Type': 'application/json; charset=utf-8', 'Transfer-Encoding': 'chunked', 'Connection': 'keep-alive', 'X-Powered-By': 'Express', 'Access-Control-Allow-Origin': '*', 'Cache-Control': 'no-cache', 'ETag': 'W/"4a2-wIP38zkhTWYwLdfA0vSDhj3zNbI"', 'Vary': 'Accept-Encoding', 'Content-Encoding': 'gzip', 'CF-Cache-Status': 'DYNAMIC', 'Report-To': '{"endpoints":[{"url":"https:\\/\\/a.nel.cloudflare.com\\/report\\/v4?s=dI5NwvdpHQGuxmvjw5jWyHRUTG%2BwAW4gyqsmCkebSMmJnp0eUb5YnwC3r4mrtV5MmMTktagEEh9WSaVlmKWurz9J9%2BLIVzp7qSu48D9eLdyJ%2F10iphRXDpqwMatqFdYp"}],"group":"cf-nel","max_age":604800}', 'NEL': '{"success_fraction":0,"report_to":"cf-nel","max_age":604800}', 'Server': 'cloudflare', 'CF-RAY': '897ee700c8f62244-ORD', 'alt-svc': 'h3=":443"; ma=86400'} 
 body={"results":[{"gender":"female","name":{"title":"Ms","first":"Vickie","last":"Thomas"},"location":{"street":{"number":556,"name":"Fincher Rd"},"city":"North Las Vegas","state":"Iowa","country":"United States","postcode":61568,"coordinates":{"latitude":"82.0930","longitude":"8.8492"},"timezone":{"offset":"-4:00","description":"Atlantic Time (Canada), Caracas, La Paz"}},"email":"vickie.thomas@example.com","login":{"uuid":"fed40494-90e4-42c1-abe7-1d6272b8bd15","username":"lazybutterfly837","password":"usarmy","salt":"a5sjWeAT","md5":"8af47e9ba455879b90674be208a4cbed","sha1":"9b5c34d85324e7cc8d87505d42a0526de5c666e1","sha256":"9e30c35e8f9bb2f491faa51b6e029e03f3eb2d4adb39a3179665e3d8b28324a1"},"dob":{"date":"1967-03-23T21:52:07.188Z","age":57},"registered":{"date":"2005-02-02T15:02:57.150Z","age":19},"phone":"(375) 780-3336","cell":"(252) 720-2034","id":{"name":"SSN","value":"562-14-8015"},"picture":{"large":"https://randomuser.me/api/portraits/women/42.jpg","medium":"https://randomuser.me/api/portraits/med/women/42.jpg","thumbnail":"https://randomuser.me/api/portraits/thumb/women/42.jpg"},"nat":"US"}],"info":{"seed":"a7c110c5d5d18eca","results":1,"page":1,"version":"1.4"}} 
 </msg>
<msg time="2024-06-22T20:14:02.449964" level="INFO">/opt/hostedtoolcache/Python/3.12.4/x64/lib/python3.12/site-packages/urllib3/connectionpool.py:1099: InsecureRequestWarning: Unverified HTTPS request is being made to host 'randomuser.me'. Adding certificate verification is strongly advised. See: https://urllib3.readthedocs.io/en/latest/advanced-usage.html#tls-warnings
  warnings.warn(</msg>
<msg time="2024-06-22T20:14:02.450087" level="INFO">${response} = &lt;Response [200]&gt;</msg>
<var>${response}</var>
<arg>consultarAPI</arg>
<arg>/api</arg>
<doc>Sends a GET request on a previously created HTTP Session.</doc>
<status status="PASS" start="2024-06-22T20:14:02.359902" elapsed="0.090221"/>
</kw>
<kw name="Set Variable" owner="BuiltIn">
<msg time="2024-06-22T20:14:02.450971" level="INFO">${json_data} = {'results': [{'gender': 'female', 'name': {'title': 'Ms', 'first': 'Vickie', 'last': 'Thomas'}, 'location': {'street': {'number': 556, 'name': 'Fincher Rd'}, 'city': 'North Las Vegas', 'state': 'Iowa'...</msg>
<var>${json_data}</var>
<arg>${response.json()}</arg>
<doc>Returns the given values which can then be assigned to a variables.</doc>
<status status="PASS" start="2024-06-22T20:14:02.450511" elapsed="0.000489"/>
</kw>
<kw name="Log" owner="BuiltIn">
<msg time="2024-06-22T20:14:02.451469" level="INFO">{'results': [{'gender': 'female', 'name': {'title': 'Ms', 'first': 'Vickie', 'last': 'Thomas'}, 'location': {'street': {'number': 556, 'name': 'Fincher Rd'}, 'city': 'North Las Vegas', 'state': 'Iowa', 'country': 'United States', 'postcode': 61568, 'coordinates': {'latitude': '82.0930', 'longitude': '8.8492'}, 'timezone': {'offset': '-4:00', 'description': 'Atlantic Time (Canada), Caracas, La Paz'}}, 'email': 'vickie.thomas@example.com', 'login': {'uuid': 'fed40494-90e4-42c1-abe7-1d6272b8bd15', 'username': 'lazybutterfly837', 'password': 'usarmy', 'salt': 'a5sjWeAT', 'md5': '8af47e9ba455879b90674be208a4cbed', 'sha1': '9b5c34d85324e7cc8d87505d42a0526de5c666e1', 'sha256': '9e30c35e8f9bb2f491faa51b6e029e03f3eb2d4adb39a3179665e3d8b28324a1'}, 'dob': {'date': '1967-03-23T21:52:07.188Z', 'age': 57}, 'registered': {'date': '2005-02-02T15:02:57.150Z', 'age': 19}, 'phone': '(375) 780-3336', 'cell': '(252) 720-2034', 'id': {'name': 'SSN', 'value': '562-14-8015'}, 'picture': {'large': 'https://randomuser.me/api/portraits/women/42.jpg', 'medium': 'https://randomuser.me/api/portraits/med/women/42.jpg', 'thumbnail': 'https://randomuser.me/api/portraits/thumb/women/42.jpg'}, 'nat': 'US'}], 'info': {'seed': 'a7c110c5d5d18eca', 'results': 1, 'page': 1, 'version': '1.4'}}</msg>
<arg>${json_data}</arg>
<doc>Logs the given message with the given level.</doc>
<status status="PASS" start="2024-06-22T20:14:02.451312" elapsed="0.000205"/>
</kw>
<kw name="Dictionary Should Contain Key" owner="Collections">
<arg>${json_data}</arg>
<arg>results</arg>
<doc>Fails if ``key`` is not found from ``dictionary``.</doc>
<status status="PASS" start="2024-06-22T20:14:02.451821" elapsed="0.000154"/>
</kw>
<kw name="Should Not Be Empty" owner="BuiltIn">
<msg time="2024-06-22T20:14:02.452281" level="INFO">Length is 2.</msg>
<arg>${json_data}</arg>
<doc>Verifies that the given item is not empty.</doc>
<status status="PASS" start="2024-06-22T20:14:02.452157" elapsed="0.000163"/>
</kw>
<kw name="Create List" owner="BuiltIn">
<msg time="2024-06-22T20:14:02.452925" level="INFO">${expected_keys} = ['gender', 'name', 'location', 'email', 'login']</msg>
<var>${expected_keys}</var>
<arg>gender</arg>
<arg>name</arg>
<arg>location</arg>
<arg>email</arg>
<arg>login</arg>
<doc>Returns a list containing given items.</doc>
<status status="PASS" start="2024-06-22T20:14:02.452644" elapsed="0.000306"/>
</kw>
<for flavor="IN">
<iter>
<kw name="Dictionary Should Contain Key" owner="Collections">
<arg>${json_data['results'][0]}</arg>
<arg>${key}</arg>
<doc>Fails if ``key`` is not found from ``dictionary``.</doc>
<status status="PASS" start="2024-06-22T20:14:02.453519" elapsed="0.000409"/>
</kw>
<kw name="Log" owner="BuiltIn">
<msg time="2024-06-22T20:14:02.454470" level="INFO">{'gender': 'female', 'name': {'title': 'Ms', 'first': 'Vickie', 'last': 'Thomas'}, 'location': {'street': {'number': 556, 'name': 'Fincher Rd'}, 'city': 'North Las Vegas', 'state': 'Iowa', 'country': 'United States', 'postcode': 61568, 'coordinates': {'latitude': '82.0930', 'longitude': '8.8492'}, 'timezone': {'offset': '-4:00', 'description': 'Atlantic Time (Canada), Caracas, La Paz'}}, 'email': 'vickie.thomas@example.com', 'login': {'uuid': 'fed40494-90e4-42c1-abe7-1d6272b8bd15', 'username': 'lazybutterfly837', 'password': 'usarmy', 'salt': 'a5sjWeAT', 'md5': '8af47e9ba455879b90674be208a4cbed', 'sha1': '9b5c34d85324e7cc8d87505d42a0526de5c666e1', 'sha256': '9e30c35e8f9bb2f491faa51b6e029e03f3eb2d4adb39a3179665e3d8b28324a1'}, 'dob': {'date': '1967-03-23T21:52:07.188Z', 'age': 57}, 'registered': {'date': '2005-02-02T15:02:57.150Z', 'age': 19}, 'phone': '(375) 780-3336', 'cell': '(252) 720-2034', 'id': {'name': 'SSN', 'value': '562-14-8015'}, 'picture': {'large': 'https://randomuser.me/api/portraits/women/42.jpg', 'medium': 'https://randomuser.me/api/portraits/med/women/42.jpg', 'thumbnail': 'https://randomuser.me/api/portraits/thumb/women/42.jpg'}, 'nat': 'US'}</msg>
<arg>${json_data['results'][0]}</arg>
<doc>Logs the given message with the given level.</doc>
<status status="PASS" start="2024-06-22T20:14:02.454118" elapsed="0.000411"/>
</kw>
<kw name="Log" owner="BuiltIn">
<msg time="2024-06-22T20:14:02.454954" level="INFO">gender</msg>
<arg>${key}</arg>
<doc>Logs the given message with the given level.</doc>
<status status="PASS" start="2024-06-22T20:14:02.454827" elapsed="0.000166"/>
</kw>
<var name="${key}">gender</var>
<status status="PASS" start="2024-06-22T20:14:02.453398" elapsed="0.001816"/>
</iter>
<iter>
<kw name="Dictionary Should Contain Key" owner="Collections">
<arg>${json_data['results'][0]}</arg>
<arg>${key}</arg>
<doc>Fails if ``key`` is not found from ``dictionary``.</doc>
<status status="PASS" start="2024-06-22T20:14:02.455505" elapsed="0.000387"/>
</kw>
<kw name="Log" owner="BuiltIn">
<msg time="2024-06-22T20:14:02.456491" level="INFO">{'gender': 'female', 'name': {'title': 'Ms', 'first': 'Vickie', 'last': 'Thomas'}, 'location': {'street': {'number': 556, 'name': 'Fincher Rd'}, 'city': 'North Las Vegas', 'state': 'Iowa', 'country': 'United States', 'postcode': 61568, 'coordinates': {'latitude': '82.0930', 'longitude': '8.8492'}, 'timezone': {'offset': '-4:00', 'description': 'Atlantic Time (Canada), Caracas, La Paz'}}, 'email': 'vickie.thomas@example.com', 'login': {'uuid': 'fed40494-90e4-42c1-abe7-1d6272b8bd15', 'username': 'lazybutterfly837', 'password': 'usarmy', 'salt': 'a5sjWeAT', 'md5': '8af47e9ba455879b90674be208a4cbed', 'sha1': '9b5c34d85324e7cc8d87505d42a0526de5c666e1', 'sha256': '9e30c35e8f9bb2f491faa51b6e029e03f3eb2d4adb39a3179665e3d8b28324a1'}, 'dob': {'date': '1967-03-23T21:52:07.188Z', 'age': 57}, 'registered': {'date': '2005-02-02T15:02:57.150Z', 'age': 19}, 'phone': '(375) 780-3336', 'cell': '(252) 720-2034', 'id': {'name': 'SSN', 'value': '562-14-8015'}, 'picture': {'large': 'https://randomuser.me/api/portraits/women/42.jpg', 'medium': 'https://randomuser.me/api/portraits/med/women/42.jpg', 'thumbnail': 'https://randomuser.me/api/portraits/thumb/women/42.jpg'}, 'nat': 'US'}</msg>
<arg>${json_data['results'][0]}</arg>
<doc>Logs the given message with the given level.</doc>
<status status="PASS" start="2024-06-22T20:14:02.456077" elapsed="0.000472"/>
</kw>
<kw name="Log" owner="BuiltIn">
<msg time="2024-06-22T20:14:02.456981" level="INFO">name</msg>
<arg>${key}</arg>
<doc>Logs the given message with the given level.</doc>
<status status="PASS" start="2024-06-22T20:14:02.456854" elapsed="0.000164"/>
</kw>
<var name="${key}">name</var>
<status status="PASS" start="2024-06-22T20:14:02.455394" elapsed="0.001840"/>
</iter>
<iter>
<kw name="Dictionary Should Contain Key" owner="Collections">
<arg>${json_data['results'][0]}</arg>
<arg>${key}</arg>
<doc>Fails if ``key`` is not found from ``dictionary``.</doc>
<status status="PASS" start="2024-06-22T20:14:02.457516" elapsed="0.000385"/>
</kw>
<kw name="Log" owner="BuiltIn">
<msg time="2024-06-22T20:14:02.458433" level="INFO">{'gender': 'female', 'name': {'title': 'Ms', 'first': 'Vickie', 'last': 'Thomas'}, 'location': {'street': {'number': 556, 'name': 'Fincher Rd'}, 'city': 'North Las Vegas', 'state': 'Iowa', 'country': 'United States', 'postcode': 61568, 'coordinates': {'latitude': '82.0930', 'longitude': '8.8492'}, 'timezone': {'offset': '-4:00', 'description': 'Atlantic Time (Canada), Caracas, La Paz'}}, 'email': 'vickie.thomas@example.com', 'login': {'uuid': 'fed40494-90e4-42c1-abe7-1d6272b8bd15', 'username': 'lazybutterfly837', 'password': 'usarmy', 'salt': 'a5sjWeAT', 'md5': '8af47e9ba455879b90674be208a4cbed', 'sha1': '9b5c34d85324e7cc8d87505d42a0526de5c666e1', 'sha256': '9e30c35e8f9bb2f491faa51b6e029e03f3eb2d4adb39a3179665e3d8b28324a1'}, 'dob': {'date': '1967-03-23T21:52:07.188Z', 'age': 57}, 'registered': {'date': '2005-02-02T15:02:57.150Z', 'age': 19}, 'phone': '(375) 780-3336', 'cell': '(252) 720-2034', 'id': {'name': 'SSN', 'value': '562-14-8015'}, 'picture': {'large': 'https://randomuser.me/api/portraits/women/42.jpg', 'medium': 'https://randomuser.me/api/portraits/med/women/42.jpg', 'thumbnail': 'https://randomuser.me/api/portraits/thumb/women/42.jpg'}, 'nat': 'US'}</msg>
<arg>${json_data['results'][0]}</arg>
<doc>Logs the given message with the given level.</doc>
<status status="PASS" start="2024-06-22T20:14:02.458082" elapsed="0.000409"/>
</kw>
<kw name="Log" owner="BuiltIn">
<msg time="2024-06-22T20:14:02.458918" level="INFO">location</msg>
<arg>${key}</arg>
<doc>Logs the given message with the given level.</doc>
<status status="PASS" start="2024-06-22T20:14:02.458793" elapsed="0.000163"/>
</kw>
<var name="${key}">location</var>
<status status="PASS" start="2024-06-22T20:14:02.457409" elapsed="0.001761"/>
</iter>
<iter>
<kw name="Dictionary Should Contain Key" owner="Collections">
<arg>${json_data['results'][0]}</arg>
<arg>${key}</arg>
<doc>Fails if ``key`` is not found from ``dictionary``.</doc>
<status status="PASS" start="2024-06-22T20:14:02.459442" elapsed="0.000382"/>
</kw>
<kw name="Log" owner="BuiltIn">
<msg time="2024-06-22T20:14:02.460370" level="INFO">{'gender': 'female', 'name': {'title': 'Ms', 'first': 'Vickie', 'last': 'Thomas'}, 'location': {'street': {'number': 556, 'name': 'Fincher Rd'}, 'city': 'North Las Vegas', 'state': 'Iowa', 'country': 'United States', 'postcode': 61568, 'coordinates': {'latitude': '82.0930', 'longitude': '8.8492'}, 'timezone': {'offset': '-4:00', 'description': 'Atlantic Time (Canada), Caracas, La Paz'}}, 'email': 'vickie.thomas@example.com', 'login': {'uuid': 'fed40494-90e4-42c1-abe7-1d6272b8bd15', 'username': 'lazybutterfly837', 'password': 'usarmy', 'salt': 'a5sjWeAT', 'md5': '8af47e9ba455879b90674be208a4cbed', 'sha1': '9b5c34d85324e7cc8d87505d42a0526de5c666e1', 'sha256': '9e30c35e8f9bb2f491faa51b6e029e03f3eb2d4adb39a3179665e3d8b28324a1'}, 'dob': {'date': '1967-03-23T21:52:07.188Z', 'age': 57}, 'registered': {'date': '2005-02-02T15:02:57.150Z', 'age': 19}, 'phone': '(375) 780-3336', 'cell': '(252) 720-2034', 'id': {'name': 'SSN', 'value': '562-14-8015'}, 'picture': {'large': 'https://randomuser.me/api/portraits/women/42.jpg', 'medium': 'https://randomuser.me/api/portraits/med/women/42.jpg', 'thumbnail': 'https://randomuser.me/api/portraits/thumb/women/42.jpg'}, 'nat': 'US'}</msg>
<arg>${json_data['results'][0]}</arg>
<doc>Logs the given message with the given level.</doc>
<status status="PASS" start="2024-06-22T20:14:02.460018" elapsed="0.000435"/>
</kw>
<kw name="Log" owner="BuiltIn">
<msg time="2024-06-22T20:14:02.460913" level="INFO">email</msg>
<arg>${key}</arg>
<doc>Logs the given message with the given level.</doc>
<status status="PASS" start="2024-06-22T20:14:02.460771" elapsed="0.000181"/>
</kw>
<var name="${key}">email</var>
<status status="PASS" start="2024-06-22T20:14:02.459337" elapsed="0.001847"/>
</iter>
<iter>
<kw name="Dictionary Should Contain Key" owner="Collections">
<arg>${json_data['results'][0]}</arg>
<arg>${key}</arg>
<doc>Fails if ``key`` is not found from ``dictionary``.</doc>
<status status="PASS" start="2024-06-22T20:14:02.461467" elapsed="0.000386"/>
</kw>
<kw name="Log" owner="BuiltIn">
<msg time="2024-06-22T20:14:02.462379" level="INFO">{'gender': 'female', 'name': {'title': 'Ms', 'first': 'Vickie', 'last': 'Thomas'}, 'location': {'street': {'number': 556, 'name': 'Fincher Rd'}, 'city': 'North Las Vegas', 'state': 'Iowa', 'country': 'United States', 'postcode': 61568, 'coordinates': {'latitude': '82.0930', 'longitude': '8.8492'}, 'timezone': {'offset': '-4:00', 'description': 'Atlantic Time (Canada), Caracas, La Paz'}}, 'email': 'vickie.thomas@example.com', 'login': {'uuid': 'fed40494-90e4-42c1-abe7-1d6272b8bd15', 'username': 'lazybutterfly837', 'password': 'usarmy', 'salt': 'a5sjWeAT', 'md5': '8af47e9ba455879b90674be208a4cbed', 'sha1': '9b5c34d85324e7cc8d87505d42a0526de5c666e1', 'sha256': '9e30c35e8f9bb2f491faa51b6e029e03f3eb2d4adb39a3179665e3d8b28324a1'}, 'dob': {'date': '1967-03-23T21:52:07.188Z', 'age': 57}, 'registered': {'date': '2005-02-02T15:02:57.150Z', 'age': 19}, 'phone': '(375) 780-3336', 'cell': '(252) 720-2034', 'id': {'name': 'SSN', 'value': '562-14-8015'}, 'picture': {'large': 'https://randomuser.me/api/portraits/women/42.jpg', 'medium': 'https://randomuser.me/api/portraits/med/women/42.jpg', 'thumbnail': 'https://randomuser.me/api/portraits/thumb/women/42.jpg'}, 'nat': 'US'}</msg>
<arg>${json_data['results'][0]}</arg>
<doc>Logs the given message with the given level.</doc>
<status status="PASS" start="2024-06-22T20:14:02.462033" elapsed="0.000395"/>
</kw>
<kw name="Log" owner="BuiltIn">
<msg time="2024-06-22T20:14:02.462846" level="INFO">login</msg>
<arg>${key}</arg>
<doc>Logs the given message with the given level.</doc>
<status status="PASS" start="2024-06-22T20:14:02.462721" elapsed="0.000164"/>
</kw>
<var name="${key}">login</var>
<status status="PASS" start="2024-06-22T20:14:02.461352" elapsed="0.001752"/>
</iter>
<var>${key}</var>
<value>@{expected_keys}</value>
<status status="PASS" start="2024-06-22T20:14:02.453210" elapsed="0.010012"/>
</for>
<kw name="Create List" owner="BuiltIn">
<msg time="2024-06-22T20:14:02.463572" level="INFO">${expected_keysTwo} = ['username', 'password']</msg>
<var>${expected_keysTwo}</var>
<arg>username</arg>
<arg>password</arg>
<doc>Returns a list containing given items.</doc>
<status status="PASS" start="2024-06-22T20:14:02.463435" elapsed="0.000161"/>
</kw>
<for flavor="IN">
<iter>
<kw name="Dictionary Should Contain Key" owner="Collections">
<arg>${json_data['results'][0]['login']}</arg>
<arg>${keyTwo}</arg>
<doc>Fails if ``key`` is not found from ``dictionary``.</doc>
<status status="PASS" start="2024-06-22T20:14:02.464087" elapsed="0.000404"/>
</kw>
<kw name="Dictionary Should Contain Key" owner="Collections">
<arg>${json_data['results'][0]['login']}</arg>
<arg>${keyTwo}</arg>
<doc>Fails if ``key`` is not found from ``dictionary``.</doc>
<status status="PASS" start="2024-06-22T20:14:02.464685" elapsed="0.000384"/>
</kw>
<kw name="Log" owner="BuiltIn">
<msg time="2024-06-22T20:14:02.465367" level="INFO">username</msg>
<arg>${keyTwo}</arg>
<doc>Logs the given message with the given level.</doc>
<status status="PASS" start="2024-06-22T20:14:02.465248" elapsed="0.000157"/>
</kw>
<var name="${keyTwo}">username</var>
<status status="PASS" start="2024-06-22T20:14:02.463980" elapsed="0.001648"/>
</iter>
<iter>
<kw name="Dictionary Should Contain Key" owner="Collections">
<arg>${json_data['results'][0]['login']}</arg>
<arg>${keyTwo}</arg>
<doc>Fails if ``key`` is not found from ``dictionary``.</doc>
<status status="PASS" start="2024-06-22T20:14:02.465906" elapsed="0.000380"/>
</kw>
<kw name="Dictionary Should Contain Key" owner="Collections">
<arg>${json_data['results'][0]['login']}</arg>
<arg>${keyTwo}</arg>
<doc>Fails if ``key`` is not found from ``dictionary``.</doc>
<status status="PASS" start="2024-06-22T20:14:02.466463" elapsed="0.000375"/>
</kw>
<kw name="Log" owner="BuiltIn">
<msg time="2024-06-22T20:14:02.467131" level="INFO">password</msg>
<arg>${keyTwo}</arg>
<doc>Logs the given message with the given level.</doc>
<status status="PASS" start="2024-06-22T20:14:02.467013" elapsed="0.000156"/>
</kw>
<var name="${keyTwo}">password</var>
<status status="PASS" start="2024-06-22T20:14:02.465801" elapsed="0.001676"/>
</iter>
<var>${keyTwo}</var>
<value>@{expected_keysTwo}</value>
<status status="PASS" start="2024-06-22T20:14:02.463828" elapsed="0.003770"/>
</for>
<status status="PASS" start="2024-06-22T20:14:02.359677" elapsed="0.108059"/>
</kw>
<doc>Testa a estrutura da resposta da API.</doc>
<tag>testeEstruturaResposta</tag>
<status status="PASS" start="2024-06-22T20:14:02.359199" elapsed="0.108682"/>
</test>
<test id="s1-s1-t4" name="Validar tipos de dados" line="28">
<kw name="Teste de Tipos de Dados" owner="random-user-service">
<kw name="GET On Session" owner="RequestsLibrary">
<msg time="2024-06-22T20:14:02.556274" level="INFO">GET Request : url=https://randomuser.me/api 
 path_url=/api 
 headers={'User-Agent': 'python-requests/2.32.3', 'Accept-Encoding': 'gzip, deflate', 'Accept': '*/*', 'Connection': 'keep-alive'} 
 body=None 
 </msg>
<msg time="2024-06-22T20:14:02.556357" level="INFO">GET Response : url=https://randomuser.me/api 
 status=200, reason=OK 
 headers={'Date': 'Sat, 22 Jun 2024 20:14:02 GMT', 'Content-Type': 'application/json; charset=utf-8', 'Transfer-Encoding': 'chunked', 'Connection': 'keep-alive', 'X-Powered-By': 'Express', 'Access-Control-Allow-Origin': '*', 'Cache-Control': 'no-cache', 'ETag': 'W/"49d-0iWv4A9eMeRq+kXzWM6L2rnZS1g"', 'Vary': 'Accept-Encoding', 'Content-Encoding': 'gzip', 'CF-Cache-Status': 'DYNAMIC', 'Report-To': '{"endpoints":[{"url":"https:\\/\\/a.nel.cloudflare.com\\/report\\/v4?s=YNoJl3ks35YxikQpv34%2Fo2PANyQdOcEbeExpmTOv0j2UlgP6ExLwq4FhcIzmd%2FqkniA44oa7aduE47T0i6fvxCgA032Xxg7uP7bC9JzzQTKL%2BbWoukCPj9jb0GNslEMg"}],"group":"cf-nel","max_age":604800}', 'NEL': '{"success_fraction":0,"report_to":"cf-nel","max_age":604800}', 'Server': 'cloudflare', 'CF-RAY': '897ee70179db2244-ORD', 'alt-svc': 'h3=":443"; ma=86400'} 
 body={"results":[{"gender":"female","name":{"title":"Ms","first":"Yuki","last":"Vissers"},"location":{"street":{"number":2371,"name":"Hensbroekstraat"},"city":"Genemuiden","state":"Gelderland","country":"Netherlands","postcode":"8009 RH","coordinates":{"latitude":"37.2526","longitude":"113.9906"},"timezone":{"offset":"+1:00","description":"Brussels, Copenhagen, Madrid, Paris"}},"email":"yuki.vissers@example.com","login":{"uuid":"feb73b44-ffec-4f51-869c-16bac6aca6c7","username":"smallbird488","password":"marsha","salt":"95Y9thYx","md5":"454cdffdb850a1dc9a8710f1c9027393","sha1":"4d0b7d319e1a57b1a9b6dfe86e0140729ec2e403","sha256":"548e71025997a296b0a4b12a23624a6840972bd0fc84be7497df58cdc4d429a1"},"dob":{"date":"1984-06-07T23:07:13.495Z","age":40},"registered":{"date":"2015-12-11T19:39:00.784Z","age":8},"phone":"(046) 7637470","cell":"(06) 39960168","id":{"name":"BSN","value":"42945456"},"picture":{"large":"https://randomuser.me/api/portraits/women/74.jpg","medium":"https://randomuser.me/api/portraits/med/women/74.jpg","thumbnail":"https://randomuser.me/api/portraits/thumb/women/74.jpg"},"nat":"NL"}],"info":{"seed":"177ee2564707acba","results":1,"page":1,"version":"1.4"}} 
 </msg>
<msg time="2024-06-22T20:14:02.556441" level="INFO">/opt/hostedtoolcache/Python/3.12.4/x64/lib/python3.12/site-packages/urllib3/connectionpool.py:1099: InsecureRequestWarning: Unverified HTTPS request is being made to host 'randomuser.me'. Adding certificate verification is strongly advised. See: https://urllib3.readthedocs.io/en/latest/advanced-usage.html#tls-warnings
  warnings.warn(</msg>
<msg time="2024-06-22T20:14:02.556527" level="INFO">${response} = &lt;Response [200]&gt;</msg>
<var>${response}</var>
<arg>consultarAPI</arg>
<arg>/api</arg>
<doc>Sends a GET request on a previously created HTTP Session.</doc>
<status status="PASS" start="2024-06-22T20:14:02.470287" elapsed="0.086279"/>
</kw>
<kw name="Set Variable" owner="BuiltIn">
<msg time="2024-06-22T20:14:02.557364" level="INFO">${json_data} = {'results': [{'gender': 'female', 'name': {'title': 'Ms', 'first': 'Yuki', 'last': 'Vissers'}, 'location': {'street': {'number': 2371, 'name': 'Hensbroekstraat'}, 'city': 'Genemuiden', 'state': 'Gelde...</msg>
<var>${json_data}</var>
<arg>${response.json()}</arg>
<doc>Returns the given values which can then be assigned to a variables.</doc>
<status status="PASS" start="2024-06-22T20:14:02.556919" elapsed="0.000473"/>
</kw>
<kw name="Log" owner="BuiltIn">
<msg time="2024-06-22T20:14:02.557832" level="INFO">{'results': [{'gender': 'female', 'name': {'title': 'Ms', 'first': 'Yuki', 'last': 'Vissers'}, 'location': {'street': {'number': 2371, 'name': 'Hensbroekstraat'}, 'city': 'Genemuiden', 'state': 'Gelderland', 'country': 'Netherlands', 'postcode': '8009 RH', 'coordinates': {'latitude': '37.2526', 'longitude': '113.9906'}, 'timezone': {'offset': '+1:00', 'description': 'Brussels, Copenhagen, Madrid, Paris'}}, 'email': 'yuki.vissers@example.com', 'login': {'uuid': 'feb73b44-ffec-4f51-869c-16bac6aca6c7', 'username': 'smallbird488', 'password': 'marsha', 'salt': '95Y9thYx', 'md5': '454cdffdb850a1dc9a8710f1c9027393', 'sha1': '4d0b7d319e1a57b1a9b6dfe86e0140729ec2e403', 'sha256': '548e71025997a296b0a4b12a23624a6840972bd0fc84be7497df58cdc4d429a1'}, 'dob': {'date': '1984-06-07T23:07:13.495Z', 'age': 40}, 'registered': {'date': '2015-12-11T19:39:00.784Z', 'age': 8}, 'phone': '(046) 7637470', 'cell': '(06) 39960168', 'id': {'name': 'BSN', 'value': '42945456'}, 'picture': {'large': 'https://randomuser.me/api/portraits/women/74.jpg', 'medium': 'https://randomuser.me/api/portraits/med/women/74.jpg', 'thumbnail': 'https://randomuser.me/api/portraits/thumb/women/74.jpg'}, 'nat': 'NL'}], 'info': {'seed': '177ee2564707acba', 'results': 1, 'page': 1, 'version': '1.4'}}</msg>
<arg>${json_data}</arg>
<doc>Logs the given message with the given level.</doc>
<status status="PASS" start="2024-06-22T20:14:02.557686" elapsed="0.000193"/>
</kw>
<kw name="Should Be String" owner="String">
<arg>${json_data['results'][0]['gender']}</arg>
<doc>Fails if the given ``item`` is not a string.</doc>
<status status="PASS" start="2024-06-22T20:14:02.558164" elapsed="0.000362"/>
</kw>
<kw name="Should Match Regexp" owner="BuiltIn">
<arg>${json_data['results'][0]['email']}</arg>
<arg>^[a-zA-Z0-9._%+-]+@[a-zA-Z0-9.-]+\.[a-zA-Z]{2,}$</arg>
<doc>Fails if ``string`` does not match ``pattern`` as a regular expression.</doc>
<status status="PASS" start="2024-06-22T20:14:02.558747" elapsed="0.000506"/>
</kw>
<kw name="Should Match Regexp" owner="BuiltIn">
<arg>${json_data['results'][0]['dob']['date']}</arg>
<arg>\\d{4}-\\d{2}-\\d{2}T\\d{2}:\\d{2}:\\d{2}\\.\\d{3}Z</arg>
<doc>Fails if ``string`` does not match ``pattern`` as a regular expression.</doc>
<status status="PASS" start="2024-06-22T20:14:02.559445" elapsed="0.000500"/>
</kw>
<kw name="Should Match Regexp" owner="BuiltIn">
<arg>${json_data['results'][0]['registered']['date']}</arg>
<arg>\\d{4}-\\d{2}-\\d{2}T\\d{2}:\\d{2}:\\d{2}\\.\\d{3}Z</arg>
<doc>Fails if ``string`` does not match ``pattern`` as a regular expression.</doc>
<status status="PASS" start="2024-06-22T20:14:02.560135" elapsed="0.000406"/>
</kw>
<kw name="Should Match Regexp" owner="BuiltIn">
<arg>${json_data['results'][0]['picture']['large']}</arg>
<arg>^https?://.*\.(?:png|jpe?g|gif|bmp)$</arg>
<doc>Fails if ``string`` does not match ``pattern`` as a regular expression.</doc>
<status status="PASS" start="2024-06-22T20:14:02.560729" elapsed="0.000464"/>
</kw>
<kw name="Should Match Regexp" owner="BuiltIn">
<arg>${json_data['results'][0]['picture']['medium']}</arg>
<arg>^https?://.*\.(?:png|jpe?g|gif|bmp)$</arg>
<doc>Fails if ``string`` does not match ``pattern`` as a regular expression.</doc>
<status status="PASS" start="2024-06-22T20:14:02.561382" elapsed="0.000364"/>
</kw>
<kw name="Should Match Regexp" owner="BuiltIn">
<arg>${json_data['results'][0]['picture']['thumbnail']}</arg>
<arg>^https?://.*\.(?:png|jpe?g|gif|bmp)$</arg>
<doc>Fails if ``string`` does not match ``pattern`` as a regular expression.</doc>
<status status="PASS" start="2024-06-22T20:14:02.561929" elapsed="0.000355"/>
</kw>
<kw name="Log" owner="BuiltIn">
<msg time="2024-06-22T20:14:02.562785" level="INFO">{'large': 'https://randomuser.me/api/portraits/women/74.jpg', 'medium': 'https://randomuser.me/api/portraits/med/women/74.jpg', 'thumbnail': 'https://randomuser.me/api/portraits/thumb/women/74.jpg'}</msg>
<arg>${json_data['results'][0]['picture']}</arg>
<doc>Logs the given message with the given level.</doc>
<status status="PASS" start="2024-06-22T20:14:02.562462" elapsed="0.000366"/>
</kw>
<status status="PASS" start="2024-06-22T20:14:02.470077" elapsed="0.093002"/>
</kw>
<kw name="Teste de Tipos de Dados - Postcode" owner="random-user-service">
<kw name="GET On Session" owner="RequestsLibrary">
<msg time="2024-06-22T20:14:02.643092" level="INFO">GET Request : url=https://randomuser.me/api 
 path_url=/api 
 headers={'User-Agent': 'python-requests/2.32.3', 'Accept-Encoding': 'gzip, deflate', 'Accept': '*/*', 'Connection': 'keep-alive'} 
 body=None 
 </msg>
<msg time="2024-06-22T20:14:02.643169" level="INFO">GET Response : url=https://randomuser.me/api 
 status=200, reason=OK 
 headers={'Date': 'Sat, 22 Jun 2024 20:14:02 GMT', 'Content-Type': 'application/json; charset=utf-8', 'Transfer-Encoding': 'chunked', 'Connection': 'keep-alive', 'X-Powered-By': 'Express', 'Access-Control-Allow-Origin': '*', 'Cache-Control': 'no-cache', 'ETag': 'W/"488-ugsxmSIXF5z+UgEH6iEB7XpH7xc"', 'Vary': 'Accept-Encoding', 'Content-Encoding': 'gzip', 'CF-Cache-Status': 'DYNAMIC', 'Report-To': '{"endpoints":[{"url":"https:\\/\\/a.nel.cloudflare.com\\/report\\/v4?s=k0iUAbnHYED%2BYIZa9BKppyOvH%2BZV46JWYlH0eL0MVZQx7Ny9wSHc9tsWIVKyTJCbHjt1Li44VXrRwWFOoAa2yzcV0Ks326xhr0PkajjQymNapP47BGtQw%2Fukf1Ip5EVr"}],"group":"cf-nel","max_age":604800}', 'NEL': '{"success_fraction":0,"report_to":"cf-nel","max_age":604800}', 'Server': 'cloudflare', 'CF-RAY': '897ee7020ab12244-ORD', 'alt-svc': 'h3=":443"; ma=86400'} 
 body={"results":[{"gender":"male","name":{"title":"Mr","first":"بردیا","last":"گلشن"},"location":{"street":{"number":9636,"name":"شهید دکتر آیت"},"city":"بوشهر","state":"ایلام","country":"Iran","postcode":30927,"coordinates":{"latitude":"15.7077","longitude":"-179.0639"},"timezone":{"offset":"-8:00","description":"Pacific Time (US &amp; Canada)"}},"email":"brdy.glshn@example.com","login":{"uuid":"4e2f6423-c857-4591-b418-fd69a73fb59f","username":"bigleopard975","password":"conrad","salt":"VGtEvKhn","md5":"871a767f794fdedbb63158ada66c3fa1","sha1":"c7d9d10490ce01feae89014e86d0f21aaabbc3c7","sha256":"77e4de4ff325533efc83080e9c4766b5ebaedcd783b0d0e30247e970b753bbfb"},"dob":{"date":"1991-03-01T16:23:38.087Z","age":33},"registered":{"date":"2011-01-08T21:30:54.379Z","age":13},"phone":"064-29735933","cell":"0945-527-9912","id":{"name":"","value":null},"picture":{"large":"https://randomuser.me/api/portraits/men/61.jpg","medium":"https://randomuser.me/api/portraits/med/men/61.jpg","thumbnail":"https://randomuser.me/api/portraits/thumb/men/61.jpg"},"nat":"IR"}],"info":{"seed":"0be448c3388ec530","results":1,"page":1,"version":"1.4"}} 
 </msg>
<msg time="2024-06-22T20:14:02.643248" level="INFO">/opt/hostedtoolcache/Python/3.12.4/x64/lib/python3.12/site-packages/urllib3/connectionpool.py:1099: InsecureRequestWarning: Unverified HTTPS request is being made to host 'randomuser.me'. Adding certificate verification is strongly advised. See: https://urllib3.readthedocs.io/en/latest/advanced-usage.html#tls-warnings
  warnings.warn(</msg>
<msg time="2024-06-22T20:14:02.643349" level="INFO">${response} = &lt;Response [200]&gt;</msg>
<var>${response}</var>
<arg>consultarAPI</arg>
<arg>/api</arg>
<doc>Sends a GET request on a previously created HTTP Session.</doc>
<status status="PASS" start="2024-06-22T20:14:02.563504" elapsed="0.079882"/>
</kw>
<kw name="Set Variable" owner="BuiltIn">
<msg time="2024-06-22T20:14:02.644229" level="INFO">${json_data} = {'results': [{'gender': 'male', 'name': {'title': 'Mr', 'first': 'بردیا', 'last': 'گلشن'}, 'location': {'street': {'number': 9636, 'name': 'شهید دکتر آیت'}, 'city': 'بوشهر', 'state': 'ایلام', 'country...</msg>
<var>${json_data}</var>
<arg>${response.json()}</arg>
<doc>Returns the given values which can then be assigned to a variables.</doc>
<status status="PASS" start="2024-06-22T20:14:02.643776" elapsed="0.000483"/>
</kw>
<kw name="Log" owner="BuiltIn">
<msg time="2024-06-22T20:14:02.644747" level="INFO">{'results': [{'gender': 'male', 'name': {'title': 'Mr', 'first': 'بردیا', 'last': 'گلشن'}, 'location': {'street': {'number': 9636, 'name': 'شهید دکتر آیت'}, 'city': 'بوشهر', 'state': 'ایلام', 'country': 'Iran', 'postcode': 30927, 'coordinates': {'latitude': '15.7077', 'longitude': '-179.0639'}, 'timezone': {'offset': '-8:00', 'description': 'Pacific Time (US &amp; Canada)'}}, 'email': 'brdy.glshn@example.com', 'login': {'uuid': '4e2f6423-c857-4591-b418-fd69a73fb59f', 'username': 'bigleopard975', 'password': 'conrad', 'salt': 'VGtEvKhn', 'md5': '871a767f794fdedbb63158ada66c3fa1', 'sha1': 'c7d9d10490ce01feae89014e86d0f21aaabbc3c7', 'sha256': '77e4de4ff325533efc83080e9c4766b5ebaedcd783b0d0e30247e970b753bbfb'}, 'dob': {'date': '1991-03-01T16:23:38.087Z', 'age': 33}, 'registered': {'date': '2011-01-08T21:30:54.379Z', 'age': 13}, 'phone': '064-29735933', 'cell': '0945-527-9912', 'id': {'name': '', 'value': None}, 'picture': {'large': 'https://randomuser.me/api/portraits/men/61.jpg', 'medium': 'https://randomuser.me/api/portraits/med/men/61.jpg', 'thumbnail': 'https://randomuser.me/api/portraits/thumb/men/61.jpg'}, 'nat': 'IR'}], 'info': {'seed': '0be448c3388ec530', 'results': 1, 'page': 1, 'version': '1.4'}}</msg>
<arg>${json_data}</arg>
<doc>Logs the given message with the given level.</doc>
<status status="PASS" start="2024-06-22T20:14:02.644593" elapsed="0.000204"/>
</kw>
<kw name="Should Be Equal As Numbers" owner="BuiltIn">
<arg>${json_data['results'][0]['location']['postcode']}</arg>
<arg>${json_data['results'][0]['location']['postcode']}</arg>
<doc>Fails if objects are unequal after converting them to real numbers.</doc>
<status status="PASS" start="2024-06-22T20:14:02.645088" elapsed="0.000619"/>
</kw>
<kw name="Log" owner="BuiltIn">
<msg time="2024-06-22T20:14:02.646390" level="INFO">30927</msg>
<arg>${json_data['results'][0]['location']['postcode']}</arg>
<doc>Logs the given message with the given level.</doc>
<status status="PASS" start="2024-06-22T20:14:02.645924" elapsed="0.000509"/>
</kw>
<status status="PASS" start="2024-06-22T20:14:02.563285" elapsed="0.083396"/>
</kw>
<doc>Testa se os tipos de dados na resposta da API estão corretos.</doc>
<tag>testeTiposDados</tag>
<status status="PASS" start="2024-06-22T20:14:02.469654" elapsed="0.177183"/>
</test>
<test id="s1-s1-t5" name="Validar conteudo" line="35">
<kw name="Teste de Tipos de Conteudo" owner="random-user-service">
<kw name="GET On Session" owner="RequestsLibrary">
<msg time="2024-06-22T20:14:02.746455" level="INFO">GET Request : url=https://randomuser.me/api 
 path_url=/api 
 headers={'User-Agent': 'python-requests/2.32.3', 'Accept-Encoding': 'gzip, deflate', 'Accept': '*/*', 'Connection': 'keep-alive'} 
 body=None 
 </msg>
<msg time="2024-06-22T20:14:02.746532" level="INFO">GET Response : url=https://randomuser.me/api 
 status=200, reason=OK 
 headers={'Date': 'Sat, 22 Jun 2024 20:14:02 GMT', 'Content-Type': 'application/json; charset=utf-8', 'Transfer-Encoding': 'chunked', 'Connection': 'keep-alive', 'X-Powered-By': 'Express', 'Access-Control-Allow-Origin': '*', 'Cache-Control': 'no-cache', 'ETag': 'W/"48d-IqHuQyv2B45Cx8SSxl7IlhHseGo"', 'Vary': 'Accept-Encoding', 'Content-Encoding': 'gzip', 'CF-Cache-Status': 'DYNAMIC', 'Report-To': '{"endpoints":[{"url":"https:\\/\\/a.nel.cloudflare.com\\/report\\/v4?s=NITLKryJrbmWVNvIRAM3uHJR1pbugFOQbX8ByVpZbFQBhZo5cryzDmGTFIkt0UM1KpYqzHeQw8loIf48aktbZ55qvBYseIw9yljt4bmkVZ9c2brSlP5LYwgAAN5n2AjO"}],"group":"cf-nel","max_age":604800}', 'NEL': '{"success_fraction":0,"report_to":"cf-nel","max_age":604800}', 'Server': 'cloudflare', 'CF-RAY': '897ee7029b472244-ORD', 'alt-svc': 'h3=":443"; ma=86400'} 
 body={"results":[{"gender":"female","name":{"title":"Miss","first":"Irina","last":"Van Opijnen"},"location":{"street":{"number":9708,"name":"Berkenhoflaan"},"city":"Opijnen","state":"Zeeland","country":"Netherlands","postcode":"0483 SS","coordinates":{"latitude":"32.1548","longitude":"173.4248"},"timezone":{"offset":"+9:30","description":"Adelaide, Darwin"}},"email":"irina.vanopijnen@example.com","login":{"uuid":"6d1ef2ae-95fc-4ff4-9fe3-503ab86a370f","username":"bluefrog151","password":"trustme","salt":"t9X77tJ9","md5":"1e3ad24598bd9b196d6745933ce3e2e1","sha1":"6f3abfcb82a3f1bde8e5ac45bc5c402ce5aa10d4","sha256":"7cd834ea21bf9594575744c37df569d97a28da8f97dbebdf92966eab1decef3e"},"dob":{"date":"1958-06-08T18:41:10.160Z","age":66},"registered":{"date":"2015-05-20T04:08:38.678Z","age":9},"phone":"(053) 6240924","cell":"(06) 09414418","id":{"name":"BSN","value":"00819165"},"picture":{"large":"https://randomuser.me/api/portraits/women/70.jpg","medium":"https://randomuser.me/api/portraits/med/women/70.jpg","thumbnail":"https://randomuser.me/api/portraits/thumb/women/70.jpg"},"nat":"NL"}],"info":{"seed":"7c8790a6b7e157dd","results":1,"page":1,"version":"1.4"}} 
 </msg>
<msg time="2024-06-22T20:14:02.746603" level="INFO">/opt/hostedtoolcache/Python/3.12.4/x64/lib/python3.12/site-packages/urllib3/connectionpool.py:1099: InsecureRequestWarning: Unverified HTTPS request is being made to host 'randomuser.me'. Adding certificate verification is strongly advised. See: https://urllib3.readthedocs.io/en/latest/advanced-usage.html#tls-warnings
  warnings.warn(</msg>
<msg time="2024-06-22T20:14:02.746701" level="INFO">${response} = &lt;Response [200]&gt;</msg>
<var>${response}</var>
<arg>consultarAPI</arg>
<arg>/api</arg>
<doc>Sends a GET request on a previously created HTTP Session.</doc>
<status status="PASS" start="2024-06-22T20:14:02.649193" elapsed="0.097536"/>
</kw>
<kw name="Set Variable" owner="BuiltIn">
<msg time="2024-06-22T20:14:02.747546" level="INFO">${json_data} = {'results': [{'gender': 'female', 'name': {'title': 'Miss', 'first': 'Irina', 'last': 'Van Opijnen'}, 'location': {'street': {'number': 9708, 'name': 'Berkenhoflaan'}, 'city': 'Opijnen', 'state': 'Zee...</msg>
<var>${json_data}</var>
<arg>${response.json()}</arg>
<doc>Returns the given values which can then be assigned to a variables.</doc>
<status status="PASS" start="2024-06-22T20:14:02.747098" elapsed="0.000476"/>
</kw>
<kw name="Set Variable" owner="BuiltIn">
<msg time="2024-06-22T20:14:02.748267" level="INFO">${name_title} = Miss</msg>
<var>${name_title}</var>
<arg>${json_data["results"][0]["name"]["title"]}</arg>
<doc>Returns the given values which can then be assigned to a variables.</doc>
<status status="PASS" start="2024-06-22T20:14:02.747878" elapsed="0.000415"/>
</kw>
<kw name="Create List" owner="BuiltIn">
<msg time="2024-06-22T20:14:02.748771" level="INFO">${allowed_titles} = ['Mr', 'Ms', 'Miss', 'Mrs', 'Madame', 'Monsieur']</msg>
<var>${allowed_titles}</var>
<arg>Mr</arg>
<arg>Ms</arg>
<arg>Miss</arg>
<arg>Mrs</arg>
<arg>Madame</arg>
<arg>Monsieur</arg>
<doc>Returns a list containing given items.</doc>
<status status="PASS" start="2024-06-22T20:14:02.748623" elapsed="0.000172"/>
</kw>
<kw name="List Should Contain Value" owner="Collections">
<arg>${allowed_titles}</arg>
<arg>${name_title}</arg>
<doc>Fails if the ``value`` is not found from ``list``.</doc>
<status status="PASS" start="2024-06-22T20:14:02.749084" elapsed="0.000171"/>
</kw>
<kw name="Set Variable" owner="BuiltIn">
<msg time="2024-06-22T20:14:02.749799" level="INFO">${name_country} = NL</msg>
<var>${name_country}</var>
<arg>${json_data["results"][0]["nat"]}</arg>
<doc>Returns the given values which can then be assigned to a variables.</doc>
<status status="PASS" start="2024-06-22T20:14:02.749432" elapsed="0.000392"/>
</kw>
<kw name="Create List" owner="BuiltIn">
<msg time="2024-06-22T20:14:02.750704" level="INFO">${list_country} = ['AD', 'AE', 'AF', 'AG', 'AI', 'AL', 'AM', 'AO', 'AQ', 'AR', 'AS', 'AT', 'AU', 'AW', 'AX', 'AZ', 'BA', 'BB', 'BD', 'BE', 'BF', 'BG', 'BH', 'BI', 'BJ', 'BL', 'BM', 'BN', 'BO', 'BQ', 'BR', 'BS', 'BT', '...</msg>
<var>${list_country}</var>
<arg>AD</arg>
<arg>AE</arg>
<arg>AF</arg>
<arg>AG</arg>
<arg>AI</arg>
<arg>AL</arg>
<arg>AM</arg>
<arg>AO</arg>
<arg>AQ</arg>
<arg>AR</arg>
<arg>AS</arg>
<arg>AT</arg>
<arg>AU</arg>
<arg>AW</arg>
<arg>AX</arg>
<arg>AZ</arg>
<arg>BA</arg>
<arg>BB</arg>
<arg>BD</arg>
<arg>BE</arg>
<arg>BF</arg>
<arg>BG</arg>
<arg>BH</arg>
<arg>BI</arg>
<arg>BJ</arg>
<arg>BL</arg>
<arg>BM</arg>
<arg>BN</arg>
<arg>BO</arg>
<arg>BQ</arg>
<arg>BR</arg>
<arg>BS</arg>
<arg>BT</arg>
<arg>BV</arg>
<arg>BW</arg>
<arg>BY</arg>
<arg>BZ</arg>
<arg>CA</arg>
<arg>CC</arg>
<arg>CD</arg>
<arg>CF</arg>
<arg>CG</arg>
<arg>CH</arg>
<arg>CI</arg>
<arg>CK</arg>
<arg>CL</arg>
<arg>CM</arg>
<arg>CN</arg>
<arg>CO</arg>
<arg>CR</arg>
<arg>CU</arg>
<arg>CV</arg>
<arg>CW</arg>
<arg>CX</arg>
<arg>CY</arg>
<arg>CZ</arg>
<arg>DE</arg>
<arg>DJ</arg>
<arg>DK</arg>
<arg>DM</arg>
<arg>DO</arg>
<arg>DZ</arg>
<arg>EC</arg>
<arg>EE</arg>
<arg>EG</arg>
<arg>EH</arg>
<arg>ER</arg>
<arg>ES</arg>
<arg>ET</arg>
<arg>FI</arg>
<arg>FJ</arg>
<arg>FK</arg>
<arg>FM</arg>
<arg>FO</arg>
<arg>FR</arg>
<arg>GA</arg>
<arg>GB</arg>
<arg>GD</arg>
<arg>GE</arg>
<arg>GF</arg>
<arg>GG</arg>
<arg>GH</arg>
<arg>GI</arg>
<arg>GL</arg>
<arg>GM</arg>
<arg>GN</arg>
<arg>GP</arg>
<arg>GQ</arg>
<arg>GR</arg>
<arg>GS</arg>
<arg>GT</arg>
<arg>GU</arg>
<arg>GW</arg>
<arg>GY</arg>
<arg>HK</arg>
<arg>HM</arg>
<arg>HN</arg>
<arg>HR</arg>
<arg>HT</arg>
<arg>HU</arg>
<arg>ID</arg>
<arg>IE</arg>
<arg>IL</arg>
<arg>IM</arg>
<arg>IN</arg>
<arg>IO</arg>
<arg>IQ</arg>
<arg>IR</arg>
<arg>IS</arg>
<arg>IT</arg>
<arg>JE</arg>
<arg>JM</arg>
<arg>JO</arg>
<arg>JP</arg>
<arg>KE</arg>
<arg>KG</arg>
<arg>KH</arg>
<arg>KI</arg>
<arg>KM</arg>
<arg>KN</arg>
<arg>KP</arg>
<arg>KR</arg>
<arg>KW</arg>
<arg>KY</arg>
<arg>KZ</arg>
<arg>LA</arg>
<arg>LB</arg>
<arg>LC</arg>
<arg>LI</arg>
<arg>LK</arg>
<arg>LR</arg>
<arg>LS</arg>
<arg>LT</arg>
<arg>LU</arg>
<arg>LV</arg>
<arg>LY</arg>
<arg>MA</arg>
<arg>MC</arg>
<arg>MD</arg>
<arg>ME</arg>
<arg>MF</arg>
<arg>MG</arg>
<arg>MH</arg>
<arg>MK</arg>
<arg>ML</arg>
<arg>MM</arg>
<arg>MN</arg>
<arg>MO</arg>
<arg>MP</arg>
<arg>MQ</arg>
<arg>MR</arg>
<arg>MS</arg>
<arg>MT</arg>
<arg>MU</arg>
<arg>MV</arg>
<arg>MW</arg>
<arg>MX</arg>
<arg>MY</arg>
<arg>MZ</arg>
<arg>NA</arg>
<arg>NC</arg>
<arg>NE</arg>
<arg>NF</arg>
<arg>NG</arg>
<arg>NI</arg>
<arg>NL</arg>
<arg>NO</arg>
<arg>NP</arg>
<arg>NR</arg>
<arg>NU</arg>
<arg>NZ</arg>
<arg>OM</arg>
<arg>PA</arg>
<arg>PE</arg>
<arg>PF</arg>
<arg>PG</arg>
<arg>PH</arg>
<arg>PK</arg>
<arg>PL</arg>
<arg>PM</arg>
<arg>PN</arg>
<arg>PR</arg>
<arg>PS</arg>
<arg>PT</arg>
<arg>PW</arg>
<arg>PY</arg>
<arg>QA</arg>
<arg>RE</arg>
<arg>RO</arg>
<arg>RS</arg>
<arg>RU</arg>
<arg>RW</arg>
<arg>SA</arg>
<arg>SB</arg>
<arg>SC</arg>
<arg>SD</arg>
<arg>SE</arg>
<arg>SG</arg>
<arg>SH</arg>
<arg>SI</arg>
<arg>SJ</arg>
<arg>SK</arg>
<arg>SL</arg>
<arg>SM</arg>
<arg>SN</arg>
<arg>SO</arg>
<arg>SR</arg>
<arg>SS</arg>
<arg>ST</arg>
<arg>SV</arg>
<arg>SX</arg>
<arg>SY</arg>
<arg>SZ</arg>
<arg>TC</arg>
<arg>TD</arg>
<arg>TF</arg>
<arg>TG</arg>
<arg>TH</arg>
<arg>TJ</arg>
<arg>TK</arg>
<arg>TL</arg>
<arg>TM</arg>
<arg>TN</arg>
<arg>TO</arg>
<arg>TR</arg>
<arg>TT</arg>
<arg>TV</arg>
<arg>TW</arg>
<arg>TZ</arg>
<arg>UA</arg>
<arg>UG</arg>
<arg>UM</arg>
<arg>US</arg>
<arg>UY</arg>
<arg>UZ</arg>
<arg>VA</arg>
<arg>VC</arg>
<arg>VE</arg>
<arg>VG</arg>
<arg>VI</arg>
<arg>VN</arg>
<arg>VU</arg>
<arg>WF</arg>
<arg>WS</arg>
<arg>XK</arg>
<arg>YE</arg>
<arg>YT</arg>
<arg>ZA</arg>
<arg>ZM</arg>
<arg>ZW</arg>
<doc>Returns a list containing given items.</doc>
<status status="PASS" start="2024-06-22T20:14:02.750109" elapsed="0.000620"/>
</kw>
<kw name="List Should Contain Value" owner="Collections">
<arg>${list_country}</arg>
<arg>${name_country}</arg>
<doc>Fails if the ``value`` is not found from ``list``.</doc>
<status status="PASS" start="2024-06-22T20:14:02.751518" elapsed="0.000204"/>
</kw>
<kw name="Run Keyword If" owner="BuiltIn">
<kw name="Should Be True" owner="BuiltIn">
<arg>${True}</arg>
<doc>Fails if the given condition is not true.</doc>
<status status="PASS" start="2024-06-22T20:14:02.752706" elapsed="0.000139"/>
</kw>
<arg>${json_data["results"][0]["location"]["coordinates"]["latitude"]} &gt;= -90 and ${json_data["results"][0]["location"]["coordinates"]["latitude"]} &lt;= 90</arg>
<arg>Should Be True</arg>
<arg>${True}</arg>
<doc>Runs the given keyword with the given arguments, if ``condition`` is true.</doc>
<status status="PASS" start="2024-06-22T20:14:02.751931" elapsed="0.001039"/>
</kw>
<kw name="Run Keyword If" owner="BuiltIn">
<kw name="Should Be True" owner="BuiltIn">
<arg>${True}</arg>
<doc>Fails if the given condition is not true.</doc>
<status status="PASS" start="2024-06-22T20:14:02.753849" elapsed="0.000236"/>
</kw>
<arg>${json_data["results"][0]["location"]["coordinates"]["longitude"]} &gt;= -180 and ${json_data["results"][0]["location"]["coordinates"]["longitude"]} &lt;= 180</arg>
<arg>Should Be True</arg>
<arg>${True}</arg>
<doc>Runs the given keyword with the given arguments, if ``condition`` is true.</doc>
<status status="PASS" start="2024-06-22T20:14:02.753148" elapsed="0.001064"/>
</kw>
<status status="PASS" start="2024-06-22T20:14:02.648983" elapsed="0.105357"/>
</kw>
<doc>Testa o conteúdo específico dos campos retornados pela API.</doc>
<tag>testeConteudo</tag>
<status status="PASS" start="2024-06-22T20:14:02.648570" elapsed="0.105910"/>
</test>
<status status="PASS" start="2024-06-22T20:14:01.911328" elapsed="0.845054"/>
</suite>
<status status="PASS" start="2024-06-22T20:14:01.896931" elapsed="0.864480"/>
</suite>
<statistics>
<total>
<stat pass="5" fail="0" skip="0">All Tests</stat>
</total>
<tag>
<stat pass="1" fail="0" skip="0">testeConteudo</stat>
<stat pass="1" fail="0" skip="0">testeEstruturaResposta</stat>
<stat pass="1" fail="0" skip="0">testeRequisicaoBasica</stat>
<stat pass="1" fail="0" skip="0">testeTiposDados</stat>
</tag>
<suite>
<stat pass="5" fail="0" skip="0" id="s1" name="Tests">Tests</stat>
<stat pass="5" fail="0" skip="0" id="s1-s1" name="Random-User-Test">Tests.Random-User-Test</stat>
</suite>
</statistics>
<errors>
</errors>
</robot>
