<?xml version="1.0" encoding="UTF-8"?>
<robot generator="Robot 7.0 (Python 3.12.3 on linux)" generated="2024-04-27T12:23:21.675490" rpa="false" schemaversion="5">
<suite id="s1" name="Tests" source="/home/runner/work/DesafioQAItauRogerioJordao/DesafioQAItauRogerioJordao/RamdonUser/tests">
<suite id="s1-s1" name="Random-User-Test" source="/home/runner/work/DesafioQAItauRogerioJordao/DesafioQAItauRogerioJordao/RamdonUser/tests/random-user-test.robot">
<test id="s1-s1-t1" name="Conectar" line="13">
<kw name="Conectar API" owner="random-user-service">
<kw name="Create Session" owner="RequestsLibrary">
<msg time="2024-04-27T12:23:22.079267" level="INFO">Creating Session using : alias=consultarAPI, url=https://randomuser.me/, headers={},                     cookies={}, auth=None, timeout=None, proxies=None, verify=False,                     debug=0 </msg>
<arg>consultarAPI</arg>
<arg>${URL}</arg>
<doc>Create Session: create a HTTP session to a server</doc>
<status status="PASS" start="2024-04-27T12:23:22.079061" elapsed="0.000395"/>
</kw>
<status status="PASS" start="2024-04-27T12:23:22.078049" elapsed="0.001827"/>
</kw>
<status status="PASS" start="2024-04-27T12:23:22.077394" elapsed="0.002749"/>
</test>
<test id="s1-s1-t2" name="Validar retorno 200 e JSON Válido" line="16">
<kw name="Teste de Requisicao Basica" owner="random-user-service">
<kw name="GET On Session" owner="RequestsLibrary">
<msg time="2024-04-27T12:23:22.341421" level="INFO">GET Request : url=https://randomuser.me/api 
 path_url=/api 
 headers={'User-Agent': 'python-requests/2.31.0', 'Accept-Encoding': 'gzip, deflate', 'Accept': '*/*', 'Connection': 'keep-alive'} 
 body=None 
 </msg>
<msg time="2024-04-27T12:23:22.341571" level="INFO">GET Response : url=https://randomuser.me/api 
 status=200, reason=OK 
 headers={'Date': 'Sat, 27 Apr 2024 12:23:22 GMT', 'Content-Type': 'application/json; charset=utf-8', 'Transfer-Encoding': 'chunked', 'Connection': 'keep-alive', 'X-Powered-By': 'Express', 'Access-Control-Allow-Origin': '*', 'Cache-Control': 'no-cache', 'ETag': 'W/"488-LCP40cPolsY2yqQbPWWn5ZvTAxk"', 'Vary': 'Accept-Encoding', 'Content-Encoding': 'gzip', 'CF-Cache-Status': 'DYNAMIC', 'Report-To': '{"endpoints":[{"url":"https:\\/\\/a.nel.cloudflare.com\\/report\\/v4?s=4vnbu0ko%2BiLA3mNQq8OJr%2BkTV2%2BmWdQzztzu1mnXN1Cgr1DGe4GVQf9t9Pq0bE5jt5UlqrIazDDE8DqL3O1YkKUhY%2F8VO7KZj%2B%2FalDHOiNI1uxp0Q2pzJb1JNzinJanu"}],"group":"cf-nel","max_age":604800}', 'NEL': '{"success_fraction":0,"report_to":"cf-nel","max_age":604800}', 'Server': 'cloudflare', 'CF-RAY': '87aec88c392f1068-ORD', 'alt-svc': 'h3=":443"; ma=86400'} 
 body={"results":[{"gender":"female","name":{"title":"Ms","first":"Mia","last":"Li"},"location":{"street":{"number":2422,"name":"North Street"},"city":"Wellington","state":"Waikato","country":"New Zealand","postcode":99681,"coordinates":{"latitude":"47.3299","longitude":"136.1542"},"timezone":{"offset":"-5:00","description":"Eastern Time (US &amp; Canada), Bogota, Lima"}},"email":"mia.li@example.com","login":{"uuid":"a7e439ed-f102-4bb0-b4c2-d770f4426692","username":"blacksnake514","password":"sausage","salt":"eajSRaBq","md5":"47526cad2b7e9d4180fdc6471053ca73","sha1":"bdaeca929a6f6b4ceca73a70e471688605a4ceb4","sha256":"5657d2b90d28afb7c964d87ab5375dabdd9972be0c88416fde96f2ae5addf39c"},"dob":{"date":"1972-10-30T22:07:03.563Z","age":51},"registered":{"date":"2003-06-21T09:22:39.840Z","age":20},"phone":"(231)-446-1397","cell":"(947)-510-2413","id":{"name":"","value":null},"picture":{"large":"https://randomuser.me/api/portraits/women/93.jpg","medium":"https://randomuser.me/api/portraits/med/women/93.jpg","thumbnail":"https://randomuser.me/api/portraits/thumb/women/93.jpg"},"nat":"NZ"}],"info":{"seed":"265f809623b16fc5","results":1,"page":1,"version":"1.4"}} 
 </msg>
<msg time="2024-04-27T12:23:22.341651" level="INFO">/opt/hostedtoolcache/Python/3.12.3/x64/lib/python3.12/site-packages/urllib3/connectionpool.py:1103: InsecureRequestWarning: Unverified HTTPS request is being made to host 'randomuser.me'. Adding certificate verification is strongly advised. See: https://urllib3.readthedocs.io/en/latest/advanced-usage.html#tls-warnings
  warnings.warn(</msg>
<msg time="2024-04-27T12:23:22.341812" level="INFO">${response} = &lt;Response [200]&gt;</msg>
<var>${response}</var>
<arg>consultarAPI</arg>
<arg>/api</arg>
<doc>Sends a GET request on a previously created HTTP Session.</doc>
<status status="PASS" start="2024-04-27T12:23:22.083010" elapsed="0.258844"/>
</kw>
<kw name="Should Be Equal As Numbers" owner="BuiltIn">
<msg time="2024-04-27T12:23:22.342868" level="INFO">Argument types are:
&lt;class 'int'&gt;
&lt;class 'str'&gt;</msg>
<arg>${response.status_code}</arg>
<arg>200</arg>
<doc>Fails if objects are unequal after converting them to real numbers.</doc>
<status status="PASS" start="2024-04-27T12:23:22.342415" elapsed="0.000516"/>
</kw>
<kw name="Log" owner="BuiltIn">
<msg time="2024-04-27T12:23:22.343631" level="INFO">200</msg>
<arg>${response.status_code}</arg>
<doc>Logs the given message with the given level.</doc>
<status status="PASS" start="2024-04-27T12:23:22.343272" elapsed="0.000401"/>
</kw>
<kw name="Set Variable" owner="BuiltIn">
<msg time="2024-04-27T12:23:22.344411" level="INFO">${json_data} = {'results': [{'gender': 'female', 'name': {'title': 'Ms', 'first': 'Mia', 'last': 'Li'}, 'location': {'street': {'number': 2422, 'name': 'North Street'}, 'city': 'Wellington', 'state': 'Waikato', 'cou...</msg>
<var>${json_data}</var>
<arg>${response.json()}</arg>
<doc>Returns the given values which can then be assigned to a variables.</doc>
<status status="PASS" start="2024-04-27T12:23:22.343976" elapsed="0.000464"/>
</kw>
<kw name="Dictionary Should Contain Key" owner="Collections">
<msg time="2024-04-27T12:23:22.344902" level="INFO">False</msg>
<arg>${json_data}</arg>
<arg>results</arg>
<doc>Fails if ``key`` is not found from ``dictionary``.</doc>
<status status="PASS" start="2024-04-27T12:23:22.344737" elapsed="0.000204"/>
</kw>
<status status="PASS" start="2024-04-27T12:23:22.082765" elapsed="0.262437"/>
</kw>
<doc>Testa se a API responde corretamente e retorna um objeto JSON válido.</doc>
<tag>testeRequisicaoBasica</tag>
<status status="PASS" start="2024-04-27T12:23:22.082194" elapsed="0.263190"/>
</test>
<test id="s1-s1-t3" name="Validar estrutura de resposta" line="22">
<kw name="Teste de Estrutura de Resposta" owner="random-user-service">
<kw name="GET On Session" owner="RequestsLibrary">
<msg time="2024-04-27T12:23:22.419928" level="INFO">GET Request : url=https://randomuser.me/api 
 path_url=/api 
 headers={'User-Agent': 'python-requests/2.31.0', 'Accept-Encoding': 'gzip, deflate', 'Accept': '*/*', 'Connection': 'keep-alive'} 
 body=None 
 </msg>
<msg time="2024-04-27T12:23:22.420022" level="INFO">GET Response : url=https://randomuser.me/api 
 status=200, reason=OK 
 headers={'Date': 'Sat, 27 Apr 2024 12:23:22 GMT', 'Content-Type': 'application/json; charset=utf-8', 'Transfer-Encoding': 'chunked', 'Connection': 'keep-alive', 'X-Powered-By': 'Express', 'Access-Control-Allow-Origin': '*', 'Cache-Control': 'no-cache', 'ETag': 'W/"4a6-NG9Kk8zqOrwX7ZjKo/E+8rfQ3ec"', 'Vary': 'Accept-Encoding', 'Content-Encoding': 'gzip', 'CF-Cache-Status': 'DYNAMIC', 'Report-To': '{"endpoints":[{"url":"https:\\/\\/a.nel.cloudflare.com\\/report\\/v4?s=m9N0s37Lrdl%2B9nTjwMoYbM%2Bjkil89R4w%2BiXt1LuFFP8BtMaHe6LPKVuRPSrPBOnfaBNCtrbndiF2BATirVSxAVSq8YKXVIFrkmjtIRUpLSjATsn5K83C4Z1yKdS7HclN"}],"group":"cf-nel","max_age":604800}', 'NEL': '{"success_fraction":0,"report_to":"cf-nel","max_age":604800}', 'Server': 'cloudflare', 'CF-RAY': '87aec88cb9bd1068-ORD', 'alt-svc': 'h3=":443"; ma=86400'} 
 body={"results":[{"gender":"male","name":{"title":"Mr","first":"Gaël","last":"Roger"},"location":{"street":{"number":7167,"name":"Rue des Cuirassiers"},"city":"Vitry-sur-Seine","state":"Aude","country":"France","postcode":84544,"coordinates":{"latitude":"-17.0516","longitude":"-95.8421"},"timezone":{"offset":"+5:00","description":"Ekaterinburg, Islamabad, Karachi, Tashkent"}},"email":"gael.roger@example.com","login":{"uuid":"5eabbf1d-5046-451b-819a-174f0be1862b","username":"organicostrich173","password":"aspire","salt":"varzveRF","md5":"1166058070f43a4d581b29c375391f07","sha1":"7ae4a7ff74140de45ff82d8a3b78e4beaba3e83d","sha256":"5cbccefe142d876b1fd406483ca0ae2505b2801406e1e64674015b81367daac5"},"dob":{"date":"1969-11-18T12:37:25.790Z","age":54},"registered":{"date":"2008-04-04T01:15:02.701Z","age":16},"phone":"01-78-05-31-76","cell":"06-55-64-34-74","id":{"name":"INSEE","value":"1691065399519 42"},"picture":{"large":"https://randomuser.me/api/portraits/men/94.jpg","medium":"https://randomuser.me/api/portraits/med/men/94.jpg","thumbnail":"https://randomuser.me/api/portraits/thumb/men/94.jpg"},"nat":"FR"}],"info":{"seed":"dd49f26d5862caab","results":1,"page":1,"version":"1.4"}} 
 </msg>
<msg time="2024-04-27T12:23:22.420153" level="INFO">/opt/hostedtoolcache/Python/3.12.3/x64/lib/python3.12/site-packages/urllib3/connectionpool.py:1103: InsecureRequestWarning: Unverified HTTPS request is being made to host 'randomuser.me'. Adding certificate verification is strongly advised. See: https://urllib3.readthedocs.io/en/latest/advanced-usage.html#tls-warnings
  warnings.warn(</msg>
<msg time="2024-04-27T12:23:22.420305" level="INFO">${response} = &lt;Response [200]&gt;</msg>
<var>${response}</var>
<arg>consultarAPI</arg>
<arg>/api</arg>
<doc>Sends a GET request on a previously created HTTP Session.</doc>
<status status="PASS" start="2024-04-27T12:23:22.348016" elapsed="0.072339"/>
</kw>
<kw name="Set Variable" owner="BuiltIn">
<msg time="2024-04-27T12:23:22.421304" level="INFO">${json_data} = {'results': [{'gender': 'male', 'name': {'title': 'Mr', 'first': 'Gaël', 'last': 'Roger'}, 'location': {'street': {'number': 7167, 'name': 'Rue des Cuirassiers'}, 'city': 'Vitry-sur-Seine', 'state': '...</msg>
<var>${json_data}</var>
<arg>${response.json()}</arg>
<doc>Returns the given values which can then be assigned to a variables.</doc>
<status status="PASS" start="2024-04-27T12:23:22.420814" elapsed="0.000520"/>
</kw>
<kw name="Log" owner="BuiltIn">
<msg time="2024-04-27T12:23:22.421806" level="INFO">{'results': [{'gender': 'male', 'name': {'title': 'Mr', 'first': 'Gaël', 'last': 'Roger'}, 'location': {'street': {'number': 7167, 'name': 'Rue des Cuirassiers'}, 'city': 'Vitry-sur-Seine', 'state': 'Aude', 'country': 'France', 'postcode': 84544, 'coordinates': {'latitude': '-17.0516', 'longitude': '-95.8421'}, 'timezone': {'offset': '+5:00', 'description': 'Ekaterinburg, Islamabad, Karachi, Tashkent'}}, 'email': 'gael.roger@example.com', 'login': {'uuid': '5eabbf1d-5046-451b-819a-174f0be1862b', 'username': 'organicostrich173', 'password': 'aspire', 'salt': 'varzveRF', 'md5': '1166058070f43a4d581b29c375391f07', 'sha1': '7ae4a7ff74140de45ff82d8a3b78e4beaba3e83d', 'sha256': '5cbccefe142d876b1fd406483ca0ae2505b2801406e1e64674015b81367daac5'}, 'dob': {'date': '1969-11-18T12:37:25.790Z', 'age': 54}, 'registered': {'date': '2008-04-04T01:15:02.701Z', 'age': 16}, 'phone': '01-78-05-31-76', 'cell': '06-55-64-34-74', 'id': {'name': 'INSEE', 'value': '1691065399519 42'}, 'picture': {'large': 'https://randomuser.me/api/portraits/men/94.jpg', 'medium': 'https://randomuser.me/api/portraits/med/men/94.jpg', 'thumbnail': 'https://randomuser.me/api/portraits/thumb/men/94.jpg'}, 'nat': 'FR'}], 'info': {'seed': 'dd49f26d5862caab', 'results': 1, 'page': 1, 'version': '1.4'}}</msg>
<arg>${json_data}</arg>
<doc>Logs the given message with the given level.</doc>
<status status="PASS" start="2024-04-27T12:23:22.421646" elapsed="0.000209"/>
</kw>
<kw name="Dictionary Should Contain Key" owner="Collections">
<msg time="2024-04-27T12:23:22.422349" level="INFO">False</msg>
<arg>${json_data}</arg>
<arg>results</arg>
<doc>Fails if ``key`` is not found from ``dictionary``.</doc>
<status status="PASS" start="2024-04-27T12:23:22.422155" elapsed="0.000236"/>
</kw>
<kw name="Should Not Be Empty" owner="BuiltIn">
<msg time="2024-04-27T12:23:22.422823" level="INFO">Length is 2.</msg>
<arg>${json_data}</arg>
<doc>Verifies that the given item is not empty.</doc>
<status status="PASS" start="2024-04-27T12:23:22.422690" elapsed="0.000171"/>
</kw>
<kw name="Create List" owner="BuiltIn">
<msg time="2024-04-27T12:23:22.423446" level="INFO">${expected_keys} = ['gender', 'name', 'location', 'email', 'login']</msg>
<var>${expected_keys}</var>
<arg>gender</arg>
<arg>name</arg>
<arg>location</arg>
<arg>email</arg>
<arg>login</arg>
<doc>Returns a list containing given items.</doc>
<status status="PASS" start="2024-04-27T12:23:22.423149" elapsed="0.000321"/>
</kw>
<for flavor="IN">
<iter>
<kw name="Dictionary Should Contain Key" owner="Collections">
<msg time="2024-04-27T12:23:22.424456" level="INFO">False</msg>
<arg>${json_data['results'][0]}</arg>
<arg>${key}</arg>
<doc>Fails if ``key`` is not found from ``dictionary``.</doc>
<status status="PASS" start="2024-04-27T12:23:22.424057" elapsed="0.000438"/>
</kw>
<kw name="Log" owner="BuiltIn">
<msg time="2024-04-27T12:23:22.425170" level="INFO">{'gender': 'male', 'name': {'title': 'Mr', 'first': 'Gaël', 'last': 'Roger'}, 'location': {'street': {'number': 7167, 'name': 'Rue des Cuirassiers'}, 'city': 'Vitry-sur-Seine', 'state': 'Aude', 'country': 'France', 'postcode': 84544, 'coordinates': {'latitude': '-17.0516', 'longitude': '-95.8421'}, 'timezone': {'offset': '+5:00', 'description': 'Ekaterinburg, Islamabad, Karachi, Tashkent'}}, 'email': 'gael.roger@example.com', 'login': {'uuid': '5eabbf1d-5046-451b-819a-174f0be1862b', 'username': 'organicostrich173', 'password': 'aspire', 'salt': 'varzveRF', 'md5': '1166058070f43a4d581b29c375391f07', 'sha1': '7ae4a7ff74140de45ff82d8a3b78e4beaba3e83d', 'sha256': '5cbccefe142d876b1fd406483ca0ae2505b2801406e1e64674015b81367daac5'}, 'dob': {'date': '1969-11-18T12:37:25.790Z', 'age': 54}, 'registered': {'date': '2008-04-04T01:15:02.701Z', 'age': 16}, 'phone': '01-78-05-31-76', 'cell': '06-55-64-34-74', 'id': {'name': 'INSEE', 'value': '1691065399519 42'}, 'picture': {'large': 'https://randomuser.me/api/portraits/men/94.jpg', 'medium': 'https://randomuser.me/api/portraits/med/men/94.jpg', 'thumbnail': 'https://randomuser.me/api/portraits/thumb/men/94.jpg'}, 'nat': 'FR'}</msg>
<arg>${json_data['results'][0]}</arg>
<doc>Logs the given message with the given level.</doc>
<status status="PASS" start="2024-04-27T12:23:22.424799" elapsed="0.000421"/>
</kw>
<kw name="Log" owner="BuiltIn">
<msg time="2024-04-27T12:23:22.425642" level="INFO">gender</msg>
<arg>${key}</arg>
<doc>Logs the given message with the given level.</doc>
<status status="PASS" start="2024-04-27T12:23:22.425514" elapsed="0.000164"/>
</kw>
<var name="${key}">gender</var>
<status status="PASS" start="2024-04-27T12:23:22.423930" elapsed="0.001961"/>
</iter>
<iter>
<kw name="Dictionary Should Contain Key" owner="Collections">
<msg time="2024-04-27T12:23:22.426603" level="INFO">False</msg>
<arg>${json_data['results'][0]}</arg>
<arg>${key}</arg>
<doc>Fails if ``key`` is not found from ``dictionary``.</doc>
<status status="PASS" start="2024-04-27T12:23:22.426196" elapsed="0.000447"/>
</kw>
<kw name="Log" owner="BuiltIn">
<msg time="2024-04-27T12:23:22.427341" level="INFO">{'gender': 'male', 'name': {'title': 'Mr', 'first': 'Gaël', 'last': 'Roger'}, 'location': {'street': {'number': 7167, 'name': 'Rue des Cuirassiers'}, 'city': 'Vitry-sur-Seine', 'state': 'Aude', 'country': 'France', 'postcode': 84544, 'coordinates': {'latitude': '-17.0516', 'longitude': '-95.8421'}, 'timezone': {'offset': '+5:00', 'description': 'Ekaterinburg, Islamabad, Karachi, Tashkent'}}, 'email': 'gael.roger@example.com', 'login': {'uuid': '5eabbf1d-5046-451b-819a-174f0be1862b', 'username': 'organicostrich173', 'password': 'aspire', 'salt': 'varzveRF', 'md5': '1166058070f43a4d581b29c375391f07', 'sha1': '7ae4a7ff74140de45ff82d8a3b78e4beaba3e83d', 'sha256': '5cbccefe142d876b1fd406483ca0ae2505b2801406e1e64674015b81367daac5'}, 'dob': {'date': '1969-11-18T12:37:25.790Z', 'age': 54}, 'registered': {'date': '2008-04-04T01:15:02.701Z', 'age': 16}, 'phone': '01-78-05-31-76', 'cell': '06-55-64-34-74', 'id': {'name': 'INSEE', 'value': '1691065399519 42'}, 'picture': {'large': 'https://randomuser.me/api/portraits/men/94.jpg', 'medium': 'https://randomuser.me/api/portraits/med/men/94.jpg', 'thumbnail': 'https://randomuser.me/api/portraits/thumb/men/94.jpg'}, 'nat': 'FR'}</msg>
<arg>${json_data['results'][0]}</arg>
<doc>Logs the given message with the given level.</doc>
<status status="PASS" start="2024-04-27T12:23:22.426968" elapsed="0.000423"/>
</kw>
<kw name="Log" owner="BuiltIn">
<msg time="2024-04-27T12:23:22.427831" level="INFO">name</msg>
<arg>${key}</arg>
<doc>Logs the given message with the given level.</doc>
<status status="PASS" start="2024-04-27T12:23:22.427693" elapsed="0.000175"/>
</kw>
<var name="${key}">name</var>
<status status="PASS" start="2024-04-27T12:23:22.426079" elapsed="0.002000"/>
</iter>
<iter>
<kw name="Dictionary Should Contain Key" owner="Collections">
<msg time="2024-04-27T12:23:22.428751" level="INFO">False</msg>
<arg>${json_data['results'][0]}</arg>
<arg>${key}</arg>
<doc>Fails if ``key`` is not found from ``dictionary``.</doc>
<status status="PASS" start="2024-04-27T12:23:22.428365" elapsed="0.000423"/>
</kw>
<kw name="Log" owner="BuiltIn">
<msg time="2024-04-27T12:23:22.429435" level="INFO">{'gender': 'male', 'name': {'title': 'Mr', 'first': 'Gaël', 'last': 'Roger'}, 'location': {'street': {'number': 7167, 'name': 'Rue des Cuirassiers'}, 'city': 'Vitry-sur-Seine', 'state': 'Aude', 'country': 'France', 'postcode': 84544, 'coordinates': {'latitude': '-17.0516', 'longitude': '-95.8421'}, 'timezone': {'offset': '+5:00', 'description': 'Ekaterinburg, Islamabad, Karachi, Tashkent'}}, 'email': 'gael.roger@example.com', 'login': {'uuid': '5eabbf1d-5046-451b-819a-174f0be1862b', 'username': 'organicostrich173', 'password': 'aspire', 'salt': 'varzveRF', 'md5': '1166058070f43a4d581b29c375391f07', 'sha1': '7ae4a7ff74140de45ff82d8a3b78e4beaba3e83d', 'sha256': '5cbccefe142d876b1fd406483ca0ae2505b2801406e1e64674015b81367daac5'}, 'dob': {'date': '1969-11-18T12:37:25.790Z', 'age': 54}, 'registered': {'date': '2008-04-04T01:15:02.701Z', 'age': 16}, 'phone': '01-78-05-31-76', 'cell': '06-55-64-34-74', 'id': {'name': 'INSEE', 'value': '1691065399519 42'}, 'picture': {'large': 'https://randomuser.me/api/portraits/men/94.jpg', 'medium': 'https://randomuser.me/api/portraits/med/men/94.jpg', 'thumbnail': 'https://randomuser.me/api/portraits/thumb/men/94.jpg'}, 'nat': 'FR'}</msg>
<arg>${json_data['results'][0]}</arg>
<doc>Logs the given message with the given level.</doc>
<status status="PASS" start="2024-04-27T12:23:22.429076" elapsed="0.000408"/>
</kw>
<kw name="Log" owner="BuiltIn">
<msg time="2024-04-27T12:23:22.429902" level="INFO">location</msg>
<arg>${key}</arg>
<doc>Logs the given message with the given level.</doc>
<status status="PASS" start="2024-04-27T12:23:22.429778" elapsed="0.000162"/>
</kw>
<var name="${key}">location</var>
<status status="PASS" start="2024-04-27T12:23:22.428253" elapsed="0.001897"/>
</iter>
<iter>
<kw name="Dictionary Should Contain Key" owner="Collections">
<msg time="2024-04-27T12:23:22.430864" level="INFO">False</msg>
<arg>${json_data['results'][0]}</arg>
<arg>${key}</arg>
<doc>Fails if ``key`` is not found from ``dictionary``.</doc>
<status status="PASS" start="2024-04-27T12:23:22.430479" elapsed="0.000423"/>
</kw>
<kw name="Log" owner="BuiltIn">
<msg time="2024-04-27T12:23:22.431555" level="INFO">{'gender': 'male', 'name': {'title': 'Mr', 'first': 'Gaël', 'last': 'Roger'}, 'location': {'street': {'number': 7167, 'name': 'Rue des Cuirassiers'}, 'city': 'Vitry-sur-Seine', 'state': 'Aude', 'country': 'France', 'postcode': 84544, 'coordinates': {'latitude': '-17.0516', 'longitude': '-95.8421'}, 'timezone': {'offset': '+5:00', 'description': 'Ekaterinburg, Islamabad, Karachi, Tashkent'}}, 'email': 'gael.roger@example.com', 'login': {'uuid': '5eabbf1d-5046-451b-819a-174f0be1862b', 'username': 'organicostrich173', 'password': 'aspire', 'salt': 'varzveRF', 'md5': '1166058070f43a4d581b29c375391f07', 'sha1': '7ae4a7ff74140de45ff82d8a3b78e4beaba3e83d', 'sha256': '5cbccefe142d876b1fd406483ca0ae2505b2801406e1e64674015b81367daac5'}, 'dob': {'date': '1969-11-18T12:37:25.790Z', 'age': 54}, 'registered': {'date': '2008-04-04T01:15:02.701Z', 'age': 16}, 'phone': '01-78-05-31-76', 'cell': '06-55-64-34-74', 'id': {'name': 'INSEE', 'value': '1691065399519 42'}, 'picture': {'large': 'https://randomuser.me/api/portraits/men/94.jpg', 'medium': 'https://randomuser.me/api/portraits/med/men/94.jpg', 'thumbnail': 'https://randomuser.me/api/portraits/thumb/men/94.jpg'}, 'nat': 'FR'}</msg>
<arg>${json_data['results'][0]}</arg>
<doc>Logs the given message with the given level.</doc>
<status status="PASS" start="2024-04-27T12:23:22.431199" elapsed="0.000405"/>
</kw>
<kw name="Log" owner="BuiltIn">
<msg time="2024-04-27T12:23:22.432017" level="INFO">email</msg>
<arg>${key}</arg>
<doc>Logs the given message with the given level.</doc>
<status status="PASS" start="2024-04-27T12:23:22.431892" elapsed="0.000163"/>
</kw>
<var name="${key}">email</var>
<status status="PASS" start="2024-04-27T12:23:22.430357" elapsed="0.001913"/>
</iter>
<iter>
<kw name="Dictionary Should Contain Key" owner="Collections">
<msg time="2024-04-27T12:23:22.432941" level="INFO">False</msg>
<arg>${json_data['results'][0]}</arg>
<arg>${key}</arg>
<doc>Fails if ``key`` is not found from ``dictionary``.</doc>
<status status="PASS" start="2024-04-27T12:23:22.432549" elapsed="0.000430"/>
</kw>
<kw name="Log" owner="BuiltIn">
<msg time="2024-04-27T12:23:22.433630" level="INFO">{'gender': 'male', 'name': {'title': 'Mr', 'first': 'Gaël', 'last': 'Roger'}, 'location': {'street': {'number': 7167, 'name': 'Rue des Cuirassiers'}, 'city': 'Vitry-sur-Seine', 'state': 'Aude', 'country': 'France', 'postcode': 84544, 'coordinates': {'latitude': '-17.0516', 'longitude': '-95.8421'}, 'timezone': {'offset': '+5:00', 'description': 'Ekaterinburg, Islamabad, Karachi, Tashkent'}}, 'email': 'gael.roger@example.com', 'login': {'uuid': '5eabbf1d-5046-451b-819a-174f0be1862b', 'username': 'organicostrich173', 'password': 'aspire', 'salt': 'varzveRF', 'md5': '1166058070f43a4d581b29c375391f07', 'sha1': '7ae4a7ff74140de45ff82d8a3b78e4beaba3e83d', 'sha256': '5cbccefe142d876b1fd406483ca0ae2505b2801406e1e64674015b81367daac5'}, 'dob': {'date': '1969-11-18T12:37:25.790Z', 'age': 54}, 'registered': {'date': '2008-04-04T01:15:02.701Z', 'age': 16}, 'phone': '01-78-05-31-76', 'cell': '06-55-64-34-74', 'id': {'name': 'INSEE', 'value': '1691065399519 42'}, 'picture': {'large': 'https://randomuser.me/api/portraits/men/94.jpg', 'medium': 'https://randomuser.me/api/portraits/med/men/94.jpg', 'thumbnail': 'https://randomuser.me/api/portraits/thumb/men/94.jpg'}, 'nat': 'FR'}</msg>
<arg>${json_data['results'][0]}</arg>
<doc>Logs the given message with the given level.</doc>
<status status="PASS" start="2024-04-27T12:23:22.433268" elapsed="0.000412"/>
</kw>
<kw name="Log" owner="BuiltIn">
<msg time="2024-04-27T12:23:22.434095" level="INFO">login</msg>
<arg>${key}</arg>
<doc>Logs the given message with the given level.</doc>
<status status="PASS" start="2024-04-27T12:23:22.433970" elapsed="0.000192"/>
</kw>
<var name="${key}">login</var>
<status status="PASS" start="2024-04-27T12:23:22.432439" elapsed="0.001968"/>
</iter>
<var>${key}</var>
<value>@{expected_keys}</value>
<status status="PASS" start="2024-04-27T12:23:22.423737" elapsed="0.010790"/>
</for>
<kw name="Create List" owner="BuiltIn">
<msg time="2024-04-27T12:23:22.434854" level="INFO">${expected_keysTwo} = ['username', 'password']</msg>
<var>${expected_keysTwo}</var>
<arg>username</arg>
<arg>password</arg>
<doc>Returns a list containing given items.</doc>
<status status="PASS" start="2024-04-27T12:23:22.434717" elapsed="0.000161"/>
</kw>
<for flavor="IN">
<iter>
<kw name="Dictionary Should Contain Key" owner="Collections">
<msg time="2024-04-27T12:23:22.435784" level="INFO">False</msg>
<arg>${json_data['results'][0]['login']}</arg>
<arg>${keyTwo}</arg>
<doc>Fails if ``key`` is not found from ``dictionary``.</doc>
<status status="PASS" start="2024-04-27T12:23:22.435384" elapsed="0.000438"/>
</kw>
<kw name="Dictionary Should Contain Key" owner="Collections">
<msg time="2024-04-27T12:23:22.436499" level="INFO">False</msg>
<arg>${json_data['results'][0]['login']}</arg>
<arg>${keyTwo}</arg>
<doc>Fails if ``key`` is not found from ``dictionary``.</doc>
<status status="PASS" start="2024-04-27T12:23:22.436115" elapsed="0.000422"/>
</kw>
<kw name="Log" owner="BuiltIn">
<msg time="2024-04-27T12:23:22.436954" level="INFO">username</msg>
<arg>${keyTwo}</arg>
<doc>Logs the given message with the given level.</doc>
<status status="PASS" start="2024-04-27T12:23:22.436828" elapsed="0.000171"/>
</kw>
<var name="${keyTwo}">username</var>
<status status="PASS" start="2024-04-27T12:23:22.435275" elapsed="0.001941"/>
</iter>
<iter>
<kw name="Dictionary Should Contain Key" owner="Collections">
<msg time="2024-04-27T12:23:22.437879" level="INFO">False</msg>
<arg>${json_data['results'][0]['login']}</arg>
<arg>${keyTwo}</arg>
<doc>Fails if ``key`` is not found from ``dictionary``.</doc>
<status status="PASS" start="2024-04-27T12:23:22.437497" elapsed="0.000420"/>
</kw>
<kw name="Dictionary Should Contain Key" owner="Collections">
<msg time="2024-04-27T12:23:22.438710" level="INFO">False</msg>
<arg>${json_data['results'][0]['login']}</arg>
<arg>${keyTwo}</arg>
<doc>Fails if ``key`` is not found from ``dictionary``.</doc>
<status status="PASS" start="2024-04-27T12:23:22.438209" elapsed="0.000541"/>
</kw>
<kw name="Log" owner="BuiltIn">
<msg time="2024-04-27T12:23:22.439180" level="INFO">password</msg>
<arg>${keyTwo}</arg>
<doc>Logs the given message with the given level.</doc>
<status status="PASS" start="2024-04-27T12:23:22.439051" elapsed="0.000168"/>
</kw>
<var name="${keyTwo}">password</var>
<status status="PASS" start="2024-04-27T12:23:22.437388" elapsed="0.002043"/>
</iter>
<var>${keyTwo}</var>
<value>@{expected_keysTwo}</value>
<status status="PASS" start="2024-04-27T12:23:22.435120" elapsed="0.004431"/>
</for>
<status status="PASS" start="2024-04-27T12:23:22.347778" elapsed="0.091912"/>
</kw>
<doc>Testa a estrutura da resposta da API.</doc>
<tag>testeEstruturaResposta</tag>
<status status="PASS" start="2024-04-27T12:23:22.347268" elapsed="0.092573"/>
</test>
<test id="s1-s1-t4" name="Validar tipos de dados" line="28">
<kw name="Teste de Tipos de Dados" owner="random-user-service">
<kw name="GET On Session" owner="RequestsLibrary">
<msg time="2024-04-27T12:23:22.525067" level="INFO">GET Request : url=https://randomuser.me/api 
 path_url=/api 
 headers={'User-Agent': 'python-requests/2.31.0', 'Accept-Encoding': 'gzip, deflate', 'Accept': '*/*', 'Connection': 'keep-alive'} 
 body=None 
 </msg>
<msg time="2024-04-27T12:23:22.525134" level="INFO">GET Response : url=https://randomuser.me/api 
 status=200, reason=OK 
 headers={'Date': 'Sat, 27 Apr 2024 12:23:22 GMT', 'Content-Type': 'application/json; charset=utf-8', 'Transfer-Encoding': 'chunked', 'Connection': 'keep-alive', 'X-Powered-By': 'Express', 'Access-Control-Allow-Origin': '*', 'Cache-Control': 'no-cache', 'ETag': 'W/"46d-9Lpb/rfCd4ZWmFnFcsNIEFImTCo"', 'Vary': 'Accept-Encoding', 'Content-Encoding': 'gzip', 'CF-Cache-Status': 'DYNAMIC', 'Report-To': '{"endpoints":[{"url":"https:\\/\\/a.nel.cloudflare.com\\/report\\/v4?s=VLkTpxrLFhshzAmPv3ZQlxdmGa%2F0BhEY5U%2BdliJTpDonOwPglQT9vbQiIOQ0IZRMJNqXSqCgjJcKFBEIgajeD1jiXPqUFq5xPV%2BeedEWmiXVkrz6avbvWjjgxWGJaNGO"}],"group":"cf-nel","max_age":604800}', 'NEL': '{"success_fraction":0,"report_to":"cf-nel","max_age":604800}', 'Server': 'cloudflare', 'CF-RAY': '87aec88d4a531068-ORD', 'alt-svc': 'h3=":443"; ma=86400'} 
 body={"results":[{"gender":"male","name":{"title":"Mr","first":"Kiy","last":"Gotra"},"location":{"street":{"number":6637,"name":"Paporotna"},"city":"Bobrovicya","state":"Luganska","country":"Ukraine","postcode":81173,"coordinates":{"latitude":"77.0206","longitude":"-108.5269"},"timezone":{"offset":"+7:00","description":"Bangkok, Hanoi, Jakarta"}},"email":"kiy.gotra@example.com","login":{"uuid":"73daa17c-a411-483b-9c11-9cb0b6bfa47e","username":"bigbutterfly642","password":"rovers","salt":"NsghIoTJ","md5":"6e542424978fe854fc655da4c77c510a","sha1":"8a25cb32cdd6838a324337f12110272e5c8c85e0","sha256":"882cc05be1176d00bfeb123d7b1c8c0639a88337a57c8827fe0df904006ed81b"},"dob":{"date":"1989-12-21T14:59:04.284Z","age":34},"registered":{"date":"2017-03-31T10:49:30.435Z","age":7},"phone":"(097) K79-6248","cell":"(099) A47-8550","id":{"name":"","value":null},"picture":{"large":"https://randomuser.me/api/portraits/men/5.jpg","medium":"https://randomuser.me/api/portraits/med/men/5.jpg","thumbnail":"https://randomuser.me/api/portraits/thumb/men/5.jpg"},"nat":"UA"}],"info":{"seed":"d6def57d610d62ad","results":1,"page":1,"version":"1.4"}} 
 </msg>
<msg time="2024-04-27T12:23:22.525191" level="INFO">/opt/hostedtoolcache/Python/3.12.3/x64/lib/python3.12/site-packages/urllib3/connectionpool.py:1103: InsecureRequestWarning: Unverified HTTPS request is being made to host 'randomuser.me'. Adding certificate verification is strongly advised. See: https://urllib3.readthedocs.io/en/latest/advanced-usage.html#tls-warnings
  warnings.warn(</msg>
<msg time="2024-04-27T12:23:22.525300" level="INFO">${response} = &lt;Response [200]&gt;</msg>
<var>${response}</var>
<arg>consultarAPI</arg>
<arg>/api</arg>
<doc>Sends a GET request on a previously created HTTP Session.</doc>
<status status="PASS" start="2024-04-27T12:23:22.442326" elapsed="0.083016"/>
</kw>
<kw name="Set Variable" owner="BuiltIn">
<msg time="2024-04-27T12:23:22.526196" level="INFO">${json_data} = {'results': [{'gender': 'male', 'name': {'title': 'Mr', 'first': 'Kiy', 'last': 'Gotra'}, 'location': {'street': {'number': 6637, 'name': 'Paporotna'}, 'city': 'Bobrovicya', 'state': 'Luganska', 'coun...</msg>
<var>${json_data}</var>
<arg>${response.json()}</arg>
<doc>Returns the given values which can then be assigned to a variables.</doc>
<status status="PASS" start="2024-04-27T12:23:22.525725" elapsed="0.000500"/>
</kw>
<kw name="Log" owner="BuiltIn">
<msg time="2024-04-27T12:23:22.526744" level="INFO">{'results': [{'gender': 'male', 'name': {'title': 'Mr', 'first': 'Kiy', 'last': 'Gotra'}, 'location': {'street': {'number': 6637, 'name': 'Paporotna'}, 'city': 'Bobrovicya', 'state': 'Luganska', 'country': 'Ukraine', 'postcode': 81173, 'coordinates': {'latitude': '77.0206', 'longitude': '-108.5269'}, 'timezone': {'offset': '+7:00', 'description': 'Bangkok, Hanoi, Jakarta'}}, 'email': 'kiy.gotra@example.com', 'login': {'uuid': '73daa17c-a411-483b-9c11-9cb0b6bfa47e', 'username': 'bigbutterfly642', 'password': 'rovers', 'salt': 'NsghIoTJ', 'md5': '6e542424978fe854fc655da4c77c510a', 'sha1': '8a25cb32cdd6838a324337f12110272e5c8c85e0', 'sha256': '882cc05be1176d00bfeb123d7b1c8c0639a88337a57c8827fe0df904006ed81b'}, 'dob': {'date': '1989-12-21T14:59:04.284Z', 'age': 34}, 'registered': {'date': '2017-03-31T10:49:30.435Z', 'age': 7}, 'phone': '(097) K79-6248', 'cell': '(099) A47-8550', 'id': {'name': '', 'value': None}, 'picture': {'large': 'https://randomuser.me/api/portraits/men/5.jpg', 'medium': 'https://randomuser.me/api/portraits/med/men/5.jpg', 'thumbnail': 'https://randomuser.me/api/portraits/thumb/men/5.jpg'}, 'nat': 'UA'}], 'info': {'seed': 'd6def57d610d62ad', 'results': 1, 'page': 1, 'version': '1.4'}}</msg>
<arg>${json_data}</arg>
<doc>Logs the given message with the given level.</doc>
<status status="PASS" start="2024-04-27T12:23:22.526591" elapsed="0.000235"/>
</kw>
<kw name="Should Be String" owner="String">
<arg>${json_data['results'][0]['gender']}</arg>
<doc>Fails if the given ``item`` is not a string.</doc>
<status status="PASS" start="2024-04-27T12:23:22.527127" elapsed="0.000361"/>
</kw>
<kw name="Should Match Regexp" owner="BuiltIn">
<arg>${json_data['results'][0]['email']}</arg>
<arg>^[a-zA-Z0-9._%+-]+@[a-zA-Z0-9.-]+\.[a-zA-Z]{2,}$</arg>
<doc>Fails if ``string`` does not match ``pattern`` as a regular expression.</doc>
<status status="PASS" start="2024-04-27T12:23:22.527690" elapsed="0.000525"/>
</kw>
<kw name="Should Match Regexp" owner="BuiltIn">
<arg>${json_data['results'][0]['dob']['date']}</arg>
<arg>\\d{4}-\\d{2}-\\d{2}T\\d{2}:\\d{2}:\\d{2}\\.\\d{3}Z</arg>
<doc>Fails if ``string`` does not match ``pattern`` as a regular expression.</doc>
<status status="PASS" start="2024-04-27T12:23:22.528411" elapsed="0.000516"/>
</kw>
<kw name="Should Match Regexp" owner="BuiltIn">
<arg>${json_data['results'][0]['registered']['date']}</arg>
<arg>\\d{4}-\\d{2}-\\d{2}T\\d{2}:\\d{2}:\\d{2}\\.\\d{3}Z</arg>
<doc>Fails if ``string`` does not match ``pattern`` as a regular expression.</doc>
<status status="PASS" start="2024-04-27T12:23:22.529121" elapsed="0.000370"/>
</kw>
<kw name="Should Match Regexp" owner="BuiltIn">
<arg>${json_data['results'][0]['picture']['large']}</arg>
<arg>^https?://.*\.(?:png|jpe?g|gif|bmp)$</arg>
<doc>Fails if ``string`` does not match ``pattern`` as a regular expression.</doc>
<status status="PASS" start="2024-04-27T12:23:22.529676" elapsed="0.000453"/>
</kw>
<kw name="Should Match Regexp" owner="BuiltIn">
<arg>${json_data['results'][0]['picture']['medium']}</arg>
<arg>^https?://.*\.(?:png|jpe?g|gif|bmp)$</arg>
<doc>Fails if ``string`` does not match ``pattern`` as a regular expression.</doc>
<status status="PASS" start="2024-04-27T12:23:22.530343" elapsed="0.000379"/>
</kw>
<kw name="Should Match Regexp" owner="BuiltIn">
<arg>${json_data['results'][0]['picture']['thumbnail']}</arg>
<arg>^https?://.*\.(?:png|jpe?g|gif|bmp)$</arg>
<doc>Fails if ``string`` does not match ``pattern`` as a regular expression.</doc>
<status status="PASS" start="2024-04-27T12:23:22.530911" elapsed="0.000353"/>
</kw>
<kw name="Log" owner="BuiltIn">
<msg time="2024-04-27T12:23:22.531765" level="INFO">{'large': 'https://randomuser.me/api/portraits/men/5.jpg', 'medium': 'https://randomuser.me/api/portraits/med/men/5.jpg', 'thumbnail': 'https://randomuser.me/api/portraits/thumb/men/5.jpg'}</msg>
<arg>${json_data['results'][0]['picture']}</arg>
<doc>Logs the given message with the given level.</doc>
<status status="PASS" start="2024-04-27T12:23:22.531444" elapsed="0.000363"/>
</kw>
<status status="PASS" start="2024-04-27T12:23:22.442073" elapsed="0.089985"/>
</kw>
<kw name="Teste de Tipos de Dados - Postcode" owner="random-user-service">
<kw name="GET On Session" owner="RequestsLibrary">
<msg time="2024-04-27T12:23:22.621022" level="INFO">GET Request : url=https://randomuser.me/api 
 path_url=/api 
 headers={'User-Agent': 'python-requests/2.31.0', 'Accept-Encoding': 'gzip, deflate', 'Accept': '*/*', 'Connection': 'keep-alive'} 
 body=None 
 </msg>
<msg time="2024-04-27T12:23:22.621117" level="INFO">GET Response : url=https://randomuser.me/api 
 status=200, reason=OK 
 headers={'Date': 'Sat, 27 Apr 2024 12:23:22 GMT', 'Content-Type': 'application/json; charset=utf-8', 'Transfer-Encoding': 'chunked', 'Connection': 'keep-alive', 'X-Powered-By': 'Express', 'Access-Control-Allow-Origin': '*', 'Cache-Control': 'no-cache', 'ETag': 'W/"48f-jakwPAkLNpuIM2lfVlL6gwh2x6U"', 'Vary': 'Accept-Encoding', 'Content-Encoding': 'gzip', 'CF-Cache-Status': 'DYNAMIC', 'Report-To': '{"endpoints":[{"url":"https:\\/\\/a.nel.cloudflare.com\\/report\\/v4?s=nIsqEbs8O6fJbYqk2eYz28tPujQfiIdJLD7eQpVs4hpK0oHh4rLEFESyO%2FwRnpmnAq%2Fy0biydY6EhNgAGqTCW5E5pHmMc%2Fogq0JC%2BagLcZNcxtpwRjH7ekWJkH7mnNN3"}],"group":"cf-nel","max_age":604800}', 'NEL': '{"success_fraction":0,"report_to":"cf-nel","max_age":604800}', 'Server': 'cloudflare', 'CF-RAY': '87aec88ddae71068-ORD', 'alt-svc': 'h3=":443"; ma=86400'} 
 body={"results":[{"gender":"male","name":{"title":"Monsieur","first":"Cosimo","last":"Dupont"},"location":{"street":{"number":7399,"name":"Rue Duguesclin"},"city":"Regensberg","state":"Uri","country":"Switzerland","postcode":7014,"coordinates":{"latitude":"-63.5779","longitude":"-5.1030"},"timezone":{"offset":"-8:00","description":"Pacific Time (US &amp; Canada)"}},"email":"cosimo.dupont@example.com","login":{"uuid":"232bdbd4-33aa-4236-834f-86bfac277d6e","username":"brownwolf602","password":"byebye","salt":"ooMNlmyX","md5":"86b562e12e394dc0afd6b1b48cfdb1da","sha1":"a5f8ff73b0bc6e01193e64c04d768c89f2e57eaf","sha256":"b8570a6cebb417946e3454ac5918a370a3bfea089b9e7bfe8474522cbdfabab9"},"dob":{"date":"1966-08-19T22:10:28.662Z","age":57},"registered":{"date":"2016-03-13T16:35:27.853Z","age":8},"phone":"078 144 84 80","cell":"076 417 02 21","id":{"name":"AVS","value":"756.4825.0606.83"},"picture":{"large":"https://randomuser.me/api/portraits/men/95.jpg","medium":"https://randomuser.me/api/portraits/med/men/95.jpg","thumbnail":"https://randomuser.me/api/portraits/thumb/men/95.jpg"},"nat":"CH"}],"info":{"seed":"9b4a309d5829446e","results":1,"page":1,"version":"1.4"}} 
 </msg>
<msg time="2024-04-27T12:23:22.621191" level="INFO">/opt/hostedtoolcache/Python/3.12.3/x64/lib/python3.12/site-packages/urllib3/connectionpool.py:1103: InsecureRequestWarning: Unverified HTTPS request is being made to host 'randomuser.me'. Adding certificate verification is strongly advised. See: https://urllib3.readthedocs.io/en/latest/advanced-usage.html#tls-warnings
  warnings.warn(</msg>
<msg time="2024-04-27T12:23:22.621312" level="INFO">${response} = &lt;Response [200]&gt;</msg>
<var>${response}</var>
<arg>consultarAPI</arg>
<arg>/api</arg>
<doc>Sends a GET request on a previously created HTTP Session.</doc>
<status status="PASS" start="2024-04-27T12:23:22.532501" elapsed="0.088854"/>
</kw>
<kw name="Set Variable" owner="BuiltIn">
<msg time="2024-04-27T12:23:22.622333" level="INFO">${json_data} = {'results': [{'gender': 'male', 'name': {'title': 'Monsieur', 'first': 'Cosimo', 'last': 'Dupont'}, 'location': {'street': {'number': 7399, 'name': 'Rue Duguesclin'}, 'city': 'Regensberg', 'state': 'U...</msg>
<var>${json_data}</var>
<arg>${response.json()}</arg>
<doc>Returns the given values which can then be assigned to a variables.</doc>
<status status="PASS" start="2024-04-27T12:23:22.621811" elapsed="0.000556"/>
</kw>
<kw name="Log" owner="BuiltIn">
<msg time="2024-04-27T12:23:22.622843" level="INFO">{'results': [{'gender': 'male', 'name': {'title': 'Monsieur', 'first': 'Cosimo', 'last': 'Dupont'}, 'location': {'street': {'number': 7399, 'name': 'Rue Duguesclin'}, 'city': 'Regensberg', 'state': 'Uri', 'country': 'Switzerland', 'postcode': 7014, 'coordinates': {'latitude': '-63.5779', 'longitude': '-5.1030'}, 'timezone': {'offset': '-8:00', 'description': 'Pacific Time (US &amp; Canada)'}}, 'email': 'cosimo.dupont@example.com', 'login': {'uuid': '232bdbd4-33aa-4236-834f-86bfac277d6e', 'username': 'brownwolf602', 'password': 'byebye', 'salt': 'ooMNlmyX', 'md5': '86b562e12e394dc0afd6b1b48cfdb1da', 'sha1': 'a5f8ff73b0bc6e01193e64c04d768c89f2e57eaf', 'sha256': 'b8570a6cebb417946e3454ac5918a370a3bfea089b9e7bfe8474522cbdfabab9'}, 'dob': {'date': '1966-08-19T22:10:28.662Z', 'age': 57}, 'registered': {'date': '2016-03-13T16:35:27.853Z', 'age': 8}, 'phone': '078 144 84 80', 'cell': '076 417 02 21', 'id': {'name': 'AVS', 'value': '756.4825.0606.83'}, 'picture': {'large': 'https://randomuser.me/api/portraits/men/95.jpg', 'medium': 'https://randomuser.me/api/portraits/med/men/95.jpg', 'thumbnail': 'https://randomuser.me/api/portraits/thumb/men/95.jpg'}, 'nat': 'CH'}], 'info': {'seed': '9b4a309d5829446e', 'results': 1, 'page': 1, 'version': '1.4'}}</msg>
<arg>${json_data}</arg>
<doc>Logs the given message with the given level.</doc>
<status status="PASS" start="2024-04-27T12:23:22.622688" elapsed="0.000238"/>
</kw>
<kw name="Should Be Equal As Numbers" owner="BuiltIn">
<arg>${json_data['results'][0]['location']['postcode']}</arg>
<arg>${json_data['results'][0]['location']['postcode']}</arg>
<doc>Fails if objects are unequal after converting them to real numbers.</doc>
<status status="PASS" start="2024-04-27T12:23:22.623227" elapsed="0.000779"/>
</kw>
<kw name="Log" owner="BuiltIn">
<msg time="2024-04-27T12:23:22.624537" level="INFO">7014</msg>
<arg>${json_data['results'][0]['location']['postcode']}</arg>
<doc>Logs the given message with the given level.</doc>
<status status="PASS" start="2024-04-27T12:23:22.624201" elapsed="0.000376"/>
</kw>
<status status="PASS" start="2024-04-27T12:23:22.532272" elapsed="0.092560"/>
</kw>
<doc>Testa se os tipos de dados na resposta da API estão corretos.</doc>
<tag>testeTiposDados</tag>
<status status="PASS" start="2024-04-27T12:23:22.441618" elapsed="0.183379"/>
</test>
<test id="s1-s1-t5" name="Validar conteudo" line="35">
<kw name="Teste de Tipos de Conteudo" owner="random-user-service">
<kw name="GET On Session" owner="RequestsLibrary">
<msg time="2024-04-27T12:23:22.718444" level="INFO">GET Request : url=https://randomuser.me/api 
 path_url=/api 
 headers={'User-Agent': 'python-requests/2.31.0', 'Accept-Encoding': 'gzip, deflate', 'Accept': '*/*', 'Connection': 'keep-alive'} 
 body=None 
 </msg>
<msg time="2024-04-27T12:23:22.718546" level="INFO">GET Response : url=https://randomuser.me/api 
 status=200, reason=OK 
 headers={'Date': 'Sat, 27 Apr 2024 12:23:22 GMT', 'Content-Type': 'application/json; charset=utf-8', 'Transfer-Encoding': 'chunked', 'Connection': 'keep-alive', 'X-Powered-By': 'Express', 'Access-Control-Allow-Origin': '*', 'Cache-Control': 'no-cache', 'ETag': 'W/"4a1-UwHSIJ6r56xcKuwzgM+EeDHvXXQ"', 'Vary': 'Accept-Encoding', 'Content-Encoding': 'gzip', 'CF-Cache-Status': 'DYNAMIC', 'Report-To': '{"endpoints":[{"url":"https:\\/\\/a.nel.cloudflare.com\\/report\\/v4?s=f0JGxx1x1K9Y1gVKw8XJFRkPFLm4ZmXjQsXSQ3qwraj8ty51l1%2FfhGpCKK1sNlZ7DnwAd%2BRxDsVdLzZ6mIlFD%2BWuEXSjN8Xk%2FCC2yKH4sQm%2BhFORKHYbHrLoU%2BSauM%2BA"}],"group":"cf-nel","max_age":604800}', 'NEL': '{"success_fraction":0,"report_to":"cf-nel","max_age":604800}', 'Server': 'cloudflare', 'CF-RAY': '87aec88e7b921068-ORD', 'alt-svc': 'h3=":443"; ma=86400'} 
 body={"results":[{"gender":"female","name":{"title":"Madame","first":"Monica","last":"Roche"},"location":{"street":{"number":9781,"name":"Rue Gasparin"},"city":"Prato (Leventina)","state":"Graubünden","country":"Switzerland","postcode":2914,"coordinates":{"latitude":"-63.8948","longitude":"94.3587"},"timezone":{"offset":"-7:00","description":"Mountain Time (US &amp; Canada)"}},"email":"monica.roche@example.com","login":{"uuid":"bec2fea5-0638-4506-9d99-df7bac33ab27","username":"organicswan953","password":"mark","salt":"xpHuaxJ2","md5":"b21376d44ef2fe7814fc9002f2991fc4","sha1":"b9cdf3363a9568205aeb3137b0be26efb0cfda5c","sha256":"d61d33f6a15fdc9860f26c4bb25082ace3cb59411dd532b45e8f1f4f403117e1"},"dob":{"date":"1970-04-15T01:16:53.394Z","age":54},"registered":{"date":"2016-07-21T02:09:56.778Z","age":7},"phone":"076 671 44 91","cell":"078 691 93 80","id":{"name":"AVS","value":"756.0709.5441.64"},"picture":{"large":"https://randomuser.me/api/portraits/women/66.jpg","medium":"https://randomuser.me/api/portraits/med/women/66.jpg","thumbnail":"https://randomuser.me/api/portraits/thumb/women/66.jpg"},"nat":"CH"}],"info":{"seed":"29118155c321f192","results":1,"page":1,"version":"1.4"}} 
 </msg>
<msg time="2024-04-27T12:23:22.718633" level="INFO">/opt/hostedtoolcache/Python/3.12.3/x64/lib/python3.12/site-packages/urllib3/connectionpool.py:1103: InsecureRequestWarning: Unverified HTTPS request is being made to host 'randomuser.me'. Adding certificate verification is strongly advised. See: https://urllib3.readthedocs.io/en/latest/advanced-usage.html#tls-warnings
  warnings.warn(</msg>
<msg time="2024-04-27T12:23:22.718782" level="INFO">${response} = &lt;Response [200]&gt;</msg>
<var>${response}</var>
<arg>consultarAPI</arg>
<arg>/api</arg>
<doc>Sends a GET request on a previously created HTTP Session.</doc>
<status status="PASS" start="2024-04-27T12:23:22.627800" elapsed="0.091031"/>
</kw>
<kw name="Set Variable" owner="BuiltIn">
<msg time="2024-04-27T12:23:22.719806" level="INFO">${json_data} = {'results': [{'gender': 'female', 'name': {'title': 'Madame', 'first': 'Monica', 'last': 'Roche'}, 'location': {'street': {'number': 9781, 'name': 'Rue Gasparin'}, 'city': 'Prato (Leventina)', 'state'...</msg>
<var>${json_data}</var>
<arg>${response.json()}</arg>
<doc>Returns the given values which can then be assigned to a variables.</doc>
<status status="PASS" start="2024-04-27T12:23:22.719308" elapsed="0.000526"/>
</kw>
<kw name="Set Variable" owner="BuiltIn">
<msg time="2024-04-27T12:23:22.720536" level="INFO">${name_title} = Madame</msg>
<var>${name_title}</var>
<arg>${json_data["results"][0]["name"]["title"]}</arg>
<doc>Returns the given values which can then be assigned to a variables.</doc>
<status status="PASS" start="2024-04-27T12:23:22.720146" elapsed="0.000415"/>
</kw>
<kw name="Create List" owner="BuiltIn">
<msg time="2024-04-27T12:23:22.721006" level="INFO">${allowed_titles} = ['Mr', 'Ms', 'Miss', 'Mrs', 'Madame', 'Monsieur']</msg>
<var>${allowed_titles}</var>
<arg>Mr</arg>
<arg>Ms</arg>
<arg>Miss</arg>
<arg>Mrs</arg>
<arg>Madame</arg>
<arg>Monsieur</arg>
<doc>Returns a list containing given items.</doc>
<status status="PASS" start="2024-04-27T12:23:22.720858" elapsed="0.000172"/>
</kw>
<kw name="List Should Contain Value" owner="Collections">
<msg time="2024-04-27T12:23:22.721507" level="INFO">False</msg>
<arg>${allowed_titles}</arg>
<arg>${name_title}</arg>
<doc>Fails if the ``value`` is not found from ``list``.</doc>
<status status="PASS" start="2024-04-27T12:23:22.721331" elapsed="0.000211"/>
</kw>
<kw name="Set Variable" owner="BuiltIn">
<msg time="2024-04-27T12:23:22.722207" level="INFO">${name_country} = CH</msg>
<var>${name_country}</var>
<arg>${json_data["results"][0]["nat"]}</arg>
<doc>Returns the given values which can then be assigned to a variables.</doc>
<status status="PASS" start="2024-04-27T12:23:22.721827" elapsed="0.000405"/>
</kw>
<kw name="Create List" owner="BuiltIn">
<msg time="2024-04-27T12:23:22.723184" level="INFO">${list_country} = ['AD', 'AE', 'AF', 'AG', 'AI', 'AL', 'AM', 'AO', 'AQ', 'AR', 'AS', 'AT', 'AU', 'AW', 'AX', 'AZ', 'BA', 'BB', 'BD', 'BE', 'BF', 'BG', 'BH', 'BI', 'BJ', 'BL', 'BM', 'BN', 'BO', 'BQ', 'BR', 'BS', 'BT', '...</msg>
<var>${list_country}</var>
<arg>AD</arg>
<arg>AE</arg>
<arg>AF</arg>
<arg>AG</arg>
<arg>AI</arg>
<arg>AL</arg>
<arg>AM</arg>
<arg>AO</arg>
<arg>AQ</arg>
<arg>AR</arg>
<arg>AS</arg>
<arg>AT</arg>
<arg>AU</arg>
<arg>AW</arg>
<arg>AX</arg>
<arg>AZ</arg>
<arg>BA</arg>
<arg>BB</arg>
<arg>BD</arg>
<arg>BE</arg>
<arg>BF</arg>
<arg>BG</arg>
<arg>BH</arg>
<arg>BI</arg>
<arg>BJ</arg>
<arg>BL</arg>
<arg>BM</arg>
<arg>BN</arg>
<arg>BO</arg>
<arg>BQ</arg>
<arg>BR</arg>
<arg>BS</arg>
<arg>BT</arg>
<arg>BV</arg>
<arg>BW</arg>
<arg>BY</arg>
<arg>BZ</arg>
<arg>CA</arg>
<arg>CC</arg>
<arg>CD</arg>
<arg>CF</arg>
<arg>CG</arg>
<arg>CH</arg>
<arg>CI</arg>
<arg>CK</arg>
<arg>CL</arg>
<arg>CM</arg>
<arg>CN</arg>
<arg>CO</arg>
<arg>CR</arg>
<arg>CU</arg>
<arg>CV</arg>
<arg>CW</arg>
<arg>CX</arg>
<arg>CY</arg>
<arg>CZ</arg>
<arg>DE</arg>
<arg>DJ</arg>
<arg>DK</arg>
<arg>DM</arg>
<arg>DO</arg>
<arg>DZ</arg>
<arg>EC</arg>
<arg>EE</arg>
<arg>EG</arg>
<arg>EH</arg>
<arg>ER</arg>
<arg>ES</arg>
<arg>ET</arg>
<arg>FI</arg>
<arg>FJ</arg>
<arg>FK</arg>
<arg>FM</arg>
<arg>FO</arg>
<arg>FR</arg>
<arg>GA</arg>
<arg>GB</arg>
<arg>GD</arg>
<arg>GE</arg>
<arg>GF</arg>
<arg>GG</arg>
<arg>GH</arg>
<arg>GI</arg>
<arg>GL</arg>
<arg>GM</arg>
<arg>GN</arg>
<arg>GP</arg>
<arg>GQ</arg>
<arg>GR</arg>
<arg>GS</arg>
<arg>GT</arg>
<arg>GU</arg>
<arg>GW</arg>
<arg>GY</arg>
<arg>HK</arg>
<arg>HM</arg>
<arg>HN</arg>
<arg>HR</arg>
<arg>HT</arg>
<arg>HU</arg>
<arg>ID</arg>
<arg>IE</arg>
<arg>IL</arg>
<arg>IM</arg>
<arg>IN</arg>
<arg>IO</arg>
<arg>IQ</arg>
<arg>IR</arg>
<arg>IS</arg>
<arg>IT</arg>
<arg>JE</arg>
<arg>JM</arg>
<arg>JO</arg>
<arg>JP</arg>
<arg>KE</arg>
<arg>KG</arg>
<arg>KH</arg>
<arg>KI</arg>
<arg>KM</arg>
<arg>KN</arg>
<arg>KP</arg>
<arg>KR</arg>
<arg>KW</arg>
<arg>KY</arg>
<arg>KZ</arg>
<arg>LA</arg>
<arg>LB</arg>
<arg>LC</arg>
<arg>LI</arg>
<arg>LK</arg>
<arg>LR</arg>
<arg>LS</arg>
<arg>LT</arg>
<arg>LU</arg>
<arg>LV</arg>
<arg>LY</arg>
<arg>MA</arg>
<arg>MC</arg>
<arg>MD</arg>
<arg>ME</arg>
<arg>MF</arg>
<arg>MG</arg>
<arg>MH</arg>
<arg>MK</arg>
<arg>ML</arg>
<arg>MM</arg>
<arg>MN</arg>
<arg>MO</arg>
<arg>MP</arg>
<arg>MQ</arg>
<arg>MR</arg>
<arg>MS</arg>
<arg>MT</arg>
<arg>MU</arg>
<arg>MV</arg>
<arg>MW</arg>
<arg>MX</arg>
<arg>MY</arg>
<arg>MZ</arg>
<arg>NA</arg>
<arg>NC</arg>
<arg>NE</arg>
<arg>NF</arg>
<arg>NG</arg>
<arg>NI</arg>
<arg>NL</arg>
<arg>NO</arg>
<arg>NP</arg>
<arg>NR</arg>
<arg>NU</arg>
<arg>NZ</arg>
<arg>OM</arg>
<arg>PA</arg>
<arg>PE</arg>
<arg>PF</arg>
<arg>PG</arg>
<arg>PH</arg>
<arg>PK</arg>
<arg>PL</arg>
<arg>PM</arg>
<arg>PN</arg>
<arg>PR</arg>
<arg>PS</arg>
<arg>PT</arg>
<arg>PW</arg>
<arg>PY</arg>
<arg>QA</arg>
<arg>RE</arg>
<arg>RO</arg>
<arg>RS</arg>
<arg>RU</arg>
<arg>RW</arg>
<arg>SA</arg>
<arg>SB</arg>
<arg>SC</arg>
<arg>SD</arg>
<arg>SE</arg>
<arg>SG</arg>
<arg>SH</arg>
<arg>SI</arg>
<arg>SJ</arg>
<arg>SK</arg>
<arg>SL</arg>
<arg>SM</arg>
<arg>SN</arg>
<arg>SO</arg>
<arg>SR</arg>
<arg>SS</arg>
<arg>ST</arg>
<arg>SV</arg>
<arg>SX</arg>
<arg>SY</arg>
<arg>SZ</arg>
<arg>TC</arg>
<arg>TD</arg>
<arg>TF</arg>
<arg>TG</arg>
<arg>TH</arg>
<arg>TJ</arg>
<arg>TK</arg>
<arg>TL</arg>
<arg>TM</arg>
<arg>TN</arg>
<arg>TO</arg>
<arg>TR</arg>
<arg>TT</arg>
<arg>TV</arg>
<arg>TW</arg>
<arg>TZ</arg>
<arg>UA</arg>
<arg>UG</arg>
<arg>UM</arg>
<arg>US</arg>
<arg>UY</arg>
<arg>UZ</arg>
<arg>VA</arg>
<arg>VC</arg>
<arg>VE</arg>
<arg>VG</arg>
<arg>VI</arg>
<arg>VN</arg>
<arg>VU</arg>
<arg>WF</arg>
<arg>WS</arg>
<arg>XK</arg>
<arg>YE</arg>
<arg>YT</arg>
<arg>ZA</arg>
<arg>ZM</arg>
<arg>ZW</arg>
<doc>Returns a list containing given items.</doc>
<status status="PASS" start="2024-04-27T12:23:22.722602" elapsed="0.000608"/>
</kw>
<kw name="List Should Contain Value" owner="Collections">
<msg time="2024-04-27T12:23:22.724197" level="INFO">False</msg>
<arg>${list_country}</arg>
<arg>${name_country}</arg>
<doc>Fails if the ``value`` is not found from ``list``.</doc>
<status status="PASS" start="2024-04-27T12:23:22.723996" elapsed="0.000239"/>
</kw>
<kw name="Run Keyword If" owner="BuiltIn">
<kw name="Should Be True" owner="BuiltIn">
<arg>${True}</arg>
<doc>Fails if the given condition is not true.</doc>
<status status="PASS" start="2024-04-27T12:23:22.725342" elapsed="0.000142"/>
</kw>
<arg>${json_data["results"][0]["location"]["coordinates"]["latitude"]} &gt;= -90 and ${json_data["results"][0]["location"]["coordinates"]["latitude"]} &lt;= 90</arg>
<arg>Should Be True</arg>
<arg>${True}</arg>
<doc>Runs the given keyword with the given arguments, if ``condition`` is true.</doc>
<status status="PASS" start="2024-04-27T12:23:22.724544" elapsed="0.001064"/>
</kw>
<kw name="Run Keyword If" owner="BuiltIn">
<kw name="Should Be True" owner="BuiltIn">
<arg>${True}</arg>
<doc>Fails if the given condition is not true.</doc>
<status status="PASS" start="2024-04-27T12:23:22.726520" elapsed="0.000264"/>
</kw>
<arg>${json_data["results"][0]["location"]["coordinates"]["longitude"]} &gt;= -180 and ${json_data["results"][0]["location"]["coordinates"]["longitude"]} &lt;= 180</arg>
<arg>Should Be True</arg>
<arg>${True}</arg>
<doc>Runs the given keyword with the given arguments, if ``condition`` is true.</doc>
<status status="PASS" start="2024-04-27T12:23:22.725792" elapsed="0.001119"/>
</kw>
<status status="PASS" start="2024-04-27T12:23:22.627433" elapsed="0.099608"/>
</kw>
<doc>Testa o conteúdo específico dos campos retornados pela API.</doc>
<tag>testeConteudo</tag>
<status status="PASS" start="2024-04-27T12:23:22.626780" elapsed="0.100410"/>
</test>
<status status="PASS" start="2024-04-27T12:23:21.732736" elapsed="0.996432"/>
</suite>
<status status="PASS" start="2024-04-27T12:23:21.719391" elapsed="1.014980"/>
</suite>
<statistics>
<total>
<stat pass="5" fail="0" skip="0">All Tests</stat>
</total>
<tag>
<stat pass="1" fail="0" skip="0">testeConteudo</stat>
<stat pass="1" fail="0" skip="0">testeEstruturaResposta</stat>
<stat pass="1" fail="0" skip="0">testeRequisicaoBasica</stat>
<stat pass="1" fail="0" skip="0">testeTiposDados</stat>
</tag>
<suite>
<stat pass="5" fail="0" skip="0" id="s1" name="Tests">Tests</stat>
<stat pass="5" fail="0" skip="0" id="s1-s1" name="Random-User-Test">Tests.Random-User-Test</stat>
</suite>
</statistics>
<errors>
</errors>
</robot>
