<?xml version="1.0" encoding="UTF-8"?>
<robot generator="Robot 7.0 (Python 3.12.2 on linux)" generated="2024-04-14T05:59:41.307972" rpa="false" schemaversion="5">
<suite id="s1" name="Tests" source="/home/runner/work/DesafioQAItauRogerioJordao/DesafioQAItauRogerioJordao/RamdonUser/tests">
<suite id="s1-s1" name="Random-User-Test" source="/home/runner/work/DesafioQAItauRogerioJordao/DesafioQAItauRogerioJordao/RamdonUser/tests/random-user-test.robot">
<test id="s1-s1-t1" name="Conectar" line="13">
<kw name="Conectar API" owner="random-user-service">
<kw name="Create Session" owner="RequestsLibrary">
<msg time="2024-04-14T05:59:41.691030" level="INFO">Creating Session using : alias=consultarAPI, url=https://randomuser.me/, headers={},                     cookies={}, auth=None, timeout=None, proxies=None, verify=False,                     debug=0 </msg>
<arg>consultarAPI</arg>
<arg>${URL}</arg>
<doc>Create Session: create a HTTP session to a server</doc>
<status status="PASS" start="2024-04-14T05:59:41.690787" elapsed="0.000452"/>
</kw>
<status status="PASS" start="2024-04-14T05:59:41.689642" elapsed="0.001979"/>
</kw>
<status status="PASS" start="2024-04-14T05:59:41.689032" elapsed="0.002798"/>
</test>
<test id="s1-s1-t2" name="Validar retorno 200 e JSON Válido" line="16">
<kw name="Teste de Requisicao Basica" owner="random-user-service">
<kw name="GET On Session" owner="RequestsLibrary">
<msg time="2024-04-14T05:59:41.869113" level="INFO">GET Request : url=https://randomuser.me/api 
 path_url=/api 
 headers={'User-Agent': 'python-requests/2.31.0', 'Accept-Encoding': 'gzip, deflate', 'Accept': '*/*', 'Connection': 'keep-alive'} 
 body=None 
 </msg>
<msg time="2024-04-14T05:59:41.869293" level="INFO">GET Response : url=https://randomuser.me/api 
 status=200, reason=OK 
 headers={'Date': 'Sun, 14 Apr 2024 05:59:41 GMT', 'Content-Type': 'application/json; charset=utf-8', 'Transfer-Encoding': 'chunked', 'Connection': 'keep-alive', 'X-Powered-By': 'Express', 'Access-Control-Allow-Origin': '*', 'Cache-Control': 'no-cache', 'ETag': 'W/"48c-ki06qp1w9wtb6/IC3t5RumBiovs"', 'Vary': 'Accept-Encoding', 'Content-Encoding': 'gzip', 'CF-Cache-Status': 'DYNAMIC', 'Report-To': '{"endpoints":[{"url":"https:\\/\\/a.nel.cloudflare.com\\/report\\/v4?s=7mHqSuVX9LmQe1jOaJUw9dQjoxWfuSzDtIWvULUGSzIu0gdr8nw9PIQZxACRqeYIPvgW3fdTHSB%2FXXLieE5qZzCn%2FY0S3k6GK3%2FbFX2dWCLNFofFxOzqlUQjWMPbnOaN"}],"group":"cf-nel","max_age":604800}', 'NEL': '{"success_fraction":0,"report_to":"cf-nel","max_age":604800}', 'Server': 'cloudflare', 'CF-RAY': '874178a67e80084c-IAD', 'alt-svc': 'h3=":443"; ma=86400'} 
 body={"results":[{"gender":"female","name":{"title":"Ms","first":"Dunja","last":"Drljača"},"location":{"street":{"number":456,"name":"Lička"},"city":"Gornji Milanovac","state":"Raška","country":"Serbia","postcode":11843,"coordinates":{"latitude":"55.9979","longitude":"11.2786"},"timezone":{"offset":"-3:00","description":"Brazil, Buenos Aires, Georgetown"}},"email":"dunja.drljaca@example.com","login":{"uuid":"32e5064b-0977-45b9-8312-a187628a6626","username":"bigostrich172","password":"adonis","salt":"JBEwRJco","md5":"5d034b058f321ca5b6606ea24b3571a4","sha1":"b8cf813944f8b3c31f917ef666f7da6458236a17","sha256":"de5c9ec54c1fa8cba1a81824677d26aa6ecfe59dca27a8488c2cc0a4184be889"},"dob":{"date":"1976-04-16T18:48:01.201Z","age":47},"registered":{"date":"2011-12-09T02:31:02.423Z","age":12},"phone":"015-6431-325","cell":"066-1897-321","id":{"name":"SID","value":"066334307"},"picture":{"large":"https://randomuser.me/api/portraits/women/39.jpg","medium":"https://randomuser.me/api/portraits/med/women/39.jpg","thumbnail":"https://randomuser.me/api/portraits/thumb/women/39.jpg"},"nat":"RS"}],"info":{"seed":"351d594ed850fa9c","results":1,"page":1,"version":"1.4"}} 
 </msg>
<msg time="2024-04-14T05:59:41.869382" level="INFO">/opt/hostedtoolcache/Python/3.12.2/x64/lib/python3.12/site-packages/urllib3/connectionpool.py:1103: InsecureRequestWarning: Unverified HTTPS request is being made to host 'randomuser.me'. Adding certificate verification is strongly advised. See: https://urllib3.readthedocs.io/en/latest/advanced-usage.html#tls-warnings
  warnings.warn(</msg>
<msg time="2024-04-14T05:59:41.869554" level="INFO">${response} = &lt;Response [200]&gt;</msg>
<var>${response}</var>
<arg>consultarAPI</arg>
<arg>/api</arg>
<doc>Sends a GET request on a previously created HTTP Session.</doc>
<status status="PASS" start="2024-04-14T05:59:41.694431" elapsed="0.175165"/>
</kw>
<kw name="Should Be Equal As Numbers" owner="BuiltIn">
<msg time="2024-04-14T05:59:41.870679" level="INFO">Argument types are:
&lt;class 'int'&gt;
&lt;class 'str'&gt;</msg>
<arg>${response.status_code}</arg>
<arg>200</arg>
<doc>Fails if objects are unequal after converting them to real numbers.</doc>
<status status="PASS" start="2024-04-14T05:59:41.870177" elapsed="0.000571"/>
</kw>
<kw name="Log" owner="BuiltIn">
<msg time="2024-04-14T05:59:41.871445" level="INFO">200</msg>
<arg>${response.status_code}</arg>
<doc>Logs the given message with the given level.</doc>
<status status="PASS" start="2024-04-14T05:59:41.871086" elapsed="0.000403"/>
</kw>
<kw name="Set Variable" owner="BuiltIn">
<msg time="2024-04-14T05:59:41.872279" level="INFO">${json_data} = {'results': [{'gender': 'female', 'name': {'title': 'Ms', 'first': 'Dunja', 'last': 'Drljača'}, 'location': {'street': {'number': 456, 'name': 'Lička'}, 'city': 'Gornji Milanovac', 'state': 'Raška', '...</msg>
<var>${json_data}</var>
<arg>${response.json()}</arg>
<doc>Returns the given values which can then be assigned to a variables.</doc>
<status status="PASS" start="2024-04-14T05:59:41.871824" elapsed="0.000486"/>
</kw>
<kw name="Dictionary Should Contain Key" owner="Collections">
<msg time="2024-04-14T05:59:41.872803" level="INFO">False</msg>
<arg>${json_data}</arg>
<arg>results</arg>
<doc>Fails if ``key`` is not found from ``dictionary``.</doc>
<status status="PASS" start="2024-04-14T05:59:41.872622" elapsed="0.000227"/>
</kw>
<status status="PASS" start="2024-04-14T05:59:41.694162" elapsed="0.178961"/>
</kw>
<doc>Testa se a API responde corretamente e retorna um objeto JSON válido.</doc>
<tag>testeRequisicaoBasica</tag>
<status status="PASS" start="2024-04-14T05:59:41.693672" elapsed="0.179647"/>
</test>
<test id="s1-s1-t3" name="Validar estrutura de resposta" line="22">
<kw name="Teste de Estrutura de Resposta" owner="random-user-service">
<kw name="GET On Session" owner="RequestsLibrary">
<msg time="2024-04-14T05:59:41.972671" level="INFO">GET Request : url=https://randomuser.me/api 
 path_url=/api 
 headers={'User-Agent': 'python-requests/2.31.0', 'Accept-Encoding': 'gzip, deflate', 'Accept': '*/*', 'Connection': 'keep-alive'} 
 body=None 
 </msg>
<msg time="2024-04-14T05:59:41.972776" level="INFO">GET Response : url=https://randomuser.me/api 
 status=200, reason=OK 
 headers={'Date': 'Sun, 14 Apr 2024 05:59:41 GMT', 'Content-Type': 'application/json; charset=utf-8', 'Transfer-Encoding': 'chunked', 'Connection': 'keep-alive', 'X-Powered-By': 'Express', 'Access-Control-Allow-Origin': '*', 'Cache-Control': 'no-cache', 'ETag': 'W/"485-93E4ywXYN9PMYDOguirfqlv4K9Q"', 'Vary': 'Accept-Encoding', 'Content-Encoding': 'gzip', 'CF-Cache-Status': 'DYNAMIC', 'Report-To': '{"endpoints":[{"url":"https:\\/\\/a.nel.cloudflare.com\\/report\\/v4?s=FxnfLGVCmWq%2FS2HfzWXBx6kDtd4mW6xN%2F%2FmIjFVp6H5NV1RVhjmF64pxKGTyjYWD8jhHCiVWnYOxrJUZ44aA2VmpP%2FurbZ0YMrXv%2FXJqooWHujkriYJuIFEP%2FeJGdxoJ"}],"group":"cf-nel","max_age":604800}', 'NEL': '{"success_fraction":0,"report_to":"cf-nel","max_age":604800}', 'Server': 'cloudflare', 'CF-RAY': '874178a6beb2084c-IAD', 'alt-svc': 'h3=":443"; ma=86400'} 
 body={"results":[{"gender":"male","name":{"title":"Mr","first":"Benito","last":"Ruiz"},"location":{"street":{"number":1473,"name":"Avenida de Salamanca"},"city":"Lorca","state":"Castilla la Mancha","country":"Spain","postcode":90916,"coordinates":{"latitude":"-36.1914","longitude":"-172.8285"},"timezone":{"offset":"+7:00","description":"Bangkok, Hanoi, Jakarta"}},"email":"benito.ruiz@example.com","login":{"uuid":"2dc2274e-56f2-4808-b2b6-3716992661c6","username":"sadgoose322","password":"bikini","salt":"wx8iFcH9","md5":"11c20a5bf4cc1bd2d22c006f4def2c89","sha1":"2b9a935e6950f2108049842009e0c44cb9b9db06","sha256":"bcb63b92ef3f219df3aabb34d3dcc4aa51c877b6483a63fee3e35d932505b113"},"dob":{"date":"1971-03-03T10:14:01.323Z","age":53},"registered":{"date":"2004-07-08T11:30:14.531Z","age":19},"phone":"966-143-174","cell":"698-965-768","id":{"name":"DNI","value":"69372181-Z"},"picture":{"large":"https://randomuser.me/api/portraits/men/41.jpg","medium":"https://randomuser.me/api/portraits/med/men/41.jpg","thumbnail":"https://randomuser.me/api/portraits/thumb/men/41.jpg"},"nat":"ES"}],"info":{"seed":"42e6f0b7b222eb1c","results":1,"page":1,"version":"1.4"}} 
 </msg>
<msg time="2024-04-14T05:59:41.972928" level="INFO">/opt/hostedtoolcache/Python/3.12.2/x64/lib/python3.12/site-packages/urllib3/connectionpool.py:1103: InsecureRequestWarning: Unverified HTTPS request is being made to host 'randomuser.me'. Adding certificate verification is strongly advised. See: https://urllib3.readthedocs.io/en/latest/advanced-usage.html#tls-warnings
  warnings.warn(</msg>
<msg time="2024-04-14T05:59:41.973080" level="INFO">${response} = &lt;Response [200]&gt;</msg>
<var>${response}</var>
<arg>consultarAPI</arg>
<arg>/api</arg>
<doc>Sends a GET request on a previously created HTTP Session.</doc>
<status status="PASS" start="2024-04-14T05:59:41.876266" elapsed="0.096856"/>
</kw>
<kw name="Set Variable" owner="BuiltIn">
<msg time="2024-04-14T05:59:41.974170" level="INFO">${json_data} = {'results': [{'gender': 'male', 'name': {'title': 'Mr', 'first': 'Benito', 'last': 'Ruiz'}, 'location': {'street': {'number': 1473, 'name': 'Avenida de Salamanca'}, 'city': 'Lorca', 'state': 'Castilla...</msg>
<var>${json_data}</var>
<arg>${response.json()}</arg>
<doc>Returns the given values which can then be assigned to a variables.</doc>
<status status="PASS" start="2024-04-14T05:59:41.973650" elapsed="0.000549"/>
</kw>
<kw name="Log" owner="BuiltIn">
<msg time="2024-04-14T05:59:41.974711" level="INFO">{'results': [{'gender': 'male', 'name': {'title': 'Mr', 'first': 'Benito', 'last': 'Ruiz'}, 'location': {'street': {'number': 1473, 'name': 'Avenida de Salamanca'}, 'city': 'Lorca', 'state': 'Castilla la Mancha', 'country': 'Spain', 'postcode': 90916, 'coordinates': {'latitude': '-36.1914', 'longitude': '-172.8285'}, 'timezone': {'offset': '+7:00', 'description': 'Bangkok, Hanoi, Jakarta'}}, 'email': 'benito.ruiz@example.com', 'login': {'uuid': '2dc2274e-56f2-4808-b2b6-3716992661c6', 'username': 'sadgoose322', 'password': 'bikini', 'salt': 'wx8iFcH9', 'md5': '11c20a5bf4cc1bd2d22c006f4def2c89', 'sha1': '2b9a935e6950f2108049842009e0c44cb9b9db06', 'sha256': 'bcb63b92ef3f219df3aabb34d3dcc4aa51c877b6483a63fee3e35d932505b113'}, 'dob': {'date': '1971-03-03T10:14:01.323Z', 'age': 53}, 'registered': {'date': '2004-07-08T11:30:14.531Z', 'age': 19}, 'phone': '966-143-174', 'cell': '698-965-768', 'id': {'name': 'DNI', 'value': '69372181-Z'}, 'picture': {'large': 'https://randomuser.me/api/portraits/men/41.jpg', 'medium': 'https://randomuser.me/api/portraits/med/men/41.jpg', 'thumbnail': 'https://randomuser.me/api/portraits/thumb/men/41.jpg'}, 'nat': 'ES'}], 'info': {'seed': '42e6f0b7b222eb1c', 'results': 1, 'page': 1, 'version': '1.4'}}</msg>
<arg>${json_data}</arg>
<doc>Logs the given message with the given level.</doc>
<status status="PASS" start="2024-04-14T05:59:41.974512" elapsed="0.000248"/>
</kw>
<kw name="Dictionary Should Contain Key" owner="Collections">
<msg time="2024-04-14T05:59:41.975219" level="INFO">False</msg>
<arg>${json_data}</arg>
<arg>results</arg>
<doc>Fails if ``key`` is not found from ``dictionary``.</doc>
<status status="PASS" start="2024-04-14T05:59:41.975062" elapsed="0.000195"/>
</kw>
<kw name="Should Not Be Empty" owner="BuiltIn">
<msg time="2024-04-14T05:59:41.975685" level="INFO">Length is 2.</msg>
<arg>${json_data}</arg>
<doc>Verifies that the given item is not empty.</doc>
<status status="PASS" start="2024-04-14T05:59:41.975552" elapsed="0.000172"/>
</kw>
<kw name="Create List" owner="BuiltIn">
<msg time="2024-04-14T05:59:41.976191" level="INFO">${expected_keys} = ['gender', 'name', 'location', 'email', 'login']</msg>
<var>${expected_keys}</var>
<arg>gender</arg>
<arg>name</arg>
<arg>location</arg>
<arg>email</arg>
<arg>login</arg>
<doc>Returns a list containing given items.</doc>
<status status="PASS" start="2024-04-14T05:59:41.976029" elapsed="0.000186"/>
</kw>
<for flavor="IN">
<iter>
<kw name="Dictionary Should Contain Key" owner="Collections">
<msg time="2024-04-14T05:59:41.977235" level="INFO">False</msg>
<arg>${json_data['results'][0]}</arg>
<arg>${key}</arg>
<doc>Fails if ``key`` is not found from ``dictionary``.</doc>
<status status="PASS" start="2024-04-14T05:59:41.976817" elapsed="0.000457"/>
</kw>
<kw name="Log" owner="BuiltIn">
<msg time="2024-04-14T05:59:41.977955" level="INFO">{'gender': 'male', 'name': {'title': 'Mr', 'first': 'Benito', 'last': 'Ruiz'}, 'location': {'street': {'number': 1473, 'name': 'Avenida de Salamanca'}, 'city': 'Lorca', 'state': 'Castilla la Mancha', 'country': 'Spain', 'postcode': 90916, 'coordinates': {'latitude': '-36.1914', 'longitude': '-172.8285'}, 'timezone': {'offset': '+7:00', 'description': 'Bangkok, Hanoi, Jakarta'}}, 'email': 'benito.ruiz@example.com', 'login': {'uuid': '2dc2274e-56f2-4808-b2b6-3716992661c6', 'username': 'sadgoose322', 'password': 'bikini', 'salt': 'wx8iFcH9', 'md5': '11c20a5bf4cc1bd2d22c006f4def2c89', 'sha1': '2b9a935e6950f2108049842009e0c44cb9b9db06', 'sha256': 'bcb63b92ef3f219df3aabb34d3dcc4aa51c877b6483a63fee3e35d932505b113'}, 'dob': {'date': '1971-03-03T10:14:01.323Z', 'age': 53}, 'registered': {'date': '2004-07-08T11:30:14.531Z', 'age': 19}, 'phone': '966-143-174', 'cell': '698-965-768', 'id': {'name': 'DNI', 'value': '69372181-Z'}, 'picture': {'large': 'https://randomuser.me/api/portraits/men/41.jpg', 'medium': 'https://randomuser.me/api/portraits/med/men/41.jpg', 'thumbnail': 'https://randomuser.me/api/portraits/thumb/men/41.jpg'}, 'nat': 'ES'}</msg>
<arg>${json_data['results'][0]}</arg>
<doc>Logs the given message with the given level.</doc>
<status status="PASS" start="2024-04-14T05:59:41.977584" elapsed="0.000419"/>
</kw>
<kw name="Log" owner="BuiltIn">
<msg time="2024-04-14T05:59:41.978432" level="INFO">gender</msg>
<arg>${key}</arg>
<doc>Logs the given message with the given level.</doc>
<status status="PASS" start="2024-04-14T05:59:41.978303" elapsed="0.000168"/>
</kw>
<var name="${key}">gender</var>
<status status="PASS" start="2024-04-14T05:59:41.976692" elapsed="0.002030"/>
</iter>
<iter>
<kw name="Dictionary Should Contain Key" owner="Collections">
<msg time="2024-04-14T05:59:41.979414" level="INFO">False</msg>
<arg>${json_data['results'][0]}</arg>
<arg>${key}</arg>
<doc>Fails if ``key`` is not found from ``dictionary``.</doc>
<status status="PASS" start="2024-04-14T05:59:41.979025" elapsed="0.000428"/>
</kw>
<kw name="Log" owner="BuiltIn">
<msg time="2024-04-14T05:59:41.980162" level="INFO">{'gender': 'male', 'name': {'title': 'Mr', 'first': 'Benito', 'last': 'Ruiz'}, 'location': {'street': {'number': 1473, 'name': 'Avenida de Salamanca'}, 'city': 'Lorca', 'state': 'Castilla la Mancha', 'country': 'Spain', 'postcode': 90916, 'coordinates': {'latitude': '-36.1914', 'longitude': '-172.8285'}, 'timezone': {'offset': '+7:00', 'description': 'Bangkok, Hanoi, Jakarta'}}, 'email': 'benito.ruiz@example.com', 'login': {'uuid': '2dc2274e-56f2-4808-b2b6-3716992661c6', 'username': 'sadgoose322', 'password': 'bikini', 'salt': 'wx8iFcH9', 'md5': '11c20a5bf4cc1bd2d22c006f4def2c89', 'sha1': '2b9a935e6950f2108049842009e0c44cb9b9db06', 'sha256': 'bcb63b92ef3f219df3aabb34d3dcc4aa51c877b6483a63fee3e35d932505b113'}, 'dob': {'date': '1971-03-03T10:14:01.323Z', 'age': 53}, 'registered': {'date': '2004-07-08T11:30:14.531Z', 'age': 19}, 'phone': '966-143-174', 'cell': '698-965-768', 'id': {'name': 'DNI', 'value': '69372181-Z'}, 'picture': {'large': 'https://randomuser.me/api/portraits/men/41.jpg', 'medium': 'https://randomuser.me/api/portraits/med/men/41.jpg', 'thumbnail': 'https://randomuser.me/api/portraits/thumb/men/41.jpg'}, 'nat': 'ES'}</msg>
<arg>${json_data['results'][0]}</arg>
<doc>Logs the given message with the given level.</doc>
<status status="PASS" start="2024-04-14T05:59:41.979784" elapsed="0.000431"/>
</kw>
<kw name="Log" owner="BuiltIn">
<msg time="2024-04-14T05:59:41.980660" level="INFO">name</msg>
<arg>${key}</arg>
<doc>Logs the given message with the given level.</doc>
<status status="PASS" start="2024-04-14T05:59:41.980527" elapsed="0.000173"/>
</kw>
<var name="${key}">name</var>
<status status="PASS" start="2024-04-14T05:59:41.978911" elapsed="0.002019"/>
</iter>
<iter>
<kw name="Dictionary Should Contain Key" owner="Collections">
<msg time="2024-04-14T05:59:41.981603" level="INFO">False</msg>
<arg>${json_data['results'][0]}</arg>
<arg>${key}</arg>
<doc>Fails if ``key`` is not found from ``dictionary``.</doc>
<status status="PASS" start="2024-04-14T05:59:41.981224" elapsed="0.000417"/>
</kw>
<kw name="Log" owner="BuiltIn">
<msg time="2024-04-14T05:59:41.982306" level="INFO">{'gender': 'male', 'name': {'title': 'Mr', 'first': 'Benito', 'last': 'Ruiz'}, 'location': {'street': {'number': 1473, 'name': 'Avenida de Salamanca'}, 'city': 'Lorca', 'state': 'Castilla la Mancha', 'country': 'Spain', 'postcode': 90916, 'coordinates': {'latitude': '-36.1914', 'longitude': '-172.8285'}, 'timezone': {'offset': '+7:00', 'description': 'Bangkok, Hanoi, Jakarta'}}, 'email': 'benito.ruiz@example.com', 'login': {'uuid': '2dc2274e-56f2-4808-b2b6-3716992661c6', 'username': 'sadgoose322', 'password': 'bikini', 'salt': 'wx8iFcH9', 'md5': '11c20a5bf4cc1bd2d22c006f4def2c89', 'sha1': '2b9a935e6950f2108049842009e0c44cb9b9db06', 'sha256': 'bcb63b92ef3f219df3aabb34d3dcc4aa51c877b6483a63fee3e35d932505b113'}, 'dob': {'date': '1971-03-03T10:14:01.323Z', 'age': 53}, 'registered': {'date': '2004-07-08T11:30:14.531Z', 'age': 19}, 'phone': '966-143-174', 'cell': '698-965-768', 'id': {'name': 'DNI', 'value': '69372181-Z'}, 'picture': {'large': 'https://randomuser.me/api/portraits/men/41.jpg', 'medium': 'https://randomuser.me/api/portraits/med/men/41.jpg', 'thumbnail': 'https://randomuser.me/api/portraits/thumb/men/41.jpg'}, 'nat': 'ES'}</msg>
<arg>${json_data['results'][0]}</arg>
<doc>Logs the given message with the given level.</doc>
<status status="PASS" start="2024-04-14T05:59:41.981943" elapsed="0.000412"/>
</kw>
<kw name="Log" owner="BuiltIn">
<msg time="2024-04-14T05:59:41.982800" level="INFO">location</msg>
<arg>${key}</arg>
<doc>Logs the given message with the given level.</doc>
<status status="PASS" start="2024-04-14T05:59:41.982672" elapsed="0.000167"/>
</kw>
<var name="${key}">location</var>
<status status="PASS" start="2024-04-14T05:59:41.981112" elapsed="0.001947"/>
</iter>
<iter>
<kw name="Dictionary Should Contain Key" owner="Collections">
<msg time="2024-04-14T05:59:41.983728" level="INFO">False</msg>
<arg>${json_data['results'][0]}</arg>
<arg>${key}</arg>
<doc>Fails if ``key`` is not found from ``dictionary``.</doc>
<status status="PASS" start="2024-04-14T05:59:41.983346" elapsed="0.000425"/>
</kw>
<kw name="Log" owner="BuiltIn">
<msg time="2024-04-14T05:59:41.984536" level="INFO">{'gender': 'male', 'name': {'title': 'Mr', 'first': 'Benito', 'last': 'Ruiz'}, 'location': {'street': {'number': 1473, 'name': 'Avenida de Salamanca'}, 'city': 'Lorca', 'state': 'Castilla la Mancha', 'country': 'Spain', 'postcode': 90916, 'coordinates': {'latitude': '-36.1914', 'longitude': '-172.8285'}, 'timezone': {'offset': '+7:00', 'description': 'Bangkok, Hanoi, Jakarta'}}, 'email': 'benito.ruiz@example.com', 'login': {'uuid': '2dc2274e-56f2-4808-b2b6-3716992661c6', 'username': 'sadgoose322', 'password': 'bikini', 'salt': 'wx8iFcH9', 'md5': '11c20a5bf4cc1bd2d22c006f4def2c89', 'sha1': '2b9a935e6950f2108049842009e0c44cb9b9db06', 'sha256': 'bcb63b92ef3f219df3aabb34d3dcc4aa51c877b6483a63fee3e35d932505b113'}, 'dob': {'date': '1971-03-03T10:14:01.323Z', 'age': 53}, 'registered': {'date': '2004-07-08T11:30:14.531Z', 'age': 19}, 'phone': '966-143-174', 'cell': '698-965-768', 'id': {'name': 'DNI', 'value': '69372181-Z'}, 'picture': {'large': 'https://randomuser.me/api/portraits/men/41.jpg', 'medium': 'https://randomuser.me/api/portraits/med/men/41.jpg', 'thumbnail': 'https://randomuser.me/api/portraits/thumb/men/41.jpg'}, 'nat': 'ES'}</msg>
<arg>${json_data['results'][0]}</arg>
<doc>Logs the given message with the given level.</doc>
<status status="PASS" start="2024-04-14T05:59:41.984075" elapsed="0.000509"/>
</kw>
<kw name="Log" owner="BuiltIn">
<msg time="2024-04-14T05:59:41.985016" level="INFO">email</msg>
<arg>${key}</arg>
<doc>Logs the given message with the given level.</doc>
<status status="PASS" start="2024-04-14T05:59:41.984889" elapsed="0.000165"/>
</kw>
<var name="${key}">email</var>
<status status="PASS" start="2024-04-14T05:59:41.983234" elapsed="0.002038"/>
</iter>
<iter>
<kw name="Dictionary Should Contain Key" owner="Collections">
<msg time="2024-04-14T05:59:41.985926" level="INFO">False</msg>
<arg>${json_data['results'][0]}</arg>
<arg>${key}</arg>
<doc>Fails if ``key`` is not found from ``dictionary``.</doc>
<status status="PASS" start="2024-04-14T05:59:41.985554" elapsed="0.000410"/>
</kw>
<kw name="Log" owner="BuiltIn">
<msg time="2024-04-14T05:59:41.986644" level="INFO">{'gender': 'male', 'name': {'title': 'Mr', 'first': 'Benito', 'last': 'Ruiz'}, 'location': {'street': {'number': 1473, 'name': 'Avenida de Salamanca'}, 'city': 'Lorca', 'state': 'Castilla la Mancha', 'country': 'Spain', 'postcode': 90916, 'coordinates': {'latitude': '-36.1914', 'longitude': '-172.8285'}, 'timezone': {'offset': '+7:00', 'description': 'Bangkok, Hanoi, Jakarta'}}, 'email': 'benito.ruiz@example.com', 'login': {'uuid': '2dc2274e-56f2-4808-b2b6-3716992661c6', 'username': 'sadgoose322', 'password': 'bikini', 'salt': 'wx8iFcH9', 'md5': '11c20a5bf4cc1bd2d22c006f4def2c89', 'sha1': '2b9a935e6950f2108049842009e0c44cb9b9db06', 'sha256': 'bcb63b92ef3f219df3aabb34d3dcc4aa51c877b6483a63fee3e35d932505b113'}, 'dob': {'date': '1971-03-03T10:14:01.323Z', 'age': 53}, 'registered': {'date': '2004-07-08T11:30:14.531Z', 'age': 19}, 'phone': '966-143-174', 'cell': '698-965-768', 'id': {'name': 'DNI', 'value': '69372181-Z'}, 'picture': {'large': 'https://randomuser.me/api/portraits/men/41.jpg', 'medium': 'https://randomuser.me/api/portraits/med/men/41.jpg', 'thumbnail': 'https://randomuser.me/api/portraits/thumb/men/41.jpg'}, 'nat': 'ES'}</msg>
<arg>${json_data['results'][0]}</arg>
<doc>Logs the given message with the given level.</doc>
<status status="PASS" start="2024-04-14T05:59:41.986262" elapsed="0.000430"/>
</kw>
<kw name="Log" owner="BuiltIn">
<msg time="2024-04-14T05:59:41.987117" level="INFO">login</msg>
<arg>${key}</arg>
<doc>Logs the given message with the given level.</doc>
<status status="PASS" start="2024-04-14T05:59:41.986989" elapsed="0.000166"/>
</kw>
<var name="${key}">login</var>
<status status="PASS" start="2024-04-14T05:59:41.985443" elapsed="0.001945"/>
</iter>
<var>${key}</var>
<value>@{expected_keys}</value>
<status status="PASS" start="2024-04-14T05:59:41.976493" elapsed="0.011045"/>
</for>
<kw name="Create List" owner="BuiltIn">
<msg time="2024-04-14T05:59:41.987886" level="INFO">${expected_keysTwo} = ['username', 'password']</msg>
<var>${expected_keysTwo}</var>
<arg>username</arg>
<arg>password</arg>
<doc>Returns a list containing given items.</doc>
<status status="PASS" start="2024-04-14T05:59:41.987744" elapsed="0.000166"/>
</kw>
<for flavor="IN">
<iter>
<kw name="Dictionary Should Contain Key" owner="Collections">
<msg time="2024-04-14T05:59:41.988916" level="INFO">False</msg>
<arg>${json_data['results'][0]['login']}</arg>
<arg>${keyTwo}</arg>
<doc>Fails if ``key`` is not found from ``dictionary``.</doc>
<status status="PASS" start="2024-04-14T05:59:41.988531" elapsed="0.000424"/>
</kw>
<kw name="Dictionary Should Contain Key" owner="Collections">
<msg time="2024-04-14T05:59:41.989629" level="INFO">False</msg>
<arg>${json_data['results'][0]['login']}</arg>
<arg>${keyTwo}</arg>
<doc>Fails if ``key`` is not found from ``dictionary``.</doc>
<status status="PASS" start="2024-04-14T05:59:41.989255" elapsed="0.000412"/>
</kw>
<kw name="Log" owner="BuiltIn">
<msg time="2024-04-14T05:59:41.990094" level="INFO">username</msg>
<arg>${keyTwo}</arg>
<doc>Logs the given message with the given level.</doc>
<status status="PASS" start="2024-04-14T05:59:41.989964" elapsed="0.000167"/>
</kw>
<var name="${keyTwo}">username</var>
<status status="PASS" start="2024-04-14T05:59:41.988418" elapsed="0.001932"/>
</iter>
<iter>
<kw name="Dictionary Should Contain Key" owner="Collections">
<msg time="2024-04-14T05:59:41.991046" level="INFO">False</msg>
<arg>${json_data['results'][0]['login']}</arg>
<arg>${keyTwo}</arg>
<doc>Fails if ``key`` is not found from ``dictionary``.</doc>
<status status="PASS" start="2024-04-14T05:59:41.990668" elapsed="0.000415"/>
</kw>
<kw name="Dictionary Should Contain Key" owner="Collections">
<msg time="2024-04-14T05:59:41.991761" level="INFO">False</msg>
<arg>${json_data['results'][0]['login']}</arg>
<arg>${keyTwo}</arg>
<doc>Fails if ``key`` is not found from ``dictionary``.</doc>
<status status="PASS" start="2024-04-14T05:59:41.991381" elapsed="0.000417"/>
</kw>
<kw name="Log" owner="BuiltIn">
<msg time="2024-04-14T05:59:41.992224" level="INFO">password</msg>
<arg>${keyTwo}</arg>
<doc>Logs the given message with the given level.</doc>
<status status="PASS" start="2024-04-14T05:59:41.992096" elapsed="0.000166"/>
</kw>
<var name="${keyTwo}">password</var>
<status status="PASS" start="2024-04-14T05:59:41.990523" elapsed="0.001960"/>
</iter>
<var>${keyTwo}</var>
<value>@{expected_keysTwo}</value>
<status status="PASS" start="2024-04-14T05:59:41.988154" elapsed="0.004454"/>
</for>
<status status="PASS" start="2024-04-14T05:59:41.876012" elapsed="0.116743"/>
</kw>
<doc>Testa a estrutura da resposta da API.</doc>
<tag>testeEstruturaResposta</tag>
<status status="PASS" start="2024-04-14T05:59:41.875208" elapsed="0.117715"/>
</test>
<test id="s1-s1-t4" name="Validar tipos de dados" line="28">
<kw name="Teste de Tipos de Dados" owner="random-user-service">
<kw name="GET On Session" owner="RequestsLibrary">
<msg time="2024-04-14T05:59:42.065390" level="INFO">GET Request : url=https://randomuser.me/api 
 path_url=/api 
 headers={'User-Agent': 'python-requests/2.31.0', 'Accept-Encoding': 'gzip, deflate', 'Accept': '*/*', 'Connection': 'keep-alive'} 
 body=None 
 </msg>
<msg time="2024-04-14T05:59:42.065513" level="INFO">GET Response : url=https://randomuser.me/api 
 status=200, reason=OK 
 headers={'Date': 'Sun, 14 Apr 2024 05:59:42 GMT', 'Content-Type': 'application/json; charset=utf-8', 'Transfer-Encoding': 'chunked', 'Connection': 'keep-alive', 'X-Powered-By': 'Express', 'Access-Control-Allow-Origin': '*', 'Cache-Control': 'no-cache', 'ETag': 'W/"499-W5IFCcAxoXufBR5DgoLbsPCmsHY"', 'Vary': 'Accept-Encoding', 'Content-Encoding': 'gzip', 'CF-Cache-Status': 'DYNAMIC', 'Report-To': '{"endpoints":[{"url":"https:\\/\\/a.nel.cloudflare.com\\/report\\/v4?s=eZqu8bcsGbjTp0h2v11NPUp%2Fn8OXofJHbCU1c1rdN1MNl%2BPI8p9E2x0UjsG7GbEY452diMmwQgLnlYYLPUuqJqsJgtN%2FjIjUCPgwMx2QMYaSAH%2Bs43eQSmJjxHPg7nB3"}],"group":"cf-nel","max_age":604800}', 'NEL': '{"success_fraction":0,"report_to":"cf-nel","max_age":604800}', 'Server': 'cloudflare', 'CF-RAY': '874178a77f60084c-IAD', 'alt-svc': 'h3=":443"; ma=86400'} 
 body={"results":[{"gender":"female","name":{"title":"Mrs","first":"Karla","last":"Andersen"},"location":{"street":{"number":3751,"name":"Sundtoften"},"city":"Noerre Alslev","state":"Midtjylland","country":"Denmark","postcode":60688,"coordinates":{"latitude":"-39.7669","longitude":"128.8805"},"timezone":{"offset":"+9:00","description":"Tokyo, Seoul, Osaka, Sapporo, Yakutsk"}},"email":"karla.andersen@example.com","login":{"uuid":"70ae6c86-9f6c-408c-b11a-833218d56f6b","username":"purpleleopard307","password":"arsenal1","salt":"0zUdFYoe","md5":"c0dadbf346166108a592b478b3c7d8a3","sha1":"c8b6b8dceb82d05c388a6aff134ac80578dd402a","sha256":"304cd1c7206fdcb57ff84d370c4e53ff13c90282b3f67b1bf466dacafab9e3c7"},"dob":{"date":"1956-08-03T18:45:52.109Z","age":67},"registered":{"date":"2004-10-28T16:45:56.239Z","age":19},"phone":"58349476","cell":"06161859","id":{"name":"CPR","value":"030856-3514"},"picture":{"large":"https://randomuser.me/api/portraits/women/8.jpg","medium":"https://randomuser.me/api/portraits/med/women/8.jpg","thumbnail":"https://randomuser.me/api/portraits/thumb/women/8.jpg"},"nat":"DK"}],"info":{"seed":"5d5e8c6a66e9ed8f","results":1,"page":1,"version":"1.4"}} 
 </msg>
<msg time="2024-04-14T05:59:42.065596" level="INFO">/opt/hostedtoolcache/Python/3.12.2/x64/lib/python3.12/site-packages/urllib3/connectionpool.py:1103: InsecureRequestWarning: Unverified HTTPS request is being made to host 'randomuser.me'. Adding certificate verification is strongly advised. See: https://urllib3.readthedocs.io/en/latest/advanced-usage.html#tls-warnings
  warnings.warn(</msg>
<msg time="2024-04-14T05:59:42.065744" level="INFO">${response} = &lt;Response [200]&gt;</msg>
<var>${response}</var>
<arg>consultarAPI</arg>
<arg>/api</arg>
<doc>Sends a GET request on a previously created HTTP Session.</doc>
<status status="PASS" start="2024-04-14T05:59:41.995513" elapsed="0.070279"/>
</kw>
<kw name="Set Variable" owner="BuiltIn">
<msg time="2024-04-14T05:59:42.067082" level="INFO">${json_data} = {'results': [{'gender': 'female', 'name': {'title': 'Mrs', 'first': 'Karla', 'last': 'Andersen'}, 'location': {'street': {'number': 3751, 'name': 'Sundtoften'}, 'city': 'Noerre Alslev', 'state': 'Midt...</msg>
<var>${json_data}</var>
<arg>${response.json()}</arg>
<doc>Returns the given values which can then be assigned to a variables.</doc>
<status status="PASS" start="2024-04-14T05:59:42.066339" elapsed="0.000773"/>
</kw>
<kw name="Log" owner="BuiltIn">
<msg time="2024-04-14T05:59:42.067621" level="INFO">{'results': [{'gender': 'female', 'name': {'title': 'Mrs', 'first': 'Karla', 'last': 'Andersen'}, 'location': {'street': {'number': 3751, 'name': 'Sundtoften'}, 'city': 'Noerre Alslev', 'state': 'Midtjylland', 'country': 'Denmark', 'postcode': 60688, 'coordinates': {'latitude': '-39.7669', 'longitude': '128.8805'}, 'timezone': {'offset': '+9:00', 'description': 'Tokyo, Seoul, Osaka, Sapporo, Yakutsk'}}, 'email': 'karla.andersen@example.com', 'login': {'uuid': '70ae6c86-9f6c-408c-b11a-833218d56f6b', 'username': 'purpleleopard307', 'password': 'arsenal1', 'salt': '0zUdFYoe', 'md5': 'c0dadbf346166108a592b478b3c7d8a3', 'sha1': 'c8b6b8dceb82d05c388a6aff134ac80578dd402a', 'sha256': '304cd1c7206fdcb57ff84d370c4e53ff13c90282b3f67b1bf466dacafab9e3c7'}, 'dob': {'date': '1956-08-03T18:45:52.109Z', 'age': 67}, 'registered': {'date': '2004-10-28T16:45:56.239Z', 'age': 19}, 'phone': '58349476', 'cell': '06161859', 'id': {'name': 'CPR', 'value': '030856-3514'}, 'picture': {'large': 'https://randomuser.me/api/portraits/women/8.jpg', 'medium': 'https://randomuser.me/api/portraits/med/women/8.jpg', 'thumbnail': 'https://randomuser.me/api/portraits/thumb/women/8.jpg'}, 'nat': 'DK'}], 'info': {'seed': '5d5e8c6a66e9ed8f', 'results': 1, 'page': 1, 'version': '1.4'}}</msg>
<arg>${json_data}</arg>
<doc>Logs the given message with the given level.</doc>
<status status="PASS" start="2024-04-14T05:59:42.067451" elapsed="0.000260"/>
</kw>
<kw name="Should Be String" owner="String">
<arg>${json_data['results'][0]['gender']}</arg>
<doc>Fails if the given ``item`` is not a string.</doc>
<status status="PASS" start="2024-04-14T05:59:42.068019" elapsed="0.000372"/>
</kw>
<kw name="Should Match Regexp" owner="BuiltIn">
<arg>${json_data['results'][0]['email']}</arg>
<arg>^[a-zA-Z0-9._%+-]+@[a-zA-Z0-9.-]+\.[a-zA-Z]{2,}$</arg>
<doc>Fails if ``string`` does not match ``pattern`` as a regular expression.</doc>
<status status="PASS" start="2024-04-14T05:59:42.068584" elapsed="0.000515"/>
</kw>
<kw name="Should Match Regexp" owner="BuiltIn">
<arg>${json_data['results'][0]['dob']['date']}</arg>
<arg>\\d{4}-\\d{2}-\\d{2}T\\d{2}:\\d{2}:\\d{2}\\.\\d{3}Z</arg>
<doc>Fails if ``string`` does not match ``pattern`` as a regular expression.</doc>
<status status="PASS" start="2024-04-14T05:59:42.069295" elapsed="0.000488"/>
</kw>
<kw name="Should Match Regexp" owner="BuiltIn">
<arg>${json_data['results'][0]['registered']['date']}</arg>
<arg>\\d{4}-\\d{2}-\\d{2}T\\d{2}:\\d{2}:\\d{2}\\.\\d{3}Z</arg>
<doc>Fails if ``string`` does not match ``pattern`` as a regular expression.</doc>
<status status="PASS" start="2024-04-14T05:59:42.069985" elapsed="0.000365"/>
</kw>
<kw name="Should Match Regexp" owner="BuiltIn">
<arg>${json_data['results'][0]['picture']['large']}</arg>
<arg>^https?://.*\.(?:png|jpe?g|gif|bmp)$</arg>
<doc>Fails if ``string`` does not match ``pattern`` as a regular expression.</doc>
<status status="PASS" start="2024-04-14T05:59:42.070560" elapsed="0.000470"/>
</kw>
<kw name="Should Match Regexp" owner="BuiltIn">
<arg>${json_data['results'][0]['picture']['medium']}</arg>
<arg>^https?://.*\.(?:png|jpe?g|gif|bmp)$</arg>
<doc>Fails if ``string`` does not match ``pattern`` as a regular expression.</doc>
<status status="PASS" start="2024-04-14T05:59:42.071220" elapsed="0.000350"/>
</kw>
<kw name="Should Match Regexp" owner="BuiltIn">
<arg>${json_data['results'][0]['picture']['thumbnail']}</arg>
<arg>^https?://.*\.(?:png|jpe?g|gif|bmp)$</arg>
<doc>Fails if ``string`` does not match ``pattern`` as a regular expression.</doc>
<status status="PASS" start="2024-04-14T05:59:42.071755" elapsed="0.000403"/>
</kw>
<kw name="Log" owner="BuiltIn">
<msg time="2024-04-14T05:59:42.072688" level="INFO">{'large': 'https://randomuser.me/api/portraits/women/8.jpg', 'medium': 'https://randomuser.me/api/portraits/med/women/8.jpg', 'thumbnail': 'https://randomuser.me/api/portraits/thumb/women/8.jpg'}</msg>
<arg>${json_data['results'][0]['picture']}</arg>
<doc>Logs the given message with the given level.</doc>
<status status="PASS" start="2024-04-14T05:59:42.072347" elapsed="0.000383"/>
</kw>
<status status="PASS" start="2024-04-14T05:59:41.995278" elapsed="0.077720"/>
</kw>
<kw name="Teste de Tipos de Dados - Postcode" owner="random-user-service">
<kw name="GET On Session" owner="RequestsLibrary">
<msg time="2024-04-14T05:59:42.167333" level="INFO">GET Request : url=https://randomuser.me/api 
 path_url=/api 
 headers={'User-Agent': 'python-requests/2.31.0', 'Accept-Encoding': 'gzip, deflate', 'Accept': '*/*', 'Connection': 'keep-alive'} 
 body=None 
 </msg>
<msg time="2024-04-14T05:59:42.167448" level="INFO">GET Response : url=https://randomuser.me/api 
 status=200, reason=OK 
 headers={'Date': 'Sun, 14 Apr 2024 05:59:42 GMT', 'Content-Type': 'application/json; charset=utf-8', 'Transfer-Encoding': 'chunked', 'Connection': 'keep-alive', 'X-Powered-By': 'Express', 'Access-Control-Allow-Origin': '*', 'Cache-Control': 'no-cache', 'ETag': 'W/"46c-NTjhsncRvCHPQP/KNb013KoSWyo"', 'Vary': 'Accept-Encoding', 'Content-Encoding': 'gzip', 'CF-Cache-Status': 'DYNAMIC', 'Report-To': '{"endpoints":[{"url":"https:\\/\\/a.nel.cloudflare.com\\/report\\/v4?s=xLOoGa69rXyy8kBclKmG6rZrSdeSiudvB%2BGCstWXZs%2FrwRlt%2BpINVTOzrkh0RqO93ATGWa%2FW9Hf6Mpwfg%2Bmel33qLCQh705rqKebur1oX9r4dgjK3xGjOIo65VH9ma%2FF"}],"group":"cf-nel","max_age":604800}', 'NEL': '{"success_fraction":0,"report_to":"cf-nel","max_age":604800}', 'Server': 'cloudflare', 'CF-RAY': '874178a7ffbe084c-IAD', 'alt-svc': 'h3=":443"; ma=86400'} 
 body={"results":[{"gender":"male","name":{"title":"Mr","first":"Önal","last":"Erkekli"},"location":{"street":{"number":9837,"name":"Filistin Cd"},"city":"Rize","state":"Karabük","country":"Turkey","postcode":12170,"coordinates":{"latitude":"67.5561","longitude":"-121.5861"},"timezone":{"offset":"+9:30","description":"Adelaide, Darwin"}},"email":"onal.erkekli@example.com","login":{"uuid":"d6ef9af0-63ae-42f8-995f-fa04128b0636","username":"greenzebra960","password":"michaela","salt":"xoP6j0G2","md5":"e2b00f272c2b8e72a4a39d23aa1f5c4e","sha1":"cfd7cc96aacb63874d5cbdb3c30d13ed8064fbca","sha256":"b2bfd747a790032f6aba1637cd54ed90a56a112dc03698ae326df4853573ed75"},"dob":{"date":"1982-02-19T19:54:39.607Z","age":42},"registered":{"date":"2003-04-21T11:12:57.383Z","age":20},"phone":"(115)-603-2436","cell":"(984)-269-7400","id":{"name":"","value":null},"picture":{"large":"https://randomuser.me/api/portraits/men/25.jpg","medium":"https://randomuser.me/api/portraits/med/men/25.jpg","thumbnail":"https://randomuser.me/api/portraits/thumb/men/25.jpg"},"nat":"TR"}],"info":{"seed":"8a5d5f82149b7174","results":1,"page":1,"version":"1.4"}} 
 </msg>
<msg time="2024-04-14T05:59:42.167554" level="INFO">/opt/hostedtoolcache/Python/3.12.2/x64/lib/python3.12/site-packages/urllib3/connectionpool.py:1103: InsecureRequestWarning: Unverified HTTPS request is being made to host 'randomuser.me'. Adding certificate verification is strongly advised. See: https://urllib3.readthedocs.io/en/latest/advanced-usage.html#tls-warnings
  warnings.warn(</msg>
<msg time="2024-04-14T05:59:42.167721" level="INFO">${response} = &lt;Response [200]&gt;</msg>
<var>${response}</var>
<arg>consultarAPI</arg>
<arg>/api</arg>
<doc>Sends a GET request on a previously created HTTP Session.</doc>
<status status="PASS" start="2024-04-14T05:59:42.073486" elapsed="0.094288"/>
</kw>
<kw name="Set Variable" owner="BuiltIn">
<msg time="2024-04-14T05:59:42.168809" level="INFO">${json_data} = {'results': [{'gender': 'male', 'name': {'title': 'Mr', 'first': 'Önal', 'last': 'Erkekli'}, 'location': {'street': {'number': 9837, 'name': 'Filistin Cd'}, 'city': 'Rize', 'state': 'Karabük', 'countr...</msg>
<var>${json_data}</var>
<arg>${response.json()}</arg>
<doc>Returns the given values which can then be assigned to a variables.</doc>
<status status="PASS" start="2024-04-14T05:59:42.168294" elapsed="0.000544"/>
</kw>
<kw name="Log" owner="BuiltIn">
<msg time="2024-04-14T05:59:42.169311" level="INFO">{'results': [{'gender': 'male', 'name': {'title': 'Mr', 'first': 'Önal', 'last': 'Erkekli'}, 'location': {'street': {'number': 9837, 'name': 'Filistin Cd'}, 'city': 'Rize', 'state': 'Karabük', 'country': 'Turkey', 'postcode': 12170, 'coordinates': {'latitude': '67.5561', 'longitude': '-121.5861'}, 'timezone': {'offset': '+9:30', 'description': 'Adelaide, Darwin'}}, 'email': 'onal.erkekli@example.com', 'login': {'uuid': 'd6ef9af0-63ae-42f8-995f-fa04128b0636', 'username': 'greenzebra960', 'password': 'michaela', 'salt': 'xoP6j0G2', 'md5': 'e2b00f272c2b8e72a4a39d23aa1f5c4e', 'sha1': 'cfd7cc96aacb63874d5cbdb3c30d13ed8064fbca', 'sha256': 'b2bfd747a790032f6aba1637cd54ed90a56a112dc03698ae326df4853573ed75'}, 'dob': {'date': '1982-02-19T19:54:39.607Z', 'age': 42}, 'registered': {'date': '2003-04-21T11:12:57.383Z', 'age': 20}, 'phone': '(115)-603-2436', 'cell': '(984)-269-7400', 'id': {'name': '', 'value': None}, 'picture': {'large': 'https://randomuser.me/api/portraits/men/25.jpg', 'medium': 'https://randomuser.me/api/portraits/med/men/25.jpg', 'thumbnail': 'https://randomuser.me/api/portraits/thumb/men/25.jpg'}, 'nat': 'TR'}], 'info': {'seed': '8a5d5f82149b7174', 'results': 1, 'page': 1, 'version': '1.4'}}</msg>
<arg>${json_data}</arg>
<doc>Logs the given message with the given level.</doc>
<status status="PASS" start="2024-04-14T05:59:42.169149" elapsed="0.000245"/>
</kw>
<kw name="Should Be Equal As Numbers" owner="BuiltIn">
<arg>${json_data['results'][0]['location']['postcode']}</arg>
<arg>${json_data['results'][0]['location']['postcode']}</arg>
<doc>Fails if objects are unequal after converting them to real numbers.</doc>
<status status="PASS" start="2024-04-14T05:59:42.169696" elapsed="0.000619"/>
</kw>
<kw name="Log" owner="BuiltIn">
<msg time="2024-04-14T05:59:42.170888" level="INFO">12170</msg>
<arg>${json_data['results'][0]['location']['postcode']}</arg>
<doc>Logs the given message with the given level.</doc>
<status status="PASS" start="2024-04-14T05:59:42.170505" elapsed="0.000424"/>
</kw>
<status status="PASS" start="2024-04-14T05:59:42.073245" elapsed="0.097945"/>
</kw>
<doc>Testa se os tipos de dados na resposta da API estão corretos.</doc>
<tag>testeTiposDados</tag>
<status status="PASS" start="2024-04-14T05:59:41.994710" elapsed="0.176653"/>
</test>
<test id="s1-s1-t5" name="Validar conteudo" line="35">
<kw name="Teste de Tipos de Conteudo" owner="random-user-service">
<kw name="GET On Session" owner="RequestsLibrary">
<msg time="2024-04-14T05:59:42.267344" level="INFO">GET Request : url=https://randomuser.me/api 
 path_url=/api 
 headers={'User-Agent': 'python-requests/2.31.0', 'Accept-Encoding': 'gzip, deflate', 'Accept': '*/*', 'Connection': 'keep-alive'} 
 body=None 
 </msg>
<msg time="2024-04-14T05:59:42.267446" level="INFO">GET Response : url=https://randomuser.me/api 
 status=200, reason=OK 
 headers={'Date': 'Sun, 14 Apr 2024 05:59:42 GMT', 'Content-Type': 'application/json; charset=utf-8', 'Transfer-Encoding': 'chunked', 'Connection': 'keep-alive', 'X-Powered-By': 'Express', 'Access-Control-Allow-Origin': '*', 'Cache-Control': 'no-cache', 'ETag': 'W/"493-XJG+G65BZbCBa32A6PRv1UKAM3o"', 'Vary': 'Accept-Encoding', 'Content-Encoding': 'gzip', 'CF-Cache-Status': 'DYNAMIC', 'Report-To': '{"endpoints":[{"url":"https:\\/\\/a.nel.cloudflare.com\\/report\\/v4?s=auQe0%2B8CapLuG1UiWz6OQcX3LNDZ%2BUF2aDDtce5v2DHLKJvtQOnGX4lZvXVExQ4tYtnBh0tf0SAuAV0iXMBjMZ6MotmPSqs28jshVocM%2F89McJ4%2BAVBZR51xb08w%2BllN"}],"group":"cf-nel","max_age":604800}', 'NEL': '{"success_fraction":0,"report_to":"cf-nel","max_age":604800}', 'Server': 'cloudflare', 'CF-RAY': '874178a89824084c-IAD', 'alt-svc': 'h3=":443"; ma=86400'} 
 body={"results":[{"gender":"female","name":{"title":"Mrs","first":"Maddison","last":"King"},"location":{"street":{"number":8938,"name":"Tweed Street"},"city":"Rotorua","state":"Manawatu-Wanganui","country":"New Zealand","postcode":13568,"coordinates":{"latitude":"50.8809","longitude":"15.2756"},"timezone":{"offset":"+4:00","description":"Abu Dhabi, Muscat, Baku, Tbilisi"}},"email":"maddison.king@example.com","login":{"uuid":"9689eea5-0128-496f-8f8d-598bde88c3c5","username":"ticklishfrog637","password":"keng","salt":"ghFMy8X7","md5":"8e8e2795b05a85a07724e5bedd0c9dba","sha1":"233c1224abb06e5507013e2aa093a72090486e3e","sha256":"081f4b798f21c8f3e6d944a1be70541645bf6847470ad388e13857ba1a0db7f1"},"dob":{"date":"1975-04-16T03:16:52.738Z","age":48},"registered":{"date":"2017-01-01T13:23:57.592Z","age":7},"phone":"(955)-727-3571","cell":"(504)-031-5384","id":{"name":"","value":null},"picture":{"large":"https://randomuser.me/api/portraits/women/84.jpg","medium":"https://randomuser.me/api/portraits/med/women/84.jpg","thumbnail":"https://randomuser.me/api/portraits/thumb/women/84.jpg"},"nat":"NZ"}],"info":{"seed":"787bc87e3f31e605","results":1,"page":1,"version":"1.4"}} 
 </msg>
<msg time="2024-04-14T05:59:42.267514" level="INFO">/opt/hostedtoolcache/Python/3.12.2/x64/lib/python3.12/site-packages/urllib3/connectionpool.py:1103: InsecureRequestWarning: Unverified HTTPS request is being made to host 'randomuser.me'. Adding certificate verification is strongly advised. See: https://urllib3.readthedocs.io/en/latest/advanced-usage.html#tls-warnings
  warnings.warn(</msg>
<msg time="2024-04-14T05:59:42.267657" level="INFO">${response} = &lt;Response [200]&gt;</msg>
<var>${response}</var>
<arg>consultarAPI</arg>
<arg>/api</arg>
<doc>Sends a GET request on a previously created HTTP Session.</doc>
<status status="PASS" start="2024-04-14T05:59:42.174130" elapsed="0.093570"/>
</kw>
<kw name="Set Variable" owner="BuiltIn">
<msg time="2024-04-14T05:59:42.268821" level="INFO">${json_data} = {'results': [{'gender': 'female', 'name': {'title': 'Mrs', 'first': 'Maddison', 'last': 'King'}, 'location': {'street': {'number': 8938, 'name': 'Tweed Street'}, 'city': 'Rotorua', 'state': 'Manawatu-...</msg>
<var>${json_data}</var>
<arg>${response.json()}</arg>
<doc>Returns the given values which can then be assigned to a variables.</doc>
<status status="PASS" start="2024-04-14T05:59:42.268300" elapsed="0.000549"/>
</kw>
<kw name="Set Variable" owner="BuiltIn">
<msg time="2024-04-14T05:59:42.269541" level="INFO">${name_title} = Mrs</msg>
<var>${name_title}</var>
<arg>${json_data["results"][0]["name"]["title"]}</arg>
<doc>Returns the given values which can then be assigned to a variables.</doc>
<status status="PASS" start="2024-04-14T05:59:42.269159" elapsed="0.000408"/>
</kw>
<kw name="Create List" owner="BuiltIn">
<msg time="2024-04-14T05:59:42.270021" level="INFO">${allowed_titles} = ['Mr', 'Ms', 'Miss', 'Mrs', 'Madame', 'Monsieur']</msg>
<var>${allowed_titles}</var>
<arg>Mr</arg>
<arg>Ms</arg>
<arg>Miss</arg>
<arg>Mrs</arg>
<arg>Madame</arg>
<arg>Monsieur</arg>
<doc>Returns a list containing given items.</doc>
<status status="PASS" start="2024-04-14T05:59:42.269870" elapsed="0.000175"/>
</kw>
<kw name="List Should Contain Value" owner="Collections">
<msg time="2024-04-14T05:59:42.270528" level="INFO">False</msg>
<arg>${allowed_titles}</arg>
<arg>${name_title}</arg>
<doc>Fails if the ``value`` is not found from ``list``.</doc>
<status status="PASS" start="2024-04-14T05:59:42.270347" elapsed="0.000258"/>
</kw>
<kw name="Set Variable" owner="BuiltIn">
<msg time="2024-04-14T05:59:42.271287" level="INFO">${name_country} = NZ</msg>
<var>${name_country}</var>
<arg>${json_data["results"][0]["nat"]}</arg>
<doc>Returns the given values which can then be assigned to a variables.</doc>
<status status="PASS" start="2024-04-14T05:59:42.270908" elapsed="0.000404"/>
</kw>
<kw name="Create List" owner="BuiltIn">
<msg time="2024-04-14T05:59:42.272218" level="INFO">${list_country} = ['AD', 'AE', 'AF', 'AG', 'AI', 'AL', 'AM', 'AO', 'AQ', 'AR', 'AS', 'AT', 'AU', 'AW', 'AX', 'AZ', 'BA', 'BB', 'BD', 'BE', 'BF', 'BG', 'BH', 'BI', 'BJ', 'BL', 'BM', 'BN', 'BO', 'BQ', 'BR', 'BS', 'BT', '...</msg>
<var>${list_country}</var>
<arg>AD</arg>
<arg>AE</arg>
<arg>AF</arg>
<arg>AG</arg>
<arg>AI</arg>
<arg>AL</arg>
<arg>AM</arg>
<arg>AO</arg>
<arg>AQ</arg>
<arg>AR</arg>
<arg>AS</arg>
<arg>AT</arg>
<arg>AU</arg>
<arg>AW</arg>
<arg>AX</arg>
<arg>AZ</arg>
<arg>BA</arg>
<arg>BB</arg>
<arg>BD</arg>
<arg>BE</arg>
<arg>BF</arg>
<arg>BG</arg>
<arg>BH</arg>
<arg>BI</arg>
<arg>BJ</arg>
<arg>BL</arg>
<arg>BM</arg>
<arg>BN</arg>
<arg>BO</arg>
<arg>BQ</arg>
<arg>BR</arg>
<arg>BS</arg>
<arg>BT</arg>
<arg>BV</arg>
<arg>BW</arg>
<arg>BY</arg>
<arg>BZ</arg>
<arg>CA</arg>
<arg>CC</arg>
<arg>CD</arg>
<arg>CF</arg>
<arg>CG</arg>
<arg>CH</arg>
<arg>CI</arg>
<arg>CK</arg>
<arg>CL</arg>
<arg>CM</arg>
<arg>CN</arg>
<arg>CO</arg>
<arg>CR</arg>
<arg>CU</arg>
<arg>CV</arg>
<arg>CW</arg>
<arg>CX</arg>
<arg>CY</arg>
<arg>CZ</arg>
<arg>DE</arg>
<arg>DJ</arg>
<arg>DK</arg>
<arg>DM</arg>
<arg>DO</arg>
<arg>DZ</arg>
<arg>EC</arg>
<arg>EE</arg>
<arg>EG</arg>
<arg>EH</arg>
<arg>ER</arg>
<arg>ES</arg>
<arg>ET</arg>
<arg>FI</arg>
<arg>FJ</arg>
<arg>FK</arg>
<arg>FM</arg>
<arg>FO</arg>
<arg>FR</arg>
<arg>GA</arg>
<arg>GB</arg>
<arg>GD</arg>
<arg>GE</arg>
<arg>GF</arg>
<arg>GG</arg>
<arg>GH</arg>
<arg>GI</arg>
<arg>GL</arg>
<arg>GM</arg>
<arg>GN</arg>
<arg>GP</arg>
<arg>GQ</arg>
<arg>GR</arg>
<arg>GS</arg>
<arg>GT</arg>
<arg>GU</arg>
<arg>GW</arg>
<arg>GY</arg>
<arg>HK</arg>
<arg>HM</arg>
<arg>HN</arg>
<arg>HR</arg>
<arg>HT</arg>
<arg>HU</arg>
<arg>ID</arg>
<arg>IE</arg>
<arg>IL</arg>
<arg>IM</arg>
<arg>IN</arg>
<arg>IO</arg>
<arg>IQ</arg>
<arg>IR</arg>
<arg>IS</arg>
<arg>IT</arg>
<arg>JE</arg>
<arg>JM</arg>
<arg>JO</arg>
<arg>JP</arg>
<arg>KE</arg>
<arg>KG</arg>
<arg>KH</arg>
<arg>KI</arg>
<arg>KM</arg>
<arg>KN</arg>
<arg>KP</arg>
<arg>KR</arg>
<arg>KW</arg>
<arg>KY</arg>
<arg>KZ</arg>
<arg>LA</arg>
<arg>LB</arg>
<arg>LC</arg>
<arg>LI</arg>
<arg>LK</arg>
<arg>LR</arg>
<arg>LS</arg>
<arg>LT</arg>
<arg>LU</arg>
<arg>LV</arg>
<arg>LY</arg>
<arg>MA</arg>
<arg>MC</arg>
<arg>MD</arg>
<arg>ME</arg>
<arg>MF</arg>
<arg>MG</arg>
<arg>MH</arg>
<arg>MK</arg>
<arg>ML</arg>
<arg>MM</arg>
<arg>MN</arg>
<arg>MO</arg>
<arg>MP</arg>
<arg>MQ</arg>
<arg>MR</arg>
<arg>MS</arg>
<arg>MT</arg>
<arg>MU</arg>
<arg>MV</arg>
<arg>MW</arg>
<arg>MX</arg>
<arg>MY</arg>
<arg>MZ</arg>
<arg>NA</arg>
<arg>NC</arg>
<arg>NE</arg>
<arg>NF</arg>
<arg>NG</arg>
<arg>NI</arg>
<arg>NL</arg>
<arg>NO</arg>
<arg>NP</arg>
<arg>NR</arg>
<arg>NU</arg>
<arg>NZ</arg>
<arg>OM</arg>
<arg>PA</arg>
<arg>PE</arg>
<arg>PF</arg>
<arg>PG</arg>
<arg>PH</arg>
<arg>PK</arg>
<arg>PL</arg>
<arg>PM</arg>
<arg>PN</arg>
<arg>PR</arg>
<arg>PS</arg>
<arg>PT</arg>
<arg>PW</arg>
<arg>PY</arg>
<arg>QA</arg>
<arg>RE</arg>
<arg>RO</arg>
<arg>RS</arg>
<arg>RU</arg>
<arg>RW</arg>
<arg>SA</arg>
<arg>SB</arg>
<arg>SC</arg>
<arg>SD</arg>
<arg>SE</arg>
<arg>SG</arg>
<arg>SH</arg>
<arg>SI</arg>
<arg>SJ</arg>
<arg>SK</arg>
<arg>SL</arg>
<arg>SM</arg>
<arg>SN</arg>
<arg>SO</arg>
<arg>SR</arg>
<arg>SS</arg>
<arg>ST</arg>
<arg>SV</arg>
<arg>SX</arg>
<arg>SY</arg>
<arg>SZ</arg>
<arg>TC</arg>
<arg>TD</arg>
<arg>TF</arg>
<arg>TG</arg>
<arg>TH</arg>
<arg>TJ</arg>
<arg>TK</arg>
<arg>TL</arg>
<arg>TM</arg>
<arg>TN</arg>
<arg>TO</arg>
<arg>TR</arg>
<arg>TT</arg>
<arg>TV</arg>
<arg>TW</arg>
<arg>TZ</arg>
<arg>UA</arg>
<arg>UG</arg>
<arg>UM</arg>
<arg>US</arg>
<arg>UY</arg>
<arg>UZ</arg>
<arg>VA</arg>
<arg>VC</arg>
<arg>VE</arg>
<arg>VG</arg>
<arg>VI</arg>
<arg>VN</arg>
<arg>VU</arg>
<arg>WF</arg>
<arg>WS</arg>
<arg>XK</arg>
<arg>YE</arg>
<arg>YT</arg>
<arg>ZA</arg>
<arg>ZM</arg>
<arg>ZW</arg>
<doc>Returns a list containing given items.</doc>
<status status="PASS" start="2024-04-14T05:59:42.271617" elapsed="0.000627"/>
</kw>
<kw name="List Should Contain Value" owner="Collections">
<msg time="2024-04-14T05:59:42.273234" level="INFO">False</msg>
<arg>${list_country}</arg>
<arg>${name_country}</arg>
<doc>Fails if the ``value`` is not found from ``list``.</doc>
<status status="PASS" start="2024-04-14T05:59:42.273029" elapsed="0.000244"/>
</kw>
<kw name="Run Keyword If" owner="BuiltIn">
<kw name="Should Be True" owner="BuiltIn">
<arg>${True}</arg>
<doc>Fails if the given condition is not true.</doc>
<status status="PASS" start="2024-04-14T05:59:42.274495" elapsed="0.000175"/>
</kw>
<arg>${json_data["results"][0]["location"]["coordinates"]["latitude"]} &gt;= -90 and ${json_data["results"][0]["location"]["coordinates"]["latitude"]} &lt;= 90</arg>
<arg>Should Be True</arg>
<arg>${True}</arg>
<doc>Runs the given keyword with the given arguments, if ``condition`` is true.</doc>
<status status="PASS" start="2024-04-14T05:59:42.273607" elapsed="0.001193"/>
</kw>
<kw name="Run Keyword If" owner="BuiltIn">
<kw name="Should Be True" owner="BuiltIn">
<arg>${True}</arg>
<doc>Fails if the given condition is not true.</doc>
<status status="PASS" start="2024-04-14T05:59:42.275681" elapsed="0.000143"/>
</kw>
<arg>${json_data["results"][0]["location"]["coordinates"]["longitude"]} &gt;= -180 and ${json_data["results"][0]["location"]["coordinates"]["longitude"]} &lt;= 180</arg>
<arg>Should Be True</arg>
<arg>${True}</arg>
<doc>Runs the given keyword with the given arguments, if ``condition`` is true.</doc>
<status status="PASS" start="2024-04-14T05:59:42.274988" elapsed="0.000962"/>
</kw>
<status status="PASS" start="2024-04-14T05:59:42.173746" elapsed="0.102336"/>
</kw>
<doc>Testa o conteúdo específico dos campos retornados pela API.</doc>
<tag>testeConteudo</tag>
<status status="PASS" start="2024-04-14T05:59:42.173086" elapsed="0.103154"/>
</test>
<status status="PASS" start="2024-04-14T05:59:41.362581" elapsed="0.915641"/>
</suite>
<status status="PASS" start="2024-04-14T05:59:41.348619" elapsed="0.935015"/>
</suite>
<statistics>
<total>
<stat pass="5" fail="0" skip="0">All Tests</stat>
</total>
<tag>
<stat pass="1" fail="0" skip="0">testeConteudo</stat>
<stat pass="1" fail="0" skip="0">testeEstruturaResposta</stat>
<stat pass="1" fail="0" skip="0">testeRequisicaoBasica</stat>
<stat pass="1" fail="0" skip="0">testeTiposDados</stat>
</tag>
<suite>
<stat pass="5" fail="0" skip="0" id="s1" name="Tests">Tests</stat>
<stat pass="5" fail="0" skip="0" id="s1-s1" name="Random-User-Test">Tests.Random-User-Test</stat>
</suite>
</statistics>
<errors>
</errors>
</robot>
