<?xml version="1.0" encoding="UTF-8"?>
<robot generator="Robot 7.0.1 (Python 3.12.4 on linux)" generated="2024-08-08T18:21:21.091188" rpa="false" schemaversion="5">
<suite id="s1" name="Tests" source="/home/runner/work/ApiRandomUser/ApiRandomUser/RamdonUser/tests">
<suite id="s1-s1" name="Random-User-Test" source="/home/runner/work/ApiRandomUser/ApiRandomUser/RamdonUser/tests/random-user-test.robot">
<test id="s1-s1-t1" name="Conectar" line="13">
<kw name="Conectar API" owner="random-user-service">
<kw name="Create Session" owner="RequestsLibrary">
<msg time="2024-08-08T18:21:21.509652" level="INFO">Creating Session using : alias=consultarAPI, url=https://randomuser.me/, headers={},                     cookies={}, auth=None, timeout=None, proxies=None, verify=False,                     debug=0 </msg>
<arg>consultarAPI</arg>
<arg>${URL}</arg>
<doc>Create Session: create a HTTP session to a server</doc>
<status status="PASS" start="2024-08-08T18:21:21.509457" elapsed="0.000356"/>
</kw>
<status status="PASS" start="2024-08-08T18:21:21.508431" elapsed="0.001719"/>
</kw>
<status status="PASS" start="2024-08-08T18:21:21.507855" elapsed="0.002486"/>
</test>
<test id="s1-s1-t2" name="Validar retorno 200 e JSON Válido" line="16">
<kw name="Teste de Requisicao Basica" owner="random-user-service">
<kw name="GET On Session" owner="RequestsLibrary">
<msg time="2024-08-08T18:21:21.785250" level="INFO">GET Request : url=https://randomuser.me/api 
 path_url=/api 
 headers={'User-Agent': 'python-requests/2.32.3', 'Accept-Encoding': 'gzip, deflate', 'Accept': '*/*', 'Connection': 'keep-alive'} 
 body=None 
 </msg>
<msg time="2024-08-08T18:21:21.785394" level="INFO">GET Response : url=https://randomuser.me/api 
 status=200, reason=OK 
 headers={'Date': 'Thu, 08 Aug 2024 18:21:21 GMT', 'Content-Type': 'application/json; charset=utf-8', 'Transfer-Encoding': 'chunked', 'Connection': 'keep-alive', 'X-Powered-By': 'Express', 'Access-Control-Allow-Origin': '*', 'Cache-Control': 'no-cache', 'ETag': 'W/"494-LRRByFj9LYQ81QfVQ5Hn9MqQ18s"', 'Vary': 'Accept-Encoding', 'Content-Encoding': 'gzip', 'CF-Cache-Status': 'DYNAMIC', 'Report-To': '{"endpoints":[{"url":"https:\\/\\/a.nel.cloudflare.com\\/report\\/v4?s=6lBF%2FTQH6EYYVb17Gwu%2Brek3JmLHm4x%2FxLM3zqgyeYH%2B61Jq0BWluVTDSib7%2BN4HYH7DdVdFrSQSGB5s%2F2t3mFiQ3grNTjE2pi2Fa60dIk79njK5gxDj9ecKHMikTOBs"}],"group":"cf-nel","max_age":604800}', 'NEL': '{"success_fraction":0,"report_to":"cf-nel","max_age":604800}', 'Server': 'cloudflare', 'CF-RAY': '8b018692ae532421-IAD', 'alt-svc': 'h3=":443"; ma=86400'} 
 body={"results":[{"gender":"female","name":{"title":"Mrs","first":"Vanessa","last":"Ellis"},"location":{"street":{"number":7197,"name":"Cork Street"},"city":"Buncrana","state":"Clare","country":"Ireland","postcode":61948,"coordinates":{"latitude":"-3.7711","longitude":"36.6763"},"timezone":{"offset":"0:00","description":"Western Europe Time, London, Lisbon, Casablanca"}},"email":"vanessa.ellis@example.com","login":{"uuid":"f357b121-9bd3-4cfc-8a40-092a182dd308","username":"angrybird635","password":"dingdong","salt":"TZmU0VsP","md5":"9434ffcb05e5e1cdb26aff582f10082c","sha1":"7f4733fe28b5ccaa6c5a31e2de8333e2e16b4761","sha256":"4cacdf04cbc6ea1314b812b209e98b6e0f8e292c908b33e2a292d50ee372d2fb"},"dob":{"date":"1953-01-27T15:38:28.568Z","age":71},"registered":{"date":"2014-11-11T05:29:20.075Z","age":9},"phone":"041-188-2058","cell":"081-938-1601","id":{"name":"PPS","value":"9990852T"},"picture":{"large":"https://randomuser.me/api/portraits/women/7.jpg","medium":"https://randomuser.me/api/portraits/med/women/7.jpg","thumbnail":"https://randomuser.me/api/portraits/thumb/women/7.jpg"},"nat":"IE"}],"info":{"seed":"92aaa0c0e71bc7fe","results":1,"page":1,"version":"1.4"}} 
 </msg>
<msg time="2024-08-08T18:21:21.785466" level="INFO">/opt/hostedtoolcache/Python/3.12.4/x64/lib/python3.12/site-packages/urllib3/connectionpool.py:1099: InsecureRequestWarning: Unverified HTTPS request is being made to host 'randomuser.me'. Adding certificate verification is strongly advised. See: https://urllib3.readthedocs.io/en/latest/advanced-usage.html#tls-warnings
  warnings.warn(</msg>
<msg time="2024-08-08T18:21:21.785572" level="INFO">${response} = &lt;Response [200]&gt;</msg>
<var>${response}</var>
<arg>consultarAPI</arg>
<arg>/api</arg>
<doc>Sends a GET request on a previously created HTTP Session.</doc>
<status status="PASS" start="2024-08-08T18:21:21.512934" elapsed="0.272680"/>
</kw>
<kw name="Should Be Equal As Numbers" owner="BuiltIn">
<msg time="2024-08-08T18:21:21.786707" level="INFO">Argument types are:
&lt;class 'int'&gt;
&lt;class 'str'&gt;</msg>
<arg>${response.status_code}</arg>
<arg>200</arg>
<doc>Fails if objects are unequal after converting them to real numbers.</doc>
<status status="PASS" start="2024-08-08T18:21:21.786138" elapsed="0.000632"/>
</kw>
<kw name="Log" owner="BuiltIn">
<msg time="2024-08-08T18:21:21.787440" level="INFO">200</msg>
<arg>${response.status_code}</arg>
<doc>Logs the given message with the given level.</doc>
<status status="PASS" start="2024-08-08T18:21:21.787081" elapsed="0.000401"/>
</kw>
<kw name="Set Variable" owner="BuiltIn">
<msg time="2024-08-08T18:21:21.788208" level="INFO">${json_data} = {'results': [{'gender': 'female', 'name': {'title': 'Mrs', 'first': 'Vanessa', 'last': 'Ellis'}, 'location': {'street': {'number': 7197, 'name': 'Cork Street'}, 'city': 'Buncrana', 'state': 'Clare', '...</msg>
<var>${json_data}</var>
<arg>${response.json()}</arg>
<doc>Returns the given values which can then be assigned to a variables.</doc>
<status status="PASS" start="2024-08-08T18:21:21.787782" elapsed="0.000454"/>
</kw>
<kw name="Dictionary Should Contain Key" owner="Collections">
<arg>${json_data}</arg>
<arg>results</arg>
<doc>Fails if ``key`` is not found from ``dictionary``.</doc>
<status status="PASS" start="2024-08-08T18:21:21.788536" elapsed="0.000286"/>
</kw>
<status status="PASS" start="2024-08-08T18:21:21.512690" elapsed="0.276281"/>
</kw>
<doc>Testa se a API responde corretamente e retorna um objeto JSON válido.</doc>
<tag>testeRequisicaoBasica</tag>
<status status="PASS" start="2024-08-08T18:21:21.512182" elapsed="0.276986"/>
</test>
<test id="s1-s1-t3" name="Validar estrutura de resposta" line="22">
<kw name="Teste de Estrutura de Resposta" owner="random-user-service">
<kw name="GET On Session" owner="RequestsLibrary">
<msg time="2024-08-08T18:21:21.855022" level="INFO">GET Request : url=https://randomuser.me/api 
 path_url=/api 
 headers={'User-Agent': 'python-requests/2.32.3', 'Accept-Encoding': 'gzip, deflate', 'Accept': '*/*', 'Connection': 'keep-alive'} 
 body=None 
 </msg>
<msg time="2024-08-08T18:21:21.855088" level="INFO">GET Response : url=https://randomuser.me/api 
 status=200, reason=OK 
 headers={'Date': 'Thu, 08 Aug 2024 18:21:21 GMT', 'Content-Type': 'application/json; charset=utf-8', 'Transfer-Encoding': 'chunked', 'Connection': 'keep-alive', 'X-Powered-By': 'Express', 'Access-Control-Allow-Origin': '*', 'Cache-Control': 'no-cache', 'ETag': 'W/"469-JuGJ0xib3IWV1OICjk6yz6z7EJ4"', 'Vary': 'Accept-Encoding', 'Content-Encoding': 'gzip', 'CF-Cache-Status': 'DYNAMIC', 'Report-To': '{"endpoints":[{"url":"https:\\/\\/a.nel.cloudflare.com\\/report\\/v4?s=lNXa%2Ftsiujz6niYGuuQy4TJEuyJqyGEe%2F2uB7Zs8pucG8f%2BgFgUkVRlwPlzvGRp%2BS8XbppnI7pv6DxJ3jOgv4GiqYYLUhOlywKYYphV18LjL2DNwYGe5G6jlTZYvBEFy"}],"group":"cf-nel","max_age":604800}', 'NEL': '{"success_fraction":0,"report_to":"cf-nel","max_age":604800}', 'Server': 'cloudflare', 'CF-RAY': '8b0186933eed2421-IAD', 'alt-svc': 'h3=":443"; ma=86400'} 
 body={"results":[{"gender":"female","name":{"title":"Miss","first":"Emma","last":"Olsen"},"location":{"street":{"number":9528,"name":"Tjørnevej"},"city":"Nimtofte","state":"Syddanmark","country":"Denmark","postcode":92434,"coordinates":{"latitude":"-42.2587","longitude":"48.2013"},"timezone":{"offset":"+3:30","description":"Tehran"}},"email":"emma.olsen@example.com","login":{"uuid":"4a49fd8e-ef4a-44d4-8902-b83301ff4cc5","username":"blackpanda581","password":"20202020","salt":"7tQq2qbK","md5":"d6716b11b2b37e631e3c18b8a6aaede8","sha1":"800b1d9473a74cfce53111e1cf930bc585bb8433","sha256":"b9b2ac7c4cc1c0a6e619e609a99dd5cdfa7bc66f5e4207a5aa7633165857d9d2"},"dob":{"date":"1958-10-22T16:37:56.283Z","age":65},"registered":{"date":"2006-02-08T06:24:43.405Z","age":18},"phone":"09927838","cell":"65669697","id":{"name":"CPR","value":"221058-9333"},"picture":{"large":"https://randomuser.me/api/portraits/women/2.jpg","medium":"https://randomuser.me/api/portraits/med/women/2.jpg","thumbnail":"https://randomuser.me/api/portraits/thumb/women/2.jpg"},"nat":"DK"}],"info":{"seed":"a7ff758cbc3cb521","results":1,"page":1,"version":"1.4"}} 
 </msg>
<msg time="2024-08-08T18:21:21.855188" level="INFO">/opt/hostedtoolcache/Python/3.12.4/x64/lib/python3.12/site-packages/urllib3/connectionpool.py:1099: InsecureRequestWarning: Unverified HTTPS request is being made to host 'randomuser.me'. Adding certificate verification is strongly advised. See: https://urllib3.readthedocs.io/en/latest/advanced-usage.html#tls-warnings
  warnings.warn(</msg>
<msg time="2024-08-08T18:21:21.855287" level="INFO">${response} = &lt;Response [200]&gt;</msg>
<var>${response}</var>
<arg>consultarAPI</arg>
<arg>/api</arg>
<doc>Sends a GET request on a previously created HTTP Session.</doc>
<status status="PASS" start="2024-08-08T18:21:21.791771" elapsed="0.063558"/>
</kw>
<kw name="Set Variable" owner="BuiltIn">
<msg time="2024-08-08T18:21:21.856450" level="INFO">${json_data} = {'results': [{'gender': 'female', 'name': {'title': 'Miss', 'first': 'Emma', 'last': 'Olsen'}, 'location': {'street': {'number': 9528, 'name': 'Tjørnevej'}, 'city': 'Nimtofte', 'state': 'Syddanmark', ...</msg>
<var>${json_data}</var>
<arg>${response.json()}</arg>
<doc>Returns the given values which can then be assigned to a variables.</doc>
<status status="PASS" start="2024-08-08T18:21:21.855814" elapsed="0.000666"/>
</kw>
<kw name="Log" owner="BuiltIn">
<msg time="2024-08-08T18:21:21.856942" level="INFO">{'results': [{'gender': 'female', 'name': {'title': 'Miss', 'first': 'Emma', 'last': 'Olsen'}, 'location': {'street': {'number': 9528, 'name': 'Tjørnevej'}, 'city': 'Nimtofte', 'state': 'Syddanmark', 'country': 'Denmark', 'postcode': 92434, 'coordinates': {'latitude': '-42.2587', 'longitude': '48.2013'}, 'timezone': {'offset': '+3:30', 'description': 'Tehran'}}, 'email': 'emma.olsen@example.com', 'login': {'uuid': '4a49fd8e-ef4a-44d4-8902-b83301ff4cc5', 'username': 'blackpanda581', 'password': '20202020', 'salt': '7tQq2qbK', 'md5': 'd6716b11b2b37e631e3c18b8a6aaede8', 'sha1': '800b1d9473a74cfce53111e1cf930bc585bb8433', 'sha256': 'b9b2ac7c4cc1c0a6e619e609a99dd5cdfa7bc66f5e4207a5aa7633165857d9d2'}, 'dob': {'date': '1958-10-22T16:37:56.283Z', 'age': 65}, 'registered': {'date': '2006-02-08T06:24:43.405Z', 'age': 18}, 'phone': '09927838', 'cell': '65669697', 'id': {'name': 'CPR', 'value': '221058-9333'}, 'picture': {'large': 'https://randomuser.me/api/portraits/women/2.jpg', 'medium': 'https://randomuser.me/api/portraits/med/women/2.jpg', 'thumbnail': 'https://randomuser.me/api/portraits/thumb/women/2.jpg'}, 'nat': 'DK'}], 'info': {'seed': 'a7ff758cbc3cb521', 'results': 1, 'page': 1, 'version': '1.4'}}</msg>
<arg>${json_data}</arg>
<doc>Logs the given message with the given level.</doc>
<status status="PASS" start="2024-08-08T18:21:21.856784" elapsed="0.000207"/>
</kw>
<kw name="Dictionary Should Contain Key" owner="Collections">
<arg>${json_data}</arg>
<arg>results</arg>
<doc>Fails if ``key`` is not found from ``dictionary``.</doc>
<status status="PASS" start="2024-08-08T18:21:21.857327" elapsed="0.000156"/>
</kw>
<kw name="Should Not Be Empty" owner="BuiltIn">
<msg time="2024-08-08T18:21:21.857791" level="INFO">Length is 2.</msg>
<arg>${json_data}</arg>
<doc>Verifies that the given item is not empty.</doc>
<status status="PASS" start="2024-08-08T18:21:21.857666" elapsed="0.000164"/>
</kw>
<kw name="Create List" owner="BuiltIn">
<msg time="2024-08-08T18:21:21.858274" level="INFO">${expected_keys} = ['gender', 'name', 'location', 'email', 'login']</msg>
<var>${expected_keys}</var>
<arg>gender</arg>
<arg>name</arg>
<arg>location</arg>
<arg>email</arg>
<arg>login</arg>
<doc>Returns a list containing given items.</doc>
<status status="PASS" start="2024-08-08T18:21:21.858119" elapsed="0.000180"/>
</kw>
<for flavor="IN">
<iter>
<kw name="Dictionary Should Contain Key" owner="Collections">
<arg>${json_data['results'][0]}</arg>
<arg>${key}</arg>
<doc>Fails if ``key`` is not found from ``dictionary``.</doc>
<status status="PASS" start="2024-08-08T18:21:21.858855" elapsed="0.000403"/>
</kw>
<kw name="Log" owner="BuiltIn">
<msg time="2024-08-08T18:21:21.859807" level="INFO">{'gender': 'female', 'name': {'title': 'Miss', 'first': 'Emma', 'last': 'Olsen'}, 'location': {'street': {'number': 9528, 'name': 'Tjørnevej'}, 'city': 'Nimtofte', 'state': 'Syddanmark', 'country': 'Denmark', 'postcode': 92434, 'coordinates': {'latitude': '-42.2587', 'longitude': '48.2013'}, 'timezone': {'offset': '+3:30', 'description': 'Tehran'}}, 'email': 'emma.olsen@example.com', 'login': {'uuid': '4a49fd8e-ef4a-44d4-8902-b83301ff4cc5', 'username': 'blackpanda581', 'password': '20202020', 'salt': '7tQq2qbK', 'md5': 'd6716b11b2b37e631e3c18b8a6aaede8', 'sha1': '800b1d9473a74cfce53111e1cf930bc585bb8433', 'sha256': 'b9b2ac7c4cc1c0a6e619e609a99dd5cdfa7bc66f5e4207a5aa7633165857d9d2'}, 'dob': {'date': '1958-10-22T16:37:56.283Z', 'age': 65}, 'registered': {'date': '2006-02-08T06:24:43.405Z', 'age': 18}, 'phone': '09927838', 'cell': '65669697', 'id': {'name': 'CPR', 'value': '221058-9333'}, 'picture': {'large': 'https://randomuser.me/api/portraits/women/2.jpg', 'medium': 'https://randomuser.me/api/portraits/med/women/2.jpg', 'thumbnail': 'https://randomuser.me/api/portraits/thumb/women/2.jpg'}, 'nat': 'DK'}</msg>
<arg>${json_data['results'][0]}</arg>
<doc>Logs the given message with the given level.</doc>
<status status="PASS" start="2024-08-08T18:21:21.859448" elapsed="0.000410"/>
</kw>
<kw name="Log" owner="BuiltIn">
<msg time="2024-08-08T18:21:21.860282" level="INFO">gender</msg>
<arg>${key}</arg>
<doc>Logs the given message with the given level.</doc>
<status status="PASS" start="2024-08-08T18:21:21.860152" elapsed="0.000169"/>
</kw>
<var name="${key}">gender</var>
<status status="PASS" start="2024-08-08T18:21:21.858734" elapsed="0.001831"/>
</iter>
<iter>
<kw name="Dictionary Should Contain Key" owner="Collections">
<arg>${json_data['results'][0]}</arg>
<arg>${key}</arg>
<doc>Fails if ``key`` is not found from ``dictionary``.</doc>
<status status="PASS" start="2024-08-08T18:21:21.860867" elapsed="0.000428"/>
</kw>
<kw name="Log" owner="BuiltIn">
<msg time="2024-08-08T18:21:21.861837" level="INFO">{'gender': 'female', 'name': {'title': 'Miss', 'first': 'Emma', 'last': 'Olsen'}, 'location': {'street': {'number': 9528, 'name': 'Tjørnevej'}, 'city': 'Nimtofte', 'state': 'Syddanmark', 'country': 'Denmark', 'postcode': 92434, 'coordinates': {'latitude': '-42.2587', 'longitude': '48.2013'}, 'timezone': {'offset': '+3:30', 'description': 'Tehran'}}, 'email': 'emma.olsen@example.com', 'login': {'uuid': '4a49fd8e-ef4a-44d4-8902-b83301ff4cc5', 'username': 'blackpanda581', 'password': '20202020', 'salt': '7tQq2qbK', 'md5': 'd6716b11b2b37e631e3c18b8a6aaede8', 'sha1': '800b1d9473a74cfce53111e1cf930bc585bb8433', 'sha256': 'b9b2ac7c4cc1c0a6e619e609a99dd5cdfa7bc66f5e4207a5aa7633165857d9d2'}, 'dob': {'date': '1958-10-22T16:37:56.283Z', 'age': 65}, 'registered': {'date': '2006-02-08T06:24:43.405Z', 'age': 18}, 'phone': '09927838', 'cell': '65669697', 'id': {'name': 'CPR', 'value': '221058-9333'}, 'picture': {'large': 'https://randomuser.me/api/portraits/women/2.jpg', 'medium': 'https://randomuser.me/api/portraits/med/women/2.jpg', 'thumbnail': 'https://randomuser.me/api/portraits/thumb/women/2.jpg'}, 'nat': 'DK'}</msg>
<arg>${json_data['results'][0]}</arg>
<doc>Logs the given message with the given level.</doc>
<status status="PASS" start="2024-08-08T18:21:21.861481" elapsed="0.000436"/>
</kw>
<kw name="Log" owner="BuiltIn">
<msg time="2024-08-08T18:21:21.862358" level="INFO">name</msg>
<arg>${key}</arg>
<doc>Logs the given message with the given level.</doc>
<status status="PASS" start="2024-08-08T18:21:21.862222" elapsed="0.000174"/>
</kw>
<var name="${key}">name</var>
<status status="PASS" start="2024-08-08T18:21:21.860750" elapsed="0.001858"/>
</iter>
<iter>
<kw name="Dictionary Should Contain Key" owner="Collections">
<arg>${json_data['results'][0]}</arg>
<arg>${key}</arg>
<doc>Fails if ``key`` is not found from ``dictionary``.</doc>
<status status="PASS" start="2024-08-08T18:21:21.862891" elapsed="0.000376"/>
</kw>
<kw name="Log" owner="BuiltIn">
<msg time="2024-08-08T18:21:21.863791" level="INFO">{'gender': 'female', 'name': {'title': 'Miss', 'first': 'Emma', 'last': 'Olsen'}, 'location': {'street': {'number': 9528, 'name': 'Tjørnevej'}, 'city': 'Nimtofte', 'state': 'Syddanmark', 'country': 'Denmark', 'postcode': 92434, 'coordinates': {'latitude': '-42.2587', 'longitude': '48.2013'}, 'timezone': {'offset': '+3:30', 'description': 'Tehran'}}, 'email': 'emma.olsen@example.com', 'login': {'uuid': '4a49fd8e-ef4a-44d4-8902-b83301ff4cc5', 'username': 'blackpanda581', 'password': '20202020', 'salt': '7tQq2qbK', 'md5': 'd6716b11b2b37e631e3c18b8a6aaede8', 'sha1': '800b1d9473a74cfce53111e1cf930bc585bb8433', 'sha256': 'b9b2ac7c4cc1c0a6e619e609a99dd5cdfa7bc66f5e4207a5aa7633165857d9d2'}, 'dob': {'date': '1958-10-22T16:37:56.283Z', 'age': 65}, 'registered': {'date': '2006-02-08T06:24:43.405Z', 'age': 18}, 'phone': '09927838', 'cell': '65669697', 'id': {'name': 'CPR', 'value': '221058-9333'}, 'picture': {'large': 'https://randomuser.me/api/portraits/women/2.jpg', 'medium': 'https://randomuser.me/api/portraits/med/women/2.jpg', 'thumbnail': 'https://randomuser.me/api/portraits/thumb/women/2.jpg'}, 'nat': 'DK'}</msg>
<arg>${json_data['results'][0]}</arg>
<doc>Logs the given message with the given level.</doc>
<status status="PASS" start="2024-08-08T18:21:21.863447" elapsed="0.000394"/>
</kw>
<kw name="Log" owner="BuiltIn">
<msg time="2024-08-08T18:21:21.864277" level="INFO">location</msg>
<arg>${key}</arg>
<doc>Logs the given message with the given level.</doc>
<status status="PASS" start="2024-08-08T18:21:21.864149" elapsed="0.000165"/>
</kw>
<var name="${key}">location</var>
<status status="PASS" start="2024-08-08T18:21:21.862782" elapsed="0.001744"/>
</iter>
<iter>
<kw name="Dictionary Should Contain Key" owner="Collections">
<arg>${json_data['results'][0]}</arg>
<arg>${key}</arg>
<doc>Fails if ``key`` is not found from ``dictionary``.</doc>
<status status="PASS" start="2024-08-08T18:21:21.864801" elapsed="0.000439"/>
</kw>
<kw name="Log" owner="BuiltIn">
<msg time="2024-08-08T18:21:21.865884" level="INFO">{'gender': 'female', 'name': {'title': 'Miss', 'first': 'Emma', 'last': 'Olsen'}, 'location': {'street': {'number': 9528, 'name': 'Tjørnevej'}, 'city': 'Nimtofte', 'state': 'Syddanmark', 'country': 'Denmark', 'postcode': 92434, 'coordinates': {'latitude': '-42.2587', 'longitude': '48.2013'}, 'timezone': {'offset': '+3:30', 'description': 'Tehran'}}, 'email': 'emma.olsen@example.com', 'login': {'uuid': '4a49fd8e-ef4a-44d4-8902-b83301ff4cc5', 'username': 'blackpanda581', 'password': '20202020', 'salt': '7tQq2qbK', 'md5': 'd6716b11b2b37e631e3c18b8a6aaede8', 'sha1': '800b1d9473a74cfce53111e1cf930bc585bb8433', 'sha256': 'b9b2ac7c4cc1c0a6e619e609a99dd5cdfa7bc66f5e4207a5aa7633165857d9d2'}, 'dob': {'date': '1958-10-22T16:37:56.283Z', 'age': 65}, 'registered': {'date': '2006-02-08T06:24:43.405Z', 'age': 18}, 'phone': '09927838', 'cell': '65669697', 'id': {'name': 'CPR', 'value': '221058-9333'}, 'picture': {'large': 'https://randomuser.me/api/portraits/women/2.jpg', 'medium': 'https://randomuser.me/api/portraits/med/women/2.jpg', 'thumbnail': 'https://randomuser.me/api/portraits/thumb/women/2.jpg'}, 'nat': 'DK'}</msg>
<arg>${json_data['results'][0]}</arg>
<doc>Logs the given message with the given level.</doc>
<status status="PASS" start="2024-08-08T18:21:21.865528" elapsed="0.000404"/>
</kw>
<kw name="Log" owner="BuiltIn">
<msg time="2024-08-08T18:21:21.866356" level="INFO">email</msg>
<arg>${key}</arg>
<doc>Logs the given message with the given level.</doc>
<status status="PASS" start="2024-08-08T18:21:21.866227" elapsed="0.000167"/>
</kw>
<var name="${key}">email</var>
<status status="PASS" start="2024-08-08T18:21:21.864696" elapsed="0.001913"/>
</iter>
<iter>
<kw name="Dictionary Should Contain Key" owner="Collections">
<arg>${json_data['results'][0]}</arg>
<arg>${key}</arg>
<doc>Fails if ``key`` is not found from ``dictionary``.</doc>
<status status="PASS" start="2024-08-08T18:21:21.866889" elapsed="0.000371"/>
</kw>
<kw name="Log" owner="BuiltIn">
<msg time="2024-08-08T18:21:21.867784" level="INFO">{'gender': 'female', 'name': {'title': 'Miss', 'first': 'Emma', 'last': 'Olsen'}, 'location': {'street': {'number': 9528, 'name': 'Tjørnevej'}, 'city': 'Nimtofte', 'state': 'Syddanmark', 'country': 'Denmark', 'postcode': 92434, 'coordinates': {'latitude': '-42.2587', 'longitude': '48.2013'}, 'timezone': {'offset': '+3:30', 'description': 'Tehran'}}, 'email': 'emma.olsen@example.com', 'login': {'uuid': '4a49fd8e-ef4a-44d4-8902-b83301ff4cc5', 'username': 'blackpanda581', 'password': '20202020', 'salt': '7tQq2qbK', 'md5': 'd6716b11b2b37e631e3c18b8a6aaede8', 'sha1': '800b1d9473a74cfce53111e1cf930bc585bb8433', 'sha256': 'b9b2ac7c4cc1c0a6e619e609a99dd5cdfa7bc66f5e4207a5aa7633165857d9d2'}, 'dob': {'date': '1958-10-22T16:37:56.283Z', 'age': 65}, 'registered': {'date': '2006-02-08T06:24:43.405Z', 'age': 18}, 'phone': '09927838', 'cell': '65669697', 'id': {'name': 'CPR', 'value': '221058-9333'}, 'picture': {'large': 'https://randomuser.me/api/portraits/women/2.jpg', 'medium': 'https://randomuser.me/api/portraits/med/women/2.jpg', 'thumbnail': 'https://randomuser.me/api/portraits/thumb/women/2.jpg'}, 'nat': 'DK'}</msg>
<arg>${json_data['results'][0]}</arg>
<doc>Logs the given message with the given level.</doc>
<status status="PASS" start="2024-08-08T18:21:21.867439" elapsed="0.000402"/>
</kw>
<kw name="Log" owner="BuiltIn">
<msg time="2024-08-08T18:21:21.868253" level="INFO">login</msg>
<arg>${key}</arg>
<doc>Logs the given message with the given level.</doc>
<status status="PASS" start="2024-08-08T18:21:21.868128" elapsed="0.000162"/>
</kw>
<var name="${key}">login</var>
<status status="PASS" start="2024-08-08T18:21:21.866781" elapsed="0.001720"/>
</iter>
<var>${key}</var>
<value>@{expected_keys}</value>
<status status="PASS" start="2024-08-08T18:21:21.858557" elapsed="0.010065"/>
</for>
<kw name="Create List" owner="BuiltIn">
<msg time="2024-08-08T18:21:21.868945" level="INFO">${expected_keysTwo} = ['username', 'password']</msg>
<var>${expected_keysTwo}</var>
<arg>username</arg>
<arg>password</arg>
<doc>Returns a list containing given items.</doc>
<status status="PASS" start="2024-08-08T18:21:21.868811" elapsed="0.000158"/>
</kw>
<for flavor="IN">
<iter>
<kw name="Dictionary Should Contain Key" owner="Collections">
<arg>${json_data['results'][0]['login']}</arg>
<arg>${keyTwo}</arg>
<doc>Fails if ``key`` is not found from ``dictionary``.</doc>
<status status="PASS" start="2024-08-08T18:21:21.869519" elapsed="0.000383"/>
</kw>
<kw name="Dictionary Should Contain Key" owner="Collections">
<arg>${json_data['results'][0]['login']}</arg>
<arg>${keyTwo}</arg>
<doc>Fails if ``key`` is not found from ``dictionary``.</doc>
<status status="PASS" start="2024-08-08T18:21:21.870082" elapsed="0.000376"/>
</kw>
<kw name="Log" owner="BuiltIn">
<msg time="2024-08-08T18:21:21.870752" level="INFO">username</msg>
<arg>${keyTwo}</arg>
<doc>Logs the given message with the given level.</doc>
<status status="PASS" start="2024-08-08T18:21:21.870635" elapsed="0.000154"/>
</kw>
<var name="${keyTwo}">username</var>
<status status="PASS" start="2024-08-08T18:21:21.869414" elapsed="0.001593"/>
</iter>
<iter>
<kw name="Dictionary Should Contain Key" owner="Collections">
<arg>${json_data['results'][0]['login']}</arg>
<arg>${keyTwo}</arg>
<doc>Fails if ``key`` is not found from ``dictionary``.</doc>
<status status="PASS" start="2024-08-08T18:21:21.871284" elapsed="0.000380"/>
</kw>
<kw name="Dictionary Should Contain Key" owner="Collections">
<arg>${json_data['results'][0]['login']}</arg>
<arg>${keyTwo}</arg>
<doc>Fails if ``key`` is not found from ``dictionary``.</doc>
<status status="PASS" start="2024-08-08T18:21:21.871840" elapsed="0.000363"/>
</kw>
<kw name="Log" owner="BuiltIn">
<msg time="2024-08-08T18:21:21.872495" level="INFO">password</msg>
<arg>${keyTwo}</arg>
<doc>Logs the given message with the given level.</doc>
<status status="PASS" start="2024-08-08T18:21:21.872377" elapsed="0.000155"/>
</kw>
<var name="${keyTwo}">password</var>
<status status="PASS" start="2024-08-08T18:21:21.871179" elapsed="0.001569"/>
</iter>
<var>${keyTwo}</var>
<value>@{expected_keysTwo}</value>
<status status="PASS" start="2024-08-08T18:21:21.869260" elapsed="0.003608"/>
</for>
<status status="PASS" start="2024-08-08T18:21:21.791545" elapsed="0.081461"/>
</kw>
<doc>Testa a estrutura da resposta da API.</doc>
<tag>testeEstruturaResposta</tag>
<status status="PASS" start="2024-08-08T18:21:21.790986" elapsed="0.082190"/>
</test>
<test id="s1-s1-t4" name="Validar tipos de dados" line="28">
<kw name="Teste de Tipos de Dados" owner="random-user-service">
<kw name="GET On Session" owner="RequestsLibrary">
<msg time="2024-08-08T18:21:21.965126" level="INFO">GET Request : url=https://randomuser.me/api 
 path_url=/api 
 headers={'User-Agent': 'python-requests/2.32.3', 'Accept-Encoding': 'gzip, deflate', 'Accept': '*/*', 'Connection': 'keep-alive'} 
 body=None 
 </msg>
<msg time="2024-08-08T18:21:21.965203" level="INFO">GET Response : url=https://randomuser.me/api 
 status=200, reason=OK 
 headers={'Date': 'Thu, 08 Aug 2024 18:21:21 GMT', 'Content-Type': 'application/json; charset=utf-8', 'Transfer-Encoding': 'chunked', 'Connection': 'keep-alive', 'X-Powered-By': 'Express', 'Access-Control-Allow-Origin': '*', 'Cache-Control': 'no-cache', 'ETag': 'W/"4a0-eOH4UIIFXrJtZZyUp7Zp5v6ovg8"', 'Vary': 'Accept-Encoding', 'Content-Encoding': 'gzip', 'CF-Cache-Status': 'DYNAMIC', 'Report-To': '{"endpoints":[{"url":"https:\\/\\/a.nel.cloudflare.com\\/report\\/v4?s=mcmLDutIqCVt%2B9RYIBZ3g1hV%2BIhE%2F%2FTxnrtXj%2BTjX5lUH2nGq%2Fa%2FYYAxLcTq8KiWXq2BP%2FYWm2yIEvNpS8KfXB8OnP%2FgdNi7HJUNIlcP6lpzYzW56ifoEQ4sw7bZjx3f"}],"group":"cf-nel","max_age":604800}', 'NEL': '{"success_fraction":0,"report_to":"cf-nel","max_age":604800}', 'Server': 'cloudflare', 'CF-RAY': '8b018693bf702421-IAD', 'alt-svc': 'h3=":443"; ma=86400'} 
 body={"results":[{"gender":"female","name":{"title":"Ms","first":"یاسمین","last":"سلطانی نژاد"},"location":{"street":{"number":7950,"name":"راستوان"},"city":"پاکدشت","state":"خراسان جنوبی","country":"Iran","postcode":92439,"coordinates":{"latitude":"16.0455","longitude":"81.8821"},"timezone":{"offset":"-12:00","description":"Eniwetok, Kwajalein"}},"email":"ysmyn.sltnynjd@example.com","login":{"uuid":"f5e0c5d4-eb31-4c0e-9dbc-fef983a339f5","username":"smallwolf900","password":"pilgrim","salt":"ToeWb3w2","md5":"90f7f602d67fd873531ad579cdb3b7c6","sha1":"038f96988821d358a7795d26e927e5c16c0ae066","sha256":"3d393ba841a7d677c1e3f998de58745b744c57e23de84d2781446044f1396c0e"},"dob":{"date":"1998-08-07T18:21:26.403Z","age":26},"registered":{"date":"2014-07-12T04:00:20.978Z","age":10},"phone":"026-22593883","cell":"0932-584-6207","id":{"name":"","value":null},"picture":{"large":"https://randomuser.me/api/portraits/women/54.jpg","medium":"https://randomuser.me/api/portraits/med/women/54.jpg","thumbnail":"https://randomuser.me/api/portraits/thumb/women/54.jpg"},"nat":"IR"}],"info":{"seed":"03daea16ab17a46c","results":1,"page":1,"version":"1.4"}} 
 </msg>
<msg time="2024-08-08T18:21:21.965276" level="INFO">/opt/hostedtoolcache/Python/3.12.4/x64/lib/python3.12/site-packages/urllib3/connectionpool.py:1099: InsecureRequestWarning: Unverified HTTPS request is being made to host 'randomuser.me'. Adding certificate verification is strongly advised. See: https://urllib3.readthedocs.io/en/latest/advanced-usage.html#tls-warnings
  warnings.warn(</msg>
<msg time="2024-08-08T18:21:21.965379" level="INFO">${response} = &lt;Response [200]&gt;</msg>
<var>${response}</var>
<arg>consultarAPI</arg>
<arg>/api</arg>
<doc>Sends a GET request on a previously created HTTP Session.</doc>
<status status="PASS" start="2024-08-08T18:21:21.875630" elapsed="0.089798"/>
</kw>
<kw name="Set Variable" owner="BuiltIn">
<msg time="2024-08-08T18:21:21.966522" level="INFO">${json_data} = {'results': [{'gender': 'female', 'name': {'title': 'Ms', 'first': 'یاسمین', 'last': 'سلطانی نژاد'}, 'location': {'street': {'number': 7950, 'name': 'راستوان'}, 'city': 'پاکدشت', 'state': 'خراسان جنوب...</msg>
<var>${json_data}</var>
<arg>${response.json()}</arg>
<doc>Returns the given values which can then be assigned to a variables.</doc>
<status status="PASS" start="2024-08-08T18:21:21.965935" elapsed="0.000617"/>
</kw>
<kw name="Log" owner="BuiltIn">
<msg time="2024-08-08T18:21:21.967029" level="INFO">{'results': [{'gender': 'female', 'name': {'title': 'Ms', 'first': 'یاسمین', 'last': 'سلطانی نژاد'}, 'location': {'street': {'number': 7950, 'name': 'راستوان'}, 'city': 'پاکدشت', 'state': 'خراسان جنوبی', 'country': 'Iran', 'postcode': 92439, 'coordinates': {'latitude': '16.0455', 'longitude': '81.8821'}, 'timezone': {'offset': '-12:00', 'description': 'Eniwetok, Kwajalein'}}, 'email': 'ysmyn.sltnynjd@example.com', 'login': {'uuid': 'f5e0c5d4-eb31-4c0e-9dbc-fef983a339f5', 'username': 'smallwolf900', 'password': 'pilgrim', 'salt': 'ToeWb3w2', 'md5': '90f7f602d67fd873531ad579cdb3b7c6', 'sha1': '038f96988821d358a7795d26e927e5c16c0ae066', 'sha256': '3d393ba841a7d677c1e3f998de58745b744c57e23de84d2781446044f1396c0e'}, 'dob': {'date': '1998-08-07T18:21:26.403Z', 'age': 26}, 'registered': {'date': '2014-07-12T04:00:20.978Z', 'age': 10}, 'phone': '026-22593883', 'cell': '0932-584-6207', 'id': {'name': '', 'value': None}, 'picture': {'large': 'https://randomuser.me/api/portraits/women/54.jpg', 'medium': 'https://randomuser.me/api/portraits/med/women/54.jpg', 'thumbnail': 'https://randomuser.me/api/portraits/thumb/women/54.jpg'}, 'nat': 'IR'}], 'info': {'seed': '03daea16ab17a46c', 'results': 1, 'page': 1, 'version': '1.4'}}</msg>
<arg>${json_data}</arg>
<doc>Logs the given message with the given level.</doc>
<status status="PASS" start="2024-08-08T18:21:21.966862" elapsed="0.000216"/>
</kw>
<kw name="Should Be String" owner="String">
<arg>${json_data['results'][0]['gender']}</arg>
<doc>Fails if the given ``item`` is not a string.</doc>
<status status="PASS" start="2024-08-08T18:21:21.967363" elapsed="0.000348"/>
</kw>
<kw name="Should Match Regexp" owner="BuiltIn">
<arg>${json_data['results'][0]['email']}</arg>
<arg>^[a-zA-Z0-9._%+-]+@[a-zA-Z0-9.-]+\.[a-zA-Z]{2,}$</arg>
<doc>Fails if ``string`` does not match ``pattern`` as a regular expression.</doc>
<status status="PASS" start="2024-08-08T18:21:21.967900" elapsed="0.000501"/>
</kw>
<kw name="Should Match Regexp" owner="BuiltIn">
<arg>${json_data['results'][0]['dob']['date']}</arg>
<arg>\\d{4}-\\d{2}-\\d{2}T\\d{2}:\\d{2}:\\d{2}\\.\\d{3}Z</arg>
<doc>Fails if ``string`` does not match ``pattern`` as a regular expression.</doc>
<status status="PASS" start="2024-08-08T18:21:21.968626" elapsed="0.000612"/>
</kw>
<kw name="Should Match Regexp" owner="BuiltIn">
<arg>${json_data['results'][0]['registered']['date']}</arg>
<arg>\\d{4}-\\d{2}-\\d{2}T\\d{2}:\\d{2}:\\d{2}\\.\\d{3}Z</arg>
<doc>Fails if ``string`` does not match ``pattern`` as a regular expression.</doc>
<status status="PASS" start="2024-08-08T18:21:21.969433" elapsed="0.000371"/>
</kw>
<kw name="Should Match Regexp" owner="BuiltIn">
<arg>${json_data['results'][0]['picture']['large']}</arg>
<arg>^https?://.*\.(?:png|jpe?g|gif|bmp)$</arg>
<doc>Fails if ``string`` does not match ``pattern`` as a regular expression.</doc>
<status status="PASS" start="2024-08-08T18:21:21.969987" elapsed="0.000455"/>
</kw>
<kw name="Should Match Regexp" owner="BuiltIn">
<arg>${json_data['results'][0]['picture']['medium']}</arg>
<arg>^https?://.*\.(?:png|jpe?g|gif|bmp)$</arg>
<doc>Fails if ``string`` does not match ``pattern`` as a regular expression.</doc>
<status status="PASS" start="2024-08-08T18:21:21.970630" elapsed="0.000354"/>
</kw>
<kw name="Should Match Regexp" owner="BuiltIn">
<arg>${json_data['results'][0]['picture']['thumbnail']}</arg>
<arg>^https?://.*\.(?:png|jpe?g|gif|bmp)$</arg>
<doc>Fails if ``string`` does not match ``pattern`` as a regular expression.</doc>
<status status="PASS" start="2024-08-08T18:21:21.971168" elapsed="0.000345"/>
</kw>
<kw name="Log" owner="BuiltIn">
<msg time="2024-08-08T18:21:21.972016" level="INFO">{'large': 'https://randomuser.me/api/portraits/women/54.jpg', 'medium': 'https://randomuser.me/api/portraits/med/women/54.jpg', 'thumbnail': 'https://randomuser.me/api/portraits/thumb/women/54.jpg'}</msg>
<arg>${json_data['results'][0]['picture']}</arg>
<doc>Logs the given message with the given level.</doc>
<status status="PASS" start="2024-08-08T18:21:21.971692" elapsed="0.000365"/>
</kw>
<status status="PASS" start="2024-08-08T18:21:21.875415" elapsed="0.096893"/>
</kw>
<kw name="Teste de Tipos de Dados - Postcode" owner="random-user-service">
<kw name="GET On Session" owner="RequestsLibrary">
<msg time="2024-08-08T18:21:22.050876" level="INFO">GET Request : url=https://randomuser.me/api 
 path_url=/api 
 headers={'User-Agent': 'python-requests/2.32.3', 'Accept-Encoding': 'gzip, deflate', 'Accept': '*/*', 'Connection': 'keep-alive'} 
 body=None 
 </msg>
<msg time="2024-08-08T18:21:22.050939" level="INFO">GET Response : url=https://randomuser.me/api 
 status=200, reason=OK 
 headers={'Date': 'Thu, 08 Aug 2024 18:21:22 GMT', 'Content-Type': 'application/json; charset=utf-8', 'Transfer-Encoding': 'chunked', 'Connection': 'keep-alive', 'X-Powered-By': 'Express', 'Access-Control-Allow-Origin': '*', 'Cache-Control': 'no-cache', 'ETag': 'W/"489-xbVEvhcTM3qnFYQij0h4aTibcfI"', 'Vary': 'Accept-Encoding', 'Content-Encoding': 'gzip', 'CF-Cache-Status': 'DYNAMIC', 'Report-To': '{"endpoints":[{"url":"https:\\/\\/a.nel.cloudflare.com\\/report\\/v4?s=i%2BGoiX0eHki84iPQR6Keixg24LsyruOfq02C7K9kbs2Yq6JRGbT%2FoO%2Fg00o4Ei5Zbkcf%2Blocc93MNl%2FyTD8V53NmjLVc8KsnYRVK7wAPf78UkG42tVrY7IMyJ%2BXxrjcx"}],"group":"cf-nel","max_age":604800}', 'NEL': '{"success_fraction":0,"report_to":"cf-nel","max_age":604800}', 'Server': 'cloudflare', 'CF-RAY': '8b01869458272421-IAD', 'alt-svc': 'h3=":443"; ma=86400'} 
 body={"results":[{"gender":"female","name":{"title":"Mrs","first":"Marsha","last":"Nichols"},"location":{"street":{"number":4007,"name":"Locust Rd"},"city":"Orange","state":"Western Australia","country":"Australia","postcode":2787,"coordinates":{"latitude":"-81.5771","longitude":"150.0383"},"timezone":{"offset":"+9:30","description":"Adelaide, Darwin"}},"email":"marsha.nichols@example.com","login":{"uuid":"aa7e67af-51b8-4eb1-8dcf-906da0724d02","username":"yellowmeercat146","password":"series","salt":"eTG5Rfr2","md5":"8bbeb80a3ca03b59c25ce5eafb542077","sha1":"ebc7274c1711fd8223f5854755d0be294eb3608c","sha256":"55d0525afa0716cf046369583b5e524c8cf7db7061053be43b4150aad8e162e0"},"dob":{"date":"1966-08-03T17:27:33.524Z","age":58},"registered":{"date":"2019-08-18T20:08:03.395Z","age":4},"phone":"00-4128-0138","cell":"0457-863-337","id":{"name":"TFN","value":"830655529"},"picture":{"large":"https://randomuser.me/api/portraits/women/62.jpg","medium":"https://randomuser.me/api/portraits/med/women/62.jpg","thumbnail":"https://randomuser.me/api/portraits/thumb/women/62.jpg"},"nat":"AU"}],"info":{"seed":"5153f4d55637fc7f","results":1,"page":1,"version":"1.4"}} 
 </msg>
<msg time="2024-08-08T18:21:22.050996" level="INFO">/opt/hostedtoolcache/Python/3.12.4/x64/lib/python3.12/site-packages/urllib3/connectionpool.py:1099: InsecureRequestWarning: Unverified HTTPS request is being made to host 'randomuser.me'. Adding certificate verification is strongly advised. See: https://urllib3.readthedocs.io/en/latest/advanced-usage.html#tls-warnings
  warnings.warn(</msg>
<msg time="2024-08-08T18:21:22.051081" level="INFO">${response} = &lt;Response [200]&gt;</msg>
<var>${response}</var>
<arg>consultarAPI</arg>
<arg>/api</arg>
<doc>Sends a GET request on a previously created HTTP Session.</doc>
<status status="PASS" start="2024-08-08T18:21:21.972723" elapsed="0.078399"/>
</kw>
<kw name="Set Variable" owner="BuiltIn">
<msg time="2024-08-08T18:21:22.052221" level="INFO">${json_data} = {'results': [{'gender': 'female', 'name': {'title': 'Mrs', 'first': 'Marsha', 'last': 'Nichols'}, 'location': {'street': {'number': 4007, 'name': 'Locust Rd'}, 'city': 'Orange', 'state': 'Western Aust...</msg>
<var>${json_data}</var>
<arg>${response.json()}</arg>
<doc>Returns the given values which can then be assigned to a variables.</doc>
<status status="PASS" start="2024-08-08T18:21:22.051598" elapsed="0.000652"/>
</kw>
<kw name="Log" owner="BuiltIn">
<msg time="2024-08-08T18:21:22.052708" level="INFO">{'results': [{'gender': 'female', 'name': {'title': 'Mrs', 'first': 'Marsha', 'last': 'Nichols'}, 'location': {'street': {'number': 4007, 'name': 'Locust Rd'}, 'city': 'Orange', 'state': 'Western Australia', 'country': 'Australia', 'postcode': 2787, 'coordinates': {'latitude': '-81.5771', 'longitude': '150.0383'}, 'timezone': {'offset': '+9:30', 'description': 'Adelaide, Darwin'}}, 'email': 'marsha.nichols@example.com', 'login': {'uuid': 'aa7e67af-51b8-4eb1-8dcf-906da0724d02', 'username': 'yellowmeercat146', 'password': 'series', 'salt': 'eTG5Rfr2', 'md5': '8bbeb80a3ca03b59c25ce5eafb542077', 'sha1': 'ebc7274c1711fd8223f5854755d0be294eb3608c', 'sha256': '55d0525afa0716cf046369583b5e524c8cf7db7061053be43b4150aad8e162e0'}, 'dob': {'date': '1966-08-03T17:27:33.524Z', 'age': 58}, 'registered': {'date': '2019-08-18T20:08:03.395Z', 'age': 4}, 'phone': '00-4128-0138', 'cell': '0457-863-337', 'id': {'name': 'TFN', 'value': '830655529'}, 'picture': {'large': 'https://randomuser.me/api/portraits/women/62.jpg', 'medium': 'https://randomuser.me/api/portraits/med/women/62.jpg', 'thumbnail': 'https://randomuser.me/api/portraits/thumb/women/62.jpg'}, 'nat': 'AU'}], 'info': {'seed': '5153f4d55637fc7f', 'results': 1, 'page': 1, 'version': '1.4'}}</msg>
<arg>${json_data}</arg>
<doc>Logs the given message with the given level.</doc>
<status status="PASS" start="2024-08-08T18:21:22.052552" elapsed="0.000204"/>
</kw>
<kw name="Should Be Equal As Numbers" owner="BuiltIn">
<arg>${json_data['results'][0]['location']['postcode']}</arg>
<arg>${json_data['results'][0]['location']['postcode']}</arg>
<doc>Fails if objects are unequal after converting them to real numbers.</doc>
<status status="PASS" start="2024-08-08T18:21:22.053045" elapsed="0.000655"/>
</kw>
<kw name="Log" owner="BuiltIn">
<msg time="2024-08-08T18:21:22.054232" level="INFO">2787</msg>
<arg>${json_data['results'][0]['location']['postcode']}</arg>
<doc>Logs the given message with the given level.</doc>
<status status="PASS" start="2024-08-08T18:21:22.053891" elapsed="0.000381"/>
</kw>
<status status="PASS" start="2024-08-08T18:21:21.972513" elapsed="0.082033"/>
</kw>
<doc>Testa se os tipos de dados na resposta da API estão corretos.</doc>
<tag>testeTiposDados</tag>
<status status="PASS" start="2024-08-08T18:21:21.874899" elapsed="0.179806"/>
</test>
<test id="s1-s1-t5" name="Validar conteudo" line="35">
<kw name="Teste de Tipos de Conteudo" owner="random-user-service">
<kw name="GET On Session" owner="RequestsLibrary">
<msg time="2024-08-08T18:21:22.153651" level="INFO">GET Request : url=https://randomuser.me/api 
 path_url=/api 
 headers={'User-Agent': 'python-requests/2.32.3', 'Accept-Encoding': 'gzip, deflate', 'Accept': '*/*', 'Connection': 'keep-alive'} 
 body=None 
 </msg>
<msg time="2024-08-08T18:21:22.153733" level="INFO">GET Response : url=https://randomuser.me/api 
 status=200, reason=OK 
 headers={'Date': 'Thu, 08 Aug 2024 18:21:22 GMT', 'Content-Type': 'application/json; charset=utf-8', 'Transfer-Encoding': 'chunked', 'Connection': 'keep-alive', 'X-Powered-By': 'Express', 'Access-Control-Allow-Origin': '*', 'Cache-Control': 'no-cache', 'ETag': 'W/"478-AkvN/ZIgqztHTHrS1LUV56yUlnw"', 'Vary': 'Accept-Encoding', 'Content-Encoding': 'gzip', 'CF-Cache-Status': 'DYNAMIC', 'Report-To': '{"endpoints":[{"url":"https:\\/\\/a.nel.cloudflare.com\\/report\\/v4?s=XY%2F06bwmcVAs1pHE0968T47xBrKqYk%2FCblIUHcRKgw5RI07ugS4c75V5dqr3WCo%2BMEQp0830TuwGyDu0%2FYhrAd9VB42sPb140TNAugMGjLJ6mmWa23p2TiK3M%2BTF2qQx"}],"group":"cf-nel","max_age":604800}', 'NEL': '{"success_fraction":0,"report_to":"cf-nel","max_age":604800}', 'Server': 'cloudflare', 'CF-RAY': '8b018694e8ce2421-IAD', 'alt-svc': 'h3=":443"; ma=86400'} 
 body={"results":[{"gender":"male","name":{"title":"Mr","first":"Louis","last":"Jones"},"location":{"street":{"number":404,"name":"Lakeview Ave"},"city":"Red Rock","state":"Manitoba","country":"Canada","postcode":"Z2G 3Q1","coordinates":{"latitude":"-68.0031","longitude":"-80.0873"},"timezone":{"offset":"-11:00","description":"Midway Island, Samoa"}},"email":"louis.jones@example.com","login":{"uuid":"97009a39-06db-4973-883d-a7dd0f901ddd","username":"bluesnake686","password":"loveya","salt":"dy1SMEnX","md5":"56c509c35d5d90de5a0d7fda98e6c128","sha1":"1e1d1eed3ecb575498f12f5608799d7f59b7d8bf","sha256":"74bbd8c5b45cb183ddba14a03b031ee834746cf2aea8a0e4b78be80c3efd93f2"},"dob":{"date":"1971-09-21T14:49:30.966Z","age":52},"registered":{"date":"2019-10-27T12:26:44.352Z","age":4},"phone":"B95 B18-8842","cell":"J26 M25-8063","id":{"name":"SIN","value":"265027631"},"picture":{"large":"https://randomuser.me/api/portraits/men/86.jpg","medium":"https://randomuser.me/api/portraits/med/men/86.jpg","thumbnail":"https://randomuser.me/api/portraits/thumb/men/86.jpg"},"nat":"CA"}],"info":{"seed":"326f33217a4b9a40","results":1,"page":1,"version":"1.4"}} 
 </msg>
<msg time="2024-08-08T18:21:22.153803" level="INFO">/opt/hostedtoolcache/Python/3.12.4/x64/lib/python3.12/site-packages/urllib3/connectionpool.py:1099: InsecureRequestWarning: Unverified HTTPS request is being made to host 'randomuser.me'. Adding certificate verification is strongly advised. See: https://urllib3.readthedocs.io/en/latest/advanced-usage.html#tls-warnings
  warnings.warn(</msg>
<msg time="2024-08-08T18:21:22.153913" level="INFO">${response} = &lt;Response [200]&gt;</msg>
<var>${response}</var>
<arg>consultarAPI</arg>
<arg>/api</arg>
<doc>Sends a GET request on a previously created HTTP Session.</doc>
<status status="PASS" start="2024-08-08T18:21:22.057134" elapsed="0.096821"/>
</kw>
<kw name="Set Variable" owner="BuiltIn">
<msg time="2024-08-08T18:21:22.155010" level="INFO">${json_data} = {'results': [{'gender': 'male', 'name': {'title': 'Mr', 'first': 'Louis', 'last': 'Jones'}, 'location': {'street': {'number': 404, 'name': 'Lakeview Ave'}, 'city': 'Red Rock', 'state': 'Manitoba', 'co...</msg>
<var>${json_data}</var>
<arg>${response.json()}</arg>
<doc>Returns the given values which can then be assigned to a variables.</doc>
<status status="PASS" start="2024-08-08T18:21:22.154435" elapsed="0.000604"/>
</kw>
<kw name="Set Variable" owner="BuiltIn">
<msg time="2024-08-08T18:21:22.155728" level="INFO">${name_title} = Mr</msg>
<var>${name_title}</var>
<arg>${json_data["results"][0]["name"]["title"]}</arg>
<doc>Returns the given values which can then be assigned to a variables.</doc>
<status status="PASS" start="2024-08-08T18:21:22.155344" elapsed="0.000409"/>
</kw>
<kw name="Create List" owner="BuiltIn">
<msg time="2024-08-08T18:21:22.156193" level="INFO">${allowed_titles} = ['Mr', 'Ms', 'Miss', 'Mrs', 'Madame', 'Monsieur']</msg>
<var>${allowed_titles}</var>
<arg>Mr</arg>
<arg>Ms</arg>
<arg>Miss</arg>
<arg>Mrs</arg>
<arg>Madame</arg>
<arg>Monsieur</arg>
<doc>Returns a list containing given items.</doc>
<status status="PASS" start="2024-08-08T18:21:22.156046" elapsed="0.000172"/>
</kw>
<kw name="List Should Contain Value" owner="Collections">
<arg>${allowed_titles}</arg>
<arg>${name_title}</arg>
<doc>Fails if the ``value`` is not found from ``list``.</doc>
<status status="PASS" start="2024-08-08T18:21:22.156514" elapsed="0.000170"/>
</kw>
<kw name="Set Variable" owner="BuiltIn">
<msg time="2024-08-08T18:21:22.157287" level="INFO">${name_country} = CA</msg>
<var>${name_country}</var>
<arg>${json_data["results"][0]["nat"]}</arg>
<doc>Returns the given values which can then be assigned to a variables.</doc>
<status status="PASS" start="2024-08-08T18:21:22.156867" elapsed="0.000446"/>
</kw>
<kw name="Create List" owner="BuiltIn">
<msg time="2024-08-08T18:21:22.158210" level="INFO">${list_country} = ['AD', 'AE', 'AF', 'AG', 'AI', 'AL', 'AM', 'AO', 'AQ', 'AR', 'AS', 'AT', 'AU', 'AW', 'AX', 'AZ', 'BA', 'BB', 'BD', 'BE', 'BF', 'BG', 'BH', 'BI', 'BJ', 'BL', 'BM', 'BN', 'BO', 'BQ', 'BR', 'BS', 'BT', '...</msg>
<var>${list_country}</var>
<arg>AD</arg>
<arg>AE</arg>
<arg>AF</arg>
<arg>AG</arg>
<arg>AI</arg>
<arg>AL</arg>
<arg>AM</arg>
<arg>AO</arg>
<arg>AQ</arg>
<arg>AR</arg>
<arg>AS</arg>
<arg>AT</arg>
<arg>AU</arg>
<arg>AW</arg>
<arg>AX</arg>
<arg>AZ</arg>
<arg>BA</arg>
<arg>BB</arg>
<arg>BD</arg>
<arg>BE</arg>
<arg>BF</arg>
<arg>BG</arg>
<arg>BH</arg>
<arg>BI</arg>
<arg>BJ</arg>
<arg>BL</arg>
<arg>BM</arg>
<arg>BN</arg>
<arg>BO</arg>
<arg>BQ</arg>
<arg>BR</arg>
<arg>BS</arg>
<arg>BT</arg>
<arg>BV</arg>
<arg>BW</arg>
<arg>BY</arg>
<arg>BZ</arg>
<arg>CA</arg>
<arg>CC</arg>
<arg>CD</arg>
<arg>CF</arg>
<arg>CG</arg>
<arg>CH</arg>
<arg>CI</arg>
<arg>CK</arg>
<arg>CL</arg>
<arg>CM</arg>
<arg>CN</arg>
<arg>CO</arg>
<arg>CR</arg>
<arg>CU</arg>
<arg>CV</arg>
<arg>CW</arg>
<arg>CX</arg>
<arg>CY</arg>
<arg>CZ</arg>
<arg>DE</arg>
<arg>DJ</arg>
<arg>DK</arg>
<arg>DM</arg>
<arg>DO</arg>
<arg>DZ</arg>
<arg>EC</arg>
<arg>EE</arg>
<arg>EG</arg>
<arg>EH</arg>
<arg>ER</arg>
<arg>ES</arg>
<arg>ET</arg>
<arg>FI</arg>
<arg>FJ</arg>
<arg>FK</arg>
<arg>FM</arg>
<arg>FO</arg>
<arg>FR</arg>
<arg>GA</arg>
<arg>GB</arg>
<arg>GD</arg>
<arg>GE</arg>
<arg>GF</arg>
<arg>GG</arg>
<arg>GH</arg>
<arg>GI</arg>
<arg>GL</arg>
<arg>GM</arg>
<arg>GN</arg>
<arg>GP</arg>
<arg>GQ</arg>
<arg>GR</arg>
<arg>GS</arg>
<arg>GT</arg>
<arg>GU</arg>
<arg>GW</arg>
<arg>GY</arg>
<arg>HK</arg>
<arg>HM</arg>
<arg>HN</arg>
<arg>HR</arg>
<arg>HT</arg>
<arg>HU</arg>
<arg>ID</arg>
<arg>IE</arg>
<arg>IL</arg>
<arg>IM</arg>
<arg>IN</arg>
<arg>IO</arg>
<arg>IQ</arg>
<arg>IR</arg>
<arg>IS</arg>
<arg>IT</arg>
<arg>JE</arg>
<arg>JM</arg>
<arg>JO</arg>
<arg>JP</arg>
<arg>KE</arg>
<arg>KG</arg>
<arg>KH</arg>
<arg>KI</arg>
<arg>KM</arg>
<arg>KN</arg>
<arg>KP</arg>
<arg>KR</arg>
<arg>KW</arg>
<arg>KY</arg>
<arg>KZ</arg>
<arg>LA</arg>
<arg>LB</arg>
<arg>LC</arg>
<arg>LI</arg>
<arg>LK</arg>
<arg>LR</arg>
<arg>LS</arg>
<arg>LT</arg>
<arg>LU</arg>
<arg>LV</arg>
<arg>LY</arg>
<arg>MA</arg>
<arg>MC</arg>
<arg>MD</arg>
<arg>ME</arg>
<arg>MF</arg>
<arg>MG</arg>
<arg>MH</arg>
<arg>MK</arg>
<arg>ML</arg>
<arg>MM</arg>
<arg>MN</arg>
<arg>MO</arg>
<arg>MP</arg>
<arg>MQ</arg>
<arg>MR</arg>
<arg>MS</arg>
<arg>MT</arg>
<arg>MU</arg>
<arg>MV</arg>
<arg>MW</arg>
<arg>MX</arg>
<arg>MY</arg>
<arg>MZ</arg>
<arg>NA</arg>
<arg>NC</arg>
<arg>NE</arg>
<arg>NF</arg>
<arg>NG</arg>
<arg>NI</arg>
<arg>NL</arg>
<arg>NO</arg>
<arg>NP</arg>
<arg>NR</arg>
<arg>NU</arg>
<arg>NZ</arg>
<arg>OM</arg>
<arg>PA</arg>
<arg>PE</arg>
<arg>PF</arg>
<arg>PG</arg>
<arg>PH</arg>
<arg>PK</arg>
<arg>PL</arg>
<arg>PM</arg>
<arg>PN</arg>
<arg>PR</arg>
<arg>PS</arg>
<arg>PT</arg>
<arg>PW</arg>
<arg>PY</arg>
<arg>QA</arg>
<arg>RE</arg>
<arg>RO</arg>
<arg>RS</arg>
<arg>RU</arg>
<arg>RW</arg>
<arg>SA</arg>
<arg>SB</arg>
<arg>SC</arg>
<arg>SD</arg>
<arg>SE</arg>
<arg>SG</arg>
<arg>SH</arg>
<arg>SI</arg>
<arg>SJ</arg>
<arg>SK</arg>
<arg>SL</arg>
<arg>SM</arg>
<arg>SN</arg>
<arg>SO</arg>
<arg>SR</arg>
<arg>SS</arg>
<arg>ST</arg>
<arg>SV</arg>
<arg>SX</arg>
<arg>SY</arg>
<arg>SZ</arg>
<arg>TC</arg>
<arg>TD</arg>
<arg>TF</arg>
<arg>TG</arg>
<arg>TH</arg>
<arg>TJ</arg>
<arg>TK</arg>
<arg>TL</arg>
<arg>TM</arg>
<arg>TN</arg>
<arg>TO</arg>
<arg>TR</arg>
<arg>TT</arg>
<arg>TV</arg>
<arg>TW</arg>
<arg>TZ</arg>
<arg>UA</arg>
<arg>UG</arg>
<arg>UM</arg>
<arg>US</arg>
<arg>UY</arg>
<arg>UZ</arg>
<arg>VA</arg>
<arg>VC</arg>
<arg>VE</arg>
<arg>VG</arg>
<arg>VI</arg>
<arg>VN</arg>
<arg>VU</arg>
<arg>WF</arg>
<arg>WS</arg>
<arg>XK</arg>
<arg>YE</arg>
<arg>YT</arg>
<arg>ZA</arg>
<arg>ZM</arg>
<arg>ZW</arg>
<doc>Returns a list containing given items.</doc>
<status status="PASS" start="2024-08-08T18:21:22.157614" elapsed="0.000623"/>
</kw>
<kw name="List Should Contain Value" owner="Collections">
<arg>${list_country}</arg>
<arg>${name_country}</arg>
<doc>Fails if the ``value`` is not found from ``list``.</doc>
<status status="PASS" start="2024-08-08T18:21:22.159164" elapsed="0.000210"/>
</kw>
<kw name="Run Keyword If" owner="BuiltIn">
<kw name="Should Be True" owner="BuiltIn">
<arg>${True}</arg>
<doc>Fails if the given condition is not true.</doc>
<status status="PASS" start="2024-08-08T18:21:22.160304" elapsed="0.000141"/>
</kw>
<arg>${json_data["results"][0]["location"]["coordinates"]["latitude"]} &gt;= -90 and ${json_data["results"][0]["location"]["coordinates"]["latitude"]} &lt;= 90</arg>
<arg>Should Be True</arg>
<arg>${True}</arg>
<doc>Runs the given keyword with the given arguments, if ``condition`` is true.</doc>
<status status="PASS" start="2024-08-08T18:21:22.159572" elapsed="0.001021"/>
</kw>
<kw name="Run Keyword If" owner="BuiltIn">
<kw name="Should Be True" owner="BuiltIn">
<arg>${True}</arg>
<doc>Fails if the given condition is not true.</doc>
<status status="PASS" start="2024-08-08T18:21:22.161529" elapsed="0.000153"/>
</kw>
<arg>${json_data["results"][0]["location"]["coordinates"]["longitude"]} &gt;= -180 and ${json_data["results"][0]["location"]["coordinates"]["longitude"]} &lt;= 180</arg>
<arg>Should Be True</arg>
<arg>${True}</arg>
<doc>Runs the given keyword with the given arguments, if ``condition`` is true.</doc>
<status status="PASS" start="2024-08-08T18:21:22.160792" elapsed="0.001025"/>
</kw>
<status status="PASS" start="2024-08-08T18:21:22.056883" elapsed="0.105062"/>
</kw>
<doc>Testa o conteúdo específico dos campos retornados pela API.</doc>
<tag>testeConteudo</tag>
<status status="PASS" start="2024-08-08T18:21:22.056393" elapsed="0.105692"/>
</test>
<status status="PASS" start="2024-08-08T18:21:21.149369" elapsed="1.014648"/>
</suite>
<status status="PASS" start="2024-08-08T18:21:21.135188" elapsed="1.033814"/>
</suite>
<statistics>
<total>
<stat pass="5" fail="0" skip="0">All Tests</stat>
</total>
<tag>
<stat pass="1" fail="0" skip="0">testeConteudo</stat>
<stat pass="1" fail="0" skip="0">testeEstruturaResposta</stat>
<stat pass="1" fail="0" skip="0">testeRequisicaoBasica</stat>
<stat pass="1" fail="0" skip="0">testeTiposDados</stat>
</tag>
<suite>
<stat pass="5" fail="0" skip="0" id="s1" name="Tests">Tests</stat>
<stat pass="5" fail="0" skip="0" id="s1-s1" name="Random-User-Test">Tests.Random-User-Test</stat>
</suite>
</statistics>
<errors>
</errors>
</robot>
