<?xml version="1.0" encoding="UTF-8"?>
<robot generator="Robot 7.0 (Python 3.12.3 on linux)" generated="2024-04-18T18:17:28.742560" rpa="false" schemaversion="5">
<suite id="s1" name="Tests" source="/home/runner/work/DesafioQAItauRogerioJordao/DesafioQAItauRogerioJordao/RamdonUser/tests">
<suite id="s1-s1" name="Random-User-Test" source="/home/runner/work/DesafioQAItauRogerioJordao/DesafioQAItauRogerioJordao/RamdonUser/tests/random-user-test.robot">
<test id="s1-s1-t1" name="Conectar" line="13">
<kw name="Conectar API" owner="random-user-service">
<kw name="Create Session" owner="RequestsLibrary">
<msg time="2024-04-18T18:17:29.115942" level="INFO">Creating Session using : alias=consultarAPI, url=https://randomuser.me/, headers={},                     cookies={}, auth=None, timeout=None, proxies=None, verify=False,                     debug=0 </msg>
<arg>consultarAPI</arg>
<arg>${URL}</arg>
<doc>Create Session: create a HTTP session to a server</doc>
<status status="PASS" start="2024-04-18T18:17:29.115752" elapsed="0.000358"/>
</kw>
<status status="PASS" start="2024-04-18T18:17:29.114850" elapsed="0.001601"/>
</kw>
<status status="PASS" start="2024-04-18T18:17:29.114329" elapsed="0.002312"/>
</test>
<test id="s1-s1-t2" name="Validar retorno 200 e JSON Válido" line="16">
<kw name="Teste de Requisicao Basica" owner="random-user-service">
<kw name="GET On Session" owner="RequestsLibrary">
<msg time="2024-04-18T18:17:29.333114" level="INFO">GET Request : url=https://randomuser.me/api 
 path_url=/api 
 headers={'User-Agent': 'python-requests/2.31.0', 'Accept-Encoding': 'gzip, deflate', 'Accept': '*/*', 'Connection': 'keep-alive'} 
 body=None 
 </msg>
<msg time="2024-04-18T18:17:29.333220" level="INFO">GET Response : url=https://randomuser.me/api 
 status=200, reason=OK 
 headers={'Date': 'Thu, 18 Apr 2024 18:17:29 GMT', 'Content-Type': 'application/json; charset=utf-8', 'Transfer-Encoding': 'chunked', 'Connection': 'keep-alive', 'X-Powered-By': 'Express', 'Access-Control-Allow-Origin': '*', 'Cache-Control': 'no-cache', 'ETag': 'W/"477-RKigHPVb4TNkAcBcoHCVeJweftQ"', 'Vary': 'Accept-Encoding', 'Content-Encoding': 'gzip', 'CF-Cache-Status': 'DYNAMIC', 'Report-To': '{"endpoints":[{"url":"https:\\/\\/a.nel.cloudflare.com\\/report\\/v4?s=fD0%2FjLIsBGN9pu%2BMd4m1ZK38aRcACnzqpigTFREEyO%2FLorMgfPiUgnv0LAXPEcvpv2vfGCBDf7OTJXAqzTVKnoi9U3edtBXQBIS5J8vJPuMmNxFzoIXAcdv0huWUQKlM"}],"group":"cf-nel","max_age":604800}', 'NEL': '{"success_fraction":0,"report_to":"cf-nel","max_age":604800}', 'Server': 'cloudflare', 'CF-RAY': '8766a6e5db8acf41-SJC', 'alt-svc': 'h3=":443"; ma=86400'} 
 body={"results":[{"gender":"female","name":{"title":"Miss","first":"Sedef","last":"Akbulut"},"location":{"street":{"number":3605,"name":"Mevlana Cd"},"city":"Trabzon","state":"Kilis","country":"Turkey","postcode":51096,"coordinates":{"latitude":"68.9807","longitude":"148.4519"},"timezone":{"offset":"+7:00","description":"Bangkok, Hanoi, Jakarta"}},"email":"sedef.akbulut@example.com","login":{"uuid":"e00d5ecf-73a9-467d-b8d0-98d6b29f6f8b","username":"angrylion588","password":"slim","salt":"lPLyEYoH","md5":"10d819df0512f8e02c97f0d2ddf52e11","sha1":"342bb0fa8c31303dd49b75ed2d74e25c46c5592d","sha256":"1dd270916aebdf9a28fb4734220d6c7568491f912a9c1110d64c3add48f5757a"},"dob":{"date":"1992-02-05T23:31:53.891Z","age":32},"registered":{"date":"2010-08-17T14:10:22.147Z","age":13},"phone":"(169)-395-7125","cell":"(626)-295-6994","id":{"name":"","value":null},"picture":{"large":"https://randomuser.me/api/portraits/women/71.jpg","medium":"https://randomuser.me/api/portraits/med/women/71.jpg","thumbnail":"https://randomuser.me/api/portraits/thumb/women/71.jpg"},"nat":"TR"}],"info":{"seed":"2b815f442b6d92bf","results":1,"page":1,"version":"1.4"}} 
 </msg>
<msg time="2024-04-18T18:17:29.333288" level="INFO">/opt/hostedtoolcache/Python/3.12.3/x64/lib/python3.12/site-packages/urllib3/connectionpool.py:1103: InsecureRequestWarning: Unverified HTTPS request is being made to host 'randomuser.me'. Adding certificate verification is strongly advised. See: https://urllib3.readthedocs.io/en/latest/advanced-usage.html#tls-warnings
  warnings.warn(</msg>
<msg time="2024-04-18T18:17:29.333406" level="INFO">${response} = &lt;Response [200]&gt;</msg>
<var>${response}</var>
<arg>consultarAPI</arg>
<arg>/api</arg>
<doc>Sends a GET request on a previously created HTTP Session.</doc>
<status status="PASS" start="2024-04-18T18:17:29.119285" elapsed="0.214162"/>
</kw>
<kw name="Should Be Equal As Numbers" owner="BuiltIn">
<msg time="2024-04-18T18:17:29.334464" level="INFO">Argument types are:
&lt;class 'int'&gt;
&lt;class 'str'&gt;</msg>
<arg>${response.status_code}</arg>
<arg>200</arg>
<doc>Fails if objects are unequal after converting them to real numbers.</doc>
<status status="PASS" start="2024-04-18T18:17:29.333979" elapsed="0.000549"/>
</kw>
<kw name="Log" owner="BuiltIn">
<msg time="2024-04-18T18:17:29.335228" level="INFO">200</msg>
<arg>${response.status_code}</arg>
<doc>Logs the given message with the given level.</doc>
<status status="PASS" start="2024-04-18T18:17:29.334874" elapsed="0.000397"/>
</kw>
<kw name="Set Variable" owner="BuiltIn">
<msg time="2024-04-18T18:17:29.336012" level="INFO">${json_data} = {'results': [{'gender': 'female', 'name': {'title': 'Miss', 'first': 'Sedef', 'last': 'Akbulut'}, 'location': {'street': {'number': 3605, 'name': 'Mevlana Cd'}, 'city': 'Trabzon', 'state': 'Kilis', 'c...</msg>
<var>${json_data}</var>
<arg>${response.json()}</arg>
<doc>Returns the given values which can then be assigned to a variables.</doc>
<status status="PASS" start="2024-04-18T18:17:29.335576" elapsed="0.000464"/>
</kw>
<kw name="Dictionary Should Contain Key" owner="Collections">
<msg time="2024-04-18T18:17:29.336512" level="INFO">False</msg>
<arg>${json_data}</arg>
<arg>results</arg>
<doc>Fails if ``key`` is not found from ``dictionary``.</doc>
<status status="PASS" start="2024-04-18T18:17:29.336341" elapsed="0.000212"/>
</kw>
<status status="PASS" start="2024-04-18T18:17:29.119041" elapsed="0.217765"/>
</kw>
<doc>Testa se a API responde corretamente e retorna um objeto JSON válido.</doc>
<tag>testeRequisicaoBasica</tag>
<status status="PASS" start="2024-04-18T18:17:29.118566" elapsed="0.218414"/>
</test>
<test id="s1-s1-t3" name="Validar estrutura de resposta" line="22">
<kw name="Teste de Estrutura de Resposta" owner="random-user-service">
<kw name="GET On Session" owner="RequestsLibrary">
<msg time="2024-04-18T18:17:29.444347" level="INFO">GET Request : url=https://randomuser.me/api 
 path_url=/api 
 headers={'User-Agent': 'python-requests/2.31.0', 'Accept-Encoding': 'gzip, deflate', 'Accept': '*/*', 'Connection': 'keep-alive'} 
 body=None 
 </msg>
<msg time="2024-04-18T18:17:29.444416" level="INFO">GET Response : url=https://randomuser.me/api 
 status=200, reason=OK 
 headers={'Date': 'Thu, 18 Apr 2024 18:17:29 GMT', 'Content-Type': 'application/json; charset=utf-8', 'Transfer-Encoding': 'chunked', 'Connection': 'keep-alive', 'X-Powered-By': 'Express', 'Access-Control-Allow-Origin': '*', 'Cache-Control': 'no-cache', 'ETag': 'W/"46d-8SfwKglVOy4Kld23wRy4jkHwe4w"', 'Vary': 'Accept-Encoding', 'Content-Encoding': 'gzip', 'CF-Cache-Status': 'DYNAMIC', 'Report-To': '{"endpoints":[{"url":"https:\\/\\/a.nel.cloudflare.com\\/report\\/v4?s=e92dx1OmylttnlYtSzZYSgHlQ%2BJjsAycVID90rLUrJN52LIOKBhhWItsO1jauwI22bqNtiJA5hITLfx29%2FCUz69rRcizAdpFzEA9lFu8e2ZmySAxtvG9VtNggoDiKqjK"}],"group":"cf-nel","max_age":604800}', 'NEL': '{"success_fraction":0,"report_to":"cf-nel","max_age":604800}', 'Server': 'cloudflare', 'CF-RAY': '8766a6e66c15cf41-SJC', 'alt-svc': 'h3=":443"; ma=86400'} 
 body={"results":[{"gender":"female","name":{"title":"Mrs","first":"Sara","last":"Thomsen"},"location":{"street":{"number":1112,"name":"Sjællandsgade"},"city":"Lintrup","state":"Syddanmark","country":"Denmark","postcode":66789,"coordinates":{"latitude":"-45.2422","longitude":"75.0819"},"timezone":{"offset":"-10:00","description":"Hawaii"}},"email":"sara.thomsen@example.com","login":{"uuid":"cf811b7e-a2f5-42b3-b15e-df9b2519a255","username":"tinyswan958","password":"floyd","salt":"j7uiQmmh","md5":"c692b8a67af7cb29a90b025bc2561c7f","sha1":"ff824580558c06491a3b256c58ca259de6a1543a","sha256":"4dc4cf21ea76f3eb0ce4fe75110f406c4fab4bfad017d6a4d9ebec46606a0c71"},"dob":{"date":"1979-02-21T00:44:27.471Z","age":45},"registered":{"date":"2016-03-04T07:43:04.062Z","age":8},"phone":"30661338","cell":"76122752","id":{"name":"CPR","value":"200279-4534"},"picture":{"large":"https://randomuser.me/api/portraits/women/17.jpg","medium":"https://randomuser.me/api/portraits/med/women/17.jpg","thumbnail":"https://randomuser.me/api/portraits/thumb/women/17.jpg"},"nat":"DK"}],"info":{"seed":"49c114d7bd093b4d","results":1,"page":1,"version":"1.4"}} 
 </msg>
<msg time="2024-04-18T18:17:29.444511" level="INFO">/opt/hostedtoolcache/Python/3.12.3/x64/lib/python3.12/site-packages/urllib3/connectionpool.py:1103: InsecureRequestWarning: Unverified HTTPS request is being made to host 'randomuser.me'. Adding certificate verification is strongly advised. See: https://urllib3.readthedocs.io/en/latest/advanced-usage.html#tls-warnings
  warnings.warn(</msg>
<msg time="2024-04-18T18:17:29.444608" level="INFO">${response} = &lt;Response [200]&gt;</msg>
<var>${response}</var>
<arg>consultarAPI</arg>
<arg>/api</arg>
<doc>Sends a GET request on a previously created HTTP Session.</doc>
<status status="PASS" start="2024-04-18T18:17:29.339548" elapsed="0.105099"/>
</kw>
<kw name="Set Variable" owner="BuiltIn">
<msg time="2024-04-18T18:17:29.445475" level="INFO">${json_data} = {'results': [{'gender': 'female', 'name': {'title': 'Mrs', 'first': 'Sara', 'last': 'Thomsen'}, 'location': {'street': {'number': 1112, 'name': 'Sjællandsgade'}, 'city': 'Lintrup', 'state': 'Syddanmar...</msg>
<var>${json_data}</var>
<arg>${response.json()}</arg>
<doc>Returns the given values which can then be assigned to a variables.</doc>
<status status="PASS" start="2024-04-18T18:17:29.445017" elapsed="0.000488"/>
</kw>
<kw name="Log" owner="BuiltIn">
<msg time="2024-04-18T18:17:29.446016" level="INFO">{'results': [{'gender': 'female', 'name': {'title': 'Mrs', 'first': 'Sara', 'last': 'Thomsen'}, 'location': {'street': {'number': 1112, 'name': 'Sjællandsgade'}, 'city': 'Lintrup', 'state': 'Syddanmark', 'country': 'Denmark', 'postcode': 66789, 'coordinates': {'latitude': '-45.2422', 'longitude': '75.0819'}, 'timezone': {'offset': '-10:00', 'description': 'Hawaii'}}, 'email': 'sara.thomsen@example.com', 'login': {'uuid': 'cf811b7e-a2f5-42b3-b15e-df9b2519a255', 'username': 'tinyswan958', 'password': 'floyd', 'salt': 'j7uiQmmh', 'md5': 'c692b8a67af7cb29a90b025bc2561c7f', 'sha1': 'ff824580558c06491a3b256c58ca259de6a1543a', 'sha256': '4dc4cf21ea76f3eb0ce4fe75110f406c4fab4bfad017d6a4d9ebec46606a0c71'}, 'dob': {'date': '1979-02-21T00:44:27.471Z', 'age': 45}, 'registered': {'date': '2016-03-04T07:43:04.062Z', 'age': 8}, 'phone': '30661338', 'cell': '76122752', 'id': {'name': 'CPR', 'value': '200279-4534'}, 'picture': {'large': 'https://randomuser.me/api/portraits/women/17.jpg', 'medium': 'https://randomuser.me/api/portraits/med/women/17.jpg', 'thumbnail': 'https://randomuser.me/api/portraits/thumb/women/17.jpg'}, 'nat': 'DK'}], 'info': {'seed': '49c114d7bd093b4d', 'results': 1, 'page': 1, 'version': '1.4'}}</msg>
<arg>${json_data}</arg>
<doc>Logs the given message with the given level.</doc>
<status status="PASS" start="2024-04-18T18:17:29.445814" elapsed="0.000252"/>
</kw>
<kw name="Dictionary Should Contain Key" owner="Collections">
<msg time="2024-04-18T18:17:29.446525" level="INFO">False</msg>
<arg>${json_data}</arg>
<arg>results</arg>
<doc>Fails if ``key`` is not found from ``dictionary``.</doc>
<status status="PASS" start="2024-04-18T18:17:29.446366" elapsed="0.000197"/>
</kw>
<kw name="Should Not Be Empty" owner="BuiltIn">
<msg time="2024-04-18T18:17:29.446991" level="INFO">Length is 2.</msg>
<arg>${json_data}</arg>
<doc>Verifies that the given item is not empty.</doc>
<status status="PASS" start="2024-04-18T18:17:29.446854" elapsed="0.000299"/>
</kw>
<kw name="Create List" owner="BuiltIn">
<msg time="2024-04-18T18:17:29.447598" level="INFO">${expected_keys} = ['gender', 'name', 'location', 'email', 'login']</msg>
<var>${expected_keys}</var>
<arg>gender</arg>
<arg>name</arg>
<arg>location</arg>
<arg>email</arg>
<arg>login</arg>
<doc>Returns a list containing given items.</doc>
<status status="PASS" start="2024-04-18T18:17:29.447450" elapsed="0.000173"/>
</kw>
<for flavor="IN">
<iter>
<kw name="Dictionary Should Contain Key" owner="Collections">
<msg time="2024-04-18T18:17:29.448591" level="INFO">False</msg>
<arg>${json_data['results'][0]}</arg>
<arg>${key}</arg>
<doc>Fails if ``key`` is not found from ``dictionary``.</doc>
<status status="PASS" start="2024-04-18T18:17:29.448185" elapsed="0.000445"/>
</kw>
<kw name="Log" owner="BuiltIn">
<msg time="2024-04-18T18:17:29.449303" level="INFO">{'gender': 'female', 'name': {'title': 'Mrs', 'first': 'Sara', 'last': 'Thomsen'}, 'location': {'street': {'number': 1112, 'name': 'Sjællandsgade'}, 'city': 'Lintrup', 'state': 'Syddanmark', 'country': 'Denmark', 'postcode': 66789, 'coordinates': {'latitude': '-45.2422', 'longitude': '75.0819'}, 'timezone': {'offset': '-10:00', 'description': 'Hawaii'}}, 'email': 'sara.thomsen@example.com', 'login': {'uuid': 'cf811b7e-a2f5-42b3-b15e-df9b2519a255', 'username': 'tinyswan958', 'password': 'floyd', 'salt': 'j7uiQmmh', 'md5': 'c692b8a67af7cb29a90b025bc2561c7f', 'sha1': 'ff824580558c06491a3b256c58ca259de6a1543a', 'sha256': '4dc4cf21ea76f3eb0ce4fe75110f406c4fab4bfad017d6a4d9ebec46606a0c71'}, 'dob': {'date': '1979-02-21T00:44:27.471Z', 'age': 45}, 'registered': {'date': '2016-03-04T07:43:04.062Z', 'age': 8}, 'phone': '30661338', 'cell': '76122752', 'id': {'name': 'CPR', 'value': '200279-4534'}, 'picture': {'large': 'https://randomuser.me/api/portraits/women/17.jpg', 'medium': 'https://randomuser.me/api/portraits/med/women/17.jpg', 'thumbnail': 'https://randomuser.me/api/portraits/thumb/women/17.jpg'}, 'nat': 'DK'}</msg>
<arg>${json_data['results'][0]}</arg>
<doc>Logs the given message with the given level.</doc>
<status status="PASS" start="2024-04-18T18:17:29.448928" elapsed="0.000424"/>
</kw>
<kw name="Log" owner="BuiltIn">
<msg time="2024-04-18T18:17:29.449777" level="INFO">gender</msg>
<arg>${key}</arg>
<doc>Logs the given message with the given level.</doc>
<status status="PASS" start="2024-04-18T18:17:29.449648" elapsed="0.000166"/>
</kw>
<var name="${key}">gender</var>
<status status="PASS" start="2024-04-18T18:17:29.448060" elapsed="0.001992"/>
</iter>
<iter>
<kw name="Dictionary Should Contain Key" owner="Collections">
<msg time="2024-04-18T18:17:29.450766" level="INFO">False</msg>
<arg>${json_data['results'][0]}</arg>
<arg>${key}</arg>
<doc>Fails if ``key`` is not found from ``dictionary``.</doc>
<status status="PASS" start="2024-04-18T18:17:29.450356" elapsed="0.000448"/>
</kw>
<kw name="Log" owner="BuiltIn">
<msg time="2024-04-18T18:17:29.451494" level="INFO">{'gender': 'female', 'name': {'title': 'Mrs', 'first': 'Sara', 'last': 'Thomsen'}, 'location': {'street': {'number': 1112, 'name': 'Sjællandsgade'}, 'city': 'Lintrup', 'state': 'Syddanmark', 'country': 'Denmark', 'postcode': 66789, 'coordinates': {'latitude': '-45.2422', 'longitude': '75.0819'}, 'timezone': {'offset': '-10:00', 'description': 'Hawaii'}}, 'email': 'sara.thomsen@example.com', 'login': {'uuid': 'cf811b7e-a2f5-42b3-b15e-df9b2519a255', 'username': 'tinyswan958', 'password': 'floyd', 'salt': 'j7uiQmmh', 'md5': 'c692b8a67af7cb29a90b025bc2561c7f', 'sha1': 'ff824580558c06491a3b256c58ca259de6a1543a', 'sha256': '4dc4cf21ea76f3eb0ce4fe75110f406c4fab4bfad017d6a4d9ebec46606a0c71'}, 'dob': {'date': '1979-02-21T00:44:27.471Z', 'age': 45}, 'registered': {'date': '2016-03-04T07:43:04.062Z', 'age': 8}, 'phone': '30661338', 'cell': '76122752', 'id': {'name': 'CPR', 'value': '200279-4534'}, 'picture': {'large': 'https://randomuser.me/api/portraits/women/17.jpg', 'medium': 'https://randomuser.me/api/portraits/med/women/17.jpg', 'thumbnail': 'https://randomuser.me/api/portraits/thumb/women/17.jpg'}, 'nat': 'DK'}</msg>
<arg>${json_data['results'][0]}</arg>
<doc>Logs the given message with the given level.</doc>
<status status="PASS" start="2024-04-18T18:17:29.451128" elapsed="0.000415"/>
</kw>
<kw name="Log" owner="BuiltIn">
<msg time="2024-04-18T18:17:29.451971" level="INFO">name</msg>
<arg>${key}</arg>
<doc>Logs the given message with the given level.</doc>
<status status="PASS" start="2024-04-18T18:17:29.451843" elapsed="0.000166"/>
</kw>
<var name="${key}">name</var>
<status status="PASS" start="2024-04-18T18:17:29.450238" elapsed="0.001984"/>
</iter>
<iter>
<kw name="Dictionary Should Contain Key" owner="Collections">
<msg time="2024-04-18T18:17:29.452907" level="INFO">False</msg>
<arg>${json_data['results'][0]}</arg>
<arg>${key}</arg>
<doc>Fails if ``key`` is not found from ``dictionary``.</doc>
<status status="PASS" start="2024-04-18T18:17:29.452520" elapsed="0.000424"/>
</kw>
<kw name="Log" owner="BuiltIn">
<msg time="2024-04-18T18:17:29.453618" level="INFO">{'gender': 'female', 'name': {'title': 'Mrs', 'first': 'Sara', 'last': 'Thomsen'}, 'location': {'street': {'number': 1112, 'name': 'Sjællandsgade'}, 'city': 'Lintrup', 'state': 'Syddanmark', 'country': 'Denmark', 'postcode': 66789, 'coordinates': {'latitude': '-45.2422', 'longitude': '75.0819'}, 'timezone': {'offset': '-10:00', 'description': 'Hawaii'}}, 'email': 'sara.thomsen@example.com', 'login': {'uuid': 'cf811b7e-a2f5-42b3-b15e-df9b2519a255', 'username': 'tinyswan958', 'password': 'floyd', 'salt': 'j7uiQmmh', 'md5': 'c692b8a67af7cb29a90b025bc2561c7f', 'sha1': 'ff824580558c06491a3b256c58ca259de6a1543a', 'sha256': '4dc4cf21ea76f3eb0ce4fe75110f406c4fab4bfad017d6a4d9ebec46606a0c71'}, 'dob': {'date': '1979-02-21T00:44:27.471Z', 'age': 45}, 'registered': {'date': '2016-03-04T07:43:04.062Z', 'age': 8}, 'phone': '30661338', 'cell': '76122752', 'id': {'name': 'CPR', 'value': '200279-4534'}, 'picture': {'large': 'https://randomuser.me/api/portraits/women/17.jpg', 'medium': 'https://randomuser.me/api/portraits/med/women/17.jpg', 'thumbnail': 'https://randomuser.me/api/portraits/thumb/women/17.jpg'}, 'nat': 'DK'}</msg>
<arg>${json_data['results'][0]}</arg>
<doc>Logs the given message with the given level.</doc>
<status status="PASS" start="2024-04-18T18:17:29.453247" elapsed="0.000419"/>
</kw>
<kw name="Log" owner="BuiltIn">
<msg time="2024-04-18T18:17:29.454129" level="INFO">location</msg>
<arg>${key}</arg>
<doc>Logs the given message with the given level.</doc>
<status status="PASS" start="2024-04-18T18:17:29.453998" elapsed="0.000170"/>
</kw>
<var name="${key}">location</var>
<status status="PASS" start="2024-04-18T18:17:29.452407" elapsed="0.001979"/>
</iter>
<iter>
<kw name="Dictionary Should Contain Key" owner="Collections">
<msg time="2024-04-18T18:17:29.455062" level="INFO">False</msg>
<arg>${json_data['results'][0]}</arg>
<arg>${key}</arg>
<doc>Fails if ``key`` is not found from ``dictionary``.</doc>
<status status="PASS" start="2024-04-18T18:17:29.454673" elapsed="0.000426"/>
</kw>
<kw name="Log" owner="BuiltIn">
<msg time="2024-04-18T18:17:29.455766" level="INFO">{'gender': 'female', 'name': {'title': 'Mrs', 'first': 'Sara', 'last': 'Thomsen'}, 'location': {'street': {'number': 1112, 'name': 'Sjællandsgade'}, 'city': 'Lintrup', 'state': 'Syddanmark', 'country': 'Denmark', 'postcode': 66789, 'coordinates': {'latitude': '-45.2422', 'longitude': '75.0819'}, 'timezone': {'offset': '-10:00', 'description': 'Hawaii'}}, 'email': 'sara.thomsen@example.com', 'login': {'uuid': 'cf811b7e-a2f5-42b3-b15e-df9b2519a255', 'username': 'tinyswan958', 'password': 'floyd', 'salt': 'j7uiQmmh', 'md5': 'c692b8a67af7cb29a90b025bc2561c7f', 'sha1': 'ff824580558c06491a3b256c58ca259de6a1543a', 'sha256': '4dc4cf21ea76f3eb0ce4fe75110f406c4fab4bfad017d6a4d9ebec46606a0c71'}, 'dob': {'date': '1979-02-21T00:44:27.471Z', 'age': 45}, 'registered': {'date': '2016-03-04T07:43:04.062Z', 'age': 8}, 'phone': '30661338', 'cell': '76122752', 'id': {'name': 'CPR', 'value': '200279-4534'}, 'picture': {'large': 'https://randomuser.me/api/portraits/women/17.jpg', 'medium': 'https://randomuser.me/api/portraits/med/women/17.jpg', 'thumbnail': 'https://randomuser.me/api/portraits/thumb/women/17.jpg'}, 'nat': 'DK'}</msg>
<arg>${json_data['results'][0]}</arg>
<doc>Logs the given message with the given level.</doc>
<status status="PASS" start="2024-04-18T18:17:29.455397" elapsed="0.000418"/>
</kw>
<kw name="Log" owner="BuiltIn">
<msg time="2024-04-18T18:17:29.456234" level="INFO">email</msg>
<arg>${key}</arg>
<doc>Logs the given message with the given level.</doc>
<status status="PASS" start="2024-04-18T18:17:29.456108" elapsed="0.000164"/>
</kw>
<var name="${key}">email</var>
<status status="PASS" start="2024-04-18T18:17:29.454561" elapsed="0.001923"/>
</iter>
<iter>
<kw name="Dictionary Should Contain Key" owner="Collections">
<msg time="2024-04-18T18:17:29.457152" level="INFO">False</msg>
<arg>${json_data['results'][0]}</arg>
<arg>${key}</arg>
<doc>Fails if ``key`` is not found from ``dictionary``.</doc>
<status status="PASS" start="2024-04-18T18:17:29.456767" elapsed="0.000423"/>
</kw>
<kw name="Log" owner="BuiltIn">
<msg time="2024-04-18T18:17:29.457883" level="INFO">{'gender': 'female', 'name': {'title': 'Mrs', 'first': 'Sara', 'last': 'Thomsen'}, 'location': {'street': {'number': 1112, 'name': 'Sjællandsgade'}, 'city': 'Lintrup', 'state': 'Syddanmark', 'country': 'Denmark', 'postcode': 66789, 'coordinates': {'latitude': '-45.2422', 'longitude': '75.0819'}, 'timezone': {'offset': '-10:00', 'description': 'Hawaii'}}, 'email': 'sara.thomsen@example.com', 'login': {'uuid': 'cf811b7e-a2f5-42b3-b15e-df9b2519a255', 'username': 'tinyswan958', 'password': 'floyd', 'salt': 'j7uiQmmh', 'md5': 'c692b8a67af7cb29a90b025bc2561c7f', 'sha1': 'ff824580558c06491a3b256c58ca259de6a1543a', 'sha256': '4dc4cf21ea76f3eb0ce4fe75110f406c4fab4bfad017d6a4d9ebec46606a0c71'}, 'dob': {'date': '1979-02-21T00:44:27.471Z', 'age': 45}, 'registered': {'date': '2016-03-04T07:43:04.062Z', 'age': 8}, 'phone': '30661338', 'cell': '76122752', 'id': {'name': 'CPR', 'value': '200279-4534'}, 'picture': {'large': 'https://randomuser.me/api/portraits/women/17.jpg', 'medium': 'https://randomuser.me/api/portraits/med/women/17.jpg', 'thumbnail': 'https://randomuser.me/api/portraits/thumb/women/17.jpg'}, 'nat': 'DK'}</msg>
<arg>${json_data['results'][0]}</arg>
<doc>Logs the given message with the given level.</doc>
<status status="PASS" start="2024-04-18T18:17:29.457491" elapsed="0.000442"/>
</kw>
<kw name="Log" owner="BuiltIn">
<msg time="2024-04-18T18:17:29.458358" level="INFO">login</msg>
<arg>${key}</arg>
<doc>Logs the given message with the given level.</doc>
<status status="PASS" start="2024-04-18T18:17:29.458230" elapsed="0.000165"/>
</kw>
<var name="${key}">login</var>
<status status="PASS" start="2024-04-18T18:17:29.456657" elapsed="0.001961"/>
</iter>
<var>${key}</var>
<value>@{expected_keys}</value>
<status status="PASS" start="2024-04-18T18:17:29.447878" elapsed="0.010862"/>
</for>
<kw name="Create List" owner="BuiltIn">
<msg time="2024-04-18T18:17:29.459103" level="INFO">${expected_keysTwo} = ['username', 'password']</msg>
<var>${expected_keysTwo}</var>
<arg>username</arg>
<arg>password</arg>
<doc>Returns a list containing given items.</doc>
<status status="PASS" start="2024-04-18T18:17:29.458963" elapsed="0.000164"/>
</kw>
<for flavor="IN">
<iter>
<kw name="Dictionary Should Contain Key" owner="Collections">
<msg time="2024-04-18T18:17:29.460019" level="INFO">False</msg>
<arg>${json_data['results'][0]['login']}</arg>
<arg>${keyTwo}</arg>
<doc>Fails if ``key`` is not found from ``dictionary``.</doc>
<status status="PASS" start="2024-04-18T18:17:29.459629" elapsed="0.000427"/>
</kw>
<kw name="Dictionary Should Contain Key" owner="Collections">
<msg time="2024-04-18T18:17:29.460750" level="INFO">False</msg>
<arg>${json_data['results'][0]['login']}</arg>
<arg>${keyTwo}</arg>
<doc>Fails if ``key`` is not found from ``dictionary``.</doc>
<status status="PASS" start="2024-04-18T18:17:29.460350" elapsed="0.000437"/>
</kw>
<kw name="Log" owner="BuiltIn">
<msg time="2024-04-18T18:17:29.461215" level="INFO">username</msg>
<arg>${keyTwo}</arg>
<doc>Logs the given message with the given level.</doc>
<status status="PASS" start="2024-04-18T18:17:29.461081" elapsed="0.000176"/>
</kw>
<var name="${keyTwo}">username</var>
<status status="PASS" start="2024-04-18T18:17:29.459520" elapsed="0.001951"/>
</iter>
<iter>
<kw name="Dictionary Should Contain Key" owner="Collections">
<msg time="2024-04-18T18:17:29.462256" level="INFO">False</msg>
<arg>${json_data['results'][0]['login']}</arg>
<arg>${keyTwo}</arg>
<doc>Fails if ``key`` is not found from ``dictionary``.</doc>
<status status="PASS" start="2024-04-18T18:17:29.461753" elapsed="0.000556"/>
</kw>
<kw name="Dictionary Should Contain Key" owner="Collections">
<msg time="2024-04-18T18:17:29.462989" level="INFO">False</msg>
<arg>${json_data['results'][0]['login']}</arg>
<arg>${keyTwo}</arg>
<doc>Fails if ``key`` is not found from ``dictionary``.</doc>
<status status="PASS" start="2024-04-18T18:17:29.462612" elapsed="0.000414"/>
</kw>
<kw name="Log" owner="BuiltIn">
<msg time="2024-04-18T18:17:29.463444" level="INFO">password</msg>
<arg>${keyTwo}</arg>
<doc>Logs the given message with the given level.</doc>
<status status="PASS" start="2024-04-18T18:17:29.463317" elapsed="0.000164"/>
</kw>
<var name="${keyTwo}">password</var>
<status status="PASS" start="2024-04-18T18:17:29.461643" elapsed="0.002053"/>
</iter>
<var>${keyTwo}</var>
<value>@{expected_keysTwo}</value>
<status status="PASS" start="2024-04-18T18:17:29.459367" elapsed="0.004450"/>
</for>
<status status="PASS" start="2024-04-18T18:17:29.339319" elapsed="0.124634"/>
</kw>
<doc>Testa a estrutura da resposta da API.</doc>
<tag>testeEstruturaResposta</tag>
<status status="PASS" start="2024-04-18T18:17:29.338845" elapsed="0.125257"/>
</test>
<test id="s1-s1-t4" name="Validar tipos de dados" line="28">
<kw name="Teste de Tipos de Dados" owner="random-user-service">
<kw name="GET On Session" owner="RequestsLibrary">
<msg time="2024-04-18T18:17:29.552273" level="INFO">GET Request : url=https://randomuser.me/api 
 path_url=/api 
 headers={'User-Agent': 'python-requests/2.31.0', 'Accept-Encoding': 'gzip, deflate', 'Accept': '*/*', 'Connection': 'keep-alive'} 
 body=None 
 </msg>
<msg time="2024-04-18T18:17:29.552356" level="INFO">GET Response : url=https://randomuser.me/api 
 status=200, reason=OK 
 headers={'Date': 'Thu, 18 Apr 2024 18:17:29 GMT', 'Content-Type': 'application/json; charset=utf-8', 'Transfer-Encoding': 'chunked', 'Connection': 'keep-alive', 'X-Powered-By': 'Express', 'Access-Control-Allow-Origin': '*', 'Cache-Control': 'no-cache', 'ETag': 'W/"483-ts7RxBO9kKkjGxyx6YIfLkk10oo"', 'Vary': 'Accept-Encoding', 'Content-Encoding': 'gzip', 'CF-Cache-Status': 'DYNAMIC', 'Report-To': '{"endpoints":[{"url":"https:\\/\\/a.nel.cloudflare.com\\/report\\/v4?s=ggyxiXCLPYxQjfMtKFahYkfUfTpmfvnNlzzQJG%2FkVegWHrLHTEN71j9S%2BX%2BSo3%2BnGpCec6KFXjQrUx24Se5f0nluXb4LjNDl3NtbU9qx3kQpzn4ZkpGI8Z5JXmjJOHdY"}],"group":"cf-nel","max_age":604800}', 'NEL': '{"success_fraction":0,"report_to":"cf-nel","max_age":604800}', 'Server': 'cloudflare', 'CF-RAY': '8766a6e72cdbcf41-SJC', 'alt-svc': 'h3=":443"; ma=86400'} 
 body={"results":[{"gender":"male","name":{"title":"Mr","first":"Logan","last":"Miller"},"location":{"street":{"number":8524,"name":"Church Street"},"city":"Truro","state":"Lincolnshire","country":"United Kingdom","postcode":"FJ34 0LZ","coordinates":{"latitude":"-5.7017","longitude":"-96.6208"},"timezone":{"offset":"-10:00","description":"Hawaii"}},"email":"logan.miller@example.com","login":{"uuid":"991d2e96-d9cc-49d8-883a-4c7d2ec4bfa3","username":"brownmouse357","password":"kenshin","salt":"2KVUL1FV","md5":"a054cc282a4b179d4b0474ef8ebea734","sha1":"6c812cbf21a506b874007c0b14030927810fc859","sha256":"085d07bcea2e81661c9069404b72a371dd26770a4b1a75435feda43ec3ff925a"},"dob":{"date":"1990-04-24T11:20:03.203Z","age":33},"registered":{"date":"2011-05-31T19:06:27.612Z","age":12},"phone":"0112363 397 9385","cell":"07588 336771","id":{"name":"NINO","value":"SW 06 44 04 E"},"picture":{"large":"https://randomuser.me/api/portraits/men/87.jpg","medium":"https://randomuser.me/api/portraits/med/men/87.jpg","thumbnail":"https://randomuser.me/api/portraits/thumb/men/87.jpg"},"nat":"GB"}],"info":{"seed":"7e66087573bad770","results":1,"page":1,"version":"1.4"}} 
 </msg>
<msg time="2024-04-18T18:17:29.552429" level="INFO">/opt/hostedtoolcache/Python/3.12.3/x64/lib/python3.12/site-packages/urllib3/connectionpool.py:1103: InsecureRequestWarning: Unverified HTTPS request is being made to host 'randomuser.me'. Adding certificate verification is strongly advised. See: https://urllib3.readthedocs.io/en/latest/advanced-usage.html#tls-warnings
  warnings.warn(</msg>
<msg time="2024-04-18T18:17:29.552541" level="INFO">${response} = &lt;Response [200]&gt;</msg>
<var>${response}</var>
<arg>consultarAPI</arg>
<arg>/api</arg>
<doc>Sends a GET request on a previously created HTTP Session.</doc>
<status status="PASS" start="2024-04-18T18:17:29.466552" elapsed="0.086021"/>
</kw>
<kw name="Set Variable" owner="BuiltIn">
<msg time="2024-04-18T18:17:29.553389" level="INFO">${json_data} = {'results': [{'gender': 'male', 'name': {'title': 'Mr', 'first': 'Logan', 'last': 'Miller'}, 'location': {'street': {'number': 8524, 'name': 'Church Street'}, 'city': 'Truro', 'state': 'Lincolnshire',...</msg>
<var>${json_data}</var>
<arg>${response.json()}</arg>
<doc>Returns the given values which can then be assigned to a variables.</doc>
<status status="PASS" start="2024-04-18T18:17:29.552942" elapsed="0.000474"/>
</kw>
<kw name="Log" owner="BuiltIn">
<msg time="2024-04-18T18:17:29.553912" level="INFO">{'results': [{'gender': 'male', 'name': {'title': 'Mr', 'first': 'Logan', 'last': 'Miller'}, 'location': {'street': {'number': 8524, 'name': 'Church Street'}, 'city': 'Truro', 'state': 'Lincolnshire', 'country': 'United Kingdom', 'postcode': 'FJ34 0LZ', 'coordinates': {'latitude': '-5.7017', 'longitude': '-96.6208'}, 'timezone': {'offset': '-10:00', 'description': 'Hawaii'}}, 'email': 'logan.miller@example.com', 'login': {'uuid': '991d2e96-d9cc-49d8-883a-4c7d2ec4bfa3', 'username': 'brownmouse357', 'password': 'kenshin', 'salt': '2KVUL1FV', 'md5': 'a054cc282a4b179d4b0474ef8ebea734', 'sha1': '6c812cbf21a506b874007c0b14030927810fc859', 'sha256': '085d07bcea2e81661c9069404b72a371dd26770a4b1a75435feda43ec3ff925a'}, 'dob': {'date': '1990-04-24T11:20:03.203Z', 'age': 33}, 'registered': {'date': '2011-05-31T19:06:27.612Z', 'age': 12}, 'phone': '0112363 397 9385', 'cell': '07588 336771', 'id': {'name': 'NINO', 'value': 'SW 06 44 04 E'}, 'picture': {'large': 'https://randomuser.me/api/portraits/men/87.jpg', 'medium': 'https://randomuser.me/api/portraits/med/men/87.jpg', 'thumbnail': 'https://randomuser.me/api/portraits/thumb/men/87.jpg'}, 'nat': 'GB'}], 'info': {'seed': '7e66087573bad770', 'results': 1, 'page': 1, 'version': '1.4'}}</msg>
<arg>${json_data}</arg>
<doc>Logs the given message with the given level.</doc>
<status status="PASS" start="2024-04-18T18:17:29.553717" elapsed="0.000245"/>
</kw>
<kw name="Should Be String" owner="String">
<arg>${json_data['results'][0]['gender']}</arg>
<doc>Fails if the given ``item`` is not a string.</doc>
<status status="PASS" start="2024-04-18T18:17:29.554286" elapsed="0.000362"/>
</kw>
<kw name="Should Match Regexp" owner="BuiltIn">
<arg>${json_data['results'][0]['email']}</arg>
<arg>^[a-zA-Z0-9._%+-]+@[a-zA-Z0-9.-]+\.[a-zA-Z]{2,}$</arg>
<doc>Fails if ``string`` does not match ``pattern`` as a regular expression.</doc>
<status status="PASS" start="2024-04-18T18:17:29.554838" elapsed="0.000505"/>
</kw>
<kw name="Should Match Regexp" owner="BuiltIn">
<arg>${json_data['results'][0]['dob']['date']}</arg>
<arg>\\d{4}-\\d{2}-\\d{2}T\\d{2}:\\d{2}:\\d{2}\\.\\d{3}Z</arg>
<doc>Fails if ``string`` does not match ``pattern`` as a regular expression.</doc>
<status status="PASS" start="2024-04-18T18:17:29.555537" elapsed="0.000490"/>
</kw>
<kw name="Should Match Regexp" owner="BuiltIn">
<arg>${json_data['results'][0]['registered']['date']}</arg>
<arg>\\d{4}-\\d{2}-\\d{2}T\\d{2}:\\d{2}:\\d{2}\\.\\d{3}Z</arg>
<doc>Fails if ``string`` does not match ``pattern`` as a regular expression.</doc>
<status status="PASS" start="2024-04-18T18:17:29.556220" elapsed="0.000373"/>
</kw>
<kw name="Should Match Regexp" owner="BuiltIn">
<arg>${json_data['results'][0]['picture']['large']}</arg>
<arg>^https?://.*\.(?:png|jpe?g|gif|bmp)$</arg>
<doc>Fails if ``string`` does not match ``pattern`` as a regular expression.</doc>
<status status="PASS" start="2024-04-18T18:17:29.556771" elapsed="0.000424"/>
</kw>
<kw name="Should Match Regexp" owner="BuiltIn">
<arg>${json_data['results'][0]['picture']['medium']}</arg>
<arg>^https?://.*\.(?:png|jpe?g|gif|bmp)$</arg>
<doc>Fails if ``string`` does not match ``pattern`` as a regular expression.</doc>
<status status="PASS" start="2024-04-18T18:17:29.557370" elapsed="0.000332"/>
</kw>
<kw name="Should Match Regexp" owner="BuiltIn">
<arg>${json_data['results'][0]['picture']['thumbnail']}</arg>
<arg>^https?://.*\.(?:png|jpe?g|gif|bmp)$</arg>
<doc>Fails if ``string`` does not match ``pattern`` as a regular expression.</doc>
<status status="PASS" start="2024-04-18T18:17:29.557898" elapsed="0.000347"/>
</kw>
<kw name="Log" owner="BuiltIn">
<msg time="2024-04-18T18:17:29.558757" level="INFO">{'large': 'https://randomuser.me/api/portraits/men/87.jpg', 'medium': 'https://randomuser.me/api/portraits/med/men/87.jpg', 'thumbnail': 'https://randomuser.me/api/portraits/thumb/men/87.jpg'}</msg>
<arg>${json_data['results'][0]['picture']}</arg>
<doc>Logs the given message with the given level.</doc>
<status status="PASS" start="2024-04-18T18:17:29.558434" elapsed="0.000364"/>
</kw>
<status status="PASS" start="2024-04-18T18:17:29.466330" elapsed="0.092719"/>
</kw>
<kw name="Teste de Tipos de Dados - Postcode" owner="random-user-service">
<kw name="GET On Session" owner="RequestsLibrary">
<msg time="2024-04-18T18:17:29.659521" level="INFO">GET Request : url=https://randomuser.me/api 
 path_url=/api 
 headers={'User-Agent': 'python-requests/2.31.0', 'Accept-Encoding': 'gzip, deflate', 'Accept': '*/*', 'Connection': 'keep-alive'} 
 body=None 
 </msg>
<msg time="2024-04-18T18:17:29.659585" level="INFO">GET Response : url=https://randomuser.me/api 
 status=200, reason=OK 
 headers={'Date': 'Thu, 18 Apr 2024 18:17:29 GMT', 'Content-Type': 'application/json; charset=utf-8', 'Transfer-Encoding': 'chunked', 'Connection': 'keep-alive', 'X-Powered-By': 'Express', 'Access-Control-Allow-Origin': '*', 'Cache-Control': 'no-cache', 'ETag': 'W/"472-h+mxAfVLBvUAFQ/VR205kvQ/W7Y"', 'Vary': 'Accept-Encoding', 'Content-Encoding': 'gzip', 'CF-Cache-Status': 'DYNAMIC', 'Report-To': '{"endpoints":[{"url":"https:\\/\\/a.nel.cloudflare.com\\/report\\/v4?s=LqAVxc49PjvDQINKIN6yw5KarPKe6i01BLClakpP1F5V2GT94LWSTJYepvXXYumQwCrP3uPCm8Mf9vtWj%2FY8aBA83ycTHA50AKqUeC3ASEyIHSUQZopl1LEhNtOQXqC7"}],"group":"cf-nel","max_age":604800}', 'NEL': '{"success_fraction":0,"report_to":"cf-nel","max_age":604800}', 'Server': 'cloudflare', 'CF-RAY': '8766a6e7cd8bcf41-SJC', 'alt-svc': 'h3=":443"; ma=86400'} 
 body={"results":[{"gender":"male","name":{"title":"Mr","first":"Ali","last":"Yılmazer"},"location":{"street":{"number":9917,"name":"Vatan Cd"},"city":"Sakarya","state":"Bingöl","country":"Turkey","postcode":34376,"coordinates":{"latitude":"68.8465","longitude":"-19.4904"},"timezone":{"offset":"+6:00","description":"Almaty, Dhaka, Colombo"}},"email":"ali.yilmazer@example.com","login":{"uuid":"0ecffa24-5a1d-4093-a2d8-6eb583e8bf43","username":"ticklishleopard468","password":"bullet","salt":"vNeZdIoQ","md5":"1cccfdffd3453c689eb8554fe49f595b","sha1":"3c560c9d14e02cb71a3a0360f20004633b3ab74f","sha256":"aa35413bbdca01156a62278f5f744b3ed2ab3f2b66a1d46f6152595e0916a077"},"dob":{"date":"1996-08-10T04:20:14.333Z","age":27},"registered":{"date":"2016-08-05T07:58:51.032Z","age":7},"phone":"(519)-579-2252","cell":"(889)-219-0874","id":{"name":"","value":null},"picture":{"large":"https://randomuser.me/api/portraits/men/36.jpg","medium":"https://randomuser.me/api/portraits/med/men/36.jpg","thumbnail":"https://randomuser.me/api/portraits/thumb/men/36.jpg"},"nat":"TR"}],"info":{"seed":"2d108b72ecd10683","results":1,"page":1,"version":"1.4"}} 
 </msg>
<msg time="2024-04-18T18:17:29.659640" level="INFO">/opt/hostedtoolcache/Python/3.12.3/x64/lib/python3.12/site-packages/urllib3/connectionpool.py:1103: InsecureRequestWarning: Unverified HTTPS request is being made to host 'randomuser.me'. Adding certificate verification is strongly advised. See: https://urllib3.readthedocs.io/en/latest/advanced-usage.html#tls-warnings
  warnings.warn(</msg>
<msg time="2024-04-18T18:17:29.659726" level="INFO">${response} = &lt;Response [200]&gt;</msg>
<var>${response}</var>
<arg>consultarAPI</arg>
<arg>/api</arg>
<doc>Sends a GET request on a previously created HTTP Session.</doc>
<status status="PASS" start="2024-04-18T18:17:29.559483" elapsed="0.100281"/>
</kw>
<kw name="Set Variable" owner="BuiltIn">
<msg time="2024-04-18T18:17:29.660581" level="INFO">${json_data} = {'results': [{'gender': 'male', 'name': {'title': 'Mr', 'first': 'Ali', 'last': 'Yılmazer'}, 'location': {'street': {'number': 9917, 'name': 'Vatan Cd'}, 'city': 'Sakarya', 'state': 'Bingöl', 'country...</msg>
<var>${json_data}</var>
<arg>${response.json()}</arg>
<doc>Returns the given values which can then be assigned to a variables.</doc>
<status status="PASS" start="2024-04-18T18:17:29.660134" elapsed="0.000475"/>
</kw>
<kw name="Log" owner="BuiltIn">
<msg time="2024-04-18T18:17:29.661071" level="INFO">{'results': [{'gender': 'male', 'name': {'title': 'Mr', 'first': 'Ali', 'last': 'Yılmazer'}, 'location': {'street': {'number': 9917, 'name': 'Vatan Cd'}, 'city': 'Sakarya', 'state': 'Bingöl', 'country': 'Turkey', 'postcode': 34376, 'coordinates': {'latitude': '68.8465', 'longitude': '-19.4904'}, 'timezone': {'offset': '+6:00', 'description': 'Almaty, Dhaka, Colombo'}}, 'email': 'ali.yilmazer@example.com', 'login': {'uuid': '0ecffa24-5a1d-4093-a2d8-6eb583e8bf43', 'username': 'ticklishleopard468', 'password': 'bullet', 'salt': 'vNeZdIoQ', 'md5': '1cccfdffd3453c689eb8554fe49f595b', 'sha1': '3c560c9d14e02cb71a3a0360f20004633b3ab74f', 'sha256': 'aa35413bbdca01156a62278f5f744b3ed2ab3f2b66a1d46f6152595e0916a077'}, 'dob': {'date': '1996-08-10T04:20:14.333Z', 'age': 27}, 'registered': {'date': '2016-08-05T07:58:51.032Z', 'age': 7}, 'phone': '(519)-579-2252', 'cell': '(889)-219-0874', 'id': {'name': '', 'value': None}, 'picture': {'large': 'https://randomuser.me/api/portraits/men/36.jpg', 'medium': 'https://randomuser.me/api/portraits/med/men/36.jpg', 'thumbnail': 'https://randomuser.me/api/portraits/thumb/men/36.jpg'}, 'nat': 'TR'}], 'info': {'seed': '2d108b72ecd10683', 'results': 1, 'page': 1, 'version': '1.4'}}</msg>
<arg>${json_data}</arg>
<doc>Logs the given message with the given level.</doc>
<status status="PASS" start="2024-04-18T18:17:29.660914" elapsed="0.000206"/>
</kw>
<kw name="Should Be Equal As Numbers" owner="BuiltIn">
<arg>${json_data['results'][0]['location']['postcode']}</arg>
<arg>${json_data['results'][0]['location']['postcode']}</arg>
<doc>Fails if objects are unequal after converting them to real numbers.</doc>
<status status="PASS" start="2024-04-18T18:17:29.661534" elapsed="0.000654"/>
</kw>
<kw name="Log" owner="BuiltIn">
<msg time="2024-04-18T18:17:29.662748" level="INFO">34376</msg>
<arg>${json_data['results'][0]['location']['postcode']}</arg>
<doc>Logs the given message with the given level.</doc>
<status status="PASS" start="2024-04-18T18:17:29.662411" elapsed="0.000376"/>
</kw>
<status status="PASS" start="2024-04-18T18:17:29.559260" elapsed="0.103774"/>
</kw>
<doc>Testa se os tipos de dados na resposta da API estão corretos.</doc>
<tag>testeTiposDados</tag>
<status status="PASS" start="2024-04-18T18:17:29.465906" elapsed="0.197280"/>
</test>
<test id="s1-s1-t5" name="Validar conteudo" line="35">
<kw name="Teste de Tipos de Conteudo" owner="random-user-service">
<kw name="GET On Session" owner="RequestsLibrary">
<msg time="2024-04-18T18:17:29.779926" level="INFO">GET Request : url=https://randomuser.me/api 
 path_url=/api 
 headers={'User-Agent': 'python-requests/2.31.0', 'Accept-Encoding': 'gzip, deflate', 'Accept': '*/*', 'Connection': 'keep-alive'} 
 body=None 
 </msg>
<msg time="2024-04-18T18:17:29.779997" level="INFO">GET Response : url=https://randomuser.me/api 
 status=200, reason=OK 
 headers={'Date': 'Thu, 18 Apr 2024 18:17:29 GMT', 'Content-Type': 'application/json; charset=utf-8', 'Transfer-Encoding': 'chunked', 'Connection': 'keep-alive', 'X-Powered-By': 'Express', 'Access-Control-Allow-Origin': '*', 'Cache-Control': 'no-cache', 'ETag': 'W/"4a8-vbLPBvStN/Y7hOQfxTGz0yQtIZ0"', 'Vary': 'Accept-Encoding', 'Content-Encoding': 'gzip', 'CF-Cache-Status': 'DYNAMIC', 'Report-To': '{"endpoints":[{"url":"https:\\/\\/a.nel.cloudflare.com\\/report\\/v4?s=hb96x4jXt0vHHegPpKAkjt%2Bg5cm%2FKepJg0WHk9H37%2BOh9uSTlaRNVvfaBkiPR0Il217qXyMhu8W7GRTcEm4j8p%2BR2nOkJrAgWuoE8GNT9r7Ob5wbodDDgoJ2Ldrp9ZGd"}],"group":"cf-nel","max_age":604800}', 'NEL': '{"success_fraction":0,"report_to":"cf-nel","max_age":604800}', 'Server': 'cloudflare', 'CF-RAY': '8766a6e86e33cf41-SJC', 'alt-svc': 'h3=":443"; ma=86400'} 
 body={"results":[{"gender":"female","name":{"title":"Ms","first":"Kayla","last":"Macrae"},"location":{"street":{"number":5533,"name":"High Street"},"city":"Leeds","state":"Worcestershire","country":"United Kingdom","postcode":"N4I 1JY","coordinates":{"latitude":"-12.0889","longitude":"139.5316"},"timezone":{"offset":"+5:00","description":"Ekaterinburg, Islamabad, Karachi, Tashkent"}},"email":"kayla.macrae@example.com","login":{"uuid":"88ca847f-b5af-4993-b7f0-a8850c6aada9","username":"angrymouse600","password":"yoyo","salt":"wN0KJo8C","md5":"046c970db473e44fdb4dd819f56eda7a","sha1":"0433a9c9beddf597a0e1a7c24a2f8ed03b47cc92","sha256":"8f56d8996acf51fe5f58c3c16dfc1a47d4dafa89d2b7d01c17bd9452992f6ed9"},"dob":{"date":"1975-02-16T11:52:50.579Z","age":49},"registered":{"date":"2009-08-02T19:50:39.974Z","age":14},"phone":"0112356 331 5354","cell":"07312 348233","id":{"name":"NINO","value":"ET 88 85 67 G"},"picture":{"large":"https://randomuser.me/api/portraits/women/4.jpg","medium":"https://randomuser.me/api/portraits/med/women/4.jpg","thumbnail":"https://randomuser.me/api/portraits/thumb/women/4.jpg"},"nat":"GB"}],"info":{"seed":"2f589c2b8543b4cd","results":1,"page":1,"version":"1.4"}} 
 </msg>
<msg time="2024-04-18T18:17:29.780052" level="INFO">/opt/hostedtoolcache/Python/3.12.3/x64/lib/python3.12/site-packages/urllib3/connectionpool.py:1103: InsecureRequestWarning: Unverified HTTPS request is being made to host 'randomuser.me'. Adding certificate verification is strongly advised. See: https://urllib3.readthedocs.io/en/latest/advanced-usage.html#tls-warnings
  warnings.warn(</msg>
<msg time="2024-04-18T18:17:29.780158" level="INFO">${response} = &lt;Response [200]&gt;</msg>
<var>${response}</var>
<arg>consultarAPI</arg>
<arg>/api</arg>
<doc>Sends a GET request on a previously created HTTP Session.</doc>
<status status="PASS" start="2024-04-18T18:17:29.665551" elapsed="0.114648"/>
</kw>
<kw name="Set Variable" owner="BuiltIn">
<msg time="2024-04-18T18:17:29.781012" level="INFO">${json_data} = {'results': [{'gender': 'female', 'name': {'title': 'Ms', 'first': 'Kayla', 'last': 'Macrae'}, 'location': {'street': {'number': 5533, 'name': 'High Street'}, 'city': 'Leeds', 'state': 'Worcestershire...</msg>
<var>${json_data}</var>
<arg>${response.json()}</arg>
<doc>Returns the given values which can then be assigned to a variables.</doc>
<status status="PASS" start="2024-04-18T18:17:29.780583" elapsed="0.000456"/>
</kw>
<kw name="Set Variable" owner="BuiltIn">
<msg time="2024-04-18T18:17:29.781725" level="INFO">${name_title} = Ms</msg>
<var>${name_title}</var>
<arg>${json_data["results"][0]["name"]["title"]}</arg>
<doc>Returns the given values which can then be assigned to a variables.</doc>
<status status="PASS" start="2024-04-18T18:17:29.781339" elapsed="0.000410"/>
</kw>
<kw name="Create List" owner="BuiltIn">
<msg time="2024-04-18T18:17:29.782249" level="INFO">${allowed_titles} = ['Mr', 'Ms', 'Miss', 'Mrs', 'Madame', 'Monsieur']</msg>
<var>${allowed_titles}</var>
<arg>Mr</arg>
<arg>Ms</arg>
<arg>Miss</arg>
<arg>Mrs</arg>
<arg>Madame</arg>
<arg>Monsieur</arg>
<doc>Returns a list containing given items.</doc>
<status status="PASS" start="2024-04-18T18:17:29.782097" elapsed="0.000176"/>
</kw>
<kw name="List Should Contain Value" owner="Collections">
<msg time="2024-04-18T18:17:29.782734" level="INFO">False</msg>
<arg>${allowed_titles}</arg>
<arg>${name_title}</arg>
<doc>Fails if the ``value`` is not found from ``list``.</doc>
<status status="PASS" start="2024-04-18T18:17:29.782569" elapsed="0.000200"/>
</kw>
<kw name="Set Variable" owner="BuiltIn">
<msg time="2024-04-18T18:17:29.783436" level="INFO">${name_country} = GB</msg>
<var>${name_country}</var>
<arg>${json_data["results"][0]["nat"]}</arg>
<doc>Returns the given values which can then be assigned to a variables.</doc>
<status status="PASS" start="2024-04-18T18:17:29.783054" elapsed="0.000407"/>
</kw>
<kw name="Create List" owner="BuiltIn">
<msg time="2024-04-18T18:17:29.784343" level="INFO">${list_country} = ['AD', 'AE', 'AF', 'AG', 'AI', 'AL', 'AM', 'AO', 'AQ', 'AR', 'AS', 'AT', 'AU', 'AW', 'AX', 'AZ', 'BA', 'BB', 'BD', 'BE', 'BF', 'BG', 'BH', 'BI', 'BJ', 'BL', 'BM', 'BN', 'BO', 'BQ', 'BR', 'BS', 'BT', '...</msg>
<var>${list_country}</var>
<arg>AD</arg>
<arg>AE</arg>
<arg>AF</arg>
<arg>AG</arg>
<arg>AI</arg>
<arg>AL</arg>
<arg>AM</arg>
<arg>AO</arg>
<arg>AQ</arg>
<arg>AR</arg>
<arg>AS</arg>
<arg>AT</arg>
<arg>AU</arg>
<arg>AW</arg>
<arg>AX</arg>
<arg>AZ</arg>
<arg>BA</arg>
<arg>BB</arg>
<arg>BD</arg>
<arg>BE</arg>
<arg>BF</arg>
<arg>BG</arg>
<arg>BH</arg>
<arg>BI</arg>
<arg>BJ</arg>
<arg>BL</arg>
<arg>BM</arg>
<arg>BN</arg>
<arg>BO</arg>
<arg>BQ</arg>
<arg>BR</arg>
<arg>BS</arg>
<arg>BT</arg>
<arg>BV</arg>
<arg>BW</arg>
<arg>BY</arg>
<arg>BZ</arg>
<arg>CA</arg>
<arg>CC</arg>
<arg>CD</arg>
<arg>CF</arg>
<arg>CG</arg>
<arg>CH</arg>
<arg>CI</arg>
<arg>CK</arg>
<arg>CL</arg>
<arg>CM</arg>
<arg>CN</arg>
<arg>CO</arg>
<arg>CR</arg>
<arg>CU</arg>
<arg>CV</arg>
<arg>CW</arg>
<arg>CX</arg>
<arg>CY</arg>
<arg>CZ</arg>
<arg>DE</arg>
<arg>DJ</arg>
<arg>DK</arg>
<arg>DM</arg>
<arg>DO</arg>
<arg>DZ</arg>
<arg>EC</arg>
<arg>EE</arg>
<arg>EG</arg>
<arg>EH</arg>
<arg>ER</arg>
<arg>ES</arg>
<arg>ET</arg>
<arg>FI</arg>
<arg>FJ</arg>
<arg>FK</arg>
<arg>FM</arg>
<arg>FO</arg>
<arg>FR</arg>
<arg>GA</arg>
<arg>GB</arg>
<arg>GD</arg>
<arg>GE</arg>
<arg>GF</arg>
<arg>GG</arg>
<arg>GH</arg>
<arg>GI</arg>
<arg>GL</arg>
<arg>GM</arg>
<arg>GN</arg>
<arg>GP</arg>
<arg>GQ</arg>
<arg>GR</arg>
<arg>GS</arg>
<arg>GT</arg>
<arg>GU</arg>
<arg>GW</arg>
<arg>GY</arg>
<arg>HK</arg>
<arg>HM</arg>
<arg>HN</arg>
<arg>HR</arg>
<arg>HT</arg>
<arg>HU</arg>
<arg>ID</arg>
<arg>IE</arg>
<arg>IL</arg>
<arg>IM</arg>
<arg>IN</arg>
<arg>IO</arg>
<arg>IQ</arg>
<arg>IR</arg>
<arg>IS</arg>
<arg>IT</arg>
<arg>JE</arg>
<arg>JM</arg>
<arg>JO</arg>
<arg>JP</arg>
<arg>KE</arg>
<arg>KG</arg>
<arg>KH</arg>
<arg>KI</arg>
<arg>KM</arg>
<arg>KN</arg>
<arg>KP</arg>
<arg>KR</arg>
<arg>KW</arg>
<arg>KY</arg>
<arg>KZ</arg>
<arg>LA</arg>
<arg>LB</arg>
<arg>LC</arg>
<arg>LI</arg>
<arg>LK</arg>
<arg>LR</arg>
<arg>LS</arg>
<arg>LT</arg>
<arg>LU</arg>
<arg>LV</arg>
<arg>LY</arg>
<arg>MA</arg>
<arg>MC</arg>
<arg>MD</arg>
<arg>ME</arg>
<arg>MF</arg>
<arg>MG</arg>
<arg>MH</arg>
<arg>MK</arg>
<arg>ML</arg>
<arg>MM</arg>
<arg>MN</arg>
<arg>MO</arg>
<arg>MP</arg>
<arg>MQ</arg>
<arg>MR</arg>
<arg>MS</arg>
<arg>MT</arg>
<arg>MU</arg>
<arg>MV</arg>
<arg>MW</arg>
<arg>MX</arg>
<arg>MY</arg>
<arg>MZ</arg>
<arg>NA</arg>
<arg>NC</arg>
<arg>NE</arg>
<arg>NF</arg>
<arg>NG</arg>
<arg>NI</arg>
<arg>NL</arg>
<arg>NO</arg>
<arg>NP</arg>
<arg>NR</arg>
<arg>NU</arg>
<arg>NZ</arg>
<arg>OM</arg>
<arg>PA</arg>
<arg>PE</arg>
<arg>PF</arg>
<arg>PG</arg>
<arg>PH</arg>
<arg>PK</arg>
<arg>PL</arg>
<arg>PM</arg>
<arg>PN</arg>
<arg>PR</arg>
<arg>PS</arg>
<arg>PT</arg>
<arg>PW</arg>
<arg>PY</arg>
<arg>QA</arg>
<arg>RE</arg>
<arg>RO</arg>
<arg>RS</arg>
<arg>RU</arg>
<arg>RW</arg>
<arg>SA</arg>
<arg>SB</arg>
<arg>SC</arg>
<arg>SD</arg>
<arg>SE</arg>
<arg>SG</arg>
<arg>SH</arg>
<arg>SI</arg>
<arg>SJ</arg>
<arg>SK</arg>
<arg>SL</arg>
<arg>SM</arg>
<arg>SN</arg>
<arg>SO</arg>
<arg>SR</arg>
<arg>SS</arg>
<arg>ST</arg>
<arg>SV</arg>
<arg>SX</arg>
<arg>SY</arg>
<arg>SZ</arg>
<arg>TC</arg>
<arg>TD</arg>
<arg>TF</arg>
<arg>TG</arg>
<arg>TH</arg>
<arg>TJ</arg>
<arg>TK</arg>
<arg>TL</arg>
<arg>TM</arg>
<arg>TN</arg>
<arg>TO</arg>
<arg>TR</arg>
<arg>TT</arg>
<arg>TV</arg>
<arg>TW</arg>
<arg>TZ</arg>
<arg>UA</arg>
<arg>UG</arg>
<arg>UM</arg>
<arg>US</arg>
<arg>UY</arg>
<arg>UZ</arg>
<arg>VA</arg>
<arg>VC</arg>
<arg>VE</arg>
<arg>VG</arg>
<arg>VI</arg>
<arg>VN</arg>
<arg>VU</arg>
<arg>WF</arg>
<arg>WS</arg>
<arg>XK</arg>
<arg>YE</arg>
<arg>YT</arg>
<arg>ZA</arg>
<arg>ZM</arg>
<arg>ZW</arg>
<doc>Returns a list containing given items.</doc>
<status status="PASS" start="2024-04-18T18:17:29.783756" elapsed="0.000612"/>
</kw>
<kw name="List Should Contain Value" owner="Collections">
<msg time="2024-04-18T18:17:29.785350" level="INFO">False</msg>
<arg>${list_country}</arg>
<arg>${name_country}</arg>
<doc>Fails if the ``value`` is not found from ``list``.</doc>
<status status="PASS" start="2024-04-18T18:17:29.785155" elapsed="0.000231"/>
</kw>
<kw name="Run Keyword If" owner="BuiltIn">
<kw name="Should Be True" owner="BuiltIn">
<arg>${True}</arg>
<doc>Fails if the given condition is not true.</doc>
<status status="PASS" start="2024-04-18T18:17:29.786464" elapsed="0.000241"/>
</kw>
<arg>${json_data["results"][0]["location"]["coordinates"]["latitude"]} &gt;= -90 and ${json_data["results"][0]["location"]["coordinates"]["latitude"]} &lt;= 90</arg>
<arg>Should Be True</arg>
<arg>${True}</arg>
<doc>Runs the given keyword with the given arguments, if ``condition`` is true.</doc>
<status status="PASS" start="2024-04-18T18:17:29.785690" elapsed="0.001152"/>
</kw>
<kw name="Run Keyword If" owner="BuiltIn">
<kw name="Should Be True" owner="BuiltIn">
<arg>${True}</arg>
<doc>Fails if the given condition is not true.</doc>
<status status="PASS" start="2024-04-18T18:17:29.787733" elapsed="0.000138"/>
</kw>
<arg>${json_data["results"][0]["location"]["coordinates"]["longitude"]} &gt;= -180 and ${json_data["results"][0]["location"]["coordinates"]["longitude"]} &lt;= 180</arg>
<arg>Should Be True</arg>
<arg>${True}</arg>
<doc>Runs the given keyword with the given arguments, if ``condition`` is true.</doc>
<status status="PASS" start="2024-04-18T18:17:29.787028" elapsed="0.000965"/>
</kw>
<status status="PASS" start="2024-04-18T18:17:29.665336" elapsed="0.122785"/>
</kw>
<doc>Testa o conteúdo específico dos campos retornados pela API.</doc>
<tag>testeConteudo</tag>
<status status="PASS" start="2024-04-18T18:17:29.664906" elapsed="0.123356"/>
</test>
<status status="PASS" start="2024-04-18T18:17:28.799530" elapsed="0.990657"/>
</suite>
<status status="PASS" start="2024-04-18T18:17:28.786004" elapsed="1.009254"/>
</suite>
<statistics>
<total>
<stat pass="5" fail="0" skip="0">All Tests</stat>
</total>
<tag>
<stat pass="1" fail="0" skip="0">testeConteudo</stat>
<stat pass="1" fail="0" skip="0">testeEstruturaResposta</stat>
<stat pass="1" fail="0" skip="0">testeRequisicaoBasica</stat>
<stat pass="1" fail="0" skip="0">testeTiposDados</stat>
</tag>
<suite>
<stat pass="5" fail="0" skip="0" id="s1" name="Tests">Tests</stat>
<stat pass="5" fail="0" skip="0" id="s1-s1" name="Random-User-Test">Tests.Random-User-Test</stat>
</suite>
</statistics>
<errors>
</errors>
</robot>
