<?xml version="1.0" encoding="UTF-8"?>
<robot generator="Robot 7.0.1 (Python 3.12.4 on linux)" generated="2024-07-14T06:23:24.668943" rpa="false" schemaversion="5">
<suite id="s1" name="Tests" source="/home/runner/work/ApiRandomUser/ApiRandomUser/RamdonUser/tests">
<suite id="s1-s1" name="Random-User-Test" source="/home/runner/work/ApiRandomUser/ApiRandomUser/RamdonUser/tests/random-user-test.robot">
<test id="s1-s1-t1" name="Conectar" line="13">
<kw name="Conectar API" owner="random-user-service">
<kw name="Create Session" owner="RequestsLibrary">
<msg time="2024-07-14T06:23:25.064260" level="INFO">Creating Session using : alias=consultarAPI, url=https://randomuser.me/, headers={},                     cookies={}, auth=None, timeout=None, proxies=None, verify=False,                     debug=0 </msg>
<arg>consultarAPI</arg>
<arg>${URL}</arg>
<doc>Create Session: create a HTTP session to a server</doc>
<status status="PASS" start="2024-07-14T06:23:25.064064" elapsed="0.000364"/>
</kw>
<status status="PASS" start="2024-07-14T06:23:25.063116" elapsed="0.001664"/>
</kw>
<status status="PASS" start="2024-07-14T06:23:25.062572" elapsed="0.002401"/>
</test>
<test id="s1-s1-t2" name="Validar retorno 200 e JSON Válido" line="16">
<kw name="Teste de Requisicao Basica" owner="random-user-service">
<kw name="GET On Session" owner="RequestsLibrary">
<msg time="2024-07-14T06:23:25.466708" level="INFO">GET Request : url=https://randomuser.me/api 
 path_url=/api 
 headers={'User-Agent': 'python-requests/2.32.3', 'Accept-Encoding': 'gzip, deflate', 'Accept': '*/*', 'Connection': 'keep-alive'} 
 body=None 
 </msg>
<msg time="2024-07-14T06:23:25.466843" level="INFO">GET Response : url=https://randomuser.me/api 
 status=200, reason=OK 
 headers={'Date': 'Sun, 14 Jul 2024 06:23:25 GMT', 'Content-Type': 'application/json; charset=utf-8', 'Transfer-Encoding': 'chunked', 'Connection': 'keep-alive', 'X-Powered-By': 'Express', 'Access-Control-Allow-Origin': '*', 'Cache-Control': 'no-cache', 'ETag': 'W/"492-yVV67KiTSAVjRiAvIHAsSfIkFiE"', 'Vary': 'Accept-Encoding', 'Content-Encoding': 'gzip', 'CF-Cache-Status': 'DYNAMIC', 'Report-To': '{"endpoints":[{"url":"https:\\/\\/a.nel.cloudflare.com\\/report\\/v4?s=YX7vLtzbdb2GWvtM3GmI751QjqQ%2FD1SSeDu7lY6evtlARLcPrNT4sjQJ3yWKSHxDqmGTW%2BdY6w%2FQNhtrn3gxXnBgNlusNFE03nHz%2FeEiqB62b9RmgZCtdrZorAIofyff"}],"group":"cf-nel","max_age":604800}', 'NEL': '{"success_fraction":0,"report_to":"cf-nel","max_age":604800}', 'Server': 'cloudflare', 'CF-RAY': '8a2f6c860dc59c37-IAD', 'alt-svc': 'h3=":443"; ma=86400'} 
 body={"results":[{"gender":"female","name":{"title":"Miss","first":"Brooklyn","last":"Kumar"},"location":{"street":{"number":9484,"name":"Pakowhai Road"},"city":"Wellington","state":"Marlborough","country":"New Zealand","postcode":67517,"coordinates":{"latitude":"49.6983","longitude":"120.3263"},"timezone":{"offset":"-7:00","description":"Mountain Time (US &amp; Canada)"}},"email":"brooklyn.kumar@example.com","login":{"uuid":"2623fae6-a391-4f48-9616-f78c583e23ea","username":"greenzebra531","password":"babydoll","salt":"mLg0sHxy","md5":"6f7493d8b45d779331f63337de437181","sha1":"9e8610afc38b90e5141e4742e6986f5af026ef79","sha256":"4925a81b2898b42ffae0850931eb85c1ef295b57336c09155b66764517bead64"},"dob":{"date":"1974-01-08T19:45:41.707Z","age":50},"registered":{"date":"2018-03-15T03:24:43.775Z","age":6},"phone":"(529)-129-6896","cell":"(918)-604-5726","id":{"name":"","value":null},"picture":{"large":"https://randomuser.me/api/portraits/women/34.jpg","medium":"https://randomuser.me/api/portraits/med/women/34.jpg","thumbnail":"https://randomuser.me/api/portraits/thumb/women/34.jpg"},"nat":"NZ"}],"info":{"seed":"4b9f0512e21ea59f","results":1,"page":1,"version":"1.4"}} 
 </msg>
<msg time="2024-07-14T06:23:25.466921" level="INFO">/opt/hostedtoolcache/Python/3.12.4/x64/lib/python3.12/site-packages/urllib3/connectionpool.py:1099: InsecureRequestWarning: Unverified HTTPS request is being made to host 'randomuser.me'. Adding certificate verification is strongly advised. See: https://urllib3.readthedocs.io/en/latest/advanced-usage.html#tls-warnings
  warnings.warn(</msg>
<msg time="2024-07-14T06:23:25.467090" level="INFO">${response} = &lt;Response [200]&gt;</msg>
<var>${response}</var>
<arg>consultarAPI</arg>
<arg>/api</arg>
<doc>Sends a GET request on a previously created HTTP Session.</doc>
<status status="PASS" start="2024-07-14T06:23:25.067550" elapsed="0.399589"/>
</kw>
<kw name="Should Be Equal As Numbers" owner="BuiltIn">
<msg time="2024-07-14T06:23:25.468078" level="INFO">Argument types are:
&lt;class 'int'&gt;
&lt;class 'str'&gt;</msg>
<arg>${response.status_code}</arg>
<arg>200</arg>
<doc>Fails if objects are unequal after converting them to real numbers.</doc>
<status status="PASS" start="2024-07-14T06:23:25.467625" elapsed="0.000518"/>
</kw>
<kw name="Log" owner="BuiltIn">
<msg time="2024-07-14T06:23:25.468811" level="INFO">200</msg>
<arg>${response.status_code}</arg>
<doc>Logs the given message with the given level.</doc>
<status status="PASS" start="2024-07-14T06:23:25.468460" elapsed="0.000393"/>
</kw>
<kw name="Set Variable" owner="BuiltIn">
<msg time="2024-07-14T06:23:25.469631" level="INFO">${json_data} = {'results': [{'gender': 'female', 'name': {'title': 'Miss', 'first': 'Brooklyn', 'last': 'Kumar'}, 'location': {'street': {'number': 9484, 'name': 'Pakowhai Road'}, 'city': 'Wellington', 'state': 'Mar...</msg>
<var>${json_data}</var>
<arg>${response.json()}</arg>
<doc>Returns the given values which can then be assigned to a variables.</doc>
<status status="PASS" start="2024-07-14T06:23:25.469170" elapsed="0.000490"/>
</kw>
<kw name="Dictionary Should Contain Key" owner="Collections">
<arg>${json_data}</arg>
<arg>results</arg>
<doc>Fails if ``key`` is not found from ``dictionary``.</doc>
<status status="PASS" start="2024-07-14T06:23:25.469952" elapsed="0.000161"/>
</kw>
<status status="PASS" start="2024-07-14T06:23:25.067301" elapsed="0.402958"/>
</kw>
<doc>Testa se a API responde corretamente e retorna um objeto JSON válido.</doc>
<tag>testeRequisicaoBasica</tag>
<status status="PASS" start="2024-07-14T06:23:25.066822" elapsed="0.403613"/>
</test>
<test id="s1-s1-t3" name="Validar estrutura de resposta" line="22">
<kw name="Teste de Estrutura de Resposta" owner="random-user-service">
<kw name="GET On Session" owner="RequestsLibrary">
<msg time="2024-07-14T06:23:25.603188" level="INFO">GET Request : url=https://randomuser.me/api 
 path_url=/api 
 headers={'User-Agent': 'python-requests/2.32.3', 'Accept-Encoding': 'gzip, deflate', 'Accept': '*/*', 'Connection': 'keep-alive'} 
 body=None 
 </msg>
<msg time="2024-07-14T06:23:25.603276" level="INFO">GET Response : url=https://randomuser.me/api 
 status=200, reason=OK 
 headers={'Date': 'Sun, 14 Jul 2024 06:23:25 GMT', 'Content-Type': 'application/json; charset=utf-8', 'Transfer-Encoding': 'chunked', 'Connection': 'keep-alive', 'X-Powered-By': 'Express', 'Access-Control-Allow-Origin': '*', 'Cache-Control': 'no-cache', 'ETag': 'W/"492-C9+ezF8A/OMka+PW5V4YbR8vdIA"', 'Vary': 'Accept-Encoding', 'Content-Encoding': 'gzip', 'CF-Cache-Status': 'DYNAMIC', 'Report-To': '{"endpoints":[{"url":"https:\\/\\/a.nel.cloudflare.com\\/report\\/v4?s=V3LK20Ywa%2BUkrf7qehcJ%2FOSYh66IpF0vq19OrmjB1mbypUcUJS7xbkr2937x3kMChGszfd55CeQJPNu61oyE4D6zkx3ftsbKTE6%2FgwuMz1LfFKxz01Y0W8VkdzkrJvUg"}],"group":"cf-nel","max_age":604800}', 'NEL': '{"success_fraction":0,"report_to":"cf-nel","max_age":604800}', 'Server': 'cloudflare', 'CF-RAY': '8a2f6c884f579c37-IAD', 'alt-svc': 'h3=":443"; ma=86400'} 
 body={"results":[{"gender":"male","name":{"title":"Mr","first":"Manuel","last":"Jaimes"},"location":{"street":{"number":9409,"name":"Calzada Gastélum"},"city":"San Marcos","state":"Yucatan","country":"Mexico","postcode":60209,"coordinates":{"latitude":"27.4745","longitude":"-48.9520"},"timezone":{"offset":"-7:00","description":"Mountain Time (US &amp; Canada)"}},"email":"manuel.jaimes@example.com","login":{"uuid":"a72f4bf8-3769-4aa8-ad68-cb8ec66eb26b","username":"happyleopard791","password":"soccer","salt":"nDyKPPFx","md5":"4e8056b5c1eed22a71d2f666014ff214","sha1":"b899c012ccf821bc6c026a625af270fd290f6273","sha256":"c29141b653187a75780896c7e925ac0d1c0a1347389c8ee9812665392615e8bf"},"dob":{"date":"1986-04-02T23:41:16.436Z","age":38},"registered":{"date":"2013-03-16T18:05:12.844Z","age":11},"phone":"(674) 487 1377","cell":"(637) 836 4674","id":{"name":"NSS","value":"39 94 91 6873 0"},"picture":{"large":"https://randomuser.me/api/portraits/men/93.jpg","medium":"https://randomuser.me/api/portraits/med/men/93.jpg","thumbnail":"https://randomuser.me/api/portraits/thumb/men/93.jpg"},"nat":"MX"}],"info":{"seed":"c09a6a54f22d38e1","results":1,"page":1,"version":"1.4"}} 
 </msg>
<msg time="2024-07-14T06:23:25.603404" level="INFO">/opt/hostedtoolcache/Python/3.12.4/x64/lib/python3.12/site-packages/urllib3/connectionpool.py:1099: InsecureRequestWarning: Unverified HTTPS request is being made to host 'randomuser.me'. Adding certificate verification is strongly advised. See: https://urllib3.readthedocs.io/en/latest/advanced-usage.html#tls-warnings
  warnings.warn(</msg>
<msg time="2024-07-14T06:23:25.603521" level="INFO">${response} = &lt;Response [200]&gt;</msg>
<var>${response}</var>
<arg>consultarAPI</arg>
<arg>/api</arg>
<doc>Sends a GET request on a previously created HTTP Session.</doc>
<status status="PASS" start="2024-07-14T06:23:25.472991" elapsed="0.130579"/>
</kw>
<kw name="Set Variable" owner="BuiltIn">
<msg time="2024-07-14T06:23:25.604433" level="INFO">${json_data} = {'results': [{'gender': 'male', 'name': {'title': 'Mr', 'first': 'Manuel', 'last': 'Jaimes'}, 'location': {'street': {'number': 9409, 'name': 'Calzada Gastélum'}, 'city': 'San Marcos', 'state': 'Yucat...</msg>
<var>${json_data}</var>
<arg>${response.json()}</arg>
<doc>Returns the given values which can then be assigned to a variables.</doc>
<status status="PASS" start="2024-07-14T06:23:25.603976" elapsed="0.000486"/>
</kw>
<kw name="Log" owner="BuiltIn">
<msg time="2024-07-14T06:23:25.604923" level="INFO">{'results': [{'gender': 'male', 'name': {'title': 'Mr', 'first': 'Manuel', 'last': 'Jaimes'}, 'location': {'street': {'number': 9409, 'name': 'Calzada Gastélum'}, 'city': 'San Marcos', 'state': 'Yucatan', 'country': 'Mexico', 'postcode': 60209, 'coordinates': {'latitude': '27.4745', 'longitude': '-48.9520'}, 'timezone': {'offset': '-7:00', 'description': 'Mountain Time (US &amp; Canada)'}}, 'email': 'manuel.jaimes@example.com', 'login': {'uuid': 'a72f4bf8-3769-4aa8-ad68-cb8ec66eb26b', 'username': 'happyleopard791', 'password': 'soccer', 'salt': 'nDyKPPFx', 'md5': '4e8056b5c1eed22a71d2f666014ff214', 'sha1': 'b899c012ccf821bc6c026a625af270fd290f6273', 'sha256': 'c29141b653187a75780896c7e925ac0d1c0a1347389c8ee9812665392615e8bf'}, 'dob': {'date': '1986-04-02T23:41:16.436Z', 'age': 38}, 'registered': {'date': '2013-03-16T18:05:12.844Z', 'age': 11}, 'phone': '(674) 487 1377', 'cell': '(637) 836 4674', 'id': {'name': 'NSS', 'value': '39 94 91 6873 0'}, 'picture': {'large': 'https://randomuser.me/api/portraits/men/93.jpg', 'medium': 'https://randomuser.me/api/portraits/med/men/93.jpg', 'thumbnail': 'https://randomuser.me/api/portraits/thumb/men/93.jpg'}, 'nat': 'MX'}], 'info': {'seed': 'c09a6a54f22d38e1', 'results': 1, 'page': 1, 'version': '1.4'}}</msg>
<arg>${json_data}</arg>
<doc>Logs the given message with the given level.</doc>
<status status="PASS" start="2024-07-14T06:23:25.604765" elapsed="0.000208"/>
</kw>
<kw name="Dictionary Should Contain Key" owner="Collections">
<arg>${json_data}</arg>
<arg>results</arg>
<doc>Fails if ``key`` is not found from ``dictionary``.</doc>
<status status="PASS" start="2024-07-14T06:23:25.605262" elapsed="0.000159"/>
</kw>
<kw name="Should Not Be Empty" owner="BuiltIn">
<msg time="2024-07-14T06:23:25.605736" level="INFO">Length is 2.</msg>
<arg>${json_data}</arg>
<doc>Verifies that the given item is not empty.</doc>
<status status="PASS" start="2024-07-14T06:23:25.605604" elapsed="0.000170"/>
</kw>
<kw name="Create List" owner="BuiltIn">
<msg time="2024-07-14T06:23:25.606215" level="INFO">${expected_keys} = ['gender', 'name', 'location', 'email', 'login']</msg>
<var>${expected_keys}</var>
<arg>gender</arg>
<arg>name</arg>
<arg>location</arg>
<arg>email</arg>
<arg>login</arg>
<doc>Returns a list containing given items.</doc>
<status status="PASS" start="2024-07-14T06:23:25.606062" elapsed="0.000177"/>
</kw>
<for flavor="IN">
<iter>
<kw name="Dictionary Should Contain Key" owner="Collections">
<arg>${json_data['results'][0]}</arg>
<arg>${key}</arg>
<doc>Fails if ``key`` is not found from ``dictionary``.</doc>
<status status="PASS" start="2024-07-14T06:23:25.606951" elapsed="0.000420"/>
</kw>
<kw name="Log" owner="BuiltIn">
<msg time="2024-07-14T06:23:25.607926" level="INFO">{'gender': 'male', 'name': {'title': 'Mr', 'first': 'Manuel', 'last': 'Jaimes'}, 'location': {'street': {'number': 9409, 'name': 'Calzada Gastélum'}, 'city': 'San Marcos', 'state': 'Yucatan', 'country': 'Mexico', 'postcode': 60209, 'coordinates': {'latitude': '27.4745', 'longitude': '-48.9520'}, 'timezone': {'offset': '-7:00', 'description': 'Mountain Time (US &amp; Canada)'}}, 'email': 'manuel.jaimes@example.com', 'login': {'uuid': 'a72f4bf8-3769-4aa8-ad68-cb8ec66eb26b', 'username': 'happyleopard791', 'password': 'soccer', 'salt': 'nDyKPPFx', 'md5': '4e8056b5c1eed22a71d2f666014ff214', 'sha1': 'b899c012ccf821bc6c026a625af270fd290f6273', 'sha256': 'c29141b653187a75780896c7e925ac0d1c0a1347389c8ee9812665392615e8bf'}, 'dob': {'date': '1986-04-02T23:41:16.436Z', 'age': 38}, 'registered': {'date': '2013-03-16T18:05:12.844Z', 'age': 11}, 'phone': '(674) 487 1377', 'cell': '(637) 836 4674', 'id': {'name': 'NSS', 'value': '39 94 91 6873 0'}, 'picture': {'large': 'https://randomuser.me/api/portraits/men/93.jpg', 'medium': 'https://randomuser.me/api/portraits/med/men/93.jpg', 'thumbnail': 'https://randomuser.me/api/portraits/thumb/men/93.jpg'}, 'nat': 'MX'}</msg>
<arg>${json_data['results'][0]}</arg>
<doc>Logs the given message with the given level.</doc>
<status status="PASS" start="2024-07-14T06:23:25.607561" elapsed="0.000417"/>
</kw>
<kw name="Log" owner="BuiltIn">
<msg time="2024-07-14T06:23:25.608405" level="INFO">gender</msg>
<arg>${key}</arg>
<doc>Logs the given message with the given level.</doc>
<status status="PASS" start="2024-07-14T06:23:25.608277" elapsed="0.000166"/>
</kw>
<var name="${key}">gender</var>
<status status="PASS" start="2024-07-14T06:23:25.606823" elapsed="0.001837"/>
</iter>
<iter>
<kw name="Dictionary Should Contain Key" owner="Collections">
<arg>${json_data['results'][0]}</arg>
<arg>${key}</arg>
<doc>Fails if ``key`` is not found from ``dictionary``.</doc>
<status status="PASS" start="2024-07-14T06:23:25.608954" elapsed="0.000383"/>
</kw>
<kw name="Log" owner="BuiltIn">
<msg time="2024-07-14T06:23:25.609865" level="INFO">{'gender': 'male', 'name': {'title': 'Mr', 'first': 'Manuel', 'last': 'Jaimes'}, 'location': {'street': {'number': 9409, 'name': 'Calzada Gastélum'}, 'city': 'San Marcos', 'state': 'Yucatan', 'country': 'Mexico', 'postcode': 60209, 'coordinates': {'latitude': '27.4745', 'longitude': '-48.9520'}, 'timezone': {'offset': '-7:00', 'description': 'Mountain Time (US &amp; Canada)'}}, 'email': 'manuel.jaimes@example.com', 'login': {'uuid': 'a72f4bf8-3769-4aa8-ad68-cb8ec66eb26b', 'username': 'happyleopard791', 'password': 'soccer', 'salt': 'nDyKPPFx', 'md5': '4e8056b5c1eed22a71d2f666014ff214', 'sha1': 'b899c012ccf821bc6c026a625af270fd290f6273', 'sha256': 'c29141b653187a75780896c7e925ac0d1c0a1347389c8ee9812665392615e8bf'}, 'dob': {'date': '1986-04-02T23:41:16.436Z', 'age': 38}, 'registered': {'date': '2013-03-16T18:05:12.844Z', 'age': 11}, 'phone': '(674) 487 1377', 'cell': '(637) 836 4674', 'id': {'name': 'NSS', 'value': '39 94 91 6873 0'}, 'picture': {'large': 'https://randomuser.me/api/portraits/men/93.jpg', 'medium': 'https://randomuser.me/api/portraits/med/men/93.jpg', 'thumbnail': 'https://randomuser.me/api/portraits/thumb/men/93.jpg'}, 'nat': 'MX'}</msg>
<arg>${json_data['results'][0]}</arg>
<doc>Logs the given message with the given level.</doc>
<status status="PASS" start="2024-07-14T06:23:25.609516" elapsed="0.000433"/>
</kw>
<kw name="Log" owner="BuiltIn">
<msg time="2024-07-14T06:23:25.610378" level="INFO">name</msg>
<arg>${key}</arg>
<doc>Logs the given message with the given level.</doc>
<status status="PASS" start="2024-07-14T06:23:25.610249" elapsed="0.000166"/>
</kw>
<var name="${key}">name</var>
<status status="PASS" start="2024-07-14T06:23:25.608843" elapsed="0.001785"/>
</iter>
<iter>
<kw name="Dictionary Should Contain Key" owner="Collections">
<arg>${json_data['results'][0]}</arg>
<arg>${key}</arg>
<doc>Fails if ``key`` is not found from ``dictionary``.</doc>
<status status="PASS" start="2024-07-14T06:23:25.610914" elapsed="0.000411"/>
</kw>
<kw name="Log" owner="BuiltIn">
<msg time="2024-07-14T06:23:25.611858" level="INFO">{'gender': 'male', 'name': {'title': 'Mr', 'first': 'Manuel', 'last': 'Jaimes'}, 'location': {'street': {'number': 9409, 'name': 'Calzada Gastélum'}, 'city': 'San Marcos', 'state': 'Yucatan', 'country': 'Mexico', 'postcode': 60209, 'coordinates': {'latitude': '27.4745', 'longitude': '-48.9520'}, 'timezone': {'offset': '-7:00', 'description': 'Mountain Time (US &amp; Canada)'}}, 'email': 'manuel.jaimes@example.com', 'login': {'uuid': 'a72f4bf8-3769-4aa8-ad68-cb8ec66eb26b', 'username': 'happyleopard791', 'password': 'soccer', 'salt': 'nDyKPPFx', 'md5': '4e8056b5c1eed22a71d2f666014ff214', 'sha1': 'b899c012ccf821bc6c026a625af270fd290f6273', 'sha256': 'c29141b653187a75780896c7e925ac0d1c0a1347389c8ee9812665392615e8bf'}, 'dob': {'date': '1986-04-02T23:41:16.436Z', 'age': 38}, 'registered': {'date': '2013-03-16T18:05:12.844Z', 'age': 11}, 'phone': '(674) 487 1377', 'cell': '(637) 836 4674', 'id': {'name': 'NSS', 'value': '39 94 91 6873 0'}, 'picture': {'large': 'https://randomuser.me/api/portraits/men/93.jpg', 'medium': 'https://randomuser.me/api/portraits/med/men/93.jpg', 'thumbnail': 'https://randomuser.me/api/portraits/thumb/men/93.jpg'}, 'nat': 'MX'}</msg>
<arg>${json_data['results'][0]}</arg>
<doc>Logs the given message with the given level.</doc>
<status status="PASS" start="2024-07-14T06:23:25.611505" elapsed="0.000404"/>
</kw>
<kw name="Log" owner="BuiltIn">
<msg time="2024-07-14T06:23:25.612336" level="INFO">location</msg>
<arg>${key}</arg>
<doc>Logs the given message with the given level.</doc>
<status status="PASS" start="2024-07-14T06:23:25.612209" elapsed="0.000164"/>
</kw>
<var name="${key}">location</var>
<status status="PASS" start="2024-07-14T06:23:25.610806" elapsed="0.001781"/>
</iter>
<iter>
<kw name="Dictionary Should Contain Key" owner="Collections">
<arg>${json_data['results'][0]}</arg>
<arg>${key}</arg>
<doc>Fails if ``key`` is not found from ``dictionary``.</doc>
<status status="PASS" start="2024-07-14T06:23:25.612863" elapsed="0.000385"/>
</kw>
<kw name="Log" owner="BuiltIn">
<msg time="2024-07-14T06:23:25.613786" level="INFO">{'gender': 'male', 'name': {'title': 'Mr', 'first': 'Manuel', 'last': 'Jaimes'}, 'location': {'street': {'number': 9409, 'name': 'Calzada Gastélum'}, 'city': 'San Marcos', 'state': 'Yucatan', 'country': 'Mexico', 'postcode': 60209, 'coordinates': {'latitude': '27.4745', 'longitude': '-48.9520'}, 'timezone': {'offset': '-7:00', 'description': 'Mountain Time (US &amp; Canada)'}}, 'email': 'manuel.jaimes@example.com', 'login': {'uuid': 'a72f4bf8-3769-4aa8-ad68-cb8ec66eb26b', 'username': 'happyleopard791', 'password': 'soccer', 'salt': 'nDyKPPFx', 'md5': '4e8056b5c1eed22a71d2f666014ff214', 'sha1': 'b899c012ccf821bc6c026a625af270fd290f6273', 'sha256': 'c29141b653187a75780896c7e925ac0d1c0a1347389c8ee9812665392615e8bf'}, 'dob': {'date': '1986-04-02T23:41:16.436Z', 'age': 38}, 'registered': {'date': '2013-03-16T18:05:12.844Z', 'age': 11}, 'phone': '(674) 487 1377', 'cell': '(637) 836 4674', 'id': {'name': 'NSS', 'value': '39 94 91 6873 0'}, 'picture': {'large': 'https://randomuser.me/api/portraits/men/93.jpg', 'medium': 'https://randomuser.me/api/portraits/med/men/93.jpg', 'thumbnail': 'https://randomuser.me/api/portraits/thumb/men/93.jpg'}, 'nat': 'MX'}</msg>
<arg>${json_data['results'][0]}</arg>
<doc>Logs the given message with the given level.</doc>
<status status="PASS" start="2024-07-14T06:23:25.613435" elapsed="0.000402"/>
</kw>
<kw name="Log" owner="BuiltIn">
<msg time="2024-07-14T06:23:25.614257" level="INFO">email</msg>
<arg>${key}</arg>
<doc>Logs the given message with the given level.</doc>
<status status="PASS" start="2024-07-14T06:23:25.614130" elapsed="0.000165"/>
</kw>
<var name="${key}">email</var>
<status status="PASS" start="2024-07-14T06:23:25.612757" elapsed="0.001752"/>
</iter>
<iter>
<kw name="Dictionary Should Contain Key" owner="Collections">
<arg>${json_data['results'][0]}</arg>
<arg>${key}</arg>
<doc>Fails if ``key`` is not found from ``dictionary``.</doc>
<status status="PASS" start="2024-07-14T06:23:25.614795" elapsed="0.000423"/>
</kw>
<kw name="Log" owner="BuiltIn">
<msg time="2024-07-14T06:23:25.615749" level="INFO">{'gender': 'male', 'name': {'title': 'Mr', 'first': 'Manuel', 'last': 'Jaimes'}, 'location': {'street': {'number': 9409, 'name': 'Calzada Gastélum'}, 'city': 'San Marcos', 'state': 'Yucatan', 'country': 'Mexico', 'postcode': 60209, 'coordinates': {'latitude': '27.4745', 'longitude': '-48.9520'}, 'timezone': {'offset': '-7:00', 'description': 'Mountain Time (US &amp; Canada)'}}, 'email': 'manuel.jaimes@example.com', 'login': {'uuid': 'a72f4bf8-3769-4aa8-ad68-cb8ec66eb26b', 'username': 'happyleopard791', 'password': 'soccer', 'salt': 'nDyKPPFx', 'md5': '4e8056b5c1eed22a71d2f666014ff214', 'sha1': 'b899c012ccf821bc6c026a625af270fd290f6273', 'sha256': 'c29141b653187a75780896c7e925ac0d1c0a1347389c8ee9812665392615e8bf'}, 'dob': {'date': '1986-04-02T23:41:16.436Z', 'age': 38}, 'registered': {'date': '2013-03-16T18:05:12.844Z', 'age': 11}, 'phone': '(674) 487 1377', 'cell': '(637) 836 4674', 'id': {'name': 'NSS', 'value': '39 94 91 6873 0'}, 'picture': {'large': 'https://randomuser.me/api/portraits/men/93.jpg', 'medium': 'https://randomuser.me/api/portraits/med/men/93.jpg', 'thumbnail': 'https://randomuser.me/api/portraits/thumb/men/93.jpg'}, 'nat': 'MX'}</msg>
<arg>${json_data['results'][0]}</arg>
<doc>Logs the given message with the given level.</doc>
<status status="PASS" start="2024-07-14T06:23:25.615400" elapsed="0.000401"/>
</kw>
<kw name="Log" owner="BuiltIn">
<msg time="2024-07-14T06:23:25.616226" level="INFO">login</msg>
<arg>${key}</arg>
<doc>Logs the given message with the given level.</doc>
<status status="PASS" start="2024-07-14T06:23:25.616093" elapsed="0.000171"/>
</kw>
<var name="${key}">login</var>
<status status="PASS" start="2024-07-14T06:23:25.614681" elapsed="0.001804"/>
</iter>
<var>${key}</var>
<value>@{expected_keys}</value>
<status status="PASS" start="2024-07-14T06:23:25.606638" elapsed="0.009969"/>
</for>
<kw name="Create List" owner="BuiltIn">
<msg time="2024-07-14T06:23:25.616932" level="INFO">${expected_keysTwo} = ['username', 'password']</msg>
<var>${expected_keysTwo}</var>
<arg>username</arg>
<arg>password</arg>
<doc>Returns a list containing given items.</doc>
<status status="PASS" start="2024-07-14T06:23:25.616797" elapsed="0.000187"/>
</kw>
<for flavor="IN">
<iter>
<kw name="Dictionary Should Contain Key" owner="Collections">
<arg>${json_data['results'][0]['login']}</arg>
<arg>${keyTwo}</arg>
<doc>Fails if ``key`` is not found from ``dictionary``.</doc>
<status status="PASS" start="2024-07-14T06:23:25.617483" elapsed="0.000388"/>
</kw>
<kw name="Dictionary Should Contain Key" owner="Collections">
<arg>${json_data['results'][0]['login']}</arg>
<arg>${keyTwo}</arg>
<doc>Fails if ``key`` is not found from ``dictionary``.</doc>
<status status="PASS" start="2024-07-14T06:23:25.618052" elapsed="0.000371"/>
</kw>
<kw name="Log" owner="BuiltIn">
<msg time="2024-07-14T06:23:25.618731" level="INFO">username</msg>
<arg>${keyTwo}</arg>
<doc>Logs the given message with the given level.</doc>
<status status="PASS" start="2024-07-14T06:23:25.618607" elapsed="0.000162"/>
</kw>
<var name="${keyTwo}">username</var>
<status status="PASS" start="2024-07-14T06:23:25.617377" elapsed="0.001615"/>
</iter>
<iter>
<kw name="Dictionary Should Contain Key" owner="Collections">
<arg>${json_data['results'][0]['login']}</arg>
<arg>${keyTwo}</arg>
<doc>Fails if ``key`` is not found from ``dictionary``.</doc>
<status status="PASS" start="2024-07-14T06:23:25.619306" elapsed="0.000383"/>
</kw>
<kw name="Dictionary Should Contain Key" owner="Collections">
<arg>${json_data['results'][0]['login']}</arg>
<arg>${keyTwo}</arg>
<doc>Fails if ``key`` is not found from ``dictionary``.</doc>
<status status="PASS" start="2024-07-14T06:23:25.619869" elapsed="0.000373"/>
</kw>
<kw name="Log" owner="BuiltIn">
<msg time="2024-07-14T06:23:25.620547" level="INFO">password</msg>
<arg>${keyTwo}</arg>
<doc>Logs the given message with the given level.</doc>
<status status="PASS" start="2024-07-14T06:23:25.620427" elapsed="0.000163"/>
</kw>
<var name="${keyTwo}">password</var>
<status status="PASS" start="2024-07-14T06:23:25.619197" elapsed="0.001612"/>
</iter>
<var>${keyTwo}</var>
<value>@{expected_keysTwo}</value>
<status status="PASS" start="2024-07-14T06:23:25.617228" elapsed="0.003706"/>
</for>
<status status="PASS" start="2024-07-14T06:23:25.472762" elapsed="0.148311"/>
</kw>
<doc>Testa a estrutura da resposta da API.</doc>
<tag>testeEstruturaResposta</tag>
<status status="PASS" start="2024-07-14T06:23:25.472266" elapsed="0.148958"/>
</test>
<test id="s1-s1-t4" name="Validar tipos de dados" line="28">
<kw name="Teste de Tipos de Dados" owner="random-user-service">
<kw name="GET On Session" owner="RequestsLibrary">
<msg time="2024-07-14T06:23:25.660344" level="INFO">GET Request : url=https://randomuser.me/api 
 path_url=/api 
 headers={'User-Agent': 'python-requests/2.32.3', 'Accept-Encoding': 'gzip, deflate', 'Accept': '*/*', 'Connection': 'keep-alive'} 
 body=None 
 </msg>
<msg time="2024-07-14T06:23:25.660420" level="INFO">GET Response : url=https://randomuser.me/api 
 status=200, reason=OK 
 headers={'Date': 'Sun, 14 Jul 2024 06:23:25 GMT', 'Content-Type': 'application/json; charset=utf-8', 'Transfer-Encoding': 'chunked', 'Connection': 'keep-alive', 'X-Powered-By': 'Express', 'Access-Control-Allow-Origin': '*', 'Cache-Control': 'no-cache', 'ETag': 'W/"4b3-7fm3QWrUGUMKCGgSjBmWgGlCIm4"', 'Vary': 'Accept-Encoding', 'Content-Encoding': 'gzip', 'CF-Cache-Status': 'DYNAMIC', 'Report-To': '{"endpoints":[{"url":"https:\\/\\/a.nel.cloudflare.com\\/report\\/v4?s=Ta%2FH0AB1pBmCEsCYg6cNBsmurBq1vwTEKYP3JLfSN9HYIe0CbBBhOPxIz2wE76j%2B4KXDSI1yCUk88jNXrkSq6bXxoiOt9%2FzYwF1dOEPY8AazozUDcXf58HVEo3ZQnQzP"}],"group":"cf-nel","max_age":604800}', 'NEL': '{"success_fraction":0,"report_to":"cf-nel","max_age":604800}', 'Server': 'cloudflare', 'CF-RAY': '8a2f6c893fe39c37-IAD', 'alt-svc': 'h3=":443"; ma=86400'} 
 body={"results":[{"gender":"female","name":{"title":"Mademoiselle","first":"Henriette","last":"Guillot"},"location":{"street":{"number":3376,"name":"Rue du Bon-Pasteur"},"city":"Chessel","state":"Glarus","country":"Switzerland","postcode":5364,"coordinates":{"latitude":"-55.7538","longitude":"103.8347"},"timezone":{"offset":"+5:30","description":"Bombay, Calcutta, Madras, New Delhi"}},"email":"henriette.guillot@example.com","login":{"uuid":"666b5c25-03e5-42a1-9e68-556ef37f72a2","username":"orangegoose413","password":"gofish","salt":"p4whOgK4","md5":"811063ee1d0e2259868bee4aebf21ccb","sha1":"89ecbf6f760d96481a5431ff940bf8d722a2eeee","sha256":"afdfa35aeaaec77789906c0221901c8079b10db2740e434d9dc971c059e4fe7b"},"dob":{"date":"1968-07-20T20:13:29.163Z","age":55},"registered":{"date":"2021-02-09T14:11:44.608Z","age":3},"phone":"079 416 12 99","cell":"077 675 55 13","id":{"name":"AVS","value":"756.2880.7183.48"},"picture":{"large":"https://randomuser.me/api/portraits/women/93.jpg","medium":"https://randomuser.me/api/portraits/med/women/93.jpg","thumbnail":"https://randomuser.me/api/portraits/thumb/women/93.jpg"},"nat":"CH"}],"info":{"seed":"7b23ef4be96ed07a","results":1,"page":1,"version":"1.4"}} 
 </msg>
<msg time="2024-07-14T06:23:25.660487" level="INFO">/opt/hostedtoolcache/Python/3.12.4/x64/lib/python3.12/site-packages/urllib3/connectionpool.py:1099: InsecureRequestWarning: Unverified HTTPS request is being made to host 'randomuser.me'. Adding certificate verification is strongly advised. See: https://urllib3.readthedocs.io/en/latest/advanced-usage.html#tls-warnings
  warnings.warn(</msg>
<msg time="2024-07-14T06:23:25.660594" level="INFO">${response} = &lt;Response [200]&gt;</msg>
<var>${response}</var>
<arg>consultarAPI</arg>
<arg>/api</arg>
<doc>Sends a GET request on a previously created HTTP Session.</doc>
<status status="PASS" start="2024-07-14T06:23:25.624167" elapsed="0.036478"/>
</kw>
<kw name="Set Variable" owner="BuiltIn">
<msg time="2024-07-14T06:23:25.661654" level="INFO">${json_data} = {'results': [{'gender': 'female', 'name': {'title': 'Mademoiselle', 'first': 'Henriette', 'last': 'Guillot'}, 'location': {'street': {'number': 3376, 'name': 'Rue du Bon-Pasteur'}, 'city': 'Chessel', ...</msg>
<var>${json_data}</var>
<arg>${response.json()}</arg>
<doc>Returns the given values which can then be assigned to a variables.</doc>
<status status="PASS" start="2024-07-14T06:23:25.661116" elapsed="0.000567"/>
</kw>
<kw name="Log" owner="BuiltIn">
<msg time="2024-07-14T06:23:25.662148" level="INFO">{'results': [{'gender': 'female', 'name': {'title': 'Mademoiselle', 'first': 'Henriette', 'last': 'Guillot'}, 'location': {'street': {'number': 3376, 'name': 'Rue du Bon-Pasteur'}, 'city': 'Chessel', 'state': 'Glarus', 'country': 'Switzerland', 'postcode': 5364, 'coordinates': {'latitude': '-55.7538', 'longitude': '103.8347'}, 'timezone': {'offset': '+5:30', 'description': 'Bombay, Calcutta, Madras, New Delhi'}}, 'email': 'henriette.guillot@example.com', 'login': {'uuid': '666b5c25-03e5-42a1-9e68-556ef37f72a2', 'username': 'orangegoose413', 'password': 'gofish', 'salt': 'p4whOgK4', 'md5': '811063ee1d0e2259868bee4aebf21ccb', 'sha1': '89ecbf6f760d96481a5431ff940bf8d722a2eeee', 'sha256': 'afdfa35aeaaec77789906c0221901c8079b10db2740e434d9dc971c059e4fe7b'}, 'dob': {'date': '1968-07-20T20:13:29.163Z', 'age': 55}, 'registered': {'date': '2021-02-09T14:11:44.608Z', 'age': 3}, 'phone': '079 416 12 99', 'cell': '077 675 55 13', 'id': {'name': 'AVS', 'value': '756.2880.7183.48'}, 'picture': {'large': 'https://randomuser.me/api/portraits/women/93.jpg', 'medium': 'https://randomuser.me/api/portraits/med/women/93.jpg', 'thumbnail': 'https://randomuser.me/api/portraits/thumb/women/93.jpg'}, 'nat': 'CH'}], 'info': {'seed': '7b23ef4be96ed07a', 'results': 1, 'page': 1, 'version': '1.4'}}</msg>
<arg>${json_data}</arg>
<doc>Logs the given message with the given level.</doc>
<status status="PASS" start="2024-07-14T06:23:25.661990" elapsed="0.000204"/>
</kw>
<kw name="Should Be String" owner="String">
<arg>${json_data['results'][0]['gender']}</arg>
<doc>Fails if the given ``item`` is not a string.</doc>
<status status="PASS" start="2024-07-14T06:23:25.662482" elapsed="0.000361"/>
</kw>
<kw name="Should Match Regexp" owner="BuiltIn">
<arg>${json_data['results'][0]['email']}</arg>
<arg>^[a-zA-Z0-9._%+-]+@[a-zA-Z0-9.-]+\.[a-zA-Z]{2,}$</arg>
<doc>Fails if ``string`` does not match ``pattern`` as a regular expression.</doc>
<status status="PASS" start="2024-07-14T06:23:25.663092" elapsed="0.000521"/>
</kw>
<kw name="Should Match Regexp" owner="BuiltIn">
<arg>${json_data['results'][0]['dob']['date']}</arg>
<arg>\\d{4}-\\d{2}-\\d{2}T\\d{2}:\\d{2}:\\d{2}\\.\\d{3}Z</arg>
<doc>Fails if ``string`` does not match ``pattern`` as a regular expression.</doc>
<status status="PASS" start="2024-07-14T06:23:25.663810" elapsed="0.000477"/>
</kw>
<kw name="Should Match Regexp" owner="BuiltIn">
<arg>${json_data['results'][0]['registered']['date']}</arg>
<arg>\\d{4}-\\d{2}-\\d{2}T\\d{2}:\\d{2}:\\d{2}\\.\\d{3}Z</arg>
<doc>Fails if ``string`` does not match ``pattern`` as a regular expression.</doc>
<status status="PASS" start="2024-07-14T06:23:25.664476" elapsed="0.000372"/>
</kw>
<kw name="Should Match Regexp" owner="BuiltIn">
<arg>${json_data['results'][0]['picture']['large']}</arg>
<arg>^https?://.*\.(?:png|jpe?g|gif|bmp)$</arg>
<doc>Fails if ``string`` does not match ``pattern`` as a regular expression.</doc>
<status status="PASS" start="2024-07-14T06:23:25.665032" elapsed="0.000454"/>
</kw>
<kw name="Should Match Regexp" owner="BuiltIn">
<arg>${json_data['results'][0]['picture']['medium']}</arg>
<arg>^https?://.*\.(?:png|jpe?g|gif|bmp)$</arg>
<doc>Fails if ``string`` does not match ``pattern`` as a regular expression.</doc>
<status status="PASS" start="2024-07-14T06:23:25.665673" elapsed="0.000345"/>
</kw>
<kw name="Should Match Regexp" owner="BuiltIn">
<arg>${json_data['results'][0]['picture']['thumbnail']}</arg>
<arg>^https?://.*\.(?:png|jpe?g|gif|bmp)$</arg>
<doc>Fails if ``string`` does not match ``pattern`` as a regular expression.</doc>
<status status="PASS" start="2024-07-14T06:23:25.666197" elapsed="0.000349"/>
</kw>
<kw name="Log" owner="BuiltIn">
<msg time="2024-07-14T06:23:25.667101" level="INFO">{'large': 'https://randomuser.me/api/portraits/women/93.jpg', 'medium': 'https://randomuser.me/api/portraits/med/women/93.jpg', 'thumbnail': 'https://randomuser.me/api/portraits/thumb/women/93.jpg'}</msg>
<arg>${json_data['results'][0]['picture']}</arg>
<doc>Logs the given message with the given level.</doc>
<status status="PASS" start="2024-07-14T06:23:25.666729" elapsed="0.000422"/>
</kw>
<status status="PASS" start="2024-07-14T06:23:25.623941" elapsed="0.043480"/>
</kw>
<kw name="Teste de Tipos de Dados - Postcode" owner="random-user-service">
<kw name="GET On Session" owner="RequestsLibrary">
<msg time="2024-07-14T06:23:25.760212" level="INFO">GET Request : url=https://randomuser.me/api 
 path_url=/api 
 headers={'User-Agent': 'python-requests/2.32.3', 'Accept-Encoding': 'gzip, deflate', 'Accept': '*/*', 'Connection': 'keep-alive'} 
 body=None 
 </msg>
<msg time="2024-07-14T06:23:25.760291" level="INFO">GET Response : url=https://randomuser.me/api 
 status=200, reason=OK 
 headers={'Date': 'Sun, 14 Jul 2024 06:23:25 GMT', 'Content-Type': 'application/json; charset=utf-8', 'Transfer-Encoding': 'chunked', 'Connection': 'keep-alive', 'X-Powered-By': 'Express', 'Access-Control-Allow-Origin': '*', 'Cache-Control': 'no-cache', 'ETag': 'W/"476-pLBctws5Sk0c5qr0eFbmfOyjYtQ"', 'Vary': 'Accept-Encoding', 'Content-Encoding': 'gzip', 'CF-Cache-Status': 'DYNAMIC', 'Report-To': '{"endpoints":[{"url":"https:\\/\\/a.nel.cloudflare.com\\/report\\/v4?s=oGJxGVp1rRSGCWOUfhBZvn0KrLBa4Z9HdRz387AOpNC5wZTnEr9Vq2c5%2FaMeItyXnCDBmy%2F%2FqhzVGaKQGBGjK2mhxgA%2B6gX%2F7%2Fc8UimEygWP4a%2BuPc0cGyEiBC5YTWbB"}],"group":"cf-nel","max_age":604800}', 'NEL': '{"success_fraction":0,"report_to":"cf-nel","max_age":604800}', 'Server': 'cloudflare', 'CF-RAY': '8a2f6c8978199c37-IAD', 'alt-svc': 'h3=":443"; ma=86400'} 
 body={"results":[{"gender":"male","name":{"title":"Mr","first":"Žarko","last":"Nemanjić"},"location":{"street":{"number":7682,"name":"Vranovačka"},"city":"Dimitrovgrad","state":"Podunavlje","country":"Serbia","postcode":36846,"coordinates":{"latitude":"63.8190","longitude":"-65.3078"},"timezone":{"offset":"+3:30","description":"Tehran"}},"email":"zarko.nemanjic@example.com","login":{"uuid":"f79cf384-6f93-4970-a62c-9117309b4a93","username":"blackpeacock651","password":"gagged","salt":"A7KoKBa6","md5":"16da6490ccb0a5f2b0ce3289f0af2a77","sha1":"032c251c9ffc21cec0faac8991b6d1fd579fb056","sha256":"520ef920129de39bccb6fa857472b7e0960561b1f2263891087c2e93225f46b7"},"dob":{"date":"1948-04-25T17:29:53.979Z","age":76},"registered":{"date":"2004-02-18T22:48:04.851Z","age":20},"phone":"010-5726-527","cell":"063-5378-219","id":{"name":"SID","value":"749901610"},"picture":{"large":"https://randomuser.me/api/portraits/men/44.jpg","medium":"https://randomuser.me/api/portraits/med/men/44.jpg","thumbnail":"https://randomuser.me/api/portraits/thumb/men/44.jpg"},"nat":"RS"}],"info":{"seed":"0b6ef6a536012111","results":1,"page":1,"version":"1.4"}} 
 </msg>
<msg time="2024-07-14T06:23:25.760361" level="INFO">/opt/hostedtoolcache/Python/3.12.4/x64/lib/python3.12/site-packages/urllib3/connectionpool.py:1099: InsecureRequestWarning: Unverified HTTPS request is being made to host 'randomuser.me'. Adding certificate verification is strongly advised. See: https://urllib3.readthedocs.io/en/latest/advanced-usage.html#tls-warnings
  warnings.warn(</msg>
<msg time="2024-07-14T06:23:25.760468" level="INFO">${response} = &lt;Response [200]&gt;</msg>
<var>${response}</var>
<arg>consultarAPI</arg>
<arg>/api</arg>
<doc>Sends a GET request on a previously created HTTP Session.</doc>
<status status="PASS" start="2024-07-14T06:23:25.667853" elapsed="0.092665"/>
</kw>
<kw name="Set Variable" owner="BuiltIn">
<msg time="2024-07-14T06:23:25.761632" level="INFO">${json_data} = {'results': [{'gender': 'male', 'name': {'title': 'Mr', 'first': 'Žarko', 'last': 'Nemanjić'}, 'location': {'street': {'number': 7682, 'name': 'Vranovačka'}, 'city': 'Dimitrovgrad', 'state': 'Podunavl...</msg>
<var>${json_data}</var>
<arg>${response.json()}</arg>
<doc>Returns the given values which can then be assigned to a variables.</doc>
<status status="PASS" start="2024-07-14T06:23:25.761058" elapsed="0.000611"/>
</kw>
<kw name="Log" owner="BuiltIn">
<msg time="2024-07-14T06:23:25.762141" level="INFO">{'results': [{'gender': 'male', 'name': {'title': 'Mr', 'first': 'Žarko', 'last': 'Nemanjić'}, 'location': {'street': {'number': 7682, 'name': 'Vranovačka'}, 'city': 'Dimitrovgrad', 'state': 'Podunavlje', 'country': 'Serbia', 'postcode': 36846, 'coordinates': {'latitude': '63.8190', 'longitude': '-65.3078'}, 'timezone': {'offset': '+3:30', 'description': 'Tehran'}}, 'email': 'zarko.nemanjic@example.com', 'login': {'uuid': 'f79cf384-6f93-4970-a62c-9117309b4a93', 'username': 'blackpeacock651', 'password': 'gagged', 'salt': 'A7KoKBa6', 'md5': '16da6490ccb0a5f2b0ce3289f0af2a77', 'sha1': '032c251c9ffc21cec0faac8991b6d1fd579fb056', 'sha256': '520ef920129de39bccb6fa857472b7e0960561b1f2263891087c2e93225f46b7'}, 'dob': {'date': '1948-04-25T17:29:53.979Z', 'age': 76}, 'registered': {'date': '2004-02-18T22:48:04.851Z', 'age': 20}, 'phone': '010-5726-527', 'cell': '063-5378-219', 'id': {'name': 'SID', 'value': '749901610'}, 'picture': {'large': 'https://randomuser.me/api/portraits/men/44.jpg', 'medium': 'https://randomuser.me/api/portraits/med/men/44.jpg', 'thumbnail': 'https://randomuser.me/api/portraits/thumb/men/44.jpg'}, 'nat': 'RS'}], 'info': {'seed': '0b6ef6a536012111', 'results': 1, 'page': 1, 'version': '1.4'}}</msg>
<arg>${json_data}</arg>
<doc>Logs the given message with the given level.</doc>
<status status="PASS" start="2024-07-14T06:23:25.761983" elapsed="0.000209"/>
</kw>
<kw name="Should Be Equal As Numbers" owner="BuiltIn">
<arg>${json_data['results'][0]['location']['postcode']}</arg>
<arg>${json_data['results'][0]['location']['postcode']}</arg>
<doc>Fails if objects are unequal after converting them to real numbers.</doc>
<status status="PASS" start="2024-07-14T06:23:25.762490" elapsed="0.000659"/>
</kw>
<kw name="Log" owner="BuiltIn">
<msg time="2024-07-14T06:23:25.763717" level="INFO">36846</msg>
<arg>${json_data['results'][0]['location']['postcode']}</arg>
<doc>Logs the given message with the given level.</doc>
<status status="PASS" start="2024-07-14T06:23:25.763346" elapsed="0.000411"/>
</kw>
<status status="PASS" start="2024-07-14T06:23:25.667628" elapsed="0.096389"/>
</kw>
<doc>Testa se os tipos de dados na resposta da API estão corretos.</doc>
<tag>testeTiposDados</tag>
<status status="PASS" start="2024-07-14T06:23:25.623297" elapsed="0.140874"/>
</test>
<test id="s1-s1-t5" name="Validar conteudo" line="35">
<kw name="Teste de Tipos de Conteudo" owner="random-user-service">
<kw name="GET On Session" owner="RequestsLibrary">
<msg time="2024-07-14T06:23:25.860130" level="INFO">GET Request : url=https://randomuser.me/api 
 path_url=/api 
 headers={'User-Agent': 'python-requests/2.32.3', 'Accept-Encoding': 'gzip, deflate', 'Accept': '*/*', 'Connection': 'keep-alive'} 
 body=None 
 </msg>
<msg time="2024-07-14T06:23:25.860202" level="INFO">GET Response : url=https://randomuser.me/api 
 status=200, reason=OK 
 headers={'Date': 'Sun, 14 Jul 2024 06:23:25 GMT', 'Content-Type': 'application/json; charset=utf-8', 'Transfer-Encoding': 'chunked', 'Connection': 'keep-alive', 'X-Powered-By': 'Express', 'Access-Control-Allow-Origin': '*', 'Cache-Control': 'no-cache', 'ETag': 'W/"492-Rog9VoPqjnqQXzQWJ+207onZcjw"', 'Vary': 'Accept-Encoding', 'Content-Encoding': 'gzip', 'CF-Cache-Status': 'DYNAMIC', 'Report-To': '{"endpoints":[{"url":"https:\\/\\/a.nel.cloudflare.com\\/report\\/v4?s=R%2F91%2B%2FxCM%2BcBoEsdx%2BqDQ%2BLUi7suwvijMCcwNfCGV8k8px2ID4zpLIoi5KTU1qBOS%2BoUl219MvtOAbENoG%2BxcBm1Hj%2BX2UrXsgCjA7WyY%2BWxDCKP%2F1MxDZX1d6ELwAUU"}],"group":"cf-nel","max_age":604800}', 'NEL': '{"success_fraction":0,"report_to":"cf-nel","max_age":604800}', 'Server': 'cloudflare', 'CF-RAY': '8a2f6c8a18969c37-IAD', 'alt-svc': 'h3=":443"; ma=86400'} 
 body={"results":[{"gender":"female","name":{"title":"Ms","first":"Ellen","last":"Lawson"},"location":{"street":{"number":2376,"name":"Denny Street"},"city":"Shannon","state":"Galway City","country":"Ireland","postcode":79279,"coordinates":{"latitude":"-3.3301","longitude":"26.8592"},"timezone":{"offset":"+10:00","description":"Eastern Australia, Guam, Vladivostok"}},"email":"ellen.lawson@example.com","login":{"uuid":"58cf32d5-c94d-4e9a-9b10-c59042041be0","username":"angryrabbit383","password":"alissa","salt":"LpY5JNuT","md5":"3a789ff3d281cdcc74256456ee27c126","sha1":"d71e0c88c259ae1dc495f07bcf253b23615944cb","sha256":"202d7f9db8774b6b2c15da3bb00543a9b104357aee19ba64b71af59127840ddd"},"dob":{"date":"1979-11-06T02:18:42.800Z","age":44},"registered":{"date":"2002-05-12T10:14:20.311Z","age":22},"phone":"011-021-6804","cell":"081-314-9119","id":{"name":"PPS","value":"3760848T"},"picture":{"large":"https://randomuser.me/api/portraits/women/25.jpg","medium":"https://randomuser.me/api/portraits/med/women/25.jpg","thumbnail":"https://randomuser.me/api/portraits/thumb/women/25.jpg"},"nat":"IE"}],"info":{"seed":"b706ac25f1aac778","results":1,"page":1,"version":"1.4"}} 
 </msg>
<msg time="2024-07-14T06:23:25.860274" level="INFO">/opt/hostedtoolcache/Python/3.12.4/x64/lib/python3.12/site-packages/urllib3/connectionpool.py:1099: InsecureRequestWarning: Unverified HTTPS request is being made to host 'randomuser.me'. Adding certificate verification is strongly advised. See: https://urllib3.readthedocs.io/en/latest/advanced-usage.html#tls-warnings
  warnings.warn(</msg>
<msg time="2024-07-14T06:23:25.860374" level="INFO">${response} = &lt;Response [200]&gt;</msg>
<var>${response}</var>
<arg>consultarAPI</arg>
<arg>/api</arg>
<doc>Sends a GET request on a previously created HTTP Session.</doc>
<status status="PASS" start="2024-07-14T06:23:25.766733" elapsed="0.093681"/>
</kw>
<kw name="Set Variable" owner="BuiltIn">
<msg time="2024-07-14T06:23:25.861457" level="INFO">${json_data} = {'results': [{'gender': 'female', 'name': {'title': 'Ms', 'first': 'Ellen', 'last': 'Lawson'}, 'location': {'street': {'number': 2376, 'name': 'Denny Street'}, 'city': 'Shannon', 'state': 'Galway City...</msg>
<var>${json_data}</var>
<arg>${response.json()}</arg>
<doc>Returns the given values which can then be assigned to a variables.</doc>
<status status="PASS" start="2024-07-14T06:23:25.860910" elapsed="0.000575"/>
</kw>
<kw name="Set Variable" owner="BuiltIn">
<msg time="2024-07-14T06:23:25.862161" level="INFO">${name_title} = Ms</msg>
<var>${name_title}</var>
<arg>${json_data["results"][0]["name"]["title"]}</arg>
<doc>Returns the given values which can then be assigned to a variables.</doc>
<status status="PASS" start="2024-07-14T06:23:25.861791" elapsed="0.000396"/>
</kw>
<kw name="Create List" owner="BuiltIn">
<msg time="2024-07-14T06:23:25.862629" level="INFO">${allowed_titles} = ['Mr', 'Ms', 'Miss', 'Mrs', 'Madame', 'Monsieur']</msg>
<var>${allowed_titles}</var>
<arg>Mr</arg>
<arg>Ms</arg>
<arg>Miss</arg>
<arg>Mrs</arg>
<arg>Madame</arg>
<arg>Monsieur</arg>
<doc>Returns a list containing given items.</doc>
<status status="PASS" start="2024-07-14T06:23:25.862481" elapsed="0.000172"/>
</kw>
<kw name="List Should Contain Value" owner="Collections">
<arg>${allowed_titles}</arg>
<arg>${name_title}</arg>
<doc>Fails if the ``value`` is not found from ``list``.</doc>
<status status="PASS" start="2024-07-14T06:23:25.862947" elapsed="0.000208"/>
</kw>
<kw name="Set Variable" owner="BuiltIn">
<msg time="2024-07-14T06:23:25.863717" level="INFO">${name_country} = IE</msg>
<var>${name_country}</var>
<arg>${json_data["results"][0]["nat"]}</arg>
<doc>Returns the given values which can then be assigned to a variables.</doc>
<status status="PASS" start="2024-07-14T06:23:25.863348" elapsed="0.000394"/>
</kw>
<kw name="Create List" owner="BuiltIn">
<msg time="2024-07-14T06:23:25.864626" level="INFO">${list_country} = ['AD', 'AE', 'AF', 'AG', 'AI', 'AL', 'AM', 'AO', 'AQ', 'AR', 'AS', 'AT', 'AU', 'AW', 'AX', 'AZ', 'BA', 'BB', 'BD', 'BE', 'BF', 'BG', 'BH', 'BI', 'BJ', 'BL', 'BM', 'BN', 'BO', 'BQ', 'BR', 'BS', 'BT', '...</msg>
<var>${list_country}</var>
<arg>AD</arg>
<arg>AE</arg>
<arg>AF</arg>
<arg>AG</arg>
<arg>AI</arg>
<arg>AL</arg>
<arg>AM</arg>
<arg>AO</arg>
<arg>AQ</arg>
<arg>AR</arg>
<arg>AS</arg>
<arg>AT</arg>
<arg>AU</arg>
<arg>AW</arg>
<arg>AX</arg>
<arg>AZ</arg>
<arg>BA</arg>
<arg>BB</arg>
<arg>BD</arg>
<arg>BE</arg>
<arg>BF</arg>
<arg>BG</arg>
<arg>BH</arg>
<arg>BI</arg>
<arg>BJ</arg>
<arg>BL</arg>
<arg>BM</arg>
<arg>BN</arg>
<arg>BO</arg>
<arg>BQ</arg>
<arg>BR</arg>
<arg>BS</arg>
<arg>BT</arg>
<arg>BV</arg>
<arg>BW</arg>
<arg>BY</arg>
<arg>BZ</arg>
<arg>CA</arg>
<arg>CC</arg>
<arg>CD</arg>
<arg>CF</arg>
<arg>CG</arg>
<arg>CH</arg>
<arg>CI</arg>
<arg>CK</arg>
<arg>CL</arg>
<arg>CM</arg>
<arg>CN</arg>
<arg>CO</arg>
<arg>CR</arg>
<arg>CU</arg>
<arg>CV</arg>
<arg>CW</arg>
<arg>CX</arg>
<arg>CY</arg>
<arg>CZ</arg>
<arg>DE</arg>
<arg>DJ</arg>
<arg>DK</arg>
<arg>DM</arg>
<arg>DO</arg>
<arg>DZ</arg>
<arg>EC</arg>
<arg>EE</arg>
<arg>EG</arg>
<arg>EH</arg>
<arg>ER</arg>
<arg>ES</arg>
<arg>ET</arg>
<arg>FI</arg>
<arg>FJ</arg>
<arg>FK</arg>
<arg>FM</arg>
<arg>FO</arg>
<arg>FR</arg>
<arg>GA</arg>
<arg>GB</arg>
<arg>GD</arg>
<arg>GE</arg>
<arg>GF</arg>
<arg>GG</arg>
<arg>GH</arg>
<arg>GI</arg>
<arg>GL</arg>
<arg>GM</arg>
<arg>GN</arg>
<arg>GP</arg>
<arg>GQ</arg>
<arg>GR</arg>
<arg>GS</arg>
<arg>GT</arg>
<arg>GU</arg>
<arg>GW</arg>
<arg>GY</arg>
<arg>HK</arg>
<arg>HM</arg>
<arg>HN</arg>
<arg>HR</arg>
<arg>HT</arg>
<arg>HU</arg>
<arg>ID</arg>
<arg>IE</arg>
<arg>IL</arg>
<arg>IM</arg>
<arg>IN</arg>
<arg>IO</arg>
<arg>IQ</arg>
<arg>IR</arg>
<arg>IS</arg>
<arg>IT</arg>
<arg>JE</arg>
<arg>JM</arg>
<arg>JO</arg>
<arg>JP</arg>
<arg>KE</arg>
<arg>KG</arg>
<arg>KH</arg>
<arg>KI</arg>
<arg>KM</arg>
<arg>KN</arg>
<arg>KP</arg>
<arg>KR</arg>
<arg>KW</arg>
<arg>KY</arg>
<arg>KZ</arg>
<arg>LA</arg>
<arg>LB</arg>
<arg>LC</arg>
<arg>LI</arg>
<arg>LK</arg>
<arg>LR</arg>
<arg>LS</arg>
<arg>LT</arg>
<arg>LU</arg>
<arg>LV</arg>
<arg>LY</arg>
<arg>MA</arg>
<arg>MC</arg>
<arg>MD</arg>
<arg>ME</arg>
<arg>MF</arg>
<arg>MG</arg>
<arg>MH</arg>
<arg>MK</arg>
<arg>ML</arg>
<arg>MM</arg>
<arg>MN</arg>
<arg>MO</arg>
<arg>MP</arg>
<arg>MQ</arg>
<arg>MR</arg>
<arg>MS</arg>
<arg>MT</arg>
<arg>MU</arg>
<arg>MV</arg>
<arg>MW</arg>
<arg>MX</arg>
<arg>MY</arg>
<arg>MZ</arg>
<arg>NA</arg>
<arg>NC</arg>
<arg>NE</arg>
<arg>NF</arg>
<arg>NG</arg>
<arg>NI</arg>
<arg>NL</arg>
<arg>NO</arg>
<arg>NP</arg>
<arg>NR</arg>
<arg>NU</arg>
<arg>NZ</arg>
<arg>OM</arg>
<arg>PA</arg>
<arg>PE</arg>
<arg>PF</arg>
<arg>PG</arg>
<arg>PH</arg>
<arg>PK</arg>
<arg>PL</arg>
<arg>PM</arg>
<arg>PN</arg>
<arg>PR</arg>
<arg>PS</arg>
<arg>PT</arg>
<arg>PW</arg>
<arg>PY</arg>
<arg>QA</arg>
<arg>RE</arg>
<arg>RO</arg>
<arg>RS</arg>
<arg>RU</arg>
<arg>RW</arg>
<arg>SA</arg>
<arg>SB</arg>
<arg>SC</arg>
<arg>SD</arg>
<arg>SE</arg>
<arg>SG</arg>
<arg>SH</arg>
<arg>SI</arg>
<arg>SJ</arg>
<arg>SK</arg>
<arg>SL</arg>
<arg>SM</arg>
<arg>SN</arg>
<arg>SO</arg>
<arg>SR</arg>
<arg>SS</arg>
<arg>ST</arg>
<arg>SV</arg>
<arg>SX</arg>
<arg>SY</arg>
<arg>SZ</arg>
<arg>TC</arg>
<arg>TD</arg>
<arg>TF</arg>
<arg>TG</arg>
<arg>TH</arg>
<arg>TJ</arg>
<arg>TK</arg>
<arg>TL</arg>
<arg>TM</arg>
<arg>TN</arg>
<arg>TO</arg>
<arg>TR</arg>
<arg>TT</arg>
<arg>TV</arg>
<arg>TW</arg>
<arg>TZ</arg>
<arg>UA</arg>
<arg>UG</arg>
<arg>UM</arg>
<arg>US</arg>
<arg>UY</arg>
<arg>UZ</arg>
<arg>VA</arg>
<arg>VC</arg>
<arg>VE</arg>
<arg>VG</arg>
<arg>VI</arg>
<arg>VN</arg>
<arg>VU</arg>
<arg>WF</arg>
<arg>WS</arg>
<arg>XK</arg>
<arg>YE</arg>
<arg>YT</arg>
<arg>ZA</arg>
<arg>ZM</arg>
<arg>ZW</arg>
<doc>Returns a list containing given items.</doc>
<status status="PASS" start="2024-07-14T06:23:25.864039" elapsed="0.000614"/>
</kw>
<kw name="List Should Contain Value" owner="Collections">
<arg>${list_country}</arg>
<arg>${name_country}</arg>
<doc>Fails if the ``value`` is not found from ``list``.</doc>
<status status="PASS" start="2024-07-14T06:23:25.865440" elapsed="0.000201"/>
</kw>
<kw name="Run Keyword If" owner="BuiltIn">
<kw name="Should Be True" owner="BuiltIn">
<arg>${True}</arg>
<doc>Fails if the given condition is not true.</doc>
<status status="PASS" start="2024-07-14T06:23:25.866555" elapsed="0.000141"/>
</kw>
<arg>${json_data["results"][0]["location"]["coordinates"]["latitude"]} &gt;= -90 and ${json_data["results"][0]["location"]["coordinates"]["latitude"]} &lt;= 90</arg>
<arg>Should Be True</arg>
<arg>${True}</arg>
<doc>Runs the given keyword with the given arguments, if ``condition`` is true.</doc>
<status status="PASS" start="2024-07-14T06:23:25.865835" elapsed="0.000986"/>
</kw>
<kw name="Run Keyword If" owner="BuiltIn">
<kw name="Should Be True" owner="BuiltIn">
<arg>${True}</arg>
<doc>Fails if the given condition is not true.</doc>
<status status="PASS" start="2024-07-14T06:23:25.867722" elapsed="0.000136"/>
</kw>
<arg>${json_data["results"][0]["location"]["coordinates"]["longitude"]} &gt;= -180 and ${json_data["results"][0]["location"]["coordinates"]["longitude"]} &lt;= 180</arg>
<arg>Should Be True</arg>
<arg>${True}</arg>
<doc>Runs the given keyword with the given arguments, if ``condition`` is true.</doc>
<status status="PASS" start="2024-07-14T06:23:25.867001" elapsed="0.000980"/>
</kw>
<status status="PASS" start="2024-07-14T06:23:25.766390" elapsed="0.101720"/>
</kw>
<doc>Testa o conteúdo específico dos campos retornados pela API.</doc>
<tag>testeConteudo</tag>
<status status="PASS" start="2024-07-14T06:23:25.765873" elapsed="0.102386"/>
</test>
<status status="PASS" start="2024-07-14T06:23:24.728045" elapsed="1.142214"/>
</suite>
<status status="PASS" start="2024-07-14T06:23:24.713684" elapsed="1.161696"/>
</suite>
<statistics>
<total>
<stat pass="5" fail="0" skip="0">All Tests</stat>
</total>
<tag>
<stat pass="1" fail="0" skip="0">testeConteudo</stat>
<stat pass="1" fail="0" skip="0">testeEstruturaResposta</stat>
<stat pass="1" fail="0" skip="0">testeRequisicaoBasica</stat>
<stat pass="1" fail="0" skip="0">testeTiposDados</stat>
</tag>
<suite>
<stat pass="5" fail="0" skip="0" id="s1" name="Tests">Tests</stat>
<stat pass="5" fail="0" skip="0" id="s1-s1" name="Random-User-Test">Tests.Random-User-Test</stat>
</suite>
</statistics>
<errors>
</errors>
</robot>
