<?xml version="1.0" encoding="UTF-8"?>
<robot generator="Robot 7.0 (Python 3.12.2 on linux)" generated="2024-04-08T01:56:32.509790" rpa="false" schemaversion="5">
<suite id="s1" name="Tests" source="/home/runner/work/DesafioQAItauRogerioJordao/DesafioQAItauRogerioJordao/RamdonUser/tests">
<suite id="s1-s1" name="Random-User-Test" source="/home/runner/work/DesafioQAItauRogerioJordao/DesafioQAItauRogerioJordao/RamdonUser/tests/random-user-test.robot">
<test id="s1-s1-t1" name="Conectar" line="13">
<kw name="Conectar API" owner="random-user-service">
<kw name="Create Session" owner="RequestsLibrary">
<msg time="2024-04-08T01:56:32.891838" level="INFO">Creating Session using : alias=consultarAPI, url=https://randomuser.me/, headers={},                     cookies={}, auth=None, timeout=None, proxies=None, verify=False,                     debug=0 </msg>
<arg>consultarAPI</arg>
<arg>${URL}</arg>
<doc>Create Session: create a HTTP session to a server</doc>
<status status="PASS" start="2024-04-08T01:56:32.891625" elapsed="0.000441"/>
</kw>
<status status="PASS" start="2024-04-08T01:56:32.890555" elapsed="0.001893"/>
</kw>
<status status="PASS" start="2024-04-08T01:56:32.889891" elapsed="0.002768"/>
</test>
<test id="s1-s1-t2" name="Validar retorno 200 e JSON Válido" line="16">
<kw name="Teste de Requisicao Basica" owner="random-user-service">
<kw name="GET On Session" owner="RequestsLibrary">
<msg time="2024-04-08T01:56:33.474481" level="INFO">GET Request : url=https://randomuser.me/api 
 path_url=/api 
 headers={'User-Agent': 'python-requests/2.31.0', 'Accept-Encoding': 'gzip, deflate', 'Accept': '*/*', 'Connection': 'keep-alive'} 
 body=None 
 </msg>
<msg time="2024-04-08T01:56:33.474638" level="INFO">GET Response : url=https://randomuser.me/api 
 status=200, reason=OK 
 headers={'Date': 'Mon, 08 Apr 2024 01:56:33 GMT', 'Content-Type': 'application/json; charset=utf-8', 'Transfer-Encoding': 'chunked', 'Connection': 'keep-alive', 'X-Powered-By': 'Express', 'Access-Control-Allow-Origin': '*', 'Cache-Control': 'no-cache', 'ETag': 'W/"4b4-jU5BE4xKCYNUB6cN2mvDm66kO9E"', 'Vary': 'Accept-Encoding', 'Content-Encoding': 'gzip', 'CF-Cache-Status': 'DYNAMIC', 'Report-To': '{"endpoints":[{"url":"https:\\/\\/a.nel.cloudflare.com\\/report\\/v4?s=aHgHQzNhIgx3o4xMU%2FAHu8bsiQB4ZpqGeOBjAMyQkCmSgFjioVBn7Yg3VaI%2FM69bZGi9u8IVoTaLnl%2FlcT4d6QCtud81hZ%2FnqvgSLmSI%2FkfAlXWd05nFnX%2FkU3OfCy4Y"}],"group":"cf-nel","max_age":604800}', 'NEL': '{"success_fraction":0,"report_to":"cf-nel","max_age":604800}', 'Server': 'cloudflare', 'CF-RAY': '870ea439db803b90-IAD', 'alt-svc': 'h3=":443"; ma=86400'} 
 body={"results":[{"gender":"female","name":{"title":"Miss","first":"Alex","last":"Van der Male"},"location":{"street":{"number":3478,"name":"Dr. J. V.D. Mortellaan"},"city":"Oosterend Terschelling","state":"Groningen","country":"Netherlands","postcode":"3914 BK","coordinates":{"latitude":"38.4494","longitude":"138.4983"},"timezone":{"offset":"-7:00","description":"Mountain Time (US &amp; Canada)"}},"email":"alex.vandermale@example.com","login":{"uuid":"0c0357a5-a00e-449f-9cdf-2c66da89642b","username":"yellowdog823","password":"standard","salt":"db4qK0KV","md5":"473aa72f29ff5e2a5377e45997405705","sha1":"b710af8017d5a8cec38d6d81db858fa38df63471","sha256":"b4b64a7e9ac68faeedb3064443d82e59ae15faf9f4d1838a8033e1fe39f08aab"},"dob":{"date":"1967-06-16T00:07:09.124Z","age":56},"registered":{"date":"2010-07-13T11:05:46.450Z","age":13},"phone":"(065) 5321795","cell":"(06) 45773460","id":{"name":"BSN","value":"56735943"},"picture":{"large":"https://randomuser.me/api/portraits/women/81.jpg","medium":"https://randomuser.me/api/portraits/med/women/81.jpg","thumbnail":"https://randomuser.me/api/portraits/thumb/women/81.jpg"},"nat":"NL"}],"info":{"seed":"0c00be634402f4e7","results":1,"page":1,"version":"1.4"}} 
 </msg>
<msg time="2024-04-08T01:56:33.474720" level="INFO">/opt/hostedtoolcache/Python/3.12.2/x64/lib/python3.12/site-packages/urllib3/connectionpool.py:1103: InsecureRequestWarning: Unverified HTTPS request is being made to host 'randomuser.me'. Adding certificate verification is strongly advised. See: https://urllib3.readthedocs.io/en/latest/advanced-usage.html#tls-warnings
  warnings.warn(</msg>
<msg time="2024-04-08T01:56:33.474884" level="INFO">${response} = &lt;Response [200]&gt;</msg>
<var>${response}</var>
<arg>consultarAPI</arg>
<arg>/api</arg>
<doc>Sends a GET request on a previously created HTTP Session.</doc>
<status status="PASS" start="2024-04-08T01:56:32.895352" elapsed="0.579574"/>
</kw>
<kw name="Should Be Equal As Numbers" owner="BuiltIn">
<msg time="2024-04-08T01:56:33.475948" level="INFO">Argument types are:
&lt;class 'int'&gt;
&lt;class 'str'&gt;</msg>
<arg>${response.status_code}</arg>
<arg>200</arg>
<doc>Fails if objects are unequal after converting them to real numbers.</doc>
<status status="PASS" start="2024-04-08T01:56:33.475467" elapsed="0.000551"/>
</kw>
<kw name="Log" owner="BuiltIn">
<msg time="2024-04-08T01:56:33.476718" level="INFO">200</msg>
<arg>${response.status_code}</arg>
<doc>Logs the given message with the given level.</doc>
<status status="PASS" start="2024-04-08T01:56:33.476340" elapsed="0.000420"/>
</kw>
<kw name="Set Variable" owner="BuiltIn">
<msg time="2024-04-08T01:56:33.477530" level="INFO">${json_data} = {'results': [{'gender': 'female', 'name': {'title': 'Miss', 'first': 'Alex', 'last': 'Van der Male'}, 'location': {'street': {'number': 3478, 'name': 'Dr. J. V.D. Mortellaan'}, 'city': 'Oosterend Ters...</msg>
<var>${json_data}</var>
<arg>${response.json()}</arg>
<doc>Returns the given values which can then be assigned to a variables.</doc>
<status status="PASS" start="2024-04-08T01:56:33.477095" elapsed="0.000464"/>
</kw>
<kw name="Dictionary Should Contain Key" owner="Collections">
<msg time="2024-04-08T01:56:33.478023" level="INFO">False</msg>
<arg>${json_data}</arg>
<arg>results</arg>
<doc>Fails if ``key`` is not found from ``dictionary``.</doc>
<status status="PASS" start="2024-04-08T01:56:33.477857" elapsed="0.000205"/>
</kw>
<status status="PASS" start="2024-04-08T01:56:32.895098" elapsed="0.583229"/>
</kw>
<doc>Testa se a API responde corretamente e retorna um objeto JSON válido.</doc>
<tag>testeRequisicaoBasica</tag>
<status status="PASS" start="2024-04-08T01:56:32.894546" elapsed="0.583969"/>
</test>
<test id="s1-s1-t3" name="Validar estrutura de resposta" line="22">
<kw name="Teste de Estrutura de Resposta" owner="random-user-service">
<kw name="GET On Session" owner="RequestsLibrary">
<msg time="2024-04-08T01:56:33.587842" level="INFO">GET Request : url=https://randomuser.me/api 
 path_url=/api 
 headers={'User-Agent': 'python-requests/2.31.0', 'Accept-Encoding': 'gzip, deflate', 'Accept': '*/*', 'Connection': 'keep-alive'} 
 body=None 
 </msg>
<msg time="2024-04-08T01:56:33.587974" level="INFO">GET Response : url=https://randomuser.me/api 
 status=200, reason=OK 
 headers={'Date': 'Mon, 08 Apr 2024 01:56:33 GMT', 'Content-Type': 'application/json; charset=utf-8', 'Transfer-Encoding': 'chunked', 'Connection': 'keep-alive', 'X-Powered-By': 'Express', 'Access-Control-Allow-Origin': '*', 'Cache-Control': 'no-cache', 'ETag': 'W/"47f-nE87sO/4NpqzJY0wN4O4w0PB8yk"', 'Vary': 'Accept-Encoding', 'Content-Encoding': 'gzip', 'CF-Cache-Status': 'DYNAMIC', 'Report-To': '{"endpoints":[{"url":"https:\\/\\/a.nel.cloudflare.com\\/report\\/v4?s=e0vaUrlVnGkmo%2Fjqs9yri1rwaldRFdxtAn9nO4EGz18gp23Wlvb7YrAGUSj1lwmQ0BWpWocfhjYc93imCKiSCJ0FBiQnv900hLm7BTm7hGhos5R6dz00FHsozA5VAwnM"}],"group":"cf-nel","max_age":604800}', 'NEL': '{"success_fraction":0,"report_to":"cf-nel","max_age":604800}', 'Server': 'cloudflare', 'CF-RAY': '870ea43d4f8a3b90-IAD', 'alt-svc': 'h3=":443"; ma=86400'} 
 body={"results":[{"gender":"female","name":{"title":"Ms","first":"Brianna","last":"Holland"},"location":{"street":{"number":7883,"name":"Forest Ln"},"city":"Medford","state":"Maryland","country":"United States","postcode":75788,"coordinates":{"latitude":"88.3511","longitude":"30.9437"},"timezone":{"offset":"-10:00","description":"Hawaii"}},"email":"brianna.holland@example.com","login":{"uuid":"26f1c486-b34c-457c-acfe-f1cc1c577a7a","username":"tinywolf202","password":"williams","salt":"lqWuEWNV","md5":"c105e518d7554a990432eb013dff3a6f","sha1":"12f20267fc8a068c188e91cb65c9100a974b84b4","sha256":"d7c05399618d7e14a550483896fc32301ba9ed725f07180b861ddf2e85459f7c"},"dob":{"date":"1988-10-04T09:26:24.779Z","age":35},"registered":{"date":"2017-06-27T19:47:04.564Z","age":6},"phone":"(834) 564-6207","cell":"(954) 753-5436","id":{"name":"SSN","value":"058-56-2203"},"picture":{"large":"https://randomuser.me/api/portraits/women/11.jpg","medium":"https://randomuser.me/api/portraits/med/women/11.jpg","thumbnail":"https://randomuser.me/api/portraits/thumb/women/11.jpg"},"nat":"US"}],"info":{"seed":"4c3fb148eedfaed8","results":1,"page":1,"version":"1.4"}} 
 </msg>
<msg time="2024-04-08T01:56:33.588137" level="INFO">/opt/hostedtoolcache/Python/3.12.2/x64/lib/python3.12/site-packages/urllib3/connectionpool.py:1103: InsecureRequestWarning: Unverified HTTPS request is being made to host 'randomuser.me'. Adding certificate verification is strongly advised. See: https://urllib3.readthedocs.io/en/latest/advanced-usage.html#tls-warnings
  warnings.warn(</msg>
<msg time="2024-04-08T01:56:33.588292" level="INFO">${response} = &lt;Response [200]&gt;</msg>
<var>${response}</var>
<arg>consultarAPI</arg>
<arg>/api</arg>
<doc>Sends a GET request on a previously created HTTP Session.</doc>
<status status="PASS" start="2024-04-08T01:56:33.481454" elapsed="0.106883"/>
</kw>
<kw name="Set Variable" owner="BuiltIn">
<msg time="2024-04-08T01:56:33.589407" level="INFO">${json_data} = {'results': [{'gender': 'female', 'name': {'title': 'Ms', 'first': 'Brianna', 'last': 'Holland'}, 'location': {'street': {'number': 7883, 'name': 'Forest Ln'}, 'city': 'Medford', 'state': 'Maryland', ...</msg>
<var>${json_data}</var>
<arg>${response.json()}</arg>
<doc>Returns the given values which can then be assigned to a variables.</doc>
<status status="PASS" start="2024-04-08T01:56:33.588884" elapsed="0.000552"/>
</kw>
<kw name="Log" owner="BuiltIn">
<msg time="2024-04-08T01:56:33.589915" level="INFO">{'results': [{'gender': 'female', 'name': {'title': 'Ms', 'first': 'Brianna', 'last': 'Holland'}, 'location': {'street': {'number': 7883, 'name': 'Forest Ln'}, 'city': 'Medford', 'state': 'Maryland', 'country': 'United States', 'postcode': 75788, 'coordinates': {'latitude': '88.3511', 'longitude': '30.9437'}, 'timezone': {'offset': '-10:00', 'description': 'Hawaii'}}, 'email': 'brianna.holland@example.com', 'login': {'uuid': '26f1c486-b34c-457c-acfe-f1cc1c577a7a', 'username': 'tinywolf202', 'password': 'williams', 'salt': 'lqWuEWNV', 'md5': 'c105e518d7554a990432eb013dff3a6f', 'sha1': '12f20267fc8a068c188e91cb65c9100a974b84b4', 'sha256': 'd7c05399618d7e14a550483896fc32301ba9ed725f07180b861ddf2e85459f7c'}, 'dob': {'date': '1988-10-04T09:26:24.779Z', 'age': 35}, 'registered': {'date': '2017-06-27T19:47:04.564Z', 'age': 6}, 'phone': '(834) 564-6207', 'cell': '(954) 753-5436', 'id': {'name': 'SSN', 'value': '058-56-2203'}, 'picture': {'large': 'https://randomuser.me/api/portraits/women/11.jpg', 'medium': 'https://randomuser.me/api/portraits/med/women/11.jpg', 'thumbnail': 'https://randomuser.me/api/portraits/thumb/women/11.jpg'}, 'nat': 'US'}], 'info': {'seed': '4c3fb148eedfaed8', 'results': 1, 'page': 1, 'version': '1.4'}}</msg>
<arg>${json_data}</arg>
<doc>Logs the given message with the given level.</doc>
<status status="PASS" start="2024-04-08T01:56:33.589749" elapsed="0.000213"/>
</kw>
<kw name="Dictionary Should Contain Key" owner="Collections">
<msg time="2024-04-08T01:56:33.590415" level="INFO">False</msg>
<arg>${json_data}</arg>
<arg>results</arg>
<doc>Fails if ``key`` is not found from ``dictionary``.</doc>
<status status="PASS" start="2024-04-08T01:56:33.590256" elapsed="0.000196"/>
</kw>
<kw name="Should Not Be Empty" owner="BuiltIn">
<msg time="2024-04-08T01:56:33.590878" level="INFO">Length is 2.</msg>
<arg>${json_data}</arg>
<doc>Verifies that the given item is not empty.</doc>
<status status="PASS" start="2024-04-08T01:56:33.590744" elapsed="0.000178"/>
</kw>
<kw name="Create List" owner="BuiltIn">
<msg time="2024-04-08T01:56:33.591362" level="INFO">${expected_keys} = ['gender', 'name', 'location', 'email', 'login']</msg>
<var>${expected_keys}</var>
<arg>gender</arg>
<arg>name</arg>
<arg>location</arg>
<arg>email</arg>
<arg>login</arg>
<doc>Returns a list containing given items.</doc>
<status status="PASS" start="2024-04-08T01:56:33.591213" elapsed="0.000172"/>
</kw>
<for flavor="IN">
<iter>
<kw name="Dictionary Should Contain Key" owner="Collections">
<msg time="2024-04-08T01:56:33.592409" level="INFO">False</msg>
<arg>${json_data['results'][0]}</arg>
<arg>${key}</arg>
<doc>Fails if ``key`` is not found from ``dictionary``.</doc>
<status status="PASS" start="2024-04-08T01:56:33.591996" elapsed="0.000452"/>
</kw>
<kw name="Log" owner="BuiltIn">
<msg time="2024-04-08T01:56:33.593123" level="INFO">{'gender': 'female', 'name': {'title': 'Ms', 'first': 'Brianna', 'last': 'Holland'}, 'location': {'street': {'number': 7883, 'name': 'Forest Ln'}, 'city': 'Medford', 'state': 'Maryland', 'country': 'United States', 'postcode': 75788, 'coordinates': {'latitude': '88.3511', 'longitude': '30.9437'}, 'timezone': {'offset': '-10:00', 'description': 'Hawaii'}}, 'email': 'brianna.holland@example.com', 'login': {'uuid': '26f1c486-b34c-457c-acfe-f1cc1c577a7a', 'username': 'tinywolf202', 'password': 'williams', 'salt': 'lqWuEWNV', 'md5': 'c105e518d7554a990432eb013dff3a6f', 'sha1': '12f20267fc8a068c188e91cb65c9100a974b84b4', 'sha256': 'd7c05399618d7e14a550483896fc32301ba9ed725f07180b861ddf2e85459f7c'}, 'dob': {'date': '1988-10-04T09:26:24.779Z', 'age': 35}, 'registered': {'date': '2017-06-27T19:47:04.564Z', 'age': 6}, 'phone': '(834) 564-6207', 'cell': '(954) 753-5436', 'id': {'name': 'SSN', 'value': '058-56-2203'}, 'picture': {'large': 'https://randomuser.me/api/portraits/women/11.jpg', 'medium': 'https://randomuser.me/api/portraits/med/women/11.jpg', 'thumbnail': 'https://randomuser.me/api/portraits/thumb/women/11.jpg'}, 'nat': 'US'}</msg>
<arg>${json_data['results'][0]}</arg>
<doc>Logs the given message with the given level.</doc>
<status status="PASS" start="2024-04-08T01:56:33.592756" elapsed="0.000421"/>
</kw>
<kw name="Log" owner="BuiltIn">
<msg time="2024-04-08T01:56:33.593611" level="INFO">gender</msg>
<arg>${key}</arg>
<doc>Logs the given message with the given level.</doc>
<status status="PASS" start="2024-04-08T01:56:33.593480" elapsed="0.000169"/>
</kw>
<var name="${key}">gender</var>
<status status="PASS" start="2024-04-08T01:56:33.591843" elapsed="0.002026"/>
</iter>
<iter>
<kw name="Dictionary Should Contain Key" owner="Collections">
<msg time="2024-04-08T01:56:33.594559" level="INFO">False</msg>
<arg>${json_data['results'][0]}</arg>
<arg>${key}</arg>
<doc>Fails if ``key`` is not found from ``dictionary``.</doc>
<status status="PASS" start="2024-04-08T01:56:33.594175" elapsed="0.000422"/>
</kw>
<kw name="Log" owner="BuiltIn">
<msg time="2024-04-08T01:56:33.595271" level="INFO">{'gender': 'female', 'name': {'title': 'Ms', 'first': 'Brianna', 'last': 'Holland'}, 'location': {'street': {'number': 7883, 'name': 'Forest Ln'}, 'city': 'Medford', 'state': 'Maryland', 'country': 'United States', 'postcode': 75788, 'coordinates': {'latitude': '88.3511', 'longitude': '30.9437'}, 'timezone': {'offset': '-10:00', 'description': 'Hawaii'}}, 'email': 'brianna.holland@example.com', 'login': {'uuid': '26f1c486-b34c-457c-acfe-f1cc1c577a7a', 'username': 'tinywolf202', 'password': 'williams', 'salt': 'lqWuEWNV', 'md5': 'c105e518d7554a990432eb013dff3a6f', 'sha1': '12f20267fc8a068c188e91cb65c9100a974b84b4', 'sha256': 'd7c05399618d7e14a550483896fc32301ba9ed725f07180b861ddf2e85459f7c'}, 'dob': {'date': '1988-10-04T09:26:24.779Z', 'age': 35}, 'registered': {'date': '2017-06-27T19:47:04.564Z', 'age': 6}, 'phone': '(834) 564-6207', 'cell': '(954) 753-5436', 'id': {'name': 'SSN', 'value': '058-56-2203'}, 'picture': {'large': 'https://randomuser.me/api/portraits/women/11.jpg', 'medium': 'https://randomuser.me/api/portraits/med/women/11.jpg', 'thumbnail': 'https://randomuser.me/api/portraits/thumb/women/11.jpg'}, 'nat': 'US'}</msg>
<arg>${json_data['results'][0]}</arg>
<doc>Logs the given message with the given level.</doc>
<status status="PASS" start="2024-04-08T01:56:33.594917" elapsed="0.000402"/>
</kw>
<kw name="Log" owner="BuiltIn">
<msg time="2024-04-08T01:56:33.595746" level="INFO">name</msg>
<arg>${key}</arg>
<doc>Logs the given message with the given level.</doc>
<status status="PASS" start="2024-04-08T01:56:33.595618" elapsed="0.000166"/>
</kw>
<var name="${key}">name</var>
<status status="PASS" start="2024-04-08T01:56:33.594059" elapsed="0.001967"/>
</iter>
<iter>
<kw name="Dictionary Should Contain Key" owner="Collections">
<msg time="2024-04-08T01:56:33.596712" level="INFO">False</msg>
<arg>${json_data['results'][0]}</arg>
<arg>${key}</arg>
<doc>Fails if ``key`` is not found from ``dictionary``.</doc>
<status status="PASS" start="2024-04-08T01:56:33.596320" elapsed="0.000431"/>
</kw>
<kw name="Log" owner="BuiltIn">
<msg time="2024-04-08T01:56:33.597405" level="INFO">{'gender': 'female', 'name': {'title': 'Ms', 'first': 'Brianna', 'last': 'Holland'}, 'location': {'street': {'number': 7883, 'name': 'Forest Ln'}, 'city': 'Medford', 'state': 'Maryland', 'country': 'United States', 'postcode': 75788, 'coordinates': {'latitude': '88.3511', 'longitude': '30.9437'}, 'timezone': {'offset': '-10:00', 'description': 'Hawaii'}}, 'email': 'brianna.holland@example.com', 'login': {'uuid': '26f1c486-b34c-457c-acfe-f1cc1c577a7a', 'username': 'tinywolf202', 'password': 'williams', 'salt': 'lqWuEWNV', 'md5': 'c105e518d7554a990432eb013dff3a6f', 'sha1': '12f20267fc8a068c188e91cb65c9100a974b84b4', 'sha256': 'd7c05399618d7e14a550483896fc32301ba9ed725f07180b861ddf2e85459f7c'}, 'dob': {'date': '1988-10-04T09:26:24.779Z', 'age': 35}, 'registered': {'date': '2017-06-27T19:47:04.564Z', 'age': 6}, 'phone': '(834) 564-6207', 'cell': '(954) 753-5436', 'id': {'name': 'SSN', 'value': '058-56-2203'}, 'picture': {'large': 'https://randomuser.me/api/portraits/women/11.jpg', 'medium': 'https://randomuser.me/api/portraits/med/women/11.jpg', 'thumbnail': 'https://randomuser.me/api/portraits/thumb/women/11.jpg'}, 'nat': 'US'}</msg>
<arg>${json_data['results'][0]}</arg>
<doc>Logs the given message with the given level.</doc>
<status status="PASS" start="2024-04-08T01:56:33.597050" elapsed="0.000407"/>
</kw>
<kw name="Log" owner="BuiltIn">
<msg time="2024-04-08T01:56:33.597881" level="INFO">location</msg>
<arg>${key}</arg>
<doc>Logs the given message with the given level.</doc>
<status status="PASS" start="2024-04-08T01:56:33.597753" elapsed="0.000166"/>
</kw>
<var name="${key}">location</var>
<status status="PASS" start="2024-04-08T01:56:33.596209" elapsed="0.001924"/>
</iter>
<iter>
<kw name="Dictionary Should Contain Key" owner="Collections">
<msg time="2024-04-08T01:56:33.598792" level="INFO">False</msg>
<arg>${json_data['results'][0]}</arg>
<arg>${key}</arg>
<doc>Fails if ``key`` is not found from ``dictionary``.</doc>
<status status="PASS" start="2024-04-08T01:56:33.598420" elapsed="0.000409"/>
</kw>
<kw name="Log" owner="BuiltIn">
<msg time="2024-04-08T01:56:33.599481" level="INFO">{'gender': 'female', 'name': {'title': 'Ms', 'first': 'Brianna', 'last': 'Holland'}, 'location': {'street': {'number': 7883, 'name': 'Forest Ln'}, 'city': 'Medford', 'state': 'Maryland', 'country': 'United States', 'postcode': 75788, 'coordinates': {'latitude': '88.3511', 'longitude': '30.9437'}, 'timezone': {'offset': '-10:00', 'description': 'Hawaii'}}, 'email': 'brianna.holland@example.com', 'login': {'uuid': '26f1c486-b34c-457c-acfe-f1cc1c577a7a', 'username': 'tinywolf202', 'password': 'williams', 'salt': 'lqWuEWNV', 'md5': 'c105e518d7554a990432eb013dff3a6f', 'sha1': '12f20267fc8a068c188e91cb65c9100a974b84b4', 'sha256': 'd7c05399618d7e14a550483896fc32301ba9ed725f07180b861ddf2e85459f7c'}, 'dob': {'date': '1988-10-04T09:26:24.779Z', 'age': 35}, 'registered': {'date': '2017-06-27T19:47:04.564Z', 'age': 6}, 'phone': '(834) 564-6207', 'cell': '(954) 753-5436', 'id': {'name': 'SSN', 'value': '058-56-2203'}, 'picture': {'large': 'https://randomuser.me/api/portraits/women/11.jpg', 'medium': 'https://randomuser.me/api/portraits/med/women/11.jpg', 'thumbnail': 'https://randomuser.me/api/portraits/thumb/women/11.jpg'}, 'nat': 'US'}</msg>
<arg>${json_data['results'][0]}</arg>
<doc>Logs the given message with the given level.</doc>
<status status="PASS" start="2024-04-08T01:56:33.599126" elapsed="0.000404"/>
</kw>
<kw name="Log" owner="BuiltIn">
<msg time="2024-04-08T01:56:33.599980" level="INFO">email</msg>
<arg>${key}</arg>
<doc>Logs the given message with the given level.</doc>
<status status="PASS" start="2024-04-08T01:56:33.599832" elapsed="0.000192"/>
</kw>
<var name="${key}">email</var>
<status status="PASS" start="2024-04-08T01:56:33.598309" elapsed="0.001937"/>
</iter>
<iter>
<kw name="Dictionary Should Contain Key" owner="Collections">
<msg time="2024-04-08T01:56:33.600903" level="INFO">False</msg>
<arg>${json_data['results'][0]}</arg>
<arg>${key}</arg>
<doc>Fails if ``key`` is not found from ``dictionary``.</doc>
<status status="PASS" start="2024-04-08T01:56:33.600528" elapsed="0.000413"/>
</kw>
<kw name="Log" owner="BuiltIn">
<msg time="2024-04-08T01:56:33.601591" level="INFO">{'gender': 'female', 'name': {'title': 'Ms', 'first': 'Brianna', 'last': 'Holland'}, 'location': {'street': {'number': 7883, 'name': 'Forest Ln'}, 'city': 'Medford', 'state': 'Maryland', 'country': 'United States', 'postcode': 75788, 'coordinates': {'latitude': '88.3511', 'longitude': '30.9437'}, 'timezone': {'offset': '-10:00', 'description': 'Hawaii'}}, 'email': 'brianna.holland@example.com', 'login': {'uuid': '26f1c486-b34c-457c-acfe-f1cc1c577a7a', 'username': 'tinywolf202', 'password': 'williams', 'salt': 'lqWuEWNV', 'md5': 'c105e518d7554a990432eb013dff3a6f', 'sha1': '12f20267fc8a068c188e91cb65c9100a974b84b4', 'sha256': 'd7c05399618d7e14a550483896fc32301ba9ed725f07180b861ddf2e85459f7c'}, 'dob': {'date': '1988-10-04T09:26:24.779Z', 'age': 35}, 'registered': {'date': '2017-06-27T19:47:04.564Z', 'age': 6}, 'phone': '(834) 564-6207', 'cell': '(954) 753-5436', 'id': {'name': 'SSN', 'value': '058-56-2203'}, 'picture': {'large': 'https://randomuser.me/api/portraits/women/11.jpg', 'medium': 'https://randomuser.me/api/portraits/med/women/11.jpg', 'thumbnail': 'https://randomuser.me/api/portraits/thumb/women/11.jpg'}, 'nat': 'US'}</msg>
<arg>${json_data['results'][0]}</arg>
<doc>Logs the given message with the given level.</doc>
<status status="PASS" start="2024-04-08T01:56:33.601232" elapsed="0.000406"/>
</kw>
<kw name="Log" owner="BuiltIn">
<msg time="2024-04-08T01:56:33.602060" level="INFO">login</msg>
<arg>${key}</arg>
<doc>Logs the given message with the given level.</doc>
<status status="PASS" start="2024-04-08T01:56:33.601932" elapsed="0.000170"/>
</kw>
<var name="${key}">login</var>
<status status="PASS" start="2024-04-08T01:56:33.600420" elapsed="0.001897"/>
</iter>
<var>${key}</var>
<value>@{expected_keys}</value>
<status status="PASS" start="2024-04-08T01:56:33.591644" elapsed="0.010820"/>
</for>
<kw name="Create List" owner="BuiltIn">
<msg time="2024-04-08T01:56:33.602802" level="INFO">${expected_keysTwo} = ['username', 'password']</msg>
<var>${expected_keysTwo}</var>
<arg>username</arg>
<arg>password</arg>
<doc>Returns a list containing given items.</doc>
<status status="PASS" start="2024-04-08T01:56:33.602666" elapsed="0.000160"/>
</kw>
<for flavor="IN">
<iter>
<kw name="Dictionary Should Contain Key" owner="Collections">
<msg time="2024-04-08T01:56:33.603835" level="INFO">False</msg>
<arg>${json_data['results'][0]['login']}</arg>
<arg>${keyTwo}</arg>
<doc>Fails if ``key`` is not found from ``dictionary``.</doc>
<status status="PASS" start="2024-04-08T01:56:33.603450" elapsed="0.000424"/>
</kw>
<kw name="Dictionary Should Contain Key" owner="Collections">
<msg time="2024-04-08T01:56:33.604590" level="INFO">False</msg>
<arg>${json_data['results'][0]['login']}</arg>
<arg>${keyTwo}</arg>
<doc>Fails if ``key`` is not found from ``dictionary``.</doc>
<status status="PASS" start="2024-04-08T01:56:33.604208" elapsed="0.000420"/>
</kw>
<kw name="Log" owner="BuiltIn">
<msg time="2024-04-08T01:56:33.605045" level="INFO">username</msg>
<arg>${keyTwo}</arg>
<doc>Logs the given message with the given level.</doc>
<status status="PASS" start="2024-04-08T01:56:33.604918" elapsed="0.000164"/>
</kw>
<var name="${keyTwo}">username</var>
<status status="PASS" start="2024-04-08T01:56:33.603338" elapsed="0.001956"/>
</iter>
<iter>
<kw name="Dictionary Should Contain Key" owner="Collections">
<msg time="2024-04-08T01:56:33.605954" level="INFO">False</msg>
<arg>${json_data['results'][0]['login']}</arg>
<arg>${keyTwo}</arg>
<doc>Fails if ``key`` is not found from ``dictionary``.</doc>
<status status="PASS" start="2024-04-08T01:56:33.605580" elapsed="0.000411"/>
</kw>
<kw name="Dictionary Should Contain Key" owner="Collections">
<msg time="2024-04-08T01:56:33.606655" level="INFO">False</msg>
<arg>${json_data['results'][0]['login']}</arg>
<arg>${keyTwo}</arg>
<doc>Fails if ``key`` is not found from ``dictionary``.</doc>
<status status="PASS" start="2024-04-08T01:56:33.606279" elapsed="0.000412"/>
</kw>
<kw name="Log" owner="BuiltIn">
<msg time="2024-04-08T01:56:33.607104" level="INFO">password</msg>
<arg>${keyTwo}</arg>
<doc>Logs the given message with the given level.</doc>
<status status="PASS" start="2024-04-08T01:56:33.606979" elapsed="0.000163"/>
</kw>
<var name="${keyTwo}">password</var>
<status status="PASS" start="2024-04-08T01:56:33.605470" elapsed="0.001885"/>
</iter>
<var>${keyTwo}</var>
<value>@{expected_keysTwo}</value>
<status status="PASS" start="2024-04-08T01:56:33.603068" elapsed="0.004412"/>
</for>
<status status="PASS" start="2024-04-08T01:56:33.481209" elapsed="0.126415"/>
</kw>
<doc>Testa a estrutura da resposta da API.</doc>
<tag>testeEstruturaResposta</tag>
<status status="PASS" start="2024-04-08T01:56:33.480420" elapsed="0.127371"/>
</test>
<test id="s1-s1-t4" name="Validar tipos de dados" line="28">
<kw name="Teste de Tipos de Dados" owner="random-user-service">
<kw name="GET On Session" owner="RequestsLibrary">
<msg time="2024-04-08T01:56:33.647752" level="INFO">GET Request : url=https://randomuser.me/api 
 path_url=/api 
 headers={'User-Agent': 'python-requests/2.31.0', 'Accept-Encoding': 'gzip, deflate', 'Accept': '*/*', 'Connection': 'keep-alive'} 
 body=None 
 </msg>
<msg time="2024-04-08T01:56:33.647850" level="INFO">GET Response : url=https://randomuser.me/api 
 status=200, reason=OK 
 headers={'Date': 'Mon, 08 Apr 2024 01:56:33 GMT', 'Content-Type': 'application/json; charset=utf-8', 'Transfer-Encoding': 'chunked', 'Connection': 'keep-alive', 'X-Powered-By': 'Express', 'Access-Control-Allow-Origin': '*', 'Cache-Control': 'no-cache', 'ETag': 'W/"48f-AtiF1Z98pvPNKQjA6erqKOKVBs8"', 'Vary': 'Accept-Encoding', 'Content-Encoding': 'gzip', 'CF-Cache-Status': 'DYNAMIC', 'Report-To': '{"endpoints":[{"url":"https:\\/\\/a.nel.cloudflare.com\\/report\\/v4?s=hD9giAhr6GT6lZHGlL7nXSJN%2FJscrXBEhUTUSTTNHhkh%2FH2lbZvWWcGAaP38GjxKe4ml1IomSIYavV220QxBSIpbdSvQ0BMglgbZC5s7z7A59mFEeyFm0vLi21VtshaR"}],"group":"cf-nel","max_age":604800}', 'NEL': '{"success_fraction":0,"report_to":"cf-nel","max_age":604800}', 'Server': 'cloudflare', 'CF-RAY': '870ea43e189b3b90-IAD', 'alt-svc': 'h3=":443"; ma=86400'} 
 body={"results":[{"gender":"female","name":{"title":"Mrs","first":"Alexis","last":"Morris"},"location":{"street":{"number":2631,"name":"Willis Street"},"city":"Rotorua","state":"Otago","country":"New Zealand","postcode":65151,"coordinates":{"latitude":"47.8171","longitude":"4.1886"},"timezone":{"offset":"-5:00","description":"Eastern Time (US &amp; Canada), Bogota, Lima"}},"email":"alexis.morris@example.com","login":{"uuid":"08744fa9-9a91-46d5-8ec7-a51663f01ac7","username":"heavymouse426","password":"ringo","salt":"PMex1ws4","md5":"194abd385de6bdb6b0e822decf81d83e","sha1":"2351bbccc91c56c4b204c68d79f4931b9dbd806f","sha256":"d8aa1a7fc1afa414443cbdbe8a533e92230e8f3f3971e238b3c1e17e691b0526"},"dob":{"date":"1948-07-14T06:41:14.718Z","age":75},"registered":{"date":"2010-03-27T15:50:21.759Z","age":14},"phone":"(190)-167-4255","cell":"(145)-833-9643","id":{"name":"","value":null},"picture":{"large":"https://randomuser.me/api/portraits/women/40.jpg","medium":"https://randomuser.me/api/portraits/med/women/40.jpg","thumbnail":"https://randomuser.me/api/portraits/thumb/women/40.jpg"},"nat":"NZ"}],"info":{"seed":"fb7f4a91e42da3c3","results":1,"page":1,"version":"1.4"}} 
 </msg>
<msg time="2024-04-08T01:56:33.647948" level="INFO">/opt/hostedtoolcache/Python/3.12.2/x64/lib/python3.12/site-packages/urllib3/connectionpool.py:1103: InsecureRequestWarning: Unverified HTTPS request is being made to host 'randomuser.me'. Adding certificate verification is strongly advised. See: https://urllib3.readthedocs.io/en/latest/advanced-usage.html#tls-warnings
  warnings.warn(</msg>
<msg time="2024-04-08T01:56:33.648096" level="INFO">${response} = &lt;Response [200]&gt;</msg>
<var>${response}</var>
<arg>consultarAPI</arg>
<arg>/api</arg>
<doc>Sends a GET request on a previously created HTTP Session.</doc>
<status status="PASS" start="2024-04-08T01:56:33.610271" elapsed="0.037865"/>
</kw>
<kw name="Set Variable" owner="BuiltIn">
<msg time="2024-04-08T01:56:33.649179" level="INFO">${json_data} = {'results': [{'gender': 'female', 'name': {'title': 'Mrs', 'first': 'Alexis', 'last': 'Morris'}, 'location': {'street': {'number': 2631, 'name': 'Willis Street'}, 'city': 'Rotorua', 'state': 'Otago', ...</msg>
<var>${json_data}</var>
<arg>${response.json()}</arg>
<doc>Returns the given values which can then be assigned to a variables.</doc>
<status status="PASS" start="2024-04-08T01:56:33.648670" elapsed="0.000538"/>
</kw>
<kw name="Log" owner="BuiltIn">
<msg time="2024-04-08T01:56:33.649683" level="INFO">{'results': [{'gender': 'female', 'name': {'title': 'Mrs', 'first': 'Alexis', 'last': 'Morris'}, 'location': {'street': {'number': 2631, 'name': 'Willis Street'}, 'city': 'Rotorua', 'state': 'Otago', 'country': 'New Zealand', 'postcode': 65151, 'coordinates': {'latitude': '47.8171', 'longitude': '4.1886'}, 'timezone': {'offset': '-5:00', 'description': 'Eastern Time (US &amp; Canada), Bogota, Lima'}}, 'email': 'alexis.morris@example.com', 'login': {'uuid': '08744fa9-9a91-46d5-8ec7-a51663f01ac7', 'username': 'heavymouse426', 'password': 'ringo', 'salt': 'PMex1ws4', 'md5': '194abd385de6bdb6b0e822decf81d83e', 'sha1': '2351bbccc91c56c4b204c68d79f4931b9dbd806f', 'sha256': 'd8aa1a7fc1afa414443cbdbe8a533e92230e8f3f3971e238b3c1e17e691b0526'}, 'dob': {'date': '1948-07-14T06:41:14.718Z', 'age': 75}, 'registered': {'date': '2010-03-27T15:50:21.759Z', 'age': 14}, 'phone': '(190)-167-4255', 'cell': '(145)-833-9643', 'id': {'name': '', 'value': None}, 'picture': {'large': 'https://randomuser.me/api/portraits/women/40.jpg', 'medium': 'https://randomuser.me/api/portraits/med/women/40.jpg', 'thumbnail': 'https://randomuser.me/api/portraits/thumb/women/40.jpg'}, 'nat': 'NZ'}], 'info': {'seed': 'fb7f4a91e42da3c3', 'results': 1, 'page': 1, 'version': '1.4'}}</msg>
<arg>${json_data}</arg>
<doc>Logs the given message with the given level.</doc>
<status status="PASS" start="2024-04-08T01:56:33.649528" elapsed="0.000239"/>
</kw>
<kw name="Should Be String" owner="String">
<arg>${json_data['results'][0]['gender']}</arg>
<doc>Fails if the given ``item`` is not a string.</doc>
<status status="PASS" start="2024-04-08T01:56:33.650081" elapsed="0.000364"/>
</kw>
<kw name="Should Match Regexp" owner="BuiltIn">
<arg>${json_data['results'][0]['email']}</arg>
<arg>^[a-zA-Z0-9._%+-]+@[a-zA-Z0-9.-]+\.[a-zA-Z]{2,}$</arg>
<doc>Fails if ``string`` does not match ``pattern`` as a regular expression.</doc>
<status status="PASS" start="2024-04-08T01:56:33.650636" elapsed="0.000513"/>
</kw>
<kw name="Should Match Regexp" owner="BuiltIn">
<arg>${json_data['results'][0]['dob']['date']}</arg>
<arg>\\d{4}-\\d{2}-\\d{2}T\\d{2}:\\d{2}:\\d{2}\\.\\d{3}Z</arg>
<doc>Fails if ``string`` does not match ``pattern`` as a regular expression.</doc>
<status status="PASS" start="2024-04-08T01:56:33.651343" elapsed="0.000490"/>
</kw>
<kw name="Should Match Regexp" owner="BuiltIn">
<arg>${json_data['results'][0]['registered']['date']}</arg>
<arg>\\d{4}-\\d{2}-\\d{2}T\\d{2}:\\d{2}:\\d{2}\\.\\d{3}Z</arg>
<doc>Fails if ``string`` does not match ``pattern`` as a regular expression.</doc>
<status status="PASS" start="2024-04-08T01:56:33.652075" elapsed="0.000381"/>
</kw>
<kw name="Should Match Regexp" owner="BuiltIn">
<arg>${json_data['results'][0]['picture']['large']}</arg>
<arg>^https?://.*\.(?:png|jpe?g|gif|bmp)$</arg>
<doc>Fails if ``string`` does not match ``pattern`` as a regular expression.</doc>
<status status="PASS" start="2024-04-08T01:56:33.652645" elapsed="0.000458"/>
</kw>
<kw name="Should Match Regexp" owner="BuiltIn">
<arg>${json_data['results'][0]['picture']['medium']}</arg>
<arg>^https?://.*\.(?:png|jpe?g|gif|bmp)$</arg>
<doc>Fails if ``string`` does not match ``pattern`` as a regular expression.</doc>
<status status="PASS" start="2024-04-08T01:56:33.653290" elapsed="0.000359"/>
</kw>
<kw name="Should Match Regexp" owner="BuiltIn">
<arg>${json_data['results'][0]['picture']['thumbnail']}</arg>
<arg>^https?://.*\.(?:png|jpe?g|gif|bmp)$</arg>
<doc>Fails if ``string`` does not match ``pattern`` as a regular expression.</doc>
<status status="PASS" start="2024-04-08T01:56:33.653834" elapsed="0.000348"/>
</kw>
<kw name="Log" owner="BuiltIn">
<msg time="2024-04-08T01:56:33.654718" level="INFO">{'large': 'https://randomuser.me/api/portraits/women/40.jpg', 'medium': 'https://randomuser.me/api/portraits/med/women/40.jpg', 'thumbnail': 'https://randomuser.me/api/portraits/thumb/women/40.jpg'}</msg>
<arg>${json_data['results'][0]['picture']}</arg>
<doc>Logs the given message with the given level.</doc>
<status status="PASS" start="2024-04-08T01:56:33.654375" elapsed="0.000386"/>
</kw>
<status status="PASS" start="2024-04-08T01:56:33.610042" elapsed="0.044984"/>
</kw>
<kw name="Teste de Tipos de Dados - Postcode" owner="random-user-service">
<kw name="GET On Session" owner="RequestsLibrary">
<msg time="2024-04-08T01:56:33.745051" level="INFO">GET Request : url=https://randomuser.me/api 
 path_url=/api 
 headers={'User-Agent': 'python-requests/2.31.0', 'Accept-Encoding': 'gzip, deflate', 'Accept': '*/*', 'Connection': 'keep-alive'} 
 body=None 
 </msg>
<msg time="2024-04-08T01:56:33.745150" level="INFO">GET Response : url=https://randomuser.me/api 
 status=200, reason=OK 
 headers={'Date': 'Mon, 08 Apr 2024 01:56:33 GMT', 'Content-Type': 'application/json; charset=utf-8', 'Transfer-Encoding': 'chunked', 'Connection': 'keep-alive', 'X-Powered-By': 'Express', 'Access-Control-Allow-Origin': '*', 'Cache-Control': 'no-cache', 'ETag': 'W/"4a0-h+gQVmSjT5l+ZcWo9YoSllNZcFM"', 'Vary': 'Accept-Encoding', 'Content-Encoding': 'gzip', 'CF-Cache-Status': 'DYNAMIC', 'Report-To': '{"endpoints":[{"url":"https:\\/\\/a.nel.cloudflare.com\\/report\\/v4?s=6ePLntd6KdvxRcoWmgoSEHhkD3q9mE1ohUyQ3BFzET2NuXiXT%2FHLHhLfqH%2FjeNrUMzupf8RPNPed8KB3lJRoB%2FRoHEJOQoFH2WlEl6Y0gfdRcDQYVrDK7F872CcXffx9"}],"group":"cf-nel","max_age":604800}', 'NEL': '{"success_fraction":0,"report_to":"cf-nel","max_age":604800}', 'Server': 'cloudflare', 'CF-RAY': '870ea43e59043b90-IAD', 'alt-svc': 'h3=":443"; ma=86400'} 
 body={"results":[{"gender":"female","name":{"title":"Miss","first":"Leslie","last":"Fletcher"},"location":{"street":{"number":612,"name":"Walnut Hill Ln"},"city":"Launceston","state":"Queensland","country":"Australia","postcode":939,"coordinates":{"latitude":"-82.0174","longitude":"104.1566"},"timezone":{"offset":"+8:00","description":"Beijing, Perth, Singapore, Hong Kong"}},"email":"leslie.fletcher@example.com","login":{"uuid":"940d0f86-4067-4184-b97d-3314d09b110a","username":"ticklishduck301","password":"jones1","salt":"bxCfFqmJ","md5":"5ecfe8faecb568f9fcde403d59a56747","sha1":"bb57d025142fe67529dddf0de290941d6017acb1","sha256":"d1e16665cf7ebe65d0fb8881c16bc2d3232d4f3ddd1a5ed5cbbb01a912acc9bb"},"dob":{"date":"1951-01-10T03:25:22.917Z","age":73},"registered":{"date":"2008-03-02T07:49:05.296Z","age":16},"phone":"00-5611-0699","cell":"0422-340-317","id":{"name":"TFN","value":"286740369"},"picture":{"large":"https://randomuser.me/api/portraits/women/83.jpg","medium":"https://randomuser.me/api/portraits/med/women/83.jpg","thumbnail":"https://randomuser.me/api/portraits/thumb/women/83.jpg"},"nat":"AU"}],"info":{"seed":"e6d2cedb7a44a770","results":1,"page":1,"version":"1.4"}} 
 </msg>
<msg time="2024-04-08T01:56:33.745239" level="INFO">/opt/hostedtoolcache/Python/3.12.2/x64/lib/python3.12/site-packages/urllib3/connectionpool.py:1103: InsecureRequestWarning: Unverified HTTPS request is being made to host 'randomuser.me'. Adding certificate verification is strongly advised. See: https://urllib3.readthedocs.io/en/latest/advanced-usage.html#tls-warnings
  warnings.warn(</msg>
<msg time="2024-04-08T01:56:33.745387" level="INFO">${response} = &lt;Response [200]&gt;</msg>
<var>${response}</var>
<arg>consultarAPI</arg>
<arg>/api</arg>
<doc>Sends a GET request on a previously created HTTP Session.</doc>
<status status="PASS" start="2024-04-08T01:56:33.655518" elapsed="0.089914"/>
</kw>
<kw name="Set Variable" owner="BuiltIn">
<msg time="2024-04-08T01:56:33.746462" level="INFO">${json_data} = {'results': [{'gender': 'female', 'name': {'title': 'Miss', 'first': 'Leslie', 'last': 'Fletcher'}, 'location': {'street': {'number': 612, 'name': 'Walnut Hill Ln'}, 'city': 'Launceston', 'state': 'Qu...</msg>
<var>${json_data}</var>
<arg>${response.json()}</arg>
<doc>Returns the given values which can then be assigned to a variables.</doc>
<status status="PASS" start="2024-04-08T01:56:33.745951" elapsed="0.000539"/>
</kw>
<kw name="Log" owner="BuiltIn">
<msg time="2024-04-08T01:56:33.746951" level="INFO">{'results': [{'gender': 'female', 'name': {'title': 'Miss', 'first': 'Leslie', 'last': 'Fletcher'}, 'location': {'street': {'number': 612, 'name': 'Walnut Hill Ln'}, 'city': 'Launceston', 'state': 'Queensland', 'country': 'Australia', 'postcode': 939, 'coordinates': {'latitude': '-82.0174', 'longitude': '104.1566'}, 'timezone': {'offset': '+8:00', 'description': 'Beijing, Perth, Singapore, Hong Kong'}}, 'email': 'leslie.fletcher@example.com', 'login': {'uuid': '940d0f86-4067-4184-b97d-3314d09b110a', 'username': 'ticklishduck301', 'password': 'jones1', 'salt': 'bxCfFqmJ', 'md5': '5ecfe8faecb568f9fcde403d59a56747', 'sha1': 'bb57d025142fe67529dddf0de290941d6017acb1', 'sha256': 'd1e16665cf7ebe65d0fb8881c16bc2d3232d4f3ddd1a5ed5cbbb01a912acc9bb'}, 'dob': {'date': '1951-01-10T03:25:22.917Z', 'age': 73}, 'registered': {'date': '2008-03-02T07:49:05.296Z', 'age': 16}, 'phone': '00-5611-0699', 'cell': '0422-340-317', 'id': {'name': 'TFN', 'value': '286740369'}, 'picture': {'large': 'https://randomuser.me/api/portraits/women/83.jpg', 'medium': 'https://randomuser.me/api/portraits/med/women/83.jpg', 'thumbnail': 'https://randomuser.me/api/portraits/thumb/women/83.jpg'}, 'nat': 'AU'}], 'info': {'seed': 'e6d2cedb7a44a770', 'results': 1, 'page': 1, 'version': '1.4'}}</msg>
<arg>${json_data}</arg>
<doc>Logs the given message with the given level.</doc>
<status status="PASS" start="2024-04-08T01:56:33.746798" elapsed="0.000233"/>
</kw>
<kw name="Should Be Equal As Numbers" owner="BuiltIn">
<arg>${json_data['results'][0]['location']['postcode']}</arg>
<arg>${json_data['results'][0]['location']['postcode']}</arg>
<doc>Fails if objects are unequal after converting them to real numbers.</doc>
<status status="PASS" start="2024-04-08T01:56:33.747332" elapsed="0.000667"/>
</kw>
<kw name="Log" owner="BuiltIn">
<msg time="2024-04-08T01:56:33.748542" level="INFO">939</msg>
<arg>${json_data['results'][0]['location']['postcode']}</arg>
<doc>Logs the given message with the given level.</doc>
<status status="PASS" start="2024-04-08T01:56:33.748204" elapsed="0.000379"/>
</kw>
<status status="PASS" start="2024-04-08T01:56:33.655275" elapsed="0.093566"/>
</kw>
<doc>Testa se os tipos de dados na resposta da API estão corretos.</doc>
<tag>testeTiposDados</tag>
<status status="PASS" start="2024-04-08T01:56:33.609567" elapsed="0.139449"/>
</test>
<test id="s1-s1-t5" name="Validar conteudo" line="35">
<kw name="Teste de Tipos de Conteudo" owner="random-user-service">
<kw name="GET On Session" owner="RequestsLibrary">
<msg time="2024-04-08T01:56:33.856181" level="INFO">GET Request : url=https://randomuser.me/api 
 path_url=/api 
 headers={'User-Agent': 'python-requests/2.31.0', 'Accept-Encoding': 'gzip, deflate', 'Accept': '*/*', 'Connection': 'keep-alive'} 
 body=None 
 </msg>
<msg time="2024-04-08T01:56:33.856279" level="INFO">GET Response : url=https://randomuser.me/api 
 status=200, reason=OK 
 headers={'Date': 'Mon, 08 Apr 2024 01:56:33 GMT', 'Content-Type': 'application/json; charset=utf-8', 'Transfer-Encoding': 'chunked', 'Connection': 'keep-alive', 'X-Powered-By': 'Express', 'Access-Control-Allow-Origin': '*', 'Cache-Control': 'no-cache', 'ETag': 'W/"486-n+7O1O5/7IrzUcd4gIfaTNVN4EA"', 'Vary': 'Accept-Encoding', 'Content-Encoding': 'gzip', 'CF-Cache-Status': 'DYNAMIC', 'Report-To': '{"endpoints":[{"url":"https:\\/\\/a.nel.cloudflare.com\\/report\\/v4?s=%2BTXyq8TbtAmBAUcFo7bwpk2HcdcCyBBnf2TtXBde7Dy7IJS%2BiOTdDuIFIBhKXNqbKMUg9dmrXgYr3e9Ldh1B6mGNPxLj%2B1wR3oxtJqRh4lD%2Fp4kdZDLCHEDYuLgrJBEl"}],"group":"cf-nel","max_age":604800}', 'NEL': '{"success_fraction":0,"report_to":"cf-nel","max_age":604800}', 'Server': 'cloudflare', 'CF-RAY': '870ea43ef9c03b90-IAD', 'alt-svc': 'h3=":443"; ma=86400'} 
 body={"results":[{"gender":"male","name":{"title":"Mr","first":"Makar","last":"Alchevska"},"location":{"street":{"number":4187,"name":"Akademika Maslova"},"city":"Gluhiv","state":"Hmelnicka","country":"Ukraine","postcode":35548,"coordinates":{"latitude":"77.7144","longitude":"-112.1010"},"timezone":{"offset":"-1:00","description":"Azores, Cape Verde Islands"}},"email":"makar.alchevska@example.com","login":{"uuid":"806683e4-0415-4327-9e5a-b3afeca8876a","username":"goldenostrich723","password":"twister","salt":"dqfwojD1","md5":"b3ffa799aff725e954463fa07709d05d","sha1":"c2b104fef61624b7f1eb1426a955b01e9c00f112","sha256":"ef2c99acd7c7ba35a0ebe9e6a8a29619389268c8b6f253d34179d7edc3fca3fa"},"dob":{"date":"1958-07-03T14:02:24.309Z","age":65},"registered":{"date":"2015-03-05T00:26:38.240Z","age":9},"phone":"(099) T65-5446","cell":"(096) F69-5189","id":{"name":"","value":null},"picture":{"large":"https://randomuser.me/api/portraits/men/98.jpg","medium":"https://randomuser.me/api/portraits/med/men/98.jpg","thumbnail":"https://randomuser.me/api/portraits/thumb/men/98.jpg"},"nat":"UA"}],"info":{"seed":"7553e78a8511b07d","results":1,"page":1,"version":"1.4"}} 
 </msg>
<msg time="2024-04-08T01:56:33.856352" level="INFO">/opt/hostedtoolcache/Python/3.12.2/x64/lib/python3.12/site-packages/urllib3/connectionpool.py:1103: InsecureRequestWarning: Unverified HTTPS request is being made to host 'randomuser.me'. Adding certificate verification is strongly advised. See: https://urllib3.readthedocs.io/en/latest/advanced-usage.html#tls-warnings
  warnings.warn(</msg>
<msg time="2024-04-08T01:56:33.856491" level="INFO">${response} = &lt;Response [200]&gt;</msg>
<var>${response}</var>
<arg>consultarAPI</arg>
<arg>/api</arg>
<doc>Sends a GET request on a previously created HTTP Session.</doc>
<status status="PASS" start="2024-04-08T01:56:33.751451" elapsed="0.105081"/>
</kw>
<kw name="Set Variable" owner="BuiltIn">
<msg time="2024-04-08T01:56:33.857593" level="INFO">${json_data} = {'results': [{'gender': 'male', 'name': {'title': 'Mr', 'first': 'Makar', 'last': 'Alchevska'}, 'location': {'street': {'number': 4187, 'name': 'Akademika Maslova'}, 'city': 'Gluhiv', 'state': 'Hmelni...</msg>
<var>${json_data}</var>
<arg>${response.json()}</arg>
<doc>Returns the given values which can then be assigned to a variables.</doc>
<status status="PASS" start="2024-04-08T01:56:33.857072" elapsed="0.000550"/>
</kw>
<kw name="Set Variable" owner="BuiltIn">
<msg time="2024-04-08T01:56:33.858320" level="INFO">${name_title} = Mr</msg>
<var>${name_title}</var>
<arg>${json_data["results"][0]["name"]["title"]}</arg>
<doc>Returns the given values which can then be assigned to a variables.</doc>
<status status="PASS" start="2024-04-08T01:56:33.857936" elapsed="0.000409"/>
</kw>
<kw name="Create List" owner="BuiltIn">
<msg time="2024-04-08T01:56:33.858796" level="INFO">${allowed_titles} = ['Mr', 'Ms', 'Miss', 'Mrs', 'Madame', 'Monsieur']</msg>
<var>${allowed_titles}</var>
<arg>Mr</arg>
<arg>Ms</arg>
<arg>Miss</arg>
<arg>Mrs</arg>
<arg>Madame</arg>
<arg>Monsieur</arg>
<doc>Returns a list containing given items.</doc>
<status status="PASS" start="2024-04-08T01:56:33.858639" elapsed="0.000181"/>
</kw>
<kw name="List Should Contain Value" owner="Collections">
<msg time="2024-04-08T01:56:33.859298" level="INFO">False</msg>
<arg>${allowed_titles}</arg>
<arg>${name_title}</arg>
<doc>Fails if the ``value`` is not found from ``list``.</doc>
<status status="PASS" start="2024-04-08T01:56:33.859118" elapsed="0.000217"/>
</kw>
<kw name="Set Variable" owner="BuiltIn">
<msg time="2024-04-08T01:56:33.860022" level="INFO">${name_country} = UA</msg>
<var>${name_country}</var>
<arg>${json_data["results"][0]["nat"]}</arg>
<doc>Returns the given values which can then be assigned to a variables.</doc>
<status status="PASS" start="2024-04-08T01:56:33.859620" elapsed="0.000427"/>
</kw>
<kw name="Create List" owner="BuiltIn">
<msg time="2024-04-08T01:56:33.860960" level="INFO">${list_country} = ['AD', 'AE', 'AF', 'AG', 'AI', 'AL', 'AM', 'AO', 'AQ', 'AR', 'AS', 'AT', 'AU', 'AW', 'AX', 'AZ', 'BA', 'BB', 'BD', 'BE', 'BF', 'BG', 'BH', 'BI', 'BJ', 'BL', 'BM', 'BN', 'BO', 'BQ', 'BR', 'BS', 'BT', '...</msg>
<var>${list_country}</var>
<arg>AD</arg>
<arg>AE</arg>
<arg>AF</arg>
<arg>AG</arg>
<arg>AI</arg>
<arg>AL</arg>
<arg>AM</arg>
<arg>AO</arg>
<arg>AQ</arg>
<arg>AR</arg>
<arg>AS</arg>
<arg>AT</arg>
<arg>AU</arg>
<arg>AW</arg>
<arg>AX</arg>
<arg>AZ</arg>
<arg>BA</arg>
<arg>BB</arg>
<arg>BD</arg>
<arg>BE</arg>
<arg>BF</arg>
<arg>BG</arg>
<arg>BH</arg>
<arg>BI</arg>
<arg>BJ</arg>
<arg>BL</arg>
<arg>BM</arg>
<arg>BN</arg>
<arg>BO</arg>
<arg>BQ</arg>
<arg>BR</arg>
<arg>BS</arg>
<arg>BT</arg>
<arg>BV</arg>
<arg>BW</arg>
<arg>BY</arg>
<arg>BZ</arg>
<arg>CA</arg>
<arg>CC</arg>
<arg>CD</arg>
<arg>CF</arg>
<arg>CG</arg>
<arg>CH</arg>
<arg>CI</arg>
<arg>CK</arg>
<arg>CL</arg>
<arg>CM</arg>
<arg>CN</arg>
<arg>CO</arg>
<arg>CR</arg>
<arg>CU</arg>
<arg>CV</arg>
<arg>CW</arg>
<arg>CX</arg>
<arg>CY</arg>
<arg>CZ</arg>
<arg>DE</arg>
<arg>DJ</arg>
<arg>DK</arg>
<arg>DM</arg>
<arg>DO</arg>
<arg>DZ</arg>
<arg>EC</arg>
<arg>EE</arg>
<arg>EG</arg>
<arg>EH</arg>
<arg>ER</arg>
<arg>ES</arg>
<arg>ET</arg>
<arg>FI</arg>
<arg>FJ</arg>
<arg>FK</arg>
<arg>FM</arg>
<arg>FO</arg>
<arg>FR</arg>
<arg>GA</arg>
<arg>GB</arg>
<arg>GD</arg>
<arg>GE</arg>
<arg>GF</arg>
<arg>GG</arg>
<arg>GH</arg>
<arg>GI</arg>
<arg>GL</arg>
<arg>GM</arg>
<arg>GN</arg>
<arg>GP</arg>
<arg>GQ</arg>
<arg>GR</arg>
<arg>GS</arg>
<arg>GT</arg>
<arg>GU</arg>
<arg>GW</arg>
<arg>GY</arg>
<arg>HK</arg>
<arg>HM</arg>
<arg>HN</arg>
<arg>HR</arg>
<arg>HT</arg>
<arg>HU</arg>
<arg>ID</arg>
<arg>IE</arg>
<arg>IL</arg>
<arg>IM</arg>
<arg>IN</arg>
<arg>IO</arg>
<arg>IQ</arg>
<arg>IR</arg>
<arg>IS</arg>
<arg>IT</arg>
<arg>JE</arg>
<arg>JM</arg>
<arg>JO</arg>
<arg>JP</arg>
<arg>KE</arg>
<arg>KG</arg>
<arg>KH</arg>
<arg>KI</arg>
<arg>KM</arg>
<arg>KN</arg>
<arg>KP</arg>
<arg>KR</arg>
<arg>KW</arg>
<arg>KY</arg>
<arg>KZ</arg>
<arg>LA</arg>
<arg>LB</arg>
<arg>LC</arg>
<arg>LI</arg>
<arg>LK</arg>
<arg>LR</arg>
<arg>LS</arg>
<arg>LT</arg>
<arg>LU</arg>
<arg>LV</arg>
<arg>LY</arg>
<arg>MA</arg>
<arg>MC</arg>
<arg>MD</arg>
<arg>ME</arg>
<arg>MF</arg>
<arg>MG</arg>
<arg>MH</arg>
<arg>MK</arg>
<arg>ML</arg>
<arg>MM</arg>
<arg>MN</arg>
<arg>MO</arg>
<arg>MP</arg>
<arg>MQ</arg>
<arg>MR</arg>
<arg>MS</arg>
<arg>MT</arg>
<arg>MU</arg>
<arg>MV</arg>
<arg>MW</arg>
<arg>MX</arg>
<arg>MY</arg>
<arg>MZ</arg>
<arg>NA</arg>
<arg>NC</arg>
<arg>NE</arg>
<arg>NF</arg>
<arg>NG</arg>
<arg>NI</arg>
<arg>NL</arg>
<arg>NO</arg>
<arg>NP</arg>
<arg>NR</arg>
<arg>NU</arg>
<arg>NZ</arg>
<arg>OM</arg>
<arg>PA</arg>
<arg>PE</arg>
<arg>PF</arg>
<arg>PG</arg>
<arg>PH</arg>
<arg>PK</arg>
<arg>PL</arg>
<arg>PM</arg>
<arg>PN</arg>
<arg>PR</arg>
<arg>PS</arg>
<arg>PT</arg>
<arg>PW</arg>
<arg>PY</arg>
<arg>QA</arg>
<arg>RE</arg>
<arg>RO</arg>
<arg>RS</arg>
<arg>RU</arg>
<arg>RW</arg>
<arg>SA</arg>
<arg>SB</arg>
<arg>SC</arg>
<arg>SD</arg>
<arg>SE</arg>
<arg>SG</arg>
<arg>SH</arg>
<arg>SI</arg>
<arg>SJ</arg>
<arg>SK</arg>
<arg>SL</arg>
<arg>SM</arg>
<arg>SN</arg>
<arg>SO</arg>
<arg>SR</arg>
<arg>SS</arg>
<arg>ST</arg>
<arg>SV</arg>
<arg>SX</arg>
<arg>SY</arg>
<arg>SZ</arg>
<arg>TC</arg>
<arg>TD</arg>
<arg>TF</arg>
<arg>TG</arg>
<arg>TH</arg>
<arg>TJ</arg>
<arg>TK</arg>
<arg>TL</arg>
<arg>TM</arg>
<arg>TN</arg>
<arg>TO</arg>
<arg>TR</arg>
<arg>TT</arg>
<arg>TV</arg>
<arg>TW</arg>
<arg>TZ</arg>
<arg>UA</arg>
<arg>UG</arg>
<arg>UM</arg>
<arg>US</arg>
<arg>UY</arg>
<arg>UZ</arg>
<arg>VA</arg>
<arg>VC</arg>
<arg>VE</arg>
<arg>VG</arg>
<arg>VI</arg>
<arg>VN</arg>
<arg>VU</arg>
<arg>WF</arg>
<arg>WS</arg>
<arg>XK</arg>
<arg>YE</arg>
<arg>YT</arg>
<arg>ZA</arg>
<arg>ZM</arg>
<arg>ZW</arg>
<doc>Returns a list containing given items.</doc>
<status status="PASS" start="2024-04-08T01:56:33.860349" elapsed="0.000636"/>
</kw>
<kw name="List Should Contain Value" owner="Collections">
<msg time="2024-04-08T01:56:33.861978" level="INFO">False</msg>
<arg>${list_country}</arg>
<arg>${name_country}</arg>
<doc>Fails if the ``value`` is not found from ``list``.</doc>
<status status="PASS" start="2024-04-08T01:56:33.861778" elapsed="0.000236"/>
</kw>
<kw name="Run Keyword If" owner="BuiltIn">
<kw name="Should Be True" owner="BuiltIn">
<arg>${True}</arg>
<doc>Fails if the given condition is not true.</doc>
<status status="PASS" start="2024-04-08T01:56:33.863195" elapsed="0.000145"/>
</kw>
<arg>${json_data["results"][0]["location"]["coordinates"]["latitude"]} &gt;= -90 and ${json_data["results"][0]["location"]["coordinates"]["latitude"]} &lt;= 90</arg>
<arg>Should Be True</arg>
<arg>${True}</arg>
<doc>Runs the given keyword with the given arguments, if ``condition`` is true.</doc>
<status status="PASS" start="2024-04-08T01:56:33.862317" elapsed="0.001151"/>
</kw>
<kw name="Run Keyword If" owner="BuiltIn">
<kw name="Should Be True" owner="BuiltIn">
<arg>${True}</arg>
<doc>Fails if the given condition is not true.</doc>
<status status="PASS" start="2024-04-08T01:56:33.864379" elapsed="0.000140"/>
</kw>
<arg>${json_data["results"][0]["location"]["coordinates"]["longitude"]} &gt;= -180 and ${json_data["results"][0]["location"]["coordinates"]["longitude"]} &lt;= 180</arg>
<arg>Should Be True</arg>
<arg>${True}</arg>
<doc>Runs the given keyword with the given arguments, if ``condition`` is true.</doc>
<status status="PASS" start="2024-04-08T01:56:33.863652" elapsed="0.000990"/>
</kw>
<status status="PASS" start="2024-04-08T01:56:33.751226" elapsed="0.113548"/>
</kw>
<doc>Testa o conteúdo específico dos campos retornados pela API.</doc>
<tag>testeConteudo</tag>
<status status="PASS" start="2024-04-08T01:56:33.750767" elapsed="0.114161"/>
</test>
<status status="PASS" start="2024-04-08T01:56:32.563451" elapsed="1.303395"/>
</suite>
<status status="PASS" start="2024-04-08T01:56:32.549346" elapsed="1.322869"/>
</suite>
<statistics>
<total>
<stat pass="5" fail="0" skip="0">All Tests</stat>
</total>
<tag>
<stat pass="1" fail="0" skip="0">testeConteudo</stat>
<stat pass="1" fail="0" skip="0">testeEstruturaResposta</stat>
<stat pass="1" fail="0" skip="0">testeRequisicaoBasica</stat>
<stat pass="1" fail="0" skip="0">testeTiposDados</stat>
</tag>
<suite>
<stat pass="5" fail="0" skip="0" id="s1" name="Tests">Tests</stat>
<stat pass="5" fail="0" skip="0" id="s1-s1" name="Random-User-Test">Tests.Random-User-Test</stat>
</suite>
</statistics>
<errors>
</errors>
</robot>
