<?xml version="1.0" encoding="UTF-8"?>
<robot generator="Robot 7.0 (Python 3.12.2 on linux)" generated="2024-04-16T02:21:29.749893" rpa="false" schemaversion="5">
<suite id="s1" name="Tests" source="/home/runner/work/DesafioQAItauRogerioJordao/DesafioQAItauRogerioJordao/RamdonUser/tests">
<suite id="s1-s1" name="Random-User-Test" source="/home/runner/work/DesafioQAItauRogerioJordao/DesafioQAItauRogerioJordao/RamdonUser/tests/random-user-test.robot">
<test id="s1-s1-t1" name="Conectar" line="13">
<kw name="Conectar API" owner="random-user-service">
<kw name="Create Session" owner="RequestsLibrary">
<msg time="2024-04-16T02:21:30.120610" level="INFO">Creating Session using : alias=consultarAPI, url=https://randomuser.me/, headers={},                     cookies={}, auth=None, timeout=None, proxies=None, verify=False,                     debug=0 </msg>
<arg>consultarAPI</arg>
<arg>${URL}</arg>
<doc>Create Session: create a HTTP session to a server</doc>
<status status="PASS" start="2024-04-16T02:21:30.120375" elapsed="0.000414"/>
</kw>
<status status="PASS" start="2024-04-16T02:21:30.119345" elapsed="0.001800"/>
</kw>
<status status="PASS" start="2024-04-16T02:21:30.118746" elapsed="0.002613"/>
</test>
<test id="s1-s1-t2" name="Validar retorno 200 e JSON Válido" line="16">
<kw name="Teste de Requisicao Basica" owner="random-user-service">
<kw name="GET On Session" owner="RequestsLibrary">
<msg time="2024-04-16T02:21:30.377049" level="INFO">GET Request : url=https://randomuser.me/api 
 path_url=/api 
 headers={'User-Agent': 'python-requests/2.31.0', 'Accept-Encoding': 'gzip, deflate', 'Accept': '*/*', 'Connection': 'keep-alive'} 
 body=None 
 </msg>
<msg time="2024-04-16T02:21:30.377222" level="INFO">GET Response : url=https://randomuser.me/api 
 status=200, reason=OK 
 headers={'Date': 'Tue, 16 Apr 2024 02:21:30 GMT', 'Content-Type': 'application/json; charset=utf-8', 'Transfer-Encoding': 'chunked', 'Connection': 'keep-alive', 'X-Powered-By': 'Express', 'Access-Control-Allow-Origin': '*', 'Cache-Control': 'no-cache', 'ETag': 'W/"4b0-UiIguUZ1QtNRp/9P2FMp7AYq/Sc"', 'Vary': 'Accept-Encoding', 'Content-Encoding': 'gzip', 'CF-Cache-Status': 'DYNAMIC', 'Report-To': '{"endpoints":[{"url":"https:\\/\\/a.nel.cloudflare.com\\/report\\/v4?s=t%2B6HTMRcuG%2BR8xBJ%2BhWfFQORCJWy2gXeHc4LKaybGOrSBYcwnlpweiesoGo2Ohk0pS%2BQcuJgRghlANxuCSY8%2Fx5HuTZmE%2B9vFOKAQ4OVShcn9UD3ekBXeDdf77SGJFmN"}],"group":"cf-nel","max_age":604800}', 'NEL': '{"success_fraction":0,"report_to":"cf-nel","max_age":604800}', 'Server': 'cloudflare', 'CF-RAY': '8750b3c85d1b9843-SJC', 'alt-svc': 'h3=":443"; ma=86400'} 
 body={"results":[{"gender":"female","name":{"title":"Madame","first":"Tatjana","last":"Hubert"},"location":{"street":{"number":4293,"name":"Rue André-Gide"},"city":"Schönenberg (Zh)","state":"Aargau","country":"Switzerland","postcode":4256,"coordinates":{"latitude":"-61.2325","longitude":"114.0156"},"timezone":{"offset":"+1:00","description":"Brussels, Copenhagen, Madrid, Paris"}},"email":"tatjana.hubert@example.com","login":{"uuid":"e7c766c0-a0a7-40cb-9545-d1e0a85af658","username":"goldensnake156","password":"deville","salt":"cQBcWT2w","md5":"4b22614291f498ff5f1118327e383097","sha1":"dee8084cac7fde70f0160eb430f1ba6b16e81869","sha256":"04422fc5f0d9a4b8b67a98b5e4f87ee9e1c0f4525ad599ef3e5ee2bb51f32c24"},"dob":{"date":"1996-07-07T21:49:53.066Z","age":27},"registered":{"date":"2002-11-02T16:34:09.678Z","age":21},"phone":"078 943 50 65","cell":"075 630 11 56","id":{"name":"AVS","value":"756.6251.6748.14"},"picture":{"large":"https://randomuser.me/api/portraits/women/61.jpg","medium":"https://randomuser.me/api/portraits/med/women/61.jpg","thumbnail":"https://randomuser.me/api/portraits/thumb/women/61.jpg"},"nat":"CH"}],"info":{"seed":"4987a768eefcc76d","results":1,"page":1,"version":"1.4"}} 
 </msg>
<msg time="2024-04-16T02:21:30.377322" level="INFO">/opt/hostedtoolcache/Python/3.12.2/x64/lib/python3.12/site-packages/urllib3/connectionpool.py:1103: InsecureRequestWarning: Unverified HTTPS request is being made to host 'randomuser.me'. Adding certificate verification is strongly advised. See: https://urllib3.readthedocs.io/en/latest/advanced-usage.html#tls-warnings
  warnings.warn(</msg>
<msg time="2024-04-16T02:21:30.377481" level="INFO">${response} = &lt;Response [200]&gt;</msg>
<var>${response}</var>
<arg>consultarAPI</arg>
<arg>/api</arg>
<doc>Sends a GET request on a previously created HTTP Session.</doc>
<status status="PASS" start="2024-04-16T02:21:30.124003" elapsed="0.253521"/>
</kw>
<kw name="Should Be Equal As Numbers" owner="BuiltIn">
<msg time="2024-04-16T02:21:30.378559" level="INFO">Argument types are:
&lt;class 'int'&gt;
&lt;class 'str'&gt;</msg>
<arg>${response.status_code}</arg>
<arg>200</arg>
<doc>Fails if objects are unequal after converting them to real numbers.</doc>
<status status="PASS" start="2024-04-16T02:21:30.378078" elapsed="0.000551"/>
</kw>
<kw name="Log" owner="BuiltIn">
<msg time="2024-04-16T02:21:30.379354" level="INFO">200</msg>
<arg>${response.status_code}</arg>
<doc>Logs the given message with the given level.</doc>
<status status="PASS" start="2024-04-16T02:21:30.378987" elapsed="0.000411"/>
</kw>
<kw name="Set Variable" owner="BuiltIn">
<msg time="2024-04-16T02:21:30.380209" level="INFO">${json_data} = {'results': [{'gender': 'female', 'name': {'title': 'Madame', 'first': 'Tatjana', 'last': 'Hubert'}, 'location': {'street': {'number': 4293, 'name': 'Rue André-Gide'}, 'city': 'Schönenberg (Zh)', 'sta...</msg>
<var>${json_data}</var>
<arg>${response.json()}</arg>
<doc>Returns the given values which can then be assigned to a variables.</doc>
<status status="PASS" start="2024-04-16T02:21:30.379749" elapsed="0.000489"/>
</kw>
<kw name="Dictionary Should Contain Key" owner="Collections">
<msg time="2024-04-16T02:21:30.380769" level="INFO">False</msg>
<arg>${json_data}</arg>
<arg>results</arg>
<doc>Fails if ``key`` is not found from ``dictionary``.</doc>
<status status="PASS" start="2024-04-16T02:21:30.380595" elapsed="0.000222"/>
</kw>
<status status="PASS" start="2024-04-16T02:21:30.123744" elapsed="0.257341"/>
</kw>
<doc>Testa se a API responde corretamente e retorna um objeto JSON válido.</doc>
<tag>testeRequisicaoBasica</tag>
<status status="PASS" start="2024-04-16T02:21:30.123211" elapsed="0.258065"/>
</test>
<test id="s1-s1-t3" name="Validar estrutura de resposta" line="22">
<kw name="Teste de Estrutura de Resposta" owner="random-user-service">
<kw name="GET On Session" owner="RequestsLibrary">
<msg time="2024-04-16T02:21:30.476701" level="INFO">GET Request : url=https://randomuser.me/api 
 path_url=/api 
 headers={'User-Agent': 'python-requests/2.31.0', 'Accept-Encoding': 'gzip, deflate', 'Accept': '*/*', 'Connection': 'keep-alive'} 
 body=None 
 </msg>
<msg time="2024-04-16T02:21:30.476804" level="INFO">GET Response : url=https://randomuser.me/api 
 status=200, reason=OK 
 headers={'Date': 'Tue, 16 Apr 2024 02:21:30 GMT', 'Content-Type': 'application/json; charset=utf-8', 'Transfer-Encoding': 'chunked', 'Connection': 'keep-alive', 'X-Powered-By': 'Express', 'Access-Control-Allow-Origin': '*', 'Cache-Control': 'no-cache', 'ETag': 'W/"47d-bcAsLDQVpuUKaanzwDezkH8LRkI"', 'Vary': 'Accept-Encoding', 'Content-Encoding': 'gzip', 'CF-Cache-Status': 'DYNAMIC', 'Report-To': '{"endpoints":[{"url":"https:\\/\\/a.nel.cloudflare.com\\/report\\/v4?s=SrLdoPiAtdzOOcwIvVObwR0L1klP1gW6uR4ly2vjC38GeC%2Bkmc6BG0XKtE37ciMOt6%2BbPMqETfBeK6uz7vAZfPc2fg%2BOMU1SeSYx7XRdLLbyx1kPEl2RCYlW4lig03jX"}],"group":"cf-nel","max_age":604800}', 'NEL': '{"success_fraction":0,"report_to":"cf-nel","max_age":604800}', 'Server': 'cloudflare', 'CF-RAY': '8750b3c8eda19843-SJC', 'alt-svc': 'h3=":443"; ma=86400'} 
 body={"results":[{"gender":"male","name":{"title":"Mr","first":"Benas","last":"Pihl"},"location":{"street":{"number":8957,"name":"Sponstuveien"},"city":"Gjerstad","state":"Telemark","country":"Norway","postcode":"1911","coordinates":{"latitude":"44.2202","longitude":"-43.7839"},"timezone":{"offset":"+4:00","description":"Abu Dhabi, Muscat, Baku, Tbilisi"}},"email":"benas.pihl@example.com","login":{"uuid":"2a9ec3ce-e52f-4930-8a5c-476eaf5ec00c","username":"greenpeacock357","password":"nintendo","salt":"6wk7LocF","md5":"04d30d2e552f06d5c323a5a2b12dcf21","sha1":"03d1be1e196d77318c1caede762ddde1ab75321f","sha256":"729443a12f7c85010d491374dffd2efccee9c65237ea480b7fca83f69f425f53"},"dob":{"date":"1971-03-01T00:15:11.029Z","age":53},"registered":{"date":"2010-07-19T10:19:09.760Z","age":13},"phone":"69387007","cell":"98157906","id":{"name":"FN","value":"01037112778"},"picture":{"large":"https://randomuser.me/api/portraits/men/89.jpg","medium":"https://randomuser.me/api/portraits/med/men/89.jpg","thumbnail":"https://randomuser.me/api/portraits/thumb/men/89.jpg"},"nat":"NO"}],"info":{"seed":"be51f761f2e8280b","results":1,"page":1,"version":"1.4"}} 
 </msg>
<msg time="2024-04-16T02:21:30.476948" level="INFO">/opt/hostedtoolcache/Python/3.12.2/x64/lib/python3.12/site-packages/urllib3/connectionpool.py:1103: InsecureRequestWarning: Unverified HTTPS request is being made to host 'randomuser.me'. Adding certificate verification is strongly advised. See: https://urllib3.readthedocs.io/en/latest/advanced-usage.html#tls-warnings
  warnings.warn(</msg>
<msg time="2024-04-16T02:21:30.477087" level="INFO">${response} = &lt;Response [200]&gt;</msg>
<var>${response}</var>
<arg>consultarAPI</arg>
<arg>/api</arg>
<doc>Sends a GET request on a previously created HTTP Session.</doc>
<status status="PASS" start="2024-04-16T02:21:30.384121" elapsed="0.093007"/>
</kw>
<kw name="Set Variable" owner="BuiltIn">
<msg time="2024-04-16T02:21:30.478200" level="INFO">${json_data} = {'results': [{'gender': 'male', 'name': {'title': 'Mr', 'first': 'Benas', 'last': 'Pihl'}, 'location': {'street': {'number': 8957, 'name': 'Sponstuveien'}, 'city': 'Gjerstad', 'state': 'Telemark', 'co...</msg>
<var>${json_data}</var>
<arg>${response.json()}</arg>
<doc>Returns the given values which can then be assigned to a variables.</doc>
<status status="PASS" start="2024-04-16T02:21:30.477657" elapsed="0.000573"/>
</kw>
<kw name="Log" owner="BuiltIn">
<msg time="2024-04-16T02:21:30.478770" level="INFO">{'results': [{'gender': 'male', 'name': {'title': 'Mr', 'first': 'Benas', 'last': 'Pihl'}, 'location': {'street': {'number': 8957, 'name': 'Sponstuveien'}, 'city': 'Gjerstad', 'state': 'Telemark', 'country': 'Norway', 'postcode': '1911', 'coordinates': {'latitude': '44.2202', 'longitude': '-43.7839'}, 'timezone': {'offset': '+4:00', 'description': 'Abu Dhabi, Muscat, Baku, Tbilisi'}}, 'email': 'benas.pihl@example.com', 'login': {'uuid': '2a9ec3ce-e52f-4930-8a5c-476eaf5ec00c', 'username': 'greenpeacock357', 'password': 'nintendo', 'salt': '6wk7LocF', 'md5': '04d30d2e552f06d5c323a5a2b12dcf21', 'sha1': '03d1be1e196d77318c1caede762ddde1ab75321f', 'sha256': '729443a12f7c85010d491374dffd2efccee9c65237ea480b7fca83f69f425f53'}, 'dob': {'date': '1971-03-01T00:15:11.029Z', 'age': 53}, 'registered': {'date': '2010-07-19T10:19:09.760Z', 'age': 13}, 'phone': '69387007', 'cell': '98157906', 'id': {'name': 'FN', 'value': '01037112778'}, 'picture': {'large': 'https://randomuser.me/api/portraits/men/89.jpg', 'medium': 'https://randomuser.me/api/portraits/med/men/89.jpg', 'thumbnail': 'https://randomuser.me/api/portraits/thumb/men/89.jpg'}, 'nat': 'NO'}], 'info': {'seed': 'be51f761f2e8280b', 'results': 1, 'page': 1, 'version': '1.4'}}</msg>
<arg>${json_data}</arg>
<doc>Logs the given message with the given level.</doc>
<status status="PASS" start="2024-04-16T02:21:30.478595" elapsed="0.000224"/>
</kw>
<kw name="Dictionary Should Contain Key" owner="Collections">
<msg time="2024-04-16T02:21:30.479295" level="INFO">False</msg>
<arg>${json_data}</arg>
<arg>results</arg>
<doc>Fails if ``key`` is not found from ``dictionary``.</doc>
<status status="PASS" start="2024-04-16T02:21:30.479132" elapsed="0.000202"/>
</kw>
<kw name="Should Not Be Empty" owner="BuiltIn">
<msg time="2024-04-16T02:21:30.479777" level="INFO">Length is 2.</msg>
<arg>${json_data}</arg>
<doc>Verifies that the given item is not empty.</doc>
<status status="PASS" start="2024-04-16T02:21:30.479640" elapsed="0.000178"/>
</kw>
<kw name="Create List" owner="BuiltIn">
<msg time="2024-04-16T02:21:30.480279" level="INFO">${expected_keys} = ['gender', 'name', 'location', 'email', 'login']</msg>
<var>${expected_keys}</var>
<arg>gender</arg>
<arg>name</arg>
<arg>location</arg>
<arg>email</arg>
<arg>login</arg>
<doc>Returns a list containing given items.</doc>
<status status="PASS" start="2024-04-16T02:21:30.480121" elapsed="0.000183"/>
</kw>
<for flavor="IN">
<iter>
<kw name="Dictionary Should Contain Key" owner="Collections">
<msg time="2024-04-16T02:21:30.481365" level="INFO">False</msg>
<arg>${json_data['results'][0]}</arg>
<arg>${key}</arg>
<doc>Fails if ``key`` is not found from ``dictionary``.</doc>
<status status="PASS" start="2024-04-16T02:21:30.480939" elapsed="0.000466"/>
</kw>
<kw name="Log" owner="BuiltIn">
<msg time="2024-04-16T02:21:30.482094" level="INFO">{'gender': 'male', 'name': {'title': 'Mr', 'first': 'Benas', 'last': 'Pihl'}, 'location': {'street': {'number': 8957, 'name': 'Sponstuveien'}, 'city': 'Gjerstad', 'state': 'Telemark', 'country': 'Norway', 'postcode': '1911', 'coordinates': {'latitude': '44.2202', 'longitude': '-43.7839'}, 'timezone': {'offset': '+4:00', 'description': 'Abu Dhabi, Muscat, Baku, Tbilisi'}}, 'email': 'benas.pihl@example.com', 'login': {'uuid': '2a9ec3ce-e52f-4930-8a5c-476eaf5ec00c', 'username': 'greenpeacock357', 'password': 'nintendo', 'salt': '6wk7LocF', 'md5': '04d30d2e552f06d5c323a5a2b12dcf21', 'sha1': '03d1be1e196d77318c1caede762ddde1ab75321f', 'sha256': '729443a12f7c85010d491374dffd2efccee9c65237ea480b7fca83f69f425f53'}, 'dob': {'date': '1971-03-01T00:15:11.029Z', 'age': 53}, 'registered': {'date': '2010-07-19T10:19:09.760Z', 'age': 13}, 'phone': '69387007', 'cell': '98157906', 'id': {'name': 'FN', 'value': '01037112778'}, 'picture': {'large': 'https://randomuser.me/api/portraits/men/89.jpg', 'medium': 'https://randomuser.me/api/portraits/med/men/89.jpg', 'thumbnail': 'https://randomuser.me/api/portraits/thumb/men/89.jpg'}, 'nat': 'NO'}</msg>
<arg>${json_data['results'][0]}</arg>
<doc>Logs the given message with the given level.</doc>
<status status="PASS" start="2024-04-16T02:21:30.481722" elapsed="0.000421"/>
</kw>
<kw name="Log" owner="BuiltIn">
<msg time="2024-04-16T02:21:30.482571" level="INFO">gender</msg>
<arg>${key}</arg>
<doc>Logs the given message with the given level.</doc>
<status status="PASS" start="2024-04-16T02:21:30.482441" elapsed="0.000170"/>
</kw>
<var name="${key}">gender</var>
<status status="PASS" start="2024-04-16T02:21:30.480811" elapsed="0.002023"/>
</iter>
<iter>
<kw name="Dictionary Should Contain Key" owner="Collections">
<msg time="2024-04-16T02:21:30.483554" level="INFO">False</msg>
<arg>${json_data['results'][0]}</arg>
<arg>${key}</arg>
<doc>Fails if ``key`` is not found from ``dictionary``.</doc>
<status status="PASS" start="2024-04-16T02:21:30.483144" elapsed="0.000449"/>
</kw>
<kw name="Log" owner="BuiltIn">
<msg time="2024-04-16T02:21:30.484309" level="INFO">{'gender': 'male', 'name': {'title': 'Mr', 'first': 'Benas', 'last': 'Pihl'}, 'location': {'street': {'number': 8957, 'name': 'Sponstuveien'}, 'city': 'Gjerstad', 'state': 'Telemark', 'country': 'Norway', 'postcode': '1911', 'coordinates': {'latitude': '44.2202', 'longitude': '-43.7839'}, 'timezone': {'offset': '+4:00', 'description': 'Abu Dhabi, Muscat, Baku, Tbilisi'}}, 'email': 'benas.pihl@example.com', 'login': {'uuid': '2a9ec3ce-e52f-4930-8a5c-476eaf5ec00c', 'username': 'greenpeacock357', 'password': 'nintendo', 'salt': '6wk7LocF', 'md5': '04d30d2e552f06d5c323a5a2b12dcf21', 'sha1': '03d1be1e196d77318c1caede762ddde1ab75321f', 'sha256': '729443a12f7c85010d491374dffd2efccee9c65237ea480b7fca83f69f425f53'}, 'dob': {'date': '1971-03-01T00:15:11.029Z', 'age': 53}, 'registered': {'date': '2010-07-19T10:19:09.760Z', 'age': 13}, 'phone': '69387007', 'cell': '98157906', 'id': {'name': 'FN', 'value': '01037112778'}, 'picture': {'large': 'https://randomuser.me/api/portraits/men/89.jpg', 'medium': 'https://randomuser.me/api/portraits/med/men/89.jpg', 'thumbnail': 'https://randomuser.me/api/portraits/thumb/men/89.jpg'}, 'nat': 'NO'}</msg>
<arg>${json_data['results'][0]}</arg>
<doc>Logs the given message with the given level.</doc>
<status status="PASS" start="2024-04-16T02:21:30.483926" elapsed="0.000436"/>
</kw>
<kw name="Log" owner="BuiltIn">
<msg time="2024-04-16T02:21:30.484823" level="INFO">name</msg>
<arg>${key}</arg>
<doc>Logs the given message with the given level.</doc>
<status status="PASS" start="2024-04-16T02:21:30.484692" elapsed="0.000171"/>
</kw>
<var name="${key}">name</var>
<status status="PASS" start="2024-04-16T02:21:30.483029" elapsed="0.002053"/>
</iter>
<iter>
<kw name="Dictionary Should Contain Key" owner="Collections">
<msg time="2024-04-16T02:21:30.485773" level="INFO">False</msg>
<arg>${json_data['results'][0]}</arg>
<arg>${key}</arg>
<doc>Fails if ``key`` is not found from ``dictionary``.</doc>
<status status="PASS" start="2024-04-16T02:21:30.485388" elapsed="0.000425"/>
</kw>
<kw name="Log" owner="BuiltIn">
<msg time="2024-04-16T02:21:30.486511" level="INFO">{'gender': 'male', 'name': {'title': 'Mr', 'first': 'Benas', 'last': 'Pihl'}, 'location': {'street': {'number': 8957, 'name': 'Sponstuveien'}, 'city': 'Gjerstad', 'state': 'Telemark', 'country': 'Norway', 'postcode': '1911', 'coordinates': {'latitude': '44.2202', 'longitude': '-43.7839'}, 'timezone': {'offset': '+4:00', 'description': 'Abu Dhabi, Muscat, Baku, Tbilisi'}}, 'email': 'benas.pihl@example.com', 'login': {'uuid': '2a9ec3ce-e52f-4930-8a5c-476eaf5ec00c', 'username': 'greenpeacock357', 'password': 'nintendo', 'salt': '6wk7LocF', 'md5': '04d30d2e552f06d5c323a5a2b12dcf21', 'sha1': '03d1be1e196d77318c1caede762ddde1ab75321f', 'sha256': '729443a12f7c85010d491374dffd2efccee9c65237ea480b7fca83f69f425f53'}, 'dob': {'date': '1971-03-01T00:15:11.029Z', 'age': 53}, 'registered': {'date': '2010-07-19T10:19:09.760Z', 'age': 13}, 'phone': '69387007', 'cell': '98157906', 'id': {'name': 'FN', 'value': '01037112778'}, 'picture': {'large': 'https://randomuser.me/api/portraits/men/89.jpg', 'medium': 'https://randomuser.me/api/portraits/med/men/89.jpg', 'thumbnail': 'https://randomuser.me/api/portraits/thumb/men/89.jpg'}, 'nat': 'NO'}</msg>
<arg>${json_data['results'][0]}</arg>
<doc>Logs the given message with the given level.</doc>
<status status="PASS" start="2024-04-16T02:21:30.486127" elapsed="0.000433"/>
</kw>
<kw name="Log" owner="BuiltIn">
<msg time="2024-04-16T02:21:30.486989" level="INFO">location</msg>
<arg>${key}</arg>
<doc>Logs the given message with the given level.</doc>
<status status="PASS" start="2024-04-16T02:21:30.486861" elapsed="0.000168"/>
</kw>
<var name="${key}">location</var>
<status status="PASS" start="2024-04-16T02:21:30.485275" elapsed="0.001969"/>
</iter>
<iter>
<kw name="Dictionary Should Contain Key" owner="Collections">
<msg time="2024-04-16T02:21:30.487923" level="INFO">False</msg>
<arg>${json_data['results'][0]}</arg>
<arg>${key}</arg>
<doc>Fails if ``key`` is not found from ``dictionary``.</doc>
<status status="PASS" start="2024-04-16T02:21:30.487534" elapsed="0.000434"/>
</kw>
<kw name="Log" owner="BuiltIn">
<msg time="2024-04-16T02:21:30.488665" level="INFO">{'gender': 'male', 'name': {'title': 'Mr', 'first': 'Benas', 'last': 'Pihl'}, 'location': {'street': {'number': 8957, 'name': 'Sponstuveien'}, 'city': 'Gjerstad', 'state': 'Telemark', 'country': 'Norway', 'postcode': '1911', 'coordinates': {'latitude': '44.2202', 'longitude': '-43.7839'}, 'timezone': {'offset': '+4:00', 'description': 'Abu Dhabi, Muscat, Baku, Tbilisi'}}, 'email': 'benas.pihl@example.com', 'login': {'uuid': '2a9ec3ce-e52f-4930-8a5c-476eaf5ec00c', 'username': 'greenpeacock357', 'password': 'nintendo', 'salt': '6wk7LocF', 'md5': '04d30d2e552f06d5c323a5a2b12dcf21', 'sha1': '03d1be1e196d77318c1caede762ddde1ab75321f', 'sha256': '729443a12f7c85010d491374dffd2efccee9c65237ea480b7fca83f69f425f53'}, 'dob': {'date': '1971-03-01T00:15:11.029Z', 'age': 53}, 'registered': {'date': '2010-07-19T10:19:09.760Z', 'age': 13}, 'phone': '69387007', 'cell': '98157906', 'id': {'name': 'FN', 'value': '01037112778'}, 'picture': {'large': 'https://randomuser.me/api/portraits/men/89.jpg', 'medium': 'https://randomuser.me/api/portraits/med/men/89.jpg', 'thumbnail': 'https://randomuser.me/api/portraits/thumb/men/89.jpg'}, 'nat': 'NO'}</msg>
<arg>${json_data['results'][0]}</arg>
<doc>Logs the given message with the given level.</doc>
<status status="PASS" start="2024-04-16T02:21:30.488270" elapsed="0.000442"/>
</kw>
<kw name="Log" owner="BuiltIn">
<msg time="2024-04-16T02:21:30.489144" level="INFO">email</msg>
<arg>${key}</arg>
<doc>Logs the given message with the given level.</doc>
<status status="PASS" start="2024-04-16T02:21:30.489015" elapsed="0.000167"/>
</kw>
<var name="${key}">email</var>
<status status="PASS" start="2024-04-16T02:21:30.487421" elapsed="0.001976"/>
</iter>
<iter>
<kw name="Dictionary Should Contain Key" owner="Collections">
<msg time="2024-04-16T02:21:30.490067" level="INFO">False</msg>
<arg>${json_data['results'][0]}</arg>
<arg>${key}</arg>
<doc>Fails if ``key`` is not found from ``dictionary``.</doc>
<status status="PASS" start="2024-04-16T02:21:30.489689" elapsed="0.000415"/>
</kw>
<kw name="Log" owner="BuiltIn">
<msg time="2024-04-16T02:21:30.490759" level="INFO">{'gender': 'male', 'name': {'title': 'Mr', 'first': 'Benas', 'last': 'Pihl'}, 'location': {'street': {'number': 8957, 'name': 'Sponstuveien'}, 'city': 'Gjerstad', 'state': 'Telemark', 'country': 'Norway', 'postcode': '1911', 'coordinates': {'latitude': '44.2202', 'longitude': '-43.7839'}, 'timezone': {'offset': '+4:00', 'description': 'Abu Dhabi, Muscat, Baku, Tbilisi'}}, 'email': 'benas.pihl@example.com', 'login': {'uuid': '2a9ec3ce-e52f-4930-8a5c-476eaf5ec00c', 'username': 'greenpeacock357', 'password': 'nintendo', 'salt': '6wk7LocF', 'md5': '04d30d2e552f06d5c323a5a2b12dcf21', 'sha1': '03d1be1e196d77318c1caede762ddde1ab75321f', 'sha256': '729443a12f7c85010d491374dffd2efccee9c65237ea480b7fca83f69f425f53'}, 'dob': {'date': '1971-03-01T00:15:11.029Z', 'age': 53}, 'registered': {'date': '2010-07-19T10:19:09.760Z', 'age': 13}, 'phone': '69387007', 'cell': '98157906', 'id': {'name': 'FN', 'value': '01037112778'}, 'picture': {'large': 'https://randomuser.me/api/portraits/men/89.jpg', 'medium': 'https://randomuser.me/api/portraits/med/men/89.jpg', 'thumbnail': 'https://randomuser.me/api/portraits/thumb/men/89.jpg'}, 'nat': 'NO'}</msg>
<arg>${json_data['results'][0]}</arg>
<doc>Logs the given message with the given level.</doc>
<status status="PASS" start="2024-04-16T02:21:30.490402" elapsed="0.000405"/>
</kw>
<kw name="Log" owner="BuiltIn">
<msg time="2024-04-16T02:21:30.491227" level="INFO">login</msg>
<arg>${key}</arg>
<doc>Logs the given message with the given level.</doc>
<status status="PASS" start="2024-04-16T02:21:30.491099" elapsed="0.000165"/>
</kw>
<var name="${key}">login</var>
<status status="PASS" start="2024-04-16T02:21:30.489571" elapsed="0.001907"/>
</iter>
<var>${key}</var>
<value>@{expected_keys}</value>
<status status="PASS" start="2024-04-16T02:21:30.480605" elapsed="0.011021"/>
</for>
<kw name="Create List" owner="BuiltIn">
<msg time="2024-04-16T02:21:30.491965" level="INFO">${expected_keysTwo} = ['username', 'password']</msg>
<var>${expected_keysTwo}</var>
<arg>username</arg>
<arg>password</arg>
<doc>Returns a list containing given items.</doc>
<status status="PASS" start="2024-04-16T02:21:30.491828" elapsed="0.000161"/>
</kw>
<for flavor="IN">
<iter>
<kw name="Dictionary Should Contain Key" owner="Collections">
<msg time="2024-04-16T02:21:30.493048" level="INFO">False</msg>
<arg>${json_data['results'][0]['login']}</arg>
<arg>${keyTwo}</arg>
<doc>Fails if ``key`` is not found from ``dictionary``.</doc>
<status status="PASS" start="2024-04-16T02:21:30.492661" elapsed="0.000426"/>
</kw>
<kw name="Dictionary Should Contain Key" owner="Collections">
<msg time="2024-04-16T02:21:30.493766" level="INFO">False</msg>
<arg>${json_data['results'][0]['login']}</arg>
<arg>${keyTwo}</arg>
<doc>Fails if ``key`` is not found from ``dictionary``.</doc>
<status status="PASS" start="2024-04-16T02:21:30.493388" elapsed="0.000426"/>
</kw>
<kw name="Log" owner="BuiltIn">
<msg time="2024-04-16T02:21:30.494247" level="INFO">username</msg>
<arg>${keyTwo}</arg>
<doc>Logs the given message with the given level.</doc>
<status status="PASS" start="2024-04-16T02:21:30.494120" elapsed="0.000165"/>
</kw>
<var name="${keyTwo}">username</var>
<status status="PASS" start="2024-04-16T02:21:30.492540" elapsed="0.001960"/>
</iter>
<iter>
<kw name="Dictionary Should Contain Key" owner="Collections">
<msg time="2024-04-16T02:21:30.495170" level="INFO">False</msg>
<arg>${json_data['results'][0]['login']}</arg>
<arg>${keyTwo}</arg>
<doc>Fails if ``key`` is not found from ``dictionary``.</doc>
<status status="PASS" start="2024-04-16T02:21:30.494782" elapsed="0.000426"/>
</kw>
<kw name="Dictionary Should Contain Key" owner="Collections">
<msg time="2024-04-16T02:21:30.495891" level="INFO">False</msg>
<arg>${json_data['results'][0]['login']}</arg>
<arg>${keyTwo}</arg>
<doc>Fails if ``key`` is not found from ``dictionary``.</doc>
<status status="PASS" start="2024-04-16T02:21:30.495512" elapsed="0.000416"/>
</kw>
<kw name="Log" owner="BuiltIn">
<msg time="2024-04-16T02:21:30.496353" level="INFO">password</msg>
<arg>${keyTwo}</arg>
<doc>Logs the given message with the given level.</doc>
<status status="PASS" start="2024-04-16T02:21:30.496224" elapsed="0.000167"/>
</kw>
<var name="${keyTwo}">password</var>
<status status="PASS" start="2024-04-16T02:21:30.494673" elapsed="0.001967"/>
</iter>
<var>${keyTwo}</var>
<value>@{expected_keysTwo}</value>
<status status="PASS" start="2024-04-16T02:21:30.492228" elapsed="0.004536"/>
</for>
<status status="PASS" start="2024-04-16T02:21:30.383862" elapsed="0.113047"/>
</kw>
<doc>Testa a estrutura da resposta da API.</doc>
<tag>testeEstruturaResposta</tag>
<status status="PASS" start="2024-04-16T02:21:30.383145" elapsed="0.113929"/>
</test>
<test id="s1-s1-t4" name="Validar tipos de dados" line="28">
<kw name="Teste de Tipos de Dados" owner="random-user-service">
<kw name="GET On Session" owner="RequestsLibrary">
<msg time="2024-04-16T02:21:30.587190" level="INFO">GET Request : url=https://randomuser.me/api 
 path_url=/api 
 headers={'User-Agent': 'python-requests/2.31.0', 'Accept-Encoding': 'gzip, deflate', 'Accept': '*/*', 'Connection': 'keep-alive'} 
 body=None 
 </msg>
<msg time="2024-04-16T02:21:30.587300" level="INFO">GET Response : url=https://randomuser.me/api 
 status=200, reason=OK 
 headers={'Date': 'Tue, 16 Apr 2024 02:21:30 GMT', 'Content-Type': 'application/json; charset=utf-8', 'Transfer-Encoding': 'chunked', 'Connection': 'keep-alive', 'X-Powered-By': 'Express', 'Access-Control-Allow-Origin': '*', 'Cache-Control': 'no-cache', 'ETag': 'W/"48f-TonpyYf1xVd0s9UbGbvmS4e7By4"', 'Vary': 'Accept-Encoding', 'Content-Encoding': 'gzip', 'CF-Cache-Status': 'DYNAMIC', 'Report-To': '{"endpoints":[{"url":"https:\\/\\/a.nel.cloudflare.com\\/report\\/v4?s=gJanEHlSqVLsPDI92jVlfXdekhz%2B58XpPtJPaldCXiiitAUkF7gAUMHCJfO4IFvdCYOtFCj%2BBpw5L6Vffn2LFlUdHw2VqgrBUvoFMoChtQZ2DDSSgxSfkaLlXAOIfBd2"}],"group":"cf-nel","max_age":604800}', 'NEL': '{"success_fraction":0,"report_to":"cf-nel","max_age":604800}', 'Server': 'cloudflare', 'CF-RAY': '8750b3c9ae2b9843-SJC', 'alt-svc': 'h3=":443"; ma=86400'} 
 body={"results":[{"gender":"male","name":{"title":"Mr","first":"Hans-Uwe","last":"Sieber"},"location":{"street":{"number":5586,"name":"Berliner Straße"},"city":"Dannenberg (Elbe)","state":"Schleswig-Holstein","country":"Germany","postcode":42824,"coordinates":{"latitude":"-51.8253","longitude":"-3.5880"},"timezone":{"offset":"+4:30","description":"Kabul"}},"email":"hans-uwe.sieber@example.com","login":{"uuid":"6da812e5-f004-445f-b7c9-21b4dba4a7ee","username":"silvermeercat246","password":"jsbach","salt":"9acsrx78","md5":"639b12b9158d38b87f592852881e93cc","sha1":"c307f20f192a7fddf99b7798f314a5dd5df959b5","sha256":"56418c39105c84fc4ccbfe6d2c2b7a7f133c1a3ee4099559d1c2663f61d62e3c"},"dob":{"date":"1950-05-21T11:05:44.629Z","age":73},"registered":{"date":"2016-03-14T14:41:00.619Z","age":8},"phone":"0876-3648908","cell":"0172-8619709","id":{"name":"SVNR","value":"39 210550 S 206"},"picture":{"large":"https://randomuser.me/api/portraits/men/26.jpg","medium":"https://randomuser.me/api/portraits/med/men/26.jpg","thumbnail":"https://randomuser.me/api/portraits/thumb/men/26.jpg"},"nat":"DE"}],"info":{"seed":"93cff47235a9f14f","results":1,"page":1,"version":"1.4"}} 
 </msg>
<msg time="2024-04-16T02:21:30.587385" level="INFO">/opt/hostedtoolcache/Python/3.12.2/x64/lib/python3.12/site-packages/urllib3/connectionpool.py:1103: InsecureRequestWarning: Unverified HTTPS request is being made to host 'randomuser.me'. Adding certificate verification is strongly advised. See: https://urllib3.readthedocs.io/en/latest/advanced-usage.html#tls-warnings
  warnings.warn(</msg>
<msg time="2024-04-16T02:21:30.587525" level="INFO">${response} = &lt;Response [200]&gt;</msg>
<var>${response}</var>
<arg>consultarAPI</arg>
<arg>/api</arg>
<doc>Sends a GET request on a previously created HTTP Session.</doc>
<status status="PASS" start="2024-04-16T02:21:30.499515" elapsed="0.088059"/>
</kw>
<kw name="Set Variable" owner="BuiltIn">
<msg time="2024-04-16T02:21:30.588751" level="INFO">${json_data} = {'results': [{'gender': 'male', 'name': {'title': 'Mr', 'first': 'Hans-Uwe', 'last': 'Sieber'}, 'location': {'street': {'number': 5586, 'name': 'Berliner Straße'}, 'city': 'Dannenberg (Elbe)', 'state'...</msg>
<var>${json_data}</var>
<arg>${response.json()}</arg>
<doc>Returns the given values which can then be assigned to a variables.</doc>
<status status="PASS" start="2024-04-16T02:21:30.588151" elapsed="0.000631"/>
</kw>
<kw name="Log" owner="BuiltIn">
<msg time="2024-04-16T02:21:30.589305" level="INFO">{'results': [{'gender': 'male', 'name': {'title': 'Mr', 'first': 'Hans-Uwe', 'last': 'Sieber'}, 'location': {'street': {'number': 5586, 'name': 'Berliner Straße'}, 'city': 'Dannenberg (Elbe)', 'state': 'Schleswig-Holstein', 'country': 'Germany', 'postcode': 42824, 'coordinates': {'latitude': '-51.8253', 'longitude': '-3.5880'}, 'timezone': {'offset': '+4:30', 'description': 'Kabul'}}, 'email': 'hans-uwe.sieber@example.com', 'login': {'uuid': '6da812e5-f004-445f-b7c9-21b4dba4a7ee', 'username': 'silvermeercat246', 'password': 'jsbach', 'salt': '9acsrx78', 'md5': '639b12b9158d38b87f592852881e93cc', 'sha1': 'c307f20f192a7fddf99b7798f314a5dd5df959b5', 'sha256': '56418c39105c84fc4ccbfe6d2c2b7a7f133c1a3ee4099559d1c2663f61d62e3c'}, 'dob': {'date': '1950-05-21T11:05:44.629Z', 'age': 73}, 'registered': {'date': '2016-03-14T14:41:00.619Z', 'age': 8}, 'phone': '0876-3648908', 'cell': '0172-8619709', 'id': {'name': 'SVNR', 'value': '39 210550 S 206'}, 'picture': {'large': 'https://randomuser.me/api/portraits/men/26.jpg', 'medium': 'https://randomuser.me/api/portraits/med/men/26.jpg', 'thumbnail': 'https://randomuser.me/api/portraits/thumb/men/26.jpg'}, 'nat': 'DE'}], 'info': {'seed': '93cff47235a9f14f', 'results': 1, 'page': 1, 'version': '1.4'}}</msg>
<arg>${json_data}</arg>
<doc>Logs the given message with the given level.</doc>
<status status="PASS" start="2024-04-16T02:21:30.589134" elapsed="0.000259"/>
</kw>
<kw name="Should Be String" owner="String">
<arg>${json_data['results'][0]['gender']}</arg>
<doc>Fails if the given ``item`` is not a string.</doc>
<status status="PASS" start="2024-04-16T02:21:30.589719" elapsed="0.000382"/>
</kw>
<kw name="Should Match Regexp" owner="BuiltIn">
<arg>${json_data['results'][0]['email']}</arg>
<arg>^[a-zA-Z0-9._%+-]+@[a-zA-Z0-9.-]+\.[a-zA-Z]{2,}$</arg>
<doc>Fails if ``string`` does not match ``pattern`` as a regular expression.</doc>
<status status="PASS" start="2024-04-16T02:21:30.590303" elapsed="0.000535"/>
</kw>
<kw name="Should Match Regexp" owner="BuiltIn">
<arg>${json_data['results'][0]['dob']['date']}</arg>
<arg>\\d{4}-\\d{2}-\\d{2}T\\d{2}:\\d{2}:\\d{2}\\.\\d{3}Z</arg>
<doc>Fails if ``string`` does not match ``pattern`` as a regular expression.</doc>
<status status="PASS" start="2024-04-16T02:21:30.591038" elapsed="0.000499"/>
</kw>
<kw name="Should Match Regexp" owner="BuiltIn">
<arg>${json_data['results'][0]['registered']['date']}</arg>
<arg>\\d{4}-\\d{2}-\\d{2}T\\d{2}:\\d{2}:\\d{2}\\.\\d{3}Z</arg>
<doc>Fails if ``string`` does not match ``pattern`` as a regular expression.</doc>
<status status="PASS" start="2024-04-16T02:21:30.591748" elapsed="0.000379"/>
</kw>
<kw name="Should Match Regexp" owner="BuiltIn">
<arg>${json_data['results'][0]['picture']['large']}</arg>
<arg>^https?://.*\.(?:png|jpe?g|gif|bmp)$</arg>
<doc>Fails if ``string`` does not match ``pattern`` as a regular expression.</doc>
<status status="PASS" start="2024-04-16T02:21:30.592314" elapsed="0.000488"/>
</kw>
<kw name="Should Match Regexp" owner="BuiltIn">
<arg>${json_data['results'][0]['picture']['medium']}</arg>
<arg>^https?://.*\.(?:png|jpe?g|gif|bmp)$</arg>
<doc>Fails if ``string`` does not match ``pattern`` as a regular expression.</doc>
<status status="PASS" start="2024-04-16T02:21:30.592995" elapsed="0.000354"/>
</kw>
<kw name="Should Match Regexp" owner="BuiltIn">
<arg>${json_data['results'][0]['picture']['thumbnail']}</arg>
<arg>^https?://.*\.(?:png|jpe?g|gif|bmp)$</arg>
<doc>Fails if ``string`` does not match ``pattern`` as a regular expression.</doc>
<status status="PASS" start="2024-04-16T02:21:30.593537" elapsed="0.000360"/>
</kw>
<kw name="Log" owner="BuiltIn">
<msg time="2024-04-16T02:21:30.594417" level="INFO">{'large': 'https://randomuser.me/api/portraits/men/26.jpg', 'medium': 'https://randomuser.me/api/portraits/med/men/26.jpg', 'thumbnail': 'https://randomuser.me/api/portraits/thumb/men/26.jpg'}</msg>
<arg>${json_data['results'][0]['picture']}</arg>
<doc>Logs the given message with the given level.</doc>
<status status="PASS" start="2024-04-16T02:21:30.594081" elapsed="0.000378"/>
</kw>
<status status="PASS" start="2024-04-16T02:21:30.499288" elapsed="0.095434"/>
</kw>
<kw name="Teste de Tipos de Dados - Postcode" owner="random-user-service">
<kw name="GET On Session" owner="RequestsLibrary">
<msg time="2024-04-16T02:21:30.685177" level="INFO">GET Request : url=https://randomuser.me/api 
 path_url=/api 
 headers={'User-Agent': 'python-requests/2.31.0', 'Accept-Encoding': 'gzip, deflate', 'Accept': '*/*', 'Connection': 'keep-alive'} 
 body=None 
 </msg>
<msg time="2024-04-16T02:21:30.685276" level="INFO">GET Response : url=https://randomuser.me/api 
 status=200, reason=OK 
 headers={'Date': 'Tue, 16 Apr 2024 02:21:30 GMT', 'Content-Type': 'application/json; charset=utf-8', 'Transfer-Encoding': 'chunked', 'Connection': 'keep-alive', 'X-Powered-By': 'Express', 'Access-Control-Allow-Origin': '*', 'Cache-Control': 'no-cache', 'ETag': 'W/"472-JMXV9OhR2Y6fyTTlVkfC4HmAqVw"', 'Vary': 'Accept-Encoding', 'Content-Encoding': 'gzip', 'CF-Cache-Status': 'DYNAMIC', 'Report-To': '{"endpoints":[{"url":"https:\\/\\/a.nel.cloudflare.com\\/report\\/v4?s=XJnO62mhb%2BOl4k1NlF%2BBy6E9PyKM2bXa2nWnaClbY8C2PwoZ7h8ISI9xNAZ9IlTPsE4jQboBpNm1cUhPG9Viw7HBAV59ZkxYmJAuJ0o8mfyQrPudRHftoJmgY2CmziOj"}],"group":"cf-nel","max_age":604800}', 'NEL': '{"success_fraction":0,"report_to":"cf-nel","max_age":604800}', 'Server': 'cloudflare', 'CF-RAY': '8750b3ca3ea59843-SJC', 'alt-svc': 'h3=":443"; ma=86400'} 
 body={"results":[{"gender":"female","name":{"title":"Ms","first":"Sayali","last":"Salian"},"location":{"street":{"number":3862,"name":"Rajaji Salai"},"city":"Gaya","state":"Rajasthan","country":"India","postcode":33342,"coordinates":{"latitude":"11.0948","longitude":"93.9202"},"timezone":{"offset":"-3:30","description":"Newfoundland"}},"email":"sayali.salian@example.com","login":{"uuid":"bcc56a5c-4e55-4527-805e-1567de572e13","username":"tinybird390","password":"funky","salt":"3vuukDqa","md5":"bc2b09ce152e56b47f4d6b22983813b7","sha1":"9cc6f9abf998d09de605646d1ba8b9ea3395b64a","sha256":"43f923aebb4e1203644868fee83c21d4ffd8144ac1a54ef9e04f696b60429725"},"dob":{"date":"1966-03-21T01:21:11.475Z","age":58},"registered":{"date":"2011-01-29T07:11:22.576Z","age":13},"phone":"9341902656","cell":"8670137408","id":{"name":"UIDAI","value":"592489108607"},"picture":{"large":"https://randomuser.me/api/portraits/women/82.jpg","medium":"https://randomuser.me/api/portraits/med/women/82.jpg","thumbnail":"https://randomuser.me/api/portraits/thumb/women/82.jpg"},"nat":"IN"}],"info":{"seed":"f2b22f3c0312ba8f","results":1,"page":1,"version":"1.4"}} 
 </msg>
<msg time="2024-04-16T02:21:30.685367" level="INFO">/opt/hostedtoolcache/Python/3.12.2/x64/lib/python3.12/site-packages/urllib3/connectionpool.py:1103: InsecureRequestWarning: Unverified HTTPS request is being made to host 'randomuser.me'. Adding certificate verification is strongly advised. See: https://urllib3.readthedocs.io/en/latest/advanced-usage.html#tls-warnings
  warnings.warn(</msg>
<msg time="2024-04-16T02:21:30.685500" level="INFO">${response} = &lt;Response [200]&gt;</msg>
<var>${response}</var>
<arg>consultarAPI</arg>
<arg>/api</arg>
<doc>Sends a GET request on a previously created HTTP Session.</doc>
<status status="PASS" start="2024-04-16T02:21:30.595206" elapsed="0.090335"/>
</kw>
<kw name="Set Variable" owner="BuiltIn">
<msg time="2024-04-16T02:21:30.686742" level="INFO">${json_data} = {'results': [{'gender': 'female', 'name': {'title': 'Ms', 'first': 'Sayali', 'last': 'Salian'}, 'location': {'street': {'number': 3862, 'name': 'Rajaji Salai'}, 'city': 'Gaya', 'state': 'Rajasthan', '...</msg>
<var>${json_data}</var>
<arg>${response.json()}</arg>
<doc>Returns the given values which can then be assigned to a variables.</doc>
<status status="PASS" start="2024-04-16T02:21:30.686180" elapsed="0.000591"/>
</kw>
<kw name="Log" owner="BuiltIn">
<msg time="2024-04-16T02:21:30.687301" level="INFO">{'results': [{'gender': 'female', 'name': {'title': 'Ms', 'first': 'Sayali', 'last': 'Salian'}, 'location': {'street': {'number': 3862, 'name': 'Rajaji Salai'}, 'city': 'Gaya', 'state': 'Rajasthan', 'country': 'India', 'postcode': 33342, 'coordinates': {'latitude': '11.0948', 'longitude': '93.9202'}, 'timezone': {'offset': '-3:30', 'description': 'Newfoundland'}}, 'email': 'sayali.salian@example.com', 'login': {'uuid': 'bcc56a5c-4e55-4527-805e-1567de572e13', 'username': 'tinybird390', 'password': 'funky', 'salt': '3vuukDqa', 'md5': 'bc2b09ce152e56b47f4d6b22983813b7', 'sha1': '9cc6f9abf998d09de605646d1ba8b9ea3395b64a', 'sha256': '43f923aebb4e1203644868fee83c21d4ffd8144ac1a54ef9e04f696b60429725'}, 'dob': {'date': '1966-03-21T01:21:11.475Z', 'age': 58}, 'registered': {'date': '2011-01-29T07:11:22.576Z', 'age': 13}, 'phone': '9341902656', 'cell': '8670137408', 'id': {'name': 'UIDAI', 'value': '592489108607'}, 'picture': {'large': 'https://randomuser.me/api/portraits/women/82.jpg', 'medium': 'https://randomuser.me/api/portraits/med/women/82.jpg', 'thumbnail': 'https://randomuser.me/api/portraits/thumb/women/82.jpg'}, 'nat': 'IN'}], 'info': {'seed': 'f2b22f3c0312ba8f', 'results': 1, 'page': 1, 'version': '1.4'}}</msg>
<arg>${json_data}</arg>
<doc>Logs the given message with the given level.</doc>
<status status="PASS" start="2024-04-16T02:21:30.687121" elapsed="0.000262"/>
</kw>
<kw name="Should Be Equal As Numbers" owner="BuiltIn">
<arg>${json_data['results'][0]['location']['postcode']}</arg>
<arg>${json_data['results'][0]['location']['postcode']}</arg>
<doc>Fails if objects are unequal after converting them to real numbers.</doc>
<status status="PASS" start="2024-04-16T02:21:30.687697" elapsed="0.000648"/>
</kw>
<kw name="Log" owner="BuiltIn">
<msg time="2024-04-16T02:21:30.688958" level="INFO">33342</msg>
<arg>${json_data['results'][0]['location']['postcode']}</arg>
<doc>Logs the given message with the given level.</doc>
<status status="PASS" start="2024-04-16T02:21:30.688590" elapsed="0.000410"/>
</kw>
<status status="PASS" start="2024-04-16T02:21:30.594963" elapsed="0.094310"/>
</kw>
<doc>Testa se os tipos de dados na resposta da API estão corretos.</doc>
<tag>testeTiposDados</tag>
<status status="PASS" start="2024-04-16T02:21:30.498835" elapsed="0.190617"/>
</test>
<test id="s1-s1-t5" name="Validar conteudo" line="35">
<kw name="Teste de Tipos de Conteudo" owner="random-user-service">
<kw name="GET On Session" owner="RequestsLibrary">
<msg time="2024-04-16T02:21:30.789081" level="INFO">GET Request : url=https://randomuser.me/api 
 path_url=/api 
 headers={'User-Agent': 'python-requests/2.31.0', 'Accept-Encoding': 'gzip, deflate', 'Accept': '*/*', 'Connection': 'keep-alive'} 
 body=None 
 </msg>
<msg time="2024-04-16T02:21:30.789194" level="INFO">GET Response : url=https://randomuser.me/api 
 status=200, reason=OK 
 headers={'Date': 'Tue, 16 Apr 2024 02:21:30 GMT', 'Content-Type': 'application/json; charset=utf-8', 'Transfer-Encoding': 'chunked', 'Connection': 'keep-alive', 'X-Powered-By': 'Express', 'Access-Control-Allow-Origin': '*', 'Cache-Control': 'no-cache', 'ETag': 'W/"474-WfIJv/v4EEBsb+IvjTEluHbmi3U"', 'Vary': 'Accept-Encoding', 'Content-Encoding': 'gzip', 'CF-Cache-Status': 'DYNAMIC', 'Report-To': '{"endpoints":[{"url":"https:\\/\\/a.nel.cloudflare.com\\/report\\/v4?s=ZRu%2FS22OFEd0t2cnEhrjGoM681jMg1Mjzw8hgcW6Yx1Tw37SrxPVk%2BAygmrDdy9a1rA%2BuYMdkn0hqWA3VlFuCw3QZoMFenwa1GDBTEhogFGYgcaIX0xpGuk54PM%2Bg%2BlP"}],"group":"cf-nel","max_age":604800}', 'NEL': '{"success_fraction":0,"report_to":"cf-nel","max_age":604800}', 'Server': 'cloudflare', 'CF-RAY': '8750b3cadf059843-SJC', 'alt-svc': 'h3=":443"; ma=86400'} 
 body={"results":[{"gender":"female","name":{"title":"Miss","first":"Elif","last":"Yazıcı"},"location":{"street":{"number":3128,"name":"Filistin Cd"},"city":"Balıkesir","state":"Tunceli","country":"Turkey","postcode":60715,"coordinates":{"latitude":"71.9840","longitude":"159.2884"},"timezone":{"offset":"-3:30","description":"Newfoundland"}},"email":"elif.yazici@example.com","login":{"uuid":"5d35591c-9d14-4029-8e86-733d5ac9c8c9","username":"happyladybug321","password":"madcat","salt":"YgrbkJq7","md5":"59704150f5f620584ccb0f6c55d27e15","sha1":"eb5521817effcc51c9c25e53b016e0cb7f4cd9c5","sha256":"671b245c483e5aa28b284aee4ab709c839326383795e4b9ac2de75fd2a9efb4e"},"dob":{"date":"1957-07-19T09:34:54.851Z","age":66},"registered":{"date":"2019-11-14T15:26:46.301Z","age":4},"phone":"(675)-757-5521","cell":"(528)-652-2310","id":{"name":"","value":null},"picture":{"large":"https://randomuser.me/api/portraits/women/30.jpg","medium":"https://randomuser.me/api/portraits/med/women/30.jpg","thumbnail":"https://randomuser.me/api/portraits/thumb/women/30.jpg"},"nat":"TR"}],"info":{"seed":"e32b3aeb2a81c96e","results":1,"page":1,"version":"1.4"}} 
 </msg>
<msg time="2024-04-16T02:21:30.789277" level="INFO">/opt/hostedtoolcache/Python/3.12.2/x64/lib/python3.12/site-packages/urllib3/connectionpool.py:1103: InsecureRequestWarning: Unverified HTTPS request is being made to host 'randomuser.me'. Adding certificate verification is strongly advised. See: https://urllib3.readthedocs.io/en/latest/advanced-usage.html#tls-warnings
  warnings.warn(</msg>
<msg time="2024-04-16T02:21:30.789410" level="INFO">${response} = &lt;Response [200]&gt;</msg>
<var>${response}</var>
<arg>consultarAPI</arg>
<arg>/api</arg>
<doc>Sends a GET request on a previously created HTTP Session.</doc>
<status status="PASS" start="2024-04-16T02:21:30.692077" elapsed="0.097376"/>
</kw>
<kw name="Set Variable" owner="BuiltIn">
<msg time="2024-04-16T02:21:30.790711" level="INFO">${json_data} = {'results': [{'gender': 'female', 'name': {'title': 'Miss', 'first': 'Elif', 'last': 'Yazıcı'}, 'location': {'street': {'number': 3128, 'name': 'Filistin Cd'}, 'city': 'Balıkesir', 'state': 'Tunceli',...</msg>
<var>${json_data}</var>
<arg>${response.json()}</arg>
<doc>Returns the given values which can then be assigned to a variables.</doc>
<status status="PASS" start="2024-04-16T02:21:30.790129" elapsed="0.000615"/>
</kw>
<kw name="Set Variable" owner="BuiltIn">
<msg time="2024-04-16T02:21:30.791513" level="INFO">${name_title} = Miss</msg>
<var>${name_title}</var>
<arg>${json_data["results"][0]["name"]["title"]}</arg>
<doc>Returns the given values which can then be assigned to a variables.</doc>
<status status="PASS" start="2024-04-16T02:21:30.791098" elapsed="0.000442"/>
</kw>
<kw name="Create List" owner="BuiltIn">
<msg time="2024-04-16T02:21:30.792013" level="INFO">${allowed_titles} = ['Mr', 'Ms', 'Miss', 'Mrs', 'Madame', 'Monsieur']</msg>
<var>${allowed_titles}</var>
<arg>Mr</arg>
<arg>Ms</arg>
<arg>Miss</arg>
<arg>Mrs</arg>
<arg>Madame</arg>
<arg>Monsieur</arg>
<doc>Returns a list containing given items.</doc>
<status status="PASS" start="2024-04-16T02:21:30.791859" elapsed="0.000179"/>
</kw>
<kw name="List Should Contain Value" owner="Collections">
<msg time="2024-04-16T02:21:30.792584" level="INFO">False</msg>
<arg>${allowed_titles}</arg>
<arg>${name_title}</arg>
<doc>Fails if the ``value`` is not found from ``list``.</doc>
<status status="PASS" start="2024-04-16T02:21:30.792352" elapsed="0.000272"/>
</kw>
<kw name="Set Variable" owner="BuiltIn">
<msg time="2024-04-16T02:21:30.793329" level="INFO">${name_country} = TR</msg>
<var>${name_country}</var>
<arg>${json_data["results"][0]["nat"]}</arg>
<doc>Returns the given values which can then be assigned to a variables.</doc>
<status status="PASS" start="2024-04-16T02:21:30.792932" elapsed="0.000423"/>
</kw>
<kw name="Create List" owner="BuiltIn">
<msg time="2024-04-16T02:21:30.794293" level="INFO">${list_country} = ['AD', 'AE', 'AF', 'AG', 'AI', 'AL', 'AM', 'AO', 'AQ', 'AR', 'AS', 'AT', 'AU', 'AW', 'AX', 'AZ', 'BA', 'BB', 'BD', 'BE', 'BF', 'BG', 'BH', 'BI', 'BJ', 'BL', 'BM', 'BN', 'BO', 'BQ', 'BR', 'BS', 'BT', '...</msg>
<var>${list_country}</var>
<arg>AD</arg>
<arg>AE</arg>
<arg>AF</arg>
<arg>AG</arg>
<arg>AI</arg>
<arg>AL</arg>
<arg>AM</arg>
<arg>AO</arg>
<arg>AQ</arg>
<arg>AR</arg>
<arg>AS</arg>
<arg>AT</arg>
<arg>AU</arg>
<arg>AW</arg>
<arg>AX</arg>
<arg>AZ</arg>
<arg>BA</arg>
<arg>BB</arg>
<arg>BD</arg>
<arg>BE</arg>
<arg>BF</arg>
<arg>BG</arg>
<arg>BH</arg>
<arg>BI</arg>
<arg>BJ</arg>
<arg>BL</arg>
<arg>BM</arg>
<arg>BN</arg>
<arg>BO</arg>
<arg>BQ</arg>
<arg>BR</arg>
<arg>BS</arg>
<arg>BT</arg>
<arg>BV</arg>
<arg>BW</arg>
<arg>BY</arg>
<arg>BZ</arg>
<arg>CA</arg>
<arg>CC</arg>
<arg>CD</arg>
<arg>CF</arg>
<arg>CG</arg>
<arg>CH</arg>
<arg>CI</arg>
<arg>CK</arg>
<arg>CL</arg>
<arg>CM</arg>
<arg>CN</arg>
<arg>CO</arg>
<arg>CR</arg>
<arg>CU</arg>
<arg>CV</arg>
<arg>CW</arg>
<arg>CX</arg>
<arg>CY</arg>
<arg>CZ</arg>
<arg>DE</arg>
<arg>DJ</arg>
<arg>DK</arg>
<arg>DM</arg>
<arg>DO</arg>
<arg>DZ</arg>
<arg>EC</arg>
<arg>EE</arg>
<arg>EG</arg>
<arg>EH</arg>
<arg>ER</arg>
<arg>ES</arg>
<arg>ET</arg>
<arg>FI</arg>
<arg>FJ</arg>
<arg>FK</arg>
<arg>FM</arg>
<arg>FO</arg>
<arg>FR</arg>
<arg>GA</arg>
<arg>GB</arg>
<arg>GD</arg>
<arg>GE</arg>
<arg>GF</arg>
<arg>GG</arg>
<arg>GH</arg>
<arg>GI</arg>
<arg>GL</arg>
<arg>GM</arg>
<arg>GN</arg>
<arg>GP</arg>
<arg>GQ</arg>
<arg>GR</arg>
<arg>GS</arg>
<arg>GT</arg>
<arg>GU</arg>
<arg>GW</arg>
<arg>GY</arg>
<arg>HK</arg>
<arg>HM</arg>
<arg>HN</arg>
<arg>HR</arg>
<arg>HT</arg>
<arg>HU</arg>
<arg>ID</arg>
<arg>IE</arg>
<arg>IL</arg>
<arg>IM</arg>
<arg>IN</arg>
<arg>IO</arg>
<arg>IQ</arg>
<arg>IR</arg>
<arg>IS</arg>
<arg>IT</arg>
<arg>JE</arg>
<arg>JM</arg>
<arg>JO</arg>
<arg>JP</arg>
<arg>KE</arg>
<arg>KG</arg>
<arg>KH</arg>
<arg>KI</arg>
<arg>KM</arg>
<arg>KN</arg>
<arg>KP</arg>
<arg>KR</arg>
<arg>KW</arg>
<arg>KY</arg>
<arg>KZ</arg>
<arg>LA</arg>
<arg>LB</arg>
<arg>LC</arg>
<arg>LI</arg>
<arg>LK</arg>
<arg>LR</arg>
<arg>LS</arg>
<arg>LT</arg>
<arg>LU</arg>
<arg>LV</arg>
<arg>LY</arg>
<arg>MA</arg>
<arg>MC</arg>
<arg>MD</arg>
<arg>ME</arg>
<arg>MF</arg>
<arg>MG</arg>
<arg>MH</arg>
<arg>MK</arg>
<arg>ML</arg>
<arg>MM</arg>
<arg>MN</arg>
<arg>MO</arg>
<arg>MP</arg>
<arg>MQ</arg>
<arg>MR</arg>
<arg>MS</arg>
<arg>MT</arg>
<arg>MU</arg>
<arg>MV</arg>
<arg>MW</arg>
<arg>MX</arg>
<arg>MY</arg>
<arg>MZ</arg>
<arg>NA</arg>
<arg>NC</arg>
<arg>NE</arg>
<arg>NF</arg>
<arg>NG</arg>
<arg>NI</arg>
<arg>NL</arg>
<arg>NO</arg>
<arg>NP</arg>
<arg>NR</arg>
<arg>NU</arg>
<arg>NZ</arg>
<arg>OM</arg>
<arg>PA</arg>
<arg>PE</arg>
<arg>PF</arg>
<arg>PG</arg>
<arg>PH</arg>
<arg>PK</arg>
<arg>PL</arg>
<arg>PM</arg>
<arg>PN</arg>
<arg>PR</arg>
<arg>PS</arg>
<arg>PT</arg>
<arg>PW</arg>
<arg>PY</arg>
<arg>QA</arg>
<arg>RE</arg>
<arg>RO</arg>
<arg>RS</arg>
<arg>RU</arg>
<arg>RW</arg>
<arg>SA</arg>
<arg>SB</arg>
<arg>SC</arg>
<arg>SD</arg>
<arg>SE</arg>
<arg>SG</arg>
<arg>SH</arg>
<arg>SI</arg>
<arg>SJ</arg>
<arg>SK</arg>
<arg>SL</arg>
<arg>SM</arg>
<arg>SN</arg>
<arg>SO</arg>
<arg>SR</arg>
<arg>SS</arg>
<arg>ST</arg>
<arg>SV</arg>
<arg>SX</arg>
<arg>SY</arg>
<arg>SZ</arg>
<arg>TC</arg>
<arg>TD</arg>
<arg>TF</arg>
<arg>TG</arg>
<arg>TH</arg>
<arg>TJ</arg>
<arg>TK</arg>
<arg>TL</arg>
<arg>TM</arg>
<arg>TN</arg>
<arg>TO</arg>
<arg>TR</arg>
<arg>TT</arg>
<arg>TV</arg>
<arg>TW</arg>
<arg>TZ</arg>
<arg>UA</arg>
<arg>UG</arg>
<arg>UM</arg>
<arg>US</arg>
<arg>UY</arg>
<arg>UZ</arg>
<arg>VA</arg>
<arg>VC</arg>
<arg>VE</arg>
<arg>VG</arg>
<arg>VI</arg>
<arg>VN</arg>
<arg>VU</arg>
<arg>WF</arg>
<arg>WS</arg>
<arg>XK</arg>
<arg>YE</arg>
<arg>YT</arg>
<arg>ZA</arg>
<arg>ZM</arg>
<arg>ZW</arg>
<doc>Returns a list containing given items.</doc>
<status status="PASS" start="2024-04-16T02:21:30.793668" elapsed="0.000651"/>
</kw>
<kw name="List Should Contain Value" owner="Collections">
<msg time="2024-04-16T02:21:30.795322" level="INFO">False</msg>
<arg>${list_country}</arg>
<arg>${name_country}</arg>
<doc>Fails if the ``value`` is not found from ``list``.</doc>
<status status="PASS" start="2024-04-16T02:21:30.795110" elapsed="0.000252"/>
</kw>
<kw name="Run Keyword If" owner="BuiltIn">
<kw name="Should Be True" owner="BuiltIn">
<arg>${True}</arg>
<doc>Fails if the given condition is not true.</doc>
<status status="PASS" start="2024-04-16T02:21:30.796662" elapsed="0.000152"/>
</kw>
<arg>${json_data["results"][0]["location"]["coordinates"]["latitude"]} &gt;= -90 and ${json_data["results"][0]["location"]["coordinates"]["latitude"]} &lt;= 90</arg>
<arg>Should Be True</arg>
<arg>${True}</arg>
<doc>Runs the given keyword with the given arguments, if ``condition`` is true.</doc>
<status status="PASS" start="2024-04-16T02:21:30.795697" elapsed="0.001250"/>
</kw>
<kw name="Run Keyword If" owner="BuiltIn">
<kw name="Should Be True" owner="BuiltIn">
<arg>${True}</arg>
<doc>Fails if the given condition is not true.</doc>
<status status="PASS" start="2024-04-16T02:21:30.797845" elapsed="0.000139"/>
</kw>
<arg>${json_data["results"][0]["location"]["coordinates"]["longitude"]} &gt;= -180 and ${json_data["results"][0]["location"]["coordinates"]["longitude"]} &lt;= 180</arg>
<arg>Should Be True</arg>
<arg>${True}</arg>
<doc>Runs the given keyword with the given arguments, if ``condition`` is true.</doc>
<status status="PASS" start="2024-04-16T02:21:30.797141" elapsed="0.000967"/>
</kw>
<status status="PASS" start="2024-04-16T02:21:30.691830" elapsed="0.106411"/>
</kw>
<doc>Testa o conteúdo específico dos campos retornados pela API.</doc>
<tag>testeConteudo</tag>
<status status="PASS" start="2024-04-16T02:21:30.691263" elapsed="0.107139"/>
</test>
<status status="PASS" start="2024-04-16T02:21:29.803329" elapsed="0.997095"/>
</suite>
<status status="PASS" start="2024-04-16T02:21:29.789632" elapsed="1.016202"/>
</suite>
<statistics>
<total>
<stat pass="5" fail="0" skip="0">All Tests</stat>
</total>
<tag>
<stat pass="1" fail="0" skip="0">testeConteudo</stat>
<stat pass="1" fail="0" skip="0">testeEstruturaResposta</stat>
<stat pass="1" fail="0" skip="0">testeRequisicaoBasica</stat>
<stat pass="1" fail="0" skip="0">testeTiposDados</stat>
</tag>
<suite>
<stat pass="5" fail="0" skip="0" id="s1" name="Tests">Tests</stat>
<stat pass="5" fail="0" skip="0" id="s1-s1" name="Random-User-Test">Tests.Random-User-Test</stat>
</suite>
</statistics>
<errors>
</errors>
</robot>
