<?xml version="1.0" encoding="UTF-8"?>
<robot generator="Robot 7.0.1 (Python 3.12.4 on linux)" generated="2024-07-09T10:16:11.198234" rpa="false" schemaversion="5">
<suite id="s1" name="Tests" source="/home/runner/work/ApiRandomUser/ApiRandomUser/RamdonUser/tests">
<suite id="s1-s1" name="Random-User-Test" source="/home/runner/work/ApiRandomUser/ApiRandomUser/RamdonUser/tests/random-user-test.robot">
<test id="s1-s1-t1" name="Conectar" line="13">
<kw name="Conectar API" owner="random-user-service">
<kw name="Create Session" owner="RequestsLibrary">
<msg time="2024-07-09T10:16:11.622561" level="INFO">Creating Session using : alias=consultarAPI, url=https://randomuser.me/, headers={},                     cookies={}, auth=None, timeout=None, proxies=None, verify=False,                     debug=0 </msg>
<arg>consultarAPI</arg>
<arg>${URL}</arg>
<doc>Create Session: create a HTTP session to a server</doc>
<status status="PASS" start="2024-07-09T10:16:11.622322" elapsed="0.000438"/>
</kw>
<status status="PASS" start="2024-07-09T10:16:11.621294" elapsed="0.001852"/>
</kw>
<status status="PASS" start="2024-07-09T10:16:11.620694" elapsed="0.002649"/>
</test>
<test id="s1-s1-t2" name="Validar retorno 200 e JSON Válido" line="16">
<kw name="Teste de Requisicao Basica" owner="random-user-service">
<kw name="GET On Session" owner="RequestsLibrary">
<msg time="2024-07-09T10:16:12.398879" level="INFO">GET Request : url=https://randomuser.me/api 
 path_url=/api 
 headers={'User-Agent': 'python-requests/2.32.3', 'Accept-Encoding': 'gzip, deflate', 'Accept': '*/*', 'Connection': 'keep-alive'} 
 body=None 
 </msg>
<msg time="2024-07-09T10:16:12.399042" level="INFO">GET Response : url=https://randomuser.me/api 
 status=200, reason=OK 
 headers={'Date': 'Tue, 09 Jul 2024 10:16:12 GMT', 'Content-Type': 'application/json; charset=utf-8', 'Transfer-Encoding': 'chunked', 'Connection': 'keep-alive', 'X-Powered-By': 'Express', 'Access-Control-Allow-Origin': '*', 'Cache-Control': 'no-cache', 'ETag': 'W/"48f-W4SxQBqbO7ggbHdG2/c4eWS/Hxo"', 'Vary': 'Accept-Encoding', 'Content-Encoding': 'gzip', 'CF-Cache-Status': 'DYNAMIC', 'Report-To': '{"endpoints":[{"url":"https:\\/\\/a.nel.cloudflare.com\\/report\\/v4?s=Plv8YtTyXT8FW6ObRrpTJTQNZ34Yo2W01hgz1AkSqiEPIIX8tFAap%2B3TjrTVDs33MF2j%2Fmw%2FrhJT%2BGigVJ338E1kR%2FxIGrCtLSAoAYOvBn1ag88mfRlHT0gMfydd2Qj2"}],"group":"cf-nel","max_age":604800}', 'NEL': '{"success_fraction":0,"report_to":"cf-nel","max_age":604800}', 'Server': 'cloudflare', 'CF-RAY': '8a078ea1cb6e2c8c-ORD', 'alt-svc': 'h3=":443"; ma=86400'} 
 body={"results":[{"gender":"male","name":{"title":"Mr","first":"Deniz","last":"Sinanoğlu"},"location":{"street":{"number":7644,"name":"Necatibey Cd"},"city":"Kilis","state":"Niğde","country":"Turkey","postcode":16188,"coordinates":{"latitude":"70.8517","longitude":"-104.3808"},"timezone":{"offset":"0:00","description":"Western Europe Time, London, Lisbon, Casablanca"}},"email":"deniz.sinanoglu@example.com","login":{"uuid":"3b7c8fa1-2765-45e4-975c-74749fd6b66b","username":"goldenrabbit510","password":"isaac","salt":"jBAuu4rx","md5":"fde62f3c31897119df92b7466b513bb8","sha1":"abfb467bf274b20e6b630f192269ff1e1249f0ff","sha256":"9f77da6a19c2669afe23da1e0691e2cfed355c76f833816ccd7dd2572448cf6d"},"dob":{"date":"1961-01-24T20:42:45.248Z","age":63},"registered":{"date":"2011-11-27T09:06:22.323Z","age":12},"phone":"(698)-374-4715","cell":"(176)-359-1800","id":{"name":"","value":null},"picture":{"large":"https://randomuser.me/api/portraits/men/25.jpg","medium":"https://randomuser.me/api/portraits/med/men/25.jpg","thumbnail":"https://randomuser.me/api/portraits/thumb/men/25.jpg"},"nat":"TR"}],"info":{"seed":"693cefab52cd0c13","results":1,"page":1,"version":"1.4"}} 
 </msg>
<msg time="2024-07-09T10:16:12.399128" level="INFO">/opt/hostedtoolcache/Python/3.12.4/x64/lib/python3.12/site-packages/urllib3/connectionpool.py:1099: InsecureRequestWarning: Unverified HTTPS request is being made to host 'randomuser.me'. Adding certificate verification is strongly advised. See: https://urllib3.readthedocs.io/en/latest/advanced-usage.html#tls-warnings
  warnings.warn(</msg>
<msg time="2024-07-09T10:16:12.399269" level="INFO">${response} = &lt;Response [200]&gt;</msg>
<var>${response}</var>
<arg>consultarAPI</arg>
<arg>/api</arg>
<doc>Sends a GET request on a previously created HTTP Session.</doc>
<status status="PASS" start="2024-07-09T10:16:11.626022" elapsed="0.773290"/>
</kw>
<kw name="Should Be Equal As Numbers" owner="BuiltIn">
<msg time="2024-07-09T10:16:12.400421" level="INFO">Argument types are:
&lt;class 'int'&gt;
&lt;class 'str'&gt;</msg>
<arg>${response.status_code}</arg>
<arg>200</arg>
<doc>Fails if objects are unequal after converting them to real numbers.</doc>
<status status="PASS" start="2024-07-09T10:16:12.399954" elapsed="0.000532"/>
</kw>
<kw name="Log" owner="BuiltIn">
<msg time="2024-07-09T10:16:12.401153" level="INFO">200</msg>
<arg>${response.status_code}</arg>
<doc>Logs the given message with the given level.</doc>
<status status="PASS" start="2024-07-09T10:16:12.400804" elapsed="0.000391"/>
</kw>
<kw name="Set Variable" owner="BuiltIn">
<msg time="2024-07-09T10:16:12.401945" level="INFO">${json_data} = {'results': [{'gender': 'male', 'name': {'title': 'Mr', 'first': 'Deniz', 'last': 'Sinanoğlu'}, 'location': {'street': {'number': 7644, 'name': 'Necatibey Cd'}, 'city': 'Kilis', 'state': 'Niğde', 'cou...</msg>
<var>${json_data}</var>
<arg>${response.json()}</arg>
<doc>Returns the given values which can then be assigned to a variables.</doc>
<status status="PASS" start="2024-07-09T10:16:12.401499" elapsed="0.000476"/>
</kw>
<kw name="Dictionary Should Contain Key" owner="Collections">
<arg>${json_data}</arg>
<arg>results</arg>
<doc>Fails if ``key`` is not found from ``dictionary``.</doc>
<status status="PASS" start="2024-07-09T10:16:12.402276" elapsed="0.000163"/>
</kw>
<status status="PASS" start="2024-07-09T10:16:11.625762" elapsed="0.776832"/>
</kw>
<doc>Testa se a API responde corretamente e retorna um objeto JSON válido.</doc>
<tag>testeRequisicaoBasica</tag>
<status status="PASS" start="2024-07-09T10:16:11.625283" elapsed="0.777488"/>
</test>
<test id="s1-s1-t3" name="Validar estrutura de resposta" line="22">
<kw name="Teste de Estrutura de Resposta" owner="random-user-service">
<kw name="GET On Session" owner="RequestsLibrary">
<msg time="2024-07-09T10:16:12.661933" level="INFO">GET Request : url=https://randomuser.me/api 
 path_url=/api 
 headers={'User-Agent': 'python-requests/2.32.3', 'Accept-Encoding': 'gzip, deflate', 'Accept': '*/*', 'Connection': 'keep-alive'} 
 body=None 
 </msg>
<msg time="2024-07-09T10:16:12.662034" level="INFO">GET Response : url=https://randomuser.me/api 
 status=200, reason=OK 
 headers={'Date': 'Tue, 09 Jul 2024 10:16:12 GMT', 'Content-Type': 'application/json; charset=utf-8', 'Transfer-Encoding': 'chunked', 'Connection': 'keep-alive', 'X-Powered-By': 'Express', 'Access-Control-Allow-Origin': '*', 'Cache-Control': 'no-cache', 'ETag': 'W/"48d-sz/20ysPS/RDzHTBdq5muqCMVAo"', 'Vary': 'Accept-Encoding', 'Content-Encoding': 'gzip', 'CF-Cache-Status': 'DYNAMIC', 'Report-To': '{"endpoints":[{"url":"https:\\/\\/a.nel.cloudflare.com\\/report\\/v4?s=p7J8uytRS9J1k2S%2FiFW4YY9ArKwCnjFuGB7AbmhCGgKqapIl6R48EmeM2Gs2DwgQyZxaa5brK2bSKN0KbIe%2Bu7gTZmNOr4iYn%2Fr0McMDnNJbaNOzmX15j9cTm9sf0pyf"}],"group":"cf-nel","max_age":604800}', 'NEL': '{"success_fraction":0,"report_to":"cf-nel","max_age":604800}', 'Server': 'cloudflare', 'CF-RAY': '8a078ea58e312c8c-ORD', 'alt-svc': 'h3=":443"; ma=86400'} 
 body={"results":[{"gender":"male","name":{"title":"Mr","first":"Louis","last":"Rivera"},"location":{"street":{"number":6049,"name":"Fincher Rd"},"city":"Perth","state":"Queensland","country":"Australia","postcode":2611,"coordinates":{"latitude":"-83.7743","longitude":"-15.9341"},"timezone":{"offset":"+11:00","description":"Magadan, Solomon Islands, New Caledonia"}},"email":"louis.rivera@example.com","login":{"uuid":"acf94a6d-3827-4045-a90a-c0138baad987","username":"angryostrich817","password":"murray","salt":"lHjCdru6","md5":"38aa70f6b41147cb17ee686acece870d","sha1":"4ea729ae68c35a5e229d43e0d121c24f0b9c677f","sha256":"8c0f6ade318dcb8c20f656b65a04821a44cdadd4ca884f976ab6be4db0f2ee6d"},"dob":{"date":"1947-06-16T20:20:17.622Z","age":77},"registered":{"date":"2003-10-02T14:30:05.529Z","age":20},"phone":"05-7668-6548","cell":"0428-970-800","id":{"name":"TFN","value":"432315946"},"picture":{"large":"https://randomuser.me/api/portraits/men/23.jpg","medium":"https://randomuser.me/api/portraits/med/men/23.jpg","thumbnail":"https://randomuser.me/api/portraits/thumb/men/23.jpg"},"nat":"AU"}],"info":{"seed":"d19be8ec4183fb90","results":1,"page":1,"version":"1.4"}} 
 </msg>
<msg time="2024-07-09T10:16:12.662161" level="INFO">/opt/hostedtoolcache/Python/3.12.4/x64/lib/python3.12/site-packages/urllib3/connectionpool.py:1099: InsecureRequestWarning: Unverified HTTPS request is being made to host 'randomuser.me'. Adding certificate verification is strongly advised. See: https://urllib3.readthedocs.io/en/latest/advanced-usage.html#tls-warnings
  warnings.warn(</msg>
<msg time="2024-07-09T10:16:12.662302" level="INFO">${response} = &lt;Response [200]&gt;</msg>
<var>${response}</var>
<arg>consultarAPI</arg>
<arg>/api</arg>
<doc>Sends a GET request on a previously created HTTP Session.</doc>
<status status="PASS" start="2024-07-09T10:16:12.405449" elapsed="0.256892"/>
</kw>
<kw name="Set Variable" owner="BuiltIn">
<msg time="2024-07-09T10:16:12.663483" level="INFO">${json_data} = {'results': [{'gender': 'male', 'name': {'title': 'Mr', 'first': 'Louis', 'last': 'Rivera'}, 'location': {'street': {'number': 6049, 'name': 'Fincher Rd'}, 'city': 'Perth', 'state': 'Queensland', 'cou...</msg>
<var>${json_data}</var>
<arg>${response.json()}</arg>
<doc>Returns the given values which can then be assigned to a variables.</doc>
<status status="PASS" start="2024-07-09T10:16:12.662943" elapsed="0.000569"/>
</kw>
<kw name="Log" owner="BuiltIn">
<msg time="2024-07-09T10:16:12.664018" level="INFO">{'results': [{'gender': 'male', 'name': {'title': 'Mr', 'first': 'Louis', 'last': 'Rivera'}, 'location': {'street': {'number': 6049, 'name': 'Fincher Rd'}, 'city': 'Perth', 'state': 'Queensland', 'country': 'Australia', 'postcode': 2611, 'coordinates': {'latitude': '-83.7743', 'longitude': '-15.9341'}, 'timezone': {'offset': '+11:00', 'description': 'Magadan, Solomon Islands, New Caledonia'}}, 'email': 'louis.rivera@example.com', 'login': {'uuid': 'acf94a6d-3827-4045-a90a-c0138baad987', 'username': 'angryostrich817', 'password': 'murray', 'salt': 'lHjCdru6', 'md5': '38aa70f6b41147cb17ee686acece870d', 'sha1': '4ea729ae68c35a5e229d43e0d121c24f0b9c677f', 'sha256': '8c0f6ade318dcb8c20f656b65a04821a44cdadd4ca884f976ab6be4db0f2ee6d'}, 'dob': {'date': '1947-06-16T20:20:17.622Z', 'age': 77}, 'registered': {'date': '2003-10-02T14:30:05.529Z', 'age': 20}, 'phone': '05-7668-6548', 'cell': '0428-970-800', 'id': {'name': 'TFN', 'value': '432315946'}, 'picture': {'large': 'https://randomuser.me/api/portraits/men/23.jpg', 'medium': 'https://randomuser.me/api/portraits/med/men/23.jpg', 'thumbnail': 'https://randomuser.me/api/portraits/thumb/men/23.jpg'}, 'nat': 'AU'}], 'info': {'seed': 'd19be8ec4183fb90', 'results': 1, 'page': 1, 'version': '1.4'}}</msg>
<arg>${json_data}</arg>
<doc>Logs the given message with the given level.</doc>
<status status="PASS" start="2024-07-09T10:16:12.663818" elapsed="0.000249"/>
</kw>
<kw name="Dictionary Should Contain Key" owner="Collections">
<arg>${json_data}</arg>
<arg>results</arg>
<doc>Fails if ``key`` is not found from ``dictionary``.</doc>
<status status="PASS" start="2024-07-09T10:16:12.664363" elapsed="0.000158"/>
</kw>
<kw name="Should Not Be Empty" owner="BuiltIn">
<msg time="2024-07-09T10:16:12.664835" level="INFO">Length is 2.</msg>
<arg>${json_data}</arg>
<doc>Verifies that the given item is not empty.</doc>
<status status="PASS" start="2024-07-09T10:16:12.664707" elapsed="0.000169"/>
</kw>
<kw name="Create List" owner="BuiltIn">
<msg time="2024-07-09T10:16:12.665468" level="INFO">${expected_keys} = ['gender', 'name', 'location', 'email', 'login']</msg>
<var>${expected_keys}</var>
<arg>gender</arg>
<arg>name</arg>
<arg>location</arg>
<arg>email</arg>
<arg>login</arg>
<doc>Returns a list containing given items.</doc>
<status status="PASS" start="2024-07-09T10:16:12.665166" elapsed="0.000326"/>
</kw>
<for flavor="IN">
<iter>
<kw name="Dictionary Should Contain Key" owner="Collections">
<arg>${json_data['results'][0]}</arg>
<arg>${key}</arg>
<doc>Fails if ``key`` is not found from ``dictionary``.</doc>
<status status="PASS" start="2024-07-09T10:16:12.666071" elapsed="0.000393"/>
</kw>
<kw name="Log" owner="BuiltIn">
<msg time="2024-07-09T10:16:12.666997" level="INFO">{'gender': 'male', 'name': {'title': 'Mr', 'first': 'Louis', 'last': 'Rivera'}, 'location': {'street': {'number': 6049, 'name': 'Fincher Rd'}, 'city': 'Perth', 'state': 'Queensland', 'country': 'Australia', 'postcode': 2611, 'coordinates': {'latitude': '-83.7743', 'longitude': '-15.9341'}, 'timezone': {'offset': '+11:00', 'description': 'Magadan, Solomon Islands, New Caledonia'}}, 'email': 'louis.rivera@example.com', 'login': {'uuid': 'acf94a6d-3827-4045-a90a-c0138baad987', 'username': 'angryostrich817', 'password': 'murray', 'salt': 'lHjCdru6', 'md5': '38aa70f6b41147cb17ee686acece870d', 'sha1': '4ea729ae68c35a5e229d43e0d121c24f0b9c677f', 'sha256': '8c0f6ade318dcb8c20f656b65a04821a44cdadd4ca884f976ab6be4db0f2ee6d'}, 'dob': {'date': '1947-06-16T20:20:17.622Z', 'age': 77}, 'registered': {'date': '2003-10-02T14:30:05.529Z', 'age': 20}, 'phone': '05-7668-6548', 'cell': '0428-970-800', 'id': {'name': 'TFN', 'value': '432315946'}, 'picture': {'large': 'https://randomuser.me/api/portraits/men/23.jpg', 'medium': 'https://randomuser.me/api/portraits/med/men/23.jpg', 'thumbnail': 'https://randomuser.me/api/portraits/thumb/men/23.jpg'}, 'nat': 'AU'}</msg>
<arg>${json_data['results'][0]}</arg>
<doc>Logs the given message with the given level.</doc>
<status status="PASS" start="2024-07-09T10:16:12.666645" elapsed="0.000410"/>
</kw>
<kw name="Log" owner="BuiltIn">
<msg time="2024-07-09T10:16:12.667485" level="INFO">gender</msg>
<arg>${key}</arg>
<doc>Logs the given message with the given level.</doc>
<status status="PASS" start="2024-07-09T10:16:12.667351" elapsed="0.000173"/>
</kw>
<var name="${key}">gender</var>
<status status="PASS" start="2024-07-09T10:16:12.665950" elapsed="0.001789"/>
</iter>
<iter>
<kw name="Dictionary Should Contain Key" owner="Collections">
<arg>${json_data['results'][0]}</arg>
<arg>${key}</arg>
<doc>Fails if ``key`` is not found from ``dictionary``.</doc>
<status status="PASS" start="2024-07-09T10:16:12.668068" elapsed="0.000392"/>
</kw>
<kw name="Log" owner="BuiltIn">
<msg time="2024-07-09T10:16:12.668983" level="INFO">{'gender': 'male', 'name': {'title': 'Mr', 'first': 'Louis', 'last': 'Rivera'}, 'location': {'street': {'number': 6049, 'name': 'Fincher Rd'}, 'city': 'Perth', 'state': 'Queensland', 'country': 'Australia', 'postcode': 2611, 'coordinates': {'latitude': '-83.7743', 'longitude': '-15.9341'}, 'timezone': {'offset': '+11:00', 'description': 'Magadan, Solomon Islands, New Caledonia'}}, 'email': 'louis.rivera@example.com', 'login': {'uuid': 'acf94a6d-3827-4045-a90a-c0138baad987', 'username': 'angryostrich817', 'password': 'murray', 'salt': 'lHjCdru6', 'md5': '38aa70f6b41147cb17ee686acece870d', 'sha1': '4ea729ae68c35a5e229d43e0d121c24f0b9c677f', 'sha256': '8c0f6ade318dcb8c20f656b65a04821a44cdadd4ca884f976ab6be4db0f2ee6d'}, 'dob': {'date': '1947-06-16T20:20:17.622Z', 'age': 77}, 'registered': {'date': '2003-10-02T14:30:05.529Z', 'age': 20}, 'phone': '05-7668-6548', 'cell': '0428-970-800', 'id': {'name': 'TFN', 'value': '432315946'}, 'picture': {'large': 'https://randomuser.me/api/portraits/men/23.jpg', 'medium': 'https://randomuser.me/api/portraits/med/men/23.jpg', 'thumbnail': 'https://randomuser.me/api/portraits/thumb/men/23.jpg'}, 'nat': 'AU'}</msg>
<arg>${json_data['results'][0]}</arg>
<doc>Logs the given message with the given level.</doc>
<status status="PASS" start="2024-07-09T10:16:12.668640" elapsed="0.000423"/>
</kw>
<kw name="Log" owner="BuiltIn">
<msg time="2024-07-09T10:16:12.669484" level="INFO">name</msg>
<arg>${key}</arg>
<doc>Logs the given message with the given level.</doc>
<status status="PASS" start="2024-07-09T10:16:12.669358" elapsed="0.000164"/>
</kw>
<var name="${key}">name</var>
<status status="PASS" start="2024-07-09T10:16:12.667954" elapsed="0.001786"/>
</iter>
<iter>
<kw name="Dictionary Should Contain Key" owner="Collections">
<arg>${json_data['results'][0]}</arg>
<arg>${key}</arg>
<doc>Fails if ``key`` is not found from ``dictionary``.</doc>
<status status="PASS" start="2024-07-09T10:16:12.670022" elapsed="0.000372"/>
</kw>
<kw name="Log" owner="BuiltIn">
<msg time="2024-07-09T10:16:12.670916" level="INFO">{'gender': 'male', 'name': {'title': 'Mr', 'first': 'Louis', 'last': 'Rivera'}, 'location': {'street': {'number': 6049, 'name': 'Fincher Rd'}, 'city': 'Perth', 'state': 'Queensland', 'country': 'Australia', 'postcode': 2611, 'coordinates': {'latitude': '-83.7743', 'longitude': '-15.9341'}, 'timezone': {'offset': '+11:00', 'description': 'Magadan, Solomon Islands, New Caledonia'}}, 'email': 'louis.rivera@example.com', 'login': {'uuid': 'acf94a6d-3827-4045-a90a-c0138baad987', 'username': 'angryostrich817', 'password': 'murray', 'salt': 'lHjCdru6', 'md5': '38aa70f6b41147cb17ee686acece870d', 'sha1': '4ea729ae68c35a5e229d43e0d121c24f0b9c677f', 'sha256': '8c0f6ade318dcb8c20f656b65a04821a44cdadd4ca884f976ab6be4db0f2ee6d'}, 'dob': {'date': '1947-06-16T20:20:17.622Z', 'age': 77}, 'registered': {'date': '2003-10-02T14:30:05.529Z', 'age': 20}, 'phone': '05-7668-6548', 'cell': '0428-970-800', 'id': {'name': 'TFN', 'value': '432315946'}, 'picture': {'large': 'https://randomuser.me/api/portraits/men/23.jpg', 'medium': 'https://randomuser.me/api/portraits/med/men/23.jpg', 'thumbnail': 'https://randomuser.me/api/portraits/thumb/men/23.jpg'}, 'nat': 'AU'}</msg>
<arg>${json_data['results'][0]}</arg>
<doc>Logs the given message with the given level.</doc>
<status status="PASS" start="2024-07-09T10:16:12.670572" elapsed="0.000392"/>
</kw>
<kw name="Log" owner="BuiltIn">
<msg time="2024-07-09T10:16:12.671384" level="INFO">location</msg>
<arg>${key}</arg>
<doc>Logs the given message with the given level.</doc>
<status status="PASS" start="2024-07-09T10:16:12.671258" elapsed="0.000164"/>
</kw>
<var name="${key}">location</var>
<status status="PASS" start="2024-07-09T10:16:12.669916" elapsed="0.001718"/>
</iter>
<iter>
<kw name="Dictionary Should Contain Key" owner="Collections">
<arg>${json_data['results'][0]}</arg>
<arg>${key}</arg>
<doc>Fails if ``key`` is not found from ``dictionary``.</doc>
<status status="PASS" start="2024-07-09T10:16:12.671949" elapsed="0.000393"/>
</kw>
<kw name="Log" owner="BuiltIn">
<msg time="2024-07-09T10:16:12.672866" level="INFO">{'gender': 'male', 'name': {'title': 'Mr', 'first': 'Louis', 'last': 'Rivera'}, 'location': {'street': {'number': 6049, 'name': 'Fincher Rd'}, 'city': 'Perth', 'state': 'Queensland', 'country': 'Australia', 'postcode': 2611, 'coordinates': {'latitude': '-83.7743', 'longitude': '-15.9341'}, 'timezone': {'offset': '+11:00', 'description': 'Magadan, Solomon Islands, New Caledonia'}}, 'email': 'louis.rivera@example.com', 'login': {'uuid': 'acf94a6d-3827-4045-a90a-c0138baad987', 'username': 'angryostrich817', 'password': 'murray', 'salt': 'lHjCdru6', 'md5': '38aa70f6b41147cb17ee686acece870d', 'sha1': '4ea729ae68c35a5e229d43e0d121c24f0b9c677f', 'sha256': '8c0f6ade318dcb8c20f656b65a04821a44cdadd4ca884f976ab6be4db0f2ee6d'}, 'dob': {'date': '1947-06-16T20:20:17.622Z', 'age': 77}, 'registered': {'date': '2003-10-02T14:30:05.529Z', 'age': 20}, 'phone': '05-7668-6548', 'cell': '0428-970-800', 'id': {'name': 'TFN', 'value': '432315946'}, 'picture': {'large': 'https://randomuser.me/api/portraits/men/23.jpg', 'medium': 'https://randomuser.me/api/portraits/med/men/23.jpg', 'thumbnail': 'https://randomuser.me/api/portraits/thumb/men/23.jpg'}, 'nat': 'AU'}</msg>
<arg>${json_data['results'][0]}</arg>
<doc>Logs the given message with the given level.</doc>
<status status="PASS" start="2024-07-09T10:16:12.672521" elapsed="0.000402"/>
</kw>
<kw name="Log" owner="BuiltIn">
<msg time="2024-07-09T10:16:12.673354" level="INFO">email</msg>
<arg>${key}</arg>
<doc>Logs the given message with the given level.</doc>
<status status="PASS" start="2024-07-09T10:16:12.673227" elapsed="0.000165"/>
</kw>
<var name="${key}">email</var>
<status status="PASS" start="2024-07-09T10:16:12.671812" elapsed="0.001794"/>
</iter>
<iter>
<kw name="Dictionary Should Contain Key" owner="Collections">
<arg>${json_data['results'][0]}</arg>
<arg>${key}</arg>
<doc>Fails if ``key`` is not found from ``dictionary``.</doc>
<status status="PASS" start="2024-07-09T10:16:12.673891" elapsed="0.000381"/>
</kw>
<kw name="Log" owner="BuiltIn">
<msg time="2024-07-09T10:16:12.674799" level="INFO">{'gender': 'male', 'name': {'title': 'Mr', 'first': 'Louis', 'last': 'Rivera'}, 'location': {'street': {'number': 6049, 'name': 'Fincher Rd'}, 'city': 'Perth', 'state': 'Queensland', 'country': 'Australia', 'postcode': 2611, 'coordinates': {'latitude': '-83.7743', 'longitude': '-15.9341'}, 'timezone': {'offset': '+11:00', 'description': 'Magadan, Solomon Islands, New Caledonia'}}, 'email': 'louis.rivera@example.com', 'login': {'uuid': 'acf94a6d-3827-4045-a90a-c0138baad987', 'username': 'angryostrich817', 'password': 'murray', 'salt': 'lHjCdru6', 'md5': '38aa70f6b41147cb17ee686acece870d', 'sha1': '4ea729ae68c35a5e229d43e0d121c24f0b9c677f', 'sha256': '8c0f6ade318dcb8c20f656b65a04821a44cdadd4ca884f976ab6be4db0f2ee6d'}, 'dob': {'date': '1947-06-16T20:20:17.622Z', 'age': 77}, 'registered': {'date': '2003-10-02T14:30:05.529Z', 'age': 20}, 'phone': '05-7668-6548', 'cell': '0428-970-800', 'id': {'name': 'TFN', 'value': '432315946'}, 'picture': {'large': 'https://randomuser.me/api/portraits/men/23.jpg', 'medium': 'https://randomuser.me/api/portraits/med/men/23.jpg', 'thumbnail': 'https://randomuser.me/api/portraits/thumb/men/23.jpg'}, 'nat': 'AU'}</msg>
<arg>${json_data['results'][0]}</arg>
<doc>Logs the given message with the given level.</doc>
<status status="PASS" start="2024-07-09T10:16:12.674451" elapsed="0.000396"/>
</kw>
<kw name="Log" owner="BuiltIn">
<msg time="2024-07-09T10:16:12.675265" level="INFO">login</msg>
<arg>${key}</arg>
<doc>Logs the given message with the given level.</doc>
<status status="PASS" start="2024-07-09T10:16:12.675138" elapsed="0.000166"/>
</kw>
<var name="${key}">login</var>
<status status="PASS" start="2024-07-09T10:16:12.673775" elapsed="0.001745"/>
</iter>
<var>${key}</var>
<value>@{expected_keys}</value>
<status status="PASS" start="2024-07-09T10:16:12.665752" elapsed="0.009890"/>
</for>
<kw name="Create List" owner="BuiltIn">
<msg time="2024-07-09T10:16:12.676004" level="INFO">${expected_keysTwo} = ['username', 'password']</msg>
<var>${expected_keysTwo}</var>
<arg>username</arg>
<arg>password</arg>
<doc>Returns a list containing given items.</doc>
<status status="PASS" start="2024-07-09T10:16:12.675830" elapsed="0.000227"/>
</kw>
<for flavor="IN">
<iter>
<kw name="Dictionary Should Contain Key" owner="Collections">
<arg>${json_data['results'][0]['login']}</arg>
<arg>${keyTwo}</arg>
<doc>Fails if ``key`` is not found from ``dictionary``.</doc>
<status status="PASS" start="2024-07-09T10:16:12.676561" elapsed="0.000380"/>
</kw>
<kw name="Dictionary Should Contain Key" owner="Collections">
<arg>${json_data['results'][0]['login']}</arg>
<arg>${keyTwo}</arg>
<doc>Fails if ``key`` is not found from ``dictionary``.</doc>
<status status="PASS" start="2024-07-09T10:16:12.677119" elapsed="0.000382"/>
</kw>
<kw name="Log" owner="BuiltIn">
<msg time="2024-07-09T10:16:12.677807" level="INFO">username</msg>
<arg>${keyTwo}</arg>
<doc>Logs the given message with the given level.</doc>
<status status="PASS" start="2024-07-09T10:16:12.677684" elapsed="0.000161"/>
</kw>
<var name="${keyTwo}">username</var>
<status status="PASS" start="2024-07-09T10:16:12.676455" elapsed="0.001610"/>
</iter>
<iter>
<kw name="Dictionary Should Contain Key" owner="Collections">
<arg>${json_data['results'][0]['login']}</arg>
<arg>${keyTwo}</arg>
<doc>Fails if ``key`` is not found from ``dictionary``.</doc>
<status status="PASS" start="2024-07-09T10:16:12.678340" elapsed="0.000386"/>
</kw>
<kw name="Dictionary Should Contain Key" owner="Collections">
<arg>${json_data['results'][0]['login']}</arg>
<arg>${keyTwo}</arg>
<doc>Fails if ``key`` is not found from ``dictionary``.</doc>
<status status="PASS" start="2024-07-09T10:16:12.678911" elapsed="0.000364"/>
</kw>
<kw name="Log" owner="BuiltIn">
<msg time="2024-07-09T10:16:12.679567" level="INFO">password</msg>
<arg>${keyTwo}</arg>
<doc>Logs the given message with the given level.</doc>
<status status="PASS" start="2024-07-09T10:16:12.679448" elapsed="0.000161"/>
</kw>
<var name="${keyTwo}">password</var>
<status status="PASS" start="2024-07-09T10:16:12.678234" elapsed="0.001718"/>
</iter>
<var>${keyTwo}</var>
<value>@{expected_keysTwo}</value>
<status status="PASS" start="2024-07-09T10:16:12.676304" elapsed="0.003775"/>
</for>
<status status="PASS" start="2024-07-09T10:16:12.405213" elapsed="0.275014"/>
</kw>
<doc>Testa a estrutura da resposta da API.</doc>
<tag>testeEstruturaResposta</tag>
<status status="PASS" start="2024-07-09T10:16:12.404670" elapsed="0.275713"/>
</test>
<test id="s1-s1-t4" name="Validar tipos de dados" line="28">
<kw name="Teste de Tipos de Dados" owner="random-user-service">
<kw name="GET On Session" owner="RequestsLibrary">
<msg time="2024-07-09T10:16:12.745324" level="INFO">GET Request : url=https://randomuser.me/api 
 path_url=/api 
 headers={'User-Agent': 'python-requests/2.32.3', 'Accept-Encoding': 'gzip, deflate', 'Accept': '*/*', 'Connection': 'keep-alive'} 
 body=None 
 </msg>
<msg time="2024-07-09T10:16:12.745424" level="INFO">GET Response : url=https://randomuser.me/api 
 status=200, reason=OK 
 headers={'Date': 'Tue, 09 Jul 2024 10:16:12 GMT', 'Content-Type': 'application/json; charset=utf-8', 'Transfer-Encoding': 'chunked', 'Connection': 'keep-alive', 'X-Powered-By': 'Express', 'Access-Control-Allow-Origin': '*', 'Cache-Control': 'no-cache', 'ETag': 'W/"490-Qwqdsxl7bIj/lk/lYgFR29b5j80"', 'Vary': 'Accept-Encoding', 'Content-Encoding': 'gzip', 'CF-Cache-Status': 'DYNAMIC', 'Report-To': '{"endpoints":[{"url":"https:\\/\\/a.nel.cloudflare.com\\/report\\/v4?s=T9RhLx1%2Bx1QgKO6M%2BFRMcV%2FHvV2YLYE%2B%2FI%2BZihFUVAmqaDPrB04Ulk3smv8%2BlRn4Vwvy8GTOmzRNc%2Bu9llpnavcchIPxNz4yAgoDsMi0QrHcXKRMsGPNAJNhEBHemCNr"}],"group":"cf-nel","max_age":604800}', 'NEL': '{"success_fraction":0,"report_to":"cf-nel","max_age":604800}', 'Server': 'cloudflare', 'CF-RAY': '8a078ea74f452c8c-ORD', 'alt-svc': 'h3=":443"; ma=86400'} 
 body={"results":[{"gender":"male","name":{"title":"Mr","first":"Lindoro","last":"Dias"},"location":{"street":{"number":9131,"name":"Rua Tiradentes "},"city":"Fortaleza","state":"Maranhão","country":"Brazil","postcode":38064,"coordinates":{"latitude":"-74.0114","longitude":"-86.4775"},"timezone":{"offset":"-7:00","description":"Mountain Time (US &amp; Canada)"}},"email":"lindoro.dias@example.com","login":{"uuid":"962ed554-7be6-4b0e-8bab-a1132f611e66","username":"purplepanda715","password":"pounding","salt":"BU6zSd3c","md5":"7b63741826c184cbbdc14437ee083eb4","sha1":"df48d23e1b10aa36692360f9783aec3f557de249","sha256":"6cb46a6d19b621dfc49b30e04e40816aad94b755a53323c427d141f6d01e4883"},"dob":{"date":"1950-10-20T03:25:57.712Z","age":73},"registered":{"date":"2004-02-11T01:55:17.571Z","age":20},"phone":"(19) 4008-4339","cell":"(18) 8646-9359","id":{"name":"CPF","value":"645.672.521-94"},"picture":{"large":"https://randomuser.me/api/portraits/men/21.jpg","medium":"https://randomuser.me/api/portraits/med/men/21.jpg","thumbnail":"https://randomuser.me/api/portraits/thumb/men/21.jpg"},"nat":"BR"}],"info":{"seed":"31075dd58a68a8e0","results":1,"page":1,"version":"1.4"}} 
 </msg>
<msg time="2024-07-09T10:16:12.745504" level="INFO">/opt/hostedtoolcache/Python/3.12.4/x64/lib/python3.12/site-packages/urllib3/connectionpool.py:1099: InsecureRequestWarning: Unverified HTTPS request is being made to host 'randomuser.me'. Adding certificate verification is strongly advised. See: https://urllib3.readthedocs.io/en/latest/advanced-usage.html#tls-warnings
  warnings.warn(</msg>
<msg time="2024-07-09T10:16:12.745631" level="INFO">${response} = &lt;Response [200]&gt;</msg>
<var>${response}</var>
<arg>consultarAPI</arg>
<arg>/api</arg>
<doc>Sends a GET request on a previously created HTTP Session.</doc>
<status status="PASS" start="2024-07-09T10:16:12.682955" elapsed="0.062720"/>
</kw>
<kw name="Set Variable" owner="BuiltIn">
<msg time="2024-07-09T10:16:12.746926" level="INFO">${json_data} = {'results': [{'gender': 'male', 'name': {'title': 'Mr', 'first': 'Lindoro', 'last': 'Dias'}, 'location': {'street': {'number': 9131, 'name': 'Rua Tiradentes '}, 'city': 'Fortaleza', 'state': 'Maranhão...</msg>
<var>${json_data}</var>
<arg>${response.json()}</arg>
<doc>Returns the given values which can then be assigned to a variables.</doc>
<status status="PASS" start="2024-07-09T10:16:12.746334" elapsed="0.000623"/>
</kw>
<kw name="Log" owner="BuiltIn">
<msg time="2024-07-09T10:16:12.747488" level="INFO">{'results': [{'gender': 'male', 'name': {'title': 'Mr', 'first': 'Lindoro', 'last': 'Dias'}, 'location': {'street': {'number': 9131, 'name': 'Rua Tiradentes '}, 'city': 'Fortaleza', 'state': 'Maranhão', 'country': 'Brazil', 'postcode': 38064, 'coordinates': {'latitude': '-74.0114', 'longitude': '-86.4775'}, 'timezone': {'offset': '-7:00', 'description': 'Mountain Time (US &amp; Canada)'}}, 'email': 'lindoro.dias@example.com', 'login': {'uuid': '962ed554-7be6-4b0e-8bab-a1132f611e66', 'username': 'purplepanda715', 'password': 'pounding', 'salt': 'BU6zSd3c', 'md5': '7b63741826c184cbbdc14437ee083eb4', 'sha1': 'df48d23e1b10aa36692360f9783aec3f557de249', 'sha256': '6cb46a6d19b621dfc49b30e04e40816aad94b755a53323c427d141f6d01e4883'}, 'dob': {'date': '1950-10-20T03:25:57.712Z', 'age': 73}, 'registered': {'date': '2004-02-11T01:55:17.571Z', 'age': 20}, 'phone': '(19) 4008-4339', 'cell': '(18) 8646-9359', 'id': {'name': 'CPF', 'value': '645.672.521-94'}, 'picture': {'large': 'https://randomuser.me/api/portraits/men/21.jpg', 'medium': 'https://randomuser.me/api/portraits/med/men/21.jpg', 'thumbnail': 'https://randomuser.me/api/portraits/thumb/men/21.jpg'}, 'nat': 'BR'}], 'info': {'seed': '31075dd58a68a8e0', 'results': 1, 'page': 1, 'version': '1.4'}}</msg>
<arg>${json_data}</arg>
<doc>Logs the given message with the given level.</doc>
<status status="PASS" start="2024-07-09T10:16:12.747308" elapsed="0.000242"/>
</kw>
<kw name="Should Be String" owner="String">
<arg>${json_data['results'][0]['gender']}</arg>
<doc>Fails if the given ``item`` is not a string.</doc>
<status status="PASS" start="2024-07-09T10:16:12.747899" elapsed="0.000389"/>
</kw>
<kw name="Should Match Regexp" owner="BuiltIn">
<arg>${json_data['results'][0]['email']}</arg>
<arg>^[a-zA-Z0-9._%+-]+@[a-zA-Z0-9.-]+\.[a-zA-Z]{2,}$</arg>
<doc>Fails if ``string`` does not match ``pattern`` as a regular expression.</doc>
<status status="PASS" start="2024-07-09T10:16:12.748481" elapsed="0.000566"/>
</kw>
<kw name="Should Match Regexp" owner="BuiltIn">
<arg>${json_data['results'][0]['dob']['date']}</arg>
<arg>\\d{4}-\\d{2}-\\d{2}T\\d{2}:\\d{2}:\\d{2}\\.\\d{3}Z</arg>
<doc>Fails if ``string`` does not match ``pattern`` as a regular expression.</doc>
<status status="PASS" start="2024-07-09T10:16:12.749242" elapsed="0.000505"/>
</kw>
<kw name="Should Match Regexp" owner="BuiltIn">
<arg>${json_data['results'][0]['registered']['date']}</arg>
<arg>\\d{4}-\\d{2}-\\d{2}T\\d{2}:\\d{2}:\\d{2}\\.\\d{3}Z</arg>
<doc>Fails if ``string`` does not match ``pattern`` as a regular expression.</doc>
<status status="PASS" start="2024-07-09T10:16:12.749935" elapsed="0.000366"/>
</kw>
<kw name="Should Match Regexp" owner="BuiltIn">
<arg>${json_data['results'][0]['picture']['large']}</arg>
<arg>^https?://.*\.(?:png|jpe?g|gif|bmp)$</arg>
<doc>Fails if ``string`` does not match ``pattern`` as a regular expression.</doc>
<status status="PASS" start="2024-07-09T10:16:12.750484" elapsed="0.000462"/>
</kw>
<kw name="Should Match Regexp" owner="BuiltIn">
<arg>${json_data['results'][0]['picture']['medium']}</arg>
<arg>^https?://.*\.(?:png|jpe?g|gif|bmp)$</arg>
<doc>Fails if ``string`` does not match ``pattern`` as a regular expression.</doc>
<status status="PASS" start="2024-07-09T10:16:12.751130" elapsed="0.000353"/>
</kw>
<kw name="Should Match Regexp" owner="BuiltIn">
<arg>${json_data['results'][0]['picture']['thumbnail']}</arg>
<arg>^https?://.*\.(?:png|jpe?g|gif|bmp)$</arg>
<doc>Fails if ``string`` does not match ``pattern`` as a regular expression.</doc>
<status status="PASS" start="2024-07-09T10:16:12.751667" elapsed="0.000388"/>
</kw>
<kw name="Log" owner="BuiltIn">
<msg time="2024-07-09T10:16:12.752584" level="INFO">{'large': 'https://randomuser.me/api/portraits/men/21.jpg', 'medium': 'https://randomuser.me/api/portraits/med/men/21.jpg', 'thumbnail': 'https://randomuser.me/api/portraits/thumb/men/21.jpg'}</msg>
<arg>${json_data['results'][0]['picture']}</arg>
<doc>Logs the given message with the given level.</doc>
<status status="PASS" start="2024-07-09T10:16:12.752241" elapsed="0.000386"/>
</kw>
<status status="PASS" start="2024-07-09T10:16:12.682729" elapsed="0.070167"/>
</kw>
<kw name="Teste de Tipos de Dados - Postcode" owner="random-user-service">
<kw name="GET On Session" owner="RequestsLibrary">
<msg time="2024-07-09T10:16:12.843750" level="INFO">GET Request : url=https://randomuser.me/api 
 path_url=/api 
 headers={'User-Agent': 'python-requests/2.32.3', 'Accept-Encoding': 'gzip, deflate', 'Accept': '*/*', 'Connection': 'keep-alive'} 
 body=None 
 </msg>
<msg time="2024-07-09T10:16:12.843880" level="INFO">GET Response : url=https://randomuser.me/api 
 status=200, reason=OK 
 headers={'Date': 'Tue, 09 Jul 2024 10:16:12 GMT', 'Content-Type': 'application/json; charset=utf-8', 'Transfer-Encoding': 'chunked', 'Connection': 'keep-alive', 'X-Powered-By': 'Express', 'Access-Control-Allow-Origin': '*', 'Cache-Control': 'no-cache', 'ETag': 'W/"47f-Z4+yL4Y6js4dUKPgPluIma5UXLo"', 'Vary': 'Accept-Encoding', 'Content-Encoding': 'gzip', 'CF-Cache-Status': 'DYNAMIC', 'Report-To': '{"endpoints":[{"url":"https:\\/\\/a.nel.cloudflare.com\\/report\\/v4?s=9PoHVW2Rzqa8x7Uq36sCTQkhzVbP3L3W1GdapTzmqHSn9HxhksF8UaQfNA7gv5%2FK0BVDMGYNEkXit4A8E19uhJ8Wd9xgyptp2e7hmoj2ZDvyRAGkcMRTZi0cX0Cc5Uz2"}],"group":"cf-nel","max_age":604800}', 'NEL': '{"success_fraction":0,"report_to":"cf-nel","max_age":604800}', 'Server': 'cloudflare', 'CF-RAY': '8a078ea7bf8b2c8c-ORD', 'alt-svc': 'h3=":443"; ma=86400'} 
 body={"results":[{"gender":"male","name":{"title":"Mr","first":"Antonio","last":"Rodriguez"},"location":{"street":{"number":199,"name":"E Center St"},"city":"Los Lunas","state":"Michigan","country":"United States","postcode":59818,"coordinates":{"latitude":"86.4056","longitude":"-92.7861"},"timezone":{"offset":"+5:45","description":"Kathmandu"}},"email":"antonio.rodriguez@example.com","login":{"uuid":"0cb03878-9dd1-4f42-9b3e-23c87a009b2f","username":"bluetiger251","password":"punch","salt":"J11f0tiL","md5":"09fab5620c4c5ca59d4c0881ead38b5d","sha1":"d6afc77e9555c2948331626c359f56e631f5b336","sha256":"21818321a3e5a4bd83f17430b80f432fcd4fd07f085bc5ff867a33aa054074ff"},"dob":{"date":"1957-02-17T13:51:03.075Z","age":67},"registered":{"date":"2017-07-01T17:10:14.256Z","age":7},"phone":"(560) 257-1924","cell":"(732) 634-3415","id":{"name":"SSN","value":"861-45-6247"},"picture":{"large":"https://randomuser.me/api/portraits/men/52.jpg","medium":"https://randomuser.me/api/portraits/med/men/52.jpg","thumbnail":"https://randomuser.me/api/portraits/thumb/men/52.jpg"},"nat":"US"}],"info":{"seed":"eb755bf0cff31def","results":1,"page":1,"version":"1.4"}} 
 </msg>
<msg time="2024-07-09T10:16:12.843954" level="INFO">/opt/hostedtoolcache/Python/3.12.4/x64/lib/python3.12/site-packages/urllib3/connectionpool.py:1099: InsecureRequestWarning: Unverified HTTPS request is being made to host 'randomuser.me'. Adding certificate verification is strongly advised. See: https://urllib3.readthedocs.io/en/latest/advanced-usage.html#tls-warnings
  warnings.warn(</msg>
<msg time="2024-07-09T10:16:12.844071" level="INFO">${response} = &lt;Response [200]&gt;</msg>
<var>${response}</var>
<arg>consultarAPI</arg>
<arg>/api</arg>
<doc>Sends a GET request on a previously created HTTP Session.</doc>
<status status="PASS" start="2024-07-09T10:16:12.753364" elapsed="0.090746"/>
</kw>
<kw name="Set Variable" owner="BuiltIn">
<msg time="2024-07-09T10:16:12.845267" level="INFO">${json_data} = {'results': [{'gender': 'male', 'name': {'title': 'Mr', 'first': 'Antonio', 'last': 'Rodriguez'}, 'location': {'street': {'number': 199, 'name': 'E Center St'}, 'city': 'Los Lunas', 'state': 'Michigan...</msg>
<var>${json_data}</var>
<arg>${response.json()}</arg>
<doc>Returns the given values which can then be assigned to a variables.</doc>
<status status="PASS" start="2024-07-09T10:16:12.844741" elapsed="0.000555"/>
</kw>
<kw name="Log" owner="BuiltIn">
<msg time="2024-07-09T10:16:12.845750" level="INFO">{'results': [{'gender': 'male', 'name': {'title': 'Mr', 'first': 'Antonio', 'last': 'Rodriguez'}, 'location': {'street': {'number': 199, 'name': 'E Center St'}, 'city': 'Los Lunas', 'state': 'Michigan', 'country': 'United States', 'postcode': 59818, 'coordinates': {'latitude': '86.4056', 'longitude': '-92.7861'}, 'timezone': {'offset': '+5:45', 'description': 'Kathmandu'}}, 'email': 'antonio.rodriguez@example.com', 'login': {'uuid': '0cb03878-9dd1-4f42-9b3e-23c87a009b2f', 'username': 'bluetiger251', 'password': 'punch', 'salt': 'J11f0tiL', 'md5': '09fab5620c4c5ca59d4c0881ead38b5d', 'sha1': 'd6afc77e9555c2948331626c359f56e631f5b336', 'sha256': '21818321a3e5a4bd83f17430b80f432fcd4fd07f085bc5ff867a33aa054074ff'}, 'dob': {'date': '1957-02-17T13:51:03.075Z', 'age': 67}, 'registered': {'date': '2017-07-01T17:10:14.256Z', 'age': 7}, 'phone': '(560) 257-1924', 'cell': '(732) 634-3415', 'id': {'name': 'SSN', 'value': '861-45-6247'}, 'picture': {'large': 'https://randomuser.me/api/portraits/men/52.jpg', 'medium': 'https://randomuser.me/api/portraits/med/men/52.jpg', 'thumbnail': 'https://randomuser.me/api/portraits/thumb/men/52.jpg'}, 'nat': 'US'}], 'info': {'seed': 'eb755bf0cff31def', 'results': 1, 'page': 1, 'version': '1.4'}}</msg>
<arg>${json_data}</arg>
<doc>Logs the given message with the given level.</doc>
<status status="PASS" start="2024-07-09T10:16:12.845597" elapsed="0.000201"/>
</kw>
<kw name="Should Be Equal As Numbers" owner="BuiltIn">
<arg>${json_data['results'][0]['location']['postcode']}</arg>
<arg>${json_data['results'][0]['location']['postcode']}</arg>
<doc>Fails if objects are unequal after converting them to real numbers.</doc>
<status status="PASS" start="2024-07-09T10:16:12.846086" elapsed="0.000640"/>
</kw>
<kw name="Log" owner="BuiltIn">
<msg time="2024-07-09T10:16:12.847426" level="INFO">59818</msg>
<arg>${json_data['results'][0]['location']['postcode']}</arg>
<doc>Logs the given message with the given level.</doc>
<status status="PASS" start="2024-07-09T10:16:12.846918" elapsed="0.000550"/>
</kw>
<status status="PASS" start="2024-07-09T10:16:12.753128" elapsed="0.094624"/>
</kw>
<doc>Testa se os tipos de dados na resposta da API estão corretos.</doc>
<tag>testeTiposDados</tag>
<status status="PASS" start="2024-07-09T10:16:12.682167" elapsed="0.165799"/>
</test>
<test id="s1-s1-t5" name="Validar conteudo" line="35">
<kw name="Teste de Tipos de Conteudo" owner="random-user-service">
<kw name="GET On Session" owner="RequestsLibrary">
<msg time="2024-07-09T10:16:12.940754" level="INFO">GET Request : url=https://randomuser.me/api 
 path_url=/api 
 headers={'User-Agent': 'python-requests/2.32.3', 'Accept-Encoding': 'gzip, deflate', 'Accept': '*/*', 'Connection': 'keep-alive'} 
 body=None 
 </msg>
<msg time="2024-07-09T10:16:12.940852" level="INFO">GET Response : url=https://randomuser.me/api 
 status=200, reason=OK 
 headers={'Date': 'Tue, 09 Jul 2024 10:16:12 GMT', 'Content-Type': 'application/json; charset=utf-8', 'Transfer-Encoding': 'chunked', 'Connection': 'keep-alive', 'X-Powered-By': 'Express', 'Access-Control-Allow-Origin': '*', 'Cache-Control': 'no-cache', 'ETag': 'W/"48b-CKMuuwCcMX1mdl5eDpJs/UbyU7I"', 'Vary': 'Accept-Encoding', 'Content-Encoding': 'gzip', 'CF-Cache-Status': 'DYNAMIC', 'Report-To': '{"endpoints":[{"url":"https:\\/\\/a.nel.cloudflare.com\\/report\\/v4?s=C%2FXqDSmFiEVehNcMvJb0nQEPWQHCWjiAShgPoL1Bk7k%2FLi88a8OSF9dW1bP9d92T3P8TApvwPQ7BZvPUMZAbMx51IAiL0Q4UxJPOjyTaMDJ5N%2FBbSDjQUFV%2FVh5W3fQg"}],"group":"cf-nel","max_age":604800}', 'NEL': '{"success_fraction":0,"report_to":"cf-nel","max_age":604800}', 'Server': 'cloudflare', 'CF-RAY': '8a078ea85fdf2c8c-ORD', 'alt-svc': 'h3=":443"; ma=86400'} 
 body={"results":[{"gender":"female","name":{"title":"Mrs","first":"Jo","last":"Barrett"},"location":{"street":{"number":6763,"name":"Northaven Rd"},"city":"Port Macquarie","state":"Victoria","country":"Australia","postcode":3221,"coordinates":{"latitude":"-88.4891","longitude":"130.0753"},"timezone":{"offset":"-11:00","description":"Midway Island, Samoa"}},"email":"jo.barrett@example.com","login":{"uuid":"7090a8bc-dfca-4f19-aa2d-fcd8ff0f60e6","username":"ticklishzebra814","password":"bigmoney","salt":"9VM8fKzO","md5":"6a5197c8beb08255d98a64a97a84728e","sha1":"b235cedef96660e74b211e7e4ef543afc6a34e4b","sha256":"1cb0af6e07502a478556654fa290e024959ad5e7b574130b1ddc528ae4ac3b13"},"dob":{"date":"1992-04-25T16:19:46.896Z","age":32},"registered":{"date":"2012-11-05T20:25:40.703Z","age":11},"phone":"09-0940-8491","cell":"0495-910-598","id":{"name":"TFN","value":"228278058"},"picture":{"large":"https://randomuser.me/api/portraits/women/93.jpg","medium":"https://randomuser.me/api/portraits/med/women/93.jpg","thumbnail":"https://randomuser.me/api/portraits/thumb/women/93.jpg"},"nat":"AU"}],"info":{"seed":"2eba3e282a752f05","results":1,"page":1,"version":"1.4"}} 
 </msg>
<msg time="2024-07-09T10:16:12.940922" level="INFO">/opt/hostedtoolcache/Python/3.12.4/x64/lib/python3.12/site-packages/urllib3/connectionpool.py:1099: InsecureRequestWarning: Unverified HTTPS request is being made to host 'randomuser.me'. Adding certificate verification is strongly advised. See: https://urllib3.readthedocs.io/en/latest/advanced-usage.html#tls-warnings
  warnings.warn(</msg>
<msg time="2024-07-09T10:16:12.941048" level="INFO">${response} = &lt;Response [200]&gt;</msg>
<var>${response}</var>
<arg>consultarAPI</arg>
<arg>/api</arg>
<doc>Sends a GET request on a previously created HTTP Session.</doc>
<status status="PASS" start="2024-07-09T10:16:12.850538" elapsed="0.090550"/>
</kw>
<kw name="Set Variable" owner="BuiltIn">
<msg time="2024-07-09T10:16:12.942280" level="INFO">${json_data} = {'results': [{'gender': 'female', 'name': {'title': 'Mrs', 'first': 'Jo', 'last': 'Barrett'}, 'location': {'street': {'number': 6763, 'name': 'Northaven Rd'}, 'city': 'Port Macquarie', 'state': 'Victo...</msg>
<var>${json_data}</var>
<arg>${response.json()}</arg>
<doc>Returns the given values which can then be assigned to a variables.</doc>
<status status="PASS" start="2024-07-09T10:16:12.941745" elapsed="0.000564"/>
</kw>
<kw name="Set Variable" owner="BuiltIn">
<msg time="2024-07-09T10:16:12.942993" level="INFO">${name_title} = Mrs</msg>
<var>${name_title}</var>
<arg>${json_data["results"][0]["name"]["title"]}</arg>
<doc>Returns the given values which can then be assigned to a variables.</doc>
<status status="PASS" start="2024-07-09T10:16:12.942609" elapsed="0.000409"/>
</kw>
<kw name="Create List" owner="BuiltIn">
<msg time="2024-07-09T10:16:12.943456" level="INFO">${allowed_titles} = ['Mr', 'Ms', 'Miss', 'Mrs', 'Madame', 'Monsieur']</msg>
<var>${allowed_titles}</var>
<arg>Mr</arg>
<arg>Ms</arg>
<arg>Miss</arg>
<arg>Mrs</arg>
<arg>Madame</arg>
<arg>Monsieur</arg>
<doc>Returns a list containing given items.</doc>
<status status="PASS" start="2024-07-09T10:16:12.943311" elapsed="0.000169"/>
</kw>
<kw name="List Should Contain Value" owner="Collections">
<arg>${allowed_titles}</arg>
<arg>${name_title}</arg>
<doc>Fails if the ``value`` is not found from ``list``.</doc>
<status status="PASS" start="2024-07-09T10:16:12.943779" elapsed="0.000221"/>
</kw>
<kw name="Set Variable" owner="BuiltIn">
<msg time="2024-07-09T10:16:12.944559" level="INFO">${name_country} = AU</msg>
<var>${name_country}</var>
<arg>${json_data["results"][0]["nat"]}</arg>
<doc>Returns the given values which can then be assigned to a variables.</doc>
<status status="PASS" start="2024-07-09T10:16:12.944188" elapsed="0.000396"/>
</kw>
<kw name="Create List" owner="BuiltIn">
<msg time="2024-07-09T10:16:12.945464" level="INFO">${list_country} = ['AD', 'AE', 'AF', 'AG', 'AI', 'AL', 'AM', 'AO', 'AQ', 'AR', 'AS', 'AT', 'AU', 'AW', 'AX', 'AZ', 'BA', 'BB', 'BD', 'BE', 'BF', 'BG', 'BH', 'BI', 'BJ', 'BL', 'BM', 'BN', 'BO', 'BQ', 'BR', 'BS', 'BT', '...</msg>
<var>${list_country}</var>
<arg>AD</arg>
<arg>AE</arg>
<arg>AF</arg>
<arg>AG</arg>
<arg>AI</arg>
<arg>AL</arg>
<arg>AM</arg>
<arg>AO</arg>
<arg>AQ</arg>
<arg>AR</arg>
<arg>AS</arg>
<arg>AT</arg>
<arg>AU</arg>
<arg>AW</arg>
<arg>AX</arg>
<arg>AZ</arg>
<arg>BA</arg>
<arg>BB</arg>
<arg>BD</arg>
<arg>BE</arg>
<arg>BF</arg>
<arg>BG</arg>
<arg>BH</arg>
<arg>BI</arg>
<arg>BJ</arg>
<arg>BL</arg>
<arg>BM</arg>
<arg>BN</arg>
<arg>BO</arg>
<arg>BQ</arg>
<arg>BR</arg>
<arg>BS</arg>
<arg>BT</arg>
<arg>BV</arg>
<arg>BW</arg>
<arg>BY</arg>
<arg>BZ</arg>
<arg>CA</arg>
<arg>CC</arg>
<arg>CD</arg>
<arg>CF</arg>
<arg>CG</arg>
<arg>CH</arg>
<arg>CI</arg>
<arg>CK</arg>
<arg>CL</arg>
<arg>CM</arg>
<arg>CN</arg>
<arg>CO</arg>
<arg>CR</arg>
<arg>CU</arg>
<arg>CV</arg>
<arg>CW</arg>
<arg>CX</arg>
<arg>CY</arg>
<arg>CZ</arg>
<arg>DE</arg>
<arg>DJ</arg>
<arg>DK</arg>
<arg>DM</arg>
<arg>DO</arg>
<arg>DZ</arg>
<arg>EC</arg>
<arg>EE</arg>
<arg>EG</arg>
<arg>EH</arg>
<arg>ER</arg>
<arg>ES</arg>
<arg>ET</arg>
<arg>FI</arg>
<arg>FJ</arg>
<arg>FK</arg>
<arg>FM</arg>
<arg>FO</arg>
<arg>FR</arg>
<arg>GA</arg>
<arg>GB</arg>
<arg>GD</arg>
<arg>GE</arg>
<arg>GF</arg>
<arg>GG</arg>
<arg>GH</arg>
<arg>GI</arg>
<arg>GL</arg>
<arg>GM</arg>
<arg>GN</arg>
<arg>GP</arg>
<arg>GQ</arg>
<arg>GR</arg>
<arg>GS</arg>
<arg>GT</arg>
<arg>GU</arg>
<arg>GW</arg>
<arg>GY</arg>
<arg>HK</arg>
<arg>HM</arg>
<arg>HN</arg>
<arg>HR</arg>
<arg>HT</arg>
<arg>HU</arg>
<arg>ID</arg>
<arg>IE</arg>
<arg>IL</arg>
<arg>IM</arg>
<arg>IN</arg>
<arg>IO</arg>
<arg>IQ</arg>
<arg>IR</arg>
<arg>IS</arg>
<arg>IT</arg>
<arg>JE</arg>
<arg>JM</arg>
<arg>JO</arg>
<arg>JP</arg>
<arg>KE</arg>
<arg>KG</arg>
<arg>KH</arg>
<arg>KI</arg>
<arg>KM</arg>
<arg>KN</arg>
<arg>KP</arg>
<arg>KR</arg>
<arg>KW</arg>
<arg>KY</arg>
<arg>KZ</arg>
<arg>LA</arg>
<arg>LB</arg>
<arg>LC</arg>
<arg>LI</arg>
<arg>LK</arg>
<arg>LR</arg>
<arg>LS</arg>
<arg>LT</arg>
<arg>LU</arg>
<arg>LV</arg>
<arg>LY</arg>
<arg>MA</arg>
<arg>MC</arg>
<arg>MD</arg>
<arg>ME</arg>
<arg>MF</arg>
<arg>MG</arg>
<arg>MH</arg>
<arg>MK</arg>
<arg>ML</arg>
<arg>MM</arg>
<arg>MN</arg>
<arg>MO</arg>
<arg>MP</arg>
<arg>MQ</arg>
<arg>MR</arg>
<arg>MS</arg>
<arg>MT</arg>
<arg>MU</arg>
<arg>MV</arg>
<arg>MW</arg>
<arg>MX</arg>
<arg>MY</arg>
<arg>MZ</arg>
<arg>NA</arg>
<arg>NC</arg>
<arg>NE</arg>
<arg>NF</arg>
<arg>NG</arg>
<arg>NI</arg>
<arg>NL</arg>
<arg>NO</arg>
<arg>NP</arg>
<arg>NR</arg>
<arg>NU</arg>
<arg>NZ</arg>
<arg>OM</arg>
<arg>PA</arg>
<arg>PE</arg>
<arg>PF</arg>
<arg>PG</arg>
<arg>PH</arg>
<arg>PK</arg>
<arg>PL</arg>
<arg>PM</arg>
<arg>PN</arg>
<arg>PR</arg>
<arg>PS</arg>
<arg>PT</arg>
<arg>PW</arg>
<arg>PY</arg>
<arg>QA</arg>
<arg>RE</arg>
<arg>RO</arg>
<arg>RS</arg>
<arg>RU</arg>
<arg>RW</arg>
<arg>SA</arg>
<arg>SB</arg>
<arg>SC</arg>
<arg>SD</arg>
<arg>SE</arg>
<arg>SG</arg>
<arg>SH</arg>
<arg>SI</arg>
<arg>SJ</arg>
<arg>SK</arg>
<arg>SL</arg>
<arg>SM</arg>
<arg>SN</arg>
<arg>SO</arg>
<arg>SR</arg>
<arg>SS</arg>
<arg>ST</arg>
<arg>SV</arg>
<arg>SX</arg>
<arg>SY</arg>
<arg>SZ</arg>
<arg>TC</arg>
<arg>TD</arg>
<arg>TF</arg>
<arg>TG</arg>
<arg>TH</arg>
<arg>TJ</arg>
<arg>TK</arg>
<arg>TL</arg>
<arg>TM</arg>
<arg>TN</arg>
<arg>TO</arg>
<arg>TR</arg>
<arg>TT</arg>
<arg>TV</arg>
<arg>TW</arg>
<arg>TZ</arg>
<arg>UA</arg>
<arg>UG</arg>
<arg>UM</arg>
<arg>US</arg>
<arg>UY</arg>
<arg>UZ</arg>
<arg>VA</arg>
<arg>VC</arg>
<arg>VE</arg>
<arg>VG</arg>
<arg>VI</arg>
<arg>VN</arg>
<arg>VU</arg>
<arg>WF</arg>
<arg>WS</arg>
<arg>XK</arg>
<arg>YE</arg>
<arg>YT</arg>
<arg>ZA</arg>
<arg>ZM</arg>
<arg>ZW</arg>
<doc>Returns a list containing given items.</doc>
<status status="PASS" start="2024-07-09T10:16:12.944875" elapsed="0.000614"/>
</kw>
<kw name="List Should Contain Value" owner="Collections">
<arg>${list_country}</arg>
<arg>${name_country}</arg>
<doc>Fails if the ``value`` is not found from ``list``.</doc>
<status status="PASS" start="2024-07-09T10:16:12.946288" elapsed="0.000198"/>
</kw>
<kw name="Run Keyword If" owner="BuiltIn">
<kw name="Should Be True" owner="BuiltIn">
<arg>${True}</arg>
<doc>Fails if the given condition is not true.</doc>
<status status="PASS" start="2024-07-09T10:16:12.947412" elapsed="0.000140"/>
</kw>
<arg>${json_data["results"][0]["location"]["coordinates"]["latitude"]} &gt;= -90 and ${json_data["results"][0]["location"]["coordinates"]["latitude"]} &lt;= 90</arg>
<arg>Should Be True</arg>
<arg>${True}</arg>
<doc>Runs the given keyword with the given arguments, if ``condition`` is true.</doc>
<status status="PASS" start="2024-07-09T10:16:12.946677" elapsed="0.000999"/>
</kw>
<kw name="Run Keyword If" owner="BuiltIn">
<kw name="Should Be True" owner="BuiltIn">
<arg>${True}</arg>
<doc>Fails if the given condition is not true.</doc>
<status status="PASS" start="2024-07-09T10:16:12.948580" elapsed="0.000243"/>
</kw>
<arg>${json_data["results"][0]["location"]["coordinates"]["longitude"]} &gt;= -180 and ${json_data["results"][0]["location"]["coordinates"]["longitude"]} &lt;= 180</arg>
<arg>Should Be True</arg>
<arg>${True}</arg>
<doc>Runs the given keyword with the given arguments, if ``condition`` is true.</doc>
<status status="PASS" start="2024-07-09T10:16:12.947886" elapsed="0.001063"/>
</kw>
<status status="PASS" start="2024-07-09T10:16:12.850316" elapsed="0.098766"/>
</kw>
<doc>Testa o conteúdo específico dos campos retornados pela API.</doc>
<tag>testeConteudo</tag>
<status status="PASS" start="2024-07-09T10:16:12.849773" elapsed="0.099460"/>
</test>
<status status="PASS" start="2024-07-09T10:16:11.263777" elapsed="1.687434"/>
</suite>
<status status="PASS" start="2024-07-09T10:16:11.248741" elapsed="1.707553"/>
</suite>
<statistics>
<total>
<stat pass="5" fail="0" skip="0">All Tests</stat>
</total>
<tag>
<stat pass="1" fail="0" skip="0">testeConteudo</stat>
<stat pass="1" fail="0" skip="0">testeEstruturaResposta</stat>
<stat pass="1" fail="0" skip="0">testeRequisicaoBasica</stat>
<stat pass="1" fail="0" skip="0">testeTiposDados</stat>
</tag>
<suite>
<stat pass="5" fail="0" skip="0" id="s1" name="Tests">Tests</stat>
<stat pass="5" fail="0" skip="0" id="s1-s1" name="Random-User-Test">Tests.Random-User-Test</stat>
</suite>
</statistics>
<errors>
</errors>
</robot>
