<?xml version="1.0" encoding="UTF-8"?>
<robot generator="Robot 7.0 (Python 3.12.2 on linux)" generated="2024-04-12T08:18:04.015162" rpa="false" schemaversion="5">
<suite id="s1" name="Tests" source="/home/runner/work/DesafioQAItauRogerioJordao/DesafioQAItauRogerioJordao/RamdonUser/tests">
<suite id="s1-s1" name="Random-User-Test" source="/home/runner/work/DesafioQAItauRogerioJordao/DesafioQAItauRogerioJordao/RamdonUser/tests/random-user-test.robot">
<test id="s1-s1-t1" name="Conectar" line="13">
<kw name="Conectar API" owner="random-user-service">
<kw name="Create Session" owner="RequestsLibrary">
<msg time="2024-04-12T08:18:04.379637" level="INFO">Creating Session using : alias=consultarAPI, url=https://randomuser.me/, headers={},                     cookies={}, auth=None, timeout=None, proxies=None, verify=False,                     debug=0 </msg>
<arg>consultarAPI</arg>
<arg>${URL}</arg>
<doc>Create Session: create a HTTP session to a server</doc>
<status status="PASS" start="2024-04-12T08:18:04.379438" elapsed="0.000374"/>
</kw>
<status status="PASS" start="2024-04-12T08:18:04.378440" elapsed="0.001718"/>
</kw>
<status status="PASS" start="2024-04-12T08:18:04.377914" elapsed="0.002455"/>
</test>
<test id="s1-s1-t2" name="Validar retorno 200 e JSON Válido" line="16">
<kw name="Teste de Requisicao Basica" owner="random-user-service">
<kw name="GET On Session" owner="RequestsLibrary">
<msg time="2024-04-12T08:18:04.559067" level="INFO">GET Request : url=https://randomuser.me/api 
 path_url=/api 
 headers={'User-Agent': 'python-requests/2.31.0', 'Accept-Encoding': 'gzip, deflate', 'Accept': '*/*', 'Connection': 'keep-alive'} 
 body=None 
 </msg>
<msg time="2024-04-12T08:18:04.559210" level="INFO">GET Response : url=https://randomuser.me/api 
 status=200, reason=OK 
 headers={'Date': 'Fri, 12 Apr 2024 08:18:04 GMT', 'Content-Type': 'application/json; charset=utf-8', 'Transfer-Encoding': 'chunked', 'Connection': 'keep-alive', 'X-Powered-By': 'Express', 'Access-Control-Allow-Origin': '*', 'Cache-Control': 'no-cache', 'ETag': 'W/"4a2-P+ywKzv0Tx7EGUnUUFUh3UJsJYs"', 'Vary': 'Accept-Encoding', 'Content-Encoding': 'gzip', 'CF-Cache-Status': 'DYNAMIC', 'Report-To': '{"endpoints":[{"url":"https:\\/\\/a.nel.cloudflare.com\\/report\\/v4?s=xZvqiHCSv78lN8%2F%2FUNguTgBOGCjUy6VwYbYO6h2ZpfiIIqqI1QNSz4tTejXznwjePXLayHpImycVM0Wx3Bw8AndYUTI1IdU4RjxL2%2BfaVjIFMIavMIG4tlf9J2JlnRlw"}],"group":"cf-nel","max_age":604800}', 'NEL': '{"success_fraction":0,"report_to":"cf-nel","max_age":604800}', 'Server': 'cloudflare', 'CF-RAY': '8731c89a494c801d-IAD', 'alt-svc': 'h3=":443"; ma=86400'} 
 body={"results":[{"gender":"female","name":{"title":"Miss","first":"Hithakshi","last":"Mendonsa"},"location":{"street":{"number":2897,"name":"Racecource Rd"},"city":"Purnia","state":"Chandigarh","country":"India","postcode":88614,"coordinates":{"latitude":"6.6305","longitude":"98.2160"},"timezone":{"offset":"+9:00","description":"Tokyo, Seoul, Osaka, Sapporo, Yakutsk"}},"email":"hithakshi.mendonsa@example.com","login":{"uuid":"484e4ac2-dbe4-46bd-b469-9ca68681b362","username":"orangemeercat810","password":"gotyoass","salt":"Q3txS2ns","md5":"0b3afcdd6de72c547f99710da9e665d4","sha1":"e6d9c58a59d13d61ff5216685d19f3bae358c08f","sha256":"98fbf52fff3d8c03eb18a990b71e701b1c2b8d20bec451a76811142545327fd7"},"dob":{"date":"1981-09-21T21:49:44.740Z","age":42},"registered":{"date":"2010-05-02T15:34:36.458Z","age":13},"phone":"8516231625","cell":"8405199630","id":{"name":"UIDAI","value":"951480619901"},"picture":{"large":"https://randomuser.me/api/portraits/women/52.jpg","medium":"https://randomuser.me/api/portraits/med/women/52.jpg","thumbnail":"https://randomuser.me/api/portraits/thumb/women/52.jpg"},"nat":"IN"}],"info":{"seed":"8924813b8ab4ea0a","results":1,"page":1,"version":"1.4"}} 
 </msg>
<msg time="2024-04-12T08:18:04.559293" level="INFO">/opt/hostedtoolcache/Python/3.12.2/x64/lib/python3.12/site-packages/urllib3/connectionpool.py:1103: InsecureRequestWarning: Unverified HTTPS request is being made to host 'randomuser.me'. Adding certificate verification is strongly advised. See: https://urllib3.readthedocs.io/en/latest/advanced-usage.html#tls-warnings
  warnings.warn(</msg>
<msg time="2024-04-12T08:18:04.559452" level="INFO">${response} = &lt;Response [200]&gt;</msg>
<var>${response}</var>
<arg>consultarAPI</arg>
<arg>/api</arg>
<doc>Sends a GET request on a previously created HTTP Session.</doc>
<status status="PASS" start="2024-04-12T08:18:04.382954" elapsed="0.176533"/>
</kw>
<kw name="Should Be Equal As Numbers" owner="BuiltIn">
<msg time="2024-04-12T08:18:04.560449" level="INFO">Argument types are:
&lt;class 'int'&gt;
&lt;class 'str'&gt;</msg>
<arg>${response.status_code}</arg>
<arg>200</arg>
<doc>Fails if objects are unequal after converting them to real numbers.</doc>
<status status="PASS" start="2024-04-12T08:18:04.559984" elapsed="0.000533"/>
</kw>
<kw name="Log" owner="BuiltIn">
<msg time="2024-04-12T08:18:04.561217" level="INFO">200</msg>
<arg>${response.status_code}</arg>
<doc>Logs the given message with the given level.</doc>
<status status="PASS" start="2024-04-12T08:18:04.560851" elapsed="0.000410"/>
</kw>
<kw name="Set Variable" owner="BuiltIn">
<msg time="2024-04-12T08:18:04.562083" level="INFO">${json_data} = {'results': [{'gender': 'female', 'name': {'title': 'Miss', 'first': 'Hithakshi', 'last': 'Mendonsa'}, 'location': {'street': {'number': 2897, 'name': 'Racecource Rd'}, 'city': 'Purnia', 'state': 'Cha...</msg>
<var>${json_data}</var>
<arg>${response.json()}</arg>
<doc>Returns the given values which can then be assigned to a variables.</doc>
<status status="PASS" start="2024-04-12T08:18:04.561611" elapsed="0.000502"/>
</kw>
<kw name="Dictionary Should Contain Key" owner="Collections">
<msg time="2024-04-12T08:18:04.562599" level="INFO">False</msg>
<arg>${json_data}</arg>
<arg>results</arg>
<doc>Fails if ``key`` is not found from ``dictionary``.</doc>
<status status="PASS" start="2024-04-12T08:18:04.562427" elapsed="0.000213"/>
</kw>
<status status="PASS" start="2024-04-12T08:18:04.382704" elapsed="0.180203"/>
</kw>
<doc>Testa se a API responde corretamente e retorna um objeto JSON válido.</doc>
<tag>testeRequisicaoBasica</tag>
<status status="PASS" start="2024-04-12T08:18:04.382224" elapsed="0.180878"/>
</test>
<test id="s1-s1-t3" name="Validar estrutura de resposta" line="22">
<kw name="Teste de Estrutura de Resposta" owner="random-user-service">
<kw name="GET On Session" owner="RequestsLibrary">
<msg time="2024-04-12T08:18:04.665192" level="INFO">GET Request : url=https://randomuser.me/api 
 path_url=/api 
 headers={'User-Agent': 'python-requests/2.31.0', 'Accept-Encoding': 'gzip, deflate', 'Accept': '*/*', 'Connection': 'keep-alive'} 
 body=None 
 </msg>
<msg time="2024-04-12T08:18:04.665279" level="INFO">GET Response : url=https://randomuser.me/api 
 status=200, reason=OK 
 headers={'Date': 'Fri, 12 Apr 2024 08:18:04 GMT', 'Content-Type': 'application/json; charset=utf-8', 'Transfer-Encoding': 'chunked', 'Connection': 'keep-alive', 'X-Powered-By': 'Express', 'Access-Control-Allow-Origin': '*', 'Cache-Control': 'no-cache', 'ETag': 'W/"471-NtLph/+qnjx+t0zVldFEcgNo8d8"', 'Vary': 'Accept-Encoding', 'Content-Encoding': 'gzip', 'CF-Cache-Status': 'DYNAMIC', 'Report-To': '{"endpoints":[{"url":"https:\\/\\/a.nel.cloudflare.com\\/report\\/v4?s=h1c3VdlTHG7IFRbd32M5E%2FqCmL7jl0LZyEO9J2Du%2B39Md5XzhJJVZzAFfZCDpjr7q3vNjwfiYQBFvkCWDdkquRiCZa4fSHJDhSsceAE1R4z5R%2FYPQXjwxw%2FIfrOdTxUA"}],"group":"cf-nel","max_age":604800}', 'NEL': '{"success_fraction":0,"report_to":"cf-nel","max_age":604800}', 'Server': 'cloudflare', 'CF-RAY': '8731c89a9976801d-IAD', 'alt-svc': 'h3=":443"; ma=86400'} 
 body={"results":[{"gender":"male","name":{"title":"Mr","first":"Leslie","last":"Mason"},"location":{"street":{"number":999,"name":"Jones Road"},"city":"Ballybofey-Stranorlar","state":"Kerry","country":"Ireland","postcode":16772,"coordinates":{"latitude":"-0.7265","longitude":"-66.1871"},"timezone":{"offset":"-9:00","description":"Alaska"}},"email":"leslie.mason@example.com","login":{"uuid":"a9215151-6bf4-42e6-b574-762c1776aaf3","username":"heavyfish527","password":"evolutio","salt":"zT7rk5Am","md5":"cea505a4838115e48e099c881513bb2c","sha1":"c9f8da9493f3270f73b73712bb1beacf831f7cec","sha256":"bcf8c177b8904aca1e34ffca7e50d6aa770d71aaebd501ae3297b3f9c2aed6d7"},"dob":{"date":"1968-08-07T23:08:10.295Z","age":55},"registered":{"date":"2005-12-11T06:37:43.887Z","age":18},"phone":"011-443-6692","cell":"081-916-5031","id":{"name":"PPS","value":"5512393T"},"picture":{"large":"https://randomuser.me/api/portraits/men/78.jpg","medium":"https://randomuser.me/api/portraits/med/men/78.jpg","thumbnail":"https://randomuser.me/api/portraits/thumb/men/78.jpg"},"nat":"IE"}],"info":{"seed":"e23361678308d86e","results":1,"page":1,"version":"1.4"}} 
 </msg>
<msg time="2024-04-12T08:18:04.665410" level="INFO">/opt/hostedtoolcache/Python/3.12.2/x64/lib/python3.12/site-packages/urllib3/connectionpool.py:1103: InsecureRequestWarning: Unverified HTTPS request is being made to host 'randomuser.me'. Adding certificate verification is strongly advised. See: https://urllib3.readthedocs.io/en/latest/advanced-usage.html#tls-warnings
  warnings.warn(</msg>
<msg time="2024-04-12T08:18:04.665534" level="INFO">${response} = &lt;Response [200]&gt;</msg>
<var>${response}</var>
<arg>consultarAPI</arg>
<arg>/api</arg>
<doc>Sends a GET request on a previously created HTTP Session.</doc>
<status status="PASS" start="2024-04-12T08:18:04.566001" elapsed="0.099574"/>
</kw>
<kw name="Set Variable" owner="BuiltIn">
<msg time="2024-04-12T08:18:04.666478" level="INFO">${json_data} = {'results': [{'gender': 'male', 'name': {'title': 'Mr', 'first': 'Leslie', 'last': 'Mason'}, 'location': {'street': {'number': 999, 'name': 'Jones Road'}, 'city': 'Ballybofey-Stranorlar', 'state': 'Ke...</msg>
<var>${json_data}</var>
<arg>${response.json()}</arg>
<doc>Returns the given values which can then be assigned to a variables.</doc>
<status status="PASS" start="2024-04-12T08:18:04.666002" elapsed="0.000505"/>
</kw>
<kw name="Log" owner="BuiltIn">
<msg time="2024-04-12T08:18:04.666986" level="INFO">{'results': [{'gender': 'male', 'name': {'title': 'Mr', 'first': 'Leslie', 'last': 'Mason'}, 'location': {'street': {'number': 999, 'name': 'Jones Road'}, 'city': 'Ballybofey-Stranorlar', 'state': 'Kerry', 'country': 'Ireland', 'postcode': 16772, 'coordinates': {'latitude': '-0.7265', 'longitude': '-66.1871'}, 'timezone': {'offset': '-9:00', 'description': 'Alaska'}}, 'email': 'leslie.mason@example.com', 'login': {'uuid': 'a9215151-6bf4-42e6-b574-762c1776aaf3', 'username': 'heavyfish527', 'password': 'evolutio', 'salt': 'zT7rk5Am', 'md5': 'cea505a4838115e48e099c881513bb2c', 'sha1': 'c9f8da9493f3270f73b73712bb1beacf831f7cec', 'sha256': 'bcf8c177b8904aca1e34ffca7e50d6aa770d71aaebd501ae3297b3f9c2aed6d7'}, 'dob': {'date': '1968-08-07T23:08:10.295Z', 'age': 55}, 'registered': {'date': '2005-12-11T06:37:43.887Z', 'age': 18}, 'phone': '011-443-6692', 'cell': '081-916-5031', 'id': {'name': 'PPS', 'value': '5512393T'}, 'picture': {'large': 'https://randomuser.me/api/portraits/men/78.jpg', 'medium': 'https://randomuser.me/api/portraits/med/men/78.jpg', 'thumbnail': 'https://randomuser.me/api/portraits/thumb/men/78.jpg'}, 'nat': 'IE'}], 'info': {'seed': 'e23361678308d86e', 'results': 1, 'page': 1, 'version': '1.4'}}</msg>
<arg>${json_data}</arg>
<doc>Logs the given message with the given level.</doc>
<status status="PASS" start="2024-04-12T08:18:04.666827" elapsed="0.000207"/>
</kw>
<kw name="Dictionary Should Contain Key" owner="Collections">
<msg time="2024-04-12T08:18:04.667491" level="INFO">False</msg>
<arg>${json_data}</arg>
<arg>results</arg>
<doc>Fails if ``key`` is not found from ``dictionary``.</doc>
<status status="PASS" start="2024-04-12T08:18:04.667333" elapsed="0.000196"/>
</kw>
<kw name="Should Not Be Empty" owner="BuiltIn">
<msg time="2024-04-12T08:18:04.667961" level="INFO">Length is 2.</msg>
<arg>${json_data}</arg>
<doc>Verifies that the given item is not empty.</doc>
<status status="PASS" start="2024-04-12T08:18:04.667828" elapsed="0.000173"/>
</kw>
<kw name="Create List" owner="BuiltIn">
<msg time="2024-04-12T08:18:04.668455" level="INFO">${expected_keys} = ['gender', 'name', 'location', 'email', 'login']</msg>
<var>${expected_keys}</var>
<arg>gender</arg>
<arg>name</arg>
<arg>location</arg>
<arg>email</arg>
<arg>login</arg>
<doc>Returns a list containing given items.</doc>
<status status="PASS" start="2024-04-12T08:18:04.668302" elapsed="0.000178"/>
</kw>
<for flavor="IN">
<iter>
<kw name="Dictionary Should Contain Key" owner="Collections">
<msg time="2024-04-12T08:18:04.669454" level="INFO">False</msg>
<arg>${json_data['results'][0]}</arg>
<arg>${key}</arg>
<doc>Fails if ``key`` is not found from ``dictionary``.</doc>
<status status="PASS" start="2024-04-12T08:18:04.669053" elapsed="0.000441"/>
</kw>
<kw name="Log" owner="BuiltIn">
<msg time="2024-04-12T08:18:04.670209" level="INFO">{'gender': 'male', 'name': {'title': 'Mr', 'first': 'Leslie', 'last': 'Mason'}, 'location': {'street': {'number': 999, 'name': 'Jones Road'}, 'city': 'Ballybofey-Stranorlar', 'state': 'Kerry', 'country': 'Ireland', 'postcode': 16772, 'coordinates': {'latitude': '-0.7265', 'longitude': '-66.1871'}, 'timezone': {'offset': '-9:00', 'description': 'Alaska'}}, 'email': 'leslie.mason@example.com', 'login': {'uuid': 'a9215151-6bf4-42e6-b574-762c1776aaf3', 'username': 'heavyfish527', 'password': 'evolutio', 'salt': 'zT7rk5Am', 'md5': 'cea505a4838115e48e099c881513bb2c', 'sha1': 'c9f8da9493f3270f73b73712bb1beacf831f7cec', 'sha256': 'bcf8c177b8904aca1e34ffca7e50d6aa770d71aaebd501ae3297b3f9c2aed6d7'}, 'dob': {'date': '1968-08-07T23:08:10.295Z', 'age': 55}, 'registered': {'date': '2005-12-11T06:37:43.887Z', 'age': 18}, 'phone': '011-443-6692', 'cell': '081-916-5031', 'id': {'name': 'PPS', 'value': '5512393T'}, 'picture': {'large': 'https://randomuser.me/api/portraits/men/78.jpg', 'medium': 'https://randomuser.me/api/portraits/med/men/78.jpg', 'thumbnail': 'https://randomuser.me/api/portraits/thumb/men/78.jpg'}, 'nat': 'IE'}</msg>
<arg>${json_data['results'][0]}</arg>
<doc>Logs the given message with the given level.</doc>
<status status="PASS" start="2024-04-12T08:18:04.669807" elapsed="0.000452"/>
</kw>
<kw name="Log" owner="BuiltIn">
<msg time="2024-04-12T08:18:04.670704" level="INFO">gender</msg>
<arg>${key}</arg>
<doc>Logs the given message with the given level.</doc>
<status status="PASS" start="2024-04-12T08:18:04.670570" elapsed="0.000173"/>
</kw>
<var name="${key}">gender</var>
<status status="PASS" start="2024-04-12T08:18:04.668926" elapsed="0.002037"/>
</iter>
<iter>
<kw name="Dictionary Should Contain Key" owner="Collections">
<msg time="2024-04-12T08:18:04.671660" level="INFO">False</msg>
<arg>${json_data['results'][0]}</arg>
<arg>${key}</arg>
<doc>Fails if ``key`` is not found from ``dictionary``.</doc>
<status status="PASS" start="2024-04-12T08:18:04.671272" elapsed="0.000425"/>
</kw>
<kw name="Log" owner="BuiltIn">
<msg time="2024-04-12T08:18:04.672398" level="INFO">{'gender': 'male', 'name': {'title': 'Mr', 'first': 'Leslie', 'last': 'Mason'}, 'location': {'street': {'number': 999, 'name': 'Jones Road'}, 'city': 'Ballybofey-Stranorlar', 'state': 'Kerry', 'country': 'Ireland', 'postcode': 16772, 'coordinates': {'latitude': '-0.7265', 'longitude': '-66.1871'}, 'timezone': {'offset': '-9:00', 'description': 'Alaska'}}, 'email': 'leslie.mason@example.com', 'login': {'uuid': 'a9215151-6bf4-42e6-b574-762c1776aaf3', 'username': 'heavyfish527', 'password': 'evolutio', 'salt': 'zT7rk5Am', 'md5': 'cea505a4838115e48e099c881513bb2c', 'sha1': 'c9f8da9493f3270f73b73712bb1beacf831f7cec', 'sha256': 'bcf8c177b8904aca1e34ffca7e50d6aa770d71aaebd501ae3297b3f9c2aed6d7'}, 'dob': {'date': '1968-08-07T23:08:10.295Z', 'age': 55}, 'registered': {'date': '2005-12-11T06:37:43.887Z', 'age': 18}, 'phone': '011-443-6692', 'cell': '081-916-5031', 'id': {'name': 'PPS', 'value': '5512393T'}, 'picture': {'large': 'https://randomuser.me/api/portraits/men/78.jpg', 'medium': 'https://randomuser.me/api/portraits/med/men/78.jpg', 'thumbnail': 'https://randomuser.me/api/portraits/thumb/men/78.jpg'}, 'nat': 'IE'}</msg>
<arg>${json_data['results'][0]}</arg>
<doc>Logs the given message with the given level.</doc>
<status status="PASS" start="2024-04-12T08:18:04.672028" elapsed="0.000419"/>
</kw>
<kw name="Log" owner="BuiltIn">
<msg time="2024-04-12T08:18:04.672920" level="INFO">name</msg>
<arg>${key}</arg>
<doc>Logs the given message with the given level.</doc>
<status status="PASS" start="2024-04-12T08:18:04.672776" elapsed="0.000183"/>
</kw>
<var name="${key}">name</var>
<status status="PASS" start="2024-04-12T08:18:04.671156" elapsed="0.002027"/>
</iter>
<iter>
<kw name="Dictionary Should Contain Key" owner="Collections">
<msg time="2024-04-12T08:18:04.673862" level="INFO">False</msg>
<arg>${json_data['results'][0]}</arg>
<arg>${key}</arg>
<doc>Fails if ``key`` is not found from ``dictionary``.</doc>
<status status="PASS" start="2024-04-12T08:18:04.673478" elapsed="0.000423"/>
</kw>
<kw name="Log" owner="BuiltIn">
<msg time="2024-04-12T08:18:04.674605" level="INFO">{'gender': 'male', 'name': {'title': 'Mr', 'first': 'Leslie', 'last': 'Mason'}, 'location': {'street': {'number': 999, 'name': 'Jones Road'}, 'city': 'Ballybofey-Stranorlar', 'state': 'Kerry', 'country': 'Ireland', 'postcode': 16772, 'coordinates': {'latitude': '-0.7265', 'longitude': '-66.1871'}, 'timezone': {'offset': '-9:00', 'description': 'Alaska'}}, 'email': 'leslie.mason@example.com', 'login': {'uuid': 'a9215151-6bf4-42e6-b574-762c1776aaf3', 'username': 'heavyfish527', 'password': 'evolutio', 'salt': 'zT7rk5Am', 'md5': 'cea505a4838115e48e099c881513bb2c', 'sha1': 'c9f8da9493f3270f73b73712bb1beacf831f7cec', 'sha256': 'bcf8c177b8904aca1e34ffca7e50d6aa770d71aaebd501ae3297b3f9c2aed6d7'}, 'dob': {'date': '1968-08-07T23:08:10.295Z', 'age': 55}, 'registered': {'date': '2005-12-11T06:37:43.887Z', 'age': 18}, 'phone': '011-443-6692', 'cell': '081-916-5031', 'id': {'name': 'PPS', 'value': '5512393T'}, 'picture': {'large': 'https://randomuser.me/api/portraits/men/78.jpg', 'medium': 'https://randomuser.me/api/portraits/med/men/78.jpg', 'thumbnail': 'https://randomuser.me/api/portraits/thumb/men/78.jpg'}, 'nat': 'IE'}</msg>
<arg>${json_data['results'][0]}</arg>
<doc>Logs the given message with the given level.</doc>
<status status="PASS" start="2024-04-12T08:18:04.674243" elapsed="0.000415"/>
</kw>
<kw name="Log" owner="BuiltIn">
<msg time="2024-04-12T08:18:04.675084" level="INFO">location</msg>
<arg>${key}</arg>
<doc>Logs the given message with the given level.</doc>
<status status="PASS" start="2024-04-12T08:18:04.674956" elapsed="0.000167"/>
</kw>
<var name="${key}">location</var>
<status status="PASS" start="2024-04-12T08:18:04.673364" elapsed="0.001985"/>
</iter>
<iter>
<kw name="Dictionary Should Contain Key" owner="Collections">
<msg time="2024-04-12T08:18:04.676013" level="INFO">False</msg>
<arg>${json_data['results'][0]}</arg>
<arg>${key}</arg>
<doc>Fails if ``key`` is not found from ``dictionary``.</doc>
<status status="PASS" start="2024-04-12T08:18:04.675638" elapsed="0.000412"/>
</kw>
<kw name="Log" owner="BuiltIn">
<msg time="2024-04-12T08:18:04.676746" level="INFO">{'gender': 'male', 'name': {'title': 'Mr', 'first': 'Leslie', 'last': 'Mason'}, 'location': {'street': {'number': 999, 'name': 'Jones Road'}, 'city': 'Ballybofey-Stranorlar', 'state': 'Kerry', 'country': 'Ireland', 'postcode': 16772, 'coordinates': {'latitude': '-0.7265', 'longitude': '-66.1871'}, 'timezone': {'offset': '-9:00', 'description': 'Alaska'}}, 'email': 'leslie.mason@example.com', 'login': {'uuid': 'a9215151-6bf4-42e6-b574-762c1776aaf3', 'username': 'heavyfish527', 'password': 'evolutio', 'salt': 'zT7rk5Am', 'md5': 'cea505a4838115e48e099c881513bb2c', 'sha1': 'c9f8da9493f3270f73b73712bb1beacf831f7cec', 'sha256': 'bcf8c177b8904aca1e34ffca7e50d6aa770d71aaebd501ae3297b3f9c2aed6d7'}, 'dob': {'date': '1968-08-07T23:08:10.295Z', 'age': 55}, 'registered': {'date': '2005-12-11T06:37:43.887Z', 'age': 18}, 'phone': '011-443-6692', 'cell': '081-916-5031', 'id': {'name': 'PPS', 'value': '5512393T'}, 'picture': {'large': 'https://randomuser.me/api/portraits/men/78.jpg', 'medium': 'https://randomuser.me/api/portraits/med/men/78.jpg', 'thumbnail': 'https://randomuser.me/api/portraits/thumb/men/78.jpg'}, 'nat': 'IE'}</msg>
<arg>${json_data['results'][0]}</arg>
<doc>Logs the given message with the given level.</doc>
<status status="PASS" start="2024-04-12T08:18:04.676381" elapsed="0.000412"/>
</kw>
<kw name="Log" owner="BuiltIn">
<msg time="2024-04-12T08:18:04.677223" level="INFO">email</msg>
<arg>${key}</arg>
<doc>Logs the given message with the given level.</doc>
<status status="PASS" start="2024-04-12T08:18:04.677094" elapsed="0.000166"/>
</kw>
<var name="${key}">email</var>
<status status="PASS" start="2024-04-12T08:18:04.675525" elapsed="0.001952"/>
</iter>
<iter>
<kw name="Dictionary Should Contain Key" owner="Collections">
<msg time="2024-04-12T08:18:04.678171" level="INFO">False</msg>
<arg>${json_data['results'][0]}</arg>
<arg>${key}</arg>
<doc>Fails if ``key`` is not found from ``dictionary``.</doc>
<status status="PASS" start="2024-04-12T08:18:04.677767" elapsed="0.000443"/>
</kw>
<kw name="Log" owner="BuiltIn">
<msg time="2024-04-12T08:18:04.678868" level="INFO">{'gender': 'male', 'name': {'title': 'Mr', 'first': 'Leslie', 'last': 'Mason'}, 'location': {'street': {'number': 999, 'name': 'Jones Road'}, 'city': 'Ballybofey-Stranorlar', 'state': 'Kerry', 'country': 'Ireland', 'postcode': 16772, 'coordinates': {'latitude': '-0.7265', 'longitude': '-66.1871'}, 'timezone': {'offset': '-9:00', 'description': 'Alaska'}}, 'email': 'leslie.mason@example.com', 'login': {'uuid': 'a9215151-6bf4-42e6-b574-762c1776aaf3', 'username': 'heavyfish527', 'password': 'evolutio', 'salt': 'zT7rk5Am', 'md5': 'cea505a4838115e48e099c881513bb2c', 'sha1': 'c9f8da9493f3270f73b73712bb1beacf831f7cec', 'sha256': 'bcf8c177b8904aca1e34ffca7e50d6aa770d71aaebd501ae3297b3f9c2aed6d7'}, 'dob': {'date': '1968-08-07T23:08:10.295Z', 'age': 55}, 'registered': {'date': '2005-12-11T06:37:43.887Z', 'age': 18}, 'phone': '011-443-6692', 'cell': '081-916-5031', 'id': {'name': 'PPS', 'value': '5512393T'}, 'picture': {'large': 'https://randomuser.me/api/portraits/men/78.jpg', 'medium': 'https://randomuser.me/api/portraits/med/men/78.jpg', 'thumbnail': 'https://randomuser.me/api/portraits/thumb/men/78.jpg'}, 'nat': 'IE'}</msg>
<arg>${json_data['results'][0]}</arg>
<doc>Logs the given message with the given level.</doc>
<status status="PASS" start="2024-04-12T08:18:04.678509" elapsed="0.000407"/>
</kw>
<kw name="Log" owner="BuiltIn">
<msg time="2024-04-12T08:18:04.679341" level="INFO">login</msg>
<arg>${key}</arg>
<doc>Logs the given message with the given level.</doc>
<status status="PASS" start="2024-04-12T08:18:04.679215" elapsed="0.000165"/>
</kw>
<var name="${key}">login</var>
<status status="PASS" start="2024-04-12T08:18:04.677654" elapsed="0.001945"/>
</iter>
<var>${key}</var>
<value>@{expected_keys}</value>
<status status="PASS" start="2024-04-12T08:18:04.668739" elapsed="0.010982"/>
</for>
<kw name="Create List" owner="BuiltIn">
<msg time="2024-04-12T08:18:04.680090" level="INFO">${expected_keysTwo} = ['username', 'password']</msg>
<var>${expected_keysTwo}</var>
<arg>username</arg>
<arg>password</arg>
<doc>Returns a list containing given items.</doc>
<status status="PASS" start="2024-04-12T08:18:04.679949" elapsed="0.000165"/>
</kw>
<for flavor="IN">
<iter>
<kw name="Dictionary Should Contain Key" owner="Collections">
<msg time="2024-04-12T08:18:04.681129" level="INFO">False</msg>
<arg>${json_data['results'][0]['login']}</arg>
<arg>${keyTwo}</arg>
<doc>Fails if ``key`` is not found from ``dictionary``.</doc>
<status status="PASS" start="2024-04-12T08:18:04.680738" elapsed="0.000430"/>
</kw>
<kw name="Dictionary Should Contain Key" owner="Collections">
<msg time="2024-04-12T08:18:04.681849" level="INFO">False</msg>
<arg>${json_data['results'][0]['login']}</arg>
<arg>${keyTwo}</arg>
<doc>Fails if ``key`` is not found from ``dictionary``.</doc>
<status status="PASS" start="2024-04-12T08:18:04.681467" elapsed="0.000421"/>
</kw>
<kw name="Log" owner="BuiltIn">
<msg time="2024-04-12T08:18:04.682368" level="INFO">username</msg>
<arg>${keyTwo}</arg>
<doc>Logs the given message with the given level.</doc>
<status status="PASS" start="2024-04-12T08:18:04.682239" elapsed="0.000167"/>
</kw>
<var name="${keyTwo}">username</var>
<status status="PASS" start="2024-04-12T08:18:04.680622" elapsed="0.002011"/>
</iter>
<iter>
<kw name="Dictionary Should Contain Key" owner="Collections">
<msg time="2024-04-12T08:18:04.683303" level="INFO">False</msg>
<arg>${json_data['results'][0]['login']}</arg>
<arg>${keyTwo}</arg>
<doc>Fails if ``key`` is not found from ``dictionary``.</doc>
<status status="PASS" start="2024-04-12T08:18:04.682929" elapsed="0.000411"/>
</kw>
<kw name="Dictionary Should Contain Key" owner="Collections">
<msg time="2024-04-12T08:18:04.684013" level="INFO">False</msg>
<arg>${json_data['results'][0]['login']}</arg>
<arg>${keyTwo}</arg>
<doc>Fails if ``key`` is not found from ``dictionary``.</doc>
<status status="PASS" start="2024-04-12T08:18:04.683633" elapsed="0.000419"/>
</kw>
<kw name="Log" owner="BuiltIn">
<msg time="2024-04-12T08:18:04.684478" level="INFO">password</msg>
<arg>${keyTwo}</arg>
<doc>Logs the given message with the given level.</doc>
<status status="PASS" start="2024-04-12T08:18:04.684347" elapsed="0.000170"/>
</kw>
<var name="${keyTwo}">password</var>
<status status="PASS" start="2024-04-12T08:18:04.682809" elapsed="0.001924"/>
</iter>
<var>${keyTwo}</var>
<value>@{expected_keysTwo}</value>
<status status="PASS" start="2024-04-12T08:18:04.680355" elapsed="0.004502"/>
</for>
<status status="PASS" start="2024-04-12T08:18:04.565727" elapsed="0.119271"/>
</kw>
<doc>Testa a estrutura da resposta da API.</doc>
<tag>testeEstruturaResposta</tag>
<status status="PASS" start="2024-04-12T08:18:04.564961" elapsed="0.120196"/>
</test>
<test id="s1-s1-t4" name="Validar tipos de dados" line="28">
<kw name="Teste de Tipos de Dados" owner="random-user-service">
<kw name="GET On Session" owner="RequestsLibrary">
<msg time="2024-04-12T08:18:04.761070" level="INFO">GET Request : url=https://randomuser.me/api 
 path_url=/api 
 headers={'User-Agent': 'python-requests/2.31.0', 'Accept-Encoding': 'gzip, deflate', 'Accept': '*/*', 'Connection': 'keep-alive'} 
 body=None 
 </msg>
<msg time="2024-04-12T08:18:04.761147" level="INFO">GET Response : url=https://randomuser.me/api 
 status=200, reason=OK 
 headers={'Date': 'Fri, 12 Apr 2024 08:18:04 GMT', 'Content-Type': 'application/json; charset=utf-8', 'Transfer-Encoding': 'chunked', 'Connection': 'keep-alive', 'X-Powered-By': 'Express', 'Access-Control-Allow-Origin': '*', 'Cache-Control': 'no-cache', 'ETag': 'W/"48c-wbV6bDQS2UZA0l9brJfgutrYdWw"', 'Vary': 'Accept-Encoding', 'Content-Encoding': 'gzip', 'CF-Cache-Status': 'DYNAMIC', 'Report-To': '{"endpoints":[{"url":"https:\\/\\/a.nel.cloudflare.com\\/report\\/v4?s=eiiD9PRt2qOdfq9TKUkm%2FlVgEsv3tT%2Fd7zIFycyreTEmDZlOp8YMwPDzSiH95ZvpxeyBNJetwU4B5MhIkPXD5962iLqWue01gFV%2BwwQ0qeNEFh8j8%2Fl566TFb%2BCCmvbQ"}],"group":"cf-nel","max_age":604800}', 'NEL': '{"success_fraction":0,"report_to":"cf-nel","max_age":604800}', 'Server': 'cloudflare', 'CF-RAY': '8731c89b5a0b801d-IAD', 'alt-svc': 'h3=":443"; ma=86400'} 
 body={"results":[{"gender":"female","name":{"title":"Ms","first":"Justine","last":"Wong"},"location":{"street":{"number":6151,"name":"9th St"},"city":"Burlington","state":"Prince Edward Island","country":"Canada","postcode":"D2T 9U1","coordinates":{"latitude":"-71.2264","longitude":"53.2978"},"timezone":{"offset":"-11:00","description":"Midway Island, Samoa"}},"email":"justine.wong@example.com","login":{"uuid":"afd1911b-6fdf-4550-b7c3-82426e35d6d0","username":"bluelion242","password":"scoobydo","salt":"8Z7uucBC","md5":"82902b438895e9d381cf3cbcf61e82cc","sha1":"8c74652c2083ff72f22eda6954b009ab9e54fffc","sha256":"92c989c30f1ebe53440cdc3a906657bd36cbce910d20ced292ff0154c029f716"},"dob":{"date":"1959-08-23T10:16:33.909Z","age":64},"registered":{"date":"2005-10-26T23:49:36.826Z","age":18},"phone":"X23 W48-0423","cell":"H45 F71-7525","id":{"name":"SIN","value":"523247815"},"picture":{"large":"https://randomuser.me/api/portraits/women/41.jpg","medium":"https://randomuser.me/api/portraits/med/women/41.jpg","thumbnail":"https://randomuser.me/api/portraits/thumb/women/41.jpg"},"nat":"CA"}],"info":{"seed":"f73fc5e6ee0b7c29","results":1,"page":1,"version":"1.4"}} 
 </msg>
<msg time="2024-04-12T08:18:04.761219" level="INFO">/opt/hostedtoolcache/Python/3.12.2/x64/lib/python3.12/site-packages/urllib3/connectionpool.py:1103: InsecureRequestWarning: Unverified HTTPS request is being made to host 'randomuser.me'. Adding certificate verification is strongly advised. See: https://urllib3.readthedocs.io/en/latest/advanced-usage.html#tls-warnings
  warnings.warn(</msg>
<msg time="2024-04-12T08:18:04.761346" level="INFO">${response} = &lt;Response [200]&gt;</msg>
<var>${response}</var>
<arg>consultarAPI</arg>
<arg>/api</arg>
<doc>Sends a GET request on a previously created HTTP Session.</doc>
<status status="PASS" start="2024-04-12T08:18:04.687736" elapsed="0.073662"/>
</kw>
<kw name="Set Variable" owner="BuiltIn">
<msg time="2024-04-12T08:18:04.762272" level="INFO">${json_data} = {'results': [{'gender': 'female', 'name': {'title': 'Ms', 'first': 'Justine', 'last': 'Wong'}, 'location': {'street': {'number': 6151, 'name': '9th St'}, 'city': 'Burlington', 'state': 'Prince Edward ...</msg>
<var>${json_data}</var>
<arg>${response.json()}</arg>
<doc>Returns the given values which can then be assigned to a variables.</doc>
<status status="PASS" start="2024-04-12T08:18:04.761773" elapsed="0.000533"/>
</kw>
<kw name="Log" owner="BuiltIn">
<msg time="2024-04-12T08:18:04.762773" level="INFO">{'results': [{'gender': 'female', 'name': {'title': 'Ms', 'first': 'Justine', 'last': 'Wong'}, 'location': {'street': {'number': 6151, 'name': '9th St'}, 'city': 'Burlington', 'state': 'Prince Edward Island', 'country': 'Canada', 'postcode': 'D2T 9U1', 'coordinates': {'latitude': '-71.2264', 'longitude': '53.2978'}, 'timezone': {'offset': '-11:00', 'description': 'Midway Island, Samoa'}}, 'email': 'justine.wong@example.com', 'login': {'uuid': 'afd1911b-6fdf-4550-b7c3-82426e35d6d0', 'username': 'bluelion242', 'password': 'scoobydo', 'salt': '8Z7uucBC', 'md5': '82902b438895e9d381cf3cbcf61e82cc', 'sha1': '8c74652c2083ff72f22eda6954b009ab9e54fffc', 'sha256': '92c989c30f1ebe53440cdc3a906657bd36cbce910d20ced292ff0154c029f716'}, 'dob': {'date': '1959-08-23T10:16:33.909Z', 'age': 64}, 'registered': {'date': '2005-10-26T23:49:36.826Z', 'age': 18}, 'phone': 'X23 W48-0423', 'cell': 'H45 F71-7525', 'id': {'name': 'SIN', 'value': '523247815'}, 'picture': {'large': 'https://randomuser.me/api/portraits/women/41.jpg', 'medium': 'https://randomuser.me/api/portraits/med/women/41.jpg', 'thumbnail': 'https://randomuser.me/api/portraits/thumb/women/41.jpg'}, 'nat': 'CA'}], 'info': {'seed': 'f73fc5e6ee0b7c29', 'results': 1, 'page': 1, 'version': '1.4'}}</msg>
<arg>${json_data}</arg>
<doc>Logs the given message with the given level.</doc>
<status status="PASS" start="2024-04-12T08:18:04.762620" elapsed="0.000200"/>
</kw>
<kw name="Should Be String" owner="String">
<arg>${json_data['results'][0]['gender']}</arg>
<doc>Fails if the given ``item`` is not a string.</doc>
<status status="PASS" start="2024-04-12T08:18:04.763145" elapsed="0.000367"/>
</kw>
<kw name="Should Match Regexp" owner="BuiltIn">
<arg>${json_data['results'][0]['email']}</arg>
<arg>^[a-zA-Z0-9._%+-]+@[a-zA-Z0-9.-]+\.[a-zA-Z]{2,}$</arg>
<doc>Fails if ``string`` does not match ``pattern`` as a regular expression.</doc>
<status status="PASS" start="2024-04-12T08:18:04.763716" elapsed="0.000511"/>
</kw>
<kw name="Should Match Regexp" owner="BuiltIn">
<arg>${json_data['results'][0]['dob']['date']}</arg>
<arg>\\d{4}-\\d{2}-\\d{2}T\\d{2}:\\d{2}:\\d{2}\\.\\d{3}Z</arg>
<doc>Fails if ``string`` does not match ``pattern`` as a regular expression.</doc>
<status status="PASS" start="2024-04-12T08:18:04.764433" elapsed="0.000493"/>
</kw>
<kw name="Should Match Regexp" owner="BuiltIn">
<arg>${json_data['results'][0]['registered']['date']}</arg>
<arg>\\d{4}-\\d{2}-\\d{2}T\\d{2}:\\d{2}:\\d{2}\\.\\d{3}Z</arg>
<doc>Fails if ``string`` does not match ``pattern`` as a regular expression.</doc>
<status status="PASS" start="2024-04-12T08:18:04.765125" elapsed="0.000384"/>
</kw>
<kw name="Should Match Regexp" owner="BuiltIn">
<arg>${json_data['results'][0]['picture']['large']}</arg>
<arg>^https?://.*\.(?:png|jpe?g|gif|bmp)$</arg>
<doc>Fails if ``string`` does not match ``pattern`` as a regular expression.</doc>
<status status="PASS" start="2024-04-12T08:18:04.765703" elapsed="0.000491"/>
</kw>
<kw name="Should Match Regexp" owner="BuiltIn">
<arg>${json_data['results'][0]['picture']['medium']}</arg>
<arg>^https?://.*\.(?:png|jpe?g|gif|bmp)$</arg>
<doc>Fails if ``string`` does not match ``pattern`` as a regular expression.</doc>
<status status="PASS" start="2024-04-12T08:18:04.766390" elapsed="0.000361"/>
</kw>
<kw name="Should Match Regexp" owner="BuiltIn">
<arg>${json_data['results'][0]['picture']['thumbnail']}</arg>
<arg>^https?://.*\.(?:png|jpe?g|gif|bmp)$</arg>
<doc>Fails if ``string`` does not match ``pattern`` as a regular expression.</doc>
<status status="PASS" start="2024-04-12T08:18:04.766939" elapsed="0.000348"/>
</kw>
<kw name="Log" owner="BuiltIn">
<msg time="2024-04-12T08:18:04.767799" level="INFO">{'large': 'https://randomuser.me/api/portraits/women/41.jpg', 'medium': 'https://randomuser.me/api/portraits/med/women/41.jpg', 'thumbnail': 'https://randomuser.me/api/portraits/thumb/women/41.jpg'}</msg>
<arg>${json_data['results'][0]['picture']}</arg>
<doc>Logs the given message with the given level.</doc>
<status status="PASS" start="2024-04-12T08:18:04.767469" elapsed="0.000372"/>
</kw>
<status status="PASS" start="2024-04-12T08:18:04.687503" elapsed="0.080590"/>
</kw>
<kw name="Teste de Tipos de Dados - Postcode" owner="random-user-service">
<kw name="GET On Session" owner="RequestsLibrary">
<msg time="2024-04-12T08:18:05.041899" level="INFO">GET Request : url=https://randomuser.me/api 
 path_url=/api 
 headers={'User-Agent': 'python-requests/2.31.0', 'Accept-Encoding': 'gzip, deflate', 'Accept': '*/*', 'Connection': 'keep-alive'} 
 body=None 
 </msg>
<msg time="2024-04-12T08:18:05.042027" level="INFO">GET Response : url=https://randomuser.me/api 
 status=200, reason=OK 
 headers={'Date': 'Fri, 12 Apr 2024 08:18:05 GMT', 'Content-Type': 'application/json; charset=utf-8', 'Transfer-Encoding': 'chunked', 'Connection': 'keep-alive', 'X-Powered-By': 'Express', 'Access-Control-Allow-Origin': '*', 'Cache-Control': 'no-cache', 'ETag': 'W/"497-c8hacM7ET96tAkJgEbj4OV1BUkc"', 'Vary': 'Accept-Encoding', 'Content-Encoding': 'gzip', 'CF-Cache-Status': 'DYNAMIC', 'Report-To': '{"endpoints":[{"url":"https:\\/\\/a.nel.cloudflare.com\\/report\\/v4?s=WGnpbCZUHOL1rBqxeUmJ%2B024ur%2BRjoyH49XYnWJvBpbjcoHICVzuRJBnm%2B9DyQU15e0EVDG43ezTCmEzaqNw1IRV4RFnpCdf4zev1IMpxgB7CrXRO8xLx2UqBj1aR%2FG7"}],"group":"cf-nel","max_age":604800}', 'NEL': '{"success_fraction":0,"report_to":"cf-nel","max_age":604800}', 'Server': 'cloudflare', 'CF-RAY': '8731c89bda65801d-IAD', 'alt-svc': 'h3=":443"; ma=86400'} 
 body={"results":[{"gender":"female","name":{"title":"Mrs","first":"Eevi","last":"Keto"},"location":{"street":{"number":508,"name":"Nordenskiöldinkatu"},"city":"Humppila","state":"Southern Savonia","country":"Finland","postcode":36007,"coordinates":{"latitude":"-24.2382","longitude":"153.0100"},"timezone":{"offset":"+2:00","description":"Kaliningrad, South Africa"}},"email":"eevi.keto@example.com","login":{"uuid":"1488071d-42c0-4437-a49a-24b8356c6774","username":"purplecat365","password":"mmmmmmm","salt":"iWcqnDxp","md5":"d1270146c76d3ab8659f2865183916e9","sha1":"5219c0ec43dc7c48c406e6b7fc558fb3493a796c","sha256":"ebf7bf4f7147076b3d205a54665c5647b8495c133fadfad871ccace41ccdcf1c"},"dob":{"date":"1985-01-25T09:08:58.562Z","age":39},"registered":{"date":"2012-07-10T20:59:55.728Z","age":11},"phone":"04-474-443","cell":"040-387-97-56","id":{"name":"HETU","value":"NaNNA670undefined"},"picture":{"large":"https://randomuser.me/api/portraits/women/21.jpg","medium":"https://randomuser.me/api/portraits/med/women/21.jpg","thumbnail":"https://randomuser.me/api/portraits/thumb/women/21.jpg"},"nat":"FI"}],"info":{"seed":"fc2db3060c84b642","results":1,"page":1,"version":"1.4"}} 
 </msg>
<msg time="2024-04-12T08:18:05.042122" level="INFO">/opt/hostedtoolcache/Python/3.12.2/x64/lib/python3.12/site-packages/urllib3/connectionpool.py:1103: InsecureRequestWarning: Unverified HTTPS request is being made to host 'randomuser.me'. Adding certificate verification is strongly advised. See: https://urllib3.readthedocs.io/en/latest/advanced-usage.html#tls-warnings
  warnings.warn(</msg>
<msg time="2024-04-12T08:18:05.042247" level="INFO">${response} = &lt;Response [200]&gt;</msg>
<var>${response}</var>
<arg>consultarAPI</arg>
<arg>/api</arg>
<doc>Sends a GET request on a previously created HTTP Session.</doc>
<status status="PASS" start="2024-04-12T08:18:04.768552" elapsed="0.273737"/>
</kw>
<kw name="Set Variable" owner="BuiltIn">
<msg time="2024-04-12T08:18:05.043231" level="INFO">${json_data} = {'results': [{'gender': 'female', 'name': {'title': 'Mrs', 'first': 'Eevi', 'last': 'Keto'}, 'location': {'street': {'number': 508, 'name': 'Nordenskiöldinkatu'}, 'city': 'Humppila', 'state': 'Souther...</msg>
<var>${json_data}</var>
<arg>${response.json()}</arg>
<doc>Returns the given values which can then be assigned to a variables.</doc>
<status status="PASS" start="2024-04-12T08:18:05.042735" elapsed="0.000525"/>
</kw>
<kw name="Log" owner="BuiltIn">
<msg time="2024-04-12T08:18:05.043729" level="INFO">{'results': [{'gender': 'female', 'name': {'title': 'Mrs', 'first': 'Eevi', 'last': 'Keto'}, 'location': {'street': {'number': 508, 'name': 'Nordenskiöldinkatu'}, 'city': 'Humppila', 'state': 'Southern Savonia', 'country': 'Finland', 'postcode': 36007, 'coordinates': {'latitude': '-24.2382', 'longitude': '153.0100'}, 'timezone': {'offset': '+2:00', 'description': 'Kaliningrad, South Africa'}}, 'email': 'eevi.keto@example.com', 'login': {'uuid': '1488071d-42c0-4437-a49a-24b8356c6774', 'username': 'purplecat365', 'password': 'mmmmmmm', 'salt': 'iWcqnDxp', 'md5': 'd1270146c76d3ab8659f2865183916e9', 'sha1': '5219c0ec43dc7c48c406e6b7fc558fb3493a796c', 'sha256': 'ebf7bf4f7147076b3d205a54665c5647b8495c133fadfad871ccace41ccdcf1c'}, 'dob': {'date': '1985-01-25T09:08:58.562Z', 'age': 39}, 'registered': {'date': '2012-07-10T20:59:55.728Z', 'age': 11}, 'phone': '04-474-443', 'cell': '040-387-97-56', 'id': {'name': 'HETU', 'value': 'NaNNA670undefined'}, 'picture': {'large': 'https://randomuser.me/api/portraits/women/21.jpg', 'medium': 'https://randomuser.me/api/portraits/med/women/21.jpg', 'thumbnail': 'https://randomuser.me/api/portraits/thumb/women/21.jpg'}, 'nat': 'FI'}], 'info': {'seed': 'fc2db3060c84b642', 'results': 1, 'page': 1, 'version': '1.4'}}</msg>
<arg>${json_data}</arg>
<doc>Logs the given message with the given level.</doc>
<status status="PASS" start="2024-04-12T08:18:05.043571" elapsed="0.000206"/>
</kw>
<kw name="Should Be Equal As Numbers" owner="BuiltIn">
<arg>${json_data['results'][0]['location']['postcode']}</arg>
<arg>${json_data['results'][0]['location']['postcode']}</arg>
<doc>Fails if objects are unequal after converting them to real numbers.</doc>
<status status="PASS" start="2024-04-12T08:18:05.044072" elapsed="0.000641"/>
</kw>
<kw name="Log" owner="BuiltIn">
<msg time="2024-04-12T08:18:05.045240" level="INFO">36007</msg>
<arg>${json_data['results'][0]['location']['postcode']}</arg>
<doc>Logs the given message with the given level.</doc>
<status status="PASS" start="2024-04-12T08:18:05.044906" elapsed="0.000373"/>
</kw>
<status status="PASS" start="2024-04-12T08:18:04.768318" elapsed="0.277217"/>
</kw>
<doc>Testa se os tipos de dados na resposta da API estão corretos.</doc>
<tag>testeTiposDados</tag>
<status status="PASS" start="2024-04-12T08:18:04.686938" elapsed="0.358766"/>
</test>
<test id="s1-s1-t5" name="Validar conteudo" line="35">
<kw name="Teste de Tipos de Conteudo" owner="random-user-service">
<kw name="GET On Session" owner="RequestsLibrary">
<msg time="2024-04-12T08:18:05.087556" level="INFO">GET Request : url=https://randomuser.me/api 
 path_url=/api 
 headers={'User-Agent': 'python-requests/2.31.0', 'Accept-Encoding': 'gzip, deflate', 'Accept': '*/*', 'Connection': 'keep-alive'} 
 body=None 
 </msg>
<msg time="2024-04-12T08:18:05.087633" level="INFO">GET Response : url=https://randomuser.me/api 
 status=200, reason=OK 
 headers={'Date': 'Fri, 12 Apr 2024 08:18:05 GMT', 'Content-Type': 'application/json; charset=utf-8', 'Transfer-Encoding': 'chunked', 'Connection': 'keep-alive', 'X-Powered-By': 'Express', 'Access-Control-Allow-Origin': '*', 'Cache-Control': 'no-cache', 'ETag': 'W/"493-FfhKGt2N5Qf7ccYP2mlu55EU3oM"', 'Vary': 'Accept-Encoding', 'Content-Encoding': 'gzip', 'CF-Cache-Status': 'DYNAMIC', 'Report-To': '{"endpoints":[{"url":"https:\\/\\/a.nel.cloudflare.com\\/report\\/v4?s=yVFfLNKFKB9MVjjJ1XqmdIptSIfNBroyVWbfXBtL14nDt6zX%2BvxwtpF9e5xkOZUS%2BtpSgBi4AkpPzkISWcmuwOrhFSZFGvfcL4AqL4a8t6%2BXfj5Hqa8JZbcE1ygarrSg"}],"group":"cf-nel","max_age":604800}', 'NEL': '{"success_fraction":0,"report_to":"cf-nel","max_age":604800}', 'Server': 'cloudflare', 'CF-RAY': '8731c89d9bab801d-IAD', 'alt-svc': 'h3=":443"; ma=86400'} 
 body={"results":[{"gender":"male","name":{"title":"Mr","first":"Thiago","last":"Noel"},"location":{"street":{"number":8039,"name":"Rue Duguesclin"},"city":"Metz","state":"Oise","country":"France","postcode":17443,"coordinates":{"latitude":"-18.7130","longitude":"-172.5210"},"timezone":{"offset":"+8:00","description":"Beijing, Perth, Singapore, Hong Kong"}},"email":"thiago.noel@example.com","login":{"uuid":"ecdcd7b1-3e81-45c1-b99c-318691643d93","username":"organicrabbit291","password":"minimoni","salt":"n6FgvUhD","md5":"d5a9b1fdd8169eaa6353b357932ff79b","sha1":"ea2ac66daa012ad571e68b726732bfdffc4ee685","sha256":"e75f0c2e0f47b51ad0f2aa351483210c38420be3205cf429c7810be0d3b04d64"},"dob":{"date":"1951-02-05T06:01:33.690Z","age":73},"registered":{"date":"2013-06-09T00:43:12.290Z","age":10},"phone":"04-13-32-85-28","cell":"06-35-51-92-67","id":{"name":"INSEE","value":"1510188416161 07"},"picture":{"large":"https://randomuser.me/api/portraits/men/43.jpg","medium":"https://randomuser.me/api/portraits/med/men/43.jpg","thumbnail":"https://randomuser.me/api/portraits/thumb/men/43.jpg"},"nat":"FR"}],"info":{"seed":"8c4059927fce3b1b","results":1,"page":1,"version":"1.4"}} 
 </msg>
<msg time="2024-04-12T08:18:05.087705" level="INFO">/opt/hostedtoolcache/Python/3.12.2/x64/lib/python3.12/site-packages/urllib3/connectionpool.py:1103: InsecureRequestWarning: Unverified HTTPS request is being made to host 'randomuser.me'. Adding certificate verification is strongly advised. See: https://urllib3.readthedocs.io/en/latest/advanced-usage.html#tls-warnings
  warnings.warn(</msg>
<msg time="2024-04-12T08:18:05.087835" level="INFO">${response} = &lt;Response [200]&gt;</msg>
<var>${response}</var>
<arg>consultarAPI</arg>
<arg>/api</arg>
<doc>Sends a GET request on a previously created HTTP Session.</doc>
<status status="PASS" start="2024-04-12T08:18:05.048239" elapsed="0.039649"/>
</kw>
<kw name="Set Variable" owner="BuiltIn">
<msg time="2024-04-12T08:18:05.088732" level="INFO">${json_data} = {'results': [{'gender': 'male', 'name': {'title': 'Mr', 'first': 'Thiago', 'last': 'Noel'}, 'location': {'street': {'number': 8039, 'name': 'Rue Duguesclin'}, 'city': 'Metz', 'state': 'Oise', 'country...</msg>
<var>${json_data}</var>
<arg>${response.json()}</arg>
<doc>Returns the given values which can then be assigned to a variables.</doc>
<status status="PASS" start="2024-04-12T08:18:05.088277" elapsed="0.000484"/>
</kw>
<kw name="Set Variable" owner="BuiltIn">
<msg time="2024-04-12T08:18:05.089451" level="INFO">${name_title} = Mr</msg>
<var>${name_title}</var>
<arg>${json_data["results"][0]["name"]["title"]}</arg>
<doc>Returns the given values which can then be assigned to a variables.</doc>
<status status="PASS" start="2024-04-12T08:18:05.089066" elapsed="0.000410"/>
</kw>
<kw name="Create List" owner="BuiltIn">
<msg time="2024-04-12T08:18:05.089929" level="INFO">${allowed_titles} = ['Mr', 'Ms', 'Miss', 'Mrs', 'Madame', 'Monsieur']</msg>
<var>${allowed_titles}</var>
<arg>Mr</arg>
<arg>Ms</arg>
<arg>Miss</arg>
<arg>Mrs</arg>
<arg>Madame</arg>
<arg>Monsieur</arg>
<doc>Returns a list containing given items.</doc>
<status status="PASS" start="2024-04-12T08:18:05.089778" elapsed="0.000217"/>
</kw>
<kw name="List Should Contain Value" owner="Collections">
<msg time="2024-04-12T08:18:05.090488" level="INFO">False</msg>
<arg>${allowed_titles}</arg>
<arg>${name_title}</arg>
<doc>Fails if the ``value`` is not found from ``list``.</doc>
<status status="PASS" start="2024-04-12T08:18:05.090309" elapsed="0.000217"/>
</kw>
<kw name="Set Variable" owner="BuiltIn">
<msg time="2024-04-12T08:18:05.091190" level="INFO">${name_country} = FR</msg>
<var>${name_country}</var>
<arg>${json_data["results"][0]["nat"]}</arg>
<doc>Returns the given values which can then be assigned to a variables.</doc>
<status status="PASS" start="2024-04-12T08:18:05.090817" elapsed="0.000398"/>
</kw>
<kw name="Create List" owner="BuiltIn">
<msg time="2024-04-12T08:18:05.092127" level="INFO">${list_country} = ['AD', 'AE', 'AF', 'AG', 'AI', 'AL', 'AM', 'AO', 'AQ', 'AR', 'AS', 'AT', 'AU', 'AW', 'AX', 'AZ', 'BA', 'BB', 'BD', 'BE', 'BF', 'BG', 'BH', 'BI', 'BJ', 'BL', 'BM', 'BN', 'BO', 'BQ', 'BR', 'BS', 'BT', '...</msg>
<var>${list_country}</var>
<arg>AD</arg>
<arg>AE</arg>
<arg>AF</arg>
<arg>AG</arg>
<arg>AI</arg>
<arg>AL</arg>
<arg>AM</arg>
<arg>AO</arg>
<arg>AQ</arg>
<arg>AR</arg>
<arg>AS</arg>
<arg>AT</arg>
<arg>AU</arg>
<arg>AW</arg>
<arg>AX</arg>
<arg>AZ</arg>
<arg>BA</arg>
<arg>BB</arg>
<arg>BD</arg>
<arg>BE</arg>
<arg>BF</arg>
<arg>BG</arg>
<arg>BH</arg>
<arg>BI</arg>
<arg>BJ</arg>
<arg>BL</arg>
<arg>BM</arg>
<arg>BN</arg>
<arg>BO</arg>
<arg>BQ</arg>
<arg>BR</arg>
<arg>BS</arg>
<arg>BT</arg>
<arg>BV</arg>
<arg>BW</arg>
<arg>BY</arg>
<arg>BZ</arg>
<arg>CA</arg>
<arg>CC</arg>
<arg>CD</arg>
<arg>CF</arg>
<arg>CG</arg>
<arg>CH</arg>
<arg>CI</arg>
<arg>CK</arg>
<arg>CL</arg>
<arg>CM</arg>
<arg>CN</arg>
<arg>CO</arg>
<arg>CR</arg>
<arg>CU</arg>
<arg>CV</arg>
<arg>CW</arg>
<arg>CX</arg>
<arg>CY</arg>
<arg>CZ</arg>
<arg>DE</arg>
<arg>DJ</arg>
<arg>DK</arg>
<arg>DM</arg>
<arg>DO</arg>
<arg>DZ</arg>
<arg>EC</arg>
<arg>EE</arg>
<arg>EG</arg>
<arg>EH</arg>
<arg>ER</arg>
<arg>ES</arg>
<arg>ET</arg>
<arg>FI</arg>
<arg>FJ</arg>
<arg>FK</arg>
<arg>FM</arg>
<arg>FO</arg>
<arg>FR</arg>
<arg>GA</arg>
<arg>GB</arg>
<arg>GD</arg>
<arg>GE</arg>
<arg>GF</arg>
<arg>GG</arg>
<arg>GH</arg>
<arg>GI</arg>
<arg>GL</arg>
<arg>GM</arg>
<arg>GN</arg>
<arg>GP</arg>
<arg>GQ</arg>
<arg>GR</arg>
<arg>GS</arg>
<arg>GT</arg>
<arg>GU</arg>
<arg>GW</arg>
<arg>GY</arg>
<arg>HK</arg>
<arg>HM</arg>
<arg>HN</arg>
<arg>HR</arg>
<arg>HT</arg>
<arg>HU</arg>
<arg>ID</arg>
<arg>IE</arg>
<arg>IL</arg>
<arg>IM</arg>
<arg>IN</arg>
<arg>IO</arg>
<arg>IQ</arg>
<arg>IR</arg>
<arg>IS</arg>
<arg>IT</arg>
<arg>JE</arg>
<arg>JM</arg>
<arg>JO</arg>
<arg>JP</arg>
<arg>KE</arg>
<arg>KG</arg>
<arg>KH</arg>
<arg>KI</arg>
<arg>KM</arg>
<arg>KN</arg>
<arg>KP</arg>
<arg>KR</arg>
<arg>KW</arg>
<arg>KY</arg>
<arg>KZ</arg>
<arg>LA</arg>
<arg>LB</arg>
<arg>LC</arg>
<arg>LI</arg>
<arg>LK</arg>
<arg>LR</arg>
<arg>LS</arg>
<arg>LT</arg>
<arg>LU</arg>
<arg>LV</arg>
<arg>LY</arg>
<arg>MA</arg>
<arg>MC</arg>
<arg>MD</arg>
<arg>ME</arg>
<arg>MF</arg>
<arg>MG</arg>
<arg>MH</arg>
<arg>MK</arg>
<arg>ML</arg>
<arg>MM</arg>
<arg>MN</arg>
<arg>MO</arg>
<arg>MP</arg>
<arg>MQ</arg>
<arg>MR</arg>
<arg>MS</arg>
<arg>MT</arg>
<arg>MU</arg>
<arg>MV</arg>
<arg>MW</arg>
<arg>MX</arg>
<arg>MY</arg>
<arg>MZ</arg>
<arg>NA</arg>
<arg>NC</arg>
<arg>NE</arg>
<arg>NF</arg>
<arg>NG</arg>
<arg>NI</arg>
<arg>NL</arg>
<arg>NO</arg>
<arg>NP</arg>
<arg>NR</arg>
<arg>NU</arg>
<arg>NZ</arg>
<arg>OM</arg>
<arg>PA</arg>
<arg>PE</arg>
<arg>PF</arg>
<arg>PG</arg>
<arg>PH</arg>
<arg>PK</arg>
<arg>PL</arg>
<arg>PM</arg>
<arg>PN</arg>
<arg>PR</arg>
<arg>PS</arg>
<arg>PT</arg>
<arg>PW</arg>
<arg>PY</arg>
<arg>QA</arg>
<arg>RE</arg>
<arg>RO</arg>
<arg>RS</arg>
<arg>RU</arg>
<arg>RW</arg>
<arg>SA</arg>
<arg>SB</arg>
<arg>SC</arg>
<arg>SD</arg>
<arg>SE</arg>
<arg>SG</arg>
<arg>SH</arg>
<arg>SI</arg>
<arg>SJ</arg>
<arg>SK</arg>
<arg>SL</arg>
<arg>SM</arg>
<arg>SN</arg>
<arg>SO</arg>
<arg>SR</arg>
<arg>SS</arg>
<arg>ST</arg>
<arg>SV</arg>
<arg>SX</arg>
<arg>SY</arg>
<arg>SZ</arg>
<arg>TC</arg>
<arg>TD</arg>
<arg>TF</arg>
<arg>TG</arg>
<arg>TH</arg>
<arg>TJ</arg>
<arg>TK</arg>
<arg>TL</arg>
<arg>TM</arg>
<arg>TN</arg>
<arg>TO</arg>
<arg>TR</arg>
<arg>TT</arg>
<arg>TV</arg>
<arg>TW</arg>
<arg>TZ</arg>
<arg>UA</arg>
<arg>UG</arg>
<arg>UM</arg>
<arg>US</arg>
<arg>UY</arg>
<arg>UZ</arg>
<arg>VA</arg>
<arg>VC</arg>
<arg>VE</arg>
<arg>VG</arg>
<arg>VI</arg>
<arg>VN</arg>
<arg>VU</arg>
<arg>WF</arg>
<arg>WS</arg>
<arg>XK</arg>
<arg>YE</arg>
<arg>YT</arg>
<arg>ZA</arg>
<arg>ZM</arg>
<arg>ZW</arg>
<doc>Returns a list containing given items.</doc>
<status status="PASS" start="2024-04-12T08:18:05.091521" elapsed="0.000631"/>
</kw>
<kw name="List Should Contain Value" owner="Collections">
<msg time="2024-04-12T08:18:05.093145" level="INFO">False</msg>
<arg>${list_country}</arg>
<arg>${name_country}</arg>
<doc>Fails if the ``value`` is not found from ``list``.</doc>
<status status="PASS" start="2024-04-12T08:18:05.092935" elapsed="0.000248"/>
</kw>
<kw name="Run Keyword If" owner="BuiltIn">
<kw name="Should Be True" owner="BuiltIn">
<arg>${True}</arg>
<doc>Fails if the given condition is not true.</doc>
<status status="PASS" start="2024-04-12T08:18:05.094373" elapsed="0.000148"/>
</kw>
<arg>${json_data["results"][0]["location"]["coordinates"]["latitude"]} &gt;= -90 and ${json_data["results"][0]["location"]["coordinates"]["latitude"]} &lt;= 90</arg>
<arg>Should Be True</arg>
<arg>${True}</arg>
<doc>Runs the given keyword with the given arguments, if ``condition`` is true.</doc>
<status status="PASS" start="2024-04-12T08:18:05.093491" elapsed="0.001159"/>
</kw>
<kw name="Run Keyword If" owner="BuiltIn">
<kw name="Should Be True" owner="BuiltIn">
<arg>${True}</arg>
<doc>Fails if the given condition is not true.</doc>
<status status="PASS" start="2024-04-12T08:18:05.095534" elapsed="0.000140"/>
</kw>
<arg>${json_data["results"][0]["location"]["coordinates"]["longitude"]} &gt;= -180 and ${json_data["results"][0]["location"]["coordinates"]["longitude"]} &lt;= 180</arg>
<arg>Should Be True</arg>
<arg>${True}</arg>
<doc>Runs the given keyword with the given arguments, if ``condition`` is true.</doc>
<status status="PASS" start="2024-04-12T08:18:05.094835" elapsed="0.000964"/>
</kw>
<status status="PASS" start="2024-04-12T08:18:05.048013" elapsed="0.047914"/>
</kw>
<doc>Testa o conteúdo específico dos campos retornados pela API.</doc>
<tag>testeConteudo</tag>
<status status="PASS" start="2024-04-12T08:18:05.047471" elapsed="0.048599"/>
</test>
<status status="PASS" start="2024-04-12T08:18:04.067331" elapsed="1.030697"/>
</suite>
<status status="PASS" start="2024-04-12T08:18:04.053673" elapsed="1.049755"/>
</suite>
<statistics>
<total>
<stat pass="5" fail="0" skip="0">All Tests</stat>
</total>
<tag>
<stat pass="1" fail="0" skip="0">testeConteudo</stat>
<stat pass="1" fail="0" skip="0">testeEstruturaResposta</stat>
<stat pass="1" fail="0" skip="0">testeRequisicaoBasica</stat>
<stat pass="1" fail="0" skip="0">testeTiposDados</stat>
</tag>
<suite>
<stat pass="5" fail="0" skip="0" id="s1" name="Tests">Tests</stat>
<stat pass="5" fail="0" skip="0" id="s1-s1" name="Random-User-Test">Tests.Random-User-Test</stat>
</suite>
</statistics>
<errors>
</errors>
</robot>
