<?xml version="1.0" encoding="UTF-8"?>
<robot generator="Robot 7.0 (Python 3.12.3 on linux)" generated="2024-04-29T21:13:15.938719" rpa="false" schemaversion="5">
<suite id="s1" name="Tests" source="/home/runner/work/DesafioQAItauRogerioJordao/DesafioQAItauRogerioJordao/RamdonUser/tests">
<suite id="s1-s1" name="Random-User-Test" source="/home/runner/work/DesafioQAItauRogerioJordao/DesafioQAItauRogerioJordao/RamdonUser/tests/random-user-test.robot">
<test id="s1-s1-t1" name="Conectar" line="13">
<kw name="Conectar API" owner="random-user-service">
<kw name="Create Session" owner="RequestsLibrary">
<msg time="2024-04-29T21:13:16.298541" level="INFO">Creating Session using : alias=consultarAPI, url=https://randomuser.me/, headers={},                     cookies={}, auth=None, timeout=None, proxies=None, verify=False,                     debug=0 </msg>
<arg>consultarAPI</arg>
<arg>${URL}</arg>
<doc>Create Session: create a HTTP session to a server</doc>
<status status="PASS" start="2024-04-29T21:13:16.298331" elapsed="0.000392"/>
</kw>
<status status="PASS" start="2024-04-29T21:13:16.297353" elapsed="0.001738"/>
</kw>
<status status="PASS" start="2024-04-29T21:13:16.296686" elapsed="0.002599"/>
</test>
<test id="s1-s1-t2" name="Validar retorno 200 e JSON Válido" line="16">
<kw name="Teste de Requisicao Basica" owner="random-user-service">
<kw name="GET On Session" owner="RequestsLibrary">
<msg time="2024-04-29T21:13:16.548038" level="INFO">GET Request : url=https://randomuser.me/api 
 path_url=/api 
 headers={'User-Agent': 'python-requests/2.31.0', 'Accept-Encoding': 'gzip, deflate', 'Accept': '*/*', 'Connection': 'keep-alive'} 
 body=None 
 </msg>
<msg time="2024-04-29T21:13:16.548209" level="INFO">GET Response : url=https://randomuser.me/api 
 status=200, reason=OK 
 headers={'Date': 'Mon, 29 Apr 2024 21:13:16 GMT', 'Content-Type': 'application/json; charset=utf-8', 'Transfer-Encoding': 'chunked', 'Connection': 'keep-alive', 'X-Powered-By': 'Express', 'Access-Control-Allow-Origin': '*', 'Cache-Control': 'no-cache', 'ETag': 'W/"46d-3hL1HayPpg+rhStbfqU2rcDZkBc"', 'Vary': 'Accept-Encoding', 'Content-Encoding': 'gzip', 'CF-Cache-Status': 'DYNAMIC', 'Report-To': '{"endpoints":[{"url":"https:\\/\\/a.nel.cloudflare.com\\/report\\/v4?s=ryCKvQzCMw6QKPyPQ0Blu1gPQRlmuryn86yuc1immM7ZujsuZGzvAbLcDzptYUsz4fIRWl87UUrzrlTwyaKewtv%2FpyXZhBtDjybUfJBNu3XyJNHaXBol%2F%2FzoFF5uksEr"}],"group":"cf-nel","max_age":604800}', 'NEL': '{"success_fraction":0,"report_to":"cf-nel","max_age":604800}', 'Server': 'cloudflare', 'CF-RAY': '87c24b863e833ad8-IAD', 'alt-svc': 'h3=":443"; ma=86400'} 
 body={"results":[{"gender":"male","name":{"title":"Mr","first":"Deniz","last":"Yeşilkaya"},"location":{"street":{"number":86,"name":"Mevlana Cd"},"city":"Elazığ","state":"Afyonkarahisar","country":"Turkey","postcode":10732,"coordinates":{"latitude":"70.8171","longitude":"-8.7835"},"timezone":{"offset":"+3:30","description":"Tehran"}},"email":"deniz.yesilkaya@example.com","login":{"uuid":"3d90e400-c2d9-4673-9ddd-52e5d3ecbb34","username":"ticklishsnake419","password":"stoned","salt":"VkZKzDnL","md5":"771232d39cf92650a03bb516a6303630","sha1":"e3f8a291698323f0a0c978016a5347f0f8637c48","sha256":"3e5334b31c087abadcec80702df55059716d0903f397fff21e76c6ae7028fc0d"},"dob":{"date":"1955-02-20T01:21:23.245Z","age":69},"registered":{"date":"2020-05-11T14:14:43.481Z","age":3},"phone":"(829)-777-1222","cell":"(060)-349-8898","id":{"name":"","value":null},"picture":{"large":"https://randomuser.me/api/portraits/men/35.jpg","medium":"https://randomuser.me/api/portraits/med/men/35.jpg","thumbnail":"https://randomuser.me/api/portraits/thumb/men/35.jpg"},"nat":"TR"}],"info":{"seed":"f210029828688fae","results":1,"page":1,"version":"1.4"}} 
 </msg>
<msg time="2024-04-29T21:13:16.548306" level="INFO">/opt/hostedtoolcache/Python/3.12.3/x64/lib/python3.12/site-packages/urllib3/connectionpool.py:1103: InsecureRequestWarning: Unverified HTTPS request is being made to host 'randomuser.me'. Adding certificate verification is strongly advised. See: https://urllib3.readthedocs.io/en/latest/advanced-usage.html#tls-warnings
  warnings.warn(</msg>
<msg time="2024-04-29T21:13:16.548460" level="INFO">${response} = &lt;Response [200]&gt;</msg>
<var>${response}</var>
<arg>consultarAPI</arg>
<arg>/api</arg>
<doc>Sends a GET request on a previously created HTTP Session.</doc>
<status status="PASS" start="2024-04-29T21:13:16.302010" elapsed="0.246492"/>
</kw>
<kw name="Should Be Equal As Numbers" owner="BuiltIn">
<msg time="2024-04-29T21:13:16.549538" level="INFO">Argument types are:
&lt;class 'int'&gt;
&lt;class 'str'&gt;</msg>
<arg>${response.status_code}</arg>
<arg>200</arg>
<doc>Fails if objects are unequal after converting them to real numbers.</doc>
<status status="PASS" start="2024-04-29T21:13:16.549043" elapsed="0.000560"/>
</kw>
<kw name="Log" owner="BuiltIn">
<msg time="2024-04-29T21:13:16.550309" level="INFO">200</msg>
<arg>${response.status_code}</arg>
<doc>Logs the given message with the given level.</doc>
<status status="PASS" start="2024-04-29T21:13:16.549953" elapsed="0.000397"/>
</kw>
<kw name="Set Variable" owner="BuiltIn">
<msg time="2024-04-29T21:13:16.551131" level="INFO">${json_data} = {'results': [{'gender': 'male', 'name': {'title': 'Mr', 'first': 'Deniz', 'last': 'Yeşilkaya'}, 'location': {'street': {'number': 86, 'name': 'Mevlana Cd'}, 'city': 'Elazığ', 'state': 'Afyonkarahisar'...</msg>
<var>${json_data}</var>
<arg>${response.json()}</arg>
<doc>Returns the given values which can then be assigned to a variables.</doc>
<status status="PASS" start="2024-04-29T21:13:16.550672" elapsed="0.000488"/>
</kw>
<kw name="Dictionary Should Contain Key" owner="Collections">
<msg time="2024-04-29T21:13:16.551636" level="INFO">False</msg>
<arg>${json_data}</arg>
<arg>results</arg>
<doc>Fails if ``key`` is not found from ``dictionary``.</doc>
<status status="PASS" start="2024-04-29T21:13:16.551466" elapsed="0.000214"/>
</kw>
<status status="PASS" start="2024-04-29T21:13:16.301766" elapsed="0.250201"/>
</kw>
<doc>Testa se a API responde corretamente e retorna um objeto JSON válido.</doc>
<tag>testeRequisicaoBasica</tag>
<status status="PASS" start="2024-04-29T21:13:16.301221" elapsed="0.250958"/>
</test>
<test id="s1-s1-t3" name="Validar estrutura de resposta" line="22">
<kw name="Teste de Estrutura de Resposta" owner="random-user-service">
<kw name="GET On Session" owner="RequestsLibrary">
<msg time="2024-04-29T21:13:16.652508" level="INFO">GET Request : url=https://randomuser.me/api 
 path_url=/api 
 headers={'User-Agent': 'python-requests/2.31.0', 'Accept-Encoding': 'gzip, deflate', 'Accept': '*/*', 'Connection': 'keep-alive'} 
 body=None 
 </msg>
<msg time="2024-04-29T21:13:16.652590" level="INFO">GET Response : url=https://randomuser.me/api 
 status=200, reason=OK 
 headers={'Date': 'Mon, 29 Apr 2024 21:13:16 GMT', 'Content-Type': 'application/json; charset=utf-8', 'Transfer-Encoding': 'chunked', 'Connection': 'keep-alive', 'X-Powered-By': 'Express', 'Access-Control-Allow-Origin': '*', 'Cache-Control': 'no-cache', 'ETag': 'W/"473-AaHjDidmaXgKgd4SjowLhXJvOaQ"', 'Vary': 'Accept-Encoding', 'Content-Encoding': 'gzip', 'CF-Cache-Status': 'DYNAMIC', 'Report-To': '{"endpoints":[{"url":"https:\\/\\/a.nel.cloudflare.com\\/report\\/v4?s=6aABLNA6bxeEHbr2VjMOR19wfaE2oR%2BjUaEYgibv9D0%2BXDBEZFkNx5y2Q7Odnwwg4DA2y3u4x6O31YqfUzuqcaC20HxsxDe3XitJsvJzCW1EBEUpwBbSQ8wkdeniaRJ3"}],"group":"cf-nel","max_age":604800}', 'NEL': '{"success_fraction":0,"report_to":"cf-nel","max_age":604800}', 'Server': 'cloudflare', 'CF-RAY': '87c24b867ed43ad8-IAD', 'alt-svc': 'h3=":443"; ma=86400'} 
 body={"results":[{"gender":"male","name":{"title":"Mr","first":"Srđan","last":"Jelačić"},"location":{"street":{"number":2926,"name":"Palisadska"},"city":"Dimitrovgrad","state":"Pčinja","country":"Serbia","postcode":17327,"coordinates":{"latitude":"63.2711","longitude":"-92.9716"},"timezone":{"offset":"-3:30","description":"Newfoundland"}},"email":"srdan.jelacic@example.com","login":{"uuid":"b35493a1-f48f-4bec-ad84-ee7cfe651397","username":"lazyfish925","password":"storm1","salt":"8sG0S3UQ","md5":"f057d16d0c34054ddfe3ce3540e70f4d","sha1":"4cff3dc5f950c668fd04123c0bc4908abe22f267","sha256":"84242aa5cca0b356f172cd7c3a826090f56da31eb61652583920f62ee971b7a9"},"dob":{"date":"1996-05-25T05:22:28.930Z","age":27},"registered":{"date":"2011-03-07T22:33:04.376Z","age":13},"phone":"039-3301-541","cell":"067-3200-381","id":{"name":"SID","value":"258169460"},"picture":{"large":"https://randomuser.me/api/portraits/men/77.jpg","medium":"https://randomuser.me/api/portraits/med/men/77.jpg","thumbnail":"https://randomuser.me/api/portraits/thumb/men/77.jpg"},"nat":"RS"}],"info":{"seed":"41fb9c39657e2981","results":1,"page":1,"version":"1.4"}} 
 </msg>
<msg time="2024-04-29T21:13:16.652699" level="INFO">/opt/hostedtoolcache/Python/3.12.3/x64/lib/python3.12/site-packages/urllib3/connectionpool.py:1103: InsecureRequestWarning: Unverified HTTPS request is being made to host 'randomuser.me'. Adding certificate verification is strongly advised. See: https://urllib3.readthedocs.io/en/latest/advanced-usage.html#tls-warnings
  warnings.warn(</msg>
<msg time="2024-04-29T21:13:16.652802" level="INFO">${response} = &lt;Response [200]&gt;</msg>
<var>${response}</var>
<arg>consultarAPI</arg>
<arg>/api</arg>
<doc>Sends a GET request on a previously created HTTP Session.</doc>
<status status="PASS" start="2024-04-29T21:13:16.554797" elapsed="0.098045"/>
</kw>
<kw name="Set Variable" owner="BuiltIn">
<msg time="2024-04-29T21:13:16.653764" level="INFO">${json_data} = {'results': [{'gender': 'male', 'name': {'title': 'Mr', 'first': 'Srđan', 'last': 'Jelačić'}, 'location': {'street': {'number': 2926, 'name': 'Palisadska'}, 'city': 'Dimitrovgrad', 'state': 'Pčinja', ...</msg>
<var>${json_data}</var>
<arg>${response.json()}</arg>
<doc>Returns the given values which can then be assigned to a variables.</doc>
<status status="PASS" start="2024-04-29T21:13:16.653277" elapsed="0.000517"/>
</kw>
<kw name="Log" owner="BuiltIn">
<msg time="2024-04-29T21:13:16.654262" level="INFO">{'results': [{'gender': 'male', 'name': {'title': 'Mr', 'first': 'Srđan', 'last': 'Jelačić'}, 'location': {'street': {'number': 2926, 'name': 'Palisadska'}, 'city': 'Dimitrovgrad', 'state': 'Pčinja', 'country': 'Serbia', 'postcode': 17327, 'coordinates': {'latitude': '63.2711', 'longitude': '-92.9716'}, 'timezone': {'offset': '-3:30', 'description': 'Newfoundland'}}, 'email': 'srdan.jelacic@example.com', 'login': {'uuid': 'b35493a1-f48f-4bec-ad84-ee7cfe651397', 'username': 'lazyfish925', 'password': 'storm1', 'salt': '8sG0S3UQ', 'md5': 'f057d16d0c34054ddfe3ce3540e70f4d', 'sha1': '4cff3dc5f950c668fd04123c0bc4908abe22f267', 'sha256': '84242aa5cca0b356f172cd7c3a826090f56da31eb61652583920f62ee971b7a9'}, 'dob': {'date': '1996-05-25T05:22:28.930Z', 'age': 27}, 'registered': {'date': '2011-03-07T22:33:04.376Z', 'age': 13}, 'phone': '039-3301-541', 'cell': '067-3200-381', 'id': {'name': 'SID', 'value': '258169460'}, 'picture': {'large': 'https://randomuser.me/api/portraits/men/77.jpg', 'medium': 'https://randomuser.me/api/portraits/med/men/77.jpg', 'thumbnail': 'https://randomuser.me/api/portraits/thumb/men/77.jpg'}, 'nat': 'RS'}], 'info': {'seed': '41fb9c39657e2981', 'results': 1, 'page': 1, 'version': '1.4'}}</msg>
<arg>${json_data}</arg>
<doc>Logs the given message with the given level.</doc>
<status status="PASS" start="2024-04-29T21:13:16.654103" elapsed="0.000209"/>
</kw>
<kw name="Dictionary Should Contain Key" owner="Collections">
<msg time="2024-04-29T21:13:16.654754" level="INFO">False</msg>
<arg>${json_data}</arg>
<arg>results</arg>
<doc>Fails if ``key`` is not found from ``dictionary``.</doc>
<status status="PASS" start="2024-04-29T21:13:16.654599" elapsed="0.000192"/>
</kw>
<kw name="Should Not Be Empty" owner="BuiltIn">
<msg time="2024-04-29T21:13:16.655208" level="INFO">Length is 2.</msg>
<arg>${json_data}</arg>
<doc>Verifies that the given item is not empty.</doc>
<status status="PASS" start="2024-04-29T21:13:16.655075" elapsed="0.000318"/>
</kw>
<kw name="Create List" owner="BuiltIn">
<msg time="2024-04-29T21:13:16.655879" level="INFO">${expected_keys} = ['gender', 'name', 'location', 'email', 'login']</msg>
<var>${expected_keys}</var>
<arg>gender</arg>
<arg>name</arg>
<arg>location</arg>
<arg>email</arg>
<arg>login</arg>
<doc>Returns a list containing given items.</doc>
<status status="PASS" start="2024-04-29T21:13:16.655681" elapsed="0.000223"/>
</kw>
<for flavor="IN">
<iter>
<kw name="Dictionary Should Contain Key" owner="Collections">
<msg time="2024-04-29T21:13:16.656881" level="INFO">False</msg>
<arg>${json_data['results'][0]}</arg>
<arg>${key}</arg>
<doc>Fails if ``key`` is not found from ``dictionary``.</doc>
<status status="PASS" start="2024-04-29T21:13:16.656477" elapsed="0.000443"/>
</kw>
<kw name="Log" owner="BuiltIn">
<msg time="2024-04-29T21:13:16.657587" level="INFO">{'gender': 'male', 'name': {'title': 'Mr', 'first': 'Srđan', 'last': 'Jelačić'}, 'location': {'street': {'number': 2926, 'name': 'Palisadska'}, 'city': 'Dimitrovgrad', 'state': 'Pčinja', 'country': 'Serbia', 'postcode': 17327, 'coordinates': {'latitude': '63.2711', 'longitude': '-92.9716'}, 'timezone': {'offset': '-3:30', 'description': 'Newfoundland'}}, 'email': 'srdan.jelacic@example.com', 'login': {'uuid': 'b35493a1-f48f-4bec-ad84-ee7cfe651397', 'username': 'lazyfish925', 'password': 'storm1', 'salt': '8sG0S3UQ', 'md5': 'f057d16d0c34054ddfe3ce3540e70f4d', 'sha1': '4cff3dc5f950c668fd04123c0bc4908abe22f267', 'sha256': '84242aa5cca0b356f172cd7c3a826090f56da31eb61652583920f62ee971b7a9'}, 'dob': {'date': '1996-05-25T05:22:28.930Z', 'age': 27}, 'registered': {'date': '2011-03-07T22:33:04.376Z', 'age': 13}, 'phone': '039-3301-541', 'cell': '067-3200-381', 'id': {'name': 'SID', 'value': '258169460'}, 'picture': {'large': 'https://randomuser.me/api/portraits/men/77.jpg', 'medium': 'https://randomuser.me/api/portraits/med/men/77.jpg', 'thumbnail': 'https://randomuser.me/api/portraits/thumb/men/77.jpg'}, 'nat': 'RS'}</msg>
<arg>${json_data['results'][0]}</arg>
<doc>Logs the given message with the given level.</doc>
<status status="PASS" start="2024-04-29T21:13:16.657219" elapsed="0.000417"/>
</kw>
<kw name="Log" owner="BuiltIn">
<msg time="2024-04-29T21:13:16.658056" level="INFO">gender</msg>
<arg>${key}</arg>
<doc>Logs the given message with the given level.</doc>
<status status="PASS" start="2024-04-29T21:13:16.657929" elapsed="0.000164"/>
</kw>
<var name="${key}">gender</var>
<status status="PASS" start="2024-04-29T21:13:16.656354" elapsed="0.001949"/>
</iter>
<iter>
<kw name="Dictionary Should Contain Key" owner="Collections">
<msg time="2024-04-29T21:13:16.658985" level="INFO">False</msg>
<arg>${json_data['results'][0]}</arg>
<arg>${key}</arg>
<doc>Fails if ``key`` is not found from ``dictionary``.</doc>
<status status="PASS" start="2024-04-29T21:13:16.658600" elapsed="0.000422"/>
</kw>
<kw name="Log" owner="BuiltIn">
<msg time="2024-04-29T21:13:16.659736" level="INFO">{'gender': 'male', 'name': {'title': 'Mr', 'first': 'Srđan', 'last': 'Jelačić'}, 'location': {'street': {'number': 2926, 'name': 'Palisadska'}, 'city': 'Dimitrovgrad', 'state': 'Pčinja', 'country': 'Serbia', 'postcode': 17327, 'coordinates': {'latitude': '63.2711', 'longitude': '-92.9716'}, 'timezone': {'offset': '-3:30', 'description': 'Newfoundland'}}, 'email': 'srdan.jelacic@example.com', 'login': {'uuid': 'b35493a1-f48f-4bec-ad84-ee7cfe651397', 'username': 'lazyfish925', 'password': 'storm1', 'salt': '8sG0S3UQ', 'md5': 'f057d16d0c34054ddfe3ce3540e70f4d', 'sha1': '4cff3dc5f950c668fd04123c0bc4908abe22f267', 'sha256': '84242aa5cca0b356f172cd7c3a826090f56da31eb61652583920f62ee971b7a9'}, 'dob': {'date': '1996-05-25T05:22:28.930Z', 'age': 27}, 'registered': {'date': '2011-03-07T22:33:04.376Z', 'age': 13}, 'phone': '039-3301-541', 'cell': '067-3200-381', 'id': {'name': 'SID', 'value': '258169460'}, 'picture': {'large': 'https://randomuser.me/api/portraits/men/77.jpg', 'medium': 'https://randomuser.me/api/portraits/med/men/77.jpg', 'thumbnail': 'https://randomuser.me/api/portraits/thumb/men/77.jpg'}, 'nat': 'RS'}</msg>
<arg>${json_data['results'][0]}</arg>
<doc>Logs the given message with the given level.</doc>
<status status="PASS" start="2024-04-29T21:13:16.659344" elapsed="0.000453"/>
</kw>
<kw name="Log" owner="BuiltIn">
<msg time="2024-04-29T21:13:16.660244" level="INFO">name</msg>
<arg>${key}</arg>
<doc>Logs the given message with the given level.</doc>
<status status="PASS" start="2024-04-29T21:13:16.660116" elapsed="0.000166"/>
</kw>
<var name="${key}">name</var>
<status status="PASS" start="2024-04-29T21:13:16.658486" elapsed="0.002008"/>
</iter>
<iter>
<kw name="Dictionary Should Contain Key" owner="Collections">
<msg time="2024-04-29T21:13:16.661168" level="INFO">False</msg>
<arg>${json_data['results'][0]}</arg>
<arg>${key}</arg>
<doc>Fails if ``key`` is not found from ``dictionary``.</doc>
<status status="PASS" start="2024-04-29T21:13:16.660778" elapsed="0.000427"/>
</kw>
<kw name="Log" owner="BuiltIn">
<msg time="2024-04-29T21:13:16.661861" level="INFO">{'gender': 'male', 'name': {'title': 'Mr', 'first': 'Srđan', 'last': 'Jelačić'}, 'location': {'street': {'number': 2926, 'name': 'Palisadska'}, 'city': 'Dimitrovgrad', 'state': 'Pčinja', 'country': 'Serbia', 'postcode': 17327, 'coordinates': {'latitude': '63.2711', 'longitude': '-92.9716'}, 'timezone': {'offset': '-3:30', 'description': 'Newfoundland'}}, 'email': 'srdan.jelacic@example.com', 'login': {'uuid': 'b35493a1-f48f-4bec-ad84-ee7cfe651397', 'username': 'lazyfish925', 'password': 'storm1', 'salt': '8sG0S3UQ', 'md5': 'f057d16d0c34054ddfe3ce3540e70f4d', 'sha1': '4cff3dc5f950c668fd04123c0bc4908abe22f267', 'sha256': '84242aa5cca0b356f172cd7c3a826090f56da31eb61652583920f62ee971b7a9'}, 'dob': {'date': '1996-05-25T05:22:28.930Z', 'age': 27}, 'registered': {'date': '2011-03-07T22:33:04.376Z', 'age': 13}, 'phone': '039-3301-541', 'cell': '067-3200-381', 'id': {'name': 'SID', 'value': '258169460'}, 'picture': {'large': 'https://randomuser.me/api/portraits/men/77.jpg', 'medium': 'https://randomuser.me/api/portraits/med/men/77.jpg', 'thumbnail': 'https://randomuser.me/api/portraits/thumb/men/77.jpg'}, 'nat': 'RS'}</msg>
<arg>${json_data['results'][0]}</arg>
<doc>Logs the given message with the given level.</doc>
<status status="PASS" start="2024-04-29T21:13:16.661501" elapsed="0.000410"/>
</kw>
<kw name="Log" owner="BuiltIn">
<msg time="2024-04-29T21:13:16.662326" level="INFO">location</msg>
<arg>${key}</arg>
<doc>Logs the given message with the given level.</doc>
<status status="PASS" start="2024-04-29T21:13:16.662202" elapsed="0.000162"/>
</kw>
<var name="${key}">location</var>
<status status="PASS" start="2024-04-29T21:13:16.660669" elapsed="0.001905"/>
</iter>
<iter>
<kw name="Dictionary Should Contain Key" owner="Collections">
<msg time="2024-04-29T21:13:16.663239" level="INFO">False</msg>
<arg>${json_data['results'][0]}</arg>
<arg>${key}</arg>
<doc>Fails if ``key`` is not found from ``dictionary``.</doc>
<status status="PASS" start="2024-04-29T21:13:16.662851" elapsed="0.000425"/>
</kw>
<kw name="Log" owner="BuiltIn">
<msg time="2024-04-29T21:13:16.663954" level="INFO">{'gender': 'male', 'name': {'title': 'Mr', 'first': 'Srđan', 'last': 'Jelačić'}, 'location': {'street': {'number': 2926, 'name': 'Palisadska'}, 'city': 'Dimitrovgrad', 'state': 'Pčinja', 'country': 'Serbia', 'postcode': 17327, 'coordinates': {'latitude': '63.2711', 'longitude': '-92.9716'}, 'timezone': {'offset': '-3:30', 'description': 'Newfoundland'}}, 'email': 'srdan.jelacic@example.com', 'login': {'uuid': 'b35493a1-f48f-4bec-ad84-ee7cfe651397', 'username': 'lazyfish925', 'password': 'storm1', 'salt': '8sG0S3UQ', 'md5': 'f057d16d0c34054ddfe3ce3540e70f4d', 'sha1': '4cff3dc5f950c668fd04123c0bc4908abe22f267', 'sha256': '84242aa5cca0b356f172cd7c3a826090f56da31eb61652583920f62ee971b7a9'}, 'dob': {'date': '1996-05-25T05:22:28.930Z', 'age': 27}, 'registered': {'date': '2011-03-07T22:33:04.376Z', 'age': 13}, 'phone': '039-3301-541', 'cell': '067-3200-381', 'id': {'name': 'SID', 'value': '258169460'}, 'picture': {'large': 'https://randomuser.me/api/portraits/men/77.jpg', 'medium': 'https://randomuser.me/api/portraits/med/men/77.jpg', 'thumbnail': 'https://randomuser.me/api/portraits/thumb/men/77.jpg'}, 'nat': 'RS'}</msg>
<arg>${json_data['results'][0]}</arg>
<doc>Logs the given message with the given level.</doc>
<status status="PASS" start="2024-04-29T21:13:16.663566" elapsed="0.000437"/>
</kw>
<kw name="Log" owner="BuiltIn">
<msg time="2024-04-29T21:13:16.664418" level="INFO">email</msg>
<arg>${key}</arg>
<doc>Logs the given message with the given level.</doc>
<status status="PASS" start="2024-04-29T21:13:16.664294" elapsed="0.000161"/>
</kw>
<var name="${key}">email</var>
<status status="PASS" start="2024-04-29T21:13:16.662744" elapsed="0.001922"/>
</iter>
<iter>
<kw name="Dictionary Should Contain Key" owner="Collections">
<msg time="2024-04-29T21:13:16.665337" level="INFO">False</msg>
<arg>${json_data['results'][0]}</arg>
<arg>${key}</arg>
<doc>Fails if ``key`` is not found from ``dictionary``.</doc>
<status status="PASS" start="2024-04-29T21:13:16.664953" elapsed="0.000421"/>
</kw>
<kw name="Log" owner="BuiltIn">
<msg time="2024-04-29T21:13:16.666119" level="INFO">{'gender': 'male', 'name': {'title': 'Mr', 'first': 'Srđan', 'last': 'Jelačić'}, 'location': {'street': {'number': 2926, 'name': 'Palisadska'}, 'city': 'Dimitrovgrad', 'state': 'Pčinja', 'country': 'Serbia', 'postcode': 17327, 'coordinates': {'latitude': '63.2711', 'longitude': '-92.9716'}, 'timezone': {'offset': '-3:30', 'description': 'Newfoundland'}}, 'email': 'srdan.jelacic@example.com', 'login': {'uuid': 'b35493a1-f48f-4bec-ad84-ee7cfe651397', 'username': 'lazyfish925', 'password': 'storm1', 'salt': '8sG0S3UQ', 'md5': 'f057d16d0c34054ddfe3ce3540e70f4d', 'sha1': '4cff3dc5f950c668fd04123c0bc4908abe22f267', 'sha256': '84242aa5cca0b356f172cd7c3a826090f56da31eb61652583920f62ee971b7a9'}, 'dob': {'date': '1996-05-25T05:22:28.930Z', 'age': 27}, 'registered': {'date': '2011-03-07T22:33:04.376Z', 'age': 13}, 'phone': '039-3301-541', 'cell': '067-3200-381', 'id': {'name': 'SID', 'value': '258169460'}, 'picture': {'large': 'https://randomuser.me/api/portraits/men/77.jpg', 'medium': 'https://randomuser.me/api/portraits/med/men/77.jpg', 'thumbnail': 'https://randomuser.me/api/portraits/thumb/men/77.jpg'}, 'nat': 'RS'}</msg>
<arg>${json_data['results'][0]}</arg>
<doc>Logs the given message with the given level.</doc>
<status status="PASS" start="2024-04-29T21:13:16.665687" elapsed="0.000481"/>
</kw>
<kw name="Log" owner="BuiltIn">
<msg time="2024-04-29T21:13:16.666590" level="INFO">login</msg>
<arg>${key}</arg>
<doc>Logs the given message with the given level.</doc>
<status status="PASS" start="2024-04-29T21:13:16.666464" elapsed="0.000163"/>
</kw>
<var name="${key}">login</var>
<status status="PASS" start="2024-04-29T21:13:16.664839" elapsed="0.002000"/>
</iter>
<var>${key}</var>
<value>@{expected_keys}</value>
<status status="PASS" start="2024-04-29T21:13:16.656166" elapsed="0.010791"/>
</for>
<kw name="Create List" owner="BuiltIn">
<msg time="2024-04-29T21:13:16.667312" level="INFO">${expected_keysTwo} = ['username', 'password']</msg>
<var>${expected_keysTwo}</var>
<arg>username</arg>
<arg>password</arg>
<doc>Returns a list containing given items.</doc>
<status status="PASS" start="2024-04-29T21:13:16.667175" elapsed="0.000160"/>
</kw>
<for flavor="IN">
<iter>
<kw name="Dictionary Should Contain Key" owner="Collections">
<msg time="2024-04-29T21:13:16.668260" level="INFO">False</msg>
<arg>${json_data['results'][0]['login']}</arg>
<arg>${keyTwo}</arg>
<doc>Fails if ``key`` is not found from ``dictionary``.</doc>
<status status="PASS" start="2024-04-29T21:13:16.667870" elapsed="0.000427"/>
</kw>
<kw name="Dictionary Should Contain Key" owner="Collections">
<msg time="2024-04-29T21:13:16.668970" level="INFO">False</msg>
<arg>${json_data['results'][0]['login']}</arg>
<arg>${keyTwo}</arg>
<doc>Fails if ``key`` is not found from ``dictionary``.</doc>
<status status="PASS" start="2024-04-29T21:13:16.668584" elapsed="0.000423"/>
</kw>
<kw name="Log" owner="BuiltIn">
<msg time="2024-04-29T21:13:16.669435" level="INFO">username</msg>
<arg>${keyTwo}</arg>
<doc>Logs the given message with the given level.</doc>
<status status="PASS" start="2024-04-29T21:13:16.669300" elapsed="0.000176"/>
</kw>
<var name="${keyTwo}">username</var>
<status status="PASS" start="2024-04-29T21:13:16.667742" elapsed="0.001948"/>
</iter>
<iter>
<kw name="Dictionary Should Contain Key" owner="Collections">
<msg time="2024-04-29T21:13:16.670428" level="INFO">False</msg>
<arg>${json_data['results'][0]['login']}</arg>
<arg>${keyTwo}</arg>
<doc>Fails if ``key`` is not found from ``dictionary``.</doc>
<status status="PASS" start="2024-04-29T21:13:16.669968" elapsed="0.000500"/>
</kw>
<kw name="Dictionary Should Contain Key" owner="Collections">
<msg time="2024-04-29T21:13:16.671148" level="INFO">False</msg>
<arg>${json_data['results'][0]['login']}</arg>
<arg>${keyTwo}</arg>
<doc>Fails if ``key`` is not found from ``dictionary``.</doc>
<status status="PASS" start="2024-04-29T21:13:16.670763" elapsed="0.000421"/>
</kw>
<kw name="Log" owner="BuiltIn">
<msg time="2024-04-29T21:13:16.671610" level="INFO">password</msg>
<arg>${keyTwo}</arg>
<doc>Logs the given message with the given level.</doc>
<status status="PASS" start="2024-04-29T21:13:16.671483" elapsed="0.000164"/>
</kw>
<var name="${keyTwo}">password</var>
<status status="PASS" start="2024-04-29T21:13:16.669859" elapsed="0.002034"/>
</iter>
<var>${keyTwo}</var>
<value>@{expected_keysTwo}</value>
<status status="PASS" start="2024-04-29T21:13:16.667569" elapsed="0.004443"/>
</for>
<status status="PASS" start="2024-04-29T21:13:16.554559" elapsed="0.117593"/>
</kw>
<doc>Testa a estrutura da resposta da API.</doc>
<tag>testeEstruturaResposta</tag>
<status status="PASS" start="2024-04-29T21:13:16.554031" elapsed="0.118275"/>
</test>
<test id="s1-s1-t4" name="Validar tipos de dados" line="28">
<kw name="Teste de Tipos de Dados" owner="random-user-service">
<kw name="GET On Session" owner="RequestsLibrary">
<msg time="2024-04-29T21:13:16.750129" level="INFO">GET Request : url=https://randomuser.me/api 
 path_url=/api 
 headers={'User-Agent': 'python-requests/2.31.0', 'Accept-Encoding': 'gzip, deflate', 'Accept': '*/*', 'Connection': 'keep-alive'} 
 body=None 
 </msg>
<msg time="2024-04-29T21:13:16.750215" level="INFO">GET Response : url=https://randomuser.me/api 
 status=200, reason=OK 
 headers={'Date': 'Mon, 29 Apr 2024 21:13:16 GMT', 'Content-Type': 'application/json; charset=utf-8', 'Transfer-Encoding': 'chunked', 'Connection': 'keep-alive', 'X-Powered-By': 'Express', 'Access-Control-Allow-Origin': '*', 'Cache-Control': 'no-cache', 'ETag': 'W/"4a5-OMqlUHhzXGjYBpgwunhARDt/bbg"', 'Vary': 'Accept-Encoding', 'Content-Encoding': 'gzip', 'CF-Cache-Status': 'DYNAMIC', 'Report-To': '{"endpoints":[{"url":"https:\\/\\/a.nel.cloudflare.com\\/report\\/v4?s=zbA3yW1KcZf1ory0ED8ACA6fL8L4uodDRhLbLvhDFQtISNY%2FM%2FpmSt87n92%2F0i5PsHuYUK5I%2Bcs%2FRXFfIQgEGmGVOVazrUjedb7d2AJM26rjCxTVkeBiwNw2ymRW8dTp"}],"group":"cf-nel","max_age":604800}', 'NEL': '{"success_fraction":0,"report_to":"cf-nel","max_age":604800}', 'Server': 'cloudflare', 'CF-RAY': '87c24b873fbf3ad8-IAD', 'alt-svc': 'h3=":443"; ma=86400'} 
 body={"results":[{"gender":"female","name":{"title":"Mrs","first":"Miriam","last":"Herrera"},"location":{"street":{"number":7401,"name":"Fincher Rd"},"city":"Dubbo","state":"Australian Capital Territory","country":"Australia","postcode":3362,"coordinates":{"latitude":"-84.4997","longitude":"88.5855"},"timezone":{"offset":"+1:00","description":"Brussels, Copenhagen, Madrid, Paris"}},"email":"miriam.herrera@example.com","login":{"uuid":"b697b451-c256-4076-9962-e1c19b7800f2","username":"blacktiger173","password":"guitar1","salt":"jwzaDyKM","md5":"25b20f831fd9b8cfac256485a2af8c19","sha1":"6d02145f559473078e21f0e1dee17094640b45eb","sha256":"ff949f518ef0a3440e8cb40f5c99209a36a3cdbff28aa8693a750a8c97874ad3"},"dob":{"date":"1988-03-07T04:00:17.062Z","age":36},"registered":{"date":"2003-09-01T16:52:39.991Z","age":20},"phone":"07-4500-9168","cell":"0419-597-555","id":{"name":"TFN","value":"309146038"},"picture":{"large":"https://randomuser.me/api/portraits/women/59.jpg","medium":"https://randomuser.me/api/portraits/med/women/59.jpg","thumbnail":"https://randomuser.me/api/portraits/thumb/women/59.jpg"},"nat":"AU"}],"info":{"seed":"117bbf81a44fccb5","results":1,"page":1,"version":"1.4"}} 
 </msg>
<msg time="2024-04-29T21:13:16.750290" level="INFO">/opt/hostedtoolcache/Python/3.12.3/x64/lib/python3.12/site-packages/urllib3/connectionpool.py:1103: InsecureRequestWarning: Unverified HTTPS request is being made to host 'randomuser.me'. Adding certificate verification is strongly advised. See: https://urllib3.readthedocs.io/en/latest/advanced-usage.html#tls-warnings
  warnings.warn(</msg>
<msg time="2024-04-29T21:13:16.750411" level="INFO">${response} = &lt;Response [200]&gt;</msg>
<var>${response}</var>
<arg>consultarAPI</arg>
<arg>/api</arg>
<doc>Sends a GET request on a previously created HTTP Session.</doc>
<status status="PASS" start="2024-04-29T21:13:16.674755" elapsed="0.075692"/>
</kw>
<kw name="Set Variable" owner="BuiltIn">
<msg time="2024-04-29T21:13:16.751374" level="INFO">${json_data} = {'results': [{'gender': 'female', 'name': {'title': 'Mrs', 'first': 'Miriam', 'last': 'Herrera'}, 'location': {'street': {'number': 7401, 'name': 'Fincher Rd'}, 'city': 'Dubbo', 'state': 'Australian C...</msg>
<var>${json_data}</var>
<arg>${response.json()}</arg>
<doc>Returns the given values which can then be assigned to a variables.</doc>
<status status="PASS" start="2024-04-29T21:13:16.750915" elapsed="0.000488"/>
</kw>
<kw name="Log" owner="BuiltIn">
<msg time="2024-04-29T21:13:16.751894" level="INFO">{'results': [{'gender': 'female', 'name': {'title': 'Mrs', 'first': 'Miriam', 'last': 'Herrera'}, 'location': {'street': {'number': 7401, 'name': 'Fincher Rd'}, 'city': 'Dubbo', 'state': 'Australian Capital Territory', 'country': 'Australia', 'postcode': 3362, 'coordinates': {'latitude': '-84.4997', 'longitude': '88.5855'}, 'timezone': {'offset': '+1:00', 'description': 'Brussels, Copenhagen, Madrid, Paris'}}, 'email': 'miriam.herrera@example.com', 'login': {'uuid': 'b697b451-c256-4076-9962-e1c19b7800f2', 'username': 'blacktiger173', 'password': 'guitar1', 'salt': 'jwzaDyKM', 'md5': '25b20f831fd9b8cfac256485a2af8c19', 'sha1': '6d02145f559473078e21f0e1dee17094640b45eb', 'sha256': 'ff949f518ef0a3440e8cb40f5c99209a36a3cdbff28aa8693a750a8c97874ad3'}, 'dob': {'date': '1988-03-07T04:00:17.062Z', 'age': 36}, 'registered': {'date': '2003-09-01T16:52:39.991Z', 'age': 20}, 'phone': '07-4500-9168', 'cell': '0419-597-555', 'id': {'name': 'TFN', 'value': '309146038'}, 'picture': {'large': 'https://randomuser.me/api/portraits/women/59.jpg', 'medium': 'https://randomuser.me/api/portraits/med/women/59.jpg', 'thumbnail': 'https://randomuser.me/api/portraits/thumb/women/59.jpg'}, 'nat': 'AU'}], 'info': {'seed': '117bbf81a44fccb5', 'results': 1, 'page': 1, 'version': '1.4'}}</msg>
<arg>${json_data}</arg>
<doc>Logs the given message with the given level.</doc>
<status status="PASS" start="2024-04-29T21:13:16.751733" elapsed="0.000241"/>
</kw>
<kw name="Should Be String" owner="String">
<arg>${json_data['results'][0]['gender']}</arg>
<doc>Fails if the given ``item`` is not a string.</doc>
<status status="PASS" start="2024-04-29T21:13:16.752282" elapsed="0.000352"/>
</kw>
<kw name="Should Match Regexp" owner="BuiltIn">
<arg>${json_data['results'][0]['email']}</arg>
<arg>^[a-zA-Z0-9._%+-]+@[a-zA-Z0-9.-]+\.[a-zA-Z]{2,}$</arg>
<doc>Fails if ``string`` does not match ``pattern`` as a regular expression.</doc>
<status status="PASS" start="2024-04-29T21:13:16.752822" elapsed="0.000508"/>
</kw>
<kw name="Should Match Regexp" owner="BuiltIn">
<arg>${json_data['results'][0]['dob']['date']}</arg>
<arg>\\d{4}-\\d{2}-\\d{2}T\\d{2}:\\d{2}:\\d{2}\\.\\d{3}Z</arg>
<doc>Fails if ``string`` does not match ``pattern`` as a regular expression.</doc>
<status status="PASS" start="2024-04-29T21:13:16.753520" elapsed="0.000486"/>
</kw>
<kw name="Should Match Regexp" owner="BuiltIn">
<arg>${json_data['results'][0]['registered']['date']}</arg>
<arg>\\d{4}-\\d{2}-\\d{2}T\\d{2}:\\d{2}:\\d{2}\\.\\d{3}Z</arg>
<doc>Fails if ``string`` does not match ``pattern`` as a regular expression.</doc>
<status status="PASS" start="2024-04-29T21:13:16.754192" elapsed="0.000356"/>
</kw>
<kw name="Should Match Regexp" owner="BuiltIn">
<arg>${json_data['results'][0]['picture']['large']}</arg>
<arg>^https?://.*\.(?:png|jpe?g|gif|bmp)$</arg>
<doc>Fails if ``string`` does not match ``pattern`` as a regular expression.</doc>
<status status="PASS" start="2024-04-29T21:13:16.754729" elapsed="0.000464"/>
</kw>
<kw name="Should Match Regexp" owner="BuiltIn">
<arg>${json_data['results'][0]['picture']['medium']}</arg>
<arg>^https?://.*\.(?:png|jpe?g|gif|bmp)$</arg>
<doc>Fails if ``string`` does not match ``pattern`` as a regular expression.</doc>
<status status="PASS" start="2024-04-29T21:13:16.755380" elapsed="0.000381"/>
</kw>
<kw name="Should Match Regexp" owner="BuiltIn">
<arg>${json_data['results'][0]['picture']['thumbnail']}</arg>
<arg>^https?://.*\.(?:png|jpe?g|gif|bmp)$</arg>
<doc>Fails if ``string`` does not match ``pattern`` as a regular expression.</doc>
<status status="PASS" start="2024-04-29T21:13:16.755958" elapsed="0.000352"/>
</kw>
<kw name="Log" owner="BuiltIn">
<msg time="2024-04-29T21:13:16.756804" level="INFO">{'large': 'https://randomuser.me/api/portraits/women/59.jpg', 'medium': 'https://randomuser.me/api/portraits/med/women/59.jpg', 'thumbnail': 'https://randomuser.me/api/portraits/thumb/women/59.jpg'}</msg>
<arg>${json_data['results'][0]['picture']}</arg>
<doc>Logs the given message with the given level.</doc>
<status status="PASS" start="2024-04-29T21:13:16.756487" elapsed="0.000358"/>
</kw>
<status status="PASS" start="2024-04-29T21:13:16.674533" elapsed="0.082568"/>
</kw>
<kw name="Teste de Tipos de Dados - Postcode" owner="random-user-service">
<kw name="GET On Session" owner="RequestsLibrary">
<msg time="2024-04-29T21:13:16.848101" level="INFO">GET Request : url=https://randomuser.me/api 
 path_url=/api 
 headers={'User-Agent': 'python-requests/2.31.0', 'Accept-Encoding': 'gzip, deflate', 'Accept': '*/*', 'Connection': 'keep-alive'} 
 body=None 
 </msg>
<msg time="2024-04-29T21:13:16.848188" level="INFO">GET Response : url=https://randomuser.me/api 
 status=200, reason=OK 
 headers={'Date': 'Mon, 29 Apr 2024 21:13:16 GMT', 'Content-Type': 'application/json; charset=utf-8', 'Transfer-Encoding': 'chunked', 'Connection': 'keep-alive', 'X-Powered-By': 'Express', 'Access-Control-Allow-Origin': '*', 'Cache-Control': 'no-cache', 'ETag': 'W/"4a2-oJfqhBDyCXhgdsxjtprFenfW3gU"', 'Vary': 'Accept-Encoding', 'Content-Encoding': 'gzip', 'CF-Cache-Status': 'DYNAMIC', 'Report-To': '{"endpoints":[{"url":"https:\\/\\/a.nel.cloudflare.com\\/report\\/v4?s=xOxoSvSD1m3gM7xVLg2uy%2FMtM0CaZmnBgrkWW%2FRrm7XwcLV9RihMPtJomubaspoAI9%2Fb0qx%2FcQRgwsb9Nho%2FGwO9JuOpBlSUPrWNXsHeB706ss52E2rQva99NIugKdZk"}],"group":"cf-nel","max_age":604800}', 'NEL': '{"success_fraction":0,"report_to":"cf-nel","max_age":604800}', 'Server': 'cloudflare', 'CF-RAY': '87c24b87c8673ad8-IAD', 'alt-svc': 'h3=":443"; ma=86400'} 
 body={"results":[{"gender":"female","name":{"title":"Ms","first":"Bernice","last":"Henderson"},"location":{"street":{"number":3521,"name":"E Sandy Lake Rd"},"city":"Warren","state":"Kentucky","country":"United States","postcode":42826,"coordinates":{"latitude":"83.2725","longitude":"85.6183"},"timezone":{"offset":"-3:00","description":"Brazil, Buenos Aires, Georgetown"}},"email":"bernice.henderson@example.com","login":{"uuid":"16b553f5-52aa-46c8-a1b3-bccbcf01784a","username":"bluepeacock829","password":"poison","salt":"kNOAXG3e","md5":"75ef4ae2784f97d51b9dd5f7d656df4a","sha1":"2587a50b6b83b0f794a6353105dff5b4a9700e56","sha256":"fdbd9622b893bd52de18d0b9a822e88ac80b588bc161b562ac8a8d5c268c7dca"},"dob":{"date":"1987-06-22T14:32:43.782Z","age":36},"registered":{"date":"2016-11-30T06:36:57.529Z","age":7},"phone":"(900) 553-6321","cell":"(765) 988-6302","id":{"name":"SSN","value":"525-99-9513"},"picture":{"large":"https://randomuser.me/api/portraits/women/74.jpg","medium":"https://randomuser.me/api/portraits/med/women/74.jpg","thumbnail":"https://randomuser.me/api/portraits/thumb/women/74.jpg"},"nat":"US"}],"info":{"seed":"ad5613ebddcb3711","results":1,"page":1,"version":"1.4"}} 
 </msg>
<msg time="2024-04-29T21:13:16.848257" level="INFO">/opt/hostedtoolcache/Python/3.12.3/x64/lib/python3.12/site-packages/urllib3/connectionpool.py:1103: InsecureRequestWarning: Unverified HTTPS request is being made to host 'randomuser.me'. Adding certificate verification is strongly advised. See: https://urllib3.readthedocs.io/en/latest/advanced-usage.html#tls-warnings
  warnings.warn(</msg>
<msg time="2024-04-29T21:13:16.848365" level="INFO">${response} = &lt;Response [200]&gt;</msg>
<var>${response}</var>
<arg>consultarAPI</arg>
<arg>/api</arg>
<doc>Sends a GET request on a previously created HTTP Session.</doc>
<status status="PASS" start="2024-04-29T21:13:16.757547" elapsed="0.090870"/>
</kw>
<kw name="Set Variable" owner="BuiltIn">
<msg time="2024-04-29T21:13:16.849360" level="INFO">${json_data} = {'results': [{'gender': 'female', 'name': {'title': 'Ms', 'first': 'Bernice', 'last': 'Henderson'}, 'location': {'street': {'number': 3521, 'name': 'E Sandy Lake Rd'}, 'city': 'Warren', 'state': 'Kent...</msg>
<var>${json_data}</var>
<arg>${response.json()}</arg>
<doc>Returns the given values which can then be assigned to a variables.</doc>
<status status="PASS" start="2024-04-29T21:13:16.848886" elapsed="0.000501"/>
</kw>
<kw name="Log" owner="BuiltIn">
<msg time="2024-04-29T21:13:16.849838" level="INFO">{'results': [{'gender': 'female', 'name': {'title': 'Ms', 'first': 'Bernice', 'last': 'Henderson'}, 'location': {'street': {'number': 3521, 'name': 'E Sandy Lake Rd'}, 'city': 'Warren', 'state': 'Kentucky', 'country': 'United States', 'postcode': 42826, 'coordinates': {'latitude': '83.2725', 'longitude': '85.6183'}, 'timezone': {'offset': '-3:00', 'description': 'Brazil, Buenos Aires, Georgetown'}}, 'email': 'bernice.henderson@example.com', 'login': {'uuid': '16b553f5-52aa-46c8-a1b3-bccbcf01784a', 'username': 'bluepeacock829', 'password': 'poison', 'salt': 'kNOAXG3e', 'md5': '75ef4ae2784f97d51b9dd5f7d656df4a', 'sha1': '2587a50b6b83b0f794a6353105dff5b4a9700e56', 'sha256': 'fdbd9622b893bd52de18d0b9a822e88ac80b588bc161b562ac8a8d5c268c7dca'}, 'dob': {'date': '1987-06-22T14:32:43.782Z', 'age': 36}, 'registered': {'date': '2016-11-30T06:36:57.529Z', 'age': 7}, 'phone': '(900) 553-6321', 'cell': '(765) 988-6302', 'id': {'name': 'SSN', 'value': '525-99-9513'}, 'picture': {'large': 'https://randomuser.me/api/portraits/women/74.jpg', 'medium': 'https://randomuser.me/api/portraits/med/women/74.jpg', 'thumbnail': 'https://randomuser.me/api/portraits/thumb/women/74.jpg'}, 'nat': 'US'}], 'info': {'seed': 'ad5613ebddcb3711', 'results': 1, 'page': 1, 'version': '1.4'}}</msg>
<arg>${json_data}</arg>
<doc>Logs the given message with the given level.</doc>
<status status="PASS" start="2024-04-29T21:13:16.849687" elapsed="0.000229"/>
</kw>
<kw name="Should Be Equal As Numbers" owner="BuiltIn">
<arg>${json_data['results'][0]['location']['postcode']}</arg>
<arg>${json_data['results'][0]['location']['postcode']}</arg>
<doc>Fails if objects are unequal after converting them to real numbers.</doc>
<status status="PASS" start="2024-04-29T21:13:16.850364" elapsed="0.000616"/>
</kw>
<kw name="Log" owner="BuiltIn">
<msg time="2024-04-29T21:13:16.851501" level="INFO">42826</msg>
<arg>${json_data['results'][0]['location']['postcode']}</arg>
<doc>Logs the given message with the given level.</doc>
<status status="PASS" start="2024-04-29T21:13:16.851169" elapsed="0.000372"/>
</kw>
<status status="PASS" start="2024-04-29T21:13:16.757320" elapsed="0.094506"/>
</kw>
<doc>Testa se os tipos de dados na resposta da API estão corretos.</doc>
<tag>testeTiposDados</tag>
<status status="PASS" start="2024-04-29T21:13:16.674065" elapsed="0.177927"/>
</test>
<test id="s1-s1-t5" name="Validar conteudo" line="35">
<kw name="Teste de Tipos de Conteudo" owner="random-user-service">
<kw name="GET On Session" owner="RequestsLibrary">
<msg time="2024-04-29T21:13:16.947306" level="INFO">GET Request : url=https://randomuser.me/api 
 path_url=/api 
 headers={'User-Agent': 'python-requests/2.31.0', 'Accept-Encoding': 'gzip, deflate', 'Accept': '*/*', 'Connection': 'keep-alive'} 
 body=None 
 </msg>
<msg time="2024-04-29T21:13:16.947387" level="INFO">GET Response : url=https://randomuser.me/api 
 status=200, reason=OK 
 headers={'Date': 'Mon, 29 Apr 2024 21:13:16 GMT', 'Content-Type': 'application/json; charset=utf-8', 'Transfer-Encoding': 'chunked', 'Connection': 'keep-alive', 'X-Powered-By': 'Express', 'Access-Control-Allow-Origin': '*', 'Cache-Control': 'no-cache', 'ETag': 'W/"494-uvGbZyGLAyZjDeyfeniYx6zaP8s"', 'Vary': 'Accept-Encoding', 'Content-Encoding': 'gzip', 'CF-Cache-Status': 'DYNAMIC', 'Report-To': '{"endpoints":[{"url":"https:\\/\\/a.nel.cloudflare.com\\/report\\/v4?s=bfiq7XqNbPCeT24t5BcNFmk4NUmFSbHMgB16BTHereYS79r7hDgH%2BYap1jwB6LROGecCZOVn3l37ov7pCyGkobzCf6%2BDkTgA0L7%2B18JJlwm95zZi4LwEk5F%2Fpefmd%2B1G"}],"group":"cf-nel","max_age":604800}', 'NEL': '{"success_fraction":0,"report_to":"cf-nel","max_age":604800}', 'Server': 'cloudflare', 'CF-RAY': '87c24b8859163ad8-IAD', 'alt-svc': 'h3=":443"; ma=86400'} 
 body={"results":[{"gender":"female","name":{"title":"Mrs","first":"Brandie","last":"Romero"},"location":{"street":{"number":3970,"name":"W 6th St"},"city":"Escondido","state":"Alaska","country":"United States","postcode":20424,"coordinates":{"latitude":"87.2121","longitude":"53.3635"},"timezone":{"offset":"+2:00","description":"Kaliningrad, South Africa"}},"email":"brandie.romero@example.com","login":{"uuid":"2ca86d40-12ba-4503-b4e8-cf55dc51a354","username":"orangerabbit995","password":"tommyboy","salt":"jRNtdn9t","md5":"6a8f7d0b98acf84dc2d92799357b74d8","sha1":"f45067e5baa8cd8443f726908365e125e3baf1f0","sha256":"d7e60eb5f3c04fdb271b210faaaf7978606b9ecd0f7f895b5c40ea8e849fabe9"},"dob":{"date":"1965-06-13T03:19:41.806Z","age":58},"registered":{"date":"2009-05-07T06:45:05.582Z","age":14},"phone":"(830) 723-2268","cell":"(228) 680-8560","id":{"name":"SSN","value":"434-20-2400"},"picture":{"large":"https://randomuser.me/api/portraits/women/79.jpg","medium":"https://randomuser.me/api/portraits/med/women/79.jpg","thumbnail":"https://randomuser.me/api/portraits/thumb/women/79.jpg"},"nat":"US"}],"info":{"seed":"7f66a42a7036a3f6","results":1,"page":1,"version":"1.4"}} 
 </msg>
<msg time="2024-04-29T21:13:16.947456" level="INFO">/opt/hostedtoolcache/Python/3.12.3/x64/lib/python3.12/site-packages/urllib3/connectionpool.py:1103: InsecureRequestWarning: Unverified HTTPS request is being made to host 'randomuser.me'. Adding certificate verification is strongly advised. See: https://urllib3.readthedocs.io/en/latest/advanced-usage.html#tls-warnings
  warnings.warn(</msg>
<msg time="2024-04-29T21:13:16.947563" level="INFO">${response} = &lt;Response [200]&gt;</msg>
<var>${response}</var>
<arg>consultarAPI</arg>
<arg>/api</arg>
<doc>Sends a GET request on a previously created HTTP Session.</doc>
<status status="PASS" start="2024-04-29T21:13:16.854778" elapsed="0.092824"/>
</kw>
<kw name="Set Variable" owner="BuiltIn">
<msg time="2024-04-29T21:13:16.948567" level="INFO">${json_data} = {'results': [{'gender': 'female', 'name': {'title': 'Mrs', 'first': 'Brandie', 'last': 'Romero'}, 'location': {'street': {'number': 3970, 'name': 'W 6th St'}, 'city': 'Escondido', 'state': 'Alaska', '...</msg>
<var>${json_data}</var>
<arg>${response.json()}</arg>
<doc>Returns the given values which can then be assigned to a variables.</doc>
<status status="PASS" start="2024-04-29T21:13:16.948122" elapsed="0.000472"/>
</kw>
<kw name="Set Variable" owner="BuiltIn">
<msg time="2024-04-29T21:13:16.949271" level="INFO">${name_title} = Mrs</msg>
<var>${name_title}</var>
<arg>${json_data["results"][0]["name"]["title"]}</arg>
<doc>Returns the given values which can then be assigned to a variables.</doc>
<status status="PASS" start="2024-04-29T21:13:16.948890" elapsed="0.000405"/>
</kw>
<kw name="Create List" owner="BuiltIn">
<msg time="2024-04-29T21:13:16.949730" level="INFO">${allowed_titles} = ['Mr', 'Ms', 'Miss', 'Mrs', 'Madame', 'Monsieur']</msg>
<var>${allowed_titles}</var>
<arg>Mr</arg>
<arg>Ms</arg>
<arg>Miss</arg>
<arg>Mrs</arg>
<arg>Madame</arg>
<arg>Monsieur</arg>
<doc>Returns a list containing given items.</doc>
<status status="PASS" start="2024-04-29T21:13:16.949587" elapsed="0.000167"/>
</kw>
<kw name="List Should Contain Value" owner="Collections">
<msg time="2024-04-29T21:13:16.950238" level="INFO">False</msg>
<arg>${allowed_titles}</arg>
<arg>${name_title}</arg>
<doc>Fails if the ``value`` is not found from ``list``.</doc>
<status status="PASS" start="2024-04-29T21:13:16.950066" elapsed="0.000208"/>
</kw>
<kw name="Set Variable" owner="BuiltIn">
<msg time="2024-04-29T21:13:16.950934" level="INFO">${name_country} = US</msg>
<var>${name_country}</var>
<arg>${json_data["results"][0]["nat"]}</arg>
<doc>Returns the given values which can then be assigned to a variables.</doc>
<status status="PASS" start="2024-04-29T21:13:16.950556" elapsed="0.000403"/>
</kw>
<kw name="Create List" owner="BuiltIn">
<msg time="2024-04-29T21:13:16.951882" level="INFO">${list_country} = ['AD', 'AE', 'AF', 'AG', 'AI', 'AL', 'AM', 'AO', 'AQ', 'AR', 'AS', 'AT', 'AU', 'AW', 'AX', 'AZ', 'BA', 'BB', 'BD', 'BE', 'BF', 'BG', 'BH', 'BI', 'BJ', 'BL', 'BM', 'BN', 'BO', 'BQ', 'BR', 'BS', 'BT', '...</msg>
<var>${list_country}</var>
<arg>AD</arg>
<arg>AE</arg>
<arg>AF</arg>
<arg>AG</arg>
<arg>AI</arg>
<arg>AL</arg>
<arg>AM</arg>
<arg>AO</arg>
<arg>AQ</arg>
<arg>AR</arg>
<arg>AS</arg>
<arg>AT</arg>
<arg>AU</arg>
<arg>AW</arg>
<arg>AX</arg>
<arg>AZ</arg>
<arg>BA</arg>
<arg>BB</arg>
<arg>BD</arg>
<arg>BE</arg>
<arg>BF</arg>
<arg>BG</arg>
<arg>BH</arg>
<arg>BI</arg>
<arg>BJ</arg>
<arg>BL</arg>
<arg>BM</arg>
<arg>BN</arg>
<arg>BO</arg>
<arg>BQ</arg>
<arg>BR</arg>
<arg>BS</arg>
<arg>BT</arg>
<arg>BV</arg>
<arg>BW</arg>
<arg>BY</arg>
<arg>BZ</arg>
<arg>CA</arg>
<arg>CC</arg>
<arg>CD</arg>
<arg>CF</arg>
<arg>CG</arg>
<arg>CH</arg>
<arg>CI</arg>
<arg>CK</arg>
<arg>CL</arg>
<arg>CM</arg>
<arg>CN</arg>
<arg>CO</arg>
<arg>CR</arg>
<arg>CU</arg>
<arg>CV</arg>
<arg>CW</arg>
<arg>CX</arg>
<arg>CY</arg>
<arg>CZ</arg>
<arg>DE</arg>
<arg>DJ</arg>
<arg>DK</arg>
<arg>DM</arg>
<arg>DO</arg>
<arg>DZ</arg>
<arg>EC</arg>
<arg>EE</arg>
<arg>EG</arg>
<arg>EH</arg>
<arg>ER</arg>
<arg>ES</arg>
<arg>ET</arg>
<arg>FI</arg>
<arg>FJ</arg>
<arg>FK</arg>
<arg>FM</arg>
<arg>FO</arg>
<arg>FR</arg>
<arg>GA</arg>
<arg>GB</arg>
<arg>GD</arg>
<arg>GE</arg>
<arg>GF</arg>
<arg>GG</arg>
<arg>GH</arg>
<arg>GI</arg>
<arg>GL</arg>
<arg>GM</arg>
<arg>GN</arg>
<arg>GP</arg>
<arg>GQ</arg>
<arg>GR</arg>
<arg>GS</arg>
<arg>GT</arg>
<arg>GU</arg>
<arg>GW</arg>
<arg>GY</arg>
<arg>HK</arg>
<arg>HM</arg>
<arg>HN</arg>
<arg>HR</arg>
<arg>HT</arg>
<arg>HU</arg>
<arg>ID</arg>
<arg>IE</arg>
<arg>IL</arg>
<arg>IM</arg>
<arg>IN</arg>
<arg>IO</arg>
<arg>IQ</arg>
<arg>IR</arg>
<arg>IS</arg>
<arg>IT</arg>
<arg>JE</arg>
<arg>JM</arg>
<arg>JO</arg>
<arg>JP</arg>
<arg>KE</arg>
<arg>KG</arg>
<arg>KH</arg>
<arg>KI</arg>
<arg>KM</arg>
<arg>KN</arg>
<arg>KP</arg>
<arg>KR</arg>
<arg>KW</arg>
<arg>KY</arg>
<arg>KZ</arg>
<arg>LA</arg>
<arg>LB</arg>
<arg>LC</arg>
<arg>LI</arg>
<arg>LK</arg>
<arg>LR</arg>
<arg>LS</arg>
<arg>LT</arg>
<arg>LU</arg>
<arg>LV</arg>
<arg>LY</arg>
<arg>MA</arg>
<arg>MC</arg>
<arg>MD</arg>
<arg>ME</arg>
<arg>MF</arg>
<arg>MG</arg>
<arg>MH</arg>
<arg>MK</arg>
<arg>ML</arg>
<arg>MM</arg>
<arg>MN</arg>
<arg>MO</arg>
<arg>MP</arg>
<arg>MQ</arg>
<arg>MR</arg>
<arg>MS</arg>
<arg>MT</arg>
<arg>MU</arg>
<arg>MV</arg>
<arg>MW</arg>
<arg>MX</arg>
<arg>MY</arg>
<arg>MZ</arg>
<arg>NA</arg>
<arg>NC</arg>
<arg>NE</arg>
<arg>NF</arg>
<arg>NG</arg>
<arg>NI</arg>
<arg>NL</arg>
<arg>NO</arg>
<arg>NP</arg>
<arg>NR</arg>
<arg>NU</arg>
<arg>NZ</arg>
<arg>OM</arg>
<arg>PA</arg>
<arg>PE</arg>
<arg>PF</arg>
<arg>PG</arg>
<arg>PH</arg>
<arg>PK</arg>
<arg>PL</arg>
<arg>PM</arg>
<arg>PN</arg>
<arg>PR</arg>
<arg>PS</arg>
<arg>PT</arg>
<arg>PW</arg>
<arg>PY</arg>
<arg>QA</arg>
<arg>RE</arg>
<arg>RO</arg>
<arg>RS</arg>
<arg>RU</arg>
<arg>RW</arg>
<arg>SA</arg>
<arg>SB</arg>
<arg>SC</arg>
<arg>SD</arg>
<arg>SE</arg>
<arg>SG</arg>
<arg>SH</arg>
<arg>SI</arg>
<arg>SJ</arg>
<arg>SK</arg>
<arg>SL</arg>
<arg>SM</arg>
<arg>SN</arg>
<arg>SO</arg>
<arg>SR</arg>
<arg>SS</arg>
<arg>ST</arg>
<arg>SV</arg>
<arg>SX</arg>
<arg>SY</arg>
<arg>SZ</arg>
<arg>TC</arg>
<arg>TD</arg>
<arg>TF</arg>
<arg>TG</arg>
<arg>TH</arg>
<arg>TJ</arg>
<arg>TK</arg>
<arg>TL</arg>
<arg>TM</arg>
<arg>TN</arg>
<arg>TO</arg>
<arg>TR</arg>
<arg>TT</arg>
<arg>TV</arg>
<arg>TW</arg>
<arg>TZ</arg>
<arg>UA</arg>
<arg>UG</arg>
<arg>UM</arg>
<arg>US</arg>
<arg>UY</arg>
<arg>UZ</arg>
<arg>VA</arg>
<arg>VC</arg>
<arg>VE</arg>
<arg>VG</arg>
<arg>VI</arg>
<arg>VN</arg>
<arg>VU</arg>
<arg>WF</arg>
<arg>WS</arg>
<arg>XK</arg>
<arg>YE</arg>
<arg>YT</arg>
<arg>ZA</arg>
<arg>ZM</arg>
<arg>ZW</arg>
<doc>Returns a list containing given items.</doc>
<status status="PASS" start="2024-04-29T21:13:16.951254" elapsed="0.000654"/>
</kw>
<kw name="List Should Contain Value" owner="Collections">
<msg time="2024-04-29T21:13:16.952945" level="INFO">False</msg>
<arg>${list_country}</arg>
<arg>${name_country}</arg>
<doc>Fails if the ``value`` is not found from ``list``.</doc>
<status status="PASS" start="2024-04-29T21:13:16.952736" elapsed="0.000245"/>
</kw>
<kw name="Run Keyword If" owner="BuiltIn">
<kw name="Should Be True" owner="BuiltIn">
<arg>${True}</arg>
<doc>Fails if the given condition is not true.</doc>
<status status="PASS" start="2024-04-29T21:13:16.954054" elapsed="0.000244"/>
</kw>
<arg>${json_data["results"][0]["location"]["coordinates"]["latitude"]} &gt;= -90 and ${json_data["results"][0]["location"]["coordinates"]["latitude"]} &lt;= 90</arg>
<arg>Should Be True</arg>
<arg>${True}</arg>
<doc>Runs the given keyword with the given arguments, if ``condition`` is true.</doc>
<status status="PASS" start="2024-04-29T21:13:16.953292" elapsed="0.001136"/>
</kw>
<kw name="Run Keyword If" owner="BuiltIn">
<kw name="Should Be True" owner="BuiltIn">
<arg>${True}</arg>
<doc>Fails if the given condition is not true.</doc>
<status status="PASS" start="2024-04-29T21:13:16.955309" elapsed="0.000134"/>
</kw>
<arg>${json_data["results"][0]["location"]["coordinates"]["longitude"]} &gt;= -180 and ${json_data["results"][0]["location"]["coordinates"]["longitude"]} &lt;= 180</arg>
<arg>Should Be True</arg>
<arg>${True}</arg>
<doc>Runs the given keyword with the given arguments, if ``condition`` is true.</doc>
<status status="PASS" start="2024-04-29T21:13:16.954612" elapsed="0.000952"/>
</kw>
<status status="PASS" start="2024-04-29T21:13:16.854410" elapsed="0.101301"/>
</kw>
<doc>Testa o conteúdo específico dos campos retornados pela API.</doc>
<tag>testeConteudo</tag>
<status status="PASS" start="2024-04-29T21:13:16.853748" elapsed="0.102115"/>
</test>
<status status="PASS" start="2024-04-29T21:13:15.996099" elapsed="0.961673"/>
</suite>
<status status="PASS" start="2024-04-29T21:13:15.982403" elapsed="0.980477"/>
</suite>
<statistics>
<total>
<stat pass="5" fail="0" skip="0">All Tests</stat>
</total>
<tag>
<stat pass="1" fail="0" skip="0">testeConteudo</stat>
<stat pass="1" fail="0" skip="0">testeEstruturaResposta</stat>
<stat pass="1" fail="0" skip="0">testeRequisicaoBasica</stat>
<stat pass="1" fail="0" skip="0">testeTiposDados</stat>
</tag>
<suite>
<stat pass="5" fail="0" skip="0" id="s1" name="Tests">Tests</stat>
<stat pass="5" fail="0" skip="0" id="s1-s1" name="Random-User-Test">Tests.Random-User-Test</stat>
</suite>
</statistics>
<errors>
</errors>
</robot>
