<?xml version="1.0" encoding="UTF-8"?>
<robot generator="Robot 7.0 (Python 3.12.3 on linux)" generated="2024-05-15T22:16:19.919100" rpa="false" schemaversion="5">
<suite id="s1" name="Tests" source="/home/runner/work/DesafioQAItauRogerioJordao/DesafioQAItauRogerioJordao/RamdonUser/tests">
<suite id="s1-s1" name="Random-User-Test" source="/home/runner/work/DesafioQAItauRogerioJordao/DesafioQAItauRogerioJordao/RamdonUser/tests/random-user-test.robot">
<test id="s1-s1-t1" name="Conectar" line="13">
<kw name="Conectar API" owner="random-user-service">
<kw name="Create Session" owner="RequestsLibrary">
<msg time="2024-05-15T22:16:20.318699" level="INFO">Creating Session using : alias=consultarAPI, url=https://randomuser.me/, headers={},                     cookies={}, auth=None, timeout=None, proxies=None, verify=False,                     debug=0 </msg>
<arg>consultarAPI</arg>
<arg>${URL}</arg>
<doc>Create Session: create a HTTP session to a server</doc>
<status status="PASS" start="2024-05-15T22:16:20.318490" elapsed="0.000401"/>
</kw>
<status status="PASS" start="2024-05-15T22:16:20.317497" elapsed="0.001769"/>
</kw>
<status status="PASS" start="2024-05-15T22:16:20.316905" elapsed="0.002558"/>
</test>
<test id="s1-s1-t2" name="Validar retorno 200 e JSON Válido" line="16">
<kw name="Teste de Requisicao Basica" owner="random-user-service">
<kw name="GET On Session" owner="RequestsLibrary">
<msg time="2024-05-15T22:16:20.434557" level="INFO">GET Request : url=https://randomuser.me/api 
 path_url=/api 
 headers={'User-Agent': 'python-requests/2.31.0', 'Accept-Encoding': 'gzip, deflate', 'Accept': '*/*', 'Connection': 'keep-alive'} 
 body=None 
 </msg>
<msg time="2024-05-15T22:16:20.434714" level="INFO">GET Response : url=https://randomuser.me/api 
 status=200, reason=OK 
 headers={'Date': 'Wed, 15 May 2024 22:16:20 GMT', 'Content-Type': 'application/json; charset=utf-8', 'Transfer-Encoding': 'chunked', 'Connection': 'keep-alive', 'X-Powered-By': 'Express', 'Access-Control-Allow-Origin': '*', 'Cache-Control': 'no-cache', 'ETag': 'W/"477-zoM5pvk8UhTJ7YmdvX2+hdyvyxc"', 'Vary': 'Accept-Encoding', 'Content-Encoding': 'gzip', 'CF-Cache-Status': 'DYNAMIC', 'Report-To': '{"endpoints":[{"url":"https:\\/\\/a.nel.cloudflare.com\\/report\\/v4?s=aZnljCk5Eghtu%2B%2FjlR9YIsJ%2F1J9KziDZ2eXgr6C6c%2FBUQkHyAOCvtImORjjzmXQxxEjYtgWKmcNv5BqCAhQrhUEE5FB4Sjypw7VWzKoS1tUFaDSYCM9Xh6iIC4YfbTEZ"}],"group":"cf-nel","max_age":604800}', 'NEL': '{"success_fraction":0,"report_to":"cf-nel","max_age":604800}', 'Server': 'cloudflare', 'CF-RAY': '88467de72cb7cea8-SJC', 'alt-svc': 'h3=":443"; ma=86400'} 
 body={"results":[{"gender":"female","name":{"title":"Mrs","first":"Madhumita","last":"Dalvi"},"location":{"street":{"number":7701,"name":"Ratha Bheedi"},"city":"Guwahati","state":"Mizoram","country":"India","postcode":27405,"coordinates":{"latitude":"12.5788","longitude":"93.2799"},"timezone":{"offset":"+5:45","description":"Kathmandu"}},"email":"madhumita.dalvi@example.com","login":{"uuid":"539bcc5a-3623-4c21-b9e5-2bda5865a4d3","username":"goldendog743","password":"tucson","salt":"ximVig7J","md5":"afc4899bef519e1aaa9d21cdd9582ddf","sha1":"b7db0dabb12d57ee1eeb9e49175655f3f23cc506","sha256":"be106262508033bec056b5e7564391e759fc10769855777076234f8072617b92"},"dob":{"date":"1991-08-09T01:41:36.857Z","age":32},"registered":{"date":"2015-02-16T22:29:41.329Z","age":9},"phone":"8436281287","cell":"7819860616","id":{"name":"UIDAI","value":"275623624144"},"picture":{"large":"https://randomuser.me/api/portraits/women/32.jpg","medium":"https://randomuser.me/api/portraits/med/women/32.jpg","thumbnail":"https://randomuser.me/api/portraits/thumb/women/32.jpg"},"nat":"IN"}],"info":{"seed":"d6783a9289d14228","results":1,"page":1,"version":"1.4"}} 
 </msg>
<msg time="2024-05-15T22:16:20.434797" level="INFO">/opt/hostedtoolcache/Python/3.12.3/x64/lib/python3.12/site-packages/urllib3/connectionpool.py:1103: InsecureRequestWarning: Unverified HTTPS request is being made to host 'randomuser.me'. Adding certificate verification is strongly advised. See: https://urllib3.readthedocs.io/en/latest/advanced-usage.html#tls-warnings
  warnings.warn(</msg>
<msg time="2024-05-15T22:16:20.434956" level="INFO">${response} = &lt;Response [200]&gt;</msg>
<var>${response}</var>
<arg>consultarAPI</arg>
<arg>/api</arg>
<doc>Sends a GET request on a previously created HTTP Session.</doc>
<status status="PASS" start="2024-05-15T22:16:20.322100" elapsed="0.112898"/>
</kw>
<kw name="Should Be Equal As Numbers" owner="BuiltIn">
<msg time="2024-05-15T22:16:20.436186" level="INFO">Argument types are:
&lt;class 'int'&gt;
&lt;class 'str'&gt;</msg>
<arg>${response.status_code}</arg>
<arg>200</arg>
<doc>Fails if objects are unequal after converting them to real numbers.</doc>
<status status="PASS" start="2024-05-15T22:16:20.435692" elapsed="0.000562"/>
</kw>
<kw name="Log" owner="BuiltIn">
<msg time="2024-05-15T22:16:20.436989" level="INFO">200</msg>
<arg>${response.status_code}</arg>
<doc>Logs the given message with the given level.</doc>
<status status="PASS" start="2024-05-15T22:16:20.436625" elapsed="0.000407"/>
</kw>
<kw name="Set Variable" owner="BuiltIn">
<msg time="2024-05-15T22:16:20.437789" level="INFO">${json_data} = {'results': [{'gender': 'female', 'name': {'title': 'Mrs', 'first': 'Madhumita', 'last': 'Dalvi'}, 'location': {'street': {'number': 7701, 'name': 'Ratha Bheedi'}, 'city': 'Guwahati', 'state': 'Mizora...</msg>
<var>${json_data}</var>
<arg>${response.json()}</arg>
<doc>Returns the given values which can then be assigned to a variables.</doc>
<status status="PASS" start="2024-05-15T22:16:20.437345" elapsed="0.000475"/>
</kw>
<kw name="Dictionary Should Contain Key" owner="Collections">
<msg time="2024-05-15T22:16:20.438311" level="INFO">False</msg>
<arg>${json_data}</arg>
<arg>results</arg>
<doc>Fails if ``key`` is not found from ``dictionary``.</doc>
<status status="PASS" start="2024-05-15T22:16:20.438128" elapsed="0.000224"/>
</kw>
<status status="PASS" start="2024-05-15T22:16:20.321857" elapsed="0.116761"/>
</kw>
<doc>Testa se a API responde corretamente e retorna um objeto JSON válido.</doc>
<tag>testeRequisicaoBasica</tag>
<status status="PASS" start="2024-05-15T22:16:20.321386" elapsed="0.117424"/>
</test>
<test id="s1-s1-t3" name="Validar estrutura de resposta" line="22">
<kw name="Teste de Estrutura de Resposta" owner="random-user-service">
<kw name="GET On Session" owner="RequestsLibrary">
<msg time="2024-05-15T22:16:20.540837" level="INFO">GET Request : url=https://randomuser.me/api 
 path_url=/api 
 headers={'User-Agent': 'python-requests/2.31.0', 'Accept-Encoding': 'gzip, deflate', 'Accept': '*/*', 'Connection': 'keep-alive'} 
 body=None 
 </msg>
<msg time="2024-05-15T22:16:20.540938" level="INFO">GET Response : url=https://randomuser.me/api 
 status=200, reason=OK 
 headers={'Date': 'Wed, 15 May 2024 22:16:20 GMT', 'Content-Type': 'application/json; charset=utf-8', 'Transfer-Encoding': 'chunked', 'Connection': 'keep-alive', 'X-Powered-By': 'Express', 'Access-Control-Allow-Origin': '*', 'Cache-Control': 'no-cache', 'ETag': 'W/"487-/+MesblNM9dZXlUVnRljCFXxCjU"', 'Vary': 'Accept-Encoding', 'Content-Encoding': 'gzip', 'CF-Cache-Status': 'DYNAMIC', 'Report-To': '{"endpoints":[{"url":"https:\\/\\/a.nel.cloudflare.com\\/report\\/v4?s=RCLeTLRJMgfMtp7VgOvVptSAZRzIOcgc1eAD9x0UmeTLsoT92r02nYNspDCG%2BJ8V91uf96TALeoa8LY88bHYTn3sfwbm4%2BcZky5YusL0RVvu%2BFzez2zanLQyVGEL3ET7"}],"group":"cf-nel","max_age":604800}', 'NEL': '{"success_fraction":0,"report_to":"cf-nel","max_age":604800}', 'Server': 'cloudflare', 'CF-RAY': '88467de7cd41cea8-SJC', 'alt-svc': 'h3=":443"; ma=86400'} 
 body={"results":[{"gender":"female","name":{"title":"Ms","first":"Dana","last":"Terry"},"location":{"street":{"number":1069,"name":"E Sandy Lake Rd"},"city":"Dubbo","state":"Australian Capital Territory","country":"Australia","postcode":4169,"coordinates":{"latitude":"-81.5848","longitude":"46.9445"},"timezone":{"offset":"+5:45","description":"Kathmandu"}},"email":"dana.terry@example.com","login":{"uuid":"3eec1351-114c-4fd1-a40a-f1a48f680534","username":"purplezebra183","password":"456456","salt":"fpY71gzp","md5":"788d0c364639de58163212d01956e340","sha1":"2334e7fb62b2f57145122a938cab9e0c1f8aabd1","sha256":"3bdbf590d39190de9ad49e1edc1c7c8b70bf05e1844910c9b2909e46b045cb76"},"dob":{"date":"1983-05-06T00:21:28.514Z","age":41},"registered":{"date":"2007-11-14T22:39:51.387Z","age":16},"phone":"09-3503-2286","cell":"0408-024-256","id":{"name":"TFN","value":"003604992"},"picture":{"large":"https://randomuser.me/api/portraits/women/51.jpg","medium":"https://randomuser.me/api/portraits/med/women/51.jpg","thumbnail":"https://randomuser.me/api/portraits/thumb/women/51.jpg"},"nat":"AU"}],"info":{"seed":"e6e3bb52f7522c70","results":1,"page":1,"version":"1.4"}} 
 </msg>
<msg time="2024-05-15T22:16:20.541062" level="INFO">/opt/hostedtoolcache/Python/3.12.3/x64/lib/python3.12/site-packages/urllib3/connectionpool.py:1103: InsecureRequestWarning: Unverified HTTPS request is being made to host 'randomuser.me'. Adding certificate verification is strongly advised. See: https://urllib3.readthedocs.io/en/latest/advanced-usage.html#tls-warnings
  warnings.warn(</msg>
<msg time="2024-05-15T22:16:20.541191" level="INFO">${response} = &lt;Response [200]&gt;</msg>
<var>${response}</var>
<arg>consultarAPI</arg>
<arg>/api</arg>
<doc>Sends a GET request on a previously created HTTP Session.</doc>
<status status="PASS" start="2024-05-15T22:16:20.441480" elapsed="0.099753"/>
</kw>
<kw name="Set Variable" owner="BuiltIn">
<msg time="2024-05-15T22:16:20.542269" level="INFO">${json_data} = {'results': [{'gender': 'female', 'name': {'title': 'Ms', 'first': 'Dana', 'last': 'Terry'}, 'location': {'street': {'number': 1069, 'name': 'E Sandy Lake Rd'}, 'city': 'Dubbo', 'state': 'Australian C...</msg>
<var>${json_data}</var>
<arg>${response.json()}</arg>
<doc>Returns the given values which can then be assigned to a variables.</doc>
<status status="PASS" start="2024-05-15T22:16:20.541736" elapsed="0.000563"/>
</kw>
<kw name="Log" owner="BuiltIn">
<msg time="2024-05-15T22:16:20.542772" level="INFO">{'results': [{'gender': 'female', 'name': {'title': 'Ms', 'first': 'Dana', 'last': 'Terry'}, 'location': {'street': {'number': 1069, 'name': 'E Sandy Lake Rd'}, 'city': 'Dubbo', 'state': 'Australian Capital Territory', 'country': 'Australia', 'postcode': 4169, 'coordinates': {'latitude': '-81.5848', 'longitude': '46.9445'}, 'timezone': {'offset': '+5:45', 'description': 'Kathmandu'}}, 'email': 'dana.terry@example.com', 'login': {'uuid': '3eec1351-114c-4fd1-a40a-f1a48f680534', 'username': 'purplezebra183', 'password': '456456', 'salt': 'fpY71gzp', 'md5': '788d0c364639de58163212d01956e340', 'sha1': '2334e7fb62b2f57145122a938cab9e0c1f8aabd1', 'sha256': '3bdbf590d39190de9ad49e1edc1c7c8b70bf05e1844910c9b2909e46b045cb76'}, 'dob': {'date': '1983-05-06T00:21:28.514Z', 'age': 41}, 'registered': {'date': '2007-11-14T22:39:51.387Z', 'age': 16}, 'phone': '09-3503-2286', 'cell': '0408-024-256', 'id': {'name': 'TFN', 'value': '003604992'}, 'picture': {'large': 'https://randomuser.me/api/portraits/women/51.jpg', 'medium': 'https://randomuser.me/api/portraits/med/women/51.jpg', 'thumbnail': 'https://randomuser.me/api/portraits/thumb/women/51.jpg'}, 'nat': 'AU'}], 'info': {'seed': 'e6e3bb52f7522c70', 'results': 1, 'page': 1, 'version': '1.4'}}</msg>
<arg>${json_data}</arg>
<doc>Logs the given message with the given level.</doc>
<status status="PASS" start="2024-05-15T22:16:20.542611" elapsed="0.000210"/>
</kw>
<kw name="Dictionary Should Contain Key" owner="Collections">
<msg time="2024-05-15T22:16:20.543282" level="INFO">False</msg>
<arg>${json_data}</arg>
<arg>results</arg>
<doc>Fails if ``key`` is not found from ``dictionary``.</doc>
<status status="PASS" start="2024-05-15T22:16:20.543116" elapsed="0.000203"/>
</kw>
<kw name="Should Not Be Empty" owner="BuiltIn">
<msg time="2024-05-15T22:16:20.543754" level="INFO">Length is 2.</msg>
<arg>${json_data}</arg>
<doc>Verifies that the given item is not empty.</doc>
<status status="PASS" start="2024-05-15T22:16:20.543615" elapsed="0.000346"/>
</kw>
<kw name="Create List" owner="BuiltIn">
<msg time="2024-05-15T22:16:20.544414" level="INFO">${expected_keys} = ['gender', 'name', 'location', 'email', 'login']</msg>
<var>${expected_keys}</var>
<arg>gender</arg>
<arg>name</arg>
<arg>location</arg>
<arg>email</arg>
<arg>login</arg>
<doc>Returns a list containing given items.</doc>
<status status="PASS" start="2024-05-15T22:16:20.544260" elapsed="0.000178"/>
</kw>
<for flavor="IN">
<iter>
<kw name="Dictionary Should Contain Key" owner="Collections">
<msg time="2024-05-15T22:16:20.545474" level="INFO">False</msg>
<arg>${json_data['results'][0]}</arg>
<arg>${key}</arg>
<doc>Fails if ``key`` is not found from ``dictionary``.</doc>
<status status="PASS" start="2024-05-15T22:16:20.545068" elapsed="0.000444"/>
</kw>
<kw name="Log" owner="BuiltIn">
<msg time="2024-05-15T22:16:20.546179" level="INFO">{'gender': 'female', 'name': {'title': 'Ms', 'first': 'Dana', 'last': 'Terry'}, 'location': {'street': {'number': 1069, 'name': 'E Sandy Lake Rd'}, 'city': 'Dubbo', 'state': 'Australian Capital Territory', 'country': 'Australia', 'postcode': 4169, 'coordinates': {'latitude': '-81.5848', 'longitude': '46.9445'}, 'timezone': {'offset': '+5:45', 'description': 'Kathmandu'}}, 'email': 'dana.terry@example.com', 'login': {'uuid': '3eec1351-114c-4fd1-a40a-f1a48f680534', 'username': 'purplezebra183', 'password': '456456', 'salt': 'fpY71gzp', 'md5': '788d0c364639de58163212d01956e340', 'sha1': '2334e7fb62b2f57145122a938cab9e0c1f8aabd1', 'sha256': '3bdbf590d39190de9ad49e1edc1c7c8b70bf05e1844910c9b2909e46b045cb76'}, 'dob': {'date': '1983-05-06T00:21:28.514Z', 'age': 41}, 'registered': {'date': '2007-11-14T22:39:51.387Z', 'age': 16}, 'phone': '09-3503-2286', 'cell': '0408-024-256', 'id': {'name': 'TFN', 'value': '003604992'}, 'picture': {'large': 'https://randomuser.me/api/portraits/women/51.jpg', 'medium': 'https://randomuser.me/api/portraits/med/women/51.jpg', 'thumbnail': 'https://randomuser.me/api/portraits/thumb/women/51.jpg'}, 'nat': 'AU'}</msg>
<arg>${json_data['results'][0]}</arg>
<doc>Logs the given message with the given level.</doc>
<status status="PASS" start="2024-05-15T22:16:20.545813" elapsed="0.000416"/>
</kw>
<kw name="Log" owner="BuiltIn">
<msg time="2024-05-15T22:16:20.546660" level="INFO">gender</msg>
<arg>${key}</arg>
<doc>Logs the given message with the given level.</doc>
<status status="PASS" start="2024-05-15T22:16:20.546531" elapsed="0.000167"/>
</kw>
<var name="${key}">gender</var>
<status status="PASS" start="2024-05-15T22:16:20.544939" elapsed="0.001976"/>
</iter>
<iter>
<kw name="Dictionary Should Contain Key" owner="Collections">
<msg time="2024-05-15T22:16:20.547611" level="INFO">False</msg>
<arg>${json_data['results'][0]}</arg>
<arg>${key}</arg>
<doc>Fails if ``key`` is not found from ``dictionary``.</doc>
<status status="PASS" start="2024-05-15T22:16:20.547225" elapsed="0.000423"/>
</kw>
<kw name="Log" owner="BuiltIn">
<msg time="2024-05-15T22:16:20.548333" level="INFO">{'gender': 'female', 'name': {'title': 'Ms', 'first': 'Dana', 'last': 'Terry'}, 'location': {'street': {'number': 1069, 'name': 'E Sandy Lake Rd'}, 'city': 'Dubbo', 'state': 'Australian Capital Territory', 'country': 'Australia', 'postcode': 4169, 'coordinates': {'latitude': '-81.5848', 'longitude': '46.9445'}, 'timezone': {'offset': '+5:45', 'description': 'Kathmandu'}}, 'email': 'dana.terry@example.com', 'login': {'uuid': '3eec1351-114c-4fd1-a40a-f1a48f680534', 'username': 'purplezebra183', 'password': '456456', 'salt': 'fpY71gzp', 'md5': '788d0c364639de58163212d01956e340', 'sha1': '2334e7fb62b2f57145122a938cab9e0c1f8aabd1', 'sha256': '3bdbf590d39190de9ad49e1edc1c7c8b70bf05e1844910c9b2909e46b045cb76'}, 'dob': {'date': '1983-05-06T00:21:28.514Z', 'age': 41}, 'registered': {'date': '2007-11-14T22:39:51.387Z', 'age': 16}, 'phone': '09-3503-2286', 'cell': '0408-024-256', 'id': {'name': 'TFN', 'value': '003604992'}, 'picture': {'large': 'https://randomuser.me/api/portraits/women/51.jpg', 'medium': 'https://randomuser.me/api/portraits/med/women/51.jpg', 'thumbnail': 'https://randomuser.me/api/portraits/thumb/women/51.jpg'}, 'nat': 'AU'}</msg>
<arg>${json_data['results'][0]}</arg>
<doc>Logs the given message with the given level.</doc>
<status status="PASS" start="2024-05-15T22:16:20.547972" elapsed="0.000410"/>
</kw>
<kw name="Log" owner="BuiltIn">
<msg time="2024-05-15T22:16:20.548840" level="INFO">name</msg>
<arg>${key}</arg>
<doc>Logs the given message with the given level.</doc>
<status status="PASS" start="2024-05-15T22:16:20.548710" elapsed="0.000167"/>
</kw>
<var name="${key}">name</var>
<status status="PASS" start="2024-05-15T22:16:20.547108" elapsed="0.001992"/>
</iter>
<iter>
<kw name="Dictionary Should Contain Key" owner="Collections">
<msg time="2024-05-15T22:16:20.549784" level="INFO">False</msg>
<arg>${json_data['results'][0]}</arg>
<arg>${key}</arg>
<doc>Fails if ``key`` is not found from ``dictionary``.</doc>
<status status="PASS" start="2024-05-15T22:16:20.549397" elapsed="0.000425"/>
</kw>
<kw name="Log" owner="BuiltIn">
<msg time="2024-05-15T22:16:20.550479" level="INFO">{'gender': 'female', 'name': {'title': 'Ms', 'first': 'Dana', 'last': 'Terry'}, 'location': {'street': {'number': 1069, 'name': 'E Sandy Lake Rd'}, 'city': 'Dubbo', 'state': 'Australian Capital Territory', 'country': 'Australia', 'postcode': 4169, 'coordinates': {'latitude': '-81.5848', 'longitude': '46.9445'}, 'timezone': {'offset': '+5:45', 'description': 'Kathmandu'}}, 'email': 'dana.terry@example.com', 'login': {'uuid': '3eec1351-114c-4fd1-a40a-f1a48f680534', 'username': 'purplezebra183', 'password': '456456', 'salt': 'fpY71gzp', 'md5': '788d0c364639de58163212d01956e340', 'sha1': '2334e7fb62b2f57145122a938cab9e0c1f8aabd1', 'sha256': '3bdbf590d39190de9ad49e1edc1c7c8b70bf05e1844910c9b2909e46b045cb76'}, 'dob': {'date': '1983-05-06T00:21:28.514Z', 'age': 41}, 'registered': {'date': '2007-11-14T22:39:51.387Z', 'age': 16}, 'phone': '09-3503-2286', 'cell': '0408-024-256', 'id': {'name': 'TFN', 'value': '003604992'}, 'picture': {'large': 'https://randomuser.me/api/portraits/women/51.jpg', 'medium': 'https://randomuser.me/api/portraits/med/women/51.jpg', 'thumbnail': 'https://randomuser.me/api/portraits/thumb/women/51.jpg'}, 'nat': 'AU'}</msg>
<arg>${json_data['results'][0]}</arg>
<doc>Logs the given message with the given level.</doc>
<status status="PASS" start="2024-05-15T22:16:20.550122" elapsed="0.000407"/>
</kw>
<kw name="Log" owner="BuiltIn">
<msg time="2024-05-15T22:16:20.550953" level="INFO">location</msg>
<arg>${key}</arg>
<doc>Logs the given message with the given level.</doc>
<status status="PASS" start="2024-05-15T22:16:20.550826" elapsed="0.000165"/>
</kw>
<var name="${key}">location</var>
<status status="PASS" start="2024-05-15T22:16:20.549283" elapsed="0.001927"/>
</iter>
<iter>
<kw name="Dictionary Should Contain Key" owner="Collections">
<msg time="2024-05-15T22:16:20.551876" level="INFO">False</msg>
<arg>${json_data['results'][0]}</arg>
<arg>${key}</arg>
<doc>Fails if ``key`` is not found from ``dictionary``.</doc>
<status status="PASS" start="2024-05-15T22:16:20.551495" elapsed="0.000418"/>
</kw>
<kw name="Log" owner="BuiltIn">
<msg time="2024-05-15T22:16:20.552603" level="INFO">{'gender': 'female', 'name': {'title': 'Ms', 'first': 'Dana', 'last': 'Terry'}, 'location': {'street': {'number': 1069, 'name': 'E Sandy Lake Rd'}, 'city': 'Dubbo', 'state': 'Australian Capital Territory', 'country': 'Australia', 'postcode': 4169, 'coordinates': {'latitude': '-81.5848', 'longitude': '46.9445'}, 'timezone': {'offset': '+5:45', 'description': 'Kathmandu'}}, 'email': 'dana.terry@example.com', 'login': {'uuid': '3eec1351-114c-4fd1-a40a-f1a48f680534', 'username': 'purplezebra183', 'password': '456456', 'salt': 'fpY71gzp', 'md5': '788d0c364639de58163212d01956e340', 'sha1': '2334e7fb62b2f57145122a938cab9e0c1f8aabd1', 'sha256': '3bdbf590d39190de9ad49e1edc1c7c8b70bf05e1844910c9b2909e46b045cb76'}, 'dob': {'date': '1983-05-06T00:21:28.514Z', 'age': 41}, 'registered': {'date': '2007-11-14T22:39:51.387Z', 'age': 16}, 'phone': '09-3503-2286', 'cell': '0408-024-256', 'id': {'name': 'TFN', 'value': '003604992'}, 'picture': {'large': 'https://randomuser.me/api/portraits/women/51.jpg', 'medium': 'https://randomuser.me/api/portraits/med/women/51.jpg', 'thumbnail': 'https://randomuser.me/api/portraits/thumb/women/51.jpg'}, 'nat': 'AU'}</msg>
<arg>${json_data['results'][0]}</arg>
<doc>Logs the given message with the given level.</doc>
<status status="PASS" start="2024-05-15T22:16:20.552214" elapsed="0.000437"/>
</kw>
<kw name="Log" owner="BuiltIn">
<msg time="2024-05-15T22:16:20.553078" level="INFO">email</msg>
<arg>${key}</arg>
<doc>Logs the given message with the given level.</doc>
<status status="PASS" start="2024-05-15T22:16:20.552950" elapsed="0.000165"/>
</kw>
<var name="${key}">email</var>
<status status="PASS" start="2024-05-15T22:16:20.551383" elapsed="0.001947"/>
</iter>
<iter>
<kw name="Dictionary Should Contain Key" owner="Collections">
<msg time="2024-05-15T22:16:20.554003" level="INFO">False</msg>
<arg>${json_data['results'][0]}</arg>
<arg>${key}</arg>
<doc>Fails if ``key`` is not found from ``dictionary``.</doc>
<status status="PASS" start="2024-05-15T22:16:20.553616" elapsed="0.000424"/>
</kw>
<kw name="Log" owner="BuiltIn">
<msg time="2024-05-15T22:16:20.554701" level="INFO">{'gender': 'female', 'name': {'title': 'Ms', 'first': 'Dana', 'last': 'Terry'}, 'location': {'street': {'number': 1069, 'name': 'E Sandy Lake Rd'}, 'city': 'Dubbo', 'state': 'Australian Capital Territory', 'country': 'Australia', 'postcode': 4169, 'coordinates': {'latitude': '-81.5848', 'longitude': '46.9445'}, 'timezone': {'offset': '+5:45', 'description': 'Kathmandu'}}, 'email': 'dana.terry@example.com', 'login': {'uuid': '3eec1351-114c-4fd1-a40a-f1a48f680534', 'username': 'purplezebra183', 'password': '456456', 'salt': 'fpY71gzp', 'md5': '788d0c364639de58163212d01956e340', 'sha1': '2334e7fb62b2f57145122a938cab9e0c1f8aabd1', 'sha256': '3bdbf590d39190de9ad49e1edc1c7c8b70bf05e1844910c9b2909e46b045cb76'}, 'dob': {'date': '1983-05-06T00:21:28.514Z', 'age': 41}, 'registered': {'date': '2007-11-14T22:39:51.387Z', 'age': 16}, 'phone': '09-3503-2286', 'cell': '0408-024-256', 'id': {'name': 'TFN', 'value': '003604992'}, 'picture': {'large': 'https://randomuser.me/api/portraits/women/51.jpg', 'medium': 'https://randomuser.me/api/portraits/med/women/51.jpg', 'thumbnail': 'https://randomuser.me/api/portraits/thumb/women/51.jpg'}, 'nat': 'AU'}</msg>
<arg>${json_data['results'][0]}</arg>
<doc>Logs the given message with the given level.</doc>
<status status="PASS" start="2024-05-15T22:16:20.554337" elapsed="0.000422"/>
</kw>
<kw name="Log" owner="BuiltIn">
<msg time="2024-05-15T22:16:20.555183" level="INFO">login</msg>
<arg>${key}</arg>
<doc>Logs the given message with the given level.</doc>
<status status="PASS" start="2024-05-15T22:16:20.555056" elapsed="0.000166"/>
</kw>
<var name="${key}">login</var>
<status status="PASS" start="2024-05-15T22:16:20.553504" elapsed="0.001962"/>
</iter>
<var>${key}</var>
<value>@{expected_keys}</value>
<status status="PASS" start="2024-05-15T22:16:20.544739" elapsed="0.010855"/>
</for>
<kw name="Create List" owner="BuiltIn">
<msg time="2024-05-15T22:16:20.555929" level="INFO">${expected_keysTwo} = ['username', 'password']</msg>
<var>${expected_keysTwo}</var>
<arg>username</arg>
<arg>password</arg>
<doc>Returns a list containing given items.</doc>
<status status="PASS" start="2024-05-15T22:16:20.555794" elapsed="0.000159"/>
</kw>
<for flavor="IN">
<iter>
<kw name="Dictionary Should Contain Key" owner="Collections">
<msg time="2024-05-15T22:16:20.556862" level="INFO">False</msg>
<arg>${json_data['results'][0]['login']}</arg>
<arg>${keyTwo}</arg>
<doc>Fails if ``key`` is not found from ``dictionary``.</doc>
<status status="PASS" start="2024-05-15T22:16:20.556475" elapsed="0.000423"/>
</kw>
<kw name="Dictionary Should Contain Key" owner="Collections">
<msg time="2024-05-15T22:16:20.557570" level="INFO">False</msg>
<arg>${json_data['results'][0]['login']}</arg>
<arg>${keyTwo}</arg>
<doc>Fails if ``key`` is not found from ``dictionary``.</doc>
<status status="PASS" start="2024-05-15T22:16:20.557191" elapsed="0.000416"/>
</kw>
<kw name="Log" owner="BuiltIn">
<msg time="2024-05-15T22:16:20.558028" level="INFO">username</msg>
<arg>${keyTwo}</arg>
<doc>Logs the given message with the given level.</doc>
<status status="PASS" start="2024-05-15T22:16:20.557902" elapsed="0.000168"/>
</kw>
<var name="${keyTwo}">username</var>
<status status="PASS" start="2024-05-15T22:16:20.556347" elapsed="0.001941"/>
</iter>
<iter>
<kw name="Dictionary Should Contain Key" owner="Collections">
<msg time="2024-05-15T22:16:20.559035" level="INFO">False</msg>
<arg>${json_data['results'][0]['login']}</arg>
<arg>${keyTwo}</arg>
<doc>Fails if ``key`` is not found from ``dictionary``.</doc>
<status status="PASS" start="2024-05-15T22:16:20.558572" elapsed="0.000503"/>
</kw>
<kw name="Dictionary Should Contain Key" owner="Collections">
<msg time="2024-05-15T22:16:20.559749" level="INFO">False</msg>
<arg>${json_data['results'][0]['login']}</arg>
<arg>${keyTwo}</arg>
<doc>Fails if ``key`` is not found from ``dictionary``.</doc>
<status status="PASS" start="2024-05-15T22:16:20.559373" elapsed="0.000414"/>
</kw>
<kw name="Log" owner="BuiltIn">
<msg time="2024-05-15T22:16:20.560207" level="INFO">password</msg>
<arg>${keyTwo}</arg>
<doc>Logs the given message with the given level.</doc>
<status status="PASS" start="2024-05-15T22:16:20.560081" elapsed="0.000162"/>
</kw>
<var name="${keyTwo}">password</var>
<status status="PASS" start="2024-05-15T22:16:20.558460" elapsed="0.002024"/>
</iter>
<var>${keyTwo}</var>
<value>@{expected_keysTwo}</value>
<status status="PASS" start="2024-05-15T22:16:20.556191" elapsed="0.004417"/>
</for>
<status status="PASS" start="2024-05-15T22:16:20.441240" elapsed="0.119511"/>
</kw>
<doc>Testa a estrutura da resposta da API.</doc>
<tag>testeEstruturaResposta</tag>
<status status="PASS" start="2024-05-15T22:16:20.440707" elapsed="0.120202"/>
</test>
<test id="s1-s1-t4" name="Validar tipos de dados" line="28">
<kw name="Teste de Tipos de Dados" owner="random-user-service">
<kw name="GET On Session" owner="RequestsLibrary">
<msg time="2024-05-15T22:16:20.651682" level="INFO">GET Request : url=https://randomuser.me/api 
 path_url=/api 
 headers={'User-Agent': 'python-requests/2.31.0', 'Accept-Encoding': 'gzip, deflate', 'Accept': '*/*', 'Connection': 'keep-alive'} 
 body=None 
 </msg>
<msg time="2024-05-15T22:16:20.651795" level="INFO">GET Response : url=https://randomuser.me/api 
 status=200, reason=OK 
 headers={'Date': 'Wed, 15 May 2024 22:16:20 GMT', 'Content-Type': 'application/json; charset=utf-8', 'Transfer-Encoding': 'chunked', 'Connection': 'keep-alive', 'X-Powered-By': 'Express', 'Access-Control-Allow-Origin': '*', 'Cache-Control': 'no-cache', 'ETag': 'W/"48d-aJGuaV603lMjyBBK8QTDcxHq2Gg"', 'Vary': 'Accept-Encoding', 'Content-Encoding': 'gzip', 'CF-Cache-Status': 'DYNAMIC', 'Report-To': '{"endpoints":[{"url":"https:\\/\\/a.nel.cloudflare.com\\/report\\/v4?s=zakdmuJnCh3kn81OefFL9qJCJcPnAb2GPNDD2qVEJsfvNlATyuYwHIUMUja5B1tME%2BoCZQ7zbmlI2FMSPjKoMA0Gk0KiZGNtDomfwKY8tbs1%2BdPdYf1cJiQW9VoCKbPq"}],"group":"cf-nel","max_age":604800}', 'NEL': '{"success_fraction":0,"report_to":"cf-nel","max_age":604800}', 'Server': 'cloudflare', 'CF-RAY': '88467de88dfdcea8-SJC', 'alt-svc': 'h3=":443"; ma=86400'} 
 body={"results":[{"gender":"male","name":{"title":"Mr","first":"Clyde","last":"Ruiz"},"location":{"street":{"number":1625,"name":"Oaks Cross"},"city":"Newport","state":"Suffolk","country":"United Kingdom","postcode":"Y43 9LU","coordinates":{"latitude":"-10.2961","longitude":"-90.3976"},"timezone":{"offset":"-7:00","description":"Mountain Time (US &amp; Canada)"}},"email":"clyde.ruiz@example.com","login":{"uuid":"2c2289d7-08bc-42c5-af06-de475f6c4f83","username":"angrygorilla860","password":"video","salt":"dHSViVuA","md5":"dce686f4bc1afa9643b051c6f3c882b8","sha1":"ed8d2cf7b1c341188b929576479d1fc41413cb13","sha256":"13fff011916c940b92d6cb0a527f89b53eb75004be87c43482b8ee505a9ed5a7"},"dob":{"date":"1995-02-11T04:22:17.957Z","age":29},"registered":{"date":"2007-05-06T16:07:14.257Z","age":17},"phone":"0112083 235 2430","cell":"07552 491174","id":{"name":"NINO","value":"JP 15 24 87 K"},"picture":{"large":"https://randomuser.me/api/portraits/men/46.jpg","medium":"https://randomuser.me/api/portraits/med/men/46.jpg","thumbnail":"https://randomuser.me/api/portraits/thumb/men/46.jpg"},"nat":"GB"}],"info":{"seed":"a6f2bf57d065597b","results":1,"page":1,"version":"1.4"}} 
 </msg>
<msg time="2024-05-15T22:16:20.651881" level="INFO">/opt/hostedtoolcache/Python/3.12.3/x64/lib/python3.12/site-packages/urllib3/connectionpool.py:1103: InsecureRequestWarning: Unverified HTTPS request is being made to host 'randomuser.me'. Adding certificate verification is strongly advised. See: https://urllib3.readthedocs.io/en/latest/advanced-usage.html#tls-warnings
  warnings.warn(</msg>
<msg time="2024-05-15T22:16:20.652020" level="INFO">${response} = &lt;Response [200]&gt;</msg>
<var>${response}</var>
<arg>consultarAPI</arg>
<arg>/api</arg>
<doc>Sends a GET request on a previously created HTTP Session.</doc>
<status status="PASS" start="2024-05-15T22:16:20.563397" elapsed="0.088673"/>
</kw>
<kw name="Set Variable" owner="BuiltIn">
<msg time="2024-05-15T22:16:20.653167" level="INFO">${json_data} = {'results': [{'gender': 'male', 'name': {'title': 'Mr', 'first': 'Clyde', 'last': 'Ruiz'}, 'location': {'street': {'number': 1625, 'name': 'Oaks Cross'}, 'city': 'Newport', 'state': 'Suffolk', 'countr...</msg>
<var>${json_data}</var>
<arg>${response.json()}</arg>
<doc>Returns the given values which can then be assigned to a variables.</doc>
<status status="PASS" start="2024-05-15T22:16:20.652630" elapsed="0.000569"/>
</kw>
<kw name="Log" owner="BuiltIn">
<msg time="2024-05-15T22:16:20.653678" level="INFO">{'results': [{'gender': 'male', 'name': {'title': 'Mr', 'first': 'Clyde', 'last': 'Ruiz'}, 'location': {'street': {'number': 1625, 'name': 'Oaks Cross'}, 'city': 'Newport', 'state': 'Suffolk', 'country': 'United Kingdom', 'postcode': 'Y43 9LU', 'coordinates': {'latitude': '-10.2961', 'longitude': '-90.3976'}, 'timezone': {'offset': '-7:00', 'description': 'Mountain Time (US &amp; Canada)'}}, 'email': 'clyde.ruiz@example.com', 'login': {'uuid': '2c2289d7-08bc-42c5-af06-de475f6c4f83', 'username': 'angrygorilla860', 'password': 'video', 'salt': 'dHSViVuA', 'md5': 'dce686f4bc1afa9643b051c6f3c882b8', 'sha1': 'ed8d2cf7b1c341188b929576479d1fc41413cb13', 'sha256': '13fff011916c940b92d6cb0a527f89b53eb75004be87c43482b8ee505a9ed5a7'}, 'dob': {'date': '1995-02-11T04:22:17.957Z', 'age': 29}, 'registered': {'date': '2007-05-06T16:07:14.257Z', 'age': 17}, 'phone': '0112083 235 2430', 'cell': '07552 491174', 'id': {'name': 'NINO', 'value': 'JP 15 24 87 K'}, 'picture': {'large': 'https://randomuser.me/api/portraits/men/46.jpg', 'medium': 'https://randomuser.me/api/portraits/med/men/46.jpg', 'thumbnail': 'https://randomuser.me/api/portraits/thumb/men/46.jpg'}, 'nat': 'GB'}], 'info': {'seed': 'a6f2bf57d065597b', 'results': 1, 'page': 1, 'version': '1.4'}}</msg>
<arg>${json_data}</arg>
<doc>Logs the given message with the given level.</doc>
<status status="PASS" start="2024-05-15T22:16:20.653520" elapsed="0.000249"/>
</kw>
<kw name="Should Be String" owner="String">
<arg>${json_data['results'][0]['gender']}</arg>
<doc>Fails if the given ``item`` is not a string.</doc>
<status status="PASS" start="2024-05-15T22:16:20.654079" elapsed="0.000370"/>
</kw>
<kw name="Should Match Regexp" owner="BuiltIn">
<arg>${json_data['results'][0]['email']}</arg>
<arg>^[a-zA-Z0-9._%+-]+@[a-zA-Z0-9.-]+\.[a-zA-Z]{2,}$</arg>
<doc>Fails if ``string`` does not match ``pattern`` as a regular expression.</doc>
<status status="PASS" start="2024-05-15T22:16:20.654648" elapsed="0.000519"/>
</kw>
<kw name="Should Match Regexp" owner="BuiltIn">
<arg>${json_data['results'][0]['dob']['date']}</arg>
<arg>\\d{4}-\\d{2}-\\d{2}T\\d{2}:\\d{2}:\\d{2}\\.\\d{3}Z</arg>
<doc>Fails if ``string`` does not match ``pattern`` as a regular expression.</doc>
<status status="PASS" start="2024-05-15T22:16:20.655365" elapsed="0.000493"/>
</kw>
<kw name="Should Match Regexp" owner="BuiltIn">
<arg>${json_data['results'][0]['registered']['date']}</arg>
<arg>\\d{4}-\\d{2}-\\d{2}T\\d{2}:\\d{2}:\\d{2}\\.\\d{3}Z</arg>
<doc>Fails if ``string`` does not match ``pattern`` as a regular expression.</doc>
<status status="PASS" start="2024-05-15T22:16:20.656058" elapsed="0.000368"/>
</kw>
<kw name="Should Match Regexp" owner="BuiltIn">
<arg>${json_data['results'][0]['picture']['large']}</arg>
<arg>^https?://.*\.(?:png|jpe?g|gif|bmp)$</arg>
<doc>Fails if ``string`` does not match ``pattern`` as a regular expression.</doc>
<status status="PASS" start="2024-05-15T22:16:20.656679" elapsed="0.000475"/>
</kw>
<kw name="Should Match Regexp" owner="BuiltIn">
<arg>${json_data['results'][0]['picture']['medium']}</arg>
<arg>^https?://.*\.(?:png|jpe?g|gif|bmp)$</arg>
<doc>Fails if ``string`` does not match ``pattern`` as a regular expression.</doc>
<status status="PASS" start="2024-05-15T22:16:20.657346" elapsed="0.000357"/>
</kw>
<kw name="Should Match Regexp" owner="BuiltIn">
<arg>${json_data['results'][0]['picture']['thumbnail']}</arg>
<arg>^https?://.*\.(?:png|jpe?g|gif|bmp)$</arg>
<doc>Fails if ``string`` does not match ``pattern`` as a regular expression.</doc>
<status status="PASS" start="2024-05-15T22:16:20.657896" elapsed="0.000353"/>
</kw>
<kw name="Log" owner="BuiltIn">
<msg time="2024-05-15T22:16:20.658754" level="INFO">{'large': 'https://randomuser.me/api/portraits/men/46.jpg', 'medium': 'https://randomuser.me/api/portraits/med/men/46.jpg', 'thumbnail': 'https://randomuser.me/api/portraits/thumb/men/46.jpg'}</msg>
<arg>${json_data['results'][0]['picture']}</arg>
<doc>Logs the given message with the given level.</doc>
<status status="PASS" start="2024-05-15T22:16:20.658432" elapsed="0.000366"/>
</kw>
<status status="PASS" start="2024-05-15T22:16:20.563169" elapsed="0.095892"/>
</kw>
<kw name="Teste de Tipos de Dados - Postcode" owner="random-user-service">
<kw name="GET On Session" owner="RequestsLibrary">
<msg time="2024-05-15T22:16:20.750336" level="INFO">GET Request : url=https://randomuser.me/api 
 path_url=/api 
 headers={'User-Agent': 'python-requests/2.31.0', 'Accept-Encoding': 'gzip, deflate', 'Accept': '*/*', 'Connection': 'keep-alive'} 
 body=None 
 </msg>
<msg time="2024-05-15T22:16:20.750435" level="INFO">GET Response : url=https://randomuser.me/api 
 status=200, reason=OK 
 headers={'Date': 'Wed, 15 May 2024 22:16:20 GMT', 'Content-Type': 'application/json; charset=utf-8', 'Transfer-Encoding': 'chunked', 'Connection': 'keep-alive', 'X-Powered-By': 'Express', 'Access-Control-Allow-Origin': '*', 'Cache-Control': 'no-cache', 'ETag': 'W/"483-u+jOOsjFDa+UVtGxI8d8Gbbj3IY"', 'Vary': 'Accept-Encoding', 'Content-Encoding': 'gzip', 'CF-Cache-Status': 'DYNAMIC', 'Report-To': '{"endpoints":[{"url":"https:\\/\\/a.nel.cloudflare.com\\/report\\/v4?s=XbUGU2MvS6ZXzHNq9pch22DqdYgxd5WHIx2lE6NEijArgFrlp7oUCAnxb6uXnSana00f8jqctqHOC8m3TQ1PuokKCSjwLGmcOUBpqzmXwMfjtm4rpIbJnabvbex%2BGY9X"}],"group":"cf-nel","max_age":604800}', 'NEL': '{"success_fraction":0,"report_to":"cf-nel","max_age":604800}', 'Server': 'cloudflare', 'CF-RAY': '88467de92e72cea8-SJC', 'alt-svc': 'h3=":443"; ma=86400'} 
 body={"results":[{"gender":"male","name":{"title":"Mr","first":"Tracy","last":"Pearson"},"location":{"street":{"number":4663,"name":"Washington Ave"},"city":"Eugene","state":"Utah","country":"United States","postcode":36079,"coordinates":{"latitude":"86.7222","longitude":"-51.5692"},"timezone":{"offset":"-11:00","description":"Midway Island, Samoa"}},"email":"tracy.pearson@example.com","login":{"uuid":"ea07f4d4-b204-435d-acdb-caf13f24ecc7","username":"ticklishpanda794","password":"shinobi","salt":"Tjbrow1z","md5":"3986e6d9b357ef49faf7bd712e79554c","sha1":"c660e3b8d952b520dcf9a9a753eca163b7fc7541","sha256":"f18928575cb397ee617bea666d3a18b3b16699298913a4cc9913f6f36e35fdb2"},"dob":{"date":"1981-02-17T17:50:13.513Z","age":43},"registered":{"date":"2021-07-08T21:43:36.704Z","age":2},"phone":"(391) 498-7417","cell":"(391) 452-5329","id":{"name":"SSN","value":"528-45-0298"},"picture":{"large":"https://randomuser.me/api/portraits/men/9.jpg","medium":"https://randomuser.me/api/portraits/med/men/9.jpg","thumbnail":"https://randomuser.me/api/portraits/thumb/men/9.jpg"},"nat":"US"}],"info":{"seed":"c3a4e2f3b8b65b5f","results":1,"page":1,"version":"1.4"}} 
 </msg>
<msg time="2024-05-15T22:16:20.750503" level="INFO">/opt/hostedtoolcache/Python/3.12.3/x64/lib/python3.12/site-packages/urllib3/connectionpool.py:1103: InsecureRequestWarning: Unverified HTTPS request is being made to host 'randomuser.me'. Adding certificate verification is strongly advised. See: https://urllib3.readthedocs.io/en/latest/advanced-usage.html#tls-warnings
  warnings.warn(</msg>
<msg time="2024-05-15T22:16:20.750628" level="INFO">${response} = &lt;Response [200]&gt;</msg>
<var>${response}</var>
<arg>consultarAPI</arg>
<arg>/api</arg>
<doc>Sends a GET request on a previously created HTTP Session.</doc>
<status status="PASS" start="2024-05-15T22:16:20.659532" elapsed="0.091138"/>
</kw>
<kw name="Set Variable" owner="BuiltIn">
<msg time="2024-05-15T22:16:20.751876" level="INFO">${json_data} = {'results': [{'gender': 'male', 'name': {'title': 'Mr', 'first': 'Tracy', 'last': 'Pearson'}, 'location': {'street': {'number': 4663, 'name': 'Washington Ave'}, 'city': 'Eugene', 'state': 'Utah', 'cou...</msg>
<var>${json_data}</var>
<arg>${response.json()}</arg>
<doc>Returns the given values which can then be assigned to a variables.</doc>
<status status="PASS" start="2024-05-15T22:16:20.751293" elapsed="0.000612"/>
</kw>
<kw name="Log" owner="BuiltIn">
<msg time="2024-05-15T22:16:20.752383" level="INFO">{'results': [{'gender': 'male', 'name': {'title': 'Mr', 'first': 'Tracy', 'last': 'Pearson'}, 'location': {'street': {'number': 4663, 'name': 'Washington Ave'}, 'city': 'Eugene', 'state': 'Utah', 'country': 'United States', 'postcode': 36079, 'coordinates': {'latitude': '86.7222', 'longitude': '-51.5692'}, 'timezone': {'offset': '-11:00', 'description': 'Midway Island, Samoa'}}, 'email': 'tracy.pearson@example.com', 'login': {'uuid': 'ea07f4d4-b204-435d-acdb-caf13f24ecc7', 'username': 'ticklishpanda794', 'password': 'shinobi', 'salt': 'Tjbrow1z', 'md5': '3986e6d9b357ef49faf7bd712e79554c', 'sha1': 'c660e3b8d952b520dcf9a9a753eca163b7fc7541', 'sha256': 'f18928575cb397ee617bea666d3a18b3b16699298913a4cc9913f6f36e35fdb2'}, 'dob': {'date': '1981-02-17T17:50:13.513Z', 'age': 43}, 'registered': {'date': '2021-07-08T21:43:36.704Z', 'age': 2}, 'phone': '(391) 498-7417', 'cell': '(391) 452-5329', 'id': {'name': 'SSN', 'value': '528-45-0298'}, 'picture': {'large': 'https://randomuser.me/api/portraits/men/9.jpg', 'medium': 'https://randomuser.me/api/portraits/med/men/9.jpg', 'thumbnail': 'https://randomuser.me/api/portraits/thumb/men/9.jpg'}, 'nat': 'US'}], 'info': {'seed': 'c3a4e2f3b8b65b5f', 'results': 1, 'page': 1, 'version': '1.4'}}</msg>
<arg>${json_data}</arg>
<doc>Logs the given message with the given level.</doc>
<status status="PASS" start="2024-05-15T22:16:20.752223" elapsed="0.000292"/>
</kw>
<kw name="Should Be Equal As Numbers" owner="BuiltIn">
<arg>${json_data['results'][0]['location']['postcode']}</arg>
<arg>${json_data['results'][0]['location']['postcode']}</arg>
<doc>Fails if objects are unequal after converting them to real numbers.</doc>
<status status="PASS" start="2024-05-15T22:16:20.753024" elapsed="0.000625"/>
</kw>
<kw name="Log" owner="BuiltIn">
<msg time="2024-05-15T22:16:20.754181" level="INFO">36079</msg>
<arg>${json_data['results'][0]['location']['postcode']}</arg>
<doc>Logs the given message with the given level.</doc>
<status status="PASS" start="2024-05-15T22:16:20.753845" elapsed="0.000377"/>
</kw>
<status status="PASS" start="2024-05-15T22:16:20.659297" elapsed="0.095183"/>
</kw>
<doc>Testa se os tipos de dados na resposta da API estão corretos.</doc>
<tag>testeTiposDados</tag>
<status status="PASS" start="2024-05-15T22:16:20.562693" elapsed="0.191958"/>
</test>
<test id="s1-s1-t5" name="Validar conteudo" line="35">
<kw name="Teste de Tipos de Conteudo" owner="random-user-service">
<kw name="GET On Session" owner="RequestsLibrary">
<msg time="2024-05-15T22:16:20.854392" level="INFO">GET Request : url=https://randomuser.me/api 
 path_url=/api 
 headers={'User-Agent': 'python-requests/2.31.0', 'Accept-Encoding': 'gzip, deflate', 'Accept': '*/*', 'Connection': 'keep-alive'} 
 body=None 
 </msg>
<msg time="2024-05-15T22:16:20.854507" level="INFO">GET Response : url=https://randomuser.me/api 
 status=200, reason=OK 
 headers={'Date': 'Wed, 15 May 2024 22:16:20 GMT', 'Content-Type': 'application/json; charset=utf-8', 'Transfer-Encoding': 'chunked', 'Connection': 'keep-alive', 'X-Powered-By': 'Express', 'Access-Control-Allow-Origin': '*', 'Cache-Control': 'no-cache', 'ETag': 'W/"4a7-OuCbnssTXYKkOdR/2PgfUixeWwU"', 'Vary': 'Accept-Encoding', 'Content-Encoding': 'gzip', 'CF-Cache-Status': 'DYNAMIC', 'Report-To': '{"endpoints":[{"url":"https:\\/\\/a.nel.cloudflare.com\\/report\\/v4?s=%2Ff%2F8V5O%2Bj9RYpkSMnRbdK5KqF%2Fi1Z64JlPKrDK7J3JjOHbAq4qP1XgrvQ03Hz0XzGEpUygDg1dNd5JeeTdDS7JobS6M8ZCLgd%2Ba118B%2Fsw7XflBXZdml2sjUAjXKslhN"}],"group":"cf-nel","max_age":604800}', 'NEL': '{"success_fraction":0,"report_to":"cf-nel","max_age":604800}', 'Server': 'cloudflare', 'CF-RAY': '88467de9bf02cea8-SJC', 'alt-svc': 'h3=":443"; ma=86400'} 
 body={"results":[{"gender":"male","name":{"title":"Mr","first":"Witold","last":"Dudek"},"location":{"street":{"number":2339,"name":"Beethovenstraße"},"city":"Auma-Weidatal","state":"Rheinland-Pfalz","country":"Germany","postcode":82214,"coordinates":{"latitude":"-50.4185","longitude":"-146.6123"},"timezone":{"offset":"-4:00","description":"Atlantic Time (Canada), Caracas, La Paz"}},"email":"witold.dudek@example.com","login":{"uuid":"f24310ac-98a1-42cd-b802-9c2e7dfbc2aa","username":"beautifulcat652","password":"kendall","salt":"LHNekWZn","md5":"2915c98355934698dab9815773b3d451","sha1":"dc7db83b3cb7c03f9842246fc753a7f6e64420f0","sha256":"32e7bc142000dd38d026ed05e833f5ce46b2c82e09263ba15f43691fe3493b73"},"dob":{"date":"1988-04-11T06:53:15.021Z","age":36},"registered":{"date":"2005-10-09T08:37:51.933Z","age":18},"phone":"0489-7716632","cell":"0173-6011062","id":{"name":"SVNR","value":"64 110488 D 023"},"picture":{"large":"https://randomuser.me/api/portraits/men/89.jpg","medium":"https://randomuser.me/api/portraits/med/men/89.jpg","thumbnail":"https://randomuser.me/api/portraits/thumb/men/89.jpg"},"nat":"DE"}],"info":{"seed":"8906ba2b4953604c","results":1,"page":1,"version":"1.4"}} 
 </msg>
<msg time="2024-05-15T22:16:20.854610" level="INFO">/opt/hostedtoolcache/Python/3.12.3/x64/lib/python3.12/site-packages/urllib3/connectionpool.py:1103: InsecureRequestWarning: Unverified HTTPS request is being made to host 'randomuser.me'. Adding certificate verification is strongly advised. See: https://urllib3.readthedocs.io/en/latest/advanced-usage.html#tls-warnings
  warnings.warn(</msg>
<msg time="2024-05-15T22:16:20.854759" level="INFO">${response} = &lt;Response [200]&gt;</msg>
<var>${response}</var>
<arg>consultarAPI</arg>
<arg>/api</arg>
<doc>Sends a GET request on a previously created HTTP Session.</doc>
<status status="PASS" start="2024-05-15T22:16:20.757147" elapsed="0.097652"/>
</kw>
<kw name="Set Variable" owner="BuiltIn">
<msg time="2024-05-15T22:16:20.856022" level="INFO">${json_data} = {'results': [{'gender': 'male', 'name': {'title': 'Mr', 'first': 'Witold', 'last': 'Dudek'}, 'location': {'street': {'number': 2339, 'name': 'Beethovenstraße'}, 'city': 'Auma-Weidatal', 'state': 'Rhei...</msg>
<var>${json_data}</var>
<arg>${response.json()}</arg>
<doc>Returns the given values which can then be assigned to a variables.</doc>
<status status="PASS" start="2024-05-15T22:16:20.855430" elapsed="0.000622"/>
</kw>
<kw name="Set Variable" owner="BuiltIn">
<msg time="2024-05-15T22:16:20.856795" level="INFO">${name_title} = Mr</msg>
<var>${name_title}</var>
<arg>${json_data["results"][0]["name"]["title"]}</arg>
<doc>Returns the given values which can then be assigned to a variables.</doc>
<status status="PASS" start="2024-05-15T22:16:20.856368" elapsed="0.000453"/>
</kw>
<kw name="Create List" owner="BuiltIn">
<msg time="2024-05-15T22:16:20.857273" level="INFO">${allowed_titles} = ['Mr', 'Ms', 'Miss', 'Mrs', 'Madame', 'Monsieur']</msg>
<var>${allowed_titles}</var>
<arg>Mr</arg>
<arg>Ms</arg>
<arg>Miss</arg>
<arg>Mrs</arg>
<arg>Madame</arg>
<arg>Monsieur</arg>
<doc>Returns a list containing given items.</doc>
<status status="PASS" start="2024-05-15T22:16:20.857125" elapsed="0.000173"/>
</kw>
<kw name="List Should Contain Value" owner="Collections">
<msg time="2024-05-15T22:16:20.857773" level="INFO">False</msg>
<arg>${allowed_titles}</arg>
<arg>${name_title}</arg>
<doc>Fails if the ``value`` is not found from ``list``.</doc>
<status status="PASS" start="2024-05-15T22:16:20.857599" elapsed="0.000211"/>
</kw>
<kw name="Set Variable" owner="BuiltIn">
<msg time="2024-05-15T22:16:20.858510" level="INFO">${name_country} = DE</msg>
<var>${name_country}</var>
<arg>${json_data["results"][0]["nat"]}</arg>
<doc>Returns the given values which can then be assigned to a variables.</doc>
<status status="PASS" start="2024-05-15T22:16:20.858117" elapsed="0.000418"/>
</kw>
<kw name="Create List" owner="BuiltIn">
<msg time="2024-05-15T22:16:20.859433" level="INFO">${list_country} = ['AD', 'AE', 'AF', 'AG', 'AI', 'AL', 'AM', 'AO', 'AQ', 'AR', 'AS', 'AT', 'AU', 'AW', 'AX', 'AZ', 'BA', 'BB', 'BD', 'BE', 'BF', 'BG', 'BH', 'BI', 'BJ', 'BL', 'BM', 'BN', 'BO', 'BQ', 'BR', 'BS', 'BT', '...</msg>
<var>${list_country}</var>
<arg>AD</arg>
<arg>AE</arg>
<arg>AF</arg>
<arg>AG</arg>
<arg>AI</arg>
<arg>AL</arg>
<arg>AM</arg>
<arg>AO</arg>
<arg>AQ</arg>
<arg>AR</arg>
<arg>AS</arg>
<arg>AT</arg>
<arg>AU</arg>
<arg>AW</arg>
<arg>AX</arg>
<arg>AZ</arg>
<arg>BA</arg>
<arg>BB</arg>
<arg>BD</arg>
<arg>BE</arg>
<arg>BF</arg>
<arg>BG</arg>
<arg>BH</arg>
<arg>BI</arg>
<arg>BJ</arg>
<arg>BL</arg>
<arg>BM</arg>
<arg>BN</arg>
<arg>BO</arg>
<arg>BQ</arg>
<arg>BR</arg>
<arg>BS</arg>
<arg>BT</arg>
<arg>BV</arg>
<arg>BW</arg>
<arg>BY</arg>
<arg>BZ</arg>
<arg>CA</arg>
<arg>CC</arg>
<arg>CD</arg>
<arg>CF</arg>
<arg>CG</arg>
<arg>CH</arg>
<arg>CI</arg>
<arg>CK</arg>
<arg>CL</arg>
<arg>CM</arg>
<arg>CN</arg>
<arg>CO</arg>
<arg>CR</arg>
<arg>CU</arg>
<arg>CV</arg>
<arg>CW</arg>
<arg>CX</arg>
<arg>CY</arg>
<arg>CZ</arg>
<arg>DE</arg>
<arg>DJ</arg>
<arg>DK</arg>
<arg>DM</arg>
<arg>DO</arg>
<arg>DZ</arg>
<arg>EC</arg>
<arg>EE</arg>
<arg>EG</arg>
<arg>EH</arg>
<arg>ER</arg>
<arg>ES</arg>
<arg>ET</arg>
<arg>FI</arg>
<arg>FJ</arg>
<arg>FK</arg>
<arg>FM</arg>
<arg>FO</arg>
<arg>FR</arg>
<arg>GA</arg>
<arg>GB</arg>
<arg>GD</arg>
<arg>GE</arg>
<arg>GF</arg>
<arg>GG</arg>
<arg>GH</arg>
<arg>GI</arg>
<arg>GL</arg>
<arg>GM</arg>
<arg>GN</arg>
<arg>GP</arg>
<arg>GQ</arg>
<arg>GR</arg>
<arg>GS</arg>
<arg>GT</arg>
<arg>GU</arg>
<arg>GW</arg>
<arg>GY</arg>
<arg>HK</arg>
<arg>HM</arg>
<arg>HN</arg>
<arg>HR</arg>
<arg>HT</arg>
<arg>HU</arg>
<arg>ID</arg>
<arg>IE</arg>
<arg>IL</arg>
<arg>IM</arg>
<arg>IN</arg>
<arg>IO</arg>
<arg>IQ</arg>
<arg>IR</arg>
<arg>IS</arg>
<arg>IT</arg>
<arg>JE</arg>
<arg>JM</arg>
<arg>JO</arg>
<arg>JP</arg>
<arg>KE</arg>
<arg>KG</arg>
<arg>KH</arg>
<arg>KI</arg>
<arg>KM</arg>
<arg>KN</arg>
<arg>KP</arg>
<arg>KR</arg>
<arg>KW</arg>
<arg>KY</arg>
<arg>KZ</arg>
<arg>LA</arg>
<arg>LB</arg>
<arg>LC</arg>
<arg>LI</arg>
<arg>LK</arg>
<arg>LR</arg>
<arg>LS</arg>
<arg>LT</arg>
<arg>LU</arg>
<arg>LV</arg>
<arg>LY</arg>
<arg>MA</arg>
<arg>MC</arg>
<arg>MD</arg>
<arg>ME</arg>
<arg>MF</arg>
<arg>MG</arg>
<arg>MH</arg>
<arg>MK</arg>
<arg>ML</arg>
<arg>MM</arg>
<arg>MN</arg>
<arg>MO</arg>
<arg>MP</arg>
<arg>MQ</arg>
<arg>MR</arg>
<arg>MS</arg>
<arg>MT</arg>
<arg>MU</arg>
<arg>MV</arg>
<arg>MW</arg>
<arg>MX</arg>
<arg>MY</arg>
<arg>MZ</arg>
<arg>NA</arg>
<arg>NC</arg>
<arg>NE</arg>
<arg>NF</arg>
<arg>NG</arg>
<arg>NI</arg>
<arg>NL</arg>
<arg>NO</arg>
<arg>NP</arg>
<arg>NR</arg>
<arg>NU</arg>
<arg>NZ</arg>
<arg>OM</arg>
<arg>PA</arg>
<arg>PE</arg>
<arg>PF</arg>
<arg>PG</arg>
<arg>PH</arg>
<arg>PK</arg>
<arg>PL</arg>
<arg>PM</arg>
<arg>PN</arg>
<arg>PR</arg>
<arg>PS</arg>
<arg>PT</arg>
<arg>PW</arg>
<arg>PY</arg>
<arg>QA</arg>
<arg>RE</arg>
<arg>RO</arg>
<arg>RS</arg>
<arg>RU</arg>
<arg>RW</arg>
<arg>SA</arg>
<arg>SB</arg>
<arg>SC</arg>
<arg>SD</arg>
<arg>SE</arg>
<arg>SG</arg>
<arg>SH</arg>
<arg>SI</arg>
<arg>SJ</arg>
<arg>SK</arg>
<arg>SL</arg>
<arg>SM</arg>
<arg>SN</arg>
<arg>SO</arg>
<arg>SR</arg>
<arg>SS</arg>
<arg>ST</arg>
<arg>SV</arg>
<arg>SX</arg>
<arg>SY</arg>
<arg>SZ</arg>
<arg>TC</arg>
<arg>TD</arg>
<arg>TF</arg>
<arg>TG</arg>
<arg>TH</arg>
<arg>TJ</arg>
<arg>TK</arg>
<arg>TL</arg>
<arg>TM</arg>
<arg>TN</arg>
<arg>TO</arg>
<arg>TR</arg>
<arg>TT</arg>
<arg>TV</arg>
<arg>TW</arg>
<arg>TZ</arg>
<arg>UA</arg>
<arg>UG</arg>
<arg>UM</arg>
<arg>US</arg>
<arg>UY</arg>
<arg>UZ</arg>
<arg>VA</arg>
<arg>VC</arg>
<arg>VE</arg>
<arg>VG</arg>
<arg>VI</arg>
<arg>VN</arg>
<arg>VU</arg>
<arg>WF</arg>
<arg>WS</arg>
<arg>XK</arg>
<arg>YE</arg>
<arg>YT</arg>
<arg>ZA</arg>
<arg>ZM</arg>
<arg>ZW</arg>
<doc>Returns a list containing given items.</doc>
<status status="PASS" start="2024-05-15T22:16:20.858840" elapsed="0.000618"/>
</kw>
<kw name="List Should Contain Value" owner="Collections">
<msg time="2024-05-15T22:16:20.860445" level="INFO">False</msg>
<arg>${list_country}</arg>
<arg>${name_country}</arg>
<doc>Fails if the ``value`` is not found from ``list``.</doc>
<status status="PASS" start="2024-05-15T22:16:20.860245" elapsed="0.000269"/>
</kw>
<kw name="Run Keyword If" owner="BuiltIn">
<kw name="Should Be True" owner="BuiltIn">
<arg>${True}</arg>
<doc>Fails if the given condition is not true.</doc>
<status status="PASS" start="2024-05-15T22:16:20.861588" elapsed="0.000260"/>
</kw>
<arg>${json_data["results"][0]["location"]["coordinates"]["latitude"]} &gt;= -90 and ${json_data["results"][0]["location"]["coordinates"]["latitude"]} &lt;= 90</arg>
<arg>Should Be True</arg>
<arg>${True}</arg>
<doc>Runs the given keyword with the given arguments, if ``condition`` is true.</doc>
<status status="PASS" start="2024-05-15T22:16:20.860837" elapsed="0.001143"/>
</kw>
<kw name="Run Keyword If" owner="BuiltIn">
<kw name="Should Be True" owner="BuiltIn">
<arg>${True}</arg>
<doc>Fails if the given condition is not true.</doc>
<status status="PASS" start="2024-05-15T22:16:20.862858" elapsed="0.000137"/>
</kw>
<arg>${json_data["results"][0]["location"]["coordinates"]["longitude"]} &gt;= -180 and ${json_data["results"][0]["location"]["coordinates"]["longitude"]} &lt;= 180</arg>
<arg>Should Be True</arg>
<arg>${True}</arg>
<doc>Runs the given keyword with the given arguments, if ``condition`` is true.</doc>
<status status="PASS" start="2024-05-15T22:16:20.862166" elapsed="0.000951"/>
</kw>
<status status="PASS" start="2024-05-15T22:16:20.756916" elapsed="0.106334"/>
</kw>
<doc>Testa o conteúdo específico dos campos retornados pela API.</doc>
<tag>testeConteudo</tag>
<status status="PASS" start="2024-05-15T22:16:20.756432" elapsed="0.106972"/>
</test>
<status status="PASS" start="2024-05-15T22:16:19.977540" elapsed="0.887898"/>
</suite>
<status status="PASS" start="2024-05-15T22:16:19.963977" elapsed="0.906644"/>
</suite>
<statistics>
<total>
<stat pass="5" fail="0" skip="0">All Tests</stat>
</total>
<tag>
<stat pass="1" fail="0" skip="0">testeConteudo</stat>
<stat pass="1" fail="0" skip="0">testeEstruturaResposta</stat>
<stat pass="1" fail="0" skip="0">testeRequisicaoBasica</stat>
<stat pass="1" fail="0" skip="0">testeTiposDados</stat>
</tag>
<suite>
<stat pass="5" fail="0" skip="0" id="s1" name="Tests">Tests</stat>
<stat pass="5" fail="0" skip="0" id="s1-s1" name="Random-User-Test">Tests.Random-User-Test</stat>
</suite>
</statistics>
<errors>
</errors>
</robot>
