<?xml version="1.0" encoding="UTF-8"?>
<robot generator="Robot 7.0 (Python 3.12.3 on linux)" generated="2024-04-26T16:18:09.575395" rpa="false" schemaversion="5">
<suite id="s1" name="Tests" source="/home/runner/work/DesafioQAItauRogerioJordao/DesafioQAItauRogerioJordao/RamdonUser/tests">
<suite id="s1-s1" name="Random-User-Test" source="/home/runner/work/DesafioQAItauRogerioJordao/DesafioQAItauRogerioJordao/RamdonUser/tests/random-user-test.robot">
<test id="s1-s1-t1" name="Conectar" line="13">
<kw name="Conectar API" owner="random-user-service">
<kw name="Create Session" owner="RequestsLibrary">
<msg time="2024-04-26T16:18:09.939143" level="INFO">Creating Session using : alias=consultarAPI, url=https://randomuser.me/, headers={},                     cookies={}, auth=None, timeout=None, proxies=None, verify=False,                     debug=0 </msg>
<arg>consultarAPI</arg>
<arg>${URL}</arg>
<doc>Create Session: create a HTTP session to a server</doc>
<status status="PASS" start="2024-04-26T16:18:09.938951" elapsed="0.000365"/>
</kw>
<status status="PASS" start="2024-04-26T16:18:09.937992" elapsed="0.001721"/>
</kw>
<status status="PASS" start="2024-04-26T16:18:09.937391" elapsed="0.002515"/>
</test>
<test id="s1-s1-t2" name="Validar retorno 200 e JSON Válido" line="16">
<kw name="Teste de Requisicao Basica" owner="random-user-service">
<kw name="GET On Session" owner="RequestsLibrary">
<msg time="2024-04-26T16:18:10.031786" level="INFO">GET Request : url=https://randomuser.me/api 
 path_url=/api 
 headers={'User-Agent': 'python-requests/2.31.0', 'Accept-Encoding': 'gzip, deflate', 'Accept': '*/*', 'Connection': 'keep-alive'} 
 body=None 
 </msg>
<msg time="2024-04-26T16:18:10.031912" level="INFO">GET Response : url=https://randomuser.me/api 
 status=200, reason=OK 
 headers={'Date': 'Fri, 26 Apr 2024 16:18:10 GMT', 'Content-Type': 'application/json; charset=utf-8', 'Transfer-Encoding': 'chunked', 'Connection': 'keep-alive', 'X-Powered-By': 'Express', 'Access-Control-Allow-Origin': '*', 'Cache-Control': 'no-cache', 'ETag': 'W/"48b-jfqyJ26ukLYXGvaoa5jH05Kxl7s"', 'Vary': 'Accept-Encoding', 'Content-Encoding': 'gzip', 'CF-Cache-Status': 'DYNAMIC', 'Report-To': '{"endpoints":[{"url":"https:\\/\\/a.nel.cloudflare.com\\/report\\/v4?s=%2BiUfkqxwgeNiRc44pSz11Rxqado7vrEdBUhQUSxmeV3iMpIRZTexDaAOJkPmq0x%2BtDrRSjWd0BWsaxWxEjMR6xRtViRX9L1QNaZNhhrb5H25jWMOIgb3I82OXTJEGFPl"}],"group":"cf-nel","max_age":604800}', 'NEL': '{"success_fraction":0,"report_to":"cf-nel","max_age":604800}', 'Server': 'cloudflare', 'CF-RAY': '87a7e31c6d5e20d2-IAD', 'alt-svc': 'h3=":443"; ma=86400'} 
 body={"results":[{"gender":"female","name":{"title":"Ms","first":"Willelmina","last":"Araújo"},"location":{"street":{"number":652,"name":"Rua Treze de Maio "},"city":"Varginha","state":"Ceará","country":"Brazil","postcode":67450,"coordinates":{"latitude":"-74.2257","longitude":"18.7765"},"timezone":{"offset":"-9:00","description":"Alaska"}},"email":"willelmina.araujo@example.com","login":{"uuid":"f0c21df3-abcd-4e77-af9e-7dc0f9fd7273","username":"tinyladybug855","password":"maradona","salt":"SV26ECA8","md5":"861ead15264f708198effdd9d3d9a83f","sha1":"252f53004dad26ab9cfc02ad03a071854b0a89cc","sha256":"6be24253c442b27211da81739ff48678bb4b43ee468d1ca29fa3d739171822cc"},"dob":{"date":"1987-11-24T09:28:40.370Z","age":36},"registered":{"date":"2003-05-31T10:04:34.833Z","age":20},"phone":"(59) 8414-2612","cell":"(57) 7118-8488","id":{"name":"CPF","value":"161.023.507-59"},"picture":{"large":"https://randomuser.me/api/portraits/women/94.jpg","medium":"https://randomuser.me/api/portraits/med/women/94.jpg","thumbnail":"https://randomuser.me/api/portraits/thumb/women/94.jpg"},"nat":"BR"}],"info":{"seed":"be39ebda959df68e","results":1,"page":1,"version":"1.4"}} 
 </msg>
<msg time="2024-04-26T16:18:10.031984" level="INFO">/opt/hostedtoolcache/Python/3.12.3/x64/lib/python3.12/site-packages/urllib3/connectionpool.py:1103: InsecureRequestWarning: Unverified HTTPS request is being made to host 'randomuser.me'. Adding certificate verification is strongly advised. See: https://urllib3.readthedocs.io/en/latest/advanced-usage.html#tls-warnings
  warnings.warn(</msg>
<msg time="2024-04-26T16:18:10.032201" level="INFO">${response} = &lt;Response [200]&gt;</msg>
<var>${response}</var>
<arg>consultarAPI</arg>
<arg>/api</arg>
<doc>Sends a GET request on a previously created HTTP Session.</doc>
<status status="PASS" start="2024-04-26T16:18:09.942521" elapsed="0.089713"/>
</kw>
<kw name="Should Be Equal As Numbers" owner="BuiltIn">
<msg time="2024-04-26T16:18:10.033048" level="INFO">Argument types are:
&lt;class 'int'&gt;
&lt;class 'str'&gt;</msg>
<arg>${response.status_code}</arg>
<arg>200</arg>
<doc>Fails if objects are unequal after converting them to real numbers.</doc>
<status status="PASS" start="2024-04-26T16:18:10.032644" elapsed="0.000466"/>
</kw>
<kw name="Log" owner="BuiltIn">
<msg time="2024-04-26T16:18:10.033784" level="INFO">200</msg>
<arg>${response.status_code}</arg>
<doc>Logs the given message with the given level.</doc>
<status status="PASS" start="2024-04-26T16:18:10.033434" elapsed="0.000391"/>
</kw>
<kw name="Set Variable" owner="BuiltIn">
<msg time="2024-04-26T16:18:10.034555" level="INFO">${json_data} = {'results': [{'gender': 'female', 'name': {'title': 'Ms', 'first': 'Willelmina', 'last': 'Araújo'}, 'location': {'street': {'number': 652, 'name': 'Rua Treze de Maio '}, 'city': 'Varginha', 'state': '...</msg>
<var>${json_data}</var>
<arg>${response.json()}</arg>
<doc>Returns the given values which can then be assigned to a variables.</doc>
<status status="PASS" start="2024-04-26T16:18:10.034126" elapsed="0.000457"/>
</kw>
<kw name="Dictionary Should Contain Key" owner="Collections">
<msg time="2024-04-26T16:18:10.035049" level="INFO">False</msg>
<arg>${json_data}</arg>
<arg>results</arg>
<doc>Fails if ``key`` is not found from ``dictionary``.</doc>
<status status="PASS" start="2024-04-26T16:18:10.034880" elapsed="0.000208"/>
</kw>
<status status="PASS" start="2024-04-26T16:18:09.942278" elapsed="0.093064"/>
</kw>
<doc>Testa se a API responde corretamente e retorna um objeto JSON válido.</doc>
<tag>testeRequisicaoBasica</tag>
<status status="PASS" start="2024-04-26T16:18:09.941756" elapsed="0.093787"/>
</test>
<test id="s1-s1-t3" name="Validar estrutura de resposta" line="22">
<kw name="Teste de Estrutura de Resposta" owner="random-user-service">
<kw name="GET On Session" owner="RequestsLibrary">
<msg time="2024-04-26T16:18:10.127538" level="INFO">GET Request : url=https://randomuser.me/api 
 path_url=/api 
 headers={'User-Agent': 'python-requests/2.31.0', 'Accept-Encoding': 'gzip, deflate', 'Accept': '*/*', 'Connection': 'keep-alive'} 
 body=None 
 </msg>
<msg time="2024-04-26T16:18:10.127641" level="INFO">GET Response : url=https://randomuser.me/api 
 status=200, reason=OK 
 headers={'Date': 'Fri, 26 Apr 2024 16:18:10 GMT', 'Content-Type': 'application/json; charset=utf-8', 'Transfer-Encoding': 'chunked', 'Connection': 'keep-alive', 'X-Powered-By': 'Express', 'Access-Control-Allow-Origin': '*', 'Cache-Control': 'no-cache', 'ETag': 'W/"4a3-U9RYzE9ZW6nkJT74eKvzRbsYGbA"', 'Vary': 'Accept-Encoding', 'Content-Encoding': 'gzip', 'CF-Cache-Status': 'DYNAMIC', 'Report-To': '{"endpoints":[{"url":"https:\\/\\/a.nel.cloudflare.com\\/report\\/v4?s=TX2atbtoGTRUNE3oQHHzMrRd7N3PtGUJikMVoRrfcqZSMAxdR2qjuiDqGrfFvtagmvf59eOXkalTAMw76Lo64KRUjzRH7vO6C3DLh1xIZkzg6WjZ29djWJdVvdMh9LSf"}],"group":"cf-nel","max_age":604800}', 'NEL': '{"success_fraction":0,"report_to":"cf-nel","max_age":604800}', 'Server': 'cloudflare', 'CF-RAY': '87a7e31ccdd420d2-IAD', 'alt-svc': 'h3=":443"; ma=86400'} 
 body={"results":[{"gender":"female","name":{"title":"Mrs","first":"Ilona","last":"Wuori"},"location":{"street":{"number":6471,"name":"Nordenskiöldinkatu"},"city":"Karjalohja","state":"Tavastia Proper","country":"Finland","postcode":82910,"coordinates":{"latitude":"-23.7795","longitude":"117.7169"},"timezone":{"offset":"-7:00","description":"Mountain Time (US &amp; Canada)"}},"email":"ilona.wuori@example.com","login":{"uuid":"6f62a73d-c7b9-4702-ba21-cb2fbb736902","username":"beautifulrabbit771","password":"bombay","salt":"BQJEak7P","md5":"94b17e3bda81b4d378586449f42359da","sha1":"3d43fea0575268adb05419fa7af975cabb733038","sha256":"b77852b78f04a63f912011e94b0a12c71bd3baa5905ed83aa3602df5c2efabf6"},"dob":{"date":"1953-12-27T09:35:57.231Z","age":70},"registered":{"date":"2021-08-03T06:57:09.526Z","age":2},"phone":"07-414-501","cell":"041-976-87-99","id":{"name":"HETU","value":"NaNNA038undefined"},"picture":{"large":"https://randomuser.me/api/portraits/women/70.jpg","medium":"https://randomuser.me/api/portraits/med/women/70.jpg","thumbnail":"https://randomuser.me/api/portraits/thumb/women/70.jpg"},"nat":"FI"}],"info":{"seed":"7b99172f6890e925","results":1,"page":1,"version":"1.4"}} 
 </msg>
<msg time="2024-04-26T16:18:10.127783" level="INFO">/opt/hostedtoolcache/Python/3.12.3/x64/lib/python3.12/site-packages/urllib3/connectionpool.py:1103: InsecureRequestWarning: Unverified HTTPS request is being made to host 'randomuser.me'. Adding certificate verification is strongly advised. See: https://urllib3.readthedocs.io/en/latest/advanced-usage.html#tls-warnings
  warnings.warn(</msg>
<msg time="2024-04-26T16:18:10.127913" level="INFO">${response} = &lt;Response [200]&gt;</msg>
<var>${response}</var>
<arg>consultarAPI</arg>
<arg>/api</arg>
<doc>Sends a GET request on a previously created HTTP Session.</doc>
<status status="PASS" start="2024-04-26T16:18:10.038416" elapsed="0.089549"/>
</kw>
<kw name="Set Variable" owner="BuiltIn">
<msg time="2024-04-26T16:18:10.129007" level="INFO">${json_data} = {'results': [{'gender': 'female', 'name': {'title': 'Mrs', 'first': 'Ilona', 'last': 'Wuori'}, 'location': {'street': {'number': 6471, 'name': 'Nordenskiöldinkatu'}, 'city': 'Karjalohja', 'state': 'Ta...</msg>
<var>${json_data}</var>
<arg>${response.json()}</arg>
<doc>Returns the given values which can then be assigned to a variables.</doc>
<status status="PASS" start="2024-04-26T16:18:10.128486" elapsed="0.000553"/>
</kw>
<kw name="Log" owner="BuiltIn">
<msg time="2024-04-26T16:18:10.129521" level="INFO">{'results': [{'gender': 'female', 'name': {'title': 'Mrs', 'first': 'Ilona', 'last': 'Wuori'}, 'location': {'street': {'number': 6471, 'name': 'Nordenskiöldinkatu'}, 'city': 'Karjalohja', 'state': 'Tavastia Proper', 'country': 'Finland', 'postcode': 82910, 'coordinates': {'latitude': '-23.7795', 'longitude': '117.7169'}, 'timezone': {'offset': '-7:00', 'description': 'Mountain Time (US &amp; Canada)'}}, 'email': 'ilona.wuori@example.com', 'login': {'uuid': '6f62a73d-c7b9-4702-ba21-cb2fbb736902', 'username': 'beautifulrabbit771', 'password': 'bombay', 'salt': 'BQJEak7P', 'md5': '94b17e3bda81b4d378586449f42359da', 'sha1': '3d43fea0575268adb05419fa7af975cabb733038', 'sha256': 'b77852b78f04a63f912011e94b0a12c71bd3baa5905ed83aa3602df5c2efabf6'}, 'dob': {'date': '1953-12-27T09:35:57.231Z', 'age': 70}, 'registered': {'date': '2021-08-03T06:57:09.526Z', 'age': 2}, 'phone': '07-414-501', 'cell': '041-976-87-99', 'id': {'name': 'HETU', 'value': 'NaNNA038undefined'}, 'picture': {'large': 'https://randomuser.me/api/portraits/women/70.jpg', 'medium': 'https://randomuser.me/api/portraits/med/women/70.jpg', 'thumbnail': 'https://randomuser.me/api/portraits/thumb/women/70.jpg'}, 'nat': 'FI'}], 'info': {'seed': '7b99172f6890e925', 'results': 1, 'page': 1, 'version': '1.4'}}</msg>
<arg>${json_data}</arg>
<doc>Logs the given message with the given level.</doc>
<status status="PASS" start="2024-04-26T16:18:10.129356" elapsed="0.000218"/>
</kw>
<kw name="Dictionary Should Contain Key" owner="Collections">
<msg time="2024-04-26T16:18:10.130039" level="INFO">False</msg>
<arg>${json_data}</arg>
<arg>results</arg>
<doc>Fails if ``key`` is not found from ``dictionary``.</doc>
<status status="PASS" start="2024-04-26T16:18:10.129874" elapsed="0.000204"/>
</kw>
<kw name="Should Not Be Empty" owner="BuiltIn">
<msg time="2024-04-26T16:18:10.130504" level="INFO">Length is 2.</msg>
<arg>${json_data}</arg>
<doc>Verifies that the given item is not empty.</doc>
<status status="PASS" start="2024-04-26T16:18:10.130371" elapsed="0.000322"/>
</kw>
<kw name="Create List" owner="BuiltIn">
<msg time="2024-04-26T16:18:10.131149" level="INFO">${expected_keys} = ['gender', 'name', 'location', 'email', 'login']</msg>
<var>${expected_keys}</var>
<arg>gender</arg>
<arg>name</arg>
<arg>location</arg>
<arg>email</arg>
<arg>login</arg>
<doc>Returns a list containing given items.</doc>
<status status="PASS" start="2024-04-26T16:18:10.130993" elapsed="0.000180"/>
</kw>
<for flavor="IN">
<iter>
<kw name="Dictionary Should Contain Key" owner="Collections">
<msg time="2024-04-26T16:18:10.132206" level="INFO">False</msg>
<arg>${json_data['results'][0]}</arg>
<arg>${key}</arg>
<doc>Fails if ``key`` is not found from ``dictionary``.</doc>
<status status="PASS" start="2024-04-26T16:18:10.131798" elapsed="0.000447"/>
</kw>
<kw name="Log" owner="BuiltIn">
<msg time="2024-04-26T16:18:10.132924" level="INFO">{'gender': 'female', 'name': {'title': 'Mrs', 'first': 'Ilona', 'last': 'Wuori'}, 'location': {'street': {'number': 6471, 'name': 'Nordenskiöldinkatu'}, 'city': 'Karjalohja', 'state': 'Tavastia Proper', 'country': 'Finland', 'postcode': 82910, 'coordinates': {'latitude': '-23.7795', 'longitude': '117.7169'}, 'timezone': {'offset': '-7:00', 'description': 'Mountain Time (US &amp; Canada)'}}, 'email': 'ilona.wuori@example.com', 'login': {'uuid': '6f62a73d-c7b9-4702-ba21-cb2fbb736902', 'username': 'beautifulrabbit771', 'password': 'bombay', 'salt': 'BQJEak7P', 'md5': '94b17e3bda81b4d378586449f42359da', 'sha1': '3d43fea0575268adb05419fa7af975cabb733038', 'sha256': 'b77852b78f04a63f912011e94b0a12c71bd3baa5905ed83aa3602df5c2efabf6'}, 'dob': {'date': '1953-12-27T09:35:57.231Z', 'age': 70}, 'registered': {'date': '2021-08-03T06:57:09.526Z', 'age': 2}, 'phone': '07-414-501', 'cell': '041-976-87-99', 'id': {'name': 'HETU', 'value': 'NaNNA038undefined'}, 'picture': {'large': 'https://randomuser.me/api/portraits/women/70.jpg', 'medium': 'https://randomuser.me/api/portraits/med/women/70.jpg', 'thumbnail': 'https://randomuser.me/api/portraits/thumb/women/70.jpg'}, 'nat': 'FI'}</msg>
<arg>${json_data['results'][0]}</arg>
<doc>Logs the given message with the given level.</doc>
<status status="PASS" start="2024-04-26T16:18:10.132553" elapsed="0.000422"/>
</kw>
<kw name="Log" owner="BuiltIn">
<msg time="2024-04-26T16:18:10.133404" level="INFO">gender</msg>
<arg>${key}</arg>
<doc>Logs the given message with the given level.</doc>
<status status="PASS" start="2024-04-26T16:18:10.133275" elapsed="0.000166"/>
</kw>
<var name="${key}">gender</var>
<status status="PASS" start="2024-04-26T16:18:10.131669" elapsed="0.001986"/>
</iter>
<iter>
<kw name="Dictionary Should Contain Key" owner="Collections">
<msg time="2024-04-26T16:18:10.134354" level="INFO">False</msg>
<arg>${json_data['results'][0]}</arg>
<arg>${key}</arg>
<doc>Fails if ``key`` is not found from ``dictionary``.</doc>
<status status="PASS" start="2024-04-26T16:18:10.133964" elapsed="0.000429"/>
</kw>
<kw name="Log" owner="BuiltIn">
<msg time="2024-04-26T16:18:10.135085" level="INFO">{'gender': 'female', 'name': {'title': 'Mrs', 'first': 'Ilona', 'last': 'Wuori'}, 'location': {'street': {'number': 6471, 'name': 'Nordenskiöldinkatu'}, 'city': 'Karjalohja', 'state': 'Tavastia Proper', 'country': 'Finland', 'postcode': 82910, 'coordinates': {'latitude': '-23.7795', 'longitude': '117.7169'}, 'timezone': {'offset': '-7:00', 'description': 'Mountain Time (US &amp; Canada)'}}, 'email': 'ilona.wuori@example.com', 'login': {'uuid': '6f62a73d-c7b9-4702-ba21-cb2fbb736902', 'username': 'beautifulrabbit771', 'password': 'bombay', 'salt': 'BQJEak7P', 'md5': '94b17e3bda81b4d378586449f42359da', 'sha1': '3d43fea0575268adb05419fa7af975cabb733038', 'sha256': 'b77852b78f04a63f912011e94b0a12c71bd3baa5905ed83aa3602df5c2efabf6'}, 'dob': {'date': '1953-12-27T09:35:57.231Z', 'age': 70}, 'registered': {'date': '2021-08-03T06:57:09.526Z', 'age': 2}, 'phone': '07-414-501', 'cell': '041-976-87-99', 'id': {'name': 'HETU', 'value': 'NaNNA038undefined'}, 'picture': {'large': 'https://randomuser.me/api/portraits/women/70.jpg', 'medium': 'https://randomuser.me/api/portraits/med/women/70.jpg', 'thumbnail': 'https://randomuser.me/api/portraits/thumb/women/70.jpg'}, 'nat': 'FI'}</msg>
<arg>${json_data['results'][0]}</arg>
<doc>Logs the given message with the given level.</doc>
<status status="PASS" start="2024-04-26T16:18:10.134718" elapsed="0.000419"/>
</kw>
<kw name="Log" owner="BuiltIn">
<msg time="2024-04-26T16:18:10.135590" level="INFO">name</msg>
<arg>${key}</arg>
<doc>Logs the given message with the given level.</doc>
<status status="PASS" start="2024-04-26T16:18:10.135458" elapsed="0.000170"/>
</kw>
<var name="${key}">name</var>
<status status="PASS" start="2024-04-26T16:18:10.133848" elapsed="0.001998"/>
</iter>
<iter>
<kw name="Dictionary Should Contain Key" owner="Collections">
<msg time="2024-04-26T16:18:10.136520" level="INFO">False</msg>
<arg>${json_data['results'][0]}</arg>
<arg>${key}</arg>
<doc>Fails if ``key`` is not found from ``dictionary``.</doc>
<status status="PASS" start="2024-04-26T16:18:10.136137" elapsed="0.000421"/>
</kw>
<kw name="Log" owner="BuiltIn">
<msg time="2024-04-26T16:18:10.137229" level="INFO">{'gender': 'female', 'name': {'title': 'Mrs', 'first': 'Ilona', 'last': 'Wuori'}, 'location': {'street': {'number': 6471, 'name': 'Nordenskiöldinkatu'}, 'city': 'Karjalohja', 'state': 'Tavastia Proper', 'country': 'Finland', 'postcode': 82910, 'coordinates': {'latitude': '-23.7795', 'longitude': '117.7169'}, 'timezone': {'offset': '-7:00', 'description': 'Mountain Time (US &amp; Canada)'}}, 'email': 'ilona.wuori@example.com', 'login': {'uuid': '6f62a73d-c7b9-4702-ba21-cb2fbb736902', 'username': 'beautifulrabbit771', 'password': 'bombay', 'salt': 'BQJEak7P', 'md5': '94b17e3bda81b4d378586449f42359da', 'sha1': '3d43fea0575268adb05419fa7af975cabb733038', 'sha256': 'b77852b78f04a63f912011e94b0a12c71bd3baa5905ed83aa3602df5c2efabf6'}, 'dob': {'date': '1953-12-27T09:35:57.231Z', 'age': 70}, 'registered': {'date': '2021-08-03T06:57:09.526Z', 'age': 2}, 'phone': '07-414-501', 'cell': '041-976-87-99', 'id': {'name': 'HETU', 'value': 'NaNNA038undefined'}, 'picture': {'large': 'https://randomuser.me/api/portraits/women/70.jpg', 'medium': 'https://randomuser.me/api/portraits/med/women/70.jpg', 'thumbnail': 'https://randomuser.me/api/portraits/thumb/women/70.jpg'}, 'nat': 'FI'}</msg>
<arg>${json_data['results'][0]}</arg>
<doc>Logs the given message with the given level.</doc>
<status status="PASS" start="2024-04-26T16:18:10.136861" elapsed="0.000418"/>
</kw>
<kw name="Log" owner="BuiltIn">
<msg time="2024-04-26T16:18:10.137699" level="INFO">location</msg>
<arg>${key}</arg>
<doc>Logs the given message with the given level.</doc>
<status status="PASS" start="2024-04-26T16:18:10.137572" elapsed="0.000166"/>
</kw>
<var name="${key}">location</var>
<status status="PASS" start="2024-04-26T16:18:10.136025" elapsed="0.001926"/>
</iter>
<iter>
<kw name="Dictionary Should Contain Key" owner="Collections">
<msg time="2024-04-26T16:18:10.138624" level="INFO">False</msg>
<arg>${json_data['results'][0]}</arg>
<arg>${key}</arg>
<doc>Fails if ``key`` is not found from ``dictionary``.</doc>
<status status="PASS" start="2024-04-26T16:18:10.138233" elapsed="0.000428"/>
</kw>
<kw name="Log" owner="BuiltIn">
<msg time="2024-04-26T16:18:10.139322" level="INFO">{'gender': 'female', 'name': {'title': 'Mrs', 'first': 'Ilona', 'last': 'Wuori'}, 'location': {'street': {'number': 6471, 'name': 'Nordenskiöldinkatu'}, 'city': 'Karjalohja', 'state': 'Tavastia Proper', 'country': 'Finland', 'postcode': 82910, 'coordinates': {'latitude': '-23.7795', 'longitude': '117.7169'}, 'timezone': {'offset': '-7:00', 'description': 'Mountain Time (US &amp; Canada)'}}, 'email': 'ilona.wuori@example.com', 'login': {'uuid': '6f62a73d-c7b9-4702-ba21-cb2fbb736902', 'username': 'beautifulrabbit771', 'password': 'bombay', 'salt': 'BQJEak7P', 'md5': '94b17e3bda81b4d378586449f42359da', 'sha1': '3d43fea0575268adb05419fa7af975cabb733038', 'sha256': 'b77852b78f04a63f912011e94b0a12c71bd3baa5905ed83aa3602df5c2efabf6'}, 'dob': {'date': '1953-12-27T09:35:57.231Z', 'age': 70}, 'registered': {'date': '2021-08-03T06:57:09.526Z', 'age': 2}, 'phone': '07-414-501', 'cell': '041-976-87-99', 'id': {'name': 'HETU', 'value': 'NaNNA038undefined'}, 'picture': {'large': 'https://randomuser.me/api/portraits/women/70.jpg', 'medium': 'https://randomuser.me/api/portraits/med/women/70.jpg', 'thumbnail': 'https://randomuser.me/api/portraits/thumb/women/70.jpg'}, 'nat': 'FI'}</msg>
<arg>${json_data['results'][0]}</arg>
<doc>Logs the given message with the given level.</doc>
<status status="PASS" start="2024-04-26T16:18:10.138960" elapsed="0.000412"/>
</kw>
<kw name="Log" owner="BuiltIn">
<msg time="2024-04-26T16:18:10.139837" level="INFO">email</msg>
<arg>${key}</arg>
<doc>Logs the given message with the given level.</doc>
<status status="PASS" start="2024-04-26T16:18:10.139708" elapsed="0.000167"/>
</kw>
<var name="${key}">email</var>
<status status="PASS" start="2024-04-26T16:18:10.138124" elapsed="0.001963"/>
</iter>
<iter>
<kw name="Dictionary Should Contain Key" owner="Collections">
<msg time="2024-04-26T16:18:10.140760" level="INFO">False</msg>
<arg>${json_data['results'][0]}</arg>
<arg>${key}</arg>
<doc>Fails if ``key`` is not found from ``dictionary``.</doc>
<status status="PASS" start="2024-04-26T16:18:10.140370" elapsed="0.000429"/>
</kw>
<kw name="Log" owner="BuiltIn">
<msg time="2024-04-26T16:18:10.141474" level="INFO">{'gender': 'female', 'name': {'title': 'Mrs', 'first': 'Ilona', 'last': 'Wuori'}, 'location': {'street': {'number': 6471, 'name': 'Nordenskiöldinkatu'}, 'city': 'Karjalohja', 'state': 'Tavastia Proper', 'country': 'Finland', 'postcode': 82910, 'coordinates': {'latitude': '-23.7795', 'longitude': '117.7169'}, 'timezone': {'offset': '-7:00', 'description': 'Mountain Time (US &amp; Canada)'}}, 'email': 'ilona.wuori@example.com', 'login': {'uuid': '6f62a73d-c7b9-4702-ba21-cb2fbb736902', 'username': 'beautifulrabbit771', 'password': 'bombay', 'salt': 'BQJEak7P', 'md5': '94b17e3bda81b4d378586449f42359da', 'sha1': '3d43fea0575268adb05419fa7af975cabb733038', 'sha256': 'b77852b78f04a63f912011e94b0a12c71bd3baa5905ed83aa3602df5c2efabf6'}, 'dob': {'date': '1953-12-27T09:35:57.231Z', 'age': 70}, 'registered': {'date': '2021-08-03T06:57:09.526Z', 'age': 2}, 'phone': '07-414-501', 'cell': '041-976-87-99', 'id': {'name': 'HETU', 'value': 'NaNNA038undefined'}, 'picture': {'large': 'https://randomuser.me/api/portraits/women/70.jpg', 'medium': 'https://randomuser.me/api/portraits/med/women/70.jpg', 'thumbnail': 'https://randomuser.me/api/portraits/thumb/women/70.jpg'}, 'nat': 'FI'}</msg>
<arg>${json_data['results'][0]}</arg>
<doc>Logs the given message with the given level.</doc>
<status status="PASS" start="2024-04-26T16:18:10.141104" elapsed="0.000421"/>
</kw>
<kw name="Log" owner="BuiltIn">
<msg time="2024-04-26T16:18:10.141947" level="INFO">login</msg>
<arg>${key}</arg>
<doc>Logs the given message with the given level.</doc>
<status status="PASS" start="2024-04-26T16:18:10.141821" elapsed="0.000197"/>
</kw>
<var name="${key}">login</var>
<status status="PASS" start="2024-04-26T16:18:10.140259" elapsed="0.001979"/>
</iter>
<var>${key}</var>
<value>@{expected_keys}</value>
<status status="PASS" start="2024-04-26T16:18:10.131464" elapsed="0.010897"/>
</for>
<kw name="Create List" owner="BuiltIn">
<msg time="2024-04-26T16:18:10.142690" level="INFO">${expected_keysTwo} = ['username', 'password']</msg>
<var>${expected_keysTwo}</var>
<arg>username</arg>
<arg>password</arg>
<doc>Returns a list containing given items.</doc>
<status status="PASS" start="2024-04-26T16:18:10.142554" elapsed="0.000159"/>
</kw>
<for flavor="IN">
<iter>
<kw name="Dictionary Should Contain Key" owner="Collections">
<msg time="2024-04-26T16:18:10.143623" level="INFO">False</msg>
<arg>${json_data['results'][0]['login']}</arg>
<arg>${keyTwo}</arg>
<doc>Fails if ``key`` is not found from ``dictionary``.</doc>
<status status="PASS" start="2024-04-26T16:18:10.143216" elapsed="0.000444"/>
</kw>
<kw name="Dictionary Should Contain Key" owner="Collections">
<msg time="2024-04-26T16:18:10.144348" level="INFO">False</msg>
<arg>${json_data['results'][0]['login']}</arg>
<arg>${keyTwo}</arg>
<doc>Fails if ``key`` is not found from ``dictionary``.</doc>
<status status="PASS" start="2024-04-26T16:18:10.143962" elapsed="0.000423"/>
</kw>
<kw name="Log" owner="BuiltIn">
<msg time="2024-04-26T16:18:10.144802" level="INFO">username</msg>
<arg>${keyTwo}</arg>
<doc>Logs the given message with the given level.</doc>
<status status="PASS" start="2024-04-26T16:18:10.144676" elapsed="0.000169"/>
</kw>
<var name="${keyTwo}">username</var>
<status status="PASS" start="2024-04-26T16:18:10.143106" elapsed="0.001952"/>
</iter>
<iter>
<kw name="Dictionary Should Contain Key" owner="Collections">
<msg time="2024-04-26T16:18:10.145802" level="INFO">False</msg>
<arg>${json_data['results'][0]['login']}</arg>
<arg>${keyTwo}</arg>
<doc>Fails if ``key`` is not found from ``dictionary``.</doc>
<status status="PASS" start="2024-04-26T16:18:10.145337" elapsed="0.000509"/>
</kw>
<kw name="Dictionary Should Contain Key" owner="Collections">
<msg time="2024-04-26T16:18:10.146522" level="INFO">False</msg>
<arg>${json_data['results'][0]['login']}</arg>
<arg>${keyTwo}</arg>
<doc>Fails if ``key`` is not found from ``dictionary``.</doc>
<status status="PASS" start="2024-04-26T16:18:10.146145" elapsed="0.000414"/>
</kw>
<kw name="Log" owner="BuiltIn">
<msg time="2024-04-26T16:18:10.146977" level="INFO">password</msg>
<arg>${keyTwo}</arg>
<doc>Logs the given message with the given level.</doc>
<status status="PASS" start="2024-04-26T16:18:10.146851" elapsed="0.000163"/>
</kw>
<var name="${keyTwo}">password</var>
<status status="PASS" start="2024-04-26T16:18:10.145229" elapsed="0.001997"/>
</iter>
<var>${keyTwo}</var>
<value>@{expected_keysTwo}</value>
<status status="PASS" start="2024-04-26T16:18:10.142952" elapsed="0.004393"/>
</for>
<status status="PASS" start="2024-04-26T16:18:10.038037" elapsed="0.109470"/>
</kw>
<doc>Testa a estrutura da resposta da API.</doc>
<tag>testeEstruturaResposta</tag>
<status status="PASS" start="2024-04-26T16:18:10.037350" elapsed="0.110314"/>
</test>
<test id="s1-s1-t4" name="Validar tipos de dados" line="28">
<kw name="Teste de Tipos de Dados" owner="random-user-service">
<kw name="GET On Session" owner="RequestsLibrary">
<msg time="2024-04-26T16:18:10.238545" level="INFO">GET Request : url=https://randomuser.me/api 
 path_url=/api 
 headers={'User-Agent': 'python-requests/2.31.0', 'Accept-Encoding': 'gzip, deflate', 'Accept': '*/*', 'Connection': 'keep-alive'} 
 body=None 
 </msg>
<msg time="2024-04-26T16:18:10.238625" level="INFO">GET Response : url=https://randomuser.me/api 
 status=200, reason=OK 
 headers={'Date': 'Fri, 26 Apr 2024 16:18:10 GMT', 'Content-Type': 'application/json; charset=utf-8', 'Transfer-Encoding': 'chunked', 'Connection': 'keep-alive', 'X-Powered-By': 'Express', 'Access-Control-Allow-Origin': '*', 'Cache-Control': 'no-cache', 'ETag': 'W/"492-vijFa9CRu44QPthvS6VW4wm1rEo"', 'Vary': 'Accept-Encoding', 'Content-Encoding': 'gzip', 'CF-Cache-Status': 'DYNAMIC', 'Report-To': '{"endpoints":[{"url":"https:\\/\\/a.nel.cloudflare.com\\/report\\/v4?s=JTQ72%2BQJ3IyGce%2FdFIeH8ogpN8wrdRYRgz9lNaHyHKLD7hAFOVZxSak3E%2FhALAFHPfzMLN8RArQOj7FErNK6bL3MUzNvB6hOqOVPuq%2BJDcvijd6DNlIVyxObv%2B8mMUfL"}],"group":"cf-nel","max_age":604800}', 'NEL': '{"success_fraction":0,"report_to":"cf-nel","max_age":604800}', 'Server': 'cloudflare', 'CF-RAY': '87a7e31d7edf20d2-IAD', 'alt-svc': 'h3=":443"; ma=86400'} 
 body={"results":[{"gender":"male","name":{"title":"Mr","first":"Hasan","last":"Hackenberg"},"location":{"street":{"number":8222,"name":"Fasanenweg"},"city":"Goldberg","state":"Bremen","country":"Germany","postcode":67083,"coordinates":{"latitude":"-55.0727","longitude":"-125.5306"},"timezone":{"offset":"-7:00","description":"Mountain Time (US &amp; Canada)"}},"email":"hasan.hackenberg@example.com","login":{"uuid":"642d444a-931c-4daf-96d8-924fd2a9b1d5","username":"ticklishleopard640","password":"gorilla","salt":"LoeV1N9f","md5":"6ecd058bd6a5b1f9bbbbd6d4ef9d0ddc","sha1":"07455bb492fa89fec9dbfe3d2aa7eae7f8a9e42f","sha256":"0bd1cfc8314d5c42261854359b48625f63dfb679219b780b23672740d887a526"},"dob":{"date":"1953-09-25T06:48:04.792Z","age":70},"registered":{"date":"2007-09-16T13:30:21.891Z","age":16},"phone":"0816-5708353","cell":"0170-9724817","id":{"name":"SVNR","value":"10 250953 H 470"},"picture":{"large":"https://randomuser.me/api/portraits/men/95.jpg","medium":"https://randomuser.me/api/portraits/med/men/95.jpg","thumbnail":"https://randomuser.me/api/portraits/thumb/men/95.jpg"},"nat":"DE"}],"info":{"seed":"d34844d46687b120","results":1,"page":1,"version":"1.4"}} 
 </msg>
<msg time="2024-04-26T16:18:10.238695" level="INFO">/opt/hostedtoolcache/Python/3.12.3/x64/lib/python3.12/site-packages/urllib3/connectionpool.py:1103: InsecureRequestWarning: Unverified HTTPS request is being made to host 'randomuser.me'. Adding certificate verification is strongly advised. See: https://urllib3.readthedocs.io/en/latest/advanced-usage.html#tls-warnings
  warnings.warn(</msg>
<msg time="2024-04-26T16:18:10.238806" level="INFO">${response} = &lt;Response [200]&gt;</msg>
<var>${response}</var>
<arg>consultarAPI</arg>
<arg>/api</arg>
<doc>Sends a GET request on a previously created HTTP Session.</doc>
<status status="PASS" start="2024-04-26T16:18:10.150203" elapsed="0.088655"/>
</kw>
<kw name="Set Variable" owner="BuiltIn">
<msg time="2024-04-26T16:18:10.239981" level="INFO">${json_data} = {'results': [{'gender': 'male', 'name': {'title': 'Mr', 'first': 'Hasan', 'last': 'Hackenberg'}, 'location': {'street': {'number': 8222, 'name': 'Fasanenweg'}, 'city': 'Goldberg', 'state': 'Bremen', '...</msg>
<var>${json_data}</var>
<arg>${response.json()}</arg>
<doc>Returns the given values which can then be assigned to a variables.</doc>
<status status="PASS" start="2024-04-26T16:18:10.239389" elapsed="0.000625"/>
</kw>
<kw name="Log" owner="BuiltIn">
<msg time="2024-04-26T16:18:10.240477" level="INFO">{'results': [{'gender': 'male', 'name': {'title': 'Mr', 'first': 'Hasan', 'last': 'Hackenberg'}, 'location': {'street': {'number': 8222, 'name': 'Fasanenweg'}, 'city': 'Goldberg', 'state': 'Bremen', 'country': 'Germany', 'postcode': 67083, 'coordinates': {'latitude': '-55.0727', 'longitude': '-125.5306'}, 'timezone': {'offset': '-7:00', 'description': 'Mountain Time (US &amp; Canada)'}}, 'email': 'hasan.hackenberg@example.com', 'login': {'uuid': '642d444a-931c-4daf-96d8-924fd2a9b1d5', 'username': 'ticklishleopard640', 'password': 'gorilla', 'salt': 'LoeV1N9f', 'md5': '6ecd058bd6a5b1f9bbbbd6d4ef9d0ddc', 'sha1': '07455bb492fa89fec9dbfe3d2aa7eae7f8a9e42f', 'sha256': '0bd1cfc8314d5c42261854359b48625f63dfb679219b780b23672740d887a526'}, 'dob': {'date': '1953-09-25T06:48:04.792Z', 'age': 70}, 'registered': {'date': '2007-09-16T13:30:21.891Z', 'age': 16}, 'phone': '0816-5708353', 'cell': '0170-9724817', 'id': {'name': 'SVNR', 'value': '10 250953 H 470'}, 'picture': {'large': 'https://randomuser.me/api/portraits/men/95.jpg', 'medium': 'https://randomuser.me/api/portraits/med/men/95.jpg', 'thumbnail': 'https://randomuser.me/api/portraits/thumb/men/95.jpg'}, 'nat': 'DE'}], 'info': {'seed': 'd34844d46687b120', 'results': 1, 'page': 1, 'version': '1.4'}}</msg>
<arg>${json_data}</arg>
<doc>Logs the given message with the given level.</doc>
<status status="PASS" start="2024-04-26T16:18:10.240323" elapsed="0.000235"/>
</kw>
<kw name="Should Be String" owner="String">
<arg>${json_data['results'][0]['gender']}</arg>
<doc>Fails if the given ``item`` is not a string.</doc>
<status status="PASS" start="2024-04-26T16:18:10.240856" elapsed="0.000365"/>
</kw>
<kw name="Should Match Regexp" owner="BuiltIn">
<arg>${json_data['results'][0]['email']}</arg>
<arg>^[a-zA-Z0-9._%+-]+@[a-zA-Z0-9.-]+\.[a-zA-Z]{2,}$</arg>
<doc>Fails if ``string`` does not match ``pattern`` as a regular expression.</doc>
<status status="PASS" start="2024-04-26T16:18:10.241412" elapsed="0.000514"/>
</kw>
<kw name="Should Match Regexp" owner="BuiltIn">
<arg>${json_data['results'][0]['dob']['date']}</arg>
<arg>\\d{4}-\\d{2}-\\d{2}T\\d{2}:\\d{2}:\\d{2}\\.\\d{3}Z</arg>
<doc>Fails if ``string`` does not match ``pattern`` as a regular expression.</doc>
<status status="PASS" start="2024-04-26T16:18:10.242118" elapsed="0.000479"/>
</kw>
<kw name="Should Match Regexp" owner="BuiltIn">
<arg>${json_data['results'][0]['registered']['date']}</arg>
<arg>\\d{4}-\\d{2}-\\d{2}T\\d{2}:\\d{2}:\\d{2}\\.\\d{3}Z</arg>
<doc>Fails if ``string`` does not match ``pattern`` as a regular expression.</doc>
<status status="PASS" start="2024-04-26T16:18:10.242786" elapsed="0.000364"/>
</kw>
<kw name="Should Match Regexp" owner="BuiltIn">
<arg>${json_data['results'][0]['picture']['large']}</arg>
<arg>^https?://.*\.(?:png|jpe?g|gif|bmp)$</arg>
<doc>Fails if ``string`` does not match ``pattern`` as a regular expression.</doc>
<status status="PASS" start="2024-04-26T16:18:10.243336" elapsed="0.000506"/>
</kw>
<kw name="Should Match Regexp" owner="BuiltIn">
<arg>${json_data['results'][0]['picture']['medium']}</arg>
<arg>^https?://.*\.(?:png|jpe?g|gif|bmp)$</arg>
<doc>Fails if ``string`` does not match ``pattern`` as a regular expression.</doc>
<status status="PASS" start="2024-04-26T16:18:10.244032" elapsed="0.000368"/>
</kw>
<kw name="Should Match Regexp" owner="BuiltIn">
<arg>${json_data['results'][0]['picture']['thumbnail']}</arg>
<arg>^https?://.*\.(?:png|jpe?g|gif|bmp)$</arg>
<doc>Fails if ``string`` does not match ``pattern`` as a regular expression.</doc>
<status status="PASS" start="2024-04-26T16:18:10.244590" elapsed="0.000353"/>
</kw>
<kw name="Log" owner="BuiltIn">
<msg time="2024-04-26T16:18:10.245442" level="INFO">{'large': 'https://randomuser.me/api/portraits/men/95.jpg', 'medium': 'https://randomuser.me/api/portraits/med/men/95.jpg', 'thumbnail': 'https://randomuser.me/api/portraits/thumb/men/95.jpg'}</msg>
<arg>${json_data['results'][0]['picture']}</arg>
<doc>Logs the given message with the given level.</doc>
<status status="PASS" start="2024-04-26T16:18:10.245121" elapsed="0.000363"/>
</kw>
<status status="PASS" start="2024-04-26T16:18:10.149975" elapsed="0.095762"/>
</kw>
<kw name="Teste de Tipos de Dados - Postcode" owner="random-user-service">
<kw name="GET On Session" owner="RequestsLibrary">
<msg time="2024-04-26T16:18:10.324665" level="INFO">GET Request : url=https://randomuser.me/api 
 path_url=/api 
 headers={'User-Agent': 'python-requests/2.31.0', 'Accept-Encoding': 'gzip, deflate', 'Accept': '*/*', 'Connection': 'keep-alive'} 
 body=None 
 </msg>
<msg time="2024-04-26T16:18:10.324738" level="INFO">GET Response : url=https://randomuser.me/api 
 status=200, reason=OK 
 headers={'Date': 'Fri, 26 Apr 2024 16:18:10 GMT', 'Content-Type': 'application/json; charset=utf-8', 'Transfer-Encoding': 'chunked', 'Connection': 'keep-alive', 'X-Powered-By': 'Express', 'Access-Control-Allow-Origin': '*', 'Cache-Control': 'no-cache', 'ETag': 'W/"488-vTT1QIhcmfVdgJv4aEW01/Q5w60"', 'Vary': 'Accept-Encoding', 'Content-Encoding': 'gzip', 'CF-Cache-Status': 'DYNAMIC', 'Report-To': '{"endpoints":[{"url":"https:\\/\\/a.nel.cloudflare.com\\/report\\/v4?s=x9%2B%2F8OnPvntr6QX31BQeLhRUrltctEB32CdTT5un%2Fdm1KKyghP4zxrybOVKjT3dO1Nb6XVblnPbjeTiRUpDY5yvAi%2BwnKRX1Oi4OE4do6c7lfjyX1w0K5AgLmNz5sd46"}],"group":"cf-nel","max_age":604800}', 'NEL': '{"success_fraction":0,"report_to":"cf-nel","max_age":604800}', 'Server': 'cloudflare', 'CF-RAY': '87a7e31e1fa920d2-IAD', 'alt-svc': 'h3=":443"; ma=86400'} 
 body={"results":[{"gender":"male","name":{"title":"Monsieur","first":"Alfredo","last":"Lefevre"},"location":{"street":{"number":6230,"name":"Rue de Cuire"},"city":"Hermrigen","state":"Aargau","country":"Switzerland","postcode":4596,"coordinates":{"latitude":"-62.9753","longitude":"-49.6363"},"timezone":{"offset":"-2:00","description":"Mid-Atlantic"}},"email":"alfredo.lefevre@example.com","login":{"uuid":"08697600-a9f4-4d4b-bbee-490665935dee","username":"tinyswan337","password":"playboy2","salt":"PL0pZsTT","md5":"d76baf8b5e3c27e4191d003c6915041d","sha1":"e76af1fc547cbcc56f115fdfdbc0a21be6bef823","sha256":"fcc268b52dcd4a38fc3ab8f1ccdaa0392b502781d9565adfab37217c0143a9a5"},"dob":{"date":"1979-07-09T07:50:59.725Z","age":44},"registered":{"date":"2002-11-12T20:55:12.404Z","age":21},"phone":"076 523 88 99","cell":"075 029 78 85","id":{"name":"AVS","value":"756.4210.7084.41"},"picture":{"large":"https://randomuser.me/api/portraits/men/39.jpg","medium":"https://randomuser.me/api/portraits/med/men/39.jpg","thumbnail":"https://randomuser.me/api/portraits/thumb/men/39.jpg"},"nat":"CH"}],"info":{"seed":"50278cd30ea732b1","results":1,"page":1,"version":"1.4"}} 
 </msg>
<msg time="2024-04-26T16:18:10.324798" level="INFO">/opt/hostedtoolcache/Python/3.12.3/x64/lib/python3.12/site-packages/urllib3/connectionpool.py:1103: InsecureRequestWarning: Unverified HTTPS request is being made to host 'randomuser.me'. Adding certificate verification is strongly advised. See: https://urllib3.readthedocs.io/en/latest/advanced-usage.html#tls-warnings
  warnings.warn(</msg>
<msg time="2024-04-26T16:18:10.324898" level="INFO">${response} = &lt;Response [200]&gt;</msg>
<var>${response}</var>
<arg>consultarAPI</arg>
<arg>/api</arg>
<doc>Sends a GET request on a previously created HTTP Session.</doc>
<status status="PASS" start="2024-04-26T16:18:10.246179" elapsed="0.078757"/>
</kw>
<kw name="Set Variable" owner="BuiltIn">
<msg time="2024-04-26T16:18:10.326005" level="INFO">${json_data} = {'results': [{'gender': 'male', 'name': {'title': 'Monsieur', 'first': 'Alfredo', 'last': 'Lefevre'}, 'location': {'street': {'number': 6230, 'name': 'Rue de Cuire'}, 'city': 'Hermrigen', 'state': 'Aa...</msg>
<var>${json_data}</var>
<arg>${response.json()}</arg>
<doc>Returns the given values which can then be assigned to a variables.</doc>
<status status="PASS" start="2024-04-26T16:18:10.325444" elapsed="0.000589"/>
</kw>
<kw name="Log" owner="BuiltIn">
<msg time="2024-04-26T16:18:10.326511" level="INFO">{'results': [{'gender': 'male', 'name': {'title': 'Monsieur', 'first': 'Alfredo', 'last': 'Lefevre'}, 'location': {'street': {'number': 6230, 'name': 'Rue de Cuire'}, 'city': 'Hermrigen', 'state': 'Aargau', 'country': 'Switzerland', 'postcode': 4596, 'coordinates': {'latitude': '-62.9753', 'longitude': '-49.6363'}, 'timezone': {'offset': '-2:00', 'description': 'Mid-Atlantic'}}, 'email': 'alfredo.lefevre@example.com', 'login': {'uuid': '08697600-a9f4-4d4b-bbee-490665935dee', 'username': 'tinyswan337', 'password': 'playboy2', 'salt': 'PL0pZsTT', 'md5': 'd76baf8b5e3c27e4191d003c6915041d', 'sha1': 'e76af1fc547cbcc56f115fdfdbc0a21be6bef823', 'sha256': 'fcc268b52dcd4a38fc3ab8f1ccdaa0392b502781d9565adfab37217c0143a9a5'}, 'dob': {'date': '1979-07-09T07:50:59.725Z', 'age': 44}, 'registered': {'date': '2002-11-12T20:55:12.404Z', 'age': 21}, 'phone': '076 523 88 99', 'cell': '075 029 78 85', 'id': {'name': 'AVS', 'value': '756.4210.7084.41'}, 'picture': {'large': 'https://randomuser.me/api/portraits/men/39.jpg', 'medium': 'https://randomuser.me/api/portraits/med/men/39.jpg', 'thumbnail': 'https://randomuser.me/api/portraits/thumb/men/39.jpg'}, 'nat': 'CH'}], 'info': {'seed': '50278cd30ea732b1', 'results': 1, 'page': 1, 'version': '1.4'}}</msg>
<arg>${json_data}</arg>
<doc>Logs the given message with the given level.</doc>
<status status="PASS" start="2024-04-26T16:18:10.326355" elapsed="0.000236"/>
</kw>
<kw name="Should Be Equal As Numbers" owner="BuiltIn">
<arg>${json_data['results'][0]['location']['postcode']}</arg>
<arg>${json_data['results'][0]['location']['postcode']}</arg>
<doc>Fails if objects are unequal after converting them to real numbers.</doc>
<status status="PASS" start="2024-04-26T16:18:10.327052" elapsed="0.000676"/>
</kw>
<kw name="Log" owner="BuiltIn">
<msg time="2024-04-26T16:18:10.328260" level="INFO">4596</msg>
<arg>${json_data['results'][0]['location']['postcode']}</arg>
<doc>Logs the given message with the given level.</doc>
<status status="PASS" start="2024-04-26T16:18:10.327920" elapsed="0.000380"/>
</kw>
<status status="PASS" start="2024-04-26T16:18:10.245952" elapsed="0.082601"/>
</kw>
<doc>Testa se os tipos de dados na resposta da API estão corretos.</doc>
<tag>testeTiposDados</tag>
<status status="PASS" start="2024-04-26T16:18:10.149445" elapsed="0.179273"/>
</test>
<test id="s1-s1-t5" name="Validar conteudo" line="35">
<kw name="Teste de Tipos de Conteudo" owner="random-user-service">
<kw name="GET On Session" owner="RequestsLibrary">
<msg time="2024-04-26T16:18:10.439109" level="INFO">GET Request : url=https://randomuser.me/api 
 path_url=/api 
 headers={'User-Agent': 'python-requests/2.31.0', 'Accept-Encoding': 'gzip, deflate', 'Accept': '*/*', 'Connection': 'keep-alive'} 
 body=None 
 </msg>
<msg time="2024-04-26T16:18:10.439200" level="INFO">GET Response : url=https://randomuser.me/api 
 status=200, reason=OK 
 headers={'Date': 'Fri, 26 Apr 2024 16:18:10 GMT', 'Content-Type': 'application/json; charset=utf-8', 'Transfer-Encoding': 'chunked', 'Connection': 'keep-alive', 'X-Powered-By': 'Express', 'Access-Control-Allow-Origin': '*', 'Cache-Control': 'no-cache', 'ETag': 'W/"49f-XaNtgCXFO5LtS8TpVrbrlLTlDzA"', 'Vary': 'Accept-Encoding', 'Content-Encoding': 'gzip', 'CF-Cache-Status': 'DYNAMIC', 'Report-To': '{"endpoints":[{"url":"https:\\/\\/a.nel.cloudflare.com\\/report\\/v4?s=mPmuyA2FqE8mG%2BWq8WG7ZeOYDo%2FrtxRd4%2BLd4hUxy7Q937hYXISmS%2BVLa%2B3VLlMN6Bk9kJ9QfR3GeWvKswVUwI%2Bg%2BDC3JS5onR6P%2FKU1Wpnp8EnvKzBbyqZpsbPQmKmR"}],"group":"cf-nel","max_age":604800}', 'NEL': '{"success_fraction":0,"report_to":"cf-nel","max_age":604800}', 'Server': 'cloudflare', 'CF-RAY': '87a7e31e985c20d2-IAD', 'alt-svc': 'h3=":443"; ma=86400'} 
 body={"results":[{"gender":"female","name":{"title":"Miss","first":"Karoline","last":"Motz"},"location":{"street":{"number":4022,"name":"Birkenweg"},"city":"Wurzbach","state":"Thüringen","country":"Germany","postcode":31932,"coordinates":{"latitude":"-49.0371","longitude":"95.9606"},"timezone":{"offset":"-4:00","description":"Atlantic Time (Canada), Caracas, La Paz"}},"email":"karoline.motz@example.com","login":{"uuid":"892462ff-3c87-47b2-8eef-cae9ef9f2cfb","username":"yellowrabbit683","password":"unique","salt":"UHCCSkF6","md5":"9bbba09b53a9abe5aadc462572615231","sha1":"569c4bdead8f2072226b4a475e102d449981a2e3","sha256":"dc3757cbb13dee9be61bf4afc07554d87ed89555a3bb0690368bd3d1e70638a6"},"dob":{"date":"1996-09-23T05:50:41.926Z","age":27},"registered":{"date":"2013-09-17T09:01:45.418Z","age":10},"phone":"0959-1797623","cell":"0170-9819686","id":{"name":"SVNR","value":"54 230996 M 517"},"picture":{"large":"https://randomuser.me/api/portraits/women/86.jpg","medium":"https://randomuser.me/api/portraits/med/women/86.jpg","thumbnail":"https://randomuser.me/api/portraits/thumb/women/86.jpg"},"nat":"DE"}],"info":{"seed":"2a31ca8a122b5aab","results":1,"page":1,"version":"1.4"}} 
 </msg>
<msg time="2024-04-26T16:18:10.439275" level="INFO">/opt/hostedtoolcache/Python/3.12.3/x64/lib/python3.12/site-packages/urllib3/connectionpool.py:1103: InsecureRequestWarning: Unverified HTTPS request is being made to host 'randomuser.me'. Adding certificate verification is strongly advised. See: https://urllib3.readthedocs.io/en/latest/advanced-usage.html#tls-warnings
  warnings.warn(</msg>
<msg time="2024-04-26T16:18:10.439395" level="INFO">${response} = &lt;Response [200]&gt;</msg>
<var>${response}</var>
<arg>consultarAPI</arg>
<arg>/api</arg>
<doc>Sends a GET request on a previously created HTTP Session.</doc>
<status status="PASS" start="2024-04-26T16:18:10.331250" elapsed="0.108221"/>
</kw>
<kw name="Set Variable" owner="BuiltIn">
<msg time="2024-04-26T16:18:10.440583" level="INFO">${json_data} = {'results': [{'gender': 'female', 'name': {'title': 'Miss', 'first': 'Karoline', 'last': 'Motz'}, 'location': {'street': {'number': 4022, 'name': 'Birkenweg'}, 'city': 'Wurzbach', 'state': 'Thüringen'...</msg>
<var>${json_data}</var>
<arg>${response.json()}</arg>
<doc>Returns the given values which can then be assigned to a variables.</doc>
<status status="PASS" start="2024-04-26T16:18:10.440030" elapsed="0.000582"/>
</kw>
<kw name="Set Variable" owner="BuiltIn">
<msg time="2024-04-26T16:18:10.441302" level="INFO">${name_title} = Miss</msg>
<var>${name_title}</var>
<arg>${json_data["results"][0]["name"]["title"]}</arg>
<doc>Returns the given values which can then be assigned to a variables.</doc>
<status status="PASS" start="2024-04-26T16:18:10.440920" elapsed="0.000407"/>
</kw>
<kw name="Create List" owner="BuiltIn">
<msg time="2024-04-26T16:18:10.441772" level="INFO">${allowed_titles} = ['Mr', 'Ms', 'Miss', 'Mrs', 'Madame', 'Monsieur']</msg>
<var>${allowed_titles}</var>
<arg>Mr</arg>
<arg>Ms</arg>
<arg>Miss</arg>
<arg>Mrs</arg>
<arg>Madame</arg>
<arg>Monsieur</arg>
<doc>Returns a list containing given items.</doc>
<status status="PASS" start="2024-04-26T16:18:10.441625" elapsed="0.000171"/>
</kw>
<kw name="List Should Contain Value" owner="Collections">
<msg time="2024-04-26T16:18:10.442264" level="INFO">False</msg>
<arg>${allowed_titles}</arg>
<arg>${name_title}</arg>
<doc>Fails if the ``value`` is not found from ``list``.</doc>
<status status="PASS" start="2024-04-26T16:18:10.442092" elapsed="0.000207"/>
</kw>
<kw name="Set Variable" owner="BuiltIn">
<msg time="2024-04-26T16:18:10.442979" level="INFO">${name_country} = DE</msg>
<var>${name_country}</var>
<arg>${json_data["results"][0]["nat"]}</arg>
<doc>Returns the given values which can then be assigned to a variables.</doc>
<status status="PASS" start="2024-04-26T16:18:10.442585" elapsed="0.000419"/>
</kw>
<kw name="Create List" owner="BuiltIn">
<msg time="2024-04-26T16:18:10.443932" level="INFO">${list_country} = ['AD', 'AE', 'AF', 'AG', 'AI', 'AL', 'AM', 'AO', 'AQ', 'AR', 'AS', 'AT', 'AU', 'AW', 'AX', 'AZ', 'BA', 'BB', 'BD', 'BE', 'BF', 'BG', 'BH', 'BI', 'BJ', 'BL', 'BM', 'BN', 'BO', 'BQ', 'BR', 'BS', 'BT', '...</msg>
<var>${list_country}</var>
<arg>AD</arg>
<arg>AE</arg>
<arg>AF</arg>
<arg>AG</arg>
<arg>AI</arg>
<arg>AL</arg>
<arg>AM</arg>
<arg>AO</arg>
<arg>AQ</arg>
<arg>AR</arg>
<arg>AS</arg>
<arg>AT</arg>
<arg>AU</arg>
<arg>AW</arg>
<arg>AX</arg>
<arg>AZ</arg>
<arg>BA</arg>
<arg>BB</arg>
<arg>BD</arg>
<arg>BE</arg>
<arg>BF</arg>
<arg>BG</arg>
<arg>BH</arg>
<arg>BI</arg>
<arg>BJ</arg>
<arg>BL</arg>
<arg>BM</arg>
<arg>BN</arg>
<arg>BO</arg>
<arg>BQ</arg>
<arg>BR</arg>
<arg>BS</arg>
<arg>BT</arg>
<arg>BV</arg>
<arg>BW</arg>
<arg>BY</arg>
<arg>BZ</arg>
<arg>CA</arg>
<arg>CC</arg>
<arg>CD</arg>
<arg>CF</arg>
<arg>CG</arg>
<arg>CH</arg>
<arg>CI</arg>
<arg>CK</arg>
<arg>CL</arg>
<arg>CM</arg>
<arg>CN</arg>
<arg>CO</arg>
<arg>CR</arg>
<arg>CU</arg>
<arg>CV</arg>
<arg>CW</arg>
<arg>CX</arg>
<arg>CY</arg>
<arg>CZ</arg>
<arg>DE</arg>
<arg>DJ</arg>
<arg>DK</arg>
<arg>DM</arg>
<arg>DO</arg>
<arg>DZ</arg>
<arg>EC</arg>
<arg>EE</arg>
<arg>EG</arg>
<arg>EH</arg>
<arg>ER</arg>
<arg>ES</arg>
<arg>ET</arg>
<arg>FI</arg>
<arg>FJ</arg>
<arg>FK</arg>
<arg>FM</arg>
<arg>FO</arg>
<arg>FR</arg>
<arg>GA</arg>
<arg>GB</arg>
<arg>GD</arg>
<arg>GE</arg>
<arg>GF</arg>
<arg>GG</arg>
<arg>GH</arg>
<arg>GI</arg>
<arg>GL</arg>
<arg>GM</arg>
<arg>GN</arg>
<arg>GP</arg>
<arg>GQ</arg>
<arg>GR</arg>
<arg>GS</arg>
<arg>GT</arg>
<arg>GU</arg>
<arg>GW</arg>
<arg>GY</arg>
<arg>HK</arg>
<arg>HM</arg>
<arg>HN</arg>
<arg>HR</arg>
<arg>HT</arg>
<arg>HU</arg>
<arg>ID</arg>
<arg>IE</arg>
<arg>IL</arg>
<arg>IM</arg>
<arg>IN</arg>
<arg>IO</arg>
<arg>IQ</arg>
<arg>IR</arg>
<arg>IS</arg>
<arg>IT</arg>
<arg>JE</arg>
<arg>JM</arg>
<arg>JO</arg>
<arg>JP</arg>
<arg>KE</arg>
<arg>KG</arg>
<arg>KH</arg>
<arg>KI</arg>
<arg>KM</arg>
<arg>KN</arg>
<arg>KP</arg>
<arg>KR</arg>
<arg>KW</arg>
<arg>KY</arg>
<arg>KZ</arg>
<arg>LA</arg>
<arg>LB</arg>
<arg>LC</arg>
<arg>LI</arg>
<arg>LK</arg>
<arg>LR</arg>
<arg>LS</arg>
<arg>LT</arg>
<arg>LU</arg>
<arg>LV</arg>
<arg>LY</arg>
<arg>MA</arg>
<arg>MC</arg>
<arg>MD</arg>
<arg>ME</arg>
<arg>MF</arg>
<arg>MG</arg>
<arg>MH</arg>
<arg>MK</arg>
<arg>ML</arg>
<arg>MM</arg>
<arg>MN</arg>
<arg>MO</arg>
<arg>MP</arg>
<arg>MQ</arg>
<arg>MR</arg>
<arg>MS</arg>
<arg>MT</arg>
<arg>MU</arg>
<arg>MV</arg>
<arg>MW</arg>
<arg>MX</arg>
<arg>MY</arg>
<arg>MZ</arg>
<arg>NA</arg>
<arg>NC</arg>
<arg>NE</arg>
<arg>NF</arg>
<arg>NG</arg>
<arg>NI</arg>
<arg>NL</arg>
<arg>NO</arg>
<arg>NP</arg>
<arg>NR</arg>
<arg>NU</arg>
<arg>NZ</arg>
<arg>OM</arg>
<arg>PA</arg>
<arg>PE</arg>
<arg>PF</arg>
<arg>PG</arg>
<arg>PH</arg>
<arg>PK</arg>
<arg>PL</arg>
<arg>PM</arg>
<arg>PN</arg>
<arg>PR</arg>
<arg>PS</arg>
<arg>PT</arg>
<arg>PW</arg>
<arg>PY</arg>
<arg>QA</arg>
<arg>RE</arg>
<arg>RO</arg>
<arg>RS</arg>
<arg>RU</arg>
<arg>RW</arg>
<arg>SA</arg>
<arg>SB</arg>
<arg>SC</arg>
<arg>SD</arg>
<arg>SE</arg>
<arg>SG</arg>
<arg>SH</arg>
<arg>SI</arg>
<arg>SJ</arg>
<arg>SK</arg>
<arg>SL</arg>
<arg>SM</arg>
<arg>SN</arg>
<arg>SO</arg>
<arg>SR</arg>
<arg>SS</arg>
<arg>ST</arg>
<arg>SV</arg>
<arg>SX</arg>
<arg>SY</arg>
<arg>SZ</arg>
<arg>TC</arg>
<arg>TD</arg>
<arg>TF</arg>
<arg>TG</arg>
<arg>TH</arg>
<arg>TJ</arg>
<arg>TK</arg>
<arg>TL</arg>
<arg>TM</arg>
<arg>TN</arg>
<arg>TO</arg>
<arg>TR</arg>
<arg>TT</arg>
<arg>TV</arg>
<arg>TW</arg>
<arg>TZ</arg>
<arg>UA</arg>
<arg>UG</arg>
<arg>UM</arg>
<arg>US</arg>
<arg>UY</arg>
<arg>UZ</arg>
<arg>VA</arg>
<arg>VC</arg>
<arg>VE</arg>
<arg>VG</arg>
<arg>VI</arg>
<arg>VN</arg>
<arg>VU</arg>
<arg>WF</arg>
<arg>WS</arg>
<arg>XK</arg>
<arg>YE</arg>
<arg>YT</arg>
<arg>ZA</arg>
<arg>ZM</arg>
<arg>ZW</arg>
<doc>Returns a list containing given items.</doc>
<status status="PASS" start="2024-04-26T16:18:10.443304" elapsed="0.000655"/>
</kw>
<kw name="List Should Contain Value" owner="Collections">
<msg time="2024-04-26T16:18:10.444948" level="INFO">False</msg>
<arg>${list_country}</arg>
<arg>${name_country}</arg>
<doc>Fails if the ``value`` is not found from ``list``.</doc>
<status status="PASS" start="2024-04-26T16:18:10.444749" elapsed="0.000235"/>
</kw>
<kw name="Run Keyword If" owner="BuiltIn">
<kw name="Should Be True" owner="BuiltIn">
<arg>${True}</arg>
<doc>Fails if the given condition is not true.</doc>
<status status="PASS" start="2024-04-26T16:18:10.446042" elapsed="0.000250"/>
</kw>
<arg>${json_data["results"][0]["location"]["coordinates"]["latitude"]} &gt;= -90 and ${json_data["results"][0]["location"]["coordinates"]["latitude"]} &lt;= 90</arg>
<arg>Should Be True</arg>
<arg>${True}</arg>
<doc>Runs the given keyword with the given arguments, if ``condition`` is true.</doc>
<status status="PASS" start="2024-04-26T16:18:10.445293" elapsed="0.001129"/>
</kw>
<kw name="Run Keyword If" owner="BuiltIn">
<kw name="Should Be True" owner="BuiltIn">
<arg>${True}</arg>
<doc>Fails if the given condition is not true.</doc>
<status status="PASS" start="2024-04-26T16:18:10.447305" elapsed="0.000169"/>
</kw>
<arg>${json_data["results"][0]["location"]["coordinates"]["longitude"]} &gt;= -180 and ${json_data["results"][0]["location"]["coordinates"]["longitude"]} &lt;= 180</arg>
<arg>Should Be True</arg>
<arg>${True}</arg>
<doc>Runs the given keyword with the given arguments, if ``condition`` is true.</doc>
<status status="PASS" start="2024-04-26T16:18:10.446606" elapsed="0.001004"/>
</kw>
<status status="PASS" start="2024-04-26T16:18:10.331021" elapsed="0.116719"/>
</kw>
<doc>Testa o conteúdo específico dos campos retornados pela API.</doc>
<tag>testeConteudo</tag>
<status status="PASS" start="2024-04-26T16:18:10.330484" elapsed="0.117402"/>
</test>
<status status="PASS" start="2024-04-26T16:18:09.632786" elapsed="0.817089"/>
</suite>
<status status="PASS" start="2024-04-26T16:18:09.619337" elapsed="0.835719"/>
</suite>
<statistics>
<total>
<stat pass="5" fail="0" skip="0">All Tests</stat>
</total>
<tag>
<stat pass="1" fail="0" skip="0">testeConteudo</stat>
<stat pass="1" fail="0" skip="0">testeEstruturaResposta</stat>
<stat pass="1" fail="0" skip="0">testeRequisicaoBasica</stat>
<stat pass="1" fail="0" skip="0">testeTiposDados</stat>
</tag>
<suite>
<stat pass="5" fail="0" skip="0" id="s1" name="Tests">Tests</stat>
<stat pass="5" fail="0" skip="0" id="s1-s1" name="Random-User-Test">Tests.Random-User-Test</stat>
</suite>
</statistics>
<errors>
</errors>
</robot>
