<?xml version="1.0" encoding="UTF-8"?>
<robot generator="Robot 7.0 (Python 3.12.2 on linux)" generated="2024-04-16T00:59:38.525757" rpa="false" schemaversion="5">
<suite id="s1" name="Tests" source="/home/runner/work/DesafioQAItauRogerioJordao/DesafioQAItauRogerioJordao/RamdonUser/tests">
<suite id="s1-s1" name="Random-User-Test" source="/home/runner/work/DesafioQAItauRogerioJordao/DesafioQAItauRogerioJordao/RamdonUser/tests/random-user-test.robot">
<test id="s1-s1-t1" name="Conectar" line="13">
<kw name="Conectar API" owner="random-user-service">
<kw name="Create Session" owner="RequestsLibrary">
<msg time="2024-04-16T00:59:38.886079" level="INFO">Creating Session using : alias=consultarAPI, url=https://randomuser.me/, headers={},                     cookies={}, auth=None, timeout=None, proxies=None, verify=False,                     debug=0 </msg>
<arg>consultarAPI</arg>
<arg>${URL}</arg>
<doc>Create Session: create a HTTP session to a server</doc>
<status status="PASS" start="2024-04-16T00:59:38.885883" elapsed="0.000410"/>
</kw>
<status status="PASS" start="2024-04-16T00:59:38.884841" elapsed="0.001823"/>
</kw>
<status status="PASS" start="2024-04-16T00:59:38.884194" elapsed="0.002677"/>
</test>
<test id="s1-s1-t2" name="Validar retorno 200 e JSON Válido" line="16">
<kw name="Teste de Requisicao Basica" owner="random-user-service">
<kw name="GET On Session" owner="RequestsLibrary">
<msg time="2024-04-16T00:59:39.194062" level="INFO">GET Request : url=https://randomuser.me/api 
 path_url=/api 
 headers={'User-Agent': 'python-requests/2.31.0', 'Accept-Encoding': 'gzip, deflate', 'Accept': '*/*', 'Connection': 'keep-alive'} 
 body=None 
 </msg>
<msg time="2024-04-16T00:59:39.194259" level="INFO">GET Response : url=https://randomuser.me/api 
 status=200, reason=OK 
 headers={'Date': 'Tue, 16 Apr 2024 00:59:39 GMT', 'Content-Type': 'application/json; charset=utf-8', 'Transfer-Encoding': 'chunked', 'Connection': 'keep-alive', 'X-Powered-By': 'Express', 'Access-Control-Allow-Origin': '*', 'Cache-Control': 'no-cache', 'ETag': 'W/"474-ALG4OX/hbqLzfxRq5csmfOwX3ik"', 'Vary': 'Accept-Encoding', 'Content-Encoding': 'gzip', 'CF-Cache-Status': 'DYNAMIC', 'Report-To': '{"endpoints":[{"url":"https:\\/\\/a.nel.cloudflare.com\\/report\\/v4?s=hpM4FZgr1puq99R79EzyiUmaEUx1Lr3nn60qgBArdDwY1vpg0aBT3NMUkoJfRkAuF1lhGfL%2BLq6ibLbzLtVTSu0QQ5w4YGsG%2FV7KDQWhWPs1SzMkxozNBCLOQJ%2BFVwrU"}],"group":"cf-nel","max_age":604800}', 'NEL': '{"success_fraction":0,"report_to":"cf-nel","max_age":604800}', 'Server': 'cloudflare', 'CF-RAY': '87503be1af3003b4-ORD', 'alt-svc': 'h3=":443"; ma=86400'} 
 body={"results":[{"gender":"male","name":{"title":"Mr","first":"August","last":"Kristensen"},"location":{"street":{"number":7709,"name":"Sommervej"},"city":"Juelsminde","state":"Midtjylland","country":"Denmark","postcode":16511,"coordinates":{"latitude":"-44.0771","longitude":"-30.1399"},"timezone":{"offset":"-3:30","description":"Newfoundland"}},"email":"august.kristensen@example.com","login":{"uuid":"164cc561-8c9b-4aed-a990-8b50e1c172b9","username":"purplebear566","password":"mulder","salt":"IVLTM6YN","md5":"13465e0d3e845b675ca2200744c48d94","sha1":"07da8ebe8fe55e4d87f70afe75d19770d659008d","sha256":"ebbb8ac03ec7a8dfa5ea18abad60f746d3bb954a2a11f9e09c8d629d52324d71"},"dob":{"date":"1985-04-08T23:25:26.031Z","age":39},"registered":{"date":"2008-09-26T04:52:32.524Z","age":15},"phone":"91714176","cell":"44043472","id":{"name":"CPR","value":"080485-1831"},"picture":{"large":"https://randomuser.me/api/portraits/men/1.jpg","medium":"https://randomuser.me/api/portraits/med/men/1.jpg","thumbnail":"https://randomuser.me/api/portraits/thumb/men/1.jpg"},"nat":"DK"}],"info":{"seed":"56ad60391f28c24b","results":1,"page":1,"version":"1.4"}} 
 </msg>
<msg time="2024-04-16T00:59:39.194344" level="INFO">/opt/hostedtoolcache/Python/3.12.2/x64/lib/python3.12/site-packages/urllib3/connectionpool.py:1103: InsecureRequestWarning: Unverified HTTPS request is being made to host 'randomuser.me'. Adding certificate verification is strongly advised. See: https://urllib3.readthedocs.io/en/latest/advanced-usage.html#tls-warnings
  warnings.warn(</msg>
<msg time="2024-04-16T00:59:39.194474" level="INFO">${response} = &lt;Response [200]&gt;</msg>
<var>${response}</var>
<arg>consultarAPI</arg>
<arg>/api</arg>
<doc>Sends a GET request on a previously created HTTP Session.</doc>
<status status="PASS" start="2024-04-16T00:59:38.889493" elapsed="0.305025"/>
</kw>
<kw name="Should Be Equal As Numbers" owner="BuiltIn">
<msg time="2024-04-16T00:59:39.195510" level="INFO">Argument types are:
&lt;class 'int'&gt;
&lt;class 'str'&gt;</msg>
<arg>${response.status_code}</arg>
<arg>200</arg>
<doc>Fails if objects are unequal after converting them to real numbers.</doc>
<status status="PASS" start="2024-04-16T00:59:39.195055" elapsed="0.000518"/>
</kw>
<kw name="Log" owner="BuiltIn">
<msg time="2024-04-16T00:59:39.196239" level="INFO">200</msg>
<arg>${response.status_code}</arg>
<doc>Logs the given message with the given level.</doc>
<status status="PASS" start="2024-04-16T00:59:39.195895" elapsed="0.000386"/>
</kw>
<kw name="Set Variable" owner="BuiltIn">
<msg time="2024-04-16T00:59:39.197032" level="INFO">${json_data} = {'results': [{'gender': 'male', 'name': {'title': 'Mr', 'first': 'August', 'last': 'Kristensen'}, 'location': {'street': {'number': 7709, 'name': 'Sommervej'}, 'city': 'Juelsminde', 'state': 'Midtjyll...</msg>
<var>${json_data}</var>
<arg>${response.json()}</arg>
<doc>Returns the given values which can then be assigned to a variables.</doc>
<status status="PASS" start="2024-04-16T00:59:39.196602" elapsed="0.000457"/>
</kw>
<kw name="Dictionary Should Contain Key" owner="Collections">
<msg time="2024-04-16T00:59:39.197528" level="INFO">False</msg>
<arg>${json_data}</arg>
<arg>results</arg>
<doc>Fails if ``key`` is not found from ``dictionary``.</doc>
<status status="PASS" start="2024-04-16T00:59:39.197362" elapsed="0.000210"/>
</kw>
<status status="PASS" start="2024-04-16T00:59:38.889244" elapsed="0.308591"/>
</kw>
<doc>Testa se a API responde corretamente e retorna um objeto JSON válido.</doc>
<tag>testeRequisicaoBasica</tag>
<status status="PASS" start="2024-04-16T00:59:38.888706" elapsed="0.309315"/>
</test>
<test id="s1-s1-t3" name="Validar estrutura de resposta" line="22">
<kw name="Teste de Estrutura de Resposta" owner="random-user-service">
<kw name="GET On Session" owner="RequestsLibrary">
<msg time="2024-04-16T00:59:39.288395" level="INFO">GET Request : url=https://randomuser.me/api 
 path_url=/api 
 headers={'User-Agent': 'python-requests/2.31.0', 'Accept-Encoding': 'gzip, deflate', 'Accept': '*/*', 'Connection': 'keep-alive'} 
 body=None 
 </msg>
<msg time="2024-04-16T00:59:39.288482" level="INFO">GET Response : url=https://randomuser.me/api 
 status=200, reason=OK 
 headers={'Date': 'Tue, 16 Apr 2024 00:59:39 GMT', 'Content-Type': 'application/json; charset=utf-8', 'Transfer-Encoding': 'chunked', 'Connection': 'keep-alive', 'X-Powered-By': 'Express', 'Access-Control-Allow-Origin': '*', 'Cache-Control': 'no-cache', 'ETag': 'W/"489-LJwXx98XHC6G3o+JmvOCP67Cky0"', 'Vary': 'Accept-Encoding', 'Content-Encoding': 'gzip', 'CF-Cache-Status': 'DYNAMIC', 'Report-To': '{"endpoints":[{"url":"https:\\/\\/a.nel.cloudflare.com\\/report\\/v4?s=rjTnt7A%2FJ8AyntfbFTejPfNa0H33Md3WOxrIgwQym0Pw95O5OvfAq5LXqZx5bPxR%2Be1wgOLz37cak7ULVYT%2FFvBLdcLpuut0C1vPCiWghXCGr0aZ0L27564AN3U53dK7"}],"group":"cf-nel","max_age":604800}', 'NEL': '{"success_fraction":0,"report_to":"cf-nel","max_age":604800}', 'Server': 'cloudflare', 'CF-RAY': '87503be20f7f03b4-ORD', 'alt-svc': 'h3=":443"; ma=86400'} 
 body={"results":[{"gender":"female","name":{"title":"Ms","first":"Thea","last":"Harris"},"location":{"street":{"number":8243,"name":"Spey Street"},"city":"Rotorua","state":"Gisborne","country":"New Zealand","postcode":53522,"coordinates":{"latitude":"52.2069","longitude":"115.2013"},"timezone":{"offset":"+10:00","description":"Eastern Australia, Guam, Vladivostok"}},"email":"thea.harris@example.com","login":{"uuid":"f3cfdca3-7ed8-4182-8541-f28f3506ac01","username":"bigzebra227","password":"cowboys","salt":"31HeGiHt","md5":"ca5ef22eae43692f89ff39e491fc962d","sha1":"c51fd949f358b3a4550b6dee8ff8591350a66afc","sha256":"144608746329dc998ee3529dee1d3ff414338befcdbf2dc5e7cbba26bb517694"},"dob":{"date":"1975-12-29T12:25:42.107Z","age":48},"registered":{"date":"2021-05-10T14:38:55.641Z","age":2},"phone":"(303)-670-1258","cell":"(857)-761-5917","id":{"name":"","value":null},"picture":{"large":"https://randomuser.me/api/portraits/women/19.jpg","medium":"https://randomuser.me/api/portraits/med/women/19.jpg","thumbnail":"https://randomuser.me/api/portraits/thumb/women/19.jpg"},"nat":"NZ"}],"info":{"seed":"439f9edf0f463128","results":1,"page":1,"version":"1.4"}} 
 </msg>
<msg time="2024-04-16T00:59:39.288623" level="INFO">/opt/hostedtoolcache/Python/3.12.2/x64/lib/python3.12/site-packages/urllib3/connectionpool.py:1103: InsecureRequestWarning: Unverified HTTPS request is being made to host 'randomuser.me'. Adding certificate verification is strongly advised. See: https://urllib3.readthedocs.io/en/latest/advanced-usage.html#tls-warnings
  warnings.warn(</msg>
<msg time="2024-04-16T00:59:39.288747" level="INFO">${response} = &lt;Response [200]&gt;</msg>
<var>${response}</var>
<arg>consultarAPI</arg>
<arg>/api</arg>
<doc>Sends a GET request on a previously created HTTP Session.</doc>
<status status="PASS" start="2024-04-16T00:59:39.200749" elapsed="0.088042"/>
</kw>
<kw name="Set Variable" owner="BuiltIn">
<msg time="2024-04-16T00:59:39.289708" level="INFO">${json_data} = {'results': [{'gender': 'female', 'name': {'title': 'Ms', 'first': 'Thea', 'last': 'Harris'}, 'location': {'street': {'number': 8243, 'name': 'Spey Street'}, 'city': 'Rotorua', 'state': 'Gisborne', 'c...</msg>
<var>${json_data}</var>
<arg>${response.json()}</arg>
<doc>Returns the given values which can then be assigned to a variables.</doc>
<status status="PASS" start="2024-04-16T00:59:39.289251" elapsed="0.000485"/>
</kw>
<kw name="Log" owner="BuiltIn">
<msg time="2024-04-16T00:59:39.290243" level="INFO">{'results': [{'gender': 'female', 'name': {'title': 'Ms', 'first': 'Thea', 'last': 'Harris'}, 'location': {'street': {'number': 8243, 'name': 'Spey Street'}, 'city': 'Rotorua', 'state': 'Gisborne', 'country': 'New Zealand', 'postcode': 53522, 'coordinates': {'latitude': '52.2069', 'longitude': '115.2013'}, 'timezone': {'offset': '+10:00', 'description': 'Eastern Australia, Guam, Vladivostok'}}, 'email': 'thea.harris@example.com', 'login': {'uuid': 'f3cfdca3-7ed8-4182-8541-f28f3506ac01', 'username': 'bigzebra227', 'password': 'cowboys', 'salt': '31HeGiHt', 'md5': 'ca5ef22eae43692f89ff39e491fc962d', 'sha1': 'c51fd949f358b3a4550b6dee8ff8591350a66afc', 'sha256': '144608746329dc998ee3529dee1d3ff414338befcdbf2dc5e7cbba26bb517694'}, 'dob': {'date': '1975-12-29T12:25:42.107Z', 'age': 48}, 'registered': {'date': '2021-05-10T14:38:55.641Z', 'age': 2}, 'phone': '(303)-670-1258', 'cell': '(857)-761-5917', 'id': {'name': '', 'value': None}, 'picture': {'large': 'https://randomuser.me/api/portraits/women/19.jpg', 'medium': 'https://randomuser.me/api/portraits/med/women/19.jpg', 'thumbnail': 'https://randomuser.me/api/portraits/thumb/women/19.jpg'}, 'nat': 'NZ'}], 'info': {'seed': '439f9edf0f463128', 'results': 1, 'page': 1, 'version': '1.4'}}</msg>
<arg>${json_data}</arg>
<doc>Logs the given message with the given level.</doc>
<status status="PASS" start="2024-04-16T00:59:39.290044" elapsed="0.000251"/>
</kw>
<kw name="Dictionary Should Contain Key" owner="Collections">
<msg time="2024-04-16T00:59:39.290754" level="INFO">False</msg>
<arg>${json_data}</arg>
<arg>results</arg>
<doc>Fails if ``key`` is not found from ``dictionary``.</doc>
<status status="PASS" start="2024-04-16T00:59:39.290602" elapsed="0.000189"/>
</kw>
<kw name="Should Not Be Empty" owner="BuiltIn">
<msg time="2024-04-16T00:59:39.291219" level="INFO">Length is 2.</msg>
<arg>${json_data}</arg>
<doc>Verifies that the given item is not empty.</doc>
<status status="PASS" start="2024-04-16T00:59:39.291088" elapsed="0.000170"/>
</kw>
<kw name="Create List" owner="BuiltIn">
<msg time="2024-04-16T00:59:39.291696" level="INFO">${expected_keys} = ['gender', 'name', 'location', 'email', 'login']</msg>
<var>${expected_keys}</var>
<arg>gender</arg>
<arg>name</arg>
<arg>location</arg>
<arg>email</arg>
<arg>login</arg>
<doc>Returns a list containing given items.</doc>
<status status="PASS" start="2024-04-16T00:59:39.291547" elapsed="0.000174"/>
</kw>
<for flavor="IN">
<iter>
<kw name="Dictionary Should Contain Key" owner="Collections">
<msg time="2024-04-16T00:59:39.292678" level="INFO">False</msg>
<arg>${json_data['results'][0]}</arg>
<arg>${key}</arg>
<doc>Fails if ``key`` is not found from ``dictionary``.</doc>
<status status="PASS" start="2024-04-16T00:59:39.292281" elapsed="0.000435"/>
</kw>
<kw name="Log" owner="BuiltIn">
<msg time="2024-04-16T00:59:39.293370" level="INFO">{'gender': 'female', 'name': {'title': 'Ms', 'first': 'Thea', 'last': 'Harris'}, 'location': {'street': {'number': 8243, 'name': 'Spey Street'}, 'city': 'Rotorua', 'state': 'Gisborne', 'country': 'New Zealand', 'postcode': 53522, 'coordinates': {'latitude': '52.2069', 'longitude': '115.2013'}, 'timezone': {'offset': '+10:00', 'description': 'Eastern Australia, Guam, Vladivostok'}}, 'email': 'thea.harris@example.com', 'login': {'uuid': 'f3cfdca3-7ed8-4182-8541-f28f3506ac01', 'username': 'bigzebra227', 'password': 'cowboys', 'salt': '31HeGiHt', 'md5': 'ca5ef22eae43692f89ff39e491fc962d', 'sha1': 'c51fd949f358b3a4550b6dee8ff8591350a66afc', 'sha256': '144608746329dc998ee3529dee1d3ff414338befcdbf2dc5e7cbba26bb517694'}, 'dob': {'date': '1975-12-29T12:25:42.107Z', 'age': 48}, 'registered': {'date': '2021-05-10T14:38:55.641Z', 'age': 2}, 'phone': '(303)-670-1258', 'cell': '(857)-761-5917', 'id': {'name': '', 'value': None}, 'picture': {'large': 'https://randomuser.me/api/portraits/women/19.jpg', 'medium': 'https://randomuser.me/api/portraits/med/women/19.jpg', 'thumbnail': 'https://randomuser.me/api/portraits/thumb/women/19.jpg'}, 'nat': 'NZ'}</msg>
<arg>${json_data['results'][0]}</arg>
<doc>Logs the given message with the given level.</doc>
<status status="PASS" start="2024-04-16T00:59:39.293013" elapsed="0.000404"/>
</kw>
<kw name="Log" owner="BuiltIn">
<msg time="2024-04-16T00:59:39.293837" level="INFO">gender</msg>
<arg>${key}</arg>
<doc>Logs the given message with the given level.</doc>
<status status="PASS" start="2024-04-16T00:59:39.293710" elapsed="0.000166"/>
</kw>
<var name="${key}">gender</var>
<status status="PASS" start="2024-04-16T00:59:39.292159" elapsed="0.001936"/>
</iter>
<iter>
<kw name="Dictionary Should Contain Key" owner="Collections">
<msg time="2024-04-16T00:59:39.294802" level="INFO">False</msg>
<arg>${json_data['results'][0]}</arg>
<arg>${key}</arg>
<doc>Fails if ``key`` is not found from ``dictionary``.</doc>
<status status="PASS" start="2024-04-16T00:59:39.294425" elapsed="0.000415"/>
</kw>
<kw name="Log" owner="BuiltIn">
<msg time="2024-04-16T00:59:39.295531" level="INFO">{'gender': 'female', 'name': {'title': 'Ms', 'first': 'Thea', 'last': 'Harris'}, 'location': {'street': {'number': 8243, 'name': 'Spey Street'}, 'city': 'Rotorua', 'state': 'Gisborne', 'country': 'New Zealand', 'postcode': 53522, 'coordinates': {'latitude': '52.2069', 'longitude': '115.2013'}, 'timezone': {'offset': '+10:00', 'description': 'Eastern Australia, Guam, Vladivostok'}}, 'email': 'thea.harris@example.com', 'login': {'uuid': 'f3cfdca3-7ed8-4182-8541-f28f3506ac01', 'username': 'bigzebra227', 'password': 'cowboys', 'salt': '31HeGiHt', 'md5': 'ca5ef22eae43692f89ff39e491fc962d', 'sha1': 'c51fd949f358b3a4550b6dee8ff8591350a66afc', 'sha256': '144608746329dc998ee3529dee1d3ff414338befcdbf2dc5e7cbba26bb517694'}, 'dob': {'date': '1975-12-29T12:25:42.107Z', 'age': 48}, 'registered': {'date': '2021-05-10T14:38:55.641Z', 'age': 2}, 'phone': '(303)-670-1258', 'cell': '(857)-761-5917', 'id': {'name': '', 'value': None}, 'picture': {'large': 'https://randomuser.me/api/portraits/women/19.jpg', 'medium': 'https://randomuser.me/api/portraits/med/women/19.jpg', 'thumbnail': 'https://randomuser.me/api/portraits/thumb/women/19.jpg'}, 'nat': 'NZ'}</msg>
<arg>${json_data['results'][0]}</arg>
<doc>Logs the given message with the given level.</doc>
<status status="PASS" start="2024-04-16T00:59:39.295171" elapsed="0.000412"/>
</kw>
<kw name="Log" owner="BuiltIn">
<msg time="2024-04-16T00:59:39.296012" level="INFO">name</msg>
<arg>${key}</arg>
<doc>Logs the given message with the given level.</doc>
<status status="PASS" start="2024-04-16T00:59:39.295884" elapsed="0.000164"/>
</kw>
<var name="${key}">name</var>
<status status="PASS" start="2024-04-16T00:59:39.294311" elapsed="0.001956"/>
</iter>
<iter>
<kw name="Dictionary Should Contain Key" owner="Collections">
<msg time="2024-04-16T00:59:39.296934" level="INFO">False</msg>
<arg>${json_data['results'][0]}</arg>
<arg>${key}</arg>
<doc>Fails if ``key`` is not found from ``dictionary``.</doc>
<status status="PASS" start="2024-04-16T00:59:39.296558" elapsed="0.000413"/>
</kw>
<kw name="Log" owner="BuiltIn">
<msg time="2024-04-16T00:59:39.297622" level="INFO">{'gender': 'female', 'name': {'title': 'Ms', 'first': 'Thea', 'last': 'Harris'}, 'location': {'street': {'number': 8243, 'name': 'Spey Street'}, 'city': 'Rotorua', 'state': 'Gisborne', 'country': 'New Zealand', 'postcode': 53522, 'coordinates': {'latitude': '52.2069', 'longitude': '115.2013'}, 'timezone': {'offset': '+10:00', 'description': 'Eastern Australia, Guam, Vladivostok'}}, 'email': 'thea.harris@example.com', 'login': {'uuid': 'f3cfdca3-7ed8-4182-8541-f28f3506ac01', 'username': 'bigzebra227', 'password': 'cowboys', 'salt': '31HeGiHt', 'md5': 'ca5ef22eae43692f89ff39e491fc962d', 'sha1': 'c51fd949f358b3a4550b6dee8ff8591350a66afc', 'sha256': '144608746329dc998ee3529dee1d3ff414338befcdbf2dc5e7cbba26bb517694'}, 'dob': {'date': '1975-12-29T12:25:42.107Z', 'age': 48}, 'registered': {'date': '2021-05-10T14:38:55.641Z', 'age': 2}, 'phone': '(303)-670-1258', 'cell': '(857)-761-5917', 'id': {'name': '', 'value': None}, 'picture': {'large': 'https://randomuser.me/api/portraits/women/19.jpg', 'medium': 'https://randomuser.me/api/portraits/med/women/19.jpg', 'thumbnail': 'https://randomuser.me/api/portraits/thumb/women/19.jpg'}, 'nat': 'NZ'}</msg>
<arg>${json_data['results'][0]}</arg>
<doc>Logs the given message with the given level.</doc>
<status status="PASS" start="2024-04-16T00:59:39.297264" elapsed="0.000405"/>
</kw>
<kw name="Log" owner="BuiltIn">
<msg time="2024-04-16T00:59:39.298085" level="INFO">location</msg>
<arg>${key}</arg>
<doc>Logs the given message with the given level.</doc>
<status status="PASS" start="2024-04-16T00:59:39.297960" elapsed="0.000163"/>
</kw>
<var name="${key}">location</var>
<status status="PASS" start="2024-04-16T00:59:39.296447" elapsed="0.001948"/>
</iter>
<iter>
<kw name="Dictionary Should Contain Key" owner="Collections">
<msg time="2024-04-16T00:59:39.299053" level="INFO">False</msg>
<arg>${json_data['results'][0]}</arg>
<arg>${key}</arg>
<doc>Fails if ``key`` is not found from ``dictionary``.</doc>
<status status="PASS" start="2024-04-16T00:59:39.298675" elapsed="0.000419"/>
</kw>
<kw name="Log" owner="BuiltIn">
<msg time="2024-04-16T00:59:39.299748" level="INFO">{'gender': 'female', 'name': {'title': 'Ms', 'first': 'Thea', 'last': 'Harris'}, 'location': {'street': {'number': 8243, 'name': 'Spey Street'}, 'city': 'Rotorua', 'state': 'Gisborne', 'country': 'New Zealand', 'postcode': 53522, 'coordinates': {'latitude': '52.2069', 'longitude': '115.2013'}, 'timezone': {'offset': '+10:00', 'description': 'Eastern Australia, Guam, Vladivostok'}}, 'email': 'thea.harris@example.com', 'login': {'uuid': 'f3cfdca3-7ed8-4182-8541-f28f3506ac01', 'username': 'bigzebra227', 'password': 'cowboys', 'salt': '31HeGiHt', 'md5': 'ca5ef22eae43692f89ff39e491fc962d', 'sha1': 'c51fd949f358b3a4550b6dee8ff8591350a66afc', 'sha256': '144608746329dc998ee3529dee1d3ff414338befcdbf2dc5e7cbba26bb517694'}, 'dob': {'date': '1975-12-29T12:25:42.107Z', 'age': 48}, 'registered': {'date': '2021-05-10T14:38:55.641Z', 'age': 2}, 'phone': '(303)-670-1258', 'cell': '(857)-761-5917', 'id': {'name': '', 'value': None}, 'picture': {'large': 'https://randomuser.me/api/portraits/women/19.jpg', 'medium': 'https://randomuser.me/api/portraits/med/women/19.jpg', 'thumbnail': 'https://randomuser.me/api/portraits/thumb/women/19.jpg'}, 'nat': 'NZ'}</msg>
<arg>${json_data['results'][0]}</arg>
<doc>Logs the given message with the given level.</doc>
<status status="PASS" start="2024-04-16T00:59:39.299390" elapsed="0.000405"/>
</kw>
<kw name="Log" owner="BuiltIn">
<msg time="2024-04-16T00:59:39.300221" level="INFO">email</msg>
<arg>${key}</arg>
<doc>Logs the given message with the given level.</doc>
<status status="PASS" start="2024-04-16T00:59:39.300095" elapsed="0.000163"/>
</kw>
<var name="${key}">email</var>
<status status="PASS" start="2024-04-16T00:59:39.298565" elapsed="0.001904"/>
</iter>
<iter>
<kw name="Dictionary Should Contain Key" owner="Collections">
<msg time="2024-04-16T00:59:39.301128" level="INFO">False</msg>
<arg>${json_data['results'][0]}</arg>
<arg>${key}</arg>
<doc>Fails if ``key`` is not found from ``dictionary``.</doc>
<status status="PASS" start="2024-04-16T00:59:39.300748" elapsed="0.000417"/>
</kw>
<kw name="Log" owner="BuiltIn">
<msg time="2024-04-16T00:59:39.301805" level="INFO">{'gender': 'female', 'name': {'title': 'Ms', 'first': 'Thea', 'last': 'Harris'}, 'location': {'street': {'number': 8243, 'name': 'Spey Street'}, 'city': 'Rotorua', 'state': 'Gisborne', 'country': 'New Zealand', 'postcode': 53522, 'coordinates': {'latitude': '52.2069', 'longitude': '115.2013'}, 'timezone': {'offset': '+10:00', 'description': 'Eastern Australia, Guam, Vladivostok'}}, 'email': 'thea.harris@example.com', 'login': {'uuid': 'f3cfdca3-7ed8-4182-8541-f28f3506ac01', 'username': 'bigzebra227', 'password': 'cowboys', 'salt': '31HeGiHt', 'md5': 'ca5ef22eae43692f89ff39e491fc962d', 'sha1': 'c51fd949f358b3a4550b6dee8ff8591350a66afc', 'sha256': '144608746329dc998ee3529dee1d3ff414338befcdbf2dc5e7cbba26bb517694'}, 'dob': {'date': '1975-12-29T12:25:42.107Z', 'age': 48}, 'registered': {'date': '2021-05-10T14:38:55.641Z', 'age': 2}, 'phone': '(303)-670-1258', 'cell': '(857)-761-5917', 'id': {'name': '', 'value': None}, 'picture': {'large': 'https://randomuser.me/api/portraits/women/19.jpg', 'medium': 'https://randomuser.me/api/portraits/med/women/19.jpg', 'thumbnail': 'https://randomuser.me/api/portraits/thumb/women/19.jpg'}, 'nat': 'NZ'}</msg>
<arg>${json_data['results'][0]}</arg>
<doc>Logs the given message with the given level.</doc>
<status status="PASS" start="2024-04-16T00:59:39.301458" elapsed="0.000393"/>
</kw>
<kw name="Log" owner="BuiltIn">
<msg time="2024-04-16T00:59:39.302325" level="INFO">login</msg>
<arg>${key}</arg>
<doc>Logs the given message with the given level.</doc>
<status status="PASS" start="2024-04-16T00:59:39.302139" elapsed="0.000226"/>
</kw>
<var name="${key}">login</var>
<status status="PASS" start="2024-04-16T00:59:39.300639" elapsed="0.001968"/>
</iter>
<var>${key}</var>
<value>@{expected_keys}</value>
<status status="PASS" start="2024-04-16T00:59:39.291979" elapsed="0.010753"/>
</for>
<kw name="Create List" owner="BuiltIn">
<msg time="2024-04-16T00:59:39.303058" level="INFO">${expected_keysTwo} = ['username', 'password']</msg>
<var>${expected_keysTwo}</var>
<arg>username</arg>
<arg>password</arg>
<doc>Returns a list containing given items.</doc>
<status status="PASS" start="2024-04-16T00:59:39.302923" elapsed="0.000158"/>
</kw>
<for flavor="IN">
<iter>
<kw name="Dictionary Should Contain Key" owner="Collections">
<msg time="2024-04-16T00:59:39.304056" level="INFO">False</msg>
<arg>${json_data['results'][0]['login']}</arg>
<arg>${keyTwo}</arg>
<doc>Fails if ``key`` is not found from ``dictionary``.</doc>
<status status="PASS" start="2024-04-16T00:59:39.303677" elapsed="0.000416"/>
</kw>
<kw name="Dictionary Should Contain Key" owner="Collections">
<msg time="2024-04-16T00:59:39.304761" level="INFO">False</msg>
<arg>${json_data['results'][0]['login']}</arg>
<arg>${keyTwo}</arg>
<doc>Fails if ``key`` is not found from ``dictionary``.</doc>
<status status="PASS" start="2024-04-16T00:59:39.304390" elapsed="0.000407"/>
</kw>
<kw name="Log" owner="BuiltIn">
<msg time="2024-04-16T00:59:39.305221" level="INFO">username</msg>
<arg>${keyTwo}</arg>
<doc>Logs the given message with the given level.</doc>
<status status="PASS" start="2024-04-16T00:59:39.305092" elapsed="0.000166"/>
</kw>
<var name="${keyTwo}">username</var>
<status status="PASS" start="2024-04-16T00:59:39.303564" elapsed="0.001911"/>
</iter>
<iter>
<kw name="Dictionary Should Contain Key" owner="Collections">
<msg time="2024-04-16T00:59:39.306136" level="INFO">False</msg>
<arg>${json_data['results'][0]['login']}</arg>
<arg>${keyTwo}</arg>
<doc>Fails if ``key`` is not found from ``dictionary``.</doc>
<status status="PASS" start="2024-04-16T00:59:39.305755" elapsed="0.000447"/>
</kw>
<kw name="Dictionary Should Contain Key" owner="Collections">
<msg time="2024-04-16T00:59:39.306889" level="INFO">False</msg>
<arg>${json_data['results'][0]['login']}</arg>
<arg>${keyTwo}</arg>
<doc>Fails if ``key`` is not found from ``dictionary``.</doc>
<status status="PASS" start="2024-04-16T00:59:39.306506" elapsed="0.000419"/>
</kw>
<kw name="Log" owner="BuiltIn">
<msg time="2024-04-16T00:59:39.307347" level="INFO">password</msg>
<arg>${keyTwo}</arg>
<doc>Logs the given message with the given level.</doc>
<status status="PASS" start="2024-04-16T00:59:39.307219" elapsed="0.000166"/>
</kw>
<var name="${keyTwo}">password</var>
<status status="PASS" start="2024-04-16T00:59:39.305647" elapsed="0.001954"/>
</iter>
<var>${keyTwo}</var>
<value>@{expected_keysTwo}</value>
<status status="PASS" start="2024-04-16T00:59:39.303313" elapsed="0.004410"/>
</for>
<status status="PASS" start="2024-04-16T00:59:39.200510" elapsed="0.107351"/>
</kw>
<doc>Testa a estrutura da resposta da API.</doc>
<tag>testeEstruturaResposta</tag>
<status status="PASS" start="2024-04-16T00:59:39.199856" elapsed="0.108156"/>
</test>
<test id="s1-s1-t4" name="Validar tipos de dados" line="28">
<kw name="Teste de Tipos de Dados" owner="random-user-service">
<kw name="GET On Session" owner="RequestsLibrary">
<msg time="2024-04-16T00:59:39.388882" level="INFO">GET Request : url=https://randomuser.me/api 
 path_url=/api 
 headers={'User-Agent': 'python-requests/2.31.0', 'Accept-Encoding': 'gzip, deflate', 'Accept': '*/*', 'Connection': 'keep-alive'} 
 body=None 
 </msg>
<msg time="2024-04-16T00:59:39.388957" level="INFO">GET Response : url=https://randomuser.me/api 
 status=200, reason=OK 
 headers={'Date': 'Tue, 16 Apr 2024 00:59:39 GMT', 'Content-Type': 'application/json; charset=utf-8', 'Transfer-Encoding': 'chunked', 'Connection': 'keep-alive', 'X-Powered-By': 'Express', 'Access-Control-Allow-Origin': '*', 'Cache-Control': 'no-cache', 'ETag': 'W/"4a6-CEz3vTWZAKqcatQDS6gQaA6Ew2o"', 'Vary': 'Accept-Encoding', 'Content-Encoding': 'gzip', 'CF-Cache-Status': 'DYNAMIC', 'Report-To': '{"endpoints":[{"url":"https:\\/\\/a.nel.cloudflare.com\\/report\\/v4?s=MlewryYMI22%2FjLZbffz6Dt5TUYJlLCmYfWEdTwF1nrTP9SxiPOBeEwldZ9cjMIfDOME%2FxohFI1%2FtAwsCy49VyJUhw63zDbERttkBSZlTY71OvMM8Fp2q2VIFVOfY1WBw"}],"group":"cf-nel","max_age":604800}', 'NEL': '{"success_fraction":0,"report_to":"cf-nel","max_age":604800}', 'Server': 'cloudflare', 'CF-RAY': '87503be2b80a03b4-ORD', 'alt-svc': 'h3=":443"; ma=86400'} 
 body={"results":[{"gender":"female","name":{"title":"Ms","first":"Melodie","last":"Ginnish"},"location":{"street":{"number":365,"name":"Richmond Ave"},"city":"St. Antoine","state":"British Columbia","country":"Canada","postcode":"G3N 2J3","coordinates":{"latitude":"-66.4283","longitude":"29.7765"},"timezone":{"offset":"+5:30","description":"Bombay, Calcutta, Madras, New Delhi"}},"email":"melodie.ginnish@example.com","login":{"uuid":"d5bb0cd1-6760-4ca9-a334-62e69c51d96c","username":"crazygorilla244","password":"chambers","salt":"ByaXNMko","md5":"f901af066d29d5e2270706e3e3bb01bd","sha1":"c834123efe615679bc853640430c6a14a92ceaae","sha256":"9259c78bc9d895454eb1ca7e8d971ac1a700571e7dfc6e4cb82804375b843b2b"},"dob":{"date":"1994-08-04T02:58:26.310Z","age":29},"registered":{"date":"2009-12-11T19:44:43.993Z","age":14},"phone":"U31 V54-7673","cell":"V92 F77-5313","id":{"name":"SIN","value":"686409590"},"picture":{"large":"https://randomuser.me/api/portraits/women/58.jpg","medium":"https://randomuser.me/api/portraits/med/women/58.jpg","thumbnail":"https://randomuser.me/api/portraits/thumb/women/58.jpg"},"nat":"CA"}],"info":{"seed":"a68dae7e41546eec","results":1,"page":1,"version":"1.4"}} 
 </msg>
<msg time="2024-04-16T00:59:39.389022" level="INFO">/opt/hostedtoolcache/Python/3.12.2/x64/lib/python3.12/site-packages/urllib3/connectionpool.py:1103: InsecureRequestWarning: Unverified HTTPS request is being made to host 'randomuser.me'. Adding certificate verification is strongly advised. See: https://urllib3.readthedocs.io/en/latest/advanced-usage.html#tls-warnings
  warnings.warn(</msg>
<msg time="2024-04-16T00:59:39.389105" level="INFO">${response} = &lt;Response [200]&gt;</msg>
<var>${response}</var>
<arg>consultarAPI</arg>
<arg>/api</arg>
<doc>Sends a GET request on a previously created HTTP Session.</doc>
<status status="PASS" start="2024-04-16T00:59:39.310371" elapsed="0.078767"/>
</kw>
<kw name="Set Variable" owner="BuiltIn">
<msg time="2024-04-16T00:59:39.390293" level="INFO">${json_data} = {'results': [{'gender': 'female', 'name': {'title': 'Ms', 'first': 'Melodie', 'last': 'Ginnish'}, 'location': {'street': {'number': 365, 'name': 'Richmond Ave'}, 'city': 'St. Antoine', 'state': 'Briti...</msg>
<var>${json_data}</var>
<arg>${response.json()}</arg>
<doc>Returns the given values which can then be assigned to a variables.</doc>
<status status="PASS" start="2024-04-16T00:59:39.389630" elapsed="0.000692"/>
</kw>
<kw name="Log" owner="BuiltIn">
<msg time="2024-04-16T00:59:39.390781" level="INFO">{'results': [{'gender': 'female', 'name': {'title': 'Ms', 'first': 'Melodie', 'last': 'Ginnish'}, 'location': {'street': {'number': 365, 'name': 'Richmond Ave'}, 'city': 'St. Antoine', 'state': 'British Columbia', 'country': 'Canada', 'postcode': 'G3N 2J3', 'coordinates': {'latitude': '-66.4283', 'longitude': '29.7765'}, 'timezone': {'offset': '+5:30', 'description': 'Bombay, Calcutta, Madras, New Delhi'}}, 'email': 'melodie.ginnish@example.com', 'login': {'uuid': 'd5bb0cd1-6760-4ca9-a334-62e69c51d96c', 'username': 'crazygorilla244', 'password': 'chambers', 'salt': 'ByaXNMko', 'md5': 'f901af066d29d5e2270706e3e3bb01bd', 'sha1': 'c834123efe615679bc853640430c6a14a92ceaae', 'sha256': '9259c78bc9d895454eb1ca7e8d971ac1a700571e7dfc6e4cb82804375b843b2b'}, 'dob': {'date': '1994-08-04T02:58:26.310Z', 'age': 29}, 'registered': {'date': '2009-12-11T19:44:43.993Z', 'age': 14}, 'phone': 'U31 V54-7673', 'cell': 'V92 F77-5313', 'id': {'name': 'SIN', 'value': '686409590'}, 'picture': {'large': 'https://randomuser.me/api/portraits/women/58.jpg', 'medium': 'https://randomuser.me/api/portraits/med/women/58.jpg', 'thumbnail': 'https://randomuser.me/api/portraits/thumb/women/58.jpg'}, 'nat': 'CA'}], 'info': {'seed': 'a68dae7e41546eec', 'results': 1, 'page': 1, 'version': '1.4'}}</msg>
<arg>${json_data}</arg>
<doc>Logs the given message with the given level.</doc>
<status status="PASS" start="2024-04-16T00:59:39.390629" elapsed="0.000229"/>
</kw>
<kw name="Should Be String" owner="String">
<arg>${json_data['results'][0]['gender']}</arg>
<doc>Fails if the given ``item`` is not a string.</doc>
<status status="PASS" start="2024-04-16T00:59:39.391155" elapsed="0.000356"/>
</kw>
<kw name="Should Match Regexp" owner="BuiltIn">
<arg>${json_data['results'][0]['email']}</arg>
<arg>^[a-zA-Z0-9._%+-]+@[a-zA-Z0-9.-]+\.[a-zA-Z]{2,}$</arg>
<doc>Fails if ``string`` does not match ``pattern`` as a regular expression.</doc>
<status status="PASS" start="2024-04-16T00:59:39.391704" elapsed="0.000503"/>
</kw>
<kw name="Should Match Regexp" owner="BuiltIn">
<arg>${json_data['results'][0]['dob']['date']}</arg>
<arg>\\d{4}-\\d{2}-\\d{2}T\\d{2}:\\d{2}:\\d{2}\\.\\d{3}Z</arg>
<doc>Fails if ``string`` does not match ``pattern`` as a regular expression.</doc>
<status status="PASS" start="2024-04-16T00:59:39.392403" elapsed="0.000480"/>
</kw>
<kw name="Should Match Regexp" owner="BuiltIn">
<arg>${json_data['results'][0]['registered']['date']}</arg>
<arg>\\d{4}-\\d{2}-\\d{2}T\\d{2}:\\d{2}:\\d{2}\\.\\d{3}Z</arg>
<doc>Fails if ``string`` does not match ``pattern`` as a regular expression.</doc>
<status status="PASS" start="2024-04-16T00:59:39.393082" elapsed="0.000370"/>
</kw>
<kw name="Should Match Regexp" owner="BuiltIn">
<arg>${json_data['results'][0]['picture']['large']}</arg>
<arg>^https?://.*\.(?:png|jpe?g|gif|bmp)$</arg>
<doc>Fails if ``string`` does not match ``pattern`` as a regular expression.</doc>
<status status="PASS" start="2024-04-16T00:59:39.393640" elapsed="0.000449"/>
</kw>
<kw name="Should Match Regexp" owner="BuiltIn">
<arg>${json_data['results'][0]['picture']['medium']}</arg>
<arg>^https?://.*\.(?:png|jpe?g|gif|bmp)$</arg>
<doc>Fails if ``string`` does not match ``pattern`` as a regular expression.</doc>
<status status="PASS" start="2024-04-16T00:59:39.394299" elapsed="0.000351"/>
</kw>
<kw name="Should Match Regexp" owner="BuiltIn">
<arg>${json_data['results'][0]['picture']['thumbnail']}</arg>
<arg>^https?://.*\.(?:png|jpe?g|gif|bmp)$</arg>
<doc>Fails if ``string`` does not match ``pattern`` as a regular expression.</doc>
<status status="PASS" start="2024-04-16T00:59:39.394833" elapsed="0.000365"/>
</kw>
<kw name="Log" owner="BuiltIn">
<msg time="2024-04-16T00:59:39.395703" level="INFO">{'large': 'https://randomuser.me/api/portraits/women/58.jpg', 'medium': 'https://randomuser.me/api/portraits/med/women/58.jpg', 'thumbnail': 'https://randomuser.me/api/portraits/thumb/women/58.jpg'}</msg>
<arg>${json_data['results'][0]['picture']}</arg>
<doc>Logs the given message with the given level.</doc>
<status status="PASS" start="2024-04-16T00:59:39.395378" elapsed="0.000365"/>
</kw>
<status status="PASS" start="2024-04-16T00:59:39.310125" elapsed="0.085868"/>
</kw>
<kw name="Teste de Tipos de Dados - Postcode" owner="random-user-service">
<kw name="GET On Session" owner="RequestsLibrary">
<msg time="2024-04-16T00:59:39.487311" level="INFO">GET Request : url=https://randomuser.me/api 
 path_url=/api 
 headers={'User-Agent': 'python-requests/2.31.0', 'Accept-Encoding': 'gzip, deflate', 'Accept': '*/*', 'Connection': 'keep-alive'} 
 body=None 
 </msg>
<msg time="2024-04-16T00:59:39.487402" level="INFO">GET Response : url=https://randomuser.me/api 
 status=200, reason=OK 
 headers={'Date': 'Tue, 16 Apr 2024 00:59:39 GMT', 'Content-Type': 'application/json; charset=utf-8', 'Transfer-Encoding': 'chunked', 'Connection': 'keep-alive', 'X-Powered-By': 'Express', 'Access-Control-Allow-Origin': '*', 'Cache-Control': 'no-cache', 'ETag': 'W/"496-WL3NccKlvfgpoGdxSfflwBA6L34"', 'Vary': 'Accept-Encoding', 'Content-Encoding': 'gzip', 'CF-Cache-Status': 'DYNAMIC', 'Report-To': '{"endpoints":[{"url":"https:\\/\\/a.nel.cloudflare.com\\/report\\/v4?s=vPRXOLl3h83y%2BvGm6c3G1INuXyqQNWRiPGqvf%2FMaRBRAL5df51k4MEC78k9iceiwlTHa04YwrsnOAYq7%2FVPPpcTyZSjU%2Buoi0gcxbY49ub1UzbGGPe7NWt7ZpUx3w%2FrJ"}],"group":"cf-nel","max_age":604800}', 'NEL': '{"success_fraction":0,"report_to":"cf-nel","max_age":604800}', 'Server': 'cloudflare', 'CF-RAY': '87503be3389903b4-ORD', 'alt-svc': 'h3=":443"; ma=86400'} 
 body={"results":[{"gender":"male","name":{"title":"Mr","first":"Antonio","last":"Carrasco"},"location":{"street":{"number":3816,"name":"Avenida de Castilla"},"city":"Alicante","state":"Comunidad de Madrid","country":"Spain","postcode":53324,"coordinates":{"latitude":"-31.0786","longitude":"-128.1421"},"timezone":{"offset":"-7:00","description":"Mountain Time (US &amp; Canada)"}},"email":"antonio.carrasco@example.com","login":{"uuid":"22361187-ca75-4472-bb24-a5ec2975abf6","username":"blackfish665","password":"reason","salt":"XOCurBiS","md5":"8d1e8229e87b5097b5c48b5c68643245","sha1":"0343513e13ae74c6abcbb0177bdf84e5282fad7a","sha256":"bb0966ac15670a2e025c489eeafd9b3c0d79b4427915dc1065c05c4db6e8cab1"},"dob":{"date":"1964-07-09T10:20:59.884Z","age":59},"registered":{"date":"2021-02-13T18:58:13.223Z","age":3},"phone":"916-436-793","cell":"613-259-801","id":{"name":"DNI","value":"89963837-W"},"picture":{"large":"https://randomuser.me/api/portraits/men/79.jpg","medium":"https://randomuser.me/api/portraits/med/men/79.jpg","thumbnail":"https://randomuser.me/api/portraits/thumb/men/79.jpg"},"nat":"ES"}],"info":{"seed":"953d596868bd0645","results":1,"page":1,"version":"1.4"}} 
 </msg>
<msg time="2024-04-16T00:59:39.487491" level="INFO">/opt/hostedtoolcache/Python/3.12.2/x64/lib/python3.12/site-packages/urllib3/connectionpool.py:1103: InsecureRequestWarning: Unverified HTTPS request is being made to host 'randomuser.me'. Adding certificate verification is strongly advised. See: https://urllib3.readthedocs.io/en/latest/advanced-usage.html#tls-warnings
  warnings.warn(</msg>
<msg time="2024-04-16T00:59:39.487607" level="INFO">${response} = &lt;Response [200]&gt;</msg>
<var>${response}</var>
<arg>consultarAPI</arg>
<arg>/api</arg>
<doc>Sends a GET request on a previously created HTTP Session.</doc>
<status status="PASS" start="2024-04-16T00:59:39.396434" elapsed="0.091212"/>
</kw>
<kw name="Set Variable" owner="BuiltIn">
<msg time="2024-04-16T00:59:39.488845" level="INFO">${json_data} = {'results': [{'gender': 'male', 'name': {'title': 'Mr', 'first': 'Antonio', 'last': 'Carrasco'}, 'location': {'street': {'number': 3816, 'name': 'Avenida de Castilla'}, 'city': 'Alicante', 'state': 'C...</msg>
<var>${json_data}</var>
<arg>${response.json()}</arg>
<doc>Returns the given values which can then be assigned to a variables.</doc>
<status status="PASS" start="2024-04-16T00:59:39.488273" elapsed="0.000601"/>
</kw>
<kw name="Log" owner="BuiltIn">
<msg time="2024-04-16T00:59:39.489338" level="INFO">{'results': [{'gender': 'male', 'name': {'title': 'Mr', 'first': 'Antonio', 'last': 'Carrasco'}, 'location': {'street': {'number': 3816, 'name': 'Avenida de Castilla'}, 'city': 'Alicante', 'state': 'Comunidad de Madrid', 'country': 'Spain', 'postcode': 53324, 'coordinates': {'latitude': '-31.0786', 'longitude': '-128.1421'}, 'timezone': {'offset': '-7:00', 'description': 'Mountain Time (US &amp; Canada)'}}, 'email': 'antonio.carrasco@example.com', 'login': {'uuid': '22361187-ca75-4472-bb24-a5ec2975abf6', 'username': 'blackfish665', 'password': 'reason', 'salt': 'XOCurBiS', 'md5': '8d1e8229e87b5097b5c48b5c68643245', 'sha1': '0343513e13ae74c6abcbb0177bdf84e5282fad7a', 'sha256': 'bb0966ac15670a2e025c489eeafd9b3c0d79b4427915dc1065c05c4db6e8cab1'}, 'dob': {'date': '1964-07-09T10:20:59.884Z', 'age': 59}, 'registered': {'date': '2021-02-13T18:58:13.223Z', 'age': 3}, 'phone': '916-436-793', 'cell': '613-259-801', 'id': {'name': 'DNI', 'value': '89963837-W'}, 'picture': {'large': 'https://randomuser.me/api/portraits/men/79.jpg', 'medium': 'https://randomuser.me/api/portraits/med/men/79.jpg', 'thumbnail': 'https://randomuser.me/api/portraits/thumb/men/79.jpg'}, 'nat': 'ES'}], 'info': {'seed': '953d596868bd0645', 'results': 1, 'page': 1, 'version': '1.4'}}</msg>
<arg>${json_data}</arg>
<doc>Logs the given message with the given level.</doc>
<status status="PASS" start="2024-04-16T00:59:39.489184" elapsed="0.000235"/>
</kw>
<kw name="Should Be Equal As Numbers" owner="BuiltIn">
<arg>${json_data['results'][0]['location']['postcode']}</arg>
<arg>${json_data['results'][0]['location']['postcode']}</arg>
<doc>Fails if objects are unequal after converting them to real numbers.</doc>
<status status="PASS" start="2024-04-16T00:59:39.489736" elapsed="0.000678"/>
</kw>
<kw name="Log" owner="BuiltIn">
<msg time="2024-04-16T00:59:39.490942" level="INFO">53324</msg>
<arg>${json_data['results'][0]['location']['postcode']}</arg>
<doc>Logs the given message with the given level.</doc>
<status status="PASS" start="2024-04-16T00:59:39.490606" elapsed="0.000376"/>
</kw>
<status status="PASS" start="2024-04-16T00:59:39.396208" elapsed="0.095029"/>
</kw>
<doc>Testa se os tipos de dados na resposta da API estão corretos.</doc>
<tag>testeTiposDados</tag>
<status status="PASS" start="2024-04-16T00:59:39.309694" elapsed="0.181714"/>
</test>
<test id="s1-s1-t5" name="Validar conteudo" line="35">
<kw name="Teste de Tipos de Conteudo" owner="random-user-service">
<kw name="GET On Session" owner="RequestsLibrary">
<msg time="2024-04-16T00:59:39.588125" level="INFO">GET Request : url=https://randomuser.me/api 
 path_url=/api 
 headers={'User-Agent': 'python-requests/2.31.0', 'Accept-Encoding': 'gzip, deflate', 'Accept': '*/*', 'Connection': 'keep-alive'} 
 body=None 
 </msg>
<msg time="2024-04-16T00:59:39.588219" level="INFO">GET Response : url=https://randomuser.me/api 
 status=200, reason=OK 
 headers={'Date': 'Tue, 16 Apr 2024 00:59:39 GMT', 'Content-Type': 'application/json; charset=utf-8', 'Transfer-Encoding': 'chunked', 'Connection': 'keep-alive', 'X-Powered-By': 'Express', 'Access-Control-Allow-Origin': '*', 'Cache-Control': 'no-cache', 'ETag': 'W/"48b-wcbMbM6uBLeXJFKeelB28bOHbQk"', 'Vary': 'Accept-Encoding', 'Content-Encoding': 'gzip', 'CF-Cache-Status': 'DYNAMIC', 'Report-To': '{"endpoints":[{"url":"https:\\/\\/a.nel.cloudflare.com\\/report\\/v4?s=2VE28GnOUW37J0HBEDTxszv7op4viY7HtEfZPp4E%2FeGmbLol6UU2K75zNzHBYH1D3HBKfMqi27gPGZn89dr7Ed%2FR2kWqhaPO5sWt62bc4IrXN%2FpfXCyCjo3Q4aE%2BCew9"}],"group":"cf-nel","max_age":604800}', 'NEL': '{"success_fraction":0,"report_to":"cf-nel","max_age":604800}', 'Server': 'cloudflare', 'CF-RAY': '87503be3d92203b4-ORD', 'alt-svc': 'h3=":443"; ma=86400'} 
 body={"results":[{"gender":"female","name":{"title":"Mrs","first":"Zoé","last":"Alvarez"},"location":{"street":{"number":7375,"name":"Continuación Norte Raya"},"city":"Cholul","state":"Nuevo Leon","country":"Mexico","postcode":57436,"coordinates":{"latitude":"29.8192","longitude":"19.6686"},"timezone":{"offset":"-10:00","description":"Hawaii"}},"email":"zoe.alvarez@example.com","login":{"uuid":"f081b729-890f-4a62-a730-fc94d7c40eb9","username":"beautifulzebra787","password":"carrot","salt":"Mc0PAiOC","md5":"e298afad4b03913d52ec6cb0dacf8e4b","sha1":"c5a40293a4c16cb5cbd2fd8b446447695d708e91","sha256":"847d91a5be9929ee733e6f817e681ca9a312d75669f880f52c548933e7b89692"},"dob":{"date":"1977-03-01T09:37:24.049Z","age":47},"registered":{"date":"2008-01-20T07:36:29.898Z","age":16},"phone":"(647) 309 6528","cell":"(639) 014 8290","id":{"name":"NSS","value":"10 68 17 0677 7"},"picture":{"large":"https://randomuser.me/api/portraits/women/81.jpg","medium":"https://randomuser.me/api/portraits/med/women/81.jpg","thumbnail":"https://randomuser.me/api/portraits/thumb/women/81.jpg"},"nat":"MX"}],"info":{"seed":"9a57ecb483d19f41","results":1,"page":1,"version":"1.4"}} 
 </msg>
<msg time="2024-04-16T00:59:39.588300" level="INFO">/opt/hostedtoolcache/Python/3.12.2/x64/lib/python3.12/site-packages/urllib3/connectionpool.py:1103: InsecureRequestWarning: Unverified HTTPS request is being made to host 'randomuser.me'. Adding certificate verification is strongly advised. See: https://urllib3.readthedocs.io/en/latest/advanced-usage.html#tls-warnings
  warnings.warn(</msg>
<msg time="2024-04-16T00:59:39.588427" level="INFO">${response} = &lt;Response [200]&gt;</msg>
<var>${response}</var>
<arg>consultarAPI</arg>
<arg>/api</arg>
<doc>Sends a GET request on a previously created HTTP Session.</doc>
<status status="PASS" start="2024-04-16T00:59:39.493980" elapsed="0.094488"/>
</kw>
<kw name="Set Variable" owner="BuiltIn">
<msg time="2024-04-16T00:59:39.589641" level="INFO">${json_data} = {'results': [{'gender': 'female', 'name': {'title': 'Mrs', 'first': 'Zoé', 'last': 'Alvarez'}, 'location': {'street': {'number': 7375, 'name': 'Continuación Norte Raya'}, 'city': 'Cholul', 'state': 'N...</msg>
<var>${json_data}</var>
<arg>${response.json()}</arg>
<doc>Returns the given values which can then be assigned to a variables.</doc>
<status status="PASS" start="2024-04-16T00:59:39.589012" elapsed="0.000658"/>
</kw>
<kw name="Set Variable" owner="BuiltIn">
<msg time="2024-04-16T00:59:39.590405" level="INFO">${name_title} = Mrs</msg>
<var>${name_title}</var>
<arg>${json_data["results"][0]["name"]["title"]}</arg>
<doc>Returns the given values which can then be assigned to a variables.</doc>
<status status="PASS" start="2024-04-16T00:59:39.589984" elapsed="0.000446"/>
</kw>
<kw name="Create List" owner="BuiltIn">
<msg time="2024-04-16T00:59:39.590902" level="INFO">${allowed_titles} = ['Mr', 'Ms', 'Miss', 'Mrs', 'Madame', 'Monsieur']</msg>
<var>${allowed_titles}</var>
<arg>Mr</arg>
<arg>Ms</arg>
<arg>Miss</arg>
<arg>Mrs</arg>
<arg>Madame</arg>
<arg>Monsieur</arg>
<doc>Returns a list containing given items.</doc>
<status status="PASS" start="2024-04-16T00:59:39.590752" elapsed="0.000173"/>
</kw>
<kw name="List Should Contain Value" owner="Collections">
<msg time="2024-04-16T00:59:39.591406" level="INFO">False</msg>
<arg>${allowed_titles}</arg>
<arg>${name_title}</arg>
<doc>Fails if the ``value`` is not found from ``list``.</doc>
<status status="PASS" start="2024-04-16T00:59:39.591228" elapsed="0.000216"/>
</kw>
<kw name="Set Variable" owner="BuiltIn">
<msg time="2024-04-16T00:59:39.592115" level="INFO">${name_country} = MX</msg>
<var>${name_country}</var>
<arg>${json_data["results"][0]["nat"]}</arg>
<doc>Returns the given values which can then be assigned to a variables.</doc>
<status status="PASS" start="2024-04-16T00:59:39.591734" elapsed="0.000405"/>
</kw>
<kw name="Create List" owner="BuiltIn">
<msg time="2024-04-16T00:59:39.593034" level="INFO">${list_country} = ['AD', 'AE', 'AF', 'AG', 'AI', 'AL', 'AM', 'AO', 'AQ', 'AR', 'AS', 'AT', 'AU', 'AW', 'AX', 'AZ', 'BA', 'BB', 'BD', 'BE', 'BF', 'BG', 'BH', 'BI', 'BJ', 'BL', 'BM', 'BN', 'BO', 'BQ', 'BR', 'BS', 'BT', '...</msg>
<var>${list_country}</var>
<arg>AD</arg>
<arg>AE</arg>
<arg>AF</arg>
<arg>AG</arg>
<arg>AI</arg>
<arg>AL</arg>
<arg>AM</arg>
<arg>AO</arg>
<arg>AQ</arg>
<arg>AR</arg>
<arg>AS</arg>
<arg>AT</arg>
<arg>AU</arg>
<arg>AW</arg>
<arg>AX</arg>
<arg>AZ</arg>
<arg>BA</arg>
<arg>BB</arg>
<arg>BD</arg>
<arg>BE</arg>
<arg>BF</arg>
<arg>BG</arg>
<arg>BH</arg>
<arg>BI</arg>
<arg>BJ</arg>
<arg>BL</arg>
<arg>BM</arg>
<arg>BN</arg>
<arg>BO</arg>
<arg>BQ</arg>
<arg>BR</arg>
<arg>BS</arg>
<arg>BT</arg>
<arg>BV</arg>
<arg>BW</arg>
<arg>BY</arg>
<arg>BZ</arg>
<arg>CA</arg>
<arg>CC</arg>
<arg>CD</arg>
<arg>CF</arg>
<arg>CG</arg>
<arg>CH</arg>
<arg>CI</arg>
<arg>CK</arg>
<arg>CL</arg>
<arg>CM</arg>
<arg>CN</arg>
<arg>CO</arg>
<arg>CR</arg>
<arg>CU</arg>
<arg>CV</arg>
<arg>CW</arg>
<arg>CX</arg>
<arg>CY</arg>
<arg>CZ</arg>
<arg>DE</arg>
<arg>DJ</arg>
<arg>DK</arg>
<arg>DM</arg>
<arg>DO</arg>
<arg>DZ</arg>
<arg>EC</arg>
<arg>EE</arg>
<arg>EG</arg>
<arg>EH</arg>
<arg>ER</arg>
<arg>ES</arg>
<arg>ET</arg>
<arg>FI</arg>
<arg>FJ</arg>
<arg>FK</arg>
<arg>FM</arg>
<arg>FO</arg>
<arg>FR</arg>
<arg>GA</arg>
<arg>GB</arg>
<arg>GD</arg>
<arg>GE</arg>
<arg>GF</arg>
<arg>GG</arg>
<arg>GH</arg>
<arg>GI</arg>
<arg>GL</arg>
<arg>GM</arg>
<arg>GN</arg>
<arg>GP</arg>
<arg>GQ</arg>
<arg>GR</arg>
<arg>GS</arg>
<arg>GT</arg>
<arg>GU</arg>
<arg>GW</arg>
<arg>GY</arg>
<arg>HK</arg>
<arg>HM</arg>
<arg>HN</arg>
<arg>HR</arg>
<arg>HT</arg>
<arg>HU</arg>
<arg>ID</arg>
<arg>IE</arg>
<arg>IL</arg>
<arg>IM</arg>
<arg>IN</arg>
<arg>IO</arg>
<arg>IQ</arg>
<arg>IR</arg>
<arg>IS</arg>
<arg>IT</arg>
<arg>JE</arg>
<arg>JM</arg>
<arg>JO</arg>
<arg>JP</arg>
<arg>KE</arg>
<arg>KG</arg>
<arg>KH</arg>
<arg>KI</arg>
<arg>KM</arg>
<arg>KN</arg>
<arg>KP</arg>
<arg>KR</arg>
<arg>KW</arg>
<arg>KY</arg>
<arg>KZ</arg>
<arg>LA</arg>
<arg>LB</arg>
<arg>LC</arg>
<arg>LI</arg>
<arg>LK</arg>
<arg>LR</arg>
<arg>LS</arg>
<arg>LT</arg>
<arg>LU</arg>
<arg>LV</arg>
<arg>LY</arg>
<arg>MA</arg>
<arg>MC</arg>
<arg>MD</arg>
<arg>ME</arg>
<arg>MF</arg>
<arg>MG</arg>
<arg>MH</arg>
<arg>MK</arg>
<arg>ML</arg>
<arg>MM</arg>
<arg>MN</arg>
<arg>MO</arg>
<arg>MP</arg>
<arg>MQ</arg>
<arg>MR</arg>
<arg>MS</arg>
<arg>MT</arg>
<arg>MU</arg>
<arg>MV</arg>
<arg>MW</arg>
<arg>MX</arg>
<arg>MY</arg>
<arg>MZ</arg>
<arg>NA</arg>
<arg>NC</arg>
<arg>NE</arg>
<arg>NF</arg>
<arg>NG</arg>
<arg>NI</arg>
<arg>NL</arg>
<arg>NO</arg>
<arg>NP</arg>
<arg>NR</arg>
<arg>NU</arg>
<arg>NZ</arg>
<arg>OM</arg>
<arg>PA</arg>
<arg>PE</arg>
<arg>PF</arg>
<arg>PG</arg>
<arg>PH</arg>
<arg>PK</arg>
<arg>PL</arg>
<arg>PM</arg>
<arg>PN</arg>
<arg>PR</arg>
<arg>PS</arg>
<arg>PT</arg>
<arg>PW</arg>
<arg>PY</arg>
<arg>QA</arg>
<arg>RE</arg>
<arg>RO</arg>
<arg>RS</arg>
<arg>RU</arg>
<arg>RW</arg>
<arg>SA</arg>
<arg>SB</arg>
<arg>SC</arg>
<arg>SD</arg>
<arg>SE</arg>
<arg>SG</arg>
<arg>SH</arg>
<arg>SI</arg>
<arg>SJ</arg>
<arg>SK</arg>
<arg>SL</arg>
<arg>SM</arg>
<arg>SN</arg>
<arg>SO</arg>
<arg>SR</arg>
<arg>SS</arg>
<arg>ST</arg>
<arg>SV</arg>
<arg>SX</arg>
<arg>SY</arg>
<arg>SZ</arg>
<arg>TC</arg>
<arg>TD</arg>
<arg>TF</arg>
<arg>TG</arg>
<arg>TH</arg>
<arg>TJ</arg>
<arg>TK</arg>
<arg>TL</arg>
<arg>TM</arg>
<arg>TN</arg>
<arg>TO</arg>
<arg>TR</arg>
<arg>TT</arg>
<arg>TV</arg>
<arg>TW</arg>
<arg>TZ</arg>
<arg>UA</arg>
<arg>UG</arg>
<arg>UM</arg>
<arg>US</arg>
<arg>UY</arg>
<arg>UZ</arg>
<arg>VA</arg>
<arg>VC</arg>
<arg>VE</arg>
<arg>VG</arg>
<arg>VI</arg>
<arg>VN</arg>
<arg>VU</arg>
<arg>WF</arg>
<arg>WS</arg>
<arg>XK</arg>
<arg>YE</arg>
<arg>YT</arg>
<arg>ZA</arg>
<arg>ZM</arg>
<arg>ZW</arg>
<doc>Returns a list containing given items.</doc>
<status status="PASS" start="2024-04-16T00:59:39.592441" elapsed="0.000618"/>
</kw>
<kw name="List Should Contain Value" owner="Collections">
<msg time="2024-04-16T00:59:39.594042" level="INFO">False</msg>
<arg>${list_country}</arg>
<arg>${name_country}</arg>
<doc>Fails if the ``value`` is not found from ``list``.</doc>
<status status="PASS" start="2024-04-16T00:59:39.593837" elapsed="0.000241"/>
</kw>
<kw name="Run Keyword If" owner="BuiltIn">
<kw name="Should Be True" owner="BuiltIn">
<arg>${True}</arg>
<doc>Fails if the given condition is not true.</doc>
<status status="PASS" start="2024-04-16T00:59:39.595294" elapsed="0.000146"/>
</kw>
<arg>${json_data["results"][0]["location"]["coordinates"]["latitude"]} &gt;= -90 and ${json_data["results"][0]["location"]["coordinates"]["latitude"]} &lt;= 90</arg>
<arg>Should Be True</arg>
<arg>${True}</arg>
<doc>Runs the given keyword with the given arguments, if ``condition`` is true.</doc>
<status status="PASS" start="2024-04-16T00:59:39.594420" elapsed="0.001150"/>
</kw>
<kw name="Run Keyword If" owner="BuiltIn">
<kw name="Should Be True" owner="BuiltIn">
<arg>${True}</arg>
<doc>Fails if the given condition is not true.</doc>
<status status="PASS" start="2024-04-16T00:59:39.596446" elapsed="0.000136"/>
</kw>
<arg>${json_data["results"][0]["location"]["coordinates"]["longitude"]} &gt;= -180 and ${json_data["results"][0]["location"]["coordinates"]["longitude"]} &lt;= 180</arg>
<arg>Should Be True</arg>
<arg>${True}</arg>
<doc>Runs the given keyword with the given arguments, if ``condition`` is true.</doc>
<status status="PASS" start="2024-04-16T00:59:39.595757" elapsed="0.000947"/>
</kw>
<status status="PASS" start="2024-04-16T00:59:39.493752" elapsed="0.103085"/>
</kw>
<doc>Testa o conteúdo específico dos campos retornados pela API.</doc>
<tag>testeConteudo</tag>
<status status="PASS" start="2024-04-16T00:59:39.493209" elapsed="0.103778"/>
</test>
<status status="PASS" start="2024-04-16T00:59:38.581693" elapsed="1.017285"/>
</suite>
<status status="PASS" start="2024-04-16T00:59:38.567529" elapsed="1.038759"/>
</suite>
<statistics>
<total>
<stat pass="5" fail="0" skip="0">All Tests</stat>
</total>
<tag>
<stat pass="1" fail="0" skip="0">testeConteudo</stat>
<stat pass="1" fail="0" skip="0">testeEstruturaResposta</stat>
<stat pass="1" fail="0" skip="0">testeRequisicaoBasica</stat>
<stat pass="1" fail="0" skip="0">testeTiposDados</stat>
</tag>
<suite>
<stat pass="5" fail="0" skip="0" id="s1" name="Tests">Tests</stat>
<stat pass="5" fail="0" skip="0" id="s1-s1" name="Random-User-Test">Tests.Random-User-Test</stat>
</suite>
</statistics>
<errors>
</errors>
</robot>
