<?xml version="1.0" encoding="UTF-8"?>
<robot generator="Robot 7.0 (Python 3.12.3 on linux)" generated="2024-05-24T05:14:40.239022" rpa="false" schemaversion="5">
<suite id="s1" name="Tests" source="/home/runner/work/DesafioQAItauRogerioJordao/DesafioQAItauRogerioJordao/RamdonUser/tests">
<suite id="s1-s1" name="Random-User-Test" source="/home/runner/work/DesafioQAItauRogerioJordao/DesafioQAItauRogerioJordao/RamdonUser/tests/random-user-test.robot">
<test id="s1-s1-t1" name="Conectar" line="13">
<kw name="Conectar API" owner="random-user-service">
<kw name="Create Session" owner="RequestsLibrary">
<msg time="2024-05-24T05:14:40.623599" level="INFO">Creating Session using : alias=consultarAPI, url=https://randomuser.me/, headers={},                     cookies={}, auth=None, timeout=None, proxies=None, verify=False,                     debug=0 </msg>
<arg>consultarAPI</arg>
<arg>${URL}</arg>
<doc>Create Session: create a HTTP session to a server</doc>
<status status="PASS" start="2024-05-24T05:14:40.623395" elapsed="0.000377"/>
</kw>
<status status="PASS" start="2024-05-24T05:14:40.622374" elapsed="0.001761"/>
</kw>
<status status="PASS" start="2024-05-24T05:14:40.621780" elapsed="0.002554"/>
</test>
<test id="s1-s1-t2" name="Validar retorno 200 e JSON Válido" line="16">
<kw name="Teste de Requisicao Basica" owner="random-user-service">
<kw name="GET On Session" owner="RequestsLibrary">
<msg time="2024-05-24T05:14:40.749942" level="INFO">GET Request : url=https://randomuser.me/api 
 path_url=/api 
 headers={'User-Agent': 'python-requests/2.32.2', 'Accept-Encoding': 'gzip, deflate', 'Accept': '*/*', 'Connection': 'keep-alive'} 
 body=None 
 </msg>
<msg time="2024-05-24T05:14:40.750111" level="INFO">GET Response : url=https://randomuser.me/api 
 status=200, reason=OK 
 headers={'Date': 'Fri, 24 May 2024 05:14:40 GMT', 'Content-Type': 'application/json; charset=utf-8', 'Transfer-Encoding': 'chunked', 'Connection': 'keep-alive', 'X-Powered-By': 'Express', 'Access-Control-Allow-Origin': '*', 'Cache-Control': 'no-cache', 'ETag': 'W/"4ba-up1YrJsUCZ+2Eb+VWnldDoLfbmk"', 'Vary': 'Accept-Encoding', 'Content-Encoding': 'gzip', 'CF-Cache-Status': 'DYNAMIC', 'Report-To': '{"endpoints":[{"url":"https:\\/\\/a.nel.cloudflare.com\\/report\\/v4?s=1eoXvloLSDBxm1xzbb0oK%2FmtCg8MlvG3PWF18xvch8XbQmlxsWiHm%2BtH6WX%2F9DXPPFCMDgYVcztkDbPOi2TIr4Rzs14ypI2VAd%2BHr84nM6tZGoYDy9u2sl2FsQz4eC8L"}],"group":"cf-nel","max_age":604800}', 'NEL': '{"success_fraction":0,"report_to":"cf-nel","max_age":604800}', 'Server': 'cloudflare', 'CF-RAY': '888acdb41b6a171e-SJC', 'alt-svc': 'h3=":443"; ma=86400'} 
 body={"results":[{"gender":"female","name":{"title":"Mademoiselle","first":"Elisabetta","last":"Bertrand"},"location":{"street":{"number":1811,"name":"Place des 44 Enfants D'Izieu"},"city":"Villarzel","state":"St. Gallen","country":"Switzerland","postcode":1065,"coordinates":{"latitude":"-60.7360","longitude":"14.8771"},"timezone":{"offset":"-12:00","description":"Eniwetok, Kwajalein"}},"email":"elisabetta.bertrand@example.com","login":{"uuid":"40c024eb-874a-4701-ad0c-87c193077579","username":"silverleopard512","password":"123asd","salt":"CqNBbezZ","md5":"a35420618292b5260c1606bb0f311f9c","sha1":"347d7ac6208e129e8c7a5928512ce5f0770a9a4e","sha256":"dbf35c85b38e051b10327bc11a560faa7ada33f07a0512d4b44ec3857c3166fd"},"dob":{"date":"1989-10-15T08:14:32.219Z","age":34},"registered":{"date":"2004-05-15T07:05:41.107Z","age":20},"phone":"077 434 68 93","cell":"079 837 03 26","id":{"name":"AVS","value":"756.6425.4879.68"},"picture":{"large":"https://randomuser.me/api/portraits/women/57.jpg","medium":"https://randomuser.me/api/portraits/med/women/57.jpg","thumbnail":"https://randomuser.me/api/portraits/thumb/women/57.jpg"},"nat":"CH"}],"info":{"seed":"fcf7781100cd3bbc","results":1,"page":1,"version":"1.4"}} 
 </msg>
<msg time="2024-05-24T05:14:40.750228" level="INFO">/opt/hostedtoolcache/Python/3.12.3/x64/lib/python3.12/site-packages/urllib3/connectionpool.py:1103: InsecureRequestWarning: Unverified HTTPS request is being made to host 'randomuser.me'. Adding certificate verification is strongly advised. See: https://urllib3.readthedocs.io/en/latest/advanced-usage.html#tls-warnings
  warnings.warn(</msg>
<msg time="2024-05-24T05:14:40.750397" level="INFO">${response} = &lt;Response [200]&gt;</msg>
<var>${response}</var>
<arg>consultarAPI</arg>
<arg>/api</arg>
<doc>Sends a GET request on a previously created HTTP Session.</doc>
<status status="PASS" start="2024-05-24T05:14:40.627095" elapsed="0.123349"/>
</kw>
<kw name="Should Be Equal As Numbers" owner="BuiltIn">
<msg time="2024-05-24T05:14:40.751638" level="INFO">Argument types are:
&lt;class 'int'&gt;
&lt;class 'str'&gt;</msg>
<arg>${response.status_code}</arg>
<arg>200</arg>
<doc>Fails if objects are unequal after converting them to real numbers.</doc>
<status status="PASS" start="2024-05-24T05:14:40.751003" elapsed="0.000738"/>
</kw>
<kw name="Log" owner="BuiltIn">
<msg time="2024-05-24T05:14:40.752845" level="INFO">200</msg>
<arg>${response.status_code}</arg>
<doc>Logs the given message with the given level.</doc>
<status status="PASS" start="2024-05-24T05:14:40.752250" elapsed="0.000668"/>
</kw>
<kw name="Set Variable" owner="BuiltIn">
<msg time="2024-05-24T05:14:40.754125" level="INFO">${json_data} = {'results': [{'gender': 'female', 'name': {'title': 'Mademoiselle', 'first': 'Elisabetta', 'last': 'Bertrand'}, 'location': {'street': {'number': 1811, 'name': "Place des 44 Enfants D'Izieu"}, 'city':...</msg>
<var>${json_data}</var>
<arg>${response.json()}</arg>
<doc>Returns the given values which can then be assigned to a variables.</doc>
<status status="PASS" start="2024-05-24T05:14:40.753418" elapsed="0.000755"/>
</kw>
<kw name="Dictionary Should Contain Key" owner="Collections">
<msg time="2024-05-24T05:14:40.754892" level="INFO">False</msg>
<arg>${json_data}</arg>
<arg>results</arg>
<doc>Fails if ``key`` is not found from ``dictionary``.</doc>
<status status="PASS" start="2024-05-24T05:14:40.754642" elapsed="0.000490"/>
</kw>
<status status="PASS" start="2024-05-24T05:14:40.626836" elapsed="0.128585"/>
</kw>
<doc>Testa se a API responde corretamente e retorna um objeto JSON válido.</doc>
<tag>testeRequisicaoBasica</tag>
<status status="PASS" start="2024-05-24T05:14:40.626281" elapsed="0.129317"/>
</test>
<test id="s1-s1-t3" name="Validar estrutura de resposta" line="22">
<kw name="Teste de Estrutura de Resposta" owner="random-user-service">
<kw name="GET On Session" owner="RequestsLibrary">
<msg time="2024-05-24T05:14:40.850563" level="INFO">GET Request : url=https://randomuser.me/api 
 path_url=/api 
 headers={'User-Agent': 'python-requests/2.32.2', 'Accept-Encoding': 'gzip, deflate', 'Accept': '*/*', 'Connection': 'keep-alive'} 
 body=None 
 </msg>
<msg time="2024-05-24T05:14:40.850652" level="INFO">GET Response : url=https://randomuser.me/api 
 status=200, reason=OK 
 headers={'Date': 'Fri, 24 May 2024 05:14:40 GMT', 'Content-Type': 'application/json; charset=utf-8', 'Transfer-Encoding': 'chunked', 'Connection': 'keep-alive', 'X-Powered-By': 'Express', 'Access-Control-Allow-Origin': '*', 'Cache-Control': 'no-cache', 'ETag': 'W/"48b-Y+Uxp/KRKU6G36P94JnKOUvV0bQ"', 'Vary': 'Accept-Encoding', 'Content-Encoding': 'gzip', 'CF-Cache-Status': 'DYNAMIC', 'Report-To': '{"endpoints":[{"url":"https:\\/\\/a.nel.cloudflare.com\\/report\\/v4?s=wtY2ebH%2F0sqWC1QXED34ypTc37tEUXqdWO7k3tGYM%2BftqHvp%2FWT6JYLe9VOIq%2FCVfPqrBllKx5aw5afOiTA%2F3Zu2otNxDoRkShgJqQPIBRNVezRadRs0FBvKGKML%2FjNC"}],"group":"cf-nel","max_age":604800}', 'NEL': '{"success_fraction":0,"report_to":"cf-nel","max_age":604800}', 'Server': 'cloudflare', 'CF-RAY': '888acdb4cc00171e-SJC', 'alt-svc': 'h3=":443"; ma=86400'} 
 body={"results":[{"gender":"female","name":{"title":"Miss","first":"Holly","last":"White"},"location":{"street":{"number":2914,"name":"Penrose Road"},"city":"Whangarei","state":"Tasman","country":"New Zealand","postcode":81844,"coordinates":{"latitude":"54.1261","longitude":"28.4685"},"timezone":{"offset":"+8:00","description":"Beijing, Perth, Singapore, Hong Kong"}},"email":"holly.white@example.com","login":{"uuid":"6e4d4afc-c923-4200-84f6-b3cc41a44936","username":"greenpanda309","password":"voyeur","salt":"Kjmjdcqs","md5":"49ff9acf20cbf5dc97bb8451eab1c816","sha1":"05cf3576f86071923bfdc7bfefa779b5933c698e","sha256":"a589601a010a117d337123053fe74809faed415bd34503080db27e01efa4a871"},"dob":{"date":"1987-11-12T02:58:56.130Z","age":36},"registered":{"date":"2018-02-27T12:16:00.228Z","age":6},"phone":"(062)-362-3693","cell":"(236)-607-1595","id":{"name":"","value":null},"picture":{"large":"https://randomuser.me/api/portraits/women/29.jpg","medium":"https://randomuser.me/api/portraits/med/women/29.jpg","thumbnail":"https://randomuser.me/api/portraits/thumb/women/29.jpg"},"nat":"NZ"}],"info":{"seed":"c483fb6fc7b7a620","results":1,"page":1,"version":"1.4"}} 
 </msg>
<msg time="2024-05-24T05:14:40.850777" level="INFO">/opt/hostedtoolcache/Python/3.12.3/x64/lib/python3.12/site-packages/urllib3/connectionpool.py:1103: InsecureRequestWarning: Unverified HTTPS request is being made to host 'randomuser.me'. Adding certificate verification is strongly advised. See: https://urllib3.readthedocs.io/en/latest/advanced-usage.html#tls-warnings
  warnings.warn(</msg>
<msg time="2024-05-24T05:14:40.850878" level="INFO">${response} = &lt;Response [200]&gt;</msg>
<var>${response}</var>
<arg>consultarAPI</arg>
<arg>/api</arg>
<doc>Sends a GET request on a previously created HTTP Session.</doc>
<status status="PASS" start="2024-05-24T05:14:40.758291" elapsed="0.092630"/>
</kw>
<kw name="Set Variable" owner="BuiltIn">
<msg time="2024-05-24T05:14:40.851951" level="INFO">${json_data} = {'results': [{'gender': 'female', 'name': {'title': 'Miss', 'first': 'Holly', 'last': 'White'}, 'location': {'street': {'number': 2914, 'name': 'Penrose Road'}, 'city': 'Whangarei', 'state': 'Tasman',...</msg>
<var>${json_data}</var>
<arg>${response.json()}</arg>
<doc>Returns the given values which can then be assigned to a variables.</doc>
<status status="PASS" start="2024-05-24T05:14:40.851383" elapsed="0.000598"/>
</kw>
<kw name="Log" owner="BuiltIn">
<msg time="2024-05-24T05:14:40.852456" level="INFO">{'results': [{'gender': 'female', 'name': {'title': 'Miss', 'first': 'Holly', 'last': 'White'}, 'location': {'street': {'number': 2914, 'name': 'Penrose Road'}, 'city': 'Whangarei', 'state': 'Tasman', 'country': 'New Zealand', 'postcode': 81844, 'coordinates': {'latitude': '54.1261', 'longitude': '28.4685'}, 'timezone': {'offset': '+8:00', 'description': 'Beijing, Perth, Singapore, Hong Kong'}}, 'email': 'holly.white@example.com', 'login': {'uuid': '6e4d4afc-c923-4200-84f6-b3cc41a44936', 'username': 'greenpanda309', 'password': 'voyeur', 'salt': 'Kjmjdcqs', 'md5': '49ff9acf20cbf5dc97bb8451eab1c816', 'sha1': '05cf3576f86071923bfdc7bfefa779b5933c698e', 'sha256': 'a589601a010a117d337123053fe74809faed415bd34503080db27e01efa4a871'}, 'dob': {'date': '1987-11-12T02:58:56.130Z', 'age': 36}, 'registered': {'date': '2018-02-27T12:16:00.228Z', 'age': 6}, 'phone': '(062)-362-3693', 'cell': '(236)-607-1595', 'id': {'name': '', 'value': None}, 'picture': {'large': 'https://randomuser.me/api/portraits/women/29.jpg', 'medium': 'https://randomuser.me/api/portraits/med/women/29.jpg', 'thumbnail': 'https://randomuser.me/api/portraits/thumb/women/29.jpg'}, 'nat': 'NZ'}], 'info': {'seed': 'c483fb6fc7b7a620', 'results': 1, 'page': 1, 'version': '1.4'}}</msg>
<arg>${json_data}</arg>
<doc>Logs the given message with the given level.</doc>
<status status="PASS" start="2024-05-24T05:14:40.852296" elapsed="0.000208"/>
</kw>
<kw name="Dictionary Should Contain Key" owner="Collections">
<msg time="2024-05-24T05:14:40.852961" level="INFO">False</msg>
<arg>${json_data}</arg>
<arg>results</arg>
<doc>Fails if ``key`` is not found from ``dictionary``.</doc>
<status status="PASS" start="2024-05-24T05:14:40.852805" elapsed="0.000195"/>
</kw>
<kw name="Should Not Be Empty" owner="BuiltIn">
<msg time="2024-05-24T05:14:40.853489" level="INFO">Length is 2.</msg>
<arg>${json_data}</arg>
<doc>Verifies that the given item is not empty.</doc>
<status status="PASS" start="2024-05-24T05:14:40.853339" elapsed="0.000190"/>
</kw>
<kw name="Create List" owner="BuiltIn">
<msg time="2024-05-24T05:14:40.853984" level="INFO">${expected_keys} = ['gender', 'name', 'location', 'email', 'login']</msg>
<var>${expected_keys}</var>
<arg>gender</arg>
<arg>name</arg>
<arg>location</arg>
<arg>email</arg>
<arg>login</arg>
<doc>Returns a list containing given items.</doc>
<status status="PASS" start="2024-05-24T05:14:40.853831" elapsed="0.000178"/>
</kw>
<for flavor="IN">
<iter>
<kw name="Dictionary Should Contain Key" owner="Collections">
<msg time="2024-05-24T05:14:40.854985" level="INFO">False</msg>
<arg>${json_data['results'][0]}</arg>
<arg>${key}</arg>
<doc>Fails if ``key`` is not found from ``dictionary``.</doc>
<status status="PASS" start="2024-05-24T05:14:40.854583" elapsed="0.000448"/>
</kw>
<kw name="Log" owner="BuiltIn">
<msg time="2024-05-24T05:14:40.855722" level="INFO">{'gender': 'female', 'name': {'title': 'Miss', 'first': 'Holly', 'last': 'White'}, 'location': {'street': {'number': 2914, 'name': 'Penrose Road'}, 'city': 'Whangarei', 'state': 'Tasman', 'country': 'New Zealand', 'postcode': 81844, 'coordinates': {'latitude': '54.1261', 'longitude': '28.4685'}, 'timezone': {'offset': '+8:00', 'description': 'Beijing, Perth, Singapore, Hong Kong'}}, 'email': 'holly.white@example.com', 'login': {'uuid': '6e4d4afc-c923-4200-84f6-b3cc41a44936', 'username': 'greenpanda309', 'password': 'voyeur', 'salt': 'Kjmjdcqs', 'md5': '49ff9acf20cbf5dc97bb8451eab1c816', 'sha1': '05cf3576f86071923bfdc7bfefa779b5933c698e', 'sha256': 'a589601a010a117d337123053fe74809faed415bd34503080db27e01efa4a871'}, 'dob': {'date': '1987-11-12T02:58:56.130Z', 'age': 36}, 'registered': {'date': '2018-02-27T12:16:00.228Z', 'age': 6}, 'phone': '(062)-362-3693', 'cell': '(236)-607-1595', 'id': {'name': '', 'value': None}, 'picture': {'large': 'https://randomuser.me/api/portraits/women/29.jpg', 'medium': 'https://randomuser.me/api/portraits/med/women/29.jpg', 'thumbnail': 'https://randomuser.me/api/portraits/thumb/women/29.jpg'}, 'nat': 'NZ'}</msg>
<arg>${json_data['results'][0]}</arg>
<doc>Logs the given message with the given level.</doc>
<status status="PASS" start="2024-05-24T05:14:40.855334" elapsed="0.000438"/>
</kw>
<kw name="Log" owner="BuiltIn">
<msg time="2024-05-24T05:14:40.856204" level="INFO">gender</msg>
<arg>${key}</arg>
<doc>Logs the given message with the given level.</doc>
<status status="PASS" start="2024-05-24T05:14:40.856072" elapsed="0.000171"/>
</kw>
<var name="${key}">gender</var>
<status status="PASS" start="2024-05-24T05:14:40.854457" elapsed="0.002004"/>
</iter>
<iter>
<kw name="Dictionary Should Contain Key" owner="Collections">
<msg time="2024-05-24T05:14:40.857163" level="INFO">False</msg>
<arg>${json_data['results'][0]}</arg>
<arg>${key}</arg>
<doc>Fails if ``key`` is not found from ``dictionary``.</doc>
<status status="PASS" start="2024-05-24T05:14:40.856766" elapsed="0.000435"/>
</kw>
<kw name="Log" owner="BuiltIn">
<msg time="2024-05-24T05:14:40.857935" level="INFO">{'gender': 'female', 'name': {'title': 'Miss', 'first': 'Holly', 'last': 'White'}, 'location': {'street': {'number': 2914, 'name': 'Penrose Road'}, 'city': 'Whangarei', 'state': 'Tasman', 'country': 'New Zealand', 'postcode': 81844, 'coordinates': {'latitude': '54.1261', 'longitude': '28.4685'}, 'timezone': {'offset': '+8:00', 'description': 'Beijing, Perth, Singapore, Hong Kong'}}, 'email': 'holly.white@example.com', 'login': {'uuid': '6e4d4afc-c923-4200-84f6-b3cc41a44936', 'username': 'greenpanda309', 'password': 'voyeur', 'salt': 'Kjmjdcqs', 'md5': '49ff9acf20cbf5dc97bb8451eab1c816', 'sha1': '05cf3576f86071923bfdc7bfefa779b5933c698e', 'sha256': 'a589601a010a117d337123053fe74809faed415bd34503080db27e01efa4a871'}, 'dob': {'date': '1987-11-12T02:58:56.130Z', 'age': 36}, 'registered': {'date': '2018-02-27T12:16:00.228Z', 'age': 6}, 'phone': '(062)-362-3693', 'cell': '(236)-607-1595', 'id': {'name': '', 'value': None}, 'picture': {'large': 'https://randomuser.me/api/portraits/women/29.jpg', 'medium': 'https://randomuser.me/api/portraits/med/women/29.jpg', 'thumbnail': 'https://randomuser.me/api/portraits/thumb/women/29.jpg'}, 'nat': 'NZ'}</msg>
<arg>${json_data['results'][0]}</arg>
<doc>Logs the given message with the given level.</doc>
<status status="PASS" start="2024-05-24T05:14:40.857572" elapsed="0.000415"/>
</kw>
<kw name="Log" owner="BuiltIn">
<msg time="2024-05-24T05:14:40.858416" level="INFO">name</msg>
<arg>${key}</arg>
<doc>Logs the given message with the given level.</doc>
<status status="PASS" start="2024-05-24T05:14:40.858288" elapsed="0.000166"/>
</kw>
<var name="${key}">name</var>
<status status="PASS" start="2024-05-24T05:14:40.856650" elapsed="0.002026"/>
</iter>
<iter>
<kw name="Dictionary Should Contain Key" owner="Collections">
<msg time="2024-05-24T05:14:40.859344" level="INFO">False</msg>
<arg>${json_data['results'][0]}</arg>
<arg>${key}</arg>
<doc>Fails if ``key`` is not found from ``dictionary``.</doc>
<status status="PASS" start="2024-05-24T05:14:40.858964" elapsed="0.000418"/>
</kw>
<kw name="Log" owner="BuiltIn">
<msg time="2024-05-24T05:14:40.860050" level="INFO">{'gender': 'female', 'name': {'title': 'Miss', 'first': 'Holly', 'last': 'White'}, 'location': {'street': {'number': 2914, 'name': 'Penrose Road'}, 'city': 'Whangarei', 'state': 'Tasman', 'country': 'New Zealand', 'postcode': 81844, 'coordinates': {'latitude': '54.1261', 'longitude': '28.4685'}, 'timezone': {'offset': '+8:00', 'description': 'Beijing, Perth, Singapore, Hong Kong'}}, 'email': 'holly.white@example.com', 'login': {'uuid': '6e4d4afc-c923-4200-84f6-b3cc41a44936', 'username': 'greenpanda309', 'password': 'voyeur', 'salt': 'Kjmjdcqs', 'md5': '49ff9acf20cbf5dc97bb8451eab1c816', 'sha1': '05cf3576f86071923bfdc7bfefa779b5933c698e', 'sha256': 'a589601a010a117d337123053fe74809faed415bd34503080db27e01efa4a871'}, 'dob': {'date': '1987-11-12T02:58:56.130Z', 'age': 36}, 'registered': {'date': '2018-02-27T12:16:00.228Z', 'age': 6}, 'phone': '(062)-362-3693', 'cell': '(236)-607-1595', 'id': {'name': '', 'value': None}, 'picture': {'large': 'https://randomuser.me/api/portraits/women/29.jpg', 'medium': 'https://randomuser.me/api/portraits/med/women/29.jpg', 'thumbnail': 'https://randomuser.me/api/portraits/thumb/women/29.jpg'}, 'nat': 'NZ'}</msg>
<arg>${json_data['results'][0]}</arg>
<doc>Logs the given message with the given level.</doc>
<status status="PASS" start="2024-05-24T05:14:40.859680" elapsed="0.000421"/>
</kw>
<kw name="Log" owner="BuiltIn">
<msg time="2024-05-24T05:14:40.860526" level="INFO">location</msg>
<arg>${key}</arg>
<doc>Logs the given message with the given level.</doc>
<status status="PASS" start="2024-05-24T05:14:40.860399" elapsed="0.000165"/>
</kw>
<var name="${key}">location</var>
<status status="PASS" start="2024-05-24T05:14:40.858852" elapsed="0.001933"/>
</iter>
<iter>
<kw name="Dictionary Should Contain Key" owner="Collections">
<msg time="2024-05-24T05:14:40.861599" level="INFO">False</msg>
<arg>${json_data['results'][0]}</arg>
<arg>${key}</arg>
<doc>Fails if ``key`` is not found from ``dictionary``.</doc>
<status status="PASS" start="2024-05-24T05:14:40.861070" elapsed="0.000567"/>
</kw>
<kw name="Log" owner="BuiltIn">
<msg time="2024-05-24T05:14:40.862323" level="INFO">{'gender': 'female', 'name': {'title': 'Miss', 'first': 'Holly', 'last': 'White'}, 'location': {'street': {'number': 2914, 'name': 'Penrose Road'}, 'city': 'Whangarei', 'state': 'Tasman', 'country': 'New Zealand', 'postcode': 81844, 'coordinates': {'latitude': '54.1261', 'longitude': '28.4685'}, 'timezone': {'offset': '+8:00', 'description': 'Beijing, Perth, Singapore, Hong Kong'}}, 'email': 'holly.white@example.com', 'login': {'uuid': '6e4d4afc-c923-4200-84f6-b3cc41a44936', 'username': 'greenpanda309', 'password': 'voyeur', 'salt': 'Kjmjdcqs', 'md5': '49ff9acf20cbf5dc97bb8451eab1c816', 'sha1': '05cf3576f86071923bfdc7bfefa779b5933c698e', 'sha256': 'a589601a010a117d337123053fe74809faed415bd34503080db27e01efa4a871'}, 'dob': {'date': '1987-11-12T02:58:56.130Z', 'age': 36}, 'registered': {'date': '2018-02-27T12:16:00.228Z', 'age': 6}, 'phone': '(062)-362-3693', 'cell': '(236)-607-1595', 'id': {'name': '', 'value': None}, 'picture': {'large': 'https://randomuser.me/api/portraits/women/29.jpg', 'medium': 'https://randomuser.me/api/portraits/med/women/29.jpg', 'thumbnail': 'https://randomuser.me/api/portraits/thumb/women/29.jpg'}, 'nat': 'NZ'}</msg>
<arg>${json_data['results'][0]}</arg>
<doc>Logs the given message with the given level.</doc>
<status status="PASS" start="2024-05-24T05:14:40.861952" elapsed="0.000421"/>
</kw>
<kw name="Log" owner="BuiltIn">
<msg time="2024-05-24T05:14:40.862806" level="INFO">email</msg>
<arg>${key}</arg>
<doc>Logs the given message with the given level.</doc>
<status status="PASS" start="2024-05-24T05:14:40.862675" elapsed="0.000169"/>
</kw>
<var name="${key}">email</var>
<status status="PASS" start="2024-05-24T05:14:40.860958" elapsed="0.002104"/>
</iter>
<iter>
<kw name="Dictionary Should Contain Key" owner="Collections">
<msg time="2024-05-24T05:14:40.863737" level="INFO">False</msg>
<arg>${json_data['results'][0]}</arg>
<arg>${key}</arg>
<doc>Fails if ``key`` is not found from ``dictionary``.</doc>
<status status="PASS" start="2024-05-24T05:14:40.863351" elapsed="0.000423"/>
</kw>
<kw name="Log" owner="BuiltIn">
<msg time="2024-05-24T05:14:40.864441" level="INFO">{'gender': 'female', 'name': {'title': 'Miss', 'first': 'Holly', 'last': 'White'}, 'location': {'street': {'number': 2914, 'name': 'Penrose Road'}, 'city': 'Whangarei', 'state': 'Tasman', 'country': 'New Zealand', 'postcode': 81844, 'coordinates': {'latitude': '54.1261', 'longitude': '28.4685'}, 'timezone': {'offset': '+8:00', 'description': 'Beijing, Perth, Singapore, Hong Kong'}}, 'email': 'holly.white@example.com', 'login': {'uuid': '6e4d4afc-c923-4200-84f6-b3cc41a44936', 'username': 'greenpanda309', 'password': 'voyeur', 'salt': 'Kjmjdcqs', 'md5': '49ff9acf20cbf5dc97bb8451eab1c816', 'sha1': '05cf3576f86071923bfdc7bfefa779b5933c698e', 'sha256': 'a589601a010a117d337123053fe74809faed415bd34503080db27e01efa4a871'}, 'dob': {'date': '1987-11-12T02:58:56.130Z', 'age': 36}, 'registered': {'date': '2018-02-27T12:16:00.228Z', 'age': 6}, 'phone': '(062)-362-3693', 'cell': '(236)-607-1595', 'id': {'name': '', 'value': None}, 'picture': {'large': 'https://randomuser.me/api/portraits/women/29.jpg', 'medium': 'https://randomuser.me/api/portraits/med/women/29.jpg', 'thumbnail': 'https://randomuser.me/api/portraits/thumb/women/29.jpg'}, 'nat': 'NZ'}</msg>
<arg>${json_data['results'][0]}</arg>
<doc>Logs the given message with the given level.</doc>
<status status="PASS" start="2024-05-24T05:14:40.864076" elapsed="0.000412"/>
</kw>
<kw name="Log" owner="BuiltIn">
<msg time="2024-05-24T05:14:40.864909" level="INFO">login</msg>
<arg>${key}</arg>
<doc>Logs the given message with the given level.</doc>
<status status="PASS" start="2024-05-24T05:14:40.864781" elapsed="0.000167"/>
</kw>
<var name="${key}">login</var>
<status status="PASS" start="2024-05-24T05:14:40.863239" elapsed="0.001961"/>
</iter>
<var>${key}</var>
<value>@{expected_keys}</value>
<status status="PASS" start="2024-05-24T05:14:40.854271" elapsed="0.011091"/>
</for>
<kw name="Create List" owner="BuiltIn">
<msg time="2024-05-24T05:14:40.865701" level="INFO">${expected_keysTwo} = ['username', 'password']</msg>
<var>${expected_keysTwo}</var>
<arg>username</arg>
<arg>password</arg>
<doc>Returns a list containing given items.</doc>
<status status="PASS" start="2024-05-24T05:14:40.865563" elapsed="0.000162"/>
</kw>
<for flavor="IN">
<iter>
<kw name="Dictionary Should Contain Key" owner="Collections">
<msg time="2024-05-24T05:14:40.866606" level="INFO">False</msg>
<arg>${json_data['results'][0]['login']}</arg>
<arg>${keyTwo}</arg>
<doc>Fails if ``key`` is not found from ``dictionary``.</doc>
<status status="PASS" start="2024-05-24T05:14:40.866228" elapsed="0.000415"/>
</kw>
<kw name="Dictionary Should Contain Key" owner="Collections">
<msg time="2024-05-24T05:14:40.867321" level="INFO">False</msg>
<arg>${json_data['results'][0]['login']}</arg>
<arg>${keyTwo}</arg>
<doc>Fails if ``key`` is not found from ``dictionary``.</doc>
<status status="PASS" start="2024-05-24T05:14:40.866942" elapsed="0.000417"/>
</kw>
<kw name="Log" owner="BuiltIn">
<msg time="2024-05-24T05:14:40.867780" level="INFO">username</msg>
<arg>${keyTwo}</arg>
<doc>Logs the given message with the given level.</doc>
<status status="PASS" start="2024-05-24T05:14:40.867652" elapsed="0.000166"/>
</kw>
<var name="${keyTwo}">username</var>
<status status="PASS" start="2024-05-24T05:14:40.866117" elapsed="0.001918"/>
</iter>
<iter>
<kw name="Dictionary Should Contain Key" owner="Collections">
<msg time="2024-05-24T05:14:40.868700" level="INFO">False</msg>
<arg>${json_data['results'][0]['login']}</arg>
<arg>${keyTwo}</arg>
<doc>Fails if ``key`` is not found from ``dictionary``.</doc>
<status status="PASS" start="2024-05-24T05:14:40.868316" elapsed="0.000423"/>
</kw>
<kw name="Dictionary Should Contain Key" owner="Collections">
<msg time="2024-05-24T05:14:40.869446" level="INFO">False</msg>
<arg>${json_data['results'][0]['login']}</arg>
<arg>${keyTwo}</arg>
<doc>Fails if ``key`` is not found from ``dictionary``.</doc>
<status status="PASS" start="2024-05-24T05:14:40.869035" elapsed="0.000449"/>
</kw>
<kw name="Log" owner="BuiltIn">
<msg time="2024-05-24T05:14:40.869905" level="INFO">password</msg>
<arg>${keyTwo}</arg>
<doc>Logs the given message with the given level.</doc>
<status status="PASS" start="2024-05-24T05:14:40.869779" elapsed="0.000164"/>
</kw>
<var name="${keyTwo}">password</var>
<status status="PASS" start="2024-05-24T05:14:40.868206" elapsed="0.001952"/>
</iter>
<var>${keyTwo}</var>
<value>@{expected_keysTwo}</value>
<status status="PASS" start="2024-05-24T05:14:40.865964" elapsed="0.004312"/>
</for>
<status status="PASS" start="2024-05-24T05:14:40.758049" elapsed="0.112368"/>
</kw>
<doc>Testa a estrutura da resposta da API.</doc>
<tag>testeEstruturaResposta</tag>
<status status="PASS" start="2024-05-24T05:14:40.757463" elapsed="0.113102"/>
</test>
<test id="s1-s1-t4" name="Validar tipos de dados" line="28">
<kw name="Teste de Tipos de Dados" owner="random-user-service">
<kw name="GET On Session" owner="RequestsLibrary">
<msg time="2024-05-24T05:14:40.962348" level="INFO">GET Request : url=https://randomuser.me/api 
 path_url=/api 
 headers={'User-Agent': 'python-requests/2.32.2', 'Accept-Encoding': 'gzip, deflate', 'Accept': '*/*', 'Connection': 'keep-alive'} 
 body=None 
 </msg>
<msg time="2024-05-24T05:14:40.962432" level="INFO">GET Response : url=https://randomuser.me/api 
 status=200, reason=OK 
 headers={'Date': 'Fri, 24 May 2024 05:14:40 GMT', 'Content-Type': 'application/json; charset=utf-8', 'Transfer-Encoding': 'chunked', 'Connection': 'keep-alive', 'X-Powered-By': 'Express', 'Access-Control-Allow-Origin': '*', 'Cache-Control': 'no-cache', 'ETag': 'W/"485-mqpMtivz4Yd5f6hH988fukmHx6k"', 'Vary': 'Accept-Encoding', 'Content-Encoding': 'gzip', 'CF-Cache-Status': 'DYNAMIC', 'Report-To': '{"endpoints":[{"url":"https:\\/\\/a.nel.cloudflare.com\\/report\\/v4?s=yVX%2Fb3jrPpM%2Fj%2Fb9wLyrIwGU9EIlrjoHpNnPGJ9WJjf4h76OaIbqlmw3cXQk8guLrzLKahDXZ%2F0pZxQ5jPKcWD8IQmH89Mp0B%2BI5rm77mcZZytYcvmW3lK2SNa4nEGgj"}],"group":"cf-nel","max_age":604800}', 'NEL': '{"success_fraction":0,"report_to":"cf-nel","max_age":604800}', 'Server': 'cloudflare', 'CF-RAY': '888acdb57c9a171e-SJC', 'alt-svc': 'h3=":443"; ma=86400'} 
 body={"results":[{"gender":"female","name":{"title":"Ms","first":"Susanna","last":"Miles"},"location":{"street":{"number":5779,"name":"School Lane"},"city":"Loughrea","state":"Laois","country":"Ireland","postcode":13396,"coordinates":{"latitude":"-1.5888","longitude":"29.4567"},"timezone":{"offset":"+2:00","description":"Kaliningrad, South Africa"}},"email":"susanna.miles@example.com","login":{"uuid":"e9e89b97-056e-45aa-986e-39926bfadd2e","username":"tinyelephant620","password":"hawkeyes","salt":"wA4vQNeI","md5":"743bec8b3019c9ee58d9253c35d20f3e","sha1":"29c934da4ad39e7049ba6c807ac81bf21beaebf9","sha256":"630ec806989ac1a1b52253405f1518c86af242b32114ae16019a1947dd36accc"},"dob":{"date":"1977-08-25T22:55:30.281Z","age":46},"registered":{"date":"2005-07-01T20:30:28.533Z","age":18},"phone":"061-968-8191","cell":"081-449-4634","id":{"name":"PPS","value":"7168808T"},"picture":{"large":"https://randomuser.me/api/portraits/women/38.jpg","medium":"https://randomuser.me/api/portraits/med/women/38.jpg","thumbnail":"https://randomuser.me/api/portraits/thumb/women/38.jpg"},"nat":"IE"}],"info":{"seed":"cdbd7583df83b819","results":1,"page":1,"version":"1.4"}} 
 </msg>
<msg time="2024-05-24T05:14:40.962505" level="INFO">/opt/hostedtoolcache/Python/3.12.3/x64/lib/python3.12/site-packages/urllib3/connectionpool.py:1103: InsecureRequestWarning: Unverified HTTPS request is being made to host 'randomuser.me'. Adding certificate verification is strongly advised. See: https://urllib3.readthedocs.io/en/latest/advanced-usage.html#tls-warnings
  warnings.warn(</msg>
<msg time="2024-05-24T05:14:40.962620" level="INFO">${response} = &lt;Response [200]&gt;</msg>
<var>${response}</var>
<arg>consultarAPI</arg>
<arg>/api</arg>
<doc>Sends a GET request on a previously created HTTP Session.</doc>
<status status="PASS" start="2024-05-24T05:14:40.873031" elapsed="0.089643"/>
</kw>
<kw name="Set Variable" owner="BuiltIn">
<msg time="2024-05-24T05:14:40.963757" level="INFO">${json_data} = {'results': [{'gender': 'female', 'name': {'title': 'Ms', 'first': 'Susanna', 'last': 'Miles'}, 'location': {'street': {'number': 5779, 'name': 'School Lane'}, 'city': 'Loughrea', 'state': 'Laois', 'c...</msg>
<var>${json_data}</var>
<arg>${response.json()}</arg>
<doc>Returns the given values which can then be assigned to a variables.</doc>
<status status="PASS" start="2024-05-24T05:14:40.963207" elapsed="0.000579"/>
</kw>
<kw name="Log" owner="BuiltIn">
<msg time="2024-05-24T05:14:40.964252" level="INFO">{'results': [{'gender': 'female', 'name': {'title': 'Ms', 'first': 'Susanna', 'last': 'Miles'}, 'location': {'street': {'number': 5779, 'name': 'School Lane'}, 'city': 'Loughrea', 'state': 'Laois', 'country': 'Ireland', 'postcode': 13396, 'coordinates': {'latitude': '-1.5888', 'longitude': '29.4567'}, 'timezone': {'offset': '+2:00', 'description': 'Kaliningrad, South Africa'}}, 'email': 'susanna.miles@example.com', 'login': {'uuid': 'e9e89b97-056e-45aa-986e-39926bfadd2e', 'username': 'tinyelephant620', 'password': 'hawkeyes', 'salt': 'wA4vQNeI', 'md5': '743bec8b3019c9ee58d9253c35d20f3e', 'sha1': '29c934da4ad39e7049ba6c807ac81bf21beaebf9', 'sha256': '630ec806989ac1a1b52253405f1518c86af242b32114ae16019a1947dd36accc'}, 'dob': {'date': '1977-08-25T22:55:30.281Z', 'age': 46}, 'registered': {'date': '2005-07-01T20:30:28.533Z', 'age': 18}, 'phone': '061-968-8191', 'cell': '081-449-4634', 'id': {'name': 'PPS', 'value': '7168808T'}, 'picture': {'large': 'https://randomuser.me/api/portraits/women/38.jpg', 'medium': 'https://randomuser.me/api/portraits/med/women/38.jpg', 'thumbnail': 'https://randomuser.me/api/portraits/thumb/women/38.jpg'}, 'nat': 'IE'}], 'info': {'seed': 'cdbd7583df83b819', 'results': 1, 'page': 1, 'version': '1.4'}}</msg>
<arg>${json_data}</arg>
<doc>Logs the given message with the given level.</doc>
<status status="PASS" start="2024-05-24T05:14:40.964093" elapsed="0.000238"/>
</kw>
<kw name="Should Be String" owner="String">
<arg>${json_data['results'][0]['gender']}</arg>
<doc>Fails if the given ``item`` is not a string.</doc>
<status status="PASS" start="2024-05-24T05:14:40.964629" elapsed="0.000360"/>
</kw>
<kw name="Should Match Regexp" owner="BuiltIn">
<arg>${json_data['results'][0]['email']}</arg>
<arg>^[a-zA-Z0-9._%+-]+@[a-zA-Z0-9.-]+\.[a-zA-Z]{2,}$</arg>
<doc>Fails if ``string`` does not match ``pattern`` as a regular expression.</doc>
<status status="PASS" start="2024-05-24T05:14:40.965180" elapsed="0.000668"/>
</kw>
<kw name="Should Match Regexp" owner="BuiltIn">
<arg>${json_data['results'][0]['dob']['date']}</arg>
<arg>\\d{4}-\\d{2}-\\d{2}T\\d{2}:\\d{2}:\\d{2}\\.\\d{3}Z</arg>
<doc>Fails if ``string`` does not match ``pattern`` as a regular expression.</doc>
<status status="PASS" start="2024-05-24T05:14:40.966050" elapsed="0.000499"/>
</kw>
<kw name="Should Match Regexp" owner="BuiltIn">
<arg>${json_data['results'][0]['registered']['date']}</arg>
<arg>\\d{4}-\\d{2}-\\d{2}T\\d{2}:\\d{2}:\\d{2}\\.\\d{3}Z</arg>
<doc>Fails if ``string`` does not match ``pattern`` as a regular expression.</doc>
<status status="PASS" start="2024-05-24T05:14:40.966747" elapsed="0.000371"/>
</kw>
<kw name="Should Match Regexp" owner="BuiltIn">
<arg>${json_data['results'][0]['picture']['large']}</arg>
<arg>^https?://.*\.(?:png|jpe?g|gif|bmp)$</arg>
<doc>Fails if ``string`` does not match ``pattern`` as a regular expression.</doc>
<status status="PASS" start="2024-05-24T05:14:40.967308" elapsed="0.000465"/>
</kw>
<kw name="Should Match Regexp" owner="BuiltIn">
<arg>${json_data['results'][0]['picture']['medium']}</arg>
<arg>^https?://.*\.(?:png|jpe?g|gif|bmp)$</arg>
<doc>Fails if ``string`` does not match ``pattern`` as a regular expression.</doc>
<status status="PASS" start="2024-05-24T05:14:40.967968" elapsed="0.000358"/>
</kw>
<kw name="Should Match Regexp" owner="BuiltIn">
<arg>${json_data['results'][0]['picture']['thumbnail']}</arg>
<arg>^https?://.*\.(?:png|jpe?g|gif|bmp)$</arg>
<doc>Fails if ``string`` does not match ``pattern`` as a regular expression.</doc>
<status status="PASS" start="2024-05-24T05:14:40.968519" elapsed="0.000359"/>
</kw>
<kw name="Log" owner="BuiltIn">
<msg time="2024-05-24T05:14:40.969422" level="INFO">{'large': 'https://randomuser.me/api/portraits/women/38.jpg', 'medium': 'https://randomuser.me/api/portraits/med/women/38.jpg', 'thumbnail': 'https://randomuser.me/api/portraits/thumb/women/38.jpg'}</msg>
<arg>${json_data['results'][0]['picture']}</arg>
<doc>Logs the given message with the given level.</doc>
<status status="PASS" start="2024-05-24T05:14:40.969060" elapsed="0.000407"/>
</kw>
<status status="PASS" start="2024-05-24T05:14:40.872796" elapsed="0.096929"/>
</kw>
<kw name="Teste de Tipos de Dados - Postcode" owner="random-user-service">
<kw name="GET On Session" owner="RequestsLibrary">
<msg time="2024-05-24T05:14:41.321878" level="INFO">GET Request : url=https://randomuser.me/api 
 path_url=/api 
 headers={'User-Agent': 'python-requests/2.32.2', 'Accept-Encoding': 'gzip, deflate', 'Accept': '*/*', 'Connection': 'keep-alive'} 
 body=None 
 </msg>
<msg time="2024-05-24T05:14:41.321969" level="INFO">GET Response : url=https://randomuser.me/api 
 status=200, reason=OK 
 headers={'Date': 'Fri, 24 May 2024 05:14:41 GMT', 'Content-Type': 'application/json; charset=utf-8', 'Transfer-Encoding': 'chunked', 'Connection': 'keep-alive', 'X-Powered-By': 'Express', 'Access-Control-Allow-Origin': '*', 'Cache-Control': 'no-cache', 'ETag': 'W/"49f-oUr0xFcP7wt0HqZ3oMQiULG92b8"', 'Vary': 'Accept-Encoding', 'Content-Encoding': 'gzip', 'CF-Cache-Status': 'DYNAMIC', 'Report-To': '{"endpoints":[{"url":"https:\\/\\/a.nel.cloudflare.com\\/report\\/v4?s=s2iHzTCDPT2Ss0xV7jC1OdsL7C%2BjeafPeH8MtWw00FIakJ%2BZSEtQJ01r3MqnPGShKHbbQeDheoGGcMzcVhf09H8jw%2BrEHUkw3cDOhsKyZ8NM%2FxwCXlwHFEuCSbJu3DOZ"}],"group":"cf-nel","max_age":604800}', 'NEL': '{"success_fraction":0,"report_to":"cf-nel","max_age":604800}', 'Server': 'cloudflare', 'CF-RAY': '888acdb61d23171e-SJC', 'alt-svc': 'h3=":443"; ma=86400'} 
 body={"results":[{"gender":"female","name":{"title":"Mrs","first":"Giuseppina","last":"Franzen"},"location":{"street":{"number":9499,"name":"Parkstraße"},"city":"Burglengenfeld","state":"Brandenburg","country":"Germany","postcode":84879,"coordinates":{"latitude":"-50.7796","longitude":"121.2983"},"timezone":{"offset":"+2:00","description":"Kaliningrad, South Africa"}},"email":"giuseppina.franzen@example.com","login":{"uuid":"5398fb23-d18b-4b47-b18b-509fa3b4cf45","username":"sadgoose119","password":"lovers","salt":"gFUSqDTg","md5":"8d0f24cef63e02baeb7a886ee905423c","sha1":"f54963abcbbd64a64d50f141bf9dd8bb901fbe3a","sha256":"0e60a02b799d4896306576fd1057dfc0f73b1331963c1ede1960353a9257b85f"},"dob":{"date":"1978-08-21T08:12:21.873Z","age":45},"registered":{"date":"2021-03-27T17:52:25.633Z","age":3},"phone":"0272-7923673","cell":"0171-7117062","id":{"name":"SVNR","value":"21 210878 F 646"},"picture":{"large":"https://randomuser.me/api/portraits/women/64.jpg","medium":"https://randomuser.me/api/portraits/med/women/64.jpg","thumbnail":"https://randomuser.me/api/portraits/thumb/women/64.jpg"},"nat":"DE"}],"info":{"seed":"3a2ad0114fa22b0c","results":1,"page":1,"version":"1.4"}} 
 </msg>
<msg time="2024-05-24T05:14:41.322036" level="INFO">/opt/hostedtoolcache/Python/3.12.3/x64/lib/python3.12/site-packages/urllib3/connectionpool.py:1103: InsecureRequestWarning: Unverified HTTPS request is being made to host 'randomuser.me'. Adding certificate verification is strongly advised. See: https://urllib3.readthedocs.io/en/latest/advanced-usage.html#tls-warnings
  warnings.warn(</msg>
<msg time="2024-05-24T05:14:41.322156" level="INFO">${response} = &lt;Response [200]&gt;</msg>
<var>${response}</var>
<arg>consultarAPI</arg>
<arg>/api</arg>
<doc>Sends a GET request on a previously created HTTP Session.</doc>
<status status="PASS" start="2024-05-24T05:14:40.970161" elapsed="0.352034"/>
</kw>
<kw name="Set Variable" owner="BuiltIn">
<msg time="2024-05-24T05:14:41.323336" level="INFO">${json_data} = {'results': [{'gender': 'female', 'name': {'title': 'Mrs', 'first': 'Giuseppina', 'last': 'Franzen'}, 'location': {'street': {'number': 9499, 'name': 'Parkstraße'}, 'city': 'Burglengenfeld', 'state': ...</msg>
<var>${json_data}</var>
<arg>${response.json()}</arg>
<doc>Returns the given values which can then be assigned to a variables.</doc>
<status status="PASS" start="2024-05-24T05:14:41.322785" elapsed="0.000588"/>
</kw>
<kw name="Log" owner="BuiltIn">
<msg time="2024-05-24T05:14:41.323852" level="INFO">{'results': [{'gender': 'female', 'name': {'title': 'Mrs', 'first': 'Giuseppina', 'last': 'Franzen'}, 'location': {'street': {'number': 9499, 'name': 'Parkstraße'}, 'city': 'Burglengenfeld', 'state': 'Brandenburg', 'country': 'Germany', 'postcode': 84879, 'coordinates': {'latitude': '-50.7796', 'longitude': '121.2983'}, 'timezone': {'offset': '+2:00', 'description': 'Kaliningrad, South Africa'}}, 'email': 'giuseppina.franzen@example.com', 'login': {'uuid': '5398fb23-d18b-4b47-b18b-509fa3b4cf45', 'username': 'sadgoose119', 'password': 'lovers', 'salt': 'gFUSqDTg', 'md5': '8d0f24cef63e02baeb7a886ee905423c', 'sha1': 'f54963abcbbd64a64d50f141bf9dd8bb901fbe3a', 'sha256': '0e60a02b799d4896306576fd1057dfc0f73b1331963c1ede1960353a9257b85f'}, 'dob': {'date': '1978-08-21T08:12:21.873Z', 'age': 45}, 'registered': {'date': '2021-03-27T17:52:25.633Z', 'age': 3}, 'phone': '0272-7923673', 'cell': '0171-7117062', 'id': {'name': 'SVNR', 'value': '21 210878 F 646'}, 'picture': {'large': 'https://randomuser.me/api/portraits/women/64.jpg', 'medium': 'https://randomuser.me/api/portraits/med/women/64.jpg', 'thumbnail': 'https://randomuser.me/api/portraits/thumb/women/64.jpg'}, 'nat': 'DE'}], 'info': {'seed': '3a2ad0114fa22b0c', 'results': 1, 'page': 1, 'version': '1.4'}}</msg>
<arg>${json_data}</arg>
<doc>Logs the given message with the given level.</doc>
<status status="PASS" start="2024-05-24T05:14:41.323690" elapsed="0.000248"/>
</kw>
<kw name="Should Be Equal As Numbers" owner="BuiltIn">
<arg>${json_data['results'][0]['location']['postcode']}</arg>
<arg>${json_data['results'][0]['location']['postcode']}</arg>
<doc>Fails if objects are unequal after converting them to real numbers.</doc>
<status status="PASS" start="2024-05-24T05:14:41.324243" elapsed="0.000614"/>
</kw>
<kw name="Log" owner="BuiltIn">
<msg time="2024-05-24T05:14:41.325427" level="INFO">84879</msg>
<arg>${json_data['results'][0]['location']['postcode']}</arg>
<doc>Logs the given message with the given level.</doc>
<status status="PASS" start="2024-05-24T05:14:41.325048" elapsed="0.000421"/>
</kw>
<status status="PASS" start="2024-05-24T05:14:40.969937" elapsed="0.355790"/>
</kw>
<doc>Testa se os tipos de dados na resposta da API estão corretos.</doc>
<tag>testeTiposDados</tag>
<status status="PASS" start="2024-05-24T05:14:40.872267" elapsed="0.453628"/>
</test>
<test id="s1-s1-t5" name="Validar conteudo" line="35">
<kw name="Teste de Tipos de Conteudo" owner="random-user-service">
<kw name="GET On Session" owner="RequestsLibrary">
<msg time="2024-05-24T05:14:41.443172" level="INFO">GET Request : url=https://randomuser.me/api 
 path_url=/api 
 headers={'User-Agent': 'python-requests/2.32.2', 'Accept-Encoding': 'gzip, deflate', 'Accept': '*/*', 'Connection': 'keep-alive'} 
 body=None 
 </msg>
<msg time="2024-05-24T05:14:41.443261" level="INFO">GET Response : url=https://randomuser.me/api 
 status=200, reason=OK 
 headers={'Date': 'Fri, 24 May 2024 05:14:41 GMT', 'Content-Type': 'application/json; charset=utf-8', 'Transfer-Encoding': 'chunked', 'Connection': 'keep-alive', 'X-Powered-By': 'Express', 'Access-Control-Allow-Origin': '*', 'Cache-Control': 'no-cache', 'ETag': 'W/"497-lmgQUbgAtwudSsAQj7FXBimqddI"', 'Vary': 'Accept-Encoding', 'Content-Encoding': 'gzip', 'CF-Cache-Status': 'DYNAMIC', 'Report-To': '{"endpoints":[{"url":"https:\\/\\/a.nel.cloudflare.com\\/report\\/v4?s=NLgTp1OR5eJQJAKDtGq2pVo7VL2QckiuyFN9ck0ZLFl%2F%2FCz59gXgz9bC%2BcYIKX3RMwlVGxwOv1C2ZVMbTDdK4VBBqSUnfdRBVTGcCiSo4e41hQi1Lo%2B%2B75KvOkmVgtnl"}],"group":"cf-nel","max_age":604800}', 'NEL': '{"success_fraction":0,"report_to":"cf-nel","max_age":604800}', 'Server': 'cloudflare', 'CF-RAY': '888acdb85efd171e-SJC', 'alt-svc': 'h3=":443"; ma=86400'} 
 body={"results":[{"gender":"female","name":{"title":"Mrs","first":"Laura","last":"Mason"},"location":{"street":{"number":1749,"name":"Alexander Road"},"city":"Hereford","state":"Essex","country":"United Kingdom","postcode":"X8Q 0NP","coordinates":{"latitude":"-6.9966","longitude":"89.0640"},"timezone":{"offset":"-8:00","description":"Pacific Time (US &amp; Canada)"}},"email":"laura.mason@example.com","login":{"uuid":"99a22065-2e06-41b4-88cf-b665b7220026","username":"whitepeacock453","password":"samm","salt":"5dyfSqHF","md5":"4be0657f00081992fbd3648e24b6b475","sha1":"9472be41b0027e41689b5823f404ceb140df427f","sha256":"cb5478525a0086bfa70457bf2a29c02c1b03e755322417bd59e4efa9748e15e2"},"dob":{"date":"1966-12-03T04:52:53.696Z","age":57},"registered":{"date":"2009-05-31T16:01:56.637Z","age":14},"phone":"0111874 218 5161","cell":"07444 664991","id":{"name":"NINO","value":"XP 09 03 73 P"},"picture":{"large":"https://randomuser.me/api/portraits/women/69.jpg","medium":"https://randomuser.me/api/portraits/med/women/69.jpg","thumbnail":"https://randomuser.me/api/portraits/thumb/women/69.jpg"},"nat":"GB"}],"info":{"seed":"4ab8bb5eb9c5c8f3","results":1,"page":1,"version":"1.4"}} 
 </msg>
<msg time="2024-05-24T05:14:41.443337" level="INFO">/opt/hostedtoolcache/Python/3.12.3/x64/lib/python3.12/site-packages/urllib3/connectionpool.py:1103: InsecureRequestWarning: Unverified HTTPS request is being made to host 'randomuser.me'. Adding certificate verification is strongly advised. See: https://urllib3.readthedocs.io/en/latest/advanced-usage.html#tls-warnings
  warnings.warn(</msg>
<msg time="2024-05-24T05:14:41.443465" level="INFO">${response} = &lt;Response [200]&gt;</msg>
<var>${response}</var>
<arg>consultarAPI</arg>
<arg>/api</arg>
<doc>Sends a GET request on a previously created HTTP Session.</doc>
<status status="PASS" start="2024-05-24T05:14:41.328389" elapsed="0.115131"/>
</kw>
<kw name="Set Variable" owner="BuiltIn">
<msg time="2024-05-24T05:14:41.444625" level="INFO">${json_data} = {'results': [{'gender': 'female', 'name': {'title': 'Mrs', 'first': 'Laura', 'last': 'Mason'}, 'location': {'street': {'number': 1749, 'name': 'Alexander Road'}, 'city': 'Hereford', 'state': 'Essex', ...</msg>
<var>${json_data}</var>
<arg>${response.json()}</arg>
<doc>Returns the given values which can then be assigned to a variables.</doc>
<status status="PASS" start="2024-05-24T05:14:41.444088" elapsed="0.000573"/>
</kw>
<kw name="Set Variable" owner="BuiltIn">
<msg time="2024-05-24T05:14:41.445468" level="INFO">${name_title} = Mrs</msg>
<var>${name_title}</var>
<arg>${json_data["results"][0]["name"]["title"]}</arg>
<doc>Returns the given values which can then be assigned to a variables.</doc>
<status status="PASS" start="2024-05-24T05:14:41.444981" elapsed="0.000515"/>
</kw>
<kw name="Create List" owner="BuiltIn">
<msg time="2024-05-24T05:14:41.446021" level="INFO">${allowed_titles} = ['Mr', 'Ms', 'Miss', 'Mrs', 'Madame', 'Monsieur']</msg>
<var>${allowed_titles}</var>
<arg>Mr</arg>
<arg>Ms</arg>
<arg>Miss</arg>
<arg>Mrs</arg>
<arg>Madame</arg>
<arg>Monsieur</arg>
<doc>Returns a list containing given items.</doc>
<status status="PASS" start="2024-05-24T05:14:41.445845" elapsed="0.000212"/>
</kw>
<kw name="List Should Contain Value" owner="Collections">
<msg time="2024-05-24T05:14:41.446562" level="INFO">False</msg>
<arg>${allowed_titles}</arg>
<arg>${name_title}</arg>
<doc>Fails if the ``value`` is not found from ``list``.</doc>
<status status="PASS" start="2024-05-24T05:14:41.446381" elapsed="0.000219"/>
</kw>
<kw name="Set Variable" owner="BuiltIn">
<msg time="2024-05-24T05:14:41.447423" level="INFO">${name_country} = GB</msg>
<var>${name_country}</var>
<arg>${json_data["results"][0]["nat"]}</arg>
<doc>Returns the given values which can then be assigned to a variables.</doc>
<status status="PASS" start="2024-05-24T05:14:41.446893" elapsed="0.000556"/>
</kw>
<kw name="Create List" owner="BuiltIn">
<msg time="2024-05-24T05:14:41.448407" level="INFO">${list_country} = ['AD', 'AE', 'AF', 'AG', 'AI', 'AL', 'AM', 'AO', 'AQ', 'AR', 'AS', 'AT', 'AU', 'AW', 'AX', 'AZ', 'BA', 'BB', 'BD', 'BE', 'BF', 'BG', 'BH', 'BI', 'BJ', 'BL', 'BM', 'BN', 'BO', 'BQ', 'BR', 'BS', 'BT', '...</msg>
<var>${list_country}</var>
<arg>AD</arg>
<arg>AE</arg>
<arg>AF</arg>
<arg>AG</arg>
<arg>AI</arg>
<arg>AL</arg>
<arg>AM</arg>
<arg>AO</arg>
<arg>AQ</arg>
<arg>AR</arg>
<arg>AS</arg>
<arg>AT</arg>
<arg>AU</arg>
<arg>AW</arg>
<arg>AX</arg>
<arg>AZ</arg>
<arg>BA</arg>
<arg>BB</arg>
<arg>BD</arg>
<arg>BE</arg>
<arg>BF</arg>
<arg>BG</arg>
<arg>BH</arg>
<arg>BI</arg>
<arg>BJ</arg>
<arg>BL</arg>
<arg>BM</arg>
<arg>BN</arg>
<arg>BO</arg>
<arg>BQ</arg>
<arg>BR</arg>
<arg>BS</arg>
<arg>BT</arg>
<arg>BV</arg>
<arg>BW</arg>
<arg>BY</arg>
<arg>BZ</arg>
<arg>CA</arg>
<arg>CC</arg>
<arg>CD</arg>
<arg>CF</arg>
<arg>CG</arg>
<arg>CH</arg>
<arg>CI</arg>
<arg>CK</arg>
<arg>CL</arg>
<arg>CM</arg>
<arg>CN</arg>
<arg>CO</arg>
<arg>CR</arg>
<arg>CU</arg>
<arg>CV</arg>
<arg>CW</arg>
<arg>CX</arg>
<arg>CY</arg>
<arg>CZ</arg>
<arg>DE</arg>
<arg>DJ</arg>
<arg>DK</arg>
<arg>DM</arg>
<arg>DO</arg>
<arg>DZ</arg>
<arg>EC</arg>
<arg>EE</arg>
<arg>EG</arg>
<arg>EH</arg>
<arg>ER</arg>
<arg>ES</arg>
<arg>ET</arg>
<arg>FI</arg>
<arg>FJ</arg>
<arg>FK</arg>
<arg>FM</arg>
<arg>FO</arg>
<arg>FR</arg>
<arg>GA</arg>
<arg>GB</arg>
<arg>GD</arg>
<arg>GE</arg>
<arg>GF</arg>
<arg>GG</arg>
<arg>GH</arg>
<arg>GI</arg>
<arg>GL</arg>
<arg>GM</arg>
<arg>GN</arg>
<arg>GP</arg>
<arg>GQ</arg>
<arg>GR</arg>
<arg>GS</arg>
<arg>GT</arg>
<arg>GU</arg>
<arg>GW</arg>
<arg>GY</arg>
<arg>HK</arg>
<arg>HM</arg>
<arg>HN</arg>
<arg>HR</arg>
<arg>HT</arg>
<arg>HU</arg>
<arg>ID</arg>
<arg>IE</arg>
<arg>IL</arg>
<arg>IM</arg>
<arg>IN</arg>
<arg>IO</arg>
<arg>IQ</arg>
<arg>IR</arg>
<arg>IS</arg>
<arg>IT</arg>
<arg>JE</arg>
<arg>JM</arg>
<arg>JO</arg>
<arg>JP</arg>
<arg>KE</arg>
<arg>KG</arg>
<arg>KH</arg>
<arg>KI</arg>
<arg>KM</arg>
<arg>KN</arg>
<arg>KP</arg>
<arg>KR</arg>
<arg>KW</arg>
<arg>KY</arg>
<arg>KZ</arg>
<arg>LA</arg>
<arg>LB</arg>
<arg>LC</arg>
<arg>LI</arg>
<arg>LK</arg>
<arg>LR</arg>
<arg>LS</arg>
<arg>LT</arg>
<arg>LU</arg>
<arg>LV</arg>
<arg>LY</arg>
<arg>MA</arg>
<arg>MC</arg>
<arg>MD</arg>
<arg>ME</arg>
<arg>MF</arg>
<arg>MG</arg>
<arg>MH</arg>
<arg>MK</arg>
<arg>ML</arg>
<arg>MM</arg>
<arg>MN</arg>
<arg>MO</arg>
<arg>MP</arg>
<arg>MQ</arg>
<arg>MR</arg>
<arg>MS</arg>
<arg>MT</arg>
<arg>MU</arg>
<arg>MV</arg>
<arg>MW</arg>
<arg>MX</arg>
<arg>MY</arg>
<arg>MZ</arg>
<arg>NA</arg>
<arg>NC</arg>
<arg>NE</arg>
<arg>NF</arg>
<arg>NG</arg>
<arg>NI</arg>
<arg>NL</arg>
<arg>NO</arg>
<arg>NP</arg>
<arg>NR</arg>
<arg>NU</arg>
<arg>NZ</arg>
<arg>OM</arg>
<arg>PA</arg>
<arg>PE</arg>
<arg>PF</arg>
<arg>PG</arg>
<arg>PH</arg>
<arg>PK</arg>
<arg>PL</arg>
<arg>PM</arg>
<arg>PN</arg>
<arg>PR</arg>
<arg>PS</arg>
<arg>PT</arg>
<arg>PW</arg>
<arg>PY</arg>
<arg>QA</arg>
<arg>RE</arg>
<arg>RO</arg>
<arg>RS</arg>
<arg>RU</arg>
<arg>RW</arg>
<arg>SA</arg>
<arg>SB</arg>
<arg>SC</arg>
<arg>SD</arg>
<arg>SE</arg>
<arg>SG</arg>
<arg>SH</arg>
<arg>SI</arg>
<arg>SJ</arg>
<arg>SK</arg>
<arg>SL</arg>
<arg>SM</arg>
<arg>SN</arg>
<arg>SO</arg>
<arg>SR</arg>
<arg>SS</arg>
<arg>ST</arg>
<arg>SV</arg>
<arg>SX</arg>
<arg>SY</arg>
<arg>SZ</arg>
<arg>TC</arg>
<arg>TD</arg>
<arg>TF</arg>
<arg>TG</arg>
<arg>TH</arg>
<arg>TJ</arg>
<arg>TK</arg>
<arg>TL</arg>
<arg>TM</arg>
<arg>TN</arg>
<arg>TO</arg>
<arg>TR</arg>
<arg>TT</arg>
<arg>TV</arg>
<arg>TW</arg>
<arg>TZ</arg>
<arg>UA</arg>
<arg>UG</arg>
<arg>UM</arg>
<arg>US</arg>
<arg>UY</arg>
<arg>UZ</arg>
<arg>VA</arg>
<arg>VC</arg>
<arg>VE</arg>
<arg>VG</arg>
<arg>VI</arg>
<arg>VN</arg>
<arg>VU</arg>
<arg>WF</arg>
<arg>WS</arg>
<arg>XK</arg>
<arg>YE</arg>
<arg>YT</arg>
<arg>ZA</arg>
<arg>ZM</arg>
<arg>ZW</arg>
<doc>Returns a list containing given items.</doc>
<status status="PASS" start="2024-05-24T05:14:41.447768" elapsed="0.000666"/>
</kw>
<kw name="List Should Contain Value" owner="Collections">
<msg time="2024-05-24T05:14:41.449453" level="INFO">False</msg>
<arg>${list_country}</arg>
<arg>${name_country}</arg>
<doc>Fails if the ``value`` is not found from ``list``.</doc>
<status status="PASS" start="2024-05-24T05:14:41.449220" elapsed="0.000269"/>
</kw>
<kw name="Run Keyword If" owner="BuiltIn">
<kw name="Should Be True" owner="BuiltIn">
<arg>${True}</arg>
<doc>Fails if the given condition is not true.</doc>
<status status="PASS" start="2024-05-24T05:14:41.450554" elapsed="0.000145"/>
</kw>
<arg>${json_data["results"][0]["location"]["coordinates"]["latitude"]} &gt;= -90 and ${json_data["results"][0]["location"]["coordinates"]["latitude"]} &lt;= 90</arg>
<arg>Should Be True</arg>
<arg>${True}</arg>
<doc>Runs the given keyword with the given arguments, if ``condition`` is true.</doc>
<status status="PASS" start="2024-05-24T05:14:41.449804" elapsed="0.001020"/>
</kw>
<kw name="Run Keyword If" owner="BuiltIn">
<kw name="Should Be True" owner="BuiltIn">
<arg>${True}</arg>
<doc>Fails if the given condition is not true.</doc>
<status status="PASS" start="2024-05-24T05:14:41.451702" elapsed="0.000140"/>
</kw>
<arg>${json_data["results"][0]["location"]["coordinates"]["longitude"]} &gt;= -180 and ${json_data["results"][0]["location"]["coordinates"]["longitude"]} &lt;= 180</arg>
<arg>Should Be True</arg>
<arg>${True}</arg>
<doc>Runs the given keyword with the given arguments, if ``condition`` is true.</doc>
<status status="PASS" start="2024-05-24T05:14:41.451010" elapsed="0.000957"/>
</kw>
<status status="PASS" start="2024-05-24T05:14:41.328160" elapsed="0.123935"/>
</kw>
<doc>Testa o conteúdo específico dos campos retornados pela API.</doc>
<tag>testeConteudo</tag>
<status status="PASS" start="2024-05-24T05:14:41.327627" elapsed="0.124615"/>
</test>
<status status="PASS" start="2024-05-24T05:14:40.296244" elapsed="1.157979"/>
</suite>
<status status="PASS" start="2024-05-24T05:14:40.282859" elapsed="1.176553"/>
</suite>
<statistics>
<total>
<stat pass="5" fail="0" skip="0">All Tests</stat>
</total>
<tag>
<stat pass="1" fail="0" skip="0">testeConteudo</stat>
<stat pass="1" fail="0" skip="0">testeEstruturaResposta</stat>
<stat pass="1" fail="0" skip="0">testeRequisicaoBasica</stat>
<stat pass="1" fail="0" skip="0">testeTiposDados</stat>
</tag>
<suite>
<stat pass="5" fail="0" skip="0" id="s1" name="Tests">Tests</stat>
<stat pass="5" fail="0" skip="0" id="s1-s1" name="Random-User-Test">Tests.Random-User-Test</stat>
</suite>
</statistics>
<errors>
</errors>
</robot>
