<?xml version="1.0" encoding="UTF-8"?>
<robot generator="Robot 7.0.1 (Python 3.12.4 on linux)" generated="2024-06-26T16:19:06.960203" rpa="false" schemaversion="5">
<suite id="s1" name="Tests" source="/home/runner/work/ApiRandomUser/ApiRandomUser/RamdonUser/tests">
<suite id="s1-s1" name="Random-User-Test" source="/home/runner/work/ApiRandomUser/ApiRandomUser/RamdonUser/tests/random-user-test.robot">
<test id="s1-s1-t1" name="Conectar" line="13">
<kw name="Conectar API" owner="random-user-service">
<kw name="Create Session" owner="RequestsLibrary">
<msg time="2024-06-26T16:19:07.357416" level="INFO">Creating Session using : alias=consultarAPI, url=https://randomuser.me/, headers={},                     cookies={}, auth=None, timeout=None, proxies=None, verify=False,                     debug=0 </msg>
<arg>consultarAPI</arg>
<arg>${URL}</arg>
<doc>Create Session: create a HTTP session to a server</doc>
<status status="PASS" start="2024-06-26T16:19:07.357215" elapsed="0.000384"/>
</kw>
<status status="PASS" start="2024-06-26T16:19:07.356249" elapsed="0.001707"/>
</kw>
<status status="PASS" start="2024-06-26T16:19:07.355600" elapsed="0.002548"/>
</test>
<test id="s1-s1-t2" name="Validar retorno 200 e JSON Válido" line="16">
<kw name="Teste de Requisicao Basica" owner="random-user-service">
<kw name="GET On Session" owner="RequestsLibrary">
<msg time="2024-06-26T16:19:07.610542" level="INFO">GET Request : url=https://randomuser.me/api 
 path_url=/api 
 headers={'User-Agent': 'python-requests/2.32.3', 'Accept-Encoding': 'gzip, deflate', 'Accept': '*/*', 'Connection': 'keep-alive'} 
 body=None 
 </msg>
<msg time="2024-06-26T16:19:07.610685" level="INFO">GET Response : url=https://randomuser.me/api 
 status=200, reason=OK 
 headers={'Date': 'Wed, 26 Jun 2024 16:19:07 GMT', 'Content-Type': 'application/json; charset=utf-8', 'Transfer-Encoding': 'chunked', 'Connection': 'keep-alive', 'X-Powered-By': 'Express', 'Access-Control-Allow-Origin': '*', 'Cache-Control': 'no-cache', 'ETag': 'W/"482-dIEVGtoparyszk4G5svIa774wPc"', 'Vary': 'Accept-Encoding', 'Content-Encoding': 'gzip', 'CF-Cache-Status': 'DYNAMIC', 'Report-To': '{"endpoints":[{"url":"https:\\/\\/a.nel.cloudflare.com\\/report\\/v4?s=lX4diXWXMwlOMw5hObZHIUCabMhOu%2BWcWtowaNDe5MCtv8zECXZ3%2FCN2uO1Ex2Dc6x1tmnLICAkWNuy366hA%2Fq12PVrj%2FSAO4aJX%2FhkYPDhO1eQmxApjlSCRpreY2ISZ"}],"group":"cf-nel","max_age":604800}', 'NEL': '{"success_fraction":0,"report_to":"cf-nel","max_age":604800}', 'Server': 'cloudflare', 'CF-RAY': '899e84644e4d576a-IAD', 'alt-svc': 'h3=":443"; ma=86400'} 
 body={"results":[{"gender":"male","name":{"title":"Mr","first":"Çetin","last":"Çamdalı"},"location":{"street":{"number":2449,"name":"Mevlana Cd"},"city":"Zonguldak","state":"Nevşehir","country":"Turkey","postcode":84571,"coordinates":{"latitude":"68.6225","longitude":"-0.0914"},"timezone":{"offset":"+4:00","description":"Abu Dhabi, Muscat, Baku, Tbilisi"}},"email":"cetin.camdali@example.com","login":{"uuid":"3e93ed9d-ad6d-46e1-8276-a6ee4f7c440f","username":"heavygorilla671","password":"brutus","salt":"NZz1x5gU","md5":"848ded679bd7f6513cf8af4c2837e31f","sha1":"4cade44053b6d808e01a185ab4f499ef8dca4de4","sha256":"7c271eecfd832014cb2d0affc4fcb729c098ea657de6919a497f854b297a0e5b"},"dob":{"date":"1968-03-25T19:06:04.672Z","age":56},"registered":{"date":"2020-04-07T21:03:26.033Z","age":4},"phone":"(294)-822-0931","cell":"(114)-615-1505","id":{"name":"","value":null},"picture":{"large":"https://randomuser.me/api/portraits/men/87.jpg","medium":"https://randomuser.me/api/portraits/med/men/87.jpg","thumbnail":"https://randomuser.me/api/portraits/thumb/men/87.jpg"},"nat":"TR"}],"info":{"seed":"94b70c8e9403fa5a","results":1,"page":1,"version":"1.4"}} 
 </msg>
<msg time="2024-06-26T16:19:07.610775" level="INFO">/opt/hostedtoolcache/Python/3.12.4/x64/lib/python3.12/site-packages/urllib3/connectionpool.py:1099: InsecureRequestWarning: Unverified HTTPS request is being made to host 'randomuser.me'. Adding certificate verification is strongly advised. See: https://urllib3.readthedocs.io/en/latest/advanced-usage.html#tls-warnings
  warnings.warn(</msg>
<msg time="2024-06-26T16:19:07.610906" level="INFO">${response} = &lt;Response [200]&gt;</msg>
<var>${response}</var>
<arg>consultarAPI</arg>
<arg>/api</arg>
<doc>Sends a GET request on a previously created HTTP Session.</doc>
<status status="PASS" start="2024-06-26T16:19:07.360845" elapsed="0.250104"/>
</kw>
<kw name="Should Be Equal As Numbers" owner="BuiltIn">
<msg time="2024-06-26T16:19:07.611964" level="INFO">Argument types are:
&lt;class 'int'&gt;
&lt;class 'str'&gt;</msg>
<arg>${response.status_code}</arg>
<arg>200</arg>
<doc>Fails if objects are unequal after converting them to real numbers.</doc>
<status status="PASS" start="2024-06-26T16:19:07.611470" elapsed="0.000560"/>
</kw>
<kw name="Log" owner="BuiltIn">
<msg time="2024-06-26T16:19:07.612748" level="INFO">200</msg>
<arg>${response.status_code}</arg>
<doc>Logs the given message with the given level.</doc>
<status status="PASS" start="2024-06-26T16:19:07.612378" elapsed="0.000412"/>
</kw>
<kw name="Set Variable" owner="BuiltIn">
<msg time="2024-06-26T16:19:07.613547" level="INFO">${json_data} = {'results': [{'gender': 'male', 'name': {'title': 'Mr', 'first': 'Çetin', 'last': 'Çamdalı'}, 'location': {'street': {'number': 2449, 'name': 'Mevlana Cd'}, 'city': 'Zonguldak', 'state': 'Nevşehir', '...</msg>
<var>${json_data}</var>
<arg>${response.json()}</arg>
<doc>Returns the given values which can then be assigned to a variables.</doc>
<status status="PASS" start="2024-06-26T16:19:07.613097" elapsed="0.000480"/>
</kw>
<kw name="Dictionary Should Contain Key" owner="Collections">
<arg>${json_data}</arg>
<arg>results</arg>
<doc>Fails if ``key`` is not found from ``dictionary``.</doc>
<status status="PASS" start="2024-06-26T16:19:07.613888" elapsed="0.000175"/>
</kw>
<status status="PASS" start="2024-06-26T16:19:07.360600" elapsed="0.253614"/>
</kw>
<doc>Testa se a API responde corretamente e retorna um objeto JSON válido.</doc>
<tag>testeRequisicaoBasica</tag>
<status status="PASS" start="2024-06-26T16:19:07.360048" elapsed="0.254340"/>
</test>
<test id="s1-s1-t3" name="Validar estrutura de resposta" line="22">
<kw name="Teste de Estrutura de Resposta" owner="random-user-service">
<kw name="GET On Session" owner="RequestsLibrary">
<msg time="2024-06-26T16:19:07.700143" level="INFO">GET Request : url=https://randomuser.me/api 
 path_url=/api 
 headers={'User-Agent': 'python-requests/2.32.3', 'Accept-Encoding': 'gzip, deflate', 'Accept': '*/*', 'Connection': 'keep-alive'} 
 body=None 
 </msg>
<msg time="2024-06-26T16:19:07.700227" level="INFO">GET Response : url=https://randomuser.me/api 
 status=200, reason=OK 
 headers={'Date': 'Wed, 26 Jun 2024 16:19:07 GMT', 'Content-Type': 'application/json; charset=utf-8', 'Transfer-Encoding': 'chunked', 'Connection': 'keep-alive', 'X-Powered-By': 'Express', 'Access-Control-Allow-Origin': '*', 'Cache-Control': 'no-cache', 'ETag': 'W/"4a1-i929wgXthicxybwsMiF/5NWFXto"', 'Vary': 'Accept-Encoding', 'Content-Encoding': 'gzip', 'CF-Cache-Status': 'DYNAMIC', 'Report-To': '{"endpoints":[{"url":"https:\\/\\/a.nel.cloudflare.com\\/report\\/v4?s=eMXCPboQ5752S6X5Jp8%2BIg7pHXHk4%2BBmumB71GUPwXTLBf%2FPiF6UcwSaFutaDyRH%2BmI60DMj9WTJ9I9aPfNm9dyKRE44xLKnmGm1WyR3i4ZTo5ZA9jEuZJ6jm9majif2"}],"group":"cf-nel","max_age":604800}', 'NEL': '{"success_fraction":0,"report_to":"cf-nel","max_age":604800}', 'Server': 'cloudflare', 'CF-RAY': '899e8464ae8a576a-IAD', 'alt-svc': 'h3=":443"; ma=86400'} 
 body={"results":[{"gender":"male","name":{"title":"Mr","first":"Noel","last":"Krieger"},"location":{"street":{"number":870,"name":"Königsberger Straße"},"city":"Herbstein","state":"Rheinland-Pfalz","country":"Germany","postcode":27900,"coordinates":{"latitude":"-48.2373","longitude":"-1.0751"},"timezone":{"offset":"-5:00","description":"Eastern Time (US &amp; Canada), Bogota, Lima"}},"email":"noel.krieger@example.com","login":{"uuid":"b73195a3-4da6-426a-905a-2c72499cc477","username":"greenmouse244","password":"1024","salt":"pZPzkyNL","md5":"89950d2d74853cb01264ee5b4bd9e2fc","sha1":"1c09677aad4663cb9860f632a645d6e9b7e4fbaf","sha256":"cc9664303ae4113308839ca891e4e9acfae421f1c76c21464a974dc409e36555"},"dob":{"date":"1990-02-20T05:06:59.905Z","age":34},"registered":{"date":"2012-01-12T05:42:44.633Z","age":12},"phone":"0365-7734463","cell":"0172-3525703","id":{"name":"SVNR","value":"80 190290 K 142"},"picture":{"large":"https://randomuser.me/api/portraits/men/12.jpg","medium":"https://randomuser.me/api/portraits/med/men/12.jpg","thumbnail":"https://randomuser.me/api/portraits/thumb/men/12.jpg"},"nat":"DE"}],"info":{"seed":"7a189b01905afa21","results":1,"page":1,"version":"1.4"}} 
 </msg>
<msg time="2024-06-26T16:19:07.700354" level="INFO">/opt/hostedtoolcache/Python/3.12.4/x64/lib/python3.12/site-packages/urllib3/connectionpool.py:1099: InsecureRequestWarning: Unverified HTTPS request is being made to host 'randomuser.me'. Adding certificate verification is strongly advised. See: https://urllib3.readthedocs.io/en/latest/advanced-usage.html#tls-warnings
  warnings.warn(</msg>
<msg time="2024-06-26T16:19:07.700468" level="INFO">${response} = &lt;Response [200]&gt;</msg>
<var>${response}</var>
<arg>consultarAPI</arg>
<arg>/api</arg>
<doc>Sends a GET request on a previously created HTTP Session.</doc>
<status status="PASS" start="2024-06-26T16:19:07.617391" elapsed="0.083123"/>
</kw>
<kw name="Set Variable" owner="BuiltIn">
<msg time="2024-06-26T16:19:07.701372" level="INFO">${json_data} = {'results': [{'gender': 'male', 'name': {'title': 'Mr', 'first': 'Noel', 'last': 'Krieger'}, 'location': {'street': {'number': 870, 'name': 'Königsberger Straße'}, 'city': 'Herbstein', 'state': 'Rhein...</msg>
<var>${json_data}</var>
<arg>${response.json()}</arg>
<doc>Returns the given values which can then be assigned to a variables.</doc>
<status status="PASS" start="2024-06-26T16:19:07.700903" elapsed="0.000498"/>
</kw>
<kw name="Log" owner="BuiltIn">
<msg time="2024-06-26T16:19:07.701861" level="INFO">{'results': [{'gender': 'male', 'name': {'title': 'Mr', 'first': 'Noel', 'last': 'Krieger'}, 'location': {'street': {'number': 870, 'name': 'Königsberger Straße'}, 'city': 'Herbstein', 'state': 'Rheinland-Pfalz', 'country': 'Germany', 'postcode': 27900, 'coordinates': {'latitude': '-48.2373', 'longitude': '-1.0751'}, 'timezone': {'offset': '-5:00', 'description': 'Eastern Time (US &amp; Canada), Bogota, Lima'}}, 'email': 'noel.krieger@example.com', 'login': {'uuid': 'b73195a3-4da6-426a-905a-2c72499cc477', 'username': 'greenmouse244', 'password': '1024', 'salt': 'pZPzkyNL', 'md5': '89950d2d74853cb01264ee5b4bd9e2fc', 'sha1': '1c09677aad4663cb9860f632a645d6e9b7e4fbaf', 'sha256': 'cc9664303ae4113308839ca891e4e9acfae421f1c76c21464a974dc409e36555'}, 'dob': {'date': '1990-02-20T05:06:59.905Z', 'age': 34}, 'registered': {'date': '2012-01-12T05:42:44.633Z', 'age': 12}, 'phone': '0365-7734463', 'cell': '0172-3525703', 'id': {'name': 'SVNR', 'value': '80 190290 K 142'}, 'picture': {'large': 'https://randomuser.me/api/portraits/men/12.jpg', 'medium': 'https://randomuser.me/api/portraits/med/men/12.jpg', 'thumbnail': 'https://randomuser.me/api/portraits/thumb/men/12.jpg'}, 'nat': 'DE'}], 'info': {'seed': '7a189b01905afa21', 'results': 1, 'page': 1, 'version': '1.4'}}</msg>
<arg>${json_data}</arg>
<doc>Logs the given message with the given level.</doc>
<status status="PASS" start="2024-06-26T16:19:07.701703" elapsed="0.000220"/>
</kw>
<kw name="Dictionary Should Contain Key" owner="Collections">
<arg>${json_data}</arg>
<arg>results</arg>
<doc>Fails if ``key`` is not found from ``dictionary``.</doc>
<status status="PASS" start="2024-06-26T16:19:07.702228" elapsed="0.000158"/>
</kw>
<kw name="Should Not Be Empty" owner="BuiltIn">
<msg time="2024-06-26T16:19:07.702699" level="INFO">Length is 2.</msg>
<arg>${json_data}</arg>
<doc>Verifies that the given item is not empty.</doc>
<status status="PASS" start="2024-06-26T16:19:07.702567" elapsed="0.000178"/>
</kw>
<kw name="Create List" owner="BuiltIn">
<msg time="2024-06-26T16:19:07.703202" level="INFO">${expected_keys} = ['gender', 'name', 'location', 'email', 'login']</msg>
<var>${expected_keys}</var>
<arg>gender</arg>
<arg>name</arg>
<arg>location</arg>
<arg>email</arg>
<arg>login</arg>
<doc>Returns a list containing given items.</doc>
<status status="PASS" start="2024-06-26T16:19:07.703038" elapsed="0.000189"/>
</kw>
<for flavor="IN">
<iter>
<kw name="Dictionary Should Contain Key" owner="Collections">
<arg>${json_data['results'][0]}</arg>
<arg>${key}</arg>
<doc>Fails if ``key`` is not found from ``dictionary``.</doc>
<status status="PASS" start="2024-06-26T16:19:07.703986" elapsed="0.000430"/>
</kw>
<kw name="Log" owner="BuiltIn">
<msg time="2024-06-26T16:19:07.704964" level="INFO">{'gender': 'male', 'name': {'title': 'Mr', 'first': 'Noel', 'last': 'Krieger'}, 'location': {'street': {'number': 870, 'name': 'Königsberger Straße'}, 'city': 'Herbstein', 'state': 'Rheinland-Pfalz', 'country': 'Germany', 'postcode': 27900, 'coordinates': {'latitude': '-48.2373', 'longitude': '-1.0751'}, 'timezone': {'offset': '-5:00', 'description': 'Eastern Time (US &amp; Canada), Bogota, Lima'}}, 'email': 'noel.krieger@example.com', 'login': {'uuid': 'b73195a3-4da6-426a-905a-2c72499cc477', 'username': 'greenmouse244', 'password': '1024', 'salt': 'pZPzkyNL', 'md5': '89950d2d74853cb01264ee5b4bd9e2fc', 'sha1': '1c09677aad4663cb9860f632a645d6e9b7e4fbaf', 'sha256': 'cc9664303ae4113308839ca891e4e9acfae421f1c76c21464a974dc409e36555'}, 'dob': {'date': '1990-02-20T05:06:59.905Z', 'age': 34}, 'registered': {'date': '2012-01-12T05:42:44.633Z', 'age': 12}, 'phone': '0365-7734463', 'cell': '0172-3525703', 'id': {'name': 'SVNR', 'value': '80 190290 K 142'}, 'picture': {'large': 'https://randomuser.me/api/portraits/men/12.jpg', 'medium': 'https://randomuser.me/api/portraits/med/men/12.jpg', 'thumbnail': 'https://randomuser.me/api/portraits/thumb/men/12.jpg'}, 'nat': 'DE'}</msg>
<arg>${json_data['results'][0]}</arg>
<doc>Logs the given message with the given level.</doc>
<status status="PASS" start="2024-06-26T16:19:07.704608" elapsed="0.000417"/>
</kw>
<kw name="Log" owner="BuiltIn">
<msg time="2024-06-26T16:19:07.705447" level="INFO">gender</msg>
<arg>${key}</arg>
<doc>Logs the given message with the given level.</doc>
<status status="PASS" start="2024-06-26T16:19:07.705319" elapsed="0.000166"/>
</kw>
<var name="${key}">gender</var>
<status status="PASS" start="2024-06-26T16:19:07.703863" elapsed="0.001838"/>
</iter>
<iter>
<kw name="Dictionary Should Contain Key" owner="Collections">
<arg>${json_data['results'][0]}</arg>
<arg>${key}</arg>
<doc>Fails if ``key`` is not found from ``dictionary``.</doc>
<status status="PASS" start="2024-06-26T16:19:07.705995" elapsed="0.000404"/>
</kw>
<kw name="Log" owner="BuiltIn">
<msg time="2024-06-26T16:19:07.706971" level="INFO">{'gender': 'male', 'name': {'title': 'Mr', 'first': 'Noel', 'last': 'Krieger'}, 'location': {'street': {'number': 870, 'name': 'Königsberger Straße'}, 'city': 'Herbstein', 'state': 'Rheinland-Pfalz', 'country': 'Germany', 'postcode': 27900, 'coordinates': {'latitude': '-48.2373', 'longitude': '-1.0751'}, 'timezone': {'offset': '-5:00', 'description': 'Eastern Time (US &amp; Canada), Bogota, Lima'}}, 'email': 'noel.krieger@example.com', 'login': {'uuid': 'b73195a3-4da6-426a-905a-2c72499cc477', 'username': 'greenmouse244', 'password': '1024', 'salt': 'pZPzkyNL', 'md5': '89950d2d74853cb01264ee5b4bd9e2fc', 'sha1': '1c09677aad4663cb9860f632a645d6e9b7e4fbaf', 'sha256': 'cc9664303ae4113308839ca891e4e9acfae421f1c76c21464a974dc409e36555'}, 'dob': {'date': '1990-02-20T05:06:59.905Z', 'age': 34}, 'registered': {'date': '2012-01-12T05:42:44.633Z', 'age': 12}, 'phone': '0365-7734463', 'cell': '0172-3525703', 'id': {'name': 'SVNR', 'value': '80 190290 K 142'}, 'picture': {'large': 'https://randomuser.me/api/portraits/men/12.jpg', 'medium': 'https://randomuser.me/api/portraits/med/men/12.jpg', 'thumbnail': 'https://randomuser.me/api/portraits/thumb/men/12.jpg'}, 'nat': 'DE'}</msg>
<arg>${json_data['results'][0]}</arg>
<doc>Logs the given message with the given level.</doc>
<status status="PASS" start="2024-06-26T16:19:07.706578" elapsed="0.000453"/>
</kw>
<kw name="Log" owner="BuiltIn">
<msg time="2024-06-26T16:19:07.707447" level="INFO">name</msg>
<arg>${key}</arg>
<doc>Logs the given message with the given level.</doc>
<status status="PASS" start="2024-06-26T16:19:07.707323" elapsed="0.000160"/>
</kw>
<var name="${key}">name</var>
<status status="PASS" start="2024-06-26T16:19:07.705880" elapsed="0.001847"/>
</iter>
<iter>
<kw name="Dictionary Should Contain Key" owner="Collections">
<arg>${json_data['results'][0]}</arg>
<arg>${key}</arg>
<doc>Fails if ``key`` is not found from ``dictionary``.</doc>
<status status="PASS" start="2024-06-26T16:19:07.708003" elapsed="0.000368"/>
</kw>
<kw name="Log" owner="BuiltIn">
<msg time="2024-06-26T16:19:07.708897" level="INFO">{'gender': 'male', 'name': {'title': 'Mr', 'first': 'Noel', 'last': 'Krieger'}, 'location': {'street': {'number': 870, 'name': 'Königsberger Straße'}, 'city': 'Herbstein', 'state': 'Rheinland-Pfalz', 'country': 'Germany', 'postcode': 27900, 'coordinates': {'latitude': '-48.2373', 'longitude': '-1.0751'}, 'timezone': {'offset': '-5:00', 'description': 'Eastern Time (US &amp; Canada), Bogota, Lima'}}, 'email': 'noel.krieger@example.com', 'login': {'uuid': 'b73195a3-4da6-426a-905a-2c72499cc477', 'username': 'greenmouse244', 'password': '1024', 'salt': 'pZPzkyNL', 'md5': '89950d2d74853cb01264ee5b4bd9e2fc', 'sha1': '1c09677aad4663cb9860f632a645d6e9b7e4fbaf', 'sha256': 'cc9664303ae4113308839ca891e4e9acfae421f1c76c21464a974dc409e36555'}, 'dob': {'date': '1990-02-20T05:06:59.905Z', 'age': 34}, 'registered': {'date': '2012-01-12T05:42:44.633Z', 'age': 12}, 'phone': '0365-7734463', 'cell': '0172-3525703', 'id': {'name': 'SVNR', 'value': '80 190290 K 142'}, 'picture': {'large': 'https://randomuser.me/api/portraits/men/12.jpg', 'medium': 'https://randomuser.me/api/portraits/med/men/12.jpg', 'thumbnail': 'https://randomuser.me/api/portraits/thumb/men/12.jpg'}, 'nat': 'DE'}</msg>
<arg>${json_data['results'][0]}</arg>
<doc>Logs the given message with the given level.</doc>
<status status="PASS" start="2024-06-26T16:19:07.708551" elapsed="0.000396"/>
</kw>
<kw name="Log" owner="BuiltIn">
<msg time="2024-06-26T16:19:07.709361" level="INFO">location</msg>
<arg>${key}</arg>
<doc>Logs the given message with the given level.</doc>
<status status="PASS" start="2024-06-26T16:19:07.709237" elapsed="0.000159"/>
</kw>
<var name="${key}">location</var>
<status status="PASS" start="2024-06-26T16:19:07.707898" elapsed="0.001711"/>
</iter>
<iter>
<kw name="Dictionary Should Contain Key" owner="Collections">
<arg>${json_data['results'][0]}</arg>
<arg>${key}</arg>
<doc>Fails if ``key`` is not found from ``dictionary``.</doc>
<status status="PASS" start="2024-06-26T16:19:07.709883" elapsed="0.000387"/>
</kw>
<kw name="Log" owner="BuiltIn">
<msg time="2024-06-26T16:19:07.710792" level="INFO">{'gender': 'male', 'name': {'title': 'Mr', 'first': 'Noel', 'last': 'Krieger'}, 'location': {'street': {'number': 870, 'name': 'Königsberger Straße'}, 'city': 'Herbstein', 'state': 'Rheinland-Pfalz', 'country': 'Germany', 'postcode': 27900, 'coordinates': {'latitude': '-48.2373', 'longitude': '-1.0751'}, 'timezone': {'offset': '-5:00', 'description': 'Eastern Time (US &amp; Canada), Bogota, Lima'}}, 'email': 'noel.krieger@example.com', 'login': {'uuid': 'b73195a3-4da6-426a-905a-2c72499cc477', 'username': 'greenmouse244', 'password': '1024', 'salt': 'pZPzkyNL', 'md5': '89950d2d74853cb01264ee5b4bd9e2fc', 'sha1': '1c09677aad4663cb9860f632a645d6e9b7e4fbaf', 'sha256': 'cc9664303ae4113308839ca891e4e9acfae421f1c76c21464a974dc409e36555'}, 'dob': {'date': '1990-02-20T05:06:59.905Z', 'age': 34}, 'registered': {'date': '2012-01-12T05:42:44.633Z', 'age': 12}, 'phone': '0365-7734463', 'cell': '0172-3525703', 'id': {'name': 'SVNR', 'value': '80 190290 K 142'}, 'picture': {'large': 'https://randomuser.me/api/portraits/men/12.jpg', 'medium': 'https://randomuser.me/api/portraits/med/men/12.jpg', 'thumbnail': 'https://randomuser.me/api/portraits/thumb/men/12.jpg'}, 'nat': 'DE'}</msg>
<arg>${json_data['results'][0]}</arg>
<doc>Logs the given message with the given level.</doc>
<status status="PASS" start="2024-06-26T16:19:07.710448" elapsed="0.000403"/>
</kw>
<kw name="Log" owner="BuiltIn">
<msg time="2024-06-26T16:19:07.711264" level="INFO">email</msg>
<arg>${key}</arg>
<doc>Logs the given message with the given level.</doc>
<status status="PASS" start="2024-06-26T16:19:07.711141" elapsed="0.000159"/>
</kw>
<var name="${key}">email</var>
<status status="PASS" start="2024-06-26T16:19:07.709777" elapsed="0.001740"/>
</iter>
<iter>
<kw name="Dictionary Should Contain Key" owner="Collections">
<arg>${json_data['results'][0]}</arg>
<arg>${key}</arg>
<doc>Fails if ``key`` is not found from ``dictionary``.</doc>
<status status="PASS" start="2024-06-26T16:19:07.711833" elapsed="0.000375"/>
</kw>
<kw name="Log" owner="BuiltIn">
<msg time="2024-06-26T16:19:07.712739" level="INFO">{'gender': 'male', 'name': {'title': 'Mr', 'first': 'Noel', 'last': 'Krieger'}, 'location': {'street': {'number': 870, 'name': 'Königsberger Straße'}, 'city': 'Herbstein', 'state': 'Rheinland-Pfalz', 'country': 'Germany', 'postcode': 27900, 'coordinates': {'latitude': '-48.2373', 'longitude': '-1.0751'}, 'timezone': {'offset': '-5:00', 'description': 'Eastern Time (US &amp; Canada), Bogota, Lima'}}, 'email': 'noel.krieger@example.com', 'login': {'uuid': 'b73195a3-4da6-426a-905a-2c72499cc477', 'username': 'greenmouse244', 'password': '1024', 'salt': 'pZPzkyNL', 'md5': '89950d2d74853cb01264ee5b4bd9e2fc', 'sha1': '1c09677aad4663cb9860f632a645d6e9b7e4fbaf', 'sha256': 'cc9664303ae4113308839ca891e4e9acfae421f1c76c21464a974dc409e36555'}, 'dob': {'date': '1990-02-20T05:06:59.905Z', 'age': 34}, 'registered': {'date': '2012-01-12T05:42:44.633Z', 'age': 12}, 'phone': '0365-7734463', 'cell': '0172-3525703', 'id': {'name': 'SVNR', 'value': '80 190290 K 142'}, 'picture': {'large': 'https://randomuser.me/api/portraits/men/12.jpg', 'medium': 'https://randomuser.me/api/portraits/med/men/12.jpg', 'thumbnail': 'https://randomuser.me/api/portraits/thumb/men/12.jpg'}, 'nat': 'DE'}</msg>
<arg>${json_data['results'][0]}</arg>
<doc>Logs the given message with the given level.</doc>
<status status="PASS" start="2024-06-26T16:19:07.712389" elapsed="0.000398"/>
</kw>
<kw name="Log" owner="BuiltIn">
<msg time="2024-06-26T16:19:07.713210" level="INFO">login</msg>
<arg>${key}</arg>
<doc>Logs the given message with the given level.</doc>
<status status="PASS" start="2024-06-26T16:19:07.713078" elapsed="0.000168"/>
</kw>
<var name="${key}">login</var>
<status status="PASS" start="2024-06-26T16:19:07.711726" elapsed="0.001756"/>
</iter>
<var>${key}</var>
<value>@{expected_keys}</value>
<status status="PASS" start="2024-06-26T16:19:07.703671" elapsed="0.009929"/>
</for>
<kw name="Create List" owner="BuiltIn">
<msg time="2024-06-26T16:19:07.713955" level="INFO">${expected_keysTwo} = ['username', 'password']</msg>
<var>${expected_keysTwo}</var>
<arg>username</arg>
<arg>password</arg>
<doc>Returns a list containing given items.</doc>
<status status="PASS" start="2024-06-26T16:19:07.713817" elapsed="0.000161"/>
</kw>
<for flavor="IN">
<iter>
<kw name="Dictionary Should Contain Key" owner="Collections">
<arg>${json_data['results'][0]['login']}</arg>
<arg>${keyTwo}</arg>
<doc>Fails if ``key`` is not found from ``dictionary``.</doc>
<status status="PASS" start="2024-06-26T16:19:07.714472" elapsed="0.000375"/>
</kw>
<kw name="Dictionary Should Contain Key" owner="Collections">
<arg>${json_data['results'][0]['login']}</arg>
<arg>${keyTwo}</arg>
<doc>Fails if ``key`` is not found from ``dictionary``.</doc>
<status status="PASS" start="2024-06-26T16:19:07.715023" elapsed="0.000369"/>
</kw>
<kw name="Log" owner="BuiltIn">
<msg time="2024-06-26T16:19:07.715727" level="INFO">username</msg>
<arg>${keyTwo}</arg>
<doc>Logs the given message with the given level.</doc>
<status status="PASS" start="2024-06-26T16:19:07.715595" elapsed="0.000168"/>
</kw>
<var name="${keyTwo}">username</var>
<status status="PASS" start="2024-06-26T16:19:07.714369" elapsed="0.001613"/>
</iter>
<iter>
<kw name="Dictionary Should Contain Key" owner="Collections">
<arg>${json_data['results'][0]['login']}</arg>
<arg>${keyTwo}</arg>
<doc>Fails if ``key`` is not found from ``dictionary``.</doc>
<status status="PASS" start="2024-06-26T16:19:07.716258" elapsed="0.000376"/>
</kw>
<kw name="Dictionary Should Contain Key" owner="Collections">
<arg>${json_data['results'][0]['login']}</arg>
<arg>${keyTwo}</arg>
<doc>Fails if ``key`` is not found from ``dictionary``.</doc>
<status status="PASS" start="2024-06-26T16:19:07.716807" elapsed="0.000358"/>
</kw>
<kw name="Log" owner="BuiltIn">
<msg time="2024-06-26T16:19:07.717455" level="INFO">password</msg>
<arg>${keyTwo}</arg>
<doc>Logs the given message with the given level.</doc>
<status status="PASS" start="2024-06-26T16:19:07.717339" elapsed="0.000155"/>
</kw>
<var name="${keyTwo}">password</var>
<status status="PASS" start="2024-06-26T16:19:07.716149" elapsed="0.001566"/>
</iter>
<var>${keyTwo}</var>
<value>@{expected_keysTwo}</value>
<status status="PASS" start="2024-06-26T16:19:07.714221" elapsed="0.003609"/>
</for>
<status status="PASS" start="2024-06-26T16:19:07.617052" elapsed="0.100913"/>
</kw>
<doc>Testa a estrutura da resposta da API.</doc>
<tag>testeEstruturaResposta</tag>
<status status="PASS" start="2024-06-26T16:19:07.616258" elapsed="0.101853"/>
</test>
<test id="s1-s1-t4" name="Validar tipos de dados" line="28">
<kw name="Teste de Tipos de Dados" owner="random-user-service">
<kw name="GET On Session" owner="RequestsLibrary">
<msg time="2024-06-26T16:19:07.811490" level="INFO">GET Request : url=https://randomuser.me/api 
 path_url=/api 
 headers={'User-Agent': 'python-requests/2.32.3', 'Accept-Encoding': 'gzip, deflate', 'Accept': '*/*', 'Connection': 'keep-alive'} 
 body=None 
 </msg>
<msg time="2024-06-26T16:19:07.811597" level="INFO">GET Response : url=https://randomuser.me/api 
 status=200, reason=OK 
 headers={'Date': 'Wed, 26 Jun 2024 16:19:07 GMT', 'Content-Type': 'application/json; charset=utf-8', 'Transfer-Encoding': 'chunked', 'Connection': 'keep-alive', 'X-Powered-By': 'Express', 'Access-Control-Allow-Origin': '*', 'Cache-Control': 'no-cache', 'ETag': 'W/"497-h9SQzvWe2Wz2AFPHWkPSEei6YkI"', 'Vary': 'Accept-Encoding', 'Content-Encoding': 'gzip', 'CF-Cache-Status': 'DYNAMIC', 'Report-To': '{"endpoints":[{"url":"https:\\/\\/a.nel.cloudflare.com\\/report\\/v4?s=d1eL02Gjel1dUOXjexu5WLtoIE8U8aFhDos8PIDqAyQdSnhBQ17nlAOr8Jv0F2ikKHzAOGIrZE%2BpPJiqf2%2B6xbpUuI24EmKx%2BeRAjsT%2FnHYopfsjtKaUiT%2B%2F%2FdsbPlGg"}],"group":"cf-nel","max_age":604800}', 'NEL': '{"success_fraction":0,"report_to":"cf-nel","max_age":604800}', 'Server': 'cloudflare', 'CF-RAY': '899e84654f29576a-IAD', 'alt-svc': 'h3=":443"; ma=86400'} 
 body={"results":[{"gender":"female","name":{"title":"Miss","first":"Aliana","last":"Rocha"},"location":{"street":{"number":9447,"name":"Rua Paraná "},"city":"Guarapari","state":"Amapá","country":"Brazil","postcode":30649,"coordinates":{"latitude":"-77.4383","longitude":"14.4256"},"timezone":{"offset":"+1:00","description":"Brussels, Copenhagen, Madrid, Paris"}},"email":"aliana.rocha@example.com","login":{"uuid":"0d27f751-330d-45b2-a976-dd151a0ea4bc","username":"happysnake886","password":"interest","salt":"oa1uSlAM","md5":"ad38a8687fce60b64c24325ff0aa2c14","sha1":"66ee1a55d876364283a564b0ade726e7039dfda5","sha256":"8b7bc3b74f017739e2e017b4caed4260df47b75eb6e9da6d54a72e048cef3a18"},"dob":{"date":"1948-09-20T06:52:17.100Z","age":75},"registered":{"date":"2009-01-22T10:48:51.648Z","age":15},"phone":"(60) 9626-7083","cell":"(63) 4810-9699","id":{"name":"CPF","value":"875.833.628-10"},"picture":{"large":"https://randomuser.me/api/portraits/women/6.jpg","medium":"https://randomuser.me/api/portraits/med/women/6.jpg","thumbnail":"https://randomuser.me/api/portraits/thumb/women/6.jpg"},"nat":"BR"}],"info":{"seed":"571cdf810f8f0bb0","results":1,"page":1,"version":"1.4"}} 
 </msg>
<msg time="2024-06-26T16:19:07.811674" level="INFO">/opt/hostedtoolcache/Python/3.12.4/x64/lib/python3.12/site-packages/urllib3/connectionpool.py:1099: InsecureRequestWarning: Unverified HTTPS request is being made to host 'randomuser.me'. Adding certificate verification is strongly advised. See: https://urllib3.readthedocs.io/en/latest/advanced-usage.html#tls-warnings
  warnings.warn(</msg>
<msg time="2024-06-26T16:19:07.811790" level="INFO">${response} = &lt;Response [200]&gt;</msg>
<var>${response}</var>
<arg>consultarAPI</arg>
<arg>/api</arg>
<doc>Sends a GET request on a previously created HTTP Session.</doc>
<status status="PASS" start="2024-06-26T16:19:07.720593" elapsed="0.091239"/>
</kw>
<kw name="Set Variable" owner="BuiltIn">
<msg time="2024-06-26T16:19:07.812900" level="INFO">${json_data} = {'results': [{'gender': 'female', 'name': {'title': 'Miss', 'first': 'Aliana', 'last': 'Rocha'}, 'location': {'street': {'number': 9447, 'name': 'Rua Paraná '}, 'city': 'Guarapari', 'state': 'Amapá', ...</msg>
<var>${json_data}</var>
<arg>${response.json()}</arg>
<doc>Returns the given values which can then be assigned to a variables.</doc>
<status status="PASS" start="2024-06-26T16:19:07.812288" elapsed="0.000641"/>
</kw>
<kw name="Log" owner="BuiltIn">
<msg time="2024-06-26T16:19:07.813396" level="INFO">{'results': [{'gender': 'female', 'name': {'title': 'Miss', 'first': 'Aliana', 'last': 'Rocha'}, 'location': {'street': {'number': 9447, 'name': 'Rua Paraná '}, 'city': 'Guarapari', 'state': 'Amapá', 'country': 'Brazil', 'postcode': 30649, 'coordinates': {'latitude': '-77.4383', 'longitude': '14.4256'}, 'timezone': {'offset': '+1:00', 'description': 'Brussels, Copenhagen, Madrid, Paris'}}, 'email': 'aliana.rocha@example.com', 'login': {'uuid': '0d27f751-330d-45b2-a976-dd151a0ea4bc', 'username': 'happysnake886', 'password': 'interest', 'salt': 'oa1uSlAM', 'md5': 'ad38a8687fce60b64c24325ff0aa2c14', 'sha1': '66ee1a55d876364283a564b0ade726e7039dfda5', 'sha256': '8b7bc3b74f017739e2e017b4caed4260df47b75eb6e9da6d54a72e048cef3a18'}, 'dob': {'date': '1948-09-20T06:52:17.100Z', 'age': 75}, 'registered': {'date': '2009-01-22T10:48:51.648Z', 'age': 15}, 'phone': '(60) 9626-7083', 'cell': '(63) 4810-9699', 'id': {'name': 'CPF', 'value': '875.833.628-10'}, 'picture': {'large': 'https://randomuser.me/api/portraits/women/6.jpg', 'medium': 'https://randomuser.me/api/portraits/med/women/6.jpg', 'thumbnail': 'https://randomuser.me/api/portraits/thumb/women/6.jpg'}, 'nat': 'BR'}], 'info': {'seed': '571cdf810f8f0bb0', 'results': 1, 'page': 1, 'version': '1.4'}}</msg>
<arg>${json_data}</arg>
<doc>Logs the given message with the given level.</doc>
<status status="PASS" start="2024-06-26T16:19:07.813243" elapsed="0.000200"/>
</kw>
<kw name="Should Be String" owner="String">
<arg>${json_data['results'][0]['gender']}</arg>
<doc>Fails if the given ``item`` is not a string.</doc>
<status status="PASS" start="2024-06-26T16:19:07.813742" elapsed="0.000370"/>
</kw>
<kw name="Should Match Regexp" owner="BuiltIn">
<arg>${json_data['results'][0]['email']}</arg>
<arg>^[a-zA-Z0-9._%+-]+@[a-zA-Z0-9.-]+\.[a-zA-Z]{2,}$</arg>
<doc>Fails if ``string`` does not match ``pattern`` as a regular expression.</doc>
<status status="PASS" start="2024-06-26T16:19:07.814332" elapsed="0.000506"/>
</kw>
<kw name="Should Match Regexp" owner="BuiltIn">
<arg>${json_data['results'][0]['dob']['date']}</arg>
<arg>\\d{4}-\\d{2}-\\d{2}T\\d{2}:\\d{2}:\\d{2}\\.\\d{3}Z</arg>
<doc>Fails if ``string`` does not match ``pattern`` as a regular expression.</doc>
<status status="PASS" start="2024-06-26T16:19:07.815040" elapsed="0.000528"/>
</kw>
<kw name="Should Match Regexp" owner="BuiltIn">
<arg>${json_data['results'][0]['registered']['date']}</arg>
<arg>\\d{4}-\\d{2}-\\d{2}T\\d{2}:\\d{2}:\\d{2}\\.\\d{3}Z</arg>
<doc>Fails if ``string`` does not match ``pattern`` as a regular expression.</doc>
<status status="PASS" start="2024-06-26T16:19:07.815765" elapsed="0.000365"/>
</kw>
<kw name="Should Match Regexp" owner="BuiltIn">
<arg>${json_data['results'][0]['picture']['large']}</arg>
<arg>^https?://.*\.(?:png|jpe?g|gif|bmp)$</arg>
<doc>Fails if ``string`` does not match ``pattern`` as a regular expression.</doc>
<status status="PASS" start="2024-06-26T16:19:07.816309" elapsed="0.000457"/>
</kw>
<kw name="Should Match Regexp" owner="BuiltIn">
<arg>${json_data['results'][0]['picture']['medium']}</arg>
<arg>^https?://.*\.(?:png|jpe?g|gif|bmp)$</arg>
<doc>Fails if ``string`` does not match ``pattern`` as a regular expression.</doc>
<status status="PASS" start="2024-06-26T16:19:07.816949" elapsed="0.000345"/>
</kw>
<kw name="Should Match Regexp" owner="BuiltIn">
<arg>${json_data['results'][0]['picture']['thumbnail']}</arg>
<arg>^https?://.*\.(?:png|jpe?g|gif|bmp)$</arg>
<doc>Fails if ``string`` does not match ``pattern`` as a regular expression.</doc>
<status status="PASS" start="2024-06-26T16:19:07.817472" elapsed="0.000343"/>
</kw>
<kw name="Log" owner="BuiltIn">
<msg time="2024-06-26T16:19:07.818325" level="INFO">{'large': 'https://randomuser.me/api/portraits/women/6.jpg', 'medium': 'https://randomuser.me/api/portraits/med/women/6.jpg', 'thumbnail': 'https://randomuser.me/api/portraits/thumb/women/6.jpg'}</msg>
<arg>${json_data['results'][0]['picture']}</arg>
<doc>Logs the given message with the given level.</doc>
<status status="PASS" start="2024-06-26T16:19:07.817995" elapsed="0.000372"/>
</kw>
<status status="PASS" start="2024-06-26T16:19:07.720377" elapsed="0.098244"/>
</kw>
<kw name="Teste de Tipos de Dados - Postcode" owner="random-user-service">
<kw name="GET On Session" owner="RequestsLibrary">
<msg time="2024-06-26T16:19:07.942581" level="INFO">GET Request : url=https://randomuser.me/api 
 path_url=/api 
 headers={'User-Agent': 'python-requests/2.32.3', 'Accept-Encoding': 'gzip, deflate', 'Accept': '*/*', 'Connection': 'keep-alive'} 
 body=None 
 </msg>
<msg time="2024-06-26T16:19:07.942684" level="INFO">GET Response : url=https://randomuser.me/api 
 status=200, reason=OK 
 headers={'Date': 'Wed, 26 Jun 2024 16:19:07 GMT', 'Content-Type': 'application/json; charset=utf-8', 'Transfer-Encoding': 'chunked', 'Connection': 'keep-alive', 'X-Powered-By': 'Express', 'Access-Control-Allow-Origin': '*', 'Cache-Control': 'no-cache', 'ETag': 'W/"487-N5DZ/8sVxO4IcOqNKlkLP6YcgFc"', 'Vary': 'Accept-Encoding', 'Content-Encoding': 'gzip', 'CF-Cache-Status': 'DYNAMIC', 'Report-To': '{"endpoints":[{"url":"https:\\/\\/a.nel.cloudflare.com\\/report\\/v4?s=7DHB4RN08zhc9OFTv6f1hM6A99uAJetCCKl8IBaT6IaRTcLdlaCtah5PfUESLY5tMWspcbOzK723GtyNhiaaE0ETWhLh42KSvzVMj85A0JR1IvYWtTpiiOcnVIcz6%2Ft9"}],"group":"cf-nel","max_age":604800}', 'NEL': '{"success_fraction":0,"report_to":"cf-nel","max_age":604800}', 'Server': 'cloudflare', 'CF-RAY': '899e8465efcf576a-IAD', 'alt-svc': 'h3=":443"; ma=86400'} 
 body={"results":[{"gender":"female","name":{"title":"Mrs","first":"Ilona","last":"Heino"},"location":{"street":{"number":739,"name":"Tehtaankatu"},"city":"Riihimäki","state":"Åland","country":"Finland","postcode":24794,"coordinates":{"latitude":"-22.6787","longitude":"129.3406"},"timezone":{"offset":"-8:00","description":"Pacific Time (US &amp; Canada)"}},"email":"ilona.heino@example.com","login":{"uuid":"62821ebf-285d-471f-a93a-253d932fa2a4","username":"reddog409","password":"chichi","salt":"Fw2Df7PK","md5":"37df62b81fa717e04f6f15e5e35a80ea","sha1":"73a0eaaf559c52eeb168edfcdcabd08b507a3b38","sha256":"2ee7dd85a46205c4566ca55a8f416d02725d9ed73887f503749f3e877a8bd3db"},"dob":{"date":"1958-03-25T19:36:09.638Z","age":66},"registered":{"date":"2019-08-02T16:28:13.470Z","age":4},"phone":"03-196-162","cell":"042-144-05-69","id":{"name":"HETU","value":"NaNNA820undefined"},"picture":{"large":"https://randomuser.me/api/portraits/women/55.jpg","medium":"https://randomuser.me/api/portraits/med/women/55.jpg","thumbnail":"https://randomuser.me/api/portraits/thumb/women/55.jpg"},"nat":"FI"}],"info":{"seed":"73d6f0502f7a9447","results":1,"page":1,"version":"1.4"}} 
 </msg>
<msg time="2024-06-26T16:19:07.942774" level="INFO">/opt/hostedtoolcache/Python/3.12.4/x64/lib/python3.12/site-packages/urllib3/connectionpool.py:1099: InsecureRequestWarning: Unverified HTTPS request is being made to host 'randomuser.me'. Adding certificate verification is strongly advised. See: https://urllib3.readthedocs.io/en/latest/advanced-usage.html#tls-warnings
  warnings.warn(</msg>
<msg time="2024-06-26T16:19:07.942913" level="INFO">${response} = &lt;Response [200]&gt;</msg>
<var>${response}</var>
<arg>consultarAPI</arg>
<arg>/api</arg>
<doc>Sends a GET request on a previously created HTTP Session.</doc>
<status status="PASS" start="2024-06-26T16:19:07.819054" elapsed="0.123913"/>
</kw>
<kw name="Set Variable" owner="BuiltIn">
<msg time="2024-06-26T16:19:07.944223" level="INFO">${json_data} = {'results': [{'gender': 'female', 'name': {'title': 'Mrs', 'first': 'Ilona', 'last': 'Heino'}, 'location': {'street': {'number': 739, 'name': 'Tehtaankatu'}, 'city': 'Riihimäki', 'state': 'Åland', 'co...</msg>
<var>${json_data}</var>
<arg>${response.json()}</arg>
<doc>Returns the given values which can then be assigned to a variables.</doc>
<status status="PASS" start="2024-06-26T16:19:07.943615" elapsed="0.000637"/>
</kw>
<kw name="Log" owner="BuiltIn">
<msg time="2024-06-26T16:19:07.944720" level="INFO">{'results': [{'gender': 'female', 'name': {'title': 'Mrs', 'first': 'Ilona', 'last': 'Heino'}, 'location': {'street': {'number': 739, 'name': 'Tehtaankatu'}, 'city': 'Riihimäki', 'state': 'Åland', 'country': 'Finland', 'postcode': 24794, 'coordinates': {'latitude': '-22.6787', 'longitude': '129.3406'}, 'timezone': {'offset': '-8:00', 'description': 'Pacific Time (US &amp; Canada)'}}, 'email': 'ilona.heino@example.com', 'login': {'uuid': '62821ebf-285d-471f-a93a-253d932fa2a4', 'username': 'reddog409', 'password': 'chichi', 'salt': 'Fw2Df7PK', 'md5': '37df62b81fa717e04f6f15e5e35a80ea', 'sha1': '73a0eaaf559c52eeb168edfcdcabd08b507a3b38', 'sha256': '2ee7dd85a46205c4566ca55a8f416d02725d9ed73887f503749f3e877a8bd3db'}, 'dob': {'date': '1958-03-25T19:36:09.638Z', 'age': 66}, 'registered': {'date': '2019-08-02T16:28:13.470Z', 'age': 4}, 'phone': '03-196-162', 'cell': '042-144-05-69', 'id': {'name': 'HETU', 'value': 'NaNNA820undefined'}, 'picture': {'large': 'https://randomuser.me/api/portraits/women/55.jpg', 'medium': 'https://randomuser.me/api/portraits/med/women/55.jpg', 'thumbnail': 'https://randomuser.me/api/portraits/thumb/women/55.jpg'}, 'nat': 'FI'}], 'info': {'seed': '73d6f0502f7a9447', 'results': 1, 'page': 1, 'version': '1.4'}}</msg>
<arg>${json_data}</arg>
<doc>Logs the given message with the given level.</doc>
<status status="PASS" start="2024-06-26T16:19:07.944561" elapsed="0.000208"/>
</kw>
<kw name="Should Be Equal As Numbers" owner="BuiltIn">
<arg>${json_data['results'][0]['location']['postcode']}</arg>
<arg>${json_data['results'][0]['location']['postcode']}</arg>
<doc>Fails if objects are unequal after converting them to real numbers.</doc>
<status status="PASS" start="2024-06-26T16:19:07.945057" elapsed="0.000625"/>
</kw>
<kw name="Log" owner="BuiltIn">
<msg time="2024-06-26T16:19:07.946232" level="INFO">24794</msg>
<arg>${json_data['results'][0]['location']['postcode']}</arg>
<doc>Logs the given message with the given level.</doc>
<status status="PASS" start="2024-06-26T16:19:07.945900" elapsed="0.000372"/>
</kw>
<status status="PASS" start="2024-06-26T16:19:07.818834" elapsed="0.127688"/>
</kw>
<doc>Testa se os tipos de dados na resposta da API estão corretos.</doc>
<tag>testeTiposDados</tag>
<status status="PASS" start="2024-06-26T16:19:07.719854" elapsed="0.226832"/>
</test>
<test id="s1-s1-t5" name="Validar conteudo" line="35">
<kw name="Teste de Tipos de Conteudo" owner="random-user-service">
<kw name="GET On Session" owner="RequestsLibrary">
<msg time="2024-06-26T16:19:08.012744" level="INFO">GET Request : url=https://randomuser.me/api 
 path_url=/api 
 headers={'User-Agent': 'python-requests/2.32.3', 'Accept-Encoding': 'gzip, deflate', 'Accept': '*/*', 'Connection': 'keep-alive'} 
 body=None 
 </msg>
<msg time="2024-06-26T16:19:08.012809" level="INFO">GET Response : url=https://randomuser.me/api 
 status=200, reason=OK 
 headers={'Date': 'Wed, 26 Jun 2024 16:19:08 GMT', 'Content-Type': 'application/json; charset=utf-8', 'Transfer-Encoding': 'chunked', 'Connection': 'keep-alive', 'X-Powered-By': 'Express', 'Access-Control-Allow-Origin': '*', 'Cache-Control': 'no-cache', 'ETag': 'W/"473-ko3gyR6hY1VrLB6M3gWWS7mxGh4"', 'Vary': 'Accept-Encoding', 'Content-Encoding': 'gzip', 'CF-Cache-Status': 'DYNAMIC', 'Report-To': '{"endpoints":[{"url":"https:\\/\\/a.nel.cloudflare.com\\/report\\/v4?s=I9n%2Fo45l0Puio%2FgBKKrs8cyqFe%2BKLQeJyvBpH%2FMNFjevu1qemKnFRXtauA%2BPdIwnI0vocIgod%2B31zshajoSnHI5Rvxem17HnaF9kFxJFBspSjuFCusKwshCiSMG1YtcG"}],"group":"cf-nel","max_age":604800}', 'NEL': '{"success_fraction":0,"report_to":"cf-nel","max_age":604800}', 'Server': 'cloudflare', 'CF-RAY': '899e8466b89b576a-IAD', 'alt-svc': 'h3=":443"; ma=86400'} 
 body={"results":[{"gender":"male","name":{"title":"Mr","first":"محمدطاها","last":"کوتی"},"location":{"street":{"number":9581,"name":"تقوی"},"city":"قزوین","state":"گیلان","country":"Iran","postcode":10891,"coordinates":{"latitude":"18.2201","longitude":"-46.6340"},"timezone":{"offset":"-2:00","description":"Mid-Atlantic"}},"email":"mhmdth.khwty@example.com","login":{"uuid":"ce6f2af0-03cb-4979-84cf-1a4325c4e005","username":"silverwolf184","password":"dietcoke","salt":"aoWQJBLa","md5":"49f02fb7cf969511c440cf76b7b592b9","sha1":"806a150924041577d117270e07d4bdfb846ab79b","sha256":"bfa61cc059c710ed870d669013895c956909bd0edd56b52e6bcb2d93ec015fd0"},"dob":{"date":"1980-02-28T14:53:36.679Z","age":44},"registered":{"date":"2008-05-18T01:40:40.974Z","age":16},"phone":"013-72900347","cell":"0988-561-7494","id":{"name":"","value":null},"picture":{"large":"https://randomuser.me/api/portraits/men/20.jpg","medium":"https://randomuser.me/api/portraits/med/men/20.jpg","thumbnail":"https://randomuser.me/api/portraits/thumb/men/20.jpg"},"nat":"IR"}],"info":{"seed":"867e2936c747b70c","results":1,"page":1,"version":"1.4"}} 
 </msg>
<msg time="2024-06-26T16:19:08.012880" level="INFO">/opt/hostedtoolcache/Python/3.12.4/x64/lib/python3.12/site-packages/urllib3/connectionpool.py:1099: InsecureRequestWarning: Unverified HTTPS request is being made to host 'randomuser.me'. Adding certificate verification is strongly advised. See: https://urllib3.readthedocs.io/en/latest/advanced-usage.html#tls-warnings
  warnings.warn(</msg>
<msg time="2024-06-26T16:19:08.012966" level="INFO">${response} = &lt;Response [200]&gt;</msg>
<var>${response}</var>
<arg>consultarAPI</arg>
<arg>/api</arg>
<doc>Sends a GET request on a previously created HTTP Session.</doc>
<status status="PASS" start="2024-06-26T16:19:07.949669" elapsed="0.063337"/>
</kw>
<kw name="Set Variable" owner="BuiltIn">
<msg time="2024-06-26T16:19:08.014066" level="INFO">${json_data} = {'results': [{'gender': 'male', 'name': {'title': 'Mr', 'first': 'محمدطاها', 'last': 'کوتی'}, 'location': {'street': {'number': 9581, 'name': 'تقوی'}, 'city': 'قزوین', 'state': 'گیلان', 'country': 'Ir...</msg>
<var>${json_data}</var>
<arg>${response.json()}</arg>
<doc>Returns the given values which can then be assigned to a variables.</doc>
<status status="PASS" start="2024-06-26T16:19:08.013471" elapsed="0.000631"/>
</kw>
<kw name="Set Variable" owner="BuiltIn">
<msg time="2024-06-26T16:19:08.014773" level="INFO">${name_title} = Mr</msg>
<var>${name_title}</var>
<arg>${json_data["results"][0]["name"]["title"]}</arg>
<doc>Returns the given values which can then be assigned to a variables.</doc>
<status status="PASS" start="2024-06-26T16:19:08.014403" elapsed="0.000396"/>
</kw>
<kw name="Create List" owner="BuiltIn">
<msg time="2024-06-26T16:19:08.015235" level="INFO">${allowed_titles} = ['Mr', 'Ms', 'Miss', 'Mrs', 'Madame', 'Monsieur']</msg>
<var>${allowed_titles}</var>
<arg>Mr</arg>
<arg>Ms</arg>
<arg>Miss</arg>
<arg>Mrs</arg>
<arg>Madame</arg>
<arg>Monsieur</arg>
<doc>Returns a list containing given items.</doc>
<status status="PASS" start="2024-06-26T16:19:08.015089" elapsed="0.000171"/>
</kw>
<kw name="List Should Contain Value" owner="Collections">
<arg>${allowed_titles}</arg>
<arg>${name_title}</arg>
<doc>Fails if the ``value`` is not found from ``list``.</doc>
<status status="PASS" start="2024-06-26T16:19:08.015574" elapsed="0.000182"/>
</kw>
<kw name="Set Variable" owner="BuiltIn">
<msg time="2024-06-26T16:19:08.016305" level="INFO">${name_country} = IR</msg>
<var>${name_country}</var>
<arg>${json_data["results"][0]["nat"]}</arg>
<doc>Returns the given values which can then be assigned to a variables.</doc>
<status status="PASS" start="2024-06-26T16:19:08.015936" elapsed="0.000393"/>
</kw>
<kw name="Create List" owner="BuiltIn">
<msg time="2024-06-26T16:19:08.017207" level="INFO">${list_country} = ['AD', 'AE', 'AF', 'AG', 'AI', 'AL', 'AM', 'AO', 'AQ', 'AR', 'AS', 'AT', 'AU', 'AW', 'AX', 'AZ', 'BA', 'BB', 'BD', 'BE', 'BF', 'BG', 'BH', 'BI', 'BJ', 'BL', 'BM', 'BN', 'BO', 'BQ', 'BR', 'BS', 'BT', '...</msg>
<var>${list_country}</var>
<arg>AD</arg>
<arg>AE</arg>
<arg>AF</arg>
<arg>AG</arg>
<arg>AI</arg>
<arg>AL</arg>
<arg>AM</arg>
<arg>AO</arg>
<arg>AQ</arg>
<arg>AR</arg>
<arg>AS</arg>
<arg>AT</arg>
<arg>AU</arg>
<arg>AW</arg>
<arg>AX</arg>
<arg>AZ</arg>
<arg>BA</arg>
<arg>BB</arg>
<arg>BD</arg>
<arg>BE</arg>
<arg>BF</arg>
<arg>BG</arg>
<arg>BH</arg>
<arg>BI</arg>
<arg>BJ</arg>
<arg>BL</arg>
<arg>BM</arg>
<arg>BN</arg>
<arg>BO</arg>
<arg>BQ</arg>
<arg>BR</arg>
<arg>BS</arg>
<arg>BT</arg>
<arg>BV</arg>
<arg>BW</arg>
<arg>BY</arg>
<arg>BZ</arg>
<arg>CA</arg>
<arg>CC</arg>
<arg>CD</arg>
<arg>CF</arg>
<arg>CG</arg>
<arg>CH</arg>
<arg>CI</arg>
<arg>CK</arg>
<arg>CL</arg>
<arg>CM</arg>
<arg>CN</arg>
<arg>CO</arg>
<arg>CR</arg>
<arg>CU</arg>
<arg>CV</arg>
<arg>CW</arg>
<arg>CX</arg>
<arg>CY</arg>
<arg>CZ</arg>
<arg>DE</arg>
<arg>DJ</arg>
<arg>DK</arg>
<arg>DM</arg>
<arg>DO</arg>
<arg>DZ</arg>
<arg>EC</arg>
<arg>EE</arg>
<arg>EG</arg>
<arg>EH</arg>
<arg>ER</arg>
<arg>ES</arg>
<arg>ET</arg>
<arg>FI</arg>
<arg>FJ</arg>
<arg>FK</arg>
<arg>FM</arg>
<arg>FO</arg>
<arg>FR</arg>
<arg>GA</arg>
<arg>GB</arg>
<arg>GD</arg>
<arg>GE</arg>
<arg>GF</arg>
<arg>GG</arg>
<arg>GH</arg>
<arg>GI</arg>
<arg>GL</arg>
<arg>GM</arg>
<arg>GN</arg>
<arg>GP</arg>
<arg>GQ</arg>
<arg>GR</arg>
<arg>GS</arg>
<arg>GT</arg>
<arg>GU</arg>
<arg>GW</arg>
<arg>GY</arg>
<arg>HK</arg>
<arg>HM</arg>
<arg>HN</arg>
<arg>HR</arg>
<arg>HT</arg>
<arg>HU</arg>
<arg>ID</arg>
<arg>IE</arg>
<arg>IL</arg>
<arg>IM</arg>
<arg>IN</arg>
<arg>IO</arg>
<arg>IQ</arg>
<arg>IR</arg>
<arg>IS</arg>
<arg>IT</arg>
<arg>JE</arg>
<arg>JM</arg>
<arg>JO</arg>
<arg>JP</arg>
<arg>KE</arg>
<arg>KG</arg>
<arg>KH</arg>
<arg>KI</arg>
<arg>KM</arg>
<arg>KN</arg>
<arg>KP</arg>
<arg>KR</arg>
<arg>KW</arg>
<arg>KY</arg>
<arg>KZ</arg>
<arg>LA</arg>
<arg>LB</arg>
<arg>LC</arg>
<arg>LI</arg>
<arg>LK</arg>
<arg>LR</arg>
<arg>LS</arg>
<arg>LT</arg>
<arg>LU</arg>
<arg>LV</arg>
<arg>LY</arg>
<arg>MA</arg>
<arg>MC</arg>
<arg>MD</arg>
<arg>ME</arg>
<arg>MF</arg>
<arg>MG</arg>
<arg>MH</arg>
<arg>MK</arg>
<arg>ML</arg>
<arg>MM</arg>
<arg>MN</arg>
<arg>MO</arg>
<arg>MP</arg>
<arg>MQ</arg>
<arg>MR</arg>
<arg>MS</arg>
<arg>MT</arg>
<arg>MU</arg>
<arg>MV</arg>
<arg>MW</arg>
<arg>MX</arg>
<arg>MY</arg>
<arg>MZ</arg>
<arg>NA</arg>
<arg>NC</arg>
<arg>NE</arg>
<arg>NF</arg>
<arg>NG</arg>
<arg>NI</arg>
<arg>NL</arg>
<arg>NO</arg>
<arg>NP</arg>
<arg>NR</arg>
<arg>NU</arg>
<arg>NZ</arg>
<arg>OM</arg>
<arg>PA</arg>
<arg>PE</arg>
<arg>PF</arg>
<arg>PG</arg>
<arg>PH</arg>
<arg>PK</arg>
<arg>PL</arg>
<arg>PM</arg>
<arg>PN</arg>
<arg>PR</arg>
<arg>PS</arg>
<arg>PT</arg>
<arg>PW</arg>
<arg>PY</arg>
<arg>QA</arg>
<arg>RE</arg>
<arg>RO</arg>
<arg>RS</arg>
<arg>RU</arg>
<arg>RW</arg>
<arg>SA</arg>
<arg>SB</arg>
<arg>SC</arg>
<arg>SD</arg>
<arg>SE</arg>
<arg>SG</arg>
<arg>SH</arg>
<arg>SI</arg>
<arg>SJ</arg>
<arg>SK</arg>
<arg>SL</arg>
<arg>SM</arg>
<arg>SN</arg>
<arg>SO</arg>
<arg>SR</arg>
<arg>SS</arg>
<arg>ST</arg>
<arg>SV</arg>
<arg>SX</arg>
<arg>SY</arg>
<arg>SZ</arg>
<arg>TC</arg>
<arg>TD</arg>
<arg>TF</arg>
<arg>TG</arg>
<arg>TH</arg>
<arg>TJ</arg>
<arg>TK</arg>
<arg>TL</arg>
<arg>TM</arg>
<arg>TN</arg>
<arg>TO</arg>
<arg>TR</arg>
<arg>TT</arg>
<arg>TV</arg>
<arg>TW</arg>
<arg>TZ</arg>
<arg>UA</arg>
<arg>UG</arg>
<arg>UM</arg>
<arg>US</arg>
<arg>UY</arg>
<arg>UZ</arg>
<arg>VA</arg>
<arg>VC</arg>
<arg>VE</arg>
<arg>VG</arg>
<arg>VI</arg>
<arg>VN</arg>
<arg>VU</arg>
<arg>WF</arg>
<arg>WS</arg>
<arg>XK</arg>
<arg>YE</arg>
<arg>YT</arg>
<arg>ZA</arg>
<arg>ZM</arg>
<arg>ZW</arg>
<doc>Returns a list containing given items.</doc>
<status status="PASS" start="2024-06-26T16:19:08.016614" elapsed="0.000618"/>
</kw>
<kw name="List Should Contain Value" owner="Collections">
<arg>${list_country}</arg>
<arg>${name_country}</arg>
<doc>Fails if the ``value`` is not found from ``list``.</doc>
<status status="PASS" start="2024-06-26T16:19:08.018020" elapsed="0.000206"/>
</kw>
<kw name="Run Keyword If" owner="BuiltIn">
<kw name="Should Be True" owner="BuiltIn">
<arg>${True}</arg>
<doc>Fails if the given condition is not true.</doc>
<status status="PASS" start="2024-06-26T16:19:08.019140" elapsed="0.000138"/>
</kw>
<arg>${json_data["results"][0]["location"]["coordinates"]["latitude"]} &gt;= -90 and ${json_data["results"][0]["location"]["coordinates"]["latitude"]} &lt;= 90</arg>
<arg>Should Be True</arg>
<arg>${True}</arg>
<doc>Runs the given keyword with the given arguments, if ``condition`` is true.</doc>
<status status="PASS" start="2024-06-26T16:19:08.018419" elapsed="0.000983"/>
</kw>
<kw name="Run Keyword If" owner="BuiltIn">
<kw name="Should Be True" owner="BuiltIn">
<arg>${True}</arg>
<doc>Fails if the given condition is not true.</doc>
<status status="PASS" start="2024-06-26T16:19:08.020310" elapsed="0.000135"/>
</kw>
<arg>${json_data["results"][0]["location"]["coordinates"]["longitude"]} &gt;= -180 and ${json_data["results"][0]["location"]["coordinates"]["longitude"]} &lt;= 180</arg>
<arg>Should Be True</arg>
<arg>${True}</arg>
<doc>Runs the given keyword with the given arguments, if ``condition`` is true.</doc>
<status status="PASS" start="2024-06-26T16:19:08.019607" elapsed="0.000960"/>
</kw>
<status status="PASS" start="2024-06-26T16:19:07.949102" elapsed="0.071594"/>
</kw>
<doc>Testa o conteúdo específico dos campos retornados pela API.</doc>
<tag>testeConteudo</tag>
<status status="PASS" start="2024-06-26T16:19:07.948474" elapsed="0.072364"/>
</test>
<status status="PASS" start="2024-06-26T16:19:07.018857" elapsed="1.003925"/>
</suite>
<status status="PASS" start="2024-06-26T16:19:07.004674" elapsed="1.023345"/>
</suite>
<statistics>
<total>
<stat pass="5" fail="0" skip="0">All Tests</stat>
</total>
<tag>
<stat pass="1" fail="0" skip="0">testeConteudo</stat>
<stat pass="1" fail="0" skip="0">testeEstruturaResposta</stat>
<stat pass="1" fail="0" skip="0">testeRequisicaoBasica</stat>
<stat pass="1" fail="0" skip="0">testeTiposDados</stat>
</tag>
<suite>
<stat pass="5" fail="0" skip="0" id="s1" name="Tests">Tests</stat>
<stat pass="5" fail="0" skip="0" id="s1-s1" name="Random-User-Test">Tests.Random-User-Test</stat>
</suite>
</statistics>
<errors>
</errors>
</robot>
