<?xml version="1.0" encoding="UTF-8"?>
<robot generator="Robot 7.0 (Python 3.12.2 on linux)" generated="2024-03-23T14:11:26.424249" rpa="false" schemaversion="5">
<suite id="s1" name="Tests" source="/home/runner/work/DesafioQAItauRogerioJordao/DesafioQAItauRogerioJordao/RamdonUser/tests">
<suite id="s1-s1" name="Random-User-Test" source="/home/runner/work/DesafioQAItauRogerioJordao/DesafioQAItauRogerioJordao/RamdonUser/tests/random-user-test.robot">
<test id="s1-s1-t1" name="Conectar" line="13">
<kw name="Conectar API" owner="random-user-service">
<kw name="Create Session" owner="RequestsLibrary">
<msg time="2024-03-23T14:11:26.779122" level="INFO">Creating Session using : alias=consultarAPI, url=https://randomuser.me/, headers={},                     cookies={}, auth=None, timeout=None, proxies=None, verify=False,                     debug=0 </msg>
<arg>consultarAPI</arg>
<arg>${URL}</arg>
<doc>Create Session: create a HTTP session to a server</doc>
<status status="PASS" start="2024-03-23T14:11:26.778916" elapsed="0.000376"/>
</kw>
<status status="PASS" start="2024-03-23T14:11:26.777845" elapsed="0.001814"/>
</kw>
<status status="PASS" start="2024-03-23T14:11:26.777309" elapsed="0.002556"/>
</test>
<test id="s1-s1-t2" name="Validar retorno 200 e JSON Válido" line="16">
<kw name="Teste de Requisicao Basica" owner="random-user-service">
<kw name="GET On Session" owner="RequestsLibrary">
<msg time="2024-03-23T14:11:26.834520" level="INFO">GET Request : url=https://randomuser.me/api 
 path_url=/api 
 headers={'User-Agent': 'python-requests/2.31.0', 'Accept-Encoding': 'gzip, deflate', 'Accept': '*/*', 'Connection': 'keep-alive'} 
 body=None 
 </msg>
<msg time="2024-03-23T14:11:26.834675" level="INFO">GET Response : url=https://randomuser.me/api 
 status=200, reason=OK 
 headers={'Date': 'Sat, 23 Mar 2024 14:11:26 GMT', 'Content-Type': 'application/json; charset=utf-8', 'Transfer-Encoding': 'chunked', 'Connection': 'keep-alive', 'X-Powered-By': 'Express', 'Access-Control-Allow-Origin': '*', 'Cache-Control': 'no-cache', 'ETag': 'W/"490-tJfpVnKD23UsI2XWwQgIogacHVI"', 'Vary': 'Accept-Encoding', 'Content-Encoding': 'gzip', 'CF-Cache-Status': 'DYNAMIC', 'Report-To': '{"endpoints":[{"url":"https:\\/\\/a.nel.cloudflare.com\\/report\\/v4?s=j28%2FvRMbZfB2YhvCMEv5JKlhCmTt5atqiIANDZGWWjOe9vz3UwVUwkTg7J8GJQC7Y08UNygjBAS3j8kC3sitzZo6FQi0qfOGuz7KbPXA60Hv0Hml1VnqKl8xyX9d5d6%2B"}],"group":"cf-nel","max_age":604800}', 'NEL': '{"success_fraction":0,"report_to":"cf-nel","max_age":604800}', 'Server': 'cloudflare', 'CF-RAY': '868f02bc88173928-IAD', 'alt-svc': 'h3=":443"; ma=86400'} 
 body={"results":[{"gender":"female","name":{"title":"Ms","first":"Josefine","last":"Jensen"},"location":{"street":{"number":171,"name":"Skovbakkevej"},"city":"Ølstykke","state":"Danmark","country":"Denmark","postcode":38245,"coordinates":{"latitude":"-44.0158","longitude":"104.6948"},"timezone":{"offset":"+9:00","description":"Tokyo, Seoul, Osaka, Sapporo, Yakutsk"}},"email":"josefine.jensen@example.com","login":{"uuid":"63de0bf0-54f9-4623-826e-ccab35709960","username":"tinyrabbit823","password":"gaymen","salt":"q8KykmHi","md5":"496ed867cf4bc281f615d3b20b2fb7fa","sha1":"0a09d3f8f25562475f8f2ee363dca041819b7f13","sha256":"aa7c95134ec944fb2d51230370920f59eb73aa220e88b10e3085f19486c9bae7"},"dob":{"date":"1982-08-27T00:48:20.928Z","age":41},"registered":{"date":"2016-08-27T02:11:30.990Z","age":7},"phone":"34066406","cell":"67802780","id":{"name":"CPR","value":"260882-9318"},"picture":{"large":"https://randomuser.me/api/portraits/women/19.jpg","medium":"https://randomuser.me/api/portraits/med/women/19.jpg","thumbnail":"https://randomuser.me/api/portraits/thumb/women/19.jpg"},"nat":"DK"}],"info":{"seed":"93baf572ff343be3","results":1,"page":1,"version":"1.4"}} 
 </msg>
<msg time="2024-03-23T14:11:26.834788" level="INFO">/opt/hostedtoolcache/Python/3.12.2/x64/lib/python3.12/site-packages/urllib3/connectionpool.py:1103: InsecureRequestWarning: Unverified HTTPS request is being made to host 'randomuser.me'. Adding certificate verification is strongly advised. See: https://urllib3.readthedocs.io/en/latest/advanced-usage.html#tls-warnings
  warnings.warn(</msg>
<msg time="2024-03-23T14:11:26.834932" level="INFO">${response} = &lt;Response [200]&gt;</msg>
<var>${response}</var>
<arg>consultarAPI</arg>
<arg>/api</arg>
<doc>Sends a GET request on a previously created HTTP Session.</doc>
<status status="PASS" start="2024-03-23T14:11:26.782451" elapsed="0.052524"/>
</kw>
<kw name="Should Be Equal As Numbers" owner="BuiltIn">
<msg time="2024-03-23T14:11:26.836138" level="INFO">Argument types are:
&lt;class 'int'&gt;
&lt;class 'str'&gt;</msg>
<arg>${response.status_code}</arg>
<arg>200</arg>
<doc>Fails if objects are unequal after converting them to real numbers.</doc>
<status status="PASS" start="2024-03-23T14:11:26.835603" elapsed="0.000605"/>
</kw>
<kw name="Log" owner="BuiltIn">
<msg time="2024-03-23T14:11:26.836927" level="INFO">200</msg>
<arg>${response.status_code}</arg>
<doc>Logs the given message with the given level.</doc>
<status status="PASS" start="2024-03-23T14:11:26.836562" elapsed="0.000409"/>
</kw>
<kw name="Set Variable" owner="BuiltIn">
<msg time="2024-03-23T14:11:26.837768" level="INFO">${json_data} = {'results': [{'gender': 'female', 'name': {'title': 'Ms', 'first': 'Josefine', 'last': 'Jensen'}, 'location': {'street': {'number': 171, 'name': 'Skovbakkevej'}, 'city': 'Ølstykke', 'state': 'Danmark'...</msg>
<var>${json_data}</var>
<arg>${response.json()}</arg>
<doc>Returns the given values which can then be assigned to a variables.</doc>
<status status="PASS" start="2024-03-23T14:11:26.837313" elapsed="0.000485"/>
</kw>
<kw name="Dictionary Should Contain Key" owner="Collections">
<msg time="2024-03-23T14:11:26.838274" level="INFO">False</msg>
<arg>${json_data}</arg>
<arg>results</arg>
<doc>Fails if ``key`` is not found from ``dictionary``.</doc>
<status status="PASS" start="2024-03-23T14:11:26.838104" elapsed="0.000210"/>
</kw>
<status status="PASS" start="2024-03-23T14:11:26.782167" elapsed="0.056447"/>
</kw>
<doc>Testa se a API responde corretamente e retorna um objeto JSON válido.</doc>
<tag>testeRequisicaoBasica</tag>
<status status="PASS" start="2024-03-23T14:11:26.781702" elapsed="0.057099"/>
</test>
<test id="s1-s1-t3" name="Validar estrutura de resposta" line="22">
<kw name="Teste de Estrutura de Resposta" owner="random-user-service">
<kw name="GET On Session" owner="RequestsLibrary">
<msg time="2024-03-23T14:11:26.933558" level="INFO">GET Request : url=https://randomuser.me/api 
 path_url=/api 
 headers={'User-Agent': 'python-requests/2.31.0', 'Accept-Encoding': 'gzip, deflate', 'Accept': '*/*', 'Connection': 'keep-alive'} 
 body=None 
 </msg>
<msg time="2024-03-23T14:11:26.933662" level="INFO">GET Response : url=https://randomuser.me/api 
 status=200, reason=OK 
 headers={'Date': 'Sat, 23 Mar 2024 14:11:26 GMT', 'Content-Type': 'application/json; charset=utf-8', 'Transfer-Encoding': 'chunked', 'Connection': 'keep-alive', 'X-Powered-By': 'Express', 'Access-Control-Allow-Origin': '*', 'Cache-Control': 'no-cache', 'ETag': 'W/"48c-9CA2uLypbKHrNGG14Y4MV6P+iG4"', 'Vary': 'Accept-Encoding', 'Content-Encoding': 'gzip', 'CF-Cache-Status': 'DYNAMIC', 'Report-To': '{"endpoints":[{"url":"https:\\/\\/a.nel.cloudflare.com\\/report\\/v4?s=qaHjewYH9ZRxTZV44OJUEz4ppVeiwMaUPERceKKgx3KPY9lByuVHmzKRda66TH8wmVGYOvMFpFajlZb9j6kxf8ZyNGGBkCdKmVRhvp3ChKKgXvLqgysDJQ4JTp29j762"}],"group":"cf-nel","max_age":604800}', 'NEL': '{"success_fraction":0,"report_to":"cf-nel","max_age":604800}', 'Server': 'cloudflare', 'CF-RAY': '868f02bcc8763928-IAD', 'alt-svc': 'h3=":443"; ma=86400'} 
 body={"results":[{"gender":"female","name":{"title":"Mrs","first":"Bojana","last":"Đokić"},"location":{"street":{"number":3800,"name":"Josifa Pančića"},"city":"Vranje","state":"Moravica","country":"Serbia","postcode":60109,"coordinates":{"latitude":"59.0694","longitude":"173.3743"},"timezone":{"offset":"+4:00","description":"Abu Dhabi, Muscat, Baku, Tbilisi"}},"email":"bojana.dokic@example.com","login":{"uuid":"125965e5-80fd-4e30-97f8-247c3402aabb","username":"orangecat328","password":"yang","salt":"c0Z4oc2C","md5":"793bdedd7bcafef1f195196c894a493b","sha1":"27a7d151c47be398f120a748742c5e7ca715952c","sha256":"52d0c3e73f64070b4fa7bc53fcb70d2854a31ce769d0929dbba9093c9694261f"},"dob":{"date":"1970-05-03T05:32:44.072Z","age":53},"registered":{"date":"2017-06-27T23:45:31.416Z","age":6},"phone":"010-1667-708","cell":"067-1269-090","id":{"name":"SID","value":"933194938"},"picture":{"large":"https://randomuser.me/api/portraits/women/21.jpg","medium":"https://randomuser.me/api/portraits/med/women/21.jpg","thumbnail":"https://randomuser.me/api/portraits/thumb/women/21.jpg"},"nat":"RS"}],"info":{"seed":"a59d3cd2d0453fdb","results":1,"page":1,"version":"1.4"}} 
 </msg>
<msg time="2024-03-23T14:11:26.933828" level="INFO">/opt/hostedtoolcache/Python/3.12.2/x64/lib/python3.12/site-packages/urllib3/connectionpool.py:1103: InsecureRequestWarning: Unverified HTTPS request is being made to host 'randomuser.me'. Adding certificate verification is strongly advised. See: https://urllib3.readthedocs.io/en/latest/advanced-usage.html#tls-warnings
  warnings.warn(</msg>
<msg time="2024-03-23T14:11:26.933957" level="INFO">${response} = &lt;Response [200]&gt;</msg>
<var>${response}</var>
<arg>consultarAPI</arg>
<arg>/api</arg>
<doc>Sends a GET request on a previously created HTTP Session.</doc>
<status status="PASS" start="2024-03-23T14:11:26.841970" elapsed="0.092034"/>
</kw>
<kw name="Set Variable" owner="BuiltIn">
<msg time="2024-03-23T14:11:26.935184" level="INFO">${json_data} = {'results': [{'gender': 'female', 'name': {'title': 'Mrs', 'first': 'Bojana', 'last': 'Đokić'}, 'location': {'street': {'number': 3800, 'name': 'Josifa Pančića'}, 'city': 'Vranje', 'state': 'Moravica'...</msg>
<var>${json_data}</var>
<arg>${response.json()}</arg>
<doc>Returns the given values which can then be assigned to a variables.</doc>
<status status="PASS" start="2024-03-23T14:11:26.934600" elapsed="0.000616"/>
</kw>
<kw name="Log" owner="BuiltIn">
<msg time="2024-03-23T14:11:26.935712" level="INFO">{'results': [{'gender': 'female', 'name': {'title': 'Mrs', 'first': 'Bojana', 'last': 'Đokić'}, 'location': {'street': {'number': 3800, 'name': 'Josifa Pančića'}, 'city': 'Vranje', 'state': 'Moravica', 'country': 'Serbia', 'postcode': 60109, 'coordinates': {'latitude': '59.0694', 'longitude': '173.3743'}, 'timezone': {'offset': '+4:00', 'description': 'Abu Dhabi, Muscat, Baku, Tbilisi'}}, 'email': 'bojana.dokic@example.com', 'login': {'uuid': '125965e5-80fd-4e30-97f8-247c3402aabb', 'username': 'orangecat328', 'password': 'yang', 'salt': 'c0Z4oc2C', 'md5': '793bdedd7bcafef1f195196c894a493b', 'sha1': '27a7d151c47be398f120a748742c5e7ca715952c', 'sha256': '52d0c3e73f64070b4fa7bc53fcb70d2854a31ce769d0929dbba9093c9694261f'}, 'dob': {'date': '1970-05-03T05:32:44.072Z', 'age': 53}, 'registered': {'date': '2017-06-27T23:45:31.416Z', 'age': 6}, 'phone': '010-1667-708', 'cell': '067-1269-090', 'id': {'name': 'SID', 'value': '933194938'}, 'picture': {'large': 'https://randomuser.me/api/portraits/women/21.jpg', 'medium': 'https://randomuser.me/api/portraits/med/women/21.jpg', 'thumbnail': 'https://randomuser.me/api/portraits/thumb/women/21.jpg'}, 'nat': 'RS'}], 'info': {'seed': 'a59d3cd2d0453fdb', 'results': 1, 'page': 1, 'version': '1.4'}}</msg>
<arg>${json_data}</arg>
<doc>Logs the given message with the given level.</doc>
<status status="PASS" start="2024-03-23T14:11:26.935546" elapsed="0.000219"/>
</kw>
<kw name="Dictionary Should Contain Key" owner="Collections">
<msg time="2024-03-23T14:11:26.936222" level="INFO">False</msg>
<arg>${json_data}</arg>
<arg>results</arg>
<doc>Fails if ``key`` is not found from ``dictionary``.</doc>
<status status="PASS" start="2024-03-23T14:11:26.936065" elapsed="0.000195"/>
</kw>
<kw name="Should Not Be Empty" owner="BuiltIn">
<msg time="2024-03-23T14:11:26.936699" level="INFO">Length is 2.</msg>
<arg>${json_data}</arg>
<doc>Verifies that the given item is not empty.</doc>
<status status="PASS" start="2024-03-23T14:11:26.936567" elapsed="0.000171"/>
</kw>
<kw name="Create List" owner="BuiltIn">
<msg time="2024-03-23T14:11:26.937185" level="INFO">${expected_keys} = ['gender', 'name', 'location', 'email', 'login']</msg>
<var>${expected_keys}</var>
<arg>gender</arg>
<arg>name</arg>
<arg>location</arg>
<arg>email</arg>
<arg>login</arg>
<doc>Returns a list containing given items.</doc>
<status status="PASS" start="2024-03-23T14:11:26.937034" elapsed="0.000175"/>
</kw>
<for flavor="IN">
<iter>
<kw name="Dictionary Should Contain Key" owner="Collections">
<msg time="2024-03-23T14:11:26.938209" level="INFO">False</msg>
<arg>${json_data['results'][0]}</arg>
<arg>${key}</arg>
<doc>Fails if ``key`` is not found from ``dictionary``.</doc>
<status status="PASS" start="2024-03-23T14:11:26.937796" elapsed="0.000454"/>
</kw>
<kw name="Log" owner="BuiltIn">
<msg time="2024-03-23T14:11:26.938979" level="INFO">{'gender': 'female', 'name': {'title': 'Mrs', 'first': 'Bojana', 'last': 'Đokić'}, 'location': {'street': {'number': 3800, 'name': 'Josifa Pančića'}, 'city': 'Vranje', 'state': 'Moravica', 'country': 'Serbia', 'postcode': 60109, 'coordinates': {'latitude': '59.0694', 'longitude': '173.3743'}, 'timezone': {'offset': '+4:00', 'description': 'Abu Dhabi, Muscat, Baku, Tbilisi'}}, 'email': 'bojana.dokic@example.com', 'login': {'uuid': '125965e5-80fd-4e30-97f8-247c3402aabb', 'username': 'orangecat328', 'password': 'yang', 'salt': 'c0Z4oc2C', 'md5': '793bdedd7bcafef1f195196c894a493b', 'sha1': '27a7d151c47be398f120a748742c5e7ca715952c', 'sha256': '52d0c3e73f64070b4fa7bc53fcb70d2854a31ce769d0929dbba9093c9694261f'}, 'dob': {'date': '1970-05-03T05:32:44.072Z', 'age': 53}, 'registered': {'date': '2017-06-27T23:45:31.416Z', 'age': 6}, 'phone': '010-1667-708', 'cell': '067-1269-090', 'id': {'name': 'SID', 'value': '933194938'}, 'picture': {'large': 'https://randomuser.me/api/portraits/women/21.jpg', 'medium': 'https://randomuser.me/api/portraits/med/women/21.jpg', 'thumbnail': 'https://randomuser.me/api/portraits/thumb/women/21.jpg'}, 'nat': 'RS'}</msg>
<arg>${json_data['results'][0]}</arg>
<doc>Logs the given message with the given level.</doc>
<status status="PASS" start="2024-03-23T14:11:26.938596" elapsed="0.000440"/>
</kw>
<kw name="Log" owner="BuiltIn">
<msg time="2024-03-23T14:11:26.939480" level="INFO">gender</msg>
<arg>${key}</arg>
<doc>Logs the given message with the given level.</doc>
<status status="PASS" start="2024-03-23T14:11:26.939348" elapsed="0.000172"/>
</kw>
<var name="${key}">gender</var>
<status status="PASS" start="2024-03-23T14:11:26.937670" elapsed="0.002070"/>
</iter>
<iter>
<kw name="Dictionary Should Contain Key" owner="Collections">
<msg time="2024-03-23T14:11:26.940435" level="INFO">False</msg>
<arg>${json_data['results'][0]}</arg>
<arg>${key}</arg>
<doc>Fails if ``key`` is not found from ``dictionary``.</doc>
<status status="PASS" start="2024-03-23T14:11:26.940047" elapsed="0.000425"/>
</kw>
<kw name="Log" owner="BuiltIn">
<msg time="2024-03-23T14:11:26.941178" level="INFO">{'gender': 'female', 'name': {'title': 'Mrs', 'first': 'Bojana', 'last': 'Đokić'}, 'location': {'street': {'number': 3800, 'name': 'Josifa Pančića'}, 'city': 'Vranje', 'state': 'Moravica', 'country': 'Serbia', 'postcode': 60109, 'coordinates': {'latitude': '59.0694', 'longitude': '173.3743'}, 'timezone': {'offset': '+4:00', 'description': 'Abu Dhabi, Muscat, Baku, Tbilisi'}}, 'email': 'bojana.dokic@example.com', 'login': {'uuid': '125965e5-80fd-4e30-97f8-247c3402aabb', 'username': 'orangecat328', 'password': 'yang', 'salt': 'c0Z4oc2C', 'md5': '793bdedd7bcafef1f195196c894a493b', 'sha1': '27a7d151c47be398f120a748742c5e7ca715952c', 'sha256': '52d0c3e73f64070b4fa7bc53fcb70d2854a31ce769d0929dbba9093c9694261f'}, 'dob': {'date': '1970-05-03T05:32:44.072Z', 'age': 53}, 'registered': {'date': '2017-06-27T23:45:31.416Z', 'age': 6}, 'phone': '010-1667-708', 'cell': '067-1269-090', 'id': {'name': 'SID', 'value': '933194938'}, 'picture': {'large': 'https://randomuser.me/api/portraits/women/21.jpg', 'medium': 'https://randomuser.me/api/portraits/med/women/21.jpg', 'thumbnail': 'https://randomuser.me/api/portraits/thumb/women/21.jpg'}, 'nat': 'RS'}</msg>
<arg>${json_data['results'][0]}</arg>
<doc>Logs the given message with the given level.</doc>
<status status="PASS" start="2024-03-23T14:11:26.940804" elapsed="0.000425"/>
</kw>
<kw name="Log" owner="BuiltIn">
<msg time="2024-03-23T14:11:26.941666" level="INFO">name</msg>
<arg>${key}</arg>
<doc>Logs the given message with the given level.</doc>
<status status="PASS" start="2024-03-23T14:11:26.941534" elapsed="0.000171"/>
</kw>
<var name="${key}">name</var>
<status status="PASS" start="2024-03-23T14:11:26.939932" elapsed="0.001997"/>
</iter>
<iter>
<kw name="Dictionary Should Contain Key" owner="Collections">
<msg time="2024-03-23T14:11:26.942649" level="INFO">False</msg>
<arg>${json_data['results'][0]}</arg>
<arg>${key}</arg>
<doc>Fails if ``key`` is not found from ``dictionary``.</doc>
<status status="PASS" start="2024-03-23T14:11:26.942225" elapsed="0.000464"/>
</kw>
<kw name="Log" owner="BuiltIn">
<msg time="2024-03-23T14:11:26.943368" level="INFO">{'gender': 'female', 'name': {'title': 'Mrs', 'first': 'Bojana', 'last': 'Đokić'}, 'location': {'street': {'number': 3800, 'name': 'Josifa Pančića'}, 'city': 'Vranje', 'state': 'Moravica', 'country': 'Serbia', 'postcode': 60109, 'coordinates': {'latitude': '59.0694', 'longitude': '173.3743'}, 'timezone': {'offset': '+4:00', 'description': 'Abu Dhabi, Muscat, Baku, Tbilisi'}}, 'email': 'bojana.dokic@example.com', 'login': {'uuid': '125965e5-80fd-4e30-97f8-247c3402aabb', 'username': 'orangecat328', 'password': 'yang', 'salt': 'c0Z4oc2C', 'md5': '793bdedd7bcafef1f195196c894a493b', 'sha1': '27a7d151c47be398f120a748742c5e7ca715952c', 'sha256': '52d0c3e73f64070b4fa7bc53fcb70d2854a31ce769d0929dbba9093c9694261f'}, 'dob': {'date': '1970-05-03T05:32:44.072Z', 'age': 53}, 'registered': {'date': '2017-06-27T23:45:31.416Z', 'age': 6}, 'phone': '010-1667-708', 'cell': '067-1269-090', 'id': {'name': 'SID', 'value': '933194938'}, 'picture': {'large': 'https://randomuser.me/api/portraits/women/21.jpg', 'medium': 'https://randomuser.me/api/portraits/med/women/21.jpg', 'thumbnail': 'https://randomuser.me/api/portraits/thumb/women/21.jpg'}, 'nat': 'RS'}</msg>
<arg>${json_data['results'][0]}</arg>
<doc>Logs the given message with the given level.</doc>
<status status="PASS" start="2024-03-23T14:11:26.942994" elapsed="0.000429"/>
</kw>
<kw name="Log" owner="BuiltIn">
<msg time="2024-03-23T14:11:26.943867" level="INFO">location</msg>
<arg>${key}</arg>
<doc>Logs the given message with the given level.</doc>
<status status="PASS" start="2024-03-23T14:11:26.943731" elapsed="0.000176"/>
</kw>
<var name="${key}">location</var>
<status status="PASS" start="2024-03-23T14:11:26.942112" elapsed="0.002014"/>
</iter>
<iter>
<kw name="Dictionary Should Contain Key" owner="Collections">
<msg time="2024-03-23T14:11:26.944794" level="INFO">False</msg>
<arg>${json_data['results'][0]}</arg>
<arg>${key}</arg>
<doc>Fails if ``key`` is not found from ``dictionary``.</doc>
<status status="PASS" start="2024-03-23T14:11:26.944415" elapsed="0.000417"/>
</kw>
<kw name="Log" owner="BuiltIn">
<msg time="2024-03-23T14:11:26.945499" level="INFO">{'gender': 'female', 'name': {'title': 'Mrs', 'first': 'Bojana', 'last': 'Đokić'}, 'location': {'street': {'number': 3800, 'name': 'Josifa Pančića'}, 'city': 'Vranje', 'state': 'Moravica', 'country': 'Serbia', 'postcode': 60109, 'coordinates': {'latitude': '59.0694', 'longitude': '173.3743'}, 'timezone': {'offset': '+4:00', 'description': 'Abu Dhabi, Muscat, Baku, Tbilisi'}}, 'email': 'bojana.dokic@example.com', 'login': {'uuid': '125965e5-80fd-4e30-97f8-247c3402aabb', 'username': 'orangecat328', 'password': 'yang', 'salt': 'c0Z4oc2C', 'md5': '793bdedd7bcafef1f195196c894a493b', 'sha1': '27a7d151c47be398f120a748742c5e7ca715952c', 'sha256': '52d0c3e73f64070b4fa7bc53fcb70d2854a31ce769d0929dbba9093c9694261f'}, 'dob': {'date': '1970-05-03T05:32:44.072Z', 'age': 53}, 'registered': {'date': '2017-06-27T23:45:31.416Z', 'age': 6}, 'phone': '010-1667-708', 'cell': '067-1269-090', 'id': {'name': 'SID', 'value': '933194938'}, 'picture': {'large': 'https://randomuser.me/api/portraits/women/21.jpg', 'medium': 'https://randomuser.me/api/portraits/med/women/21.jpg', 'thumbnail': 'https://randomuser.me/api/portraits/thumb/women/21.jpg'}, 'nat': 'RS'}</msg>
<arg>${json_data['results'][0]}</arg>
<doc>Logs the given message with the given level.</doc>
<status status="PASS" start="2024-03-23T14:11:26.945137" elapsed="0.000413"/>
</kw>
<kw name="Log" owner="BuiltIn">
<msg time="2024-03-23T14:11:26.945988" level="INFO">email</msg>
<arg>${key}</arg>
<doc>Logs the given message with the given level.</doc>
<status status="PASS" start="2024-03-23T14:11:26.945862" elapsed="0.000168"/>
</kw>
<var name="${key}">email</var>
<status status="PASS" start="2024-03-23T14:11:26.944304" elapsed="0.001943"/>
</iter>
<iter>
<kw name="Dictionary Should Contain Key" owner="Collections">
<msg time="2024-03-23T14:11:26.946975" level="INFO">False</msg>
<arg>${json_data['results'][0]}</arg>
<arg>${key}</arg>
<doc>Fails if ``key`` is not found from ``dictionary``.</doc>
<status status="PASS" start="2024-03-23T14:11:26.946586" elapsed="0.000427"/>
</kw>
<kw name="Log" owner="BuiltIn">
<msg time="2024-03-23T14:11:26.947667" level="INFO">{'gender': 'female', 'name': {'title': 'Mrs', 'first': 'Bojana', 'last': 'Đokić'}, 'location': {'street': {'number': 3800, 'name': 'Josifa Pančića'}, 'city': 'Vranje', 'state': 'Moravica', 'country': 'Serbia', 'postcode': 60109, 'coordinates': {'latitude': '59.0694', 'longitude': '173.3743'}, 'timezone': {'offset': '+4:00', 'description': 'Abu Dhabi, Muscat, Baku, Tbilisi'}}, 'email': 'bojana.dokic@example.com', 'login': {'uuid': '125965e5-80fd-4e30-97f8-247c3402aabb', 'username': 'orangecat328', 'password': 'yang', 'salt': 'c0Z4oc2C', 'md5': '793bdedd7bcafef1f195196c894a493b', 'sha1': '27a7d151c47be398f120a748742c5e7ca715952c', 'sha256': '52d0c3e73f64070b4fa7bc53fcb70d2854a31ce769d0929dbba9093c9694261f'}, 'dob': {'date': '1970-05-03T05:32:44.072Z', 'age': 53}, 'registered': {'date': '2017-06-27T23:45:31.416Z', 'age': 6}, 'phone': '010-1667-708', 'cell': '067-1269-090', 'id': {'name': 'SID', 'value': '933194938'}, 'picture': {'large': 'https://randomuser.me/api/portraits/women/21.jpg', 'medium': 'https://randomuser.me/api/portraits/med/women/21.jpg', 'thumbnail': 'https://randomuser.me/api/portraits/thumb/women/21.jpg'}, 'nat': 'RS'}</msg>
<arg>${json_data['results'][0]}</arg>
<doc>Logs the given message with the given level.</doc>
<status status="PASS" start="2024-03-23T14:11:26.947307" elapsed="0.000410"/>
</kw>
<kw name="Log" owner="BuiltIn">
<msg time="2024-03-23T14:11:26.948138" level="INFO">login</msg>
<arg>${key}</arg>
<doc>Logs the given message with the given level.</doc>
<status status="PASS" start="2024-03-23T14:11:26.948011" elapsed="0.000271"/>
</kw>
<var name="${key}">login</var>
<status status="PASS" start="2024-03-23T14:11:26.946465" elapsed="0.002070"/>
</iter>
<var>${key}</var>
<value>@{expected_keys}</value>
<status status="PASS" start="2024-03-23T14:11:26.937478" elapsed="0.011187"/>
</for>
<kw name="Create List" owner="BuiltIn">
<msg time="2024-03-23T14:11:26.948996" level="INFO">${expected_keysTwo} = ['username', 'password']</msg>
<var>${expected_keysTwo}</var>
<arg>username</arg>
<arg>password</arg>
<doc>Returns a list containing given items.</doc>
<status status="PASS" start="2024-03-23T14:11:26.948856" elapsed="0.000164"/>
</kw>
<for flavor="IN">
<iter>
<kw name="Dictionary Should Contain Key" owner="Collections">
<msg time="2024-03-23T14:11:26.949899" level="INFO">False</msg>
<arg>${json_data['results'][0]['login']}</arg>
<arg>${keyTwo}</arg>
<doc>Fails if ``key`` is not found from ``dictionary``.</doc>
<status status="PASS" start="2024-03-23T14:11:26.949518" elapsed="0.000419"/>
</kw>
<kw name="Dictionary Should Contain Key" owner="Collections">
<msg time="2024-03-23T14:11:26.950651" level="INFO">False</msg>
<arg>${json_data['results'][0]['login']}</arg>
<arg>${keyTwo}</arg>
<doc>Fails if ``key`` is not found from ``dictionary``.</doc>
<status status="PASS" start="2024-03-23T14:11:26.950234" elapsed="0.000454"/>
</kw>
<kw name="Log" owner="BuiltIn">
<msg time="2024-03-23T14:11:26.951111" level="INFO">username</msg>
<arg>${keyTwo}</arg>
<doc>Logs the given message with the given level.</doc>
<status status="PASS" start="2024-03-23T14:11:26.950984" elapsed="0.000164"/>
</kw>
<var name="${keyTwo}">username</var>
<status status="PASS" start="2024-03-23T14:11:26.949408" elapsed="0.001957"/>
</iter>
<iter>
<kw name="Dictionary Should Contain Key" owner="Collections">
<msg time="2024-03-23T14:11:26.952026" level="INFO">False</msg>
<arg>${json_data['results'][0]['login']}</arg>
<arg>${keyTwo}</arg>
<doc>Fails if ``key`` is not found from ``dictionary``.</doc>
<status status="PASS" start="2024-03-23T14:11:26.951652" elapsed="0.000413"/>
</kw>
<kw name="Dictionary Should Contain Key" owner="Collections">
<msg time="2024-03-23T14:11:26.952749" level="INFO">False</msg>
<arg>${json_data['results'][0]['login']}</arg>
<arg>${keyTwo}</arg>
<doc>Fails if ``key`` is not found from ``dictionary``.</doc>
<status status="PASS" start="2024-03-23T14:11:26.952356" elapsed="0.000430"/>
</kw>
<kw name="Log" owner="BuiltIn">
<msg time="2024-03-23T14:11:26.953212" level="INFO">password</msg>
<arg>${keyTwo}</arg>
<doc>Logs the given message with the given level.</doc>
<status status="PASS" start="2024-03-23T14:11:26.953078" elapsed="0.000172"/>
</kw>
<var name="${keyTwo}">password</var>
<status status="PASS" start="2024-03-23T14:11:26.951541" elapsed="0.001926"/>
</iter>
<var>${keyTwo}</var>
<value>@{expected_keysTwo}</value>
<status status="PASS" start="2024-03-23T14:11:26.949257" elapsed="0.004333"/>
</for>
<status status="PASS" start="2024-03-23T14:11:26.841630" elapsed="0.112104"/>
</kw>
<doc>Testa a estrutura da resposta da API.</doc>
<tag>testeEstruturaResposta</tag>
<status status="PASS" start="2024-03-23T14:11:26.840670" elapsed="0.113235"/>
</test>
<test id="s1-s1-t4" name="Validar tipos de dados" line="28">
<kw name="Teste de Tipos de Dados" owner="random-user-service">
<kw name="GET On Session" owner="RequestsLibrary">
<msg time="2024-03-23T14:11:27.040778" level="INFO">GET Request : url=https://randomuser.me/api 
 path_url=/api 
 headers={'User-Agent': 'python-requests/2.31.0', 'Accept-Encoding': 'gzip, deflate', 'Accept': '*/*', 'Connection': 'keep-alive'} 
 body=None 
 </msg>
<msg time="2024-03-23T14:11:27.040863" level="INFO">GET Response : url=https://randomuser.me/api 
 status=200, reason=OK 
 headers={'Date': 'Sat, 23 Mar 2024 14:11:27 GMT', 'Content-Type': 'application/json; charset=utf-8', 'Transfer-Encoding': 'chunked', 'Connection': 'keep-alive', 'X-Powered-By': 'Express', 'Access-Control-Allow-Origin': '*', 'Cache-Control': 'no-cache', 'ETag': 'W/"49a-SyR901pUOaf1XDG5lgzw9Kbx4+g"', 'Vary': 'Accept-Encoding', 'Content-Encoding': 'gzip', 'CF-Cache-Status': 'DYNAMIC', 'Report-To': '{"endpoints":[{"url":"https:\\/\\/a.nel.cloudflare.com\\/report\\/v4?s=Vk5TAbcRE0u0TuM7VK1NcreKjZ0t9fDV82xWlZzDMPZ8Tzm9yh%2FbqOXCB8Ys2L6bTglPnpR5j2DwcQpWsEhKGK%2BePr4QWA%2FJBrzC4jVPzWsA4UAFGBMM1yjgdDiVXIcW"}],"group":"cf-nel","max_age":604800}', 'NEL': '{"success_fraction":0,"report_to":"cf-nel","max_age":604800}', 'Server': 'cloudflare', 'CF-RAY': '868f02bd79603928-IAD', 'alt-svc': 'h3=":443"; ma=86400'} 
 body={"results":[{"gender":"female","name":{"title":"Miss","first":"فاطمه زهرا","last":"حسینی"},"location":{"street":{"number":9654,"name":"راستوان"},"city":"سنندج","state":"تهران","country":"Iran","postcode":26088,"coordinates":{"latitude":"17.5243","longitude":"107.4189"},"timezone":{"offset":"-3:00","description":"Brazil, Buenos Aires, Georgetown"}},"email":"ftmhzhr.hsyny@example.com","login":{"uuid":"9105f584-26b1-4356-8e8c-01afe53f085e","username":"silverbird198","password":"lkjhgf","salt":"ySglwxW5","md5":"8399ce4b2836fdb1f2074970e4fafc58","sha1":"4c6c87dda46b7e1e0fa0468819ba3b61867b9f9c","sha256":"06aabeb5db0bcd934facf73a178c13aefe9fd8f72fb282b8f1f3dfa4c33f1caa"},"dob":{"date":"1983-07-17T17:53:38.939Z","age":40},"registered":{"date":"2021-03-08T22:19:12.254Z","age":3},"phone":"032-90539438","cell":"0947-490-7141","id":{"name":"","value":null},"picture":{"large":"https://randomuser.me/api/portraits/women/88.jpg","medium":"https://randomuser.me/api/portraits/med/women/88.jpg","thumbnail":"https://randomuser.me/api/portraits/thumb/women/88.jpg"},"nat":"IR"}],"info":{"seed":"bbbc12ec5ec58cb9","results":1,"page":1,"version":"1.4"}} 
 </msg>
<msg time="2024-03-23T14:11:27.040937" level="INFO">/opt/hostedtoolcache/Python/3.12.2/x64/lib/python3.12/site-packages/urllib3/connectionpool.py:1103: InsecureRequestWarning: Unverified HTTPS request is being made to host 'randomuser.me'. Adding certificate verification is strongly advised. See: https://urllib3.readthedocs.io/en/latest/advanced-usage.html#tls-warnings
  warnings.warn(</msg>
<msg time="2024-03-23T14:11:27.041050" level="INFO">${response} = &lt;Response [200]&gt;</msg>
<var>${response}</var>
<arg>consultarAPI</arg>
<arg>/api</arg>
<doc>Sends a GET request on a previously created HTTP Session.</doc>
<status status="PASS" start="2024-03-23T14:11:26.956493" elapsed="0.084597"/>
</kw>
<kw name="Set Variable" owner="BuiltIn">
<msg time="2024-03-23T14:11:27.042145" level="INFO">${json_data} = {'results': [{'gender': 'female', 'name': {'title': 'Miss', 'first': 'فاطمه زهرا', 'last': 'حسینی'}, 'location': {'street': {'number': 9654, 'name': 'راستوان'}, 'city': 'سنندج', 'state': 'تهران', 'cou...</msg>
<var>${json_data}</var>
<arg>${response.json()}</arg>
<doc>Returns the given values which can then be assigned to a variables.</doc>
<status status="PASS" start="2024-03-23T14:11:27.041569" elapsed="0.000607"/>
</kw>
<kw name="Log" owner="BuiltIn">
<msg time="2024-03-23T14:11:27.042698" level="INFO">{'results': [{'gender': 'female', 'name': {'title': 'Miss', 'first': 'فاطمه زهرا', 'last': 'حسینی'}, 'location': {'street': {'number': 9654, 'name': 'راستوان'}, 'city': 'سنندج', 'state': 'تهران', 'country': 'Iran', 'postcode': 26088, 'coordinates': {'latitude': '17.5243', 'longitude': '107.4189'}, 'timezone': {'offset': '-3:00', 'description': 'Brazil, Buenos Aires, Georgetown'}}, 'email': 'ftmhzhr.hsyny@example.com', 'login': {'uuid': '9105f584-26b1-4356-8e8c-01afe53f085e', 'username': 'silverbird198', 'password': 'lkjhgf', 'salt': 'ySglwxW5', 'md5': '8399ce4b2836fdb1f2074970e4fafc58', 'sha1': '4c6c87dda46b7e1e0fa0468819ba3b61867b9f9c', 'sha256': '06aabeb5db0bcd934facf73a178c13aefe9fd8f72fb282b8f1f3dfa4c33f1caa'}, 'dob': {'date': '1983-07-17T17:53:38.939Z', 'age': 40}, 'registered': {'date': '2021-03-08T22:19:12.254Z', 'age': 3}, 'phone': '032-90539438', 'cell': '0947-490-7141', 'id': {'name': '', 'value': None}, 'picture': {'large': 'https://randomuser.me/api/portraits/women/88.jpg', 'medium': 'https://randomuser.me/api/portraits/med/women/88.jpg', 'thumbnail': 'https://randomuser.me/api/portraits/thumb/women/88.jpg'}, 'nat': 'IR'}], 'info': {'seed': 'bbbc12ec5ec58cb9', 'results': 1, 'page': 1, 'version': '1.4'}}</msg>
<arg>${json_data}</arg>
<doc>Logs the given message with the given level.</doc>
<status status="PASS" start="2024-03-23T14:11:27.042535" elapsed="0.000253"/>
</kw>
<kw name="Should Be String" owner="String">
<arg>${json_data['results'][0]['gender']}</arg>
<doc>Fails if the given ``item`` is not a string.</doc>
<status status="PASS" start="2024-03-23T14:11:27.043097" elapsed="0.000370"/>
</kw>
<kw name="Should Match Regexp" owner="BuiltIn">
<arg>${json_data['results'][0]['email']}</arg>
<arg>^[a-zA-Z0-9._%+-]+@[a-zA-Z0-9.-]+\.[a-zA-Z]{2,}$</arg>
<doc>Fails if ``string`` does not match ``pattern`` as a regular expression.</doc>
<status status="PASS" start="2024-03-23T14:11:27.043664" elapsed="0.000520"/>
</kw>
<kw name="Should Match Regexp" owner="BuiltIn">
<arg>${json_data['results'][0]['dob']['date']}</arg>
<arg>\\d{4}-\\d{2}-\\d{2}T\\d{2}:\\d{2}:\\d{2}\\.\\d{3}Z</arg>
<doc>Fails if ``string`` does not match ``pattern`` as a regular expression.</doc>
<status status="PASS" start="2024-03-23T14:11:27.044385" elapsed="0.000496"/>
</kw>
<kw name="Should Match Regexp" owner="BuiltIn">
<arg>${json_data['results'][0]['registered']['date']}</arg>
<arg>\\d{4}-\\d{2}-\\d{2}T\\d{2}:\\d{2}:\\d{2}\\.\\d{3}Z</arg>
<doc>Fails if ``string`` does not match ``pattern`` as a regular expression.</doc>
<status status="PASS" start="2024-03-23T14:11:27.045077" elapsed="0.000372"/>
</kw>
<kw name="Should Match Regexp" owner="BuiltIn">
<arg>${json_data['results'][0]['picture']['large']}</arg>
<arg>^https?://.*\.(?:png|jpe?g|gif|bmp)$</arg>
<doc>Fails if ``string`` does not match ``pattern`` as a regular expression.</doc>
<status status="PASS" start="2024-03-23T14:11:27.045640" elapsed="0.000468"/>
</kw>
<kw name="Should Match Regexp" owner="BuiltIn">
<arg>${json_data['results'][0]['picture']['medium']}</arg>
<arg>^https?://.*\.(?:png|jpe?g|gif|bmp)$</arg>
<doc>Fails if ``string`` does not match ``pattern`` as a regular expression.</doc>
<status status="PASS" start="2024-03-23T14:11:27.046299" elapsed="0.000385"/>
</kw>
<kw name="Should Match Regexp" owner="BuiltIn">
<arg>${json_data['results'][0]['picture']['thumbnail']}</arg>
<arg>^https?://.*\.(?:png|jpe?g|gif|bmp)$</arg>
<doc>Fails if ``string`` does not match ``pattern`` as a regular expression.</doc>
<status status="PASS" start="2024-03-23T14:11:27.046872" elapsed="0.000361"/>
</kw>
<kw name="Log" owner="BuiltIn">
<msg time="2024-03-23T14:11:27.047743" level="INFO">{'large': 'https://randomuser.me/api/portraits/women/88.jpg', 'medium': 'https://randomuser.me/api/portraits/med/women/88.jpg', 'thumbnail': 'https://randomuser.me/api/portraits/thumb/women/88.jpg'}</msg>
<arg>${json_data['results'][0]['picture']}</arg>
<doc>Logs the given message with the given level.</doc>
<status status="PASS" start="2024-03-23T14:11:27.047415" elapsed="0.000375"/>
</kw>
<status status="PASS" start="2024-03-23T14:11:26.956265" elapsed="0.091778"/>
</kw>
<kw name="Teste de Tipos de Dados - Postcode" owner="random-user-service">
<kw name="GET On Session" owner="RequestsLibrary">
<msg time="2024-03-23T14:11:27.264913" level="INFO">GET Request : url=https://randomuser.me/api 
 path_url=/api 
 headers={'User-Agent': 'python-requests/2.31.0', 'Accept-Encoding': 'gzip, deflate', 'Accept': '*/*', 'Connection': 'keep-alive'} 
 body=None 
 </msg>
<msg time="2024-03-23T14:11:27.265018" level="INFO">GET Response : url=https://randomuser.me/api 
 status=200, reason=OK 
 headers={'Date': 'Sat, 23 Mar 2024 14:11:27 GMT', 'Content-Type': 'application/json; charset=utf-8', 'Transfer-Encoding': 'chunked', 'Connection': 'keep-alive', 'X-Powered-By': 'Express', 'Access-Control-Allow-Origin': '*', 'Cache-Control': 'no-cache', 'ETag': 'W/"486-jfo77naKIJ7YA9PPTgRP/MY+WX0"', 'Vary': 'Accept-Encoding', 'Content-Encoding': 'gzip', 'CF-Cache-Status': 'DYNAMIC', 'Report-To': '{"endpoints":[{"url":"https:\\/\\/a.nel.cloudflare.com\\/report\\/v4?s=n%2BTyCH3DcnqgR%2B4dlb86azlrHhOptr6gUBn0oe3T2lYg9UFeT%2BjadW1m%2FeL0i2GTvdJAAco1gM86%2Bhc6orIp6d0iB5QMKrr9m4rAElQj4%2BEsem5b5PbQYmhq%2BM1HQqP7"}],"group":"cf-nel","max_age":604800}', 'NEL': '{"success_fraction":0,"report_to":"cf-nel","max_age":604800}', 'Server': 'cloudflare', 'CF-RAY': '868f02be0a203928-IAD', 'alt-svc': 'h3=":443"; ma=86400'} 
 body={"results":[{"gender":"female","name":{"title":"Ms","first":"Isla","last":"Thompson"},"location":{"street":{"number":3874,"name":"Napier-Hastings Expressway"},"city":"Auckland","state":"Southland","country":"New Zealand","postcode":46547,"coordinates":{"latitude":"54.0928","longitude":"36.3362"},"timezone":{"offset":"-2:00","description":"Mid-Atlantic"}},"email":"isla.thompson@example.com","login":{"uuid":"7bb6690a-6518-42a6-bd07-bb7cfbb0012b","username":"lazypanda721","password":"11235813","salt":"wgGjNynZ","md5":"6ae6c60da25721818cc1b75d6bb45fa6","sha1":"0571fb8b3edb5aa916d598c236716f33303fdc86","sha256":"792e959b0646ed195bf4b3217936a807e8f0bf0927b297b29ca7f50124ed9207"},"dob":{"date":"1969-09-03T18:08:58.169Z","age":54},"registered":{"date":"2017-09-28T08:43:00.470Z","age":6},"phone":"(770)-001-6424","cell":"(554)-771-6202","id":{"name":"","value":null},"picture":{"large":"https://randomuser.me/api/portraits/women/96.jpg","medium":"https://randomuser.me/api/portraits/med/women/96.jpg","thumbnail":"https://randomuser.me/api/portraits/thumb/women/96.jpg"},"nat":"NZ"}],"info":{"seed":"dcbeedb66bb4544b","results":1,"page":1,"version":"1.4"}} 
 </msg>
<msg time="2024-03-23T14:11:27.265114" level="INFO">/opt/hostedtoolcache/Python/3.12.2/x64/lib/python3.12/site-packages/urllib3/connectionpool.py:1103: InsecureRequestWarning: Unverified HTTPS request is being made to host 'randomuser.me'. Adding certificate verification is strongly advised. See: https://urllib3.readthedocs.io/en/latest/advanced-usage.html#tls-warnings
  warnings.warn(</msg>
<msg time="2024-03-23T14:11:27.265255" level="INFO">${response} = &lt;Response [200]&gt;</msg>
<var>${response}</var>
<arg>consultarAPI</arg>
<arg>/api</arg>
<doc>Sends a GET request on a previously created HTTP Session.</doc>
<status status="PASS" start="2024-03-23T14:11:27.048620" elapsed="0.216683"/>
</kw>
<kw name="Set Variable" owner="BuiltIn">
<msg time="2024-03-23T14:11:27.266481" level="INFO">${json_data} = {'results': [{'gender': 'female', 'name': {'title': 'Ms', 'first': 'Isla', 'last': 'Thompson'}, 'location': {'street': {'number': 3874, 'name': 'Napier-Hastings Expressway'}, 'city': 'Auckland', 'stat...</msg>
<var>${json_data}</var>
<arg>${response.json()}</arg>
<doc>Returns the given values which can then be assigned to a variables.</doc>
<status status="PASS" start="2024-03-23T14:11:27.265911" elapsed="0.000599"/>
</kw>
<kw name="Log" owner="BuiltIn">
<msg time="2024-03-23T14:11:27.266974" level="INFO">{'results': [{'gender': 'female', 'name': {'title': 'Ms', 'first': 'Isla', 'last': 'Thompson'}, 'location': {'street': {'number': 3874, 'name': 'Napier-Hastings Expressway'}, 'city': 'Auckland', 'state': 'Southland', 'country': 'New Zealand', 'postcode': 46547, 'coordinates': {'latitude': '54.0928', 'longitude': '36.3362'}, 'timezone': {'offset': '-2:00', 'description': 'Mid-Atlantic'}}, 'email': 'isla.thompson@example.com', 'login': {'uuid': '7bb6690a-6518-42a6-bd07-bb7cfbb0012b', 'username': 'lazypanda721', 'password': '11235813', 'salt': 'wgGjNynZ', 'md5': '6ae6c60da25721818cc1b75d6bb45fa6', 'sha1': '0571fb8b3edb5aa916d598c236716f33303fdc86', 'sha256': '792e959b0646ed195bf4b3217936a807e8f0bf0927b297b29ca7f50124ed9207'}, 'dob': {'date': '1969-09-03T18:08:58.169Z', 'age': 54}, 'registered': {'date': '2017-09-28T08:43:00.470Z', 'age': 6}, 'phone': '(770)-001-6424', 'cell': '(554)-771-6202', 'id': {'name': '', 'value': None}, 'picture': {'large': 'https://randomuser.me/api/portraits/women/96.jpg', 'medium': 'https://randomuser.me/api/portraits/med/women/96.jpg', 'thumbnail': 'https://randomuser.me/api/portraits/thumb/women/96.jpg'}, 'nat': 'NZ'}], 'info': {'seed': 'dcbeedb66bb4544b', 'results': 1, 'page': 1, 'version': '1.4'}}</msg>
<arg>${json_data}</arg>
<doc>Logs the given message with the given level.</doc>
<status status="PASS" start="2024-03-23T14:11:27.266818" elapsed="0.000237"/>
</kw>
<kw name="Should Be Equal As Numbers" owner="BuiltIn">
<arg>${json_data['results'][0]['location']['postcode']}</arg>
<arg>${json_data['results'][0]['location']['postcode']}</arg>
<doc>Fails if objects are unequal after converting them to real numbers.</doc>
<status status="PASS" start="2024-03-23T14:11:27.267353" elapsed="0.000625"/>
</kw>
<kw name="Log" owner="BuiltIn">
<msg time="2024-03-23T14:11:27.268505" level="INFO">46547</msg>
<arg>${json_data['results'][0]['location']['postcode']}</arg>
<doc>Logs the given message with the given level.</doc>
<status status="PASS" start="2024-03-23T14:11:27.268171" elapsed="0.000376"/>
</kw>
<status status="PASS" start="2024-03-23T14:11:27.048260" elapsed="0.220543"/>
</kw>
<doc>Testa se os tipos de dados na resposta da API estão corretos.</doc>
<tag>testeTiposDados</tag>
<status status="PASS" start="2024-03-23T14:11:26.955703" elapsed="0.313272"/>
</test>
<test id="s1-s1-t5" name="Validar conteudo" line="35">
<kw name="Teste de Tipos de Conteudo" owner="random-user-service">
<kw name="GET On Session" owner="RequestsLibrary">
<msg time="2024-03-23T14:11:27.390990" level="INFO">GET Request : url=https://randomuser.me/api 
 path_url=/api 
 headers={'User-Agent': 'python-requests/2.31.0', 'Accept-Encoding': 'gzip, deflate', 'Accept': '*/*', 'Connection': 'keep-alive'} 
 body=None 
 </msg>
<msg time="2024-03-23T14:11:27.391082" level="INFO">GET Response : url=https://randomuser.me/api 
 status=200, reason=OK 
 headers={'Date': 'Sat, 23 Mar 2024 14:11:27 GMT', 'Content-Type': 'application/json; charset=utf-8', 'Transfer-Encoding': 'chunked', 'Connection': 'keep-alive', 'X-Powered-By': 'Express', 'Access-Control-Allow-Origin': '*', 'Cache-Control': 'no-cache', 'ETag': 'W/"47b-xH+VG+klYo6Du+sZcMG+PkpoYoc"', 'Vary': 'Accept-Encoding', 'Content-Encoding': 'gzip', 'CF-Cache-Status': 'DYNAMIC', 'Report-To': '{"endpoints":[{"url":"https:\\/\\/a.nel.cloudflare.com\\/report\\/v4?s=YEYeg1wecUVIBhZmamdbvcoxRkTvfJJpP9LLRvKTj%2FLQ0c1GAg6A7otf0TSryvW10%2BZbG2UMdanDRpo7TeEvLdAMabZOnOwWnVoucbPJMGbrekdz3GvkU8nOO77JrA1B"}],"group":"cf-nel","max_age":604800}', 'NEL': '{"success_fraction":0,"report_to":"cf-nel","max_age":604800}', 'Server': 'cloudflare', 'CF-RAY': '868f02bf7b993928-IAD', 'alt-svc': 'h3=":443"; ma=86400'} 
 body={"results":[{"gender":"female","name":{"title":"Mrs","first":"Marianne","last":"Leivestad"},"location":{"street":{"number":7934,"name":"Bispeluelia"},"city":"Fjellsrud","state":"Oppland","country":"Norway","postcode":"5544","coordinates":{"latitude":"39.9940","longitude":"7.9986"},"timezone":{"offset":"-10:00","description":"Hawaii"}},"email":"marianne.leivestad@example.com","login":{"uuid":"a751c128-4c23-4c42-9a7a-3e93e4d91f93","username":"purpleelephant895","password":"joecool","salt":"YknVsjMN","md5":"87ee31484646e1ab47523422d6f7ad35","sha1":"7d3d0bff2bd5689870e22179a9935da0157dec9a","sha256":"505cb36dfcba9deeffc196728292519989f1831a2126b1f86fbb170aa38b0b57"},"dob":{"date":"1977-04-06T09:14:31.129Z","age":46},"registered":{"date":"2006-12-25T22:33:27.488Z","age":17},"phone":"38519618","cell":"97628191","id":{"name":"FN","value":"06047746254"},"picture":{"large":"https://randomuser.me/api/portraits/women/85.jpg","medium":"https://randomuser.me/api/portraits/med/women/85.jpg","thumbnail":"https://randomuser.me/api/portraits/thumb/women/85.jpg"},"nat":"NO"}],"info":{"seed":"b725cb5db11aa69b","results":1,"page":1,"version":"1.4"}} 
 </msg>
<msg time="2024-03-23T14:11:27.391154" level="INFO">/opt/hostedtoolcache/Python/3.12.2/x64/lib/python3.12/site-packages/urllib3/connectionpool.py:1103: InsecureRequestWarning: Unverified HTTPS request is being made to host 'randomuser.me'. Adding certificate verification is strongly advised. See: https://urllib3.readthedocs.io/en/latest/advanced-usage.html#tls-warnings
  warnings.warn(</msg>
<msg time="2024-03-23T14:11:27.391279" level="INFO">${response} = &lt;Response [200]&gt;</msg>
<var>${response}</var>
<arg>consultarAPI</arg>
<arg>/api</arg>
<doc>Sends a GET request on a previously created HTTP Session.</doc>
<status status="PASS" start="2024-03-23T14:11:27.271524" elapsed="0.119802"/>
</kw>
<kw name="Set Variable" owner="BuiltIn">
<msg time="2024-03-23T14:11:27.392462" level="INFO">${json_data} = {'results': [{'gender': 'female', 'name': {'title': 'Mrs', 'first': 'Marianne', 'last': 'Leivestad'}, 'location': {'street': {'number': 7934, 'name': 'Bispeluelia'}, 'city': 'Fjellsrud', 'state': 'Opp...</msg>
<var>${json_data}</var>
<arg>${response.json()}</arg>
<doc>Returns the given values which can then be assigned to a variables.</doc>
<status status="PASS" start="2024-03-23T14:11:27.391914" elapsed="0.000576"/>
</kw>
<kw name="Set Variable" owner="BuiltIn">
<msg time="2024-03-23T14:11:27.393181" level="INFO">${name_title} = Mrs</msg>
<var>${name_title}</var>
<arg>${json_data["results"][0]["name"]["title"]}</arg>
<doc>Returns the given values which can then be assigned to a variables.</doc>
<status status="PASS" start="2024-03-23T14:11:27.392795" elapsed="0.000411"/>
</kw>
<kw name="Create List" owner="BuiltIn">
<msg time="2024-03-23T14:11:27.393655" level="INFO">${allowed_titles} = ['Mr', 'Ms', 'Miss', 'Mrs', 'Madame', 'Monsieur']</msg>
<var>${allowed_titles}</var>
<arg>Mr</arg>
<arg>Ms</arg>
<arg>Miss</arg>
<arg>Mrs</arg>
<arg>Madame</arg>
<arg>Monsieur</arg>
<doc>Returns a list containing given items.</doc>
<status status="PASS" start="2024-03-23T14:11:27.393504" elapsed="0.000175"/>
</kw>
<kw name="List Should Contain Value" owner="Collections">
<msg time="2024-03-23T14:11:27.394157" level="INFO">False</msg>
<arg>${allowed_titles}</arg>
<arg>${name_title}</arg>
<doc>Fails if the ``value`` is not found from ``list``.</doc>
<status status="PASS" start="2024-03-23T14:11:27.393983" elapsed="0.000215"/>
</kw>
<kw name="Set Variable" owner="BuiltIn">
<msg time="2024-03-23T14:11:27.394920" level="INFO">${name_country} = NO</msg>
<var>${name_country}</var>
<arg>${json_data["results"][0]["nat"]}</arg>
<doc>Returns the given values which can then be assigned to a variables.</doc>
<status status="PASS" start="2024-03-23T14:11:27.394535" elapsed="0.000411"/>
</kw>
<kw name="Create List" owner="BuiltIn">
<msg time="2024-03-23T14:11:27.395856" level="INFO">${list_country} = ['AD', 'AE', 'AF', 'AG', 'AI', 'AL', 'AM', 'AO', 'AQ', 'AR', 'AS', 'AT', 'AU', 'AW', 'AX', 'AZ', 'BA', 'BB', 'BD', 'BE', 'BF', 'BG', 'BH', 'BI', 'BJ', 'BL', 'BM', 'BN', 'BO', 'BQ', 'BR', 'BS', 'BT', '...</msg>
<var>${list_country}</var>
<arg>AD</arg>
<arg>AE</arg>
<arg>AF</arg>
<arg>AG</arg>
<arg>AI</arg>
<arg>AL</arg>
<arg>AM</arg>
<arg>AO</arg>
<arg>AQ</arg>
<arg>AR</arg>
<arg>AS</arg>
<arg>AT</arg>
<arg>AU</arg>
<arg>AW</arg>
<arg>AX</arg>
<arg>AZ</arg>
<arg>BA</arg>
<arg>BB</arg>
<arg>BD</arg>
<arg>BE</arg>
<arg>BF</arg>
<arg>BG</arg>
<arg>BH</arg>
<arg>BI</arg>
<arg>BJ</arg>
<arg>BL</arg>
<arg>BM</arg>
<arg>BN</arg>
<arg>BO</arg>
<arg>BQ</arg>
<arg>BR</arg>
<arg>BS</arg>
<arg>BT</arg>
<arg>BV</arg>
<arg>BW</arg>
<arg>BY</arg>
<arg>BZ</arg>
<arg>CA</arg>
<arg>CC</arg>
<arg>CD</arg>
<arg>CF</arg>
<arg>CG</arg>
<arg>CH</arg>
<arg>CI</arg>
<arg>CK</arg>
<arg>CL</arg>
<arg>CM</arg>
<arg>CN</arg>
<arg>CO</arg>
<arg>CR</arg>
<arg>CU</arg>
<arg>CV</arg>
<arg>CW</arg>
<arg>CX</arg>
<arg>CY</arg>
<arg>CZ</arg>
<arg>DE</arg>
<arg>DJ</arg>
<arg>DK</arg>
<arg>DM</arg>
<arg>DO</arg>
<arg>DZ</arg>
<arg>EC</arg>
<arg>EE</arg>
<arg>EG</arg>
<arg>EH</arg>
<arg>ER</arg>
<arg>ES</arg>
<arg>ET</arg>
<arg>FI</arg>
<arg>FJ</arg>
<arg>FK</arg>
<arg>FM</arg>
<arg>FO</arg>
<arg>FR</arg>
<arg>GA</arg>
<arg>GB</arg>
<arg>GD</arg>
<arg>GE</arg>
<arg>GF</arg>
<arg>GG</arg>
<arg>GH</arg>
<arg>GI</arg>
<arg>GL</arg>
<arg>GM</arg>
<arg>GN</arg>
<arg>GP</arg>
<arg>GQ</arg>
<arg>GR</arg>
<arg>GS</arg>
<arg>GT</arg>
<arg>GU</arg>
<arg>GW</arg>
<arg>GY</arg>
<arg>HK</arg>
<arg>HM</arg>
<arg>HN</arg>
<arg>HR</arg>
<arg>HT</arg>
<arg>HU</arg>
<arg>ID</arg>
<arg>IE</arg>
<arg>IL</arg>
<arg>IM</arg>
<arg>IN</arg>
<arg>IO</arg>
<arg>IQ</arg>
<arg>IR</arg>
<arg>IS</arg>
<arg>IT</arg>
<arg>JE</arg>
<arg>JM</arg>
<arg>JO</arg>
<arg>JP</arg>
<arg>KE</arg>
<arg>KG</arg>
<arg>KH</arg>
<arg>KI</arg>
<arg>KM</arg>
<arg>KN</arg>
<arg>KP</arg>
<arg>KR</arg>
<arg>KW</arg>
<arg>KY</arg>
<arg>KZ</arg>
<arg>LA</arg>
<arg>LB</arg>
<arg>LC</arg>
<arg>LI</arg>
<arg>LK</arg>
<arg>LR</arg>
<arg>LS</arg>
<arg>LT</arg>
<arg>LU</arg>
<arg>LV</arg>
<arg>LY</arg>
<arg>MA</arg>
<arg>MC</arg>
<arg>MD</arg>
<arg>ME</arg>
<arg>MF</arg>
<arg>MG</arg>
<arg>MH</arg>
<arg>MK</arg>
<arg>ML</arg>
<arg>MM</arg>
<arg>MN</arg>
<arg>MO</arg>
<arg>MP</arg>
<arg>MQ</arg>
<arg>MR</arg>
<arg>MS</arg>
<arg>MT</arg>
<arg>MU</arg>
<arg>MV</arg>
<arg>MW</arg>
<arg>MX</arg>
<arg>MY</arg>
<arg>MZ</arg>
<arg>NA</arg>
<arg>NC</arg>
<arg>NE</arg>
<arg>NF</arg>
<arg>NG</arg>
<arg>NI</arg>
<arg>NL</arg>
<arg>NO</arg>
<arg>NP</arg>
<arg>NR</arg>
<arg>NU</arg>
<arg>NZ</arg>
<arg>OM</arg>
<arg>PA</arg>
<arg>PE</arg>
<arg>PF</arg>
<arg>PG</arg>
<arg>PH</arg>
<arg>PK</arg>
<arg>PL</arg>
<arg>PM</arg>
<arg>PN</arg>
<arg>PR</arg>
<arg>PS</arg>
<arg>PT</arg>
<arg>PW</arg>
<arg>PY</arg>
<arg>QA</arg>
<arg>RE</arg>
<arg>RO</arg>
<arg>RS</arg>
<arg>RU</arg>
<arg>RW</arg>
<arg>SA</arg>
<arg>SB</arg>
<arg>SC</arg>
<arg>SD</arg>
<arg>SE</arg>
<arg>SG</arg>
<arg>SH</arg>
<arg>SI</arg>
<arg>SJ</arg>
<arg>SK</arg>
<arg>SL</arg>
<arg>SM</arg>
<arg>SN</arg>
<arg>SO</arg>
<arg>SR</arg>
<arg>SS</arg>
<arg>ST</arg>
<arg>SV</arg>
<arg>SX</arg>
<arg>SY</arg>
<arg>SZ</arg>
<arg>TC</arg>
<arg>TD</arg>
<arg>TF</arg>
<arg>TG</arg>
<arg>TH</arg>
<arg>TJ</arg>
<arg>TK</arg>
<arg>TL</arg>
<arg>TM</arg>
<arg>TN</arg>
<arg>TO</arg>
<arg>TR</arg>
<arg>TT</arg>
<arg>TV</arg>
<arg>TW</arg>
<arg>TZ</arg>
<arg>UA</arg>
<arg>UG</arg>
<arg>UM</arg>
<arg>US</arg>
<arg>UY</arg>
<arg>UZ</arg>
<arg>VA</arg>
<arg>VC</arg>
<arg>VE</arg>
<arg>VG</arg>
<arg>VI</arg>
<arg>VN</arg>
<arg>VU</arg>
<arg>WF</arg>
<arg>WS</arg>
<arg>XK</arg>
<arg>YE</arg>
<arg>YT</arg>
<arg>ZA</arg>
<arg>ZM</arg>
<arg>ZW</arg>
<doc>Returns a list containing given items.</doc>
<status status="PASS" start="2024-03-23T14:11:27.395254" elapsed="0.000627"/>
</kw>
<kw name="List Should Contain Value" owner="Collections">
<msg time="2024-03-23T14:11:27.397017" level="INFO">False</msg>
<arg>${list_country}</arg>
<arg>${name_country}</arg>
<doc>Fails if the ``value`` is not found from ``list``.</doc>
<status status="PASS" start="2024-03-23T14:11:27.396810" elapsed="0.000244"/>
</kw>
<kw name="Run Keyword If" owner="BuiltIn">
<kw name="Should Be True" owner="BuiltIn">
<arg>${True}</arg>
<doc>Fails if the given condition is not true.</doc>
<status status="PASS" start="2024-03-23T14:11:27.398142" elapsed="0.000145"/>
</kw>
<arg>${json_data["results"][0]["location"]["coordinates"]["latitude"]} &gt;= -90 and ${json_data["results"][0]["location"]["coordinates"]["latitude"]} &lt;= 90</arg>
<arg>Should Be True</arg>
<arg>${True}</arg>
<doc>Runs the given keyword with the given arguments, if ``condition`` is true.</doc>
<status status="PASS" start="2024-03-23T14:11:27.397366" elapsed="0.001079"/>
</kw>
<kw name="Run Keyword If" owner="BuiltIn">
<kw name="Should Be True" owner="BuiltIn">
<arg>${True}</arg>
<doc>Fails if the given condition is not true.</doc>
<status status="PASS" start="2024-03-23T14:11:27.399353" elapsed="0.000144"/>
</kw>
<arg>${json_data["results"][0]["location"]["coordinates"]["longitude"]} &gt;= -180 and ${json_data["results"][0]["location"]["coordinates"]["longitude"]} &lt;= 180</arg>
<arg>Should Be True</arg>
<arg>${True}</arg>
<doc>Runs the given keyword with the given arguments, if ``condition`` is true.</doc>
<status status="PASS" start="2024-03-23T14:11:27.398633" elapsed="0.000995"/>
</kw>
<status status="PASS" start="2024-03-23T14:11:27.271293" elapsed="0.128469"/>
</kw>
<doc>Testa o conteúdo específico dos campos retornados pela API.</doc>
<tag>testeConteudo</tag>
<status status="PASS" start="2024-03-23T14:11:27.270753" elapsed="0.129164"/>
</test>
<status status="PASS" start="2024-03-23T14:11:26.479401" elapsed="0.922475"/>
</suite>
<status status="PASS" start="2024-03-23T14:11:26.463242" elapsed="0.944068"/>
</suite>
<statistics>
<total>
<stat pass="5" fail="0" skip="0">All Tests</stat>
</total>
<tag>
<stat pass="1" fail="0" skip="0">testeConteudo</stat>
<stat pass="1" fail="0" skip="0">testeEstruturaResposta</stat>
<stat pass="1" fail="0" skip="0">testeRequisicaoBasica</stat>
<stat pass="1" fail="0" skip="0">testeTiposDados</stat>
</tag>
<suite>
<stat pass="5" fail="0" skip="0" id="s1" name="Tests">Tests</stat>
<stat pass="5" fail="0" skip="0" id="s1-s1" name="Random-User-Test">Tests.Random-User-Test</stat>
</suite>
</statistics>
<errors>
</errors>
</robot>
