<?xml version="1.0" encoding="UTF-8"?>
<robot generator="Robot 7.0.1 (Python 3.12.4 on linux)" generated="2024-07-21T20:17:33.133440" rpa="false" schemaversion="5">
<suite id="s1" name="Tests" source="/home/runner/work/ApiRandomUser/ApiRandomUser/RamdonUser/tests">
<suite id="s1-s1" name="Random-User-Test" source="/home/runner/work/ApiRandomUser/ApiRandomUser/RamdonUser/tests/random-user-test.robot">
<test id="s1-s1-t1" name="Conectar" line="13">
<kw name="Conectar API" owner="random-user-service">
<kw name="Create Session" owner="RequestsLibrary">
<msg time="2024-07-21T20:17:33.521141" level="INFO">Creating Session using : alias=consultarAPI, url=https://randomuser.me/, headers={},                     cookies={}, auth=None, timeout=None, proxies=None, verify=False,                     debug=0 </msg>
<arg>consultarAPI</arg>
<arg>${URL}</arg>
<doc>Create Session: create a HTTP session to a server</doc>
<status status="PASS" start="2024-07-21T20:17:33.520867" elapsed="0.000510"/>
</kw>
<status status="PASS" start="2024-07-21T20:17:33.519834" elapsed="0.002024"/>
</kw>
<status status="PASS" start="2024-07-21T20:17:33.519259" elapsed="0.002894"/>
</test>
<test id="s1-s1-t2" name="Validar retorno 200 e JSON Válido" line="16">
<kw name="Teste de Requisicao Basica" owner="random-user-service">
<kw name="GET On Session" owner="RequestsLibrary">
<msg time="2024-07-21T20:17:33.835409" level="INFO">GET Request : url=https://randomuser.me/api 
 path_url=/api 
 headers={'User-Agent': 'python-requests/2.32.3', 'Accept-Encoding': 'gzip, deflate', 'Accept': '*/*', 'Connection': 'keep-alive'} 
 body=None 
 </msg>
<msg time="2024-07-21T20:17:33.835543" level="INFO">GET Response : url=https://randomuser.me/api 
 status=200, reason=OK 
 headers={'Date': 'Sun, 21 Jul 2024 20:17:33 GMT', 'Content-Type': 'application/json; charset=utf-8', 'Transfer-Encoding': 'chunked', 'Connection': 'keep-alive', 'X-Powered-By': 'Express', 'Access-Control-Allow-Origin': '*', 'Cache-Control': 'no-cache', 'ETag': 'W/"487-iStJLk0WkiWVTdU4fm7dw62Vv7c"', 'Vary': 'Accept-Encoding', 'Content-Encoding': 'gzip', 'CF-Cache-Status': 'DYNAMIC', 'Report-To': '{"endpoints":[{"url":"https:\\/\\/a.nel.cloudflare.com\\/report\\/v4?s=vy80Hx42wfdvMiL%2Bn1qwiQzGrcGQMHzTl55%2F9EjGxhhY%2BjCAPSti3aGFjvbO%2BxzpmsJUGoVQZYNvgkOIljQuTXFJvRvPuec1Ep1Z8H%2Fv4zYKsfvkY%2BnKL965wbfyvyHi"}],"group":"cf-nel","max_age":604800}', 'NEL': '{"success_fraction":0,"report_to":"cf-nel","max_age":604800}', 'Server': 'cloudflare', 'CF-RAY': '8a6de009cf866b9b-DFW', 'alt-svc': 'h3=":443"; ma=86400'} 
 body={"results":[{"gender":"male","name":{"title":"Mr","first":"Noah","last":"Zhang"},"location":{"street":{"number":3521,"name":"Saint Aubyn Street"},"city":"Taupo","state":"Marlborough","country":"New Zealand","postcode":46636,"coordinates":{"latitude":"51.0849","longitude":"-141.7851"},"timezone":{"offset":"-6:00","description":"Central Time (US &amp; Canada), Mexico City"}},"email":"noah.zhang@example.com","login":{"uuid":"cf35cb66-7c6b-461b-912f-b13014f67c59","username":"bluezebra726","password":"alpha","salt":"CXyUzeTZ","md5":"f76aac8117e292b8bcc7f91631babcc4","sha1":"cf52bb89b7388096bd23e6ec46e0c218cec89277","sha256":"3ff6b93c22d4be1a4021c6e05fe823f3cfb681de1d71cf97251fd820436e7396"},"dob":{"date":"1948-06-23T23:50:38.001Z","age":76},"registered":{"date":"2007-03-17T18:20:05.701Z","age":17},"phone":"(129)-447-3519","cell":"(730)-584-2659","id":{"name":"","value":null},"picture":{"large":"https://randomuser.me/api/portraits/men/3.jpg","medium":"https://randomuser.me/api/portraits/med/men/3.jpg","thumbnail":"https://randomuser.me/api/portraits/thumb/men/3.jpg"},"nat":"NZ"}],"info":{"seed":"508131818e2b9e66","results":1,"page":1,"version":"1.4"}} 
 </msg>
<msg time="2024-07-21T20:17:33.835612" level="INFO">/opt/hostedtoolcache/Python/3.12.4/x64/lib/python3.12/site-packages/urllib3/connectionpool.py:1099: InsecureRequestWarning: Unverified HTTPS request is being made to host 'randomuser.me'. Adding certificate verification is strongly advised. See: https://urllib3.readthedocs.io/en/latest/advanced-usage.html#tls-warnings
  warnings.warn(</msg>
<msg time="2024-07-21T20:17:33.835726" level="INFO">${response} = &lt;Response [200]&gt;</msg>
<var>${response}</var>
<arg>consultarAPI</arg>
<arg>/api</arg>
<doc>Sends a GET request on a previously created HTTP Session.</doc>
<status status="PASS" start="2024-07-21T20:17:33.524920" elapsed="0.310848"/>
</kw>
<kw name="Should Be Equal As Numbers" owner="BuiltIn">
<msg time="2024-07-21T20:17:33.836765" level="INFO">Argument types are:
&lt;class 'int'&gt;
&lt;class 'str'&gt;</msg>
<arg>${response.status_code}</arg>
<arg>200</arg>
<doc>Fails if objects are unequal after converting them to real numbers.</doc>
<status status="PASS" start="2024-07-21T20:17:33.836260" elapsed="0.000569"/>
</kw>
<kw name="Log" owner="BuiltIn">
<msg time="2024-07-21T20:17:33.837494" level="INFO">200</msg>
<arg>${response.status_code}</arg>
<doc>Logs the given message with the given level.</doc>
<status status="PASS" start="2024-07-21T20:17:33.837143" elapsed="0.000393"/>
</kw>
<kw name="Set Variable" owner="BuiltIn">
<msg time="2024-07-21T20:17:33.838261" level="INFO">${json_data} = {'results': [{'gender': 'male', 'name': {'title': 'Mr', 'first': 'Noah', 'last': 'Zhang'}, 'location': {'street': {'number': 3521, 'name': 'Saint Aubyn Street'}, 'city': 'Taupo', 'state': 'Marlborough...</msg>
<var>${json_data}</var>
<arg>${response.json()}</arg>
<doc>Returns the given values which can then be assigned to a variables.</doc>
<status status="PASS" start="2024-07-21T20:17:33.837838" elapsed="0.000450"/>
</kw>
<kw name="Dictionary Should Contain Key" owner="Collections">
<arg>${json_data}</arg>
<arg>results</arg>
<doc>Fails if ``key`` is not found from ``dictionary``.</doc>
<status status="PASS" start="2024-07-21T20:17:33.838583" elapsed="0.000288"/>
</kw>
<status status="PASS" start="2024-07-21T20:17:33.524643" elapsed="0.314373"/>
</kw>
<doc>Testa se a API responde corretamente e retorna um objeto JSON válido.</doc>
<tag>testeRequisicaoBasica</tag>
<status status="PASS" start="2024-07-21T20:17:33.524122" elapsed="0.315053"/>
</test>
<test id="s1-s1-t3" name="Validar estrutura de resposta" line="22">
<kw name="Teste de Estrutura de Resposta" owner="random-user-service">
<kw name="GET On Session" owner="RequestsLibrary">
<msg time="2024-07-21T20:17:33.938450" level="INFO">GET Request : url=https://randomuser.me/api 
 path_url=/api 
 headers={'User-Agent': 'python-requests/2.32.3', 'Accept-Encoding': 'gzip, deflate', 'Accept': '*/*', 'Connection': 'keep-alive'} 
 body=None 
 </msg>
<msg time="2024-07-21T20:17:33.938517" level="INFO">GET Response : url=https://randomuser.me/api 
 status=200, reason=OK 
 headers={'Date': 'Sun, 21 Jul 2024 20:17:33 GMT', 'Content-Type': 'application/json; charset=utf-8', 'Transfer-Encoding': 'chunked', 'Connection': 'keep-alive', 'X-Powered-By': 'Express', 'Access-Control-Allow-Origin': '*', 'Cache-Control': 'no-cache', 'ETag': 'W/"47c-v+xhYzEOkyZALlbxcGXoLH//N+I"', 'Vary': 'Accept-Encoding', 'Content-Encoding': 'gzip', 'CF-Cache-Status': 'DYNAMIC', 'Report-To': '{"endpoints":[{"url":"https:\\/\\/a.nel.cloudflare.com\\/report\\/v4?s=pUcLBnbZupEeJ3gbOORHffJB9bXBOjY%2FA1nZews0fnUjp1QT9ecjrZ8FcHDbzSxIN5bAmL1bp7GoVA4jMKvqLa%2BQ3lzSjZjyuFOwSCxLk%2BPQ1t61F2hsWTUBzMQvpsWl"}],"group":"cf-nel","max_age":604800}', 'NEL': '{"success_fraction":0,"report_to":"cf-nel","max_age":604800}', 'Server': 'cloudflare', 'CF-RAY': '8a6de00a98d26b9b-DFW', 'alt-svc': 'h3=":443"; ma=86400'} 
 body={"results":[{"gender":"female","name":{"title":"Mrs","first":"Kaja","last":"Ytreland"},"location":{"street":{"number":9933,"name":"Hockeyveien"},"city":"Bodø","state":"Trøndelag","country":"Norway","postcode":"7533","coordinates":{"latitude":"47.0959","longitude":"149.3607"},"timezone":{"offset":"+2:00","description":"Kaliningrad, South Africa"}},"email":"kaja.ytreland@example.com","login":{"uuid":"7fa8f51e-2d39-4d81-b2ad-a95c164b96bc","username":"tinyostrich614","password":"pepper","salt":"ZnLYFfpk","md5":"64acd1daeab66411c7ee6395eb012076","sha1":"4c8f49e0368201ad05c616a123867ca591a560ae","sha256":"9344572fc9da757da4e64273c49b63d8755146ccd5d894bf5936b826618b8283"},"dob":{"date":"1962-08-12T09:50:00.271Z","age":61},"registered":{"date":"2017-09-30T08:21:23.043Z","age":6},"phone":"52763776","cell":"40662913","id":{"name":"FN","value":"12086234252"},"picture":{"large":"https://randomuser.me/api/portraits/women/7.jpg","medium":"https://randomuser.me/api/portraits/med/women/7.jpg","thumbnail":"https://randomuser.me/api/portraits/thumb/women/7.jpg"},"nat":"NO"}],"info":{"seed":"60daf5c0b6fd4c07","results":1,"page":1,"version":"1.4"}} 
 </msg>
<msg time="2024-07-21T20:17:33.938615" level="INFO">/opt/hostedtoolcache/Python/3.12.4/x64/lib/python3.12/site-packages/urllib3/connectionpool.py:1099: InsecureRequestWarning: Unverified HTTPS request is being made to host 'randomuser.me'. Adding certificate verification is strongly advised. See: https://urllib3.readthedocs.io/en/latest/advanced-usage.html#tls-warnings
  warnings.warn(</msg>
<msg time="2024-07-21T20:17:33.938716" level="INFO">${response} = &lt;Response [200]&gt;</msg>
<var>${response}</var>
<arg>consultarAPI</arg>
<arg>/api</arg>
<doc>Sends a GET request on a previously created HTTP Session.</doc>
<status status="PASS" start="2024-07-21T20:17:33.841742" elapsed="0.097016"/>
</kw>
<kw name="Set Variable" owner="BuiltIn">
<msg time="2024-07-21T20:17:33.939757" level="INFO">${json_data} = {'results': [{'gender': 'female', 'name': {'title': 'Mrs', 'first': 'Kaja', 'last': 'Ytreland'}, 'location': {'street': {'number': 9933, 'name': 'Hockeyveien'}, 'city': 'Bodø', 'state': 'Trøndelag', '...</msg>
<var>${json_data}</var>
<arg>${response.json()}</arg>
<doc>Returns the given values which can then be assigned to a variables.</doc>
<status status="PASS" start="2024-07-21T20:17:33.939207" elapsed="0.000580"/>
</kw>
<kw name="Log" owner="BuiltIn">
<msg time="2024-07-21T20:17:33.940257" level="INFO">{'results': [{'gender': 'female', 'name': {'title': 'Mrs', 'first': 'Kaja', 'last': 'Ytreland'}, 'location': {'street': {'number': 9933, 'name': 'Hockeyveien'}, 'city': 'Bodø', 'state': 'Trøndelag', 'country': 'Norway', 'postcode': '7533', 'coordinates': {'latitude': '47.0959', 'longitude': '149.3607'}, 'timezone': {'offset': '+2:00', 'description': 'Kaliningrad, South Africa'}}, 'email': 'kaja.ytreland@example.com', 'login': {'uuid': '7fa8f51e-2d39-4d81-b2ad-a95c164b96bc', 'username': 'tinyostrich614', 'password': 'pepper', 'salt': 'ZnLYFfpk', 'md5': '64acd1daeab66411c7ee6395eb012076', 'sha1': '4c8f49e0368201ad05c616a123867ca591a560ae', 'sha256': '9344572fc9da757da4e64273c49b63d8755146ccd5d894bf5936b826618b8283'}, 'dob': {'date': '1962-08-12T09:50:00.271Z', 'age': 61}, 'registered': {'date': '2017-09-30T08:21:23.043Z', 'age': 6}, 'phone': '52763776', 'cell': '40662913', 'id': {'name': 'FN', 'value': '12086234252'}, 'picture': {'large': 'https://randomuser.me/api/portraits/women/7.jpg', 'medium': 'https://randomuser.me/api/portraits/med/women/7.jpg', 'thumbnail': 'https://randomuser.me/api/portraits/thumb/women/7.jpg'}, 'nat': 'NO'}], 'info': {'seed': '60daf5c0b6fd4c07', 'results': 1, 'page': 1, 'version': '1.4'}}</msg>
<arg>${json_data}</arg>
<doc>Logs the given message with the given level.</doc>
<status status="PASS" start="2024-07-21T20:17:33.940094" elapsed="0.000213"/>
</kw>
<kw name="Dictionary Should Contain Key" owner="Collections">
<arg>${json_data}</arg>
<arg>results</arg>
<doc>Fails if ``key`` is not found from ``dictionary``.</doc>
<status status="PASS" start="2024-07-21T20:17:33.940597" elapsed="0.000194"/>
</kw>
<kw name="Should Not Be Empty" owner="BuiltIn">
<msg time="2024-07-21T20:17:33.941119" level="INFO">Length is 2.</msg>
<arg>${json_data}</arg>
<doc>Verifies that the given item is not empty.</doc>
<status status="PASS" start="2024-07-21T20:17:33.940986" elapsed="0.000171"/>
</kw>
<kw name="Create List" owner="BuiltIn">
<msg time="2024-07-21T20:17:33.941719" level="INFO">${expected_keys} = ['gender', 'name', 'location', 'email', 'login']</msg>
<var>${expected_keys}</var>
<arg>gender</arg>
<arg>name</arg>
<arg>location</arg>
<arg>email</arg>
<arg>login</arg>
<doc>Returns a list containing given items.</doc>
<status status="PASS" start="2024-07-21T20:17:33.941545" elapsed="0.000199"/>
</kw>
<for flavor="IN">
<iter>
<kw name="Dictionary Should Contain Key" owner="Collections">
<arg>${json_data['results'][0]}</arg>
<arg>${key}</arg>
<doc>Fails if ``key`` is not found from ``dictionary``.</doc>
<status status="PASS" start="2024-07-21T20:17:33.942315" elapsed="0.000398"/>
</kw>
<kw name="Log" owner="BuiltIn">
<msg time="2024-07-21T20:17:33.943259" level="INFO">{'gender': 'female', 'name': {'title': 'Mrs', 'first': 'Kaja', 'last': 'Ytreland'}, 'location': {'street': {'number': 9933, 'name': 'Hockeyveien'}, 'city': 'Bodø', 'state': 'Trøndelag', 'country': 'Norway', 'postcode': '7533', 'coordinates': {'latitude': '47.0959', 'longitude': '149.3607'}, 'timezone': {'offset': '+2:00', 'description': 'Kaliningrad, South Africa'}}, 'email': 'kaja.ytreland@example.com', 'login': {'uuid': '7fa8f51e-2d39-4d81-b2ad-a95c164b96bc', 'username': 'tinyostrich614', 'password': 'pepper', 'salt': 'ZnLYFfpk', 'md5': '64acd1daeab66411c7ee6395eb012076', 'sha1': '4c8f49e0368201ad05c616a123867ca591a560ae', 'sha256': '9344572fc9da757da4e64273c49b63d8755146ccd5d894bf5936b826618b8283'}, 'dob': {'date': '1962-08-12T09:50:00.271Z', 'age': 61}, 'registered': {'date': '2017-09-30T08:21:23.043Z', 'age': 6}, 'phone': '52763776', 'cell': '40662913', 'id': {'name': 'FN', 'value': '12086234252'}, 'picture': {'large': 'https://randomuser.me/api/portraits/women/7.jpg', 'medium': 'https://randomuser.me/api/portraits/med/women/7.jpg', 'thumbnail': 'https://randomuser.me/api/portraits/thumb/women/7.jpg'}, 'nat': 'NO'}</msg>
<arg>${json_data['results'][0]}</arg>
<doc>Logs the given message with the given level.</doc>
<status status="PASS" start="2024-07-21T20:17:33.942904" elapsed="0.000415"/>
</kw>
<kw name="Log" owner="BuiltIn">
<msg time="2024-07-21T20:17:33.943749" level="INFO">gender</msg>
<arg>${key}</arg>
<doc>Logs the given message with the given level.</doc>
<status status="PASS" start="2024-07-21T20:17:33.943614" elapsed="0.000173"/>
</kw>
<var name="${key}">gender</var>
<status status="PASS" start="2024-07-21T20:17:33.942190" elapsed="0.001813"/>
</iter>
<iter>
<kw name="Dictionary Should Contain Key" owner="Collections">
<arg>${json_data['results'][0]}</arg>
<arg>${key}</arg>
<doc>Fails if ``key`` is not found from ``dictionary``.</doc>
<status status="PASS" start="2024-07-21T20:17:33.944295" elapsed="0.000415"/>
</kw>
<kw name="Log" owner="BuiltIn">
<msg time="2024-07-21T20:17:33.945262" level="INFO">{'gender': 'female', 'name': {'title': 'Mrs', 'first': 'Kaja', 'last': 'Ytreland'}, 'location': {'street': {'number': 9933, 'name': 'Hockeyveien'}, 'city': 'Bodø', 'state': 'Trøndelag', 'country': 'Norway', 'postcode': '7533', 'coordinates': {'latitude': '47.0959', 'longitude': '149.3607'}, 'timezone': {'offset': '+2:00', 'description': 'Kaliningrad, South Africa'}}, 'email': 'kaja.ytreland@example.com', 'login': {'uuid': '7fa8f51e-2d39-4d81-b2ad-a95c164b96bc', 'username': 'tinyostrich614', 'password': 'pepper', 'salt': 'ZnLYFfpk', 'md5': '64acd1daeab66411c7ee6395eb012076', 'sha1': '4c8f49e0368201ad05c616a123867ca591a560ae', 'sha256': '9344572fc9da757da4e64273c49b63d8755146ccd5d894bf5936b826618b8283'}, 'dob': {'date': '1962-08-12T09:50:00.271Z', 'age': 61}, 'registered': {'date': '2017-09-30T08:21:23.043Z', 'age': 6}, 'phone': '52763776', 'cell': '40662913', 'id': {'name': 'FN', 'value': '12086234252'}, 'picture': {'large': 'https://randomuser.me/api/portraits/women/7.jpg', 'medium': 'https://randomuser.me/api/portraits/med/women/7.jpg', 'thumbnail': 'https://randomuser.me/api/portraits/thumb/women/7.jpg'}, 'nat': 'NO'}</msg>
<arg>${json_data['results'][0]}</arg>
<doc>Logs the given message with the given level.</doc>
<status status="PASS" start="2024-07-21T20:17:33.944898" elapsed="0.000446"/>
</kw>
<kw name="Log" owner="BuiltIn">
<msg time="2024-07-21T20:17:33.945770" level="INFO">name</msg>
<arg>${key}</arg>
<doc>Logs the given message with the given level.</doc>
<status status="PASS" start="2024-07-21T20:17:33.945643" elapsed="0.000164"/>
</kw>
<var name="${key}">name</var>
<status status="PASS" start="2024-07-21T20:17:33.944184" elapsed="0.001842"/>
</iter>
<iter>
<kw name="Dictionary Should Contain Key" owner="Collections">
<arg>${json_data['results'][0]}</arg>
<arg>${key}</arg>
<doc>Fails if ``key`` is not found from ``dictionary``.</doc>
<status status="PASS" start="2024-07-21T20:17:33.946307" elapsed="0.000372"/>
</kw>
<kw name="Log" owner="BuiltIn">
<msg time="2024-07-21T20:17:33.947213" level="INFO">{'gender': 'female', 'name': {'title': 'Mrs', 'first': 'Kaja', 'last': 'Ytreland'}, 'location': {'street': {'number': 9933, 'name': 'Hockeyveien'}, 'city': 'Bodø', 'state': 'Trøndelag', 'country': 'Norway', 'postcode': '7533', 'coordinates': {'latitude': '47.0959', 'longitude': '149.3607'}, 'timezone': {'offset': '+2:00', 'description': 'Kaliningrad, South Africa'}}, 'email': 'kaja.ytreland@example.com', 'login': {'uuid': '7fa8f51e-2d39-4d81-b2ad-a95c164b96bc', 'username': 'tinyostrich614', 'password': 'pepper', 'salt': 'ZnLYFfpk', 'md5': '64acd1daeab66411c7ee6395eb012076', 'sha1': '4c8f49e0368201ad05c616a123867ca591a560ae', 'sha256': '9344572fc9da757da4e64273c49b63d8755146ccd5d894bf5936b826618b8283'}, 'dob': {'date': '1962-08-12T09:50:00.271Z', 'age': 61}, 'registered': {'date': '2017-09-30T08:21:23.043Z', 'age': 6}, 'phone': '52763776', 'cell': '40662913', 'id': {'name': 'FN', 'value': '12086234252'}, 'picture': {'large': 'https://randomuser.me/api/portraits/women/7.jpg', 'medium': 'https://randomuser.me/api/portraits/med/women/7.jpg', 'thumbnail': 'https://randomuser.me/api/portraits/thumb/women/7.jpg'}, 'nat': 'NO'}</msg>
<arg>${json_data['results'][0]}</arg>
<doc>Logs the given message with the given level.</doc>
<status status="PASS" start="2024-07-21T20:17:33.946864" elapsed="0.000398"/>
</kw>
<kw name="Log" owner="BuiltIn">
<msg time="2024-07-21T20:17:33.947677" level="INFO">location</msg>
<arg>${key}</arg>
<doc>Logs the given message with the given level.</doc>
<status status="PASS" start="2024-07-21T20:17:33.947552" elapsed="0.000161"/>
</kw>
<var name="${key}">location</var>
<status status="PASS" start="2024-07-21T20:17:33.946200" elapsed="0.001730"/>
</iter>
<iter>
<kw name="Dictionary Should Contain Key" owner="Collections">
<arg>${json_data['results'][0]}</arg>
<arg>${key}</arg>
<doc>Fails if ``key`` is not found from ``dictionary``.</doc>
<status status="PASS" start="2024-07-21T20:17:33.948207" elapsed="0.000386"/>
</kw>
<kw name="Log" owner="BuiltIn">
<msg time="2024-07-21T20:17:33.949284" level="INFO">{'gender': 'female', 'name': {'title': 'Mrs', 'first': 'Kaja', 'last': 'Ytreland'}, 'location': {'street': {'number': 9933, 'name': 'Hockeyveien'}, 'city': 'Bodø', 'state': 'Trøndelag', 'country': 'Norway', 'postcode': '7533', 'coordinates': {'latitude': '47.0959', 'longitude': '149.3607'}, 'timezone': {'offset': '+2:00', 'description': 'Kaliningrad, South Africa'}}, 'email': 'kaja.ytreland@example.com', 'login': {'uuid': '7fa8f51e-2d39-4d81-b2ad-a95c164b96bc', 'username': 'tinyostrich614', 'password': 'pepper', 'salt': 'ZnLYFfpk', 'md5': '64acd1daeab66411c7ee6395eb012076', 'sha1': '4c8f49e0368201ad05c616a123867ca591a560ae', 'sha256': '9344572fc9da757da4e64273c49b63d8755146ccd5d894bf5936b826618b8283'}, 'dob': {'date': '1962-08-12T09:50:00.271Z', 'age': 61}, 'registered': {'date': '2017-09-30T08:21:23.043Z', 'age': 6}, 'phone': '52763776', 'cell': '40662913', 'id': {'name': 'FN', 'value': '12086234252'}, 'picture': {'large': 'https://randomuser.me/api/portraits/women/7.jpg', 'medium': 'https://randomuser.me/api/portraits/med/women/7.jpg', 'thumbnail': 'https://randomuser.me/api/portraits/thumb/women/7.jpg'}, 'nat': 'NO'}</msg>
<arg>${json_data['results'][0]}</arg>
<doc>Logs the given message with the given level.</doc>
<status status="PASS" start="2024-07-21T20:17:33.948924" elapsed="0.000411"/>
</kw>
<kw name="Log" owner="BuiltIn">
<msg time="2024-07-21T20:17:33.949759" level="INFO">email</msg>
<arg>${key}</arg>
<doc>Logs the given message with the given level.</doc>
<status status="PASS" start="2024-07-21T20:17:33.949632" elapsed="0.000164"/>
</kw>
<var name="${key}">email</var>
<status status="PASS" start="2024-07-21T20:17:33.948101" elapsed="0.001908"/>
</iter>
<iter>
<kw name="Dictionary Should Contain Key" owner="Collections">
<arg>${json_data['results'][0]}</arg>
<arg>${key}</arg>
<doc>Fails if ``key`` is not found from ``dictionary``.</doc>
<status status="PASS" start="2024-07-21T20:17:33.950289" elapsed="0.000378"/>
</kw>
<kw name="Log" owner="BuiltIn">
<msg time="2024-07-21T20:17:33.951203" level="INFO">{'gender': 'female', 'name': {'title': 'Mrs', 'first': 'Kaja', 'last': 'Ytreland'}, 'location': {'street': {'number': 9933, 'name': 'Hockeyveien'}, 'city': 'Bodø', 'state': 'Trøndelag', 'country': 'Norway', 'postcode': '7533', 'coordinates': {'latitude': '47.0959', 'longitude': '149.3607'}, 'timezone': {'offset': '+2:00', 'description': 'Kaliningrad, South Africa'}}, 'email': 'kaja.ytreland@example.com', 'login': {'uuid': '7fa8f51e-2d39-4d81-b2ad-a95c164b96bc', 'username': 'tinyostrich614', 'password': 'pepper', 'salt': 'ZnLYFfpk', 'md5': '64acd1daeab66411c7ee6395eb012076', 'sha1': '4c8f49e0368201ad05c616a123867ca591a560ae', 'sha256': '9344572fc9da757da4e64273c49b63d8755146ccd5d894bf5936b826618b8283'}, 'dob': {'date': '1962-08-12T09:50:00.271Z', 'age': 61}, 'registered': {'date': '2017-09-30T08:21:23.043Z', 'age': 6}, 'phone': '52763776', 'cell': '40662913', 'id': {'name': 'FN', 'value': '12086234252'}, 'picture': {'large': 'https://randomuser.me/api/portraits/women/7.jpg', 'medium': 'https://randomuser.me/api/portraits/med/women/7.jpg', 'thumbnail': 'https://randomuser.me/api/portraits/thumb/women/7.jpg'}, 'nat': 'NO'}</msg>
<arg>${json_data['results'][0]}</arg>
<doc>Logs the given message with the given level.</doc>
<status status="PASS" start="2024-07-21T20:17:33.950848" elapsed="0.000403"/>
</kw>
<kw name="Log" owner="BuiltIn">
<msg time="2024-07-21T20:17:33.951670" level="INFO">login</msg>
<arg>${key}</arg>
<doc>Logs the given message with the given level.</doc>
<status status="PASS" start="2024-07-21T20:17:33.951544" elapsed="0.000162"/>
</kw>
<var name="${key}">login</var>
<status status="PASS" start="2024-07-21T20:17:33.950181" elapsed="0.001738"/>
</iter>
<var>${key}</var>
<value>@{expected_keys}</value>
<status status="PASS" start="2024-07-21T20:17:33.942008" elapsed="0.010031"/>
</for>
<kw name="Create List" owner="BuiltIn">
<msg time="2024-07-21T20:17:33.952357" level="INFO">${expected_keysTwo} = ['username', 'password']</msg>
<var>${expected_keysTwo}</var>
<arg>username</arg>
<arg>password</arg>
<doc>Returns a list containing given items.</doc>
<status status="PASS" start="2024-07-21T20:17:33.952225" elapsed="0.000155"/>
</kw>
<for flavor="IN">
<iter>
<kw name="Dictionary Should Contain Key" owner="Collections">
<arg>${json_data['results'][0]['login']}</arg>
<arg>${keyTwo}</arg>
<doc>Fails if ``key`` is not found from ``dictionary``.</doc>
<status status="PASS" start="2024-07-21T20:17:33.952935" elapsed="0.000383"/>
</kw>
<kw name="Dictionary Should Contain Key" owner="Collections">
<arg>${json_data['results'][0]['login']}</arg>
<arg>${keyTwo}</arg>
<doc>Fails if ``key`` is not found from ``dictionary``.</doc>
<status status="PASS" start="2024-07-21T20:17:33.953504" elapsed="0.000380"/>
</kw>
<kw name="Log" owner="BuiltIn">
<msg time="2024-07-21T20:17:33.954181" level="INFO">username</msg>
<arg>${keyTwo}</arg>
<doc>Logs the given message with the given level.</doc>
<status status="PASS" start="2024-07-21T20:17:33.954061" elapsed="0.000158"/>
</kw>
<var name="${keyTwo}">username</var>
<status status="PASS" start="2024-07-21T20:17:33.952825" elapsed="0.001613"/>
</iter>
<iter>
<kw name="Dictionary Should Contain Key" owner="Collections">
<arg>${json_data['results'][0]['login']}</arg>
<arg>${keyTwo}</arg>
<doc>Fails if ``key`` is not found from ``dictionary``.</doc>
<status status="PASS" start="2024-07-21T20:17:33.954724" elapsed="0.000375"/>
</kw>
<kw name="Dictionary Should Contain Key" owner="Collections">
<arg>${json_data['results'][0]['login']}</arg>
<arg>${keyTwo}</arg>
<doc>Fails if ``key`` is not found from ``dictionary``.</doc>
<status status="PASS" start="2024-07-21T20:17:33.955278" elapsed="0.000373"/>
</kw>
<kw name="Log" owner="BuiltIn">
<msg time="2024-07-21T20:17:33.955949" level="INFO">password</msg>
<arg>${keyTwo}</arg>
<doc>Logs the given message with the given level.</doc>
<status status="PASS" start="2024-07-21T20:17:33.955826" elapsed="0.000160"/>
</kw>
<var name="${keyTwo}">password</var>
<status status="PASS" start="2024-07-21T20:17:33.954611" elapsed="0.001595"/>
</iter>
<var>${keyTwo}</var>
<value>@{expected_keysTwo}</value>
<status status="PASS" start="2024-07-21T20:17:33.952639" elapsed="0.003687"/>
</for>
<status status="PASS" start="2024-07-21T20:17:33.841518" elapsed="0.114944"/>
</kw>
<doc>Testa a estrutura da resposta da API.</doc>
<tag>testeEstruturaResposta</tag>
<status status="PASS" start="2024-07-21T20:17:33.840977" elapsed="0.115629"/>
</test>
<test id="s1-s1-t4" name="Validar tipos de dados" line="28">
<kw name="Teste de Tipos de Dados" owner="random-user-service">
<kw name="GET On Session" owner="RequestsLibrary">
<msg time="2024-07-21T20:17:34.052128" level="INFO">GET Request : url=https://randomuser.me/api 
 path_url=/api 
 headers={'User-Agent': 'python-requests/2.32.3', 'Accept-Encoding': 'gzip, deflate', 'Accept': '*/*', 'Connection': 'keep-alive'} 
 body=None 
 </msg>
<msg time="2024-07-21T20:17:34.052191" level="INFO">GET Response : url=https://randomuser.me/api 
 status=200, reason=OK 
 headers={'Date': 'Sun, 21 Jul 2024 20:17:34 GMT', 'Content-Type': 'application/json; charset=utf-8', 'Transfer-Encoding': 'chunked', 'Connection': 'keep-alive', 'X-Powered-By': 'Express', 'Access-Control-Allow-Origin': '*', 'Cache-Control': 'no-cache', 'ETag': 'W/"499-KYbGwGrU6cP1EI3XKPx3hT1o9vE"', 'Vary': 'Accept-Encoding', 'Content-Encoding': 'gzip', 'CF-Cache-Status': 'DYNAMIC', 'Report-To': '{"endpoints":[{"url":"https:\\/\\/a.nel.cloudflare.com\\/report\\/v4?s=ion%2F8vQp4EhHmvmUwxfvS64vdhm3I8gTrZyH6YcRwMhCsfOd5GfO5%2F6MacpnHYWIQLI%2BMO4aiuE7FvahEyCCbFGB51liYnBO0bvRiTNn%2Bz28qcyDtzYtjnVoaQ6J4Zg3"}],"group":"cf-nel","max_age":604800}', 'NEL': '{"success_fraction":0,"report_to":"cf-nel","max_age":604800}', 'Server': 'cloudflare', 'CF-RAY': '8a6de00b59c36b9b-DFW', 'alt-svc': 'h3=":443"; ma=86400'} 
 body={"results":[{"gender":"male","name":{"title":"Mr","first":"Rubén","last":"Rubio"},"location":{"street":{"number":2752,"name":"Calle de Ángel García"},"city":"Albacete","state":"Navarra","country":"Spain","postcode":55068,"coordinates":{"latitude":"-36.3775","longitude":"-14.9727"},"timezone":{"offset":"0:00","description":"Western Europe Time, London, Lisbon, Casablanca"}},"email":"ruben.rubio@example.com","login":{"uuid":"ed74b0d8-dd96-48cd-a4f8-d00012cbf305","username":"yellowleopard846","password":"coucou","salt":"ZZLyHU1B","md5":"c811ec2ea67e218fbfd310e424d21531","sha1":"1fdf38d71993f279c924af966854b8baa2aedfc4","sha256":"ef02c0a29130df96cb290f7b659f15a57450157e352bd2c728f3727a75f39744"},"dob":{"date":"1945-10-24T19:50:11.203Z","age":78},"registered":{"date":"2003-01-19T15:22:03.185Z","age":21},"phone":"911-779-203","cell":"636-828-964","id":{"name":"DNI","value":"02828679-X"},"picture":{"large":"https://randomuser.me/api/portraits/men/3.jpg","medium":"https://randomuser.me/api/portraits/med/men/3.jpg","thumbnail":"https://randomuser.me/api/portraits/thumb/men/3.jpg"},"nat":"ES"}],"info":{"seed":"d685091b23c05e64","results":1,"page":1,"version":"1.4"}} 
 </msg>
<msg time="2024-07-21T20:17:34.052247" level="INFO">/opt/hostedtoolcache/Python/3.12.4/x64/lib/python3.12/site-packages/urllib3/connectionpool.py:1099: InsecureRequestWarning: Unverified HTTPS request is being made to host 'randomuser.me'. Adding certificate verification is strongly advised. See: https://urllib3.readthedocs.io/en/latest/advanced-usage.html#tls-warnings
  warnings.warn(</msg>
<msg time="2024-07-21T20:17:34.052333" level="INFO">${response} = &lt;Response [200]&gt;</msg>
<var>${response}</var>
<arg>consultarAPI</arg>
<arg>/api</arg>
<doc>Sends a GET request on a previously created HTTP Session.</doc>
<status status="PASS" start="2024-07-21T20:17:33.959016" elapsed="0.093361"/>
</kw>
<kw name="Set Variable" owner="BuiltIn">
<msg time="2024-07-21T20:17:34.053206" level="INFO">${json_data} = {'results': [{'gender': 'male', 'name': {'title': 'Mr', 'first': 'Rubén', 'last': 'Rubio'}, 'location': {'street': {'number': 2752, 'name': 'Calle de Ángel García'}, 'city': 'Albacete', 'state': 'Nava...</msg>
<var>${json_data}</var>
<arg>${response.json()}</arg>
<doc>Returns the given values which can then be assigned to a variables.</doc>
<status status="PASS" start="2024-07-21T20:17:34.052756" elapsed="0.000479"/>
</kw>
<kw name="Log" owner="BuiltIn">
<msg time="2024-07-21T20:17:34.053693" level="INFO">{'results': [{'gender': 'male', 'name': {'title': 'Mr', 'first': 'Rubén', 'last': 'Rubio'}, 'location': {'street': {'number': 2752, 'name': 'Calle de Ángel García'}, 'city': 'Albacete', 'state': 'Navarra', 'country': 'Spain', 'postcode': 55068, 'coordinates': {'latitude': '-36.3775', 'longitude': '-14.9727'}, 'timezone': {'offset': '0:00', 'description': 'Western Europe Time, London, Lisbon, Casablanca'}}, 'email': 'ruben.rubio@example.com', 'login': {'uuid': 'ed74b0d8-dd96-48cd-a4f8-d00012cbf305', 'username': 'yellowleopard846', 'password': 'coucou', 'salt': 'ZZLyHU1B', 'md5': 'c811ec2ea67e218fbfd310e424d21531', 'sha1': '1fdf38d71993f279c924af966854b8baa2aedfc4', 'sha256': 'ef02c0a29130df96cb290f7b659f15a57450157e352bd2c728f3727a75f39744'}, 'dob': {'date': '1945-10-24T19:50:11.203Z', 'age': 78}, 'registered': {'date': '2003-01-19T15:22:03.185Z', 'age': 21}, 'phone': '911-779-203', 'cell': '636-828-964', 'id': {'name': 'DNI', 'value': '02828679-X'}, 'picture': {'large': 'https://randomuser.me/api/portraits/men/3.jpg', 'medium': 'https://randomuser.me/api/portraits/med/men/3.jpg', 'thumbnail': 'https://randomuser.me/api/portraits/thumb/men/3.jpg'}, 'nat': 'ES'}], 'info': {'seed': 'd685091b23c05e64', 'results': 1, 'page': 1, 'version': '1.4'}}</msg>
<arg>${json_data}</arg>
<doc>Logs the given message with the given level.</doc>
<status status="PASS" start="2024-07-21T20:17:34.053538" elapsed="0.000204"/>
</kw>
<kw name="Should Be String" owner="String">
<arg>${json_data['results'][0]['gender']}</arg>
<doc>Fails if the given ``item`` is not a string.</doc>
<status status="PASS" start="2024-07-21T20:17:34.054029" elapsed="0.000367"/>
</kw>
<kw name="Should Match Regexp" owner="BuiltIn">
<arg>${json_data['results'][0]['email']}</arg>
<arg>^[a-zA-Z0-9._%+-]+@[a-zA-Z0-9.-]+\.[a-zA-Z]{2,}$</arg>
<doc>Fails if ``string`` does not match ``pattern`` as a regular expression.</doc>
<status status="PASS" start="2024-07-21T20:17:34.054585" elapsed="0.000498"/>
</kw>
<kw name="Should Match Regexp" owner="BuiltIn">
<arg>${json_data['results'][0]['dob']['date']}</arg>
<arg>\\d{4}-\\d{2}-\\d{2}T\\d{2}:\\d{2}:\\d{2}\\.\\d{3}Z</arg>
<doc>Fails if ``string`` does not match ``pattern`` as a regular expression.</doc>
<status status="PASS" start="2024-07-21T20:17:34.055309" elapsed="0.000592"/>
</kw>
<kw name="Should Match Regexp" owner="BuiltIn">
<arg>${json_data['results'][0]['registered']['date']}</arg>
<arg>\\d{4}-\\d{2}-\\d{2}T\\d{2}:\\d{2}:\\d{2}\\.\\d{3}Z</arg>
<doc>Fails if ``string`` does not match ``pattern`` as a regular expression.</doc>
<status status="PASS" start="2024-07-21T20:17:34.056092" elapsed="0.000367"/>
</kw>
<kw name="Should Match Regexp" owner="BuiltIn">
<arg>${json_data['results'][0]['picture']['large']}</arg>
<arg>^https?://.*\.(?:png|jpe?g|gif|bmp)$</arg>
<doc>Fails if ``string`` does not match ``pattern`` as a regular expression.</doc>
<status status="PASS" start="2024-07-21T20:17:34.056643" elapsed="0.000483"/>
</kw>
<kw name="Should Match Regexp" owner="BuiltIn">
<arg>${json_data['results'][0]['picture']['medium']}</arg>
<arg>^https?://.*\.(?:png|jpe?g|gif|bmp)$</arg>
<doc>Fails if ``string`` does not match ``pattern`` as a regular expression.</doc>
<status status="PASS" start="2024-07-21T20:17:34.057315" elapsed="0.000352"/>
</kw>
<kw name="Should Match Regexp" owner="BuiltIn">
<arg>${json_data['results'][0]['picture']['thumbnail']}</arg>
<arg>^https?://.*\.(?:png|jpe?g|gif|bmp)$</arg>
<doc>Fails if ``string`` does not match ``pattern`` as a regular expression.</doc>
<status status="PASS" start="2024-07-21T20:17:34.057852" elapsed="0.000348"/>
</kw>
<kw name="Log" owner="BuiltIn">
<msg time="2024-07-21T20:17:34.058700" level="INFO">{'large': 'https://randomuser.me/api/portraits/men/3.jpg', 'medium': 'https://randomuser.me/api/portraits/med/men/3.jpg', 'thumbnail': 'https://randomuser.me/api/portraits/thumb/men/3.jpg'}</msg>
<arg>${json_data['results'][0]['picture']}</arg>
<doc>Logs the given message with the given level.</doc>
<status status="PASS" start="2024-07-21T20:17:34.058381" elapsed="0.000361"/>
</kw>
<status status="PASS" start="2024-07-21T20:17:33.958799" elapsed="0.100195"/>
</kw>
<kw name="Teste de Tipos de Dados - Postcode" owner="random-user-service">
<kw name="GET On Session" owner="RequestsLibrary">
<msg time="2024-07-21T20:17:34.281705" level="INFO">GET Request : url=https://randomuser.me/api 
 path_url=/api 
 headers={'User-Agent': 'python-requests/2.32.3', 'Accept-Encoding': 'gzip, deflate', 'Accept': '*/*', 'Connection': 'keep-alive'} 
 body=None 
 </msg>
<msg time="2024-07-21T20:17:34.281786" level="INFO">GET Response : url=https://randomuser.me/api 
 status=200, reason=OK 
 headers={'Date': 'Sun, 21 Jul 2024 20:17:34 GMT', 'Content-Type': 'application/json; charset=utf-8', 'Transfer-Encoding': 'chunked', 'Connection': 'keep-alive', 'X-Powered-By': 'Express', 'Access-Control-Allow-Origin': '*', 'Cache-Control': 'no-cache', 'ETag': 'W/"484-cTCpUYRmteR+8lQ/H8fDk4xbG3M"', 'Vary': 'Accept-Encoding', 'Content-Encoding': 'gzip', 'CF-Cache-Status': 'DYNAMIC', 'Report-To': '{"endpoints":[{"url":"https:\\/\\/a.nel.cloudflare.com\\/report\\/v4?s=xsFkjb75KZrzULws5TYFN%2B8pV8tOkPwLes5gqsX1AP92Tyx%2BvruHFhilcckBCiGv66qbnxXwXLcWfs1tEE%2F5cfX1INgUkOScOGGAFI0c76AEzFXtfjd1x4SCihg2ixsr"}],"group":"cf-nel","max_age":604800}', 'NEL': '{"success_fraction":0,"report_to":"cf-nel","max_age":604800}', 'Server': 'cloudflare', 'CF-RAY': '8a6de00bfaba6b9b-DFW', 'alt-svc': 'h3=":443"; ma=86400'} 
 body={"results":[{"gender":"male","name":{"title":"Mr","first":"Juan Manuel","last":"Luevano"},"location":{"street":{"number":6244,"name":"Peatonal Garza"},"city":"Petalcingo","state":"Guanajuato","country":"Mexico","postcode":13807,"coordinates":{"latitude":"22.8163","longitude":"-106.7956"},"timezone":{"offset":"-9:00","description":"Alaska"}},"email":"juanmanuel.luevano@example.com","login":{"uuid":"9819b950-df3b-4486-b905-29a783f62cc8","username":"angryfrog247","password":"molly","salt":"19pTpHBR","md5":"dc8037558d31f4653896e3bdf02a2019","sha1":"3676ce6d595af3d5a4b73546dca7130c9cb212b1","sha256":"f6782d9de818d3a5a0fb97d0b6ee1a59aea50168aef106cab0bba3bbfb2bb0cb"},"dob":{"date":"1978-02-05T05:10:14.896Z","age":46},"registered":{"date":"2015-01-08T08:00:39.206Z","age":9},"phone":"(652) 941 8753","cell":"(627) 808 0434","id":{"name":"NSS","value":"20 13 07 3522 5"},"picture":{"large":"https://randomuser.me/api/portraits/men/44.jpg","medium":"https://randomuser.me/api/portraits/med/men/44.jpg","thumbnail":"https://randomuser.me/api/portraits/thumb/men/44.jpg"},"nat":"MX"}],"info":{"seed":"d7e7c38848594d91","results":1,"page":1,"version":"1.4"}} 
 </msg>
<msg time="2024-07-21T20:17:34.281858" level="INFO">/opt/hostedtoolcache/Python/3.12.4/x64/lib/python3.12/site-packages/urllib3/connectionpool.py:1099: InsecureRequestWarning: Unverified HTTPS request is being made to host 'randomuser.me'. Adding certificate verification is strongly advised. See: https://urllib3.readthedocs.io/en/latest/advanced-usage.html#tls-warnings
  warnings.warn(</msg>
<msg time="2024-07-21T20:17:34.281975" level="INFO">${response} = &lt;Response [200]&gt;</msg>
<var>${response}</var>
<arg>consultarAPI</arg>
<arg>/api</arg>
<doc>Sends a GET request on a previously created HTTP Session.</doc>
<status status="PASS" start="2024-07-21T20:17:34.059416" elapsed="0.222611"/>
</kw>
<kw name="Set Variable" owner="BuiltIn">
<msg time="2024-07-21T20:17:34.282969" level="INFO">${json_data} = {'results': [{'gender': 'male', 'name': {'title': 'Mr', 'first': 'Juan Manuel', 'last': 'Luevano'}, 'location': {'street': {'number': 6244, 'name': 'Peatonal Garza'}, 'city': 'Petalcingo', 'state': 'G...</msg>
<var>${json_data}</var>
<arg>${response.json()}</arg>
<doc>Returns the given values which can then be assigned to a variables.</doc>
<status status="PASS" start="2024-07-21T20:17:34.282540" elapsed="0.000457"/>
</kw>
<kw name="Log" owner="BuiltIn">
<msg time="2024-07-21T20:17:34.283453" level="INFO">{'results': [{'gender': 'male', 'name': {'title': 'Mr', 'first': 'Juan Manuel', 'last': 'Luevano'}, 'location': {'street': {'number': 6244, 'name': 'Peatonal Garza'}, 'city': 'Petalcingo', 'state': 'Guanajuato', 'country': 'Mexico', 'postcode': 13807, 'coordinates': {'latitude': '22.8163', 'longitude': '-106.7956'}, 'timezone': {'offset': '-9:00', 'description': 'Alaska'}}, 'email': 'juanmanuel.luevano@example.com', 'login': {'uuid': '9819b950-df3b-4486-b905-29a783f62cc8', 'username': 'angryfrog247', 'password': 'molly', 'salt': '19pTpHBR', 'md5': 'dc8037558d31f4653896e3bdf02a2019', 'sha1': '3676ce6d595af3d5a4b73546dca7130c9cb212b1', 'sha256': 'f6782d9de818d3a5a0fb97d0b6ee1a59aea50168aef106cab0bba3bbfb2bb0cb'}, 'dob': {'date': '1978-02-05T05:10:14.896Z', 'age': 46}, 'registered': {'date': '2015-01-08T08:00:39.206Z', 'age': 9}, 'phone': '(652) 941 8753', 'cell': '(627) 808 0434', 'id': {'name': 'NSS', 'value': '20 13 07 3522 5'}, 'picture': {'large': 'https://randomuser.me/api/portraits/men/44.jpg', 'medium': 'https://randomuser.me/api/portraits/med/men/44.jpg', 'thumbnail': 'https://randomuser.me/api/portraits/thumb/men/44.jpg'}, 'nat': 'MX'}], 'info': {'seed': 'd7e7c38848594d91', 'results': 1, 'page': 1, 'version': '1.4'}}</msg>
<arg>${json_data}</arg>
<doc>Logs the given message with the given level.</doc>
<status status="PASS" start="2024-07-21T20:17:34.283296" elapsed="0.000204"/>
</kw>
<kw name="Should Be Equal As Numbers" owner="BuiltIn">
<arg>${json_data['results'][0]['location']['postcode']}</arg>
<arg>${json_data['results'][0]['location']['postcode']}</arg>
<doc>Fails if objects are unequal after converting them to real numbers.</doc>
<status status="PASS" start="2024-07-21T20:17:34.283794" elapsed="0.000609"/>
</kw>
<kw name="Log" owner="BuiltIn">
<msg time="2024-07-21T20:17:34.284963" level="INFO">13807</msg>
<arg>${json_data['results'][0]['location']['postcode']}</arg>
<doc>Logs the given message with the given level.</doc>
<status status="PASS" start="2024-07-21T20:17:34.284594" elapsed="0.000410"/>
</kw>
<status status="PASS" start="2024-07-21T20:17:34.059198" elapsed="0.226083"/>
</kw>
<doc>Testa se os tipos de dados na resposta da API estão corretos.</doc>
<tag>testeTiposDados</tag>
<status status="PASS" start="2024-07-21T20:17:33.958348" elapsed="0.327090"/>
</test>
<test id="s1-s1-t5" name="Validar conteudo" line="35">
<kw name="Teste de Tipos de Conteudo" owner="random-user-service">
<kw name="GET On Session" owner="RequestsLibrary">
<msg time="2024-07-21T20:17:34.386035" level="INFO">GET Request : url=https://randomuser.me/api 
 path_url=/api 
 headers={'User-Agent': 'python-requests/2.32.3', 'Accept-Encoding': 'gzip, deflate', 'Accept': '*/*', 'Connection': 'keep-alive'} 
 body=None 
 </msg>
<msg time="2024-07-21T20:17:34.386119" level="INFO">GET Response : url=https://randomuser.me/api 
 status=200, reason=OK 
 headers={'Date': 'Sun, 21 Jul 2024 20:17:34 GMT', 'Content-Type': 'application/json; charset=utf-8', 'Transfer-Encoding': 'chunked', 'Connection': 'keep-alive', 'X-Powered-By': 'Express', 'Access-Control-Allow-Origin': '*', 'Cache-Control': 'no-cache', 'ETag': 'W/"492-sVSSdNQp6pUl0QD0bktVd0+u/yM"', 'Vary': 'Accept-Encoding', 'Content-Encoding': 'gzip', 'CF-Cache-Status': 'DYNAMIC', 'Report-To': '{"endpoints":[{"url":"https:\\/\\/a.nel.cloudflare.com\\/report\\/v4?s=nf%2FKgrkPrY%2FOb41DX%2FO8txu37YtPveFio3ba0ir51DFn5WcV3EfI5ShhnJfpdqz4InLvKyldkctpHTwQJ0D0v1Pw6Q%2BEIFcSj48KwApsddupSn8tNvCRocCHWDKhAPDV"}],"group":"cf-nel","max_age":604800}', 'NEL': '{"success_fraction":0,"report_to":"cf-nel","max_age":604800}', 'Server': 'cloudflare', 'CF-RAY': '8a6de00d6c7c6b9b-DFW', 'alt-svc': 'h3=":443"; ma=86400'} 
 body={"results":[{"gender":"female","name":{"title":"Ms","first":"Alida","last":"Hamnes"},"location":{"street":{"number":8407,"name":"Lindebergåsen"},"city":"Farstad","state":"Hordaland","country":"Norway","postcode":"8481","coordinates":{"latitude":"41.6836","longitude":"67.3596"},"timezone":{"offset":"+5:00","description":"Ekaterinburg, Islamabad, Karachi, Tashkent"}},"email":"alida.hamnes@example.com","login":{"uuid":"04cad825-81c7-4e7a-a046-fa64bce2f312","username":"happyzebra689","password":"concorde","salt":"fWD6DN3d","md5":"97ab65be781c2cc8123a704ea14d2c93","sha1":"3d764bfdb5c677592412f4310c28422132b08e25","sha256":"ba22eca34fd21057dcfa9a2b65a55ccfdeb3fd3a0931eaabb6652471364a13eb"},"dob":{"date":"1968-04-18T18:39:28.398Z","age":56},"registered":{"date":"2007-04-19T13:46:30.945Z","age":17},"phone":"78192018","cell":"94492626","id":{"name":"FN","value":"18046823466"},"picture":{"large":"https://randomuser.me/api/portraits/women/71.jpg","medium":"https://randomuser.me/api/portraits/med/women/71.jpg","thumbnail":"https://randomuser.me/api/portraits/thumb/women/71.jpg"},"nat":"NO"}],"info":{"seed":"f5731250788891dc","results":1,"page":1,"version":"1.4"}} 
 </msg>
<msg time="2024-07-21T20:17:34.386195" level="INFO">/opt/hostedtoolcache/Python/3.12.4/x64/lib/python3.12/site-packages/urllib3/connectionpool.py:1099: InsecureRequestWarning: Unverified HTTPS request is being made to host 'randomuser.me'. Adding certificate verification is strongly advised. See: https://urllib3.readthedocs.io/en/latest/advanced-usage.html#tls-warnings
  warnings.warn(</msg>
<msg time="2024-07-21T20:17:34.386309" level="INFO">${response} = &lt;Response [200]&gt;</msg>
<var>${response}</var>
<arg>consultarAPI</arg>
<arg>/api</arg>
<doc>Sends a GET request on a previously created HTTP Session.</doc>
<status status="PASS" start="2024-07-21T20:17:34.288267" elapsed="0.098083"/>
</kw>
<kw name="Set Variable" owner="BuiltIn">
<msg time="2024-07-21T20:17:34.387216" level="INFO">${json_data} = {'results': [{'gender': 'female', 'name': {'title': 'Ms', 'first': 'Alida', 'last': 'Hamnes'}, 'location': {'street': {'number': 8407, 'name': 'Lindebergåsen'}, 'city': 'Farstad', 'state': 'Hordaland'...</msg>
<var>${json_data}</var>
<arg>${response.json()}</arg>
<doc>Returns the given values which can then be assigned to a variables.</doc>
<status status="PASS" start="2024-07-21T20:17:34.386765" elapsed="0.000480"/>
</kw>
<kw name="Set Variable" owner="BuiltIn">
<msg time="2024-07-21T20:17:34.387934" level="INFO">${name_title} = Ms</msg>
<var>${name_title}</var>
<arg>${json_data["results"][0]["name"]["title"]}</arg>
<doc>Returns the given values which can then be assigned to a variables.</doc>
<status status="PASS" start="2024-07-21T20:17:34.387555" elapsed="0.000404"/>
</kw>
<kw name="Create List" owner="BuiltIn">
<msg time="2024-07-21T20:17:34.388397" level="INFO">${allowed_titles} = ['Mr', 'Ms', 'Miss', 'Mrs', 'Madame', 'Monsieur']</msg>
<var>${allowed_titles}</var>
<arg>Mr</arg>
<arg>Ms</arg>
<arg>Miss</arg>
<arg>Mrs</arg>
<arg>Madame</arg>
<arg>Monsieur</arg>
<doc>Returns a list containing given items.</doc>
<status status="PASS" start="2024-07-21T20:17:34.388251" elapsed="0.000171"/>
</kw>
<kw name="List Should Contain Value" owner="Collections">
<arg>${allowed_titles}</arg>
<arg>${name_title}</arg>
<doc>Fails if the ``value`` is not found from ``list``.</doc>
<status status="PASS" start="2024-07-21T20:17:34.388744" elapsed="0.000195"/>
</kw>
<kw name="Set Variable" owner="BuiltIn">
<msg time="2024-07-21T20:17:34.389495" level="INFO">${name_country} = NO</msg>
<var>${name_country}</var>
<arg>${json_data["results"][0]["nat"]}</arg>
<doc>Returns the given values which can then be assigned to a variables.</doc>
<status status="PASS" start="2024-07-21T20:17:34.389124" elapsed="0.000396"/>
</kw>
<kw name="Create List" owner="BuiltIn">
<msg time="2024-07-21T20:17:34.390406" level="INFO">${list_country} = ['AD', 'AE', 'AF', 'AG', 'AI', 'AL', 'AM', 'AO', 'AQ', 'AR', 'AS', 'AT', 'AU', 'AW', 'AX', 'AZ', 'BA', 'BB', 'BD', 'BE', 'BF', 'BG', 'BH', 'BI', 'BJ', 'BL', 'BM', 'BN', 'BO', 'BQ', 'BR', 'BS', 'BT', '...</msg>
<var>${list_country}</var>
<arg>AD</arg>
<arg>AE</arg>
<arg>AF</arg>
<arg>AG</arg>
<arg>AI</arg>
<arg>AL</arg>
<arg>AM</arg>
<arg>AO</arg>
<arg>AQ</arg>
<arg>AR</arg>
<arg>AS</arg>
<arg>AT</arg>
<arg>AU</arg>
<arg>AW</arg>
<arg>AX</arg>
<arg>AZ</arg>
<arg>BA</arg>
<arg>BB</arg>
<arg>BD</arg>
<arg>BE</arg>
<arg>BF</arg>
<arg>BG</arg>
<arg>BH</arg>
<arg>BI</arg>
<arg>BJ</arg>
<arg>BL</arg>
<arg>BM</arg>
<arg>BN</arg>
<arg>BO</arg>
<arg>BQ</arg>
<arg>BR</arg>
<arg>BS</arg>
<arg>BT</arg>
<arg>BV</arg>
<arg>BW</arg>
<arg>BY</arg>
<arg>BZ</arg>
<arg>CA</arg>
<arg>CC</arg>
<arg>CD</arg>
<arg>CF</arg>
<arg>CG</arg>
<arg>CH</arg>
<arg>CI</arg>
<arg>CK</arg>
<arg>CL</arg>
<arg>CM</arg>
<arg>CN</arg>
<arg>CO</arg>
<arg>CR</arg>
<arg>CU</arg>
<arg>CV</arg>
<arg>CW</arg>
<arg>CX</arg>
<arg>CY</arg>
<arg>CZ</arg>
<arg>DE</arg>
<arg>DJ</arg>
<arg>DK</arg>
<arg>DM</arg>
<arg>DO</arg>
<arg>DZ</arg>
<arg>EC</arg>
<arg>EE</arg>
<arg>EG</arg>
<arg>EH</arg>
<arg>ER</arg>
<arg>ES</arg>
<arg>ET</arg>
<arg>FI</arg>
<arg>FJ</arg>
<arg>FK</arg>
<arg>FM</arg>
<arg>FO</arg>
<arg>FR</arg>
<arg>GA</arg>
<arg>GB</arg>
<arg>GD</arg>
<arg>GE</arg>
<arg>GF</arg>
<arg>GG</arg>
<arg>GH</arg>
<arg>GI</arg>
<arg>GL</arg>
<arg>GM</arg>
<arg>GN</arg>
<arg>GP</arg>
<arg>GQ</arg>
<arg>GR</arg>
<arg>GS</arg>
<arg>GT</arg>
<arg>GU</arg>
<arg>GW</arg>
<arg>GY</arg>
<arg>HK</arg>
<arg>HM</arg>
<arg>HN</arg>
<arg>HR</arg>
<arg>HT</arg>
<arg>HU</arg>
<arg>ID</arg>
<arg>IE</arg>
<arg>IL</arg>
<arg>IM</arg>
<arg>IN</arg>
<arg>IO</arg>
<arg>IQ</arg>
<arg>IR</arg>
<arg>IS</arg>
<arg>IT</arg>
<arg>JE</arg>
<arg>JM</arg>
<arg>JO</arg>
<arg>JP</arg>
<arg>KE</arg>
<arg>KG</arg>
<arg>KH</arg>
<arg>KI</arg>
<arg>KM</arg>
<arg>KN</arg>
<arg>KP</arg>
<arg>KR</arg>
<arg>KW</arg>
<arg>KY</arg>
<arg>KZ</arg>
<arg>LA</arg>
<arg>LB</arg>
<arg>LC</arg>
<arg>LI</arg>
<arg>LK</arg>
<arg>LR</arg>
<arg>LS</arg>
<arg>LT</arg>
<arg>LU</arg>
<arg>LV</arg>
<arg>LY</arg>
<arg>MA</arg>
<arg>MC</arg>
<arg>MD</arg>
<arg>ME</arg>
<arg>MF</arg>
<arg>MG</arg>
<arg>MH</arg>
<arg>MK</arg>
<arg>ML</arg>
<arg>MM</arg>
<arg>MN</arg>
<arg>MO</arg>
<arg>MP</arg>
<arg>MQ</arg>
<arg>MR</arg>
<arg>MS</arg>
<arg>MT</arg>
<arg>MU</arg>
<arg>MV</arg>
<arg>MW</arg>
<arg>MX</arg>
<arg>MY</arg>
<arg>MZ</arg>
<arg>NA</arg>
<arg>NC</arg>
<arg>NE</arg>
<arg>NF</arg>
<arg>NG</arg>
<arg>NI</arg>
<arg>NL</arg>
<arg>NO</arg>
<arg>NP</arg>
<arg>NR</arg>
<arg>NU</arg>
<arg>NZ</arg>
<arg>OM</arg>
<arg>PA</arg>
<arg>PE</arg>
<arg>PF</arg>
<arg>PG</arg>
<arg>PH</arg>
<arg>PK</arg>
<arg>PL</arg>
<arg>PM</arg>
<arg>PN</arg>
<arg>PR</arg>
<arg>PS</arg>
<arg>PT</arg>
<arg>PW</arg>
<arg>PY</arg>
<arg>QA</arg>
<arg>RE</arg>
<arg>RO</arg>
<arg>RS</arg>
<arg>RU</arg>
<arg>RW</arg>
<arg>SA</arg>
<arg>SB</arg>
<arg>SC</arg>
<arg>SD</arg>
<arg>SE</arg>
<arg>SG</arg>
<arg>SH</arg>
<arg>SI</arg>
<arg>SJ</arg>
<arg>SK</arg>
<arg>SL</arg>
<arg>SM</arg>
<arg>SN</arg>
<arg>SO</arg>
<arg>SR</arg>
<arg>SS</arg>
<arg>ST</arg>
<arg>SV</arg>
<arg>SX</arg>
<arg>SY</arg>
<arg>SZ</arg>
<arg>TC</arg>
<arg>TD</arg>
<arg>TF</arg>
<arg>TG</arg>
<arg>TH</arg>
<arg>TJ</arg>
<arg>TK</arg>
<arg>TL</arg>
<arg>TM</arg>
<arg>TN</arg>
<arg>TO</arg>
<arg>TR</arg>
<arg>TT</arg>
<arg>TV</arg>
<arg>TW</arg>
<arg>TZ</arg>
<arg>UA</arg>
<arg>UG</arg>
<arg>UM</arg>
<arg>US</arg>
<arg>UY</arg>
<arg>UZ</arg>
<arg>VA</arg>
<arg>VC</arg>
<arg>VE</arg>
<arg>VG</arg>
<arg>VI</arg>
<arg>VN</arg>
<arg>VU</arg>
<arg>WF</arg>
<arg>WS</arg>
<arg>XK</arg>
<arg>YE</arg>
<arg>YT</arg>
<arg>ZA</arg>
<arg>ZM</arg>
<arg>ZW</arg>
<doc>Returns a list containing given items.</doc>
<status status="PASS" start="2024-07-21T20:17:34.389811" elapsed="0.000621"/>
</kw>
<kw name="List Should Contain Value" owner="Collections">
<arg>${list_country}</arg>
<arg>${name_country}</arg>
<doc>Fails if the ``value`` is not found from ``list``.</doc>
<status status="PASS" start="2024-07-21T20:17:34.391359" elapsed="0.000209"/>
</kw>
<kw name="Run Keyword If" owner="BuiltIn">
<kw name="Should Be True" owner="BuiltIn">
<arg>${True}</arg>
<doc>Fails if the given condition is not true.</doc>
<status status="PASS" start="2024-07-21T20:17:34.392500" elapsed="0.000144"/>
</kw>
<arg>${json_data["results"][0]["location"]["coordinates"]["latitude"]} &gt;= -90 and ${json_data["results"][0]["location"]["coordinates"]["latitude"]} &lt;= 90</arg>
<arg>Should Be True</arg>
<arg>${True}</arg>
<doc>Runs the given keyword with the given arguments, if ``condition`` is true.</doc>
<status status="PASS" start="2024-07-21T20:17:34.391763" elapsed="0.001043"/>
</kw>
<kw name="Run Keyword If" owner="BuiltIn">
<kw name="Should Be True" owner="BuiltIn">
<arg>${True}</arg>
<doc>Fails if the given condition is not true.</doc>
<status status="PASS" start="2024-07-21T20:17:34.393679" elapsed="0.000139"/>
</kw>
<arg>${json_data["results"][0]["location"]["coordinates"]["longitude"]} &gt;= -180 and ${json_data["results"][0]["location"]["coordinates"]["longitude"]} &lt;= 180</arg>
<arg>Should Be True</arg>
<arg>${True}</arg>
<doc>Runs the given keyword with the given arguments, if ``condition`` is true.</doc>
<status status="PASS" start="2024-07-21T20:17:34.392992" elapsed="0.000952"/>
</kw>
<status status="PASS" start="2024-07-21T20:17:34.287909" elapsed="0.106163"/>
</kw>
<doc>Testa o conteúdo específico dos campos retornados pela API.</doc>
<tag>testeConteudo</tag>
<status status="PASS" start="2024-07-21T20:17:34.287263" elapsed="0.106950"/>
</test>
<status status="PASS" start="2024-07-21T20:17:33.192015" elapsed="1.204104"/>
</suite>
<status status="PASS" start="2024-07-21T20:17:33.177556" elapsed="1.223711"/>
</suite>
<statistics>
<total>
<stat pass="5" fail="0" skip="0">All Tests</stat>
</total>
<tag>
<stat pass="1" fail="0" skip="0">testeConteudo</stat>
<stat pass="1" fail="0" skip="0">testeEstruturaResposta</stat>
<stat pass="1" fail="0" skip="0">testeRequisicaoBasica</stat>
<stat pass="1" fail="0" skip="0">testeTiposDados</stat>
</tag>
<suite>
<stat pass="5" fail="0" skip="0" id="s1" name="Tests">Tests</stat>
<stat pass="5" fail="0" skip="0" id="s1-s1" name="Random-User-Test">Tests.Random-User-Test</stat>
</suite>
</statistics>
<errors>
</errors>
</robot>
