<?xml version="1.0" encoding="UTF-8"?>
<robot generator="Robot 7.0.1 (Python 3.12.4 on linux)" generated="2024-07-19T06:21:21.541296" rpa="false" schemaversion="5">
<suite id="s1" name="Tests" source="/home/runner/work/ApiRandomUser/ApiRandomUser/RamdonUser/tests">
<suite id="s1-s1" name="Random-User-Test" source="/home/runner/work/ApiRandomUser/ApiRandomUser/RamdonUser/tests/random-user-test.robot">
<test id="s1-s1-t1" name="Conectar" line="13">
<kw name="Conectar API" owner="random-user-service">
<kw name="Create Session" owner="RequestsLibrary">
<msg time="2024-07-19T06:21:21.990518" level="INFO">Creating Session using : alias=consultarAPI, url=https://randomuser.me/, headers={},                     cookies={}, auth=None, timeout=None, proxies=None, verify=False,                     debug=0 </msg>
<arg>consultarAPI</arg>
<arg>${URL}</arg>
<doc>Create Session: create a HTTP session to a server</doc>
<status status="PASS" start="2024-07-19T06:21:21.990319" elapsed="0.000389"/>
</kw>
<status status="PASS" start="2024-07-19T06:21:21.989274" elapsed="0.001801"/>
</kw>
<status status="PASS" start="2024-07-19T06:21:21.988641" elapsed="0.002629"/>
</test>
<test id="s1-s1-t2" name="Validar retorno 200 e JSON Válido" line="16">
<kw name="Teste de Requisicao Basica" owner="random-user-service">
<kw name="GET On Session" owner="RequestsLibrary">
<msg time="2024-07-19T06:21:22.391987" level="INFO">GET Request : url=https://randomuser.me/api 
 path_url=/api 
 headers={'User-Agent': 'python-requests/2.32.3', 'Accept-Encoding': 'gzip, deflate', 'Accept': '*/*', 'Connection': 'keep-alive'} 
 body=None 
 </msg>
<msg time="2024-07-19T06:21:22.392151" level="INFO">GET Response : url=https://randomuser.me/api 
 status=200, reason=OK 
 headers={'Date': 'Fri, 19 Jul 2024 06:21:22 GMT', 'Content-Type': 'application/json; charset=utf-8', 'Transfer-Encoding': 'chunked', 'Connection': 'keep-alive', 'X-Powered-By': 'Express', 'Access-Control-Allow-Origin': '*', 'Cache-Control': 'no-cache', 'ETag': 'W/"46b-aR+89PpNKd5SiHWJwMFzWpYxAfg"', 'Vary': 'Accept-Encoding', 'Content-Encoding': 'gzip', 'CF-Cache-Status': 'DYNAMIC', 'Report-To': '{"endpoints":[{"url":"https:\\/\\/a.nel.cloudflare.com\\/report\\/v4?s=dr4O6RX4I3f4S%2BDdIBWVLrnPcJ4cLCVDuCdWkSmgJvvUpeQxbf5CRnRf3Nd1UV%2BIMsgwxykEmb4%2BZLSpqjOCA2eyHK5QM6u%2F0SMqq2G92M605jkZeesFZRxgk6Uh75cA"}],"group":"cf-nel","max_age":604800}', 'NEL': '{"success_fraction":0,"report_to":"cf-nel","max_age":604800}', 'Server': 'cloudflare', 'CF-RAY': '8a589c66cc489c2e-IAD', 'alt-svc': 'h3=":443"; ma=86400'} 
 body={"results":[{"gender":"male","name":{"title":"Mr","first":"Odair","last":"da Cruz"},"location":{"street":{"number":6818,"name":"Rua Um"},"city":"Niterói","state":"Paraíba","country":"Brazil","postcode":60305,"coordinates":{"latitude":"-80.6618","longitude":"-172.4113"},"timezone":{"offset":"+4:30","description":"Kabul"}},"email":"odair.dacruz@example.com","login":{"uuid":"b3aae988-8644-44e5-9720-b6e6c7e8b8e8","username":"bluebird752","password":"isabel","salt":"Hyrtq3uY","md5":"9f90b8e81f560dc9ff8a70a24d7222ac","sha1":"111a600099d8c08eb57e78ba2f9175bbb8363e87","sha256":"6698fd794977d6ed94dc601476c5539142f567049dec05fbeae4e19fbfa89081"},"dob":{"date":"1966-06-19T02:19:32.760Z","age":58},"registered":{"date":"2020-05-28T15:51:15.350Z","age":4},"phone":"(84) 9575-8548","cell":"(91) 7909-2085","id":{"name":"CPF","value":"407.139.415-82"},"picture":{"large":"https://randomuser.me/api/portraits/men/41.jpg","medium":"https://randomuser.me/api/portraits/med/men/41.jpg","thumbnail":"https://randomuser.me/api/portraits/thumb/men/41.jpg"},"nat":"BR"}],"info":{"seed":"d506b12dced18da9","results":1,"page":1,"version":"1.4"}} 
 </msg>
<msg time="2024-07-19T06:21:22.392234" level="INFO">/opt/hostedtoolcache/Python/3.12.4/x64/lib/python3.12/site-packages/urllib3/connectionpool.py:1099: InsecureRequestWarning: Unverified HTTPS request is being made to host 'randomuser.me'. Adding certificate verification is strongly advised. See: https://urllib3.readthedocs.io/en/latest/advanced-usage.html#tls-warnings
  warnings.warn(</msg>
<msg time="2024-07-19T06:21:22.392377" level="INFO">${response} = &lt;Response [200]&gt;</msg>
<var>${response}</var>
<arg>consultarAPI</arg>
<arg>/api</arg>
<doc>Sends a GET request on a previously created HTTP Session.</doc>
<status status="PASS" start="2024-07-19T06:21:21.993958" elapsed="0.398462"/>
</kw>
<kw name="Should Be Equal As Numbers" owner="BuiltIn">
<msg time="2024-07-19T06:21:22.393596" level="INFO">Argument types are:
&lt;class 'int'&gt;
&lt;class 'str'&gt;</msg>
<arg>${response.status_code}</arg>
<arg>200</arg>
<doc>Fails if objects are unequal after converting them to real numbers.</doc>
<status status="PASS" start="2024-07-19T06:21:22.393090" elapsed="0.000573"/>
</kw>
<kw name="Log" owner="BuiltIn">
<msg time="2024-07-19T06:21:22.394349" level="INFO">200</msg>
<arg>${response.status_code}</arg>
<doc>Logs the given message with the given level.</doc>
<status status="PASS" start="2024-07-19T06:21:22.393988" elapsed="0.000405"/>
</kw>
<kw name="Set Variable" owner="BuiltIn">
<msg time="2024-07-19T06:21:22.395154" level="INFO">${json_data} = {'results': [{'gender': 'male', 'name': {'title': 'Mr', 'first': 'Odair', 'last': 'da Cruz'}, 'location': {'street': {'number': 6818, 'name': 'Rua Um'}, 'city': 'Niterói', 'state': 'Paraíba', 'country...</msg>
<var>${json_data}</var>
<arg>${response.json()}</arg>
<doc>Returns the given values which can then be assigned to a variables.</doc>
<status status="PASS" start="2024-07-19T06:21:22.394701" elapsed="0.000483"/>
</kw>
<kw name="Dictionary Should Contain Key" owner="Collections">
<arg>${json_data}</arg>
<arg>results</arg>
<doc>Fails if ``key`` is not found from ``dictionary``.</doc>
<status status="PASS" start="2024-07-19T06:21:22.395486" elapsed="0.000327"/>
</kw>
<status status="PASS" start="2024-07-19T06:21:21.993717" elapsed="0.402252"/>
</kw>
<doc>Testa se a API responde corretamente e retorna um objeto JSON válido.</doc>
<tag>testeRequisicaoBasica</tag>
<status status="PASS" start="2024-07-19T06:21:21.993193" elapsed="0.402951"/>
</test>
<test id="s1-s1-t3" name="Validar estrutura de resposta" line="22">
<kw name="Teste de Estrutura de Resposta" owner="random-user-service">
<kw name="GET On Session" owner="RequestsLibrary">
<msg time="2024-07-19T06:21:22.487930" level="INFO">GET Request : url=https://randomuser.me/api 
 path_url=/api 
 headers={'User-Agent': 'python-requests/2.32.3', 'Accept-Encoding': 'gzip, deflate', 'Accept': '*/*', 'Connection': 'keep-alive'} 
 body=None 
 </msg>
<msg time="2024-07-19T06:21:22.488026" level="INFO">GET Response : url=https://randomuser.me/api 
 status=200, reason=OK 
 headers={'Date': 'Fri, 19 Jul 2024 06:21:22 GMT', 'Content-Type': 'application/json; charset=utf-8', 'Transfer-Encoding': 'chunked', 'Connection': 'keep-alive', 'X-Powered-By': 'Express', 'Access-Control-Allow-Origin': '*', 'Cache-Control': 'no-cache', 'ETag': 'W/"474-UoRFCmslPx1XNxXKeGg22vMobq8"', 'Vary': 'Accept-Encoding', 'Content-Encoding': 'gzip', 'CF-Cache-Status': 'DYNAMIC', 'Report-To': '{"endpoints":[{"url":"https:\\/\\/a.nel.cloudflare.com\\/report\\/v4?s=WJ2dbMfGaMKg87LnqSigbeYxrJqf17X0Hj%2FcQauWwp%2BcANTUedLOyXakocDgE8smGSKvQRryfE4Bi4AN9cOr226exaBxHOaoWVNioL8IVkQFBwAOIbqGrx8ikm3L2HnV"}],"group":"cf-nel","max_age":604800}', 'NEL': '{"success_fraction":0,"report_to":"cf-nel","max_age":604800}', 'Server': 'cloudflare', 'CF-RAY': '8a589c670c8d9c2e-IAD', 'alt-svc': 'h3=":443"; ma=86400'} 
 body={"results":[{"gender":"male","name":{"title":"Mr","first":"Jo","last":"Parveen"},"location":{"street":{"number":4643,"name":"Kryssveien"},"city":"Tana Bru","state":"Aust-Agder","country":"Norway","postcode":"8766","coordinates":{"latitude":"42.1645","longitude":"-143.8521"},"timezone":{"offset":"-1:00","description":"Azores, Cape Verde Islands"}},"email":"jo.parveen@example.com","login":{"uuid":"6a677d13-cc1c-4c68-8f4d-e1512bb8a6b7","username":"brownswan908","password":"voyager","salt":"XUeWVxIG","md5":"dd4ccd482e3bebc5e8c6ec6c77a822e6","sha1":"71aa4c3fea43895e1eb90546b11d0ab36275f5c4","sha256":"ae6e10a0d2eb4362a2fc9cf5822129f8d686dbf90ddfef2a466c1246f0cf1950"},"dob":{"date":"1951-09-18T04:16:07.451Z","age":72},"registered":{"date":"2008-10-17T16:53:20.900Z","age":15},"phone":"27756474","cell":"40874919","id":{"name":"FN","value":"18095134137"},"picture":{"large":"https://randomuser.me/api/portraits/men/10.jpg","medium":"https://randomuser.me/api/portraits/med/men/10.jpg","thumbnail":"https://randomuser.me/api/portraits/thumb/men/10.jpg"},"nat":"NO"}],"info":{"seed":"c5c58218104f3487","results":1,"page":1,"version":"1.4"}} 
 </msg>
<msg time="2024-07-19T06:21:22.488146" level="INFO">/opt/hostedtoolcache/Python/3.12.4/x64/lib/python3.12/site-packages/urllib3/connectionpool.py:1099: InsecureRequestWarning: Unverified HTTPS request is being made to host 'randomuser.me'. Adding certificate verification is strongly advised. See: https://urllib3.readthedocs.io/en/latest/advanced-usage.html#tls-warnings
  warnings.warn(</msg>
<msg time="2024-07-19T06:21:22.488272" level="INFO">${response} = &lt;Response [200]&gt;</msg>
<var>${response}</var>
<arg>consultarAPI</arg>
<arg>/api</arg>
<doc>Sends a GET request on a previously created HTTP Session.</doc>
<status status="PASS" start="2024-07-19T06:21:22.398907" elapsed="0.089407"/>
</kw>
<kw name="Set Variable" owner="BuiltIn">
<msg time="2024-07-19T06:21:22.489500" level="INFO">${json_data} = {'results': [{'gender': 'male', 'name': {'title': 'Mr', 'first': 'Jo', 'last': 'Parveen'}, 'location': {'street': {'number': 4643, 'name': 'Kryssveien'}, 'city': 'Tana Bru', 'state': 'Aust-Agder', 'co...</msg>
<var>${json_data}</var>
<arg>${response.json()}</arg>
<doc>Returns the given values which can then be assigned to a variables.</doc>
<status status="PASS" start="2024-07-19T06:21:22.488942" elapsed="0.000587"/>
</kw>
<kw name="Log" owner="BuiltIn">
<msg time="2024-07-19T06:21:22.490004" level="INFO">{'results': [{'gender': 'male', 'name': {'title': 'Mr', 'first': 'Jo', 'last': 'Parveen'}, 'location': {'street': {'number': 4643, 'name': 'Kryssveien'}, 'city': 'Tana Bru', 'state': 'Aust-Agder', 'country': 'Norway', 'postcode': '8766', 'coordinates': {'latitude': '42.1645', 'longitude': '-143.8521'}, 'timezone': {'offset': '-1:00', 'description': 'Azores, Cape Verde Islands'}}, 'email': 'jo.parveen@example.com', 'login': {'uuid': '6a677d13-cc1c-4c68-8f4d-e1512bb8a6b7', 'username': 'brownswan908', 'password': 'voyager', 'salt': 'XUeWVxIG', 'md5': 'dd4ccd482e3bebc5e8c6ec6c77a822e6', 'sha1': '71aa4c3fea43895e1eb90546b11d0ab36275f5c4', 'sha256': 'ae6e10a0d2eb4362a2fc9cf5822129f8d686dbf90ddfef2a466c1246f0cf1950'}, 'dob': {'date': '1951-09-18T04:16:07.451Z', 'age': 72}, 'registered': {'date': '2008-10-17T16:53:20.900Z', 'age': 15}, 'phone': '27756474', 'cell': '40874919', 'id': {'name': 'FN', 'value': '18095134137'}, 'picture': {'large': 'https://randomuser.me/api/portraits/men/10.jpg', 'medium': 'https://randomuser.me/api/portraits/med/men/10.jpg', 'thumbnail': 'https://randomuser.me/api/portraits/thumb/men/10.jpg'}, 'nat': 'NO'}], 'info': {'seed': 'c5c58218104f3487', 'results': 1, 'page': 1, 'version': '1.4'}}</msg>
<arg>${json_data}</arg>
<doc>Logs the given message with the given level.</doc>
<status status="PASS" start="2024-07-19T06:21:22.489841" elapsed="0.000212"/>
</kw>
<kw name="Dictionary Should Contain Key" owner="Collections">
<arg>${json_data}</arg>
<arg>results</arg>
<doc>Fails if ``key`` is not found from ``dictionary``.</doc>
<status status="PASS" start="2024-07-19T06:21:22.490342" elapsed="0.000160"/>
</kw>
<kw name="Should Not Be Empty" owner="BuiltIn">
<msg time="2024-07-19T06:21:22.490816" level="INFO">Length is 2.</msg>
<arg>${json_data}</arg>
<doc>Verifies that the given item is not empty.</doc>
<status status="PASS" start="2024-07-19T06:21:22.490686" elapsed="0.000169"/>
</kw>
<kw name="Create List" owner="BuiltIn">
<msg time="2024-07-19T06:21:22.491291" level="INFO">${expected_keys} = ['gender', 'name', 'location', 'email', 'login']</msg>
<var>${expected_keys}</var>
<arg>gender</arg>
<arg>name</arg>
<arg>location</arg>
<arg>email</arg>
<arg>login</arg>
<doc>Returns a list containing given items.</doc>
<status status="PASS" start="2024-07-19T06:21:22.491139" elapsed="0.000176"/>
</kw>
<for flavor="IN">
<iter>
<kw name="Dictionary Should Contain Key" owner="Collections">
<arg>${json_data['results'][0]}</arg>
<arg>${key}</arg>
<doc>Fails if ``key`` is not found from ``dictionary``.</doc>
<status status="PASS" start="2024-07-19T06:21:22.491898" elapsed="0.000410"/>
</kw>
<kw name="Log" owner="BuiltIn">
<msg time="2024-07-19T06:21:22.492869" level="INFO">{'gender': 'male', 'name': {'title': 'Mr', 'first': 'Jo', 'last': 'Parveen'}, 'location': {'street': {'number': 4643, 'name': 'Kryssveien'}, 'city': 'Tana Bru', 'state': 'Aust-Agder', 'country': 'Norway', 'postcode': '8766', 'coordinates': {'latitude': '42.1645', 'longitude': '-143.8521'}, 'timezone': {'offset': '-1:00', 'description': 'Azores, Cape Verde Islands'}}, 'email': 'jo.parveen@example.com', 'login': {'uuid': '6a677d13-cc1c-4c68-8f4d-e1512bb8a6b7', 'username': 'brownswan908', 'password': 'voyager', 'salt': 'XUeWVxIG', 'md5': 'dd4ccd482e3bebc5e8c6ec6c77a822e6', 'sha1': '71aa4c3fea43895e1eb90546b11d0ab36275f5c4', 'sha256': 'ae6e10a0d2eb4362a2fc9cf5822129f8d686dbf90ddfef2a466c1246f0cf1950'}, 'dob': {'date': '1951-09-18T04:16:07.451Z', 'age': 72}, 'registered': {'date': '2008-10-17T16:53:20.900Z', 'age': 15}, 'phone': '27756474', 'cell': '40874919', 'id': {'name': 'FN', 'value': '18095134137'}, 'picture': {'large': 'https://randomuser.me/api/portraits/men/10.jpg', 'medium': 'https://randomuser.me/api/portraits/med/men/10.jpg', 'thumbnail': 'https://randomuser.me/api/portraits/thumb/men/10.jpg'}, 'nat': 'NO'}</msg>
<arg>${json_data['results'][0]}</arg>
<doc>Logs the given message with the given level.</doc>
<status status="PASS" start="2024-07-19T06:21:22.492491" elapsed="0.000428"/>
</kw>
<kw name="Log" owner="BuiltIn">
<msg time="2024-07-19T06:21:22.493352" level="INFO">gender</msg>
<arg>${key}</arg>
<doc>Logs the given message with the given level.</doc>
<status status="PASS" start="2024-07-19T06:21:22.493224" elapsed="0.000167"/>
</kw>
<var name="${key}">gender</var>
<status status="PASS" start="2024-07-19T06:21:22.491766" elapsed="0.001838"/>
</iter>
<iter>
<kw name="Dictionary Should Contain Key" owner="Collections">
<arg>${json_data['results'][0]}</arg>
<arg>${key}</arg>
<doc>Fails if ``key`` is not found from ``dictionary``.</doc>
<status status="PASS" start="2024-07-19T06:21:22.493899" elapsed="0.000376"/>
</kw>
<kw name="Log" owner="BuiltIn">
<msg time="2024-07-19T06:21:22.494810" level="INFO">{'gender': 'male', 'name': {'title': 'Mr', 'first': 'Jo', 'last': 'Parveen'}, 'location': {'street': {'number': 4643, 'name': 'Kryssveien'}, 'city': 'Tana Bru', 'state': 'Aust-Agder', 'country': 'Norway', 'postcode': '8766', 'coordinates': {'latitude': '42.1645', 'longitude': '-143.8521'}, 'timezone': {'offset': '-1:00', 'description': 'Azores, Cape Verde Islands'}}, 'email': 'jo.parveen@example.com', 'login': {'uuid': '6a677d13-cc1c-4c68-8f4d-e1512bb8a6b7', 'username': 'brownswan908', 'password': 'voyager', 'salt': 'XUeWVxIG', 'md5': 'dd4ccd482e3bebc5e8c6ec6c77a822e6', 'sha1': '71aa4c3fea43895e1eb90546b11d0ab36275f5c4', 'sha256': 'ae6e10a0d2eb4362a2fc9cf5822129f8d686dbf90ddfef2a466c1246f0cf1950'}, 'dob': {'date': '1951-09-18T04:16:07.451Z', 'age': 72}, 'registered': {'date': '2008-10-17T16:53:20.900Z', 'age': 15}, 'phone': '27756474', 'cell': '40874919', 'id': {'name': 'FN', 'value': '18095134137'}, 'picture': {'large': 'https://randomuser.me/api/portraits/men/10.jpg', 'medium': 'https://randomuser.me/api/portraits/med/men/10.jpg', 'thumbnail': 'https://randomuser.me/api/portraits/thumb/men/10.jpg'}, 'nat': 'NO'}</msg>
<arg>${json_data['results'][0]}</arg>
<doc>Logs the given message with the given level.</doc>
<status status="PASS" start="2024-07-19T06:21:22.494455" elapsed="0.000436"/>
</kw>
<kw name="Log" owner="BuiltIn">
<msg time="2024-07-19T06:21:22.495311" level="INFO">name</msg>
<arg>${key}</arg>
<doc>Logs the given message with the given level.</doc>
<status status="PASS" start="2024-07-19T06:21:22.495185" elapsed="0.000164"/>
</kw>
<var name="${key}">name</var>
<status status="PASS" start="2024-07-19T06:21:22.493788" elapsed="0.001772"/>
</iter>
<iter>
<kw name="Dictionary Should Contain Key" owner="Collections">
<arg>${json_data['results'][0]}</arg>
<arg>${key}</arg>
<doc>Fails if ``key`` is not found from ``dictionary``.</doc>
<status status="PASS" start="2024-07-19T06:21:22.495843" elapsed="0.000378"/>
</kw>
<kw name="Log" owner="BuiltIn">
<msg time="2024-07-19T06:21:22.496760" level="INFO">{'gender': 'male', 'name': {'title': 'Mr', 'first': 'Jo', 'last': 'Parveen'}, 'location': {'street': {'number': 4643, 'name': 'Kryssveien'}, 'city': 'Tana Bru', 'state': 'Aust-Agder', 'country': 'Norway', 'postcode': '8766', 'coordinates': {'latitude': '42.1645', 'longitude': '-143.8521'}, 'timezone': {'offset': '-1:00', 'description': 'Azores, Cape Verde Islands'}}, 'email': 'jo.parveen@example.com', 'login': {'uuid': '6a677d13-cc1c-4c68-8f4d-e1512bb8a6b7', 'username': 'brownswan908', 'password': 'voyager', 'salt': 'XUeWVxIG', 'md5': 'dd4ccd482e3bebc5e8c6ec6c77a822e6', 'sha1': '71aa4c3fea43895e1eb90546b11d0ab36275f5c4', 'sha256': 'ae6e10a0d2eb4362a2fc9cf5822129f8d686dbf90ddfef2a466c1246f0cf1950'}, 'dob': {'date': '1951-09-18T04:16:07.451Z', 'age': 72}, 'registered': {'date': '2008-10-17T16:53:20.900Z', 'age': 15}, 'phone': '27756474', 'cell': '40874919', 'id': {'name': 'FN', 'value': '18095134137'}, 'picture': {'large': 'https://randomuser.me/api/portraits/men/10.jpg', 'medium': 'https://randomuser.me/api/portraits/med/men/10.jpg', 'thumbnail': 'https://randomuser.me/api/portraits/thumb/men/10.jpg'}, 'nat': 'NO'}</msg>
<arg>${json_data['results'][0]}</arg>
<doc>Logs the given message with the given level.</doc>
<status status="PASS" start="2024-07-19T06:21:22.496415" elapsed="0.000423"/>
</kw>
<kw name="Log" owner="BuiltIn">
<msg time="2024-07-19T06:21:22.497277" level="INFO">location</msg>
<arg>${key}</arg>
<doc>Logs the given message with the given level.</doc>
<status status="PASS" start="2024-07-19T06:21:22.497151" elapsed="0.000162"/>
</kw>
<var name="${key}">location</var>
<status status="PASS" start="2024-07-19T06:21:22.495736" elapsed="0.001789"/>
</iter>
<iter>
<kw name="Dictionary Should Contain Key" owner="Collections">
<arg>${json_data['results'][0]}</arg>
<arg>${key}</arg>
<doc>Fails if ``key`` is not found from ``dictionary``.</doc>
<status status="PASS" start="2024-07-19T06:21:22.497809" elapsed="0.000387"/>
</kw>
<kw name="Log" owner="BuiltIn">
<msg time="2024-07-19T06:21:22.498856" level="INFO">{'gender': 'male', 'name': {'title': 'Mr', 'first': 'Jo', 'last': 'Parveen'}, 'location': {'street': {'number': 4643, 'name': 'Kryssveien'}, 'city': 'Tana Bru', 'state': 'Aust-Agder', 'country': 'Norway', 'postcode': '8766', 'coordinates': {'latitude': '42.1645', 'longitude': '-143.8521'}, 'timezone': {'offset': '-1:00', 'description': 'Azores, Cape Verde Islands'}}, 'email': 'jo.parveen@example.com', 'login': {'uuid': '6a677d13-cc1c-4c68-8f4d-e1512bb8a6b7', 'username': 'brownswan908', 'password': 'voyager', 'salt': 'XUeWVxIG', 'md5': 'dd4ccd482e3bebc5e8c6ec6c77a822e6', 'sha1': '71aa4c3fea43895e1eb90546b11d0ab36275f5c4', 'sha256': 'ae6e10a0d2eb4362a2fc9cf5822129f8d686dbf90ddfef2a466c1246f0cf1950'}, 'dob': {'date': '1951-09-18T04:16:07.451Z', 'age': 72}, 'registered': {'date': '2008-10-17T16:53:20.900Z', 'age': 15}, 'phone': '27756474', 'cell': '40874919', 'id': {'name': 'FN', 'value': '18095134137'}, 'picture': {'large': 'https://randomuser.me/api/portraits/men/10.jpg', 'medium': 'https://randomuser.me/api/portraits/med/men/10.jpg', 'thumbnail': 'https://randomuser.me/api/portraits/thumb/men/10.jpg'}, 'nat': 'NO'}</msg>
<arg>${json_data['results'][0]}</arg>
<doc>Logs the given message with the given level.</doc>
<status status="PASS" start="2024-07-19T06:21:22.498504" elapsed="0.000401"/>
</kw>
<kw name="Log" owner="BuiltIn">
<msg time="2024-07-19T06:21:22.499330" level="INFO">email</msg>
<arg>${key}</arg>
<doc>Logs the given message with the given level.</doc>
<status status="PASS" start="2024-07-19T06:21:22.499202" elapsed="0.000166"/>
</kw>
<var name="${key}">email</var>
<status status="PASS" start="2024-07-19T06:21:22.497701" elapsed="0.001880"/>
</iter>
<iter>
<kw name="Dictionary Should Contain Key" owner="Collections">
<arg>${json_data['results'][0]}</arg>
<arg>${key}</arg>
<doc>Fails if ``key`` is not found from ``dictionary``.</doc>
<status status="PASS" start="2024-07-19T06:21:22.499862" elapsed="0.000378"/>
</kw>
<kw name="Log" owner="BuiltIn">
<msg time="2024-07-19T06:21:22.500771" level="INFO">{'gender': 'male', 'name': {'title': 'Mr', 'first': 'Jo', 'last': 'Parveen'}, 'location': {'street': {'number': 4643, 'name': 'Kryssveien'}, 'city': 'Tana Bru', 'state': 'Aust-Agder', 'country': 'Norway', 'postcode': '8766', 'coordinates': {'latitude': '42.1645', 'longitude': '-143.8521'}, 'timezone': {'offset': '-1:00', 'description': 'Azores, Cape Verde Islands'}}, 'email': 'jo.parveen@example.com', 'login': {'uuid': '6a677d13-cc1c-4c68-8f4d-e1512bb8a6b7', 'username': 'brownswan908', 'password': 'voyager', 'salt': 'XUeWVxIG', 'md5': 'dd4ccd482e3bebc5e8c6ec6c77a822e6', 'sha1': '71aa4c3fea43895e1eb90546b11d0ab36275f5c4', 'sha256': 'ae6e10a0d2eb4362a2fc9cf5822129f8d686dbf90ddfef2a466c1246f0cf1950'}, 'dob': {'date': '1951-09-18T04:16:07.451Z', 'age': 72}, 'registered': {'date': '2008-10-17T16:53:20.900Z', 'age': 15}, 'phone': '27756474', 'cell': '40874919', 'id': {'name': 'FN', 'value': '18095134137'}, 'picture': {'large': 'https://randomuser.me/api/portraits/men/10.jpg', 'medium': 'https://randomuser.me/api/portraits/med/men/10.jpg', 'thumbnail': 'https://randomuser.me/api/portraits/thumb/men/10.jpg'}, 'nat': 'NO'}</msg>
<arg>${json_data['results'][0]}</arg>
<doc>Logs the given message with the given level.</doc>
<status status="PASS" start="2024-07-19T06:21:22.500423" elapsed="0.000458"/>
</kw>
<kw name="Log" owner="BuiltIn">
<msg time="2024-07-19T06:21:22.501320" level="INFO">login</msg>
<arg>${key}</arg>
<doc>Logs the given message with the given level.</doc>
<status status="PASS" start="2024-07-19T06:21:22.501194" elapsed="0.000167"/>
</kw>
<var name="${key}">login</var>
<status status="PASS" start="2024-07-19T06:21:22.499753" elapsed="0.001830"/>
</iter>
<var>${key}</var>
<value>@{expected_keys}</value>
<status status="PASS" start="2024-07-19T06:21:22.491576" elapsed="0.010130"/>
</for>
<kw name="Create List" owner="BuiltIn">
<msg time="2024-07-19T06:21:22.502044" level="INFO">${expected_keysTwo} = ['username', 'password']</msg>
<var>${expected_keysTwo}</var>
<arg>username</arg>
<arg>password</arg>
<doc>Returns a list containing given items.</doc>
<status status="PASS" start="2024-07-19T06:21:22.501904" elapsed="0.000164"/>
</kw>
<for flavor="IN">
<iter>
<kw name="Dictionary Should Contain Key" owner="Collections">
<arg>${json_data['results'][0]['login']}</arg>
<arg>${keyTwo}</arg>
<doc>Fails if ``key`` is not found from ``dictionary``.</doc>
<status status="PASS" start="2024-07-19T06:21:22.502594" elapsed="0.000403"/>
</kw>
<kw name="Dictionary Should Contain Key" owner="Collections">
<arg>${json_data['results'][0]['login']}</arg>
<arg>${keyTwo}</arg>
<doc>Fails if ``key`` is not found from ``dictionary``.</doc>
<status status="PASS" start="2024-07-19T06:21:22.503180" elapsed="0.000385"/>
</kw>
<kw name="Log" owner="BuiltIn">
<msg time="2024-07-19T06:21:22.503861" level="INFO">username</msg>
<arg>${keyTwo}</arg>
<doc>Logs the given message with the given level.</doc>
<status status="PASS" start="2024-07-19T06:21:22.503742" elapsed="0.000156"/>
</kw>
<var name="${keyTwo}">username</var>
<status status="PASS" start="2024-07-19T06:21:22.502487" elapsed="0.001631"/>
</iter>
<iter>
<kw name="Dictionary Should Contain Key" owner="Collections">
<arg>${json_data['results'][0]['login']}</arg>
<arg>${keyTwo}</arg>
<doc>Fails if ``key`` is not found from ``dictionary``.</doc>
<status status="PASS" start="2024-07-19T06:21:22.504410" elapsed="0.000378"/>
</kw>
<kw name="Dictionary Should Contain Key" owner="Collections">
<arg>${json_data['results'][0]['login']}</arg>
<arg>${keyTwo}</arg>
<doc>Fails if ``key`` is not found from ``dictionary``.</doc>
<status status="PASS" start="2024-07-19T06:21:22.505018" elapsed="0.000372"/>
</kw>
<kw name="Log" owner="BuiltIn">
<msg time="2024-07-19T06:21:22.505693" level="INFO">password</msg>
<arg>${keyTwo}</arg>
<doc>Logs the given message with the given level.</doc>
<status status="PASS" start="2024-07-19T06:21:22.505567" elapsed="0.000165"/>
</kw>
<var name="${keyTwo}">password</var>
<status status="PASS" start="2024-07-19T06:21:22.504291" elapsed="0.001670"/>
</iter>
<var>${keyTwo}</var>
<value>@{expected_keysTwo}</value>
<status status="PASS" start="2024-07-19T06:21:22.502334" elapsed="0.003749"/>
</for>
<status status="PASS" start="2024-07-19T06:21:22.398667" elapsed="0.107555"/>
</kw>
<doc>Testa a estrutura da resposta da API.</doc>
<tag>testeEstruturaResposta</tag>
<status status="PASS" start="2024-07-19T06:21:22.398058" elapsed="0.108319"/>
</test>
<test id="s1-s1-t4" name="Validar tipos de dados" line="28">
<kw name="Teste de Tipos de Dados" owner="random-user-service">
<kw name="GET On Session" owner="RequestsLibrary">
<msg time="2024-07-19T06:21:22.589726" level="INFO">GET Request : url=https://randomuser.me/api 
 path_url=/api 
 headers={'User-Agent': 'python-requests/2.32.3', 'Accept-Encoding': 'gzip, deflate', 'Accept': '*/*', 'Connection': 'keep-alive'} 
 body=None 
 </msg>
<msg time="2024-07-19T06:21:22.589821" level="INFO">GET Response : url=https://randomuser.me/api 
 status=200, reason=OK 
 headers={'Date': 'Fri, 19 Jul 2024 06:21:22 GMT', 'Content-Type': 'application/json; charset=utf-8', 'Transfer-Encoding': 'chunked', 'Connection': 'keep-alive', 'X-Powered-By': 'Express', 'Access-Control-Allow-Origin': '*', 'Cache-Control': 'no-cache', 'ETag': 'W/"4a8-eQ7tWbTzeZ1F0DA8hfhLWZgeqJY"', 'Vary': 'Accept-Encoding', 'Content-Encoding': 'gzip', 'CF-Cache-Status': 'DYNAMIC', 'Report-To': '{"endpoints":[{"url":"https:\\/\\/a.nel.cloudflare.com\\/report\\/v4?s=IeQnISohIcLSYYMMK%2BeSqW1ej%2ByoMEMTN%2F%2FYBheifkfduMfpza0NdfJIiSh04DHeAiUPIKGIWjFomHkJ1uXYyaY47FZTF6KjGnJYpeQer1wXBlV3vRnI0vyDg8Qzr8mu"}],"group":"cf-nel","max_age":604800}', 'NEL': '{"success_fraction":0,"report_to":"cf-nel","max_age":604800}', 'Server': 'cloudflare', 'CF-RAY': '8a589c67bd149c2e-IAD', 'alt-svc': 'h3=":443"; ma=86400'} 
 body={"results":[{"gender":"male","name":{"title":"Mr","first":"Gabriel","last":"Garza"},"location":{"street":{"number":6875,"name":"New Street"},"city":"Carlisle","state":"County Fermanagh","country":"United Kingdom","postcode":"K2B 5RD","coordinates":{"latitude":"-5.8876","longitude":"-170.5525"},"timezone":{"offset":"-6:00","description":"Central Time (US &amp; Canada), Mexico City"}},"email":"gabriel.garza@example.com","login":{"uuid":"543b7234-9c75-4368-80c1-e103bfb78b53","username":"silverbird902","password":"272727","salt":"MUEwlyFY","md5":"f5567a0bb9c64afd1f97eefb53f0585d","sha1":"0f302f03e88b63e7cdd545374fede45c1cd3cef1","sha256":"59ddcb49ebdc1e6b80ba4489850cda6ea7b757291e8bbf3f0cb06fb2310eba41"},"dob":{"date":"1950-05-07T17:01:45.992Z","age":74},"registered":{"date":"2002-07-20T22:34:06.695Z","age":21},"phone":"0114128 787 9168","cell":"07077 946079","id":{"name":"NINO","value":"PK 68 05 73 D"},"picture":{"large":"https://randomuser.me/api/portraits/men/23.jpg","medium":"https://randomuser.me/api/portraits/med/men/23.jpg","thumbnail":"https://randomuser.me/api/portraits/thumb/men/23.jpg"},"nat":"GB"}],"info":{"seed":"df6b176cc1a7bdc5","results":1,"page":1,"version":"1.4"}} 
 </msg>
<msg time="2024-07-19T06:21:22.589899" level="INFO">/opt/hostedtoolcache/Python/3.12.4/x64/lib/python3.12/site-packages/urllib3/connectionpool.py:1099: InsecureRequestWarning: Unverified HTTPS request is being made to host 'randomuser.me'. Adding certificate verification is strongly advised. See: https://urllib3.readthedocs.io/en/latest/advanced-usage.html#tls-warnings
  warnings.warn(</msg>
<msg time="2024-07-19T06:21:22.590030" level="INFO">${response} = &lt;Response [200]&gt;</msg>
<var>${response}</var>
<arg>consultarAPI</arg>
<arg>/api</arg>
<doc>Sends a GET request on a previously created HTTP Session.</doc>
<status status="PASS" start="2024-07-19T06:21:22.508964" elapsed="0.081116"/>
</kw>
<kw name="Set Variable" owner="BuiltIn">
<msg time="2024-07-19T06:21:22.591282" level="INFO">${json_data} = {'results': [{'gender': 'male', 'name': {'title': 'Mr', 'first': 'Gabriel', 'last': 'Garza'}, 'location': {'street': {'number': 6875, 'name': 'New Street'}, 'city': 'Carlisle', 'state': 'County Ferman...</msg>
<var>${json_data}</var>
<arg>${response.json()}</arg>
<doc>Returns the given values which can then be assigned to a variables.</doc>
<status status="PASS" start="2024-07-19T06:21:22.590687" elapsed="0.000625"/>
</kw>
<kw name="Log" owner="BuiltIn">
<msg time="2024-07-19T06:21:22.591815" level="INFO">{'results': [{'gender': 'male', 'name': {'title': 'Mr', 'first': 'Gabriel', 'last': 'Garza'}, 'location': {'street': {'number': 6875, 'name': 'New Street'}, 'city': 'Carlisle', 'state': 'County Fermanagh', 'country': 'United Kingdom', 'postcode': 'K2B 5RD', 'coordinates': {'latitude': '-5.8876', 'longitude': '-170.5525'}, 'timezone': {'offset': '-6:00', 'description': 'Central Time (US &amp; Canada), Mexico City'}}, 'email': 'gabriel.garza@example.com', 'login': {'uuid': '543b7234-9c75-4368-80c1-e103bfb78b53', 'username': 'silverbird902', 'password': '272727', 'salt': 'MUEwlyFY', 'md5': 'f5567a0bb9c64afd1f97eefb53f0585d', 'sha1': '0f302f03e88b63e7cdd545374fede45c1cd3cef1', 'sha256': '59ddcb49ebdc1e6b80ba4489850cda6ea7b757291e8bbf3f0cb06fb2310eba41'}, 'dob': {'date': '1950-05-07T17:01:45.992Z', 'age': 74}, 'registered': {'date': '2002-07-20T22:34:06.695Z', 'age': 21}, 'phone': '0114128 787 9168', 'cell': '07077 946079', 'id': {'name': 'NINO', 'value': 'PK 68 05 73 D'}, 'picture': {'large': 'https://randomuser.me/api/portraits/men/23.jpg', 'medium': 'https://randomuser.me/api/portraits/med/men/23.jpg', 'thumbnail': 'https://randomuser.me/api/portraits/thumb/men/23.jpg'}, 'nat': 'GB'}], 'info': {'seed': 'df6b176cc1a7bdc5', 'results': 1, 'page': 1, 'version': '1.4'}}</msg>
<arg>${json_data}</arg>
<doc>Logs the given message with the given level.</doc>
<status status="PASS" start="2024-07-19T06:21:22.591650" elapsed="0.000216"/>
</kw>
<kw name="Should Be String" owner="String">
<arg>${json_data['results'][0]['gender']}</arg>
<doc>Fails if the given ``item`` is not a string.</doc>
<status status="PASS" start="2024-07-19T06:21:22.592166" elapsed="0.000378"/>
</kw>
<kw name="Should Match Regexp" owner="BuiltIn">
<arg>${json_data['results'][0]['email']}</arg>
<arg>^[a-zA-Z0-9._%+-]+@[a-zA-Z0-9.-]+\.[a-zA-Z]{2,}$</arg>
<doc>Fails if ``string`` does not match ``pattern`` as a regular expression.</doc>
<status status="PASS" start="2024-07-19T06:21:22.592733" elapsed="0.000582"/>
</kw>
<kw name="Should Match Regexp" owner="BuiltIn">
<arg>${json_data['results'][0]['dob']['date']}</arg>
<arg>\\d{4}-\\d{2}-\\d{2}T\\d{2}:\\d{2}:\\d{2}\\.\\d{3}Z</arg>
<doc>Fails if ``string`` does not match ``pattern`` as a regular expression.</doc>
<status status="PASS" start="2024-07-19T06:21:22.593555" elapsed="0.000643"/>
</kw>
<kw name="Should Match Regexp" owner="BuiltIn">
<arg>${json_data['results'][0]['registered']['date']}</arg>
<arg>\\d{4}-\\d{2}-\\d{2}T\\d{2}:\\d{2}:\\d{2}\\.\\d{3}Z</arg>
<doc>Fails if ``string`` does not match ``pattern`` as a regular expression.</doc>
<status status="PASS" start="2024-07-19T06:21:22.594393" elapsed="0.000380"/>
</kw>
<kw name="Should Match Regexp" owner="BuiltIn">
<arg>${json_data['results'][0]['picture']['large']}</arg>
<arg>^https?://.*\.(?:png|jpe?g|gif|bmp)$</arg>
<doc>Fails if ``string`` does not match ``pattern`` as a regular expression.</doc>
<status status="PASS" start="2024-07-19T06:21:22.594961" elapsed="0.000480"/>
</kw>
<kw name="Should Match Regexp" owner="BuiltIn">
<arg>${json_data['results'][0]['picture']['medium']}</arg>
<arg>^https?://.*\.(?:png|jpe?g|gif|bmp)$</arg>
<doc>Fails if ``string`` does not match ``pattern`` as a regular expression.</doc>
<status status="PASS" start="2024-07-19T06:21:22.595631" elapsed="0.000351"/>
</kw>
<kw name="Should Match Regexp" owner="BuiltIn">
<arg>${json_data['results'][0]['picture']['thumbnail']}</arg>
<arg>^https?://.*\.(?:png|jpe?g|gif|bmp)$</arg>
<doc>Fails if ``string`` does not match ``pattern`` as a regular expression.</doc>
<status status="PASS" start="2024-07-19T06:21:22.596169" elapsed="0.000347"/>
</kw>
<kw name="Log" owner="BuiltIn">
<msg time="2024-07-19T06:21:22.597052" level="INFO">{'large': 'https://randomuser.me/api/portraits/men/23.jpg', 'medium': 'https://randomuser.me/api/portraits/med/men/23.jpg', 'thumbnail': 'https://randomuser.me/api/portraits/thumb/men/23.jpg'}</msg>
<arg>${json_data['results'][0]['picture']}</arg>
<doc>Logs the given message with the given level.</doc>
<status status="PASS" start="2024-07-19T06:21:22.596695" elapsed="0.000401"/>
</kw>
<status status="PASS" start="2024-07-19T06:21:22.508705" elapsed="0.088655"/>
</kw>
<kw name="Teste de Tipos de Dados - Postcode" owner="random-user-service">
<kw name="GET On Session" owner="RequestsLibrary">
<msg time="2024-07-19T06:21:22.684907" level="INFO">GET Request : url=https://randomuser.me/api 
 path_url=/api 
 headers={'User-Agent': 'python-requests/2.32.3', 'Accept-Encoding': 'gzip, deflate', 'Accept': '*/*', 'Connection': 'keep-alive'} 
 body=None 
 </msg>
<msg time="2024-07-19T06:21:22.685005" level="INFO">GET Response : url=https://randomuser.me/api 
 status=200, reason=OK 
 headers={'Date': 'Fri, 19 Jul 2024 06:21:22 GMT', 'Content-Type': 'application/json; charset=utf-8', 'Transfer-Encoding': 'chunked', 'Connection': 'keep-alive', 'X-Powered-By': 'Express', 'Access-Control-Allow-Origin': '*', 'Cache-Control': 'no-cache', 'ETag': 'W/"49e-7MI0pM60cTrVcJLRnna+286ATb4"', 'Vary': 'Accept-Encoding', 'Content-Encoding': 'gzip', 'CF-Cache-Status': 'DYNAMIC', 'Report-To': '{"endpoints":[{"url":"https:\\/\\/a.nel.cloudflare.com\\/report\\/v4?s=rTul1Jb%2BiE%2BMwGKeyqxW1HU1LwGzcKyftvi9De9mfuoBqI9NQG5iDHqije7Kq9ozHw5cbAW5VwjpaqYmdgJngvDvFkLwVdoDk0tvPF1kvzbZdQAI0DnpvbctCKU5zHFq"}],"group":"cf-nel","max_age":604800}', 'NEL': '{"success_fraction":0,"report_to":"cf-nel","max_age":604800}', 'Server': 'cloudflare', 'CF-RAY': '8a589c684d799c2e-IAD', 'alt-svc': 'h3=":443"; ma=86400'} 
 body={"results":[{"gender":"female","name":{"title":"Mrs","first":"Elísia","last":"Freitas"},"location":{"street":{"number":9679,"name":"Rua Santa Luzia "},"city":"Mossoró","state":"Acre","country":"Brazil","postcode":39066,"coordinates":{"latitude":"-74.6696","longitude":"96.7178"},"timezone":{"offset":"+5:30","description":"Bombay, Calcutta, Madras, New Delhi"}},"email":"elisia.freitas@example.com","login":{"uuid":"479bfa90-5e60-4b8c-91c4-778c66828036","username":"crazyladybug535","password":"seviyi","salt":"6AdTHWIh","md5":"2488bf9031f650c1fb2d76121e5149fa","sha1":"fb3e41ae171e3b57290d2499fafd273996e480bb","sha256":"44f73c1edee280b9846d3478dff17e706347de689c251f0b6696f506f93e9e23"},"dob":{"date":"1976-03-29T23:12:26.989Z","age":48},"registered":{"date":"2018-05-16T01:34:29.299Z","age":6},"phone":"(35) 1502-3677","cell":"(52) 2983-5616","id":{"name":"CPF","value":"198.834.541-47"},"picture":{"large":"https://randomuser.me/api/portraits/women/41.jpg","medium":"https://randomuser.me/api/portraits/med/women/41.jpg","thumbnail":"https://randomuser.me/api/portraits/thumb/women/41.jpg"},"nat":"BR"}],"info":{"seed":"7a4872a100bb01d4","results":1,"page":1,"version":"1.4"}} 
 </msg>
<msg time="2024-07-19T06:21:22.685082" level="INFO">/opt/hostedtoolcache/Python/3.12.4/x64/lib/python3.12/site-packages/urllib3/connectionpool.py:1099: InsecureRequestWarning: Unverified HTTPS request is being made to host 'randomuser.me'. Adding certificate verification is strongly advised. See: https://urllib3.readthedocs.io/en/latest/advanced-usage.html#tls-warnings
  warnings.warn(</msg>
<msg time="2024-07-19T06:21:22.685208" level="INFO">${response} = &lt;Response [200]&gt;</msg>
<var>${response}</var>
<arg>consultarAPI</arg>
<arg>/api</arg>
<doc>Sends a GET request on a previously created HTTP Session.</doc>
<status status="PASS" start="2024-07-19T06:21:22.597820" elapsed="0.087437"/>
</kw>
<kw name="Set Variable" owner="BuiltIn">
<msg time="2024-07-19T06:21:22.686444" level="INFO">${json_data} = {'results': [{'gender': 'female', 'name': {'title': 'Mrs', 'first': 'Elísia', 'last': 'Freitas'}, 'location': {'street': {'number': 9679, 'name': 'Rua Santa Luzia '}, 'city': 'Mossoró', 'state': 'Acre...</msg>
<var>${json_data}</var>
<arg>${response.json()}</arg>
<doc>Returns the given values which can then be assigned to a variables.</doc>
<status status="PASS" start="2024-07-19T06:21:22.685851" elapsed="0.000624"/>
</kw>
<kw name="Log" owner="BuiltIn">
<msg time="2024-07-19T06:21:22.686942" level="INFO">{'results': [{'gender': 'female', 'name': {'title': 'Mrs', 'first': 'Elísia', 'last': 'Freitas'}, 'location': {'street': {'number': 9679, 'name': 'Rua Santa Luzia '}, 'city': 'Mossoró', 'state': 'Acre', 'country': 'Brazil', 'postcode': 39066, 'coordinates': {'latitude': '-74.6696', 'longitude': '96.7178'}, 'timezone': {'offset': '+5:30', 'description': 'Bombay, Calcutta, Madras, New Delhi'}}, 'email': 'elisia.freitas@example.com', 'login': {'uuid': '479bfa90-5e60-4b8c-91c4-778c66828036', 'username': 'crazyladybug535', 'password': 'seviyi', 'salt': '6AdTHWIh', 'md5': '2488bf9031f650c1fb2d76121e5149fa', 'sha1': 'fb3e41ae171e3b57290d2499fafd273996e480bb', 'sha256': '44f73c1edee280b9846d3478dff17e706347de689c251f0b6696f506f93e9e23'}, 'dob': {'date': '1976-03-29T23:12:26.989Z', 'age': 48}, 'registered': {'date': '2018-05-16T01:34:29.299Z', 'age': 6}, 'phone': '(35) 1502-3677', 'cell': '(52) 2983-5616', 'id': {'name': 'CPF', 'value': '198.834.541-47'}, 'picture': {'large': 'https://randomuser.me/api/portraits/women/41.jpg', 'medium': 'https://randomuser.me/api/portraits/med/women/41.jpg', 'thumbnail': 'https://randomuser.me/api/portraits/thumb/women/41.jpg'}, 'nat': 'BR'}], 'info': {'seed': '7a4872a100bb01d4', 'results': 1, 'page': 1, 'version': '1.4'}}</msg>
<arg>${json_data}</arg>
<doc>Logs the given message with the given level.</doc>
<status status="PASS" start="2024-07-19T06:21:22.686784" elapsed="0.000206"/>
</kw>
<kw name="Should Be Equal As Numbers" owner="BuiltIn">
<arg>${json_data['results'][0]['location']['postcode']}</arg>
<arg>${json_data['results'][0]['location']['postcode']}</arg>
<doc>Fails if objects are unequal after converting them to real numbers.</doc>
<status status="PASS" start="2024-07-19T06:21:22.687286" elapsed="0.000625"/>
</kw>
<kw name="Log" owner="BuiltIn">
<msg time="2024-07-19T06:21:22.688446" level="INFO">39066</msg>
<arg>${json_data['results'][0]['location']['postcode']}</arg>
<doc>Logs the given message with the given level.</doc>
<status status="PASS" start="2024-07-19T06:21:22.688105" elapsed="0.000382"/>
</kw>
<status status="PASS" start="2024-07-19T06:21:22.597584" elapsed="0.091186"/>
</kw>
<doc>Testa se os tipos de dados na resposta da API estão corretos.</doc>
<tag>testeTiposDados</tag>
<status status="PASS" start="2024-07-19T06:21:22.508128" elapsed="0.180845"/>
</test>
<test id="s1-s1-t5" name="Validar conteudo" line="35">
<kw name="Teste de Tipos de Conteudo" owner="random-user-service">
<kw name="GET On Session" owner="RequestsLibrary">
<msg time="2024-07-19T06:21:22.784880" level="INFO">GET Request : url=https://randomuser.me/api 
 path_url=/api 
 headers={'User-Agent': 'python-requests/2.32.3', 'Accept-Encoding': 'gzip, deflate', 'Accept': '*/*', 'Connection': 'keep-alive'} 
 body=None 
 </msg>
<msg time="2024-07-19T06:21:22.784982" level="INFO">GET Response : url=https://randomuser.me/api 
 status=200, reason=OK 
 headers={'Date': 'Fri, 19 Jul 2024 06:21:22 GMT', 'Content-Type': 'application/json; charset=utf-8', 'Transfer-Encoding': 'chunked', 'Connection': 'keep-alive', 'X-Powered-By': 'Express', 'Access-Control-Allow-Origin': '*', 'Cache-Control': 'no-cache', 'ETag': 'W/"483-11Zslf/z0aN2pQy0qVVk8/B/v3s"', 'Vary': 'Accept-Encoding', 'Content-Encoding': 'gzip', 'CF-Cache-Status': 'DYNAMIC', 'Report-To': '{"endpoints":[{"url":"https:\\/\\/a.nel.cloudflare.com\\/report\\/v4?s=85caflbz2Loc8gpFL0AoFcRBg3DacWDXwYkP7x4QXywXeXe8NAYKtLCgvP3mpg3lEfkSOiwP4mGOvWZ3B590N8HQDMpxKCriCnFMJt5Ot0Kz8GdyuuAmk4DxdlGnqnF9"}],"group":"cf-nel","max_age":604800}', 'NEL': '{"success_fraction":0,"report_to":"cf-nel","max_age":604800}', 'Server': 'cloudflare', 'CF-RAY': '8a589c68edf49c2e-IAD', 'alt-svc': 'h3=":443"; ma=86400'} 
 body={"results":[{"gender":"male","name":{"title":"Mr","first":"Dhiraj","last":"Sullad"},"location":{"street":{"number":6383,"name":"College St"},"city":"Thiruvananthapuram","state":"Kerala","country":"India","postcode":21511,"coordinates":{"latitude":"4.9014","longitude":"-175.1656"},"timezone":{"offset":"+6:00","description":"Almaty, Dhaka, Colombo"}},"email":"dhiraj.sullad@example.com","login":{"uuid":"5eca3e72-8896-43fa-8b19-72015811fcef","username":"beautifulmeercat533","password":"picks","salt":"HGKym9NF","md5":"fb41ea301471a1da4236d9257997c779","sha1":"d6d52f4473144f18d0e95ea2b9044c320972e5b2","sha256":"ed14cb00a89072ec6dbe15a3e8536452a5f8a58e052ca8730e182da59b1a6012"},"dob":{"date":"1951-11-16T11:49:48.518Z","age":72},"registered":{"date":"2003-03-06T02:59:25.806Z","age":21},"phone":"8511989953","cell":"8681353710","id":{"name":"UIDAI","value":"005663586909"},"picture":{"large":"https://randomuser.me/api/portraits/men/6.jpg","medium":"https://randomuser.me/api/portraits/med/men/6.jpg","thumbnail":"https://randomuser.me/api/portraits/thumb/men/6.jpg"},"nat":"IN"}],"info":{"seed":"13069061e8097d80","results":1,"page":1,"version":"1.4"}} 
 </msg>
<msg time="2024-07-19T06:21:22.785054" level="INFO">/opt/hostedtoolcache/Python/3.12.4/x64/lib/python3.12/site-packages/urllib3/connectionpool.py:1099: InsecureRequestWarning: Unverified HTTPS request is being made to host 'randomuser.me'. Adding certificate verification is strongly advised. See: https://urllib3.readthedocs.io/en/latest/advanced-usage.html#tls-warnings
  warnings.warn(</msg>
<msg time="2024-07-19T06:21:22.785180" level="INFO">${response} = &lt;Response [200]&gt;</msg>
<var>${response}</var>
<arg>consultarAPI</arg>
<arg>/api</arg>
<doc>Sends a GET request on a previously created HTTP Session.</doc>
<status status="PASS" start="2024-07-19T06:21:22.691505" elapsed="0.093720"/>
</kw>
<kw name="Set Variable" owner="BuiltIn">
<msg time="2024-07-19T06:21:22.786448" level="INFO">${json_data} = {'results': [{'gender': 'male', 'name': {'title': 'Mr', 'first': 'Dhiraj', 'last': 'Sullad'}, 'location': {'street': {'number': 6383, 'name': 'College St'}, 'city': 'Thiruvananthapuram', 'state': 'Ker...</msg>
<var>${json_data}</var>
<arg>${response.json()}</arg>
<doc>Returns the given values which can then be assigned to a variables.</doc>
<status status="PASS" start="2024-07-19T06:21:22.785866" elapsed="0.000611"/>
</kw>
<kw name="Set Variable" owner="BuiltIn">
<msg time="2024-07-19T06:21:22.787189" level="INFO">${name_title} = Mr</msg>
<var>${name_title}</var>
<arg>${json_data["results"][0]["name"]["title"]}</arg>
<doc>Returns the given values which can then be assigned to a variables.</doc>
<status status="PASS" start="2024-07-19T06:21:22.786794" elapsed="0.000422"/>
</kw>
<kw name="Create List" owner="BuiltIn">
<msg time="2024-07-19T06:21:22.787675" level="INFO">${allowed_titles} = ['Mr', 'Ms', 'Miss', 'Mrs', 'Madame', 'Monsieur']</msg>
<var>${allowed_titles}</var>
<arg>Mr</arg>
<arg>Ms</arg>
<arg>Miss</arg>
<arg>Mrs</arg>
<arg>Madame</arg>
<arg>Monsieur</arg>
<doc>Returns a list containing given items.</doc>
<status status="PASS" start="2024-07-19T06:21:22.787524" elapsed="0.000176"/>
</kw>
<kw name="List Should Contain Value" owner="Collections">
<arg>${allowed_titles}</arg>
<arg>${name_title}</arg>
<doc>Fails if the ``value`` is not found from ``list``.</doc>
<status status="PASS" start="2024-07-19T06:21:22.788001" elapsed="0.000177"/>
</kw>
<kw name="Set Variable" owner="BuiltIn">
<msg time="2024-07-19T06:21:22.788741" level="INFO">${name_country} = IN</msg>
<var>${name_country}</var>
<arg>${json_data["results"][0]["nat"]}</arg>
<doc>Returns the given values which can then be assigned to a variables.</doc>
<status status="PASS" start="2024-07-19T06:21:22.788369" elapsed="0.000398"/>
</kw>
<kw name="Create List" owner="BuiltIn">
<msg time="2024-07-19T06:21:22.789702" level="INFO">${list_country} = ['AD', 'AE', 'AF', 'AG', 'AI', 'AL', 'AM', 'AO', 'AQ', 'AR', 'AS', 'AT', 'AU', 'AW', 'AX', 'AZ', 'BA', 'BB', 'BD', 'BE', 'BF', 'BG', 'BH', 'BI', 'BJ', 'BL', 'BM', 'BN', 'BO', 'BQ', 'BR', 'BS', 'BT', '...</msg>
<var>${list_country}</var>
<arg>AD</arg>
<arg>AE</arg>
<arg>AF</arg>
<arg>AG</arg>
<arg>AI</arg>
<arg>AL</arg>
<arg>AM</arg>
<arg>AO</arg>
<arg>AQ</arg>
<arg>AR</arg>
<arg>AS</arg>
<arg>AT</arg>
<arg>AU</arg>
<arg>AW</arg>
<arg>AX</arg>
<arg>AZ</arg>
<arg>BA</arg>
<arg>BB</arg>
<arg>BD</arg>
<arg>BE</arg>
<arg>BF</arg>
<arg>BG</arg>
<arg>BH</arg>
<arg>BI</arg>
<arg>BJ</arg>
<arg>BL</arg>
<arg>BM</arg>
<arg>BN</arg>
<arg>BO</arg>
<arg>BQ</arg>
<arg>BR</arg>
<arg>BS</arg>
<arg>BT</arg>
<arg>BV</arg>
<arg>BW</arg>
<arg>BY</arg>
<arg>BZ</arg>
<arg>CA</arg>
<arg>CC</arg>
<arg>CD</arg>
<arg>CF</arg>
<arg>CG</arg>
<arg>CH</arg>
<arg>CI</arg>
<arg>CK</arg>
<arg>CL</arg>
<arg>CM</arg>
<arg>CN</arg>
<arg>CO</arg>
<arg>CR</arg>
<arg>CU</arg>
<arg>CV</arg>
<arg>CW</arg>
<arg>CX</arg>
<arg>CY</arg>
<arg>CZ</arg>
<arg>DE</arg>
<arg>DJ</arg>
<arg>DK</arg>
<arg>DM</arg>
<arg>DO</arg>
<arg>DZ</arg>
<arg>EC</arg>
<arg>EE</arg>
<arg>EG</arg>
<arg>EH</arg>
<arg>ER</arg>
<arg>ES</arg>
<arg>ET</arg>
<arg>FI</arg>
<arg>FJ</arg>
<arg>FK</arg>
<arg>FM</arg>
<arg>FO</arg>
<arg>FR</arg>
<arg>GA</arg>
<arg>GB</arg>
<arg>GD</arg>
<arg>GE</arg>
<arg>GF</arg>
<arg>GG</arg>
<arg>GH</arg>
<arg>GI</arg>
<arg>GL</arg>
<arg>GM</arg>
<arg>GN</arg>
<arg>GP</arg>
<arg>GQ</arg>
<arg>GR</arg>
<arg>GS</arg>
<arg>GT</arg>
<arg>GU</arg>
<arg>GW</arg>
<arg>GY</arg>
<arg>HK</arg>
<arg>HM</arg>
<arg>HN</arg>
<arg>HR</arg>
<arg>HT</arg>
<arg>HU</arg>
<arg>ID</arg>
<arg>IE</arg>
<arg>IL</arg>
<arg>IM</arg>
<arg>IN</arg>
<arg>IO</arg>
<arg>IQ</arg>
<arg>IR</arg>
<arg>IS</arg>
<arg>IT</arg>
<arg>JE</arg>
<arg>JM</arg>
<arg>JO</arg>
<arg>JP</arg>
<arg>KE</arg>
<arg>KG</arg>
<arg>KH</arg>
<arg>KI</arg>
<arg>KM</arg>
<arg>KN</arg>
<arg>KP</arg>
<arg>KR</arg>
<arg>KW</arg>
<arg>KY</arg>
<arg>KZ</arg>
<arg>LA</arg>
<arg>LB</arg>
<arg>LC</arg>
<arg>LI</arg>
<arg>LK</arg>
<arg>LR</arg>
<arg>LS</arg>
<arg>LT</arg>
<arg>LU</arg>
<arg>LV</arg>
<arg>LY</arg>
<arg>MA</arg>
<arg>MC</arg>
<arg>MD</arg>
<arg>ME</arg>
<arg>MF</arg>
<arg>MG</arg>
<arg>MH</arg>
<arg>MK</arg>
<arg>ML</arg>
<arg>MM</arg>
<arg>MN</arg>
<arg>MO</arg>
<arg>MP</arg>
<arg>MQ</arg>
<arg>MR</arg>
<arg>MS</arg>
<arg>MT</arg>
<arg>MU</arg>
<arg>MV</arg>
<arg>MW</arg>
<arg>MX</arg>
<arg>MY</arg>
<arg>MZ</arg>
<arg>NA</arg>
<arg>NC</arg>
<arg>NE</arg>
<arg>NF</arg>
<arg>NG</arg>
<arg>NI</arg>
<arg>NL</arg>
<arg>NO</arg>
<arg>NP</arg>
<arg>NR</arg>
<arg>NU</arg>
<arg>NZ</arg>
<arg>OM</arg>
<arg>PA</arg>
<arg>PE</arg>
<arg>PF</arg>
<arg>PG</arg>
<arg>PH</arg>
<arg>PK</arg>
<arg>PL</arg>
<arg>PM</arg>
<arg>PN</arg>
<arg>PR</arg>
<arg>PS</arg>
<arg>PT</arg>
<arg>PW</arg>
<arg>PY</arg>
<arg>QA</arg>
<arg>RE</arg>
<arg>RO</arg>
<arg>RS</arg>
<arg>RU</arg>
<arg>RW</arg>
<arg>SA</arg>
<arg>SB</arg>
<arg>SC</arg>
<arg>SD</arg>
<arg>SE</arg>
<arg>SG</arg>
<arg>SH</arg>
<arg>SI</arg>
<arg>SJ</arg>
<arg>SK</arg>
<arg>SL</arg>
<arg>SM</arg>
<arg>SN</arg>
<arg>SO</arg>
<arg>SR</arg>
<arg>SS</arg>
<arg>ST</arg>
<arg>SV</arg>
<arg>SX</arg>
<arg>SY</arg>
<arg>SZ</arg>
<arg>TC</arg>
<arg>TD</arg>
<arg>TF</arg>
<arg>TG</arg>
<arg>TH</arg>
<arg>TJ</arg>
<arg>TK</arg>
<arg>TL</arg>
<arg>TM</arg>
<arg>TN</arg>
<arg>TO</arg>
<arg>TR</arg>
<arg>TT</arg>
<arg>TV</arg>
<arg>TW</arg>
<arg>TZ</arg>
<arg>UA</arg>
<arg>UG</arg>
<arg>UM</arg>
<arg>US</arg>
<arg>UY</arg>
<arg>UZ</arg>
<arg>VA</arg>
<arg>VC</arg>
<arg>VE</arg>
<arg>VG</arg>
<arg>VI</arg>
<arg>VN</arg>
<arg>VU</arg>
<arg>WF</arg>
<arg>WS</arg>
<arg>XK</arg>
<arg>YE</arg>
<arg>YT</arg>
<arg>ZA</arg>
<arg>ZM</arg>
<arg>ZW</arg>
<doc>Returns a list containing given items.</doc>
<status status="PASS" start="2024-07-19T06:21:22.789108" elapsed="0.000620"/>
</kw>
<kw name="List Should Contain Value" owner="Collections">
<arg>${list_country}</arg>
<arg>${name_country}</arg>
<doc>Fails if the ``value`` is not found from ``list``.</doc>
<status status="PASS" start="2024-07-19T06:21:22.790709" elapsed="0.000209"/>
</kw>
<kw name="Run Keyword If" owner="BuiltIn">
<kw name="Should Be True" owner="BuiltIn">
<arg>${True}</arg>
<doc>Fails if the given condition is not true.</doc>
<status status="PASS" start="2024-07-19T06:21:22.791868" elapsed="0.000144"/>
</kw>
<arg>${json_data["results"][0]["location"]["coordinates"]["latitude"]} &gt;= -90 and ${json_data["results"][0]["location"]["coordinates"]["latitude"]} &lt;= 90</arg>
<arg>Should Be True</arg>
<arg>${True}</arg>
<doc>Runs the given keyword with the given arguments, if ``condition`` is true.</doc>
<status status="PASS" start="2024-07-19T06:21:22.791119" elapsed="0.001021"/>
</kw>
<kw name="Run Keyword If" owner="BuiltIn">
<kw name="Should Be True" owner="BuiltIn">
<arg>${True}</arg>
<doc>Fails if the given condition is not true.</doc>
<status status="PASS" start="2024-07-19T06:21:22.793060" elapsed="0.000140"/>
</kw>
<arg>${json_data["results"][0]["location"]["coordinates"]["longitude"]} &gt;= -180 and ${json_data["results"][0]["location"]["coordinates"]["longitude"]} &lt;= 180</arg>
<arg>Should Be True</arg>
<arg>${True}</arg>
<doc>Runs the given keyword with the given arguments, if ``condition`` is true.</doc>
<status status="PASS" start="2024-07-19T06:21:22.792323" elapsed="0.001004"/>
</kw>
<status status="PASS" start="2024-07-19T06:21:22.691279" elapsed="0.102184"/>
</kw>
<doc>Testa o conteúdo específico dos campos retornados pela API.</doc>
<tag>testeConteudo</tag>
<status status="PASS" start="2024-07-19T06:21:22.690731" elapsed="0.102888"/>
</test>
<status status="PASS" start="2024-07-19T06:21:21.600679" elapsed="1.194939"/>
</suite>
<status status="PASS" start="2024-07-19T06:21:21.586170" elapsed="1.214531"/>
</suite>
<statistics>
<total>
<stat pass="5" fail="0" skip="0">All Tests</stat>
</total>
<tag>
<stat pass="1" fail="0" skip="0">testeConteudo</stat>
<stat pass="1" fail="0" skip="0">testeEstruturaResposta</stat>
<stat pass="1" fail="0" skip="0">testeRequisicaoBasica</stat>
<stat pass="1" fail="0" skip="0">testeTiposDados</stat>
</tag>
<suite>
<stat pass="5" fail="0" skip="0" id="s1" name="Tests">Tests</stat>
<stat pass="5" fail="0" skip="0" id="s1-s1" name="Random-User-Test">Tests.Random-User-Test</stat>
</suite>
</statistics>
<errors>
</errors>
</robot>
