<?xml version="1.0" encoding="UTF-8"?>
<robot generator="Robot 7.0 (Python 3.12.3 on linux)" generated="2024-05-24T02:28:00.047916" rpa="false" schemaversion="5">
<suite id="s1" name="Tests" source="/home/runner/work/DesafioQAItauRogerioJordao/DesafioQAItauRogerioJordao/RamdonUser/tests">
<suite id="s1-s1" name="Random-User-Test" source="/home/runner/work/DesafioQAItauRogerioJordao/DesafioQAItauRogerioJordao/RamdonUser/tests/random-user-test.robot">
<test id="s1-s1-t1" name="Conectar" line="13">
<kw name="Conectar API" owner="random-user-service">
<kw name="Create Session" owner="RequestsLibrary">
<msg time="2024-05-24T02:28:00.442367" level="INFO">Creating Session using : alias=consultarAPI, url=https://randomuser.me/, headers={},                     cookies={}, auth=None, timeout=None, proxies=None, verify=False,                     debug=0 </msg>
<arg>consultarAPI</arg>
<arg>${URL}</arg>
<doc>Create Session: create a HTTP session to a server</doc>
<status status="PASS" start="2024-05-24T02:28:00.442169" elapsed="0.000362"/>
</kw>
<status status="PASS" start="2024-05-24T02:28:00.441139" elapsed="0.001734"/>
</kw>
<status status="PASS" start="2024-05-24T02:28:00.440624" elapsed="0.002440"/>
</test>
<test id="s1-s1-t2" name="Validar retorno 200 e JSON Válido" line="16">
<kw name="Teste de Requisicao Basica" owner="random-user-service">
<kw name="GET On Session" owner="RequestsLibrary">
<msg time="2024-05-24T02:28:00.708915" level="INFO">GET Request : url=https://randomuser.me/api 
 path_url=/api 
 headers={'User-Agent': 'python-requests/2.32.2', 'Accept-Encoding': 'gzip, deflate', 'Accept': '*/*', 'Connection': 'keep-alive'} 
 body=None 
 </msg>
<msg time="2024-05-24T02:28:00.709044" level="INFO">GET Response : url=https://randomuser.me/api 
 status=200, reason=OK 
 headers={'Date': 'Fri, 24 May 2024 02:28:00 GMT', 'Content-Type': 'application/json; charset=utf-8', 'Transfer-Encoding': 'chunked', 'Connection': 'keep-alive', 'X-Powered-By': 'Express', 'Access-Control-Allow-Origin': '*', 'Cache-Control': 'no-cache', 'ETag': 'W/"48e-yxYeYDpE9b0Qah4DMZsNTtzIUjE"', 'Vary': 'Accept-Encoding', 'Content-Encoding': 'gzip', 'CF-Cache-Status': 'DYNAMIC', 'Report-To': '{"endpoints":[{"url":"https:\\/\\/a.nel.cloudflare.com\\/report\\/v4?s=eL6emUFU3yd%2FnxgB6WZN4Ai%2B8iV%2BIywXPRHnd0vOm%2B4PuTkGDUkSEIw6I%2F%2FlD5zAEBkqQ%2FG6s%2FbvIH%2B04Xtn68py94lzDM5Xcrw6IIR4Eo8NVstPwWNckxD6Dm8G4BXV"}],"group":"cf-nel","max_age":604800}', 'NEL': '{"success_fraction":0,"report_to":"cf-nel","max_age":604800}', 'Server': 'cloudflare', 'CF-RAY': '8889d98f0a5c0256-ORD', 'alt-svc': 'h3=":443"; ma=86400'} 
 body={"results":[{"gender":"female","name":{"title":"Mrs","first":"Rosie","last":"Fields"},"location":{"street":{"number":7151,"name":"The Grove"},"city":"Newcastle upon Tyne","state":"Cheshire","country":"United Kingdom","postcode":"KV83 8DT","coordinates":{"latitude":"-9.0402","longitude":"104.5246"},"timezone":{"offset":"-9:00","description":"Alaska"}},"email":"rosie.fields@example.com","login":{"uuid":"c392be81-de61-4ff1-92ed-ff8b8c46d7ef","username":"ticklishzebra993","password":"toyota","salt":"6zg79gfh","md5":"e61a20368f6f42699077e82f5cf60f22","sha1":"c70b9e8b89f45b071834e7f481924d0388cc2495","sha256":"ed954662d8ec7a6ba7be4d3ae84df96297cd25bf0c346acac6e218f3cd754845"},"dob":{"date":"1973-02-05T14:01:38.186Z","age":51},"registered":{"date":"2016-10-23T03:21:51.090Z","age":7},"phone":"016977 16066","cell":"07794 080260","id":{"name":"NINO","value":"OK 59 41 40 Y"},"picture":{"large":"https://randomuser.me/api/portraits/women/49.jpg","medium":"https://randomuser.me/api/portraits/med/women/49.jpg","thumbnail":"https://randomuser.me/api/portraits/thumb/women/49.jpg"},"nat":"GB"}],"info":{"seed":"a5f2429cc680df95","results":1,"page":1,"version":"1.4"}} 
 </msg>
<msg time="2024-05-24T02:28:00.709129" level="INFO">/opt/hostedtoolcache/Python/3.12.3/x64/lib/python3.12/site-packages/urllib3/connectionpool.py:1103: InsecureRequestWarning: Unverified HTTPS request is being made to host 'randomuser.me'. Adding certificate verification is strongly advised. See: https://urllib3.readthedocs.io/en/latest/advanced-usage.html#tls-warnings
  warnings.warn(</msg>
<msg time="2024-05-24T02:28:00.709273" level="INFO">${response} = &lt;Response [200]&gt;</msg>
<var>${response}</var>
<arg>consultarAPI</arg>
<arg>/api</arg>
<doc>Sends a GET request on a previously created HTTP Session.</doc>
<status status="PASS" start="2024-05-24T02:28:00.445665" elapsed="0.263657"/>
</kw>
<kw name="Should Be Equal As Numbers" owner="BuiltIn">
<msg time="2024-05-24T02:28:00.710244" level="INFO">Argument types are:
&lt;class 'int'&gt;
&lt;class 'str'&gt;</msg>
<arg>${response.status_code}</arg>
<arg>200</arg>
<doc>Fails if objects are unequal after converting them to real numbers.</doc>
<status status="PASS" start="2024-05-24T02:28:00.709784" elapsed="0.000523"/>
</kw>
<kw name="Log" owner="BuiltIn">
<msg time="2024-05-24T02:28:00.710986" level="INFO">200</msg>
<arg>${response.status_code}</arg>
<doc>Logs the given message with the given level.</doc>
<status status="PASS" start="2024-05-24T02:28:00.710640" elapsed="0.000392"/>
</kw>
<kw name="Set Variable" owner="BuiltIn">
<msg time="2024-05-24T02:28:00.711756" level="INFO">${json_data} = {'results': [{'gender': 'female', 'name': {'title': 'Mrs', 'first': 'Rosie', 'last': 'Fields'}, 'location': {'street': {'number': 7151, 'name': 'The Grove'}, 'city': 'Newcastle upon Tyne', 'state': 'C...</msg>
<var>${json_data}</var>
<arg>${response.json()}</arg>
<doc>Returns the given values which can then be assigned to a variables.</doc>
<status status="PASS" start="2024-05-24T02:28:00.711337" elapsed="0.000447"/>
</kw>
<kw name="Dictionary Should Contain Key" owner="Collections">
<msg time="2024-05-24T02:28:00.712255" level="INFO">False</msg>
<arg>${json_data}</arg>
<arg>results</arg>
<doc>Fails if ``key`` is not found from ``dictionary``.</doc>
<status status="PASS" start="2024-05-24T02:28:00.712089" elapsed="0.000340"/>
</kw>
<status status="PASS" start="2024-05-24T02:28:00.445414" elapsed="0.267277"/>
</kw>
<doc>Testa se a API responde corretamente e retorna um objeto JSON válido.</doc>
<tag>testeRequisicaoBasica</tag>
<status status="PASS" start="2024-05-24T02:28:00.444941" elapsed="0.267923"/>
</test>
<test id="s1-s1-t3" name="Validar estrutura de resposta" line="22">
<kw name="Teste de Estrutura de Resposta" owner="random-user-service">
<kw name="GET On Session" owner="RequestsLibrary">
<msg time="2024-05-24T02:28:00.789979" level="INFO">GET Request : url=https://randomuser.me/api 
 path_url=/api 
 headers={'User-Agent': 'python-requests/2.32.2', 'Accept-Encoding': 'gzip, deflate', 'Accept': '*/*', 'Connection': 'keep-alive'} 
 body=None 
 </msg>
<msg time="2024-05-24T02:28:00.790067" level="INFO">GET Response : url=https://randomuser.me/api 
 status=200, reason=OK 
 headers={'Date': 'Fri, 24 May 2024 02:28:00 GMT', 'Content-Type': 'application/json; charset=utf-8', 'Transfer-Encoding': 'chunked', 'Connection': 'keep-alive', 'X-Powered-By': 'Express', 'Access-Control-Allow-Origin': '*', 'Cache-Control': 'no-cache', 'ETag': 'W/"492-PHrcu5wYb6tc6ew7A1BM+M3V1Hg"', 'Vary': 'Accept-Encoding', 'Content-Encoding': 'gzip', 'CF-Cache-Status': 'DYNAMIC', 'Report-To': '{"endpoints":[{"url":"https:\\/\\/a.nel.cloudflare.com\\/report\\/v4?s=HuJ6SR5OCgFV7fFMYnva2JTHMgZeNG%2BTv5qQXvp30uALjANZMgZy7ltVfQt2cGICLjLx%2B98sxgcUGUmWWTbLbTnqpie6BNhH5ZV1ZnbeD7yZ%2Fmws1k8Q8g%2BkeUusN2lb"}],"group":"cf-nel","max_age":604800}', 'NEL': '{"success_fraction":0,"report_to":"cf-nel","max_age":604800}', 'Server': 'cloudflare', 'CF-RAY': '8889d9907c280256-ORD', 'alt-svc': 'h3=":443"; ma=86400'} 
 body={"results":[{"gender":"male","name":{"title":"Mr","first":"Oskari","last":"Nikula"},"location":{"street":{"number":6901,"name":"Itsenäisyydenkatu"},"city":"Suomenniemi","state":"Kymenlaakso","country":"Finland","postcode":24288,"coordinates":{"latitude":"-22.1507","longitude":"-150.0099"},"timezone":{"offset":"+7:00","description":"Bangkok, Hanoi, Jakarta"}},"email":"oskari.nikula@example.com","login":{"uuid":"badb4d32-b463-41f5-ba40-e2d6233ab384","username":"crazybird923","password":"pelican","salt":"Sqzof7uD","md5":"5399549f90f36c58eda3ef5b8cf545e9","sha1":"8ce8c4e9efb128db4aa1ba2d1f787688c52f3c26","sha256":"88ae5dcc81fb9d8f242978d7c9c513d5b4994364fa862f0ef34137232685e38a"},"dob":{"date":"1951-11-12T04:08:40.812Z","age":72},"registered":{"date":"2018-11-30T05:06:44.110Z","age":5},"phone":"03-226-725","cell":"043-702-10-42","id":{"name":"HETU","value":"NaNNA585undefined"},"picture":{"large":"https://randomuser.me/api/portraits/men/43.jpg","medium":"https://randomuser.me/api/portraits/med/men/43.jpg","thumbnail":"https://randomuser.me/api/portraits/thumb/men/43.jpg"},"nat":"FI"}],"info":{"seed":"66e47b49651e0876","results":1,"page":1,"version":"1.4"}} 
 </msg>
<msg time="2024-05-24T02:28:00.790178" level="INFO">/opt/hostedtoolcache/Python/3.12.3/x64/lib/python3.12/site-packages/urllib3/connectionpool.py:1103: InsecureRequestWarning: Unverified HTTPS request is being made to host 'randomuser.me'. Adding certificate verification is strongly advised. See: https://urllib3.readthedocs.io/en/latest/advanced-usage.html#tls-warnings
  warnings.warn(</msg>
<msg time="2024-05-24T02:28:00.790299" level="INFO">${response} = &lt;Response [200]&gt;</msg>
<var>${response}</var>
<arg>consultarAPI</arg>
<arg>/api</arg>
<doc>Sends a GET request on a previously created HTTP Session.</doc>
<status status="PASS" start="2024-05-24T02:28:00.715441" elapsed="0.074907"/>
</kw>
<kw name="Set Variable" owner="BuiltIn">
<msg time="2024-05-24T02:28:00.791283" level="INFO">${json_data} = {'results': [{'gender': 'male', 'name': {'title': 'Mr', 'first': 'Oskari', 'last': 'Nikula'}, 'location': {'street': {'number': 6901, 'name': 'Itsenäisyydenkatu'}, 'city': 'Suomenniemi', 'state': 'Kym...</msg>
<var>${json_data}</var>
<arg>${response.json()}</arg>
<doc>Returns the given values which can then be assigned to a variables.</doc>
<status status="PASS" start="2024-05-24T02:28:00.790783" elapsed="0.000529"/>
</kw>
<kw name="Log" owner="BuiltIn">
<msg time="2024-05-24T02:28:00.791780" level="INFO">{'results': [{'gender': 'male', 'name': {'title': 'Mr', 'first': 'Oskari', 'last': 'Nikula'}, 'location': {'street': {'number': 6901, 'name': 'Itsenäisyydenkatu'}, 'city': 'Suomenniemi', 'state': 'Kymenlaakso', 'country': 'Finland', 'postcode': 24288, 'coordinates': {'latitude': '-22.1507', 'longitude': '-150.0099'}, 'timezone': {'offset': '+7:00', 'description': 'Bangkok, Hanoi, Jakarta'}}, 'email': 'oskari.nikula@example.com', 'login': {'uuid': 'badb4d32-b463-41f5-ba40-e2d6233ab384', 'username': 'crazybird923', 'password': 'pelican', 'salt': 'Sqzof7uD', 'md5': '5399549f90f36c58eda3ef5b8cf545e9', 'sha1': '8ce8c4e9efb128db4aa1ba2d1f787688c52f3c26', 'sha256': '88ae5dcc81fb9d8f242978d7c9c513d5b4994364fa862f0ef34137232685e38a'}, 'dob': {'date': '1951-11-12T04:08:40.812Z', 'age': 72}, 'registered': {'date': '2018-11-30T05:06:44.110Z', 'age': 5}, 'phone': '03-226-725', 'cell': '043-702-10-42', 'id': {'name': 'HETU', 'value': 'NaNNA585undefined'}, 'picture': {'large': 'https://randomuser.me/api/portraits/men/43.jpg', 'medium': 'https://randomuser.me/api/portraits/med/men/43.jpg', 'thumbnail': 'https://randomuser.me/api/portraits/thumb/men/43.jpg'}, 'nat': 'FI'}], 'info': {'seed': '66e47b49651e0876', 'results': 1, 'page': 1, 'version': '1.4'}}</msg>
<arg>${json_data}</arg>
<doc>Logs the given message with the given level.</doc>
<status status="PASS" start="2024-05-24T02:28:00.791621" elapsed="0.000208"/>
</kw>
<kw name="Dictionary Should Contain Key" owner="Collections">
<msg time="2024-05-24T02:28:00.792271" level="INFO">False</msg>
<arg>${json_data}</arg>
<arg>results</arg>
<doc>Fails if ``key`` is not found from ``dictionary``.</doc>
<status status="PASS" start="2024-05-24T02:28:00.792122" elapsed="0.000186"/>
</kw>
<kw name="Should Not Be Empty" owner="BuiltIn">
<msg time="2024-05-24T02:28:00.792742" level="INFO">Length is 2.</msg>
<arg>${json_data}</arg>
<doc>Verifies that the given item is not empty.</doc>
<status status="PASS" start="2024-05-24T02:28:00.792610" elapsed="0.000169"/>
</kw>
<kw name="Create List" owner="BuiltIn">
<msg time="2024-05-24T02:28:00.793226" level="INFO">${expected_keys} = ['gender', 'name', 'location', 'email', 'login']</msg>
<var>${expected_keys}</var>
<arg>gender</arg>
<arg>name</arg>
<arg>location</arg>
<arg>email</arg>
<arg>login</arg>
<doc>Returns a list containing given items.</doc>
<status status="PASS" start="2024-05-24T02:28:00.793076" elapsed="0.000173"/>
</kw>
<for flavor="IN">
<iter>
<kw name="Dictionary Should Contain Key" owner="Collections">
<msg time="2024-05-24T02:28:00.794261" level="INFO">False</msg>
<arg>${json_data['results'][0]}</arg>
<arg>${key}</arg>
<doc>Fails if ``key`` is not found from ``dictionary``.</doc>
<status status="PASS" start="2024-05-24T02:28:00.793847" elapsed="0.000458"/>
</kw>
<kw name="Log" owner="BuiltIn">
<msg time="2024-05-24T02:28:00.794971" level="INFO">{'gender': 'male', 'name': {'title': 'Mr', 'first': 'Oskari', 'last': 'Nikula'}, 'location': {'street': {'number': 6901, 'name': 'Itsenäisyydenkatu'}, 'city': 'Suomenniemi', 'state': 'Kymenlaakso', 'country': 'Finland', 'postcode': 24288, 'coordinates': {'latitude': '-22.1507', 'longitude': '-150.0099'}, 'timezone': {'offset': '+7:00', 'description': 'Bangkok, Hanoi, Jakarta'}}, 'email': 'oskari.nikula@example.com', 'login': {'uuid': 'badb4d32-b463-41f5-ba40-e2d6233ab384', 'username': 'crazybird923', 'password': 'pelican', 'salt': 'Sqzof7uD', 'md5': '5399549f90f36c58eda3ef5b8cf545e9', 'sha1': '8ce8c4e9efb128db4aa1ba2d1f787688c52f3c26', 'sha256': '88ae5dcc81fb9d8f242978d7c9c513d5b4994364fa862f0ef34137232685e38a'}, 'dob': {'date': '1951-11-12T04:08:40.812Z', 'age': 72}, 'registered': {'date': '2018-11-30T05:06:44.110Z', 'age': 5}, 'phone': '03-226-725', 'cell': '043-702-10-42', 'id': {'name': 'HETU', 'value': 'NaNNA585undefined'}, 'picture': {'large': 'https://randomuser.me/api/portraits/men/43.jpg', 'medium': 'https://randomuser.me/api/portraits/med/men/43.jpg', 'thumbnail': 'https://randomuser.me/api/portraits/thumb/men/43.jpg'}, 'nat': 'FI'}</msg>
<arg>${json_data['results'][0]}</arg>
<doc>Logs the given message with the given level.</doc>
<status status="PASS" start="2024-05-24T02:28:00.794603" elapsed="0.000419"/>
</kw>
<kw name="Log" owner="BuiltIn">
<msg time="2024-05-24T02:28:00.795448" level="INFO">gender</msg>
<arg>${key}</arg>
<doc>Logs the given message with the given level.</doc>
<status status="PASS" start="2024-05-24T02:28:00.795320" elapsed="0.000166"/>
</kw>
<var name="${key}">gender</var>
<status status="PASS" start="2024-05-24T02:28:00.793689" elapsed="0.002014"/>
</iter>
<iter>
<kw name="Dictionary Should Contain Key" owner="Collections">
<msg time="2024-05-24T02:28:00.796390" level="INFO">False</msg>
<arg>${json_data['results'][0]}</arg>
<arg>${key}</arg>
<doc>Fails if ``key`` is not found from ``dictionary``.</doc>
<status status="PASS" start="2024-05-24T02:28:00.796003" elapsed="0.000424"/>
</kw>
<kw name="Log" owner="BuiltIn">
<msg time="2024-05-24T02:28:00.797103" level="INFO">{'gender': 'male', 'name': {'title': 'Mr', 'first': 'Oskari', 'last': 'Nikula'}, 'location': {'street': {'number': 6901, 'name': 'Itsenäisyydenkatu'}, 'city': 'Suomenniemi', 'state': 'Kymenlaakso', 'country': 'Finland', 'postcode': 24288, 'coordinates': {'latitude': '-22.1507', 'longitude': '-150.0099'}, 'timezone': {'offset': '+7:00', 'description': 'Bangkok, Hanoi, Jakarta'}}, 'email': 'oskari.nikula@example.com', 'login': {'uuid': 'badb4d32-b463-41f5-ba40-e2d6233ab384', 'username': 'crazybird923', 'password': 'pelican', 'salt': 'Sqzof7uD', 'md5': '5399549f90f36c58eda3ef5b8cf545e9', 'sha1': '8ce8c4e9efb128db4aa1ba2d1f787688c52f3c26', 'sha256': '88ae5dcc81fb9d8f242978d7c9c513d5b4994364fa862f0ef34137232685e38a'}, 'dob': {'date': '1951-11-12T04:08:40.812Z', 'age': 72}, 'registered': {'date': '2018-11-30T05:06:44.110Z', 'age': 5}, 'phone': '03-226-725', 'cell': '043-702-10-42', 'id': {'name': 'HETU', 'value': 'NaNNA585undefined'}, 'picture': {'large': 'https://randomuser.me/api/portraits/men/43.jpg', 'medium': 'https://randomuser.me/api/portraits/med/men/43.jpg', 'thumbnail': 'https://randomuser.me/api/portraits/thumb/men/43.jpg'}, 'nat': 'FI'}</msg>
<arg>${json_data['results'][0]}</arg>
<doc>Logs the given message with the given level.</doc>
<status status="PASS" start="2024-05-24T02:28:00.796746" elapsed="0.000407"/>
</kw>
<kw name="Log" owner="BuiltIn">
<msg time="2024-05-24T02:28:00.797582" level="INFO">name</msg>
<arg>${key}</arg>
<doc>Logs the given message with the given level.</doc>
<status status="PASS" start="2024-05-24T02:28:00.797456" elapsed="0.000163"/>
</kw>
<var name="${key}">name</var>
<status status="PASS" start="2024-05-24T02:28:00.795889" elapsed="0.001968"/>
</iter>
<iter>
<kw name="Dictionary Should Contain Key" owner="Collections">
<msg time="2024-05-24T02:28:00.798533" level="INFO">False</msg>
<arg>${json_data['results'][0]}</arg>
<arg>${key}</arg>
<doc>Fails if ``key`` is not found from ``dictionary``.</doc>
<status status="PASS" start="2024-05-24T02:28:00.798155" elapsed="0.000414"/>
</kw>
<kw name="Log" owner="BuiltIn">
<msg time="2024-05-24T02:28:00.799226" level="INFO">{'gender': 'male', 'name': {'title': 'Mr', 'first': 'Oskari', 'last': 'Nikula'}, 'location': {'street': {'number': 6901, 'name': 'Itsenäisyydenkatu'}, 'city': 'Suomenniemi', 'state': 'Kymenlaakso', 'country': 'Finland', 'postcode': 24288, 'coordinates': {'latitude': '-22.1507', 'longitude': '-150.0099'}, 'timezone': {'offset': '+7:00', 'description': 'Bangkok, Hanoi, Jakarta'}}, 'email': 'oskari.nikula@example.com', 'login': {'uuid': 'badb4d32-b463-41f5-ba40-e2d6233ab384', 'username': 'crazybird923', 'password': 'pelican', 'salt': 'Sqzof7uD', 'md5': '5399549f90f36c58eda3ef5b8cf545e9', 'sha1': '8ce8c4e9efb128db4aa1ba2d1f787688c52f3c26', 'sha256': '88ae5dcc81fb9d8f242978d7c9c513d5b4994364fa862f0ef34137232685e38a'}, 'dob': {'date': '1951-11-12T04:08:40.812Z', 'age': 72}, 'registered': {'date': '2018-11-30T05:06:44.110Z', 'age': 5}, 'phone': '03-226-725', 'cell': '043-702-10-42', 'id': {'name': 'HETU', 'value': 'NaNNA585undefined'}, 'picture': {'large': 'https://randomuser.me/api/portraits/men/43.jpg', 'medium': 'https://randomuser.me/api/portraits/med/men/43.jpg', 'thumbnail': 'https://randomuser.me/api/portraits/thumb/men/43.jpg'}, 'nat': 'FI'}</msg>
<arg>${json_data['results'][0]}</arg>
<doc>Logs the given message with the given level.</doc>
<status status="PASS" start="2024-05-24T02:28:00.798862" elapsed="0.000414"/>
</kw>
<kw name="Log" owner="BuiltIn">
<msg time="2024-05-24T02:28:00.799692" level="INFO">location</msg>
<arg>${key}</arg>
<doc>Logs the given message with the given level.</doc>
<status status="PASS" start="2024-05-24T02:28:00.799569" elapsed="0.000159"/>
</kw>
<var name="${key}">location</var>
<status status="PASS" start="2024-05-24T02:28:00.798044" elapsed="0.001904"/>
</iter>
<iter>
<kw name="Dictionary Should Contain Key" owner="Collections">
<msg time="2024-05-24T02:28:00.800704" level="INFO">False</msg>
<arg>${json_data['results'][0]}</arg>
<arg>${key}</arg>
<doc>Fails if ``key`` is not found from ``dictionary``.</doc>
<status status="PASS" start="2024-05-24T02:28:00.800226" elapsed="0.000516"/>
</kw>
<kw name="Log" owner="BuiltIn">
<msg time="2024-05-24T02:28:00.801393" level="INFO">{'gender': 'male', 'name': {'title': 'Mr', 'first': 'Oskari', 'last': 'Nikula'}, 'location': {'street': {'number': 6901, 'name': 'Itsenäisyydenkatu'}, 'city': 'Suomenniemi', 'state': 'Kymenlaakso', 'country': 'Finland', 'postcode': 24288, 'coordinates': {'latitude': '-22.1507', 'longitude': '-150.0099'}, 'timezone': {'offset': '+7:00', 'description': 'Bangkok, Hanoi, Jakarta'}}, 'email': 'oskari.nikula@example.com', 'login': {'uuid': 'badb4d32-b463-41f5-ba40-e2d6233ab384', 'username': 'crazybird923', 'password': 'pelican', 'salt': 'Sqzof7uD', 'md5': '5399549f90f36c58eda3ef5b8cf545e9', 'sha1': '8ce8c4e9efb128db4aa1ba2d1f787688c52f3c26', 'sha256': '88ae5dcc81fb9d8f242978d7c9c513d5b4994364fa862f0ef34137232685e38a'}, 'dob': {'date': '1951-11-12T04:08:40.812Z', 'age': 72}, 'registered': {'date': '2018-11-30T05:06:44.110Z', 'age': 5}, 'phone': '03-226-725', 'cell': '043-702-10-42', 'id': {'name': 'HETU', 'value': 'NaNNA585undefined'}, 'picture': {'large': 'https://randomuser.me/api/portraits/men/43.jpg', 'medium': 'https://randomuser.me/api/portraits/med/men/43.jpg', 'thumbnail': 'https://randomuser.me/api/portraits/thumb/men/43.jpg'}, 'nat': 'FI'}</msg>
<arg>${json_data['results'][0]}</arg>
<doc>Logs the given message with the given level.</doc>
<status status="PASS" start="2024-05-24T02:28:00.801036" elapsed="0.000407"/>
</kw>
<kw name="Log" owner="BuiltIn">
<msg time="2024-05-24T02:28:00.801914" level="INFO">email</msg>
<arg>${key}</arg>
<doc>Logs the given message with the given level.</doc>
<status status="PASS" start="2024-05-24T02:28:00.801737" elapsed="0.000217"/>
</kw>
<var name="${key}">email</var>
<status status="PASS" start="2024-05-24T02:28:00.800115" elapsed="0.002063"/>
</iter>
<iter>
<kw name="Dictionary Should Contain Key" owner="Collections">
<msg time="2024-05-24T02:28:00.802836" level="INFO">False</msg>
<arg>${json_data['results'][0]}</arg>
<arg>${key}</arg>
<doc>Fails if ``key`` is not found from ``dictionary``.</doc>
<status status="PASS" start="2024-05-24T02:28:00.802460" elapsed="0.000412"/>
</kw>
<kw name="Log" owner="BuiltIn">
<msg time="2024-05-24T02:28:00.803532" level="INFO">{'gender': 'male', 'name': {'title': 'Mr', 'first': 'Oskari', 'last': 'Nikula'}, 'location': {'street': {'number': 6901, 'name': 'Itsenäisyydenkatu'}, 'city': 'Suomenniemi', 'state': 'Kymenlaakso', 'country': 'Finland', 'postcode': 24288, 'coordinates': {'latitude': '-22.1507', 'longitude': '-150.0099'}, 'timezone': {'offset': '+7:00', 'description': 'Bangkok, Hanoi, Jakarta'}}, 'email': 'oskari.nikula@example.com', 'login': {'uuid': 'badb4d32-b463-41f5-ba40-e2d6233ab384', 'username': 'crazybird923', 'password': 'pelican', 'salt': 'Sqzof7uD', 'md5': '5399549f90f36c58eda3ef5b8cf545e9', 'sha1': '8ce8c4e9efb128db4aa1ba2d1f787688c52f3c26', 'sha256': '88ae5dcc81fb9d8f242978d7c9c513d5b4994364fa862f0ef34137232685e38a'}, 'dob': {'date': '1951-11-12T04:08:40.812Z', 'age': 72}, 'registered': {'date': '2018-11-30T05:06:44.110Z', 'age': 5}, 'phone': '03-226-725', 'cell': '043-702-10-42', 'id': {'name': 'HETU', 'value': 'NaNNA585undefined'}, 'picture': {'large': 'https://randomuser.me/api/portraits/men/43.jpg', 'medium': 'https://randomuser.me/api/portraits/med/men/43.jpg', 'thumbnail': 'https://randomuser.me/api/portraits/thumb/men/43.jpg'}, 'nat': 'FI'}</msg>
<arg>${json_data['results'][0]}</arg>
<doc>Logs the given message with the given level.</doc>
<status status="PASS" start="2024-05-24T02:28:00.803169" elapsed="0.000410"/>
</kw>
<kw name="Log" owner="BuiltIn">
<msg time="2024-05-24T02:28:00.803995" level="INFO">login</msg>
<arg>${key}</arg>
<doc>Logs the given message with the given level.</doc>
<status status="PASS" start="2024-05-24T02:28:00.803870" elapsed="0.000161"/>
</kw>
<var name="${key}">login</var>
<status status="PASS" start="2024-05-24T02:28:00.802349" elapsed="0.001920"/>
</iter>
<var>${key}</var>
<value>@{expected_keys}</value>
<status status="PASS" start="2024-05-24T02:28:00.793512" elapsed="0.010884"/>
</for>
<kw name="Create List" owner="BuiltIn">
<msg time="2024-05-24T02:28:00.804722" level="INFO">${expected_keysTwo} = ['username', 'password']</msg>
<var>${expected_keysTwo}</var>
<arg>username</arg>
<arg>password</arg>
<doc>Returns a list containing given items.</doc>
<status status="PASS" start="2024-05-24T02:28:00.804587" elapsed="0.000158"/>
</kw>
<for flavor="IN">
<iter>
<kw name="Dictionary Should Contain Key" owner="Collections">
<msg time="2024-05-24T02:28:00.805600" level="INFO">False</msg>
<arg>${json_data['results'][0]['login']}</arg>
<arg>${keyTwo}</arg>
<doc>Fails if ``key`` is not found from ``dictionary``.</doc>
<status status="PASS" start="2024-05-24T02:28:00.805230" elapsed="0.000405"/>
</kw>
<kw name="Dictionary Should Contain Key" owner="Collections">
<msg time="2024-05-24T02:28:00.806331" level="INFO">False</msg>
<arg>${json_data['results'][0]['login']}</arg>
<arg>${keyTwo}</arg>
<doc>Fails if ``key`` is not found from ``dictionary``.</doc>
<status status="PASS" start="2024-05-24T02:28:00.805955" elapsed="0.000412"/>
</kw>
<kw name="Log" owner="BuiltIn">
<msg time="2024-05-24T02:28:00.806784" level="INFO">username</msg>
<arg>${keyTwo}</arg>
<doc>Logs the given message with the given level.</doc>
<status status="PASS" start="2024-05-24T02:28:00.806657" elapsed="0.000163"/>
</kw>
<var name="${keyTwo}">username</var>
<status status="PASS" start="2024-05-24T02:28:00.805123" elapsed="0.001910"/>
</iter>
<iter>
<kw name="Dictionary Should Contain Key" owner="Collections">
<msg time="2024-05-24T02:28:00.807694" level="INFO">False</msg>
<arg>${json_data['results'][0]['login']}</arg>
<arg>${keyTwo}</arg>
<doc>Fails if ``key`` is not found from ``dictionary``.</doc>
<status status="PASS" start="2024-05-24T02:28:00.807314" elapsed="0.000416"/>
</kw>
<kw name="Dictionary Should Contain Key" owner="Collections">
<msg time="2024-05-24T02:28:00.808386" level="INFO">False</msg>
<arg>${json_data['results'][0]['login']}</arg>
<arg>${keyTwo}</arg>
<doc>Fails if ``key`` is not found from ``dictionary``.</doc>
<status status="PASS" start="2024-05-24T02:28:00.808018" elapsed="0.000403"/>
</kw>
<kw name="Log" owner="BuiltIn">
<msg time="2024-05-24T02:28:00.808833" level="INFO">password</msg>
<arg>${keyTwo}</arg>
<doc>Logs the given message with the given level.</doc>
<status status="PASS" start="2024-05-24T02:28:00.808708" elapsed="0.000161"/>
</kw>
<var name="${keyTwo}">password</var>
<status status="PASS" start="2024-05-24T02:28:00.807201" elapsed="0.001881"/>
</iter>
<var>${keyTwo}</var>
<value>@{expected_keysTwo}</value>
<status status="PASS" start="2024-05-24T02:28:00.804978" elapsed="0.004222"/>
</for>
<status status="PASS" start="2024-05-24T02:28:00.715202" elapsed="0.094131"/>
</kw>
<doc>Testa a estrutura da resposta da API.</doc>
<tag>testeEstruturaResposta</tag>
<status status="PASS" start="2024-05-24T02:28:00.714713" elapsed="0.094764"/>
</test>
<test id="s1-s1-t4" name="Validar tipos de dados" line="28">
<kw name="Teste de Tipos de Dados" owner="random-user-service">
<kw name="GET On Session" owner="RequestsLibrary">
<msg time="2024-05-24T02:28:00.874298" level="INFO">GET Request : url=https://randomuser.me/api 
 path_url=/api 
 headers={'User-Agent': 'python-requests/2.32.2', 'Accept-Encoding': 'gzip, deflate', 'Accept': '*/*', 'Connection': 'keep-alive'} 
 body=None 
 </msg>
<msg time="2024-05-24T02:28:00.874370" level="INFO">GET Response : url=https://randomuser.me/api 
 status=200, reason=OK 
 headers={'Date': 'Fri, 24 May 2024 02:28:00 GMT', 'Content-Type': 'application/json; charset=utf-8', 'Transfer-Encoding': 'chunked', 'Connection': 'keep-alive', 'X-Powered-By': 'Express', 'Access-Control-Allow-Origin': '*', 'Cache-Control': 'no-cache', 'ETag': 'W/"46f-ebZ6IoLJ8eQ/4vO6gt9/EQAQuDQ"', 'Vary': 'Accept-Encoding', 'Content-Encoding': 'gzip', 'CF-Cache-Status': 'DYNAMIC', 'Report-To': '{"endpoints":[{"url":"https:\\/\\/a.nel.cloudflare.com\\/report\\/v4?s=yB%2FBeF%2BGsxZF%2FetQ2lEvsRo9eqFiwb35Ml6%2B4QgMt0hZ4Rkx0Ixqdt4xBywVLfKhLvozUI06E%2BlVp2O%2FzX6OFbXdlByoV1AKRrsBLuAdKfKFk2IREjTh%2FvPRtCoCvys7"}],"group":"cf-nel","max_age":604800}', 'NEL': '{"success_fraction":0,"report_to":"cf-nel","max_age":604800}', 'Server': 'cloudflare', 'CF-RAY': '8889d9911cd30256-ORD', 'alt-svc': 'h3=":443"; ma=86400'} 
 body={"results":[{"gender":"male","name":{"title":"Mr","first":"Eric","last":"Brown"},"location":{"street":{"number":5964,"name":"The Avenue"},"city":"Youghal","state":"Roscommon","country":"Ireland","postcode":44314,"coordinates":{"latitude":"-3.4474","longitude":"-168.2780"},"timezone":{"offset":"+9:30","description":"Adelaide, Darwin"}},"email":"eric.brown@example.com","login":{"uuid":"41e9dfc6-18b0-4abd-8267-ad260dcfe2fe","username":"happyladybug716","password":"brest","salt":"eFRaOT2a","md5":"c118cfd0db9da0b1f565d7b2a0d9bf4b","sha1":"58ee4bfc757b97b92f529d13ddd7b42d789cfd34","sha256":"74a79b978c9cec1a07fe2597c08b28d5a69381c96b36eff4dc165587f0617486"},"dob":{"date":"1991-03-05T01:48:31.989Z","age":33},"registered":{"date":"2005-02-25T10:12:37.241Z","age":19},"phone":"011-879-8199","cell":"081-104-9834","id":{"name":"PPS","value":"1982086T"},"picture":{"large":"https://randomuser.me/api/portraits/men/40.jpg","medium":"https://randomuser.me/api/portraits/med/men/40.jpg","thumbnail":"https://randomuser.me/api/portraits/thumb/men/40.jpg"},"nat":"IE"}],"info":{"seed":"ecad38156722f38b","results":1,"page":1,"version":"1.4"}} 
 </msg>
<msg time="2024-05-24T02:28:00.874439" level="INFO">/opt/hostedtoolcache/Python/3.12.3/x64/lib/python3.12/site-packages/urllib3/connectionpool.py:1103: InsecureRequestWarning: Unverified HTTPS request is being made to host 'randomuser.me'. Adding certificate verification is strongly advised. See: https://urllib3.readthedocs.io/en/latest/advanced-usage.html#tls-warnings
  warnings.warn(</msg>
<msg time="2024-05-24T02:28:00.874553" level="INFO">${response} = &lt;Response [200]&gt;</msg>
<var>${response}</var>
<arg>consultarAPI</arg>
<arg>/api</arg>
<doc>Sends a GET request on a previously created HTTP Session.</doc>
<status status="PASS" start="2024-05-24T02:28:00.811949" elapsed="0.062651"/>
</kw>
<kw name="Set Variable" owner="BuiltIn">
<msg time="2024-05-24T02:28:00.875455" level="INFO">${json_data} = {'results': [{'gender': 'male', 'name': {'title': 'Mr', 'first': 'Eric', 'last': 'Brown'}, 'location': {'street': {'number': 5964, 'name': 'The Avenue'}, 'city': 'Youghal', 'state': 'Roscommon', 'coun...</msg>
<var>${json_data}</var>
<arg>${response.json()}</arg>
<doc>Returns the given values which can then be assigned to a variables.</doc>
<status status="PASS" start="2024-05-24T02:28:00.874984" elapsed="0.000500"/>
</kw>
<kw name="Log" owner="BuiltIn">
<msg time="2024-05-24T02:28:00.875943" level="INFO">{'results': [{'gender': 'male', 'name': {'title': 'Mr', 'first': 'Eric', 'last': 'Brown'}, 'location': {'street': {'number': 5964, 'name': 'The Avenue'}, 'city': 'Youghal', 'state': 'Roscommon', 'country': 'Ireland', 'postcode': 44314, 'coordinates': {'latitude': '-3.4474', 'longitude': '-168.2780'}, 'timezone': {'offset': '+9:30', 'description': 'Adelaide, Darwin'}}, 'email': 'eric.brown@example.com', 'login': {'uuid': '41e9dfc6-18b0-4abd-8267-ad260dcfe2fe', 'username': 'happyladybug716', 'password': 'brest', 'salt': 'eFRaOT2a', 'md5': 'c118cfd0db9da0b1f565d7b2a0d9bf4b', 'sha1': '58ee4bfc757b97b92f529d13ddd7b42d789cfd34', 'sha256': '74a79b978c9cec1a07fe2597c08b28d5a69381c96b36eff4dc165587f0617486'}, 'dob': {'date': '1991-03-05T01:48:31.989Z', 'age': 33}, 'registered': {'date': '2005-02-25T10:12:37.241Z', 'age': 19}, 'phone': '011-879-8199', 'cell': '081-104-9834', 'id': {'name': 'PPS', 'value': '1982086T'}, 'picture': {'large': 'https://randomuser.me/api/portraits/men/40.jpg', 'medium': 'https://randomuser.me/api/portraits/med/men/40.jpg', 'thumbnail': 'https://randomuser.me/api/portraits/thumb/men/40.jpg'}, 'nat': 'IE'}], 'info': {'seed': 'ecad38156722f38b', 'results': 1, 'page': 1, 'version': '1.4'}}</msg>
<arg>${json_data}</arg>
<doc>Logs the given message with the given level.</doc>
<status status="PASS" start="2024-05-24T02:28:00.875787" elapsed="0.000240"/>
</kw>
<kw name="Should Be String" owner="String">
<arg>${json_data['results'][0]['gender']}</arg>
<doc>Fails if the given ``item`` is not a string.</doc>
<status status="PASS" start="2024-05-24T02:28:00.876326" elapsed="0.000357"/>
</kw>
<kw name="Should Match Regexp" owner="BuiltIn">
<arg>${json_data['results'][0]['email']}</arg>
<arg>^[a-zA-Z0-9._%+-]+@[a-zA-Z0-9.-]+\.[a-zA-Z]{2,}$</arg>
<doc>Fails if ``string`` does not match ``pattern`` as a regular expression.</doc>
<status status="PASS" start="2024-05-24T02:28:00.876877" elapsed="0.000614"/>
</kw>
<kw name="Should Match Regexp" owner="BuiltIn">
<arg>${json_data['results'][0]['dob']['date']}</arg>
<arg>\\d{4}-\\d{2}-\\d{2}T\\d{2}:\\d{2}:\\d{2}\\.\\d{3}Z</arg>
<doc>Fails if ``string`` does not match ``pattern`` as a regular expression.</doc>
<status status="PASS" start="2024-05-24T02:28:00.877690" elapsed="0.000530"/>
</kw>
<kw name="Should Match Regexp" owner="BuiltIn">
<arg>${json_data['results'][0]['registered']['date']}</arg>
<arg>\\d{4}-\\d{2}-\\d{2}T\\d{2}:\\d{2}:\\d{2}\\.\\d{3}Z</arg>
<doc>Fails if ``string`` does not match ``pattern`` as a regular expression.</doc>
<status status="PASS" start="2024-05-24T02:28:00.878418" elapsed="0.000368"/>
</kw>
<kw name="Should Match Regexp" owner="BuiltIn">
<arg>${json_data['results'][0]['picture']['large']}</arg>
<arg>^https?://.*\.(?:png|jpe?g|gif|bmp)$</arg>
<doc>Fails if ``string`` does not match ``pattern`` as a regular expression.</doc>
<status status="PASS" start="2024-05-24T02:28:00.878973" elapsed="0.000456"/>
</kw>
<kw name="Should Match Regexp" owner="BuiltIn">
<arg>${json_data['results'][0]['picture']['medium']}</arg>
<arg>^https?://.*\.(?:png|jpe?g|gif|bmp)$</arg>
<doc>Fails if ``string`` does not match ``pattern`` as a regular expression.</doc>
<status status="PASS" start="2024-05-24T02:28:00.879619" elapsed="0.000347"/>
</kw>
<kw name="Should Match Regexp" owner="BuiltIn">
<arg>${json_data['results'][0]['picture']['thumbnail']}</arg>
<arg>^https?://.*\.(?:png|jpe?g|gif|bmp)$</arg>
<doc>Fails if ``string`` does not match ``pattern`` as a regular expression.</doc>
<status status="PASS" start="2024-05-24T02:28:00.880151" elapsed="0.000350"/>
</kw>
<kw name="Log" owner="BuiltIn">
<msg time="2024-05-24T02:28:00.880999" level="INFO">{'large': 'https://randomuser.me/api/portraits/men/40.jpg', 'medium': 'https://randomuser.me/api/portraits/med/men/40.jpg', 'thumbnail': 'https://randomuser.me/api/portraits/thumb/men/40.jpg'}</msg>
<arg>${json_data['results'][0]['picture']}</arg>
<doc>Logs the given message with the given level.</doc>
<status status="PASS" start="2024-05-24T02:28:00.880681" elapsed="0.000358"/>
</kw>
<status status="PASS" start="2024-05-24T02:28:00.811722" elapsed="0.069568"/>
</kw>
<kw name="Teste de Tipos de Dados - Postcode" owner="random-user-service">
<kw name="GET On Session" owner="RequestsLibrary">
<msg time="2024-05-24T02:28:00.962460" level="INFO">GET Request : url=https://randomuser.me/api 
 path_url=/api 
 headers={'User-Agent': 'python-requests/2.32.2', 'Accept-Encoding': 'gzip, deflate', 'Accept': '*/*', 'Connection': 'keep-alive'} 
 body=None 
 </msg>
<msg time="2024-05-24T02:28:00.962531" level="INFO">GET Response : url=https://randomuser.me/api 
 status=200, reason=OK 
 headers={'Date': 'Fri, 24 May 2024 02:28:00 GMT', 'Content-Type': 'application/json; charset=utf-8', 'Transfer-Encoding': 'chunked', 'Connection': 'keep-alive', 'X-Powered-By': 'Express', 'Access-Control-Allow-Origin': '*', 'Cache-Control': 'no-cache', 'ETag': 'W/"482-ixOVsyN7muzvuRhd3wBnoH/d8Aw"', 'Vary': 'Accept-Encoding', 'Content-Encoding': 'gzip', 'CF-Cache-Status': 'DYNAMIC', 'Report-To': '{"endpoints":[{"url":"https:\\/\\/a.nel.cloudflare.com\\/report\\/v4?s=YUp7p0oAoTzSAYTQvidVdJ2SzuqZwQy%2F0eTcSxO%2FOQAqc8PftYgt43n1iZDqaBrs8yGHSkX1GItg91OrcPmayWpn%2F5v%2Bw0b7jGWz7AfVmbHL8xlNLA4oWt9GuKMEtH9f"}],"group":"cf-nel","max_age":604800}', 'NEL': '{"success_fraction":0,"report_to":"cf-nel","max_age":604800}', 'Server': 'cloudflare', 'CF-RAY': '8889d9918d680256-ORD', 'alt-svc': 'h3=":443"; ma=86400'} 
 body={"results":[{"gender":"male","name":{"title":"Mr","first":"Owen","last":"Meunier"},"location":{"street":{"number":2446,"name":"Rue Principale"},"city":"Nanterre","state":"Mayenne","country":"France","postcode":49199,"coordinates":{"latitude":"-13.8040","longitude":"-71.2077"},"timezone":{"offset":"+9:30","description":"Adelaide, Darwin"}},"email":"owen.meunier@example.com","login":{"uuid":"cae3f9a6-1243-4439-9cf2-aca9147bc1a4","username":"yellowdog673","password":"riffraff","salt":"gipoqoL2","md5":"5efe610f9218a5a6206e39f53e7d2b31","sha1":"5deba0e70fed1ecbea6d4f6fb111714843024cf6","sha256":"a1c268ef70eb11730216ad3ca4ff1f2d07702c53dc4707fe71225abbe001b7dd"},"dob":{"date":"1989-05-26T08:26:55.959Z","age":34},"registered":{"date":"2015-06-20T12:02:20.186Z","age":8},"phone":"01-24-77-16-22","cell":"06-06-20-18-50","id":{"name":"INSEE","value":"1890499571241 53"},"picture":{"large":"https://randomuser.me/api/portraits/men/59.jpg","medium":"https://randomuser.me/api/portraits/med/men/59.jpg","thumbnail":"https://randomuser.me/api/portraits/thumb/men/59.jpg"},"nat":"FR"}],"info":{"seed":"9b9727379c89a3e7","results":1,"page":1,"version":"1.4"}} 
 </msg>
<msg time="2024-05-24T02:28:00.962600" level="INFO">/opt/hostedtoolcache/Python/3.12.3/x64/lib/python3.12/site-packages/urllib3/connectionpool.py:1103: InsecureRequestWarning: Unverified HTTPS request is being made to host 'randomuser.me'. Adding certificate verification is strongly advised. See: https://urllib3.readthedocs.io/en/latest/advanced-usage.html#tls-warnings
  warnings.warn(</msg>
<msg time="2024-05-24T02:28:00.962715" level="INFO">${response} = &lt;Response [200]&gt;</msg>
<var>${response}</var>
<arg>consultarAPI</arg>
<arg>/api</arg>
<doc>Sends a GET request on a previously created HTTP Session.</doc>
<status status="PASS" start="2024-05-24T02:28:00.881713" elapsed="0.081052"/>
</kw>
<kw name="Set Variable" owner="BuiltIn">
<msg time="2024-05-24T02:28:00.963617" level="INFO">${json_data} = {'results': [{'gender': 'male', 'name': {'title': 'Mr', 'first': 'Owen', 'last': 'Meunier'}, 'location': {'street': {'number': 2446, 'name': 'Rue Principale'}, 'city': 'Nanterre', 'state': 'Mayenne', ...</msg>
<var>${json_data}</var>
<arg>${response.json()}</arg>
<doc>Returns the given values which can then be assigned to a variables.</doc>
<status status="PASS" start="2024-05-24T02:28:00.963149" elapsed="0.000496"/>
</kw>
<kw name="Log" owner="BuiltIn">
<msg time="2024-05-24T02:28:00.964127" level="INFO">{'results': [{'gender': 'male', 'name': {'title': 'Mr', 'first': 'Owen', 'last': 'Meunier'}, 'location': {'street': {'number': 2446, 'name': 'Rue Principale'}, 'city': 'Nanterre', 'state': 'Mayenne', 'country': 'France', 'postcode': 49199, 'coordinates': {'latitude': '-13.8040', 'longitude': '-71.2077'}, 'timezone': {'offset': '+9:30', 'description': 'Adelaide, Darwin'}}, 'email': 'owen.meunier@example.com', 'login': {'uuid': 'cae3f9a6-1243-4439-9cf2-aca9147bc1a4', 'username': 'yellowdog673', 'password': 'riffraff', 'salt': 'gipoqoL2', 'md5': '5efe610f9218a5a6206e39f53e7d2b31', 'sha1': '5deba0e70fed1ecbea6d4f6fb111714843024cf6', 'sha256': 'a1c268ef70eb11730216ad3ca4ff1f2d07702c53dc4707fe71225abbe001b7dd'}, 'dob': {'date': '1989-05-26T08:26:55.959Z', 'age': 34}, 'registered': {'date': '2015-06-20T12:02:20.186Z', 'age': 8}, 'phone': '01-24-77-16-22', 'cell': '06-06-20-18-50', 'id': {'name': 'INSEE', 'value': '1890499571241 53'}, 'picture': {'large': 'https://randomuser.me/api/portraits/men/59.jpg', 'medium': 'https://randomuser.me/api/portraits/med/men/59.jpg', 'thumbnail': 'https://randomuser.me/api/portraits/thumb/men/59.jpg'}, 'nat': 'FR'}], 'info': {'seed': '9b9727379c89a3e7', 'results': 1, 'page': 1, 'version': '1.4'}}</msg>
<arg>${json_data}</arg>
<doc>Logs the given message with the given level.</doc>
<status status="PASS" start="2024-05-24T02:28:00.963972" elapsed="0.000233"/>
</kw>
<kw name="Should Be Equal As Numbers" owner="BuiltIn">
<arg>${json_data['results'][0]['location']['postcode']}</arg>
<arg>${json_data['results'][0]['location']['postcode']}</arg>
<doc>Fails if objects are unequal after converting them to real numbers.</doc>
<status status="PASS" start="2024-05-24T02:28:00.964510" elapsed="0.000621"/>
</kw>
<kw name="Log" owner="BuiltIn">
<msg time="2024-05-24T02:28:00.965666" level="INFO">49199</msg>
<arg>${json_data['results'][0]['location']['postcode']}</arg>
<doc>Logs the given message with the given level.</doc>
<status status="PASS" start="2024-05-24T02:28:00.965325" elapsed="0.000382"/>
</kw>
<status status="PASS" start="2024-05-24T02:28:00.881498" elapsed="0.084499"/>
</kw>
<doc>Testa se os tipos de dados na resposta da API estão corretos.</doc>
<tag>testeTiposDados</tag>
<status status="PASS" start="2024-05-24T02:28:00.811275" elapsed="0.154882"/>
</test>
<test id="s1-s1-t5" name="Validar conteudo" line="35">
<kw name="Teste de Tipos de Conteudo" owner="random-user-service">
<kw name="GET On Session" owner="RequestsLibrary">
<msg time="2024-05-24T02:28:01.059054" level="INFO">GET Request : url=https://randomuser.me/api 
 path_url=/api 
 headers={'User-Agent': 'python-requests/2.32.2', 'Accept-Encoding': 'gzip, deflate', 'Accept': '*/*', 'Connection': 'keep-alive'} 
 body=None 
 </msg>
<msg time="2024-05-24T02:28:01.059152" level="INFO">GET Response : url=https://randomuser.me/api 
 status=200, reason=OK 
 headers={'Date': 'Fri, 24 May 2024 02:28:01 GMT', 'Content-Type': 'application/json; charset=utf-8', 'Transfer-Encoding': 'chunked', 'Connection': 'keep-alive', 'X-Powered-By': 'Express', 'Access-Control-Allow-Origin': '*', 'Cache-Control': 'no-cache', 'ETag': 'W/"493-757dMEF1pqaBH0Asn2Y3bMwg55o"', 'Vary': 'Accept-Encoding', 'Content-Encoding': 'gzip', 'CF-Cache-Status': 'DYNAMIC', 'Report-To': '{"endpoints":[{"url":"https:\\/\\/a.nel.cloudflare.com\\/report\\/v4?s=TVAXsDpSDUI%2Fz4YsN%2BJuLxDPIXeIZv6IqwR3yM79iTegEl56uH0%2Fh48jFNHoQSfWRVAuxvOvfzLE4Cd%2FCbdxd8yNA0eZz4Lckxz2dCnOZl8ka628QmZUQn9k7nfnSnKR"}],"group":"cf-nel","max_age":604800}', 'NEL': '{"success_fraction":0,"report_to":"cf-nel","max_age":604800}', 'Server': 'cloudflare', 'CF-RAY': '8889d9920e180256-ORD', 'alt-svc': 'h3=":443"; ma=86400'} 
 body={"results":[{"gender":"female","name":{"title":"Ms","first":"Nicoline","last":"Nielsen"},"location":{"street":{"number":9555,"name":"Københavnsvej"},"city":"Gjerlev","state":"Danmark","country":"Denmark","postcode":68386,"coordinates":{"latitude":"-44.4255","longitude":"143.9231"},"timezone":{"offset":"+8:00","description":"Beijing, Perth, Singapore, Hong Kong"}},"email":"nicoline.nielsen@example.com","login":{"uuid":"bafdf731-a2e8-4ae2-884c-c4cc31ef2883","username":"silverpeacock375","password":"crew","salt":"l6FP6kbI","md5":"697873fa9b794f9bdee43cb58beebea8","sha1":"6c3b922b977febb9db48af53fc51c283e3daf2e1","sha256":"c3d39e72b6bbadb5333e0882cbb97fa56788803cb854ae4e98edd5b5668f139f"},"dob":{"date":"1988-05-20T22:01:01.273Z","age":36},"registered":{"date":"2017-11-24T00:37:25.930Z","age":6},"phone":"09915523","cell":"10608635","id":{"name":"CPR","value":"200588-3969"},"picture":{"large":"https://randomuser.me/api/portraits/women/18.jpg","medium":"https://randomuser.me/api/portraits/med/women/18.jpg","thumbnail":"https://randomuser.me/api/portraits/thumb/women/18.jpg"},"nat":"DK"}],"info":{"seed":"b80b9d6704c8e84b","results":1,"page":1,"version":"1.4"}} 
 </msg>
<msg time="2024-05-24T02:28:01.059246" level="INFO">/opt/hostedtoolcache/Python/3.12.3/x64/lib/python3.12/site-packages/urllib3/connectionpool.py:1103: InsecureRequestWarning: Unverified HTTPS request is being made to host 'randomuser.me'. Adding certificate verification is strongly advised. See: https://urllib3.readthedocs.io/en/latest/advanced-usage.html#tls-warnings
  warnings.warn(</msg>
<msg time="2024-05-24T02:28:01.059408" level="INFO">${response} = &lt;Response [200]&gt;</msg>
<var>${response}</var>
<arg>consultarAPI</arg>
<arg>/api</arg>
<doc>Sends a GET request on a previously created HTTP Session.</doc>
<status status="PASS" start="2024-05-24T02:28:00.968598" elapsed="0.090874"/>
</kw>
<kw name="Set Variable" owner="BuiltIn">
<msg time="2024-05-24T02:28:01.060462" level="INFO">${json_data} = {'results': [{'gender': 'female', 'name': {'title': 'Ms', 'first': 'Nicoline', 'last': 'Nielsen'}, 'location': {'street': {'number': 9555, 'name': 'Københavnsvej'}, 'city': 'Gjerlev', 'state': 'Danmar...</msg>
<var>${json_data}</var>
<arg>${response.json()}</arg>
<doc>Returns the given values which can then be assigned to a variables.</doc>
<status status="PASS" start="2024-05-24T02:28:01.059917" elapsed="0.000578"/>
</kw>
<kw name="Set Variable" owner="BuiltIn">
<msg time="2024-05-24T02:28:01.061177" level="INFO">${name_title} = Ms</msg>
<var>${name_title}</var>
<arg>${json_data["results"][0]["name"]["title"]}</arg>
<doc>Returns the given values which can then be assigned to a variables.</doc>
<status status="PASS" start="2024-05-24T02:28:01.060796" elapsed="0.000406"/>
</kw>
<kw name="Create List" owner="BuiltIn">
<msg time="2024-05-24T02:28:01.061654" level="INFO">${allowed_titles} = ['Mr', 'Ms', 'Miss', 'Mrs', 'Madame', 'Monsieur']</msg>
<var>${allowed_titles}</var>
<arg>Mr</arg>
<arg>Ms</arg>
<arg>Miss</arg>
<arg>Mrs</arg>
<arg>Madame</arg>
<arg>Monsieur</arg>
<doc>Returns a list containing given items.</doc>
<status status="PASS" start="2024-05-24T02:28:01.061508" elapsed="0.000169"/>
</kw>
<kw name="List Should Contain Value" owner="Collections">
<msg time="2024-05-24T02:28:01.062178" level="INFO">False</msg>
<arg>${allowed_titles}</arg>
<arg>${name_title}</arg>
<doc>Fails if the ``value`` is not found from ``list``.</doc>
<status status="PASS" start="2024-05-24T02:28:01.062005" elapsed="0.000209"/>
</kw>
<kw name="Set Variable" owner="BuiltIn">
<msg time="2024-05-24T02:28:01.063019" level="INFO">${name_country} = DK</msg>
<var>${name_country}</var>
<arg>${json_data["results"][0]["nat"]}</arg>
<doc>Returns the given values which can then be assigned to a variables.</doc>
<status status="PASS" start="2024-05-24T02:28:01.062506" elapsed="0.000539"/>
</kw>
<kw name="Create List" owner="BuiltIn">
<msg time="2024-05-24T02:28:01.063953" level="INFO">${list_country} = ['AD', 'AE', 'AF', 'AG', 'AI', 'AL', 'AM', 'AO', 'AQ', 'AR', 'AS', 'AT', 'AU', 'AW', 'AX', 'AZ', 'BA', 'BB', 'BD', 'BE', 'BF', 'BG', 'BH', 'BI', 'BJ', 'BL', 'BM', 'BN', 'BO', 'BQ', 'BR', 'BS', 'BT', '...</msg>
<var>${list_country}</var>
<arg>AD</arg>
<arg>AE</arg>
<arg>AF</arg>
<arg>AG</arg>
<arg>AI</arg>
<arg>AL</arg>
<arg>AM</arg>
<arg>AO</arg>
<arg>AQ</arg>
<arg>AR</arg>
<arg>AS</arg>
<arg>AT</arg>
<arg>AU</arg>
<arg>AW</arg>
<arg>AX</arg>
<arg>AZ</arg>
<arg>BA</arg>
<arg>BB</arg>
<arg>BD</arg>
<arg>BE</arg>
<arg>BF</arg>
<arg>BG</arg>
<arg>BH</arg>
<arg>BI</arg>
<arg>BJ</arg>
<arg>BL</arg>
<arg>BM</arg>
<arg>BN</arg>
<arg>BO</arg>
<arg>BQ</arg>
<arg>BR</arg>
<arg>BS</arg>
<arg>BT</arg>
<arg>BV</arg>
<arg>BW</arg>
<arg>BY</arg>
<arg>BZ</arg>
<arg>CA</arg>
<arg>CC</arg>
<arg>CD</arg>
<arg>CF</arg>
<arg>CG</arg>
<arg>CH</arg>
<arg>CI</arg>
<arg>CK</arg>
<arg>CL</arg>
<arg>CM</arg>
<arg>CN</arg>
<arg>CO</arg>
<arg>CR</arg>
<arg>CU</arg>
<arg>CV</arg>
<arg>CW</arg>
<arg>CX</arg>
<arg>CY</arg>
<arg>CZ</arg>
<arg>DE</arg>
<arg>DJ</arg>
<arg>DK</arg>
<arg>DM</arg>
<arg>DO</arg>
<arg>DZ</arg>
<arg>EC</arg>
<arg>EE</arg>
<arg>EG</arg>
<arg>EH</arg>
<arg>ER</arg>
<arg>ES</arg>
<arg>ET</arg>
<arg>FI</arg>
<arg>FJ</arg>
<arg>FK</arg>
<arg>FM</arg>
<arg>FO</arg>
<arg>FR</arg>
<arg>GA</arg>
<arg>GB</arg>
<arg>GD</arg>
<arg>GE</arg>
<arg>GF</arg>
<arg>GG</arg>
<arg>GH</arg>
<arg>GI</arg>
<arg>GL</arg>
<arg>GM</arg>
<arg>GN</arg>
<arg>GP</arg>
<arg>GQ</arg>
<arg>GR</arg>
<arg>GS</arg>
<arg>GT</arg>
<arg>GU</arg>
<arg>GW</arg>
<arg>GY</arg>
<arg>HK</arg>
<arg>HM</arg>
<arg>HN</arg>
<arg>HR</arg>
<arg>HT</arg>
<arg>HU</arg>
<arg>ID</arg>
<arg>IE</arg>
<arg>IL</arg>
<arg>IM</arg>
<arg>IN</arg>
<arg>IO</arg>
<arg>IQ</arg>
<arg>IR</arg>
<arg>IS</arg>
<arg>IT</arg>
<arg>JE</arg>
<arg>JM</arg>
<arg>JO</arg>
<arg>JP</arg>
<arg>KE</arg>
<arg>KG</arg>
<arg>KH</arg>
<arg>KI</arg>
<arg>KM</arg>
<arg>KN</arg>
<arg>KP</arg>
<arg>KR</arg>
<arg>KW</arg>
<arg>KY</arg>
<arg>KZ</arg>
<arg>LA</arg>
<arg>LB</arg>
<arg>LC</arg>
<arg>LI</arg>
<arg>LK</arg>
<arg>LR</arg>
<arg>LS</arg>
<arg>LT</arg>
<arg>LU</arg>
<arg>LV</arg>
<arg>LY</arg>
<arg>MA</arg>
<arg>MC</arg>
<arg>MD</arg>
<arg>ME</arg>
<arg>MF</arg>
<arg>MG</arg>
<arg>MH</arg>
<arg>MK</arg>
<arg>ML</arg>
<arg>MM</arg>
<arg>MN</arg>
<arg>MO</arg>
<arg>MP</arg>
<arg>MQ</arg>
<arg>MR</arg>
<arg>MS</arg>
<arg>MT</arg>
<arg>MU</arg>
<arg>MV</arg>
<arg>MW</arg>
<arg>MX</arg>
<arg>MY</arg>
<arg>MZ</arg>
<arg>NA</arg>
<arg>NC</arg>
<arg>NE</arg>
<arg>NF</arg>
<arg>NG</arg>
<arg>NI</arg>
<arg>NL</arg>
<arg>NO</arg>
<arg>NP</arg>
<arg>NR</arg>
<arg>NU</arg>
<arg>NZ</arg>
<arg>OM</arg>
<arg>PA</arg>
<arg>PE</arg>
<arg>PF</arg>
<arg>PG</arg>
<arg>PH</arg>
<arg>PK</arg>
<arg>PL</arg>
<arg>PM</arg>
<arg>PN</arg>
<arg>PR</arg>
<arg>PS</arg>
<arg>PT</arg>
<arg>PW</arg>
<arg>PY</arg>
<arg>QA</arg>
<arg>RE</arg>
<arg>RO</arg>
<arg>RS</arg>
<arg>RU</arg>
<arg>RW</arg>
<arg>SA</arg>
<arg>SB</arg>
<arg>SC</arg>
<arg>SD</arg>
<arg>SE</arg>
<arg>SG</arg>
<arg>SH</arg>
<arg>SI</arg>
<arg>SJ</arg>
<arg>SK</arg>
<arg>SL</arg>
<arg>SM</arg>
<arg>SN</arg>
<arg>SO</arg>
<arg>SR</arg>
<arg>SS</arg>
<arg>ST</arg>
<arg>SV</arg>
<arg>SX</arg>
<arg>SY</arg>
<arg>SZ</arg>
<arg>TC</arg>
<arg>TD</arg>
<arg>TF</arg>
<arg>TG</arg>
<arg>TH</arg>
<arg>TJ</arg>
<arg>TK</arg>
<arg>TL</arg>
<arg>TM</arg>
<arg>TN</arg>
<arg>TO</arg>
<arg>TR</arg>
<arg>TT</arg>
<arg>TV</arg>
<arg>TW</arg>
<arg>TZ</arg>
<arg>UA</arg>
<arg>UG</arg>
<arg>UM</arg>
<arg>US</arg>
<arg>UY</arg>
<arg>UZ</arg>
<arg>VA</arg>
<arg>VC</arg>
<arg>VE</arg>
<arg>VG</arg>
<arg>VI</arg>
<arg>VN</arg>
<arg>VU</arg>
<arg>WF</arg>
<arg>WS</arg>
<arg>XK</arg>
<arg>YE</arg>
<arg>YT</arg>
<arg>ZA</arg>
<arg>ZM</arg>
<arg>ZW</arg>
<doc>Returns a list containing given items.</doc>
<status status="PASS" start="2024-05-24T02:28:01.063353" elapsed="0.000625"/>
</kw>
<kw name="List Should Contain Value" owner="Collections">
<msg time="2024-05-24T02:28:01.064972" level="INFO">False</msg>
<arg>${list_country}</arg>
<arg>${name_country}</arg>
<doc>Fails if the ``value`` is not found from ``list``.</doc>
<status status="PASS" start="2024-05-24T02:28:01.064767" elapsed="0.000241"/>
</kw>
<kw name="Run Keyword If" owner="BuiltIn">
<kw name="Should Be True" owner="BuiltIn">
<arg>${True}</arg>
<doc>Fails if the given condition is not true.</doc>
<status status="PASS" start="2024-05-24T02:28:01.066097" elapsed="0.000145"/>
</kw>
<arg>${json_data["results"][0]["location"]["coordinates"]["latitude"]} &gt;= -90 and ${json_data["results"][0]["location"]["coordinates"]["latitude"]} &lt;= 90</arg>
<arg>Should Be True</arg>
<arg>${True}</arg>
<doc>Runs the given keyword with the given arguments, if ``condition`` is true.</doc>
<status status="PASS" start="2024-05-24T02:28:01.065313" elapsed="0.001059"/>
</kw>
<kw name="Run Keyword If" owner="BuiltIn">
<kw name="Should Be True" owner="BuiltIn">
<arg>${True}</arg>
<doc>Fails if the given condition is not true.</doc>
<status status="PASS" start="2024-05-24T02:28:01.067246" elapsed="0.000137"/>
</kw>
<arg>${json_data["results"][0]["location"]["coordinates"]["longitude"]} &gt;= -180 and ${json_data["results"][0]["location"]["coordinates"]["longitude"]} &lt;= 180</arg>
<arg>Should Be True</arg>
<arg>${True}</arg>
<doc>Runs the given keyword with the given arguments, if ``condition`` is true.</doc>
<status status="PASS" start="2024-05-24T02:28:01.066558" elapsed="0.000952"/>
</kw>
<status status="PASS" start="2024-05-24T02:28:00.968378" elapsed="0.099260"/>
</kw>
<doc>Testa o conteúdo específico dos campos retornados pela API.</doc>
<tag>testeConteudo</tag>
<status status="PASS" start="2024-05-24T02:28:00.967948" elapsed="0.099830"/>
</test>
<status status="PASS" start="2024-05-24T02:28:00.105023" elapsed="0.964618"/>
</suite>
<status status="PASS" start="2024-05-24T02:28:00.091672" elapsed="0.983052"/>
</suite>
<statistics>
<total>
<stat pass="5" fail="0" skip="0">All Tests</stat>
</total>
<tag>
<stat pass="1" fail="0" skip="0">testeConteudo</stat>
<stat pass="1" fail="0" skip="0">testeEstruturaResposta</stat>
<stat pass="1" fail="0" skip="0">testeRequisicaoBasica</stat>
<stat pass="1" fail="0" skip="0">testeTiposDados</stat>
</tag>
<suite>
<stat pass="5" fail="0" skip="0" id="s1" name="Tests">Tests</stat>
<stat pass="5" fail="0" skip="0" id="s1-s1" name="Random-User-Test">Tests.Random-User-Test</stat>
</suite>
</statistics>
<errors>
</errors>
</robot>
