<?xml version="1.0" encoding="UTF-8"?>
<robot generator="Robot 7.0 (Python 3.12.2 on linux)" generated="2024-03-22T04:15:44.405743" rpa="false" schemaversion="5">
<suite id="s1" name="Tests" source="/home/runner/work/DesafioQAItauRogerioJordao/DesafioQAItauRogerioJordao/RamdonUser/tests">
<suite id="s1-s1" name="Random-User-Test" source="/home/runner/work/DesafioQAItauRogerioJordao/DesafioQAItauRogerioJordao/RamdonUser/tests/random-user-test.robot">
<test id="s1-s1-t1" name="Conectar" line="13">
<kw name="Conectar API" owner="random-user-service">
<kw name="Create Session" owner="RequestsLibrary">
<msg time="2024-03-22T04:15:44.789192" level="INFO">Creating Session using : alias=consultarAPI, url=https://randomuser.me/, headers={},                     cookies={}, auth=None, timeout=None, proxies=None, verify=False,                     debug=0 </msg>
<arg>consultarAPI</arg>
<arg>${URL}</arg>
<doc>Create Session: create a HTTP session to a server</doc>
<status status="PASS" start="2024-03-22T04:15:44.788978" elapsed="0.000401"/>
</kw>
<status status="PASS" start="2024-03-22T04:15:44.787905" elapsed="0.001852"/>
</kw>
<status status="PASS" start="2024-03-22T04:15:44.787336" elapsed="0.002632"/>
</test>
<test id="s1-s1-t2" name="Validar retorno 200 e JSON Válido" line="16">
<kw name="Teste de Requisicao Basica" owner="random-user-service">
<kw name="GET On Session" owner="RequestsLibrary">
<msg time="2024-03-22T04:15:44.973597" level="INFO">GET Request : url=https://randomuser.me/api 
 path_url=/api 
 headers={'User-Agent': 'python-requests/2.31.0', 'Accept-Encoding': 'gzip, deflate', 'Accept': '*/*', 'Connection': 'keep-alive'} 
 body=None 
 </msg>
<msg time="2024-03-22T04:15:44.973768" level="INFO">GET Response : url=https://randomuser.me/api 
 status=200, reason=OK 
 headers={'Date': 'Fri, 22 Mar 2024 04:15:44 GMT', 'Content-Type': 'application/json; charset=utf-8', 'Transfer-Encoding': 'chunked', 'Connection': 'keep-alive', 'X-Powered-By': 'Express', 'Access-Control-Allow-Origin': '*', 'Cache-Control': 'no-cache', 'ETag': 'W/"4a4-KNSbJnzlNtOzTAZtC/XFsa8tEro"', 'Vary': 'Accept-Encoding', 'Content-Encoding': 'gzip', 'CF-Cache-Status': 'DYNAMIC', 'Report-To': '{"endpoints":[{"url":"https:\\/\\/a.nel.cloudflare.com\\/report\\/v4?s=FDrq7Qn0UEQCrL%2FVJHycdMy4IoL8tahc7B6t0Bryb4LqRimzUcxOzddGix3SWCh7cMYzRrwo1Zf0EPYKTN18MumkcrKJuZc9TeSIWAuZPf%2BOkyO94f7WH%2ButXHJ2dmo8"}],"group":"cf-nel","max_age":604800}', 'NEL': '{"success_fraction":0,"report_to":"cf-nel","max_age":604800}', 'Server': 'cloudflare', 'CF-RAY': '86835cc1edd82d76-ORD', 'alt-svc': 'h3=":443"; ma=86400'} 
 body={"results":[{"gender":"female","name":{"title":"Ms","first":"Tika","last":"Belt"},"location":{"street":{"number":4351,"name":"Eerste Hulkesteinhof"},"city":"Nieuw-Scheemda","state":"Zeeland","country":"Netherlands","postcode":"6063 AI","coordinates":{"latitude":"31.8502","longitude":"160.7739"},"timezone":{"offset":"+5:30","description":"Bombay, Calcutta, Madras, New Delhi"}},"email":"tika.belt@example.com","login":{"uuid":"e0fb679d-0075-4e29-8761-32ead4fabe0c","username":"beautifulelephant242","password":"grunt","salt":"cDu5kKpE","md5":"d6f86d110dc89b2a0787e463f8db44bb","sha1":"a1f158c6ace6c39cbf811aa22aa1f5ee40e9d77a","sha256":"7733d5719f74aeb8ca1d7660d9b9689db6896f5470f2ce76822fa9245e97f7d8"},"dob":{"date":"1995-03-13T01:30:07.110Z","age":29},"registered":{"date":"2015-06-05T06:27:12.035Z","age":8},"phone":"(029) 6790854","cell":"(06) 08702666","id":{"name":"BSN","value":"02823616"},"picture":{"large":"https://randomuser.me/api/portraits/women/80.jpg","medium":"https://randomuser.me/api/portraits/med/women/80.jpg","thumbnail":"https://randomuser.me/api/portraits/thumb/women/80.jpg"},"nat":"NL"}],"info":{"seed":"ab411e879a4a37ca","results":1,"page":1,"version":"1.4"}} 
 </msg>
<msg time="2024-03-22T04:15:44.973897" level="INFO">/opt/hostedtoolcache/Python/3.12.2/x64/lib/python3.12/site-packages/urllib3/connectionpool.py:1103: InsecureRequestWarning: Unverified HTTPS request is being made to host 'randomuser.me'. Adding certificate verification is strongly advised. See: https://urllib3.readthedocs.io/en/latest/advanced-usage.html#tls-warnings
  warnings.warn(</msg>
<msg time="2024-03-22T04:15:44.974065" level="INFO">${response} = &lt;Response [200]&gt;</msg>
<var>${response}</var>
<arg>consultarAPI</arg>
<arg>/api</arg>
<doc>Sends a GET request on a previously created HTTP Session.</doc>
<status status="PASS" start="2024-03-22T04:15:44.792616" elapsed="0.181492"/>
</kw>
<kw name="Should Be Equal As Numbers" owner="BuiltIn">
<msg time="2024-03-22T04:15:44.975280" level="INFO">Argument types are:
&lt;class 'int'&gt;
&lt;class 'str'&gt;</msg>
<arg>${response.status_code}</arg>
<arg>200</arg>
<doc>Fails if objects are unequal after converting them to real numbers.</doc>
<status status="PASS" start="2024-03-22T04:15:44.974791" elapsed="0.000558"/>
</kw>
<kw name="Log" owner="BuiltIn">
<msg time="2024-03-22T04:15:44.976091" level="INFO">200</msg>
<arg>${response.status_code}</arg>
<doc>Logs the given message with the given level.</doc>
<status status="PASS" start="2024-03-22T04:15:44.975710" elapsed="0.000427"/>
</kw>
<kw name="Set Variable" owner="BuiltIn">
<msg time="2024-03-22T04:15:44.976957" level="INFO">${json_data} = {'results': [{'gender': 'female', 'name': {'title': 'Ms', 'first': 'Tika', 'last': 'Belt'}, 'location': {'street': {'number': 4351, 'name': 'Eerste Hulkesteinhof'}, 'city': 'Nieuw-Scheemda', 'state': ...</msg>
<var>${json_data}</var>
<arg>${response.json()}</arg>
<doc>Returns the given values which can then be assigned to a variables.</doc>
<status status="PASS" start="2024-03-22T04:15:44.976497" elapsed="0.000489"/>
</kw>
<kw name="Dictionary Should Contain Key" owner="Collections">
<msg time="2024-03-22T04:15:44.977468" level="INFO">False</msg>
<arg>${json_data}</arg>
<arg>results</arg>
<doc>Fails if ``key`` is not found from ``dictionary``.</doc>
<status status="PASS" start="2024-03-22T04:15:44.977296" elapsed="0.000213"/>
</kw>
<status status="PASS" start="2024-03-22T04:15:44.792354" elapsed="0.185422"/>
</kw>
<doc>Testa se a API responde corretamente e retorna um objeto JSON válido.</doc>
<tag>testeRequisicaoBasica</tag>
<status status="PASS" start="2024-03-22T04:15:44.791880" elapsed="0.186090"/>
</test>
<test id="s1-s1-t3" name="Validar estrutura de resposta" line="22">
<kw name="Teste de Estrutura de Resposta" owner="random-user-service">
<kw name="GET On Session" owner="RequestsLibrary">
<msg time="2024-03-22T04:15:45.072040" level="INFO">GET Request : url=https://randomuser.me/api 
 path_url=/api 
 headers={'User-Agent': 'python-requests/2.31.0', 'Accept-Encoding': 'gzip, deflate', 'Accept': '*/*', 'Connection': 'keep-alive'} 
 body=None 
 </msg>
<msg time="2024-03-22T04:15:45.072164" level="INFO">GET Response : url=https://randomuser.me/api 
 status=200, reason=OK 
 headers={'Date': 'Fri, 22 Mar 2024 04:15:45 GMT', 'Content-Type': 'application/json; charset=utf-8', 'Transfer-Encoding': 'chunked', 'Connection': 'keep-alive', 'X-Powered-By': 'Express', 'Access-Control-Allow-Origin': '*', 'Cache-Control': 'no-cache', 'ETag': 'W/"4a6-nf1B+Mp/qoetCKtiEm+r2A7mo8w"', 'Vary': 'Accept-Encoding', 'Content-Encoding': 'gzip', 'CF-Cache-Status': 'DYNAMIC', 'Report-To': '{"endpoints":[{"url":"https:\\/\\/a.nel.cloudflare.com\\/report\\/v4?s=TlPbS7bI9u1qDFgTPqcPqqWALIRchifufnSh5l%2BDPwhsl88cARI%2BQG8AYhDH9nBcQDI7XA7Pe%2BXgLzoJMK5%2FO2030fGSA%2FxQVUFyuaolvPXB6Y3TNp0mSsIRtliY76xV"}],"group":"cf-nel","max_age":604800}', 'NEL': '{"success_fraction":0,"report_to":"cf-nel","max_age":604800}', 'Server': 'cloudflare', 'CF-RAY': '86835cc22e072d76-ORD', 'alt-svc': 'h3=":443"; ma=86400'} 
 body={"results":[{"gender":"female","name":{"title":"Mademoiselle","first":"Évelyne","last":"Fabre"},"location":{"street":{"number":3572,"name":"Boulevard de Balmont"},"city":"Épendes (Fr)","state":"Basel-Stadt","country":"Switzerland","postcode":5986,"coordinates":{"latitude":"-59.5091","longitude":"137.5359"},"timezone":{"offset":"+9:30","description":"Adelaide, Darwin"}},"email":"evelyne.fabre@example.com","login":{"uuid":"44ce5243-f798-4260-b3dd-b490a28bfbe2","username":"smallpanda358","password":"square","salt":"CKFkyano","md5":"83e8af802bcdaf0e1e65da8609374c89","sha1":"0e86dc9acbc3b7f5bbcaceca46ad7b42b3fd56eb","sha256":"cb53047c01e2ca085e1345d4459a4905c10604c0a433f2a79e80b4dd43a1e894"},"dob":{"date":"1979-02-12T01:37:28.419Z","age":45},"registered":{"date":"2002-08-26T21:19:36.221Z","age":21},"phone":"078 979 15 27","cell":"075 506 89 13","id":{"name":"AVS","value":"756.0331.1353.92"},"picture":{"large":"https://randomuser.me/api/portraits/women/64.jpg","medium":"https://randomuser.me/api/portraits/med/women/64.jpg","thumbnail":"https://randomuser.me/api/portraits/thumb/women/64.jpg"},"nat":"CH"}],"info":{"seed":"be05794836e4a3cc","results":1,"page":1,"version":"1.4"}} 
 </msg>
<msg time="2024-03-22T04:15:45.072322" level="INFO">/opt/hostedtoolcache/Python/3.12.2/x64/lib/python3.12/site-packages/urllib3/connectionpool.py:1103: InsecureRequestWarning: Unverified HTTPS request is being made to host 'randomuser.me'. Adding certificate verification is strongly advised. See: https://urllib3.readthedocs.io/en/latest/advanced-usage.html#tls-warnings
  warnings.warn(</msg>
<msg time="2024-03-22T04:15:45.072454" level="INFO">${response} = &lt;Response [200]&gt;</msg>
<var>${response}</var>
<arg>consultarAPI</arg>
<arg>/api</arg>
<doc>Sends a GET request on a previously created HTTP Session.</doc>
<status status="PASS" start="2024-03-22T04:15:44.980950" elapsed="0.091549"/>
</kw>
<kw name="Set Variable" owner="BuiltIn">
<msg time="2024-03-22T04:15:45.073596" level="INFO">${json_data} = {'results': [{'gender': 'female', 'name': {'title': 'Mademoiselle', 'first': 'Évelyne', 'last': 'Fabre'}, 'location': {'street': {'number': 3572, 'name': 'Boulevard de Balmont'}, 'city': 'Épendes (Fr)...</msg>
<var>${json_data}</var>
<arg>${response.json()}</arg>
<doc>Returns the given values which can then be assigned to a variables.</doc>
<status status="PASS" start="2024-03-22T04:15:45.073034" elapsed="0.000593"/>
</kw>
<kw name="Log" owner="BuiltIn">
<msg time="2024-03-22T04:15:45.074169" level="INFO">{'results': [{'gender': 'female', 'name': {'title': 'Mademoiselle', 'first': 'Évelyne', 'last': 'Fabre'}, 'location': {'street': {'number': 3572, 'name': 'Boulevard de Balmont'}, 'city': 'Épendes (Fr)', 'state': 'Basel-Stadt', 'country': 'Switzerland', 'postcode': 5986, 'coordinates': {'latitude': '-59.5091', 'longitude': '137.5359'}, 'timezone': {'offset': '+9:30', 'description': 'Adelaide, Darwin'}}, 'email': 'evelyne.fabre@example.com', 'login': {'uuid': '44ce5243-f798-4260-b3dd-b490a28bfbe2', 'username': 'smallpanda358', 'password': 'square', 'salt': 'CKFkyano', 'md5': '83e8af802bcdaf0e1e65da8609374c89', 'sha1': '0e86dc9acbc3b7f5bbcaceca46ad7b42b3fd56eb', 'sha256': 'cb53047c01e2ca085e1345d4459a4905c10604c0a433f2a79e80b4dd43a1e894'}, 'dob': {'date': '1979-02-12T01:37:28.419Z', 'age': 45}, 'registered': {'date': '2002-08-26T21:19:36.221Z', 'age': 21}, 'phone': '078 979 15 27', 'cell': '075 506 89 13', 'id': {'name': 'AVS', 'value': '756.0331.1353.92'}, 'picture': {'large': 'https://randomuser.me/api/portraits/women/64.jpg', 'medium': 'https://randomuser.me/api/portraits/med/women/64.jpg', 'thumbnail': 'https://randomuser.me/api/portraits/thumb/women/64.jpg'}, 'nat': 'CH'}], 'info': {'seed': 'be05794836e4a3cc', 'results': 1, 'page': 1, 'version': '1.4'}}</msg>
<arg>${json_data}</arg>
<doc>Logs the given message with the given level.</doc>
<status status="PASS" start="2024-03-22T04:15:45.073983" elapsed="0.000240"/>
</kw>
<kw name="Dictionary Should Contain Key" owner="Collections">
<msg time="2024-03-22T04:15:45.074766" level="INFO">False</msg>
<arg>${json_data}</arg>
<arg>results</arg>
<doc>Fails if ``key`` is not found from ``dictionary``.</doc>
<status status="PASS" start="2024-03-22T04:15:45.074593" elapsed="0.000213"/>
</kw>
<kw name="Should Not Be Empty" owner="BuiltIn">
<msg time="2024-03-22T04:15:45.075255" level="INFO">Length is 2.</msg>
<arg>${json_data}</arg>
<doc>Verifies that the given item is not empty.</doc>
<status status="PASS" start="2024-03-22T04:15:45.075116" elapsed="0.000181"/>
</kw>
<kw name="Create List" owner="BuiltIn">
<msg time="2024-03-22T04:15:45.075753" level="INFO">${expected_keys} = ['gender', 'name', 'location', 'email', 'login']</msg>
<var>${expected_keys}</var>
<arg>gender</arg>
<arg>name</arg>
<arg>location</arg>
<arg>email</arg>
<arg>login</arg>
<doc>Returns a list containing given items.</doc>
<status status="PASS" start="2024-03-22T04:15:45.075593" elapsed="0.000185"/>
</kw>
<for flavor="IN">
<iter>
<kw name="Dictionary Should Contain Key" owner="Collections">
<msg time="2024-03-22T04:15:45.076807" level="INFO">False</msg>
<arg>${json_data['results'][0]}</arg>
<arg>${key}</arg>
<doc>Fails if ``key`` is not found from ``dictionary``.</doc>
<status status="PASS" start="2024-03-22T04:15:45.076378" elapsed="0.000470"/>
</kw>
<kw name="Log" owner="BuiltIn">
<msg time="2024-03-22T04:15:45.077543" level="INFO">{'gender': 'female', 'name': {'title': 'Mademoiselle', 'first': 'Évelyne', 'last': 'Fabre'}, 'location': {'street': {'number': 3572, 'name': 'Boulevard de Balmont'}, 'city': 'Épendes (Fr)', 'state': 'Basel-Stadt', 'country': 'Switzerland', 'postcode': 5986, 'coordinates': {'latitude': '-59.5091', 'longitude': '137.5359'}, 'timezone': {'offset': '+9:30', 'description': 'Adelaide, Darwin'}}, 'email': 'evelyne.fabre@example.com', 'login': {'uuid': '44ce5243-f798-4260-b3dd-b490a28bfbe2', 'username': 'smallpanda358', 'password': 'square', 'salt': 'CKFkyano', 'md5': '83e8af802bcdaf0e1e65da8609374c89', 'sha1': '0e86dc9acbc3b7f5bbcaceca46ad7b42b3fd56eb', 'sha256': 'cb53047c01e2ca085e1345d4459a4905c10604c0a433f2a79e80b4dd43a1e894'}, 'dob': {'date': '1979-02-12T01:37:28.419Z', 'age': 45}, 'registered': {'date': '2002-08-26T21:19:36.221Z', 'age': 21}, 'phone': '078 979 15 27', 'cell': '075 506 89 13', 'id': {'name': 'AVS', 'value': '756.0331.1353.92'}, 'picture': {'large': 'https://randomuser.me/api/portraits/women/64.jpg', 'medium': 'https://randomuser.me/api/portraits/med/women/64.jpg', 'thumbnail': 'https://randomuser.me/api/portraits/thumb/women/64.jpg'}, 'nat': 'CH'}</msg>
<arg>${json_data['results'][0]}</arg>
<doc>Logs the given message with the given level.</doc>
<status status="PASS" start="2024-03-22T04:15:45.077160" elapsed="0.000441"/>
</kw>
<kw name="Log" owner="BuiltIn">
<msg time="2024-03-22T04:15:45.078045" level="INFO">gender</msg>
<arg>${key}</arg>
<doc>Logs the given message with the given level.</doc>
<status status="PASS" start="2024-03-22T04:15:45.077913" elapsed="0.000171"/>
</kw>
<var name="${key}">gender</var>
<status status="PASS" start="2024-03-22T04:15:45.076250" elapsed="0.002058"/>
</iter>
<iter>
<kw name="Dictionary Should Contain Key" owner="Collections">
<msg time="2024-03-22T04:15:45.079034" level="INFO">False</msg>
<arg>${json_data['results'][0]}</arg>
<arg>${key}</arg>
<doc>Fails if ``key`` is not found from ``dictionary``.</doc>
<status status="PASS" start="2024-03-22T04:15:45.078652" elapsed="0.000421"/>
</kw>
<kw name="Log" owner="BuiltIn">
<msg time="2024-03-22T04:15:45.079769" level="INFO">{'gender': 'female', 'name': {'title': 'Mademoiselle', 'first': 'Évelyne', 'last': 'Fabre'}, 'location': {'street': {'number': 3572, 'name': 'Boulevard de Balmont'}, 'city': 'Épendes (Fr)', 'state': 'Basel-Stadt', 'country': 'Switzerland', 'postcode': 5986, 'coordinates': {'latitude': '-59.5091', 'longitude': '137.5359'}, 'timezone': {'offset': '+9:30', 'description': 'Adelaide, Darwin'}}, 'email': 'evelyne.fabre@example.com', 'login': {'uuid': '44ce5243-f798-4260-b3dd-b490a28bfbe2', 'username': 'smallpanda358', 'password': 'square', 'salt': 'CKFkyano', 'md5': '83e8af802bcdaf0e1e65da8609374c89', 'sha1': '0e86dc9acbc3b7f5bbcaceca46ad7b42b3fd56eb', 'sha256': 'cb53047c01e2ca085e1345d4459a4905c10604c0a433f2a79e80b4dd43a1e894'}, 'dob': {'date': '1979-02-12T01:37:28.419Z', 'age': 45}, 'registered': {'date': '2002-08-26T21:19:36.221Z', 'age': 21}, 'phone': '078 979 15 27', 'cell': '075 506 89 13', 'id': {'name': 'AVS', 'value': '756.0331.1353.92'}, 'picture': {'large': 'https://randomuser.me/api/portraits/women/64.jpg', 'medium': 'https://randomuser.me/api/portraits/med/women/64.jpg', 'thumbnail': 'https://randomuser.me/api/portraits/thumb/women/64.jpg'}, 'nat': 'CH'}</msg>
<arg>${json_data['results'][0]}</arg>
<doc>Logs the given message with the given level.</doc>
<status status="PASS" start="2024-03-22T04:15:45.079404" elapsed="0.000416"/>
</kw>
<kw name="Log" owner="BuiltIn">
<msg time="2024-03-22T04:15:45.080255" level="INFO">name</msg>
<arg>${key}</arg>
<doc>Logs the given message with the given level.</doc>
<status status="PASS" start="2024-03-22T04:15:45.080125" elapsed="0.000169"/>
</kw>
<var name="${key}">name</var>
<status status="PASS" start="2024-03-22T04:15:45.078534" elapsed="0.001979"/>
</iter>
<iter>
<kw name="Dictionary Should Contain Key" owner="Collections">
<msg time="2024-03-22T04:15:45.081189" level="INFO">False</msg>
<arg>${json_data['results'][0]}</arg>
<arg>${key}</arg>
<doc>Fails if ``key`` is not found from ``dictionary``.</doc>
<status status="PASS" start="2024-03-22T04:15:45.080806" elapsed="0.000423"/>
</kw>
<kw name="Log" owner="BuiltIn">
<msg time="2024-03-22T04:15:45.081899" level="INFO">{'gender': 'female', 'name': {'title': 'Mademoiselle', 'first': 'Évelyne', 'last': 'Fabre'}, 'location': {'street': {'number': 3572, 'name': 'Boulevard de Balmont'}, 'city': 'Épendes (Fr)', 'state': 'Basel-Stadt', 'country': 'Switzerland', 'postcode': 5986, 'coordinates': {'latitude': '-59.5091', 'longitude': '137.5359'}, 'timezone': {'offset': '+9:30', 'description': 'Adelaide, Darwin'}}, 'email': 'evelyne.fabre@example.com', 'login': {'uuid': '44ce5243-f798-4260-b3dd-b490a28bfbe2', 'username': 'smallpanda358', 'password': 'square', 'salt': 'CKFkyano', 'md5': '83e8af802bcdaf0e1e65da8609374c89', 'sha1': '0e86dc9acbc3b7f5bbcaceca46ad7b42b3fd56eb', 'sha256': 'cb53047c01e2ca085e1345d4459a4905c10604c0a433f2a79e80b4dd43a1e894'}, 'dob': {'date': '1979-02-12T01:37:28.419Z', 'age': 45}, 'registered': {'date': '2002-08-26T21:19:36.221Z', 'age': 21}, 'phone': '078 979 15 27', 'cell': '075 506 89 13', 'id': {'name': 'AVS', 'value': '756.0331.1353.92'}, 'picture': {'large': 'https://randomuser.me/api/portraits/women/64.jpg', 'medium': 'https://randomuser.me/api/portraits/med/women/64.jpg', 'thumbnail': 'https://randomuser.me/api/portraits/thumb/women/64.jpg'}, 'nat': 'CH'}</msg>
<arg>${json_data['results'][0]}</arg>
<doc>Logs the given message with the given level.</doc>
<status status="PASS" start="2024-03-22T04:15:45.081532" elapsed="0.000422"/>
</kw>
<kw name="Log" owner="BuiltIn">
<msg time="2024-03-22T04:15:45.082376" level="INFO">location</msg>
<arg>${key}</arg>
<doc>Logs the given message with the given level.</doc>
<status status="PASS" start="2024-03-22T04:15:45.082251" elapsed="0.000201"/>
</kw>
<var name="${key}">location</var>
<status status="PASS" start="2024-03-22T04:15:45.080694" elapsed="0.001981"/>
</iter>
<iter>
<kw name="Dictionary Should Contain Key" owner="Collections">
<msg time="2024-03-22T04:15:45.083335" level="INFO">False</msg>
<arg>${json_data['results'][0]}</arg>
<arg>${key}</arg>
<doc>Fails if ``key`` is not found from ``dictionary``.</doc>
<status status="PASS" start="2024-03-22T04:15:45.082960" elapsed="0.000413"/>
</kw>
<kw name="Log" owner="BuiltIn">
<msg time="2024-03-22T04:15:45.084045" level="INFO">{'gender': 'female', 'name': {'title': 'Mademoiselle', 'first': 'Évelyne', 'last': 'Fabre'}, 'location': {'street': {'number': 3572, 'name': 'Boulevard de Balmont'}, 'city': 'Épendes (Fr)', 'state': 'Basel-Stadt', 'country': 'Switzerland', 'postcode': 5986, 'coordinates': {'latitude': '-59.5091', 'longitude': '137.5359'}, 'timezone': {'offset': '+9:30', 'description': 'Adelaide, Darwin'}}, 'email': 'evelyne.fabre@example.com', 'login': {'uuid': '44ce5243-f798-4260-b3dd-b490a28bfbe2', 'username': 'smallpanda358', 'password': 'square', 'salt': 'CKFkyano', 'md5': '83e8af802bcdaf0e1e65da8609374c89', 'sha1': '0e86dc9acbc3b7f5bbcaceca46ad7b42b3fd56eb', 'sha256': 'cb53047c01e2ca085e1345d4459a4905c10604c0a433f2a79e80b4dd43a1e894'}, 'dob': {'date': '1979-02-12T01:37:28.419Z', 'age': 45}, 'registered': {'date': '2002-08-26T21:19:36.221Z', 'age': 21}, 'phone': '078 979 15 27', 'cell': '075 506 89 13', 'id': {'name': 'AVS', 'value': '756.0331.1353.92'}, 'picture': {'large': 'https://randomuser.me/api/portraits/women/64.jpg', 'medium': 'https://randomuser.me/api/portraits/med/women/64.jpg', 'thumbnail': 'https://randomuser.me/api/portraits/thumb/women/64.jpg'}, 'nat': 'CH'}</msg>
<arg>${json_data['results'][0]}</arg>
<doc>Logs the given message with the given level.</doc>
<status status="PASS" start="2024-03-22T04:15:45.083672" elapsed="0.000425"/>
</kw>
<kw name="Log" owner="BuiltIn">
<msg time="2024-03-22T04:15:45.084523" level="INFO">email</msg>
<arg>${key}</arg>
<doc>Logs the given message with the given level.</doc>
<status status="PASS" start="2024-03-22T04:15:45.084394" elapsed="0.000169"/>
</kw>
<var name="${key}">email</var>
<status status="PASS" start="2024-03-22T04:15:45.082849" elapsed="0.001928"/>
</iter>
<iter>
<kw name="Dictionary Should Contain Key" owner="Collections">
<msg time="2024-03-22T04:15:45.085445" level="INFO">False</msg>
<arg>${json_data['results'][0]}</arg>
<arg>${key}</arg>
<doc>Fails if ``key`` is not found from ``dictionary``.</doc>
<status status="PASS" start="2024-03-22T04:15:45.085064" elapsed="0.000419"/>
</kw>
<kw name="Log" owner="BuiltIn">
<msg time="2024-03-22T04:15:45.086141" level="INFO">{'gender': 'female', 'name': {'title': 'Mademoiselle', 'first': 'Évelyne', 'last': 'Fabre'}, 'location': {'street': {'number': 3572, 'name': 'Boulevard de Balmont'}, 'city': 'Épendes (Fr)', 'state': 'Basel-Stadt', 'country': 'Switzerland', 'postcode': 5986, 'coordinates': {'latitude': '-59.5091', 'longitude': '137.5359'}, 'timezone': {'offset': '+9:30', 'description': 'Adelaide, Darwin'}}, 'email': 'evelyne.fabre@example.com', 'login': {'uuid': '44ce5243-f798-4260-b3dd-b490a28bfbe2', 'username': 'smallpanda358', 'password': 'square', 'salt': 'CKFkyano', 'md5': '83e8af802bcdaf0e1e65da8609374c89', 'sha1': '0e86dc9acbc3b7f5bbcaceca46ad7b42b3fd56eb', 'sha256': 'cb53047c01e2ca085e1345d4459a4905c10604c0a433f2a79e80b4dd43a1e894'}, 'dob': {'date': '1979-02-12T01:37:28.419Z', 'age': 45}, 'registered': {'date': '2002-08-26T21:19:36.221Z', 'age': 21}, 'phone': '078 979 15 27', 'cell': '075 506 89 13', 'id': {'name': 'AVS', 'value': '756.0331.1353.92'}, 'picture': {'large': 'https://randomuser.me/api/portraits/women/64.jpg', 'medium': 'https://randomuser.me/api/portraits/med/women/64.jpg', 'thumbnail': 'https://randomuser.me/api/portraits/thumb/women/64.jpg'}, 'nat': 'CH'}</msg>
<arg>${json_data['results'][0]}</arg>
<doc>Logs the given message with the given level.</doc>
<status status="PASS" start="2024-03-22T04:15:45.085776" elapsed="0.000415"/>
</kw>
<kw name="Log" owner="BuiltIn">
<msg time="2024-03-22T04:15:45.086636" level="INFO">login</msg>
<arg>${key}</arg>
<doc>Logs the given message with the given level.</doc>
<status status="PASS" start="2024-03-22T04:15:45.086506" elapsed="0.000321"/>
</kw>
<var name="${key}">login</var>
<status status="PASS" start="2024-03-22T04:15:45.084953" elapsed="0.002102"/>
</iter>
<var>${key}</var>
<value>@{expected_keys}</value>
<status status="PASS" start="2024-03-22T04:15:45.076046" elapsed="0.011134"/>
</for>
<kw name="Create List" owner="BuiltIn">
<msg time="2024-03-22T04:15:45.087520" level="INFO">${expected_keysTwo} = ['username', 'password']</msg>
<var>${expected_keysTwo}</var>
<arg>username</arg>
<arg>password</arg>
<doc>Returns a list containing given items.</doc>
<status status="PASS" start="2024-03-22T04:15:45.087380" elapsed="0.000164"/>
</kw>
<for flavor="IN">
<iter>
<kw name="Dictionary Should Contain Key" owner="Collections">
<msg time="2024-03-22T04:15:45.088430" level="INFO">False</msg>
<arg>${json_data['results'][0]['login']}</arg>
<arg>${keyTwo}</arg>
<doc>Fails if ``key`` is not found from ``dictionary``.</doc>
<status status="PASS" start="2024-03-22T04:15:45.088048" elapsed="0.000420"/>
</kw>
<kw name="Dictionary Should Contain Key" owner="Collections">
<msg time="2024-03-22T04:15:45.089152" level="INFO">False</msg>
<arg>${json_data['results'][0]['login']}</arg>
<arg>${keyTwo}</arg>
<doc>Fails if ``key`` is not found from ``dictionary``.</doc>
<status status="PASS" start="2024-03-22T04:15:45.088769" elapsed="0.000422"/>
</kw>
<kw name="Log" owner="BuiltIn">
<msg time="2024-03-22T04:15:45.089613" level="INFO">username</msg>
<arg>${keyTwo}</arg>
<doc>Logs the given message with the given level.</doc>
<status status="PASS" start="2024-03-22T04:15:45.089485" elapsed="0.000167"/>
</kw>
<var name="${keyTwo}">username</var>
<status status="PASS" start="2024-03-22T04:15:45.087939" elapsed="0.001925"/>
</iter>
<iter>
<kw name="Dictionary Should Contain Key" owner="Collections">
<msg time="2024-03-22T04:15:45.090590" level="INFO">False</msg>
<arg>${json_data['results'][0]['login']}</arg>
<arg>${keyTwo}</arg>
<doc>Fails if ``key`` is not found from ``dictionary``.</doc>
<status status="PASS" start="2024-03-22T04:15:45.090146" elapsed="0.000483"/>
</kw>
<kw name="Dictionary Should Contain Key" owner="Collections">
<msg time="2024-03-22T04:15:45.091300" level="INFO">False</msg>
<arg>${json_data['results'][0]['login']}</arg>
<arg>${keyTwo}</arg>
<doc>Fails if ``key`` is not found from ``dictionary``.</doc>
<status status="PASS" start="2024-03-22T04:15:45.090925" elapsed="0.000413"/>
</kw>
<kw name="Log" owner="BuiltIn">
<msg time="2024-03-22T04:15:45.091756" level="INFO">password</msg>
<arg>${keyTwo}</arg>
<doc>Logs the given message with the given level.</doc>
<status status="PASS" start="2024-03-22T04:15:45.091628" elapsed="0.000167"/>
</kw>
<var name="${keyTwo}">password</var>
<status status="PASS" start="2024-03-22T04:15:45.090037" elapsed="0.001971"/>
</iter>
<var>${keyTwo}</var>
<value>@{expected_keysTwo}</value>
<status status="PASS" start="2024-03-22T04:15:45.087784" elapsed="0.004349"/>
</for>
<status status="PASS" start="2024-03-22T04:15:44.980704" elapsed="0.111576"/>
</kw>
<doc>Testa a estrutura da resposta da API.</doc>
<tag>testeEstruturaResposta</tag>
<status status="PASS" start="2024-03-22T04:15:44.979915" elapsed="0.112533"/>
</test>
<test id="s1-s1-t4" name="Validar tipos de dados" line="28">
<kw name="Teste de Tipos de Dados" owner="random-user-service">
<kw name="GET On Session" owner="RequestsLibrary">
<msg time="2024-03-22T04:15:45.174779" level="INFO">GET Request : url=https://randomuser.me/api 
 path_url=/api 
 headers={'User-Agent': 'python-requests/2.31.0', 'Accept-Encoding': 'gzip, deflate', 'Accept': '*/*', 'Connection': 'keep-alive'} 
 body=None 
 </msg>
<msg time="2024-03-22T04:15:45.174889" level="INFO">GET Response : url=https://randomuser.me/api 
 status=200, reason=OK 
 headers={'Date': 'Fri, 22 Mar 2024 04:15:45 GMT', 'Content-Type': 'application/json; charset=utf-8', 'Transfer-Encoding': 'chunked', 'Connection': 'keep-alive', 'X-Powered-By': 'Express', 'Access-Control-Allow-Origin': '*', 'Cache-Control': 'no-cache', 'ETag': 'W/"48d-Kx18OUlbfIP+oqTDuCQYruPnQVI"', 'Vary': 'Accept-Encoding', 'Content-Encoding': 'gzip', 'CF-Cache-Status': 'DYNAMIC', 'Report-To': '{"endpoints":[{"url":"https:\\/\\/a.nel.cloudflare.com\\/report\\/v4?s=CFwV9fipKiUtcVn9tha0d9zLCmUqBfJ%2Fb4sB0RKLetpS0u2epmXGZx9iVezeeWPd7JP1mceKLva776y59VoBDzUyImTPsPK47Zg4nr%2Bz15YT%2FNkGBglnYfH%2B%2FkXEwEo8"}],"group":"cf-nel","max_age":604800}', 'NEL': '{"success_fraction":0,"report_to":"cf-nel","max_age":604800}', 'Server': 'cloudflare', 'CF-RAY': '86835cc2eeae2d76-ORD', 'alt-svc': 'h3=":443"; ma=86400'} 
 body={"results":[{"gender":"male","name":{"title":"Mr","first":"Teerth","last":"Andrade"},"location":{"street":{"number":649,"name":"Pali Hill"},"city":"Kavali","state":"Madhya Pradesh","country":"India","postcode":34435,"coordinates":{"latitude":"10.5088","longitude":"-21.3359"},"timezone":{"offset":"+5:00","description":"Ekaterinburg, Islamabad, Karachi, Tashkent"}},"email":"teerth.andrade@example.com","login":{"uuid":"e1a1a784-ea2b-46ae-a77b-e1612e05d401","username":"lazypanda929","password":"iiiiii","salt":"6QlTyN5h","md5":"c8c8dfc519379998b34cdc6b4c97d610","sha1":"15f2b62150e1de9e0f881984282700e054005188","sha256":"a4359ddac315bf0e90a027ee7788008e1f992b9bb14f9e4975b98c3c704f745c"},"dob":{"date":"1951-07-04T02:21:45.481Z","age":72},"registered":{"date":"2010-01-18T12:58:25.785Z","age":14},"phone":"7803820162","cell":"9139062905","id":{"name":"UIDAI","value":"310527946294"},"picture":{"large":"https://randomuser.me/api/portraits/men/7.jpg","medium":"https://randomuser.me/api/portraits/med/men/7.jpg","thumbnail":"https://randomuser.me/api/portraits/thumb/men/7.jpg"},"nat":"IN"}],"info":{"seed":"748bf3592350ae61","results":1,"page":1,"version":"1.4"}} 
 </msg>
<msg time="2024-03-22T04:15:45.174969" level="INFO">/opt/hostedtoolcache/Python/3.12.2/x64/lib/python3.12/site-packages/urllib3/connectionpool.py:1103: InsecureRequestWarning: Unverified HTTPS request is being made to host 'randomuser.me'. Adding certificate verification is strongly advised. See: https://urllib3.readthedocs.io/en/latest/advanced-usage.html#tls-warnings
  warnings.warn(</msg>
<msg time="2024-03-22T04:15:45.175107" level="INFO">${response} = &lt;Response [200]&gt;</msg>
<var>${response}</var>
<arg>consultarAPI</arg>
<arg>/api</arg>
<doc>Sends a GET request on a previously created HTTP Session.</doc>
<status status="PASS" start="2024-03-22T04:15:45.094991" elapsed="0.080164"/>
</kw>
<kw name="Set Variable" owner="BuiltIn">
<msg time="2024-03-22T04:15:45.176232" level="INFO">${json_data} = {'results': [{'gender': 'male', 'name': {'title': 'Mr', 'first': 'Teerth', 'last': 'Andrade'}, 'location': {'street': {'number': 649, 'name': 'Pali Hill'}, 'city': 'Kavali', 'state': 'Madhya Pradesh',...</msg>
<var>${json_data}</var>
<arg>${response.json()}</arg>
<doc>Returns the given values which can then be assigned to a variables.</doc>
<status status="PASS" start="2024-03-22T04:15:45.175703" elapsed="0.000558"/>
</kw>
<kw name="Log" owner="BuiltIn">
<msg time="2024-03-22T04:15:45.176801" level="INFO">{'results': [{'gender': 'male', 'name': {'title': 'Mr', 'first': 'Teerth', 'last': 'Andrade'}, 'location': {'street': {'number': 649, 'name': 'Pali Hill'}, 'city': 'Kavali', 'state': 'Madhya Pradesh', 'country': 'India', 'postcode': 34435, 'coordinates': {'latitude': '10.5088', 'longitude': '-21.3359'}, 'timezone': {'offset': '+5:00', 'description': 'Ekaterinburg, Islamabad, Karachi, Tashkent'}}, 'email': 'teerth.andrade@example.com', 'login': {'uuid': 'e1a1a784-ea2b-46ae-a77b-e1612e05d401', 'username': 'lazypanda929', 'password': 'iiiiii', 'salt': '6QlTyN5h', 'md5': 'c8c8dfc519379998b34cdc6b4c97d610', 'sha1': '15f2b62150e1de9e0f881984282700e054005188', 'sha256': 'a4359ddac315bf0e90a027ee7788008e1f992b9bb14f9e4975b98c3c704f745c'}, 'dob': {'date': '1951-07-04T02:21:45.481Z', 'age': 72}, 'registered': {'date': '2010-01-18T12:58:25.785Z', 'age': 14}, 'phone': '7803820162', 'cell': '9139062905', 'id': {'name': 'UIDAI', 'value': '310527946294'}, 'picture': {'large': 'https://randomuser.me/api/portraits/men/7.jpg', 'medium': 'https://randomuser.me/api/portraits/med/men/7.jpg', 'thumbnail': 'https://randomuser.me/api/portraits/thumb/men/7.jpg'}, 'nat': 'IN'}], 'info': {'seed': '748bf3592350ae61', 'results': 1, 'page': 1, 'version': '1.4'}}</msg>
<arg>${json_data}</arg>
<doc>Logs the given message with the given level.</doc>
<status status="PASS" start="2024-03-22T04:15:45.176629" elapsed="0.000261"/>
</kw>
<kw name="Should Be String" owner="String">
<arg>${json_data['results'][0]['gender']}</arg>
<doc>Fails if the given ``item`` is not a string.</doc>
<status status="PASS" start="2024-03-22T04:15:45.177217" elapsed="0.000387"/>
</kw>
<kw name="Should Match Regexp" owner="BuiltIn">
<arg>${json_data['results'][0]['email']}</arg>
<arg>^[a-zA-Z0-9._%+-]+@[a-zA-Z0-9.-]+\.[a-zA-Z]{2,}$</arg>
<doc>Fails if ``string`` does not match ``pattern`` as a regular expression.</doc>
<status status="PASS" start="2024-03-22T04:15:45.177806" elapsed="0.000540"/>
</kw>
<kw name="Should Match Regexp" owner="BuiltIn">
<arg>${json_data['results'][0]['dob']['date']}</arg>
<arg>\\d{4}-\\d{2}-\\d{2}T\\d{2}:\\d{2}:\\d{2}\\.\\d{3}Z</arg>
<doc>Fails if ``string`` does not match ``pattern`` as a regular expression.</doc>
<status status="PASS" start="2024-03-22T04:15:45.178594" elapsed="0.000511"/>
</kw>
<kw name="Should Match Regexp" owner="BuiltIn">
<arg>${json_data['results'][0]['registered']['date']}</arg>
<arg>\\d{4}-\\d{2}-\\d{2}T\\d{2}:\\d{2}:\\d{2}\\.\\d{3}Z</arg>
<doc>Fails if ``string`` does not match ``pattern`` as a regular expression.</doc>
<status status="PASS" start="2024-03-22T04:15:45.179301" elapsed="0.000377"/>
</kw>
<kw name="Should Match Regexp" owner="BuiltIn">
<arg>${json_data['results'][0]['picture']['large']}</arg>
<arg>^https?://.*\.(?:png|jpe?g|gif|bmp)$</arg>
<doc>Fails if ``string`` does not match ``pattern`` as a regular expression.</doc>
<status status="PASS" start="2024-03-22T04:15:45.179867" elapsed="0.000474"/>
</kw>
<kw name="Should Match Regexp" owner="BuiltIn">
<arg>${json_data['results'][0]['picture']['medium']}</arg>
<arg>^https?://.*\.(?:png|jpe?g|gif|bmp)$</arg>
<doc>Fails if ``string`` does not match ``pattern`` as a regular expression.</doc>
<status status="PASS" start="2024-03-22T04:15:45.180529" elapsed="0.000361"/>
</kw>
<kw name="Should Match Regexp" owner="BuiltIn">
<arg>${json_data['results'][0]['picture']['thumbnail']}</arg>
<arg>^https?://.*\.(?:png|jpe?g|gif|bmp)$</arg>
<doc>Fails if ``string`` does not match ``pattern`` as a regular expression.</doc>
<status status="PASS" start="2024-03-22T04:15:45.181075" elapsed="0.000346"/>
</kw>
<kw name="Log" owner="BuiltIn">
<msg time="2024-03-22T04:15:45.181939" level="INFO">{'large': 'https://randomuser.me/api/portraits/men/7.jpg', 'medium': 'https://randomuser.me/api/portraits/med/men/7.jpg', 'thumbnail': 'https://randomuser.me/api/portraits/thumb/men/7.jpg'}</msg>
<arg>${json_data['results'][0]['picture']}</arg>
<doc>Logs the given message with the given level.</doc>
<status status="PASS" start="2024-03-22T04:15:45.181604" elapsed="0.000390"/>
</kw>
<status status="PASS" start="2024-03-22T04:15:45.094749" elapsed="0.087512"/>
</kw>
<kw name="Teste de Tipos de Dados - Postcode" owner="random-user-service">
<kw name="GET On Session" owner="RequestsLibrary">
<msg time="2024-03-22T04:15:45.275222" level="INFO">GET Request : url=https://randomuser.me/api 
 path_url=/api 
 headers={'User-Agent': 'python-requests/2.31.0', 'Accept-Encoding': 'gzip, deflate', 'Accept': '*/*', 'Connection': 'keep-alive'} 
 body=None 
 </msg>
<msg time="2024-03-22T04:15:45.275333" level="INFO">GET Response : url=https://randomuser.me/api 
 status=200, reason=OK 
 headers={'Date': 'Fri, 22 Mar 2024 04:15:45 GMT', 'Content-Type': 'application/json; charset=utf-8', 'Transfer-Encoding': 'chunked', 'Connection': 'keep-alive', 'X-Powered-By': 'Express', 'Access-Control-Allow-Origin': '*', 'Cache-Control': 'no-cache', 'ETag': 'W/"465-axLJsa3eUPWMhJG70RbKTvLqaAg"', 'Vary': 'Accept-Encoding', 'Content-Encoding': 'gzip', 'CF-Cache-Status': 'DYNAMIC', 'Report-To': '{"endpoints":[{"url":"https:\\/\\/a.nel.cloudflare.com\\/report\\/v4?s=JaLrgeAPxl4R0XZMj5Yb58sGxbZikGh3h44TRVU1LDIJ0XEevjs%2Fz7Mh4KD4uGAdOyEGsRsiORugbln3IGcTSB9Mkk8vi0WkJAQ87ejcs0mVfbRYx3q6QbrZZ9k4D7rB"}],"group":"cf-nel","max_age":604800}', 'NEL': '{"success_fraction":0,"report_to":"cf-nel","max_age":604800}', 'Server': 'cloudflare', 'CF-RAY': '86835cc37f102d76-ORD', 'alt-svc': 'h3=":443"; ma=86400'} 
 body={"results":[{"gender":"male","name":{"title":"Mr","first":"Önal","last":"Aybar"},"location":{"street":{"number":317,"name":"Atatürk Sk"},"city":"Muş","state":"Bolu","country":"Turkey","postcode":13665,"coordinates":{"latitude":"64.5995","longitude":"-159.7382"},"timezone":{"offset":"+7:00","description":"Bangkok, Hanoi, Jakarta"}},"email":"onal.aybar@example.com","login":{"uuid":"d2d00920-d7a9-4617-8ce2-91fd8a27f496","username":"whitedog652","password":"scott1","salt":"1BPLAeEq","md5":"72a2e721cba42059f4fdb2631f08ed80","sha1":"6e8a59be815a6c865a0a3e5ca9854cb97a1ed6c1","sha256":"86836987e0c2bc3aa8f1e99d0f17852a8f86c6dc6055e63c08532146cdc33210"},"dob":{"date":"1951-04-23T04:29:08.391Z","age":72},"registered":{"date":"2021-11-12T14:36:16.958Z","age":2},"phone":"(561)-492-5322","cell":"(637)-424-4506","id":{"name":"","value":null},"picture":{"large":"https://randomuser.me/api/portraits/men/82.jpg","medium":"https://randomuser.me/api/portraits/med/men/82.jpg","thumbnail":"https://randomuser.me/api/portraits/thumb/men/82.jpg"},"nat":"TR"}],"info":{"seed":"8dd41a38c3d8f307","results":1,"page":1,"version":"1.4"}} 
 </msg>
<msg time="2024-03-22T04:15:45.275433" level="INFO">/opt/hostedtoolcache/Python/3.12.2/x64/lib/python3.12/site-packages/urllib3/connectionpool.py:1103: InsecureRequestWarning: Unverified HTTPS request is being made to host 'randomuser.me'. Adding certificate verification is strongly advised. See: https://urllib3.readthedocs.io/en/latest/advanced-usage.html#tls-warnings
  warnings.warn(</msg>
<msg time="2024-03-22T04:15:45.275566" level="INFO">${response} = &lt;Response [200]&gt;</msg>
<var>${response}</var>
<arg>consultarAPI</arg>
<arg>/api</arg>
<doc>Sends a GET request on a previously created HTTP Session.</doc>
<status status="PASS" start="2024-03-22T04:15:45.182925" elapsed="0.092689"/>
</kw>
<kw name="Set Variable" owner="BuiltIn">
<msg time="2024-03-22T04:15:45.276636" level="INFO">${json_data} = {'results': [{'gender': 'male', 'name': {'title': 'Mr', 'first': 'Önal', 'last': 'Aybar'}, 'location': {'street': {'number': 317, 'name': 'Atatürk Sk'}, 'city': 'Muş', 'state': 'Bolu', 'country': 'Tur...</msg>
<var>${json_data}</var>
<arg>${response.json()}</arg>
<doc>Returns the given values which can then be assigned to a variables.</doc>
<status status="PASS" start="2024-03-22T04:15:45.276129" elapsed="0.000537"/>
</kw>
<kw name="Log" owner="BuiltIn">
<msg time="2024-03-22T04:15:45.277137" level="INFO">{'results': [{'gender': 'male', 'name': {'title': 'Mr', 'first': 'Önal', 'last': 'Aybar'}, 'location': {'street': {'number': 317, 'name': 'Atatürk Sk'}, 'city': 'Muş', 'state': 'Bolu', 'country': 'Turkey', 'postcode': 13665, 'coordinates': {'latitude': '64.5995', 'longitude': '-159.7382'}, 'timezone': {'offset': '+7:00', 'description': 'Bangkok, Hanoi, Jakarta'}}, 'email': 'onal.aybar@example.com', 'login': {'uuid': 'd2d00920-d7a9-4617-8ce2-91fd8a27f496', 'username': 'whitedog652', 'password': 'scott1', 'salt': '1BPLAeEq', 'md5': '72a2e721cba42059f4fdb2631f08ed80', 'sha1': '6e8a59be815a6c865a0a3e5ca9854cb97a1ed6c1', 'sha256': '86836987e0c2bc3aa8f1e99d0f17852a8f86c6dc6055e63c08532146cdc33210'}, 'dob': {'date': '1951-04-23T04:29:08.391Z', 'age': 72}, 'registered': {'date': '2021-11-12T14:36:16.958Z', 'age': 2}, 'phone': '(561)-492-5322', 'cell': '(637)-424-4506', 'id': {'name': '', 'value': None}, 'picture': {'large': 'https://randomuser.me/api/portraits/men/82.jpg', 'medium': 'https://randomuser.me/api/portraits/med/men/82.jpg', 'thumbnail': 'https://randomuser.me/api/portraits/thumb/men/82.jpg'}, 'nat': 'TR'}], 'info': {'seed': '8dd41a38c3d8f307', 'results': 1, 'page': 1, 'version': '1.4'}}</msg>
<arg>${json_data}</arg>
<doc>Logs the given message with the given level.</doc>
<status status="PASS" start="2024-03-22T04:15:45.276976" elapsed="0.000245"/>
</kw>
<kw name="Should Be Equal As Numbers" owner="BuiltIn">
<arg>${json_data['results'][0]['location']['postcode']}</arg>
<arg>${json_data['results'][0]['location']['postcode']}</arg>
<doc>Fails if objects are unequal after converting them to real numbers.</doc>
<status status="PASS" start="2024-03-22T04:15:45.277524" elapsed="0.000627"/>
</kw>
<kw name="Log" owner="BuiltIn">
<msg time="2024-03-22T04:15:45.278733" level="INFO">13665</msg>
<arg>${json_data['results'][0]['location']['postcode']}</arg>
<doc>Logs the given message with the given level.</doc>
<status status="PASS" start="2024-03-22T04:15:45.278345" elapsed="0.000429"/>
</kw>
<status status="PASS" start="2024-03-22T04:15:45.182526" elapsed="0.096512"/>
</kw>
<doc>Testa se os tipos de dados na resposta da API estão corretos.</doc>
<tag>testeTiposDados</tag>
<status status="PASS" start="2024-03-22T04:15:45.094238" elapsed="0.184968"/>
</test>
<test id="s1-s1-t5" name="Validar conteudo" line="35">
<kw name="Teste de Tipos de Conteudo" owner="random-user-service">
<kw name="GET On Session" owner="RequestsLibrary">
<msg time="2024-03-22T04:15:45.380507" level="INFO">GET Request : url=https://randomuser.me/api 
 path_url=/api 
 headers={'User-Agent': 'python-requests/2.31.0', 'Accept-Encoding': 'gzip, deflate', 'Accept': '*/*', 'Connection': 'keep-alive'} 
 body=None 
 </msg>
<msg time="2024-03-22T04:15:45.380621" level="INFO">GET Response : url=https://randomuser.me/api 
 status=200, reason=OK 
 headers={'Date': 'Fri, 22 Mar 2024 04:15:45 GMT', 'Content-Type': 'application/json; charset=utf-8', 'Transfer-Encoding': 'chunked', 'Connection': 'keep-alive', 'X-Powered-By': 'Express', 'Access-Control-Allow-Origin': '*', 'Cache-Control': 'no-cache', 'ETag': 'W/"490-mqv8rk5j1ho6HMHikIAgIoMZxV0"', 'Vary': 'Accept-Encoding', 'Content-Encoding': 'gzip', 'CF-Cache-Status': 'DYNAMIC', 'Report-To': '{"endpoints":[{"url":"https:\\/\\/a.nel.cloudflare.com\\/report\\/v4?s=rH%2FrScuop8Y%2FYNEs3KdEfUEl%2FFMpdmXdnWlkN7siSgZLGUcO1tek4LldHJ%2BM4II9%2Fz9O7JFj%2BLOLiGt0L8Sgj0eqWHyoictQAwDw8adIgHimVApVLHg%2BYM2GCZubKNKS"}],"group":"cf-nel","max_age":604800}', 'NEL': '{"success_fraction":0,"report_to":"cf-nel","max_age":604800}', 'Server': 'cloudflare', 'CF-RAY': '86835cc40f7e2d76-ORD', 'alt-svc': 'h3=":443"; ma=86400'} 
 body={"results":[{"gender":"male","name":{"title":"Mr","first":"Valtteri","last":"Kilpela"},"location":{"street":{"number":3344,"name":"Pispalan Valtatie"},"city":"Kimitoön","state":"Kainuu","country":"Finland","postcode":97891,"coordinates":{"latitude":"-21.8318","longitude":"-156.8347"},"timezone":{"offset":"-12:00","description":"Eniwetok, Kwajalein"}},"email":"valtteri.kilpela@example.com","login":{"uuid":"e405943f-a400-41f0-ac41-5dfb3d15861e","username":"crazybutterfly425","password":"shark","salt":"Qtdcg8c4","md5":"e53713f7b5a4011756b8232863c5ad81","sha1":"4bce735f73d91ae416043aea60191768faf3f2c1","sha256":"e5020e6a4cb47acc88d38e8e3e90f92e3da3793e6c7425d639eef5ac8f3e88ec"},"dob":{"date":"1993-05-01T23:43:25.560Z","age":30},"registered":{"date":"2021-03-22T10:30:45.959Z","age":2},"phone":"03-813-540","cell":"049-367-31-30","id":{"name":"HETU","value":"NaNNA065undefined"},"picture":{"large":"https://randomuser.me/api/portraits/men/72.jpg","medium":"https://randomuser.me/api/portraits/med/men/72.jpg","thumbnail":"https://randomuser.me/api/portraits/thumb/men/72.jpg"},"nat":"FI"}],"info":{"seed":"e898e70a496b6dbf","results":1,"page":1,"version":"1.4"}} 
 </msg>
<msg time="2024-03-22T04:15:45.380701" level="INFO">/opt/hostedtoolcache/Python/3.12.2/x64/lib/python3.12/site-packages/urllib3/connectionpool.py:1103: InsecureRequestWarning: Unverified HTTPS request is being made to host 'randomuser.me'. Adding certificate verification is strongly advised. See: https://urllib3.readthedocs.io/en/latest/advanced-usage.html#tls-warnings
  warnings.warn(</msg>
<msg time="2024-03-22T04:15:45.380829" level="INFO">${response} = &lt;Response [200]&gt;</msg>
<var>${response}</var>
<arg>consultarAPI</arg>
<arg>/api</arg>
<doc>Sends a GET request on a previously created HTTP Session.</doc>
<status status="PASS" start="2024-03-22T04:15:45.281631" elapsed="0.099238"/>
</kw>
<kw name="Set Variable" owner="BuiltIn">
<msg time="2024-03-22T04:15:45.381901" level="INFO">${json_data} = {'results': [{'gender': 'male', 'name': {'title': 'Mr', 'first': 'Valtteri', 'last': 'Kilpela'}, 'location': {'street': {'number': 3344, 'name': 'Pispalan Valtatie'}, 'city': 'Kimitoön', 'state': 'Kai...</msg>
<var>${json_data}</var>
<arg>${response.json()}</arg>
<doc>Returns the given values which can then be assigned to a variables.</doc>
<status status="PASS" start="2024-03-22T04:15:45.381379" elapsed="0.000552"/>
</kw>
<kw name="Set Variable" owner="BuiltIn">
<msg time="2024-03-22T04:15:45.382682" level="INFO">${name_title} = Mr</msg>
<var>${name_title}</var>
<arg>${json_data["results"][0]["name"]["title"]}</arg>
<doc>Returns the given values which can then be assigned to a variables.</doc>
<status status="PASS" start="2024-03-22T04:15:45.382238" elapsed="0.000470"/>
</kw>
<kw name="Create List" owner="BuiltIn">
<msg time="2024-03-22T04:15:45.383162" level="INFO">${allowed_titles} = ['Mr', 'Ms', 'Miss', 'Mrs', 'Madame', 'Monsieur']</msg>
<var>${allowed_titles}</var>
<arg>Mr</arg>
<arg>Ms</arg>
<arg>Miss</arg>
<arg>Mrs</arg>
<arg>Madame</arg>
<arg>Monsieur</arg>
<doc>Returns a list containing given items.</doc>
<status status="PASS" start="2024-03-22T04:15:45.383014" elapsed="0.000173"/>
</kw>
<kw name="List Should Contain Value" owner="Collections">
<msg time="2024-03-22T04:15:45.383671" level="INFO">False</msg>
<arg>${allowed_titles}</arg>
<arg>${name_title}</arg>
<doc>Fails if the ``value`` is not found from ``list``.</doc>
<status status="PASS" start="2024-03-22T04:15:45.383489" elapsed="0.000219"/>
</kw>
<kw name="Set Variable" owner="BuiltIn">
<msg time="2024-03-22T04:15:45.384360" level="INFO">${name_country} = FI</msg>
<var>${name_country}</var>
<arg>${json_data["results"][0]["nat"]}</arg>
<doc>Returns the given values which can then be assigned to a variables.</doc>
<status status="PASS" start="2024-03-22T04:15:45.383995" elapsed="0.000390"/>
</kw>
<kw name="Create List" owner="BuiltIn">
<msg time="2024-03-22T04:15:45.385287" level="INFO">${list_country} = ['AD', 'AE', 'AF', 'AG', 'AI', 'AL', 'AM', 'AO', 'AQ', 'AR', 'AS', 'AT', 'AU', 'AW', 'AX', 'AZ', 'BA', 'BB', 'BD', 'BE', 'BF', 'BG', 'BH', 'BI', 'BJ', 'BL', 'BM', 'BN', 'BO', 'BQ', 'BR', 'BS', 'BT', '...</msg>
<var>${list_country}</var>
<arg>AD</arg>
<arg>AE</arg>
<arg>AF</arg>
<arg>AG</arg>
<arg>AI</arg>
<arg>AL</arg>
<arg>AM</arg>
<arg>AO</arg>
<arg>AQ</arg>
<arg>AR</arg>
<arg>AS</arg>
<arg>AT</arg>
<arg>AU</arg>
<arg>AW</arg>
<arg>AX</arg>
<arg>AZ</arg>
<arg>BA</arg>
<arg>BB</arg>
<arg>BD</arg>
<arg>BE</arg>
<arg>BF</arg>
<arg>BG</arg>
<arg>BH</arg>
<arg>BI</arg>
<arg>BJ</arg>
<arg>BL</arg>
<arg>BM</arg>
<arg>BN</arg>
<arg>BO</arg>
<arg>BQ</arg>
<arg>BR</arg>
<arg>BS</arg>
<arg>BT</arg>
<arg>BV</arg>
<arg>BW</arg>
<arg>BY</arg>
<arg>BZ</arg>
<arg>CA</arg>
<arg>CC</arg>
<arg>CD</arg>
<arg>CF</arg>
<arg>CG</arg>
<arg>CH</arg>
<arg>CI</arg>
<arg>CK</arg>
<arg>CL</arg>
<arg>CM</arg>
<arg>CN</arg>
<arg>CO</arg>
<arg>CR</arg>
<arg>CU</arg>
<arg>CV</arg>
<arg>CW</arg>
<arg>CX</arg>
<arg>CY</arg>
<arg>CZ</arg>
<arg>DE</arg>
<arg>DJ</arg>
<arg>DK</arg>
<arg>DM</arg>
<arg>DO</arg>
<arg>DZ</arg>
<arg>EC</arg>
<arg>EE</arg>
<arg>EG</arg>
<arg>EH</arg>
<arg>ER</arg>
<arg>ES</arg>
<arg>ET</arg>
<arg>FI</arg>
<arg>FJ</arg>
<arg>FK</arg>
<arg>FM</arg>
<arg>FO</arg>
<arg>FR</arg>
<arg>GA</arg>
<arg>GB</arg>
<arg>GD</arg>
<arg>GE</arg>
<arg>GF</arg>
<arg>GG</arg>
<arg>GH</arg>
<arg>GI</arg>
<arg>GL</arg>
<arg>GM</arg>
<arg>GN</arg>
<arg>GP</arg>
<arg>GQ</arg>
<arg>GR</arg>
<arg>GS</arg>
<arg>GT</arg>
<arg>GU</arg>
<arg>GW</arg>
<arg>GY</arg>
<arg>HK</arg>
<arg>HM</arg>
<arg>HN</arg>
<arg>HR</arg>
<arg>HT</arg>
<arg>HU</arg>
<arg>ID</arg>
<arg>IE</arg>
<arg>IL</arg>
<arg>IM</arg>
<arg>IN</arg>
<arg>IO</arg>
<arg>IQ</arg>
<arg>IR</arg>
<arg>IS</arg>
<arg>IT</arg>
<arg>JE</arg>
<arg>JM</arg>
<arg>JO</arg>
<arg>JP</arg>
<arg>KE</arg>
<arg>KG</arg>
<arg>KH</arg>
<arg>KI</arg>
<arg>KM</arg>
<arg>KN</arg>
<arg>KP</arg>
<arg>KR</arg>
<arg>KW</arg>
<arg>KY</arg>
<arg>KZ</arg>
<arg>LA</arg>
<arg>LB</arg>
<arg>LC</arg>
<arg>LI</arg>
<arg>LK</arg>
<arg>LR</arg>
<arg>LS</arg>
<arg>LT</arg>
<arg>LU</arg>
<arg>LV</arg>
<arg>LY</arg>
<arg>MA</arg>
<arg>MC</arg>
<arg>MD</arg>
<arg>ME</arg>
<arg>MF</arg>
<arg>MG</arg>
<arg>MH</arg>
<arg>MK</arg>
<arg>ML</arg>
<arg>MM</arg>
<arg>MN</arg>
<arg>MO</arg>
<arg>MP</arg>
<arg>MQ</arg>
<arg>MR</arg>
<arg>MS</arg>
<arg>MT</arg>
<arg>MU</arg>
<arg>MV</arg>
<arg>MW</arg>
<arg>MX</arg>
<arg>MY</arg>
<arg>MZ</arg>
<arg>NA</arg>
<arg>NC</arg>
<arg>NE</arg>
<arg>NF</arg>
<arg>NG</arg>
<arg>NI</arg>
<arg>NL</arg>
<arg>NO</arg>
<arg>NP</arg>
<arg>NR</arg>
<arg>NU</arg>
<arg>NZ</arg>
<arg>OM</arg>
<arg>PA</arg>
<arg>PE</arg>
<arg>PF</arg>
<arg>PG</arg>
<arg>PH</arg>
<arg>PK</arg>
<arg>PL</arg>
<arg>PM</arg>
<arg>PN</arg>
<arg>PR</arg>
<arg>PS</arg>
<arg>PT</arg>
<arg>PW</arg>
<arg>PY</arg>
<arg>QA</arg>
<arg>RE</arg>
<arg>RO</arg>
<arg>RS</arg>
<arg>RU</arg>
<arg>RW</arg>
<arg>SA</arg>
<arg>SB</arg>
<arg>SC</arg>
<arg>SD</arg>
<arg>SE</arg>
<arg>SG</arg>
<arg>SH</arg>
<arg>SI</arg>
<arg>SJ</arg>
<arg>SK</arg>
<arg>SL</arg>
<arg>SM</arg>
<arg>SN</arg>
<arg>SO</arg>
<arg>SR</arg>
<arg>SS</arg>
<arg>ST</arg>
<arg>SV</arg>
<arg>SX</arg>
<arg>SY</arg>
<arg>SZ</arg>
<arg>TC</arg>
<arg>TD</arg>
<arg>TF</arg>
<arg>TG</arg>
<arg>TH</arg>
<arg>TJ</arg>
<arg>TK</arg>
<arg>TL</arg>
<arg>TM</arg>
<arg>TN</arg>
<arg>TO</arg>
<arg>TR</arg>
<arg>TT</arg>
<arg>TV</arg>
<arg>TW</arg>
<arg>TZ</arg>
<arg>UA</arg>
<arg>UG</arg>
<arg>UM</arg>
<arg>US</arg>
<arg>UY</arg>
<arg>UZ</arg>
<arg>VA</arg>
<arg>VC</arg>
<arg>VE</arg>
<arg>VG</arg>
<arg>VI</arg>
<arg>VN</arg>
<arg>VU</arg>
<arg>WF</arg>
<arg>WS</arg>
<arg>XK</arg>
<arg>YE</arg>
<arg>YT</arg>
<arg>ZA</arg>
<arg>ZM</arg>
<arg>ZW</arg>
<doc>Returns a list containing given items.</doc>
<status status="PASS" start="2024-03-22T04:15:45.384689" elapsed="0.000624"/>
</kw>
<kw name="List Should Contain Value" owner="Collections">
<msg time="2024-03-22T04:15:45.386473" level="INFO">False</msg>
<arg>${list_country}</arg>
<arg>${name_country}</arg>
<doc>Fails if the ``value`` is not found from ``list``.</doc>
<status status="PASS" start="2024-03-22T04:15:45.386248" elapsed="0.000264"/>
</kw>
<kw name="Run Keyword If" owner="BuiltIn">
<kw name="Should Be True" owner="BuiltIn">
<arg>${True}</arg>
<doc>Fails if the given condition is not true.</doc>
<status status="PASS" start="2024-03-22T04:15:45.387567" elapsed="0.000146"/>
</kw>
<arg>${json_data["results"][0]["location"]["coordinates"]["latitude"]} &gt;= -90 and ${json_data["results"][0]["location"]["coordinates"]["latitude"]} &lt;= 90</arg>
<arg>Should Be True</arg>
<arg>${True}</arg>
<doc>Runs the given keyword with the given arguments, if ``condition`` is true.</doc>
<status status="PASS" start="2024-03-22T04:15:45.386826" elapsed="0.001014"/>
</kw>
<kw name="Run Keyword If" owner="BuiltIn">
<kw name="Should Be True" owner="BuiltIn">
<arg>${True}</arg>
<doc>Fails if the given condition is not true.</doc>
<status status="PASS" start="2024-03-22T04:15:45.388725" elapsed="0.000138"/>
</kw>
<arg>${json_data["results"][0]["location"]["coordinates"]["longitude"]} &gt;= -180 and ${json_data["results"][0]["location"]["coordinates"]["longitude"]} &lt;= 180</arg>
<arg>Should Be True</arg>
<arg>${True}</arg>
<doc>Runs the given keyword with the given arguments, if ``condition`` is true.</doc>
<status status="PASS" start="2024-03-22T04:15:45.388025" elapsed="0.000962"/>
</kw>
<status status="PASS" start="2024-03-22T04:15:45.281405" elapsed="0.107718"/>
</kw>
<doc>Testa o conteúdo específico dos campos retornados pela API.</doc>
<tag>testeConteudo</tag>
<status status="PASS" start="2024-03-22T04:15:45.280949" elapsed="0.108334"/>
</test>
<status status="PASS" start="2024-03-22T04:15:44.458805" elapsed="0.932494"/>
</suite>
<status status="PASS" start="2024-03-22T04:15:44.444846" elapsed="0.951790"/>
</suite>
<statistics>
<total>
<stat pass="5" fail="0" skip="0">All Tests</stat>
</total>
<tag>
<stat pass="1" fail="0" skip="0">testeConteudo</stat>
<stat pass="1" fail="0" skip="0">testeEstruturaResposta</stat>
<stat pass="1" fail="0" skip="0">testeRequisicaoBasica</stat>
<stat pass="1" fail="0" skip="0">testeTiposDados</stat>
</tag>
<suite>
<stat pass="5" fail="0" skip="0" id="s1" name="Tests">Tests</stat>
<stat pass="5" fail="0" skip="0" id="s1-s1" name="Random-User-Test">Tests.Random-User-Test</stat>
</suite>
</statistics>
<errors>
</errors>
</robot>
