<?xml version="1.0" encoding="UTF-8"?>
<robot generator="Robot 7.0 (Python 3.12.2 on linux)" generated="2024-04-04T01:00:26.065225" rpa="false" schemaversion="5">
<suite id="s1" name="Tests" source="/home/runner/work/DesafioQAItauRogerioJordao/DesafioQAItauRogerioJordao/RamdonUser/tests">
<suite id="s1-s1" name="Random-User-Test" source="/home/runner/work/DesafioQAItauRogerioJordao/DesafioQAItauRogerioJordao/RamdonUser/tests/random-user-test.robot">
<test id="s1-s1-t1" name="Conectar" line="13">
<kw name="Conectar API" owner="random-user-service">
<kw name="Create Session" owner="RequestsLibrary">
<msg time="2024-04-04T01:00:26.442509" level="INFO">Creating Session using : alias=consultarAPI, url=https://randomuser.me/, headers={},                     cookies={}, auth=None, timeout=None, proxies=None, verify=False,                     debug=0 </msg>
<arg>consultarAPI</arg>
<arg>${URL}</arg>
<doc>Create Session: create a HTTP session to a server</doc>
<status status="PASS" start="2024-04-04T01:00:26.442311" elapsed="0.000361"/>
</kw>
<status status="PASS" start="2024-04-04T01:00:26.441326" elapsed="0.001702"/>
</kw>
<status status="PASS" start="2024-04-04T01:00:26.440789" elapsed="0.002445"/>
</test>
<test id="s1-s1-t2" name="Validar retorno 200 e JSON Válido" line="16">
<kw name="Teste de Requisicao Basica" owner="random-user-service">
<kw name="GET On Session" owner="RequestsLibrary">
<msg time="2024-04-04T01:00:26.555058" level="INFO">GET Request : url=https://randomuser.me/api 
 path_url=/api 
 headers={'User-Agent': 'python-requests/2.31.0', 'Accept-Encoding': 'gzip, deflate', 'Accept': '*/*', 'Connection': 'keep-alive'} 
 body=None 
 </msg>
<msg time="2024-04-04T01:00:26.555186" level="INFO">GET Response : url=https://randomuser.me/api 
 status=200, reason=OK 
 headers={'Date': 'Thu, 04 Apr 2024 01:00:26 GMT', 'Content-Type': 'application/json; charset=utf-8', 'Transfer-Encoding': 'chunked', 'Connection': 'keep-alive', 'X-Powered-By': 'Express', 'Access-Control-Allow-Origin': '*', 'Cache-Control': 'no-cache', 'ETag': 'W/"49e-/sH0TBFeiTcPiCzuTbB0ccNNzjM"', 'Vary': 'Accept-Encoding', 'Content-Encoding': 'gzip', 'CF-Cache-Status': 'DYNAMIC', 'Report-To': '{"endpoints":[{"url":"https:\\/\\/a.nel.cloudflare.com\\/report\\/v4?s=pBNCNnH52a1sU6uCyzieUDOfgljQ7YayaxsNCVW457SSBVJ2T0Ap5%2FmmqmAKbkmTHMaySAh3LoNjPmw5GpLomMR3oal7YTOR8KO5h2LTt%2BOzme5Fa6977cc%2F8XLpPcsW"}],"group":"cf-nel","max_age":604800}', 'NEL': '{"success_fraction":0,"report_to":"cf-nel","max_age":604800}', 'Server': 'cloudflare', 'CF-RAY': '86ed5c899a3f205d-IAD', 'alt-svc': 'h3=":443"; ma=86400'} 
 body={"results":[{"gender":"female","name":{"title":"Mrs","first":"Catalina","last":"Castro"},"location":{"street":{"number":543,"name":"Avenida de Andalucía"},"city":"Oviedo","state":"Andalucía","country":"Spain","postcode":21128,"coordinates":{"latitude":"-34.9971","longitude":"135.6469"},"timezone":{"offset":"+5:00","description":"Ekaterinburg, Islamabad, Karachi, Tashkent"}},"email":"catalina.castro@example.com","login":{"uuid":"327b00a0-1d86-40ad-bac0-204e812e6e00","username":"angrycat153","password":"shop","salt":"2FzdN3RO","md5":"3e2de24926d9c99aa0c6a59d966ca702","sha1":"761740bf94966b4320596500177346e935f5d71b","sha256":"ff9f0aa542e55509c310e41e5a481b517b8de1f1a3bad9a73c49aded3573c528"},"dob":{"date":"1961-10-14T07:46:56.318Z","age":62},"registered":{"date":"2020-08-11T21:39:18.975Z","age":3},"phone":"901-848-000","cell":"663-918-924","id":{"name":"DNI","value":"33923759-E"},"picture":{"large":"https://randomuser.me/api/portraits/women/54.jpg","medium":"https://randomuser.me/api/portraits/med/women/54.jpg","thumbnail":"https://randomuser.me/api/portraits/thumb/women/54.jpg"},"nat":"ES"}],"info":{"seed":"6d8697f48f0e4241","results":1,"page":1,"version":"1.4"}} 
 </msg>
<msg time="2024-04-04T01:00:26.555293" level="INFO">/opt/hostedtoolcache/Python/3.12.2/x64/lib/python3.12/site-packages/urllib3/connectionpool.py:1103: InsecureRequestWarning: Unverified HTTPS request is being made to host 'randomuser.me'. Adding certificate verification is strongly advised. See: https://urllib3.readthedocs.io/en/latest/advanced-usage.html#tls-warnings
  warnings.warn(</msg>
<msg time="2024-04-04T01:00:26.555425" level="INFO">${response} = &lt;Response [200]&gt;</msg>
<var>${response}</var>
<arg>consultarAPI</arg>
<arg>/api</arg>
<doc>Sends a GET request on a previously created HTTP Session.</doc>
<status status="PASS" start="2024-04-04T01:00:26.445839" elapsed="0.109627"/>
</kw>
<kw name="Should Be Equal As Numbers" owner="BuiltIn">
<msg time="2024-04-04T01:00:26.556371" level="INFO">Argument types are:
&lt;class 'int'&gt;
&lt;class 'str'&gt;</msg>
<arg>${response.status_code}</arg>
<arg>200</arg>
<doc>Fails if objects are unequal after converting them to real numbers.</doc>
<status status="PASS" start="2024-04-04T01:00:26.555935" elapsed="0.000500"/>
</kw>
<kw name="Log" owner="BuiltIn">
<msg time="2024-04-04T01:00:26.557141" level="INFO">200</msg>
<arg>${response.status_code}</arg>
<doc>Logs the given message with the given level.</doc>
<status status="PASS" start="2024-04-04T01:00:26.556780" elapsed="0.000404"/>
</kw>
<kw name="Set Variable" owner="BuiltIn">
<msg time="2024-04-04T01:00:26.557955" level="INFO">${json_data} = {'results': [{'gender': 'female', 'name': {'title': 'Mrs', 'first': 'Catalina', 'last': 'Castro'}, 'location': {'street': {'number': 543, 'name': 'Avenida de Andalucía'}, 'city': 'Oviedo', 'state': 'A...</msg>
<var>${json_data}</var>
<arg>${response.json()}</arg>
<doc>Returns the given values which can then be assigned to a variables.</doc>
<status status="PASS" start="2024-04-04T01:00:26.557500" elapsed="0.000485"/>
</kw>
<kw name="Dictionary Should Contain Key" owner="Collections">
<msg time="2024-04-04T01:00:26.558460" level="INFO">False</msg>
<arg>${json_data}</arg>
<arg>results</arg>
<doc>Fails if ``key`` is not found from ``dictionary``.</doc>
<status status="PASS" start="2024-04-04T01:00:26.558293" elapsed="0.000207"/>
</kw>
<status status="PASS" start="2024-04-04T01:00:26.445585" elapsed="0.113199"/>
</kw>
<doc>Testa se a API responde corretamente e retorna um objeto JSON válido.</doc>
<tag>testeRequisicaoBasica</tag>
<status status="PASS" start="2024-04-04T01:00:26.445114" elapsed="0.113855"/>
</test>
<test id="s1-s1-t3" name="Validar estrutura de resposta" line="22">
<kw name="Teste de Estrutura de Resposta" owner="random-user-service">
<kw name="GET On Session" owner="RequestsLibrary">
<msg time="2024-04-04T01:00:27.560496" level="INFO">GET Request : url=https://randomuser.me/api 
 path_url=/api 
 headers={'User-Agent': 'python-requests/2.31.0', 'Accept-Encoding': 'gzip, deflate', 'Accept': '*/*', 'Connection': 'keep-alive'} 
 body=None 
 </msg>
<msg time="2024-04-04T01:00:27.560611" level="INFO">GET Response : url=https://randomuser.me/api 
 status=200, reason=OK 
 headers={'Date': 'Thu, 04 Apr 2024 01:00:27 GMT', 'Content-Type': 'application/json; charset=utf-8', 'Transfer-Encoding': 'chunked', 'Connection': 'keep-alive', 'X-Powered-By': 'Express', 'Access-Control-Allow-Origin': '*', 'Cache-Control': 'no-cache', 'ETag': 'W/"487-rwmrr/XEViikcdyQEx5u9sAUQiA"', 'Vary': 'Accept-Encoding', 'Content-Encoding': 'gzip', 'CF-Cache-Status': 'DYNAMIC', 'Report-To': '{"endpoints":[{"url":"https:\\/\\/a.nel.cloudflare.com\\/report\\/v4?s=68OqRSzTOFmNkPt54JHNt2r4%2FtTTkqucctj7B2%2BYTNwFwP4RV9uxVhtlhFwF2FRZbyXpGKLZgWELA4tf%2FicRGGcd23D%2Bg0JNbDhqJBa7y9j7MF8zhn3Y8fLomIRVtSwN"}],"group":"cf-nel","max_age":604800}', 'NEL': '{"success_fraction":0,"report_to":"cf-nel","max_age":604800}', 'Server': 'cloudflare', 'CF-RAY': '86ed5c8a0ada205d-IAD', 'alt-svc': 'h3=":443"; ma=86400'} 
 body={"results":[{"gender":"male","name":{"title":"Mr","first":"Connor","last":"Taylor"},"location":{"street":{"number":3159,"name":"Victoria Avenue"},"city":"Upper Hutt","state":"Otago","country":"New Zealand","postcode":15650,"coordinates":{"latitude":"55.4283","longitude":"-72.4900"},"timezone":{"offset":"+3:00","description":"Baghdad, Riyadh, Moscow, St. Petersburg"}},"email":"connor.taylor@example.com","login":{"uuid":"3b85ed91-f1ac-43ed-96b4-1730a41ee0a5","username":"sadfish196","password":"great1","salt":"7gNUn31e","md5":"685cdddeffce85d897e2a2bb9d77ab88","sha1":"127dbc828e2b5803750f7a7e8b3a6ecf0dc9cf1e","sha256":"cf0847748d014a6d472cc563831f23b5800cbd1805e35ea9c6df659649d48151"},"dob":{"date":"1970-09-05T06:54:04.019Z","age":53},"registered":{"date":"2006-06-14T18:00:24.777Z","age":17},"phone":"(620)-890-6305","cell":"(541)-148-3899","id":{"name":"","value":null},"picture":{"large":"https://randomuser.me/api/portraits/men/3.jpg","medium":"https://randomuser.me/api/portraits/med/men/3.jpg","thumbnail":"https://randomuser.me/api/portraits/thumb/men/3.jpg"},"nat":"NZ"}],"info":{"seed":"a92cd057e9b28f54","results":1,"page":1,"version":"1.4"}} 
 </msg>
<msg time="2024-04-04T01:00:27.560796" level="INFO">/opt/hostedtoolcache/Python/3.12.2/x64/lib/python3.12/site-packages/urllib3/connectionpool.py:1103: InsecureRequestWarning: Unverified HTTPS request is being made to host 'randomuser.me'. Adding certificate verification is strongly advised. See: https://urllib3.readthedocs.io/en/latest/advanced-usage.html#tls-warnings
  warnings.warn(</msg>
<msg time="2024-04-04T01:00:27.560940" level="INFO">${response} = &lt;Response [200]&gt;</msg>
<var>${response}</var>
<arg>consultarAPI</arg>
<arg>/api</arg>
<doc>Sends a GET request on a previously created HTTP Session.</doc>
<status status="PASS" start="2024-04-04T01:00:26.562163" elapsed="0.998816"/>
</kw>
<kw name="Set Variable" owner="BuiltIn">
<msg time="2024-04-04T01:00:27.562173" level="INFO">${json_data} = {'results': [{'gender': 'male', 'name': {'title': 'Mr', 'first': 'Connor', 'last': 'Taylor'}, 'location': {'street': {'number': 3159, 'name': 'Victoria Avenue'}, 'city': 'Upper Hutt', 'state': 'Otago'...</msg>
<var>${json_data}</var>
<arg>${response.json()}</arg>
<doc>Returns the given values which can then be assigned to a variables.</doc>
<status status="PASS" start="2024-04-04T01:00:27.561598" elapsed="0.000604"/>
</kw>
<kw name="Log" owner="BuiltIn">
<msg time="2024-04-04T01:00:27.562676" level="INFO">{'results': [{'gender': 'male', 'name': {'title': 'Mr', 'first': 'Connor', 'last': 'Taylor'}, 'location': {'street': {'number': 3159, 'name': 'Victoria Avenue'}, 'city': 'Upper Hutt', 'state': 'Otago', 'country': 'New Zealand', 'postcode': 15650, 'coordinates': {'latitude': '55.4283', 'longitude': '-72.4900'}, 'timezone': {'offset': '+3:00', 'description': 'Baghdad, Riyadh, Moscow, St. Petersburg'}}, 'email': 'connor.taylor@example.com', 'login': {'uuid': '3b85ed91-f1ac-43ed-96b4-1730a41ee0a5', 'username': 'sadfish196', 'password': 'great1', 'salt': '7gNUn31e', 'md5': '685cdddeffce85d897e2a2bb9d77ab88', 'sha1': '127dbc828e2b5803750f7a7e8b3a6ecf0dc9cf1e', 'sha256': 'cf0847748d014a6d472cc563831f23b5800cbd1805e35ea9c6df659649d48151'}, 'dob': {'date': '1970-09-05T06:54:04.019Z', 'age': 53}, 'registered': {'date': '2006-06-14T18:00:24.777Z', 'age': 17}, 'phone': '(620)-890-6305', 'cell': '(541)-148-3899', 'id': {'name': '', 'value': None}, 'picture': {'large': 'https://randomuser.me/api/portraits/men/3.jpg', 'medium': 'https://randomuser.me/api/portraits/med/men/3.jpg', 'thumbnail': 'https://randomuser.me/api/portraits/thumb/men/3.jpg'}, 'nat': 'NZ'}], 'info': {'seed': 'a92cd057e9b28f54', 'results': 1, 'page': 1, 'version': '1.4'}}</msg>
<arg>${json_data}</arg>
<doc>Logs the given message with the given level.</doc>
<status status="PASS" start="2024-04-04T01:00:27.562515" elapsed="0.000209"/>
</kw>
<kw name="Dictionary Should Contain Key" owner="Collections">
<msg time="2024-04-04T01:00:27.563182" level="INFO">False</msg>
<arg>${json_data}</arg>
<arg>results</arg>
<doc>Fails if ``key`` is not found from ``dictionary``.</doc>
<status status="PASS" start="2024-04-04T01:00:27.563024" elapsed="0.000196"/>
</kw>
<kw name="Should Not Be Empty" owner="BuiltIn">
<msg time="2024-04-04T01:00:27.563649" level="INFO">Length is 2.</msg>
<arg>${json_data}</arg>
<doc>Verifies that the given item is not empty.</doc>
<status status="PASS" start="2024-04-04T01:00:27.563518" elapsed="0.000169"/>
</kw>
<kw name="Create List" owner="BuiltIn">
<msg time="2024-04-04T01:00:27.564125" level="INFO">${expected_keys} = ['gender', 'name', 'location', 'email', 'login']</msg>
<var>${expected_keys}</var>
<arg>gender</arg>
<arg>name</arg>
<arg>location</arg>
<arg>email</arg>
<arg>login</arg>
<doc>Returns a list containing given items.</doc>
<status status="PASS" start="2024-04-04T01:00:27.563978" elapsed="0.000172"/>
</kw>
<for flavor="IN">
<iter>
<kw name="Dictionary Should Contain Key" owner="Collections">
<msg time="2024-04-04T01:00:27.565181" level="INFO">False</msg>
<arg>${json_data['results'][0]}</arg>
<arg>${key}</arg>
<doc>Fails if ``key`` is not found from ``dictionary``.</doc>
<status status="PASS" start="2024-04-04T01:00:27.564767" elapsed="0.000454"/>
</kw>
<kw name="Log" owner="BuiltIn">
<msg time="2024-04-04T01:00:27.565902" level="INFO">{'gender': 'male', 'name': {'title': 'Mr', 'first': 'Connor', 'last': 'Taylor'}, 'location': {'street': {'number': 3159, 'name': 'Victoria Avenue'}, 'city': 'Upper Hutt', 'state': 'Otago', 'country': 'New Zealand', 'postcode': 15650, 'coordinates': {'latitude': '55.4283', 'longitude': '-72.4900'}, 'timezone': {'offset': '+3:00', 'description': 'Baghdad, Riyadh, Moscow, St. Petersburg'}}, 'email': 'connor.taylor@example.com', 'login': {'uuid': '3b85ed91-f1ac-43ed-96b4-1730a41ee0a5', 'username': 'sadfish196', 'password': 'great1', 'salt': '7gNUn31e', 'md5': '685cdddeffce85d897e2a2bb9d77ab88', 'sha1': '127dbc828e2b5803750f7a7e8b3a6ecf0dc9cf1e', 'sha256': 'cf0847748d014a6d472cc563831f23b5800cbd1805e35ea9c6df659649d48151'}, 'dob': {'date': '1970-09-05T06:54:04.019Z', 'age': 53}, 'registered': {'date': '2006-06-14T18:00:24.777Z', 'age': 17}, 'phone': '(620)-890-6305', 'cell': '(541)-148-3899', 'id': {'name': '', 'value': None}, 'picture': {'large': 'https://randomuser.me/api/portraits/men/3.jpg', 'medium': 'https://randomuser.me/api/portraits/med/men/3.jpg', 'thumbnail': 'https://randomuser.me/api/portraits/thumb/men/3.jpg'}, 'nat': 'NZ'}</msg>
<arg>${json_data['results'][0]}</arg>
<doc>Logs the given message with the given level.</doc>
<status status="PASS" start="2024-04-04T01:00:27.565530" elapsed="0.000426"/>
</kw>
<kw name="Log" owner="BuiltIn">
<msg time="2024-04-04T01:00:27.566392" level="INFO">gender</msg>
<arg>${key}</arg>
<doc>Logs the given message with the given level.</doc>
<status status="PASS" start="2024-04-04T01:00:27.566260" elapsed="0.000170"/>
</kw>
<var name="${key}">gender</var>
<status status="PASS" start="2024-04-04T01:00:27.564607" elapsed="0.002045"/>
</iter>
<iter>
<kw name="Dictionary Should Contain Key" owner="Collections">
<msg time="2024-04-04T01:00:27.567337" level="INFO">False</msg>
<arg>${json_data['results'][0]}</arg>
<arg>${key}</arg>
<doc>Fails if ``key`` is not found from ``dictionary``.</doc>
<status status="PASS" start="2024-04-04T01:00:27.566959" elapsed="0.000416"/>
</kw>
<kw name="Log" owner="BuiltIn">
<msg time="2024-04-04T01:00:27.568072" level="INFO">{'gender': 'male', 'name': {'title': 'Mr', 'first': 'Connor', 'last': 'Taylor'}, 'location': {'street': {'number': 3159, 'name': 'Victoria Avenue'}, 'city': 'Upper Hutt', 'state': 'Otago', 'country': 'New Zealand', 'postcode': 15650, 'coordinates': {'latitude': '55.4283', 'longitude': '-72.4900'}, 'timezone': {'offset': '+3:00', 'description': 'Baghdad, Riyadh, Moscow, St. Petersburg'}}, 'email': 'connor.taylor@example.com', 'login': {'uuid': '3b85ed91-f1ac-43ed-96b4-1730a41ee0a5', 'username': 'sadfish196', 'password': 'great1', 'salt': '7gNUn31e', 'md5': '685cdddeffce85d897e2a2bb9d77ab88', 'sha1': '127dbc828e2b5803750f7a7e8b3a6ecf0dc9cf1e', 'sha256': 'cf0847748d014a6d472cc563831f23b5800cbd1805e35ea9c6df659649d48151'}, 'dob': {'date': '1970-09-05T06:54:04.019Z', 'age': 53}, 'registered': {'date': '2006-06-14T18:00:24.777Z', 'age': 17}, 'phone': '(620)-890-6305', 'cell': '(541)-148-3899', 'id': {'name': '', 'value': None}, 'picture': {'large': 'https://randomuser.me/api/portraits/men/3.jpg', 'medium': 'https://randomuser.me/api/portraits/med/men/3.jpg', 'thumbnail': 'https://randomuser.me/api/portraits/thumb/men/3.jpg'}, 'nat': 'NZ'}</msg>
<arg>${json_data['results'][0]}</arg>
<doc>Logs the given message with the given level.</doc>
<status status="PASS" start="2024-04-04T01:00:27.567706" elapsed="0.000414"/>
</kw>
<kw name="Log" owner="BuiltIn">
<msg time="2024-04-04T01:00:27.568546" level="INFO">name</msg>
<arg>${key}</arg>
<doc>Logs the given message with the given level.</doc>
<status status="PASS" start="2024-04-04T01:00:27.568417" elapsed="0.000168"/>
</kw>
<var name="${key}">name</var>
<status status="PASS" start="2024-04-04T01:00:27.566843" elapsed="0.001987"/>
</iter>
<iter>
<kw name="Dictionary Should Contain Key" owner="Collections">
<msg time="2024-04-04T01:00:27.569505" level="INFO">False</msg>
<arg>${json_data['results'][0]}</arg>
<arg>${key}</arg>
<doc>Fails if ``key`` is not found from ``dictionary``.</doc>
<status status="PASS" start="2024-04-04T01:00:27.569126" elapsed="0.000417"/>
</kw>
<kw name="Log" owner="BuiltIn">
<msg time="2024-04-04T01:00:27.570205" level="INFO">{'gender': 'male', 'name': {'title': 'Mr', 'first': 'Connor', 'last': 'Taylor'}, 'location': {'street': {'number': 3159, 'name': 'Victoria Avenue'}, 'city': 'Upper Hutt', 'state': 'Otago', 'country': 'New Zealand', 'postcode': 15650, 'coordinates': {'latitude': '55.4283', 'longitude': '-72.4900'}, 'timezone': {'offset': '+3:00', 'description': 'Baghdad, Riyadh, Moscow, St. Petersburg'}}, 'email': 'connor.taylor@example.com', 'login': {'uuid': '3b85ed91-f1ac-43ed-96b4-1730a41ee0a5', 'username': 'sadfish196', 'password': 'great1', 'salt': '7gNUn31e', 'md5': '685cdddeffce85d897e2a2bb9d77ab88', 'sha1': '127dbc828e2b5803750f7a7e8b3a6ecf0dc9cf1e', 'sha256': 'cf0847748d014a6d472cc563831f23b5800cbd1805e35ea9c6df659649d48151'}, 'dob': {'date': '1970-09-05T06:54:04.019Z', 'age': 53}, 'registered': {'date': '2006-06-14T18:00:24.777Z', 'age': 17}, 'phone': '(620)-890-6305', 'cell': '(541)-148-3899', 'id': {'name': '', 'value': None}, 'picture': {'large': 'https://randomuser.me/api/portraits/men/3.jpg', 'medium': 'https://randomuser.me/api/portraits/med/men/3.jpg', 'thumbnail': 'https://randomuser.me/api/portraits/thumb/men/3.jpg'}, 'nat': 'NZ'}</msg>
<arg>${json_data['results'][0]}</arg>
<doc>Logs the given message with the given level.</doc>
<status status="PASS" start="2024-04-04T01:00:27.569844" elapsed="0.000412"/>
</kw>
<kw name="Log" owner="BuiltIn">
<msg time="2024-04-04T01:00:27.570676" level="INFO">location</msg>
<arg>${key}</arg>
<doc>Logs the given message with the given level.</doc>
<status status="PASS" start="2024-04-04T01:00:27.570549" elapsed="0.000165"/>
</kw>
<var name="${key}">location</var>
<status status="PASS" start="2024-04-04T01:00:27.569012" elapsed="0.001915"/>
</iter>
<iter>
<kw name="Dictionary Should Contain Key" owner="Collections">
<msg time="2024-04-04T01:00:27.571587" level="INFO">False</msg>
<arg>${json_data['results'][0]}</arg>
<arg>${key}</arg>
<doc>Fails if ``key`` is not found from ``dictionary``.</doc>
<status status="PASS" start="2024-04-04T01:00:27.571208" elapsed="0.000416"/>
</kw>
<kw name="Log" owner="BuiltIn">
<msg time="2024-04-04T01:00:27.572287" level="INFO">{'gender': 'male', 'name': {'title': 'Mr', 'first': 'Connor', 'last': 'Taylor'}, 'location': {'street': {'number': 3159, 'name': 'Victoria Avenue'}, 'city': 'Upper Hutt', 'state': 'Otago', 'country': 'New Zealand', 'postcode': 15650, 'coordinates': {'latitude': '55.4283', 'longitude': '-72.4900'}, 'timezone': {'offset': '+3:00', 'description': 'Baghdad, Riyadh, Moscow, St. Petersburg'}}, 'email': 'connor.taylor@example.com', 'login': {'uuid': '3b85ed91-f1ac-43ed-96b4-1730a41ee0a5', 'username': 'sadfish196', 'password': 'great1', 'salt': '7gNUn31e', 'md5': '685cdddeffce85d897e2a2bb9d77ab88', 'sha1': '127dbc828e2b5803750f7a7e8b3a6ecf0dc9cf1e', 'sha256': 'cf0847748d014a6d472cc563831f23b5800cbd1805e35ea9c6df659649d48151'}, 'dob': {'date': '1970-09-05T06:54:04.019Z', 'age': 53}, 'registered': {'date': '2006-06-14T18:00:24.777Z', 'age': 17}, 'phone': '(620)-890-6305', 'cell': '(541)-148-3899', 'id': {'name': '', 'value': None}, 'picture': {'large': 'https://randomuser.me/api/portraits/men/3.jpg', 'medium': 'https://randomuser.me/api/portraits/med/men/3.jpg', 'thumbnail': 'https://randomuser.me/api/portraits/thumb/men/3.jpg'}, 'nat': 'NZ'}</msg>
<arg>${json_data['results'][0]}</arg>
<doc>Logs the given message with the given level.</doc>
<status status="PASS" start="2024-04-04T01:00:27.571936" elapsed="0.000398"/>
</kw>
<kw name="Log" owner="BuiltIn">
<msg time="2024-04-04T01:00:27.572784" level="INFO">email</msg>
<arg>${key}</arg>
<doc>Logs the given message with the given level.</doc>
<status status="PASS" start="2024-04-04T01:00:27.572628" elapsed="0.000195"/>
</kw>
<var name="${key}">email</var>
<status status="PASS" start="2024-04-04T01:00:27.571097" elapsed="0.001945"/>
</iter>
<iter>
<kw name="Dictionary Should Contain Key" owner="Collections">
<msg time="2024-04-04T01:00:27.573727" level="INFO">False</msg>
<arg>${json_data['results'][0]}</arg>
<arg>${key}</arg>
<doc>Fails if ``key`` is not found from ``dictionary``.</doc>
<status status="PASS" start="2024-04-04T01:00:27.573342" elapsed="0.000422"/>
</kw>
<kw name="Log" owner="BuiltIn">
<msg time="2024-04-04T01:00:27.574418" level="INFO">{'gender': 'male', 'name': {'title': 'Mr', 'first': 'Connor', 'last': 'Taylor'}, 'location': {'street': {'number': 3159, 'name': 'Victoria Avenue'}, 'city': 'Upper Hutt', 'state': 'Otago', 'country': 'New Zealand', 'postcode': 15650, 'coordinates': {'latitude': '55.4283', 'longitude': '-72.4900'}, 'timezone': {'offset': '+3:00', 'description': 'Baghdad, Riyadh, Moscow, St. Petersburg'}}, 'email': 'connor.taylor@example.com', 'login': {'uuid': '3b85ed91-f1ac-43ed-96b4-1730a41ee0a5', 'username': 'sadfish196', 'password': 'great1', 'salt': '7gNUn31e', 'md5': '685cdddeffce85d897e2a2bb9d77ab88', 'sha1': '127dbc828e2b5803750f7a7e8b3a6ecf0dc9cf1e', 'sha256': 'cf0847748d014a6d472cc563831f23b5800cbd1805e35ea9c6df659649d48151'}, 'dob': {'date': '1970-09-05T06:54:04.019Z', 'age': 53}, 'registered': {'date': '2006-06-14T18:00:24.777Z', 'age': 17}, 'phone': '(620)-890-6305', 'cell': '(541)-148-3899', 'id': {'name': '', 'value': None}, 'picture': {'large': 'https://randomuser.me/api/portraits/men/3.jpg', 'medium': 'https://randomuser.me/api/portraits/med/men/3.jpg', 'thumbnail': 'https://randomuser.me/api/portraits/thumb/men/3.jpg'}, 'nat': 'NZ'}</msg>
<arg>${json_data['results'][0]}</arg>
<doc>Logs the given message with the given level.</doc>
<status status="PASS" start="2024-04-04T01:00:27.574056" elapsed="0.000408"/>
</kw>
<kw name="Log" owner="BuiltIn">
<msg time="2024-04-04T01:00:27.574881" level="INFO">login</msg>
<arg>${key}</arg>
<doc>Logs the given message with the given level.</doc>
<status status="PASS" start="2024-04-04T01:00:27.574756" elapsed="0.000270"/>
</kw>
<var name="${key}">login</var>
<status status="PASS" start="2024-04-04T01:00:27.573225" elapsed="0.002048"/>
</iter>
<var>${key}</var>
<value>@{expected_keys}</value>
<status status="PASS" start="2024-04-04T01:00:27.564410" elapsed="0.010994"/>
</for>
<kw name="Create List" owner="BuiltIn">
<msg time="2024-04-04T01:00:27.575744" level="INFO">${expected_keysTwo} = ['username', 'password']</msg>
<var>${expected_keysTwo}</var>
<arg>username</arg>
<arg>password</arg>
<doc>Returns a list containing given items.</doc>
<status status="PASS" start="2024-04-04T01:00:27.575599" elapsed="0.000170"/>
</kw>
<for flavor="IN">
<iter>
<kw name="Dictionary Should Contain Key" owner="Collections">
<msg time="2024-04-04T01:00:27.576646" level="INFO">False</msg>
<arg>${json_data['results'][0]['login']}</arg>
<arg>${keyTwo}</arg>
<doc>Fails if ``key`` is not found from ``dictionary``.</doc>
<status status="PASS" start="2024-04-04T01:00:27.576271" elapsed="0.000434"/>
</kw>
<kw name="Dictionary Should Contain Key" owner="Collections">
<msg time="2024-04-04T01:00:27.577402" level="INFO">False</msg>
<arg>${json_data['results'][0]['login']}</arg>
<arg>${keyTwo}</arg>
<doc>Fails if ``key`` is not found from ``dictionary``.</doc>
<status status="PASS" start="2024-04-04T01:00:27.577030" elapsed="0.000409"/>
</kw>
<kw name="Log" owner="BuiltIn">
<msg time="2024-04-04T01:00:27.577872" level="INFO">username</msg>
<arg>${keyTwo}</arg>
<doc>Logs the given message with the given level.</doc>
<status status="PASS" start="2024-04-04T01:00:27.577744" elapsed="0.000165"/>
</kw>
<var name="${keyTwo}">username</var>
<status status="PASS" start="2024-04-04T01:00:27.576159" elapsed="0.001963"/>
</iter>
<iter>
<kw name="Dictionary Should Contain Key" owner="Collections">
<msg time="2024-04-04T01:00:27.578798" level="INFO">False</msg>
<arg>${json_data['results'][0]['login']}</arg>
<arg>${keyTwo}</arg>
<doc>Fails if ``key`` is not found from ``dictionary``.</doc>
<status status="PASS" start="2024-04-04T01:00:27.578405" elapsed="0.000431"/>
</kw>
<kw name="Dictionary Should Contain Key" owner="Collections">
<msg time="2024-04-04T01:00:27.579507" level="INFO">False</msg>
<arg>${json_data['results'][0]['login']}</arg>
<arg>${keyTwo}</arg>
<doc>Fails if ``key`` is not found from ``dictionary``.</doc>
<status status="PASS" start="2024-04-04T01:00:27.579129" elapsed="0.000415"/>
</kw>
<kw name="Log" owner="BuiltIn">
<msg time="2024-04-04T01:00:27.579964" level="INFO">password</msg>
<arg>${keyTwo}</arg>
<doc>Logs the given message with the given level.</doc>
<status status="PASS" start="2024-04-04T01:00:27.579835" elapsed="0.000167"/>
</kw>
<var name="${keyTwo}">password</var>
<status status="PASS" start="2024-04-04T01:00:27.578294" elapsed="0.001922"/>
</iter>
<var>${keyTwo}</var>
<value>@{expected_keysTwo}</value>
<status status="PASS" start="2024-04-04T01:00:27.576007" elapsed="0.004330"/>
</for>
<status status="PASS" start="2024-04-04T01:00:26.561871" elapsed="1.018608"/>
</kw>
<doc>Testa a estrutura da resposta da API.</doc>
<tag>testeEstruturaResposta</tag>
<status status="PASS" start="2024-04-04T01:00:26.560901" elapsed="1.019747"/>
</test>
<test id="s1-s1-t4" name="Validar tipos de dados" line="28">
<kw name="Teste de Tipos de Dados" owner="random-user-service">
<kw name="GET On Session" owner="RequestsLibrary">
<msg time="2024-04-04T01:00:27.776084" level="INFO">GET Request : url=https://randomuser.me/api 
 path_url=/api 
 headers={'User-Agent': 'python-requests/2.31.0', 'Accept-Encoding': 'gzip, deflate', 'Accept': '*/*', 'Connection': 'keep-alive'} 
 body=None 
 </msg>
<msg time="2024-04-04T01:00:27.776164" level="INFO">GET Response : url=https://randomuser.me/api 
 status=200, reason=OK 
 headers={'Date': 'Thu, 04 Apr 2024 01:00:27 GMT', 'Content-Type': 'application/json; charset=utf-8', 'Transfer-Encoding': 'chunked', 'Connection': 'keep-alive', 'X-Powered-By': 'Express', 'Access-Control-Allow-Origin': '*', 'Cache-Control': 'no-cache', 'ETag': 'W/"49a-JMxFeMYA35gMOleemayK40GxVjA"', 'Vary': 'Accept-Encoding', 'Content-Encoding': 'gzip', 'CF-Cache-Status': 'DYNAMIC', 'Report-To': '{"endpoints":[{"url":"https:\\/\\/a.nel.cloudflare.com\\/report\\/v4?s=otf0RHPy59f2s3XaIFFW%2BPTtCdmB9QC2pHDSZ%2BgDl9kA2bFzdLfGvAmr7tU%2FWub3drdeZIZJQcc28F53RyqwgFrceURwfdC7eqBVrSsftGg6COdaSng0AuAhplv5pMe5"}],"group":"cf-nel","max_age":604800}', 'NEL': '{"success_fraction":0,"report_to":"cf-nel","max_age":604800}', 'Server': 'cloudflare', 'CF-RAY': '86ed5c906aa8205d-IAD', 'alt-svc': 'h3=":443"; ma=86400'} 
 body={"results":[{"gender":"male","name":{"title":"Mr","first":"Chris","last":"Schmidt"},"location":{"street":{"number":9483,"name":"Miller Ave"},"city":"Frederick","state":"California","country":"United States","postcode":31016,"coordinates":{"latitude":"88.0023","longitude":"-60.1777"},"timezone":{"offset":"+11:00","description":"Magadan, Solomon Islands, New Caledonia"}},"email":"chris.schmidt@example.com","login":{"uuid":"2dff8513-6513-46ff-a1d9-0559b072334e","username":"smallmouse113","password":"alley","salt":"Atfmz90x","md5":"c6ed4c4a55800667de2afa4bbe2a2081","sha1":"9bf31143516738be36c6f42c56c381329b5f8905","sha256":"0714e7f8091648ae47f95cc07996cd0575edcc18d59e992bf38e57784c8dd8bf"},"dob":{"date":"1965-05-01T21:42:14.815Z","age":58},"registered":{"date":"2009-05-26T10:00:10.520Z","age":14},"phone":"(704) 322-2890","cell":"(488) 637-1038","id":{"name":"SSN","value":"483-16-2143"},"picture":{"large":"https://randomuser.me/api/portraits/men/58.jpg","medium":"https://randomuser.me/api/portraits/med/men/58.jpg","thumbnail":"https://randomuser.me/api/portraits/thumb/men/58.jpg"},"nat":"US"}],"info":{"seed":"241ef5310f979bf0","results":1,"page":1,"version":"1.4"}} 
 </msg>
<msg time="2024-04-04T01:00:27.776229" level="INFO">/opt/hostedtoolcache/Python/3.12.2/x64/lib/python3.12/site-packages/urllib3/connectionpool.py:1103: InsecureRequestWarning: Unverified HTTPS request is being made to host 'randomuser.me'. Adding certificate verification is strongly advised. See: https://urllib3.readthedocs.io/en/latest/advanced-usage.html#tls-warnings
  warnings.warn(</msg>
<msg time="2024-04-04T01:00:27.776330" level="INFO">${response} = &lt;Response [200]&gt;</msg>
<var>${response}</var>
<arg>consultarAPI</arg>
<arg>/api</arg>
<doc>Sends a GET request on a previously created HTTP Session.</doc>
<status status="PASS" start="2024-04-04T01:00:27.583249" elapsed="0.193118"/>
</kw>
<kw name="Set Variable" owner="BuiltIn">
<msg time="2024-04-04T01:00:27.777320" level="INFO">${json_data} = {'results': [{'gender': 'male', 'name': {'title': 'Mr', 'first': 'Chris', 'last': 'Schmidt'}, 'location': {'street': {'number': 9483, 'name': 'Miller Ave'}, 'city': 'Frederick', 'state': 'California',...</msg>
<var>${json_data}</var>
<arg>${response.json()}</arg>
<doc>Returns the given values which can then be assigned to a variables.</doc>
<status status="PASS" start="2024-04-04T01:00:27.776827" elapsed="0.000521"/>
</kw>
<kw name="Log" owner="BuiltIn">
<msg time="2024-04-04T01:00:27.777810" level="INFO">{'results': [{'gender': 'male', 'name': {'title': 'Mr', 'first': 'Chris', 'last': 'Schmidt'}, 'location': {'street': {'number': 9483, 'name': 'Miller Ave'}, 'city': 'Frederick', 'state': 'California', 'country': 'United States', 'postcode': 31016, 'coordinates': {'latitude': '88.0023', 'longitude': '-60.1777'}, 'timezone': {'offset': '+11:00', 'description': 'Magadan, Solomon Islands, New Caledonia'}}, 'email': 'chris.schmidt@example.com', 'login': {'uuid': '2dff8513-6513-46ff-a1d9-0559b072334e', 'username': 'smallmouse113', 'password': 'alley', 'salt': 'Atfmz90x', 'md5': 'c6ed4c4a55800667de2afa4bbe2a2081', 'sha1': '9bf31143516738be36c6f42c56c381329b5f8905', 'sha256': '0714e7f8091648ae47f95cc07996cd0575edcc18d59e992bf38e57784c8dd8bf'}, 'dob': {'date': '1965-05-01T21:42:14.815Z', 'age': 58}, 'registered': {'date': '2009-05-26T10:00:10.520Z', 'age': 14}, 'phone': '(704) 322-2890', 'cell': '(488) 637-1038', 'id': {'name': 'SSN', 'value': '483-16-2143'}, 'picture': {'large': 'https://randomuser.me/api/portraits/men/58.jpg', 'medium': 'https://randomuser.me/api/portraits/med/men/58.jpg', 'thumbnail': 'https://randomuser.me/api/portraits/thumb/men/58.jpg'}, 'nat': 'US'}], 'info': {'seed': '241ef5310f979bf0', 'results': 1, 'page': 1, 'version': '1.4'}}</msg>
<arg>${json_data}</arg>
<doc>Logs the given message with the given level.</doc>
<status status="PASS" start="2024-04-04T01:00:27.777655" elapsed="0.000237"/>
</kw>
<kw name="Should Be String" owner="String">
<arg>${json_data['results'][0]['gender']}</arg>
<doc>Fails if the given ``item`` is not a string.</doc>
<status status="PASS" start="2024-04-04T01:00:27.778195" elapsed="0.000367"/>
</kw>
<kw name="Should Match Regexp" owner="BuiltIn">
<arg>${json_data['results'][0]['email']}</arg>
<arg>^[a-zA-Z0-9._%+-]+@[a-zA-Z0-9.-]+\.[a-zA-Z]{2,}$</arg>
<doc>Fails if ``string`` does not match ``pattern`` as a regular expression.</doc>
<status status="PASS" start="2024-04-04T01:00:27.778755" elapsed="0.000512"/>
</kw>
<kw name="Should Match Regexp" owner="BuiltIn">
<arg>${json_data['results'][0]['dob']['date']}</arg>
<arg>\\d{4}-\\d{2}-\\d{2}T\\d{2}:\\d{2}:\\d{2}\\.\\d{3}Z</arg>
<doc>Fails if ``string`` does not match ``pattern`` as a regular expression.</doc>
<status status="PASS" start="2024-04-04T01:00:27.779466" elapsed="0.000491"/>
</kw>
<kw name="Should Match Regexp" owner="BuiltIn">
<arg>${json_data['results'][0]['registered']['date']}</arg>
<arg>\\d{4}-\\d{2}-\\d{2}T\\d{2}:\\d{2}:\\d{2}\\.\\d{3}Z</arg>
<doc>Fails if ``string`` does not match ``pattern`` as a regular expression.</doc>
<status status="PASS" start="2024-04-04T01:00:27.780148" elapsed="0.000374"/>
</kw>
<kw name="Should Match Regexp" owner="BuiltIn">
<arg>${json_data['results'][0]['picture']['large']}</arg>
<arg>^https?://.*\.(?:png|jpe?g|gif|bmp)$</arg>
<doc>Fails if ``string`` does not match ``pattern`` as a regular expression.</doc>
<status status="PASS" start="2024-04-04T01:00:27.780729" elapsed="0.000466"/>
</kw>
<kw name="Should Match Regexp" owner="BuiltIn">
<arg>${json_data['results'][0]['picture']['medium']}</arg>
<arg>^https?://.*\.(?:png|jpe?g|gif|bmp)$</arg>
<doc>Fails if ``string`` does not match ``pattern`` as a regular expression.</doc>
<status status="PASS" start="2024-04-04T01:00:27.781381" elapsed="0.000354"/>
</kw>
<kw name="Should Match Regexp" owner="BuiltIn">
<arg>${json_data['results'][0]['picture']['thumbnail']}</arg>
<arg>^https?://.*\.(?:png|jpe?g|gif|bmp)$</arg>
<doc>Fails if ``string`` does not match ``pattern`` as a regular expression.</doc>
<status status="PASS" start="2024-04-04T01:00:27.781920" elapsed="0.000353"/>
</kw>
<kw name="Log" owner="BuiltIn">
<msg time="2024-04-04T01:00:27.782778" level="INFO">{'large': 'https://randomuser.me/api/portraits/men/58.jpg', 'medium': 'https://randomuser.me/api/portraits/med/men/58.jpg', 'thumbnail': 'https://randomuser.me/api/portraits/thumb/men/58.jpg'}</msg>
<arg>${json_data['results'][0]['picture']}</arg>
<doc>Logs the given message with the given level.</doc>
<status status="PASS" start="2024-04-04T01:00:27.782453" elapsed="0.000373"/>
</kw>
<status status="PASS" start="2024-04-04T01:00:27.583020" elapsed="0.200064"/>
</kw>
<kw name="Teste de Tipos de Dados - Postcode" owner="random-user-service">
<kw name="GET On Session" owner="RequestsLibrary">
<msg time="2024-04-04T01:00:27.846045" level="INFO">GET Request : url=https://randomuser.me/api 
 path_url=/api 
 headers={'User-Agent': 'python-requests/2.31.0', 'Accept-Encoding': 'gzip, deflate', 'Accept': '*/*', 'Connection': 'keep-alive'} 
 body=None 
 </msg>
<msg time="2024-04-04T01:00:27.846124" level="INFO">GET Response : url=https://randomuser.me/api 
 status=200, reason=OK 
 headers={'Date': 'Thu, 04 Apr 2024 01:00:27 GMT', 'Content-Type': 'application/json; charset=utf-8', 'Transfer-Encoding': 'chunked', 'Connection': 'keep-alive', 'X-Powered-By': 'Express', 'Access-Control-Allow-Origin': '*', 'Cache-Control': 'no-cache', 'ETag': 'W/"48d-t+K001ylNy/l/xunmw+eGueAMMk"', 'Vary': 'Accept-Encoding', 'Content-Encoding': 'gzip', 'CF-Cache-Status': 'DYNAMIC', 'Report-To': '{"endpoints":[{"url":"https:\\/\\/a.nel.cloudflare.com\\/report\\/v4?s=D%2BSeSwNYkUWcBCas%2FKSMpDDji7bUqAeJ04OXWSRr2AzQrLILohMgb7VA0YBKK6xm74KddD63gaUHpii2BIhY1EJ49JK4vdLwUx2ZuQR4gdTwiscYD5WkKHACTtiTtA2z"}],"group":"cf-nel","max_age":604800}', 'NEL': '{"success_fraction":0,"report_to":"cf-nel","max_age":604800}', 'Server': 'cloudflare', 'CF-RAY': '86ed5c91ac65205d-IAD', 'alt-svc': 'h3=":443"; ma=86400'} 
 body={"results":[{"gender":"male","name":{"title":"Mr","first":"Samson","last":"Tungland"},"location":{"street":{"number":3659,"name":"Nordtvetbakken"},"city":"Ferkingstad","state":"Nord-Trøndelag","country":"Norway","postcode":"9405","coordinates":{"latitude":"46.7930","longitude":"-13.9880"},"timezone":{"offset":"-7:00","description":"Mountain Time (US &amp; Canada)"}},"email":"samson.tungland@example.com","login":{"uuid":"ce35927f-c884-40e5-a404-133906e41546","username":"beautifulfish189","password":"crunch","salt":"VGFqd3vz","md5":"a546b90e83ffb3e0a9e3b8c82a5a36c6","sha1":"ea551f5093cd829e2a0156374fb9c115a279fe92","sha256":"b3ea3692ab5dc5382d4c98936318028b93734c8484095b0a94a0fd7e57916493"},"dob":{"date":"1957-06-05T13:44:50.406Z","age":66},"registered":{"date":"2006-06-14T12:33:10.580Z","age":17},"phone":"24920323","cell":"40759909","id":{"name":"FN","value":"05065746168"},"picture":{"large":"https://randomuser.me/api/portraits/men/57.jpg","medium":"https://randomuser.me/api/portraits/med/men/57.jpg","thumbnail":"https://randomuser.me/api/portraits/thumb/men/57.jpg"},"nat":"NO"}],"info":{"seed":"791490eefd31ee49","results":1,"page":1,"version":"1.4"}} 
 </msg>
<msg time="2024-04-04T01:00:27.846208" level="INFO">/opt/hostedtoolcache/Python/3.12.2/x64/lib/python3.12/site-packages/urllib3/connectionpool.py:1103: InsecureRequestWarning: Unverified HTTPS request is being made to host 'randomuser.me'. Adding certificate verification is strongly advised. See: https://urllib3.readthedocs.io/en/latest/advanced-usage.html#tls-warnings
  warnings.warn(</msg>
<msg time="2024-04-04T01:00:27.846295" level="INFO">${response} = &lt;Response [200]&gt;</msg>
<var>${response}</var>
<arg>consultarAPI</arg>
<arg>/api</arg>
<doc>Sends a GET request on a previously created HTTP Session.</doc>
<status status="PASS" start="2024-04-04T01:00:27.783671" elapsed="0.062657"/>
</kw>
<kw name="Set Variable" owner="BuiltIn">
<msg time="2024-04-04T01:00:27.847163" level="INFO">${json_data} = {'results': [{'gender': 'male', 'name': {'title': 'Mr', 'first': 'Samson', 'last': 'Tungland'}, 'location': {'street': {'number': 3659, 'name': 'Nordtvetbakken'}, 'city': 'Ferkingstad', 'state': 'Nord...</msg>
<var>${json_data}</var>
<arg>${response.json()}</arg>
<doc>Returns the given values which can then be assigned to a variables.</doc>
<status status="PASS" start="2024-04-04T01:00:27.846714" elapsed="0.000479"/>
</kw>
<kw name="Log" owner="BuiltIn">
<msg time="2024-04-04T01:00:27.847653" level="INFO">{'results': [{'gender': 'male', 'name': {'title': 'Mr', 'first': 'Samson', 'last': 'Tungland'}, 'location': {'street': {'number': 3659, 'name': 'Nordtvetbakken'}, 'city': 'Ferkingstad', 'state': 'Nord-Trøndelag', 'country': 'Norway', 'postcode': '9405', 'coordinates': {'latitude': '46.7930', 'longitude': '-13.9880'}, 'timezone': {'offset': '-7:00', 'description': 'Mountain Time (US &amp; Canada)'}}, 'email': 'samson.tungland@example.com', 'login': {'uuid': 'ce35927f-c884-40e5-a404-133906e41546', 'username': 'beautifulfish189', 'password': 'crunch', 'salt': 'VGFqd3vz', 'md5': 'a546b90e83ffb3e0a9e3b8c82a5a36c6', 'sha1': 'ea551f5093cd829e2a0156374fb9c115a279fe92', 'sha256': 'b3ea3692ab5dc5382d4c98936318028b93734c8484095b0a94a0fd7e57916493'}, 'dob': {'date': '1957-06-05T13:44:50.406Z', 'age': 66}, 'registered': {'date': '2006-06-14T12:33:10.580Z', 'age': 17}, 'phone': '24920323', 'cell': '40759909', 'id': {'name': 'FN', 'value': '05065746168'}, 'picture': {'large': 'https://randomuser.me/api/portraits/men/57.jpg', 'medium': 'https://randomuser.me/api/portraits/med/men/57.jpg', 'thumbnail': 'https://randomuser.me/api/portraits/thumb/men/57.jpg'}, 'nat': 'NO'}], 'info': {'seed': '791490eefd31ee49', 'results': 1, 'page': 1, 'version': '1.4'}}</msg>
<arg>${json_data}</arg>
<doc>Logs the given message with the given level.</doc>
<status status="PASS" start="2024-04-04T01:00:27.847497" elapsed="0.000237"/>
</kw>
<kw name="Should Be Equal As Numbers" owner="BuiltIn">
<arg>${json_data['results'][0]['location']['postcode']}</arg>
<arg>${json_data['results'][0]['location']['postcode']}</arg>
<doc>Fails if objects are unequal after converting them to real numbers.</doc>
<status status="PASS" start="2024-04-04T01:00:27.848037" elapsed="0.000627"/>
</kw>
<kw name="Log" owner="BuiltIn">
<msg time="2024-04-04T01:00:27.849247" level="INFO">9405</msg>
<arg>${json_data['results'][0]['location']['postcode']}</arg>
<doc>Logs the given message with the given level.</doc>
<status status="PASS" start="2024-04-04T01:00:27.848900" elapsed="0.000387"/>
</kw>
<status status="PASS" start="2024-04-04T01:00:27.783308" elapsed="0.066238"/>
</kw>
<doc>Testa se os tipos de dados na resposta da API estão corretos.</doc>
<tag>testeTiposDados</tag>
<status status="PASS" start="2024-04-04T01:00:27.582468" elapsed="0.267245"/>
</test>
<test id="s1-s1-t5" name="Validar conteudo" line="35">
<kw name="Teste de Tipos de Conteudo" owner="random-user-service">
<kw name="GET On Session" owner="RequestsLibrary">
<msg time="2024-04-04T01:00:27.921676" level="INFO">GET Request : url=https://randomuser.me/api 
 path_url=/api 
 headers={'User-Agent': 'python-requests/2.31.0', 'Accept-Encoding': 'gzip, deflate', 'Accept': '*/*', 'Connection': 'keep-alive'} 
 body=None 
 </msg>
<msg time="2024-04-04T01:00:27.921756" level="INFO">GET Response : url=https://randomuser.me/api 
 status=200, reason=OK 
 headers={'Date': 'Thu, 04 Apr 2024 01:00:27 GMT', 'Content-Type': 'application/json; charset=utf-8', 'Transfer-Encoding': 'chunked', 'Connection': 'keep-alive', 'X-Powered-By': 'Express', 'Access-Control-Allow-Origin': '*', 'Cache-Control': 'no-cache', 'ETag': 'W/"48e-XAkF8KXOq74e+qCjU96vGyw7HuU"', 'Vary': 'Accept-Encoding', 'Content-Encoding': 'gzip', 'CF-Cache-Status': 'DYNAMIC', 'Report-To': '{"endpoints":[{"url":"https:\\/\\/a.nel.cloudflare.com\\/report\\/v4?s=rPe8Lm%2BDZaevWZtBLleAv2zGhC9NrlNIM6SeF6CZ6XLi150Lz18onmwmgtSyBKWA1i4ryVcH4PmRUhbPWBBadzo9Lwk83AtbmoWdb%2BpuRvBcdIsAhIi%2FunBDtv1sqDH7"}],"group":"cf-nel","max_age":604800}', 'NEL': '{"success_fraction":0,"report_to":"cf-nel","max_age":604800}', 'Server': 'cloudflare', 'CF-RAY': '86ed5c921d08205d-IAD', 'alt-svc': 'h3=":443"; ma=86400'} 
 body={"results":[{"gender":"male","name":{"title":"Mr","first":"Hudson","last":"Harris"},"location":{"street":{"number":8153,"name":"Main St"},"city":"Stirling","state":"British Columbia","country":"Canada","postcode":"V4D 1Y3","coordinates":{"latitude":"-65.9244","longitude":"-3.1701"},"timezone":{"offset":"+1:00","description":"Brussels, Copenhagen, Madrid, Paris"}},"email":"hudson.harris@example.com","login":{"uuid":"667d9d1f-5270-4688-9307-41db23dab09a","username":"angrykoala356","password":"butter","salt":"tkCcAGHf","md5":"0ffe84b4343c306a79ae0de7bf447777","sha1":"5c4e46d3e9720915b73e222ac965b9867a1f8e35","sha256":"f5a9f75d20c50aa38812f7b01718790de9873400caba0c20ae5e5780d8eb5b32"},"dob":{"date":"1950-01-27T08:33:13.058Z","age":74},"registered":{"date":"2019-07-02T13:47:17.365Z","age":4},"phone":"E28 R70-6610","cell":"K12 B81-6516","id":{"name":"SIN","value":"912443371"},"picture":{"large":"https://randomuser.me/api/portraits/men/71.jpg","medium":"https://randomuser.me/api/portraits/med/men/71.jpg","thumbnail":"https://randomuser.me/api/portraits/thumb/men/71.jpg"},"nat":"CA"}],"info":{"seed":"6b3a4cf6ecec7b9e","results":1,"page":1,"version":"1.4"}} 
 </msg>
<msg time="2024-04-04T01:00:27.921827" level="INFO">/opt/hostedtoolcache/Python/3.12.2/x64/lib/python3.12/site-packages/urllib3/connectionpool.py:1103: InsecureRequestWarning: Unverified HTTPS request is being made to host 'randomuser.me'. Adding certificate verification is strongly advised. See: https://urllib3.readthedocs.io/en/latest/advanced-usage.html#tls-warnings
  warnings.warn(</msg>
<msg time="2024-04-04T01:00:27.921933" level="INFO">${response} = &lt;Response [200]&gt;</msg>
<var>${response}</var>
<arg>consultarAPI</arg>
<arg>/api</arg>
<doc>Sends a GET request on a previously created HTTP Session.</doc>
<status status="PASS" start="2024-04-04T01:00:27.852147" elapsed="0.069828"/>
</kw>
<kw name="Set Variable" owner="BuiltIn">
<msg time="2024-04-04T01:00:27.922865" level="INFO">${json_data} = {'results': [{'gender': 'male', 'name': {'title': 'Mr', 'first': 'Hudson', 'last': 'Harris'}, 'location': {'street': {'number': 8153, 'name': 'Main St'}, 'city': 'Stirling', 'state': 'British Columbia...</msg>
<var>${json_data}</var>
<arg>${response.json()}</arg>
<doc>Returns the given values which can then be assigned to a variables.</doc>
<status status="PASS" start="2024-04-04T01:00:27.922427" elapsed="0.000466"/>
</kw>
<kw name="Set Variable" owner="BuiltIn">
<msg time="2024-04-04T01:00:27.923589" level="INFO">${name_title} = Mr</msg>
<var>${name_title}</var>
<arg>${json_data["results"][0]["name"]["title"]}</arg>
<doc>Returns the given values which can then be assigned to a variables.</doc>
<status status="PASS" start="2024-04-04T01:00:27.923203" elapsed="0.000411"/>
</kw>
<kw name="Create List" owner="BuiltIn">
<msg time="2024-04-04T01:00:27.924067" level="INFO">${allowed_titles} = ['Mr', 'Ms', 'Miss', 'Mrs', 'Madame', 'Monsieur']</msg>
<var>${allowed_titles}</var>
<arg>Mr</arg>
<arg>Ms</arg>
<arg>Miss</arg>
<arg>Mrs</arg>
<arg>Madame</arg>
<arg>Monsieur</arg>
<doc>Returns a list containing given items.</doc>
<status status="PASS" start="2024-04-04T01:00:27.923917" elapsed="0.000174"/>
</kw>
<kw name="List Should Contain Value" owner="Collections">
<msg time="2024-04-04T01:00:27.924580" level="INFO">False</msg>
<arg>${allowed_titles}</arg>
<arg>${name_title}</arg>
<doc>Fails if the ``value`` is not found from ``list``.</doc>
<status status="PASS" start="2024-04-04T01:00:27.924396" elapsed="0.000221"/>
</kw>
<kw name="Set Variable" owner="BuiltIn">
<msg time="2024-04-04T01:00:27.925319" level="INFO">${name_country} = CA</msg>
<var>${name_country}</var>
<arg>${json_data["results"][0]["nat"]}</arg>
<doc>Returns the given values which can then be assigned to a variables.</doc>
<status status="PASS" start="2024-04-04T01:00:27.924947" elapsed="0.000397"/>
</kw>
<kw name="Create List" owner="BuiltIn">
<msg time="2024-04-04T01:00:27.926251" level="INFO">${list_country} = ['AD', 'AE', 'AF', 'AG', 'AI', 'AL', 'AM', 'AO', 'AQ', 'AR', 'AS', 'AT', 'AU', 'AW', 'AX', 'AZ', 'BA', 'BB', 'BD', 'BE', 'BF', 'BG', 'BH', 'BI', 'BJ', 'BL', 'BM', 'BN', 'BO', 'BQ', 'BR', 'BS', 'BT', '...</msg>
<var>${list_country}</var>
<arg>AD</arg>
<arg>AE</arg>
<arg>AF</arg>
<arg>AG</arg>
<arg>AI</arg>
<arg>AL</arg>
<arg>AM</arg>
<arg>AO</arg>
<arg>AQ</arg>
<arg>AR</arg>
<arg>AS</arg>
<arg>AT</arg>
<arg>AU</arg>
<arg>AW</arg>
<arg>AX</arg>
<arg>AZ</arg>
<arg>BA</arg>
<arg>BB</arg>
<arg>BD</arg>
<arg>BE</arg>
<arg>BF</arg>
<arg>BG</arg>
<arg>BH</arg>
<arg>BI</arg>
<arg>BJ</arg>
<arg>BL</arg>
<arg>BM</arg>
<arg>BN</arg>
<arg>BO</arg>
<arg>BQ</arg>
<arg>BR</arg>
<arg>BS</arg>
<arg>BT</arg>
<arg>BV</arg>
<arg>BW</arg>
<arg>BY</arg>
<arg>BZ</arg>
<arg>CA</arg>
<arg>CC</arg>
<arg>CD</arg>
<arg>CF</arg>
<arg>CG</arg>
<arg>CH</arg>
<arg>CI</arg>
<arg>CK</arg>
<arg>CL</arg>
<arg>CM</arg>
<arg>CN</arg>
<arg>CO</arg>
<arg>CR</arg>
<arg>CU</arg>
<arg>CV</arg>
<arg>CW</arg>
<arg>CX</arg>
<arg>CY</arg>
<arg>CZ</arg>
<arg>DE</arg>
<arg>DJ</arg>
<arg>DK</arg>
<arg>DM</arg>
<arg>DO</arg>
<arg>DZ</arg>
<arg>EC</arg>
<arg>EE</arg>
<arg>EG</arg>
<arg>EH</arg>
<arg>ER</arg>
<arg>ES</arg>
<arg>ET</arg>
<arg>FI</arg>
<arg>FJ</arg>
<arg>FK</arg>
<arg>FM</arg>
<arg>FO</arg>
<arg>FR</arg>
<arg>GA</arg>
<arg>GB</arg>
<arg>GD</arg>
<arg>GE</arg>
<arg>GF</arg>
<arg>GG</arg>
<arg>GH</arg>
<arg>GI</arg>
<arg>GL</arg>
<arg>GM</arg>
<arg>GN</arg>
<arg>GP</arg>
<arg>GQ</arg>
<arg>GR</arg>
<arg>GS</arg>
<arg>GT</arg>
<arg>GU</arg>
<arg>GW</arg>
<arg>GY</arg>
<arg>HK</arg>
<arg>HM</arg>
<arg>HN</arg>
<arg>HR</arg>
<arg>HT</arg>
<arg>HU</arg>
<arg>ID</arg>
<arg>IE</arg>
<arg>IL</arg>
<arg>IM</arg>
<arg>IN</arg>
<arg>IO</arg>
<arg>IQ</arg>
<arg>IR</arg>
<arg>IS</arg>
<arg>IT</arg>
<arg>JE</arg>
<arg>JM</arg>
<arg>JO</arg>
<arg>JP</arg>
<arg>KE</arg>
<arg>KG</arg>
<arg>KH</arg>
<arg>KI</arg>
<arg>KM</arg>
<arg>KN</arg>
<arg>KP</arg>
<arg>KR</arg>
<arg>KW</arg>
<arg>KY</arg>
<arg>KZ</arg>
<arg>LA</arg>
<arg>LB</arg>
<arg>LC</arg>
<arg>LI</arg>
<arg>LK</arg>
<arg>LR</arg>
<arg>LS</arg>
<arg>LT</arg>
<arg>LU</arg>
<arg>LV</arg>
<arg>LY</arg>
<arg>MA</arg>
<arg>MC</arg>
<arg>MD</arg>
<arg>ME</arg>
<arg>MF</arg>
<arg>MG</arg>
<arg>MH</arg>
<arg>MK</arg>
<arg>ML</arg>
<arg>MM</arg>
<arg>MN</arg>
<arg>MO</arg>
<arg>MP</arg>
<arg>MQ</arg>
<arg>MR</arg>
<arg>MS</arg>
<arg>MT</arg>
<arg>MU</arg>
<arg>MV</arg>
<arg>MW</arg>
<arg>MX</arg>
<arg>MY</arg>
<arg>MZ</arg>
<arg>NA</arg>
<arg>NC</arg>
<arg>NE</arg>
<arg>NF</arg>
<arg>NG</arg>
<arg>NI</arg>
<arg>NL</arg>
<arg>NO</arg>
<arg>NP</arg>
<arg>NR</arg>
<arg>NU</arg>
<arg>NZ</arg>
<arg>OM</arg>
<arg>PA</arg>
<arg>PE</arg>
<arg>PF</arg>
<arg>PG</arg>
<arg>PH</arg>
<arg>PK</arg>
<arg>PL</arg>
<arg>PM</arg>
<arg>PN</arg>
<arg>PR</arg>
<arg>PS</arg>
<arg>PT</arg>
<arg>PW</arg>
<arg>PY</arg>
<arg>QA</arg>
<arg>RE</arg>
<arg>RO</arg>
<arg>RS</arg>
<arg>RU</arg>
<arg>RW</arg>
<arg>SA</arg>
<arg>SB</arg>
<arg>SC</arg>
<arg>SD</arg>
<arg>SE</arg>
<arg>SG</arg>
<arg>SH</arg>
<arg>SI</arg>
<arg>SJ</arg>
<arg>SK</arg>
<arg>SL</arg>
<arg>SM</arg>
<arg>SN</arg>
<arg>SO</arg>
<arg>SR</arg>
<arg>SS</arg>
<arg>ST</arg>
<arg>SV</arg>
<arg>SX</arg>
<arg>SY</arg>
<arg>SZ</arg>
<arg>TC</arg>
<arg>TD</arg>
<arg>TF</arg>
<arg>TG</arg>
<arg>TH</arg>
<arg>TJ</arg>
<arg>TK</arg>
<arg>TL</arg>
<arg>TM</arg>
<arg>TN</arg>
<arg>TO</arg>
<arg>TR</arg>
<arg>TT</arg>
<arg>TV</arg>
<arg>TW</arg>
<arg>TZ</arg>
<arg>UA</arg>
<arg>UG</arg>
<arg>UM</arg>
<arg>US</arg>
<arg>UY</arg>
<arg>UZ</arg>
<arg>VA</arg>
<arg>VC</arg>
<arg>VE</arg>
<arg>VG</arg>
<arg>VI</arg>
<arg>VN</arg>
<arg>VU</arg>
<arg>WF</arg>
<arg>WS</arg>
<arg>XK</arg>
<arg>YE</arg>
<arg>YT</arg>
<arg>ZA</arg>
<arg>ZM</arg>
<arg>ZW</arg>
<doc>Returns a list containing given items.</doc>
<status status="PASS" start="2024-04-04T01:00:27.925655" elapsed="0.000622"/>
</kw>
<kw name="List Should Contain Value" owner="Collections">
<msg time="2024-04-04T01:00:27.927369" level="INFO">False</msg>
<arg>${list_country}</arg>
<arg>${name_country}</arg>
<doc>Fails if the ``value`` is not found from ``list``.</doc>
<status status="PASS" start="2024-04-04T01:00:27.927166" elapsed="0.000240"/>
</kw>
<kw name="Run Keyword If" owner="BuiltIn">
<kw name="Should Be True" owner="BuiltIn">
<arg>${True}</arg>
<doc>Fails if the given condition is not true.</doc>
<status status="PASS" start="2024-04-04T01:00:27.928485" elapsed="0.000146"/>
</kw>
<arg>${json_data["results"][0]["location"]["coordinates"]["latitude"]} &gt;= -90 and ${json_data["results"][0]["location"]["coordinates"]["latitude"]} &lt;= 90</arg>
<arg>Should Be True</arg>
<arg>${True}</arg>
<doc>Runs the given keyword with the given arguments, if ``condition`` is true.</doc>
<status status="PASS" start="2024-04-04T01:00:27.927723" elapsed="0.001090"/>
</kw>
<kw name="Run Keyword If" owner="BuiltIn">
<kw name="Should Be True" owner="BuiltIn">
<arg>${True}</arg>
<doc>Fails if the given condition is not true.</doc>
<status status="PASS" start="2024-04-04T01:00:27.929705" elapsed="0.000139"/>
</kw>
<arg>${json_data["results"][0]["location"]["coordinates"]["longitude"]} &gt;= -180 and ${json_data["results"][0]["location"]["coordinates"]["longitude"]} &lt;= 180</arg>
<arg>Should Be True</arg>
<arg>${True}</arg>
<doc>Runs the given keyword with the given arguments, if ``condition`` is true.</doc>
<status status="PASS" start="2024-04-04T01:00:27.929003" elapsed="0.000966"/>
</kw>
<status status="PASS" start="2024-04-04T01:00:27.851923" elapsed="0.078175"/>
</kw>
<doc>Testa o conteúdo específico dos campos retornados pela API.</doc>
<tag>testeConteudo</tag>
<status status="PASS" start="2024-04-04T01:00:27.851472" elapsed="0.078775"/>
</test>
<status status="PASS" start="2024-04-04T01:00:26.117602" elapsed="1.814538"/>
</suite>
<status status="PASS" start="2024-04-04T01:00:26.103910" elapsed="1.833553"/>
</suite>
<statistics>
<total>
<stat pass="5" fail="0" skip="0">All Tests</stat>
</total>
<tag>
<stat pass="1" fail="0" skip="0">testeConteudo</stat>
<stat pass="1" fail="0" skip="0">testeEstruturaResposta</stat>
<stat pass="1" fail="0" skip="0">testeRequisicaoBasica</stat>
<stat pass="1" fail="0" skip="0">testeTiposDados</stat>
</tag>
<suite>
<stat pass="5" fail="0" skip="0" id="s1" name="Tests">Tests</stat>
<stat pass="5" fail="0" skip="0" id="s1-s1" name="Random-User-Test">Tests.Random-User-Test</stat>
</suite>
</statistics>
<errors>
</errors>
</robot>
