<?xml version="1.0" encoding="UTF-8"?>
<robot generator="Robot 7.0.1 (Python 3.12.4 on linux)" generated="2024-07-18T01:07:00.353096" rpa="false" schemaversion="5">
<suite id="s1" name="Tests" source="/home/runner/work/ApiRandomUser/ApiRandomUser/RamdonUser/tests">
<suite id="s1-s1" name="Random-User-Test" source="/home/runner/work/ApiRandomUser/ApiRandomUser/RamdonUser/tests/random-user-test.robot">
<test id="s1-s1-t1" name="Conectar" line="13">
<kw name="Conectar API" owner="random-user-service">
<kw name="Create Session" owner="RequestsLibrary">
<msg time="2024-07-18T01:07:00.771651" level="INFO">Creating Session using : alias=consultarAPI, url=https://randomuser.me/, headers={},                     cookies={}, auth=None, timeout=None, proxies=None, verify=False,                     debug=0 </msg>
<arg>consultarAPI</arg>
<arg>${URL}</arg>
<doc>Create Session: create a HTTP session to a server</doc>
<status status="PASS" start="2024-07-18T01:07:00.771427" elapsed="0.000442"/>
</kw>
<status status="PASS" start="2024-07-18T01:07:00.770352" elapsed="0.001903"/>
</kw>
<status status="PASS" start="2024-07-18T01:07:00.769703" elapsed="0.002765"/>
</test>
<test id="s1-s1-t2" name="Validar retorno 200 e JSON Válido" line="16">
<kw name="Teste de Requisicao Basica" owner="random-user-service">
<kw name="GET On Session" owner="RequestsLibrary">
<msg time="2024-07-18T01:07:01.084334" level="INFO">GET Request : url=https://randomuser.me/api 
 path_url=/api 
 headers={'User-Agent': 'python-requests/2.32.3', 'Accept-Encoding': 'gzip, deflate', 'Accept': '*/*', 'Connection': 'keep-alive'} 
 body=None 
 </msg>
<msg time="2024-07-18T01:07:01.084486" level="INFO">GET Response : url=https://randomuser.me/api 
 status=200, reason=OK 
 headers={'Date': 'Thu, 18 Jul 2024 01:07:01 GMT', 'Content-Type': 'application/json; charset=utf-8', 'Transfer-Encoding': 'chunked', 'Connection': 'keep-alive', 'X-Powered-By': 'Express', 'Access-Control-Allow-Origin': '*', 'Cache-Control': 'no-cache', 'ETag': 'W/"49e-SpWRSZy1+1fnzXNi5t7Z/mmSUpo"', 'Vary': 'Accept-Encoding', 'Content-Encoding': 'gzip', 'CF-Cache-Status': 'DYNAMIC', 'Report-To': '{"endpoints":[{"url":"https:\\/\\/a.nel.cloudflare.com\\/report\\/v4?s=XNBsq1eKFmMtR%2FscTllbFrMC1TpesNUMm%2Fp63XUynz2AU7vKincH4jKppGlElbsZPgvjDkj9oolrO5BOsORVmdJupwoTRSlDJUqWeb1KBUDeEvMg6sWwv0hwm6qB%2FemE"}],"group":"cf-nel","max_age":604800}', 'NEL': '{"success_fraction":0,"report_to":"cf-nel","max_age":604800}', 'Server': 'cloudflare', 'CF-RAY': '8a4e928a5e847e95-LAX', 'alt-svc': 'h3=":443"; ma=86400'} 
 body={"results":[{"gender":"female","name":{"title":"Miss","first":"Karolin","last":"Sebastian"},"location":{"street":{"number":7191,"name":"Lessingstraße"},"city":"Pfreimd","state":"Thüringen","country":"Germany","postcode":67887,"coordinates":{"latitude":"-51.4865","longitude":"89.5026"},"timezone":{"offset":"-1:00","description":"Azores, Cape Verde Islands"}},"email":"karolin.sebastian@example.com","login":{"uuid":"8d06b9af-a8cf-4c98-961e-6bade383186c","username":"tinygorilla761","password":"babylon5","salt":"IW8WMGfy","md5":"acf52065016a8153480740a596da1497","sha1":"1cdb881d1e76d5dbc7e05c0f0df94cf954b346fa","sha256":"a3e086e04444c7c89c976259167a884e3a7babea3e9b969edc98088a27b514a0"},"dob":{"date":"1982-02-14T01:54:50.096Z","age":42},"registered":{"date":"2019-06-07T00:50:45.926Z","age":5},"phone":"0252-0548970","cell":"0172-5578233","id":{"name":"SVNR","value":"13 130282 S 777"},"picture":{"large":"https://randomuser.me/api/portraits/women/87.jpg","medium":"https://randomuser.me/api/portraits/med/women/87.jpg","thumbnail":"https://randomuser.me/api/portraits/thumb/women/87.jpg"},"nat":"DE"}],"info":{"seed":"036e7bb9e1704ce0","results":1,"page":1,"version":"1.4"}} 
 </msg>
<msg time="2024-07-18T01:07:01.084570" level="INFO">/opt/hostedtoolcache/Python/3.12.4/x64/lib/python3.12/site-packages/urllib3/connectionpool.py:1099: InsecureRequestWarning: Unverified HTTPS request is being made to host 'randomuser.me'. Adding certificate verification is strongly advised. See: https://urllib3.readthedocs.io/en/latest/advanced-usage.html#tls-warnings
  warnings.warn(</msg>
<msg time="2024-07-18T01:07:01.084719" level="INFO">${response} = &lt;Response [200]&gt;</msg>
<var>${response}</var>
<arg>consultarAPI</arg>
<arg>/api</arg>
<doc>Sends a GET request on a previously created HTTP Session.</doc>
<status status="PASS" start="2024-07-18T01:07:00.775693" elapsed="0.309075"/>
</kw>
<kw name="Should Be Equal As Numbers" owner="BuiltIn">
<msg time="2024-07-18T01:07:01.085948" level="INFO">Argument types are:
&lt;class 'int'&gt;
&lt;class 'str'&gt;</msg>
<arg>${response.status_code}</arg>
<arg>200</arg>
<doc>Fails if objects are unequal after converting them to real numbers.</doc>
<status status="PASS" start="2024-07-18T01:07:01.085458" elapsed="0.000555"/>
</kw>
<kw name="Log" owner="BuiltIn">
<msg time="2024-07-18T01:07:01.086675" level="INFO">200</msg>
<arg>${response.status_code}</arg>
<doc>Logs the given message with the given level.</doc>
<status status="PASS" start="2024-07-18T01:07:01.086331" elapsed="0.000391"/>
</kw>
<kw name="Set Variable" owner="BuiltIn">
<msg time="2024-07-18T01:07:01.087475" level="INFO">${json_data} = {'results': [{'gender': 'female', 'name': {'title': 'Miss', 'first': 'Karolin', 'last': 'Sebastian'}, 'location': {'street': {'number': 7191, 'name': 'Lessingstraße'}, 'city': 'Pfreimd', 'state': 'Thü...</msg>
<var>${json_data}</var>
<arg>${response.json()}</arg>
<doc>Returns the given values which can then be assigned to a variables.</doc>
<status status="PASS" start="2024-07-18T01:07:01.087039" elapsed="0.000466"/>
</kw>
<kw name="Dictionary Should Contain Key" owner="Collections">
<arg>${json_data}</arg>
<arg>results</arg>
<doc>Fails if ``key`` is not found from ``dictionary``.</doc>
<status status="PASS" start="2024-07-18T01:07:01.087846" elapsed="0.000325"/>
</kw>
<status status="PASS" start="2024-07-18T01:07:00.775431" elapsed="0.312891"/>
</kw>
<doc>Testa se a API responde corretamente e retorna um objeto JSON válido.</doc>
<tag>testeRequisicaoBasica</tag>
<status status="PASS" start="2024-07-18T01:07:00.774878" elapsed="0.313617"/>
</test>
<test id="s1-s1-t3" name="Validar estrutura de resposta" line="22">
<kw name="Teste de Estrutura de Resposta" owner="random-user-service">
<kw name="GET On Session" owner="RequestsLibrary">
<msg time="2024-07-18T01:07:01.203863" level="INFO">GET Request : url=https://randomuser.me/api 
 path_url=/api 
 headers={'User-Agent': 'python-requests/2.32.3', 'Accept-Encoding': 'gzip, deflate', 'Accept': '*/*', 'Connection': 'keep-alive'} 
 body=None 
 </msg>
<msg time="2024-07-18T01:07:01.203976" level="INFO">GET Response : url=https://randomuser.me/api 
 status=200, reason=OK 
 headers={'Date': 'Thu, 18 Jul 2024 01:07:01 GMT', 'Content-Type': 'application/json; charset=utf-8', 'Transfer-Encoding': 'chunked', 'Connection': 'keep-alive', 'X-Powered-By': 'Express', 'Access-Control-Allow-Origin': '*', 'Cache-Control': 'no-cache', 'ETag': 'W/"479-cHVFe6boIn9oRdko4eqJBsyYfnA"', 'Vary': 'Accept-Encoding', 'Content-Encoding': 'gzip', 'CF-Cache-Status': 'DYNAMIC', 'Report-To': '{"endpoints":[{"url":"https:\\/\\/a.nel.cloudflare.com\\/report\\/v4?s=Lq0uoshW59VMGzX7sGICMCfCXFVSzq7tDhRW32y67%2Buju%2By5k%2BAnv9GLRLnVWpgMLz4v%2B%2FvS4z%2Fnqk3kGr00TuTGVmxvmflDYcIpE130huhe1Ffxuf4auu5xgSz3gA97"}],"group":"cf-nel","max_age":604800}', 'NEL': '{"success_fraction":0,"report_to":"cf-nel","max_age":604800}', 'Server': 'cloudflare', 'CF-RAY': '8a4e928bdff57e95-LAX', 'alt-svc': 'h3=":443"; ma=86400'} 
 body={"results":[{"gender":"male","name":{"title":"Mr","first":"Deniz","last":"Adal"},"location":{"street":{"number":1874,"name":"Filistin Cd"},"city":"Van","state":"Tokat","country":"Turkey","postcode":69712,"coordinates":{"latitude":"66.6606","longitude":"-102.4507"},"timezone":{"offset":"+9:00","description":"Tokyo, Seoul, Osaka, Sapporo, Yakutsk"}},"email":"deniz.adal@example.com","login":{"uuid":"30e29cba-059c-4ff3-9c05-215702dc4692","username":"beautifulfrog238","password":"shazam","salt":"dvMU07ng","md5":"960ef69d4b63f355611ad5a6ad514eda","sha1":"0db2444051ec0de118129c98909c19d7795c2a5f","sha256":"e9fab9167534fb25f4e9af34cde618fcec8e68be6f12ecede2758af7ec73580d"},"dob":{"date":"1951-06-16T05:02:03.472Z","age":73},"registered":{"date":"2009-10-07T22:54:07.990Z","age":14},"phone":"(018)-724-5190","cell":"(267)-013-0946","id":{"name":"","value":null},"picture":{"large":"https://randomuser.me/api/portraits/men/48.jpg","medium":"https://randomuser.me/api/portraits/med/men/48.jpg","thumbnail":"https://randomuser.me/api/portraits/thumb/men/48.jpg"},"nat":"TR"}],"info":{"seed":"cf09a7d27cae2a4a","results":1,"page":1,"version":"1.4"}} 
 </msg>
<msg time="2024-07-18T01:07:01.204120" level="INFO">/opt/hostedtoolcache/Python/3.12.4/x64/lib/python3.12/site-packages/urllib3/connectionpool.py:1099: InsecureRequestWarning: Unverified HTTPS request is being made to host 'randomuser.me'. Adding certificate verification is strongly advised. See: https://urllib3.readthedocs.io/en/latest/advanced-usage.html#tls-warnings
  warnings.warn(</msg>
<msg time="2024-07-18T01:07:01.204265" level="INFO">${response} = &lt;Response [200]&gt;</msg>
<var>${response}</var>
<arg>consultarAPI</arg>
<arg>/api</arg>
<doc>Sends a GET request on a previously created HTTP Session.</doc>
<status status="PASS" start="2024-07-18T01:07:01.091057" elapsed="0.113259"/>
</kw>
<kw name="Set Variable" owner="BuiltIn">
<msg time="2024-07-18T01:07:01.205516" level="INFO">${json_data} = {'results': [{'gender': 'male', 'name': {'title': 'Mr', 'first': 'Deniz', 'last': 'Adal'}, 'location': {'street': {'number': 1874, 'name': 'Filistin Cd'}, 'city': 'Van', 'state': 'Tokat', 'country': '...</msg>
<var>${json_data}</var>
<arg>${response.json()}</arg>
<doc>Returns the given values which can then be assigned to a variables.</doc>
<status status="PASS" start="2024-07-18T01:07:01.204915" elapsed="0.000629"/>
</kw>
<kw name="Log" owner="BuiltIn">
<msg time="2024-07-18T01:07:01.206003" level="INFO">{'results': [{'gender': 'male', 'name': {'title': 'Mr', 'first': 'Deniz', 'last': 'Adal'}, 'location': {'street': {'number': 1874, 'name': 'Filistin Cd'}, 'city': 'Van', 'state': 'Tokat', 'country': 'Turkey', 'postcode': 69712, 'coordinates': {'latitude': '66.6606', 'longitude': '-102.4507'}, 'timezone': {'offset': '+9:00', 'description': 'Tokyo, Seoul, Osaka, Sapporo, Yakutsk'}}, 'email': 'deniz.adal@example.com', 'login': {'uuid': '30e29cba-059c-4ff3-9c05-215702dc4692', 'username': 'beautifulfrog238', 'password': 'shazam', 'salt': 'dvMU07ng', 'md5': '960ef69d4b63f355611ad5a6ad514eda', 'sha1': '0db2444051ec0de118129c98909c19d7795c2a5f', 'sha256': 'e9fab9167534fb25f4e9af34cde618fcec8e68be6f12ecede2758af7ec73580d'}, 'dob': {'date': '1951-06-16T05:02:03.472Z', 'age': 73}, 'registered': {'date': '2009-10-07T22:54:07.990Z', 'age': 14}, 'phone': '(018)-724-5190', 'cell': '(267)-013-0946', 'id': {'name': '', 'value': None}, 'picture': {'large': 'https://randomuser.me/api/portraits/men/48.jpg', 'medium': 'https://randomuser.me/api/portraits/med/men/48.jpg', 'thumbnail': 'https://randomuser.me/api/portraits/thumb/men/48.jpg'}, 'nat': 'TR'}], 'info': {'seed': 'cf09a7d27cae2a4a', 'results': 1, 'page': 1, 'version': '1.4'}}</msg>
<arg>${json_data}</arg>
<doc>Logs the given message with the given level.</doc>
<status status="PASS" start="2024-07-18T01:07:01.205845" elapsed="0.000212"/>
</kw>
<kw name="Dictionary Should Contain Key" owner="Collections">
<arg>${json_data}</arg>
<arg>results</arg>
<doc>Fails if ``key`` is not found from ``dictionary``.</doc>
<status status="PASS" start="2024-07-18T01:07:01.206345" elapsed="0.000159"/>
</kw>
<kw name="Should Not Be Empty" owner="BuiltIn">
<msg time="2024-07-18T01:07:01.206822" level="INFO">Length is 2.</msg>
<arg>${json_data}</arg>
<doc>Verifies that the given item is not empty.</doc>
<status status="PASS" start="2024-07-18T01:07:01.206699" elapsed="0.000159"/>
</kw>
<kw name="Create List" owner="BuiltIn">
<msg time="2024-07-18T01:07:01.207305" level="INFO">${expected_keys} = ['gender', 'name', 'location', 'email', 'login']</msg>
<var>${expected_keys}</var>
<arg>gender</arg>
<arg>name</arg>
<arg>location</arg>
<arg>email</arg>
<arg>login</arg>
<doc>Returns a list containing given items.</doc>
<status status="PASS" start="2024-07-18T01:07:01.207155" elapsed="0.000174"/>
</kw>
<for flavor="IN">
<iter>
<kw name="Dictionary Should Contain Key" owner="Collections">
<arg>${json_data['results'][0]}</arg>
<arg>${key}</arg>
<doc>Fails if ``key`` is not found from ``dictionary``.</doc>
<status status="PASS" start="2024-07-18T01:07:01.207959" elapsed="0.000415"/>
</kw>
<kw name="Log" owner="BuiltIn">
<msg time="2024-07-18T01:07:01.208908" level="INFO">{'gender': 'male', 'name': {'title': 'Mr', 'first': 'Deniz', 'last': 'Adal'}, 'location': {'street': {'number': 1874, 'name': 'Filistin Cd'}, 'city': 'Van', 'state': 'Tokat', 'country': 'Turkey', 'postcode': 69712, 'coordinates': {'latitude': '66.6606', 'longitude': '-102.4507'}, 'timezone': {'offset': '+9:00', 'description': 'Tokyo, Seoul, Osaka, Sapporo, Yakutsk'}}, 'email': 'deniz.adal@example.com', 'login': {'uuid': '30e29cba-059c-4ff3-9c05-215702dc4692', 'username': 'beautifulfrog238', 'password': 'shazam', 'salt': 'dvMU07ng', 'md5': '960ef69d4b63f355611ad5a6ad514eda', 'sha1': '0db2444051ec0de118129c98909c19d7795c2a5f', 'sha256': 'e9fab9167534fb25f4e9af34cde618fcec8e68be6f12ecede2758af7ec73580d'}, 'dob': {'date': '1951-06-16T05:02:03.472Z', 'age': 73}, 'registered': {'date': '2009-10-07T22:54:07.990Z', 'age': 14}, 'phone': '(018)-724-5190', 'cell': '(267)-013-0946', 'id': {'name': '', 'value': None}, 'picture': {'large': 'https://randomuser.me/api/portraits/men/48.jpg', 'medium': 'https://randomuser.me/api/portraits/med/men/48.jpg', 'thumbnail': 'https://randomuser.me/api/portraits/thumb/men/48.jpg'}, 'nat': 'TR'}</msg>
<arg>${json_data['results'][0]}</arg>
<doc>Logs the given message with the given level.</doc>
<status status="PASS" start="2024-07-18T01:07:01.208557" elapsed="0.000407"/>
</kw>
<kw name="Log" owner="BuiltIn">
<msg time="2024-07-18T01:07:01.209387" level="INFO">gender</msg>
<arg>${key}</arg>
<doc>Logs the given message with the given level.</doc>
<status status="PASS" start="2024-07-18T01:07:01.209260" elapsed="0.000165"/>
</kw>
<var name="${key}">gender</var>
<status status="PASS" start="2024-07-18T01:07:01.207826" elapsed="0.001817"/>
</iter>
<iter>
<kw name="Dictionary Should Contain Key" owner="Collections">
<arg>${json_data['results'][0]}</arg>
<arg>${key}</arg>
<doc>Fails if ``key`` is not found from ``dictionary``.</doc>
<status status="PASS" start="2024-07-18T01:07:01.209939" elapsed="0.000389"/>
</kw>
<kw name="Log" owner="BuiltIn">
<msg time="2024-07-18T01:07:01.210888" level="INFO">{'gender': 'male', 'name': {'title': 'Mr', 'first': 'Deniz', 'last': 'Adal'}, 'location': {'street': {'number': 1874, 'name': 'Filistin Cd'}, 'city': 'Van', 'state': 'Tokat', 'country': 'Turkey', 'postcode': 69712, 'coordinates': {'latitude': '66.6606', 'longitude': '-102.4507'}, 'timezone': {'offset': '+9:00', 'description': 'Tokyo, Seoul, Osaka, Sapporo, Yakutsk'}}, 'email': 'deniz.adal@example.com', 'login': {'uuid': '30e29cba-059c-4ff3-9c05-215702dc4692', 'username': 'beautifulfrog238', 'password': 'shazam', 'salt': 'dvMU07ng', 'md5': '960ef69d4b63f355611ad5a6ad514eda', 'sha1': '0db2444051ec0de118129c98909c19d7795c2a5f', 'sha256': 'e9fab9167534fb25f4e9af34cde618fcec8e68be6f12ecede2758af7ec73580d'}, 'dob': {'date': '1951-06-16T05:02:03.472Z', 'age': 73}, 'registered': {'date': '2009-10-07T22:54:07.990Z', 'age': 14}, 'phone': '(018)-724-5190', 'cell': '(267)-013-0946', 'id': {'name': '', 'value': None}, 'picture': {'large': 'https://randomuser.me/api/portraits/men/48.jpg', 'medium': 'https://randomuser.me/api/portraits/med/men/48.jpg', 'thumbnail': 'https://randomuser.me/api/portraits/thumb/men/48.jpg'}, 'nat': 'TR'}</msg>
<arg>${json_data['results'][0]}</arg>
<doc>Logs the given message with the given level.</doc>
<status status="PASS" start="2024-07-18T01:07:01.210521" elapsed="0.000456"/>
</kw>
<kw name="Log" owner="BuiltIn">
<msg time="2024-07-18T01:07:01.211398" level="INFO">name</msg>
<arg>${key}</arg>
<doc>Logs the given message with the given level.</doc>
<status status="PASS" start="2024-07-18T01:07:01.211271" elapsed="0.000164"/>
</kw>
<var name="${key}">name</var>
<status status="PASS" start="2024-07-18T01:07:01.209829" elapsed="0.001820"/>
</iter>
<iter>
<kw name="Dictionary Should Contain Key" owner="Collections">
<arg>${json_data['results'][0]}</arg>
<arg>${key}</arg>
<doc>Fails if ``key`` is not found from ``dictionary``.</doc>
<status status="PASS" start="2024-07-18T01:07:01.211968" elapsed="0.000384"/>
</kw>
<kw name="Log" owner="BuiltIn">
<msg time="2024-07-18T01:07:01.212892" level="INFO">{'gender': 'male', 'name': {'title': 'Mr', 'first': 'Deniz', 'last': 'Adal'}, 'location': {'street': {'number': 1874, 'name': 'Filistin Cd'}, 'city': 'Van', 'state': 'Tokat', 'country': 'Turkey', 'postcode': 69712, 'coordinates': {'latitude': '66.6606', 'longitude': '-102.4507'}, 'timezone': {'offset': '+9:00', 'description': 'Tokyo, Seoul, Osaka, Sapporo, Yakutsk'}}, 'email': 'deniz.adal@example.com', 'login': {'uuid': '30e29cba-059c-4ff3-9c05-215702dc4692', 'username': 'beautifulfrog238', 'password': 'shazam', 'salt': 'dvMU07ng', 'md5': '960ef69d4b63f355611ad5a6ad514eda', 'sha1': '0db2444051ec0de118129c98909c19d7795c2a5f', 'sha256': 'e9fab9167534fb25f4e9af34cde618fcec8e68be6f12ecede2758af7ec73580d'}, 'dob': {'date': '1951-06-16T05:02:03.472Z', 'age': 73}, 'registered': {'date': '2009-10-07T22:54:07.990Z', 'age': 14}, 'phone': '(018)-724-5190', 'cell': '(267)-013-0946', 'id': {'name': '', 'value': None}, 'picture': {'large': 'https://randomuser.me/api/portraits/men/48.jpg', 'medium': 'https://randomuser.me/api/portraits/med/men/48.jpg', 'thumbnail': 'https://randomuser.me/api/portraits/thumb/men/48.jpg'}, 'nat': 'TR'}</msg>
<arg>${json_data['results'][0]}</arg>
<doc>Logs the given message with the given level.</doc>
<status status="PASS" start="2024-07-18T01:07:01.212538" elapsed="0.000402"/>
</kw>
<kw name="Log" owner="BuiltIn">
<msg time="2024-07-18T01:07:01.213371" level="INFO">location</msg>
<arg>${key}</arg>
<doc>Logs the given message with the given level.</doc>
<status status="PASS" start="2024-07-18T01:07:01.213246" elapsed="0.000162"/>
</kw>
<var name="${key}">location</var>
<status status="PASS" start="2024-07-18T01:07:01.211857" elapsed="0.001765"/>
</iter>
<iter>
<kw name="Dictionary Should Contain Key" owner="Collections">
<arg>${json_data['results'][0]}</arg>
<arg>${key}</arg>
<doc>Fails if ``key`` is not found from ``dictionary``.</doc>
<status status="PASS" start="2024-07-18T01:07:01.213897" elapsed="0.000379"/>
</kw>
<kw name="Log" owner="BuiltIn">
<msg time="2024-07-18T01:07:01.214934" level="INFO">{'gender': 'male', 'name': {'title': 'Mr', 'first': 'Deniz', 'last': 'Adal'}, 'location': {'street': {'number': 1874, 'name': 'Filistin Cd'}, 'city': 'Van', 'state': 'Tokat', 'country': 'Turkey', 'postcode': 69712, 'coordinates': {'latitude': '66.6606', 'longitude': '-102.4507'}, 'timezone': {'offset': '+9:00', 'description': 'Tokyo, Seoul, Osaka, Sapporo, Yakutsk'}}, 'email': 'deniz.adal@example.com', 'login': {'uuid': '30e29cba-059c-4ff3-9c05-215702dc4692', 'username': 'beautifulfrog238', 'password': 'shazam', 'salt': 'dvMU07ng', 'md5': '960ef69d4b63f355611ad5a6ad514eda', 'sha1': '0db2444051ec0de118129c98909c19d7795c2a5f', 'sha256': 'e9fab9167534fb25f4e9af34cde618fcec8e68be6f12ecede2758af7ec73580d'}, 'dob': {'date': '1951-06-16T05:02:03.472Z', 'age': 73}, 'registered': {'date': '2009-10-07T22:54:07.990Z', 'age': 14}, 'phone': '(018)-724-5190', 'cell': '(267)-013-0946', 'id': {'name': '', 'value': None}, 'picture': {'large': 'https://randomuser.me/api/portraits/men/48.jpg', 'medium': 'https://randomuser.me/api/portraits/med/men/48.jpg', 'thumbnail': 'https://randomuser.me/api/portraits/thumb/men/48.jpg'}, 'nat': 'TR'}</msg>
<arg>${json_data['results'][0]}</arg>
<doc>Logs the given message with the given level.</doc>
<status status="PASS" start="2024-07-18T01:07:01.214574" elapsed="0.000409"/>
</kw>
<kw name="Log" owner="BuiltIn">
<msg time="2024-07-18T01:07:01.215407" level="INFO">email</msg>
<arg>${key}</arg>
<doc>Logs the given message with the given level.</doc>
<status status="PASS" start="2024-07-18T01:07:01.215275" elapsed="0.000170"/>
</kw>
<var name="${key}">email</var>
<status status="PASS" start="2024-07-18T01:07:01.213791" elapsed="0.001887"/>
</iter>
<iter>
<kw name="Dictionary Should Contain Key" owner="Collections">
<arg>${json_data['results'][0]}</arg>
<arg>${key}</arg>
<doc>Fails if ``key`` is not found from ``dictionary``.</doc>
<status status="PASS" start="2024-07-18T01:07:01.216025" elapsed="0.000374"/>
</kw>
<kw name="Log" owner="BuiltIn">
<msg time="2024-07-18T01:07:01.216931" level="INFO">{'gender': 'male', 'name': {'title': 'Mr', 'first': 'Deniz', 'last': 'Adal'}, 'location': {'street': {'number': 1874, 'name': 'Filistin Cd'}, 'city': 'Van', 'state': 'Tokat', 'country': 'Turkey', 'postcode': 69712, 'coordinates': {'latitude': '66.6606', 'longitude': '-102.4507'}, 'timezone': {'offset': '+9:00', 'description': 'Tokyo, Seoul, Osaka, Sapporo, Yakutsk'}}, 'email': 'deniz.adal@example.com', 'login': {'uuid': '30e29cba-059c-4ff3-9c05-215702dc4692', 'username': 'beautifulfrog238', 'password': 'shazam', 'salt': 'dvMU07ng', 'md5': '960ef69d4b63f355611ad5a6ad514eda', 'sha1': '0db2444051ec0de118129c98909c19d7795c2a5f', 'sha256': 'e9fab9167534fb25f4e9af34cde618fcec8e68be6f12ecede2758af7ec73580d'}, 'dob': {'date': '1951-06-16T05:02:03.472Z', 'age': 73}, 'registered': {'date': '2009-10-07T22:54:07.990Z', 'age': 14}, 'phone': '(018)-724-5190', 'cell': '(267)-013-0946', 'id': {'name': '', 'value': None}, 'picture': {'large': 'https://randomuser.me/api/portraits/men/48.jpg', 'medium': 'https://randomuser.me/api/portraits/med/men/48.jpg', 'thumbnail': 'https://randomuser.me/api/portraits/thumb/men/48.jpg'}, 'nat': 'TR'}</msg>
<arg>${json_data['results'][0]}</arg>
<doc>Logs the given message with the given level.</doc>
<status status="PASS" start="2024-07-18T01:07:01.216581" elapsed="0.000418"/>
</kw>
<kw name="Log" owner="BuiltIn">
<msg time="2024-07-18T01:07:01.217426" level="INFO">login</msg>
<arg>${key}</arg>
<doc>Logs the given message with the given level.</doc>
<status status="PASS" start="2024-07-18T01:07:01.217301" elapsed="0.000161"/>
</kw>
<var name="${key}">login</var>
<status status="PASS" start="2024-07-18T01:07:01.215903" elapsed="0.001791"/>
</iter>
<var>${key}</var>
<value>@{expected_keys}</value>
<status status="PASS" start="2024-07-18T01:07:01.207593" elapsed="0.010219"/>
</for>
<kw name="Create List" owner="BuiltIn">
<msg time="2024-07-18T01:07:01.218133" level="INFO">${expected_keysTwo} = ['username', 'password']</msg>
<var>${expected_keysTwo}</var>
<arg>username</arg>
<arg>password</arg>
<doc>Returns a list containing given items.</doc>
<status status="PASS" start="2024-07-18T01:07:01.218002" elapsed="0.000164"/>
</kw>
<for flavor="IN">
<iter>
<kw name="Dictionary Should Contain Key" owner="Collections">
<arg>${json_data['results'][0]['login']}</arg>
<arg>${keyTwo}</arg>
<doc>Fails if ``key`` is not found from ``dictionary``.</doc>
<status status="PASS" start="2024-07-18T01:07:01.218680" elapsed="0.000392"/>
</kw>
<kw name="Dictionary Should Contain Key" owner="Collections">
<arg>${json_data['results'][0]['login']}</arg>
<arg>${keyTwo}</arg>
<doc>Fails if ``key`` is not found from ``dictionary``.</doc>
<status status="PASS" start="2024-07-18T01:07:01.219252" elapsed="0.000367"/>
</kw>
<kw name="Log" owner="BuiltIn">
<msg time="2024-07-18T01:07:01.219971" level="INFO">username</msg>
<arg>${keyTwo}</arg>
<doc>Logs the given message with the given level.</doc>
<status status="PASS" start="2024-07-18T01:07:01.219845" elapsed="0.000164"/>
</kw>
<var name="${keyTwo}">username</var>
<status status="PASS" start="2024-07-18T01:07:01.218574" elapsed="0.001654"/>
</iter>
<iter>
<kw name="Dictionary Should Contain Key" owner="Collections">
<arg>${json_data['results'][0]['login']}</arg>
<arg>${keyTwo}</arg>
<doc>Fails if ``key`` is not found from ``dictionary``.</doc>
<status status="PASS" start="2024-07-18T01:07:01.220500" elapsed="0.000379"/>
</kw>
<kw name="Dictionary Should Contain Key" owner="Collections">
<arg>${json_data['results'][0]['login']}</arg>
<arg>${keyTwo}</arg>
<doc>Fails if ``key`` is not found from ``dictionary``.</doc>
<status status="PASS" start="2024-07-18T01:07:01.221054" elapsed="0.000379"/>
</kw>
<kw name="Log" owner="BuiltIn">
<msg time="2024-07-18T01:07:01.221729" level="INFO">password</msg>
<arg>${keyTwo}</arg>
<doc>Logs the given message with the given level.</doc>
<status status="PASS" start="2024-07-18T01:07:01.221611" elapsed="0.000154"/>
</kw>
<var name="${keyTwo}">password</var>
<status status="PASS" start="2024-07-18T01:07:01.220396" elapsed="0.001601"/>
</iter>
<var>${keyTwo}</var>
<value>@{expected_keysTwo}</value>
<status status="PASS" start="2024-07-18T01:07:01.218421" elapsed="0.003694"/>
</for>
<status status="PASS" start="2024-07-18T01:07:01.090825" elapsed="0.131432"/>
</kw>
<doc>Testa a estrutura da resposta da API.</doc>
<tag>testeEstruturaResposta</tag>
<status status="PASS" start="2024-07-18T01:07:01.090331" elapsed="0.132084"/>
</test>
<test id="s1-s1-t4" name="Validar tipos de dados" line="28">
<kw name="Teste de Tipos de Dados" owner="random-user-service">
<kw name="GET On Session" owner="RequestsLibrary">
<msg time="2024-07-18T01:07:01.358030" level="INFO">GET Request : url=https://randomuser.me/api 
 path_url=/api 
 headers={'User-Agent': 'python-requests/2.32.3', 'Accept-Encoding': 'gzip, deflate', 'Accept': '*/*', 'Connection': 'keep-alive'} 
 body=None 
 </msg>
<msg time="2024-07-18T01:07:01.358140" level="INFO">GET Response : url=https://randomuser.me/api 
 status=200, reason=OK 
 headers={'Date': 'Thu, 18 Jul 2024 01:07:01 GMT', 'Content-Type': 'application/json; charset=utf-8', 'Transfer-Encoding': 'chunked', 'Connection': 'keep-alive', 'X-Powered-By': 'Express', 'Access-Control-Allow-Origin': '*', 'Cache-Control': 'no-cache', 'ETag': 'W/"490-lVsDlvn5f8hZXLHWaCzlUVBiPrc"', 'Vary': 'Accept-Encoding', 'Content-Encoding': 'gzip', 'CF-Cache-Status': 'DYNAMIC', 'Report-To': '{"endpoints":[{"url":"https:\\/\\/a.nel.cloudflare.com\\/report\\/v4?s=4ND27hKGdRpZrYTo6teB2VWPjPTRB2b4AEduFgSDFCFEXnxORdI8eqfx4liCU64jRYJMCaPs%2FyIbLdqEUV7V3QPVEaEStaamSxBocyuBdXE33Kjv3sMkNlJAfJpddXvG"}],"group":"cf-nel","max_age":604800}', 'NEL': '{"success_fraction":0,"report_to":"cf-nel","max_age":604800}', 'Server': 'cloudflare', 'CF-RAY': '8a4e928ca8f97e95-LAX', 'alt-svc': 'h3=":443"; ma=86400'} 
 body={"results":[{"gender":"female","name":{"title":"Mrs","first":"Lucy","last":"Peterson"},"location":{"street":{"number":699,"name":"Victoria Street"},"city":"Bradford","state":"Bedfordshire","country":"United Kingdom","postcode":"PY17 4ZW","coordinates":{"latitude":"-7.7504","longitude":"147.3452"},"timezone":{"offset":"+5:45","description":"Kathmandu"}},"email":"lucy.peterson@example.com","login":{"uuid":"ab8b1f10-a66e-4bbb-a8a2-5f1cf92de04f","username":"blackgoose998","password":"packers","salt":"zA7TSRkF","md5":"026f1bb00646ceaf152ee9dd2eabcc3f","sha1":"0d04e834616973d1eb290d2dc1b572150d0ba06e","sha256":"11ec5541739940b13bccbf09318b4ef057ab7d83fb32d7912ba8bcc5c9c851f6"},"dob":{"date":"1950-10-23T05:15:08.015Z","age":73},"registered":{"date":"2018-05-29T06:42:53.958Z","age":6},"phone":"0181 119 4847","cell":"07609 859099","id":{"name":"NINO","value":"SR 89 43 41 R"},"picture":{"large":"https://randomuser.me/api/portraits/women/95.jpg","medium":"https://randomuser.me/api/portraits/med/women/95.jpg","thumbnail":"https://randomuser.me/api/portraits/thumb/women/95.jpg"},"nat":"GB"}],"info":{"seed":"79f472ab6a3f2b8f","results":1,"page":1,"version":"1.4"}} 
 </msg>
<msg time="2024-07-18T01:07:01.358220" level="INFO">/opt/hostedtoolcache/Python/3.12.4/x64/lib/python3.12/site-packages/urllib3/connectionpool.py:1099: InsecureRequestWarning: Unverified HTTPS request is being made to host 'randomuser.me'. Adding certificate verification is strongly advised. See: https://urllib3.readthedocs.io/en/latest/advanced-usage.html#tls-warnings
  warnings.warn(</msg>
<msg time="2024-07-18T01:07:01.358374" level="INFO">${response} = &lt;Response [200]&gt;</msg>
<var>${response}</var>
<arg>consultarAPI</arg>
<arg>/api</arg>
<doc>Sends a GET request on a previously created HTTP Session.</doc>
<status status="PASS" start="2024-07-18T01:07:01.224938" elapsed="0.133484"/>
</kw>
<kw name="Set Variable" owner="BuiltIn">
<msg time="2024-07-18T01:07:01.359638" level="INFO">${json_data} = {'results': [{'gender': 'female', 'name': {'title': 'Mrs', 'first': 'Lucy', 'last': 'Peterson'}, 'location': {'street': {'number': 699, 'name': 'Victoria Street'}, 'city': 'Bradford', 'state': 'Bedfor...</msg>
<var>${json_data}</var>
<arg>${response.json()}</arg>
<doc>Returns the given values which can then be assigned to a variables.</doc>
<status status="PASS" start="2024-07-18T01:07:01.359079" elapsed="0.000588"/>
</kw>
<kw name="Log" owner="BuiltIn">
<msg time="2024-07-18T01:07:01.360188" level="INFO">{'results': [{'gender': 'female', 'name': {'title': 'Mrs', 'first': 'Lucy', 'last': 'Peterson'}, 'location': {'street': {'number': 699, 'name': 'Victoria Street'}, 'city': 'Bradford', 'state': 'Bedfordshire', 'country': 'United Kingdom', 'postcode': 'PY17 4ZW', 'coordinates': {'latitude': '-7.7504', 'longitude': '147.3452'}, 'timezone': {'offset': '+5:45', 'description': 'Kathmandu'}}, 'email': 'lucy.peterson@example.com', 'login': {'uuid': 'ab8b1f10-a66e-4bbb-a8a2-5f1cf92de04f', 'username': 'blackgoose998', 'password': 'packers', 'salt': 'zA7TSRkF', 'md5': '026f1bb00646ceaf152ee9dd2eabcc3f', 'sha1': '0d04e834616973d1eb290d2dc1b572150d0ba06e', 'sha256': '11ec5541739940b13bccbf09318b4ef057ab7d83fb32d7912ba8bcc5c9c851f6'}, 'dob': {'date': '1950-10-23T05:15:08.015Z', 'age': 73}, 'registered': {'date': '2018-05-29T06:42:53.958Z', 'age': 6}, 'phone': '0181 119 4847', 'cell': '07609 859099', 'id': {'name': 'NINO', 'value': 'SR 89 43 41 R'}, 'picture': {'large': 'https://randomuser.me/api/portraits/women/95.jpg', 'medium': 'https://randomuser.me/api/portraits/med/women/95.jpg', 'thumbnail': 'https://randomuser.me/api/portraits/thumb/women/95.jpg'}, 'nat': 'GB'}], 'info': {'seed': '79f472ab6a3f2b8f', 'results': 1, 'page': 1, 'version': '1.4'}}</msg>
<arg>${json_data}</arg>
<doc>Logs the given message with the given level.</doc>
<status status="PASS" start="2024-07-18T01:07:01.360035" elapsed="0.000202"/>
</kw>
<kw name="Should Be String" owner="String">
<arg>${json_data['results'][0]['gender']}</arg>
<doc>Fails if the given ``item`` is not a string.</doc>
<status status="PASS" start="2024-07-18T01:07:01.360524" elapsed="0.000380"/>
</kw>
<kw name="Should Match Regexp" owner="BuiltIn">
<arg>${json_data['results'][0]['email']}</arg>
<arg>^[a-zA-Z0-9._%+-]+@[a-zA-Z0-9.-]+\.[a-zA-Z]{2,}$</arg>
<doc>Fails if ``string`` does not match ``pattern`` as a regular expression.</doc>
<status status="PASS" start="2024-07-18T01:07:01.361088" elapsed="0.000505"/>
</kw>
<kw name="Should Match Regexp" owner="BuiltIn">
<arg>${json_data['results'][0]['dob']['date']}</arg>
<arg>\\d{4}-\\d{2}-\\d{2}T\\d{2}:\\d{2}:\\d{2}\\.\\d{3}Z</arg>
<doc>Fails if ``string`` does not match ``pattern`` as a regular expression.</doc>
<status status="PASS" start="2024-07-18T01:07:01.361821" elapsed="0.000630"/>
</kw>
<kw name="Should Match Regexp" owner="BuiltIn">
<arg>${json_data['results'][0]['registered']['date']}</arg>
<arg>\\d{4}-\\d{2}-\\d{2}T\\d{2}:\\d{2}:\\d{2}\\.\\d{3}Z</arg>
<doc>Fails if ``string`` does not match ``pattern`` as a regular expression.</doc>
<status status="PASS" start="2024-07-18T01:07:01.362655" elapsed="0.000386"/>
</kw>
<kw name="Should Match Regexp" owner="BuiltIn">
<arg>${json_data['results'][0]['picture']['large']}</arg>
<arg>^https?://.*\.(?:png|jpe?g|gif|bmp)$</arg>
<doc>Fails if ``string`` does not match ``pattern`` as a regular expression.</doc>
<status status="PASS" start="2024-07-18T01:07:01.363234" elapsed="0.000457"/>
</kw>
<kw name="Should Match Regexp" owner="BuiltIn">
<arg>${json_data['results'][0]['picture']['medium']}</arg>
<arg>^https?://.*\.(?:png|jpe?g|gif|bmp)$</arg>
<doc>Fails if ``string`` does not match ``pattern`` as a regular expression.</doc>
<status status="PASS" start="2024-07-18T01:07:01.363907" elapsed="0.000410"/>
</kw>
<kw name="Should Match Regexp" owner="BuiltIn">
<arg>${json_data['results'][0]['picture']['thumbnail']}</arg>
<arg>^https?://.*\.(?:png|jpe?g|gif|bmp)$</arg>
<doc>Fails if ``string`` does not match ``pattern`` as a regular expression.</doc>
<status status="PASS" start="2024-07-18T01:07:01.364510" elapsed="0.000352"/>
</kw>
<kw name="Log" owner="BuiltIn">
<msg time="2024-07-18T01:07:01.365361" level="INFO">{'large': 'https://randomuser.me/api/portraits/women/95.jpg', 'medium': 'https://randomuser.me/api/portraits/med/women/95.jpg', 'thumbnail': 'https://randomuser.me/api/portraits/thumb/women/95.jpg'}</msg>
<arg>${json_data['results'][0]['picture']}</arg>
<doc>Logs the given message with the given level.</doc>
<status status="PASS" start="2024-07-18T01:07:01.365040" elapsed="0.000364"/>
</kw>
<status status="PASS" start="2024-07-18T01:07:01.224706" elapsed="0.140954"/>
</kw>
<kw name="Teste de Tipos de Dados - Postcode" owner="random-user-service">
<kw name="GET On Session" owner="RequestsLibrary">
<msg time="2024-07-18T01:07:01.470105" level="INFO">GET Request : url=https://randomuser.me/api 
 path_url=/api 
 headers={'User-Agent': 'python-requests/2.32.3', 'Accept-Encoding': 'gzip, deflate', 'Accept': '*/*', 'Connection': 'keep-alive'} 
 body=None 
 </msg>
<msg time="2024-07-18T01:07:01.470202" level="INFO">GET Response : url=https://randomuser.me/api 
 status=200, reason=OK 
 headers={'Date': 'Thu, 18 Jul 2024 01:07:01 GMT', 'Content-Type': 'application/json; charset=utf-8', 'Transfer-Encoding': 'chunked', 'Connection': 'keep-alive', 'X-Powered-By': 'Express', 'Access-Control-Allow-Origin': '*', 'Cache-Control': 'no-cache', 'ETag': 'W/"493-ccYHQZtVl8YRSDM953MnJvwK/i4"', 'Vary': 'Accept-Encoding', 'Content-Encoding': 'gzip', 'CF-Cache-Status': 'DYNAMIC', 'Report-To': '{"endpoints":[{"url":"https:\\/\\/a.nel.cloudflare.com\\/report\\/v4?s=0dYn74TgMDUzvo6A0xR0%2FtsrCLwVeJXfKKEQ52TC114BonHgdnhvP63wlxeUP6xGx4IpeBjUc6CAn%2BMQ9uAZK%2BiOzI9B36sIPKDbuJ3fcQU9P6R6xWmfNT1XOTOXKyI0"}],"group":"cf-nel","max_age":604800}', 'NEL': '{"success_fraction":0,"report_to":"cf-nel","max_age":604800}', 'Server': 'cloudflare', 'CF-RAY': '8a4e928d9a037e95-LAX', 'alt-svc': 'h3=":443"; ma=86400'} 
 body={"results":[{"gender":"male","name":{"title":"Mr","first":"Hector","last":"Lawrence"},"location":{"street":{"number":7851,"name":"Parker Rd"},"city":"Cupertino","state":"Connecticut","country":"United States","postcode":27776,"coordinates":{"latitude":"85.0557","longitude":"-146.2458"},"timezone":{"offset":"-11:00","description":"Midway Island, Samoa"}},"email":"hector.lawrence@example.com","login":{"uuid":"680c9313-f87e-4259-8216-0da8e93826d3","username":"beautifulgorilla138","password":"bicycle","salt":"0IB7juLs","md5":"7806949330eda4ef8202fa6857a57bde","sha1":"3b18a597e30d7d68906bae5d92f86d8ac653f27f","sha256":"7506a645ca9da8b2d749e4b9ae6279baca554a6b7dc9a270f55edaae1196bbc5"},"dob":{"date":"1993-08-10T12:00:55.973Z","age":30},"registered":{"date":"2015-08-28T13:10:53.009Z","age":8},"phone":"(961) 614-8240","cell":"(936) 699-1243","id":{"name":"SSN","value":"369-52-1232"},"picture":{"large":"https://randomuser.me/api/portraits/men/52.jpg","medium":"https://randomuser.me/api/portraits/med/men/52.jpg","thumbnail":"https://randomuser.me/api/portraits/thumb/men/52.jpg"},"nat":"US"}],"info":{"seed":"bc0fe89c4ebb5bc4","results":1,"page":1,"version":"1.4"}} 
 </msg>
<msg time="2024-07-18T01:07:01.470271" level="INFO">/opt/hostedtoolcache/Python/3.12.4/x64/lib/python3.12/site-packages/urllib3/connectionpool.py:1099: InsecureRequestWarning: Unverified HTTPS request is being made to host 'randomuser.me'. Adding certificate verification is strongly advised. See: https://urllib3.readthedocs.io/en/latest/advanced-usage.html#tls-warnings
  warnings.warn(</msg>
<msg time="2024-07-18T01:07:01.470402" level="INFO">${response} = &lt;Response [200]&gt;</msg>
<var>${response}</var>
<arg>consultarAPI</arg>
<arg>/api</arg>
<doc>Sends a GET request on a previously created HTTP Session.</doc>
<status status="PASS" start="2024-07-18T01:07:01.366131" elapsed="0.104317"/>
</kw>
<kw name="Set Variable" owner="BuiltIn">
<msg time="2024-07-18T01:07:01.471645" level="INFO">${json_data} = {'results': [{'gender': 'male', 'name': {'title': 'Mr', 'first': 'Hector', 'last': 'Lawrence'}, 'location': {'street': {'number': 7851, 'name': 'Parker Rd'}, 'city': 'Cupertino', 'state': 'Connecticut...</msg>
<var>${json_data}</var>
<arg>${response.json()}</arg>
<doc>Returns the given values which can then be assigned to a variables.</doc>
<status status="PASS" start="2024-07-18T01:07:01.471070" elapsed="0.000603"/>
</kw>
<kw name="Log" owner="BuiltIn">
<msg time="2024-07-18T01:07:01.472205" level="INFO">{'results': [{'gender': 'male', 'name': {'title': 'Mr', 'first': 'Hector', 'last': 'Lawrence'}, 'location': {'street': {'number': 7851, 'name': 'Parker Rd'}, 'city': 'Cupertino', 'state': 'Connecticut', 'country': 'United States', 'postcode': 27776, 'coordinates': {'latitude': '85.0557', 'longitude': '-146.2458'}, 'timezone': {'offset': '-11:00', 'description': 'Midway Island, Samoa'}}, 'email': 'hector.lawrence@example.com', 'login': {'uuid': '680c9313-f87e-4259-8216-0da8e93826d3', 'username': 'beautifulgorilla138', 'password': 'bicycle', 'salt': '0IB7juLs', 'md5': '7806949330eda4ef8202fa6857a57bde', 'sha1': '3b18a597e30d7d68906bae5d92f86d8ac653f27f', 'sha256': '7506a645ca9da8b2d749e4b9ae6279baca554a6b7dc9a270f55edaae1196bbc5'}, 'dob': {'date': '1993-08-10T12:00:55.973Z', 'age': 30}, 'registered': {'date': '2015-08-28T13:10:53.009Z', 'age': 8}, 'phone': '(961) 614-8240', 'cell': '(936) 699-1243', 'id': {'name': 'SSN', 'value': '369-52-1232'}, 'picture': {'large': 'https://randomuser.me/api/portraits/men/52.jpg', 'medium': 'https://randomuser.me/api/portraits/med/men/52.jpg', 'thumbnail': 'https://randomuser.me/api/portraits/thumb/men/52.jpg'}, 'nat': 'US'}], 'info': {'seed': 'bc0fe89c4ebb5bc4', 'results': 1, 'page': 1, 'version': '1.4'}}</msg>
<arg>${json_data}</arg>
<doc>Logs the given message with the given level.</doc>
<status status="PASS" start="2024-07-18T01:07:01.472029" elapsed="0.000222"/>
</kw>
<kw name="Should Be Equal As Numbers" owner="BuiltIn">
<arg>${json_data['results'][0]['location']['postcode']}</arg>
<arg>${json_data['results'][0]['location']['postcode']}</arg>
<doc>Fails if objects are unequal after converting them to real numbers.</doc>
<status status="PASS" start="2024-07-18T01:07:01.472542" elapsed="0.000624"/>
</kw>
<kw name="Log" owner="BuiltIn">
<msg time="2024-07-18T01:07:01.473687" level="INFO">27776</msg>
<arg>${json_data['results'][0]['location']['postcode']}</arg>
<doc>Logs the given message with the given level.</doc>
<status status="PASS" start="2024-07-18T01:07:01.473352" elapsed="0.000375"/>
</kw>
<status status="PASS" start="2024-07-18T01:07:01.365886" elapsed="0.108142"/>
</kw>
<doc>Testa se os tipos de dados na resposta da API estão corretos.</doc>
<tag>testeTiposDados</tag>
<status status="PASS" start="2024-07-18T01:07:01.224232" elapsed="0.249971"/>
</test>
<test id="s1-s1-t5" name="Validar conteudo" line="35">
<kw name="Teste de Tipos de Conteudo" owner="random-user-service">
<kw name="GET On Session" owner="RequestsLibrary">
<msg time="2024-07-18T01:07:01.598037" level="INFO">GET Request : url=https://randomuser.me/api 
 path_url=/api 
 headers={'User-Agent': 'python-requests/2.32.3', 'Accept-Encoding': 'gzip, deflate', 'Accept': '*/*', 'Connection': 'keep-alive'} 
 body=None 
 </msg>
<msg time="2024-07-18T01:07:01.598144" level="INFO">GET Response : url=https://randomuser.me/api 
 status=200, reason=OK 
 headers={'Date': 'Thu, 18 Jul 2024 01:07:01 GMT', 'Content-Type': 'application/json; charset=utf-8', 'Transfer-Encoding': 'chunked', 'Connection': 'keep-alive', 'X-Powered-By': 'Express', 'Access-Control-Allow-Origin': '*', 'Cache-Control': 'no-cache', 'ETag': 'W/"49c-7KKXr84+J7yRqxdOxZKD+5ewNvQ"', 'Vary': 'Accept-Encoding', 'Content-Encoding': 'gzip', 'CF-Cache-Status': 'DYNAMIC', 'Report-To': '{"endpoints":[{"url":"https:\\/\\/a.nel.cloudflare.com\\/report\\/v4?s=UGgaQwprglOWiAnqBEBq2fp9KzhUf2X229vT2b1b6WNKqTTaDSxMlGPoGehbiUJVejM94h4XbGI%2FfFq6SgCb2A5pMl15FjgaDY4DOGmSf6qNcgxEWQHQQkgRckFlKgof"}],"group":"cf-nel","max_age":604800}', 'NEL': '{"success_fraction":0,"report_to":"cf-nel","max_age":604800}', 'Server': 'cloudflare', 'CF-RAY': '8a4e928e4ac77e95-LAX', 'alt-svc': 'h3=":443"; ma=86400'} 
 body={"results":[{"gender":"female","name":{"title":"Miss","first":"Melanie","last":"Long"},"location":{"street":{"number":1579,"name":"James St"},"city":"North Charleston","state":"Indiana","country":"United States","postcode":27864,"coordinates":{"latitude":"86.5850","longitude":"5.1353"},"timezone":{"offset":"+4:00","description":"Abu Dhabi, Muscat, Baku, Tbilisi"}},"email":"melanie.long@example.com","login":{"uuid":"a8492694-3773-4bdd-ba68-7b5ad34317ed","username":"lazykoala730","password":"gladiator","salt":"CBpS210O","md5":"7c2561274ae455f4ea534034e3d84ae1","sha1":"bf76374e152d9d91b56fa2979938f20e377f44be","sha256":"73ac7e9665115cd18495c6710b7228fd26e60386829304b0c06959b9678e2772"},"dob":{"date":"1965-09-25T10:04:30.795Z","age":58},"registered":{"date":"2015-03-06T18:50:19.640Z","age":9},"phone":"(322) 249-8100","cell":"(838) 243-8679","id":{"name":"SSN","value":"367-46-6952"},"picture":{"large":"https://randomuser.me/api/portraits/women/81.jpg","medium":"https://randomuser.me/api/portraits/med/women/81.jpg","thumbnail":"https://randomuser.me/api/portraits/thumb/women/81.jpg"},"nat":"US"}],"info":{"seed":"a26e06d63f99847e","results":1,"page":1,"version":"1.4"}} 
 </msg>
<msg time="2024-07-18T01:07:01.598217" level="INFO">/opt/hostedtoolcache/Python/3.12.4/x64/lib/python3.12/site-packages/urllib3/connectionpool.py:1099: InsecureRequestWarning: Unverified HTTPS request is being made to host 'randomuser.me'. Adding certificate verification is strongly advised. See: https://urllib3.readthedocs.io/en/latest/advanced-usage.html#tls-warnings
  warnings.warn(</msg>
<msg time="2024-07-18T01:07:01.598347" level="INFO">${response} = &lt;Response [200]&gt;</msg>
<var>${response}</var>
<arg>consultarAPI</arg>
<arg>/api</arg>
<doc>Sends a GET request on a previously created HTTP Session.</doc>
<status status="PASS" start="2024-07-18T01:07:01.476696" elapsed="0.121691"/>
</kw>
<kw name="Set Variable" owner="BuiltIn">
<msg time="2024-07-18T01:07:01.599608" level="INFO">${json_data} = {'results': [{'gender': 'female', 'name': {'title': 'Miss', 'first': 'Melanie', 'last': 'Long'}, 'location': {'street': {'number': 1579, 'name': 'James St'}, 'city': 'North Charleston', 'state': 'Indi...</msg>
<var>${json_data}</var>
<arg>${response.json()}</arg>
<doc>Returns the given values which can then be assigned to a variables.</doc>
<status status="PASS" start="2024-07-18T01:07:01.599004" elapsed="0.000632"/>
</kw>
<kw name="Set Variable" owner="BuiltIn">
<msg time="2024-07-18T01:07:01.600365" level="INFO">${name_title} = Miss</msg>
<var>${name_title}</var>
<arg>${json_data["results"][0]["name"]["title"]}</arg>
<doc>Returns the given values which can then be assigned to a variables.</doc>
<status status="PASS" start="2024-07-18T01:07:01.599975" elapsed="0.000416"/>
</kw>
<kw name="Create List" owner="BuiltIn">
<msg time="2024-07-18T01:07:01.600842" level="INFO">${allowed_titles} = ['Mr', 'Ms', 'Miss', 'Mrs', 'Madame', 'Monsieur']</msg>
<var>${allowed_titles}</var>
<arg>Mr</arg>
<arg>Ms</arg>
<arg>Miss</arg>
<arg>Mrs</arg>
<arg>Madame</arg>
<arg>Monsieur</arg>
<doc>Returns a list containing given items.</doc>
<status status="PASS" start="2024-07-18T01:07:01.600686" elapsed="0.000184"/>
</kw>
<kw name="List Should Contain Value" owner="Collections">
<arg>${allowed_titles}</arg>
<arg>${name_title}</arg>
<doc>Fails if the ``value`` is not found from ``list``.</doc>
<status status="PASS" start="2024-07-18T01:07:01.601163" elapsed="0.000193"/>
</kw>
<kw name="Set Variable" owner="BuiltIn">
<msg time="2024-07-18T01:07:01.601912" level="INFO">${name_country} = US</msg>
<var>${name_country}</var>
<arg>${json_data["results"][0]["nat"]}</arg>
<doc>Returns the given values which can then be assigned to a variables.</doc>
<status status="PASS" start="2024-07-18T01:07:01.601535" elapsed="0.000401"/>
</kw>
<kw name="Create List" owner="BuiltIn">
<msg time="2024-07-18T01:07:01.602816" level="INFO">${list_country} = ['AD', 'AE', 'AF', 'AG', 'AI', 'AL', 'AM', 'AO', 'AQ', 'AR', 'AS', 'AT', 'AU', 'AW', 'AX', 'AZ', 'BA', 'BB', 'BD', 'BE', 'BF', 'BG', 'BH', 'BI', 'BJ', 'BL', 'BM', 'BN', 'BO', 'BQ', 'BR', 'BS', 'BT', '...</msg>
<var>${list_country}</var>
<arg>AD</arg>
<arg>AE</arg>
<arg>AF</arg>
<arg>AG</arg>
<arg>AI</arg>
<arg>AL</arg>
<arg>AM</arg>
<arg>AO</arg>
<arg>AQ</arg>
<arg>AR</arg>
<arg>AS</arg>
<arg>AT</arg>
<arg>AU</arg>
<arg>AW</arg>
<arg>AX</arg>
<arg>AZ</arg>
<arg>BA</arg>
<arg>BB</arg>
<arg>BD</arg>
<arg>BE</arg>
<arg>BF</arg>
<arg>BG</arg>
<arg>BH</arg>
<arg>BI</arg>
<arg>BJ</arg>
<arg>BL</arg>
<arg>BM</arg>
<arg>BN</arg>
<arg>BO</arg>
<arg>BQ</arg>
<arg>BR</arg>
<arg>BS</arg>
<arg>BT</arg>
<arg>BV</arg>
<arg>BW</arg>
<arg>BY</arg>
<arg>BZ</arg>
<arg>CA</arg>
<arg>CC</arg>
<arg>CD</arg>
<arg>CF</arg>
<arg>CG</arg>
<arg>CH</arg>
<arg>CI</arg>
<arg>CK</arg>
<arg>CL</arg>
<arg>CM</arg>
<arg>CN</arg>
<arg>CO</arg>
<arg>CR</arg>
<arg>CU</arg>
<arg>CV</arg>
<arg>CW</arg>
<arg>CX</arg>
<arg>CY</arg>
<arg>CZ</arg>
<arg>DE</arg>
<arg>DJ</arg>
<arg>DK</arg>
<arg>DM</arg>
<arg>DO</arg>
<arg>DZ</arg>
<arg>EC</arg>
<arg>EE</arg>
<arg>EG</arg>
<arg>EH</arg>
<arg>ER</arg>
<arg>ES</arg>
<arg>ET</arg>
<arg>FI</arg>
<arg>FJ</arg>
<arg>FK</arg>
<arg>FM</arg>
<arg>FO</arg>
<arg>FR</arg>
<arg>GA</arg>
<arg>GB</arg>
<arg>GD</arg>
<arg>GE</arg>
<arg>GF</arg>
<arg>GG</arg>
<arg>GH</arg>
<arg>GI</arg>
<arg>GL</arg>
<arg>GM</arg>
<arg>GN</arg>
<arg>GP</arg>
<arg>GQ</arg>
<arg>GR</arg>
<arg>GS</arg>
<arg>GT</arg>
<arg>GU</arg>
<arg>GW</arg>
<arg>GY</arg>
<arg>HK</arg>
<arg>HM</arg>
<arg>HN</arg>
<arg>HR</arg>
<arg>HT</arg>
<arg>HU</arg>
<arg>ID</arg>
<arg>IE</arg>
<arg>IL</arg>
<arg>IM</arg>
<arg>IN</arg>
<arg>IO</arg>
<arg>IQ</arg>
<arg>IR</arg>
<arg>IS</arg>
<arg>IT</arg>
<arg>JE</arg>
<arg>JM</arg>
<arg>JO</arg>
<arg>JP</arg>
<arg>KE</arg>
<arg>KG</arg>
<arg>KH</arg>
<arg>KI</arg>
<arg>KM</arg>
<arg>KN</arg>
<arg>KP</arg>
<arg>KR</arg>
<arg>KW</arg>
<arg>KY</arg>
<arg>KZ</arg>
<arg>LA</arg>
<arg>LB</arg>
<arg>LC</arg>
<arg>LI</arg>
<arg>LK</arg>
<arg>LR</arg>
<arg>LS</arg>
<arg>LT</arg>
<arg>LU</arg>
<arg>LV</arg>
<arg>LY</arg>
<arg>MA</arg>
<arg>MC</arg>
<arg>MD</arg>
<arg>ME</arg>
<arg>MF</arg>
<arg>MG</arg>
<arg>MH</arg>
<arg>MK</arg>
<arg>ML</arg>
<arg>MM</arg>
<arg>MN</arg>
<arg>MO</arg>
<arg>MP</arg>
<arg>MQ</arg>
<arg>MR</arg>
<arg>MS</arg>
<arg>MT</arg>
<arg>MU</arg>
<arg>MV</arg>
<arg>MW</arg>
<arg>MX</arg>
<arg>MY</arg>
<arg>MZ</arg>
<arg>NA</arg>
<arg>NC</arg>
<arg>NE</arg>
<arg>NF</arg>
<arg>NG</arg>
<arg>NI</arg>
<arg>NL</arg>
<arg>NO</arg>
<arg>NP</arg>
<arg>NR</arg>
<arg>NU</arg>
<arg>NZ</arg>
<arg>OM</arg>
<arg>PA</arg>
<arg>PE</arg>
<arg>PF</arg>
<arg>PG</arg>
<arg>PH</arg>
<arg>PK</arg>
<arg>PL</arg>
<arg>PM</arg>
<arg>PN</arg>
<arg>PR</arg>
<arg>PS</arg>
<arg>PT</arg>
<arg>PW</arg>
<arg>PY</arg>
<arg>QA</arg>
<arg>RE</arg>
<arg>RO</arg>
<arg>RS</arg>
<arg>RU</arg>
<arg>RW</arg>
<arg>SA</arg>
<arg>SB</arg>
<arg>SC</arg>
<arg>SD</arg>
<arg>SE</arg>
<arg>SG</arg>
<arg>SH</arg>
<arg>SI</arg>
<arg>SJ</arg>
<arg>SK</arg>
<arg>SL</arg>
<arg>SM</arg>
<arg>SN</arg>
<arg>SO</arg>
<arg>SR</arg>
<arg>SS</arg>
<arg>ST</arg>
<arg>SV</arg>
<arg>SX</arg>
<arg>SY</arg>
<arg>SZ</arg>
<arg>TC</arg>
<arg>TD</arg>
<arg>TF</arg>
<arg>TG</arg>
<arg>TH</arg>
<arg>TJ</arg>
<arg>TK</arg>
<arg>TL</arg>
<arg>TM</arg>
<arg>TN</arg>
<arg>TO</arg>
<arg>TR</arg>
<arg>TT</arg>
<arg>TV</arg>
<arg>TW</arg>
<arg>TZ</arg>
<arg>UA</arg>
<arg>UG</arg>
<arg>UM</arg>
<arg>US</arg>
<arg>UY</arg>
<arg>UZ</arg>
<arg>VA</arg>
<arg>VC</arg>
<arg>VE</arg>
<arg>VG</arg>
<arg>VI</arg>
<arg>VN</arg>
<arg>VU</arg>
<arg>WF</arg>
<arg>WS</arg>
<arg>XK</arg>
<arg>YE</arg>
<arg>YT</arg>
<arg>ZA</arg>
<arg>ZM</arg>
<arg>ZW</arg>
<doc>Returns a list containing given items.</doc>
<status status="PASS" start="2024-07-18T01:07:01.602224" elapsed="0.000618"/>
</kw>
<kw name="List Should Contain Value" owner="Collections">
<arg>${list_country}</arg>
<arg>${name_country}</arg>
<doc>Fails if the ``value`` is not found from ``list``.</doc>
<status status="PASS" start="2024-07-18T01:07:01.603884" elapsed="0.000219"/>
</kw>
<kw name="Run Keyword If" owner="BuiltIn">
<kw name="Should Be True" owner="BuiltIn">
<arg>${True}</arg>
<doc>Fails if the given condition is not true.</doc>
<status status="PASS" start="2024-07-18T01:07:01.605053" elapsed="0.000141"/>
</kw>
<arg>${json_data["results"][0]["location"]["coordinates"]["latitude"]} &gt;= -90 and ${json_data["results"][0]["location"]["coordinates"]["latitude"]} &lt;= 90</arg>
<arg>Should Be True</arg>
<arg>${True}</arg>
<doc>Runs the given keyword with the given arguments, if ``condition`` is true.</doc>
<status status="PASS" start="2024-07-18T01:07:01.604312" elapsed="0.001006"/>
</kw>
<kw name="Run Keyword If" owner="BuiltIn">
<kw name="Should Be True" owner="BuiltIn">
<arg>${True}</arg>
<doc>Fails if the given condition is not true.</doc>
<status status="PASS" start="2024-07-18T01:07:01.606225" elapsed="0.000133"/>
</kw>
<arg>${json_data["results"][0]["location"]["coordinates"]["longitude"]} &gt;= -180 and ${json_data["results"][0]["location"]["coordinates"]["longitude"]} &lt;= 180</arg>
<arg>Should Be True</arg>
<arg>${True}</arg>
<doc>Runs the given keyword with the given arguments, if ``condition`` is true.</doc>
<status status="PASS" start="2024-07-18T01:07:01.605508" elapsed="0.000971"/>
</kw>
<status status="PASS" start="2024-07-18T01:07:01.476475" elapsed="0.130134"/>
</kw>
<doc>Testa o conteúdo específico dos campos retornados pela API.</doc>
<tag>testeConteudo</tag>
<status status="PASS" start="2024-07-18T01:07:01.476026" elapsed="0.130735"/>
</test>
<status status="PASS" start="2024-07-18T01:07:00.411502" elapsed="1.197300"/>
</suite>
<status status="PASS" start="2024-07-18T01:07:00.397258" elapsed="1.216626"/>
</suite>
<statistics>
<total>
<stat pass="5" fail="0" skip="0">All Tests</stat>
</total>
<tag>
<stat pass="1" fail="0" skip="0">testeConteudo</stat>
<stat pass="1" fail="0" skip="0">testeEstruturaResposta</stat>
<stat pass="1" fail="0" skip="0">testeRequisicaoBasica</stat>
<stat pass="1" fail="0" skip="0">testeTiposDados</stat>
</tag>
<suite>
<stat pass="5" fail="0" skip="0" id="s1" name="Tests">Tests</stat>
<stat pass="5" fail="0" skip="0" id="s1-s1" name="Random-User-Test">Tests.Random-User-Test</stat>
</suite>
</statistics>
<errors>
</errors>
</robot>
