<?xml version="1.0" encoding="UTF-8"?>
<robot generator="Robot 7.0.1 (Python 3.12.3 on linux)" generated="2024-06-12T14:13:46.937690" rpa="false" schemaversion="5">
<suite id="s1" name="Tests" source="/home/runner/work/ApiRandomUser/ApiRandomUser/RamdonUser/tests">
<suite id="s1-s1" name="Random-User-Test" source="/home/runner/work/ApiRandomUser/ApiRandomUser/RamdonUser/tests/random-user-test.robot">
<test id="s1-s1-t1" name="Conectar" line="13">
<kw name="Conectar API" owner="random-user-service">
<kw name="Create Session" owner="RequestsLibrary">
<msg time="2024-06-12T14:13:47.339304" level="INFO">Creating Session using : alias=consultarAPI, url=https://randomuser.me/, headers={},                     cookies={}, auth=None, timeout=None, proxies=None, verify=False,                     debug=0 </msg>
<arg>consultarAPI</arg>
<arg>${URL}</arg>
<doc>Create Session: create a HTTP session to a server</doc>
<status status="PASS" start="2024-06-12T14:13:47.339103" elapsed="0.000379"/>
</kw>
<status status="PASS" start="2024-06-12T14:13:47.338060" elapsed="0.001792"/>
</kw>
<status status="PASS" start="2024-06-12T14:13:47.337440" elapsed="0.002620"/>
</test>
<test id="s1-s1-t2" name="Validar retorno 200 e JSON Válido" line="16">
<kw name="Teste de Requisicao Basica" owner="random-user-service">
<kw name="GET On Session" owner="RequestsLibrary">
<msg time="2024-06-12T14:13:47.430756" level="INFO">GET Request : url=https://randomuser.me/api 
 path_url=/api 
 headers={'User-Agent': 'python-requests/2.32.3', 'Accept-Encoding': 'gzip, deflate', 'Accept': '*/*', 'Connection': 'keep-alive'} 
 body=None 
 </msg>
<msg time="2024-06-12T14:13:47.430925" level="INFO">GET Response : url=https://randomuser.me/api 
 status=200, reason=OK 
 headers={'Date': 'Wed, 12 Jun 2024 14:13:47 GMT', 'Content-Type': 'application/json; charset=utf-8', 'Transfer-Encoding': 'chunked', 'Connection': 'keep-alive', 'X-Powered-By': 'Express', 'Access-Control-Allow-Origin': '*', 'Cache-Control': 'no-cache', 'ETag': 'W/"496-aOeH9lUIveYsdVRdhPJISYSgbQU"', 'Vary': 'Accept-Encoding', 'Content-Encoding': 'gzip', 'CF-Cache-Status': 'DYNAMIC', 'Report-To': '{"endpoints":[{"url":"https:\\/\\/a.nel.cloudflare.com\\/report\\/v4?s=FXfK8BLFFGj8InuGyy19vJgCSQsbdl%2FBIkOpq5jIb0clhcxPUnni1KTmId8yYt9l%2FJTj96UAtOJbuyEJ%2FtKAm9vhF%2Fj9LBKNCC6IPJuzyKmKoCo%2FokpDU2sVKCipAkBx"}],"group":"cf-nel","max_age":604800}', 'NEL': '{"success_fraction":0,"report_to":"cf-nel","max_age":604800}', 'Server': 'cloudflare', 'CF-RAY': '892a718b1ca3115c-ORD', 'alt-svc': 'h3=":443"; ma=86400'} 
 body={"results":[{"gender":"female","name":{"title":"Miss","first":"Kailane","last":"Martins"},"location":{"street":{"number":7647,"name":"Rua São Paulo "},"city":"Lages","state":"Espírito Santo","country":"Brazil","postcode":87878,"coordinates":{"latitude":"-74.0933","longitude":"48.8116"},"timezone":{"offset":"+6:00","description":"Almaty, Dhaka, Colombo"}},"email":"kailane.martins@example.com","login":{"uuid":"881ccc74-d3bf-426c-88e3-00ed3358ada7","username":"bluebear139","password":"tanker","salt":"oT8jzVXG","md5":"5159cf8c887bc51bceee2340012ba889","sha1":"07c963dc8ee91940a8c84100808b5e970d3b5ddf","sha256":"7ef9985e58ef9348df4a8c149a647781a57256f50b84df0e72b3169dec341653"},"dob":{"date":"1995-10-03T22:30:52.954Z","age":28},"registered":{"date":"2019-07-02T17:44:54.411Z","age":4},"phone":"(13) 5686-4235","cell":"(66) 2867-2797","id":{"name":"CPF","value":"654.187.035-96"},"picture":{"large":"https://randomuser.me/api/portraits/women/24.jpg","medium":"https://randomuser.me/api/portraits/med/women/24.jpg","thumbnail":"https://randomuser.me/api/portraits/thumb/women/24.jpg"},"nat":"BR"}],"info":{"seed":"52d277bd21ff0c8a","results":1,"page":1,"version":"1.4"}} 
 </msg>
<msg time="2024-06-12T14:13:47.431024" level="INFO">/opt/hostedtoolcache/Python/3.12.3/x64/lib/python3.12/site-packages/urllib3/connectionpool.py:1103: InsecureRequestWarning: Unverified HTTPS request is being made to host 'randomuser.me'. Adding certificate verification is strongly advised. See: https://urllib3.readthedocs.io/en/latest/advanced-usage.html#tls-warnings
  warnings.warn(</msg>
<msg time="2024-06-12T14:13:47.431182" level="INFO">${response} = &lt;Response [200]&gt;</msg>
<var>${response}</var>
<arg>consultarAPI</arg>
<arg>/api</arg>
<doc>Sends a GET request on a previously created HTTP Session.</doc>
<status status="PASS" start="2024-06-12T14:13:47.342747" elapsed="0.088477"/>
</kw>
<kw name="Should Be Equal As Numbers" owner="BuiltIn">
<msg time="2024-06-12T14:13:47.432389" level="INFO">Argument types are:
&lt;class 'int'&gt;
&lt;class 'str'&gt;</msg>
<arg>${response.status_code}</arg>
<arg>200</arg>
<doc>Fails if objects are unequal after converting them to real numbers.</doc>
<status status="PASS" start="2024-06-12T14:13:47.431864" elapsed="0.000594"/>
</kw>
<kw name="Log" owner="BuiltIn">
<msg time="2024-06-12T14:13:47.433178" level="INFO">200</msg>
<arg>${response.status_code}</arg>
<doc>Logs the given message with the given level.</doc>
<status status="PASS" start="2024-06-12T14:13:47.432812" elapsed="0.000425"/>
</kw>
<kw name="Set Variable" owner="BuiltIn">
<msg time="2024-06-12T14:13:47.434017" level="INFO">${json_data} = {'results': [{'gender': 'female', 'name': {'title': 'Miss', 'first': 'Kailane', 'last': 'Martins'}, 'location': {'street': {'number': 7647, 'name': 'Rua São Paulo '}, 'city': 'Lages', 'state': 'Espíri...</msg>
<var>${json_data}</var>
<arg>${response.json()}</arg>
<doc>Returns the given values which can then be assigned to a variables.</doc>
<status status="PASS" start="2024-06-12T14:13:47.433568" elapsed="0.000479"/>
</kw>
<kw name="Dictionary Should Contain Key" owner="Collections">
<arg>${json_data}</arg>
<arg>results</arg>
<doc>Fails if ``key`` is not found from ``dictionary``.</doc>
<status status="PASS" start="2024-06-12T14:13:47.434356" elapsed="0.000181"/>
</kw>
<status status="PASS" start="2024-06-12T14:13:47.342502" elapsed="0.092188"/>
</kw>
<doc>Testa se a API responde corretamente e retorna um objeto JSON válido.</doc>
<tag>testeRequisicaoBasica</tag>
<status status="PASS" start="2024-06-12T14:13:47.341970" elapsed="0.092907"/>
</test>
<test id="s1-s1-t3" name="Validar estrutura de resposta" line="22">
<kw name="Teste de Estrutura de Resposta" owner="random-user-service">
<kw name="GET On Session" owner="RequestsLibrary">
<msg time="2024-06-12T14:13:47.529809" level="INFO">GET Request : url=https://randomuser.me/api 
 path_url=/api 
 headers={'User-Agent': 'python-requests/2.32.3', 'Accept-Encoding': 'gzip, deflate', 'Accept': '*/*', 'Connection': 'keep-alive'} 
 body=None 
 </msg>
<msg time="2024-06-12T14:13:47.529922" level="INFO">GET Response : url=https://randomuser.me/api 
 status=200, reason=OK 
 headers={'Date': 'Wed, 12 Jun 2024 14:13:47 GMT', 'Content-Type': 'application/json; charset=utf-8', 'Transfer-Encoding': 'chunked', 'Connection': 'keep-alive', 'X-Powered-By': 'Express', 'Access-Control-Allow-Origin': '*', 'Cache-Control': 'no-cache', 'ETag': 'W/"4b0-4jViTVl3csjxKZgHTwHFwtgV57s"', 'Vary': 'Accept-Encoding', 'Content-Encoding': 'gzip', 'CF-Cache-Status': 'DYNAMIC', 'Report-To': '{"endpoints":[{"url":"https:\\/\\/a.nel.cloudflare.com\\/report\\/v4?s=g%2FxD4M505CUKYRC2BV4t3aQQG%2FgUHjmxkmj1WTA0ifIM3MUCO4DEm7goEGJ%2F9PzC0pnhYiS3ab4qYpmlo8biFgXmCpNIqUhwEB80Qy1BsbIwFwkzQcmBJg%2Fb2UPA84sE"}],"group":"cf-nel","max_age":604800}', 'NEL': '{"success_fraction":0,"report_to":"cf-nel","max_age":604800}', 'Server': 'cloudflare', 'CF-RAY': '892a718b7d13115c-ORD', 'alt-svc': 'h3=":443"; ma=86400'} 
 body={"results":[{"gender":"female","name":{"title":"Mrs","first":"Rocío","last":"Muñoz"},"location":{"street":{"number":4230,"name":"Calle de Ángel García"},"city":"Hospitalet de Llobregat","state":"Comunidad Valenciana","country":"Spain","postcode":94080,"coordinates":{"latitude":"-30.8637","longitude":"110.4726"},"timezone":{"offset":"+4:00","description":"Abu Dhabi, Muscat, Baku, Tbilisi"}},"email":"rocio.munoz@example.com","login":{"uuid":"d9a96b58-e2ac-4d67-9bf2-7059f096d135","username":"bigkoala133","password":"xxxxxx1","salt":"jPWYxC3R","md5":"e108c6be6f7f5bfb981665ddff3648a7","sha1":"8bcf6125ab83a0c71c11f44fa901b33a229f1fe9","sha256":"9282930fc1b8ceeebe7f05a72774f08d390dcd44ef94eaa3cabd25aa7159a4f6"},"dob":{"date":"1963-08-01T07:47:39.064Z","age":60},"registered":{"date":"2013-10-04T23:24:34.853Z","age":10},"phone":"906-381-230","cell":"618-807-001","id":{"name":"DNI","value":"54479359-T"},"picture":{"large":"https://randomuser.me/api/portraits/women/91.jpg","medium":"https://randomuser.me/api/portraits/med/women/91.jpg","thumbnail":"https://randomuser.me/api/portraits/thumb/women/91.jpg"},"nat":"ES"}],"info":{"seed":"49e6303a2725ef13","results":1,"page":1,"version":"1.4"}} 
 </msg>
<msg time="2024-06-12T14:13:47.530101" level="INFO">/opt/hostedtoolcache/Python/3.12.3/x64/lib/python3.12/site-packages/urllib3/connectionpool.py:1103: InsecureRequestWarning: Unverified HTTPS request is being made to host 'randomuser.me'. Adding certificate verification is strongly advised. See: https://urllib3.readthedocs.io/en/latest/advanced-usage.html#tls-warnings
  warnings.warn(</msg>
<msg time="2024-06-12T14:13:47.530254" level="INFO">${response} = &lt;Response [200]&gt;</msg>
<var>${response}</var>
<arg>consultarAPI</arg>
<arg>/api</arg>
<doc>Sends a GET request on a previously created HTTP Session.</doc>
<status status="PASS" start="2024-06-12T14:13:47.437801" elapsed="0.092506"/>
</kw>
<kw name="Set Variable" owner="BuiltIn">
<msg time="2024-06-12T14:13:47.531542" level="INFO">${json_data} = {'results': [{'gender': 'female', 'name': {'title': 'Mrs', 'first': 'Rocío', 'last': 'Muñoz'}, 'location': {'street': {'number': 4230, 'name': 'Calle de Ángel García'}, 'city': 'Hospitalet de Llobrega...</msg>
<var>${json_data}</var>
<arg>${response.json()}</arg>
<doc>Returns the given values which can then be assigned to a variables.</doc>
<status status="PASS" start="2024-06-12T14:13:47.530940" elapsed="0.000633"/>
</kw>
<kw name="Log" owner="BuiltIn">
<msg time="2024-06-12T14:13:47.532107" level="INFO">{'results': [{'gender': 'female', 'name': {'title': 'Mrs', 'first': 'Rocío', 'last': 'Muñoz'}, 'location': {'street': {'number': 4230, 'name': 'Calle de Ángel García'}, 'city': 'Hospitalet de Llobregat', 'state': 'Comunidad Valenciana', 'country': 'Spain', 'postcode': 94080, 'coordinates': {'latitude': '-30.8637', 'longitude': '110.4726'}, 'timezone': {'offset': '+4:00', 'description': 'Abu Dhabi, Muscat, Baku, Tbilisi'}}, 'email': 'rocio.munoz@example.com', 'login': {'uuid': 'd9a96b58-e2ac-4d67-9bf2-7059f096d135', 'username': 'bigkoala133', 'password': 'xxxxxx1', 'salt': 'jPWYxC3R', 'md5': 'e108c6be6f7f5bfb981665ddff3648a7', 'sha1': '8bcf6125ab83a0c71c11f44fa901b33a229f1fe9', 'sha256': '9282930fc1b8ceeebe7f05a72774f08d390dcd44ef94eaa3cabd25aa7159a4f6'}, 'dob': {'date': '1963-08-01T07:47:39.064Z', 'age': 60}, 'registered': {'date': '2013-10-04T23:24:34.853Z', 'age': 10}, 'phone': '906-381-230', 'cell': '618-807-001', 'id': {'name': 'DNI', 'value': '54479359-T'}, 'picture': {'large': 'https://randomuser.me/api/portraits/women/91.jpg', 'medium': 'https://randomuser.me/api/portraits/med/women/91.jpg', 'thumbnail': 'https://randomuser.me/api/portraits/thumb/women/91.jpg'}, 'nat': 'ES'}], 'info': {'seed': '49e6303a2725ef13', 'results': 1, 'page': 1, 'version': '1.4'}}</msg>
<arg>${json_data}</arg>
<doc>Logs the given message with the given level.</doc>
<status status="PASS" start="2024-06-12T14:13:47.531940" elapsed="0.000220"/>
</kw>
<kw name="Dictionary Should Contain Key" owner="Collections">
<arg>${json_data}</arg>
<arg>results</arg>
<doc>Fails if ``key`` is not found from ``dictionary``.</doc>
<status status="PASS" start="2024-06-12T14:13:47.532509" elapsed="0.000165"/>
</kw>
<kw name="Should Not Be Empty" owner="BuiltIn">
<msg time="2024-06-12T14:13:47.532986" level="INFO">Length is 2.</msg>
<arg>${json_data}</arg>
<doc>Verifies that the given item is not empty.</doc>
<status status="PASS" start="2024-06-12T14:13:47.532860" elapsed="0.000164"/>
</kw>
<kw name="Create List" owner="BuiltIn">
<msg time="2024-06-12T14:13:47.533468" level="INFO">${expected_keys} = ['gender', 'name', 'location', 'email', 'login']</msg>
<var>${expected_keys}</var>
<arg>gender</arg>
<arg>name</arg>
<arg>location</arg>
<arg>email</arg>
<arg>login</arg>
<doc>Returns a list containing given items.</doc>
<status status="PASS" start="2024-06-12T14:13:47.533317" elapsed="0.000175"/>
</kw>
<for flavor="IN">
<iter>
<kw name="Dictionary Should Contain Key" owner="Collections">
<arg>${json_data['results'][0]}</arg>
<arg>${key}</arg>
<doc>Fails if ``key`` is not found from ``dictionary``.</doc>
<status status="PASS" start="2024-06-12T14:13:47.534090" elapsed="0.000397"/>
</kw>
<kw name="Log" owner="BuiltIn">
<msg time="2024-06-12T14:13:47.535047" level="INFO">{'gender': 'female', 'name': {'title': 'Mrs', 'first': 'Rocío', 'last': 'Muñoz'}, 'location': {'street': {'number': 4230, 'name': 'Calle de Ángel García'}, 'city': 'Hospitalet de Llobregat', 'state': 'Comunidad Valenciana', 'country': 'Spain', 'postcode': 94080, 'coordinates': {'latitude': '-30.8637', 'longitude': '110.4726'}, 'timezone': {'offset': '+4:00', 'description': 'Abu Dhabi, Muscat, Baku, Tbilisi'}}, 'email': 'rocio.munoz@example.com', 'login': {'uuid': 'd9a96b58-e2ac-4d67-9bf2-7059f096d135', 'username': 'bigkoala133', 'password': 'xxxxxx1', 'salt': 'jPWYxC3R', 'md5': 'e108c6be6f7f5bfb981665ddff3648a7', 'sha1': '8bcf6125ab83a0c71c11f44fa901b33a229f1fe9', 'sha256': '9282930fc1b8ceeebe7f05a72774f08d390dcd44ef94eaa3cabd25aa7159a4f6'}, 'dob': {'date': '1963-08-01T07:47:39.064Z', 'age': 60}, 'registered': {'date': '2013-10-04T23:24:34.853Z', 'age': 10}, 'phone': '906-381-230', 'cell': '618-807-001', 'id': {'name': 'DNI', 'value': '54479359-T'}, 'picture': {'large': 'https://randomuser.me/api/portraits/women/91.jpg', 'medium': 'https://randomuser.me/api/portraits/med/women/91.jpg', 'thumbnail': 'https://randomuser.me/api/portraits/thumb/women/91.jpg'}, 'nat': 'ES'}</msg>
<arg>${json_data['results'][0]}</arg>
<doc>Logs the given message with the given level.</doc>
<status status="PASS" start="2024-06-12T14:13:47.534683" elapsed="0.000426"/>
</kw>
<kw name="Log" owner="BuiltIn">
<msg time="2024-06-12T14:13:47.535537" level="INFO">gender</msg>
<arg>${key}</arg>
<doc>Logs the given message with the given level.</doc>
<status status="PASS" start="2024-06-12T14:13:47.535409" elapsed="0.000169"/>
</kw>
<var name="${key}">gender</var>
<status status="PASS" start="2024-06-12T14:13:47.533959" elapsed="0.001848"/>
</iter>
<iter>
<kw name="Dictionary Should Contain Key" owner="Collections">
<arg>${json_data['results'][0]}</arg>
<arg>${key}</arg>
<doc>Fails if ``key`` is not found from ``dictionary``.</doc>
<status status="PASS" start="2024-06-12T14:13:47.536123" elapsed="0.000417"/>
</kw>
<kw name="Log" owner="BuiltIn">
<msg time="2024-06-12T14:13:47.537167" level="INFO">{'gender': 'female', 'name': {'title': 'Mrs', 'first': 'Rocío', 'last': 'Muñoz'}, 'location': {'street': {'number': 4230, 'name': 'Calle de Ángel García'}, 'city': 'Hospitalet de Llobregat', 'state': 'Comunidad Valenciana', 'country': 'Spain', 'postcode': 94080, 'coordinates': {'latitude': '-30.8637', 'longitude': '110.4726'}, 'timezone': {'offset': '+4:00', 'description': 'Abu Dhabi, Muscat, Baku, Tbilisi'}}, 'email': 'rocio.munoz@example.com', 'login': {'uuid': 'd9a96b58-e2ac-4d67-9bf2-7059f096d135', 'username': 'bigkoala133', 'password': 'xxxxxx1', 'salt': 'jPWYxC3R', 'md5': 'e108c6be6f7f5bfb981665ddff3648a7', 'sha1': '8bcf6125ab83a0c71c11f44fa901b33a229f1fe9', 'sha256': '9282930fc1b8ceeebe7f05a72774f08d390dcd44ef94eaa3cabd25aa7159a4f6'}, 'dob': {'date': '1963-08-01T07:47:39.064Z', 'age': 60}, 'registered': {'date': '2013-10-04T23:24:34.853Z', 'age': 10}, 'phone': '906-381-230', 'cell': '618-807-001', 'id': {'name': 'DNI', 'value': '54479359-T'}, 'picture': {'large': 'https://randomuser.me/api/portraits/women/91.jpg', 'medium': 'https://randomuser.me/api/portraits/med/women/91.jpg', 'thumbnail': 'https://randomuser.me/api/portraits/thumb/women/91.jpg'}, 'nat': 'ES'}</msg>
<arg>${json_data['results'][0]}</arg>
<doc>Logs the given message with the given level.</doc>
<status status="PASS" start="2024-06-12T14:13:47.536761" elapsed="0.000459"/>
</kw>
<kw name="Log" owner="BuiltIn">
<msg time="2024-06-12T14:13:47.537659" level="INFO">name</msg>
<arg>${key}</arg>
<doc>Logs the given message with the given level.</doc>
<status status="PASS" start="2024-06-12T14:13:47.537526" elapsed="0.000173"/>
</kw>
<var name="${key}">name</var>
<status status="PASS" start="2024-06-12T14:13:47.536010" elapsed="0.001907"/>
</iter>
<iter>
<kw name="Dictionary Should Contain Key" owner="Collections">
<arg>${json_data['results'][0]}</arg>
<arg>${key}</arg>
<doc>Fails if ``key`` is not found from ``dictionary``.</doc>
<status status="PASS" start="2024-06-12T14:13:47.538206" elapsed="0.000385"/>
</kw>
<kw name="Log" owner="BuiltIn">
<msg time="2024-06-12T14:13:47.539127" level="INFO">{'gender': 'female', 'name': {'title': 'Mrs', 'first': 'Rocío', 'last': 'Muñoz'}, 'location': {'street': {'number': 4230, 'name': 'Calle de Ángel García'}, 'city': 'Hospitalet de Llobregat', 'state': 'Comunidad Valenciana', 'country': 'Spain', 'postcode': 94080, 'coordinates': {'latitude': '-30.8637', 'longitude': '110.4726'}, 'timezone': {'offset': '+4:00', 'description': 'Abu Dhabi, Muscat, Baku, Tbilisi'}}, 'email': 'rocio.munoz@example.com', 'login': {'uuid': 'd9a96b58-e2ac-4d67-9bf2-7059f096d135', 'username': 'bigkoala133', 'password': 'xxxxxx1', 'salt': 'jPWYxC3R', 'md5': 'e108c6be6f7f5bfb981665ddff3648a7', 'sha1': '8bcf6125ab83a0c71c11f44fa901b33a229f1fe9', 'sha256': '9282930fc1b8ceeebe7f05a72774f08d390dcd44ef94eaa3cabd25aa7159a4f6'}, 'dob': {'date': '1963-08-01T07:47:39.064Z', 'age': 60}, 'registered': {'date': '2013-10-04T23:24:34.853Z', 'age': 10}, 'phone': '906-381-230', 'cell': '618-807-001', 'id': {'name': 'DNI', 'value': '54479359-T'}, 'picture': {'large': 'https://randomuser.me/api/portraits/women/91.jpg', 'medium': 'https://randomuser.me/api/portraits/med/women/91.jpg', 'thumbnail': 'https://randomuser.me/api/portraits/thumb/women/91.jpg'}, 'nat': 'ES'}</msg>
<arg>${json_data['results'][0]}</arg>
<doc>Logs the given message with the given level.</doc>
<status status="PASS" start="2024-06-12T14:13:47.538779" elapsed="0.000397"/>
</kw>
<kw name="Log" owner="BuiltIn">
<msg time="2024-06-12T14:13:47.539597" level="INFO">location</msg>
<arg>${key}</arg>
<doc>Logs the given message with the given level.</doc>
<status status="PASS" start="2024-06-12T14:13:47.539470" elapsed="0.000164"/>
</kw>
<var name="${key}">location</var>
<status status="PASS" start="2024-06-12T14:13:47.538098" elapsed="0.001762"/>
</iter>
<iter>
<kw name="Dictionary Should Contain Key" owner="Collections">
<arg>${json_data['results'][0]}</arg>
<arg>${key}</arg>
<doc>Fails if ``key`` is not found from ``dictionary``.</doc>
<status status="PASS" start="2024-06-12T14:13:47.540143" elapsed="0.000418"/>
</kw>
<kw name="Log" owner="BuiltIn">
<msg time="2024-06-12T14:13:47.541110" level="INFO">{'gender': 'female', 'name': {'title': 'Mrs', 'first': 'Rocío', 'last': 'Muñoz'}, 'location': {'street': {'number': 4230, 'name': 'Calle de Ángel García'}, 'city': 'Hospitalet de Llobregat', 'state': 'Comunidad Valenciana', 'country': 'Spain', 'postcode': 94080, 'coordinates': {'latitude': '-30.8637', 'longitude': '110.4726'}, 'timezone': {'offset': '+4:00', 'description': 'Abu Dhabi, Muscat, Baku, Tbilisi'}}, 'email': 'rocio.munoz@example.com', 'login': {'uuid': 'd9a96b58-e2ac-4d67-9bf2-7059f096d135', 'username': 'bigkoala133', 'password': 'xxxxxx1', 'salt': 'jPWYxC3R', 'md5': 'e108c6be6f7f5bfb981665ddff3648a7', 'sha1': '8bcf6125ab83a0c71c11f44fa901b33a229f1fe9', 'sha256': '9282930fc1b8ceeebe7f05a72774f08d390dcd44ef94eaa3cabd25aa7159a4f6'}, 'dob': {'date': '1963-08-01T07:47:39.064Z', 'age': 60}, 'registered': {'date': '2013-10-04T23:24:34.853Z', 'age': 10}, 'phone': '906-381-230', 'cell': '618-807-001', 'id': {'name': 'DNI', 'value': '54479359-T'}, 'picture': {'large': 'https://randomuser.me/api/portraits/women/91.jpg', 'medium': 'https://randomuser.me/api/portraits/med/women/91.jpg', 'thumbnail': 'https://randomuser.me/api/portraits/thumb/women/91.jpg'}, 'nat': 'ES'}</msg>
<arg>${json_data['results'][0]}</arg>
<doc>Logs the given message with the given level.</doc>
<status status="PASS" start="2024-06-12T14:13:47.540748" elapsed="0.000411"/>
</kw>
<kw name="Log" owner="BuiltIn">
<msg time="2024-06-12T14:13:47.541585" level="INFO">email</msg>
<arg>${key}</arg>
<doc>Logs the given message with the given level.</doc>
<status status="PASS" start="2024-06-12T14:13:47.541457" elapsed="0.000166"/>
</kw>
<var name="${key}">email</var>
<status status="PASS" start="2024-06-12T14:13:47.540035" elapsed="0.001802"/>
</iter>
<iter>
<kw name="Dictionary Should Contain Key" owner="Collections">
<arg>${json_data['results'][0]}</arg>
<arg>${key}</arg>
<doc>Fails if ``key`` is not found from ``dictionary``.</doc>
<status status="PASS" start="2024-06-12T14:13:47.542120" elapsed="0.000375"/>
</kw>
<kw name="Log" owner="BuiltIn">
<msg time="2024-06-12T14:13:47.543032" level="INFO">{'gender': 'female', 'name': {'title': 'Mrs', 'first': 'Rocío', 'last': 'Muñoz'}, 'location': {'street': {'number': 4230, 'name': 'Calle de Ángel García'}, 'city': 'Hospitalet de Llobregat', 'state': 'Comunidad Valenciana', 'country': 'Spain', 'postcode': 94080, 'coordinates': {'latitude': '-30.8637', 'longitude': '110.4726'}, 'timezone': {'offset': '+4:00', 'description': 'Abu Dhabi, Muscat, Baku, Tbilisi'}}, 'email': 'rocio.munoz@example.com', 'login': {'uuid': 'd9a96b58-e2ac-4d67-9bf2-7059f096d135', 'username': 'bigkoala133', 'password': 'xxxxxx1', 'salt': 'jPWYxC3R', 'md5': 'e108c6be6f7f5bfb981665ddff3648a7', 'sha1': '8bcf6125ab83a0c71c11f44fa901b33a229f1fe9', 'sha256': '9282930fc1b8ceeebe7f05a72774f08d390dcd44ef94eaa3cabd25aa7159a4f6'}, 'dob': {'date': '1963-08-01T07:47:39.064Z', 'age': 60}, 'registered': {'date': '2013-10-04T23:24:34.853Z', 'age': 10}, 'phone': '906-381-230', 'cell': '618-807-001', 'id': {'name': 'DNI', 'value': '54479359-T'}, 'picture': {'large': 'https://randomuser.me/api/portraits/women/91.jpg', 'medium': 'https://randomuser.me/api/portraits/med/women/91.jpg', 'thumbnail': 'https://randomuser.me/api/portraits/thumb/women/91.jpg'}, 'nat': 'ES'}</msg>
<arg>${json_data['results'][0]}</arg>
<doc>Logs the given message with the given level.</doc>
<status status="PASS" start="2024-06-12T14:13:47.542686" elapsed="0.000406"/>
</kw>
<kw name="Log" owner="BuiltIn">
<msg time="2024-06-12T14:13:47.543615" level="INFO">login</msg>
<arg>${key}</arg>
<doc>Logs the given message with the given level.</doc>
<status status="PASS" start="2024-06-12T14:13:47.543380" elapsed="0.000272"/>
</kw>
<var name="${key}">login</var>
<status status="PASS" start="2024-06-12T14:13:47.542011" elapsed="0.001858"/>
</iter>
<var>${key}</var>
<value>@{expected_keys}</value>
<status status="PASS" start="2024-06-12T14:13:47.533759" elapsed="0.010258"/>
</for>
<kw name="Create List" owner="BuiltIn">
<msg time="2024-06-12T14:13:47.544388" level="INFO">${expected_keysTwo} = ['username', 'password']</msg>
<var>${expected_keysTwo}</var>
<arg>username</arg>
<arg>password</arg>
<doc>Returns a list containing given items.</doc>
<status status="PASS" start="2024-06-12T14:13:47.544244" elapsed="0.000168"/>
</kw>
<for flavor="IN">
<iter>
<kw name="Dictionary Should Contain Key" owner="Collections">
<arg>${json_data['results'][0]['login']}</arg>
<arg>${keyTwo}</arg>
<doc>Fails if ``key`` is not found from ``dictionary``.</doc>
<status status="PASS" start="2024-06-12T14:13:47.544908" elapsed="0.000378"/>
</kw>
<kw name="Dictionary Should Contain Key" owner="Collections">
<arg>${json_data['results'][0]['login']}</arg>
<arg>${keyTwo}</arg>
<doc>Fails if ``key`` is not found from ``dictionary``.</doc>
<status status="PASS" start="2024-06-12T14:13:47.545467" elapsed="0.000382"/>
</kw>
<kw name="Log" owner="BuiltIn">
<msg time="2024-06-12T14:13:47.546147" level="INFO">username</msg>
<arg>${keyTwo}</arg>
<doc>Logs the given message with the given level.</doc>
<status status="PASS" start="2024-06-12T14:13:47.546028" elapsed="0.000155"/>
</kw>
<var name="${keyTwo}">username</var>
<status status="PASS" start="2024-06-12T14:13:47.544802" elapsed="0.001605"/>
</iter>
<iter>
<kw name="Dictionary Should Contain Key" owner="Collections">
<arg>${json_data['results'][0]['login']}</arg>
<arg>${keyTwo}</arg>
<doc>Fails if ``key`` is not found from ``dictionary``.</doc>
<status status="PASS" start="2024-06-12T14:13:47.546697" elapsed="0.000372"/>
</kw>
<kw name="Dictionary Should Contain Key" owner="Collections">
<arg>${json_data['results'][0]['login']}</arg>
<arg>${keyTwo}</arg>
<doc>Fails if ``key`` is not found from ``dictionary``.</doc>
<status status="PASS" start="2024-06-12T14:13:47.547267" elapsed="0.000372"/>
</kw>
<kw name="Log" owner="BuiltIn">
<msg time="2024-06-12T14:13:47.547934" level="INFO">password</msg>
<arg>${keyTwo}</arg>
<doc>Logs the given message with the given level.</doc>
<status status="PASS" start="2024-06-12T14:13:47.547816" elapsed="0.000155"/>
</kw>
<var name="${keyTwo}">password</var>
<status status="PASS" start="2024-06-12T14:13:47.546588" elapsed="0.001629"/>
</iter>
<var>${keyTwo}</var>
<value>@{expected_keysTwo}</value>
<status status="PASS" start="2024-06-12T14:13:47.544651" elapsed="0.003693"/>
</for>
<status status="PASS" start="2024-06-12T14:13:47.437561" elapsed="0.110927"/>
</kw>
<doc>Testa a estrutura da resposta da API.</doc>
<tag>testeEstruturaResposta</tag>
<status status="PASS" start="2024-06-12T14:13:47.436743" elapsed="0.111907"/>
</test>
<test id="s1-s1-t4" name="Validar tipos de dados" line="28">
<kw name="Teste de Tipos de Dados" owner="random-user-service">
<kw name="GET On Session" owner="RequestsLibrary">
<msg time="2024-06-12T14:13:47.653701" level="INFO">GET Request : url=https://randomuser.me/api 
 path_url=/api 
 headers={'User-Agent': 'python-requests/2.32.3', 'Accept-Encoding': 'gzip, deflate', 'Accept': '*/*', 'Connection': 'keep-alive'} 
 body=None 
 </msg>
<msg time="2024-06-12T14:13:47.653777" level="INFO">GET Response : url=https://randomuser.me/api 
 status=200, reason=OK 
 headers={'Date': 'Wed, 12 Jun 2024 14:13:47 GMT', 'Content-Type': 'application/json; charset=utf-8', 'Transfer-Encoding': 'chunked', 'Connection': 'keep-alive', 'X-Powered-By': 'Express', 'Access-Control-Allow-Origin': '*', 'Cache-Control': 'no-cache', 'ETag': 'W/"48f-gHksoZLAhpM1QyeI/G9B0igegkY"', 'Vary': 'Accept-Encoding', 'Content-Encoding': 'gzip', 'CF-Cache-Status': 'DYNAMIC', 'Report-To': '{"endpoints":[{"url":"https:\\/\\/a.nel.cloudflare.com\\/report\\/v4?s=lo5GxJ1msrJPdWeeCV3EoLDNKzhzEwz%2F2IJTH8CqXyennPSG50u%2Ff01xrBsIA2Ub0s8r5vm44QMTqtgxnwVj8qezW7UIR8YiVdXtTJfZxwg4vV1utRYJADeON7WmUHRD"}],"group":"cf-nel","max_age":604800}', 'NEL': '{"success_fraction":0,"report_to":"cf-nel","max_age":604800}', 'Server': 'cloudflare', 'CF-RAY': '892a718c3e07115c-ORD', 'alt-svc': 'h3=":443"; ma=86400'} 
 body={"results":[{"gender":"male","name":{"title":"Mr","first":"Charly","last":"Jean"},"location":{"street":{"number":1398,"name":"Rue Desaix"},"city":"Marseille","state":"Jura","country":"France","postcode":86532,"coordinates":{"latitude":"-21.1985","longitude":"-118.8501"},"timezone":{"offset":"+1:00","description":"Brussels, Copenhagen, Madrid, Paris"}},"email":"charly.jean@example.com","login":{"uuid":"2772b78d-9fdb-448a-9baa-c14604e09176","username":"purplemouse802","password":"return","salt":"M9ZRrIP2","md5":"56a67188f91385b601fcdc6836240c70","sha1":"82261853741a873b2697f281ff9facc25f03c85e","sha256":"e6af02331f4220d38264e4477cb18e52b808158bd318ff82b3f8c86546b22924"},"dob":{"date":"1948-07-05T08:26:48.339Z","age":75},"registered":{"date":"2008-03-21T02:59:11.362Z","age":16},"phone":"01-29-05-04-40","cell":"06-66-41-32-87","id":{"name":"INSEE","value":"1480641386847 68"},"picture":{"large":"https://randomuser.me/api/portraits/men/40.jpg","medium":"https://randomuser.me/api/portraits/med/men/40.jpg","thumbnail":"https://randomuser.me/api/portraits/thumb/men/40.jpg"},"nat":"FR"}],"info":{"seed":"ca08d1a513378647","results":1,"page":1,"version":"1.4"}} 
 </msg>
<msg time="2024-06-12T14:13:47.653839" level="INFO">/opt/hostedtoolcache/Python/3.12.3/x64/lib/python3.12/site-packages/urllib3/connectionpool.py:1103: InsecureRequestWarning: Unverified HTTPS request is being made to host 'randomuser.me'. Adding certificate verification is strongly advised. See: https://urllib3.readthedocs.io/en/latest/advanced-usage.html#tls-warnings
  warnings.warn(</msg>
<msg time="2024-06-12T14:13:47.653935" level="INFO">${response} = &lt;Response [200]&gt;</msg>
<var>${response}</var>
<arg>consultarAPI</arg>
<arg>/api</arg>
<doc>Sends a GET request on a previously created HTTP Session.</doc>
<status status="PASS" start="2024-06-12T14:13:47.551284" elapsed="0.102693"/>
</kw>
<kw name="Set Variable" owner="BuiltIn">
<msg time="2024-06-12T14:13:47.655052" level="INFO">${json_data} = {'results': [{'gender': 'male', 'name': {'title': 'Mr', 'first': 'Charly', 'last': 'Jean'}, 'location': {'street': {'number': 1398, 'name': 'Rue Desaix'}, 'city': 'Marseille', 'state': 'Jura', 'countr...</msg>
<var>${json_data}</var>
<arg>${response.json()}</arg>
<doc>Returns the given values which can then be assigned to a variables.</doc>
<status status="PASS" start="2024-06-12T14:13:47.654491" elapsed="0.000590"/>
</kw>
<kw name="Log" owner="BuiltIn">
<msg time="2024-06-12T14:13:47.655547" level="INFO">{'results': [{'gender': 'male', 'name': {'title': 'Mr', 'first': 'Charly', 'last': 'Jean'}, 'location': {'street': {'number': 1398, 'name': 'Rue Desaix'}, 'city': 'Marseille', 'state': 'Jura', 'country': 'France', 'postcode': 86532, 'coordinates': {'latitude': '-21.1985', 'longitude': '-118.8501'}, 'timezone': {'offset': '+1:00', 'description': 'Brussels, Copenhagen, Madrid, Paris'}}, 'email': 'charly.jean@example.com', 'login': {'uuid': '2772b78d-9fdb-448a-9baa-c14604e09176', 'username': 'purplemouse802', 'password': 'return', 'salt': 'M9ZRrIP2', 'md5': '56a67188f91385b601fcdc6836240c70', 'sha1': '82261853741a873b2697f281ff9facc25f03c85e', 'sha256': 'e6af02331f4220d38264e4477cb18e52b808158bd318ff82b3f8c86546b22924'}, 'dob': {'date': '1948-07-05T08:26:48.339Z', 'age': 75}, 'registered': {'date': '2008-03-21T02:59:11.362Z', 'age': 16}, 'phone': '01-29-05-04-40', 'cell': '06-66-41-32-87', 'id': {'name': 'INSEE', 'value': '1480641386847 68'}, 'picture': {'large': 'https://randomuser.me/api/portraits/men/40.jpg', 'medium': 'https://randomuser.me/api/portraits/med/men/40.jpg', 'thumbnail': 'https://randomuser.me/api/portraits/thumb/men/40.jpg'}, 'nat': 'FR'}], 'info': {'seed': 'ca08d1a513378647', 'results': 1, 'page': 1, 'version': '1.4'}}</msg>
<arg>${json_data}</arg>
<doc>Logs the given message with the given level.</doc>
<status status="PASS" start="2024-06-12T14:13:47.655391" elapsed="0.000204"/>
</kw>
<kw name="Should Be String" owner="String">
<arg>${json_data['results'][0]['gender']}</arg>
<doc>Fails if the given ``item`` is not a string.</doc>
<status status="PASS" start="2024-06-12T14:13:47.655892" elapsed="0.000452"/>
</kw>
<kw name="Should Match Regexp" owner="BuiltIn">
<arg>${json_data['results'][0]['email']}</arg>
<arg>^[a-zA-Z0-9._%+-]+@[a-zA-Z0-9.-]+\.[a-zA-Z]{2,}$</arg>
<doc>Fails if ``string`` does not match ``pattern`` as a regular expression.</doc>
<status status="PASS" start="2024-06-12T14:13:47.656542" elapsed="0.000517"/>
</kw>
<kw name="Should Match Regexp" owner="BuiltIn">
<arg>${json_data['results'][0]['dob']['date']}</arg>
<arg>\\d{4}-\\d{2}-\\d{2}T\\d{2}:\\d{2}:\\d{2}\\.\\d{3}Z</arg>
<doc>Fails if ``string`` does not match ``pattern`` as a regular expression.</doc>
<status status="PASS" start="2024-06-12T14:13:47.657254" elapsed="0.000487"/>
</kw>
<kw name="Should Match Regexp" owner="BuiltIn">
<arg>${json_data['results'][0]['registered']['date']}</arg>
<arg>\\d{4}-\\d{2}-\\d{2}T\\d{2}:\\d{2}:\\d{2}\\.\\d{3}Z</arg>
<doc>Fails if ``string`` does not match ``pattern`` as a regular expression.</doc>
<status status="PASS" start="2024-06-12T14:13:47.657936" elapsed="0.000369"/>
</kw>
<kw name="Should Match Regexp" owner="BuiltIn">
<arg>${json_data['results'][0]['picture']['large']}</arg>
<arg>^https?://.*\.(?:png|jpe?g|gif|bmp)$</arg>
<doc>Fails if ``string`` does not match ``pattern`` as a regular expression.</doc>
<status status="PASS" start="2024-06-12T14:13:47.658487" elapsed="0.000456"/>
</kw>
<kw name="Should Match Regexp" owner="BuiltIn">
<arg>${json_data['results'][0]['picture']['medium']}</arg>
<arg>^https?://.*\.(?:png|jpe?g|gif|bmp)$</arg>
<doc>Fails if ``string`` does not match ``pattern`` as a regular expression.</doc>
<status status="PASS" start="2024-06-12T14:13:47.659144" elapsed="0.000349"/>
</kw>
<kw name="Should Match Regexp" owner="BuiltIn">
<arg>${json_data['results'][0]['picture']['thumbnail']}</arg>
<arg>^https?://.*\.(?:png|jpe?g|gif|bmp)$</arg>
<doc>Fails if ``string`` does not match ``pattern`` as a regular expression.</doc>
<status status="PASS" start="2024-06-12T14:13:47.659691" elapsed="0.000352"/>
</kw>
<kw name="Log" owner="BuiltIn">
<msg time="2024-06-12T14:13:47.660600" level="INFO">{'large': 'https://randomuser.me/api/portraits/men/40.jpg', 'medium': 'https://randomuser.me/api/portraits/med/men/40.jpg', 'thumbnail': 'https://randomuser.me/api/portraits/thumb/men/40.jpg'}</msg>
<arg>${json_data['results'][0]['picture']}</arg>
<doc>Logs the given message with the given level.</doc>
<status status="PASS" start="2024-06-12T14:13:47.660262" elapsed="0.000381"/>
</kw>
<status status="PASS" start="2024-06-12T14:13:47.551049" elapsed="0.109848"/>
</kw>
<kw name="Teste de Tipos de Dados - Postcode" owner="random-user-service">
<kw name="GET On Session" owner="RequestsLibrary">
<msg time="2024-06-12T14:13:47.760342" level="INFO">GET Request : url=https://randomuser.me/api 
 path_url=/api 
 headers={'User-Agent': 'python-requests/2.32.3', 'Accept-Encoding': 'gzip, deflate', 'Accept': '*/*', 'Connection': 'keep-alive'} 
 body=None 
 </msg>
<msg time="2024-06-12T14:13:47.760451" level="INFO">GET Response : url=https://randomuser.me/api 
 status=200, reason=OK 
 headers={'Date': 'Wed, 12 Jun 2024 14:13:47 GMT', 'Content-Type': 'application/json; charset=utf-8', 'Transfer-Encoding': 'chunked', 'Connection': 'keep-alive', 'X-Powered-By': 'Express', 'Access-Control-Allow-Origin': '*', 'Cache-Control': 'no-cache', 'ETag': 'W/"496-SguKpl+8eyhHyhPQHt1p836hPAg"', 'Vary': 'Accept-Encoding', 'Content-Encoding': 'gzip', 'CF-Cache-Status': 'DYNAMIC', 'Report-To': '{"endpoints":[{"url":"https:\\/\\/a.nel.cloudflare.com\\/report\\/v4?s=bBMkLTmIazfNvmV%2FwxGWIRb2aZwQEBOZ6nRE1Yhf9Xsd6ZMRn8lvXft%2FrGYJzl8z1Nldk4KmWlB%2BAQq4I7lyXh0VtnxIfNCvI0wfhEROes%2FHn4iygXkK6pWHVjYLyCS5"}],"group":"cf-nel","max_age":604800}', 'NEL': '{"success_fraction":0,"report_to":"cf-nel","max_age":604800}', 'Server': 'cloudflare', 'CF-RAY': '892a718ceef5115c-ORD', 'alt-svc': 'h3=":443"; ma=86400'} 
 body={"results":[{"gender":"male","name":{"title":"Mr","first":"Sadraque","last":"Almeida"},"location":{"street":{"number":5938,"name":"Rua Quatro"},"city":"Maricá","state":"Sergipe","country":"Brazil","postcode":90659,"coordinates":{"latitude":"-77.4764","longitude":"-39.5818"},"timezone":{"offset":"+9:00","description":"Tokyo, Seoul, Osaka, Sapporo, Yakutsk"}},"email":"sadraque.almeida@example.com","login":{"uuid":"d0e988ee-770e-47bc-94fe-bd78151b2f5d","username":"whiteswan741","password":"doubled","salt":"CEc3DRY3","md5":"b4f251e8ea7890b3f7b4572a9b5efb7c","sha1":"38181c1a5c528796dafb59628d619825a90106a9","sha256":"8deefcb6976ee25028b13b9afd87bc84cebf0990459d03dbf83878ba7a6258e8"},"dob":{"date":"1992-12-07T15:27:45.373Z","age":31},"registered":{"date":"2011-10-25T03:33:38.930Z","age":12},"phone":"(13) 1619-3811","cell":"(30) 9938-6624","id":{"name":"CPF","value":"692.078.262-68"},"picture":{"large":"https://randomuser.me/api/portraits/men/53.jpg","medium":"https://randomuser.me/api/portraits/med/men/53.jpg","thumbnail":"https://randomuser.me/api/portraits/thumb/men/53.jpg"},"nat":"BR"}],"info":{"seed":"afb87962af61f73e","results":1,"page":1,"version":"1.4"}} 
 </msg>
<msg time="2024-06-12T14:13:47.760551" level="INFO">/opt/hostedtoolcache/Python/3.12.3/x64/lib/python3.12/site-packages/urllib3/connectionpool.py:1103: InsecureRequestWarning: Unverified HTTPS request is being made to host 'randomuser.me'. Adding certificate verification is strongly advised. See: https://urllib3.readthedocs.io/en/latest/advanced-usage.html#tls-warnings
  warnings.warn(</msg>
<msg time="2024-06-12T14:13:47.760685" level="INFO">${response} = &lt;Response [200]&gt;</msg>
<var>${response}</var>
<arg>consultarAPI</arg>
<arg>/api</arg>
<doc>Sends a GET request on a previously created HTTP Session.</doc>
<status status="PASS" start="2024-06-12T14:13:47.661355" elapsed="0.099380"/>
</kw>
<kw name="Set Variable" owner="BuiltIn">
<msg time="2024-06-12T14:13:47.761853" level="INFO">${json_data} = {'results': [{'gender': 'male', 'name': {'title': 'Mr', 'first': 'Sadraque', 'last': 'Almeida'}, 'location': {'street': {'number': 5938, 'name': 'Rua Quatro'}, 'city': 'Maricá', 'state': 'Sergipe', 'c...</msg>
<var>${json_data}</var>
<arg>${response.json()}</arg>
<doc>Returns the given values which can then be assigned to a variables.</doc>
<status status="PASS" start="2024-06-12T14:13:47.761303" elapsed="0.000580"/>
</kw>
<kw name="Log" owner="BuiltIn">
<msg time="2024-06-12T14:13:47.762356" level="INFO">{'results': [{'gender': 'male', 'name': {'title': 'Mr', 'first': 'Sadraque', 'last': 'Almeida'}, 'location': {'street': {'number': 5938, 'name': 'Rua Quatro'}, 'city': 'Maricá', 'state': 'Sergipe', 'country': 'Brazil', 'postcode': 90659, 'coordinates': {'latitude': '-77.4764', 'longitude': '-39.5818'}, 'timezone': {'offset': '+9:00', 'description': 'Tokyo, Seoul, Osaka, Sapporo, Yakutsk'}}, 'email': 'sadraque.almeida@example.com', 'login': {'uuid': 'd0e988ee-770e-47bc-94fe-bd78151b2f5d', 'username': 'whiteswan741', 'password': 'doubled', 'salt': 'CEc3DRY3', 'md5': 'b4f251e8ea7890b3f7b4572a9b5efb7c', 'sha1': '38181c1a5c528796dafb59628d619825a90106a9', 'sha256': '8deefcb6976ee25028b13b9afd87bc84cebf0990459d03dbf83878ba7a6258e8'}, 'dob': {'date': '1992-12-07T15:27:45.373Z', 'age': 31}, 'registered': {'date': '2011-10-25T03:33:38.930Z', 'age': 12}, 'phone': '(13) 1619-3811', 'cell': '(30) 9938-6624', 'id': {'name': 'CPF', 'value': '692.078.262-68'}, 'picture': {'large': 'https://randomuser.me/api/portraits/men/53.jpg', 'medium': 'https://randomuser.me/api/portraits/med/men/53.jpg', 'thumbnail': 'https://randomuser.me/api/portraits/thumb/men/53.jpg'}, 'nat': 'BR'}], 'info': {'seed': 'afb87962af61f73e', 'results': 1, 'page': 1, 'version': '1.4'}}</msg>
<arg>${json_data}</arg>
<doc>Logs the given message with the given level.</doc>
<status status="PASS" start="2024-06-12T14:13:47.762194" elapsed="0.000213"/>
</kw>
<kw name="Should Be Equal As Numbers" owner="BuiltIn">
<arg>${json_data['results'][0]['location']['postcode']}</arg>
<arg>${json_data['results'][0]['location']['postcode']}</arg>
<doc>Fails if objects are unequal after converting them to real numbers.</doc>
<status status="PASS" start="2024-06-12T14:13:47.762705" elapsed="0.000625"/>
</kw>
<kw name="Log" owner="BuiltIn">
<msg time="2024-06-12T14:13:47.763895" level="INFO">90659</msg>
<arg>${json_data['results'][0]['location']['postcode']}</arg>
<doc>Logs the given message with the given level.</doc>
<status status="PASS" start="2024-06-12T14:13:47.763557" elapsed="0.000378"/>
</kw>
<status status="PASS" start="2024-06-12T14:13:47.661119" elapsed="0.103101"/>
</kw>
<doc>Testa se os tipos de dados na resposta da API estão corretos.</doc>
<tag>testeTiposDados</tag>
<status status="PASS" start="2024-06-12T14:13:47.550514" elapsed="0.213891"/>
</test>
<test id="s1-s1-t5" name="Validar conteudo" line="35">
<kw name="Teste de Tipos de Conteudo" owner="random-user-service">
<kw name="GET On Session" owner="RequestsLibrary">
<msg time="2024-06-12T14:13:47.838181" level="INFO">GET Request : url=https://randomuser.me/api 
 path_url=/api 
 headers={'User-Agent': 'python-requests/2.32.3', 'Accept-Encoding': 'gzip, deflate', 'Accept': '*/*', 'Connection': 'keep-alive'} 
 body=None 
 </msg>
<msg time="2024-06-12T14:13:47.838263" level="INFO">GET Response : url=https://randomuser.me/api 
 status=200, reason=OK 
 headers={'Date': 'Wed, 12 Jun 2024 14:13:47 GMT', 'Content-Type': 'application/json; charset=utf-8', 'Transfer-Encoding': 'chunked', 'Connection': 'keep-alive', 'X-Powered-By': 'Express', 'Access-Control-Allow-Origin': '*', 'Cache-Control': 'no-cache', 'ETag': 'W/"495-PQ9VtKvptN4o08n02zaRN1uJjzU"', 'Vary': 'Accept-Encoding', 'Content-Encoding': 'gzip', 'CF-Cache-Status': 'DYNAMIC', 'Report-To': '{"endpoints":[{"url":"https:\\/\\/a.nel.cloudflare.com\\/report\\/v4?s=FipSjkQnizYKmZ%2BsTlGpQxRDzkLVlkCgXfMWgGKeh3whDqRTzKhWPyOqZelQgo%2BHD2Gv2DVSM8W4VjcndpgnxFpivgtxYk9eA4Q%2BukiNZlmFjdxdUPGbC%2FLC8%2FIb53NJ"}],"group":"cf-nel","max_age":604800}', 'NEL': '{"success_fraction":0,"report_to":"cf-nel","max_age":604800}', 'Server': 'cloudflare', 'CF-RAY': '892a718d8818115c-ORD', 'alt-svc': 'h3=":443"; ma=86400'} 
 body={"results":[{"gender":"female","name":{"title":"Miss","first":"Néia","last":"Santos"},"location":{"street":{"number":9593,"name":"Rua Pará "},"city":"Catanduva","state":"Distrito Federal","country":"Brazil","postcode":53018,"coordinates":{"latitude":"-76.5278","longitude":"81.2751"},"timezone":{"offset":"-12:00","description":"Eniwetok, Kwajalein"}},"email":"neia.santos@example.com","login":{"uuid":"be30f733-775b-495d-bc78-9311ab6f5691","username":"orangemeercat308","password":"isabelle","salt":"CwTJw3nX","md5":"83826d01b60ba606c15f5f976aabb489","sha1":"595fc51c06e33068fdba8c861e3c752e56c7164c","sha256":"b236a857c26436acaf0634a60c2294313e6f895a34c25820753c906c3635758f"},"dob":{"date":"1948-10-23T01:18:41.541Z","age":75},"registered":{"date":"2004-09-17T12:06:36.972Z","age":19},"phone":"(63) 9346-1755","cell":"(35) 8999-1787","id":{"name":"CPF","value":"042.170.355-75"},"picture":{"large":"https://randomuser.me/api/portraits/women/61.jpg","medium":"https://randomuser.me/api/portraits/med/women/61.jpg","thumbnail":"https://randomuser.me/api/portraits/thumb/women/61.jpg"},"nat":"BR"}],"info":{"seed":"8fcf8b34b1eaf459","results":1,"page":1,"version":"1.4"}} 
 </msg>
<msg time="2024-06-12T14:13:47.838337" level="INFO">/opt/hostedtoolcache/Python/3.12.3/x64/lib/python3.12/site-packages/urllib3/connectionpool.py:1103: InsecureRequestWarning: Unverified HTTPS request is being made to host 'randomuser.me'. Adding certificate verification is strongly advised. See: https://urllib3.readthedocs.io/en/latest/advanced-usage.html#tls-warnings
  warnings.warn(</msg>
<msg time="2024-06-12T14:13:47.838444" level="INFO">${response} = &lt;Response [200]&gt;</msg>
<var>${response}</var>
<arg>consultarAPI</arg>
<arg>/api</arg>
<doc>Sends a GET request on a previously created HTTP Session.</doc>
<status status="PASS" start="2024-06-12T14:13:47.767701" elapsed="0.070780"/>
</kw>
<kw name="Set Variable" owner="BuiltIn">
<msg time="2024-06-12T14:13:47.839435" level="INFO">${json_data} = {'results': [{'gender': 'female', 'name': {'title': 'Miss', 'first': 'Néia', 'last': 'Santos'}, 'location': {'street': {'number': 9593, 'name': 'Rua Pará '}, 'city': 'Catanduva', 'state': 'Distrito Fe...</msg>
<var>${json_data}</var>
<arg>${response.json()}</arg>
<doc>Returns the given values which can then be assigned to a variables.</doc>
<status status="PASS" start="2024-06-12T14:13:47.838959" elapsed="0.000506"/>
</kw>
<kw name="Set Variable" owner="BuiltIn">
<msg time="2024-06-12T14:13:47.840201" level="INFO">${name_title} = Miss</msg>
<var>${name_title}</var>
<arg>${json_data["results"][0]["name"]["title"]}</arg>
<doc>Returns the given values which can then be assigned to a variables.</doc>
<status status="PASS" start="2024-06-12T14:13:47.839778" elapsed="0.000454"/>
</kw>
<kw name="Create List" owner="BuiltIn">
<msg time="2024-06-12T14:13:47.840697" level="INFO">${allowed_titles} = ['Mr', 'Ms', 'Miss', 'Mrs', 'Madame', 'Monsieur']</msg>
<var>${allowed_titles}</var>
<arg>Mr</arg>
<arg>Ms</arg>
<arg>Miss</arg>
<arg>Mrs</arg>
<arg>Madame</arg>
<arg>Monsieur</arg>
<doc>Returns a list containing given items.</doc>
<status status="PASS" start="2024-06-12T14:13:47.840545" elapsed="0.000176"/>
</kw>
<kw name="List Should Contain Value" owner="Collections">
<arg>${allowed_titles}</arg>
<arg>${name_title}</arg>
<doc>Fails if the ``value`` is not found from ``list``.</doc>
<status status="PASS" start="2024-06-12T14:13:47.841024" elapsed="0.000184"/>
</kw>
<kw name="Set Variable" owner="BuiltIn">
<msg time="2024-06-12T14:13:47.841768" level="INFO">${name_country} = BR</msg>
<var>${name_country}</var>
<arg>${json_data["results"][0]["nat"]}</arg>
<doc>Returns the given values which can then be assigned to a variables.</doc>
<status status="PASS" start="2024-06-12T14:13:47.841396" elapsed="0.000397"/>
</kw>
<kw name="Create List" owner="BuiltIn">
<msg time="2024-06-12T14:13:47.842691" level="INFO">${list_country} = ['AD', 'AE', 'AF', 'AG', 'AI', 'AL', 'AM', 'AO', 'AQ', 'AR', 'AS', 'AT', 'AU', 'AW', 'AX', 'AZ', 'BA', 'BB', 'BD', 'BE', 'BF', 'BG', 'BH', 'BI', 'BJ', 'BL', 'BM', 'BN', 'BO', 'BQ', 'BR', 'BS', 'BT', '...</msg>
<var>${list_country}</var>
<arg>AD</arg>
<arg>AE</arg>
<arg>AF</arg>
<arg>AG</arg>
<arg>AI</arg>
<arg>AL</arg>
<arg>AM</arg>
<arg>AO</arg>
<arg>AQ</arg>
<arg>AR</arg>
<arg>AS</arg>
<arg>AT</arg>
<arg>AU</arg>
<arg>AW</arg>
<arg>AX</arg>
<arg>AZ</arg>
<arg>BA</arg>
<arg>BB</arg>
<arg>BD</arg>
<arg>BE</arg>
<arg>BF</arg>
<arg>BG</arg>
<arg>BH</arg>
<arg>BI</arg>
<arg>BJ</arg>
<arg>BL</arg>
<arg>BM</arg>
<arg>BN</arg>
<arg>BO</arg>
<arg>BQ</arg>
<arg>BR</arg>
<arg>BS</arg>
<arg>BT</arg>
<arg>BV</arg>
<arg>BW</arg>
<arg>BY</arg>
<arg>BZ</arg>
<arg>CA</arg>
<arg>CC</arg>
<arg>CD</arg>
<arg>CF</arg>
<arg>CG</arg>
<arg>CH</arg>
<arg>CI</arg>
<arg>CK</arg>
<arg>CL</arg>
<arg>CM</arg>
<arg>CN</arg>
<arg>CO</arg>
<arg>CR</arg>
<arg>CU</arg>
<arg>CV</arg>
<arg>CW</arg>
<arg>CX</arg>
<arg>CY</arg>
<arg>CZ</arg>
<arg>DE</arg>
<arg>DJ</arg>
<arg>DK</arg>
<arg>DM</arg>
<arg>DO</arg>
<arg>DZ</arg>
<arg>EC</arg>
<arg>EE</arg>
<arg>EG</arg>
<arg>EH</arg>
<arg>ER</arg>
<arg>ES</arg>
<arg>ET</arg>
<arg>FI</arg>
<arg>FJ</arg>
<arg>FK</arg>
<arg>FM</arg>
<arg>FO</arg>
<arg>FR</arg>
<arg>GA</arg>
<arg>GB</arg>
<arg>GD</arg>
<arg>GE</arg>
<arg>GF</arg>
<arg>GG</arg>
<arg>GH</arg>
<arg>GI</arg>
<arg>GL</arg>
<arg>GM</arg>
<arg>GN</arg>
<arg>GP</arg>
<arg>GQ</arg>
<arg>GR</arg>
<arg>GS</arg>
<arg>GT</arg>
<arg>GU</arg>
<arg>GW</arg>
<arg>GY</arg>
<arg>HK</arg>
<arg>HM</arg>
<arg>HN</arg>
<arg>HR</arg>
<arg>HT</arg>
<arg>HU</arg>
<arg>ID</arg>
<arg>IE</arg>
<arg>IL</arg>
<arg>IM</arg>
<arg>IN</arg>
<arg>IO</arg>
<arg>IQ</arg>
<arg>IR</arg>
<arg>IS</arg>
<arg>IT</arg>
<arg>JE</arg>
<arg>JM</arg>
<arg>JO</arg>
<arg>JP</arg>
<arg>KE</arg>
<arg>KG</arg>
<arg>KH</arg>
<arg>KI</arg>
<arg>KM</arg>
<arg>KN</arg>
<arg>KP</arg>
<arg>KR</arg>
<arg>KW</arg>
<arg>KY</arg>
<arg>KZ</arg>
<arg>LA</arg>
<arg>LB</arg>
<arg>LC</arg>
<arg>LI</arg>
<arg>LK</arg>
<arg>LR</arg>
<arg>LS</arg>
<arg>LT</arg>
<arg>LU</arg>
<arg>LV</arg>
<arg>LY</arg>
<arg>MA</arg>
<arg>MC</arg>
<arg>MD</arg>
<arg>ME</arg>
<arg>MF</arg>
<arg>MG</arg>
<arg>MH</arg>
<arg>MK</arg>
<arg>ML</arg>
<arg>MM</arg>
<arg>MN</arg>
<arg>MO</arg>
<arg>MP</arg>
<arg>MQ</arg>
<arg>MR</arg>
<arg>MS</arg>
<arg>MT</arg>
<arg>MU</arg>
<arg>MV</arg>
<arg>MW</arg>
<arg>MX</arg>
<arg>MY</arg>
<arg>MZ</arg>
<arg>NA</arg>
<arg>NC</arg>
<arg>NE</arg>
<arg>NF</arg>
<arg>NG</arg>
<arg>NI</arg>
<arg>NL</arg>
<arg>NO</arg>
<arg>NP</arg>
<arg>NR</arg>
<arg>NU</arg>
<arg>NZ</arg>
<arg>OM</arg>
<arg>PA</arg>
<arg>PE</arg>
<arg>PF</arg>
<arg>PG</arg>
<arg>PH</arg>
<arg>PK</arg>
<arg>PL</arg>
<arg>PM</arg>
<arg>PN</arg>
<arg>PR</arg>
<arg>PS</arg>
<arg>PT</arg>
<arg>PW</arg>
<arg>PY</arg>
<arg>QA</arg>
<arg>RE</arg>
<arg>RO</arg>
<arg>RS</arg>
<arg>RU</arg>
<arg>RW</arg>
<arg>SA</arg>
<arg>SB</arg>
<arg>SC</arg>
<arg>SD</arg>
<arg>SE</arg>
<arg>SG</arg>
<arg>SH</arg>
<arg>SI</arg>
<arg>SJ</arg>
<arg>SK</arg>
<arg>SL</arg>
<arg>SM</arg>
<arg>SN</arg>
<arg>SO</arg>
<arg>SR</arg>
<arg>SS</arg>
<arg>ST</arg>
<arg>SV</arg>
<arg>SX</arg>
<arg>SY</arg>
<arg>SZ</arg>
<arg>TC</arg>
<arg>TD</arg>
<arg>TF</arg>
<arg>TG</arg>
<arg>TH</arg>
<arg>TJ</arg>
<arg>TK</arg>
<arg>TL</arg>
<arg>TM</arg>
<arg>TN</arg>
<arg>TO</arg>
<arg>TR</arg>
<arg>TT</arg>
<arg>TV</arg>
<arg>TW</arg>
<arg>TZ</arg>
<arg>UA</arg>
<arg>UG</arg>
<arg>UM</arg>
<arg>US</arg>
<arg>UY</arg>
<arg>UZ</arg>
<arg>VA</arg>
<arg>VC</arg>
<arg>VE</arg>
<arg>VG</arg>
<arg>VI</arg>
<arg>VN</arg>
<arg>VU</arg>
<arg>WF</arg>
<arg>WS</arg>
<arg>XK</arg>
<arg>YE</arg>
<arg>YT</arg>
<arg>ZA</arg>
<arg>ZM</arg>
<arg>ZW</arg>
<doc>Returns a list containing given items.</doc>
<status status="PASS" start="2024-06-12T14:13:47.842091" elapsed="0.000625"/>
</kw>
<kw name="List Should Contain Value" owner="Collections">
<arg>${list_country}</arg>
<arg>${name_country}</arg>
<doc>Fails if the ``value`` is not found from ``list``.</doc>
<status status="PASS" start="2024-06-12T14:13:47.843509" elapsed="0.000205"/>
</kw>
<kw name="Run Keyword If" owner="BuiltIn">
<kw name="Should Be True" owner="BuiltIn">
<arg>${True}</arg>
<doc>Fails if the given condition is not true.</doc>
<status status="PASS" start="2024-06-12T14:13:47.844817" elapsed="0.000142"/>
</kw>
<arg>${json_data["results"][0]["location"]["coordinates"]["latitude"]} &gt;= -90 and ${json_data["results"][0]["location"]["coordinates"]["latitude"]} &lt;= 90</arg>
<arg>Should Be True</arg>
<arg>${True}</arg>
<doc>Runs the given keyword with the given arguments, if ``condition`` is true.</doc>
<status status="PASS" start="2024-06-12T14:13:47.843912" elapsed="0.001175"/>
</kw>
<kw name="Run Keyword If" owner="BuiltIn">
<kw name="Should Be True" owner="BuiltIn">
<arg>${True}</arg>
<doc>Fails if the given condition is not true.</doc>
<status status="PASS" start="2024-06-12T14:13:47.845970" elapsed="0.000138"/>
</kw>
<arg>${json_data["results"][0]["location"]["coordinates"]["longitude"]} &gt;= -180 and ${json_data["results"][0]["location"]["coordinates"]["longitude"]} &lt;= 180</arg>
<arg>Should Be True</arg>
<arg>${True}</arg>
<doc>Runs the given keyword with the given arguments, if ``condition`` is true.</doc>
<status status="PASS" start="2024-06-12T14:13:47.845280" elapsed="0.000950"/>
</kw>
<status status="PASS" start="2024-06-12T14:13:47.767331" elapsed="0.079026"/>
</kw>
<doc>Testa o conteúdo específico dos campos retornados pela API.</doc>
<tag>testeConteudo</tag>
<status status="PASS" start="2024-06-12T14:13:47.766621" elapsed="0.079883"/>
</test>
<status status="PASS" start="2024-06-12T14:13:46.994782" elapsed="0.853643"/>
</suite>
<status status="PASS" start="2024-06-12T14:13:46.981308" elapsed="0.872195"/>
</suite>
<statistics>
<total>
<stat pass="5" fail="0" skip="0">All Tests</stat>
</total>
<tag>
<stat pass="1" fail="0" skip="0">testeConteudo</stat>
<stat pass="1" fail="0" skip="0">testeEstruturaResposta</stat>
<stat pass="1" fail="0" skip="0">testeRequisicaoBasica</stat>
<stat pass="1" fail="0" skip="0">testeTiposDados</stat>
</tag>
<suite>
<stat pass="5" fail="0" skip="0" id="s1" name="Tests">Tests</stat>
<stat pass="5" fail="0" skip="0" id="s1-s1" name="Random-User-Test">Tests.Random-User-Test</stat>
</suite>
</statistics>
<errors>
</errors>
</robot>
