<?xml version="1.0" encoding="UTF-8"?>
<robot generator="Robot 7.0 (Python 3.12.3 on linux)" generated="2024-05-06T23:14:02.405449" rpa="false" schemaversion="5">
<suite id="s1" name="Tests" source="/home/runner/work/DesafioQAItauRogerioJordao/DesafioQAItauRogerioJordao/RamdonUser/tests">
<suite id="s1-s1" name="Random-User-Test" source="/home/runner/work/DesafioQAItauRogerioJordao/DesafioQAItauRogerioJordao/RamdonUser/tests/random-user-test.robot">
<test id="s1-s1-t1" name="Conectar" line="13">
<kw name="Conectar API" owner="random-user-service">
<kw name="Create Session" owner="RequestsLibrary">
<msg time="2024-05-06T23:14:02.768484" level="INFO">Creating Session using : alias=consultarAPI, url=https://randomuser.me/, headers={},                     cookies={}, auth=None, timeout=None, proxies=None, verify=False,                     debug=0 </msg>
<arg>consultarAPI</arg>
<arg>${URL}</arg>
<doc>Create Session: create a HTTP session to a server</doc>
<status status="PASS" start="2024-05-06T23:14:02.768271" elapsed="0.000405"/>
</kw>
<status status="PASS" start="2024-05-06T23:14:02.767035" elapsed="0.002005"/>
</kw>
<status status="PASS" start="2024-05-06T23:14:02.766413" elapsed="0.002815"/>
</test>
<test id="s1-s1-t2" name="Validar retorno 200 e JSON Válido" line="16">
<kw name="Teste de Requisicao Basica" owner="random-user-service">
<kw name="GET On Session" owner="RequestsLibrary">
<msg time="2024-05-06T23:14:03.308482" level="INFO">GET Request : url=https://randomuser.me/api 
 path_url=/api 
 headers={'User-Agent': 'python-requests/2.31.0', 'Accept-Encoding': 'gzip, deflate', 'Accept': '*/*', 'Connection': 'keep-alive'} 
 body=None 
 </msg>
<msg time="2024-05-06T23:14:03.308631" level="INFO">GET Response : url=https://randomuser.me/api 
 status=200, reason=OK 
 headers={'Date': 'Mon, 06 May 2024 23:14:03 GMT', 'Content-Type': 'application/json; charset=utf-8', 'Transfer-Encoding': 'chunked', 'Connection': 'keep-alive', 'X-Powered-By': 'Express', 'Access-Control-Allow-Origin': '*', 'Cache-Control': 'no-cache', 'ETag': 'W/"495-ToVGBtEZKgCGsZv0lcFLHSt92AM"', 'Vary': 'Accept-Encoding', 'Content-Encoding': 'gzip', 'CF-Cache-Status': 'DYNAMIC', 'Report-To': '{"endpoints":[{"url":"https:\\/\\/a.nel.cloudflare.com\\/report\\/v4?s=RwiIJZAz4rPzMxjpa3OWrMjDF2wT689pCJIi%2BSoV%2BBJU5p0OSiEZBLOApRK2unelp%2Bf6AdiH0q2NEl5oEBzhP2x%2B%2B6l%2F26ZezWkafu93jjFW2s2yv6txLSPHH4vOMvm0"}],"group":"cf-nel","max_age":604800}', 'NEL': '{"success_fraction":0,"report_to":"cf-nel","max_age":604800}', 'Server': 'cloudflare', 'CF-RAY': '87fcaa109dca5b34-IAD', 'alt-svc': 'h3=":443"; ma=86400'} 
 body={"results":[{"gender":"male","name":{"title":"Mr","first":"Bruce","last":"Green"},"location":{"street":{"number":9864,"name":"Karen Dr"},"city":"Port Macquarie","state":"South Australia","country":"Australia","postcode":6308,"coordinates":{"latitude":"-89.7480","longitude":"-140.1366"},"timezone":{"offset":"-6:00","description":"Central Time (US &amp; Canada), Mexico City"}},"email":"bruce.green@example.com","login":{"uuid":"253f6a97-f7c4-4809-bff4-e70fa3f30690","username":"yellowfish920","password":"whynot","salt":"8BXqFaJ9","md5":"dfd7e469aa87998709b317a5e34af894","sha1":"abcccd3058c5e68947d30d5f7c82f663333504b4","sha256":"e5aded6e02052ee9d29e87c7ffc161dc1372018b6b770194e16e4fa006e4668c"},"dob":{"date":"1970-11-26T10:11:00.521Z","age":53},"registered":{"date":"2003-04-01T07:18:57.377Z","age":21},"phone":"06-2910-4504","cell":"0468-685-858","id":{"name":"TFN","value":"390617170"},"picture":{"large":"https://randomuser.me/api/portraits/men/96.jpg","medium":"https://randomuser.me/api/portraits/med/men/96.jpg","thumbnail":"https://randomuser.me/api/portraits/thumb/men/96.jpg"},"nat":"AU"}],"info":{"seed":"1d50560c818e0b52","results":1,"page":1,"version":"1.4"}} 
 </msg>
<msg time="2024-05-06T23:14:03.308716" level="INFO">/opt/hostedtoolcache/Python/3.12.3/x64/lib/python3.12/site-packages/urllib3/connectionpool.py:1103: InsecureRequestWarning: Unverified HTTPS request is being made to host 'randomuser.me'. Adding certificate verification is strongly advised. See: https://urllib3.readthedocs.io/en/latest/advanced-usage.html#tls-warnings
  warnings.warn(</msg>
<msg time="2024-05-06T23:14:03.308868" level="INFO">${response} = &lt;Response [200]&gt;</msg>
<var>${response}</var>
<arg>consultarAPI</arg>
<arg>/api</arg>
<doc>Sends a GET request on a previously created HTTP Session.</doc>
<status status="PASS" start="2024-05-06T23:14:02.771927" elapsed="0.536983"/>
</kw>
<kw name="Should Be Equal As Numbers" owner="BuiltIn">
<msg time="2024-05-06T23:14:03.310116" level="INFO">Argument types are:
&lt;class 'int'&gt;
&lt;class 'str'&gt;</msg>
<arg>${response.status_code}</arg>
<arg>200</arg>
<doc>Fails if objects are unequal after converting them to real numbers.</doc>
<status status="PASS" start="2024-05-06T23:14:03.309587" elapsed="0.000595"/>
</kw>
<kw name="Log" owner="BuiltIn">
<msg time="2024-05-06T23:14:03.310896" level="INFO">200</msg>
<arg>${response.status_code}</arg>
<doc>Logs the given message with the given level.</doc>
<status status="PASS" start="2024-05-06T23:14:03.310525" elapsed="0.000413"/>
</kw>
<kw name="Set Variable" owner="BuiltIn">
<msg time="2024-05-06T23:14:03.311680" level="INFO">${json_data} = {'results': [{'gender': 'male', 'name': {'title': 'Mr', 'first': 'Bruce', 'last': 'Green'}, 'location': {'street': {'number': 9864, 'name': 'Karen Dr'}, 'city': 'Port Macquarie', 'state': 'South Austr...</msg>
<var>${json_data}</var>
<arg>${response.json()}</arg>
<doc>Returns the given values which can then be assigned to a variables.</doc>
<status status="PASS" start="2024-05-06T23:14:03.311247" elapsed="0.000461"/>
</kw>
<kw name="Dictionary Should Contain Key" owner="Collections">
<msg time="2024-05-06T23:14:03.312183" level="INFO">False</msg>
<arg>${json_data}</arg>
<arg>results</arg>
<doc>Fails if ``key`` is not found from ``dictionary``.</doc>
<status status="PASS" start="2024-05-06T23:14:03.312010" elapsed="0.000212"/>
</kw>
<status status="PASS" start="2024-05-06T23:14:02.771685" elapsed="0.540795"/>
</kw>
<doc>Testa se a API responde corretamente e retorna um objeto JSON válido.</doc>
<tag>testeRequisicaoBasica</tag>
<status status="PASS" start="2024-05-06T23:14:02.771160" elapsed="0.541506"/>
</test>
<test id="s1-s1-t3" name="Validar estrutura de resposta" line="22">
<kw name="Teste de Estrutura de Resposta" owner="random-user-service">
<kw name="GET On Session" owner="RequestsLibrary">
<msg time="2024-05-06T23:14:03.400034" level="INFO">GET Request : url=https://randomuser.me/api 
 path_url=/api 
 headers={'User-Agent': 'python-requests/2.31.0', 'Accept-Encoding': 'gzip, deflate', 'Accept': '*/*', 'Connection': 'keep-alive'} 
 body=None 
 </msg>
<msg time="2024-05-06T23:14:03.400144" level="INFO">GET Response : url=https://randomuser.me/api 
 status=200, reason=OK 
 headers={'Date': 'Mon, 06 May 2024 23:14:03 GMT', 'Content-Type': 'application/json; charset=utf-8', 'Transfer-Encoding': 'chunked', 'Connection': 'keep-alive', 'X-Powered-By': 'Express', 'Access-Control-Allow-Origin': '*', 'Cache-Control': 'no-cache', 'ETag': 'W/"49c-HuiKkMs3U5vHQRTSp3l5Voo+/Vw"', 'Vary': 'Accept-Encoding', 'Content-Encoding': 'gzip', 'CF-Cache-Status': 'DYNAMIC', 'Report-To': '{"endpoints":[{"url":"https:\\/\\/a.nel.cloudflare.com\\/report\\/v4?s=WV8%2BT%2FzbukL7a4O8duH1lhl%2BWRc0uS3jJjhIHVJfortBve0xMPSTrPmvLcFvZ1Rkk45cVz%2BBLKcDkDqNlkgJZVn%2FrQTJYP%2BNmT60aC5f1jw4FJB5PE7uO8dp%2BUJFm0Nv"}],"group":"cf-nel","max_age":604800}', 'NEL': '{"success_fraction":0,"report_to":"cf-nel","max_age":604800}', 'Server': 'cloudflare', 'CF-RAY': '87fcaa12b8a65b34-IAD', 'alt-svc': 'h3=":443"; ma=86400'} 
 body={"results":[{"gender":"female","name":{"title":"Miss","first":"Ylva","last":"Gjestad"},"location":{"street":{"number":7630,"name":"Fredveien"},"city":"Sylling","state":"Finnmark - Finnmárku","country":"Norway","postcode":"0377","coordinates":{"latitude":"43.6198","longitude":"105.4634"},"timezone":{"offset":"+11:00","description":"Magadan, Solomon Islands, New Caledonia"}},"email":"ylva.gjestad@example.com","login":{"uuid":"f33fc3d4-eaa7-4ff1-887d-4f23427d5015","username":"ticklishfrog974","password":"internet","salt":"QPB99fWH","md5":"3a3c671d7cce71d22f0de767d65588a8","sha1":"97ce9efac03557ce7f17ef82a03c5d3b4b99e69d","sha256":"e3e4b41364feef2bfde465cd69aaac26ad5e2e71323671bca0312930a152b7f9"},"dob":{"date":"1953-04-25T10:38:58.066Z","age":71},"registered":{"date":"2007-02-28T16:43:16.341Z","age":17},"phone":"24830038","cell":"97033752","id":{"name":"FN","value":"25045344811"},"picture":{"large":"https://randomuser.me/api/portraits/women/29.jpg","medium":"https://randomuser.me/api/portraits/med/women/29.jpg","thumbnail":"https://randomuser.me/api/portraits/thumb/women/29.jpg"},"nat":"NO"}],"info":{"seed":"2745b200d484134e","results":1,"page":1,"version":"1.4"}} 
 </msg>
<msg time="2024-05-06T23:14:03.400291" level="INFO">/opt/hostedtoolcache/Python/3.12.3/x64/lib/python3.12/site-packages/urllib3/connectionpool.py:1103: InsecureRequestWarning: Unverified HTTPS request is being made to host 'randomuser.me'. Adding certificate verification is strongly advised. See: https://urllib3.readthedocs.io/en/latest/advanced-usage.html#tls-warnings
  warnings.warn(</msg>
<msg time="2024-05-06T23:14:03.400437" level="INFO">${response} = &lt;Response [200]&gt;</msg>
<var>${response}</var>
<arg>consultarAPI</arg>
<arg>/api</arg>
<doc>Sends a GET request on a previously created HTTP Session.</doc>
<status status="PASS" start="2024-05-06T23:14:03.315404" elapsed="0.085087"/>
</kw>
<kw name="Set Variable" owner="BuiltIn">
<msg time="2024-05-06T23:14:03.401711" level="INFO">${json_data} = {'results': [{'gender': 'female', 'name': {'title': 'Miss', 'first': 'Ylva', 'last': 'Gjestad'}, 'location': {'street': {'number': 7630, 'name': 'Fredveien'}, 'city': 'Sylling', 'state': 'Finnmark - F...</msg>
<var>${json_data}</var>
<arg>${response.json()}</arg>
<doc>Returns the given values which can then be assigned to a variables.</doc>
<status status="PASS" start="2024-05-06T23:14:03.401099" elapsed="0.000643"/>
</kw>
<kw name="Log" owner="BuiltIn">
<msg time="2024-05-06T23:14:03.402270" level="INFO">{'results': [{'gender': 'female', 'name': {'title': 'Miss', 'first': 'Ylva', 'last': 'Gjestad'}, 'location': {'street': {'number': 7630, 'name': 'Fredveien'}, 'city': 'Sylling', 'state': 'Finnmark - Finnmárku', 'country': 'Norway', 'postcode': '0377', 'coordinates': {'latitude': '43.6198', 'longitude': '105.4634'}, 'timezone': {'offset': '+11:00', 'description': 'Magadan, Solomon Islands, New Caledonia'}}, 'email': 'ylva.gjestad@example.com', 'login': {'uuid': 'f33fc3d4-eaa7-4ff1-887d-4f23427d5015', 'username': 'ticklishfrog974', 'password': 'internet', 'salt': 'QPB99fWH', 'md5': '3a3c671d7cce71d22f0de767d65588a8', 'sha1': '97ce9efac03557ce7f17ef82a03c5d3b4b99e69d', 'sha256': 'e3e4b41364feef2bfde465cd69aaac26ad5e2e71323671bca0312930a152b7f9'}, 'dob': {'date': '1953-04-25T10:38:58.066Z', 'age': 71}, 'registered': {'date': '2007-02-28T16:43:16.341Z', 'age': 17}, 'phone': '24830038', 'cell': '97033752', 'id': {'name': 'FN', 'value': '25045344811'}, 'picture': {'large': 'https://randomuser.me/api/portraits/women/29.jpg', 'medium': 'https://randomuser.me/api/portraits/med/women/29.jpg', 'thumbnail': 'https://randomuser.me/api/portraits/thumb/women/29.jpg'}, 'nat': 'NO'}], 'info': {'seed': '2745b200d484134e', 'results': 1, 'page': 1, 'version': '1.4'}}</msg>
<arg>${json_data}</arg>
<doc>Logs the given message with the given level.</doc>
<status status="PASS" start="2024-05-06T23:14:03.402101" elapsed="0.000219"/>
</kw>
<kw name="Dictionary Should Contain Key" owner="Collections">
<msg time="2024-05-06T23:14:03.402789" level="INFO">False</msg>
<arg>${json_data}</arg>
<arg>results</arg>
<doc>Fails if ``key`` is not found from ``dictionary``.</doc>
<status status="PASS" start="2024-05-06T23:14:03.402623" elapsed="0.000205"/>
</kw>
<kw name="Should Not Be Empty" owner="BuiltIn">
<msg time="2024-05-06T23:14:03.403260" level="INFO">Length is 2.</msg>
<arg>${json_data}</arg>
<doc>Verifies that the given item is not empty.</doc>
<status status="PASS" start="2024-05-06T23:14:03.403122" elapsed="0.000337"/>
</kw>
<kw name="Create List" owner="BuiltIn">
<msg time="2024-05-06T23:14:03.403908" level="INFO">${expected_keys} = ['gender', 'name', 'location', 'email', 'login']</msg>
<var>${expected_keys}</var>
<arg>gender</arg>
<arg>name</arg>
<arg>location</arg>
<arg>email</arg>
<arg>login</arg>
<doc>Returns a list containing given items.</doc>
<status status="PASS" start="2024-05-06T23:14:03.403754" elapsed="0.000178"/>
</kw>
<for flavor="IN">
<iter>
<kw name="Dictionary Should Contain Key" owner="Collections">
<msg time="2024-05-06T23:14:03.404922" level="INFO">False</msg>
<arg>${json_data['results'][0]}</arg>
<arg>${key}</arg>
<doc>Fails if ``key`` is not found from ``dictionary``.</doc>
<status status="PASS" start="2024-05-06T23:14:03.404518" elapsed="0.000442"/>
</kw>
<kw name="Log" owner="BuiltIn">
<msg time="2024-05-06T23:14:03.405618" level="INFO">{'gender': 'female', 'name': {'title': 'Miss', 'first': 'Ylva', 'last': 'Gjestad'}, 'location': {'street': {'number': 7630, 'name': 'Fredveien'}, 'city': 'Sylling', 'state': 'Finnmark - Finnmárku', 'country': 'Norway', 'postcode': '0377', 'coordinates': {'latitude': '43.6198', 'longitude': '105.4634'}, 'timezone': {'offset': '+11:00', 'description': 'Magadan, Solomon Islands, New Caledonia'}}, 'email': 'ylva.gjestad@example.com', 'login': {'uuid': 'f33fc3d4-eaa7-4ff1-887d-4f23427d5015', 'username': 'ticklishfrog974', 'password': 'internet', 'salt': 'QPB99fWH', 'md5': '3a3c671d7cce71d22f0de767d65588a8', 'sha1': '97ce9efac03557ce7f17ef82a03c5d3b4b99e69d', 'sha256': 'e3e4b41364feef2bfde465cd69aaac26ad5e2e71323671bca0312930a152b7f9'}, 'dob': {'date': '1953-04-25T10:38:58.066Z', 'age': 71}, 'registered': {'date': '2007-02-28T16:43:16.341Z', 'age': 17}, 'phone': '24830038', 'cell': '97033752', 'id': {'name': 'FN', 'value': '25045344811'}, 'picture': {'large': 'https://randomuser.me/api/portraits/women/29.jpg', 'medium': 'https://randomuser.me/api/portraits/med/women/29.jpg', 'thumbnail': 'https://randomuser.me/api/portraits/thumb/women/29.jpg'}, 'nat': 'NO'}</msg>
<arg>${json_data['results'][0]}</arg>
<doc>Logs the given message with the given level.</doc>
<status status="PASS" start="2024-05-06T23:14:03.405253" elapsed="0.000414"/>
</kw>
<kw name="Log" owner="BuiltIn">
<msg time="2024-05-06T23:14:03.406143" level="INFO">gender</msg>
<arg>${key}</arg>
<doc>Logs the given message with the given level.</doc>
<status status="PASS" start="2024-05-06T23:14:03.405992" elapsed="0.000188"/>
</kw>
<var name="${key}">gender</var>
<status status="PASS" start="2024-05-06T23:14:03.404391" elapsed="0.002003"/>
</iter>
<iter>
<kw name="Dictionary Should Contain Key" owner="Collections">
<msg time="2024-05-06T23:14:03.407095" level="INFO">False</msg>
<arg>${json_data['results'][0]}</arg>
<arg>${key}</arg>
<doc>Fails if ``key`` is not found from ``dictionary``.</doc>
<status status="PASS" start="2024-05-06T23:14:03.406703" elapsed="0.000429"/>
</kw>
<kw name="Log" owner="BuiltIn">
<msg time="2024-05-06T23:14:03.407818" level="INFO">{'gender': 'female', 'name': {'title': 'Miss', 'first': 'Ylva', 'last': 'Gjestad'}, 'location': {'street': {'number': 7630, 'name': 'Fredveien'}, 'city': 'Sylling', 'state': 'Finnmark - Finnmárku', 'country': 'Norway', 'postcode': '0377', 'coordinates': {'latitude': '43.6198', 'longitude': '105.4634'}, 'timezone': {'offset': '+11:00', 'description': 'Magadan, Solomon Islands, New Caledonia'}}, 'email': 'ylva.gjestad@example.com', 'login': {'uuid': 'f33fc3d4-eaa7-4ff1-887d-4f23427d5015', 'username': 'ticklishfrog974', 'password': 'internet', 'salt': 'QPB99fWH', 'md5': '3a3c671d7cce71d22f0de767d65588a8', 'sha1': '97ce9efac03557ce7f17ef82a03c5d3b4b99e69d', 'sha256': 'e3e4b41364feef2bfde465cd69aaac26ad5e2e71323671bca0312930a152b7f9'}, 'dob': {'date': '1953-04-25T10:38:58.066Z', 'age': 71}, 'registered': {'date': '2007-02-28T16:43:16.341Z', 'age': 17}, 'phone': '24830038', 'cell': '97033752', 'id': {'name': 'FN', 'value': '25045344811'}, 'picture': {'large': 'https://randomuser.me/api/portraits/women/29.jpg', 'medium': 'https://randomuser.me/api/portraits/med/women/29.jpg', 'thumbnail': 'https://randomuser.me/api/portraits/thumb/women/29.jpg'}, 'nat': 'NO'}</msg>
<arg>${json_data['results'][0]}</arg>
<doc>Logs the given message with the given level.</doc>
<status status="PASS" start="2024-05-06T23:14:03.407454" elapsed="0.000412"/>
</kw>
<kw name="Log" owner="BuiltIn">
<msg time="2024-05-06T23:14:03.408282" level="INFO">name</msg>
<arg>${key}</arg>
<doc>Logs the given message with the given level.</doc>
<status status="PASS" start="2024-05-06T23:14:03.408158" elapsed="0.000161"/>
</kw>
<var name="${key}">name</var>
<status status="PASS" start="2024-05-06T23:14:03.406583" elapsed="0.001947"/>
</iter>
<iter>
<kw name="Dictionary Should Contain Key" owner="Collections">
<msg time="2024-05-06T23:14:03.409200" level="INFO">False</msg>
<arg>${json_data['results'][0]}</arg>
<arg>${key}</arg>
<doc>Fails if ``key`` is not found from ``dictionary``.</doc>
<status status="PASS" start="2024-05-06T23:14:03.408820" elapsed="0.000416"/>
</kw>
<kw name="Log" owner="BuiltIn">
<msg time="2024-05-06T23:14:03.409894" level="INFO">{'gender': 'female', 'name': {'title': 'Miss', 'first': 'Ylva', 'last': 'Gjestad'}, 'location': {'street': {'number': 7630, 'name': 'Fredveien'}, 'city': 'Sylling', 'state': 'Finnmark - Finnmárku', 'country': 'Norway', 'postcode': '0377', 'coordinates': {'latitude': '43.6198', 'longitude': '105.4634'}, 'timezone': {'offset': '+11:00', 'description': 'Magadan, Solomon Islands, New Caledonia'}}, 'email': 'ylva.gjestad@example.com', 'login': {'uuid': 'f33fc3d4-eaa7-4ff1-887d-4f23427d5015', 'username': 'ticklishfrog974', 'password': 'internet', 'salt': 'QPB99fWH', 'md5': '3a3c671d7cce71d22f0de767d65588a8', 'sha1': '97ce9efac03557ce7f17ef82a03c5d3b4b99e69d', 'sha256': 'e3e4b41364feef2bfde465cd69aaac26ad5e2e71323671bca0312930a152b7f9'}, 'dob': {'date': '1953-04-25T10:38:58.066Z', 'age': 71}, 'registered': {'date': '2007-02-28T16:43:16.341Z', 'age': 17}, 'phone': '24830038', 'cell': '97033752', 'id': {'name': 'FN', 'value': '25045344811'}, 'picture': {'large': 'https://randomuser.me/api/portraits/women/29.jpg', 'medium': 'https://randomuser.me/api/portraits/med/women/29.jpg', 'thumbnail': 'https://randomuser.me/api/portraits/thumb/women/29.jpg'}, 'nat': 'NO'}</msg>
<arg>${json_data['results'][0]}</arg>
<doc>Logs the given message with the given level.</doc>
<status status="PASS" start="2024-05-06T23:14:03.409530" elapsed="0.000412"/>
</kw>
<kw name="Log" owner="BuiltIn">
<msg time="2024-05-06T23:14:03.410403" level="INFO">location</msg>
<arg>${key}</arg>
<doc>Logs the given message with the given level.</doc>
<status status="PASS" start="2024-05-06T23:14:03.410278" elapsed="0.000162"/>
</kw>
<var name="${key}">location</var>
<status status="PASS" start="2024-05-06T23:14:03.408708" elapsed="0.001945"/>
</iter>
<iter>
<kw name="Dictionary Should Contain Key" owner="Collections">
<msg time="2024-05-06T23:14:03.411316" level="INFO">False</msg>
<arg>${json_data['results'][0]}</arg>
<arg>${key}</arg>
<doc>Fails if ``key`` is not found from ``dictionary``.</doc>
<status status="PASS" start="2024-05-06T23:14:03.410935" elapsed="0.000418"/>
</kw>
<kw name="Log" owner="BuiltIn">
<msg time="2024-05-06T23:14:03.412006" level="INFO">{'gender': 'female', 'name': {'title': 'Miss', 'first': 'Ylva', 'last': 'Gjestad'}, 'location': {'street': {'number': 7630, 'name': 'Fredveien'}, 'city': 'Sylling', 'state': 'Finnmark - Finnmárku', 'country': 'Norway', 'postcode': '0377', 'coordinates': {'latitude': '43.6198', 'longitude': '105.4634'}, 'timezone': {'offset': '+11:00', 'description': 'Magadan, Solomon Islands, New Caledonia'}}, 'email': 'ylva.gjestad@example.com', 'login': {'uuid': 'f33fc3d4-eaa7-4ff1-887d-4f23427d5015', 'username': 'ticklishfrog974', 'password': 'internet', 'salt': 'QPB99fWH', 'md5': '3a3c671d7cce71d22f0de767d65588a8', 'sha1': '97ce9efac03557ce7f17ef82a03c5d3b4b99e69d', 'sha256': 'e3e4b41364feef2bfde465cd69aaac26ad5e2e71323671bca0312930a152b7f9'}, 'dob': {'date': '1953-04-25T10:38:58.066Z', 'age': 71}, 'registered': {'date': '2007-02-28T16:43:16.341Z', 'age': 17}, 'phone': '24830038', 'cell': '97033752', 'id': {'name': 'FN', 'value': '25045344811'}, 'picture': {'large': 'https://randomuser.me/api/portraits/women/29.jpg', 'medium': 'https://randomuser.me/api/portraits/med/women/29.jpg', 'thumbnail': 'https://randomuser.me/api/portraits/thumb/women/29.jpg'}, 'nat': 'NO'}</msg>
<arg>${json_data['results'][0]}</arg>
<doc>Logs the given message with the given level.</doc>
<status status="PASS" start="2024-05-06T23:14:03.411647" elapsed="0.000407"/>
</kw>
<kw name="Log" owner="BuiltIn">
<msg time="2024-05-06T23:14:03.412468" level="INFO">email</msg>
<arg>${key}</arg>
<doc>Logs the given message with the given level.</doc>
<status status="PASS" start="2024-05-06T23:14:03.412344" elapsed="0.000160"/>
</kw>
<var name="${key}">email</var>
<status status="PASS" start="2024-05-06T23:14:03.410826" elapsed="0.001888"/>
</iter>
<iter>
<kw name="Dictionary Should Contain Key" owner="Collections">
<msg time="2024-05-06T23:14:03.413376" level="INFO">False</msg>
<arg>${json_data['results'][0]}</arg>
<arg>${key}</arg>
<doc>Fails if ``key`` is not found from ``dictionary``.</doc>
<status status="PASS" start="2024-05-06T23:14:03.412992" elapsed="0.000421"/>
</kw>
<kw name="Log" owner="BuiltIn">
<msg time="2024-05-06T23:14:03.414106" level="INFO">{'gender': 'female', 'name': {'title': 'Miss', 'first': 'Ylva', 'last': 'Gjestad'}, 'location': {'street': {'number': 7630, 'name': 'Fredveien'}, 'city': 'Sylling', 'state': 'Finnmark - Finnmárku', 'country': 'Norway', 'postcode': '0377', 'coordinates': {'latitude': '43.6198', 'longitude': '105.4634'}, 'timezone': {'offset': '+11:00', 'description': 'Magadan, Solomon Islands, New Caledonia'}}, 'email': 'ylva.gjestad@example.com', 'login': {'uuid': 'f33fc3d4-eaa7-4ff1-887d-4f23427d5015', 'username': 'ticklishfrog974', 'password': 'internet', 'salt': 'QPB99fWH', 'md5': '3a3c671d7cce71d22f0de767d65588a8', 'sha1': '97ce9efac03557ce7f17ef82a03c5d3b4b99e69d', 'sha256': 'e3e4b41364feef2bfde465cd69aaac26ad5e2e71323671bca0312930a152b7f9'}, 'dob': {'date': '1953-04-25T10:38:58.066Z', 'age': 71}, 'registered': {'date': '2007-02-28T16:43:16.341Z', 'age': 17}, 'phone': '24830038', 'cell': '97033752', 'id': {'name': 'FN', 'value': '25045344811'}, 'picture': {'large': 'https://randomuser.me/api/portraits/women/29.jpg', 'medium': 'https://randomuser.me/api/portraits/med/women/29.jpg', 'thumbnail': 'https://randomuser.me/api/portraits/thumb/women/29.jpg'}, 'nat': 'NO'}</msg>
<arg>${json_data['results'][0]}</arg>
<doc>Logs the given message with the given level.</doc>
<status status="PASS" start="2024-05-06T23:14:03.413708" elapsed="0.000447"/>
</kw>
<kw name="Log" owner="BuiltIn">
<msg time="2024-05-06T23:14:03.414578" level="INFO">login</msg>
<arg>${key}</arg>
<doc>Logs the given message with the given level.</doc>
<status status="PASS" start="2024-05-06T23:14:03.414451" elapsed="0.000164"/>
</kw>
<var name="${key}">login</var>
<status status="PASS" start="2024-05-06T23:14:03.412884" elapsed="0.001973"/>
</iter>
<var>${key}</var>
<value>@{expected_keys}</value>
<status status="PASS" start="2024-05-06T23:14:03.404195" elapsed="0.010785"/>
</for>
<kw name="Create List" owner="BuiltIn">
<msg time="2024-05-06T23:14:03.415309" level="INFO">${expected_keysTwo} = ['username', 'password']</msg>
<var>${expected_keysTwo}</var>
<arg>username</arg>
<arg>password</arg>
<doc>Returns a list containing given items.</doc>
<status status="PASS" start="2024-05-06T23:14:03.415173" elapsed="0.000159"/>
</kw>
<for flavor="IN">
<iter>
<kw name="Dictionary Should Contain Key" owner="Collections">
<msg time="2024-05-06T23:14:03.416221" level="INFO">False</msg>
<arg>${json_data['results'][0]['login']}</arg>
<arg>${keyTwo}</arg>
<doc>Fails if ``key`` is not found from ``dictionary``.</doc>
<status status="PASS" start="2024-05-06T23:14:03.415834" elapsed="0.000422"/>
</kw>
<kw name="Dictionary Should Contain Key" owner="Collections">
<msg time="2024-05-06T23:14:03.416938" level="INFO">False</msg>
<arg>${json_data['results'][0]['login']}</arg>
<arg>${keyTwo}</arg>
<doc>Fails if ``key`` is not found from ``dictionary``.</doc>
<status status="PASS" start="2024-05-06T23:14:03.416548" elapsed="0.000425"/>
</kw>
<kw name="Log" owner="BuiltIn">
<msg time="2024-05-06T23:14:03.417390" level="INFO">username</msg>
<arg>${keyTwo}</arg>
<doc>Logs the given message with the given level.</doc>
<status status="PASS" start="2024-05-06T23:14:03.417266" elapsed="0.000166"/>
</kw>
<var name="${keyTwo}">username</var>
<status status="PASS" start="2024-05-06T23:14:03.415721" elapsed="0.001924"/>
</iter>
<iter>
<kw name="Dictionary Should Contain Key" owner="Collections">
<msg time="2024-05-06T23:14:03.418407" level="INFO">False</msg>
<arg>${json_data['results'][0]['login']}</arg>
<arg>${keyTwo}</arg>
<doc>Fails if ``key`` is not found from ``dictionary``.</doc>
<status status="PASS" start="2024-05-06T23:14:03.417926" elapsed="0.000519"/>
</kw>
<kw name="Dictionary Should Contain Key" owner="Collections">
<msg time="2024-05-06T23:14:03.419116" level="INFO">False</msg>
<arg>${json_data['results'][0]['login']}</arg>
<arg>${keyTwo}</arg>
<doc>Fails if ``key`` is not found from ``dictionary``.</doc>
<status status="PASS" start="2024-05-06T23:14:03.418740" elapsed="0.000412"/>
</kw>
<kw name="Log" owner="BuiltIn">
<msg time="2024-05-06T23:14:03.419567" level="INFO">password</msg>
<arg>${keyTwo}</arg>
<doc>Logs the given message with the given level.</doc>
<status status="PASS" start="2024-05-06T23:14:03.419442" elapsed="0.000160"/>
</kw>
<var name="${keyTwo}">password</var>
<status status="PASS" start="2024-05-06T23:14:03.417813" elapsed="0.002000"/>
</iter>
<var>${keyTwo}</var>
<value>@{expected_keysTwo}</value>
<status status="PASS" start="2024-05-06T23:14:03.415568" elapsed="0.004365"/>
</for>
<status status="PASS" start="2024-05-06T23:14:03.315172" elapsed="0.104902"/>
</kw>
<doc>Testa a estrutura da resposta da API.</doc>
<tag>testeEstruturaResposta</tag>
<status status="PASS" start="2024-05-06T23:14:03.314567" elapsed="0.105664"/>
</test>
<test id="s1-s1-t4" name="Validar tipos de dados" line="28">
<kw name="Teste de Tipos de Dados" owner="random-user-service">
<kw name="GET On Session" owner="RequestsLibrary">
<msg time="2024-05-06T23:14:03.458004" level="INFO">GET Request : url=https://randomuser.me/api 
 path_url=/api 
 headers={'User-Agent': 'python-requests/2.31.0', 'Accept-Encoding': 'gzip, deflate', 'Accept': '*/*', 'Connection': 'keep-alive'} 
 body=None 
 </msg>
<msg time="2024-05-06T23:14:03.458096" level="INFO">GET Response : url=https://randomuser.me/api 
 status=200, reason=OK 
 headers={'Date': 'Mon, 06 May 2024 23:14:03 GMT', 'Content-Type': 'application/json; charset=utf-8', 'Transfer-Encoding': 'chunked', 'Connection': 'keep-alive', 'X-Powered-By': 'Express', 'Access-Control-Allow-Origin': '*', 'Cache-Control': 'no-cache', 'ETag': 'W/"484-xhHIVfcxPjoFZQiQrQTKdZH5Vsg"', 'Vary': 'Accept-Encoding', 'Content-Encoding': 'gzip', 'CF-Cache-Status': 'DYNAMIC', 'Report-To': '{"endpoints":[{"url":"https:\\/\\/a.nel.cloudflare.com\\/report\\/v4?s=Ab8sdCTaN%2FGfWVoIob5Uw7OODQBu%2FZWp%2BFpcA6EQzp0N8yyN7bwsCMBxNYN4HP85vuCUZAy6oyoP48m3ZMITemr%2F0uxHt1IREm%2B%2FVqwGRxwisHMLiNUBNh15LYZZY1y1"}],"group":"cf-nel","max_age":604800}', 'NEL': '{"success_fraction":0,"report_to":"cf-nel","max_age":604800}', 'Server': 'cloudflare', 'CF-RAY': '87fcaa1369c65b34-IAD', 'alt-svc': 'h3=":443"; ma=86400'} 
 body={"results":[{"gender":"male","name":{"title":"Mr","first":"Oğuzhan","last":"Kavaklıoğlu"},"location":{"street":{"number":3309,"name":"Kushimoto Sk"},"city":"Antalya","state":"Muğla","country":"Turkey","postcode":41602,"coordinates":{"latitude":"69.5595","longitude":"-53.5499"},"timezone":{"offset":"-8:00","description":"Pacific Time (US &amp; Canada)"}},"email":"oguzhan.kavaklioglu@example.com","login":{"uuid":"c7253195-edb4-4be7-b2f3-f374c55a0840","username":"whiteduck944","password":"bronze","salt":"32SqT4DS","md5":"9604dd7322ea0bc3224a6051e0f22d28","sha1":"235aaea84f679a955642aee3cedd2456c07592f8","sha256":"d4e17661e08299f4884af87eff5cfbbe9af180803ef68e88480fc7153cade96a"},"dob":{"date":"1957-12-14T00:54:07.665Z","age":66},"registered":{"date":"2011-10-24T20:42:29.852Z","age":12},"phone":"(833)-605-2079","cell":"(304)-260-2383","id":{"name":"","value":null},"picture":{"large":"https://randomuser.me/api/portraits/men/30.jpg","medium":"https://randomuser.me/api/portraits/med/men/30.jpg","thumbnail":"https://randomuser.me/api/portraits/thumb/men/30.jpg"},"nat":"TR"}],"info":{"seed":"5d6b56bf44886e29","results":1,"page":1,"version":"1.4"}} 
 </msg>
<msg time="2024-05-06T23:14:03.458180" level="INFO">/opt/hostedtoolcache/Python/3.12.3/x64/lib/python3.12/site-packages/urllib3/connectionpool.py:1103: InsecureRequestWarning: Unverified HTTPS request is being made to host 'randomuser.me'. Adding certificate verification is strongly advised. See: https://urllib3.readthedocs.io/en/latest/advanced-usage.html#tls-warnings
  warnings.warn(</msg>
<msg time="2024-05-06T23:14:03.458307" level="INFO">${response} = &lt;Response [200]&gt;</msg>
<var>${response}</var>
<arg>consultarAPI</arg>
<arg>/api</arg>
<doc>Sends a GET request on a previously created HTTP Session.</doc>
<status status="PASS" start="2024-05-06T23:14:03.422872" elapsed="0.035481"/>
</kw>
<kw name="Set Variable" owner="BuiltIn">
<msg time="2024-05-06T23:14:03.459498" level="INFO">${json_data} = {'results': [{'gender': 'male', 'name': {'title': 'Mr', 'first': 'Oğuzhan', 'last': 'Kavaklıoğlu'}, 'location': {'street': {'number': 3309, 'name': 'Kushimoto Sk'}, 'city': 'Antalya', 'state': 'Muğla'...</msg>
<var>${json_data}</var>
<arg>${response.json()}</arg>
<doc>Returns the given values which can then be assigned to a variables.</doc>
<status status="PASS" start="2024-05-06T23:14:03.458902" elapsed="0.000627"/>
</kw>
<kw name="Log" owner="BuiltIn">
<msg time="2024-05-06T23:14:03.459998" level="INFO">{'results': [{'gender': 'male', 'name': {'title': 'Mr', 'first': 'Oğuzhan', 'last': 'Kavaklıoğlu'}, 'location': {'street': {'number': 3309, 'name': 'Kushimoto Sk'}, 'city': 'Antalya', 'state': 'Muğla', 'country': 'Turkey', 'postcode': 41602, 'coordinates': {'latitude': '69.5595', 'longitude': '-53.5499'}, 'timezone': {'offset': '-8:00', 'description': 'Pacific Time (US &amp; Canada)'}}, 'email': 'oguzhan.kavaklioglu@example.com', 'login': {'uuid': 'c7253195-edb4-4be7-b2f3-f374c55a0840', 'username': 'whiteduck944', 'password': 'bronze', 'salt': '32SqT4DS', 'md5': '9604dd7322ea0bc3224a6051e0f22d28', 'sha1': '235aaea84f679a955642aee3cedd2456c07592f8', 'sha256': 'd4e17661e08299f4884af87eff5cfbbe9af180803ef68e88480fc7153cade96a'}, 'dob': {'date': '1957-12-14T00:54:07.665Z', 'age': 66}, 'registered': {'date': '2011-10-24T20:42:29.852Z', 'age': 12}, 'phone': '(833)-605-2079', 'cell': '(304)-260-2383', 'id': {'name': '', 'value': None}, 'picture': {'large': 'https://randomuser.me/api/portraits/men/30.jpg', 'medium': 'https://randomuser.me/api/portraits/med/men/30.jpg', 'thumbnail': 'https://randomuser.me/api/portraits/thumb/men/30.jpg'}, 'nat': 'TR'}], 'info': {'seed': '5d6b56bf44886e29', 'results': 1, 'page': 1, 'version': '1.4'}}</msg>
<arg>${json_data}</arg>
<doc>Logs the given message with the given level.</doc>
<status status="PASS" start="2024-05-06T23:14:03.459839" elapsed="0.000244"/>
</kw>
<kw name="Should Be String" owner="String">
<arg>${json_data['results'][0]['gender']}</arg>
<doc>Fails if the given ``item`` is not a string.</doc>
<status status="PASS" start="2024-05-06T23:14:03.460383" elapsed="0.000364"/>
</kw>
<kw name="Should Match Regexp" owner="BuiltIn">
<arg>${json_data['results'][0]['email']}</arg>
<arg>^[a-zA-Z0-9._%+-]+@[a-zA-Z0-9.-]+\.[a-zA-Z]{2,}$</arg>
<doc>Fails if ``string`` does not match ``pattern`` as a regular expression.</doc>
<status status="PASS" start="2024-05-06T23:14:03.460943" elapsed="0.000515"/>
</kw>
<kw name="Should Match Regexp" owner="BuiltIn">
<arg>${json_data['results'][0]['dob']['date']}</arg>
<arg>\\d{4}-\\d{2}-\\d{2}T\\d{2}:\\d{2}:\\d{2}\\.\\d{3}Z</arg>
<doc>Fails if ``string`` does not match ``pattern`` as a regular expression.</doc>
<status status="PASS" start="2024-05-06T23:14:03.461655" elapsed="0.000525"/>
</kw>
<kw name="Should Match Regexp" owner="BuiltIn">
<arg>${json_data['results'][0]['registered']['date']}</arg>
<arg>\\d{4}-\\d{2}-\\d{2}T\\d{2}:\\d{2}:\\d{2}\\.\\d{3}Z</arg>
<doc>Fails if ``string`` does not match ``pattern`` as a regular expression.</doc>
<status status="PASS" start="2024-05-06T23:14:03.462377" elapsed="0.000372"/>
</kw>
<kw name="Should Match Regexp" owner="BuiltIn">
<arg>${json_data['results'][0]['picture']['large']}</arg>
<arg>^https?://.*\.(?:png|jpe?g|gif|bmp)$</arg>
<doc>Fails if ``string`` does not match ``pattern`` as a regular expression.</doc>
<status status="PASS" start="2024-05-06T23:14:03.462943" elapsed="0.000463"/>
</kw>
<kw name="Should Match Regexp" owner="BuiltIn">
<arg>${json_data['results'][0]['picture']['medium']}</arg>
<arg>^https?://.*\.(?:png|jpe?g|gif|bmp)$</arg>
<doc>Fails if ``string`` does not match ``pattern`` as a regular expression.</doc>
<status status="PASS" start="2024-05-06T23:14:03.463594" elapsed="0.000360"/>
</kw>
<kw name="Should Match Regexp" owner="BuiltIn">
<arg>${json_data['results'][0]['picture']['thumbnail']}</arg>
<arg>^https?://.*\.(?:png|jpe?g|gif|bmp)$</arg>
<doc>Fails if ``string`` does not match ``pattern`` as a regular expression.</doc>
<status status="PASS" start="2024-05-06T23:14:03.464142" elapsed="0.000349"/>
</kw>
<kw name="Log" owner="BuiltIn">
<msg time="2024-05-06T23:14:03.464991" level="INFO">{'large': 'https://randomuser.me/api/portraits/men/30.jpg', 'medium': 'https://randomuser.me/api/portraits/med/men/30.jpg', 'thumbnail': 'https://randomuser.me/api/portraits/thumb/men/30.jpg'}</msg>
<arg>${json_data['results'][0]['picture']}</arg>
<doc>Logs the given message with the given level.</doc>
<status status="PASS" start="2024-05-06T23:14:03.464671" elapsed="0.000360"/>
</kw>
<status status="PASS" start="2024-05-06T23:14:03.422593" elapsed="0.042689"/>
</kw>
<kw name="Teste de Tipos de Dados - Postcode" owner="random-user-service">
<kw name="GET On Session" owner="RequestsLibrary">
<msg time="2024-05-06T23:14:03.562555" level="INFO">GET Request : url=https://randomuser.me/api 
 path_url=/api 
 headers={'User-Agent': 'python-requests/2.31.0', 'Accept-Encoding': 'gzip, deflate', 'Accept': '*/*', 'Connection': 'keep-alive'} 
 body=None 
 </msg>
<msg time="2024-05-06T23:14:03.562669" level="INFO">GET Response : url=https://randomuser.me/api 
 status=200, reason=OK 
 headers={'Date': 'Mon, 06 May 2024 23:14:03 GMT', 'Content-Type': 'application/json; charset=utf-8', 'Transfer-Encoding': 'chunked', 'Connection': 'keep-alive', 'X-Powered-By': 'Express', 'Access-Control-Allow-Origin': '*', 'Cache-Control': 'no-cache', 'ETag': 'W/"485-MuF39osQ1UhJcnCgEOagrA5GtCw"', 'Vary': 'Accept-Encoding', 'Content-Encoding': 'gzip', 'CF-Cache-Status': 'DYNAMIC', 'Report-To': '{"endpoints":[{"url":"https:\\/\\/a.nel.cloudflare.com\\/report\\/v4?s=Wr5VaS9DmTE7AP66QfCBAItY%2FMhf0BGF0bEp7kqRazx39cuBtIwjO7kfvL%2BQ154DGL34q40UW45wv33mhBcph%2BpK24iY%2BtkyN8yX6uP0veaFWx68sZnpJp%2BGiycyo4op"}],"group":"cf-nel","max_age":604800}', 'NEL': '{"success_fraction":0,"report_to":"cf-nel","max_age":604800}', 'Server': 'cloudflare', 'CF-RAY': '87fcaa13aa325b34-IAD', 'alt-svc': 'h3=":443"; ma=86400'} 
 body={"results":[{"gender":"male","name":{"title":"Mr","first":"مانی","last":"موسوی"},"location":{"street":{"number":5981,"name":"فلسطین"},"city":"همدان","state":"خوزستان","country":"Iran","postcode":21276,"coordinates":{"latitude":"17.5627","longitude":"-26.5102"},"timezone":{"offset":"+10:00","description":"Eastern Australia, Guam, Vladivostok"}},"email":"mny.mwswy@example.com","login":{"uuid":"baf99d62-5a50-464a-a6ba-fbb153bd3586","username":"sadmouse987","password":"handball","salt":"xNvdzqM4","md5":"762c5d30b15e693152cab196041454d2","sha1":"41326138519a090f5eb10c65baa9e6274a58ba0e","sha256":"3a30a3003cd7557f38d035575730c634b41160461d9a7d0ee465c9a4c68c5ffb"},"dob":{"date":"1986-12-10T10:28:56.334Z","age":37},"registered":{"date":"2016-04-10T00:37:43.024Z","age":8},"phone":"032-68235459","cell":"0956-322-1981","id":{"name":"","value":null},"picture":{"large":"https://randomuser.me/api/portraits/men/7.jpg","medium":"https://randomuser.me/api/portraits/med/men/7.jpg","thumbnail":"https://randomuser.me/api/portraits/thumb/men/7.jpg"},"nat":"IR"}],"info":{"seed":"8f42f97a0864a5f4","results":1,"page":1,"version":"1.4"}} 
 </msg>
<msg time="2024-05-06T23:14:03.562766" level="INFO">/opt/hostedtoolcache/Python/3.12.3/x64/lib/python3.12/site-packages/urllib3/connectionpool.py:1103: InsecureRequestWarning: Unverified HTTPS request is being made to host 'randomuser.me'. Adding certificate verification is strongly advised. See: https://urllib3.readthedocs.io/en/latest/advanced-usage.html#tls-warnings
  warnings.warn(</msg>
<msg time="2024-05-06T23:14:03.562905" level="INFO">${response} = &lt;Response [200]&gt;</msg>
<var>${response}</var>
<arg>consultarAPI</arg>
<arg>/api</arg>
<doc>Sends a GET request on a previously created HTTP Session.</doc>
<status status="PASS" start="2024-05-06T23:14:03.465736" elapsed="0.097209"/>
</kw>
<kw name="Set Variable" owner="BuiltIn">
<msg time="2024-05-06T23:14:03.564180" level="INFO">${json_data} = {'results': [{'gender': 'male', 'name': {'title': 'Mr', 'first': 'مانی', 'last': 'موسوی'}, 'location': {'street': {'number': 5981, 'name': 'فلسطین'}, 'city': 'همدان', 'state': 'خوزستان', 'country': 'I...</msg>
<var>${json_data}</var>
<arg>${response.json()}</arg>
<doc>Returns the given values which can then be assigned to a variables.</doc>
<status status="PASS" start="2024-05-06T23:14:03.563582" elapsed="0.000629"/>
</kw>
<kw name="Log" owner="BuiltIn">
<msg time="2024-05-06T23:14:03.564731" level="INFO">{'results': [{'gender': 'male', 'name': {'title': 'Mr', 'first': 'مانی', 'last': 'موسوی'}, 'location': {'street': {'number': 5981, 'name': 'فلسطین'}, 'city': 'همدان', 'state': 'خوزستان', 'country': 'Iran', 'postcode': 21276, 'coordinates': {'latitude': '17.5627', 'longitude': '-26.5102'}, 'timezone': {'offset': '+10:00', 'description': 'Eastern Australia, Guam, Vladivostok'}}, 'email': 'mny.mwswy@example.com', 'login': {'uuid': 'baf99d62-5a50-464a-a6ba-fbb153bd3586', 'username': 'sadmouse987', 'password': 'handball', 'salt': 'xNvdzqM4', 'md5': '762c5d30b15e693152cab196041454d2', 'sha1': '41326138519a090f5eb10c65baa9e6274a58ba0e', 'sha256': '3a30a3003cd7557f38d035575730c634b41160461d9a7d0ee465c9a4c68c5ffb'}, 'dob': {'date': '1986-12-10T10:28:56.334Z', 'age': 37}, 'registered': {'date': '2016-04-10T00:37:43.024Z', 'age': 8}, 'phone': '032-68235459', 'cell': '0956-322-1981', 'id': {'name': '', 'value': None}, 'picture': {'large': 'https://randomuser.me/api/portraits/men/7.jpg', 'medium': 'https://randomuser.me/api/portraits/med/men/7.jpg', 'thumbnail': 'https://randomuser.me/api/portraits/thumb/men/7.jpg'}, 'nat': 'IR'}], 'info': {'seed': '8f42f97a0864a5f4', 'results': 1, 'page': 1, 'version': '1.4'}}</msg>
<arg>${json_data}</arg>
<doc>Logs the given message with the given level.</doc>
<status status="PASS" start="2024-05-06T23:14:03.564559" elapsed="0.000258"/>
</kw>
<kw name="Should Be Equal As Numbers" owner="BuiltIn">
<arg>${json_data['results'][0]['location']['postcode']}</arg>
<arg>${json_data['results'][0]['location']['postcode']}</arg>
<doc>Fails if objects are unequal after converting them to real numbers.</doc>
<status status="PASS" start="2024-05-06T23:14:03.565321" elapsed="0.000682"/>
</kw>
<kw name="Log" owner="BuiltIn">
<msg time="2024-05-06T23:14:03.566559" level="INFO">21276</msg>
<arg>${json_data['results'][0]['location']['postcode']}</arg>
<doc>Logs the given message with the given level.</doc>
<status status="PASS" start="2024-05-06T23:14:03.566211" elapsed="0.000388"/>
</kw>
<status status="PASS" start="2024-05-06T23:14:03.465509" elapsed="0.101351"/>
</kw>
<doc>Testa se os tipos de dados na resposta da API estão corretos.</doc>
<tag>testeTiposDados</tag>
<status status="PASS" start="2024-05-06T23:14:03.422028" elapsed="0.145008"/>
</test>
<test id="s1-s1-t5" name="Validar conteudo" line="35">
<kw name="Teste de Tipos de Conteudo" owner="random-user-service">
<kw name="GET On Session" owner="RequestsLibrary">
<msg time="2024-05-06T23:14:03.668800" level="INFO">GET Request : url=https://randomuser.me/api 
 path_url=/api 
 headers={'User-Agent': 'python-requests/2.31.0', 'Accept-Encoding': 'gzip, deflate', 'Accept': '*/*', 'Connection': 'keep-alive'} 
 body=None 
 </msg>
<msg time="2024-05-06T23:14:03.668911" level="INFO">GET Response : url=https://randomuser.me/api 
 status=200, reason=OK 
 headers={'Date': 'Mon, 06 May 2024 23:14:03 GMT', 'Content-Type': 'application/json; charset=utf-8', 'Transfer-Encoding': 'chunked', 'Connection': 'keep-alive', 'X-Powered-By': 'Express', 'Access-Control-Allow-Origin': '*', 'Cache-Control': 'no-cache', 'ETag': 'W/"4a2-zGYFwO7hIUprNlEo34QWkbwuWrw"', 'Vary': 'Accept-Encoding', 'Content-Encoding': 'gzip', 'CF-Cache-Status': 'DYNAMIC', 'Report-To': '{"endpoints":[{"url":"https:\\/\\/a.nel.cloudflare.com\\/report\\/v4?s=BYfItEZ2Q79ZI7KiRKk%2BULZVFszPNfr9jXUitrPoFIrP18ula19yw9nfaCHz0TUCfIpe5ssS5Jo6afFohihL8JFfKZo4ZtSbtLD1rGhiET5%2Fem49S7Vvpm75%2FUvErZE0"}],"group":"cf-nel","max_age":604800}', 'NEL': '{"success_fraction":0,"report_to":"cf-nel","max_age":604800}', 'Server': 'cloudflare', 'CF-RAY': '87fcaa145b365b34-IAD', 'alt-svc': 'h3=":443"; ma=86400'} 
 body={"results":[{"gender":"female","name":{"title":"Miss","first":"Bettina","last":"Zinke"},"location":{"street":{"number":149,"name":"Im Winkel"},"city":"Stollberg","state":"Baden-Württemberg","country":"Germany","postcode":13461,"coordinates":{"latitude":"-50.9128","longitude":"145.9904"},"timezone":{"offset":"+4:00","description":"Abu Dhabi, Muscat, Baku, Tbilisi"}},"email":"bettina.zinke@example.com","login":{"uuid":"1f3906d0-0cf8-4d8a-ab2d-3f96ab81132c","username":"ticklishduck955","password":"blossom","salt":"Y7H2HOiR","md5":"fef37af65a74da738d4a337d4d8b8937","sha1":"616aff3a5c168b7ca1dfe5b400ca4edbe5cd8b60","sha256":"188c5c73aba67f0f64c2a47694382016d3639dbfb09aae2ee7fd8248a63296d2"},"dob":{"date":"1979-09-23T01:38:34.016Z","age":44},"registered":{"date":"2009-12-16T07:31:42.154Z","age":14},"phone":"0750-1217652","cell":"0178-8772273","id":{"name":"SVNR","value":"16 220979 Z 625"},"picture":{"large":"https://randomuser.me/api/portraits/women/64.jpg","medium":"https://randomuser.me/api/portraits/med/women/64.jpg","thumbnail":"https://randomuser.me/api/portraits/thumb/women/64.jpg"},"nat":"DE"}],"info":{"seed":"40170e355ac95986","results":1,"page":1,"version":"1.4"}} 
 </msg>
<msg time="2024-05-06T23:14:03.668996" level="INFO">/opt/hostedtoolcache/Python/3.12.3/x64/lib/python3.12/site-packages/urllib3/connectionpool.py:1103: InsecureRequestWarning: Unverified HTTPS request is being made to host 'randomuser.me'. Adding certificate verification is strongly advised. See: https://urllib3.readthedocs.io/en/latest/advanced-usage.html#tls-warnings
  warnings.warn(</msg>
<msg time="2024-05-06T23:14:03.669125" level="INFO">${response} = &lt;Response [200]&gt;</msg>
<var>${response}</var>
<arg>consultarAPI</arg>
<arg>/api</arg>
<doc>Sends a GET request on a previously created HTTP Session.</doc>
<status status="PASS" start="2024-05-06T23:14:03.569612" elapsed="0.099554"/>
</kw>
<kw name="Set Variable" owner="BuiltIn">
<msg time="2024-05-06T23:14:03.670445" level="INFO">${json_data} = {'results': [{'gender': 'female', 'name': {'title': 'Miss', 'first': 'Bettina', 'last': 'Zinke'}, 'location': {'street': {'number': 149, 'name': 'Im Winkel'}, 'city': 'Stollberg', 'state': 'Baden-Würt...</msg>
<var>${json_data}</var>
<arg>${response.json()}</arg>
<doc>Returns the given values which can then be assigned to a variables.</doc>
<status status="PASS" start="2024-05-06T23:14:03.669809" elapsed="0.000666"/>
</kw>
<kw name="Set Variable" owner="BuiltIn">
<msg time="2024-05-06T23:14:03.671173" level="INFO">${name_title} = Miss</msg>
<var>${name_title}</var>
<arg>${json_data["results"][0]["name"]["title"]}</arg>
<doc>Returns the given values which can then be assigned to a variables.</doc>
<status status="PASS" start="2024-05-06T23:14:03.670785" elapsed="0.000412"/>
</kw>
<kw name="Create List" owner="BuiltIn">
<msg time="2024-05-06T23:14:03.671637" level="INFO">${allowed_titles} = ['Mr', 'Ms', 'Miss', 'Mrs', 'Madame', 'Monsieur']</msg>
<var>${allowed_titles}</var>
<arg>Mr</arg>
<arg>Ms</arg>
<arg>Miss</arg>
<arg>Mrs</arg>
<arg>Madame</arg>
<arg>Monsieur</arg>
<doc>Returns a list containing given items.</doc>
<status status="PASS" start="2024-05-06T23:14:03.671490" elapsed="0.000171"/>
</kw>
<kw name="List Should Contain Value" owner="Collections">
<msg time="2024-05-06T23:14:03.672130" level="INFO">False</msg>
<arg>${allowed_titles}</arg>
<arg>${name_title}</arg>
<doc>Fails if the ``value`` is not found from ``list``.</doc>
<status status="PASS" start="2024-05-06T23:14:03.671956" elapsed="0.000211"/>
</kw>
<kw name="Set Variable" owner="BuiltIn">
<msg time="2024-05-06T23:14:03.672835" level="INFO">${name_country} = DE</msg>
<var>${name_country}</var>
<arg>${json_data["results"][0]["nat"]}</arg>
<doc>Returns the given values which can then be assigned to a variables.</doc>
<status status="PASS" start="2024-05-06T23:14:03.672454" elapsed="0.000406"/>
</kw>
<kw name="Create List" owner="BuiltIn">
<msg time="2024-05-06T23:14:03.673742" level="INFO">${list_country} = ['AD', 'AE', 'AF', 'AG', 'AI', 'AL', 'AM', 'AO', 'AQ', 'AR', 'AS', 'AT', 'AU', 'AW', 'AX', 'AZ', 'BA', 'BB', 'BD', 'BE', 'BF', 'BG', 'BH', 'BI', 'BJ', 'BL', 'BM', 'BN', 'BO', 'BQ', 'BR', 'BS', 'BT', '...</msg>
<var>${list_country}</var>
<arg>AD</arg>
<arg>AE</arg>
<arg>AF</arg>
<arg>AG</arg>
<arg>AI</arg>
<arg>AL</arg>
<arg>AM</arg>
<arg>AO</arg>
<arg>AQ</arg>
<arg>AR</arg>
<arg>AS</arg>
<arg>AT</arg>
<arg>AU</arg>
<arg>AW</arg>
<arg>AX</arg>
<arg>AZ</arg>
<arg>BA</arg>
<arg>BB</arg>
<arg>BD</arg>
<arg>BE</arg>
<arg>BF</arg>
<arg>BG</arg>
<arg>BH</arg>
<arg>BI</arg>
<arg>BJ</arg>
<arg>BL</arg>
<arg>BM</arg>
<arg>BN</arg>
<arg>BO</arg>
<arg>BQ</arg>
<arg>BR</arg>
<arg>BS</arg>
<arg>BT</arg>
<arg>BV</arg>
<arg>BW</arg>
<arg>BY</arg>
<arg>BZ</arg>
<arg>CA</arg>
<arg>CC</arg>
<arg>CD</arg>
<arg>CF</arg>
<arg>CG</arg>
<arg>CH</arg>
<arg>CI</arg>
<arg>CK</arg>
<arg>CL</arg>
<arg>CM</arg>
<arg>CN</arg>
<arg>CO</arg>
<arg>CR</arg>
<arg>CU</arg>
<arg>CV</arg>
<arg>CW</arg>
<arg>CX</arg>
<arg>CY</arg>
<arg>CZ</arg>
<arg>DE</arg>
<arg>DJ</arg>
<arg>DK</arg>
<arg>DM</arg>
<arg>DO</arg>
<arg>DZ</arg>
<arg>EC</arg>
<arg>EE</arg>
<arg>EG</arg>
<arg>EH</arg>
<arg>ER</arg>
<arg>ES</arg>
<arg>ET</arg>
<arg>FI</arg>
<arg>FJ</arg>
<arg>FK</arg>
<arg>FM</arg>
<arg>FO</arg>
<arg>FR</arg>
<arg>GA</arg>
<arg>GB</arg>
<arg>GD</arg>
<arg>GE</arg>
<arg>GF</arg>
<arg>GG</arg>
<arg>GH</arg>
<arg>GI</arg>
<arg>GL</arg>
<arg>GM</arg>
<arg>GN</arg>
<arg>GP</arg>
<arg>GQ</arg>
<arg>GR</arg>
<arg>GS</arg>
<arg>GT</arg>
<arg>GU</arg>
<arg>GW</arg>
<arg>GY</arg>
<arg>HK</arg>
<arg>HM</arg>
<arg>HN</arg>
<arg>HR</arg>
<arg>HT</arg>
<arg>HU</arg>
<arg>ID</arg>
<arg>IE</arg>
<arg>IL</arg>
<arg>IM</arg>
<arg>IN</arg>
<arg>IO</arg>
<arg>IQ</arg>
<arg>IR</arg>
<arg>IS</arg>
<arg>IT</arg>
<arg>JE</arg>
<arg>JM</arg>
<arg>JO</arg>
<arg>JP</arg>
<arg>KE</arg>
<arg>KG</arg>
<arg>KH</arg>
<arg>KI</arg>
<arg>KM</arg>
<arg>KN</arg>
<arg>KP</arg>
<arg>KR</arg>
<arg>KW</arg>
<arg>KY</arg>
<arg>KZ</arg>
<arg>LA</arg>
<arg>LB</arg>
<arg>LC</arg>
<arg>LI</arg>
<arg>LK</arg>
<arg>LR</arg>
<arg>LS</arg>
<arg>LT</arg>
<arg>LU</arg>
<arg>LV</arg>
<arg>LY</arg>
<arg>MA</arg>
<arg>MC</arg>
<arg>MD</arg>
<arg>ME</arg>
<arg>MF</arg>
<arg>MG</arg>
<arg>MH</arg>
<arg>MK</arg>
<arg>ML</arg>
<arg>MM</arg>
<arg>MN</arg>
<arg>MO</arg>
<arg>MP</arg>
<arg>MQ</arg>
<arg>MR</arg>
<arg>MS</arg>
<arg>MT</arg>
<arg>MU</arg>
<arg>MV</arg>
<arg>MW</arg>
<arg>MX</arg>
<arg>MY</arg>
<arg>MZ</arg>
<arg>NA</arg>
<arg>NC</arg>
<arg>NE</arg>
<arg>NF</arg>
<arg>NG</arg>
<arg>NI</arg>
<arg>NL</arg>
<arg>NO</arg>
<arg>NP</arg>
<arg>NR</arg>
<arg>NU</arg>
<arg>NZ</arg>
<arg>OM</arg>
<arg>PA</arg>
<arg>PE</arg>
<arg>PF</arg>
<arg>PG</arg>
<arg>PH</arg>
<arg>PK</arg>
<arg>PL</arg>
<arg>PM</arg>
<arg>PN</arg>
<arg>PR</arg>
<arg>PS</arg>
<arg>PT</arg>
<arg>PW</arg>
<arg>PY</arg>
<arg>QA</arg>
<arg>RE</arg>
<arg>RO</arg>
<arg>RS</arg>
<arg>RU</arg>
<arg>RW</arg>
<arg>SA</arg>
<arg>SB</arg>
<arg>SC</arg>
<arg>SD</arg>
<arg>SE</arg>
<arg>SG</arg>
<arg>SH</arg>
<arg>SI</arg>
<arg>SJ</arg>
<arg>SK</arg>
<arg>SL</arg>
<arg>SM</arg>
<arg>SN</arg>
<arg>SO</arg>
<arg>SR</arg>
<arg>SS</arg>
<arg>ST</arg>
<arg>SV</arg>
<arg>SX</arg>
<arg>SY</arg>
<arg>SZ</arg>
<arg>TC</arg>
<arg>TD</arg>
<arg>TF</arg>
<arg>TG</arg>
<arg>TH</arg>
<arg>TJ</arg>
<arg>TK</arg>
<arg>TL</arg>
<arg>TM</arg>
<arg>TN</arg>
<arg>TO</arg>
<arg>TR</arg>
<arg>TT</arg>
<arg>TV</arg>
<arg>TW</arg>
<arg>TZ</arg>
<arg>UA</arg>
<arg>UG</arg>
<arg>UM</arg>
<arg>US</arg>
<arg>UY</arg>
<arg>UZ</arg>
<arg>VA</arg>
<arg>VC</arg>
<arg>VE</arg>
<arg>VG</arg>
<arg>VI</arg>
<arg>VN</arg>
<arg>VU</arg>
<arg>WF</arg>
<arg>WS</arg>
<arg>XK</arg>
<arg>YE</arg>
<arg>YT</arg>
<arg>ZA</arg>
<arg>ZM</arg>
<arg>ZW</arg>
<doc>Returns a list containing given items.</doc>
<status status="PASS" start="2024-05-06T23:14:03.673158" elapsed="0.000609"/>
</kw>
<kw name="List Should Contain Value" owner="Collections">
<msg time="2024-05-06T23:14:03.674786" level="INFO">False</msg>
<arg>${list_country}</arg>
<arg>${name_country}</arg>
<doc>Fails if the ``value`` is not found from ``list``.</doc>
<status status="PASS" start="2024-05-06T23:14:03.674590" elapsed="0.000232"/>
</kw>
<kw name="Run Keyword If" owner="BuiltIn">
<kw name="Should Be True" owner="BuiltIn">
<arg>${True}</arg>
<doc>Fails if the given condition is not true.</doc>
<status status="PASS" start="2024-05-06T23:14:03.675892" elapsed="0.000261"/>
</kw>
<arg>${json_data["results"][0]["location"]["coordinates"]["latitude"]} &gt;= -90 and ${json_data["results"][0]["location"]["coordinates"]["latitude"]} &lt;= 90</arg>
<arg>Should Be True</arg>
<arg>${True}</arg>
<doc>Runs the given keyword with the given arguments, if ``condition`` is true.</doc>
<status status="PASS" start="2024-05-06T23:14:03.675131" elapsed="0.001153"/>
</kw>
<kw name="Run Keyword If" owner="BuiltIn">
<kw name="Should Be True" owner="BuiltIn">
<arg>${True}</arg>
<doc>Fails if the given condition is not true.</doc>
<status status="PASS" start="2024-05-06T23:14:03.677168" elapsed="0.000138"/>
</kw>
<arg>${json_data["results"][0]["location"]["coordinates"]["longitude"]} &gt;= -180 and ${json_data["results"][0]["location"]["coordinates"]["longitude"]} &lt;= 180</arg>
<arg>Should Be True</arg>
<arg>${True}</arg>
<doc>Runs the given keyword with the given arguments, if ``condition`` is true.</doc>
<status status="PASS" start="2024-05-06T23:14:03.676470" elapsed="0.000958"/>
</kw>
<status status="PASS" start="2024-05-06T23:14:03.569376" elapsed="0.108181"/>
</kw>
<doc>Testa o conteúdo específico dos campos retornados pela API.</doc>
<tag>testeConteudo</tag>
<status status="PASS" start="2024-05-06T23:14:03.568812" elapsed="0.108897"/>
</test>
<status status="PASS" start="2024-05-06T23:14:02.465087" elapsed="1.214644"/>
</suite>
<status status="PASS" start="2024-05-06T23:14:02.450747" elapsed="1.234104"/>
</suite>
<statistics>
<total>
<stat pass="5" fail="0" skip="0">All Tests</stat>
</total>
<tag>
<stat pass="1" fail="0" skip="0">testeConteudo</stat>
<stat pass="1" fail="0" skip="0">testeEstruturaResposta</stat>
<stat pass="1" fail="0" skip="0">testeRequisicaoBasica</stat>
<stat pass="1" fail="0" skip="0">testeTiposDados</stat>
</tag>
<suite>
<stat pass="5" fail="0" skip="0" id="s1" name="Tests">Tests</stat>
<stat pass="5" fail="0" skip="0" id="s1-s1" name="Random-User-Test">Tests.Random-User-Test</stat>
</suite>
</statistics>
<errors>
</errors>
</robot>
