<?xml version="1.0" encoding="UTF-8"?>
<robot generator="Robot 7.0 (Python 3.12.3 on linux)" generated="2024-05-04T06:17:49.751741" rpa="false" schemaversion="5">
<suite id="s1" name="Tests" source="/home/runner/work/DesafioQAItauRogerioJordao/DesafioQAItauRogerioJordao/RamdonUser/tests">
<suite id="s1-s1" name="Random-User-Test" source="/home/runner/work/DesafioQAItauRogerioJordao/DesafioQAItauRogerioJordao/RamdonUser/tests/random-user-test.robot">
<test id="s1-s1-t1" name="Conectar" line="13">
<kw name="Conectar API" owner="random-user-service">
<kw name="Create Session" owner="RequestsLibrary">
<msg time="2024-05-04T06:17:50.108595" level="INFO">Creating Session using : alias=consultarAPI, url=https://randomuser.me/, headers={},                     cookies={}, auth=None, timeout=None, proxies=None, verify=False,                     debug=0 </msg>
<arg>consultarAPI</arg>
<arg>${URL}</arg>
<doc>Create Session: create a HTTP session to a server</doc>
<status status="PASS" start="2024-05-04T06:17:50.108402" elapsed="0.000359"/>
</kw>
<status status="PASS" start="2024-05-04T06:17:50.107499" elapsed="0.001600"/>
</kw>
<status status="PASS" start="2024-05-04T06:17:50.106952" elapsed="0.002341"/>
</test>
<test id="s1-s1-t2" name="Validar retorno 200 e JSON Válido" line="16">
<kw name="Teste de Requisicao Basica" owner="random-user-service">
<kw name="GET On Session" owner="RequestsLibrary">
<msg time="2024-05-04T06:17:50.370159" level="INFO">GET Request : url=https://randomuser.me/api 
 path_url=/api 
 headers={'User-Agent': 'python-requests/2.31.0', 'Accept-Encoding': 'gzip, deflate', 'Accept': '*/*', 'Connection': 'keep-alive'} 
 body=None 
 </msg>
<msg time="2024-05-04T06:17:50.370268" level="INFO">GET Response : url=https://randomuser.me/api 
 status=200, reason=OK 
 headers={'Date': 'Sat, 04 May 2024 06:17:50 GMT', 'Content-Type': 'application/json; charset=utf-8', 'Transfer-Encoding': 'chunked', 'Connection': 'keep-alive', 'X-Powered-By': 'Express', 'Access-Control-Allow-Origin': '*', 'Cache-Control': 'no-cache', 'ETag': 'W/"47d-VNsVLUOSk3TMelH1XsWht8jmWl8"', 'Vary': 'Accept-Encoding', 'Content-Encoding': 'gzip', 'CF-Cache-Status': 'DYNAMIC', 'Report-To': '{"endpoints":[{"url":"https:\\/\\/a.nel.cloudflare.com\\/report\\/v4?s=UQTurUTQgRAjLYQQ2%2BA7bpjW%2BQInNxky010XO6jt18DSY5f1oJesurNeVdpgmqch%2FBAd3%2F3lGjakKLVpNPiQryYuRsal43Cxo07ZZGs2t246FvPtOpVtuH6kyxiaSchi"}],"group":"cf-nel","max_age":604800}', 'NEL': '{"success_fraction":0,"report_to":"cf-nel","max_age":604800}', 'Server': 'cloudflare', 'CF-RAY': '87e65eb94cc72710-SJC', 'alt-svc': 'h3=":443"; ma=86400'} 
 body={"results":[{"gender":"female","name":{"title":"Mrs","first":"Dunja","last":"Radojičić"},"location":{"street":{"number":970,"name":"Mire Sandić"},"city":"Preševo","state":"Jablanica","country":"Serbia","postcode":54254,"coordinates":{"latitude":"59.4133","longitude":"150.6976"},"timezone":{"offset":"+3:30","description":"Tehran"}},"email":"dunja.radojicic@example.com","login":{"uuid":"398918a1-7e99-45ec-b2c0-8c3f9c1bb5a9","username":"angryleopard775","password":"sandrine","salt":"5JJv3W0k","md5":"96c9d6dbc4cda7bc3b30caa5f395557a","sha1":"6c6d523e4a84c3a32d60b5bdf4c2370c2e7ee1b5","sha256":"a529f5122680a57011839b321d84f983fd01bb9fa3580112135fd5b6c4637062"},"dob":{"date":"1956-01-02T09:58:10.640Z","age":68},"registered":{"date":"2022-03-15T08:33:13.676Z","age":2},"phone":"030-7736-581","cell":"068-1783-705","id":{"name":"SID","value":"423938321"},"picture":{"large":"https://randomuser.me/api/portraits/women/57.jpg","medium":"https://randomuser.me/api/portraits/med/women/57.jpg","thumbnail":"https://randomuser.me/api/portraits/thumb/women/57.jpg"},"nat":"RS"}],"info":{"seed":"eaf2fd917c52ebc0","results":1,"page":1,"version":"1.4"}} 
 </msg>
<msg time="2024-05-04T06:17:50.370339" level="INFO">/opt/hostedtoolcache/Python/3.12.3/x64/lib/python3.12/site-packages/urllib3/connectionpool.py:1103: InsecureRequestWarning: Unverified HTTPS request is being made to host 'randomuser.me'. Adding certificate verification is strongly advised. See: https://urllib3.readthedocs.io/en/latest/advanced-usage.html#tls-warnings
  warnings.warn(</msg>
<msg time="2024-05-04T06:17:50.370448" level="INFO">${response} = &lt;Response [200]&gt;</msg>
<var>${response}</var>
<arg>consultarAPI</arg>
<arg>/api</arg>
<doc>Sends a GET request on a previously created HTTP Session.</doc>
<status status="PASS" start="2024-05-04T06:17:50.111882" elapsed="0.258697"/>
</kw>
<kw name="Should Be Equal As Numbers" owner="BuiltIn">
<msg time="2024-05-04T06:17:50.371436" level="INFO">Argument types are:
&lt;class 'int'&gt;
&lt;class 'str'&gt;</msg>
<arg>${response.status_code}</arg>
<arg>200</arg>
<doc>Fails if objects are unequal after converting them to real numbers.</doc>
<status status="PASS" start="2024-05-04T06:17:50.370983" elapsed="0.000516"/>
</kw>
<kw name="Log" owner="BuiltIn">
<msg time="2024-05-04T06:17:50.372200" level="INFO">200</msg>
<arg>${response.status_code}</arg>
<doc>Logs the given message with the given level.</doc>
<status status="PASS" start="2024-05-04T06:17:50.371848" elapsed="0.000396"/>
</kw>
<kw name="Set Variable" owner="BuiltIn">
<msg time="2024-05-04T06:17:50.372996" level="INFO">${json_data} = {'results': [{'gender': 'female', 'name': {'title': 'Mrs', 'first': 'Dunja', 'last': 'Radojičić'}, 'location': {'street': {'number': 970, 'name': 'Mire Sandić'}, 'city': 'Preševo', 'state': 'Jablanica...</msg>
<var>${json_data}</var>
<arg>${response.json()}</arg>
<doc>Returns the given values which can then be assigned to a variables.</doc>
<status status="PASS" start="2024-05-04T06:17:50.372549" elapsed="0.000477"/>
</kw>
<kw name="Dictionary Should Contain Key" owner="Collections">
<msg time="2024-05-04T06:17:50.373491" level="INFO">False</msg>
<arg>${json_data}</arg>
<arg>results</arg>
<doc>Fails if ``key`` is not found from ``dictionary``.</doc>
<status status="PASS" start="2024-05-04T06:17:50.373327" elapsed="0.000202"/>
</kw>
<status status="PASS" start="2024-05-04T06:17:50.111640" elapsed="0.262138"/>
</kw>
<doc>Testa se a API responde corretamente e retorna um objeto JSON válido.</doc>
<tag>testeRequisicaoBasica</tag>
<status status="PASS" start="2024-05-04T06:17:50.111167" elapsed="0.262785"/>
</test>
<test id="s1-s1-t3" name="Validar estrutura de resposta" line="22">
<kw name="Teste de Estrutura de Resposta" owner="random-user-service">
<kw name="GET On Session" owner="RequestsLibrary">
<msg time="2024-05-04T06:17:50.483614" level="INFO">GET Request : url=https://randomuser.me/api 
 path_url=/api 
 headers={'User-Agent': 'python-requests/2.31.0', 'Accept-Encoding': 'gzip, deflate', 'Accept': '*/*', 'Connection': 'keep-alive'} 
 body=None 
 </msg>
<msg time="2024-05-04T06:17:50.483680" level="INFO">GET Response : url=https://randomuser.me/api 
 status=200, reason=OK 
 headers={'Date': 'Sat, 04 May 2024 06:17:50 GMT', 'Content-Type': 'application/json; charset=utf-8', 'Transfer-Encoding': 'chunked', 'Connection': 'keep-alive', 'X-Powered-By': 'Express', 'Access-Control-Allow-Origin': '*', 'Cache-Control': 'no-cache', 'ETag': 'W/"490-rukuv4iZgpiCG2BLsugA7y1dGkY"', 'Vary': 'Accept-Encoding', 'Content-Encoding': 'gzip', 'CF-Cache-Status': 'DYNAMIC', 'Report-To': '{"endpoints":[{"url":"https:\\/\\/a.nel.cloudflare.com\\/report\\/v4?s=0vtufR%2B%2FAwvVoF%2FTqv6QzKyAZPsPLNsoWOluiP%2F7t3yk37IcsH8Hc6V3z3tQtfCD%2FG1lTmSxU81o7L8qWl%2BBvi%2BNkxPnw2tYlSyVXvm0KRHIg8eS7LoUyec3iGdaJZ5k"}],"group":"cf-nel","max_age":604800}', 'NEL': '{"success_fraction":0,"report_to":"cf-nel","max_age":604800}', 'Server': 'cloudflare', 'CF-RAY': '87e65eb9ed2e2710-SJC', 'alt-svc': 'h3=":443"; ma=86400'} 
 body={"results":[{"gender":"female","name":{"title":"Ms","first":"Clara","last":"Jensen"},"location":{"street":{"number":7634,"name":"Lyngevej"},"city":"Nørrebro","state":"Hovedstaden","country":"Denmark","postcode":60125,"coordinates":{"latitude":"-40.0720","longitude":"151.5386"},"timezone":{"offset":"+5:30","description":"Bombay, Calcutta, Madras, New Delhi"}},"email":"clara.jensen@example.com","login":{"uuid":"33bbc794-8436-4cb9-9b2d-9c78d6852037","username":"ticklishmeercat824","password":"bighead","salt":"rmAVTJKR","md5":"89d67166c8d2fdc64c0fbf6527fb9d61","sha1":"edc659ba0bdcdc202facbda3742deca54b66d733","sha256":"26012716ff104b2d77aee6e30eae371b359a356ed09fd8435e99cab799eab5f8"},"dob":{"date":"1970-01-20T03:16:10.311Z","age":54},"registered":{"date":"2012-11-05T05:08:03.275Z","age":11},"phone":"45310149","cell":"30161108","id":{"name":"CPR","value":"190170-2752"},"picture":{"large":"https://randomuser.me/api/portraits/women/79.jpg","medium":"https://randomuser.me/api/portraits/med/women/79.jpg","thumbnail":"https://randomuser.me/api/portraits/thumb/women/79.jpg"},"nat":"DK"}],"info":{"seed":"4cefa13b5e25bcbb","results":1,"page":1,"version":"1.4"}} 
 </msg>
<msg time="2024-05-04T06:17:50.483775" level="INFO">/opt/hostedtoolcache/Python/3.12.3/x64/lib/python3.12/site-packages/urllib3/connectionpool.py:1103: InsecureRequestWarning: Unverified HTTPS request is being made to host 'randomuser.me'. Adding certificate verification is strongly advised. See: https://urllib3.readthedocs.io/en/latest/advanced-usage.html#tls-warnings
  warnings.warn(</msg>
<msg time="2024-05-04T06:17:50.483889" level="INFO">${response} = &lt;Response [200]&gt;</msg>
<var>${response}</var>
<arg>consultarAPI</arg>
<arg>/api</arg>
<doc>Sends a GET request on a previously created HTTP Session.</doc>
<status status="PASS" start="2024-05-04T06:17:50.376647" elapsed="0.107298"/>
</kw>
<kw name="Set Variable" owner="BuiltIn">
<msg time="2024-05-04T06:17:50.484754" level="INFO">${json_data} = {'results': [{'gender': 'female', 'name': {'title': 'Ms', 'first': 'Clara', 'last': 'Jensen'}, 'location': {'street': {'number': 7634, 'name': 'Lyngevej'}, 'city': 'Nørrebro', 'state': 'Hovedstaden', ...</msg>
<var>${json_data}</var>
<arg>${response.json()}</arg>
<doc>Returns the given values which can then be assigned to a variables.</doc>
<status status="PASS" start="2024-05-04T06:17:50.484300" elapsed="0.000484"/>
</kw>
<kw name="Log" owner="BuiltIn">
<msg time="2024-05-04T06:17:50.485246" level="INFO">{'results': [{'gender': 'female', 'name': {'title': 'Ms', 'first': 'Clara', 'last': 'Jensen'}, 'location': {'street': {'number': 7634, 'name': 'Lyngevej'}, 'city': 'Nørrebro', 'state': 'Hovedstaden', 'country': 'Denmark', 'postcode': 60125, 'coordinates': {'latitude': '-40.0720', 'longitude': '151.5386'}, 'timezone': {'offset': '+5:30', 'description': 'Bombay, Calcutta, Madras, New Delhi'}}, 'email': 'clara.jensen@example.com', 'login': {'uuid': '33bbc794-8436-4cb9-9b2d-9c78d6852037', 'username': 'ticklishmeercat824', 'password': 'bighead', 'salt': 'rmAVTJKR', 'md5': '89d67166c8d2fdc64c0fbf6527fb9d61', 'sha1': 'edc659ba0bdcdc202facbda3742deca54b66d733', 'sha256': '26012716ff104b2d77aee6e30eae371b359a356ed09fd8435e99cab799eab5f8'}, 'dob': {'date': '1970-01-20T03:16:10.311Z', 'age': 54}, 'registered': {'date': '2012-11-05T05:08:03.275Z', 'age': 11}, 'phone': '45310149', 'cell': '30161108', 'id': {'name': 'CPR', 'value': '190170-2752'}, 'picture': {'large': 'https://randomuser.me/api/portraits/women/79.jpg', 'medium': 'https://randomuser.me/api/portraits/med/women/79.jpg', 'thumbnail': 'https://randomuser.me/api/portraits/thumb/women/79.jpg'}, 'nat': 'DK'}], 'info': {'seed': '4cefa13b5e25bcbb', 'results': 1, 'page': 1, 'version': '1.4'}}</msg>
<arg>${json_data}</arg>
<doc>Logs the given message with the given level.</doc>
<status status="PASS" start="2024-05-04T06:17:50.485085" elapsed="0.000211"/>
</kw>
<kw name="Dictionary Should Contain Key" owner="Collections">
<msg time="2024-05-04T06:17:50.485741" level="INFO">False</msg>
<arg>${json_data}</arg>
<arg>results</arg>
<doc>Fails if ``key`` is not found from ``dictionary``.</doc>
<status status="PASS" start="2024-05-04T06:17:50.485593" elapsed="0.000183"/>
</kw>
<kw name="Should Not Be Empty" owner="BuiltIn">
<msg time="2024-05-04T06:17:50.486204" level="INFO">Length is 2.</msg>
<arg>${json_data}</arg>
<doc>Verifies that the given item is not empty.</doc>
<status status="PASS" start="2024-05-04T06:17:50.486058" elapsed="0.000193"/>
</kw>
<kw name="Create List" owner="BuiltIn">
<msg time="2024-05-04T06:17:50.486813" level="INFO">${expected_keys} = ['gender', 'name', 'location', 'email', 'login']</msg>
<var>${expected_keys}</var>
<arg>gender</arg>
<arg>name</arg>
<arg>location</arg>
<arg>email</arg>
<arg>login</arg>
<doc>Returns a list containing given items.</doc>
<status status="PASS" start="2024-05-04T06:17:50.486542" elapsed="0.000295"/>
</kw>
<for flavor="IN">
<iter>
<kw name="Dictionary Should Contain Key" owner="Collections">
<msg time="2024-05-04T06:17:50.487821" level="INFO">False</msg>
<arg>${json_data['results'][0]}</arg>
<arg>${key}</arg>
<doc>Fails if ``key`` is not found from ``dictionary``.</doc>
<status status="PASS" start="2024-05-04T06:17:50.487425" elapsed="0.000433"/>
</kw>
<kw name="Log" owner="BuiltIn">
<msg time="2024-05-04T06:17:50.488516" level="INFO">{'gender': 'female', 'name': {'title': 'Ms', 'first': 'Clara', 'last': 'Jensen'}, 'location': {'street': {'number': 7634, 'name': 'Lyngevej'}, 'city': 'Nørrebro', 'state': 'Hovedstaden', 'country': 'Denmark', 'postcode': 60125, 'coordinates': {'latitude': '-40.0720', 'longitude': '151.5386'}, 'timezone': {'offset': '+5:30', 'description': 'Bombay, Calcutta, Madras, New Delhi'}}, 'email': 'clara.jensen@example.com', 'login': {'uuid': '33bbc794-8436-4cb9-9b2d-9c78d6852037', 'username': 'ticklishmeercat824', 'password': 'bighead', 'salt': 'rmAVTJKR', 'md5': '89d67166c8d2fdc64c0fbf6527fb9d61', 'sha1': 'edc659ba0bdcdc202facbda3742deca54b66d733', 'sha256': '26012716ff104b2d77aee6e30eae371b359a356ed09fd8435e99cab799eab5f8'}, 'dob': {'date': '1970-01-20T03:16:10.311Z', 'age': 54}, 'registered': {'date': '2012-11-05T05:08:03.275Z', 'age': 11}, 'phone': '45310149', 'cell': '30161108', 'id': {'name': 'CPR', 'value': '190170-2752'}, 'picture': {'large': 'https://randomuser.me/api/portraits/women/79.jpg', 'medium': 'https://randomuser.me/api/portraits/med/women/79.jpg', 'thumbnail': 'https://randomuser.me/api/portraits/thumb/women/79.jpg'}, 'nat': 'DK'}</msg>
<arg>${json_data['results'][0]}</arg>
<doc>Logs the given message with the given level.</doc>
<status status="PASS" start="2024-05-04T06:17:50.488153" elapsed="0.000412"/>
</kw>
<kw name="Log" owner="BuiltIn">
<msg time="2024-05-04T06:17:50.488988" level="INFO">gender</msg>
<arg>${key}</arg>
<doc>Logs the given message with the given level.</doc>
<status status="PASS" start="2024-05-04T06:17:50.488861" elapsed="0.000164"/>
</kw>
<var name="${key}">gender</var>
<status status="PASS" start="2024-05-04T06:17:50.487303" elapsed="0.001933"/>
</iter>
<iter>
<kw name="Dictionary Should Contain Key" owner="Collections">
<msg time="2024-05-04T06:17:50.489927" level="INFO">False</msg>
<arg>${json_data['results'][0]}</arg>
<arg>${key}</arg>
<doc>Fails if ``key`` is not found from ``dictionary``.</doc>
<status status="PASS" start="2024-05-04T06:17:50.489533" elapsed="0.000444"/>
</kw>
<kw name="Log" owner="BuiltIn">
<msg time="2024-05-04T06:17:50.490667" level="INFO">{'gender': 'female', 'name': {'title': 'Ms', 'first': 'Clara', 'last': 'Jensen'}, 'location': {'street': {'number': 7634, 'name': 'Lyngevej'}, 'city': 'Nørrebro', 'state': 'Hovedstaden', 'country': 'Denmark', 'postcode': 60125, 'coordinates': {'latitude': '-40.0720', 'longitude': '151.5386'}, 'timezone': {'offset': '+5:30', 'description': 'Bombay, Calcutta, Madras, New Delhi'}}, 'email': 'clara.jensen@example.com', 'login': {'uuid': '33bbc794-8436-4cb9-9b2d-9c78d6852037', 'username': 'ticklishmeercat824', 'password': 'bighead', 'salt': 'rmAVTJKR', 'md5': '89d67166c8d2fdc64c0fbf6527fb9d61', 'sha1': 'edc659ba0bdcdc202facbda3742deca54b66d733', 'sha256': '26012716ff104b2d77aee6e30eae371b359a356ed09fd8435e99cab799eab5f8'}, 'dob': {'date': '1970-01-20T03:16:10.311Z', 'age': 54}, 'registered': {'date': '2012-11-05T05:08:03.275Z', 'age': 11}, 'phone': '45310149', 'cell': '30161108', 'id': {'name': 'CPR', 'value': '190170-2752'}, 'picture': {'large': 'https://randomuser.me/api/portraits/women/79.jpg', 'medium': 'https://randomuser.me/api/portraits/med/women/79.jpg', 'thumbnail': 'https://randomuser.me/api/portraits/thumb/women/79.jpg'}, 'nat': 'DK'}</msg>
<arg>${json_data['results'][0]}</arg>
<doc>Logs the given message with the given level.</doc>
<status status="PASS" start="2024-05-04T06:17:50.490302" elapsed="0.000412"/>
</kw>
<kw name="Log" owner="BuiltIn">
<msg time="2024-05-04T06:17:50.491181" level="INFO">name</msg>
<arg>${key}</arg>
<doc>Logs the given message with the given level.</doc>
<status status="PASS" start="2024-05-04T06:17:50.491019" elapsed="0.000200"/>
</kw>
<var name="${key}">name</var>
<status status="PASS" start="2024-05-04T06:17:50.489419" elapsed="0.002014"/>
</iter>
<iter>
<kw name="Dictionary Should Contain Key" owner="Collections">
<msg time="2024-05-04T06:17:50.492099" level="INFO">False</msg>
<arg>${json_data['results'][0]}</arg>
<arg>${key}</arg>
<doc>Fails if ``key`` is not found from ``dictionary``.</doc>
<status status="PASS" start="2024-05-04T06:17:50.491720" elapsed="0.000416"/>
</kw>
<kw name="Log" owner="BuiltIn">
<msg time="2024-05-04T06:17:50.492787" level="INFO">{'gender': 'female', 'name': {'title': 'Ms', 'first': 'Clara', 'last': 'Jensen'}, 'location': {'street': {'number': 7634, 'name': 'Lyngevej'}, 'city': 'Nørrebro', 'state': 'Hovedstaden', 'country': 'Denmark', 'postcode': 60125, 'coordinates': {'latitude': '-40.0720', 'longitude': '151.5386'}, 'timezone': {'offset': '+5:30', 'description': 'Bombay, Calcutta, Madras, New Delhi'}}, 'email': 'clara.jensen@example.com', 'login': {'uuid': '33bbc794-8436-4cb9-9b2d-9c78d6852037', 'username': 'ticklishmeercat824', 'password': 'bighead', 'salt': 'rmAVTJKR', 'md5': '89d67166c8d2fdc64c0fbf6527fb9d61', 'sha1': 'edc659ba0bdcdc202facbda3742deca54b66d733', 'sha256': '26012716ff104b2d77aee6e30eae371b359a356ed09fd8435e99cab799eab5f8'}, 'dob': {'date': '1970-01-20T03:16:10.311Z', 'age': 54}, 'registered': {'date': '2012-11-05T05:08:03.275Z', 'age': 11}, 'phone': '45310149', 'cell': '30161108', 'id': {'name': 'CPR', 'value': '190170-2752'}, 'picture': {'large': 'https://randomuser.me/api/portraits/women/79.jpg', 'medium': 'https://randomuser.me/api/portraits/med/women/79.jpg', 'thumbnail': 'https://randomuser.me/api/portraits/thumb/women/79.jpg'}, 'nat': 'DK'}</msg>
<arg>${json_data['results'][0]}</arg>
<doc>Logs the given message with the given level.</doc>
<status status="PASS" start="2024-05-04T06:17:50.492431" elapsed="0.000404"/>
</kw>
<kw name="Log" owner="BuiltIn">
<msg time="2024-05-04T06:17:50.493285" level="INFO">location</msg>
<arg>${key}</arg>
<doc>Logs the given message with the given level.</doc>
<status status="PASS" start="2024-05-04T06:17:50.493155" elapsed="0.000168"/>
</kw>
<var name="${key}">location</var>
<status status="PASS" start="2024-05-04T06:17:50.491610" elapsed="0.001927"/>
</iter>
<iter>
<kw name="Dictionary Should Contain Key" owner="Collections">
<msg time="2024-05-04T06:17:50.494199" level="INFO">False</msg>
<arg>${json_data['results'][0]}</arg>
<arg>${key}</arg>
<doc>Fails if ``key`` is not found from ``dictionary``.</doc>
<status status="PASS" start="2024-05-04T06:17:50.493816" elapsed="0.000419"/>
</kw>
<kw name="Log" owner="BuiltIn">
<msg time="2024-05-04T06:17:50.494885" level="INFO">{'gender': 'female', 'name': {'title': 'Ms', 'first': 'Clara', 'last': 'Jensen'}, 'location': {'street': {'number': 7634, 'name': 'Lyngevej'}, 'city': 'Nørrebro', 'state': 'Hovedstaden', 'country': 'Denmark', 'postcode': 60125, 'coordinates': {'latitude': '-40.0720', 'longitude': '151.5386'}, 'timezone': {'offset': '+5:30', 'description': 'Bombay, Calcutta, Madras, New Delhi'}}, 'email': 'clara.jensen@example.com', 'login': {'uuid': '33bbc794-8436-4cb9-9b2d-9c78d6852037', 'username': 'ticklishmeercat824', 'password': 'bighead', 'salt': 'rmAVTJKR', 'md5': '89d67166c8d2fdc64c0fbf6527fb9d61', 'sha1': 'edc659ba0bdcdc202facbda3742deca54b66d733', 'sha256': '26012716ff104b2d77aee6e30eae371b359a356ed09fd8435e99cab799eab5f8'}, 'dob': {'date': '1970-01-20T03:16:10.311Z', 'age': 54}, 'registered': {'date': '2012-11-05T05:08:03.275Z', 'age': 11}, 'phone': '45310149', 'cell': '30161108', 'id': {'name': 'CPR', 'value': '190170-2752'}, 'picture': {'large': 'https://randomuser.me/api/portraits/women/79.jpg', 'medium': 'https://randomuser.me/api/portraits/med/women/79.jpg', 'thumbnail': 'https://randomuser.me/api/portraits/thumb/women/79.jpg'}, 'nat': 'DK'}</msg>
<arg>${json_data['results'][0]}</arg>
<doc>Logs the given message with the given level.</doc>
<status status="PASS" start="2024-05-04T06:17:50.494527" elapsed="0.000407"/>
</kw>
<kw name="Log" owner="BuiltIn">
<msg time="2024-05-04T06:17:50.495378" level="INFO">email</msg>
<arg>${key}</arg>
<doc>Logs the given message with the given level.</doc>
<status status="PASS" start="2024-05-04T06:17:50.495252" elapsed="0.000163"/>
</kw>
<var name="${key}">email</var>
<status status="PASS" start="2024-05-04T06:17:50.493707" elapsed="0.001920"/>
</iter>
<iter>
<kw name="Dictionary Should Contain Key" owner="Collections">
<msg time="2024-05-04T06:17:50.496286" level="INFO">False</msg>
<arg>${json_data['results'][0]}</arg>
<arg>${key}</arg>
<doc>Fails if ``key`` is not found from ``dictionary``.</doc>
<status status="PASS" start="2024-05-04T06:17:50.495904" elapsed="0.000418"/>
</kw>
<kw name="Log" owner="BuiltIn">
<msg time="2024-05-04T06:17:50.496979" level="INFO">{'gender': 'female', 'name': {'title': 'Ms', 'first': 'Clara', 'last': 'Jensen'}, 'location': {'street': {'number': 7634, 'name': 'Lyngevej'}, 'city': 'Nørrebro', 'state': 'Hovedstaden', 'country': 'Denmark', 'postcode': 60125, 'coordinates': {'latitude': '-40.0720', 'longitude': '151.5386'}, 'timezone': {'offset': '+5:30', 'description': 'Bombay, Calcutta, Madras, New Delhi'}}, 'email': 'clara.jensen@example.com', 'login': {'uuid': '33bbc794-8436-4cb9-9b2d-9c78d6852037', 'username': 'ticklishmeercat824', 'password': 'bighead', 'salt': 'rmAVTJKR', 'md5': '89d67166c8d2fdc64c0fbf6527fb9d61', 'sha1': 'edc659ba0bdcdc202facbda3742deca54b66d733', 'sha256': '26012716ff104b2d77aee6e30eae371b359a356ed09fd8435e99cab799eab5f8'}, 'dob': {'date': '1970-01-20T03:16:10.311Z', 'age': 54}, 'registered': {'date': '2012-11-05T05:08:03.275Z', 'age': 11}, 'phone': '45310149', 'cell': '30161108', 'id': {'name': 'CPR', 'value': '190170-2752'}, 'picture': {'large': 'https://randomuser.me/api/portraits/women/79.jpg', 'medium': 'https://randomuser.me/api/portraits/med/women/79.jpg', 'thumbnail': 'https://randomuser.me/api/portraits/thumb/women/79.jpg'}, 'nat': 'DK'}</msg>
<arg>${json_data['results'][0]}</arg>
<doc>Logs the given message with the given level.</doc>
<status status="PASS" start="2024-05-04T06:17:50.496613" elapsed="0.000415"/>
</kw>
<kw name="Log" owner="BuiltIn">
<msg time="2024-05-04T06:17:50.497453" level="INFO">login</msg>
<arg>${key}</arg>
<doc>Logs the given message with the given level.</doc>
<status status="PASS" start="2024-05-04T06:17:50.497325" elapsed="0.000166"/>
</kw>
<var name="${key}">login</var>
<status status="PASS" start="2024-05-04T06:17:50.495795" elapsed="0.001931"/>
</iter>
<var>${key}</var>
<value>@{expected_keys}</value>
<status status="PASS" start="2024-05-04T06:17:50.487123" elapsed="0.010727"/>
</for>
<kw name="Create List" owner="BuiltIn">
<msg time="2024-05-04T06:17:50.498175" level="INFO">${expected_keysTwo} = ['username', 'password']</msg>
<var>${expected_keysTwo}</var>
<arg>username</arg>
<arg>password</arg>
<doc>Returns a list containing given items.</doc>
<status status="PASS" start="2024-05-04T06:17:50.498040" elapsed="0.000158"/>
</kw>
<for flavor="IN">
<iter>
<kw name="Dictionary Should Contain Key" owner="Collections">
<msg time="2024-05-04T06:17:50.499095" level="INFO">False</msg>
<arg>${json_data['results'][0]['login']}</arg>
<arg>${keyTwo}</arg>
<doc>Fails if ``key`` is not found from ``dictionary``.</doc>
<status status="PASS" start="2024-05-04T06:17:50.498684" elapsed="0.000447"/>
</kw>
<kw name="Dictionary Should Contain Key" owner="Collections">
<msg time="2024-05-04T06:17:50.499807" level="INFO">False</msg>
<arg>${json_data['results'][0]['login']}</arg>
<arg>${keyTwo}</arg>
<doc>Fails if ``key`` is not found from ``dictionary``.</doc>
<status status="PASS" start="2024-05-04T06:17:50.499423" elapsed="0.000420"/>
</kw>
<kw name="Log" owner="BuiltIn">
<msg time="2024-05-04T06:17:50.500254" level="INFO">username</msg>
<arg>${keyTwo}</arg>
<doc>Logs the given message with the given level.</doc>
<status status="PASS" start="2024-05-04T06:17:50.500129" elapsed="0.000166"/>
</kw>
<var name="${keyTwo}">username</var>
<status status="PASS" start="2024-05-04T06:17:50.498577" elapsed="0.001929"/>
</iter>
<iter>
<kw name="Dictionary Should Contain Key" owner="Collections">
<msg time="2024-05-04T06:17:50.501161" level="INFO">False</msg>
<arg>${json_data['results'][0]['login']}</arg>
<arg>${keyTwo}</arg>
<doc>Fails if ``key`` is not found from ``dictionary``.</doc>
<status status="PASS" start="2024-05-04T06:17:50.500783" elapsed="0.000414"/>
</kw>
<kw name="Dictionary Should Contain Key" owner="Collections">
<msg time="2024-05-04T06:17:50.501946" level="INFO">False</msg>
<arg>${json_data['results'][0]['login']}</arg>
<arg>${keyTwo}</arg>
<doc>Fails if ``key`` is not found from ``dictionary``.</doc>
<status status="PASS" start="2024-05-04T06:17:50.501482" elapsed="0.000501"/>
</kw>
<kw name="Log" owner="BuiltIn">
<msg time="2024-05-04T06:17:50.502401" level="INFO">password</msg>
<arg>${keyTwo}</arg>
<doc>Logs the given message with the given level.</doc>
<status status="PASS" start="2024-05-04T06:17:50.502274" elapsed="0.000164"/>
</kw>
<var name="${keyTwo}">password</var>
<status status="PASS" start="2024-05-04T06:17:50.500675" elapsed="0.001976"/>
</iter>
<var>${keyTwo}</var>
<value>@{expected_keysTwo}</value>
<status status="PASS" start="2024-05-04T06:17:50.498429" elapsed="0.004340"/>
</for>
<status status="PASS" start="2024-05-04T06:17:50.376415" elapsed="0.126490"/>
</kw>
<doc>Testa a estrutura da resposta da API.</doc>
<tag>testeEstruturaResposta</tag>
<status status="PASS" start="2024-05-04T06:17:50.375815" elapsed="0.127263"/>
</test>
<test id="s1-s1-t4" name="Validar tipos de dados" line="28">
<kw name="Teste de Tipos de Dados" owner="random-user-service">
<kw name="GET On Session" owner="RequestsLibrary">
<msg time="2024-05-04T06:17:50.615069" level="INFO">GET Request : url=https://randomuser.me/api 
 path_url=/api 
 headers={'User-Agent': 'python-requests/2.31.0', 'Accept-Encoding': 'gzip, deflate', 'Accept': '*/*', 'Connection': 'keep-alive'} 
 body=None 
 </msg>
<msg time="2024-05-04T06:17:50.615155" level="INFO">GET Response : url=https://randomuser.me/api 
 status=200, reason=OK 
 headers={'Date': 'Sat, 04 May 2024 06:17:50 GMT', 'Content-Type': 'application/json; charset=utf-8', 'Transfer-Encoding': 'chunked', 'Connection': 'keep-alive', 'X-Powered-By': 'Express', 'Access-Control-Allow-Origin': '*', 'Cache-Control': 'no-cache', 'ETag': 'W/"49c-eeSoQrdCMWWouvik2Dvu9oA0PyA"', 'Vary': 'Accept-Encoding', 'Content-Encoding': 'gzip', 'CF-Cache-Status': 'DYNAMIC', 'Report-To': '{"endpoints":[{"url":"https:\\/\\/a.nel.cloudflare.com\\/report\\/v4?s=Bla2YHKSMHIrA7ffO1Onk0ILTyeAdoiXtVU1PALVLzE27IK77sz42VkQhhDUU6iDZFTvoxyvf1AcG2QKR1EV7N4rjs0sPADdw71EpL2NH95cpeyezw6mYKwSGsNgVs%2BB"}],"group":"cf-nel","max_age":604800}', 'NEL': '{"success_fraction":0,"report_to":"cf-nel","max_age":604800}', 'Server': 'cloudflare', 'CF-RAY': '87e65ebaadc22710-SJC', 'alt-svc': 'h3=":443"; ma=86400'} 
 body={"results":[{"gender":"female","name":{"title":"Miss","first":"Bushra","last":"Myhrvold"},"location":{"street":{"number":2182,"name":"Montebellobakken"},"city":"Jortveit","state":"Aust-Agder","country":"Norway","postcode":"5521","coordinates":{"latitude":"42.5991","longitude":"21.8668"},"timezone":{"offset":"+11:00","description":"Magadan, Solomon Islands, New Caledonia"}},"email":"bushra.myhrvold@example.com","login":{"uuid":"292f3950-2d50-4a6d-a189-5d84d39f1076","username":"organicfrog885","password":"kendall","salt":"YxaPy2lh","md5":"c75fc495e3bdea828ec67f5a783a60fa","sha1":"5d15b216b7898e6ea12ee877243646274f7ff8fd","sha256":"242da69eac8d755b896b57624cf55f456fee6498e0eefa12ccadb0fb991396d9"},"dob":{"date":"1973-03-12T16:31:28.301Z","age":51},"registered":{"date":"2007-05-20T19:58:13.694Z","age":16},"phone":"36900441","cell":"98744921","id":{"name":"FN","value":"12037315867"},"picture":{"large":"https://randomuser.me/api/portraits/women/84.jpg","medium":"https://randomuser.me/api/portraits/med/women/84.jpg","thumbnail":"https://randomuser.me/api/portraits/thumb/women/84.jpg"},"nat":"NO"}],"info":{"seed":"27bde1084ecc3c05","results":1,"page":1,"version":"1.4"}} 
 </msg>
<msg time="2024-05-04T06:17:50.615230" level="INFO">/opt/hostedtoolcache/Python/3.12.3/x64/lib/python3.12/site-packages/urllib3/connectionpool.py:1103: InsecureRequestWarning: Unverified HTTPS request is being made to host 'randomuser.me'. Adding certificate verification is strongly advised. See: https://urllib3.readthedocs.io/en/latest/advanced-usage.html#tls-warnings
  warnings.warn(</msg>
<msg time="2024-05-04T06:17:50.615370" level="INFO">${response} = &lt;Response [200]&gt;</msg>
<var>${response}</var>
<arg>consultarAPI</arg>
<arg>/api</arg>
<doc>Sends a GET request on a previously created HTTP Session.</doc>
<status status="PASS" start="2024-05-04T06:17:50.505636" elapsed="0.109781"/>
</kw>
<kw name="Set Variable" owner="BuiltIn">
<msg time="2024-05-04T06:17:50.616283" level="INFO">${json_data} = {'results': [{'gender': 'female', 'name': {'title': 'Miss', 'first': 'Bushra', 'last': 'Myhrvold'}, 'location': {'street': {'number': 2182, 'name': 'Montebellobakken'}, 'city': 'Jortveit', 'state': 'A...</msg>
<var>${json_data}</var>
<arg>${response.json()}</arg>
<doc>Returns the given values which can then be assigned to a variables.</doc>
<status status="PASS" start="2024-05-04T06:17:50.615838" elapsed="0.000473"/>
</kw>
<kw name="Log" owner="BuiltIn">
<msg time="2024-05-04T06:17:50.616779" level="INFO">{'results': [{'gender': 'female', 'name': {'title': 'Miss', 'first': 'Bushra', 'last': 'Myhrvold'}, 'location': {'street': {'number': 2182, 'name': 'Montebellobakken'}, 'city': 'Jortveit', 'state': 'Aust-Agder', 'country': 'Norway', 'postcode': '5521', 'coordinates': {'latitude': '42.5991', 'longitude': '21.8668'}, 'timezone': {'offset': '+11:00', 'description': 'Magadan, Solomon Islands, New Caledonia'}}, 'email': 'bushra.myhrvold@example.com', 'login': {'uuid': '292f3950-2d50-4a6d-a189-5d84d39f1076', 'username': 'organicfrog885', 'password': 'kendall', 'salt': 'YxaPy2lh', 'md5': 'c75fc495e3bdea828ec67f5a783a60fa', 'sha1': '5d15b216b7898e6ea12ee877243646274f7ff8fd', 'sha256': '242da69eac8d755b896b57624cf55f456fee6498e0eefa12ccadb0fb991396d9'}, 'dob': {'date': '1973-03-12T16:31:28.301Z', 'age': 51}, 'registered': {'date': '2007-05-20T19:58:13.694Z', 'age': 16}, 'phone': '36900441', 'cell': '98744921', 'id': {'name': 'FN', 'value': '12037315867'}, 'picture': {'large': 'https://randomuser.me/api/portraits/women/84.jpg', 'medium': 'https://randomuser.me/api/portraits/med/women/84.jpg', 'thumbnail': 'https://randomuser.me/api/portraits/thumb/women/84.jpg'}, 'nat': 'NO'}], 'info': {'seed': '27bde1084ecc3c05', 'results': 1, 'page': 1, 'version': '1.4'}}</msg>
<arg>${json_data}</arg>
<doc>Logs the given message with the given level.</doc>
<status status="PASS" start="2024-05-04T06:17:50.616625" elapsed="0.000232"/>
</kw>
<kw name="Should Be String" owner="String">
<arg>${json_data['results'][0]['gender']}</arg>
<doc>Fails if the given ``item`` is not a string.</doc>
<status status="PASS" start="2024-05-04T06:17:50.617158" elapsed="0.000370"/>
</kw>
<kw name="Should Match Regexp" owner="BuiltIn">
<arg>${json_data['results'][0]['email']}</arg>
<arg>^[a-zA-Z0-9._%+-]+@[a-zA-Z0-9.-]+\.[a-zA-Z]{2,}$</arg>
<doc>Fails if ``string`` does not match ``pattern`` as a regular expression.</doc>
<status status="PASS" start="2024-05-04T06:17:50.617725" elapsed="0.000501"/>
</kw>
<kw name="Should Match Regexp" owner="BuiltIn">
<arg>${json_data['results'][0]['dob']['date']}</arg>
<arg>\\d{4}-\\d{2}-\\d{2}T\\d{2}:\\d{2}:\\d{2}\\.\\d{3}Z</arg>
<doc>Fails if ``string`` does not match ``pattern`` as a regular expression.</doc>
<status status="PASS" start="2024-05-04T06:17:50.618421" elapsed="0.000482"/>
</kw>
<kw name="Should Match Regexp" owner="BuiltIn">
<arg>${json_data['results'][0]['registered']['date']}</arg>
<arg>\\d{4}-\\d{2}-\\d{2}T\\d{2}:\\d{2}:\\d{2}\\.\\d{3}Z</arg>
<doc>Fails if ``string`` does not match ``pattern`` as a regular expression.</doc>
<status status="PASS" start="2024-05-04T06:17:50.619115" elapsed="0.000374"/>
</kw>
<kw name="Should Match Regexp" owner="BuiltIn">
<arg>${json_data['results'][0]['picture']['large']}</arg>
<arg>^https?://.*\.(?:png|jpe?g|gif|bmp)$</arg>
<doc>Fails if ``string`` does not match ``pattern`` as a regular expression.</doc>
<status status="PASS" start="2024-05-04T06:17:50.619675" elapsed="0.000457"/>
</kw>
<kw name="Should Match Regexp" owner="BuiltIn">
<arg>${json_data['results'][0]['picture']['medium']}</arg>
<arg>^https?://.*\.(?:png|jpe?g|gif|bmp)$</arg>
<doc>Fails if ``string`` does not match ``pattern`` as a regular expression.</doc>
<status status="PASS" start="2024-05-04T06:17:50.620321" elapsed="0.000350"/>
</kw>
<kw name="Should Match Regexp" owner="BuiltIn">
<arg>${json_data['results'][0]['picture']['thumbnail']}</arg>
<arg>^https?://.*\.(?:png|jpe?g|gif|bmp)$</arg>
<doc>Fails if ``string`` does not match ``pattern`` as a regular expression.</doc>
<status status="PASS" start="2024-05-04T06:17:50.620858" elapsed="0.000357"/>
</kw>
<kw name="Log" owner="BuiltIn">
<msg time="2024-05-04T06:17:50.621719" level="INFO">{'large': 'https://randomuser.me/api/portraits/women/84.jpg', 'medium': 'https://randomuser.me/api/portraits/med/women/84.jpg', 'thumbnail': 'https://randomuser.me/api/portraits/thumb/women/84.jpg'}</msg>
<arg>${json_data['results'][0]['picture']}</arg>
<doc>Logs the given message with the given level.</doc>
<status status="PASS" start="2024-05-04T06:17:50.621397" elapsed="0.000364"/>
</kw>
<status status="PASS" start="2024-05-04T06:17:50.505417" elapsed="0.116594"/>
</kw>
<kw name="Teste de Tipos de Dados - Postcode" owner="random-user-service">
<kw name="GET On Session" owner="RequestsLibrary">
<msg time="2024-05-04T06:17:50.706909" level="INFO">GET Request : url=https://randomuser.me/api 
 path_url=/api 
 headers={'User-Agent': 'python-requests/2.31.0', 'Accept-Encoding': 'gzip, deflate', 'Accept': '*/*', 'Connection': 'keep-alive'} 
 body=None 
 </msg>
<msg time="2024-05-04T06:17:50.706977" level="INFO">GET Response : url=https://randomuser.me/api 
 status=200, reason=OK 
 headers={'Date': 'Sat, 04 May 2024 06:17:50 GMT', 'Content-Type': 'application/json; charset=utf-8', 'Transfer-Encoding': 'chunked', 'Connection': 'keep-alive', 'X-Powered-By': 'Express', 'Access-Control-Allow-Origin': '*', 'Cache-Control': 'no-cache', 'ETag': 'W/"490-GsaIktExDOiCV1rH6+tMJhkZYQQ"', 'Vary': 'Accept-Encoding', 'Content-Encoding': 'gzip', 'CF-Cache-Status': 'DYNAMIC', 'Report-To': '{"endpoints":[{"url":"https:\\/\\/a.nel.cloudflare.com\\/report\\/v4?s=Vy9ZwOeSKGNRhB9bZFVJgKhHadqqkLb7G9VogVK6xLJPpZLpg5qc1MX0LBEgkcimGan09Fm8bqBEfooqa46k%2FE1gKZGrP3jdrf8vp%2BOva0e%2Bjv42C2JMdKT2qqSmE5NY"}],"group":"cf-nel","max_age":604800}', 'NEL': '{"success_fraction":0,"report_to":"cf-nel","max_age":604800}', 'Server': 'cloudflare', 'CF-RAY': '87e65ebb6e342710-SJC', 'alt-svc': 'h3=":443"; ma=86400'} 
 body={"results":[{"gender":"male","name":{"title":"Mr","first":"Brativoy","last":"Vasilyuk"},"location":{"street":{"number":2738,"name":"Gnata Yuri"},"city":"Odesa","state":"Kirovogradska","country":"Ukraine","postcode":48591,"coordinates":{"latitude":"76.0755","longitude":"-73.9848"},"timezone":{"offset":"-6:00","description":"Central Time (US &amp; Canada), Mexico City"}},"email":"brativoy.vasilyuk@example.com","login":{"uuid":"1234fa76-0803-4abc-b189-d7d9a702b6f9","username":"orangemeercat851","password":"annie","salt":"aGdmPSYT","md5":"e0e97dc9c77be9b97b9f67d7c262bb97","sha1":"bb0662421f2e2eb7ccb2f5336f45a48ddd22a3e3","sha256":"0f880599235578af203183df32ce54991ed447edc2cb57e6f3f895369580bfb2"},"dob":{"date":"1972-01-29T06:58:32.817Z","age":52},"registered":{"date":"2019-08-04T09:15:51.128Z","age":4},"phone":"(097) L01-6396","cell":"(096) M07-0408","id":{"name":"","value":null},"picture":{"large":"https://randomuser.me/api/portraits/men/57.jpg","medium":"https://randomuser.me/api/portraits/med/men/57.jpg","thumbnail":"https://randomuser.me/api/portraits/thumb/men/57.jpg"},"nat":"UA"}],"info":{"seed":"8b8651f22985396c","results":1,"page":1,"version":"1.4"}} 
 </msg>
<msg time="2024-05-04T06:17:50.707053" level="INFO">/opt/hostedtoolcache/Python/3.12.3/x64/lib/python3.12/site-packages/urllib3/connectionpool.py:1103: InsecureRequestWarning: Unverified HTTPS request is being made to host 'randomuser.me'. Adding certificate verification is strongly advised. See: https://urllib3.readthedocs.io/en/latest/advanced-usage.html#tls-warnings
  warnings.warn(</msg>
<msg time="2024-05-04T06:17:50.707162" level="INFO">${response} = &lt;Response [200]&gt;</msg>
<var>${response}</var>
<arg>consultarAPI</arg>
<arg>/api</arg>
<doc>Sends a GET request on a previously created HTTP Session.</doc>
<status status="PASS" start="2024-05-04T06:17:50.622439" elapsed="0.084764"/>
</kw>
<kw name="Set Variable" owner="BuiltIn">
<msg time="2024-05-04T06:17:50.707975" level="INFO">${json_data} = {'results': [{'gender': 'male', 'name': {'title': 'Mr', 'first': 'Brativoy', 'last': 'Vasilyuk'}, 'location': {'street': {'number': 2738, 'name': 'Gnata Yuri'}, 'city': 'Odesa', 'state': 'Kirovogradsk...</msg>
<var>${json_data}</var>
<arg>${response.json()}</arg>
<doc>Returns the given values which can then be assigned to a variables.</doc>
<status status="PASS" start="2024-05-04T06:17:50.707537" elapsed="0.000465"/>
</kw>
<kw name="Log" owner="BuiltIn">
<msg time="2024-05-04T06:17:50.708447" level="INFO">{'results': [{'gender': 'male', 'name': {'title': 'Mr', 'first': 'Brativoy', 'last': 'Vasilyuk'}, 'location': {'street': {'number': 2738, 'name': 'Gnata Yuri'}, 'city': 'Odesa', 'state': 'Kirovogradska', 'country': 'Ukraine', 'postcode': 48591, 'coordinates': {'latitude': '76.0755', 'longitude': '-73.9848'}, 'timezone': {'offset': '-6:00', 'description': 'Central Time (US &amp; Canada), Mexico City'}}, 'email': 'brativoy.vasilyuk@example.com', 'login': {'uuid': '1234fa76-0803-4abc-b189-d7d9a702b6f9', 'username': 'orangemeercat851', 'password': 'annie', 'salt': 'aGdmPSYT', 'md5': 'e0e97dc9c77be9b97b9f67d7c262bb97', 'sha1': 'bb0662421f2e2eb7ccb2f5336f45a48ddd22a3e3', 'sha256': '0f880599235578af203183df32ce54991ed447edc2cb57e6f3f895369580bfb2'}, 'dob': {'date': '1972-01-29T06:58:32.817Z', 'age': 52}, 'registered': {'date': '2019-08-04T09:15:51.128Z', 'age': 4}, 'phone': '(097) L01-6396', 'cell': '(096) M07-0408', 'id': {'name': '', 'value': None}, 'picture': {'large': 'https://randomuser.me/api/portraits/men/57.jpg', 'medium': 'https://randomuser.me/api/portraits/med/men/57.jpg', 'thumbnail': 'https://randomuser.me/api/portraits/thumb/men/57.jpg'}, 'nat': 'UA'}], 'info': {'seed': '8b8651f22985396c', 'results': 1, 'page': 1, 'version': '1.4'}}</msg>
<arg>${json_data}</arg>
<doc>Logs the given message with the given level.</doc>
<status status="PASS" start="2024-05-04T06:17:50.708297" elapsed="0.000226"/>
</kw>
<kw name="Should Be Equal As Numbers" owner="BuiltIn">
<arg>${json_data['results'][0]['location']['postcode']}</arg>
<arg>${json_data['results'][0]['location']['postcode']}</arg>
<doc>Fails if objects are unequal after converting them to real numbers.</doc>
<status status="PASS" start="2024-05-04T06:17:50.708819" elapsed="0.000732"/>
</kw>
<kw name="Log" owner="BuiltIn">
<msg time="2024-05-04T06:17:50.710075" level="INFO">48591</msg>
<arg>${json_data['results'][0]['location']['postcode']}</arg>
<doc>Logs the given message with the given level.</doc>
<status status="PASS" start="2024-05-04T06:17:50.709742" elapsed="0.000373"/>
</kw>
<status status="PASS" start="2024-05-04T06:17:50.622221" elapsed="0.088138"/>
</kw>
<doc>Testa se os tipos de dados na resposta da API estão corretos.</doc>
<tag>testeTiposDados</tag>
<status status="PASS" start="2024-05-04T06:17:50.505002" elapsed="0.205510"/>
</test>
<test id="s1-s1-t5" name="Validar conteudo" line="35">
<kw name="Teste de Tipos de Conteudo" owner="random-user-service">
<kw name="GET On Session" owner="RequestsLibrary">
<msg time="2024-05-04T06:17:50.806853" level="INFO">GET Request : url=https://randomuser.me/api 
 path_url=/api 
 headers={'User-Agent': 'python-requests/2.31.0', 'Accept-Encoding': 'gzip, deflate', 'Accept': '*/*', 'Connection': 'keep-alive'} 
 body=None 
 </msg>
<msg time="2024-05-04T06:17:50.806940" level="INFO">GET Response : url=https://randomuser.me/api 
 status=200, reason=OK 
 headers={'Date': 'Sat, 04 May 2024 06:17:50 GMT', 'Content-Type': 'application/json; charset=utf-8', 'Transfer-Encoding': 'chunked', 'Connection': 'keep-alive', 'X-Powered-By': 'Express', 'Access-Control-Allow-Origin': '*', 'Cache-Control': 'no-cache', 'ETag': 'W/"473-fo6jn2Syj5R7hwlkEQF1d4oMShA"', 'Vary': 'Accept-Encoding', 'Content-Encoding': 'gzip', 'CF-Cache-Status': 'DYNAMIC', 'Report-To': '{"endpoints":[{"url":"https:\\/\\/a.nel.cloudflare.com\\/report\\/v4?s=VhXsRzxpiFaIpcFn6Nn1ucaPdqOcygGtC5lNtFFfImccxob0wSO%2BL5243Ph5KPNVPt4ey0DPZEJ6qvx0vtgzEoke7puIb0%2FT45N7Cp6NMg%2BkysaW2yPR3Z%2BorIIfL0KN"}],"group":"cf-nel","max_age":604800}', 'NEL': '{"success_fraction":0,"report_to":"cf-nel","max_age":604800}', 'Server': 'cloudflare', 'CF-RAY': '87e65ebbfeab2710-SJC', 'alt-svc': 'h3=":443"; ma=86400'} 
 body={"results":[{"gender":"male","name":{"title":"Mr","first":"Joel","last":"Jutila"},"location":{"street":{"number":4319,"name":"Suvantokatu"},"city":"Kankaanpää","state":"Lapland","country":"Finland","postcode":35135,"coordinates":{"latitude":"-25.8875","longitude":"-114.3893"},"timezone":{"offset":"+4:30","description":"Kabul"}},"email":"joel.jutila@example.com","login":{"uuid":"53a6d344-aa72-45ea-a789-4f9be2becd15","username":"orangemouse343","password":"howell","salt":"ONBlv4Oz","md5":"2864a118e4daf08978b884848292f39e","sha1":"002e26089190881a80f1b0750429bda33f40bd4f","sha256":"d2da7aab3aa95f3ebf584cbd2e076b778c398fb873b8111ca33b121bcccee17d"},"dob":{"date":"1999-07-20T21:35:37.299Z","age":24},"registered":{"date":"2014-08-09T13:02:03.034Z","age":9},"phone":"09-179-880","cell":"043-906-80-70","id":{"name":"HETU","value":"NaNNA823undefined"},"picture":{"large":"https://randomuser.me/api/portraits/men/73.jpg","medium":"https://randomuser.me/api/portraits/med/men/73.jpg","thumbnail":"https://randomuser.me/api/portraits/thumb/men/73.jpg"},"nat":"FI"}],"info":{"seed":"3c08410e4f9a5ecf","results":1,"page":1,"version":"1.4"}} 
 </msg>
<msg time="2024-05-04T06:17:50.807015" level="INFO">/opt/hostedtoolcache/Python/3.12.3/x64/lib/python3.12/site-packages/urllib3/connectionpool.py:1103: InsecureRequestWarning: Unverified HTTPS request is being made to host 'randomuser.me'. Adding certificate verification is strongly advised. See: https://urllib3.readthedocs.io/en/latest/advanced-usage.html#tls-warnings
  warnings.warn(</msg>
<msg time="2024-05-04T06:17:50.807174" level="INFO">${response} = &lt;Response [200]&gt;</msg>
<var>${response}</var>
<arg>consultarAPI</arg>
<arg>/api</arg>
<doc>Sends a GET request on a previously created HTTP Session.</doc>
<status status="PASS" start="2024-05-04T06:17:50.712873" elapsed="0.094337"/>
</kw>
<kw name="Set Variable" owner="BuiltIn">
<msg time="2024-05-04T06:17:50.807991" level="INFO">${json_data} = {'results': [{'gender': 'male', 'name': {'title': 'Mr', 'first': 'Joel', 'last': 'Jutila'}, 'location': {'street': {'number': 4319, 'name': 'Suvantokatu'}, 'city': 'Kankaanpää', 'state': 'Lapland', 'c...</msg>
<var>${json_data}</var>
<arg>${response.json()}</arg>
<doc>Returns the given values which can then be assigned to a variables.</doc>
<status status="PASS" start="2024-05-04T06:17:50.807551" elapsed="0.000469"/>
</kw>
<kw name="Set Variable" owner="BuiltIn">
<msg time="2024-05-04T06:17:50.808711" level="INFO">${name_title} = Mr</msg>
<var>${name_title}</var>
<arg>${json_data["results"][0]["name"]["title"]}</arg>
<doc>Returns the given values which can then be assigned to a variables.</doc>
<status status="PASS" start="2024-05-04T06:17:50.808325" elapsed="0.000411"/>
</kw>
<kw name="Create List" owner="BuiltIn">
<msg time="2024-05-04T06:17:50.809185" level="INFO">${allowed_titles} = ['Mr', 'Ms', 'Miss', 'Mrs', 'Madame', 'Monsieur']</msg>
<var>${allowed_titles}</var>
<arg>Mr</arg>
<arg>Ms</arg>
<arg>Miss</arg>
<arg>Mrs</arg>
<arg>Madame</arg>
<arg>Monsieur</arg>
<doc>Returns a list containing given items.</doc>
<status status="PASS" start="2024-05-04T06:17:50.809034" elapsed="0.000177"/>
</kw>
<kw name="List Should Contain Value" owner="Collections">
<msg time="2024-05-04T06:17:50.809679" level="INFO">False</msg>
<arg>${allowed_titles}</arg>
<arg>${name_title}</arg>
<doc>Fails if the ``value`` is not found from ``list``.</doc>
<status status="PASS" start="2024-05-04T06:17:50.809510" elapsed="0.000205"/>
</kw>
<kw name="Set Variable" owner="BuiltIn">
<msg time="2024-05-04T06:17:50.810384" level="INFO">${name_country} = FI</msg>
<var>${name_country}</var>
<arg>${json_data["results"][0]["nat"]}</arg>
<doc>Returns the given values which can then be assigned to a variables.</doc>
<status status="PASS" start="2024-05-04T06:17:50.810003" elapsed="0.000406"/>
</kw>
<kw name="Create List" owner="BuiltIn">
<msg time="2024-05-04T06:17:50.811337" level="INFO">${list_country} = ['AD', 'AE', 'AF', 'AG', 'AI', 'AL', 'AM', 'AO', 'AQ', 'AR', 'AS', 'AT', 'AU', 'AW', 'AX', 'AZ', 'BA', 'BB', 'BD', 'BE', 'BF', 'BG', 'BH', 'BI', 'BJ', 'BL', 'BM', 'BN', 'BO', 'BQ', 'BR', 'BS', 'BT', '...</msg>
<var>${list_country}</var>
<arg>AD</arg>
<arg>AE</arg>
<arg>AF</arg>
<arg>AG</arg>
<arg>AI</arg>
<arg>AL</arg>
<arg>AM</arg>
<arg>AO</arg>
<arg>AQ</arg>
<arg>AR</arg>
<arg>AS</arg>
<arg>AT</arg>
<arg>AU</arg>
<arg>AW</arg>
<arg>AX</arg>
<arg>AZ</arg>
<arg>BA</arg>
<arg>BB</arg>
<arg>BD</arg>
<arg>BE</arg>
<arg>BF</arg>
<arg>BG</arg>
<arg>BH</arg>
<arg>BI</arg>
<arg>BJ</arg>
<arg>BL</arg>
<arg>BM</arg>
<arg>BN</arg>
<arg>BO</arg>
<arg>BQ</arg>
<arg>BR</arg>
<arg>BS</arg>
<arg>BT</arg>
<arg>BV</arg>
<arg>BW</arg>
<arg>BY</arg>
<arg>BZ</arg>
<arg>CA</arg>
<arg>CC</arg>
<arg>CD</arg>
<arg>CF</arg>
<arg>CG</arg>
<arg>CH</arg>
<arg>CI</arg>
<arg>CK</arg>
<arg>CL</arg>
<arg>CM</arg>
<arg>CN</arg>
<arg>CO</arg>
<arg>CR</arg>
<arg>CU</arg>
<arg>CV</arg>
<arg>CW</arg>
<arg>CX</arg>
<arg>CY</arg>
<arg>CZ</arg>
<arg>DE</arg>
<arg>DJ</arg>
<arg>DK</arg>
<arg>DM</arg>
<arg>DO</arg>
<arg>DZ</arg>
<arg>EC</arg>
<arg>EE</arg>
<arg>EG</arg>
<arg>EH</arg>
<arg>ER</arg>
<arg>ES</arg>
<arg>ET</arg>
<arg>FI</arg>
<arg>FJ</arg>
<arg>FK</arg>
<arg>FM</arg>
<arg>FO</arg>
<arg>FR</arg>
<arg>GA</arg>
<arg>GB</arg>
<arg>GD</arg>
<arg>GE</arg>
<arg>GF</arg>
<arg>GG</arg>
<arg>GH</arg>
<arg>GI</arg>
<arg>GL</arg>
<arg>GM</arg>
<arg>GN</arg>
<arg>GP</arg>
<arg>GQ</arg>
<arg>GR</arg>
<arg>GS</arg>
<arg>GT</arg>
<arg>GU</arg>
<arg>GW</arg>
<arg>GY</arg>
<arg>HK</arg>
<arg>HM</arg>
<arg>HN</arg>
<arg>HR</arg>
<arg>HT</arg>
<arg>HU</arg>
<arg>ID</arg>
<arg>IE</arg>
<arg>IL</arg>
<arg>IM</arg>
<arg>IN</arg>
<arg>IO</arg>
<arg>IQ</arg>
<arg>IR</arg>
<arg>IS</arg>
<arg>IT</arg>
<arg>JE</arg>
<arg>JM</arg>
<arg>JO</arg>
<arg>JP</arg>
<arg>KE</arg>
<arg>KG</arg>
<arg>KH</arg>
<arg>KI</arg>
<arg>KM</arg>
<arg>KN</arg>
<arg>KP</arg>
<arg>KR</arg>
<arg>KW</arg>
<arg>KY</arg>
<arg>KZ</arg>
<arg>LA</arg>
<arg>LB</arg>
<arg>LC</arg>
<arg>LI</arg>
<arg>LK</arg>
<arg>LR</arg>
<arg>LS</arg>
<arg>LT</arg>
<arg>LU</arg>
<arg>LV</arg>
<arg>LY</arg>
<arg>MA</arg>
<arg>MC</arg>
<arg>MD</arg>
<arg>ME</arg>
<arg>MF</arg>
<arg>MG</arg>
<arg>MH</arg>
<arg>MK</arg>
<arg>ML</arg>
<arg>MM</arg>
<arg>MN</arg>
<arg>MO</arg>
<arg>MP</arg>
<arg>MQ</arg>
<arg>MR</arg>
<arg>MS</arg>
<arg>MT</arg>
<arg>MU</arg>
<arg>MV</arg>
<arg>MW</arg>
<arg>MX</arg>
<arg>MY</arg>
<arg>MZ</arg>
<arg>NA</arg>
<arg>NC</arg>
<arg>NE</arg>
<arg>NF</arg>
<arg>NG</arg>
<arg>NI</arg>
<arg>NL</arg>
<arg>NO</arg>
<arg>NP</arg>
<arg>NR</arg>
<arg>NU</arg>
<arg>NZ</arg>
<arg>OM</arg>
<arg>PA</arg>
<arg>PE</arg>
<arg>PF</arg>
<arg>PG</arg>
<arg>PH</arg>
<arg>PK</arg>
<arg>PL</arg>
<arg>PM</arg>
<arg>PN</arg>
<arg>PR</arg>
<arg>PS</arg>
<arg>PT</arg>
<arg>PW</arg>
<arg>PY</arg>
<arg>QA</arg>
<arg>RE</arg>
<arg>RO</arg>
<arg>RS</arg>
<arg>RU</arg>
<arg>RW</arg>
<arg>SA</arg>
<arg>SB</arg>
<arg>SC</arg>
<arg>SD</arg>
<arg>SE</arg>
<arg>SG</arg>
<arg>SH</arg>
<arg>SI</arg>
<arg>SJ</arg>
<arg>SK</arg>
<arg>SL</arg>
<arg>SM</arg>
<arg>SN</arg>
<arg>SO</arg>
<arg>SR</arg>
<arg>SS</arg>
<arg>ST</arg>
<arg>SV</arg>
<arg>SX</arg>
<arg>SY</arg>
<arg>SZ</arg>
<arg>TC</arg>
<arg>TD</arg>
<arg>TF</arg>
<arg>TG</arg>
<arg>TH</arg>
<arg>TJ</arg>
<arg>TK</arg>
<arg>TL</arg>
<arg>TM</arg>
<arg>TN</arg>
<arg>TO</arg>
<arg>TR</arg>
<arg>TT</arg>
<arg>TV</arg>
<arg>TW</arg>
<arg>TZ</arg>
<arg>UA</arg>
<arg>UG</arg>
<arg>UM</arg>
<arg>US</arg>
<arg>UY</arg>
<arg>UZ</arg>
<arg>VA</arg>
<arg>VC</arg>
<arg>VE</arg>
<arg>VG</arg>
<arg>VI</arg>
<arg>VN</arg>
<arg>VU</arg>
<arg>WF</arg>
<arg>WS</arg>
<arg>XK</arg>
<arg>YE</arg>
<arg>YT</arg>
<arg>ZA</arg>
<arg>ZM</arg>
<arg>ZW</arg>
<doc>Returns a list containing given items.</doc>
<status status="PASS" start="2024-05-04T06:17:50.810710" elapsed="0.000653"/>
</kw>
<kw name="List Should Contain Value" owner="Collections">
<msg time="2024-05-04T06:17:50.812365" level="INFO">False</msg>
<arg>${list_country}</arg>
<arg>${name_country}</arg>
<doc>Fails if the ``value`` is not found from ``list``.</doc>
<status status="PASS" start="2024-05-04T06:17:50.812163" elapsed="0.000238"/>
</kw>
<kw name="Run Keyword If" owner="BuiltIn">
<kw name="Should Be True" owner="BuiltIn">
<arg>${True}</arg>
<doc>Fails if the given condition is not true.</doc>
<status status="PASS" start="2024-05-04T06:17:50.813453" elapsed="0.000144"/>
</kw>
<arg>${json_data["results"][0]["location"]["coordinates"]["latitude"]} &gt;= -90 and ${json_data["results"][0]["location"]["coordinates"]["latitude"]} &lt;= 90</arg>
<arg>Should Be True</arg>
<arg>${True}</arg>
<doc>Runs the given keyword with the given arguments, if ``condition`` is true.</doc>
<status status="PASS" start="2024-05-04T06:17:50.812712" elapsed="0.001013"/>
</kw>
<kw name="Run Keyword If" owner="BuiltIn">
<kw name="Should Be True" owner="BuiltIn">
<arg>${True}</arg>
<doc>Fails if the given condition is not true.</doc>
<status status="PASS" start="2024-05-04T06:17:50.814599" elapsed="0.000239"/>
</kw>
<arg>${json_data["results"][0]["location"]["coordinates"]["longitude"]} &gt;= -180 and ${json_data["results"][0]["location"]["coordinates"]["longitude"]} &lt;= 180</arg>
<arg>Should Be True</arg>
<arg>${True}</arg>
<doc>Runs the given keyword with the given arguments, if ``condition`` is true.</doc>
<status status="PASS" start="2024-05-04T06:17:50.813914" elapsed="0.001051"/>
</kw>
<status status="PASS" start="2024-05-04T06:17:50.712656" elapsed="0.102491"/>
</kw>
<doc>Testa o conteúdo específico dos campos retornados pela API.</doc>
<tag>testeConteudo</tag>
<status status="PASS" start="2024-05-04T06:17:50.712250" elapsed="0.103044"/>
</test>
<status status="PASS" start="2024-05-04T06:17:49.808573" elapsed="1.008627"/>
</suite>
<status status="PASS" start="2024-05-04T06:17:49.795243" elapsed="1.027051"/>
</suite>
<statistics>
<total>
<stat pass="5" fail="0" skip="0">All Tests</stat>
</total>
<tag>
<stat pass="1" fail="0" skip="0">testeConteudo</stat>
<stat pass="1" fail="0" skip="0">testeEstruturaResposta</stat>
<stat pass="1" fail="0" skip="0">testeRequisicaoBasica</stat>
<stat pass="1" fail="0" skip="0">testeTiposDados</stat>
</tag>
<suite>
<stat pass="5" fail="0" skip="0" id="s1" name="Tests">Tests</stat>
<stat pass="5" fail="0" skip="0" id="s1-s1" name="Random-User-Test">Tests.Random-User-Test</stat>
</suite>
</statistics>
<errors>
</errors>
</robot>
