<?xml version="1.0" encoding="UTF-8"?>
<robot generator="Robot 7.0.1 (Python 3.12.4 on linux)" generated="2024-07-26T19:13:58.979764" rpa="false" schemaversion="5">
<suite id="s1" name="Tests" source="/home/runner/work/ApiRandomUser/ApiRandomUser/RamdonUser/tests">
<suite id="s1-s1" name="Random-User-Test" source="/home/runner/work/ApiRandomUser/ApiRandomUser/RamdonUser/tests/random-user-test.robot">
<test id="s1-s1-t1" name="Conectar" line="13">
<kw name="Conectar API" owner="random-user-service">
<kw name="Create Session" owner="RequestsLibrary">
<msg time="2024-07-26T19:13:59.377846" level="INFO">Creating Session using : alias=consultarAPI, url=https://randomuser.me/, headers={},                     cookies={}, auth=None, timeout=None, proxies=None, verify=False,                     debug=0 </msg>
<arg>consultarAPI</arg>
<arg>${URL}</arg>
<doc>Create Session: create a HTTP session to a server</doc>
<status status="PASS" start="2024-07-26T19:13:59.377639" elapsed="0.000394"/>
</kw>
<status status="PASS" start="2024-07-26T19:13:59.376566" elapsed="0.001841"/>
</kw>
<status status="PASS" start="2024-07-26T19:13:59.375939" elapsed="0.002667"/>
</test>
<test id="s1-s1-t2" name="Validar retorno 200 e JSON Válido" line="16">
<kw name="Teste de Requisicao Basica" owner="random-user-service">
<kw name="GET On Session" owner="RequestsLibrary">
<msg time="2024-07-26T19:13:59.555526" level="INFO">GET Request : url=https://randomuser.me/api 
 path_url=/api 
 headers={'User-Agent': 'python-requests/2.32.3', 'Accept-Encoding': 'gzip, deflate', 'Accept': '*/*', 'Connection': 'keep-alive'} 
 body=None 
 </msg>
<msg time="2024-07-26T19:13:59.555680" level="INFO">GET Response : url=https://randomuser.me/api 
 status=200, reason=OK 
 headers={'Date': 'Fri, 26 Jul 2024 19:13:59 GMT', 'Content-Type': 'application/json; charset=utf-8', 'Transfer-Encoding': 'chunked', 'Connection': 'keep-alive', 'X-Powered-By': 'Express', 'Access-Control-Allow-Origin': '*', 'Cache-Control': 'no-cache', 'ETag': 'W/"479-EzyzAsInCVMqXE8YgGsxou5bFZI"', 'Vary': 'Accept-Encoding', 'Content-Encoding': 'gzip', 'CF-Cache-Status': 'DYNAMIC', 'Report-To': '{"endpoints":[{"url":"https:\\/\\/a.nel.cloudflare.com\\/report\\/v4?s=HEmZYUxLYaKC1bKSudDgl2RA0XkTGToongDvpHlyGl3WzsBOyINSae%2BYgHDnvfQ%2Fm5aO7uEWFRiOEpDCcnLYw%2B7rQzhQFY%2BckRIAL3021Kcmllj7NNDFsrnA2r1zIXND"}],"group":"cf-nel","max_age":604800}', 'NEL': '{"success_fraction":0,"report_to":"cf-nel","max_age":604800}', 'Server': 'cloudflare', 'CF-RAY': '8a96b5ca8d1d0cdb-LAX', 'alt-svc': 'h3=":443"; ma=86400'} 
 body={"results":[{"gender":"male","name":{"title":"Mr","first":"Curtis","last":"Meyer"},"location":{"street":{"number":1269,"name":"Nowlin Rd"},"city":"Ballarat","state":"Victoria","country":"Australia","postcode":4226,"coordinates":{"latitude":"-87.7273","longitude":"-12.1700"},"timezone":{"offset":"+7:00","description":"Bangkok, Hanoi, Jakarta"}},"email":"curtis.meyer@example.com","login":{"uuid":"39c291da-9ab1-49ae-9e3a-b1d733885418","username":"bluemouse764","password":"ttttttt","salt":"MQQeLM41","md5":"1fe23f355935613ef7ff6557e7c50ff5","sha1":"448d302a07cf6e3914b78952beb32e3dc477bf17","sha256":"ca9c1d2457ea1feccc50d8187702b39955054cb62f9970866a8474fdcdb2d5a3"},"dob":{"date":"1950-08-05T06:40:57.729Z","age":73},"registered":{"date":"2019-07-14T06:38:28.168Z","age":5},"phone":"02-2553-2058","cell":"0471-971-009","id":{"name":"TFN","value":"832541823"},"picture":{"large":"https://randomuser.me/api/portraits/men/47.jpg","medium":"https://randomuser.me/api/portraits/med/men/47.jpg","thumbnail":"https://randomuser.me/api/portraits/thumb/men/47.jpg"},"nat":"AU"}],"info":{"seed":"47f29ca90278cdf4","results":1,"page":1,"version":"1.4"}} 
 </msg>
<msg time="2024-07-26T19:13:59.555761" level="INFO">/opt/hostedtoolcache/Python/3.12.4/x64/lib/python3.12/site-packages/urllib3/connectionpool.py:1099: InsecureRequestWarning: Unverified HTTPS request is being made to host 'randomuser.me'. Adding certificate verification is strongly advised. See: https://urllib3.readthedocs.io/en/latest/advanced-usage.html#tls-warnings
  warnings.warn(</msg>
<msg time="2024-07-26T19:13:59.555931" level="INFO">${response} = &lt;Response [200]&gt;</msg>
<var>${response}</var>
<arg>consultarAPI</arg>
<arg>/api</arg>
<doc>Sends a GET request on a previously created HTTP Session.</doc>
<status status="PASS" start="2024-07-26T19:13:59.381242" elapsed="0.174733"/>
</kw>
<kw name="Should Be Equal As Numbers" owner="BuiltIn">
<msg time="2024-07-26T19:13:59.557029" level="INFO">Argument types are:
&lt;class 'int'&gt;
&lt;class 'str'&gt;</msg>
<arg>${response.status_code}</arg>
<arg>200</arg>
<doc>Fails if objects are unequal after converting them to real numbers.</doc>
<status status="PASS" start="2024-07-26T19:13:59.556548" elapsed="0.000550"/>
</kw>
<kw name="Log" owner="BuiltIn">
<msg time="2024-07-26T19:13:59.557838" level="INFO">200</msg>
<arg>${response.status_code}</arg>
<doc>Logs the given message with the given level.</doc>
<status status="PASS" start="2024-07-26T19:13:59.557457" elapsed="0.000426"/>
</kw>
<kw name="Set Variable" owner="BuiltIn">
<msg time="2024-07-26T19:13:59.558654" level="INFO">${json_data} = {'results': [{'gender': 'male', 'name': {'title': 'Mr', 'first': 'Curtis', 'last': 'Meyer'}, 'location': {'street': {'number': 1269, 'name': 'Nowlin Rd'}, 'city': 'Ballarat', 'state': 'Victoria', 'cou...</msg>
<var>${json_data}</var>
<arg>${response.json()}</arg>
<doc>Returns the given values which can then be assigned to a variables.</doc>
<status status="PASS" start="2024-07-26T19:13:59.558211" elapsed="0.000472"/>
</kw>
<kw name="Dictionary Should Contain Key" owner="Collections">
<arg>${json_data}</arg>
<arg>results</arg>
<doc>Fails if ``key`` is not found from ``dictionary``.</doc>
<status status="PASS" start="2024-07-26T19:13:59.558996" elapsed="0.000342"/>
</kw>
<status status="PASS" start="2024-07-26T19:13:59.380991" elapsed="0.178505"/>
</kw>
<doc>Testa se a API responde corretamente e retorna um objeto JSON válido.</doc>
<tag>testeRequisicaoBasica</tag>
<status status="PASS" start="2024-07-26T19:13:59.380516" elapsed="0.179158"/>
</test>
<test id="s1-s1-t3" name="Validar estrutura de resposta" line="22">
<kw name="Teste de Estrutura de Resposta" owner="random-user-service">
<kw name="GET On Session" owner="RequestsLibrary">
<msg time="2024-07-26T19:13:59.672518" level="INFO">GET Request : url=https://randomuser.me/api 
 path_url=/api 
 headers={'User-Agent': 'python-requests/2.32.3', 'Accept-Encoding': 'gzip, deflate', 'Accept': '*/*', 'Connection': 'keep-alive'} 
 body=None 
 </msg>
<msg time="2024-07-26T19:13:59.672623" level="INFO">GET Response : url=https://randomuser.me/api 
 status=200, reason=OK 
 headers={'Date': 'Fri, 26 Jul 2024 19:13:59 GMT', 'Content-Type': 'application/json; charset=utf-8', 'Transfer-Encoding': 'chunked', 'Connection': 'keep-alive', 'X-Powered-By': 'Express', 'Access-Control-Allow-Origin': '*', 'Cache-Control': 'no-cache', 'ETag': 'W/"496-zUcHw/N4QA7tOeR9vcL5dL/WmyE"', 'Vary': 'Accept-Encoding', 'Content-Encoding': 'gzip', 'CF-Cache-Status': 'DYNAMIC', 'Report-To': '{"endpoints":[{"url":"https:\\/\\/a.nel.cloudflare.com\\/report\\/v4?s=1pxhSnYKldN7WHxnST3Rv7PLvv5ohxJE8g10tdNmIuoWQyR%2FwL6wDQydmnuIikp7gECvvUY2Qt6TnwFzlfjKmbCb2M3E%2BC7KWhH1qF6QBUKSpwchWZyW7L%2FmZkDoWeXM"}],"group":"cf-nel","max_age":604800}', 'NEL': '{"success_fraction":0,"report_to":"cf-nel","max_age":604800}', 'Server': 'cloudflare', 'CF-RAY': '8a96b5cb4dca0cdb-LAX', 'alt-svc': 'h3=":443"; ma=86400'} 
 body={"results":[{"gender":"female","name":{"title":"Ms","first":"Juciele","last":"Ramos"},"location":{"street":{"number":7676,"name":"Rua São Paulo "},"city":"Niterói","state":"Mato Grosso","country":"Brazil","postcode":86781,"coordinates":{"latitude":"-78.4245","longitude":"158.5407"},"timezone":{"offset":"+7:00","description":"Bangkok, Hanoi, Jakarta"}},"email":"juciele.ramos@example.com","login":{"uuid":"8cadcc96-d4a1-4862-bc87-8e36c196c9cd","username":"heavyleopard905","password":"madcat","salt":"sPhFAjDX","md5":"127a813e5d978b6f5d1cb87c89740625","sha1":"8862e02d3a46bc9a8e46236a72dc84d24884f362","sha256":"1b45706f336094402a656da8cdfaecfdca3838870fad749e761c79e991dbb501"},"dob":{"date":"1956-04-24T22:22:21.974Z","age":68},"registered":{"date":"2009-12-13T05:33:48.318Z","age":14},"phone":"(05) 3857-8493","cell":"(14) 1725-0687","id":{"name":"CPF","value":"855.156.523-40"},"picture":{"large":"https://randomuser.me/api/portraits/women/73.jpg","medium":"https://randomuser.me/api/portraits/med/women/73.jpg","thumbnail":"https://randomuser.me/api/portraits/thumb/women/73.jpg"},"nat":"BR"}],"info":{"seed":"e292fe66c2d4cbc1","results":1,"page":1,"version":"1.4"}} 
 </msg>
<msg time="2024-07-26T19:13:59.672755" level="INFO">/opt/hostedtoolcache/Python/3.12.4/x64/lib/python3.12/site-packages/urllib3/connectionpool.py:1099: InsecureRequestWarning: Unverified HTTPS request is being made to host 'randomuser.me'. Adding certificate verification is strongly advised. See: https://urllib3.readthedocs.io/en/latest/advanced-usage.html#tls-warnings
  warnings.warn(</msg>
<msg time="2024-07-26T19:13:59.672892" level="INFO">${response} = &lt;Response [200]&gt;</msg>
<var>${response}</var>
<arg>consultarAPI</arg>
<arg>/api</arg>
<doc>Sends a GET request on a previously created HTTP Session.</doc>
<status status="PASS" start="2024-07-26T19:13:59.562384" elapsed="0.110549"/>
</kw>
<kw name="Set Variable" owner="BuiltIn">
<msg time="2024-07-26T19:13:59.674128" level="INFO">${json_data} = {'results': [{'gender': 'female', 'name': {'title': 'Ms', 'first': 'Juciele', 'last': 'Ramos'}, 'location': {'street': {'number': 7676, 'name': 'Rua São Paulo '}, 'city': 'Niterói', 'state': 'Mato Gro...</msg>
<var>${json_data}</var>
<arg>${response.json()}</arg>
<doc>Returns the given values which can then be assigned to a variables.</doc>
<status status="PASS" start="2024-07-26T19:13:59.673607" elapsed="0.000552"/>
</kw>
<kw name="Log" owner="BuiltIn">
<msg time="2024-07-26T19:13:59.674672" level="INFO">{'results': [{'gender': 'female', 'name': {'title': 'Ms', 'first': 'Juciele', 'last': 'Ramos'}, 'location': {'street': {'number': 7676, 'name': 'Rua São Paulo '}, 'city': 'Niterói', 'state': 'Mato Grosso', 'country': 'Brazil', 'postcode': 86781, 'coordinates': {'latitude': '-78.4245', 'longitude': '158.5407'}, 'timezone': {'offset': '+7:00', 'description': 'Bangkok, Hanoi, Jakarta'}}, 'email': 'juciele.ramos@example.com', 'login': {'uuid': '8cadcc96-d4a1-4862-bc87-8e36c196c9cd', 'username': 'heavyleopard905', 'password': 'madcat', 'salt': 'sPhFAjDX', 'md5': '127a813e5d978b6f5d1cb87c89740625', 'sha1': '8862e02d3a46bc9a8e46236a72dc84d24884f362', 'sha256': '1b45706f336094402a656da8cdfaecfdca3838870fad749e761c79e991dbb501'}, 'dob': {'date': '1956-04-24T22:22:21.974Z', 'age': 68}, 'registered': {'date': '2009-12-13T05:33:48.318Z', 'age': 14}, 'phone': '(05) 3857-8493', 'cell': '(14) 1725-0687', 'id': {'name': 'CPF', 'value': '855.156.523-40'}, 'picture': {'large': 'https://randomuser.me/api/portraits/women/73.jpg', 'medium': 'https://randomuser.me/api/portraits/med/women/73.jpg', 'thumbnail': 'https://randomuser.me/api/portraits/thumb/women/73.jpg'}, 'nat': 'BR'}], 'info': {'seed': 'e292fe66c2d4cbc1', 'results': 1, 'page': 1, 'version': '1.4'}}</msg>
<arg>${json_data}</arg>
<doc>Logs the given message with the given level.</doc>
<status status="PASS" start="2024-07-26T19:13:59.674486" elapsed="0.000249"/>
</kw>
<kw name="Dictionary Should Contain Key" owner="Collections">
<arg>${json_data}</arg>
<arg>results</arg>
<doc>Fails if ``key`` is not found from ``dictionary``.</doc>
<status status="PASS" start="2024-07-26T19:13:59.675040" elapsed="0.000165"/>
</kw>
<kw name="Should Not Be Empty" owner="BuiltIn">
<msg time="2024-07-26T19:13:59.675532" level="INFO">Length is 2.</msg>
<arg>${json_data}</arg>
<doc>Verifies that the given item is not empty.</doc>
<status status="PASS" start="2024-07-26T19:13:59.675401" elapsed="0.000169"/>
</kw>
<kw name="Create List" owner="BuiltIn">
<msg time="2024-07-26T19:13:59.676057" level="INFO">${expected_keys} = ['gender', 'name', 'location', 'email', 'login']</msg>
<var>${expected_keys}</var>
<arg>gender</arg>
<arg>name</arg>
<arg>location</arg>
<arg>email</arg>
<arg>login</arg>
<doc>Returns a list containing given items.</doc>
<status status="PASS" start="2024-07-26T19:13:59.675898" elapsed="0.000184"/>
</kw>
<for flavor="IN">
<iter>
<kw name="Dictionary Should Contain Key" owner="Collections">
<arg>${json_data['results'][0]}</arg>
<arg>${key}</arg>
<doc>Fails if ``key`` is not found from ``dictionary``.</doc>
<status status="PASS" start="2024-07-26T19:13:59.676677" elapsed="0.000415"/>
</kw>
<kw name="Log" owner="BuiltIn">
<msg time="2024-07-26T19:13:59.677639" level="INFO">{'gender': 'female', 'name': {'title': 'Ms', 'first': 'Juciele', 'last': 'Ramos'}, 'location': {'street': {'number': 7676, 'name': 'Rua São Paulo '}, 'city': 'Niterói', 'state': 'Mato Grosso', 'country': 'Brazil', 'postcode': 86781, 'coordinates': {'latitude': '-78.4245', 'longitude': '158.5407'}, 'timezone': {'offset': '+7:00', 'description': 'Bangkok, Hanoi, Jakarta'}}, 'email': 'juciele.ramos@example.com', 'login': {'uuid': '8cadcc96-d4a1-4862-bc87-8e36c196c9cd', 'username': 'heavyleopard905', 'password': 'madcat', 'salt': 'sPhFAjDX', 'md5': '127a813e5d978b6f5d1cb87c89740625', 'sha1': '8862e02d3a46bc9a8e46236a72dc84d24884f362', 'sha256': '1b45706f336094402a656da8cdfaecfdca3838870fad749e761c79e991dbb501'}, 'dob': {'date': '1956-04-24T22:22:21.974Z', 'age': 68}, 'registered': {'date': '2009-12-13T05:33:48.318Z', 'age': 14}, 'phone': '(05) 3857-8493', 'cell': '(14) 1725-0687', 'id': {'name': 'CPF', 'value': '855.156.523-40'}, 'picture': {'large': 'https://randomuser.me/api/portraits/women/73.jpg', 'medium': 'https://randomuser.me/api/portraits/med/women/73.jpg', 'thumbnail': 'https://randomuser.me/api/portraits/thumb/women/73.jpg'}, 'nat': 'BR'}</msg>
<arg>${json_data['results'][0]}</arg>
<doc>Logs the given message with the given level.</doc>
<status status="PASS" start="2024-07-26T19:13:59.677281" elapsed="0.000411"/>
</kw>
<kw name="Log" owner="BuiltIn">
<msg time="2024-07-26T19:13:59.678131" level="INFO">gender</msg>
<arg>${key}</arg>
<doc>Logs the given message with the given level.</doc>
<status status="PASS" start="2024-07-26T19:13:59.677999" elapsed="0.000170"/>
</kw>
<var name="${key}">gender</var>
<status status="PASS" start="2024-07-26T19:13:59.676548" elapsed="0.001841"/>
</iter>
<iter>
<kw name="Dictionary Should Contain Key" owner="Collections">
<arg>${json_data['results'][0]}</arg>
<arg>${key}</arg>
<doc>Fails if ``key`` is not found from ``dictionary``.</doc>
<status status="PASS" start="2024-07-26T19:13:59.678699" elapsed="0.000390"/>
</kw>
<kw name="Log" owner="BuiltIn">
<msg time="2024-07-26T19:13:59.679628" level="INFO">{'gender': 'female', 'name': {'title': 'Ms', 'first': 'Juciele', 'last': 'Ramos'}, 'location': {'street': {'number': 7676, 'name': 'Rua São Paulo '}, 'city': 'Niterói', 'state': 'Mato Grosso', 'country': 'Brazil', 'postcode': 86781, 'coordinates': {'latitude': '-78.4245', 'longitude': '158.5407'}, 'timezone': {'offset': '+7:00', 'description': 'Bangkok, Hanoi, Jakarta'}}, 'email': 'juciele.ramos@example.com', 'login': {'uuid': '8cadcc96-d4a1-4862-bc87-8e36c196c9cd', 'username': 'heavyleopard905', 'password': 'madcat', 'salt': 'sPhFAjDX', 'md5': '127a813e5d978b6f5d1cb87c89740625', 'sha1': '8862e02d3a46bc9a8e46236a72dc84d24884f362', 'sha256': '1b45706f336094402a656da8cdfaecfdca3838870fad749e761c79e991dbb501'}, 'dob': {'date': '1956-04-24T22:22:21.974Z', 'age': 68}, 'registered': {'date': '2009-12-13T05:33:48.318Z', 'age': 14}, 'phone': '(05) 3857-8493', 'cell': '(14) 1725-0687', 'id': {'name': 'CPF', 'value': '855.156.523-40'}, 'picture': {'large': 'https://randomuser.me/api/portraits/women/73.jpg', 'medium': 'https://randomuser.me/api/portraits/med/women/73.jpg', 'thumbnail': 'https://randomuser.me/api/portraits/thumb/women/73.jpg'}, 'nat': 'BR'}</msg>
<arg>${json_data['results'][0]}</arg>
<doc>Logs the given message with the given level.</doc>
<status status="PASS" start="2024-07-26T19:13:59.679274" elapsed="0.000441"/>
</kw>
<kw name="Log" owner="BuiltIn">
<msg time="2024-07-26T19:13:59.680180" level="INFO">name</msg>
<arg>${key}</arg>
<doc>Logs the given message with the given level.</doc>
<status status="PASS" start="2024-07-26T19:13:59.680050" elapsed="0.000167"/>
</kw>
<var name="${key}">name</var>
<status status="PASS" start="2024-07-26T19:13:59.678586" elapsed="0.001850"/>
</iter>
<iter>
<kw name="Dictionary Should Contain Key" owner="Collections">
<arg>${json_data['results'][0]}</arg>
<arg>${key}</arg>
<doc>Fails if ``key`` is not found from ``dictionary``.</doc>
<status status="PASS" start="2024-07-26T19:13:59.680723" elapsed="0.000378"/>
</kw>
<kw name="Log" owner="BuiltIn">
<msg time="2024-07-26T19:13:59.681644" level="INFO">{'gender': 'female', 'name': {'title': 'Ms', 'first': 'Juciele', 'last': 'Ramos'}, 'location': {'street': {'number': 7676, 'name': 'Rua São Paulo '}, 'city': 'Niterói', 'state': 'Mato Grosso', 'country': 'Brazil', 'postcode': 86781, 'coordinates': {'latitude': '-78.4245', 'longitude': '158.5407'}, 'timezone': {'offset': '+7:00', 'description': 'Bangkok, Hanoi, Jakarta'}}, 'email': 'juciele.ramos@example.com', 'login': {'uuid': '8cadcc96-d4a1-4862-bc87-8e36c196c9cd', 'username': 'heavyleopard905', 'password': 'madcat', 'salt': 'sPhFAjDX', 'md5': '127a813e5d978b6f5d1cb87c89740625', 'sha1': '8862e02d3a46bc9a8e46236a72dc84d24884f362', 'sha256': '1b45706f336094402a656da8cdfaecfdca3838870fad749e761c79e991dbb501'}, 'dob': {'date': '1956-04-24T22:22:21.974Z', 'age': 68}, 'registered': {'date': '2009-12-13T05:33:48.318Z', 'age': 14}, 'phone': '(05) 3857-8493', 'cell': '(14) 1725-0687', 'id': {'name': 'CPF', 'value': '855.156.523-40'}, 'picture': {'large': 'https://randomuser.me/api/portraits/women/73.jpg', 'medium': 'https://randomuser.me/api/portraits/med/women/73.jpg', 'thumbnail': 'https://randomuser.me/api/portraits/thumb/women/73.jpg'}, 'nat': 'BR'}</msg>
<arg>${json_data['results'][0]}</arg>
<doc>Logs the given message with the given level.</doc>
<status status="PASS" start="2024-07-26T19:13:59.681290" elapsed="0.000403"/>
</kw>
<kw name="Log" owner="BuiltIn">
<msg time="2024-07-26T19:13:59.682121" level="INFO">location</msg>
<arg>${key}</arg>
<doc>Logs the given message with the given level.</doc>
<status status="PASS" start="2024-07-26T19:13:59.681993" elapsed="0.000166"/>
</kw>
<var name="${key}">location</var>
<status status="PASS" start="2024-07-26T19:13:59.680616" elapsed="0.001759"/>
</iter>
<iter>
<kw name="Dictionary Should Contain Key" owner="Collections">
<arg>${json_data['results'][0]}</arg>
<arg>${key}</arg>
<doc>Fails if ``key`` is not found from ``dictionary``.</doc>
<status status="PASS" start="2024-07-26T19:13:59.682655" elapsed="0.000375"/>
</kw>
<kw name="Log" owner="BuiltIn">
<msg time="2024-07-26T19:13:59.683697" level="INFO">{'gender': 'female', 'name': {'title': 'Ms', 'first': 'Juciele', 'last': 'Ramos'}, 'location': {'street': {'number': 7676, 'name': 'Rua São Paulo '}, 'city': 'Niterói', 'state': 'Mato Grosso', 'country': 'Brazil', 'postcode': 86781, 'coordinates': {'latitude': '-78.4245', 'longitude': '158.5407'}, 'timezone': {'offset': '+7:00', 'description': 'Bangkok, Hanoi, Jakarta'}}, 'email': 'juciele.ramos@example.com', 'login': {'uuid': '8cadcc96-d4a1-4862-bc87-8e36c196c9cd', 'username': 'heavyleopard905', 'password': 'madcat', 'salt': 'sPhFAjDX', 'md5': '127a813e5d978b6f5d1cb87c89740625', 'sha1': '8862e02d3a46bc9a8e46236a72dc84d24884f362', 'sha256': '1b45706f336094402a656da8cdfaecfdca3838870fad749e761c79e991dbb501'}, 'dob': {'date': '1956-04-24T22:22:21.974Z', 'age': 68}, 'registered': {'date': '2009-12-13T05:33:48.318Z', 'age': 14}, 'phone': '(05) 3857-8493', 'cell': '(14) 1725-0687', 'id': {'name': 'CPF', 'value': '855.156.523-40'}, 'picture': {'large': 'https://randomuser.me/api/portraits/women/73.jpg', 'medium': 'https://randomuser.me/api/portraits/med/women/73.jpg', 'thumbnail': 'https://randomuser.me/api/portraits/thumb/women/73.jpg'}, 'nat': 'BR'}</msg>
<arg>${json_data['results'][0]}</arg>
<doc>Logs the given message with the given level.</doc>
<status status="PASS" start="2024-07-26T19:13:59.683341" elapsed="0.000406"/>
</kw>
<kw name="Log" owner="BuiltIn">
<msg time="2024-07-26T19:13:59.684212" level="INFO">email</msg>
<arg>${key}</arg>
<doc>Logs the given message with the given level.</doc>
<status status="PASS" start="2024-07-26T19:13:59.684082" elapsed="0.000169"/>
</kw>
<var name="${key}">email</var>
<status status="PASS" start="2024-07-26T19:13:59.682548" elapsed="0.001920"/>
</iter>
<iter>
<kw name="Dictionary Should Contain Key" owner="Collections">
<arg>${json_data['results'][0]}</arg>
<arg>${key}</arg>
<doc>Fails if ``key`` is not found from ``dictionary``.</doc>
<status status="PASS" start="2024-07-26T19:13:59.684750" elapsed="0.000376"/>
</kw>
<kw name="Log" owner="BuiltIn">
<msg time="2024-07-26T19:13:59.685659" level="INFO">{'gender': 'female', 'name': {'title': 'Ms', 'first': 'Juciele', 'last': 'Ramos'}, 'location': {'street': {'number': 7676, 'name': 'Rua São Paulo '}, 'city': 'Niterói', 'state': 'Mato Grosso', 'country': 'Brazil', 'postcode': 86781, 'coordinates': {'latitude': '-78.4245', 'longitude': '158.5407'}, 'timezone': {'offset': '+7:00', 'description': 'Bangkok, Hanoi, Jakarta'}}, 'email': 'juciele.ramos@example.com', 'login': {'uuid': '8cadcc96-d4a1-4862-bc87-8e36c196c9cd', 'username': 'heavyleopard905', 'password': 'madcat', 'salt': 'sPhFAjDX', 'md5': '127a813e5d978b6f5d1cb87c89740625', 'sha1': '8862e02d3a46bc9a8e46236a72dc84d24884f362', 'sha256': '1b45706f336094402a656da8cdfaecfdca3838870fad749e761c79e991dbb501'}, 'dob': {'date': '1956-04-24T22:22:21.974Z', 'age': 68}, 'registered': {'date': '2009-12-13T05:33:48.318Z', 'age': 14}, 'phone': '(05) 3857-8493', 'cell': '(14) 1725-0687', 'id': {'name': 'CPF', 'value': '855.156.523-40'}, 'picture': {'large': 'https://randomuser.me/api/portraits/women/73.jpg', 'medium': 'https://randomuser.me/api/portraits/med/women/73.jpg', 'thumbnail': 'https://randomuser.me/api/portraits/thumb/women/73.jpg'}, 'nat': 'BR'}</msg>
<arg>${json_data['results'][0]}</arg>
<doc>Logs the given message with the given level.</doc>
<status status="PASS" start="2024-07-26T19:13:59.685307" elapsed="0.000403"/>
</kw>
<kw name="Log" owner="BuiltIn">
<msg time="2024-07-26T19:13:59.686140" level="INFO">login</msg>
<arg>${key}</arg>
<doc>Logs the given message with the given level.</doc>
<status status="PASS" start="2024-07-26T19:13:59.686013" elapsed="0.000164"/>
</kw>
<var name="${key}">login</var>
<status status="PASS" start="2024-07-26T19:13:59.684643" elapsed="0.001747"/>
</iter>
<var>${key}</var>
<value>@{expected_keys}</value>
<status status="PASS" start="2024-07-26T19:13:59.676349" elapsed="0.010161"/>
</for>
<kw name="Create List" owner="BuiltIn">
<msg time="2024-07-26T19:13:59.686835" level="INFO">${expected_keysTwo} = ['username', 'password']</msg>
<var>${expected_keysTwo}</var>
<arg>username</arg>
<arg>password</arg>
<doc>Returns a list containing given items.</doc>
<status status="PASS" start="2024-07-26T19:13:59.686701" elapsed="0.000186"/>
</kw>
<for flavor="IN">
<iter>
<kw name="Dictionary Should Contain Key" owner="Collections">
<arg>${json_data['results'][0]['login']}</arg>
<arg>${keyTwo}</arg>
<doc>Fails if ``key`` is not found from ``dictionary``.</doc>
<status status="PASS" start="2024-07-26T19:13:59.687392" elapsed="0.000382"/>
</kw>
<kw name="Dictionary Should Contain Key" owner="Collections">
<arg>${json_data['results'][0]['login']}</arg>
<arg>${keyTwo}</arg>
<doc>Fails if ``key`` is not found from ``dictionary``.</doc>
<status status="PASS" start="2024-07-26T19:13:59.687989" elapsed="0.000383"/>
</kw>
<kw name="Log" owner="BuiltIn">
<msg time="2024-07-26T19:13:59.688675" level="INFO">username</msg>
<arg>${keyTwo}</arg>
<doc>Logs the given message with the given level.</doc>
<status status="PASS" start="2024-07-26T19:13:59.688557" elapsed="0.000156"/>
</kw>
<var name="${keyTwo}">username</var>
<status status="PASS" start="2024-07-26T19:13:59.687287" elapsed="0.001647"/>
</iter>
<iter>
<kw name="Dictionary Should Contain Key" owner="Collections">
<arg>${json_data['results'][0]['login']}</arg>
<arg>${keyTwo}</arg>
<doc>Fails if ``key`` is not found from ``dictionary``.</doc>
<status status="PASS" start="2024-07-26T19:13:59.689219" elapsed="0.000373"/>
</kw>
<kw name="Dictionary Should Contain Key" owner="Collections">
<arg>${json_data['results'][0]['login']}</arg>
<arg>${keyTwo}</arg>
<doc>Fails if ``key`` is not found from ``dictionary``.</doc>
<status status="PASS" start="2024-07-26T19:13:59.689770" elapsed="0.000373"/>
</kw>
<kw name="Log" owner="BuiltIn">
<msg time="2024-07-26T19:13:59.690445" level="INFO">password</msg>
<arg>${keyTwo}</arg>
<doc>Logs the given message with the given level.</doc>
<status status="PASS" start="2024-07-26T19:13:59.690320" elapsed="0.000164"/>
</kw>
<var name="${keyTwo}">password</var>
<status status="PASS" start="2024-07-26T19:13:59.689107" elapsed="0.001599"/>
</iter>
<var>${keyTwo}</var>
<value>@{expected_keysTwo}</value>
<status status="PASS" start="2024-07-26T19:13:59.687132" elapsed="0.003694"/>
</for>
<status status="PASS" start="2024-07-26T19:13:59.562138" elapsed="0.128829"/>
</kw>
<doc>Testa a estrutura da resposta da API.</doc>
<tag>testeEstruturaResposta</tag>
<status status="PASS" start="2024-07-26T19:13:59.561587" elapsed="0.129538"/>
</test>
<test id="s1-s1-t4" name="Validar tipos de dados" line="28">
<kw name="Teste de Tipos de Dados" owner="random-user-service">
<kw name="GET On Session" owner="RequestsLibrary">
<msg time="2024-07-26T19:13:59.868702" level="INFO">GET Request : url=https://randomuser.me/api 
 path_url=/api 
 headers={'User-Agent': 'python-requests/2.32.3', 'Accept-Encoding': 'gzip, deflate', 'Accept': '*/*', 'Connection': 'keep-alive'} 
 body=None 
 </msg>
<msg time="2024-07-26T19:13:59.868787" level="INFO">GET Response : url=https://randomuser.me/api 
 status=200, reason=OK 
 headers={'Date': 'Fri, 26 Jul 2024 19:13:59 GMT', 'Content-Type': 'application/json; charset=utf-8', 'Transfer-Encoding': 'chunked', 'Connection': 'keep-alive', 'X-Powered-By': 'Express', 'Access-Control-Allow-Origin': '*', 'Cache-Control': 'no-cache', 'ETag': 'W/"485-vkLqMj+Z39aS2Pt/rVlFsbW489Y"', 'Vary': 'Accept-Encoding', 'Content-Encoding': 'gzip', 'CF-Cache-Status': 'DYNAMIC', 'Report-To': '{"endpoints":[{"url":"https:\\/\\/a.nel.cloudflare.com\\/report\\/v4?s=%2Bjn35XH5DACTjrtVa3WW4hEen2ls4uF29GItQFfEm0WMPZ%2ByF%2Fpgq8j8arnhW6O6NAjyazLcYKDeISiYrSoZXQ52nkPsS4UytCOphFdN41lCkceks%2FewlqcBwe50L0L8"}],"group":"cf-nel","max_age":604800}', 'NEL': '{"success_fraction":0,"report_to":"cf-nel","max_age":604800}', 'Server': 'cloudflare', 'CF-RAY': '8a96b5cc1e940cdb-LAX', 'alt-svc': 'h3=":443"; ma=86400'} 
 body={"results":[{"gender":"male","name":{"title":"Mr","first":"Taha","last":"Ligtvoet"},"location":{"street":{"number":7724,"name":"Elzenhove"},"city":"Ijzendijke","state":"Noord-Brabant","country":"Netherlands","postcode":"0000 JB","coordinates":{"latitude":"31.7809","longitude":"-133.5886"},"timezone":{"offset":"-3:30","description":"Newfoundland"}},"email":"taha.ligtvoet@example.com","login":{"uuid":"e75c8692-350d-4d84-92da-2e16af50fa52","username":"ticklishostrich243","password":"bobcat","salt":"lwb21Gqv","md5":"e81f1a327fd883caad13bc09a1876970","sha1":"09766a976875bba249deefee6ac19e8c29a26c4f","sha256":"adccba51792299c223d0f979d69d24fb336b00c68c0e2eed53b873097719388d"},"dob":{"date":"1996-07-17T03:20:53.736Z","age":28},"registered":{"date":"2003-06-27T19:50:31.639Z","age":21},"phone":"(0474) 998945","cell":"(06) 36905466","id":{"name":"BSN","value":"24456396"},"picture":{"large":"https://randomuser.me/api/portraits/men/42.jpg","medium":"https://randomuser.me/api/portraits/med/men/42.jpg","thumbnail":"https://randomuser.me/api/portraits/thumb/men/42.jpg"},"nat":"NL"}],"info":{"seed":"959219bc05a21924","results":1,"page":1,"version":"1.4"}} 
 </msg>
<msg time="2024-07-26T19:13:59.868852" level="INFO">/opt/hostedtoolcache/Python/3.12.4/x64/lib/python3.12/site-packages/urllib3/connectionpool.py:1099: InsecureRequestWarning: Unverified HTTPS request is being made to host 'randomuser.me'. Adding certificate verification is strongly advised. See: https://urllib3.readthedocs.io/en/latest/advanced-usage.html#tls-warnings
  warnings.warn(</msg>
<msg time="2024-07-26T19:13:59.868965" level="INFO">${response} = &lt;Response [200]&gt;</msg>
<var>${response}</var>
<arg>consultarAPI</arg>
<arg>/api</arg>
<doc>Sends a GET request on a previously created HTTP Session.</doc>
<status status="PASS" start="2024-07-26T19:13:59.693723" elapsed="0.175284"/>
</kw>
<kw name="Set Variable" owner="BuiltIn">
<msg time="2024-07-26T19:13:59.870119" level="INFO">${json_data} = {'results': [{'gender': 'male', 'name': {'title': 'Mr', 'first': 'Taha', 'last': 'Ligtvoet'}, 'location': {'street': {'number': 7724, 'name': 'Elzenhove'}, 'city': 'Ijzendijke', 'state': 'Noord-Braban...</msg>
<var>${json_data}</var>
<arg>${response.json()}</arg>
<doc>Returns the given values which can then be assigned to a variables.</doc>
<status status="PASS" start="2024-07-26T19:13:59.869556" elapsed="0.000592"/>
</kw>
<kw name="Log" owner="BuiltIn">
<msg time="2024-07-26T19:13:59.870608" level="INFO">{'results': [{'gender': 'male', 'name': {'title': 'Mr', 'first': 'Taha', 'last': 'Ligtvoet'}, 'location': {'street': {'number': 7724, 'name': 'Elzenhove'}, 'city': 'Ijzendijke', 'state': 'Noord-Brabant', 'country': 'Netherlands', 'postcode': '0000 JB', 'coordinates': {'latitude': '31.7809', 'longitude': '-133.5886'}, 'timezone': {'offset': '-3:30', 'description': 'Newfoundland'}}, 'email': 'taha.ligtvoet@example.com', 'login': {'uuid': 'e75c8692-350d-4d84-92da-2e16af50fa52', 'username': 'ticklishostrich243', 'password': 'bobcat', 'salt': 'lwb21Gqv', 'md5': 'e81f1a327fd883caad13bc09a1876970', 'sha1': '09766a976875bba249deefee6ac19e8c29a26c4f', 'sha256': 'adccba51792299c223d0f979d69d24fb336b00c68c0e2eed53b873097719388d'}, 'dob': {'date': '1996-07-17T03:20:53.736Z', 'age': 28}, 'registered': {'date': '2003-06-27T19:50:31.639Z', 'age': 21}, 'phone': '(0474) 998945', 'cell': '(06) 36905466', 'id': {'name': 'BSN', 'value': '24456396'}, 'picture': {'large': 'https://randomuser.me/api/portraits/men/42.jpg', 'medium': 'https://randomuser.me/api/portraits/med/men/42.jpg', 'thumbnail': 'https://randomuser.me/api/portraits/thumb/men/42.jpg'}, 'nat': 'NL'}], 'info': {'seed': '959219bc05a21924', 'results': 1, 'page': 1, 'version': '1.4'}}</msg>
<arg>${json_data}</arg>
<doc>Logs the given message with the given level.</doc>
<status status="PASS" start="2024-07-26T19:13:59.870453" elapsed="0.000202"/>
</kw>
<kw name="Should Be String" owner="String">
<arg>${json_data['results'][0]['gender']}</arg>
<doc>Fails if the given ``item`` is not a string.</doc>
<status status="PASS" start="2024-07-26T19:13:59.870944" elapsed="0.000369"/>
</kw>
<kw name="Should Match Regexp" owner="BuiltIn">
<arg>${json_data['results'][0]['email']}</arg>
<arg>^[a-zA-Z0-9._%+-]+@[a-zA-Z0-9.-]+\.[a-zA-Z]{2,}$</arg>
<doc>Fails if ``string`` does not match ``pattern`` as a regular expression.</doc>
<status status="PASS" start="2024-07-26T19:13:59.871501" elapsed="0.000560"/>
</kw>
<kw name="Should Match Regexp" owner="BuiltIn">
<arg>${json_data['results'][0]['dob']['date']}</arg>
<arg>\\d{4}-\\d{2}-\\d{2}T\\d{2}:\\d{2}:\\d{2}\\.\\d{3}Z</arg>
<doc>Fails if ``string`` does not match ``pattern`` as a regular expression.</doc>
<status status="PASS" start="2024-07-26T19:13:59.872306" elapsed="0.000619"/>
</kw>
<kw name="Should Match Regexp" owner="BuiltIn">
<arg>${json_data['results'][0]['registered']['date']}</arg>
<arg>\\d{4}-\\d{2}-\\d{2}T\\d{2}:\\d{2}:\\d{2}\\.\\d{3}Z</arg>
<doc>Fails if ``string`` does not match ``pattern`` as a regular expression.</doc>
<status status="PASS" start="2024-07-26T19:13:59.873118" elapsed="0.000369"/>
</kw>
<kw name="Should Match Regexp" owner="BuiltIn">
<arg>${json_data['results'][0]['picture']['large']}</arg>
<arg>^https?://.*\.(?:png|jpe?g|gif|bmp)$</arg>
<doc>Fails if ``string`` does not match ``pattern`` as a regular expression.</doc>
<status status="PASS" start="2024-07-26T19:13:59.873670" elapsed="0.000453"/>
</kw>
<kw name="Should Match Regexp" owner="BuiltIn">
<arg>${json_data['results'][0]['picture']['medium']}</arg>
<arg>^https?://.*\.(?:png|jpe?g|gif|bmp)$</arg>
<doc>Fails if ``string`` does not match ``pattern`` as a regular expression.</doc>
<status status="PASS" start="2024-07-26T19:13:59.874311" elapsed="0.000348"/>
</kw>
<kw name="Should Match Regexp" owner="BuiltIn">
<arg>${json_data['results'][0]['picture']['thumbnail']}</arg>
<arg>^https?://.*\.(?:png|jpe?g|gif|bmp)$</arg>
<doc>Fails if ``string`` does not match ``pattern`` as a regular expression.</doc>
<status status="PASS" start="2024-07-26T19:13:59.874845" elapsed="0.000349"/>
</kw>
<kw name="Log" owner="BuiltIn">
<msg time="2024-07-26T19:13:59.875696" level="INFO">{'large': 'https://randomuser.me/api/portraits/men/42.jpg', 'medium': 'https://randomuser.me/api/portraits/med/men/42.jpg', 'thumbnail': 'https://randomuser.me/api/portraits/thumb/men/42.jpg'}</msg>
<arg>${json_data['results'][0]['picture']}</arg>
<doc>Logs the given message with the given level.</doc>
<status status="PASS" start="2024-07-26T19:13:59.875369" elapsed="0.000369"/>
</kw>
<status status="PASS" start="2024-07-26T19:13:59.693495" elapsed="0.182542"/>
</kw>
<kw name="Teste de Tipos de Dados - Postcode" owner="random-user-service">
<kw name="GET On Session" owner="RequestsLibrary">
<msg time="2024-07-26T19:13:59.984944" level="INFO">GET Request : url=https://randomuser.me/api 
 path_url=/api 
 headers={'User-Agent': 'python-requests/2.32.3', 'Accept-Encoding': 'gzip, deflate', 'Accept': '*/*', 'Connection': 'keep-alive'} 
 body=None 
 </msg>
<msg time="2024-07-26T19:13:59.985041" level="INFO">GET Response : url=https://randomuser.me/api 
 status=200, reason=OK 
 headers={'Date': 'Fri, 26 Jul 2024 19:13:59 GMT', 'Content-Type': 'application/json; charset=utf-8', 'Transfer-Encoding': 'chunked', 'Connection': 'keep-alive', 'X-Powered-By': 'Express', 'Access-Control-Allow-Origin': '*', 'Cache-Control': 'no-cache', 'ETag': 'W/"4af-z4FOpwfc5OdcdMZ2n9LBF9eBvVM"', 'Vary': 'Accept-Encoding', 'Content-Encoding': 'gzip', 'CF-Cache-Status': 'DYNAMIC', 'Report-To': '{"endpoints":[{"url":"https:\\/\\/a.nel.cloudflare.com\\/report\\/v4?s=IJqaeykZSXE5jXM1jG8PKT3ntIhfvW7y9HNaQOL0orojTPc0MCSxZ7DONcgw1kqzX2KIXJLneuR8goU1I0bVeDH0HXbXqbjlRmODAZW34Qyo2l5Zhb6so6ILvaEOXoeU"}],"group":"cf-nel","max_age":604800}', 'NEL': '{"success_fraction":0,"report_to":"cf-nel","max_age":604800}', 'Server': 'cloudflare', 'CF-RAY': '8a96b5cd4f8f0cdb-LAX', 'alt-svc': 'h3=":443"; ma=86400'} 
 body={"results":[{"gender":"female","name":{"title":"Miss","first":"Saionara","last":"da Cunha"},"location":{"street":{"number":765,"name":"Rua São Luiz "},"city":"Araguari","state":"Mato Grosso do Sul","country":"Brazil","postcode":59787,"coordinates":{"latitude":"-75.4064","longitude":"93.8967"},"timezone":{"offset":"+3:00","description":"Baghdad, Riyadh, Moscow, St. Petersburg"}},"email":"saionara.dacunha@example.com","login":{"uuid":"d4081c06-83e0-41d7-a34a-63fd64a51fa6","username":"redkoala321","password":"detroit","salt":"p3cd2DPn","md5":"8c54a0d158924781a313ccc2152aaf8d","sha1":"6945772735da1031b845677b0d535df36f013e5b","sha256":"a0eb7c172e4d90fb7adbd3e9a6e4d1a0163e46c479efa635ef2cc2ebb2c7a04d"},"dob":{"date":"2000-03-29T06:50:37.400Z","age":24},"registered":{"date":"2019-02-07T01:20:19.992Z","age":5},"phone":"(26) 3096-4641","cell":"(55) 9990-0467","id":{"name":"CPF","value":"730.475.046-15"},"picture":{"large":"https://randomuser.me/api/portraits/women/37.jpg","medium":"https://randomuser.me/api/portraits/med/women/37.jpg","thumbnail":"https://randomuser.me/api/portraits/thumb/women/37.jpg"},"nat":"BR"}],"info":{"seed":"c5a8c6e5d9df8fa0","results":1,"page":1,"version":"1.4"}} 
 </msg>
<msg time="2024-07-26T19:13:59.985117" level="INFO">/opt/hostedtoolcache/Python/3.12.4/x64/lib/python3.12/site-packages/urllib3/connectionpool.py:1099: InsecureRequestWarning: Unverified HTTPS request is being made to host 'randomuser.me'. Adding certificate verification is strongly advised. See: https://urllib3.readthedocs.io/en/latest/advanced-usage.html#tls-warnings
  warnings.warn(</msg>
<msg time="2024-07-26T19:13:59.985255" level="INFO">${response} = &lt;Response [200]&gt;</msg>
<var>${response}</var>
<arg>consultarAPI</arg>
<arg>/api</arg>
<doc>Sends a GET request on a previously created HTTP Session.</doc>
<status status="PASS" start="2024-07-26T19:13:59.876501" elapsed="0.108799"/>
</kw>
<kw name="Set Variable" owner="BuiltIn">
<msg time="2024-07-26T19:13:59.986439" level="INFO">${json_data} = {'results': [{'gender': 'female', 'name': {'title': 'Miss', 'first': 'Saionara', 'last': 'da Cunha'}, 'location': {'street': {'number': 765, 'name': 'Rua São Luiz '}, 'city': 'Araguari', 'state': 'Mat...</msg>
<var>${json_data}</var>
<arg>${response.json()}</arg>
<doc>Returns the given values which can then be assigned to a variables.</doc>
<status status="PASS" start="2024-07-26T19:13:59.985875" elapsed="0.000595"/>
</kw>
<kw name="Log" owner="BuiltIn">
<msg time="2024-07-26T19:13:59.986943" level="INFO">{'results': [{'gender': 'female', 'name': {'title': 'Miss', 'first': 'Saionara', 'last': 'da Cunha'}, 'location': {'street': {'number': 765, 'name': 'Rua São Luiz '}, 'city': 'Araguari', 'state': 'Mato Grosso do Sul', 'country': 'Brazil', 'postcode': 59787, 'coordinates': {'latitude': '-75.4064', 'longitude': '93.8967'}, 'timezone': {'offset': '+3:00', 'description': 'Baghdad, Riyadh, Moscow, St. Petersburg'}}, 'email': 'saionara.dacunha@example.com', 'login': {'uuid': 'd4081c06-83e0-41d7-a34a-63fd64a51fa6', 'username': 'redkoala321', 'password': 'detroit', 'salt': 'p3cd2DPn', 'md5': '8c54a0d158924781a313ccc2152aaf8d', 'sha1': '6945772735da1031b845677b0d535df36f013e5b', 'sha256': 'a0eb7c172e4d90fb7adbd3e9a6e4d1a0163e46c479efa635ef2cc2ebb2c7a04d'}, 'dob': {'date': '2000-03-29T06:50:37.400Z', 'age': 24}, 'registered': {'date': '2019-02-07T01:20:19.992Z', 'age': 5}, 'phone': '(26) 3096-4641', 'cell': '(55) 9990-0467', 'id': {'name': 'CPF', 'value': '730.475.046-15'}, 'picture': {'large': 'https://randomuser.me/api/portraits/women/37.jpg', 'medium': 'https://randomuser.me/api/portraits/med/women/37.jpg', 'thumbnail': 'https://randomuser.me/api/portraits/thumb/women/37.jpg'}, 'nat': 'BR'}], 'info': {'seed': 'c5a8c6e5d9df8fa0', 'results': 1, 'page': 1, 'version': '1.4'}}</msg>
<arg>${json_data}</arg>
<doc>Logs the given message with the given level.</doc>
<status status="PASS" start="2024-07-26T19:13:59.986783" elapsed="0.000213"/>
</kw>
<kw name="Should Be Equal As Numbers" owner="BuiltIn">
<arg>${json_data['results'][0]['location']['postcode']}</arg>
<arg>${json_data['results'][0]['location']['postcode']}</arg>
<doc>Fails if objects are unequal after converting them to real numbers.</doc>
<status status="PASS" start="2024-07-26T19:13:59.987294" elapsed="0.000663"/>
</kw>
<kw name="Log" owner="BuiltIn">
<msg time="2024-07-26T19:13:59.988498" level="INFO">59787</msg>
<arg>${json_data['results'][0]['location']['postcode']}</arg>
<doc>Logs the given message with the given level.</doc>
<status status="PASS" start="2024-07-26T19:13:59.988165" elapsed="0.000411"/>
</kw>
<status status="PASS" start="2024-07-26T19:13:59.876261" elapsed="0.112583"/>
</kw>
<doc>Testa se os tipos de dados na resposta da API estão corretos.</doc>
<tag>testeTiposDados</tag>
<status status="PASS" start="2024-07-26T19:13:59.693027" elapsed="0.295990"/>
</test>
<test id="s1-s1-t5" name="Validar conteudo" line="35">
<kw name="Teste de Tipos de Conteudo" owner="random-user-service">
<kw name="GET On Session" owner="RequestsLibrary">
<msg time="2024-07-26T19:14:00.089365" level="INFO">GET Request : url=https://randomuser.me/api 
 path_url=/api 
 headers={'User-Agent': 'python-requests/2.32.3', 'Accept-Encoding': 'gzip, deflate', 'Accept': '*/*', 'Connection': 'keep-alive'} 
 body=None 
 </msg>
<msg time="2024-07-26T19:14:00.089461" level="INFO">GET Response : url=https://randomuser.me/api 
 status=200, reason=OK 
 headers={'Date': 'Fri, 26 Jul 2024 19:14:00 GMT', 'Content-Type': 'application/json; charset=utf-8', 'Transfer-Encoding': 'chunked', 'Connection': 'keep-alive', 'X-Powered-By': 'Express', 'Access-Control-Allow-Origin': '*', 'Cache-Control': 'no-cache', 'ETag': 'W/"48f-2r8epApjbzhsW6J8ZQ4j9uZY3Jo"', 'Vary': 'Accept-Encoding', 'Content-Encoding': 'gzip', 'CF-Cache-Status': 'DYNAMIC', 'Report-To': '{"endpoints":[{"url":"https:\\/\\/a.nel.cloudflare.com\\/report\\/v4?s=m2huz6ePgeHZbpUpuGT%2B59%2F8ZxC1QxakPu2UOvHdXht%2Bg4eme5WpfLUZ4laGXpleBCA%2Fex5Q1BBzOuTBoIoLqOYPR6t5qUL%2Ft%2BZjTjn0D6sggcF26MW%2Bv7BUVOy7S66V"}],"group":"cf-nel","max_age":604800}', 'NEL': '{"success_fraction":0,"report_to":"cf-nel","max_age":604800}', 'Server': 'cloudflare', 'CF-RAY': '8a96b5cdf84e0cdb-LAX', 'alt-svc': 'h3=":443"; ma=86400'} 
 body={"results":[{"gender":"male","name":{"title":"Mr","first":"Rocco","last":"Schultz"},"location":{"street":{"number":2205,"name":"Mittelweg"},"city":"Tribsees","state":"Rheinland-Pfalz","country":"Germany","postcode":29387,"coordinates":{"latitude":"-50.5555","longitude":"-129.2885"},"timezone":{"offset":"-7:00","description":"Mountain Time (US &amp; Canada)"}},"email":"rocco.schultz@example.com","login":{"uuid":"dc23aea3-1fac-4d1a-846e-b49b427b3665","username":"happytiger745","password":"denmark","salt":"h8NWZePX","md5":"fe2fac5fa151d6cb45a8059193c04d4e","sha1":"1f87e8993cd3a0658ad40202fbca209b66d8d8ef","sha256":"27976bf2a0df5183c4f99f1919530e4804fb5aa9a0a55976c807749132d94ccf"},"dob":{"date":"1959-04-06T08:52:11.644Z","age":65},"registered":{"date":"2014-03-04T16:33:24.637Z","age":10},"phone":"0214-7244368","cell":"0177-2217427","id":{"name":"SVNR","value":"28 060459 S 131"},"picture":{"large":"https://randomuser.me/api/portraits/men/72.jpg","medium":"https://randomuser.me/api/portraits/med/men/72.jpg","thumbnail":"https://randomuser.me/api/portraits/thumb/men/72.jpg"},"nat":"DE"}],"info":{"seed":"77b32e69aa338886","results":1,"page":1,"version":"1.4"}} 
 </msg>
<msg time="2024-07-26T19:14:00.089540" level="INFO">/opt/hostedtoolcache/Python/3.12.4/x64/lib/python3.12/site-packages/urllib3/connectionpool.py:1099: InsecureRequestWarning: Unverified HTTPS request is being made to host 'randomuser.me'. Adding certificate verification is strongly advised. See: https://urllib3.readthedocs.io/en/latest/advanced-usage.html#tls-warnings
  warnings.warn(</msg>
<msg time="2024-07-26T19:14:00.089652" level="INFO">${response} = &lt;Response [200]&gt;</msg>
<var>${response}</var>
<arg>consultarAPI</arg>
<arg>/api</arg>
<doc>Sends a GET request on a previously created HTTP Session.</doc>
<status status="PASS" start="2024-07-26T19:13:59.991550" elapsed="0.098141"/>
</kw>
<kw name="Set Variable" owner="BuiltIn">
<msg time="2024-07-26T19:14:00.090779" level="INFO">${json_data} = {'results': [{'gender': 'male', 'name': {'title': 'Mr', 'first': 'Rocco', 'last': 'Schultz'}, 'location': {'street': {'number': 2205, 'name': 'Mittelweg'}, 'city': 'Tribsees', 'state': 'Rheinland-Pfal...</msg>
<var>${json_data}</var>
<arg>${response.json()}</arg>
<doc>Returns the given values which can then be assigned to a variables.</doc>
<status status="PASS" start="2024-07-26T19:14:00.090201" elapsed="0.000608"/>
</kw>
<kw name="Set Variable" owner="BuiltIn">
<msg time="2024-07-26T19:14:00.091495" level="INFO">${name_title} = Mr</msg>
<var>${name_title}</var>
<arg>${json_data["results"][0]["name"]["title"]}</arg>
<doc>Returns the given values which can then be assigned to a variables.</doc>
<status status="PASS" start="2024-07-26T19:14:00.091119" elapsed="0.000402"/>
</kw>
<kw name="Create List" owner="BuiltIn">
<msg time="2024-07-26T19:14:00.092013" level="INFO">${allowed_titles} = ['Mr', 'Ms', 'Miss', 'Mrs', 'Madame', 'Monsieur']</msg>
<var>${allowed_titles}</var>
<arg>Mr</arg>
<arg>Ms</arg>
<arg>Miss</arg>
<arg>Mrs</arg>
<arg>Madame</arg>
<arg>Monsieur</arg>
<doc>Returns a list containing given items.</doc>
<status status="PASS" start="2024-07-26T19:14:00.091852" elapsed="0.000186"/>
</kw>
<kw name="List Should Contain Value" owner="Collections">
<arg>${allowed_titles}</arg>
<arg>${name_title}</arg>
<doc>Fails if the ``value`` is not found from ``list``.</doc>
<status status="PASS" start="2024-07-26T19:14:00.092340" elapsed="0.000190"/>
</kw>
<kw name="Set Variable" owner="BuiltIn">
<msg time="2024-07-26T19:14:00.093096" level="INFO">${name_country} = DE</msg>
<var>${name_country}</var>
<arg>${json_data["results"][0]["nat"]}</arg>
<doc>Returns the given values which can then be assigned to a variables.</doc>
<status status="PASS" start="2024-07-26T19:14:00.092712" elapsed="0.000410"/>
</kw>
<kw name="Create List" owner="BuiltIn">
<msg time="2024-07-26T19:14:00.094007" level="INFO">${list_country} = ['AD', 'AE', 'AF', 'AG', 'AI', 'AL', 'AM', 'AO', 'AQ', 'AR', 'AS', 'AT', 'AU', 'AW', 'AX', 'AZ', 'BA', 'BB', 'BD', 'BE', 'BF', 'BG', 'BH', 'BI', 'BJ', 'BL', 'BM', 'BN', 'BO', 'BQ', 'BR', 'BS', 'BT', '...</msg>
<var>${list_country}</var>
<arg>AD</arg>
<arg>AE</arg>
<arg>AF</arg>
<arg>AG</arg>
<arg>AI</arg>
<arg>AL</arg>
<arg>AM</arg>
<arg>AO</arg>
<arg>AQ</arg>
<arg>AR</arg>
<arg>AS</arg>
<arg>AT</arg>
<arg>AU</arg>
<arg>AW</arg>
<arg>AX</arg>
<arg>AZ</arg>
<arg>BA</arg>
<arg>BB</arg>
<arg>BD</arg>
<arg>BE</arg>
<arg>BF</arg>
<arg>BG</arg>
<arg>BH</arg>
<arg>BI</arg>
<arg>BJ</arg>
<arg>BL</arg>
<arg>BM</arg>
<arg>BN</arg>
<arg>BO</arg>
<arg>BQ</arg>
<arg>BR</arg>
<arg>BS</arg>
<arg>BT</arg>
<arg>BV</arg>
<arg>BW</arg>
<arg>BY</arg>
<arg>BZ</arg>
<arg>CA</arg>
<arg>CC</arg>
<arg>CD</arg>
<arg>CF</arg>
<arg>CG</arg>
<arg>CH</arg>
<arg>CI</arg>
<arg>CK</arg>
<arg>CL</arg>
<arg>CM</arg>
<arg>CN</arg>
<arg>CO</arg>
<arg>CR</arg>
<arg>CU</arg>
<arg>CV</arg>
<arg>CW</arg>
<arg>CX</arg>
<arg>CY</arg>
<arg>CZ</arg>
<arg>DE</arg>
<arg>DJ</arg>
<arg>DK</arg>
<arg>DM</arg>
<arg>DO</arg>
<arg>DZ</arg>
<arg>EC</arg>
<arg>EE</arg>
<arg>EG</arg>
<arg>EH</arg>
<arg>ER</arg>
<arg>ES</arg>
<arg>ET</arg>
<arg>FI</arg>
<arg>FJ</arg>
<arg>FK</arg>
<arg>FM</arg>
<arg>FO</arg>
<arg>FR</arg>
<arg>GA</arg>
<arg>GB</arg>
<arg>GD</arg>
<arg>GE</arg>
<arg>GF</arg>
<arg>GG</arg>
<arg>GH</arg>
<arg>GI</arg>
<arg>GL</arg>
<arg>GM</arg>
<arg>GN</arg>
<arg>GP</arg>
<arg>GQ</arg>
<arg>GR</arg>
<arg>GS</arg>
<arg>GT</arg>
<arg>GU</arg>
<arg>GW</arg>
<arg>GY</arg>
<arg>HK</arg>
<arg>HM</arg>
<arg>HN</arg>
<arg>HR</arg>
<arg>HT</arg>
<arg>HU</arg>
<arg>ID</arg>
<arg>IE</arg>
<arg>IL</arg>
<arg>IM</arg>
<arg>IN</arg>
<arg>IO</arg>
<arg>IQ</arg>
<arg>IR</arg>
<arg>IS</arg>
<arg>IT</arg>
<arg>JE</arg>
<arg>JM</arg>
<arg>JO</arg>
<arg>JP</arg>
<arg>KE</arg>
<arg>KG</arg>
<arg>KH</arg>
<arg>KI</arg>
<arg>KM</arg>
<arg>KN</arg>
<arg>KP</arg>
<arg>KR</arg>
<arg>KW</arg>
<arg>KY</arg>
<arg>KZ</arg>
<arg>LA</arg>
<arg>LB</arg>
<arg>LC</arg>
<arg>LI</arg>
<arg>LK</arg>
<arg>LR</arg>
<arg>LS</arg>
<arg>LT</arg>
<arg>LU</arg>
<arg>LV</arg>
<arg>LY</arg>
<arg>MA</arg>
<arg>MC</arg>
<arg>MD</arg>
<arg>ME</arg>
<arg>MF</arg>
<arg>MG</arg>
<arg>MH</arg>
<arg>MK</arg>
<arg>ML</arg>
<arg>MM</arg>
<arg>MN</arg>
<arg>MO</arg>
<arg>MP</arg>
<arg>MQ</arg>
<arg>MR</arg>
<arg>MS</arg>
<arg>MT</arg>
<arg>MU</arg>
<arg>MV</arg>
<arg>MW</arg>
<arg>MX</arg>
<arg>MY</arg>
<arg>MZ</arg>
<arg>NA</arg>
<arg>NC</arg>
<arg>NE</arg>
<arg>NF</arg>
<arg>NG</arg>
<arg>NI</arg>
<arg>NL</arg>
<arg>NO</arg>
<arg>NP</arg>
<arg>NR</arg>
<arg>NU</arg>
<arg>NZ</arg>
<arg>OM</arg>
<arg>PA</arg>
<arg>PE</arg>
<arg>PF</arg>
<arg>PG</arg>
<arg>PH</arg>
<arg>PK</arg>
<arg>PL</arg>
<arg>PM</arg>
<arg>PN</arg>
<arg>PR</arg>
<arg>PS</arg>
<arg>PT</arg>
<arg>PW</arg>
<arg>PY</arg>
<arg>QA</arg>
<arg>RE</arg>
<arg>RO</arg>
<arg>RS</arg>
<arg>RU</arg>
<arg>RW</arg>
<arg>SA</arg>
<arg>SB</arg>
<arg>SC</arg>
<arg>SD</arg>
<arg>SE</arg>
<arg>SG</arg>
<arg>SH</arg>
<arg>SI</arg>
<arg>SJ</arg>
<arg>SK</arg>
<arg>SL</arg>
<arg>SM</arg>
<arg>SN</arg>
<arg>SO</arg>
<arg>SR</arg>
<arg>SS</arg>
<arg>ST</arg>
<arg>SV</arg>
<arg>SX</arg>
<arg>SY</arg>
<arg>SZ</arg>
<arg>TC</arg>
<arg>TD</arg>
<arg>TF</arg>
<arg>TG</arg>
<arg>TH</arg>
<arg>TJ</arg>
<arg>TK</arg>
<arg>TL</arg>
<arg>TM</arg>
<arg>TN</arg>
<arg>TO</arg>
<arg>TR</arg>
<arg>TT</arg>
<arg>TV</arg>
<arg>TW</arg>
<arg>TZ</arg>
<arg>UA</arg>
<arg>UG</arg>
<arg>UM</arg>
<arg>US</arg>
<arg>UY</arg>
<arg>UZ</arg>
<arg>VA</arg>
<arg>VC</arg>
<arg>VE</arg>
<arg>VG</arg>
<arg>VI</arg>
<arg>VN</arg>
<arg>VU</arg>
<arg>WF</arg>
<arg>WS</arg>
<arg>XK</arg>
<arg>YE</arg>
<arg>YT</arg>
<arg>ZA</arg>
<arg>ZM</arg>
<arg>ZW</arg>
<doc>Returns a list containing given items.</doc>
<status status="PASS" start="2024-07-26T19:14:00.093413" elapsed="0.000619"/>
</kw>
<kw name="List Should Contain Value" owner="Collections">
<arg>${list_country}</arg>
<arg>${name_country}</arg>
<doc>Fails if the ``value`` is not found from ``list``.</doc>
<status status="PASS" start="2024-07-26T19:14:00.094990" elapsed="0.000208"/>
</kw>
<kw name="Run Keyword If" owner="BuiltIn">
<kw name="Should Be True" owner="BuiltIn">
<arg>${True}</arg>
<doc>Fails if the given condition is not true.</doc>
<status status="PASS" start="2024-07-26T19:14:00.096192" elapsed="0.000143"/>
</kw>
<arg>${json_data["results"][0]["location"]["coordinates"]["latitude"]} &gt;= -90 and ${json_data["results"][0]["location"]["coordinates"]["latitude"]} &lt;= 90</arg>
<arg>Should Be True</arg>
<arg>${True}</arg>
<doc>Runs the given keyword with the given arguments, if ``condition`` is true.</doc>
<status status="PASS" start="2024-07-26T19:14:00.095398" elapsed="0.001065"/>
</kw>
<kw name="Run Keyword If" owner="BuiltIn">
<kw name="Should Be True" owner="BuiltIn">
<arg>${True}</arg>
<doc>Fails if the given condition is not true.</doc>
<status status="PASS" start="2024-07-26T19:14:00.097335" elapsed="0.000141"/>
</kw>
<arg>${json_data["results"][0]["location"]["coordinates"]["longitude"]} &gt;= -180 and ${json_data["results"][0]["location"]["coordinates"]["longitude"]} &lt;= 180</arg>
<arg>Should Be True</arg>
<arg>${True}</arg>
<doc>Runs the given keyword with the given arguments, if ``condition`` is true.</doc>
<status status="PASS" start="2024-07-26T19:14:00.096644" elapsed="0.000957"/>
</kw>
<status status="PASS" start="2024-07-26T19:13:59.991325" elapsed="0.106405"/>
</kw>
<doc>Testa o conteúdo específico dos campos retornados pela API.</doc>
<tag>testeConteudo</tag>
<status status="PASS" start="2024-07-26T19:13:59.990789" elapsed="0.107088"/>
</test>
<status status="PASS" start="2024-07-26T19:13:59.038733" elapsed="1.061120"/>
</suite>
<status status="PASS" start="2024-07-26T19:13:59.024572" elapsed="1.080331"/>
</suite>
<statistics>
<total>
<stat pass="5" fail="0" skip="0">All Tests</stat>
</total>
<tag>
<stat pass="1" fail="0" skip="0">testeConteudo</stat>
<stat pass="1" fail="0" skip="0">testeEstruturaResposta</stat>
<stat pass="1" fail="0" skip="0">testeRequisicaoBasica</stat>
<stat pass="1" fail="0" skip="0">testeTiposDados</stat>
</tag>
<suite>
<stat pass="5" fail="0" skip="0" id="s1" name="Tests">Tests</stat>
<stat pass="5" fail="0" skip="0" id="s1-s1" name="Random-User-Test">Tests.Random-User-Test</stat>
</suite>
</statistics>
<errors>
</errors>
</robot>
