<?xml version="1.0" encoding="UTF-8"?>
<robot generator="Robot 7.0 (Python 3.12.2 on linux)" generated="2024-04-07T10:12:53.733108" rpa="false" schemaversion="5">
<suite id="s1" name="Tests" source="/home/runner/work/DesafioQAItauRogerioJordao/DesafioQAItauRogerioJordao/RamdonUser/tests">
<suite id="s1-s1" name="Random-User-Test" source="/home/runner/work/DesafioQAItauRogerioJordao/DesafioQAItauRogerioJordao/RamdonUser/tests/random-user-test.robot">
<test id="s1-s1-t1" name="Conectar" line="13">
<kw name="Conectar API" owner="random-user-service">
<kw name="Create Session" owner="RequestsLibrary">
<msg time="2024-04-07T10:12:54.110697" level="INFO">Creating Session using : alias=consultarAPI, url=https://randomuser.me/, headers={},                     cookies={}, auth=None, timeout=None, proxies=None, verify=False,                     debug=0 </msg>
<arg>consultarAPI</arg>
<arg>${URL}</arg>
<doc>Create Session: create a HTTP session to a server</doc>
<status status="PASS" start="2024-04-07T10:12:54.110502" elapsed="0.000351"/>
</kw>
<status status="PASS" start="2024-04-07T10:12:54.109521" elapsed="0.001678"/>
</kw>
<status status="PASS" start="2024-04-07T10:12:54.108998" elapsed="0.002404"/>
</test>
<test id="s1-s1-t2" name="Validar retorno 200 e JSON Válido" line="16">
<kw name="Teste de Requisicao Basica" owner="random-user-service">
<kw name="GET On Session" owner="RequestsLibrary">
<msg time="2024-04-07T10:12:54.228722" level="INFO">GET Request : url=https://randomuser.me/api 
 path_url=/api 
 headers={'User-Agent': 'python-requests/2.31.0', 'Accept-Encoding': 'gzip, deflate', 'Accept': '*/*', 'Connection': 'keep-alive'} 
 body=None 
 </msg>
<msg time="2024-04-07T10:12:54.228821" level="INFO">GET Response : url=https://randomuser.me/api 
 status=200, reason=OK 
 headers={'Date': 'Sun, 07 Apr 2024 10:12:54 GMT', 'Content-Type': 'application/json; charset=utf-8', 'Transfer-Encoding': 'chunked', 'Connection': 'keep-alive', 'X-Powered-By': 'Express', 'Access-Control-Allow-Origin': '*', 'Cache-Control': 'no-cache', 'ETag': 'W/"49b-HP1KXym8YivMiW+Q5cfrB/Oo6G8"', 'Vary': 'Accept-Encoding', 'Content-Encoding': 'gzip', 'CF-Cache-Status': 'DYNAMIC', 'Report-To': '{"endpoints":[{"url":"https:\\/\\/a.nel.cloudflare.com\\/report\\/v4?s=SodbiQKG%2B%2BXkeXH9RP1lbJlAmeLw35ECTAneXHJnGKTjxi2iC6hfULDUtDGuOVi8NNnGoEU8A4CI7%2FZTod4wfud1f3lyTOSXlm7Gqa61DZ3YCuoyWYjnk5jb9Mis7xC0"}],"group":"cf-nel","max_age":604800}', 'NEL': '{"success_fraction":0,"report_to":"cf-nel","max_age":604800}', 'Server': 'cloudflare', 'CF-RAY': '87093dee68222700-SJC', 'alt-svc': 'h3=":443"; ma=86400'} 
 body={"results":[{"gender":"female","name":{"title":"Ms","first":"Peggy","last":"Fields"},"location":{"street":{"number":8669,"name":"Valwood Pkwy"},"city":"Toowoomba","state":"Australian Capital Territory","country":"Australia","postcode":1102,"coordinates":{"latitude":"-88.3221","longitude":"2.9517"},"timezone":{"offset":"+6:00","description":"Almaty, Dhaka, Colombo"}},"email":"peggy.fields@example.com","login":{"uuid":"c3dcddd1-6912-4375-8b79-859c8bb2667e","username":"organicleopard406","password":"holein1","salt":"LejmCvXR","md5":"261681ce198ac7ffd9efec8903e4bf5a","sha1":"8007e7492379e07f26aa73486cbb20d94e77fa5d","sha256":"1e83f5c5a3530241334d345ba41e2ede534cd2808f5252e2789e4d7c3f2fe7f1"},"dob":{"date":"1977-07-21T21:21:47.187Z","age":46},"registered":{"date":"2017-10-24T07:38:42.405Z","age":6},"phone":"07-7133-4899","cell":"0490-449-485","id":{"name":"TFN","value":"358632385"},"picture":{"large":"https://randomuser.me/api/portraits/women/53.jpg","medium":"https://randomuser.me/api/portraits/med/women/53.jpg","thumbnail":"https://randomuser.me/api/portraits/thumb/women/53.jpg"},"nat":"AU"}],"info":{"seed":"2ed38e54b24c0216","results":1,"page":1,"version":"1.4"}} 
 </msg>
<msg time="2024-04-07T10:12:54.228913" level="INFO">/opt/hostedtoolcache/Python/3.12.2/x64/lib/python3.12/site-packages/urllib3/connectionpool.py:1103: InsecureRequestWarning: Unverified HTTPS request is being made to host 'randomuser.me'. Adding certificate verification is strongly advised. See: https://urllib3.readthedocs.io/en/latest/advanced-usage.html#tls-warnings
  warnings.warn(</msg>
<msg time="2024-04-07T10:12:54.229042" level="INFO">${response} = &lt;Response [200]&gt;</msg>
<var>${response}</var>
<arg>consultarAPI</arg>
<arg>/api</arg>
<doc>Sends a GET request on a previously created HTTP Session.</doc>
<status status="PASS" start="2024-04-07T10:12:54.114010" elapsed="0.115074"/>
</kw>
<kw name="Should Be Equal As Numbers" owner="BuiltIn">
<msg time="2024-04-07T10:12:54.229891" level="INFO">Argument types are:
&lt;class 'int'&gt;
&lt;class 'str'&gt;</msg>
<arg>${response.status_code}</arg>
<arg>200</arg>
<doc>Fails if objects are unequal after converting them to real numbers.</doc>
<status status="PASS" start="2024-04-07T10:12:54.229484" elapsed="0.000477"/>
</kw>
<kw name="Log" owner="BuiltIn">
<msg time="2024-04-07T10:12:54.230651" level="INFO">200</msg>
<arg>${response.status_code}</arg>
<doc>Logs the given message with the given level.</doc>
<status status="PASS" start="2024-04-07T10:12:54.230287" elapsed="0.000408"/>
</kw>
<kw name="Set Variable" owner="BuiltIn">
<msg time="2024-04-07T10:12:54.231472" level="INFO">${json_data} = {'results': [{'gender': 'female', 'name': {'title': 'Ms', 'first': 'Peggy', 'last': 'Fields'}, 'location': {'street': {'number': 8669, 'name': 'Valwood Pkwy'}, 'city': 'Toowoomba', 'state': 'Australia...</msg>
<var>${json_data}</var>
<arg>${response.json()}</arg>
<doc>Returns the given values which can then be assigned to a variables.</doc>
<status status="PASS" start="2024-04-07T10:12:54.231030" elapsed="0.000470"/>
</kw>
<kw name="Dictionary Should Contain Key" owner="Collections">
<msg time="2024-04-07T10:12:54.231968" level="INFO">False</msg>
<arg>${json_data}</arg>
<arg>results</arg>
<doc>Fails if ``key`` is not found from ``dictionary``.</doc>
<status status="PASS" start="2024-04-07T10:12:54.231804" elapsed="0.000204"/>
</kw>
<status status="PASS" start="2024-04-07T10:12:54.113760" elapsed="0.118509"/>
</kw>
<doc>Testa se a API responde corretamente e retorna um objeto JSON válido.</doc>
<tag>testeRequisicaoBasica</tag>
<status status="PASS" start="2024-04-07T10:12:54.113293" elapsed="0.119152"/>
</test>
<test id="s1-s1-t3" name="Validar estrutura de resposta" line="22">
<kw name="Teste de Estrutura de Resposta" owner="random-user-service">
<kw name="GET On Session" owner="RequestsLibrary">
<msg time="2024-04-07T10:12:54.514632" level="INFO">GET Request : url=https://randomuser.me/api 
 path_url=/api 
 headers={'User-Agent': 'python-requests/2.31.0', 'Accept-Encoding': 'gzip, deflate', 'Accept': '*/*', 'Connection': 'keep-alive'} 
 body=None 
 </msg>
<msg time="2024-04-07T10:12:54.514701" level="INFO">GET Response : url=https://randomuser.me/api 
 status=200, reason=OK 
 headers={'Date': 'Sun, 07 Apr 2024 10:12:54 GMT', 'Content-Type': 'application/json; charset=utf-8', 'Transfer-Encoding': 'chunked', 'Connection': 'keep-alive', 'X-Powered-By': 'Express', 'Access-Control-Allow-Origin': '*', 'Cache-Control': 'no-cache', 'ETag': 'W/"496-4n+XQsgVtyUuhiLOhEhMnSkwbpU"', 'Vary': 'Accept-Encoding', 'Content-Encoding': 'gzip', 'CF-Cache-Status': 'DYNAMIC', 'Report-To': '{"endpoints":[{"url":"https:\\/\\/a.nel.cloudflare.com\\/report\\/v4?s=YwCgP%2B00Sfv2cgFtCMRPZzKq%2F%2F7dGAWqr0knAWTdlFBGWj7h5CnNF84buamXVwXDViYfhV%2FbQrhp401d8RMBAEeRimVKxIS%2FlHdTOMyGG%2BW9t%2F08iEsPi8aZLwBa9W5W"}],"group":"cf-nel","max_age":604800}', 'NEL': '{"success_fraction":0,"report_to":"cf-nel","max_age":604800}', 'Server': 'cloudflare', 'CF-RAY': '87093deef8712700-SJC', 'alt-svc': 'h3=":443"; ma=86400'} 
 body={"results":[{"gender":"male","name":{"title":"Mr","first":"محمدطاها","last":"سالاری"},"location":{"street":{"number":3212,"name":"جمال الدین اسدآبادی"},"city":"قدس","state":"مرکزی","country":"Iran","postcode":49181,"coordinates":{"latitude":"20.4045","longitude":"-84.3048"},"timezone":{"offset":"-11:00","description":"Midway Island, Samoa"}},"email":"mhmdth.slry@example.com","login":{"uuid":"c4053aa6-dd3f-467a-ae2d-1743dc02b6a1","username":"blackswan168","password":"truelove","salt":"ZYp7xEM5","md5":"dca8143a11139aca95f7fe729cba4b2c","sha1":"6f730fb1551c850a05476cd4f72e9fca21f612bb","sha256":"ba34fa4ffb125db61154eaf25b36c12d52de21e2fccc7e24dd5eec7d05f89f0c"},"dob":{"date":"1972-06-03T01:49:50.757Z","age":51},"registered":{"date":"2008-02-18T18:35:21.560Z","age":16},"phone":"087-01646185","cell":"0986-960-0355","id":{"name":"","value":null},"picture":{"large":"https://randomuser.me/api/portraits/men/23.jpg","medium":"https://randomuser.me/api/portraits/med/men/23.jpg","thumbnail":"https://randomuser.me/api/portraits/thumb/men/23.jpg"},"nat":"IR"}],"info":{"seed":"c0989e54d3a1c711","results":1,"page":1,"version":"1.4"}} 
 </msg>
<msg time="2024-04-07T10:12:54.514810" level="INFO">/opt/hostedtoolcache/Python/3.12.2/x64/lib/python3.12/site-packages/urllib3/connectionpool.py:1103: InsecureRequestWarning: Unverified HTTPS request is being made to host 'randomuser.me'. Adding certificate verification is strongly advised. See: https://urllib3.readthedocs.io/en/latest/advanced-usage.html#tls-warnings
  warnings.warn(</msg>
<msg time="2024-04-07T10:12:54.514905" level="INFO">${response} = &lt;Response [200]&gt;</msg>
<var>${response}</var>
<arg>consultarAPI</arg>
<arg>/api</arg>
<doc>Sends a GET request on a previously created HTTP Session.</doc>
<status status="PASS" start="2024-04-07T10:12:54.235208" elapsed="0.279726"/>
</kw>
<kw name="Set Variable" owner="BuiltIn">
<msg time="2024-04-07T10:12:54.515811" level="INFO">${json_data} = {'results': [{'gender': 'male', 'name': {'title': 'Mr', 'first': 'محمدطاها', 'last': 'سالاری'}, 'location': {'street': {'number': 3212, 'name': 'جمال الدین اسدآبادی'}, 'city': 'قدس', 'state': 'مرکزی',...</msg>
<var>${json_data}</var>
<arg>${response.json()}</arg>
<doc>Returns the given values which can then be assigned to a variables.</doc>
<status status="PASS" start="2024-04-07T10:12:54.515331" elapsed="0.000512"/>
</kw>
<kw name="Log" owner="BuiltIn">
<msg time="2024-04-07T10:12:54.516329" level="INFO">{'results': [{'gender': 'male', 'name': {'title': 'Mr', 'first': 'محمدطاها', 'last': 'سالاری'}, 'location': {'street': {'number': 3212, 'name': 'جمال الدین اسدآبادی'}, 'city': 'قدس', 'state': 'مرکزی', 'country': 'Iran', 'postcode': 49181, 'coordinates': {'latitude': '20.4045', 'longitude': '-84.3048'}, 'timezone': {'offset': '-11:00', 'description': 'Midway Island, Samoa'}}, 'email': 'mhmdth.slry@example.com', 'login': {'uuid': 'c4053aa6-dd3f-467a-ae2d-1743dc02b6a1', 'username': 'blackswan168', 'password': 'truelove', 'salt': 'ZYp7xEM5', 'md5': 'dca8143a11139aca95f7fe729cba4b2c', 'sha1': '6f730fb1551c850a05476cd4f72e9fca21f612bb', 'sha256': 'ba34fa4ffb125db61154eaf25b36c12d52de21e2fccc7e24dd5eec7d05f89f0c'}, 'dob': {'date': '1972-06-03T01:49:50.757Z', 'age': 51}, 'registered': {'date': '2008-02-18T18:35:21.560Z', 'age': 16}, 'phone': '087-01646185', 'cell': '0986-960-0355', 'id': {'name': '', 'value': None}, 'picture': {'large': 'https://randomuser.me/api/portraits/men/23.jpg', 'medium': 'https://randomuser.me/api/portraits/med/men/23.jpg', 'thumbnail': 'https://randomuser.me/api/portraits/thumb/men/23.jpg'}, 'nat': 'IR'}], 'info': {'seed': 'c0989e54d3a1c711', 'results': 1, 'page': 1, 'version': '1.4'}}</msg>
<arg>${json_data}</arg>
<doc>Logs the given message with the given level.</doc>
<status status="PASS" start="2024-04-07T10:12:54.516162" elapsed="0.000219"/>
</kw>
<kw name="Dictionary Should Contain Key" owner="Collections">
<msg time="2024-04-07T10:12:54.516838" level="INFO">False</msg>
<arg>${json_data}</arg>
<arg>results</arg>
<doc>Fails if ``key`` is not found from ``dictionary``.</doc>
<status status="PASS" start="2024-04-07T10:12:54.516684" elapsed="0.000193"/>
</kw>
<kw name="Should Not Be Empty" owner="BuiltIn">
<msg time="2024-04-07T10:12:54.517355" level="INFO">Length is 2.</msg>
<arg>${json_data}</arg>
<doc>Verifies that the given item is not empty.</doc>
<status status="PASS" start="2024-04-07T10:12:54.517220" elapsed="0.000180"/>
</kw>
<kw name="Create List" owner="BuiltIn">
<msg time="2024-04-07T10:12:54.517850" level="INFO">${expected_keys} = ['gender', 'name', 'location', 'email', 'login']</msg>
<var>${expected_keys}</var>
<arg>gender</arg>
<arg>name</arg>
<arg>location</arg>
<arg>email</arg>
<arg>login</arg>
<doc>Returns a list containing given items.</doc>
<status status="PASS" start="2024-04-07T10:12:54.517700" elapsed="0.000175"/>
</kw>
<for flavor="IN">
<iter>
<kw name="Dictionary Should Contain Key" owner="Collections">
<msg time="2024-04-07T10:12:54.518854" level="INFO">False</msg>
<arg>${json_data['results'][0]}</arg>
<arg>${key}</arg>
<doc>Fails if ``key`` is not found from ``dictionary``.</doc>
<status status="PASS" start="2024-04-07T10:12:54.518440" elapsed="0.000453"/>
</kw>
<kw name="Log" owner="BuiltIn">
<msg time="2024-04-07T10:12:54.519580" level="INFO">{'gender': 'male', 'name': {'title': 'Mr', 'first': 'محمدطاها', 'last': 'سالاری'}, 'location': {'street': {'number': 3212, 'name': 'جمال الدین اسدآبادی'}, 'city': 'قدس', 'state': 'مرکزی', 'country': 'Iran', 'postcode': 49181, 'coordinates': {'latitude': '20.4045', 'longitude': '-84.3048'}, 'timezone': {'offset': '-11:00', 'description': 'Midway Island, Samoa'}}, 'email': 'mhmdth.slry@example.com', 'login': {'uuid': 'c4053aa6-dd3f-467a-ae2d-1743dc02b6a1', 'username': 'blackswan168', 'password': 'truelove', 'salt': 'ZYp7xEM5', 'md5': 'dca8143a11139aca95f7fe729cba4b2c', 'sha1': '6f730fb1551c850a05476cd4f72e9fca21f612bb', 'sha256': 'ba34fa4ffb125db61154eaf25b36c12d52de21e2fccc7e24dd5eec7d05f89f0c'}, 'dob': {'date': '1972-06-03T01:49:50.757Z', 'age': 51}, 'registered': {'date': '2008-02-18T18:35:21.560Z', 'age': 16}, 'phone': '087-01646185', 'cell': '0986-960-0355', 'id': {'name': '', 'value': None}, 'picture': {'large': 'https://randomuser.me/api/portraits/men/23.jpg', 'medium': 'https://randomuser.me/api/portraits/med/men/23.jpg', 'thumbnail': 'https://randomuser.me/api/portraits/thumb/men/23.jpg'}, 'nat': 'IR'}</msg>
<arg>${json_data['results'][0]}</arg>
<doc>Logs the given message with the given level.</doc>
<status status="PASS" start="2024-04-07T10:12:54.519215" elapsed="0.000417"/>
</kw>
<kw name="Log" owner="BuiltIn">
<msg time="2024-04-07T10:12:54.520080" level="INFO">gender</msg>
<arg>${key}</arg>
<doc>Logs the given message with the given level.</doc>
<status status="PASS" start="2024-04-07T10:12:54.519948" elapsed="0.000170"/>
</kw>
<var name="${key}">gender</var>
<status status="PASS" start="2024-04-07T10:12:54.518318" elapsed="0.002021"/>
</iter>
<iter>
<kw name="Dictionary Should Contain Key" owner="Collections">
<msg time="2024-04-07T10:12:54.521076" level="INFO">False</msg>
<arg>${json_data['results'][0]}</arg>
<arg>${key}</arg>
<doc>Fails if ``key`` is not found from ``dictionary``.</doc>
<status status="PASS" start="2024-04-07T10:12:54.520645" elapsed="0.000470"/>
</kw>
<kw name="Log" owner="BuiltIn">
<msg time="2024-04-07T10:12:54.521812" level="INFO">{'gender': 'male', 'name': {'title': 'Mr', 'first': 'محمدطاها', 'last': 'سالاری'}, 'location': {'street': {'number': 3212, 'name': 'جمال الدین اسدآبادی'}, 'city': 'قدس', 'state': 'مرکزی', 'country': 'Iran', 'postcode': 49181, 'coordinates': {'latitude': '20.4045', 'longitude': '-84.3048'}, 'timezone': {'offset': '-11:00', 'description': 'Midway Island, Samoa'}}, 'email': 'mhmdth.slry@example.com', 'login': {'uuid': 'c4053aa6-dd3f-467a-ae2d-1743dc02b6a1', 'username': 'blackswan168', 'password': 'truelove', 'salt': 'ZYp7xEM5', 'md5': 'dca8143a11139aca95f7fe729cba4b2c', 'sha1': '6f730fb1551c850a05476cd4f72e9fca21f612bb', 'sha256': 'ba34fa4ffb125db61154eaf25b36c12d52de21e2fccc7e24dd5eec7d05f89f0c'}, 'dob': {'date': '1972-06-03T01:49:50.757Z', 'age': 51}, 'registered': {'date': '2008-02-18T18:35:21.560Z', 'age': 16}, 'phone': '087-01646185', 'cell': '0986-960-0355', 'id': {'name': '', 'value': None}, 'picture': {'large': 'https://randomuser.me/api/portraits/men/23.jpg', 'medium': 'https://randomuser.me/api/portraits/med/men/23.jpg', 'thumbnail': 'https://randomuser.me/api/portraits/thumb/men/23.jpg'}, 'nat': 'IR'}</msg>
<arg>${json_data['results'][0]}</arg>
<doc>Logs the given message with the given level.</doc>
<status status="PASS" start="2024-04-07T10:12:54.521447" elapsed="0.000417"/>
</kw>
<kw name="Log" owner="BuiltIn">
<msg time="2024-04-07T10:12:54.522295" level="INFO">name</msg>
<arg>${key}</arg>
<doc>Logs the given message with the given level.</doc>
<status status="PASS" start="2024-04-07T10:12:54.522167" elapsed="0.000166"/>
</kw>
<var name="${key}">name</var>
<status status="PASS" start="2024-04-07T10:12:54.520529" elapsed="0.002024"/>
</iter>
<iter>
<kw name="Dictionary Should Contain Key" owner="Collections">
<msg time="2024-04-07T10:12:54.523225" level="INFO">False</msg>
<arg>${json_data['results'][0]}</arg>
<arg>${key}</arg>
<doc>Fails if ``key`` is not found from ``dictionary``.</doc>
<status status="PASS" start="2024-04-07T10:12:54.522847" elapsed="0.000417"/>
</kw>
<kw name="Log" owner="BuiltIn">
<msg time="2024-04-07T10:12:54.523935" level="INFO">{'gender': 'male', 'name': {'title': 'Mr', 'first': 'محمدطاها', 'last': 'سالاری'}, 'location': {'street': {'number': 3212, 'name': 'جمال الدین اسدآبادی'}, 'city': 'قدس', 'state': 'مرکزی', 'country': 'Iran', 'postcode': 49181, 'coordinates': {'latitude': '20.4045', 'longitude': '-84.3048'}, 'timezone': {'offset': '-11:00', 'description': 'Midway Island, Samoa'}}, 'email': 'mhmdth.slry@example.com', 'login': {'uuid': 'c4053aa6-dd3f-467a-ae2d-1743dc02b6a1', 'username': 'blackswan168', 'password': 'truelove', 'salt': 'ZYp7xEM5', 'md5': 'dca8143a11139aca95f7fe729cba4b2c', 'sha1': '6f730fb1551c850a05476cd4f72e9fca21f612bb', 'sha256': 'ba34fa4ffb125db61154eaf25b36c12d52de21e2fccc7e24dd5eec7d05f89f0c'}, 'dob': {'date': '1972-06-03T01:49:50.757Z', 'age': 51}, 'registered': {'date': '2008-02-18T18:35:21.560Z', 'age': 16}, 'phone': '087-01646185', 'cell': '0986-960-0355', 'id': {'name': '', 'value': None}, 'picture': {'large': 'https://randomuser.me/api/portraits/men/23.jpg', 'medium': 'https://randomuser.me/api/portraits/med/men/23.jpg', 'thumbnail': 'https://randomuser.me/api/portraits/thumb/men/23.jpg'}, 'nat': 'IR'}</msg>
<arg>${json_data['results'][0]}</arg>
<doc>Logs the given message with the given level.</doc>
<status status="PASS" start="2024-04-07T10:12:54.523567" elapsed="0.000424"/>
</kw>
<kw name="Log" owner="BuiltIn">
<msg time="2024-04-07T10:12:54.524416" level="INFO">location</msg>
<arg>${key}</arg>
<doc>Logs the given message with the given level.</doc>
<status status="PASS" start="2024-04-07T10:12:54.524289" elapsed="0.000165"/>
</kw>
<var name="${key}">location</var>
<status status="PASS" start="2024-04-07T10:12:54.522736" elapsed="0.001934"/>
</iter>
<iter>
<kw name="Dictionary Should Contain Key" owner="Collections">
<msg time="2024-04-07T10:12:54.525361" level="INFO">False</msg>
<arg>${json_data['results'][0]}</arg>
<arg>${key}</arg>
<doc>Fails if ``key`` is not found from ``dictionary``.</doc>
<status status="PASS" start="2024-04-07T10:12:54.524973" elapsed="0.000426"/>
</kw>
<kw name="Log" owner="BuiltIn">
<msg time="2024-04-07T10:12:54.526065" level="INFO">{'gender': 'male', 'name': {'title': 'Mr', 'first': 'محمدطاها', 'last': 'سالاری'}, 'location': {'street': {'number': 3212, 'name': 'جمال الدین اسدآبادی'}, 'city': 'قدس', 'state': 'مرکزی', 'country': 'Iran', 'postcode': 49181, 'coordinates': {'latitude': '20.4045', 'longitude': '-84.3048'}, 'timezone': {'offset': '-11:00', 'description': 'Midway Island, Samoa'}}, 'email': 'mhmdth.slry@example.com', 'login': {'uuid': 'c4053aa6-dd3f-467a-ae2d-1743dc02b6a1', 'username': 'blackswan168', 'password': 'truelove', 'salt': 'ZYp7xEM5', 'md5': 'dca8143a11139aca95f7fe729cba4b2c', 'sha1': '6f730fb1551c850a05476cd4f72e9fca21f612bb', 'sha256': 'ba34fa4ffb125db61154eaf25b36c12d52de21e2fccc7e24dd5eec7d05f89f0c'}, 'dob': {'date': '1972-06-03T01:49:50.757Z', 'age': 51}, 'registered': {'date': '2008-02-18T18:35:21.560Z', 'age': 16}, 'phone': '087-01646185', 'cell': '0986-960-0355', 'id': {'name': '', 'value': None}, 'picture': {'large': 'https://randomuser.me/api/portraits/men/23.jpg', 'medium': 'https://randomuser.me/api/portraits/med/men/23.jpg', 'thumbnail': 'https://randomuser.me/api/portraits/thumb/men/23.jpg'}, 'nat': 'IR'}</msg>
<arg>${json_data['results'][0]}</arg>
<doc>Logs the given message with the given level.</doc>
<status status="PASS" start="2024-04-07T10:12:54.525701" elapsed="0.000414"/>
</kw>
<kw name="Log" owner="BuiltIn">
<msg time="2024-04-07T10:12:54.526537" level="INFO">email</msg>
<arg>${key}</arg>
<doc>Logs the given message with the given level.</doc>
<status status="PASS" start="2024-04-07T10:12:54.526410" elapsed="0.000164"/>
</kw>
<var name="${key}">email</var>
<status status="PASS" start="2024-04-07T10:12:54.524843" elapsed="0.001947"/>
</iter>
<iter>
<kw name="Dictionary Should Contain Key" owner="Collections">
<msg time="2024-04-07T10:12:54.527470" level="INFO">False</msg>
<arg>${json_data['results'][0]}</arg>
<arg>${key}</arg>
<doc>Fails if ``key`` is not found from ``dictionary``.</doc>
<status status="PASS" start="2024-04-07T10:12:54.527080" elapsed="0.000429"/>
</kw>
<kw name="Log" owner="BuiltIn">
<msg time="2024-04-07T10:12:54.528168" level="INFO">{'gender': 'male', 'name': {'title': 'Mr', 'first': 'محمدطاها', 'last': 'سالاری'}, 'location': {'street': {'number': 3212, 'name': 'جمال الدین اسدآبادی'}, 'city': 'قدس', 'state': 'مرکزی', 'country': 'Iran', 'postcode': 49181, 'coordinates': {'latitude': '20.4045', 'longitude': '-84.3048'}, 'timezone': {'offset': '-11:00', 'description': 'Midway Island, Samoa'}}, 'email': 'mhmdth.slry@example.com', 'login': {'uuid': 'c4053aa6-dd3f-467a-ae2d-1743dc02b6a1', 'username': 'blackswan168', 'password': 'truelove', 'salt': 'ZYp7xEM5', 'md5': 'dca8143a11139aca95f7fe729cba4b2c', 'sha1': '6f730fb1551c850a05476cd4f72e9fca21f612bb', 'sha256': 'ba34fa4ffb125db61154eaf25b36c12d52de21e2fccc7e24dd5eec7d05f89f0c'}, 'dob': {'date': '1972-06-03T01:49:50.757Z', 'age': 51}, 'registered': {'date': '2008-02-18T18:35:21.560Z', 'age': 16}, 'phone': '087-01646185', 'cell': '0986-960-0355', 'id': {'name': '', 'value': None}, 'picture': {'large': 'https://randomuser.me/api/portraits/men/23.jpg', 'medium': 'https://randomuser.me/api/portraits/med/men/23.jpg', 'thumbnail': 'https://randomuser.me/api/portraits/thumb/men/23.jpg'}, 'nat': 'IR'}</msg>
<arg>${json_data['results'][0]}</arg>
<doc>Logs the given message with the given level.</doc>
<status status="PASS" start="2024-04-07T10:12:54.527804" elapsed="0.000413"/>
</kw>
<kw name="Log" owner="BuiltIn">
<msg time="2024-04-07T10:12:54.528648" level="INFO">login</msg>
<arg>${key}</arg>
<doc>Logs the given message with the given level.</doc>
<status status="PASS" start="2024-04-07T10:12:54.528520" elapsed="0.000265"/>
</kw>
<var name="${key}">login</var>
<status status="PASS" start="2024-04-07T10:12:54.526964" elapsed="0.002096"/>
</iter>
<var>${key}</var>
<value>@{expected_keys}</value>
<status status="PASS" start="2024-04-07T10:12:54.518135" elapsed="0.011055"/>
</for>
<kw name="Create List" owner="BuiltIn">
<msg time="2024-04-07T10:12:54.529521" level="INFO">${expected_keysTwo} = ['username', 'password']</msg>
<var>${expected_keysTwo}</var>
<arg>username</arg>
<arg>password</arg>
<doc>Returns a list containing given items.</doc>
<status status="PASS" start="2024-04-07T10:12:54.529382" elapsed="0.000163"/>
</kw>
<for flavor="IN">
<iter>
<kw name="Dictionary Should Contain Key" owner="Collections">
<msg time="2024-04-07T10:12:54.530427" level="INFO">False</msg>
<arg>${json_data['results'][0]['login']}</arg>
<arg>${keyTwo}</arg>
<doc>Fails if ``key`` is not found from ``dictionary``.</doc>
<status status="PASS" start="2024-04-07T10:12:54.530046" elapsed="0.000419"/>
</kw>
<kw name="Dictionary Should Contain Key" owner="Collections">
<msg time="2024-04-07T10:12:54.531137" level="INFO">False</msg>
<arg>${json_data['results'][0]['login']}</arg>
<arg>${keyTwo}</arg>
<doc>Fails if ``key`` is not found from ``dictionary``.</doc>
<status status="PASS" start="2024-04-07T10:12:54.530760" elapsed="0.000414"/>
</kw>
<kw name="Log" owner="BuiltIn">
<msg time="2024-04-07T10:12:54.531595" level="INFO">username</msg>
<arg>${keyTwo}</arg>
<doc>Logs the given message with the given level.</doc>
<status status="PASS" start="2024-04-07T10:12:54.531466" elapsed="0.000167"/>
</kw>
<var name="${keyTwo}">username</var>
<status status="PASS" start="2024-04-07T10:12:54.529936" elapsed="0.001915"/>
</iter>
<iter>
<kw name="Dictionary Should Contain Key" owner="Collections">
<msg time="2024-04-07T10:12:54.532508" level="INFO">False</msg>
<arg>${json_data['results'][0]['login']}</arg>
<arg>${keyTwo}</arg>
<doc>Fails if ``key`` is not found from ``dictionary``.</doc>
<status status="PASS" start="2024-04-07T10:12:54.532135" elapsed="0.000410"/>
</kw>
<kw name="Dictionary Should Contain Key" owner="Collections">
<msg time="2024-04-07T10:12:54.533243" level="INFO">False</msg>
<arg>${json_data['results'][0]['login']}</arg>
<arg>${keyTwo}</arg>
<doc>Fails if ``key`` is not found from ``dictionary``.</doc>
<status status="PASS" start="2024-04-07T10:12:54.532838" elapsed="0.000441"/>
</kw>
<kw name="Log" owner="BuiltIn">
<msg time="2024-04-07T10:12:54.533698" level="INFO">password</msg>
<arg>${keyTwo}</arg>
<doc>Logs the given message with the given level.</doc>
<status status="PASS" start="2024-04-07T10:12:54.533572" elapsed="0.000163"/>
</kw>
<var name="${keyTwo}">password</var>
<status status="PASS" start="2024-04-07T10:12:54.532025" elapsed="0.001929"/>
</iter>
<var>${keyTwo}</var>
<value>@{expected_keysTwo}</value>
<status status="PASS" start="2024-04-07T10:12:54.529786" elapsed="0.004290"/>
</for>
<status status="PASS" start="2024-04-07T10:12:54.234960" elapsed="0.299256"/>
</kw>
<doc>Testa a estrutura da resposta da API.</doc>
<tag>testeEstruturaResposta</tag>
<status status="PASS" start="2024-04-07T10:12:54.234338" elapsed="0.300031"/>
</test>
<test id="s1-s1-t4" name="Validar tipos de dados" line="28">
<kw name="Teste de Tipos de Dados" owner="random-user-service">
<kw name="GET On Session" owner="RequestsLibrary">
<msg time="2024-04-07T10:12:54.624168" level="INFO">GET Request : url=https://randomuser.me/api 
 path_url=/api 
 headers={'User-Agent': 'python-requests/2.31.0', 'Accept-Encoding': 'gzip, deflate', 'Accept': '*/*', 'Connection': 'keep-alive'} 
 body=None 
 </msg>
<msg time="2024-04-07T10:12:54.624248" level="INFO">GET Response : url=https://randomuser.me/api 
 status=200, reason=OK 
 headers={'Date': 'Sun, 07 Apr 2024 10:12:54 GMT', 'Content-Type': 'application/json; charset=utf-8', 'Transfer-Encoding': 'chunked', 'Connection': 'keep-alive', 'X-Powered-By': 'Express', 'Access-Control-Allow-Origin': '*', 'Cache-Control': 'no-cache', 'ETag': 'W/"48a-fkNI2kj1jj8YLJ+oV5h7OwczNa4"', 'Vary': 'Accept-Encoding', 'Content-Encoding': 'gzip', 'CF-Cache-Status': 'DYNAMIC', 'Report-To': '{"endpoints":[{"url":"https:\\/\\/a.nel.cloudflare.com\\/report\\/v4?s=XfpQmmpzhN9z6cfGAkb4y%2BIoPTqc0VA7me2p%2BvO632t1EYwVHXrdM6lAipHzTfO08d5WiBUQ2SlCfjIo%2FULUytVV%2FDnrlkZVbXycR8jpVFDpJbMYaDjZeNrqktYl398p"}],"group":"cf-nel","max_age":604800}', 'NEL': '{"success_fraction":0,"report_to":"cf-nel","max_age":604800}', 'Server': 'cloudflare', 'CF-RAY': '87093df0e96d2700-SJC', 'alt-svc': 'h3=":443"; ma=86400'} 
 body={"results":[{"gender":"female","name":{"title":"Ms","first":"Oda","last":"Leren"},"location":{"street":{"number":7395,"name":"Svalbardveien"},"city":"Spetalen","state":"Vestfold","country":"Norway","postcode":"7581","coordinates":{"latitude":"39.4654","longitude":"164.7759"},"timezone":{"offset":"+8:00","description":"Beijing, Perth, Singapore, Hong Kong"}},"email":"oda.leren@example.com","login":{"uuid":"c7bdbdcf-934b-4526-8b3a-12b98f8a0f70","username":"purplebutterfly220","password":"clarinet","salt":"orUxizXS","md5":"6a12cadb370475f6b164a5a50ede71b2","sha1":"5d9dda8c136fe6392e28002919c1711f36ef9f9f","sha256":"7da042e5600ea39bd2a94f4400668c00a935e79fa71c881879cb92f90c0684e6"},"dob":{"date":"1986-02-09T05:55:25.728Z","age":38},"registered":{"date":"2014-10-28T06:56:08.882Z","age":9},"phone":"85609401","cell":"99161913","id":{"name":"FN","value":"09028616039"},"picture":{"large":"https://randomuser.me/api/portraits/women/54.jpg","medium":"https://randomuser.me/api/portraits/med/women/54.jpg","thumbnail":"https://randomuser.me/api/portraits/thumb/women/54.jpg"},"nat":"NO"}],"info":{"seed":"b5cb5b418b7f4391","results":1,"page":1,"version":"1.4"}} 
 </msg>
<msg time="2024-04-07T10:12:54.624316" level="INFO">/opt/hostedtoolcache/Python/3.12.2/x64/lib/python3.12/site-packages/urllib3/connectionpool.py:1103: InsecureRequestWarning: Unverified HTTPS request is being made to host 'randomuser.me'. Adding certificate verification is strongly advised. See: https://urllib3.readthedocs.io/en/latest/advanced-usage.html#tls-warnings
  warnings.warn(</msg>
<msg time="2024-04-07T10:12:54.624427" level="INFO">${response} = &lt;Response [200]&gt;</msg>
<var>${response}</var>
<arg>consultarAPI</arg>
<arg>/api</arg>
<doc>Sends a GET request on a previously created HTTP Session.</doc>
<status status="PASS" start="2024-04-07T10:12:54.536767" elapsed="0.087709"/>
</kw>
<kw name="Set Variable" owner="BuiltIn">
<msg time="2024-04-07T10:12:54.625365" level="INFO">${json_data} = {'results': [{'gender': 'female', 'name': {'title': 'Ms', 'first': 'Oda', 'last': 'Leren'}, 'location': {'street': {'number': 7395, 'name': 'Svalbardveien'}, 'city': 'Spetalen', 'state': 'Vestfold', '...</msg>
<var>${json_data}</var>
<arg>${response.json()}</arg>
<doc>Returns the given values which can then be assigned to a variables.</doc>
<status status="PASS" start="2024-04-07T10:12:54.624900" elapsed="0.000493"/>
</kw>
<kw name="Log" owner="BuiltIn">
<msg time="2024-04-07T10:12:54.625849" level="INFO">{'results': [{'gender': 'female', 'name': {'title': 'Ms', 'first': 'Oda', 'last': 'Leren'}, 'location': {'street': {'number': 7395, 'name': 'Svalbardveien'}, 'city': 'Spetalen', 'state': 'Vestfold', 'country': 'Norway', 'postcode': '7581', 'coordinates': {'latitude': '39.4654', 'longitude': '164.7759'}, 'timezone': {'offset': '+8:00', 'description': 'Beijing, Perth, Singapore, Hong Kong'}}, 'email': 'oda.leren@example.com', 'login': {'uuid': 'c7bdbdcf-934b-4526-8b3a-12b98f8a0f70', 'username': 'purplebutterfly220', 'password': 'clarinet', 'salt': 'orUxizXS', 'md5': '6a12cadb370475f6b164a5a50ede71b2', 'sha1': '5d9dda8c136fe6392e28002919c1711f36ef9f9f', 'sha256': '7da042e5600ea39bd2a94f4400668c00a935e79fa71c881879cb92f90c0684e6'}, 'dob': {'date': '1986-02-09T05:55:25.728Z', 'age': 38}, 'registered': {'date': '2014-10-28T06:56:08.882Z', 'age': 9}, 'phone': '85609401', 'cell': '99161913', 'id': {'name': 'FN', 'value': '09028616039'}, 'picture': {'large': 'https://randomuser.me/api/portraits/women/54.jpg', 'medium': 'https://randomuser.me/api/portraits/med/women/54.jpg', 'thumbnail': 'https://randomuser.me/api/portraits/thumb/women/54.jpg'}, 'nat': 'NO'}], 'info': {'seed': 'b5cb5b418b7f4391', 'results': 1, 'page': 1, 'version': '1.4'}}</msg>
<arg>${json_data}</arg>
<doc>Logs the given message with the given level.</doc>
<status status="PASS" start="2024-04-07T10:12:54.625695" elapsed="0.000233"/>
</kw>
<kw name="Should Be String" owner="String">
<arg>${json_data['results'][0]['gender']}</arg>
<doc>Fails if the given ``item`` is not a string.</doc>
<status status="PASS" start="2024-04-07T10:12:54.626226" elapsed="0.000353"/>
</kw>
<kw name="Should Match Regexp" owner="BuiltIn">
<arg>${json_data['results'][0]['email']}</arg>
<arg>^[a-zA-Z0-9._%+-]+@[a-zA-Z0-9.-]+\.[a-zA-Z]{2,}$</arg>
<doc>Fails if ``string`` does not match ``pattern`` as a regular expression.</doc>
<status status="PASS" start="2024-04-07T10:12:54.626770" elapsed="0.000504"/>
</kw>
<kw name="Should Match Regexp" owner="BuiltIn">
<arg>${json_data['results'][0]['dob']['date']}</arg>
<arg>\\d{4}-\\d{2}-\\d{2}T\\d{2}:\\d{2}:\\d{2}\\.\\d{3}Z</arg>
<doc>Fails if ``string`` does not match ``pattern`` as a regular expression.</doc>
<status status="PASS" start="2024-04-07T10:12:54.627467" elapsed="0.000477"/>
</kw>
<kw name="Should Match Regexp" owner="BuiltIn">
<arg>${json_data['results'][0]['registered']['date']}</arg>
<arg>\\d{4}-\\d{2}-\\d{2}T\\d{2}:\\d{2}:\\d{2}\\.\\d{3}Z</arg>
<doc>Fails if ``string`` does not match ``pattern`` as a regular expression.</doc>
<status status="PASS" start="2024-04-07T10:12:54.628136" elapsed="0.000361"/>
</kw>
<kw name="Should Match Regexp" owner="BuiltIn">
<arg>${json_data['results'][0]['picture']['large']}</arg>
<arg>^https?://.*\.(?:png|jpe?g|gif|bmp)$</arg>
<doc>Fails if ``string`` does not match ``pattern`` as a regular expression.</doc>
<status status="PASS" start="2024-04-07T10:12:54.628680" elapsed="0.000489"/>
</kw>
<kw name="Should Match Regexp" owner="BuiltIn">
<arg>${json_data['results'][0]['picture']['medium']}</arg>
<arg>^https?://.*\.(?:png|jpe?g|gif|bmp)$</arg>
<doc>Fails if ``string`` does not match ``pattern`` as a regular expression.</doc>
<status status="PASS" start="2024-04-07T10:12:54.629365" elapsed="0.000350"/>
</kw>
<kw name="Should Match Regexp" owner="BuiltIn">
<arg>${json_data['results'][0]['picture']['thumbnail']}</arg>
<arg>^https?://.*\.(?:png|jpe?g|gif|bmp)$</arg>
<doc>Fails if ``string`` does not match ``pattern`` as a regular expression.</doc>
<status status="PASS" start="2024-04-07T10:12:54.629898" elapsed="0.000348"/>
</kw>
<kw name="Log" owner="BuiltIn">
<msg time="2024-04-07T10:12:54.630747" level="INFO">{'large': 'https://randomuser.me/api/portraits/women/54.jpg', 'medium': 'https://randomuser.me/api/portraits/med/women/54.jpg', 'thumbnail': 'https://randomuser.me/api/portraits/thumb/women/54.jpg'}</msg>
<arg>${json_data['results'][0]['picture']}</arg>
<doc>Logs the given message with the given level.</doc>
<status status="PASS" start="2024-04-07T10:12:54.630426" elapsed="0.000363"/>
</kw>
<status status="PASS" start="2024-04-07T10:12:54.536539" elapsed="0.094501"/>
</kw>
<kw name="Teste de Tipos de Dados - Postcode" owner="random-user-service">
<kw name="GET On Session" owner="RequestsLibrary">
<msg time="2024-04-07T10:12:54.724843" level="INFO">GET Request : url=https://randomuser.me/api 
 path_url=/api 
 headers={'User-Agent': 'python-requests/2.31.0', 'Accept-Encoding': 'gzip, deflate', 'Accept': '*/*', 'Connection': 'keep-alive'} 
 body=None 
 </msg>
<msg time="2024-04-07T10:12:54.724929" level="INFO">GET Response : url=https://randomuser.me/api 
 status=200, reason=OK 
 headers={'Date': 'Sun, 07 Apr 2024 10:12:54 GMT', 'Content-Type': 'application/json; charset=utf-8', 'Transfer-Encoding': 'chunked', 'Connection': 'keep-alive', 'X-Powered-By': 'Express', 'Access-Control-Allow-Origin': '*', 'Cache-Control': 'no-cache', 'ETag': 'W/"49c-rN/rze3gFJBQr0KjE+xjk6ZYVkc"', 'Vary': 'Accept-Encoding', 'Content-Encoding': 'gzip', 'CF-Cache-Status': 'DYNAMIC', 'Report-To': '{"endpoints":[{"url":"https:\\/\\/a.nel.cloudflare.com\\/report\\/v4?s=XSDmBT9fYZ25f3E6khFSxaPXRYC%2BP%2BBNB9uFjkX%2B4NVkAwpvhMnTx6Dqn7MrIx1bK8%2Brl0E4ISQmVHJxK%2FWrBYxSQH04eK7AA%2BS4PbQxw2DoR5LjRJem9u9yZaeZpAUD"}],"group":"cf-nel","max_age":604800}', 'NEL': '{"success_fraction":0,"report_to":"cf-nel","max_age":604800}', 'Server': 'cloudflare', 'CF-RAY': '87093df179bc2700-SJC', 'alt-svc': 'h3=":443"; ma=86400'} 
 body={"results":[{"gender":"male","name":{"title":"Mr","first":"اميرمحمد","last":"گلشن"},"location":{"street":{"number":7607,"name":"شهید دکتر آیت"},"city":"شیراز","state":"خوزستان","country":"Iran","postcode":17677,"coordinates":{"latitude":"18.2721","longitude":"-51.2414"},"timezone":{"offset":"+4:00","description":"Abu Dhabi, Muscat, Baku, Tbilisi"}},"email":"myrmhmd.glshn@example.com","login":{"uuid":"3fac6961-89ba-4a33-b767-4fd65dc99b70","username":"happyladybug342","password":"johndoe","salt":"HMSNOom8","md5":"9bc1953656afbd8158191a0dab3acf59","sha1":"f543cf676379454c7d614136003c0dca78b56466","sha256":"a10fae36c33b26d870f745eaedd3923c9510aed117c3b8aaecf61b554253fc48"},"dob":{"date":"2001-01-25T19:06:19.184Z","age":23},"registered":{"date":"2019-02-21T21:42:11.965Z","age":5},"phone":"038-75564009","cell":"0969-198-5117","id":{"name":"","value":null},"picture":{"large":"https://randomuser.me/api/portraits/men/40.jpg","medium":"https://randomuser.me/api/portraits/med/men/40.jpg","thumbnail":"https://randomuser.me/api/portraits/thumb/men/40.jpg"},"nat":"IR"}],"info":{"seed":"2569f7805071f25d","results":1,"page":1,"version":"1.4"}} 
 </msg>
<msg time="2024-04-07T10:12:54.725060" level="INFO">/opt/hostedtoolcache/Python/3.12.2/x64/lib/python3.12/site-packages/urllib3/connectionpool.py:1103: InsecureRequestWarning: Unverified HTTPS request is being made to host 'randomuser.me'. Adding certificate verification is strongly advised. See: https://urllib3.readthedocs.io/en/latest/advanced-usage.html#tls-warnings
  warnings.warn(</msg>
<msg time="2024-04-07T10:12:54.725176" level="INFO">${response} = &lt;Response [200]&gt;</msg>
<var>${response}</var>
<arg>consultarAPI</arg>
<arg>/api</arg>
<doc>Sends a GET request on a previously created HTTP Session.</doc>
<status status="PASS" start="2024-04-07T10:12:54.631583" elapsed="0.093636"/>
</kw>
<kw name="Set Variable" owner="BuiltIn">
<msg time="2024-04-07T10:12:54.726074" level="INFO">${json_data} = {'results': [{'gender': 'male', 'name': {'title': 'Mr', 'first': 'اميرمحمد', 'last': 'گلشن'}, 'location': {'street': {'number': 7607, 'name': 'شهید دکتر آیت'}, 'city': 'شیراز', 'state': 'خوزستان', 'co...</msg>
<var>${json_data}</var>
<arg>${response.json()}</arg>
<doc>Returns the given values which can then be assigned to a variables.</doc>
<status status="PASS" start="2024-04-07T10:12:54.725630" elapsed="0.000473"/>
</kw>
<kw name="Log" owner="BuiltIn">
<msg time="2024-04-07T10:12:54.726561" level="INFO">{'results': [{'gender': 'male', 'name': {'title': 'Mr', 'first': 'اميرمحمد', 'last': 'گلشن'}, 'location': {'street': {'number': 7607, 'name': 'شهید دکتر آیت'}, 'city': 'شیراز', 'state': 'خوزستان', 'country': 'Iran', 'postcode': 17677, 'coordinates': {'latitude': '18.2721', 'longitude': '-51.2414'}, 'timezone': {'offset': '+4:00', 'description': 'Abu Dhabi, Muscat, Baku, Tbilisi'}}, 'email': 'myrmhmd.glshn@example.com', 'login': {'uuid': '3fac6961-89ba-4a33-b767-4fd65dc99b70', 'username': 'happyladybug342', 'password': 'johndoe', 'salt': 'HMSNOom8', 'md5': '9bc1953656afbd8158191a0dab3acf59', 'sha1': 'f543cf676379454c7d614136003c0dca78b56466', 'sha256': 'a10fae36c33b26d870f745eaedd3923c9510aed117c3b8aaecf61b554253fc48'}, 'dob': {'date': '2001-01-25T19:06:19.184Z', 'age': 23}, 'registered': {'date': '2019-02-21T21:42:11.965Z', 'age': 5}, 'phone': '038-75564009', 'cell': '0969-198-5117', 'id': {'name': '', 'value': None}, 'picture': {'large': 'https://randomuser.me/api/portraits/men/40.jpg', 'medium': 'https://randomuser.me/api/portraits/med/men/40.jpg', 'thumbnail': 'https://randomuser.me/api/portraits/thumb/men/40.jpg'}, 'nat': 'IR'}], 'info': {'seed': '2569f7805071f25d', 'results': 1, 'page': 1, 'version': '1.4'}}</msg>
<arg>${json_data}</arg>
<doc>Logs the given message with the given level.</doc>
<status status="PASS" start="2024-04-07T10:12:54.726407" elapsed="0.000234"/>
</kw>
<kw name="Should Be Equal As Numbers" owner="BuiltIn">
<arg>${json_data['results'][0]['location']['postcode']}</arg>
<arg>${json_data['results'][0]['location']['postcode']}</arg>
<doc>Fails if objects are unequal after converting them to real numbers.</doc>
<status status="PASS" start="2024-04-07T10:12:54.726938" elapsed="0.000616"/>
</kw>
<kw name="Log" owner="BuiltIn">
<msg time="2024-04-07T10:12:54.728078" level="INFO">17677</msg>
<arg>${json_data['results'][0]['location']['postcode']}</arg>
<doc>Logs the given message with the given level.</doc>
<status status="PASS" start="2024-04-07T10:12:54.727746" elapsed="0.000372"/>
</kw>
<status status="PASS" start="2024-04-07T10:12:54.631251" elapsed="0.097116"/>
</kw>
<doc>Testa se os tipos de dados na resposta da API estão corretos.</doc>
<tag>testeTiposDados</tag>
<status status="PASS" start="2024-04-07T10:12:54.536112" elapsed="0.192413"/>
</test>
<test id="s1-s1-t5" name="Validar conteudo" line="35">
<kw name="Teste de Tipos de Conteudo" owner="random-user-service">
<kw name="GET On Session" owner="RequestsLibrary">
<msg time="2024-04-07T10:12:54.822444" level="INFO">GET Request : url=https://randomuser.me/api 
 path_url=/api 
 headers={'User-Agent': 'python-requests/2.31.0', 'Accept-Encoding': 'gzip, deflate', 'Accept': '*/*', 'Connection': 'keep-alive'} 
 body=None 
 </msg>
<msg time="2024-04-07T10:12:54.822528" level="INFO">GET Response : url=https://randomuser.me/api 
 status=200, reason=OK 
 headers={'Date': 'Sun, 07 Apr 2024 10:12:54 GMT', 'Content-Type': 'application/json; charset=utf-8', 'Transfer-Encoding': 'chunked', 'Connection': 'keep-alive', 'X-Powered-By': 'Express', 'Access-Control-Allow-Origin': '*', 'Cache-Control': 'no-cache', 'ETag': 'W/"47a-sVVfsZTzTwo01NUTBixkykIUq9o"', 'Vary': 'Accept-Encoding', 'Content-Encoding': 'gzip', 'CF-Cache-Status': 'DYNAMIC', 'Report-To': '{"endpoints":[{"url":"https:\\/\\/a.nel.cloudflare.com\\/report\\/v4?s=948IeE409asEkCblUNBw70d0VWOnrJwKZU%2FObgt%2FYZSiFlxBHQiJ%2BYJY6JDSP%2FNlJgcqP9ftTvsQoUXvQ0TWKSYiqe0J8kChusT7UbbASIOL%2FY2H1ctOfHt1SoAMRArt"}],"group":"cf-nel","max_age":604800}', 'NEL': '{"success_fraction":0,"report_to":"cf-nel","max_age":604800}', 'Server': 'cloudflare', 'CF-RAY': '87093df21a132700-SJC', 'alt-svc': 'h3=":443"; ma=86400'} 
 body={"results":[{"gender":"female","name":{"title":"Mrs","first":"Edita","last":"Kabak"},"location":{"street":{"number":6265,"name":"Zholudieva"},"city":"Svalyava","state":"Cherkaska","country":"Ukraine","postcode":57117,"coordinates":{"latitude":"80.9691","longitude":"40.5720"},"timezone":{"offset":"-1:00","description":"Azores, Cape Verde Islands"}},"email":"edita.kabak@example.com","login":{"uuid":"4596a5ce-877d-4d3d-bfe1-0c2f2ac5c882","username":"bigbear786","password":"synergy","salt":"CD11p207","md5":"f0f433722a65591bd35ec1ba601bebdd","sha1":"59b568f9debf841aa614b530d7c8cea514647f87","sha256":"b8529091e43434967b2cefdb5ffe3795482a8b6ff8c34fd0a86fe0f6c9bc52b4"},"dob":{"date":"1954-09-01T11:21:08.952Z","age":69},"registered":{"date":"2022-01-12T11:13:53.438Z","age":2},"phone":"(097) U37-5517","cell":"(097) Q88-6613","id":{"name":"","value":null},"picture":{"large":"https://randomuser.me/api/portraits/women/15.jpg","medium":"https://randomuser.me/api/portraits/med/women/15.jpg","thumbnail":"https://randomuser.me/api/portraits/thumb/women/15.jpg"},"nat":"UA"}],"info":{"seed":"cc8362ac9e440351","results":1,"page":1,"version":"1.4"}} 
 </msg>
<msg time="2024-04-07T10:12:54.822581" level="INFO">/opt/hostedtoolcache/Python/3.12.2/x64/lib/python3.12/site-packages/urllib3/connectionpool.py:1103: InsecureRequestWarning: Unverified HTTPS request is being made to host 'randomuser.me'. Adding certificate verification is strongly advised. See: https://urllib3.readthedocs.io/en/latest/advanced-usage.html#tls-warnings
  warnings.warn(</msg>
<msg time="2024-04-07T10:12:54.822664" level="INFO">${response} = &lt;Response [200]&gt;</msg>
<var>${response}</var>
<arg>consultarAPI</arg>
<arg>/api</arg>
<doc>Sends a GET request on a previously created HTTP Session.</doc>
<status status="PASS" start="2024-04-07T10:12:54.730914" elapsed="0.091782"/>
</kw>
<kw name="Set Variable" owner="BuiltIn">
<msg time="2024-04-07T10:12:54.823508" level="INFO">${json_data} = {'results': [{'gender': 'female', 'name': {'title': 'Mrs', 'first': 'Edita', 'last': 'Kabak'}, 'location': {'street': {'number': 6265, 'name': 'Zholudieva'}, 'city': 'Svalyava', 'state': 'Cherkaska', ...</msg>
<var>${json_data}</var>
<arg>${response.json()}</arg>
<doc>Returns the given values which can then be assigned to a variables.</doc>
<status status="PASS" start="2024-04-07T10:12:54.823064" elapsed="0.000472"/>
</kw>
<kw name="Set Variable" owner="BuiltIn">
<msg time="2024-04-07T10:12:54.824214" level="INFO">${name_title} = Mrs</msg>
<var>${name_title}</var>
<arg>${json_data["results"][0]["name"]["title"]}</arg>
<doc>Returns the given values which can then be assigned to a variables.</doc>
<status status="PASS" start="2024-04-07T10:12:54.823839" elapsed="0.000400"/>
</kw>
<kw name="Create List" owner="BuiltIn">
<msg time="2024-04-07T10:12:54.824682" level="INFO">${allowed_titles} = ['Mr', 'Ms', 'Miss', 'Mrs', 'Madame', 'Monsieur']</msg>
<var>${allowed_titles}</var>
<arg>Mr</arg>
<arg>Ms</arg>
<arg>Miss</arg>
<arg>Mrs</arg>
<arg>Madame</arg>
<arg>Monsieur</arg>
<doc>Returns a list containing given items.</doc>
<status status="PASS" start="2024-04-07T10:12:54.824535" elapsed="0.000171"/>
</kw>
<kw name="List Should Contain Value" owner="Collections">
<msg time="2024-04-07T10:12:54.825211" level="INFO">False</msg>
<arg>${allowed_titles}</arg>
<arg>${name_title}</arg>
<doc>Fails if the ``value`` is not found from ``list``.</doc>
<status status="PASS" start="2024-04-07T10:12:54.825040" elapsed="0.000207"/>
</kw>
<kw name="Set Variable" owner="BuiltIn">
<msg time="2024-04-07T10:12:54.825919" level="INFO">${name_country} = UA</msg>
<var>${name_country}</var>
<arg>${json_data["results"][0]["nat"]}</arg>
<doc>Returns the given values which can then be assigned to a variables.</doc>
<status status="PASS" start="2024-04-07T10:12:54.825545" elapsed="0.000400"/>
</kw>
<kw name="Create List" owner="BuiltIn">
<msg time="2024-04-07T10:12:54.826860" level="INFO">${list_country} = ['AD', 'AE', 'AF', 'AG', 'AI', 'AL', 'AM', 'AO', 'AQ', 'AR', 'AS', 'AT', 'AU', 'AW', 'AX', 'AZ', 'BA', 'BB', 'BD', 'BE', 'BF', 'BG', 'BH', 'BI', 'BJ', 'BL', 'BM', 'BN', 'BO', 'BQ', 'BR', 'BS', 'BT', '...</msg>
<var>${list_country}</var>
<arg>AD</arg>
<arg>AE</arg>
<arg>AF</arg>
<arg>AG</arg>
<arg>AI</arg>
<arg>AL</arg>
<arg>AM</arg>
<arg>AO</arg>
<arg>AQ</arg>
<arg>AR</arg>
<arg>AS</arg>
<arg>AT</arg>
<arg>AU</arg>
<arg>AW</arg>
<arg>AX</arg>
<arg>AZ</arg>
<arg>BA</arg>
<arg>BB</arg>
<arg>BD</arg>
<arg>BE</arg>
<arg>BF</arg>
<arg>BG</arg>
<arg>BH</arg>
<arg>BI</arg>
<arg>BJ</arg>
<arg>BL</arg>
<arg>BM</arg>
<arg>BN</arg>
<arg>BO</arg>
<arg>BQ</arg>
<arg>BR</arg>
<arg>BS</arg>
<arg>BT</arg>
<arg>BV</arg>
<arg>BW</arg>
<arg>BY</arg>
<arg>BZ</arg>
<arg>CA</arg>
<arg>CC</arg>
<arg>CD</arg>
<arg>CF</arg>
<arg>CG</arg>
<arg>CH</arg>
<arg>CI</arg>
<arg>CK</arg>
<arg>CL</arg>
<arg>CM</arg>
<arg>CN</arg>
<arg>CO</arg>
<arg>CR</arg>
<arg>CU</arg>
<arg>CV</arg>
<arg>CW</arg>
<arg>CX</arg>
<arg>CY</arg>
<arg>CZ</arg>
<arg>DE</arg>
<arg>DJ</arg>
<arg>DK</arg>
<arg>DM</arg>
<arg>DO</arg>
<arg>DZ</arg>
<arg>EC</arg>
<arg>EE</arg>
<arg>EG</arg>
<arg>EH</arg>
<arg>ER</arg>
<arg>ES</arg>
<arg>ET</arg>
<arg>FI</arg>
<arg>FJ</arg>
<arg>FK</arg>
<arg>FM</arg>
<arg>FO</arg>
<arg>FR</arg>
<arg>GA</arg>
<arg>GB</arg>
<arg>GD</arg>
<arg>GE</arg>
<arg>GF</arg>
<arg>GG</arg>
<arg>GH</arg>
<arg>GI</arg>
<arg>GL</arg>
<arg>GM</arg>
<arg>GN</arg>
<arg>GP</arg>
<arg>GQ</arg>
<arg>GR</arg>
<arg>GS</arg>
<arg>GT</arg>
<arg>GU</arg>
<arg>GW</arg>
<arg>GY</arg>
<arg>HK</arg>
<arg>HM</arg>
<arg>HN</arg>
<arg>HR</arg>
<arg>HT</arg>
<arg>HU</arg>
<arg>ID</arg>
<arg>IE</arg>
<arg>IL</arg>
<arg>IM</arg>
<arg>IN</arg>
<arg>IO</arg>
<arg>IQ</arg>
<arg>IR</arg>
<arg>IS</arg>
<arg>IT</arg>
<arg>JE</arg>
<arg>JM</arg>
<arg>JO</arg>
<arg>JP</arg>
<arg>KE</arg>
<arg>KG</arg>
<arg>KH</arg>
<arg>KI</arg>
<arg>KM</arg>
<arg>KN</arg>
<arg>KP</arg>
<arg>KR</arg>
<arg>KW</arg>
<arg>KY</arg>
<arg>KZ</arg>
<arg>LA</arg>
<arg>LB</arg>
<arg>LC</arg>
<arg>LI</arg>
<arg>LK</arg>
<arg>LR</arg>
<arg>LS</arg>
<arg>LT</arg>
<arg>LU</arg>
<arg>LV</arg>
<arg>LY</arg>
<arg>MA</arg>
<arg>MC</arg>
<arg>MD</arg>
<arg>ME</arg>
<arg>MF</arg>
<arg>MG</arg>
<arg>MH</arg>
<arg>MK</arg>
<arg>ML</arg>
<arg>MM</arg>
<arg>MN</arg>
<arg>MO</arg>
<arg>MP</arg>
<arg>MQ</arg>
<arg>MR</arg>
<arg>MS</arg>
<arg>MT</arg>
<arg>MU</arg>
<arg>MV</arg>
<arg>MW</arg>
<arg>MX</arg>
<arg>MY</arg>
<arg>MZ</arg>
<arg>NA</arg>
<arg>NC</arg>
<arg>NE</arg>
<arg>NF</arg>
<arg>NG</arg>
<arg>NI</arg>
<arg>NL</arg>
<arg>NO</arg>
<arg>NP</arg>
<arg>NR</arg>
<arg>NU</arg>
<arg>NZ</arg>
<arg>OM</arg>
<arg>PA</arg>
<arg>PE</arg>
<arg>PF</arg>
<arg>PG</arg>
<arg>PH</arg>
<arg>PK</arg>
<arg>PL</arg>
<arg>PM</arg>
<arg>PN</arg>
<arg>PR</arg>
<arg>PS</arg>
<arg>PT</arg>
<arg>PW</arg>
<arg>PY</arg>
<arg>QA</arg>
<arg>RE</arg>
<arg>RO</arg>
<arg>RS</arg>
<arg>RU</arg>
<arg>RW</arg>
<arg>SA</arg>
<arg>SB</arg>
<arg>SC</arg>
<arg>SD</arg>
<arg>SE</arg>
<arg>SG</arg>
<arg>SH</arg>
<arg>SI</arg>
<arg>SJ</arg>
<arg>SK</arg>
<arg>SL</arg>
<arg>SM</arg>
<arg>SN</arg>
<arg>SO</arg>
<arg>SR</arg>
<arg>SS</arg>
<arg>ST</arg>
<arg>SV</arg>
<arg>SX</arg>
<arg>SY</arg>
<arg>SZ</arg>
<arg>TC</arg>
<arg>TD</arg>
<arg>TF</arg>
<arg>TG</arg>
<arg>TH</arg>
<arg>TJ</arg>
<arg>TK</arg>
<arg>TL</arg>
<arg>TM</arg>
<arg>TN</arg>
<arg>TO</arg>
<arg>TR</arg>
<arg>TT</arg>
<arg>TV</arg>
<arg>TW</arg>
<arg>TZ</arg>
<arg>UA</arg>
<arg>UG</arg>
<arg>UM</arg>
<arg>US</arg>
<arg>UY</arg>
<arg>UZ</arg>
<arg>VA</arg>
<arg>VC</arg>
<arg>VE</arg>
<arg>VG</arg>
<arg>VI</arg>
<arg>VN</arg>
<arg>VU</arg>
<arg>WF</arg>
<arg>WS</arg>
<arg>XK</arg>
<arg>YE</arg>
<arg>YT</arg>
<arg>ZA</arg>
<arg>ZM</arg>
<arg>ZW</arg>
<doc>Returns a list containing given items.</doc>
<status status="PASS" start="2024-04-07T10:12:54.826248" elapsed="0.000637"/>
</kw>
<kw name="List Should Contain Value" owner="Collections">
<msg time="2024-04-07T10:12:54.827992" level="INFO">False</msg>
<arg>${list_country}</arg>
<arg>${name_country}</arg>
<doc>Fails if the ``value`` is not found from ``list``.</doc>
<status status="PASS" start="2024-04-07T10:12:54.827784" elapsed="0.000245"/>
</kw>
<kw name="Run Keyword If" owner="BuiltIn">
<kw name="Should Be True" owner="BuiltIn">
<arg>${True}</arg>
<doc>Fails if the given condition is not true.</doc>
<status status="PASS" start="2024-04-07T10:12:54.829120" elapsed="0.000148"/>
</kw>
<arg>${json_data["results"][0]["location"]["coordinates"]["latitude"]} &gt;= -90 and ${json_data["results"][0]["location"]["coordinates"]["latitude"]} &lt;= 90</arg>
<arg>Should Be True</arg>
<arg>${True}</arg>
<doc>Runs the given keyword with the given arguments, if ``condition`` is true.</doc>
<status status="PASS" start="2024-04-07T10:12:54.828338" elapsed="0.001059"/>
</kw>
<kw name="Run Keyword If" owner="BuiltIn">
<kw name="Should Be True" owner="BuiltIn">
<arg>${True}</arg>
<doc>Fails if the given condition is not true.</doc>
<status status="PASS" start="2024-04-07T10:12:54.830280" elapsed="0.000139"/>
</kw>
<arg>${json_data["results"][0]["location"]["coordinates"]["longitude"]} &gt;= -180 and ${json_data["results"][0]["location"]["coordinates"]["longitude"]} &lt;= 180</arg>
<arg>Should Be True</arg>
<arg>${True}</arg>
<doc>Runs the given keyword with the given arguments, if ``condition`` is true.</doc>
<status status="PASS" start="2024-04-07T10:12:54.829585" elapsed="0.000960"/>
</kw>
<status status="PASS" start="2024-04-07T10:12:54.730695" elapsed="0.099981"/>
</kw>
<doc>Testa o conteúdo específico dos campos retornados pela API.</doc>
<tag>testeConteudo</tag>
<status status="PASS" start="2024-04-07T10:12:54.730284" elapsed="0.100537"/>
</test>
<status status="PASS" start="2024-04-07T10:12:53.785216" elapsed="1.047502"/>
</suite>
<status status="PASS" start="2024-04-07T10:12:53.771623" elapsed="1.066349"/>
</suite>
<statistics>
<total>
<stat pass="5" fail="0" skip="0">All Tests</stat>
</total>
<tag>
<stat pass="1" fail="0" skip="0">testeConteudo</stat>
<stat pass="1" fail="0" skip="0">testeEstruturaResposta</stat>
<stat pass="1" fail="0" skip="0">testeRequisicaoBasica</stat>
<stat pass="1" fail="0" skip="0">testeTiposDados</stat>
</tag>
<suite>
<stat pass="5" fail="0" skip="0" id="s1" name="Tests">Tests</stat>
<stat pass="5" fail="0" skip="0" id="s1-s1" name="Random-User-Test">Tests.Random-User-Test</stat>
</suite>
</statistics>
<errors>
</errors>
</robot>
