<?xml version="1.0" encoding="UTF-8"?>
<robot generator="Robot 7.0.1 (Python 3.12.4 on linux)" generated="2024-06-26T21:16:05.863702" rpa="false" schemaversion="5">
<suite id="s1" name="Tests" source="/home/runner/work/ApiRandomUser/ApiRandomUser/RamdonUser/tests">
<suite id="s1-s1" name="Random-User-Test" source="/home/runner/work/ApiRandomUser/ApiRandomUser/RamdonUser/tests/random-user-test.robot">
<test id="s1-s1-t1" name="Conectar" line="13">
<kw name="Conectar API" owner="random-user-service">
<kw name="Create Session" owner="RequestsLibrary">
<msg time="2024-06-26T21:16:06.295938" level="INFO">Creating Session using : alias=consultarAPI, url=https://randomuser.me/, headers={},                     cookies={}, auth=None, timeout=None, proxies=None, verify=False,                     debug=0 </msg>
<arg>consultarAPI</arg>
<arg>${URL}</arg>
<doc>Create Session: create a HTTP session to a server</doc>
<status status="PASS" start="2024-06-26T21:16:06.295709" elapsed="0.000436"/>
</kw>
<status status="PASS" start="2024-06-26T21:16:06.294616" elapsed="0.001941"/>
</kw>
<status status="PASS" start="2024-06-26T21:16:06.293933" elapsed="0.002827"/>
</test>
<test id="s1-s1-t2" name="Validar retorno 200 e JSON Válido" line="16">
<kw name="Teste de Requisicao Basica" owner="random-user-service">
<kw name="GET On Session" owner="RequestsLibrary">
<msg time="2024-06-26T21:16:06.538741" level="INFO">GET Request : url=https://randomuser.me/api 
 path_url=/api 
 headers={'User-Agent': 'python-requests/2.32.3', 'Accept-Encoding': 'gzip, deflate', 'Accept': '*/*', 'Connection': 'keep-alive'} 
 body=None 
 </msg>
<msg time="2024-06-26T21:16:06.538898" level="INFO">GET Response : url=https://randomuser.me/api 
 status=200, reason=OK 
 headers={'Date': 'Wed, 26 Jun 2024 21:16:06 GMT', 'Content-Type': 'application/json; charset=utf-8', 'Transfer-Encoding': 'chunked', 'Connection': 'keep-alive', 'X-Powered-By': 'Express', 'Access-Control-Allow-Origin': '*', 'Cache-Control': 'no-cache', 'ETag': 'W/"4a8-KAk36iFFmGvHd+x23CPgyWjDdoQ"', 'Vary': 'Accept-Encoding', 'Content-Encoding': 'gzip', 'CF-Cache-Status': 'DYNAMIC', 'Report-To': '{"endpoints":[{"url":"https:\\/\\/a.nel.cloudflare.com\\/report\\/v4?s=T3DGG1MJkvgh0LvoklGUf2k2R%2FMAnjTyUXrOmDTbfm6Bwx3uqN30T6EwGIT57NEvMGt6QNsMSNRU%2BarSF4AYbfdpy7reefdGhvrf5PYm4G0RGzuaw8atHtXL1lUCi5Vr"}],"group":"cf-nel","max_age":604800}', 'NEL': '{"success_fraction":0,"report_to":"cf-nel","max_age":604800}', 'Server': 'cloudflare', 'CF-RAY': '89a0376c4b711566-SJC', 'alt-svc': 'h3=":443"; ma=86400'} 
 body={"results":[{"gender":"female","name":{"title":"Mrs","first":"Lourdes","last":"Vicente"},"location":{"street":{"number":9658,"name":"Avenida de Andalucía"},"city":"Alcalá de Henares","state":"Ceuta","country":"Spain","postcode":21442,"coordinates":{"latitude":"-34.5453","longitude":"160.2390"},"timezone":{"offset":"+11:00","description":"Magadan, Solomon Islands, New Caledonia"}},"email":"lourdes.vicente@example.com","login":{"uuid":"8f9ff007-2fbe-4670-99ae-784f7a0120e0","username":"tinykoala559","password":"oakland","salt":"0Q3zEbuJ","md5":"040de69c3abf96ead8734721d3aca774","sha1":"f500a65063492c04177f4e61d1c442c03359767f","sha256":"39099a205128f29ab16712532395cd24f3d6b848786b821afd156845c3c6d1c2"},"dob":{"date":"1961-09-16T11:26:59.016Z","age":62},"registered":{"date":"2022-01-22T19:12:11.919Z","age":2},"phone":"960-110-804","cell":"633-155-278","id":{"name":"DNI","value":"26870106-V"},"picture":{"large":"https://randomuser.me/api/portraits/women/47.jpg","medium":"https://randomuser.me/api/portraits/med/women/47.jpg","thumbnail":"https://randomuser.me/api/portraits/thumb/women/47.jpg"},"nat":"ES"}],"info":{"seed":"02769f2f96c2eddb","results":1,"page":1,"version":"1.4"}} 
 </msg>
<msg time="2024-06-26T21:16:06.538987" level="INFO">/opt/hostedtoolcache/Python/3.12.4/x64/lib/python3.12/site-packages/urllib3/connectionpool.py:1099: InsecureRequestWarning: Unverified HTTPS request is being made to host 'randomuser.me'. Adding certificate verification is strongly advised. See: https://urllib3.readthedocs.io/en/latest/advanced-usage.html#tls-warnings
  warnings.warn(</msg>
<msg time="2024-06-26T21:16:06.539163" level="INFO">${response} = &lt;Response [200]&gt;</msg>
<var>${response}</var>
<arg>consultarAPI</arg>
<arg>/api</arg>
<doc>Sends a GET request on a previously created HTTP Session.</doc>
<status status="PASS" start="2024-06-26T21:16:06.299621" elapsed="0.239588"/>
</kw>
<kw name="Should Be Equal As Numbers" owner="BuiltIn">
<msg time="2024-06-26T21:16:06.540401" level="INFO">Argument types are:
&lt;class 'int'&gt;
&lt;class 'str'&gt;</msg>
<arg>${response.status_code}</arg>
<arg>200</arg>
<doc>Fails if objects are unequal after converting them to real numbers.</doc>
<status status="PASS" start="2024-06-26T21:16:06.539895" elapsed="0.000572"/>
</kw>
<kw name="Log" owner="BuiltIn">
<msg time="2024-06-26T21:16:06.541162" level="INFO">200</msg>
<arg>${response.status_code}</arg>
<doc>Logs the given message with the given level.</doc>
<status status="PASS" start="2024-06-26T21:16:06.540805" elapsed="0.000400"/>
</kw>
<kw name="Set Variable" owner="BuiltIn">
<msg time="2024-06-26T21:16:06.541952" level="INFO">${json_data} = {'results': [{'gender': 'female', 'name': {'title': 'Mrs', 'first': 'Lourdes', 'last': 'Vicente'}, 'location': {'street': {'number': 9658, 'name': 'Avenida de Andalucía'}, 'city': 'Alcalá de Henares',...</msg>
<var>${json_data}</var>
<arg>${response.json()}</arg>
<doc>Returns the given values which can then be assigned to a variables.</doc>
<status status="PASS" start="2024-06-26T21:16:06.541506" elapsed="0.000480"/>
</kw>
<kw name="Dictionary Should Contain Key" owner="Collections">
<arg>${json_data}</arg>
<arg>results</arg>
<doc>Fails if ``key`` is not found from ``dictionary``.</doc>
<status status="PASS" start="2024-06-26T21:16:06.542299" elapsed="0.000166"/>
</kw>
<status status="PASS" start="2024-06-26T21:16:06.299346" elapsed="0.243268"/>
</kw>
<doc>Testa se a API responde corretamente e retorna um objeto JSON válido.</doc>
<tag>testeRequisicaoBasica</tag>
<status status="PASS" start="2024-06-26T21:16:06.298711" elapsed="0.244078"/>
</test>
<test id="s1-s1-t3" name="Validar estrutura de resposta" line="22">
<kw name="Teste de Estrutura de Resposta" owner="random-user-service">
<kw name="GET On Session" owner="RequestsLibrary">
<msg time="2024-06-26T21:16:06.635640" level="INFO">GET Request : url=https://randomuser.me/api 
 path_url=/api 
 headers={'User-Agent': 'python-requests/2.32.3', 'Accept-Encoding': 'gzip, deflate', 'Accept': '*/*', 'Connection': 'keep-alive'} 
 body=None 
 </msg>
<msg time="2024-06-26T21:16:06.635742" level="INFO">GET Response : url=https://randomuser.me/api 
 status=200, reason=OK 
 headers={'Date': 'Wed, 26 Jun 2024 21:16:06 GMT', 'Content-Type': 'application/json; charset=utf-8', 'Transfer-Encoding': 'chunked', 'Connection': 'keep-alive', 'X-Powered-By': 'Express', 'Access-Control-Allow-Origin': '*', 'Cache-Control': 'no-cache', 'ETag': 'W/"47e-TIfyfOQMSr7Z+xAPeKAJAorOvNc"', 'Vary': 'Accept-Encoding', 'Content-Encoding': 'gzip', 'CF-Cache-Status': 'DYNAMIC', 'Report-To': '{"endpoints":[{"url":"https:\\/\\/a.nel.cloudflare.com\\/report\\/v4?s=C4gd7Tq29JAuZJ8mOQsteToxiSKWjXQeMFlGnI33MV0AuGp6CBYutHqa81QUJtG7sJL%2BQE5clfrFhZK1y3gOSDFcb9jWgh3MvDfQNkKRTQ4W6cbusZtZ3T9SV9ouqouo"}],"group":"cf-nel","max_age":604800}', 'NEL': '{"success_fraction":0,"report_to":"cf-nel","max_age":604800}', 'Server': 'cloudflare', 'CF-RAY': '89a0376cfc0d1566-SJC', 'alt-svc': 'h3=":443"; ma=86400'} 
 body={"results":[{"gender":"male","name":{"title":"Mr","first":"Dmitro","last":"Samborskiy"},"location":{"street":{"number":9065,"name":"Brodskih"},"city":"Vinnicya","state":"Zhitomirska","country":"Ukraine","postcode":56646,"coordinates":{"latitude":"79.4472","longitude":"-135.5245"},"timezone":{"offset":"-8:00","description":"Pacific Time (US &amp; Canada)"}},"email":"dmitro.samborskiy@example.com","login":{"uuid":"5b2e1238-83fd-46e2-8e70-75c574607cbc","username":"heavybear526","password":"toby","salt":"Gn92A5kI","md5":"bd9dea2bb7e8da7e31a7f92b0fb8a7ab","sha1":"ae18e8691d00d0e36b2c58ed7be2d4e707f51ede","sha256":"6f68e9f06b39581fe0dfa4e09527e9529909bed212829478364d8f014195a1c7"},"dob":{"date":"1963-04-18T23:56:18.357Z","age":61},"registered":{"date":"2018-06-14T05:03:58.422Z","age":6},"phone":"(096) H30-4777","cell":"(097) J53-8431","id":{"name":"","value":null},"picture":{"large":"https://randomuser.me/api/portraits/men/35.jpg","medium":"https://randomuser.me/api/portraits/med/men/35.jpg","thumbnail":"https://randomuser.me/api/portraits/thumb/men/35.jpg"},"nat":"UA"}],"info":{"seed":"e485a06f137f666c","results":1,"page":1,"version":"1.4"}} 
 </msg>
<msg time="2024-06-26T21:16:06.635887" level="INFO">/opt/hostedtoolcache/Python/3.12.4/x64/lib/python3.12/site-packages/urllib3/connectionpool.py:1099: InsecureRequestWarning: Unverified HTTPS request is being made to host 'randomuser.me'. Adding certificate verification is strongly advised. See: https://urllib3.readthedocs.io/en/latest/advanced-usage.html#tls-warnings
  warnings.warn(</msg>
<msg time="2024-06-26T21:16:06.636033" level="INFO">${response} = &lt;Response [200]&gt;</msg>
<var>${response}</var>
<arg>consultarAPI</arg>
<arg>/api</arg>
<doc>Sends a GET request on a previously created HTTP Session.</doc>
<status status="PASS" start="2024-06-26T21:16:06.545599" elapsed="0.090478"/>
</kw>
<kw name="Set Variable" owner="BuiltIn">
<msg time="2024-06-26T21:16:06.637341" level="INFO">${json_data} = {'results': [{'gender': 'male', 'name': {'title': 'Mr', 'first': 'Dmitro', 'last': 'Samborskiy'}, 'location': {'street': {'number': 9065, 'name': 'Brodskih'}, 'city': 'Vinnicya', 'state': 'Zhitomirska...</msg>
<var>${json_data}</var>
<arg>${response.json()}</arg>
<doc>Returns the given values which can then be assigned to a variables.</doc>
<status status="PASS" start="2024-06-26T21:16:06.636728" elapsed="0.000642"/>
</kw>
<kw name="Log" owner="BuiltIn">
<msg time="2024-06-26T21:16:06.637865" level="INFO">{'results': [{'gender': 'male', 'name': {'title': 'Mr', 'first': 'Dmitro', 'last': 'Samborskiy'}, 'location': {'street': {'number': 9065, 'name': 'Brodskih'}, 'city': 'Vinnicya', 'state': 'Zhitomirska', 'country': 'Ukraine', 'postcode': 56646, 'coordinates': {'latitude': '79.4472', 'longitude': '-135.5245'}, 'timezone': {'offset': '-8:00', 'description': 'Pacific Time (US &amp; Canada)'}}, 'email': 'dmitro.samborskiy@example.com', 'login': {'uuid': '5b2e1238-83fd-46e2-8e70-75c574607cbc', 'username': 'heavybear526', 'password': 'toby', 'salt': 'Gn92A5kI', 'md5': 'bd9dea2bb7e8da7e31a7f92b0fb8a7ab', 'sha1': 'ae18e8691d00d0e36b2c58ed7be2d4e707f51ede', 'sha256': '6f68e9f06b39581fe0dfa4e09527e9529909bed212829478364d8f014195a1c7'}, 'dob': {'date': '1963-04-18T23:56:18.357Z', 'age': 61}, 'registered': {'date': '2018-06-14T05:03:58.422Z', 'age': 6}, 'phone': '(096) H30-4777', 'cell': '(097) J53-8431', 'id': {'name': '', 'value': None}, 'picture': {'large': 'https://randomuser.me/api/portraits/men/35.jpg', 'medium': 'https://randomuser.me/api/portraits/med/men/35.jpg', 'thumbnail': 'https://randomuser.me/api/portraits/thumb/men/35.jpg'}, 'nat': 'UA'}], 'info': {'seed': 'e485a06f137f666c', 'results': 1, 'page': 1, 'version': '1.4'}}</msg>
<arg>${json_data}</arg>
<doc>Logs the given message with the given level.</doc>
<status status="PASS" start="2024-06-26T21:16:06.637701" elapsed="0.000216"/>
</kw>
<kw name="Dictionary Should Contain Key" owner="Collections">
<arg>${json_data}</arg>
<arg>results</arg>
<doc>Fails if ``key`` is not found from ``dictionary``.</doc>
<status status="PASS" start="2024-06-26T21:16:06.638216" elapsed="0.000162"/>
</kw>
<kw name="Should Not Be Empty" owner="BuiltIn">
<msg time="2024-06-26T21:16:06.638688" level="INFO">Length is 2.</msg>
<arg>${json_data}</arg>
<doc>Verifies that the given item is not empty.</doc>
<status status="PASS" start="2024-06-26T21:16:06.638561" elapsed="0.000172"/>
</kw>
<kw name="Create List" owner="BuiltIn">
<msg time="2024-06-26T21:16:06.639418" level="INFO">${expected_keys} = ['gender', 'name', 'location', 'email', 'login']</msg>
<var>${expected_keys}</var>
<arg>gender</arg>
<arg>name</arg>
<arg>location</arg>
<arg>email</arg>
<arg>login</arg>
<doc>Returns a list containing given items.</doc>
<status status="PASS" start="2024-06-26T21:16:06.639035" elapsed="0.000410"/>
</kw>
<for flavor="IN">
<iter>
<kw name="Dictionary Should Contain Key" owner="Collections">
<arg>${json_data['results'][0]}</arg>
<arg>${key}</arg>
<doc>Fails if ``key`` is not found from ``dictionary``.</doc>
<status status="PASS" start="2024-06-26T21:16:06.640060" elapsed="0.000413"/>
</kw>
<kw name="Log" owner="BuiltIn">
<msg time="2024-06-26T21:16:06.641019" level="INFO">{'gender': 'male', 'name': {'title': 'Mr', 'first': 'Dmitro', 'last': 'Samborskiy'}, 'location': {'street': {'number': 9065, 'name': 'Brodskih'}, 'city': 'Vinnicya', 'state': 'Zhitomirska', 'country': 'Ukraine', 'postcode': 56646, 'coordinates': {'latitude': '79.4472', 'longitude': '-135.5245'}, 'timezone': {'offset': '-8:00', 'description': 'Pacific Time (US &amp; Canada)'}}, 'email': 'dmitro.samborskiy@example.com', 'login': {'uuid': '5b2e1238-83fd-46e2-8e70-75c574607cbc', 'username': 'heavybear526', 'password': 'toby', 'salt': 'Gn92A5kI', 'md5': 'bd9dea2bb7e8da7e31a7f92b0fb8a7ab', 'sha1': 'ae18e8691d00d0e36b2c58ed7be2d4e707f51ede', 'sha256': '6f68e9f06b39581fe0dfa4e09527e9529909bed212829478364d8f014195a1c7'}, 'dob': {'date': '1963-04-18T23:56:18.357Z', 'age': 61}, 'registered': {'date': '2018-06-14T05:03:58.422Z', 'age': 6}, 'phone': '(096) H30-4777', 'cell': '(097) J53-8431', 'id': {'name': '', 'value': None}, 'picture': {'large': 'https://randomuser.me/api/portraits/men/35.jpg', 'medium': 'https://randomuser.me/api/portraits/med/men/35.jpg', 'thumbnail': 'https://randomuser.me/api/portraits/thumb/men/35.jpg'}, 'nat': 'UA'}</msg>
<arg>${json_data['results'][0]}</arg>
<doc>Logs the given message with the given level.</doc>
<status status="PASS" start="2024-06-26T21:16:06.640660" elapsed="0.000419"/>
</kw>
<kw name="Log" owner="BuiltIn">
<msg time="2024-06-26T21:16:06.641505" level="INFO">gender</msg>
<arg>${key}</arg>
<doc>Logs the given message with the given level.</doc>
<status status="PASS" start="2024-06-26T21:16:06.641375" elapsed="0.000170"/>
</kw>
<var name="${key}">gender</var>
<status status="PASS" start="2024-06-26T21:16:06.639932" elapsed="0.001832"/>
</iter>
<iter>
<kw name="Dictionary Should Contain Key" owner="Collections">
<arg>${json_data['results'][0]}</arg>
<arg>${key}</arg>
<doc>Fails if ``key`` is not found from ``dictionary``.</doc>
<status status="PASS" start="2024-06-26T21:16:06.642064" elapsed="0.000400"/>
</kw>
<kw name="Log" owner="BuiltIn">
<msg time="2024-06-26T21:16:06.643022" level="INFO">{'gender': 'male', 'name': {'title': 'Mr', 'first': 'Dmitro', 'last': 'Samborskiy'}, 'location': {'street': {'number': 9065, 'name': 'Brodskih'}, 'city': 'Vinnicya', 'state': 'Zhitomirska', 'country': 'Ukraine', 'postcode': 56646, 'coordinates': {'latitude': '79.4472', 'longitude': '-135.5245'}, 'timezone': {'offset': '-8:00', 'description': 'Pacific Time (US &amp; Canada)'}}, 'email': 'dmitro.samborskiy@example.com', 'login': {'uuid': '5b2e1238-83fd-46e2-8e70-75c574607cbc', 'username': 'heavybear526', 'password': 'toby', 'salt': 'Gn92A5kI', 'md5': 'bd9dea2bb7e8da7e31a7f92b0fb8a7ab', 'sha1': 'ae18e8691d00d0e36b2c58ed7be2d4e707f51ede', 'sha256': '6f68e9f06b39581fe0dfa4e09527e9529909bed212829478364d8f014195a1c7'}, 'dob': {'date': '1963-04-18T23:56:18.357Z', 'age': 61}, 'registered': {'date': '2018-06-14T05:03:58.422Z', 'age': 6}, 'phone': '(096) H30-4777', 'cell': '(097) J53-8431', 'id': {'name': '', 'value': None}, 'picture': {'large': 'https://randomuser.me/api/portraits/men/35.jpg', 'medium': 'https://randomuser.me/api/portraits/med/men/35.jpg', 'thumbnail': 'https://randomuser.me/api/portraits/thumb/men/35.jpg'}, 'nat': 'UA'}</msg>
<arg>${json_data['results'][0]}</arg>
<doc>Logs the given message with the given level.</doc>
<status status="PASS" start="2024-06-26T21:16:06.642648" elapsed="0.000485"/>
</kw>
<kw name="Log" owner="BuiltIn">
<msg time="2024-06-26T21:16:06.643575" level="INFO">name</msg>
<arg>${key}</arg>
<doc>Logs the given message with the given level.</doc>
<status status="PASS" start="2024-06-26T21:16:06.643444" elapsed="0.000169"/>
</kw>
<var name="${key}">name</var>
<status status="PASS" start="2024-06-26T21:16:06.641952" elapsed="0.001882"/>
</iter>
<iter>
<kw name="Dictionary Should Contain Key" owner="Collections">
<arg>${json_data['results'][0]}</arg>
<arg>${key}</arg>
<doc>Fails if ``key`` is not found from ``dictionary``.</doc>
<status status="PASS" start="2024-06-26T21:16:06.644120" elapsed="0.000378"/>
</kw>
<kw name="Log" owner="BuiltIn">
<msg time="2024-06-26T21:16:06.645031" level="INFO">{'gender': 'male', 'name': {'title': 'Mr', 'first': 'Dmitro', 'last': 'Samborskiy'}, 'location': {'street': {'number': 9065, 'name': 'Brodskih'}, 'city': 'Vinnicya', 'state': 'Zhitomirska', 'country': 'Ukraine', 'postcode': 56646, 'coordinates': {'latitude': '79.4472', 'longitude': '-135.5245'}, 'timezone': {'offset': '-8:00', 'description': 'Pacific Time (US &amp; Canada)'}}, 'email': 'dmitro.samborskiy@example.com', 'login': {'uuid': '5b2e1238-83fd-46e2-8e70-75c574607cbc', 'username': 'heavybear526', 'password': 'toby', 'salt': 'Gn92A5kI', 'md5': 'bd9dea2bb7e8da7e31a7f92b0fb8a7ab', 'sha1': 'ae18e8691d00d0e36b2c58ed7be2d4e707f51ede', 'sha256': '6f68e9f06b39581fe0dfa4e09527e9529909bed212829478364d8f014195a1c7'}, 'dob': {'date': '1963-04-18T23:56:18.357Z', 'age': 61}, 'registered': {'date': '2018-06-14T05:03:58.422Z', 'age': 6}, 'phone': '(096) H30-4777', 'cell': '(097) J53-8431', 'id': {'name': '', 'value': None}, 'picture': {'large': 'https://randomuser.me/api/portraits/men/35.jpg', 'medium': 'https://randomuser.me/api/portraits/med/men/35.jpg', 'thumbnail': 'https://randomuser.me/api/portraits/thumb/men/35.jpg'}, 'nat': 'UA'}</msg>
<arg>${json_data['results'][0]}</arg>
<doc>Logs the given message with the given level.</doc>
<status status="PASS" start="2024-06-26T21:16:06.644681" elapsed="0.000409"/>
</kw>
<kw name="Log" owner="BuiltIn">
<msg time="2024-06-26T21:16:06.645526" level="INFO">location</msg>
<arg>${key}</arg>
<doc>Logs the given message with the given level.</doc>
<status status="PASS" start="2024-06-26T21:16:06.645394" elapsed="0.000170"/>
</kw>
<var name="${key}">location</var>
<status status="PASS" start="2024-06-26T21:16:06.644012" elapsed="0.001773"/>
</iter>
<iter>
<kw name="Dictionary Should Contain Key" owner="Collections">
<arg>${json_data['results'][0]}</arg>
<arg>${key}</arg>
<doc>Fails if ``key`` is not found from ``dictionary``.</doc>
<status status="PASS" start="2024-06-26T21:16:06.646066" elapsed="0.000386"/>
</kw>
<kw name="Log" owner="BuiltIn">
<msg time="2024-06-26T21:16:06.647003" level="INFO">{'gender': 'male', 'name': {'title': 'Mr', 'first': 'Dmitro', 'last': 'Samborskiy'}, 'location': {'street': {'number': 9065, 'name': 'Brodskih'}, 'city': 'Vinnicya', 'state': 'Zhitomirska', 'country': 'Ukraine', 'postcode': 56646, 'coordinates': {'latitude': '79.4472', 'longitude': '-135.5245'}, 'timezone': {'offset': '-8:00', 'description': 'Pacific Time (US &amp; Canada)'}}, 'email': 'dmitro.samborskiy@example.com', 'login': {'uuid': '5b2e1238-83fd-46e2-8e70-75c574607cbc', 'username': 'heavybear526', 'password': 'toby', 'salt': 'Gn92A5kI', 'md5': 'bd9dea2bb7e8da7e31a7f92b0fb8a7ab', 'sha1': 'ae18e8691d00d0e36b2c58ed7be2d4e707f51ede', 'sha256': '6f68e9f06b39581fe0dfa4e09527e9529909bed212829478364d8f014195a1c7'}, 'dob': {'date': '1963-04-18T23:56:18.357Z', 'age': 61}, 'registered': {'date': '2018-06-14T05:03:58.422Z', 'age': 6}, 'phone': '(096) H30-4777', 'cell': '(097) J53-8431', 'id': {'name': '', 'value': None}, 'picture': {'large': 'https://randomuser.me/api/portraits/men/35.jpg', 'medium': 'https://randomuser.me/api/portraits/med/men/35.jpg', 'thumbnail': 'https://randomuser.me/api/portraits/thumb/men/35.jpg'}, 'nat': 'UA'}</msg>
<arg>${json_data['results'][0]}</arg>
<doc>Logs the given message with the given level.</doc>
<status status="PASS" start="2024-06-26T21:16:06.646640" elapsed="0.000412"/>
</kw>
<kw name="Log" owner="BuiltIn">
<msg time="2024-06-26T21:16:06.647517" level="INFO">email</msg>
<arg>${key}</arg>
<doc>Logs the given message with the given level.</doc>
<status status="PASS" start="2024-06-26T21:16:06.647390" elapsed="0.000166"/>
</kw>
<var name="${key}">email</var>
<status status="PASS" start="2024-06-26T21:16:06.645958" elapsed="0.001815"/>
</iter>
<iter>
<kw name="Dictionary Should Contain Key" owner="Collections">
<arg>${json_data['results'][0]}</arg>
<arg>${key}</arg>
<doc>Fails if ``key`` is not found from ``dictionary``.</doc>
<status status="PASS" start="2024-06-26T21:16:06.648050" elapsed="0.000390"/>
</kw>
<kw name="Log" owner="BuiltIn">
<msg time="2024-06-26T21:16:06.648987" level="INFO">{'gender': 'male', 'name': {'title': 'Mr', 'first': 'Dmitro', 'last': 'Samborskiy'}, 'location': {'street': {'number': 9065, 'name': 'Brodskih'}, 'city': 'Vinnicya', 'state': 'Zhitomirska', 'country': 'Ukraine', 'postcode': 56646, 'coordinates': {'latitude': '79.4472', 'longitude': '-135.5245'}, 'timezone': {'offset': '-8:00', 'description': 'Pacific Time (US &amp; Canada)'}}, 'email': 'dmitro.samborskiy@example.com', 'login': {'uuid': '5b2e1238-83fd-46e2-8e70-75c574607cbc', 'username': 'heavybear526', 'password': 'toby', 'salt': 'Gn92A5kI', 'md5': 'bd9dea2bb7e8da7e31a7f92b0fb8a7ab', 'sha1': 'ae18e8691d00d0e36b2c58ed7be2d4e707f51ede', 'sha256': '6f68e9f06b39581fe0dfa4e09527e9529909bed212829478364d8f014195a1c7'}, 'dob': {'date': '1963-04-18T23:56:18.357Z', 'age': 61}, 'registered': {'date': '2018-06-14T05:03:58.422Z', 'age': 6}, 'phone': '(096) H30-4777', 'cell': '(097) J53-8431', 'id': {'name': '', 'value': None}, 'picture': {'large': 'https://randomuser.me/api/portraits/men/35.jpg', 'medium': 'https://randomuser.me/api/portraits/med/men/35.jpg', 'thumbnail': 'https://randomuser.me/api/portraits/thumb/men/35.jpg'}, 'nat': 'UA'}</msg>
<arg>${json_data['results'][0]}</arg>
<doc>Logs the given message with the given level.</doc>
<status status="PASS" start="2024-06-26T21:16:06.648629" elapsed="0.000408"/>
</kw>
<kw name="Log" owner="BuiltIn">
<msg time="2024-06-26T21:16:06.649468" level="INFO">login</msg>
<arg>${key}</arg>
<doc>Logs the given message with the given level.</doc>
<status status="PASS" start="2024-06-26T21:16:06.649332" elapsed="0.000176"/>
</kw>
<var name="${key}">login</var>
<status status="PASS" start="2024-06-26T21:16:06.647942" elapsed="0.001783"/>
</iter>
<var>${key}</var>
<value>@{expected_keys}</value>
<status status="PASS" start="2024-06-26T21:16:06.639721" elapsed="0.010128"/>
</for>
<kw name="Create List" owner="BuiltIn">
<msg time="2024-06-26T21:16:06.650183" level="INFO">${expected_keysTwo} = ['username', 'password']</msg>
<var>${expected_keysTwo}</var>
<arg>username</arg>
<arg>password</arg>
<doc>Returns a list containing given items.</doc>
<status status="PASS" start="2024-06-26T21:16:06.650046" elapsed="0.000161"/>
</kw>
<for flavor="IN">
<iter>
<kw name="Dictionary Should Contain Key" owner="Collections">
<arg>${json_data['results'][0]['login']}</arg>
<arg>${keyTwo}</arg>
<doc>Fails if ``key`` is not found from ``dictionary``.</doc>
<status status="PASS" start="2024-06-26T21:16:06.650740" elapsed="0.000436"/>
</kw>
<kw name="Dictionary Should Contain Key" owner="Collections">
<arg>${json_data['results'][0]['login']}</arg>
<arg>${keyTwo}</arg>
<doc>Fails if ``key`` is not found from ``dictionary``.</doc>
<status status="PASS" start="2024-06-26T21:16:06.651364" elapsed="0.000384"/>
</kw>
<kw name="Log" owner="BuiltIn">
<msg time="2024-06-26T21:16:06.652049" level="INFO">username</msg>
<arg>${keyTwo}</arg>
<doc>Logs the given message with the given level.</doc>
<status status="PASS" start="2024-06-26T21:16:06.651928" elapsed="0.000159"/>
</kw>
<var name="${keyTwo}">username</var>
<status status="PASS" start="2024-06-26T21:16:06.650631" elapsed="0.001697"/>
</iter>
<iter>
<kw name="Dictionary Should Contain Key" owner="Collections">
<arg>${json_data['results'][0]['login']}</arg>
<arg>${keyTwo}</arg>
<doc>Fails if ``key`` is not found from ``dictionary``.</doc>
<status status="PASS" start="2024-06-26T21:16:06.652621" elapsed="0.000435"/>
</kw>
<kw name="Dictionary Should Contain Key" owner="Collections">
<arg>${json_data['results'][0]['login']}</arg>
<arg>${keyTwo}</arg>
<doc>Fails if ``key`` is not found from ``dictionary``.</doc>
<status status="PASS" start="2024-06-26T21:16:06.653236" elapsed="0.000375"/>
</kw>
<kw name="Log" owner="BuiltIn">
<msg time="2024-06-26T21:16:06.653909" level="INFO">password</msg>
<arg>${keyTwo}</arg>
<doc>Logs the given message with the given level.</doc>
<status status="PASS" start="2024-06-26T21:16:06.653789" elapsed="0.000158"/>
</kw>
<var name="${keyTwo}">password</var>
<status status="PASS" start="2024-06-26T21:16:06.652513" elapsed="0.001765"/>
</iter>
<var>${keyTwo}</var>
<value>@{expected_keysTwo}</value>
<status status="PASS" start="2024-06-26T21:16:06.650472" elapsed="0.003929"/>
</for>
<status status="PASS" start="2024-06-26T21:16:06.545358" elapsed="0.109186"/>
</kw>
<doc>Testa a estrutura da resposta da API.</doc>
<tag>testeEstruturaResposta</tag>
<status status="PASS" start="2024-06-26T21:16:06.544717" elapsed="0.109985"/>
</test>
<test id="s1-s1-t4" name="Validar tipos de dados" line="28">
<kw name="Teste de Tipos de Dados" owner="random-user-service">
<kw name="GET On Session" owner="RequestsLibrary">
<msg time="2024-06-26T21:16:06.762867" level="INFO">GET Request : url=https://randomuser.me/api 
 path_url=/api 
 headers={'User-Agent': 'python-requests/2.32.3', 'Accept-Encoding': 'gzip, deflate', 'Accept': '*/*', 'Connection': 'keep-alive'} 
 body=None 
 </msg>
<msg time="2024-06-26T21:16:06.762966" level="INFO">GET Response : url=https://randomuser.me/api 
 status=200, reason=OK 
 headers={'Date': 'Wed, 26 Jun 2024 21:16:06 GMT', 'Content-Type': 'application/json; charset=utf-8', 'Transfer-Encoding': 'chunked', 'Connection': 'keep-alive', 'X-Powered-By': 'Express', 'Access-Control-Allow-Origin': '*', 'Cache-Control': 'no-cache', 'ETag': 'W/"476-6zOELPu2+3YZSE792C2ULvJ2UYU"', 'Vary': 'Accept-Encoding', 'Content-Encoding': 'gzip', 'CF-Cache-Status': 'DYNAMIC', 'Report-To': '{"endpoints":[{"url":"https:\\/\\/a.nel.cloudflare.com\\/report\\/v4?s=XxXOMaNhUv8bZTo29pDIWFakX1aBJeSWhNv5dgq70SrSvTWqSyCI2yQ1Aul5ZLpwONlO%2Bq4iTGG5XLxlosMAJ6yLdK7OahhwFZS44lgeJfnxUb%2B02W%2FFZ3gDx5I305q%2B"}],"group":"cf-nel","max_age":604800}', 'NEL': '{"success_fraction":0,"report_to":"cf-nel","max_age":604800}', 'Server': 'cloudflare', 'CF-RAY': '89a0376dac8c1566-SJC', 'alt-svc': 'h3=":443"; ma=86400'} 
 body={"results":[{"gender":"male","name":{"title":"Mr","first":"Ilarion","last":"Korniienko"},"location":{"street":{"number":3648,"name":"Oliyna"},"city":"Selidove","state":"Odeska","country":"Ukraine","postcode":20079,"coordinates":{"latitude":"73.2180","longitude":"-115.6218"},"timezone":{"offset":"+6:00","description":"Almaty, Dhaka, Colombo"}},"email":"ilarion.korniienko@example.com","login":{"uuid":"76c5ac91-0538-425f-bfbf-59c536fb154a","username":"redzebra421","password":"vaughn","salt":"bunGkw0B","md5":"3ae93cbccb46056107bf941cbf4ced40","sha1":"2a39245f1050b48c92a1ecec5dcb5853f0997e58","sha256":"3acf394455db4b3c08196717befd8b253e8d157abf66cea60ffcd8f85770109d"},"dob":{"date":"1979-09-26T01:39:14.217Z","age":44},"registered":{"date":"2018-03-18T04:21:22.323Z","age":6},"phone":"(067) K97-0326","cell":"(097) Y65-5343","id":{"name":"","value":null},"picture":{"large":"https://randomuser.me/api/portraits/men/37.jpg","medium":"https://randomuser.me/api/portraits/med/men/37.jpg","thumbnail":"https://randomuser.me/api/portraits/thumb/men/37.jpg"},"nat":"UA"}],"info":{"seed":"b41cf99b3c3f9a4d","results":1,"page":1,"version":"1.4"}} 
 </msg>
<msg time="2024-06-26T21:16:06.763037" level="INFO">/opt/hostedtoolcache/Python/3.12.4/x64/lib/python3.12/site-packages/urllib3/connectionpool.py:1099: InsecureRequestWarning: Unverified HTTPS request is being made to host 'randomuser.me'. Adding certificate verification is strongly advised. See: https://urllib3.readthedocs.io/en/latest/advanced-usage.html#tls-warnings
  warnings.warn(</msg>
<msg time="2024-06-26T21:16:06.763212" level="INFO">${response} = &lt;Response [200]&gt;</msg>
<var>${response}</var>
<arg>consultarAPI</arg>
<arg>/api</arg>
<doc>Sends a GET request on a previously created HTTP Session.</doc>
<status status="PASS" start="2024-06-26T21:16:06.657384" elapsed="0.105870"/>
</kw>
<kw name="Set Variable" owner="BuiltIn">
<msg time="2024-06-26T21:16:06.764455" level="INFO">${json_data} = {'results': [{'gender': 'male', 'name': {'title': 'Mr', 'first': 'Ilarion', 'last': 'Korniienko'}, 'location': {'street': {'number': 3648, 'name': 'Oliyna'}, 'city': 'Selidove', 'state': 'Odeska', 'co...</msg>
<var>${json_data}</var>
<arg>${response.json()}</arg>
<doc>Returns the given values which can then be assigned to a variables.</doc>
<status status="PASS" start="2024-06-26T21:16:06.763894" elapsed="0.000592"/>
</kw>
<kw name="Log" owner="BuiltIn">
<msg time="2024-06-26T21:16:06.764970" level="INFO">{'results': [{'gender': 'male', 'name': {'title': 'Mr', 'first': 'Ilarion', 'last': 'Korniienko'}, 'location': {'street': {'number': 3648, 'name': 'Oliyna'}, 'city': 'Selidove', 'state': 'Odeska', 'country': 'Ukraine', 'postcode': 20079, 'coordinates': {'latitude': '73.2180', 'longitude': '-115.6218'}, 'timezone': {'offset': '+6:00', 'description': 'Almaty, Dhaka, Colombo'}}, 'email': 'ilarion.korniienko@example.com', 'login': {'uuid': '76c5ac91-0538-425f-bfbf-59c536fb154a', 'username': 'redzebra421', 'password': 'vaughn', 'salt': 'bunGkw0B', 'md5': '3ae93cbccb46056107bf941cbf4ced40', 'sha1': '2a39245f1050b48c92a1ecec5dcb5853f0997e58', 'sha256': '3acf394455db4b3c08196717befd8b253e8d157abf66cea60ffcd8f85770109d'}, 'dob': {'date': '1979-09-26T01:39:14.217Z', 'age': 44}, 'registered': {'date': '2018-03-18T04:21:22.323Z', 'age': 6}, 'phone': '(067) K97-0326', 'cell': '(097) Y65-5343', 'id': {'name': '', 'value': None}, 'picture': {'large': 'https://randomuser.me/api/portraits/men/37.jpg', 'medium': 'https://randomuser.me/api/portraits/med/men/37.jpg', 'thumbnail': 'https://randomuser.me/api/portraits/thumb/men/37.jpg'}, 'nat': 'UA'}], 'info': {'seed': 'b41cf99b3c3f9a4d', 'results': 1, 'page': 1, 'version': '1.4'}}</msg>
<arg>${json_data}</arg>
<doc>Logs the given message with the given level.</doc>
<status status="PASS" start="2024-06-26T21:16:06.764808" elapsed="0.000211"/>
</kw>
<kw name="Should Be String" owner="String">
<arg>${json_data['results'][0]['gender']}</arg>
<doc>Fails if the given ``item`` is not a string.</doc>
<status status="PASS" start="2024-06-26T21:16:06.765309" elapsed="0.000372"/>
</kw>
<kw name="Should Match Regexp" owner="BuiltIn">
<arg>${json_data['results'][0]['email']}</arg>
<arg>^[a-zA-Z0-9._%+-]+@[a-zA-Z0-9.-]+\.[a-zA-Z]{2,}$</arg>
<doc>Fails if ``string`` does not match ``pattern`` as a regular expression.</doc>
<status status="PASS" start="2024-06-26T21:16:06.765872" elapsed="0.000538"/>
</kw>
<kw name="Should Match Regexp" owner="BuiltIn">
<arg>${json_data['results'][0]['dob']['date']}</arg>
<arg>\\d{4}-\\d{2}-\\d{2}T\\d{2}:\\d{2}:\\d{2}\\.\\d{3}Z</arg>
<doc>Fails if ``string`` does not match ``pattern`` as a regular expression.</doc>
<status status="PASS" start="2024-06-26T21:16:06.766641" elapsed="0.000536"/>
</kw>
<kw name="Should Match Regexp" owner="BuiltIn">
<arg>${json_data['results'][0]['registered']['date']}</arg>
<arg>\\d{4}-\\d{2}-\\d{2}T\\d{2}:\\d{2}:\\d{2}\\.\\d{3}Z</arg>
<doc>Fails if ``string`` does not match ``pattern`` as a regular expression.</doc>
<status status="PASS" start="2024-06-26T21:16:06.767380" elapsed="0.000379"/>
</kw>
<kw name="Should Match Regexp" owner="BuiltIn">
<arg>${json_data['results'][0]['picture']['large']}</arg>
<arg>^https?://.*\.(?:png|jpe?g|gif|bmp)$</arg>
<doc>Fails if ``string`` does not match ``pattern`` as a regular expression.</doc>
<status status="PASS" start="2024-06-26T21:16:06.767946" elapsed="0.000465"/>
</kw>
<kw name="Should Match Regexp" owner="BuiltIn">
<arg>${json_data['results'][0]['picture']['medium']}</arg>
<arg>^https?://.*\.(?:png|jpe?g|gif|bmp)$</arg>
<doc>Fails if ``string`` does not match ``pattern`` as a regular expression.</doc>
<status status="PASS" start="2024-06-26T21:16:06.768598" elapsed="0.000357"/>
</kw>
<kw name="Should Match Regexp" owner="BuiltIn">
<arg>${json_data['results'][0]['picture']['thumbnail']}</arg>
<arg>^https?://.*\.(?:png|jpe?g|gif|bmp)$</arg>
<doc>Fails if ``string`` does not match ``pattern`` as a regular expression.</doc>
<status status="PASS" start="2024-06-26T21:16:06.769140" elapsed="0.000361"/>
</kw>
<kw name="Log" owner="BuiltIn">
<msg time="2024-06-26T21:16:06.770022" level="INFO">{'large': 'https://randomuser.me/api/portraits/men/37.jpg', 'medium': 'https://randomuser.me/api/portraits/med/men/37.jpg', 'thumbnail': 'https://randomuser.me/api/portraits/thumb/men/37.jpg'}</msg>
<arg>${json_data['results'][0]['picture']}</arg>
<doc>Logs the given message with the given level.</doc>
<status status="PASS" start="2024-06-26T21:16:06.769683" elapsed="0.000383"/>
</kw>
<status status="PASS" start="2024-06-26T21:16:06.657151" elapsed="0.113202"/>
</kw>
<kw name="Teste de Tipos de Dados - Postcode" owner="random-user-service">
<kw name="GET On Session" owner="RequestsLibrary">
<msg time="2024-06-26T21:16:06.869550" level="INFO">GET Request : url=https://randomuser.me/api 
 path_url=/api 
 headers={'User-Agent': 'python-requests/2.32.3', 'Accept-Encoding': 'gzip, deflate', 'Accept': '*/*', 'Connection': 'keep-alive'} 
 body=None 
 </msg>
<msg time="2024-06-26T21:16:06.869666" level="INFO">GET Response : url=https://randomuser.me/api 
 status=200, reason=OK 
 headers={'Date': 'Wed, 26 Jun 2024 21:16:06 GMT', 'Content-Type': 'application/json; charset=utf-8', 'Transfer-Encoding': 'chunked', 'Connection': 'keep-alive', 'X-Powered-By': 'Express', 'Access-Control-Allow-Origin': '*', 'Cache-Control': 'no-cache', 'ETag': 'W/"480-syDuu8/Jd+Oi/BY+wZqh5AW3LUo"', 'Vary': 'Accept-Encoding', 'Content-Encoding': 'gzip', 'CF-Cache-Status': 'DYNAMIC', 'Report-To': '{"endpoints":[{"url":"https:\\/\\/a.nel.cloudflare.com\\/report\\/v4?s=Z2GQ6vFi%2B2859fNmY2CWgzyj%2B0EVlEJH2nRG6fPNq9i4ri%2Fk9ORwHnpbmcu66VDquENUJu8UNlb2eym9dUSBDglIGIgrsRxg2UQb1Q8IGcWVcLsmAk0dTxuJ4TIE1bHH"}],"group":"cf-nel","max_age":604800}', 'NEL': '{"success_fraction":0,"report_to":"cf-nel","max_age":604800}', 'Server': 'cloudflare', 'CF-RAY': '89a0376e5d161566-SJC', 'alt-svc': 'h3=":443"; ma=86400'} 
 body={"results":[{"gender":"male","name":{"title":"Mr","first":"Kadir","last":"Akyüz"},"location":{"street":{"number":2945,"name":"Atatürk Sk"},"city":"Kırıkkale","state":"Zonguldak","country":"Turkey","postcode":52275,"coordinates":{"latitude":"66.9933","longitude":"-14.5192"},"timezone":{"offset":"-3:00","description":"Brazil, Buenos Aires, Georgetown"}},"email":"kadir.akyuz@example.com","login":{"uuid":"71540ed7-e9b4-41ee-bb44-3e035eee90ac","username":"crazyfish309","password":"precious","salt":"4JTqf63S","md5":"9f6c57aa69697f54a9bafb86ef9cf6b3","sha1":"ff4ca7ad5db0a76061c64dae14d22b57d433572b","sha256":"023e2830822561721fabc126828f1827ccc745306ab66213d8ecd40c39299666"},"dob":{"date":"1997-08-21T13:17:44.020Z","age":26},"registered":{"date":"2002-12-16T13:08:43.721Z","age":21},"phone":"(398)-860-6788","cell":"(214)-177-6734","id":{"name":"","value":null},"picture":{"large":"https://randomuser.me/api/portraits/men/22.jpg","medium":"https://randomuser.me/api/portraits/med/men/22.jpg","thumbnail":"https://randomuser.me/api/portraits/thumb/men/22.jpg"},"nat":"TR"}],"info":{"seed":"cd5ac353a5f92254","results":1,"page":1,"version":"1.4"}} 
 </msg>
<msg time="2024-06-26T21:16:06.869752" level="INFO">/opt/hostedtoolcache/Python/3.12.4/x64/lib/python3.12/site-packages/urllib3/connectionpool.py:1099: InsecureRequestWarning: Unverified HTTPS request is being made to host 'randomuser.me'. Adding certificate verification is strongly advised. See: https://urllib3.readthedocs.io/en/latest/advanced-usage.html#tls-warnings
  warnings.warn(</msg>
<msg time="2024-06-26T21:16:06.869893" level="INFO">${response} = &lt;Response [200]&gt;</msg>
<var>${response}</var>
<arg>consultarAPI</arg>
<arg>/api</arg>
<doc>Sends a GET request on a previously created HTTP Session.</doc>
<status status="PASS" start="2024-06-26T21:16:06.770830" elapsed="0.099103"/>
</kw>
<kw name="Set Variable" owner="BuiltIn">
<msg time="2024-06-26T21:16:06.871168" level="INFO">${json_data} = {'results': [{'gender': 'male', 'name': {'title': 'Mr', 'first': 'Kadir', 'last': 'Akyüz'}, 'location': {'street': {'number': 2945, 'name': 'Atatürk Sk'}, 'city': 'Kırıkkale', 'state': 'Zonguldak', 'c...</msg>
<var>${json_data}</var>
<arg>${response.json()}</arg>
<doc>Returns the given values which can then be assigned to a variables.</doc>
<status status="PASS" start="2024-06-26T21:16:06.870563" elapsed="0.000644"/>
</kw>
<kw name="Log" owner="BuiltIn">
<msg time="2024-06-26T21:16:06.871698" level="INFO">{'results': [{'gender': 'male', 'name': {'title': 'Mr', 'first': 'Kadir', 'last': 'Akyüz'}, 'location': {'street': {'number': 2945, 'name': 'Atatürk Sk'}, 'city': 'Kırıkkale', 'state': 'Zonguldak', 'country': 'Turkey', 'postcode': 52275, 'coordinates': {'latitude': '66.9933', 'longitude': '-14.5192'}, 'timezone': {'offset': '-3:00', 'description': 'Brazil, Buenos Aires, Georgetown'}}, 'email': 'kadir.akyuz@example.com', 'login': {'uuid': '71540ed7-e9b4-41ee-bb44-3e035eee90ac', 'username': 'crazyfish309', 'password': 'precious', 'salt': '4JTqf63S', 'md5': '9f6c57aa69697f54a9bafb86ef9cf6b3', 'sha1': 'ff4ca7ad5db0a76061c64dae14d22b57d433572b', 'sha256': '023e2830822561721fabc126828f1827ccc745306ab66213d8ecd40c39299666'}, 'dob': {'date': '1997-08-21T13:17:44.020Z', 'age': 26}, 'registered': {'date': '2002-12-16T13:08:43.721Z', 'age': 21}, 'phone': '(398)-860-6788', 'cell': '(214)-177-6734', 'id': {'name': '', 'value': None}, 'picture': {'large': 'https://randomuser.me/api/portraits/men/22.jpg', 'medium': 'https://randomuser.me/api/portraits/med/men/22.jpg', 'thumbnail': 'https://randomuser.me/api/portraits/thumb/men/22.jpg'}, 'nat': 'TR'}], 'info': {'seed': 'cd5ac353a5f92254', 'results': 1, 'page': 1, 'version': '1.4'}}</msg>
<arg>${json_data}</arg>
<doc>Logs the given message with the given level.</doc>
<status status="PASS" start="2024-06-26T21:16:06.871534" elapsed="0.000214"/>
</kw>
<kw name="Should Be Equal As Numbers" owner="BuiltIn">
<arg>${json_data['results'][0]['location']['postcode']}</arg>
<arg>${json_data['results'][0]['location']['postcode']}</arg>
<doc>Fails if objects are unequal after converting them to real numbers.</doc>
<status status="PASS" start="2024-06-26T21:16:06.872045" elapsed="0.000648"/>
</kw>
<kw name="Log" owner="BuiltIn">
<msg time="2024-06-26T21:16:06.873403" level="INFO">52275</msg>
<arg>${json_data['results'][0]['location']['postcode']}</arg>
<doc>Logs the given message with the given level.</doc>
<status status="PASS" start="2024-06-26T21:16:06.872887" elapsed="0.000558"/>
</kw>
<status status="PASS" start="2024-06-26T21:16:06.770588" elapsed="0.103118"/>
</kw>
<doc>Testa se os tipos de dados na resposta da API estão corretos.</doc>
<tag>testeTiposDados</tag>
<status status="PASS" start="2024-06-26T21:16:06.656537" elapsed="0.217373"/>
</test>
<test id="s1-s1-t5" name="Validar conteudo" line="35">
<kw name="Teste de Tipos de Conteudo" owner="random-user-service">
<kw name="GET On Session" owner="RequestsLibrary">
<msg time="2024-06-26T21:16:06.974367" level="INFO">GET Request : url=https://randomuser.me/api 
 path_url=/api 
 headers={'User-Agent': 'python-requests/2.32.3', 'Accept-Encoding': 'gzip, deflate', 'Accept': '*/*', 'Connection': 'keep-alive'} 
 body=None 
 </msg>
<msg time="2024-06-26T21:16:06.974464" level="INFO">GET Response : url=https://randomuser.me/api 
 status=200, reason=OK 
 headers={'Date': 'Wed, 26 Jun 2024 21:16:06 GMT', 'Content-Type': 'application/json; charset=utf-8', 'Transfer-Encoding': 'chunked', 'Connection': 'keep-alive', 'X-Powered-By': 'Express', 'Access-Control-Allow-Origin': '*', 'Cache-Control': 'no-cache', 'ETag': 'W/"496-w47HvBcM+9lINYmIawIoFjRyjco"', 'Vary': 'Accept-Encoding', 'Content-Encoding': 'gzip', 'CF-Cache-Status': 'DYNAMIC', 'Report-To': '{"endpoints":[{"url":"https:\\/\\/a.nel.cloudflare.com\\/report\\/v4?s=Lffyr8VFVkyD4SuBTH5Kd3j64GMVeErCJwIcbg7qfdn267GWf%2FL%2FCEztV3DkS3Pj%2FAtp%2BWxGWvrL%2FMIFI3bSOXv9drFRK3%2FOtbTJYBY1rt3Almqzzkt7%2BfXq5Y05jgBA"}],"group":"cf-nel","max_age":604800}', 'NEL': '{"success_fraction":0,"report_to":"cf-nel","max_age":604800}', 'Server': 'cloudflare', 'CF-RAY': '89a0376f0d8f1566-SJC', 'alt-svc': 'h3=":443"; ma=86400'} 
 body={"results":[{"gender":"male","name":{"title":"Mr","first":"Jeffery","last":"Boyd"},"location":{"street":{"number":4592,"name":"Thornridge Cir"},"city":"Toowoomba","state":"Western Australia","country":"Australia","postcode":7641,"coordinates":{"latitude":"-89.8695","longitude":"-59.8194"},"timezone":{"offset":"+5:30","description":"Bombay, Calcutta, Madras, New Delhi"}},"email":"jeffery.boyd@example.com","login":{"uuid":"71b7ddfa-6ab0-4bec-8f0c-a8e2a211f1e4","username":"angryrabbit717","password":"videoes","salt":"xPTdR5Ua","md5":"c329d4d0fa60747f9d556f401761afba","sha1":"4e77f041d381231e6549618b73b863226ccd1591","sha256":"a0fb7f4c4e1fa0a4a4e2839d7cf77b57423fdd88e62bf4641db8843d57eb9ba3"},"dob":{"date":"1975-02-14T06:34:10.369Z","age":49},"registered":{"date":"2020-07-05T08:47:08.679Z","age":3},"phone":"06-1009-0925","cell":"0420-485-372","id":{"name":"TFN","value":"409497763"},"picture":{"large":"https://randomuser.me/api/portraits/men/17.jpg","medium":"https://randomuser.me/api/portraits/med/men/17.jpg","thumbnail":"https://randomuser.me/api/portraits/thumb/men/17.jpg"},"nat":"AU"}],"info":{"seed":"a51bf3e7dbe84d7e","results":1,"page":1,"version":"1.4"}} 
 </msg>
<msg time="2024-06-26T21:16:06.974536" level="INFO">/opt/hostedtoolcache/Python/3.12.4/x64/lib/python3.12/site-packages/urllib3/connectionpool.py:1099: InsecureRequestWarning: Unverified HTTPS request is being made to host 'randomuser.me'. Adding certificate verification is strongly advised. See: https://urllib3.readthedocs.io/en/latest/advanced-usage.html#tls-warnings
  warnings.warn(</msg>
<msg time="2024-06-26T21:16:06.974657" level="INFO">${response} = &lt;Response [200]&gt;</msg>
<var>${response}</var>
<arg>consultarAPI</arg>
<arg>/api</arg>
<doc>Sends a GET request on a previously created HTTP Session.</doc>
<status status="PASS" start="2024-06-26T21:16:06.876954" elapsed="0.097733"/>
</kw>
<kw name="Set Variable" owner="BuiltIn">
<msg time="2024-06-26T21:16:06.975822" level="INFO">${json_data} = {'results': [{'gender': 'male', 'name': {'title': 'Mr', 'first': 'Jeffery', 'last': 'Boyd'}, 'location': {'street': {'number': 4592, 'name': 'Thornridge Cir'}, 'city': 'Toowoomba', 'state': 'Western A...</msg>
<var>${json_data}</var>
<arg>${response.json()}</arg>
<doc>Returns the given values which can then be assigned to a variables.</doc>
<status status="PASS" start="2024-06-26T21:16:06.975300" elapsed="0.000551"/>
</kw>
<kw name="Set Variable" owner="BuiltIn">
<msg time="2024-06-26T21:16:06.976543" level="INFO">${name_title} = Mr</msg>
<var>${name_title}</var>
<arg>${json_data["results"][0]["name"]["title"]}</arg>
<doc>Returns the given values which can then be assigned to a variables.</doc>
<status status="PASS" start="2024-06-26T21:16:06.976161" elapsed="0.000407"/>
</kw>
<kw name="Create List" owner="BuiltIn">
<msg time="2024-06-26T21:16:06.977004" level="INFO">${allowed_titles} = ['Mr', 'Ms', 'Miss', 'Mrs', 'Madame', 'Monsieur']</msg>
<var>${allowed_titles}</var>
<arg>Mr</arg>
<arg>Ms</arg>
<arg>Miss</arg>
<arg>Mrs</arg>
<arg>Madame</arg>
<arg>Monsieur</arg>
<doc>Returns a list containing given items.</doc>
<status status="PASS" start="2024-06-26T21:16:06.976857" elapsed="0.000171"/>
</kw>
<kw name="List Should Contain Value" owner="Collections">
<arg>${allowed_titles}</arg>
<arg>${name_title}</arg>
<doc>Fails if the ``value`` is not found from ``list``.</doc>
<status status="PASS" start="2024-06-26T21:16:06.977323" elapsed="0.000176"/>
</kw>
<kw name="Set Variable" owner="BuiltIn">
<msg time="2024-06-26T21:16:06.978087" level="INFO">${name_country} = AU</msg>
<var>${name_country}</var>
<arg>${json_data["results"][0]["nat"]}</arg>
<doc>Returns the given values which can then be assigned to a variables.</doc>
<status status="PASS" start="2024-06-26T21:16:06.977672" elapsed="0.000441"/>
</kw>
<kw name="Create List" owner="BuiltIn">
<msg time="2024-06-26T21:16:06.979175" level="INFO">${list_country} = ['AD', 'AE', 'AF', 'AG', 'AI', 'AL', 'AM', 'AO', 'AQ', 'AR', 'AS', 'AT', 'AU', 'AW', 'AX', 'AZ', 'BA', 'BB', 'BD', 'BE', 'BF', 'BG', 'BH', 'BI', 'BJ', 'BL', 'BM', 'BN', 'BO', 'BQ', 'BR', 'BS', 'BT', '...</msg>
<var>${list_country}</var>
<arg>AD</arg>
<arg>AE</arg>
<arg>AF</arg>
<arg>AG</arg>
<arg>AI</arg>
<arg>AL</arg>
<arg>AM</arg>
<arg>AO</arg>
<arg>AQ</arg>
<arg>AR</arg>
<arg>AS</arg>
<arg>AT</arg>
<arg>AU</arg>
<arg>AW</arg>
<arg>AX</arg>
<arg>AZ</arg>
<arg>BA</arg>
<arg>BB</arg>
<arg>BD</arg>
<arg>BE</arg>
<arg>BF</arg>
<arg>BG</arg>
<arg>BH</arg>
<arg>BI</arg>
<arg>BJ</arg>
<arg>BL</arg>
<arg>BM</arg>
<arg>BN</arg>
<arg>BO</arg>
<arg>BQ</arg>
<arg>BR</arg>
<arg>BS</arg>
<arg>BT</arg>
<arg>BV</arg>
<arg>BW</arg>
<arg>BY</arg>
<arg>BZ</arg>
<arg>CA</arg>
<arg>CC</arg>
<arg>CD</arg>
<arg>CF</arg>
<arg>CG</arg>
<arg>CH</arg>
<arg>CI</arg>
<arg>CK</arg>
<arg>CL</arg>
<arg>CM</arg>
<arg>CN</arg>
<arg>CO</arg>
<arg>CR</arg>
<arg>CU</arg>
<arg>CV</arg>
<arg>CW</arg>
<arg>CX</arg>
<arg>CY</arg>
<arg>CZ</arg>
<arg>DE</arg>
<arg>DJ</arg>
<arg>DK</arg>
<arg>DM</arg>
<arg>DO</arg>
<arg>DZ</arg>
<arg>EC</arg>
<arg>EE</arg>
<arg>EG</arg>
<arg>EH</arg>
<arg>ER</arg>
<arg>ES</arg>
<arg>ET</arg>
<arg>FI</arg>
<arg>FJ</arg>
<arg>FK</arg>
<arg>FM</arg>
<arg>FO</arg>
<arg>FR</arg>
<arg>GA</arg>
<arg>GB</arg>
<arg>GD</arg>
<arg>GE</arg>
<arg>GF</arg>
<arg>GG</arg>
<arg>GH</arg>
<arg>GI</arg>
<arg>GL</arg>
<arg>GM</arg>
<arg>GN</arg>
<arg>GP</arg>
<arg>GQ</arg>
<arg>GR</arg>
<arg>GS</arg>
<arg>GT</arg>
<arg>GU</arg>
<arg>GW</arg>
<arg>GY</arg>
<arg>HK</arg>
<arg>HM</arg>
<arg>HN</arg>
<arg>HR</arg>
<arg>HT</arg>
<arg>HU</arg>
<arg>ID</arg>
<arg>IE</arg>
<arg>IL</arg>
<arg>IM</arg>
<arg>IN</arg>
<arg>IO</arg>
<arg>IQ</arg>
<arg>IR</arg>
<arg>IS</arg>
<arg>IT</arg>
<arg>JE</arg>
<arg>JM</arg>
<arg>JO</arg>
<arg>JP</arg>
<arg>KE</arg>
<arg>KG</arg>
<arg>KH</arg>
<arg>KI</arg>
<arg>KM</arg>
<arg>KN</arg>
<arg>KP</arg>
<arg>KR</arg>
<arg>KW</arg>
<arg>KY</arg>
<arg>KZ</arg>
<arg>LA</arg>
<arg>LB</arg>
<arg>LC</arg>
<arg>LI</arg>
<arg>LK</arg>
<arg>LR</arg>
<arg>LS</arg>
<arg>LT</arg>
<arg>LU</arg>
<arg>LV</arg>
<arg>LY</arg>
<arg>MA</arg>
<arg>MC</arg>
<arg>MD</arg>
<arg>ME</arg>
<arg>MF</arg>
<arg>MG</arg>
<arg>MH</arg>
<arg>MK</arg>
<arg>ML</arg>
<arg>MM</arg>
<arg>MN</arg>
<arg>MO</arg>
<arg>MP</arg>
<arg>MQ</arg>
<arg>MR</arg>
<arg>MS</arg>
<arg>MT</arg>
<arg>MU</arg>
<arg>MV</arg>
<arg>MW</arg>
<arg>MX</arg>
<arg>MY</arg>
<arg>MZ</arg>
<arg>NA</arg>
<arg>NC</arg>
<arg>NE</arg>
<arg>NF</arg>
<arg>NG</arg>
<arg>NI</arg>
<arg>NL</arg>
<arg>NO</arg>
<arg>NP</arg>
<arg>NR</arg>
<arg>NU</arg>
<arg>NZ</arg>
<arg>OM</arg>
<arg>PA</arg>
<arg>PE</arg>
<arg>PF</arg>
<arg>PG</arg>
<arg>PH</arg>
<arg>PK</arg>
<arg>PL</arg>
<arg>PM</arg>
<arg>PN</arg>
<arg>PR</arg>
<arg>PS</arg>
<arg>PT</arg>
<arg>PW</arg>
<arg>PY</arg>
<arg>QA</arg>
<arg>RE</arg>
<arg>RO</arg>
<arg>RS</arg>
<arg>RU</arg>
<arg>RW</arg>
<arg>SA</arg>
<arg>SB</arg>
<arg>SC</arg>
<arg>SD</arg>
<arg>SE</arg>
<arg>SG</arg>
<arg>SH</arg>
<arg>SI</arg>
<arg>SJ</arg>
<arg>SK</arg>
<arg>SL</arg>
<arg>SM</arg>
<arg>SN</arg>
<arg>SO</arg>
<arg>SR</arg>
<arg>SS</arg>
<arg>ST</arg>
<arg>SV</arg>
<arg>SX</arg>
<arg>SY</arg>
<arg>SZ</arg>
<arg>TC</arg>
<arg>TD</arg>
<arg>TF</arg>
<arg>TG</arg>
<arg>TH</arg>
<arg>TJ</arg>
<arg>TK</arg>
<arg>TL</arg>
<arg>TM</arg>
<arg>TN</arg>
<arg>TO</arg>
<arg>TR</arg>
<arg>TT</arg>
<arg>TV</arg>
<arg>TW</arg>
<arg>TZ</arg>
<arg>UA</arg>
<arg>UG</arg>
<arg>UM</arg>
<arg>US</arg>
<arg>UY</arg>
<arg>UZ</arg>
<arg>VA</arg>
<arg>VC</arg>
<arg>VE</arg>
<arg>VG</arg>
<arg>VI</arg>
<arg>VN</arg>
<arg>VU</arg>
<arg>WF</arg>
<arg>WS</arg>
<arg>XK</arg>
<arg>YE</arg>
<arg>YT</arg>
<arg>ZA</arg>
<arg>ZM</arg>
<arg>ZW</arg>
<doc>Returns a list containing given items.</doc>
<status status="PASS" start="2024-06-26T21:16:06.978400" elapsed="0.000824"/>
</kw>
<kw name="List Should Contain Value" owner="Collections">
<arg>${list_country}</arg>
<arg>${name_country}</arg>
<doc>Fails if the ``value`` is not found from ``list``.</doc>
<status status="PASS" start="2024-06-26T21:16:06.980439" elapsed="0.000279"/>
</kw>
<kw name="Run Keyword If" owner="BuiltIn">
<kw name="Should Be True" owner="BuiltIn">
<arg>${True}</arg>
<doc>Fails if the given condition is not true.</doc>
<status status="PASS" start="2024-06-26T21:16:06.982026" elapsed="0.000163"/>
</kw>
<arg>${json_data["results"][0]["location"]["coordinates"]["latitude"]} &gt;= -90 and ${json_data["results"][0]["location"]["coordinates"]["latitude"]} &lt;= 90</arg>
<arg>Should Be True</arg>
<arg>${True}</arg>
<doc>Runs the given keyword with the given arguments, if ``condition`` is true.</doc>
<status status="PASS" start="2024-06-26T21:16:06.980978" elapsed="0.001338"/>
</kw>
<kw name="Run Keyword If" owner="BuiltIn">
<kw name="Should Be True" owner="BuiltIn">
<arg>${True}</arg>
<doc>Fails if the given condition is not true.</doc>
<status status="PASS" start="2024-06-26T21:16:06.983239" elapsed="0.000256"/>
</kw>
<arg>${json_data["results"][0]["location"]["coordinates"]["longitude"]} &gt;= -180 and ${json_data["results"][0]["location"]["coordinates"]["longitude"]} &lt;= 180</arg>
<arg>Should Be True</arg>
<arg>${True}</arg>
<doc>Runs the given keyword with the given arguments, if ``condition`` is true.</doc>
<status status="PASS" start="2024-06-26T21:16:06.982497" elapsed="0.001127"/>
</kw>
<status status="PASS" start="2024-06-26T21:16:06.876574" elapsed="0.107184"/>
</kw>
<doc>Testa o conteúdo específico dos campos retornados pela API.</doc>
<tag>testeConteudo</tag>
<status status="PASS" start="2024-06-26T21:16:06.875842" elapsed="0.108067"/>
</test>
<status status="PASS" start="2024-06-26T21:16:05.925434" elapsed="1.060411"/>
</suite>
<status status="PASS" start="2024-06-26T21:16:05.910575" elapsed="1.080371"/>
</suite>
<statistics>
<total>
<stat pass="5" fail="0" skip="0">All Tests</stat>
</total>
<tag>
<stat pass="1" fail="0" skip="0">testeConteudo</stat>
<stat pass="1" fail="0" skip="0">testeEstruturaResposta</stat>
<stat pass="1" fail="0" skip="0">testeRequisicaoBasica</stat>
<stat pass="1" fail="0" skip="0">testeTiposDados</stat>
</tag>
<suite>
<stat pass="5" fail="0" skip="0" id="s1" name="Tests">Tests</stat>
<stat pass="5" fail="0" skip="0" id="s1-s1" name="Random-User-Test">Tests.Random-User-Test</stat>
</suite>
</statistics>
<errors>
</errors>
</robot>
