<?xml version="1.0" encoding="UTF-8"?>
<robot generator="Robot 7.0 (Python 3.12.2 on linux)" generated="2024-03-23T18:15:24.527305" rpa="false" schemaversion="5">
<suite id="s1" name="Tests" source="/home/runner/work/DesafioQAItauRogerioJordao/DesafioQAItauRogerioJordao/RamdonUser/tests">
<suite id="s1-s1" name="Random-User-Test" source="/home/runner/work/DesafioQAItauRogerioJordao/DesafioQAItauRogerioJordao/RamdonUser/tests/random-user-test.robot">
<test id="s1-s1-t1" name="Conectar" line="13">
<kw name="Conectar API" owner="random-user-service">
<kw name="Create Session" owner="RequestsLibrary">
<msg time="2024-03-23T18:15:24.922282" level="INFO">Creating Session using : alias=consultarAPI, url=https://randomuser.me/, headers={},                     cookies={}, auth=None, timeout=None, proxies=None, verify=False,                     debug=0 </msg>
<arg>consultarAPI</arg>
<arg>${URL}</arg>
<doc>Create Session: create a HTTP session to a server</doc>
<status status="PASS" start="2024-03-23T18:15:24.922071" elapsed="0.000399"/>
</kw>
<status status="PASS" start="2024-03-23T18:15:24.920988" elapsed="0.001854"/>
</kw>
<status status="PASS" start="2024-03-23T18:15:24.920421" elapsed="0.002633"/>
</test>
<test id="s1-s1-t2" name="Validar retorno 200 e JSON Válido" line="16">
<kw name="Teste de Requisicao Basica" owner="random-user-service">
<kw name="GET On Session" owner="RequestsLibrary">
<msg time="2024-03-23T18:15:25.027219" level="INFO">GET Request : url=https://randomuser.me/api 
 path_url=/api 
 headers={'User-Agent': 'python-requests/2.31.0', 'Accept-Encoding': 'gzip, deflate', 'Accept': '*/*', 'Connection': 'keep-alive'} 
 body=None 
 </msg>
<msg time="2024-03-23T18:15:25.027380" level="INFO">GET Response : url=https://randomuser.me/api 
 status=200, reason=OK 
 headers={'Date': 'Sat, 23 Mar 2024 18:15:25 GMT', 'Content-Type': 'application/json; charset=utf-8', 'Transfer-Encoding': 'chunked', 'Connection': 'keep-alive', 'X-Powered-By': 'Express', 'Access-Control-Allow-Origin': '*', 'Cache-Control': 'no-cache', 'ETag': 'W/"49c-e4oL5rpnVYBIHKgYFdxa4Xp2frs"', 'Vary': 'Accept-Encoding', 'Content-Encoding': 'gzip', 'CF-Cache-Status': 'DYNAMIC', 'Report-To': '{"endpoints":[{"url":"https:\\/\\/a.nel.cloudflare.com\\/report\\/v4?s=xGNqUuzMaDcPZgjjjdbHOpcNm5%2Bp4lq%2BzQje%2FMtB%2FUhzuBselA7lk9vQwyoA9a%2B4h3CTe9XoNXOwE8TQYKgnSYJEfJx%2FzyItqeWFrev5I3MWLIpsU5lsBtLceb9eAv73"}],"group":"cf-nel","max_age":604800}', 'NEL': '{"success_fraction":0,"report_to":"cf-nel","max_age":604800}', 'Server': 'cloudflare', 'CF-RAY': '8690681d2c345908-IAD', 'alt-svc': 'h3=":443"; ma=86400'} 
 body={"results":[{"gender":"male","name":{"title":"Monsieur","first":"Nick","last":"Lefebvre"},"location":{"street":{"number":2344,"name":"Boulevard de Balmont"},"city":"Giornico","state":"Fribourg","country":"Switzerland","postcode":6484,"coordinates":{"latitude":"-60.9617","longitude":"-136.9485"},"timezone":{"offset":"-8:00","description":"Pacific Time (US &amp; Canada)"}},"email":"nick.lefebvre@example.com","login":{"uuid":"b8232548-9736-4eb0-8dca-98d99cfbe703","username":"smallostrich655","password":"spice","salt":"MDox6Sdq","md5":"ce2fe49ebfbe3ed4223c76f541d7bd8b","sha1":"9682ce3b4516761ca268cc05206b7e2311f4f352","sha256":"b60a0f61748c0661ec19d9304c04ba4277c7dee80f2f3ff3b02c5ca49f7d185e"},"dob":{"date":"1975-05-30T21:22:23.865Z","age":48},"registered":{"date":"2019-07-19T08:41:36.018Z","age":4},"phone":"078 978 40 18","cell":"076 569 21 74","id":{"name":"AVS","value":"756.9252.3782.85"},"picture":{"large":"https://randomuser.me/api/portraits/men/62.jpg","medium":"https://randomuser.me/api/portraits/med/men/62.jpg","thumbnail":"https://randomuser.me/api/portraits/thumb/men/62.jpg"},"nat":"CH"}],"info":{"seed":"7bd94d163687b22c","results":1,"page":1,"version":"1.4"}} 
 </msg>
<msg time="2024-03-23T18:15:25.027491" level="INFO">/opt/hostedtoolcache/Python/3.12.2/x64/lib/python3.12/site-packages/urllib3/connectionpool.py:1103: InsecureRequestWarning: Unverified HTTPS request is being made to host 'randomuser.me'. Adding certificate verification is strongly advised. See: https://urllib3.readthedocs.io/en/latest/advanced-usage.html#tls-warnings
  warnings.warn(</msg>
<msg time="2024-03-23T18:15:25.027634" level="INFO">${response} = &lt;Response [200]&gt;</msg>
<var>${response}</var>
<arg>consultarAPI</arg>
<arg>/api</arg>
<doc>Sends a GET request on a previously created HTTP Session.</doc>
<status status="PASS" start="2024-03-23T18:15:24.925705" elapsed="0.101975"/>
</kw>
<kw name="Should Be Equal As Numbers" owner="BuiltIn">
<msg time="2024-03-23T18:15:25.028801" level="INFO">Argument types are:
&lt;class 'int'&gt;
&lt;class 'str'&gt;</msg>
<arg>${response.status_code}</arg>
<arg>200</arg>
<doc>Fails if objects are unequal after converting them to real numbers.</doc>
<status status="PASS" start="2024-03-23T18:15:25.028310" elapsed="0.000560"/>
</kw>
<kw name="Log" owner="BuiltIn">
<msg time="2024-03-23T18:15:25.029638" level="INFO">200</msg>
<arg>${response.status_code}</arg>
<doc>Logs the given message with the given level.</doc>
<status status="PASS" start="2024-03-23T18:15:25.029263" elapsed="0.000420"/>
</kw>
<kw name="Set Variable" owner="BuiltIn">
<msg time="2024-03-23T18:15:25.030476" level="INFO">${json_data} = {'results': [{'gender': 'male', 'name': {'title': 'Monsieur', 'first': 'Nick', 'last': 'Lefebvre'}, 'location': {'street': {'number': 2344, 'name': 'Boulevard de Balmont'}, 'city': 'Giornico', 'state'...</msg>
<var>${json_data}</var>
<arg>${response.json()}</arg>
<doc>Returns the given values which can then be assigned to a variables.</doc>
<status status="PASS" start="2024-03-23T18:15:25.030022" elapsed="0.000482"/>
</kw>
<kw name="Dictionary Should Contain Key" owner="Collections">
<msg time="2024-03-23T18:15:25.030986" level="INFO">False</msg>
<arg>${json_data}</arg>
<arg>results</arg>
<doc>Fails if ``key`` is not found from ``dictionary``.</doc>
<status status="PASS" start="2024-03-23T18:15:25.030813" elapsed="0.000213"/>
</kw>
<status status="PASS" start="2024-03-23T18:15:24.925444" elapsed="0.105843"/>
</kw>
<doc>Testa se a API responde corretamente e retorna um objeto JSON válido.</doc>
<tag>testeRequisicaoBasica</tag>
<status status="PASS" start="2024-03-23T18:15:24.924897" elapsed="0.106585"/>
</test>
<test id="s1-s1-t3" name="Validar estrutura de resposta" line="22">
<kw name="Teste de Estrutura de Resposta" owner="random-user-service">
<kw name="GET On Session" owner="RequestsLibrary">
<msg time="2024-03-23T18:15:25.124234" level="INFO">GET Request : url=https://randomuser.me/api 
 path_url=/api 
 headers={'User-Agent': 'python-requests/2.31.0', 'Accept-Encoding': 'gzip, deflate', 'Accept': '*/*', 'Connection': 'keep-alive'} 
 body=None 
 </msg>
<msg time="2024-03-23T18:15:25.124327" level="INFO">GET Response : url=https://randomuser.me/api 
 status=200, reason=OK 
 headers={'Date': 'Sat, 23 Mar 2024 18:15:25 GMT', 'Content-Type': 'application/json; charset=utf-8', 'Transfer-Encoding': 'chunked', 'Connection': 'keep-alive', 'X-Powered-By': 'Express', 'Access-Control-Allow-Origin': '*', 'Cache-Control': 'no-cache', 'ETag': 'W/"488-yakCFLpBMfHI0OrqD2h4J+u4EQU"', 'Vary': 'Accept-Encoding', 'Content-Encoding': 'gzip', 'CF-Cache-Status': 'DYNAMIC', 'Report-To': '{"endpoints":[{"url":"https:\\/\\/a.nel.cloudflare.com\\/report\\/v4?s=%2Ber%2BOS1zRUd5bsJjwF%2B2%2BkXe23zjM6nBiWeJznzrWOeGHB8r5W3C4be7Kw24sFDFS4DJBAl2dyttlnmwGDOdPtMm77yW3NKEPhpmT69X8eeP3sGZhnFxgYrqe6%2B9PgBJ"}],"group":"cf-nel","max_age":604800}', 'NEL': '{"success_fraction":0,"report_to":"cf-nel","max_age":604800}', 'Server': 'cloudflare', 'CF-RAY': '8690681d7c755908-IAD', 'alt-svc': 'h3=":443"; ma=86400'} 
 body={"results":[{"gender":"male","name":{"title":"Mr","first":"Vishata","last":"Sulyatickiy"},"location":{"street":{"number":8722,"name":"2-y provulok Druzhbi"},"city":"Sumi","state":"Avtonomna Respublika Krim","country":"Ukraine","postcode":56497,"coordinates":{"latitude":"76.3877","longitude":"-81.2362"},"timezone":{"offset":"-10:00","description":"Hawaii"}},"email":"vishata.sulyatickiy@example.com","login":{"uuid":"2d1d5d08-1e2c-4577-bbee-c025996588ec","username":"tinytiger827","password":"quantum","salt":"e3kWtDEQ","md5":"37283af2d5d5a4639e7392f971987d66","sha1":"8f995de0793303b096c0397fb82ad5d103d29b01","sha256":"3a4bc8a606e5b781f5d1f7a3d9441b043b69f65311581861a5ef44a92baf5075"},"dob":{"date":"1944-12-11T21:38:32.774Z","age":79},"registered":{"date":"2005-04-10T17:20:13.906Z","age":18},"phone":"(097) P43-5597","cell":"(098) E30-8737","id":{"name":"","value":null},"picture":{"large":"https://randomuser.me/api/portraits/men/35.jpg","medium":"https://randomuser.me/api/portraits/med/men/35.jpg","thumbnail":"https://randomuser.me/api/portraits/thumb/men/35.jpg"},"nat":"UA"}],"info":{"seed":"6ade8d548f2e0c68","results":1,"page":1,"version":"1.4"}} 
 </msg>
<msg time="2024-03-23T18:15:25.124461" level="INFO">/opt/hostedtoolcache/Python/3.12.2/x64/lib/python3.12/site-packages/urllib3/connectionpool.py:1103: InsecureRequestWarning: Unverified HTTPS request is being made to host 'randomuser.me'. Adding certificate verification is strongly advised. See: https://urllib3.readthedocs.io/en/latest/advanced-usage.html#tls-warnings
  warnings.warn(</msg>
<msg time="2024-03-23T18:15:25.124582" level="INFO">${response} = &lt;Response [200]&gt;</msg>
<var>${response}</var>
<arg>consultarAPI</arg>
<arg>/api</arg>
<doc>Sends a GET request on a previously created HTTP Session.</doc>
<status status="PASS" start="2024-03-23T18:15:25.034386" elapsed="0.090239"/>
</kw>
<kw name="Set Variable" owner="BuiltIn">
<msg time="2024-03-23T18:15:25.125646" level="INFO">${json_data} = {'results': [{'gender': 'male', 'name': {'title': 'Mr', 'first': 'Vishata', 'last': 'Sulyatickiy'}, 'location': {'street': {'number': 8722, 'name': '2-y provulok Druzhbi'}, 'city': 'Sumi', 'state': 'A...</msg>
<var>${json_data}</var>
<arg>${response.json()}</arg>
<doc>Returns the given values which can then be assigned to a variables.</doc>
<status status="PASS" start="2024-03-23T18:15:25.125127" elapsed="0.000548"/>
</kw>
<kw name="Log" owner="BuiltIn">
<msg time="2024-03-23T18:15:25.126203" level="INFO">{'results': [{'gender': 'male', 'name': {'title': 'Mr', 'first': 'Vishata', 'last': 'Sulyatickiy'}, 'location': {'street': {'number': 8722, 'name': '2-y provulok Druzhbi'}, 'city': 'Sumi', 'state': 'Avtonomna Respublika Krim', 'country': 'Ukraine', 'postcode': 56497, 'coordinates': {'latitude': '76.3877', 'longitude': '-81.2362'}, 'timezone': {'offset': '-10:00', 'description': 'Hawaii'}}, 'email': 'vishata.sulyatickiy@example.com', 'login': {'uuid': '2d1d5d08-1e2c-4577-bbee-c025996588ec', 'username': 'tinytiger827', 'password': 'quantum', 'salt': 'e3kWtDEQ', 'md5': '37283af2d5d5a4639e7392f971987d66', 'sha1': '8f995de0793303b096c0397fb82ad5d103d29b01', 'sha256': '3a4bc8a606e5b781f5d1f7a3d9441b043b69f65311581861a5ef44a92baf5075'}, 'dob': {'date': '1944-12-11T21:38:32.774Z', 'age': 79}, 'registered': {'date': '2005-04-10T17:20:13.906Z', 'age': 18}, 'phone': '(097) P43-5597', 'cell': '(098) E30-8737', 'id': {'name': '', 'value': None}, 'picture': {'large': 'https://randomuser.me/api/portraits/men/35.jpg', 'medium': 'https://randomuser.me/api/portraits/med/men/35.jpg', 'thumbnail': 'https://randomuser.me/api/portraits/thumb/men/35.jpg'}, 'nat': 'UA'}], 'info': {'seed': '6ade8d548f2e0c68', 'results': 1, 'page': 1, 'version': '1.4'}}</msg>
<arg>${json_data}</arg>
<doc>Logs the given message with the given level.</doc>
<status status="PASS" start="2024-03-23T18:15:25.126021" elapsed="0.000232"/>
</kw>
<kw name="Dictionary Should Contain Key" owner="Collections">
<msg time="2024-03-23T18:15:25.126727" level="INFO">False</msg>
<arg>${json_data}</arg>
<arg>results</arg>
<doc>Fails if ``key`` is not found from ``dictionary``.</doc>
<status status="PASS" start="2024-03-23T18:15:25.126562" elapsed="0.000204"/>
</kw>
<kw name="Should Not Be Empty" owner="BuiltIn">
<msg time="2024-03-23T18:15:25.127206" level="INFO">Length is 2.</msg>
<arg>${json_data}</arg>
<doc>Verifies that the given item is not empty.</doc>
<status status="PASS" start="2024-03-23T18:15:25.127069" elapsed="0.000177"/>
</kw>
<kw name="Create List" owner="BuiltIn">
<msg time="2024-03-23T18:15:25.127700" level="INFO">${expected_keys} = ['gender', 'name', 'location', 'email', 'login']</msg>
<var>${expected_keys}</var>
<arg>gender</arg>
<arg>name</arg>
<arg>location</arg>
<arg>email</arg>
<arg>login</arg>
<doc>Returns a list containing given items.</doc>
<status status="PASS" start="2024-03-23T18:15:25.127545" elapsed="0.000180"/>
</kw>
<for flavor="IN">
<iter>
<kw name="Dictionary Should Contain Key" owner="Collections">
<msg time="2024-03-23T18:15:25.128744" level="INFO">False</msg>
<arg>${json_data['results'][0]}</arg>
<arg>${key}</arg>
<doc>Fails if ``key`` is not found from ``dictionary``.</doc>
<status status="PASS" start="2024-03-23T18:15:25.128324" elapsed="0.000461"/>
</kw>
<kw name="Log" owner="BuiltIn">
<msg time="2024-03-23T18:15:25.129567" level="INFO">{'gender': 'male', 'name': {'title': 'Mr', 'first': 'Vishata', 'last': 'Sulyatickiy'}, 'location': {'street': {'number': 8722, 'name': '2-y provulok Druzhbi'}, 'city': 'Sumi', 'state': 'Avtonomna Respublika Krim', 'country': 'Ukraine', 'postcode': 56497, 'coordinates': {'latitude': '76.3877', 'longitude': '-81.2362'}, 'timezone': {'offset': '-10:00', 'description': 'Hawaii'}}, 'email': 'vishata.sulyatickiy@example.com', 'login': {'uuid': '2d1d5d08-1e2c-4577-bbee-c025996588ec', 'username': 'tinytiger827', 'password': 'quantum', 'salt': 'e3kWtDEQ', 'md5': '37283af2d5d5a4639e7392f971987d66', 'sha1': '8f995de0793303b096c0397fb82ad5d103d29b01', 'sha256': '3a4bc8a606e5b781f5d1f7a3d9441b043b69f65311581861a5ef44a92baf5075'}, 'dob': {'date': '1944-12-11T21:38:32.774Z', 'age': 79}, 'registered': {'date': '2005-04-10T17:20:13.906Z', 'age': 18}, 'phone': '(097) P43-5597', 'cell': '(098) E30-8737', 'id': {'name': '', 'value': None}, 'picture': {'large': 'https://randomuser.me/api/portraits/men/35.jpg', 'medium': 'https://randomuser.me/api/portraits/med/men/35.jpg', 'thumbnail': 'https://randomuser.me/api/portraits/thumb/men/35.jpg'}, 'nat': 'UA'}</msg>
<arg>${json_data['results'][0]}</arg>
<doc>Logs the given message with the given level.</doc>
<status status="PASS" start="2024-03-23T18:15:25.129176" elapsed="0.000446"/>
</kw>
<kw name="Log" owner="BuiltIn">
<msg time="2024-03-23T18:15:25.130072" level="INFO">gender</msg>
<arg>${key}</arg>
<doc>Logs the given message with the given level.</doc>
<status status="PASS" start="2024-03-23T18:15:25.129929" elapsed="0.000183"/>
</kw>
<var name="${key}">gender</var>
<status status="PASS" start="2024-03-23T18:15:25.128196" elapsed="0.002143"/>
</iter>
<iter>
<kw name="Dictionary Should Contain Key" owner="Collections">
<msg time="2024-03-23T18:15:25.131047" level="INFO">False</msg>
<arg>${json_data['results'][0]}</arg>
<arg>${key}</arg>
<doc>Fails if ``key`` is not found from ``dictionary``.</doc>
<status status="PASS" start="2024-03-23T18:15:25.130657" elapsed="0.000427"/>
</kw>
<kw name="Log" owner="BuiltIn">
<msg time="2024-03-23T18:15:25.131781" level="INFO">{'gender': 'male', 'name': {'title': 'Mr', 'first': 'Vishata', 'last': 'Sulyatickiy'}, 'location': {'street': {'number': 8722, 'name': '2-y provulok Druzhbi'}, 'city': 'Sumi', 'state': 'Avtonomna Respublika Krim', 'country': 'Ukraine', 'postcode': 56497, 'coordinates': {'latitude': '76.3877', 'longitude': '-81.2362'}, 'timezone': {'offset': '-10:00', 'description': 'Hawaii'}}, 'email': 'vishata.sulyatickiy@example.com', 'login': {'uuid': '2d1d5d08-1e2c-4577-bbee-c025996588ec', 'username': 'tinytiger827', 'password': 'quantum', 'salt': 'e3kWtDEQ', 'md5': '37283af2d5d5a4639e7392f971987d66', 'sha1': '8f995de0793303b096c0397fb82ad5d103d29b01', 'sha256': '3a4bc8a606e5b781f5d1f7a3d9441b043b69f65311581861a5ef44a92baf5075'}, 'dob': {'date': '1944-12-11T21:38:32.774Z', 'age': 79}, 'registered': {'date': '2005-04-10T17:20:13.906Z', 'age': 18}, 'phone': '(097) P43-5597', 'cell': '(098) E30-8737', 'id': {'name': '', 'value': None}, 'picture': {'large': 'https://randomuser.me/api/portraits/men/35.jpg', 'medium': 'https://randomuser.me/api/portraits/med/men/35.jpg', 'thumbnail': 'https://randomuser.me/api/portraits/thumb/men/35.jpg'}, 'nat': 'UA'}</msg>
<arg>${json_data['results'][0]}</arg>
<doc>Logs the given message with the given level.</doc>
<status status="PASS" start="2024-03-23T18:15:25.131417" elapsed="0.000413"/>
</kw>
<kw name="Log" owner="BuiltIn">
<msg time="2024-03-23T18:15:25.132261" level="INFO">name</msg>
<arg>${key}</arg>
<doc>Logs the given message with the given level.</doc>
<status status="PASS" start="2024-03-23T18:15:25.132132" elapsed="0.000167"/>
</kw>
<var name="${key}">name</var>
<status status="PASS" start="2024-03-23T18:15:25.130538" elapsed="0.001982"/>
</iter>
<iter>
<kw name="Dictionary Should Contain Key" owner="Collections">
<msg time="2024-03-23T18:15:25.133258" level="INFO">False</msg>
<arg>${json_data['results'][0]}</arg>
<arg>${key}</arg>
<doc>Fails if ``key`` is not found from ``dictionary``.</doc>
<status status="PASS" start="2024-03-23T18:15:25.132826" elapsed="0.000471"/>
</kw>
<kw name="Log" owner="BuiltIn">
<msg time="2024-03-23T18:15:25.133972" level="INFO">{'gender': 'male', 'name': {'title': 'Mr', 'first': 'Vishata', 'last': 'Sulyatickiy'}, 'location': {'street': {'number': 8722, 'name': '2-y provulok Druzhbi'}, 'city': 'Sumi', 'state': 'Avtonomna Respublika Krim', 'country': 'Ukraine', 'postcode': 56497, 'coordinates': {'latitude': '76.3877', 'longitude': '-81.2362'}, 'timezone': {'offset': '-10:00', 'description': 'Hawaii'}}, 'email': 'vishata.sulyatickiy@example.com', 'login': {'uuid': '2d1d5d08-1e2c-4577-bbee-c025996588ec', 'username': 'tinytiger827', 'password': 'quantum', 'salt': 'e3kWtDEQ', 'md5': '37283af2d5d5a4639e7392f971987d66', 'sha1': '8f995de0793303b096c0397fb82ad5d103d29b01', 'sha256': '3a4bc8a606e5b781f5d1f7a3d9441b043b69f65311581861a5ef44a92baf5075'}, 'dob': {'date': '1944-12-11T21:38:32.774Z', 'age': 79}, 'registered': {'date': '2005-04-10T17:20:13.906Z', 'age': 18}, 'phone': '(097) P43-5597', 'cell': '(098) E30-8737', 'id': {'name': '', 'value': None}, 'picture': {'large': 'https://randomuser.me/api/portraits/men/35.jpg', 'medium': 'https://randomuser.me/api/portraits/med/men/35.jpg', 'thumbnail': 'https://randomuser.me/api/portraits/thumb/men/35.jpg'}, 'nat': 'UA'}</msg>
<arg>${json_data['results'][0]}</arg>
<doc>Logs the given message with the given level.</doc>
<status status="PASS" start="2024-03-23T18:15:25.133604" elapsed="0.000419"/>
</kw>
<kw name="Log" owner="BuiltIn">
<msg time="2024-03-23T18:15:25.134450" level="INFO">location</msg>
<arg>${key}</arg>
<doc>Logs the given message with the given level.</doc>
<status status="PASS" start="2024-03-23T18:15:25.134321" elapsed="0.000169"/>
</kw>
<var name="${key}">location</var>
<status status="PASS" start="2024-03-23T18:15:25.132707" elapsed="0.002001"/>
</iter>
<iter>
<kw name="Dictionary Should Contain Key" owner="Collections">
<msg time="2024-03-23T18:15:25.135372" level="INFO">False</msg>
<arg>${json_data['results'][0]}</arg>
<arg>${key}</arg>
<doc>Fails if ``key`` is not found from ``dictionary``.</doc>
<status status="PASS" start="2024-03-23T18:15:25.134992" elapsed="0.000417"/>
</kw>
<kw name="Log" owner="BuiltIn">
<msg time="2024-03-23T18:15:25.136073" level="INFO">{'gender': 'male', 'name': {'title': 'Mr', 'first': 'Vishata', 'last': 'Sulyatickiy'}, 'location': {'street': {'number': 8722, 'name': '2-y provulok Druzhbi'}, 'city': 'Sumi', 'state': 'Avtonomna Respublika Krim', 'country': 'Ukraine', 'postcode': 56497, 'coordinates': {'latitude': '76.3877', 'longitude': '-81.2362'}, 'timezone': {'offset': '-10:00', 'description': 'Hawaii'}}, 'email': 'vishata.sulyatickiy@example.com', 'login': {'uuid': '2d1d5d08-1e2c-4577-bbee-c025996588ec', 'username': 'tinytiger827', 'password': 'quantum', 'salt': 'e3kWtDEQ', 'md5': '37283af2d5d5a4639e7392f971987d66', 'sha1': '8f995de0793303b096c0397fb82ad5d103d29b01', 'sha256': '3a4bc8a606e5b781f5d1f7a3d9441b043b69f65311581861a5ef44a92baf5075'}, 'dob': {'date': '1944-12-11T21:38:32.774Z', 'age': 79}, 'registered': {'date': '2005-04-10T17:20:13.906Z', 'age': 18}, 'phone': '(097) P43-5597', 'cell': '(098) E30-8737', 'id': {'name': '', 'value': None}, 'picture': {'large': 'https://randomuser.me/api/portraits/men/35.jpg', 'medium': 'https://randomuser.me/api/portraits/med/men/35.jpg', 'thumbnail': 'https://randomuser.me/api/portraits/thumb/men/35.jpg'}, 'nat': 'UA'}</msg>
<arg>${json_data['results'][0]}</arg>
<doc>Logs the given message with the given level.</doc>
<status status="PASS" start="2024-03-23T18:15:25.135720" elapsed="0.000401"/>
</kw>
<kw name="Log" owner="BuiltIn">
<msg time="2024-03-23T18:15:25.136540" level="INFO">email</msg>
<arg>${key}</arg>
<doc>Logs the given message with the given level.</doc>
<status status="PASS" start="2024-03-23T18:15:25.136413" elapsed="0.000165"/>
</kw>
<var name="${key}">email</var>
<status status="PASS" start="2024-03-23T18:15:25.134882" elapsed="0.001910"/>
</iter>
<iter>
<kw name="Dictionary Should Contain Key" owner="Collections">
<msg time="2024-03-23T18:15:25.137509" level="INFO">False</msg>
<arg>${json_data['results'][0]}</arg>
<arg>${key}</arg>
<doc>Fails if ``key`` is not found from ``dictionary``.</doc>
<status status="PASS" start="2024-03-23T18:15:25.137112" elapsed="0.000434"/>
</kw>
<kw name="Log" owner="BuiltIn">
<msg time="2024-03-23T18:15:25.138206" level="INFO">{'gender': 'male', 'name': {'title': 'Mr', 'first': 'Vishata', 'last': 'Sulyatickiy'}, 'location': {'street': {'number': 8722, 'name': '2-y provulok Druzhbi'}, 'city': 'Sumi', 'state': 'Avtonomna Respublika Krim', 'country': 'Ukraine', 'postcode': 56497, 'coordinates': {'latitude': '76.3877', 'longitude': '-81.2362'}, 'timezone': {'offset': '-10:00', 'description': 'Hawaii'}}, 'email': 'vishata.sulyatickiy@example.com', 'login': {'uuid': '2d1d5d08-1e2c-4577-bbee-c025996588ec', 'username': 'tinytiger827', 'password': 'quantum', 'salt': 'e3kWtDEQ', 'md5': '37283af2d5d5a4639e7392f971987d66', 'sha1': '8f995de0793303b096c0397fb82ad5d103d29b01', 'sha256': '3a4bc8a606e5b781f5d1f7a3d9441b043b69f65311581861a5ef44a92baf5075'}, 'dob': {'date': '1944-12-11T21:38:32.774Z', 'age': 79}, 'registered': {'date': '2005-04-10T17:20:13.906Z', 'age': 18}, 'phone': '(097) P43-5597', 'cell': '(098) E30-8737', 'id': {'name': '', 'value': None}, 'picture': {'large': 'https://randomuser.me/api/portraits/men/35.jpg', 'medium': 'https://randomuser.me/api/portraits/med/men/35.jpg', 'thumbnail': 'https://randomuser.me/api/portraits/thumb/men/35.jpg'}, 'nat': 'UA'}</msg>
<arg>${json_data['results'][0]}</arg>
<doc>Logs the given message with the given level.</doc>
<status status="PASS" start="2024-03-23T18:15:25.137850" elapsed="0.000402"/>
</kw>
<kw name="Log" owner="BuiltIn">
<msg time="2024-03-23T18:15:25.138685" level="INFO">login</msg>
<arg>${key}</arg>
<doc>Logs the given message with the given level.</doc>
<status status="PASS" start="2024-03-23T18:15:25.138556" elapsed="0.000280"/>
</kw>
<var name="${key}">login</var>
<status status="PASS" start="2024-03-23T18:15:25.136968" elapsed="0.002120"/>
</iter>
<var>${key}</var>
<value>@{expected_keys}</value>
<status status="PASS" start="2024-03-23T18:15:25.127995" elapsed="0.011227"/>
</for>
<kw name="Create List" owner="BuiltIn">
<msg time="2024-03-23T18:15:25.139558" level="INFO">${expected_keysTwo} = ['username', 'password']</msg>
<var>${expected_keysTwo}</var>
<arg>username</arg>
<arg>password</arg>
<doc>Returns a list containing given items.</doc>
<status status="PASS" start="2024-03-23T18:15:25.139419" elapsed="0.000164"/>
</kw>
<for flavor="IN">
<iter>
<kw name="Dictionary Should Contain Key" owner="Collections">
<msg time="2024-03-23T18:15:25.140473" level="INFO">False</msg>
<arg>${json_data['results'][0]['login']}</arg>
<arg>${keyTwo}</arg>
<doc>Fails if ``key`` is not found from ``dictionary``.</doc>
<status status="PASS" start="2024-03-23T18:15:25.140090" elapsed="0.000422"/>
</kw>
<kw name="Dictionary Should Contain Key" owner="Collections">
<msg time="2024-03-23T18:15:25.141212" level="INFO">False</msg>
<arg>${json_data['results'][0]['login']}</arg>
<arg>${keyTwo}</arg>
<doc>Fails if ``key`` is not found from ``dictionary``.</doc>
<status status="PASS" start="2024-03-23T18:15:25.140809" elapsed="0.000448"/>
</kw>
<kw name="Log" owner="BuiltIn">
<msg time="2024-03-23T18:15:25.141684" level="INFO">username</msg>
<arg>${keyTwo}</arg>
<doc>Logs the given message with the given level.</doc>
<status status="PASS" start="2024-03-23T18:15:25.141555" elapsed="0.000167"/>
</kw>
<var name="${keyTwo}">username</var>
<status status="PASS" start="2024-03-23T18:15:25.139979" elapsed="0.001962"/>
</iter>
<iter>
<kw name="Dictionary Should Contain Key" owner="Collections">
<msg time="2024-03-23T18:15:25.142600" level="INFO">False</msg>
<arg>${json_data['results'][0]['login']}</arg>
<arg>${keyTwo}</arg>
<doc>Fails if ``key`` is not found from ``dictionary``.</doc>
<status status="PASS" start="2024-03-23T18:15:25.142225" elapsed="0.000413"/>
</kw>
<kw name="Dictionary Should Contain Key" owner="Collections">
<msg time="2024-03-23T18:15:25.143315" level="INFO">False</msg>
<arg>${json_data['results'][0]['login']}</arg>
<arg>${keyTwo}</arg>
<doc>Fails if ``key`` is not found from ``dictionary``.</doc>
<status status="PASS" start="2024-03-23T18:15:25.142936" elapsed="0.000416"/>
</kw>
<kw name="Log" owner="BuiltIn">
<msg time="2024-03-23T18:15:25.143774" level="INFO">password</msg>
<arg>${keyTwo}</arg>
<doc>Logs the given message with the given level.</doc>
<status status="PASS" start="2024-03-23T18:15:25.143644" elapsed="0.000169"/>
</kw>
<var name="${keyTwo}">password</var>
<status status="PASS" start="2024-03-23T18:15:25.142116" elapsed="0.001914"/>
</iter>
<var>${keyTwo}</var>
<value>@{expected_keysTwo}</value>
<status status="PASS" start="2024-03-23T18:15:25.139823" elapsed="0.004333"/>
</for>
<status status="PASS" start="2024-03-23T18:15:25.034141" elapsed="0.110163"/>
</kw>
<doc>Testa a estrutura da resposta da API.</doc>
<tag>testeEstruturaResposta</tag>
<status status="PASS" start="2024-03-23T18:15:25.033346" elapsed="0.111124"/>
</test>
<test id="s1-s1-t4" name="Validar tipos de dados" line="28">
<kw name="Teste de Tipos de Dados" owner="random-user-service">
<kw name="GET On Session" owner="RequestsLibrary">
<msg time="2024-03-23T18:15:25.226006" level="INFO">GET Request : url=https://randomuser.me/api 
 path_url=/api 
 headers={'User-Agent': 'python-requests/2.31.0', 'Accept-Encoding': 'gzip, deflate', 'Accept': '*/*', 'Connection': 'keep-alive'} 
 body=None 
 </msg>
<msg time="2024-03-23T18:15:25.226092" level="INFO">GET Response : url=https://randomuser.me/api 
 status=200, reason=OK 
 headers={'Date': 'Sat, 23 Mar 2024 18:15:25 GMT', 'Content-Type': 'application/json; charset=utf-8', 'Transfer-Encoding': 'chunked', 'Connection': 'keep-alive', 'X-Powered-By': 'Express', 'Access-Control-Allow-Origin': '*', 'Cache-Control': 'no-cache', 'ETag': 'W/"488-YdwhV3ps87QL7Mr+cjY/z17tCJI"', 'Vary': 'Accept-Encoding', 'Content-Encoding': 'gzip', 'CF-Cache-Status': 'DYNAMIC', 'Report-To': '{"endpoints":[{"url":"https:\\/\\/a.nel.cloudflare.com\\/report\\/v4?s=aMeguUjb3OAileORmIpJMhQqcTApuOe3mxJ5bpwSTy19pZDETV3PaG%2FsDKhVMo7FytZ9nvt63JbvBIezbZUnHyXI6nMe10ktCf9YiNdZo3iN2Wud%2Br7Vxyrgwvbp%2FQnI"}],"group":"cf-nel","max_age":604800}', 'NEL': '{"success_fraction":0,"report_to":"cf-nel","max_age":604800}', 'Server': 'cloudflare', 'CF-RAY': '8690681e3ce35908-IAD', 'alt-svc': 'h3=":443"; ma=86400'} 
 body={"results":[{"gender":"female","name":{"title":"Mrs","first":"Ayşe","last":"Yıldırım"},"location":{"street":{"number":3361,"name":"Abanoz Sk"},"city":"Kırklareli","state":"Kırşehir","country":"Turkey","postcode":64787,"coordinates":{"latitude":"71.2602","longitude":"103.4185"},"timezone":{"offset":"-7:00","description":"Mountain Time (US &amp; Canada)"}},"email":"ayse.yildirim@example.com","login":{"uuid":"0e525677-9902-428d-b9f5-bf7aca7d439e","username":"greenpeacock974","password":"zong","salt":"JalkFZ9M","md5":"82338e6dccb7ac1c4ebf78e0dee75d7d","sha1":"bc3b486fa61495e93e6d62969e4fcf1498aedb89","sha256":"648102570e5b37b4ec98d61cb369dd5265f0e80f121d12e101c6b8aafcca356f"},"dob":{"date":"1971-11-19T19:53:36.090Z","age":52},"registered":{"date":"2015-10-03T03:12:30.818Z","age":8},"phone":"(648)-226-9911","cell":"(803)-522-4777","id":{"name":"","value":null},"picture":{"large":"https://randomuser.me/api/portraits/women/73.jpg","medium":"https://randomuser.me/api/portraits/med/women/73.jpg","thumbnail":"https://randomuser.me/api/portraits/thumb/women/73.jpg"},"nat":"TR"}],"info":{"seed":"ccf03109fd295820","results":1,"page":1,"version":"1.4"}} 
 </msg>
<msg time="2024-03-23T18:15:25.226169" level="INFO">/opt/hostedtoolcache/Python/3.12.2/x64/lib/python3.12/site-packages/urllib3/connectionpool.py:1103: InsecureRequestWarning: Unverified HTTPS request is being made to host 'randomuser.me'. Adding certificate verification is strongly advised. See: https://urllib3.readthedocs.io/en/latest/advanced-usage.html#tls-warnings
  warnings.warn(</msg>
<msg time="2024-03-23T18:15:25.226287" level="INFO">${response} = &lt;Response [200]&gt;</msg>
<var>${response}</var>
<arg>consultarAPI</arg>
<arg>/api</arg>
<doc>Sends a GET request on a previously created HTTP Session.</doc>
<status status="PASS" start="2024-03-23T18:15:25.147101" elapsed="0.079236"/>
</kw>
<kw name="Set Variable" owner="BuiltIn">
<msg time="2024-03-23T18:15:25.227479" level="INFO">${json_data} = {'results': [{'gender': 'female', 'name': {'title': 'Mrs', 'first': 'Ayşe', 'last': 'Yıldırım'}, 'location': {'street': {'number': 3361, 'name': 'Abanoz Sk'}, 'city': 'Kırklareli', 'state': 'Kırşehir'...</msg>
<var>${json_data}</var>
<arg>${response.json()}</arg>
<doc>Returns the given values which can then be assigned to a variables.</doc>
<status status="PASS" start="2024-03-23T18:15:25.226904" elapsed="0.000606"/>
</kw>
<kw name="Log" owner="BuiltIn">
<msg time="2024-03-23T18:15:25.227995" level="INFO">{'results': [{'gender': 'female', 'name': {'title': 'Mrs', 'first': 'Ayşe', 'last': 'Yıldırım'}, 'location': {'street': {'number': 3361, 'name': 'Abanoz Sk'}, 'city': 'Kırklareli', 'state': 'Kırşehir', 'country': 'Turkey', 'postcode': 64787, 'coordinates': {'latitude': '71.2602', 'longitude': '103.4185'}, 'timezone': {'offset': '-7:00', 'description': 'Mountain Time (US &amp; Canada)'}}, 'email': 'ayse.yildirim@example.com', 'login': {'uuid': '0e525677-9902-428d-b9f5-bf7aca7d439e', 'username': 'greenpeacock974', 'password': 'zong', 'salt': 'JalkFZ9M', 'md5': '82338e6dccb7ac1c4ebf78e0dee75d7d', 'sha1': 'bc3b486fa61495e93e6d62969e4fcf1498aedb89', 'sha256': '648102570e5b37b4ec98d61cb369dd5265f0e80f121d12e101c6b8aafcca356f'}, 'dob': {'date': '1971-11-19T19:53:36.090Z', 'age': 52}, 'registered': {'date': '2015-10-03T03:12:30.818Z', 'age': 8}, 'phone': '(648)-226-9911', 'cell': '(803)-522-4777', 'id': {'name': '', 'value': None}, 'picture': {'large': 'https://randomuser.me/api/portraits/women/73.jpg', 'medium': 'https://randomuser.me/api/portraits/med/women/73.jpg', 'thumbnail': 'https://randomuser.me/api/portraits/thumb/women/73.jpg'}, 'nat': 'TR'}], 'info': {'seed': 'ccf03109fd295820', 'results': 1, 'page': 1, 'version': '1.4'}}</msg>
<arg>${json_data}</arg>
<doc>Logs the given message with the given level.</doc>
<status status="PASS" start="2024-03-23T18:15:25.227834" elapsed="0.000252"/>
</kw>
<kw name="Should Be String" owner="String">
<arg>${json_data['results'][0]['gender']}</arg>
<doc>Fails if the given ``item`` is not a string.</doc>
<status status="PASS" start="2024-03-23T18:15:25.228400" elapsed="0.000369"/>
</kw>
<kw name="Should Match Regexp" owner="BuiltIn">
<arg>${json_data['results'][0]['email']}</arg>
<arg>^[a-zA-Z0-9._%+-]+@[a-zA-Z0-9.-]+\.[a-zA-Z]{2,}$</arg>
<doc>Fails if ``string`` does not match ``pattern`` as a regular expression.</doc>
<status status="PASS" start="2024-03-23T18:15:25.228962" elapsed="0.000558"/>
</kw>
<kw name="Should Match Regexp" owner="BuiltIn">
<arg>${json_data['results'][0]['dob']['date']}</arg>
<arg>\\d{4}-\\d{2}-\\d{2}T\\d{2}:\\d{2}:\\d{2}\\.\\d{3}Z</arg>
<doc>Fails if ``string`` does not match ``pattern`` as a regular expression.</doc>
<status status="PASS" start="2024-03-23T18:15:25.229722" elapsed="0.000498"/>
</kw>
<kw name="Should Match Regexp" owner="BuiltIn">
<arg>${json_data['results'][0]['registered']['date']}</arg>
<arg>\\d{4}-\\d{2}-\\d{2}T\\d{2}:\\d{2}:\\d{2}\\.\\d{3}Z</arg>
<doc>Fails if ``string`` does not match ``pattern`` as a regular expression.</doc>
<status status="PASS" start="2024-03-23T18:15:25.230417" elapsed="0.000368"/>
</kw>
<kw name="Should Match Regexp" owner="BuiltIn">
<arg>${json_data['results'][0]['picture']['large']}</arg>
<arg>^https?://.*\.(?:png|jpe?g|gif|bmp)$</arg>
<doc>Fails if ``string`` does not match ``pattern`` as a regular expression.</doc>
<status status="PASS" start="2024-03-23T18:15:25.230973" elapsed="0.000460"/>
</kw>
<kw name="Should Match Regexp" owner="BuiltIn">
<arg>${json_data['results'][0]['picture']['medium']}</arg>
<arg>^https?://.*\.(?:png|jpe?g|gif|bmp)$</arg>
<doc>Fails if ``string`` does not match ``pattern`` as a regular expression.</doc>
<status status="PASS" start="2024-03-23T18:15:25.231623" elapsed="0.000357"/>
</kw>
<kw name="Should Match Regexp" owner="BuiltIn">
<arg>${json_data['results'][0]['picture']['thumbnail']}</arg>
<arg>^https?://.*\.(?:png|jpe?g|gif|bmp)$</arg>
<doc>Fails if ``string`` does not match ``pattern`` as a regular expression.</doc>
<status status="PASS" start="2024-03-23T18:15:25.232166" elapsed="0.000352"/>
</kw>
<kw name="Log" owner="BuiltIn">
<msg time="2024-03-23T18:15:25.233020" level="INFO">{'large': 'https://randomuser.me/api/portraits/women/73.jpg', 'medium': 'https://randomuser.me/api/portraits/med/women/73.jpg', 'thumbnail': 'https://randomuser.me/api/portraits/thumb/women/73.jpg'}</msg>
<arg>${json_data['results'][0]['picture']}</arg>
<doc>Logs the given message with the given level.</doc>
<status status="PASS" start="2024-03-23T18:15:25.232697" elapsed="0.000369"/>
</kw>
<status status="PASS" start="2024-03-23T18:15:25.146865" elapsed="0.086487"/>
</kw>
<kw name="Teste de Tipos de Dados - Postcode" owner="random-user-service">
<kw name="GET On Session" owner="RequestsLibrary">
<msg time="2024-03-23T18:15:25.323831" level="INFO">GET Request : url=https://randomuser.me/api 
 path_url=/api 
 headers={'User-Agent': 'python-requests/2.31.0', 'Accept-Encoding': 'gzip, deflate', 'Accept': '*/*', 'Connection': 'keep-alive'} 
 body=None 
 </msg>
<msg time="2024-03-23T18:15:25.323928" level="INFO">GET Response : url=https://randomuser.me/api 
 status=200, reason=OK 
 headers={'Date': 'Sat, 23 Mar 2024 18:15:25 GMT', 'Content-Type': 'application/json; charset=utf-8', 'Transfer-Encoding': 'chunked', 'Connection': 'keep-alive', 'X-Powered-By': 'Express', 'Access-Control-Allow-Origin': '*', 'Cache-Control': 'no-cache', 'ETag': 'W/"4a8-iA5TRX5E1iAk2t2q0KWqZfnZxIA"', 'Vary': 'Accept-Encoding', 'Content-Encoding': 'gzip', 'CF-Cache-Status': 'DYNAMIC', 'Report-To': '{"endpoints":[{"url":"https:\\/\\/a.nel.cloudflare.com\\/report\\/v4?s=gg4MikW8s53SYxLLeypy1SaeVpoHjscB5IhNdOd%2FqBgsN9%2BSIqG8rfHpRurVKjUFOhOlgq1P2fda8WV6BpqT3koPoggAg%2FSmyH3lD8GOmQJ6Exc09XeV%2BItmJt1DgGMq"}],"group":"cf-nel","max_age":604800}', 'NEL': '{"success_fraction":0,"report_to":"cf-nel","max_age":604800}', 'Server': 'cloudflare', 'CF-RAY': '8690681ebd485908-IAD', 'alt-svc': 'h3=":443"; ma=86400'} 
 body={"results":[{"gender":"female","name":{"title":"Mrs","first":"Ada","last":"da Cruz"},"location":{"street":{"number":2467,"name":"Rua Paraná "},"city":"Ribeirão das Neves","state":"Paraná","country":"Brazil","postcode":55600,"coordinates":{"latitude":"-77.8142","longitude":"119.5024"},"timezone":{"offset":"+5:00","description":"Ekaterinburg, Islamabad, Karachi, Tashkent"}},"email":"ada.dacruz@example.com","login":{"uuid":"03aa37b8-8aa8-47f5-b33c-175153fc0871","username":"silvercat514","password":"chipmunk","salt":"PMFE0wmm","md5":"57acdc7698f9d9c10423edf093aefef2","sha1":"a10c440e629d1d21f3995575d9e2fadeb1a3bd54","sha256":"f3b411374c86dd41da9987de575eedd6556319e01eef8434de0b788fbe4ee9c0"},"dob":{"date":"1964-05-28T04:13:09.263Z","age":59},"registered":{"date":"2003-07-18T00:05:23.917Z","age":20},"phone":"(29) 7054-0607","cell":"(66) 6637-0449","id":{"name":"CPF","value":"404.983.155-04"},"picture":{"large":"https://randomuser.me/api/portraits/women/34.jpg","medium":"https://randomuser.me/api/portraits/med/women/34.jpg","thumbnail":"https://randomuser.me/api/portraits/thumb/women/34.jpg"},"nat":"BR"}],"info":{"seed":"0f076cb55656b5a8","results":1,"page":1,"version":"1.4"}} 
 </msg>
<msg time="2024-03-23T18:15:25.324012" level="INFO">/opt/hostedtoolcache/Python/3.12.2/x64/lib/python3.12/site-packages/urllib3/connectionpool.py:1103: InsecureRequestWarning: Unverified HTTPS request is being made to host 'randomuser.me'. Adding certificate verification is strongly advised. See: https://urllib3.readthedocs.io/en/latest/advanced-usage.html#tls-warnings
  warnings.warn(</msg>
<msg time="2024-03-23T18:15:25.324120" level="INFO">${response} = &lt;Response [200]&gt;</msg>
<var>${response}</var>
<arg>consultarAPI</arg>
<arg>/api</arg>
<doc>Sends a GET request on a previously created HTTP Session.</doc>
<status status="PASS" start="2024-03-23T18:15:25.233936" elapsed="0.090226"/>
</kw>
<kw name="Set Variable" owner="BuiltIn">
<msg time="2024-03-23T18:15:25.325302" level="INFO">${json_data} = {'results': [{'gender': 'female', 'name': {'title': 'Mrs', 'first': 'Ada', 'last': 'da Cruz'}, 'location': {'street': {'number': 2467, 'name': 'Rua Paraná '}, 'city': 'Ribeirão das Neves', 'state': 'P...</msg>
<var>${json_data}</var>
<arg>${response.json()}</arg>
<doc>Returns the given values which can then be assigned to a variables.</doc>
<status status="PASS" start="2024-03-23T18:15:25.324706" elapsed="0.000626"/>
</kw>
<kw name="Log" owner="BuiltIn">
<msg time="2024-03-23T18:15:25.325828" level="INFO">{'results': [{'gender': 'female', 'name': {'title': 'Mrs', 'first': 'Ada', 'last': 'da Cruz'}, 'location': {'street': {'number': 2467, 'name': 'Rua Paraná '}, 'city': 'Ribeirão das Neves', 'state': 'Paraná', 'country': 'Brazil', 'postcode': 55600, 'coordinates': {'latitude': '-77.8142', 'longitude': '119.5024'}, 'timezone': {'offset': '+5:00', 'description': 'Ekaterinburg, Islamabad, Karachi, Tashkent'}}, 'email': 'ada.dacruz@example.com', 'login': {'uuid': '03aa37b8-8aa8-47f5-b33c-175153fc0871', 'username': 'silvercat514', 'password': 'chipmunk', 'salt': 'PMFE0wmm', 'md5': '57acdc7698f9d9c10423edf093aefef2', 'sha1': 'a10c440e629d1d21f3995575d9e2fadeb1a3bd54', 'sha256': 'f3b411374c86dd41da9987de575eedd6556319e01eef8434de0b788fbe4ee9c0'}, 'dob': {'date': '1964-05-28T04:13:09.263Z', 'age': 59}, 'registered': {'date': '2003-07-18T00:05:23.917Z', 'age': 20}, 'phone': '(29) 7054-0607', 'cell': '(66) 6637-0449', 'id': {'name': 'CPF', 'value': '404.983.155-04'}, 'picture': {'large': 'https://randomuser.me/api/portraits/women/34.jpg', 'medium': 'https://randomuser.me/api/portraits/med/women/34.jpg', 'thumbnail': 'https://randomuser.me/api/portraits/thumb/women/34.jpg'}, 'nat': 'BR'}], 'info': {'seed': '0f076cb55656b5a8', 'results': 1, 'page': 1, 'version': '1.4'}}</msg>
<arg>${json_data}</arg>
<doc>Logs the given message with the given level.</doc>
<status status="PASS" start="2024-03-23T18:15:25.325663" elapsed="0.000248"/>
</kw>
<kw name="Should Be Equal As Numbers" owner="BuiltIn">
<arg>${json_data['results'][0]['location']['postcode']}</arg>
<arg>${json_data['results'][0]['location']['postcode']}</arg>
<doc>Fails if objects are unequal after converting them to real numbers.</doc>
<status status="PASS" start="2024-03-23T18:15:25.326235" elapsed="0.000645"/>
</kw>
<kw name="Log" owner="BuiltIn">
<msg time="2024-03-23T18:15:25.327418" level="INFO">55600</msg>
<arg>${json_data['results'][0]['location']['postcode']}</arg>
<doc>Logs the given message with the given level.</doc>
<status status="PASS" start="2024-03-23T18:15:25.327081" elapsed="0.000379"/>
</kw>
<status status="PASS" start="2024-03-23T18:15:25.233573" elapsed="0.094143"/>
</kw>
<doc>Testa se os tipos de dados na resposta da API estão corretos.</doc>
<tag>testeTiposDados</tag>
<status status="PASS" start="2024-03-23T18:15:25.146321" elapsed="0.181566"/>
</test>
<test id="s1-s1-t5" name="Validar conteudo" line="35">
<kw name="Teste de Tipos de Conteudo" owner="random-user-service">
<kw name="GET On Session" owner="RequestsLibrary">
<msg time="2024-03-23T18:15:25.423946" level="INFO">GET Request : url=https://randomuser.me/api 
 path_url=/api 
 headers={'User-Agent': 'python-requests/2.31.0', 'Accept-Encoding': 'gzip, deflate', 'Accept': '*/*', 'Connection': 'keep-alive'} 
 body=None 
 </msg>
<msg time="2024-03-23T18:15:25.424054" level="INFO">GET Response : url=https://randomuser.me/api 
 status=200, reason=OK 
 headers={'Date': 'Sat, 23 Mar 2024 18:15:25 GMT', 'Content-Type': 'application/json; charset=utf-8', 'Transfer-Encoding': 'chunked', 'Connection': 'keep-alive', 'X-Powered-By': 'Express', 'Access-Control-Allow-Origin': '*', 'Cache-Control': 'no-cache', 'ETag': 'W/"4ab-LBBS1sWItWe9jXMq3J1ZxQo2tb4"', 'Vary': 'Accept-Encoding', 'Content-Encoding': 'gzip', 'CF-Cache-Status': 'DYNAMIC', 'Report-To': '{"endpoints":[{"url":"https:\\/\\/a.nel.cloudflare.com\\/report\\/v4?s=5YyIC9umUNki%2BcbO3%2BwshFulWCT%2BS6v0lRHuKc7R41OSAPKVa%2FhJQsL0nt4ajrmT%2BcX%2Fxy%2FwjUjWew9JbqfQ8ReQdb7%2F6woU1wlWx5csRxwZVq14PH4Pc7l9oHXB7tww"}],"group":"cf-nel","max_age":604800}', 'NEL': '{"success_fraction":0,"report_to":"cf-nel","max_age":604800}', 'Server': 'cloudflare', 'CF-RAY': '8690681f5da25908-IAD', 'alt-svc': 'h3=":443"; ma=86400'} 
 body={"results":[{"gender":"female","name":{"title":"Madame","first":"Miranda","last":"Fontai"},"location":{"street":{"number":2648,"name":"Rue du Dauphiné"},"city":"Fahrwangen","state":"Luzern","country":"Switzerland","postcode":1136,"coordinates":{"latitude":"-58.8300","longitude":"99.8690"},"timezone":{"offset":"+8:00","description":"Beijing, Perth, Singapore, Hong Kong"}},"email":"miranda.fontai@example.com","login":{"uuid":"b4dd4d47-5aab-4917-9130-6e7eff03cbf7","username":"angrygorilla909","password":"cleopatr","salt":"NPUJgDfe","md5":"9a89becd2ff7848c54e0edd542f4b692","sha1":"03960fff67c4d4953d386c5e8970bbaa0b0e4755","sha256":"d8ebe1c7c9ffdacbd4269e070adcda254e89c3e0b7284b551b79e27a9da52133"},"dob":{"date":"1971-01-26T19:23:40.206Z","age":53},"registered":{"date":"2020-12-05T07:47:47.486Z","age":3},"phone":"076 779 49 60","cell":"077 896 31 24","id":{"name":"AVS","value":"756.9228.0215.82"},"picture":{"large":"https://randomuser.me/api/portraits/women/95.jpg","medium":"https://randomuser.me/api/portraits/med/women/95.jpg","thumbnail":"https://randomuser.me/api/portraits/thumb/women/95.jpg"},"nat":"CH"}],"info":{"seed":"5e727bb23c5f9147","results":1,"page":1,"version":"1.4"}} 
 </msg>
<msg time="2024-03-23T18:15:25.424135" level="INFO">/opt/hostedtoolcache/Python/3.12.2/x64/lib/python3.12/site-packages/urllib3/connectionpool.py:1103: InsecureRequestWarning: Unverified HTTPS request is being made to host 'randomuser.me'. Adding certificate verification is strongly advised. See: https://urllib3.readthedocs.io/en/latest/advanced-usage.html#tls-warnings
  warnings.warn(</msg>
<msg time="2024-03-23T18:15:25.424248" level="INFO">${response} = &lt;Response [200]&gt;</msg>
<var>${response}</var>
<arg>consultarAPI</arg>
<arg>/api</arg>
<doc>Sends a GET request on a previously created HTTP Session.</doc>
<status status="PASS" start="2024-03-23T18:15:25.330477" elapsed="0.093813"/>
</kw>
<kw name="Set Variable" owner="BuiltIn">
<msg time="2024-03-23T18:15:25.425511" level="INFO">${json_data} = {'results': [{'gender': 'female', 'name': {'title': 'Madame', 'first': 'Miranda', 'last': 'Fontai'}, 'location': {'street': {'number': 2648, 'name': 'Rue du Dauphiné'}, 'city': 'Fahrwangen', 'state': ...</msg>
<var>${json_data}</var>
<arg>${response.json()}</arg>
<doc>Returns the given values which can then be assigned to a variables.</doc>
<status status="PASS" start="2024-03-23T18:15:25.424886" elapsed="0.000654"/>
</kw>
<kw name="Set Variable" owner="BuiltIn">
<msg time="2024-03-23T18:15:25.426287" level="INFO">${name_title} = Madame</msg>
<var>${name_title}</var>
<arg>${json_data["results"][0]["name"]["title"]}</arg>
<doc>Returns the given values which can then be assigned to a variables.</doc>
<status status="PASS" start="2024-03-23T18:15:25.425885" elapsed="0.000427"/>
</kw>
<kw name="Create List" owner="BuiltIn">
<msg time="2024-03-23T18:15:25.426779" level="INFO">${allowed_titles} = ['Mr', 'Ms', 'Miss', 'Mrs', 'Madame', 'Monsieur']</msg>
<var>${allowed_titles}</var>
<arg>Mr</arg>
<arg>Ms</arg>
<arg>Miss</arg>
<arg>Mrs</arg>
<arg>Madame</arg>
<arg>Monsieur</arg>
<doc>Returns a list containing given items.</doc>
<status status="PASS" start="2024-03-23T18:15:25.426626" elapsed="0.000177"/>
</kw>
<kw name="List Should Contain Value" owner="Collections">
<msg time="2024-03-23T18:15:25.427309" level="INFO">False</msg>
<arg>${allowed_titles}</arg>
<arg>${name_title}</arg>
<doc>Fails if the ``value`` is not found from ``list``.</doc>
<status status="PASS" start="2024-03-23T18:15:25.427131" elapsed="0.000223"/>
</kw>
<kw name="Set Variable" owner="BuiltIn">
<msg time="2024-03-23T18:15:25.428039" level="INFO">${name_country} = CH</msg>
<var>${name_country}</var>
<arg>${json_data["results"][0]["nat"]}</arg>
<doc>Returns the given values which can then be assigned to a variables.</doc>
<status status="PASS" start="2024-03-23T18:15:25.427652" elapsed="0.000413"/>
</kw>
<kw name="Create List" owner="BuiltIn">
<msg time="2024-03-23T18:15:25.428985" level="INFO">${list_country} = ['AD', 'AE', 'AF', 'AG', 'AI', 'AL', 'AM', 'AO', 'AQ', 'AR', 'AS', 'AT', 'AU', 'AW', 'AX', 'AZ', 'BA', 'BB', 'BD', 'BE', 'BF', 'BG', 'BH', 'BI', 'BJ', 'BL', 'BM', 'BN', 'BO', 'BQ', 'BR', 'BS', 'BT', '...</msg>
<var>${list_country}</var>
<arg>AD</arg>
<arg>AE</arg>
<arg>AF</arg>
<arg>AG</arg>
<arg>AI</arg>
<arg>AL</arg>
<arg>AM</arg>
<arg>AO</arg>
<arg>AQ</arg>
<arg>AR</arg>
<arg>AS</arg>
<arg>AT</arg>
<arg>AU</arg>
<arg>AW</arg>
<arg>AX</arg>
<arg>AZ</arg>
<arg>BA</arg>
<arg>BB</arg>
<arg>BD</arg>
<arg>BE</arg>
<arg>BF</arg>
<arg>BG</arg>
<arg>BH</arg>
<arg>BI</arg>
<arg>BJ</arg>
<arg>BL</arg>
<arg>BM</arg>
<arg>BN</arg>
<arg>BO</arg>
<arg>BQ</arg>
<arg>BR</arg>
<arg>BS</arg>
<arg>BT</arg>
<arg>BV</arg>
<arg>BW</arg>
<arg>BY</arg>
<arg>BZ</arg>
<arg>CA</arg>
<arg>CC</arg>
<arg>CD</arg>
<arg>CF</arg>
<arg>CG</arg>
<arg>CH</arg>
<arg>CI</arg>
<arg>CK</arg>
<arg>CL</arg>
<arg>CM</arg>
<arg>CN</arg>
<arg>CO</arg>
<arg>CR</arg>
<arg>CU</arg>
<arg>CV</arg>
<arg>CW</arg>
<arg>CX</arg>
<arg>CY</arg>
<arg>CZ</arg>
<arg>DE</arg>
<arg>DJ</arg>
<arg>DK</arg>
<arg>DM</arg>
<arg>DO</arg>
<arg>DZ</arg>
<arg>EC</arg>
<arg>EE</arg>
<arg>EG</arg>
<arg>EH</arg>
<arg>ER</arg>
<arg>ES</arg>
<arg>ET</arg>
<arg>FI</arg>
<arg>FJ</arg>
<arg>FK</arg>
<arg>FM</arg>
<arg>FO</arg>
<arg>FR</arg>
<arg>GA</arg>
<arg>GB</arg>
<arg>GD</arg>
<arg>GE</arg>
<arg>GF</arg>
<arg>GG</arg>
<arg>GH</arg>
<arg>GI</arg>
<arg>GL</arg>
<arg>GM</arg>
<arg>GN</arg>
<arg>GP</arg>
<arg>GQ</arg>
<arg>GR</arg>
<arg>GS</arg>
<arg>GT</arg>
<arg>GU</arg>
<arg>GW</arg>
<arg>GY</arg>
<arg>HK</arg>
<arg>HM</arg>
<arg>HN</arg>
<arg>HR</arg>
<arg>HT</arg>
<arg>HU</arg>
<arg>ID</arg>
<arg>IE</arg>
<arg>IL</arg>
<arg>IM</arg>
<arg>IN</arg>
<arg>IO</arg>
<arg>IQ</arg>
<arg>IR</arg>
<arg>IS</arg>
<arg>IT</arg>
<arg>JE</arg>
<arg>JM</arg>
<arg>JO</arg>
<arg>JP</arg>
<arg>KE</arg>
<arg>KG</arg>
<arg>KH</arg>
<arg>KI</arg>
<arg>KM</arg>
<arg>KN</arg>
<arg>KP</arg>
<arg>KR</arg>
<arg>KW</arg>
<arg>KY</arg>
<arg>KZ</arg>
<arg>LA</arg>
<arg>LB</arg>
<arg>LC</arg>
<arg>LI</arg>
<arg>LK</arg>
<arg>LR</arg>
<arg>LS</arg>
<arg>LT</arg>
<arg>LU</arg>
<arg>LV</arg>
<arg>LY</arg>
<arg>MA</arg>
<arg>MC</arg>
<arg>MD</arg>
<arg>ME</arg>
<arg>MF</arg>
<arg>MG</arg>
<arg>MH</arg>
<arg>MK</arg>
<arg>ML</arg>
<arg>MM</arg>
<arg>MN</arg>
<arg>MO</arg>
<arg>MP</arg>
<arg>MQ</arg>
<arg>MR</arg>
<arg>MS</arg>
<arg>MT</arg>
<arg>MU</arg>
<arg>MV</arg>
<arg>MW</arg>
<arg>MX</arg>
<arg>MY</arg>
<arg>MZ</arg>
<arg>NA</arg>
<arg>NC</arg>
<arg>NE</arg>
<arg>NF</arg>
<arg>NG</arg>
<arg>NI</arg>
<arg>NL</arg>
<arg>NO</arg>
<arg>NP</arg>
<arg>NR</arg>
<arg>NU</arg>
<arg>NZ</arg>
<arg>OM</arg>
<arg>PA</arg>
<arg>PE</arg>
<arg>PF</arg>
<arg>PG</arg>
<arg>PH</arg>
<arg>PK</arg>
<arg>PL</arg>
<arg>PM</arg>
<arg>PN</arg>
<arg>PR</arg>
<arg>PS</arg>
<arg>PT</arg>
<arg>PW</arg>
<arg>PY</arg>
<arg>QA</arg>
<arg>RE</arg>
<arg>RO</arg>
<arg>RS</arg>
<arg>RU</arg>
<arg>RW</arg>
<arg>SA</arg>
<arg>SB</arg>
<arg>SC</arg>
<arg>SD</arg>
<arg>SE</arg>
<arg>SG</arg>
<arg>SH</arg>
<arg>SI</arg>
<arg>SJ</arg>
<arg>SK</arg>
<arg>SL</arg>
<arg>SM</arg>
<arg>SN</arg>
<arg>SO</arg>
<arg>SR</arg>
<arg>SS</arg>
<arg>ST</arg>
<arg>SV</arg>
<arg>SX</arg>
<arg>SY</arg>
<arg>SZ</arg>
<arg>TC</arg>
<arg>TD</arg>
<arg>TF</arg>
<arg>TG</arg>
<arg>TH</arg>
<arg>TJ</arg>
<arg>TK</arg>
<arg>TL</arg>
<arg>TM</arg>
<arg>TN</arg>
<arg>TO</arg>
<arg>TR</arg>
<arg>TT</arg>
<arg>TV</arg>
<arg>TW</arg>
<arg>TZ</arg>
<arg>UA</arg>
<arg>UG</arg>
<arg>UM</arg>
<arg>US</arg>
<arg>UY</arg>
<arg>UZ</arg>
<arg>VA</arg>
<arg>VC</arg>
<arg>VE</arg>
<arg>VG</arg>
<arg>VI</arg>
<arg>VN</arg>
<arg>VU</arg>
<arg>WF</arg>
<arg>WS</arg>
<arg>XK</arg>
<arg>YE</arg>
<arg>YT</arg>
<arg>ZA</arg>
<arg>ZM</arg>
<arg>ZW</arg>
<doc>Returns a list containing given items.</doc>
<status status="PASS" start="2024-03-23T18:15:25.428379" elapsed="0.000632"/>
</kw>
<kw name="List Should Contain Value" owner="Collections">
<msg time="2024-03-23T18:15:25.430208" level="INFO">False</msg>
<arg>${list_country}</arg>
<arg>${name_country}</arg>
<doc>Fails if the ``value`` is not found from ``list``.</doc>
<status status="PASS" start="2024-03-23T18:15:25.429995" elapsed="0.000251"/>
</kw>
<kw name="Run Keyword If" owner="BuiltIn">
<kw name="Should Be True" owner="BuiltIn">
<arg>${True}</arg>
<doc>Fails if the given condition is not true.</doc>
<status status="PASS" start="2024-03-23T18:15:25.431329" elapsed="0.000147"/>
</kw>
<arg>${json_data["results"][0]["location"]["coordinates"]["latitude"]} &gt;= -90 and ${json_data["results"][0]["location"]["coordinates"]["latitude"]} &lt;= 90</arg>
<arg>Should Be True</arg>
<arg>${True}</arg>
<doc>Runs the given keyword with the given arguments, if ``condition`` is true.</doc>
<status status="PASS" start="2024-03-23T18:15:25.430562" elapsed="0.001045"/>
</kw>
<kw name="Run Keyword If" owner="BuiltIn">
<kw name="Should Be True" owner="BuiltIn">
<arg>${True}</arg>
<doc>Fails if the given condition is not true.</doc>
<status status="PASS" start="2024-03-23T18:15:25.432499" elapsed="0.000139"/>
</kw>
<arg>${json_data["results"][0]["location"]["coordinates"]["longitude"]} &gt;= -180 and ${json_data["results"][0]["location"]["coordinates"]["longitude"]} &lt;= 180</arg>
<arg>Should Be True</arg>
<arg>${True}</arg>
<doc>Runs the given keyword with the given arguments, if ``condition`` is true.</doc>
<status status="PASS" start="2024-03-23T18:15:25.431797" elapsed="0.000966"/>
</kw>
<status status="PASS" start="2024-03-23T18:15:25.330240" elapsed="0.102657"/>
</kw>
<doc>Testa o conteúdo específico dos campos retornados pela API.</doc>
<tag>testeConteudo</tag>
<status status="PASS" start="2024-03-23T18:15:25.329704" elapsed="0.103351"/>
</test>
<status status="PASS" start="2024-03-23T18:15:24.579724" elapsed="0.855388"/>
</suite>
<status status="PASS" start="2024-03-23T18:15:24.565973" elapsed="0.874583"/>
</suite>
<statistics>
<total>
<stat pass="5" fail="0" skip="0">All Tests</stat>
</total>
<tag>
<stat pass="1" fail="0" skip="0">testeConteudo</stat>
<stat pass="1" fail="0" skip="0">testeEstruturaResposta</stat>
<stat pass="1" fail="0" skip="0">testeRequisicaoBasica</stat>
<stat pass="1" fail="0" skip="0">testeTiposDados</stat>
</tag>
<suite>
<stat pass="5" fail="0" skip="0" id="s1" name="Tests">Tests</stat>
<stat pass="5" fail="0" skip="0" id="s1-s1" name="Random-User-Test">Tests.Random-User-Test</stat>
</suite>
</statistics>
<errors>
</errors>
</robot>
