<?xml version="1.0" encoding="UTF-8"?>
<robot generator="Robot 7.0 (Python 3.12.2 on linux)" generated="2024-04-05T09:13:22.783951" rpa="false" schemaversion="5">
<suite id="s1" name="Tests" source="/home/runner/work/DesafioQAItauRogerioJordao/DesafioQAItauRogerioJordao/RamdonUser/tests">
<suite id="s1-s1" name="Random-User-Test" source="/home/runner/work/DesafioQAItauRogerioJordao/DesafioQAItauRogerioJordao/RamdonUser/tests/random-user-test.robot">
<test id="s1-s1-t1" name="Conectar" line="13">
<kw name="Conectar API" owner="random-user-service">
<kw name="Create Session" owner="RequestsLibrary">
<msg time="2024-04-05T09:13:23.143569" level="INFO">Creating Session using : alias=consultarAPI, url=https://randomuser.me/, headers={},                     cookies={}, auth=None, timeout=None, proxies=None, verify=False,                     debug=0 </msg>
<arg>consultarAPI</arg>
<arg>${URL}</arg>
<doc>Create Session: create a HTTP session to a server</doc>
<status status="PASS" start="2024-04-05T09:13:23.143369" elapsed="0.000378"/>
</kw>
<status status="PASS" start="2024-04-05T09:13:23.142337" elapsed="0.001775"/>
</kw>
<status status="PASS" start="2024-04-05T09:13:23.141796" elapsed="0.002521"/>
</test>
<test id="s1-s1-t2" name="Validar retorno 200 e JSON Válido" line="16">
<kw name="Teste de Requisicao Basica" owner="random-user-service">
<kw name="GET On Session" owner="RequestsLibrary">
<msg time="2024-04-05T09:13:23.286028" level="INFO">GET Request : url=https://randomuser.me/api 
 path_url=/api 
 headers={'User-Agent': 'python-requests/2.31.0', 'Accept-Encoding': 'gzip, deflate', 'Accept': '*/*', 'Connection': 'keep-alive'} 
 body=None 
 </msg>
<msg time="2024-04-05T09:13:23.286137" level="INFO">GET Response : url=https://randomuser.me/api 
 status=200, reason=OK 
 headers={'Date': 'Fri, 05 Apr 2024 09:13:23 GMT', 'Content-Type': 'application/json; charset=utf-8', 'Transfer-Encoding': 'chunked', 'Connection': 'keep-alive', 'X-Powered-By': 'Express', 'Access-Control-Allow-Origin': '*', 'Cache-Control': 'no-cache', 'ETag': 'W/"46d-bLHw5g5Ck2PIsmk40fvk/awbhCk"', 'Vary': 'Accept-Encoding', 'Content-Encoding': 'gzip', 'CF-Cache-Status': 'DYNAMIC', 'Report-To': '{"endpoints":[{"url":"https:\\/\\/a.nel.cloudflare.com\\/report\\/v4?s=j4gGEK1bhPzBHXGmZEDlfC5joDgSR%2Fqriaj9RZxPNximtXViX5B7JvfHtm7%2FCjFBwUYZzcsPyNh3CyeA4SvKwEoied5W9wNsnliFXc7NMb1G803UZGnWVYK5Y2%2FkBBLt"}],"group":"cf-nel","max_age":604800}', 'NEL': '{"success_fraction":0,"report_to":"cf-nel","max_age":604800}', 'Server': 'cloudflare', 'CF-RAY': '86f86bfffaba7d7c-LAX', 'alt-svc': 'h3=":443"; ma=86400'} 
 body={"results":[{"gender":"female","name":{"title":"Mrs","first":"Andrine","last":"Thunes"},"location":{"street":{"number":9359,"name":"Lillevannsskogen"},"city":"Åse","state":"Aust-Agder","country":"Norway","postcode":"4373","coordinates":{"latitude":"40.0088","longitude":"20.6944"},"timezone":{"offset":"+3:30","description":"Tehran"}},"email":"andrine.thunes@example.com","login":{"uuid":"1d79e8f1-df0c-4cf0-9c06-2c76d1f2b53b","username":"happycat804","password":"1121","salt":"8cWX9bMW","md5":"d6b57a87cd5e3775798fd9e9f853e49b","sha1":"5ea6b4ab3de34c78c8576641a13e051b8b0516ae","sha256":"32f32d95be4bd69429a58d1e3d04be3807470a14b84aa34693374c6fcbe1232d"},"dob":{"date":"1969-12-02T02:28:22.389Z","age":54},"registered":{"date":"2010-10-20T09:21:09.732Z","age":13},"phone":"29173271","cell":"98604809","id":{"name":"FN","value":"02126907012"},"picture":{"large":"https://randomuser.me/api/portraits/women/82.jpg","medium":"https://randomuser.me/api/portraits/med/women/82.jpg","thumbnail":"https://randomuser.me/api/portraits/thumb/women/82.jpg"},"nat":"NO"}],"info":{"seed":"9355046ce32b84fe","results":1,"page":1,"version":"1.4"}} 
 </msg>
<msg time="2024-04-05T09:13:23.286235" level="INFO">/opt/hostedtoolcache/Python/3.12.2/x64/lib/python3.12/site-packages/urllib3/connectionpool.py:1103: InsecureRequestWarning: Unverified HTTPS request is being made to host 'randomuser.me'. Adding certificate verification is strongly advised. See: https://urllib3.readthedocs.io/en/latest/advanced-usage.html#tls-warnings
  warnings.warn(</msg>
<msg time="2024-04-05T09:13:23.286354" level="INFO">${response} = &lt;Response [200]&gt;</msg>
<var>${response}</var>
<arg>consultarAPI</arg>
<arg>/api</arg>
<doc>Sends a GET request on a previously created HTTP Session.</doc>
<status status="PASS" start="2024-04-05T09:13:23.146880" elapsed="0.139512"/>
</kw>
<kw name="Should Be Equal As Numbers" owner="BuiltIn">
<msg time="2024-04-05T09:13:23.287225" level="INFO">Argument types are:
&lt;class 'int'&gt;
&lt;class 'str'&gt;</msg>
<arg>${response.status_code}</arg>
<arg>200</arg>
<doc>Fails if objects are unequal after converting them to real numbers.</doc>
<status status="PASS" start="2024-04-05T09:13:23.286806" elapsed="0.000482"/>
</kw>
<kw name="Log" owner="BuiltIn">
<msg time="2024-04-05T09:13:23.287970" level="INFO">200</msg>
<arg>${response.status_code}</arg>
<doc>Logs the given message with the given level.</doc>
<status status="PASS" start="2024-04-05T09:13:23.287610" elapsed="0.000403"/>
</kw>
<kw name="Set Variable" owner="BuiltIn">
<msg time="2024-04-05T09:13:23.288772" level="INFO">${json_data} = {'results': [{'gender': 'female', 'name': {'title': 'Mrs', 'first': 'Andrine', 'last': 'Thunes'}, 'location': {'street': {'number': 9359, 'name': 'Lillevannsskogen'}, 'city': 'Åse', 'state': 'Aust-Agd...</msg>
<var>${json_data}</var>
<arg>${response.json()}</arg>
<doc>Returns the given values which can then be assigned to a variables.</doc>
<status status="PASS" start="2024-04-05T09:13:23.288325" elapsed="0.000477"/>
</kw>
<kw name="Dictionary Should Contain Key" owner="Collections">
<msg time="2024-04-05T09:13:23.289472" level="INFO">False</msg>
<arg>${json_data}</arg>
<arg>results</arg>
<doc>Fails if ``key`` is not found from ``dictionary``.</doc>
<status status="PASS" start="2024-04-05T09:13:23.289218" elapsed="0.000321"/>
</kw>
<status status="PASS" start="2024-04-05T09:13:23.146631" elapsed="0.143308"/>
</kw>
<doc>Testa se a API responde corretamente e retorna um objeto JSON válido.</doc>
<tag>testeRequisicaoBasica</tag>
<status status="PASS" start="2024-04-05T09:13:23.146173" elapsed="0.144031"/>
</test>
<test id="s1-s1-t3" name="Validar estrutura de resposta" line="22">
<kw name="Teste de Estrutura de Resposta" owner="random-user-service">
<kw name="GET On Session" owner="RequestsLibrary">
<msg time="2024-04-05T09:13:23.391653" level="INFO">GET Request : url=https://randomuser.me/api 
 path_url=/api 
 headers={'User-Agent': 'python-requests/2.31.0', 'Accept-Encoding': 'gzip, deflate', 'Accept': '*/*', 'Connection': 'keep-alive'} 
 body=None 
 </msg>
<msg time="2024-04-05T09:13:23.391744" level="INFO">GET Response : url=https://randomuser.me/api 
 status=200, reason=OK 
 headers={'Date': 'Fri, 05 Apr 2024 09:13:23 GMT', 'Content-Type': 'application/json; charset=utf-8', 'Transfer-Encoding': 'chunked', 'Connection': 'keep-alive', 'X-Powered-By': 'Express', 'Access-Control-Allow-Origin': '*', 'Cache-Control': 'no-cache', 'ETag': 'W/"485-wIXMuM10PI/TkZ43vEw9YFc6OCE"', 'Vary': 'Accept-Encoding', 'Content-Encoding': 'gzip', 'CF-Cache-Status': 'DYNAMIC', 'Report-To': '{"endpoints":[{"url":"https:\\/\\/a.nel.cloudflare.com\\/report\\/v4?s=3c9Lwl%2Bbr2YLD02J41BHd0OEgMQtlio4Zmneajfg2iw44aO58u4b%2Bngqv6Dn5132EsbuYEUBpJLbu%2FredpPefs%2FTTEUW8MkPVzq%2F%2BV1YaR6VAjbF%2F27u5cxzTF2ixzB1"}],"group":"cf-nel","max_age":604800}', 'NEL': '{"success_fraction":0,"report_to":"cf-nel","max_age":604800}', 'Server': 'cloudflare', 'CF-RAY': '86f86c009b8c7d7c-LAX', 'alt-svc': 'h3=":443"; ma=86400'} 
 body={"results":[{"gender":"male","name":{"title":"Mr","first":"Lucas","last":"Andersen"},"location":{"street":{"number":7723,"name":"Hjulets Kvarter"},"city":"Horsens","state":"Hovedstaden","country":"Denmark","postcode":61487,"coordinates":{"latitude":"-46.1325","longitude":"-42.3326"},"timezone":{"offset":"+2:00","description":"Kaliningrad, South Africa"}},"email":"lucas.andersen@example.com","login":{"uuid":"708c5439-4fdb-4d45-b8d4-9a55a7b9dc47","username":"ticklishelephant650","password":"lucy","salt":"p82S1qtR","md5":"980c4aa7fd8f0ef98d5bfab4adf62637","sha1":"1f9ef1c6ebdffc9aa9f92c9481d4962e2394385c","sha256":"2967a59edb7376ee8fc5857ec18b7a55c31b0384a595f447fe918d8b5cc5cc88"},"dob":{"date":"1980-06-04T12:14:25.063Z","age":43},"registered":{"date":"2009-07-16T13:13:36.455Z","age":14},"phone":"64768724","cell":"23341154","id":{"name":"CPR","value":"040680-7605"},"picture":{"large":"https://randomuser.me/api/portraits/men/34.jpg","medium":"https://randomuser.me/api/portraits/med/men/34.jpg","thumbnail":"https://randomuser.me/api/portraits/thumb/men/34.jpg"},"nat":"DK"}],"info":{"seed":"a1f3725a4fdd7bc2","results":1,"page":1,"version":"1.4"}} 
 </msg>
<msg time="2024-04-05T09:13:23.391881" level="INFO">/opt/hostedtoolcache/Python/3.12.2/x64/lib/python3.12/site-packages/urllib3/connectionpool.py:1103: InsecureRequestWarning: Unverified HTTPS request is being made to host 'randomuser.me'. Adding certificate verification is strongly advised. See: https://urllib3.readthedocs.io/en/latest/advanced-usage.html#tls-warnings
  warnings.warn(</msg>
<msg time="2024-04-05T09:13:23.392007" level="INFO">${response} = &lt;Response [200]&gt;</msg>
<var>${response}</var>
<arg>consultarAPI</arg>
<arg>/api</arg>
<doc>Sends a GET request on a previously created HTTP Session.</doc>
<status status="PASS" start="2024-04-05T09:13:23.294774" elapsed="0.097280"/>
</kw>
<kw name="Set Variable" owner="BuiltIn">
<msg time="2024-04-05T09:13:23.392928" level="INFO">${json_data} = {'results': [{'gender': 'male', 'name': {'title': 'Mr', 'first': 'Lucas', 'last': 'Andersen'}, 'location': {'street': {'number': 7723, 'name': 'Hjulets Kvarter'}, 'city': 'Horsens', 'state': 'Hovedsta...</msg>
<var>${json_data}</var>
<arg>${response.json()}</arg>
<doc>Returns the given values which can then be assigned to a variables.</doc>
<status status="PASS" start="2024-04-05T09:13:23.392477" elapsed="0.000479"/>
</kw>
<kw name="Log" owner="BuiltIn">
<msg time="2024-04-05T09:13:23.393468" level="INFO">{'results': [{'gender': 'male', 'name': {'title': 'Mr', 'first': 'Lucas', 'last': 'Andersen'}, 'location': {'street': {'number': 7723, 'name': 'Hjulets Kvarter'}, 'city': 'Horsens', 'state': 'Hovedstaden', 'country': 'Denmark', 'postcode': 61487, 'coordinates': {'latitude': '-46.1325', 'longitude': '-42.3326'}, 'timezone': {'offset': '+2:00', 'description': 'Kaliningrad, South Africa'}}, 'email': 'lucas.andersen@example.com', 'login': {'uuid': '708c5439-4fdb-4d45-b8d4-9a55a7b9dc47', 'username': 'ticklishelephant650', 'password': 'lucy', 'salt': 'p82S1qtR', 'md5': '980c4aa7fd8f0ef98d5bfab4adf62637', 'sha1': '1f9ef1c6ebdffc9aa9f92c9481d4962e2394385c', 'sha256': '2967a59edb7376ee8fc5857ec18b7a55c31b0384a595f447fe918d8b5cc5cc88'}, 'dob': {'date': '1980-06-04T12:14:25.063Z', 'age': 43}, 'registered': {'date': '2009-07-16T13:13:36.455Z', 'age': 14}, 'phone': '64768724', 'cell': '23341154', 'id': {'name': 'CPR', 'value': '040680-7605'}, 'picture': {'large': 'https://randomuser.me/api/portraits/men/34.jpg', 'medium': 'https://randomuser.me/api/portraits/med/men/34.jpg', 'thumbnail': 'https://randomuser.me/api/portraits/thumb/men/34.jpg'}, 'nat': 'DK'}], 'info': {'seed': 'a1f3725a4fdd7bc2', 'results': 1, 'page': 1, 'version': '1.4'}}</msg>
<arg>${json_data}</arg>
<doc>Logs the given message with the given level.</doc>
<status status="PASS" start="2024-04-05T09:13:23.393307" elapsed="0.000208"/>
</kw>
<kw name="Dictionary Should Contain Key" owner="Collections">
<msg time="2024-04-05T09:13:23.393965" level="INFO">False</msg>
<arg>${json_data}</arg>
<arg>results</arg>
<doc>Fails if ``key`` is not found from ``dictionary``.</doc>
<status status="PASS" start="2024-04-05T09:13:23.393812" elapsed="0.000190"/>
</kw>
<kw name="Should Not Be Empty" owner="BuiltIn">
<msg time="2024-04-05T09:13:23.394427" level="INFO">Length is 2.</msg>
<arg>${json_data}</arg>
<doc>Verifies that the given item is not empty.</doc>
<status status="PASS" start="2024-04-05T09:13:23.394293" elapsed="0.000173"/>
</kw>
<kw name="Create List" owner="BuiltIn">
<msg time="2024-04-05T09:13:23.394904" level="INFO">${expected_keys} = ['gender', 'name', 'location', 'email', 'login']</msg>
<var>${expected_keys}</var>
<arg>gender</arg>
<arg>name</arg>
<arg>location</arg>
<arg>email</arg>
<arg>login</arg>
<doc>Returns a list containing given items.</doc>
<status status="PASS" start="2024-04-05T09:13:23.394755" elapsed="0.000173"/>
</kw>
<for flavor="IN">
<iter>
<kw name="Dictionary Should Contain Key" owner="Collections">
<msg time="2024-04-05T09:13:23.395894" level="INFO">False</msg>
<arg>${json_data['results'][0]}</arg>
<arg>${key}</arg>
<doc>Fails if ``key`` is not found from ``dictionary``.</doc>
<status status="PASS" start="2024-04-05T09:13:23.395497" elapsed="0.000437"/>
</kw>
<kw name="Log" owner="BuiltIn">
<msg time="2024-04-05T09:13:23.396610" level="INFO">{'gender': 'male', 'name': {'title': 'Mr', 'first': 'Lucas', 'last': 'Andersen'}, 'location': {'street': {'number': 7723, 'name': 'Hjulets Kvarter'}, 'city': 'Horsens', 'state': 'Hovedstaden', 'country': 'Denmark', 'postcode': 61487, 'coordinates': {'latitude': '-46.1325', 'longitude': '-42.3326'}, 'timezone': {'offset': '+2:00', 'description': 'Kaliningrad, South Africa'}}, 'email': 'lucas.andersen@example.com', 'login': {'uuid': '708c5439-4fdb-4d45-b8d4-9a55a7b9dc47', 'username': 'ticklishelephant650', 'password': 'lucy', 'salt': 'p82S1qtR', 'md5': '980c4aa7fd8f0ef98d5bfab4adf62637', 'sha1': '1f9ef1c6ebdffc9aa9f92c9481d4962e2394385c', 'sha256': '2967a59edb7376ee8fc5857ec18b7a55c31b0384a595f447fe918d8b5cc5cc88'}, 'dob': {'date': '1980-06-04T12:14:25.063Z', 'age': 43}, 'registered': {'date': '2009-07-16T13:13:36.455Z', 'age': 14}, 'phone': '64768724', 'cell': '23341154', 'id': {'name': 'CPR', 'value': '040680-7605'}, 'picture': {'large': 'https://randomuser.me/api/portraits/men/34.jpg', 'medium': 'https://randomuser.me/api/portraits/med/men/34.jpg', 'thumbnail': 'https://randomuser.me/api/portraits/thumb/men/34.jpg'}, 'nat': 'DK'}</msg>
<arg>${json_data['results'][0]}</arg>
<doc>Logs the given message with the given level.</doc>
<status status="PASS" start="2024-04-05T09:13:23.396241" elapsed="0.000422"/>
</kw>
<kw name="Log" owner="BuiltIn">
<msg time="2024-04-05T09:13:23.397118" level="INFO">gender</msg>
<arg>${key}</arg>
<doc>Logs the given message with the given level.</doc>
<status status="PASS" start="2024-04-05T09:13:23.396966" elapsed="0.000195"/>
</kw>
<var name="${key}">gender</var>
<status status="PASS" start="2024-04-05T09:13:23.395372" elapsed="0.002013"/>
</iter>
<iter>
<kw name="Dictionary Should Contain Key" owner="Collections">
<msg time="2024-04-05T09:13:23.398075" level="INFO">False</msg>
<arg>${json_data['results'][0]}</arg>
<arg>${key}</arg>
<doc>Fails if ``key`` is not found from ``dictionary``.</doc>
<status status="PASS" start="2024-04-05T09:13:23.397692" elapsed="0.000421"/>
</kw>
<kw name="Log" owner="BuiltIn">
<msg time="2024-04-05T09:13:23.398808" level="INFO">{'gender': 'male', 'name': {'title': 'Mr', 'first': 'Lucas', 'last': 'Andersen'}, 'location': {'street': {'number': 7723, 'name': 'Hjulets Kvarter'}, 'city': 'Horsens', 'state': 'Hovedstaden', 'country': 'Denmark', 'postcode': 61487, 'coordinates': {'latitude': '-46.1325', 'longitude': '-42.3326'}, 'timezone': {'offset': '+2:00', 'description': 'Kaliningrad, South Africa'}}, 'email': 'lucas.andersen@example.com', 'login': {'uuid': '708c5439-4fdb-4d45-b8d4-9a55a7b9dc47', 'username': 'ticklishelephant650', 'password': 'lucy', 'salt': 'p82S1qtR', 'md5': '980c4aa7fd8f0ef98d5bfab4adf62637', 'sha1': '1f9ef1c6ebdffc9aa9f92c9481d4962e2394385c', 'sha256': '2967a59edb7376ee8fc5857ec18b7a55c31b0384a595f447fe918d8b5cc5cc88'}, 'dob': {'date': '1980-06-04T12:14:25.063Z', 'age': 43}, 'registered': {'date': '2009-07-16T13:13:36.455Z', 'age': 14}, 'phone': '64768724', 'cell': '23341154', 'id': {'name': 'CPR', 'value': '040680-7605'}, 'picture': {'large': 'https://randomuser.me/api/portraits/men/34.jpg', 'medium': 'https://randomuser.me/api/portraits/med/men/34.jpg', 'thumbnail': 'https://randomuser.me/api/portraits/thumb/men/34.jpg'}, 'nat': 'DK'}</msg>
<arg>${json_data['results'][0]}</arg>
<doc>Logs the given message with the given level.</doc>
<status status="PASS" start="2024-04-05T09:13:23.398450" elapsed="0.000406"/>
</kw>
<kw name="Log" owner="BuiltIn">
<msg time="2024-04-05T09:13:23.399306" level="INFO">name</msg>
<arg>${key}</arg>
<doc>Logs the given message with the given level.</doc>
<status status="PASS" start="2024-04-05T09:13:23.399177" elapsed="0.000167"/>
</kw>
<var name="${key}">name</var>
<status status="PASS" start="2024-04-05T09:13:23.397576" elapsed="0.001985"/>
</iter>
<iter>
<kw name="Dictionary Should Contain Key" owner="Collections">
<msg time="2024-04-05T09:13:23.400229" level="INFO">False</msg>
<arg>${json_data['results'][0]}</arg>
<arg>${key}</arg>
<doc>Fails if ``key`` is not found from ``dictionary``.</doc>
<status status="PASS" start="2024-04-05T09:13:23.399853" elapsed="0.000413"/>
</kw>
<kw name="Log" owner="BuiltIn">
<msg time="2024-04-05T09:13:23.400926" level="INFO">{'gender': 'male', 'name': {'title': 'Mr', 'first': 'Lucas', 'last': 'Andersen'}, 'location': {'street': {'number': 7723, 'name': 'Hjulets Kvarter'}, 'city': 'Horsens', 'state': 'Hovedstaden', 'country': 'Denmark', 'postcode': 61487, 'coordinates': {'latitude': '-46.1325', 'longitude': '-42.3326'}, 'timezone': {'offset': '+2:00', 'description': 'Kaliningrad, South Africa'}}, 'email': 'lucas.andersen@example.com', 'login': {'uuid': '708c5439-4fdb-4d45-b8d4-9a55a7b9dc47', 'username': 'ticklishelephant650', 'password': 'lucy', 'salt': 'p82S1qtR', 'md5': '980c4aa7fd8f0ef98d5bfab4adf62637', 'sha1': '1f9ef1c6ebdffc9aa9f92c9481d4962e2394385c', 'sha256': '2967a59edb7376ee8fc5857ec18b7a55c31b0384a595f447fe918d8b5cc5cc88'}, 'dob': {'date': '1980-06-04T12:14:25.063Z', 'age': 43}, 'registered': {'date': '2009-07-16T13:13:36.455Z', 'age': 14}, 'phone': '64768724', 'cell': '23341154', 'id': {'name': 'CPR', 'value': '040680-7605'}, 'picture': {'large': 'https://randomuser.me/api/portraits/men/34.jpg', 'medium': 'https://randomuser.me/api/portraits/med/men/34.jpg', 'thumbnail': 'https://randomuser.me/api/portraits/thumb/men/34.jpg'}, 'nat': 'DK'}</msg>
<arg>${json_data['results'][0]}</arg>
<doc>Logs the given message with the given level.</doc>
<status status="PASS" start="2024-04-05T09:13:23.400566" elapsed="0.000412"/>
</kw>
<kw name="Log" owner="BuiltIn">
<msg time="2024-04-05T09:13:23.401428" level="INFO">location</msg>
<arg>${key}</arg>
<doc>Logs the given message with the given level.</doc>
<status status="PASS" start="2024-04-05T09:13:23.401300" elapsed="0.000166"/>
</kw>
<var name="${key}">location</var>
<status status="PASS" start="2024-04-05T09:13:23.399741" elapsed="0.001940"/>
</iter>
<iter>
<kw name="Dictionary Should Contain Key" owner="Collections">
<msg time="2024-04-05T09:13:23.402341" level="INFO">False</msg>
<arg>${json_data['results'][0]}</arg>
<arg>${key}</arg>
<doc>Fails if ``key`` is not found from ``dictionary``.</doc>
<status status="PASS" start="2024-04-05T09:13:23.401961" elapsed="0.000418"/>
</kw>
<kw name="Log" owner="BuiltIn">
<msg time="2024-04-05T09:13:23.403028" level="INFO">{'gender': 'male', 'name': {'title': 'Mr', 'first': 'Lucas', 'last': 'Andersen'}, 'location': {'street': {'number': 7723, 'name': 'Hjulets Kvarter'}, 'city': 'Horsens', 'state': 'Hovedstaden', 'country': 'Denmark', 'postcode': 61487, 'coordinates': {'latitude': '-46.1325', 'longitude': '-42.3326'}, 'timezone': {'offset': '+2:00', 'description': 'Kaliningrad, South Africa'}}, 'email': 'lucas.andersen@example.com', 'login': {'uuid': '708c5439-4fdb-4d45-b8d4-9a55a7b9dc47', 'username': 'ticklishelephant650', 'password': 'lucy', 'salt': 'p82S1qtR', 'md5': '980c4aa7fd8f0ef98d5bfab4adf62637', 'sha1': '1f9ef1c6ebdffc9aa9f92c9481d4962e2394385c', 'sha256': '2967a59edb7376ee8fc5857ec18b7a55c31b0384a595f447fe918d8b5cc5cc88'}, 'dob': {'date': '1980-06-04T12:14:25.063Z', 'age': 43}, 'registered': {'date': '2009-07-16T13:13:36.455Z', 'age': 14}, 'phone': '64768724', 'cell': '23341154', 'id': {'name': 'CPR', 'value': '040680-7605'}, 'picture': {'large': 'https://randomuser.me/api/portraits/men/34.jpg', 'medium': 'https://randomuser.me/api/portraits/med/men/34.jpg', 'thumbnail': 'https://randomuser.me/api/portraits/thumb/men/34.jpg'}, 'nat': 'DK'}</msg>
<arg>${json_data['results'][0]}</arg>
<doc>Logs the given message with the given level.</doc>
<status status="PASS" start="2024-04-05T09:13:23.402676" elapsed="0.000400"/>
</kw>
<kw name="Log" owner="BuiltIn">
<msg time="2024-04-05T09:13:23.403502" level="INFO">email</msg>
<arg>${key}</arg>
<doc>Logs the given message with the given level.</doc>
<status status="PASS" start="2024-04-05T09:13:23.403377" elapsed="0.000163"/>
</kw>
<var name="${key}">email</var>
<status status="PASS" start="2024-04-05T09:13:23.401853" elapsed="0.001899"/>
</iter>
<iter>
<kw name="Dictionary Should Contain Key" owner="Collections">
<msg time="2024-04-05T09:13:23.404420" level="INFO">False</msg>
<arg>${json_data['results'][0]}</arg>
<arg>${key}</arg>
<doc>Fails if ``key`` is not found from ``dictionary``.</doc>
<status status="PASS" start="2024-04-05T09:13:23.404039" elapsed="0.000418"/>
</kw>
<kw name="Log" owner="BuiltIn">
<msg time="2024-04-05T09:13:23.405155" level="INFO">{'gender': 'male', 'name': {'title': 'Mr', 'first': 'Lucas', 'last': 'Andersen'}, 'location': {'street': {'number': 7723, 'name': 'Hjulets Kvarter'}, 'city': 'Horsens', 'state': 'Hovedstaden', 'country': 'Denmark', 'postcode': 61487, 'coordinates': {'latitude': '-46.1325', 'longitude': '-42.3326'}, 'timezone': {'offset': '+2:00', 'description': 'Kaliningrad, South Africa'}}, 'email': 'lucas.andersen@example.com', 'login': {'uuid': '708c5439-4fdb-4d45-b8d4-9a55a7b9dc47', 'username': 'ticklishelephant650', 'password': 'lucy', 'salt': 'p82S1qtR', 'md5': '980c4aa7fd8f0ef98d5bfab4adf62637', 'sha1': '1f9ef1c6ebdffc9aa9f92c9481d4962e2394385c', 'sha256': '2967a59edb7376ee8fc5857ec18b7a55c31b0384a595f447fe918d8b5cc5cc88'}, 'dob': {'date': '1980-06-04T12:14:25.063Z', 'age': 43}, 'registered': {'date': '2009-07-16T13:13:36.455Z', 'age': 14}, 'phone': '64768724', 'cell': '23341154', 'id': {'name': 'CPR', 'value': '040680-7605'}, 'picture': {'large': 'https://randomuser.me/api/portraits/men/34.jpg', 'medium': 'https://randomuser.me/api/portraits/med/men/34.jpg', 'thumbnail': 'https://randomuser.me/api/portraits/thumb/men/34.jpg'}, 'nat': 'DK'}</msg>
<arg>${json_data['results'][0]}</arg>
<doc>Logs the given message with the given level.</doc>
<status status="PASS" start="2024-04-05T09:13:23.404755" elapsed="0.000448"/>
</kw>
<kw name="Log" owner="BuiltIn">
<msg time="2024-04-05T09:13:23.405623" level="INFO">login</msg>
<arg>${key}</arg>
<doc>Logs the given message with the given level.</doc>
<status status="PASS" start="2024-04-05T09:13:23.405495" elapsed="0.000265"/>
</kw>
<var name="${key}">login</var>
<status status="PASS" start="2024-04-05T09:13:23.403924" elapsed="0.002058"/>
</iter>
<var>${key}</var>
<value>@{expected_keys}</value>
<status status="PASS" start="2024-04-05T09:13:23.395189" elapsed="0.010942"/>
</for>
<kw name="Create List" owner="BuiltIn">
<msg time="2024-04-05T09:13:23.406469" level="INFO">${expected_keysTwo} = ['username', 'password']</msg>
<var>${expected_keysTwo}</var>
<arg>username</arg>
<arg>password</arg>
<doc>Returns a list containing given items.</doc>
<status status="PASS" start="2024-04-05T09:13:23.406330" elapsed="0.000163"/>
</kw>
<for flavor="IN">
<iter>
<kw name="Dictionary Should Contain Key" owner="Collections">
<msg time="2024-04-05T09:13:23.407386" level="INFO">False</msg>
<arg>${json_data['results'][0]['login']}</arg>
<arg>${keyTwo}</arg>
<doc>Fails if ``key`` is not found from ``dictionary``.</doc>
<status status="PASS" start="2024-04-05T09:13:23.406991" elapsed="0.000432"/>
</kw>
<kw name="Dictionary Should Contain Key" owner="Collections">
<msg time="2024-04-05T09:13:23.408107" level="INFO">False</msg>
<arg>${json_data['results'][0]['login']}</arg>
<arg>${keyTwo}</arg>
<doc>Fails if ``key`` is not found from ``dictionary``.</doc>
<status status="PASS" start="2024-04-05T09:13:23.407723" elapsed="0.000421"/>
</kw>
<kw name="Log" owner="BuiltIn">
<msg time="2024-04-05T09:13:23.408574" level="INFO">username</msg>
<arg>${keyTwo}</arg>
<doc>Logs the given message with the given level.</doc>
<status status="PASS" start="2024-04-05T09:13:23.408445" elapsed="0.000166"/>
</kw>
<var name="${keyTwo}">username</var>
<status status="PASS" start="2024-04-05T09:13:23.406881" elapsed="0.001943"/>
</iter>
<iter>
<kw name="Dictionary Should Contain Key" owner="Collections">
<msg time="2024-04-05T09:13:23.409516" level="INFO">False</msg>
<arg>${json_data['results'][0]['login']}</arg>
<arg>${keyTwo}</arg>
<doc>Fails if ``key`` is not found from ``dictionary``.</doc>
<status status="PASS" start="2024-04-05T09:13:23.409127" elapsed="0.000426"/>
</kw>
<kw name="Dictionary Should Contain Key" owner="Collections">
<msg time="2024-04-05T09:13:23.410226" level="INFO">False</msg>
<arg>${json_data['results'][0]['login']}</arg>
<arg>${keyTwo}</arg>
<doc>Fails if ``key`` is not found from ``dictionary``.</doc>
<status status="PASS" start="2024-04-05T09:13:23.409846" elapsed="0.000417"/>
</kw>
<kw name="Log" owner="BuiltIn">
<msg time="2024-04-05T09:13:23.410684" level="INFO">password</msg>
<arg>${keyTwo}</arg>
<doc>Logs the given message with the given level.</doc>
<status status="PASS" start="2024-04-05T09:13:23.410555" elapsed="0.000166"/>
</kw>
<var name="${keyTwo}">password</var>
<status status="PASS" start="2024-04-05T09:13:23.408997" elapsed="0.001939"/>
</iter>
<var>${keyTwo}</var>
<value>@{expected_keysTwo}</value>
<status status="PASS" start="2024-04-05T09:13:23.406730" elapsed="0.004326"/>
</for>
<status status="PASS" start="2024-04-05T09:13:23.294423" elapsed="0.116771"/>
</kw>
<doc>Testa a estrutura da resposta da API.</doc>
<tag>testeEstruturaResposta</tag>
<status status="PASS" start="2024-04-05T09:13:23.293522" elapsed="0.117823"/>
</test>
<test id="s1-s1-t4" name="Validar tipos de dados" line="28">
<kw name="Teste de Tipos de Dados" owner="random-user-service">
<kw name="GET On Session" owner="RequestsLibrary">
<msg time="2024-04-05T09:13:23.612303" level="INFO">GET Request : url=https://randomuser.me/api 
 path_url=/api 
 headers={'User-Agent': 'python-requests/2.31.0', 'Accept-Encoding': 'gzip, deflate', 'Accept': '*/*', 'Connection': 'keep-alive'} 
 body=None 
 </msg>
<msg time="2024-04-05T09:13:23.612401" level="INFO">GET Response : url=https://randomuser.me/api 
 status=200, reason=OK 
 headers={'Date': 'Fri, 05 Apr 2024 09:13:23 GMT', 'Content-Type': 'application/json; charset=utf-8', 'Transfer-Encoding': 'chunked', 'Connection': 'keep-alive', 'X-Powered-By': 'Express', 'Access-Control-Allow-Origin': '*', 'Cache-Control': 'no-cache', 'ETag': 'W/"49a-zr/wihy/keUdHXNYvFcrTILpSeU"', 'Vary': 'Accept-Encoding', 'Content-Encoding': 'gzip', 'CF-Cache-Status': 'DYNAMIC', 'Report-To': '{"endpoints":[{"url":"https:\\/\\/a.nel.cloudflare.com\\/report\\/v4?s=e3GSgjfuet3yEZrSjLhatLRjkJ%2FctGjFGFnlnbJSEH0Ntdgv5N2brq5vfM%2FSp6nybj3tWxyVV4VQbN60em3WKz25SlR9MJE0D%2BAM0yFFGP7rqwnxGCKL7wpZkGU5Vd%2FV"}],"group":"cf-nel","max_age":604800}', 'NEL': '{"success_fraction":0,"report_to":"cf-nel","max_age":604800}', 'Server': 'cloudflare', 'CF-RAY': '86f86c015c887d7c-LAX', 'alt-svc': 'h3=":443"; ma=86400'} 
 body={"results":[{"gender":"male","name":{"title":"Mr","first":"Amaury","last":"Henry"},"location":{"street":{"number":9148,"name":"Rue Paul Bert"},"city":"Tours","state":"Martinique","country":"France","postcode":31949,"coordinates":{"latitude":"-13.5918","longitude":"-114.2608"},"timezone":{"offset":"+5:00","description":"Ekaterinburg, Islamabad, Karachi, Tashkent"}},"email":"amaury.henry@example.com","login":{"uuid":"07aefea3-c5e1-4398-86e2-d90304c0303e","username":"whitecat837","password":"hannah","salt":"Vt6gmJIa","md5":"f2c9b582b60a2e021cd347630f0c67c1","sha1":"4a3cea44902f2be19c850a1fcd45b0c4a398ebbb","sha256":"13630ee25168d6f2400c0ea66cf28fdca7ed564c5ec671aa9d973df1203c496d"},"dob":{"date":"1978-12-22T01:26:41.797Z","age":45},"registered":{"date":"2002-06-28T03:13:46.090Z","age":21},"phone":"01-27-02-02-94","cell":"06-74-79-35-68","id":{"name":"INSEE","value":"1781115450533 05"},"picture":{"large":"https://randomuser.me/api/portraits/men/22.jpg","medium":"https://randomuser.me/api/portraits/med/men/22.jpg","thumbnail":"https://randomuser.me/api/portraits/thumb/men/22.jpg"},"nat":"FR"}],"info":{"seed":"4fa1a42481719006","results":1,"page":1,"version":"1.4"}} 
 </msg>
<msg time="2024-04-05T09:13:23.612478" level="INFO">/opt/hostedtoolcache/Python/3.12.2/x64/lib/python3.12/site-packages/urllib3/connectionpool.py:1103: InsecureRequestWarning: Unverified HTTPS request is being made to host 'randomuser.me'. Adding certificate verification is strongly advised. See: https://urllib3.readthedocs.io/en/latest/advanced-usage.html#tls-warnings
  warnings.warn(</msg>
<msg time="2024-04-05T09:13:23.612609" level="INFO">${response} = &lt;Response [200]&gt;</msg>
<var>${response}</var>
<arg>consultarAPI</arg>
<arg>/api</arg>
<doc>Sends a GET request on a previously created HTTP Session.</doc>
<status status="PASS" start="2024-04-05T09:13:23.414127" elapsed="0.198523"/>
</kw>
<kw name="Set Variable" owner="BuiltIn">
<msg time="2024-04-05T09:13:23.613758" level="INFO">${json_data} = {'results': [{'gender': 'male', 'name': {'title': 'Mr', 'first': 'Amaury', 'last': 'Henry'}, 'location': {'street': {'number': 9148, 'name': 'Rue Paul Bert'}, 'city': 'Tours', 'state': 'Martinique', '...</msg>
<var>${json_data}</var>
<arg>${response.json()}</arg>
<doc>Returns the given values which can then be assigned to a variables.</doc>
<status status="PASS" start="2024-04-05T09:13:23.613206" elapsed="0.000581"/>
</kw>
<kw name="Log" owner="BuiltIn">
<msg time="2024-04-05T09:13:23.614283" level="INFO">{'results': [{'gender': 'male', 'name': {'title': 'Mr', 'first': 'Amaury', 'last': 'Henry'}, 'location': {'street': {'number': 9148, 'name': 'Rue Paul Bert'}, 'city': 'Tours', 'state': 'Martinique', 'country': 'France', 'postcode': 31949, 'coordinates': {'latitude': '-13.5918', 'longitude': '-114.2608'}, 'timezone': {'offset': '+5:00', 'description': 'Ekaterinburg, Islamabad, Karachi, Tashkent'}}, 'email': 'amaury.henry@example.com', 'login': {'uuid': '07aefea3-c5e1-4398-86e2-d90304c0303e', 'username': 'whitecat837', 'password': 'hannah', 'salt': 'Vt6gmJIa', 'md5': 'f2c9b582b60a2e021cd347630f0c67c1', 'sha1': '4a3cea44902f2be19c850a1fcd45b0c4a398ebbb', 'sha256': '13630ee25168d6f2400c0ea66cf28fdca7ed564c5ec671aa9d973df1203c496d'}, 'dob': {'date': '1978-12-22T01:26:41.797Z', 'age': 45}, 'registered': {'date': '2002-06-28T03:13:46.090Z', 'age': 21}, 'phone': '01-27-02-02-94', 'cell': '06-74-79-35-68', 'id': {'name': 'INSEE', 'value': '1781115450533 05'}, 'picture': {'large': 'https://randomuser.me/api/portraits/men/22.jpg', 'medium': 'https://randomuser.me/api/portraits/med/men/22.jpg', 'thumbnail': 'https://randomuser.me/api/portraits/thumb/men/22.jpg'}, 'nat': 'FR'}], 'info': {'seed': '4fa1a42481719006', 'results': 1, 'page': 1, 'version': '1.4'}}</msg>
<arg>${json_data}</arg>
<doc>Logs the given message with the given level.</doc>
<status status="PASS" start="2024-04-05T09:13:23.614115" elapsed="0.000250"/>
</kw>
<kw name="Should Be String" owner="String">
<arg>${json_data['results'][0]['gender']}</arg>
<doc>Fails if the given ``item`` is not a string.</doc>
<status status="PASS" start="2024-04-05T09:13:23.614678" elapsed="0.000365"/>
</kw>
<kw name="Should Match Regexp" owner="BuiltIn">
<arg>${json_data['results'][0]['email']}</arg>
<arg>^[a-zA-Z0-9._%+-]+@[a-zA-Z0-9.-]+\.[a-zA-Z]{2,}$</arg>
<doc>Fails if ``string`` does not match ``pattern`` as a regular expression.</doc>
<status status="PASS" start="2024-04-05T09:13:23.615237" elapsed="0.000515"/>
</kw>
<kw name="Should Match Regexp" owner="BuiltIn">
<arg>${json_data['results'][0]['dob']['date']}</arg>
<arg>\\d{4}-\\d{2}-\\d{2}T\\d{2}:\\d{2}:\\d{2}\\.\\d{3}Z</arg>
<doc>Fails if ``string`` does not match ``pattern`` as a regular expression.</doc>
<status status="PASS" start="2024-04-05T09:13:23.615951" elapsed="0.000489"/>
</kw>
<kw name="Should Match Regexp" owner="BuiltIn">
<arg>${json_data['results'][0]['registered']['date']}</arg>
<arg>\\d{4}-\\d{2}-\\d{2}T\\d{2}:\\d{2}:\\d{2}\\.\\d{3}Z</arg>
<doc>Fails if ``string`` does not match ``pattern`` as a regular expression.</doc>
<status status="PASS" start="2024-04-05T09:13:23.616632" elapsed="0.000371"/>
</kw>
<kw name="Should Match Regexp" owner="BuiltIn">
<arg>${json_data['results'][0]['picture']['large']}</arg>
<arg>^https?://.*\.(?:png|jpe?g|gif|bmp)$</arg>
<doc>Fails if ``string`` does not match ``pattern`` as a regular expression.</doc>
<status status="PASS" start="2024-04-05T09:13:23.617232" elapsed="0.000476"/>
</kw>
<kw name="Should Match Regexp" owner="BuiltIn">
<arg>${json_data['results'][0]['picture']['medium']}</arg>
<arg>^https?://.*\.(?:png|jpe?g|gif|bmp)$</arg>
<doc>Fails if ``string`` does not match ``pattern`` as a regular expression.</doc>
<status status="PASS" start="2024-04-05T09:13:23.617898" elapsed="0.000364"/>
</kw>
<kw name="Should Match Regexp" owner="BuiltIn">
<arg>${json_data['results'][0]['picture']['thumbnail']}</arg>
<arg>^https?://.*\.(?:png|jpe?g|gif|bmp)$</arg>
<doc>Fails if ``string`` does not match ``pattern`` as a regular expression.</doc>
<status status="PASS" start="2024-04-05T09:13:23.618445" elapsed="0.000350"/>
</kw>
<kw name="Log" owner="BuiltIn">
<msg time="2024-04-05T09:13:23.619300" level="INFO">{'large': 'https://randomuser.me/api/portraits/men/22.jpg', 'medium': 'https://randomuser.me/api/portraits/med/men/22.jpg', 'thumbnail': 'https://randomuser.me/api/portraits/thumb/men/22.jpg'}</msg>
<arg>${json_data['results'][0]['picture']}</arg>
<doc>Logs the given message with the given level.</doc>
<status status="PASS" start="2024-04-05T09:13:23.618974" elapsed="0.000372"/>
</kw>
<status status="PASS" start="2024-04-05T09:13:23.413846" elapsed="0.205759"/>
</kw>
<kw name="Teste de Tipos de Dados - Postcode" owner="random-user-service">
<kw name="GET On Session" owner="RequestsLibrary">
<msg time="2024-04-05T09:13:23.729088" level="INFO">GET Request : url=https://randomuser.me/api 
 path_url=/api 
 headers={'User-Agent': 'python-requests/2.31.0', 'Accept-Encoding': 'gzip, deflate', 'Accept': '*/*', 'Connection': 'keep-alive'} 
 body=None 
 </msg>
<msg time="2024-04-05T09:13:23.729218" level="INFO">GET Response : url=https://randomuser.me/api 
 status=200, reason=OK 
 headers={'Date': 'Fri, 05 Apr 2024 09:13:23 GMT', 'Content-Type': 'application/json; charset=utf-8', 'Transfer-Encoding': 'chunked', 'Connection': 'keep-alive', 'X-Powered-By': 'Express', 'Access-Control-Allow-Origin': '*', 'Cache-Control': 'no-cache', 'ETag': 'W/"48b-W+crRA2POCApysgqS2QskOEEBX0"', 'Vary': 'Accept-Encoding', 'Content-Encoding': 'gzip', 'CF-Cache-Status': 'DYNAMIC', 'Report-To': '{"endpoints":[{"url":"https:\\/\\/a.nel.cloudflare.com\\/report\\/v4?s=Iu4H0R0D8KxWoyw%2B6LnBoCyfaYZS94ctZ2BP2usHKI6%2BGOyQUBneFDaCkQP5JHiqOjMMAY1eG0MhkdJ%2BaJCDWUfTiS0wWFcVzGkxNYBploZ%2ByrP8GFahtw%2Bzkbs1IQgM"}],"group":"cf-nel","max_age":604800}', 'NEL': '{"success_fraction":0,"report_to":"cf-nel","max_age":604800}', 'Server': 'cloudflare', 'CF-RAY': '86f86c02ae297d7c-LAX', 'alt-svc': 'h3=":443"; ma=86400'} 
 body={"results":[{"gender":"male","name":{"title":"Mr","first":"Pedro","last":"Martin"},"location":{"street":{"number":2763,"name":"Calle del Prado"},"city":"Orense","state":"Región de Murcia","country":"Spain","postcode":28799,"coordinates":{"latitude":"-31.4943","longitude":"-113.4754"},"timezone":{"offset":"+4:00","description":"Abu Dhabi, Muscat, Baku, Tbilisi"}},"email":"pedro.martin@example.com","login":{"uuid":"d8a4d9f3-97c8-42f5-91a6-ad76e6318a9d","username":"redkoala695","password":"arrows","salt":"LDXHi7we","md5":"ad2b9e0088e0fa8726e5b00ee03aa231","sha1":"c5004e90719ec2c1ba9b2438e130d668ec83658a","sha256":"2b3e4ea3a4bccc75fbf403c9e5ef6df99706cba58e81f96e11713fc953569e99"},"dob":{"date":"1993-02-13T07:32:17.174Z","age":31},"registered":{"date":"2011-06-19T13:02:30.247Z","age":12},"phone":"993-115-658","cell":"634-543-866","id":{"name":"DNI","value":"60326489-F"},"picture":{"large":"https://randomuser.me/api/portraits/men/42.jpg","medium":"https://randomuser.me/api/portraits/med/men/42.jpg","thumbnail":"https://randomuser.me/api/portraits/thumb/men/42.jpg"},"nat":"ES"}],"info":{"seed":"bdebf127e29d6d4f","results":1,"page":1,"version":"1.4"}} 
 </msg>
<msg time="2024-04-05T09:13:23.729312" level="INFO">/opt/hostedtoolcache/Python/3.12.2/x64/lib/python3.12/site-packages/urllib3/connectionpool.py:1103: InsecureRequestWarning: Unverified HTTPS request is being made to host 'randomuser.me'. Adding certificate verification is strongly advised. See: https://urllib3.readthedocs.io/en/latest/advanced-usage.html#tls-warnings
  warnings.warn(</msg>
<msg time="2024-04-05T09:13:23.729444" level="INFO">${response} = &lt;Response [200]&gt;</msg>
<var>${response}</var>
<arg>consultarAPI</arg>
<arg>/api</arg>
<doc>Sends a GET request on a previously created HTTP Session.</doc>
<status status="PASS" start="2024-04-05T09:13:23.620178" elapsed="0.109323"/>
</kw>
<kw name="Set Variable" owner="BuiltIn">
<msg time="2024-04-05T09:13:23.730653" level="INFO">${json_data} = {'results': [{'gender': 'male', 'name': {'title': 'Mr', 'first': 'Pedro', 'last': 'Martin'}, 'location': {'street': {'number': 2763, 'name': 'Calle del Prado'}, 'city': 'Orense', 'state': 'Región de M...</msg>
<var>${json_data}</var>
<arg>${response.json()}</arg>
<doc>Returns the given values which can then be assigned to a variables.</doc>
<status status="PASS" start="2024-04-05T09:13:23.730073" elapsed="0.000610"/>
</kw>
<kw name="Log" owner="BuiltIn">
<msg time="2024-04-05T09:13:23.731156" level="INFO">{'results': [{'gender': 'male', 'name': {'title': 'Mr', 'first': 'Pedro', 'last': 'Martin'}, 'location': {'street': {'number': 2763, 'name': 'Calle del Prado'}, 'city': 'Orense', 'state': 'Región de Murcia', 'country': 'Spain', 'postcode': 28799, 'coordinates': {'latitude': '-31.4943', 'longitude': '-113.4754'}, 'timezone': {'offset': '+4:00', 'description': 'Abu Dhabi, Muscat, Baku, Tbilisi'}}, 'email': 'pedro.martin@example.com', 'login': {'uuid': 'd8a4d9f3-97c8-42f5-91a6-ad76e6318a9d', 'username': 'redkoala695', 'password': 'arrows', 'salt': 'LDXHi7we', 'md5': 'ad2b9e0088e0fa8726e5b00ee03aa231', 'sha1': 'c5004e90719ec2c1ba9b2438e130d668ec83658a', 'sha256': '2b3e4ea3a4bccc75fbf403c9e5ef6df99706cba58e81f96e11713fc953569e99'}, 'dob': {'date': '1993-02-13T07:32:17.174Z', 'age': 31}, 'registered': {'date': '2011-06-19T13:02:30.247Z', 'age': 12}, 'phone': '993-115-658', 'cell': '634-543-866', 'id': {'name': 'DNI', 'value': '60326489-F'}, 'picture': {'large': 'https://randomuser.me/api/portraits/men/42.jpg', 'medium': 'https://randomuser.me/api/portraits/med/men/42.jpg', 'thumbnail': 'https://randomuser.me/api/portraits/thumb/men/42.jpg'}, 'nat': 'ES'}], 'info': {'seed': 'bdebf127e29d6d4f', 'results': 1, 'page': 1, 'version': '1.4'}}</msg>
<arg>${json_data}</arg>
<doc>Logs the given message with the given level.</doc>
<status status="PASS" start="2024-04-05T09:13:23.730997" elapsed="0.000240"/>
</kw>
<kw name="Should Be Equal As Numbers" owner="BuiltIn">
<arg>${json_data['results'][0]['location']['postcode']}</arg>
<arg>${json_data['results'][0]['location']['postcode']}</arg>
<doc>Fails if objects are unequal after converting them to real numbers.</doc>
<status status="PASS" start="2024-04-05T09:13:23.731583" elapsed="0.000650"/>
</kw>
<kw name="Log" owner="BuiltIn">
<msg time="2024-04-05T09:13:23.732766" level="INFO">28799</msg>
<arg>${json_data['results'][0]['location']['postcode']}</arg>
<doc>Logs the given message with the given level.</doc>
<status status="PASS" start="2024-04-05T09:13:23.732428" elapsed="0.000380"/>
</kw>
<status status="PASS" start="2024-04-05T09:13:23.619822" elapsed="0.113242"/>
</kw>
<doc>Testa se os tipos de dados na resposta da API estão corretos.</doc>
<tag>testeTiposDados</tag>
<status status="PASS" start="2024-04-05T09:13:23.413226" elapsed="0.320056"/>
</test>
<test id="s1-s1-t5" name="Validar conteudo" line="35">
<kw name="Teste de Tipos de Conteudo" owner="random-user-service">
<kw name="GET On Session" owner="RequestsLibrary">
<msg time="2024-04-05T09:13:23.834719" level="INFO">GET Request : url=https://randomuser.me/api 
 path_url=/api 
 headers={'User-Agent': 'python-requests/2.31.0', 'Accept-Encoding': 'gzip, deflate', 'Accept': '*/*', 'Connection': 'keep-alive'} 
 body=None 
 </msg>
<msg time="2024-04-05T09:13:23.834813" level="INFO">GET Response : url=https://randomuser.me/api 
 status=200, reason=OK 
 headers={'Date': 'Fri, 05 Apr 2024 09:13:23 GMT', 'Content-Type': 'application/json; charset=utf-8', 'Transfer-Encoding': 'chunked', 'Connection': 'keep-alive', 'X-Powered-By': 'Express', 'Access-Control-Allow-Origin': '*', 'Cache-Control': 'no-cache', 'ETag': 'W/"499-Z5j04HdTWMLbnWI0PZYjJWYve9w"', 'Vary': 'Accept-Encoding', 'Content-Encoding': 'gzip', 'CF-Cache-Status': 'DYNAMIC', 'Report-To': '{"endpoints":[{"url":"https:\\/\\/a.nel.cloudflare.com\\/report\\/v4?s=Ctc1cqYnqjfmamWA1QGYiKUwBiUUvcXszuvfi2r%2Fdd0R7CiRkjW%2BjS64Y0bqzzkUYe2%2FC08MH5rtjH55QwygsiM8G0q6gSWmQKijmriFihEeFayKljxwuOGVzIYR0rQu"}],"group":"cf-nel","max_age":604800}', 'NEL': '{"success_fraction":0,"report_to":"cf-nel","max_age":604800}', 'Server': 'cloudflare', 'CF-RAY': '86f86c035f657d7c-LAX', 'alt-svc': 'h3=":443"; ma=86400'} 
 body={"results":[{"gender":"female","name":{"title":"Ms","first":"Ljiljana","last":"Rađen"},"location":{"street":{"number":6613,"name":"Mlečanska"},"city":"Ivanjica","state":"Kosovo-Pomoravlje","country":"Serbia","postcode":98674,"coordinates":{"latitude":"59.6036","longitude":"127.6000"},"timezone":{"offset":"+5:30","description":"Bombay, Calcutta, Madras, New Delhi"}},"email":"ljiljana.raden@example.com","login":{"uuid":"69fba943-ff14-4b1b-bac1-9ad16a0719b6","username":"bigmeercat663","password":"salem","salt":"0htRgTTP","md5":"f1b3c4ff85884c8f751aa850b14fbae9","sha1":"38669802e29573e7bd57603f817a16ecb73dd035","sha256":"b66772e4a22ccd937ac857976295b0ba350fe8de613083e6db896bfae9f15c3e"},"dob":{"date":"1992-02-13T21:59:51.875Z","age":32},"registered":{"date":"2004-09-01T07:39:48.545Z","age":19},"phone":"030-4067-359","cell":"067-2021-438","id":{"name":"SID","value":"582228057"},"picture":{"large":"https://randomuser.me/api/portraits/women/41.jpg","medium":"https://randomuser.me/api/portraits/med/women/41.jpg","thumbnail":"https://randomuser.me/api/portraits/thumb/women/41.jpg"},"nat":"RS"}],"info":{"seed":"38495db7da0ee57c","results":1,"page":1,"version":"1.4"}} 
 </msg>
<msg time="2024-04-05T09:13:23.834907" level="INFO">/opt/hostedtoolcache/Python/3.12.2/x64/lib/python3.12/site-packages/urllib3/connectionpool.py:1103: InsecureRequestWarning: Unverified HTTPS request is being made to host 'randomuser.me'. Adding certificate verification is strongly advised. See: https://urllib3.readthedocs.io/en/latest/advanced-usage.html#tls-warnings
  warnings.warn(</msg>
<msg time="2024-04-05T09:13:23.835046" level="INFO">${response} = &lt;Response [200]&gt;</msg>
<var>${response}</var>
<arg>consultarAPI</arg>
<arg>/api</arg>
<doc>Sends a GET request on a previously created HTTP Session.</doc>
<status status="PASS" start="2024-04-05T09:13:23.735833" elapsed="0.099258"/>
</kw>
<kw name="Set Variable" owner="BuiltIn">
<msg time="2024-04-05T09:13:23.836353" level="INFO">${json_data} = {'results': [{'gender': 'female', 'name': {'title': 'Ms', 'first': 'Ljiljana', 'last': 'Rađen'}, 'location': {'street': {'number': 6613, 'name': 'Mlečanska'}, 'city': 'Ivanjica', 'state': 'Kosovo-Pomo...</msg>
<var>${json_data}</var>
<arg>${response.json()}</arg>
<doc>Returns the given values which can then be assigned to a variables.</doc>
<status status="PASS" start="2024-04-05T09:13:23.835606" elapsed="0.000800"/>
</kw>
<kw name="Set Variable" owner="BuiltIn">
<msg time="2024-04-05T09:13:23.837574" level="INFO">${name_title} = Ms</msg>
<var>${name_title}</var>
<arg>${json_data["results"][0]["name"]["title"]}</arg>
<doc>Returns the given values which can then be assigned to a variables.</doc>
<status status="PASS" start="2024-04-05T09:13:23.836896" elapsed="0.000721"/>
</kw>
<kw name="Create List" owner="BuiltIn">
<msg time="2024-04-05T09:13:23.838373" level="INFO">${allowed_titles} = ['Mr', 'Ms', 'Miss', 'Mrs', 'Madame', 'Monsieur']</msg>
<var>${allowed_titles}</var>
<arg>Mr</arg>
<arg>Ms</arg>
<arg>Miss</arg>
<arg>Mrs</arg>
<arg>Madame</arg>
<arg>Monsieur</arg>
<doc>Returns a list containing given items.</doc>
<status status="PASS" start="2024-04-05T09:13:23.838115" elapsed="0.000303"/>
</kw>
<kw name="List Should Contain Value" owner="Collections">
<msg time="2024-04-05T09:13:23.839130" level="INFO">False</msg>
<arg>${allowed_titles}</arg>
<arg>${name_title}</arg>
<doc>Fails if the ``value`` is not found from ``list``.</doc>
<status status="PASS" start="2024-04-05T09:13:23.838879" elapsed="0.000309"/>
</kw>
<kw name="Set Variable" owner="BuiltIn">
<msg time="2024-04-05T09:13:23.840200" level="INFO">${name_country} = RS</msg>
<var>${name_country}</var>
<arg>${json_data["results"][0]["nat"]}</arg>
<doc>Returns the given values which can then be assigned to a variables.</doc>
<status status="PASS" start="2024-04-05T09:13:23.839614" elapsed="0.000626"/>
</kw>
<kw name="Create List" owner="BuiltIn">
<msg time="2024-04-05T09:13:23.841888" level="INFO">${list_country} = ['AD', 'AE', 'AF', 'AG', 'AI', 'AL', 'AM', 'AO', 'AQ', 'AR', 'AS', 'AT', 'AU', 'AW', 'AX', 'AZ', 'BA', 'BB', 'BD', 'BE', 'BF', 'BG', 'BH', 'BI', 'BJ', 'BL', 'BM', 'BN', 'BO', 'BQ', 'BR', 'BS', 'BT', '...</msg>
<var>${list_country}</var>
<arg>AD</arg>
<arg>AE</arg>
<arg>AF</arg>
<arg>AG</arg>
<arg>AI</arg>
<arg>AL</arg>
<arg>AM</arg>
<arg>AO</arg>
<arg>AQ</arg>
<arg>AR</arg>
<arg>AS</arg>
<arg>AT</arg>
<arg>AU</arg>
<arg>AW</arg>
<arg>AX</arg>
<arg>AZ</arg>
<arg>BA</arg>
<arg>BB</arg>
<arg>BD</arg>
<arg>BE</arg>
<arg>BF</arg>
<arg>BG</arg>
<arg>BH</arg>
<arg>BI</arg>
<arg>BJ</arg>
<arg>BL</arg>
<arg>BM</arg>
<arg>BN</arg>
<arg>BO</arg>
<arg>BQ</arg>
<arg>BR</arg>
<arg>BS</arg>
<arg>BT</arg>
<arg>BV</arg>
<arg>BW</arg>
<arg>BY</arg>
<arg>BZ</arg>
<arg>CA</arg>
<arg>CC</arg>
<arg>CD</arg>
<arg>CF</arg>
<arg>CG</arg>
<arg>CH</arg>
<arg>CI</arg>
<arg>CK</arg>
<arg>CL</arg>
<arg>CM</arg>
<arg>CN</arg>
<arg>CO</arg>
<arg>CR</arg>
<arg>CU</arg>
<arg>CV</arg>
<arg>CW</arg>
<arg>CX</arg>
<arg>CY</arg>
<arg>CZ</arg>
<arg>DE</arg>
<arg>DJ</arg>
<arg>DK</arg>
<arg>DM</arg>
<arg>DO</arg>
<arg>DZ</arg>
<arg>EC</arg>
<arg>EE</arg>
<arg>EG</arg>
<arg>EH</arg>
<arg>ER</arg>
<arg>ES</arg>
<arg>ET</arg>
<arg>FI</arg>
<arg>FJ</arg>
<arg>FK</arg>
<arg>FM</arg>
<arg>FO</arg>
<arg>FR</arg>
<arg>GA</arg>
<arg>GB</arg>
<arg>GD</arg>
<arg>GE</arg>
<arg>GF</arg>
<arg>GG</arg>
<arg>GH</arg>
<arg>GI</arg>
<arg>GL</arg>
<arg>GM</arg>
<arg>GN</arg>
<arg>GP</arg>
<arg>GQ</arg>
<arg>GR</arg>
<arg>GS</arg>
<arg>GT</arg>
<arg>GU</arg>
<arg>GW</arg>
<arg>GY</arg>
<arg>HK</arg>
<arg>HM</arg>
<arg>HN</arg>
<arg>HR</arg>
<arg>HT</arg>
<arg>HU</arg>
<arg>ID</arg>
<arg>IE</arg>
<arg>IL</arg>
<arg>IM</arg>
<arg>IN</arg>
<arg>IO</arg>
<arg>IQ</arg>
<arg>IR</arg>
<arg>IS</arg>
<arg>IT</arg>
<arg>JE</arg>
<arg>JM</arg>
<arg>JO</arg>
<arg>JP</arg>
<arg>KE</arg>
<arg>KG</arg>
<arg>KH</arg>
<arg>KI</arg>
<arg>KM</arg>
<arg>KN</arg>
<arg>KP</arg>
<arg>KR</arg>
<arg>KW</arg>
<arg>KY</arg>
<arg>KZ</arg>
<arg>LA</arg>
<arg>LB</arg>
<arg>LC</arg>
<arg>LI</arg>
<arg>LK</arg>
<arg>LR</arg>
<arg>LS</arg>
<arg>LT</arg>
<arg>LU</arg>
<arg>LV</arg>
<arg>LY</arg>
<arg>MA</arg>
<arg>MC</arg>
<arg>MD</arg>
<arg>ME</arg>
<arg>MF</arg>
<arg>MG</arg>
<arg>MH</arg>
<arg>MK</arg>
<arg>ML</arg>
<arg>MM</arg>
<arg>MN</arg>
<arg>MO</arg>
<arg>MP</arg>
<arg>MQ</arg>
<arg>MR</arg>
<arg>MS</arg>
<arg>MT</arg>
<arg>MU</arg>
<arg>MV</arg>
<arg>MW</arg>
<arg>MX</arg>
<arg>MY</arg>
<arg>MZ</arg>
<arg>NA</arg>
<arg>NC</arg>
<arg>NE</arg>
<arg>NF</arg>
<arg>NG</arg>
<arg>NI</arg>
<arg>NL</arg>
<arg>NO</arg>
<arg>NP</arg>
<arg>NR</arg>
<arg>NU</arg>
<arg>NZ</arg>
<arg>OM</arg>
<arg>PA</arg>
<arg>PE</arg>
<arg>PF</arg>
<arg>PG</arg>
<arg>PH</arg>
<arg>PK</arg>
<arg>PL</arg>
<arg>PM</arg>
<arg>PN</arg>
<arg>PR</arg>
<arg>PS</arg>
<arg>PT</arg>
<arg>PW</arg>
<arg>PY</arg>
<arg>QA</arg>
<arg>RE</arg>
<arg>RO</arg>
<arg>RS</arg>
<arg>RU</arg>
<arg>RW</arg>
<arg>SA</arg>
<arg>SB</arg>
<arg>SC</arg>
<arg>SD</arg>
<arg>SE</arg>
<arg>SG</arg>
<arg>SH</arg>
<arg>SI</arg>
<arg>SJ</arg>
<arg>SK</arg>
<arg>SL</arg>
<arg>SM</arg>
<arg>SN</arg>
<arg>SO</arg>
<arg>SR</arg>
<arg>SS</arg>
<arg>ST</arg>
<arg>SV</arg>
<arg>SX</arg>
<arg>SY</arg>
<arg>SZ</arg>
<arg>TC</arg>
<arg>TD</arg>
<arg>TF</arg>
<arg>TG</arg>
<arg>TH</arg>
<arg>TJ</arg>
<arg>TK</arg>
<arg>TL</arg>
<arg>TM</arg>
<arg>TN</arg>
<arg>TO</arg>
<arg>TR</arg>
<arg>TT</arg>
<arg>TV</arg>
<arg>TW</arg>
<arg>TZ</arg>
<arg>UA</arg>
<arg>UG</arg>
<arg>UM</arg>
<arg>US</arg>
<arg>UY</arg>
<arg>UZ</arg>
<arg>VA</arg>
<arg>VC</arg>
<arg>VE</arg>
<arg>VG</arg>
<arg>VI</arg>
<arg>VN</arg>
<arg>VU</arg>
<arg>WF</arg>
<arg>WS</arg>
<arg>XK</arg>
<arg>YE</arg>
<arg>YT</arg>
<arg>ZA</arg>
<arg>ZM</arg>
<arg>ZW</arg>
<doc>Returns a list containing given items.</doc>
<status status="PASS" start="2024-04-05T09:13:23.840730" elapsed="0.001202"/>
</kw>
<kw name="List Should Contain Value" owner="Collections">
<msg time="2024-04-05T09:13:23.843902" level="INFO">False</msg>
<arg>${list_country}</arg>
<arg>${name_country}</arg>
<doc>Fails if the ``value`` is not found from ``list``.</doc>
<status status="PASS" start="2024-04-05T09:13:23.843573" elapsed="0.000395"/>
</kw>
<kw name="Run Keyword If" owner="BuiltIn">
<kw name="Should Be True" owner="BuiltIn">
<arg>${True}</arg>
<doc>Fails if the given condition is not true.</doc>
<status status="PASS" start="2024-04-05T09:13:23.845815" elapsed="0.000241"/>
</kw>
<arg>${json_data["results"][0]["location"]["coordinates"]["latitude"]} &gt;= -90 and ${json_data["results"][0]["location"]["coordinates"]["latitude"]} &lt;= 90</arg>
<arg>Should Be True</arg>
<arg>${True}</arg>
<doc>Runs the given keyword with the given arguments, if ``condition`` is true.</doc>
<status status="PASS" start="2024-04-05T09:13:23.844454" elapsed="0.001843"/>
</kw>
<kw name="Run Keyword If" owner="BuiltIn">
<kw name="Should Be True" owner="BuiltIn">
<arg>${True}</arg>
<doc>Fails if the given condition is not true.</doc>
<status status="PASS" start="2024-04-05T09:13:23.847761" elapsed="0.000197"/>
</kw>
<arg>${json_data["results"][0]["location"]["coordinates"]["longitude"]} &gt;= -180 and ${json_data["results"][0]["location"]["coordinates"]["longitude"]} &lt;= 180</arg>
<arg>Should Be True</arg>
<arg>${True}</arg>
<doc>Runs the given keyword with the given arguments, if ``condition`` is true.</doc>
<status status="PASS" start="2024-04-05T09:13:23.846629" elapsed="0.001527"/>
</kw>
<status status="PASS" start="2024-04-05T09:13:23.735598" elapsed="0.112768"/>
</kw>
<doc>Testa o conteúdo específico dos campos retornados pela API.</doc>
<tag>testeConteudo</tag>
<status status="PASS" start="2024-04-05T09:13:23.735052" elapsed="0.113547"/>
</test>
<status status="PASS" start="2024-04-05T09:13:22.836091" elapsed="1.015001"/>
</suite>
<status status="PASS" start="2024-04-05T09:13:22.822574" elapsed="1.033825"/>
</suite>
<statistics>
<total>
<stat pass="5" fail="0" skip="0">All Tests</stat>
</total>
<tag>
<stat pass="1" fail="0" skip="0">testeConteudo</stat>
<stat pass="1" fail="0" skip="0">testeEstruturaResposta</stat>
<stat pass="1" fail="0" skip="0">testeRequisicaoBasica</stat>
<stat pass="1" fail="0" skip="0">testeTiposDados</stat>
</tag>
<suite>
<stat pass="5" fail="0" skip="0" id="s1" name="Tests">Tests</stat>
<stat pass="5" fail="0" skip="0" id="s1-s1" name="Random-User-Test">Tests.Random-User-Test</stat>
</suite>
</statistics>
<errors>
</errors>
</robot>
