<?xml version="1.0" encoding="UTF-8"?>
<robot generator="Robot 7.0 (Python 3.12.2 on linux)" generated="2024-04-13T04:15:24.768920" rpa="false" schemaversion="5">
<suite id="s1" name="Tests" source="/home/runner/work/DesafioQAItauRogerioJordao/DesafioQAItauRogerioJordao/RamdonUser/tests">
<suite id="s1-s1" name="Random-User-Test" source="/home/runner/work/DesafioQAItauRogerioJordao/DesafioQAItauRogerioJordao/RamdonUser/tests/random-user-test.robot">
<test id="s1-s1-t1" name="Conectar" line="13">
<kw name="Conectar API" owner="random-user-service">
<kw name="Create Session" owner="RequestsLibrary">
<msg time="2024-04-13T04:15:25.138865" level="INFO">Creating Session using : alias=consultarAPI, url=https://randomuser.me/, headers={},                     cookies={}, auth=None, timeout=None, proxies=None, verify=False,                     debug=0 </msg>
<arg>consultarAPI</arg>
<arg>${URL}</arg>
<doc>Create Session: create a HTTP session to a server</doc>
<status status="PASS" start="2024-04-13T04:15:25.138670" elapsed="0.000354"/>
</kw>
<status status="PASS" start="2024-04-13T04:15:25.137569" elapsed="0.001765"/>
</kw>
<status status="PASS" start="2024-04-13T04:15:25.137095" elapsed="0.002427"/>
</test>
<test id="s1-s1-t2" name="Validar retorno 200 e JSON Válido" line="16">
<kw name="Teste de Requisicao Basica" owner="random-user-service">
<kw name="GET On Session" owner="RequestsLibrary">
<msg time="2024-04-13T04:15:25.357387" level="INFO">GET Request : url=https://randomuser.me/api 
 path_url=/api 
 headers={'User-Agent': 'python-requests/2.31.0', 'Accept-Encoding': 'gzip, deflate', 'Accept': '*/*', 'Connection': 'keep-alive'} 
 body=None 
 </msg>
<msg time="2024-04-13T04:15:25.357555" level="INFO">GET Response : url=https://randomuser.me/api 
 status=200, reason=OK 
 headers={'Date': 'Sat, 13 Apr 2024 04:15:25 GMT', 'Content-Type': 'application/json; charset=utf-8', 'Transfer-Encoding': 'chunked', 'Connection': 'keep-alive', 'X-Powered-By': 'Express', 'Access-Control-Allow-Origin': '*', 'Cache-Control': 'no-cache', 'ETag': 'W/"4ab-uGMZVSNp7bY4zmuqNFTxD8IrMZ0"', 'Vary': 'Accept-Encoding', 'Content-Encoding': 'gzip', 'CF-Cache-Status': 'DYNAMIC', 'Report-To': '{"endpoints":[{"url":"https:\\/\\/a.nel.cloudflare.com\\/report\\/v4?s=MPE%2FYfbPf5MVoVCLG86n86HyzwBqFYnyZxlj6WxpQIKK%2FOvREzFMZq1ZvzLkWG8cmqCZG9TPRmq90O0NIDjkeZ3zQ%2BbGx7Hq1CjiQeebLPpMsPiLPUIa8xz1Q129p7H6"}],"group":"cf-nel","max_age":604800}', 'NEL': '{"success_fraction":0,"report_to":"cf-nel","max_age":604800}', 'Server': 'cloudflare', 'CF-RAY': '8738a28749388011-IAD', 'alt-svc': 'h3=":443"; ma=86400'} 
 body={"results":[{"gender":"female","name":{"title":"Ms","first":"Enora","last":"Brun"},"location":{"street":{"number":8100,"name":"Rue du Bon-Pasteur"},"city":"Boulogne-Billancourt","state":"Paris","country":"France","postcode":37499,"coordinates":{"latitude":"-16.4310","longitude":"87.0137"},"timezone":{"offset":"+5:00","description":"Ekaterinburg, Islamabad, Karachi, Tashkent"}},"email":"enora.brun@example.com","login":{"uuid":"51cbcc2c-4cc0-4b8a-8291-eae48adadc5f","username":"bigtiger695","password":"mooses","salt":"XXbTHNsj","md5":"0527ebd8a68b5112fb06aecc01b206d6","sha1":"7f32ed10334f3d0da0aff8c50017af3ac7017ad6","sha256":"3c78cb5d6e758d2963c90bd2d6d3f21512123e3419b0b60ca348c59271f76521"},"dob":{"date":"1997-11-02T19:13:51.038Z","age":26},"registered":{"date":"2008-06-16T14:31:22.252Z","age":15},"phone":"04-86-87-39-82","cell":"06-74-28-10-86","id":{"name":"INSEE","value":"2971011475389 62"},"picture":{"large":"https://randomuser.me/api/portraits/women/52.jpg","medium":"https://randomuser.me/api/portraits/med/women/52.jpg","thumbnail":"https://randomuser.me/api/portraits/thumb/women/52.jpg"},"nat":"FR"}],"info":{"seed":"29c514ea39e8564b","results":1,"page":1,"version":"1.4"}} 
 </msg>
<msg time="2024-04-13T04:15:25.357638" level="INFO">/opt/hostedtoolcache/Python/3.12.2/x64/lib/python3.12/site-packages/urllib3/connectionpool.py:1103: InsecureRequestWarning: Unverified HTTPS request is being made to host 'randomuser.me'. Adding certificate verification is strongly advised. See: https://urllib3.readthedocs.io/en/latest/advanced-usage.html#tls-warnings
  warnings.warn(</msg>
<msg time="2024-04-13T04:15:25.357832" level="INFO">${response} = &lt;Response [200]&gt;</msg>
<var>${response}</var>
<arg>consultarAPI</arg>
<arg>/api</arg>
<doc>Sends a GET request on a previously created HTTP Session.</doc>
<status status="PASS" start="2024-04-13T04:15:25.141997" elapsed="0.215879"/>
</kw>
<kw name="Should Be Equal As Numbers" owner="BuiltIn">
<msg time="2024-04-13T04:15:25.358841" level="INFO">Argument types are:
&lt;class 'int'&gt;
&lt;class 'str'&gt;</msg>
<arg>${response.status_code}</arg>
<arg>200</arg>
<doc>Fails if objects are unequal after converting them to real numbers.</doc>
<status status="PASS" start="2024-04-13T04:15:25.358399" elapsed="0.000506"/>
</kw>
<kw name="Log" owner="BuiltIn">
<msg time="2024-04-13T04:15:25.359597" level="INFO">200</msg>
<arg>${response.status_code}</arg>
<doc>Logs the given message with the given level.</doc>
<status status="PASS" start="2024-04-13T04:15:25.359231" elapsed="0.000411"/>
</kw>
<kw name="Set Variable" owner="BuiltIn">
<msg time="2024-04-13T04:15:25.360413" level="INFO">${json_data} = {'results': [{'gender': 'female', 'name': {'title': 'Ms', 'first': 'Enora', 'last': 'Brun'}, 'location': {'street': {'number': 8100, 'name': 'Rue du Bon-Pasteur'}, 'city': 'Boulogne-Billancourt', 'sta...</msg>
<var>${json_data}</var>
<arg>${response.json()}</arg>
<doc>Returns the given values which can then be assigned to a variables.</doc>
<status status="PASS" start="2024-04-13T04:15:25.359968" elapsed="0.000474"/>
</kw>
<kw name="Dictionary Should Contain Key" owner="Collections">
<msg time="2024-04-13T04:15:25.360944" level="INFO">False</msg>
<arg>${json_data}</arg>
<arg>results</arg>
<doc>Fails if ``key`` is not found from ``dictionary``.</doc>
<status status="PASS" start="2024-04-13T04:15:25.360748" elapsed="0.000239"/>
</kw>
<status status="PASS" start="2024-04-13T04:15:25.141695" elapsed="0.219549"/>
</kw>
<doc>Testa se a API responde corretamente e retorna um objeto JSON válido.</doc>
<tag>testeRequisicaoBasica</tag>
<status status="PASS" start="2024-04-13T04:15:25.141192" elapsed="0.220231"/>
</test>
<test id="s1-s1-t3" name="Validar estrutura de resposta" line="22">
<kw name="Teste de Estrutura de Resposta" owner="random-user-service">
<kw name="GET On Session" owner="RequestsLibrary">
<msg time="2024-04-13T04:15:25.450041" level="INFO">GET Request : url=https://randomuser.me/api 
 path_url=/api 
 headers={'User-Agent': 'python-requests/2.31.0', 'Accept-Encoding': 'gzip, deflate', 'Accept': '*/*', 'Connection': 'keep-alive'} 
 body=None 
 </msg>
<msg time="2024-04-13T04:15:25.450130" level="INFO">GET Response : url=https://randomuser.me/api 
 status=200, reason=OK 
 headers={'Date': 'Sat, 13 Apr 2024 04:15:25 GMT', 'Content-Type': 'application/json; charset=utf-8', 'Transfer-Encoding': 'chunked', 'Connection': 'keep-alive', 'X-Powered-By': 'Express', 'Access-Control-Allow-Origin': '*', 'Cache-Control': 'no-cache', 'ETag': 'W/"49f-igd+z5+06XjYbSKt9yDLqZ4jeGI"', 'Vary': 'Accept-Encoding', 'Content-Encoding': 'gzip', 'CF-Cache-Status': 'DYNAMIC', 'Report-To': '{"endpoints":[{"url":"https:\\/\\/a.nel.cloudflare.com\\/report\\/v4?s=Xnl2w1sp9EGIcMVqfjXzyK5BzNJNFL4rIXG7%2FxtklxHRaEzswnz4iVF7utCYyg4Wftfj2BmNXzpkDPkYBlr%2BYe7SluLIJSHTfXLyK95KhHeFdHO73FD91gTIApWYbKeq"}],"group":"cf-nel","max_age":604800}', 'NEL': '{"success_fraction":0,"report_to":"cf-nel","max_age":604800}', 'Server': 'cloudflare', 'CF-RAY': '8738a28789728011-IAD', 'alt-svc': 'h3=":443"; ma=86400'} 
 body={"results":[{"gender":"female","name":{"title":"Mademoiselle","first":"Jeanne","last":"Dumont"},"location":{"street":{"number":8764,"name":"Esplanade du 9 Novembre 1989"},"city":"Essertes","state":"Ticino","country":"Switzerland","postcode":4419,"coordinates":{"latitude":"-56.8590","longitude":"103.0772"},"timezone":{"offset":"+5:45","description":"Kathmandu"}},"email":"jeanne.dumont@example.com","login":{"uuid":"730ce24c-eceb-4d7c-b635-8c5243689ee6","username":"goldenleopard797","password":"celica","salt":"V6S3EWTA","md5":"e3cfad655b21631e13995cab692ee205","sha1":"1d78864f077b60dcbc3599929fafab072876a471","sha256":"9151084823a21707ee38558a2dad3b13043defbe9ab08196be9f8b3326882ae0"},"dob":{"date":"1963-10-05T06:01:37.409Z","age":60},"registered":{"date":"2005-02-17T03:45:56.036Z","age":19},"phone":"077 698 31 39","cell":"079 736 38 99","id":{"name":"AVS","value":"756.6701.0491.86"},"picture":{"large":"https://randomuser.me/api/portraits/women/29.jpg","medium":"https://randomuser.me/api/portraits/med/women/29.jpg","thumbnail":"https://randomuser.me/api/portraits/thumb/women/29.jpg"},"nat":"CH"}],"info":{"seed":"b28cb2515b0fa8c6","results":1,"page":1,"version":"1.4"}} 
 </msg>
<msg time="2024-04-13T04:15:25.450269" level="INFO">/opt/hostedtoolcache/Python/3.12.2/x64/lib/python3.12/site-packages/urllib3/connectionpool.py:1103: InsecureRequestWarning: Unverified HTTPS request is being made to host 'randomuser.me'. Adding certificate verification is strongly advised. See: https://urllib3.readthedocs.io/en/latest/advanced-usage.html#tls-warnings
  warnings.warn(</msg>
<msg time="2024-04-13T04:15:25.450396" level="INFO">${response} = &lt;Response [200]&gt;</msg>
<var>${response}</var>
<arg>consultarAPI</arg>
<arg>/api</arg>
<doc>Sends a GET request on a previously created HTTP Session.</doc>
<status status="PASS" start="2024-04-13T04:15:25.364587" elapsed="0.085859"/>
</kw>
<kw name="Set Variable" owner="BuiltIn">
<msg time="2024-04-13T04:15:25.451322" level="INFO">${json_data} = {'results': [{'gender': 'female', 'name': {'title': 'Mademoiselle', 'first': 'Jeanne', 'last': 'Dumont'}, 'location': {'street': {'number': 8764, 'name': 'Esplanade du 9 Novembre 1989'}, 'city': 'Esse...</msg>
<var>${json_data}</var>
<arg>${response.json()}</arg>
<doc>Returns the given values which can then be assigned to a variables.</doc>
<status status="PASS" start="2024-04-13T04:15:25.450871" elapsed="0.000480"/>
</kw>
<kw name="Log" owner="BuiltIn">
<msg time="2024-04-13T04:15:25.451829" level="INFO">{'results': [{'gender': 'female', 'name': {'title': 'Mademoiselle', 'first': 'Jeanne', 'last': 'Dumont'}, 'location': {'street': {'number': 8764, 'name': 'Esplanade du 9 Novembre 1989'}, 'city': 'Essertes', 'state': 'Ticino', 'country': 'Switzerland', 'postcode': 4419, 'coordinates': {'latitude': '-56.8590', 'longitude': '103.0772'}, 'timezone': {'offset': '+5:45', 'description': 'Kathmandu'}}, 'email': 'jeanne.dumont@example.com', 'login': {'uuid': '730ce24c-eceb-4d7c-b635-8c5243689ee6', 'username': 'goldenleopard797', 'password': 'celica', 'salt': 'V6S3EWTA', 'md5': 'e3cfad655b21631e13995cab692ee205', 'sha1': '1d78864f077b60dcbc3599929fafab072876a471', 'sha256': '9151084823a21707ee38558a2dad3b13043defbe9ab08196be9f8b3326882ae0'}, 'dob': {'date': '1963-10-05T06:01:37.409Z', 'age': 60}, 'registered': {'date': '2005-02-17T03:45:56.036Z', 'age': 19}, 'phone': '077 698 31 39', 'cell': '079 736 38 99', 'id': {'name': 'AVS', 'value': '756.6701.0491.86'}, 'picture': {'large': 'https://randomuser.me/api/portraits/women/29.jpg', 'medium': 'https://randomuser.me/api/portraits/med/women/29.jpg', 'thumbnail': 'https://randomuser.me/api/portraits/thumb/women/29.jpg'}, 'nat': 'CH'}], 'info': {'seed': 'b28cb2515b0fa8c6', 'results': 1, 'page': 1, 'version': '1.4'}}</msg>
<arg>${json_data}</arg>
<doc>Logs the given message with the given level.</doc>
<status status="PASS" start="2024-04-13T04:15:25.451663" elapsed="0.000214"/>
</kw>
<kw name="Dictionary Should Contain Key" owner="Collections">
<msg time="2024-04-13T04:15:25.452330" level="INFO">False</msg>
<arg>${json_data}</arg>
<arg>results</arg>
<doc>Fails if ``key`` is not found from ``dictionary``.</doc>
<status status="PASS" start="2024-04-13T04:15:25.452177" elapsed="0.000192"/>
</kw>
<kw name="Should Not Be Empty" owner="BuiltIn">
<msg time="2024-04-13T04:15:25.452819" level="INFO">Length is 2.</msg>
<arg>${json_data}</arg>
<doc>Verifies that the given item is not empty.</doc>
<status status="PASS" start="2024-04-13T04:15:25.452691" elapsed="0.000201"/>
</kw>
<kw name="Create List" owner="BuiltIn">
<msg time="2024-04-13T04:15:25.453342" level="INFO">${expected_keys} = ['gender', 'name', 'location', 'email', 'login']</msg>
<var>${expected_keys}</var>
<arg>gender</arg>
<arg>name</arg>
<arg>location</arg>
<arg>email</arg>
<arg>login</arg>
<doc>Returns a list containing given items.</doc>
<status status="PASS" start="2024-04-13T04:15:25.453189" elapsed="0.000184"/>
</kw>
<for flavor="IN">
<iter>
<kw name="Dictionary Should Contain Key" owner="Collections">
<msg time="2024-04-13T04:15:25.454369" level="INFO">False</msg>
<arg>${json_data['results'][0]}</arg>
<arg>${key}</arg>
<doc>Fails if ``key`` is not found from ``dictionary``.</doc>
<status status="PASS" start="2024-04-13T04:15:25.453965" elapsed="0.000445"/>
</kw>
<kw name="Log" owner="BuiltIn">
<msg time="2024-04-13T04:15:25.455102" level="INFO">{'gender': 'female', 'name': {'title': 'Mademoiselle', 'first': 'Jeanne', 'last': 'Dumont'}, 'location': {'street': {'number': 8764, 'name': 'Esplanade du 9 Novembre 1989'}, 'city': 'Essertes', 'state': 'Ticino', 'country': 'Switzerland', 'postcode': 4419, 'coordinates': {'latitude': '-56.8590', 'longitude': '103.0772'}, 'timezone': {'offset': '+5:45', 'description': 'Kathmandu'}}, 'email': 'jeanne.dumont@example.com', 'login': {'uuid': '730ce24c-eceb-4d7c-b635-8c5243689ee6', 'username': 'goldenleopard797', 'password': 'celica', 'salt': 'V6S3EWTA', 'md5': 'e3cfad655b21631e13995cab692ee205', 'sha1': '1d78864f077b60dcbc3599929fafab072876a471', 'sha256': '9151084823a21707ee38558a2dad3b13043defbe9ab08196be9f8b3326882ae0'}, 'dob': {'date': '1963-10-05T06:01:37.409Z', 'age': 60}, 'registered': {'date': '2005-02-17T03:45:56.036Z', 'age': 19}, 'phone': '077 698 31 39', 'cell': '079 736 38 99', 'id': {'name': 'AVS', 'value': '756.6701.0491.86'}, 'picture': {'large': 'https://randomuser.me/api/portraits/women/29.jpg', 'medium': 'https://randomuser.me/api/portraits/med/women/29.jpg', 'thumbnail': 'https://randomuser.me/api/portraits/thumb/women/29.jpg'}, 'nat': 'CH'}</msg>
<arg>${json_data['results'][0]}</arg>
<doc>Logs the given message with the given level.</doc>
<status status="PASS" start="2024-04-13T04:15:25.454728" elapsed="0.000424"/>
</kw>
<kw name="Log" owner="BuiltIn">
<msg time="2024-04-13T04:15:25.455593" level="INFO">gender</msg>
<arg>${key}</arg>
<doc>Logs the given message with the given level.</doc>
<status status="PASS" start="2024-04-13T04:15:25.455458" elapsed="0.000174"/>
</kw>
<var name="${key}">gender</var>
<status status="PASS" start="2024-04-13T04:15:25.453836" elapsed="0.002016"/>
</iter>
<iter>
<kw name="Dictionary Should Contain Key" owner="Collections">
<msg time="2024-04-13T04:15:25.456550" level="INFO">False</msg>
<arg>${json_data['results'][0]}</arg>
<arg>${key}</arg>
<doc>Fails if ``key`` is not found from ``dictionary``.</doc>
<status status="PASS" start="2024-04-13T04:15:25.456157" elapsed="0.000432"/>
</kw>
<kw name="Log" owner="BuiltIn">
<msg time="2024-04-13T04:15:25.457341" level="INFO">{'gender': 'female', 'name': {'title': 'Mademoiselle', 'first': 'Jeanne', 'last': 'Dumont'}, 'location': {'street': {'number': 8764, 'name': 'Esplanade du 9 Novembre 1989'}, 'city': 'Essertes', 'state': 'Ticino', 'country': 'Switzerland', 'postcode': 4419, 'coordinates': {'latitude': '-56.8590', 'longitude': '103.0772'}, 'timezone': {'offset': '+5:45', 'description': 'Kathmandu'}}, 'email': 'jeanne.dumont@example.com', 'login': {'uuid': '730ce24c-eceb-4d7c-b635-8c5243689ee6', 'username': 'goldenleopard797', 'password': 'celica', 'salt': 'V6S3EWTA', 'md5': 'e3cfad655b21631e13995cab692ee205', 'sha1': '1d78864f077b60dcbc3599929fafab072876a471', 'sha256': '9151084823a21707ee38558a2dad3b13043defbe9ab08196be9f8b3326882ae0'}, 'dob': {'date': '1963-10-05T06:01:37.409Z', 'age': 60}, 'registered': {'date': '2005-02-17T03:45:56.036Z', 'age': 19}, 'phone': '077 698 31 39', 'cell': '079 736 38 99', 'id': {'name': 'AVS', 'value': '756.6701.0491.86'}, 'picture': {'large': 'https://randomuser.me/api/portraits/women/29.jpg', 'medium': 'https://randomuser.me/api/portraits/med/women/29.jpg', 'thumbnail': 'https://randomuser.me/api/portraits/thumb/women/29.jpg'}, 'nat': 'CH'}</msg>
<arg>${json_data['results'][0]}</arg>
<doc>Logs the given message with the given level.</doc>
<status status="PASS" start="2024-04-13T04:15:25.456939" elapsed="0.000456"/>
</kw>
<kw name="Log" owner="BuiltIn">
<msg time="2024-04-13T04:15:25.457873" level="INFO">name</msg>
<arg>${key}</arg>
<doc>Logs the given message with the given level.</doc>
<status status="PASS" start="2024-04-13T04:15:25.457741" elapsed="0.000172"/>
</kw>
<var name="${key}">name</var>
<status status="PASS" start="2024-04-13T04:15:25.456043" elapsed="0.002089"/>
</iter>
<iter>
<kw name="Dictionary Should Contain Key" owner="Collections">
<msg time="2024-04-13T04:15:25.458849" level="INFO">False</msg>
<arg>${json_data['results'][0]}</arg>
<arg>${key}</arg>
<doc>Fails if ``key`` is not found from ``dictionary``.</doc>
<status status="PASS" start="2024-04-13T04:15:25.458426" elapsed="0.000463"/>
</kw>
<kw name="Log" owner="BuiltIn">
<msg time="2024-04-13T04:15:25.459560" level="INFO">{'gender': 'female', 'name': {'title': 'Mademoiselle', 'first': 'Jeanne', 'last': 'Dumont'}, 'location': {'street': {'number': 8764, 'name': 'Esplanade du 9 Novembre 1989'}, 'city': 'Essertes', 'state': 'Ticino', 'country': 'Switzerland', 'postcode': 4419, 'coordinates': {'latitude': '-56.8590', 'longitude': '103.0772'}, 'timezone': {'offset': '+5:45', 'description': 'Kathmandu'}}, 'email': 'jeanne.dumont@example.com', 'login': {'uuid': '730ce24c-eceb-4d7c-b635-8c5243689ee6', 'username': 'goldenleopard797', 'password': 'celica', 'salt': 'V6S3EWTA', 'md5': 'e3cfad655b21631e13995cab692ee205', 'sha1': '1d78864f077b60dcbc3599929fafab072876a471', 'sha256': '9151084823a21707ee38558a2dad3b13043defbe9ab08196be9f8b3326882ae0'}, 'dob': {'date': '1963-10-05T06:01:37.409Z', 'age': 60}, 'registered': {'date': '2005-02-17T03:45:56.036Z', 'age': 19}, 'phone': '077 698 31 39', 'cell': '079 736 38 99', 'id': {'name': 'AVS', 'value': '756.6701.0491.86'}, 'picture': {'large': 'https://randomuser.me/api/portraits/women/29.jpg', 'medium': 'https://randomuser.me/api/portraits/med/women/29.jpg', 'thumbnail': 'https://randomuser.me/api/portraits/thumb/women/29.jpg'}, 'nat': 'CH'}</msg>
<arg>${json_data['results'][0]}</arg>
<doc>Logs the given message with the given level.</doc>
<status status="PASS" start="2024-04-13T04:15:25.459198" elapsed="0.000435"/>
</kw>
<kw name="Log" owner="BuiltIn">
<msg time="2024-04-13T04:15:25.460129" level="INFO">location</msg>
<arg>${key}</arg>
<doc>Logs the given message with the given level.</doc>
<status status="PASS" start="2024-04-13T04:15:25.459996" elapsed="0.000173"/>
</kw>
<var name="${key}">location</var>
<status status="PASS" start="2024-04-13T04:15:25.458314" elapsed="0.002076"/>
</iter>
<iter>
<kw name="Dictionary Should Contain Key" owner="Collections">
<msg time="2024-04-13T04:15:25.461108" level="INFO">False</msg>
<arg>${json_data['results'][0]}</arg>
<arg>${key}</arg>
<doc>Fails if ``key`` is not found from ``dictionary``.</doc>
<status status="PASS" start="2024-04-13T04:15:25.460679" elapsed="0.000468"/>
</kw>
<kw name="Log" owner="BuiltIn">
<msg time="2024-04-13T04:15:25.461818" level="INFO">{'gender': 'female', 'name': {'title': 'Mademoiselle', 'first': 'Jeanne', 'last': 'Dumont'}, 'location': {'street': {'number': 8764, 'name': 'Esplanade du 9 Novembre 1989'}, 'city': 'Essertes', 'state': 'Ticino', 'country': 'Switzerland', 'postcode': 4419, 'coordinates': {'latitude': '-56.8590', 'longitude': '103.0772'}, 'timezone': {'offset': '+5:45', 'description': 'Kathmandu'}}, 'email': 'jeanne.dumont@example.com', 'login': {'uuid': '730ce24c-eceb-4d7c-b635-8c5243689ee6', 'username': 'goldenleopard797', 'password': 'celica', 'salt': 'V6S3EWTA', 'md5': 'e3cfad655b21631e13995cab692ee205', 'sha1': '1d78864f077b60dcbc3599929fafab072876a471', 'sha256': '9151084823a21707ee38558a2dad3b13043defbe9ab08196be9f8b3326882ae0'}, 'dob': {'date': '1963-10-05T06:01:37.409Z', 'age': 60}, 'registered': {'date': '2005-02-17T03:45:56.036Z', 'age': 19}, 'phone': '077 698 31 39', 'cell': '079 736 38 99', 'id': {'name': 'AVS', 'value': '756.6701.0491.86'}, 'picture': {'large': 'https://randomuser.me/api/portraits/women/29.jpg', 'medium': 'https://randomuser.me/api/portraits/med/women/29.jpg', 'thumbnail': 'https://randomuser.me/api/portraits/thumb/women/29.jpg'}, 'nat': 'CH'}</msg>
<arg>${json_data['results'][0]}</arg>
<doc>Logs the given message with the given level.</doc>
<status status="PASS" start="2024-04-13T04:15:25.461449" elapsed="0.000418"/>
</kw>
<kw name="Log" owner="BuiltIn">
<msg time="2024-04-13T04:15:25.462299" level="INFO">email</msg>
<arg>${key}</arg>
<doc>Logs the given message with the given level.</doc>
<status status="PASS" start="2024-04-13T04:15:25.462167" elapsed="0.000172"/>
</kw>
<var name="${key}">email</var>
<status status="PASS" start="2024-04-13T04:15:25.460568" elapsed="0.001986"/>
</iter>
<iter>
<kw name="Dictionary Should Contain Key" owner="Collections">
<msg time="2024-04-13T04:15:25.463229" level="INFO">False</msg>
<arg>${json_data['results'][0]}</arg>
<arg>${key}</arg>
<doc>Fails if ``key`` is not found from ``dictionary``.</doc>
<status status="PASS" start="2024-04-13T04:15:25.462845" elapsed="0.000423"/>
</kw>
<kw name="Log" owner="BuiltIn">
<msg time="2024-04-13T04:15:25.463924" level="INFO">{'gender': 'female', 'name': {'title': 'Mademoiselle', 'first': 'Jeanne', 'last': 'Dumont'}, 'location': {'street': {'number': 8764, 'name': 'Esplanade du 9 Novembre 1989'}, 'city': 'Essertes', 'state': 'Ticino', 'country': 'Switzerland', 'postcode': 4419, 'coordinates': {'latitude': '-56.8590', 'longitude': '103.0772'}, 'timezone': {'offset': '+5:45', 'description': 'Kathmandu'}}, 'email': 'jeanne.dumont@example.com', 'login': {'uuid': '730ce24c-eceb-4d7c-b635-8c5243689ee6', 'username': 'goldenleopard797', 'password': 'celica', 'salt': 'V6S3EWTA', 'md5': 'e3cfad655b21631e13995cab692ee205', 'sha1': '1d78864f077b60dcbc3599929fafab072876a471', 'sha256': '9151084823a21707ee38558a2dad3b13043defbe9ab08196be9f8b3326882ae0'}, 'dob': {'date': '1963-10-05T06:01:37.409Z', 'age': 60}, 'registered': {'date': '2005-02-17T03:45:56.036Z', 'age': 19}, 'phone': '077 698 31 39', 'cell': '079 736 38 99', 'id': {'name': 'AVS', 'value': '756.6701.0491.86'}, 'picture': {'large': 'https://randomuser.me/api/portraits/women/29.jpg', 'medium': 'https://randomuser.me/api/portraits/med/women/29.jpg', 'thumbnail': 'https://randomuser.me/api/portraits/thumb/women/29.jpg'}, 'nat': 'CH'}</msg>
<arg>${json_data['results'][0]}</arg>
<doc>Logs the given message with the given level.</doc>
<status status="PASS" start="2024-04-13T04:15:25.463562" elapsed="0.000411"/>
</kw>
<kw name="Log" owner="BuiltIn">
<msg time="2024-04-13T04:15:25.464399" level="INFO">login</msg>
<arg>${key}</arg>
<doc>Logs the given message with the given level.</doc>
<status status="PASS" start="2024-04-13T04:15:25.464271" elapsed="0.000166"/>
</kw>
<var name="${key}">login</var>
<status status="PASS" start="2024-04-13T04:15:25.462734" elapsed="0.001945"/>
</iter>
<var>${key}</var>
<value>@{expected_keys}</value>
<status status="PASS" start="2024-04-13T04:15:25.453630" elapsed="0.011178"/>
</for>
<kw name="Create List" owner="BuiltIn">
<msg time="2024-04-13T04:15:25.465216" level="INFO">${expected_keysTwo} = ['username', 'password']</msg>
<var>${expected_keysTwo}</var>
<arg>username</arg>
<arg>password</arg>
<doc>Returns a list containing given items.</doc>
<status status="PASS" start="2024-04-13T04:15:25.465069" elapsed="0.000172"/>
</kw>
<for flavor="IN">
<iter>
<kw name="Dictionary Should Contain Key" owner="Collections">
<msg time="2024-04-13T04:15:25.466351" level="INFO">False</msg>
<arg>${json_data['results'][0]['login']}</arg>
<arg>${keyTwo}</arg>
<doc>Fails if ``key`` is not found from ``dictionary``.</doc>
<status status="PASS" start="2024-04-13T04:15:25.465872" elapsed="0.000518"/>
</kw>
<kw name="Dictionary Should Contain Key" owner="Collections">
<msg time="2024-04-13T04:15:25.467177" level="INFO">False</msg>
<arg>${json_data['results'][0]['login']}</arg>
<arg>${keyTwo}</arg>
<doc>Fails if ``key`` is not found from ``dictionary``.</doc>
<status status="PASS" start="2024-04-13T04:15:25.466718" elapsed="0.000500"/>
</kw>
<kw name="Log" owner="BuiltIn">
<msg time="2024-04-13T04:15:25.467668" level="INFO">username</msg>
<arg>${keyTwo}</arg>
<doc>Logs the given message with the given level.</doc>
<status status="PASS" start="2024-04-13T04:15:25.467523" elapsed="0.000185"/>
</kw>
<var name="${keyTwo}">username</var>
<status status="PASS" start="2024-04-13T04:15:25.465742" elapsed="0.002227"/>
</iter>
<iter>
<kw name="Dictionary Should Contain Key" owner="Collections">
<msg time="2024-04-13T04:15:25.468637" level="INFO">False</msg>
<arg>${json_data['results'][0]['login']}</arg>
<arg>${keyTwo}</arg>
<doc>Fails if ``key`` is not found from ``dictionary``.</doc>
<status status="PASS" start="2024-04-13T04:15:25.468258" elapsed="0.000418"/>
</kw>
<kw name="Dictionary Should Contain Key" owner="Collections">
<msg time="2024-04-13T04:15:25.469393" level="INFO">False</msg>
<arg>${json_data['results'][0]['login']}</arg>
<arg>${keyTwo}</arg>
<doc>Fails if ``key`` is not found from ``dictionary``.</doc>
<status status="PASS" start="2024-04-13T04:15:25.469007" elapsed="0.000424"/>
</kw>
<kw name="Log" owner="BuiltIn">
<msg time="2024-04-13T04:15:25.469856" level="INFO">password</msg>
<arg>${keyTwo}</arg>
<doc>Logs the given message with the given level.</doc>
<status status="PASS" start="2024-04-13T04:15:25.469728" elapsed="0.000167"/>
</kw>
<var name="${keyTwo}">password</var>
<status status="PASS" start="2024-04-13T04:15:25.468146" elapsed="0.001965"/>
</iter>
<var>${keyTwo}</var>
<value>@{expected_keysTwo}</value>
<status status="PASS" start="2024-04-13T04:15:25.465483" elapsed="0.004752"/>
</for>
<status status="PASS" start="2024-04-13T04:15:25.364351" elapsed="0.106028"/>
</kw>
<doc>Testa a estrutura da resposta da API.</doc>
<tag>testeEstruturaResposta</tag>
<status status="PASS" start="2024-04-13T04:15:25.363615" elapsed="0.106922"/>
</test>
<test id="s1-s1-t4" name="Validar tipos de dados" line="28">
<kw name="Teste de Tipos de Dados" owner="random-user-service">
<kw name="GET On Session" owner="RequestsLibrary">
<msg time="2024-04-13T04:15:25.554489" level="INFO">GET Request : url=https://randomuser.me/api 
 path_url=/api 
 headers={'User-Agent': 'python-requests/2.31.0', 'Accept-Encoding': 'gzip, deflate', 'Accept': '*/*', 'Connection': 'keep-alive'} 
 body=None 
 </msg>
<msg time="2024-04-13T04:15:25.554571" level="INFO">GET Response : url=https://randomuser.me/api 
 status=200, reason=OK 
 headers={'Date': 'Sat, 13 Apr 2024 04:15:25 GMT', 'Content-Type': 'application/json; charset=utf-8', 'Transfer-Encoding': 'chunked', 'Connection': 'keep-alive', 'X-Powered-By': 'Express', 'Access-Control-Allow-Origin': '*', 'Cache-Control': 'no-cache', 'ETag': 'W/"47a-dOYTbc9XHPa9ONOd/lt2qa7oBpg"', 'Vary': 'Accept-Encoding', 'Content-Encoding': 'gzip', 'CF-Cache-Status': 'DYNAMIC', 'Report-To': '{"endpoints":[{"url":"https:\\/\\/a.nel.cloudflare.com\\/report\\/v4?s=AGJsmpYL0u0lbOf7ypDvkfxYGQoiYd0thQDqP7JaUt3J3BzK30y17%2BddnycPDVAmX7vvhqE7rOhLHPVucQMc4NeGN%2BsTJErjZyP6LYqikcKyc3%2Fv8k2D5zojSIHx85GL"}],"group":"cf-nel","max_age":604800}', 'NEL': '{"success_fraction":0,"report_to":"cf-nel","max_age":604800}', 'Server': 'cloudflare', 'CF-RAY': '8738a2883a378011-IAD', 'alt-svc': 'h3=":443"; ma=86400'} 
 body={"results":[{"gender":"male","name":{"title":"Mr","first":"Lincoln","last":"Wright"},"location":{"street":{"number":6936,"name":"Napier Road"},"city":"Palmerston North","state":"Canterbury","country":"New Zealand","postcode":38079,"coordinates":{"latitude":"50.8982","longitude":"-116.8405"},"timezone":{"offset":"+5:45","description":"Kathmandu"}},"email":"lincoln.wright@example.com","login":{"uuid":"afcb9924-9f9b-4f46-a27b-9dff33a78f80","username":"heavypanda606","password":"brothers","salt":"I0LT8syz","md5":"ea52d02ff20a13156edeafb80ff73c33","sha1":"8102539c2f8a0569b3e16ef9caed74b39f5cc5a5","sha256":"f0b445dd20a9b20001a3e7763efd6470ab64440af24cf47eb26743eb5ba13de5"},"dob":{"date":"1992-01-19T09:30:47.526Z","age":32},"registered":{"date":"2021-04-27T16:20:56.332Z","age":2},"phone":"(216)-459-5020","cell":"(423)-627-2030","id":{"name":"","value":null},"picture":{"large":"https://randomuser.me/api/portraits/men/98.jpg","medium":"https://randomuser.me/api/portraits/med/men/98.jpg","thumbnail":"https://randomuser.me/api/portraits/thumb/men/98.jpg"},"nat":"NZ"}],"info":{"seed":"45de98cf73d090f1","results":1,"page":1,"version":"1.4"}} 
 </msg>
<msg time="2024-04-13T04:15:25.554651" level="INFO">/opt/hostedtoolcache/Python/3.12.2/x64/lib/python3.12/site-packages/urllib3/connectionpool.py:1103: InsecureRequestWarning: Unverified HTTPS request is being made to host 'randomuser.me'. Adding certificate verification is strongly advised. See: https://urllib3.readthedocs.io/en/latest/advanced-usage.html#tls-warnings
  warnings.warn(</msg>
<msg time="2024-04-13T04:15:25.554762" level="INFO">${response} = &lt;Response [200]&gt;</msg>
<var>${response}</var>
<arg>consultarAPI</arg>
<arg>/api</arg>
<doc>Sends a GET request on a previously created HTTP Session.</doc>
<status status="PASS" start="2024-04-13T04:15:25.472993" elapsed="0.081811"/>
</kw>
<kw name="Set Variable" owner="BuiltIn">
<msg time="2024-04-13T04:15:25.555684" level="INFO">${json_data} = {'results': [{'gender': 'male', 'name': {'title': 'Mr', 'first': 'Lincoln', 'last': 'Wright'}, 'location': {'street': {'number': 6936, 'name': 'Napier Road'}, 'city': 'Palmerston North', 'state': 'Can...</msg>
<var>${json_data}</var>
<arg>${response.json()}</arg>
<doc>Returns the given values which can then be assigned to a variables.</doc>
<status status="PASS" start="2024-04-13T04:15:25.555240" elapsed="0.000473"/>
</kw>
<kw name="Log" owner="BuiltIn">
<msg time="2024-04-13T04:15:25.556181" level="INFO">{'results': [{'gender': 'male', 'name': {'title': 'Mr', 'first': 'Lincoln', 'last': 'Wright'}, 'location': {'street': {'number': 6936, 'name': 'Napier Road'}, 'city': 'Palmerston North', 'state': 'Canterbury', 'country': 'New Zealand', 'postcode': 38079, 'coordinates': {'latitude': '50.8982', 'longitude': '-116.8405'}, 'timezone': {'offset': '+5:45', 'description': 'Kathmandu'}}, 'email': 'lincoln.wright@example.com', 'login': {'uuid': 'afcb9924-9f9b-4f46-a27b-9dff33a78f80', 'username': 'heavypanda606', 'password': 'brothers', 'salt': 'I0LT8syz', 'md5': 'ea52d02ff20a13156edeafb80ff73c33', 'sha1': '8102539c2f8a0569b3e16ef9caed74b39f5cc5a5', 'sha256': 'f0b445dd20a9b20001a3e7763efd6470ab64440af24cf47eb26743eb5ba13de5'}, 'dob': {'date': '1992-01-19T09:30:47.526Z', 'age': 32}, 'registered': {'date': '2021-04-27T16:20:56.332Z', 'age': 2}, 'phone': '(216)-459-5020', 'cell': '(423)-627-2030', 'id': {'name': '', 'value': None}, 'picture': {'large': 'https://randomuser.me/api/portraits/men/98.jpg', 'medium': 'https://randomuser.me/api/portraits/med/men/98.jpg', 'thumbnail': 'https://randomuser.me/api/portraits/thumb/men/98.jpg'}, 'nat': 'NZ'}], 'info': {'seed': '45de98cf73d090f1', 'results': 1, 'page': 1, 'version': '1.4'}}</msg>
<arg>${json_data}</arg>
<doc>Logs the given message with the given level.</doc>
<status status="PASS" start="2024-04-13T04:15:25.556024" elapsed="0.000236"/>
</kw>
<kw name="Should Be String" owner="String">
<arg>${json_data['results'][0]['gender']}</arg>
<doc>Fails if the given ``item`` is not a string.</doc>
<status status="PASS" start="2024-04-13T04:15:25.556561" elapsed="0.000393"/>
</kw>
<kw name="Should Match Regexp" owner="BuiltIn">
<arg>${json_data['results'][0]['email']}</arg>
<arg>^[a-zA-Z0-9._%+-]+@[a-zA-Z0-9.-]+\.[a-zA-Z]{2,}$</arg>
<doc>Fails if ``string`` does not match ``pattern`` as a regular expression.</doc>
<status status="PASS" start="2024-04-13T04:15:25.557142" elapsed="0.000505"/>
</kw>
<kw name="Should Match Regexp" owner="BuiltIn">
<arg>${json_data['results'][0]['dob']['date']}</arg>
<arg>\\d{4}-\\d{2}-\\d{2}T\\d{2}:\\d{2}:\\d{2}\\.\\d{3}Z</arg>
<doc>Fails if ``string`` does not match ``pattern`` as a regular expression.</doc>
<status status="PASS" start="2024-04-13T04:15:25.557845" elapsed="0.000496"/>
</kw>
<kw name="Should Match Regexp" owner="BuiltIn">
<arg>${json_data['results'][0]['registered']['date']}</arg>
<arg>\\d{4}-\\d{2}-\\d{2}T\\d{2}:\\d{2}:\\d{2}\\.\\d{3}Z</arg>
<doc>Fails if ``string`` does not match ``pattern`` as a regular expression.</doc>
<status status="PASS" start="2024-04-13T04:15:25.558535" elapsed="0.000377"/>
</kw>
<kw name="Should Match Regexp" owner="BuiltIn">
<arg>${json_data['results'][0]['picture']['large']}</arg>
<arg>^https?://.*\.(?:png|jpe?g|gif|bmp)$</arg>
<doc>Fails if ``string`` does not match ``pattern`` as a regular expression.</doc>
<status status="PASS" start="2024-04-13T04:15:25.559099" elapsed="0.000453"/>
</kw>
<kw name="Should Match Regexp" owner="BuiltIn">
<arg>${json_data['results'][0]['picture']['medium']}</arg>
<arg>^https?://.*\.(?:png|jpe?g|gif|bmp)$</arg>
<doc>Fails if ``string`` does not match ``pattern`` as a regular expression.</doc>
<status status="PASS" start="2024-04-13T04:15:25.559742" elapsed="0.000358"/>
</kw>
<kw name="Should Match Regexp" owner="BuiltIn">
<arg>${json_data['results'][0]['picture']['thumbnail']}</arg>
<arg>^https?://.*\.(?:png|jpe?g|gif|bmp)$</arg>
<doc>Fails if ``string`` does not match ``pattern`` as a regular expression.</doc>
<status status="PASS" start="2024-04-13T04:15:25.560287" elapsed="0.000353"/>
</kw>
<kw name="Log" owner="BuiltIn">
<msg time="2024-04-13T04:15:25.561168" level="INFO">{'large': 'https://randomuser.me/api/portraits/men/98.jpg', 'medium': 'https://randomuser.me/api/portraits/med/men/98.jpg', 'thumbnail': 'https://randomuser.me/api/portraits/thumb/men/98.jpg'}</msg>
<arg>${json_data['results'][0]['picture']}</arg>
<doc>Logs the given message with the given level.</doc>
<status status="PASS" start="2024-04-13T04:15:25.560822" elapsed="0.000388"/>
</kw>
<status status="PASS" start="2024-04-13T04:15:25.472734" elapsed="0.088734"/>
</kw>
<kw name="Teste de Tipos de Dados - Postcode" owner="random-user-service">
<kw name="GET On Session" owner="RequestsLibrary">
<msg time="2024-04-13T04:15:25.677789" level="INFO">GET Request : url=https://randomuser.me/api 
 path_url=/api 
 headers={'User-Agent': 'python-requests/2.31.0', 'Accept-Encoding': 'gzip, deflate', 'Accept': '*/*', 'Connection': 'keep-alive'} 
 body=None 
 </msg>
<msg time="2024-04-13T04:15:25.677877" level="INFO">GET Response : url=https://randomuser.me/api 
 status=200, reason=OK 
 headers={'Date': 'Sat, 13 Apr 2024 04:15:25 GMT', 'Content-Type': 'application/json; charset=utf-8', 'Transfer-Encoding': 'chunked', 'Connection': 'keep-alive', 'X-Powered-By': 'Express', 'Access-Control-Allow-Origin': '*', 'Cache-Control': 'no-cache', 'ETag': 'W/"49b-xCFHrGmFEjiE/1PtFiiG7Bwmt24"', 'Vary': 'Accept-Encoding', 'Content-Encoding': 'gzip', 'CF-Cache-Status': 'DYNAMIC', 'Report-To': '{"endpoints":[{"url":"https:\\/\\/a.nel.cloudflare.com\\/report\\/v4?s=FsCB5dgn%2FNZ3gGDqYOSAtl69Dva0MZegdgtBO%2BHgb2u2AeOzIpRyLUI98wlx6dXVlJ9vaRS7AP5dEJYXfjzGGBrpgm3iVI7aYwmGFPYaYI1c5Vpn1kFbBb7NS8qUXowB"}],"group":"cf-nel","max_age":604800}', 'NEL': '{"success_fraction":0,"report_to":"cf-nel","max_age":604800}', 'Server': 'cloudflare', 'CF-RAY': '8738a288caa58011-IAD', 'alt-svc': 'h3=":443"; ma=86400'} 
 body={"results":[{"gender":"female","name":{"title":"Ms","first":"Olaídes","last":"Porto"},"location":{"street":{"number":7382,"name":"Rua Pernambuco "},"city":"Cabo Frio","state":"Roraima","country":"Brazil","postcode":58336,"coordinates":{"latitude":"-79.5228","longitude":"138.5782"},"timezone":{"offset":"+1:00","description":"Brussels, Copenhagen, Madrid, Paris"}},"email":"olaides.porto@example.com","login":{"uuid":"cce7b72d-8527-4fca-8b03-41ab713128c6","username":"bluefrog181","password":"313131","salt":"vjE9YQbR","md5":"69bed83ff4ce3daa51e42693f23abd1a","sha1":"60ff61ace80bf8a0bd19eb128cd0294b6042b5e7","sha256":"34cad76234ab9915c13b13eb587cd9205c37a8744444a7717cb7955fc93758e3"},"dob":{"date":"1982-01-01T04:34:21.052Z","age":42},"registered":{"date":"2016-07-01T05:00:29.327Z","age":7},"phone":"(02) 0157-3354","cell":"(32) 7227-9011","id":{"name":"CPF","value":"828.212.681-82"},"picture":{"large":"https://randomuser.me/api/portraits/women/47.jpg","medium":"https://randomuser.me/api/portraits/med/women/47.jpg","thumbnail":"https://randomuser.me/api/portraits/thumb/women/47.jpg"},"nat":"BR"}],"info":{"seed":"fadadbea817c72a0","results":1,"page":1,"version":"1.4"}} 
 </msg>
<msg time="2024-04-13T04:15:25.677970" level="INFO">/opt/hostedtoolcache/Python/3.12.2/x64/lib/python3.12/site-packages/urllib3/connectionpool.py:1103: InsecureRequestWarning: Unverified HTTPS request is being made to host 'randomuser.me'. Adding certificate verification is strongly advised. See: https://urllib3.readthedocs.io/en/latest/advanced-usage.html#tls-warnings
  warnings.warn(</msg>
<msg time="2024-04-13T04:15:25.678091" level="INFO">${response} = &lt;Response [200]&gt;</msg>
<var>${response}</var>
<arg>consultarAPI</arg>
<arg>/api</arg>
<doc>Sends a GET request on a previously created HTTP Session.</doc>
<status status="PASS" start="2024-04-13T04:15:25.561918" elapsed="0.116208"/>
</kw>
<kw name="Set Variable" owner="BuiltIn">
<msg time="2024-04-13T04:15:25.678907" level="INFO">${json_data} = {'results': [{'gender': 'female', 'name': {'title': 'Ms', 'first': 'Olaídes', 'last': 'Porto'}, 'location': {'street': {'number': 7382, 'name': 'Rua Pernambuco '}, 'city': 'Cabo Frio', 'state': 'Rorai...</msg>
<var>${json_data}</var>
<arg>${response.json()}</arg>
<doc>Returns the given values which can then be assigned to a variables.</doc>
<status status="PASS" start="2024-04-13T04:15:25.678459" elapsed="0.000478"/>
</kw>
<kw name="Log" owner="BuiltIn">
<msg time="2024-04-13T04:15:25.679404" level="INFO">{'results': [{'gender': 'female', 'name': {'title': 'Ms', 'first': 'Olaídes', 'last': 'Porto'}, 'location': {'street': {'number': 7382, 'name': 'Rua Pernambuco '}, 'city': 'Cabo Frio', 'state': 'Roraima', 'country': 'Brazil', 'postcode': 58336, 'coordinates': {'latitude': '-79.5228', 'longitude': '138.5782'}, 'timezone': {'offset': '+1:00', 'description': 'Brussels, Copenhagen, Madrid, Paris'}}, 'email': 'olaides.porto@example.com', 'login': {'uuid': 'cce7b72d-8527-4fca-8b03-41ab713128c6', 'username': 'bluefrog181', 'password': '313131', 'salt': 'vjE9YQbR', 'md5': '69bed83ff4ce3daa51e42693f23abd1a', 'sha1': '60ff61ace80bf8a0bd19eb128cd0294b6042b5e7', 'sha256': '34cad76234ab9915c13b13eb587cd9205c37a8744444a7717cb7955fc93758e3'}, 'dob': {'date': '1982-01-01T04:34:21.052Z', 'age': 42}, 'registered': {'date': '2016-07-01T05:00:29.327Z', 'age': 7}, 'phone': '(02) 0157-3354', 'cell': '(32) 7227-9011', 'id': {'name': 'CPF', 'value': '828.212.681-82'}, 'picture': {'large': 'https://randomuser.me/api/portraits/women/47.jpg', 'medium': 'https://randomuser.me/api/portraits/med/women/47.jpg', 'thumbnail': 'https://randomuser.me/api/portraits/thumb/women/47.jpg'}, 'nat': 'BR'}], 'info': {'seed': 'fadadbea817c72a0', 'results': 1, 'page': 1, 'version': '1.4'}}</msg>
<arg>${json_data}</arg>
<doc>Logs the given message with the given level.</doc>
<status status="PASS" start="2024-04-13T04:15:25.679246" elapsed="0.000238"/>
</kw>
<kw name="Should Be Equal As Numbers" owner="BuiltIn">
<arg>${json_data['results'][0]['location']['postcode']}</arg>
<arg>${json_data['results'][0]['location']['postcode']}</arg>
<doc>Fails if objects are unequal after converting them to real numbers.</doc>
<status status="PASS" start="2024-04-13T04:15:25.679791" elapsed="0.000629"/>
</kw>
<kw name="Log" owner="BuiltIn">
<msg time="2024-04-13T04:15:25.680962" level="INFO">58336</msg>
<arg>${json_data['results'][0]['location']['postcode']}</arg>
<doc>Logs the given message with the given level.</doc>
<status status="PASS" start="2024-04-13T04:15:25.680600" elapsed="0.000404"/>
</kw>
<status status="PASS" start="2024-04-13T04:15:25.561682" elapsed="0.119565"/>
</kw>
<doc>Testa se os tipos de dados na resposta da API estão corretos.</doc>
<tag>testeTiposDados</tag>
<status status="PASS" start="2024-04-13T04:15:25.472274" elapsed="0.209128"/>
</test>
<test id="s1-s1-t5" name="Validar conteudo" line="35">
<kw name="Teste de Tipos de Conteudo" owner="random-user-service">
<kw name="GET On Session" owner="RequestsLibrary">
<msg time="2024-04-13T04:15:25.750409" level="INFO">GET Request : url=https://randomuser.me/api 
 path_url=/api 
 headers={'User-Agent': 'python-requests/2.31.0', 'Accept-Encoding': 'gzip, deflate', 'Accept': '*/*', 'Connection': 'keep-alive'} 
 body=None 
 </msg>
<msg time="2024-04-13T04:15:25.750494" level="INFO">GET Response : url=https://randomuser.me/api 
 status=200, reason=OK 
 headers={'Date': 'Sat, 13 Apr 2024 04:15:25 GMT', 'Content-Type': 'application/json; charset=utf-8', 'Transfer-Encoding': 'chunked', 'Connection': 'keep-alive', 'X-Powered-By': 'Express', 'Access-Control-Allow-Origin': '*', 'Cache-Control': 'no-cache', 'ETag': 'W/"49e-MO6VEmrxKeUYpAqOmzKPh1f8q+U"', 'Vary': 'Accept-Encoding', 'Content-Encoding': 'gzip', 'CF-Cache-Status': 'DYNAMIC', 'Report-To': '{"endpoints":[{"url":"https:\\/\\/a.nel.cloudflare.com\\/report\\/v4?s=kw7m%2FzHcfjtATi7J%2BqgaYvAp4j4rFOYJyESL%2By5Apz%2B9pDTQ8Kx8Mx18cn%2BqqZyn9%2B7LbmrOB%2Fufn2YIBVt7Yc4Zntbw8cvyGLXAs%2F0ug9LOWpUhmp79qapapUSl%2FFCi"}],"group":"cf-nel","max_age":604800}', 'NEL': '{"success_fraction":0,"report_to":"cf-nel","max_age":604800}', 'Server': 'cloudflare', 'CF-RAY': '8738a2898b658011-IAD', 'alt-svc': 'h3=":443"; ma=86400'} 
 body={"results":[{"gender":"female","name":{"title":"Mrs","first":"Teresa","last":"Gregory"},"location":{"street":{"number":262,"name":"Groveland Terrace"},"city":"Elko","state":"Vermont","country":"United States","postcode":98291,"coordinates":{"latitude":"88.9771","longitude":"23.9004"},"timezone":{"offset":"+1:00","description":"Brussels, Copenhagen, Madrid, Paris"}},"email":"teresa.gregory@example.com","login":{"uuid":"e567054e-febb-4d92-aa37-fc9d254686c3","username":"lazyzebra817","password":"chevelle","salt":"3SR2KkxN","md5":"04e69c929fb94d9edf0c582ac6679dc7","sha1":"9160f85c24e77900d064f9bd3d230dbd495e1850","sha256":"ed1e1838ff3b2351a082efb5b6ec75ce3cb69a40161ca53653e4a5c07101fb51"},"dob":{"date":"1976-11-19T15:03:45.002Z","age":47},"registered":{"date":"2019-06-21T08:35:32.648Z","age":4},"phone":"(424) 637-2516","cell":"(333) 777-3351","id":{"name":"SSN","value":"325-24-8965"},"picture":{"large":"https://randomuser.me/api/portraits/women/13.jpg","medium":"https://randomuser.me/api/portraits/med/women/13.jpg","thumbnail":"https://randomuser.me/api/portraits/thumb/women/13.jpg"},"nat":"US"}],"info":{"seed":"4f34c4d9016828ca","results":1,"page":1,"version":"1.4"}} 
 </msg>
<msg time="2024-04-13T04:15:25.750569" level="INFO">/opt/hostedtoolcache/Python/3.12.2/x64/lib/python3.12/site-packages/urllib3/connectionpool.py:1103: InsecureRequestWarning: Unverified HTTPS request is being made to host 'randomuser.me'. Adding certificate verification is strongly advised. See: https://urllib3.readthedocs.io/en/latest/advanced-usage.html#tls-warnings
  warnings.warn(</msg>
<msg time="2024-04-13T04:15:25.750685" level="INFO">${response} = &lt;Response [200]&gt;</msg>
<var>${response}</var>
<arg>consultarAPI</arg>
<arg>/api</arg>
<doc>Sends a GET request on a previously created HTTP Session.</doc>
<status status="PASS" start="2024-04-13T04:15:25.684007" elapsed="0.066723"/>
</kw>
<kw name="Set Variable" owner="BuiltIn">
<msg time="2024-04-13T04:15:25.751676" level="INFO">${json_data} = {'results': [{'gender': 'female', 'name': {'title': 'Mrs', 'first': 'Teresa', 'last': 'Gregory'}, 'location': {'street': {'number': 262, 'name': 'Groveland Terrace'}, 'city': 'Elko', 'state': 'Vermont...</msg>
<var>${json_data}</var>
<arg>${response.json()}</arg>
<doc>Returns the given values which can then be assigned to a variables.</doc>
<status status="PASS" start="2024-04-13T04:15:25.751215" elapsed="0.000491"/>
</kw>
<kw name="Set Variable" owner="BuiltIn">
<msg time="2024-04-13T04:15:25.752408" level="INFO">${name_title} = Mrs</msg>
<var>${name_title}</var>
<arg>${json_data["results"][0]["name"]["title"]}</arg>
<doc>Returns the given values which can then be assigned to a variables.</doc>
<status status="PASS" start="2024-04-13T04:15:25.752016" elapsed="0.000418"/>
</kw>
<kw name="Create List" owner="BuiltIn">
<msg time="2024-04-13T04:15:25.752944" level="INFO">${allowed_titles} = ['Mr', 'Ms', 'Miss', 'Mrs', 'Madame', 'Monsieur']</msg>
<var>${allowed_titles}</var>
<arg>Mr</arg>
<arg>Ms</arg>
<arg>Miss</arg>
<arg>Mrs</arg>
<arg>Madame</arg>
<arg>Monsieur</arg>
<doc>Returns a list containing given items.</doc>
<status status="PASS" start="2024-04-13T04:15:25.752737" elapsed="0.000236"/>
</kw>
<kw name="List Should Contain Value" owner="Collections">
<msg time="2024-04-13T04:15:25.753495" level="INFO">False</msg>
<arg>${allowed_titles}</arg>
<arg>${name_title}</arg>
<doc>Fails if the ``value`` is not found from ``list``.</doc>
<status status="PASS" start="2024-04-13T04:15:25.753319" elapsed="0.000215"/>
</kw>
<kw name="Set Variable" owner="BuiltIn">
<msg time="2024-04-13T04:15:25.754223" level="INFO">${name_country} = US</msg>
<var>${name_country}</var>
<arg>${json_data["results"][0]["nat"]}</arg>
<doc>Returns the given values which can then be assigned to a variables.</doc>
<status status="PASS" start="2024-04-13T04:15:25.753832" elapsed="0.000417"/>
</kw>
<kw name="Create List" owner="BuiltIn">
<msg time="2024-04-13T04:15:25.755203" level="INFO">${list_country} = ['AD', 'AE', 'AF', 'AG', 'AI', 'AL', 'AM', 'AO', 'AQ', 'AR', 'AS', 'AT', 'AU', 'AW', 'AX', 'AZ', 'BA', 'BB', 'BD', 'BE', 'BF', 'BG', 'BH', 'BI', 'BJ', 'BL', 'BM', 'BN', 'BO', 'BQ', 'BR', 'BS', 'BT', '...</msg>
<var>${list_country}</var>
<arg>AD</arg>
<arg>AE</arg>
<arg>AF</arg>
<arg>AG</arg>
<arg>AI</arg>
<arg>AL</arg>
<arg>AM</arg>
<arg>AO</arg>
<arg>AQ</arg>
<arg>AR</arg>
<arg>AS</arg>
<arg>AT</arg>
<arg>AU</arg>
<arg>AW</arg>
<arg>AX</arg>
<arg>AZ</arg>
<arg>BA</arg>
<arg>BB</arg>
<arg>BD</arg>
<arg>BE</arg>
<arg>BF</arg>
<arg>BG</arg>
<arg>BH</arg>
<arg>BI</arg>
<arg>BJ</arg>
<arg>BL</arg>
<arg>BM</arg>
<arg>BN</arg>
<arg>BO</arg>
<arg>BQ</arg>
<arg>BR</arg>
<arg>BS</arg>
<arg>BT</arg>
<arg>BV</arg>
<arg>BW</arg>
<arg>BY</arg>
<arg>BZ</arg>
<arg>CA</arg>
<arg>CC</arg>
<arg>CD</arg>
<arg>CF</arg>
<arg>CG</arg>
<arg>CH</arg>
<arg>CI</arg>
<arg>CK</arg>
<arg>CL</arg>
<arg>CM</arg>
<arg>CN</arg>
<arg>CO</arg>
<arg>CR</arg>
<arg>CU</arg>
<arg>CV</arg>
<arg>CW</arg>
<arg>CX</arg>
<arg>CY</arg>
<arg>CZ</arg>
<arg>DE</arg>
<arg>DJ</arg>
<arg>DK</arg>
<arg>DM</arg>
<arg>DO</arg>
<arg>DZ</arg>
<arg>EC</arg>
<arg>EE</arg>
<arg>EG</arg>
<arg>EH</arg>
<arg>ER</arg>
<arg>ES</arg>
<arg>ET</arg>
<arg>FI</arg>
<arg>FJ</arg>
<arg>FK</arg>
<arg>FM</arg>
<arg>FO</arg>
<arg>FR</arg>
<arg>GA</arg>
<arg>GB</arg>
<arg>GD</arg>
<arg>GE</arg>
<arg>GF</arg>
<arg>GG</arg>
<arg>GH</arg>
<arg>GI</arg>
<arg>GL</arg>
<arg>GM</arg>
<arg>GN</arg>
<arg>GP</arg>
<arg>GQ</arg>
<arg>GR</arg>
<arg>GS</arg>
<arg>GT</arg>
<arg>GU</arg>
<arg>GW</arg>
<arg>GY</arg>
<arg>HK</arg>
<arg>HM</arg>
<arg>HN</arg>
<arg>HR</arg>
<arg>HT</arg>
<arg>HU</arg>
<arg>ID</arg>
<arg>IE</arg>
<arg>IL</arg>
<arg>IM</arg>
<arg>IN</arg>
<arg>IO</arg>
<arg>IQ</arg>
<arg>IR</arg>
<arg>IS</arg>
<arg>IT</arg>
<arg>JE</arg>
<arg>JM</arg>
<arg>JO</arg>
<arg>JP</arg>
<arg>KE</arg>
<arg>KG</arg>
<arg>KH</arg>
<arg>KI</arg>
<arg>KM</arg>
<arg>KN</arg>
<arg>KP</arg>
<arg>KR</arg>
<arg>KW</arg>
<arg>KY</arg>
<arg>KZ</arg>
<arg>LA</arg>
<arg>LB</arg>
<arg>LC</arg>
<arg>LI</arg>
<arg>LK</arg>
<arg>LR</arg>
<arg>LS</arg>
<arg>LT</arg>
<arg>LU</arg>
<arg>LV</arg>
<arg>LY</arg>
<arg>MA</arg>
<arg>MC</arg>
<arg>MD</arg>
<arg>ME</arg>
<arg>MF</arg>
<arg>MG</arg>
<arg>MH</arg>
<arg>MK</arg>
<arg>ML</arg>
<arg>MM</arg>
<arg>MN</arg>
<arg>MO</arg>
<arg>MP</arg>
<arg>MQ</arg>
<arg>MR</arg>
<arg>MS</arg>
<arg>MT</arg>
<arg>MU</arg>
<arg>MV</arg>
<arg>MW</arg>
<arg>MX</arg>
<arg>MY</arg>
<arg>MZ</arg>
<arg>NA</arg>
<arg>NC</arg>
<arg>NE</arg>
<arg>NF</arg>
<arg>NG</arg>
<arg>NI</arg>
<arg>NL</arg>
<arg>NO</arg>
<arg>NP</arg>
<arg>NR</arg>
<arg>NU</arg>
<arg>NZ</arg>
<arg>OM</arg>
<arg>PA</arg>
<arg>PE</arg>
<arg>PF</arg>
<arg>PG</arg>
<arg>PH</arg>
<arg>PK</arg>
<arg>PL</arg>
<arg>PM</arg>
<arg>PN</arg>
<arg>PR</arg>
<arg>PS</arg>
<arg>PT</arg>
<arg>PW</arg>
<arg>PY</arg>
<arg>QA</arg>
<arg>RE</arg>
<arg>RO</arg>
<arg>RS</arg>
<arg>RU</arg>
<arg>RW</arg>
<arg>SA</arg>
<arg>SB</arg>
<arg>SC</arg>
<arg>SD</arg>
<arg>SE</arg>
<arg>SG</arg>
<arg>SH</arg>
<arg>SI</arg>
<arg>SJ</arg>
<arg>SK</arg>
<arg>SL</arg>
<arg>SM</arg>
<arg>SN</arg>
<arg>SO</arg>
<arg>SR</arg>
<arg>SS</arg>
<arg>ST</arg>
<arg>SV</arg>
<arg>SX</arg>
<arg>SY</arg>
<arg>SZ</arg>
<arg>TC</arg>
<arg>TD</arg>
<arg>TF</arg>
<arg>TG</arg>
<arg>TH</arg>
<arg>TJ</arg>
<arg>TK</arg>
<arg>TL</arg>
<arg>TM</arg>
<arg>TN</arg>
<arg>TO</arg>
<arg>TR</arg>
<arg>TT</arg>
<arg>TV</arg>
<arg>TW</arg>
<arg>TZ</arg>
<arg>UA</arg>
<arg>UG</arg>
<arg>UM</arg>
<arg>US</arg>
<arg>UY</arg>
<arg>UZ</arg>
<arg>VA</arg>
<arg>VC</arg>
<arg>VE</arg>
<arg>VG</arg>
<arg>VI</arg>
<arg>VN</arg>
<arg>VU</arg>
<arg>WF</arg>
<arg>WS</arg>
<arg>XK</arg>
<arg>YE</arg>
<arg>YT</arg>
<arg>ZA</arg>
<arg>ZM</arg>
<arg>ZW</arg>
<doc>Returns a list containing given items.</doc>
<status status="PASS" start="2024-04-13T04:15:25.754562" elapsed="0.000667"/>
</kw>
<kw name="List Should Contain Value" owner="Collections">
<msg time="2024-04-13T04:15:25.756178" level="INFO">False</msg>
<arg>${list_country}</arg>
<arg>${name_country}</arg>
<doc>Fails if the ``value`` is not found from ``list``.</doc>
<status status="PASS" start="2024-04-13T04:15:25.755966" elapsed="0.000251"/>
</kw>
<kw name="Run Keyword If" owner="BuiltIn">
<kw name="Should Be True" owner="BuiltIn">
<arg>${True}</arg>
<doc>Fails if the given condition is not true.</doc>
<status status="PASS" start="2024-04-13T04:15:25.757448" elapsed="0.000148"/>
</kw>
<arg>${json_data["results"][0]["location"]["coordinates"]["latitude"]} &gt;= -90 and ${json_data["results"][0]["location"]["coordinates"]["latitude"]} &lt;= 90</arg>
<arg>Should Be True</arg>
<arg>${True}</arg>
<doc>Runs the given keyword with the given arguments, if ``condition`` is true.</doc>
<status status="PASS" start="2024-04-13T04:15:25.756536" elapsed="0.001194"/>
</kw>
<kw name="Run Keyword If" owner="BuiltIn">
<kw name="Should Be True" owner="BuiltIn">
<arg>${True}</arg>
<doc>Fails if the given condition is not true.</doc>
<status status="PASS" start="2024-04-13T04:15:25.758624" elapsed="0.000141"/>
</kw>
<arg>${json_data["results"][0]["location"]["coordinates"]["longitude"]} &gt;= -180 and ${json_data["results"][0]["location"]["coordinates"]["longitude"]} &lt;= 180</arg>
<arg>Should Be True</arg>
<arg>${True}</arg>
<doc>Runs the given keyword with the given arguments, if ``condition`` is true.</doc>
<status status="PASS" start="2024-04-13T04:15:25.757921" elapsed="0.000969"/>
</kw>
<status status="PASS" start="2024-04-13T04:15:25.683665" elapsed="0.075355"/>
</kw>
<doc>Testa o conteúdo específico dos campos retornados pela API.</doc>
<tag>testeConteudo</tag>
<status status="PASS" start="2024-04-13T04:15:25.683035" elapsed="0.076133"/>
</test>
<status status="PASS" start="2024-04-13T04:15:24.817021" elapsed="0.943876"/>
</suite>
<status status="PASS" start="2024-04-13T04:15:24.804209" elapsed="0.961891"/>
</suite>
<statistics>
<total>
<stat pass="5" fail="0" skip="0">All Tests</stat>
</total>
<tag>
<stat pass="1" fail="0" skip="0">testeConteudo</stat>
<stat pass="1" fail="0" skip="0">testeEstruturaResposta</stat>
<stat pass="1" fail="0" skip="0">testeRequisicaoBasica</stat>
<stat pass="1" fail="0" skip="0">testeTiposDados</stat>
</tag>
<suite>
<stat pass="5" fail="0" skip="0" id="s1" name="Tests">Tests</stat>
<stat pass="5" fail="0" skip="0" id="s1-s1" name="Random-User-Test">Tests.Random-User-Test</stat>
</suite>
</statistics>
<errors>
</errors>
</robot>
