<?xml version="1.0" encoding="UTF-8"?>
<robot generator="Robot 7.0 (Python 3.12.2 on linux)" generated="2024-03-25T18:18:00.561148" rpa="false" schemaversion="5">
<suite id="s1" name="Tests" source="/home/runner/work/DesafioQAItauRogerioJordao/DesafioQAItauRogerioJordao/RamdonUser/tests">
<suite id="s1-s1" name="Random-User-Test" source="/home/runner/work/DesafioQAItauRogerioJordao/DesafioQAItauRogerioJordao/RamdonUser/tests/random-user-test.robot">
<test id="s1-s1-t1" name="Conectar" line="13">
<kw name="Conectar API" owner="random-user-service">
<kw name="Create Session" owner="RequestsLibrary">
<msg time="2024-03-25T18:18:00.992703" level="INFO">Creating Session using : alias=consultarAPI, url=https://randomuser.me/, headers={},                     cookies={}, auth=None, timeout=None, proxies=None, verify=False,                     debug=0 </msg>
<arg>consultarAPI</arg>
<arg>${URL}</arg>
<doc>Create Session: create a HTTP session to a server</doc>
<status status="PASS" start="2024-03-25T18:18:00.992459" elapsed="0.000458"/>
</kw>
<status status="PASS" start="2024-03-25T18:18:00.991247" elapsed="0.002209"/>
</kw>
<status status="PASS" start="2024-03-25T18:18:00.990630" elapsed="0.003066"/>
</test>
<test id="s1-s1-t2" name="Validar retorno 200 e JSON Válido" line="16">
<kw name="Teste de Requisicao Basica" owner="random-user-service">
<kw name="GET On Session" owner="RequestsLibrary">
<msg time="2024-03-25T18:18:01.165510" level="INFO">GET Request : url=https://randomuser.me/api 
 path_url=/api 
 headers={'User-Agent': 'python-requests/2.31.0', 'Accept-Encoding': 'gzip, deflate', 'Accept': '*/*', 'Connection': 'keep-alive'} 
 body=None 
 </msg>
<msg time="2024-03-25T18:18:01.165713" level="INFO">GET Response : url=https://randomuser.me/api 
 status=200, reason=OK 
 headers={'Date': 'Mon, 25 Mar 2024 18:18:01 GMT', 'Content-Type': 'application/json; charset=utf-8', 'Transfer-Encoding': 'chunked', 'Connection': 'keep-alive', 'X-Powered-By': 'Express', 'Access-Control-Allow-Origin': '*', 'Cache-Control': 'no-cache', 'ETag': 'W/"4a4-ZpKsXJkmRmn+7RLGRwZMXMoqrxw"', 'Vary': 'Accept-Encoding', 'Content-Encoding': 'gzip', 'CF-Cache-Status': 'DYNAMIC', 'Report-To': '{"endpoints":[{"url":"https:\\/\\/a.nel.cloudflare.com\\/report\\/v4?s=PGHyC8vhzLOXlWfUt6WBgF8xuduvoyzwTkzKlxL63h8xRDLPi0XhiZys4Sm%2FXVkd05GkRQCNBEWG53CKWF1Yx2yHxFRn48D6LRZCZaD47oL1bDUDcv5zpv47JRr2MXaH"}],"group":"cf-nel","max_age":604800}', 'NEL': '{"success_fraction":0,"report_to":"cf-nel","max_age":604800}', 'Server': 'cloudflare', 'CF-RAY': '86a0e6ac692c8f16-IAD', 'alt-svc': 'h3=":443"; ma=86400'} 
 body={"results":[{"gender":"female","name":{"title":"Mrs","first":"Shambhavi","last":"Nagane"},"location":{"street":{"number":809,"name":"Jagadamba Centre"},"city":"Alappuzha","state":"Daman and Diu","country":"India","postcode":27869,"coordinates":{"latitude":"12.4634","longitude":"172.2961"},"timezone":{"offset":"-6:00","description":"Central Time (US &amp; Canada), Mexico City"}},"email":"shambhavi.nagane@example.com","login":{"uuid":"b8731503-3441-4c85-923b-3d80c80dc055","username":"redduck847","password":"chevrolet","salt":"tphXHwgk","md5":"75773ded54cb725d86097a9751001712","sha1":"e44b319076382688afc83d1c2c1665a1ca735ed5","sha256":"c60fdd938c6899faaf07681611de1497274485f4065fa43993497c412d0333d4"},"dob":{"date":"1974-06-23T18:24:00.771Z","age":49},"registered":{"date":"2002-06-17T06:46:50.798Z","age":21},"phone":"8088033539","cell":"9512415974","id":{"name":"UIDAI","value":"073878449613"},"picture":{"large":"https://randomuser.me/api/portraits/women/78.jpg","medium":"https://randomuser.me/api/portraits/med/women/78.jpg","thumbnail":"https://randomuser.me/api/portraits/thumb/women/78.jpg"},"nat":"IN"}],"info":{"seed":"257242a5f1ebeb10","results":1,"page":1,"version":"1.4"}} 
 </msg>
<msg time="2024-03-25T18:18:01.165856" level="INFO">/opt/hostedtoolcache/Python/3.12.2/x64/lib/python3.12/site-packages/urllib3/connectionpool.py:1103: InsecureRequestWarning: Unverified HTTPS request is being made to host 'randomuser.me'. Adding certificate verification is strongly advised. See: https://urllib3.readthedocs.io/en/latest/advanced-usage.html#tls-warnings
  warnings.warn(</msg>
<msg time="2024-03-25T18:18:01.166015" level="INFO">${response} = &lt;Response [200]&gt;</msg>
<var>${response}</var>
<arg>consultarAPI</arg>
<arg>/api</arg>
<doc>Sends a GET request on a previously created HTTP Session.</doc>
<status status="PASS" start="2024-03-25T18:18:00.996506" elapsed="0.169548"/>
</kw>
<kw name="Should Be Equal As Numbers" owner="BuiltIn">
<msg time="2024-03-25T18:18:01.167236" level="INFO">Argument types are:
&lt;class 'int'&gt;
&lt;class 'str'&gt;</msg>
<arg>${response.status_code}</arg>
<arg>200</arg>
<doc>Fails if objects are unequal after converting them to real numbers.</doc>
<status status="PASS" start="2024-03-25T18:18:01.166694" elapsed="0.000629"/>
</kw>
<kw name="Log" owner="BuiltIn">
<msg time="2024-03-25T18:18:01.168328" level="INFO">200</msg>
<arg>${response.status_code}</arg>
<doc>Logs the given message with the given level.</doc>
<status status="PASS" start="2024-03-25T18:18:01.167839" elapsed="0.000541"/>
</kw>
<kw name="Set Variable" owner="BuiltIn">
<msg time="2024-03-25T18:18:01.169342" level="INFO">${json_data} = {'results': [{'gender': 'female', 'name': {'title': 'Mrs', 'first': 'Shambhavi', 'last': 'Nagane'}, 'location': {'street': {'number': 809, 'name': 'Jagadamba Centre'}, 'city': 'Alappuzha', 'state': 'D...</msg>
<var>${json_data}</var>
<arg>${response.json()}</arg>
<doc>Returns the given values which can then be assigned to a variables.</doc>
<status status="PASS" start="2024-03-25T18:18:01.168815" elapsed="0.000556"/>
</kw>
<kw name="Dictionary Should Contain Key" owner="Collections">
<msg time="2024-03-25T18:18:01.169932" level="INFO">False</msg>
<arg>${json_data}</arg>
<arg>results</arg>
<doc>Fails if ``key`` is not found from ``dictionary``.</doc>
<status status="PASS" start="2024-03-25T18:18:01.169734" elapsed="0.000240"/>
</kw>
<status status="PASS" start="2024-03-25T18:18:00.996168" elapsed="0.174089"/>
</kw>
<doc>Testa se a API responde corretamente e retorna um objeto JSON válido.</doc>
<tag>testeRequisicaoBasica</tag>
<status status="PASS" start="2024-03-25T18:18:00.995614" elapsed="0.174844"/>
</test>
<test id="s1-s1-t3" name="Validar estrutura de resposta" line="22">
<kw name="Teste de Estrutura de Resposta" owner="random-user-service">
<kw name="GET On Session" owner="RequestsLibrary">
<msg time="2024-03-25T18:18:01.261308" level="INFO">GET Request : url=https://randomuser.me/api 
 path_url=/api 
 headers={'User-Agent': 'python-requests/2.31.0', 'Accept-Encoding': 'gzip, deflate', 'Accept': '*/*', 'Connection': 'keep-alive'} 
 body=None 
 </msg>
<msg time="2024-03-25T18:18:01.261414" level="INFO">GET Response : url=https://randomuser.me/api 
 status=200, reason=OK 
 headers={'Date': 'Mon, 25 Mar 2024 18:18:01 GMT', 'Content-Type': 'application/json; charset=utf-8', 'Transfer-Encoding': 'chunked', 'Connection': 'keep-alive', 'X-Powered-By': 'Express', 'Access-Control-Allow-Origin': '*', 'Cache-Control': 'no-cache', 'ETag': 'W/"472-16H+nZsKOdp1/RERiIwYGi70Mr8"', 'Vary': 'Accept-Encoding', 'Content-Encoding': 'gzip', 'CF-Cache-Status': 'DYNAMIC', 'Report-To': '{"endpoints":[{"url":"https:\\/\\/a.nel.cloudflare.com\\/report\\/v4?s=X6vP1ZsoD4K9naR7Ml05%2BbA61xR3S8hmuEIGx9H8VEaO0T9%2FVHfp6eTf57xV4FyJN%2FBnM5wNBte3Wjgmy%2FNH%2BXYBDi4%2Fx4T%2BFJ%2BhLTw5IFCjeYPKP%2BqDn8wwKP2h3cV3"}],"group":"cf-nel","max_age":604800}', 'NEL': '{"success_fraction":0,"report_to":"cf-nel","max_age":604800}', 'Server': 'cloudflare', 'CF-RAY': '86a0e6ad5a768f16-IAD', 'alt-svc': 'h3=":443"; ma=86400'} 
 body={"results":[{"gender":"female","name":{"title":"Miss","first":"Jasmine","last":"Turner"},"location":{"street":{"number":2149,"name":"Glenfield Road"},"city":"Timaru","state":"Nelson","country":"New Zealand","postcode":76616,"coordinates":{"latitude":"50.2700","longitude":"100.6329"},"timezone":{"offset":"+5:45","description":"Kathmandu"}},"email":"jasmine.turner@example.com","login":{"uuid":"7c1c34c7-b68c-41f6-9506-27297f7ee937","username":"happycat534","password":"1950","salt":"yGUg0xeu","md5":"f0b33c47c783110f11e980bc867a1a9e","sha1":"91d40a1f6aed69e8e0adaab5aae149a9fa280c0b","sha256":"82f26999ce2937568f83f5d9d193940b40ace9b9cab59518682ad167218f9fd5"},"dob":{"date":"1955-04-13T03:34:09.405Z","age":68},"registered":{"date":"2014-09-02T05:53:03.207Z","age":9},"phone":"(949)-852-4415","cell":"(195)-114-7580","id":{"name":"","value":null},"picture":{"large":"https://randomuser.me/api/portraits/women/48.jpg","medium":"https://randomuser.me/api/portraits/med/women/48.jpg","thumbnail":"https://randomuser.me/api/portraits/thumb/women/48.jpg"},"nat":"NZ"}],"info":{"seed":"1c113dd74616186e","results":1,"page":1,"version":"1.4"}} 
 </msg>
<msg time="2024-03-25T18:18:01.261571" level="INFO">/opt/hostedtoolcache/Python/3.12.2/x64/lib/python3.12/site-packages/urllib3/connectionpool.py:1103: InsecureRequestWarning: Unverified HTTPS request is being made to host 'randomuser.me'. Adding certificate verification is strongly advised. See: https://urllib3.readthedocs.io/en/latest/advanced-usage.html#tls-warnings
  warnings.warn(</msg>
<msg time="2024-03-25T18:18:01.261705" level="INFO">${response} = &lt;Response [200]&gt;</msg>
<var>${response}</var>
<arg>consultarAPI</arg>
<arg>/api</arg>
<doc>Sends a GET request on a previously created HTTP Session.</doc>
<status status="PASS" start="2024-03-25T18:18:01.173528" elapsed="0.088218"/>
</kw>
<kw name="Set Variable" owner="BuiltIn">
<msg time="2024-03-25T18:18:01.262859" level="INFO">${json_data} = {'results': [{'gender': 'female', 'name': {'title': 'Miss', 'first': 'Jasmine', 'last': 'Turner'}, 'location': {'street': {'number': 2149, 'name': 'Glenfield Road'}, 'city': 'Timaru', 'state': 'Nelson...</msg>
<var>${json_data}</var>
<arg>${response.json()}</arg>
<doc>Returns the given values which can then be assigned to a variables.</doc>
<status status="PASS" start="2024-03-25T18:18:01.262300" elapsed="0.000589"/>
</kw>
<kw name="Log" owner="BuiltIn">
<msg time="2024-03-25T18:18:01.263426" level="INFO">{'results': [{'gender': 'female', 'name': {'title': 'Miss', 'first': 'Jasmine', 'last': 'Turner'}, 'location': {'street': {'number': 2149, 'name': 'Glenfield Road'}, 'city': 'Timaru', 'state': 'Nelson', 'country': 'New Zealand', 'postcode': 76616, 'coordinates': {'latitude': '50.2700', 'longitude': '100.6329'}, 'timezone': {'offset': '+5:45', 'description': 'Kathmandu'}}, 'email': 'jasmine.turner@example.com', 'login': {'uuid': '7c1c34c7-b68c-41f6-9506-27297f7ee937', 'username': 'happycat534', 'password': '1950', 'salt': 'yGUg0xeu', 'md5': 'f0b33c47c783110f11e980bc867a1a9e', 'sha1': '91d40a1f6aed69e8e0adaab5aae149a9fa280c0b', 'sha256': '82f26999ce2937568f83f5d9d193940b40ace9b9cab59518682ad167218f9fd5'}, 'dob': {'date': '1955-04-13T03:34:09.405Z', 'age': 68}, 'registered': {'date': '2014-09-02T05:53:03.207Z', 'age': 9}, 'phone': '(949)-852-4415', 'cell': '(195)-114-7580', 'id': {'name': '', 'value': None}, 'picture': {'large': 'https://randomuser.me/api/portraits/women/48.jpg', 'medium': 'https://randomuser.me/api/portraits/med/women/48.jpg', 'thumbnail': 'https://randomuser.me/api/portraits/thumb/women/48.jpg'}, 'nat': 'NZ'}], 'info': {'seed': '1c113dd74616186e', 'results': 1, 'page': 1, 'version': '1.4'}}</msg>
<arg>${json_data}</arg>
<doc>Logs the given message with the given level.</doc>
<status status="PASS" start="2024-03-25T18:18:01.263252" elapsed="0.000223"/>
</kw>
<kw name="Dictionary Should Contain Key" owner="Collections">
<msg time="2024-03-25T18:18:01.263960" level="INFO">False</msg>
<arg>${json_data}</arg>
<arg>results</arg>
<doc>Fails if ``key`` is not found from ``dictionary``.</doc>
<status status="PASS" start="2024-03-25T18:18:01.263794" elapsed="0.000203"/>
</kw>
<kw name="Should Not Be Empty" owner="BuiltIn">
<msg time="2024-03-25T18:18:01.264571" level="INFO">Length is 2.</msg>
<arg>${json_data}</arg>
<doc>Verifies that the given item is not empty.</doc>
<status status="PASS" start="2024-03-25T18:18:01.264427" elapsed="0.000184"/>
</kw>
<kw name="Create List" owner="BuiltIn">
<msg time="2024-03-25T18:18:01.265079" level="INFO">${expected_keys} = ['gender', 'name', 'location', 'email', 'login']</msg>
<var>${expected_keys}</var>
<arg>gender</arg>
<arg>name</arg>
<arg>location</arg>
<arg>email</arg>
<arg>login</arg>
<doc>Returns a list containing given items.</doc>
<status status="PASS" start="2024-03-25T18:18:01.264919" elapsed="0.000184"/>
</kw>
<for flavor="IN">
<iter>
<kw name="Dictionary Should Contain Key" owner="Collections">
<msg time="2024-03-25T18:18:01.266169" level="INFO">False</msg>
<arg>${json_data['results'][0]}</arg>
<arg>${key}</arg>
<doc>Fails if ``key`` is not found from ``dictionary``.</doc>
<status status="PASS" start="2024-03-25T18:18:01.265723" elapsed="0.000486"/>
</kw>
<kw name="Log" owner="BuiltIn">
<msg time="2024-03-25T18:18:01.266924" level="INFO">{'gender': 'female', 'name': {'title': 'Miss', 'first': 'Jasmine', 'last': 'Turner'}, 'location': {'street': {'number': 2149, 'name': 'Glenfield Road'}, 'city': 'Timaru', 'state': 'Nelson', 'country': 'New Zealand', 'postcode': 76616, 'coordinates': {'latitude': '50.2700', 'longitude': '100.6329'}, 'timezone': {'offset': '+5:45', 'description': 'Kathmandu'}}, 'email': 'jasmine.turner@example.com', 'login': {'uuid': '7c1c34c7-b68c-41f6-9506-27297f7ee937', 'username': 'happycat534', 'password': '1950', 'salt': 'yGUg0xeu', 'md5': 'f0b33c47c783110f11e980bc867a1a9e', 'sha1': '91d40a1f6aed69e8e0adaab5aae149a9fa280c0b', 'sha256': '82f26999ce2937568f83f5d9d193940b40ace9b9cab59518682ad167218f9fd5'}, 'dob': {'date': '1955-04-13T03:34:09.405Z', 'age': 68}, 'registered': {'date': '2014-09-02T05:53:03.207Z', 'age': 9}, 'phone': '(949)-852-4415', 'cell': '(195)-114-7580', 'id': {'name': '', 'value': None}, 'picture': {'large': 'https://randomuser.me/api/portraits/women/48.jpg', 'medium': 'https://randomuser.me/api/portraits/med/women/48.jpg', 'thumbnail': 'https://randomuser.me/api/portraits/thumb/women/48.jpg'}, 'nat': 'NZ'}</msg>
<arg>${json_data['results'][0]}</arg>
<doc>Logs the given message with the given level.</doc>
<status status="PASS" start="2024-03-25T18:18:01.266524" elapsed="0.000457"/>
</kw>
<kw name="Log" owner="BuiltIn">
<msg time="2024-03-25T18:18:01.267440" level="INFO">gender</msg>
<arg>${key}</arg>
<doc>Logs the given message with the given level.</doc>
<status status="PASS" start="2024-03-25T18:18:01.267292" elapsed="0.000202"/>
</kw>
<var name="${key}">gender</var>
<status status="PASS" start="2024-03-25T18:18:01.265590" elapsed="0.002198"/>
</iter>
<iter>
<kw name="Dictionary Should Contain Key" owner="Collections">
<msg time="2024-03-25T18:18:01.268608" level="INFO">False</msg>
<arg>${json_data['results'][0]}</arg>
<arg>${key}</arg>
<doc>Fails if ``key`` is not found from ``dictionary``.</doc>
<status status="PASS" start="2024-03-25T18:18:01.268125" elapsed="0.000521"/>
</kw>
<kw name="Log" owner="BuiltIn">
<msg time="2024-03-25T18:18:01.269372" level="INFO">{'gender': 'female', 'name': {'title': 'Miss', 'first': 'Jasmine', 'last': 'Turner'}, 'location': {'street': {'number': 2149, 'name': 'Glenfield Road'}, 'city': 'Timaru', 'state': 'Nelson', 'country': 'New Zealand', 'postcode': 76616, 'coordinates': {'latitude': '50.2700', 'longitude': '100.6329'}, 'timezone': {'offset': '+5:45', 'description': 'Kathmandu'}}, 'email': 'jasmine.turner@example.com', 'login': {'uuid': '7c1c34c7-b68c-41f6-9506-27297f7ee937', 'username': 'happycat534', 'password': '1950', 'salt': 'yGUg0xeu', 'md5': 'f0b33c47c783110f11e980bc867a1a9e', 'sha1': '91d40a1f6aed69e8e0adaab5aae149a9fa280c0b', 'sha256': '82f26999ce2937568f83f5d9d193940b40ace9b9cab59518682ad167218f9fd5'}, 'dob': {'date': '1955-04-13T03:34:09.405Z', 'age': 68}, 'registered': {'date': '2014-09-02T05:53:03.207Z', 'age': 9}, 'phone': '(949)-852-4415', 'cell': '(195)-114-7580', 'id': {'name': '', 'value': None}, 'picture': {'large': 'https://randomuser.me/api/portraits/women/48.jpg', 'medium': 'https://randomuser.me/api/portraits/med/women/48.jpg', 'thumbnail': 'https://randomuser.me/api/portraits/thumb/women/48.jpg'}, 'nat': 'NZ'}</msg>
<arg>${json_data['results'][0]}</arg>
<doc>Logs the given message with the given level.</doc>
<status status="PASS" start="2024-03-25T18:18:01.268995" elapsed="0.000425"/>
</kw>
<kw name="Log" owner="BuiltIn">
<msg time="2024-03-25T18:18:01.269872" level="INFO">name</msg>
<arg>${key}</arg>
<doc>Logs the given message with the given level.</doc>
<status status="PASS" start="2024-03-25T18:18:01.269731" elapsed="0.000195"/>
</kw>
<var name="${key}">name</var>
<status status="PASS" start="2024-03-25T18:18:01.268000" elapsed="0.002163"/>
</iter>
<iter>
<kw name="Dictionary Should Contain Key" owner="Collections">
<msg time="2024-03-25T18:18:01.270901" level="INFO">False</msg>
<arg>${json_data['results'][0]}</arg>
<arg>${key}</arg>
<doc>Fails if ``key`` is not found from ``dictionary``.</doc>
<status status="PASS" start="2024-03-25T18:18:01.270468" elapsed="0.000470"/>
</kw>
<kw name="Log" owner="BuiltIn">
<msg time="2024-03-25T18:18:01.271644" level="INFO">{'gender': 'female', 'name': {'title': 'Miss', 'first': 'Jasmine', 'last': 'Turner'}, 'location': {'street': {'number': 2149, 'name': 'Glenfield Road'}, 'city': 'Timaru', 'state': 'Nelson', 'country': 'New Zealand', 'postcode': 76616, 'coordinates': {'latitude': '50.2700', 'longitude': '100.6329'}, 'timezone': {'offset': '+5:45', 'description': 'Kathmandu'}}, 'email': 'jasmine.turner@example.com', 'login': {'uuid': '7c1c34c7-b68c-41f6-9506-27297f7ee937', 'username': 'happycat534', 'password': '1950', 'salt': 'yGUg0xeu', 'md5': 'f0b33c47c783110f11e980bc867a1a9e', 'sha1': '91d40a1f6aed69e8e0adaab5aae149a9fa280c0b', 'sha256': '82f26999ce2937568f83f5d9d193940b40ace9b9cab59518682ad167218f9fd5'}, 'dob': {'date': '1955-04-13T03:34:09.405Z', 'age': 68}, 'registered': {'date': '2014-09-02T05:53:03.207Z', 'age': 9}, 'phone': '(949)-852-4415', 'cell': '(195)-114-7580', 'id': {'name': '', 'value': None}, 'picture': {'large': 'https://randomuser.me/api/portraits/women/48.jpg', 'medium': 'https://randomuser.me/api/portraits/med/women/48.jpg', 'thumbnail': 'https://randomuser.me/api/portraits/thumb/women/48.jpg'}, 'nat': 'NZ'}</msg>
<arg>${json_data['results'][0]}</arg>
<doc>Logs the given message with the given level.</doc>
<status status="PASS" start="2024-03-25T18:18:01.271268" elapsed="0.000438"/>
</kw>
<kw name="Log" owner="BuiltIn">
<msg time="2024-03-25T18:18:01.272146" level="INFO">location</msg>
<arg>${key}</arg>
<doc>Logs the given message with the given level.</doc>
<status status="PASS" start="2024-03-25T18:18:01.272019" elapsed="0.000165"/>
</kw>
<var name="${key}">location</var>
<status status="PASS" start="2024-03-25T18:18:01.270352" elapsed="0.002074"/>
</iter>
<iter>
<kw name="Dictionary Should Contain Key" owner="Collections">
<msg time="2024-03-25T18:18:01.273117" level="INFO">False</msg>
<arg>${json_data['results'][0]}</arg>
<arg>${key}</arg>
<doc>Fails if ``key`` is not found from ``dictionary``.</doc>
<status status="PASS" start="2024-03-25T18:18:01.272716" elapsed="0.000443"/>
</kw>
<kw name="Log" owner="BuiltIn">
<msg time="2024-03-25T18:18:01.273904" level="INFO">{'gender': 'female', 'name': {'title': 'Miss', 'first': 'Jasmine', 'last': 'Turner'}, 'location': {'street': {'number': 2149, 'name': 'Glenfield Road'}, 'city': 'Timaru', 'state': 'Nelson', 'country': 'New Zealand', 'postcode': 76616, 'coordinates': {'latitude': '50.2700', 'longitude': '100.6329'}, 'timezone': {'offset': '+5:45', 'description': 'Kathmandu'}}, 'email': 'jasmine.turner@example.com', 'login': {'uuid': '7c1c34c7-b68c-41f6-9506-27297f7ee937', 'username': 'happycat534', 'password': '1950', 'salt': 'yGUg0xeu', 'md5': 'f0b33c47c783110f11e980bc867a1a9e', 'sha1': '91d40a1f6aed69e8e0adaab5aae149a9fa280c0b', 'sha256': '82f26999ce2937568f83f5d9d193940b40ace9b9cab59518682ad167218f9fd5'}, 'dob': {'date': '1955-04-13T03:34:09.405Z', 'age': 68}, 'registered': {'date': '2014-09-02T05:53:03.207Z', 'age': 9}, 'phone': '(949)-852-4415', 'cell': '(195)-114-7580', 'id': {'name': '', 'value': None}, 'picture': {'large': 'https://randomuser.me/api/portraits/women/48.jpg', 'medium': 'https://randomuser.me/api/portraits/med/women/48.jpg', 'thumbnail': 'https://randomuser.me/api/portraits/thumb/women/48.jpg'}, 'nat': 'NZ'}</msg>
<arg>${json_data['results'][0]}</arg>
<doc>Logs the given message with the given level.</doc>
<status status="PASS" start="2024-03-25T18:18:01.273537" elapsed="0.000413"/>
</kw>
<kw name="Log" owner="BuiltIn">
<msg time="2024-03-25T18:18:01.274369" level="INFO">email</msg>
<arg>${key}</arg>
<doc>Logs the given message with the given level.</doc>
<status status="PASS" start="2024-03-25T18:18:01.274241" elapsed="0.000165"/>
</kw>
<var name="${key}">email</var>
<status status="PASS" start="2024-03-25T18:18:01.272606" elapsed="0.002015"/>
</iter>
<iter>
<kw name="Dictionary Should Contain Key" owner="Collections">
<msg time="2024-03-25T18:18:01.275317" level="INFO">False</msg>
<arg>${json_data['results'][0]}</arg>
<arg>${key}</arg>
<doc>Fails if ``key`` is not found from ``dictionary``.</doc>
<status status="PASS" start="2024-03-25T18:18:01.274916" elapsed="0.000438"/>
</kw>
<kw name="Log" owner="BuiltIn">
<msg time="2024-03-25T18:18:01.276020" level="INFO">{'gender': 'female', 'name': {'title': 'Miss', 'first': 'Jasmine', 'last': 'Turner'}, 'location': {'street': {'number': 2149, 'name': 'Glenfield Road'}, 'city': 'Timaru', 'state': 'Nelson', 'country': 'New Zealand', 'postcode': 76616, 'coordinates': {'latitude': '50.2700', 'longitude': '100.6329'}, 'timezone': {'offset': '+5:45', 'description': 'Kathmandu'}}, 'email': 'jasmine.turner@example.com', 'login': {'uuid': '7c1c34c7-b68c-41f6-9506-27297f7ee937', 'username': 'happycat534', 'password': '1950', 'salt': 'yGUg0xeu', 'md5': 'f0b33c47c783110f11e980bc867a1a9e', 'sha1': '91d40a1f6aed69e8e0adaab5aae149a9fa280c0b', 'sha256': '82f26999ce2937568f83f5d9d193940b40ace9b9cab59518682ad167218f9fd5'}, 'dob': {'date': '1955-04-13T03:34:09.405Z', 'age': 68}, 'registered': {'date': '2014-09-02T05:53:03.207Z', 'age': 9}, 'phone': '(949)-852-4415', 'cell': '(195)-114-7580', 'id': {'name': '', 'value': None}, 'picture': {'large': 'https://randomuser.me/api/portraits/women/48.jpg', 'medium': 'https://randomuser.me/api/portraits/med/women/48.jpg', 'thumbnail': 'https://randomuser.me/api/portraits/thumb/women/48.jpg'}, 'nat': 'NZ'}</msg>
<arg>${json_data['results'][0]}</arg>
<doc>Logs the given message with the given level.</doc>
<status status="PASS" start="2024-03-25T18:18:01.275652" elapsed="0.000415"/>
</kw>
<kw name="Log" owner="BuiltIn">
<msg time="2024-03-25T18:18:01.276662" level="INFO">login</msg>
<arg>${key}</arg>
<doc>Logs the given message with the given level.</doc>
<status status="PASS" start="2024-03-25T18:18:01.276520" elapsed="0.000333"/>
</kw>
<var name="${key}">login</var>
<status status="PASS" start="2024-03-25T18:18:01.274799" elapsed="0.002324"/>
</iter>
<var>${key}</var>
<value>@{expected_keys}</value>
<status status="PASS" start="2024-03-25T18:18:01.265382" elapsed="0.011881"/>
</for>
<kw name="Create List" owner="BuiltIn">
<msg time="2024-03-25T18:18:01.277664" level="INFO">${expected_keysTwo} = ['username', 'password']</msg>
<var>${expected_keysTwo}</var>
<arg>username</arg>
<arg>password</arg>
<doc>Returns a list containing given items.</doc>
<status status="PASS" start="2024-03-25T18:18:01.277514" elapsed="0.000175"/>
</kw>
<for flavor="IN">
<iter>
<kw name="Dictionary Should Contain Key" owner="Collections">
<msg time="2024-03-25T18:18:01.278681" level="INFO">False</msg>
<arg>${json_data['results'][0]['login']}</arg>
<arg>${keyTwo}</arg>
<doc>Fails if ``key`` is not found from ``dictionary``.</doc>
<status status="PASS" start="2024-03-25T18:18:01.278235" elapsed="0.000486"/>
</kw>
<kw name="Dictionary Should Contain Key" owner="Collections">
<msg time="2024-03-25T18:18:01.279439" level="INFO">False</msg>
<arg>${json_data['results'][0]['login']}</arg>
<arg>${keyTwo}</arg>
<doc>Fails if ``key`` is not found from ``dictionary``.</doc>
<status status="PASS" start="2024-03-25T18:18:01.279028" elapsed="0.000451"/>
</kw>
<kw name="Log" owner="BuiltIn">
<msg time="2024-03-25T18:18:01.279930" level="INFO">username</msg>
<arg>${keyTwo}</arg>
<doc>Logs the given message with the given level.</doc>
<status status="PASS" start="2024-03-25T18:18:01.279793" elapsed="0.000175"/>
</kw>
<var name="${keyTwo}">username</var>
<status status="PASS" start="2024-03-25T18:18:01.278119" elapsed="0.002071"/>
</iter>
<iter>
<kw name="Dictionary Should Contain Key" owner="Collections">
<msg time="2024-03-25T18:18:01.280948" level="INFO">False</msg>
<arg>${json_data['results'][0]['login']}</arg>
<arg>${keyTwo}</arg>
<doc>Fails if ``key`` is not found from ``dictionary``.</doc>
<status status="PASS" start="2024-03-25T18:18:01.280542" elapsed="0.000444"/>
</kw>
<kw name="Dictionary Should Contain Key" owner="Collections">
<msg time="2024-03-25T18:18:01.281780" level="INFO">False</msg>
<arg>${json_data['results'][0]['login']}</arg>
<arg>${keyTwo}</arg>
<doc>Fails if ``key`` is not found from ``dictionary``.</doc>
<status status="PASS" start="2024-03-25T18:18:01.281380" elapsed="0.000437"/>
</kw>
<kw name="Log" owner="BuiltIn">
<msg time="2024-03-25T18:18:01.282254" level="INFO">password</msg>
<arg>${keyTwo}</arg>
<doc>Logs the given message with the given level.</doc>
<status status="PASS" start="2024-03-25T18:18:01.282120" elapsed="0.000171"/>
</kw>
<var name="${keyTwo}">password</var>
<status status="PASS" start="2024-03-25T18:18:01.280424" elapsed="0.002084"/>
</iter>
<var>${keyTwo}</var>
<value>@{expected_keysTwo}</value>
<status status="PASS" start="2024-03-25T18:18:01.277944" elapsed="0.004691"/>
</for>
<status status="PASS" start="2024-03-25T18:18:01.173251" elapsed="0.109547"/>
</kw>
<doc>Testa a estrutura da resposta da API.</doc>
<tag>testeEstruturaResposta</tag>
<status status="PASS" start="2024-03-25T18:18:01.172481" elapsed="0.110490"/>
</test>
<test id="s1-s1-t4" name="Validar tipos de dados" line="28">
<kw name="Teste de Tipos de Dados" owner="random-user-service">
<kw name="GET On Session" owner="RequestsLibrary">
<msg time="2024-03-25T18:18:01.413600" level="INFO">GET Request : url=https://randomuser.me/api 
 path_url=/api 
 headers={'User-Agent': 'python-requests/2.31.0', 'Accept-Encoding': 'gzip, deflate', 'Accept': '*/*', 'Connection': 'keep-alive'} 
 body=None 
 </msg>
<msg time="2024-03-25T18:18:01.413703" level="INFO">GET Response : url=https://randomuser.me/api 
 status=200, reason=OK 
 headers={'Date': 'Mon, 25 Mar 2024 18:18:01 GMT', 'Content-Type': 'application/json; charset=utf-8', 'Transfer-Encoding': 'chunked', 'Connection': 'keep-alive', 'X-Powered-By': 'Express', 'Access-Control-Allow-Origin': '*', 'Cache-Control': 'no-cache', 'ETag': 'W/"470-RPMEqw+ViwAJvB1TYaaEcpkuG8s"', 'Vary': 'Accept-Encoding', 'Content-Encoding': 'gzip', 'CF-Cache-Status': 'DYNAMIC', 'Report-To': '{"endpoints":[{"url":"https:\\/\\/a.nel.cloudflare.com\\/report\\/v4?s=wqPy6RwB5L37WKKfULYQ%2B2EopDnd8asXtjHRBoTQ77r4lub2l7ekd6JeVKIabJcQ4cf4v5ylIDvCbsovHLvOSFFUoxArTbf%2F0qrAYRq1riK5A7SJ3HlThMk3eDhGGQYN"}],"group":"cf-nel","max_age":604800}', 'NEL': '{"success_fraction":0,"report_to":"cf-nel","max_age":604800}', 'Server': 'cloudflare', 'CF-RAY': '86a0e6ae1b3c8f16-IAD', 'alt-svc': 'h3=":443"; ma=86400'} 
 body={"results":[{"gender":"female","name":{"title":"Miss","first":"Charlie","last":"Liu"},"location":{"street":{"number":6484,"name":"Dalhousie Ave"},"city":"Hampton","state":"Yukon","country":"Canada","postcode":"L9N 9C9","coordinates":{"latitude":"-67.0693","longitude":"150.8501"},"timezone":{"offset":"-10:00","description":"Hawaii"}},"email":"charlie.liu@example.com","login":{"uuid":"4801a56e-3f93-4328-a54b-96b8e64de2c4","username":"sadlion455","password":"diana","salt":"0InniI3v","md5":"a4d6119987b9a233a9db0c4e249f6d16","sha1":"a18bd2303cabb36fe37d1a9077d1395967e8d5a9","sha256":"8737e743234015a393699e6dc9461b76a61891c79ff3a2e0e86ff09b326b83a9"},"dob":{"date":"1984-09-22T18:26:38.619Z","age":39},"registered":{"date":"2012-05-18T21:56:47.070Z","age":11},"phone":"K28 X18-3888","cell":"H18 Z54-0642","id":{"name":"SIN","value":"618682850"},"picture":{"large":"https://randomuser.me/api/portraits/women/87.jpg","medium":"https://randomuser.me/api/portraits/med/women/87.jpg","thumbnail":"https://randomuser.me/api/portraits/thumb/women/87.jpg"},"nat":"CA"}],"info":{"seed":"df15627a74b49161","results":1,"page":1,"version":"1.4"}} 
 </msg>
<msg time="2024-03-25T18:18:01.413775" level="INFO">/opt/hostedtoolcache/Python/3.12.2/x64/lib/python3.12/site-packages/urllib3/connectionpool.py:1103: InsecureRequestWarning: Unverified HTTPS request is being made to host 'randomuser.me'. Adding certificate verification is strongly advised. See: https://urllib3.readthedocs.io/en/latest/advanced-usage.html#tls-warnings
  warnings.warn(</msg>
<msg time="2024-03-25T18:18:01.413900" level="INFO">${response} = &lt;Response [200]&gt;</msg>
<var>${response}</var>
<arg>consultarAPI</arg>
<arg>/api</arg>
<doc>Sends a GET request on a previously created HTTP Session.</doc>
<status status="PASS" start="2024-03-25T18:18:01.285754" elapsed="0.128180"/>
</kw>
<kw name="Set Variable" owner="BuiltIn">
<msg time="2024-03-25T18:18:01.415088" level="INFO">${json_data} = {'results': [{'gender': 'female', 'name': {'title': 'Miss', 'first': 'Charlie', 'last': 'Liu'}, 'location': {'street': {'number': 6484, 'name': 'Dalhousie Ave'}, 'city': 'Hampton', 'state': 'Yukon', '...</msg>
<var>${json_data}</var>
<arg>${response.json()}</arg>
<doc>Returns the given values which can then be assigned to a variables.</doc>
<status status="PASS" start="2024-03-25T18:18:01.414520" elapsed="0.000598"/>
</kw>
<kw name="Log" owner="BuiltIn">
<msg time="2024-03-25T18:18:01.415689" level="INFO">{'results': [{'gender': 'female', 'name': {'title': 'Miss', 'first': 'Charlie', 'last': 'Liu'}, 'location': {'street': {'number': 6484, 'name': 'Dalhousie Ave'}, 'city': 'Hampton', 'state': 'Yukon', 'country': 'Canada', 'postcode': 'L9N 9C9', 'coordinates': {'latitude': '-67.0693', 'longitude': '150.8501'}, 'timezone': {'offset': '-10:00', 'description': 'Hawaii'}}, 'email': 'charlie.liu@example.com', 'login': {'uuid': '4801a56e-3f93-4328-a54b-96b8e64de2c4', 'username': 'sadlion455', 'password': 'diana', 'salt': '0InniI3v', 'md5': 'a4d6119987b9a233a9db0c4e249f6d16', 'sha1': 'a18bd2303cabb36fe37d1a9077d1395967e8d5a9', 'sha256': '8737e743234015a393699e6dc9461b76a61891c79ff3a2e0e86ff09b326b83a9'}, 'dob': {'date': '1984-09-22T18:26:38.619Z', 'age': 39}, 'registered': {'date': '2012-05-18T21:56:47.070Z', 'age': 11}, 'phone': 'K28 X18-3888', 'cell': 'H18 Z54-0642', 'id': {'name': 'SIN', 'value': '618682850'}, 'picture': {'large': 'https://randomuser.me/api/portraits/women/87.jpg', 'medium': 'https://randomuser.me/api/portraits/med/women/87.jpg', 'thumbnail': 'https://randomuser.me/api/portraits/thumb/women/87.jpg'}, 'nat': 'CA'}], 'info': {'seed': 'df15627a74b49161', 'results': 1, 'page': 1, 'version': '1.4'}}</msg>
<arg>${json_data}</arg>
<doc>Logs the given message with the given level.</doc>
<status status="PASS" start="2024-03-25T18:18:01.415498" elapsed="0.000241"/>
</kw>
<kw name="Should Be String" owner="String">
<arg>${json_data['results'][0]['gender']}</arg>
<doc>Fails if the given ``item`` is not a string.</doc>
<status status="PASS" start="2024-03-25T18:18:01.416109" elapsed="0.000534"/>
</kw>
<kw name="Should Match Regexp" owner="BuiltIn">
<arg>${json_data['results'][0]['email']}</arg>
<arg>^[a-zA-Z0-9._%+-]+@[a-zA-Z0-9.-]+\.[a-zA-Z]{2,}$</arg>
<doc>Fails if ``string`` does not match ``pattern`` as a regular expression.</doc>
<status status="PASS" start="2024-03-25T18:18:01.416866" elapsed="0.000611"/>
</kw>
<kw name="Should Match Regexp" owner="BuiltIn">
<arg>${json_data['results'][0]['dob']['date']}</arg>
<arg>\\d{4}-\\d{2}-\\d{2}T\\d{2}:\\d{2}:\\d{2}\\.\\d{3}Z</arg>
<doc>Fails if ``string`` does not match ``pattern`` as a regular expression.</doc>
<status status="PASS" start="2024-03-25T18:18:01.417700" elapsed="0.000557"/>
</kw>
<kw name="Should Match Regexp" owner="BuiltIn">
<arg>${json_data['results'][0]['registered']['date']}</arg>
<arg>\\d{4}-\\d{2}-\\d{2}T\\d{2}:\\d{2}:\\d{2}\\.\\d{3}Z</arg>
<doc>Fails if ``string`` does not match ``pattern`` as a regular expression.</doc>
<status status="PASS" start="2024-03-25T18:18:01.418469" elapsed="0.000395"/>
</kw>
<kw name="Should Match Regexp" owner="BuiltIn">
<arg>${json_data['results'][0]['picture']['large']}</arg>
<arg>^https?://.*\.(?:png|jpe?g|gif|bmp)$</arg>
<doc>Fails if ``string`` does not match ``pattern`` as a regular expression.</doc>
<status status="PASS" start="2024-03-25T18:18:01.419065" elapsed="0.000553"/>
</kw>
<kw name="Should Match Regexp" owner="BuiltIn">
<arg>${json_data['results'][0]['picture']['medium']}</arg>
<arg>^https?://.*\.(?:png|jpe?g|gif|bmp)$</arg>
<doc>Fails if ``string`` does not match ``pattern`` as a regular expression.</doc>
<status status="PASS" start="2024-03-25T18:18:01.419822" elapsed="0.000382"/>
</kw>
<kw name="Should Match Regexp" owner="BuiltIn">
<arg>${json_data['results'][0]['picture']['thumbnail']}</arg>
<arg>^https?://.*\.(?:png|jpe?g|gif|bmp)$</arg>
<doc>Fails if ``string`` does not match ``pattern`` as a regular expression.</doc>
<status status="PASS" start="2024-03-25T18:18:01.420448" elapsed="0.000375"/>
</kw>
<kw name="Log" owner="BuiltIn">
<msg time="2024-03-25T18:18:01.421353" level="INFO">{'large': 'https://randomuser.me/api/portraits/women/87.jpg', 'medium': 'https://randomuser.me/api/portraits/med/women/87.jpg', 'thumbnail': 'https://randomuser.me/api/portraits/thumb/women/87.jpg'}</msg>
<arg>${json_data['results'][0]['picture']}</arg>
<doc>Logs the given message with the given level.</doc>
<status status="PASS" start="2024-03-25T18:18:01.421013" elapsed="0.000390"/>
</kw>
<status status="PASS" start="2024-03-25T18:18:01.285500" elapsed="0.136248"/>
</kw>
<kw name="Teste de Tipos de Dados - Postcode" owner="random-user-service">
<kw name="GET On Session" owner="RequestsLibrary">
<msg time="2024-03-25T18:18:01.607340" level="INFO">GET Request : url=https://randomuser.me/api 
 path_url=/api 
 headers={'User-Agent': 'python-requests/2.31.0', 'Accept-Encoding': 'gzip, deflate', 'Accept': '*/*', 'Connection': 'keep-alive'} 
 body=None 
 </msg>
<msg time="2024-03-25T18:18:01.607457" level="INFO">GET Response : url=https://randomuser.me/api 
 status=200, reason=OK 
 headers={'Date': 'Mon, 25 Mar 2024 18:18:01 GMT', 'Content-Type': 'application/json; charset=utf-8', 'Transfer-Encoding': 'chunked', 'Connection': 'keep-alive', 'X-Powered-By': 'Express', 'Access-Control-Allow-Origin': '*', 'Cache-Control': 'no-cache', 'ETag': 'W/"4a1-W/uEk442/gQeFFTnS6KL98eEyRA"', 'Vary': 'Accept-Encoding', 'Content-Encoding': 'gzip', 'CF-Cache-Status': 'DYNAMIC', 'Report-To': '{"endpoints":[{"url":"https:\\/\\/a.nel.cloudflare.com\\/report\\/v4?s=DpGprJmvfdSHQBo%2F9TN3WOa0zDbgd%2FXM0Z1ScwrmWIz7Hekbxzrud6BZSQwZ5yLvHJZBrbycPeVSdNmbwpo9OV83Pgd7cTc7WWVqXlX38UcR50qQXmM%2FupSi8gg5%2FaNx"}],"group":"cf-nel","max_age":604800}', 'NEL': '{"success_fraction":0,"report_to":"cf-nel","max_age":604800}', 'Server': 'cloudflare', 'CF-RAY': '86a0e6aeec838f16-IAD', 'alt-svc': 'h3=":443"; ma=86400'} 
 body={"results":[{"gender":"female","name":{"title":"Ms","first":"غزل","last":"كامياران"},"location":{"street":{"number":2100,"name":"دکتر لواسانی"},"city":"آمل","state":"لرستان","country":"Iran","postcode":47388,"coordinates":{"latitude":"20.4176","longitude":"174.8380"},"timezone":{"offset":"+11:00","description":"Magadan, Solomon Islands, New Caledonia"}},"email":"gzl.kmyrn@example.com","login":{"uuid":"88cf3409-6b3b-4c78-a1f2-9ba24f138694","username":"blackmeercat721","password":"wolfgang","salt":"TpUVEFOg","md5":"bae2a8d866c70c7788fd8b26619ecc53","sha1":"964774af262780cc0405ddfda00b877ecd51dd94","sha256":"42d1c8260d1cd667abd0e9adaae33d6cfd40a7122fc358054f076e6ad2d946c7"},"dob":{"date":"1981-12-07T23:56:50.607Z","age":42},"registered":{"date":"2005-05-15T12:15:00.343Z","age":18},"phone":"091-15452907","cell":"0920-801-5826","id":{"name":"","value":null},"picture":{"large":"https://randomuser.me/api/portraits/women/26.jpg","medium":"https://randomuser.me/api/portraits/med/women/26.jpg","thumbnail":"https://randomuser.me/api/portraits/thumb/women/26.jpg"},"nat":"IR"}],"info":{"seed":"f7f6749b41a30a61","results":1,"page":1,"version":"1.4"}} 
 </msg>
<msg time="2024-03-25T18:18:01.607575" level="INFO">/opt/hostedtoolcache/Python/3.12.2/x64/lib/python3.12/site-packages/urllib3/connectionpool.py:1103: InsecureRequestWarning: Unverified HTTPS request is being made to host 'randomuser.me'. Adding certificate verification is strongly advised. See: https://urllib3.readthedocs.io/en/latest/advanced-usage.html#tls-warnings
  warnings.warn(</msg>
<msg time="2024-03-25T18:18:01.607723" level="INFO">${response} = &lt;Response [200]&gt;</msg>
<var>${response}</var>
<arg>consultarAPI</arg>
<arg>/api</arg>
<doc>Sends a GET request on a previously created HTTP Session.</doc>
<status status="PASS" start="2024-03-25T18:18:01.422423" elapsed="0.185352"/>
</kw>
<kw name="Set Variable" owner="BuiltIn">
<msg time="2024-03-25T18:18:01.609163" level="INFO">${json_data} = {'results': [{'gender': 'female', 'name': {'title': 'Ms', 'first': 'غزل', 'last': 'كامياران'}, 'location': {'street': {'number': 2100, 'name': 'دکتر لواسانی'}, 'city': 'آمل', 'state': 'لرستان', 'count...</msg>
<var>${json_data}</var>
<arg>${response.json()}</arg>
<doc>Returns the given values which can then be assigned to a variables.</doc>
<status status="PASS" start="2024-03-25T18:18:01.608528" elapsed="0.000668"/>
</kw>
<kw name="Log" owner="BuiltIn">
<msg time="2024-03-25T18:18:01.609789" level="INFO">{'results': [{'gender': 'female', 'name': {'title': 'Ms', 'first': 'غزل', 'last': 'كامياران'}, 'location': {'street': {'number': 2100, 'name': 'دکتر لواسانی'}, 'city': 'آمل', 'state': 'لرستان', 'country': 'Iran', 'postcode': 47388, 'coordinates': {'latitude': '20.4176', 'longitude': '174.8380'}, 'timezone': {'offset': '+11:00', 'description': 'Magadan, Solomon Islands, New Caledonia'}}, 'email': 'gzl.kmyrn@example.com', 'login': {'uuid': '88cf3409-6b3b-4c78-a1f2-9ba24f138694', 'username': 'blackmeercat721', 'password': 'wolfgang', 'salt': 'TpUVEFOg', 'md5': 'bae2a8d866c70c7788fd8b26619ecc53', 'sha1': '964774af262780cc0405ddfda00b877ecd51dd94', 'sha256': '42d1c8260d1cd667abd0e9adaae33d6cfd40a7122fc358054f076e6ad2d946c7'}, 'dob': {'date': '1981-12-07T23:56:50.607Z', 'age': 42}, 'registered': {'date': '2005-05-15T12:15:00.343Z', 'age': 18}, 'phone': '091-15452907', 'cell': '0920-801-5826', 'id': {'name': '', 'value': None}, 'picture': {'large': 'https://randomuser.me/api/portraits/women/26.jpg', 'medium': 'https://randomuser.me/api/portraits/med/women/26.jpg', 'thumbnail': 'https://randomuser.me/api/portraits/thumb/women/26.jpg'}, 'nat': 'IR'}], 'info': {'seed': 'f7f6749b41a30a61', 'results': 1, 'page': 1, 'version': '1.4'}}</msg>
<arg>${json_data}</arg>
<doc>Logs the given message with the given level.</doc>
<status status="PASS" start="2024-03-25T18:18:01.609596" elapsed="0.000245"/>
</kw>
<kw name="Should Be Equal As Numbers" owner="BuiltIn">
<arg>${json_data['results'][0]['location']['postcode']}</arg>
<arg>${json_data['results'][0]['location']['postcode']}</arg>
<doc>Fails if objects are unequal after converting them to real numbers.</doc>
<status status="PASS" start="2024-03-25T18:18:01.610154" elapsed="0.000701"/>
</kw>
<kw name="Log" owner="BuiltIn">
<msg time="2024-03-25T18:18:01.611389" level="INFO">47388</msg>
<arg>${json_data['results'][0]['location']['postcode']}</arg>
<doc>Logs the given message with the given level.</doc>
<status status="PASS" start="2024-03-25T18:18:01.611054" elapsed="0.000375"/>
</kw>
<status status="PASS" start="2024-03-25T18:18:01.421992" elapsed="0.189700"/>
</kw>
<doc>Testa se os tipos de dados na resposta da API estão corretos.</doc>
<tag>testeTiposDados</tag>
<status status="PASS" start="2024-03-25T18:18:01.284905" elapsed="0.326962"/>
</test>
<test id="s1-s1-t5" name="Validar conteudo" line="35">
<kw name="Teste de Tipos de Conteudo" owner="random-user-service">
<kw name="GET On Session" owner="RequestsLibrary">
<msg time="2024-03-25T18:18:01.696980" level="INFO">GET Request : url=https://randomuser.me/api 
 path_url=/api 
 headers={'User-Agent': 'python-requests/2.31.0', 'Accept-Encoding': 'gzip, deflate', 'Accept': '*/*', 'Connection': 'keep-alive'} 
 body=None 
 </msg>
<msg time="2024-03-25T18:18:01.697081" level="INFO">GET Response : url=https://randomuser.me/api 
 status=200, reason=OK 
 headers={'Date': 'Mon, 25 Mar 2024 18:18:01 GMT', 'Content-Type': 'application/json; charset=utf-8', 'Transfer-Encoding': 'chunked', 'Connection': 'keep-alive', 'X-Powered-By': 'Express', 'Access-Control-Allow-Origin': '*', 'Cache-Control': 'no-cache', 'ETag': 'W/"487-ddvmcvAIBAWmQY+wE+bTN2MnTHU"', 'Vary': 'Accept-Encoding', 'Content-Encoding': 'gzip', 'CF-Cache-Status': 'DYNAMIC', 'Report-To': '{"endpoints":[{"url":"https:\\/\\/a.nel.cloudflare.com\\/report\\/v4?s=tGfhDlWz6Ghtj247WwlDCnyjngoyiu%2FBfiNSpnD1uMbORvdREkWBuc0ZfkE6UMhLAioGQvSYTu32dQYU72zUs7WudquIyvUvkgYc2tVOgffqTTOYhtTMTVK0wCFsfQeI"}],"group":"cf-nel","max_age":604800}', 'NEL': '{"success_fraction":0,"report_to":"cf-nel","max_age":604800}', 'Server': 'cloudflare', 'CF-RAY': '86a0e6b01e338f16-IAD', 'alt-svc': 'h3=":443"; ma=86400'} 
 body={"results":[{"gender":"male","name":{"title":"Mr","first":"Brayden","last":"Scott"},"location":{"street":{"number":9098,"name":"Richmond Park"},"city":"Cashel","state":"Galway City","country":"Ireland","postcode":43119,"coordinates":{"latitude":"2.1609","longitude":"-108.0040"},"timezone":{"offset":"+1:00","description":"Brussels, Copenhagen, Madrid, Paris"}},"email":"brayden.scott@example.com","login":{"uuid":"1d7ea355-af4d-4fc3-8ea4-f4edd226b09c","username":"redfish948","password":"trucker","salt":"P7q29Vpb","md5":"597dbccee67315e029c25368c9d261ea","sha1":"3e97bc2a5bc279b02c2eff3f2edea2d5e6ebfe7e","sha256":"529c038c8d33890553609339b0caedb003bbc63af6960272bdc4e53b9d260325"},"dob":{"date":"1961-03-22T16:56:23.139Z","age":63},"registered":{"date":"2021-01-06T11:37:38.356Z","age":3},"phone":"061-114-6058","cell":"081-892-3582","id":{"name":"PPS","value":"8604378T"},"picture":{"large":"https://randomuser.me/api/portraits/men/82.jpg","medium":"https://randomuser.me/api/portraits/med/men/82.jpg","thumbnail":"https://randomuser.me/api/portraits/thumb/men/82.jpg"},"nat":"IE"}],"info":{"seed":"de9074ffd44e0bec","results":1,"page":1,"version":"1.4"}} 
 </msg>
<msg time="2024-03-25T18:18:01.697155" level="INFO">/opt/hostedtoolcache/Python/3.12.2/x64/lib/python3.12/site-packages/urllib3/connectionpool.py:1103: InsecureRequestWarning: Unverified HTTPS request is being made to host 'randomuser.me'. Adding certificate verification is strongly advised. See: https://urllib3.readthedocs.io/en/latest/advanced-usage.html#tls-warnings
  warnings.warn(</msg>
<msg time="2024-03-25T18:18:01.697278" level="INFO">${response} = &lt;Response [200]&gt;</msg>
<var>${response}</var>
<arg>consultarAPI</arg>
<arg>/api</arg>
<doc>Sends a GET request on a previously created HTTP Session.</doc>
<status status="PASS" start="2024-03-25T18:18:01.614356" elapsed="0.082952"/>
</kw>
<kw name="Set Variable" owner="BuiltIn">
<msg time="2024-03-25T18:18:01.698473" level="INFO">${json_data} = {'results': [{'gender': 'male', 'name': {'title': 'Mr', 'first': 'Brayden', 'last': 'Scott'}, 'location': {'street': {'number': 9098, 'name': 'Richmond Park'}, 'city': 'Cashel', 'state': 'Galway City'...</msg>
<var>${json_data}</var>
<arg>${response.json()}</arg>
<doc>Returns the given values which can then be assigned to a variables.</doc>
<status status="PASS" start="2024-03-25T18:18:01.697927" elapsed="0.000574"/>
</kw>
<kw name="Set Variable" owner="BuiltIn">
<msg time="2024-03-25T18:18:01.699206" level="INFO">${name_title} = Mr</msg>
<var>${name_title}</var>
<arg>${json_data["results"][0]["name"]["title"]}</arg>
<doc>Returns the given values which can then be assigned to a variables.</doc>
<status status="PASS" start="2024-03-25T18:18:01.698815" elapsed="0.000416"/>
</kw>
<kw name="Create List" owner="BuiltIn">
<msg time="2024-03-25T18:18:01.699681" level="INFO">${allowed_titles} = ['Mr', 'Ms', 'Miss', 'Mrs', 'Madame', 'Monsieur']</msg>
<var>${allowed_titles}</var>
<arg>Mr</arg>
<arg>Ms</arg>
<arg>Miss</arg>
<arg>Mrs</arg>
<arg>Madame</arg>
<arg>Monsieur</arg>
<doc>Returns a list containing given items.</doc>
<status status="PASS" start="2024-03-25T18:18:01.699531" elapsed="0.000175"/>
</kw>
<kw name="List Should Contain Value" owner="Collections">
<msg time="2024-03-25T18:18:01.700184" level="INFO">False</msg>
<arg>${allowed_titles}</arg>
<arg>${name_title}</arg>
<doc>Fails if the ``value`` is not found from ``list``.</doc>
<status status="PASS" start="2024-03-25T18:18:01.700006" elapsed="0.000242"/>
</kw>
<kw name="Set Variable" owner="BuiltIn">
<msg time="2024-03-25T18:18:01.700932" level="INFO">${name_country} = IE</msg>
<var>${name_country}</var>
<arg>${json_data["results"][0]["nat"]}</arg>
<doc>Returns the given values which can then be assigned to a variables.</doc>
<status status="PASS" start="2024-03-25T18:18:01.700551" elapsed="0.000406"/>
</kw>
<kw name="Create List" owner="BuiltIn">
<msg time="2024-03-25T18:18:01.701868" level="INFO">${list_country} = ['AD', 'AE', 'AF', 'AG', 'AI', 'AL', 'AM', 'AO', 'AQ', 'AR', 'AS', 'AT', 'AU', 'AW', 'AX', 'AZ', 'BA', 'BB', 'BD', 'BE', 'BF', 'BG', 'BH', 'BI', 'BJ', 'BL', 'BM', 'BN', 'BO', 'BQ', 'BR', 'BS', 'BT', '...</msg>
<var>${list_country}</var>
<arg>AD</arg>
<arg>AE</arg>
<arg>AF</arg>
<arg>AG</arg>
<arg>AI</arg>
<arg>AL</arg>
<arg>AM</arg>
<arg>AO</arg>
<arg>AQ</arg>
<arg>AR</arg>
<arg>AS</arg>
<arg>AT</arg>
<arg>AU</arg>
<arg>AW</arg>
<arg>AX</arg>
<arg>AZ</arg>
<arg>BA</arg>
<arg>BB</arg>
<arg>BD</arg>
<arg>BE</arg>
<arg>BF</arg>
<arg>BG</arg>
<arg>BH</arg>
<arg>BI</arg>
<arg>BJ</arg>
<arg>BL</arg>
<arg>BM</arg>
<arg>BN</arg>
<arg>BO</arg>
<arg>BQ</arg>
<arg>BR</arg>
<arg>BS</arg>
<arg>BT</arg>
<arg>BV</arg>
<arg>BW</arg>
<arg>BY</arg>
<arg>BZ</arg>
<arg>CA</arg>
<arg>CC</arg>
<arg>CD</arg>
<arg>CF</arg>
<arg>CG</arg>
<arg>CH</arg>
<arg>CI</arg>
<arg>CK</arg>
<arg>CL</arg>
<arg>CM</arg>
<arg>CN</arg>
<arg>CO</arg>
<arg>CR</arg>
<arg>CU</arg>
<arg>CV</arg>
<arg>CW</arg>
<arg>CX</arg>
<arg>CY</arg>
<arg>CZ</arg>
<arg>DE</arg>
<arg>DJ</arg>
<arg>DK</arg>
<arg>DM</arg>
<arg>DO</arg>
<arg>DZ</arg>
<arg>EC</arg>
<arg>EE</arg>
<arg>EG</arg>
<arg>EH</arg>
<arg>ER</arg>
<arg>ES</arg>
<arg>ET</arg>
<arg>FI</arg>
<arg>FJ</arg>
<arg>FK</arg>
<arg>FM</arg>
<arg>FO</arg>
<arg>FR</arg>
<arg>GA</arg>
<arg>GB</arg>
<arg>GD</arg>
<arg>GE</arg>
<arg>GF</arg>
<arg>GG</arg>
<arg>GH</arg>
<arg>GI</arg>
<arg>GL</arg>
<arg>GM</arg>
<arg>GN</arg>
<arg>GP</arg>
<arg>GQ</arg>
<arg>GR</arg>
<arg>GS</arg>
<arg>GT</arg>
<arg>GU</arg>
<arg>GW</arg>
<arg>GY</arg>
<arg>HK</arg>
<arg>HM</arg>
<arg>HN</arg>
<arg>HR</arg>
<arg>HT</arg>
<arg>HU</arg>
<arg>ID</arg>
<arg>IE</arg>
<arg>IL</arg>
<arg>IM</arg>
<arg>IN</arg>
<arg>IO</arg>
<arg>IQ</arg>
<arg>IR</arg>
<arg>IS</arg>
<arg>IT</arg>
<arg>JE</arg>
<arg>JM</arg>
<arg>JO</arg>
<arg>JP</arg>
<arg>KE</arg>
<arg>KG</arg>
<arg>KH</arg>
<arg>KI</arg>
<arg>KM</arg>
<arg>KN</arg>
<arg>KP</arg>
<arg>KR</arg>
<arg>KW</arg>
<arg>KY</arg>
<arg>KZ</arg>
<arg>LA</arg>
<arg>LB</arg>
<arg>LC</arg>
<arg>LI</arg>
<arg>LK</arg>
<arg>LR</arg>
<arg>LS</arg>
<arg>LT</arg>
<arg>LU</arg>
<arg>LV</arg>
<arg>LY</arg>
<arg>MA</arg>
<arg>MC</arg>
<arg>MD</arg>
<arg>ME</arg>
<arg>MF</arg>
<arg>MG</arg>
<arg>MH</arg>
<arg>MK</arg>
<arg>ML</arg>
<arg>MM</arg>
<arg>MN</arg>
<arg>MO</arg>
<arg>MP</arg>
<arg>MQ</arg>
<arg>MR</arg>
<arg>MS</arg>
<arg>MT</arg>
<arg>MU</arg>
<arg>MV</arg>
<arg>MW</arg>
<arg>MX</arg>
<arg>MY</arg>
<arg>MZ</arg>
<arg>NA</arg>
<arg>NC</arg>
<arg>NE</arg>
<arg>NF</arg>
<arg>NG</arg>
<arg>NI</arg>
<arg>NL</arg>
<arg>NO</arg>
<arg>NP</arg>
<arg>NR</arg>
<arg>NU</arg>
<arg>NZ</arg>
<arg>OM</arg>
<arg>PA</arg>
<arg>PE</arg>
<arg>PF</arg>
<arg>PG</arg>
<arg>PH</arg>
<arg>PK</arg>
<arg>PL</arg>
<arg>PM</arg>
<arg>PN</arg>
<arg>PR</arg>
<arg>PS</arg>
<arg>PT</arg>
<arg>PW</arg>
<arg>PY</arg>
<arg>QA</arg>
<arg>RE</arg>
<arg>RO</arg>
<arg>RS</arg>
<arg>RU</arg>
<arg>RW</arg>
<arg>SA</arg>
<arg>SB</arg>
<arg>SC</arg>
<arg>SD</arg>
<arg>SE</arg>
<arg>SG</arg>
<arg>SH</arg>
<arg>SI</arg>
<arg>SJ</arg>
<arg>SK</arg>
<arg>SL</arg>
<arg>SM</arg>
<arg>SN</arg>
<arg>SO</arg>
<arg>SR</arg>
<arg>SS</arg>
<arg>ST</arg>
<arg>SV</arg>
<arg>SX</arg>
<arg>SY</arg>
<arg>SZ</arg>
<arg>TC</arg>
<arg>TD</arg>
<arg>TF</arg>
<arg>TG</arg>
<arg>TH</arg>
<arg>TJ</arg>
<arg>TK</arg>
<arg>TL</arg>
<arg>TM</arg>
<arg>TN</arg>
<arg>TO</arg>
<arg>TR</arg>
<arg>TT</arg>
<arg>TV</arg>
<arg>TW</arg>
<arg>TZ</arg>
<arg>UA</arg>
<arg>UG</arg>
<arg>UM</arg>
<arg>US</arg>
<arg>UY</arg>
<arg>UZ</arg>
<arg>VA</arg>
<arg>VC</arg>
<arg>VE</arg>
<arg>VG</arg>
<arg>VI</arg>
<arg>VN</arg>
<arg>VU</arg>
<arg>WF</arg>
<arg>WS</arg>
<arg>XK</arg>
<arg>YE</arg>
<arg>YT</arg>
<arg>ZA</arg>
<arg>ZM</arg>
<arg>ZW</arg>
<doc>Returns a list containing given items.</doc>
<status status="PASS" start="2024-03-25T18:18:01.701267" elapsed="0.000627"/>
</kw>
<kw name="List Should Contain Value" owner="Collections">
<msg time="2024-03-25T18:18:01.703057" level="INFO">False</msg>
<arg>${list_country}</arg>
<arg>${name_country}</arg>
<doc>Fails if the ``value`` is not found from ``list``.</doc>
<status status="PASS" start="2024-03-25T18:18:01.702841" elapsed="0.000253"/>
</kw>
<kw name="Run Keyword If" owner="BuiltIn">
<kw name="Should Be True" owner="BuiltIn">
<arg>${True}</arg>
<doc>Fails if the given condition is not true.</doc>
<status status="PASS" start="2024-03-25T18:18:01.704189" elapsed="0.000217"/>
</kw>
<arg>${json_data["results"][0]["location"]["coordinates"]["latitude"]} &gt;= -90 and ${json_data["results"][0]["location"]["coordinates"]["latitude"]} &lt;= 90</arg>
<arg>Should Be True</arg>
<arg>${True}</arg>
<doc>Runs the given keyword with the given arguments, if ``condition`` is true.</doc>
<status status="PASS" start="2024-03-25T18:18:01.703410" elapsed="0.001146"/>
</kw>
<kw name="Run Keyword If" owner="BuiltIn">
<kw name="Should Be True" owner="BuiltIn">
<arg>${True}</arg>
<doc>Fails if the given condition is not true.</doc>
<status status="PASS" start="2024-03-25T18:18:01.705477" elapsed="0.000142"/>
</kw>
<arg>${json_data["results"][0]["location"]["coordinates"]["longitude"]} &gt;= -180 and ${json_data["results"][0]["location"]["coordinates"]["longitude"]} &lt;= 180</arg>
<arg>Should Be True</arg>
<arg>${True}</arg>
<doc>Runs the given keyword with the given arguments, if ``condition`` is true.</doc>
<status status="PASS" start="2024-03-25T18:18:01.704751" elapsed="0.000995"/>
</kw>
<status status="PASS" start="2024-03-25T18:18:01.614121" elapsed="0.091760"/>
</kw>
<doc>Testa o conteúdo específico dos campos retornados pela API.</doc>
<tag>testeConteudo</tag>
<status status="PASS" start="2024-03-25T18:18:01.613642" elapsed="0.092403"/>
</test>
<status status="PASS" start="2024-03-25T18:18:00.621371" elapsed="1.086654"/>
</suite>
<status status="PASS" start="2024-03-25T18:18:00.606313" elapsed="1.107159"/>
</suite>
<statistics>
<total>
<stat pass="5" fail="0" skip="0">All Tests</stat>
</total>
<tag>
<stat pass="1" fail="0" skip="0">testeConteudo</stat>
<stat pass="1" fail="0" skip="0">testeEstruturaResposta</stat>
<stat pass="1" fail="0" skip="0">testeRequisicaoBasica</stat>
<stat pass="1" fail="0" skip="0">testeTiposDados</stat>
</tag>
<suite>
<stat pass="5" fail="0" skip="0" id="s1" name="Tests">Tests</stat>
<stat pass="5" fail="0" skip="0" id="s1-s1" name="Random-User-Test">Tests.Random-User-Test</stat>
</suite>
</statistics>
<errors>
</errors>
</robot>
