<?xml version="1.0" encoding="UTF-8"?>
<robot generator="Robot 7.0.1 (Python 3.12.4 on linux)" generated="2024-08-04T06:20:18.720217" rpa="false" schemaversion="5">
<suite id="s1" name="Tests" source="/home/runner/work/ApiRandomUser/ApiRandomUser/RamdonUser/tests">
<suite id="s1-s1" name="Random-User-Test" source="/home/runner/work/ApiRandomUser/ApiRandomUser/RamdonUser/tests/random-user-test.robot">
<test id="s1-s1-t1" name="Conectar" line="13">
<kw name="Conectar API" owner="random-user-service">
<kw name="Create Session" owner="RequestsLibrary">
<msg time="2024-08-04T06:20:19.160172" level="INFO">Creating Session using : alias=consultarAPI, url=https://randomuser.me/, headers={},                     cookies={}, auth=None, timeout=None, proxies=None, verify=False,                     debug=0 </msg>
<arg>consultarAPI</arg>
<arg>${URL}</arg>
<doc>Create Session: create a HTTP session to a server</doc>
<status status="PASS" start="2024-08-04T06:20:19.159956" elapsed="0.000414"/>
</kw>
<status status="PASS" start="2024-08-04T06:20:19.158890" elapsed="0.001894"/>
</kw>
<status status="PASS" start="2024-08-04T06:20:19.158289" elapsed="0.002700"/>
</test>
<test id="s1-s1-t2" name="Validar retorno 200 e JSON Válido" line="16">
<kw name="Teste de Requisicao Basica" owner="random-user-service">
<kw name="GET On Session" owner="RequestsLibrary">
<msg time="2024-08-04T06:20:19.432905" level="INFO">GET Request : url=https://randomuser.me/api 
 path_url=/api 
 headers={'User-Agent': 'python-requests/2.32.3', 'Accept-Encoding': 'gzip, deflate', 'Accept': '*/*', 'Connection': 'keep-alive'} 
 body=None 
 </msg>
<msg time="2024-08-04T06:20:19.433065" level="INFO">GET Response : url=https://randomuser.me/api 
 status=200, reason=OK 
 headers={'Date': 'Sun, 04 Aug 2024 06:20:19 GMT', 'Content-Type': 'application/json; charset=utf-8', 'Transfer-Encoding': 'chunked', 'Connection': 'keep-alive', 'X-Powered-By': 'Express', 'Access-Control-Allow-Origin': '*', 'Cache-Control': 'no-cache', 'ETag': 'W/"498-IFaEEe6TG62VOrDTqJ1SvpR0uFU"', 'Vary': 'Accept-Encoding', 'Content-Encoding': 'gzip', 'CF-Cache-Status': 'DYNAMIC', 'Report-To': '{"endpoints":[{"url":"https:\\/\\/a.nel.cloudflare.com\\/report\\/v4?s=kdfkXVPYt9HKCpo9nXax%2BHTosflsAv2JzaT59AdpXM%2FOJhMK%2Br%2F6ik6kjUeM5F%2BKgE97xDpsNU0qXJtY9wJWoQFPeJNEFI7H1iQXHL05uG%2BZedrUoC71I3mT6M5%2B8%2Bl3"}],"group":"cf-nel","max_age":604800}', 'NEL': '{"success_fraction":0,"report_to":"cf-nel","max_age":604800}', 'Server': 'cloudflare', 'CF-RAY': '8adc70dcda8b15b8-SJC', 'alt-svc': 'h3=":443"; ma=86400'} 
 body={"results":[{"gender":"male","name":{"title":"Mr","first":"Eduardo","last":"Jones"},"location":{"street":{"number":6255,"name":"Manor Road"},"city":"Cardiff","state":"Fife","country":"United Kingdom","postcode":"G53 9RJ","coordinates":{"latitude":"-8.0679","longitude":"-174.3798"},"timezone":{"offset":"-5:00","description":"Eastern Time (US &amp; Canada), Bogota, Lima"}},"email":"eduardo.jones@example.com","login":{"uuid":"473a626a-8a48-4d77-9f5c-1b0066b98813","username":"greenrabbit165","password":"virginia","salt":"HOqHZBEh","md5":"a2491e56a5463bee620cc4c86097f188","sha1":"9397a793d166ff2450e56ad6bccee633c6957b14","sha256":"052cac762d00a74f3ef9f443e481b0da898306a861dff6edff1232b7cc0da165"},"dob":{"date":"1985-07-25T06:27:23.558Z","age":39},"registered":{"date":"2002-03-22T07:35:44.313Z","age":22},"phone":"015394 71734","cell":"07759 834964","id":{"name":"NINO","value":"CB 03 21 52 R"},"picture":{"large":"https://randomuser.me/api/portraits/men/5.jpg","medium":"https://randomuser.me/api/portraits/med/men/5.jpg","thumbnail":"https://randomuser.me/api/portraits/thumb/men/5.jpg"},"nat":"GB"}],"info":{"seed":"c3a14e2bbc96930a","results":1,"page":1,"version":"1.4"}} 
 </msg>
<msg time="2024-08-04T06:20:19.433156" level="INFO">/opt/hostedtoolcache/Python/3.12.4/x64/lib/python3.12/site-packages/urllib3/connectionpool.py:1099: InsecureRequestWarning: Unverified HTTPS request is being made to host 'randomuser.me'. Adding certificate verification is strongly advised. See: https://urllib3.readthedocs.io/en/latest/advanced-usage.html#tls-warnings
  warnings.warn(</msg>
<msg time="2024-08-04T06:20:19.433320" level="INFO">${response} = &lt;Response [200]&gt;</msg>
<var>${response}</var>
<arg>consultarAPI</arg>
<arg>/api</arg>
<doc>Sends a GET request on a previously created HTTP Session.</doc>
<status status="PASS" start="2024-08-04T06:20:19.163563" elapsed="0.269802"/>
</kw>
<kw name="Should Be Equal As Numbers" owner="BuiltIn">
<msg time="2024-08-04T06:20:19.434388" level="INFO">Argument types are:
&lt;class 'int'&gt;
&lt;class 'str'&gt;</msg>
<arg>${response.status_code}</arg>
<arg>200</arg>
<doc>Fails if objects are unequal after converting them to real numbers.</doc>
<status status="PASS" start="2024-08-04T06:20:19.433900" elapsed="0.000559"/>
</kw>
<kw name="Log" owner="BuiltIn">
<msg time="2024-08-04T06:20:19.435179" level="INFO">200</msg>
<arg>${response.status_code}</arg>
<doc>Logs the given message with the given level.</doc>
<status status="PASS" start="2024-08-04T06:20:19.434812" elapsed="0.000412"/>
</kw>
<kw name="Set Variable" owner="BuiltIn">
<msg time="2024-08-04T06:20:19.436002" level="INFO">${json_data} = {'results': [{'gender': 'male', 'name': {'title': 'Mr', 'first': 'Eduardo', 'last': 'Jones'}, 'location': {'street': {'number': 6255, 'name': 'Manor Road'}, 'city': 'Cardiff', 'state': 'Fife', 'countr...</msg>
<var>${json_data}</var>
<arg>${response.json()}</arg>
<doc>Returns the given values which can then be assigned to a variables.</doc>
<status status="PASS" start="2024-08-04T06:20:19.435546" elapsed="0.000484"/>
</kw>
<kw name="Dictionary Should Contain Key" owner="Collections">
<arg>${json_data}</arg>
<arg>results</arg>
<doc>Fails if ``key`` is not found from ``dictionary``.</doc>
<status status="PASS" start="2024-08-04T06:20:19.436337" elapsed="0.000369"/>
</kw>
<status status="PASS" start="2024-08-04T06:20:19.163304" elapsed="0.273575"/>
</kw>
<doc>Testa se a API responde corretamente e retorna um objeto JSON válido.</doc>
<tag>testeRequisicaoBasica</tag>
<status status="PASS" start="2024-08-04T06:20:19.162826" elapsed="0.274229"/>
</test>
<test id="s1-s1-t3" name="Validar estrutura de resposta" line="22">
<kw name="Teste de Estrutura de Resposta" owner="random-user-service">
<kw name="GET On Session" owner="RequestsLibrary">
<msg time="2024-08-04T06:20:19.527745" level="INFO">GET Request : url=https://randomuser.me/api 
 path_url=/api 
 headers={'User-Agent': 'python-requests/2.32.3', 'Accept-Encoding': 'gzip, deflate', 'Accept': '*/*', 'Connection': 'keep-alive'} 
 body=None 
 </msg>
<msg time="2024-08-04T06:20:19.527847" level="INFO">GET Response : url=https://randomuser.me/api 
 status=200, reason=OK 
 headers={'Date': 'Sun, 04 Aug 2024 06:20:19 GMT', 'Content-Type': 'application/json; charset=utf-8', 'Transfer-Encoding': 'chunked', 'Connection': 'keep-alive', 'X-Powered-By': 'Express', 'Access-Control-Allow-Origin': '*', 'Cache-Control': 'no-cache', 'ETag': 'W/"493-EWVvjt+4tUV7pjErzsDCYfQZ5l8"', 'Vary': 'Accept-Encoding', 'Content-Encoding': 'gzip', 'CF-Cache-Status': 'DYNAMIC', 'Report-To': '{"endpoints":[{"url":"https:\\/\\/a.nel.cloudflare.com\\/report\\/v4?s=6kDCqXkatUjpp%2F3I0%2FPY0dpX269%2BZ7bbYA%2FQvtB09Q7RIiGYYXam9lQBSEwC3jlR8pFVtblJspauuZNYeMCfydf%2Bejn4%2Bt88PAg6fxh9GXeYkdYdCR4ylimyvFjHrR%2F2"}],"group":"cf-nel","max_age":604800}', 'NEL': '{"success_fraction":0,"report_to":"cf-nel","max_age":604800}', 'Server': 'cloudflare', 'CF-RAY': '8adc70dd8b2415b8-SJC', 'alt-svc': 'h3=":443"; ma=86400'} 
 body={"results":[{"gender":"male","name":{"title":"Mr","first":"Xénon","last":"Gomes"},"location":{"street":{"number":5201,"name":"Rua Vinte de Setembro"},"city":"Bauru","state":"Rondônia","country":"Brazil","postcode":93470,"coordinates":{"latitude":"-78.3869","longitude":"-1.4252"},"timezone":{"offset":"-6:00","description":"Central Time (US &amp; Canada), Mexico City"}},"email":"xenon.gomes@example.com","login":{"uuid":"f738e1ce-84a6-4708-9bbc-7a408ab0dd72","username":"sadrabbit520","password":"pian","salt":"FrOxCbIJ","md5":"bd4d7879f5b1364b561efba9657b7cb4","sha1":"fee3f980888b8673acf7b1074af4fb56ec6c563c","sha256":"fe1c0ed69f5a54f8c1a76d81167bf0fa08dbbf6011be4bf5d82eef23a14f3fcc"},"dob":{"date":"1983-08-16T10:20:08.364Z","age":40},"registered":{"date":"2007-10-06T08:37:04.981Z","age":16},"phone":"(56) 7088-4192","cell":"(16) 1745-0284","id":{"name":"CPF","value":"869.806.066-25"},"picture":{"large":"https://randomuser.me/api/portraits/men/0.jpg","medium":"https://randomuser.me/api/portraits/med/men/0.jpg","thumbnail":"https://randomuser.me/api/portraits/thumb/men/0.jpg"},"nat":"BR"}],"info":{"seed":"c220145a1e37b5c0","results":1,"page":1,"version":"1.4"}} 
 </msg>
<msg time="2024-08-04T06:20:19.527983" level="INFO">/opt/hostedtoolcache/Python/3.12.4/x64/lib/python3.12/site-packages/urllib3/connectionpool.py:1099: InsecureRequestWarning: Unverified HTTPS request is being made to host 'randomuser.me'. Adding certificate verification is strongly advised. See: https://urllib3.readthedocs.io/en/latest/advanced-usage.html#tls-warnings
  warnings.warn(</msg>
<msg time="2024-08-04T06:20:19.528130" level="INFO">${response} = &lt;Response [200]&gt;</msg>
<var>${response}</var>
<arg>consultarAPI</arg>
<arg>/api</arg>
<doc>Sends a GET request on a previously created HTTP Session.</doc>
<status status="PASS" start="2024-08-04T06:20:19.439741" elapsed="0.088434"/>
</kw>
<kw name="Set Variable" owner="BuiltIn">
<msg time="2024-08-04T06:20:19.529215" level="INFO">${json_data} = {'results': [{'gender': 'male', 'name': {'title': 'Mr', 'first': 'Xénon', 'last': 'Gomes'}, 'location': {'street': {'number': 5201, 'name': 'Rua Vinte de Setembro'}, 'city': 'Bauru', 'state': 'Rondôni...</msg>
<var>${json_data}</var>
<arg>${response.json()}</arg>
<doc>Returns the given values which can then be assigned to a variables.</doc>
<status status="PASS" start="2024-08-04T06:20:19.528692" elapsed="0.000552"/>
</kw>
<kw name="Log" owner="BuiltIn">
<msg time="2024-08-04T06:20:19.529718" level="INFO">{'results': [{'gender': 'male', 'name': {'title': 'Mr', 'first': 'Xénon', 'last': 'Gomes'}, 'location': {'street': {'number': 5201, 'name': 'Rua Vinte de Setembro'}, 'city': 'Bauru', 'state': 'Rondônia', 'country': 'Brazil', 'postcode': 93470, 'coordinates': {'latitude': '-78.3869', 'longitude': '-1.4252'}, 'timezone': {'offset': '-6:00', 'description': 'Central Time (US &amp; Canada), Mexico City'}}, 'email': 'xenon.gomes@example.com', 'login': {'uuid': 'f738e1ce-84a6-4708-9bbc-7a408ab0dd72', 'username': 'sadrabbit520', 'password': 'pian', 'salt': 'FrOxCbIJ', 'md5': 'bd4d7879f5b1364b561efba9657b7cb4', 'sha1': 'fee3f980888b8673acf7b1074af4fb56ec6c563c', 'sha256': 'fe1c0ed69f5a54f8c1a76d81167bf0fa08dbbf6011be4bf5d82eef23a14f3fcc'}, 'dob': {'date': '1983-08-16T10:20:08.364Z', 'age': 40}, 'registered': {'date': '2007-10-06T08:37:04.981Z', 'age': 16}, 'phone': '(56) 7088-4192', 'cell': '(16) 1745-0284', 'id': {'name': 'CPF', 'value': '869.806.066-25'}, 'picture': {'large': 'https://randomuser.me/api/portraits/men/0.jpg', 'medium': 'https://randomuser.me/api/portraits/med/men/0.jpg', 'thumbnail': 'https://randomuser.me/api/portraits/thumb/men/0.jpg'}, 'nat': 'BR'}], 'info': {'seed': 'c220145a1e37b5c0', 'results': 1, 'page': 1, 'version': '1.4'}}</msg>
<arg>${json_data}</arg>
<doc>Logs the given message with the given level.</doc>
<status status="PASS" start="2024-08-04T06:20:19.529554" elapsed="0.000215"/>
</kw>
<kw name="Dictionary Should Contain Key" owner="Collections">
<arg>${json_data}</arg>
<arg>results</arg>
<doc>Fails if ``key`` is not found from ``dictionary``.</doc>
<status status="PASS" start="2024-08-04T06:20:19.530068" elapsed="0.000164"/>
</kw>
<kw name="Should Not Be Empty" owner="BuiltIn">
<msg time="2024-08-04T06:20:19.530533" level="INFO">Length is 2.</msg>
<arg>${json_data}</arg>
<doc>Verifies that the given item is not empty.</doc>
<status status="PASS" start="2024-08-04T06:20:19.530410" elapsed="0.000160"/>
</kw>
<kw name="Create List" owner="BuiltIn">
<msg time="2024-08-04T06:20:19.531000" level="INFO">${expected_keys} = ['gender', 'name', 'location', 'email', 'login']</msg>
<var>${expected_keys}</var>
<arg>gender</arg>
<arg>name</arg>
<arg>location</arg>
<arg>email</arg>
<arg>login</arg>
<doc>Returns a list containing given items.</doc>
<status status="PASS" start="2024-08-04T06:20:19.530853" elapsed="0.000171"/>
</kw>
<for flavor="IN">
<iter>
<kw name="Dictionary Should Contain Key" owner="Collections">
<arg>${json_data['results'][0]}</arg>
<arg>${key}</arg>
<doc>Fails if ``key`` is not found from ``dictionary``.</doc>
<status status="PASS" start="2024-08-04T06:20:19.531605" elapsed="0.000405"/>
</kw>
<kw name="Log" owner="BuiltIn">
<msg time="2024-08-04T06:20:19.532559" level="INFO">{'gender': 'male', 'name': {'title': 'Mr', 'first': 'Xénon', 'last': 'Gomes'}, 'location': {'street': {'number': 5201, 'name': 'Rua Vinte de Setembro'}, 'city': 'Bauru', 'state': 'Rondônia', 'country': 'Brazil', 'postcode': 93470, 'coordinates': {'latitude': '-78.3869', 'longitude': '-1.4252'}, 'timezone': {'offset': '-6:00', 'description': 'Central Time (US &amp; Canada), Mexico City'}}, 'email': 'xenon.gomes@example.com', 'login': {'uuid': 'f738e1ce-84a6-4708-9bbc-7a408ab0dd72', 'username': 'sadrabbit520', 'password': 'pian', 'salt': 'FrOxCbIJ', 'md5': 'bd4d7879f5b1364b561efba9657b7cb4', 'sha1': 'fee3f980888b8673acf7b1074af4fb56ec6c563c', 'sha256': 'fe1c0ed69f5a54f8c1a76d81167bf0fa08dbbf6011be4bf5d82eef23a14f3fcc'}, 'dob': {'date': '1983-08-16T10:20:08.364Z', 'age': 40}, 'registered': {'date': '2007-10-06T08:37:04.981Z', 'age': 16}, 'phone': '(56) 7088-4192', 'cell': '(16) 1745-0284', 'id': {'name': 'CPF', 'value': '869.806.066-25'}, 'picture': {'large': 'https://randomuser.me/api/portraits/men/0.jpg', 'medium': 'https://randomuser.me/api/portraits/med/men/0.jpg', 'thumbnail': 'https://randomuser.me/api/portraits/thumb/men/0.jpg'}, 'nat': 'BR'}</msg>
<arg>${json_data['results'][0]}</arg>
<doc>Logs the given message with the given level.</doc>
<status status="PASS" start="2024-08-04T06:20:19.532199" elapsed="0.000411"/>
</kw>
<kw name="Log" owner="BuiltIn">
<msg time="2024-08-04T06:20:19.533080" level="INFO">gender</msg>
<arg>${key}</arg>
<doc>Logs the given message with the given level.</doc>
<status status="PASS" start="2024-08-04T06:20:19.532948" elapsed="0.000170"/>
</kw>
<var name="${key}">gender</var>
<status status="PASS" start="2024-08-04T06:20:19.531483" elapsed="0.001857"/>
</iter>
<iter>
<kw name="Dictionary Should Contain Key" owner="Collections">
<arg>${json_data['results'][0]}</arg>
<arg>${key}</arg>
<doc>Fails if ``key`` is not found from ``dictionary``.</doc>
<status status="PASS" start="2024-08-04T06:20:19.533646" elapsed="0.000391"/>
</kw>
<kw name="Log" owner="BuiltIn">
<msg time="2024-08-04T06:20:19.534580" level="INFO">{'gender': 'male', 'name': {'title': 'Mr', 'first': 'Xénon', 'last': 'Gomes'}, 'location': {'street': {'number': 5201, 'name': 'Rua Vinte de Setembro'}, 'city': 'Bauru', 'state': 'Rondônia', 'country': 'Brazil', 'postcode': 93470, 'coordinates': {'latitude': '-78.3869', 'longitude': '-1.4252'}, 'timezone': {'offset': '-6:00', 'description': 'Central Time (US &amp; Canada), Mexico City'}}, 'email': 'xenon.gomes@example.com', 'login': {'uuid': 'f738e1ce-84a6-4708-9bbc-7a408ab0dd72', 'username': 'sadrabbit520', 'password': 'pian', 'salt': 'FrOxCbIJ', 'md5': 'bd4d7879f5b1364b561efba9657b7cb4', 'sha1': 'fee3f980888b8673acf7b1074af4fb56ec6c563c', 'sha256': 'fe1c0ed69f5a54f8c1a76d81167bf0fa08dbbf6011be4bf5d82eef23a14f3fcc'}, 'dob': {'date': '1983-08-16T10:20:08.364Z', 'age': 40}, 'registered': {'date': '2007-10-06T08:37:04.981Z', 'age': 16}, 'phone': '(56) 7088-4192', 'cell': '(16) 1745-0284', 'id': {'name': 'CPF', 'value': '869.806.066-25'}, 'picture': {'large': 'https://randomuser.me/api/portraits/men/0.jpg', 'medium': 'https://randomuser.me/api/portraits/med/men/0.jpg', 'thumbnail': 'https://randomuser.me/api/portraits/thumb/men/0.jpg'}, 'nat': 'BR'}</msg>
<arg>${json_data['results'][0]}</arg>
<doc>Logs the given message with the given level.</doc>
<status status="PASS" start="2024-08-04T06:20:19.534218" elapsed="0.000446"/>
</kw>
<kw name="Log" owner="BuiltIn">
<msg time="2024-08-04T06:20:19.535096" level="INFO">name</msg>
<arg>${key}</arg>
<doc>Logs the given message with the given level.</doc>
<status status="PASS" start="2024-08-04T06:20:19.534965" elapsed="0.000169"/>
</kw>
<var name="${key}">name</var>
<status status="PASS" start="2024-08-04T06:20:19.533529" elapsed="0.001825"/>
</iter>
<iter>
<kw name="Dictionary Should Contain Key" owner="Collections">
<arg>${json_data['results'][0]}</arg>
<arg>${key}</arg>
<doc>Fails if ``key`` is not found from ``dictionary``.</doc>
<status status="PASS" start="2024-08-04T06:20:19.535640" elapsed="0.000382"/>
</kw>
<kw name="Log" owner="BuiltIn">
<msg time="2024-08-04T06:20:19.536559" level="INFO">{'gender': 'male', 'name': {'title': 'Mr', 'first': 'Xénon', 'last': 'Gomes'}, 'location': {'street': {'number': 5201, 'name': 'Rua Vinte de Setembro'}, 'city': 'Bauru', 'state': 'Rondônia', 'country': 'Brazil', 'postcode': 93470, 'coordinates': {'latitude': '-78.3869', 'longitude': '-1.4252'}, 'timezone': {'offset': '-6:00', 'description': 'Central Time (US &amp; Canada), Mexico City'}}, 'email': 'xenon.gomes@example.com', 'login': {'uuid': 'f738e1ce-84a6-4708-9bbc-7a408ab0dd72', 'username': 'sadrabbit520', 'password': 'pian', 'salt': 'FrOxCbIJ', 'md5': 'bd4d7879f5b1364b561efba9657b7cb4', 'sha1': 'fee3f980888b8673acf7b1074af4fb56ec6c563c', 'sha256': 'fe1c0ed69f5a54f8c1a76d81167bf0fa08dbbf6011be4bf5d82eef23a14f3fcc'}, 'dob': {'date': '1983-08-16T10:20:08.364Z', 'age': 40}, 'registered': {'date': '2007-10-06T08:37:04.981Z', 'age': 16}, 'phone': '(56) 7088-4192', 'cell': '(16) 1745-0284', 'id': {'name': 'CPF', 'value': '869.806.066-25'}, 'picture': {'large': 'https://randomuser.me/api/portraits/men/0.jpg', 'medium': 'https://randomuser.me/api/portraits/med/men/0.jpg', 'thumbnail': 'https://randomuser.me/api/portraits/thumb/men/0.jpg'}, 'nat': 'BR'}</msg>
<arg>${json_data['results'][0]}</arg>
<doc>Logs the given message with the given level.</doc>
<status status="PASS" start="2024-08-04T06:20:19.536204" elapsed="0.000411"/>
</kw>
<kw name="Log" owner="BuiltIn">
<msg time="2024-08-04T06:20:19.537088" level="INFO">location</msg>
<arg>${key}</arg>
<doc>Logs the given message with the given level.</doc>
<status status="PASS" start="2024-08-04T06:20:19.536959" elapsed="0.000167"/>
</kw>
<var name="${key}">location</var>
<status status="PASS" start="2024-08-04T06:20:19.535529" elapsed="0.001827"/>
</iter>
<iter>
<kw name="Dictionary Should Contain Key" owner="Collections">
<arg>${json_data['results'][0]}</arg>
<arg>${key}</arg>
<doc>Fails if ``key`` is not found from ``dictionary``.</doc>
<status status="PASS" start="2024-08-04T06:20:19.537636" elapsed="0.000387"/>
</kw>
<kw name="Log" owner="BuiltIn">
<msg time="2024-08-04T06:20:19.538707" level="INFO">{'gender': 'male', 'name': {'title': 'Mr', 'first': 'Xénon', 'last': 'Gomes'}, 'location': {'street': {'number': 5201, 'name': 'Rua Vinte de Setembro'}, 'city': 'Bauru', 'state': 'Rondônia', 'country': 'Brazil', 'postcode': 93470, 'coordinates': {'latitude': '-78.3869', 'longitude': '-1.4252'}, 'timezone': {'offset': '-6:00', 'description': 'Central Time (US &amp; Canada), Mexico City'}}, 'email': 'xenon.gomes@example.com', 'login': {'uuid': 'f738e1ce-84a6-4708-9bbc-7a408ab0dd72', 'username': 'sadrabbit520', 'password': 'pian', 'salt': 'FrOxCbIJ', 'md5': 'bd4d7879f5b1364b561efba9657b7cb4', 'sha1': 'fee3f980888b8673acf7b1074af4fb56ec6c563c', 'sha256': 'fe1c0ed69f5a54f8c1a76d81167bf0fa08dbbf6011be4bf5d82eef23a14f3fcc'}, 'dob': {'date': '1983-08-16T10:20:08.364Z', 'age': 40}, 'registered': {'date': '2007-10-06T08:37:04.981Z', 'age': 16}, 'phone': '(56) 7088-4192', 'cell': '(16) 1745-0284', 'id': {'name': 'CPF', 'value': '869.806.066-25'}, 'picture': {'large': 'https://randomuser.me/api/portraits/men/0.jpg', 'medium': 'https://randomuser.me/api/portraits/med/men/0.jpg', 'thumbnail': 'https://randomuser.me/api/portraits/thumb/men/0.jpg'}, 'nat': 'BR'}</msg>
<arg>${json_data['results'][0]}</arg>
<doc>Logs the given message with the given level.</doc>
<status status="PASS" start="2024-08-04T06:20:19.538333" elapsed="0.000428"/>
</kw>
<kw name="Log" owner="BuiltIn">
<msg time="2024-08-04T06:20:19.539202" level="INFO">email</msg>
<arg>${key}</arg>
<doc>Logs the given message with the given level.</doc>
<status status="PASS" start="2024-08-04T06:20:19.539068" elapsed="0.000172"/>
</kw>
<var name="${key}">email</var>
<status status="PASS" start="2024-08-04T06:20:19.537526" elapsed="0.001936"/>
</iter>
<iter>
<kw name="Dictionary Should Contain Key" owner="Collections">
<arg>${json_data['results'][0]}</arg>
<arg>${key}</arg>
<doc>Fails if ``key`` is not found from ``dictionary``.</doc>
<status status="PASS" start="2024-08-04T06:20:19.539746" elapsed="0.000397"/>
</kw>
<kw name="Log" owner="BuiltIn">
<msg time="2024-08-04T06:20:19.540720" level="INFO">{'gender': 'male', 'name': {'title': 'Mr', 'first': 'Xénon', 'last': 'Gomes'}, 'location': {'street': {'number': 5201, 'name': 'Rua Vinte de Setembro'}, 'city': 'Bauru', 'state': 'Rondônia', 'country': 'Brazil', 'postcode': 93470, 'coordinates': {'latitude': '-78.3869', 'longitude': '-1.4252'}, 'timezone': {'offset': '-6:00', 'description': 'Central Time (US &amp; Canada), Mexico City'}}, 'email': 'xenon.gomes@example.com', 'login': {'uuid': 'f738e1ce-84a6-4708-9bbc-7a408ab0dd72', 'username': 'sadrabbit520', 'password': 'pian', 'salt': 'FrOxCbIJ', 'md5': 'bd4d7879f5b1364b561efba9657b7cb4', 'sha1': 'fee3f980888b8673acf7b1074af4fb56ec6c563c', 'sha256': 'fe1c0ed69f5a54f8c1a76d81167bf0fa08dbbf6011be4bf5d82eef23a14f3fcc'}, 'dob': {'date': '1983-08-16T10:20:08.364Z', 'age': 40}, 'registered': {'date': '2007-10-06T08:37:04.981Z', 'age': 16}, 'phone': '(56) 7088-4192', 'cell': '(16) 1745-0284', 'id': {'name': 'CPF', 'value': '869.806.066-25'}, 'picture': {'large': 'https://randomuser.me/api/portraits/men/0.jpg', 'medium': 'https://randomuser.me/api/portraits/med/men/0.jpg', 'thumbnail': 'https://randomuser.me/api/portraits/thumb/men/0.jpg'}, 'nat': 'BR'}</msg>
<arg>${json_data['results'][0]}</arg>
<doc>Logs the given message with the given level.</doc>
<status status="PASS" start="2024-08-04T06:20:19.540327" elapsed="0.000447"/>
</kw>
<kw name="Log" owner="BuiltIn">
<msg time="2024-08-04T06:20:19.541205" level="INFO">login</msg>
<arg>${key}</arg>
<doc>Logs the given message with the given level.</doc>
<status status="PASS" start="2024-08-04T06:20:19.541076" elapsed="0.000166"/>
</kw>
<var name="${key}">login</var>
<status status="PASS" start="2024-08-04T06:20:19.539636" elapsed="0.001823"/>
</iter>
<var>${key}</var>
<value>@{expected_keys}</value>
<status status="PASS" start="2024-08-04T06:20:19.531280" elapsed="0.010299"/>
</for>
<kw name="Create List" owner="BuiltIn">
<msg time="2024-08-04T06:20:19.541905" level="INFO">${expected_keysTwo} = ['username', 'password']</msg>
<var>${expected_keysTwo}</var>
<arg>username</arg>
<arg>password</arg>
<doc>Returns a list containing given items.</doc>
<status status="PASS" start="2024-08-04T06:20:19.541769" elapsed="0.000189"/>
</kw>
<for flavor="IN">
<iter>
<kw name="Dictionary Should Contain Key" owner="Collections">
<arg>${json_data['results'][0]['login']}</arg>
<arg>${keyTwo}</arg>
<doc>Fails if ``key`` is not found from ``dictionary``.</doc>
<status status="PASS" start="2024-08-04T06:20:19.542472" elapsed="0.000387"/>
</kw>
<kw name="Dictionary Should Contain Key" owner="Collections">
<arg>${json_data['results'][0]['login']}</arg>
<arg>${keyTwo}</arg>
<doc>Fails if ``key`` is not found from ``dictionary``.</doc>
<status status="PASS" start="2024-08-04T06:20:19.543072" elapsed="0.000383"/>
</kw>
<kw name="Log" owner="BuiltIn">
<msg time="2024-08-04T06:20:19.543756" level="INFO">username</msg>
<arg>${keyTwo}</arg>
<doc>Logs the given message with the given level.</doc>
<status status="PASS" start="2024-08-04T06:20:19.543632" elapsed="0.000162"/>
</kw>
<var name="${keyTwo}">username</var>
<status status="PASS" start="2024-08-04T06:20:19.542363" elapsed="0.001661"/>
</iter>
<iter>
<kw name="Dictionary Should Contain Key" owner="Collections">
<arg>${json_data['results'][0]['login']}</arg>
<arg>${keyTwo}</arg>
<doc>Fails if ``key`` is not found from ``dictionary``.</doc>
<status status="PASS" start="2024-08-04T06:20:19.544303" elapsed="0.000415"/>
</kw>
<kw name="Dictionary Should Contain Key" owner="Collections">
<arg>${json_data['results'][0]['login']}</arg>
<arg>${keyTwo}</arg>
<doc>Fails if ``key`` is not found from ``dictionary``.</doc>
<status status="PASS" start="2024-08-04T06:20:19.544897" elapsed="0.000428"/>
</kw>
<kw name="Log" owner="BuiltIn">
<msg time="2024-08-04T06:20:19.545631" level="INFO">password</msg>
<arg>${keyTwo}</arg>
<doc>Logs the given message with the given level.</doc>
<status status="PASS" start="2024-08-04T06:20:19.545509" elapsed="0.000159"/>
</kw>
<var name="${keyTwo}">password</var>
<status status="PASS" start="2024-08-04T06:20:19.544196" elapsed="0.001702"/>
</iter>
<var>${keyTwo}</var>
<value>@{expected_keysTwo}</value>
<status status="PASS" start="2024-08-04T06:20:19.542207" elapsed="0.003813"/>
</for>
<status status="PASS" start="2024-08-04T06:20:19.439484" elapsed="0.106679"/>
</kw>
<doc>Testa a estrutura da resposta da API.</doc>
<tag>testeEstruturaResposta</tag>
<status status="PASS" start="2024-08-04T06:20:19.438930" elapsed="0.107389"/>
</test>
<test id="s1-s1-t4" name="Validar tipos de dados" line="28">
<kw name="Teste de Tipos de Dados" owner="random-user-service">
<kw name="GET On Session" owner="RequestsLibrary">
<msg time="2024-08-04T06:20:19.656697" level="INFO">GET Request : url=https://randomuser.me/api 
 path_url=/api 
 headers={'User-Agent': 'python-requests/2.32.3', 'Accept-Encoding': 'gzip, deflate', 'Accept': '*/*', 'Connection': 'keep-alive'} 
 body=None 
 </msg>
<msg time="2024-08-04T06:20:19.656809" level="INFO">GET Response : url=https://randomuser.me/api 
 status=200, reason=OK 
 headers={'Date': 'Sun, 04 Aug 2024 06:20:19 GMT', 'Content-Type': 'application/json; charset=utf-8', 'Transfer-Encoding': 'chunked', 'Connection': 'keep-alive', 'X-Powered-By': 'Express', 'Access-Control-Allow-Origin': '*', 'Cache-Control': 'no-cache', 'ETag': 'W/"48f-bUuXbJnuMfVA2C0c8oCMDpgnQhc"', 'Vary': 'Accept-Encoding', 'Content-Encoding': 'gzip', 'CF-Cache-Status': 'DYNAMIC', 'Report-To': '{"endpoints":[{"url":"https:\\/\\/a.nel.cloudflare.com\\/report\\/v4?s=ZtsBmk21JNQibNlK4WTYp9Vm7MLWvOvy1rwSQdcaa%2BOQJrSX3Je3THdaPqOvn5Y0CGkf9ywxTJYrTWL777VRdeg3rhZBGVwNpSZhUeOi4NgB9rsW4%2BIko45Tf5xCODyn"}],"group":"cf-nel","max_age":604800}', 'NEL': '{"success_fraction":0,"report_to":"cf-nel","max_age":604800}', 'Server': 'cloudflare', 'CF-RAY': '8adc70de3bb915b8-SJC', 'alt-svc': 'h3=":443"; ma=86400'} 
 body={"results":[{"gender":"male","name":{"title":"Mr","first":"Arthur","last":"Helland"},"location":{"street":{"number":631,"name":"Filipstad Brygge"},"city":"Årset","state":"Troms - Romsa","country":"Norway","postcode":"3157","coordinates":{"latitude":"42.9226","longitude":"-24.7729"},"timezone":{"offset":"-4:00","description":"Atlantic Time (Canada), Caracas, La Paz"}},"email":"arthur.helland@example.com","login":{"uuid":"15413fd9-501e-482e-ba25-8832cc4f350a","username":"blackfrog587","password":"paradigm","salt":"ube4Fl6T","md5":"9d7c14ced991b5c38db5492750d153bd","sha1":"06645ffa8e517dc210fa41be032bba589896f31d","sha256":"f3fa6f6899b2c6363850e844c5d8e2b853b5f4e6f240a264df4a7754a7246974"},"dob":{"date":"1974-11-09T19:40:37.642Z","age":49},"registered":{"date":"2007-03-24T16:25:35.375Z","age":17},"phone":"77292306","cell":"98283229","id":{"name":"FN","value":"09117428343"},"picture":{"large":"https://randomuser.me/api/portraits/men/18.jpg","medium":"https://randomuser.me/api/portraits/med/men/18.jpg","thumbnail":"https://randomuser.me/api/portraits/thumb/men/18.jpg"},"nat":"NO"}],"info":{"seed":"14a14d2315e7be34","results":1,"page":1,"version":"1.4"}} 
 </msg>
<msg time="2024-08-04T06:20:19.656890" level="INFO">/opt/hostedtoolcache/Python/3.12.4/x64/lib/python3.12/site-packages/urllib3/connectionpool.py:1099: InsecureRequestWarning: Unverified HTTPS request is being made to host 'randomuser.me'. Adding certificate verification is strongly advised. See: https://urllib3.readthedocs.io/en/latest/advanced-usage.html#tls-warnings
  warnings.warn(</msg>
<msg time="2024-08-04T06:20:19.657024" level="INFO">${response} = &lt;Response [200]&gt;</msg>
<var>${response}</var>
<arg>consultarAPI</arg>
<arg>/api</arg>
<doc>Sends a GET request on a previously created HTTP Session.</doc>
<status status="PASS" start="2024-08-04T06:20:19.548778" elapsed="0.108296"/>
</kw>
<kw name="Set Variable" owner="BuiltIn">
<msg time="2024-08-04T06:20:19.658097" level="INFO">${json_data} = {'results': [{'gender': 'male', 'name': {'title': 'Mr', 'first': 'Arthur', 'last': 'Helland'}, 'location': {'street': {'number': 631, 'name': 'Filipstad Brygge'}, 'city': 'Årset', 'state': 'Troms - Ro...</msg>
<var>${json_data}</var>
<arg>${response.json()}</arg>
<doc>Returns the given values which can then be assigned to a variables.</doc>
<status status="PASS" start="2024-08-04T06:20:19.657574" elapsed="0.000553"/>
</kw>
<kw name="Log" owner="BuiltIn">
<msg time="2024-08-04T06:20:19.658602" level="INFO">{'results': [{'gender': 'male', 'name': {'title': 'Mr', 'first': 'Arthur', 'last': 'Helland'}, 'location': {'street': {'number': 631, 'name': 'Filipstad Brygge'}, 'city': 'Årset', 'state': 'Troms - Romsa', 'country': 'Norway', 'postcode': '3157', 'coordinates': {'latitude': '42.9226', 'longitude': '-24.7729'}, 'timezone': {'offset': '-4:00', 'description': 'Atlantic Time (Canada), Caracas, La Paz'}}, 'email': 'arthur.helland@example.com', 'login': {'uuid': '15413fd9-501e-482e-ba25-8832cc4f350a', 'username': 'blackfrog587', 'password': 'paradigm', 'salt': 'ube4Fl6T', 'md5': '9d7c14ced991b5c38db5492750d153bd', 'sha1': '06645ffa8e517dc210fa41be032bba589896f31d', 'sha256': 'f3fa6f6899b2c6363850e844c5d8e2b853b5f4e6f240a264df4a7754a7246974'}, 'dob': {'date': '1974-11-09T19:40:37.642Z', 'age': 49}, 'registered': {'date': '2007-03-24T16:25:35.375Z', 'age': 17}, 'phone': '77292306', 'cell': '98283229', 'id': {'name': 'FN', 'value': '09117428343'}, 'picture': {'large': 'https://randomuser.me/api/portraits/men/18.jpg', 'medium': 'https://randomuser.me/api/portraits/med/men/18.jpg', 'thumbnail': 'https://randomuser.me/api/portraits/thumb/men/18.jpg'}, 'nat': 'NO'}], 'info': {'seed': '14a14d2315e7be34', 'results': 1, 'page': 1, 'version': '1.4'}}</msg>
<arg>${json_data}</arg>
<doc>Logs the given message with the given level.</doc>
<status status="PASS" start="2024-08-04T06:20:19.658437" elapsed="0.000214"/>
</kw>
<kw name="Should Be String" owner="String">
<arg>${json_data['results'][0]['gender']}</arg>
<doc>Fails if the given ``item`` is not a string.</doc>
<status status="PASS" start="2024-08-04T06:20:19.658946" elapsed="0.000361"/>
</kw>
<kw name="Should Match Regexp" owner="BuiltIn">
<arg>${json_data['results'][0]['email']}</arg>
<arg>^[a-zA-Z0-9._%+-]+@[a-zA-Z0-9.-]+\.[a-zA-Z]{2,}$</arg>
<doc>Fails if ``string`` does not match ``pattern`` as a regular expression.</doc>
<status status="PASS" start="2024-08-04T06:20:19.659503" elapsed="0.000508"/>
</kw>
<kw name="Should Match Regexp" owner="BuiltIn">
<arg>${json_data['results'][0]['dob']['date']}</arg>
<arg>\\d{4}-\\d{2}-\\d{2}T\\d{2}:\\d{2}:\\d{2}\\.\\d{3}Z</arg>
<doc>Fails if ``string`` does not match ``pattern`` as a regular expression.</doc>
<status status="PASS" start="2024-08-04T06:20:19.660250" elapsed="0.000697"/>
</kw>
<kw name="Should Match Regexp" owner="BuiltIn">
<arg>${json_data['results'][0]['registered']['date']}</arg>
<arg>\\d{4}-\\d{2}-\\d{2}T\\d{2}:\\d{2}:\\d{2}\\.\\d{3}Z</arg>
<doc>Fails if ``string`` does not match ``pattern`` as a regular expression.</doc>
<status status="PASS" start="2024-08-04T06:20:19.661143" elapsed="0.000374"/>
</kw>
<kw name="Should Match Regexp" owner="BuiltIn">
<arg>${json_data['results'][0]['picture']['large']}</arg>
<arg>^https?://.*\.(?:png|jpe?g|gif|bmp)$</arg>
<doc>Fails if ``string`` does not match ``pattern`` as a regular expression.</doc>
<status status="PASS" start="2024-08-04T06:20:19.661702" elapsed="0.000461"/>
</kw>
<kw name="Should Match Regexp" owner="BuiltIn">
<arg>${json_data['results'][0]['picture']['medium']}</arg>
<arg>^https?://.*\.(?:png|jpe?g|gif|bmp)$</arg>
<doc>Fails if ``string`` does not match ``pattern`` as a regular expression.</doc>
<status status="PASS" start="2024-08-04T06:20:19.662357" elapsed="0.000360"/>
</kw>
<kw name="Should Match Regexp" owner="BuiltIn">
<arg>${json_data['results'][0]['picture']['thumbnail']}</arg>
<arg>^https?://.*\.(?:png|jpe?g|gif|bmp)$</arg>
<doc>Fails if ``string`` does not match ``pattern`` as a regular expression.</doc>
<status status="PASS" start="2024-08-04T06:20:19.662902" elapsed="0.000349"/>
</kw>
<kw name="Log" owner="BuiltIn">
<msg time="2024-08-04T06:20:19.663756" level="INFO">{'large': 'https://randomuser.me/api/portraits/men/18.jpg', 'medium': 'https://randomuser.me/api/portraits/med/men/18.jpg', 'thumbnail': 'https://randomuser.me/api/portraits/thumb/men/18.jpg'}</msg>
<arg>${json_data['results'][0]['picture']}</arg>
<doc>Logs the given message with the given level.</doc>
<status status="PASS" start="2024-08-04T06:20:19.663429" elapsed="0.000371"/>
</kw>
<status status="PASS" start="2024-08-04T06:20:19.548514" elapsed="0.115547"/>
</kw>
<kw name="Teste de Tipos de Dados - Postcode" owner="random-user-service">
<kw name="GET On Session" owner="RequestsLibrary">
<msg time="2024-08-04T06:20:19.759982" level="INFO">GET Request : url=https://randomuser.me/api 
 path_url=/api 
 headers={'User-Agent': 'python-requests/2.32.3', 'Accept-Encoding': 'gzip, deflate', 'Accept': '*/*', 'Connection': 'keep-alive'} 
 body=None 
 </msg>
<msg time="2024-08-04T06:20:19.760084" level="INFO">GET Response : url=https://randomuser.me/api 
 status=200, reason=OK 
 headers={'Date': 'Sun, 04 Aug 2024 06:20:19 GMT', 'Content-Type': 'application/json; charset=utf-8', 'Transfer-Encoding': 'chunked', 'Connection': 'keep-alive', 'X-Powered-By': 'Express', 'Access-Control-Allow-Origin': '*', 'Cache-Control': 'no-cache', 'ETag': 'W/"483-TYyk9zoAQ/lMujH6sDokmVG6puM"', 'Vary': 'Accept-Encoding', 'Content-Encoding': 'gzip', 'CF-Cache-Status': 'DYNAMIC', 'Report-To': '{"endpoints":[{"url":"https:\\/\\/a.nel.cloudflare.com\\/report\\/v4?s=7XKmHukcbO5CZIueZhdBNNvBsdkT0%2BRVZBCY7WKGDprltQ3gtyfToZWDcQJcGqvuBLGPLsPjUYE32I3DeBDJ5XuWtsVzbt2OWa7qDea1N1wSvHkCK01yXEi%2FfwhCjVRc"}],"group":"cf-nel","max_age":604800}', 'NEL': '{"success_fraction":0,"report_to":"cf-nel","max_age":604800}', 'Server': 'cloudflare', 'CF-RAY': '8adc70deec6115b8-SJC', 'alt-svc': 'h3=":443"; ma=86400'} 
 body={"results":[{"gender":"male","name":{"title":"Mr","first":"Paul","last":"Price"},"location":{"street":{"number":6190,"name":"Forest Ln"},"city":"Newport News","state":"Illinois","country":"United States","postcode":14444,"coordinates":{"latitude":"81.5266","longitude":"-31.4685"},"timezone":{"offset":"+7:00","description":"Bangkok, Hanoi, Jakarta"}},"email":"paul.price@example.com","login":{"uuid":"cbd94940-e00d-4af6-acff-74cd7d91d991","username":"yellowzebra548","password":"rrrrr","salt":"3bdZN9Ax","md5":"2e854e1918bb53db440dc0653c640e6e","sha1":"9f6f09059fbf48249b084d5ec13a0c515103b664","sha256":"92bf450698dd1815376eedf81943b38ac547bce0d3d589236ae97bc25226cd8b"},"dob":{"date":"1962-04-13T03:36:38.468Z","age":62},"registered":{"date":"2018-04-16T08:32:08.418Z","age":6},"phone":"(585) 286-5080","cell":"(853) 911-3389","id":{"name":"SSN","value":"273-38-8432"},"picture":{"large":"https://randomuser.me/api/portraits/men/82.jpg","medium":"https://randomuser.me/api/portraits/med/men/82.jpg","thumbnail":"https://randomuser.me/api/portraits/thumb/men/82.jpg"},"nat":"US"}],"info":{"seed":"5b1c28b898c696d4","results":1,"page":1,"version":"1.4"}} 
 </msg>
<msg time="2024-08-04T06:20:19.760153" level="INFO">/opt/hostedtoolcache/Python/3.12.4/x64/lib/python3.12/site-packages/urllib3/connectionpool.py:1099: InsecureRequestWarning: Unverified HTTPS request is being made to host 'randomuser.me'. Adding certificate verification is strongly advised. See: https://urllib3.readthedocs.io/en/latest/advanced-usage.html#tls-warnings
  warnings.warn(</msg>
<msg time="2024-08-04T06:20:19.760291" level="INFO">${response} = &lt;Response [200]&gt;</msg>
<var>${response}</var>
<arg>consultarAPI</arg>
<arg>/api</arg>
<doc>Sends a GET request on a previously created HTTP Session.</doc>
<status status="PASS" start="2024-08-04T06:20:19.664515" elapsed="0.095820"/>
</kw>
<kw name="Set Variable" owner="BuiltIn">
<msg time="2024-08-04T06:20:19.761497" level="INFO">${json_data} = {'results': [{'gender': 'male', 'name': {'title': 'Mr', 'first': 'Paul', 'last': 'Price'}, 'location': {'street': {'number': 6190, 'name': 'Forest Ln'}, 'city': 'Newport News', 'state': 'Illinois', 'c...</msg>
<var>${json_data}</var>
<arg>${response.json()}</arg>
<doc>Returns the given values which can then be assigned to a variables.</doc>
<status status="PASS" start="2024-08-04T06:20:19.760965" elapsed="0.000561"/>
</kw>
<kw name="Log" owner="BuiltIn">
<msg time="2024-08-04T06:20:19.762000" level="INFO">{'results': [{'gender': 'male', 'name': {'title': 'Mr', 'first': 'Paul', 'last': 'Price'}, 'location': {'street': {'number': 6190, 'name': 'Forest Ln'}, 'city': 'Newport News', 'state': 'Illinois', 'country': 'United States', 'postcode': 14444, 'coordinates': {'latitude': '81.5266', 'longitude': '-31.4685'}, 'timezone': {'offset': '+7:00', 'description': 'Bangkok, Hanoi, Jakarta'}}, 'email': 'paul.price@example.com', 'login': {'uuid': 'cbd94940-e00d-4af6-acff-74cd7d91d991', 'username': 'yellowzebra548', 'password': 'rrrrr', 'salt': '3bdZN9Ax', 'md5': '2e854e1918bb53db440dc0653c640e6e', 'sha1': '9f6f09059fbf48249b084d5ec13a0c515103b664', 'sha256': '92bf450698dd1815376eedf81943b38ac547bce0d3d589236ae97bc25226cd8b'}, 'dob': {'date': '1962-04-13T03:36:38.468Z', 'age': 62}, 'registered': {'date': '2018-04-16T08:32:08.418Z', 'age': 6}, 'phone': '(585) 286-5080', 'cell': '(853) 911-3389', 'id': {'name': 'SSN', 'value': '273-38-8432'}, 'picture': {'large': 'https://randomuser.me/api/portraits/men/82.jpg', 'medium': 'https://randomuser.me/api/portraits/med/men/82.jpg', 'thumbnail': 'https://randomuser.me/api/portraits/thumb/men/82.jpg'}, 'nat': 'US'}], 'info': {'seed': '5b1c28b898c696d4', 'results': 1, 'page': 1, 'version': '1.4'}}</msg>
<arg>${json_data}</arg>
<doc>Logs the given message with the given level.</doc>
<status status="PASS" start="2024-08-04T06:20:19.761841" elapsed="0.000206"/>
</kw>
<kw name="Should Be Equal As Numbers" owner="BuiltIn">
<arg>${json_data['results'][0]['location']['postcode']}</arg>
<arg>${json_data['results'][0]['location']['postcode']}</arg>
<doc>Fails if objects are unequal after converting them to real numbers.</doc>
<status status="PASS" start="2024-08-04T06:20:19.762342" elapsed="0.000628"/>
</kw>
<kw name="Log" owner="BuiltIn">
<msg time="2024-08-04T06:20:19.763497" level="INFO">14444</msg>
<arg>${json_data['results'][0]['location']['postcode']}</arg>
<doc>Logs the given message with the given level.</doc>
<status status="PASS" start="2024-08-04T06:20:19.763159" elapsed="0.000381"/>
</kw>
<status status="PASS" start="2024-08-04T06:20:19.664288" elapsed="0.099551"/>
</kw>
<doc>Testa se os tipos de dados na resposta da API estão corretos.</doc>
<tag>testeTiposDados</tag>
<status status="PASS" start="2024-08-04T06:20:19.548061" elapsed="0.215953"/>
</test>
<test id="s1-s1-t5" name="Validar conteudo" line="35">
<kw name="Teste de Tipos de Conteudo" owner="random-user-service">
<kw name="GET On Session" owner="RequestsLibrary">
<msg time="2024-08-04T06:20:19.865926" level="INFO">GET Request : url=https://randomuser.me/api 
 path_url=/api 
 headers={'User-Agent': 'python-requests/2.32.3', 'Accept-Encoding': 'gzip, deflate', 'Accept': '*/*', 'Connection': 'keep-alive'} 
 body=None 
 </msg>
<msg time="2024-08-04T06:20:19.866028" level="INFO">GET Response : url=https://randomuser.me/api 
 status=200, reason=OK 
 headers={'Date': 'Sun, 04 Aug 2024 06:20:19 GMT', 'Content-Type': 'application/json; charset=utf-8', 'Transfer-Encoding': 'chunked', 'Connection': 'keep-alive', 'X-Powered-By': 'Express', 'Access-Control-Allow-Origin': '*', 'Cache-Control': 'no-cache', 'ETag': 'W/"4a6-QCtF1gSwMw5XSsTEs8VfAEDXLEM"', 'Vary': 'Accept-Encoding', 'Content-Encoding': 'gzip', 'CF-Cache-Status': 'DYNAMIC', 'Report-To': '{"endpoints":[{"url":"https:\\/\\/a.nel.cloudflare.com\\/report\\/v4?s=DUDLjUp9IYW6FXj0tHYiqU8SGLay7PGZZSsV8AOLn5BMcz8R4Qxqb0mMiT%2BxQjX%2BRQAqkcqiv4OOOhlsrKxjeGEq%2BQ9QQEJzvpwJl40BL6CERPKwxg1Qy0TnnB4ddT0G"}],"group":"cf-nel","max_age":604800}', 'NEL': '{"success_fraction":0,"report_to":"cf-nel","max_age":604800}', 'Server': 'cloudflare', 'CF-RAY': '8adc70df9d1615b8-SJC', 'alt-svc': 'h3=":443"; ma=86400'} 
 body={"results":[{"gender":"female","name":{"title":"Mrs","first":"Tvorislava","last":"Turula"},"location":{"street":{"number":9823,"name":"Sofroniya Kostiri"},"city":"Tavriysk","state":"Harkivska","country":"Ukraine","postcode":21849,"coordinates":{"latitude":"78.9075","longitude":"75.8917"},"timezone":{"offset":"+5:00","description":"Ekaterinburg, Islamabad, Karachi, Tashkent"}},"email":"tvorislava.turula@example.com","login":{"uuid":"ed7af7dd-2520-4e17-b451-aed829e4c9d0","username":"beautifulostrich929","password":"dwayne","salt":"uka6fCCr","md5":"23cc283a8bd1b47393e57c9676d4c43a","sha1":"fb68e4e11f0ce3bf01e30575496b9bab4900e33a","sha256":"9620935bcec5e597fb97eecad1871e308aa5a0f208b5032ff22d2d3e99e7c7ef"},"dob":{"date":"1991-05-19T07:34:17.896Z","age":33},"registered":{"date":"2013-03-02T08:02:33.685Z","age":11},"phone":"(097) X37-5804","cell":"(098) P64-4264","id":{"name":"","value":null},"picture":{"large":"https://randomuser.me/api/portraits/women/13.jpg","medium":"https://randomuser.me/api/portraits/med/women/13.jpg","thumbnail":"https://randomuser.me/api/portraits/thumb/women/13.jpg"},"nat":"UA"}],"info":{"seed":"d5a03b543c666e16","results":1,"page":1,"version":"1.4"}} 
 </msg>
<msg time="2024-08-04T06:20:19.866108" level="INFO">/opt/hostedtoolcache/Python/3.12.4/x64/lib/python3.12/site-packages/urllib3/connectionpool.py:1099: InsecureRequestWarning: Unverified HTTPS request is being made to host 'randomuser.me'. Adding certificate verification is strongly advised. See: https://urllib3.readthedocs.io/en/latest/advanced-usage.html#tls-warnings
  warnings.warn(</msg>
<msg time="2024-08-04T06:20:19.866242" level="INFO">${response} = &lt;Response [200]&gt;</msg>
<var>${response}</var>
<arg>consultarAPI</arg>
<arg>/api</arg>
<doc>Sends a GET request on a previously created HTTP Session.</doc>
<status status="PASS" start="2024-08-04T06:20:19.766863" elapsed="0.099421"/>
</kw>
<kw name="Set Variable" owner="BuiltIn">
<msg time="2024-08-04T06:20:19.867282" level="INFO">${json_data} = {'results': [{'gender': 'female', 'name': {'title': 'Mrs', 'first': 'Tvorislava', 'last': 'Turula'}, 'location': {'street': {'number': 9823, 'name': 'Sofroniya Kostiri'}, 'city': 'Tavriysk', 'state': ...</msg>
<var>${json_data}</var>
<arg>${response.json()}</arg>
<doc>Returns the given values which can then be assigned to a variables.</doc>
<status status="PASS" start="2024-08-04T06:20:19.866770" elapsed="0.000541"/>
</kw>
<kw name="Set Variable" owner="BuiltIn">
<msg time="2024-08-04T06:20:19.868008" level="INFO">${name_title} = Mrs</msg>
<var>${name_title}</var>
<arg>${json_data["results"][0]["name"]["title"]}</arg>
<doc>Returns the given values which can then be assigned to a variables.</doc>
<status status="PASS" start="2024-08-04T06:20:19.867625" elapsed="0.000409"/>
</kw>
<kw name="Create List" owner="BuiltIn">
<msg time="2024-08-04T06:20:19.868488" level="INFO">${allowed_titles} = ['Mr', 'Ms', 'Miss', 'Mrs', 'Madame', 'Monsieur']</msg>
<var>${allowed_titles}</var>
<arg>Mr</arg>
<arg>Ms</arg>
<arg>Miss</arg>
<arg>Mrs</arg>
<arg>Madame</arg>
<arg>Monsieur</arg>
<doc>Returns a list containing given items.</doc>
<status status="PASS" start="2024-08-04T06:20:19.868332" elapsed="0.000181"/>
</kw>
<kw name="List Should Contain Value" owner="Collections">
<arg>${allowed_titles}</arg>
<arg>${name_title}</arg>
<doc>Fails if the ``value`` is not found from ``list``.</doc>
<status status="PASS" start="2024-08-04T06:20:19.868858" elapsed="0.000190"/>
</kw>
<kw name="Set Variable" owner="BuiltIn">
<msg time="2024-08-04T06:20:19.869609" level="INFO">${name_country} = UA</msg>
<var>${name_country}</var>
<arg>${json_data["results"][0]["nat"]}</arg>
<doc>Returns the given values which can then be assigned to a variables.</doc>
<status status="PASS" start="2024-08-04T06:20:19.869231" elapsed="0.000403"/>
</kw>
<kw name="Create List" owner="BuiltIn">
<msg time="2024-08-04T06:20:19.870518" level="INFO">${list_country} = ['AD', 'AE', 'AF', 'AG', 'AI', 'AL', 'AM', 'AO', 'AQ', 'AR', 'AS', 'AT', 'AU', 'AW', 'AX', 'AZ', 'BA', 'BB', 'BD', 'BE', 'BF', 'BG', 'BH', 'BI', 'BJ', 'BL', 'BM', 'BN', 'BO', 'BQ', 'BR', 'BS', 'BT', '...</msg>
<var>${list_country}</var>
<arg>AD</arg>
<arg>AE</arg>
<arg>AF</arg>
<arg>AG</arg>
<arg>AI</arg>
<arg>AL</arg>
<arg>AM</arg>
<arg>AO</arg>
<arg>AQ</arg>
<arg>AR</arg>
<arg>AS</arg>
<arg>AT</arg>
<arg>AU</arg>
<arg>AW</arg>
<arg>AX</arg>
<arg>AZ</arg>
<arg>BA</arg>
<arg>BB</arg>
<arg>BD</arg>
<arg>BE</arg>
<arg>BF</arg>
<arg>BG</arg>
<arg>BH</arg>
<arg>BI</arg>
<arg>BJ</arg>
<arg>BL</arg>
<arg>BM</arg>
<arg>BN</arg>
<arg>BO</arg>
<arg>BQ</arg>
<arg>BR</arg>
<arg>BS</arg>
<arg>BT</arg>
<arg>BV</arg>
<arg>BW</arg>
<arg>BY</arg>
<arg>BZ</arg>
<arg>CA</arg>
<arg>CC</arg>
<arg>CD</arg>
<arg>CF</arg>
<arg>CG</arg>
<arg>CH</arg>
<arg>CI</arg>
<arg>CK</arg>
<arg>CL</arg>
<arg>CM</arg>
<arg>CN</arg>
<arg>CO</arg>
<arg>CR</arg>
<arg>CU</arg>
<arg>CV</arg>
<arg>CW</arg>
<arg>CX</arg>
<arg>CY</arg>
<arg>CZ</arg>
<arg>DE</arg>
<arg>DJ</arg>
<arg>DK</arg>
<arg>DM</arg>
<arg>DO</arg>
<arg>DZ</arg>
<arg>EC</arg>
<arg>EE</arg>
<arg>EG</arg>
<arg>EH</arg>
<arg>ER</arg>
<arg>ES</arg>
<arg>ET</arg>
<arg>FI</arg>
<arg>FJ</arg>
<arg>FK</arg>
<arg>FM</arg>
<arg>FO</arg>
<arg>FR</arg>
<arg>GA</arg>
<arg>GB</arg>
<arg>GD</arg>
<arg>GE</arg>
<arg>GF</arg>
<arg>GG</arg>
<arg>GH</arg>
<arg>GI</arg>
<arg>GL</arg>
<arg>GM</arg>
<arg>GN</arg>
<arg>GP</arg>
<arg>GQ</arg>
<arg>GR</arg>
<arg>GS</arg>
<arg>GT</arg>
<arg>GU</arg>
<arg>GW</arg>
<arg>GY</arg>
<arg>HK</arg>
<arg>HM</arg>
<arg>HN</arg>
<arg>HR</arg>
<arg>HT</arg>
<arg>HU</arg>
<arg>ID</arg>
<arg>IE</arg>
<arg>IL</arg>
<arg>IM</arg>
<arg>IN</arg>
<arg>IO</arg>
<arg>IQ</arg>
<arg>IR</arg>
<arg>IS</arg>
<arg>IT</arg>
<arg>JE</arg>
<arg>JM</arg>
<arg>JO</arg>
<arg>JP</arg>
<arg>KE</arg>
<arg>KG</arg>
<arg>KH</arg>
<arg>KI</arg>
<arg>KM</arg>
<arg>KN</arg>
<arg>KP</arg>
<arg>KR</arg>
<arg>KW</arg>
<arg>KY</arg>
<arg>KZ</arg>
<arg>LA</arg>
<arg>LB</arg>
<arg>LC</arg>
<arg>LI</arg>
<arg>LK</arg>
<arg>LR</arg>
<arg>LS</arg>
<arg>LT</arg>
<arg>LU</arg>
<arg>LV</arg>
<arg>LY</arg>
<arg>MA</arg>
<arg>MC</arg>
<arg>MD</arg>
<arg>ME</arg>
<arg>MF</arg>
<arg>MG</arg>
<arg>MH</arg>
<arg>MK</arg>
<arg>ML</arg>
<arg>MM</arg>
<arg>MN</arg>
<arg>MO</arg>
<arg>MP</arg>
<arg>MQ</arg>
<arg>MR</arg>
<arg>MS</arg>
<arg>MT</arg>
<arg>MU</arg>
<arg>MV</arg>
<arg>MW</arg>
<arg>MX</arg>
<arg>MY</arg>
<arg>MZ</arg>
<arg>NA</arg>
<arg>NC</arg>
<arg>NE</arg>
<arg>NF</arg>
<arg>NG</arg>
<arg>NI</arg>
<arg>NL</arg>
<arg>NO</arg>
<arg>NP</arg>
<arg>NR</arg>
<arg>NU</arg>
<arg>NZ</arg>
<arg>OM</arg>
<arg>PA</arg>
<arg>PE</arg>
<arg>PF</arg>
<arg>PG</arg>
<arg>PH</arg>
<arg>PK</arg>
<arg>PL</arg>
<arg>PM</arg>
<arg>PN</arg>
<arg>PR</arg>
<arg>PS</arg>
<arg>PT</arg>
<arg>PW</arg>
<arg>PY</arg>
<arg>QA</arg>
<arg>RE</arg>
<arg>RO</arg>
<arg>RS</arg>
<arg>RU</arg>
<arg>RW</arg>
<arg>SA</arg>
<arg>SB</arg>
<arg>SC</arg>
<arg>SD</arg>
<arg>SE</arg>
<arg>SG</arg>
<arg>SH</arg>
<arg>SI</arg>
<arg>SJ</arg>
<arg>SK</arg>
<arg>SL</arg>
<arg>SM</arg>
<arg>SN</arg>
<arg>SO</arg>
<arg>SR</arg>
<arg>SS</arg>
<arg>ST</arg>
<arg>SV</arg>
<arg>SX</arg>
<arg>SY</arg>
<arg>SZ</arg>
<arg>TC</arg>
<arg>TD</arg>
<arg>TF</arg>
<arg>TG</arg>
<arg>TH</arg>
<arg>TJ</arg>
<arg>TK</arg>
<arg>TL</arg>
<arg>TM</arg>
<arg>TN</arg>
<arg>TO</arg>
<arg>TR</arg>
<arg>TT</arg>
<arg>TV</arg>
<arg>TW</arg>
<arg>TZ</arg>
<arg>UA</arg>
<arg>UG</arg>
<arg>UM</arg>
<arg>US</arg>
<arg>UY</arg>
<arg>UZ</arg>
<arg>VA</arg>
<arg>VC</arg>
<arg>VE</arg>
<arg>VG</arg>
<arg>VI</arg>
<arg>VN</arg>
<arg>VU</arg>
<arg>WF</arg>
<arg>WS</arg>
<arg>XK</arg>
<arg>YE</arg>
<arg>YT</arg>
<arg>ZA</arg>
<arg>ZM</arg>
<arg>ZW</arg>
<doc>Returns a list containing given items.</doc>
<status status="PASS" start="2024-08-04T06:20:19.869927" elapsed="0.000618"/>
</kw>
<kw name="List Should Contain Value" owner="Collections">
<arg>${list_country}</arg>
<arg>${name_country}</arg>
<doc>Fails if the ``value`` is not found from ``list``.</doc>
<status status="PASS" start="2024-08-04T06:20:19.871528" elapsed="0.000215"/>
</kw>
<kw name="Run Keyword If" owner="BuiltIn">
<kw name="Should Be True" owner="BuiltIn">
<arg>${True}</arg>
<doc>Fails if the given condition is not true.</doc>
<status status="PASS" start="2024-08-04T06:20:19.872730" elapsed="0.000149"/>
</kw>
<arg>${json_data["results"][0]["location"]["coordinates"]["latitude"]} &gt;= -90 and ${json_data["results"][0]["location"]["coordinates"]["latitude"]} &lt;= 90</arg>
<arg>Should Be True</arg>
<arg>${True}</arg>
<doc>Runs the given keyword with the given arguments, if ``condition`` is true.</doc>
<status status="PASS" start="2024-08-04T06:20:19.871946" elapsed="0.001063"/>
</kw>
<kw name="Run Keyword If" owner="BuiltIn">
<kw name="Should Be True" owner="BuiltIn">
<arg>${True}</arg>
<doc>Fails if the given condition is not true.</doc>
<status status="PASS" start="2024-08-04T06:20:19.873888" elapsed="0.000140"/>
</kw>
<arg>${json_data["results"][0]["location"]["coordinates"]["longitude"]} &gt;= -180 and ${json_data["results"][0]["location"]["coordinates"]["longitude"]} &lt;= 180</arg>
<arg>Should Be True</arg>
<arg>${True}</arg>
<doc>Runs the given keyword with the given arguments, if ``condition`` is true.</doc>
<status status="PASS" start="2024-08-04T06:20:19.873192" elapsed="0.000959"/>
</kw>
<status status="PASS" start="2024-08-04T06:20:19.766487" elapsed="0.107795"/>
</kw>
<doc>Testa o conteúdo específico dos campos retornados pela API.</doc>
<tag>testeConteudo</tag>
<status status="PASS" start="2024-08-04T06:20:19.765810" elapsed="0.108625"/>
</test>
<status status="PASS" start="2024-08-04T06:20:18.782908" elapsed="1.093455"/>
</suite>
<status status="PASS" start="2024-08-04T06:20:18.765043" elapsed="1.116377"/>
</suite>
<statistics>
<total>
<stat pass="5" fail="0" skip="0">All Tests</stat>
</total>
<tag>
<stat pass="1" fail="0" skip="0">testeConteudo</stat>
<stat pass="1" fail="0" skip="0">testeEstruturaResposta</stat>
<stat pass="1" fail="0" skip="0">testeRequisicaoBasica</stat>
<stat pass="1" fail="0" skip="0">testeTiposDados</stat>
</tag>
<suite>
<stat pass="5" fail="0" skip="0" id="s1" name="Tests">Tests</stat>
<stat pass="5" fail="0" skip="0" id="s1-s1" name="Random-User-Test">Tests.Random-User-Test</stat>
</suite>
</statistics>
<errors>
</errors>
</robot>
