<?xml version="1.0" encoding="UTF-8"?>
<robot generator="Robot 7.0 (Python 3.12.3 on linux)" generated="2024-05-17T07:13:46.808493" rpa="false" schemaversion="5">
<suite id="s1" name="Tests" source="/home/runner/work/DesafioQAItauRogerioJordao/DesafioQAItauRogerioJordao/RamdonUser/tests">
<suite id="s1-s1" name="Random-User-Test" source="/home/runner/work/DesafioQAItauRogerioJordao/DesafioQAItauRogerioJordao/RamdonUser/tests/random-user-test.robot">
<test id="s1-s1-t1" name="Conectar" line="13">
<kw name="Conectar API" owner="random-user-service">
<kw name="Create Session" owner="RequestsLibrary">
<msg time="2024-05-17T07:13:47.212870" level="INFO">Creating Session using : alias=consultarAPI, url=https://randomuser.me/, headers={},                     cookies={}, auth=None, timeout=None, proxies=None, verify=False,                     debug=0 </msg>
<arg>consultarAPI</arg>
<arg>${URL}</arg>
<doc>Create Session: create a HTTP session to a server</doc>
<status status="PASS" start="2024-05-17T07:13:47.212676" elapsed="0.000365"/>
</kw>
<status status="PASS" start="2024-05-17T07:13:47.211708" elapsed="0.001682"/>
</kw>
<status status="PASS" start="2024-05-17T07:13:47.211167" elapsed="0.002451"/>
</test>
<test id="s1-s1-t2" name="Validar retorno 200 e JSON Válido" line="16">
<kw name="Teste de Requisicao Basica" owner="random-user-service">
<kw name="GET On Session" owner="RequestsLibrary">
<msg time="2024-05-17T07:13:47.473913" level="INFO">GET Request : url=https://randomuser.me/api 
 path_url=/api 
 headers={'User-Agent': 'python-requests/2.31.0', 'Accept-Encoding': 'gzip, deflate', 'Accept': '*/*', 'Connection': 'keep-alive'} 
 body=None 
 </msg>
<msg time="2024-05-17T07:13:47.474143" level="INFO">GET Response : url=https://randomuser.me/api 
 status=200, reason=OK 
 headers={'Date': 'Fri, 17 May 2024 07:13:47 GMT', 'Content-Type': 'application/json; charset=utf-8', 'Transfer-Encoding': 'chunked', 'Connection': 'keep-alive', 'X-Powered-By': 'Express', 'Access-Control-Allow-Origin': '*', 'Cache-Control': 'no-cache', 'ETag': 'W/"492-f8xFItlBpLcr+ZYf6YVrbN03Qng"', 'Vary': 'Accept-Encoding', 'Content-Encoding': 'gzip', 'CF-Cache-Status': 'DYNAMIC', 'Report-To': '{"endpoints":[{"url":"https:\\/\\/a.nel.cloudflare.com\\/report\\/v4?s=kDbHMYql8kvYfgzV7Pt46ZE1kGL%2FysPSNXcWUQbP8QKDHhTtcy8y7As0s88qwjou0VnXRUXWF6EgIwD4wqqa4bGccuuARgswGp31qdq0xZTijrMZOvPTvBtTqLB%2BRjwU"}],"group":"cf-nel","max_age":604800}', 'NEL': '{"success_fraction":0,"report_to":"cf-nel","max_age":604800}', 'Server': 'cloudflare', 'CF-RAY': '8851ce8f3c6f9e62-SJC', 'alt-svc': 'h3=":443"; ma=86400'} 
 body={"results":[{"gender":"female","name":{"title":"Mrs","first":"Jelena","last":"Obradović"},"location":{"street":{"number":7513,"name":"Grnčarska"},"city":"Ub","state":"Šumadija","country":"Serbia","postcode":83185,"coordinates":{"latitude":"55.9506","longitude":"56.4465"},"timezone":{"offset":"-5:00","description":"Eastern Time (US &amp; Canada), Bogota, Lima"}},"email":"jelena.obradovic@example.com","login":{"uuid":"5793c4dd-d6a0-45d5-9d6b-b5046ff39eb7","username":"sadpanda388","password":"grunt","salt":"APbu1v1Y","md5":"5a75ad7e24f99e41739564eb7697ebcb","sha1":"14945eb8a24d8bba89ccb7339fbe7ccb75ecc3be","sha256":"641321e6dc5f6d3a17d1a13c54822ea76604adab96b85760f986953e9b3853ac"},"dob":{"date":"1947-02-13T01:25:33.090Z","age":77},"registered":{"date":"2007-12-05T14:12:09.737Z","age":16},"phone":"039-2587-423","cell":"065-3392-431","id":{"name":"SID","value":"082452757"},"picture":{"large":"https://randomuser.me/api/portraits/women/39.jpg","medium":"https://randomuser.me/api/portraits/med/women/39.jpg","thumbnail":"https://randomuser.me/api/portraits/thumb/women/39.jpg"},"nat":"RS"}],"info":{"seed":"35b1a2f711bceb64","results":1,"page":1,"version":"1.4"}} 
 </msg>
<msg time="2024-05-17T07:13:47.474249" level="INFO">/opt/hostedtoolcache/Python/3.12.3/x64/lib/python3.12/site-packages/urllib3/connectionpool.py:1103: InsecureRequestWarning: Unverified HTTPS request is being made to host 'randomuser.me'. Adding certificate verification is strongly advised. See: https://urllib3.readthedocs.io/en/latest/advanced-usage.html#tls-warnings
  warnings.warn(</msg>
<msg time="2024-05-17T07:13:47.474403" level="INFO">${response} = &lt;Response [200]&gt;</msg>
<var>${response}</var>
<arg>consultarAPI</arg>
<arg>/api</arg>
<doc>Sends a GET request on a previously created HTTP Session.</doc>
<status status="PASS" start="2024-05-17T07:13:47.216224" elapsed="0.258221"/>
</kw>
<kw name="Should Be Equal As Numbers" owner="BuiltIn">
<msg time="2024-05-17T07:13:47.475571" level="INFO">Argument types are:
&lt;class 'int'&gt;
&lt;class 'str'&gt;</msg>
<arg>${response.status_code}</arg>
<arg>200</arg>
<doc>Fails if objects are unequal after converting them to real numbers.</doc>
<status status="PASS" start="2024-05-17T07:13:47.475070" elapsed="0.000565"/>
</kw>
<kw name="Log" owner="BuiltIn">
<msg time="2024-05-17T07:13:47.476347" level="INFO">200</msg>
<arg>${response.status_code}</arg>
<doc>Logs the given message with the given level.</doc>
<status status="PASS" start="2024-05-17T07:13:47.475994" elapsed="0.000395"/>
</kw>
<kw name="Set Variable" owner="BuiltIn">
<msg time="2024-05-17T07:13:47.477131" level="INFO">${json_data} = {'results': [{'gender': 'female', 'name': {'title': 'Mrs', 'first': 'Jelena', 'last': 'Obradović'}, 'location': {'street': {'number': 7513, 'name': 'Grnčarska'}, 'city': 'Ub', 'state': 'Šumadija', 'co...</msg>
<var>${json_data}</var>
<arg>${response.json()}</arg>
<doc>Returns the given values which can then be assigned to a variables.</doc>
<status status="PASS" start="2024-05-17T07:13:47.476693" elapsed="0.000468"/>
</kw>
<kw name="Dictionary Should Contain Key" owner="Collections">
<msg time="2024-05-17T07:13:47.477669" level="INFO">False</msg>
<arg>${json_data}</arg>
<arg>results</arg>
<doc>Fails if ``key`` is not found from ``dictionary``.</doc>
<status status="PASS" start="2024-05-17T07:13:47.477493" elapsed="0.000216"/>
</kw>
<status status="PASS" start="2024-05-17T07:13:47.215980" elapsed="0.261988"/>
</kw>
<doc>Testa se a API responde corretamente e retorna um objeto JSON válido.</doc>
<tag>testeRequisicaoBasica</tag>
<status status="PASS" start="2024-05-17T07:13:47.215496" elapsed="0.262650"/>
</test>
<test id="s1-s1-t3" name="Validar estrutura de resposta" line="22">
<kw name="Teste de Estrutura de Resposta" owner="random-user-service">
<kw name="GET On Session" owner="RequestsLibrary">
<msg time="2024-05-17T07:13:47.571482" level="INFO">GET Request : url=https://randomuser.me/api 
 path_url=/api 
 headers={'User-Agent': 'python-requests/2.31.0', 'Accept-Encoding': 'gzip, deflate', 'Accept': '*/*', 'Connection': 'keep-alive'} 
 body=None 
 </msg>
<msg time="2024-05-17T07:13:47.571549" level="INFO">GET Response : url=https://randomuser.me/api 
 status=200, reason=OK 
 headers={'Date': 'Fri, 17 May 2024 07:13:47 GMT', 'Content-Type': 'application/json; charset=utf-8', 'Transfer-Encoding': 'chunked', 'Connection': 'keep-alive', 'X-Powered-By': 'Express', 'Access-Control-Allow-Origin': '*', 'Cache-Control': 'no-cache', 'ETag': 'W/"48d-MxZrhkFeSOk1owzRK4i89zm0jU0"', 'Vary': 'Accept-Encoding', 'Content-Encoding': 'gzip', 'CF-Cache-Status': 'DYNAMIC', 'Report-To': '{"endpoints":[{"url":"https:\\/\\/a.nel.cloudflare.com\\/report\\/v4?s=380t7RJLNbsnrdDWwt0ouInbDzANJBA6czGSossUDbigoDv5xgvlDs22ofPHFYpDzWPj5g4%2FR9ShH6gsi2O1B1HinL%2FD%2FTrFQDEaAr1asvnuNDhM1js4iqcWAcqkyqbz"}],"group":"cf-nel","max_age":604800}', 'NEL': '{"success_fraction":0,"report_to":"cf-nel","max_age":604800}', 'Server': 'cloudflare', 'CF-RAY': '8851ce8fccc29e62-SJC', 'alt-svc': 'h3=":443"; ma=86400'} 
 body={"results":[{"gender":"male","name":{"title":"Mr","first":"Felix","last":"Thomas"},"location":{"street":{"number":7429,"name":"Glenfield Road"},"city":"Whanganui","state":"Northland","country":"New Zealand","postcode":54394,"coordinates":{"latitude":"52.5647","longitude":"-112.3023"},"timezone":{"offset":"+1:00","description":"Brussels, Copenhagen, Madrid, Paris"}},"email":"felix.thomas@example.com","login":{"uuid":"5b7b4f87-e249-4dae-bafd-ca1bdfeffad2","username":"yellowsnake794","password":"pass1234","salt":"3irL1N4C","md5":"b83fd4fa3d65dc836ff19f02e18a0c83","sha1":"520ecff2a1b135e7800d88e8a63d02a7ac2faf63","sha256":"79d9974f8a96864a0e4b441fc88cb8bbe34cf215266fcbfdcc6c97cefc88cb54"},"dob":{"date":"1981-07-30T13:41:51.849Z","age":42},"registered":{"date":"2004-06-24T20:55:10.122Z","age":19},"phone":"(899)-996-8199","cell":"(692)-153-0298","id":{"name":"","value":null},"picture":{"large":"https://randomuser.me/api/portraits/men/69.jpg","medium":"https://randomuser.me/api/portraits/med/men/69.jpg","thumbnail":"https://randomuser.me/api/portraits/thumb/men/69.jpg"},"nat":"NZ"}],"info":{"seed":"5ee2c197cfec5f62","results":1,"page":1,"version":"1.4"}} 
 </msg>
<msg time="2024-05-17T07:13:47.571642" level="INFO">/opt/hostedtoolcache/Python/3.12.3/x64/lib/python3.12/site-packages/urllib3/connectionpool.py:1103: InsecureRequestWarning: Unverified HTTPS request is being made to host 'randomuser.me'. Adding certificate verification is strongly advised. See: https://urllib3.readthedocs.io/en/latest/advanced-usage.html#tls-warnings
  warnings.warn(</msg>
<msg time="2024-05-17T07:13:47.571733" level="INFO">${response} = &lt;Response [200]&gt;</msg>
<var>${response}</var>
<arg>consultarAPI</arg>
<arg>/api</arg>
<doc>Sends a GET request on a previously created HTTP Session.</doc>
<status status="PASS" start="2024-05-17T07:13:47.480797" elapsed="0.090963"/>
</kw>
<kw name="Set Variable" owner="BuiltIn">
<msg time="2024-05-17T07:13:47.572615" level="INFO">${json_data} = {'results': [{'gender': 'male', 'name': {'title': 'Mr', 'first': 'Felix', 'last': 'Thomas'}, 'location': {'street': {'number': 7429, 'name': 'Glenfield Road'}, 'city': 'Whanganui', 'state': 'Northland...</msg>
<var>${json_data}</var>
<arg>${response.json()}</arg>
<doc>Returns the given values which can then be assigned to a variables.</doc>
<status status="PASS" start="2024-05-17T07:13:47.572164" elapsed="0.000481"/>
</kw>
<kw name="Log" owner="BuiltIn">
<msg time="2024-05-17T07:13:47.573104" level="INFO">{'results': [{'gender': 'male', 'name': {'title': 'Mr', 'first': 'Felix', 'last': 'Thomas'}, 'location': {'street': {'number': 7429, 'name': 'Glenfield Road'}, 'city': 'Whanganui', 'state': 'Northland', 'country': 'New Zealand', 'postcode': 54394, 'coordinates': {'latitude': '52.5647', 'longitude': '-112.3023'}, 'timezone': {'offset': '+1:00', 'description': 'Brussels, Copenhagen, Madrid, Paris'}}, 'email': 'felix.thomas@example.com', 'login': {'uuid': '5b7b4f87-e249-4dae-bafd-ca1bdfeffad2', 'username': 'yellowsnake794', 'password': 'pass1234', 'salt': '3irL1N4C', 'md5': 'b83fd4fa3d65dc836ff19f02e18a0c83', 'sha1': '520ecff2a1b135e7800d88e8a63d02a7ac2faf63', 'sha256': '79d9974f8a96864a0e4b441fc88cb8bbe34cf215266fcbfdcc6c97cefc88cb54'}, 'dob': {'date': '1981-07-30T13:41:51.849Z', 'age': 42}, 'registered': {'date': '2004-06-24T20:55:10.122Z', 'age': 19}, 'phone': '(899)-996-8199', 'cell': '(692)-153-0298', 'id': {'name': '', 'value': None}, 'picture': {'large': 'https://randomuser.me/api/portraits/men/69.jpg', 'medium': 'https://randomuser.me/api/portraits/med/men/69.jpg', 'thumbnail': 'https://randomuser.me/api/portraits/thumb/men/69.jpg'}, 'nat': 'NZ'}], 'info': {'seed': '5ee2c197cfec5f62', 'results': 1, 'page': 1, 'version': '1.4'}}</msg>
<arg>${json_data}</arg>
<doc>Logs the given message with the given level.</doc>
<status status="PASS" start="2024-05-17T07:13:47.572950" elapsed="0.000202"/>
</kw>
<kw name="Dictionary Should Contain Key" owner="Collections">
<msg time="2024-05-17T07:13:47.573638" level="INFO">False</msg>
<arg>${json_data}</arg>
<arg>results</arg>
<doc>Fails if ``key`` is not found from ``dictionary``.</doc>
<status status="PASS" start="2024-05-17T07:13:47.573467" elapsed="0.000207"/>
</kw>
<kw name="Should Not Be Empty" owner="BuiltIn">
<msg time="2024-05-17T07:13:47.574096" level="INFO">Length is 2.</msg>
<arg>${json_data}</arg>
<doc>Verifies that the given item is not empty.</doc>
<status status="PASS" start="2024-05-17T07:13:47.573962" elapsed="0.000307"/>
</kw>
<kw name="Create List" owner="BuiltIn">
<msg time="2024-05-17T07:13:47.574716" level="INFO">${expected_keys} = ['gender', 'name', 'location', 'email', 'login']</msg>
<var>${expected_keys}</var>
<arg>gender</arg>
<arg>name</arg>
<arg>location</arg>
<arg>email</arg>
<arg>login</arg>
<doc>Returns a list containing given items.</doc>
<status status="PASS" start="2024-05-17T07:13:47.574563" elapsed="0.000176"/>
</kw>
<for flavor="IN">
<iter>
<kw name="Dictionary Should Contain Key" owner="Collections">
<msg time="2024-05-17T07:13:47.575702" level="INFO">False</msg>
<arg>${json_data['results'][0]}</arg>
<arg>${key}</arg>
<doc>Fails if ``key`` is not found from ``dictionary``.</doc>
<status status="PASS" start="2024-05-17T07:13:47.575304" elapsed="0.000437"/>
</kw>
<kw name="Log" owner="BuiltIn">
<msg time="2024-05-17T07:13:47.576396" level="INFO">{'gender': 'male', 'name': {'title': 'Mr', 'first': 'Felix', 'last': 'Thomas'}, 'location': {'street': {'number': 7429, 'name': 'Glenfield Road'}, 'city': 'Whanganui', 'state': 'Northland', 'country': 'New Zealand', 'postcode': 54394, 'coordinates': {'latitude': '52.5647', 'longitude': '-112.3023'}, 'timezone': {'offset': '+1:00', 'description': 'Brussels, Copenhagen, Madrid, Paris'}}, 'email': 'felix.thomas@example.com', 'login': {'uuid': '5b7b4f87-e249-4dae-bafd-ca1bdfeffad2', 'username': 'yellowsnake794', 'password': 'pass1234', 'salt': '3irL1N4C', 'md5': 'b83fd4fa3d65dc836ff19f02e18a0c83', 'sha1': '520ecff2a1b135e7800d88e8a63d02a7ac2faf63', 'sha256': '79d9974f8a96864a0e4b441fc88cb8bbe34cf215266fcbfdcc6c97cefc88cb54'}, 'dob': {'date': '1981-07-30T13:41:51.849Z', 'age': 42}, 'registered': {'date': '2004-06-24T20:55:10.122Z', 'age': 19}, 'phone': '(899)-996-8199', 'cell': '(692)-153-0298', 'id': {'name': '', 'value': None}, 'picture': {'large': 'https://randomuser.me/api/portraits/men/69.jpg', 'medium': 'https://randomuser.me/api/portraits/med/men/69.jpg', 'thumbnail': 'https://randomuser.me/api/portraits/thumb/men/69.jpg'}, 'nat': 'NZ'}</msg>
<arg>${json_data['results'][0]}</arg>
<doc>Logs the given message with the given level.</doc>
<status status="PASS" start="2024-05-17T07:13:47.576036" elapsed="0.000409"/>
</kw>
<kw name="Log" owner="BuiltIn">
<msg time="2024-05-17T07:13:47.576866" level="INFO">gender</msg>
<arg>${key}</arg>
<doc>Logs the given message with the given level.</doc>
<status status="PASS" start="2024-05-17T07:13:47.576739" elapsed="0.000163"/>
</kw>
<var name="${key}">gender</var>
<status status="PASS" start="2024-05-17T07:13:47.575178" elapsed="0.001936"/>
</iter>
<iter>
<kw name="Dictionary Should Contain Key" owner="Collections">
<msg time="2024-05-17T07:13:47.577825" level="INFO">False</msg>
<arg>${json_data['results'][0]}</arg>
<arg>${key}</arg>
<doc>Fails if ``key`` is not found from ``dictionary``.</doc>
<status status="PASS" start="2024-05-17T07:13:47.577412" elapsed="0.000450"/>
</kw>
<kw name="Log" owner="BuiltIn">
<msg time="2024-05-17T07:13:47.578543" level="INFO">{'gender': 'male', 'name': {'title': 'Mr', 'first': 'Felix', 'last': 'Thomas'}, 'location': {'street': {'number': 7429, 'name': 'Glenfield Road'}, 'city': 'Whanganui', 'state': 'Northland', 'country': 'New Zealand', 'postcode': 54394, 'coordinates': {'latitude': '52.5647', 'longitude': '-112.3023'}, 'timezone': {'offset': '+1:00', 'description': 'Brussels, Copenhagen, Madrid, Paris'}}, 'email': 'felix.thomas@example.com', 'login': {'uuid': '5b7b4f87-e249-4dae-bafd-ca1bdfeffad2', 'username': 'yellowsnake794', 'password': 'pass1234', 'salt': '3irL1N4C', 'md5': 'b83fd4fa3d65dc836ff19f02e18a0c83', 'sha1': '520ecff2a1b135e7800d88e8a63d02a7ac2faf63', 'sha256': '79d9974f8a96864a0e4b441fc88cb8bbe34cf215266fcbfdcc6c97cefc88cb54'}, 'dob': {'date': '1981-07-30T13:41:51.849Z', 'age': 42}, 'registered': {'date': '2004-06-24T20:55:10.122Z', 'age': 19}, 'phone': '(899)-996-8199', 'cell': '(692)-153-0298', 'id': {'name': '', 'value': None}, 'picture': {'large': 'https://randomuser.me/api/portraits/men/69.jpg', 'medium': 'https://randomuser.me/api/portraits/med/men/69.jpg', 'thumbnail': 'https://randomuser.me/api/portraits/thumb/men/69.jpg'}, 'nat': 'NZ'}</msg>
<arg>${json_data['results'][0]}</arg>
<doc>Logs the given message with the given level.</doc>
<status status="PASS" start="2024-05-17T07:13:47.578181" elapsed="0.000409"/>
</kw>
<kw name="Log" owner="BuiltIn">
<msg time="2024-05-17T07:13:47.579013" level="INFO">name</msg>
<arg>${key}</arg>
<doc>Logs the given message with the given level.</doc>
<status status="PASS" start="2024-05-17T07:13:47.578886" elapsed="0.000164"/>
</kw>
<var name="${key}">name</var>
<status status="PASS" start="2024-05-17T07:13:47.577297" elapsed="0.001967"/>
</iter>
<iter>
<kw name="Dictionary Should Contain Key" owner="Collections">
<msg time="2024-05-17T07:13:47.579932" level="INFO">False</msg>
<arg>${json_data['results'][0]}</arg>
<arg>${key}</arg>
<doc>Fails if ``key`` is not found from ``dictionary``.</doc>
<status status="PASS" start="2024-05-17T07:13:47.579554" elapsed="0.000415"/>
</kw>
<kw name="Log" owner="BuiltIn">
<msg time="2024-05-17T07:13:47.580620" level="INFO">{'gender': 'male', 'name': {'title': 'Mr', 'first': 'Felix', 'last': 'Thomas'}, 'location': {'street': {'number': 7429, 'name': 'Glenfield Road'}, 'city': 'Whanganui', 'state': 'Northland', 'country': 'New Zealand', 'postcode': 54394, 'coordinates': {'latitude': '52.5647', 'longitude': '-112.3023'}, 'timezone': {'offset': '+1:00', 'description': 'Brussels, Copenhagen, Madrid, Paris'}}, 'email': 'felix.thomas@example.com', 'login': {'uuid': '5b7b4f87-e249-4dae-bafd-ca1bdfeffad2', 'username': 'yellowsnake794', 'password': 'pass1234', 'salt': '3irL1N4C', 'md5': 'b83fd4fa3d65dc836ff19f02e18a0c83', 'sha1': '520ecff2a1b135e7800d88e8a63d02a7ac2faf63', 'sha256': '79d9974f8a96864a0e4b441fc88cb8bbe34cf215266fcbfdcc6c97cefc88cb54'}, 'dob': {'date': '1981-07-30T13:41:51.849Z', 'age': 42}, 'registered': {'date': '2004-06-24T20:55:10.122Z', 'age': 19}, 'phone': '(899)-996-8199', 'cell': '(692)-153-0298', 'id': {'name': '', 'value': None}, 'picture': {'large': 'https://randomuser.me/api/portraits/men/69.jpg', 'medium': 'https://randomuser.me/api/portraits/med/men/69.jpg', 'thumbnail': 'https://randomuser.me/api/portraits/thumb/men/69.jpg'}, 'nat': 'NZ'}</msg>
<arg>${json_data['results'][0]}</arg>
<doc>Logs the given message with the given level.</doc>
<status status="PASS" start="2024-05-17T07:13:47.580265" elapsed="0.000403"/>
</kw>
<kw name="Log" owner="BuiltIn">
<msg time="2024-05-17T07:13:47.581080" level="INFO">location</msg>
<arg>${key}</arg>
<doc>Logs the given message with the given level.</doc>
<status status="PASS" start="2024-05-17T07:13:47.580956" elapsed="0.000160"/>
</kw>
<var name="${key}">location</var>
<status status="PASS" start="2024-05-17T07:13:47.579443" elapsed="0.001886"/>
</iter>
<iter>
<kw name="Dictionary Should Contain Key" owner="Collections">
<msg time="2024-05-17T07:13:47.582029" level="INFO">False</msg>
<arg>${json_data['results'][0]}</arg>
<arg>${key}</arg>
<doc>Fails if ``key`` is not found from ``dictionary``.</doc>
<status status="PASS" start="2024-05-17T07:13:47.581648" elapsed="0.000418"/>
</kw>
<kw name="Log" owner="BuiltIn">
<msg time="2024-05-17T07:13:47.582723" level="INFO">{'gender': 'male', 'name': {'title': 'Mr', 'first': 'Felix', 'last': 'Thomas'}, 'location': {'street': {'number': 7429, 'name': 'Glenfield Road'}, 'city': 'Whanganui', 'state': 'Northland', 'country': 'New Zealand', 'postcode': 54394, 'coordinates': {'latitude': '52.5647', 'longitude': '-112.3023'}, 'timezone': {'offset': '+1:00', 'description': 'Brussels, Copenhagen, Madrid, Paris'}}, 'email': 'felix.thomas@example.com', 'login': {'uuid': '5b7b4f87-e249-4dae-bafd-ca1bdfeffad2', 'username': 'yellowsnake794', 'password': 'pass1234', 'salt': '3irL1N4C', 'md5': 'b83fd4fa3d65dc836ff19f02e18a0c83', 'sha1': '520ecff2a1b135e7800d88e8a63d02a7ac2faf63', 'sha256': '79d9974f8a96864a0e4b441fc88cb8bbe34cf215266fcbfdcc6c97cefc88cb54'}, 'dob': {'date': '1981-07-30T13:41:51.849Z', 'age': 42}, 'registered': {'date': '2004-06-24T20:55:10.122Z', 'age': 19}, 'phone': '(899)-996-8199', 'cell': '(692)-153-0298', 'id': {'name': '', 'value': None}, 'picture': {'large': 'https://randomuser.me/api/portraits/men/69.jpg', 'medium': 'https://randomuser.me/api/portraits/med/men/69.jpg', 'thumbnail': 'https://randomuser.me/api/portraits/thumb/men/69.jpg'}, 'nat': 'NZ'}</msg>
<arg>${json_data['results'][0]}</arg>
<doc>Logs the given message with the given level.</doc>
<status status="PASS" start="2024-05-17T07:13:47.582363" elapsed="0.000408"/>
</kw>
<kw name="Log" owner="BuiltIn">
<msg time="2024-05-17T07:13:47.583186" level="INFO">email</msg>
<arg>${key}</arg>
<doc>Logs the given message with the given level.</doc>
<status status="PASS" start="2024-05-17T07:13:47.583061" elapsed="0.000162"/>
</kw>
<var name="${key}">email</var>
<status status="PASS" start="2024-05-17T07:13:47.581536" elapsed="0.001900"/>
</iter>
<iter>
<kw name="Dictionary Should Contain Key" owner="Collections">
<msg time="2024-05-17T07:13:47.584093" level="INFO">False</msg>
<arg>${json_data['results'][0]}</arg>
<arg>${key}</arg>
<doc>Fails if ``key`` is not found from ``dictionary``.</doc>
<status status="PASS" start="2024-05-17T07:13:47.583715" elapsed="0.000415"/>
</kw>
<kw name="Log" owner="BuiltIn">
<msg time="2024-05-17T07:13:47.584785" level="INFO">{'gender': 'male', 'name': {'title': 'Mr', 'first': 'Felix', 'last': 'Thomas'}, 'location': {'street': {'number': 7429, 'name': 'Glenfield Road'}, 'city': 'Whanganui', 'state': 'Northland', 'country': 'New Zealand', 'postcode': 54394, 'coordinates': {'latitude': '52.5647', 'longitude': '-112.3023'}, 'timezone': {'offset': '+1:00', 'description': 'Brussels, Copenhagen, Madrid, Paris'}}, 'email': 'felix.thomas@example.com', 'login': {'uuid': '5b7b4f87-e249-4dae-bafd-ca1bdfeffad2', 'username': 'yellowsnake794', 'password': 'pass1234', 'salt': '3irL1N4C', 'md5': 'b83fd4fa3d65dc836ff19f02e18a0c83', 'sha1': '520ecff2a1b135e7800d88e8a63d02a7ac2faf63', 'sha256': '79d9974f8a96864a0e4b441fc88cb8bbe34cf215266fcbfdcc6c97cefc88cb54'}, 'dob': {'date': '1981-07-30T13:41:51.849Z', 'age': 42}, 'registered': {'date': '2004-06-24T20:55:10.122Z', 'age': 19}, 'phone': '(899)-996-8199', 'cell': '(692)-153-0298', 'id': {'name': '', 'value': None}, 'picture': {'large': 'https://randomuser.me/api/portraits/men/69.jpg', 'medium': 'https://randomuser.me/api/portraits/med/men/69.jpg', 'thumbnail': 'https://randomuser.me/api/portraits/thumb/men/69.jpg'}, 'nat': 'NZ'}</msg>
<arg>${json_data['results'][0]}</arg>
<doc>Logs the given message with the given level.</doc>
<status status="PASS" start="2024-05-17T07:13:47.584421" elapsed="0.000411"/>
</kw>
<kw name="Log" owner="BuiltIn">
<msg time="2024-05-17T07:13:47.585253" level="INFO">login</msg>
<arg>${key}</arg>
<doc>Logs the given message with the given level.</doc>
<status status="PASS" start="2024-05-17T07:13:47.585126" elapsed="0.000164"/>
</kw>
<var name="${key}">login</var>
<status status="PASS" start="2024-05-17T07:13:47.583605" elapsed="0.001965"/>
</iter>
<var>${key}</var>
<value>@{expected_keys}</value>
<status status="PASS" start="2024-05-17T07:13:47.574995" elapsed="0.010704"/>
</for>
<kw name="Create List" owner="BuiltIn">
<msg time="2024-05-17T07:13:47.586027" level="INFO">${expected_keysTwo} = ['username', 'password']</msg>
<var>${expected_keysTwo}</var>
<arg>username</arg>
<arg>password</arg>
<doc>Returns a list containing given items.</doc>
<status status="PASS" start="2024-05-17T07:13:47.585890" elapsed="0.000160"/>
</kw>
<for flavor="IN">
<iter>
<kw name="Dictionary Should Contain Key" owner="Collections">
<msg time="2024-05-17T07:13:47.586936" level="INFO">False</msg>
<arg>${json_data['results'][0]['login']}</arg>
<arg>${keyTwo}</arg>
<doc>Fails if ``key`` is not found from ``dictionary``.</doc>
<status status="PASS" start="2024-05-17T07:13:47.586556" elapsed="0.000417"/>
</kw>
<kw name="Dictionary Should Contain Key" owner="Collections">
<msg time="2024-05-17T07:13:47.587657" level="INFO">False</msg>
<arg>${json_data['results'][0]['login']}</arg>
<arg>${keyTwo}</arg>
<doc>Fails if ``key`` is not found from ``dictionary``.</doc>
<status status="PASS" start="2024-05-17T07:13:47.587268" elapsed="0.000427"/>
</kw>
<kw name="Log" owner="BuiltIn">
<msg time="2024-05-17T07:13:47.588126" level="INFO">username</msg>
<arg>${keyTwo}</arg>
<doc>Logs the given message with the given level.</doc>
<status status="PASS" start="2024-05-17T07:13:47.588000" elapsed="0.000168"/>
</kw>
<var name="${keyTwo}">username</var>
<status status="PASS" start="2024-05-17T07:13:47.586446" elapsed="0.001936"/>
</iter>
<iter>
<kw name="Dictionary Should Contain Key" owner="Collections">
<msg time="2024-05-17T07:13:47.589129" level="INFO">False</msg>
<arg>${json_data['results'][0]['login']}</arg>
<arg>${keyTwo}</arg>
<doc>Fails if ``key`` is not found from ``dictionary``.</doc>
<status status="PASS" start="2024-05-17T07:13:47.588666" elapsed="0.000506"/>
</kw>
<kw name="Dictionary Should Contain Key" owner="Collections">
<msg time="2024-05-17T07:13:47.589886" level="INFO">False</msg>
<arg>${json_data['results'][0]['login']}</arg>
<arg>${keyTwo}</arg>
<doc>Fails if ``key`` is not found from ``dictionary``.</doc>
<status status="PASS" start="2024-05-17T07:13:47.589496" elapsed="0.000426"/>
</kw>
<kw name="Log" owner="BuiltIn">
<msg time="2024-05-17T07:13:47.590343" level="INFO">password</msg>
<arg>${keyTwo}</arg>
<doc>Logs the given message with the given level.</doc>
<status status="PASS" start="2024-05-17T07:13:47.590216" elapsed="0.000163"/>
</kw>
<var name="${keyTwo}">password</var>
<status status="PASS" start="2024-05-17T07:13:47.588552" elapsed="0.002043"/>
</iter>
<var>${keyTwo}</var>
<value>@{expected_keysTwo}</value>
<status status="PASS" start="2024-05-17T07:13:47.586288" elapsed="0.004427"/>
</for>
<status status="PASS" start="2024-05-17T07:13:47.480559" elapsed="0.110292"/>
</kw>
<doc>Testa a estrutura da resposta da API.</doc>
<tag>testeEstruturaResposta</tag>
<status status="PASS" start="2024-05-17T07:13:47.479971" elapsed="0.111032"/>
</test>
<test id="s1-s1-t4" name="Validar tipos de dados" line="28">
<kw name="Teste de Tipos de Dados" owner="random-user-service">
<kw name="GET On Session" owner="RequestsLibrary">
<msg time="2024-05-17T07:13:47.684590" level="INFO">GET Request : url=https://randomuser.me/api 
 path_url=/api 
 headers={'User-Agent': 'python-requests/2.31.0', 'Accept-Encoding': 'gzip, deflate', 'Accept': '*/*', 'Connection': 'keep-alive'} 
 body=None 
 </msg>
<msg time="2024-05-17T07:13:47.684656" level="INFO">GET Response : url=https://randomuser.me/api 
 status=200, reason=OK 
 headers={'Date': 'Fri, 17 May 2024 07:13:47 GMT', 'Content-Type': 'application/json; charset=utf-8', 'Transfer-Encoding': 'chunked', 'Connection': 'keep-alive', 'X-Powered-By': 'Express', 'Access-Control-Allow-Origin': '*', 'Cache-Control': 'no-cache', 'ETag': 'W/"4a7-cHRuE2x542ZeMSqThGOIZLX/NcY"', 'Vary': 'Accept-Encoding', 'Content-Encoding': 'gzip', 'CF-Cache-Status': 'DYNAMIC', 'Report-To': '{"endpoints":[{"url":"https:\\/\\/a.nel.cloudflare.com\\/report\\/v4?s=V6pUmV24ra%2BRFwQkKNsJwA0Gd0p%2Fl%2FP30DL0fZXe%2Fv%2FkLshoXWJXwj%2BpIrcvSU2pg5MsZ6RhHKLr5%2BZyWg1EfdfXL29UfAAjOYwAxdnCLIaJItISeKfN8gib1uk%2Fi5fg"}],"group":"cf-nel","max_age":604800}', 'NEL': '{"success_fraction":0,"report_to":"cf-nel","max_age":604800}', 'Server': 'cloudflare', 'CF-RAY': '8851ce908d409e62-SJC', 'alt-svc': 'h3=":443"; ma=86400'} 
 body={"results":[{"gender":"female","name":{"title":"Mademoiselle","first":"Magali","last":"Lemoine"},"location":{"street":{"number":9819,"name":"Rue Pierre-Delore"},"city":"Obersteckholz","state":"Aargau","country":"Switzerland","postcode":7257,"coordinates":{"latitude":"-61.9445","longitude":"56.8537"},"timezone":{"offset":"+6:00","description":"Almaty, Dhaka, Colombo"}},"email":"magali.lemoine@example.com","login":{"uuid":"984cffa0-f284-4b79-bada-1f3a32b4ec3d","username":"purplebutterfly984","password":"susie","salt":"iHsUBMmO","md5":"4c2d6987dcf16b247b0de64ad4903e29","sha1":"263121e661ea2f5b5a15474037bb555fb1ee5a6a","sha256":"1245cb85d31fff69e09da77209d6c2f771dca54ac267c8ab3ba11fe110b8fff4"},"dob":{"date":"1958-07-26T09:31:39.032Z","age":65},"registered":{"date":"2015-12-28T13:12:34.887Z","age":8},"phone":"076 872 82 29","cell":"077 796 96 38","id":{"name":"AVS","value":"756.7923.0831.09"},"picture":{"large":"https://randomuser.me/api/portraits/women/21.jpg","medium":"https://randomuser.me/api/portraits/med/women/21.jpg","thumbnail":"https://randomuser.me/api/portraits/thumb/women/21.jpg"},"nat":"CH"}],"info":{"seed":"74d9f4dbeac2db7d","results":1,"page":1,"version":"1.4"}} 
 </msg>
<msg time="2024-05-17T07:13:47.684714" level="INFO">/opt/hostedtoolcache/Python/3.12.3/x64/lib/python3.12/site-packages/urllib3/connectionpool.py:1103: InsecureRequestWarning: Unverified HTTPS request is being made to host 'randomuser.me'. Adding certificate verification is strongly advised. See: https://urllib3.readthedocs.io/en/latest/advanced-usage.html#tls-warnings
  warnings.warn(</msg>
<msg time="2024-05-17T07:13:47.684800" level="INFO">${response} = &lt;Response [200]&gt;</msg>
<var>${response}</var>
<arg>consultarAPI</arg>
<arg>/api</arg>
<doc>Sends a GET request on a previously created HTTP Session.</doc>
<status status="PASS" start="2024-05-17T07:13:47.593385" elapsed="0.091440"/>
</kw>
<kw name="Set Variable" owner="BuiltIn">
<msg time="2024-05-17T07:13:47.685695" level="INFO">${json_data} = {'results': [{'gender': 'female', 'name': {'title': 'Mademoiselle', 'first': 'Magali', 'last': 'Lemoine'}, 'location': {'street': {'number': 9819, 'name': 'Rue Pierre-Delore'}, 'city': 'Obersteckholz'...</msg>
<var>${json_data}</var>
<arg>${response.json()}</arg>
<doc>Returns the given values which can then be assigned to a variables.</doc>
<status status="PASS" start="2024-05-17T07:13:47.685218" elapsed="0.000506"/>
</kw>
<kw name="Log" owner="BuiltIn">
<msg time="2024-05-17T07:13:47.686181" level="INFO">{'results': [{'gender': 'female', 'name': {'title': 'Mademoiselle', 'first': 'Magali', 'last': 'Lemoine'}, 'location': {'street': {'number': 9819, 'name': 'Rue Pierre-Delore'}, 'city': 'Obersteckholz', 'state': 'Aargau', 'country': 'Switzerland', 'postcode': 7257, 'coordinates': {'latitude': '-61.9445', 'longitude': '56.8537'}, 'timezone': {'offset': '+6:00', 'description': 'Almaty, Dhaka, Colombo'}}, 'email': 'magali.lemoine@example.com', 'login': {'uuid': '984cffa0-f284-4b79-bada-1f3a32b4ec3d', 'username': 'purplebutterfly984', 'password': 'susie', 'salt': 'iHsUBMmO', 'md5': '4c2d6987dcf16b247b0de64ad4903e29', 'sha1': '263121e661ea2f5b5a15474037bb555fb1ee5a6a', 'sha256': '1245cb85d31fff69e09da77209d6c2f771dca54ac267c8ab3ba11fe110b8fff4'}, 'dob': {'date': '1958-07-26T09:31:39.032Z', 'age': 65}, 'registered': {'date': '2015-12-28T13:12:34.887Z', 'age': 8}, 'phone': '076 872 82 29', 'cell': '077 796 96 38', 'id': {'name': 'AVS', 'value': '756.7923.0831.09'}, 'picture': {'large': 'https://randomuser.me/api/portraits/women/21.jpg', 'medium': 'https://randomuser.me/api/portraits/med/women/21.jpg', 'thumbnail': 'https://randomuser.me/api/portraits/thumb/women/21.jpg'}, 'nat': 'CH'}], 'info': {'seed': '74d9f4dbeac2db7d', 'results': 1, 'page': 1, 'version': '1.4'}}</msg>
<arg>${json_data}</arg>
<doc>Logs the given message with the given level.</doc>
<status status="PASS" start="2024-05-17T07:13:47.686032" elapsed="0.000231"/>
</kw>
<kw name="Should Be String" owner="String">
<arg>${json_data['results'][0]['gender']}</arg>
<doc>Fails if the given ``item`` is not a string.</doc>
<status status="PASS" start="2024-05-17T07:13:47.686562" elapsed="0.000368"/>
</kw>
<kw name="Should Match Regexp" owner="BuiltIn">
<arg>${json_data['results'][0]['email']}</arg>
<arg>^[a-zA-Z0-9._%+-]+@[a-zA-Z0-9.-]+\.[a-zA-Z]{2,}$</arg>
<doc>Fails if ``string`` does not match ``pattern`` as a regular expression.</doc>
<status status="PASS" start="2024-05-17T07:13:47.687122" elapsed="0.000503"/>
</kw>
<kw name="Should Match Regexp" owner="BuiltIn">
<arg>${json_data['results'][0]['dob']['date']}</arg>
<arg>\\d{4}-\\d{2}-\\d{2}T\\d{2}:\\d{2}:\\d{2}\\.\\d{3}Z</arg>
<doc>Fails if ``string`` does not match ``pattern`` as a regular expression.</doc>
<status status="PASS" start="2024-05-17T07:13:47.687817" elapsed="0.000492"/>
</kw>
<kw name="Should Match Regexp" owner="BuiltIn">
<arg>${json_data['results'][0]['registered']['date']}</arg>
<arg>\\d{4}-\\d{2}-\\d{2}T\\d{2}:\\d{2}:\\d{2}\\.\\d{3}Z</arg>
<doc>Fails if ``string`` does not match ``pattern`` as a regular expression.</doc>
<status status="PASS" start="2024-05-17T07:13:47.688504" elapsed="0.000372"/>
</kw>
<kw name="Should Match Regexp" owner="BuiltIn">
<arg>${json_data['results'][0]['picture']['large']}</arg>
<arg>^https?://.*\.(?:png|jpe?g|gif|bmp)$</arg>
<doc>Fails if ``string`` does not match ``pattern`` as a regular expression.</doc>
<status status="PASS" start="2024-05-17T07:13:47.689070" elapsed="0.000512"/>
</kw>
<kw name="Should Match Regexp" owner="BuiltIn">
<arg>${json_data['results'][0]['picture']['medium']}</arg>
<arg>^https?://.*\.(?:png|jpe?g|gif|bmp)$</arg>
<doc>Fails if ``string`` does not match ``pattern`` as a regular expression.</doc>
<status status="PASS" start="2024-05-17T07:13:47.689777" elapsed="0.000355"/>
</kw>
<kw name="Should Match Regexp" owner="BuiltIn">
<arg>${json_data['results'][0]['picture']['thumbnail']}</arg>
<arg>^https?://.*\.(?:png|jpe?g|gif|bmp)$</arg>
<doc>Fails if ``string`` does not match ``pattern`` as a regular expression.</doc>
<status status="PASS" start="2024-05-17T07:13:47.690324" elapsed="0.000349"/>
</kw>
<kw name="Log" owner="BuiltIn">
<msg time="2024-05-17T07:13:47.691178" level="INFO">{'large': 'https://randomuser.me/api/portraits/women/21.jpg', 'medium': 'https://randomuser.me/api/portraits/med/women/21.jpg', 'thumbnail': 'https://randomuser.me/api/portraits/thumb/women/21.jpg'}</msg>
<arg>${json_data['results'][0]['picture']}</arg>
<doc>Logs the given message with the given level.</doc>
<status status="PASS" start="2024-05-17T07:13:47.690855" elapsed="0.000368"/>
</kw>
<status status="PASS" start="2024-05-17T07:13:47.593163" elapsed="0.098311"/>
</kw>
<kw name="Teste de Tipos de Dados - Postcode" owner="random-user-service">
<kw name="GET On Session" owner="RequestsLibrary">
<msg time="2024-05-17T07:13:47.782208" level="INFO">GET Request : url=https://randomuser.me/api 
 path_url=/api 
 headers={'User-Agent': 'python-requests/2.31.0', 'Accept-Encoding': 'gzip, deflate', 'Accept': '*/*', 'Connection': 'keep-alive'} 
 body=None 
 </msg>
<msg time="2024-05-17T07:13:47.782292" level="INFO">GET Response : url=https://randomuser.me/api 
 status=200, reason=OK 
 headers={'Date': 'Fri, 17 May 2024 07:13:47 GMT', 'Content-Type': 'application/json; charset=utf-8', 'Transfer-Encoding': 'chunked', 'Connection': 'keep-alive', 'X-Powered-By': 'Express', 'Access-Control-Allow-Origin': '*', 'Cache-Control': 'no-cache', 'ETag': 'W/"48f-akpjtqiGDd5Aa1/7RADw7cNHQ6Q"', 'Vary': 'Accept-Encoding', 'Content-Encoding': 'gzip', 'CF-Cache-Status': 'DYNAMIC', 'Report-To': '{"endpoints":[{"url":"https:\\/\\/a.nel.cloudflare.com\\/report\\/v4?s=1qR7Ro6hyCCJVqt20qgpMHgAGGp6hIMNrlgMFaIt2xBCMMI2tqMyhqi52YHpHu3c%2FwGCD5qHK0Cde%2FyOmEyqZFQUT2WFXbvmiK1M4FASA79NVDom5%2B1vB9W4uW%2FURBC4"}],"group":"cf-nel","max_age":604800}', 'NEL': '{"success_fraction":0,"report_to":"cf-nel","max_age":604800}', 'Server': 'cloudflare', 'CF-RAY': '8851ce911da69e62-SJC', 'alt-svc': 'h3=":443"; ma=86400'} 
 body={"results":[{"gender":"male","name":{"title":"Mr","first":"Carlos","last":"Wade"},"location":{"street":{"number":8017,"name":"Hillcrest Rd"},"city":"Desoto","state":"Louisiana","country":"United States","postcode":79558,"coordinates":{"latitude":"86.4328","longitude":"-60.1186"},"timezone":{"offset":"+5:30","description":"Bombay, Calcutta, Madras, New Delhi"}},"email":"carlos.wade@example.com","login":{"uuid":"2ebc535c-adf7-458c-93aa-81ef7c022236","username":"redostrich567","password":"chilli","salt":"N18CwFVg","md5":"8026cbbe87394d70a525094ecef9e0d2","sha1":"51b865f9a15642cdfcdc8f9a4c8bcff2784c3609","sha256":"05879231aa8a63114e3ca8cabe630315fdecc1edcf8e21040af9b90eb9d1e649"},"dob":{"date":"1949-02-22T22:55:09.801Z","age":75},"registered":{"date":"2021-01-06T02:44:01.370Z","age":3},"phone":"(570) 311-2362","cell":"(205) 825-9535","id":{"name":"SSN","value":"195-51-7162"},"picture":{"large":"https://randomuser.me/api/portraits/men/96.jpg","medium":"https://randomuser.me/api/portraits/med/men/96.jpg","thumbnail":"https://randomuser.me/api/portraits/thumb/men/96.jpg"},"nat":"US"}],"info":{"seed":"71b5cecd90da72f8","results":1,"page":1,"version":"1.4"}} 
 </msg>
<msg time="2024-05-17T07:13:47.782366" level="INFO">/opt/hostedtoolcache/Python/3.12.3/x64/lib/python3.12/site-packages/urllib3/connectionpool.py:1103: InsecureRequestWarning: Unverified HTTPS request is being made to host 'randomuser.me'. Adding certificate verification is strongly advised. See: https://urllib3.readthedocs.io/en/latest/advanced-usage.html#tls-warnings
  warnings.warn(</msg>
<msg time="2024-05-17T07:13:47.782485" level="INFO">${response} = &lt;Response [200]&gt;</msg>
<var>${response}</var>
<arg>consultarAPI</arg>
<arg>/api</arg>
<doc>Sends a GET request on a previously created HTTP Session.</doc>
<status status="PASS" start="2024-05-17T07:13:47.691908" elapsed="0.090632"/>
</kw>
<kw name="Set Variable" owner="BuiltIn">
<msg time="2024-05-17T07:13:47.783633" level="INFO">${json_data} = {'results': [{'gender': 'male', 'name': {'title': 'Mr', 'first': 'Carlos', 'last': 'Wade'}, 'location': {'street': {'number': 8017, 'name': 'Hillcrest Rd'}, 'city': 'Desoto', 'state': 'Louisiana', 'co...</msg>
<var>${json_data}</var>
<arg>${response.json()}</arg>
<doc>Returns the given values which can then be assigned to a variables.</doc>
<status status="PASS" start="2024-05-17T07:13:47.783041" elapsed="0.000621"/>
</kw>
<kw name="Log" owner="BuiltIn">
<msg time="2024-05-17T07:13:47.784121" level="INFO">{'results': [{'gender': 'male', 'name': {'title': 'Mr', 'first': 'Carlos', 'last': 'Wade'}, 'location': {'street': {'number': 8017, 'name': 'Hillcrest Rd'}, 'city': 'Desoto', 'state': 'Louisiana', 'country': 'United States', 'postcode': 79558, 'coordinates': {'latitude': '86.4328', 'longitude': '-60.1186'}, 'timezone': {'offset': '+5:30', 'description': 'Bombay, Calcutta, Madras, New Delhi'}}, 'email': 'carlos.wade@example.com', 'login': {'uuid': '2ebc535c-adf7-458c-93aa-81ef7c022236', 'username': 'redostrich567', 'password': 'chilli', 'salt': 'N18CwFVg', 'md5': '8026cbbe87394d70a525094ecef9e0d2', 'sha1': '51b865f9a15642cdfcdc8f9a4c8bcff2784c3609', 'sha256': '05879231aa8a63114e3ca8cabe630315fdecc1edcf8e21040af9b90eb9d1e649'}, 'dob': {'date': '1949-02-22T22:55:09.801Z', 'age': 75}, 'registered': {'date': '2021-01-06T02:44:01.370Z', 'age': 3}, 'phone': '(570) 311-2362', 'cell': '(205) 825-9535', 'id': {'name': 'SSN', 'value': '195-51-7162'}, 'picture': {'large': 'https://randomuser.me/api/portraits/men/96.jpg', 'medium': 'https://randomuser.me/api/portraits/med/men/96.jpg', 'thumbnail': 'https://randomuser.me/api/portraits/thumb/men/96.jpg'}, 'nat': 'US'}], 'info': {'seed': '71b5cecd90da72f8', 'results': 1, 'page': 1, 'version': '1.4'}}</msg>
<arg>${json_data}</arg>
<doc>Logs the given message with the given level.</doc>
<status status="PASS" start="2024-05-17T07:13:47.783969" elapsed="0.000229"/>
</kw>
<kw name="Should Be Equal As Numbers" owner="BuiltIn">
<arg>${json_data['results'][0]['location']['postcode']}</arg>
<arg>${json_data['results'][0]['location']['postcode']}</arg>
<doc>Fails if objects are unequal after converting them to real numbers.</doc>
<status status="PASS" start="2024-05-17T07:13:47.784622" elapsed="0.000619"/>
</kw>
<kw name="Log" owner="BuiltIn">
<msg time="2024-05-17T07:13:47.785825" level="INFO">79558</msg>
<arg>${json_data['results'][0]['location']['postcode']}</arg>
<doc>Logs the given message with the given level.</doc>
<status status="PASS" start="2024-05-17T07:13:47.785467" elapsed="0.000399"/>
</kw>
<status status="PASS" start="2024-05-17T07:13:47.691688" elapsed="0.094430"/>
</kw>
<doc>Testa se os tipos de dados na resposta da API estão corretos.</doc>
<tag>testeTiposDados</tag>
<status status="PASS" start="2024-05-17T07:13:47.592718" elapsed="0.193560"/>
</test>
<test id="s1-s1-t5" name="Validar conteudo" line="35">
<kw name="Teste de Tipos de Conteudo" owner="random-user-service">
<kw name="GET On Session" owner="RequestsLibrary">
<msg time="2024-05-17T07:13:47.884298" level="INFO">GET Request : url=https://randomuser.me/api 
 path_url=/api 
 headers={'User-Agent': 'python-requests/2.31.0', 'Accept-Encoding': 'gzip, deflate', 'Accept': '*/*', 'Connection': 'keep-alive'} 
 body=None 
 </msg>
<msg time="2024-05-17T07:13:47.884382" level="INFO">GET Response : url=https://randomuser.me/api 
 status=200, reason=OK 
 headers={'Date': 'Fri, 17 May 2024 07:13:47 GMT', 'Content-Type': 'application/json; charset=utf-8', 'Transfer-Encoding': 'chunked', 'Connection': 'keep-alive', 'X-Powered-By': 'Express', 'Access-Control-Allow-Origin': '*', 'Cache-Control': 'no-cache', 'ETag': 'W/"495-8iyFsVBvkSBx7Jp5ml4xPNp72CI"', 'Vary': 'Accept-Encoding', 'Content-Encoding': 'gzip', 'CF-Cache-Status': 'DYNAMIC', 'Report-To': '{"endpoints":[{"url":"https:\\/\\/a.nel.cloudflare.com\\/report\\/v4?s=ozSvrGDNCDkPapw60vTsBjzq%2BpxV1nq72sSr7JX9LI5gYU40SDLV4IW1FgR%2FUZEogTqCYrDXOi610Cw2t1NEs7hUr8aYvwGi%2FYdo1IuAoxzbG9hXFIcJyJGohgFiSI%2BA"}],"group":"cf-nel","max_age":604800}', 'NEL': '{"success_fraction":0,"report_to":"cf-nel","max_age":604800}', 'Server': 'cloudflare', 'CF-RAY': '8851ce91be1c9e62-SJC', 'alt-svc': 'h3=":443"; ma=86400'} 
 body={"results":[{"gender":"female","name":{"title":"Ms","first":"Geruza","last":"Castro"},"location":{"street":{"number":1591,"name":"Rua Duque de Caxias "},"city":"Santa Maria","state":"Pernambuco","country":"Brazil","postcode":30178,"coordinates":{"latitude":"-73.6796","longitude":"27.8054"},"timezone":{"offset":"-12:00","description":"Eniwetok, Kwajalein"}},"email":"geruza.castro@example.com","login":{"uuid":"52f025c9-3dfa-4c14-b77b-e4b53c2805dd","username":"sadwolf336","password":"history","salt":"18OUeqEB","md5":"d78598fefe5dec9eeea4e3c1224ee03c","sha1":"1013788eb921ff7422d187a6f38564edcbf8dec2","sha256":"f8690adf2dc632def03eb75a8eaaf5a64895d2f9b23d0c1f019a5d898dbcbf52"},"dob":{"date":"1985-07-09T14:13:42.365Z","age":38},"registered":{"date":"2009-08-01T14:13:47.714Z","age":14},"phone":"(71) 5038-8989","cell":"(96) 4368-0961","id":{"name":"CPF","value":"706.491.479-74"},"picture":{"large":"https://randomuser.me/api/portraits/women/23.jpg","medium":"https://randomuser.me/api/portraits/med/women/23.jpg","thumbnail":"https://randomuser.me/api/portraits/thumb/women/23.jpg"},"nat":"BR"}],"info":{"seed":"527056be0d7837b2","results":1,"page":1,"version":"1.4"}} 
 </msg>
<msg time="2024-05-17T07:13:47.884454" level="INFO">/opt/hostedtoolcache/Python/3.12.3/x64/lib/python3.12/site-packages/urllib3/connectionpool.py:1103: InsecureRequestWarning: Unverified HTTPS request is being made to host 'randomuser.me'. Adding certificate verification is strongly advised. See: https://urllib3.readthedocs.io/en/latest/advanced-usage.html#tls-warnings
  warnings.warn(</msg>
<msg time="2024-05-17T07:13:47.884591" level="INFO">${response} = &lt;Response [200]&gt;</msg>
<var>${response}</var>
<arg>consultarAPI</arg>
<arg>/api</arg>
<doc>Sends a GET request on a previously created HTTP Session.</doc>
<status status="PASS" start="2024-05-17T07:13:47.788735" elapsed="0.095912"/>
</kw>
<kw name="Set Variable" owner="BuiltIn">
<msg time="2024-05-17T07:13:47.885724" level="INFO">${json_data} = {'results': [{'gender': 'female', 'name': {'title': 'Ms', 'first': 'Geruza', 'last': 'Castro'}, 'location': {'street': {'number': 1591, 'name': 'Rua Duque de Caxias '}, 'city': 'Santa Maria', 'state':...</msg>
<var>${json_data}</var>
<arg>${response.json()}</arg>
<doc>Returns the given values which can then be assigned to a variables.</doc>
<status status="PASS" start="2024-05-17T07:13:47.885155" elapsed="0.000598"/>
</kw>
<kw name="Set Variable" owner="BuiltIn">
<msg time="2024-05-17T07:13:47.886441" level="INFO">${name_title} = Ms</msg>
<var>${name_title}</var>
<arg>${json_data["results"][0]["name"]["title"]}</arg>
<doc>Returns the given values which can then be assigned to a variables.</doc>
<status status="PASS" start="2024-05-17T07:13:47.886060" elapsed="0.000407"/>
</kw>
<kw name="Create List" owner="BuiltIn">
<msg time="2024-05-17T07:13:47.886918" level="INFO">${allowed_titles} = ['Mr', 'Ms', 'Miss', 'Mrs', 'Madame', 'Monsieur']</msg>
<var>${allowed_titles}</var>
<arg>Mr</arg>
<arg>Ms</arg>
<arg>Miss</arg>
<arg>Mrs</arg>
<arg>Madame</arg>
<arg>Monsieur</arg>
<doc>Returns a list containing given items.</doc>
<status status="PASS" start="2024-05-17T07:13:47.886769" elapsed="0.000174"/>
</kw>
<kw name="List Should Contain Value" owner="Collections">
<msg time="2024-05-17T07:13:47.887413" level="INFO">False</msg>
<arg>${allowed_titles}</arg>
<arg>${name_title}</arg>
<doc>Fails if the ``value`` is not found from ``list``.</doc>
<status status="PASS" start="2024-05-17T07:13:47.887243" elapsed="0.000206"/>
</kw>
<kw name="Set Variable" owner="BuiltIn">
<msg time="2024-05-17T07:13:47.888123" level="INFO">${name_country} = BR</msg>
<var>${name_country}</var>
<arg>${json_data["results"][0]["nat"]}</arg>
<doc>Returns the given values which can then be assigned to a variables.</doc>
<status status="PASS" start="2024-05-17T07:13:47.887742" elapsed="0.000407"/>
</kw>
<kw name="Create List" owner="BuiltIn">
<msg time="2024-05-17T07:13:47.889045" level="INFO">${list_country} = ['AD', 'AE', 'AF', 'AG', 'AI', 'AL', 'AM', 'AO', 'AQ', 'AR', 'AS', 'AT', 'AU', 'AW', 'AX', 'AZ', 'BA', 'BB', 'BD', 'BE', 'BF', 'BG', 'BH', 'BI', 'BJ', 'BL', 'BM', 'BN', 'BO', 'BQ', 'BR', 'BS', 'BT', '...</msg>
<var>${list_country}</var>
<arg>AD</arg>
<arg>AE</arg>
<arg>AF</arg>
<arg>AG</arg>
<arg>AI</arg>
<arg>AL</arg>
<arg>AM</arg>
<arg>AO</arg>
<arg>AQ</arg>
<arg>AR</arg>
<arg>AS</arg>
<arg>AT</arg>
<arg>AU</arg>
<arg>AW</arg>
<arg>AX</arg>
<arg>AZ</arg>
<arg>BA</arg>
<arg>BB</arg>
<arg>BD</arg>
<arg>BE</arg>
<arg>BF</arg>
<arg>BG</arg>
<arg>BH</arg>
<arg>BI</arg>
<arg>BJ</arg>
<arg>BL</arg>
<arg>BM</arg>
<arg>BN</arg>
<arg>BO</arg>
<arg>BQ</arg>
<arg>BR</arg>
<arg>BS</arg>
<arg>BT</arg>
<arg>BV</arg>
<arg>BW</arg>
<arg>BY</arg>
<arg>BZ</arg>
<arg>CA</arg>
<arg>CC</arg>
<arg>CD</arg>
<arg>CF</arg>
<arg>CG</arg>
<arg>CH</arg>
<arg>CI</arg>
<arg>CK</arg>
<arg>CL</arg>
<arg>CM</arg>
<arg>CN</arg>
<arg>CO</arg>
<arg>CR</arg>
<arg>CU</arg>
<arg>CV</arg>
<arg>CW</arg>
<arg>CX</arg>
<arg>CY</arg>
<arg>CZ</arg>
<arg>DE</arg>
<arg>DJ</arg>
<arg>DK</arg>
<arg>DM</arg>
<arg>DO</arg>
<arg>DZ</arg>
<arg>EC</arg>
<arg>EE</arg>
<arg>EG</arg>
<arg>EH</arg>
<arg>ER</arg>
<arg>ES</arg>
<arg>ET</arg>
<arg>FI</arg>
<arg>FJ</arg>
<arg>FK</arg>
<arg>FM</arg>
<arg>FO</arg>
<arg>FR</arg>
<arg>GA</arg>
<arg>GB</arg>
<arg>GD</arg>
<arg>GE</arg>
<arg>GF</arg>
<arg>GG</arg>
<arg>GH</arg>
<arg>GI</arg>
<arg>GL</arg>
<arg>GM</arg>
<arg>GN</arg>
<arg>GP</arg>
<arg>GQ</arg>
<arg>GR</arg>
<arg>GS</arg>
<arg>GT</arg>
<arg>GU</arg>
<arg>GW</arg>
<arg>GY</arg>
<arg>HK</arg>
<arg>HM</arg>
<arg>HN</arg>
<arg>HR</arg>
<arg>HT</arg>
<arg>HU</arg>
<arg>ID</arg>
<arg>IE</arg>
<arg>IL</arg>
<arg>IM</arg>
<arg>IN</arg>
<arg>IO</arg>
<arg>IQ</arg>
<arg>IR</arg>
<arg>IS</arg>
<arg>IT</arg>
<arg>JE</arg>
<arg>JM</arg>
<arg>JO</arg>
<arg>JP</arg>
<arg>KE</arg>
<arg>KG</arg>
<arg>KH</arg>
<arg>KI</arg>
<arg>KM</arg>
<arg>KN</arg>
<arg>KP</arg>
<arg>KR</arg>
<arg>KW</arg>
<arg>KY</arg>
<arg>KZ</arg>
<arg>LA</arg>
<arg>LB</arg>
<arg>LC</arg>
<arg>LI</arg>
<arg>LK</arg>
<arg>LR</arg>
<arg>LS</arg>
<arg>LT</arg>
<arg>LU</arg>
<arg>LV</arg>
<arg>LY</arg>
<arg>MA</arg>
<arg>MC</arg>
<arg>MD</arg>
<arg>ME</arg>
<arg>MF</arg>
<arg>MG</arg>
<arg>MH</arg>
<arg>MK</arg>
<arg>ML</arg>
<arg>MM</arg>
<arg>MN</arg>
<arg>MO</arg>
<arg>MP</arg>
<arg>MQ</arg>
<arg>MR</arg>
<arg>MS</arg>
<arg>MT</arg>
<arg>MU</arg>
<arg>MV</arg>
<arg>MW</arg>
<arg>MX</arg>
<arg>MY</arg>
<arg>MZ</arg>
<arg>NA</arg>
<arg>NC</arg>
<arg>NE</arg>
<arg>NF</arg>
<arg>NG</arg>
<arg>NI</arg>
<arg>NL</arg>
<arg>NO</arg>
<arg>NP</arg>
<arg>NR</arg>
<arg>NU</arg>
<arg>NZ</arg>
<arg>OM</arg>
<arg>PA</arg>
<arg>PE</arg>
<arg>PF</arg>
<arg>PG</arg>
<arg>PH</arg>
<arg>PK</arg>
<arg>PL</arg>
<arg>PM</arg>
<arg>PN</arg>
<arg>PR</arg>
<arg>PS</arg>
<arg>PT</arg>
<arg>PW</arg>
<arg>PY</arg>
<arg>QA</arg>
<arg>RE</arg>
<arg>RO</arg>
<arg>RS</arg>
<arg>RU</arg>
<arg>RW</arg>
<arg>SA</arg>
<arg>SB</arg>
<arg>SC</arg>
<arg>SD</arg>
<arg>SE</arg>
<arg>SG</arg>
<arg>SH</arg>
<arg>SI</arg>
<arg>SJ</arg>
<arg>SK</arg>
<arg>SL</arg>
<arg>SM</arg>
<arg>SN</arg>
<arg>SO</arg>
<arg>SR</arg>
<arg>SS</arg>
<arg>ST</arg>
<arg>SV</arg>
<arg>SX</arg>
<arg>SY</arg>
<arg>SZ</arg>
<arg>TC</arg>
<arg>TD</arg>
<arg>TF</arg>
<arg>TG</arg>
<arg>TH</arg>
<arg>TJ</arg>
<arg>TK</arg>
<arg>TL</arg>
<arg>TM</arg>
<arg>TN</arg>
<arg>TO</arg>
<arg>TR</arg>
<arg>TT</arg>
<arg>TV</arg>
<arg>TW</arg>
<arg>TZ</arg>
<arg>UA</arg>
<arg>UG</arg>
<arg>UM</arg>
<arg>US</arg>
<arg>UY</arg>
<arg>UZ</arg>
<arg>VA</arg>
<arg>VC</arg>
<arg>VE</arg>
<arg>VG</arg>
<arg>VI</arg>
<arg>VN</arg>
<arg>VU</arg>
<arg>WF</arg>
<arg>WS</arg>
<arg>XK</arg>
<arg>YE</arg>
<arg>YT</arg>
<arg>ZA</arg>
<arg>ZM</arg>
<arg>ZW</arg>
<doc>Returns a list containing given items.</doc>
<status status="PASS" start="2024-05-17T07:13:47.888454" elapsed="0.000616"/>
</kw>
<kw name="List Should Contain Value" owner="Collections">
<msg time="2024-05-17T07:13:47.890074" level="INFO">False</msg>
<arg>${list_country}</arg>
<arg>${name_country}</arg>
<doc>Fails if the ``value`` is not found from ``list``.</doc>
<status status="PASS" start="2024-05-17T07:13:47.889874" elapsed="0.000236"/>
</kw>
<kw name="Run Keyword If" owner="BuiltIn">
<kw name="Should Be True" owner="BuiltIn">
<arg>${True}</arg>
<doc>Fails if the given condition is not true.</doc>
<status status="PASS" start="2024-05-17T07:13:47.891161" elapsed="0.000249"/>
</kw>
<arg>${json_data["results"][0]["location"]["coordinates"]["latitude"]} &gt;= -90 and ${json_data["results"][0]["location"]["coordinates"]["latitude"]} &lt;= 90</arg>
<arg>Should Be True</arg>
<arg>${True}</arg>
<doc>Runs the given keyword with the given arguments, if ``condition`` is true.</doc>
<status status="PASS" start="2024-05-17T07:13:47.890422" elapsed="0.001121"/>
</kw>
<kw name="Run Keyword If" owner="BuiltIn">
<kw name="Should Be True" owner="BuiltIn">
<arg>${True}</arg>
<doc>Fails if the given condition is not true.</doc>
<status status="PASS" start="2024-05-17T07:13:47.892424" elapsed="0.000138"/>
</kw>
<arg>${json_data["results"][0]["location"]["coordinates"]["longitude"]} &gt;= -180 and ${json_data["results"][0]["location"]["coordinates"]["longitude"]} &lt;= 180</arg>
<arg>Should Be True</arg>
<arg>${True}</arg>
<doc>Runs the given keyword with the given arguments, if ``condition`` is true.</doc>
<status status="PASS" start="2024-05-17T07:13:47.891730" elapsed="0.000955"/>
</kw>
<status status="PASS" start="2024-05-17T07:13:47.788515" elapsed="0.104297"/>
</kw>
<doc>Testa o conteúdo específico dos campos retornados pela API.</doc>
<tag>testeConteudo</tag>
<status status="PASS" start="2024-05-17T07:13:47.788010" elapsed="0.104942"/>
</test>
<status status="PASS" start="2024-05-17T07:13:46.865550" elapsed="1.029358"/>
</suite>
<status status="PASS" start="2024-05-17T07:13:46.852259" elapsed="1.047814"/>
</suite>
<statistics>
<total>
<stat pass="5" fail="0" skip="0">All Tests</stat>
</total>
<tag>
<stat pass="1" fail="0" skip="0">testeConteudo</stat>
<stat pass="1" fail="0" skip="0">testeEstruturaResposta</stat>
<stat pass="1" fail="0" skip="0">testeRequisicaoBasica</stat>
<stat pass="1" fail="0" skip="0">testeTiposDados</stat>
</tag>
<suite>
<stat pass="5" fail="0" skip="0" id="s1" name="Tests">Tests</stat>
<stat pass="5" fail="0" skip="0" id="s1-s1" name="Random-User-Test">Tests.Random-User-Test</stat>
</suite>
</statistics>
<errors>
</errors>
</robot>
