<?xml version="1.0" encoding="UTF-8"?>
<robot generator="Robot 7.0.1 (Python 3.12.4 on linux)" generated="2024-07-30T14:14:15.793291" rpa="false" schemaversion="5">
<suite id="s1" name="Tests" source="/home/runner/work/ApiRandomUser/ApiRandomUser/RamdonUser/tests">
<suite id="s1-s1" name="Random-User-Test" source="/home/runner/work/ApiRandomUser/ApiRandomUser/RamdonUser/tests/random-user-test.robot">
<test id="s1-s1-t1" name="Conectar" line="13">
<kw name="Conectar API" owner="random-user-service">
<kw name="Create Session" owner="RequestsLibrary">
<msg time="2024-07-30T14:14:16.212681" level="INFO">Creating Session using : alias=consultarAPI, url=https://randomuser.me/, headers={},                     cookies={}, auth=None, timeout=None, proxies=None, verify=False,                     debug=0 </msg>
<arg>consultarAPI</arg>
<arg>${URL}</arg>
<doc>Create Session: create a HTTP session to a server</doc>
<status status="PASS" start="2024-07-30T14:14:16.212309" elapsed="0.000668"/>
</kw>
<status status="PASS" start="2024-07-30T14:14:16.210552" elapsed="0.002970"/>
</kw>
<status status="PASS" start="2024-07-30T14:14:16.209705" elapsed="0.004144"/>
</test>
<test id="s1-s1-t2" name="Validar retorno 200 e JSON Válido" line="16">
<kw name="Teste de Requisicao Basica" owner="random-user-service">
<kw name="GET On Session" owner="RequestsLibrary">
<msg time="2024-07-30T14:14:18.562924" level="INFO">GET Request : url=https://randomuser.me/api 
 path_url=/api 
 headers={'User-Agent': 'python-requests/2.32.3', 'Accept-Encoding': 'gzip, deflate', 'Accept': '*/*', 'Connection': 'keep-alive'} 
 body=None 
 </msg>
<msg time="2024-07-30T14:14:18.563090" level="INFO">GET Response : url=https://randomuser.me/api 
 status=200, reason=OK 
 headers={'Date': 'Tue, 30 Jul 2024 14:14:18 GMT', 'Content-Type': 'application/json; charset=utf-8', 'Transfer-Encoding': 'chunked', 'Connection': 'keep-alive', 'X-Powered-By': 'Express', 'Access-Control-Allow-Origin': '*', 'Cache-Control': 'no-cache', 'ETag': 'W/"48f-6PJOKnUsZ6mqoszuqVDC5mC7H4Q"', 'Vary': 'Accept-Encoding', 'Content-Encoding': 'gzip', 'CF-Cache-Status': 'DYNAMIC', 'Report-To': '{"endpoints":[{"url":"https:\\/\\/a.nel.cloudflare.com\\/report\\/v4?s=pyj5mV%2B16p1wa%2FBovgXJAeGqdPAsGo4LwTv%2F0tKbnb6fgq13cv%2FwfHtKGSLRwptIXghbv%2FYabZHxKpUrJYi%2FpSkAUuEtoLIytSC7Gr7rqyGAhjpztIY0x4eZNOjgrbvS"}],"group":"cf-nel","max_age":604800}', 'NEL': '{"success_fraction":0,"report_to":"cf-nel","max_age":604800}', 'Server': 'cloudflare', 'CF-RAY': '8ab5f440bcec0610-IAD', 'alt-svc': 'h3=":443"; ma=86400'} 
 body={"results":[{"gender":"male","name":{"title":"Mr","first":"Cesar","last":"Marín"},"location":{"street":{"number":2901,"name":"Paseo de Zorrilla"},"city":"Torrevieja","state":"La Rioja","country":"Spain","postcode":11817,"coordinates":{"latitude":"-31.2815","longitude":"-57.5659"},"timezone":{"offset":"+11:00","description":"Magadan, Solomon Islands, New Caledonia"}},"email":"cesar.marin@example.com","login":{"uuid":"38f4fec0-b818-4bac-9bfc-13e8072b6bee","username":"whitesnake180","password":"pookie","salt":"UGeHTOXg","md5":"d6d130a805ffd091054244fcd33f1819","sha1":"4be0aa973fb329c02e3cffd0db1c72ed62f2cfcf","sha256":"e92aa416188842e865a85870c737b9ccd48646b68b98c2a38668f2826602c52a"},"dob":{"date":"1958-06-18T13:15:57.365Z","age":66},"registered":{"date":"2020-04-14T11:18:05.914Z","age":4},"phone":"904-174-699","cell":"661-215-496","id":{"name":"DNI","value":"44485605-S"},"picture":{"large":"https://randomuser.me/api/portraits/men/50.jpg","medium":"https://randomuser.me/api/portraits/med/men/50.jpg","thumbnail":"https://randomuser.me/api/portraits/thumb/men/50.jpg"},"nat":"ES"}],"info":{"seed":"0fbfe49ec5afdd39","results":1,"page":1,"version":"1.4"}} 
 </msg>
<msg time="2024-07-30T14:14:18.563177" level="INFO">/opt/hostedtoolcache/Python/3.12.4/x64/lib/python3.12/site-packages/urllib3/connectionpool.py:1099: InsecureRequestWarning: Unverified HTTPS request is being made to host 'randomuser.me'. Adding certificate verification is strongly advised. See: https://urllib3.readthedocs.io/en/latest/advanced-usage.html#tls-warnings
  warnings.warn(</msg>
<msg time="2024-07-30T14:14:18.563324" level="INFO">${response} = &lt;Response [200]&gt;</msg>
<var>${response}</var>
<arg>consultarAPI</arg>
<arg>/api</arg>
<doc>Sends a GET request on a previously created HTTP Session.</doc>
<status status="PASS" start="2024-07-30T14:14:16.218304" elapsed="2.345060"/>
</kw>
<kw name="Should Be Equal As Numbers" owner="BuiltIn">
<msg time="2024-07-30T14:14:18.564554" level="INFO">Argument types are:
&lt;class 'int'&gt;
&lt;class 'str'&gt;</msg>
<arg>${response.status_code}</arg>
<arg>200</arg>
<doc>Fails if objects are unequal after converting them to real numbers.</doc>
<status status="PASS" start="2024-07-30T14:14:18.564015" elapsed="0.000605"/>
</kw>
<kw name="Log" owner="BuiltIn">
<msg time="2024-07-30T14:14:18.565295" level="INFO">200</msg>
<arg>${response.status_code}</arg>
<doc>Logs the given message with the given level.</doc>
<status status="PASS" start="2024-07-30T14:14:18.564942" elapsed="0.000396"/>
</kw>
<kw name="Set Variable" owner="BuiltIn">
<msg time="2024-07-30T14:14:18.566084" level="INFO">${json_data} = {'results': [{'gender': 'male', 'name': {'title': 'Mr', 'first': 'Cesar', 'last': 'Marín'}, 'location': {'street': {'number': 2901, 'name': 'Paseo de Zorrilla'}, 'city': 'Torrevieja', 'state': 'La Rio...</msg>
<var>${json_data}</var>
<arg>${response.json()}</arg>
<doc>Returns the given values which can then be assigned to a variables.</doc>
<status status="PASS" start="2024-07-30T14:14:18.565644" elapsed="0.000469"/>
</kw>
<kw name="Dictionary Should Contain Key" owner="Collections">
<arg>${json_data}</arg>
<arg>results</arg>
<doc>Fails if ``key`` is not found from ``dictionary``.</doc>
<status status="PASS" start="2024-07-30T14:14:18.566424" elapsed="0.000318"/>
</kw>
<status status="PASS" start="2024-07-30T14:14:16.217943" elapsed="2.348956"/>
</kw>
<doc>Testa se a API responde corretamente e retorna um objeto JSON válido.</doc>
<tag>testeRequisicaoBasica</tag>
<status status="PASS" start="2024-07-30T14:14:16.217256" elapsed="2.349818"/>
</test>
<test id="s1-s1-t3" name="Validar estrutura de resposta" line="22">
<kw name="Teste de Estrutura de Resposta" owner="random-user-service">
<kw name="GET On Session" owner="RequestsLibrary">
<msg time="2024-07-30T14:14:22.074637" level="INFO">GET Request : url=https://randomuser.me/api 
 path_url=/api 
 headers={'User-Agent': 'python-requests/2.32.3', 'Accept-Encoding': 'gzip, deflate', 'Accept': '*/*', 'Connection': 'keep-alive'} 
 body=None 
 </msg>
<msg time="2024-07-30T14:14:22.074741" level="INFO">GET Response : url=https://randomuser.me/api 
 status=200, reason=OK 
 headers={'Date': 'Tue, 30 Jul 2024 14:14:22 GMT', 'Content-Type': 'application/json; charset=utf-8', 'Transfer-Encoding': 'chunked', 'Connection': 'keep-alive', 'X-Powered-By': 'Express', 'Access-Control-Allow-Origin': '*', 'Cache-Control': 'no-cache', 'ETag': 'W/"483-/WVUK24fUxNbnqglaeqw0403zvo"', 'Vary': 'Accept-Encoding', 'Content-Encoding': 'gzip', 'CF-Cache-Status': 'DYNAMIC', 'Report-To': '{"endpoints":[{"url":"https:\\/\\/a.nel.cloudflare.com\\/report\\/v4?s=MMyZyBC8tMst%2B1830t%2BgUt7XygxZJm%2B%2FImdHu7KubV2NEQFb7xXus7FzsVbvr3HjmHbpba1Kdr1fo%2B3%2Bi4E0Ax3%2FTKYIrWvt0dA0GvDC5%2F5UeFyPTtyy5F1gQCKylP7d"}],"group":"cf-nel","max_age":604800}', 'NEL': '{"success_fraction":0,"report_to":"cf-nel","max_age":604800}', 'Server': 'cloudflare', 'CF-RAY': '8ab5f44e1fbd0610-IAD', 'alt-svc': 'h3=":443"; ma=86400'} 
 body={"results":[{"gender":"male","name":{"title":"Mr","first":"Brede","last":"Stephansen"},"location":{"street":{"number":4546,"name":"Skogroveien"},"city":"Volleberg","state":"Description","country":"Norway","postcode":"0468","coordinates":{"latitude":"42.9677","longitude":"-43.2070"},"timezone":{"offset":"+2:00","description":"Kaliningrad, South Africa"}},"email":"brede.stephansen@example.com","login":{"uuid":"2c87cf3b-3d3b-4ebf-a9df-18b83a6ae74d","username":"ticklishzebra195","password":"maxima","salt":"nZnR4T8i","md5":"9b3bae60f8147933c53d67cb2fdba26e","sha1":"671ad76fb6d38b4bb3d3d7dd93aea7064ec0c226","sha256":"65bce123c556b3b4e7ef263171e51e587b9eb5e51ba70c8eb7cf5d1f55a5d2c3"},"dob":{"date":"1974-05-09T03:22:16.577Z","age":50},"registered":{"date":"2017-03-05T15:53:00.119Z","age":7},"phone":"36469428","cell":"99506232","id":{"name":"FN","value":"09057411586"},"picture":{"large":"https://randomuser.me/api/portraits/men/51.jpg","medium":"https://randomuser.me/api/portraits/med/men/51.jpg","thumbnail":"https://randomuser.me/api/portraits/thumb/men/51.jpg"},"nat":"NO"}],"info":{"seed":"86a04ef4902767c8","results":1,"page":1,"version":"1.4"}} 
 </msg>
<msg time="2024-07-30T14:14:22.074876" level="INFO">/opt/hostedtoolcache/Python/3.12.4/x64/lib/python3.12/site-packages/urllib3/connectionpool.py:1099: InsecureRequestWarning: Unverified HTTPS request is being made to host 'randomuser.me'. Adding certificate verification is strongly advised. See: https://urllib3.readthedocs.io/en/latest/advanced-usage.html#tls-warnings
  warnings.warn(</msg>
<msg time="2024-07-30T14:14:22.074999" level="INFO">${response} = &lt;Response [200]&gt;</msg>
<var>${response}</var>
<arg>consultarAPI</arg>
<arg>/api</arg>
<doc>Sends a GET request on a previously created HTTP Session.</doc>
<status status="PASS" start="2024-07-30T14:14:18.569768" elapsed="3.505263"/>
</kw>
<kw name="Set Variable" owner="BuiltIn">
<msg time="2024-07-30T14:14:22.076151" level="INFO">${json_data} = {'results': [{'gender': 'male', 'name': {'title': 'Mr', 'first': 'Brede', 'last': 'Stephansen'}, 'location': {'street': {'number': 4546, 'name': 'Skogroveien'}, 'city': 'Volleberg', 'state': 'Descript...</msg>
<var>${json_data}</var>
<arg>${response.json()}</arg>
<doc>Returns the given values which can then be assigned to a variables.</doc>
<status status="PASS" start="2024-07-30T14:14:22.075634" elapsed="0.000548"/>
</kw>
<kw name="Log" owner="BuiltIn">
<msg time="2024-07-30T14:14:22.076710" level="INFO">{'results': [{'gender': 'male', 'name': {'title': 'Mr', 'first': 'Brede', 'last': 'Stephansen'}, 'location': {'street': {'number': 4546, 'name': 'Skogroveien'}, 'city': 'Volleberg', 'state': 'Description', 'country': 'Norway', 'postcode': '0468', 'coordinates': {'latitude': '42.9677', 'longitude': '-43.2070'}, 'timezone': {'offset': '+2:00', 'description': 'Kaliningrad, South Africa'}}, 'email': 'brede.stephansen@example.com', 'login': {'uuid': '2c87cf3b-3d3b-4ebf-a9df-18b83a6ae74d', 'username': 'ticklishzebra195', 'password': 'maxima', 'salt': 'nZnR4T8i', 'md5': '9b3bae60f8147933c53d67cb2fdba26e', 'sha1': '671ad76fb6d38b4bb3d3d7dd93aea7064ec0c226', 'sha256': '65bce123c556b3b4e7ef263171e51e587b9eb5e51ba70c8eb7cf5d1f55a5d2c3'}, 'dob': {'date': '1974-05-09T03:22:16.577Z', 'age': 50}, 'registered': {'date': '2017-03-05T15:53:00.119Z', 'age': 7}, 'phone': '36469428', 'cell': '99506232', 'id': {'name': 'FN', 'value': '09057411586'}, 'picture': {'large': 'https://randomuser.me/api/portraits/men/51.jpg', 'medium': 'https://randomuser.me/api/portraits/med/men/51.jpg', 'thumbnail': 'https://randomuser.me/api/portraits/thumb/men/51.jpg'}, 'nat': 'NO'}], 'info': {'seed': '86a04ef4902767c8', 'results': 1, 'page': 1, 'version': '1.4'}}</msg>
<arg>${json_data}</arg>
<doc>Logs the given message with the given level.</doc>
<status status="PASS" start="2024-07-30T14:14:22.076531" elapsed="0.000228"/>
</kw>
<kw name="Dictionary Should Contain Key" owner="Collections">
<arg>${json_data}</arg>
<arg>results</arg>
<doc>Fails if ``key`` is not found from ``dictionary``.</doc>
<status status="PASS" start="2024-07-30T14:14:22.077057" elapsed="0.000172"/>
</kw>
<kw name="Should Not Be Empty" owner="BuiltIn">
<msg time="2024-07-30T14:14:22.077544" level="INFO">Length is 2.</msg>
<arg>${json_data}</arg>
<doc>Verifies that the given item is not empty.</doc>
<status status="PASS" start="2024-07-30T14:14:22.077413" elapsed="0.000169"/>
</kw>
<kw name="Create List" owner="BuiltIn">
<msg time="2024-07-30T14:14:22.078025" level="INFO">${expected_keys} = ['gender', 'name', 'location', 'email', 'login']</msg>
<var>${expected_keys}</var>
<arg>gender</arg>
<arg>name</arg>
<arg>location</arg>
<arg>email</arg>
<arg>login</arg>
<doc>Returns a list containing given items.</doc>
<status status="PASS" start="2024-07-30T14:14:22.077870" elapsed="0.000179"/>
</kw>
<for flavor="IN">
<iter>
<kw name="Dictionary Should Contain Key" owner="Collections">
<arg>${json_data['results'][0]}</arg>
<arg>${key}</arg>
<doc>Fails if ``key`` is not found from ``dictionary``.</doc>
<status status="PASS" start="2024-07-30T14:14:22.078637" elapsed="0.000406"/>
</kw>
<kw name="Log" owner="BuiltIn">
<msg time="2024-07-30T14:14:22.079580" level="INFO">{'gender': 'male', 'name': {'title': 'Mr', 'first': 'Brede', 'last': 'Stephansen'}, 'location': {'street': {'number': 4546, 'name': 'Skogroveien'}, 'city': 'Volleberg', 'state': 'Description', 'country': 'Norway', 'postcode': '0468', 'coordinates': {'latitude': '42.9677', 'longitude': '-43.2070'}, 'timezone': {'offset': '+2:00', 'description': 'Kaliningrad, South Africa'}}, 'email': 'brede.stephansen@example.com', 'login': {'uuid': '2c87cf3b-3d3b-4ebf-a9df-18b83a6ae74d', 'username': 'ticklishzebra195', 'password': 'maxima', 'salt': 'nZnR4T8i', 'md5': '9b3bae60f8147933c53d67cb2fdba26e', 'sha1': '671ad76fb6d38b4bb3d3d7dd93aea7064ec0c226', 'sha256': '65bce123c556b3b4e7ef263171e51e587b9eb5e51ba70c8eb7cf5d1f55a5d2c3'}, 'dob': {'date': '1974-05-09T03:22:16.577Z', 'age': 50}, 'registered': {'date': '2017-03-05T15:53:00.119Z', 'age': 7}, 'phone': '36469428', 'cell': '99506232', 'id': {'name': 'FN', 'value': '09057411586'}, 'picture': {'large': 'https://randomuser.me/api/portraits/men/51.jpg', 'medium': 'https://randomuser.me/api/portraits/med/men/51.jpg', 'thumbnail': 'https://randomuser.me/api/portraits/thumb/men/51.jpg'}, 'nat': 'NO'}</msg>
<arg>${json_data['results'][0]}</arg>
<doc>Logs the given message with the given level.</doc>
<status status="PASS" start="2024-07-30T14:14:22.079229" elapsed="0.000401"/>
</kw>
<kw name="Log" owner="BuiltIn">
<msg time="2024-07-30T14:14:22.080065" level="INFO">gender</msg>
<arg>${key}</arg>
<doc>Logs the given message with the given level.</doc>
<status status="PASS" start="2024-07-30T14:14:22.079933" elapsed="0.000169"/>
</kw>
<var name="${key}">gender</var>
<status status="PASS" start="2024-07-30T14:14:22.078508" elapsed="0.001811"/>
</iter>
<iter>
<kw name="Dictionary Should Contain Key" owner="Collections">
<arg>${json_data['results'][0]}</arg>
<arg>${key}</arg>
<doc>Fails if ``key`` is not found from ``dictionary``.</doc>
<status status="PASS" start="2024-07-30T14:14:22.080652" elapsed="0.000391"/>
</kw>
<kw name="Log" owner="BuiltIn">
<msg time="2024-07-30T14:14:22.081584" level="INFO">{'gender': 'male', 'name': {'title': 'Mr', 'first': 'Brede', 'last': 'Stephansen'}, 'location': {'street': {'number': 4546, 'name': 'Skogroveien'}, 'city': 'Volleberg', 'state': 'Description', 'country': 'Norway', 'postcode': '0468', 'coordinates': {'latitude': '42.9677', 'longitude': '-43.2070'}, 'timezone': {'offset': '+2:00', 'description': 'Kaliningrad, South Africa'}}, 'email': 'brede.stephansen@example.com', 'login': {'uuid': '2c87cf3b-3d3b-4ebf-a9df-18b83a6ae74d', 'username': 'ticklishzebra195', 'password': 'maxima', 'salt': 'nZnR4T8i', 'md5': '9b3bae60f8147933c53d67cb2fdba26e', 'sha1': '671ad76fb6d38b4bb3d3d7dd93aea7064ec0c226', 'sha256': '65bce123c556b3b4e7ef263171e51e587b9eb5e51ba70c8eb7cf5d1f55a5d2c3'}, 'dob': {'date': '1974-05-09T03:22:16.577Z', 'age': 50}, 'registered': {'date': '2017-03-05T15:53:00.119Z', 'age': 7}, 'phone': '36469428', 'cell': '99506232', 'id': {'name': 'FN', 'value': '09057411586'}, 'picture': {'large': 'https://randomuser.me/api/portraits/men/51.jpg', 'medium': 'https://randomuser.me/api/portraits/med/men/51.jpg', 'thumbnail': 'https://randomuser.me/api/portraits/thumb/men/51.jpg'}, 'nat': 'NO'}</msg>
<arg>${json_data['results'][0]}</arg>
<doc>Logs the given message with the given level.</doc>
<status status="PASS" start="2024-07-30T14:14:22.081229" elapsed="0.000436"/>
</kw>
<kw name="Log" owner="BuiltIn">
<msg time="2024-07-30T14:14:22.082100" level="INFO">name</msg>
<arg>${key}</arg>
<doc>Logs the given message with the given level.</doc>
<status status="PASS" start="2024-07-30T14:14:22.081968" elapsed="0.000171"/>
</kw>
<var name="${key}">name</var>
<status status="PASS" start="2024-07-30T14:14:22.080529" elapsed="0.001828"/>
</iter>
<iter>
<kw name="Dictionary Should Contain Key" owner="Collections">
<arg>${json_data['results'][0]}</arg>
<arg>${key}</arg>
<doc>Fails if ``key`` is not found from ``dictionary``.</doc>
<status status="PASS" start="2024-07-30T14:14:22.082647" elapsed="0.000387"/>
</kw>
<kw name="Log" owner="BuiltIn">
<msg time="2024-07-30T14:14:22.083585" level="INFO">{'gender': 'male', 'name': {'title': 'Mr', 'first': 'Brede', 'last': 'Stephansen'}, 'location': {'street': {'number': 4546, 'name': 'Skogroveien'}, 'city': 'Volleberg', 'state': 'Description', 'country': 'Norway', 'postcode': '0468', 'coordinates': {'latitude': '42.9677', 'longitude': '-43.2070'}, 'timezone': {'offset': '+2:00', 'description': 'Kaliningrad, South Africa'}}, 'email': 'brede.stephansen@example.com', 'login': {'uuid': '2c87cf3b-3d3b-4ebf-a9df-18b83a6ae74d', 'username': 'ticklishzebra195', 'password': 'maxima', 'salt': 'nZnR4T8i', 'md5': '9b3bae60f8147933c53d67cb2fdba26e', 'sha1': '671ad76fb6d38b4bb3d3d7dd93aea7064ec0c226', 'sha256': '65bce123c556b3b4e7ef263171e51e587b9eb5e51ba70c8eb7cf5d1f55a5d2c3'}, 'dob': {'date': '1974-05-09T03:22:16.577Z', 'age': 50}, 'registered': {'date': '2017-03-05T15:53:00.119Z', 'age': 7}, 'phone': '36469428', 'cell': '99506232', 'id': {'name': 'FN', 'value': '09057411586'}, 'picture': {'large': 'https://randomuser.me/api/portraits/men/51.jpg', 'medium': 'https://randomuser.me/api/portraits/med/men/51.jpg', 'thumbnail': 'https://randomuser.me/api/portraits/thumb/men/51.jpg'}, 'nat': 'NO'}</msg>
<arg>${json_data['results'][0]}</arg>
<doc>Logs the given message with the given level.</doc>
<status status="PASS" start="2024-07-30T14:14:22.083221" elapsed="0.000410"/>
</kw>
<kw name="Log" owner="BuiltIn">
<msg time="2024-07-30T14:14:22.084055" level="INFO">location</msg>
<arg>${key}</arg>
<doc>Logs the given message with the given level.</doc>
<status status="PASS" start="2024-07-30T14:14:22.083927" elapsed="0.000164"/>
</kw>
<var name="${key}">location</var>
<status status="PASS" start="2024-07-30T14:14:22.082537" elapsed="0.001777"/>
</iter>
<iter>
<kw name="Dictionary Should Contain Key" owner="Collections">
<arg>${json_data['results'][0]}</arg>
<arg>${key}</arg>
<doc>Fails if ``key`` is not found from ``dictionary``.</doc>
<status status="PASS" start="2024-07-30T14:14:22.084652" elapsed="0.000381"/>
</kw>
<kw name="Log" owner="BuiltIn">
<msg time="2024-07-30T14:14:22.085696" level="INFO">{'gender': 'male', 'name': {'title': 'Mr', 'first': 'Brede', 'last': 'Stephansen'}, 'location': {'street': {'number': 4546, 'name': 'Skogroveien'}, 'city': 'Volleberg', 'state': 'Description', 'country': 'Norway', 'postcode': '0468', 'coordinates': {'latitude': '42.9677', 'longitude': '-43.2070'}, 'timezone': {'offset': '+2:00', 'description': 'Kaliningrad, South Africa'}}, 'email': 'brede.stephansen@example.com', 'login': {'uuid': '2c87cf3b-3d3b-4ebf-a9df-18b83a6ae74d', 'username': 'ticklishzebra195', 'password': 'maxima', 'salt': 'nZnR4T8i', 'md5': '9b3bae60f8147933c53d67cb2fdba26e', 'sha1': '671ad76fb6d38b4bb3d3d7dd93aea7064ec0c226', 'sha256': '65bce123c556b3b4e7ef263171e51e587b9eb5e51ba70c8eb7cf5d1f55a5d2c3'}, 'dob': {'date': '1974-05-09T03:22:16.577Z', 'age': 50}, 'registered': {'date': '2017-03-05T15:53:00.119Z', 'age': 7}, 'phone': '36469428', 'cell': '99506232', 'id': {'name': 'FN', 'value': '09057411586'}, 'picture': {'large': 'https://randomuser.me/api/portraits/men/51.jpg', 'medium': 'https://randomuser.me/api/portraits/med/men/51.jpg', 'thumbnail': 'https://randomuser.me/api/portraits/thumb/men/51.jpg'}, 'nat': 'NO'}</msg>
<arg>${json_data['results'][0]}</arg>
<doc>Logs the given message with the given level.</doc>
<status status="PASS" start="2024-07-30T14:14:22.085340" elapsed="0.000403"/>
</kw>
<kw name="Log" owner="BuiltIn">
<msg time="2024-07-30T14:14:22.086172" level="INFO">email</msg>
<arg>${key}</arg>
<doc>Logs the given message with the given level.</doc>
<status status="PASS" start="2024-07-30T14:14:22.086039" elapsed="0.000172"/>
</kw>
<var name="${key}">email</var>
<status status="PASS" start="2024-07-30T14:14:22.084528" elapsed="0.001900"/>
</iter>
<iter>
<kw name="Dictionary Should Contain Key" owner="Collections">
<arg>${json_data['results'][0]}</arg>
<arg>${key}</arg>
<doc>Fails if ``key`` is not found from ``dictionary``.</doc>
<status status="PASS" start="2024-07-30T14:14:22.086715" elapsed="0.000379"/>
</kw>
<kw name="Log" owner="BuiltIn">
<msg time="2024-07-30T14:14:22.087631" level="INFO">{'gender': 'male', 'name': {'title': 'Mr', 'first': 'Brede', 'last': 'Stephansen'}, 'location': {'street': {'number': 4546, 'name': 'Skogroveien'}, 'city': 'Volleberg', 'state': 'Description', 'country': 'Norway', 'postcode': '0468', 'coordinates': {'latitude': '42.9677', 'longitude': '-43.2070'}, 'timezone': {'offset': '+2:00', 'description': 'Kaliningrad, South Africa'}}, 'email': 'brede.stephansen@example.com', 'login': {'uuid': '2c87cf3b-3d3b-4ebf-a9df-18b83a6ae74d', 'username': 'ticklishzebra195', 'password': 'maxima', 'salt': 'nZnR4T8i', 'md5': '9b3bae60f8147933c53d67cb2fdba26e', 'sha1': '671ad76fb6d38b4bb3d3d7dd93aea7064ec0c226', 'sha256': '65bce123c556b3b4e7ef263171e51e587b9eb5e51ba70c8eb7cf5d1f55a5d2c3'}, 'dob': {'date': '1974-05-09T03:22:16.577Z', 'age': 50}, 'registered': {'date': '2017-03-05T15:53:00.119Z', 'age': 7}, 'phone': '36469428', 'cell': '99506232', 'id': {'name': 'FN', 'value': '09057411586'}, 'picture': {'large': 'https://randomuser.me/api/portraits/men/51.jpg', 'medium': 'https://randomuser.me/api/portraits/med/men/51.jpg', 'thumbnail': 'https://randomuser.me/api/portraits/thumb/men/51.jpg'}, 'nat': 'NO'}</msg>
<arg>${json_data['results'][0]}</arg>
<doc>Logs the given message with the given level.</doc>
<status status="PASS" start="2024-07-30T14:14:22.087284" elapsed="0.000404"/>
</kw>
<kw name="Log" owner="BuiltIn">
<msg time="2024-07-30T14:14:22.088109" level="INFO">login</msg>
<arg>${key}</arg>
<doc>Logs the given message with the given level.</doc>
<status status="PASS" start="2024-07-30T14:14:22.087982" elapsed="0.000164"/>
</kw>
<var name="${key}">login</var>
<status status="PASS" start="2024-07-30T14:14:22.086605" elapsed="0.001757"/>
</iter>
<var>${key}</var>
<value>@{expected_keys}</value>
<status status="PASS" start="2024-07-30T14:14:22.078312" elapsed="0.010195"/>
</for>
<kw name="Create List" owner="BuiltIn">
<msg time="2024-07-30T14:14:22.088852" level="INFO">${expected_keysTwo} = ['username', 'password']</msg>
<var>${expected_keysTwo}</var>
<arg>username</arg>
<arg>password</arg>
<doc>Returns a list containing given items.</doc>
<status status="PASS" start="2024-07-30T14:14:22.088710" elapsed="0.000166"/>
</kw>
<for flavor="IN">
<iter>
<kw name="Dictionary Should Contain Key" owner="Collections">
<arg>${json_data['results'][0]['login']}</arg>
<arg>${keyTwo}</arg>
<doc>Fails if ``key`` is not found from ``dictionary``.</doc>
<status status="PASS" start="2024-07-30T14:14:22.089409" elapsed="0.000392"/>
</kw>
<kw name="Dictionary Should Contain Key" owner="Collections">
<arg>${json_data['results'][0]['login']}</arg>
<arg>${keyTwo}</arg>
<doc>Fails if ``key`` is not found from ``dictionary``.</doc>
<status status="PASS" start="2024-07-30T14:14:22.089983" elapsed="0.000375"/>
</kw>
<kw name="Log" owner="BuiltIn">
<msg time="2024-07-30T14:14:22.090657" level="INFO">username</msg>
<arg>${keyTwo}</arg>
<doc>Logs the given message with the given level.</doc>
<status status="PASS" start="2024-07-30T14:14:22.090538" elapsed="0.000157"/>
</kw>
<var name="${keyTwo}">username</var>
<status status="PASS" start="2024-07-30T14:14:22.089300" elapsed="0.001615"/>
</iter>
<iter>
<kw name="Dictionary Should Contain Key" owner="Collections">
<arg>${json_data['results'][0]['login']}</arg>
<arg>${keyTwo}</arg>
<doc>Fails if ``key`` is not found from ``dictionary``.</doc>
<status status="PASS" start="2024-07-30T14:14:22.091205" elapsed="0.000375"/>
</kw>
<kw name="Dictionary Should Contain Key" owner="Collections">
<arg>${json_data['results'][0]['login']}</arg>
<arg>${keyTwo}</arg>
<doc>Fails if ``key`` is not found from ``dictionary``.</doc>
<status status="PASS" start="2024-07-30T14:14:22.091755" elapsed="0.000370"/>
</kw>
<kw name="Log" owner="BuiltIn">
<msg time="2024-07-30T14:14:22.092427" level="INFO">password</msg>
<arg>${keyTwo}</arg>
<doc>Logs the given message with the given level.</doc>
<status status="PASS" start="2024-07-30T14:14:22.092301" elapsed="0.000193"/>
</kw>
<var name="${keyTwo}">password</var>
<status status="PASS" start="2024-07-30T14:14:22.091089" elapsed="0.001639"/>
</iter>
<var>${keyTwo}</var>
<value>@{expected_keysTwo}</value>
<status status="PASS" start="2024-07-30T14:14:22.089146" elapsed="0.003704"/>
</for>
<status status="PASS" start="2024-07-30T14:14:18.569529" elapsed="3.523463"/>
</kw>
<doc>Testa a estrutura da resposta da API.</doc>
<tag>testeEstruturaResposta</tag>
<status status="PASS" start="2024-07-30T14:14:18.568929" elapsed="3.524220"/>
</test>
<test id="s1-s1-t4" name="Validar tipos de dados" line="28">
<kw name="Teste de Tipos de Dados" owner="random-user-service">
<kw name="GET On Session" owner="RequestsLibrary">
<msg time="2024-07-30T14:14:29.143658" level="INFO">GET Request : url=https://randomuser.me/api 
 path_url=/api 
 headers={'User-Agent': 'python-requests/2.32.3', 'Accept-Encoding': 'gzip, deflate', 'Accept': '*/*', 'Connection': 'keep-alive'} 
 body=None 
 </msg>
<msg time="2024-07-30T14:14:29.143771" level="INFO">GET Response : url=https://randomuser.me/api 
 status=200, reason=OK 
 headers={'Date': 'Tue, 30 Jul 2024 14:14:29 GMT', 'Content-Type': 'application/json; charset=utf-8', 'Transfer-Encoding': 'chunked', 'Connection': 'keep-alive', 'X-Powered-By': 'Express', 'Access-Control-Allow-Origin': '*', 'Cache-Control': 'no-cache', 'ETag': 'W/"486-9KCNBshjDTNHu4tAkiZqzQCmJSQ"', 'Vary': 'Accept-Encoding', 'Content-Encoding': 'gzip', 'CF-Cache-Status': 'DYNAMIC', 'Report-To': '{"endpoints":[{"url":"https:\\/\\/a.nel.cloudflare.com\\/report\\/v4?s=m1NvrV733cn85WdVs0BulDxNMF6AKNK48ptq9dfTb0J4stWrKLye02hyxgkEIKTb3KWuqH44O%2FE5ToKsdN%2BJGTsa6h7wG1kytNCZBY6feiHoYa6FYmSwvuGknpOu7Ceb"}],"group":"cf-nel","max_age":604800}', 'NEL': '{"success_fraction":0,"report_to":"cf-nel","max_age":604800}', 'Server': 'cloudflare', 'CF-RAY': '8ab5f4641a390610-IAD', 'alt-svc': 'h3=":443"; ma=86400'} 
 body={"results":[{"gender":"female","name":{"title":"Mrs","first":"Judy","last":"Silva"},"location":{"street":{"number":6037,"name":"Patrick Street"},"city":"Loughrea","state":"Westmeath","country":"Ireland","postcode":77962,"coordinates":{"latitude":"-2.2366","longitude":"161.6658"},"timezone":{"offset":"+6:00","description":"Almaty, Dhaka, Colombo"}},"email":"judy.silva@example.com","login":{"uuid":"7d5c9a9e-c95e-488d-8be3-40b08f306991","username":"brownelephant120","password":"swordfis","salt":"Jt3GI1UT","md5":"609702112e600cd477fa9c63653b81d6","sha1":"8f8aa4519ce185db6166d705f949193d0fe111d0","sha256":"6216dbc49562b957c10ddc07869ec3dde44311d45e798ec38284e4a3b202c7db"},"dob":{"date":"1986-04-03T05:29:52.085Z","age":38},"registered":{"date":"2002-05-09T01:32:12.894Z","age":22},"phone":"071-204-5513","cell":"081-939-6647","id":{"name":"PPS","value":"6239865T"},"picture":{"large":"https://randomuser.me/api/portraits/women/49.jpg","medium":"https://randomuser.me/api/portraits/med/women/49.jpg","thumbnail":"https://randomuser.me/api/portraits/thumb/women/49.jpg"},"nat":"IE"}],"info":{"seed":"c2815c985d1d6811","results":1,"page":1,"version":"1.4"}} 
 </msg>
<msg time="2024-07-30T14:14:29.143856" level="INFO">/opt/hostedtoolcache/Python/3.12.4/x64/lib/python3.12/site-packages/urllib3/connectionpool.py:1099: InsecureRequestWarning: Unverified HTTPS request is being made to host 'randomuser.me'. Adding certificate verification is strongly advised. See: https://urllib3.readthedocs.io/en/latest/advanced-usage.html#tls-warnings
  warnings.warn(</msg>
<msg time="2024-07-30T14:14:29.143988" level="INFO">${response} = &lt;Response [200]&gt;</msg>
<var>${response}</var>
<arg>consultarAPI</arg>
<arg>/api</arg>
<doc>Sends a GET request on a previously created HTTP Session.</doc>
<status status="PASS" start="2024-07-30T14:14:22.095550" elapsed="7.048485"/>
</kw>
<kw name="Set Variable" owner="BuiltIn">
<msg time="2024-07-30T14:14:29.145279" level="INFO">${json_data} = {'results': [{'gender': 'female', 'name': {'title': 'Mrs', 'first': 'Judy', 'last': 'Silva'}, 'location': {'street': {'number': 6037, 'name': 'Patrick Street'}, 'city': 'Loughrea', 'state': 'Westmeath...</msg>
<var>${json_data}</var>
<arg>${response.json()}</arg>
<doc>Returns the given values which can then be assigned to a variables.</doc>
<status status="PASS" start="2024-07-30T14:14:29.144714" elapsed="0.000593"/>
</kw>
<kw name="Log" owner="BuiltIn">
<msg time="2024-07-30T14:14:29.145771" level="INFO">{'results': [{'gender': 'female', 'name': {'title': 'Mrs', 'first': 'Judy', 'last': 'Silva'}, 'location': {'street': {'number': 6037, 'name': 'Patrick Street'}, 'city': 'Loughrea', 'state': 'Westmeath', 'country': 'Ireland', 'postcode': 77962, 'coordinates': {'latitude': '-2.2366', 'longitude': '161.6658'}, 'timezone': {'offset': '+6:00', 'description': 'Almaty, Dhaka, Colombo'}}, 'email': 'judy.silva@example.com', 'login': {'uuid': '7d5c9a9e-c95e-488d-8be3-40b08f306991', 'username': 'brownelephant120', 'password': 'swordfis', 'salt': 'Jt3GI1UT', 'md5': '609702112e600cd477fa9c63653b81d6', 'sha1': '8f8aa4519ce185db6166d705f949193d0fe111d0', 'sha256': '6216dbc49562b957c10ddc07869ec3dde44311d45e798ec38284e4a3b202c7db'}, 'dob': {'date': '1986-04-03T05:29:52.085Z', 'age': 38}, 'registered': {'date': '2002-05-09T01:32:12.894Z', 'age': 22}, 'phone': '071-204-5513', 'cell': '081-939-6647', 'id': {'name': 'PPS', 'value': '6239865T'}, 'picture': {'large': 'https://randomuser.me/api/portraits/women/49.jpg', 'medium': 'https://randomuser.me/api/portraits/med/women/49.jpg', 'thumbnail': 'https://randomuser.me/api/portraits/thumb/women/49.jpg'}, 'nat': 'IE'}], 'info': {'seed': 'c2815c985d1d6811', 'results': 1, 'page': 1, 'version': '1.4'}}</msg>
<arg>${json_data}</arg>
<doc>Logs the given message with the given level.</doc>
<status status="PASS" start="2024-07-30T14:14:29.145615" elapsed="0.000203"/>
</kw>
<kw name="Should Be String" owner="String">
<arg>${json_data['results'][0]['gender']}</arg>
<doc>Fails if the given ``item`` is not a string.</doc>
<status status="PASS" start="2024-07-30T14:14:29.146136" elapsed="0.000377"/>
</kw>
<kw name="Should Match Regexp" owner="BuiltIn">
<arg>${json_data['results'][0]['email']}</arg>
<arg>^[a-zA-Z0-9._%+-]+@[a-zA-Z0-9.-]+\.[a-zA-Z]{2,}$</arg>
<doc>Fails if ``string`` does not match ``pattern`` as a regular expression.</doc>
<status status="PASS" start="2024-07-30T14:14:29.146702" elapsed="0.000512"/>
</kw>
<kw name="Should Match Regexp" owner="BuiltIn">
<arg>${json_data['results'][0]['dob']['date']}</arg>
<arg>\\d{4}-\\d{2}-\\d{2}T\\d{2}:\\d{2}:\\d{2}\\.\\d{3}Z</arg>
<doc>Fails if ``string`` does not match ``pattern`` as a regular expression.</doc>
<status status="PASS" start="2024-07-30T14:14:29.147450" elapsed="0.000638"/>
</kw>
<kw name="Should Match Regexp" owner="BuiltIn">
<arg>${json_data['results'][0]['registered']['date']}</arg>
<arg>\\d{4}-\\d{2}-\\d{2}T\\d{2}:\\d{2}:\\d{2}\\.\\d{3}Z</arg>
<doc>Fails if ``string`` does not match ``pattern`` as a regular expression.</doc>
<status status="PASS" start="2024-07-30T14:14:29.148283" elapsed="0.000418"/>
</kw>
<kw name="Should Match Regexp" owner="BuiltIn">
<arg>${json_data['results'][0]['picture']['large']}</arg>
<arg>^https?://.*\.(?:png|jpe?g|gif|bmp)$</arg>
<doc>Fails if ``string`` does not match ``pattern`` as a regular expression.</doc>
<status status="PASS" start="2024-07-30T14:14:29.148890" elapsed="0.000463"/>
</kw>
<kw name="Should Match Regexp" owner="BuiltIn">
<arg>${json_data['results'][0]['picture']['medium']}</arg>
<arg>^https?://.*\.(?:png|jpe?g|gif|bmp)$</arg>
<doc>Fails if ``string`` does not match ``pattern`` as a regular expression.</doc>
<status status="PASS" start="2024-07-30T14:14:29.149542" elapsed="0.000351"/>
</kw>
<kw name="Should Match Regexp" owner="BuiltIn">
<arg>${json_data['results'][0]['picture']['thumbnail']}</arg>
<arg>^https?://.*\.(?:png|jpe?g|gif|bmp)$</arg>
<doc>Fails if ``string`` does not match ``pattern`` as a regular expression.</doc>
<status status="PASS" start="2024-07-30T14:14:29.150075" elapsed="0.000352"/>
</kw>
<kw name="Log" owner="BuiltIn">
<msg time="2024-07-30T14:14:29.150929" level="INFO">{'large': 'https://randomuser.me/api/portraits/women/49.jpg', 'medium': 'https://randomuser.me/api/portraits/med/women/49.jpg', 'thumbnail': 'https://randomuser.me/api/portraits/thumb/women/49.jpg'}</msg>
<arg>${json_data['results'][0]['picture']}</arg>
<doc>Logs the given message with the given level.</doc>
<status status="PASS" start="2024-07-30T14:14:29.150606" elapsed="0.000367"/>
</kw>
<status status="PASS" start="2024-07-30T14:14:22.095328" elapsed="7.055908"/>
</kw>
<kw name="Teste de Tipos de Dados - Postcode" owner="random-user-service">
<kw name="GET On Session" owner="RequestsLibrary">
<msg time="2024-07-30T14:14:37.022256" level="INFO">GET Request : url=https://randomuser.me/api 
 path_url=/api 
 headers={'User-Agent': 'python-requests/2.32.3', 'Accept-Encoding': 'gzip, deflate', 'Accept': '*/*', 'Connection': 'keep-alive'} 
 body=None 
 </msg>
<msg time="2024-07-30T14:14:37.022355" level="INFO">GET Response : url=https://randomuser.me/api 
 status=200, reason=OK 
 headers={'Date': 'Tue, 30 Jul 2024 14:14:37 GMT', 'Content-Type': 'application/json; charset=utf-8', 'Transfer-Encoding': 'chunked', 'Connection': 'keep-alive', 'X-Powered-By': 'Express', 'Access-Control-Allow-Origin': '*', 'Cache-Control': 'no-cache', 'ETag': 'W/"468-mzSXjt73bbHXdvF9NmkWueGFfLs"', 'Vary': 'Accept-Encoding', 'Content-Encoding': 'gzip', 'CF-Cache-Status': 'DYNAMIC', 'Report-To': '{"endpoints":[{"url":"https:\\/\\/a.nel.cloudflare.com\\/report\\/v4?s=EIqJIv5errHW2%2F7Q35uq1EDiFZ4mt3nGCcf5Z%2F7n8zSgRZhvH3JxfE%2FI2%2Fk0XQglwTs5pY3%2BdWSq8tPDoC25VWYcsce1%2BKVL0O8s2rwmEnxVwTE5FpHeR6D0MNhKucrC"}],"group":"cf-nel","max_age":604800}', 'NEL': '{"success_fraction":0,"report_to":"cf-nel","max_age":604800}', 'Server': 'cloudflare', 'CF-RAY': '8ab5f4903f2c0610-IAD', 'alt-svc': 'h3=":443"; ma=86400'} 
 body={"results":[{"gender":"male","name":{"title":"Mr","first":"Lorenzo","last":"Esteban"},"location":{"street":{"number":469,"name":"Calle Nebrija"},"city":"Vigo","state":"Ceuta","country":"Spain","postcode":27652,"coordinates":{"latitude":"-30.4138","longitude":"-23.8277"},"timezone":{"offset":"+4:30","description":"Kabul"}},"email":"lorenzo.esteban@example.com","login":{"uuid":"a3a0ef73-08a5-4ac9-b6fc-1b5a2c96600b","username":"yellowrabbit184","password":"hiking","salt":"dGNwNWJE","md5":"2f767243ba0761837346e27b6794f95f","sha1":"97989e34bf2444afbc4cbd37f243a14d020fb31b","sha256":"c6991bb97de40137f85c5a521d73ff62274049a05c00cb2707d2a1105efc06e3"},"dob":{"date":"1986-01-14T07:19:03.404Z","age":38},"registered":{"date":"2009-05-11T00:53:22.954Z","age":15},"phone":"917-643-006","cell":"691-108-968","id":{"name":"DNI","value":"97165621-A"},"picture":{"large":"https://randomuser.me/api/portraits/men/64.jpg","medium":"https://randomuser.me/api/portraits/med/men/64.jpg","thumbnail":"https://randomuser.me/api/portraits/thumb/men/64.jpg"},"nat":"ES"}],"info":{"seed":"ed85b25d8c176f33","results":1,"page":1,"version":"1.4"}} 
 </msg>
<msg time="2024-07-30T14:14:37.022426" level="INFO">/opt/hostedtoolcache/Python/3.12.4/x64/lib/python3.12/site-packages/urllib3/connectionpool.py:1099: InsecureRequestWarning: Unverified HTTPS request is being made to host 'randomuser.me'. Adding certificate verification is strongly advised. See: https://urllib3.readthedocs.io/en/latest/advanced-usage.html#tls-warnings
  warnings.warn(</msg>
<msg time="2024-07-30T14:14:37.022549" level="INFO">${response} = &lt;Response [200]&gt;</msg>
<var>${response}</var>
<arg>consultarAPI</arg>
<arg>/api</arg>
<doc>Sends a GET request on a previously created HTTP Session.</doc>
<status status="PASS" start="2024-07-30T14:14:29.151698" elapsed="7.870891"/>
</kw>
<kw name="Set Variable" owner="BuiltIn">
<msg time="2024-07-30T14:14:37.023796" level="INFO">${json_data} = {'results': [{'gender': 'male', 'name': {'title': 'Mr', 'first': 'Lorenzo', 'last': 'Esteban'}, 'location': {'street': {'number': 469, 'name': 'Calle Nebrija'}, 'city': 'Vigo', 'state': 'Ceuta', 'coun...</msg>
<var>${json_data}</var>
<arg>${response.json()}</arg>
<doc>Returns the given values which can then be assigned to a variables.</doc>
<status status="PASS" start="2024-07-30T14:14:37.023225" elapsed="0.000599"/>
</kw>
<kw name="Log" owner="BuiltIn">
<msg time="2024-07-30T14:14:37.024294" level="INFO">{'results': [{'gender': 'male', 'name': {'title': 'Mr', 'first': 'Lorenzo', 'last': 'Esteban'}, 'location': {'street': {'number': 469, 'name': 'Calle Nebrija'}, 'city': 'Vigo', 'state': 'Ceuta', 'country': 'Spain', 'postcode': 27652, 'coordinates': {'latitude': '-30.4138', 'longitude': '-23.8277'}, 'timezone': {'offset': '+4:30', 'description': 'Kabul'}}, 'email': 'lorenzo.esteban@example.com', 'login': {'uuid': 'a3a0ef73-08a5-4ac9-b6fc-1b5a2c96600b', 'username': 'yellowrabbit184', 'password': 'hiking', 'salt': 'dGNwNWJE', 'md5': '2f767243ba0761837346e27b6794f95f', 'sha1': '97989e34bf2444afbc4cbd37f243a14d020fb31b', 'sha256': 'c6991bb97de40137f85c5a521d73ff62274049a05c00cb2707d2a1105efc06e3'}, 'dob': {'date': '1986-01-14T07:19:03.404Z', 'age': 38}, 'registered': {'date': '2009-05-11T00:53:22.954Z', 'age': 15}, 'phone': '917-643-006', 'cell': '691-108-968', 'id': {'name': 'DNI', 'value': '97165621-A'}, 'picture': {'large': 'https://randomuser.me/api/portraits/men/64.jpg', 'medium': 'https://randomuser.me/api/portraits/med/men/64.jpg', 'thumbnail': 'https://randomuser.me/api/portraits/thumb/men/64.jpg'}, 'nat': 'ES'}], 'info': {'seed': 'ed85b25d8c176f33', 'results': 1, 'page': 1, 'version': '1.4'}}</msg>
<arg>${json_data}</arg>
<doc>Logs the given message with the given level.</doc>
<status status="PASS" start="2024-07-30T14:14:37.024136" elapsed="0.000205"/>
</kw>
<kw name="Should Be Equal As Numbers" owner="BuiltIn">
<arg>${json_data['results'][0]['location']['postcode']}</arg>
<arg>${json_data['results'][0]['location']['postcode']}</arg>
<doc>Fails if objects are unequal after converting them to real numbers.</doc>
<status status="PASS" start="2024-07-30T14:14:37.024676" elapsed="0.000642"/>
</kw>
<kw name="Log" owner="BuiltIn">
<msg time="2024-07-30T14:14:37.025855" level="INFO">27652</msg>
<arg>${json_data['results'][0]['location']['postcode']}</arg>
<doc>Logs the given message with the given level.</doc>
<status status="PASS" start="2024-07-30T14:14:37.025512" elapsed="0.000384"/>
</kw>
<status status="PASS" start="2024-07-30T14:14:29.151462" elapsed="7.874695"/>
</kw>
<doc>Testa se os tipos de dados na resposta da API estão corretos.</doc>
<tag>testeTiposDados</tag>
<status status="PASS" start="2024-07-30T14:14:22.094872" elapsed="14.931494"/>
</test>
<test id="s1-s1-t5" name="Validar conteudo" line="35">
<kw name="Teste de Tipos de Conteudo" owner="random-user-service">
<kw name="GET On Session" owner="RequestsLibrary">
<msg time="2024-07-30T14:14:43.453464" level="INFO">GET Request : url=https://randomuser.me/api 
 path_url=/api 
 headers={'User-Agent': 'python-requests/2.32.3', 'Accept-Encoding': 'gzip, deflate', 'Accept': '*/*', 'Connection': 'keep-alive'} 
 body=None 
 </msg>
<msg time="2024-07-30T14:14:43.453574" level="INFO">GET Response : url=https://randomuser.me/api 
 status=200, reason=OK 
 headers={'Date': 'Tue, 30 Jul 2024 14:14:43 GMT', 'Content-Type': 'application/json; charset=utf-8', 'Transfer-Encoding': 'chunked', 'Connection': 'keep-alive', 'X-Powered-By': 'Express', 'Access-Control-Allow-Origin': '*', 'Cache-Control': 'no-cache', 'ETag': 'W/"482-GSrMBGEDfzZKLgFk5foe8SN9cCc"', 'Vary': 'Accept-Encoding', 'Content-Encoding': 'gzip', 'CF-Cache-Status': 'DYNAMIC', 'Report-To': '{"endpoints":[{"url":"https:\\/\\/a.nel.cloudflare.com\\/report\\/v4?s=wyoJhKIIUXIuW7W3IQ0gLwnoI83aSjflAQf83VM49u6opLSQhweU63b8ApMexwzohw%2FI%2FaG%2FTYrZ%2BAZNE9h1U1pPPrjTdv5yzELsGIhdEyUT1USWICTEM27jQ2PM2W%2F%2F"}],"group":"cf-nel","max_age":604800}', 'NEL': '{"success_fraction":0,"report_to":"cf-nel","max_age":604800}', 'Server': 'cloudflare', 'CF-RAY': '8ab5f4c17b3c0610-IAD', 'alt-svc': 'h3=":443"; ma=86400'} 
 body={"results":[{"gender":"female","name":{"title":"Miss","first":"Sonali","last":"Shetty"},"location":{"street":{"number":6940,"name":"Janpath"},"city":"Kishanganj","state":"Chhattisgarh","country":"India","postcode":67912,"coordinates":{"latitude":"8.2341","longitude":"46.1924"},"timezone":{"offset":"-11:00","description":"Midway Island, Samoa"}},"email":"sonali.shetty@example.com","login":{"uuid":"de20b582-a66b-4147-9704-bbe569ea96c5","username":"crazypanda745","password":"4ever","salt":"zxRgpELB","md5":"525827cc0dfbaaeb49a891fdc03d2071","sha1":"92d40bc3530a1f425d6e7b39add21af94bd6e435","sha256":"d922fef3daf37a9b573b2cc63486492024e4b645f3bf6e10836b95273696be51"},"dob":{"date":"1995-10-29T18:58:59.587Z","age":28},"registered":{"date":"2008-09-30T13:10:30.028Z","age":15},"phone":"8966483960","cell":"7922758207","id":{"name":"UIDAI","value":"584995245645"},"picture":{"large":"https://randomuser.me/api/portraits/women/38.jpg","medium":"https://randomuser.me/api/portraits/med/women/38.jpg","thumbnail":"https://randomuser.me/api/portraits/thumb/women/38.jpg"},"nat":"IN"}],"info":{"seed":"d9c199ccbf96e51f","results":1,"page":1,"version":"1.4"}} 
 </msg>
<msg time="2024-07-30T14:14:43.453657" level="INFO">/opt/hostedtoolcache/Python/3.12.4/x64/lib/python3.12/site-packages/urllib3/connectionpool.py:1099: InsecureRequestWarning: Unverified HTTPS request is being made to host 'randomuser.me'. Adding certificate verification is strongly advised. See: https://urllib3.readthedocs.io/en/latest/advanced-usage.html#tls-warnings
  warnings.warn(</msg>
<msg time="2024-07-30T14:14:43.453791" level="INFO">${response} = &lt;Response [200]&gt;</msg>
<var>${response}</var>
<arg>consultarAPI</arg>
<arg>/api</arg>
<doc>Sends a GET request on a previously created HTTP Session.</doc>
<status status="PASS" start="2024-07-30T14:14:37.029148" elapsed="6.424685"/>
</kw>
<kw name="Set Variable" owner="BuiltIn">
<msg time="2024-07-30T14:14:43.454853" level="INFO">${json_data} = {'results': [{'gender': 'female', 'name': {'title': 'Miss', 'first': 'Sonali', 'last': 'Shetty'}, 'location': {'street': {'number': 6940, 'name': 'Janpath'}, 'city': 'Kishanganj', 'state': 'Chhattisga...</msg>
<var>${json_data}</var>
<arg>${response.json()}</arg>
<doc>Returns the given values which can then be assigned to a variables.</doc>
<status status="PASS" start="2024-07-30T14:14:43.454336" elapsed="0.000545"/>
</kw>
<kw name="Set Variable" owner="BuiltIn">
<msg time="2024-07-30T14:14:43.455578" level="INFO">${name_title} = Miss</msg>
<var>${name_title}</var>
<arg>${json_data["results"][0]["name"]["title"]}</arg>
<doc>Returns the given values which can then be assigned to a variables.</doc>
<status status="PASS" start="2024-07-30T14:14:43.455188" elapsed="0.000416"/>
</kw>
<kw name="Create List" owner="BuiltIn">
<msg time="2024-07-30T14:14:43.456052" level="INFO">${allowed_titles} = ['Mr', 'Ms', 'Miss', 'Mrs', 'Madame', 'Monsieur']</msg>
<var>${allowed_titles}</var>
<arg>Mr</arg>
<arg>Ms</arg>
<arg>Miss</arg>
<arg>Mrs</arg>
<arg>Madame</arg>
<arg>Monsieur</arg>
<doc>Returns a list containing given items.</doc>
<status status="PASS" start="2024-07-30T14:14:43.455902" elapsed="0.000175"/>
</kw>
<kw name="List Should Contain Value" owner="Collections">
<arg>${allowed_titles}</arg>
<arg>${name_title}</arg>
<doc>Fails if the ``value`` is not found from ``list``.</doc>
<status status="PASS" start="2024-07-30T14:14:43.456377" elapsed="0.000231"/>
</kw>
<kw name="Set Variable" owner="BuiltIn">
<msg time="2024-07-30T14:14:43.457180" level="INFO">${name_country} = IN</msg>
<var>${name_country}</var>
<arg>${json_data["results"][0]["nat"]}</arg>
<doc>Returns the given values which can then be assigned to a variables.</doc>
<status status="PASS" start="2024-07-30T14:14:43.456800" elapsed="0.000405"/>
</kw>
<kw name="Create List" owner="BuiltIn">
<msg time="2024-07-30T14:14:43.458098" level="INFO">${list_country} = ['AD', 'AE', 'AF', 'AG', 'AI', 'AL', 'AM', 'AO', 'AQ', 'AR', 'AS', 'AT', 'AU', 'AW', 'AX', 'AZ', 'BA', 'BB', 'BD', 'BE', 'BF', 'BG', 'BH', 'BI', 'BJ', 'BL', 'BM', 'BN', 'BO', 'BQ', 'BR', 'BS', 'BT', '...</msg>
<var>${list_country}</var>
<arg>AD</arg>
<arg>AE</arg>
<arg>AF</arg>
<arg>AG</arg>
<arg>AI</arg>
<arg>AL</arg>
<arg>AM</arg>
<arg>AO</arg>
<arg>AQ</arg>
<arg>AR</arg>
<arg>AS</arg>
<arg>AT</arg>
<arg>AU</arg>
<arg>AW</arg>
<arg>AX</arg>
<arg>AZ</arg>
<arg>BA</arg>
<arg>BB</arg>
<arg>BD</arg>
<arg>BE</arg>
<arg>BF</arg>
<arg>BG</arg>
<arg>BH</arg>
<arg>BI</arg>
<arg>BJ</arg>
<arg>BL</arg>
<arg>BM</arg>
<arg>BN</arg>
<arg>BO</arg>
<arg>BQ</arg>
<arg>BR</arg>
<arg>BS</arg>
<arg>BT</arg>
<arg>BV</arg>
<arg>BW</arg>
<arg>BY</arg>
<arg>BZ</arg>
<arg>CA</arg>
<arg>CC</arg>
<arg>CD</arg>
<arg>CF</arg>
<arg>CG</arg>
<arg>CH</arg>
<arg>CI</arg>
<arg>CK</arg>
<arg>CL</arg>
<arg>CM</arg>
<arg>CN</arg>
<arg>CO</arg>
<arg>CR</arg>
<arg>CU</arg>
<arg>CV</arg>
<arg>CW</arg>
<arg>CX</arg>
<arg>CY</arg>
<arg>CZ</arg>
<arg>DE</arg>
<arg>DJ</arg>
<arg>DK</arg>
<arg>DM</arg>
<arg>DO</arg>
<arg>DZ</arg>
<arg>EC</arg>
<arg>EE</arg>
<arg>EG</arg>
<arg>EH</arg>
<arg>ER</arg>
<arg>ES</arg>
<arg>ET</arg>
<arg>FI</arg>
<arg>FJ</arg>
<arg>FK</arg>
<arg>FM</arg>
<arg>FO</arg>
<arg>FR</arg>
<arg>GA</arg>
<arg>GB</arg>
<arg>GD</arg>
<arg>GE</arg>
<arg>GF</arg>
<arg>GG</arg>
<arg>GH</arg>
<arg>GI</arg>
<arg>GL</arg>
<arg>GM</arg>
<arg>GN</arg>
<arg>GP</arg>
<arg>GQ</arg>
<arg>GR</arg>
<arg>GS</arg>
<arg>GT</arg>
<arg>GU</arg>
<arg>GW</arg>
<arg>GY</arg>
<arg>HK</arg>
<arg>HM</arg>
<arg>HN</arg>
<arg>HR</arg>
<arg>HT</arg>
<arg>HU</arg>
<arg>ID</arg>
<arg>IE</arg>
<arg>IL</arg>
<arg>IM</arg>
<arg>IN</arg>
<arg>IO</arg>
<arg>IQ</arg>
<arg>IR</arg>
<arg>IS</arg>
<arg>IT</arg>
<arg>JE</arg>
<arg>JM</arg>
<arg>JO</arg>
<arg>JP</arg>
<arg>KE</arg>
<arg>KG</arg>
<arg>KH</arg>
<arg>KI</arg>
<arg>KM</arg>
<arg>KN</arg>
<arg>KP</arg>
<arg>KR</arg>
<arg>KW</arg>
<arg>KY</arg>
<arg>KZ</arg>
<arg>LA</arg>
<arg>LB</arg>
<arg>LC</arg>
<arg>LI</arg>
<arg>LK</arg>
<arg>LR</arg>
<arg>LS</arg>
<arg>LT</arg>
<arg>LU</arg>
<arg>LV</arg>
<arg>LY</arg>
<arg>MA</arg>
<arg>MC</arg>
<arg>MD</arg>
<arg>ME</arg>
<arg>MF</arg>
<arg>MG</arg>
<arg>MH</arg>
<arg>MK</arg>
<arg>ML</arg>
<arg>MM</arg>
<arg>MN</arg>
<arg>MO</arg>
<arg>MP</arg>
<arg>MQ</arg>
<arg>MR</arg>
<arg>MS</arg>
<arg>MT</arg>
<arg>MU</arg>
<arg>MV</arg>
<arg>MW</arg>
<arg>MX</arg>
<arg>MY</arg>
<arg>MZ</arg>
<arg>NA</arg>
<arg>NC</arg>
<arg>NE</arg>
<arg>NF</arg>
<arg>NG</arg>
<arg>NI</arg>
<arg>NL</arg>
<arg>NO</arg>
<arg>NP</arg>
<arg>NR</arg>
<arg>NU</arg>
<arg>NZ</arg>
<arg>OM</arg>
<arg>PA</arg>
<arg>PE</arg>
<arg>PF</arg>
<arg>PG</arg>
<arg>PH</arg>
<arg>PK</arg>
<arg>PL</arg>
<arg>PM</arg>
<arg>PN</arg>
<arg>PR</arg>
<arg>PS</arg>
<arg>PT</arg>
<arg>PW</arg>
<arg>PY</arg>
<arg>QA</arg>
<arg>RE</arg>
<arg>RO</arg>
<arg>RS</arg>
<arg>RU</arg>
<arg>RW</arg>
<arg>SA</arg>
<arg>SB</arg>
<arg>SC</arg>
<arg>SD</arg>
<arg>SE</arg>
<arg>SG</arg>
<arg>SH</arg>
<arg>SI</arg>
<arg>SJ</arg>
<arg>SK</arg>
<arg>SL</arg>
<arg>SM</arg>
<arg>SN</arg>
<arg>SO</arg>
<arg>SR</arg>
<arg>SS</arg>
<arg>ST</arg>
<arg>SV</arg>
<arg>SX</arg>
<arg>SY</arg>
<arg>SZ</arg>
<arg>TC</arg>
<arg>TD</arg>
<arg>TF</arg>
<arg>TG</arg>
<arg>TH</arg>
<arg>TJ</arg>
<arg>TK</arg>
<arg>TL</arg>
<arg>TM</arg>
<arg>TN</arg>
<arg>TO</arg>
<arg>TR</arg>
<arg>TT</arg>
<arg>TV</arg>
<arg>TW</arg>
<arg>TZ</arg>
<arg>UA</arg>
<arg>UG</arg>
<arg>UM</arg>
<arg>US</arg>
<arg>UY</arg>
<arg>UZ</arg>
<arg>VA</arg>
<arg>VC</arg>
<arg>VE</arg>
<arg>VG</arg>
<arg>VI</arg>
<arg>VN</arg>
<arg>VU</arg>
<arg>WF</arg>
<arg>WS</arg>
<arg>XK</arg>
<arg>YE</arg>
<arg>YT</arg>
<arg>ZA</arg>
<arg>ZM</arg>
<arg>ZW</arg>
<doc>Returns a list containing given items.</doc>
<status status="PASS" start="2024-07-30T14:14:43.457501" elapsed="0.000622"/>
</kw>
<kw name="List Should Contain Value" owner="Collections">
<arg>${list_country}</arg>
<arg>${name_country}</arg>
<doc>Fails if the ``value`` is not found from ``list``.</doc>
<status status="PASS" start="2024-07-30T14:14:43.459112" elapsed="0.000211"/>
</kw>
<kw name="Run Keyword If" owner="BuiltIn">
<kw name="Should Be True" owner="BuiltIn">
<arg>${True}</arg>
<doc>Fails if the given condition is not true.</doc>
<status status="PASS" start="2024-07-30T14:14:43.460282" elapsed="0.000143"/>
</kw>
<arg>${json_data["results"][0]["location"]["coordinates"]["latitude"]} &gt;= -90 and ${json_data["results"][0]["location"]["coordinates"]["latitude"]} &lt;= 90</arg>
<arg>Should Be True</arg>
<arg>${True}</arg>
<doc>Runs the given keyword with the given arguments, if ``condition`` is true.</doc>
<status status="PASS" start="2024-07-30T14:14:43.459523" elapsed="0.001063"/>
</kw>
<kw name="Run Keyword If" owner="BuiltIn">
<kw name="Should Be True" owner="BuiltIn">
<arg>${True}</arg>
<doc>Fails if the given condition is not true.</doc>
<status status="PASS" start="2024-07-30T14:14:43.461467" elapsed="0.000138"/>
</kw>
<arg>${json_data["results"][0]["location"]["coordinates"]["longitude"]} &gt;= -180 and ${json_data["results"][0]["location"]["coordinates"]["longitude"]} &lt;= 180</arg>
<arg>Should Be True</arg>
<arg>${True}</arg>
<doc>Runs the given keyword with the given arguments, if ``condition`` is true.</doc>
<status status="PASS" start="2024-07-30T14:14:43.460768" elapsed="0.000959"/>
</kw>
<status status="PASS" start="2024-07-30T14:14:37.028786" elapsed="6.433072"/>
</kw>
<doc>Testa o conteúdo específico dos campos retornados pela API.</doc>
<tag>testeConteudo</tag>
<status status="PASS" start="2024-07-30T14:14:37.028125" elapsed="6.433884"/>
</test>
<status status="PASS" start="2024-07-30T14:14:15.852267" elapsed="27.611734"/>
</suite>
<status status="PASS" start="2024-07-30T14:14:15.837606" elapsed="27.631567"/>
</suite>
<statistics>
<total>
<stat pass="5" fail="0" skip="0">All Tests</stat>
</total>
<tag>
<stat pass="1" fail="0" skip="0">testeConteudo</stat>
<stat pass="1" fail="0" skip="0">testeEstruturaResposta</stat>
<stat pass="1" fail="0" skip="0">testeRequisicaoBasica</stat>
<stat pass="1" fail="0" skip="0">testeTiposDados</stat>
</tag>
<suite>
<stat pass="5" fail="0" skip="0" id="s1" name="Tests">Tests</stat>
<stat pass="5" fail="0" skip="0" id="s1-s1" name="Random-User-Test">Tests.Random-User-Test</stat>
</suite>
</statistics>
<errors>
</errors>
</robot>
