<?xml version="1.0" encoding="UTF-8"?>
<robot generator="Robot 7.0 (Python 3.12.3 on linux)" generated="2024-04-21T17:12:45.205360" rpa="false" schemaversion="5">
<suite id="s1" name="Tests" source="/home/runner/work/DesafioQAItauRogerioJordao/DesafioQAItauRogerioJordao/RamdonUser/tests">
<suite id="s1-s1" name="Random-User-Test" source="/home/runner/work/DesafioQAItauRogerioJordao/DesafioQAItauRogerioJordao/RamdonUser/tests/random-user-test.robot">
<test id="s1-s1-t1" name="Conectar" line="13">
<kw name="Conectar API" owner="random-user-service">
<kw name="Create Session" owner="RequestsLibrary">
<msg time="2024-04-21T17:12:45.591434" level="INFO">Creating Session using : alias=consultarAPI, url=https://randomuser.me/, headers={},                     cookies={}, auth=None, timeout=None, proxies=None, verify=False,                     debug=0 </msg>
<arg>consultarAPI</arg>
<arg>${URL}</arg>
<doc>Create Session: create a HTTP session to a server</doc>
<status status="PASS" start="2024-04-21T17:12:45.591224" elapsed="0.000397"/>
</kw>
<status status="PASS" start="2024-04-21T17:12:45.590179" elapsed="0.001819"/>
</kw>
<status status="PASS" start="2024-04-21T17:12:45.589627" elapsed="0.002575"/>
</test>
<test id="s1-s1-t2" name="Validar retorno 200 e JSON Válido" line="16">
<kw name="Teste de Requisicao Basica" owner="random-user-service">
<kw name="GET On Session" owner="RequestsLibrary">
<msg time="2024-04-21T17:12:45.702619" level="INFO">GET Request : url=https://randomuser.me/api 
 path_url=/api 
 headers={'User-Agent': 'python-requests/2.31.0', 'Accept-Encoding': 'gzip, deflate', 'Accept': '*/*', 'Connection': 'keep-alive'} 
 body=None 
 </msg>
<msg time="2024-04-21T17:12:45.702796" level="INFO">GET Response : url=https://randomuser.me/api 
 status=200, reason=OK 
 headers={'Date': 'Sun, 21 Apr 2024 17:12:45 GMT', 'Content-Type': 'application/json; charset=utf-8', 'Transfer-Encoding': 'chunked', 'Connection': 'keep-alive', 'X-Powered-By': 'Express', 'Access-Control-Allow-Origin': '*', 'Cache-Control': 'no-cache', 'ETag': 'W/"487-4GAa/wna2bQANUIkNlmrpcrc/p8"', 'Vary': 'Accept-Encoding', 'Content-Encoding': 'gzip', 'CF-Cache-Status': 'DYNAMIC', 'Report-To': '{"endpoints":[{"url":"https:\\/\\/a.nel.cloudflare.com\\/report\\/v4?s=Q09%2BU%2BbuDsS16yUN8sUTeAxbpo2%2FJs9ExgWvRhRiDT6j1pD5fITihyd4nI0HMT0WtDp2rUV8u%2Fu9m3JYL5rmxBYklbVRu%2F1uoX3N%2FiZOUI9BhYSHuBU%2FLH4z8AVm5Mel"}],"group":"cf-nel","max_age":604800}', 'NEL': '{"success_fraction":0,"report_to":"cf-nel","max_age":604800}', 'Server': 'cloudflare', 'CF-RAY': '877f00351d1efade-SJC', 'alt-svc': 'h3=":443"; ma=86400'} 
 body={"results":[{"gender":"female","name":{"title":"Miss","first":"Ángela","last":"Griego"},"location":{"street":{"number":2967,"name":"Periférico Hidalgo"},"city":"La Victoria","state":"Oaxaca","country":"Mexico","postcode":35211,"coordinates":{"latitude":"22.5172","longitude":"91.4704"},"timezone":{"offset":"-9:00","description":"Alaska"}},"email":"angela.griego@example.com","login":{"uuid":"16314c79-467f-44ed-aad4-72312e91cfe9","username":"crazykoala228","password":"sounds","salt":"AD8p3YyO","md5":"a7134f035f87523f7695ca02575f9fda","sha1":"d3ddcb5cab66f80b8086238d210c2b3a15b9d6ed","sha256":"9eadbec0b10470a14a9a95dc7b4d9ed98014e5312c2de17a61fd46cf5da19b7e"},"dob":{"date":"1958-08-11T06:20:39.647Z","age":65},"registered":{"date":"2004-08-08T12:32:13.758Z","age":19},"phone":"(696) 179 8597","cell":"(685) 087 6614","id":{"name":"NSS","value":"75 30 41 5925 2"},"picture":{"large":"https://randomuser.me/api/portraits/women/13.jpg","medium":"https://randomuser.me/api/portraits/med/women/13.jpg","thumbnail":"https://randomuser.me/api/portraits/thumb/women/13.jpg"},"nat":"MX"}],"info":{"seed":"61a646cda703b195","results":1,"page":1,"version":"1.4"}} 
 </msg>
<msg time="2024-04-21T17:12:45.702901" level="INFO">/opt/hostedtoolcache/Python/3.12.3/x64/lib/python3.12/site-packages/urllib3/connectionpool.py:1103: InsecureRequestWarning: Unverified HTTPS request is being made to host 'randomuser.me'. Adding certificate verification is strongly advised. See: https://urllib3.readthedocs.io/en/latest/advanced-usage.html#tls-warnings
  warnings.warn(</msg>
<msg time="2024-04-21T17:12:45.703078" level="INFO">${response} = &lt;Response [200]&gt;</msg>
<var>${response}</var>
<arg>consultarAPI</arg>
<arg>/api</arg>
<doc>Sends a GET request on a previously created HTTP Session.</doc>
<status status="PASS" start="2024-04-21T17:12:45.594880" elapsed="0.108245"/>
</kw>
<kw name="Should Be Equal As Numbers" owner="BuiltIn">
<msg time="2024-04-21T17:12:45.704355" level="INFO">Argument types are:
&lt;class 'int'&gt;
&lt;class 'str'&gt;</msg>
<arg>${response.status_code}</arg>
<arg>200</arg>
<doc>Fails if objects are unequal after converting them to real numbers.</doc>
<status status="PASS" start="2024-04-21T17:12:45.703859" elapsed="0.000564"/>
</kw>
<kw name="Log" owner="BuiltIn">
<msg time="2024-04-21T17:12:45.705127" level="INFO">200</msg>
<arg>${response.status_code}</arg>
<doc>Logs the given message with the given level.</doc>
<status status="PASS" start="2024-04-21T17:12:45.704771" elapsed="0.000400"/>
</kw>
<kw name="Set Variable" owner="BuiltIn">
<msg time="2024-04-21T17:12:45.705943" level="INFO">${json_data} = {'results': [{'gender': 'female', 'name': {'title': 'Miss', 'first': 'Ángela', 'last': 'Griego'}, 'location': {'street': {'number': 2967, 'name': 'Periférico Hidalgo'}, 'city': 'La Victoria', 'state':...</msg>
<var>${json_data}</var>
<arg>${response.json()}</arg>
<doc>Returns the given values which can then be assigned to a variables.</doc>
<status status="PASS" start="2024-04-21T17:12:45.705488" elapsed="0.000484"/>
</kw>
<kw name="Dictionary Should Contain Key" owner="Collections">
<msg time="2024-04-21T17:12:45.706453" level="INFO">False</msg>
<arg>${json_data}</arg>
<arg>results</arg>
<doc>Fails if ``key`` is not found from ``dictionary``.</doc>
<status status="PASS" start="2024-04-21T17:12:45.706284" elapsed="0.000210"/>
</kw>
<status status="PASS" start="2024-04-21T17:12:45.594632" elapsed="0.112130"/>
</kw>
<doc>Testa se a API responde corretamente e retorna um objeto JSON válido.</doc>
<tag>testeRequisicaoBasica</tag>
<status status="PASS" start="2024-04-21T17:12:45.594177" elapsed="0.112779"/>
</test>
<test id="s1-s1-t3" name="Validar estrutura de resposta" line="22">
<kw name="Teste de Estrutura de Resposta" owner="random-user-service">
<kw name="GET On Session" owner="RequestsLibrary">
<msg time="2024-04-21T17:12:45.805859" level="INFO">GET Request : url=https://randomuser.me/api 
 path_url=/api 
 headers={'User-Agent': 'python-requests/2.31.0', 'Accept-Encoding': 'gzip, deflate', 'Accept': '*/*', 'Connection': 'keep-alive'} 
 body=None 
 </msg>
<msg time="2024-04-21T17:12:45.805961" level="INFO">GET Response : url=https://randomuser.me/api 
 status=200, reason=OK 
 headers={'Date': 'Sun, 21 Apr 2024 17:12:45 GMT', 'Content-Type': 'application/json; charset=utf-8', 'Transfer-Encoding': 'chunked', 'Connection': 'keep-alive', 'X-Powered-By': 'Express', 'Access-Control-Allow-Origin': '*', 'Cache-Control': 'no-cache', 'ETag': 'W/"490-epyNpEU2rrbEOtXx5SLY2ZKE/Xo"', 'Vary': 'Accept-Encoding', 'Content-Encoding': 'gzip', 'CF-Cache-Status': 'DYNAMIC', 'Report-To': '{"endpoints":[{"url":"https:\\/\\/a.nel.cloudflare.com\\/report\\/v4?s=mE1aYE3lmQZyAuVfudSBt4Sism%2BYaDXCZrTJbw0cwKWzvA90X4XRUy5Oq2T83sQoCXaPvGbfRZ3SpjMUHjGlNflKJ7aVjEkEpjZNSRXkKsFZgpk3zhqmbxCdrDKKcm66"}],"group":"cf-nel","max_age":604800}', 'NEL': '{"success_fraction":0,"report_to":"cf-nel","max_age":604800}', 'Server': 'cloudflare', 'CF-RAY': '877f0035bdc1fade-SJC', 'alt-svc': 'h3=":443"; ma=86400'} 
 body={"results":[{"gender":"male","name":{"title":"Mr","first":"Oswaldo","last":"Castellanos"},"location":{"street":{"number":6422,"name":"Peatonal Casanova"},"city":"Jilotepec","state":"Zacatecas","country":"Mexico","postcode":93347,"coordinates":{"latitude":"29.3654","longitude":"-138.6212"},"timezone":{"offset":"-3:30","description":"Newfoundland"}},"email":"oswaldo.castellanos@example.com","login":{"uuid":"b34ab6fe-a28e-4690-a3cb-f3476ffc88a1","username":"silverpanda981","password":"colton","salt":"NiH6yMax","md5":"51175b256a752b00b8e1a2de7bb9f682","sha1":"cf3700f32fba45609d72ccf2e10d838f9c1a4fc2","sha256":"6f58c92d8aa0e6732217d59aa8e4333d847d90b6665f4f17eb5e764844de5d20"},"dob":{"date":"1955-10-24T15:51:02.353Z","age":68},"registered":{"date":"2007-10-02T00:05:03.586Z","age":16},"phone":"(649) 985 5606","cell":"(642) 990 4906","id":{"name":"NSS","value":"58 64 89 0688 6"},"picture":{"large":"https://randomuser.me/api/portraits/men/49.jpg","medium":"https://randomuser.me/api/portraits/med/men/49.jpg","thumbnail":"https://randomuser.me/api/portraits/thumb/men/49.jpg"},"nat":"MX"}],"info":{"seed":"f2f8caa2d34b3714","results":1,"page":1,"version":"1.4"}} 
 </msg>
<msg time="2024-04-21T17:12:45.806092" level="INFO">/opt/hostedtoolcache/Python/3.12.3/x64/lib/python3.12/site-packages/urllib3/connectionpool.py:1103: InsecureRequestWarning: Unverified HTTPS request is being made to host 'randomuser.me'. Adding certificate verification is strongly advised. See: https://urllib3.readthedocs.io/en/latest/advanced-usage.html#tls-warnings
  warnings.warn(</msg>
<msg time="2024-04-21T17:12:45.806217" level="INFO">${response} = &lt;Response [200]&gt;</msg>
<var>${response}</var>
<arg>consultarAPI</arg>
<arg>/api</arg>
<doc>Sends a GET request on a previously created HTTP Session.</doc>
<status status="PASS" start="2024-04-21T17:12:45.709659" elapsed="0.096601"/>
</kw>
<kw name="Set Variable" owner="BuiltIn">
<msg time="2024-04-21T17:12:45.807536" level="INFO">${json_data} = {'results': [{'gender': 'male', 'name': {'title': 'Mr', 'first': 'Oswaldo', 'last': 'Castellanos'}, 'location': {'street': {'number': 6422, 'name': 'Peatonal Casanova'}, 'city': 'Jilotepec', 'state': ...</msg>
<var>${json_data}</var>
<arg>${response.json()}</arg>
<doc>Returns the given values which can then be assigned to a variables.</doc>
<status status="PASS" start="2024-04-21T17:12:45.806867" elapsed="0.000698"/>
</kw>
<kw name="Log" owner="BuiltIn">
<msg time="2024-04-21T17:12:45.808040" level="INFO">{'results': [{'gender': 'male', 'name': {'title': 'Mr', 'first': 'Oswaldo', 'last': 'Castellanos'}, 'location': {'street': {'number': 6422, 'name': 'Peatonal Casanova'}, 'city': 'Jilotepec', 'state': 'Zacatecas', 'country': 'Mexico', 'postcode': 93347, 'coordinates': {'latitude': '29.3654', 'longitude': '-138.6212'}, 'timezone': {'offset': '-3:30', 'description': 'Newfoundland'}}, 'email': 'oswaldo.castellanos@example.com', 'login': {'uuid': 'b34ab6fe-a28e-4690-a3cb-f3476ffc88a1', 'username': 'silverpanda981', 'password': 'colton', 'salt': 'NiH6yMax', 'md5': '51175b256a752b00b8e1a2de7bb9f682', 'sha1': 'cf3700f32fba45609d72ccf2e10d838f9c1a4fc2', 'sha256': '6f58c92d8aa0e6732217d59aa8e4333d847d90b6665f4f17eb5e764844de5d20'}, 'dob': {'date': '1955-10-24T15:51:02.353Z', 'age': 68}, 'registered': {'date': '2007-10-02T00:05:03.586Z', 'age': 16}, 'phone': '(649) 985 5606', 'cell': '(642) 990 4906', 'id': {'name': 'NSS', 'value': '58 64 89 0688 6'}, 'picture': {'large': 'https://randomuser.me/api/portraits/men/49.jpg', 'medium': 'https://randomuser.me/api/portraits/med/men/49.jpg', 'thumbnail': 'https://randomuser.me/api/portraits/thumb/men/49.jpg'}, 'nat': 'MX'}], 'info': {'seed': 'f2f8caa2d34b3714', 'results': 1, 'page': 1, 'version': '1.4'}}</msg>
<arg>${json_data}</arg>
<doc>Logs the given message with the given level.</doc>
<status status="PASS" start="2024-04-21T17:12:45.807880" elapsed="0.000209"/>
</kw>
<kw name="Dictionary Should Contain Key" owner="Collections">
<msg time="2024-04-21T17:12:45.808553" level="INFO">False</msg>
<arg>${json_data}</arg>
<arg>results</arg>
<doc>Fails if ``key`` is not found from ``dictionary``.</doc>
<status status="PASS" start="2024-04-21T17:12:45.808397" elapsed="0.000194"/>
</kw>
<kw name="Should Not Be Empty" owner="BuiltIn">
<msg time="2024-04-21T17:12:45.809030" level="INFO">Length is 2.</msg>
<arg>${json_data}</arg>
<doc>Verifies that the given item is not empty.</doc>
<status status="PASS" start="2024-04-21T17:12:45.808899" elapsed="0.000169"/>
</kw>
<kw name="Create List" owner="BuiltIn">
<msg time="2024-04-21T17:12:45.809669" level="INFO">${expected_keys} = ['gender', 'name', 'location', 'email', 'login']</msg>
<var>${expected_keys}</var>
<arg>gender</arg>
<arg>name</arg>
<arg>location</arg>
<arg>email</arg>
<arg>login</arg>
<doc>Returns a list containing given items.</doc>
<status status="PASS" start="2024-04-21T17:12:45.809366" elapsed="0.000328"/>
</kw>
<for flavor="IN">
<iter>
<kw name="Dictionary Should Contain Key" owner="Collections">
<msg time="2024-04-21T17:12:45.810710" level="INFO">False</msg>
<arg>${json_data['results'][0]}</arg>
<arg>${key}</arg>
<doc>Fails if ``key`` is not found from ``dictionary``.</doc>
<status status="PASS" start="2024-04-21T17:12:45.810311" elapsed="0.000438"/>
</kw>
<kw name="Log" owner="BuiltIn">
<msg time="2024-04-21T17:12:45.811460" level="INFO">{'gender': 'male', 'name': {'title': 'Mr', 'first': 'Oswaldo', 'last': 'Castellanos'}, 'location': {'street': {'number': 6422, 'name': 'Peatonal Casanova'}, 'city': 'Jilotepec', 'state': 'Zacatecas', 'country': 'Mexico', 'postcode': 93347, 'coordinates': {'latitude': '29.3654', 'longitude': '-138.6212'}, 'timezone': {'offset': '-3:30', 'description': 'Newfoundland'}}, 'email': 'oswaldo.castellanos@example.com', 'login': {'uuid': 'b34ab6fe-a28e-4690-a3cb-f3476ffc88a1', 'username': 'silverpanda981', 'password': 'colton', 'salt': 'NiH6yMax', 'md5': '51175b256a752b00b8e1a2de7bb9f682', 'sha1': 'cf3700f32fba45609d72ccf2e10d838f9c1a4fc2', 'sha256': '6f58c92d8aa0e6732217d59aa8e4333d847d90b6665f4f17eb5e764844de5d20'}, 'dob': {'date': '1955-10-24T15:51:02.353Z', 'age': 68}, 'registered': {'date': '2007-10-02T00:05:03.586Z', 'age': 16}, 'phone': '(649) 985 5606', 'cell': '(642) 990 4906', 'id': {'name': 'NSS', 'value': '58 64 89 0688 6'}, 'picture': {'large': 'https://randomuser.me/api/portraits/men/49.jpg', 'medium': 'https://randomuser.me/api/portraits/med/men/49.jpg', 'thumbnail': 'https://randomuser.me/api/portraits/thumb/men/49.jpg'}, 'nat': 'MX'}</msg>
<arg>${json_data['results'][0]}</arg>
<doc>Logs the given message with the given level.</doc>
<status status="PASS" start="2024-04-21T17:12:45.811089" elapsed="0.000419"/>
</kw>
<kw name="Log" owner="BuiltIn">
<msg time="2024-04-21T17:12:45.811937" level="INFO">gender</msg>
<arg>${key}</arg>
<doc>Logs the given message with the given level.</doc>
<status status="PASS" start="2024-04-21T17:12:45.811809" elapsed="0.000166"/>
</kw>
<var name="${key}">gender</var>
<status status="PASS" start="2024-04-21T17:12:45.810170" elapsed="0.002026"/>
</iter>
<iter>
<kw name="Dictionary Should Contain Key" owner="Collections">
<msg time="2024-04-21T17:12:45.812893" level="INFO">False</msg>
<arg>${json_data['results'][0]}</arg>
<arg>${key}</arg>
<doc>Fails if ``key`` is not found from ``dictionary``.</doc>
<status status="PASS" start="2024-04-21T17:12:45.812505" elapsed="0.000425"/>
</kw>
<kw name="Log" owner="BuiltIn">
<msg time="2024-04-21T17:12:45.813644" level="INFO">{'gender': 'male', 'name': {'title': 'Mr', 'first': 'Oswaldo', 'last': 'Castellanos'}, 'location': {'street': {'number': 6422, 'name': 'Peatonal Casanova'}, 'city': 'Jilotepec', 'state': 'Zacatecas', 'country': 'Mexico', 'postcode': 93347, 'coordinates': {'latitude': '29.3654', 'longitude': '-138.6212'}, 'timezone': {'offset': '-3:30', 'description': 'Newfoundland'}}, 'email': 'oswaldo.castellanos@example.com', 'login': {'uuid': 'b34ab6fe-a28e-4690-a3cb-f3476ffc88a1', 'username': 'silverpanda981', 'password': 'colton', 'salt': 'NiH6yMax', 'md5': '51175b256a752b00b8e1a2de7bb9f682', 'sha1': 'cf3700f32fba45609d72ccf2e10d838f9c1a4fc2', 'sha256': '6f58c92d8aa0e6732217d59aa8e4333d847d90b6665f4f17eb5e764844de5d20'}, 'dob': {'date': '1955-10-24T15:51:02.353Z', 'age': 68}, 'registered': {'date': '2007-10-02T00:05:03.586Z', 'age': 16}, 'phone': '(649) 985 5606', 'cell': '(642) 990 4906', 'id': {'name': 'NSS', 'value': '58 64 89 0688 6'}, 'picture': {'large': 'https://randomuser.me/api/portraits/men/49.jpg', 'medium': 'https://randomuser.me/api/portraits/med/men/49.jpg', 'thumbnail': 'https://randomuser.me/api/portraits/thumb/men/49.jpg'}, 'nat': 'MX'}</msg>
<arg>${json_data['results'][0]}</arg>
<doc>Logs the given message with the given level.</doc>
<status status="PASS" start="2024-04-21T17:12:45.813262" elapsed="0.000430"/>
</kw>
<kw name="Log" owner="BuiltIn">
<msg time="2024-04-21T17:12:45.814120" level="INFO">name</msg>
<arg>${key}</arg>
<doc>Logs the given message with the given level.</doc>
<status status="PASS" start="2024-04-21T17:12:45.813994" elapsed="0.000162"/>
</kw>
<var name="${key}">name</var>
<status status="PASS" start="2024-04-21T17:12:45.812390" elapsed="0.001985"/>
</iter>
<iter>
<kw name="Dictionary Should Contain Key" owner="Collections">
<msg time="2024-04-21T17:12:45.815094" level="INFO">False</msg>
<arg>${json_data['results'][0]}</arg>
<arg>${key}</arg>
<doc>Fails if ``key`` is not found from ``dictionary``.</doc>
<status status="PASS" start="2024-04-21T17:12:45.814672" elapsed="0.000462"/>
</kw>
<kw name="Log" owner="BuiltIn">
<msg time="2024-04-21T17:12:45.815800" level="INFO">{'gender': 'male', 'name': {'title': 'Mr', 'first': 'Oswaldo', 'last': 'Castellanos'}, 'location': {'street': {'number': 6422, 'name': 'Peatonal Casanova'}, 'city': 'Jilotepec', 'state': 'Zacatecas', 'country': 'Mexico', 'postcode': 93347, 'coordinates': {'latitude': '29.3654', 'longitude': '-138.6212'}, 'timezone': {'offset': '-3:30', 'description': 'Newfoundland'}}, 'email': 'oswaldo.castellanos@example.com', 'login': {'uuid': 'b34ab6fe-a28e-4690-a3cb-f3476ffc88a1', 'username': 'silverpanda981', 'password': 'colton', 'salt': 'NiH6yMax', 'md5': '51175b256a752b00b8e1a2de7bb9f682', 'sha1': 'cf3700f32fba45609d72ccf2e10d838f9c1a4fc2', 'sha256': '6f58c92d8aa0e6732217d59aa8e4333d847d90b6665f4f17eb5e764844de5d20'}, 'dob': {'date': '1955-10-24T15:51:02.353Z', 'age': 68}, 'registered': {'date': '2007-10-02T00:05:03.586Z', 'age': 16}, 'phone': '(649) 985 5606', 'cell': '(642) 990 4906', 'id': {'name': 'NSS', 'value': '58 64 89 0688 6'}, 'picture': {'large': 'https://randomuser.me/api/portraits/men/49.jpg', 'medium': 'https://randomuser.me/api/portraits/med/men/49.jpg', 'thumbnail': 'https://randomuser.me/api/portraits/thumb/men/49.jpg'}, 'nat': 'MX'}</msg>
<arg>${json_data['results'][0]}</arg>
<doc>Logs the given message with the given level.</doc>
<status status="PASS" start="2024-04-21T17:12:45.815439" elapsed="0.000408"/>
</kw>
<kw name="Log" owner="BuiltIn">
<msg time="2024-04-21T17:12:45.816273" level="INFO">location</msg>
<arg>${key}</arg>
<doc>Logs the given message with the given level.</doc>
<status status="PASS" start="2024-04-21T17:12:45.816146" elapsed="0.000164"/>
</kw>
<var name="${key}">location</var>
<status status="PASS" start="2024-04-21T17:12:45.814559" elapsed="0.001980"/>
</iter>
<iter>
<kw name="Dictionary Should Contain Key" owner="Collections">
<msg time="2024-04-21T17:12:45.817242" level="INFO">False</msg>
<arg>${json_data['results'][0]}</arg>
<arg>${key}</arg>
<doc>Fails if ``key`` is not found from ``dictionary``.</doc>
<status status="PASS" start="2024-04-21T17:12:45.816842" elapsed="0.000438"/>
</kw>
<kw name="Log" owner="BuiltIn">
<msg time="2024-04-21T17:12:45.817940" level="INFO">{'gender': 'male', 'name': {'title': 'Mr', 'first': 'Oswaldo', 'last': 'Castellanos'}, 'location': {'street': {'number': 6422, 'name': 'Peatonal Casanova'}, 'city': 'Jilotepec', 'state': 'Zacatecas', 'country': 'Mexico', 'postcode': 93347, 'coordinates': {'latitude': '29.3654', 'longitude': '-138.6212'}, 'timezone': {'offset': '-3:30', 'description': 'Newfoundland'}}, 'email': 'oswaldo.castellanos@example.com', 'login': {'uuid': 'b34ab6fe-a28e-4690-a3cb-f3476ffc88a1', 'username': 'silverpanda981', 'password': 'colton', 'salt': 'NiH6yMax', 'md5': '51175b256a752b00b8e1a2de7bb9f682', 'sha1': 'cf3700f32fba45609d72ccf2e10d838f9c1a4fc2', 'sha256': '6f58c92d8aa0e6732217d59aa8e4333d847d90b6665f4f17eb5e764844de5d20'}, 'dob': {'date': '1955-10-24T15:51:02.353Z', 'age': 68}, 'registered': {'date': '2007-10-02T00:05:03.586Z', 'age': 16}, 'phone': '(649) 985 5606', 'cell': '(642) 990 4906', 'id': {'name': 'NSS', 'value': '58 64 89 0688 6'}, 'picture': {'large': 'https://randomuser.me/api/portraits/men/49.jpg', 'medium': 'https://randomuser.me/api/portraits/med/men/49.jpg', 'thumbnail': 'https://randomuser.me/api/portraits/thumb/men/49.jpg'}, 'nat': 'MX'}</msg>
<arg>${json_data['results'][0]}</arg>
<doc>Logs the given message with the given level.</doc>
<status status="PASS" start="2024-04-21T17:12:45.817583" elapsed="0.000404"/>
</kw>
<kw name="Log" owner="BuiltIn">
<msg time="2024-04-21T17:12:45.818410" level="INFO">email</msg>
<arg>${key}</arg>
<doc>Logs the given message with the given level.</doc>
<status status="PASS" start="2024-04-21T17:12:45.818283" elapsed="0.000164"/>
</kw>
<var name="${key}">email</var>
<status status="PASS" start="2024-04-21T17:12:45.816720" elapsed="0.001951"/>
</iter>
<iter>
<kw name="Dictionary Should Contain Key" owner="Collections">
<msg time="2024-04-21T17:12:45.819382" level="INFO">False</msg>
<arg>${json_data['results'][0]}</arg>
<arg>${key}</arg>
<doc>Fails if ``key`` is not found from ``dictionary``.</doc>
<status status="PASS" start="2024-04-21T17:12:45.818959" elapsed="0.000462"/>
</kw>
<kw name="Log" owner="BuiltIn">
<msg time="2024-04-21T17:12:45.820104" level="INFO">{'gender': 'male', 'name': {'title': 'Mr', 'first': 'Oswaldo', 'last': 'Castellanos'}, 'location': {'street': {'number': 6422, 'name': 'Peatonal Casanova'}, 'city': 'Jilotepec', 'state': 'Zacatecas', 'country': 'Mexico', 'postcode': 93347, 'coordinates': {'latitude': '29.3654', 'longitude': '-138.6212'}, 'timezone': {'offset': '-3:30', 'description': 'Newfoundland'}}, 'email': 'oswaldo.castellanos@example.com', 'login': {'uuid': 'b34ab6fe-a28e-4690-a3cb-f3476ffc88a1', 'username': 'silverpanda981', 'password': 'colton', 'salt': 'NiH6yMax', 'md5': '51175b256a752b00b8e1a2de7bb9f682', 'sha1': 'cf3700f32fba45609d72ccf2e10d838f9c1a4fc2', 'sha256': '6f58c92d8aa0e6732217d59aa8e4333d847d90b6665f4f17eb5e764844de5d20'}, 'dob': {'date': '1955-10-24T15:51:02.353Z', 'age': 68}, 'registered': {'date': '2007-10-02T00:05:03.586Z', 'age': 16}, 'phone': '(649) 985 5606', 'cell': '(642) 990 4906', 'id': {'name': 'NSS', 'value': '58 64 89 0688 6'}, 'picture': {'large': 'https://randomuser.me/api/portraits/men/49.jpg', 'medium': 'https://randomuser.me/api/portraits/med/men/49.jpg', 'thumbnail': 'https://randomuser.me/api/portraits/thumb/men/49.jpg'}, 'nat': 'MX'}</msg>
<arg>${json_data['results'][0]}</arg>
<doc>Logs the given message with the given level.</doc>
<status status="PASS" start="2024-04-21T17:12:45.819723" elapsed="0.000430"/>
</kw>
<kw name="Log" owner="BuiltIn">
<msg time="2024-04-21T17:12:45.820587" level="INFO">login</msg>
<arg>${key}</arg>
<doc>Logs the given message with the given level.</doc>
<status status="PASS" start="2024-04-21T17:12:45.820460" elapsed="0.000165"/>
</kw>
<var name="${key}">login</var>
<status status="PASS" start="2024-04-21T17:12:45.818849" elapsed="0.002028"/>
</iter>
<var>${key}</var>
<value>@{expected_keys}</value>
<status status="PASS" start="2024-04-21T17:12:45.809971" elapsed="0.011038"/>
</for>
<kw name="Create List" owner="BuiltIn">
<msg time="2024-04-21T17:12:45.821355" level="INFO">${expected_keysTwo} = ['username', 'password']</msg>
<var>${expected_keysTwo}</var>
<arg>username</arg>
<arg>password</arg>
<doc>Returns a list containing given items.</doc>
<status status="PASS" start="2024-04-21T17:12:45.821218" elapsed="0.000160"/>
</kw>
<for flavor="IN">
<iter>
<kw name="Dictionary Should Contain Key" owner="Collections">
<msg time="2024-04-21T17:12:45.822272" level="INFO">False</msg>
<arg>${json_data['results'][0]['login']}</arg>
<arg>${keyTwo}</arg>
<doc>Fails if ``key`` is not found from ``dictionary``.</doc>
<status status="PASS" start="2024-04-21T17:12:45.821885" elapsed="0.000425"/>
</kw>
<kw name="Dictionary Should Contain Key" owner="Collections">
<msg time="2024-04-21T17:12:45.822993" level="INFO">False</msg>
<arg>${json_data['results'][0]['login']}</arg>
<arg>${keyTwo}</arg>
<doc>Fails if ``key`` is not found from ``dictionary``.</doc>
<status status="PASS" start="2024-04-21T17:12:45.822608" elapsed="0.000453"/>
</kw>
<kw name="Log" owner="BuiltIn">
<msg time="2024-04-21T17:12:45.823498" level="INFO">username</msg>
<arg>${keyTwo}</arg>
<doc>Logs the given message with the given level.</doc>
<status status="PASS" start="2024-04-21T17:12:45.823370" elapsed="0.000171"/>
</kw>
<var name="${keyTwo}">username</var>
<status status="PASS" start="2024-04-21T17:12:45.821776" elapsed="0.001985"/>
</iter>
<iter>
<kw name="Dictionary Should Contain Key" owner="Collections">
<msg time="2024-04-21T17:12:45.824437" level="INFO">False</msg>
<arg>${json_data['results'][0]['login']}</arg>
<arg>${keyTwo}</arg>
<doc>Fails if ``key`` is not found from ``dictionary``.</doc>
<status status="PASS" start="2024-04-21T17:12:45.824052" elapsed="0.000429"/>
</kw>
<kw name="Dictionary Should Contain Key" owner="Collections">
<msg time="2024-04-21T17:12:45.825249" level="INFO">False</msg>
<arg>${json_data['results'][0]['login']}</arg>
<arg>${keyTwo}</arg>
<doc>Fails if ``key`` is not found from ``dictionary``.</doc>
<status status="PASS" start="2024-04-21T17:12:45.824787" elapsed="0.000501"/>
</kw>
<kw name="Log" owner="BuiltIn">
<msg time="2024-04-21T17:12:45.825716" level="INFO">password</msg>
<arg>${keyTwo}</arg>
<doc>Logs the given message with the given level.</doc>
<status status="PASS" start="2024-04-21T17:12:45.825589" elapsed="0.000166"/>
</kw>
<var name="${keyTwo}">password</var>
<status status="PASS" start="2024-04-21T17:12:45.823942" elapsed="0.002037"/>
</iter>
<var>${keyTwo}</var>
<value>@{expected_keysTwo}</value>
<status status="PASS" start="2024-04-21T17:12:45.821622" elapsed="0.004485"/>
</for>
<status status="PASS" start="2024-04-21T17:12:45.709415" elapsed="0.116839"/>
</kw>
<doc>Testa a estrutura da resposta da API.</doc>
<tag>testeEstruturaResposta</tag>
<status status="PASS" start="2024-04-21T17:12:45.708872" elapsed="0.117550"/>
</test>
<test id="s1-s1-t4" name="Validar tipos de dados" line="28">
<kw name="Teste de Tipos de Dados" owner="random-user-service">
<kw name="GET On Session" owner="RequestsLibrary">
<msg time="2024-04-21T17:12:45.918300" level="INFO">GET Request : url=https://randomuser.me/api 
 path_url=/api 
 headers={'User-Agent': 'python-requests/2.31.0', 'Accept-Encoding': 'gzip, deflate', 'Accept': '*/*', 'Connection': 'keep-alive'} 
 body=None 
 </msg>
<msg time="2024-04-21T17:12:45.918400" level="INFO">GET Response : url=https://randomuser.me/api 
 status=200, reason=OK 
 headers={'Date': 'Sun, 21 Apr 2024 17:12:45 GMT', 'Content-Type': 'application/json; charset=utf-8', 'Transfer-Encoding': 'chunked', 'Connection': 'keep-alive', 'X-Powered-By': 'Express', 'Access-Control-Allow-Origin': '*', 'Cache-Control': 'no-cache', 'ETag': 'W/"494-HktKU+/0TUwGWhCTiFlhf1DEdO8"', 'Vary': 'Accept-Encoding', 'Content-Encoding': 'gzip', 'CF-Cache-Status': 'DYNAMIC', 'Report-To': '{"endpoints":[{"url":"https:\\/\\/a.nel.cloudflare.com\\/report\\/v4?s=oqB2dhMhX7zyvb0W8zMTmCLcxZxKcWxPKjABEc6t9dY08LAMSq0kWZKhTtn9eoZWUxT%2B9DvGCgqyZo%2Bx5WW8IcCiM23srdDsdi6U2%2BW0CDilog9IX5%2FDmQlUnyf3BV93"}],"group":"cf-nel","max_age":604800}', 'NEL': '{"success_fraction":0,"report_to":"cf-nel","max_age":604800}', 'Server': 'cloudflare', 'CF-RAY': '877f00367e53fade-SJC', 'alt-svc': 'h3=":443"; ma=86400'} 
 body={"results":[{"gender":"male","name":{"title":"Mr","first":"Volkan","last":"Ertepınar"},"location":{"street":{"number":5505,"name":"Doktorlar Cd"},"city":"Batman","state":"Bingöl","country":"Turkey","postcode":62037,"coordinates":{"latitude":"68.7121","longitude":"-32.0838"},"timezone":{"offset":"0:00","description":"Western Europe Time, London, Lisbon, Casablanca"}},"email":"volkan.ertepinar@example.com","login":{"uuid":"f6782e29-14cd-4c86-978b-efdecf8e7270","username":"orangepeacock917","password":"huskers","salt":"eqX2UHAK","md5":"09a9528691d006c22b61862cbda03a1c","sha1":"2224bb4c57a00736ecc9a2182eb0b8e115646340","sha256":"ec3514409e2ec705e77676eeaf475eb01add7807202e40299372a08e0682b889"},"dob":{"date":"1998-06-05T06:46:48.831Z","age":25},"registered":{"date":"2019-03-23T08:32:31.481Z","age":5},"phone":"(795)-841-4064","cell":"(988)-042-0739","id":{"name":"","value":null},"picture":{"large":"https://randomuser.me/api/portraits/men/89.jpg","medium":"https://randomuser.me/api/portraits/med/men/89.jpg","thumbnail":"https://randomuser.me/api/portraits/thumb/men/89.jpg"},"nat":"TR"}],"info":{"seed":"d9f248028b9b876f","results":1,"page":1,"version":"1.4"}} 
 </msg>
<msg time="2024-04-21T17:12:45.918480" level="INFO">/opt/hostedtoolcache/Python/3.12.3/x64/lib/python3.12/site-packages/urllib3/connectionpool.py:1103: InsecureRequestWarning: Unverified HTTPS request is being made to host 'randomuser.me'. Adding certificate verification is strongly advised. See: https://urllib3.readthedocs.io/en/latest/advanced-usage.html#tls-warnings
  warnings.warn(</msg>
<msg time="2024-04-21T17:12:45.918611" level="INFO">${response} = &lt;Response [200]&gt;</msg>
<var>${response}</var>
<arg>consultarAPI</arg>
<arg>/api</arg>
<doc>Sends a GET request on a previously created HTTP Session.</doc>
<status status="PASS" start="2024-04-21T17:12:45.828989" elapsed="0.089664"/>
</kw>
<kw name="Set Variable" owner="BuiltIn">
<msg time="2024-04-21T17:12:45.920023" level="INFO">${json_data} = {'results': [{'gender': 'male', 'name': {'title': 'Mr', 'first': 'Volkan', 'last': 'Ertepınar'}, 'location': {'street': {'number': 5505, 'name': 'Doktorlar Cd'}, 'city': 'Batman', 'state': 'Bingöl', '...</msg>
<var>${json_data}</var>
<arg>${response.json()}</arg>
<doc>Returns the given values which can then be assigned to a variables.</doc>
<status status="PASS" start="2024-04-21T17:12:45.919357" elapsed="0.000699"/>
</kw>
<kw name="Log" owner="BuiltIn">
<msg time="2024-04-21T17:12:45.920546" level="INFO">{'results': [{'gender': 'male', 'name': {'title': 'Mr', 'first': 'Volkan', 'last': 'Ertepınar'}, 'location': {'street': {'number': 5505, 'name': 'Doktorlar Cd'}, 'city': 'Batman', 'state': 'Bingöl', 'country': 'Turkey', 'postcode': 62037, 'coordinates': {'latitude': '68.7121', 'longitude': '-32.0838'}, 'timezone': {'offset': '0:00', 'description': 'Western Europe Time, London, Lisbon, Casablanca'}}, 'email': 'volkan.ertepinar@example.com', 'login': {'uuid': 'f6782e29-14cd-4c86-978b-efdecf8e7270', 'username': 'orangepeacock917', 'password': 'huskers', 'salt': 'eqX2UHAK', 'md5': '09a9528691d006c22b61862cbda03a1c', 'sha1': '2224bb4c57a00736ecc9a2182eb0b8e115646340', 'sha256': 'ec3514409e2ec705e77676eeaf475eb01add7807202e40299372a08e0682b889'}, 'dob': {'date': '1998-06-05T06:46:48.831Z', 'age': 25}, 'registered': {'date': '2019-03-23T08:32:31.481Z', 'age': 5}, 'phone': '(795)-841-4064', 'cell': '(988)-042-0739', 'id': {'name': '', 'value': None}, 'picture': {'large': 'https://randomuser.me/api/portraits/men/89.jpg', 'medium': 'https://randomuser.me/api/portraits/med/men/89.jpg', 'thumbnail': 'https://randomuser.me/api/portraits/thumb/men/89.jpg'}, 'nat': 'TR'}], 'info': {'seed': 'd9f248028b9b876f', 'results': 1, 'page': 1, 'version': '1.4'}}</msg>
<arg>${json_data}</arg>
<doc>Logs the given message with the given level.</doc>
<status status="PASS" start="2024-04-21T17:12:45.920382" elapsed="0.000253"/>
</kw>
<kw name="Should Be String" owner="String">
<arg>${json_data['results'][0]['gender']}</arg>
<doc>Fails if the given ``item`` is not a string.</doc>
<status status="PASS" start="2024-04-21T17:12:45.920951" elapsed="0.000373"/>
</kw>
<kw name="Should Match Regexp" owner="BuiltIn">
<arg>${json_data['results'][0]['email']}</arg>
<arg>^[a-zA-Z0-9._%+-]+@[a-zA-Z0-9.-]+\.[a-zA-Z]{2,}$</arg>
<doc>Fails if ``string`` does not match ``pattern`` as a regular expression.</doc>
<status status="PASS" start="2024-04-21T17:12:45.921526" elapsed="0.000525"/>
</kw>
<kw name="Should Match Regexp" owner="BuiltIn">
<arg>${json_data['results'][0]['dob']['date']}</arg>
<arg>\\d{4}-\\d{2}-\\d{2}T\\d{2}:\\d{2}:\\d{2}\\.\\d{3}Z</arg>
<doc>Fails if ``string`` does not match ``pattern`` as a regular expression.</doc>
<status status="PASS" start="2024-04-21T17:12:45.922252" elapsed="0.000494"/>
</kw>
<kw name="Should Match Regexp" owner="BuiltIn">
<arg>${json_data['results'][0]['registered']['date']}</arg>
<arg>\\d{4}-\\d{2}-\\d{2}T\\d{2}:\\d{2}:\\d{2}\\.\\d{3}Z</arg>
<doc>Fails if ``string`` does not match ``pattern`` as a regular expression.</doc>
<status status="PASS" start="2024-04-21T17:12:45.922945" elapsed="0.000414"/>
</kw>
<kw name="Should Match Regexp" owner="BuiltIn">
<arg>${json_data['results'][0]['picture']['large']}</arg>
<arg>^https?://.*\.(?:png|jpe?g|gif|bmp)$</arg>
<doc>Fails if ``string`` does not match ``pattern`` as a regular expression.</doc>
<status status="PASS" start="2024-04-21T17:12:45.923557" elapsed="0.000460"/>
</kw>
<kw name="Should Match Regexp" owner="BuiltIn">
<arg>${json_data['results'][0]['picture']['medium']}</arg>
<arg>^https?://.*\.(?:png|jpe?g|gif|bmp)$</arg>
<doc>Fails if ``string`` does not match ``pattern`` as a regular expression.</doc>
<status status="PASS" start="2024-04-21T17:12:45.924215" elapsed="0.000368"/>
</kw>
<kw name="Should Match Regexp" owner="BuiltIn">
<arg>${json_data['results'][0]['picture']['thumbnail']}</arg>
<arg>^https?://.*\.(?:png|jpe?g|gif|bmp)$</arg>
<doc>Fails if ``string`` does not match ``pattern`` as a regular expression.</doc>
<status status="PASS" start="2024-04-21T17:12:45.924778" elapsed="0.000353"/>
</kw>
<kw name="Log" owner="BuiltIn">
<msg time="2024-04-21T17:12:45.925634" level="INFO">{'large': 'https://randomuser.me/api/portraits/men/89.jpg', 'medium': 'https://randomuser.me/api/portraits/med/men/89.jpg', 'thumbnail': 'https://randomuser.me/api/portraits/thumb/men/89.jpg'}</msg>
<arg>${json_data['results'][0]['picture']}</arg>
<doc>Logs the given message with the given level.</doc>
<status status="PASS" start="2024-04-21T17:12:45.925316" elapsed="0.000359"/>
</kw>
<status status="PASS" start="2024-04-21T17:12:45.828757" elapsed="0.097180"/>
</kw>
<kw name="Teste de Tipos de Dados - Postcode" owner="random-user-service">
<kw name="GET On Session" owner="RequestsLibrary">
<msg time="2024-04-21T17:12:46.017658" level="INFO">GET Request : url=https://randomuser.me/api 
 path_url=/api 
 headers={'User-Agent': 'python-requests/2.31.0', 'Accept-Encoding': 'gzip, deflate', 'Accept': '*/*', 'Connection': 'keep-alive'} 
 body=None 
 </msg>
<msg time="2024-04-21T17:12:46.017761" level="INFO">GET Response : url=https://randomuser.me/api 
 status=200, reason=OK 
 headers={'Date': 'Sun, 21 Apr 2024 17:12:46 GMT', 'Content-Type': 'application/json; charset=utf-8', 'Transfer-Encoding': 'chunked', 'Connection': 'keep-alive', 'X-Powered-By': 'Express', 'Access-Control-Allow-Origin': '*', 'Cache-Control': 'no-cache', 'ETag': 'W/"490-b9qwF5FqELiydAcQpTFWEvGDqq8"', 'Vary': 'Accept-Encoding', 'Content-Encoding': 'gzip', 'CF-Cache-Status': 'DYNAMIC', 'Report-To': '{"endpoints":[{"url":"https:\\/\\/a.nel.cloudflare.com\\/report\\/v4?s=NMRq8u6UEEBHef%2F0ZP32H1R0H07AWrb%2B4BrQiiKLJ450k%2FE9OPGvmioyyZ76ifHJep29MjCS7DXHMQaS8sOsmNNR1JIhe47oIM3rdCs%2BiMFMXm88HiJwIYQhC6lS4aF%2F"}],"group":"cf-nel","max_age":604800}', 'NEL': '{"success_fraction":0,"report_to":"cf-nel","max_age":604800}', 'Server': 'cloudflare', 'CF-RAY': '877f00370ef3fade-SJC', 'alt-svc': 'h3=":443"; ma=86400'} 
 body={"results":[{"gender":"female","name":{"title":"Miss","first":"Ella","last":"Jones"},"location":{"street":{"number":8095,"name":"Lichfield Street"},"city":"Porirua","state":"Gisborne","country":"New Zealand","postcode":42501,"coordinates":{"latitude":"50.1544","longitude":"135.0460"},"timezone":{"offset":"+10:00","description":"Eastern Australia, Guam, Vladivostok"}},"email":"ella.jones@example.com","login":{"uuid":"351fc7a3-50ef-485f-8853-5545c325ad3b","username":"brownfrog431","password":"eeeeeee","salt":"a50Iv8dF","md5":"ca8618fcf9fce830c485d3e3cdefb232","sha1":"aa76aec4482bf2edcf1f49ea5badb5012d186900","sha256":"42b40d17d56132abd57f75ac9ede69ed98ef56f7c3baf5429d1e331f0cb4dd9f"},"dob":{"date":"1961-10-19T22:39:45.483Z","age":62},"registered":{"date":"2008-11-12T06:22:20.120Z","age":15},"phone":"(213)-682-7688","cell":"(627)-262-1011","id":{"name":"","value":null},"picture":{"large":"https://randomuser.me/api/portraits/women/76.jpg","medium":"https://randomuser.me/api/portraits/med/women/76.jpg","thumbnail":"https://randomuser.me/api/portraits/thumb/women/76.jpg"},"nat":"NZ"}],"info":{"seed":"f09a6f937bd44646","results":1,"page":1,"version":"1.4"}} 
 </msg>
<msg time="2024-04-21T17:12:46.017835" level="INFO">/opt/hostedtoolcache/Python/3.12.3/x64/lib/python3.12/site-packages/urllib3/connectionpool.py:1103: InsecureRequestWarning: Unverified HTTPS request is being made to host 'randomuser.me'. Adding certificate verification is strongly advised. See: https://urllib3.readthedocs.io/en/latest/advanced-usage.html#tls-warnings
  warnings.warn(</msg>
<msg time="2024-04-21T17:12:46.017964" level="INFO">${response} = &lt;Response [200]&gt;</msg>
<var>${response}</var>
<arg>consultarAPI</arg>
<arg>/api</arg>
<doc>Sends a GET request on a previously created HTTP Session.</doc>
<status status="PASS" start="2024-04-21T17:12:45.926429" elapsed="0.091575"/>
</kw>
<kw name="Set Variable" owner="BuiltIn">
<msg time="2024-04-21T17:12:46.019288" level="INFO">${json_data} = {'results': [{'gender': 'female', 'name': {'title': 'Miss', 'first': 'Ella', 'last': 'Jones'}, 'location': {'street': {'number': 8095, 'name': 'Lichfield Street'}, 'city': 'Porirua', 'state': 'Gisborn...</msg>
<var>${json_data}</var>
<arg>${response.json()}</arg>
<doc>Returns the given values which can then be assigned to a variables.</doc>
<status status="PASS" start="2024-04-21T17:12:46.018672" elapsed="0.000645"/>
</kw>
<kw name="Log" owner="BuiltIn">
<msg time="2024-04-21T17:12:46.019800" level="INFO">{'results': [{'gender': 'female', 'name': {'title': 'Miss', 'first': 'Ella', 'last': 'Jones'}, 'location': {'street': {'number': 8095, 'name': 'Lichfield Street'}, 'city': 'Porirua', 'state': 'Gisborne', 'country': 'New Zealand', 'postcode': 42501, 'coordinates': {'latitude': '50.1544', 'longitude': '135.0460'}, 'timezone': {'offset': '+10:00', 'description': 'Eastern Australia, Guam, Vladivostok'}}, 'email': 'ella.jones@example.com', 'login': {'uuid': '351fc7a3-50ef-485f-8853-5545c325ad3b', 'username': 'brownfrog431', 'password': 'eeeeeee', 'salt': 'a50Iv8dF', 'md5': 'ca8618fcf9fce830c485d3e3cdefb232', 'sha1': 'aa76aec4482bf2edcf1f49ea5badb5012d186900', 'sha256': '42b40d17d56132abd57f75ac9ede69ed98ef56f7c3baf5429d1e331f0cb4dd9f'}, 'dob': {'date': '1961-10-19T22:39:45.483Z', 'age': 62}, 'registered': {'date': '2008-11-12T06:22:20.120Z', 'age': 15}, 'phone': '(213)-682-7688', 'cell': '(627)-262-1011', 'id': {'name': '', 'value': None}, 'picture': {'large': 'https://randomuser.me/api/portraits/women/76.jpg', 'medium': 'https://randomuser.me/api/portraits/med/women/76.jpg', 'thumbnail': 'https://randomuser.me/api/portraits/thumb/women/76.jpg'}, 'nat': 'NZ'}], 'info': {'seed': 'f09a6f937bd44646', 'results': 1, 'page': 1, 'version': '1.4'}}</msg>
<arg>${json_data}</arg>
<doc>Logs the given message with the given level.</doc>
<status status="PASS" start="2024-04-21T17:12:46.019641" elapsed="0.000242"/>
</kw>
<kw name="Should Be Equal As Numbers" owner="BuiltIn">
<arg>${json_data['results'][0]['location']['postcode']}</arg>
<arg>${json_data['results'][0]['location']['postcode']}</arg>
<doc>Fails if objects are unequal after converting them to real numbers.</doc>
<status status="PASS" start="2024-04-21T17:12:46.020197" elapsed="0.000815"/>
</kw>
<kw name="Log" owner="BuiltIn">
<msg time="2024-04-21T17:12:46.021553" level="INFO">42501</msg>
<arg>${json_data['results'][0]['location']['postcode']}</arg>
<doc>Logs the given message with the given level.</doc>
<status status="PASS" start="2024-04-21T17:12:46.021212" elapsed="0.000382"/>
</kw>
<status status="PASS" start="2024-04-21T17:12:45.926188" elapsed="0.095667"/>
</kw>
<doc>Testa se os tipos de dados na resposta da API estão corretos.</doc>
<tag>testeTiposDados</tag>
<status status="PASS" start="2024-04-21T17:12:45.828289" elapsed="0.193742"/>
</test>
<test id="s1-s1-t5" name="Validar conteudo" line="35">
<kw name="Teste de Tipos de Conteudo" owner="random-user-service">
<kw name="GET On Session" owner="RequestsLibrary">
<msg time="2024-04-21T17:12:46.122407" level="INFO">GET Request : url=https://randomuser.me/api 
 path_url=/api 
 headers={'User-Agent': 'python-requests/2.31.0', 'Accept-Encoding': 'gzip, deflate', 'Accept': '*/*', 'Connection': 'keep-alive'} 
 body=None 
 </msg>
<msg time="2024-04-21T17:12:46.122523" level="INFO">GET Response : url=https://randomuser.me/api 
 status=200, reason=OK 
 headers={'Date': 'Sun, 21 Apr 2024 17:12:46 GMT', 'Content-Type': 'application/json; charset=utf-8', 'Transfer-Encoding': 'chunked', 'Connection': 'keep-alive', 'X-Powered-By': 'Express', 'Access-Control-Allow-Origin': '*', 'Cache-Control': 'no-cache', 'ETag': 'W/"493-1DO6IevVEaVpw13eyx4yJHuumQQ"', 'Vary': 'Accept-Encoding', 'Content-Encoding': 'gzip', 'CF-Cache-Status': 'DYNAMIC', 'Report-To': '{"endpoints":[{"url":"https:\\/\\/a.nel.cloudflare.com\\/report\\/v4?s=zUeUpobkkZRB%2BKcZKr%2FP1OGav0UaYpiplTGWNNKSCz9OQb5gsaPQRtk3YCq6SyVZFlsuBgaY%2FP9Mp25mZGD17SDK2314pKCqSKBxUvrlP1Z%2BPP3U5BmdhzIYVGcr9LPx"}],"group":"cf-nel","max_age":604800}', 'NEL': '{"success_fraction":0,"report_to":"cf-nel","max_age":604800}', 'Server': 'cloudflare', 'CF-RAY': '877f0037af86fade-SJC', 'alt-svc': 'h3=":443"; ma=86400'} 
 body={"results":[{"gender":"male","name":{"title":"Monsieur","first":"Jean-Marie","last":"Bonnet"},"location":{"street":{"number":2210,"name":"Rue Dumenge"},"city":"Titterten","state":"Glarus","country":"Switzerland","postcode":5183,"coordinates":{"latitude":"-61.9069","longitude":"-30.1638"},"timezone":{"offset":"+2:00","description":"Kaliningrad, South Africa"}},"email":"jean-marie.bonnet@example.com","login":{"uuid":"7183dd5e-e5ba-47b4-bfe6-43f17fb5d437","username":"tinykoala326","password":"vvvvvv","salt":"7tSNETqo","md5":"e4fa364271b6776b97d3223821c4d5de","sha1":"5ef99b8c31ef64a392c5910947e56eac1a4406f1","sha256":"d8754c5ce877294c136b5699cd81b1c6bdcee38b2b8262ad0f4e3d907c48b70a"},"dob":{"date":"1957-10-25T13:19:13.910Z","age":66},"registered":{"date":"2021-11-12T20:00:39.501Z","age":2},"phone":"079 638 32 45","cell":"075 362 28 44","id":{"name":"AVS","value":"756.9715.6527.17"},"picture":{"large":"https://randomuser.me/api/portraits/men/8.jpg","medium":"https://randomuser.me/api/portraits/med/men/8.jpg","thumbnail":"https://randomuser.me/api/portraits/thumb/men/8.jpg"},"nat":"CH"}],"info":{"seed":"5a200c553ad5a9d0","results":1,"page":1,"version":"1.4"}} 
 </msg>
<msg time="2024-04-21T17:12:46.122615" level="INFO">/opt/hostedtoolcache/Python/3.12.3/x64/lib/python3.12/site-packages/urllib3/connectionpool.py:1103: InsecureRequestWarning: Unverified HTTPS request is being made to host 'randomuser.me'. Adding certificate verification is strongly advised. See: https://urllib3.readthedocs.io/en/latest/advanced-usage.html#tls-warnings
  warnings.warn(</msg>
<msg time="2024-04-21T17:12:46.122749" level="INFO">${response} = &lt;Response [200]&gt;</msg>
<var>${response}</var>
<arg>consultarAPI</arg>
<arg>/api</arg>
<doc>Sends a GET request on a previously created HTTP Session.</doc>
<status status="PASS" start="2024-04-21T17:12:46.025401" elapsed="0.097390"/>
</kw>
<kw name="Set Variable" owner="BuiltIn">
<msg time="2024-04-21T17:12:46.124076" level="INFO">${json_data} = {'results': [{'gender': 'male', 'name': {'title': 'Monsieur', 'first': 'Jean-Marie', 'last': 'Bonnet'}, 'location': {'street': {'number': 2210, 'name': 'Rue Dumenge'}, 'city': 'Titterten', 'state': 'G...</msg>
<var>${json_data}</var>
<arg>${response.json()}</arg>
<doc>Returns the given values which can then be assigned to a variables.</doc>
<status status="PASS" start="2024-04-21T17:12:46.123508" elapsed="0.000598"/>
</kw>
<kw name="Set Variable" owner="BuiltIn">
<msg time="2024-04-21T17:12:46.124822" level="INFO">${name_title} = Monsieur</msg>
<var>${name_title}</var>
<arg>${json_data["results"][0]["name"]["title"]}</arg>
<doc>Returns the given values which can then be assigned to a variables.</doc>
<status status="PASS" start="2024-04-21T17:12:46.124426" elapsed="0.000421"/>
</kw>
<kw name="Create List" owner="BuiltIn">
<msg time="2024-04-21T17:12:46.125304" level="INFO">${allowed_titles} = ['Mr', 'Ms', 'Miss', 'Mrs', 'Madame', 'Monsieur']</msg>
<var>${allowed_titles}</var>
<arg>Mr</arg>
<arg>Ms</arg>
<arg>Miss</arg>
<arg>Mrs</arg>
<arg>Madame</arg>
<arg>Monsieur</arg>
<doc>Returns a list containing given items.</doc>
<status status="PASS" start="2024-04-21T17:12:46.125155" elapsed="0.000174"/>
</kw>
<kw name="List Should Contain Value" owner="Collections">
<msg time="2024-04-21T17:12:46.125813" level="INFO">False</msg>
<arg>${allowed_titles}</arg>
<arg>${name_title}</arg>
<doc>Fails if the ``value`` is not found from ``list``.</doc>
<status status="PASS" start="2024-04-21T17:12:46.125635" elapsed="0.000216"/>
</kw>
<kw name="Set Variable" owner="BuiltIn">
<msg time="2024-04-21T17:12:46.126528" level="INFO">${name_country} = CH</msg>
<var>${name_country}</var>
<arg>${json_data["results"][0]["nat"]}</arg>
<doc>Returns the given values which can then be assigned to a variables.</doc>
<status status="PASS" start="2024-04-21T17:12:46.126143" elapsed="0.000411"/>
</kw>
<kw name="Create List" owner="BuiltIn">
<msg time="2024-04-21T17:12:46.127501" level="INFO">${list_country} = ['AD', 'AE', 'AF', 'AG', 'AI', 'AL', 'AM', 'AO', 'AQ', 'AR', 'AS', 'AT', 'AU', 'AW', 'AX', 'AZ', 'BA', 'BB', 'BD', 'BE', 'BF', 'BG', 'BH', 'BI', 'BJ', 'BL', 'BM', 'BN', 'BO', 'BQ', 'BR', 'BS', 'BT', '...</msg>
<var>${list_country}</var>
<arg>AD</arg>
<arg>AE</arg>
<arg>AF</arg>
<arg>AG</arg>
<arg>AI</arg>
<arg>AL</arg>
<arg>AM</arg>
<arg>AO</arg>
<arg>AQ</arg>
<arg>AR</arg>
<arg>AS</arg>
<arg>AT</arg>
<arg>AU</arg>
<arg>AW</arg>
<arg>AX</arg>
<arg>AZ</arg>
<arg>BA</arg>
<arg>BB</arg>
<arg>BD</arg>
<arg>BE</arg>
<arg>BF</arg>
<arg>BG</arg>
<arg>BH</arg>
<arg>BI</arg>
<arg>BJ</arg>
<arg>BL</arg>
<arg>BM</arg>
<arg>BN</arg>
<arg>BO</arg>
<arg>BQ</arg>
<arg>BR</arg>
<arg>BS</arg>
<arg>BT</arg>
<arg>BV</arg>
<arg>BW</arg>
<arg>BY</arg>
<arg>BZ</arg>
<arg>CA</arg>
<arg>CC</arg>
<arg>CD</arg>
<arg>CF</arg>
<arg>CG</arg>
<arg>CH</arg>
<arg>CI</arg>
<arg>CK</arg>
<arg>CL</arg>
<arg>CM</arg>
<arg>CN</arg>
<arg>CO</arg>
<arg>CR</arg>
<arg>CU</arg>
<arg>CV</arg>
<arg>CW</arg>
<arg>CX</arg>
<arg>CY</arg>
<arg>CZ</arg>
<arg>DE</arg>
<arg>DJ</arg>
<arg>DK</arg>
<arg>DM</arg>
<arg>DO</arg>
<arg>DZ</arg>
<arg>EC</arg>
<arg>EE</arg>
<arg>EG</arg>
<arg>EH</arg>
<arg>ER</arg>
<arg>ES</arg>
<arg>ET</arg>
<arg>FI</arg>
<arg>FJ</arg>
<arg>FK</arg>
<arg>FM</arg>
<arg>FO</arg>
<arg>FR</arg>
<arg>GA</arg>
<arg>GB</arg>
<arg>GD</arg>
<arg>GE</arg>
<arg>GF</arg>
<arg>GG</arg>
<arg>GH</arg>
<arg>GI</arg>
<arg>GL</arg>
<arg>GM</arg>
<arg>GN</arg>
<arg>GP</arg>
<arg>GQ</arg>
<arg>GR</arg>
<arg>GS</arg>
<arg>GT</arg>
<arg>GU</arg>
<arg>GW</arg>
<arg>GY</arg>
<arg>HK</arg>
<arg>HM</arg>
<arg>HN</arg>
<arg>HR</arg>
<arg>HT</arg>
<arg>HU</arg>
<arg>ID</arg>
<arg>IE</arg>
<arg>IL</arg>
<arg>IM</arg>
<arg>IN</arg>
<arg>IO</arg>
<arg>IQ</arg>
<arg>IR</arg>
<arg>IS</arg>
<arg>IT</arg>
<arg>JE</arg>
<arg>JM</arg>
<arg>JO</arg>
<arg>JP</arg>
<arg>KE</arg>
<arg>KG</arg>
<arg>KH</arg>
<arg>KI</arg>
<arg>KM</arg>
<arg>KN</arg>
<arg>KP</arg>
<arg>KR</arg>
<arg>KW</arg>
<arg>KY</arg>
<arg>KZ</arg>
<arg>LA</arg>
<arg>LB</arg>
<arg>LC</arg>
<arg>LI</arg>
<arg>LK</arg>
<arg>LR</arg>
<arg>LS</arg>
<arg>LT</arg>
<arg>LU</arg>
<arg>LV</arg>
<arg>LY</arg>
<arg>MA</arg>
<arg>MC</arg>
<arg>MD</arg>
<arg>ME</arg>
<arg>MF</arg>
<arg>MG</arg>
<arg>MH</arg>
<arg>MK</arg>
<arg>ML</arg>
<arg>MM</arg>
<arg>MN</arg>
<arg>MO</arg>
<arg>MP</arg>
<arg>MQ</arg>
<arg>MR</arg>
<arg>MS</arg>
<arg>MT</arg>
<arg>MU</arg>
<arg>MV</arg>
<arg>MW</arg>
<arg>MX</arg>
<arg>MY</arg>
<arg>MZ</arg>
<arg>NA</arg>
<arg>NC</arg>
<arg>NE</arg>
<arg>NF</arg>
<arg>NG</arg>
<arg>NI</arg>
<arg>NL</arg>
<arg>NO</arg>
<arg>NP</arg>
<arg>NR</arg>
<arg>NU</arg>
<arg>NZ</arg>
<arg>OM</arg>
<arg>PA</arg>
<arg>PE</arg>
<arg>PF</arg>
<arg>PG</arg>
<arg>PH</arg>
<arg>PK</arg>
<arg>PL</arg>
<arg>PM</arg>
<arg>PN</arg>
<arg>PR</arg>
<arg>PS</arg>
<arg>PT</arg>
<arg>PW</arg>
<arg>PY</arg>
<arg>QA</arg>
<arg>RE</arg>
<arg>RO</arg>
<arg>RS</arg>
<arg>RU</arg>
<arg>RW</arg>
<arg>SA</arg>
<arg>SB</arg>
<arg>SC</arg>
<arg>SD</arg>
<arg>SE</arg>
<arg>SG</arg>
<arg>SH</arg>
<arg>SI</arg>
<arg>SJ</arg>
<arg>SK</arg>
<arg>SL</arg>
<arg>SM</arg>
<arg>SN</arg>
<arg>SO</arg>
<arg>SR</arg>
<arg>SS</arg>
<arg>ST</arg>
<arg>SV</arg>
<arg>SX</arg>
<arg>SY</arg>
<arg>SZ</arg>
<arg>TC</arg>
<arg>TD</arg>
<arg>TF</arg>
<arg>TG</arg>
<arg>TH</arg>
<arg>TJ</arg>
<arg>TK</arg>
<arg>TL</arg>
<arg>TM</arg>
<arg>TN</arg>
<arg>TO</arg>
<arg>TR</arg>
<arg>TT</arg>
<arg>TV</arg>
<arg>TW</arg>
<arg>TZ</arg>
<arg>UA</arg>
<arg>UG</arg>
<arg>UM</arg>
<arg>US</arg>
<arg>UY</arg>
<arg>UZ</arg>
<arg>VA</arg>
<arg>VC</arg>
<arg>VE</arg>
<arg>VG</arg>
<arg>VI</arg>
<arg>VN</arg>
<arg>VU</arg>
<arg>WF</arg>
<arg>WS</arg>
<arg>XK</arg>
<arg>YE</arg>
<arg>YT</arg>
<arg>ZA</arg>
<arg>ZM</arg>
<arg>ZW</arg>
<doc>Returns a list containing given items.</doc>
<status status="PASS" start="2024-04-21T17:12:46.126870" elapsed="0.000658"/>
</kw>
<kw name="List Should Contain Value" owner="Collections">
<msg time="2024-04-21T17:12:46.128530" level="INFO">False</msg>
<arg>${list_country}</arg>
<arg>${name_country}</arg>
<doc>Fails if the ``value`` is not found from ``list``.</doc>
<status status="PASS" start="2024-04-21T17:12:46.128330" elapsed="0.000238"/>
</kw>
<kw name="Run Keyword If" owner="BuiltIn">
<kw name="Should Be True" owner="BuiltIn">
<arg>${True}</arg>
<doc>Fails if the given condition is not true.</doc>
<status status="PASS" start="2024-04-21T17:12:46.129666" elapsed="0.000146"/>
</kw>
<arg>${json_data["results"][0]["location"]["coordinates"]["latitude"]} &gt;= -90 and ${json_data["results"][0]["location"]["coordinates"]["latitude"]} &lt;= 90</arg>
<arg>Should Be True</arg>
<arg>${True}</arg>
<doc>Runs the given keyword with the given arguments, if ``condition`` is true.</doc>
<status status="PASS" start="2024-04-21T17:12:46.128889" elapsed="0.001054"/>
</kw>
<kw name="Run Keyword If" owner="BuiltIn">
<kw name="Should Be True" owner="BuiltIn">
<arg>${True}</arg>
<doc>Fails if the given condition is not true.</doc>
<status status="PASS" start="2024-04-21T17:12:46.130843" elapsed="0.000303"/>
</kw>
<arg>${json_data["results"][0]["location"]["coordinates"]["longitude"]} &gt;= -180 and ${json_data["results"][0]["location"]["coordinates"]["longitude"]} &lt;= 180</arg>
<arg>Should Be True</arg>
<arg>${True}</arg>
<doc>Runs the given keyword with the given arguments, if ``condition`` is true.</doc>
<status status="PASS" start="2024-04-21T17:12:46.130136" elapsed="0.001143"/>
</kw>
<status status="PASS" start="2024-04-21T17:12:46.025025" elapsed="0.106397"/>
</kw>
<doc>Testa o conteúdo específico dos campos retornados pela API.</doc>
<tag>testeConteudo</tag>
<status status="PASS" start="2024-04-21T17:12:46.024295" elapsed="0.107291"/>
</test>
<status status="PASS" start="2024-04-21T17:12:45.262953" elapsed="0.870696"/>
</suite>
<status status="PASS" start="2024-04-21T17:12:45.249419" elapsed="0.889533"/>
</suite>
<statistics>
<total>
<stat pass="5" fail="0" skip="0">All Tests</stat>
</total>
<tag>
<stat pass="1" fail="0" skip="0">testeConteudo</stat>
<stat pass="1" fail="0" skip="0">testeEstruturaResposta</stat>
<stat pass="1" fail="0" skip="0">testeRequisicaoBasica</stat>
<stat pass="1" fail="0" skip="0">testeTiposDados</stat>
</tag>
<suite>
<stat pass="5" fail="0" skip="0" id="s1" name="Tests">Tests</stat>
<stat pass="5" fail="0" skip="0" id="s1-s1" name="Random-User-Test">Tests.Random-User-Test</stat>
</suite>
</statistics>
<errors>
</errors>
</robot>
