<?xml version="1.0" encoding="UTF-8"?>
<robot generator="Robot 7.0.1 (Python 3.12.4 on linux)" generated="2024-07-22T20:16:22.050335" rpa="false" schemaversion="5">
<suite id="s1" name="Tests" source="/home/runner/work/ApiRandomUser/ApiRandomUser/RamdonUser/tests">
<suite id="s1-s1" name="Random-User-Test" source="/home/runner/work/ApiRandomUser/ApiRandomUser/RamdonUser/tests/random-user-test.robot">
<test id="s1-s1-t1" name="Conectar" line="13">
<kw name="Conectar API" owner="random-user-service">
<kw name="Create Session" owner="RequestsLibrary">
<msg time="2024-07-22T20:16:22.484684" level="INFO">Creating Session using : alias=consultarAPI, url=https://randomuser.me/, headers={},                     cookies={}, auth=None, timeout=None, proxies=None, verify=False,                     debug=0 </msg>
<arg>consultarAPI</arg>
<arg>${URL}</arg>
<doc>Create Session: create a HTTP session to a server</doc>
<status status="PASS" start="2024-07-22T20:16:22.484472" elapsed="0.000394"/>
</kw>
<status status="PASS" start="2024-07-22T20:16:22.483408" elapsed="0.001816"/>
</kw>
<status status="PASS" start="2024-07-22T20:16:22.482868" elapsed="0.002552"/>
</test>
<test id="s1-s1-t2" name="Validar retorno 200 e JSON Válido" line="16">
<kw name="Teste de Requisicao Basica" owner="random-user-service">
<kw name="GET On Session" owner="RequestsLibrary">
<msg time="2024-07-22T20:16:22.588448" level="INFO">GET Request : url=https://randomuser.me/api 
 path_url=/api 
 headers={'User-Agent': 'python-requests/2.32.3', 'Accept-Encoding': 'gzip, deflate', 'Accept': '*/*', 'Connection': 'keep-alive'} 
 body=None 
 </msg>
<msg time="2024-07-22T20:16:22.588610" level="INFO">GET Response : url=https://randomuser.me/api 
 status=200, reason=OK 
 headers={'Date': 'Mon, 22 Jul 2024 20:16:22 GMT', 'Content-Type': 'application/json; charset=utf-8', 'Transfer-Encoding': 'chunked', 'Connection': 'keep-alive', 'X-Powered-By': 'Express', 'Access-Control-Allow-Origin': '*', 'Cache-Control': 'no-cache', 'ETag': 'W/"49a-xet7KZQW+GuvKhBZrrj5zn2WETE"', 'Vary': 'Accept-Encoding', 'Content-Encoding': 'gzip', 'CF-Cache-Status': 'DYNAMIC', 'Report-To': '{"endpoints":[{"url":"https:\\/\\/a.nel.cloudflare.com\\/report\\/v4?s=pEc2ewo8w54tI1QqYr0Pl6GCrDTAcHJhpoWZcDE8TF%2BkOYFLP%2BRSp4dJmWqWH7lx3s1lhRKupMaiWLfxDtV6Cn%2FZA%2Bks1iQ5MwuRwfOwnZu%2B4WFbvkwuZ94rkTMJ0Als"}],"group":"cf-nel","max_age":604800}', 'NEL': '{"success_fraction":0,"report_to":"cf-nel","max_age":604800}', 'Server': 'cloudflare', 'CF-RAY': '8a761bacac388791-IAD', 'alt-svc': 'h3=":443"; ma=86400'} 
 body={"results":[{"gender":"male","name":{"title":"Mr","first":"آرش","last":"گلشن"},"location":{"street":{"number":4305,"name":"برادران حسنی"},"city":"نجف‌آباد","state":"کرمان","country":"Iran","postcode":82453,"coordinates":{"latitude":"19.8019","longitude":"-2.9347"},"timezone":{"offset":"+5:00","description":"Ekaterinburg, Islamabad, Karachi, Tashkent"}},"email":"arsh.glshn@example.com","login":{"uuid":"1fb62cdc-2bd4-4787-840c-3787cfcbabca","username":"angrypeacock274","password":"doobie","salt":"kR2sBFBq","md5":"7ca756d1c3692b55b7d5afe76a8925bf","sha1":"6830bb9e9cab0882bbd974fc63406dc05d46dd8e","sha256":"2443cd835c22b83840255ab45f2af0b906d3d4c7f9a0c6781d810b266c0ce8dc"},"dob":{"date":"1970-04-05T12:27:13.745Z","age":54},"registered":{"date":"2012-09-13T00:22:49.688Z","age":11},"phone":"089-86678624","cell":"0968-982-0427","id":{"name":"","value":null},"picture":{"large":"https://randomuser.me/api/portraits/men/46.jpg","medium":"https://randomuser.me/api/portraits/med/men/46.jpg","thumbnail":"https://randomuser.me/api/portraits/thumb/men/46.jpg"},"nat":"IR"}],"info":{"seed":"0017ec461a58952c","results":1,"page":1,"version":"1.4"}} 
 </msg>
<msg time="2024-07-22T20:16:22.588697" level="INFO">/opt/hostedtoolcache/Python/3.12.4/x64/lib/python3.12/site-packages/urllib3/connectionpool.py:1099: InsecureRequestWarning: Unverified HTTPS request is being made to host 'randomuser.me'. Adding certificate verification is strongly advised. See: https://urllib3.readthedocs.io/en/latest/advanced-usage.html#tls-warnings
  warnings.warn(</msg>
<msg time="2024-07-22T20:16:22.588849" level="INFO">${response} = &lt;Response [200]&gt;</msg>
<var>${response}</var>
<arg>consultarAPI</arg>
<arg>/api</arg>
<doc>Sends a GET request on a previously created HTTP Session.</doc>
<status status="PASS" start="2024-07-22T20:16:22.487966" elapsed="0.100925"/>
</kw>
<kw name="Should Be Equal As Numbers" owner="BuiltIn">
<msg time="2024-07-22T20:16:22.590077" level="INFO">Argument types are:
&lt;class 'int'&gt;
&lt;class 'str'&gt;</msg>
<arg>${response.status_code}</arg>
<arg>200</arg>
<doc>Fails if objects are unequal after converting them to real numbers.</doc>
<status status="PASS" start="2024-07-22T20:16:22.589573" elapsed="0.000568"/>
</kw>
<kw name="Log" owner="BuiltIn">
<msg time="2024-07-22T20:16:22.590824" level="INFO">200</msg>
<arg>${response.status_code}</arg>
<doc>Logs the given message with the given level.</doc>
<status status="PASS" start="2024-07-22T20:16:22.590466" elapsed="0.000401"/>
</kw>
<kw name="Set Variable" owner="BuiltIn">
<msg time="2024-07-22T20:16:22.591624" level="INFO">${json_data} = {'results': [{'gender': 'male', 'name': {'title': 'Mr', 'first': 'آرش', 'last': 'گلشن'}, 'location': {'street': {'number': 4305, 'name': 'برادران حسنی'}, 'city': 'نجف\u200cآباد', 'state': 'کرمان', 'co...</msg>
<var>${json_data}</var>
<arg>${response.json()}</arg>
<doc>Returns the given values which can then be assigned to a variables.</doc>
<status status="PASS" start="2024-07-22T20:16:22.591173" elapsed="0.000486"/>
</kw>
<kw name="Dictionary Should Contain Key" owner="Collections">
<arg>${json_data}</arg>
<arg>results</arg>
<doc>Fails if ``key`` is not found from ``dictionary``.</doc>
<status status="PASS" start="2024-07-22T20:16:22.591969" elapsed="0.000370"/>
</kw>
<status status="PASS" start="2024-07-22T20:16:22.487723" elapsed="0.104774"/>
</kw>
<doc>Testa se a API responde corretamente e retorna um objeto JSON válido.</doc>
<tag>testeRequisicaoBasica</tag>
<status status="PASS" start="2024-07-22T20:16:22.487284" elapsed="0.105389"/>
</test>
<test id="s1-s1-t3" name="Validar estrutura de resposta" line="22">
<kw name="Teste de Estrutura de Resposta" owner="random-user-service">
<kw name="GET On Session" owner="RequestsLibrary">
<msg time="2024-07-22T20:16:22.698087" level="INFO">GET Request : url=https://randomuser.me/api 
 path_url=/api 
 headers={'User-Agent': 'python-requests/2.32.3', 'Accept-Encoding': 'gzip, deflate', 'Accept': '*/*', 'Connection': 'keep-alive'} 
 body=None 
 </msg>
<msg time="2024-07-22T20:16:22.698171" level="INFO">GET Response : url=https://randomuser.me/api 
 status=200, reason=OK 
 headers={'Date': 'Mon, 22 Jul 2024 20:16:22 GMT', 'Content-Type': 'application/json; charset=utf-8', 'Transfer-Encoding': 'chunked', 'Connection': 'keep-alive', 'X-Powered-By': 'Express', 'Access-Control-Allow-Origin': '*', 'Cache-Control': 'no-cache', 'ETag': 'W/"489-g1kYhZgcKrMUCS7Mz8USOmkUBiY"', 'Vary': 'Accept-Encoding', 'Content-Encoding': 'gzip', 'CF-Cache-Status': 'DYNAMIC', 'Report-To': '{"endpoints":[{"url":"https:\\/\\/a.nel.cloudflare.com\\/report\\/v4?s=9wzE%2FsIPGrZ4O4bsBoERe8bDeYsHJj7LSL%2FJNVrYtzQFa0hVehlJ13d%2Ffjg9P0iyKNoYZiRFVlJaYuFKVfD3taR0F8eCSpH3HO3e456fI9qlBs6pOq4qelS2kuGeDefE"}],"group":"cf-nel","max_age":604800}', 'NEL': '{"success_fraction":0,"report_to":"cf-nel","max_age":604800}', 'Server': 'cloudflare', 'CF-RAY': '8a761bad3ccf8791-IAD', 'alt-svc': 'h3=":443"; ma=86400'} 
 body={"results":[{"gender":"female","name":{"title":"Mrs","first":"Ljuba","last":"Simonović"},"location":{"street":{"number":989,"name":"Andrije Stojkovića"},"city":"Požega","state":"Šumadija","country":"Serbia","postcode":82413,"coordinates":{"latitude":"60.5104","longitude":"6.1061"},"timezone":{"offset":"-11:00","description":"Midway Island, Samoa"}},"email":"ljuba.simonovic@example.com","login":{"uuid":"6b6110ad-c55c-45f2-9622-483d1f8745e1","username":"bigfish586","password":"buckeye","salt":"wuVv7jeA","md5":"9bc91221a3d356e9b3d23b4bdc6d0397","sha1":"d22ae445e7ccf1e5290cbf015c5bc08cfdf43a6d","sha256":"5735975c9e5d73dfa3bc91620a8d993c745d377ad965bae6099aca368a744b90"},"dob":{"date":"1955-10-10T09:16:14.690Z","age":68},"registered":{"date":"2018-09-20T15:49:11.936Z","age":5},"phone":"035-4238-106","cell":"061-0422-899","id":{"name":"SID","value":"045654388"},"picture":{"large":"https://randomuser.me/api/portraits/women/11.jpg","medium":"https://randomuser.me/api/portraits/med/women/11.jpg","thumbnail":"https://randomuser.me/api/portraits/thumb/women/11.jpg"},"nat":"RS"}],"info":{"seed":"1d5fa37d3601f403","results":1,"page":1,"version":"1.4"}} 
 </msg>
<msg time="2024-07-22T20:16:22.698296" level="INFO">/opt/hostedtoolcache/Python/3.12.4/x64/lib/python3.12/site-packages/urllib3/connectionpool.py:1099: InsecureRequestWarning: Unverified HTTPS request is being made to host 'randomuser.me'. Adding certificate verification is strongly advised. See: https://urllib3.readthedocs.io/en/latest/advanced-usage.html#tls-warnings
  warnings.warn(</msg>
<msg time="2024-07-22T20:16:22.698416" level="INFO">${response} = &lt;Response [200]&gt;</msg>
<var>${response}</var>
<arg>consultarAPI</arg>
<arg>/api</arg>
<doc>Sends a GET request on a previously created HTTP Session.</doc>
<status status="PASS" start="2024-07-22T20:16:22.595360" elapsed="0.103109"/>
</kw>
<kw name="Set Variable" owner="BuiltIn">
<msg time="2024-07-22T20:16:22.699575" level="INFO">${json_data} = {'results': [{'gender': 'female', 'name': {'title': 'Mrs', 'first': 'Ljuba', 'last': 'Simonović'}, 'location': {'street': {'number': 989, 'name': 'Andrije Stojkovića'}, 'city': 'Požega', 'state': 'Šum...</msg>
<var>${json_data}</var>
<arg>${response.json()}</arg>
<doc>Returns the given values which can then be assigned to a variables.</doc>
<status status="PASS" start="2024-07-22T20:16:22.698969" elapsed="0.000637"/>
</kw>
<kw name="Log" owner="BuiltIn">
<msg time="2024-07-22T20:16:22.700144" level="INFO">{'results': [{'gender': 'female', 'name': {'title': 'Mrs', 'first': 'Ljuba', 'last': 'Simonović'}, 'location': {'street': {'number': 989, 'name': 'Andrije Stojkovića'}, 'city': 'Požega', 'state': 'Šumadija', 'country': 'Serbia', 'postcode': 82413, 'coordinates': {'latitude': '60.5104', 'longitude': '6.1061'}, 'timezone': {'offset': '-11:00', 'description': 'Midway Island, Samoa'}}, 'email': 'ljuba.simonovic@example.com', 'login': {'uuid': '6b6110ad-c55c-45f2-9622-483d1f8745e1', 'username': 'bigfish586', 'password': 'buckeye', 'salt': 'wuVv7jeA', 'md5': '9bc91221a3d356e9b3d23b4bdc6d0397', 'sha1': 'd22ae445e7ccf1e5290cbf015c5bc08cfdf43a6d', 'sha256': '5735975c9e5d73dfa3bc91620a8d993c745d377ad965bae6099aca368a744b90'}, 'dob': {'date': '1955-10-10T09:16:14.690Z', 'age': 68}, 'registered': {'date': '2018-09-20T15:49:11.936Z', 'age': 5}, 'phone': '035-4238-106', 'cell': '061-0422-899', 'id': {'name': 'SID', 'value': '045654388'}, 'picture': {'large': 'https://randomuser.me/api/portraits/women/11.jpg', 'medium': 'https://randomuser.me/api/portraits/med/women/11.jpg', 'thumbnail': 'https://randomuser.me/api/portraits/thumb/women/11.jpg'}, 'nat': 'RS'}], 'info': {'seed': '1d5fa37d3601f403', 'results': 1, 'page': 1, 'version': '1.4'}}</msg>
<arg>${json_data}</arg>
<doc>Logs the given message with the given level.</doc>
<status status="PASS" start="2024-07-22T20:16:22.699934" elapsed="0.000269"/>
</kw>
<kw name="Dictionary Should Contain Key" owner="Collections">
<arg>${json_data}</arg>
<arg>results</arg>
<doc>Fails if ``key`` is not found from ``dictionary``.</doc>
<status status="PASS" start="2024-07-22T20:16:22.700512" elapsed="0.000167"/>
</kw>
<kw name="Should Not Be Empty" owner="BuiltIn">
<msg time="2024-07-22T20:16:22.700993" level="INFO">Length is 2.</msg>
<arg>${json_data}</arg>
<doc>Verifies that the given item is not empty.</doc>
<status status="PASS" start="2024-07-22T20:16:22.700867" elapsed="0.000165"/>
</kw>
<kw name="Create List" owner="BuiltIn">
<msg time="2024-07-22T20:16:22.701479" level="INFO">${expected_keys} = ['gender', 'name', 'location', 'email', 'login']</msg>
<var>${expected_keys}</var>
<arg>gender</arg>
<arg>name</arg>
<arg>location</arg>
<arg>email</arg>
<arg>login</arg>
<doc>Returns a list containing given items.</doc>
<status status="PASS" start="2024-07-22T20:16:22.701321" elapsed="0.000182"/>
</kw>
<for flavor="IN">
<iter>
<kw name="Dictionary Should Contain Key" owner="Collections">
<arg>${json_data['results'][0]}</arg>
<arg>${key}</arg>
<doc>Fails if ``key`` is not found from ``dictionary``.</doc>
<status status="PASS" start="2024-07-22T20:16:22.702108" elapsed="0.000416"/>
</kw>
<kw name="Log" owner="BuiltIn">
<msg time="2024-07-22T20:16:22.703088" level="INFO">{'gender': 'female', 'name': {'title': 'Mrs', 'first': 'Ljuba', 'last': 'Simonović'}, 'location': {'street': {'number': 989, 'name': 'Andrije Stojkovića'}, 'city': 'Požega', 'state': 'Šumadija', 'country': 'Serbia', 'postcode': 82413, 'coordinates': {'latitude': '60.5104', 'longitude': '6.1061'}, 'timezone': {'offset': '-11:00', 'description': 'Midway Island, Samoa'}}, 'email': 'ljuba.simonovic@example.com', 'login': {'uuid': '6b6110ad-c55c-45f2-9622-483d1f8745e1', 'username': 'bigfish586', 'password': 'buckeye', 'salt': 'wuVv7jeA', 'md5': '9bc91221a3d356e9b3d23b4bdc6d0397', 'sha1': 'd22ae445e7ccf1e5290cbf015c5bc08cfdf43a6d', 'sha256': '5735975c9e5d73dfa3bc91620a8d993c745d377ad965bae6099aca368a744b90'}, 'dob': {'date': '1955-10-10T09:16:14.690Z', 'age': 68}, 'registered': {'date': '2018-09-20T15:49:11.936Z', 'age': 5}, 'phone': '035-4238-106', 'cell': '061-0422-899', 'id': {'name': 'SID', 'value': '045654388'}, 'picture': {'large': 'https://randomuser.me/api/portraits/women/11.jpg', 'medium': 'https://randomuser.me/api/portraits/med/women/11.jpg', 'thumbnail': 'https://randomuser.me/api/portraits/thumb/women/11.jpg'}, 'nat': 'RS'}</msg>
<arg>${json_data['results'][0]}</arg>
<doc>Logs the given message with the given level.</doc>
<status status="PASS" start="2024-07-22T20:16:22.702724" elapsed="0.000417"/>
</kw>
<kw name="Log" owner="BuiltIn">
<msg time="2024-07-22T20:16:22.703578" level="INFO">gender</msg>
<arg>${key}</arg>
<doc>Logs the given message with the given level.</doc>
<status status="PASS" start="2024-07-22T20:16:22.703443" elapsed="0.000174"/>
</kw>
<var name="${key}">gender</var>
<status status="PASS" start="2024-07-22T20:16:22.701976" elapsed="0.001874"/>
</iter>
<iter>
<kw name="Dictionary Should Contain Key" owner="Collections">
<arg>${json_data['results'][0]}</arg>
<arg>${key}</arg>
<doc>Fails if ``key`` is not found from ``dictionary``.</doc>
<status status="PASS" start="2024-07-22T20:16:22.704206" elapsed="0.000402"/>
</kw>
<kw name="Log" owner="BuiltIn">
<msg time="2024-07-22T20:16:22.705169" level="INFO">{'gender': 'female', 'name': {'title': 'Mrs', 'first': 'Ljuba', 'last': 'Simonović'}, 'location': {'street': {'number': 989, 'name': 'Andrije Stojkovića'}, 'city': 'Požega', 'state': 'Šumadija', 'country': 'Serbia', 'postcode': 82413, 'coordinates': {'latitude': '60.5104', 'longitude': '6.1061'}, 'timezone': {'offset': '-11:00', 'description': 'Midway Island, Samoa'}}, 'email': 'ljuba.simonovic@example.com', 'login': {'uuid': '6b6110ad-c55c-45f2-9622-483d1f8745e1', 'username': 'bigfish586', 'password': 'buckeye', 'salt': 'wuVv7jeA', 'md5': '9bc91221a3d356e9b3d23b4bdc6d0397', 'sha1': 'd22ae445e7ccf1e5290cbf015c5bc08cfdf43a6d', 'sha256': '5735975c9e5d73dfa3bc91620a8d993c745d377ad965bae6099aca368a744b90'}, 'dob': {'date': '1955-10-10T09:16:14.690Z', 'age': 68}, 'registered': {'date': '2018-09-20T15:49:11.936Z', 'age': 5}, 'phone': '035-4238-106', 'cell': '061-0422-899', 'id': {'name': 'SID', 'value': '045654388'}, 'picture': {'large': 'https://randomuser.me/api/portraits/women/11.jpg', 'medium': 'https://randomuser.me/api/portraits/med/women/11.jpg', 'thumbnail': 'https://randomuser.me/api/portraits/thumb/women/11.jpg'}, 'nat': 'RS'}</msg>
<arg>${json_data['results'][0]}</arg>
<doc>Logs the given message with the given level.</doc>
<status status="PASS" start="2024-07-22T20:16:22.704801" elapsed="0.000452"/>
</kw>
<kw name="Log" owner="BuiltIn">
<msg time="2024-07-22T20:16:22.705704" level="INFO">name</msg>
<arg>${key}</arg>
<doc>Logs the given message with the given level.</doc>
<status status="PASS" start="2024-07-22T20:16:22.705566" elapsed="0.000177"/>
</kw>
<var name="${key}">name</var>
<status status="PASS" start="2024-07-22T20:16:22.704086" elapsed="0.001877"/>
</iter>
<iter>
<kw name="Dictionary Should Contain Key" owner="Collections">
<arg>${json_data['results'][0]}</arg>
<arg>${key}</arg>
<doc>Fails if ``key`` is not found from ``dictionary``.</doc>
<status status="PASS" start="2024-07-22T20:16:22.706253" elapsed="0.000390"/>
</kw>
<kw name="Log" owner="BuiltIn">
<msg time="2024-07-22T20:16:22.707193" level="INFO">{'gender': 'female', 'name': {'title': 'Mrs', 'first': 'Ljuba', 'last': 'Simonović'}, 'location': {'street': {'number': 989, 'name': 'Andrije Stojkovića'}, 'city': 'Požega', 'state': 'Šumadija', 'country': 'Serbia', 'postcode': 82413, 'coordinates': {'latitude': '60.5104', 'longitude': '6.1061'}, 'timezone': {'offset': '-11:00', 'description': 'Midway Island, Samoa'}}, 'email': 'ljuba.simonovic@example.com', 'login': {'uuid': '6b6110ad-c55c-45f2-9622-483d1f8745e1', 'username': 'bigfish586', 'password': 'buckeye', 'salt': 'wuVv7jeA', 'md5': '9bc91221a3d356e9b3d23b4bdc6d0397', 'sha1': 'd22ae445e7ccf1e5290cbf015c5bc08cfdf43a6d', 'sha256': '5735975c9e5d73dfa3bc91620a8d993c745d377ad965bae6099aca368a744b90'}, 'dob': {'date': '1955-10-10T09:16:14.690Z', 'age': 68}, 'registered': {'date': '2018-09-20T15:49:11.936Z', 'age': 5}, 'phone': '035-4238-106', 'cell': '061-0422-899', 'id': {'name': 'SID', 'value': '045654388'}, 'picture': {'large': 'https://randomuser.me/api/portraits/women/11.jpg', 'medium': 'https://randomuser.me/api/portraits/med/women/11.jpg', 'thumbnail': 'https://randomuser.me/api/portraits/thumb/women/11.jpg'}, 'nat': 'RS'}</msg>
<arg>${json_data['results'][0]}</arg>
<doc>Logs the given message with the given level.</doc>
<status status="PASS" start="2024-07-22T20:16:22.706832" elapsed="0.000414"/>
</kw>
<kw name="Log" owner="BuiltIn">
<msg time="2024-07-22T20:16:22.707675" level="INFO">location</msg>
<arg>${key}</arg>
<doc>Logs the given message with the given level.</doc>
<status status="PASS" start="2024-07-22T20:16:22.707544" elapsed="0.000169"/>
</kw>
<var name="${key}">location</var>
<status status="PASS" start="2024-07-22T20:16:22.706144" elapsed="0.001787"/>
</iter>
<iter>
<kw name="Dictionary Should Contain Key" owner="Collections">
<arg>${json_data['results'][0]}</arg>
<arg>${key}</arg>
<doc>Fails if ``key`` is not found from ``dictionary``.</doc>
<status status="PASS" start="2024-07-22T20:16:22.708261" elapsed="0.000384"/>
</kw>
<kw name="Log" owner="BuiltIn">
<msg time="2024-07-22T20:16:22.709312" level="INFO">{'gender': 'female', 'name': {'title': 'Mrs', 'first': 'Ljuba', 'last': 'Simonović'}, 'location': {'street': {'number': 989, 'name': 'Andrije Stojkovića'}, 'city': 'Požega', 'state': 'Šumadija', 'country': 'Serbia', 'postcode': 82413, 'coordinates': {'latitude': '60.5104', 'longitude': '6.1061'}, 'timezone': {'offset': '-11:00', 'description': 'Midway Island, Samoa'}}, 'email': 'ljuba.simonovic@example.com', 'login': {'uuid': '6b6110ad-c55c-45f2-9622-483d1f8745e1', 'username': 'bigfish586', 'password': 'buckeye', 'salt': 'wuVv7jeA', 'md5': '9bc91221a3d356e9b3d23b4bdc6d0397', 'sha1': 'd22ae445e7ccf1e5290cbf015c5bc08cfdf43a6d', 'sha256': '5735975c9e5d73dfa3bc91620a8d993c745d377ad965bae6099aca368a744b90'}, 'dob': {'date': '1955-10-10T09:16:14.690Z', 'age': 68}, 'registered': {'date': '2018-09-20T15:49:11.936Z', 'age': 5}, 'phone': '035-4238-106', 'cell': '061-0422-899', 'id': {'name': 'SID', 'value': '045654388'}, 'picture': {'large': 'https://randomuser.me/api/portraits/women/11.jpg', 'medium': 'https://randomuser.me/api/portraits/med/women/11.jpg', 'thumbnail': 'https://randomuser.me/api/portraits/thumb/women/11.jpg'}, 'nat': 'RS'}</msg>
<arg>${json_data['results'][0]}</arg>
<doc>Logs the given message with the given level.</doc>
<status status="PASS" start="2024-07-22T20:16:22.708950" elapsed="0.000414"/>
</kw>
<kw name="Log" owner="BuiltIn">
<msg time="2024-07-22T20:16:22.709807" level="INFO">email</msg>
<arg>${key}</arg>
<doc>Logs the given message with the given level.</doc>
<status status="PASS" start="2024-07-22T20:16:22.709674" elapsed="0.000172"/>
</kw>
<var name="${key}">email</var>
<status status="PASS" start="2024-07-22T20:16:22.708139" elapsed="0.001926"/>
</iter>
<iter>
<kw name="Dictionary Should Contain Key" owner="Collections">
<arg>${json_data['results'][0]}</arg>
<arg>${key}</arg>
<doc>Fails if ``key`` is not found from ``dictionary``.</doc>
<status status="PASS" start="2024-07-22T20:16:22.710353" elapsed="0.000379"/>
</kw>
<kw name="Log" owner="BuiltIn">
<msg time="2024-07-22T20:16:22.711266" level="INFO">{'gender': 'female', 'name': {'title': 'Mrs', 'first': 'Ljuba', 'last': 'Simonović'}, 'location': {'street': {'number': 989, 'name': 'Andrije Stojkovića'}, 'city': 'Požega', 'state': 'Šumadija', 'country': 'Serbia', 'postcode': 82413, 'coordinates': {'latitude': '60.5104', 'longitude': '6.1061'}, 'timezone': {'offset': '-11:00', 'description': 'Midway Island, Samoa'}}, 'email': 'ljuba.simonovic@example.com', 'login': {'uuid': '6b6110ad-c55c-45f2-9622-483d1f8745e1', 'username': 'bigfish586', 'password': 'buckeye', 'salt': 'wuVv7jeA', 'md5': '9bc91221a3d356e9b3d23b4bdc6d0397', 'sha1': 'd22ae445e7ccf1e5290cbf015c5bc08cfdf43a6d', 'sha256': '5735975c9e5d73dfa3bc91620a8d993c745d377ad965bae6099aca368a744b90'}, 'dob': {'date': '1955-10-10T09:16:14.690Z', 'age': 68}, 'registered': {'date': '2018-09-20T15:49:11.936Z', 'age': 5}, 'phone': '035-4238-106', 'cell': '061-0422-899', 'id': {'name': 'SID', 'value': '045654388'}, 'picture': {'large': 'https://randomuser.me/api/portraits/women/11.jpg', 'medium': 'https://randomuser.me/api/portraits/med/women/11.jpg', 'thumbnail': 'https://randomuser.me/api/portraits/thumb/women/11.jpg'}, 'nat': 'RS'}</msg>
<arg>${json_data['results'][0]}</arg>
<doc>Logs the given message with the given level.</doc>
<status status="PASS" start="2024-07-22T20:16:22.710915" elapsed="0.000403"/>
</kw>
<kw name="Log" owner="BuiltIn">
<msg time="2024-07-22T20:16:22.711748" level="INFO">login</msg>
<arg>${key}</arg>
<doc>Logs the given message with the given level.</doc>
<status status="PASS" start="2024-07-22T20:16:22.711618" elapsed="0.000167"/>
</kw>
<var name="${key}">login</var>
<status status="PASS" start="2024-07-22T20:16:22.710243" elapsed="0.001755"/>
</iter>
<var>${key}</var>
<value>@{expected_keys}</value>
<status status="PASS" start="2024-07-22T20:16:22.701784" elapsed="0.010369"/>
</for>
<kw name="Create List" owner="BuiltIn">
<msg time="2024-07-22T20:16:22.712485" level="INFO">${expected_keysTwo} = ['username', 'password']</msg>
<var>${expected_keysTwo}</var>
<arg>username</arg>
<arg>password</arg>
<doc>Returns a list containing given items.</doc>
<status status="PASS" start="2024-07-22T20:16:22.712346" elapsed="0.000163"/>
</kw>
<for flavor="IN">
<iter>
<kw name="Dictionary Should Contain Key" owner="Collections">
<arg>${json_data['results'][0]['login']}</arg>
<arg>${keyTwo}</arg>
<doc>Fails if ``key`` is not found from ``dictionary``.</doc>
<status status="PASS" start="2024-07-22T20:16:22.713045" elapsed="0.000397"/>
</kw>
<kw name="Dictionary Should Contain Key" owner="Collections">
<arg>${json_data['results'][0]['login']}</arg>
<arg>${keyTwo}</arg>
<doc>Fails if ``key`` is not found from ``dictionary``.</doc>
<status status="PASS" start="2024-07-22T20:16:22.713625" elapsed="0.000388"/>
</kw>
<kw name="Log" owner="BuiltIn">
<msg time="2024-07-22T20:16:22.714314" level="INFO">username</msg>
<arg>${keyTwo}</arg>
<doc>Logs the given message with the given level.</doc>
<status status="PASS" start="2024-07-22T20:16:22.714192" elapsed="0.000159"/>
</kw>
<var name="${keyTwo}">username</var>
<status status="PASS" start="2024-07-22T20:16:22.712936" elapsed="0.001637"/>
</iter>
<iter>
<kw name="Dictionary Should Contain Key" owner="Collections">
<arg>${json_data['results'][0]['login']}</arg>
<arg>${keyTwo}</arg>
<doc>Fails if ``key`` is not found from ``dictionary``.</doc>
<status status="PASS" start="2024-07-22T20:16:22.714858" elapsed="0.000390"/>
</kw>
<kw name="Dictionary Should Contain Key" owner="Collections">
<arg>${json_data['results'][0]['login']}</arg>
<arg>${keyTwo}</arg>
<doc>Fails if ``key`` is not found from ``dictionary``.</doc>
<status status="PASS" start="2024-07-22T20:16:22.715426" elapsed="0.000382"/>
</kw>
<kw name="Log" owner="BuiltIn">
<msg time="2024-07-22T20:16:22.716141" level="INFO">password</msg>
<arg>${keyTwo}</arg>
<doc>Logs the given message with the given level.</doc>
<status status="PASS" start="2024-07-22T20:16:22.715985" elapsed="0.000194"/>
</kw>
<var name="${keyTwo}">password</var>
<status status="PASS" start="2024-07-22T20:16:22.714745" elapsed="0.001659"/>
</iter>
<var>${keyTwo}</var>
<value>@{expected_keysTwo}</value>
<status status="PASS" start="2024-07-22T20:16:22.712780" elapsed="0.003745"/>
</for>
<status status="PASS" start="2024-07-22T20:16:22.595124" elapsed="0.121540"/>
</kw>
<doc>Testa a estrutura da resposta da API.</doc>
<tag>testeEstruturaResposta</tag>
<status status="PASS" start="2024-07-22T20:16:22.594512" elapsed="0.122303"/>
</test>
<test id="s1-s1-t4" name="Validar tipos de dados" line="28">
<kw name="Teste de Tipos de Dados" owner="random-user-service">
<kw name="GET On Session" owner="RequestsLibrary">
<msg time="2024-07-22T20:16:22.757817" level="INFO">GET Request : url=https://randomuser.me/api 
 path_url=/api 
 headers={'User-Agent': 'python-requests/2.32.3', 'Accept-Encoding': 'gzip, deflate', 'Accept': '*/*', 'Connection': 'keep-alive'} 
 body=None 
 </msg>
<msg time="2024-07-22T20:16:22.757886" level="INFO">GET Response : url=https://randomuser.me/api 
 status=200, reason=OK 
 headers={'Date': 'Mon, 22 Jul 2024 20:16:22 GMT', 'Content-Type': 'application/json; charset=utf-8', 'Transfer-Encoding': 'chunked', 'Connection': 'keep-alive', 'X-Powered-By': 'Express', 'Access-Control-Allow-Origin': '*', 'Cache-Control': 'no-cache', 'ETag': 'W/"466-4XdN5o89ztH3n3DSEmFxRxO8GeA"', 'Vary': 'Accept-Encoding', 'Content-Encoding': 'gzip', 'CF-Cache-Status': 'DYNAMIC', 'Report-To': '{"endpoints":[{"url":"https:\\/\\/a.nel.cloudflare.com\\/report\\/v4?s=FOcmxRtSVJfZI8tOTmvzbNPeFmiZ48OXCNipQ2huN%2BoU%2F2LyhUcICNVUlBshwtH8m4CzeClFUc87PWohKxSzt9cMJm0LC3EQ%2Fe08HHahCKCxB0a5vkuCuYGudU%2FQOzDP"}],"group":"cf-nel","max_age":604800}', 'NEL': '{"success_fraction":0,"report_to":"cf-nel","max_age":604800}', 'Server': 'cloudflare', 'CF-RAY': '8a761bae0df38791-IAD', 'alt-svc': 'h3=":443"; ma=86400'} 
 body={"results":[{"gender":"female","name":{"title":"Miss","first":"Oya","last":"Yetkiner"},"location":{"street":{"number":2508,"name":"Istiklal Cd"},"city":"Yalova","state":"Hatay","country":"Turkey","postcode":36760,"coordinates":{"latitude":"70.5785","longitude":"58.9724"},"timezone":{"offset":"+3:30","description":"Tehran"}},"email":"oya.yetkiner@example.com","login":{"uuid":"cd2947f6-4011-40b0-a9c2-ec6d67c9dae6","username":"blackwolf777","password":"sheepdog","salt":"bffbTdQJ","md5":"1ad7cb423c60b80852c4f3cef5c3fdbd","sha1":"1b4202c28f92ac24cce8ff88e509c766b470a5f7","sha256":"9c41605cddc75735943efbcb2017dd3cd83f376276543b74c6b23f099bc68f76"},"dob":{"date":"1968-03-23T20:21:41.186Z","age":56},"registered":{"date":"2018-09-07T18:14:28.482Z","age":5},"phone":"(475)-869-3810","cell":"(580)-006-7688","id":{"name":"","value":null},"picture":{"large":"https://randomuser.me/api/portraits/women/37.jpg","medium":"https://randomuser.me/api/portraits/med/women/37.jpg","thumbnail":"https://randomuser.me/api/portraits/thumb/women/37.jpg"},"nat":"TR"}],"info":{"seed":"5cfc5b9f753eb0a4","results":1,"page":1,"version":"1.4"}} 
 </msg>
<msg time="2024-07-22T20:16:22.757941" level="INFO">/opt/hostedtoolcache/Python/3.12.4/x64/lib/python3.12/site-packages/urllib3/connectionpool.py:1099: InsecureRequestWarning: Unverified HTTPS request is being made to host 'randomuser.me'. Adding certificate verification is strongly advised. See: https://urllib3.readthedocs.io/en/latest/advanced-usage.html#tls-warnings
  warnings.warn(</msg>
<msg time="2024-07-22T20:16:22.758027" level="INFO">${response} = &lt;Response [200]&gt;</msg>
<var>${response}</var>
<arg>consultarAPI</arg>
<arg>/api</arg>
<doc>Sends a GET request on a previously created HTTP Session.</doc>
<status status="PASS" start="2024-07-22T20:16:22.719324" elapsed="0.038745"/>
</kw>
<kw name="Set Variable" owner="BuiltIn">
<msg time="2024-07-22T20:16:22.759117" level="INFO">${json_data} = {'results': [{'gender': 'female', 'name': {'title': 'Miss', 'first': 'Oya', 'last': 'Yetkiner'}, 'location': {'street': {'number': 2508, 'name': 'Istiklal Cd'}, 'city': 'Yalova', 'state': 'Hatay', 'co...</msg>
<var>${json_data}</var>
<arg>${response.json()}</arg>
<doc>Returns the given values which can then be assigned to a variables.</doc>
<status status="PASS" start="2024-07-22T20:16:22.758538" elapsed="0.000607"/>
</kw>
<kw name="Log" owner="BuiltIn">
<msg time="2024-07-22T20:16:22.759603" level="INFO">{'results': [{'gender': 'female', 'name': {'title': 'Miss', 'first': 'Oya', 'last': 'Yetkiner'}, 'location': {'street': {'number': 2508, 'name': 'Istiklal Cd'}, 'city': 'Yalova', 'state': 'Hatay', 'country': 'Turkey', 'postcode': 36760, 'coordinates': {'latitude': '70.5785', 'longitude': '58.9724'}, 'timezone': {'offset': '+3:30', 'description': 'Tehran'}}, 'email': 'oya.yetkiner@example.com', 'login': {'uuid': 'cd2947f6-4011-40b0-a9c2-ec6d67c9dae6', 'username': 'blackwolf777', 'password': 'sheepdog', 'salt': 'bffbTdQJ', 'md5': '1ad7cb423c60b80852c4f3cef5c3fdbd', 'sha1': '1b4202c28f92ac24cce8ff88e509c766b470a5f7', 'sha256': '9c41605cddc75735943efbcb2017dd3cd83f376276543b74c6b23f099bc68f76'}, 'dob': {'date': '1968-03-23T20:21:41.186Z', 'age': 56}, 'registered': {'date': '2018-09-07T18:14:28.482Z', 'age': 5}, 'phone': '(475)-869-3810', 'cell': '(580)-006-7688', 'id': {'name': '', 'value': None}, 'picture': {'large': 'https://randomuser.me/api/portraits/women/37.jpg', 'medium': 'https://randomuser.me/api/portraits/med/women/37.jpg', 'thumbnail': 'https://randomuser.me/api/portraits/thumb/women/37.jpg'}, 'nat': 'TR'}], 'info': {'seed': '5cfc5b9f753eb0a4', 'results': 1, 'page': 1, 'version': '1.4'}}</msg>
<arg>${json_data}</arg>
<doc>Logs the given message with the given level.</doc>
<status status="PASS" start="2024-07-22T20:16:22.759451" elapsed="0.000199"/>
</kw>
<kw name="Should Be String" owner="String">
<arg>${json_data['results'][0]['gender']}</arg>
<doc>Fails if the given ``item`` is not a string.</doc>
<status status="PASS" start="2024-07-22T20:16:22.759939" elapsed="0.000404"/>
</kw>
<kw name="Should Match Regexp" owner="BuiltIn">
<arg>${json_data['results'][0]['email']}</arg>
<arg>^[a-zA-Z0-9._%+-]+@[a-zA-Z0-9.-]+\.[a-zA-Z]{2,}$</arg>
<doc>Fails if ``string`` does not match ``pattern`` as a regular expression.</doc>
<status status="PASS" start="2024-07-22T20:16:22.760533" elapsed="0.000512"/>
</kw>
<kw name="Should Match Regexp" owner="BuiltIn">
<arg>${json_data['results'][0]['dob']['date']}</arg>
<arg>\\d{4}-\\d{2}-\\d{2}T\\d{2}:\\d{2}:\\d{2}\\.\\d{3}Z</arg>
<doc>Fails if ``string`` does not match ``pattern`` as a regular expression.</doc>
<status status="PASS" start="2024-07-22T20:16:22.761276" elapsed="0.000607"/>
</kw>
<kw name="Should Match Regexp" owner="BuiltIn">
<arg>${json_data['results'][0]['registered']['date']}</arg>
<arg>\\d{4}-\\d{2}-\\d{2}T\\d{2}:\\d{2}:\\d{2}\\.\\d{3}Z</arg>
<doc>Fails if ``string`` does not match ``pattern`` as a regular expression.</doc>
<status status="PASS" start="2024-07-22T20:16:22.762088" elapsed="0.000376"/>
</kw>
<kw name="Should Match Regexp" owner="BuiltIn">
<arg>${json_data['results'][0]['picture']['large']}</arg>
<arg>^https?://.*\.(?:png|jpe?g|gif|bmp)$</arg>
<doc>Fails if ``string`` does not match ``pattern`` as a regular expression.</doc>
<status status="PASS" start="2024-07-22T20:16:22.762650" elapsed="0.000472"/>
</kw>
<kw name="Should Match Regexp" owner="BuiltIn">
<arg>${json_data['results'][0]['picture']['medium']}</arg>
<arg>^https?://.*\.(?:png|jpe?g|gif|bmp)$</arg>
<doc>Fails if ``string`` does not match ``pattern`` as a regular expression.</doc>
<status status="PASS" start="2024-07-22T20:16:22.763309" elapsed="0.000353"/>
</kw>
<kw name="Should Match Regexp" owner="BuiltIn">
<arg>${json_data['results'][0]['picture']['thumbnail']}</arg>
<arg>^https?://.*\.(?:png|jpe?g|gif|bmp)$</arg>
<doc>Fails if ``string`` does not match ``pattern`` as a regular expression.</doc>
<status status="PASS" start="2024-07-22T20:16:22.763843" elapsed="0.000377"/>
</kw>
<kw name="Log" owner="BuiltIn">
<msg time="2024-07-22T20:16:22.764736" level="INFO">{'large': 'https://randomuser.me/api/portraits/women/37.jpg', 'medium': 'https://randomuser.me/api/portraits/med/women/37.jpg', 'thumbnail': 'https://randomuser.me/api/portraits/thumb/women/37.jpg'}</msg>
<arg>${json_data['results'][0]['picture']}</arg>
<doc>Logs the given message with the given level.</doc>
<status status="PASS" start="2024-07-22T20:16:22.764402" elapsed="0.000378"/>
</kw>
<status status="PASS" start="2024-07-22T20:16:22.719103" elapsed="0.045938"/>
</kw>
<kw name="Teste de Tipos de Dados - Postcode" owner="random-user-service">
<kw name="GET On Session" owner="RequestsLibrary">
<msg time="2024-07-22T20:16:22.871103" level="INFO">GET Request : url=https://randomuser.me/api 
 path_url=/api 
 headers={'User-Agent': 'python-requests/2.32.3', 'Accept-Encoding': 'gzip, deflate', 'Accept': '*/*', 'Connection': 'keep-alive'} 
 body=None 
 </msg>
<msg time="2024-07-22T20:16:22.871165" level="INFO">GET Response : url=https://randomuser.me/api 
 status=200, reason=OK 
 headers={'Date': 'Mon, 22 Jul 2024 20:16:22 GMT', 'Content-Type': 'application/json; charset=utf-8', 'Transfer-Encoding': 'chunked', 'Connection': 'keep-alive', 'X-Powered-By': 'Express', 'Access-Control-Allow-Origin': '*', 'Cache-Control': 'no-cache', 'ETag': 'W/"47b-XewKpcoWxF7K6Kfs3Ez5iRe0Elo"', 'Vary': 'Accept-Encoding', 'Content-Encoding': 'gzip', 'CF-Cache-Status': 'DYNAMIC', 'Report-To': '{"endpoints":[{"url":"https:\\/\\/a.nel.cloudflare.com\\/report\\/v4?s=vG9GY4VUuxUJ4jfpBM8guW5xm4mvQ5IRR5%2BzmPt1nEok%2FDq1KTuZ3TSgKEMLthXJcNVGufRy3YQQDxdd3ZSXmzYUaj98bZWGGY16OtNQbwBw6Ad6qlyUI%2BRW%2F1GmkL%2B9"}],"group":"cf-nel","max_age":604800}', 'NEL': '{"success_fraction":0,"report_to":"cf-nel","max_age":604800}', 'Server': 'cloudflare', 'CF-RAY': '8a761bae4e598791-IAD', 'alt-svc': 'h3=":443"; ma=86400'} 
 body={"results":[{"gender":"female","name":{"title":"Ms","first":"Varsha","last":"Prabhu"},"location":{"street":{"number":9542,"name":"Chaman Ganj"},"city":"Dhule","state":"Karnataka","country":"India","postcode":67056,"coordinates":{"latitude":"12.3881","longitude":"25.2948"},"timezone":{"offset":"-12:00","description":"Eniwetok, Kwajalein"}},"email":"varsha.prabhu@example.com","login":{"uuid":"fac0f247-ad9c-4064-8255-e5e26ca1d84e","username":"greentiger422","password":"five","salt":"2LVdArqk","md5":"32949ab1b6c985f1e8591e98ae632935","sha1":"bbe373fd397bb04eb45e44fd76466e7e9db19103","sha256":"15d8edc4498e6384cab1d14f3482e4bb50276a06dd72133ee7cfc0a332c94768"},"dob":{"date":"1996-02-22T20:04:58.255Z","age":28},"registered":{"date":"2005-06-03T12:25:00.557Z","age":19},"phone":"9618529483","cell":"9772748299","id":{"name":"UIDAI","value":"987991082823"},"picture":{"large":"https://randomuser.me/api/portraits/women/42.jpg","medium":"https://randomuser.me/api/portraits/med/women/42.jpg","thumbnail":"https://randomuser.me/api/portraits/thumb/women/42.jpg"},"nat":"IN"}],"info":{"seed":"a577deee9a03e351","results":1,"page":1,"version":"1.4"}} 
 </msg>
<msg time="2024-07-22T20:16:22.871218" level="INFO">/opt/hostedtoolcache/Python/3.12.4/x64/lib/python3.12/site-packages/urllib3/connectionpool.py:1099: InsecureRequestWarning: Unverified HTTPS request is being made to host 'randomuser.me'. Adding certificate verification is strongly advised. See: https://urllib3.readthedocs.io/en/latest/advanced-usage.html#tls-warnings
  warnings.warn(</msg>
<msg time="2024-07-22T20:16:22.871301" level="INFO">${response} = &lt;Response [200]&gt;</msg>
<var>${response}</var>
<arg>consultarAPI</arg>
<arg>/api</arg>
<doc>Sends a GET request on a previously created HTTP Session.</doc>
<status status="PASS" start="2024-07-22T20:16:22.765515" elapsed="0.105817"/>
</kw>
<kw name="Set Variable" owner="BuiltIn">
<msg time="2024-07-22T20:16:22.872205" level="INFO">${json_data} = {'results': [{'gender': 'female', 'name': {'title': 'Ms', 'first': 'Varsha', 'last': 'Prabhu'}, 'location': {'street': {'number': 9542, 'name': 'Chaman Ganj'}, 'city': 'Dhule', 'state': 'Karnataka', '...</msg>
<var>${json_data}</var>
<arg>${response.json()}</arg>
<doc>Returns the given values which can then be assigned to a variables.</doc>
<status status="PASS" start="2024-07-22T20:16:22.871704" elapsed="0.000530"/>
</kw>
<kw name="Log" owner="BuiltIn">
<msg time="2024-07-22T20:16:22.872699" level="INFO">{'results': [{'gender': 'female', 'name': {'title': 'Ms', 'first': 'Varsha', 'last': 'Prabhu'}, 'location': {'street': {'number': 9542, 'name': 'Chaman Ganj'}, 'city': 'Dhule', 'state': 'Karnataka', 'country': 'India', 'postcode': 67056, 'coordinates': {'latitude': '12.3881', 'longitude': '25.2948'}, 'timezone': {'offset': '-12:00', 'description': 'Eniwetok, Kwajalein'}}, 'email': 'varsha.prabhu@example.com', 'login': {'uuid': 'fac0f247-ad9c-4064-8255-e5e26ca1d84e', 'username': 'greentiger422', 'password': 'five', 'salt': '2LVdArqk', 'md5': '32949ab1b6c985f1e8591e98ae632935', 'sha1': 'bbe373fd397bb04eb45e44fd76466e7e9db19103', 'sha256': '15d8edc4498e6384cab1d14f3482e4bb50276a06dd72133ee7cfc0a332c94768'}, 'dob': {'date': '1996-02-22T20:04:58.255Z', 'age': 28}, 'registered': {'date': '2005-06-03T12:25:00.557Z', 'age': 19}, 'phone': '9618529483', 'cell': '9772748299', 'id': {'name': 'UIDAI', 'value': '987991082823'}, 'picture': {'large': 'https://randomuser.me/api/portraits/women/42.jpg', 'medium': 'https://randomuser.me/api/portraits/med/women/42.jpg', 'thumbnail': 'https://randomuser.me/api/portraits/thumb/women/42.jpg'}, 'nat': 'IN'}], 'info': {'seed': 'a577deee9a03e351', 'results': 1, 'page': 1, 'version': '1.4'}}</msg>
<arg>${json_data}</arg>
<doc>Logs the given message with the given level.</doc>
<status status="PASS" start="2024-07-22T20:16:22.872544" elapsed="0.000202"/>
</kw>
<kw name="Should Be Equal As Numbers" owner="BuiltIn">
<arg>${json_data['results'][0]['location']['postcode']}</arg>
<arg>${json_data['results'][0]['location']['postcode']}</arg>
<doc>Fails if objects are unequal after converting them to real numbers.</doc>
<status status="PASS" start="2024-07-22T20:16:22.873041" elapsed="0.000646"/>
</kw>
<kw name="Log" owner="BuiltIn">
<msg time="2024-07-22T20:16:22.874223" level="INFO">67056</msg>
<arg>${json_data['results'][0]['location']['postcode']}</arg>
<doc>Logs the given message with the given level.</doc>
<status status="PASS" start="2024-07-22T20:16:22.873883" elapsed="0.000382"/>
</kw>
<status status="PASS" start="2024-07-22T20:16:22.765255" elapsed="0.109261"/>
</kw>
<doc>Testa se os tipos de dados na resposta da API estão corretos.</doc>
<tag>testeTiposDados</tag>
<status status="PASS" start="2024-07-22T20:16:22.718545" elapsed="0.156169"/>
</test>
<test id="s1-s1-t5" name="Validar conteudo" line="35">
<kw name="Teste de Tipos de Conteudo" owner="random-user-service">
<kw name="GET On Session" owner="RequestsLibrary">
<msg time="2024-07-22T20:16:22.960311" level="INFO">GET Request : url=https://randomuser.me/api 
 path_url=/api 
 headers={'User-Agent': 'python-requests/2.32.3', 'Accept-Encoding': 'gzip, deflate', 'Accept': '*/*', 'Connection': 'keep-alive'} 
 body=None 
 </msg>
<msg time="2024-07-22T20:16:22.960397" level="INFO">GET Response : url=https://randomuser.me/api 
 status=200, reason=OK 
 headers={'Date': 'Mon, 22 Jul 2024 20:16:22 GMT', 'Content-Type': 'application/json; charset=utf-8', 'Transfer-Encoding': 'chunked', 'Connection': 'keep-alive', 'X-Powered-By': 'Express', 'Access-Control-Allow-Origin': '*', 'Cache-Control': 'no-cache', 'ETag': 'W/"475-AQDYBUTGF1WBGfsiGGqtB/YQoOg"', 'Vary': 'Accept-Encoding', 'Content-Encoding': 'gzip', 'CF-Cache-Status': 'DYNAMIC', 'Report-To': '{"endpoints":[{"url":"https:\\/\\/a.nel.cloudflare.com\\/report\\/v4?s=q1cEC1Du5WgNTLVRcZ6EI6NKFaNV5El%2BiUlVGHAFGfhfA14DgXr%2FZrg3I%2BdJ7olsQrzi7IIhtSipG6KldEI3FBKRQM531C10OlycnGOrGV812yIOK4CAZi6tu199L5YD"}],"group":"cf-nel","max_age":604800}', 'NEL': '{"success_fraction":0,"report_to":"cf-nel","max_age":604800}', 'Server': 'cloudflare', 'CF-RAY': '8a761baeff438791-IAD', 'alt-svc': 'h3=":443"; ma=86400'} 
 body={"results":[{"gender":"female","name":{"title":"Miss","first":"Lia","last":"Opdahl"},"location":{"street":{"number":457,"name":"Sletteløkka"},"city":"Otta","state":"Hedmark","country":"Norway","postcode":"3105","coordinates":{"latitude":"46.3177","longitude":"178.3404"},"timezone":{"offset":"+6:00","description":"Almaty, Dhaka, Colombo"}},"email":"lia.opdahl@example.com","login":{"uuid":"8a2c0c94-6596-4d22-881d-c62f5df29b83","username":"smallpeacock482","password":"amature","salt":"vKy2kjcH","md5":"b8c7d23a33db5889b590ff74a1df239a","sha1":"a6fd3c1dfcf4022dc7ac4e2959c27963dda47cf0","sha256":"140210613fda89deaaa241f650fe70c48b53fe4daada5a0c057a724456af1cf4"},"dob":{"date":"1953-06-17T08:47:09.202Z","age":71},"registered":{"date":"2021-11-19T09:24:16.593Z","age":2},"phone":"79167528","cell":"91335503","id":{"name":"FN","value":"17065329689"},"picture":{"large":"https://randomuser.me/api/portraits/women/33.jpg","medium":"https://randomuser.me/api/portraits/med/women/33.jpg","thumbnail":"https://randomuser.me/api/portraits/thumb/women/33.jpg"},"nat":"NO"}],"info":{"seed":"0b82af65c6cb8b60","results":1,"page":1,"version":"1.4"}} 
 </msg>
<msg time="2024-07-22T20:16:22.960474" level="INFO">/opt/hostedtoolcache/Python/3.12.4/x64/lib/python3.12/site-packages/urllib3/connectionpool.py:1099: InsecureRequestWarning: Unverified HTTPS request is being made to host 'randomuser.me'. Adding certificate verification is strongly advised. See: https://urllib3.readthedocs.io/en/latest/advanced-usage.html#tls-warnings
  warnings.warn(</msg>
<msg time="2024-07-22T20:16:22.960583" level="INFO">${response} = &lt;Response [200]&gt;</msg>
<var>${response}</var>
<arg>consultarAPI</arg>
<arg>/api</arg>
<doc>Sends a GET request on a previously created HTTP Session.</doc>
<status status="PASS" start="2024-07-22T20:16:22.877464" elapsed="0.083160"/>
</kw>
<kw name="Set Variable" owner="BuiltIn">
<msg time="2024-07-22T20:16:22.961612" level="INFO">${json_data} = {'results': [{'gender': 'female', 'name': {'title': 'Miss', 'first': 'Lia', 'last': 'Opdahl'}, 'location': {'street': {'number': 457, 'name': 'Sletteløkka'}, 'city': 'Otta', 'state': 'Hedmark', 'count...</msg>
<var>${json_data}</var>
<arg>${response.json()}</arg>
<doc>Returns the given values which can then be assigned to a variables.</doc>
<status status="PASS" start="2024-07-22T20:16:22.961112" elapsed="0.000530"/>
</kw>
<kw name="Set Variable" owner="BuiltIn">
<msg time="2024-07-22T20:16:22.962354" level="INFO">${name_title} = Miss</msg>
<var>${name_title}</var>
<arg>${json_data["results"][0]["name"]["title"]}</arg>
<doc>Returns the given values which can then be assigned to a variables.</doc>
<status status="PASS" start="2024-07-22T20:16:22.961957" elapsed="0.000424"/>
</kw>
<kw name="Create List" owner="BuiltIn">
<msg time="2024-07-22T20:16:22.962847" level="INFO">${allowed_titles} = ['Mr', 'Ms', 'Miss', 'Mrs', 'Madame', 'Monsieur']</msg>
<var>${allowed_titles}</var>
<arg>Mr</arg>
<arg>Ms</arg>
<arg>Miss</arg>
<arg>Mrs</arg>
<arg>Madame</arg>
<arg>Monsieur</arg>
<doc>Returns a list containing given items.</doc>
<status status="PASS" start="2024-07-22T20:16:22.962694" elapsed="0.000179"/>
</kw>
<kw name="List Should Contain Value" owner="Collections">
<arg>${allowed_titles}</arg>
<arg>${name_title}</arg>
<doc>Fails if the ``value`` is not found from ``list``.</doc>
<status status="PASS" start="2024-07-22T20:16:22.963181" elapsed="0.000180"/>
</kw>
<kw name="Set Variable" owner="BuiltIn">
<msg time="2024-07-22T20:16:22.963942" level="INFO">${name_country} = NO</msg>
<var>${name_country}</var>
<arg>${json_data["results"][0]["nat"]}</arg>
<doc>Returns the given values which can then be assigned to a variables.</doc>
<status status="PASS" start="2024-07-22T20:16:22.963548" elapsed="0.000421"/>
</kw>
<kw name="Create List" owner="BuiltIn">
<msg time="2024-07-22T20:16:22.964925" level="INFO">${list_country} = ['AD', 'AE', 'AF', 'AG', 'AI', 'AL', 'AM', 'AO', 'AQ', 'AR', 'AS', 'AT', 'AU', 'AW', 'AX', 'AZ', 'BA', 'BB', 'BD', 'BE', 'BF', 'BG', 'BH', 'BI', 'BJ', 'BL', 'BM', 'BN', 'BO', 'BQ', 'BR', 'BS', 'BT', '...</msg>
<var>${list_country}</var>
<arg>AD</arg>
<arg>AE</arg>
<arg>AF</arg>
<arg>AG</arg>
<arg>AI</arg>
<arg>AL</arg>
<arg>AM</arg>
<arg>AO</arg>
<arg>AQ</arg>
<arg>AR</arg>
<arg>AS</arg>
<arg>AT</arg>
<arg>AU</arg>
<arg>AW</arg>
<arg>AX</arg>
<arg>AZ</arg>
<arg>BA</arg>
<arg>BB</arg>
<arg>BD</arg>
<arg>BE</arg>
<arg>BF</arg>
<arg>BG</arg>
<arg>BH</arg>
<arg>BI</arg>
<arg>BJ</arg>
<arg>BL</arg>
<arg>BM</arg>
<arg>BN</arg>
<arg>BO</arg>
<arg>BQ</arg>
<arg>BR</arg>
<arg>BS</arg>
<arg>BT</arg>
<arg>BV</arg>
<arg>BW</arg>
<arg>BY</arg>
<arg>BZ</arg>
<arg>CA</arg>
<arg>CC</arg>
<arg>CD</arg>
<arg>CF</arg>
<arg>CG</arg>
<arg>CH</arg>
<arg>CI</arg>
<arg>CK</arg>
<arg>CL</arg>
<arg>CM</arg>
<arg>CN</arg>
<arg>CO</arg>
<arg>CR</arg>
<arg>CU</arg>
<arg>CV</arg>
<arg>CW</arg>
<arg>CX</arg>
<arg>CY</arg>
<arg>CZ</arg>
<arg>DE</arg>
<arg>DJ</arg>
<arg>DK</arg>
<arg>DM</arg>
<arg>DO</arg>
<arg>DZ</arg>
<arg>EC</arg>
<arg>EE</arg>
<arg>EG</arg>
<arg>EH</arg>
<arg>ER</arg>
<arg>ES</arg>
<arg>ET</arg>
<arg>FI</arg>
<arg>FJ</arg>
<arg>FK</arg>
<arg>FM</arg>
<arg>FO</arg>
<arg>FR</arg>
<arg>GA</arg>
<arg>GB</arg>
<arg>GD</arg>
<arg>GE</arg>
<arg>GF</arg>
<arg>GG</arg>
<arg>GH</arg>
<arg>GI</arg>
<arg>GL</arg>
<arg>GM</arg>
<arg>GN</arg>
<arg>GP</arg>
<arg>GQ</arg>
<arg>GR</arg>
<arg>GS</arg>
<arg>GT</arg>
<arg>GU</arg>
<arg>GW</arg>
<arg>GY</arg>
<arg>HK</arg>
<arg>HM</arg>
<arg>HN</arg>
<arg>HR</arg>
<arg>HT</arg>
<arg>HU</arg>
<arg>ID</arg>
<arg>IE</arg>
<arg>IL</arg>
<arg>IM</arg>
<arg>IN</arg>
<arg>IO</arg>
<arg>IQ</arg>
<arg>IR</arg>
<arg>IS</arg>
<arg>IT</arg>
<arg>JE</arg>
<arg>JM</arg>
<arg>JO</arg>
<arg>JP</arg>
<arg>KE</arg>
<arg>KG</arg>
<arg>KH</arg>
<arg>KI</arg>
<arg>KM</arg>
<arg>KN</arg>
<arg>KP</arg>
<arg>KR</arg>
<arg>KW</arg>
<arg>KY</arg>
<arg>KZ</arg>
<arg>LA</arg>
<arg>LB</arg>
<arg>LC</arg>
<arg>LI</arg>
<arg>LK</arg>
<arg>LR</arg>
<arg>LS</arg>
<arg>LT</arg>
<arg>LU</arg>
<arg>LV</arg>
<arg>LY</arg>
<arg>MA</arg>
<arg>MC</arg>
<arg>MD</arg>
<arg>ME</arg>
<arg>MF</arg>
<arg>MG</arg>
<arg>MH</arg>
<arg>MK</arg>
<arg>ML</arg>
<arg>MM</arg>
<arg>MN</arg>
<arg>MO</arg>
<arg>MP</arg>
<arg>MQ</arg>
<arg>MR</arg>
<arg>MS</arg>
<arg>MT</arg>
<arg>MU</arg>
<arg>MV</arg>
<arg>MW</arg>
<arg>MX</arg>
<arg>MY</arg>
<arg>MZ</arg>
<arg>NA</arg>
<arg>NC</arg>
<arg>NE</arg>
<arg>NF</arg>
<arg>NG</arg>
<arg>NI</arg>
<arg>NL</arg>
<arg>NO</arg>
<arg>NP</arg>
<arg>NR</arg>
<arg>NU</arg>
<arg>NZ</arg>
<arg>OM</arg>
<arg>PA</arg>
<arg>PE</arg>
<arg>PF</arg>
<arg>PG</arg>
<arg>PH</arg>
<arg>PK</arg>
<arg>PL</arg>
<arg>PM</arg>
<arg>PN</arg>
<arg>PR</arg>
<arg>PS</arg>
<arg>PT</arg>
<arg>PW</arg>
<arg>PY</arg>
<arg>QA</arg>
<arg>RE</arg>
<arg>RO</arg>
<arg>RS</arg>
<arg>RU</arg>
<arg>RW</arg>
<arg>SA</arg>
<arg>SB</arg>
<arg>SC</arg>
<arg>SD</arg>
<arg>SE</arg>
<arg>SG</arg>
<arg>SH</arg>
<arg>SI</arg>
<arg>SJ</arg>
<arg>SK</arg>
<arg>SL</arg>
<arg>SM</arg>
<arg>SN</arg>
<arg>SO</arg>
<arg>SR</arg>
<arg>SS</arg>
<arg>ST</arg>
<arg>SV</arg>
<arg>SX</arg>
<arg>SY</arg>
<arg>SZ</arg>
<arg>TC</arg>
<arg>TD</arg>
<arg>TF</arg>
<arg>TG</arg>
<arg>TH</arg>
<arg>TJ</arg>
<arg>TK</arg>
<arg>TL</arg>
<arg>TM</arg>
<arg>TN</arg>
<arg>TO</arg>
<arg>TR</arg>
<arg>TT</arg>
<arg>TV</arg>
<arg>TW</arg>
<arg>TZ</arg>
<arg>UA</arg>
<arg>UG</arg>
<arg>UM</arg>
<arg>US</arg>
<arg>UY</arg>
<arg>UZ</arg>
<arg>VA</arg>
<arg>VC</arg>
<arg>VE</arg>
<arg>VG</arg>
<arg>VI</arg>
<arg>VN</arg>
<arg>VU</arg>
<arg>WF</arg>
<arg>WS</arg>
<arg>XK</arg>
<arg>YE</arg>
<arg>YT</arg>
<arg>ZA</arg>
<arg>ZM</arg>
<arg>ZW</arg>
<doc>Returns a list containing given items.</doc>
<status status="PASS" start="2024-07-22T20:16:22.964319" elapsed="0.000632"/>
</kw>
<kw name="List Should Contain Value" owner="Collections">
<arg>${list_country}</arg>
<arg>${name_country}</arg>
<doc>Fails if the ``value`` is not found from ``list``.</doc>
<status status="PASS" start="2024-07-22T20:16:22.965940" elapsed="0.000216"/>
</kw>
<kw name="Run Keyword If" owner="BuiltIn">
<kw name="Should Be True" owner="BuiltIn">
<arg>${True}</arg>
<doc>Fails if the given condition is not true.</doc>
<status status="PASS" start="2024-07-22T20:16:22.967161" elapsed="0.000148"/>
</kw>
<arg>${json_data["results"][0]["location"]["coordinates"]["latitude"]} &gt;= -90 and ${json_data["results"][0]["location"]["coordinates"]["latitude"]} &lt;= 90</arg>
<arg>Should Be True</arg>
<arg>${True}</arg>
<doc>Runs the given keyword with the given arguments, if ``condition`` is true.</doc>
<status status="PASS" start="2024-07-22T20:16:22.966358" elapsed="0.001079"/>
</kw>
<kw name="Run Keyword If" owner="BuiltIn">
<kw name="Should Be True" owner="BuiltIn">
<arg>${True}</arg>
<doc>Fails if the given condition is not true.</doc>
<status status="PASS" start="2024-07-22T20:16:22.968374" elapsed="0.000142"/>
</kw>
<arg>${json_data["results"][0]["location"]["coordinates"]["longitude"]} &gt;= -180 and ${json_data["results"][0]["location"]["coordinates"]["longitude"]} &lt;= 180</arg>
<arg>Should Be True</arg>
<arg>${True}</arg>
<doc>Runs the given keyword with the given arguments, if ``condition`` is true.</doc>
<status status="PASS" start="2024-07-22T20:16:22.967620" elapsed="0.001020"/>
</kw>
<status status="PASS" start="2024-07-22T20:16:22.877103" elapsed="0.091670"/>
</kw>
<doc>Testa o conteúdo específico dos campos retornados pela API.</doc>
<tag>testeConteudo</tag>
<status status="PASS" start="2024-07-22T20:16:22.876483" elapsed="0.092438"/>
</test>
<status status="PASS" start="2024-07-22T20:16:22.109465" elapsed="0.861354"/>
</suite>
<status status="PASS" start="2024-07-22T20:16:22.094806" elapsed="0.881172"/>
</suite>
<statistics>
<total>
<stat pass="5" fail="0" skip="0">All Tests</stat>
</total>
<tag>
<stat pass="1" fail="0" skip="0">testeConteudo</stat>
<stat pass="1" fail="0" skip="0">testeEstruturaResposta</stat>
<stat pass="1" fail="0" skip="0">testeRequisicaoBasica</stat>
<stat pass="1" fail="0" skip="0">testeTiposDados</stat>
</tag>
<suite>
<stat pass="5" fail="0" skip="0" id="s1" name="Tests">Tests</stat>
<stat pass="5" fail="0" skip="0" id="s1-s1" name="Random-User-Test">Tests.Random-User-Test</stat>
</suite>
</statistics>
<errors>
</errors>
</robot>
