<?xml version="1.0" encoding="UTF-8"?>
<robot generator="Robot 7.0 (Python 3.12.2 on linux)" generated="2024-04-12T19:11:11.905657" rpa="false" schemaversion="5">
<suite id="s1" name="Tests" source="/home/runner/work/DesafioQAItauRogerioJordao/DesafioQAItauRogerioJordao/RamdonUser/tests">
<suite id="s1-s1" name="Random-User-Test" source="/home/runner/work/DesafioQAItauRogerioJordao/DesafioQAItauRogerioJordao/RamdonUser/tests/random-user-test.robot">
<test id="s1-s1-t1" name="Conectar" line="13">
<kw name="Conectar API" owner="random-user-service">
<kw name="Create Session" owner="RequestsLibrary">
<msg time="2024-04-12T19:11:12.299252" level="INFO">Creating Session using : alias=consultarAPI, url=https://randomuser.me/, headers={},                     cookies={}, auth=None, timeout=None, proxies=None, verify=False,                     debug=0 </msg>
<arg>consultarAPI</arg>
<arg>${URL}</arg>
<doc>Create Session: create a HTTP session to a server</doc>
<status status="PASS" start="2024-04-12T19:11:12.299039" elapsed="0.000409"/>
</kw>
<status status="PASS" start="2024-04-12T19:11:12.297909" elapsed="0.001921"/>
</kw>
<status status="PASS" start="2024-04-12T19:11:12.297329" elapsed="0.002712"/>
</test>
<test id="s1-s1-t2" name="Validar retorno 200 e JSON Válido" line="16">
<kw name="Teste de Requisicao Basica" owner="random-user-service">
<kw name="GET On Session" owner="RequestsLibrary">
<msg time="2024-04-12T19:11:12.468816" level="INFO">GET Request : url=https://randomuser.me/api 
 path_url=/api 
 headers={'User-Agent': 'python-requests/2.31.0', 'Accept-Encoding': 'gzip, deflate', 'Accept': '*/*', 'Connection': 'keep-alive'} 
 body=None 
 </msg>
<msg time="2024-04-12T19:11:12.469009" level="INFO">GET Response : url=https://randomuser.me/api 
 status=200, reason=OK 
 headers={'Date': 'Fri, 12 Apr 2024 19:11:12 GMT', 'Content-Type': 'application/json; charset=utf-8', 'Transfer-Encoding': 'chunked', 'Connection': 'keep-alive', 'X-Powered-By': 'Express', 'Access-Control-Allow-Origin': '*', 'Cache-Control': 'no-cache', 'ETag': 'W/"4a5-+RVMYXa1ZWuGt5hTkBAj5DqVGFA"', 'Vary': 'Accept-Encoding', 'Content-Encoding': 'gzip', 'CF-Cache-Status': 'DYNAMIC', 'Report-To': '{"endpoints":[{"url":"https:\\/\\/a.nel.cloudflare.com\\/report\\/v4?s=N4S6ezXovehRie15lvLazNqsSCNsgjqbrCqp5cZT8pJQfGnqzH2%2BMqzG%2FVM%2BhWIjBKXUo2QvGHVRpdl23anPy14PxII7lUPSh7VoiB7AhO4MF9J9rQOG8%2BaIkMdtFb%2F4"}],"group":"cf-nel","max_age":604800}', 'NEL': '{"success_fraction":0,"report_to":"cf-nel","max_age":604800}', 'Server': 'cloudflare', 'CF-RAY': '8735855639277d88-LAX', 'alt-svc': 'h3=":443"; ma=86400'} 
 body={"results":[{"gender":"male","name":{"title":"Mr","first":"Rafael","last":"Moreau"},"location":{"street":{"number":9896,"name":"Boulevard de la Duchère"},"city":"Perpignan","state":"Hautes-Alpes","country":"France","postcode":19093,"coordinates":{"latitude":"-17.4960","longitude":"-25.4837"},"timezone":{"offset":"+9:00","description":"Tokyo, Seoul, Osaka, Sapporo, Yakutsk"}},"email":"rafael.moreau@example.com","login":{"uuid":"cbdf2b71-0a87-4a5b-950e-62ed42af7540","username":"angryswan440","password":"fast","salt":"bNFCNtRh","md5":"dcef74b2380bcd25b9e8e18ce8d034ad","sha1":"14216aa6a0bd76d821b0dfa4bb8e295e82319996","sha256":"ffa5ca6ae9d83b61ac9d43cff6cf4974eb353b1a65b6e137d49038cbdfc6067c"},"dob":{"date":"1953-10-17T10:13:37.577Z","age":70},"registered":{"date":"2021-02-09T13:33:22.698Z","age":3},"phone":"02-16-94-32-07","cell":"06-66-93-48-27","id":{"name":"INSEE","value":"1530949006157 08"},"picture":{"large":"https://randomuser.me/api/portraits/men/86.jpg","medium":"https://randomuser.me/api/portraits/med/men/86.jpg","thumbnail":"https://randomuser.me/api/portraits/thumb/men/86.jpg"},"nat":"FR"}],"info":{"seed":"d458b95eb214534a","results":1,"page":1,"version":"1.4"}} 
 </msg>
<msg time="2024-04-12T19:11:12.469111" level="INFO">/opt/hostedtoolcache/Python/3.12.2/x64/lib/python3.12/site-packages/urllib3/connectionpool.py:1103: InsecureRequestWarning: Unverified HTTPS request is being made to host 'randomuser.me'. Adding certificate verification is strongly advised. See: https://urllib3.readthedocs.io/en/latest/advanced-usage.html#tls-warnings
  warnings.warn(</msg>
<msg time="2024-04-12T19:11:12.469272" level="INFO">${response} = &lt;Response [200]&gt;</msg>
<var>${response}</var>
<arg>consultarAPI</arg>
<arg>/api</arg>
<doc>Sends a GET request on a previously created HTTP Session.</doc>
<status status="PASS" start="2024-04-12T19:11:12.302635" elapsed="0.166681"/>
</kw>
<kw name="Should Be Equal As Numbers" owner="BuiltIn">
<msg time="2024-04-12T19:11:12.470371" level="INFO">Argument types are:
&lt;class 'int'&gt;
&lt;class 'str'&gt;</msg>
<arg>${response.status_code}</arg>
<arg>200</arg>
<doc>Fails if objects are unequal after converting them to real numbers.</doc>
<status status="PASS" start="2024-04-12T19:11:12.469880" elapsed="0.000558"/>
</kw>
<kw name="Log" owner="BuiltIn">
<msg time="2024-04-12T19:11:12.471168" level="INFO">200</msg>
<arg>${response.status_code}</arg>
<doc>Logs the given message with the given level.</doc>
<status status="PASS" start="2024-04-12T19:11:12.470805" elapsed="0.000407"/>
</kw>
<kw name="Set Variable" owner="BuiltIn">
<msg time="2024-04-12T19:11:12.472002" level="INFO">${json_data} = {'results': [{'gender': 'male', 'name': {'title': 'Mr', 'first': 'Rafael', 'last': 'Moreau'}, 'location': {'street': {'number': 9896, 'name': 'Boulevard de la Duchère'}, 'city': 'Perpignan', 'state': ...</msg>
<var>${json_data}</var>
<arg>${response.json()}</arg>
<doc>Returns the given values which can then be assigned to a variables.</doc>
<status status="PASS" start="2024-04-12T19:11:12.471550" elapsed="0.000482"/>
</kw>
<kw name="Dictionary Should Contain Key" owner="Collections">
<msg time="2024-04-12T19:11:12.472517" level="INFO">False</msg>
<arg>${json_data}</arg>
<arg>results</arg>
<doc>Fails if ``key`` is not found from ``dictionary``.</doc>
<status status="PASS" start="2024-04-12T19:11:12.472346" elapsed="0.000211"/>
</kw>
<status status="PASS" start="2024-04-12T19:11:12.302355" elapsed="0.170469"/>
</kw>
<doc>Testa se a API responde corretamente e retorna um objeto JSON válido.</doc>
<tag>testeRequisicaoBasica</tag>
<status status="PASS" start="2024-04-12T19:11:12.301898" elapsed="0.171121"/>
</test>
<test id="s1-s1-t3" name="Validar estrutura de resposta" line="22">
<kw name="Teste de Estrutura de Resposta" owner="random-user-service">
<kw name="GET On Session" owner="RequestsLibrary">
<msg time="2024-04-12T19:11:12.580412" level="INFO">GET Request : url=https://randomuser.me/api 
 path_url=/api 
 headers={'User-Agent': 'python-requests/2.31.0', 'Accept-Encoding': 'gzip, deflate', 'Accept': '*/*', 'Connection': 'keep-alive'} 
 body=None 
 </msg>
<msg time="2024-04-12T19:11:12.580533" level="INFO">GET Response : url=https://randomuser.me/api 
 status=200, reason=OK 
 headers={'Date': 'Fri, 12 Apr 2024 19:11:12 GMT', 'Content-Type': 'application/json; charset=utf-8', 'Transfer-Encoding': 'chunked', 'Connection': 'keep-alive', 'X-Powered-By': 'Express', 'Access-Control-Allow-Origin': '*', 'Cache-Control': 'no-cache', 'ETag': 'W/"49f-EWBrPL5sP56GySTLRKyjz4P1fXg"', 'Vary': 'Accept-Encoding', 'Content-Encoding': 'gzip', 'CF-Cache-Status': 'DYNAMIC', 'Report-To': '{"endpoints":[{"url":"https:\\/\\/a.nel.cloudflare.com\\/report\\/v4?s=gj4HjIIEVu8JjBLsco7YtsyRVm1FFEGgLEtqYBuUbC844wTGhCIel7sXUgVugBqR3PaAjCDGWj7Wu1hQTqkaRFi%2FzeitsUeZ3p%2FzWoDY0ZP%2BpkzvqhQDsZMEu0O%2BF6HM"}],"group":"cf-nel","max_age":604800}', 'NEL': '{"success_fraction":0,"report_to":"cf-nel","max_age":604800}', 'Server': 'cloudflare', 'CF-RAY': '8735855709fd7d88-LAX', 'alt-svc': 'h3=":443"; ma=86400'} 
 body={"results":[{"gender":"male","name":{"title":"Mr","first":"Onni","last":"Maijala"},"location":{"street":{"number":6049,"name":"Bulevardi"},"city":"Kihniö","state":"Northern Ostrobothnia","country":"Finland","postcode":25773,"coordinates":{"latitude":"-25.9415","longitude":"-126.7602"},"timezone":{"offset":"-5:00","description":"Eastern Time (US &amp; Canada), Bogota, Lima"}},"email":"onni.maijala@example.com","login":{"uuid":"b8490462-ff94-4f26-8146-ebddaebf29c2","username":"crazykoala920","password":"addison","salt":"99Kr7hAW","md5":"2aefc7d159c7debf3917ba4b8b32b790","sha1":"6d990ceefc39ed3ac932269e48b864d703d979c5","sha256":"51286c185e0d7f957cb0aaaf5512139586ddb6d668aa5717279bb76ef534f4fa"},"dob":{"date":"1984-12-03T17:54:33.473Z","age":39},"registered":{"date":"2019-07-26T04:35:59.710Z","age":4},"phone":"07-879-157","cell":"041-732-91-75","id":{"name":"HETU","value":"NaNNA575undefined"},"picture":{"large":"https://randomuser.me/api/portraits/men/84.jpg","medium":"https://randomuser.me/api/portraits/med/men/84.jpg","thumbnail":"https://randomuser.me/api/portraits/thumb/men/84.jpg"},"nat":"FI"}],"info":{"seed":"ab299ce1cc42e67c","results":1,"page":1,"version":"1.4"}} 
 </msg>
<msg time="2024-04-12T19:11:12.580728" level="INFO">/opt/hostedtoolcache/Python/3.12.2/x64/lib/python3.12/site-packages/urllib3/connectionpool.py:1103: InsecureRequestWarning: Unverified HTTPS request is being made to host 'randomuser.me'. Adding certificate verification is strongly advised. See: https://urllib3.readthedocs.io/en/latest/advanced-usage.html#tls-warnings
  warnings.warn(</msg>
<msg time="2024-04-12T19:11:12.580876" level="INFO">${response} = &lt;Response [200]&gt;</msg>
<var>${response}</var>
<arg>consultarAPI</arg>
<arg>/api</arg>
<doc>Sends a GET request on a previously created HTTP Session.</doc>
<status status="PASS" start="2024-04-12T19:11:12.475942" elapsed="0.104976"/>
</kw>
<kw name="Set Variable" owner="BuiltIn">
<msg time="2024-04-12T19:11:12.582279" level="INFO">${json_data} = {'results': [{'gender': 'male', 'name': {'title': 'Mr', 'first': 'Onni', 'last': 'Maijala'}, 'location': {'street': {'number': 6049, 'name': 'Bulevardi'}, 'city': 'Kihniö', 'state': 'Northern Ostrobot...</msg>
<var>${json_data}</var>
<arg>${response.json()}</arg>
<doc>Returns the given values which can then be assigned to a variables.</doc>
<status status="PASS" start="2024-04-12T19:11:12.581631" elapsed="0.000679"/>
</kw>
<kw name="Log" owner="BuiltIn">
<msg time="2024-04-12T19:11:12.582858" level="INFO">{'results': [{'gender': 'male', 'name': {'title': 'Mr', 'first': 'Onni', 'last': 'Maijala'}, 'location': {'street': {'number': 6049, 'name': 'Bulevardi'}, 'city': 'Kihniö', 'state': 'Northern Ostrobothnia', 'country': 'Finland', 'postcode': 25773, 'coordinates': {'latitude': '-25.9415', 'longitude': '-126.7602'}, 'timezone': {'offset': '-5:00', 'description': 'Eastern Time (US &amp; Canada), Bogota, Lima'}}, 'email': 'onni.maijala@example.com', 'login': {'uuid': 'b8490462-ff94-4f26-8146-ebddaebf29c2', 'username': 'crazykoala920', 'password': 'addison', 'salt': '99Kr7hAW', 'md5': '2aefc7d159c7debf3917ba4b8b32b790', 'sha1': '6d990ceefc39ed3ac932269e48b864d703d979c5', 'sha256': '51286c185e0d7f957cb0aaaf5512139586ddb6d668aa5717279bb76ef534f4fa'}, 'dob': {'date': '1984-12-03T17:54:33.473Z', 'age': 39}, 'registered': {'date': '2019-07-26T04:35:59.710Z', 'age': 4}, 'phone': '07-879-157', 'cell': '041-732-91-75', 'id': {'name': 'HETU', 'value': 'NaNNA575undefined'}, 'picture': {'large': 'https://randomuser.me/api/portraits/men/84.jpg', 'medium': 'https://randomuser.me/api/portraits/med/men/84.jpg', 'thumbnail': 'https://randomuser.me/api/portraits/thumb/men/84.jpg'}, 'nat': 'FI'}], 'info': {'seed': 'ab299ce1cc42e67c', 'results': 1, 'page': 1, 'version': '1.4'}}</msg>
<arg>${json_data}</arg>
<doc>Logs the given message with the given level.</doc>
<status status="PASS" start="2024-04-12T19:11:12.582676" elapsed="0.000235"/>
</kw>
<kw name="Dictionary Should Contain Key" owner="Collections">
<msg time="2024-04-12T19:11:12.583383" level="INFO">False</msg>
<arg>${json_data}</arg>
<arg>results</arg>
<doc>Fails if ``key`` is not found from ``dictionary``.</doc>
<status status="PASS" start="2024-04-12T19:11:12.583221" elapsed="0.000201"/>
</kw>
<kw name="Should Not Be Empty" owner="BuiltIn">
<msg time="2024-04-12T19:11:12.583858" level="INFO">Length is 2.</msg>
<arg>${json_data}</arg>
<doc>Verifies that the given item is not empty.</doc>
<status status="PASS" start="2024-04-12T19:11:12.583722" elapsed="0.000175"/>
</kw>
<kw name="Create List" owner="BuiltIn">
<msg time="2024-04-12T19:11:12.584351" level="INFO">${expected_keys} = ['gender', 'name', 'location', 'email', 'login']</msg>
<var>${expected_keys}</var>
<arg>gender</arg>
<arg>name</arg>
<arg>location</arg>
<arg>email</arg>
<arg>login</arg>
<doc>Returns a list containing given items.</doc>
<status status="PASS" start="2024-04-12T19:11:12.584198" elapsed="0.000177"/>
</kw>
<for flavor="IN">
<iter>
<kw name="Dictionary Should Contain Key" owner="Collections">
<msg time="2024-04-12T19:11:12.585379" level="INFO">False</msg>
<arg>${json_data['results'][0]}</arg>
<arg>${key}</arg>
<doc>Fails if ``key`` is not found from ``dictionary``.</doc>
<status status="PASS" start="2024-04-12T19:11:12.584978" elapsed="0.000443"/>
</kw>
<kw name="Log" owner="BuiltIn">
<msg time="2024-04-12T19:11:12.586112" level="INFO">{'gender': 'male', 'name': {'title': 'Mr', 'first': 'Onni', 'last': 'Maijala'}, 'location': {'street': {'number': 6049, 'name': 'Bulevardi'}, 'city': 'Kihniö', 'state': 'Northern Ostrobothnia', 'country': 'Finland', 'postcode': 25773, 'coordinates': {'latitude': '-25.9415', 'longitude': '-126.7602'}, 'timezone': {'offset': '-5:00', 'description': 'Eastern Time (US &amp; Canada), Bogota, Lima'}}, 'email': 'onni.maijala@example.com', 'login': {'uuid': 'b8490462-ff94-4f26-8146-ebddaebf29c2', 'username': 'crazykoala920', 'password': 'addison', 'salt': '99Kr7hAW', 'md5': '2aefc7d159c7debf3917ba4b8b32b790', 'sha1': '6d990ceefc39ed3ac932269e48b864d703d979c5', 'sha256': '51286c185e0d7f957cb0aaaf5512139586ddb6d668aa5717279bb76ef534f4fa'}, 'dob': {'date': '1984-12-03T17:54:33.473Z', 'age': 39}, 'registered': {'date': '2019-07-26T04:35:59.710Z', 'age': 4}, 'phone': '07-879-157', 'cell': '041-732-91-75', 'id': {'name': 'HETU', 'value': 'NaNNA575undefined'}, 'picture': {'large': 'https://randomuser.me/api/portraits/men/84.jpg', 'medium': 'https://randomuser.me/api/portraits/med/men/84.jpg', 'thumbnail': 'https://randomuser.me/api/portraits/thumb/men/84.jpg'}, 'nat': 'FI'}</msg>
<arg>${json_data['results'][0]}</arg>
<doc>Logs the given message with the given level.</doc>
<status status="PASS" start="2024-04-12T19:11:12.585733" elapsed="0.000438"/>
</kw>
<kw name="Log" owner="BuiltIn">
<msg time="2024-04-12T19:11:12.586639" level="INFO">gender</msg>
<arg>${key}</arg>
<doc>Logs the given message with the given level.</doc>
<status status="PASS" start="2024-04-12T19:11:12.586479" elapsed="0.000200"/>
</kw>
<var name="${key}">gender</var>
<status status="PASS" start="2024-04-12T19:11:12.584851" elapsed="0.002046"/>
</iter>
<iter>
<kw name="Dictionary Should Contain Key" owner="Collections">
<msg time="2024-04-12T19:11:12.587589" level="INFO">False</msg>
<arg>${json_data['results'][0]}</arg>
<arg>${key}</arg>
<doc>Fails if ``key`` is not found from ``dictionary``.</doc>
<status status="PASS" start="2024-04-12T19:11:12.587204" elapsed="0.000423"/>
</kw>
<kw name="Log" owner="BuiltIn">
<msg time="2024-04-12T19:11:12.588328" level="INFO">{'gender': 'male', 'name': {'title': 'Mr', 'first': 'Onni', 'last': 'Maijala'}, 'location': {'street': {'number': 6049, 'name': 'Bulevardi'}, 'city': 'Kihniö', 'state': 'Northern Ostrobothnia', 'country': 'Finland', 'postcode': 25773, 'coordinates': {'latitude': '-25.9415', 'longitude': '-126.7602'}, 'timezone': {'offset': '-5:00', 'description': 'Eastern Time (US &amp; Canada), Bogota, Lima'}}, 'email': 'onni.maijala@example.com', 'login': {'uuid': 'b8490462-ff94-4f26-8146-ebddaebf29c2', 'username': 'crazykoala920', 'password': 'addison', 'salt': '99Kr7hAW', 'md5': '2aefc7d159c7debf3917ba4b8b32b790', 'sha1': '6d990ceefc39ed3ac932269e48b864d703d979c5', 'sha256': '51286c185e0d7f957cb0aaaf5512139586ddb6d668aa5717279bb76ef534f4fa'}, 'dob': {'date': '1984-12-03T17:54:33.473Z', 'age': 39}, 'registered': {'date': '2019-07-26T04:35:59.710Z', 'age': 4}, 'phone': '07-879-157', 'cell': '041-732-91-75', 'id': {'name': 'HETU', 'value': 'NaNNA575undefined'}, 'picture': {'large': 'https://randomuser.me/api/portraits/men/84.jpg', 'medium': 'https://randomuser.me/api/portraits/med/men/84.jpg', 'thumbnail': 'https://randomuser.me/api/portraits/thumb/men/84.jpg'}, 'nat': 'FI'}</msg>
<arg>${json_data['results'][0]}</arg>
<doc>Logs the given message with the given level.</doc>
<status status="PASS" start="2024-04-12T19:11:12.587961" elapsed="0.000419"/>
</kw>
<kw name="Log" owner="BuiltIn">
<msg time="2024-04-12T19:11:12.588814" level="INFO">name</msg>
<arg>${key}</arg>
<doc>Logs the given message with the given level.</doc>
<status status="PASS" start="2024-04-12T19:11:12.588686" elapsed="0.000166"/>
</kw>
<var name="${key}">name</var>
<status status="PASS" start="2024-04-12T19:11:12.587088" elapsed="0.001985"/>
</iter>
<iter>
<kw name="Dictionary Should Contain Key" owner="Collections">
<msg time="2024-04-12T19:11:12.589749" level="INFO">False</msg>
<arg>${json_data['results'][0]}</arg>
<arg>${key}</arg>
<doc>Fails if ``key`` is not found from ``dictionary``.</doc>
<status status="PASS" start="2024-04-12T19:11:12.589366" elapsed="0.000422"/>
</kw>
<kw name="Log" owner="BuiltIn">
<msg time="2024-04-12T19:11:12.590458" level="INFO">{'gender': 'male', 'name': {'title': 'Mr', 'first': 'Onni', 'last': 'Maijala'}, 'location': {'street': {'number': 6049, 'name': 'Bulevardi'}, 'city': 'Kihniö', 'state': 'Northern Ostrobothnia', 'country': 'Finland', 'postcode': 25773, 'coordinates': {'latitude': '-25.9415', 'longitude': '-126.7602'}, 'timezone': {'offset': '-5:00', 'description': 'Eastern Time (US &amp; Canada), Bogota, Lima'}}, 'email': 'onni.maijala@example.com', 'login': {'uuid': 'b8490462-ff94-4f26-8146-ebddaebf29c2', 'username': 'crazykoala920', 'password': 'addison', 'salt': '99Kr7hAW', 'md5': '2aefc7d159c7debf3917ba4b8b32b790', 'sha1': '6d990ceefc39ed3ac932269e48b864d703d979c5', 'sha256': '51286c185e0d7f957cb0aaaf5512139586ddb6d668aa5717279bb76ef534f4fa'}, 'dob': {'date': '1984-12-03T17:54:33.473Z', 'age': 39}, 'registered': {'date': '2019-07-26T04:35:59.710Z', 'age': 4}, 'phone': '07-879-157', 'cell': '041-732-91-75', 'id': {'name': 'HETU', 'value': 'NaNNA575undefined'}, 'picture': {'large': 'https://randomuser.me/api/portraits/men/84.jpg', 'medium': 'https://randomuser.me/api/portraits/med/men/84.jpg', 'thumbnail': 'https://randomuser.me/api/portraits/thumb/men/84.jpg'}, 'nat': 'FI'}</msg>
<arg>${json_data['results'][0]}</arg>
<doc>Logs the given message with the given level.</doc>
<status status="PASS" start="2024-04-12T19:11:12.590097" elapsed="0.000443"/>
</kw>
<kw name="Log" owner="BuiltIn">
<msg time="2024-04-12T19:11:12.590987" level="INFO">location</msg>
<arg>${key}</arg>
<doc>Logs the given message with the given level.</doc>
<status status="PASS" start="2024-04-12T19:11:12.590857" elapsed="0.000169"/>
</kw>
<var name="${key}">location</var>
<status status="PASS" start="2024-04-12T19:11:12.589252" elapsed="0.001995"/>
</iter>
<iter>
<kw name="Dictionary Should Contain Key" owner="Collections">
<msg time="2024-04-12T19:11:12.591908" level="INFO">False</msg>
<arg>${json_data['results'][0]}</arg>
<arg>${key}</arg>
<doc>Fails if ``key`` is not found from ``dictionary``.</doc>
<status status="PASS" start="2024-04-12T19:11:12.591534" elapsed="0.000412"/>
</kw>
<kw name="Log" owner="BuiltIn">
<msg time="2024-04-12T19:11:12.592607" level="INFO">{'gender': 'male', 'name': {'title': 'Mr', 'first': 'Onni', 'last': 'Maijala'}, 'location': {'street': {'number': 6049, 'name': 'Bulevardi'}, 'city': 'Kihniö', 'state': 'Northern Ostrobothnia', 'country': 'Finland', 'postcode': 25773, 'coordinates': {'latitude': '-25.9415', 'longitude': '-126.7602'}, 'timezone': {'offset': '-5:00', 'description': 'Eastern Time (US &amp; Canada), Bogota, Lima'}}, 'email': 'onni.maijala@example.com', 'login': {'uuid': 'b8490462-ff94-4f26-8146-ebddaebf29c2', 'username': 'crazykoala920', 'password': 'addison', 'salt': '99Kr7hAW', 'md5': '2aefc7d159c7debf3917ba4b8b32b790', 'sha1': '6d990ceefc39ed3ac932269e48b864d703d979c5', 'sha256': '51286c185e0d7f957cb0aaaf5512139586ddb6d668aa5717279bb76ef534f4fa'}, 'dob': {'date': '1984-12-03T17:54:33.473Z', 'age': 39}, 'registered': {'date': '2019-07-26T04:35:59.710Z', 'age': 4}, 'phone': '07-879-157', 'cell': '041-732-91-75', 'id': {'name': 'HETU', 'value': 'NaNNA575undefined'}, 'picture': {'large': 'https://randomuser.me/api/portraits/men/84.jpg', 'medium': 'https://randomuser.me/api/portraits/med/men/84.jpg', 'thumbnail': 'https://randomuser.me/api/portraits/thumb/men/84.jpg'}, 'nat': 'FI'}</msg>
<arg>${json_data['results'][0]}</arg>
<doc>Logs the given message with the given level.</doc>
<status status="PASS" start="2024-04-12T19:11:12.592245" elapsed="0.000413"/>
</kw>
<kw name="Log" owner="BuiltIn">
<msg time="2024-04-12T19:11:12.593096" level="INFO">email</msg>
<arg>${key}</arg>
<doc>Logs the given message with the given level.</doc>
<status status="PASS" start="2024-04-12T19:11:12.592959" elapsed="0.000181"/>
</kw>
<var name="${key}">email</var>
<status status="PASS" start="2024-04-12T19:11:12.591420" elapsed="0.001934"/>
</iter>
<iter>
<kw name="Dictionary Should Contain Key" owner="Collections">
<msg time="2024-04-12T19:11:12.594015" level="INFO">False</msg>
<arg>${json_data['results'][0]}</arg>
<arg>${key}</arg>
<doc>Fails if ``key`` is not found from ``dictionary``.</doc>
<status status="PASS" start="2024-04-12T19:11:12.593637" elapsed="0.000417"/>
</kw>
<kw name="Log" owner="BuiltIn">
<msg time="2024-04-12T19:11:12.594749" level="INFO">{'gender': 'male', 'name': {'title': 'Mr', 'first': 'Onni', 'last': 'Maijala'}, 'location': {'street': {'number': 6049, 'name': 'Bulevardi'}, 'city': 'Kihniö', 'state': 'Northern Ostrobothnia', 'country': 'Finland', 'postcode': 25773, 'coordinates': {'latitude': '-25.9415', 'longitude': '-126.7602'}, 'timezone': {'offset': '-5:00', 'description': 'Eastern Time (US &amp; Canada), Bogota, Lima'}}, 'email': 'onni.maijala@example.com', 'login': {'uuid': 'b8490462-ff94-4f26-8146-ebddaebf29c2', 'username': 'crazykoala920', 'password': 'addison', 'salt': '99Kr7hAW', 'md5': '2aefc7d159c7debf3917ba4b8b32b790', 'sha1': '6d990ceefc39ed3ac932269e48b864d703d979c5', 'sha256': '51286c185e0d7f957cb0aaaf5512139586ddb6d668aa5717279bb76ef534f4fa'}, 'dob': {'date': '1984-12-03T17:54:33.473Z', 'age': 39}, 'registered': {'date': '2019-07-26T04:35:59.710Z', 'age': 4}, 'phone': '07-879-157', 'cell': '041-732-91-75', 'id': {'name': 'HETU', 'value': 'NaNNA575undefined'}, 'picture': {'large': 'https://randomuser.me/api/portraits/men/84.jpg', 'medium': 'https://randomuser.me/api/portraits/med/men/84.jpg', 'thumbnail': 'https://randomuser.me/api/portraits/thumb/men/84.jpg'}, 'nat': 'FI'}</msg>
<arg>${json_data['results'][0]}</arg>
<doc>Logs the given message with the given level.</doc>
<status status="PASS" start="2024-04-12T19:11:12.594350" elapsed="0.000450"/>
</kw>
<kw name="Log" owner="BuiltIn">
<msg time="2024-04-12T19:11:12.595234" level="INFO">login</msg>
<arg>${key}</arg>
<doc>Logs the given message with the given level.</doc>
<status status="PASS" start="2024-04-12T19:11:12.595106" elapsed="0.000202"/>
</kw>
<var name="${key}">login</var>
<status status="PASS" start="2024-04-12T19:11:12.593526" elapsed="0.002010"/>
</iter>
<var>${key}</var>
<value>@{expected_keys}</value>
<status status="PASS" start="2024-04-12T19:11:12.584647" elapsed="0.011015"/>
</for>
<kw name="Create List" owner="BuiltIn">
<msg time="2024-04-12T19:11:12.596005" level="INFO">${expected_keysTwo} = ['username', 'password']</msg>
<var>${expected_keysTwo}</var>
<arg>username</arg>
<arg>password</arg>
<doc>Returns a list containing given items.</doc>
<status status="PASS" start="2024-04-12T19:11:12.595863" elapsed="0.000166"/>
</kw>
<for flavor="IN">
<iter>
<kw name="Dictionary Should Contain Key" owner="Collections">
<msg time="2024-04-12T19:11:12.597077" level="INFO">False</msg>
<arg>${json_data['results'][0]['login']}</arg>
<arg>${keyTwo}</arg>
<doc>Fails if ``key`` is not found from ``dictionary``.</doc>
<status status="PASS" start="2024-04-12T19:11:12.596669" elapsed="0.000453"/>
</kw>
<kw name="Dictionary Should Contain Key" owner="Collections">
<msg time="2024-04-12T19:11:12.597816" level="INFO">False</msg>
<arg>${json_data['results'][0]['login']}</arg>
<arg>${keyTwo}</arg>
<doc>Fails if ``key`` is not found from ``dictionary``.</doc>
<status status="PASS" start="2024-04-12T19:11:12.597426" elapsed="0.000427"/>
</kw>
<kw name="Log" owner="BuiltIn">
<msg time="2024-04-12T19:11:12.598346" level="INFO">username</msg>
<arg>${keyTwo}</arg>
<doc>Logs the given message with the given level.</doc>
<status status="PASS" start="2024-04-12T19:11:12.598163" elapsed="0.000245"/>
</kw>
<var name="${keyTwo}">username</var>
<status status="PASS" start="2024-04-12T19:11:12.596554" elapsed="0.002215"/>
</iter>
<iter>
<kw name="Dictionary Should Contain Key" owner="Collections">
<msg time="2024-04-12T19:11:12.599619" level="INFO">False</msg>
<arg>${json_data['results'][0]['login']}</arg>
<arg>${keyTwo}</arg>
<doc>Fails if ``key`` is not found from ``dictionary``.</doc>
<status status="PASS" start="2024-04-12T19:11:12.599126" elapsed="0.000541"/>
</kw>
<kw name="Dictionary Should Contain Key" owner="Collections">
<msg time="2024-04-12T19:11:12.600565" level="INFO">False</msg>
<arg>${json_data['results'][0]['login']}</arg>
<arg>${keyTwo}</arg>
<doc>Fails if ``key`` is not found from ``dictionary``.</doc>
<status status="PASS" start="2024-04-12T19:11:12.600039" elapsed="0.000574"/>
</kw>
<kw name="Log" owner="BuiltIn">
<msg time="2024-04-12T19:11:12.601141" level="INFO">password</msg>
<arg>${keyTwo}</arg>
<doc>Logs the given message with the given level.</doc>
<status status="PASS" start="2024-04-12T19:11:12.600985" elapsed="0.000204"/>
</kw>
<var name="${keyTwo}">password</var>
<status status="PASS" start="2024-04-12T19:11:12.598987" elapsed="0.002476"/>
</iter>
<var>${keyTwo}</var>
<value>@{expected_keysTwo}</value>
<status status="PASS" start="2024-04-12T19:11:12.596278" elapsed="0.005312"/>
</for>
<status status="PASS" start="2024-04-12T19:11:12.475699" elapsed="0.126038"/>
</kw>
<doc>Testa a estrutura da resposta da API.</doc>
<tag>testeEstruturaResposta</tag>
<status status="PASS" start="2024-04-12T19:11:12.474922" elapsed="0.126988"/>
</test>
<test id="s1-s1-t4" name="Validar tipos de dados" line="28">
<kw name="Teste de Tipos de Dados" owner="random-user-service">
<kw name="GET On Session" owner="RequestsLibrary">
<msg time="2024-04-12T19:11:12.747958" level="INFO">GET Request : url=https://randomuser.me/api 
 path_url=/api 
 headers={'User-Agent': 'python-requests/2.31.0', 'Accept-Encoding': 'gzip, deflate', 'Accept': '*/*', 'Connection': 'keep-alive'} 
 body=None 
 </msg>
<msg time="2024-04-12T19:11:12.748055" level="INFO">GET Response : url=https://randomuser.me/api 
 status=200, reason=OK 
 headers={'Date': 'Fri, 12 Apr 2024 19:11:12 GMT', 'Content-Type': 'application/json; charset=utf-8', 'Transfer-Encoding': 'chunked', 'Connection': 'keep-alive', 'X-Powered-By': 'Express', 'Access-Control-Allow-Origin': '*', 'Cache-Control': 'no-cache', 'ETag': 'W/"47e-l5g0UhmBwO0tXpkWvxo6OIM6Hvk"', 'Vary': 'Accept-Encoding', 'Content-Encoding': 'gzip', 'CF-Cache-Status': 'DYNAMIC', 'Report-To': '{"endpoints":[{"url":"https:\\/\\/a.nel.cloudflare.com\\/report\\/v4?s=IAwd9WhvS%2B%2B88dcZ8XpUFkQBqQJJteENidYTQ%2BH0D3M0iGiNOZNn6tcK5Tv5U0KXZ6qQg%2BKdXq%2FuisTnuX6BYHT3CL8E0npsgMvTk595IrWL62z%2F5Ww7U2wie5fv9uFT"}],"group":"cf-nel","max_age":604800}', 'NEL': '{"success_fraction":0,"report_to":"cf-nel","max_age":604800}', 'Server': 'cloudflare', 'CF-RAY': '87358557cad57d88-LAX', 'alt-svc': 'h3=":443"; ma=86400'} 
 body={"results":[{"gender":"female","name":{"title":"Mrs","first":"Gloria","last":"Wheeler"},"location":{"street":{"number":2774,"name":"James St"},"city":"Alexandria","state":"Montana","country":"United States","postcode":55055,"coordinates":{"latitude":"81.5165","longitude":"157.2493"},"timezone":{"offset":"-9:00","description":"Alaska"}},"email":"gloria.wheeler@example.com","login":{"uuid":"5f614608-89a5-495f-aa2e-c82e09d6319b","username":"whitepeacock602","password":"bohica","salt":"KPtMw8xP","md5":"9779a17b3f747434bd7d944672037a2f","sha1":"e9b7136faf397fd96b62708027fb3f8ed1bde72e","sha256":"4e6319fbdcf931841ea164ee22e2d92bebfb0e5a7160935aee3673ded8e93d10"},"dob":{"date":"1952-09-19T13:59:33.978Z","age":71},"registered":{"date":"2020-01-07T10:32:23.796Z","age":4},"phone":"(684) 305-7275","cell":"(812) 943-0488","id":{"name":"SSN","value":"105-38-6748"},"picture":{"large":"https://randomuser.me/api/portraits/women/4.jpg","medium":"https://randomuser.me/api/portraits/med/women/4.jpg","thumbnail":"https://randomuser.me/api/portraits/thumb/women/4.jpg"},"nat":"US"}],"info":{"seed":"90bbfb16c473141b","results":1,"page":1,"version":"1.4"}} 
 </msg>
<msg time="2024-04-12T19:11:12.748127" level="INFO">/opt/hostedtoolcache/Python/3.12.2/x64/lib/python3.12/site-packages/urllib3/connectionpool.py:1103: InsecureRequestWarning: Unverified HTTPS request is being made to host 'randomuser.me'. Adding certificate verification is strongly advised. See: https://urllib3.readthedocs.io/en/latest/advanced-usage.html#tls-warnings
  warnings.warn(</msg>
<msg time="2024-04-12T19:11:12.748249" level="INFO">${response} = &lt;Response [200]&gt;</msg>
<var>${response}</var>
<arg>consultarAPI</arg>
<arg>/api</arg>
<doc>Sends a GET request on a previously created HTTP Session.</doc>
<status status="PASS" start="2024-04-12T19:11:12.604560" elapsed="0.143728"/>
</kw>
<kw name="Set Variable" owner="BuiltIn">
<msg time="2024-04-12T19:11:12.749545" level="INFO">${json_data} = {'results': [{'gender': 'female', 'name': {'title': 'Mrs', 'first': 'Gloria', 'last': 'Wheeler'}, 'location': {'street': {'number': 2774, 'name': 'James St'}, 'city': 'Alexandria', 'state': 'Montana',...</msg>
<var>${json_data}</var>
<arg>${response.json()}</arg>
<doc>Returns the given values which can then be assigned to a variables.</doc>
<status status="PASS" start="2024-04-12T19:11:12.748960" elapsed="0.000613"/>
</kw>
<kw name="Log" owner="BuiltIn">
<msg time="2024-04-12T19:11:12.750048" level="INFO">{'results': [{'gender': 'female', 'name': {'title': 'Mrs', 'first': 'Gloria', 'last': 'Wheeler'}, 'location': {'street': {'number': 2774, 'name': 'James St'}, 'city': 'Alexandria', 'state': 'Montana', 'country': 'United States', 'postcode': 55055, 'coordinates': {'latitude': '81.5165', 'longitude': '157.2493'}, 'timezone': {'offset': '-9:00', 'description': 'Alaska'}}, 'email': 'gloria.wheeler@example.com', 'login': {'uuid': '5f614608-89a5-495f-aa2e-c82e09d6319b', 'username': 'whitepeacock602', 'password': 'bohica', 'salt': 'KPtMw8xP', 'md5': '9779a17b3f747434bd7d944672037a2f', 'sha1': 'e9b7136faf397fd96b62708027fb3f8ed1bde72e', 'sha256': '4e6319fbdcf931841ea164ee22e2d92bebfb0e5a7160935aee3673ded8e93d10'}, 'dob': {'date': '1952-09-19T13:59:33.978Z', 'age': 71}, 'registered': {'date': '2020-01-07T10:32:23.796Z', 'age': 4}, 'phone': '(684) 305-7275', 'cell': '(812) 943-0488', 'id': {'name': 'SSN', 'value': '105-38-6748'}, 'picture': {'large': 'https://randomuser.me/api/portraits/women/4.jpg', 'medium': 'https://randomuser.me/api/portraits/med/women/4.jpg', 'thumbnail': 'https://randomuser.me/api/portraits/thumb/women/4.jpg'}, 'nat': 'US'}], 'info': {'seed': '90bbfb16c473141b', 'results': 1, 'page': 1, 'version': '1.4'}}</msg>
<arg>${json_data}</arg>
<doc>Logs the given message with the given level.</doc>
<status status="PASS" start="2024-04-12T19:11:12.749885" elapsed="0.000249"/>
</kw>
<kw name="Should Be String" owner="String">
<arg>${json_data['results'][0]['gender']}</arg>
<doc>Fails if the given ``item`` is not a string.</doc>
<status status="PASS" start="2024-04-12T19:11:12.750435" elapsed="0.000404"/>
</kw>
<kw name="Should Match Regexp" owner="BuiltIn">
<arg>${json_data['results'][0]['email']}</arg>
<arg>^[a-zA-Z0-9._%+-]+@[a-zA-Z0-9.-]+\.[a-zA-Z]{2,}$</arg>
<doc>Fails if ``string`` does not match ``pattern`` as a regular expression.</doc>
<status status="PASS" start="2024-04-12T19:11:12.751031" elapsed="0.000508"/>
</kw>
<kw name="Should Match Regexp" owner="BuiltIn">
<arg>${json_data['results'][0]['dob']['date']}</arg>
<arg>\\d{4}-\\d{2}-\\d{2}T\\d{2}:\\d{2}:\\d{2}\\.\\d{3}Z</arg>
<doc>Fails if ``string`` does not match ``pattern`` as a regular expression.</doc>
<status status="PASS" start="2024-04-12T19:11:12.751733" elapsed="0.000485"/>
</kw>
<kw name="Should Match Regexp" owner="BuiltIn">
<arg>${json_data['results'][0]['registered']['date']}</arg>
<arg>\\d{4}-\\d{2}-\\d{2}T\\d{2}:\\d{2}:\\d{2}\\.\\d{3}Z</arg>
<doc>Fails if ``string`` does not match ``pattern`` as a regular expression.</doc>
<status status="PASS" start="2024-04-12T19:11:12.752410" elapsed="0.000369"/>
</kw>
<kw name="Should Match Regexp" owner="BuiltIn">
<arg>${json_data['results'][0]['picture']['large']}</arg>
<arg>^https?://.*\.(?:png|jpe?g|gif|bmp)$</arg>
<doc>Fails if ``string`` does not match ``pattern`` as a regular expression.</doc>
<status status="PASS" start="2024-04-12T19:11:12.752964" elapsed="0.000447"/>
</kw>
<kw name="Should Match Regexp" owner="BuiltIn">
<arg>${json_data['results'][0]['picture']['medium']}</arg>
<arg>^https?://.*\.(?:png|jpe?g|gif|bmp)$</arg>
<doc>Fails if ``string`` does not match ``pattern`` as a regular expression.</doc>
<status status="PASS" start="2024-04-12T19:11:12.753628" elapsed="0.000356"/>
</kw>
<kw name="Should Match Regexp" owner="BuiltIn">
<arg>${json_data['results'][0]['picture']['thumbnail']}</arg>
<arg>^https?://.*\.(?:png|jpe?g|gif|bmp)$</arg>
<doc>Fails if ``string`` does not match ``pattern`` as a regular expression.</doc>
<status status="PASS" start="2024-04-12T19:11:12.754170" elapsed="0.000377"/>
</kw>
<kw name="Log" owner="BuiltIn">
<msg time="2024-04-12T19:11:12.755062" level="INFO">{'large': 'https://randomuser.me/api/portraits/women/4.jpg', 'medium': 'https://randomuser.me/api/portraits/med/women/4.jpg', 'thumbnail': 'https://randomuser.me/api/portraits/thumb/women/4.jpg'}</msg>
<arg>${json_data['results'][0]['picture']}</arg>
<doc>Logs the given message with the given level.</doc>
<status status="PASS" start="2024-04-12T19:11:12.754734" elapsed="0.000370"/>
</kw>
<status status="PASS" start="2024-04-12T19:11:12.604315" elapsed="0.151044"/>
</kw>
<kw name="Teste de Tipos de Dados - Postcode" owner="random-user-service">
<kw name="GET On Session" owner="RequestsLibrary">
<msg time="2024-04-12T19:11:12.993316" level="INFO">GET Request : url=https://randomuser.me/api 
 path_url=/api 
 headers={'User-Agent': 'python-requests/2.31.0', 'Accept-Encoding': 'gzip, deflate', 'Accept': '*/*', 'Connection': 'keep-alive'} 
 body=None 
 </msg>
<msg time="2024-04-12T19:11:12.993432" level="INFO">GET Response : url=https://randomuser.me/api 
 status=200, reason=OK 
 headers={'Date': 'Fri, 12 Apr 2024 19:11:12 GMT', 'Content-Type': 'application/json; charset=utf-8', 'Transfer-Encoding': 'chunked', 'Connection': 'keep-alive', 'X-Powered-By': 'Express', 'Access-Control-Allow-Origin': '*', 'Cache-Control': 'no-cache', 'ETag': 'W/"490-fMPTnBTNCllOBK/wDLMpggf6C7U"', 'Vary': 'Accept-Encoding', 'Content-Encoding': 'gzip', 'CF-Cache-Status': 'DYNAMIC', 'Report-To': '{"endpoints":[{"url":"https:\\/\\/a.nel.cloudflare.com\\/report\\/v4?s=cb0Lu5cV9Cc3pCDaQ2ceFwkL%2BAElbMaMh%2FbfYhxedSbFkQMmDPVH0JWKtxEtGRl2xU%2BLKw9bboH%2B%2FuNVo8gQSP6f6KIOaHhs6Z40XlUxcUe0afAFlsVPNeXaHip75CCk"}],"group":"cf-nel","max_age":604800}', 'NEL': '{"success_fraction":0,"report_to":"cf-nel","max_age":604800}', 'Server': 'cloudflare', 'CF-RAY': '87358558bba87d88-LAX', 'alt-svc': 'h3=":443"; ma=86400'} 
 body={"results":[{"gender":"female","name":{"title":"Mrs","first":"Lucy","last":"Jensen"},"location":{"street":{"number":1517,"name":"Depaul Dr"},"city":"Long Beach","state":"Ohio","country":"United States","postcode":66406,"coordinates":{"latitude":"81.9971","longitude":"112.2520"},"timezone":{"offset":"-3:00","description":"Brazil, Buenos Aires, Georgetown"}},"email":"lucy.jensen@example.com","login":{"uuid":"9785228b-a8db-46a5-8dfe-669f7d2fe04c","username":"tinygorilla442","password":"zulu","salt":"FZSyQvt2","md5":"431009fc5844b71ac588aca2abd54b39","sha1":"4622deb175f00bf79c9fa99a0d93abfe6fd20351","sha256":"11f6978f28465731f1e712e25f09ef3e89d78254dea57c73d57a156c76218a69"},"dob":{"date":"1978-07-04T16:01:58.937Z","age":45},"registered":{"date":"2022-04-28T07:44:56.966Z","age":1},"phone":"(819) 903-8753","cell":"(806) 592-9690","id":{"name":"SSN","value":"663-20-5971"},"picture":{"large":"https://randomuser.me/api/portraits/women/44.jpg","medium":"https://randomuser.me/api/portraits/med/women/44.jpg","thumbnail":"https://randomuser.me/api/portraits/thumb/women/44.jpg"},"nat":"US"}],"info":{"seed":"71f62b836b66c42d","results":1,"page":1,"version":"1.4"}} 
 </msg>
<msg time="2024-04-12T19:11:12.993530" level="INFO">/opt/hostedtoolcache/Python/3.12.2/x64/lib/python3.12/site-packages/urllib3/connectionpool.py:1103: InsecureRequestWarning: Unverified HTTPS request is being made to host 'randomuser.me'. Adding certificate verification is strongly advised. See: https://urllib3.readthedocs.io/en/latest/advanced-usage.html#tls-warnings
  warnings.warn(</msg>
<msg time="2024-04-12T19:11:12.993666" level="INFO">${response} = &lt;Response [200]&gt;</msg>
<var>${response}</var>
<arg>consultarAPI</arg>
<arg>/api</arg>
<doc>Sends a GET request on a previously created HTTP Session.</doc>
<status status="PASS" start="2024-04-12T19:11:12.755824" elapsed="0.237890"/>
</kw>
<kw name="Set Variable" owner="BuiltIn">
<msg time="2024-04-12T19:11:12.994970" level="INFO">${json_data} = {'results': [{'gender': 'female', 'name': {'title': 'Mrs', 'first': 'Lucy', 'last': 'Jensen'}, 'location': {'street': {'number': 1517, 'name': 'Depaul Dr'}, 'city': 'Long Beach', 'state': 'Ohio', 'cou...</msg>
<var>${json_data}</var>
<arg>${response.json()}</arg>
<doc>Returns the given values which can then be assigned to a variables.</doc>
<status status="PASS" start="2024-04-12T19:11:12.994376" elapsed="0.000622"/>
</kw>
<kw name="Log" owner="BuiltIn">
<msg time="2024-04-12T19:11:12.995465" level="INFO">{'results': [{'gender': 'female', 'name': {'title': 'Mrs', 'first': 'Lucy', 'last': 'Jensen'}, 'location': {'street': {'number': 1517, 'name': 'Depaul Dr'}, 'city': 'Long Beach', 'state': 'Ohio', 'country': 'United States', 'postcode': 66406, 'coordinates': {'latitude': '81.9971', 'longitude': '112.2520'}, 'timezone': {'offset': '-3:00', 'description': 'Brazil, Buenos Aires, Georgetown'}}, 'email': 'lucy.jensen@example.com', 'login': {'uuid': '9785228b-a8db-46a5-8dfe-669f7d2fe04c', 'username': 'tinygorilla442', 'password': 'zulu', 'salt': 'FZSyQvt2', 'md5': '431009fc5844b71ac588aca2abd54b39', 'sha1': '4622deb175f00bf79c9fa99a0d93abfe6fd20351', 'sha256': '11f6978f28465731f1e712e25f09ef3e89d78254dea57c73d57a156c76218a69'}, 'dob': {'date': '1978-07-04T16:01:58.937Z', 'age': 45}, 'registered': {'date': '2022-04-28T07:44:56.966Z', 'age': 1}, 'phone': '(819) 903-8753', 'cell': '(806) 592-9690', 'id': {'name': 'SSN', 'value': '663-20-5971'}, 'picture': {'large': 'https://randomuser.me/api/portraits/women/44.jpg', 'medium': 'https://randomuser.me/api/portraits/med/women/44.jpg', 'thumbnail': 'https://randomuser.me/api/portraits/thumb/women/44.jpg'}, 'nat': 'US'}], 'info': {'seed': '71f62b836b66c42d', 'results': 1, 'page': 1, 'version': '1.4'}}</msg>
<arg>${json_data}</arg>
<doc>Logs the given message with the given level.</doc>
<status status="PASS" start="2024-04-12T19:11:12.995307" elapsed="0.000239"/>
</kw>
<kw name="Should Be Equal As Numbers" owner="BuiltIn">
<arg>${json_data['results'][0]['location']['postcode']}</arg>
<arg>${json_data['results'][0]['location']['postcode']}</arg>
<doc>Fails if objects are unequal after converting them to real numbers.</doc>
<status status="PASS" start="2024-04-12T19:11:12.995854" elapsed="0.000614"/>
</kw>
<kw name="Log" owner="BuiltIn">
<msg time="2024-04-12T19:11:12.996991" level="INFO">66406</msg>
<arg>${json_data['results'][0]['location']['postcode']}</arg>
<doc>Logs the given message with the given level.</doc>
<status status="PASS" start="2024-04-12T19:11:12.996662" elapsed="0.000369"/>
</kw>
<status status="PASS" start="2024-04-12T19:11:12.755584" elapsed="0.241712"/>
</kw>
<doc>Testa se os tipos de dados na resposta da API estão corretos.</doc>
<tag>testeTiposDados</tag>
<status status="PASS" start="2024-04-12T19:11:12.603735" elapsed="0.393736"/>
</test>
<test id="s1-s1-t5" name="Validar conteudo" line="35">
<kw name="Teste de Tipos de Conteudo" owner="random-user-service">
<kw name="GET On Session" owner="RequestsLibrary">
<msg time="2024-04-12T19:11:13.112186" level="INFO">GET Request : url=https://randomuser.me/api 
 path_url=/api 
 headers={'User-Agent': 'python-requests/2.31.0', 'Accept-Encoding': 'gzip, deflate', 'Accept': '*/*', 'Connection': 'keep-alive'} 
 body=None 
 </msg>
<msg time="2024-04-12T19:11:13.112300" level="INFO">GET Response : url=https://randomuser.me/api 
 status=200, reason=OK 
 headers={'Date': 'Fri, 12 Apr 2024 19:11:13 GMT', 'Content-Type': 'application/json; charset=utf-8', 'Transfer-Encoding': 'chunked', 'Connection': 'keep-alive', 'X-Powered-By': 'Express', 'Access-Control-Allow-Origin': '*', 'Cache-Control': 'no-cache', 'ETag': 'W/"477-q2Y6cr3yyBVRljDkOnpIDwwxQ7M"', 'Vary': 'Accept-Encoding', 'Content-Encoding': 'gzip', 'CF-Cache-Status': 'DYNAMIC', 'Report-To': '{"endpoints":[{"url":"https:\\/\\/a.nel.cloudflare.com\\/report\\/v4?s=OTNpFCEl2gA1prYWcepcF%2BdGsVvDasUINQfVVD2Snm4Fz6KSk0equSuMPg%2FKvr1gU99MipP0pv5boknLj15VFCLSyUm1w3ju4OnA%2BkAZGyolha8KZj%2F50owwokuJhHp8"}],"group":"cf-nel","max_age":604800}', 'NEL': '{"success_fraction":0,"report_to":"cf-nel","max_age":604800}', 'Server': 'cloudflare', 'CF-RAY': '8735855a4d317d88-LAX', 'alt-svc': 'h3=":443"; ma=86400'} 
 body={"results":[{"gender":"male","name":{"title":"Mr","first":"Herman","last":"Bailey"},"location":{"street":{"number":6720,"name":"Photinia Ave"},"city":"Cupertino","state":"Arkansas","country":"United States","postcode":27295,"coordinates":{"latitude":"86.2643","longitude":"-79.8114"},"timezone":{"offset":"+5:45","description":"Kathmandu"}},"email":"herman.bailey@example.com","login":{"uuid":"60ca9313-000b-4927-aa07-9310e8d0b9f9","username":"angrykoala628","password":"ozzy","salt":"cbaRMjCk","md5":"46a7297fc362d44ae78d212f1d8e0713","sha1":"b6caaaef3cfad9d07cc894b2726a8453157c5512","sha256":"2db3fe450c2527697ba7f8c13694a72340c2809af0f6cac980dae375fdc84948"},"dob":{"date":"1955-11-01T18:12:20.122Z","age":68},"registered":{"date":"2003-12-15T15:11:03.250Z","age":20},"phone":"(958) 275-9516","cell":"(434) 517-5004","id":{"name":"SSN","value":"681-67-9814"},"picture":{"large":"https://randomuser.me/api/portraits/men/3.jpg","medium":"https://randomuser.me/api/portraits/med/men/3.jpg","thumbnail":"https://randomuser.me/api/portraits/thumb/men/3.jpg"},"nat":"US"}],"info":{"seed":"5b40e30733cdc293","results":1,"page":1,"version":"1.4"}} 
 </msg>
<msg time="2024-04-12T19:11:13.112386" level="INFO">/opt/hostedtoolcache/Python/3.12.2/x64/lib/python3.12/site-packages/urllib3/connectionpool.py:1103: InsecureRequestWarning: Unverified HTTPS request is being made to host 'randomuser.me'. Adding certificate verification is strongly advised. See: https://urllib3.readthedocs.io/en/latest/advanced-usage.html#tls-warnings
  warnings.warn(</msg>
<msg time="2024-04-12T19:11:13.112531" level="INFO">${response} = &lt;Response [200]&gt;</msg>
<var>${response}</var>
<arg>consultarAPI</arg>
<arg>/api</arg>
<doc>Sends a GET request on a previously created HTTP Session.</doc>
<status status="PASS" start="2024-04-12T19:11:13.000042" elapsed="0.112537"/>
</kw>
<kw name="Set Variable" owner="BuiltIn">
<msg time="2024-04-12T19:11:13.113864" level="INFO">${json_data} = {'results': [{'gender': 'male', 'name': {'title': 'Mr', 'first': 'Herman', 'last': 'Bailey'}, 'location': {'street': {'number': 6720, 'name': 'Photinia Ave'}, 'city': 'Cupertino', 'state': 'Arkansas',...</msg>
<var>${json_data}</var>
<arg>${response.json()}</arg>
<doc>Returns the given values which can then be assigned to a variables.</doc>
<status status="PASS" start="2024-04-12T19:11:13.113265" elapsed="0.000628"/>
</kw>
<kw name="Set Variable" owner="BuiltIn">
<msg time="2024-04-12T19:11:13.114637" level="INFO">${name_title} = Mr</msg>
<var>${name_title}</var>
<arg>${json_data["results"][0]["name"]["title"]}</arg>
<doc>Returns the given values which can then be assigned to a variables.</doc>
<status status="PASS" start="2024-04-12T19:11:13.114204" elapsed="0.000459"/>
</kw>
<kw name="Create List" owner="BuiltIn">
<msg time="2024-04-12T19:11:13.115129" level="INFO">${allowed_titles} = ['Mr', 'Ms', 'Miss', 'Mrs', 'Madame', 'Monsieur']</msg>
<var>${allowed_titles}</var>
<arg>Mr</arg>
<arg>Ms</arg>
<arg>Miss</arg>
<arg>Mrs</arg>
<arg>Madame</arg>
<arg>Monsieur</arg>
<doc>Returns a list containing given items.</doc>
<status status="PASS" start="2024-04-12T19:11:13.114975" elapsed="0.000178"/>
</kw>
<kw name="List Should Contain Value" owner="Collections">
<msg time="2024-04-12T19:11:13.115636" level="INFO">False</msg>
<arg>${allowed_titles}</arg>
<arg>${name_title}</arg>
<doc>Fails if the ``value`` is not found from ``list``.</doc>
<status status="PASS" start="2024-04-12T19:11:13.115459" elapsed="0.000213"/>
</kw>
<kw name="Set Variable" owner="BuiltIn">
<msg time="2024-04-12T19:11:13.116340" level="INFO">${name_country} = US</msg>
<var>${name_country}</var>
<arg>${json_data["results"][0]["nat"]}</arg>
<doc>Returns the given values which can then be assigned to a variables.</doc>
<status status="PASS" start="2024-04-12T19:11:13.115967" elapsed="0.000397"/>
</kw>
<kw name="Create List" owner="BuiltIn">
<msg time="2024-04-12T19:11:13.117269" level="INFO">${list_country} = ['AD', 'AE', 'AF', 'AG', 'AI', 'AL', 'AM', 'AO', 'AQ', 'AR', 'AS', 'AT', 'AU', 'AW', 'AX', 'AZ', 'BA', 'BB', 'BD', 'BE', 'BF', 'BG', 'BH', 'BI', 'BJ', 'BL', 'BM', 'BN', 'BO', 'BQ', 'BR', 'BS', 'BT', '...</msg>
<var>${list_country}</var>
<arg>AD</arg>
<arg>AE</arg>
<arg>AF</arg>
<arg>AG</arg>
<arg>AI</arg>
<arg>AL</arg>
<arg>AM</arg>
<arg>AO</arg>
<arg>AQ</arg>
<arg>AR</arg>
<arg>AS</arg>
<arg>AT</arg>
<arg>AU</arg>
<arg>AW</arg>
<arg>AX</arg>
<arg>AZ</arg>
<arg>BA</arg>
<arg>BB</arg>
<arg>BD</arg>
<arg>BE</arg>
<arg>BF</arg>
<arg>BG</arg>
<arg>BH</arg>
<arg>BI</arg>
<arg>BJ</arg>
<arg>BL</arg>
<arg>BM</arg>
<arg>BN</arg>
<arg>BO</arg>
<arg>BQ</arg>
<arg>BR</arg>
<arg>BS</arg>
<arg>BT</arg>
<arg>BV</arg>
<arg>BW</arg>
<arg>BY</arg>
<arg>BZ</arg>
<arg>CA</arg>
<arg>CC</arg>
<arg>CD</arg>
<arg>CF</arg>
<arg>CG</arg>
<arg>CH</arg>
<arg>CI</arg>
<arg>CK</arg>
<arg>CL</arg>
<arg>CM</arg>
<arg>CN</arg>
<arg>CO</arg>
<arg>CR</arg>
<arg>CU</arg>
<arg>CV</arg>
<arg>CW</arg>
<arg>CX</arg>
<arg>CY</arg>
<arg>CZ</arg>
<arg>DE</arg>
<arg>DJ</arg>
<arg>DK</arg>
<arg>DM</arg>
<arg>DO</arg>
<arg>DZ</arg>
<arg>EC</arg>
<arg>EE</arg>
<arg>EG</arg>
<arg>EH</arg>
<arg>ER</arg>
<arg>ES</arg>
<arg>ET</arg>
<arg>FI</arg>
<arg>FJ</arg>
<arg>FK</arg>
<arg>FM</arg>
<arg>FO</arg>
<arg>FR</arg>
<arg>GA</arg>
<arg>GB</arg>
<arg>GD</arg>
<arg>GE</arg>
<arg>GF</arg>
<arg>GG</arg>
<arg>GH</arg>
<arg>GI</arg>
<arg>GL</arg>
<arg>GM</arg>
<arg>GN</arg>
<arg>GP</arg>
<arg>GQ</arg>
<arg>GR</arg>
<arg>GS</arg>
<arg>GT</arg>
<arg>GU</arg>
<arg>GW</arg>
<arg>GY</arg>
<arg>HK</arg>
<arg>HM</arg>
<arg>HN</arg>
<arg>HR</arg>
<arg>HT</arg>
<arg>HU</arg>
<arg>ID</arg>
<arg>IE</arg>
<arg>IL</arg>
<arg>IM</arg>
<arg>IN</arg>
<arg>IO</arg>
<arg>IQ</arg>
<arg>IR</arg>
<arg>IS</arg>
<arg>IT</arg>
<arg>JE</arg>
<arg>JM</arg>
<arg>JO</arg>
<arg>JP</arg>
<arg>KE</arg>
<arg>KG</arg>
<arg>KH</arg>
<arg>KI</arg>
<arg>KM</arg>
<arg>KN</arg>
<arg>KP</arg>
<arg>KR</arg>
<arg>KW</arg>
<arg>KY</arg>
<arg>KZ</arg>
<arg>LA</arg>
<arg>LB</arg>
<arg>LC</arg>
<arg>LI</arg>
<arg>LK</arg>
<arg>LR</arg>
<arg>LS</arg>
<arg>LT</arg>
<arg>LU</arg>
<arg>LV</arg>
<arg>LY</arg>
<arg>MA</arg>
<arg>MC</arg>
<arg>MD</arg>
<arg>ME</arg>
<arg>MF</arg>
<arg>MG</arg>
<arg>MH</arg>
<arg>MK</arg>
<arg>ML</arg>
<arg>MM</arg>
<arg>MN</arg>
<arg>MO</arg>
<arg>MP</arg>
<arg>MQ</arg>
<arg>MR</arg>
<arg>MS</arg>
<arg>MT</arg>
<arg>MU</arg>
<arg>MV</arg>
<arg>MW</arg>
<arg>MX</arg>
<arg>MY</arg>
<arg>MZ</arg>
<arg>NA</arg>
<arg>NC</arg>
<arg>NE</arg>
<arg>NF</arg>
<arg>NG</arg>
<arg>NI</arg>
<arg>NL</arg>
<arg>NO</arg>
<arg>NP</arg>
<arg>NR</arg>
<arg>NU</arg>
<arg>NZ</arg>
<arg>OM</arg>
<arg>PA</arg>
<arg>PE</arg>
<arg>PF</arg>
<arg>PG</arg>
<arg>PH</arg>
<arg>PK</arg>
<arg>PL</arg>
<arg>PM</arg>
<arg>PN</arg>
<arg>PR</arg>
<arg>PS</arg>
<arg>PT</arg>
<arg>PW</arg>
<arg>PY</arg>
<arg>QA</arg>
<arg>RE</arg>
<arg>RO</arg>
<arg>RS</arg>
<arg>RU</arg>
<arg>RW</arg>
<arg>SA</arg>
<arg>SB</arg>
<arg>SC</arg>
<arg>SD</arg>
<arg>SE</arg>
<arg>SG</arg>
<arg>SH</arg>
<arg>SI</arg>
<arg>SJ</arg>
<arg>SK</arg>
<arg>SL</arg>
<arg>SM</arg>
<arg>SN</arg>
<arg>SO</arg>
<arg>SR</arg>
<arg>SS</arg>
<arg>ST</arg>
<arg>SV</arg>
<arg>SX</arg>
<arg>SY</arg>
<arg>SZ</arg>
<arg>TC</arg>
<arg>TD</arg>
<arg>TF</arg>
<arg>TG</arg>
<arg>TH</arg>
<arg>TJ</arg>
<arg>TK</arg>
<arg>TL</arg>
<arg>TM</arg>
<arg>TN</arg>
<arg>TO</arg>
<arg>TR</arg>
<arg>TT</arg>
<arg>TV</arg>
<arg>TW</arg>
<arg>TZ</arg>
<arg>UA</arg>
<arg>UG</arg>
<arg>UM</arg>
<arg>US</arg>
<arg>UY</arg>
<arg>UZ</arg>
<arg>VA</arg>
<arg>VC</arg>
<arg>VE</arg>
<arg>VG</arg>
<arg>VI</arg>
<arg>VN</arg>
<arg>VU</arg>
<arg>WF</arg>
<arg>WS</arg>
<arg>XK</arg>
<arg>YE</arg>
<arg>YT</arg>
<arg>ZA</arg>
<arg>ZM</arg>
<arg>ZW</arg>
<doc>Returns a list containing given items.</doc>
<status status="PASS" start="2024-04-12T19:11:13.116668" elapsed="0.000627"/>
</kw>
<kw name="List Should Contain Value" owner="Collections">
<msg time="2024-04-12T19:11:13.118278" level="INFO">False</msg>
<arg>${list_country}</arg>
<arg>${name_country}</arg>
<doc>Fails if the ``value`` is not found from ``list``.</doc>
<status status="PASS" start="2024-04-12T19:11:13.118078" elapsed="0.000235"/>
</kw>
<kw name="Run Keyword If" owner="BuiltIn">
<kw name="Should Be True" owner="BuiltIn">
<arg>${True}</arg>
<doc>Fails if the given condition is not true.</doc>
<status status="PASS" start="2024-04-12T19:11:13.119540" elapsed="0.000147"/>
</kw>
<arg>${json_data["results"][0]["location"]["coordinates"]["latitude"]} &gt;= -90 and ${json_data["results"][0]["location"]["coordinates"]["latitude"]} &lt;= 90</arg>
<arg>Should Be True</arg>
<arg>${True}</arg>
<doc>Runs the given keyword with the given arguments, if ``condition`` is true.</doc>
<status status="PASS" start="2024-04-12T19:11:13.118650" elapsed="0.001167"/>
</kw>
<kw name="Run Keyword If" owner="BuiltIn">
<kw name="Should Be True" owner="BuiltIn">
<arg>${True}</arg>
<doc>Fails if the given condition is not true.</doc>
<status status="PASS" start="2024-04-12T19:11:13.120702" elapsed="0.000137"/>
</kw>
<arg>${json_data["results"][0]["location"]["coordinates"]["longitude"]} &gt;= -180 and ${json_data["results"][0]["location"]["coordinates"]["longitude"]} &lt;= 180</arg>
<arg>Should Be True</arg>
<arg>${True}</arg>
<doc>Runs the given keyword with the given arguments, if ``condition`` is true.</doc>
<status status="PASS" start="2024-04-12T19:11:13.120003" elapsed="0.000962"/>
</kw>
<status status="PASS" start="2024-04-12T19:11:12.999815" elapsed="0.121282"/>
</kw>
<doc>Testa o conteúdo específico dos campos retornados pela API.</doc>
<tag>testeConteudo</tag>
<status status="PASS" start="2024-04-12T19:11:12.999273" elapsed="0.121979"/>
</test>
<status status="PASS" start="2024-04-12T19:11:11.958382" elapsed="1.164903"/>
</suite>
<status status="PASS" start="2024-04-12T19:11:11.944617" elapsed="1.184056"/>
</suite>
<statistics>
<total>
<stat pass="5" fail="0" skip="0">All Tests</stat>
</total>
<tag>
<stat pass="1" fail="0" skip="0">testeConteudo</stat>
<stat pass="1" fail="0" skip="0">testeEstruturaResposta</stat>
<stat pass="1" fail="0" skip="0">testeRequisicaoBasica</stat>
<stat pass="1" fail="0" skip="0">testeTiposDados</stat>
</tag>
<suite>
<stat pass="5" fail="0" skip="0" id="s1" name="Tests">Tests</stat>
<stat pass="5" fail="0" skip="0" id="s1-s1" name="Random-User-Test">Tests.Random-User-Test</stat>
</suite>
</statistics>
<errors>
</errors>
</robot>
