<?xml version="1.0" encoding="UTF-8"?>
<robot generator="Robot 7.0 (Python 3.12.2 on linux)" generated="2024-04-13T17:09:16.116129" rpa="false" schemaversion="5">
<suite id="s1" name="Tests" source="/home/runner/work/DesafioQAItauRogerioJordao/DesafioQAItauRogerioJordao/RamdonUser/tests">
<suite id="s1-s1" name="Random-User-Test" source="/home/runner/work/DesafioQAItauRogerioJordao/DesafioQAItauRogerioJordao/RamdonUser/tests/random-user-test.robot">
<test id="s1-s1-t1" name="Conectar" line="13">
<kw name="Conectar API" owner="random-user-service">
<kw name="Create Session" owner="RequestsLibrary">
<msg time="2024-04-13T17:09:16.503611" level="INFO">Creating Session using : alias=consultarAPI, url=https://randomuser.me/, headers={},                     cookies={}, auth=None, timeout=None, proxies=None, verify=False,                     debug=0 </msg>
<arg>consultarAPI</arg>
<arg>${URL}</arg>
<doc>Create Session: create a HTTP session to a server</doc>
<status status="PASS" start="2024-04-13T17:09:16.503409" elapsed="0.000385"/>
</kw>
<status status="PASS" start="2024-04-13T17:09:16.502422" elapsed="0.001731"/>
</kw>
<status status="PASS" start="2024-04-13T17:09:16.501885" elapsed="0.002474"/>
</test>
<test id="s1-s1-t2" name="Validar retorno 200 e JSON Válido" line="16">
<kw name="Teste de Requisicao Basica" owner="random-user-service">
<kw name="GET On Session" owner="RequestsLibrary">
<msg time="2024-04-13T17:09:16.609259" level="INFO">GET Request : url=https://randomuser.me/api 
 path_url=/api 
 headers={'User-Agent': 'python-requests/2.31.0', 'Accept-Encoding': 'gzip, deflate', 'Accept': '*/*', 'Connection': 'keep-alive'} 
 body=None 
 </msg>
<msg time="2024-04-13T17:09:16.609413" level="INFO">GET Response : url=https://randomuser.me/api 
 status=200, reason=OK 
 headers={'Date': 'Sat, 13 Apr 2024 17:09:16 GMT', 'Content-Type': 'application/json; charset=utf-8', 'Transfer-Encoding': 'chunked', 'Connection': 'keep-alive', 'X-Powered-By': 'Express', 'Access-Control-Allow-Origin': '*', 'Cache-Control': 'no-cache', 'ETag': 'W/"48a-kYNQO6T9jo6Vk+NXl1RuYDPucLU"', 'Vary': 'Accept-Encoding', 'Content-Encoding': 'gzip', 'CF-Cache-Status': 'DYNAMIC', 'Report-To': '{"endpoints":[{"url":"https:\\/\\/a.nel.cloudflare.com\\/report\\/v4?s=RVy2oFskbB3OuiPlXmqcDUEb9VzWCnK6Vx9F9jiRZPzCqzE3p7CHhp5SXWPDsE3tjPbdONCNCux%2BQq1W5bPuH6nGWiLMvE0o3wk48KcmjV2T2IomTK5MZV0PsClJ48hL"}],"group":"cf-nel","max_age":604800}', 'NEL': '{"success_fraction":0,"report_to":"cf-nel","max_age":604800}', 'Server': 'cloudflare', 'CF-RAY': '873d101a69f83b2c-IAD', 'alt-svc': 'h3=":443"; ma=86400'} 
 body={"results":[{"gender":"male","name":{"title":"Mr","first":"Benjamin","last":"Larsen"},"location":{"street":{"number":6068,"name":"Bytoften"},"city":"Sommersted","state":"Sjælland","country":"Denmark","postcode":35411,"coordinates":{"latitude":"-40.6494","longitude":"-41.5652"},"timezone":{"offset":"-5:00","description":"Eastern Time (US &amp; Canada), Bogota, Lima"}},"email":"benjamin.larsen@example.com","login":{"uuid":"26491cb4-5ac1-442a-8ec8-5786a8c3b2d3","username":"silverlion428","password":"toad","salt":"vOWgtlPd","md5":"c316e4ecc73a0fc903cb6c32da977ad5","sha1":"f2202b317368af082c71dd3999902e4386d7c3e5","sha256":"4dbb2a13ee76ae7a8ddc9ec037b4b6b01dce63764d0abfa811a6aae3489b993a"},"dob":{"date":"1971-01-14T03:18:39.620Z","age":53},"registered":{"date":"2012-08-03T02:47:36.833Z","age":11},"phone":"65726182","cell":"91431292","id":{"name":"CPR","value":"130171-4703"},"picture":{"large":"https://randomuser.me/api/portraits/men/38.jpg","medium":"https://randomuser.me/api/portraits/med/men/38.jpg","thumbnail":"https://randomuser.me/api/portraits/thumb/men/38.jpg"},"nat":"DK"}],"info":{"seed":"7b8a6d817f823ad0","results":1,"page":1,"version":"1.4"}} 
 </msg>
<msg time="2024-04-13T17:09:16.609507" level="INFO">/opt/hostedtoolcache/Python/3.12.2/x64/lib/python3.12/site-packages/urllib3/connectionpool.py:1103: InsecureRequestWarning: Unverified HTTPS request is being made to host 'randomuser.me'. Adding certificate verification is strongly advised. See: https://urllib3.readthedocs.io/en/latest/advanced-usage.html#tls-warnings
  warnings.warn(</msg>
<msg time="2024-04-13T17:09:16.609658" level="INFO">${response} = &lt;Response [200]&gt;</msg>
<var>${response}</var>
<arg>consultarAPI</arg>
<arg>/api</arg>
<doc>Sends a GET request on a previously created HTTP Session.</doc>
<status status="PASS" start="2024-04-13T17:09:16.506953" elapsed="0.102752"/>
</kw>
<kw name="Should Be Equal As Numbers" owner="BuiltIn">
<msg time="2024-04-13T17:09:16.610857" level="INFO">Argument types are:
&lt;class 'int'&gt;
&lt;class 'str'&gt;</msg>
<arg>${response.status_code}</arg>
<arg>200</arg>
<doc>Fails if objects are unequal after converting them to real numbers.</doc>
<status status="PASS" start="2024-04-13T17:09:16.610334" elapsed="0.000589"/>
</kw>
<kw name="Log" owner="BuiltIn">
<msg time="2024-04-13T17:09:16.611588" level="INFO">200</msg>
<arg>${response.status_code}</arg>
<doc>Logs the given message with the given level.</doc>
<status status="PASS" start="2024-04-13T17:09:16.611239" elapsed="0.000391"/>
</kw>
<kw name="Set Variable" owner="BuiltIn">
<msg time="2024-04-13T17:09:16.612458" level="INFO">${json_data} = {'results': [{'gender': 'male', 'name': {'title': 'Mr', 'first': 'Benjamin', 'last': 'Larsen'}, 'location': {'street': {'number': 6068, 'name': 'Bytoften'}, 'city': 'Sommersted', 'state': 'Sjælland', ...</msg>
<var>${json_data}</var>
<arg>${response.json()}</arg>
<doc>Returns the given values which can then be assigned to a variables.</doc>
<status status="PASS" start="2024-04-13T17:09:16.611980" elapsed="0.000508"/>
</kw>
<kw name="Dictionary Should Contain Key" owner="Collections">
<msg time="2024-04-13T17:09:16.612955" level="INFO">False</msg>
<arg>${json_data}</arg>
<arg>results</arg>
<doc>Fails if ``key`` is not found from ``dictionary``.</doc>
<status status="PASS" start="2024-04-13T17:09:16.612789" elapsed="0.000204"/>
</kw>
<status status="PASS" start="2024-04-13T17:09:16.506692" elapsed="0.106562"/>
</kw>
<doc>Testa se a API responde corretamente e retorna um objeto JSON válido.</doc>
<tag>testeRequisicaoBasica</tag>
<status status="PASS" start="2024-04-13T17:09:16.506204" elapsed="0.107231"/>
</test>
<test id="s1-s1-t3" name="Validar estrutura de resposta" line="22">
<kw name="Teste de Estrutura de Resposta" owner="random-user-service">
<kw name="GET On Session" owner="RequestsLibrary">
<msg time="2024-04-13T17:09:16.687212" level="INFO">GET Request : url=https://randomuser.me/api 
 path_url=/api 
 headers={'User-Agent': 'python-requests/2.31.0', 'Accept-Encoding': 'gzip, deflate', 'Accept': '*/*', 'Connection': 'keep-alive'} 
 body=None 
 </msg>
<msg time="2024-04-13T17:09:16.687305" level="INFO">GET Response : url=https://randomuser.me/api 
 status=200, reason=OK 
 headers={'Date': 'Sat, 13 Apr 2024 17:09:16 GMT', 'Content-Type': 'application/json; charset=utf-8', 'Transfer-Encoding': 'chunked', 'Connection': 'keep-alive', 'X-Powered-By': 'Express', 'Access-Control-Allow-Origin': '*', 'Cache-Control': 'no-cache', 'ETag': 'W/"489-3gdvW+/7aAdqnjRbLZIxa5izCZA"', 'Vary': 'Accept-Encoding', 'Content-Encoding': 'gzip', 'CF-Cache-Status': 'DYNAMIC', 'Report-To': '{"endpoints":[{"url":"https:\\/\\/a.nel.cloudflare.com\\/report\\/v4?s=ZD4N4ZbyZLhKVJc%2BFGlmxGH6C3iQSyNoe%2F7XELSBw1btj%2FhMHHKfJUsMfu7ztUlvxIJLC9%2Fw9jAx%2FRx%2FRl3To68fTaMUsKcJFTXT9hNKrN7rjhMHe8RSw7fJYw9Ouya9"}],"group":"cf-nel","max_age":604800}', 'NEL': '{"success_fraction":0,"report_to":"cf-nel","max_age":604800}', 'Server': 'cloudflare', 'CF-RAY': '873d101ada823b2c-IAD', 'alt-svc': 'h3=":443"; ma=86400'} 
 body={"results":[{"gender":"male","name":{"title":"Mr","first":"Peremisl","last":"Naydonov"},"location":{"street":{"number":2153,"name":"Striyska"},"city":"Chigirin","state":"Dnipropetrovska","country":"Ukraine","postcode":70105,"coordinates":{"latitude":"79.8485","longitude":"-22.0053"},"timezone":{"offset":"+4:00","description":"Abu Dhabi, Muscat, Baku, Tbilisi"}},"email":"peremisl.naydonov@example.com","login":{"uuid":"a993df2a-672f-4459-85e7-0039263bade3","username":"tinykoala101","password":"fudge","salt":"yDj8rwLW","md5":"d8135e88a216188e84a915900493758d","sha1":"2af36d553d67b1460bbbb39fd9bcf71bb57483a1","sha256":"2eb5fe72f2aba47970333a903d709623de579666a66186e67053688b0568bfd8"},"dob":{"date":"1947-06-04T00:55:16.445Z","age":76},"registered":{"date":"2007-02-09T22:57:02.487Z","age":17},"phone":"(067) K16-6892","cell":"(067) C38-1704","id":{"name":"","value":null},"picture":{"large":"https://randomuser.me/api/portraits/men/60.jpg","medium":"https://randomuser.me/api/portraits/med/men/60.jpg","thumbnail":"https://randomuser.me/api/portraits/thumb/men/60.jpg"},"nat":"UA"}],"info":{"seed":"6e3d17841cd02476","results":1,"page":1,"version":"1.4"}} 
 </msg>
<msg time="2024-04-13T17:09:16.687419" level="INFO">/opt/hostedtoolcache/Python/3.12.2/x64/lib/python3.12/site-packages/urllib3/connectionpool.py:1103: InsecureRequestWarning: Unverified HTTPS request is being made to host 'randomuser.me'. Adding certificate verification is strongly advised. See: https://urllib3.readthedocs.io/en/latest/advanced-usage.html#tls-warnings
  warnings.warn(</msg>
<msg time="2024-04-13T17:09:16.687554" level="INFO">${response} = &lt;Response [200]&gt;</msg>
<var>${response}</var>
<arg>consultarAPI</arg>
<arg>/api</arg>
<doc>Sends a GET request on a previously created HTTP Session.</doc>
<status status="PASS" start="2024-04-13T17:09:16.616034" elapsed="0.071569"/>
</kw>
<kw name="Set Variable" owner="BuiltIn">
<msg time="2024-04-13T17:09:16.688698" level="INFO">${json_data} = {'results': [{'gender': 'male', 'name': {'title': 'Mr', 'first': 'Peremisl', 'last': 'Naydonov'}, 'location': {'street': {'number': 2153, 'name': 'Striyska'}, 'city': 'Chigirin', 'state': 'Dnipropetro...</msg>
<var>${json_data}</var>
<arg>${response.json()}</arg>
<doc>Returns the given values which can then be assigned to a variables.</doc>
<status status="PASS" start="2024-04-13T17:09:16.688174" elapsed="0.000552"/>
</kw>
<kw name="Log" owner="BuiltIn">
<msg time="2024-04-13T17:09:16.689198" level="INFO">{'results': [{'gender': 'male', 'name': {'title': 'Mr', 'first': 'Peremisl', 'last': 'Naydonov'}, 'location': {'street': {'number': 2153, 'name': 'Striyska'}, 'city': 'Chigirin', 'state': 'Dnipropetrovska', 'country': 'Ukraine', 'postcode': 70105, 'coordinates': {'latitude': '79.8485', 'longitude': '-22.0053'}, 'timezone': {'offset': '+4:00', 'description': 'Abu Dhabi, Muscat, Baku, Tbilisi'}}, 'email': 'peremisl.naydonov@example.com', 'login': {'uuid': 'a993df2a-672f-4459-85e7-0039263bade3', 'username': 'tinykoala101', 'password': 'fudge', 'salt': 'yDj8rwLW', 'md5': 'd8135e88a216188e84a915900493758d', 'sha1': '2af36d553d67b1460bbbb39fd9bcf71bb57483a1', 'sha256': '2eb5fe72f2aba47970333a903d709623de579666a66186e67053688b0568bfd8'}, 'dob': {'date': '1947-06-04T00:55:16.445Z', 'age': 76}, 'registered': {'date': '2007-02-09T22:57:02.487Z', 'age': 17}, 'phone': '(067) K16-6892', 'cell': '(067) C38-1704', 'id': {'name': '', 'value': None}, 'picture': {'large': 'https://randomuser.me/api/portraits/men/60.jpg', 'medium': 'https://randomuser.me/api/portraits/med/men/60.jpg', 'thumbnail': 'https://randomuser.me/api/portraits/thumb/men/60.jpg'}, 'nat': 'UA'}], 'info': {'seed': '6e3d17841cd02476', 'results': 1, 'page': 1, 'version': '1.4'}}</msg>
<arg>${json_data}</arg>
<doc>Logs the given message with the given level.</doc>
<status status="PASS" start="2024-04-13T17:09:16.689034" elapsed="0.000212"/>
</kw>
<kw name="Dictionary Should Contain Key" owner="Collections">
<msg time="2024-04-13T17:09:16.689703" level="INFO">False</msg>
<arg>${json_data}</arg>
<arg>results</arg>
<doc>Fails if ``key`` is not found from ``dictionary``.</doc>
<status status="PASS" start="2024-04-13T17:09:16.689543" elapsed="0.000197"/>
</kw>
<kw name="Should Not Be Empty" owner="BuiltIn">
<msg time="2024-04-13T17:09:16.690169" level="INFO">Length is 2.</msg>
<arg>${json_data}</arg>
<doc>Verifies that the given item is not empty.</doc>
<status status="PASS" start="2024-04-13T17:09:16.690033" elapsed="0.000174"/>
</kw>
<kw name="Create List" owner="BuiltIn">
<msg time="2024-04-13T17:09:16.690833" level="INFO">${expected_keys} = ['gender', 'name', 'location', 'email', 'login']</msg>
<var>${expected_keys}</var>
<arg>gender</arg>
<arg>name</arg>
<arg>location</arg>
<arg>email</arg>
<arg>login</arg>
<doc>Returns a list containing given items.</doc>
<status status="PASS" start="2024-04-13T17:09:16.690524" elapsed="0.000333"/>
</kw>
<for flavor="IN">
<iter>
<kw name="Dictionary Should Contain Key" owner="Collections">
<msg time="2024-04-13T17:09:16.691834" level="INFO">False</msg>
<arg>${json_data['results'][0]}</arg>
<arg>${key}</arg>
<doc>Fails if ``key`` is not found from ``dictionary``.</doc>
<status status="PASS" start="2024-04-13T17:09:16.691441" elapsed="0.000430"/>
</kw>
<kw name="Log" owner="BuiltIn">
<msg time="2024-04-13T17:09:16.692536" level="INFO">{'gender': 'male', 'name': {'title': 'Mr', 'first': 'Peremisl', 'last': 'Naydonov'}, 'location': {'street': {'number': 2153, 'name': 'Striyska'}, 'city': 'Chigirin', 'state': 'Dnipropetrovska', 'country': 'Ukraine', 'postcode': 70105, 'coordinates': {'latitude': '79.8485', 'longitude': '-22.0053'}, 'timezone': {'offset': '+4:00', 'description': 'Abu Dhabi, Muscat, Baku, Tbilisi'}}, 'email': 'peremisl.naydonov@example.com', 'login': {'uuid': 'a993df2a-672f-4459-85e7-0039263bade3', 'username': 'tinykoala101', 'password': 'fudge', 'salt': 'yDj8rwLW', 'md5': 'd8135e88a216188e84a915900493758d', 'sha1': '2af36d553d67b1460bbbb39fd9bcf71bb57483a1', 'sha256': '2eb5fe72f2aba47970333a903d709623de579666a66186e67053688b0568bfd8'}, 'dob': {'date': '1947-06-04T00:55:16.445Z', 'age': 76}, 'registered': {'date': '2007-02-09T22:57:02.487Z', 'age': 17}, 'phone': '(067) K16-6892', 'cell': '(067) C38-1704', 'id': {'name': '', 'value': None}, 'picture': {'large': 'https://randomuser.me/api/portraits/men/60.jpg', 'medium': 'https://randomuser.me/api/portraits/med/men/60.jpg', 'thumbnail': 'https://randomuser.me/api/portraits/thumb/men/60.jpg'}, 'nat': 'UA'}</msg>
<arg>${json_data['results'][0]}</arg>
<doc>Logs the given message with the given level.</doc>
<status status="PASS" start="2024-04-13T17:09:16.692169" elapsed="0.000418"/>
</kw>
<kw name="Log" owner="BuiltIn">
<msg time="2024-04-13T17:09:16.693016" level="INFO">gender</msg>
<arg>${key}</arg>
<doc>Logs the given message with the given level.</doc>
<status status="PASS" start="2024-04-13T17:09:16.692890" elapsed="0.000163"/>
</kw>
<var name="${key}">gender</var>
<status status="PASS" start="2024-04-13T17:09:16.691317" elapsed="0.001949"/>
</iter>
<iter>
<kw name="Dictionary Should Contain Key" owner="Collections">
<msg time="2024-04-13T17:09:16.693948" level="INFO">False</msg>
<arg>${json_data['results'][0]}</arg>
<arg>${key}</arg>
<doc>Fails if ``key`` is not found from ``dictionary``.</doc>
<status status="PASS" start="2024-04-13T17:09:16.693567" elapsed="0.000417"/>
</kw>
<kw name="Log" owner="BuiltIn">
<msg time="2024-04-13T17:09:16.694691" level="INFO">{'gender': 'male', 'name': {'title': 'Mr', 'first': 'Peremisl', 'last': 'Naydonov'}, 'location': {'street': {'number': 2153, 'name': 'Striyska'}, 'city': 'Chigirin', 'state': 'Dnipropetrovska', 'country': 'Ukraine', 'postcode': 70105, 'coordinates': {'latitude': '79.8485', 'longitude': '-22.0053'}, 'timezone': {'offset': '+4:00', 'description': 'Abu Dhabi, Muscat, Baku, Tbilisi'}}, 'email': 'peremisl.naydonov@example.com', 'login': {'uuid': 'a993df2a-672f-4459-85e7-0039263bade3', 'username': 'tinykoala101', 'password': 'fudge', 'salt': 'yDj8rwLW', 'md5': 'd8135e88a216188e84a915900493758d', 'sha1': '2af36d553d67b1460bbbb39fd9bcf71bb57483a1', 'sha256': '2eb5fe72f2aba47970333a903d709623de579666a66186e67053688b0568bfd8'}, 'dob': {'date': '1947-06-04T00:55:16.445Z', 'age': 76}, 'registered': {'date': '2007-02-09T22:57:02.487Z', 'age': 17}, 'phone': '(067) K16-6892', 'cell': '(067) C38-1704', 'id': {'name': '', 'value': None}, 'picture': {'large': 'https://randomuser.me/api/portraits/men/60.jpg', 'medium': 'https://randomuser.me/api/portraits/med/men/60.jpg', 'thumbnail': 'https://randomuser.me/api/portraits/thumb/men/60.jpg'}, 'nat': 'UA'}</msg>
<arg>${json_data['results'][0]}</arg>
<doc>Logs the given message with the given level.</doc>
<status status="PASS" start="2024-04-13T17:09:16.694304" elapsed="0.000434"/>
</kw>
<kw name="Log" owner="BuiltIn">
<msg time="2024-04-13T17:09:16.695161" level="INFO">name</msg>
<arg>${key}</arg>
<doc>Logs the given message with the given level.</doc>
<status status="PASS" start="2024-04-13T17:09:16.695033" elapsed="0.000164"/>
</kw>
<var name="${key}">name</var>
<status status="PASS" start="2024-04-13T17:09:16.693452" elapsed="0.001959"/>
</iter>
<iter>
<kw name="Dictionary Should Contain Key" owner="Collections">
<msg time="2024-04-13T17:09:16.696075" level="INFO">False</msg>
<arg>${json_data['results'][0]}</arg>
<arg>${key}</arg>
<doc>Fails if ``key`` is not found from ``dictionary``.</doc>
<status status="PASS" start="2024-04-13T17:09:16.695700" elapsed="0.000412"/>
</kw>
<kw name="Log" owner="BuiltIn">
<msg time="2024-04-13T17:09:16.696759" level="INFO">{'gender': 'male', 'name': {'title': 'Mr', 'first': 'Peremisl', 'last': 'Naydonov'}, 'location': {'street': {'number': 2153, 'name': 'Striyska'}, 'city': 'Chigirin', 'state': 'Dnipropetrovska', 'country': 'Ukraine', 'postcode': 70105, 'coordinates': {'latitude': '79.8485', 'longitude': '-22.0053'}, 'timezone': {'offset': '+4:00', 'description': 'Abu Dhabi, Muscat, Baku, Tbilisi'}}, 'email': 'peremisl.naydonov@example.com', 'login': {'uuid': 'a993df2a-672f-4459-85e7-0039263bade3', 'username': 'tinykoala101', 'password': 'fudge', 'salt': 'yDj8rwLW', 'md5': 'd8135e88a216188e84a915900493758d', 'sha1': '2af36d553d67b1460bbbb39fd9bcf71bb57483a1', 'sha256': '2eb5fe72f2aba47970333a903d709623de579666a66186e67053688b0568bfd8'}, 'dob': {'date': '1947-06-04T00:55:16.445Z', 'age': 76}, 'registered': {'date': '2007-02-09T22:57:02.487Z', 'age': 17}, 'phone': '(067) K16-6892', 'cell': '(067) C38-1704', 'id': {'name': '', 'value': None}, 'picture': {'large': 'https://randomuser.me/api/portraits/men/60.jpg', 'medium': 'https://randomuser.me/api/portraits/med/men/60.jpg', 'thumbnail': 'https://randomuser.me/api/portraits/thumb/men/60.jpg'}, 'nat': 'UA'}</msg>
<arg>${json_data['results'][0]}</arg>
<doc>Logs the given message with the given level.</doc>
<status status="PASS" start="2024-04-13T17:09:16.696406" elapsed="0.000401"/>
</kw>
<kw name="Log" owner="BuiltIn">
<msg time="2024-04-13T17:09:16.697225" level="INFO">location</msg>
<arg>${key}</arg>
<doc>Logs the given message with the given level.</doc>
<status status="PASS" start="2024-04-13T17:09:16.697102" elapsed="0.000160"/>
</kw>
<var name="${key}">location</var>
<status status="PASS" start="2024-04-13T17:09:16.695588" elapsed="0.001885"/>
</iter>
<iter>
<kw name="Dictionary Should Contain Key" owner="Collections">
<msg time="2024-04-13T17:09:16.698120" level="INFO">False</msg>
<arg>${json_data['results'][0]}</arg>
<arg>${key}</arg>
<doc>Fails if ``key`` is not found from ``dictionary``.</doc>
<status status="PASS" start="2024-04-13T17:09:16.697753" elapsed="0.000403"/>
</kw>
<kw name="Log" owner="BuiltIn">
<msg time="2024-04-13T17:09:16.698830" level="INFO">{'gender': 'male', 'name': {'title': 'Mr', 'first': 'Peremisl', 'last': 'Naydonov'}, 'location': {'street': {'number': 2153, 'name': 'Striyska'}, 'city': 'Chigirin', 'state': 'Dnipropetrovska', 'country': 'Ukraine', 'postcode': 70105, 'coordinates': {'latitude': '79.8485', 'longitude': '-22.0053'}, 'timezone': {'offset': '+4:00', 'description': 'Abu Dhabi, Muscat, Baku, Tbilisi'}}, 'email': 'peremisl.naydonov@example.com', 'login': {'uuid': 'a993df2a-672f-4459-85e7-0039263bade3', 'username': 'tinykoala101', 'password': 'fudge', 'salt': 'yDj8rwLW', 'md5': 'd8135e88a216188e84a915900493758d', 'sha1': '2af36d553d67b1460bbbb39fd9bcf71bb57483a1', 'sha256': '2eb5fe72f2aba47970333a903d709623de579666a66186e67053688b0568bfd8'}, 'dob': {'date': '1947-06-04T00:55:16.445Z', 'age': 76}, 'registered': {'date': '2007-02-09T22:57:02.487Z', 'age': 17}, 'phone': '(067) K16-6892', 'cell': '(067) C38-1704', 'id': {'name': '', 'value': None}, 'picture': {'large': 'https://randomuser.me/api/portraits/men/60.jpg', 'medium': 'https://randomuser.me/api/portraits/med/men/60.jpg', 'thumbnail': 'https://randomuser.me/api/portraits/thumb/men/60.jpg'}, 'nat': 'UA'}</msg>
<arg>${json_data['results'][0]}</arg>
<doc>Logs the given message with the given level.</doc>
<status status="PASS" start="2024-04-13T17:09:16.698448" elapsed="0.000430"/>
</kw>
<kw name="Log" owner="BuiltIn">
<msg time="2024-04-13T17:09:16.699300" level="INFO">email</msg>
<arg>${key}</arg>
<doc>Logs the given message with the given level.</doc>
<status status="PASS" start="2024-04-13T17:09:16.699174" elapsed="0.000163"/>
</kw>
<var name="${key}">email</var>
<status status="PASS" start="2024-04-13T17:09:16.697644" elapsed="0.001907"/>
</iter>
<iter>
<kw name="Dictionary Should Contain Key" owner="Collections">
<msg time="2024-04-13T17:09:16.700210" level="INFO">False</msg>
<arg>${json_data['results'][0]}</arg>
<arg>${key}</arg>
<doc>Fails if ``key`` is not found from ``dictionary``.</doc>
<status status="PASS" start="2024-04-13T17:09:16.699837" elapsed="0.000409"/>
</kw>
<kw name="Log" owner="BuiltIn">
<msg time="2024-04-13T17:09:16.700889" level="INFO">{'gender': 'male', 'name': {'title': 'Mr', 'first': 'Peremisl', 'last': 'Naydonov'}, 'location': {'street': {'number': 2153, 'name': 'Striyska'}, 'city': 'Chigirin', 'state': 'Dnipropetrovska', 'country': 'Ukraine', 'postcode': 70105, 'coordinates': {'latitude': '79.8485', 'longitude': '-22.0053'}, 'timezone': {'offset': '+4:00', 'description': 'Abu Dhabi, Muscat, Baku, Tbilisi'}}, 'email': 'peremisl.naydonov@example.com', 'login': {'uuid': 'a993df2a-672f-4459-85e7-0039263bade3', 'username': 'tinykoala101', 'password': 'fudge', 'salt': 'yDj8rwLW', 'md5': 'd8135e88a216188e84a915900493758d', 'sha1': '2af36d553d67b1460bbbb39fd9bcf71bb57483a1', 'sha256': '2eb5fe72f2aba47970333a903d709623de579666a66186e67053688b0568bfd8'}, 'dob': {'date': '1947-06-04T00:55:16.445Z', 'age': 76}, 'registered': {'date': '2007-02-09T22:57:02.487Z', 'age': 17}, 'phone': '(067) K16-6892', 'cell': '(067) C38-1704', 'id': {'name': '', 'value': None}, 'picture': {'large': 'https://randomuser.me/api/portraits/men/60.jpg', 'medium': 'https://randomuser.me/api/portraits/med/men/60.jpg', 'thumbnail': 'https://randomuser.me/api/portraits/thumb/men/60.jpg'}, 'nat': 'UA'}</msg>
<arg>${json_data['results'][0]}</arg>
<doc>Logs the given message with the given level.</doc>
<status status="PASS" start="2024-04-13T17:09:16.700534" elapsed="0.000400"/>
</kw>
<kw name="Log" owner="BuiltIn">
<msg time="2024-04-13T17:09:16.701359" level="INFO">login</msg>
<arg>${key}</arg>
<doc>Logs the given message with the given level.</doc>
<status status="PASS" start="2024-04-13T17:09:16.701223" elapsed="0.000173"/>
</kw>
<var name="${key}">login</var>
<status status="PASS" start="2024-04-13T17:09:16.699722" elapsed="0.001909"/>
</iter>
<var>${key}</var>
<value>@{expected_keys}</value>
<status status="PASS" start="2024-04-13T17:09:16.691125" elapsed="0.010633"/>
</for>
<kw name="Create List" owner="BuiltIn">
<msg time="2024-04-13T17:09:16.702086" level="INFO">${expected_keysTwo} = ['username', 'password']</msg>
<var>${expected_keysTwo}</var>
<arg>username</arg>
<arg>password</arg>
<doc>Returns a list containing given items.</doc>
<status status="PASS" start="2024-04-13T17:09:16.701951" elapsed="0.000159"/>
</kw>
<for flavor="IN">
<iter>
<kw name="Dictionary Should Contain Key" owner="Collections">
<msg time="2024-04-13T17:09:16.703026" level="INFO">False</msg>
<arg>${json_data['results'][0]['login']}</arg>
<arg>${keyTwo}</arg>
<doc>Fails if ``key`` is not found from ``dictionary``.</doc>
<status status="PASS" start="2024-04-13T17:09:16.702642" elapsed="0.000420"/>
</kw>
<kw name="Dictionary Should Contain Key" owner="Collections">
<msg time="2024-04-13T17:09:16.703740" level="INFO">False</msg>
<arg>${json_data['results'][0]['login']}</arg>
<arg>${keyTwo}</arg>
<doc>Fails if ``key`` is not found from ``dictionary``.</doc>
<status status="PASS" start="2024-04-13T17:09:16.703355" elapsed="0.000424"/>
</kw>
<kw name="Log" owner="BuiltIn">
<msg time="2024-04-13T17:09:16.704197" level="INFO">username</msg>
<arg>${keyTwo}</arg>
<doc>Logs the given message with the given level.</doc>
<status status="PASS" start="2024-04-13T17:09:16.704070" elapsed="0.000164"/>
</kw>
<var name="${keyTwo}">username</var>
<status status="PASS" start="2024-04-13T17:09:16.702519" elapsed="0.001926"/>
</iter>
<iter>
<kw name="Dictionary Should Contain Key" owner="Collections">
<msg time="2024-04-13T17:09:16.705104" level="INFO">False</msg>
<arg>${json_data['results'][0]['login']}</arg>
<arg>${keyTwo}</arg>
<doc>Fails if ``key`` is not found from ``dictionary``.</doc>
<status status="PASS" start="2024-04-13T17:09:16.704725" elapsed="0.000415"/>
</kw>
<kw name="Dictionary Should Contain Key" owner="Collections">
<msg time="2024-04-13T17:09:16.705887" level="INFO">False</msg>
<arg>${json_data['results'][0]['login']}</arg>
<arg>${keyTwo}</arg>
<doc>Fails if ``key`` is not found from ``dictionary``.</doc>
<status status="PASS" start="2024-04-13T17:09:16.705433" elapsed="0.000492"/>
</kw>
<kw name="Log" owner="BuiltIn">
<msg time="2024-04-13T17:09:16.706360" level="INFO">password</msg>
<arg>${keyTwo}</arg>
<doc>Logs the given message with the given level.</doc>
<status status="PASS" start="2024-04-13T17:09:16.706234" elapsed="0.000162"/>
</kw>
<var name="${keyTwo}">password</var>
<status status="PASS" start="2024-04-13T17:09:16.704615" elapsed="0.002048"/>
</iter>
<var>${keyTwo}</var>
<value>@{expected_keysTwo}</value>
<status status="PASS" start="2024-04-13T17:09:16.702346" elapsed="0.004439"/>
</for>
<status status="PASS" start="2024-04-13T17:09:16.615781" elapsed="0.091146"/>
</kw>
<doc>Testa a estrutura da resposta da API.</doc>
<tag>testeEstruturaResposta</tag>
<status status="PASS" start="2024-04-13T17:09:16.615277" elapsed="0.091812"/>
</test>
<test id="s1-s1-t4" name="Validar tipos de dados" line="28">
<kw name="Teste de Tipos de Dados" owner="random-user-service">
<kw name="GET On Session" owner="RequestsLibrary">
<msg time="2024-04-13T17:09:16.782871" level="INFO">GET Request : url=https://randomuser.me/api 
 path_url=/api 
 headers={'User-Agent': 'python-requests/2.31.0', 'Accept-Encoding': 'gzip, deflate', 'Accept': '*/*', 'Connection': 'keep-alive'} 
 body=None 
 </msg>
<msg time="2024-04-13T17:09:16.782951" level="INFO">GET Response : url=https://randomuser.me/api 
 status=200, reason=OK 
 headers={'Date': 'Sat, 13 Apr 2024 17:09:16 GMT', 'Content-Type': 'application/json; charset=utf-8', 'Transfer-Encoding': 'chunked', 'Connection': 'keep-alive', 'X-Powered-By': 'Express', 'Access-Control-Allow-Origin': '*', 'Cache-Control': 'no-cache', 'ETag': 'W/"4ac-cYEitsJ8XdNhQd0cVnNbHa0+VLE"', 'Vary': 'Accept-Encoding', 'Content-Encoding': 'gzip', 'CF-Cache-Status': 'DYNAMIC', 'Report-To': '{"endpoints":[{"url":"https:\\/\\/a.nel.cloudflare.com\\/report\\/v4?s=BzScUj8qgVX8v64ZC2h2ihfwM0DDGH%2BD6rQVQLodec61d8k5i0Q1Se5oany49nPWiR0%2BoJO0EMGMjtddBuXJwW9WsZ5J%2F7X8vu1%2BYZ%2BiSqlX%2BEXwLVmHwQm5PbI6s46B"}],"group":"cf-nel","max_age":604800}', 'NEL': '{"success_fraction":0,"report_to":"cf-nel","max_age":604800}', 'Server': 'cloudflare', 'CF-RAY': '873d101b7b2c3b2c-IAD', 'alt-svc': 'h3=":443"; ma=86400'} 
 body={"results":[{"gender":"male","name":{"title":"Mr","first":"Gijsbert","last":"Van Dorssen"},"location":{"street":{"number":9323,"name":"Huurweerstraat"},"city":"Rozendaal","state":"Gelderland","country":"Netherlands","postcode":"9287 DZ","coordinates":{"latitude":"35.4501","longitude":"-170.5900"},"timezone":{"offset":"+9:00","description":"Tokyo, Seoul, Osaka, Sapporo, Yakutsk"}},"email":"gijsbert.vandorssen@example.com","login":{"uuid":"5ceecb4c-bf09-46e3-945c-a79a1ffd662b","username":"goldenpeacock679","password":"crazybab","salt":"R8aMy6ot","md5":"79378d3e0aa6c051811692eede6a1fbd","sha1":"46e2f0e3cd31b996e4632df4884202ff82924760","sha256":"f191a3ef05254516c1c7bcbdc1894fcde27e54add307f3f127699d5b27839d80"},"dob":{"date":"1971-12-28T21:48:27.842Z","age":52},"registered":{"date":"2014-03-15T16:41:48.718Z","age":10},"phone":"(0848) 260000","cell":"(06) 52641071","id":{"name":"BSN","value":"31049841"},"picture":{"large":"https://randomuser.me/api/portraits/men/63.jpg","medium":"https://randomuser.me/api/portraits/med/men/63.jpg","thumbnail":"https://randomuser.me/api/portraits/thumb/men/63.jpg"},"nat":"NL"}],"info":{"seed":"966863059d520062","results":1,"page":1,"version":"1.4"}} 
 </msg>
<msg time="2024-04-13T17:09:16.783018" level="INFO">/opt/hostedtoolcache/Python/3.12.2/x64/lib/python3.12/site-packages/urllib3/connectionpool.py:1103: InsecureRequestWarning: Unverified HTTPS request is being made to host 'randomuser.me'. Adding certificate verification is strongly advised. See: https://urllib3.readthedocs.io/en/latest/advanced-usage.html#tls-warnings
  warnings.warn(</msg>
<msg time="2024-04-13T17:09:16.783138" level="INFO">${response} = &lt;Response [200]&gt;</msg>
<var>${response}</var>
<arg>consultarAPI</arg>
<arg>/api</arg>
<doc>Sends a GET request on a previously created HTTP Session.</doc>
<status status="PASS" start="2024-04-13T17:09:16.709533" elapsed="0.073653"/>
</kw>
<kw name="Set Variable" owner="BuiltIn">
<msg time="2024-04-13T17:09:16.784202" level="INFO">${json_data} = {'results': [{'gender': 'male', 'name': {'title': 'Mr', 'first': 'Gijsbert', 'last': 'Van Dorssen'}, 'location': {'street': {'number': 9323, 'name': 'Huurweerstraat'}, 'city': 'Rozendaal', 'state': 'G...</msg>
<var>${json_data}</var>
<arg>${response.json()}</arg>
<doc>Returns the given values which can then be assigned to a variables.</doc>
<status status="PASS" start="2024-04-13T17:09:16.783639" elapsed="0.000592"/>
</kw>
<kw name="Log" owner="BuiltIn">
<msg time="2024-04-13T17:09:16.784702" level="INFO">{'results': [{'gender': 'male', 'name': {'title': 'Mr', 'first': 'Gijsbert', 'last': 'Van Dorssen'}, 'location': {'street': {'number': 9323, 'name': 'Huurweerstraat'}, 'city': 'Rozendaal', 'state': 'Gelderland', 'country': 'Netherlands', 'postcode': '9287 DZ', 'coordinates': {'latitude': '35.4501', 'longitude': '-170.5900'}, 'timezone': {'offset': '+9:00', 'description': 'Tokyo, Seoul, Osaka, Sapporo, Yakutsk'}}, 'email': 'gijsbert.vandorssen@example.com', 'login': {'uuid': '5ceecb4c-bf09-46e3-945c-a79a1ffd662b', 'username': 'goldenpeacock679', 'password': 'crazybab', 'salt': 'R8aMy6ot', 'md5': '79378d3e0aa6c051811692eede6a1fbd', 'sha1': '46e2f0e3cd31b996e4632df4884202ff82924760', 'sha256': 'f191a3ef05254516c1c7bcbdc1894fcde27e54add307f3f127699d5b27839d80'}, 'dob': {'date': '1971-12-28T21:48:27.842Z', 'age': 52}, 'registered': {'date': '2014-03-15T16:41:48.718Z', 'age': 10}, 'phone': '(0848) 260000', 'cell': '(06) 52641071', 'id': {'name': 'BSN', 'value': '31049841'}, 'picture': {'large': 'https://randomuser.me/api/portraits/men/63.jpg', 'medium': 'https://randomuser.me/api/portraits/med/men/63.jpg', 'thumbnail': 'https://randomuser.me/api/portraits/thumb/men/63.jpg'}, 'nat': 'NL'}], 'info': {'seed': '966863059d520062', 'results': 1, 'page': 1, 'version': '1.4'}}</msg>
<arg>${json_data}</arg>
<doc>Logs the given message with the given level.</doc>
<status status="PASS" start="2024-04-13T17:09:16.784546" elapsed="0.000236"/>
</kw>
<kw name="Should Be String" owner="String">
<arg>${json_data['results'][0]['gender']}</arg>
<doc>Fails if the given ``item`` is not a string.</doc>
<status status="PASS" start="2024-04-13T17:09:16.785079" elapsed="0.000366"/>
</kw>
<kw name="Should Match Regexp" owner="BuiltIn">
<arg>${json_data['results'][0]['email']}</arg>
<arg>^[a-zA-Z0-9._%+-]+@[a-zA-Z0-9.-]+\.[a-zA-Z]{2,}$</arg>
<doc>Fails if ``string`` does not match ``pattern`` as a regular expression.</doc>
<status status="PASS" start="2024-04-13T17:09:16.785640" elapsed="0.000503"/>
</kw>
<kw name="Should Match Regexp" owner="BuiltIn">
<arg>${json_data['results'][0]['dob']['date']}</arg>
<arg>\\d{4}-\\d{2}-\\d{2}T\\d{2}:\\d{2}:\\d{2}\\.\\d{3}Z</arg>
<doc>Fails if ``string`` does not match ``pattern`` as a regular expression.</doc>
<status status="PASS" start="2024-04-13T17:09:16.786349" elapsed="0.000520"/>
</kw>
<kw name="Should Match Regexp" owner="BuiltIn">
<arg>${json_data['results'][0]['registered']['date']}</arg>
<arg>\\d{4}-\\d{2}-\\d{2}T\\d{2}:\\d{2}:\\d{2}\\.\\d{3}Z</arg>
<doc>Fails if ``string`` does not match ``pattern`` as a regular expression.</doc>
<status status="PASS" start="2024-04-13T17:09:16.787062" elapsed="0.000369"/>
</kw>
<kw name="Should Match Regexp" owner="BuiltIn">
<arg>${json_data['results'][0]['picture']['large']}</arg>
<arg>^https?://.*\.(?:png|jpe?g|gif|bmp)$</arg>
<doc>Fails if ``string`` does not match ``pattern`` as a regular expression.</doc>
<status status="PASS" start="2024-04-13T17:09:16.787617" elapsed="0.000452"/>
</kw>
<kw name="Should Match Regexp" owner="BuiltIn">
<arg>${json_data['results'][0]['picture']['medium']}</arg>
<arg>^https?://.*\.(?:png|jpe?g|gif|bmp)$</arg>
<doc>Fails if ``string`` does not match ``pattern`` as a regular expression.</doc>
<status status="PASS" start="2024-04-13T17:09:16.788257" elapsed="0.000347"/>
</kw>
<kw name="Should Match Regexp" owner="BuiltIn">
<arg>${json_data['results'][0]['picture']['thumbnail']}</arg>
<arg>^https?://.*\.(?:png|jpe?g|gif|bmp)$</arg>
<doc>Fails if ``string`` does not match ``pattern`` as a regular expression.</doc>
<status status="PASS" start="2024-04-13T17:09:16.788792" elapsed="0.000348"/>
</kw>
<kw name="Log" owner="BuiltIn">
<msg time="2024-04-13T17:09:16.789637" level="INFO">{'large': 'https://randomuser.me/api/portraits/men/63.jpg', 'medium': 'https://randomuser.me/api/portraits/med/men/63.jpg', 'thumbnail': 'https://randomuser.me/api/portraits/thumb/men/63.jpg'}</msg>
<arg>${json_data['results'][0]['picture']}</arg>
<doc>Logs the given message with the given level.</doc>
<status status="PASS" start="2024-04-13T17:09:16.789321" elapsed="0.000357"/>
</kw>
<status status="PASS" start="2024-04-13T17:09:16.709306" elapsed="0.080622"/>
</kw>
<kw name="Teste de Tipos de Dados - Postcode" owner="random-user-service">
<kw name="GET On Session" owner="RequestsLibrary">
<msg time="2024-04-13T17:09:16.881472" level="INFO">GET Request : url=https://randomuser.me/api 
 path_url=/api 
 headers={'User-Agent': 'python-requests/2.31.0', 'Accept-Encoding': 'gzip, deflate', 'Accept': '*/*', 'Connection': 'keep-alive'} 
 body=None 
 </msg>
<msg time="2024-04-13T17:09:16.881558" level="INFO">GET Response : url=https://randomuser.me/api 
 status=200, reason=OK 
 headers={'Date': 'Sat, 13 Apr 2024 17:09:16 GMT', 'Content-Type': 'application/json; charset=utf-8', 'Transfer-Encoding': 'chunked', 'Connection': 'keep-alive', 'X-Powered-By': 'Express', 'Access-Control-Allow-Origin': '*', 'Cache-Control': 'no-cache', 'ETag': 'W/"4aa-dmwJy8HGTft5WjDB6zQ8t9+amTw"', 'Vary': 'Accept-Encoding', 'Content-Encoding': 'gzip', 'CF-Cache-Status': 'DYNAMIC', 'Report-To': '{"endpoints":[{"url":"https:\\/\\/a.nel.cloudflare.com\\/report\\/v4?s=FfxmcrOeZVqt3peeIzNFmZ6j0weM2R1BSdgVnrXYNn%2BpHufRzXZimkd9LCSY%2BVTWWZFqtxm1fWimbMkc3kUP0IT2Hr%2B2J4SlPOy%2BpQW%2B%2FJLrsupC3NEN5If0kNAMyDoD"}],"group":"cf-nel","max_age":604800}', 'NEL': '{"success_fraction":0,"report_to":"cf-nel","max_age":604800}', 'Server': 'cloudflare', 'CF-RAY': '873d101bfbaf3b2c-IAD', 'alt-svc': 'h3=":443"; ma=86400'} 
 body={"results":[{"gender":"female","name":{"title":"Mademoiselle","first":"Myriam","last":"Menard"},"location":{"street":{"number":8473,"name":"Place de L'Église"},"city":"Titterten","state":"Fribourg","country":"Switzerland","postcode":3196,"coordinates":{"latitude":"-60.5495","longitude":"6.6954"},"timezone":{"offset":"+5:30","description":"Bombay, Calcutta, Madras, New Delhi"}},"email":"myriam.menard@example.com","login":{"uuid":"ba5bd3d3-dfdc-432d-b9ee-14cce73e69f6","username":"whitecat359","password":"trains","salt":"7YXoj2pK","md5":"3f326e36f4a78ee8e32ed0ae28590630","sha1":"8a8bf7ed729fbb6d43a0b14c17ddd21831a5ed9a","sha256":"2f824724d0ec48f873f747707d03110b3605f05afd57716f2f6b0a05163af837"},"dob":{"date":"1989-05-09T13:43:05.128Z","age":34},"registered":{"date":"2018-05-25T16:35:15.366Z","age":5},"phone":"079 369 35 98","cell":"076 270 64 93","id":{"name":"AVS","value":"756.6827.4107.69"},"picture":{"large":"https://randomuser.me/api/portraits/women/90.jpg","medium":"https://randomuser.me/api/portraits/med/women/90.jpg","thumbnail":"https://randomuser.me/api/portraits/thumb/women/90.jpg"},"nat":"CH"}],"info":{"seed":"bc0f82c791a23ae9","results":1,"page":1,"version":"1.4"}} 
 </msg>
<msg time="2024-04-13T17:09:16.881623" level="INFO">/opt/hostedtoolcache/Python/3.12.2/x64/lib/python3.12/site-packages/urllib3/connectionpool.py:1103: InsecureRequestWarning: Unverified HTTPS request is being made to host 'randomuser.me'. Adding certificate verification is strongly advised. See: https://urllib3.readthedocs.io/en/latest/advanced-usage.html#tls-warnings
  warnings.warn(</msg>
<msg time="2024-04-13T17:09:16.881729" level="INFO">${response} = &lt;Response [200]&gt;</msg>
<var>${response}</var>
<arg>consultarAPI</arg>
<arg>/api</arg>
<doc>Sends a GET request on a previously created HTTP Session.</doc>
<status status="PASS" start="2024-04-13T17:09:16.790372" elapsed="0.091407"/>
</kw>
<kw name="Set Variable" owner="BuiltIn">
<msg time="2024-04-13T17:09:16.882777" level="INFO">${json_data} = {'results': [{'gender': 'female', 'name': {'title': 'Mademoiselle', 'first': 'Myriam', 'last': 'Menard'}, 'location': {'street': {'number': 8473, 'name': "Place de L'Église"}, 'city': 'Titterten', 'st...</msg>
<var>${json_data}</var>
<arg>${response.json()}</arg>
<doc>Returns the given values which can then be assigned to a variables.</doc>
<status status="PASS" start="2024-04-13T17:09:16.882259" elapsed="0.000546"/>
</kw>
<kw name="Log" owner="BuiltIn">
<msg time="2024-04-13T17:09:16.883269" level="INFO">{'results': [{'gender': 'female', 'name': {'title': 'Mademoiselle', 'first': 'Myriam', 'last': 'Menard'}, 'location': {'street': {'number': 8473, 'name': "Place de L'Église"}, 'city': 'Titterten', 'state': 'Fribourg', 'country': 'Switzerland', 'postcode': 3196, 'coordinates': {'latitude': '-60.5495', 'longitude': '6.6954'}, 'timezone': {'offset': '+5:30', 'description': 'Bombay, Calcutta, Madras, New Delhi'}}, 'email': 'myriam.menard@example.com', 'login': {'uuid': 'ba5bd3d3-dfdc-432d-b9ee-14cce73e69f6', 'username': 'whitecat359', 'password': 'trains', 'salt': '7YXoj2pK', 'md5': '3f326e36f4a78ee8e32ed0ae28590630', 'sha1': '8a8bf7ed729fbb6d43a0b14c17ddd21831a5ed9a', 'sha256': '2f824724d0ec48f873f747707d03110b3605f05afd57716f2f6b0a05163af837'}, 'dob': {'date': '1989-05-09T13:43:05.128Z', 'age': 34}, 'registered': {'date': '2018-05-25T16:35:15.366Z', 'age': 5}, 'phone': '079 369 35 98', 'cell': '076 270 64 93', 'id': {'name': 'AVS', 'value': '756.6827.4107.69'}, 'picture': {'large': 'https://randomuser.me/api/portraits/women/90.jpg', 'medium': 'https://randomuser.me/api/portraits/med/women/90.jpg', 'thumbnail': 'https://randomuser.me/api/portraits/thumb/women/90.jpg'}, 'nat': 'CH'}], 'info': {'seed': 'bc0f82c791a23ae9', 'results': 1, 'page': 1, 'version': '1.4'}}</msg>
<arg>${json_data}</arg>
<doc>Logs the given message with the given level.</doc>
<status status="PASS" start="2024-04-13T17:09:16.883114" elapsed="0.000238"/>
</kw>
<kw name="Should Be Equal As Numbers" owner="BuiltIn">
<arg>${json_data['results'][0]['location']['postcode']}</arg>
<arg>${json_data['results'][0]['location']['postcode']}</arg>
<doc>Fails if objects are unequal after converting them to real numbers.</doc>
<status status="PASS" start="2024-04-13T17:09:16.883664" elapsed="0.000774"/>
</kw>
<kw name="Log" owner="BuiltIn">
<msg time="2024-04-13T17:09:16.884967" level="INFO">3196</msg>
<arg>${json_data['results'][0]['location']['postcode']}</arg>
<doc>Logs the given message with the given level.</doc>
<status status="PASS" start="2024-04-13T17:09:16.884633" elapsed="0.000374"/>
</kw>
<status status="PASS" start="2024-04-13T17:09:16.790143" elapsed="0.095118"/>
</kw>
<doc>Testa se os tipos de dados na resposta da API estão corretos.</doc>
<tag>testeTiposDados</tag>
<status status="PASS" start="2024-04-13T17:09:16.708862" elapsed="0.176571"/>
</test>
<test id="s1-s1-t5" name="Validar conteudo" line="35">
<kw name="Teste de Tipos de Conteudo" owner="random-user-service">
<kw name="GET On Session" owner="RequestsLibrary">
<msg time="2024-04-13T17:09:16.983769" level="INFO">GET Request : url=https://randomuser.me/api 
 path_url=/api 
 headers={'User-Agent': 'python-requests/2.31.0', 'Accept-Encoding': 'gzip, deflate', 'Accept': '*/*', 'Connection': 'keep-alive'} 
 body=None 
 </msg>
<msg time="2024-04-13T17:09:16.983864" level="INFO">GET Response : url=https://randomuser.me/api 
 status=200, reason=OK 
 headers={'Date': 'Sat, 13 Apr 2024 17:09:16 GMT', 'Content-Type': 'application/json; charset=utf-8', 'Transfer-Encoding': 'chunked', 'Connection': 'keep-alive', 'X-Powered-By': 'Express', 'Access-Control-Allow-Origin': '*', 'Cache-Control': 'no-cache', 'ETag': 'W/"4b4-/jzlKhWsJHicMndrJ555FRS8BJc"', 'Vary': 'Accept-Encoding', 'Content-Encoding': 'gzip', 'CF-Cache-Status': 'DYNAMIC', 'Report-To': '{"endpoints":[{"url":"https:\\/\\/a.nel.cloudflare.com\\/report\\/v4?s=e2P3u%2BK8Idr0DVoQ9lW%2BWhfkmjMBep1oq%2B245sq59HWAnVZuxJkFOXVEuWomkoCcnpuMw4AOMLrNbBDXPoW2H1mAdFbpHieN9JvEnpWNAbPTi7FqxI1cASA8h9zP%2FTsX"}],"group":"cf-nel","max_age":604800}', 'NEL': '{"success_fraction":0,"report_to":"cf-nel","max_age":604800}', 'Server': 'cloudflare', 'CF-RAY': '873d101c9c7c3b2c-IAD', 'alt-svc': 'h3=":443"; ma=86400'} 
 body={"results":[{"gender":"female","name":{"title":"Ms","first":"Luisa","last":"Gómez"},"location":{"street":{"number":9000,"name":"Calle del Barquillo"},"city":"Santa Cruz de Tenerife","state":"Región de Murcia","country":"Spain","postcode":54998,"coordinates":{"latitude":"-38.3434","longitude":"39.3614"},"timezone":{"offset":"0:00","description":"Western Europe Time, London, Lisbon, Casablanca"}},"email":"luisa.gomez@example.com","login":{"uuid":"85d7eccf-7174-4148-886f-fc3f1e4875aa","username":"whitewolf813","password":"happyday","salt":"eBqeqHFG","md5":"de515d7043b993a23f795e293feac841","sha1":"aa3c51c07825858d9464411f872efc8d89e29a3d","sha256":"7c19d707f3b09bb02726480d234342c9e0cbbc12ecf717ed6719789c447b1d5c"},"dob":{"date":"1958-03-17T18:03:28.091Z","age":66},"registered":{"date":"2021-07-11T13:37:12.609Z","age":2},"phone":"983-543-660","cell":"601-098-952","id":{"name":"DNI","value":"24110222-A"},"picture":{"large":"https://randomuser.me/api/portraits/women/10.jpg","medium":"https://randomuser.me/api/portraits/med/women/10.jpg","thumbnail":"https://randomuser.me/api/portraits/thumb/women/10.jpg"},"nat":"ES"}],"info":{"seed":"fd26c2cd160319e7","results":1,"page":1,"version":"1.4"}} 
 </msg>
<msg time="2024-04-13T17:09:16.983934" level="INFO">/opt/hostedtoolcache/Python/3.12.2/x64/lib/python3.12/site-packages/urllib3/connectionpool.py:1103: InsecureRequestWarning: Unverified HTTPS request is being made to host 'randomuser.me'. Adding certificate verification is strongly advised. See: https://urllib3.readthedocs.io/en/latest/advanced-usage.html#tls-warnings
  warnings.warn(</msg>
<msg time="2024-04-13T17:09:16.984052" level="INFO">${response} = &lt;Response [200]&gt;</msg>
<var>${response}</var>
<arg>consultarAPI</arg>
<arg>/api</arg>
<doc>Sends a GET request on a previously created HTTP Session.</doc>
<status status="PASS" start="2024-04-13T17:09:16.887903" elapsed="0.096190"/>
</kw>
<kw name="Set Variable" owner="BuiltIn">
<msg time="2024-04-13T17:09:16.985122" level="INFO">${json_data} = {'results': [{'gender': 'female', 'name': {'title': 'Ms', 'first': 'Luisa', 'last': 'Gómez'}, 'location': {'street': {'number': 9000, 'name': 'Calle del Barquillo'}, 'city': 'Santa Cruz de Tenerife', ...</msg>
<var>${json_data}</var>
<arg>${response.json()}</arg>
<doc>Returns the given values which can then be assigned to a variables.</doc>
<status status="PASS" start="2024-04-13T17:09:16.984613" elapsed="0.000538"/>
</kw>
<kw name="Set Variable" owner="BuiltIn">
<msg time="2024-04-13T17:09:16.985846" level="INFO">${name_title} = Ms</msg>
<var>${name_title}</var>
<arg>${json_data["results"][0]["name"]["title"]}</arg>
<doc>Returns the given values which can then be assigned to a variables.</doc>
<status status="PASS" start="2024-04-13T17:09:16.985457" elapsed="0.000414"/>
</kw>
<kw name="Create List" owner="BuiltIn">
<msg time="2024-04-13T17:09:16.986319" level="INFO">${allowed_titles} = ['Mr', 'Ms', 'Miss', 'Mrs', 'Madame', 'Monsieur']</msg>
<var>${allowed_titles}</var>
<arg>Mr</arg>
<arg>Ms</arg>
<arg>Miss</arg>
<arg>Mrs</arg>
<arg>Madame</arg>
<arg>Monsieur</arg>
<doc>Returns a list containing given items.</doc>
<status status="PASS" start="2024-04-13T17:09:16.986170" elapsed="0.000174"/>
</kw>
<kw name="List Should Contain Value" owner="Collections">
<msg time="2024-04-13T17:09:16.986858" level="INFO">False</msg>
<arg>${allowed_titles}</arg>
<arg>${name_title}</arg>
<doc>Fails if the ``value`` is not found from ``list``.</doc>
<status status="PASS" start="2024-04-13T17:09:16.986683" elapsed="0.000214"/>
</kw>
<kw name="Set Variable" owner="BuiltIn">
<msg time="2024-04-13T17:09:16.987572" level="INFO">${name_country} = ES</msg>
<var>${name_country}</var>
<arg>${json_data["results"][0]["nat"]}</arg>
<doc>Returns the given values which can then be assigned to a variables.</doc>
<status status="PASS" start="2024-04-13T17:09:16.987188" elapsed="0.000409"/>
</kw>
<kw name="Create List" owner="BuiltIn">
<msg time="2024-04-13T17:09:16.988499" level="INFO">${list_country} = ['AD', 'AE', 'AF', 'AG', 'AI', 'AL', 'AM', 'AO', 'AQ', 'AR', 'AS', 'AT', 'AU', 'AW', 'AX', 'AZ', 'BA', 'BB', 'BD', 'BE', 'BF', 'BG', 'BH', 'BI', 'BJ', 'BL', 'BM', 'BN', 'BO', 'BQ', 'BR', 'BS', 'BT', '...</msg>
<var>${list_country}</var>
<arg>AD</arg>
<arg>AE</arg>
<arg>AF</arg>
<arg>AG</arg>
<arg>AI</arg>
<arg>AL</arg>
<arg>AM</arg>
<arg>AO</arg>
<arg>AQ</arg>
<arg>AR</arg>
<arg>AS</arg>
<arg>AT</arg>
<arg>AU</arg>
<arg>AW</arg>
<arg>AX</arg>
<arg>AZ</arg>
<arg>BA</arg>
<arg>BB</arg>
<arg>BD</arg>
<arg>BE</arg>
<arg>BF</arg>
<arg>BG</arg>
<arg>BH</arg>
<arg>BI</arg>
<arg>BJ</arg>
<arg>BL</arg>
<arg>BM</arg>
<arg>BN</arg>
<arg>BO</arg>
<arg>BQ</arg>
<arg>BR</arg>
<arg>BS</arg>
<arg>BT</arg>
<arg>BV</arg>
<arg>BW</arg>
<arg>BY</arg>
<arg>BZ</arg>
<arg>CA</arg>
<arg>CC</arg>
<arg>CD</arg>
<arg>CF</arg>
<arg>CG</arg>
<arg>CH</arg>
<arg>CI</arg>
<arg>CK</arg>
<arg>CL</arg>
<arg>CM</arg>
<arg>CN</arg>
<arg>CO</arg>
<arg>CR</arg>
<arg>CU</arg>
<arg>CV</arg>
<arg>CW</arg>
<arg>CX</arg>
<arg>CY</arg>
<arg>CZ</arg>
<arg>DE</arg>
<arg>DJ</arg>
<arg>DK</arg>
<arg>DM</arg>
<arg>DO</arg>
<arg>DZ</arg>
<arg>EC</arg>
<arg>EE</arg>
<arg>EG</arg>
<arg>EH</arg>
<arg>ER</arg>
<arg>ES</arg>
<arg>ET</arg>
<arg>FI</arg>
<arg>FJ</arg>
<arg>FK</arg>
<arg>FM</arg>
<arg>FO</arg>
<arg>FR</arg>
<arg>GA</arg>
<arg>GB</arg>
<arg>GD</arg>
<arg>GE</arg>
<arg>GF</arg>
<arg>GG</arg>
<arg>GH</arg>
<arg>GI</arg>
<arg>GL</arg>
<arg>GM</arg>
<arg>GN</arg>
<arg>GP</arg>
<arg>GQ</arg>
<arg>GR</arg>
<arg>GS</arg>
<arg>GT</arg>
<arg>GU</arg>
<arg>GW</arg>
<arg>GY</arg>
<arg>HK</arg>
<arg>HM</arg>
<arg>HN</arg>
<arg>HR</arg>
<arg>HT</arg>
<arg>HU</arg>
<arg>ID</arg>
<arg>IE</arg>
<arg>IL</arg>
<arg>IM</arg>
<arg>IN</arg>
<arg>IO</arg>
<arg>IQ</arg>
<arg>IR</arg>
<arg>IS</arg>
<arg>IT</arg>
<arg>JE</arg>
<arg>JM</arg>
<arg>JO</arg>
<arg>JP</arg>
<arg>KE</arg>
<arg>KG</arg>
<arg>KH</arg>
<arg>KI</arg>
<arg>KM</arg>
<arg>KN</arg>
<arg>KP</arg>
<arg>KR</arg>
<arg>KW</arg>
<arg>KY</arg>
<arg>KZ</arg>
<arg>LA</arg>
<arg>LB</arg>
<arg>LC</arg>
<arg>LI</arg>
<arg>LK</arg>
<arg>LR</arg>
<arg>LS</arg>
<arg>LT</arg>
<arg>LU</arg>
<arg>LV</arg>
<arg>LY</arg>
<arg>MA</arg>
<arg>MC</arg>
<arg>MD</arg>
<arg>ME</arg>
<arg>MF</arg>
<arg>MG</arg>
<arg>MH</arg>
<arg>MK</arg>
<arg>ML</arg>
<arg>MM</arg>
<arg>MN</arg>
<arg>MO</arg>
<arg>MP</arg>
<arg>MQ</arg>
<arg>MR</arg>
<arg>MS</arg>
<arg>MT</arg>
<arg>MU</arg>
<arg>MV</arg>
<arg>MW</arg>
<arg>MX</arg>
<arg>MY</arg>
<arg>MZ</arg>
<arg>NA</arg>
<arg>NC</arg>
<arg>NE</arg>
<arg>NF</arg>
<arg>NG</arg>
<arg>NI</arg>
<arg>NL</arg>
<arg>NO</arg>
<arg>NP</arg>
<arg>NR</arg>
<arg>NU</arg>
<arg>NZ</arg>
<arg>OM</arg>
<arg>PA</arg>
<arg>PE</arg>
<arg>PF</arg>
<arg>PG</arg>
<arg>PH</arg>
<arg>PK</arg>
<arg>PL</arg>
<arg>PM</arg>
<arg>PN</arg>
<arg>PR</arg>
<arg>PS</arg>
<arg>PT</arg>
<arg>PW</arg>
<arg>PY</arg>
<arg>QA</arg>
<arg>RE</arg>
<arg>RO</arg>
<arg>RS</arg>
<arg>RU</arg>
<arg>RW</arg>
<arg>SA</arg>
<arg>SB</arg>
<arg>SC</arg>
<arg>SD</arg>
<arg>SE</arg>
<arg>SG</arg>
<arg>SH</arg>
<arg>SI</arg>
<arg>SJ</arg>
<arg>SK</arg>
<arg>SL</arg>
<arg>SM</arg>
<arg>SN</arg>
<arg>SO</arg>
<arg>SR</arg>
<arg>SS</arg>
<arg>ST</arg>
<arg>SV</arg>
<arg>SX</arg>
<arg>SY</arg>
<arg>SZ</arg>
<arg>TC</arg>
<arg>TD</arg>
<arg>TF</arg>
<arg>TG</arg>
<arg>TH</arg>
<arg>TJ</arg>
<arg>TK</arg>
<arg>TL</arg>
<arg>TM</arg>
<arg>TN</arg>
<arg>TO</arg>
<arg>TR</arg>
<arg>TT</arg>
<arg>TV</arg>
<arg>TW</arg>
<arg>TZ</arg>
<arg>UA</arg>
<arg>UG</arg>
<arg>UM</arg>
<arg>US</arg>
<arg>UY</arg>
<arg>UZ</arg>
<arg>VA</arg>
<arg>VC</arg>
<arg>VE</arg>
<arg>VG</arg>
<arg>VI</arg>
<arg>VN</arg>
<arg>VU</arg>
<arg>WF</arg>
<arg>WS</arg>
<arg>XK</arg>
<arg>YE</arg>
<arg>YT</arg>
<arg>ZA</arg>
<arg>ZM</arg>
<arg>ZW</arg>
<doc>Returns a list containing given items.</doc>
<status status="PASS" start="2024-04-13T17:09:16.987897" elapsed="0.000628"/>
</kw>
<kw name="List Should Contain Value" owner="Collections">
<msg time="2024-04-13T17:09:16.989503" level="INFO">False</msg>
<arg>${list_country}</arg>
<arg>${name_country}</arg>
<doc>Fails if the ``value`` is not found from ``list``.</doc>
<status status="PASS" start="2024-04-13T17:09:16.989305" elapsed="0.000235"/>
</kw>
<kw name="Run Keyword If" owner="BuiltIn">
<kw name="Should Be True" owner="BuiltIn">
<arg>${True}</arg>
<doc>Fails if the given condition is not true.</doc>
<status status="PASS" start="2024-04-13T17:09:16.990635" elapsed="0.000145"/>
</kw>
<arg>${json_data["results"][0]["location"]["coordinates"]["latitude"]} &gt;= -90 and ${json_data["results"][0]["location"]["coordinates"]["latitude"]} &lt;= 90</arg>
<arg>Should Be True</arg>
<arg>${True}</arg>
<doc>Runs the given keyword with the given arguments, if ``condition`` is true.</doc>
<status status="PASS" start="2024-04-13T17:09:16.989850" elapsed="0.001056"/>
</kw>
<kw name="Run Keyword If" owner="BuiltIn">
<kw name="Should Be True" owner="BuiltIn">
<arg>${True}</arg>
<doc>Fails if the given condition is not true.</doc>
<status status="PASS" start="2024-04-13T17:09:16.991781" elapsed="0.000250"/>
</kw>
<arg>${json_data["results"][0]["location"]["coordinates"]["longitude"]} &gt;= -180 and ${json_data["results"][0]["location"]["coordinates"]["longitude"]} &lt;= 180</arg>
<arg>Should Be True</arg>
<arg>${True}</arg>
<doc>Runs the given keyword with the given arguments, if ``condition`` is true.</doc>
<status status="PASS" start="2024-04-13T17:09:16.991097" elapsed="0.001063"/>
</kw>
<status status="PASS" start="2024-04-13T17:09:16.887679" elapsed="0.104615"/>
</kw>
<doc>Testa o conteúdo específico dos campos retornados pela API.</doc>
<tag>testeConteudo</tag>
<status status="PASS" start="2024-04-13T17:09:16.887223" elapsed="0.105227"/>
</test>
<status status="PASS" start="2024-04-13T17:09:16.170474" elapsed="0.823881"/>
</suite>
<status status="PASS" start="2024-04-13T17:09:16.156767" elapsed="0.842900"/>
</suite>
<statistics>
<total>
<stat pass="5" fail="0" skip="0">All Tests</stat>
</total>
<tag>
<stat pass="1" fail="0" skip="0">testeConteudo</stat>
<stat pass="1" fail="0" skip="0">testeEstruturaResposta</stat>
<stat pass="1" fail="0" skip="0">testeRequisicaoBasica</stat>
<stat pass="1" fail="0" skip="0">testeTiposDados</stat>
</tag>
<suite>
<stat pass="5" fail="0" skip="0" id="s1" name="Tests">Tests</stat>
<stat pass="5" fail="0" skip="0" id="s1-s1" name="Random-User-Test">Tests.Random-User-Test</stat>
</suite>
</statistics>
<errors>
</errors>
</robot>
