<?xml version="1.0" encoding="UTF-8"?>
<robot generator="Robot 7.0 (Python 3.12.3 on linux)" generated="2024-05-11T05:13:45.262030" rpa="false" schemaversion="5">
<suite id="s1" name="Tests" source="/home/runner/work/DesafioQAItauRogerioJordao/DesafioQAItauRogerioJordao/RamdonUser/tests">
<suite id="s1-s1" name="Random-User-Test" source="/home/runner/work/DesafioQAItauRogerioJordao/DesafioQAItauRogerioJordao/RamdonUser/tests/random-user-test.robot">
<test id="s1-s1-t1" name="Conectar" line="13">
<kw name="Conectar API" owner="random-user-service">
<kw name="Create Session" owner="RequestsLibrary">
<msg time="2024-05-11T05:13:45.657988" level="INFO">Creating Session using : alias=consultarAPI, url=https://randomuser.me/, headers={},                     cookies={}, auth=None, timeout=None, proxies=None, verify=False,                     debug=0 </msg>
<arg>consultarAPI</arg>
<arg>${URL}</arg>
<doc>Create Session: create a HTTP session to a server</doc>
<status status="PASS" start="2024-05-11T05:13:45.657783" elapsed="0.000393"/>
</kw>
<status status="PASS" start="2024-05-11T05:13:45.656787" elapsed="0.001760"/>
</kw>
<status status="PASS" start="2024-05-11T05:13:45.656148" elapsed="0.002593"/>
</test>
<test id="s1-s1-t2" name="Validar retorno 200 e JSON Válido" line="16">
<kw name="Teste de Requisicao Basica" owner="random-user-service">
<kw name="GET On Session" owner="RequestsLibrary">
<msg time="2024-05-11T05:13:45.859632" level="INFO">GET Request : url=https://randomuser.me/api 
 path_url=/api 
 headers={'User-Agent': 'python-requests/2.31.0', 'Accept-Encoding': 'gzip, deflate', 'Accept': '*/*', 'Connection': 'keep-alive'} 
 body=None 
 </msg>
<msg time="2024-05-11T05:13:45.859801" level="INFO">GET Response : url=https://randomuser.me/api 
 status=200, reason=OK 
 headers={'Date': 'Sat, 11 May 2024 05:13:45 GMT', 'Content-Type': 'application/json; charset=utf-8', 'Transfer-Encoding': 'chunked', 'Connection': 'keep-alive', 'X-Powered-By': 'Express', 'Access-Control-Allow-Origin': '*', 'Cache-Control': 'no-cache', 'ETag': 'W/"4ae-97Na+Pmf2qEuKT48IttTgUQPIo8"', 'Vary': 'Accept-Encoding', 'Content-Encoding': 'gzip', 'CF-Cache-Status': 'DYNAMIC', 'Report-To': '{"endpoints":[{"url":"https:\\/\\/a.nel.cloudflare.com\\/report\\/v4?s=xQNIS%2BPqAhLuDpelro0Dw%2F%2Bgj8kF1NUwZm8pG29MVNBDESP4w21c0dUZcoNQd%2FaYkE4OlIo1P4GVW%2BEpDieqmYLARpsg6SDCYDf%2F5LPsJUFlznSzfzx0Sq9SAfzKMEag"}],"group":"cf-nel","max_age":604800}', 'NEL': '{"success_fraction":0,"report_to":"cf-nel","max_age":604800}', 'Server': 'cloudflare', 'CF-RAY': '881fae7d6965081b-IAD', 'alt-svc': 'h3=":443"; ma=86400'} 
 body={"results":[{"gender":"female","name":{"title":"Miss","first":"Enola","last":"Renard"},"location":{"street":{"number":4225,"name":"Rue des Ecrivains"},"city":"Colombes","state":"Finistère","country":"France","postcode":71533,"coordinates":{"latitude":"-15.2083","longitude":"138.2441"},"timezone":{"offset":"0:00","description":"Western Europe Time, London, Lisbon, Casablanca"}},"email":"enola.renard@example.com","login":{"uuid":"5d376b44-aacc-4ecc-b5ba-5841676d27e4","username":"redgoose555","password":"ramona","salt":"PYU5UXnv","md5":"ffbdccdf7c887f0303ecf138ffe77e28","sha1":"070834b9a62affc2fd9bb9b49dbda44e70dc2375","sha256":"dbb403a68e65e0cd888ae6cdcd5d34d591f8c4f22419d469108fa10c6e3dcca8"},"dob":{"date":"1960-10-07T21:50:31.549Z","age":63},"registered":{"date":"2003-09-13T04:05:32.662Z","age":20},"phone":"03-38-14-92-14","cell":"06-55-24-31-68","id":{"name":"INSEE","value":"2600984405547 84"},"picture":{"large":"https://randomuser.me/api/portraits/women/38.jpg","medium":"https://randomuser.me/api/portraits/med/women/38.jpg","thumbnail":"https://randomuser.me/api/portraits/thumb/women/38.jpg"},"nat":"FR"}],"info":{"seed":"cb916b2de3d015eb","results":1,"page":1,"version":"1.4"}} 
 </msg>
<msg time="2024-05-11T05:13:45.859902" level="INFO">/opt/hostedtoolcache/Python/3.12.3/x64/lib/python3.12/site-packages/urllib3/connectionpool.py:1103: InsecureRequestWarning: Unverified HTTPS request is being made to host 'randomuser.me'. Adding certificate verification is strongly advised. See: https://urllib3.readthedocs.io/en/latest/advanced-usage.html#tls-warnings
  warnings.warn(</msg>
<msg time="2024-05-11T05:13:45.860085" level="INFO">${response} = &lt;Response [200]&gt;</msg>
<var>${response}</var>
<arg>consultarAPI</arg>
<arg>/api</arg>
<doc>Sends a GET request on a previously created HTTP Session.</doc>
<status status="PASS" start="2024-05-11T05:13:45.661621" elapsed="0.198507"/>
</kw>
<kw name="Should Be Equal As Numbers" owner="BuiltIn">
<msg time="2024-05-11T05:13:45.861147" level="INFO">Argument types are:
&lt;class 'int'&gt;
&lt;class 'str'&gt;</msg>
<arg>${response.status_code}</arg>
<arg>200</arg>
<doc>Fails if objects are unequal after converting them to real numbers.</doc>
<status status="PASS" start="2024-05-11T05:13:45.860660" elapsed="0.000557"/>
</kw>
<kw name="Log" owner="BuiltIn">
<msg time="2024-05-11T05:13:45.862004" level="INFO">200</msg>
<arg>${response.status_code}</arg>
<doc>Logs the given message with the given level.</doc>
<status status="PASS" start="2024-05-11T05:13:45.861624" elapsed="0.000424"/>
</kw>
<kw name="Set Variable" owner="BuiltIn">
<msg time="2024-05-11T05:13:45.862838" level="INFO">${json_data} = {'results': [{'gender': 'female', 'name': {'title': 'Miss', 'first': 'Enola', 'last': 'Renard'}, 'location': {'street': {'number': 4225, 'name': 'Rue des Ecrivains'}, 'city': 'Colombes', 'state': 'Fin...</msg>
<var>${json_data}</var>
<arg>${response.json()}</arg>
<doc>Returns the given values which can then be assigned to a variables.</doc>
<status status="PASS" start="2024-05-11T05:13:45.862376" elapsed="0.000490"/>
</kw>
<kw name="Dictionary Should Contain Key" owner="Collections">
<msg time="2024-05-11T05:13:45.863352" level="INFO">False</msg>
<arg>${json_data}</arg>
<arg>results</arg>
<doc>Fails if ``key`` is not found from ``dictionary``.</doc>
<status status="PASS" start="2024-05-11T05:13:45.863176" elapsed="0.000217"/>
</kw>
<status status="PASS" start="2024-05-11T05:13:45.661368" elapsed="0.202325"/>
</kw>
<doc>Testa se a API responde corretamente e retorna um objeto JSON válido.</doc>
<tag>testeRequisicaoBasica</tag>
<status status="PASS" start="2024-05-11T05:13:45.660783" elapsed="0.203102"/>
</test>
<test id="s1-s1-t3" name="Validar estrutura de resposta" line="22">
<kw name="Teste de Estrutura de Resposta" owner="random-user-service">
<kw name="GET On Session" owner="RequestsLibrary">
<msg time="2024-05-11T05:13:45.966609" level="INFO">GET Request : url=https://randomuser.me/api 
 path_url=/api 
 headers={'User-Agent': 'python-requests/2.31.0', 'Accept-Encoding': 'gzip, deflate', 'Accept': '*/*', 'Connection': 'keep-alive'} 
 body=None 
 </msg>
<msg time="2024-05-11T05:13:45.966713" level="INFO">GET Response : url=https://randomuser.me/api 
 status=200, reason=OK 
 headers={'Date': 'Sat, 11 May 2024 05:13:45 GMT', 'Content-Type': 'application/json; charset=utf-8', 'Transfer-Encoding': 'chunked', 'Connection': 'keep-alive', 'X-Powered-By': 'Express', 'Access-Control-Allow-Origin': '*', 'Cache-Control': 'no-cache', 'ETag': 'W/"47a-v1SQPLXZYevyyYhwk6ZY9sWf+hY"', 'Vary': 'Accept-Encoding', 'Content-Encoding': 'gzip', 'CF-Cache-Status': 'DYNAMIC', 'Report-To': '{"endpoints":[{"url":"https:\\/\\/a.nel.cloudflare.com\\/report\\/v4?s=fh%2FMHEyhCUolQdmGTQqIW3olZ4XOSifgGdcgOW0R7F%2FUtdWb2rFb03JaTsLLDfJrcrw%2BhXQDtiqYPCP6PcjNZyFX%2BH9wd8P%2BQuVbfMnLs1q%2Fb4nPKpsshoSOazDByoT%2B"}],"group":"cf-nel","max_age":604800}', 'NEL': '{"success_fraction":0,"report_to":"cf-nel","max_age":604800}', 'Server': 'cloudflare', 'CF-RAY': '881fae7da9a5081b-IAD', 'alt-svc': 'h3=":443"; ma=86400'} 
 body={"results":[{"gender":"female","name":{"title":"Mrs","first":"Eden","last":"Li"},"location":{"street":{"number":774,"name":"Pakowhai Road"},"city":"Upper Hutt","state":"Waikato","country":"New Zealand","postcode":40198,"coordinates":{"latitude":"55.5738","longitude":"12.6164"},"timezone":{"offset":"+2:00","description":"Kaliningrad, South Africa"}},"email":"eden.li@example.com","login":{"uuid":"37881add-52e7-44b8-b189-e1f13020f96a","username":"orangewolf190","password":"keenan","salt":"j4DtSHEh","md5":"b59a0730d0d1b228086290febdef2835","sha1":"15d9d28ba5c0139417e02061b5c09354393a4894","sha256":"2fe17e1a20c2e022256943752073f3474d37892b514283b63f62617990746b0a"},"dob":{"date":"2001-03-02T21:23:37.328Z","age":23},"registered":{"date":"2003-08-28T07:17:52.886Z","age":20},"phone":"(010)-964-6275","cell":"(363)-401-6589","id":{"name":"","value":null},"picture":{"large":"https://randomuser.me/api/portraits/women/23.jpg","medium":"https://randomuser.me/api/portraits/med/women/23.jpg","thumbnail":"https://randomuser.me/api/portraits/thumb/women/23.jpg"},"nat":"NZ"}],"info":{"seed":"f7a439f2ff6c1db2","results":1,"page":1,"version":"1.4"}} 
 </msg>
<msg time="2024-05-11T05:13:45.966839" level="INFO">/opt/hostedtoolcache/Python/3.12.3/x64/lib/python3.12/site-packages/urllib3/connectionpool.py:1103: InsecureRequestWarning: Unverified HTTPS request is being made to host 'randomuser.me'. Adding certificate verification is strongly advised. See: https://urllib3.readthedocs.io/en/latest/advanced-usage.html#tls-warnings
  warnings.warn(</msg>
<msg time="2024-05-11T05:13:45.966988" level="INFO">${response} = &lt;Response [200]&gt;</msg>
<var>${response}</var>
<arg>consultarAPI</arg>
<arg>/api</arg>
<doc>Sends a GET request on a previously created HTTP Session.</doc>
<status status="PASS" start="2024-05-11T05:13:45.866530" elapsed="0.100499"/>
</kw>
<kw name="Set Variable" owner="BuiltIn">
<msg time="2024-05-11T05:13:45.968124" level="INFO">${json_data} = {'results': [{'gender': 'female', 'name': {'title': 'Mrs', 'first': 'Eden', 'last': 'Li'}, 'location': {'street': {'number': 774, 'name': 'Pakowhai Road'}, 'city': 'Upper Hutt', 'state': 'Waikato', 'c...</msg>
<var>${json_data}</var>
<arg>${response.json()}</arg>
<doc>Returns the given values which can then be assigned to a variables.</doc>
<status status="PASS" start="2024-05-11T05:13:45.967582" elapsed="0.000571"/>
</kw>
<kw name="Log" owner="BuiltIn">
<msg time="2024-05-11T05:13:45.968629" level="INFO">{'results': [{'gender': 'female', 'name': {'title': 'Mrs', 'first': 'Eden', 'last': 'Li'}, 'location': {'street': {'number': 774, 'name': 'Pakowhai Road'}, 'city': 'Upper Hutt', 'state': 'Waikato', 'country': 'New Zealand', 'postcode': 40198, 'coordinates': {'latitude': '55.5738', 'longitude': '12.6164'}, 'timezone': {'offset': '+2:00', 'description': 'Kaliningrad, South Africa'}}, 'email': 'eden.li@example.com', 'login': {'uuid': '37881add-52e7-44b8-b189-e1f13020f96a', 'username': 'orangewolf190', 'password': 'keenan', 'salt': 'j4DtSHEh', 'md5': 'b59a0730d0d1b228086290febdef2835', 'sha1': '15d9d28ba5c0139417e02061b5c09354393a4894', 'sha256': '2fe17e1a20c2e022256943752073f3474d37892b514283b63f62617990746b0a'}, 'dob': {'date': '2001-03-02T21:23:37.328Z', 'age': 23}, 'registered': {'date': '2003-08-28T07:17:52.886Z', 'age': 20}, 'phone': '(010)-964-6275', 'cell': '(363)-401-6589', 'id': {'name': '', 'value': None}, 'picture': {'large': 'https://randomuser.me/api/portraits/women/23.jpg', 'medium': 'https://randomuser.me/api/portraits/med/women/23.jpg', 'thumbnail': 'https://randomuser.me/api/portraits/thumb/women/23.jpg'}, 'nat': 'NZ'}], 'info': {'seed': 'f7a439f2ff6c1db2', 'results': 1, 'page': 1, 'version': '1.4'}}</msg>
<arg>${json_data}</arg>
<doc>Logs the given message with the given level.</doc>
<status status="PASS" start="2024-05-11T05:13:45.968470" elapsed="0.000206"/>
</kw>
<kw name="Dictionary Should Contain Key" owner="Collections">
<msg time="2024-05-11T05:13:45.969123" level="INFO">False</msg>
<arg>${json_data}</arg>
<arg>results</arg>
<doc>Fails if ``key`` is not found from ``dictionary``.</doc>
<status status="PASS" start="2024-05-11T05:13:45.968965" elapsed="0.000194"/>
</kw>
<kw name="Should Not Be Empty" owner="BuiltIn">
<msg time="2024-05-11T05:13:45.969587" level="INFO">Length is 2.</msg>
<arg>${json_data}</arg>
<doc>Verifies that the given item is not empty.</doc>
<status status="PASS" start="2024-05-11T05:13:45.969458" elapsed="0.000334"/>
</kw>
<kw name="Create List" owner="BuiltIn">
<msg time="2024-05-11T05:13:45.970236" level="INFO">${expected_keys} = ['gender', 'name', 'location', 'email', 'login']</msg>
<var>${expected_keys}</var>
<arg>gender</arg>
<arg>name</arg>
<arg>location</arg>
<arg>email</arg>
<arg>login</arg>
<doc>Returns a list containing given items.</doc>
<status status="PASS" start="2024-05-11T05:13:45.970084" elapsed="0.000176"/>
</kw>
<for flavor="IN">
<iter>
<kw name="Dictionary Should Contain Key" owner="Collections">
<msg time="2024-05-11T05:13:45.971245" level="INFO">False</msg>
<arg>${json_data['results'][0]}</arg>
<arg>${key}</arg>
<doc>Fails if ``key`` is not found from ``dictionary``.</doc>
<status status="PASS" start="2024-05-11T05:13:45.970844" elapsed="0.000437"/>
</kw>
<kw name="Log" owner="BuiltIn">
<msg time="2024-05-11T05:13:45.971967" level="INFO">{'gender': 'female', 'name': {'title': 'Mrs', 'first': 'Eden', 'last': 'Li'}, 'location': {'street': {'number': 774, 'name': 'Pakowhai Road'}, 'city': 'Upper Hutt', 'state': 'Waikato', 'country': 'New Zealand', 'postcode': 40198, 'coordinates': {'latitude': '55.5738', 'longitude': '12.6164'}, 'timezone': {'offset': '+2:00', 'description': 'Kaliningrad, South Africa'}}, 'email': 'eden.li@example.com', 'login': {'uuid': '37881add-52e7-44b8-b189-e1f13020f96a', 'username': 'orangewolf190', 'password': 'keenan', 'salt': 'j4DtSHEh', 'md5': 'b59a0730d0d1b228086290febdef2835', 'sha1': '15d9d28ba5c0139417e02061b5c09354393a4894', 'sha256': '2fe17e1a20c2e022256943752073f3474d37892b514283b63f62617990746b0a'}, 'dob': {'date': '2001-03-02T21:23:37.328Z', 'age': 23}, 'registered': {'date': '2003-08-28T07:17:52.886Z', 'age': 20}, 'phone': '(010)-964-6275', 'cell': '(363)-401-6589', 'id': {'name': '', 'value': None}, 'picture': {'large': 'https://randomuser.me/api/portraits/women/23.jpg', 'medium': 'https://randomuser.me/api/portraits/med/women/23.jpg', 'thumbnail': 'https://randomuser.me/api/portraits/thumb/women/23.jpg'}, 'nat': 'NZ'}</msg>
<arg>${json_data['results'][0]}</arg>
<doc>Logs the given message with the given level.</doc>
<status status="PASS" start="2024-05-11T05:13:45.971607" elapsed="0.000406"/>
</kw>
<kw name="Log" owner="BuiltIn">
<msg time="2024-05-11T05:13:45.972434" level="INFO">gender</msg>
<arg>${key}</arg>
<doc>Logs the given message with the given level.</doc>
<status status="PASS" start="2024-05-11T05:13:45.972308" elapsed="0.000162"/>
</kw>
<var name="${key}">gender</var>
<status status="PASS" start="2024-05-11T05:13:45.970715" elapsed="0.001964"/>
</iter>
<iter>
<kw name="Dictionary Should Contain Key" owner="Collections">
<msg time="2024-05-11T05:13:45.973351" level="INFO">False</msg>
<arg>${json_data['results'][0]}</arg>
<arg>${key}</arg>
<doc>Fails if ``key`` is not found from ``dictionary``.</doc>
<status status="PASS" start="2024-05-11T05:13:45.972974" elapsed="0.000413"/>
</kw>
<kw name="Log" owner="BuiltIn">
<msg time="2024-05-11T05:13:45.974071" level="INFO">{'gender': 'female', 'name': {'title': 'Mrs', 'first': 'Eden', 'last': 'Li'}, 'location': {'street': {'number': 774, 'name': 'Pakowhai Road'}, 'city': 'Upper Hutt', 'state': 'Waikato', 'country': 'New Zealand', 'postcode': 40198, 'coordinates': {'latitude': '55.5738', 'longitude': '12.6164'}, 'timezone': {'offset': '+2:00', 'description': 'Kaliningrad, South Africa'}}, 'email': 'eden.li@example.com', 'login': {'uuid': '37881add-52e7-44b8-b189-e1f13020f96a', 'username': 'orangewolf190', 'password': 'keenan', 'salt': 'j4DtSHEh', 'md5': 'b59a0730d0d1b228086290febdef2835', 'sha1': '15d9d28ba5c0139417e02061b5c09354393a4894', 'sha256': '2fe17e1a20c2e022256943752073f3474d37892b514283b63f62617990746b0a'}, 'dob': {'date': '2001-03-02T21:23:37.328Z', 'age': 23}, 'registered': {'date': '2003-08-28T07:17:52.886Z', 'age': 20}, 'phone': '(010)-964-6275', 'cell': '(363)-401-6589', 'id': {'name': '', 'value': None}, 'picture': {'large': 'https://randomuser.me/api/portraits/women/23.jpg', 'medium': 'https://randomuser.me/api/portraits/med/women/23.jpg', 'thumbnail': 'https://randomuser.me/api/portraits/thumb/women/23.jpg'}, 'nat': 'NZ'}</msg>
<arg>${json_data['results'][0]}</arg>
<doc>Logs the given message with the given level.</doc>
<status status="PASS" start="2024-05-11T05:13:45.973708" elapsed="0.000409"/>
</kw>
<kw name="Log" owner="BuiltIn">
<msg time="2024-05-11T05:13:45.974525" level="INFO">name</msg>
<arg>${key}</arg>
<doc>Logs the given message with the given level.</doc>
<status status="PASS" start="2024-05-11T05:13:45.974403" elapsed="0.000157"/>
</kw>
<var name="${key}">name</var>
<status status="PASS" start="2024-05-11T05:13:45.972861" elapsed="0.001907"/>
</iter>
<iter>
<kw name="Dictionary Should Contain Key" owner="Collections">
<msg time="2024-05-11T05:13:45.975429" level="INFO">False</msg>
<arg>${json_data['results'][0]}</arg>
<arg>${key}</arg>
<doc>Fails if ``key`` is not found from ``dictionary``.</doc>
<status status="PASS" start="2024-05-11T05:13:45.975052" elapsed="0.000441"/>
</kw>
<kw name="Log" owner="BuiltIn">
<msg time="2024-05-11T05:13:45.976147" level="INFO">{'gender': 'female', 'name': {'title': 'Mrs', 'first': 'Eden', 'last': 'Li'}, 'location': {'street': {'number': 774, 'name': 'Pakowhai Road'}, 'city': 'Upper Hutt', 'state': 'Waikato', 'country': 'New Zealand', 'postcode': 40198, 'coordinates': {'latitude': '55.5738', 'longitude': '12.6164'}, 'timezone': {'offset': '+2:00', 'description': 'Kaliningrad, South Africa'}}, 'email': 'eden.li@example.com', 'login': {'uuid': '37881add-52e7-44b8-b189-e1f13020f96a', 'username': 'orangewolf190', 'password': 'keenan', 'salt': 'j4DtSHEh', 'md5': 'b59a0730d0d1b228086290febdef2835', 'sha1': '15d9d28ba5c0139417e02061b5c09354393a4894', 'sha256': '2fe17e1a20c2e022256943752073f3474d37892b514283b63f62617990746b0a'}, 'dob': {'date': '2001-03-02T21:23:37.328Z', 'age': 23}, 'registered': {'date': '2003-08-28T07:17:52.886Z', 'age': 20}, 'phone': '(010)-964-6275', 'cell': '(363)-401-6589', 'id': {'name': '', 'value': None}, 'picture': {'large': 'https://randomuser.me/api/portraits/women/23.jpg', 'medium': 'https://randomuser.me/api/portraits/med/women/23.jpg', 'thumbnail': 'https://randomuser.me/api/portraits/thumb/women/23.jpg'}, 'nat': 'NZ'}</msg>
<arg>${json_data['results'][0]}</arg>
<doc>Logs the given message with the given level.</doc>
<status status="PASS" start="2024-05-11T05:13:45.975794" elapsed="0.000399"/>
</kw>
<kw name="Log" owner="BuiltIn">
<msg time="2024-05-11T05:13:45.976603" level="INFO">location</msg>
<arg>${key}</arg>
<doc>Logs the given message with the given level.</doc>
<status status="PASS" start="2024-05-11T05:13:45.976481" elapsed="0.000159"/>
</kw>
<var name="${key}">location</var>
<status status="PASS" start="2024-05-11T05:13:45.974942" elapsed="0.001905"/>
</iter>
<iter>
<kw name="Dictionary Should Contain Key" owner="Collections">
<msg time="2024-05-11T05:13:45.977502" level="INFO">False</msg>
<arg>${json_data['results'][0]}</arg>
<arg>${key}</arg>
<doc>Fails if ``key`` is not found from ``dictionary``.</doc>
<status status="PASS" start="2024-05-11T05:13:45.977124" elapsed="0.000414"/>
</kw>
<kw name="Log" owner="BuiltIn">
<msg time="2024-05-11T05:13:45.978179" level="INFO">{'gender': 'female', 'name': {'title': 'Mrs', 'first': 'Eden', 'last': 'Li'}, 'location': {'street': {'number': 774, 'name': 'Pakowhai Road'}, 'city': 'Upper Hutt', 'state': 'Waikato', 'country': 'New Zealand', 'postcode': 40198, 'coordinates': {'latitude': '55.5738', 'longitude': '12.6164'}, 'timezone': {'offset': '+2:00', 'description': 'Kaliningrad, South Africa'}}, 'email': 'eden.li@example.com', 'login': {'uuid': '37881add-52e7-44b8-b189-e1f13020f96a', 'username': 'orangewolf190', 'password': 'keenan', 'salt': 'j4DtSHEh', 'md5': 'b59a0730d0d1b228086290febdef2835', 'sha1': '15d9d28ba5c0139417e02061b5c09354393a4894', 'sha256': '2fe17e1a20c2e022256943752073f3474d37892b514283b63f62617990746b0a'}, 'dob': {'date': '2001-03-02T21:23:37.328Z', 'age': 23}, 'registered': {'date': '2003-08-28T07:17:52.886Z', 'age': 20}, 'phone': '(010)-964-6275', 'cell': '(363)-401-6589', 'id': {'name': '', 'value': None}, 'picture': {'large': 'https://randomuser.me/api/portraits/women/23.jpg', 'medium': 'https://randomuser.me/api/portraits/med/women/23.jpg', 'thumbnail': 'https://randomuser.me/api/portraits/thumb/women/23.jpg'}, 'nat': 'NZ'}</msg>
<arg>${json_data['results'][0]}</arg>
<doc>Logs the given message with the given level.</doc>
<status status="PASS" start="2024-05-11T05:13:45.977829" elapsed="0.000395"/>
</kw>
<kw name="Log" owner="BuiltIn">
<msg time="2024-05-11T05:13:45.978635" level="INFO">email</msg>
<arg>${key}</arg>
<doc>Logs the given message with the given level.</doc>
<status status="PASS" start="2024-05-11T05:13:45.978512" elapsed="0.000160"/>
</kw>
<var name="${key}">email</var>
<status status="PASS" start="2024-05-11T05:13:45.977015" elapsed="0.001865"/>
</iter>
<iter>
<kw name="Dictionary Should Contain Key" owner="Collections">
<msg time="2024-05-11T05:13:45.979572" level="INFO">False</msg>
<arg>${json_data['results'][0]}</arg>
<arg>${key}</arg>
<doc>Fails if ``key`` is not found from ``dictionary``.</doc>
<status status="PASS" start="2024-05-11T05:13:45.979157" elapsed="0.000452"/>
</kw>
<kw name="Log" owner="BuiltIn">
<msg time="2024-05-11T05:13:45.980258" level="INFO">{'gender': 'female', 'name': {'title': 'Mrs', 'first': 'Eden', 'last': 'Li'}, 'location': {'street': {'number': 774, 'name': 'Pakowhai Road'}, 'city': 'Upper Hutt', 'state': 'Waikato', 'country': 'New Zealand', 'postcode': 40198, 'coordinates': {'latitude': '55.5738', 'longitude': '12.6164'}, 'timezone': {'offset': '+2:00', 'description': 'Kaliningrad, South Africa'}}, 'email': 'eden.li@example.com', 'login': {'uuid': '37881add-52e7-44b8-b189-e1f13020f96a', 'username': 'orangewolf190', 'password': 'keenan', 'salt': 'j4DtSHEh', 'md5': 'b59a0730d0d1b228086290febdef2835', 'sha1': '15d9d28ba5c0139417e02061b5c09354393a4894', 'sha256': '2fe17e1a20c2e022256943752073f3474d37892b514283b63f62617990746b0a'}, 'dob': {'date': '2001-03-02T21:23:37.328Z', 'age': 23}, 'registered': {'date': '2003-08-28T07:17:52.886Z', 'age': 20}, 'phone': '(010)-964-6275', 'cell': '(363)-401-6589', 'id': {'name': '', 'value': None}, 'picture': {'large': 'https://randomuser.me/api/portraits/women/23.jpg', 'medium': 'https://randomuser.me/api/portraits/med/women/23.jpg', 'thumbnail': 'https://randomuser.me/api/portraits/thumb/women/23.jpg'}, 'nat': 'NZ'}</msg>
<arg>${json_data['results'][0]}</arg>
<doc>Logs the given message with the given level.</doc>
<status status="PASS" start="2024-05-11T05:13:45.979904" elapsed="0.000400"/>
</kw>
<kw name="Log" owner="BuiltIn">
<msg time="2024-05-11T05:13:45.980716" level="INFO">login</msg>
<arg>${key}</arg>
<doc>Logs the given message with the given level.</doc>
<status status="PASS" start="2024-05-11T05:13:45.980592" elapsed="0.000161"/>
</kw>
<var name="${key}">login</var>
<status status="PASS" start="2024-05-11T05:13:45.979048" elapsed="0.001920"/>
</iter>
<var>${key}</var>
<value>@{expected_keys}</value>
<status status="PASS" start="2024-05-11T05:13:45.970519" elapsed="0.010592"/>
</for>
<kw name="Create List" owner="BuiltIn">
<msg time="2024-05-11T05:13:45.981443" level="INFO">${expected_keysTwo} = ['username', 'password']</msg>
<var>${expected_keysTwo}</var>
<arg>username</arg>
<arg>password</arg>
<doc>Returns a list containing given items.</doc>
<status status="PASS" start="2024-05-11T05:13:45.981308" elapsed="0.000157"/>
</kw>
<for flavor="IN">
<iter>
<kw name="Dictionary Should Contain Key" owner="Collections">
<msg time="2024-05-11T05:13:45.982338" level="INFO">False</msg>
<arg>${json_data['results'][0]['login']}</arg>
<arg>${keyTwo}</arg>
<doc>Fails if ``key`` is not found from ``dictionary``.</doc>
<status status="PASS" start="2024-05-11T05:13:45.981954" elapsed="0.000420"/>
</kw>
<kw name="Dictionary Should Contain Key" owner="Collections">
<msg time="2024-05-11T05:13:45.983035" level="INFO">False</msg>
<arg>${json_data['results'][0]['login']}</arg>
<arg>${keyTwo}</arg>
<doc>Fails if ``key`` is not found from ``dictionary``.</doc>
<status status="PASS" start="2024-05-11T05:13:45.982662" elapsed="0.000409"/>
</kw>
<kw name="Log" owner="BuiltIn">
<msg time="2024-05-11T05:13:45.983511" level="INFO">username</msg>
<arg>${keyTwo}</arg>
<doc>Logs the given message with the given level.</doc>
<status status="PASS" start="2024-05-11T05:13:45.983355" elapsed="0.000205"/>
</kw>
<var name="${keyTwo}">username</var>
<status status="PASS" start="2024-05-11T05:13:45.981846" elapsed="0.001934"/>
</iter>
<iter>
<kw name="Dictionary Should Contain Key" owner="Collections">
<msg time="2024-05-11T05:13:45.984520" level="INFO">False</msg>
<arg>${json_data['results'][0]['login']}</arg>
<arg>${keyTwo}</arg>
<doc>Fails if ``key`` is not found from ``dictionary``.</doc>
<status status="PASS" start="2024-05-11T05:13:45.984059" elapsed="0.000500"/>
</kw>
<kw name="Dictionary Should Contain Key" owner="Collections">
<msg time="2024-05-11T05:13:45.985224" level="INFO">False</msg>
<arg>${json_data['results'][0]['login']}</arg>
<arg>${keyTwo}</arg>
<doc>Fails if ``key`` is not found from ``dictionary``.</doc>
<status status="PASS" start="2024-05-11T05:13:45.984851" elapsed="0.000408"/>
</kw>
<kw name="Log" owner="BuiltIn">
<msg time="2024-05-11T05:13:45.985671" level="INFO">password</msg>
<arg>${keyTwo}</arg>
<doc>Logs the given message with the given level.</doc>
<status status="PASS" start="2024-05-11T05:13:45.985546" elapsed="0.000160"/>
</kw>
<var name="${keyTwo}">password</var>
<status status="PASS" start="2024-05-11T05:13:45.983949" elapsed="0.001969"/>
</iter>
<var>${keyTwo}</var>
<value>@{expected_keysTwo}</value>
<status status="PASS" start="2024-05-11T05:13:45.981696" elapsed="0.004341"/>
</for>
<status status="PASS" start="2024-05-11T05:13:45.866276" elapsed="0.119902"/>
</kw>
<doc>Testa a estrutura da resposta da API.</doc>
<tag>testeEstruturaResposta</tag>
<status status="PASS" start="2024-05-11T05:13:45.865743" elapsed="0.120593"/>
</test>
<test id="s1-s1-t4" name="Validar tipos de dados" line="28">
<kw name="Teste de Tipos de Dados" owner="random-user-service">
<kw name="GET On Session" owner="RequestsLibrary">
<msg time="2024-05-11T05:13:46.060715" level="INFO">GET Request : url=https://randomuser.me/api 
 path_url=/api 
 headers={'User-Agent': 'python-requests/2.31.0', 'Accept-Encoding': 'gzip, deflate', 'Accept': '*/*', 'Connection': 'keep-alive'} 
 body=None 
 </msg>
<msg time="2024-05-11T05:13:46.060786" level="INFO">GET Response : url=https://randomuser.me/api 
 status=200, reason=OK 
 headers={'Date': 'Sat, 11 May 2024 05:13:46 GMT', 'Content-Type': 'application/json; charset=utf-8', 'Transfer-Encoding': 'chunked', 'Connection': 'keep-alive', 'X-Powered-By': 'Express', 'Access-Control-Allow-Origin': '*', 'Cache-Control': 'no-cache', 'ETag': 'W/"487-ytox2kDv0U/+c1BkQ9rCfxhHB+I"', 'Vary': 'Accept-Encoding', 'Content-Encoding': 'gzip', 'CF-Cache-Status': 'DYNAMIC', 'Report-To': '{"endpoints":[{"url":"https:\\/\\/a.nel.cloudflare.com\\/report\\/v4?s=QKZP0laGYd5cng9qYXrp3CsohcPPlP7zg6HU9%2FiNv6MAB5wg6SDCbCQGYJSem4nCPcP4RNYPmluMBQ1DEcc4nL4Wqu0u26gu8%2BRr3UobYkr80B%2FfyE%2F%2BcUmGoTq39wVj"}],"group":"cf-nel","max_age":604800}', 'NEL': '{"success_fraction":0,"report_to":"cf-nel","max_age":604800}', 'Server': 'cloudflare', 'CF-RAY': '881fae7e6a41081b-IAD', 'alt-svc': 'h3=":443"; ma=86400'} 
 body={"results":[{"gender":"male","name":{"title":"Mr","first":"Jokubas","last":"Brodahl"},"location":{"street":{"number":6176,"name":"Fabritiusalléen"},"city":"Rørvik","state":"Troms - Romsa","country":"Norway","postcode":"2232","coordinates":{"latitude":"42.1701","longitude":"-11.8747"},"timezone":{"offset":"-7:00","description":"Mountain Time (US &amp; Canada)"}},"email":"jokubas.brodahl@example.com","login":{"uuid":"71293ad1-e6b3-4cae-bc8d-9a239e9766d1","username":"orangesnake625","password":"sanity","salt":"5zRoWN6D","md5":"ddcb3a701d93e9e5d830bc5eaa6e2601","sha1":"f4c9f734eec381970763bae0fb0499e779c076ef","sha256":"fd6de7f6721778ecd63a550de3dea8e05df982d744f85af9ee972cf65c558190"},"dob":{"date":"1980-09-25T10:33:52.177Z","age":43},"registered":{"date":"2005-09-13T18:52:38.971Z","age":18},"phone":"69543381","cell":"97290909","id":{"name":"FN","value":"25098033966"},"picture":{"large":"https://randomuser.me/api/portraits/men/21.jpg","medium":"https://randomuser.me/api/portraits/med/men/21.jpg","thumbnail":"https://randomuser.me/api/portraits/thumb/men/21.jpg"},"nat":"NO"}],"info":{"seed":"1cc4ec9e0856a782","results":1,"page":1,"version":"1.4"}} 
 </msg>
<msg time="2024-05-11T05:13:46.060850" level="INFO">/opt/hostedtoolcache/Python/3.12.3/x64/lib/python3.12/site-packages/urllib3/connectionpool.py:1103: InsecureRequestWarning: Unverified HTTPS request is being made to host 'randomuser.me'. Adding certificate verification is strongly advised. See: https://urllib3.readthedocs.io/en/latest/advanced-usage.html#tls-warnings
  warnings.warn(</msg>
<msg time="2024-05-11T05:13:46.060965" level="INFO">${response} = &lt;Response [200]&gt;</msg>
<var>${response}</var>
<arg>consultarAPI</arg>
<arg>/api</arg>
<doc>Sends a GET request on a previously created HTTP Session.</doc>
<status status="PASS" start="2024-05-11T05:13:45.988834" elapsed="0.072165"/>
</kw>
<kw name="Set Variable" owner="BuiltIn">
<msg time="2024-05-11T05:13:46.061878" level="INFO">${json_data} = {'results': [{'gender': 'male', 'name': {'title': 'Mr', 'first': 'Jokubas', 'last': 'Brodahl'}, 'location': {'street': {'number': 6176, 'name': 'Fabritiusalléen'}, 'city': 'Rørvik', 'state': 'Troms - ...</msg>
<var>${json_data}</var>
<arg>${response.json()}</arg>
<doc>Returns the given values which can then be assigned to a variables.</doc>
<status status="PASS" start="2024-05-11T05:13:46.061405" elapsed="0.000501"/>
</kw>
<kw name="Log" owner="BuiltIn">
<msg time="2024-05-11T05:13:46.062362" level="INFO">{'results': [{'gender': 'male', 'name': {'title': 'Mr', 'first': 'Jokubas', 'last': 'Brodahl'}, 'location': {'street': {'number': 6176, 'name': 'Fabritiusalléen'}, 'city': 'Rørvik', 'state': 'Troms - Romsa', 'country': 'Norway', 'postcode': '2232', 'coordinates': {'latitude': '42.1701', 'longitude': '-11.8747'}, 'timezone': {'offset': '-7:00', 'description': 'Mountain Time (US &amp; Canada)'}}, 'email': 'jokubas.brodahl@example.com', 'login': {'uuid': '71293ad1-e6b3-4cae-bc8d-9a239e9766d1', 'username': 'orangesnake625', 'password': 'sanity', 'salt': '5zRoWN6D', 'md5': 'ddcb3a701d93e9e5d830bc5eaa6e2601', 'sha1': 'f4c9f734eec381970763bae0fb0499e779c076ef', 'sha256': 'fd6de7f6721778ecd63a550de3dea8e05df982d744f85af9ee972cf65c558190'}, 'dob': {'date': '1980-09-25T10:33:52.177Z', 'age': 43}, 'registered': {'date': '2005-09-13T18:52:38.971Z', 'age': 18}, 'phone': '69543381', 'cell': '97290909', 'id': {'name': 'FN', 'value': '25098033966'}, 'picture': {'large': 'https://randomuser.me/api/portraits/men/21.jpg', 'medium': 'https://randomuser.me/api/portraits/med/men/21.jpg', 'thumbnail': 'https://randomuser.me/api/portraits/thumb/men/21.jpg'}, 'nat': 'NO'}], 'info': {'seed': '1cc4ec9e0856a782', 'results': 1, 'page': 1, 'version': '1.4'}}</msg>
<arg>${json_data}</arg>
<doc>Logs the given message with the given level.</doc>
<status status="PASS" start="2024-05-11T05:13:46.062207" elapsed="0.000204"/>
</kw>
<kw name="Should Be String" owner="String">
<arg>${json_data['results'][0]['gender']}</arg>
<doc>Fails if the given ``item`` is not a string.</doc>
<status status="PASS" start="2024-05-11T05:13:46.062737" elapsed="0.000364"/>
</kw>
<kw name="Should Match Regexp" owner="BuiltIn">
<arg>${json_data['results'][0]['email']}</arg>
<arg>^[a-zA-Z0-9._%+-]+@[a-zA-Z0-9.-]+\.[a-zA-Z]{2,}$</arg>
<doc>Fails if ``string`` does not match ``pattern`` as a regular expression.</doc>
<status status="PASS" start="2024-05-11T05:13:46.063290" elapsed="0.000570"/>
</kw>
<kw name="Should Match Regexp" owner="BuiltIn">
<arg>${json_data['results'][0]['dob']['date']}</arg>
<arg>\\d{4}-\\d{2}-\\d{2}T\\d{2}:\\d{2}:\\d{2}\\.\\d{3}Z</arg>
<doc>Fails if ``string`` does not match ``pattern`` as a regular expression.</doc>
<status status="PASS" start="2024-05-11T05:13:46.064052" elapsed="0.000484"/>
</kw>
<kw name="Should Match Regexp" owner="BuiltIn">
<arg>${json_data['results'][0]['registered']['date']}</arg>
<arg>\\d{4}-\\d{2}-\\d{2}T\\d{2}:\\d{2}:\\d{2}\\.\\d{3}Z</arg>
<doc>Fails if ``string`` does not match ``pattern`` as a regular expression.</doc>
<status status="PASS" start="2024-05-11T05:13:46.064726" elapsed="0.000370"/>
</kw>
<kw name="Should Match Regexp" owner="BuiltIn">
<arg>${json_data['results'][0]['picture']['large']}</arg>
<arg>^https?://.*\.(?:png|jpe?g|gif|bmp)$</arg>
<doc>Fails if ``string`` does not match ``pattern`` as a regular expression.</doc>
<status status="PASS" start="2024-05-11T05:13:46.065285" elapsed="0.000460"/>
</kw>
<kw name="Should Match Regexp" owner="BuiltIn">
<arg>${json_data['results'][0]['picture']['medium']}</arg>
<arg>^https?://.*\.(?:png|jpe?g|gif|bmp)$</arg>
<doc>Fails if ``string`` does not match ``pattern`` as a regular expression.</doc>
<status status="PASS" start="2024-05-11T05:13:46.065930" elapsed="0.000356"/>
</kw>
<kw name="Should Match Regexp" owner="BuiltIn">
<arg>${json_data['results'][0]['picture']['thumbnail']}</arg>
<arg>^https?://.*\.(?:png|jpe?g|gif|bmp)$</arg>
<doc>Fails if ``string`` does not match ``pattern`` as a regular expression.</doc>
<status status="PASS" start="2024-05-11T05:13:46.066478" elapsed="0.000346"/>
</kw>
<kw name="Log" owner="BuiltIn">
<msg time="2024-05-11T05:13:46.067329" level="INFO">{'large': 'https://randomuser.me/api/portraits/men/21.jpg', 'medium': 'https://randomuser.me/api/portraits/med/men/21.jpg', 'thumbnail': 'https://randomuser.me/api/portraits/thumb/men/21.jpg'}</msg>
<arg>${json_data['results'][0]['picture']}</arg>
<doc>Logs the given message with the given level.</doc>
<status status="PASS" start="2024-05-11T05:13:46.067002" elapsed="0.000391"/>
</kw>
<status status="PASS" start="2024-05-11T05:13:45.988607" elapsed="0.079073"/>
</kw>
<kw name="Teste de Tipos de Dados - Postcode" owner="random-user-service">
<kw name="GET On Session" owner="RequestsLibrary">
<msg time="2024-05-11T05:13:46.164609" level="INFO">GET Request : url=https://randomuser.me/api 
 path_url=/api 
 headers={'User-Agent': 'python-requests/2.31.0', 'Accept-Encoding': 'gzip, deflate', 'Accept': '*/*', 'Connection': 'keep-alive'} 
 body=None 
 </msg>
<msg time="2024-05-11T05:13:46.164689" level="INFO">GET Response : url=https://randomuser.me/api 
 status=200, reason=OK 
 headers={'Date': 'Sat, 11 May 2024 05:13:46 GMT', 'Content-Type': 'application/json; charset=utf-8', 'Transfer-Encoding': 'chunked', 'Connection': 'keep-alive', 'X-Powered-By': 'Express', 'Access-Control-Allow-Origin': '*', 'Cache-Control': 'no-cache', 'ETag': 'W/"499-WcjTzE7LPpGRO864BLIm4Gz7pdo"', 'Vary': 'Accept-Encoding', 'Content-Encoding': 'gzip', 'CF-Cache-Status': 'DYNAMIC', 'Report-To': '{"endpoints":[{"url":"https:\\/\\/a.nel.cloudflare.com\\/report\\/v4?s=dsEsrZ5PJdViGIw%2B%2FnevmC0FIeP3Ym9RMdcA87J0CdaNrxapLo35EUqjQiWW7dYQX5ggcd7gcKLEMWz8effhq2Sak9eKMo%2Bn0j6UHmZ78lCa7KgEzlsGRgsoP9tvTX5a"}],"group":"cf-nel","max_age":604800}', 'NEL': '{"success_fraction":0,"report_to":"cf-nel","max_age":604800}', 'Server': 'cloudflare', 'CF-RAY': '881fae7eeab6081b-IAD', 'alt-svc': 'h3=":443"; ma=86400'} 
 body={"results":[{"gender":"female","name":{"title":"Ms","first":"Aada","last":"Wiitala"},"location":{"street":{"number":4956,"name":"Satakennankatu"},"city":"Lemi","state":"Central Finland","country":"Finland","postcode":14728,"coordinates":{"latitude":"-22.0546","longitude":"152.0856"},"timezone":{"offset":"+9:00","description":"Tokyo, Seoul, Osaka, Sapporo, Yakutsk"}},"email":"aada.wiitala@example.com","login":{"uuid":"0ffd7c70-0bf8-4f42-97a1-a32a115f69c0","username":"bigostrich311","password":"nono","salt":"S7F8tjMD","md5":"bc6687c2105c4cc1b6b8abbd1bfe4ddb","sha1":"50957cd2512a2e1fdbd454fd469e8b7887fe4b68","sha256":"8fc332230141bfe94a7281fc225f78757687e5ecc77e724343467abd79be47ed"},"dob":{"date":"1954-09-21T18:41:17.171Z","age":69},"registered":{"date":"2015-03-04T17:08:31.793Z","age":9},"phone":"02-394-570","cell":"047-247-63-23","id":{"name":"HETU","value":"NaNNA562undefined"},"picture":{"large":"https://randomuser.me/api/portraits/women/9.jpg","medium":"https://randomuser.me/api/portraits/med/women/9.jpg","thumbnail":"https://randomuser.me/api/portraits/thumb/women/9.jpg"},"nat":"FI"}],"info":{"seed":"1eed0a0a4788d14b","results":1,"page":1,"version":"1.4"}} 
 </msg>
<msg time="2024-05-11T05:13:46.164748" level="INFO">/opt/hostedtoolcache/Python/3.12.3/x64/lib/python3.12/site-packages/urllib3/connectionpool.py:1103: InsecureRequestWarning: Unverified HTTPS request is being made to host 'randomuser.me'. Adding certificate verification is strongly advised. See: https://urllib3.readthedocs.io/en/latest/advanced-usage.html#tls-warnings
  warnings.warn(</msg>
<msg time="2024-05-11T05:13:46.164861" level="INFO">${response} = &lt;Response [200]&gt;</msg>
<var>${response}</var>
<arg>consultarAPI</arg>
<arg>/api</arg>
<doc>Sends a GET request on a previously created HTTP Session.</doc>
<status status="PASS" start="2024-05-11T05:13:46.068122" elapsed="0.096782"/>
</kw>
<kw name="Set Variable" owner="BuiltIn">
<msg time="2024-05-11T05:13:46.165739" level="INFO">${json_data} = {'results': [{'gender': 'female', 'name': {'title': 'Ms', 'first': 'Aada', 'last': 'Wiitala'}, 'location': {'street': {'number': 4956, 'name': 'Satakennankatu'}, 'city': 'Lemi', 'state': 'Central Finl...</msg>
<var>${json_data}</var>
<arg>${response.json()}</arg>
<doc>Returns the given values which can then be assigned to a variables.</doc>
<status status="PASS" start="2024-05-11T05:13:46.165281" elapsed="0.000485"/>
</kw>
<kw name="Log" owner="BuiltIn">
<msg time="2024-05-11T05:13:46.166216" level="INFO">{'results': [{'gender': 'female', 'name': {'title': 'Ms', 'first': 'Aada', 'last': 'Wiitala'}, 'location': {'street': {'number': 4956, 'name': 'Satakennankatu'}, 'city': 'Lemi', 'state': 'Central Finland', 'country': 'Finland', 'postcode': 14728, 'coordinates': {'latitude': '-22.0546', 'longitude': '152.0856'}, 'timezone': {'offset': '+9:00', 'description': 'Tokyo, Seoul, Osaka, Sapporo, Yakutsk'}}, 'email': 'aada.wiitala@example.com', 'login': {'uuid': '0ffd7c70-0bf8-4f42-97a1-a32a115f69c0', 'username': 'bigostrich311', 'password': 'nono', 'salt': 'S7F8tjMD', 'md5': 'bc6687c2105c4cc1b6b8abbd1bfe4ddb', 'sha1': '50957cd2512a2e1fdbd454fd469e8b7887fe4b68', 'sha256': '8fc332230141bfe94a7281fc225f78757687e5ecc77e724343467abd79be47ed'}, 'dob': {'date': '1954-09-21T18:41:17.171Z', 'age': 69}, 'registered': {'date': '2015-03-04T17:08:31.793Z', 'age': 9}, 'phone': '02-394-570', 'cell': '047-247-63-23', 'id': {'name': 'HETU', 'value': 'NaNNA562undefined'}, 'picture': {'large': 'https://randomuser.me/api/portraits/women/9.jpg', 'medium': 'https://randomuser.me/api/portraits/med/women/9.jpg', 'thumbnail': 'https://randomuser.me/api/portraits/thumb/women/9.jpg'}, 'nat': 'FI'}], 'info': {'seed': '1eed0a0a4788d14b', 'results': 1, 'page': 1, 'version': '1.4'}}</msg>
<arg>${json_data}</arg>
<doc>Logs the given message with the given level.</doc>
<status status="PASS" start="2024-05-11T05:13:46.166067" elapsed="0.000194"/>
</kw>
<kw name="Should Be Equal As Numbers" owner="BuiltIn">
<arg>${json_data['results'][0]['location']['postcode']}</arg>
<arg>${json_data['results'][0]['location']['postcode']}</arg>
<doc>Fails if objects are unequal after converting them to real numbers.</doc>
<status status="PASS" start="2024-05-11T05:13:46.166691" elapsed="0.000641"/>
</kw>
<kw name="Log" owner="BuiltIn">
<msg time="2024-05-11T05:13:46.167912" level="INFO">14728</msg>
<arg>${json_data['results'][0]['location']['postcode']}</arg>
<doc>Logs the given message with the given level.</doc>
<status status="PASS" start="2024-05-11T05:13:46.167562" elapsed="0.000388"/>
</kw>
<status status="PASS" start="2024-05-11T05:13:46.067899" elapsed="0.100300"/>
</kw>
<doc>Testa se os tipos de dados na resposta da API estão corretos.</doc>
<tag>testeTiposDados</tag>
<status status="PASS" start="2024-05-11T05:13:45.988137" elapsed="0.180224"/>
</test>
<test id="s1-s1-t5" name="Validar conteudo" line="35">
<kw name="Teste de Tipos de Conteudo" owner="random-user-service">
<kw name="GET On Session" owner="RequestsLibrary">
<msg time="2024-05-11T05:13:46.259808" level="INFO">GET Request : url=https://randomuser.me/api 
 path_url=/api 
 headers={'User-Agent': 'python-requests/2.31.0', 'Accept-Encoding': 'gzip, deflate', 'Accept': '*/*', 'Connection': 'keep-alive'} 
 body=None 
 </msg>
<msg time="2024-05-11T05:13:46.259882" level="INFO">GET Response : url=https://randomuser.me/api 
 status=200, reason=OK 
 headers={'Date': 'Sat, 11 May 2024 05:13:46 GMT', 'Content-Type': 'application/json; charset=utf-8', 'Transfer-Encoding': 'chunked', 'Connection': 'keep-alive', 'X-Powered-By': 'Express', 'Access-Control-Allow-Origin': '*', 'Cache-Control': 'no-cache', 'ETag': 'W/"49a-4MuTPCJbAvTRUdjtExEJWMMoMVE"', 'Vary': 'Accept-Encoding', 'Content-Encoding': 'gzip', 'CF-Cache-Status': 'DYNAMIC', 'Report-To': '{"endpoints":[{"url":"https:\\/\\/a.nel.cloudflare.com\\/report\\/v4?s=mw4JsfdNBRFphIOjs4JaZ0PaAknmuprvMYhg4W1jSKBnkLjrWRfcO9xi1tuE9bfZ7gv7o1UFXJL143ihe509hyxMfA5CcmpBcJX%2FPyDZod2OwvUMU6%2FZ6lKfzLqhcw%2F2"}],"group":"cf-nel","max_age":604800}', 'NEL': '{"success_fraction":0,"report_to":"cf-nel","max_age":604800}', 'Server': 'cloudflare', 'CF-RAY': '881fae7f9b70081b-IAD', 'alt-svc': 'h3=":443"; ma=86400'} 
 body={"results":[{"gender":"male","name":{"title":"Mr","first":"Martin","last":"Garcia"},"location":{"street":{"number":7530,"name":"Rue Saint-Georges"},"city":"Besançon","state":"Hauts-de-Seine","country":"France","postcode":95686,"coordinates":{"latitude":"-17.8046","longitude":"-149.3796"},"timezone":{"offset":"-11:00","description":"Midway Island, Samoa"}},"email":"martin.garcia@example.com","login":{"uuid":"950cf27f-df0a-40e8-bb94-62125e3b4c4f","username":"organicelephant479","password":"purdue","salt":"Y8aQd5FD","md5":"50b6b0d34b4d470e52ab59e1c80b8cc9","sha1":"c417884d7d0b91125effb1f08c8b1d34b7e59247","sha256":"301b29bd41ec849eb34ba7c0d62c52ae827da790c6619d779a9cc722612554b6"},"dob":{"date":"1954-07-25T10:11:22.327Z","age":69},"registered":{"date":"2004-09-13T09:08:05.693Z","age":19},"phone":"02-82-72-72-96","cell":"06-53-09-91-61","id":{"name":"INSEE","value":"1540637492622 31"},"picture":{"large":"https://randomuser.me/api/portraits/men/17.jpg","medium":"https://randomuser.me/api/portraits/med/men/17.jpg","thumbnail":"https://randomuser.me/api/portraits/thumb/men/17.jpg"},"nat":"FR"}],"info":{"seed":"079572bb1b246c67","results":1,"page":1,"version":"1.4"}} 
 </msg>
<msg time="2024-05-11T05:13:46.259943" level="INFO">/opt/hostedtoolcache/Python/3.12.3/x64/lib/python3.12/site-packages/urllib3/connectionpool.py:1103: InsecureRequestWarning: Unverified HTTPS request is being made to host 'randomuser.me'. Adding certificate verification is strongly advised. See: https://urllib3.readthedocs.io/en/latest/advanced-usage.html#tls-warnings
  warnings.warn(</msg>
<msg time="2024-05-11T05:13:46.260052" level="INFO">${response} = &lt;Response [200]&gt;</msg>
<var>${response}</var>
<arg>consultarAPI</arg>
<arg>/api</arg>
<doc>Sends a GET request on a previously created HTTP Session.</doc>
<status status="PASS" start="2024-05-11T05:13:46.171179" elapsed="0.088916"/>
</kw>
<kw name="Set Variable" owner="BuiltIn">
<msg time="2024-05-11T05:13:46.260932" level="INFO">${json_data} = {'results': [{'gender': 'male', 'name': {'title': 'Mr', 'first': 'Martin', 'last': 'Garcia'}, 'location': {'street': {'number': 7530, 'name': 'Rue Saint-Georges'}, 'city': 'Besançon', 'state': 'Hauts-...</msg>
<var>${json_data}</var>
<arg>${response.json()}</arg>
<doc>Returns the given values which can then be assigned to a variables.</doc>
<status status="PASS" start="2024-05-11T05:13:46.260468" elapsed="0.000493"/>
</kw>
<kw name="Set Variable" owner="BuiltIn">
<msg time="2024-05-11T05:13:46.261641" level="INFO">${name_title} = Mr</msg>
<var>${name_title}</var>
<arg>${json_data["results"][0]["name"]["title"]}</arg>
<doc>Returns the given values which can then be assigned to a variables.</doc>
<status status="PASS" start="2024-05-11T05:13:46.261264" elapsed="0.000403"/>
</kw>
<kw name="Create List" owner="BuiltIn">
<msg time="2024-05-11T05:13:46.262112" level="INFO">${allowed_titles} = ['Mr', 'Ms', 'Miss', 'Mrs', 'Madame', 'Monsieur']</msg>
<var>${allowed_titles}</var>
<arg>Mr</arg>
<arg>Ms</arg>
<arg>Miss</arg>
<arg>Mrs</arg>
<arg>Madame</arg>
<arg>Monsieur</arg>
<doc>Returns a list containing given items.</doc>
<status status="PASS" start="2024-05-11T05:13:46.261966" elapsed="0.000170"/>
</kw>
<kw name="List Should Contain Value" owner="Collections">
<msg time="2024-05-11T05:13:46.262598" level="INFO">False</msg>
<arg>${allowed_titles}</arg>
<arg>${name_title}</arg>
<doc>Fails if the ``value`` is not found from ``list``.</doc>
<status status="PASS" start="2024-05-11T05:13:46.262429" elapsed="0.000203"/>
</kw>
<kw name="Set Variable" owner="BuiltIn">
<msg time="2024-05-11T05:13:46.263290" level="INFO">${name_country} = FR</msg>
<var>${name_country}</var>
<arg>${json_data["results"][0]["nat"]}</arg>
<doc>Returns the given values which can then be assigned to a variables.</doc>
<status status="PASS" start="2024-05-11T05:13:46.262917" elapsed="0.000397"/>
</kw>
<kw name="Create List" owner="BuiltIn">
<msg time="2024-05-11T05:13:46.264231" level="INFO">${list_country} = ['AD', 'AE', 'AF', 'AG', 'AI', 'AL', 'AM', 'AO', 'AQ', 'AR', 'AS', 'AT', 'AU', 'AW', 'AX', 'AZ', 'BA', 'BB', 'BD', 'BE', 'BF', 'BG', 'BH', 'BI', 'BJ', 'BL', 'BM', 'BN', 'BO', 'BQ', 'BR', 'BS', 'BT', '...</msg>
<var>${list_country}</var>
<arg>AD</arg>
<arg>AE</arg>
<arg>AF</arg>
<arg>AG</arg>
<arg>AI</arg>
<arg>AL</arg>
<arg>AM</arg>
<arg>AO</arg>
<arg>AQ</arg>
<arg>AR</arg>
<arg>AS</arg>
<arg>AT</arg>
<arg>AU</arg>
<arg>AW</arg>
<arg>AX</arg>
<arg>AZ</arg>
<arg>BA</arg>
<arg>BB</arg>
<arg>BD</arg>
<arg>BE</arg>
<arg>BF</arg>
<arg>BG</arg>
<arg>BH</arg>
<arg>BI</arg>
<arg>BJ</arg>
<arg>BL</arg>
<arg>BM</arg>
<arg>BN</arg>
<arg>BO</arg>
<arg>BQ</arg>
<arg>BR</arg>
<arg>BS</arg>
<arg>BT</arg>
<arg>BV</arg>
<arg>BW</arg>
<arg>BY</arg>
<arg>BZ</arg>
<arg>CA</arg>
<arg>CC</arg>
<arg>CD</arg>
<arg>CF</arg>
<arg>CG</arg>
<arg>CH</arg>
<arg>CI</arg>
<arg>CK</arg>
<arg>CL</arg>
<arg>CM</arg>
<arg>CN</arg>
<arg>CO</arg>
<arg>CR</arg>
<arg>CU</arg>
<arg>CV</arg>
<arg>CW</arg>
<arg>CX</arg>
<arg>CY</arg>
<arg>CZ</arg>
<arg>DE</arg>
<arg>DJ</arg>
<arg>DK</arg>
<arg>DM</arg>
<arg>DO</arg>
<arg>DZ</arg>
<arg>EC</arg>
<arg>EE</arg>
<arg>EG</arg>
<arg>EH</arg>
<arg>ER</arg>
<arg>ES</arg>
<arg>ET</arg>
<arg>FI</arg>
<arg>FJ</arg>
<arg>FK</arg>
<arg>FM</arg>
<arg>FO</arg>
<arg>FR</arg>
<arg>GA</arg>
<arg>GB</arg>
<arg>GD</arg>
<arg>GE</arg>
<arg>GF</arg>
<arg>GG</arg>
<arg>GH</arg>
<arg>GI</arg>
<arg>GL</arg>
<arg>GM</arg>
<arg>GN</arg>
<arg>GP</arg>
<arg>GQ</arg>
<arg>GR</arg>
<arg>GS</arg>
<arg>GT</arg>
<arg>GU</arg>
<arg>GW</arg>
<arg>GY</arg>
<arg>HK</arg>
<arg>HM</arg>
<arg>HN</arg>
<arg>HR</arg>
<arg>HT</arg>
<arg>HU</arg>
<arg>ID</arg>
<arg>IE</arg>
<arg>IL</arg>
<arg>IM</arg>
<arg>IN</arg>
<arg>IO</arg>
<arg>IQ</arg>
<arg>IR</arg>
<arg>IS</arg>
<arg>IT</arg>
<arg>JE</arg>
<arg>JM</arg>
<arg>JO</arg>
<arg>JP</arg>
<arg>KE</arg>
<arg>KG</arg>
<arg>KH</arg>
<arg>KI</arg>
<arg>KM</arg>
<arg>KN</arg>
<arg>KP</arg>
<arg>KR</arg>
<arg>KW</arg>
<arg>KY</arg>
<arg>KZ</arg>
<arg>LA</arg>
<arg>LB</arg>
<arg>LC</arg>
<arg>LI</arg>
<arg>LK</arg>
<arg>LR</arg>
<arg>LS</arg>
<arg>LT</arg>
<arg>LU</arg>
<arg>LV</arg>
<arg>LY</arg>
<arg>MA</arg>
<arg>MC</arg>
<arg>MD</arg>
<arg>ME</arg>
<arg>MF</arg>
<arg>MG</arg>
<arg>MH</arg>
<arg>MK</arg>
<arg>ML</arg>
<arg>MM</arg>
<arg>MN</arg>
<arg>MO</arg>
<arg>MP</arg>
<arg>MQ</arg>
<arg>MR</arg>
<arg>MS</arg>
<arg>MT</arg>
<arg>MU</arg>
<arg>MV</arg>
<arg>MW</arg>
<arg>MX</arg>
<arg>MY</arg>
<arg>MZ</arg>
<arg>NA</arg>
<arg>NC</arg>
<arg>NE</arg>
<arg>NF</arg>
<arg>NG</arg>
<arg>NI</arg>
<arg>NL</arg>
<arg>NO</arg>
<arg>NP</arg>
<arg>NR</arg>
<arg>NU</arg>
<arg>NZ</arg>
<arg>OM</arg>
<arg>PA</arg>
<arg>PE</arg>
<arg>PF</arg>
<arg>PG</arg>
<arg>PH</arg>
<arg>PK</arg>
<arg>PL</arg>
<arg>PM</arg>
<arg>PN</arg>
<arg>PR</arg>
<arg>PS</arg>
<arg>PT</arg>
<arg>PW</arg>
<arg>PY</arg>
<arg>QA</arg>
<arg>RE</arg>
<arg>RO</arg>
<arg>RS</arg>
<arg>RU</arg>
<arg>RW</arg>
<arg>SA</arg>
<arg>SB</arg>
<arg>SC</arg>
<arg>SD</arg>
<arg>SE</arg>
<arg>SG</arg>
<arg>SH</arg>
<arg>SI</arg>
<arg>SJ</arg>
<arg>SK</arg>
<arg>SL</arg>
<arg>SM</arg>
<arg>SN</arg>
<arg>SO</arg>
<arg>SR</arg>
<arg>SS</arg>
<arg>ST</arg>
<arg>SV</arg>
<arg>SX</arg>
<arg>SY</arg>
<arg>SZ</arg>
<arg>TC</arg>
<arg>TD</arg>
<arg>TF</arg>
<arg>TG</arg>
<arg>TH</arg>
<arg>TJ</arg>
<arg>TK</arg>
<arg>TL</arg>
<arg>TM</arg>
<arg>TN</arg>
<arg>TO</arg>
<arg>TR</arg>
<arg>TT</arg>
<arg>TV</arg>
<arg>TW</arg>
<arg>TZ</arg>
<arg>UA</arg>
<arg>UG</arg>
<arg>UM</arg>
<arg>US</arg>
<arg>UY</arg>
<arg>UZ</arg>
<arg>VA</arg>
<arg>VC</arg>
<arg>VE</arg>
<arg>VG</arg>
<arg>VI</arg>
<arg>VN</arg>
<arg>VU</arg>
<arg>WF</arg>
<arg>WS</arg>
<arg>XK</arg>
<arg>YE</arg>
<arg>YT</arg>
<arg>ZA</arg>
<arg>ZM</arg>
<arg>ZW</arg>
<doc>Returns a list containing given items.</doc>
<status status="PASS" start="2024-05-11T05:13:46.263650" elapsed="0.000605"/>
</kw>
<kw name="List Should Contain Value" owner="Collections">
<msg time="2024-05-11T05:13:46.265230" level="INFO">False</msg>
<arg>${list_country}</arg>
<arg>${name_country}</arg>
<doc>Fails if the ``value`` is not found from ``list``.</doc>
<status status="PASS" start="2024-05-11T05:13:46.265036" elapsed="0.000229"/>
</kw>
<kw name="Run Keyword If" owner="BuiltIn">
<kw name="Should Be True" owner="BuiltIn">
<arg>${True}</arg>
<doc>Fails if the given condition is not true.</doc>
<status status="PASS" start="2024-05-11T05:13:46.266319" elapsed="0.000239"/>
</kw>
<arg>${json_data["results"][0]["location"]["coordinates"]["latitude"]} &gt;= -90 and ${json_data["results"][0]["location"]["coordinates"]["latitude"]} &lt;= 90</arg>
<arg>Should Be True</arg>
<arg>${True}</arg>
<doc>Runs the given keyword with the given arguments, if ``condition`` is true.</doc>
<status status="PASS" start="2024-05-11T05:13:46.265570" elapsed="0.001117"/>
</kw>
<kw name="Run Keyword If" owner="BuiltIn">
<kw name="Should Be True" owner="BuiltIn">
<arg>${True}</arg>
<doc>Fails if the given condition is not true.</doc>
<status status="PASS" start="2024-05-11T05:13:46.267592" elapsed="0.000140"/>
</kw>
<arg>${json_data["results"][0]["location"]["coordinates"]["longitude"]} &gt;= -180 and ${json_data["results"][0]["location"]["coordinates"]["longitude"]} &lt;= 180</arg>
<arg>Should Be True</arg>
<arg>${True}</arg>
<doc>Runs the given keyword with the given arguments, if ``condition`` is true.</doc>
<status status="PASS" start="2024-05-11T05:13:46.266871" elapsed="0.000985"/>
</kw>
<status status="PASS" start="2024-05-11T05:13:46.170812" elapsed="0.097172"/>
</kw>
<doc>Testa o conteúdo específico dos campos retornados pela API.</doc>
<tag>testeConteudo</tag>
<status status="PASS" start="2024-05-11T05:13:46.170161" elapsed="0.097974"/>
</test>
<status status="PASS" start="2024-05-11T05:13:45.320973" elapsed="0.949158"/>
</suite>
<status status="PASS" start="2024-05-11T05:13:45.307216" elapsed="0.968008"/>
</suite>
<statistics>
<total>
<stat pass="5" fail="0" skip="0">All Tests</stat>
</total>
<tag>
<stat pass="1" fail="0" skip="0">testeConteudo</stat>
<stat pass="1" fail="0" skip="0">testeEstruturaResposta</stat>
<stat pass="1" fail="0" skip="0">testeRequisicaoBasica</stat>
<stat pass="1" fail="0" skip="0">testeTiposDados</stat>
</tag>
<suite>
<stat pass="5" fail="0" skip="0" id="s1" name="Tests">Tests</stat>
<stat pass="5" fail="0" skip="0" id="s1-s1" name="Random-User-Test">Tests.Random-User-Test</stat>
</suite>
</statistics>
<errors>
</errors>
</robot>
