<?xml version="1.0" encoding="UTF-8"?>
<robot generator="Robot 7.0.1 (Python 3.12.4 on linux)" generated="2024-06-28T21:15:54.312923" rpa="false" schemaversion="5">
<suite id="s1" name="Tests" source="/home/runner/work/ApiRandomUser/ApiRandomUser/RamdonUser/tests">
<suite id="s1-s1" name="Random-User-Test" source="/home/runner/work/ApiRandomUser/ApiRandomUser/RamdonUser/tests/random-user-test.robot">
<test id="s1-s1-t1" name="Conectar" line="13">
<kw name="Conectar API" owner="random-user-service">
<kw name="Create Session" owner="RequestsLibrary">
<msg time="2024-06-28T21:15:54.718562" level="INFO">Creating Session using : alias=consultarAPI, url=https://randomuser.me/, headers={},                     cookies={}, auth=None, timeout=None, proxies=None, verify=False,                     debug=0 </msg>
<arg>consultarAPI</arg>
<arg>${URL}</arg>
<doc>Create Session: create a HTTP session to a server</doc>
<status status="PASS" start="2024-06-28T21:15:54.718333" elapsed="0.000434"/>
</kw>
<status status="PASS" start="2024-06-28T21:15:54.717231" elapsed="0.001924"/>
</kw>
<status status="PASS" start="2024-06-28T21:15:54.716539" elapsed="0.002821"/>
</test>
<test id="s1-s1-t2" name="Validar retorno 200 e JSON Válido" line="16">
<kw name="Teste de Requisicao Basica" owner="random-user-service">
<kw name="GET On Session" owner="RequestsLibrary">
<msg time="2024-06-28T21:15:54.846166" level="INFO">GET Request : url=https://randomuser.me/api 
 path_url=/api 
 headers={'User-Agent': 'python-requests/2.32.3', 'Accept-Encoding': 'gzip, deflate', 'Accept': '*/*', 'Connection': 'keep-alive'} 
 body=None 
 </msg>
<msg time="2024-06-28T21:15:54.846328" level="INFO">GET Response : url=https://randomuser.me/api 
 status=200, reason=OK 
 headers={'Date': 'Fri, 28 Jun 2024 21:15:54 GMT', 'Content-Type': 'application/json; charset=utf-8', 'Transfer-Encoding': 'chunked', 'Connection': 'keep-alive', 'X-Powered-By': 'Express', 'Access-Control-Allow-Origin': '*', 'Cache-Control': 'no-cache', 'ETag': 'W/"4a3-nbfqzYdbICLSBJvJdDi9Rf/7yIw"', 'Vary': 'Accept-Encoding', 'Content-Encoding': 'gzip', 'CF-Cache-Status': 'DYNAMIC', 'Report-To': '{"endpoints":[{"url":"https:\\/\\/a.nel.cloudflare.com\\/report\\/v4?s=UCAhqNBr8thzHfd8eT7DuBEAAiAFjJ1IRJxNuTVxzlkepdqIXPP0BR8GRXaqSt72TN5TSKd%2BN5X3XGpayx2cw%2BlfNl2gTvEFrvBueFuat7OwJXSS8yW28JAiK7yhf2VB"}],"group":"cf-nel","max_age":604800}', 'NEL': '{"success_fraction":0,"report_to":"cf-nel","max_age":604800}', 'Server': 'cloudflare', 'CF-RAY': '89b0b1e33be9cff5-SJC', 'alt-svc': 'h3=":443"; ma=86400'} 
 body={"results":[{"gender":"female","name":{"title":"Ms","first":"Flora","last":"Laurent"},"location":{"street":{"number":3102,"name":"Rue Courbet"},"city":"Tourcoing","state":"Haute-Saône","country":"France","postcode":47887,"coordinates":{"latitude":"-16.9551","longitude":"87.9895"},"timezone":{"offset":"+8:00","description":"Beijing, Perth, Singapore, Hong Kong"}},"email":"flora.laurent@example.com","login":{"uuid":"67ad47e6-6b44-45f5-b180-403494f3390c","username":"angryfish125","password":"lexingky","salt":"Trqt7v8f","md5":"ae2d4f74637ded5aa7a4d243c707bab8","sha1":"ba53f6c2782868490025407aa1f6e84940dccfae","sha256":"efa49dcdadb014e35c5bb4754e7eb64400b16c77a6e9d1b12400ac9f7875eb4d"},"dob":{"date":"1957-10-05T00:52:31.764Z","age":66},"registered":{"date":"2008-02-18T05:45:37.208Z","age":16},"phone":"02-92-25-07-84","cell":"06-32-20-08-77","id":{"name":"INSEE","value":"2570980215592 77"},"picture":{"large":"https://randomuser.me/api/portraits/women/55.jpg","medium":"https://randomuser.me/api/portraits/med/women/55.jpg","thumbnail":"https://randomuser.me/api/portraits/thumb/women/55.jpg"},"nat":"FR"}],"info":{"seed":"3d7c2a459b5a509e","results":1,"page":1,"version":"1.4"}} 
 </msg>
<msg time="2024-06-28T21:15:54.846417" level="INFO">/opt/hostedtoolcache/Python/3.12.4/x64/lib/python3.12/site-packages/urllib3/connectionpool.py:1099: InsecureRequestWarning: Unverified HTTPS request is being made to host 'randomuser.me'. Adding certificate verification is strongly advised. See: https://urllib3.readthedocs.io/en/latest/advanced-usage.html#tls-warnings
  warnings.warn(</msg>
<msg time="2024-06-28T21:15:54.846570" level="INFO">${response} = &lt;Response [200]&gt;</msg>
<var>${response}</var>
<arg>consultarAPI</arg>
<arg>/api</arg>
<doc>Sends a GET request on a previously created HTTP Session.</doc>
<status status="PASS" start="2024-06-28T21:15:54.722132" elapsed="0.124484"/>
</kw>
<kw name="Should Be Equal As Numbers" owner="BuiltIn">
<msg time="2024-06-28T21:15:54.847830" level="INFO">Argument types are:
&lt;class 'int'&gt;
&lt;class 'str'&gt;</msg>
<arg>${response.status_code}</arg>
<arg>200</arg>
<doc>Fails if objects are unequal after converting them to real numbers.</doc>
<status status="PASS" start="2024-06-28T21:15:54.847320" elapsed="0.000581"/>
</kw>
<kw name="Log" owner="BuiltIn">
<msg time="2024-06-28T21:15:54.848635" level="INFO">200</msg>
<arg>${response.status_code}</arg>
<doc>Logs the given message with the given level.</doc>
<status status="PASS" start="2024-06-28T21:15:54.848257" elapsed="0.000423"/>
</kw>
<kw name="Set Variable" owner="BuiltIn">
<msg time="2024-06-28T21:15:54.849572" level="INFO">${json_data} = {'results': [{'gender': 'female', 'name': {'title': 'Ms', 'first': 'Flora', 'last': 'Laurent'}, 'location': {'street': {'number': 3102, 'name': 'Rue Courbet'}, 'city': 'Tourcoing', 'state': 'Haute-Saô...</msg>
<var>${json_data}</var>
<arg>${response.json()}</arg>
<doc>Returns the given values which can then be assigned to a variables.</doc>
<status status="PASS" start="2024-06-28T21:15:54.849000" elapsed="0.000604"/>
</kw>
<kw name="Dictionary Should Contain Key" owner="Collections">
<arg>${json_data}</arg>
<arg>results</arg>
<doc>Fails if ``key`` is not found from ``dictionary``.</doc>
<status status="PASS" start="2024-06-28T21:15:54.849922" elapsed="0.000176"/>
</kw>
<status status="PASS" start="2024-06-28T21:15:54.721869" elapsed="0.128383"/>
</kw>
<doc>Testa se a API responde corretamente e retorna um objeto JSON válido.</doc>
<tag>testeRequisicaoBasica</tag>
<status status="PASS" start="2024-06-28T21:15:54.721309" elapsed="0.129126"/>
</test>
<test id="s1-s1-t3" name="Validar estrutura de resposta" line="22">
<kw name="Teste de Estrutura de Resposta" owner="random-user-service">
<kw name="GET On Session" owner="RequestsLibrary">
<msg time="2024-06-28T21:15:54.949334" level="INFO">GET Request : url=https://randomuser.me/api 
 path_url=/api 
 headers={'User-Agent': 'python-requests/2.32.3', 'Accept-Encoding': 'gzip, deflate', 'Accept': '*/*', 'Connection': 'keep-alive'} 
 body=None 
 </msg>
<msg time="2024-06-28T21:15:54.949465" level="INFO">GET Response : url=https://randomuser.me/api 
 status=200, reason=OK 
 headers={'Date': 'Fri, 28 Jun 2024 21:15:54 GMT', 'Content-Type': 'application/json; charset=utf-8', 'Transfer-Encoding': 'chunked', 'Connection': 'keep-alive', 'X-Powered-By': 'Express', 'Access-Control-Allow-Origin': '*', 'Cache-Control': 'no-cache', 'ETag': 'W/"487-lrZbDFTldz8njUzUzL2PFaklDPI"', 'Vary': 'Accept-Encoding', 'Content-Encoding': 'gzip', 'CF-Cache-Status': 'DYNAMIC', 'Report-To': '{"endpoints":[{"url":"https:\\/\\/a.nel.cloudflare.com\\/report\\/v4?s=nRJz6SHzwrmfuTCiHme8VX957MBvs5LJD9Ces9TH072ydfdAm03UCWLhWy4j1uIra2b%2BZlaYv2pnHnq1gSRDS4GN0WrTnp26xvfH8IqmATaPqDJW%2FgoGU3z5qnhd45j6"}],"group":"cf-nel","max_age":604800}', 'NEL': '{"success_fraction":0,"report_to":"cf-nel","max_age":604800}', 'Server': 'cloudflare', 'CF-RAY': '89b0b1e3dc80cff5-SJC', 'alt-svc': 'h3=":443"; ma=86400'} 
 body={"results":[{"gender":"male","name":{"title":"Mr","first":"Kornilo","last":"Pilipchak"},"location":{"street":{"number":747,"name":"Slobidskiy provulok"},"city":"Vinnicya","state":"Volinska","country":"Ukraine","postcode":71490,"coordinates":{"latitude":"78.2375","longitude":"-74.4763"},"timezone":{"offset":"-8:00","description":"Pacific Time (US &amp; Canada)"}},"email":"kornilo.pilipchak@example.com","login":{"uuid":"7a21d21a-6ea3-4c6d-a130-f7eebc2156c8","username":"brownbird987","password":"amature","salt":"B5OnYyYy","md5":"f20d365c832c3e9dff68b74848ddd096","sha1":"abe618ffb3e912a25963e9b8ef59b7c97e1628cb","sha256":"3f62ab66c7b56d95acf9a7f1bab4d9c7a871c5fa86b444c695375e38964d6a64"},"dob":{"date":"1969-07-01T03:54:20.040Z","age":54},"registered":{"date":"2020-03-20T10:31:20.268Z","age":4},"phone":"(097) U11-3475","cell":"(097) O93-1518","id":{"name":"","value":null},"picture":{"large":"https://randomuser.me/api/portraits/men/87.jpg","medium":"https://randomuser.me/api/portraits/med/men/87.jpg","thumbnail":"https://randomuser.me/api/portraits/thumb/men/87.jpg"},"nat":"UA"}],"info":{"seed":"d625964dd0691e7e","results":1,"page":1,"version":"1.4"}} 
 </msg>
<msg time="2024-06-28T21:15:54.949619" level="INFO">/opt/hostedtoolcache/Python/3.12.4/x64/lib/python3.12/site-packages/urllib3/connectionpool.py:1099: InsecureRequestWarning: Unverified HTTPS request is being made to host 'randomuser.me'. Adding certificate verification is strongly advised. See: https://urllib3.readthedocs.io/en/latest/advanced-usage.html#tls-warnings
  warnings.warn(</msg>
<msg time="2024-06-28T21:15:54.949784" level="INFO">${response} = &lt;Response [200]&gt;</msg>
<var>${response}</var>
<arg>consultarAPI</arg>
<arg>/api</arg>
<doc>Sends a GET request on a previously created HTTP Session.</doc>
<status status="PASS" start="2024-06-28T21:15:54.853216" elapsed="0.096617"/>
</kw>
<kw name="Set Variable" owner="BuiltIn">
<msg time="2024-06-28T21:15:54.951037" level="INFO">${json_data} = {'results': [{'gender': 'male', 'name': {'title': 'Mr', 'first': 'Kornilo', 'last': 'Pilipchak'}, 'location': {'street': {'number': 747, 'name': 'Slobidskiy provulok'}, 'city': 'Vinnicya', 'state': 'V...</msg>
<var>${json_data}</var>
<arg>${response.json()}</arg>
<doc>Returns the given values which can then be assigned to a variables.</doc>
<status status="PASS" start="2024-06-28T21:15:54.950476" elapsed="0.000591"/>
</kw>
<kw name="Log" owner="BuiltIn">
<msg time="2024-06-28T21:15:54.951611" level="INFO">{'results': [{'gender': 'male', 'name': {'title': 'Mr', 'first': 'Kornilo', 'last': 'Pilipchak'}, 'location': {'street': {'number': 747, 'name': 'Slobidskiy provulok'}, 'city': 'Vinnicya', 'state': 'Volinska', 'country': 'Ukraine', 'postcode': 71490, 'coordinates': {'latitude': '78.2375', 'longitude': '-74.4763'}, 'timezone': {'offset': '-8:00', 'description': 'Pacific Time (US &amp; Canada)'}}, 'email': 'kornilo.pilipchak@example.com', 'login': {'uuid': '7a21d21a-6ea3-4c6d-a130-f7eebc2156c8', 'username': 'brownbird987', 'password': 'amature', 'salt': 'B5OnYyYy', 'md5': 'f20d365c832c3e9dff68b74848ddd096', 'sha1': 'abe618ffb3e912a25963e9b8ef59b7c97e1628cb', 'sha256': '3f62ab66c7b56d95acf9a7f1bab4d9c7a871c5fa86b444c695375e38964d6a64'}, 'dob': {'date': '1969-07-01T03:54:20.040Z', 'age': 54}, 'registered': {'date': '2020-03-20T10:31:20.268Z', 'age': 4}, 'phone': '(097) U11-3475', 'cell': '(097) O93-1518', 'id': {'name': '', 'value': None}, 'picture': {'large': 'https://randomuser.me/api/portraits/men/87.jpg', 'medium': 'https://randomuser.me/api/portraits/med/men/87.jpg', 'thumbnail': 'https://randomuser.me/api/portraits/thumb/men/87.jpg'}, 'nat': 'UA'}], 'info': {'seed': 'd625964dd0691e7e', 'results': 1, 'page': 1, 'version': '1.4'}}</msg>
<arg>${json_data}</arg>
<doc>Logs the given message with the given level.</doc>
<status status="PASS" start="2024-06-28T21:15:54.951433" elapsed="0.000230"/>
</kw>
<kw name="Dictionary Should Contain Key" owner="Collections">
<arg>${json_data}</arg>
<arg>results</arg>
<doc>Fails if ``key`` is not found from ``dictionary``.</doc>
<status status="PASS" start="2024-06-28T21:15:54.951985" elapsed="0.000183"/>
</kw>
<kw name="Should Not Be Empty" owner="BuiltIn">
<msg time="2024-06-28T21:15:54.952487" level="INFO">Length is 2.</msg>
<arg>${json_data}</arg>
<doc>Verifies that the given item is not empty.</doc>
<status status="PASS" start="2024-06-28T21:15:54.952359" elapsed="0.000171"/>
</kw>
<kw name="Create List" owner="BuiltIn">
<msg time="2024-06-28T21:15:54.952984" level="INFO">${expected_keys} = ['gender', 'name', 'location', 'email', 'login']</msg>
<var>${expected_keys}</var>
<arg>gender</arg>
<arg>name</arg>
<arg>location</arg>
<arg>email</arg>
<arg>login</arg>
<doc>Returns a list containing given items.</doc>
<status status="PASS" start="2024-06-28T21:15:54.952828" elapsed="0.000180"/>
</kw>
<for flavor="IN">
<iter>
<kw name="Dictionary Should Contain Key" owner="Collections">
<arg>${json_data['results'][0]}</arg>
<arg>${key}</arg>
<doc>Fails if ``key`` is not found from ``dictionary``.</doc>
<status status="PASS" start="2024-06-28T21:15:54.953851" elapsed="0.000425"/>
</kw>
<kw name="Log" owner="BuiltIn">
<msg time="2024-06-28T21:15:54.954854" level="INFO">{'gender': 'male', 'name': {'title': 'Mr', 'first': 'Kornilo', 'last': 'Pilipchak'}, 'location': {'street': {'number': 747, 'name': 'Slobidskiy provulok'}, 'city': 'Vinnicya', 'state': 'Volinska', 'country': 'Ukraine', 'postcode': 71490, 'coordinates': {'latitude': '78.2375', 'longitude': '-74.4763'}, 'timezone': {'offset': '-8:00', 'description': 'Pacific Time (US &amp; Canada)'}}, 'email': 'kornilo.pilipchak@example.com', 'login': {'uuid': '7a21d21a-6ea3-4c6d-a130-f7eebc2156c8', 'username': 'brownbird987', 'password': 'amature', 'salt': 'B5OnYyYy', 'md5': 'f20d365c832c3e9dff68b74848ddd096', 'sha1': 'abe618ffb3e912a25963e9b8ef59b7c97e1628cb', 'sha256': '3f62ab66c7b56d95acf9a7f1bab4d9c7a871c5fa86b444c695375e38964d6a64'}, 'dob': {'date': '1969-07-01T03:54:20.040Z', 'age': 54}, 'registered': {'date': '2020-03-20T10:31:20.268Z', 'age': 4}, 'phone': '(097) U11-3475', 'cell': '(097) O93-1518', 'id': {'name': '', 'value': None}, 'picture': {'large': 'https://randomuser.me/api/portraits/men/87.jpg', 'medium': 'https://randomuser.me/api/portraits/med/men/87.jpg', 'thumbnail': 'https://randomuser.me/api/portraits/thumb/men/87.jpg'}, 'nat': 'UA'}</msg>
<arg>${json_data['results'][0]}</arg>
<doc>Logs the given message with the given level.</doc>
<status status="PASS" start="2024-06-28T21:15:54.954469" elapsed="0.000437"/>
</kw>
<kw name="Log" owner="BuiltIn">
<msg time="2024-06-28T21:15:54.955360" level="INFO">gender</msg>
<arg>${key}</arg>
<doc>Logs the given message with the given level.</doc>
<status status="PASS" start="2024-06-28T21:15:54.955224" elapsed="0.000176"/>
</kw>
<var name="${key}">gender</var>
<status status="PASS" start="2024-06-28T21:15:54.953722" elapsed="0.001907"/>
</iter>
<iter>
<kw name="Dictionary Should Contain Key" owner="Collections">
<arg>${json_data['results'][0]}</arg>
<arg>${key}</arg>
<doc>Fails if ``key`` is not found from ``dictionary``.</doc>
<status status="PASS" start="2024-06-28T21:15:54.955943" elapsed="0.000403"/>
</kw>
<kw name="Log" owner="BuiltIn">
<msg time="2024-06-28T21:15:54.956889" level="INFO">{'gender': 'male', 'name': {'title': 'Mr', 'first': 'Kornilo', 'last': 'Pilipchak'}, 'location': {'street': {'number': 747, 'name': 'Slobidskiy provulok'}, 'city': 'Vinnicya', 'state': 'Volinska', 'country': 'Ukraine', 'postcode': 71490, 'coordinates': {'latitude': '78.2375', 'longitude': '-74.4763'}, 'timezone': {'offset': '-8:00', 'description': 'Pacific Time (US &amp; Canada)'}}, 'email': 'kornilo.pilipchak@example.com', 'login': {'uuid': '7a21d21a-6ea3-4c6d-a130-f7eebc2156c8', 'username': 'brownbird987', 'password': 'amature', 'salt': 'B5OnYyYy', 'md5': 'f20d365c832c3e9dff68b74848ddd096', 'sha1': 'abe618ffb3e912a25963e9b8ef59b7c97e1628cb', 'sha256': '3f62ab66c7b56d95acf9a7f1bab4d9c7a871c5fa86b444c695375e38964d6a64'}, 'dob': {'date': '1969-07-01T03:54:20.040Z', 'age': 54}, 'registered': {'date': '2020-03-20T10:31:20.268Z', 'age': 4}, 'phone': '(097) U11-3475', 'cell': '(097) O93-1518', 'id': {'name': '', 'value': None}, 'picture': {'large': 'https://randomuser.me/api/portraits/men/87.jpg', 'medium': 'https://randomuser.me/api/portraits/med/men/87.jpg', 'thumbnail': 'https://randomuser.me/api/portraits/thumb/men/87.jpg'}, 'nat': 'UA'}</msg>
<arg>${json_data['results'][0]}</arg>
<doc>Logs the given message with the given level.</doc>
<status status="PASS" start="2024-06-28T21:15:54.956526" elapsed="0.000453"/>
</kw>
<kw name="Log" owner="BuiltIn">
<msg time="2024-06-28T21:15:54.957437" level="INFO">name</msg>
<arg>${key}</arg>
<doc>Logs the given message with the given level.</doc>
<status status="PASS" start="2024-06-28T21:15:54.957300" elapsed="0.000176"/>
</kw>
<var name="${key}">name</var>
<status status="PASS" start="2024-06-28T21:15:54.955829" elapsed="0.001864"/>
</iter>
<iter>
<kw name="Dictionary Should Contain Key" owner="Collections">
<arg>${json_data['results'][0]}</arg>
<arg>${key}</arg>
<doc>Fails if ``key`` is not found from ``dictionary``.</doc>
<status status="PASS" start="2024-06-28T21:15:54.957981" elapsed="0.000381"/>
</kw>
<kw name="Log" owner="BuiltIn">
<msg time="2024-06-28T21:15:54.958903" level="INFO">{'gender': 'male', 'name': {'title': 'Mr', 'first': 'Kornilo', 'last': 'Pilipchak'}, 'location': {'street': {'number': 747, 'name': 'Slobidskiy provulok'}, 'city': 'Vinnicya', 'state': 'Volinska', 'country': 'Ukraine', 'postcode': 71490, 'coordinates': {'latitude': '78.2375', 'longitude': '-74.4763'}, 'timezone': {'offset': '-8:00', 'description': 'Pacific Time (US &amp; Canada)'}}, 'email': 'kornilo.pilipchak@example.com', 'login': {'uuid': '7a21d21a-6ea3-4c6d-a130-f7eebc2156c8', 'username': 'brownbird987', 'password': 'amature', 'salt': 'B5OnYyYy', 'md5': 'f20d365c832c3e9dff68b74848ddd096', 'sha1': 'abe618ffb3e912a25963e9b8ef59b7c97e1628cb', 'sha256': '3f62ab66c7b56d95acf9a7f1bab4d9c7a871c5fa86b444c695375e38964d6a64'}, 'dob': {'date': '1969-07-01T03:54:20.040Z', 'age': 54}, 'registered': {'date': '2020-03-20T10:31:20.268Z', 'age': 4}, 'phone': '(097) U11-3475', 'cell': '(097) O93-1518', 'id': {'name': '', 'value': None}, 'picture': {'large': 'https://randomuser.me/api/portraits/men/87.jpg', 'medium': 'https://randomuser.me/api/portraits/med/men/87.jpg', 'thumbnail': 'https://randomuser.me/api/portraits/thumb/men/87.jpg'}, 'nat': 'UA'}</msg>
<arg>${json_data['results'][0]}</arg>
<doc>Logs the given message with the given level.</doc>
<status status="PASS" start="2024-06-28T21:15:54.958541" elapsed="0.000435"/>
</kw>
<kw name="Log" owner="BuiltIn">
<msg time="2024-06-28T21:15:54.959565" level="INFO">location</msg>
<arg>${key}</arg>
<doc>Logs the given message with the given level.</doc>
<status status="PASS" start="2024-06-28T21:15:54.959393" elapsed="0.000212"/>
</kw>
<var name="${key}">location</var>
<status status="PASS" start="2024-06-28T21:15:54.957874" elapsed="0.001957"/>
</iter>
<iter>
<kw name="Dictionary Should Contain Key" owner="Collections">
<arg>${json_data['results'][0]}</arg>
<arg>${key}</arg>
<doc>Fails if ``key`` is not found from ``dictionary``.</doc>
<status status="PASS" start="2024-06-28T21:15:54.960115" elapsed="0.000393"/>
</kw>
<kw name="Log" owner="BuiltIn">
<msg time="2024-06-28T21:15:54.961040" level="INFO">{'gender': 'male', 'name': {'title': 'Mr', 'first': 'Kornilo', 'last': 'Pilipchak'}, 'location': {'street': {'number': 747, 'name': 'Slobidskiy provulok'}, 'city': 'Vinnicya', 'state': 'Volinska', 'country': 'Ukraine', 'postcode': 71490, 'coordinates': {'latitude': '78.2375', 'longitude': '-74.4763'}, 'timezone': {'offset': '-8:00', 'description': 'Pacific Time (US &amp; Canada)'}}, 'email': 'kornilo.pilipchak@example.com', 'login': {'uuid': '7a21d21a-6ea3-4c6d-a130-f7eebc2156c8', 'username': 'brownbird987', 'password': 'amature', 'salt': 'B5OnYyYy', 'md5': 'f20d365c832c3e9dff68b74848ddd096', 'sha1': 'abe618ffb3e912a25963e9b8ef59b7c97e1628cb', 'sha256': '3f62ab66c7b56d95acf9a7f1bab4d9c7a871c5fa86b444c695375e38964d6a64'}, 'dob': {'date': '1969-07-01T03:54:20.040Z', 'age': 54}, 'registered': {'date': '2020-03-20T10:31:20.268Z', 'age': 4}, 'phone': '(097) U11-3475', 'cell': '(097) O93-1518', 'id': {'name': '', 'value': None}, 'picture': {'large': 'https://randomuser.me/api/portraits/men/87.jpg', 'medium': 'https://randomuser.me/api/portraits/med/men/87.jpg', 'thumbnail': 'https://randomuser.me/api/portraits/thumb/men/87.jpg'}, 'nat': 'UA'}</msg>
<arg>${json_data['results'][0]}</arg>
<doc>Logs the given message with the given level.</doc>
<status status="PASS" start="2024-06-28T21:15:54.960688" elapsed="0.000401"/>
</kw>
<kw name="Log" owner="BuiltIn">
<msg time="2024-06-28T21:15:54.961545" level="INFO">email</msg>
<arg>${key}</arg>
<doc>Logs the given message with the given level.</doc>
<status status="PASS" start="2024-06-28T21:15:54.961415" elapsed="0.000170"/>
</kw>
<var name="${key}">email</var>
<status status="PASS" start="2024-06-28T21:15:54.960008" elapsed="0.001793"/>
</iter>
<iter>
<kw name="Dictionary Should Contain Key" owner="Collections">
<arg>${json_data['results'][0]}</arg>
<arg>${key}</arg>
<doc>Fails if ``key`` is not found from ``dictionary``.</doc>
<status status="PASS" start="2024-06-28T21:15:54.962089" elapsed="0.000398"/>
</kw>
<kw name="Log" owner="BuiltIn">
<msg time="2024-06-28T21:15:54.963033" level="INFO">{'gender': 'male', 'name': {'title': 'Mr', 'first': 'Kornilo', 'last': 'Pilipchak'}, 'location': {'street': {'number': 747, 'name': 'Slobidskiy provulok'}, 'city': 'Vinnicya', 'state': 'Volinska', 'country': 'Ukraine', 'postcode': 71490, 'coordinates': {'latitude': '78.2375', 'longitude': '-74.4763'}, 'timezone': {'offset': '-8:00', 'description': 'Pacific Time (US &amp; Canada)'}}, 'email': 'kornilo.pilipchak@example.com', 'login': {'uuid': '7a21d21a-6ea3-4c6d-a130-f7eebc2156c8', 'username': 'brownbird987', 'password': 'amature', 'salt': 'B5OnYyYy', 'md5': 'f20d365c832c3e9dff68b74848ddd096', 'sha1': 'abe618ffb3e912a25963e9b8ef59b7c97e1628cb', 'sha256': '3f62ab66c7b56d95acf9a7f1bab4d9c7a871c5fa86b444c695375e38964d6a64'}, 'dob': {'date': '1969-07-01T03:54:20.040Z', 'age': 54}, 'registered': {'date': '2020-03-20T10:31:20.268Z', 'age': 4}, 'phone': '(097) U11-3475', 'cell': '(097) O93-1518', 'id': {'name': '', 'value': None}, 'picture': {'large': 'https://randomuser.me/api/portraits/men/87.jpg', 'medium': 'https://randomuser.me/api/portraits/med/men/87.jpg', 'thumbnail': 'https://randomuser.me/api/portraits/thumb/men/87.jpg'}, 'nat': 'UA'}</msg>
<arg>${json_data['results'][0]}</arg>
<doc>Logs the given message with the given level.</doc>
<status status="PASS" start="2024-06-28T21:15:54.962670" elapsed="0.000411"/>
</kw>
<kw name="Log" owner="BuiltIn">
<msg time="2024-06-28T21:15:54.963512" level="INFO">login</msg>
<arg>${key}</arg>
<doc>Logs the given message with the given level.</doc>
<status status="PASS" start="2024-06-28T21:15:54.963382" elapsed="0.000169"/>
</kw>
<var name="${key}">login</var>
<status status="PASS" start="2024-06-28T21:15:54.961977" elapsed="0.001798"/>
</iter>
<var>${key}</var>
<value>@{expected_keys}</value>
<status status="PASS" start="2024-06-28T21:15:54.953511" elapsed="0.010386"/>
</for>
<kw name="Create List" owner="BuiltIn">
<msg time="2024-06-28T21:15:54.964232" level="INFO">${expected_keysTwo} = ['username', 'password']</msg>
<var>${expected_keysTwo}</var>
<arg>username</arg>
<arg>password</arg>
<doc>Returns a list containing given items.</doc>
<status status="PASS" start="2024-06-28T21:15:54.964095" elapsed="0.000161"/>
</kw>
<for flavor="IN">
<iter>
<kw name="Dictionary Should Contain Key" owner="Collections">
<arg>${json_data['results'][0]['login']}</arg>
<arg>${keyTwo}</arg>
<doc>Fails if ``key`` is not found from ``dictionary``.</doc>
<status status="PASS" start="2024-06-28T21:15:54.964792" elapsed="0.000386"/>
</kw>
<kw name="Dictionary Should Contain Key" owner="Collections">
<arg>${json_data['results'][0]['login']}</arg>
<arg>${keyTwo}</arg>
<doc>Fails if ``key`` is not found from ``dictionary``.</doc>
<status status="PASS" start="2024-06-28T21:15:54.965400" elapsed="0.000378"/>
</kw>
<kw name="Log" owner="BuiltIn">
<msg time="2024-06-28T21:15:54.966085" level="INFO">username</msg>
<arg>${keyTwo}</arg>
<doc>Logs the given message with the given level.</doc>
<status status="PASS" start="2024-06-28T21:15:54.965960" elapsed="0.000164"/>
</kw>
<var name="${keyTwo}">username</var>
<status status="PASS" start="2024-06-28T21:15:54.964686" elapsed="0.001656"/>
</iter>
<iter>
<kw name="Dictionary Should Contain Key" owner="Collections">
<arg>${json_data['results'][0]['login']}</arg>
<arg>${keyTwo}</arg>
<doc>Fails if ``key`` is not found from ``dictionary``.</doc>
<status status="PASS" start="2024-06-28T21:15:54.966615" elapsed="0.000387"/>
</kw>
<kw name="Dictionary Should Contain Key" owner="Collections">
<arg>${json_data['results'][0]['login']}</arg>
<arg>${keyTwo}</arg>
<doc>Fails if ``key`` is not found from ``dictionary``.</doc>
<status status="PASS" start="2024-06-28T21:15:54.967180" elapsed="0.000384"/>
</kw>
<kw name="Log" owner="BuiltIn">
<msg time="2024-06-28T21:15:54.967857" level="INFO">password</msg>
<arg>${keyTwo}</arg>
<doc>Logs the given message with the given level.</doc>
<status status="PASS" start="2024-06-28T21:15:54.967739" elapsed="0.000159"/>
</kw>
<var name="${keyTwo}">password</var>
<status status="PASS" start="2024-06-28T21:15:54.966511" elapsed="0.001606"/>
</iter>
<var>${keyTwo}</var>
<value>@{expected_keysTwo}</value>
<status status="PASS" start="2024-06-28T21:15:54.964525" elapsed="0.003712"/>
</for>
<status status="PASS" start="2024-06-28T21:15:54.852960" elapsed="0.115419"/>
</kw>
<doc>Testa a estrutura da resposta da API.</doc>
<tag>testeEstruturaResposta</tag>
<status status="PASS" start="2024-06-28T21:15:54.852304" elapsed="0.116234"/>
</test>
<test id="s1-s1-t4" name="Validar tipos de dados" line="28">
<kw name="Teste de Tipos de Dados" owner="random-user-service">
<kw name="GET On Session" owner="RequestsLibrary">
<msg time="2024-06-28T21:15:55.054248" level="INFO">GET Request : url=https://randomuser.me/api 
 path_url=/api 
 headers={'User-Agent': 'python-requests/2.32.3', 'Accept-Encoding': 'gzip, deflate', 'Accept': '*/*', 'Connection': 'keep-alive'} 
 body=None 
 </msg>
<msg time="2024-06-28T21:15:55.054361" level="INFO">GET Response : url=https://randomuser.me/api 
 status=200, reason=OK 
 headers={'Date': 'Fri, 28 Jun 2024 21:15:55 GMT', 'Content-Type': 'application/json; charset=utf-8', 'Transfer-Encoding': 'chunked', 'Connection': 'keep-alive', 'X-Powered-By': 'Express', 'Access-Control-Allow-Origin': '*', 'Cache-Control': 'no-cache', 'ETag': 'W/"49c-zR4TB8XxJWAgy0U8efM7BWx1Glw"', 'Vary': 'Accept-Encoding', 'Content-Encoding': 'gzip', 'CF-Cache-Status': 'DYNAMIC', 'Report-To': '{"endpoints":[{"url":"https:\\/\\/a.nel.cloudflare.com\\/report\\/v4?s=EYlu8K4awu0EtX5bcnqFDxvCjHOEVxyr9i04MUCHf7prR3k9zB%2BWo14J%2FJOlEl3LTqtdQN1X7CORq013hdJgkOe5NHyYuRamMqKxCt5u%2BXoEaMoXGuBwH2uKlNJMWjJf"}],"group":"cf-nel","max_age":604800}', 'NEL': '{"success_fraction":0,"report_to":"cf-nel","max_age":604800}', 'Server': 'cloudflare', 'CF-RAY': '89b0b1e49d23cff5-SJC', 'alt-svc': 'h3=":443"; ma=86400'} 
 body={"results":[{"gender":"male","name":{"title":"Mr","first":"Edgar","last":"Bates"},"location":{"street":{"number":6585,"name":"West Street"},"city":"Belfast","state":"County Armagh","country":"United Kingdom","postcode":"HQ3 7LQ","coordinates":{"latitude":"-12.3086","longitude":"-92.3550"},"timezone":{"offset":"+5:30","description":"Bombay, Calcutta, Madras, New Delhi"}},"email":"edgar.bates@example.com","login":{"uuid":"40baf12a-db2d-4980-8dd8-0661ff2e78c6","username":"ticklishlion116","password":"stanton","salt":"2Rl2JHca","md5":"aabb5a8f3c65ed7bc9e71f84966dc2d4","sha1":"1b64b8436738a9a89334b2a432aaf53480cd4450","sha256":"0e5d2bda30d8c59ccc5ed1d9aaff70455a50e02c95a7314594696d0c24ba44e0"},"dob":{"date":"1968-11-30T03:26:12.650Z","age":55},"registered":{"date":"2009-12-16T17:49:04.534Z","age":14},"phone":"016974 05147","cell":"07273 271349","id":{"name":"NINO","value":"LS 93 22 38 X"},"picture":{"large":"https://randomuser.me/api/portraits/men/10.jpg","medium":"https://randomuser.me/api/portraits/med/men/10.jpg","thumbnail":"https://randomuser.me/api/portraits/thumb/men/10.jpg"},"nat":"GB"}],"info":{"seed":"2a043013383d8988","results":1,"page":1,"version":"1.4"}} 
 </msg>
<msg time="2024-06-28T21:15:55.054437" level="INFO">/opt/hostedtoolcache/Python/3.12.4/x64/lib/python3.12/site-packages/urllib3/connectionpool.py:1099: InsecureRequestWarning: Unverified HTTPS request is being made to host 'randomuser.me'. Adding certificate verification is strongly advised. See: https://urllib3.readthedocs.io/en/latest/advanced-usage.html#tls-warnings
  warnings.warn(</msg>
<msg time="2024-06-28T21:15:55.054574" level="INFO">${response} = &lt;Response [200]&gt;</msg>
<var>${response}</var>
<arg>consultarAPI</arg>
<arg>/api</arg>
<doc>Sends a GET request on a previously created HTTP Session.</doc>
<status status="PASS" start="2024-06-28T21:15:54.971300" elapsed="0.083316"/>
</kw>
<kw name="Set Variable" owner="BuiltIn">
<msg time="2024-06-28T21:15:55.055882" level="INFO">${json_data} = {'results': [{'gender': 'male', 'name': {'title': 'Mr', 'first': 'Edgar', 'last': 'Bates'}, 'location': {'street': {'number': 6585, 'name': 'West Street'}, 'city': 'Belfast', 'state': 'County Armagh',...</msg>
<var>${json_data}</var>
<arg>${response.json()}</arg>
<doc>Returns the given values which can then be assigned to a variables.</doc>
<status status="PASS" start="2024-06-28T21:15:55.055296" elapsed="0.000614"/>
</kw>
<kw name="Log" owner="BuiltIn">
<msg time="2024-06-28T21:15:55.056446" level="INFO">{'results': [{'gender': 'male', 'name': {'title': 'Mr', 'first': 'Edgar', 'last': 'Bates'}, 'location': {'street': {'number': 6585, 'name': 'West Street'}, 'city': 'Belfast', 'state': 'County Armagh', 'country': 'United Kingdom', 'postcode': 'HQ3 7LQ', 'coordinates': {'latitude': '-12.3086', 'longitude': '-92.3550'}, 'timezone': {'offset': '+5:30', 'description': 'Bombay, Calcutta, Madras, New Delhi'}}, 'email': 'edgar.bates@example.com', 'login': {'uuid': '40baf12a-db2d-4980-8dd8-0661ff2e78c6', 'username': 'ticklishlion116', 'password': 'stanton', 'salt': '2Rl2JHca', 'md5': 'aabb5a8f3c65ed7bc9e71f84966dc2d4', 'sha1': '1b64b8436738a9a89334b2a432aaf53480cd4450', 'sha256': '0e5d2bda30d8c59ccc5ed1d9aaff70455a50e02c95a7314594696d0c24ba44e0'}, 'dob': {'date': '1968-11-30T03:26:12.650Z', 'age': 55}, 'registered': {'date': '2009-12-16T17:49:04.534Z', 'age': 14}, 'phone': '016974 05147', 'cell': '07273 271349', 'id': {'name': 'NINO', 'value': 'LS 93 22 38 X'}, 'picture': {'large': 'https://randomuser.me/api/portraits/men/10.jpg', 'medium': 'https://randomuser.me/api/portraits/med/men/10.jpg', 'thumbnail': 'https://randomuser.me/api/portraits/thumb/men/10.jpg'}, 'nat': 'GB'}], 'info': {'seed': '2a043013383d8988', 'results': 1, 'page': 1, 'version': '1.4'}}</msg>
<arg>${json_data}</arg>
<doc>Logs the given message with the given level.</doc>
<status status="PASS" start="2024-06-28T21:15:55.056278" elapsed="0.000218"/>
</kw>
<kw name="Should Be String" owner="String">
<arg>${json_data['results'][0]['gender']}</arg>
<doc>Fails if the given ``item`` is not a string.</doc>
<status status="PASS" start="2024-06-28T21:15:55.056805" elapsed="0.000391"/>
</kw>
<kw name="Should Match Regexp" owner="BuiltIn">
<arg>${json_data['results'][0]['email']}</arg>
<arg>^[a-zA-Z0-9._%+-]+@[a-zA-Z0-9.-]+\.[a-zA-Z]{2,}$</arg>
<doc>Fails if ``string`` does not match ``pattern`` as a regular expression.</doc>
<status status="PASS" start="2024-06-28T21:15:55.057507" elapsed="0.000590"/>
</kw>
<kw name="Should Match Regexp" owner="BuiltIn">
<arg>${json_data['results'][0]['dob']['date']}</arg>
<arg>\\d{4}-\\d{2}-\\d{2}T\\d{2}:\\d{2}:\\d{2}\\.\\d{3}Z</arg>
<doc>Fails if ``string`` does not match ``pattern`` as a regular expression.</doc>
<status status="PASS" start="2024-06-28T21:15:55.058374" elapsed="0.000513"/>
</kw>
<kw name="Should Match Regexp" owner="BuiltIn">
<arg>${json_data['results'][0]['registered']['date']}</arg>
<arg>\\d{4}-\\d{2}-\\d{2}T\\d{2}:\\d{2}:\\d{2}\\.\\d{3}Z</arg>
<doc>Fails if ``string`` does not match ``pattern`` as a regular expression.</doc>
<status status="PASS" start="2024-06-28T21:15:55.059083" elapsed="0.000382"/>
</kw>
<kw name="Should Match Regexp" owner="BuiltIn">
<arg>${json_data['results'][0]['picture']['large']}</arg>
<arg>^https?://.*\.(?:png|jpe?g|gif|bmp)$</arg>
<doc>Fails if ``string`` does not match ``pattern`` as a regular expression.</doc>
<status status="PASS" start="2024-06-28T21:15:55.059651" elapsed="0.000463"/>
</kw>
<kw name="Should Match Regexp" owner="BuiltIn">
<arg>${json_data['results'][0]['picture']['medium']}</arg>
<arg>^https?://.*\.(?:png|jpe?g|gif|bmp)$</arg>
<doc>Fails if ``string`` does not match ``pattern`` as a regular expression.</doc>
<status status="PASS" start="2024-06-28T21:15:55.060300" elapsed="0.000353"/>
</kw>
<kw name="Should Match Regexp" owner="BuiltIn">
<arg>${json_data['results'][0]['picture']['thumbnail']}</arg>
<arg>^https?://.*\.(?:png|jpe?g|gif|bmp)$</arg>
<doc>Fails if ``string`` does not match ``pattern`` as a regular expression.</doc>
<status status="PASS" start="2024-06-28T21:15:55.060835" elapsed="0.000344"/>
</kw>
<kw name="Log" owner="BuiltIn">
<msg time="2024-06-28T21:15:55.061736" level="INFO">{'large': 'https://randomuser.me/api/portraits/men/10.jpg', 'medium': 'https://randomuser.me/api/portraits/med/men/10.jpg', 'thumbnail': 'https://randomuser.me/api/portraits/thumb/men/10.jpg'}</msg>
<arg>${json_data['results'][0]['picture']}</arg>
<doc>Logs the given message with the given level.</doc>
<status status="PASS" start="2024-06-28T21:15:55.061401" elapsed="0.000378"/>
</kw>
<status status="PASS" start="2024-06-28T21:15:54.971060" elapsed="0.090997"/>
</kw>
<kw name="Teste de Tipos de Dados - Postcode" owner="random-user-service">
<kw name="GET On Session" owner="RequestsLibrary">
<msg time="2024-06-28T21:15:55.160212" level="INFO">GET Request : url=https://randomuser.me/api 
 path_url=/api 
 headers={'User-Agent': 'python-requests/2.32.3', 'Accept-Encoding': 'gzip, deflate', 'Accept': '*/*', 'Connection': 'keep-alive'} 
 body=None 
 </msg>
<msg time="2024-06-28T21:15:55.160317" level="INFO">GET Response : url=https://randomuser.me/api 
 status=200, reason=OK 
 headers={'Date': 'Fri, 28 Jun 2024 21:15:55 GMT', 'Content-Type': 'application/json; charset=utf-8', 'Transfer-Encoding': 'chunked', 'Connection': 'keep-alive', 'X-Powered-By': 'Express', 'Access-Control-Allow-Origin': '*', 'Cache-Control': 'no-cache', 'ETag': 'W/"489-zuDUV539GjY1EItX7QInGFPsf68"', 'Vary': 'Accept-Encoding', 'Content-Encoding': 'gzip', 'CF-Cache-Status': 'DYNAMIC', 'Report-To': '{"endpoints":[{"url":"https:\\/\\/a.nel.cloudflare.com\\/report\\/v4?s=piEJ%2BJRljMunx5AcTmY76F1w748g7Baiu%2BHmXSFWF3jBcjPMm%2BEFCq5uoKeY43NT3mzJ2WjHzIXq6t45%2F%2BUtaBDcvm%2B4B43dDUa4hXOsC8IUJ6LtweNRaWKmSOJa8ZaN"}],"group":"cf-nel","max_age":604800}', 'NEL': '{"success_fraction":0,"report_to":"cf-nel","max_age":604800}', 'Server': 'cloudflare', 'CF-RAY': '89b0b1e52db7cff5-SJC', 'alt-svc': 'h3=":443"; ma=86400'} 
 body={"results":[{"gender":"male","name":{"title":"Mr","first":"Dustin","last":"Ray"},"location":{"street":{"number":1422,"name":"Westmoreland Street"},"city":"Ballinasloe","state":"Kerry","country":"Ireland","postcode":28553,"coordinates":{"latitude":"2.6431","longitude":"-37.3881"},"timezone":{"offset":"+9:00","description":"Tokyo, Seoul, Osaka, Sapporo, Yakutsk"}},"email":"dustin.ray@example.com","login":{"uuid":"4be2f153-109f-4cb4-bbb5-b96807de28ca","username":"redgoose755","password":"rampage","salt":"faK9XQs9","md5":"b755431e6ea8696f0c46e586901d332d","sha1":"665964a61425dd39da9300185420381dd1747d8e","sha256":"5a97317b1e8ffd57472e4592a65881845e9685054e0d68fa4548b7df3d8add07"},"dob":{"date":"1978-09-20T05:37:55.261Z","age":45},"registered":{"date":"2011-01-14T10:52:32.782Z","age":13},"phone":"011-489-1586","cell":"081-895-6221","id":{"name":"PPS","value":"3676846T"},"picture":{"large":"https://randomuser.me/api/portraits/men/51.jpg","medium":"https://randomuser.me/api/portraits/med/men/51.jpg","thumbnail":"https://randomuser.me/api/portraits/thumb/men/51.jpg"},"nat":"IE"}],"info":{"seed":"0ec42561ec1dd21a","results":1,"page":1,"version":"1.4"}} 
 </msg>
<msg time="2024-06-28T21:15:55.160387" level="INFO">/opt/hostedtoolcache/Python/3.12.4/x64/lib/python3.12/site-packages/urllib3/connectionpool.py:1099: InsecureRequestWarning: Unverified HTTPS request is being made to host 'randomuser.me'. Adding certificate verification is strongly advised. See: https://urllib3.readthedocs.io/en/latest/advanced-usage.html#tls-warnings
  warnings.warn(</msg>
<msg time="2024-06-28T21:15:55.160512" level="INFO">${response} = &lt;Response [200]&gt;</msg>
<var>${response}</var>
<arg>consultarAPI</arg>
<arg>/api</arg>
<doc>Sends a GET request on a previously created HTTP Session.</doc>
<status status="PASS" start="2024-06-28T21:15:55.062525" elapsed="0.098027"/>
</kw>
<kw name="Set Variable" owner="BuiltIn">
<msg time="2024-06-28T21:15:55.161819" level="INFO">${json_data} = {'results': [{'gender': 'male', 'name': {'title': 'Mr', 'first': 'Dustin', 'last': 'Ray'}, 'location': {'street': {'number': 1422, 'name': 'Westmoreland Street'}, 'city': 'Ballinasloe', 'state': 'Kerr...</msg>
<var>${json_data}</var>
<arg>${response.json()}</arg>
<doc>Returns the given values which can then be assigned to a variables.</doc>
<status status="PASS" start="2024-06-28T21:15:55.161205" elapsed="0.000643"/>
</kw>
<kw name="Log" owner="BuiltIn">
<msg time="2024-06-28T21:15:55.162326" level="INFO">{'results': [{'gender': 'male', 'name': {'title': 'Mr', 'first': 'Dustin', 'last': 'Ray'}, 'location': {'street': {'number': 1422, 'name': 'Westmoreland Street'}, 'city': 'Ballinasloe', 'state': 'Kerry', 'country': 'Ireland', 'postcode': 28553, 'coordinates': {'latitude': '2.6431', 'longitude': '-37.3881'}, 'timezone': {'offset': '+9:00', 'description': 'Tokyo, Seoul, Osaka, Sapporo, Yakutsk'}}, 'email': 'dustin.ray@example.com', 'login': {'uuid': '4be2f153-109f-4cb4-bbb5-b96807de28ca', 'username': 'redgoose755', 'password': 'rampage', 'salt': 'faK9XQs9', 'md5': 'b755431e6ea8696f0c46e586901d332d', 'sha1': '665964a61425dd39da9300185420381dd1747d8e', 'sha256': '5a97317b1e8ffd57472e4592a65881845e9685054e0d68fa4548b7df3d8add07'}, 'dob': {'date': '1978-09-20T05:37:55.261Z', 'age': 45}, 'registered': {'date': '2011-01-14T10:52:32.782Z', 'age': 13}, 'phone': '011-489-1586', 'cell': '081-895-6221', 'id': {'name': 'PPS', 'value': '3676846T'}, 'picture': {'large': 'https://randomuser.me/api/portraits/men/51.jpg', 'medium': 'https://randomuser.me/api/portraits/med/men/51.jpg', 'thumbnail': 'https://randomuser.me/api/portraits/thumb/men/51.jpg'}, 'nat': 'IE'}], 'info': {'seed': '0ec42561ec1dd21a', 'results': 1, 'page': 1, 'version': '1.4'}}</msg>
<arg>${json_data}</arg>
<doc>Logs the given message with the given level.</doc>
<status status="PASS" start="2024-06-28T21:15:55.162162" elapsed="0.000212"/>
</kw>
<kw name="Should Be Equal As Numbers" owner="BuiltIn">
<arg>${json_data['results'][0]['location']['postcode']}</arg>
<arg>${json_data['results'][0]['location']['postcode']}</arg>
<doc>Fails if objects are unequal after converting them to real numbers.</doc>
<status status="PASS" start="2024-06-28T21:15:55.162666" elapsed="0.000661"/>
</kw>
<kw name="Log" owner="BuiltIn">
<msg time="2024-06-28T21:15:55.163854" level="INFO">28553</msg>
<arg>${json_data['results'][0]['location']['postcode']}</arg>
<doc>Logs the given message with the given level.</doc>
<status status="PASS" start="2024-06-28T21:15:55.163513" elapsed="0.000381"/>
</kw>
<status status="PASS" start="2024-06-28T21:15:55.062289" elapsed="0.101904"/>
</kw>
<doc>Testa se os tipos de dados na resposta da API estão corretos.</doc>
<tag>testeTiposDados</tag>
<status status="PASS" start="2024-06-28T21:15:54.970357" elapsed="0.194009"/>
</test>
<test id="s1-s1-t5" name="Validar conteudo" line="35">
<kw name="Teste de Tipos de Conteudo" owner="random-user-service">
<kw name="GET On Session" owner="RequestsLibrary">
<msg time="2024-06-28T21:15:55.259969" level="INFO">GET Request : url=https://randomuser.me/api 
 path_url=/api 
 headers={'User-Agent': 'python-requests/2.32.3', 'Accept-Encoding': 'gzip, deflate', 'Accept': '*/*', 'Connection': 'keep-alive'} 
 body=None 
 </msg>
<msg time="2024-06-28T21:15:55.260083" level="INFO">GET Response : url=https://randomuser.me/api 
 status=200, reason=OK 
 headers={'Date': 'Fri, 28 Jun 2024 21:15:55 GMT', 'Content-Type': 'application/json; charset=utf-8', 'Transfer-Encoding': 'chunked', 'Connection': 'keep-alive', 'X-Powered-By': 'Express', 'Access-Control-Allow-Origin': '*', 'Cache-Control': 'no-cache', 'ETag': 'W/"49f-H2SeLxm26ceFyw2ylF2U3iO5lD0"', 'Vary': 'Accept-Encoding', 'Content-Encoding': 'gzip', 'CF-Cache-Status': 'DYNAMIC', 'Report-To': '{"endpoints":[{"url":"https:\\/\\/a.nel.cloudflare.com\\/report\\/v4?s=w5MWfWoH%2BNQhI3UtGdUp2xCcoQKoPjMmCwWeyP2iZ2psn4Q%2FqhK%2F6N5GFPriYDc%2BWuiXfanUkc4%2BR0%2BHnYO7XkHmVeNYWqpN%2BW5S6HUIjdr%2Bxiegs%2FJlah1RzCxCOTuP"}],"group":"cf-nel","max_age":604800}', 'NEL': '{"success_fraction":0,"report_to":"cf-nel","max_age":604800}', 'Server': 'cloudflare', 'CF-RAY': '89b0b1e5ce32cff5-SJC', 'alt-svc': 'h3=":443"; ma=86400'} 
 body={"results":[{"gender":"female","name":{"title":"Mrs","first":"Kristen","last":"Bennett"},"location":{"street":{"number":9962,"name":"Parker Rd"},"city":"Cairns","state":"South Australia","country":"Australia","postcode":8338,"coordinates":{"latitude":"-81.7267","longitude":"102.3583"},"timezone":{"offset":"+11:00","description":"Magadan, Solomon Islands, New Caledonia"}},"email":"kristen.bennett@example.com","login":{"uuid":"807ff949-74f9-4598-8be2-b079c043f5ec","username":"bluepeacock122","password":"twins","salt":"r7JvLGXS","md5":"b8d5b80af1fe858fe2c515d56fcf4026","sha1":"0d9dce8caf357406833156a632f0fec5af8d97c5","sha256":"453d6eeee80b18ed2a0f52ed097e457c176b379159e2611a4749ddcf09d56838"},"dob":{"date":"1972-04-14T07:02:16.243Z","age":52},"registered":{"date":"2014-01-20T12:00:48.655Z","age":10},"phone":"00-2293-8742","cell":"0442-800-524","id":{"name":"TFN","value":"346500510"},"picture":{"large":"https://randomuser.me/api/portraits/women/75.jpg","medium":"https://randomuser.me/api/portraits/med/women/75.jpg","thumbnail":"https://randomuser.me/api/portraits/thumb/women/75.jpg"},"nat":"AU"}],"info":{"seed":"564f54253a557cc2","results":1,"page":1,"version":"1.4"}} 
 </msg>
<msg time="2024-06-28T21:15:55.260184" level="INFO">/opt/hostedtoolcache/Python/3.12.4/x64/lib/python3.12/site-packages/urllib3/connectionpool.py:1099: InsecureRequestWarning: Unverified HTTPS request is being made to host 'randomuser.me'. Adding certificate verification is strongly advised. See: https://urllib3.readthedocs.io/en/latest/advanced-usage.html#tls-warnings
  warnings.warn(</msg>
<msg time="2024-06-28T21:15:55.260347" level="INFO">${response} = &lt;Response [200]&gt;</msg>
<var>${response}</var>
<arg>consultarAPI</arg>
<arg>/api</arg>
<doc>Sends a GET request on a previously created HTTP Session.</doc>
<status status="PASS" start="2024-06-28T21:15:55.167241" elapsed="0.093158"/>
</kw>
<kw name="Set Variable" owner="BuiltIn">
<msg time="2024-06-28T21:15:55.261620" level="INFO">${json_data} = {'results': [{'gender': 'female', 'name': {'title': 'Mrs', 'first': 'Kristen', 'last': 'Bennett'}, 'location': {'street': {'number': 9962, 'name': 'Parker Rd'}, 'city': 'Cairns', 'state': 'South Austr...</msg>
<var>${json_data}</var>
<arg>${response.json()}</arg>
<doc>Returns the given values which can then be assigned to a variables.</doc>
<status status="PASS" start="2024-06-28T21:15:55.261044" elapsed="0.000605"/>
</kw>
<kw name="Set Variable" owner="BuiltIn">
<msg time="2024-06-28T21:15:55.262361" level="INFO">${name_title} = Mrs</msg>
<var>${name_title}</var>
<arg>${json_data["results"][0]["name"]["title"]}</arg>
<doc>Returns the given values which can then be assigned to a variables.</doc>
<status status="PASS" start="2024-06-28T21:15:55.261970" elapsed="0.000417"/>
</kw>
<kw name="Create List" owner="BuiltIn">
<msg time="2024-06-28T21:15:55.262838" level="INFO">${allowed_titles} = ['Mr', 'Ms', 'Miss', 'Mrs', 'Madame', 'Monsieur']</msg>
<var>${allowed_titles}</var>
<arg>Mr</arg>
<arg>Ms</arg>
<arg>Miss</arg>
<arg>Mrs</arg>
<arg>Madame</arg>
<arg>Monsieur</arg>
<doc>Returns a list containing given items.</doc>
<status status="PASS" start="2024-06-28T21:15:55.262689" elapsed="0.000174"/>
</kw>
<kw name="List Should Contain Value" owner="Collections">
<arg>${allowed_titles}</arg>
<arg>${name_title}</arg>
<doc>Fails if the ``value`` is not found from ``list``.</doc>
<status status="PASS" start="2024-06-28T21:15:55.263159" elapsed="0.000176"/>
</kw>
<kw name="Set Variable" owner="BuiltIn">
<msg time="2024-06-28T21:15:55.263877" level="INFO">${name_country} = AU</msg>
<var>${name_country}</var>
<arg>${json_data["results"][0]["nat"]}</arg>
<doc>Returns the given values which can then be assigned to a variables.</doc>
<status status="PASS" start="2024-06-28T21:15:55.263511" elapsed="0.000390"/>
</kw>
<kw name="Create List" owner="BuiltIn">
<msg time="2024-06-28T21:15:55.264784" level="INFO">${list_country} = ['AD', 'AE', 'AF', 'AG', 'AI', 'AL', 'AM', 'AO', 'AQ', 'AR', 'AS', 'AT', 'AU', 'AW', 'AX', 'AZ', 'BA', 'BB', 'BD', 'BE', 'BF', 'BG', 'BH', 'BI', 'BJ', 'BL', 'BM', 'BN', 'BO', 'BQ', 'BR', 'BS', 'BT', '...</msg>
<var>${list_country}</var>
<arg>AD</arg>
<arg>AE</arg>
<arg>AF</arg>
<arg>AG</arg>
<arg>AI</arg>
<arg>AL</arg>
<arg>AM</arg>
<arg>AO</arg>
<arg>AQ</arg>
<arg>AR</arg>
<arg>AS</arg>
<arg>AT</arg>
<arg>AU</arg>
<arg>AW</arg>
<arg>AX</arg>
<arg>AZ</arg>
<arg>BA</arg>
<arg>BB</arg>
<arg>BD</arg>
<arg>BE</arg>
<arg>BF</arg>
<arg>BG</arg>
<arg>BH</arg>
<arg>BI</arg>
<arg>BJ</arg>
<arg>BL</arg>
<arg>BM</arg>
<arg>BN</arg>
<arg>BO</arg>
<arg>BQ</arg>
<arg>BR</arg>
<arg>BS</arg>
<arg>BT</arg>
<arg>BV</arg>
<arg>BW</arg>
<arg>BY</arg>
<arg>BZ</arg>
<arg>CA</arg>
<arg>CC</arg>
<arg>CD</arg>
<arg>CF</arg>
<arg>CG</arg>
<arg>CH</arg>
<arg>CI</arg>
<arg>CK</arg>
<arg>CL</arg>
<arg>CM</arg>
<arg>CN</arg>
<arg>CO</arg>
<arg>CR</arg>
<arg>CU</arg>
<arg>CV</arg>
<arg>CW</arg>
<arg>CX</arg>
<arg>CY</arg>
<arg>CZ</arg>
<arg>DE</arg>
<arg>DJ</arg>
<arg>DK</arg>
<arg>DM</arg>
<arg>DO</arg>
<arg>DZ</arg>
<arg>EC</arg>
<arg>EE</arg>
<arg>EG</arg>
<arg>EH</arg>
<arg>ER</arg>
<arg>ES</arg>
<arg>ET</arg>
<arg>FI</arg>
<arg>FJ</arg>
<arg>FK</arg>
<arg>FM</arg>
<arg>FO</arg>
<arg>FR</arg>
<arg>GA</arg>
<arg>GB</arg>
<arg>GD</arg>
<arg>GE</arg>
<arg>GF</arg>
<arg>GG</arg>
<arg>GH</arg>
<arg>GI</arg>
<arg>GL</arg>
<arg>GM</arg>
<arg>GN</arg>
<arg>GP</arg>
<arg>GQ</arg>
<arg>GR</arg>
<arg>GS</arg>
<arg>GT</arg>
<arg>GU</arg>
<arg>GW</arg>
<arg>GY</arg>
<arg>HK</arg>
<arg>HM</arg>
<arg>HN</arg>
<arg>HR</arg>
<arg>HT</arg>
<arg>HU</arg>
<arg>ID</arg>
<arg>IE</arg>
<arg>IL</arg>
<arg>IM</arg>
<arg>IN</arg>
<arg>IO</arg>
<arg>IQ</arg>
<arg>IR</arg>
<arg>IS</arg>
<arg>IT</arg>
<arg>JE</arg>
<arg>JM</arg>
<arg>JO</arg>
<arg>JP</arg>
<arg>KE</arg>
<arg>KG</arg>
<arg>KH</arg>
<arg>KI</arg>
<arg>KM</arg>
<arg>KN</arg>
<arg>KP</arg>
<arg>KR</arg>
<arg>KW</arg>
<arg>KY</arg>
<arg>KZ</arg>
<arg>LA</arg>
<arg>LB</arg>
<arg>LC</arg>
<arg>LI</arg>
<arg>LK</arg>
<arg>LR</arg>
<arg>LS</arg>
<arg>LT</arg>
<arg>LU</arg>
<arg>LV</arg>
<arg>LY</arg>
<arg>MA</arg>
<arg>MC</arg>
<arg>MD</arg>
<arg>ME</arg>
<arg>MF</arg>
<arg>MG</arg>
<arg>MH</arg>
<arg>MK</arg>
<arg>ML</arg>
<arg>MM</arg>
<arg>MN</arg>
<arg>MO</arg>
<arg>MP</arg>
<arg>MQ</arg>
<arg>MR</arg>
<arg>MS</arg>
<arg>MT</arg>
<arg>MU</arg>
<arg>MV</arg>
<arg>MW</arg>
<arg>MX</arg>
<arg>MY</arg>
<arg>MZ</arg>
<arg>NA</arg>
<arg>NC</arg>
<arg>NE</arg>
<arg>NF</arg>
<arg>NG</arg>
<arg>NI</arg>
<arg>NL</arg>
<arg>NO</arg>
<arg>NP</arg>
<arg>NR</arg>
<arg>NU</arg>
<arg>NZ</arg>
<arg>OM</arg>
<arg>PA</arg>
<arg>PE</arg>
<arg>PF</arg>
<arg>PG</arg>
<arg>PH</arg>
<arg>PK</arg>
<arg>PL</arg>
<arg>PM</arg>
<arg>PN</arg>
<arg>PR</arg>
<arg>PS</arg>
<arg>PT</arg>
<arg>PW</arg>
<arg>PY</arg>
<arg>QA</arg>
<arg>RE</arg>
<arg>RO</arg>
<arg>RS</arg>
<arg>RU</arg>
<arg>RW</arg>
<arg>SA</arg>
<arg>SB</arg>
<arg>SC</arg>
<arg>SD</arg>
<arg>SE</arg>
<arg>SG</arg>
<arg>SH</arg>
<arg>SI</arg>
<arg>SJ</arg>
<arg>SK</arg>
<arg>SL</arg>
<arg>SM</arg>
<arg>SN</arg>
<arg>SO</arg>
<arg>SR</arg>
<arg>SS</arg>
<arg>ST</arg>
<arg>SV</arg>
<arg>SX</arg>
<arg>SY</arg>
<arg>SZ</arg>
<arg>TC</arg>
<arg>TD</arg>
<arg>TF</arg>
<arg>TG</arg>
<arg>TH</arg>
<arg>TJ</arg>
<arg>TK</arg>
<arg>TL</arg>
<arg>TM</arg>
<arg>TN</arg>
<arg>TO</arg>
<arg>TR</arg>
<arg>TT</arg>
<arg>TV</arg>
<arg>TW</arg>
<arg>TZ</arg>
<arg>UA</arg>
<arg>UG</arg>
<arg>UM</arg>
<arg>US</arg>
<arg>UY</arg>
<arg>UZ</arg>
<arg>VA</arg>
<arg>VC</arg>
<arg>VE</arg>
<arg>VG</arg>
<arg>VI</arg>
<arg>VN</arg>
<arg>VU</arg>
<arg>WF</arg>
<arg>WS</arg>
<arg>XK</arg>
<arg>YE</arg>
<arg>YT</arg>
<arg>ZA</arg>
<arg>ZM</arg>
<arg>ZW</arg>
<doc>Returns a list containing given items.</doc>
<status status="PASS" start="2024-06-28T21:15:55.264191" elapsed="0.000618"/>
</kw>
<kw name="List Should Contain Value" owner="Collections">
<arg>${list_country}</arg>
<arg>${name_country}</arg>
<doc>Fails if the ``value`` is not found from ``list``.</doc>
<status status="PASS" start="2024-06-28T21:15:55.265636" elapsed="0.000204"/>
</kw>
<kw name="Run Keyword If" owner="BuiltIn">
<kw name="Should Be True" owner="BuiltIn">
<arg>${True}</arg>
<doc>Fails if the given condition is not true.</doc>
<status status="PASS" start="2024-06-28T21:15:55.266781" elapsed="0.000141"/>
</kw>
<arg>${json_data["results"][0]["location"]["coordinates"]["latitude"]} &gt;= -90 and ${json_data["results"][0]["location"]["coordinates"]["latitude"]} &lt;= 90</arg>
<arg>Should Be True</arg>
<arg>${True}</arg>
<doc>Runs the given keyword with the given arguments, if ``condition`` is true.</doc>
<status status="PASS" start="2024-06-28T21:15:55.266034" elapsed="0.001011"/>
</kw>
<kw name="Run Keyword If" owner="BuiltIn">
<kw name="Should Be True" owner="BuiltIn">
<arg>${True}</arg>
<doc>Fails if the given condition is not true.</doc>
<status status="PASS" start="2024-06-28T21:15:55.267919" elapsed="0.000134"/>
</kw>
<arg>${json_data["results"][0]["location"]["coordinates"]["longitude"]} &gt;= -180 and ${json_data["results"][0]["location"]["coordinates"]["longitude"]} &lt;= 180</arg>
<arg>Should Be True</arg>
<arg>${True}</arg>
<doc>Runs the given keyword with the given arguments, if ``condition`` is true.</doc>
<status status="PASS" start="2024-06-28T21:15:55.267223" elapsed="0.000948"/>
</kw>
<status status="PASS" start="2024-06-28T21:15:55.166817" elapsed="0.101483"/>
</kw>
<doc>Testa o conteúdo específico dos campos retornados pela API.</doc>
<tag>testeConteudo</tag>
<status status="PASS" start="2024-06-28T21:15:55.166245" elapsed="0.102208"/>
</test>
<status status="PASS" start="2024-06-28T21:15:54.372660" elapsed="0.897824"/>
</suite>
<status status="PASS" start="2024-06-28T21:15:54.357936" elapsed="0.917774"/>
</suite>
<statistics>
<total>
<stat pass="5" fail="0" skip="0">All Tests</stat>
</total>
<tag>
<stat pass="1" fail="0" skip="0">testeConteudo</stat>
<stat pass="1" fail="0" skip="0">testeEstruturaResposta</stat>
<stat pass="1" fail="0" skip="0">testeRequisicaoBasica</stat>
<stat pass="1" fail="0" skip="0">testeTiposDados</stat>
</tag>
<suite>
<stat pass="5" fail="0" skip="0" id="s1" name="Tests">Tests</stat>
<stat pass="5" fail="0" skip="0" id="s1-s1" name="Random-User-Test">Tests.Random-User-Test</stat>
</suite>
</statistics>
<errors>
</errors>
</robot>
