<?xml version="1.0" encoding="UTF-8"?>
<robot generator="Robot 7.0 (Python 3.12.2 on linux)" generated="2024-04-03T01:53:35.444874" rpa="false" schemaversion="5">
<suite id="s1" name="Tests" source="/home/runner/work/DesafioQAItauRogerioJordao/DesafioQAItauRogerioJordao/RamdonUser/tests">
<suite id="s1-s1" name="Random-User-Test" source="/home/runner/work/DesafioQAItauRogerioJordao/DesafioQAItauRogerioJordao/RamdonUser/tests/random-user-test.robot">
<test id="s1-s1-t1" name="Conectar" line="13">
<kw name="Conectar API" owner="random-user-service">
<kw name="Create Session" owner="RequestsLibrary">
<msg time="2024-04-03T01:53:35.833413" level="INFO">Creating Session using : alias=consultarAPI, url=https://randomuser.me/, headers={},                     cookies={}, auth=None, timeout=None, proxies=None, verify=False,                     debug=0 </msg>
<arg>consultarAPI</arg>
<arg>${URL}</arg>
<doc>Create Session: create a HTTP session to a server</doc>
<status status="PASS" start="2024-04-03T01:53:35.833175" elapsed="0.000442"/>
</kw>
<status status="PASS" start="2024-04-03T01:53:35.832080" elapsed="0.001980"/>
</kw>
<status status="PASS" start="2024-04-03T01:53:35.831491" elapsed="0.002777"/>
</test>
<test id="s1-s1-t2" name="Validar retorno 200 e JSON Válido" line="16">
<kw name="Teste de Requisicao Basica" owner="random-user-service">
<kw name="GET On Session" owner="RequestsLibrary">
<msg time="2024-04-03T01:53:35.959275" level="INFO">GET Request : url=https://randomuser.me/api 
 path_url=/api 
 headers={'User-Agent': 'python-requests/2.31.0', 'Accept-Encoding': 'gzip, deflate', 'Accept': '*/*', 'Connection': 'keep-alive'} 
 body=None 
 </msg>
<msg time="2024-04-03T01:53:35.959438" level="INFO">GET Response : url=https://randomuser.me/api 
 status=200, reason=OK 
 headers={'Date': 'Wed, 03 Apr 2024 01:53:35 GMT', 'Content-Type': 'application/json; charset=utf-8', 'Transfer-Encoding': 'chunked', 'Connection': 'keep-alive', 'X-Powered-By': 'Express', 'Access-Control-Allow-Origin': '*', 'Cache-Control': 'no-cache', 'ETag': 'W/"473-zVIepWsrpC2ueA+eBx1jC0Wh2Do"', 'Vary': 'Accept-Encoding', 'Content-Encoding': 'gzip', 'CF-Cache-Status': 'DYNAMIC', 'Report-To': '{"endpoints":[{"url":"https:\\/\\/a.nel.cloudflare.com\\/report\\/v4?s=AxvIx1fcVuqEJikK9YHIXTAfjwlfE8Abu9Hsrv2kUNoIN0n2UI1Ntbo37u4N9ni0hcHcFIt7t48wse60WRm4%2FrWaNcCdlvwx03uJNwF6klnUTIjKl%2F1drkDVppZKqnAx"}],"group":"cf-nel","max_age":604800}', 'NEL': '{"success_fraction":0,"report_to":"cf-nel","max_age":604800}', 'Server': 'cloudflare', 'CF-RAY': '86e56d0729209e70-SJC', 'alt-svc': 'h3=":443"; ma=86400'} 
 body={"results":[{"gender":"female","name":{"title":"Mrs","first":"Amber","last":"Lee"},"location":{"street":{"number":3400,"name":"Riverside Drive"},"city":"Taupo","state":"Marlborough","country":"New Zealand","postcode":12768,"coordinates":{"latitude":"55.0591","longitude":"51.7881"},"timezone":{"offset":"-2:00","description":"Mid-Atlantic"}},"email":"amber.lee@example.com","login":{"uuid":"16765cb6-0d86-438d-8b98-c10623bd76e0","username":"orangerabbit208","password":"mail","salt":"1GypF2IT","md5":"71cd3f451c8d8963484ccdd0221e059d","sha1":"4585514c68e09e1fbe21aee30205c878c854c512","sha256":"8011e14797a1649290a61ee4ebbec0cf766b3c5db5cca61aae9cc117247f48e2"},"dob":{"date":"1945-06-01T04:20:59.798Z","age":78},"registered":{"date":"2010-07-19T06:21:26.488Z","age":13},"phone":"(278)-438-0563","cell":"(399)-187-4587","id":{"name":"","value":null},"picture":{"large":"https://randomuser.me/api/portraits/women/14.jpg","medium":"https://randomuser.me/api/portraits/med/women/14.jpg","thumbnail":"https://randomuser.me/api/portraits/thumb/women/14.jpg"},"nat":"NZ"}],"info":{"seed":"89144b5b933cbd86","results":1,"page":1,"version":"1.4"}} 
 </msg>
<msg time="2024-04-03T01:53:35.959554" level="INFO">/opt/hostedtoolcache/Python/3.12.2/x64/lib/python3.12/site-packages/urllib3/connectionpool.py:1103: InsecureRequestWarning: Unverified HTTPS request is being made to host 'randomuser.me'. Adding certificate verification is strongly advised. See: https://urllib3.readthedocs.io/en/latest/advanced-usage.html#tls-warnings
  warnings.warn(</msg>
<msg time="2024-04-03T01:53:35.959748" level="INFO">${response} = &lt;Response [200]&gt;</msg>
<var>${response}</var>
<arg>consultarAPI</arg>
<arg>/api</arg>
<doc>Sends a GET request on a previously created HTTP Session.</doc>
<status status="PASS" start="2024-04-03T01:53:35.836869" elapsed="0.122931"/>
</kw>
<kw name="Should Be Equal As Numbers" owner="BuiltIn">
<msg time="2024-04-03T01:53:35.960888" level="INFO">Argument types are:
&lt;class 'int'&gt;
&lt;class 'str'&gt;</msg>
<arg>${response.status_code}</arg>
<arg>200</arg>
<doc>Fails if objects are unequal after converting them to real numbers.</doc>
<status status="PASS" start="2024-04-03T01:53:35.960390" elapsed="0.000570"/>
</kw>
<kw name="Log" owner="BuiltIn">
<msg time="2024-04-03T01:53:35.961696" level="INFO">200</msg>
<arg>${response.status_code}</arg>
<doc>Logs the given message with the given level.</doc>
<status status="PASS" start="2024-04-03T01:53:35.961321" elapsed="0.000469"/>
</kw>
<kw name="Set Variable" owner="BuiltIn">
<msg time="2024-04-03T01:53:35.962587" level="INFO">${json_data} = {'results': [{'gender': 'female', 'name': {'title': 'Mrs', 'first': 'Amber', 'last': 'Lee'}, 'location': {'street': {'number': 3400, 'name': 'Riverside Drive'}, 'city': 'Taupo', 'state': 'Marlborough'...</msg>
<var>${json_data}</var>
<arg>${response.json()}</arg>
<doc>Returns the given values which can then be assigned to a variables.</doc>
<status status="PASS" start="2024-04-03T01:53:35.962133" elapsed="0.000483"/>
</kw>
<kw name="Dictionary Should Contain Key" owner="Collections">
<msg time="2024-04-03T01:53:35.963118" level="INFO">False</msg>
<arg>${json_data}</arg>
<arg>results</arg>
<doc>Fails if ``key`` is not found from ``dictionary``.</doc>
<status status="PASS" start="2024-04-03T01:53:35.962937" elapsed="0.000223"/>
</kw>
<status status="PASS" start="2024-04-03T01:53:35.836611" elapsed="0.126820"/>
</kw>
<doc>Testa se a API responde corretamente e retorna um objeto JSON válido.</doc>
<tag>testeRequisicaoBasica</tag>
<status status="PASS" start="2024-04-03T01:53:35.836129" elapsed="0.127508"/>
</test>
<test id="s1-s1-t3" name="Validar estrutura de resposta" line="22">
<kw name="Teste de Estrutura de Resposta" owner="random-user-service">
<kw name="GET On Session" owner="RequestsLibrary">
<msg time="2024-04-03T01:53:36.049834" level="INFO">GET Request : url=https://randomuser.me/api 
 path_url=/api 
 headers={'User-Agent': 'python-requests/2.31.0', 'Accept-Encoding': 'gzip, deflate', 'Accept': '*/*', 'Connection': 'keep-alive'} 
 body=None 
 </msg>
<msg time="2024-04-03T01:53:36.049956" level="INFO">GET Response : url=https://randomuser.me/api 
 status=200, reason=OK 
 headers={'Date': 'Wed, 03 Apr 2024 01:53:36 GMT', 'Content-Type': 'application/json; charset=utf-8', 'Transfer-Encoding': 'chunked', 'Connection': 'keep-alive', 'X-Powered-By': 'Express', 'Access-Control-Allow-Origin': '*', 'Cache-Control': 'no-cache', 'ETag': 'W/"4a4-fjJnx0aZ4guQjt7RZX+WyQjU35U"', 'Vary': 'Accept-Encoding', 'Content-Encoding': 'gzip', 'CF-Cache-Status': 'DYNAMIC', 'Report-To': '{"endpoints":[{"url":"https:\\/\\/a.nel.cloudflare.com\\/report\\/v4?s=pYubW8wW75K3Kles2492bdJ6HPLsWoxkEz4YKQ%2Bg02FrixdRPkol0XbPqEVsmaA75LrBgFuwnjMZ9cBlN5JaXDKtD3V6JTAr4ymSZnSkpeJckZk7D%2B0ZzLi3LX0xFeRU"}],"group":"cf-nel","max_age":604800}', 'NEL': '{"success_fraction":0,"report_to":"cf-nel","max_age":604800}', 'Server': 'cloudflare', 'CF-RAY': '86e56d07d9b29e70-SJC', 'alt-svc': 'h3=":443"; ma=86400'} 
 body={"results":[{"gender":"male","name":{"title":"Mr","first":"Brad","last":"Montgomery"},"location":{"street":{"number":7253,"name":"Parker Rd"},"city":"Albany","state":"Australian Capital Territory","country":"Australia","postcode":7223,"coordinates":{"latitude":"-85.1453","longitude":"-152.3931"},"timezone":{"offset":"+5:00","description":"Ekaterinburg, Islamabad, Karachi, Tashkent"}},"email":"brad.montgomery@example.com","login":{"uuid":"19bb9013-5772-438b-9dff-02806191b0d4","username":"yellowwolf115","password":"stinker","salt":"vDCimIUv","md5":"b68a8f65e021dd2eb369bc931f6d3edd","sha1":"cc32720036fa73ece73f6885fc64fcc9ac5df0a4","sha256":"603c85c00ead90f1cd79717d9ef5a2feabb1cf9bc139ec90197f41a545eccc69"},"dob":{"date":"1951-11-15T16:27:14.381Z","age":72},"registered":{"date":"2013-01-05T16:22:08.364Z","age":11},"phone":"04-0507-0826","cell":"0447-904-296","id":{"name":"TFN","value":"507140313"},"picture":{"large":"https://randomuser.me/api/portraits/men/5.jpg","medium":"https://randomuser.me/api/portraits/med/men/5.jpg","thumbnail":"https://randomuser.me/api/portraits/thumb/men/5.jpg"},"nat":"AU"}],"info":{"seed":"ace39c698a06affb","results":1,"page":1,"version":"1.4"}} 
 </msg>
<msg time="2024-04-03T01:53:36.050131" level="INFO">/opt/hostedtoolcache/Python/3.12.2/x64/lib/python3.12/site-packages/urllib3/connectionpool.py:1103: InsecureRequestWarning: Unverified HTTPS request is being made to host 'randomuser.me'. Adding certificate verification is strongly advised. See: https://urllib3.readthedocs.io/en/latest/advanced-usage.html#tls-warnings
  warnings.warn(</msg>
<msg time="2024-04-03T01:53:36.050277" level="INFO">${response} = &lt;Response [200]&gt;</msg>
<var>${response}</var>
<arg>consultarAPI</arg>
<arg>/api</arg>
<doc>Sends a GET request on a previously created HTTP Session.</doc>
<status status="PASS" start="2024-04-03T01:53:35.966683" elapsed="0.083635"/>
</kw>
<kw name="Set Variable" owner="BuiltIn">
<msg time="2024-04-03T01:53:36.051567" level="INFO">${json_data} = {'results': [{'gender': 'male', 'name': {'title': 'Mr', 'first': 'Brad', 'last': 'Montgomery'}, 'location': {'street': {'number': 7253, 'name': 'Parker Rd'}, 'city': 'Albany', 'state': 'Australian Cap...</msg>
<var>${json_data}</var>
<arg>${response.json()}</arg>
<doc>Returns the given values which can then be assigned to a variables.</doc>
<status status="PASS" start="2024-04-03T01:53:36.050997" elapsed="0.000599"/>
</kw>
<kw name="Log" owner="BuiltIn">
<msg time="2024-04-03T01:53:36.052092" level="INFO">{'results': [{'gender': 'male', 'name': {'title': 'Mr', 'first': 'Brad', 'last': 'Montgomery'}, 'location': {'street': {'number': 7253, 'name': 'Parker Rd'}, 'city': 'Albany', 'state': 'Australian Capital Territory', 'country': 'Australia', 'postcode': 7223, 'coordinates': {'latitude': '-85.1453', 'longitude': '-152.3931'}, 'timezone': {'offset': '+5:00', 'description': 'Ekaterinburg, Islamabad, Karachi, Tashkent'}}, 'email': 'brad.montgomery@example.com', 'login': {'uuid': '19bb9013-5772-438b-9dff-02806191b0d4', 'username': 'yellowwolf115', 'password': 'stinker', 'salt': 'vDCimIUv', 'md5': 'b68a8f65e021dd2eb369bc931f6d3edd', 'sha1': 'cc32720036fa73ece73f6885fc64fcc9ac5df0a4', 'sha256': '603c85c00ead90f1cd79717d9ef5a2feabb1cf9bc139ec90197f41a545eccc69'}, 'dob': {'date': '1951-11-15T16:27:14.381Z', 'age': 72}, 'registered': {'date': '2013-01-05T16:22:08.364Z', 'age': 11}, 'phone': '04-0507-0826', 'cell': '0447-904-296', 'id': {'name': 'TFN', 'value': '507140313'}, 'picture': {'large': 'https://randomuser.me/api/portraits/men/5.jpg', 'medium': 'https://randomuser.me/api/portraits/med/men/5.jpg', 'thumbnail': 'https://randomuser.me/api/portraits/thumb/men/5.jpg'}, 'nat': 'AU'}], 'info': {'seed': 'ace39c698a06affb', 'results': 1, 'page': 1, 'version': '1.4'}}</msg>
<arg>${json_data}</arg>
<doc>Logs the given message with the given level.</doc>
<status status="PASS" start="2024-04-03T01:53:36.051927" elapsed="0.000213"/>
</kw>
<kw name="Dictionary Should Contain Key" owner="Collections">
<msg time="2024-04-03T01:53:36.052605" level="INFO">False</msg>
<arg>${json_data}</arg>
<arg>results</arg>
<doc>Fails if ``key`` is not found from ``dictionary``.</doc>
<status status="PASS" start="2024-04-03T01:53:36.052441" elapsed="0.000203"/>
</kw>
<kw name="Should Not Be Empty" owner="BuiltIn">
<msg time="2024-04-03T01:53:36.053074" level="INFO">Length is 2.</msg>
<arg>${json_data}</arg>
<doc>Verifies that the given item is not empty.</doc>
<status status="PASS" start="2024-04-03T01:53:36.052938" elapsed="0.000174"/>
</kw>
<kw name="Create List" owner="BuiltIn">
<msg time="2024-04-03T01:53:36.053554" level="INFO">${expected_keys} = ['gender', 'name', 'location', 'email', 'login']</msg>
<var>${expected_keys}</var>
<arg>gender</arg>
<arg>name</arg>
<arg>location</arg>
<arg>email</arg>
<arg>login</arg>
<doc>Returns a list containing given items.</doc>
<status status="PASS" start="2024-04-03T01:53:36.053404" elapsed="0.000174"/>
</kw>
<for flavor="IN">
<iter>
<kw name="Dictionary Should Contain Key" owner="Collections">
<msg time="2024-04-03T01:53:36.054675" level="INFO">False</msg>
<arg>${json_data['results'][0]}</arg>
<arg>${key}</arg>
<doc>Fails if ``key`` is not found from ``dictionary``.</doc>
<status status="PASS" start="2024-04-03T01:53:36.054234" elapsed="0.000482"/>
</kw>
<kw name="Log" owner="BuiltIn">
<msg time="2024-04-03T01:53:36.055408" level="INFO">{'gender': 'male', 'name': {'title': 'Mr', 'first': 'Brad', 'last': 'Montgomery'}, 'location': {'street': {'number': 7253, 'name': 'Parker Rd'}, 'city': 'Albany', 'state': 'Australian Capital Territory', 'country': 'Australia', 'postcode': 7223, 'coordinates': {'latitude': '-85.1453', 'longitude': '-152.3931'}, 'timezone': {'offset': '+5:00', 'description': 'Ekaterinburg, Islamabad, Karachi, Tashkent'}}, 'email': 'brad.montgomery@example.com', 'login': {'uuid': '19bb9013-5772-438b-9dff-02806191b0d4', 'username': 'yellowwolf115', 'password': 'stinker', 'salt': 'vDCimIUv', 'md5': 'b68a8f65e021dd2eb369bc931f6d3edd', 'sha1': 'cc32720036fa73ece73f6885fc64fcc9ac5df0a4', 'sha256': '603c85c00ead90f1cd79717d9ef5a2feabb1cf9bc139ec90197f41a545eccc69'}, 'dob': {'date': '1951-11-15T16:27:14.381Z', 'age': 72}, 'registered': {'date': '2013-01-05T16:22:08.364Z', 'age': 11}, 'phone': '04-0507-0826', 'cell': '0447-904-296', 'id': {'name': 'TFN', 'value': '507140313'}, 'picture': {'large': 'https://randomuser.me/api/portraits/men/5.jpg', 'medium': 'https://randomuser.me/api/portraits/med/men/5.jpg', 'thumbnail': 'https://randomuser.me/api/portraits/thumb/men/5.jpg'}, 'nat': 'AU'}</msg>
<arg>${json_data['results'][0]}</arg>
<doc>Logs the given message with the given level.</doc>
<status status="PASS" start="2024-04-03T01:53:36.055028" elapsed="0.000436"/>
</kw>
<kw name="Log" owner="BuiltIn">
<msg time="2024-04-03T01:53:36.055932" level="INFO">gender</msg>
<arg>${key}</arg>
<doc>Logs the given message with the given level.</doc>
<status status="PASS" start="2024-04-03T01:53:36.055793" elapsed="0.000180"/>
</kw>
<var name="${key}">gender</var>
<status status="PASS" start="2024-04-03T01:53:36.054101" elapsed="0.002095"/>
</iter>
<iter>
<kw name="Dictionary Should Contain Key" owner="Collections">
<msg time="2024-04-03T01:53:36.056921" level="INFO">False</msg>
<arg>${json_data['results'][0]}</arg>
<arg>${key}</arg>
<doc>Fails if ``key`` is not found from ``dictionary``.</doc>
<status status="PASS" start="2024-04-03T01:53:36.056523" elapsed="0.000436"/>
</kw>
<kw name="Log" owner="BuiltIn">
<msg time="2024-04-03T01:53:36.057662" level="INFO">{'gender': 'male', 'name': {'title': 'Mr', 'first': 'Brad', 'last': 'Montgomery'}, 'location': {'street': {'number': 7253, 'name': 'Parker Rd'}, 'city': 'Albany', 'state': 'Australian Capital Territory', 'country': 'Australia', 'postcode': 7223, 'coordinates': {'latitude': '-85.1453', 'longitude': '-152.3931'}, 'timezone': {'offset': '+5:00', 'description': 'Ekaterinburg, Islamabad, Karachi, Tashkent'}}, 'email': 'brad.montgomery@example.com', 'login': {'uuid': '19bb9013-5772-438b-9dff-02806191b0d4', 'username': 'yellowwolf115', 'password': 'stinker', 'salt': 'vDCimIUv', 'md5': 'b68a8f65e021dd2eb369bc931f6d3edd', 'sha1': 'cc32720036fa73ece73f6885fc64fcc9ac5df0a4', 'sha256': '603c85c00ead90f1cd79717d9ef5a2feabb1cf9bc139ec90197f41a545eccc69'}, 'dob': {'date': '1951-11-15T16:27:14.381Z', 'age': 72}, 'registered': {'date': '2013-01-05T16:22:08.364Z', 'age': 11}, 'phone': '04-0507-0826', 'cell': '0447-904-296', 'id': {'name': 'TFN', 'value': '507140313'}, 'picture': {'large': 'https://randomuser.me/api/portraits/men/5.jpg', 'medium': 'https://randomuser.me/api/portraits/med/men/5.jpg', 'thumbnail': 'https://randomuser.me/api/portraits/thumb/men/5.jpg'}, 'nat': 'AU'}</msg>
<arg>${json_data['results'][0]}</arg>
<doc>Logs the given message with the given level.</doc>
<status status="PASS" start="2024-04-03T01:53:36.057296" elapsed="0.000414"/>
</kw>
<kw name="Log" owner="BuiltIn">
<msg time="2024-04-03T01:53:36.058242" level="INFO">name</msg>
<arg>${key}</arg>
<doc>Logs the given message with the given level.</doc>
<status status="PASS" start="2024-04-03T01:53:36.058096" elapsed="0.000184"/>
</kw>
<var name="${key}">name</var>
<status status="PASS" start="2024-04-03T01:53:36.056404" elapsed="0.002105"/>
</iter>
<iter>
<kw name="Dictionary Should Contain Key" owner="Collections">
<msg time="2024-04-03T01:53:36.059197" level="INFO">False</msg>
<arg>${json_data['results'][0]}</arg>
<arg>${key}</arg>
<doc>Fails if ``key`` is not found from ``dictionary``.</doc>
<status status="PASS" start="2024-04-03T01:53:36.058809" elapsed="0.000427"/>
</kw>
<kw name="Log" owner="BuiltIn">
<msg time="2024-04-03T01:53:36.059912" level="INFO">{'gender': 'male', 'name': {'title': 'Mr', 'first': 'Brad', 'last': 'Montgomery'}, 'location': {'street': {'number': 7253, 'name': 'Parker Rd'}, 'city': 'Albany', 'state': 'Australian Capital Territory', 'country': 'Australia', 'postcode': 7223, 'coordinates': {'latitude': '-85.1453', 'longitude': '-152.3931'}, 'timezone': {'offset': '+5:00', 'description': 'Ekaterinburg, Islamabad, Karachi, Tashkent'}}, 'email': 'brad.montgomery@example.com', 'login': {'uuid': '19bb9013-5772-438b-9dff-02806191b0d4', 'username': 'yellowwolf115', 'password': 'stinker', 'salt': 'vDCimIUv', 'md5': 'b68a8f65e021dd2eb369bc931f6d3edd', 'sha1': 'cc32720036fa73ece73f6885fc64fcc9ac5df0a4', 'sha256': '603c85c00ead90f1cd79717d9ef5a2feabb1cf9bc139ec90197f41a545eccc69'}, 'dob': {'date': '1951-11-15T16:27:14.381Z', 'age': 72}, 'registered': {'date': '2013-01-05T16:22:08.364Z', 'age': 11}, 'phone': '04-0507-0826', 'cell': '0447-904-296', 'id': {'name': 'TFN', 'value': '507140313'}, 'picture': {'large': 'https://randomuser.me/api/portraits/men/5.jpg', 'medium': 'https://randomuser.me/api/portraits/med/men/5.jpg', 'thumbnail': 'https://randomuser.me/api/portraits/thumb/men/5.jpg'}, 'nat': 'AU'}</msg>
<arg>${json_data['results'][0]}</arg>
<doc>Logs the given message with the given level.</doc>
<status status="PASS" start="2024-04-03T01:53:36.059544" elapsed="0.000422"/>
</kw>
<kw name="Log" owner="BuiltIn">
<msg time="2024-04-03T01:53:36.060411" level="INFO">location</msg>
<arg>${key}</arg>
<doc>Logs the given message with the given level.</doc>
<status status="PASS" start="2024-04-03T01:53:36.060279" elapsed="0.000173"/>
</kw>
<var name="${key}">location</var>
<status status="PASS" start="2024-04-03T01:53:36.058694" elapsed="0.001985"/>
</iter>
<iter>
<kw name="Dictionary Should Contain Key" owner="Collections">
<msg time="2024-04-03T01:53:36.061359" level="INFO">False</msg>
<arg>${json_data['results'][0]}</arg>
<arg>${key}</arg>
<doc>Fails if ``key`` is not found from ``dictionary``.</doc>
<status status="PASS" start="2024-04-03T01:53:36.060974" elapsed="0.000425"/>
</kw>
<kw name="Log" owner="BuiltIn">
<msg time="2024-04-03T01:53:36.062113" level="INFO">{'gender': 'male', 'name': {'title': 'Mr', 'first': 'Brad', 'last': 'Montgomery'}, 'location': {'street': {'number': 7253, 'name': 'Parker Rd'}, 'city': 'Albany', 'state': 'Australian Capital Territory', 'country': 'Australia', 'postcode': 7223, 'coordinates': {'latitude': '-85.1453', 'longitude': '-152.3931'}, 'timezone': {'offset': '+5:00', 'description': 'Ekaterinburg, Islamabad, Karachi, Tashkent'}}, 'email': 'brad.montgomery@example.com', 'login': {'uuid': '19bb9013-5772-438b-9dff-02806191b0d4', 'username': 'yellowwolf115', 'password': 'stinker', 'salt': 'vDCimIUv', 'md5': 'b68a8f65e021dd2eb369bc931f6d3edd', 'sha1': 'cc32720036fa73ece73f6885fc64fcc9ac5df0a4', 'sha256': '603c85c00ead90f1cd79717d9ef5a2feabb1cf9bc139ec90197f41a545eccc69'}, 'dob': {'date': '1951-11-15T16:27:14.381Z', 'age': 72}, 'registered': {'date': '2013-01-05T16:22:08.364Z', 'age': 11}, 'phone': '04-0507-0826', 'cell': '0447-904-296', 'id': {'name': 'TFN', 'value': '507140313'}, 'picture': {'large': 'https://randomuser.me/api/portraits/men/5.jpg', 'medium': 'https://randomuser.me/api/portraits/med/men/5.jpg', 'thumbnail': 'https://randomuser.me/api/portraits/thumb/men/5.jpg'}, 'nat': 'AU'}</msg>
<arg>${json_data['results'][0]}</arg>
<doc>Logs the given message with the given level.</doc>
<status status="PASS" start="2024-04-03T01:53:36.061707" elapsed="0.000454"/>
</kw>
<kw name="Log" owner="BuiltIn">
<msg time="2024-04-03T01:53:36.062593" level="INFO">email</msg>
<arg>${key}</arg>
<doc>Logs the given message with the given level.</doc>
<status status="PASS" start="2024-04-03T01:53:36.062460" elapsed="0.000172"/>
</kw>
<var name="${key}">email</var>
<status status="PASS" start="2024-04-03T01:53:36.060859" elapsed="0.001999"/>
</iter>
<iter>
<kw name="Dictionary Should Contain Key" owner="Collections">
<msg time="2024-04-03T01:53:36.063541" level="INFO">False</msg>
<arg>${json_data['results'][0]}</arg>
<arg>${key}</arg>
<doc>Fails if ``key`` is not found from ``dictionary``.</doc>
<status status="PASS" start="2024-04-03T01:53:36.063152" elapsed="0.000428"/>
</kw>
<kw name="Log" owner="BuiltIn">
<msg time="2024-04-03T01:53:36.064257" level="INFO">{'gender': 'male', 'name': {'title': 'Mr', 'first': 'Brad', 'last': 'Montgomery'}, 'location': {'street': {'number': 7253, 'name': 'Parker Rd'}, 'city': 'Albany', 'state': 'Australian Capital Territory', 'country': 'Australia', 'postcode': 7223, 'coordinates': {'latitude': '-85.1453', 'longitude': '-152.3931'}, 'timezone': {'offset': '+5:00', 'description': 'Ekaterinburg, Islamabad, Karachi, Tashkent'}}, 'email': 'brad.montgomery@example.com', 'login': {'uuid': '19bb9013-5772-438b-9dff-02806191b0d4', 'username': 'yellowwolf115', 'password': 'stinker', 'salt': 'vDCimIUv', 'md5': 'b68a8f65e021dd2eb369bc931f6d3edd', 'sha1': 'cc32720036fa73ece73f6885fc64fcc9ac5df0a4', 'sha256': '603c85c00ead90f1cd79717d9ef5a2feabb1cf9bc139ec90197f41a545eccc69'}, 'dob': {'date': '1951-11-15T16:27:14.381Z', 'age': 72}, 'registered': {'date': '2013-01-05T16:22:08.364Z', 'age': 11}, 'phone': '04-0507-0826', 'cell': '0447-904-296', 'id': {'name': 'TFN', 'value': '507140313'}, 'picture': {'large': 'https://randomuser.me/api/portraits/men/5.jpg', 'medium': 'https://randomuser.me/api/portraits/med/men/5.jpg', 'thumbnail': 'https://randomuser.me/api/portraits/thumb/men/5.jpg'}, 'nat': 'AU'}</msg>
<arg>${json_data['results'][0]}</arg>
<doc>Logs the given message with the given level.</doc>
<status status="PASS" start="2024-04-03T01:53:36.063882" elapsed="0.000422"/>
</kw>
<kw name="Log" owner="BuiltIn">
<msg time="2024-04-03T01:53:36.064731" level="INFO">login</msg>
<arg>${key}</arg>
<doc>Logs the given message with the given level.</doc>
<status status="PASS" start="2024-04-03T01:53:36.064603" elapsed="0.000342"/>
</kw>
<var name="${key}">login</var>
<status status="PASS" start="2024-04-03T01:53:36.063033" elapsed="0.002148"/>
</iter>
<var>${key}</var>
<value>@{expected_keys}</value>
<status status="PASS" start="2024-04-03T01:53:36.053892" elapsed="0.011417"/>
</for>
<kw name="Create List" owner="BuiltIn">
<msg time="2024-04-03T01:53:36.065659" level="INFO">${expected_keysTwo} = ['username', 'password']</msg>
<var>${expected_keysTwo}</var>
<arg>username</arg>
<arg>password</arg>
<doc>Returns a list containing given items.</doc>
<status status="PASS" start="2024-04-03T01:53:36.065515" elapsed="0.000167"/>
</kw>
<for flavor="IN">
<iter>
<kw name="Dictionary Should Contain Key" owner="Collections">
<msg time="2024-04-03T01:53:36.066638" level="INFO">False</msg>
<arg>${json_data['results'][0]['login']}</arg>
<arg>${keyTwo}</arg>
<doc>Fails if ``key`` is not found from ``dictionary``.</doc>
<status status="PASS" start="2024-04-03T01:53:36.066239" elapsed="0.000438"/>
</kw>
<kw name="Dictionary Should Contain Key" owner="Collections">
<msg time="2024-04-03T01:53:36.067485" level="INFO">False</msg>
<arg>${json_data['results'][0]['login']}</arg>
<arg>${keyTwo}</arg>
<doc>Fails if ``key`` is not found from ``dictionary``.</doc>
<status status="PASS" start="2024-04-03T01:53:36.066980" elapsed="0.000577"/>
</kw>
<kw name="Log" owner="BuiltIn">
<msg time="2024-04-03T01:53:36.068147" level="INFO">username</msg>
<arg>${keyTwo}</arg>
<doc>Logs the given message with the given level.</doc>
<status status="PASS" start="2024-04-03T01:53:36.067981" elapsed="0.000220"/>
</kw>
<var name="${keyTwo}">username</var>
<status status="PASS" start="2024-04-03T01:53:36.066126" elapsed="0.002322"/>
</iter>
<iter>
<kw name="Dictionary Should Contain Key" owner="Collections">
<msg time="2024-04-03T01:53:36.069136" level="INFO">False</msg>
<arg>${json_data['results'][0]['login']}</arg>
<arg>${keyTwo}</arg>
<doc>Fails if ``key`` is not found from ``dictionary``.</doc>
<status status="PASS" start="2024-04-03T01:53:36.068745" elapsed="0.000429"/>
</kw>
<kw name="Dictionary Should Contain Key" owner="Collections">
<msg time="2024-04-03T01:53:36.069901" level="INFO">False</msg>
<arg>${json_data['results'][0]['login']}</arg>
<arg>${keyTwo}</arg>
<doc>Fails if ``key`` is not found from ``dictionary``.</doc>
<status status="PASS" start="2024-04-03T01:53:36.069477" elapsed="0.000470"/>
</kw>
<kw name="Log" owner="BuiltIn">
<msg time="2024-04-03T01:53:36.070386" level="INFO">password</msg>
<arg>${keyTwo}</arg>
<doc>Logs the given message with the given level.</doc>
<status status="PASS" start="2024-04-03T01:53:36.070256" elapsed="0.000168"/>
</kw>
<var name="${keyTwo}">password</var>
<status status="PASS" start="2024-04-03T01:53:36.068631" elapsed="0.002014"/>
</iter>
<var>${keyTwo}</var>
<value>@{expected_keysTwo}</value>
<status status="PASS" start="2024-04-03T01:53:36.065962" elapsed="0.004808"/>
</for>
<status status="PASS" start="2024-04-03T01:53:35.966429" elapsed="0.104496"/>
</kw>
<doc>Testa a estrutura da resposta da API.</doc>
<tag>testeEstruturaResposta</tag>
<status status="PASS" start="2024-04-03T01:53:35.965554" elapsed="0.105546"/>
</test>
<test id="s1-s1-t4" name="Validar tipos de dados" line="28">
<kw name="Teste de Tipos de Dados" owner="random-user-service">
<kw name="GET On Session" owner="RequestsLibrary">
<msg time="2024-04-03T01:53:36.158795" level="INFO">GET Request : url=https://randomuser.me/api 
 path_url=/api 
 headers={'User-Agent': 'python-requests/2.31.0', 'Accept-Encoding': 'gzip, deflate', 'Accept': '*/*', 'Connection': 'keep-alive'} 
 body=None 
 </msg>
<msg time="2024-04-03T01:53:36.158910" level="INFO">GET Response : url=https://randomuser.me/api 
 status=200, reason=OK 
 headers={'Date': 'Wed, 03 Apr 2024 01:53:36 GMT', 'Content-Type': 'application/json; charset=utf-8', 'Transfer-Encoding': 'chunked', 'Connection': 'keep-alive', 'X-Powered-By': 'Express', 'Access-Control-Allow-Origin': '*', 'Cache-Control': 'no-cache', 'ETag': 'W/"47c-jNGSfP5nkL2nhIePG5Ufe1ob77k"', 'Vary': 'Accept-Encoding', 'Content-Encoding': 'gzip', 'CF-Cache-Status': 'DYNAMIC', 'Report-To': '{"endpoints":[{"url":"https:\\/\\/a.nel.cloudflare.com\\/report\\/v4?s=N%2FuN%2B6%2BaPtEVsX2BE1ixnRAF%2BZmXOmfDlfnYAR%2FdHbzPY%2BMzfThPJreTOWuTIJH7nbEZhOZ7%2FIag3RwFPxjpndyArzCTdNjqbnhG8bc5Z2qRNiuIFzHHCBq76TC9c3ZF"}],"group":"cf-nel","max_age":604800}', 'NEL': '{"success_fraction":0,"report_to":"cf-nel","max_age":604800}', 'Server': 'cloudflare', 'CF-RAY': '86e56d087a519e70-SJC', 'alt-svc': 'h3=":443"; ma=86400'} 
 body={"results":[{"gender":"female","name":{"title":"Mrs","first":"Prakruthi","last":"Holla"},"location":{"street":{"number":5231,"name":"Chaman Ganj"},"city":"Siwan","state":"Chandigarh","country":"India","postcode":34944,"coordinates":{"latitude":"12.1150","longitude":"104.9303"},"timezone":{"offset":"-10:00","description":"Hawaii"}},"email":"prakruthi.holla@example.com","login":{"uuid":"85a182d2-4a63-42f3-8cc7-15e2adbadb88","username":"heavybutterfly413","password":"showing","salt":"Qxmi8mGX","md5":"7c252a6ce10ccf8c39d6d665be071b62","sha1":"f52fdd73666b74b1a16635b20d0f77bf2bf51c2e","sha256":"aa23bdb33ae1c2e9eb5e9fdf26f783cfae4439a0092bd1d60cbd4f63c5a596d5"},"dob":{"date":"1996-10-27T14:10:54.948Z","age":27},"registered":{"date":"2005-04-10T17:06:38.180Z","age":18},"phone":"9768755449","cell":"9782159944","id":{"name":"UIDAI","value":"683173912510"},"picture":{"large":"https://randomuser.me/api/portraits/women/65.jpg","medium":"https://randomuser.me/api/portraits/med/women/65.jpg","thumbnail":"https://randomuser.me/api/portraits/thumb/women/65.jpg"},"nat":"IN"}],"info":{"seed":"05612e0ea8ea56dc","results":1,"page":1,"version":"1.4"}} 
 </msg>
<msg time="2024-04-03T01:53:36.158991" level="INFO">/opt/hostedtoolcache/Python/3.12.2/x64/lib/python3.12/site-packages/urllib3/connectionpool.py:1103: InsecureRequestWarning: Unverified HTTPS request is being made to host 'randomuser.me'. Adding certificate verification is strongly advised. See: https://urllib3.readthedocs.io/en/latest/advanced-usage.html#tls-warnings
  warnings.warn(</msg>
<msg time="2024-04-03T01:53:36.159151" level="INFO">${response} = &lt;Response [200]&gt;</msg>
<var>${response}</var>
<arg>consultarAPI</arg>
<arg>/api</arg>
<doc>Sends a GET request on a previously created HTTP Session.</doc>
<status status="PASS" start="2024-04-03T01:53:36.073841" elapsed="0.085365"/>
</kw>
<kw name="Set Variable" owner="BuiltIn">
<msg time="2024-04-03T01:53:36.160478" level="INFO">${json_data} = {'results': [{'gender': 'female', 'name': {'title': 'Mrs', 'first': 'Prakruthi', 'last': 'Holla'}, 'location': {'street': {'number': 5231, 'name': 'Chaman Ganj'}, 'city': 'Siwan', 'state': 'Chandigarh...</msg>
<var>${json_data}</var>
<arg>${response.json()}</arg>
<doc>Returns the given values which can then be assigned to a variables.</doc>
<status status="PASS" start="2024-04-03T01:53:36.159908" elapsed="0.000599"/>
</kw>
<kw name="Log" owner="BuiltIn">
<msg time="2024-04-03T01:53:36.161001" level="INFO">{'results': [{'gender': 'female', 'name': {'title': 'Mrs', 'first': 'Prakruthi', 'last': 'Holla'}, 'location': {'street': {'number': 5231, 'name': 'Chaman Ganj'}, 'city': 'Siwan', 'state': 'Chandigarh', 'country': 'India', 'postcode': 34944, 'coordinates': {'latitude': '12.1150', 'longitude': '104.9303'}, 'timezone': {'offset': '-10:00', 'description': 'Hawaii'}}, 'email': 'prakruthi.holla@example.com', 'login': {'uuid': '85a182d2-4a63-42f3-8cc7-15e2adbadb88', 'username': 'heavybutterfly413', 'password': 'showing', 'salt': 'Qxmi8mGX', 'md5': '7c252a6ce10ccf8c39d6d665be071b62', 'sha1': 'f52fdd73666b74b1a16635b20d0f77bf2bf51c2e', 'sha256': 'aa23bdb33ae1c2e9eb5e9fdf26f783cfae4439a0092bd1d60cbd4f63c5a596d5'}, 'dob': {'date': '1996-10-27T14:10:54.948Z', 'age': 27}, 'registered': {'date': '2005-04-10T17:06:38.180Z', 'age': 18}, 'phone': '9768755449', 'cell': '9782159944', 'id': {'name': 'UIDAI', 'value': '683173912510'}, 'picture': {'large': 'https://randomuser.me/api/portraits/women/65.jpg', 'medium': 'https://randomuser.me/api/portraits/med/women/65.jpg', 'thumbnail': 'https://randomuser.me/api/portraits/thumb/women/65.jpg'}, 'nat': 'IN'}], 'info': {'seed': '05612e0ea8ea56dc', 'results': 1, 'page': 1, 'version': '1.4'}}</msg>
<arg>${json_data}</arg>
<doc>Logs the given message with the given level.</doc>
<status status="PASS" start="2024-04-03T01:53:36.160833" elapsed="0.000255"/>
</kw>
<kw name="Should Be String" owner="String">
<arg>${json_data['results'][0]['gender']}</arg>
<doc>Fails if the given ``item`` is not a string.</doc>
<status status="PASS" start="2024-04-03T01:53:36.161394" elapsed="0.000447"/>
</kw>
<kw name="Should Match Regexp" owner="BuiltIn">
<arg>${json_data['results'][0]['email']}</arg>
<arg>^[a-zA-Z0-9._%+-]+@[a-zA-Z0-9.-]+\.[a-zA-Z]{2,}$</arg>
<doc>Fails if ``string`` does not match ``pattern`` as a regular expression.</doc>
<status status="PASS" start="2024-04-03T01:53:36.162054" elapsed="0.000538"/>
</kw>
<kw name="Should Match Regexp" owner="BuiltIn">
<arg>${json_data['results'][0]['dob']['date']}</arg>
<arg>\\d{4}-\\d{2}-\\d{2}T\\d{2}:\\d{2}:\\d{2}\\.\\d{3}Z</arg>
<doc>Fails if ``string`` does not match ``pattern`` as a regular expression.</doc>
<status status="PASS" start="2024-04-03T01:53:36.162792" elapsed="0.000515"/>
</kw>
<kw name="Should Match Regexp" owner="BuiltIn">
<arg>${json_data['results'][0]['registered']['date']}</arg>
<arg>\\d{4}-\\d{2}-\\d{2}T\\d{2}:\\d{2}:\\d{2}\\.\\d{3}Z</arg>
<doc>Fails if ``string`` does not match ``pattern`` as a regular expression.</doc>
<status status="PASS" start="2024-04-03T01:53:36.163506" elapsed="0.000375"/>
</kw>
<kw name="Should Match Regexp" owner="BuiltIn">
<arg>${json_data['results'][0]['picture']['large']}</arg>
<arg>^https?://.*\.(?:png|jpe?g|gif|bmp)$</arg>
<doc>Fails if ``string`` does not match ``pattern`` as a regular expression.</doc>
<status status="PASS" start="2024-04-03T01:53:36.164072" elapsed="0.000466"/>
</kw>
<kw name="Should Match Regexp" owner="BuiltIn">
<arg>${json_data['results'][0]['picture']['medium']}</arg>
<arg>^https?://.*\.(?:png|jpe?g|gif|bmp)$</arg>
<doc>Fails if ``string`` does not match ``pattern`` as a regular expression.</doc>
<status status="PASS" start="2024-04-03T01:53:36.164732" elapsed="0.000362"/>
</kw>
<kw name="Should Match Regexp" owner="BuiltIn">
<arg>${json_data['results'][0]['picture']['thumbnail']}</arg>
<arg>^https?://.*\.(?:png|jpe?g|gif|bmp)$</arg>
<doc>Fails if ``string`` does not match ``pattern`` as a regular expression.</doc>
<status status="PASS" start="2024-04-03T01:53:36.165282" elapsed="0.000356"/>
</kw>
<kw name="Log" owner="BuiltIn">
<msg time="2024-04-03T01:53:36.166194" level="INFO">{'large': 'https://randomuser.me/api/portraits/women/65.jpg', 'medium': 'https://randomuser.me/api/portraits/med/women/65.jpg', 'thumbnail': 'https://randomuser.me/api/portraits/thumb/women/65.jpg'}</msg>
<arg>${json_data['results'][0]['picture']}</arg>
<doc>Logs the given message with the given level.</doc>
<status status="PASS" start="2024-04-03T01:53:36.165855" elapsed="0.000386"/>
</kw>
<status status="PASS" start="2024-04-03T01:53:36.073547" elapsed="0.092972"/>
</kw>
<kw name="Teste de Tipos de Dados - Postcode" owner="random-user-service">
<kw name="GET On Session" owner="RequestsLibrary">
<msg time="2024-04-03T01:53:36.259554" level="INFO">GET Request : url=https://randomuser.me/api 
 path_url=/api 
 headers={'User-Agent': 'python-requests/2.31.0', 'Accept-Encoding': 'gzip, deflate', 'Accept': '*/*', 'Connection': 'keep-alive'} 
 body=None 
 </msg>
<msg time="2024-04-03T01:53:36.259663" level="INFO">GET Response : url=https://randomuser.me/api 
 status=200, reason=OK 
 headers={'Date': 'Wed, 03 Apr 2024 01:53:36 GMT', 'Content-Type': 'application/json; charset=utf-8', 'Transfer-Encoding': 'chunked', 'Connection': 'keep-alive', 'X-Powered-By': 'Express', 'Access-Control-Allow-Origin': '*', 'Cache-Control': 'no-cache', 'ETag': 'W/"495-5Pvm7eYO+56wYUEOIScxcv7B+AI"', 'Vary': 'Accept-Encoding', 'Content-Encoding': 'gzip', 'CF-Cache-Status': 'DYNAMIC', 'Report-To': '{"endpoints":[{"url":"https:\\/\\/a.nel.cloudflare.com\\/report\\/v4?s=G%2BoexSGM3PKfD3w7RZf0HaOvaeTDFhMoFJhCyhAXRok%2FsrfWUrUGeKPeE0LN2nspI70cC0gCqKtsC69YvDTLmFkVkQjomMW8e2h4%2B20eYRm3uL0gZfu7HyYtST5noH2l"}],"group":"cf-nel","max_age":604800}', 'NEL': '{"success_fraction":0,"report_to":"cf-nel","max_age":604800}', 'Server': 'cloudflare', 'CF-RAY': '86e56d091ad19e70-SJC', 'alt-svc': 'h3=":443"; ma=86400'} 
 body={"results":[{"gender":"female","name":{"title":"Ms","first":"Sara","last":"Haataja"},"location":{"street":{"number":1929,"name":"Bulevardi"},"city":"Oulainen","state":"Southern Ostrobothnia","country":"Finland","postcode":92943,"coordinates":{"latitude":"-26.4292","longitude":"147.5804"},"timezone":{"offset":"+7:00","description":"Bangkok, Hanoi, Jakarta"}},"email":"sara.haataja@example.com","login":{"uuid":"d1dd309c-ecd0-4ba1-a3c2-2f6d57fffc56","username":"blackcat989","password":"rush2112","salt":"WZdROeMn","md5":"4c61a967c862a30851b0eb28653e1782","sha1":"f26d87edc0129023d18d90d1245146e92e4164fd","sha256":"8870b14ffeeebe7ba327caff49ee0ec2419023b1307425f6f2e05560d92424f6"},"dob":{"date":"1966-06-21T08:11:51.348Z","age":57},"registered":{"date":"2018-12-04T11:55:37.668Z","age":5},"phone":"05-999-834","cell":"045-923-12-37","id":{"name":"HETU","value":"NaNNA444undefined"},"picture":{"large":"https://randomuser.me/api/portraits/women/30.jpg","medium":"https://randomuser.me/api/portraits/med/women/30.jpg","thumbnail":"https://randomuser.me/api/portraits/thumb/women/30.jpg"},"nat":"FI"}],"info":{"seed":"9ff2cb98317e2876","results":1,"page":1,"version":"1.4"}} 
 </msg>
<msg time="2024-04-03T01:53:36.259756" level="INFO">/opt/hostedtoolcache/Python/3.12.2/x64/lib/python3.12/site-packages/urllib3/connectionpool.py:1103: InsecureRequestWarning: Unverified HTTPS request is being made to host 'randomuser.me'. Adding certificate verification is strongly advised. See: https://urllib3.readthedocs.io/en/latest/advanced-usage.html#tls-warnings
  warnings.warn(</msg>
<msg time="2024-04-03T01:53:36.259893" level="INFO">${response} = &lt;Response [200]&gt;</msg>
<var>${response}</var>
<arg>consultarAPI</arg>
<arg>/api</arg>
<doc>Sends a GET request on a previously created HTTP Session.</doc>
<status status="PASS" start="2024-04-03T01:53:36.167174" elapsed="0.092763"/>
</kw>
<kw name="Set Variable" owner="BuiltIn">
<msg time="2024-04-03T01:53:36.261185" level="INFO">${json_data} = {'results': [{'gender': 'female', 'name': {'title': 'Ms', 'first': 'Sara', 'last': 'Haataja'}, 'location': {'street': {'number': 1929, 'name': 'Bulevardi'}, 'city': 'Oulainen', 'state': 'Southern Ostr...</msg>
<var>${json_data}</var>
<arg>${response.json()}</arg>
<doc>Returns the given values which can then be assigned to a variables.</doc>
<status status="PASS" start="2024-04-03T01:53:36.260614" elapsed="0.000600"/>
</kw>
<kw name="Log" owner="BuiltIn">
<msg time="2024-04-03T01:53:36.261718" level="INFO">{'results': [{'gender': 'female', 'name': {'title': 'Ms', 'first': 'Sara', 'last': 'Haataja'}, 'location': {'street': {'number': 1929, 'name': 'Bulevardi'}, 'city': 'Oulainen', 'state': 'Southern Ostrobothnia', 'country': 'Finland', 'postcode': 92943, 'coordinates': {'latitude': '-26.4292', 'longitude': '147.5804'}, 'timezone': {'offset': '+7:00', 'description': 'Bangkok, Hanoi, Jakarta'}}, 'email': 'sara.haataja@example.com', 'login': {'uuid': 'd1dd309c-ecd0-4ba1-a3c2-2f6d57fffc56', 'username': 'blackcat989', 'password': 'rush2112', 'salt': 'WZdROeMn', 'md5': '4c61a967c862a30851b0eb28653e1782', 'sha1': 'f26d87edc0129023d18d90d1245146e92e4164fd', 'sha256': '8870b14ffeeebe7ba327caff49ee0ec2419023b1307425f6f2e05560d92424f6'}, 'dob': {'date': '1966-06-21T08:11:51.348Z', 'age': 57}, 'registered': {'date': '2018-12-04T11:55:37.668Z', 'age': 5}, 'phone': '05-999-834', 'cell': '045-923-12-37', 'id': {'name': 'HETU', 'value': 'NaNNA444undefined'}, 'picture': {'large': 'https://randomuser.me/api/portraits/women/30.jpg', 'medium': 'https://randomuser.me/api/portraits/med/women/30.jpg', 'thumbnail': 'https://randomuser.me/api/portraits/thumb/women/30.jpg'}, 'nat': 'FI'}], 'info': {'seed': '9ff2cb98317e2876', 'results': 1, 'page': 1, 'version': '1.4'}}</msg>
<arg>${json_data}</arg>
<doc>Logs the given message with the given level.</doc>
<status status="PASS" start="2024-04-03T01:53:36.261545" elapsed="0.000313"/>
</kw>
<kw name="Should Be Equal As Numbers" owner="BuiltIn">
<arg>${json_data['results'][0]['location']['postcode']}</arg>
<arg>${json_data['results'][0]['location']['postcode']}</arg>
<doc>Fails if objects are unequal after converting them to real numbers.</doc>
<status status="PASS" start="2024-04-03T01:53:36.262194" elapsed="0.000662"/>
</kw>
<kw name="Log" owner="BuiltIn">
<msg time="2024-04-03T01:53:36.263400" level="INFO">92943</msg>
<arg>${json_data['results'][0]['location']['postcode']}</arg>
<doc>Logs the given message with the given level.</doc>
<status status="PASS" start="2024-04-03T01:53:36.263053" elapsed="0.000390"/>
</kw>
<status status="PASS" start="2024-04-03T01:53:36.166765" elapsed="0.096948"/>
</kw>
<doc>Testa se os tipos de dados na resposta da API estão corretos.</doc>
<tag>testeTiposDados</tag>
<status status="PASS" start="2024-04-03T01:53:36.072934" elapsed="0.190957"/>
</test>
<test id="s1-s1-t5" name="Validar conteudo" line="35">
<kw name="Teste de Tipos de Conteudo" owner="random-user-service">
<kw name="GET On Session" owner="RequestsLibrary">
<msg time="2024-04-03T01:53:36.366685" level="INFO">GET Request : url=https://randomuser.me/api 
 path_url=/api 
 headers={'User-Agent': 'python-requests/2.31.0', 'Accept-Encoding': 'gzip, deflate', 'Accept': '*/*', 'Connection': 'keep-alive'} 
 body=None 
 </msg>
<msg time="2024-04-03T01:53:36.366797" level="INFO">GET Response : url=https://randomuser.me/api 
 status=200, reason=OK 
 headers={'Date': 'Wed, 03 Apr 2024 01:53:36 GMT', 'Content-Type': 'application/json; charset=utf-8', 'Transfer-Encoding': 'chunked', 'Connection': 'keep-alive', 'X-Powered-By': 'Express', 'Access-Control-Allow-Origin': '*', 'Cache-Control': 'no-cache', 'ETag': 'W/"4a4-mZgtoOlJ7Twx2lEt1R09FltXsnw"', 'Vary': 'Accept-Encoding', 'Content-Encoding': 'gzip', 'CF-Cache-Status': 'DYNAMIC', 'Report-To': '{"endpoints":[{"url":"https:\\/\\/a.nel.cloudflare.com\\/report\\/v4?s=yHejuYorPOV7FwfY6nLJFoybfug6VXXJRL%2Fn8Jnz%2F4sABn7PW34pZhM18JacAmVRrp3crYKEJICqq0nr6EGrkEH%2BbMNJhxQE%2FIREmSzdYV4WhsMfBC6EHrl2CdO9sQGY"}],"group":"cf-nel","max_age":604800}', 'NEL': '{"success_fraction":0,"report_to":"cf-nel","max_age":604800}', 'Server': 'cloudflare', 'CF-RAY': '86e56d09bbc49e70-SJC', 'alt-svc': 'h3=":443"; ma=86400'} 
 body={"results":[{"gender":"male","name":{"title":"Mr","first":"Alexander","last":"Ambrose"},"location":{"street":{"number":2156,"name":"St. Catherine St"},"city":"Elgin","state":"Nova Scotia","country":"Canada","postcode":"V4W 9P9","coordinates":{"latitude":"-67.5773","longitude":"-100.2876"},"timezone":{"offset":"+9:00","description":"Tokyo, Seoul, Osaka, Sapporo, Yakutsk"}},"email":"alexander.ambrose@example.com","login":{"uuid":"00e3d48c-6ea1-4f8b-bd91-924c37ba31f3","username":"organicbutterfly643","password":"squirrel","salt":"A6Qh0GTC","md5":"b60003373b5dedba1ab70c8bcb606f42","sha1":"4ebd5e7348c2eb8bc90b46abc13760165189a46f","sha256":"d2e41a8b62d7a87c01005705201143ab5945c744fb95722072b35a0933da9148"},"dob":{"date":"1953-08-01T05:09:28.954Z","age":70},"registered":{"date":"2007-06-13T07:24:43.319Z","age":16},"phone":"G47 Q20-9172","cell":"V10 I49-3869","id":{"name":"SIN","value":"436407456"},"picture":{"large":"https://randomuser.me/api/portraits/men/80.jpg","medium":"https://randomuser.me/api/portraits/med/men/80.jpg","thumbnail":"https://randomuser.me/api/portraits/thumb/men/80.jpg"},"nat":"CA"}],"info":{"seed":"1901cc7795587b5d","results":1,"page":1,"version":"1.4"}} 
 </msg>
<msg time="2024-04-03T01:53:36.366868" level="INFO">/opt/hostedtoolcache/Python/3.12.2/x64/lib/python3.12/site-packages/urllib3/connectionpool.py:1103: InsecureRequestWarning: Unverified HTTPS request is being made to host 'randomuser.me'. Adding certificate verification is strongly advised. See: https://urllib3.readthedocs.io/en/latest/advanced-usage.html#tls-warnings
  warnings.warn(</msg>
<msg time="2024-04-03T01:53:36.367002" level="INFO">${response} = &lt;Response [200]&gt;</msg>
<var>${response}</var>
<arg>consultarAPI</arg>
<arg>/api</arg>
<doc>Sends a GET request on a previously created HTTP Session.</doc>
<status status="PASS" start="2024-04-03T01:53:36.266569" elapsed="0.100478"/>
</kw>
<kw name="Set Variable" owner="BuiltIn">
<msg time="2024-04-03T01:53:36.368310" level="INFO">${json_data} = {'results': [{'gender': 'male', 'name': {'title': 'Mr', 'first': 'Alexander', 'last': 'Ambrose'}, 'location': {'street': {'number': 2156, 'name': 'St. Catherine St'}, 'city': 'Elgin', 'state': 'Nova S...</msg>
<var>${json_data}</var>
<arg>${response.json()}</arg>
<doc>Returns the given values which can then be assigned to a variables.</doc>
<status status="PASS" start="2024-04-03T01:53:36.367722" elapsed="0.000619"/>
</kw>
<kw name="Set Variable" owner="BuiltIn">
<msg time="2024-04-03T01:53:36.369047" level="INFO">${name_title} = Mr</msg>
<var>${name_title}</var>
<arg>${json_data["results"][0]["name"]["title"]}</arg>
<doc>Returns the given values which can then be assigned to a variables.</doc>
<status status="PASS" start="2024-04-03T01:53:36.368657" elapsed="0.000416"/>
</kw>
<kw name="Create List" owner="BuiltIn">
<msg time="2024-04-03T01:53:36.369531" level="INFO">${allowed_titles} = ['Mr', 'Ms', 'Miss', 'Mrs', 'Madame', 'Monsieur']</msg>
<var>${allowed_titles}</var>
<arg>Mr</arg>
<arg>Ms</arg>
<arg>Miss</arg>
<arg>Mrs</arg>
<arg>Madame</arg>
<arg>Monsieur</arg>
<doc>Returns a list containing given items.</doc>
<status status="PASS" start="2024-04-03T01:53:36.369379" elapsed="0.000177"/>
</kw>
<kw name="List Should Contain Value" owner="Collections">
<msg time="2024-04-03T01:53:36.370129" level="INFO">False</msg>
<arg>${allowed_titles}</arg>
<arg>${name_title}</arg>
<doc>Fails if the ``value`` is not found from ``list``.</doc>
<status status="PASS" start="2024-04-03T01:53:36.369940" elapsed="0.000228"/>
</kw>
<kw name="Set Variable" owner="BuiltIn">
<msg time="2024-04-03T01:53:36.370855" level="INFO">${name_country} = CA</msg>
<var>${name_country}</var>
<arg>${json_data["results"][0]["nat"]}</arg>
<doc>Returns the given values which can then be assigned to a variables.</doc>
<status status="PASS" start="2024-04-03T01:53:36.370467" elapsed="0.000415"/>
</kw>
<kw name="Create List" owner="BuiltIn">
<msg time="2024-04-03T01:53:36.371800" level="INFO">${list_country} = ['AD', 'AE', 'AF', 'AG', 'AI', 'AL', 'AM', 'AO', 'AQ', 'AR', 'AS', 'AT', 'AU', 'AW', 'AX', 'AZ', 'BA', 'BB', 'BD', 'BE', 'BF', 'BG', 'BH', 'BI', 'BJ', 'BL', 'BM', 'BN', 'BO', 'BQ', 'BR', 'BS', 'BT', '...</msg>
<var>${list_country}</var>
<arg>AD</arg>
<arg>AE</arg>
<arg>AF</arg>
<arg>AG</arg>
<arg>AI</arg>
<arg>AL</arg>
<arg>AM</arg>
<arg>AO</arg>
<arg>AQ</arg>
<arg>AR</arg>
<arg>AS</arg>
<arg>AT</arg>
<arg>AU</arg>
<arg>AW</arg>
<arg>AX</arg>
<arg>AZ</arg>
<arg>BA</arg>
<arg>BB</arg>
<arg>BD</arg>
<arg>BE</arg>
<arg>BF</arg>
<arg>BG</arg>
<arg>BH</arg>
<arg>BI</arg>
<arg>BJ</arg>
<arg>BL</arg>
<arg>BM</arg>
<arg>BN</arg>
<arg>BO</arg>
<arg>BQ</arg>
<arg>BR</arg>
<arg>BS</arg>
<arg>BT</arg>
<arg>BV</arg>
<arg>BW</arg>
<arg>BY</arg>
<arg>BZ</arg>
<arg>CA</arg>
<arg>CC</arg>
<arg>CD</arg>
<arg>CF</arg>
<arg>CG</arg>
<arg>CH</arg>
<arg>CI</arg>
<arg>CK</arg>
<arg>CL</arg>
<arg>CM</arg>
<arg>CN</arg>
<arg>CO</arg>
<arg>CR</arg>
<arg>CU</arg>
<arg>CV</arg>
<arg>CW</arg>
<arg>CX</arg>
<arg>CY</arg>
<arg>CZ</arg>
<arg>DE</arg>
<arg>DJ</arg>
<arg>DK</arg>
<arg>DM</arg>
<arg>DO</arg>
<arg>DZ</arg>
<arg>EC</arg>
<arg>EE</arg>
<arg>EG</arg>
<arg>EH</arg>
<arg>ER</arg>
<arg>ES</arg>
<arg>ET</arg>
<arg>FI</arg>
<arg>FJ</arg>
<arg>FK</arg>
<arg>FM</arg>
<arg>FO</arg>
<arg>FR</arg>
<arg>GA</arg>
<arg>GB</arg>
<arg>GD</arg>
<arg>GE</arg>
<arg>GF</arg>
<arg>GG</arg>
<arg>GH</arg>
<arg>GI</arg>
<arg>GL</arg>
<arg>GM</arg>
<arg>GN</arg>
<arg>GP</arg>
<arg>GQ</arg>
<arg>GR</arg>
<arg>GS</arg>
<arg>GT</arg>
<arg>GU</arg>
<arg>GW</arg>
<arg>GY</arg>
<arg>HK</arg>
<arg>HM</arg>
<arg>HN</arg>
<arg>HR</arg>
<arg>HT</arg>
<arg>HU</arg>
<arg>ID</arg>
<arg>IE</arg>
<arg>IL</arg>
<arg>IM</arg>
<arg>IN</arg>
<arg>IO</arg>
<arg>IQ</arg>
<arg>IR</arg>
<arg>IS</arg>
<arg>IT</arg>
<arg>JE</arg>
<arg>JM</arg>
<arg>JO</arg>
<arg>JP</arg>
<arg>KE</arg>
<arg>KG</arg>
<arg>KH</arg>
<arg>KI</arg>
<arg>KM</arg>
<arg>KN</arg>
<arg>KP</arg>
<arg>KR</arg>
<arg>KW</arg>
<arg>KY</arg>
<arg>KZ</arg>
<arg>LA</arg>
<arg>LB</arg>
<arg>LC</arg>
<arg>LI</arg>
<arg>LK</arg>
<arg>LR</arg>
<arg>LS</arg>
<arg>LT</arg>
<arg>LU</arg>
<arg>LV</arg>
<arg>LY</arg>
<arg>MA</arg>
<arg>MC</arg>
<arg>MD</arg>
<arg>ME</arg>
<arg>MF</arg>
<arg>MG</arg>
<arg>MH</arg>
<arg>MK</arg>
<arg>ML</arg>
<arg>MM</arg>
<arg>MN</arg>
<arg>MO</arg>
<arg>MP</arg>
<arg>MQ</arg>
<arg>MR</arg>
<arg>MS</arg>
<arg>MT</arg>
<arg>MU</arg>
<arg>MV</arg>
<arg>MW</arg>
<arg>MX</arg>
<arg>MY</arg>
<arg>MZ</arg>
<arg>NA</arg>
<arg>NC</arg>
<arg>NE</arg>
<arg>NF</arg>
<arg>NG</arg>
<arg>NI</arg>
<arg>NL</arg>
<arg>NO</arg>
<arg>NP</arg>
<arg>NR</arg>
<arg>NU</arg>
<arg>NZ</arg>
<arg>OM</arg>
<arg>PA</arg>
<arg>PE</arg>
<arg>PF</arg>
<arg>PG</arg>
<arg>PH</arg>
<arg>PK</arg>
<arg>PL</arg>
<arg>PM</arg>
<arg>PN</arg>
<arg>PR</arg>
<arg>PS</arg>
<arg>PT</arg>
<arg>PW</arg>
<arg>PY</arg>
<arg>QA</arg>
<arg>RE</arg>
<arg>RO</arg>
<arg>RS</arg>
<arg>RU</arg>
<arg>RW</arg>
<arg>SA</arg>
<arg>SB</arg>
<arg>SC</arg>
<arg>SD</arg>
<arg>SE</arg>
<arg>SG</arg>
<arg>SH</arg>
<arg>SI</arg>
<arg>SJ</arg>
<arg>SK</arg>
<arg>SL</arg>
<arg>SM</arg>
<arg>SN</arg>
<arg>SO</arg>
<arg>SR</arg>
<arg>SS</arg>
<arg>ST</arg>
<arg>SV</arg>
<arg>SX</arg>
<arg>SY</arg>
<arg>SZ</arg>
<arg>TC</arg>
<arg>TD</arg>
<arg>TF</arg>
<arg>TG</arg>
<arg>TH</arg>
<arg>TJ</arg>
<arg>TK</arg>
<arg>TL</arg>
<arg>TM</arg>
<arg>TN</arg>
<arg>TO</arg>
<arg>TR</arg>
<arg>TT</arg>
<arg>TV</arg>
<arg>TW</arg>
<arg>TZ</arg>
<arg>UA</arg>
<arg>UG</arg>
<arg>UM</arg>
<arg>US</arg>
<arg>UY</arg>
<arg>UZ</arg>
<arg>VA</arg>
<arg>VC</arg>
<arg>VE</arg>
<arg>VG</arg>
<arg>VI</arg>
<arg>VN</arg>
<arg>VU</arg>
<arg>WF</arg>
<arg>WS</arg>
<arg>XK</arg>
<arg>YE</arg>
<arg>YT</arg>
<arg>ZA</arg>
<arg>ZM</arg>
<arg>ZW</arg>
<doc>Returns a list containing given items.</doc>
<status status="PASS" start="2024-04-03T01:53:36.371197" elapsed="0.000630"/>
</kw>
<kw name="List Should Contain Value" owner="Collections">
<msg time="2024-04-03T01:53:36.372992" level="INFO">False</msg>
<arg>${list_country}</arg>
<arg>${name_country}</arg>
<doc>Fails if the ``value`` is not found from ``list``.</doc>
<status status="PASS" start="2024-04-03T01:53:36.372778" elapsed="0.000253"/>
</kw>
<kw name="Run Keyword If" owner="BuiltIn">
<kw name="Should Be True" owner="BuiltIn">
<arg>${True}</arg>
<doc>Fails if the given condition is not true.</doc>
<status status="PASS" start="2024-04-03T01:53:36.374159" elapsed="0.000150"/>
</kw>
<arg>${json_data["results"][0]["location"]["coordinates"]["latitude"]} &gt;= -90 and ${json_data["results"][0]["location"]["coordinates"]["latitude"]} &lt;= 90</arg>
<arg>Should Be True</arg>
<arg>${True}</arg>
<doc>Runs the given keyword with the given arguments, if ``condition`` is true.</doc>
<status status="PASS" start="2024-04-03T01:53:36.373356" elapsed="0.001086"/>
</kw>
<kw name="Run Keyword If" owner="BuiltIn">
<kw name="Should Be True" owner="BuiltIn">
<arg>${True}</arg>
<doc>Fails if the given condition is not true.</doc>
<status status="PASS" start="2024-04-03T01:53:36.375345" elapsed="0.000142"/>
</kw>
<arg>${json_data["results"][0]["location"]["coordinates"]["longitude"]} &gt;= -180 and ${json_data["results"][0]["location"]["coordinates"]["longitude"]} &lt;= 180</arg>
<arg>Should Be True</arg>
<arg>${True}</arg>
<doc>Runs the given keyword with the given arguments, if ``condition`` is true.</doc>
<status status="PASS" start="2024-04-03T01:53:36.374633" elapsed="0.000985"/>
</kw>
<status status="PASS" start="2024-04-03T01:53:36.266322" elapsed="0.109433"/>
</kw>
<doc>Testa o conteúdo específico dos campos retornados pela API.</doc>
<tag>testeConteudo</tag>
<status status="PASS" start="2024-04-03T01:53:36.265703" elapsed="0.110217"/>
</test>
<status status="PASS" start="2024-04-03T01:53:35.502936" elapsed="0.875053"/>
</suite>
<status status="PASS" start="2024-04-03T01:53:35.488820" elapsed="0.894765"/>
</suite>
<statistics>
<total>
<stat pass="5" fail="0" skip="0">All Tests</stat>
</total>
<tag>
<stat pass="1" fail="0" skip="0">testeConteudo</stat>
<stat pass="1" fail="0" skip="0">testeEstruturaResposta</stat>
<stat pass="1" fail="0" skip="0">testeRequisicaoBasica</stat>
<stat pass="1" fail="0" skip="0">testeTiposDados</stat>
</tag>
<suite>
<stat pass="5" fail="0" skip="0" id="s1" name="Tests">Tests</stat>
<stat pass="5" fail="0" skip="0" id="s1-s1" name="Random-User-Test">Tests.Random-User-Test</stat>
</suite>
</statistics>
<errors>
</errors>
</robot>
