<?xml version="1.0" encoding="UTF-8"?>
<robot generator="Robot 7.0.1 (Python 3.12.4 on linux)" generated="2024-06-28T17:14:11.831667" rpa="false" schemaversion="5">
<suite id="s1" name="Tests" source="/home/runner/work/ApiRandomUser/ApiRandomUser/RamdonUser/tests">
<suite id="s1-s1" name="Random-User-Test" source="/home/runner/work/ApiRandomUser/ApiRandomUser/RamdonUser/tests/random-user-test.robot">
<test id="s1-s1-t1" name="Conectar" line="13">
<kw name="Conectar API" owner="random-user-service">
<kw name="Create Session" owner="RequestsLibrary">
<msg time="2024-06-28T17:14:12.232170" level="INFO">Creating Session using : alias=consultarAPI, url=https://randomuser.me/, headers={},                     cookies={}, auth=None, timeout=None, proxies=None, verify=False,                     debug=0 </msg>
<arg>consultarAPI</arg>
<arg>${URL}</arg>
<doc>Create Session: create a HTTP session to a server</doc>
<status status="PASS" start="2024-06-28T17:14:12.231967" elapsed="0.000381"/>
</kw>
<status status="PASS" start="2024-06-28T17:14:12.231011" elapsed="0.001689"/>
</kw>
<status status="PASS" start="2024-06-28T17:14:12.230448" elapsed="0.002444"/>
</test>
<test id="s1-s1-t2" name="Validar retorno 200 e JSON Válido" line="16">
<kw name="Teste de Requisicao Basica" owner="random-user-service">
<kw name="GET On Session" owner="RequestsLibrary">
<msg time="2024-06-28T17:14:12.316452" level="INFO">GET Request : url=https://randomuser.me/api 
 path_url=/api 
 headers={'User-Agent': 'python-requests/2.32.3', 'Accept-Encoding': 'gzip, deflate', 'Accept': '*/*', 'Connection': 'keep-alive'} 
 body=None 
 </msg>
<msg time="2024-06-28T17:14:12.316611" level="INFO">GET Response : url=https://randomuser.me/api 
 status=200, reason=OK 
 headers={'Date': 'Fri, 28 Jun 2024 17:14:12 GMT', 'Content-Type': 'application/json; charset=utf-8', 'Transfer-Encoding': 'chunked', 'Connection': 'keep-alive', 'X-Powered-By': 'Express', 'Access-Control-Allow-Origin': '*', 'Cache-Control': 'no-cache', 'ETag': 'W/"499-96AZzbcai02Mlj/mEJOsjnFioDU"', 'Vary': 'Accept-Encoding', 'Content-Encoding': 'gzip', 'CF-Cache-Status': 'DYNAMIC', 'Report-To': '{"endpoints":[{"url":"https:\\/\\/a.nel.cloudflare.com\\/report\\/v4?s=5iVrkZYI3Zst1XxBu6WQHgY3BKecjrRIo6pRFJ77OF25q%2BlOsl4EImHgzYwOyFFBaEc0y6dywawbfTLnGYM7txU16Z1uW3%2F5iSvLR9wGdAzO1piWmQcNApAD6OMa1ThJ"}],"group":"cf-nel","max_age":604800}', 'NEL': '{"success_fraction":0,"report_to":"cf-nel","max_age":604800}', 'Server': 'cloudflare', 'CF-RAY': '89af4fd2baf86fda-IAD', 'alt-svc': 'h3=":443"; ma=86400'} 
 body={"results":[{"gender":"female","name":{"title":"Mrs","first":"Sophie","last":"French"},"location":{"street":{"number":6176,"name":"Pine Rd"},"city":"Killarney","state":"Nova Scotia","country":"Canada","postcode":"Q9R 8U1","coordinates":{"latitude":"-71.6361","longitude":"104.5879"},"timezone":{"offset":"+5:00","description":"Ekaterinburg, Islamabad, Karachi, Tashkent"}},"email":"sophie.french@example.com","login":{"uuid":"f46a9b78-a7ae-47c5-b282-21b04b959c3e","username":"blackcat191","password":"karma","salt":"BO4CXv7i","md5":"8663e38e72f2d2eb461de353d4017765","sha1":"2ff80c6ccf3ca28f38d69e826653cbb51870d7c4","sha256":"4f88773540d7c4801f4170a6982dd6c4ed01afcf74ab0c9d078db9867a1efa33"},"dob":{"date":"1987-02-12T03:03:14.984Z","age":37},"registered":{"date":"2002-07-27T17:13:15.360Z","age":21},"phone":"S53 P72-8834","cell":"D73 H33-1514","id":{"name":"SIN","value":"397578220"},"picture":{"large":"https://randomuser.me/api/portraits/women/24.jpg","medium":"https://randomuser.me/api/portraits/med/women/24.jpg","thumbnail":"https://randomuser.me/api/portraits/thumb/women/24.jpg"},"nat":"CA"}],"info":{"seed":"d49236f93ae7261b","results":1,"page":1,"version":"1.4"}} 
 </msg>
<msg time="2024-06-28T17:14:12.316694" level="INFO">/opt/hostedtoolcache/Python/3.12.4/x64/lib/python3.12/site-packages/urllib3/connectionpool.py:1099: InsecureRequestWarning: Unverified HTTPS request is being made to host 'randomuser.me'. Adding certificate verification is strongly advised. See: https://urllib3.readthedocs.io/en/latest/advanced-usage.html#tls-warnings
  warnings.warn(</msg>
<msg time="2024-06-28T17:14:12.316839" level="INFO">${response} = &lt;Response [200]&gt;</msg>
<var>${response}</var>
<arg>consultarAPI</arg>
<arg>/api</arg>
<doc>Sends a GET request on a previously created HTTP Session.</doc>
<status status="PASS" start="2024-06-28T17:14:12.235448" elapsed="0.081435"/>
</kw>
<kw name="Should Be Equal As Numbers" owner="BuiltIn">
<msg time="2024-06-28T17:14:12.317941" level="INFO">Argument types are:
&lt;class 'int'&gt;
&lt;class 'str'&gt;</msg>
<arg>${response.status_code}</arg>
<arg>200</arg>
<doc>Fails if objects are unequal after converting them to real numbers.</doc>
<status status="PASS" start="2024-06-28T17:14:12.317474" elapsed="0.000532"/>
</kw>
<kw name="Log" owner="BuiltIn">
<msg time="2024-06-28T17:14:12.318684" level="INFO">200</msg>
<arg>${response.status_code}</arg>
<doc>Logs the given message with the given level.</doc>
<status status="PASS" start="2024-06-28T17:14:12.318329" elapsed="0.000399"/>
</kw>
<kw name="Set Variable" owner="BuiltIn">
<msg time="2024-06-28T17:14:12.319477" level="INFO">${json_data} = {'results': [{'gender': 'female', 'name': {'title': 'Mrs', 'first': 'Sophie', 'last': 'French'}, 'location': {'street': {'number': 6176, 'name': 'Pine Rd'}, 'city': 'Killarney', 'state': 'Nova Scotia'...</msg>
<var>${json_data}</var>
<arg>${response.json()}</arg>
<doc>Returns the given values which can then be assigned to a variables.</doc>
<status status="PASS" start="2024-06-28T17:14:12.319041" elapsed="0.000464"/>
</kw>
<kw name="Dictionary Should Contain Key" owner="Collections">
<arg>${json_data}</arg>
<arg>results</arg>
<doc>Fails if ``key`` is not found from ``dictionary``.</doc>
<status status="PASS" start="2024-06-28T17:14:12.319801" elapsed="0.000163"/>
</kw>
<status status="PASS" start="2024-06-28T17:14:12.235208" elapsed="0.084907"/>
</kw>
<doc>Testa se a API responde corretamente e retorna um objeto JSON válido.</doc>
<tag>testeRequisicaoBasica</tag>
<status status="PASS" start="2024-06-28T17:14:12.234755" elapsed="0.085534"/>
</test>
<test id="s1-s1-t3" name="Validar estrutura de resposta" line="22">
<kw name="Teste de Estrutura de Resposta" owner="random-user-service">
<kw name="GET On Session" owner="RequestsLibrary">
<msg time="2024-06-28T17:14:12.404043" level="INFO">GET Request : url=https://randomuser.me/api 
 path_url=/api 
 headers={'User-Agent': 'python-requests/2.32.3', 'Accept-Encoding': 'gzip, deflate', 'Accept': '*/*', 'Connection': 'keep-alive'} 
 body=None 
 </msg>
<msg time="2024-06-28T17:14:12.404128" level="INFO">GET Response : url=https://randomuser.me/api 
 status=200, reason=OK 
 headers={'Date': 'Fri, 28 Jun 2024 17:14:12 GMT', 'Content-Type': 'application/json; charset=utf-8', 'Transfer-Encoding': 'chunked', 'Connection': 'keep-alive', 'X-Powered-By': 'Express', 'Access-Control-Allow-Origin': '*', 'Cache-Control': 'no-cache', 'ETag': 'W/"48d-gcA2yfTaIJDC3jTZ4CRfHnJg/X4"', 'Vary': 'Accept-Encoding', 'Content-Encoding': 'gzip', 'CF-Cache-Status': 'DYNAMIC', 'Report-To': '{"endpoints":[{"url":"https:\\/\\/a.nel.cloudflare.com\\/report\\/v4?s=%2BRgU956o2cSWPSO2TVgLwdNPGiAddpuI2rZ4EHFOdumkWKIHo%2BNRzJ20qQzeat89xuX%2BXJiG729qf%2BCcB9ASRGJE4cdXf32%2FT6Q%2FTEjKbSpyh6CWHHMf1WUh9t8Y%2FkcH"}],"group":"cf-nel","max_age":604800}', 'NEL': '{"success_fraction":0,"report_to":"cf-nel","max_age":604800}', 'Server': 'cloudflare', 'CF-RAY': '89af4fd30b586fda-IAD', 'alt-svc': 'h3=":443"; ma=86400'} 
 body={"results":[{"gender":"male","name":{"title":"Mr","first":"Adrian","last":"Dudchenko"},"location":{"street":{"number":5071,"name":"Generala Matikina"},"city":"Bahmach","state":"Ivano-Frankivska","country":"Ukraine","postcode":67692,"coordinates":{"latitude":"77.2455","longitude":"-177.6727"},"timezone":{"offset":"+7:00","description":"Bangkok, Hanoi, Jakarta"}},"email":"adrian.dudchenko@example.com","login":{"uuid":"04d8805a-b519-4e9b-9afe-8a5ab239aa1a","username":"yellowtiger594","password":"overkill","salt":"SueK3KS1","md5":"0577557d25dcf70375fd711b147ccabc","sha1":"03bfb6bbe3fe295e7ec72e763bd6bf6627bbfecd","sha256":"cfc507070dc302dd6d5a405ee1ed5a250aab98d6833cdd449da2cd252f8960ac"},"dob":{"date":"1981-03-15T03:26:29.071Z","age":43},"registered":{"date":"2008-10-11T12:00:00.734Z","age":15},"phone":"(098) E26-6616","cell":"(068) G51-9618","id":{"name":"","value":null},"picture":{"large":"https://randomuser.me/api/portraits/men/67.jpg","medium":"https://randomuser.me/api/portraits/med/men/67.jpg","thumbnail":"https://randomuser.me/api/portraits/thumb/men/67.jpg"},"nat":"UA"}],"info":{"seed":"9906d28a4ea0e7ac","results":1,"page":1,"version":"1.4"}} 
 </msg>
<msg time="2024-06-28T17:14:12.404261" level="INFO">/opt/hostedtoolcache/Python/3.12.4/x64/lib/python3.12/site-packages/urllib3/connectionpool.py:1099: InsecureRequestWarning: Unverified HTTPS request is being made to host 'randomuser.me'. Adding certificate verification is strongly advised. See: https://urllib3.readthedocs.io/en/latest/advanced-usage.html#tls-warnings
  warnings.warn(</msg>
<msg time="2024-06-28T17:14:12.404380" level="INFO">${response} = &lt;Response [200]&gt;</msg>
<var>${response}</var>
<arg>consultarAPI</arg>
<arg>/api</arg>
<doc>Sends a GET request on a previously created HTTP Session.</doc>
<status status="PASS" start="2024-06-28T17:14:12.323015" elapsed="0.081413"/>
</kw>
<kw name="Set Variable" owner="BuiltIn">
<msg time="2024-06-28T17:14:12.405331" level="INFO">${json_data} = {'results': [{'gender': 'male', 'name': {'title': 'Mr', 'first': 'Adrian', 'last': 'Dudchenko'}, 'location': {'street': {'number': 5071, 'name': 'Generala Matikina'}, 'city': 'Bahmach', 'state': 'Ivan...</msg>
<var>${json_data}</var>
<arg>${response.json()}</arg>
<doc>Returns the given values which can then be assigned to a variables.</doc>
<status status="PASS" start="2024-06-28T17:14:12.404867" elapsed="0.000493"/>
</kw>
<kw name="Log" owner="BuiltIn">
<msg time="2024-06-28T17:14:12.405860" level="INFO">{'results': [{'gender': 'male', 'name': {'title': 'Mr', 'first': 'Adrian', 'last': 'Dudchenko'}, 'location': {'street': {'number': 5071, 'name': 'Generala Matikina'}, 'city': 'Bahmach', 'state': 'Ivano-Frankivska', 'country': 'Ukraine', 'postcode': 67692, 'coordinates': {'latitude': '77.2455', 'longitude': '-177.6727'}, 'timezone': {'offset': '+7:00', 'description': 'Bangkok, Hanoi, Jakarta'}}, 'email': 'adrian.dudchenko@example.com', 'login': {'uuid': '04d8805a-b519-4e9b-9afe-8a5ab239aa1a', 'username': 'yellowtiger594', 'password': 'overkill', 'salt': 'SueK3KS1', 'md5': '0577557d25dcf70375fd711b147ccabc', 'sha1': '03bfb6bbe3fe295e7ec72e763bd6bf6627bbfecd', 'sha256': 'cfc507070dc302dd6d5a405ee1ed5a250aab98d6833cdd449da2cd252f8960ac'}, 'dob': {'date': '1981-03-15T03:26:29.071Z', 'age': 43}, 'registered': {'date': '2008-10-11T12:00:00.734Z', 'age': 15}, 'phone': '(098) E26-6616', 'cell': '(068) G51-9618', 'id': {'name': '', 'value': None}, 'picture': {'large': 'https://randomuser.me/api/portraits/men/67.jpg', 'medium': 'https://randomuser.me/api/portraits/med/men/67.jpg', 'thumbnail': 'https://randomuser.me/api/portraits/thumb/men/67.jpg'}, 'nat': 'UA'}], 'info': {'seed': '9906d28a4ea0e7ac', 'results': 1, 'page': 1, 'version': '1.4'}}</msg>
<arg>${json_data}</arg>
<doc>Logs the given message with the given level.</doc>
<status status="PASS" start="2024-06-28T17:14:12.405705" elapsed="0.000203"/>
</kw>
<kw name="Dictionary Should Contain Key" owner="Collections">
<arg>${json_data}</arg>
<arg>results</arg>
<doc>Fails if ``key`` is not found from ``dictionary``.</doc>
<status status="PASS" start="2024-06-28T17:14:12.406198" elapsed="0.000154"/>
</kw>
<kw name="Should Not Be Empty" owner="BuiltIn">
<msg time="2024-06-28T17:14:12.406669" level="INFO">Length is 2.</msg>
<arg>${json_data}</arg>
<doc>Verifies that the given item is not empty.</doc>
<status status="PASS" start="2024-06-28T17:14:12.406534" elapsed="0.000175"/>
</kw>
<kw name="Create List" owner="BuiltIn">
<msg time="2024-06-28T17:14:12.407286" level="INFO">${expected_keys} = ['gender', 'name', 'location', 'email', 'login']</msg>
<var>${expected_keys}</var>
<arg>gender</arg>
<arg>name</arg>
<arg>location</arg>
<arg>email</arg>
<arg>login</arg>
<doc>Returns a list containing given items.</doc>
<status status="PASS" start="2024-06-28T17:14:12.407000" elapsed="0.000311"/>
</kw>
<for flavor="IN">
<iter>
<kw name="Dictionary Should Contain Key" owner="Collections">
<arg>${json_data['results'][0]}</arg>
<arg>${key}</arg>
<doc>Fails if ``key`` is not found from ``dictionary``.</doc>
<status status="PASS" start="2024-06-28T17:14:12.407883" elapsed="0.000396"/>
</kw>
<kw name="Log" owner="BuiltIn">
<msg time="2024-06-28T17:14:12.408827" level="INFO">{'gender': 'male', 'name': {'title': 'Mr', 'first': 'Adrian', 'last': 'Dudchenko'}, 'location': {'street': {'number': 5071, 'name': 'Generala Matikina'}, 'city': 'Bahmach', 'state': 'Ivano-Frankivska', 'country': 'Ukraine', 'postcode': 67692, 'coordinates': {'latitude': '77.2455', 'longitude': '-177.6727'}, 'timezone': {'offset': '+7:00', 'description': 'Bangkok, Hanoi, Jakarta'}}, 'email': 'adrian.dudchenko@example.com', 'login': {'uuid': '04d8805a-b519-4e9b-9afe-8a5ab239aa1a', 'username': 'yellowtiger594', 'password': 'overkill', 'salt': 'SueK3KS1', 'md5': '0577557d25dcf70375fd711b147ccabc', 'sha1': '03bfb6bbe3fe295e7ec72e763bd6bf6627bbfecd', 'sha256': 'cfc507070dc302dd6d5a405ee1ed5a250aab98d6833cdd449da2cd252f8960ac'}, 'dob': {'date': '1981-03-15T03:26:29.071Z', 'age': 43}, 'registered': {'date': '2008-10-11T12:00:00.734Z', 'age': 15}, 'phone': '(098) E26-6616', 'cell': '(068) G51-9618', 'id': {'name': '', 'value': None}, 'picture': {'large': 'https://randomuser.me/api/portraits/men/67.jpg', 'medium': 'https://randomuser.me/api/portraits/med/men/67.jpg', 'thumbnail': 'https://randomuser.me/api/portraits/thumb/men/67.jpg'}, 'nat': 'UA'}</msg>
<arg>${json_data['results'][0]}</arg>
<doc>Logs the given message with the given level.</doc>
<status status="PASS" start="2024-06-28T17:14:12.408465" elapsed="0.000410"/>
</kw>
<kw name="Log" owner="BuiltIn">
<msg time="2024-06-28T17:14:12.409302" level="INFO">gender</msg>
<arg>${key}</arg>
<doc>Logs the given message with the given level.</doc>
<status status="PASS" start="2024-06-28T17:14:12.409175" elapsed="0.000166"/>
</kw>
<var name="${key}">gender</var>
<status status="PASS" start="2024-06-28T17:14:12.407760" elapsed="0.001843"/>
</iter>
<iter>
<kw name="Dictionary Should Contain Key" owner="Collections">
<arg>${json_data['results'][0]}</arg>
<arg>${key}</arg>
<doc>Fails if ``key`` is not found from ``dictionary``.</doc>
<status status="PASS" start="2024-06-28T17:14:12.409899" elapsed="0.000392"/>
</kw>
<kw name="Log" owner="BuiltIn">
<msg time="2024-06-28T17:14:12.410821" level="INFO">{'gender': 'male', 'name': {'title': 'Mr', 'first': 'Adrian', 'last': 'Dudchenko'}, 'location': {'street': {'number': 5071, 'name': 'Generala Matikina'}, 'city': 'Bahmach', 'state': 'Ivano-Frankivska', 'country': 'Ukraine', 'postcode': 67692, 'coordinates': {'latitude': '77.2455', 'longitude': '-177.6727'}, 'timezone': {'offset': '+7:00', 'description': 'Bangkok, Hanoi, Jakarta'}}, 'email': 'adrian.dudchenko@example.com', 'login': {'uuid': '04d8805a-b519-4e9b-9afe-8a5ab239aa1a', 'username': 'yellowtiger594', 'password': 'overkill', 'salt': 'SueK3KS1', 'md5': '0577557d25dcf70375fd711b147ccabc', 'sha1': '03bfb6bbe3fe295e7ec72e763bd6bf6627bbfecd', 'sha256': 'cfc507070dc302dd6d5a405ee1ed5a250aab98d6833cdd449da2cd252f8960ac'}, 'dob': {'date': '1981-03-15T03:26:29.071Z', 'age': 43}, 'registered': {'date': '2008-10-11T12:00:00.734Z', 'age': 15}, 'phone': '(098) E26-6616', 'cell': '(068) G51-9618', 'id': {'name': '', 'value': None}, 'picture': {'large': 'https://randomuser.me/api/portraits/men/67.jpg', 'medium': 'https://randomuser.me/api/portraits/med/men/67.jpg', 'thumbnail': 'https://randomuser.me/api/portraits/thumb/men/67.jpg'}, 'nat': 'UA'}</msg>
<arg>${json_data['results'][0]}</arg>
<doc>Logs the given message with the given level.</doc>
<status status="PASS" start="2024-06-28T17:14:12.410474" elapsed="0.000427"/>
</kw>
<kw name="Log" owner="BuiltIn">
<msg time="2024-06-28T17:14:12.411324" level="INFO">name</msg>
<arg>${key}</arg>
<doc>Logs the given message with the given level.</doc>
<status status="PASS" start="2024-06-28T17:14:12.411198" elapsed="0.000164"/>
</kw>
<var name="${key}">name</var>
<status status="PASS" start="2024-06-28T17:14:12.409788" elapsed="0.001791"/>
</iter>
<iter>
<kw name="Dictionary Should Contain Key" owner="Collections">
<arg>${json_data['results'][0]}</arg>
<arg>${key}</arg>
<doc>Fails if ``key`` is not found from ``dictionary``.</doc>
<status status="PASS" start="2024-06-28T17:14:12.411864" elapsed="0.000378"/>
</kw>
<kw name="Log" owner="BuiltIn">
<msg time="2024-06-28T17:14:12.412780" level="INFO">{'gender': 'male', 'name': {'title': 'Mr', 'first': 'Adrian', 'last': 'Dudchenko'}, 'location': {'street': {'number': 5071, 'name': 'Generala Matikina'}, 'city': 'Bahmach', 'state': 'Ivano-Frankivska', 'country': 'Ukraine', 'postcode': 67692, 'coordinates': {'latitude': '77.2455', 'longitude': '-177.6727'}, 'timezone': {'offset': '+7:00', 'description': 'Bangkok, Hanoi, Jakarta'}}, 'email': 'adrian.dudchenko@example.com', 'login': {'uuid': '04d8805a-b519-4e9b-9afe-8a5ab239aa1a', 'username': 'yellowtiger594', 'password': 'overkill', 'salt': 'SueK3KS1', 'md5': '0577557d25dcf70375fd711b147ccabc', 'sha1': '03bfb6bbe3fe295e7ec72e763bd6bf6627bbfecd', 'sha256': 'cfc507070dc302dd6d5a405ee1ed5a250aab98d6833cdd449da2cd252f8960ac'}, 'dob': {'date': '1981-03-15T03:26:29.071Z', 'age': 43}, 'registered': {'date': '2008-10-11T12:00:00.734Z', 'age': 15}, 'phone': '(098) E26-6616', 'cell': '(068) G51-9618', 'id': {'name': '', 'value': None}, 'picture': {'large': 'https://randomuser.me/api/portraits/men/67.jpg', 'medium': 'https://randomuser.me/api/portraits/med/men/67.jpg', 'thumbnail': 'https://randomuser.me/api/portraits/thumb/men/67.jpg'}, 'nat': 'UA'}</msg>
<arg>${json_data['results'][0]}</arg>
<doc>Logs the given message with the given level.</doc>
<status status="PASS" start="2024-06-28T17:14:12.412423" elapsed="0.000405"/>
</kw>
<kw name="Log" owner="BuiltIn">
<msg time="2024-06-28T17:14:12.413252" level="INFO">location</msg>
<arg>${key}</arg>
<doc>Logs the given message with the given level.</doc>
<status status="PASS" start="2024-06-28T17:14:12.413126" elapsed="0.000163"/>
</kw>
<var name="${key}">location</var>
<status status="PASS" start="2024-06-28T17:14:12.411758" elapsed="0.001778"/>
</iter>
<iter>
<kw name="Dictionary Should Contain Key" owner="Collections">
<arg>${json_data['results'][0]}</arg>
<arg>${key}</arg>
<doc>Fails if ``key`` is not found from ``dictionary``.</doc>
<status status="PASS" start="2024-06-28T17:14:12.413821" elapsed="0.000391"/>
</kw>
<kw name="Log" owner="BuiltIn">
<msg time="2024-06-28T17:14:12.414745" level="INFO">{'gender': 'male', 'name': {'title': 'Mr', 'first': 'Adrian', 'last': 'Dudchenko'}, 'location': {'street': {'number': 5071, 'name': 'Generala Matikina'}, 'city': 'Bahmach', 'state': 'Ivano-Frankivska', 'country': 'Ukraine', 'postcode': 67692, 'coordinates': {'latitude': '77.2455', 'longitude': '-177.6727'}, 'timezone': {'offset': '+7:00', 'description': 'Bangkok, Hanoi, Jakarta'}}, 'email': 'adrian.dudchenko@example.com', 'login': {'uuid': '04d8805a-b519-4e9b-9afe-8a5ab239aa1a', 'username': 'yellowtiger594', 'password': 'overkill', 'salt': 'SueK3KS1', 'md5': '0577557d25dcf70375fd711b147ccabc', 'sha1': '03bfb6bbe3fe295e7ec72e763bd6bf6627bbfecd', 'sha256': 'cfc507070dc302dd6d5a405ee1ed5a250aab98d6833cdd449da2cd252f8960ac'}, 'dob': {'date': '1981-03-15T03:26:29.071Z', 'age': 43}, 'registered': {'date': '2008-10-11T12:00:00.734Z', 'age': 15}, 'phone': '(098) E26-6616', 'cell': '(068) G51-9618', 'id': {'name': '', 'value': None}, 'picture': {'large': 'https://randomuser.me/api/portraits/men/67.jpg', 'medium': 'https://randomuser.me/api/portraits/med/men/67.jpg', 'thumbnail': 'https://randomuser.me/api/portraits/thumb/men/67.jpg'}, 'nat': 'UA'}</msg>
<arg>${json_data['results'][0]}</arg>
<doc>Logs the given message with the given level.</doc>
<status status="PASS" start="2024-06-28T17:14:12.414396" elapsed="0.000397"/>
</kw>
<kw name="Log" owner="BuiltIn">
<msg time="2024-06-28T17:14:12.415209" level="INFO">email</msg>
<arg>${key}</arg>
<doc>Logs the given message with the given level.</doc>
<status status="PASS" start="2024-06-28T17:14:12.415083" elapsed="0.000164"/>
</kw>
<var name="${key}">email</var>
<status status="PASS" start="2024-06-28T17:14:12.413715" elapsed="0.001751"/>
</iter>
<iter>
<kw name="Dictionary Should Contain Key" owner="Collections">
<arg>${json_data['results'][0]}</arg>
<arg>${key}</arg>
<doc>Fails if ``key`` is not found from ``dictionary``.</doc>
<status status="PASS" start="2024-06-28T17:14:12.415752" elapsed="0.000379"/>
</kw>
<kw name="Log" owner="BuiltIn">
<msg time="2024-06-28T17:14:12.416657" level="INFO">{'gender': 'male', 'name': {'title': 'Mr', 'first': 'Adrian', 'last': 'Dudchenko'}, 'location': {'street': {'number': 5071, 'name': 'Generala Matikina'}, 'city': 'Bahmach', 'state': 'Ivano-Frankivska', 'country': 'Ukraine', 'postcode': 67692, 'coordinates': {'latitude': '77.2455', 'longitude': '-177.6727'}, 'timezone': {'offset': '+7:00', 'description': 'Bangkok, Hanoi, Jakarta'}}, 'email': 'adrian.dudchenko@example.com', 'login': {'uuid': '04d8805a-b519-4e9b-9afe-8a5ab239aa1a', 'username': 'yellowtiger594', 'password': 'overkill', 'salt': 'SueK3KS1', 'md5': '0577557d25dcf70375fd711b147ccabc', 'sha1': '03bfb6bbe3fe295e7ec72e763bd6bf6627bbfecd', 'sha256': 'cfc507070dc302dd6d5a405ee1ed5a250aab98d6833cdd449da2cd252f8960ac'}, 'dob': {'date': '1981-03-15T03:26:29.071Z', 'age': 43}, 'registered': {'date': '2008-10-11T12:00:00.734Z', 'age': 15}, 'phone': '(098) E26-6616', 'cell': '(068) G51-9618', 'id': {'name': '', 'value': None}, 'picture': {'large': 'https://randomuser.me/api/portraits/men/67.jpg', 'medium': 'https://randomuser.me/api/portraits/med/men/67.jpg', 'thumbnail': 'https://randomuser.me/api/portraits/thumb/men/67.jpg'}, 'nat': 'UA'}</msg>
<arg>${json_data['results'][0]}</arg>
<doc>Logs the given message with the given level.</doc>
<status status="PASS" start="2024-06-28T17:14:12.416310" elapsed="0.000407"/>
</kw>
<kw name="Log" owner="BuiltIn">
<msg time="2024-06-28T17:14:12.417140" level="INFO">login</msg>
<arg>${key}</arg>
<doc>Logs the given message with the given level.</doc>
<status status="PASS" start="2024-06-28T17:14:12.417015" elapsed="0.000163"/>
</kw>
<var name="${key}">login</var>
<status status="PASS" start="2024-06-28T17:14:12.415636" elapsed="0.001774"/>
</iter>
<var>${key}</var>
<value>@{expected_keys}</value>
<status status="PASS" start="2024-06-28T17:14:12.407575" elapsed="0.009960"/>
</for>
<kw name="Create List" owner="BuiltIn">
<msg time="2024-06-28T17:14:12.417874" level="INFO">${expected_keysTwo} = ['username', 'password']</msg>
<var>${expected_keysTwo}</var>
<arg>username</arg>
<arg>password</arg>
<doc>Returns a list containing given items.</doc>
<status status="PASS" start="2024-06-28T17:14:12.417735" elapsed="0.000193"/>
</kw>
<for flavor="IN">
<iter>
<kw name="Dictionary Should Contain Key" owner="Collections">
<arg>${json_data['results'][0]['login']}</arg>
<arg>${keyTwo}</arg>
<doc>Fails if ``key`` is not found from ``dictionary``.</doc>
<status status="PASS" start="2024-06-28T17:14:12.418438" elapsed="0.000388"/>
</kw>
<kw name="Dictionary Should Contain Key" owner="Collections">
<arg>${json_data['results'][0]['login']}</arg>
<arg>${keyTwo}</arg>
<doc>Fails if ``key`` is not found from ``dictionary``.</doc>
<status status="PASS" start="2024-06-28T17:14:12.419003" elapsed="0.000373"/>
</kw>
<kw name="Log" owner="BuiltIn">
<msg time="2024-06-28T17:14:12.419681" level="INFO">username</msg>
<arg>${keyTwo}</arg>
<doc>Logs the given message with the given level.</doc>
<status status="PASS" start="2024-06-28T17:14:12.419562" elapsed="0.000156"/>
</kw>
<var name="${keyTwo}">username</var>
<status status="PASS" start="2024-06-28T17:14:12.418332" elapsed="0.001609"/>
</iter>
<iter>
<kw name="Dictionary Should Contain Key" owner="Collections">
<arg>${json_data['results'][0]['login']}</arg>
<arg>${keyTwo}</arg>
<doc>Fails if ``key`` is not found from ``dictionary``.</doc>
<status status="PASS" start="2024-06-28T17:14:12.420215" elapsed="0.000379"/>
</kw>
<kw name="Dictionary Should Contain Key" owner="Collections">
<arg>${json_data['results'][0]['login']}</arg>
<arg>${keyTwo}</arg>
<doc>Fails if ``key`` is not found from ``dictionary``.</doc>
<status status="PASS" start="2024-06-28T17:14:12.420770" elapsed="0.000373"/>
</kw>
<kw name="Log" owner="BuiltIn">
<msg time="2024-06-28T17:14:12.421469" level="INFO">password</msg>
<arg>${keyTwo}</arg>
<doc>Logs the given message with the given level.</doc>
<status status="PASS" start="2024-06-28T17:14:12.421317" elapsed="0.000206"/>
</kw>
<var name="${keyTwo}">password</var>
<status status="PASS" start="2024-06-28T17:14:12.420112" elapsed="0.001737"/>
</iter>
<var>${keyTwo}</var>
<value>@{expected_keysTwo}</value>
<status status="PASS" start="2024-06-28T17:14:12.418181" elapsed="0.003790"/>
</for>
<status status="PASS" start="2024-06-28T17:14:12.322780" elapsed="0.099329"/>
</kw>
<doc>Testa a estrutura da resposta da API.</doc>
<tag>testeEstruturaResposta</tag>
<status status="PASS" start="2024-06-28T17:14:12.322184" elapsed="0.100071"/>
</test>
<test id="s1-s1-t4" name="Validar tipos de dados" line="28">
<kw name="Teste de Tipos de Dados" owner="random-user-service">
<kw name="GET On Session" owner="RequestsLibrary">
<msg time="2024-06-28T17:14:12.517521" level="INFO">GET Request : url=https://randomuser.me/api 
 path_url=/api 
 headers={'User-Agent': 'python-requests/2.32.3', 'Accept-Encoding': 'gzip, deflate', 'Accept': '*/*', 'Connection': 'keep-alive'} 
 body=None 
 </msg>
<msg time="2024-06-28T17:14:12.517627" level="INFO">GET Response : url=https://randomuser.me/api 
 status=200, reason=OK 
 headers={'Date': 'Fri, 28 Jun 2024 17:14:12 GMT', 'Content-Type': 'application/json; charset=utf-8', 'Transfer-Encoding': 'chunked', 'Connection': 'keep-alive', 'X-Powered-By': 'Express', 'Access-Control-Allow-Origin': '*', 'Cache-Control': 'no-cache', 'ETag': 'W/"49d-bUp4w6K/yQT2RJoeskHG5IVvGKU"', 'Vary': 'Accept-Encoding', 'Content-Encoding': 'gzip', 'CF-Cache-Status': 'DYNAMIC', 'Report-To': '{"endpoints":[{"url":"https:\\/\\/a.nel.cloudflare.com\\/report\\/v4?s=y6dNbbYDeomDGi1d6xpfX7wWvewsi5R21KU%2B0YKX72NA8hwiWS5Q%2Fk8NQCrnj0rA7wp%2F2MYaaJ2NPCSRRPBuCLLQara47mS2J0j2yf6wnGA%2B9VrKiySgxJ6X9USIU%2F%2FL"}],"group":"cf-nel","max_age":604800}', 'NEL': '{"success_fraction":0,"report_to":"cf-nel","max_age":604800}', 'Server': 'cloudflare', 'CF-RAY': '89af4fd3ac006fda-IAD', 'alt-svc': 'h3=":443"; ma=86400'} 
 body={"results":[{"gender":"female","name":{"title":"Miss","first":"Mia","last":"Edwards"},"location":{"street":{"number":6469,"name":"Grafton Street"},"city":"Portarlington","state":"Wexford","country":"Ireland","postcode":30159,"coordinates":{"latitude":"-1.3682","longitude":"16.9903"},"timezone":{"offset":"0:00","description":"Western Europe Time, London, Lisbon, Casablanca"}},"email":"mia.edwards@example.com","login":{"uuid":"b307a3cf-3277-4552-a6aa-e29ceb5ed8b4","username":"purpleswan233","password":"nanook","salt":"jCEtukNx","md5":"2506a685ceea39674b4ceb72aa453186","sha1":"abbaeead17b0f95f8f046d6f0fe6279735880150","sha256":"88367bada9edddce6a0e1793df6a40617ecc5e8e5834816d1536b3650c6f6ea9"},"dob":{"date":"1979-10-25T22:57:47.248Z","age":44},"registered":{"date":"2018-07-18T16:02:22.579Z","age":5},"phone":"061-388-5725","cell":"081-956-0623","id":{"name":"PPS","value":"9442807T"},"picture":{"large":"https://randomuser.me/api/portraits/women/85.jpg","medium":"https://randomuser.me/api/portraits/med/women/85.jpg","thumbnail":"https://randomuser.me/api/portraits/thumb/women/85.jpg"},"nat":"IE"}],"info":{"seed":"72e58d2680091a54","results":1,"page":1,"version":"1.4"}} 
 </msg>
<msg time="2024-06-28T17:14:12.517711" level="INFO">/opt/hostedtoolcache/Python/3.12.4/x64/lib/python3.12/site-packages/urllib3/connectionpool.py:1099: InsecureRequestWarning: Unverified HTTPS request is being made to host 'randomuser.me'. Adding certificate verification is strongly advised. See: https://urllib3.readthedocs.io/en/latest/advanced-usage.html#tls-warnings
  warnings.warn(</msg>
<msg time="2024-06-28T17:14:12.517839" level="INFO">${response} = &lt;Response [200]&gt;</msg>
<var>${response}</var>
<arg>consultarAPI</arg>
<arg>/api</arg>
<doc>Sends a GET request on a previously created HTTP Session.</doc>
<status status="PASS" start="2024-06-28T17:14:12.424670" elapsed="0.093215"/>
</kw>
<kw name="Set Variable" owner="BuiltIn">
<msg time="2024-06-28T17:14:12.518885" level="INFO">${json_data} = {'results': [{'gender': 'female', 'name': {'title': 'Miss', 'first': 'Mia', 'last': 'Edwards'}, 'location': {'street': {'number': 6469, 'name': 'Grafton Street'}, 'city': 'Portarlington', 'state': 'We...</msg>
<var>${json_data}</var>
<arg>${response.json()}</arg>
<doc>Returns the given values which can then be assigned to a variables.</doc>
<status status="PASS" start="2024-06-28T17:14:12.518372" elapsed="0.000543"/>
</kw>
<kw name="Log" owner="BuiltIn">
<msg time="2024-06-28T17:14:12.519388" level="INFO">{'results': [{'gender': 'female', 'name': {'title': 'Miss', 'first': 'Mia', 'last': 'Edwards'}, 'location': {'street': {'number': 6469, 'name': 'Grafton Street'}, 'city': 'Portarlington', 'state': 'Wexford', 'country': 'Ireland', 'postcode': 30159, 'coordinates': {'latitude': '-1.3682', 'longitude': '16.9903'}, 'timezone': {'offset': '0:00', 'description': 'Western Europe Time, London, Lisbon, Casablanca'}}, 'email': 'mia.edwards@example.com', 'login': {'uuid': 'b307a3cf-3277-4552-a6aa-e29ceb5ed8b4', 'username': 'purpleswan233', 'password': 'nanook', 'salt': 'jCEtukNx', 'md5': '2506a685ceea39674b4ceb72aa453186', 'sha1': 'abbaeead17b0f95f8f046d6f0fe6279735880150', 'sha256': '88367bada9edddce6a0e1793df6a40617ecc5e8e5834816d1536b3650c6f6ea9'}, 'dob': {'date': '1979-10-25T22:57:47.248Z', 'age': 44}, 'registered': {'date': '2018-07-18T16:02:22.579Z', 'age': 5}, 'phone': '061-388-5725', 'cell': '081-956-0623', 'id': {'name': 'PPS', 'value': '9442807T'}, 'picture': {'large': 'https://randomuser.me/api/portraits/women/85.jpg', 'medium': 'https://randomuser.me/api/portraits/med/women/85.jpg', 'thumbnail': 'https://randomuser.me/api/portraits/thumb/women/85.jpg'}, 'nat': 'IE'}], 'info': {'seed': '72e58d2680091a54', 'results': 1, 'page': 1, 'version': '1.4'}}</msg>
<arg>${json_data}</arg>
<doc>Logs the given message with the given level.</doc>
<status status="PASS" start="2024-06-28T17:14:12.519227" elapsed="0.000218"/>
</kw>
<kw name="Should Be String" owner="String">
<arg>${json_data['results'][0]['gender']}</arg>
<doc>Fails if the given ``item`` is not a string.</doc>
<status status="PASS" start="2024-06-28T17:14:12.519741" elapsed="0.000367"/>
</kw>
<kw name="Should Match Regexp" owner="BuiltIn">
<arg>${json_data['results'][0]['email']}</arg>
<arg>^[a-zA-Z0-9._%+-]+@[a-zA-Z0-9.-]+\.[a-zA-Z]{2,}$</arg>
<doc>Fails if ``string`` does not match ``pattern`` as a regular expression.</doc>
<status status="PASS" start="2024-06-28T17:14:12.520299" elapsed="0.000562"/>
</kw>
<kw name="Should Match Regexp" owner="BuiltIn">
<arg>${json_data['results'][0]['dob']['date']}</arg>
<arg>\\d{4}-\\d{2}-\\d{2}T\\d{2}:\\d{2}:\\d{2}\\.\\d{3}Z</arg>
<doc>Fails if ``string`` does not match ``pattern`` as a regular expression.</doc>
<status status="PASS" start="2024-06-28T17:14:12.521056" elapsed="0.000522"/>
</kw>
<kw name="Should Match Regexp" owner="BuiltIn">
<arg>${json_data['results'][0]['registered']['date']}</arg>
<arg>\\d{4}-\\d{2}-\\d{2}T\\d{2}:\\d{2}:\\d{2}\\.\\d{3}Z</arg>
<doc>Fails if ``string`` does not match ``pattern`` as a regular expression.</doc>
<status status="PASS" start="2024-06-28T17:14:12.521769" elapsed="0.000385"/>
</kw>
<kw name="Should Match Regexp" owner="BuiltIn">
<arg>${json_data['results'][0]['picture']['large']}</arg>
<arg>^https?://.*\.(?:png|jpe?g|gif|bmp)$</arg>
<doc>Fails if ``string`` does not match ``pattern`` as a regular expression.</doc>
<status status="PASS" start="2024-06-28T17:14:12.522341" elapsed="0.000461"/>
</kw>
<kw name="Should Match Regexp" owner="BuiltIn">
<arg>${json_data['results'][0]['picture']['medium']}</arg>
<arg>^https?://.*\.(?:png|jpe?g|gif|bmp)$</arg>
<doc>Fails if ``string`` does not match ``pattern`` as a regular expression.</doc>
<status status="PASS" start="2024-06-28T17:14:12.522988" elapsed="0.000353"/>
</kw>
<kw name="Should Match Regexp" owner="BuiltIn">
<arg>${json_data['results'][0]['picture']['thumbnail']}</arg>
<arg>^https?://.*\.(?:png|jpe?g|gif|bmp)$</arg>
<doc>Fails if ``string`` does not match ``pattern`` as a regular expression.</doc>
<status status="PASS" start="2024-06-28T17:14:12.523525" elapsed="0.000347"/>
</kw>
<kw name="Log" owner="BuiltIn">
<msg time="2024-06-28T17:14:12.524390" level="INFO">{'large': 'https://randomuser.me/api/portraits/women/85.jpg', 'medium': 'https://randomuser.me/api/portraits/med/women/85.jpg', 'thumbnail': 'https://randomuser.me/api/portraits/thumb/women/85.jpg'}</msg>
<arg>${json_data['results'][0]['picture']}</arg>
<doc>Logs the given message with the given level.</doc>
<status status="PASS" start="2024-06-28T17:14:12.524056" elapsed="0.000378"/>
</kw>
<status status="PASS" start="2024-06-28T17:14:12.424452" elapsed="0.100240"/>
</kw>
<kw name="Teste de Tipos de Dados - Postcode" owner="random-user-service">
<kw name="GET On Session" owner="RequestsLibrary">
<msg time="2024-06-28T17:14:12.610382" level="INFO">GET Request : url=https://randomuser.me/api 
 path_url=/api 
 headers={'User-Agent': 'python-requests/2.32.3', 'Accept-Encoding': 'gzip, deflate', 'Accept': '*/*', 'Connection': 'keep-alive'} 
 body=None 
 </msg>
<msg time="2024-06-28T17:14:12.610465" level="INFO">GET Response : url=https://randomuser.me/api 
 status=200, reason=OK 
 headers={'Date': 'Fri, 28 Jun 2024 17:14:12 GMT', 'Content-Type': 'application/json; charset=utf-8', 'Transfer-Encoding': 'chunked', 'Connection': 'keep-alive', 'X-Powered-By': 'Express', 'Access-Control-Allow-Origin': '*', 'Cache-Control': 'no-cache', 'ETag': 'W/"4ae-uovklErrmLhTR3Rdl0mDN45JbL8"', 'Vary': 'Accept-Encoding', 'Content-Encoding': 'gzip', 'CF-Cache-Status': 'DYNAMIC', 'Report-To': '{"endpoints":[{"url":"https:\\/\\/a.nel.cloudflare.com\\/report\\/v4?s=jWzNjsWAsTplbP%2BcjVnwVPseAXKVlC8gi9uXKjOS2gTyZTX7N4wgFGFYfFQV5UW02Qgsrke5E3ncoVJQWSGx08NlIpliIcGIXMzpF%2Be8YyuO3TTqR0cozNAFlZnlFLOd"}],"group":"cf-nel","max_age":604800}', 'NEL': '{"success_fraction":0,"report_to":"cf-nel","max_age":604800}', 'Server': 'cloudflare', 'CF-RAY': '89af4fd45c986fda-IAD', 'alt-svc': 'h3=":443"; ma=86400'} 
 body={"results":[{"gender":"male","name":{"title":"Mr","first":"Ernesto","last":"Ulloa"},"location":{"street":{"number":2590,"name":"Circunvalación Turquía"},"city":"Ignacio Allende","state":"Tamaulipas","country":"Mexico","postcode":30598,"coordinates":{"latitude":"24.5947","longitude":"-52.0764"},"timezone":{"offset":"+11:00","description":"Magadan, Solomon Islands, New Caledonia"}},"email":"ernesto.ulloa@example.com","login":{"uuid":"4ef465d3-8c10-457c-8f33-408916a8a763","username":"brownelephant355","password":"zippo","salt":"HYeavCWq","md5":"afecfcb23fbc6c1e2ce34df91cca1430","sha1":"d88a356e8b357082b7ceb6c73bebfbb2359f04ce","sha256":"bd0c857788886bb76d754dc5a8f12404f53379bd5cffcc898ce30634cdb42347"},"dob":{"date":"1946-01-28T18:37:54.508Z","age":78},"registered":{"date":"2013-03-11T01:05:30.659Z","age":11},"phone":"(604) 656 4425","cell":"(685) 917 1008","id":{"name":"NSS","value":"91 65 22 0653 0"},"picture":{"large":"https://randomuser.me/api/portraits/men/60.jpg","medium":"https://randomuser.me/api/portraits/med/men/60.jpg","thumbnail":"https://randomuser.me/api/portraits/thumb/men/60.jpg"},"nat":"MX"}],"info":{"seed":"4824768287175b27","results":1,"page":1,"version":"1.4"}} 
 </msg>
<msg time="2024-06-28T17:14:12.610544" level="INFO">/opt/hostedtoolcache/Python/3.12.4/x64/lib/python3.12/site-packages/urllib3/connectionpool.py:1099: InsecureRequestWarning: Unverified HTTPS request is being made to host 'randomuser.me'. Adding certificate verification is strongly advised. See: https://urllib3.readthedocs.io/en/latest/advanced-usage.html#tls-warnings
  warnings.warn(</msg>
<msg time="2024-06-28T17:14:12.610651" level="INFO">${response} = &lt;Response [200]&gt;</msg>
<var>${response}</var>
<arg>consultarAPI</arg>
<arg>/api</arg>
<doc>Sends a GET request on a previously created HTTP Session.</doc>
<status status="PASS" start="2024-06-28T17:14:12.525151" elapsed="0.085539"/>
</kw>
<kw name="Set Variable" owner="BuiltIn">
<msg time="2024-06-28T17:14:12.611814" level="INFO">${json_data} = {'results': [{'gender': 'male', 'name': {'title': 'Mr', 'first': 'Ernesto', 'last': 'Ulloa'}, 'location': {'street': {'number': 2590, 'name': 'Circunvalación Turquía'}, 'city': 'Ignacio Allende', 'sta...</msg>
<var>${json_data}</var>
<arg>${response.json()}</arg>
<doc>Returns the given values which can then be assigned to a variables.</doc>
<status status="PASS" start="2024-06-28T17:14:12.611168" elapsed="0.000678"/>
</kw>
<kw name="Log" owner="BuiltIn">
<msg time="2024-06-28T17:14:12.612318" level="INFO">{'results': [{'gender': 'male', 'name': {'title': 'Mr', 'first': 'Ernesto', 'last': 'Ulloa'}, 'location': {'street': {'number': 2590, 'name': 'Circunvalación Turquía'}, 'city': 'Ignacio Allende', 'state': 'Tamaulipas', 'country': 'Mexico', 'postcode': 30598, 'coordinates': {'latitude': '24.5947', 'longitude': '-52.0764'}, 'timezone': {'offset': '+11:00', 'description': 'Magadan, Solomon Islands, New Caledonia'}}, 'email': 'ernesto.ulloa@example.com', 'login': {'uuid': '4ef465d3-8c10-457c-8f33-408916a8a763', 'username': 'brownelephant355', 'password': 'zippo', 'salt': 'HYeavCWq', 'md5': 'afecfcb23fbc6c1e2ce34df91cca1430', 'sha1': 'd88a356e8b357082b7ceb6c73bebfbb2359f04ce', 'sha256': 'bd0c857788886bb76d754dc5a8f12404f53379bd5cffcc898ce30634cdb42347'}, 'dob': {'date': '1946-01-28T18:37:54.508Z', 'age': 78}, 'registered': {'date': '2013-03-11T01:05:30.659Z', 'age': 11}, 'phone': '(604) 656 4425', 'cell': '(685) 917 1008', 'id': {'name': 'NSS', 'value': '91 65 22 0653 0'}, 'picture': {'large': 'https://randomuser.me/api/portraits/men/60.jpg', 'medium': 'https://randomuser.me/api/portraits/med/men/60.jpg', 'thumbnail': 'https://randomuser.me/api/portraits/thumb/men/60.jpg'}, 'nat': 'MX'}], 'info': {'seed': '4824768287175b27', 'results': 1, 'page': 1, 'version': '1.4'}}</msg>
<arg>${json_data}</arg>
<doc>Logs the given message with the given level.</doc>
<status status="PASS" start="2024-06-28T17:14:12.612158" elapsed="0.000210"/>
</kw>
<kw name="Should Be Equal As Numbers" owner="BuiltIn">
<arg>${json_data['results'][0]['location']['postcode']}</arg>
<arg>${json_data['results'][0]['location']['postcode']}</arg>
<doc>Fails if objects are unequal after converting them to real numbers.</doc>
<status status="PASS" start="2024-06-28T17:14:12.612667" elapsed="0.000777"/>
</kw>
<kw name="Log" owner="BuiltIn">
<msg time="2024-06-28T17:14:12.614286" level="INFO">30598</msg>
<arg>${json_data['results'][0]['location']['postcode']}</arg>
<doc>Logs the given message with the given level.</doc>
<status status="PASS" start="2024-06-28T17:14:12.613684" elapsed="0.000647"/>
</kw>
<status status="PASS" start="2024-06-28T17:14:12.524922" elapsed="0.089712"/>
</kw>
<doc>Testa se os tipos de dados na resposta da API estão corretos.</doc>
<tag>testeTiposDados</tag>
<status status="PASS" start="2024-06-28T17:14:12.424012" elapsed="0.190817"/>
</test>
<test id="s1-s1-t5" name="Validar conteudo" line="35">
<kw name="Teste de Tipos de Conteudo" owner="random-user-service">
<kw name="GET On Session" owner="RequestsLibrary">
<msg time="2024-06-28T17:14:12.710358" level="INFO">GET Request : url=https://randomuser.me/api 
 path_url=/api 
 headers={'User-Agent': 'python-requests/2.32.3', 'Accept-Encoding': 'gzip, deflate', 'Accept': '*/*', 'Connection': 'keep-alive'} 
 body=None 
 </msg>
<msg time="2024-06-28T17:14:12.710460" level="INFO">GET Response : url=https://randomuser.me/api 
 status=200, reason=OK 
 headers={'Date': 'Fri, 28 Jun 2024 17:14:12 GMT', 'Content-Type': 'application/json; charset=utf-8', 'Transfer-Encoding': 'chunked', 'Connection': 'keep-alive', 'X-Powered-By': 'Express', 'Access-Control-Allow-Origin': '*', 'Cache-Control': 'no-cache', 'ETag': 'W/"483-3/rt923mWJKqEAvdhqdBd8/clmo"', 'Vary': 'Accept-Encoding', 'Content-Encoding': 'gzip', 'CF-Cache-Status': 'DYNAMIC', 'Report-To': '{"endpoints":[{"url":"https:\\/\\/a.nel.cloudflare.com\\/report\\/v4?s=incUvhTklijwgVuJzXeNF5sfhV8vbzMdSQ86g6zDLCRC0VK%2FjAtgT9TzVXe%2Fd%2BHq2a8%2F0zEngqQ%2FBq3hXX58vVblb3KvghPaBFcBnYjXHfgiAZJj%2BIeIOrs%2BDBPgXXkG"}],"group":"cf-nel","max_age":604800}', 'NEL': '{"success_fraction":0,"report_to":"cf-nel","max_age":604800}', 'Server': 'cloudflare', 'CF-RAY': '89af4fd4ed3e6fda-IAD', 'alt-svc': 'h3=":443"; ma=86400'} 
 body={"results":[{"gender":"female","name":{"title":"Miss","first":"Ljiljana","last":"Zec"},"location":{"street":{"number":4229,"name":"Barska"},"city":"Veliko Gradište","state":"Moravica","country":"Serbia","postcode":22965,"coordinates":{"latitude":"62.7370","longitude":"95.3424"},"timezone":{"offset":"+6:00","description":"Almaty, Dhaka, Colombo"}},"email":"ljiljana.zec@example.com","login":{"uuid":"6f0c60e5-2264-4543-bb16-e994348e3e26","username":"greenswan655","password":"alexia","salt":"jAstsmlQ","md5":"7ec0fcbb2d7a609c37d0080a98afb58e","sha1":"d406c97d16d9ac1272f8a3a7ea7ba2e085704640","sha256":"2eb7474228ea4cea51a4b612c0bac72917aed1281b60f56b61e523159f167110"},"dob":{"date":"1977-07-15T09:15:38.250Z","age":46},"registered":{"date":"2007-07-28T18:45:49.530Z","age":16},"phone":"015-9291-345","cell":"066-3415-991","id":{"name":"SID","value":"700343583"},"picture":{"large":"https://randomuser.me/api/portraits/women/21.jpg","medium":"https://randomuser.me/api/portraits/med/women/21.jpg","thumbnail":"https://randomuser.me/api/portraits/thumb/women/21.jpg"},"nat":"RS"}],"info":{"seed":"e7f9b5a3284bad95","results":1,"page":1,"version":"1.4"}} 
 </msg>
<msg time="2024-06-28T17:14:12.710536" level="INFO">/opt/hostedtoolcache/Python/3.12.4/x64/lib/python3.12/site-packages/urllib3/connectionpool.py:1099: InsecureRequestWarning: Unverified HTTPS request is being made to host 'randomuser.me'. Adding certificate verification is strongly advised. See: https://urllib3.readthedocs.io/en/latest/advanced-usage.html#tls-warnings
  warnings.warn(</msg>
<msg time="2024-06-28T17:14:12.710656" level="INFO">${response} = &lt;Response [200]&gt;</msg>
<var>${response}</var>
<arg>consultarAPI</arg>
<arg>/api</arg>
<doc>Sends a GET request on a previously created HTTP Session.</doc>
<status status="PASS" start="2024-06-28T17:14:12.618208" elapsed="0.092482"/>
</kw>
<kw name="Set Variable" owner="BuiltIn">
<msg time="2024-06-28T17:14:12.711781" level="INFO">${json_data} = {'results': [{'gender': 'female', 'name': {'title': 'Miss', 'first': 'Ljiljana', 'last': 'Zec'}, 'location': {'street': {'number': 4229, 'name': 'Barska'}, 'city': 'Veliko Gradište', 'state': 'Moravic...</msg>
<var>${json_data}</var>
<arg>${response.json()}</arg>
<doc>Returns the given values which can then be assigned to a variables.</doc>
<status status="PASS" start="2024-06-28T17:14:12.711247" elapsed="0.000566"/>
</kw>
<kw name="Set Variable" owner="BuiltIn">
<msg time="2024-06-28T17:14:12.712511" level="INFO">${name_title} = Miss</msg>
<var>${name_title}</var>
<arg>${json_data["results"][0]["name"]["title"]}</arg>
<doc>Returns the given values which can then be assigned to a variables.</doc>
<status status="PASS" start="2024-06-28T17:14:12.712120" elapsed="0.000417"/>
</kw>
<kw name="Create List" owner="BuiltIn">
<msg time="2024-06-28T17:14:12.712985" level="INFO">${allowed_titles} = ['Mr', 'Ms', 'Miss', 'Mrs', 'Madame', 'Monsieur']</msg>
<var>${allowed_titles}</var>
<arg>Mr</arg>
<arg>Ms</arg>
<arg>Miss</arg>
<arg>Mrs</arg>
<arg>Madame</arg>
<arg>Monsieur</arg>
<doc>Returns a list containing given items.</doc>
<status status="PASS" start="2024-06-28T17:14:12.712836" elapsed="0.000174"/>
</kw>
<kw name="List Should Contain Value" owner="Collections">
<arg>${allowed_titles}</arg>
<arg>${name_title}</arg>
<doc>Fails if the ``value`` is not found from ``list``.</doc>
<status status="PASS" start="2024-06-28T17:14:12.713319" elapsed="0.000241"/>
</kw>
<kw name="Set Variable" owner="BuiltIn">
<msg time="2024-06-28T17:14:12.714119" level="INFO">${name_country} = RS</msg>
<var>${name_country}</var>
<arg>${json_data["results"][0]["nat"]}</arg>
<doc>Returns the given values which can then be assigned to a variables.</doc>
<status status="PASS" start="2024-06-28T17:14:12.713746" elapsed="0.000399"/>
</kw>
<kw name="Create List" owner="BuiltIn">
<msg time="2024-06-28T17:14:12.715039" level="INFO">${list_country} = ['AD', 'AE', 'AF', 'AG', 'AI', 'AL', 'AM', 'AO', 'AQ', 'AR', 'AS', 'AT', 'AU', 'AW', 'AX', 'AZ', 'BA', 'BB', 'BD', 'BE', 'BF', 'BG', 'BH', 'BI', 'BJ', 'BL', 'BM', 'BN', 'BO', 'BQ', 'BR', 'BS', 'BT', '...</msg>
<var>${list_country}</var>
<arg>AD</arg>
<arg>AE</arg>
<arg>AF</arg>
<arg>AG</arg>
<arg>AI</arg>
<arg>AL</arg>
<arg>AM</arg>
<arg>AO</arg>
<arg>AQ</arg>
<arg>AR</arg>
<arg>AS</arg>
<arg>AT</arg>
<arg>AU</arg>
<arg>AW</arg>
<arg>AX</arg>
<arg>AZ</arg>
<arg>BA</arg>
<arg>BB</arg>
<arg>BD</arg>
<arg>BE</arg>
<arg>BF</arg>
<arg>BG</arg>
<arg>BH</arg>
<arg>BI</arg>
<arg>BJ</arg>
<arg>BL</arg>
<arg>BM</arg>
<arg>BN</arg>
<arg>BO</arg>
<arg>BQ</arg>
<arg>BR</arg>
<arg>BS</arg>
<arg>BT</arg>
<arg>BV</arg>
<arg>BW</arg>
<arg>BY</arg>
<arg>BZ</arg>
<arg>CA</arg>
<arg>CC</arg>
<arg>CD</arg>
<arg>CF</arg>
<arg>CG</arg>
<arg>CH</arg>
<arg>CI</arg>
<arg>CK</arg>
<arg>CL</arg>
<arg>CM</arg>
<arg>CN</arg>
<arg>CO</arg>
<arg>CR</arg>
<arg>CU</arg>
<arg>CV</arg>
<arg>CW</arg>
<arg>CX</arg>
<arg>CY</arg>
<arg>CZ</arg>
<arg>DE</arg>
<arg>DJ</arg>
<arg>DK</arg>
<arg>DM</arg>
<arg>DO</arg>
<arg>DZ</arg>
<arg>EC</arg>
<arg>EE</arg>
<arg>EG</arg>
<arg>EH</arg>
<arg>ER</arg>
<arg>ES</arg>
<arg>ET</arg>
<arg>FI</arg>
<arg>FJ</arg>
<arg>FK</arg>
<arg>FM</arg>
<arg>FO</arg>
<arg>FR</arg>
<arg>GA</arg>
<arg>GB</arg>
<arg>GD</arg>
<arg>GE</arg>
<arg>GF</arg>
<arg>GG</arg>
<arg>GH</arg>
<arg>GI</arg>
<arg>GL</arg>
<arg>GM</arg>
<arg>GN</arg>
<arg>GP</arg>
<arg>GQ</arg>
<arg>GR</arg>
<arg>GS</arg>
<arg>GT</arg>
<arg>GU</arg>
<arg>GW</arg>
<arg>GY</arg>
<arg>HK</arg>
<arg>HM</arg>
<arg>HN</arg>
<arg>HR</arg>
<arg>HT</arg>
<arg>HU</arg>
<arg>ID</arg>
<arg>IE</arg>
<arg>IL</arg>
<arg>IM</arg>
<arg>IN</arg>
<arg>IO</arg>
<arg>IQ</arg>
<arg>IR</arg>
<arg>IS</arg>
<arg>IT</arg>
<arg>JE</arg>
<arg>JM</arg>
<arg>JO</arg>
<arg>JP</arg>
<arg>KE</arg>
<arg>KG</arg>
<arg>KH</arg>
<arg>KI</arg>
<arg>KM</arg>
<arg>KN</arg>
<arg>KP</arg>
<arg>KR</arg>
<arg>KW</arg>
<arg>KY</arg>
<arg>KZ</arg>
<arg>LA</arg>
<arg>LB</arg>
<arg>LC</arg>
<arg>LI</arg>
<arg>LK</arg>
<arg>LR</arg>
<arg>LS</arg>
<arg>LT</arg>
<arg>LU</arg>
<arg>LV</arg>
<arg>LY</arg>
<arg>MA</arg>
<arg>MC</arg>
<arg>MD</arg>
<arg>ME</arg>
<arg>MF</arg>
<arg>MG</arg>
<arg>MH</arg>
<arg>MK</arg>
<arg>ML</arg>
<arg>MM</arg>
<arg>MN</arg>
<arg>MO</arg>
<arg>MP</arg>
<arg>MQ</arg>
<arg>MR</arg>
<arg>MS</arg>
<arg>MT</arg>
<arg>MU</arg>
<arg>MV</arg>
<arg>MW</arg>
<arg>MX</arg>
<arg>MY</arg>
<arg>MZ</arg>
<arg>NA</arg>
<arg>NC</arg>
<arg>NE</arg>
<arg>NF</arg>
<arg>NG</arg>
<arg>NI</arg>
<arg>NL</arg>
<arg>NO</arg>
<arg>NP</arg>
<arg>NR</arg>
<arg>NU</arg>
<arg>NZ</arg>
<arg>OM</arg>
<arg>PA</arg>
<arg>PE</arg>
<arg>PF</arg>
<arg>PG</arg>
<arg>PH</arg>
<arg>PK</arg>
<arg>PL</arg>
<arg>PM</arg>
<arg>PN</arg>
<arg>PR</arg>
<arg>PS</arg>
<arg>PT</arg>
<arg>PW</arg>
<arg>PY</arg>
<arg>QA</arg>
<arg>RE</arg>
<arg>RO</arg>
<arg>RS</arg>
<arg>RU</arg>
<arg>RW</arg>
<arg>SA</arg>
<arg>SB</arg>
<arg>SC</arg>
<arg>SD</arg>
<arg>SE</arg>
<arg>SG</arg>
<arg>SH</arg>
<arg>SI</arg>
<arg>SJ</arg>
<arg>SK</arg>
<arg>SL</arg>
<arg>SM</arg>
<arg>SN</arg>
<arg>SO</arg>
<arg>SR</arg>
<arg>SS</arg>
<arg>ST</arg>
<arg>SV</arg>
<arg>SX</arg>
<arg>SY</arg>
<arg>SZ</arg>
<arg>TC</arg>
<arg>TD</arg>
<arg>TF</arg>
<arg>TG</arg>
<arg>TH</arg>
<arg>TJ</arg>
<arg>TK</arg>
<arg>TL</arg>
<arg>TM</arg>
<arg>TN</arg>
<arg>TO</arg>
<arg>TR</arg>
<arg>TT</arg>
<arg>TV</arg>
<arg>TW</arg>
<arg>TZ</arg>
<arg>UA</arg>
<arg>UG</arg>
<arg>UM</arg>
<arg>US</arg>
<arg>UY</arg>
<arg>UZ</arg>
<arg>VA</arg>
<arg>VC</arg>
<arg>VE</arg>
<arg>VG</arg>
<arg>VI</arg>
<arg>VN</arg>
<arg>VU</arg>
<arg>WF</arg>
<arg>WS</arg>
<arg>XK</arg>
<arg>YE</arg>
<arg>YT</arg>
<arg>ZA</arg>
<arg>ZM</arg>
<arg>ZW</arg>
<doc>Returns a list containing given items.</doc>
<status status="PASS" start="2024-06-28T17:14:12.714439" elapsed="0.000625"/>
</kw>
<kw name="List Should Contain Value" owner="Collections">
<arg>${list_country}</arg>
<arg>${name_country}</arg>
<doc>Fails if the ``value`` is not found from ``list``.</doc>
<status status="PASS" start="2024-06-28T17:14:12.715861" elapsed="0.000203"/>
</kw>
<kw name="Run Keyword If" owner="BuiltIn">
<kw name="Should Be True" owner="BuiltIn">
<arg>${True}</arg>
<doc>Fails if the given condition is not true.</doc>
<status status="PASS" start="2024-06-28T17:14:12.717006" elapsed="0.000141"/>
</kw>
<arg>${json_data["results"][0]["location"]["coordinates"]["latitude"]} &gt;= -90 and ${json_data["results"][0]["location"]["coordinates"]["latitude"]} &lt;= 90</arg>
<arg>Should Be True</arg>
<arg>${True}</arg>
<doc>Runs the given keyword with the given arguments, if ``condition`` is true.</doc>
<status status="PASS" start="2024-06-28T17:14:12.716261" elapsed="0.001011"/>
</kw>
<kw name="Run Keyword If" owner="BuiltIn">
<kw name="Should Be True" owner="BuiltIn">
<arg>${True}</arg>
<doc>Fails if the given condition is not true.</doc>
<status status="PASS" start="2024-06-28T17:14:12.718195" elapsed="0.000244"/>
</kw>
<arg>${json_data["results"][0]["location"]["coordinates"]["longitude"]} &gt;= -180 and ${json_data["results"][0]["location"]["coordinates"]["longitude"]} &lt;= 180</arg>
<arg>Should Be True</arg>
<arg>${True}</arg>
<doc>Runs the given keyword with the given arguments, if ``condition`` is true.</doc>
<status status="PASS" start="2024-06-28T17:14:12.717478" elapsed="0.001090"/>
</kw>
<status status="PASS" start="2024-06-28T17:14:12.617844" elapsed="0.100859"/>
</kw>
<doc>Testa o conteúdo específico dos campos retornados pela API.</doc>
<tag>testeConteudo</tag>
<status status="PASS" start="2024-06-28T17:14:12.617115" elapsed="0.101740"/>
</test>
<status status="PASS" start="2024-06-28T17:14:11.890795" elapsed="0.830014"/>
</suite>
<status status="PASS" start="2024-06-28T17:14:11.876108" elapsed="0.849740"/>
</suite>
<statistics>
<total>
<stat pass="5" fail="0" skip="0">All Tests</stat>
</total>
<tag>
<stat pass="1" fail="0" skip="0">testeConteudo</stat>
<stat pass="1" fail="0" skip="0">testeEstruturaResposta</stat>
<stat pass="1" fail="0" skip="0">testeRequisicaoBasica</stat>
<stat pass="1" fail="0" skip="0">testeTiposDados</stat>
</tag>
<suite>
<stat pass="5" fail="0" skip="0" id="s1" name="Tests">Tests</stat>
<stat pass="5" fail="0" skip="0" id="s1-s1" name="Random-User-Test">Tests.Random-User-Test</stat>
</suite>
</statistics>
<errors>
</errors>
</robot>
