<?xml version="1.0" encoding="UTF-8"?>
<robot generator="Robot 7.0 (Python 3.12.3 on linux)" generated="2024-06-02T05:13:50.719505" rpa="false" schemaversion="5">
<suite id="s1" name="Tests" source="/home/runner/work/ApiRandomUser/ApiRandomUser/RamdonUser/tests">
<suite id="s1-s1" name="Random-User-Test" source="/home/runner/work/ApiRandomUser/ApiRandomUser/RamdonUser/tests/random-user-test.robot">
<test id="s1-s1-t1" name="Conectar" line="13">
<kw name="Conectar API" owner="random-user-service">
<kw name="Create Session" owner="RequestsLibrary">
<msg time="2024-06-02T05:13:51.104464" level="INFO">Creating Session using : alias=consultarAPI, url=https://randomuser.me/, headers={},                     cookies={}, auth=None, timeout=None, proxies=None, verify=False,                     debug=0 </msg>
<arg>consultarAPI</arg>
<arg>${URL}</arg>
<doc>Create Session: create a HTTP session to a server</doc>
<status status="PASS" start="2024-06-02T05:13:51.104239" elapsed="0.000416"/>
</kw>
<status status="PASS" start="2024-06-02T05:13:51.103228" elapsed="0.001793"/>
</kw>
<status status="PASS" start="2024-06-02T05:13:51.102636" elapsed="0.002612"/>
</test>
<test id="s1-s1-t2" name="Validar retorno 200 e JSON Válido" line="16">
<kw name="Teste de Requisicao Basica" owner="random-user-service">
<kw name="GET On Session" owner="RequestsLibrary">
<msg time="2024-06-02T05:13:51.318739" level="INFO">GET Request : url=https://randomuser.me/api 
 path_url=/api 
 headers={'User-Agent': 'python-requests/2.32.3', 'Accept-Encoding': 'gzip, deflate', 'Accept': '*/*', 'Connection': 'keep-alive'} 
 body=None 
 </msg>
<msg time="2024-06-02T05:13:51.318917" level="INFO">GET Response : url=https://randomuser.me/api 
 status=200, reason=OK 
 headers={'Date': 'Sun, 02 Jun 2024 05:13:51 GMT', 'Content-Type': 'application/json; charset=utf-8', 'Transfer-Encoding': 'chunked', 'Connection': 'keep-alive', 'X-Powered-By': 'Express', 'Access-Control-Allow-Origin': '*', 'Cache-Control': 'no-cache', 'ETag': 'W/"47d-K6waS18jvSJdM2IhCOwFkRmBK7U"', 'Vary': 'Accept-Encoding', 'Content-Encoding': 'gzip', 'CF-Cache-Status': 'DYNAMIC', 'Report-To': '{"endpoints":[{"url":"https:\\/\\/a.nel.cloudflare.com\\/report\\/v4?s=af7zy3qALcMy6npza0MVgzvXvLKdKUzlgWtQEDZDI2%2Bo%2FigcQcYWms16N2OIz9CQFu0tbszoltWwVLziW1lt9xESmzWDqdfPe%2BF4%2BrMJnvP4skChil7Ze00aiBH4yliZ"}],"group":"cf-nel","max_age":604800}', 'NEL': '{"success_fraction":0,"report_to":"cf-nel","max_age":604800}', 'Server': 'cloudflare', 'CF-RAY': '88d4f4df7e589c2a-IAD', 'alt-svc': 'h3=":443"; ma=86400'} 
 body={"results":[{"gender":"male","name":{"title":"Mr","first":"Hector","last":"Mcdonalid"},"location":{"street":{"number":1481,"name":"Blossom Hill Rd"},"city":"Geelong","state":"Queensland","country":"Australia","postcode":8468,"coordinates":{"latitude":"-88.2508","longitude":"-52.6281"},"timezone":{"offset":"-10:00","description":"Hawaii"}},"email":"hector.mcdonalid@example.com","login":{"uuid":"6912056f-a934-4930-a110-c22ec9811ba2","username":"beautifulbear785","password":"bangkok","salt":"QJnrLocx","md5":"99bc31014dee467c6705a1f1e6a70616","sha1":"da654c2ab1c92c61ee195e5e383e739d97bc7c1f","sha256":"a409a533bd4a06e5701bd957a28ccf7097851175188b87ebb9e8ca7d98bd8a47"},"dob":{"date":"1952-11-26T22:22:28.463Z","age":71},"registered":{"date":"2004-12-06T19:09:29.604Z","age":19},"phone":"08-6511-7619","cell":"0455-274-545","id":{"name":"TFN","value":"081413074"},"picture":{"large":"https://randomuser.me/api/portraits/men/87.jpg","medium":"https://randomuser.me/api/portraits/med/men/87.jpg","thumbnail":"https://randomuser.me/api/portraits/thumb/men/87.jpg"},"nat":"AU"}],"info":{"seed":"a8bb482732294e01","results":1,"page":1,"version":"1.4"}} 
 </msg>
<msg time="2024-06-02T05:13:51.319013" level="INFO">/opt/hostedtoolcache/Python/3.12.3/x64/lib/python3.12/site-packages/urllib3/connectionpool.py:1103: InsecureRequestWarning: Unverified HTTPS request is being made to host 'randomuser.me'. Adding certificate verification is strongly advised. See: https://urllib3.readthedocs.io/en/latest/advanced-usage.html#tls-warnings
  warnings.warn(</msg>
<msg time="2024-06-02T05:13:51.319184" level="INFO">${response} = &lt;Response [200]&gt;</msg>
<var>${response}</var>
<arg>consultarAPI</arg>
<arg>/api</arg>
<doc>Sends a GET request on a previously created HTTP Session.</doc>
<status status="PASS" start="2024-06-02T05:13:51.107874" elapsed="0.211350"/>
</kw>
<kw name="Should Be Equal As Numbers" owner="BuiltIn">
<msg time="2024-06-02T05:13:51.320409" level="INFO">Argument types are:
&lt;class 'int'&gt;
&lt;class 'str'&gt;</msg>
<arg>${response.status_code}</arg>
<arg>200</arg>
<doc>Fails if objects are unequal after converting them to real numbers.</doc>
<status status="PASS" start="2024-06-02T05:13:51.319898" elapsed="0.000578"/>
</kw>
<kw name="Log" owner="BuiltIn">
<msg time="2024-06-02T05:13:51.321204" level="INFO">200</msg>
<arg>${response.status_code}</arg>
<doc>Logs the given message with the given level.</doc>
<status status="PASS" start="2024-06-02T05:13:51.320814" elapsed="0.000448"/>
</kw>
<kw name="Set Variable" owner="BuiltIn">
<msg time="2024-06-02T05:13:51.322011" level="INFO">${json_data} = {'results': [{'gender': 'male', 'name': {'title': 'Mr', 'first': 'Hector', 'last': 'Mcdonalid'}, 'location': {'street': {'number': 1481, 'name': 'Blossom Hill Rd'}, 'city': 'Geelong', 'state': 'Queens...</msg>
<var>${json_data}</var>
<arg>${response.json()}</arg>
<doc>Returns the given values which can then be assigned to a variables.</doc>
<status status="PASS" start="2024-06-02T05:13:51.321578" elapsed="0.000461"/>
</kw>
<kw name="Dictionary Should Contain Key" owner="Collections">
<msg time="2024-06-02T05:13:51.322517" level="INFO">False</msg>
<arg>${json_data}</arg>
<arg>results</arg>
<doc>Fails if ``key`` is not found from ``dictionary``.</doc>
<status status="PASS" start="2024-06-02T05:13:51.322345" elapsed="0.000213"/>
</kw>
<status status="PASS" start="2024-06-02T05:13:51.107635" elapsed="0.215185"/>
</kw>
<doc>Testa se a API responde corretamente e retorna um objeto JSON válido.</doc>
<tag>testeRequisicaoBasica</tag>
<status status="PASS" start="2024-06-02T05:13:51.107120" elapsed="0.215886"/>
</test>
<test id="s1-s1-t3" name="Validar estrutura de resposta" line="22">
<kw name="Teste de Estrutura de Resposta" owner="random-user-service">
<kw name="GET On Session" owner="RequestsLibrary">
<msg time="2024-06-02T05:13:51.417836" level="INFO">GET Request : url=https://randomuser.me/api 
 path_url=/api 
 headers={'User-Agent': 'python-requests/2.32.3', 'Accept-Encoding': 'gzip, deflate', 'Accept': '*/*', 'Connection': 'keep-alive'} 
 body=None 
 </msg>
<msg time="2024-06-02T05:13:51.417932" level="INFO">GET Response : url=https://randomuser.me/api 
 status=200, reason=OK 
 headers={'Date': 'Sun, 02 Jun 2024 05:13:51 GMT', 'Content-Type': 'application/json; charset=utf-8', 'Transfer-Encoding': 'chunked', 'Connection': 'keep-alive', 'X-Powered-By': 'Express', 'Access-Control-Allow-Origin': '*', 'Cache-Control': 'no-cache', 'ETag': 'W/"490-MILM9z7PKb3m6pG7KKT/3hm3VPs"', 'Vary': 'Accept-Encoding', 'Content-Encoding': 'gzip', 'CF-Cache-Status': 'DYNAMIC', 'Report-To': '{"endpoints":[{"url":"https:\\/\\/a.nel.cloudflare.com\\/report\\/v4?s=OB5MmE7uuV9Pf40HgRSW67u45DbUdJVSjSHrJkSXCOIqDmTwT8weg3OWtT4ANSOx5EMiEj%2Bvl2yDgRS%2F4aadHN8bfy%2BuF1z4R7b9VX7%2BaZ386thy2%2BMLBPXR6tDJPbTR"}],"group":"cf-nel","max_age":604800}', 'NEL': '{"success_fraction":0,"report_to":"cf-nel","max_age":604800}', 'Server': 'cloudflare', 'CF-RAY': '88d4f4dfcec89c2a-IAD', 'alt-svc': 'h3=":443"; ma=86400'} 
 body={"results":[{"gender":"female","name":{"title":"Mademoiselle","first":"Annelise","last":"Robert"},"location":{"street":{"number":4594,"name":"Rue Abel-Ferry"},"city":"Wauwil","state":"Uri","country":"Switzerland","postcode":5360,"coordinates":{"latitude":"-57.0462","longitude":"95.8428"},"timezone":{"offset":"-3:30","description":"Newfoundland"}},"email":"annelise.robert@example.com","login":{"uuid":"1d6575fd-a55e-4db1-80a3-d17a267799cd","username":"brownsnake203","password":"pa55w0rd","salt":"ut41SgWc","md5":"f2e9ca2f73f395e54e88bdccac9a4ea1","sha1":"7aa3930143c435f838b18ac6711b006ef1c9bb1d","sha256":"6d5aecdcfee9d69e6c2f221a3c79c2b43024753f750c162b08a14d75150a2516"},"dob":{"date":"1971-07-04T21:05:07.504Z","age":52},"registered":{"date":"2015-09-04T04:54:39.060Z","age":8},"phone":"077 657 84 52","cell":"077 090 48 85","id":{"name":"AVS","value":"756.8338.8179.18"},"picture":{"large":"https://randomuser.me/api/portraits/women/14.jpg","medium":"https://randomuser.me/api/portraits/med/women/14.jpg","thumbnail":"https://randomuser.me/api/portraits/thumb/women/14.jpg"},"nat":"CH"}],"info":{"seed":"7300f1431292dcea","results":1,"page":1,"version":"1.4"}} 
 </msg>
<msg time="2024-06-02T05:13:51.418057" level="INFO">/opt/hostedtoolcache/Python/3.12.3/x64/lib/python3.12/site-packages/urllib3/connectionpool.py:1103: InsecureRequestWarning: Unverified HTTPS request is being made to host 'randomuser.me'. Adding certificate verification is strongly advised. See: https://urllib3.readthedocs.io/en/latest/advanced-usage.html#tls-warnings
  warnings.warn(</msg>
<msg time="2024-06-02T05:13:51.418199" level="INFO">${response} = &lt;Response [200]&gt;</msg>
<var>${response}</var>
<arg>consultarAPI</arg>
<arg>/api</arg>
<doc>Sends a GET request on a previously created HTTP Session.</doc>
<status status="PASS" start="2024-06-02T05:13:51.325717" elapsed="0.092532"/>
</kw>
<kw name="Set Variable" owner="BuiltIn">
<msg time="2024-06-02T05:13:51.419415" level="INFO">${json_data} = {'results': [{'gender': 'female', 'name': {'title': 'Mademoiselle', 'first': 'Annelise', 'last': 'Robert'}, 'location': {'street': {'number': 4594, 'name': 'Rue Abel-Ferry'}, 'city': 'Wauwil', 'state'...</msg>
<var>${json_data}</var>
<arg>${response.json()}</arg>
<doc>Returns the given values which can then be assigned to a variables.</doc>
<status status="PASS" start="2024-06-02T05:13:51.418808" elapsed="0.000637"/>
</kw>
<kw name="Log" owner="BuiltIn">
<msg time="2024-06-02T05:13:51.419913" level="INFO">{'results': [{'gender': 'female', 'name': {'title': 'Mademoiselle', 'first': 'Annelise', 'last': 'Robert'}, 'location': {'street': {'number': 4594, 'name': 'Rue Abel-Ferry'}, 'city': 'Wauwil', 'state': 'Uri', 'country': 'Switzerland', 'postcode': 5360, 'coordinates': {'latitude': '-57.0462', 'longitude': '95.8428'}, 'timezone': {'offset': '-3:30', 'description': 'Newfoundland'}}, 'email': 'annelise.robert@example.com', 'login': {'uuid': '1d6575fd-a55e-4db1-80a3-d17a267799cd', 'username': 'brownsnake203', 'password': 'pa55w0rd', 'salt': 'ut41SgWc', 'md5': 'f2e9ca2f73f395e54e88bdccac9a4ea1', 'sha1': '7aa3930143c435f838b18ac6711b006ef1c9bb1d', 'sha256': '6d5aecdcfee9d69e6c2f221a3c79c2b43024753f750c162b08a14d75150a2516'}, 'dob': {'date': '1971-07-04T21:05:07.504Z', 'age': 52}, 'registered': {'date': '2015-09-04T04:54:39.060Z', 'age': 8}, 'phone': '077 657 84 52', 'cell': '077 090 48 85', 'id': {'name': 'AVS', 'value': '756.8338.8179.18'}, 'picture': {'large': 'https://randomuser.me/api/portraits/women/14.jpg', 'medium': 'https://randomuser.me/api/portraits/med/women/14.jpg', 'thumbnail': 'https://randomuser.me/api/portraits/thumb/women/14.jpg'}, 'nat': 'CH'}], 'info': {'seed': '7300f1431292dcea', 'results': 1, 'page': 1, 'version': '1.4'}}</msg>
<arg>${json_data}</arg>
<doc>Logs the given message with the given level.</doc>
<status status="PASS" start="2024-06-02T05:13:51.419755" elapsed="0.000212"/>
</kw>
<kw name="Dictionary Should Contain Key" owner="Collections">
<msg time="2024-06-02T05:13:51.420416" level="INFO">False</msg>
<arg>${json_data}</arg>
<arg>results</arg>
<doc>Fails if ``key`` is not found from ``dictionary``.</doc>
<status status="PASS" start="2024-06-02T05:13:51.420263" elapsed="0.000195"/>
</kw>
<kw name="Should Not Be Empty" owner="BuiltIn">
<msg time="2024-06-02T05:13:51.420881" level="INFO">Length is 2.</msg>
<arg>${json_data}</arg>
<doc>Verifies that the given item is not empty.</doc>
<status status="PASS" start="2024-06-02T05:13:51.420752" elapsed="0.000166"/>
</kw>
<kw name="Create List" owner="BuiltIn">
<msg time="2024-06-02T05:13:51.421555" level="INFO">${expected_keys} = ['gender', 'name', 'location', 'email', 'login']</msg>
<var>${expected_keys}</var>
<arg>gender</arg>
<arg>name</arg>
<arg>location</arg>
<arg>email</arg>
<arg>login</arg>
<doc>Returns a list containing given items.</doc>
<status status="PASS" start="2024-06-02T05:13:51.421249" elapsed="0.000331"/>
</kw>
<for flavor="IN">
<iter>
<kw name="Dictionary Should Contain Key" owner="Collections">
<msg time="2024-06-02T05:13:51.422562" level="INFO">False</msg>
<arg>${json_data['results'][0]}</arg>
<arg>${key}</arg>
<doc>Fails if ``key`` is not found from ``dictionary``.</doc>
<status status="PASS" start="2024-06-02T05:13:51.422174" elapsed="0.000426"/>
</kw>
<kw name="Log" owner="BuiltIn">
<msg time="2024-06-02T05:13:51.423274" level="INFO">{'gender': 'female', 'name': {'title': 'Mademoiselle', 'first': 'Annelise', 'last': 'Robert'}, 'location': {'street': {'number': 4594, 'name': 'Rue Abel-Ferry'}, 'city': 'Wauwil', 'state': 'Uri', 'country': 'Switzerland', 'postcode': 5360, 'coordinates': {'latitude': '-57.0462', 'longitude': '95.8428'}, 'timezone': {'offset': '-3:30', 'description': 'Newfoundland'}}, 'email': 'annelise.robert@example.com', 'login': {'uuid': '1d6575fd-a55e-4db1-80a3-d17a267799cd', 'username': 'brownsnake203', 'password': 'pa55w0rd', 'salt': 'ut41SgWc', 'md5': 'f2e9ca2f73f395e54e88bdccac9a4ea1', 'sha1': '7aa3930143c435f838b18ac6711b006ef1c9bb1d', 'sha256': '6d5aecdcfee9d69e6c2f221a3c79c2b43024753f750c162b08a14d75150a2516'}, 'dob': {'date': '1971-07-04T21:05:07.504Z', 'age': 52}, 'registered': {'date': '2015-09-04T04:54:39.060Z', 'age': 8}, 'phone': '077 657 84 52', 'cell': '077 090 48 85', 'id': {'name': 'AVS', 'value': '756.8338.8179.18'}, 'picture': {'large': 'https://randomuser.me/api/portraits/women/14.jpg', 'medium': 'https://randomuser.me/api/portraits/med/women/14.jpg', 'thumbnail': 'https://randomuser.me/api/portraits/thumb/women/14.jpg'}, 'nat': 'CH'}</msg>
<arg>${json_data['results'][0]}</arg>
<doc>Logs the given message with the given level.</doc>
<status status="PASS" start="2024-06-02T05:13:51.422905" elapsed="0.000418"/>
</kw>
<kw name="Log" owner="BuiltIn">
<msg time="2024-06-02T05:13:51.423751" level="INFO">gender</msg>
<arg>${key}</arg>
<doc>Logs the given message with the given level.</doc>
<status status="PASS" start="2024-06-02T05:13:51.423622" elapsed="0.000167"/>
</kw>
<var name="${key}">gender</var>
<status status="PASS" start="2024-06-02T05:13:51.422047" elapsed="0.001959"/>
</iter>
<iter>
<kw name="Dictionary Should Contain Key" owner="Collections">
<msg time="2024-06-02T05:13:51.424711" level="INFO">False</msg>
<arg>${json_data['results'][0]}</arg>
<arg>${key}</arg>
<doc>Fails if ``key`` is not found from ``dictionary``.</doc>
<status status="PASS" start="2024-06-02T05:13:51.424306" elapsed="0.000442"/>
</kw>
<kw name="Log" owner="BuiltIn">
<msg time="2024-06-02T05:13:51.425482" level="INFO">{'gender': 'female', 'name': {'title': 'Mademoiselle', 'first': 'Annelise', 'last': 'Robert'}, 'location': {'street': {'number': 4594, 'name': 'Rue Abel-Ferry'}, 'city': 'Wauwil', 'state': 'Uri', 'country': 'Switzerland', 'postcode': 5360, 'coordinates': {'latitude': '-57.0462', 'longitude': '95.8428'}, 'timezone': {'offset': '-3:30', 'description': 'Newfoundland'}}, 'email': 'annelise.robert@example.com', 'login': {'uuid': '1d6575fd-a55e-4db1-80a3-d17a267799cd', 'username': 'brownsnake203', 'password': 'pa55w0rd', 'salt': 'ut41SgWc', 'md5': 'f2e9ca2f73f395e54e88bdccac9a4ea1', 'sha1': '7aa3930143c435f838b18ac6711b006ef1c9bb1d', 'sha256': '6d5aecdcfee9d69e6c2f221a3c79c2b43024753f750c162b08a14d75150a2516'}, 'dob': {'date': '1971-07-04T21:05:07.504Z', 'age': 52}, 'registered': {'date': '2015-09-04T04:54:39.060Z', 'age': 8}, 'phone': '077 657 84 52', 'cell': '077 090 48 85', 'id': {'name': 'AVS', 'value': '756.8338.8179.18'}, 'picture': {'large': 'https://randomuser.me/api/portraits/women/14.jpg', 'medium': 'https://randomuser.me/api/portraits/med/women/14.jpg', 'thumbnail': 'https://randomuser.me/api/portraits/thumb/women/14.jpg'}, 'nat': 'CH'}</msg>
<arg>${json_data['results'][0]}</arg>
<doc>Logs the given message with the given level.</doc>
<status status="PASS" start="2024-06-02T05:13:51.425119" elapsed="0.000421"/>
</kw>
<kw name="Log" owner="BuiltIn">
<msg time="2024-06-02T05:13:51.425962" level="INFO">name</msg>
<arg>${key}</arg>
<doc>Logs the given message with the given level.</doc>
<status status="PASS" start="2024-06-02T05:13:51.425838" elapsed="0.000161"/>
</kw>
<var name="${key}">name</var>
<status status="PASS" start="2024-06-02T05:13:51.424190" elapsed="0.002023"/>
</iter>
<iter>
<kw name="Dictionary Should Contain Key" owner="Collections">
<msg time="2024-06-02T05:13:51.426873" level="INFO">False</msg>
<arg>${json_data['results'][0]}</arg>
<arg>${key}</arg>
<doc>Fails if ``key`` is not found from ``dictionary``.</doc>
<status status="PASS" start="2024-06-02T05:13:51.426499" elapsed="0.000411"/>
</kw>
<kw name="Log" owner="BuiltIn">
<msg time="2024-06-02T05:13:51.427559" level="INFO">{'gender': 'female', 'name': {'title': 'Mademoiselle', 'first': 'Annelise', 'last': 'Robert'}, 'location': {'street': {'number': 4594, 'name': 'Rue Abel-Ferry'}, 'city': 'Wauwil', 'state': 'Uri', 'country': 'Switzerland', 'postcode': 5360, 'coordinates': {'latitude': '-57.0462', 'longitude': '95.8428'}, 'timezone': {'offset': '-3:30', 'description': 'Newfoundland'}}, 'email': 'annelise.robert@example.com', 'login': {'uuid': '1d6575fd-a55e-4db1-80a3-d17a267799cd', 'username': 'brownsnake203', 'password': 'pa55w0rd', 'salt': 'ut41SgWc', 'md5': 'f2e9ca2f73f395e54e88bdccac9a4ea1', 'sha1': '7aa3930143c435f838b18ac6711b006ef1c9bb1d', 'sha256': '6d5aecdcfee9d69e6c2f221a3c79c2b43024753f750c162b08a14d75150a2516'}, 'dob': {'date': '1971-07-04T21:05:07.504Z', 'age': 52}, 'registered': {'date': '2015-09-04T04:54:39.060Z', 'age': 8}, 'phone': '077 657 84 52', 'cell': '077 090 48 85', 'id': {'name': 'AVS', 'value': '756.8338.8179.18'}, 'picture': {'large': 'https://randomuser.me/api/portraits/women/14.jpg', 'medium': 'https://randomuser.me/api/portraits/med/women/14.jpg', 'thumbnail': 'https://randomuser.me/api/portraits/thumb/women/14.jpg'}, 'nat': 'CH'}</msg>
<arg>${json_data['results'][0]}</arg>
<doc>Logs the given message with the given level.</doc>
<status status="PASS" start="2024-06-02T05:13:51.427203" elapsed="0.000413"/>
</kw>
<kw name="Log" owner="BuiltIn">
<msg time="2024-06-02T05:13:51.428047" level="INFO">location</msg>
<arg>${key}</arg>
<doc>Logs the given message with the given level.</doc>
<status status="PASS" start="2024-06-02T05:13:51.427920" elapsed="0.000165"/>
</kw>
<var name="${key}">location</var>
<status status="PASS" start="2024-06-02T05:13:51.426388" elapsed="0.001911"/>
</iter>
<iter>
<kw name="Dictionary Should Contain Key" owner="Collections">
<msg time="2024-06-02T05:13:51.428964" level="INFO">False</msg>
<arg>${json_data['results'][0]}</arg>
<arg>${key}</arg>
<doc>Fails if ``key`` is not found from ``dictionary``.</doc>
<status status="PASS" start="2024-06-02T05:13:51.428588" elapsed="0.000413"/>
</kw>
<kw name="Log" owner="BuiltIn">
<msg time="2024-06-02T05:13:51.429693" level="INFO">{'gender': 'female', 'name': {'title': 'Mademoiselle', 'first': 'Annelise', 'last': 'Robert'}, 'location': {'street': {'number': 4594, 'name': 'Rue Abel-Ferry'}, 'city': 'Wauwil', 'state': 'Uri', 'country': 'Switzerland', 'postcode': 5360, 'coordinates': {'latitude': '-57.0462', 'longitude': '95.8428'}, 'timezone': {'offset': '-3:30', 'description': 'Newfoundland'}}, 'email': 'annelise.robert@example.com', 'login': {'uuid': '1d6575fd-a55e-4db1-80a3-d17a267799cd', 'username': 'brownsnake203', 'password': 'pa55w0rd', 'salt': 'ut41SgWc', 'md5': 'f2e9ca2f73f395e54e88bdccac9a4ea1', 'sha1': '7aa3930143c435f838b18ac6711b006ef1c9bb1d', 'sha256': '6d5aecdcfee9d69e6c2f221a3c79c2b43024753f750c162b08a14d75150a2516'}, 'dob': {'date': '1971-07-04T21:05:07.504Z', 'age': 52}, 'registered': {'date': '2015-09-04T04:54:39.060Z', 'age': 8}, 'phone': '077 657 84 52', 'cell': '077 090 48 85', 'id': {'name': 'AVS', 'value': '756.8338.8179.18'}, 'picture': {'large': 'https://randomuser.me/api/portraits/women/14.jpg', 'medium': 'https://randomuser.me/api/portraits/med/women/14.jpg', 'thumbnail': 'https://randomuser.me/api/portraits/thumb/women/14.jpg'}, 'nat': 'CH'}</msg>
<arg>${json_data['results'][0]}</arg>
<doc>Logs the given message with the given level.</doc>
<status status="PASS" start="2024-06-02T05:13:51.429331" elapsed="0.000413"/>
</kw>
<kw name="Log" owner="BuiltIn">
<msg time="2024-06-02T05:13:51.430168" level="INFO">email</msg>
<arg>${key}</arg>
<doc>Logs the given message with the given level.</doc>
<status status="PASS" start="2024-06-02T05:13:51.430040" elapsed="0.000166"/>
</kw>
<var name="${key}">email</var>
<status status="PASS" start="2024-06-02T05:13:51.428471" elapsed="0.001947"/>
</iter>
<iter>
<kw name="Dictionary Should Contain Key" owner="Collections">
<msg time="2024-06-02T05:13:51.431081" level="INFO">False</msg>
<arg>${json_data['results'][0]}</arg>
<arg>${key}</arg>
<doc>Fails if ``key`` is not found from ``dictionary``.</doc>
<status status="PASS" start="2024-06-02T05:13:51.430699" elapsed="0.000420"/>
</kw>
<kw name="Log" owner="BuiltIn">
<msg time="2024-06-02T05:13:51.431767" level="INFO">{'gender': 'female', 'name': {'title': 'Mademoiselle', 'first': 'Annelise', 'last': 'Robert'}, 'location': {'street': {'number': 4594, 'name': 'Rue Abel-Ferry'}, 'city': 'Wauwil', 'state': 'Uri', 'country': 'Switzerland', 'postcode': 5360, 'coordinates': {'latitude': '-57.0462', 'longitude': '95.8428'}, 'timezone': {'offset': '-3:30', 'description': 'Newfoundland'}}, 'email': 'annelise.robert@example.com', 'login': {'uuid': '1d6575fd-a55e-4db1-80a3-d17a267799cd', 'username': 'brownsnake203', 'password': 'pa55w0rd', 'salt': 'ut41SgWc', 'md5': 'f2e9ca2f73f395e54e88bdccac9a4ea1', 'sha1': '7aa3930143c435f838b18ac6711b006ef1c9bb1d', 'sha256': '6d5aecdcfee9d69e6c2f221a3c79c2b43024753f750c162b08a14d75150a2516'}, 'dob': {'date': '1971-07-04T21:05:07.504Z', 'age': 52}, 'registered': {'date': '2015-09-04T04:54:39.060Z', 'age': 8}, 'phone': '077 657 84 52', 'cell': '077 090 48 85', 'id': {'name': 'AVS', 'value': '756.8338.8179.18'}, 'picture': {'large': 'https://randomuser.me/api/portraits/women/14.jpg', 'medium': 'https://randomuser.me/api/portraits/med/women/14.jpg', 'thumbnail': 'https://randomuser.me/api/portraits/thumb/women/14.jpg'}, 'nat': 'CH'}</msg>
<arg>${json_data['results'][0]}</arg>
<doc>Logs the given message with the given level.</doc>
<status status="PASS" start="2024-06-02T05:13:51.431413" elapsed="0.000411"/>
</kw>
<kw name="Log" owner="BuiltIn">
<msg time="2024-06-02T05:13:51.432239" level="INFO">login</msg>
<arg>${key}</arg>
<doc>Logs the given message with the given level.</doc>
<status status="PASS" start="2024-06-02T05:13:51.432114" elapsed="0.000163"/>
</kw>
<var name="${key}">login</var>
<status status="PASS" start="2024-06-02T05:13:51.430589" elapsed="0.001923"/>
</iter>
<var>${key}</var>
<value>@{expected_keys}</value>
<status status="PASS" start="2024-06-02T05:13:51.421849" elapsed="0.010788"/>
</for>
<kw name="Create List" owner="BuiltIn">
<msg time="2024-06-02T05:13:51.432973" level="INFO">${expected_keysTwo} = ['username', 'password']</msg>
<var>${expected_keysTwo}</var>
<arg>username</arg>
<arg>password</arg>
<doc>Returns a list containing given items.</doc>
<status status="PASS" start="2024-06-02T05:13:51.432836" elapsed="0.000160"/>
</kw>
<for flavor="IN">
<iter>
<kw name="Dictionary Should Contain Key" owner="Collections">
<msg time="2024-06-02T05:13:51.433922" level="INFO">False</msg>
<arg>${json_data['results'][0]['login']}</arg>
<arg>${keyTwo}</arg>
<doc>Fails if ``key`` is not found from ``dictionary``.</doc>
<status status="PASS" start="2024-06-02T05:13:51.433529" elapsed="0.000430"/>
</kw>
<kw name="Dictionary Should Contain Key" owner="Collections">
<msg time="2024-06-02T05:13:51.434635" level="INFO">False</msg>
<arg>${json_data['results'][0]['login']}</arg>
<arg>${keyTwo}</arg>
<doc>Fails if ``key`` is not found from ``dictionary``.</doc>
<status status="PASS" start="2024-06-02T05:13:51.434251" elapsed="0.000420"/>
</kw>
<kw name="Log" owner="BuiltIn">
<msg time="2024-06-02T05:13:51.435096" level="INFO">username</msg>
<arg>${keyTwo}</arg>
<doc>Logs the given message with the given level.</doc>
<status status="PASS" start="2024-06-02T05:13:51.434967" elapsed="0.000165"/>
</kw>
<var name="${keyTwo}">username</var>
<status status="PASS" start="2024-06-02T05:13:51.433418" elapsed="0.001929"/>
</iter>
<iter>
<kw name="Dictionary Should Contain Key" owner="Collections">
<msg time="2024-06-02T05:13:51.436002" level="INFO">False</msg>
<arg>${json_data['results'][0]['login']}</arg>
<arg>${keyTwo}</arg>
<doc>Fails if ``key`` is not found from ``dictionary``.</doc>
<status status="PASS" start="2024-06-02T05:13:51.435632" elapsed="0.000408"/>
</kw>
<kw name="Dictionary Should Contain Key" owner="Collections">
<msg time="2024-06-02T05:13:51.436809" level="INFO">False</msg>
<arg>${json_data['results'][0]['login']}</arg>
<arg>${keyTwo}</arg>
<doc>Fails if ``key`` is not found from ``dictionary``.</doc>
<status status="PASS" start="2024-06-02T05:13:51.436333" elapsed="0.000514"/>
</kw>
<kw name="Log" owner="BuiltIn">
<msg time="2024-06-02T05:13:51.437312" level="INFO">password</msg>
<arg>${keyTwo}</arg>
<doc>Logs the given message with the given level.</doc>
<status status="PASS" start="2024-06-02T05:13:51.437180" elapsed="0.000169"/>
</kw>
<var name="${keyTwo}">password</var>
<status status="PASS" start="2024-06-02T05:13:51.435517" elapsed="0.002049"/>
</iter>
<var>${keyTwo}</var>
<value>@{expected_keysTwo}</value>
<status status="PASS" start="2024-06-02T05:13:51.433265" elapsed="0.004420"/>
</for>
<status status="PASS" start="2024-06-02T05:13:51.325483" elapsed="0.112342"/>
</kw>
<doc>Testa a estrutura da resposta da API.</doc>
<tag>testeEstruturaResposta</tag>
<status status="PASS" start="2024-06-02T05:13:51.324843" elapsed="0.113137"/>
</test>
<test id="s1-s1-t4" name="Validar tipos de dados" line="28">
<kw name="Teste de Tipos de Dados" owner="random-user-service">
<kw name="GET On Session" owner="RequestsLibrary">
<msg time="2024-06-02T05:13:51.509517" level="INFO">GET Request : url=https://randomuser.me/api 
 path_url=/api 
 headers={'User-Agent': 'python-requests/2.32.3', 'Accept-Encoding': 'gzip, deflate', 'Accept': '*/*', 'Connection': 'keep-alive'} 
 body=None 
 </msg>
<msg time="2024-06-02T05:13:51.509601" level="INFO">GET Response : url=https://randomuser.me/api 
 status=200, reason=OK 
 headers={'Date': 'Sun, 02 Jun 2024 05:13:51 GMT', 'Content-Type': 'application/json; charset=utf-8', 'Transfer-Encoding': 'chunked', 'Connection': 'keep-alive', 'X-Powered-By': 'Express', 'Access-Control-Allow-Origin': '*', 'Cache-Control': 'no-cache', 'ETag': 'W/"47a-iOGZBer6L6DTdc0wAJoghm/dbBQ"', 'Vary': 'Accept-Encoding', 'Content-Encoding': 'gzip', 'CF-Cache-Status': 'DYNAMIC', 'Report-To': '{"endpoints":[{"url":"https:\\/\\/a.nel.cloudflare.com\\/report\\/v4?s=7NLMGK4p2ibYPxsP39Nh8vFOIHLYk9xiuQ8HF4pIfeglN5saEbwela2W3XrMtphex85lKvUXEBp20moL%2FVrM5pcJFPVP%2Bs9Aewb2ItoBriMPbjfpy8uo8XujeJa7x%2BtO"}],"group":"cf-nel","max_age":604800}', 'NEL': '{"success_fraction":0,"report_to":"cf-nel","max_age":604800}', 'Server': 'cloudflare', 'CF-RAY': '88d4f4e08f7e9c2a-IAD', 'alt-svc': 'h3=":443"; ma=86400'} 
 body={"results":[{"gender":"female","name":{"title":"Ms","first":"Naja","last":"Sørensen"},"location":{"street":{"number":9324,"name":"Hjortevej"},"city":"Amager","state":"Danmark","country":"Denmark","postcode":84227,"coordinates":{"latitude":"-43.1824","longitude":"41.8928"},"timezone":{"offset":"+6:00","description":"Almaty, Dhaka, Colombo"}},"email":"naja.sorensen@example.com","login":{"uuid":"befce512-df1d-4518-b178-c5983859d25e","username":"lazysnake397","password":"jonathon","salt":"0fZugGSh","md5":"8ccd254d8a0a4784b6cb21a0eaae7980","sha1":"84a94930776f9b16806f3711b0d10c129a0178df","sha256":"e4a32d4284be0c3f435f8c49b66bbfa317a4ea4334daf0254e12348181b7ed3b"},"dob":{"date":"1976-11-26T06:20:04.446Z","age":47},"registered":{"date":"2013-03-01T23:10:14.818Z","age":11},"phone":"53581391","cell":"39236760","id":{"name":"CPR","value":"261176-6334"},"picture":{"large":"https://randomuser.me/api/portraits/women/22.jpg","medium":"https://randomuser.me/api/portraits/med/women/22.jpg","thumbnail":"https://randomuser.me/api/portraits/thumb/women/22.jpg"},"nat":"DK"}],"info":{"seed":"e463778dce885ddf","results":1,"page":1,"version":"1.4"}} 
 </msg>
<msg time="2024-06-02T05:13:51.509666" level="INFO">/opt/hostedtoolcache/Python/3.12.3/x64/lib/python3.12/site-packages/urllib3/connectionpool.py:1103: InsecureRequestWarning: Unverified HTTPS request is being made to host 'randomuser.me'. Adding certificate verification is strongly advised. See: https://urllib3.readthedocs.io/en/latest/advanced-usage.html#tls-warnings
  warnings.warn(</msg>
<msg time="2024-06-02T05:13:51.509791" level="INFO">${response} = &lt;Response [200]&gt;</msg>
<var>${response}</var>
<arg>consultarAPI</arg>
<arg>/api</arg>
<doc>Sends a GET request on a previously created HTTP Session.</doc>
<status status="PASS" start="2024-06-02T05:13:51.440590" elapsed="0.069231"/>
</kw>
<kw name="Set Variable" owner="BuiltIn">
<msg time="2024-06-02T05:13:51.510728" level="INFO">${json_data} = {'results': [{'gender': 'female', 'name': {'title': 'Ms', 'first': 'Naja', 'last': 'Sørensen'}, 'location': {'street': {'number': 9324, 'name': 'Hjortevej'}, 'city': 'Amager', 'state': 'Danmark', 'cou...</msg>
<var>${json_data}</var>
<arg>${response.json()}</arg>
<doc>Returns the given values which can then be assigned to a variables.</doc>
<status status="PASS" start="2024-06-02T05:13:51.510246" elapsed="0.000514"/>
</kw>
<kw name="Log" owner="BuiltIn">
<msg time="2024-06-02T05:13:51.511230" level="INFO">{'results': [{'gender': 'female', 'name': {'title': 'Ms', 'first': 'Naja', 'last': 'Sørensen'}, 'location': {'street': {'number': 9324, 'name': 'Hjortevej'}, 'city': 'Amager', 'state': 'Danmark', 'country': 'Denmark', 'postcode': 84227, 'coordinates': {'latitude': '-43.1824', 'longitude': '41.8928'}, 'timezone': {'offset': '+6:00', 'description': 'Almaty, Dhaka, Colombo'}}, 'email': 'naja.sorensen@example.com', 'login': {'uuid': 'befce512-df1d-4518-b178-c5983859d25e', 'username': 'lazysnake397', 'password': 'jonathon', 'salt': '0fZugGSh', 'md5': '8ccd254d8a0a4784b6cb21a0eaae7980', 'sha1': '84a94930776f9b16806f3711b0d10c129a0178df', 'sha256': 'e4a32d4284be0c3f435f8c49b66bbfa317a4ea4334daf0254e12348181b7ed3b'}, 'dob': {'date': '1976-11-26T06:20:04.446Z', 'age': 47}, 'registered': {'date': '2013-03-01T23:10:14.818Z', 'age': 11}, 'phone': '53581391', 'cell': '39236760', 'id': {'name': 'CPR', 'value': '261176-6334'}, 'picture': {'large': 'https://randomuser.me/api/portraits/women/22.jpg', 'medium': 'https://randomuser.me/api/portraits/med/women/22.jpg', 'thumbnail': 'https://randomuser.me/api/portraits/thumb/women/22.jpg'}, 'nat': 'DK'}], 'info': {'seed': 'e463778dce885ddf', 'results': 1, 'page': 1, 'version': '1.4'}}</msg>
<arg>${json_data}</arg>
<doc>Logs the given message with the given level.</doc>
<status status="PASS" start="2024-06-02T05:13:51.511073" elapsed="0.000242"/>
</kw>
<kw name="Should Be String" owner="String">
<arg>${json_data['results'][0]['gender']}</arg>
<doc>Fails if the given ``item`` is not a string.</doc>
<status status="PASS" start="2024-06-02T05:13:51.511616" elapsed="0.000375"/>
</kw>
<kw name="Should Match Regexp" owner="BuiltIn">
<arg>${json_data['results'][0]['email']}</arg>
<arg>^[a-zA-Z0-9._%+-]+@[a-zA-Z0-9.-]+\.[a-zA-Z]{2,}$</arg>
<doc>Fails if ``string`` does not match ``pattern`` as a regular expression.</doc>
<status status="PASS" start="2024-06-02T05:13:51.512186" elapsed="0.000519"/>
</kw>
<kw name="Should Match Regexp" owner="BuiltIn">
<arg>${json_data['results'][0]['dob']['date']}</arg>
<arg>\\d{4}-\\d{2}-\\d{2}T\\d{2}:\\d{2}:\\d{2}\\.\\d{3}Z</arg>
<doc>Fails if ``string`` does not match ``pattern`` as a regular expression.</doc>
<status status="PASS" start="2024-06-02T05:13:51.512903" elapsed="0.000516"/>
</kw>
<kw name="Should Match Regexp" owner="BuiltIn">
<arg>${json_data['results'][0]['registered']['date']}</arg>
<arg>\\d{4}-\\d{2}-\\d{2}T\\d{2}:\\d{2}:\\d{2}\\.\\d{3}Z</arg>
<doc>Fails if ``string`` does not match ``pattern`` as a regular expression.</doc>
<status status="PASS" start="2024-06-02T05:13:51.513617" elapsed="0.000373"/>
</kw>
<kw name="Should Match Regexp" owner="BuiltIn">
<arg>${json_data['results'][0]['picture']['large']}</arg>
<arg>^https?://.*\.(?:png|jpe?g|gif|bmp)$</arg>
<doc>Fails if ``string`` does not match ``pattern`` as a regular expression.</doc>
<status status="PASS" start="2024-06-02T05:13:51.514188" elapsed="0.000465"/>
</kw>
<kw name="Should Match Regexp" owner="BuiltIn">
<arg>${json_data['results'][0]['picture']['medium']}</arg>
<arg>^https?://.*\.(?:png|jpe?g|gif|bmp)$</arg>
<doc>Fails if ``string`` does not match ``pattern`` as a regular expression.</doc>
<status status="PASS" start="2024-06-02T05:13:51.514845" elapsed="0.000348"/>
</kw>
<kw name="Should Match Regexp" owner="BuiltIn">
<arg>${json_data['results'][0]['picture']['thumbnail']}</arg>
<arg>^https?://.*\.(?:png|jpe?g|gif|bmp)$</arg>
<doc>Fails if ``string`` does not match ``pattern`` as a regular expression.</doc>
<status status="PASS" start="2024-06-02T05:13:51.515383" elapsed="0.000343"/>
</kw>
<kw name="Log" owner="BuiltIn">
<msg time="2024-06-02T05:13:51.516248" level="INFO">{'large': 'https://randomuser.me/api/portraits/women/22.jpg', 'medium': 'https://randomuser.me/api/portraits/med/women/22.jpg', 'thumbnail': 'https://randomuser.me/api/portraits/thumb/women/22.jpg'}</msg>
<arg>${json_data['results'][0]['picture']}</arg>
<doc>Logs the given message with the given level.</doc>
<status status="PASS" start="2024-06-02T05:13:51.515916" elapsed="0.000375"/>
</kw>
<status status="PASS" start="2024-06-02T05:13:51.440351" elapsed="0.076200"/>
</kw>
<kw name="Teste de Tipos de Dados - Postcode" owner="random-user-service">
<kw name="GET On Session" owner="RequestsLibrary">
<msg time="2024-06-02T05:13:51.608328" level="INFO">GET Request : url=https://randomuser.me/api 
 path_url=/api 
 headers={'User-Agent': 'python-requests/2.32.3', 'Accept-Encoding': 'gzip, deflate', 'Accept': '*/*', 'Connection': 'keep-alive'} 
 body=None 
 </msg>
<msg time="2024-06-02T05:13:51.608426" level="INFO">GET Response : url=https://randomuser.me/api 
 status=200, reason=OK 
 headers={'Date': 'Sun, 02 Jun 2024 05:13:51 GMT', 'Content-Type': 'application/json; charset=utf-8', 'Transfer-Encoding': 'chunked', 'Connection': 'keep-alive', 'X-Powered-By': 'Express', 'Access-Control-Allow-Origin': '*', 'Cache-Control': 'no-cache', 'ETag': 'W/"486-LBeM0NuZIo6hucGFm63N3d1c4vk"', 'Vary': 'Accept-Encoding', 'Content-Encoding': 'gzip', 'CF-Cache-Status': 'DYNAMIC', 'Report-To': '{"endpoints":[{"url":"https:\\/\\/a.nel.cloudflare.com\\/report\\/v4?s=2R01RHpR5vEJ4aMORJIn4bhDBdu0vzEIlCKYabOB6OhvKDIAq2k4EyLQYlyp0lc0B%2FiHuwnwh6EcuFc8JolfG1wA6Jdp6488%2Fh1IyEQTvH4bDPZOK2qMVzrqTzW1S%2BM6"}],"group":"cf-nel","max_age":604800}', 'NEL': '{"success_fraction":0,"report_to":"cf-nel","max_age":604800}', 'Server': 'cloudflare', 'CF-RAY': '88d4f4e108039c2a-IAD', 'alt-svc': 'h3=":443"; ma=86400'} 
 body={"results":[{"gender":"male","name":{"title":"Mr","first":"Christian","last":"Mortensen"},"location":{"street":{"number":8746,"name":"Mølletoften"},"city":"Støvring ","state":"Midtjylland","country":"Denmark","postcode":41942,"coordinates":{"latitude":"-45.0899","longitude":"-51.2894"},"timezone":{"offset":"+6:00","description":"Almaty, Dhaka, Colombo"}},"email":"christian.mortensen@example.com","login":{"uuid":"38cd8d75-cc8f-4d62-8b71-33a24236361b","username":"lazybird278","password":"records","salt":"VYF8ZAjW","md5":"af7c6add576451c06f758c4170301c0e","sha1":"d487b671cce2f7427c238887622e70c334ff42e5","sha256":"bd66b51a49e024bf6aa361e260f1e1382419b7edd28b10fa3ef632b52926b504"},"dob":{"date":"1956-02-19T20:35:55.739Z","age":68},"registered":{"date":"2015-04-14T18:24:35.193Z","age":9},"phone":"31232317","cell":"39482516","id":{"name":"CPR","value":"190256-5978"},"picture":{"large":"https://randomuser.me/api/portraits/men/16.jpg","medium":"https://randomuser.me/api/portraits/med/men/16.jpg","thumbnail":"https://randomuser.me/api/portraits/thumb/men/16.jpg"},"nat":"DK"}],"info":{"seed":"966af968a86a1896","results":1,"page":1,"version":"1.4"}} 
 </msg>
<msg time="2024-06-02T05:13:51.608500" level="INFO">/opt/hostedtoolcache/Python/3.12.3/x64/lib/python3.12/site-packages/urllib3/connectionpool.py:1103: InsecureRequestWarning: Unverified HTTPS request is being made to host 'randomuser.me'. Adding certificate verification is strongly advised. See: https://urllib3.readthedocs.io/en/latest/advanced-usage.html#tls-warnings
  warnings.warn(</msg>
<msg time="2024-06-02T05:13:51.608650" level="INFO">${response} = &lt;Response [200]&gt;</msg>
<var>${response}</var>
<arg>consultarAPI</arg>
<arg>/api</arg>
<doc>Sends a GET request on a previously created HTTP Session.</doc>
<status status="PASS" start="2024-06-02T05:13:51.517010" elapsed="0.091675"/>
</kw>
<kw name="Set Variable" owner="BuiltIn">
<msg time="2024-06-02T05:13:51.609649" level="INFO">${json_data} = {'results': [{'gender': 'male', 'name': {'title': 'Mr', 'first': 'Christian', 'last': 'Mortensen'}, 'location': {'street': {'number': 8746, 'name': 'Mølletoften'}, 'city': 'Støvring ', 'state': 'Midtj...</msg>
<var>${json_data}</var>
<arg>${response.json()}</arg>
<doc>Returns the given values which can then be assigned to a variables.</doc>
<status status="PASS" start="2024-06-02T05:13:51.609156" elapsed="0.000527"/>
</kw>
<kw name="Log" owner="BuiltIn">
<msg time="2024-06-02T05:13:51.610158" level="INFO">{'results': [{'gender': 'male', 'name': {'title': 'Mr', 'first': 'Christian', 'last': 'Mortensen'}, 'location': {'street': {'number': 8746, 'name': 'Mølletoften'}, 'city': 'Støvring ', 'state': 'Midtjylland', 'country': 'Denmark', 'postcode': 41942, 'coordinates': {'latitude': '-45.0899', 'longitude': '-51.2894'}, 'timezone': {'offset': '+6:00', 'description': 'Almaty, Dhaka, Colombo'}}, 'email': 'christian.mortensen@example.com', 'login': {'uuid': '38cd8d75-cc8f-4d62-8b71-33a24236361b', 'username': 'lazybird278', 'password': 'records', 'salt': 'VYF8ZAjW', 'md5': 'af7c6add576451c06f758c4170301c0e', 'sha1': 'd487b671cce2f7427c238887622e70c334ff42e5', 'sha256': 'bd66b51a49e024bf6aa361e260f1e1382419b7edd28b10fa3ef632b52926b504'}, 'dob': {'date': '1956-02-19T20:35:55.739Z', 'age': 68}, 'registered': {'date': '2015-04-14T18:24:35.193Z', 'age': 9}, 'phone': '31232317', 'cell': '39482516', 'id': {'name': 'CPR', 'value': '190256-5978'}, 'picture': {'large': 'https://randomuser.me/api/portraits/men/16.jpg', 'medium': 'https://randomuser.me/api/portraits/med/men/16.jpg', 'thumbnail': 'https://randomuser.me/api/portraits/thumb/men/16.jpg'}, 'nat': 'DK'}], 'info': {'seed': '966af968a86a1896', 'results': 1, 'page': 1, 'version': '1.4'}}</msg>
<arg>${json_data}</arg>
<doc>Logs the given message with the given level.</doc>
<status status="PASS" start="2024-06-02T05:13:51.610000" elapsed="0.000240"/>
</kw>
<kw name="Should Be Equal As Numbers" owner="BuiltIn">
<arg>${json_data['results'][0]['location']['postcode']}</arg>
<arg>${json_data['results'][0]['location']['postcode']}</arg>
<doc>Fails if objects are unequal after converting them to real numbers.</doc>
<status status="PASS" start="2024-06-02T05:13:51.610542" elapsed="0.000780"/>
</kw>
<kw name="Log" owner="BuiltIn">
<msg time="2024-06-02T05:13:51.611855" level="INFO">41942</msg>
<arg>${json_data['results'][0]['location']['postcode']}</arg>
<doc>Logs the given message with the given level.</doc>
<status status="PASS" start="2024-06-02T05:13:51.611522" elapsed="0.000372"/>
</kw>
<status status="PASS" start="2024-06-02T05:13:51.516779" elapsed="0.095384"/>
</kw>
<doc>Testa se os tipos de dados na resposta da API estão corretos.</doc>
<tag>testeTiposDados</tag>
<status status="PASS" start="2024-06-02T05:13:51.439722" elapsed="0.172604"/>
</test>
<test id="s1-s1-t5" name="Validar conteudo" line="35">
<kw name="Teste de Tipos de Conteudo" owner="random-user-service">
<kw name="GET On Session" owner="RequestsLibrary">
<msg time="2024-06-02T05:13:51.712036" level="INFO">GET Request : url=https://randomuser.me/api 
 path_url=/api 
 headers={'User-Agent': 'python-requests/2.32.3', 'Accept-Encoding': 'gzip, deflate', 'Accept': '*/*', 'Connection': 'keep-alive'} 
 body=None 
 </msg>
<msg time="2024-06-02T05:13:51.712126" level="INFO">GET Response : url=https://randomuser.me/api 
 status=200, reason=OK 
 headers={'Date': 'Sun, 02 Jun 2024 05:13:51 GMT', 'Content-Type': 'application/json; charset=utf-8', 'Transfer-Encoding': 'chunked', 'Connection': 'keep-alive', 'X-Powered-By': 'Express', 'Access-Control-Allow-Origin': '*', 'Cache-Control': 'no-cache', 'ETag': 'W/"47b-vwPpvBqzP3ytLICMifK4ScQeet4"', 'Vary': 'Accept-Encoding', 'Content-Encoding': 'gzip', 'CF-Cache-Status': 'DYNAMIC', 'Report-To': '{"endpoints":[{"url":"https:\\/\\/a.nel.cloudflare.com\\/report\\/v4?s=P%2FseiS0n5zI844HjdlUqdAEorez1hrs8XX52%2FOxQtbUNbFSlk0keO%2F6U4r5ZX6%2BvtQ31BzJz0rZSt2haQdHyz9uujnCpXhRxJkx4VuIKrrOQYadqpP2AszW%2Fu0V1JKKS"}],"group":"cf-nel","max_age":604800}', 'NEL': '{"success_fraction":0,"report_to":"cf-nel","max_age":604800}', 'Server': 'cloudflare', 'CF-RAY': '88d4f4e198a49c2a-IAD', 'alt-svc': 'h3=":443"; ma=86400'} 
 body={"results":[{"gender":"male","name":{"title":"Mr","first":"William","last":"Macdonald"},"location":{"street":{"number":8357,"name":"Regent Ave"},"city":"Princeton","state":"Alberta","country":"Canada","postcode":"D4B 5A8","coordinates":{"latitude":"-66.9207","longitude":"-167.6748"},"timezone":{"offset":"-2:00","description":"Mid-Atlantic"}},"email":"william.macdonald@example.com","login":{"uuid":"f96dca06-4532-4230-b089-23723d9870e7","username":"orangelion249","password":"1945","salt":"rtnjjobS","md5":"0a25cfea28307a35e73b747d4331ecac","sha1":"a49fc77a38d3848cf401ac768d5d399fa2807f03","sha256":"b7d3e923141ca6dafb2a131e743eb2eccd7e6a68ef8b281f03c2f026814b94c4"},"dob":{"date":"1956-06-07T04:57:51.834Z","age":67},"registered":{"date":"2011-03-06T12:28:05.727Z","age":13},"phone":"F85 O40-9411","cell":"X08 B95-7461","id":{"name":"SIN","value":"333643401"},"picture":{"large":"https://randomuser.me/api/portraits/men/15.jpg","medium":"https://randomuser.me/api/portraits/med/men/15.jpg","thumbnail":"https://randomuser.me/api/portraits/thumb/men/15.jpg"},"nat":"CA"}],"info":{"seed":"4ab121d9d60fda8f","results":1,"page":1,"version":"1.4"}} 
 </msg>
<msg time="2024-06-02T05:13:51.712190" level="INFO">/opt/hostedtoolcache/Python/3.12.3/x64/lib/python3.12/site-packages/urllib3/connectionpool.py:1103: InsecureRequestWarning: Unverified HTTPS request is being made to host 'randomuser.me'. Adding certificate verification is strongly advised. See: https://urllib3.readthedocs.io/en/latest/advanced-usage.html#tls-warnings
  warnings.warn(</msg>
<msg time="2024-06-02T05:13:51.712322" level="INFO">${response} = &lt;Response [200]&gt;</msg>
<var>${response}</var>
<arg>consultarAPI</arg>
<arg>/api</arg>
<doc>Sends a GET request on a previously created HTTP Session.</doc>
<status status="PASS" start="2024-06-02T05:13:51.614852" elapsed="0.097514"/>
</kw>
<kw name="Set Variable" owner="BuiltIn">
<msg time="2024-06-02T05:13:51.713382" level="INFO">${json_data} = {'results': [{'gender': 'male', 'name': {'title': 'Mr', 'first': 'William', 'last': 'Macdonald'}, 'location': {'street': {'number': 8357, 'name': 'Regent Ave'}, 'city': 'Princeton', 'state': 'Alberta'...</msg>
<var>${json_data}</var>
<arg>${response.json()}</arg>
<doc>Returns the given values which can then be assigned to a variables.</doc>
<status status="PASS" start="2024-06-02T05:13:51.712852" elapsed="0.000559"/>
</kw>
<kw name="Set Variable" owner="BuiltIn">
<msg time="2024-06-02T05:13:51.714091" level="INFO">${name_title} = Mr</msg>
<var>${name_title}</var>
<arg>${json_data["results"][0]["name"]["title"]}</arg>
<doc>Returns the given values which can then be assigned to a variables.</doc>
<status status="PASS" start="2024-06-02T05:13:51.713717" elapsed="0.000399"/>
</kw>
<kw name="Create List" owner="BuiltIn">
<msg time="2024-06-02T05:13:51.714567" level="INFO">${allowed_titles} = ['Mr', 'Ms', 'Miss', 'Mrs', 'Madame', 'Monsieur']</msg>
<var>${allowed_titles}</var>
<arg>Mr</arg>
<arg>Ms</arg>
<arg>Miss</arg>
<arg>Mrs</arg>
<arg>Madame</arg>
<arg>Monsieur</arg>
<doc>Returns a list containing given items.</doc>
<status status="PASS" start="2024-06-02T05:13:51.714422" elapsed="0.000169"/>
</kw>
<kw name="List Should Contain Value" owner="Collections">
<msg time="2024-06-02T05:13:51.715079" level="INFO">False</msg>
<arg>${allowed_titles}</arg>
<arg>${name_title}</arg>
<doc>Fails if the ``value`` is not found from ``list``.</doc>
<status status="PASS" start="2024-06-02T05:13:51.714893" elapsed="0.000227"/>
</kw>
<kw name="Set Variable" owner="BuiltIn">
<msg time="2024-06-02T05:13:51.715791" level="INFO">${name_country} = CA</msg>
<var>${name_country}</var>
<arg>${json_data["results"][0]["nat"]}</arg>
<doc>Returns the given values which can then be assigned to a variables.</doc>
<status status="PASS" start="2024-06-02T05:13:51.715419" elapsed="0.000396"/>
</kw>
<kw name="Create List" owner="BuiltIn">
<msg time="2024-06-02T05:13:51.716725" level="INFO">${list_country} = ['AD', 'AE', 'AF', 'AG', 'AI', 'AL', 'AM', 'AO', 'AQ', 'AR', 'AS', 'AT', 'AU', 'AW', 'AX', 'AZ', 'BA', 'BB', 'BD', 'BE', 'BF', 'BG', 'BH', 'BI', 'BJ', 'BL', 'BM', 'BN', 'BO', 'BQ', 'BR', 'BS', 'BT', '...</msg>
<var>${list_country}</var>
<arg>AD</arg>
<arg>AE</arg>
<arg>AF</arg>
<arg>AG</arg>
<arg>AI</arg>
<arg>AL</arg>
<arg>AM</arg>
<arg>AO</arg>
<arg>AQ</arg>
<arg>AR</arg>
<arg>AS</arg>
<arg>AT</arg>
<arg>AU</arg>
<arg>AW</arg>
<arg>AX</arg>
<arg>AZ</arg>
<arg>BA</arg>
<arg>BB</arg>
<arg>BD</arg>
<arg>BE</arg>
<arg>BF</arg>
<arg>BG</arg>
<arg>BH</arg>
<arg>BI</arg>
<arg>BJ</arg>
<arg>BL</arg>
<arg>BM</arg>
<arg>BN</arg>
<arg>BO</arg>
<arg>BQ</arg>
<arg>BR</arg>
<arg>BS</arg>
<arg>BT</arg>
<arg>BV</arg>
<arg>BW</arg>
<arg>BY</arg>
<arg>BZ</arg>
<arg>CA</arg>
<arg>CC</arg>
<arg>CD</arg>
<arg>CF</arg>
<arg>CG</arg>
<arg>CH</arg>
<arg>CI</arg>
<arg>CK</arg>
<arg>CL</arg>
<arg>CM</arg>
<arg>CN</arg>
<arg>CO</arg>
<arg>CR</arg>
<arg>CU</arg>
<arg>CV</arg>
<arg>CW</arg>
<arg>CX</arg>
<arg>CY</arg>
<arg>CZ</arg>
<arg>DE</arg>
<arg>DJ</arg>
<arg>DK</arg>
<arg>DM</arg>
<arg>DO</arg>
<arg>DZ</arg>
<arg>EC</arg>
<arg>EE</arg>
<arg>EG</arg>
<arg>EH</arg>
<arg>ER</arg>
<arg>ES</arg>
<arg>ET</arg>
<arg>FI</arg>
<arg>FJ</arg>
<arg>FK</arg>
<arg>FM</arg>
<arg>FO</arg>
<arg>FR</arg>
<arg>GA</arg>
<arg>GB</arg>
<arg>GD</arg>
<arg>GE</arg>
<arg>GF</arg>
<arg>GG</arg>
<arg>GH</arg>
<arg>GI</arg>
<arg>GL</arg>
<arg>GM</arg>
<arg>GN</arg>
<arg>GP</arg>
<arg>GQ</arg>
<arg>GR</arg>
<arg>GS</arg>
<arg>GT</arg>
<arg>GU</arg>
<arg>GW</arg>
<arg>GY</arg>
<arg>HK</arg>
<arg>HM</arg>
<arg>HN</arg>
<arg>HR</arg>
<arg>HT</arg>
<arg>HU</arg>
<arg>ID</arg>
<arg>IE</arg>
<arg>IL</arg>
<arg>IM</arg>
<arg>IN</arg>
<arg>IO</arg>
<arg>IQ</arg>
<arg>IR</arg>
<arg>IS</arg>
<arg>IT</arg>
<arg>JE</arg>
<arg>JM</arg>
<arg>JO</arg>
<arg>JP</arg>
<arg>KE</arg>
<arg>KG</arg>
<arg>KH</arg>
<arg>KI</arg>
<arg>KM</arg>
<arg>KN</arg>
<arg>KP</arg>
<arg>KR</arg>
<arg>KW</arg>
<arg>KY</arg>
<arg>KZ</arg>
<arg>LA</arg>
<arg>LB</arg>
<arg>LC</arg>
<arg>LI</arg>
<arg>LK</arg>
<arg>LR</arg>
<arg>LS</arg>
<arg>LT</arg>
<arg>LU</arg>
<arg>LV</arg>
<arg>LY</arg>
<arg>MA</arg>
<arg>MC</arg>
<arg>MD</arg>
<arg>ME</arg>
<arg>MF</arg>
<arg>MG</arg>
<arg>MH</arg>
<arg>MK</arg>
<arg>ML</arg>
<arg>MM</arg>
<arg>MN</arg>
<arg>MO</arg>
<arg>MP</arg>
<arg>MQ</arg>
<arg>MR</arg>
<arg>MS</arg>
<arg>MT</arg>
<arg>MU</arg>
<arg>MV</arg>
<arg>MW</arg>
<arg>MX</arg>
<arg>MY</arg>
<arg>MZ</arg>
<arg>NA</arg>
<arg>NC</arg>
<arg>NE</arg>
<arg>NF</arg>
<arg>NG</arg>
<arg>NI</arg>
<arg>NL</arg>
<arg>NO</arg>
<arg>NP</arg>
<arg>NR</arg>
<arg>NU</arg>
<arg>NZ</arg>
<arg>OM</arg>
<arg>PA</arg>
<arg>PE</arg>
<arg>PF</arg>
<arg>PG</arg>
<arg>PH</arg>
<arg>PK</arg>
<arg>PL</arg>
<arg>PM</arg>
<arg>PN</arg>
<arg>PR</arg>
<arg>PS</arg>
<arg>PT</arg>
<arg>PW</arg>
<arg>PY</arg>
<arg>QA</arg>
<arg>RE</arg>
<arg>RO</arg>
<arg>RS</arg>
<arg>RU</arg>
<arg>RW</arg>
<arg>SA</arg>
<arg>SB</arg>
<arg>SC</arg>
<arg>SD</arg>
<arg>SE</arg>
<arg>SG</arg>
<arg>SH</arg>
<arg>SI</arg>
<arg>SJ</arg>
<arg>SK</arg>
<arg>SL</arg>
<arg>SM</arg>
<arg>SN</arg>
<arg>SO</arg>
<arg>SR</arg>
<arg>SS</arg>
<arg>ST</arg>
<arg>SV</arg>
<arg>SX</arg>
<arg>SY</arg>
<arg>SZ</arg>
<arg>TC</arg>
<arg>TD</arg>
<arg>TF</arg>
<arg>TG</arg>
<arg>TH</arg>
<arg>TJ</arg>
<arg>TK</arg>
<arg>TL</arg>
<arg>TM</arg>
<arg>TN</arg>
<arg>TO</arg>
<arg>TR</arg>
<arg>TT</arg>
<arg>TV</arg>
<arg>TW</arg>
<arg>TZ</arg>
<arg>UA</arg>
<arg>UG</arg>
<arg>UM</arg>
<arg>US</arg>
<arg>UY</arg>
<arg>UZ</arg>
<arg>VA</arg>
<arg>VC</arg>
<arg>VE</arg>
<arg>VG</arg>
<arg>VI</arg>
<arg>VN</arg>
<arg>VU</arg>
<arg>WF</arg>
<arg>WS</arg>
<arg>XK</arg>
<arg>YE</arg>
<arg>YT</arg>
<arg>ZA</arg>
<arg>ZM</arg>
<arg>ZW</arg>
<doc>Returns a list containing given items.</doc>
<status status="PASS" start="2024-06-02T05:13:51.716115" elapsed="0.000635"/>
</kw>
<kw name="List Should Contain Value" owner="Collections">
<msg time="2024-06-02T05:13:51.717775" level="INFO">False</msg>
<arg>${list_country}</arg>
<arg>${name_country}</arg>
<doc>Fails if the ``value`` is not found from ``list``.</doc>
<status status="PASS" start="2024-06-02T05:13:51.717564" elapsed="0.000247"/>
</kw>
<kw name="Run Keyword If" owner="BuiltIn">
<kw name="Should Be True" owner="BuiltIn">
<arg>${True}</arg>
<doc>Fails if the given condition is not true.</doc>
<status status="PASS" start="2024-06-02T05:13:51.718867" elapsed="0.000142"/>
</kw>
<arg>${json_data["results"][0]["location"]["coordinates"]["latitude"]} &gt;= -90 and ${json_data["results"][0]["location"]["coordinates"]["latitude"]} &lt;= 90</arg>
<arg>Should Be True</arg>
<arg>${True}</arg>
<doc>Runs the given keyword with the given arguments, if ``condition`` is true.</doc>
<status status="PASS" start="2024-06-02T05:13:51.718123" elapsed="0.001010"/>
</kw>
<kw name="Run Keyword If" owner="BuiltIn">
<kw name="Should Be True" owner="BuiltIn">
<arg>${True}</arg>
<doc>Fails if the given condition is not true.</doc>
<status status="PASS" start="2024-06-02T05:13:51.720010" elapsed="0.000253"/>
</kw>
<arg>${json_data["results"][0]["location"]["coordinates"]["longitude"]} &gt;= -180 and ${json_data["results"][0]["location"]["coordinates"]["longitude"]} &lt;= 180</arg>
<arg>Should Be True</arg>
<arg>${True}</arg>
<doc>Runs the given keyword with the given arguments, if ``condition`` is true.</doc>
<status status="PASS" start="2024-06-02T05:13:51.719316" elapsed="0.001071"/>
</kw>
<status status="PASS" start="2024-06-02T05:13:51.614625" elapsed="0.105892"/>
</kw>
<doc>Testa o conteúdo específico dos campos retornados pela API.</doc>
<tag>testeConteudo</tag>
<status status="PASS" start="2024-06-02T05:13:51.614097" elapsed="0.106570"/>
</test>
<status status="PASS" start="2024-06-02T05:13:50.776974" elapsed="0.945672"/>
</suite>
<status status="PASS" start="2024-06-02T05:13:50.763518" elapsed="0.964376"/>
</suite>
<statistics>
<total>
<stat pass="5" fail="0" skip="0">All Tests</stat>
</total>
<tag>
<stat pass="1" fail="0" skip="0">testeConteudo</stat>
<stat pass="1" fail="0" skip="0">testeEstruturaResposta</stat>
<stat pass="1" fail="0" skip="0">testeRequisicaoBasica</stat>
<stat pass="1" fail="0" skip="0">testeTiposDados</stat>
</tag>
<suite>
<stat pass="5" fail="0" skip="0" id="s1" name="Tests">Tests</stat>
<stat pass="5" fail="0" skip="0" id="s1-s1" name="Random-User-Test">Tests.Random-User-Test</stat>
</suite>
</statistics>
<errors>
</errors>
</robot>
