<?xml version="1.0" encoding="UTF-8"?>
<robot generator="Robot 7.0.1 (Python 3.12.4 on linux)" generated="2024-06-23T23:14:42.271815" rpa="false" schemaversion="5">
<suite id="s1" name="Tests" source="/home/runner/work/ApiRandomUser/ApiRandomUser/RamdonUser/tests">
<suite id="s1-s1" name="Random-User-Test" source="/home/runner/work/ApiRandomUser/ApiRandomUser/RamdonUser/tests/random-user-test.robot">
<test id="s1-s1-t1" name="Conectar" line="13">
<kw name="Conectar API" owner="random-user-service">
<kw name="Create Session" owner="RequestsLibrary">
<msg time="2024-06-23T23:14:42.677022" level="INFO">Creating Session using : alias=consultarAPI, url=https://randomuser.me/, headers={},                     cookies={}, auth=None, timeout=None, proxies=None, verify=False,                     debug=0 </msg>
<arg>consultarAPI</arg>
<arg>${URL}</arg>
<doc>Create Session: create a HTTP session to a server</doc>
<status status="PASS" start="2024-06-23T23:14:42.676820" elapsed="0.000367"/>
</kw>
<status status="PASS" start="2024-06-23T23:14:42.675832" elapsed="0.001708"/>
</kw>
<status status="PASS" start="2024-06-23T23:14:42.675324" elapsed="0.002406"/>
</test>
<test id="s1-s1-t2" name="Validar retorno 200 e JSON Válido" line="16">
<kw name="Teste de Requisicao Basica" owner="random-user-service">
<kw name="GET On Session" owner="RequestsLibrary">
<msg time="2024-06-23T23:14:42.880212" level="INFO">GET Request : url=https://randomuser.me/api 
 path_url=/api 
 headers={'User-Agent': 'python-requests/2.32.3', 'Accept-Encoding': 'gzip, deflate', 'Accept': '*/*', 'Connection': 'keep-alive'} 
 body=None 
 </msg>
<msg time="2024-06-23T23:14:42.880427" level="INFO">GET Response : url=https://randomuser.me/api 
 status=200, reason=OK 
 headers={'Date': 'Sun, 23 Jun 2024 23:14:42 GMT', 'Content-Type': 'application/json; charset=utf-8', 'Transfer-Encoding': 'chunked', 'Connection': 'keep-alive', 'X-Powered-By': 'Express', 'Access-Control-Allow-Origin': '*', 'Cache-Control': 'no-cache', 'ETag': 'W/"49e-PDFp7dwE2Rl3W6mzDX/Sw8aTRB0"', 'Vary': 'Accept-Encoding', 'Content-Encoding': 'gzip', 'CF-Cache-Status': 'DYNAMIC', 'Report-To': '{"endpoints":[{"url":"https:\\/\\/a.nel.cloudflare.com\\/report\\/v4?s=wG0pUgXevtH97mO5%2Bn9ks1TZyBrC3q23EIaIbEjy%2FlDqCxjLj7dr0mDA7YJWIQzMv4MQGaNQOssa8vG%2Bg6o%2B6W5Dg%2BBQ5yMtGDFNgdMsb6I9506khJjbsNOK2xDkQsOp"}],"group":"cf-nel","max_age":604800}', 'NEL': '{"success_fraction":0,"report_to":"cf-nel","max_age":604800}', 'Server': 'cloudflare', 'CF-RAY': '89882d09ab4807dd-IAD', 'alt-svc': 'h3=":443"; ma=86400'} 
 body={"results":[{"gender":"male","name":{"title":"Mr","first":"Eemeli","last":"Salminen"},"location":{"street":{"number":1355,"name":"Pyynikintie"},"city":"Tammela","state":"Päijät-Häme","country":"Finland","postcode":58419,"coordinates":{"latitude":"-22.1186","longitude":"-140.4287"},"timezone":{"offset":"-4:00","description":"Atlantic Time (Canada), Caracas, La Paz"}},"email":"eemeli.salminen@example.com","login":{"uuid":"3d42ad98-ed2a-4537-a06c-f7a739648930","username":"greenpeacock989","password":"1942","salt":"61iPwnEx","md5":"5f2ec4026529ef9a810a9361f3fdc5b2","sha1":"e1f502bf3880cc5afefdf1c4e53f5002e9c0fbac","sha256":"902a21f62e781477c9811efa605ab4c81a11c208ea8274a93c31424aea4fe47f"},"dob":{"date":"1970-11-25T23:13:21.652Z","age":53},"registered":{"date":"2014-11-17T22:06:40.706Z","age":9},"phone":"03-542-552","cell":"040-056-46-45","id":{"name":"HETU","value":"NaNNA731undefined"},"picture":{"large":"https://randomuser.me/api/portraits/men/46.jpg","medium":"https://randomuser.me/api/portraits/med/men/46.jpg","thumbnail":"https://randomuser.me/api/portraits/thumb/men/46.jpg"},"nat":"FI"}],"info":{"seed":"91d21dcc0ab23797","results":1,"page":1,"version":"1.4"}} 
 </msg>
<msg time="2024-06-23T23:14:42.880527" level="INFO">/opt/hostedtoolcache/Python/3.12.4/x64/lib/python3.12/site-packages/urllib3/connectionpool.py:1099: InsecureRequestWarning: Unverified HTTPS request is being made to host 'randomuser.me'. Adding certificate verification is strongly advised. See: https://urllib3.readthedocs.io/en/latest/advanced-usage.html#tls-warnings
  warnings.warn(</msg>
<msg time="2024-06-23T23:14:42.880688" level="INFO">${response} = &lt;Response [200]&gt;</msg>
<var>${response}</var>
<arg>consultarAPI</arg>
<arg>/api</arg>
<doc>Sends a GET request on a previously created HTTP Session.</doc>
<status status="PASS" start="2024-06-23T23:14:42.680284" elapsed="0.200446"/>
</kw>
<kw name="Should Be Equal As Numbers" owner="BuiltIn">
<msg time="2024-06-23T23:14:42.881815" level="INFO">Argument types are:
&lt;class 'int'&gt;
&lt;class 'str'&gt;</msg>
<arg>${response.status_code}</arg>
<arg>200</arg>
<doc>Fails if objects are unequal after converting them to real numbers.</doc>
<status status="PASS" start="2024-06-23T23:14:42.881348" elapsed="0.000538"/>
</kw>
<kw name="Log" owner="BuiltIn">
<msg time="2024-06-23T23:14:42.882554" level="INFO">200</msg>
<arg>${response.status_code}</arg>
<doc>Logs the given message with the given level.</doc>
<status status="PASS" start="2024-06-23T23:14:42.882204" elapsed="0.000393"/>
</kw>
<kw name="Set Variable" owner="BuiltIn">
<msg time="2024-06-23T23:14:42.883352" level="INFO">${json_data} = {'results': [{'gender': 'male', 'name': {'title': 'Mr', 'first': 'Eemeli', 'last': 'Salminen'}, 'location': {'street': {'number': 1355, 'name': 'Pyynikintie'}, 'city': 'Tammela', 'state': 'Päijät-Häme...</msg>
<var>${json_data}</var>
<arg>${response.json()}</arg>
<doc>Returns the given values which can then be assigned to a variables.</doc>
<status status="PASS" start="2024-06-23T23:14:42.882904" elapsed="0.000477"/>
</kw>
<kw name="Dictionary Should Contain Key" owner="Collections">
<arg>${json_data}</arg>
<arg>results</arg>
<doc>Fails if ``key`` is not found from ``dictionary``.</doc>
<status status="PASS" start="2024-06-23T23:14:42.883678" elapsed="0.000165"/>
</kw>
<status status="PASS" start="2024-06-23T23:14:42.680026" elapsed="0.203967"/>
</kw>
<doc>Testa se a API responde corretamente e retorna um objeto JSON válido.</doc>
<tag>testeRequisicaoBasica</tag>
<status status="PASS" start="2024-06-23T23:14:42.679591" elapsed="0.204575"/>
</test>
<test id="s1-s1-t3" name="Validar estrutura de resposta" line="22">
<kw name="Teste de Estrutura de Resposta" owner="random-user-service">
<kw name="GET On Session" owner="RequestsLibrary">
<msg time="2024-06-23T23:14:42.974599" level="INFO">GET Request : url=https://randomuser.me/api 
 path_url=/api 
 headers={'User-Agent': 'python-requests/2.32.3', 'Accept-Encoding': 'gzip, deflate', 'Accept': '*/*', 'Connection': 'keep-alive'} 
 body=None 
 </msg>
<msg time="2024-06-23T23:14:42.974706" level="INFO">GET Response : url=https://randomuser.me/api 
 status=200, reason=OK 
 headers={'Date': 'Sun, 23 Jun 2024 23:14:42 GMT', 'Content-Type': 'application/json; charset=utf-8', 'Transfer-Encoding': 'chunked', 'Connection': 'keep-alive', 'X-Powered-By': 'Express', 'Access-Control-Allow-Origin': '*', 'Cache-Control': 'no-cache', 'ETag': 'W/"48b-9NXY8Slt8P3bxvIk1gFX3CtvzsE"', 'Vary': 'Accept-Encoding', 'Content-Encoding': 'gzip', 'CF-Cache-Status': 'DYNAMIC', 'Report-To': '{"endpoints":[{"url":"https:\\/\\/a.nel.cloudflare.com\\/report\\/v4?s=csZlx%2Bvlg8dVXa2DHyXKg1ZobNHnToogulWl1t%2F%2FB%2F3WsVk5BlAhbSA%2BofqfZnM8D1E8rAvmzDraflcTSegDTpB0Bp9aKzJH%2FKZcz9sQDTm%2F5gyX49tSie%2F%2BNNc48GMG"}],"group":"cf-nel","max_age":604800}', 'NEL': '{"success_fraction":0,"report_to":"cf-nel","max_age":604800}', 'Server': 'cloudflare', 'CF-RAY': '89882d0a0bb407dd-IAD', 'alt-svc': 'h3=":443"; ma=86400'} 
 body={"results":[{"gender":"female","name":{"title":"Mrs","first":"Ellen","last":"Thompson"},"location":{"street":{"number":6557,"name":"Albert Road"},"city":"Newcastle West","state":"Fingal","country":"Ireland","postcode":78542,"coordinates":{"latitude":"0.6364","longitude":"74.0181"},"timezone":{"offset":"-8:00","description":"Pacific Time (US &amp; Canada)"}},"email":"ellen.thompson@example.com","login":{"uuid":"5e82a0b4-c851-4dfc-8f88-0570f1d9ce5c","username":"lazybird434","password":"juventus","salt":"Gug17Yq9","md5":"ac66838eae2ca60321b7b540b7feaecb","sha1":"451ac557ac40d1bc10b2e1740be41067f8ab2f1e","sha256":"0030a833661d51a57ef025d2772ebde12ed9269e31f45d73c4ad74b9b7864ee4"},"dob":{"date":"1972-09-18T06:36:14.723Z","age":51},"registered":{"date":"2003-01-14T00:27:37.301Z","age":21},"phone":"011-857-9370","cell":"081-039-8882","id":{"name":"PPS","value":"3994117T"},"picture":{"large":"https://randomuser.me/api/portraits/women/95.jpg","medium":"https://randomuser.me/api/portraits/med/women/95.jpg","thumbnail":"https://randomuser.me/api/portraits/thumb/women/95.jpg"},"nat":"IE"}],"info":{"seed":"535d0067cea553c2","results":1,"page":1,"version":"1.4"}} 
 </msg>
<msg time="2024-06-23T23:14:42.974843" level="INFO">/opt/hostedtoolcache/Python/3.12.4/x64/lib/python3.12/site-packages/urllib3/connectionpool.py:1099: InsecureRequestWarning: Unverified HTTPS request is being made to host 'randomuser.me'. Adding certificate verification is strongly advised. See: https://urllib3.readthedocs.io/en/latest/advanced-usage.html#tls-warnings
  warnings.warn(</msg>
<msg time="2024-06-23T23:14:42.974988" level="INFO">${response} = &lt;Response [200]&gt;</msg>
<var>${response}</var>
<arg>consultarAPI</arg>
<arg>/api</arg>
<doc>Sends a GET request on a previously created HTTP Session.</doc>
<status status="PASS" start="2024-06-23T23:14:42.886871" elapsed="0.088166"/>
</kw>
<kw name="Set Variable" owner="BuiltIn">
<msg time="2024-06-23T23:14:42.976211" level="INFO">${json_data} = {'results': [{'gender': 'female', 'name': {'title': 'Mrs', 'first': 'Ellen', 'last': 'Thompson'}, 'location': {'street': {'number': 6557, 'name': 'Albert Road'}, 'city': 'Newcastle West', 'state': 'Fi...</msg>
<var>${json_data}</var>
<arg>${response.json()}</arg>
<doc>Returns the given values which can then be assigned to a variables.</doc>
<status status="PASS" start="2024-06-23T23:14:42.975608" elapsed="0.000663"/>
</kw>
<kw name="Log" owner="BuiltIn">
<msg time="2024-06-23T23:14:42.976840" level="INFO">{'results': [{'gender': 'female', 'name': {'title': 'Mrs', 'first': 'Ellen', 'last': 'Thompson'}, 'location': {'street': {'number': 6557, 'name': 'Albert Road'}, 'city': 'Newcastle West', 'state': 'Fingal', 'country': 'Ireland', 'postcode': 78542, 'coordinates': {'latitude': '0.6364', 'longitude': '74.0181'}, 'timezone': {'offset': '-8:00', 'description': 'Pacific Time (US &amp; Canada)'}}, 'email': 'ellen.thompson@example.com', 'login': {'uuid': '5e82a0b4-c851-4dfc-8f88-0570f1d9ce5c', 'username': 'lazybird434', 'password': 'juventus', 'salt': 'Gug17Yq9', 'md5': 'ac66838eae2ca60321b7b540b7feaecb', 'sha1': '451ac557ac40d1bc10b2e1740be41067f8ab2f1e', 'sha256': '0030a833661d51a57ef025d2772ebde12ed9269e31f45d73c4ad74b9b7864ee4'}, 'dob': {'date': '1972-09-18T06:36:14.723Z', 'age': 51}, 'registered': {'date': '2003-01-14T00:27:37.301Z', 'age': 21}, 'phone': '011-857-9370', 'cell': '081-039-8882', 'id': {'name': 'PPS', 'value': '3994117T'}, 'picture': {'large': 'https://randomuser.me/api/portraits/women/95.jpg', 'medium': 'https://randomuser.me/api/portraits/med/women/95.jpg', 'thumbnail': 'https://randomuser.me/api/portraits/thumb/women/95.jpg'}, 'nat': 'IE'}], 'info': {'seed': '535d0067cea553c2', 'results': 1, 'page': 1, 'version': '1.4'}}</msg>
<arg>${json_data}</arg>
<doc>Logs the given message with the given level.</doc>
<status status="PASS" start="2024-06-23T23:14:42.976656" elapsed="0.000258"/>
</kw>
<kw name="Dictionary Should Contain Key" owner="Collections">
<arg>${json_data}</arg>
<arg>results</arg>
<doc>Fails if ``key`` is not found from ``dictionary``.</doc>
<status status="PASS" start="2024-06-23T23:14:42.977271" elapsed="0.000186"/>
</kw>
<kw name="Should Not Be Empty" owner="BuiltIn">
<msg time="2024-06-23T23:14:42.977824" level="INFO">Length is 2.</msg>
<arg>${json_data}</arg>
<doc>Verifies that the given item is not empty.</doc>
<status status="PASS" start="2024-06-23T23:14:42.977677" elapsed="0.000198"/>
</kw>
<kw name="Create List" owner="BuiltIn">
<msg time="2024-06-23T23:14:42.978496" level="INFO">${expected_keys} = ['gender', 'name', 'location', 'email', 'login']</msg>
<var>${expected_keys}</var>
<arg>gender</arg>
<arg>name</arg>
<arg>location</arg>
<arg>email</arg>
<arg>login</arg>
<doc>Returns a list containing given items.</doc>
<status status="PASS" start="2024-06-23T23:14:42.978183" elapsed="0.000338"/>
</kw>
<for flavor="IN">
<iter>
<kw name="Dictionary Should Contain Key" owner="Collections">
<arg>${json_data['results'][0]}</arg>
<arg>${key}</arg>
<doc>Fails if ``key`` is not found from ``dictionary``.</doc>
<status status="PASS" start="2024-06-23T23:14:42.979117" elapsed="0.000412"/>
</kw>
<kw name="Log" owner="BuiltIn">
<msg time="2024-06-23T23:14:42.980077" level="INFO">{'gender': 'female', 'name': {'title': 'Mrs', 'first': 'Ellen', 'last': 'Thompson'}, 'location': {'street': {'number': 6557, 'name': 'Albert Road'}, 'city': 'Newcastle West', 'state': 'Fingal', 'country': 'Ireland', 'postcode': 78542, 'coordinates': {'latitude': '0.6364', 'longitude': '74.0181'}, 'timezone': {'offset': '-8:00', 'description': 'Pacific Time (US &amp; Canada)'}}, 'email': 'ellen.thompson@example.com', 'login': {'uuid': '5e82a0b4-c851-4dfc-8f88-0570f1d9ce5c', 'username': 'lazybird434', 'password': 'juventus', 'salt': 'Gug17Yq9', 'md5': 'ac66838eae2ca60321b7b540b7feaecb', 'sha1': '451ac557ac40d1bc10b2e1740be41067f8ab2f1e', 'sha256': '0030a833661d51a57ef025d2772ebde12ed9269e31f45d73c4ad74b9b7864ee4'}, 'dob': {'date': '1972-09-18T06:36:14.723Z', 'age': 51}, 'registered': {'date': '2003-01-14T00:27:37.301Z', 'age': 21}, 'phone': '011-857-9370', 'cell': '081-039-8882', 'id': {'name': 'PPS', 'value': '3994117T'}, 'picture': {'large': 'https://randomuser.me/api/portraits/women/95.jpg', 'medium': 'https://randomuser.me/api/portraits/med/women/95.jpg', 'thumbnail': 'https://randomuser.me/api/portraits/thumb/women/95.jpg'}, 'nat': 'IE'}</msg>
<arg>${json_data['results'][0]}</arg>
<doc>Logs the given message with the given level.</doc>
<status status="PASS" start="2024-06-23T23:14:42.979717" elapsed="0.000410"/>
</kw>
<kw name="Log" owner="BuiltIn">
<msg time="2024-06-23T23:14:42.980590" level="INFO">gender</msg>
<arg>${key}</arg>
<doc>Logs the given message with the given level.</doc>
<status status="PASS" start="2024-06-23T23:14:42.980461" elapsed="0.000169"/>
</kw>
<var name="${key}">gender</var>
<status status="PASS" start="2024-06-23T23:14:42.978992" elapsed="0.001857"/>
</iter>
<iter>
<kw name="Dictionary Should Contain Key" owner="Collections">
<arg>${json_data['results'][0]}</arg>
<arg>${key}</arg>
<doc>Fails if ``key`` is not found from ``dictionary``.</doc>
<status status="PASS" start="2024-06-23T23:14:42.981142" elapsed="0.000382"/>
</kw>
<kw name="Log" owner="BuiltIn">
<msg time="2024-06-23T23:14:42.982064" level="INFO">{'gender': 'female', 'name': {'title': 'Mrs', 'first': 'Ellen', 'last': 'Thompson'}, 'location': {'street': {'number': 6557, 'name': 'Albert Road'}, 'city': 'Newcastle West', 'state': 'Fingal', 'country': 'Ireland', 'postcode': 78542, 'coordinates': {'latitude': '0.6364', 'longitude': '74.0181'}, 'timezone': {'offset': '-8:00', 'description': 'Pacific Time (US &amp; Canada)'}}, 'email': 'ellen.thompson@example.com', 'login': {'uuid': '5e82a0b4-c851-4dfc-8f88-0570f1d9ce5c', 'username': 'lazybird434', 'password': 'juventus', 'salt': 'Gug17Yq9', 'md5': 'ac66838eae2ca60321b7b540b7feaecb', 'sha1': '451ac557ac40d1bc10b2e1740be41067f8ab2f1e', 'sha256': '0030a833661d51a57ef025d2772ebde12ed9269e31f45d73c4ad74b9b7864ee4'}, 'dob': {'date': '1972-09-18T06:36:14.723Z', 'age': 51}, 'registered': {'date': '2003-01-14T00:27:37.301Z', 'age': 21}, 'phone': '011-857-9370', 'cell': '081-039-8882', 'id': {'name': 'PPS', 'value': '3994117T'}, 'picture': {'large': 'https://randomuser.me/api/portraits/women/95.jpg', 'medium': 'https://randomuser.me/api/portraits/med/women/95.jpg', 'thumbnail': 'https://randomuser.me/api/portraits/thumb/women/95.jpg'}, 'nat': 'IE'}</msg>
<arg>${json_data['results'][0]}</arg>
<doc>Logs the given message with the given level.</doc>
<status status="PASS" start="2024-06-23T23:14:42.981709" elapsed="0.000436"/>
</kw>
<kw name="Log" owner="BuiltIn">
<msg time="2024-06-23T23:14:42.982569" level="INFO">name</msg>
<arg>${key}</arg>
<doc>Logs the given message with the given level.</doc>
<status status="PASS" start="2024-06-23T23:14:42.982442" elapsed="0.000164"/>
</kw>
<var name="${key}">name</var>
<status status="PASS" start="2024-06-23T23:14:42.981031" elapsed="0.001791"/>
</iter>
<iter>
<kw name="Dictionary Should Contain Key" owner="Collections">
<arg>${json_data['results'][0]}</arg>
<arg>${key}</arg>
<doc>Fails if ``key`` is not found from ``dictionary``.</doc>
<status status="PASS" start="2024-06-23T23:14:42.983106" elapsed="0.000388"/>
</kw>
<kw name="Log" owner="BuiltIn">
<msg time="2024-06-23T23:14:42.984030" level="INFO">{'gender': 'female', 'name': {'title': 'Mrs', 'first': 'Ellen', 'last': 'Thompson'}, 'location': {'street': {'number': 6557, 'name': 'Albert Road'}, 'city': 'Newcastle West', 'state': 'Fingal', 'country': 'Ireland', 'postcode': 78542, 'coordinates': {'latitude': '0.6364', 'longitude': '74.0181'}, 'timezone': {'offset': '-8:00', 'description': 'Pacific Time (US &amp; Canada)'}}, 'email': 'ellen.thompson@example.com', 'login': {'uuid': '5e82a0b4-c851-4dfc-8f88-0570f1d9ce5c', 'username': 'lazybird434', 'password': 'juventus', 'salt': 'Gug17Yq9', 'md5': 'ac66838eae2ca60321b7b540b7feaecb', 'sha1': '451ac557ac40d1bc10b2e1740be41067f8ab2f1e', 'sha256': '0030a833661d51a57ef025d2772ebde12ed9269e31f45d73c4ad74b9b7864ee4'}, 'dob': {'date': '1972-09-18T06:36:14.723Z', 'age': 51}, 'registered': {'date': '2003-01-14T00:27:37.301Z', 'age': 21}, 'phone': '011-857-9370', 'cell': '081-039-8882', 'id': {'name': 'PPS', 'value': '3994117T'}, 'picture': {'large': 'https://randomuser.me/api/portraits/women/95.jpg', 'medium': 'https://randomuser.me/api/portraits/med/women/95.jpg', 'thumbnail': 'https://randomuser.me/api/portraits/thumb/women/95.jpg'}, 'nat': 'IE'}</msg>
<arg>${json_data['results'][0]}</arg>
<doc>Logs the given message with the given level.</doc>
<status status="PASS" start="2024-06-23T23:14:42.983672" elapsed="0.000409"/>
</kw>
<kw name="Log" owner="BuiltIn">
<msg time="2024-06-23T23:14:42.984545" level="INFO">location</msg>
<arg>${key}</arg>
<doc>Logs the given message with the given level.</doc>
<status status="PASS" start="2024-06-23T23:14:42.984412" elapsed="0.000172"/>
</kw>
<var name="${key}">location</var>
<status status="PASS" start="2024-06-23T23:14:42.982998" elapsed="0.001807"/>
</iter>
<iter>
<kw name="Dictionary Should Contain Key" owner="Collections">
<arg>${json_data['results'][0]}</arg>
<arg>${key}</arg>
<doc>Fails if ``key`` is not found from ``dictionary``.</doc>
<status status="PASS" start="2024-06-23T23:14:42.985085" elapsed="0.000384"/>
</kw>
<kw name="Log" owner="BuiltIn">
<msg time="2024-06-23T23:14:42.986013" level="INFO">{'gender': 'female', 'name': {'title': 'Mrs', 'first': 'Ellen', 'last': 'Thompson'}, 'location': {'street': {'number': 6557, 'name': 'Albert Road'}, 'city': 'Newcastle West', 'state': 'Fingal', 'country': 'Ireland', 'postcode': 78542, 'coordinates': {'latitude': '0.6364', 'longitude': '74.0181'}, 'timezone': {'offset': '-8:00', 'description': 'Pacific Time (US &amp; Canada)'}}, 'email': 'ellen.thompson@example.com', 'login': {'uuid': '5e82a0b4-c851-4dfc-8f88-0570f1d9ce5c', 'username': 'lazybird434', 'password': 'juventus', 'salt': 'Gug17Yq9', 'md5': 'ac66838eae2ca60321b7b540b7feaecb', 'sha1': '451ac557ac40d1bc10b2e1740be41067f8ab2f1e', 'sha256': '0030a833661d51a57ef025d2772ebde12ed9269e31f45d73c4ad74b9b7864ee4'}, 'dob': {'date': '1972-09-18T06:36:14.723Z', 'age': 51}, 'registered': {'date': '2003-01-14T00:27:37.301Z', 'age': 21}, 'phone': '011-857-9370', 'cell': '081-039-8882', 'id': {'name': 'PPS', 'value': '3994117T'}, 'picture': {'large': 'https://randomuser.me/api/portraits/women/95.jpg', 'medium': 'https://randomuser.me/api/portraits/med/women/95.jpg', 'thumbnail': 'https://randomuser.me/api/portraits/thumb/women/95.jpg'}, 'nat': 'IE'}</msg>
<arg>${json_data['results'][0]}</arg>
<doc>Logs the given message with the given level.</doc>
<status status="PASS" start="2024-06-23T23:14:42.985656" elapsed="0.000411"/>
</kw>
<kw name="Log" owner="BuiltIn">
<msg time="2024-06-23T23:14:42.986488" level="INFO">email</msg>
<arg>${key}</arg>
<doc>Logs the given message with the given level.</doc>
<status status="PASS" start="2024-06-23T23:14:42.986361" elapsed="0.000165"/>
</kw>
<var name="${key}">email</var>
<status status="PASS" start="2024-06-23T23:14:42.984976" elapsed="0.001763"/>
</iter>
<iter>
<kw name="Dictionary Should Contain Key" owner="Collections">
<arg>${json_data['results'][0]}</arg>
<arg>${key}</arg>
<doc>Fails if ``key`` is not found from ``dictionary``.</doc>
<status status="PASS" start="2024-06-23T23:14:42.987017" elapsed="0.000391"/>
</kw>
<kw name="Log" owner="BuiltIn">
<msg time="2024-06-23T23:14:42.987932" level="INFO">{'gender': 'female', 'name': {'title': 'Mrs', 'first': 'Ellen', 'last': 'Thompson'}, 'location': {'street': {'number': 6557, 'name': 'Albert Road'}, 'city': 'Newcastle West', 'state': 'Fingal', 'country': 'Ireland', 'postcode': 78542, 'coordinates': {'latitude': '0.6364', 'longitude': '74.0181'}, 'timezone': {'offset': '-8:00', 'description': 'Pacific Time (US &amp; Canada)'}}, 'email': 'ellen.thompson@example.com', 'login': {'uuid': '5e82a0b4-c851-4dfc-8f88-0570f1d9ce5c', 'username': 'lazybird434', 'password': 'juventus', 'salt': 'Gug17Yq9', 'md5': 'ac66838eae2ca60321b7b540b7feaecb', 'sha1': '451ac557ac40d1bc10b2e1740be41067f8ab2f1e', 'sha256': '0030a833661d51a57ef025d2772ebde12ed9269e31f45d73c4ad74b9b7864ee4'}, 'dob': {'date': '1972-09-18T06:36:14.723Z', 'age': 51}, 'registered': {'date': '2003-01-14T00:27:37.301Z', 'age': 21}, 'phone': '011-857-9370', 'cell': '081-039-8882', 'id': {'name': 'PPS', 'value': '3994117T'}, 'picture': {'large': 'https://randomuser.me/api/portraits/women/95.jpg', 'medium': 'https://randomuser.me/api/portraits/med/women/95.jpg', 'thumbnail': 'https://randomuser.me/api/portraits/thumb/women/95.jpg'}, 'nat': 'IE'}</msg>
<arg>${json_data['results'][0]}</arg>
<doc>Logs the given message with the given level.</doc>
<status status="PASS" start="2024-06-23T23:14:42.987588" elapsed="0.000393"/>
</kw>
<kw name="Log" owner="BuiltIn">
<msg time="2024-06-23T23:14:42.988443" level="INFO">login</msg>
<arg>${key}</arg>
<doc>Logs the given message with the given level.</doc>
<status status="PASS" start="2024-06-23T23:14:42.988311" elapsed="0.000170"/>
</kw>
<var name="${key}">login</var>
<status status="PASS" start="2024-06-23T23:14:42.986910" elapsed="0.001788"/>
</iter>
<var>${key}</var>
<value>@{expected_keys}</value>
<status status="PASS" start="2024-06-23T23:14:42.978790" elapsed="0.010029"/>
</for>
<kw name="Create List" owner="BuiltIn">
<msg time="2024-06-23T23:14:42.989144" level="INFO">${expected_keysTwo} = ['username', 'password']</msg>
<var>${expected_keysTwo}</var>
<arg>username</arg>
<arg>password</arg>
<doc>Returns a list containing given items.</doc>
<status status="PASS" start="2024-06-23T23:14:42.989007" elapsed="0.000190"/>
</kw>
<for flavor="IN">
<iter>
<kw name="Dictionary Should Contain Key" owner="Collections">
<arg>${json_data['results'][0]['login']}</arg>
<arg>${keyTwo}</arg>
<doc>Fails if ``key`` is not found from ``dictionary``.</doc>
<status status="PASS" start="2024-06-23T23:14:42.989705" elapsed="0.000385"/>
</kw>
<kw name="Dictionary Should Contain Key" owner="Collections">
<arg>${json_data['results'][0]['login']}</arg>
<arg>${keyTwo}</arg>
<doc>Fails if ``key`` is not found from ``dictionary``.</doc>
<status status="PASS" start="2024-06-23T23:14:42.990277" elapsed="0.000371"/>
</kw>
<kw name="Log" owner="BuiltIn">
<msg time="2024-06-23T23:14:42.990941" level="INFO">username</msg>
<arg>${keyTwo}</arg>
<doc>Logs the given message with the given level.</doc>
<status status="PASS" start="2024-06-23T23:14:42.990823" elapsed="0.000155"/>
</kw>
<var name="${keyTwo}">username</var>
<status status="PASS" start="2024-06-23T23:14:42.989597" elapsed="0.001602"/>
</iter>
<iter>
<kw name="Dictionary Should Contain Key" owner="Collections">
<arg>${json_data['results'][0]['login']}</arg>
<arg>${keyTwo}</arg>
<doc>Fails if ``key`` is not found from ``dictionary``.</doc>
<status status="PASS" start="2024-06-23T23:14:42.991472" elapsed="0.000389"/>
</kw>
<kw name="Dictionary Should Contain Key" owner="Collections">
<arg>${json_data['results'][0]['login']}</arg>
<arg>${keyTwo}</arg>
<doc>Fails if ``key`` is not found from ``dictionary``.</doc>
<status status="PASS" start="2024-06-23T23:14:42.992041" elapsed="0.000415"/>
</kw>
<kw name="Log" owner="BuiltIn">
<msg time="2024-06-23T23:14:42.992760" level="INFO">password</msg>
<arg>${keyTwo}</arg>
<doc>Logs the given message with the given level.</doc>
<status status="PASS" start="2024-06-23T23:14:42.992638" elapsed="0.000160"/>
</kw>
<var name="${keyTwo}">password</var>
<status status="PASS" start="2024-06-23T23:14:42.991368" elapsed="0.001745"/>
</iter>
<var>${keyTwo}</var>
<value>@{expected_keysTwo}</value>
<status status="PASS" start="2024-06-23T23:14:42.989446" elapsed="0.003791"/>
</for>
<status status="PASS" start="2024-06-23T23:14:42.886636" elapsed="0.106742"/>
</kw>
<doc>Testa a estrutura da resposta da API.</doc>
<tag>testeEstruturaResposta</tag>
<status status="PASS" start="2024-06-23T23:14:42.886053" elapsed="0.107478"/>
</test>
<test id="s1-s1-t4" name="Validar tipos de dados" line="28">
<kw name="Teste de Tipos de Dados" owner="random-user-service">
<kw name="GET On Session" owner="RequestsLibrary">
<msg time="2024-06-23T23:14:43.076781" level="INFO">GET Request : url=https://randomuser.me/api 
 path_url=/api 
 headers={'User-Agent': 'python-requests/2.32.3', 'Accept-Encoding': 'gzip, deflate', 'Accept': '*/*', 'Connection': 'keep-alive'} 
 body=None 
 </msg>
<msg time="2024-06-23T23:14:43.076867" level="INFO">GET Response : url=https://randomuser.me/api 
 status=200, reason=OK 
 headers={'Date': 'Sun, 23 Jun 2024 23:14:43 GMT', 'Content-Type': 'application/json; charset=utf-8', 'Transfer-Encoding': 'chunked', 'Connection': 'keep-alive', 'X-Powered-By': 'Express', 'Access-Control-Allow-Origin': '*', 'Cache-Control': 'no-cache', 'ETag': 'W/"472-RTD00uBSkvTxC3XyRxdSeMmZ/AQ"', 'Vary': 'Accept-Encoding', 'Content-Encoding': 'gzip', 'CF-Cache-Status': 'DYNAMIC', 'Report-To': '{"endpoints":[{"url":"https:\\/\\/a.nel.cloudflare.com\\/report\\/v4?s=02FVm%2FX7RBpXeD%2BCjJgeb5rXlWtQ%2FXT3VPyNfrxIjWHvohdxBLRcUo0NoYkyUjlb%2FP45wjVud1BLnZZQxIT15xGy9Oop5XgyfULPohVuq9Ab7FwtHyn5esDOnDGCwC9S"}],"group":"cf-nel","max_age":604800}', 'NEL': '{"success_fraction":0,"report_to":"cf-nel","max_age":604800}', 'Server': 'cloudflare', 'CF-RAY': '89882d0abc8a07dd-IAD', 'alt-svc': 'h3=":443"; ma=86400'} 
 body={"results":[{"gender":"female","name":{"title":"Mrs","first":"Kate","last":"Brown"},"location":{"street":{"number":8383,"name":"Elles Road"},"city":"Lower Hutt","state":"Canterbury","country":"New Zealand","postcode":72386,"coordinates":{"latitude":"54.1575","longitude":"179.5209"},"timezone":{"offset":"-9:00","description":"Alaska"}},"email":"kate.brown@example.com","login":{"uuid":"8061d362-b9fa-411a-b65f-cef2873df507","username":"whiterabbit929","password":"formula1","salt":"L7PegOTx","md5":"d10e129ae6ec5b6abc1c8e3fe2e97688","sha1":"71d57c886ea2423c1cec96a74c0b7695c9a197c7","sha256":"813f7b10249afbbe9190117ba07172f17fd8a43b19548c8b68b74a774a803dbd"},"dob":{"date":"1999-09-03T16:19:54.564Z","age":24},"registered":{"date":"2005-06-14T02:53:17.463Z","age":19},"phone":"(428)-930-4896","cell":"(880)-277-8564","id":{"name":"","value":null},"picture":{"large":"https://randomuser.me/api/portraits/women/52.jpg","medium":"https://randomuser.me/api/portraits/med/women/52.jpg","thumbnail":"https://randomuser.me/api/portraits/thumb/women/52.jpg"},"nat":"NZ"}],"info":{"seed":"b1433884a829832b","results":1,"page":1,"version":"1.4"}} 
 </msg>
<msg time="2024-06-23T23:14:43.076941" level="INFO">/opt/hostedtoolcache/Python/3.12.4/x64/lib/python3.12/site-packages/urllib3/connectionpool.py:1099: InsecureRequestWarning: Unverified HTTPS request is being made to host 'randomuser.me'. Adding certificate verification is strongly advised. See: https://urllib3.readthedocs.io/en/latest/advanced-usage.html#tls-warnings
  warnings.warn(</msg>
<msg time="2024-06-23T23:14:43.077063" level="INFO">${response} = &lt;Response [200]&gt;</msg>
<var>${response}</var>
<arg>consultarAPI</arg>
<arg>/api</arg>
<doc>Sends a GET request on a previously created HTTP Session.</doc>
<status status="PASS" start="2024-06-23T23:14:42.996066" elapsed="0.081049"/>
</kw>
<kw name="Set Variable" owner="BuiltIn">
<msg time="2024-06-23T23:14:43.078189" level="INFO">${json_data} = {'results': [{'gender': 'female', 'name': {'title': 'Mrs', 'first': 'Kate', 'last': 'Brown'}, 'location': {'street': {'number': 8383, 'name': 'Elles Road'}, 'city': 'Lower Hutt', 'state': 'Canterbury'...</msg>
<var>${json_data}</var>
<arg>${response.json()}</arg>
<doc>Returns the given values which can then be assigned to a variables.</doc>
<status status="PASS" start="2024-06-23T23:14:43.077633" elapsed="0.000585"/>
</kw>
<kw name="Log" owner="BuiltIn">
<msg time="2024-06-23T23:14:43.078679" level="INFO">{'results': [{'gender': 'female', 'name': {'title': 'Mrs', 'first': 'Kate', 'last': 'Brown'}, 'location': {'street': {'number': 8383, 'name': 'Elles Road'}, 'city': 'Lower Hutt', 'state': 'Canterbury', 'country': 'New Zealand', 'postcode': 72386, 'coordinates': {'latitude': '54.1575', 'longitude': '179.5209'}, 'timezone': {'offset': '-9:00', 'description': 'Alaska'}}, 'email': 'kate.brown@example.com', 'login': {'uuid': '8061d362-b9fa-411a-b65f-cef2873df507', 'username': 'whiterabbit929', 'password': 'formula1', 'salt': 'L7PegOTx', 'md5': 'd10e129ae6ec5b6abc1c8e3fe2e97688', 'sha1': '71d57c886ea2423c1cec96a74c0b7695c9a197c7', 'sha256': '813f7b10249afbbe9190117ba07172f17fd8a43b19548c8b68b74a774a803dbd'}, 'dob': {'date': '1999-09-03T16:19:54.564Z', 'age': 24}, 'registered': {'date': '2005-06-14T02:53:17.463Z', 'age': 19}, 'phone': '(428)-930-4896', 'cell': '(880)-277-8564', 'id': {'name': '', 'value': None}, 'picture': {'large': 'https://randomuser.me/api/portraits/women/52.jpg', 'medium': 'https://randomuser.me/api/portraits/med/women/52.jpg', 'thumbnail': 'https://randomuser.me/api/portraits/thumb/women/52.jpg'}, 'nat': 'NZ'}], 'info': {'seed': 'b1433884a829832b', 'results': 1, 'page': 1, 'version': '1.4'}}</msg>
<arg>${json_data}</arg>
<doc>Logs the given message with the given level.</doc>
<status status="PASS" start="2024-06-23T23:14:43.078526" elapsed="0.000199"/>
</kw>
<kw name="Should Be String" owner="String">
<arg>${json_data['results'][0]['gender']}</arg>
<doc>Fails if the given ``item`` is not a string.</doc>
<status status="PASS" start="2024-06-23T23:14:43.079012" elapsed="0.000373"/>
</kw>
<kw name="Should Match Regexp" owner="BuiltIn">
<arg>${json_data['results'][0]['email']}</arg>
<arg>^[a-zA-Z0-9._%+-]+@[a-zA-Z0-9.-]+\.[a-zA-Z]{2,}$</arg>
<doc>Fails if ``string`` does not match ``pattern`` as a regular expression.</doc>
<status status="PASS" start="2024-06-23T23:14:43.079571" elapsed="0.000525"/>
</kw>
<kw name="Should Match Regexp" owner="BuiltIn">
<arg>${json_data['results'][0]['dob']['date']}</arg>
<arg>\\d{4}-\\d{2}-\\d{2}T\\d{2}:\\d{2}:\\d{2}\\.\\d{3}Z</arg>
<doc>Fails if ``string`` does not match ``pattern`` as a regular expression.</doc>
<status status="PASS" start="2024-06-23T23:14:43.080364" elapsed="0.000493"/>
</kw>
<kw name="Should Match Regexp" owner="BuiltIn">
<arg>${json_data['results'][0]['registered']['date']}</arg>
<arg>\\d{4}-\\d{2}-\\d{2}T\\d{2}:\\d{2}:\\d{2}\\.\\d{3}Z</arg>
<doc>Fails if ``string`` does not match ``pattern`` as a regular expression.</doc>
<status status="PASS" start="2024-06-23T23:14:43.081046" elapsed="0.000366"/>
</kw>
<kw name="Should Match Regexp" owner="BuiltIn">
<arg>${json_data['results'][0]['picture']['large']}</arg>
<arg>^https?://.*\.(?:png|jpe?g|gif|bmp)$</arg>
<doc>Fails if ``string`` does not match ``pattern`` as a regular expression.</doc>
<status status="PASS" start="2024-06-23T23:14:43.081596" elapsed="0.000455"/>
</kw>
<kw name="Should Match Regexp" owner="BuiltIn">
<arg>${json_data['results'][0]['picture']['medium']}</arg>
<arg>^https?://.*\.(?:png|jpe?g|gif|bmp)$</arg>
<doc>Fails if ``string`` does not match ``pattern`` as a regular expression.</doc>
<status status="PASS" start="2024-06-23T23:14:43.082235" elapsed="0.000348"/>
</kw>
<kw name="Should Match Regexp" owner="BuiltIn">
<arg>${json_data['results'][0]['picture']['thumbnail']}</arg>
<arg>^https?://.*\.(?:png|jpe?g|gif|bmp)$</arg>
<doc>Fails if ``string`` does not match ``pattern`` as a regular expression.</doc>
<status status="PASS" start="2024-06-23T23:14:43.082761" elapsed="0.000341"/>
</kw>
<kw name="Log" owner="BuiltIn">
<msg time="2024-06-23T23:14:43.083595" level="INFO">{'large': 'https://randomuser.me/api/portraits/women/52.jpg', 'medium': 'https://randomuser.me/api/portraits/med/women/52.jpg', 'thumbnail': 'https://randomuser.me/api/portraits/thumb/women/52.jpg'}</msg>
<arg>${json_data['results'][0]['picture']}</arg>
<doc>Logs the given message with the given level.</doc>
<status status="PASS" start="2024-06-23T23:14:43.083277" elapsed="0.000360"/>
</kw>
<status status="PASS" start="2024-06-23T23:14:42.995841" elapsed="0.088050"/>
</kw>
<kw name="Teste de Tipos de Dados - Postcode" owner="random-user-service">
<kw name="GET On Session" owner="RequestsLibrary">
<msg time="2024-06-23T23:14:43.191045" level="INFO">GET Request : url=https://randomuser.me/api 
 path_url=/api 
 headers={'User-Agent': 'python-requests/2.32.3', 'Accept-Encoding': 'gzip, deflate', 'Accept': '*/*', 'Connection': 'keep-alive'} 
 body=None 
 </msg>
<msg time="2024-06-23T23:14:43.191152" level="INFO">GET Response : url=https://randomuser.me/api 
 status=200, reason=OK 
 headers={'Date': 'Sun, 23 Jun 2024 23:14:43 GMT', 'Content-Type': 'application/json; charset=utf-8', 'Transfer-Encoding': 'chunked', 'Connection': 'keep-alive', 'X-Powered-By': 'Express', 'Access-Control-Allow-Origin': '*', 'Cache-Control': 'no-cache', 'ETag': 'W/"4a2-4Ylk6mMkAZX0BFlD006VkmoTV4k"', 'Vary': 'Accept-Encoding', 'Content-Encoding': 'gzip', 'CF-Cache-Status': 'DYNAMIC', 'Report-To': '{"endpoints":[{"url":"https:\\/\\/a.nel.cloudflare.com\\/report\\/v4?s=XQWIaKN7fM81LfQzKAcb7x0O%2B6khGFxg2ClpVWCIW8t7yT9gex1avfWb%2FWdcq5xDxrnG7LmOm4hIPooXHOyNPSNqjmc1cpqBUIQnsANKHSW5gvvHJ4fhGLmKJBspbJa6"}],"group":"cf-nel","max_age":604800}', 'NEL': '{"success_fraction":0,"report_to":"cf-nel","max_age":604800}', 'Server': 'cloudflare', 'CF-RAY': '89882d0b4d3207dd-IAD', 'alt-svc': 'h3=":443"; ma=86400'} 
 body={"results":[{"gender":"female","name":{"title":"Mrs","first":"Poliana","last":"Rocha"},"location":{"street":{"number":9090,"name":"Rua Alagoas "},"city":"Chapecó","state":"Pernambuco","country":"Brazil","postcode":26697,"coordinates":{"latitude":"-78.1854","longitude":"96.6847"},"timezone":{"offset":"+11:00","description":"Magadan, Solomon Islands, New Caledonia"}},"email":"poliana.rocha@example.com","login":{"uuid":"cd9fe139-2081-4e20-afc7-f94e6d30fc77","username":"heavyzebra658","password":"savannah","salt":"bHh5kdi8","md5":"1940fda7e92c7d960cbfc7c020487823","sha1":"0417b074c83785e17a2060f8485b9661e7219d34","sha256":"07ee0e17bc15c121b320010e70bf3b4bdccf474344f2a6036f6c902eeb1ef8c8"},"dob":{"date":"1962-03-24T13:23:57.932Z","age":62},"registered":{"date":"2020-03-04T11:17:48.670Z","age":4},"phone":"(82) 0974-4575","cell":"(33) 3514-0051","id":{"name":"CPF","value":"113.912.809-18"},"picture":{"large":"https://randomuser.me/api/portraits/women/39.jpg","medium":"https://randomuser.me/api/portraits/med/women/39.jpg","thumbnail":"https://randomuser.me/api/portraits/thumb/women/39.jpg"},"nat":"BR"}],"info":{"seed":"c83509b901bc4efa","results":1,"page":1,"version":"1.4"}} 
 </msg>
<msg time="2024-06-23T23:14:43.191233" level="INFO">/opt/hostedtoolcache/Python/3.12.4/x64/lib/python3.12/site-packages/urllib3/connectionpool.py:1099: InsecureRequestWarning: Unverified HTTPS request is being made to host 'randomuser.me'. Adding certificate verification is strongly advised. See: https://urllib3.readthedocs.io/en/latest/advanced-usage.html#tls-warnings
  warnings.warn(</msg>
<msg time="2024-06-23T23:14:43.191373" level="INFO">${response} = &lt;Response [200]&gt;</msg>
<var>${response}</var>
<arg>consultarAPI</arg>
<arg>/api</arg>
<doc>Sends a GET request on a previously created HTTP Session.</doc>
<status status="PASS" start="2024-06-23T23:14:43.084352" elapsed="0.107068"/>
</kw>
<kw name="Set Variable" owner="BuiltIn">
<msg time="2024-06-23T23:14:43.192636" level="INFO">${json_data} = {'results': [{'gender': 'female', 'name': {'title': 'Mrs', 'first': 'Poliana', 'last': 'Rocha'}, 'location': {'street': {'number': 9090, 'name': 'Rua Alagoas '}, 'city': 'Chapecó', 'state': 'Pernambuc...</msg>
<var>${json_data}</var>
<arg>${response.json()}</arg>
<doc>Returns the given values which can then be assigned to a variables.</doc>
<status status="PASS" start="2024-06-23T23:14:43.192030" elapsed="0.000635"/>
</kw>
<kw name="Log" owner="BuiltIn">
<msg time="2024-06-23T23:14:43.193125" level="INFO">{'results': [{'gender': 'female', 'name': {'title': 'Mrs', 'first': 'Poliana', 'last': 'Rocha'}, 'location': {'street': {'number': 9090, 'name': 'Rua Alagoas '}, 'city': 'Chapecó', 'state': 'Pernambuco', 'country': 'Brazil', 'postcode': 26697, 'coordinates': {'latitude': '-78.1854', 'longitude': '96.6847'}, 'timezone': {'offset': '+11:00', 'description': 'Magadan, Solomon Islands, New Caledonia'}}, 'email': 'poliana.rocha@example.com', 'login': {'uuid': 'cd9fe139-2081-4e20-afc7-f94e6d30fc77', 'username': 'heavyzebra658', 'password': 'savannah', 'salt': 'bHh5kdi8', 'md5': '1940fda7e92c7d960cbfc7c020487823', 'sha1': '0417b074c83785e17a2060f8485b9661e7219d34', 'sha256': '07ee0e17bc15c121b320010e70bf3b4bdccf474344f2a6036f6c902eeb1ef8c8'}, 'dob': {'date': '1962-03-24T13:23:57.932Z', 'age': 62}, 'registered': {'date': '2020-03-04T11:17:48.670Z', 'age': 4}, 'phone': '(82) 0974-4575', 'cell': '(33) 3514-0051', 'id': {'name': 'CPF', 'value': '113.912.809-18'}, 'picture': {'large': 'https://randomuser.me/api/portraits/women/39.jpg', 'medium': 'https://randomuser.me/api/portraits/med/women/39.jpg', 'thumbnail': 'https://randomuser.me/api/portraits/thumb/women/39.jpg'}, 'nat': 'BR'}], 'info': {'seed': 'c83509b901bc4efa', 'results': 1, 'page': 1, 'version': '1.4'}}</msg>
<arg>${json_data}</arg>
<doc>Logs the given message with the given level.</doc>
<status status="PASS" start="2024-06-23T23:14:43.192966" elapsed="0.000209"/>
</kw>
<kw name="Should Be Equal As Numbers" owner="BuiltIn">
<arg>${json_data['results'][0]['location']['postcode']}</arg>
<arg>${json_data['results'][0]['location']['postcode']}</arg>
<doc>Fails if objects are unequal after converting them to real numbers.</doc>
<status status="PASS" start="2024-06-23T23:14:43.193466" elapsed="0.000607"/>
</kw>
<kw name="Log" owner="BuiltIn">
<msg time="2024-06-23T23:14:43.194751" level="INFO">26697</msg>
<arg>${json_data['results'][0]['location']['postcode']}</arg>
<doc>Logs the given message with the given level.</doc>
<status status="PASS" start="2024-06-23T23:14:43.194255" elapsed="0.000537"/>
</kw>
<status status="PASS" start="2024-06-23T23:14:43.084105" elapsed="0.110968"/>
</kw>
<doc>Testa se os tipos de dados na resposta da API estão corretos.</doc>
<tag>testeTiposDados</tag>
<status status="PASS" start="2024-06-23T23:14:42.995298" elapsed="0.199940"/>
</test>
<test id="s1-s1-t5" name="Validar conteudo" line="35">
<kw name="Teste de Tipos de Conteudo" owner="random-user-service">
<kw name="GET On Session" owner="RequestsLibrary">
<msg time="2024-06-23T23:14:43.269318" level="INFO">GET Request : url=https://randomuser.me/api 
 path_url=/api 
 headers={'User-Agent': 'python-requests/2.32.3', 'Accept-Encoding': 'gzip, deflate', 'Accept': '*/*', 'Connection': 'keep-alive'} 
 body=None 
 </msg>
<msg time="2024-06-23T23:14:43.269398" level="INFO">GET Response : url=https://randomuser.me/api 
 status=200, reason=OK 
 headers={'Date': 'Sun, 23 Jun 2024 23:14:43 GMT', 'Content-Type': 'application/json; charset=utf-8', 'Transfer-Encoding': 'chunked', 'Connection': 'keep-alive', 'X-Powered-By': 'Express', 'Access-Control-Allow-Origin': '*', 'Cache-Control': 'no-cache', 'ETag': 'W/"499-uD7QUAVgYZ6JVN411joCLKYqfUk"', 'Vary': 'Accept-Encoding', 'Content-Encoding': 'gzip', 'CF-Cache-Status': 'DYNAMIC', 'Report-To': '{"endpoints":[{"url":"https:\\/\\/a.nel.cloudflare.com\\/report\\/v4?s=v3vsy6eoxjUmIdaTFrr79H5HrBjtBBW2qxRQZh33BXGcySazOBv3UxZrRZbPX7%2FHfm1Ke0nQBD8GzTbXvCGNQVHkBJgbpwlB6tPYwIbu7wWX11yTuXFJK97O66HUPdHt"}],"group":"cf-nel","max_age":604800}', 'NEL': '{"success_fraction":0,"report_to":"cf-nel","max_age":604800}', 'Server': 'cloudflare', 'CF-RAY': '89882d0bfe2b07dd-IAD', 'alt-svc': 'h3=":443"; ma=86400'} 
 body={"results":[{"gender":"female","name":{"title":"Miss","first":"Jaqueline","last":"Esparza"},"location":{"street":{"number":1002,"name":"Callejón Oaxaca"},"city":"Villa Orestes Pereyra","state":"Veracruz","country":"Mexico","postcode":66936,"coordinates":{"latitude":"21.6402","longitude":"1.2635"},"timezone":{"offset":"-2:00","description":"Mid-Atlantic"}},"email":"jaqueline.esparza@example.com","login":{"uuid":"842613fe-a1ed-4226-9f41-630eebd54679","username":"bigkoala315","password":"credit","salt":"h52ijAJ0","md5":"3a798747d0e94be7295f5fa4457f0cf5","sha1":"d31515e40eda5bb3be4a68f3f7641b062f54bf18","sha256":"3b82aa696475ab96e3046c7bc822a857d00708cf538feea23ae9b3e4f9575361"},"dob":{"date":"1944-12-02T15:44:40.525Z","age":79},"registered":{"date":"2019-12-31T02:09:50.123Z","age":4},"phone":"(678) 324 4619","cell":"(642) 407 9078","id":{"name":"NSS","value":"37 20 90 2486 0"},"picture":{"large":"https://randomuser.me/api/portraits/women/88.jpg","medium":"https://randomuser.me/api/portraits/med/women/88.jpg","thumbnail":"https://randomuser.me/api/portraits/thumb/women/88.jpg"},"nat":"MX"}],"info":{"seed":"59312297ac9982ff","results":1,"page":1,"version":"1.4"}} 
 </msg>
<msg time="2024-06-23T23:14:43.269470" level="INFO">/opt/hostedtoolcache/Python/3.12.4/x64/lib/python3.12/site-packages/urllib3/connectionpool.py:1099: InsecureRequestWarning: Unverified HTTPS request is being made to host 'randomuser.me'. Adding certificate verification is strongly advised. See: https://urllib3.readthedocs.io/en/latest/advanced-usage.html#tls-warnings
  warnings.warn(</msg>
<msg time="2024-06-23T23:14:43.269575" level="INFO">${response} = &lt;Response [200]&gt;</msg>
<var>${response}</var>
<arg>consultarAPI</arg>
<arg>/api</arg>
<doc>Sends a GET request on a previously created HTTP Session.</doc>
<status status="PASS" start="2024-06-23T23:14:43.197667" elapsed="0.071955"/>
</kw>
<kw name="Set Variable" owner="BuiltIn">
<msg time="2024-06-23T23:14:43.270423" level="INFO">${json_data} = {'results': [{'gender': 'female', 'name': {'title': 'Miss', 'first': 'Jaqueline', 'last': 'Esparza'}, 'location': {'street': {'number': 1002, 'name': 'Callejón Oaxaca'}, 'city': 'Villa Orestes Pereyra...</msg>
<var>${json_data}</var>
<arg>${response.json()}</arg>
<doc>Returns the given values which can then be assigned to a variables.</doc>
<status status="PASS" start="2024-06-23T23:14:43.269989" elapsed="0.000463"/>
</kw>
<kw name="Set Variable" owner="BuiltIn">
<msg time="2024-06-23T23:14:43.271134" level="INFO">${name_title} = Miss</msg>
<var>${name_title}</var>
<arg>${json_data["results"][0]["name"]["title"]}</arg>
<doc>Returns the given values which can then be assigned to a variables.</doc>
<status status="PASS" start="2024-06-23T23:14:43.270752" elapsed="0.000408"/>
</kw>
<kw name="Create List" owner="BuiltIn">
<msg time="2024-06-23T23:14:43.271597" level="INFO">${allowed_titles} = ['Mr', 'Ms', 'Miss', 'Mrs', 'Madame', 'Monsieur']</msg>
<var>${allowed_titles}</var>
<arg>Mr</arg>
<arg>Ms</arg>
<arg>Miss</arg>
<arg>Mrs</arg>
<arg>Madame</arg>
<arg>Monsieur</arg>
<doc>Returns a list containing given items.</doc>
<status status="PASS" start="2024-06-23T23:14:43.271449" elapsed="0.000172"/>
</kw>
<kw name="List Should Contain Value" owner="Collections">
<arg>${allowed_titles}</arg>
<arg>${name_title}</arg>
<doc>Fails if the ``value`` is not found from ``list``.</doc>
<status status="PASS" start="2024-06-23T23:14:43.271919" elapsed="0.000182"/>
</kw>
<kw name="Set Variable" owner="BuiltIn">
<msg time="2024-06-23T23:14:43.272684" level="INFO">${name_country} = MX</msg>
<var>${name_country}</var>
<arg>${json_data["results"][0]["nat"]}</arg>
<doc>Returns the given values which can then be assigned to a variables.</doc>
<status status="PASS" start="2024-06-23T23:14:43.272308" elapsed="0.000401"/>
</kw>
<kw name="Create List" owner="BuiltIn">
<msg time="2024-06-23T23:14:43.273585" level="INFO">${list_country} = ['AD', 'AE', 'AF', 'AG', 'AI', 'AL', 'AM', 'AO', 'AQ', 'AR', 'AS', 'AT', 'AU', 'AW', 'AX', 'AZ', 'BA', 'BB', 'BD', 'BE', 'BF', 'BG', 'BH', 'BI', 'BJ', 'BL', 'BM', 'BN', 'BO', 'BQ', 'BR', 'BS', 'BT', '...</msg>
<var>${list_country}</var>
<arg>AD</arg>
<arg>AE</arg>
<arg>AF</arg>
<arg>AG</arg>
<arg>AI</arg>
<arg>AL</arg>
<arg>AM</arg>
<arg>AO</arg>
<arg>AQ</arg>
<arg>AR</arg>
<arg>AS</arg>
<arg>AT</arg>
<arg>AU</arg>
<arg>AW</arg>
<arg>AX</arg>
<arg>AZ</arg>
<arg>BA</arg>
<arg>BB</arg>
<arg>BD</arg>
<arg>BE</arg>
<arg>BF</arg>
<arg>BG</arg>
<arg>BH</arg>
<arg>BI</arg>
<arg>BJ</arg>
<arg>BL</arg>
<arg>BM</arg>
<arg>BN</arg>
<arg>BO</arg>
<arg>BQ</arg>
<arg>BR</arg>
<arg>BS</arg>
<arg>BT</arg>
<arg>BV</arg>
<arg>BW</arg>
<arg>BY</arg>
<arg>BZ</arg>
<arg>CA</arg>
<arg>CC</arg>
<arg>CD</arg>
<arg>CF</arg>
<arg>CG</arg>
<arg>CH</arg>
<arg>CI</arg>
<arg>CK</arg>
<arg>CL</arg>
<arg>CM</arg>
<arg>CN</arg>
<arg>CO</arg>
<arg>CR</arg>
<arg>CU</arg>
<arg>CV</arg>
<arg>CW</arg>
<arg>CX</arg>
<arg>CY</arg>
<arg>CZ</arg>
<arg>DE</arg>
<arg>DJ</arg>
<arg>DK</arg>
<arg>DM</arg>
<arg>DO</arg>
<arg>DZ</arg>
<arg>EC</arg>
<arg>EE</arg>
<arg>EG</arg>
<arg>EH</arg>
<arg>ER</arg>
<arg>ES</arg>
<arg>ET</arg>
<arg>FI</arg>
<arg>FJ</arg>
<arg>FK</arg>
<arg>FM</arg>
<arg>FO</arg>
<arg>FR</arg>
<arg>GA</arg>
<arg>GB</arg>
<arg>GD</arg>
<arg>GE</arg>
<arg>GF</arg>
<arg>GG</arg>
<arg>GH</arg>
<arg>GI</arg>
<arg>GL</arg>
<arg>GM</arg>
<arg>GN</arg>
<arg>GP</arg>
<arg>GQ</arg>
<arg>GR</arg>
<arg>GS</arg>
<arg>GT</arg>
<arg>GU</arg>
<arg>GW</arg>
<arg>GY</arg>
<arg>HK</arg>
<arg>HM</arg>
<arg>HN</arg>
<arg>HR</arg>
<arg>HT</arg>
<arg>HU</arg>
<arg>ID</arg>
<arg>IE</arg>
<arg>IL</arg>
<arg>IM</arg>
<arg>IN</arg>
<arg>IO</arg>
<arg>IQ</arg>
<arg>IR</arg>
<arg>IS</arg>
<arg>IT</arg>
<arg>JE</arg>
<arg>JM</arg>
<arg>JO</arg>
<arg>JP</arg>
<arg>KE</arg>
<arg>KG</arg>
<arg>KH</arg>
<arg>KI</arg>
<arg>KM</arg>
<arg>KN</arg>
<arg>KP</arg>
<arg>KR</arg>
<arg>KW</arg>
<arg>KY</arg>
<arg>KZ</arg>
<arg>LA</arg>
<arg>LB</arg>
<arg>LC</arg>
<arg>LI</arg>
<arg>LK</arg>
<arg>LR</arg>
<arg>LS</arg>
<arg>LT</arg>
<arg>LU</arg>
<arg>LV</arg>
<arg>LY</arg>
<arg>MA</arg>
<arg>MC</arg>
<arg>MD</arg>
<arg>ME</arg>
<arg>MF</arg>
<arg>MG</arg>
<arg>MH</arg>
<arg>MK</arg>
<arg>ML</arg>
<arg>MM</arg>
<arg>MN</arg>
<arg>MO</arg>
<arg>MP</arg>
<arg>MQ</arg>
<arg>MR</arg>
<arg>MS</arg>
<arg>MT</arg>
<arg>MU</arg>
<arg>MV</arg>
<arg>MW</arg>
<arg>MX</arg>
<arg>MY</arg>
<arg>MZ</arg>
<arg>NA</arg>
<arg>NC</arg>
<arg>NE</arg>
<arg>NF</arg>
<arg>NG</arg>
<arg>NI</arg>
<arg>NL</arg>
<arg>NO</arg>
<arg>NP</arg>
<arg>NR</arg>
<arg>NU</arg>
<arg>NZ</arg>
<arg>OM</arg>
<arg>PA</arg>
<arg>PE</arg>
<arg>PF</arg>
<arg>PG</arg>
<arg>PH</arg>
<arg>PK</arg>
<arg>PL</arg>
<arg>PM</arg>
<arg>PN</arg>
<arg>PR</arg>
<arg>PS</arg>
<arg>PT</arg>
<arg>PW</arg>
<arg>PY</arg>
<arg>QA</arg>
<arg>RE</arg>
<arg>RO</arg>
<arg>RS</arg>
<arg>RU</arg>
<arg>RW</arg>
<arg>SA</arg>
<arg>SB</arg>
<arg>SC</arg>
<arg>SD</arg>
<arg>SE</arg>
<arg>SG</arg>
<arg>SH</arg>
<arg>SI</arg>
<arg>SJ</arg>
<arg>SK</arg>
<arg>SL</arg>
<arg>SM</arg>
<arg>SN</arg>
<arg>SO</arg>
<arg>SR</arg>
<arg>SS</arg>
<arg>ST</arg>
<arg>SV</arg>
<arg>SX</arg>
<arg>SY</arg>
<arg>SZ</arg>
<arg>TC</arg>
<arg>TD</arg>
<arg>TF</arg>
<arg>TG</arg>
<arg>TH</arg>
<arg>TJ</arg>
<arg>TK</arg>
<arg>TL</arg>
<arg>TM</arg>
<arg>TN</arg>
<arg>TO</arg>
<arg>TR</arg>
<arg>TT</arg>
<arg>TV</arg>
<arg>TW</arg>
<arg>TZ</arg>
<arg>UA</arg>
<arg>UG</arg>
<arg>UM</arg>
<arg>US</arg>
<arg>UY</arg>
<arg>UZ</arg>
<arg>VA</arg>
<arg>VC</arg>
<arg>VE</arg>
<arg>VG</arg>
<arg>VI</arg>
<arg>VN</arg>
<arg>VU</arg>
<arg>WF</arg>
<arg>WS</arg>
<arg>XK</arg>
<arg>YE</arg>
<arg>YT</arg>
<arg>ZA</arg>
<arg>ZM</arg>
<arg>ZW</arg>
<doc>Returns a list containing given items.</doc>
<status status="PASS" start="2024-06-23T23:14:43.272994" elapsed="0.000616"/>
</kw>
<kw name="List Should Contain Value" owner="Collections">
<arg>${list_country}</arg>
<arg>${name_country}</arg>
<doc>Fails if the ``value`` is not found from ``list``.</doc>
<status status="PASS" start="2024-06-23T23:14:43.274395" elapsed="0.000202"/>
</kw>
<kw name="Run Keyword If" owner="BuiltIn">
<kw name="Should Be True" owner="BuiltIn">
<arg>${True}</arg>
<doc>Fails if the given condition is not true.</doc>
<status status="PASS" start="2024-06-23T23:14:43.275516" elapsed="0.000140"/>
</kw>
<arg>${json_data["results"][0]["location"]["coordinates"]["latitude"]} &gt;= -90 and ${json_data["results"][0]["location"]["coordinates"]["latitude"]} &lt;= 90</arg>
<arg>Should Be True</arg>
<arg>${True}</arg>
<doc>Runs the given keyword with the given arguments, if ``condition`` is true.</doc>
<status status="PASS" start="2024-06-23T23:14:43.274792" elapsed="0.000987"/>
</kw>
<kw name="Run Keyword If" owner="BuiltIn">
<kw name="Should Be True" owner="BuiltIn">
<arg>${True}</arg>
<doc>Fails if the given condition is not true.</doc>
<status status="PASS" start="2024-06-23T23:14:43.276652" elapsed="0.000228"/>
</kw>
<arg>${json_data["results"][0]["location"]["coordinates"]["longitude"]} &gt;= -180 and ${json_data["results"][0]["location"]["coordinates"]["longitude"]} &lt;= 180</arg>
<arg>Should Be True</arg>
<arg>${True}</arg>
<doc>Runs the given keyword with the given arguments, if ``condition`` is true.</doc>
<status status="PASS" start="2024-06-23T23:14:43.275952" elapsed="0.001053"/>
</kw>
<status status="PASS" start="2024-06-23T23:14:43.197447" elapsed="0.079686"/>
</kw>
<doc>Testa o conteúdo específico dos campos retornados pela API.</doc>
<tag>testeConteudo</tag>
<status status="PASS" start="2024-06-23T23:14:43.197006" elapsed="0.080266"/>
</test>
<status status="PASS" start="2024-06-23T23:14:42.330073" elapsed="0.949061"/>
</suite>
<status status="PASS" start="2024-06-23T23:14:42.315794" elapsed="0.968308"/>
</suite>
<statistics>
<total>
<stat pass="5" fail="0" skip="0">All Tests</stat>
</total>
<tag>
<stat pass="1" fail="0" skip="0">testeConteudo</stat>
<stat pass="1" fail="0" skip="0">testeEstruturaResposta</stat>
<stat pass="1" fail="0" skip="0">testeRequisicaoBasica</stat>
<stat pass="1" fail="0" skip="0">testeTiposDados</stat>
</tag>
<suite>
<stat pass="5" fail="0" skip="0" id="s1" name="Tests">Tests</stat>
<stat pass="5" fail="0" skip="0" id="s1-s1" name="Random-User-Test">Tests.Random-User-Test</stat>
</suite>
</statistics>
<errors>
</errors>
</robot>
