<?xml version="1.0" encoding="UTF-8"?>
<robot generator="Robot 7.0.1 (Python 3.12.4 on linux)" generated="2024-07-31T16:19:02.100583" rpa="false" schemaversion="5">
<suite id="s1" name="Tests" source="/home/runner/work/ApiRandomUser/ApiRandomUser/RamdonUser/tests">
<suite id="s1-s1" name="Random-User-Test" source="/home/runner/work/ApiRandomUser/ApiRandomUser/RamdonUser/tests/random-user-test.robot">
<test id="s1-s1-t1" name="Conectar" line="13">
<kw name="Conectar API" owner="random-user-service">
<kw name="Create Session" owner="RequestsLibrary">
<msg time="2024-07-31T16:19:02.512943" level="INFO">Creating Session using : alias=consultarAPI, url=https://randomuser.me/, headers={},                     cookies={}, auth=None, timeout=None, proxies=None, verify=False,                     debug=0 </msg>
<arg>consultarAPI</arg>
<arg>${URL}</arg>
<doc>Create Session: create a HTTP session to a server</doc>
<status status="PASS" start="2024-07-31T16:19:02.512730" elapsed="0.000417"/>
</kw>
<status status="PASS" start="2024-07-31T16:19:02.511619" elapsed="0.001909"/>
</kw>
<status status="PASS" start="2024-07-31T16:19:02.510961" elapsed="0.002775"/>
</test>
<test id="s1-s1-t2" name="Validar retorno 200 e JSON Válido" line="16">
<kw name="Teste de Requisicao Basica" owner="random-user-service">
<kw name="GET On Session" owner="RequestsLibrary">
<msg time="2024-07-31T16:19:02.689710" level="INFO">GET Request : url=https://randomuser.me/api 
 path_url=/api 
 headers={'User-Agent': 'python-requests/2.32.3', 'Accept-Encoding': 'gzip, deflate', 'Accept': '*/*', 'Connection': 'keep-alive'} 
 body=None 
 </msg>
<msg time="2024-07-31T16:19:02.689877" level="INFO">GET Response : url=https://randomuser.me/api 
 status=200, reason=OK 
 headers={'Date': 'Wed, 31 Jul 2024 16:19:02 GMT', 'Content-Type': 'application/json; charset=utf-8', 'Transfer-Encoding': 'chunked', 'Connection': 'keep-alive', 'X-Powered-By': 'Express', 'Access-Control-Allow-Origin': '*', 'Cache-Control': 'no-cache', 'ETag': 'W/"497-8lVuQkQ5RlbstO30Y/9QuETKEG8"', 'Vary': 'Accept-Encoding', 'Content-Encoding': 'gzip', 'CF-Cache-Status': 'DYNAMIC', 'Report-To': '{"endpoints":[{"url":"https:\\/\\/a.nel.cloudflare.com\\/report\\/v4?s=3CQTVAgN8aj3gpAm5EVerMtmr24W32je6Wd%2FSmlQtVfr1MmjBh5ocvMPUxy%2FMOoZUpDeQ4XYlw1m6R92GLVsb5ZOHctMOrtjXz62fHev7aej7wfyQZqShEEaHo9vW160"}],"group":"cf-nel","max_age":604800}', 'NEL': '{"success_fraction":0,"report_to":"cf-nel","max_age":604800}', 'Server': 'cloudflare', 'CF-RAY': '8abee864ff1b81ff-IAD', 'alt-svc': 'h3=":443"; ma=86400'} 
 body={"results":[{"gender":"male","name":{"title":"Mr","first":"Clifford","last":"Roberts"},"location":{"street":{"number":7867,"name":"First Street"},"city":"Coppell","state":"Montana","country":"United States","postcode":38420,"coordinates":{"latitude":"84.9879","longitude":"-10.3631"},"timezone":{"offset":"+4:00","description":"Abu Dhabi, Muscat, Baku, Tbilisi"}},"email":"clifford.roberts@example.com","login":{"uuid":"2cac4385-3536-45fe-b337-f437e09a19a8","username":"blueladybug958","password":"cabron","salt":"lwozv06S","md5":"adde356d6134c12572e1636df9ddde2d","sha1":"9bee2081df183602085a6701b28a72d36d7aab83","sha256":"ef9d35b01b734b3dedd8277521ac87ee25b6adf6be332a75165bee2056eb32a7"},"dob":{"date":"1961-09-18T04:47:13.097Z","age":62},"registered":{"date":"2006-05-17T19:30:18.182Z","age":18},"phone":"(905) 716-6578","cell":"(216) 302-9257","id":{"name":"SSN","value":"828-51-6119"},"picture":{"large":"https://randomuser.me/api/portraits/men/47.jpg","medium":"https://randomuser.me/api/portraits/med/men/47.jpg","thumbnail":"https://randomuser.me/api/portraits/thumb/men/47.jpg"},"nat":"US"}],"info":{"seed":"8fb003b54b9ae90a","results":1,"page":1,"version":"1.4"}} 
 </msg>
<msg time="2024-07-31T16:19:02.689967" level="INFO">/opt/hostedtoolcache/Python/3.12.4/x64/lib/python3.12/site-packages/urllib3/connectionpool.py:1099: InsecureRequestWarning: Unverified HTTPS request is being made to host 'randomuser.me'. Adding certificate verification is strongly advised. See: https://urllib3.readthedocs.io/en/latest/advanced-usage.html#tls-warnings
  warnings.warn(</msg>
<msg time="2024-07-31T16:19:02.690107" level="INFO">${response} = &lt;Response [200]&gt;</msg>
<var>${response}</var>
<arg>consultarAPI</arg>
<arg>/api</arg>
<doc>Sends a GET request on a previously created HTTP Session.</doc>
<status status="PASS" start="2024-07-31T16:19:02.516512" elapsed="0.173640"/>
</kw>
<kw name="Should Be Equal As Numbers" owner="BuiltIn">
<msg time="2024-07-31T16:19:02.691190" level="INFO">Argument types are:
&lt;class 'int'&gt;
&lt;class 'str'&gt;</msg>
<arg>${response.status_code}</arg>
<arg>200</arg>
<doc>Fails if objects are unequal after converting them to real numbers.</doc>
<status status="PASS" start="2024-07-31T16:19:02.690722" elapsed="0.000536"/>
</kw>
<kw name="Log" owner="BuiltIn">
<msg time="2024-07-31T16:19:02.691972" level="INFO">200</msg>
<arg>${response.status_code}</arg>
<doc>Logs the given message with the given level.</doc>
<status status="PASS" start="2024-07-31T16:19:02.691616" elapsed="0.000399"/>
</kw>
<kw name="Set Variable" owner="BuiltIn">
<msg time="2024-07-31T16:19:02.692766" level="INFO">${json_data} = {'results': [{'gender': 'male', 'name': {'title': 'Mr', 'first': 'Clifford', 'last': 'Roberts'}, 'location': {'street': {'number': 7867, 'name': 'First Street'}, 'city': 'Coppell', 'state': 'Montana',...</msg>
<var>${json_data}</var>
<arg>${response.json()}</arg>
<doc>Returns the given values which can then be assigned to a variables.</doc>
<status status="PASS" start="2024-07-31T16:19:02.692325" elapsed="0.000471"/>
</kw>
<kw name="Dictionary Should Contain Key" owner="Collections">
<arg>${json_data}</arg>
<arg>results</arg>
<doc>Fails if ``key`` is not found from ``dictionary``.</doc>
<status status="PASS" start="2024-07-31T16:19:02.693101" elapsed="0.000331"/>
</kw>
<status status="PASS" start="2024-07-31T16:19:02.516247" elapsed="0.177346"/>
</kw>
<doc>Testa se a API responde corretamente e retorna um objeto JSON válido.</doc>
<tag>testeRequisicaoBasica</tag>
<status status="PASS" start="2024-07-31T16:19:02.515731" elapsed="0.178045"/>
</test>
<test id="s1-s1-t3" name="Validar estrutura de resposta" line="22">
<kw name="Teste de Estrutura de Resposta" owner="random-user-service">
<kw name="GET On Session" owner="RequestsLibrary">
<msg time="2024-07-31T16:19:02.788341" level="INFO">GET Request : url=https://randomuser.me/api 
 path_url=/api 
 headers={'User-Agent': 'python-requests/2.32.3', 'Accept-Encoding': 'gzip, deflate', 'Accept': '*/*', 'Connection': 'keep-alive'} 
 body=None 
 </msg>
<msg time="2024-07-31T16:19:02.788455" level="INFO">GET Response : url=https://randomuser.me/api 
 status=200, reason=OK 
 headers={'Date': 'Wed, 31 Jul 2024 16:19:02 GMT', 'Content-Type': 'application/json; charset=utf-8', 'Transfer-Encoding': 'chunked', 'Connection': 'keep-alive', 'X-Powered-By': 'Express', 'Access-Control-Allow-Origin': '*', 'Cache-Control': 'no-cache', 'ETag': 'W/"491-nlxzLASR6AP6Yl/kgMQfZ0H6aqA"', 'Vary': 'Accept-Encoding', 'Content-Encoding': 'gzip', 'CF-Cache-Status': 'DYNAMIC', 'Report-To': '{"endpoints":[{"url":"https:\\/\\/a.nel.cloudflare.com\\/report\\/v4?s=sp9MJayUh19FPYoRBmTJOzYDKpppghEEFvys2r9SUnNMdBMG4%2Fvuf24DDgHRffnMAY%2BOhltRLJEuT%2FcQL2aLOxlScMmb5UR0A4UV4AGAUYq0GyYuzYiGWghlLRetxe80"}],"group":"cf-nel","max_age":604800}', 'NEL': '{"success_fraction":0,"report_to":"cf-nel","max_age":604800}', 'Server': 'cloudflare', 'CF-RAY': '8abee865efee81ff-IAD', 'alt-svc': 'h3=":443"; ma=86400'} 
 body={"results":[{"gender":"female","name":{"title":"Miss","first":"Ella","last":"Anderson"},"location":{"street":{"number":9589,"name":"Wellington St"},"city":"Glenwood","state":"Saskatchewan","country":"Canada","postcode":"A3K 3B9","coordinates":{"latitude":"-66.2539","longitude":"62.7312"},"timezone":{"offset":"-12:00","description":"Eniwetok, Kwajalein"}},"email":"ella.anderson@example.com","login":{"uuid":"6030ff6e-9469-46b8-b160-1b2718dc1da3","username":"beautifulbutterfly724","password":"goochi","salt":"rAJAQGEh","md5":"82407d70767766ee10b35987968a7216","sha1":"860f00fcdf02805dac7fe12494ace76678ea26bd","sha256":"1b5629424a5fe4d66e3faf30836830b937931f4de288f05caaaf9e848e37c6f6"},"dob":{"date":"1955-01-26T10:50:15.937Z","age":69},"registered":{"date":"2011-10-21T11:38:19.901Z","age":12},"phone":"N87 C86-1680","cell":"Q45 W98-3761","id":{"name":"SIN","value":"389039603"},"picture":{"large":"https://randomuser.me/api/portraits/women/9.jpg","medium":"https://randomuser.me/api/portraits/med/women/9.jpg","thumbnail":"https://randomuser.me/api/portraits/thumb/women/9.jpg"},"nat":"CA"}],"info":{"seed":"ef16cf28f1d0c72d","results":1,"page":1,"version":"1.4"}} 
 </msg>
<msg time="2024-07-31T16:19:02.788609" level="INFO">/opt/hostedtoolcache/Python/3.12.4/x64/lib/python3.12/site-packages/urllib3/connectionpool.py:1099: InsecureRequestWarning: Unverified HTTPS request is being made to host 'randomuser.me'. Adding certificate verification is strongly advised. See: https://urllib3.readthedocs.io/en/latest/advanced-usage.html#tls-warnings
  warnings.warn(</msg>
<msg time="2024-07-31T16:19:02.788785" level="INFO">${response} = &lt;Response [200]&gt;</msg>
<var>${response}</var>
<arg>consultarAPI</arg>
<arg>/api</arg>
<doc>Sends a GET request on a previously created HTTP Session.</doc>
<status status="PASS" start="2024-07-31T16:19:02.696525" elapsed="0.092304"/>
</kw>
<kw name="Set Variable" owner="BuiltIn">
<msg time="2024-07-31T16:19:02.789908" level="INFO">${json_data} = {'results': [{'gender': 'female', 'name': {'title': 'Miss', 'first': 'Ella', 'last': 'Anderson'}, 'location': {'street': {'number': 9589, 'name': 'Wellington St'}, 'city': 'Glenwood', 'state': 'Saskat...</msg>
<var>${json_data}</var>
<arg>${response.json()}</arg>
<doc>Returns the given values which can then be assigned to a variables.</doc>
<status status="PASS" start="2024-07-31T16:19:02.789398" elapsed="0.000538"/>
</kw>
<kw name="Log" owner="BuiltIn">
<msg time="2024-07-31T16:19:02.790415" level="INFO">{'results': [{'gender': 'female', 'name': {'title': 'Miss', 'first': 'Ella', 'last': 'Anderson'}, 'location': {'street': {'number': 9589, 'name': 'Wellington St'}, 'city': 'Glenwood', 'state': 'Saskatchewan', 'country': 'Canada', 'postcode': 'A3K 3B9', 'coordinates': {'latitude': '-66.2539', 'longitude': '62.7312'}, 'timezone': {'offset': '-12:00', 'description': 'Eniwetok, Kwajalein'}}, 'email': 'ella.anderson@example.com', 'login': {'uuid': '6030ff6e-9469-46b8-b160-1b2718dc1da3', 'username': 'beautifulbutterfly724', 'password': 'goochi', 'salt': 'rAJAQGEh', 'md5': '82407d70767766ee10b35987968a7216', 'sha1': '860f00fcdf02805dac7fe12494ace76678ea26bd', 'sha256': '1b5629424a5fe4d66e3faf30836830b937931f4de288f05caaaf9e848e37c6f6'}, 'dob': {'date': '1955-01-26T10:50:15.937Z', 'age': 69}, 'registered': {'date': '2011-10-21T11:38:19.901Z', 'age': 12}, 'phone': 'N87 C86-1680', 'cell': 'Q45 W98-3761', 'id': {'name': 'SIN', 'value': '389039603'}, 'picture': {'large': 'https://randomuser.me/api/portraits/women/9.jpg', 'medium': 'https://randomuser.me/api/portraits/med/women/9.jpg', 'thumbnail': 'https://randomuser.me/api/portraits/thumb/women/9.jpg'}, 'nat': 'CA'}], 'info': {'seed': 'ef16cf28f1d0c72d', 'results': 1, 'page': 1, 'version': '1.4'}}</msg>
<arg>${json_data}</arg>
<doc>Logs the given message with the given level.</doc>
<status status="PASS" start="2024-07-31T16:19:02.790246" elapsed="0.000217"/>
</kw>
<kw name="Dictionary Should Contain Key" owner="Collections">
<arg>${json_data}</arg>
<arg>results</arg>
<doc>Fails if ``key`` is not found from ``dictionary``.</doc>
<status status="PASS" start="2024-07-31T16:19:02.790758" elapsed="0.000166"/>
</kw>
<kw name="Should Not Be Empty" owner="BuiltIn">
<msg time="2024-07-31T16:19:02.791230" level="INFO">Length is 2.</msg>
<arg>${json_data}</arg>
<doc>Verifies that the given item is not empty.</doc>
<status status="PASS" start="2024-07-31T16:19:02.791106" elapsed="0.000161"/>
</kw>
<kw name="Create List" owner="BuiltIn">
<msg time="2024-07-31T16:19:02.791765" level="INFO">${expected_keys} = ['gender', 'name', 'location', 'email', 'login']</msg>
<var>${expected_keys}</var>
<arg>gender</arg>
<arg>name</arg>
<arg>location</arg>
<arg>email</arg>
<arg>login</arg>
<doc>Returns a list containing given items.</doc>
<status status="PASS" start="2024-07-31T16:19:02.791588" elapsed="0.000208"/>
</kw>
<for flavor="IN">
<iter>
<kw name="Dictionary Should Contain Key" owner="Collections">
<arg>${json_data['results'][0]}</arg>
<arg>${key}</arg>
<doc>Fails if ``key`` is not found from ``dictionary``.</doc>
<status status="PASS" start="2024-07-31T16:19:02.792409" elapsed="0.000422"/>
</kw>
<kw name="Log" owner="BuiltIn">
<msg time="2024-07-31T16:19:02.793384" level="INFO">{'gender': 'female', 'name': {'title': 'Miss', 'first': 'Ella', 'last': 'Anderson'}, 'location': {'street': {'number': 9589, 'name': 'Wellington St'}, 'city': 'Glenwood', 'state': 'Saskatchewan', 'country': 'Canada', 'postcode': 'A3K 3B9', 'coordinates': {'latitude': '-66.2539', 'longitude': '62.7312'}, 'timezone': {'offset': '-12:00', 'description': 'Eniwetok, Kwajalein'}}, 'email': 'ella.anderson@example.com', 'login': {'uuid': '6030ff6e-9469-46b8-b160-1b2718dc1da3', 'username': 'beautifulbutterfly724', 'password': 'goochi', 'salt': 'rAJAQGEh', 'md5': '82407d70767766ee10b35987968a7216', 'sha1': '860f00fcdf02805dac7fe12494ace76678ea26bd', 'sha256': '1b5629424a5fe4d66e3faf30836830b937931f4de288f05caaaf9e848e37c6f6'}, 'dob': {'date': '1955-01-26T10:50:15.937Z', 'age': 69}, 'registered': {'date': '2011-10-21T11:38:19.901Z', 'age': 12}, 'phone': 'N87 C86-1680', 'cell': 'Q45 W98-3761', 'id': {'name': 'SIN', 'value': '389039603'}, 'picture': {'large': 'https://randomuser.me/api/portraits/women/9.jpg', 'medium': 'https://randomuser.me/api/portraits/med/women/9.jpg', 'thumbnail': 'https://randomuser.me/api/portraits/thumb/women/9.jpg'}, 'nat': 'CA'}</msg>
<arg>${json_data['results'][0]}</arg>
<doc>Logs the given message with the given level.</doc>
<status status="PASS" start="2024-07-31T16:19:02.793025" elapsed="0.000408"/>
</kw>
<kw name="Log" owner="BuiltIn">
<msg time="2024-07-31T16:19:02.793868" level="INFO">gender</msg>
<arg>${key}</arg>
<doc>Logs the given message with the given level.</doc>
<status status="PASS" start="2024-07-31T16:19:02.793736" elapsed="0.000171"/>
</kw>
<var name="${key}">gender</var>
<status status="PASS" start="2024-07-31T16:19:02.792277" elapsed="0.001845"/>
</iter>
<iter>
<kw name="Dictionary Should Contain Key" owner="Collections">
<arg>${json_data['results'][0]}</arg>
<arg>${key}</arg>
<doc>Fails if ``key`` is not found from ``dictionary``.</doc>
<status status="PASS" start="2024-07-31T16:19:02.794419" elapsed="0.000388"/>
</kw>
<kw name="Log" owner="BuiltIn">
<msg time="2024-07-31T16:19:02.795339" level="INFO">{'gender': 'female', 'name': {'title': 'Miss', 'first': 'Ella', 'last': 'Anderson'}, 'location': {'street': {'number': 9589, 'name': 'Wellington St'}, 'city': 'Glenwood', 'state': 'Saskatchewan', 'country': 'Canada', 'postcode': 'A3K 3B9', 'coordinates': {'latitude': '-66.2539', 'longitude': '62.7312'}, 'timezone': {'offset': '-12:00', 'description': 'Eniwetok, Kwajalein'}}, 'email': 'ella.anderson@example.com', 'login': {'uuid': '6030ff6e-9469-46b8-b160-1b2718dc1da3', 'username': 'beautifulbutterfly724', 'password': 'goochi', 'salt': 'rAJAQGEh', 'md5': '82407d70767766ee10b35987968a7216', 'sha1': '860f00fcdf02805dac7fe12494ace76678ea26bd', 'sha256': '1b5629424a5fe4d66e3faf30836830b937931f4de288f05caaaf9e848e37c6f6'}, 'dob': {'date': '1955-01-26T10:50:15.937Z', 'age': 69}, 'registered': {'date': '2011-10-21T11:38:19.901Z', 'age': 12}, 'phone': 'N87 C86-1680', 'cell': 'Q45 W98-3761', 'id': {'name': 'SIN', 'value': '389039603'}, 'picture': {'large': 'https://randomuser.me/api/portraits/women/9.jpg', 'medium': 'https://randomuser.me/api/portraits/med/women/9.jpg', 'thumbnail': 'https://randomuser.me/api/portraits/thumb/women/9.jpg'}, 'nat': 'CA'}</msg>
<arg>${json_data['results'][0]}</arg>
<doc>Logs the given message with the given level.</doc>
<status status="PASS" start="2024-07-31T16:19:02.794988" elapsed="0.000435"/>
</kw>
<kw name="Log" owner="BuiltIn">
<msg time="2024-07-31T16:19:02.795903" level="INFO">name</msg>
<arg>${key}</arg>
<doc>Logs the given message with the given level.</doc>
<status status="PASS" start="2024-07-31T16:19:02.795766" elapsed="0.000177"/>
</kw>
<var name="${key}">name</var>
<status status="PASS" start="2024-07-31T16:19:02.794309" elapsed="0.001851"/>
</iter>
<iter>
<kw name="Dictionary Should Contain Key" owner="Collections">
<arg>${json_data['results'][0]}</arg>
<arg>${key}</arg>
<doc>Fails if ``key`` is not found from ``dictionary``.</doc>
<status status="PASS" start="2024-07-31T16:19:02.796446" elapsed="0.000384"/>
</kw>
<kw name="Log" owner="BuiltIn">
<msg time="2024-07-31T16:19:02.797383" level="INFO">{'gender': 'female', 'name': {'title': 'Miss', 'first': 'Ella', 'last': 'Anderson'}, 'location': {'street': {'number': 9589, 'name': 'Wellington St'}, 'city': 'Glenwood', 'state': 'Saskatchewan', 'country': 'Canada', 'postcode': 'A3K 3B9', 'coordinates': {'latitude': '-66.2539', 'longitude': '62.7312'}, 'timezone': {'offset': '-12:00', 'description': 'Eniwetok, Kwajalein'}}, 'email': 'ella.anderson@example.com', 'login': {'uuid': '6030ff6e-9469-46b8-b160-1b2718dc1da3', 'username': 'beautifulbutterfly724', 'password': 'goochi', 'salt': 'rAJAQGEh', 'md5': '82407d70767766ee10b35987968a7216', 'sha1': '860f00fcdf02805dac7fe12494ace76678ea26bd', 'sha256': '1b5629424a5fe4d66e3faf30836830b937931f4de288f05caaaf9e848e37c6f6'}, 'dob': {'date': '1955-01-26T10:50:15.937Z', 'age': 69}, 'registered': {'date': '2011-10-21T11:38:19.901Z', 'age': 12}, 'phone': 'N87 C86-1680', 'cell': 'Q45 W98-3761', 'id': {'name': 'SIN', 'value': '389039603'}, 'picture': {'large': 'https://randomuser.me/api/portraits/women/9.jpg', 'medium': 'https://randomuser.me/api/portraits/med/women/9.jpg', 'thumbnail': 'https://randomuser.me/api/portraits/thumb/women/9.jpg'}, 'nat': 'CA'}</msg>
<arg>${json_data['results'][0]}</arg>
<doc>Logs the given message with the given level.</doc>
<status status="PASS" start="2024-07-31T16:19:02.797021" elapsed="0.000411"/>
</kw>
<kw name="Log" owner="BuiltIn">
<msg time="2024-07-31T16:19:02.797866" level="INFO">location</msg>
<arg>${key}</arg>
<doc>Logs the given message with the given level.</doc>
<status status="PASS" start="2024-07-31T16:19:02.797734" elapsed="0.000169"/>
</kw>
<var name="${key}">location</var>
<status status="PASS" start="2024-07-31T16:19:02.796338" elapsed="0.001779"/>
</iter>
<iter>
<kw name="Dictionary Should Contain Key" owner="Collections">
<arg>${json_data['results'][0]}</arg>
<arg>${key}</arg>
<doc>Fails if ``key`` is not found from ``dictionary``.</doc>
<status status="PASS" start="2024-07-31T16:19:02.798397" elapsed="0.000377"/>
</kw>
<kw name="Log" owner="BuiltIn">
<msg time="2024-07-31T16:19:02.799441" level="INFO">{'gender': 'female', 'name': {'title': 'Miss', 'first': 'Ella', 'last': 'Anderson'}, 'location': {'street': {'number': 9589, 'name': 'Wellington St'}, 'city': 'Glenwood', 'state': 'Saskatchewan', 'country': 'Canada', 'postcode': 'A3K 3B9', 'coordinates': {'latitude': '-66.2539', 'longitude': '62.7312'}, 'timezone': {'offset': '-12:00', 'description': 'Eniwetok, Kwajalein'}}, 'email': 'ella.anderson@example.com', 'login': {'uuid': '6030ff6e-9469-46b8-b160-1b2718dc1da3', 'username': 'beautifulbutterfly724', 'password': 'goochi', 'salt': 'rAJAQGEh', 'md5': '82407d70767766ee10b35987968a7216', 'sha1': '860f00fcdf02805dac7fe12494ace76678ea26bd', 'sha256': '1b5629424a5fe4d66e3faf30836830b937931f4de288f05caaaf9e848e37c6f6'}, 'dob': {'date': '1955-01-26T10:50:15.937Z', 'age': 69}, 'registered': {'date': '2011-10-21T11:38:19.901Z', 'age': 12}, 'phone': 'N87 C86-1680', 'cell': 'Q45 W98-3761', 'id': {'name': 'SIN', 'value': '389039603'}, 'picture': {'large': 'https://randomuser.me/api/portraits/women/9.jpg', 'medium': 'https://randomuser.me/api/portraits/med/women/9.jpg', 'thumbnail': 'https://randomuser.me/api/portraits/thumb/women/9.jpg'}, 'nat': 'CA'}</msg>
<arg>${json_data['results'][0]}</arg>
<doc>Logs the given message with the given level.</doc>
<status status="PASS" start="2024-07-31T16:19:02.799089" elapsed="0.000409"/>
</kw>
<kw name="Log" owner="BuiltIn">
<msg time="2024-07-31T16:19:02.799965" level="INFO">email</msg>
<arg>${key}</arg>
<doc>Logs the given message with the given level.</doc>
<status status="PASS" start="2024-07-31T16:19:02.799833" elapsed="0.000171"/>
</kw>
<var name="${key}">email</var>
<status status="PASS" start="2024-07-31T16:19:02.798289" elapsed="0.001931"/>
</iter>
<iter>
<kw name="Dictionary Should Contain Key" owner="Collections">
<arg>${json_data['results'][0]}</arg>
<arg>${key}</arg>
<doc>Fails if ``key`` is not found from ``dictionary``.</doc>
<status status="PASS" start="2024-07-31T16:19:02.800501" elapsed="0.000377"/>
</kw>
<kw name="Log" owner="BuiltIn">
<msg time="2024-07-31T16:19:02.801410" level="INFO">{'gender': 'female', 'name': {'title': 'Miss', 'first': 'Ella', 'last': 'Anderson'}, 'location': {'street': {'number': 9589, 'name': 'Wellington St'}, 'city': 'Glenwood', 'state': 'Saskatchewan', 'country': 'Canada', 'postcode': 'A3K 3B9', 'coordinates': {'latitude': '-66.2539', 'longitude': '62.7312'}, 'timezone': {'offset': '-12:00', 'description': 'Eniwetok, Kwajalein'}}, 'email': 'ella.anderson@example.com', 'login': {'uuid': '6030ff6e-9469-46b8-b160-1b2718dc1da3', 'username': 'beautifulbutterfly724', 'password': 'goochi', 'salt': 'rAJAQGEh', 'md5': '82407d70767766ee10b35987968a7216', 'sha1': '860f00fcdf02805dac7fe12494ace76678ea26bd', 'sha256': '1b5629424a5fe4d66e3faf30836830b937931f4de288f05caaaf9e848e37c6f6'}, 'dob': {'date': '1955-01-26T10:50:15.937Z', 'age': 69}, 'registered': {'date': '2011-10-21T11:38:19.901Z', 'age': 12}, 'phone': 'N87 C86-1680', 'cell': 'Q45 W98-3761', 'id': {'name': 'SIN', 'value': '389039603'}, 'picture': {'large': 'https://randomuser.me/api/portraits/women/9.jpg', 'medium': 'https://randomuser.me/api/portraits/med/women/9.jpg', 'thumbnail': 'https://randomuser.me/api/portraits/thumb/women/9.jpg'}, 'nat': 'CA'}</msg>
<arg>${json_data['results'][0]}</arg>
<doc>Logs the given message with the given level.</doc>
<status status="PASS" start="2024-07-31T16:19:02.801058" elapsed="0.000399"/>
</kw>
<kw name="Log" owner="BuiltIn">
<msg time="2024-07-31T16:19:02.801875" level="INFO">login</msg>
<arg>${key}</arg>
<doc>Logs the given message with the given level.</doc>
<status status="PASS" start="2024-07-31T16:19:02.801746" elapsed="0.000166"/>
</kw>
<var name="${key}">login</var>
<status status="PASS" start="2024-07-31T16:19:02.800393" elapsed="0.001732"/>
</iter>
<var>${key}</var>
<value>@{expected_keys}</value>
<status status="PASS" start="2024-07-31T16:19:02.792071" elapsed="0.010173"/>
</for>
<kw name="Create List" owner="BuiltIn">
<msg time="2024-07-31T16:19:02.802572" level="INFO">${expected_keysTwo} = ['username', 'password']</msg>
<var>${expected_keysTwo}</var>
<arg>username</arg>
<arg>password</arg>
<doc>Returns a list containing given items.</doc>
<status status="PASS" start="2024-07-31T16:19:02.802436" elapsed="0.000190"/>
</kw>
<for flavor="IN">
<iter>
<kw name="Dictionary Should Contain Key" owner="Collections">
<arg>${json_data['results'][0]['login']}</arg>
<arg>${keyTwo}</arg>
<doc>Fails if ``key`` is not found from ``dictionary``.</doc>
<status status="PASS" start="2024-07-31T16:19:02.803136" elapsed="0.000385"/>
</kw>
<kw name="Dictionary Should Contain Key" owner="Collections">
<arg>${json_data['results'][0]['login']}</arg>
<arg>${keyTwo}</arg>
<doc>Fails if ``key`` is not found from ``dictionary``.</doc>
<status status="PASS" start="2024-07-31T16:19:02.803747" elapsed="0.000387"/>
</kw>
<kw name="Log" owner="BuiltIn">
<msg time="2024-07-31T16:19:02.804430" level="INFO">username</msg>
<arg>${keyTwo}</arg>
<doc>Logs the given message with the given level.</doc>
<status status="PASS" start="2024-07-31T16:19:02.804310" elapsed="0.000158"/>
</kw>
<var name="${keyTwo}">username</var>
<status status="PASS" start="2024-07-31T16:19:02.803029" elapsed="0.001658"/>
</iter>
<iter>
<kw name="Dictionary Should Contain Key" owner="Collections">
<arg>${json_data['results'][0]['login']}</arg>
<arg>${keyTwo}</arg>
<doc>Fails if ``key`` is not found from ``dictionary``.</doc>
<status status="PASS" start="2024-07-31T16:19:02.804970" elapsed="0.000381"/>
</kw>
<kw name="Dictionary Should Contain Key" owner="Collections">
<arg>${json_data['results'][0]['login']}</arg>
<arg>${keyTwo}</arg>
<doc>Fails if ``key`` is not found from ``dictionary``.</doc>
<status status="PASS" start="2024-07-31T16:19:02.805529" elapsed="0.000369"/>
</kw>
<kw name="Log" owner="BuiltIn">
<msg time="2024-07-31T16:19:02.806196" level="INFO">password</msg>
<arg>${keyTwo}</arg>
<doc>Logs the given message with the given level.</doc>
<status status="PASS" start="2024-07-31T16:19:02.806071" elapsed="0.000163"/>
</kw>
<var name="${keyTwo}">password</var>
<status status="PASS" start="2024-07-31T16:19:02.804858" elapsed="0.001597"/>
</iter>
<var>${keyTwo}</var>
<value>@{expected_keysTwo}</value>
<status status="PASS" start="2024-07-31T16:19:02.802874" elapsed="0.003702"/>
</for>
<status status="PASS" start="2024-07-31T16:19:02.696281" elapsed="0.110437"/>
</kw>
<doc>Testa a estrutura da resposta da API.</doc>
<tag>testeEstruturaResposta</tag>
<status status="PASS" start="2024-07-31T16:19:02.695660" elapsed="0.111219"/>
</test>
<test id="s1-s1-t4" name="Validar tipos de dados" line="28">
<kw name="Teste de Tipos de Dados" owner="random-user-service">
<kw name="GET On Session" owner="RequestsLibrary">
<msg time="2024-07-31T16:19:02.877272" level="INFO">GET Request : url=https://randomuser.me/api 
 path_url=/api 
 headers={'User-Agent': 'python-requests/2.32.3', 'Accept-Encoding': 'gzip, deflate', 'Accept': '*/*', 'Connection': 'keep-alive'} 
 body=None 
 </msg>
<msg time="2024-07-31T16:19:02.877370" level="INFO">GET Response : url=https://randomuser.me/api 
 status=200, reason=OK 
 headers={'Date': 'Wed, 31 Jul 2024 16:19:02 GMT', 'Content-Type': 'application/json; charset=utf-8', 'Transfer-Encoding': 'chunked', 'Connection': 'keep-alive', 'X-Powered-By': 'Express', 'Access-Control-Allow-Origin': '*', 'Cache-Control': 'no-cache', 'ETag': 'W/"467-9Rlzx5OS/i4QmyfYo+G7ypXMVNM"', 'Vary': 'Accept-Encoding', 'Content-Encoding': 'gzip', 'CF-Cache-Status': 'DYNAMIC', 'Report-To': '{"endpoints":[{"url":"https:\\/\\/a.nel.cloudflare.com\\/report\\/v4?s=0ZiIYBIGVyEpVRPCJVBum%2F18XcYJ76ry6U%2BFzQQ4d%2BF53Nfy3fOq9Y6Q6F%2F7Por7PGhmisamVUW8z4e0uKPyhx0Jwk0nnylwcwBdsWLNXqRAP0YwO%2BbCrnRsQ%2FjihIER"}],"group":"cf-nel","max_age":604800}', 'NEL': '{"success_fraction":0,"report_to":"cf-nel","max_age":604800}', 'Server': 'cloudflare', 'CF-RAY': '8abee86698a681ff-IAD', 'alt-svc': 'h3=":443"; ma=86400'} 
 body={"results":[{"gender":"male","name":{"title":"Mr","first":"Roy","last":"Wright"},"location":{"street":{"number":326,"name":"Alexander Road"},"city":"Ballina","state":"Galway City","country":"Ireland","postcode":82525,"coordinates":{"latitude":"-4.0305","longitude":"-117.3318"},"timezone":{"offset":"-10:00","description":"Hawaii"}},"email":"roy.wright@example.com","login":{"uuid":"df10015c-abb3-4a3b-97e0-88dc42eb7462","username":"tinybear585","password":"hotone","salt":"PUSnPnSv","md5":"ba44d230b944c84c7a8dd8eed8d35b9a","sha1":"ce8315cb872ba42a6ed983ac5709f6b300580268","sha256":"a778a89045b10dd91d18a81412c9fad4574d493b7df9c58ba59f8e264fdbaa02"},"dob":{"date":"1974-08-25T18:02:51.517Z","age":49},"registered":{"date":"2019-05-23T05:39:12.663Z","age":5},"phone":"031-187-4241","cell":"081-366-9539","id":{"name":"PPS","value":"6146659T"},"picture":{"large":"https://randomuser.me/api/portraits/men/79.jpg","medium":"https://randomuser.me/api/portraits/med/men/79.jpg","thumbnail":"https://randomuser.me/api/portraits/thumb/men/79.jpg"},"nat":"IE"}],"info":{"seed":"ec85d5470948bdcd","results":1,"page":1,"version":"1.4"}} 
 </msg>
<msg time="2024-07-31T16:19:02.877442" level="INFO">/opt/hostedtoolcache/Python/3.12.4/x64/lib/python3.12/site-packages/urllib3/connectionpool.py:1099: InsecureRequestWarning: Unverified HTTPS request is being made to host 'randomuser.me'. Adding certificate verification is strongly advised. See: https://urllib3.readthedocs.io/en/latest/advanced-usage.html#tls-warnings
  warnings.warn(</msg>
<msg time="2024-07-31T16:19:02.877583" level="INFO">${response} = &lt;Response [200]&gt;</msg>
<var>${response}</var>
<arg>consultarAPI</arg>
<arg>/api</arg>
<doc>Sends a GET request on a previously created HTTP Session.</doc>
<status status="PASS" start="2024-07-31T16:19:02.809386" elapsed="0.068244"/>
</kw>
<kw name="Set Variable" owner="BuiltIn">
<msg time="2024-07-31T16:19:02.878655" level="INFO">${json_data} = {'results': [{'gender': 'male', 'name': {'title': 'Mr', 'first': 'Roy', 'last': 'Wright'}, 'location': {'street': {'number': 326, 'name': 'Alexander Road'}, 'city': 'Ballina', 'state': 'Galway City', ...</msg>
<var>${json_data}</var>
<arg>${response.json()}</arg>
<doc>Returns the given values which can then be assigned to a variables.</doc>
<status status="PASS" start="2024-07-31T16:19:02.878145" elapsed="0.000538"/>
</kw>
<kw name="Log" owner="BuiltIn">
<msg time="2024-07-31T16:19:02.879150" level="INFO">{'results': [{'gender': 'male', 'name': {'title': 'Mr', 'first': 'Roy', 'last': 'Wright'}, 'location': {'street': {'number': 326, 'name': 'Alexander Road'}, 'city': 'Ballina', 'state': 'Galway City', 'country': 'Ireland', 'postcode': 82525, 'coordinates': {'latitude': '-4.0305', 'longitude': '-117.3318'}, 'timezone': {'offset': '-10:00', 'description': 'Hawaii'}}, 'email': 'roy.wright@example.com', 'login': {'uuid': 'df10015c-abb3-4a3b-97e0-88dc42eb7462', 'username': 'tinybear585', 'password': 'hotone', 'salt': 'PUSnPnSv', 'md5': 'ba44d230b944c84c7a8dd8eed8d35b9a', 'sha1': 'ce8315cb872ba42a6ed983ac5709f6b300580268', 'sha256': 'a778a89045b10dd91d18a81412c9fad4574d493b7df9c58ba59f8e264fdbaa02'}, 'dob': {'date': '1974-08-25T18:02:51.517Z', 'age': 49}, 'registered': {'date': '2019-05-23T05:39:12.663Z', 'age': 5}, 'phone': '031-187-4241', 'cell': '081-366-9539', 'id': {'name': 'PPS', 'value': '6146659T'}, 'picture': {'large': 'https://randomuser.me/api/portraits/men/79.jpg', 'medium': 'https://randomuser.me/api/portraits/med/men/79.jpg', 'thumbnail': 'https://randomuser.me/api/portraits/thumb/men/79.jpg'}, 'nat': 'IE'}], 'info': {'seed': 'ec85d5470948bdcd', 'results': 1, 'page': 1, 'version': '1.4'}}</msg>
<arg>${json_data}</arg>
<doc>Logs the given message with the given level.</doc>
<status status="PASS" start="2024-07-31T16:19:02.878991" elapsed="0.000207"/>
</kw>
<kw name="Should Be String" owner="String">
<arg>${json_data['results'][0]['gender']}</arg>
<doc>Fails if the given ``item`` is not a string.</doc>
<status status="PASS" start="2024-07-31T16:19:02.879491" elapsed="0.000405"/>
</kw>
<kw name="Should Match Regexp" owner="BuiltIn">
<arg>${json_data['results'][0]['email']}</arg>
<arg>^[a-zA-Z0-9._%+-]+@[a-zA-Z0-9.-]+\.[a-zA-Z]{2,}$</arg>
<doc>Fails if ``string`` does not match ``pattern`` as a regular expression.</doc>
<status status="PASS" start="2024-07-31T16:19:02.880088" elapsed="0.000515"/>
</kw>
<kw name="Should Match Regexp" owner="BuiltIn">
<arg>${json_data['results'][0]['dob']['date']}</arg>
<arg>\\d{4}-\\d{2}-\\d{2}T\\d{2}:\\d{2}:\\d{2}\\.\\d{3}Z</arg>
<doc>Fails if ``string`` does not match ``pattern`` as a regular expression.</doc>
<status status="PASS" start="2024-07-31T16:19:02.880836" elapsed="0.000635"/>
</kw>
<kw name="Should Match Regexp" owner="BuiltIn">
<arg>${json_data['results'][0]['registered']['date']}</arg>
<arg>\\d{4}-\\d{2}-\\d{2}T\\d{2}:\\d{2}:\\d{2}\\.\\d{3}Z</arg>
<doc>Fails if ``string`` does not match ``pattern`` as a regular expression.</doc>
<status status="PASS" start="2024-07-31T16:19:02.881664" elapsed="0.000371"/>
</kw>
<kw name="Should Match Regexp" owner="BuiltIn">
<arg>${json_data['results'][0]['picture']['large']}</arg>
<arg>^https?://.*\.(?:png|jpe?g|gif|bmp)$</arg>
<doc>Fails if ``string`` does not match ``pattern`` as a regular expression.</doc>
<status status="PASS" start="2024-07-31T16:19:02.882222" elapsed="0.000459"/>
</kw>
<kw name="Should Match Regexp" owner="BuiltIn">
<arg>${json_data['results'][0]['picture']['medium']}</arg>
<arg>^https?://.*\.(?:png|jpe?g|gif|bmp)$</arg>
<doc>Fails if ``string`` does not match ``pattern`` as a regular expression.</doc>
<status status="PASS" start="2024-07-31T16:19:02.882867" elapsed="0.000361"/>
</kw>
<kw name="Should Match Regexp" owner="BuiltIn">
<arg>${json_data['results'][0]['picture']['thumbnail']}</arg>
<arg>^https?://.*\.(?:png|jpe?g|gif|bmp)$</arg>
<doc>Fails if ``string`` does not match ``pattern`` as a regular expression.</doc>
<status status="PASS" start="2024-07-31T16:19:02.883409" elapsed="0.000388"/>
</kw>
<kw name="Log" owner="BuiltIn">
<msg time="2024-07-31T16:19:02.884301" level="INFO">{'large': 'https://randomuser.me/api/portraits/men/79.jpg', 'medium': 'https://randomuser.me/api/portraits/med/men/79.jpg', 'thumbnail': 'https://randomuser.me/api/portraits/thumb/men/79.jpg'}</msg>
<arg>${json_data['results'][0]['picture']}</arg>
<doc>Logs the given message with the given level.</doc>
<status status="PASS" start="2024-07-31T16:19:02.883978" elapsed="0.000366"/>
</kw>
<status status="PASS" start="2024-07-31T16:19:02.809157" elapsed="0.075449"/>
</kw>
<kw name="Teste de Tipos de Dados - Postcode" owner="random-user-service">
<kw name="GET On Session" owner="RequestsLibrary">
<msg time="2024-07-31T16:19:02.989696" level="INFO">GET Request : url=https://randomuser.me/api 
 path_url=/api 
 headers={'User-Agent': 'python-requests/2.32.3', 'Accept-Encoding': 'gzip, deflate', 'Accept': '*/*', 'Connection': 'keep-alive'} 
 body=None 
 </msg>
<msg time="2024-07-31T16:19:02.989811" level="INFO">GET Response : url=https://randomuser.me/api 
 status=200, reason=OK 
 headers={'Date': 'Wed, 31 Jul 2024 16:19:02 GMT', 'Content-Type': 'application/json; charset=utf-8', 'Transfer-Encoding': 'chunked', 'Connection': 'keep-alive', 'X-Powered-By': 'Express', 'Access-Control-Allow-Origin': '*', 'Cache-Control': 'no-cache', 'ETag': 'W/"4a6-RSgRcErh7PPSyGONYIYhh3wtdSc"', 'Vary': 'Accept-Encoding', 'Content-Encoding': 'gzip', 'CF-Cache-Status': 'DYNAMIC', 'Report-To': '{"endpoints":[{"url":"https:\\/\\/a.nel.cloudflare.com\\/report\\/v4?s=dOp%2F1gWSlijzMSqu%2F7klRYdPCpSqtbE4cgzodb1d6ENP%2BHoJMsgvJBQEk63B2PFKIHem6ItwEAj5Q095rdB3Oh7HsWEdFmpkBHA4c0EyroIK06SSGYXYguD1A%2F%2FqDbWs"}],"group":"cf-nel","max_age":604800}', 'NEL': '{"success_fraction":0,"report_to":"cf-nel","max_age":604800}', 'Server': 'cloudflare', 'CF-RAY': '8abee867092781ff-IAD', 'alt-svc': 'h3=":443"; ma=86400'} 
 body={"results":[{"gender":"female","name":{"title":"Mrs","first":"Susann","last":"Retzlaff"},"location":{"street":{"number":6400,"name":"Meisenweg"},"city":"Mülheim-Kärlich","state":"Nordrhein-Westfalen","country":"Germany","postcode":28234,"coordinates":{"latitude":"-47.1824","longitude":"14.7332"},"timezone":{"offset":"-8:00","description":"Pacific Time (US &amp; Canada)"}},"email":"susann.retzlaff@example.com","login":{"uuid":"eb62aa99-379f-4509-9c1a-40e9962692b6","username":"purplefish142","password":"access1","salt":"EL9taMuV","md5":"1f5e4bec6d67b0bc04594d95f3131a54","sha1":"57d573bae555c37c41863764e02f8cfda531de11","sha256":"75e82892b380d8cf8af02ef3034746ca84bf3d882fdb4f796a2de5fa10758cba"},"dob":{"date":"1997-10-01T21:10:41.321Z","age":26},"registered":{"date":"2013-12-15T15:20:54.803Z","age":10},"phone":"0413-5174553","cell":"0171-4372452","id":{"name":"SVNR","value":"89 011097 R 828"},"picture":{"large":"https://randomuser.me/api/portraits/women/56.jpg","medium":"https://randomuser.me/api/portraits/med/women/56.jpg","thumbnail":"https://randomuser.me/api/portraits/thumb/women/56.jpg"},"nat":"DE"}],"info":{"seed":"78a26213584d42a4","results":1,"page":1,"version":"1.4"}} 
 </msg>
<msg time="2024-07-31T16:19:02.989903" level="INFO">/opt/hostedtoolcache/Python/3.12.4/x64/lib/python3.12/site-packages/urllib3/connectionpool.py:1099: InsecureRequestWarning: Unverified HTTPS request is being made to host 'randomuser.me'. Adding certificate verification is strongly advised. See: https://urllib3.readthedocs.io/en/latest/advanced-usage.html#tls-warnings
  warnings.warn(</msg>
<msg time="2024-07-31T16:19:02.990064" level="INFO">${response} = &lt;Response [200]&gt;</msg>
<var>${response}</var>
<arg>consultarAPI</arg>
<arg>/api</arg>
<doc>Sends a GET request on a previously created HTTP Session.</doc>
<status status="PASS" start="2024-07-31T16:19:02.885075" elapsed="0.105043"/>
</kw>
<kw name="Set Variable" owner="BuiltIn">
<msg time="2024-07-31T16:19:02.991193" level="INFO">${json_data} = {'results': [{'gender': 'female', 'name': {'title': 'Mrs', 'first': 'Susann', 'last': 'Retzlaff'}, 'location': {'street': {'number': 6400, 'name': 'Meisenweg'}, 'city': 'Mülheim-Kärlich', 'state': 'No...</msg>
<var>${json_data}</var>
<arg>${response.json()}</arg>
<doc>Returns the given values which can then be assigned to a variables.</doc>
<status status="PASS" start="2024-07-31T16:19:02.990652" elapsed="0.000572"/>
</kw>
<kw name="Log" owner="BuiltIn">
<msg time="2024-07-31T16:19:02.991812" level="INFO">{'results': [{'gender': 'female', 'name': {'title': 'Mrs', 'first': 'Susann', 'last': 'Retzlaff'}, 'location': {'street': {'number': 6400, 'name': 'Meisenweg'}, 'city': 'Mülheim-Kärlich', 'state': 'Nordrhein-Westfalen', 'country': 'Germany', 'postcode': 28234, 'coordinates': {'latitude': '-47.1824', 'longitude': '14.7332'}, 'timezone': {'offset': '-8:00', 'description': 'Pacific Time (US &amp; Canada)'}}, 'email': 'susann.retzlaff@example.com', 'login': {'uuid': 'eb62aa99-379f-4509-9c1a-40e9962692b6', 'username': 'purplefish142', 'password': 'access1', 'salt': 'EL9taMuV', 'md5': '1f5e4bec6d67b0bc04594d95f3131a54', 'sha1': '57d573bae555c37c41863764e02f8cfda531de11', 'sha256': '75e82892b380d8cf8af02ef3034746ca84bf3d882fdb4f796a2de5fa10758cba'}, 'dob': {'date': '1997-10-01T21:10:41.321Z', 'age': 26}, 'registered': {'date': '2013-12-15T15:20:54.803Z', 'age': 10}, 'phone': '0413-5174553', 'cell': '0171-4372452', 'id': {'name': 'SVNR', 'value': '89 011097 R 828'}, 'picture': {'large': 'https://randomuser.me/api/portraits/women/56.jpg', 'medium': 'https://randomuser.me/api/portraits/med/women/56.jpg', 'thumbnail': 'https://randomuser.me/api/portraits/thumb/women/56.jpg'}, 'nat': 'DE'}], 'info': {'seed': '78a26213584d42a4', 'results': 1, 'page': 1, 'version': '1.4'}}</msg>
<arg>${json_data}</arg>
<doc>Logs the given message with the given level.</doc>
<status status="PASS" start="2024-07-31T16:19:02.991628" elapsed="0.000236"/>
</kw>
<kw name="Should Be Equal As Numbers" owner="BuiltIn">
<arg>${json_data['results'][0]['location']['postcode']}</arg>
<arg>${json_data['results'][0]['location']['postcode']}</arg>
<doc>Fails if objects are unequal after converting them to real numbers.</doc>
<status status="PASS" start="2024-07-31T16:19:02.992197" elapsed="0.000628"/>
</kw>
<kw name="Log" owner="BuiltIn">
<msg time="2024-07-31T16:19:02.993360" level="INFO">28234</msg>
<arg>${json_data['results'][0]['location']['postcode']}</arg>
<doc>Logs the given message with the given level.</doc>
<status status="PASS" start="2024-07-31T16:19:02.993017" elapsed="0.000383"/>
</kw>
<status status="PASS" start="2024-07-31T16:19:02.884835" elapsed="0.108857"/>
</kw>
<doc>Testa se os tipos de dados na resposta da API estão corretos.</doc>
<tag>testeTiposDados</tag>
<status status="PASS" start="2024-07-31T16:19:02.808682" elapsed="0.185180"/>
</test>
<test id="s1-s1-t5" name="Validar conteudo" line="35">
<kw name="Teste de Tipos de Conteudo" owner="random-user-service">
<kw name="GET On Session" owner="RequestsLibrary">
<msg time="2024-07-31T16:19:03.105036" level="INFO">GET Request : url=https://randomuser.me/api 
 path_url=/api 
 headers={'User-Agent': 'python-requests/2.32.3', 'Accept-Encoding': 'gzip, deflate', 'Accept': '*/*', 'Connection': 'keep-alive'} 
 body=None 
 </msg>
<msg time="2024-07-31T16:19:03.105149" level="INFO">GET Response : url=https://randomuser.me/api 
 status=200, reason=OK 
 headers={'Date': 'Wed, 31 Jul 2024 16:19:03 GMT', 'Content-Type': 'application/json; charset=utf-8', 'Transfer-Encoding': 'chunked', 'Connection': 'keep-alive', 'X-Powered-By': 'Express', 'Access-Control-Allow-Origin': '*', 'Cache-Control': 'no-cache', 'ETag': 'W/"479-/oh7VsGK5MwHQDSSEZPRBCFgmn4"', 'Vary': 'Accept-Encoding', 'Content-Encoding': 'gzip', 'CF-Cache-Status': 'DYNAMIC', 'Report-To': '{"endpoints":[{"url":"https:\\/\\/a.nel.cloudflare.com\\/report\\/v4?s=6UQV4JaBHLS8YhvUPVeteJxce9v%2FJG8mAhSGDM3xqWn28d30z%2BQpZJGhjkNr9KmP6Dm6cNRILF6mrG7VCVXYXjv5PFH8HjiGFUa%2FmJv4WmhmxMrr1Zj%2FuEJBWPTwsOJ2"}],"group":"cf-nel","max_age":604800}', 'NEL': '{"success_fraction":0,"report_to":"cf-nel","max_age":604800}', 'Server': 'cloudflare', 'CF-RAY': '8abee867c9c981ff-IAD', 'alt-svc': 'h3=":443"; ma=86400'} 
 body={"results":[{"gender":"male","name":{"title":"Mr","first":"Herkus","last":"Kibsgaard"},"location":{"street":{"number":6881,"name":"Brynsalléen"},"city":"Kapp","state":"Vestfold","country":"Norway","postcode":"2862","coordinates":{"latitude":"42.0946","longitude":"-55.2571"},"timezone":{"offset":"-8:00","description":"Pacific Time (US &amp; Canada)"}},"email":"herkus.kibsgaard@example.com","login":{"uuid":"562b15f8-9565-4779-a0c0-8744c0aaa12e","username":"silverbird550","password":"1101","salt":"KxywCEMl","md5":"1747f4b83d8956bd49866ff139cc1595","sha1":"9acd5e0384e0e24c65d0afde00ea27313285d9e6","sha256":"f5528439f61a96bc25a95b2c946b9047db6eb8dc576d2054d80298e28ddf1c6e"},"dob":{"date":"1972-08-11T11:16:28.818Z","age":51},"registered":{"date":"2007-05-16T04:22:11.965Z","age":17},"phone":"70666119","cell":"94446381","id":{"name":"FN","value":"11087238344"},"picture":{"large":"https://randomuser.me/api/portraits/men/25.jpg","medium":"https://randomuser.me/api/portraits/med/men/25.jpg","thumbnail":"https://randomuser.me/api/portraits/thumb/men/25.jpg"},"nat":"NO"}],"info":{"seed":"9b17fb2948c0dea7","results":1,"page":1,"version":"1.4"}} 
 </msg>
<msg time="2024-07-31T16:19:03.105242" level="INFO">/opt/hostedtoolcache/Python/3.12.4/x64/lib/python3.12/site-packages/urllib3/connectionpool.py:1099: InsecureRequestWarning: Unverified HTTPS request is being made to host 'randomuser.me'. Adding certificate verification is strongly advised. See: https://urllib3.readthedocs.io/en/latest/advanced-usage.html#tls-warnings
  warnings.warn(</msg>
<msg time="2024-07-31T16:19:03.105378" level="INFO">${response} = &lt;Response [200]&gt;</msg>
<var>${response}</var>
<arg>consultarAPI</arg>
<arg>/api</arg>
<doc>Sends a GET request on a previously created HTTP Session.</doc>
<status status="PASS" start="2024-07-31T16:19:02.996347" elapsed="0.109066"/>
</kw>
<kw name="Set Variable" owner="BuiltIn">
<msg time="2024-07-31T16:19:03.106515" level="INFO">${json_data} = {'results': [{'gender': 'male', 'name': {'title': 'Mr', 'first': 'Herkus', 'last': 'Kibsgaard'}, 'location': {'street': {'number': 6881, 'name': 'Brynsalléen'}, 'city': 'Kapp', 'state': 'Vestfold', 'c...</msg>
<var>${json_data}</var>
<arg>${response.json()}</arg>
<doc>Returns the given values which can then be assigned to a variables.</doc>
<status status="PASS" start="2024-07-31T16:19:03.105974" elapsed="0.000572"/>
</kw>
<kw name="Set Variable" owner="BuiltIn">
<msg time="2024-07-31T16:19:03.107250" level="INFO">${name_title} = Mr</msg>
<var>${name_title}</var>
<arg>${json_data["results"][0]["name"]["title"]}</arg>
<doc>Returns the given values which can then be assigned to a variables.</doc>
<status status="PASS" start="2024-07-31T16:19:03.106860" elapsed="0.000416"/>
</kw>
<kw name="Create List" owner="BuiltIn">
<msg time="2024-07-31T16:19:03.107788" level="INFO">${allowed_titles} = ['Mr', 'Ms', 'Miss', 'Mrs', 'Madame', 'Monsieur']</msg>
<var>${allowed_titles}</var>
<arg>Mr</arg>
<arg>Ms</arg>
<arg>Miss</arg>
<arg>Mrs</arg>
<arg>Madame</arg>
<arg>Monsieur</arg>
<doc>Returns a list containing given items.</doc>
<status status="PASS" start="2024-07-31T16:19:03.107629" elapsed="0.000194"/>
</kw>
<kw name="List Should Contain Value" owner="Collections">
<arg>${allowed_titles}</arg>
<arg>${name_title}</arg>
<doc>Fails if the ``value`` is not found from ``list``.</doc>
<status status="PASS" start="2024-07-31T16:19:03.108145" elapsed="0.000189"/>
</kw>
<kw name="Set Variable" owner="BuiltIn">
<msg time="2024-07-31T16:19:03.108922" level="INFO">${name_country} = NO</msg>
<var>${name_country}</var>
<arg>${json_data["results"][0]["nat"]}</arg>
<doc>Returns the given values which can then be assigned to a variables.</doc>
<status status="PASS" start="2024-07-31T16:19:03.108512" elapsed="0.000448"/>
</kw>
<kw name="Create List" owner="BuiltIn">
<msg time="2024-07-31T16:19:03.109869" level="INFO">${list_country} = ['AD', 'AE', 'AF', 'AG', 'AI', 'AL', 'AM', 'AO', 'AQ', 'AR', 'AS', 'AT', 'AU', 'AW', 'AX', 'AZ', 'BA', 'BB', 'BD', 'BE', 'BF', 'BG', 'BH', 'BI', 'BJ', 'BL', 'BM', 'BN', 'BO', 'BQ', 'BR', 'BS', 'BT', '...</msg>
<var>${list_country}</var>
<arg>AD</arg>
<arg>AE</arg>
<arg>AF</arg>
<arg>AG</arg>
<arg>AI</arg>
<arg>AL</arg>
<arg>AM</arg>
<arg>AO</arg>
<arg>AQ</arg>
<arg>AR</arg>
<arg>AS</arg>
<arg>AT</arg>
<arg>AU</arg>
<arg>AW</arg>
<arg>AX</arg>
<arg>AZ</arg>
<arg>BA</arg>
<arg>BB</arg>
<arg>BD</arg>
<arg>BE</arg>
<arg>BF</arg>
<arg>BG</arg>
<arg>BH</arg>
<arg>BI</arg>
<arg>BJ</arg>
<arg>BL</arg>
<arg>BM</arg>
<arg>BN</arg>
<arg>BO</arg>
<arg>BQ</arg>
<arg>BR</arg>
<arg>BS</arg>
<arg>BT</arg>
<arg>BV</arg>
<arg>BW</arg>
<arg>BY</arg>
<arg>BZ</arg>
<arg>CA</arg>
<arg>CC</arg>
<arg>CD</arg>
<arg>CF</arg>
<arg>CG</arg>
<arg>CH</arg>
<arg>CI</arg>
<arg>CK</arg>
<arg>CL</arg>
<arg>CM</arg>
<arg>CN</arg>
<arg>CO</arg>
<arg>CR</arg>
<arg>CU</arg>
<arg>CV</arg>
<arg>CW</arg>
<arg>CX</arg>
<arg>CY</arg>
<arg>CZ</arg>
<arg>DE</arg>
<arg>DJ</arg>
<arg>DK</arg>
<arg>DM</arg>
<arg>DO</arg>
<arg>DZ</arg>
<arg>EC</arg>
<arg>EE</arg>
<arg>EG</arg>
<arg>EH</arg>
<arg>ER</arg>
<arg>ES</arg>
<arg>ET</arg>
<arg>FI</arg>
<arg>FJ</arg>
<arg>FK</arg>
<arg>FM</arg>
<arg>FO</arg>
<arg>FR</arg>
<arg>GA</arg>
<arg>GB</arg>
<arg>GD</arg>
<arg>GE</arg>
<arg>GF</arg>
<arg>GG</arg>
<arg>GH</arg>
<arg>GI</arg>
<arg>GL</arg>
<arg>GM</arg>
<arg>GN</arg>
<arg>GP</arg>
<arg>GQ</arg>
<arg>GR</arg>
<arg>GS</arg>
<arg>GT</arg>
<arg>GU</arg>
<arg>GW</arg>
<arg>GY</arg>
<arg>HK</arg>
<arg>HM</arg>
<arg>HN</arg>
<arg>HR</arg>
<arg>HT</arg>
<arg>HU</arg>
<arg>ID</arg>
<arg>IE</arg>
<arg>IL</arg>
<arg>IM</arg>
<arg>IN</arg>
<arg>IO</arg>
<arg>IQ</arg>
<arg>IR</arg>
<arg>IS</arg>
<arg>IT</arg>
<arg>JE</arg>
<arg>JM</arg>
<arg>JO</arg>
<arg>JP</arg>
<arg>KE</arg>
<arg>KG</arg>
<arg>KH</arg>
<arg>KI</arg>
<arg>KM</arg>
<arg>KN</arg>
<arg>KP</arg>
<arg>KR</arg>
<arg>KW</arg>
<arg>KY</arg>
<arg>KZ</arg>
<arg>LA</arg>
<arg>LB</arg>
<arg>LC</arg>
<arg>LI</arg>
<arg>LK</arg>
<arg>LR</arg>
<arg>LS</arg>
<arg>LT</arg>
<arg>LU</arg>
<arg>LV</arg>
<arg>LY</arg>
<arg>MA</arg>
<arg>MC</arg>
<arg>MD</arg>
<arg>ME</arg>
<arg>MF</arg>
<arg>MG</arg>
<arg>MH</arg>
<arg>MK</arg>
<arg>ML</arg>
<arg>MM</arg>
<arg>MN</arg>
<arg>MO</arg>
<arg>MP</arg>
<arg>MQ</arg>
<arg>MR</arg>
<arg>MS</arg>
<arg>MT</arg>
<arg>MU</arg>
<arg>MV</arg>
<arg>MW</arg>
<arg>MX</arg>
<arg>MY</arg>
<arg>MZ</arg>
<arg>NA</arg>
<arg>NC</arg>
<arg>NE</arg>
<arg>NF</arg>
<arg>NG</arg>
<arg>NI</arg>
<arg>NL</arg>
<arg>NO</arg>
<arg>NP</arg>
<arg>NR</arg>
<arg>NU</arg>
<arg>NZ</arg>
<arg>OM</arg>
<arg>PA</arg>
<arg>PE</arg>
<arg>PF</arg>
<arg>PG</arg>
<arg>PH</arg>
<arg>PK</arg>
<arg>PL</arg>
<arg>PM</arg>
<arg>PN</arg>
<arg>PR</arg>
<arg>PS</arg>
<arg>PT</arg>
<arg>PW</arg>
<arg>PY</arg>
<arg>QA</arg>
<arg>RE</arg>
<arg>RO</arg>
<arg>RS</arg>
<arg>RU</arg>
<arg>RW</arg>
<arg>SA</arg>
<arg>SB</arg>
<arg>SC</arg>
<arg>SD</arg>
<arg>SE</arg>
<arg>SG</arg>
<arg>SH</arg>
<arg>SI</arg>
<arg>SJ</arg>
<arg>SK</arg>
<arg>SL</arg>
<arg>SM</arg>
<arg>SN</arg>
<arg>SO</arg>
<arg>SR</arg>
<arg>SS</arg>
<arg>ST</arg>
<arg>SV</arg>
<arg>SX</arg>
<arg>SY</arg>
<arg>SZ</arg>
<arg>TC</arg>
<arg>TD</arg>
<arg>TF</arg>
<arg>TG</arg>
<arg>TH</arg>
<arg>TJ</arg>
<arg>TK</arg>
<arg>TL</arg>
<arg>TM</arg>
<arg>TN</arg>
<arg>TO</arg>
<arg>TR</arg>
<arg>TT</arg>
<arg>TV</arg>
<arg>TW</arg>
<arg>TZ</arg>
<arg>UA</arg>
<arg>UG</arg>
<arg>UM</arg>
<arg>US</arg>
<arg>UY</arg>
<arg>UZ</arg>
<arg>VA</arg>
<arg>VC</arg>
<arg>VE</arg>
<arg>VG</arg>
<arg>VI</arg>
<arg>VN</arg>
<arg>VU</arg>
<arg>WF</arg>
<arg>WS</arg>
<arg>XK</arg>
<arg>YE</arg>
<arg>YT</arg>
<arg>ZA</arg>
<arg>ZM</arg>
<arg>ZW</arg>
<doc>Returns a list containing given items.</doc>
<status status="PASS" start="2024-07-31T16:19:03.109268" elapsed="0.000627"/>
</kw>
<kw name="List Should Contain Value" owner="Collections">
<arg>${list_country}</arg>
<arg>${name_country}</arg>
<doc>Fails if the ``value`` is not found from ``list``.</doc>
<status status="PASS" start="2024-07-31T16:19:03.110879" elapsed="0.000213"/>
</kw>
<kw name="Run Keyword If" owner="BuiltIn">
<kw name="Should Be True" owner="BuiltIn">
<arg>${True}</arg>
<doc>Fails if the given condition is not true.</doc>
<status status="PASS" start="2024-07-31T16:19:03.112071" elapsed="0.000151"/>
</kw>
<arg>${json_data["results"][0]["location"]["coordinates"]["latitude"]} &gt;= -90 and ${json_data["results"][0]["location"]["coordinates"]["latitude"]} &lt;= 90</arg>
<arg>Should Be True</arg>
<arg>${True}</arg>
<doc>Runs the given keyword with the given arguments, if ``condition`` is true.</doc>
<status status="PASS" start="2024-07-31T16:19:03.111294" elapsed="0.001056"/>
</kw>
<kw name="Run Keyword If" owner="BuiltIn">
<kw name="Should Be True" owner="BuiltIn">
<arg>${True}</arg>
<doc>Fails if the given condition is not true.</doc>
<status status="PASS" start="2024-07-31T16:19:03.113220" elapsed="0.000140"/>
</kw>
<arg>${json_data["results"][0]["location"]["coordinates"]["longitude"]} &gt;= -180 and ${json_data["results"][0]["location"]["coordinates"]["longitude"]} &lt;= 180</arg>
<arg>Should Be True</arg>
<arg>${True}</arg>
<doc>Runs the given keyword with the given arguments, if ``condition`` is true.</doc>
<status status="PASS" start="2024-07-31T16:19:03.112534" elapsed="0.000950"/>
</kw>
<status status="PASS" start="2024-07-31T16:19:02.996111" elapsed="0.117506"/>
</kw>
<doc>Testa o conteúdo específico dos campos retornados pela API.</doc>
<tag>testeConteudo</tag>
<status status="PASS" start="2024-07-31T16:19:02.995637" elapsed="0.118134"/>
</test>
<status status="PASS" start="2024-07-31T16:19:02.161791" elapsed="0.953999"/>
</suite>
<status status="PASS" start="2024-07-31T16:19:02.147115" elapsed="0.973833"/>
</suite>
<statistics>
<total>
<stat pass="5" fail="0" skip="0">All Tests</stat>
</total>
<tag>
<stat pass="1" fail="0" skip="0">testeConteudo</stat>
<stat pass="1" fail="0" skip="0">testeEstruturaResposta</stat>
<stat pass="1" fail="0" skip="0">testeRequisicaoBasica</stat>
<stat pass="1" fail="0" skip="0">testeTiposDados</stat>
</tag>
<suite>
<stat pass="5" fail="0" skip="0" id="s1" name="Tests">Tests</stat>
<stat pass="5" fail="0" skip="0" id="s1-s1" name="Random-User-Test">Tests.Random-User-Test</stat>
</suite>
</statistics>
<errors>
</errors>
</robot>
