<?xml version="1.0" encoding="UTF-8"?>
<robot generator="Robot 7.0 (Python 3.12.2 on linux)" generated="2024-03-31T09:13:02.525077" rpa="false" schemaversion="5">
<suite id="s1" name="Tests" source="/home/runner/work/DesafioQAItauRogerioJordao/DesafioQAItauRogerioJordao/RamdonUser/tests">
<suite id="s1-s1" name="Random-User-Test" source="/home/runner/work/DesafioQAItauRogerioJordao/DesafioQAItauRogerioJordao/RamdonUser/tests/random-user-test.robot">
<test id="s1-s1-t1" name="Conectar" line="13">
<kw name="Conectar API" owner="random-user-service">
<kw name="Create Session" owner="RequestsLibrary">
<msg time="2024-03-31T09:13:02.880730" level="INFO">Creating Session using : alias=consultarAPI, url=https://randomuser.me/, headers={},                     cookies={}, auth=None, timeout=None, proxies=None, verify=False,                     debug=0 </msg>
<arg>consultarAPI</arg>
<arg>${URL}</arg>
<doc>Create Session: create a HTTP session to a server</doc>
<status status="PASS" start="2024-03-31T09:13:02.880521" elapsed="0.000384"/>
</kw>
<status status="PASS" start="2024-03-31T09:13:02.879463" elapsed="0.001819"/>
</kw>
<status status="PASS" start="2024-03-31T09:13:02.878839" elapsed="0.002648"/>
</test>
<test id="s1-s1-t2" name="Validar retorno 200 e JSON Válido" line="16">
<kw name="Teste de Requisicao Basica" owner="random-user-service">
<kw name="GET On Session" owner="RequestsLibrary">
<msg time="2024-03-31T09:13:03.099985" level="INFO">GET Request : url=https://randomuser.me/api 
 path_url=/api 
 headers={'User-Agent': 'python-requests/2.31.0', 'Accept-Encoding': 'gzip, deflate', 'Accept': '*/*', 'Connection': 'keep-alive'} 
 body=None 
 </msg>
<msg time="2024-03-31T09:13:03.100100" level="INFO">GET Response : url=https://randomuser.me/api 
 status=200, reason=OK 
 headers={'Date': 'Sun, 31 Mar 2024 09:13:03 GMT', 'Content-Type': 'application/json; charset=utf-8', 'Transfer-Encoding': 'chunked', 'Connection': 'keep-alive', 'X-Powered-By': 'Express', 'Access-Control-Allow-Origin': '*', 'Cache-Control': 'no-cache', 'ETag': 'W/"49e-D/qc2DTbF50si1nzj1+bsS+jz2c"', 'Vary': 'Accept-Encoding', 'Content-Encoding': 'gzip', 'CF-Cache-Status': 'DYNAMIC', 'Report-To': '{"endpoints":[{"url":"https:\\/\\/a.nel.cloudflare.com\\/report\\/v4?s=Nc%2B5hNSh2GNga9%2B46XLBVbxqDOnRL%2FA%2Fs9Qelk9ptEEzmISEd6Ma4CrlTGPeFfkvTNtFadQ70e8jO3%2FDVYxlBnnxoDBUzzVPBgrqj8jQhVZCmxhq2cTyHSuvj8ko9S1a"}],"group":"cf-nel","max_age":604800}', 'NEL': '{"success_fraction":0,"report_to":"cf-nel","max_age":604800}', 'Server': 'cloudflare', 'CF-RAY': '86cf38a23f665824-IAD', 'alt-svc': 'h3=":443"; ma=86400'} 
 body={"results":[{"gender":"male","name":{"title":"Monsieur","first":"Santiago","last":"Bourgeois"},"location":{"street":{"number":6281,"name":"Avenue des Ternes"},"city":"Eggersriet","state":"Zug","country":"Switzerland","postcode":9951,"coordinates":{"latitude":"-59.8869","longitude":"-108.1722"},"timezone":{"offset":"-1:00","description":"Azores, Cape Verde Islands"}},"email":"santiago.bourgeois@example.com","login":{"uuid":"d16a04f6-f180-4fde-8c30-59a5fc478dc5","username":"brownbear417","password":"ripper","salt":"9fFb0Z5W","md5":"2dea2696c0eb5a8c6c48b20e8dd6f59e","sha1":"dc4a079e51b32c279cd79555b201650f737e6284","sha256":"e6d1716c078106dc1b49851c924e1e5619c37a3e93ac4721d0d6a5f706e0b463"},"dob":{"date":"1978-10-12T20:39:57.642Z","age":45},"registered":{"date":"2014-12-25T08:39:15.247Z","age":9},"phone":"079 245 87 35","cell":"075 204 71 00","id":{"name":"AVS","value":"756.5599.9462.01"},"picture":{"large":"https://randomuser.me/api/portraits/men/34.jpg","medium":"https://randomuser.me/api/portraits/med/men/34.jpg","thumbnail":"https://randomuser.me/api/portraits/thumb/men/34.jpg"},"nat":"CH"}],"info":{"seed":"0ba4f6ea474bb1d5","results":1,"page":1,"version":"1.4"}} 
 </msg>
<msg time="2024-03-31T09:13:03.100197" level="INFO">/opt/hostedtoolcache/Python/3.12.2/x64/lib/python3.12/site-packages/urllib3/connectionpool.py:1103: InsecureRequestWarning: Unverified HTTPS request is being made to host 'randomuser.me'. Adding certificate verification is strongly advised. See: https://urllib3.readthedocs.io/en/latest/advanced-usage.html#tls-warnings
  warnings.warn(</msg>
<msg time="2024-03-31T09:13:03.100329" level="INFO">${response} = &lt;Response [200]&gt;</msg>
<var>${response}</var>
<arg>consultarAPI</arg>
<arg>/api</arg>
<doc>Sends a GET request on a previously created HTTP Session.</doc>
<status status="PASS" start="2024-03-31T09:13:02.884279" elapsed="0.216091"/>
</kw>
<kw name="Should Be Equal As Numbers" owner="BuiltIn">
<msg time="2024-03-31T09:13:03.101405" level="INFO">Argument types are:
&lt;class 'int'&gt;
&lt;class 'str'&gt;</msg>
<arg>${response.status_code}</arg>
<arg>200</arg>
<doc>Fails if objects are unequal after converting them to real numbers.</doc>
<status status="PASS" start="2024-03-31T09:13:03.100926" elapsed="0.000545"/>
</kw>
<kw name="Log" owner="BuiltIn">
<msg time="2024-03-31T09:13:03.102156" level="INFO">200</msg>
<arg>${response.status_code}</arg>
<doc>Logs the given message with the given level.</doc>
<status status="PASS" start="2024-03-31T09:13:03.101790" elapsed="0.000409"/>
</kw>
<kw name="Set Variable" owner="BuiltIn">
<msg time="2024-03-31T09:13:03.102966" level="INFO">${json_data} = {'results': [{'gender': 'male', 'name': {'title': 'Monsieur', 'first': 'Santiago', 'last': 'Bourgeois'}, 'location': {'street': {'number': 6281, 'name': 'Avenue des Ternes'}, 'city': 'Eggersriet', 'st...</msg>
<var>${json_data}</var>
<arg>${response.json()}</arg>
<doc>Returns the given values which can then be assigned to a variables.</doc>
<status status="PASS" start="2024-03-31T09:13:03.102527" elapsed="0.000468"/>
</kw>
<kw name="Dictionary Should Contain Key" owner="Collections">
<msg time="2024-03-31T09:13:03.103466" level="INFO">False</msg>
<arg>${json_data}</arg>
<arg>results</arg>
<doc>Fails if ``key`` is not found from ``dictionary``.</doc>
<status status="PASS" start="2024-03-31T09:13:03.103301" elapsed="0.000205"/>
</kw>
<status status="PASS" start="2024-03-31T09:13:02.883948" elapsed="0.219812"/>
</kw>
<doc>Testa se a API responde corretamente e retorna um objeto JSON válido.</doc>
<tag>testeRequisicaoBasica</tag>
<status status="PASS" start="2024-03-31T09:13:02.883369" elapsed="0.220571"/>
</test>
<test id="s1-s1-t3" name="Validar estrutura de resposta" line="22">
<kw name="Teste de Estrutura de Resposta" owner="random-user-service">
<kw name="GET On Session" owner="RequestsLibrary">
<msg time="2024-03-31T09:13:03.216316" level="INFO">GET Request : url=https://randomuser.me/api 
 path_url=/api 
 headers={'User-Agent': 'python-requests/2.31.0', 'Accept-Encoding': 'gzip, deflate', 'Accept': '*/*', 'Connection': 'keep-alive'} 
 body=None 
 </msg>
<msg time="2024-03-31T09:13:03.216384" level="INFO">GET Response : url=https://randomuser.me/api 
 status=200, reason=OK 
 headers={'Date': 'Sun, 31 Mar 2024 09:13:03 GMT', 'Content-Type': 'application/json; charset=utf-8', 'Transfer-Encoding': 'chunked', 'Connection': 'keep-alive', 'X-Powered-By': 'Express', 'Access-Control-Allow-Origin': '*', 'Cache-Control': 'no-cache', 'ETag': 'W/"49f-lGXIrDq7IDYAPjwHxOZjGh4xI88"', 'Vary': 'Accept-Encoding', 'Content-Encoding': 'gzip', 'CF-Cache-Status': 'DYNAMIC', 'Report-To': '{"endpoints":[{"url":"https:\\/\\/a.nel.cloudflare.com\\/report\\/v4?s=l6jaHanzrFG9PP%2BVrLnLijIeMhH%2FNr1G7geUj83wq3pd24nk6IkyNHOaZxbo5%2F7lS%2BzuepUDqbdbtUqPkjBYRVfKKT4ADIci69PnpiSGBOanZJf8wBwAFP0qCbXDtL6H"}],"group":"cf-nel","max_age":604800}', 'NEL': '{"success_fraction":0,"report_to":"cf-nel","max_age":604800}', 'Server': 'cloudflare', 'CF-RAY': '86cf38a26f885824-IAD', 'alt-svc': 'h3=":443"; ma=86400'} 
 body={"results":[{"gender":"female","name":{"title":"Miss","first":"Reina","last":"Carbajal"},"location":{"street":{"number":5870,"name":"Diagonal Meza"},"city":"Leona Vicario","state":"Baja California Sur","country":"Mexico","postcode":55203,"coordinates":{"latitude":"24.1757","longitude":"4.1348"},"timezone":{"offset":"+6:00","description":"Almaty, Dhaka, Colombo"}},"email":"reina.carbajal@example.com","login":{"uuid":"d20c9871-8c2a-4883-89b1-980a65ec5c9f","username":"bigmeercat602","password":"pornos","salt":"WjOFIobK","md5":"91f53776b0d463b04a1ec88a62e26f6d","sha1":"0e082130edccf4bd91ff36e93630a09cfebfe2fa","sha256":"fae0b9898153cad3146320061224148057e8fa63bce25e565f33796eecd5609b"},"dob":{"date":"1947-11-29T13:00:06.783Z","age":76},"registered":{"date":"2015-10-26T10:26:40.373Z","age":8},"phone":"(638) 737 5995","cell":"(605) 975 3422","id":{"name":"NSS","value":"14 45 83 7761 4"},"picture":{"large":"https://randomuser.me/api/portraits/women/40.jpg","medium":"https://randomuser.me/api/portraits/med/women/40.jpg","thumbnail":"https://randomuser.me/api/portraits/thumb/women/40.jpg"},"nat":"MX"}],"info":{"seed":"8ed0432be38f5dfd","results":1,"page":1,"version":"1.4"}} 
 </msg>
<msg time="2024-03-31T09:13:03.216512" level="INFO">/opt/hostedtoolcache/Python/3.12.2/x64/lib/python3.12/site-packages/urllib3/connectionpool.py:1103: InsecureRequestWarning: Unverified HTTPS request is being made to host 'randomuser.me'. Adding certificate verification is strongly advised. See: https://urllib3.readthedocs.io/en/latest/advanced-usage.html#tls-warnings
  warnings.warn(</msg>
<msg time="2024-03-31T09:13:03.216626" level="INFO">${response} = &lt;Response [200]&gt;</msg>
<var>${response}</var>
<arg>consultarAPI</arg>
<arg>/api</arg>
<doc>Sends a GET request on a previously created HTTP Session.</doc>
<status status="PASS" start="2024-03-31T09:13:03.106662" elapsed="0.110005"/>
</kw>
<kw name="Set Variable" owner="BuiltIn">
<msg time="2024-03-31T09:13:03.217575" level="INFO">${json_data} = {'results': [{'gender': 'female', 'name': {'title': 'Miss', 'first': 'Reina', 'last': 'Carbajal'}, 'location': {'street': {'number': 5870, 'name': 'Diagonal Meza'}, 'city': 'Leona Vicario', 'state': '...</msg>
<var>${json_data}</var>
<arg>${response.json()}</arg>
<doc>Returns the given values which can then be assigned to a variables.</doc>
<status status="PASS" start="2024-03-31T09:13:03.217106" elapsed="0.000498"/>
</kw>
<kw name="Log" owner="BuiltIn">
<msg time="2024-03-31T09:13:03.218085" level="INFO">{'results': [{'gender': 'female', 'name': {'title': 'Miss', 'first': 'Reina', 'last': 'Carbajal'}, 'location': {'street': {'number': 5870, 'name': 'Diagonal Meza'}, 'city': 'Leona Vicario', 'state': 'Baja California Sur', 'country': 'Mexico', 'postcode': 55203, 'coordinates': {'latitude': '24.1757', 'longitude': '4.1348'}, 'timezone': {'offset': '+6:00', 'description': 'Almaty, Dhaka, Colombo'}}, 'email': 'reina.carbajal@example.com', 'login': {'uuid': 'd20c9871-8c2a-4883-89b1-980a65ec5c9f', 'username': 'bigmeercat602', 'password': 'pornos', 'salt': 'WjOFIobK', 'md5': '91f53776b0d463b04a1ec88a62e26f6d', 'sha1': '0e082130edccf4bd91ff36e93630a09cfebfe2fa', 'sha256': 'fae0b9898153cad3146320061224148057e8fa63bce25e565f33796eecd5609b'}, 'dob': {'date': '1947-11-29T13:00:06.783Z', 'age': 76}, 'registered': {'date': '2015-10-26T10:26:40.373Z', 'age': 8}, 'phone': '(638) 737 5995', 'cell': '(605) 975 3422', 'id': {'name': 'NSS', 'value': '14 45 83 7761 4'}, 'picture': {'large': 'https://randomuser.me/api/portraits/women/40.jpg', 'medium': 'https://randomuser.me/api/portraits/med/women/40.jpg', 'thumbnail': 'https://randomuser.me/api/portraits/thumb/women/40.jpg'}, 'nat': 'MX'}], 'info': {'seed': '8ed0432be38f5dfd', 'results': 1, 'page': 1, 'version': '1.4'}}</msg>
<arg>${json_data}</arg>
<doc>Logs the given message with the given level.</doc>
<status status="PASS" start="2024-03-31T09:13:03.217923" elapsed="0.000210"/>
</kw>
<kw name="Dictionary Should Contain Key" owner="Collections">
<msg time="2024-03-31T09:13:03.218595" level="INFO">False</msg>
<arg>${json_data}</arg>
<arg>results</arg>
<doc>Fails if ``key`` is not found from ``dictionary``.</doc>
<status status="PASS" start="2024-03-31T09:13:03.218436" elapsed="0.000197"/>
</kw>
<kw name="Should Not Be Empty" owner="BuiltIn">
<msg time="2024-03-31T09:13:03.219070" level="INFO">Length is 2.</msg>
<arg>${json_data}</arg>
<doc>Verifies that the given item is not empty.</doc>
<status status="PASS" start="2024-03-31T09:13:03.218934" elapsed="0.000176"/>
</kw>
<kw name="Create List" owner="BuiltIn">
<msg time="2024-03-31T09:13:03.219556" level="INFO">${expected_keys} = ['gender', 'name', 'location', 'email', 'login']</msg>
<var>${expected_keys}</var>
<arg>gender</arg>
<arg>name</arg>
<arg>location</arg>
<arg>email</arg>
<arg>login</arg>
<doc>Returns a list containing given items.</doc>
<status status="PASS" start="2024-03-31T09:13:03.219404" elapsed="0.000176"/>
</kw>
<for flavor="IN">
<iter>
<kw name="Dictionary Should Contain Key" owner="Collections">
<msg time="2024-03-31T09:13:03.220600" level="INFO">False</msg>
<arg>${json_data['results'][0]}</arg>
<arg>${key}</arg>
<doc>Fails if ``key`` is not found from ``dictionary``.</doc>
<status status="PASS" start="2024-03-31T09:13:03.220163" elapsed="0.000477"/>
</kw>
<kw name="Log" owner="BuiltIn">
<msg time="2024-03-31T09:13:03.221320" level="INFO">{'gender': 'female', 'name': {'title': 'Miss', 'first': 'Reina', 'last': 'Carbajal'}, 'location': {'street': {'number': 5870, 'name': 'Diagonal Meza'}, 'city': 'Leona Vicario', 'state': 'Baja California Sur', 'country': 'Mexico', 'postcode': 55203, 'coordinates': {'latitude': '24.1757', 'longitude': '4.1348'}, 'timezone': {'offset': '+6:00', 'description': 'Almaty, Dhaka, Colombo'}}, 'email': 'reina.carbajal@example.com', 'login': {'uuid': 'd20c9871-8c2a-4883-89b1-980a65ec5c9f', 'username': 'bigmeercat602', 'password': 'pornos', 'salt': 'WjOFIobK', 'md5': '91f53776b0d463b04a1ec88a62e26f6d', 'sha1': '0e082130edccf4bd91ff36e93630a09cfebfe2fa', 'sha256': 'fae0b9898153cad3146320061224148057e8fa63bce25e565f33796eecd5609b'}, 'dob': {'date': '1947-11-29T13:00:06.783Z', 'age': 76}, 'registered': {'date': '2015-10-26T10:26:40.373Z', 'age': 8}, 'phone': '(638) 737 5995', 'cell': '(605) 975 3422', 'id': {'name': 'NSS', 'value': '14 45 83 7761 4'}, 'picture': {'large': 'https://randomuser.me/api/portraits/women/40.jpg', 'medium': 'https://randomuser.me/api/portraits/med/women/40.jpg', 'thumbnail': 'https://randomuser.me/api/portraits/thumb/women/40.jpg'}, 'nat': 'MX'}</msg>
<arg>${json_data['results'][0]}</arg>
<doc>Logs the given message with the given level.</doc>
<status status="PASS" start="2024-03-31T09:13:03.220950" elapsed="0.000425"/>
</kw>
<kw name="Log" owner="BuiltIn">
<msg time="2024-03-31T09:13:03.221830" level="INFO">gender</msg>
<arg>${key}</arg>
<doc>Logs the given message with the given level.</doc>
<status status="PASS" start="2024-03-31T09:13:03.221682" elapsed="0.000202"/>
</kw>
<var name="${key}">gender</var>
<status status="PASS" start="2024-03-31T09:13:03.220037" elapsed="0.002090"/>
</iter>
<iter>
<kw name="Dictionary Should Contain Key" owner="Collections">
<msg time="2024-03-31T09:13:03.222834" level="INFO">False</msg>
<arg>${json_data['results'][0]}</arg>
<arg>${key}</arg>
<doc>Fails if ``key`` is not found from ``dictionary``.</doc>
<status status="PASS" start="2024-03-31T09:13:03.222439" elapsed="0.000433"/>
</kw>
<kw name="Log" owner="BuiltIn">
<msg time="2024-03-31T09:13:03.223565" level="INFO">{'gender': 'female', 'name': {'title': 'Miss', 'first': 'Reina', 'last': 'Carbajal'}, 'location': {'street': {'number': 5870, 'name': 'Diagonal Meza'}, 'city': 'Leona Vicario', 'state': 'Baja California Sur', 'country': 'Mexico', 'postcode': 55203, 'coordinates': {'latitude': '24.1757', 'longitude': '4.1348'}, 'timezone': {'offset': '+6:00', 'description': 'Almaty, Dhaka, Colombo'}}, 'email': 'reina.carbajal@example.com', 'login': {'uuid': 'd20c9871-8c2a-4883-89b1-980a65ec5c9f', 'username': 'bigmeercat602', 'password': 'pornos', 'salt': 'WjOFIobK', 'md5': '91f53776b0d463b04a1ec88a62e26f6d', 'sha1': '0e082130edccf4bd91ff36e93630a09cfebfe2fa', 'sha256': 'fae0b9898153cad3146320061224148057e8fa63bce25e565f33796eecd5609b'}, 'dob': {'date': '1947-11-29T13:00:06.783Z', 'age': 76}, 'registered': {'date': '2015-10-26T10:26:40.373Z', 'age': 8}, 'phone': '(638) 737 5995', 'cell': '(605) 975 3422', 'id': {'name': 'NSS', 'value': '14 45 83 7761 4'}, 'picture': {'large': 'https://randomuser.me/api/portraits/women/40.jpg', 'medium': 'https://randomuser.me/api/portraits/med/women/40.jpg', 'thumbnail': 'https://randomuser.me/api/portraits/thumb/women/40.jpg'}, 'nat': 'MX'}</msg>
<arg>${json_data['results'][0]}</arg>
<doc>Logs the given message with the given level.</doc>
<status status="PASS" start="2024-03-31T09:13:03.223202" elapsed="0.000410"/>
</kw>
<kw name="Log" owner="BuiltIn">
<msg time="2024-03-31T09:13:03.224043" level="INFO">name</msg>
<arg>${key}</arg>
<doc>Logs the given message with the given level.</doc>
<status status="PASS" start="2024-03-31T09:13:03.223912" elapsed="0.000168"/>
</kw>
<var name="${key}">name</var>
<status status="PASS" start="2024-03-31T09:13:03.222321" elapsed="0.001975"/>
</iter>
<iter>
<kw name="Dictionary Should Contain Key" owner="Collections">
<msg time="2024-03-31T09:13:03.225005" level="INFO">False</msg>
<arg>${json_data['results'][0]}</arg>
<arg>${key}</arg>
<doc>Fails if ``key`` is not found from ``dictionary``.</doc>
<status status="PASS" start="2024-03-31T09:13:03.224624" elapsed="0.000419"/>
</kw>
<kw name="Log" owner="BuiltIn">
<msg time="2024-03-31T09:13:03.225712" level="INFO">{'gender': 'female', 'name': {'title': 'Miss', 'first': 'Reina', 'last': 'Carbajal'}, 'location': {'street': {'number': 5870, 'name': 'Diagonal Meza'}, 'city': 'Leona Vicario', 'state': 'Baja California Sur', 'country': 'Mexico', 'postcode': 55203, 'coordinates': {'latitude': '24.1757', 'longitude': '4.1348'}, 'timezone': {'offset': '+6:00', 'description': 'Almaty, Dhaka, Colombo'}}, 'email': 'reina.carbajal@example.com', 'login': {'uuid': 'd20c9871-8c2a-4883-89b1-980a65ec5c9f', 'username': 'bigmeercat602', 'password': 'pornos', 'salt': 'WjOFIobK', 'md5': '91f53776b0d463b04a1ec88a62e26f6d', 'sha1': '0e082130edccf4bd91ff36e93630a09cfebfe2fa', 'sha256': 'fae0b9898153cad3146320061224148057e8fa63bce25e565f33796eecd5609b'}, 'dob': {'date': '1947-11-29T13:00:06.783Z', 'age': 76}, 'registered': {'date': '2015-10-26T10:26:40.373Z', 'age': 8}, 'phone': '(638) 737 5995', 'cell': '(605) 975 3422', 'id': {'name': 'NSS', 'value': '14 45 83 7761 4'}, 'picture': {'large': 'https://randomuser.me/api/portraits/women/40.jpg', 'medium': 'https://randomuser.me/api/portraits/med/women/40.jpg', 'thumbnail': 'https://randomuser.me/api/portraits/thumb/women/40.jpg'}, 'nat': 'MX'}</msg>
<arg>${json_data['results'][0]}</arg>
<doc>Logs the given message with the given level.</doc>
<status status="PASS" start="2024-03-31T09:13:03.225347" elapsed="0.000422"/>
</kw>
<kw name="Log" owner="BuiltIn">
<msg time="2024-03-31T09:13:03.226199" level="INFO">location</msg>
<arg>${key}</arg>
<doc>Logs the given message with the given level.</doc>
<status status="PASS" start="2024-03-31T09:13:03.226070" elapsed="0.000168"/>
</kw>
<var name="${key}">location</var>
<status status="PASS" start="2024-03-31T09:13:03.224496" elapsed="0.001961"/>
</iter>
<iter>
<kw name="Dictionary Should Contain Key" owner="Collections">
<msg time="2024-03-31T09:13:03.227125" level="INFO">False</msg>
<arg>${json_data['results'][0]}</arg>
<arg>${key}</arg>
<doc>Fails if ``key`` is not found from ``dictionary``.</doc>
<status status="PASS" start="2024-03-31T09:13:03.226742" elapsed="0.000421"/>
</kw>
<kw name="Log" owner="BuiltIn">
<msg time="2024-03-31T09:13:03.227819" level="INFO">{'gender': 'female', 'name': {'title': 'Miss', 'first': 'Reina', 'last': 'Carbajal'}, 'location': {'street': {'number': 5870, 'name': 'Diagonal Meza'}, 'city': 'Leona Vicario', 'state': 'Baja California Sur', 'country': 'Mexico', 'postcode': 55203, 'coordinates': {'latitude': '24.1757', 'longitude': '4.1348'}, 'timezone': {'offset': '+6:00', 'description': 'Almaty, Dhaka, Colombo'}}, 'email': 'reina.carbajal@example.com', 'login': {'uuid': 'd20c9871-8c2a-4883-89b1-980a65ec5c9f', 'username': 'bigmeercat602', 'password': 'pornos', 'salt': 'WjOFIobK', 'md5': '91f53776b0d463b04a1ec88a62e26f6d', 'sha1': '0e082130edccf4bd91ff36e93630a09cfebfe2fa', 'sha256': 'fae0b9898153cad3146320061224148057e8fa63bce25e565f33796eecd5609b'}, 'dob': {'date': '1947-11-29T13:00:06.783Z', 'age': 76}, 'registered': {'date': '2015-10-26T10:26:40.373Z', 'age': 8}, 'phone': '(638) 737 5995', 'cell': '(605) 975 3422', 'id': {'name': 'NSS', 'value': '14 45 83 7761 4'}, 'picture': {'large': 'https://randomuser.me/api/portraits/women/40.jpg', 'medium': 'https://randomuser.me/api/portraits/med/women/40.jpg', 'thumbnail': 'https://randomuser.me/api/portraits/thumb/women/40.jpg'}, 'nat': 'MX'}</msg>
<arg>${json_data['results'][0]}</arg>
<doc>Logs the given message with the given level.</doc>
<status status="PASS" start="2024-03-31T09:13:03.227461" elapsed="0.000405"/>
</kw>
<kw name="Log" owner="BuiltIn">
<msg time="2024-03-31T09:13:03.228284" level="INFO">email</msg>
<arg>${key}</arg>
<doc>Logs the given message with the given level.</doc>
<status status="PASS" start="2024-03-31T09:13:03.228156" elapsed="0.000166"/>
</kw>
<var name="${key}">email</var>
<status status="PASS" start="2024-03-31T09:13:03.226632" elapsed="0.001924"/>
</iter>
<iter>
<kw name="Dictionary Should Contain Key" owner="Collections">
<msg time="2024-03-31T09:13:03.229234" level="INFO">False</msg>
<arg>${json_data['results'][0]}</arg>
<arg>${key}</arg>
<doc>Fails if ``key`` is not found from ``dictionary``.</doc>
<status status="PASS" start="2024-03-31T09:13:03.228850" elapsed="0.000422"/>
</kw>
<kw name="Log" owner="BuiltIn">
<msg time="2024-03-31T09:13:03.229926" level="INFO">{'gender': 'female', 'name': {'title': 'Miss', 'first': 'Reina', 'last': 'Carbajal'}, 'location': {'street': {'number': 5870, 'name': 'Diagonal Meza'}, 'city': 'Leona Vicario', 'state': 'Baja California Sur', 'country': 'Mexico', 'postcode': 55203, 'coordinates': {'latitude': '24.1757', 'longitude': '4.1348'}, 'timezone': {'offset': '+6:00', 'description': 'Almaty, Dhaka, Colombo'}}, 'email': 'reina.carbajal@example.com', 'login': {'uuid': 'd20c9871-8c2a-4883-89b1-980a65ec5c9f', 'username': 'bigmeercat602', 'password': 'pornos', 'salt': 'WjOFIobK', 'md5': '91f53776b0d463b04a1ec88a62e26f6d', 'sha1': '0e082130edccf4bd91ff36e93630a09cfebfe2fa', 'sha256': 'fae0b9898153cad3146320061224148057e8fa63bce25e565f33796eecd5609b'}, 'dob': {'date': '1947-11-29T13:00:06.783Z', 'age': 76}, 'registered': {'date': '2015-10-26T10:26:40.373Z', 'age': 8}, 'phone': '(638) 737 5995', 'cell': '(605) 975 3422', 'id': {'name': 'NSS', 'value': '14 45 83 7761 4'}, 'picture': {'large': 'https://randomuser.me/api/portraits/women/40.jpg', 'medium': 'https://randomuser.me/api/portraits/med/women/40.jpg', 'thumbnail': 'https://randomuser.me/api/portraits/thumb/women/40.jpg'}, 'nat': 'MX'}</msg>
<arg>${json_data['results'][0]}</arg>
<doc>Logs the given message with the given level.</doc>
<status status="PASS" start="2024-03-31T09:13:03.229564" elapsed="0.000408"/>
</kw>
<kw name="Log" owner="BuiltIn">
<msg time="2024-03-31T09:13:03.230400" level="INFO">login</msg>
<arg>${key}</arg>
<doc>Logs the given message with the given level.</doc>
<status status="PASS" start="2024-03-31T09:13:03.230262" elapsed="0.000276"/>
</kw>
<var name="${key}">login</var>
<status status="PASS" start="2024-03-31T09:13:03.228733" elapsed="0.002061"/>
</iter>
<var>${key}</var>
<value>@{expected_keys}</value>
<status status="PASS" start="2024-03-31T09:13:03.219850" elapsed="0.011070"/>
</for>
<kw name="Create List" owner="BuiltIn">
<msg time="2024-03-31T09:13:03.231252" level="INFO">${expected_keysTwo} = ['username', 'password']</msg>
<var>${expected_keysTwo}</var>
<arg>username</arg>
<arg>password</arg>
<doc>Returns a list containing given items.</doc>
<status status="PASS" start="2024-03-31T09:13:03.231114" elapsed="0.000162"/>
</kw>
<for flavor="IN">
<iter>
<kw name="Dictionary Should Contain Key" owner="Collections">
<msg time="2024-03-31T09:13:03.232162" level="INFO">False</msg>
<arg>${json_data['results'][0]['login']}</arg>
<arg>${keyTwo}</arg>
<doc>Fails if ``key`` is not found from ``dictionary``.</doc>
<status status="PASS" start="2024-03-31T09:13:03.231780" elapsed="0.000420"/>
</kw>
<kw name="Dictionary Should Contain Key" owner="Collections">
<msg time="2024-03-31T09:13:03.232912" level="INFO">False</msg>
<arg>${json_data['results'][0]['login']}</arg>
<arg>${keyTwo}</arg>
<doc>Fails if ``key`` is not found from ``dictionary``.</doc>
<status status="PASS" start="2024-03-31T09:13:03.232524" elapsed="0.000426"/>
</kw>
<kw name="Log" owner="BuiltIn">
<msg time="2024-03-31T09:13:03.233373" level="INFO">username</msg>
<arg>${keyTwo}</arg>
<doc>Logs the given message with the given level.</doc>
<status status="PASS" start="2024-03-31T09:13:03.233245" elapsed="0.000166"/>
</kw>
<var name="${keyTwo}">username</var>
<status status="PASS" start="2024-03-31T09:13:03.231668" elapsed="0.001955"/>
</iter>
<iter>
<kw name="Dictionary Should Contain Key" owner="Collections">
<msg time="2024-03-31T09:13:03.234286" level="INFO">False</msg>
<arg>${json_data['results'][0]['login']}</arg>
<arg>${keyTwo}</arg>
<doc>Fails if ``key`` is not found from ``dictionary``.</doc>
<status status="PASS" start="2024-03-31T09:13:03.233906" elapsed="0.000417"/>
</kw>
<kw name="Dictionary Should Contain Key" owner="Collections">
<msg time="2024-03-31T09:13:03.234989" level="INFO">False</msg>
<arg>${json_data['results'][0]['login']}</arg>
<arg>${keyTwo}</arg>
<doc>Fails if ``key`` is not found from ``dictionary``.</doc>
<status status="PASS" start="2024-03-31T09:13:03.234616" elapsed="0.000409"/>
</kw>
<kw name="Log" owner="BuiltIn">
<msg time="2024-03-31T09:13:03.235447" level="INFO">password</msg>
<arg>${keyTwo}</arg>
<doc>Logs the given message with the given level.</doc>
<status status="PASS" start="2024-03-31T09:13:03.235320" elapsed="0.000165"/>
</kw>
<var name="${keyTwo}">password</var>
<status status="PASS" start="2024-03-31T09:13:03.233796" elapsed="0.001903"/>
</iter>
<var>${keyTwo}</var>
<value>@{expected_keysTwo}</value>
<status status="PASS" start="2024-03-31T09:13:03.231514" elapsed="0.004315"/>
</for>
<status status="PASS" start="2024-03-31T09:13:03.106426" elapsed="0.129543"/>
</kw>
<doc>Testa a estrutura da resposta da API.</doc>
<tag>testeEstruturaResposta</tag>
<status status="PASS" start="2024-03-31T09:13:03.105809" elapsed="0.130316"/>
</test>
<test id="s1-s1-t4" name="Validar tipos de dados" line="28">
<kw name="Teste de Tipos de Dados" owner="random-user-service">
<kw name="GET On Session" owner="RequestsLibrary">
<msg time="2024-03-31T09:13:03.299541" level="INFO">GET Request : url=https://randomuser.me/api 
 path_url=/api 
 headers={'User-Agent': 'python-requests/2.31.0', 'Accept-Encoding': 'gzip, deflate', 'Accept': '*/*', 'Connection': 'keep-alive'} 
 body=None 
 </msg>
<msg time="2024-03-31T09:13:03.299625" level="INFO">GET Response : url=https://randomuser.me/api 
 status=200, reason=OK 
 headers={'Date': 'Sun, 31 Mar 2024 09:13:03 GMT', 'Content-Type': 'application/json; charset=utf-8', 'Transfer-Encoding': 'chunked', 'Connection': 'keep-alive', 'X-Powered-By': 'Express', 'Access-Control-Allow-Origin': '*', 'Cache-Control': 'no-cache', 'ETag': 'W/"487-0623HBEqU/QDKXHfrF2X4fyQG9E"', 'Vary': 'Accept-Encoding', 'Content-Encoding': 'gzip', 'CF-Cache-Status': 'DYNAMIC', 'Report-To': '{"endpoints":[{"url":"https:\\/\\/a.nel.cloudflare.com\\/report\\/v4?s=al8cCmHdGRDElYUs00Blxwl%2F2CKThn0oTOT8Q5aKtJVRSI%2BpK9RzSkj%2B9nYa56wPDwK%2BspuMSjorGzqXJT5J7fTSlfwiN%2FMuYyYEeP6ZyVvaHUe0tSEwaSncZux%2FvuOm"}],"group":"cf-nel","max_age":604800}', 'NEL': '{"success_fraction":0,"report_to":"cf-nel","max_age":604800}', 'Server': 'cloudflare', 'CF-RAY': '86cf38a34feb5824-IAD', 'alt-svc': 'h3=":443"; ma=86400'} 
 body={"results":[{"gender":"male","name":{"title":"Mr","first":"Etienne","last":"Ginnish"},"location":{"street":{"number":3744,"name":"Pine Rd"},"city":"Vanier","state":"Newfoundland and Labrador","country":"Canada","postcode":"N2W 6Q1","coordinates":{"latitude":"-68.2903","longitude":"-87.1748"},"timezone":{"offset":"-3:30","description":"Newfoundland"}},"email":"etienne.ginnish@example.com","login":{"uuid":"5555be5f-b5c5-4c86-a4fb-c87d2f9a23ef","username":"yellowpeacock801","password":"deluxe","salt":"RwVtVFxx","md5":"4f4d582aee0e1acc71991bbba23a38e5","sha1":"e7496cff44ed7a74b75120124a0c3579cad604b7","sha256":"cf2580bc1f782b40deb3f9670059cb29f72a573e3b195472fb95aa939e42cb40"},"dob":{"date":"1974-06-04T03:14:51.111Z","age":49},"registered":{"date":"2011-08-28T02:47:30.224Z","age":12},"phone":"E95 Q12-9922","cell":"Y71 I20-5426","id":{"name":"SIN","value":"882073638"},"picture":{"large":"https://randomuser.me/api/portraits/men/83.jpg","medium":"https://randomuser.me/api/portraits/med/men/83.jpg","thumbnail":"https://randomuser.me/api/portraits/thumb/men/83.jpg"},"nat":"CA"}],"info":{"seed":"b5af045f7cc64f40","results":1,"page":1,"version":"1.4"}} 
 </msg>
<msg time="2024-03-31T09:13:03.299695" level="INFO">/opt/hostedtoolcache/Python/3.12.2/x64/lib/python3.12/site-packages/urllib3/connectionpool.py:1103: InsecureRequestWarning: Unverified HTTPS request is being made to host 'randomuser.me'. Adding certificate verification is strongly advised. See: https://urllib3.readthedocs.io/en/latest/advanced-usage.html#tls-warnings
  warnings.warn(</msg>
<msg time="2024-03-31T09:13:03.299807" level="INFO">${response} = &lt;Response [200]&gt;</msg>
<var>${response}</var>
<arg>consultarAPI</arg>
<arg>/api</arg>
<doc>Sends a GET request on a previously created HTTP Session.</doc>
<status status="PASS" start="2024-03-31T09:13:03.238594" elapsed="0.061255"/>
</kw>
<kw name="Set Variable" owner="BuiltIn">
<msg time="2024-03-31T09:13:03.300878" level="INFO">${json_data} = {'results': [{'gender': 'male', 'name': {'title': 'Mr', 'first': 'Etienne', 'last': 'Ginnish'}, 'location': {'street': {'number': 3744, 'name': 'Pine Rd'}, 'city': 'Vanier', 'state': 'Newfoundland and...</msg>
<var>${json_data}</var>
<arg>${response.json()}</arg>
<doc>Returns the given values which can then be assigned to a variables.</doc>
<status status="PASS" start="2024-03-31T09:13:03.300386" elapsed="0.000520"/>
</kw>
<kw name="Log" owner="BuiltIn">
<msg time="2024-03-31T09:13:03.301376" level="INFO">{'results': [{'gender': 'male', 'name': {'title': 'Mr', 'first': 'Etienne', 'last': 'Ginnish'}, 'location': {'street': {'number': 3744, 'name': 'Pine Rd'}, 'city': 'Vanier', 'state': 'Newfoundland and Labrador', 'country': 'Canada', 'postcode': 'N2W 6Q1', 'coordinates': {'latitude': '-68.2903', 'longitude': '-87.1748'}, 'timezone': {'offset': '-3:30', 'description': 'Newfoundland'}}, 'email': 'etienne.ginnish@example.com', 'login': {'uuid': '5555be5f-b5c5-4c86-a4fb-c87d2f9a23ef', 'username': 'yellowpeacock801', 'password': 'deluxe', 'salt': 'RwVtVFxx', 'md5': '4f4d582aee0e1acc71991bbba23a38e5', 'sha1': 'e7496cff44ed7a74b75120124a0c3579cad604b7', 'sha256': 'cf2580bc1f782b40deb3f9670059cb29f72a573e3b195472fb95aa939e42cb40'}, 'dob': {'date': '1974-06-04T03:14:51.111Z', 'age': 49}, 'registered': {'date': '2011-08-28T02:47:30.224Z', 'age': 12}, 'phone': 'E95 Q12-9922', 'cell': 'Y71 I20-5426', 'id': {'name': 'SIN', 'value': '882073638'}, 'picture': {'large': 'https://randomuser.me/api/portraits/men/83.jpg', 'medium': 'https://randomuser.me/api/portraits/med/men/83.jpg', 'thumbnail': 'https://randomuser.me/api/portraits/thumb/men/83.jpg'}, 'nat': 'CA'}], 'info': {'seed': 'b5af045f7cc64f40', 'results': 1, 'page': 1, 'version': '1.4'}}</msg>
<arg>${json_data}</arg>
<doc>Logs the given message with the given level.</doc>
<status status="PASS" start="2024-03-31T09:13:03.301222" elapsed="0.000241"/>
</kw>
<kw name="Should Be String" owner="String">
<arg>${json_data['results'][0]['gender']}</arg>
<doc>Fails if the given ``item`` is not a string.</doc>
<status status="PASS" start="2024-03-31T09:13:03.301768" elapsed="0.000362"/>
</kw>
<kw name="Should Match Regexp" owner="BuiltIn">
<arg>${json_data['results'][0]['email']}</arg>
<arg>^[a-zA-Z0-9._%+-]+@[a-zA-Z0-9.-]+\.[a-zA-Z]{2,}$</arg>
<doc>Fails if ``string`` does not match ``pattern`` as a regular expression.</doc>
<status status="PASS" start="2024-03-31T09:13:03.302325" elapsed="0.000510"/>
</kw>
<kw name="Should Match Regexp" owner="BuiltIn">
<arg>${json_data['results'][0]['dob']['date']}</arg>
<arg>\\d{4}-\\d{2}-\\d{2}T\\d{2}:\\d{2}:\\d{2}\\.\\d{3}Z</arg>
<doc>Fails if ``string`` does not match ``pattern`` as a regular expression.</doc>
<status status="PASS" start="2024-03-31T09:13:03.303036" elapsed="0.000497"/>
</kw>
<kw name="Should Match Regexp" owner="BuiltIn">
<arg>${json_data['results'][0]['registered']['date']}</arg>
<arg>\\d{4}-\\d{2}-\\d{2}T\\d{2}:\\d{2}:\\d{2}\\.\\d{3}Z</arg>
<doc>Fails if ``string`` does not match ``pattern`` as a regular expression.</doc>
<status status="PASS" start="2024-03-31T09:13:03.303725" elapsed="0.000369"/>
</kw>
<kw name="Should Match Regexp" owner="BuiltIn">
<arg>${json_data['results'][0]['picture']['large']}</arg>
<arg>^https?://.*\.(?:png|jpe?g|gif|bmp)$</arg>
<doc>Fails if ``string`` does not match ``pattern`` as a regular expression.</doc>
<status status="PASS" start="2024-03-31T09:13:03.304291" elapsed="0.000482"/>
</kw>
<kw name="Should Match Regexp" owner="BuiltIn">
<arg>${json_data['results'][0]['picture']['medium']}</arg>
<arg>^https?://.*\.(?:png|jpe?g|gif|bmp)$</arg>
<doc>Fails if ``string`` does not match ``pattern`` as a regular expression.</doc>
<status status="PASS" start="2024-03-31T09:13:03.304971" elapsed="0.000370"/>
</kw>
<kw name="Should Match Regexp" owner="BuiltIn">
<arg>${json_data['results'][0]['picture']['thumbnail']}</arg>
<arg>^https?://.*\.(?:png|jpe?g|gif|bmp)$</arg>
<doc>Fails if ``string`` does not match ``pattern`` as a regular expression.</doc>
<status status="PASS" start="2024-03-31T09:13:03.305526" elapsed="0.000353"/>
</kw>
<kw name="Log" owner="BuiltIn">
<msg time="2024-03-31T09:13:03.306394" level="INFO">{'large': 'https://randomuser.me/api/portraits/men/83.jpg', 'medium': 'https://randomuser.me/api/portraits/med/men/83.jpg', 'thumbnail': 'https://randomuser.me/api/portraits/thumb/men/83.jpg'}</msg>
<arg>${json_data['results'][0]['picture']}</arg>
<doc>Logs the given message with the given level.</doc>
<status status="PASS" start="2024-03-31T09:13:03.306061" elapsed="0.000380"/>
</kw>
<status status="PASS" start="2024-03-31T09:13:03.238362" elapsed="0.068332"/>
</kw>
<kw name="Teste de Tipos de Dados - Postcode" owner="random-user-service">
<kw name="GET On Session" owner="RequestsLibrary">
<msg time="2024-03-31T09:13:03.409674" level="INFO">GET Request : url=https://randomuser.me/api 
 path_url=/api 
 headers={'User-Agent': 'python-requests/2.31.0', 'Accept-Encoding': 'gzip, deflate', 'Accept': '*/*', 'Connection': 'keep-alive'} 
 body=None 
 </msg>
<msg time="2024-03-31T09:13:03.409760" level="INFO">GET Response : url=https://randomuser.me/api 
 status=200, reason=OK 
 headers={'Date': 'Sun, 31 Mar 2024 09:13:03 GMT', 'Content-Type': 'application/json; charset=utf-8', 'Transfer-Encoding': 'chunked', 'Connection': 'keep-alive', 'X-Powered-By': 'Express', 'Access-Control-Allow-Origin': '*', 'Cache-Control': 'no-cache', 'ETag': 'W/"49d-7X5VEMdBBAQREsPlMycDW6OZ3k8"', 'Vary': 'Accept-Encoding', 'Content-Encoding': 'gzip', 'CF-Cache-Status': 'DYNAMIC', 'Report-To': '{"endpoints":[{"url":"https:\\/\\/a.nel.cloudflare.com\\/report\\/v4?s=MsvAWfnrPVlXsM0jpf9SGLB94P8HG6PEhL%2B1DT11%2FHmoI4or0xS4E8cfk0vp1oVHR4Lmi%2FzKBsGYY0IAyOHs9pcga94sdRMDUTS5iChP4UgR06WeNhGVeNv1hi1g93bk"}],"group":"cf-nel","max_age":604800}', 'NEL': '{"success_fraction":0,"report_to":"cf-nel","max_age":604800}', 'Server': 'cloudflare', 'CF-RAY': '86cf38a3a80f5824-IAD', 'alt-svc': 'h3=":443"; ma=86400'} 
 body={"results":[{"gender":"male","name":{"title":"Mr","first":"عباس","last":"سالاری"},"location":{"street":{"number":5707,"name":"قائم مقام فراهانی"},"city":"بیرجند","state":"فارس","country":"Iran","postcode":17338,"coordinates":{"latitude":"14.4374","longitude":"-171.4482"},"timezone":{"offset":"+1:00","description":"Brussels, Copenhagen, Madrid, Paris"}},"email":"aabs.slry@example.com","login":{"uuid":"94799481-1ed0-4d4b-9ae7-303320bfd673","username":"tinyladybug275","password":"peaches1","salt":"g51bZrTh","md5":"dd1cfe547aa0cb7dae6c3368297506f5","sha1":"949331b044c35e3581f222bf2308ae09f0ff5da5","sha256":"0849def089fc0b89ebe563cd9a96443706ade088498317f876aa1ed82d32cfc1"},"dob":{"date":"1947-07-04T17:16:31.354Z","age":76},"registered":{"date":"2006-07-19T00:36:58.908Z","age":17},"phone":"010-79834253","cell":"0962-364-2159","id":{"name":"","value":null},"picture":{"large":"https://randomuser.me/api/portraits/men/24.jpg","medium":"https://randomuser.me/api/portraits/med/men/24.jpg","thumbnail":"https://randomuser.me/api/portraits/thumb/men/24.jpg"},"nat":"IR"}],"info":{"seed":"40995f1dec504f55","results":1,"page":1,"version":"1.4"}} 
 </msg>
<msg time="2024-03-31T09:13:03.409850" level="INFO">/opt/hostedtoolcache/Python/3.12.2/x64/lib/python3.12/site-packages/urllib3/connectionpool.py:1103: InsecureRequestWarning: Unverified HTTPS request is being made to host 'randomuser.me'. Adding certificate verification is strongly advised. See: https://urllib3.readthedocs.io/en/latest/advanced-usage.html#tls-warnings
  warnings.warn(</msg>
<msg time="2024-03-31T09:13:03.409964" level="INFO">${response} = &lt;Response [200]&gt;</msg>
<var>${response}</var>
<arg>consultarAPI</arg>
<arg>/api</arg>
<doc>Sends a GET request on a previously created HTTP Session.</doc>
<status status="PASS" start="2024-03-31T09:13:03.307265" elapsed="0.102741"/>
</kw>
<kw name="Set Variable" owner="BuiltIn">
<msg time="2024-03-31T09:13:03.411002" level="INFO">${json_data} = {'results': [{'gender': 'male', 'name': {'title': 'Mr', 'first': 'عباس', 'last': 'سالاری'}, 'location': {'street': {'number': 5707, 'name': 'قائم مقام فراهانی'}, 'city': 'بیرجند', 'state': 'فارس', 'co...</msg>
<var>${json_data}</var>
<arg>${response.json()}</arg>
<doc>Returns the given values which can then be assigned to a variables.</doc>
<status status="PASS" start="2024-03-31T09:13:03.410556" elapsed="0.000477"/>
</kw>
<kw name="Log" owner="BuiltIn">
<msg time="2024-03-31T09:13:03.411497" level="INFO">{'results': [{'gender': 'male', 'name': {'title': 'Mr', 'first': 'عباس', 'last': 'سالاری'}, 'location': {'street': {'number': 5707, 'name': 'قائم مقام فراهانی'}, 'city': 'بیرجند', 'state': 'فارس', 'country': 'Iran', 'postcode': 17338, 'coordinates': {'latitude': '14.4374', 'longitude': '-171.4482'}, 'timezone': {'offset': '+1:00', 'description': 'Brussels, Copenhagen, Madrid, Paris'}}, 'email': 'aabs.slry@example.com', 'login': {'uuid': '94799481-1ed0-4d4b-9ae7-303320bfd673', 'username': 'tinyladybug275', 'password': 'peaches1', 'salt': 'g51bZrTh', 'md5': 'dd1cfe547aa0cb7dae6c3368297506f5', 'sha1': '949331b044c35e3581f222bf2308ae09f0ff5da5', 'sha256': '0849def089fc0b89ebe563cd9a96443706ade088498317f876aa1ed82d32cfc1'}, 'dob': {'date': '1947-07-04T17:16:31.354Z', 'age': 76}, 'registered': {'date': '2006-07-19T00:36:58.908Z', 'age': 17}, 'phone': '010-79834253', 'cell': '0962-364-2159', 'id': {'name': '', 'value': None}, 'picture': {'large': 'https://randomuser.me/api/portraits/men/24.jpg', 'medium': 'https://randomuser.me/api/portraits/med/men/24.jpg', 'thumbnail': 'https://randomuser.me/api/portraits/thumb/men/24.jpg'}, 'nat': 'IR'}], 'info': {'seed': '40995f1dec504f55', 'results': 1, 'page': 1, 'version': '1.4'}}</msg>
<arg>${json_data}</arg>
<doc>Logs the given message with the given level.</doc>
<status status="PASS" start="2024-03-31T09:13:03.411339" elapsed="0.000238"/>
</kw>
<kw name="Should Be Equal As Numbers" owner="BuiltIn">
<arg>${json_data['results'][0]['location']['postcode']}</arg>
<arg>${json_data['results'][0]['location']['postcode']}</arg>
<doc>Fails if objects are unequal after converting them to real numbers.</doc>
<status status="PASS" start="2024-03-31T09:13:03.411879" elapsed="0.000680"/>
</kw>
<kw name="Log" owner="BuiltIn">
<msg time="2024-03-31T09:13:03.413105" level="INFO">17338</msg>
<arg>${json_data['results'][0]['location']['postcode']}</arg>
<doc>Logs the given message with the given level.</doc>
<status status="PASS" start="2024-03-31T09:13:03.412767" elapsed="0.000380"/>
</kw>
<status status="PASS" start="2024-03-31T09:13:03.306910" elapsed="0.106488"/>
</kw>
<doc>Testa se os tipos de dados na resposta da API estão corretos.</doc>
<tag>testeTiposDados</tag>
<status status="PASS" start="2024-03-31T09:13:03.237926" elapsed="0.175634"/>
</test>
<test id="s1-s1-t5" name="Validar conteudo" line="35">
<kw name="Teste de Tipos de Conteudo" owner="random-user-service">
<kw name="GET On Session" owner="RequestsLibrary">
<msg time="2024-03-31T09:13:03.503825" level="INFO">GET Request : url=https://randomuser.me/api 
 path_url=/api 
 headers={'User-Agent': 'python-requests/2.31.0', 'Accept-Encoding': 'gzip, deflate', 'Accept': '*/*', 'Connection': 'keep-alive'} 
 body=None 
 </msg>
<msg time="2024-03-31T09:13:03.503907" level="INFO">GET Response : url=https://randomuser.me/api 
 status=200, reason=OK 
 headers={'Date': 'Sun, 31 Mar 2024 09:13:03 GMT', 'Content-Type': 'application/json; charset=utf-8', 'Transfer-Encoding': 'chunked', 'Connection': 'keep-alive', 'X-Powered-By': 'Express', 'Access-Control-Allow-Origin': '*', 'Cache-Control': 'no-cache', 'ETag': 'W/"47b-pdd1a+tpgjCclazAwE2nfMyt2sA"', 'Vary': 'Accept-Encoding', 'Content-Encoding': 'gzip', 'CF-Cache-Status': 'DYNAMIC', 'Report-To': '{"endpoints":[{"url":"https:\\/\\/a.nel.cloudflare.com\\/report\\/v4?s=ENLq8Q8n1PPgXXNRhc7fRr5pHfMU%2F8poChT9PvxgaxHvunM1ShvCsmDnXZCe6%2Fnjq9KHnvS%2B6XJpWk49PgsZoQbte2ypCR2lWvL%2BaRo81JhXA3GCnNInZgbNWi9pehoG"}],"group":"cf-nel","max_age":604800}', 'NEL': '{"success_fraction":0,"report_to":"cf-nel","max_age":604800}', 'Server': 'cloudflare', 'CF-RAY': '86cf38a458585824-IAD', 'alt-svc': 'h3=":443"; ma=86400'} 
 body={"results":[{"gender":"male","name":{"title":"Mr","first":"Ed","last":"Reid"},"location":{"street":{"number":186,"name":"Queensway"},"city":"Glasgow","state":"Staffordshire","country":"United Kingdom","postcode":"YP59 7SW","coordinates":{"latitude":"-9.7366","longitude":"-121.9953"},"timezone":{"offset":"-2:00","description":"Mid-Atlantic"}},"email":"ed.reid@example.com","login":{"uuid":"4b60a5d0-b560-4b07-bff6-660288c11636","username":"yellowgorilla472","password":"vickie","salt":"TuzdTdDB","md5":"15707e9f6521ce250d3fefbf882ee214","sha1":"33bfe625d99ebb24c9128637f7193ee20b4f2363","sha256":"1d4e66b9fc3754b9d0f6f561c6687a0339380482e223d33b446cdff73b6cfe39"},"dob":{"date":"1968-12-29T19:50:55.318Z","age":55},"registered":{"date":"2002-05-11T10:33:17.155Z","age":21},"phone":"015242 07132","cell":"07219 386420","id":{"name":"NINO","value":"OR 92 30 57 E"},"picture":{"large":"https://randomuser.me/api/portraits/men/16.jpg","medium":"https://randomuser.me/api/portraits/med/men/16.jpg","thumbnail":"https://randomuser.me/api/portraits/thumb/men/16.jpg"},"nat":"GB"}],"info":{"seed":"be70f2831e233900","results":1,"page":1,"version":"1.4"}} 
 </msg>
<msg time="2024-03-31T09:13:03.503977" level="INFO">/opt/hostedtoolcache/Python/3.12.2/x64/lib/python3.12/site-packages/urllib3/connectionpool.py:1103: InsecureRequestWarning: Unverified HTTPS request is being made to host 'randomuser.me'. Adding certificate verification is strongly advised. See: https://urllib3.readthedocs.io/en/latest/advanced-usage.html#tls-warnings
  warnings.warn(</msg>
<msg time="2024-03-31T09:13:03.504089" level="INFO">${response} = &lt;Response [200]&gt;</msg>
<var>${response}</var>
<arg>consultarAPI</arg>
<arg>/api</arg>
<doc>Sends a GET request on a previously created HTTP Session.</doc>
<status status="PASS" start="2024-03-31T09:13:03.416050" elapsed="0.088080"/>
</kw>
<kw name="Set Variable" owner="BuiltIn">
<msg time="2024-03-31T09:13:03.505149" level="INFO">${json_data} = {'results': [{'gender': 'male', 'name': {'title': 'Mr', 'first': 'Ed', 'last': 'Reid'}, 'location': {'street': {'number': 186, 'name': 'Queensway'}, 'city': 'Glasgow', 'state': 'Staffordshire', 'count...</msg>
<var>${json_data}</var>
<arg>${response.json()}</arg>
<doc>Returns the given values which can then be assigned to a variables.</doc>
<status status="PASS" start="2024-03-31T09:13:03.504709" elapsed="0.000468"/>
</kw>
<kw name="Set Variable" owner="BuiltIn">
<msg time="2024-03-31T09:13:03.505851" level="INFO">${name_title} = Mr</msg>
<var>${name_title}</var>
<arg>${json_data["results"][0]["name"]["title"]}</arg>
<doc>Returns the given values which can then be assigned to a variables.</doc>
<status status="PASS" start="2024-03-31T09:13:03.505477" elapsed="0.000399"/>
</kw>
<kw name="Create List" owner="BuiltIn">
<msg time="2024-03-31T09:13:03.506320" level="INFO">${allowed_titles} = ['Mr', 'Ms', 'Miss', 'Mrs', 'Madame', 'Monsieur']</msg>
<var>${allowed_titles}</var>
<arg>Mr</arg>
<arg>Ms</arg>
<arg>Miss</arg>
<arg>Mrs</arg>
<arg>Madame</arg>
<arg>Monsieur</arg>
<doc>Returns a list containing given items.</doc>
<status status="PASS" start="2024-03-31T09:13:03.506170" elapsed="0.000174"/>
</kw>
<kw name="List Should Contain Value" owner="Collections">
<msg time="2024-03-31T09:13:03.506818" level="INFO">False</msg>
<arg>${allowed_titles}</arg>
<arg>${name_title}</arg>
<doc>Fails if the ``value`` is not found from ``list``.</doc>
<status status="PASS" start="2024-03-31T09:13:03.506650" elapsed="0.000205"/>
</kw>
<kw name="Set Variable" owner="BuiltIn">
<msg time="2024-03-31T09:13:03.507513" level="INFO">${name_country} = GB</msg>
<var>${name_country}</var>
<arg>${json_data["results"][0]["nat"]}</arg>
<doc>Returns the given values which can then be assigned to a variables.</doc>
<status status="PASS" start="2024-03-31T09:13:03.507139" elapsed="0.000400"/>
</kw>
<kw name="Create List" owner="BuiltIn">
<msg time="2024-03-31T09:13:03.508453" level="INFO">${list_country} = ['AD', 'AE', 'AF', 'AG', 'AI', 'AL', 'AM', 'AO', 'AQ', 'AR', 'AS', 'AT', 'AU', 'AW', 'AX', 'AZ', 'BA', 'BB', 'BD', 'BE', 'BF', 'BG', 'BH', 'BI', 'BJ', 'BL', 'BM', 'BN', 'BO', 'BQ', 'BR', 'BS', 'BT', '...</msg>
<var>${list_country}</var>
<arg>AD</arg>
<arg>AE</arg>
<arg>AF</arg>
<arg>AG</arg>
<arg>AI</arg>
<arg>AL</arg>
<arg>AM</arg>
<arg>AO</arg>
<arg>AQ</arg>
<arg>AR</arg>
<arg>AS</arg>
<arg>AT</arg>
<arg>AU</arg>
<arg>AW</arg>
<arg>AX</arg>
<arg>AZ</arg>
<arg>BA</arg>
<arg>BB</arg>
<arg>BD</arg>
<arg>BE</arg>
<arg>BF</arg>
<arg>BG</arg>
<arg>BH</arg>
<arg>BI</arg>
<arg>BJ</arg>
<arg>BL</arg>
<arg>BM</arg>
<arg>BN</arg>
<arg>BO</arg>
<arg>BQ</arg>
<arg>BR</arg>
<arg>BS</arg>
<arg>BT</arg>
<arg>BV</arg>
<arg>BW</arg>
<arg>BY</arg>
<arg>BZ</arg>
<arg>CA</arg>
<arg>CC</arg>
<arg>CD</arg>
<arg>CF</arg>
<arg>CG</arg>
<arg>CH</arg>
<arg>CI</arg>
<arg>CK</arg>
<arg>CL</arg>
<arg>CM</arg>
<arg>CN</arg>
<arg>CO</arg>
<arg>CR</arg>
<arg>CU</arg>
<arg>CV</arg>
<arg>CW</arg>
<arg>CX</arg>
<arg>CY</arg>
<arg>CZ</arg>
<arg>DE</arg>
<arg>DJ</arg>
<arg>DK</arg>
<arg>DM</arg>
<arg>DO</arg>
<arg>DZ</arg>
<arg>EC</arg>
<arg>EE</arg>
<arg>EG</arg>
<arg>EH</arg>
<arg>ER</arg>
<arg>ES</arg>
<arg>ET</arg>
<arg>FI</arg>
<arg>FJ</arg>
<arg>FK</arg>
<arg>FM</arg>
<arg>FO</arg>
<arg>FR</arg>
<arg>GA</arg>
<arg>GB</arg>
<arg>GD</arg>
<arg>GE</arg>
<arg>GF</arg>
<arg>GG</arg>
<arg>GH</arg>
<arg>GI</arg>
<arg>GL</arg>
<arg>GM</arg>
<arg>GN</arg>
<arg>GP</arg>
<arg>GQ</arg>
<arg>GR</arg>
<arg>GS</arg>
<arg>GT</arg>
<arg>GU</arg>
<arg>GW</arg>
<arg>GY</arg>
<arg>HK</arg>
<arg>HM</arg>
<arg>HN</arg>
<arg>HR</arg>
<arg>HT</arg>
<arg>HU</arg>
<arg>ID</arg>
<arg>IE</arg>
<arg>IL</arg>
<arg>IM</arg>
<arg>IN</arg>
<arg>IO</arg>
<arg>IQ</arg>
<arg>IR</arg>
<arg>IS</arg>
<arg>IT</arg>
<arg>JE</arg>
<arg>JM</arg>
<arg>JO</arg>
<arg>JP</arg>
<arg>KE</arg>
<arg>KG</arg>
<arg>KH</arg>
<arg>KI</arg>
<arg>KM</arg>
<arg>KN</arg>
<arg>KP</arg>
<arg>KR</arg>
<arg>KW</arg>
<arg>KY</arg>
<arg>KZ</arg>
<arg>LA</arg>
<arg>LB</arg>
<arg>LC</arg>
<arg>LI</arg>
<arg>LK</arg>
<arg>LR</arg>
<arg>LS</arg>
<arg>LT</arg>
<arg>LU</arg>
<arg>LV</arg>
<arg>LY</arg>
<arg>MA</arg>
<arg>MC</arg>
<arg>MD</arg>
<arg>ME</arg>
<arg>MF</arg>
<arg>MG</arg>
<arg>MH</arg>
<arg>MK</arg>
<arg>ML</arg>
<arg>MM</arg>
<arg>MN</arg>
<arg>MO</arg>
<arg>MP</arg>
<arg>MQ</arg>
<arg>MR</arg>
<arg>MS</arg>
<arg>MT</arg>
<arg>MU</arg>
<arg>MV</arg>
<arg>MW</arg>
<arg>MX</arg>
<arg>MY</arg>
<arg>MZ</arg>
<arg>NA</arg>
<arg>NC</arg>
<arg>NE</arg>
<arg>NF</arg>
<arg>NG</arg>
<arg>NI</arg>
<arg>NL</arg>
<arg>NO</arg>
<arg>NP</arg>
<arg>NR</arg>
<arg>NU</arg>
<arg>NZ</arg>
<arg>OM</arg>
<arg>PA</arg>
<arg>PE</arg>
<arg>PF</arg>
<arg>PG</arg>
<arg>PH</arg>
<arg>PK</arg>
<arg>PL</arg>
<arg>PM</arg>
<arg>PN</arg>
<arg>PR</arg>
<arg>PS</arg>
<arg>PT</arg>
<arg>PW</arg>
<arg>PY</arg>
<arg>QA</arg>
<arg>RE</arg>
<arg>RO</arg>
<arg>RS</arg>
<arg>RU</arg>
<arg>RW</arg>
<arg>SA</arg>
<arg>SB</arg>
<arg>SC</arg>
<arg>SD</arg>
<arg>SE</arg>
<arg>SG</arg>
<arg>SH</arg>
<arg>SI</arg>
<arg>SJ</arg>
<arg>SK</arg>
<arg>SL</arg>
<arg>SM</arg>
<arg>SN</arg>
<arg>SO</arg>
<arg>SR</arg>
<arg>SS</arg>
<arg>ST</arg>
<arg>SV</arg>
<arg>SX</arg>
<arg>SY</arg>
<arg>SZ</arg>
<arg>TC</arg>
<arg>TD</arg>
<arg>TF</arg>
<arg>TG</arg>
<arg>TH</arg>
<arg>TJ</arg>
<arg>TK</arg>
<arg>TL</arg>
<arg>TM</arg>
<arg>TN</arg>
<arg>TO</arg>
<arg>TR</arg>
<arg>TT</arg>
<arg>TV</arg>
<arg>TW</arg>
<arg>TZ</arg>
<arg>UA</arg>
<arg>UG</arg>
<arg>UM</arg>
<arg>US</arg>
<arg>UY</arg>
<arg>UZ</arg>
<arg>VA</arg>
<arg>VC</arg>
<arg>VE</arg>
<arg>VG</arg>
<arg>VI</arg>
<arg>VN</arg>
<arg>VU</arg>
<arg>WF</arg>
<arg>WS</arg>
<arg>XK</arg>
<arg>YE</arg>
<arg>YT</arg>
<arg>ZA</arg>
<arg>ZM</arg>
<arg>ZW</arg>
<doc>Returns a list containing given items.</doc>
<status status="PASS" start="2024-03-31T09:13:03.507847" elapsed="0.000658"/>
</kw>
<kw name="List Should Contain Value" owner="Collections">
<msg time="2024-03-31T09:13:03.509625" level="INFO">False</msg>
<arg>${list_country}</arg>
<arg>${name_country}</arg>
<doc>Fails if the ``value`` is not found from ``list``.</doc>
<status status="PASS" start="2024-03-31T09:13:03.509420" elapsed="0.000242"/>
</kw>
<kw name="Run Keyword If" owner="BuiltIn">
<kw name="Should Be True" owner="BuiltIn">
<arg>${True}</arg>
<doc>Fails if the given condition is not true.</doc>
<status status="PASS" start="2024-03-31T09:13:03.510732" elapsed="0.000147"/>
</kw>
<arg>${json_data["results"][0]["location"]["coordinates"]["latitude"]} &gt;= -90 and ${json_data["results"][0]["location"]["coordinates"]["latitude"]} &lt;= 90</arg>
<arg>Should Be True</arg>
<arg>${True}</arg>
<doc>Runs the given keyword with the given arguments, if ``condition`` is true.</doc>
<status status="PASS" start="2024-03-31T09:13:03.509983" elapsed="0.001025"/>
</kw>
<kw name="Run Keyword If" owner="BuiltIn">
<kw name="Should Be True" owner="BuiltIn">
<arg>${True}</arg>
<doc>Fails if the given condition is not true.</doc>
<status status="PASS" start="2024-03-31T09:13:03.511891" elapsed="0.000139"/>
</kw>
<arg>${json_data["results"][0]["location"]["coordinates"]["longitude"]} &gt;= -180 and ${json_data["results"][0]["location"]["coordinates"]["longitude"]} &lt;= 180</arg>
<arg>Should Be True</arg>
<arg>${True}</arg>
<doc>Runs the given keyword with the given arguments, if ``condition`` is true.</doc>
<status status="PASS" start="2024-03-31T09:13:03.511197" elapsed="0.000959"/>
</kw>
<status status="PASS" start="2024-03-31T09:13:03.415820" elapsed="0.096485"/>
</kw>
<doc>Testa o conteúdo específico dos campos retornados pela API.</doc>
<tag>testeConteudo</tag>
<status status="PASS" start="2024-03-31T09:13:03.415314" elapsed="0.097138"/>
</test>
<status status="PASS" start="2024-03-31T09:13:02.577070" elapsed="0.937255"/>
</suite>
<status status="PASS" start="2024-03-31T09:13:02.563344" elapsed="0.956218"/>
</suite>
<statistics>
<total>
<stat pass="5" fail="0" skip="0">All Tests</stat>
</total>
<tag>
<stat pass="1" fail="0" skip="0">testeConteudo</stat>
<stat pass="1" fail="0" skip="0">testeEstruturaResposta</stat>
<stat pass="1" fail="0" skip="0">testeRequisicaoBasica</stat>
<stat pass="1" fail="0" skip="0">testeTiposDados</stat>
</tag>
<suite>
<stat pass="5" fail="0" skip="0" id="s1" name="Tests">Tests</stat>
<stat pass="5" fail="0" skip="0" id="s1-s1" name="Random-User-Test">Tests.Random-User-Test</stat>
</suite>
</statistics>
<errors>
</errors>
</robot>
