<?xml version="1.0" encoding="UTF-8"?>
<robot generator="Robot 7.0 (Python 3.12.3 on linux)" generated="2024-05-12T09:13:43.509713" rpa="false" schemaversion="5">
<suite id="s1" name="Tests" source="/home/runner/work/DesafioQAItauRogerioJordao/DesafioQAItauRogerioJordao/RamdonUser/tests">
<suite id="s1-s1" name="Random-User-Test" source="/home/runner/work/DesafioQAItauRogerioJordao/DesafioQAItauRogerioJordao/RamdonUser/tests/random-user-test.robot">
<test id="s1-s1-t1" name="Conectar" line="13">
<kw name="Conectar API" owner="random-user-service">
<kw name="Create Session" owner="RequestsLibrary">
<msg time="2024-05-12T09:13:43.929194" level="INFO">Creating Session using : alias=consultarAPI, url=https://randomuser.me/, headers={},                     cookies={}, auth=None, timeout=None, proxies=None, verify=False,                     debug=0 </msg>
<arg>consultarAPI</arg>
<arg>${URL}</arg>
<doc>Create Session: create a HTTP session to a server</doc>
<status status="PASS" start="2024-05-12T09:13:43.928998" elapsed="0.000369"/>
</kw>
<status status="PASS" start="2024-05-12T09:13:43.928068" elapsed="0.001648"/>
</kw>
<status status="PASS" start="2024-05-12T09:13:43.927530" elapsed="0.002381"/>
</test>
<test id="s1-s1-t2" name="Validar retorno 200 e JSON Válido" line="16">
<kw name="Teste de Requisicao Basica" owner="random-user-service">
<kw name="GET On Session" owner="RequestsLibrary">
<msg time="2024-05-12T09:13:44.065406" level="INFO">GET Request : url=https://randomuser.me/api 
 path_url=/api 
 headers={'User-Agent': 'python-requests/2.31.0', 'Accept-Encoding': 'gzip, deflate', 'Accept': '*/*', 'Connection': 'keep-alive'} 
 body=None 
 </msg>
<msg time="2024-05-12T09:13:44.065535" level="INFO">GET Response : url=https://randomuser.me/api 
 status=200, reason=OK 
 headers={'Date': 'Sun, 12 May 2024 09:13:44 GMT', 'Content-Type': 'application/json; charset=utf-8', 'Transfer-Encoding': 'chunked', 'Connection': 'keep-alive', 'X-Powered-By': 'Express', 'Access-Control-Allow-Origin': '*', 'Cache-Control': 'no-cache', 'ETag': 'W/"471-5NJoNHf7Gn56mW83svln4JkKwbI"', 'Vary': 'Accept-Encoding', 'Content-Encoding': 'gzip', 'CF-Cache-Status': 'DYNAMIC', 'Report-To': '{"endpoints":[{"url":"https:\\/\\/a.nel.cloudflare.com\\/report\\/v4?s=4FZGqjXm2efhPT7VbVlZTf50LDrLxX%2BzhVq5D6k69hVDHUSfbDlGfErUk0BwcZOyyV1p7N3kZcbnEXhu%2FAwThIKoht%2FMSyk7AqRivqsCnmeO6oQnErLyUJlsOgH47%2BkH"}],"group":"cf-nel","max_age":604800}', 'NEL': '{"success_fraction":0,"report_to":"cf-nel","max_age":604800}', 'Server': 'cloudflare', 'CF-RAY': '88294b61bd6efa56-SJC', 'alt-svc': 'h3=":443"; ma=86400'} 
 body={"results":[{"gender":"male","name":{"title":"Mr","first":"Umut","last":"Sepetçi"},"location":{"street":{"number":6780,"name":"Doktorlar Cd"},"city":"Antalya","state":"Siirt","country":"Turkey","postcode":57143,"coordinates":{"latitude":"70.0576","longitude":"-119.2899"},"timezone":{"offset":"+6:00","description":"Almaty, Dhaka, Colombo"}},"email":"umut.sepetci@example.com","login":{"uuid":"ebca21b8-51d6-4b64-a94d-e3b99694e81b","username":"crazyswan914","password":"mariners","salt":"ue1yTxr3","md5":"c910c23dc9a07bf082e7dc3b3094638c","sha1":"bbff323c7eea41a53f871271048d8644bfe13624","sha256":"ed2349a0fb276403cc63b831be03f540b5996deec241d7648ff3b651194374da"},"dob":{"date":"1957-10-23T16:37:16.651Z","age":66},"registered":{"date":"2017-02-12T00:02:45.200Z","age":7},"phone":"(546)-395-1645","cell":"(569)-191-4587","id":{"name":"","value":null},"picture":{"large":"https://randomuser.me/api/portraits/men/56.jpg","medium":"https://randomuser.me/api/portraits/med/men/56.jpg","thumbnail":"https://randomuser.me/api/portraits/thumb/men/56.jpg"},"nat":"TR"}],"info":{"seed":"ed6517a6d916dd48","results":1,"page":1,"version":"1.4"}} 
 </msg>
<msg time="2024-05-12T09:13:44.065622" level="INFO">/opt/hostedtoolcache/Python/3.12.3/x64/lib/python3.12/site-packages/urllib3/connectionpool.py:1103: InsecureRequestWarning: Unverified HTTPS request is being made to host 'randomuser.me'. Adding certificate verification is strongly advised. See: https://urllib3.readthedocs.io/en/latest/advanced-usage.html#tls-warnings
  warnings.warn(</msg>
<msg time="2024-05-12T09:13:44.065776" level="INFO">${response} = &lt;Response [200]&gt;</msg>
<var>${response}</var>
<arg>consultarAPI</arg>
<arg>/api</arg>
<doc>Sends a GET request on a previously created HTTP Session.</doc>
<status status="PASS" start="2024-05-12T09:13:43.932487" elapsed="0.133335"/>
</kw>
<kw name="Should Be Equal As Numbers" owner="BuiltIn">
<msg time="2024-05-12T09:13:44.066762" level="INFO">Argument types are:
&lt;class 'int'&gt;
&lt;class 'str'&gt;</msg>
<arg>${response.status_code}</arg>
<arg>200</arg>
<doc>Fails if objects are unequal after converting them to real numbers.</doc>
<status status="PASS" start="2024-05-12T09:13:44.066319" elapsed="0.000509"/>
</kw>
<kw name="Log" owner="BuiltIn">
<msg time="2024-05-12T09:13:44.067540" level="INFO">200</msg>
<arg>${response.status_code}</arg>
<doc>Logs the given message with the given level.</doc>
<status status="PASS" start="2024-05-12T09:13:44.067176" elapsed="0.000406"/>
</kw>
<kw name="Set Variable" owner="BuiltIn">
<msg time="2024-05-12T09:13:44.068388" level="INFO">${json_data} = {'results': [{'gender': 'male', 'name': {'title': 'Mr', 'first': 'Umut', 'last': 'Sepetçi'}, 'location': {'street': {'number': 6780, 'name': 'Doktorlar Cd'}, 'city': 'Antalya', 'state': 'Siirt', 'coun...</msg>
<var>${json_data}</var>
<arg>${response.json()}</arg>
<doc>Returns the given values which can then be assigned to a variables.</doc>
<status status="PASS" start="2024-05-12T09:13:44.067888" elapsed="0.000530"/>
</kw>
<kw name="Dictionary Should Contain Key" owner="Collections">
<msg time="2024-05-12T09:13:44.068901" level="INFO">False</msg>
<arg>${json_data}</arg>
<arg>results</arg>
<doc>Fails if ``key`` is not found from ``dictionary``.</doc>
<status status="PASS" start="2024-05-12T09:13:44.068729" elapsed="0.000213"/>
</kw>
<status status="PASS" start="2024-05-12T09:13:43.932247" elapsed="0.136954"/>
</kw>
<doc>Testa se a API responde corretamente e retorna um objeto JSON válido.</doc>
<tag>testeRequisicaoBasica</tag>
<status status="PASS" start="2024-05-12T09:13:43.931777" elapsed="0.137610"/>
</test>
<test id="s1-s1-t3" name="Validar estrutura de resposta" line="22">
<kw name="Teste de Estrutura de Resposta" owner="random-user-service">
<kw name="GET On Session" owner="RequestsLibrary">
<msg time="2024-05-12T09:13:44.155234" level="INFO">GET Request : url=https://randomuser.me/api 
 path_url=/api 
 headers={'User-Agent': 'python-requests/2.31.0', 'Accept-Encoding': 'gzip, deflate', 'Accept': '*/*', 'Connection': 'keep-alive'} 
 body=None 
 </msg>
<msg time="2024-05-12T09:13:44.155315" level="INFO">GET Response : url=https://randomuser.me/api 
 status=200, reason=OK 
 headers={'Date': 'Sun, 12 May 2024 09:13:44 GMT', 'Content-Type': 'application/json; charset=utf-8', 'Transfer-Encoding': 'chunked', 'Connection': 'keep-alive', 'X-Powered-By': 'Express', 'Access-Control-Allow-Origin': '*', 'Cache-Control': 'no-cache', 'ETag': 'W/"493-Q3+Dxm2IKeVqHDer/UjSB4/99Uw"', 'Vary': 'Accept-Encoding', 'Content-Encoding': 'gzip', 'CF-Cache-Status': 'DYNAMIC', 'Report-To': '{"endpoints":[{"url":"https:\\/\\/a.nel.cloudflare.com\\/report\\/v4?s=Rr68hg0jHQScfOQ5rVrHwmQHzzCW1oXOYvgGaLdpBNXyVHcGiGtDH3DQI%2FUq6946jb2Kk90ufSqAmPk9NFCi9ulDlb0SNMY32KbNfjQfkPqKE%2B1hEbRQy10PURbusS%2Be"}],"group":"cf-nel","max_age":604800}', 'NEL': '{"success_fraction":0,"report_to":"cf-nel","max_age":604800}', 'Server': 'cloudflare', 'CF-RAY': '88294b627ddefa56-SJC', 'alt-svc': 'h3=":443"; ma=86400'} 
 body={"results":[{"gender":"female","name":{"title":"Ms","first":"Lillie","last":"Frazier"},"location":{"street":{"number":996,"name":"Crockett St"},"city":"Darwin","state":"South Australia","country":"Australia","postcode":4544,"coordinates":{"latitude":"-88.6979","longitude":"175.6770"},"timezone":{"offset":"+4:00","description":"Abu Dhabi, Muscat, Baku, Tbilisi"}},"email":"lillie.frazier@example.com","login":{"uuid":"94e91248-5dc8-484b-89d7-2aee54c947d9","username":"heavydog700","password":"skyhawk","salt":"2UHHpSHK","md5":"1ac5c7f709c2916bb44bc366d5a77ac5","sha1":"88b4791a062f2d5a38542e34b2f625be92409ab5","sha256":"ebb79679bf8357784f7494ec5bfeb83d279384f51db90090084057f29f4c9040"},"dob":{"date":"1996-03-05T08:37:48.965Z","age":28},"registered":{"date":"2020-09-13T00:09:59.423Z","age":3},"phone":"02-7534-8531","cell":"0430-602-086","id":{"name":"TFN","value":"282949866"},"picture":{"large":"https://randomuser.me/api/portraits/women/33.jpg","medium":"https://randomuser.me/api/portraits/med/women/33.jpg","thumbnail":"https://randomuser.me/api/portraits/thumb/women/33.jpg"},"nat":"AU"}],"info":{"seed":"b191fc5c1139d615","results":1,"page":1,"version":"1.4"}} 
 </msg>
<msg time="2024-05-12T09:13:44.155410" level="INFO">/opt/hostedtoolcache/Python/3.12.3/x64/lib/python3.12/site-packages/urllib3/connectionpool.py:1103: InsecureRequestWarning: Unverified HTTPS request is being made to host 'randomuser.me'. Adding certificate verification is strongly advised. See: https://urllib3.readthedocs.io/en/latest/advanced-usage.html#tls-warnings
  warnings.warn(</msg>
<msg time="2024-05-12T09:13:44.155522" level="INFO">${response} = &lt;Response [200]&gt;</msg>
<var>${response}</var>
<arg>consultarAPI</arg>
<arg>/api</arg>
<doc>Sends a GET request on a previously created HTTP Session.</doc>
<status status="PASS" start="2024-05-12T09:13:44.072121" elapsed="0.083442"/>
</kw>
<kw name="Set Variable" owner="BuiltIn">
<msg time="2024-05-12T09:13:44.156485" level="INFO">${json_data} = {'results': [{'gender': 'female', 'name': {'title': 'Ms', 'first': 'Lillie', 'last': 'Frazier'}, 'location': {'street': {'number': 996, 'name': 'Crockett St'}, 'city': 'Darwin', 'state': 'South Austra...</msg>
<var>${json_data}</var>
<arg>${response.json()}</arg>
<doc>Returns the given values which can then be assigned to a variables.</doc>
<status status="PASS" start="2024-05-12T09:13:44.156000" elapsed="0.000513"/>
</kw>
<kw name="Log" owner="BuiltIn">
<msg time="2024-05-12T09:13:44.156973" level="INFO">{'results': [{'gender': 'female', 'name': {'title': 'Ms', 'first': 'Lillie', 'last': 'Frazier'}, 'location': {'street': {'number': 996, 'name': 'Crockett St'}, 'city': 'Darwin', 'state': 'South Australia', 'country': 'Australia', 'postcode': 4544, 'coordinates': {'latitude': '-88.6979', 'longitude': '175.6770'}, 'timezone': {'offset': '+4:00', 'description': 'Abu Dhabi, Muscat, Baku, Tbilisi'}}, 'email': 'lillie.frazier@example.com', 'login': {'uuid': '94e91248-5dc8-484b-89d7-2aee54c947d9', 'username': 'heavydog700', 'password': 'skyhawk', 'salt': '2UHHpSHK', 'md5': '1ac5c7f709c2916bb44bc366d5a77ac5', 'sha1': '88b4791a062f2d5a38542e34b2f625be92409ab5', 'sha256': 'ebb79679bf8357784f7494ec5bfeb83d279384f51db90090084057f29f4c9040'}, 'dob': {'date': '1996-03-05T08:37:48.965Z', 'age': 28}, 'registered': {'date': '2020-09-13T00:09:59.423Z', 'age': 3}, 'phone': '02-7534-8531', 'cell': '0430-602-086', 'id': {'name': 'TFN', 'value': '282949866'}, 'picture': {'large': 'https://randomuser.me/api/portraits/women/33.jpg', 'medium': 'https://randomuser.me/api/portraits/med/women/33.jpg', 'thumbnail': 'https://randomuser.me/api/portraits/thumb/women/33.jpg'}, 'nat': 'AU'}], 'info': {'seed': 'b191fc5c1139d615', 'results': 1, 'page': 1, 'version': '1.4'}}</msg>
<arg>${json_data}</arg>
<doc>Logs the given message with the given level.</doc>
<status status="PASS" start="2024-05-12T09:13:44.156817" elapsed="0.000203"/>
</kw>
<kw name="Dictionary Should Contain Key" owner="Collections">
<msg time="2024-05-12T09:13:44.157469" level="INFO">False</msg>
<arg>${json_data}</arg>
<arg>results</arg>
<doc>Fails if ``key`` is not found from ``dictionary``.</doc>
<status status="PASS" start="2024-05-12T09:13:44.157313" elapsed="0.000193"/>
</kw>
<kw name="Should Not Be Empty" owner="BuiltIn">
<msg time="2024-05-12T09:13:44.157931" level="INFO">Length is 2.</msg>
<arg>${json_data}</arg>
<doc>Verifies that the given item is not empty.</doc>
<status status="PASS" start="2024-05-12T09:13:44.157799" elapsed="0.000305"/>
</kw>
<kw name="Create List" owner="BuiltIn">
<msg time="2024-05-12T09:13:44.158551" level="INFO">${expected_keys} = ['gender', 'name', 'location', 'email', 'login']</msg>
<var>${expected_keys}</var>
<arg>gender</arg>
<arg>name</arg>
<arg>location</arg>
<arg>email</arg>
<arg>login</arg>
<doc>Returns a list containing given items.</doc>
<status status="PASS" start="2024-05-12T09:13:44.158399" elapsed="0.000176"/>
</kw>
<for flavor="IN">
<iter>
<kw name="Dictionary Should Contain Key" owner="Collections">
<msg time="2024-05-12T09:13:44.159544" level="INFO">False</msg>
<arg>${json_data['results'][0]}</arg>
<arg>${key}</arg>
<doc>Fails if ``key`` is not found from ``dictionary``.</doc>
<status status="PASS" start="2024-05-12T09:13:44.159142" elapsed="0.000440"/>
</kw>
<kw name="Log" owner="BuiltIn">
<msg time="2024-05-12T09:13:44.160311" level="INFO">{'gender': 'female', 'name': {'title': 'Ms', 'first': 'Lillie', 'last': 'Frazier'}, 'location': {'street': {'number': 996, 'name': 'Crockett St'}, 'city': 'Darwin', 'state': 'South Australia', 'country': 'Australia', 'postcode': 4544, 'coordinates': {'latitude': '-88.6979', 'longitude': '175.6770'}, 'timezone': {'offset': '+4:00', 'description': 'Abu Dhabi, Muscat, Baku, Tbilisi'}}, 'email': 'lillie.frazier@example.com', 'login': {'uuid': '94e91248-5dc8-484b-89d7-2aee54c947d9', 'username': 'heavydog700', 'password': 'skyhawk', 'salt': '2UHHpSHK', 'md5': '1ac5c7f709c2916bb44bc366d5a77ac5', 'sha1': '88b4791a062f2d5a38542e34b2f625be92409ab5', 'sha256': 'ebb79679bf8357784f7494ec5bfeb83d279384f51db90090084057f29f4c9040'}, 'dob': {'date': '1996-03-05T08:37:48.965Z', 'age': 28}, 'registered': {'date': '2020-09-13T00:09:59.423Z', 'age': 3}, 'phone': '02-7534-8531', 'cell': '0430-602-086', 'id': {'name': 'TFN', 'value': '282949866'}, 'picture': {'large': 'https://randomuser.me/api/portraits/women/33.jpg', 'medium': 'https://randomuser.me/api/portraits/med/women/33.jpg', 'thumbnail': 'https://randomuser.me/api/portraits/thumb/women/33.jpg'}, 'nat': 'AU'}</msg>
<arg>${json_data['results'][0]}</arg>
<doc>Logs the given message with the given level.</doc>
<status status="PASS" start="2024-05-12T09:13:44.159879" elapsed="0.000481"/>
</kw>
<kw name="Log" owner="BuiltIn">
<msg time="2024-05-12T09:13:44.160789" level="INFO">gender</msg>
<arg>${key}</arg>
<doc>Logs the given message with the given level.</doc>
<status status="PASS" start="2024-05-12T09:13:44.160662" elapsed="0.000165"/>
</kw>
<var name="${key}">gender</var>
<status status="PASS" start="2024-05-12T09:13:44.159017" elapsed="0.002025"/>
</iter>
<iter>
<kw name="Dictionary Should Contain Key" owner="Collections">
<msg time="2024-05-12T09:13:44.161718" level="INFO">False</msg>
<arg>${json_data['results'][0]}</arg>
<arg>${key}</arg>
<doc>Fails if ``key`` is not found from ``dictionary``.</doc>
<status status="PASS" start="2024-05-12T09:13:44.161341" elapsed="0.000414"/>
</kw>
<kw name="Log" owner="BuiltIn">
<msg time="2024-05-12T09:13:44.162442" level="INFO">{'gender': 'female', 'name': {'title': 'Ms', 'first': 'Lillie', 'last': 'Frazier'}, 'location': {'street': {'number': 996, 'name': 'Crockett St'}, 'city': 'Darwin', 'state': 'South Australia', 'country': 'Australia', 'postcode': 4544, 'coordinates': {'latitude': '-88.6979', 'longitude': '175.6770'}, 'timezone': {'offset': '+4:00', 'description': 'Abu Dhabi, Muscat, Baku, Tbilisi'}}, 'email': 'lillie.frazier@example.com', 'login': {'uuid': '94e91248-5dc8-484b-89d7-2aee54c947d9', 'username': 'heavydog700', 'password': 'skyhawk', 'salt': '2UHHpSHK', 'md5': '1ac5c7f709c2916bb44bc366d5a77ac5', 'sha1': '88b4791a062f2d5a38542e34b2f625be92409ab5', 'sha256': 'ebb79679bf8357784f7494ec5bfeb83d279384f51db90090084057f29f4c9040'}, 'dob': {'date': '1996-03-05T08:37:48.965Z', 'age': 28}, 'registered': {'date': '2020-09-13T00:09:59.423Z', 'age': 3}, 'phone': '02-7534-8531', 'cell': '0430-602-086', 'id': {'name': 'TFN', 'value': '282949866'}, 'picture': {'large': 'https://randomuser.me/api/portraits/women/33.jpg', 'medium': 'https://randomuser.me/api/portraits/med/women/33.jpg', 'thumbnail': 'https://randomuser.me/api/portraits/thumb/women/33.jpg'}, 'nat': 'AU'}</msg>
<arg>${json_data['results'][0]}</arg>
<doc>Logs the given message with the given level.</doc>
<status status="PASS" start="2024-05-12T09:13:44.162074" elapsed="0.000415"/>
</kw>
<kw name="Log" owner="BuiltIn">
<msg time="2024-05-12T09:13:44.162906" level="INFO">name</msg>
<arg>${key}</arg>
<doc>Logs the given message with the given level.</doc>
<status status="PASS" start="2024-05-12T09:13:44.162782" elapsed="0.000162"/>
</kw>
<var name="${key}">name</var>
<status status="PASS" start="2024-05-12T09:13:44.161226" elapsed="0.001929"/>
</iter>
<iter>
<kw name="Dictionary Should Contain Key" owner="Collections">
<msg time="2024-05-12T09:13:44.163822" level="INFO">False</msg>
<arg>${json_data['results'][0]}</arg>
<arg>${key}</arg>
<doc>Fails if ``key`` is not found from ``dictionary``.</doc>
<status status="PASS" start="2024-05-12T09:13:44.163443" elapsed="0.000416"/>
</kw>
<kw name="Log" owner="BuiltIn">
<msg time="2024-05-12T09:13:44.164571" level="INFO">{'gender': 'female', 'name': {'title': 'Ms', 'first': 'Lillie', 'last': 'Frazier'}, 'location': {'street': {'number': 996, 'name': 'Crockett St'}, 'city': 'Darwin', 'state': 'South Australia', 'country': 'Australia', 'postcode': 4544, 'coordinates': {'latitude': '-88.6979', 'longitude': '175.6770'}, 'timezone': {'offset': '+4:00', 'description': 'Abu Dhabi, Muscat, Baku, Tbilisi'}}, 'email': 'lillie.frazier@example.com', 'login': {'uuid': '94e91248-5dc8-484b-89d7-2aee54c947d9', 'username': 'heavydog700', 'password': 'skyhawk', 'salt': '2UHHpSHK', 'md5': '1ac5c7f709c2916bb44bc366d5a77ac5', 'sha1': '88b4791a062f2d5a38542e34b2f625be92409ab5', 'sha256': 'ebb79679bf8357784f7494ec5bfeb83d279384f51db90090084057f29f4c9040'}, 'dob': {'date': '1996-03-05T08:37:48.965Z', 'age': 28}, 'registered': {'date': '2020-09-13T00:09:59.423Z', 'age': 3}, 'phone': '02-7534-8531', 'cell': '0430-602-086', 'id': {'name': 'TFN', 'value': '282949866'}, 'picture': {'large': 'https://randomuser.me/api/portraits/women/33.jpg', 'medium': 'https://randomuser.me/api/portraits/med/women/33.jpg', 'thumbnail': 'https://randomuser.me/api/portraits/thumb/women/33.jpg'}, 'nat': 'AU'}</msg>
<arg>${json_data['results'][0]}</arg>
<doc>Logs the given message with the given level.</doc>
<status status="PASS" start="2024-05-12T09:13:44.164204" elapsed="0.000415"/>
</kw>
<kw name="Log" owner="BuiltIn">
<msg time="2024-05-12T09:13:44.165038" level="INFO">location</msg>
<arg>${key}</arg>
<doc>Logs the given message with the given level.</doc>
<status status="PASS" start="2024-05-12T09:13:44.164911" elapsed="0.000165"/>
</kw>
<var name="${key}">location</var>
<status status="PASS" start="2024-05-12T09:13:44.163333" elapsed="0.001958"/>
</iter>
<iter>
<kw name="Dictionary Should Contain Key" owner="Collections">
<msg time="2024-05-12T09:13:44.165959" level="INFO">False</msg>
<arg>${json_data['results'][0]}</arg>
<arg>${key}</arg>
<doc>Fails if ``key`` is not found from ``dictionary``.</doc>
<status status="PASS" start="2024-05-12T09:13:44.165574" elapsed="0.000422"/>
</kw>
<kw name="Log" owner="BuiltIn">
<msg time="2024-05-12T09:13:44.166656" level="INFO">{'gender': 'female', 'name': {'title': 'Ms', 'first': 'Lillie', 'last': 'Frazier'}, 'location': {'street': {'number': 996, 'name': 'Crockett St'}, 'city': 'Darwin', 'state': 'South Australia', 'country': 'Australia', 'postcode': 4544, 'coordinates': {'latitude': '-88.6979', 'longitude': '175.6770'}, 'timezone': {'offset': '+4:00', 'description': 'Abu Dhabi, Muscat, Baku, Tbilisi'}}, 'email': 'lillie.frazier@example.com', 'login': {'uuid': '94e91248-5dc8-484b-89d7-2aee54c947d9', 'username': 'heavydog700', 'password': 'skyhawk', 'salt': '2UHHpSHK', 'md5': '1ac5c7f709c2916bb44bc366d5a77ac5', 'sha1': '88b4791a062f2d5a38542e34b2f625be92409ab5', 'sha256': 'ebb79679bf8357784f7494ec5bfeb83d279384f51db90090084057f29f4c9040'}, 'dob': {'date': '1996-03-05T08:37:48.965Z', 'age': 28}, 'registered': {'date': '2020-09-13T00:09:59.423Z', 'age': 3}, 'phone': '02-7534-8531', 'cell': '0430-602-086', 'id': {'name': 'TFN', 'value': '282949866'}, 'picture': {'large': 'https://randomuser.me/api/portraits/women/33.jpg', 'medium': 'https://randomuser.me/api/portraits/med/women/33.jpg', 'thumbnail': 'https://randomuser.me/api/portraits/thumb/women/33.jpg'}, 'nat': 'AU'}</msg>
<arg>${json_data['results'][0]}</arg>
<doc>Logs the given message with the given level.</doc>
<status status="PASS" start="2024-05-12T09:13:44.166298" elapsed="0.000406"/>
</kw>
<kw name="Log" owner="BuiltIn">
<msg time="2024-05-12T09:13:44.167119" level="INFO">email</msg>
<arg>${key}</arg>
<doc>Logs the given message with the given level.</doc>
<status status="PASS" start="2024-05-12T09:13:44.166995" elapsed="0.000161"/>
</kw>
<var name="${key}">email</var>
<status status="PASS" start="2024-05-12T09:13:44.165465" elapsed="0.001903"/>
</iter>
<iter>
<kw name="Dictionary Should Contain Key" owner="Collections">
<msg time="2024-05-12T09:13:44.168099" level="INFO">False</msg>
<arg>${json_data['results'][0]}</arg>
<arg>${key}</arg>
<doc>Fails if ``key`` is not found from ``dictionary``.</doc>
<status status="PASS" start="2024-05-12T09:13:44.167647" elapsed="0.000493"/>
</kw>
<kw name="Log" owner="BuiltIn">
<msg time="2024-05-12T09:13:44.168806" level="INFO">{'gender': 'female', 'name': {'title': 'Ms', 'first': 'Lillie', 'last': 'Frazier'}, 'location': {'street': {'number': 996, 'name': 'Crockett St'}, 'city': 'Darwin', 'state': 'South Australia', 'country': 'Australia', 'postcode': 4544, 'coordinates': {'latitude': '-88.6979', 'longitude': '175.6770'}, 'timezone': {'offset': '+4:00', 'description': 'Abu Dhabi, Muscat, Baku, Tbilisi'}}, 'email': 'lillie.frazier@example.com', 'login': {'uuid': '94e91248-5dc8-484b-89d7-2aee54c947d9', 'username': 'heavydog700', 'password': 'skyhawk', 'salt': '2UHHpSHK', 'md5': '1ac5c7f709c2916bb44bc366d5a77ac5', 'sha1': '88b4791a062f2d5a38542e34b2f625be92409ab5', 'sha256': 'ebb79679bf8357784f7494ec5bfeb83d279384f51db90090084057f29f4c9040'}, 'dob': {'date': '1996-03-05T08:37:48.965Z', 'age': 28}, 'registered': {'date': '2020-09-13T00:09:59.423Z', 'age': 3}, 'phone': '02-7534-8531', 'cell': '0430-602-086', 'id': {'name': 'TFN', 'value': '282949866'}, 'picture': {'large': 'https://randomuser.me/api/portraits/women/33.jpg', 'medium': 'https://randomuser.me/api/portraits/med/women/33.jpg', 'thumbnail': 'https://randomuser.me/api/portraits/thumb/women/33.jpg'}, 'nat': 'AU'}</msg>
<arg>${json_data['results'][0]}</arg>
<doc>Logs the given message with the given level.</doc>
<status status="PASS" start="2024-05-12T09:13:44.168437" elapsed="0.000417"/>
</kw>
<kw name="Log" owner="BuiltIn">
<msg time="2024-05-12T09:13:44.169275" level="INFO">login</msg>
<arg>${key}</arg>
<doc>Logs the given message with the given level.</doc>
<status status="PASS" start="2024-05-12T09:13:44.169148" elapsed="0.000166"/>
</kw>
<var name="${key}">login</var>
<status status="PASS" start="2024-05-12T09:13:44.167539" elapsed="0.002016"/>
</iter>
<var>${key}</var>
<value>@{expected_keys}</value>
<status status="PASS" start="2024-05-12T09:13:44.158833" elapsed="0.010847"/>
</for>
<kw name="Create List" owner="BuiltIn">
<msg time="2024-05-12T09:13:44.170006" level="INFO">${expected_keysTwo} = ['username', 'password']</msg>
<var>${expected_keysTwo}</var>
<arg>username</arg>
<arg>password</arg>
<doc>Returns a list containing given items.</doc>
<status status="PASS" start="2024-05-12T09:13:44.169870" elapsed="0.000160"/>
</kw>
<for flavor="IN">
<iter>
<kw name="Dictionary Should Contain Key" owner="Collections">
<msg time="2024-05-12T09:13:44.170910" level="INFO">False</msg>
<arg>${json_data['results'][0]['login']}</arg>
<arg>${keyTwo}</arg>
<doc>Fails if ``key`` is not found from ``dictionary``.</doc>
<status status="PASS" start="2024-05-12T09:13:44.170521" elapsed="0.000426"/>
</kw>
<kw name="Dictionary Should Contain Key" owner="Collections">
<msg time="2024-05-12T09:13:44.171623" level="INFO">False</msg>
<arg>${json_data['results'][0]['login']}</arg>
<arg>${keyTwo}</arg>
<doc>Fails if ``key`` is not found from ``dictionary``.</doc>
<status status="PASS" start="2024-05-12T09:13:44.171238" elapsed="0.000422"/>
</kw>
<kw name="Log" owner="BuiltIn">
<msg time="2024-05-12T09:13:44.172140" level="INFO">username</msg>
<arg>${keyTwo}</arg>
<doc>Logs the given message with the given level.</doc>
<status status="PASS" start="2024-05-12T09:13:44.171953" elapsed="0.000232"/>
</kw>
<var name="${keyTwo}">username</var>
<status status="PASS" start="2024-05-12T09:13:44.170412" elapsed="0.001993"/>
</iter>
<iter>
<kw name="Dictionary Should Contain Key" owner="Collections">
<msg time="2024-05-12T09:13:44.173155" level="INFO">False</msg>
<arg>${json_data['results'][0]['login']}</arg>
<arg>${keyTwo}</arg>
<doc>Fails if ``key`` is not found from ``dictionary``.</doc>
<status status="PASS" start="2024-05-12T09:13:44.172686" elapsed="0.000510"/>
</kw>
<kw name="Dictionary Should Contain Key" owner="Collections">
<msg time="2024-05-12T09:13:44.173873" level="INFO">False</msg>
<arg>${json_data['results'][0]['login']}</arg>
<arg>${keyTwo}</arg>
<doc>Fails if ``key`` is not found from ``dictionary``.</doc>
<status status="PASS" start="2024-05-12T09:13:44.173491" elapsed="0.000419"/>
</kw>
<kw name="Log" owner="BuiltIn">
<msg time="2024-05-12T09:13:44.174329" level="INFO">password</msg>
<arg>${keyTwo}</arg>
<doc>Logs the given message with the given level.</doc>
<status status="PASS" start="2024-05-12T09:13:44.174201" elapsed="0.000165"/>
</kw>
<var name="${keyTwo}">password</var>
<status status="PASS" start="2024-05-12T09:13:44.172577" elapsed="0.002002"/>
</iter>
<var>${keyTwo}</var>
<value>@{expected_keysTwo}</value>
<status status="PASS" start="2024-05-12T09:13:44.170262" elapsed="0.004437"/>
</for>
<status status="PASS" start="2024-05-12T09:13:44.071845" elapsed="0.102987"/>
</kw>
<doc>Testa a estrutura da resposta da API.</doc>
<tag>testeEstruturaResposta</tag>
<status status="PASS" start="2024-05-12T09:13:44.071243" elapsed="0.103739"/>
</test>
<test id="s1-s1-t4" name="Validar tipos de dados" line="28">
<kw name="Teste de Tipos de Dados" owner="random-user-service">
<kw name="GET On Session" owner="RequestsLibrary">
<msg time="2024-05-12T09:13:44.269424" level="INFO">GET Request : url=https://randomuser.me/api 
 path_url=/api 
 headers={'User-Agent': 'python-requests/2.31.0', 'Accept-Encoding': 'gzip, deflate', 'Accept': '*/*', 'Connection': 'keep-alive'} 
 body=None 
 </msg>
<msg time="2024-05-12T09:13:44.269512" level="INFO">GET Response : url=https://randomuser.me/api 
 status=200, reason=OK 
 headers={'Date': 'Sun, 12 May 2024 09:13:44 GMT', 'Content-Type': 'application/json; charset=utf-8', 'Transfer-Encoding': 'chunked', 'Connection': 'keep-alive', 'X-Powered-By': 'Express', 'Access-Control-Allow-Origin': '*', 'Cache-Control': 'no-cache', 'ETag': 'W/"47a-6oXUp2gyz5t7FM7md5wk1A0ZJcU"', 'Vary': 'Accept-Encoding', 'Content-Encoding': 'gzip', 'CF-Cache-Status': 'DYNAMIC', 'Report-To': '{"endpoints":[{"url":"https:\\/\\/a.nel.cloudflare.com\\/report\\/v4?s=OgEytp%2B0B5RTaPCxY3BvY5M9Aj13ejOrwNDh4IHg3Rw6OIaC%2BrUiBPpKW%2Br8oDmqb%2FMqVbk419D15InNkL1%2FSW2UntlmzbxlIY8HQqOy%2BIGvUAEqM0CdCv%2FcIi%2BLBY8m"}],"group":"cf-nel","max_age":604800}', 'NEL': '{"success_fraction":0,"report_to":"cf-nel","max_age":604800}', 'Server': 'cloudflare', 'CF-RAY': '88294b631e49fa56-SJC', 'alt-svc': 'h3=":443"; ma=86400'} 
 body={"results":[{"gender":"female","name":{"title":"Ms","first":"آوین","last":"صدر"},"location":{"street":{"number":7787,"name":"سهروردی"},"city":"شهریار","state":"سمنان","country":"Iran","postcode":21959,"coordinates":{"latitude":"18.8102","longitude":"6.0897"},"timezone":{"offset":"+6:00","description":"Almaty, Dhaka, Colombo"}},"email":"awyn.sdr@example.com","login":{"uuid":"16ccc596-2c4c-4def-9d5f-fcede035ba84","username":"yellowzebra802","password":"eeeee","salt":"WrY339eY","md5":"793a7ec0aadff9f61d676a59d49e61b8","sha1":"e3c7ebe12b269415736114f801c5b0c0b418cf85","sha256":"4897bf2e8fbbbd817adb7012f9c6cea0c11a91200241fb2c5d06e586872bede0"},"dob":{"date":"1995-12-26T18:42:53.090Z","age":28},"registered":{"date":"2019-08-25T19:15:32.976Z","age":4},"phone":"001-37652263","cell":"0918-719-0560","id":{"name":"","value":null},"picture":{"large":"https://randomuser.me/api/portraits/women/88.jpg","medium":"https://randomuser.me/api/portraits/med/women/88.jpg","thumbnail":"https://randomuser.me/api/portraits/thumb/women/88.jpg"},"nat":"IR"}],"info":{"seed":"bd4e3b73d9404865","results":1,"page":1,"version":"1.4"}} 
 </msg>
<msg time="2024-05-12T09:13:44.269573" level="INFO">/opt/hostedtoolcache/Python/3.12.3/x64/lib/python3.12/site-packages/urllib3/connectionpool.py:1103: InsecureRequestWarning: Unverified HTTPS request is being made to host 'randomuser.me'. Adding certificate verification is strongly advised. See: https://urllib3.readthedocs.io/en/latest/advanced-usage.html#tls-warnings
  warnings.warn(</msg>
<msg time="2024-05-12T09:13:44.269658" level="INFO">${response} = &lt;Response [200]&gt;</msg>
<var>${response}</var>
<arg>consultarAPI</arg>
<arg>/api</arg>
<doc>Sends a GET request on a previously created HTTP Session.</doc>
<status status="PASS" start="2024-05-12T09:13:44.177591" elapsed="0.092105"/>
</kw>
<kw name="Set Variable" owner="BuiltIn">
<msg time="2024-05-12T09:13:44.270829" level="INFO">${json_data} = {'results': [{'gender': 'female', 'name': {'title': 'Ms', 'first': 'آوین', 'last': 'صدر'}, 'location': {'street': {'number': 7787, 'name': 'سهروردی'}, 'city': 'شهریار', 'state': 'سمنان', 'country': 'I...</msg>
<var>${json_data}</var>
<arg>${response.json()}</arg>
<doc>Returns the given values which can then be assigned to a variables.</doc>
<status status="PASS" start="2024-05-12T09:13:44.270180" elapsed="0.000681"/>
</kw>
<kw name="Log" owner="BuiltIn">
<msg time="2024-05-12T09:13:44.271336" level="INFO">{'results': [{'gender': 'female', 'name': {'title': 'Ms', 'first': 'آوین', 'last': 'صدر'}, 'location': {'street': {'number': 7787, 'name': 'سهروردی'}, 'city': 'شهریار', 'state': 'سمنان', 'country': 'Iran', 'postcode': 21959, 'coordinates': {'latitude': '18.8102', 'longitude': '6.0897'}, 'timezone': {'offset': '+6:00', 'description': 'Almaty, Dhaka, Colombo'}}, 'email': 'awyn.sdr@example.com', 'login': {'uuid': '16ccc596-2c4c-4def-9d5f-fcede035ba84', 'username': 'yellowzebra802', 'password': 'eeeee', 'salt': 'WrY339eY', 'md5': '793a7ec0aadff9f61d676a59d49e61b8', 'sha1': 'e3c7ebe12b269415736114f801c5b0c0b418cf85', 'sha256': '4897bf2e8fbbbd817adb7012f9c6cea0c11a91200241fb2c5d06e586872bede0'}, 'dob': {'date': '1995-12-26T18:42:53.090Z', 'age': 28}, 'registered': {'date': '2019-08-25T19:15:32.976Z', 'age': 4}, 'phone': '001-37652263', 'cell': '0918-719-0560', 'id': {'name': '', 'value': None}, 'picture': {'large': 'https://randomuser.me/api/portraits/women/88.jpg', 'medium': 'https://randomuser.me/api/portraits/med/women/88.jpg', 'thumbnail': 'https://randomuser.me/api/portraits/thumb/women/88.jpg'}, 'nat': 'IR'}], 'info': {'seed': 'bd4e3b73d9404865', 'results': 1, 'page': 1, 'version': '1.4'}}</msg>
<arg>${json_data}</arg>
<doc>Logs the given message with the given level.</doc>
<status status="PASS" start="2024-05-12T09:13:44.271179" elapsed="0.000237"/>
</kw>
<kw name="Should Be String" owner="String">
<arg>${json_data['results'][0]['gender']}</arg>
<doc>Fails if the given ``item`` is not a string.</doc>
<status status="PASS" start="2024-05-12T09:13:44.271712" elapsed="0.000421"/>
</kw>
<kw name="Should Match Regexp" owner="BuiltIn">
<arg>${json_data['results'][0]['email']}</arg>
<arg>^[a-zA-Z0-9._%+-]+@[a-zA-Z0-9.-]+\.[a-zA-Z]{2,}$</arg>
<doc>Fails if ``string`` does not match ``pattern`` as a regular expression.</doc>
<status status="PASS" start="2024-05-12T09:13:44.272326" elapsed="0.000508"/>
</kw>
<kw name="Should Match Regexp" owner="BuiltIn">
<arg>${json_data['results'][0]['dob']['date']}</arg>
<arg>\\d{4}-\\d{2}-\\d{2}T\\d{2}:\\d{2}:\\d{2}\\.\\d{3}Z</arg>
<doc>Fails if ``string`` does not match ``pattern`` as a regular expression.</doc>
<status status="PASS" start="2024-05-12T09:13:44.273026" elapsed="0.000484"/>
</kw>
<kw name="Should Match Regexp" owner="BuiltIn">
<arg>${json_data['results'][0]['registered']['date']}</arg>
<arg>\\d{4}-\\d{2}-\\d{2}T\\d{2}:\\d{2}:\\d{2}\\.\\d{3}Z</arg>
<doc>Fails if ``string`` does not match ``pattern`` as a regular expression.</doc>
<status status="PASS" start="2024-05-12T09:13:44.273700" elapsed="0.000371"/>
</kw>
<kw name="Should Match Regexp" owner="BuiltIn">
<arg>${json_data['results'][0]['picture']['large']}</arg>
<arg>^https?://.*\.(?:png|jpe?g|gif|bmp)$</arg>
<doc>Fails if ``string`` does not match ``pattern`` as a regular expression.</doc>
<status status="PASS" start="2024-05-12T09:13:44.274260" elapsed="0.000457"/>
</kw>
<kw name="Should Match Regexp" owner="BuiltIn">
<arg>${json_data['results'][0]['picture']['medium']}</arg>
<arg>^https?://.*\.(?:png|jpe?g|gif|bmp)$</arg>
<doc>Fails if ``string`` does not match ``pattern`` as a regular expression.</doc>
<status status="PASS" start="2024-05-12T09:13:44.274903" elapsed="0.000353"/>
</kw>
<kw name="Should Match Regexp" owner="BuiltIn">
<arg>${json_data['results'][0]['picture']['thumbnail']}</arg>
<arg>^https?://.*\.(?:png|jpe?g|gif|bmp)$</arg>
<doc>Fails if ``string`` does not match ``pattern`` as a regular expression.</doc>
<status status="PASS" start="2024-05-12T09:13:44.275439" elapsed="0.000351"/>
</kw>
<kw name="Log" owner="BuiltIn">
<msg time="2024-05-12T09:13:44.276319" level="INFO">{'large': 'https://randomuser.me/api/portraits/women/88.jpg', 'medium': 'https://randomuser.me/api/portraits/med/women/88.jpg', 'thumbnail': 'https://randomuser.me/api/portraits/thumb/women/88.jpg'}</msg>
<arg>${json_data['results'][0]['picture']}</arg>
<doc>Logs the given message with the given level.</doc>
<status status="PASS" start="2024-05-12T09:13:44.275988" elapsed="0.000372"/>
</kw>
<status status="PASS" start="2024-05-12T09:13:44.177368" elapsed="0.099243"/>
</kw>
<kw name="Teste de Tipos de Dados - Postcode" owner="random-user-service">
<kw name="GET On Session" owner="RequestsLibrary">
<msg time="2024-05-12T09:13:44.362007" level="INFO">GET Request : url=https://randomuser.me/api 
 path_url=/api 
 headers={'User-Agent': 'python-requests/2.31.0', 'Accept-Encoding': 'gzip, deflate', 'Accept': '*/*', 'Connection': 'keep-alive'} 
 body=None 
 </msg>
<msg time="2024-05-12T09:13:44.362089" level="INFO">GET Response : url=https://randomuser.me/api 
 status=200, reason=OK 
 headers={'Date': 'Sun, 12 May 2024 09:13:44 GMT', 'Content-Type': 'application/json; charset=utf-8', 'Transfer-Encoding': 'chunked', 'Connection': 'keep-alive', 'X-Powered-By': 'Express', 'Access-Control-Allow-Origin': '*', 'Cache-Control': 'no-cache', 'ETag': 'W/"488-key2I/0N2OYTzvJVLE+F2vLgNyA"', 'Vary': 'Accept-Encoding', 'Content-Encoding': 'gzip', 'CF-Cache-Status': 'DYNAMIC', 'Report-To': '{"endpoints":[{"url":"https:\\/\\/a.nel.cloudflare.com\\/report\\/v4?s=d8WEPA6TRkrMMJCCNUvHFjCe5s8uVeJXBu0gqa51v19ZNdWbFsD04CHQepYd0YLnCdvxzmrXvWOuQIeE5FL%2FGrfEaVgfbB0xMTfrGDlLrTWBluuFK3L4wz07faKKztd6"}],"group":"cf-nel","max_age":604800}', 'NEL': '{"success_fraction":0,"report_to":"cf-nel","max_age":604800}', 'Server': 'cloudflare', 'CF-RAY': '88294b63bec0fa56-SJC', 'alt-svc': 'h3=":443"; ma=86400'} 
 body={"results":[{"gender":"male","name":{"title":"Mr","first":"Harley","last":"Patel"},"location":{"street":{"number":3215,"name":"Wai-Iti Road"},"city":"Dunedin","state":"Wellington","country":"New Zealand","postcode":52747,"coordinates":{"latitude":"50.6668","longitude":"-126.3286"},"timezone":{"offset":"-4:00","description":"Atlantic Time (Canada), Caracas, La Paz"}},"email":"harley.patel@example.com","login":{"uuid":"6945e2e7-b9ae-40d1-b169-12a0276d2e41","username":"happymouse156","password":"bacardi","salt":"TJN4a2eU","md5":"753ccfbe7e8cef31ed791648be09d2be","sha1":"00caf0c0c3835eb2718f2df61a4dce17760c1119","sha256":"ce9890e4646d6c196da42c0d971de8782adc042758f29340b74859987681ed2b"},"dob":{"date":"1952-03-03T21:16:37.497Z","age":72},"registered":{"date":"2015-07-13T22:07:26.277Z","age":8},"phone":"(143)-819-2095","cell":"(532)-076-4278","id":{"name":"","value":null},"picture":{"large":"https://randomuser.me/api/portraits/men/2.jpg","medium":"https://randomuser.me/api/portraits/med/men/2.jpg","thumbnail":"https://randomuser.me/api/portraits/thumb/men/2.jpg"},"nat":"NZ"}],"info":{"seed":"5d06c972bda43d61","results":1,"page":1,"version":"1.4"}} 
 </msg>
<msg time="2024-05-12T09:13:44.362161" level="INFO">/opt/hostedtoolcache/Python/3.12.3/x64/lib/python3.12/site-packages/urllib3/connectionpool.py:1103: InsecureRequestWarning: Unverified HTTPS request is being made to host 'randomuser.me'. Adding certificate verification is strongly advised. See: https://urllib3.readthedocs.io/en/latest/advanced-usage.html#tls-warnings
  warnings.warn(</msg>
<msg time="2024-05-12T09:13:44.362275" level="INFO">${response} = &lt;Response [200]&gt;</msg>
<var>${response}</var>
<arg>consultarAPI</arg>
<arg>/api</arg>
<doc>Sends a GET request on a previously created HTTP Session.</doc>
<status status="PASS" start="2024-05-12T09:13:44.277039" elapsed="0.085291"/>
</kw>
<kw name="Set Variable" owner="BuiltIn">
<msg time="2024-05-12T09:13:44.363443" level="INFO">${json_data} = {'results': [{'gender': 'male', 'name': {'title': 'Mr', 'first': 'Harley', 'last': 'Patel'}, 'location': {'street': {'number': 3215, 'name': 'Wai-Iti Road'}, 'city': 'Dunedin', 'state': 'Wellington', ...</msg>
<var>${json_data}</var>
<arg>${response.json()}</arg>
<doc>Returns the given values which can then be assigned to a variables.</doc>
<status status="PASS" start="2024-05-12T09:13:44.362867" elapsed="0.000604"/>
</kw>
<kw name="Log" owner="BuiltIn">
<msg time="2024-05-12T09:13:44.363933" level="INFO">{'results': [{'gender': 'male', 'name': {'title': 'Mr', 'first': 'Harley', 'last': 'Patel'}, 'location': {'street': {'number': 3215, 'name': 'Wai-Iti Road'}, 'city': 'Dunedin', 'state': 'Wellington', 'country': 'New Zealand', 'postcode': 52747, 'coordinates': {'latitude': '50.6668', 'longitude': '-126.3286'}, 'timezone': {'offset': '-4:00', 'description': 'Atlantic Time (Canada), Caracas, La Paz'}}, 'email': 'harley.patel@example.com', 'login': {'uuid': '6945e2e7-b9ae-40d1-b169-12a0276d2e41', 'username': 'happymouse156', 'password': 'bacardi', 'salt': 'TJN4a2eU', 'md5': '753ccfbe7e8cef31ed791648be09d2be', 'sha1': '00caf0c0c3835eb2718f2df61a4dce17760c1119', 'sha256': 'ce9890e4646d6c196da42c0d971de8782adc042758f29340b74859987681ed2b'}, 'dob': {'date': '1952-03-03T21:16:37.497Z', 'age': 72}, 'registered': {'date': '2015-07-13T22:07:26.277Z', 'age': 8}, 'phone': '(143)-819-2095', 'cell': '(532)-076-4278', 'id': {'name': '', 'value': None}, 'picture': {'large': 'https://randomuser.me/api/portraits/men/2.jpg', 'medium': 'https://randomuser.me/api/portraits/med/men/2.jpg', 'thumbnail': 'https://randomuser.me/api/portraits/thumb/men/2.jpg'}, 'nat': 'NZ'}], 'info': {'seed': '5d06c972bda43d61', 'results': 1, 'page': 1, 'version': '1.4'}}</msg>
<arg>${json_data}</arg>
<doc>Logs the given message with the given level.</doc>
<status status="PASS" start="2024-05-12T09:13:44.363777" elapsed="0.000274"/>
</kw>
<kw name="Should Be Equal As Numbers" owner="BuiltIn">
<arg>${json_data['results'][0]['location']['postcode']}</arg>
<arg>${json_data['results'][0]['location']['postcode']}</arg>
<doc>Fails if objects are unequal after converting them to real numbers.</doc>
<status status="PASS" start="2024-05-12T09:13:44.364495" elapsed="0.000628"/>
</kw>
<kw name="Log" owner="BuiltIn">
<msg time="2024-05-12T09:13:44.365650" level="INFO">52747</msg>
<arg>${json_data['results'][0]['location']['postcode']}</arg>
<doc>Logs the given message with the given level.</doc>
<status status="PASS" start="2024-05-12T09:13:44.365313" elapsed="0.000378"/>
</kw>
<status status="PASS" start="2024-05-12T09:13:44.276827" elapsed="0.089114"/>
</kw>
<doc>Testa se os tipos de dados na resposta da API estão corretos.</doc>
<tag>testeTiposDados</tag>
<status status="PASS" start="2024-05-12T09:13:44.176810" elapsed="0.189287"/>
</test>
<test id="s1-s1-t5" name="Validar conteudo" line="35">
<kw name="Teste de Tipos de Conteudo" owner="random-user-service">
<kw name="GET On Session" owner="RequestsLibrary">
<msg time="2024-05-12T09:13:44.464393" level="INFO">GET Request : url=https://randomuser.me/api 
 path_url=/api 
 headers={'User-Agent': 'python-requests/2.31.0', 'Accept-Encoding': 'gzip, deflate', 'Accept': '*/*', 'Connection': 'keep-alive'} 
 body=None 
 </msg>
<msg time="2024-05-12T09:13:44.464469" level="INFO">GET Response : url=https://randomuser.me/api 
 status=200, reason=OK 
 headers={'Date': 'Sun, 12 May 2024 09:13:44 GMT', 'Content-Type': 'application/json; charset=utf-8', 'Transfer-Encoding': 'chunked', 'Connection': 'keep-alive', 'X-Powered-By': 'Express', 'Access-Control-Allow-Origin': '*', 'Cache-Control': 'no-cache', 'ETag': 'W/"48f-/miHnUrTZg/KUBZ+ckA9sTuCxv0"', 'Vary': 'Accept-Encoding', 'Content-Encoding': 'gzip', 'CF-Cache-Status': 'DYNAMIC', 'Report-To': '{"endpoints":[{"url":"https:\\/\\/a.nel.cloudflare.com\\/report\\/v4?s=f7QnjK8MSysiju03hyDnhqsFlrFwWbWAv%2FWN0kQQMPIorY12S8p%2BKyd58SxqvJEVkFAsiU5R4UZwRePY1Rpq6mJBQP70TQmABRav8nKszOlm3wAbpRStMiyKcHP4NSal"}],"group":"cf-nel","max_age":604800}', 'NEL': '{"success_fraction":0,"report_to":"cf-nel","max_age":604800}', 'Server': 'cloudflare', 'CF-RAY': '88294b645f23fa56-SJC', 'alt-svc': 'h3=":443"; ma=86400'} 
 body={"results":[{"gender":"male","name":{"title":"Mr","first":"Todd","last":"Richardson"},"location":{"street":{"number":2613,"name":"Saddle Dr"},"city":"Hampton","state":"Maine","country":"United States","postcode":48402,"coordinates":{"latitude":"85.3793","longitude":"-162.4632"},"timezone":{"offset":"-3:00","description":"Brazil, Buenos Aires, Georgetown"}},"email":"todd.richardson@example.com","login":{"uuid":"ec54b656-0ac9-4876-be6a-5d03331356e5","username":"happymouse398","password":"trash","salt":"dPUMIExC","md5":"5695da53f2e60204507088d21e373a3c","sha1":"3515a770d7bcee398db149c8f344f04dcbffaf85","sha256":"4c6d655b2bfee7df9e666afe14953b7b07513071ce600b5603d6db65042e1554"},"dob":{"date":"1991-12-17T02:27:30.417Z","age":32},"registered":{"date":"2002-05-20T03:46:02.911Z","age":21},"phone":"(321) 333-8303","cell":"(454) 960-8454","id":{"name":"SSN","value":"543-62-5081"},"picture":{"large":"https://randomuser.me/api/portraits/men/21.jpg","medium":"https://randomuser.me/api/portraits/med/men/21.jpg","thumbnail":"https://randomuser.me/api/portraits/thumb/men/21.jpg"},"nat":"US"}],"info":{"seed":"f4d6e0e0f7aa2908","results":1,"page":1,"version":"1.4"}} 
 </msg>
<msg time="2024-05-12T09:13:44.464537" level="INFO">/opt/hostedtoolcache/Python/3.12.3/x64/lib/python3.12/site-packages/urllib3/connectionpool.py:1103: InsecureRequestWarning: Unverified HTTPS request is being made to host 'randomuser.me'. Adding certificate verification is strongly advised. See: https://urllib3.readthedocs.io/en/latest/advanced-usage.html#tls-warnings
  warnings.warn(</msg>
<msg time="2024-05-12T09:13:44.464651" level="INFO">${response} = &lt;Response [200]&gt;</msg>
<var>${response}</var>
<arg>consultarAPI</arg>
<arg>/api</arg>
<doc>Sends a GET request on a previously created HTTP Session.</doc>
<status status="PASS" start="2024-05-12T09:13:44.368596" elapsed="0.096104"/>
</kw>
<kw name="Set Variable" owner="BuiltIn">
<msg time="2024-05-12T09:13:44.465772" level="INFO">${json_data} = {'results': [{'gender': 'male', 'name': {'title': 'Mr', 'first': 'Todd', 'last': 'Richardson'}, 'location': {'street': {'number': 2613, 'name': 'Saddle Dr'}, 'city': 'Hampton', 'state': 'Maine', 'coun...</msg>
<var>${json_data}</var>
<arg>${response.json()}</arg>
<doc>Returns the given values which can then be assigned to a variables.</doc>
<status status="PASS" start="2024-05-12T09:13:44.465173" elapsed="0.000628"/>
</kw>
<kw name="Set Variable" owner="BuiltIn">
<msg time="2024-05-12T09:13:44.466516" level="INFO">${name_title} = Mr</msg>
<var>${name_title}</var>
<arg>${json_data["results"][0]["name"]["title"]}</arg>
<doc>Returns the given values which can then be assigned to a variables.</doc>
<status status="PASS" start="2024-05-12T09:13:44.466115" elapsed="0.000426"/>
</kw>
<kw name="Create List" owner="BuiltIn">
<msg time="2024-05-12T09:13:44.466998" level="INFO">${allowed_titles} = ['Mr', 'Ms', 'Miss', 'Mrs', 'Madame', 'Monsieur']</msg>
<var>${allowed_titles}</var>
<arg>Mr</arg>
<arg>Ms</arg>
<arg>Miss</arg>
<arg>Mrs</arg>
<arg>Madame</arg>
<arg>Monsieur</arg>
<doc>Returns a list containing given items.</doc>
<status status="PASS" start="2024-05-12T09:13:44.466846" elapsed="0.000175"/>
</kw>
<kw name="List Should Contain Value" owner="Collections">
<msg time="2024-05-12T09:13:44.467485" level="INFO">False</msg>
<arg>${allowed_titles}</arg>
<arg>${name_title}</arg>
<doc>Fails if the ``value`` is not found from ``list``.</doc>
<status status="PASS" start="2024-05-12T09:13:44.467320" elapsed="0.000200"/>
</kw>
<kw name="Set Variable" owner="BuiltIn">
<msg time="2024-05-12T09:13:44.468216" level="INFO">${name_country} = US</msg>
<var>${name_country}</var>
<arg>${json_data["results"][0]["nat"]}</arg>
<doc>Returns the given values which can then be assigned to a variables.</doc>
<status status="PASS" start="2024-05-12T09:13:44.467804" elapsed="0.000436"/>
</kw>
<kw name="Create List" owner="BuiltIn">
<msg time="2024-05-12T09:13:44.469120" level="INFO">${list_country} = ['AD', 'AE', 'AF', 'AG', 'AI', 'AL', 'AM', 'AO', 'AQ', 'AR', 'AS', 'AT', 'AU', 'AW', 'AX', 'AZ', 'BA', 'BB', 'BD', 'BE', 'BF', 'BG', 'BH', 'BI', 'BJ', 'BL', 'BM', 'BN', 'BO', 'BQ', 'BR', 'BS', 'BT', '...</msg>
<var>${list_country}</var>
<arg>AD</arg>
<arg>AE</arg>
<arg>AF</arg>
<arg>AG</arg>
<arg>AI</arg>
<arg>AL</arg>
<arg>AM</arg>
<arg>AO</arg>
<arg>AQ</arg>
<arg>AR</arg>
<arg>AS</arg>
<arg>AT</arg>
<arg>AU</arg>
<arg>AW</arg>
<arg>AX</arg>
<arg>AZ</arg>
<arg>BA</arg>
<arg>BB</arg>
<arg>BD</arg>
<arg>BE</arg>
<arg>BF</arg>
<arg>BG</arg>
<arg>BH</arg>
<arg>BI</arg>
<arg>BJ</arg>
<arg>BL</arg>
<arg>BM</arg>
<arg>BN</arg>
<arg>BO</arg>
<arg>BQ</arg>
<arg>BR</arg>
<arg>BS</arg>
<arg>BT</arg>
<arg>BV</arg>
<arg>BW</arg>
<arg>BY</arg>
<arg>BZ</arg>
<arg>CA</arg>
<arg>CC</arg>
<arg>CD</arg>
<arg>CF</arg>
<arg>CG</arg>
<arg>CH</arg>
<arg>CI</arg>
<arg>CK</arg>
<arg>CL</arg>
<arg>CM</arg>
<arg>CN</arg>
<arg>CO</arg>
<arg>CR</arg>
<arg>CU</arg>
<arg>CV</arg>
<arg>CW</arg>
<arg>CX</arg>
<arg>CY</arg>
<arg>CZ</arg>
<arg>DE</arg>
<arg>DJ</arg>
<arg>DK</arg>
<arg>DM</arg>
<arg>DO</arg>
<arg>DZ</arg>
<arg>EC</arg>
<arg>EE</arg>
<arg>EG</arg>
<arg>EH</arg>
<arg>ER</arg>
<arg>ES</arg>
<arg>ET</arg>
<arg>FI</arg>
<arg>FJ</arg>
<arg>FK</arg>
<arg>FM</arg>
<arg>FO</arg>
<arg>FR</arg>
<arg>GA</arg>
<arg>GB</arg>
<arg>GD</arg>
<arg>GE</arg>
<arg>GF</arg>
<arg>GG</arg>
<arg>GH</arg>
<arg>GI</arg>
<arg>GL</arg>
<arg>GM</arg>
<arg>GN</arg>
<arg>GP</arg>
<arg>GQ</arg>
<arg>GR</arg>
<arg>GS</arg>
<arg>GT</arg>
<arg>GU</arg>
<arg>GW</arg>
<arg>GY</arg>
<arg>HK</arg>
<arg>HM</arg>
<arg>HN</arg>
<arg>HR</arg>
<arg>HT</arg>
<arg>HU</arg>
<arg>ID</arg>
<arg>IE</arg>
<arg>IL</arg>
<arg>IM</arg>
<arg>IN</arg>
<arg>IO</arg>
<arg>IQ</arg>
<arg>IR</arg>
<arg>IS</arg>
<arg>IT</arg>
<arg>JE</arg>
<arg>JM</arg>
<arg>JO</arg>
<arg>JP</arg>
<arg>KE</arg>
<arg>KG</arg>
<arg>KH</arg>
<arg>KI</arg>
<arg>KM</arg>
<arg>KN</arg>
<arg>KP</arg>
<arg>KR</arg>
<arg>KW</arg>
<arg>KY</arg>
<arg>KZ</arg>
<arg>LA</arg>
<arg>LB</arg>
<arg>LC</arg>
<arg>LI</arg>
<arg>LK</arg>
<arg>LR</arg>
<arg>LS</arg>
<arg>LT</arg>
<arg>LU</arg>
<arg>LV</arg>
<arg>LY</arg>
<arg>MA</arg>
<arg>MC</arg>
<arg>MD</arg>
<arg>ME</arg>
<arg>MF</arg>
<arg>MG</arg>
<arg>MH</arg>
<arg>MK</arg>
<arg>ML</arg>
<arg>MM</arg>
<arg>MN</arg>
<arg>MO</arg>
<arg>MP</arg>
<arg>MQ</arg>
<arg>MR</arg>
<arg>MS</arg>
<arg>MT</arg>
<arg>MU</arg>
<arg>MV</arg>
<arg>MW</arg>
<arg>MX</arg>
<arg>MY</arg>
<arg>MZ</arg>
<arg>NA</arg>
<arg>NC</arg>
<arg>NE</arg>
<arg>NF</arg>
<arg>NG</arg>
<arg>NI</arg>
<arg>NL</arg>
<arg>NO</arg>
<arg>NP</arg>
<arg>NR</arg>
<arg>NU</arg>
<arg>NZ</arg>
<arg>OM</arg>
<arg>PA</arg>
<arg>PE</arg>
<arg>PF</arg>
<arg>PG</arg>
<arg>PH</arg>
<arg>PK</arg>
<arg>PL</arg>
<arg>PM</arg>
<arg>PN</arg>
<arg>PR</arg>
<arg>PS</arg>
<arg>PT</arg>
<arg>PW</arg>
<arg>PY</arg>
<arg>QA</arg>
<arg>RE</arg>
<arg>RO</arg>
<arg>RS</arg>
<arg>RU</arg>
<arg>RW</arg>
<arg>SA</arg>
<arg>SB</arg>
<arg>SC</arg>
<arg>SD</arg>
<arg>SE</arg>
<arg>SG</arg>
<arg>SH</arg>
<arg>SI</arg>
<arg>SJ</arg>
<arg>SK</arg>
<arg>SL</arg>
<arg>SM</arg>
<arg>SN</arg>
<arg>SO</arg>
<arg>SR</arg>
<arg>SS</arg>
<arg>ST</arg>
<arg>SV</arg>
<arg>SX</arg>
<arg>SY</arg>
<arg>SZ</arg>
<arg>TC</arg>
<arg>TD</arg>
<arg>TF</arg>
<arg>TG</arg>
<arg>TH</arg>
<arg>TJ</arg>
<arg>TK</arg>
<arg>TL</arg>
<arg>TM</arg>
<arg>TN</arg>
<arg>TO</arg>
<arg>TR</arg>
<arg>TT</arg>
<arg>TV</arg>
<arg>TW</arg>
<arg>TZ</arg>
<arg>UA</arg>
<arg>UG</arg>
<arg>UM</arg>
<arg>US</arg>
<arg>UY</arg>
<arg>UZ</arg>
<arg>VA</arg>
<arg>VC</arg>
<arg>VE</arg>
<arg>VG</arg>
<arg>VI</arg>
<arg>VN</arg>
<arg>VU</arg>
<arg>WF</arg>
<arg>WS</arg>
<arg>XK</arg>
<arg>YE</arg>
<arg>YT</arg>
<arg>ZA</arg>
<arg>ZM</arg>
<arg>ZW</arg>
<doc>Returns a list containing given items.</doc>
<status status="PASS" start="2024-05-12T09:13:44.468539" elapsed="0.000615"/>
</kw>
<kw name="List Should Contain Value" owner="Collections">
<msg time="2024-05-12T09:13:44.470134" level="INFO">False</msg>
<arg>${list_country}</arg>
<arg>${name_country}</arg>
<doc>Fails if the ``value`` is not found from ``list``.</doc>
<status status="PASS" start="2024-05-12T09:13:44.469937" elapsed="0.000233"/>
</kw>
<kw name="Run Keyword If" owner="BuiltIn">
<kw name="Should Be True" owner="BuiltIn">
<arg>${True}</arg>
<doc>Fails if the given condition is not true.</doc>
<status status="PASS" start="2024-05-12T09:13:44.471211" elapsed="0.000238"/>
</kw>
<arg>${json_data["results"][0]["location"]["coordinates"]["latitude"]} &gt;= -90 and ${json_data["results"][0]["location"]["coordinates"]["latitude"]} &lt;= 90</arg>
<arg>Should Be True</arg>
<arg>${True}</arg>
<doc>Runs the given keyword with the given arguments, if ``condition`` is true.</doc>
<status status="PASS" start="2024-05-12T09:13:44.470475" elapsed="0.001103"/>
</kw>
<kw name="Run Keyword If" owner="BuiltIn">
<kw name="Should Be True" owner="BuiltIn">
<arg>${True}</arg>
<doc>Fails if the given condition is not true.</doc>
<status status="PASS" start="2024-05-12T09:13:44.472521" elapsed="0.000140"/>
</kw>
<arg>${json_data["results"][0]["location"]["coordinates"]["longitude"]} &gt;= -180 and ${json_data["results"][0]["location"]["coordinates"]["longitude"]} &lt;= 180</arg>
<arg>Should Be True</arg>
<arg>${True}</arg>
<doc>Runs the given keyword with the given arguments, if ``condition`` is true.</doc>
<status status="PASS" start="2024-05-12T09:13:44.471763" elapsed="0.001021"/>
</kw>
<status status="PASS" start="2024-05-12T09:13:44.368377" elapsed="0.104534"/>
</kw>
<doc>Testa o conteúdo específico dos campos retornados pela API.</doc>
<tag>testeConteudo</tag>
<status status="PASS" start="2024-05-12T09:13:44.367833" elapsed="0.105217"/>
</test>
<status status="PASS" start="2024-05-12T09:13:43.567718" elapsed="0.907257"/>
</suite>
<status status="PASS" start="2024-05-12T09:13:43.554174" elapsed="0.925881"/>
</suite>
<statistics>
<total>
<stat pass="5" fail="0" skip="0">All Tests</stat>
</total>
<tag>
<stat pass="1" fail="0" skip="0">testeConteudo</stat>
<stat pass="1" fail="0" skip="0">testeEstruturaResposta</stat>
<stat pass="1" fail="0" skip="0">testeRequisicaoBasica</stat>
<stat pass="1" fail="0" skip="0">testeTiposDados</stat>
</tag>
<suite>
<stat pass="5" fail="0" skip="0" id="s1" name="Tests">Tests</stat>
<stat pass="5" fail="0" skip="0" id="s1-s1" name="Random-User-Test">Tests.Random-User-Test</stat>
</suite>
</statistics>
<errors>
</errors>
</robot>
