<?xml version="1.0" encoding="UTF-8"?>
<robot generator="Robot 7.0.1 (Python 3.12.4 on linux)" generated="2024-06-28T05:14:31.379074" rpa="false" schemaversion="5">
<suite id="s1" name="Tests" source="/home/runner/work/ApiRandomUser/ApiRandomUser/RamdonUser/tests">
<suite id="s1-s1" name="Random-User-Test" source="/home/runner/work/ApiRandomUser/ApiRandomUser/RamdonUser/tests/random-user-test.robot">
<test id="s1-s1-t1" name="Conectar" line="13">
<kw name="Conectar API" owner="random-user-service">
<kw name="Create Session" owner="RequestsLibrary">
<msg time="2024-06-28T05:14:31.834891" level="INFO">Creating Session using : alias=consultarAPI, url=https://randomuser.me/, headers={},                     cookies={}, auth=None, timeout=None, proxies=None, verify=False,                     debug=0 </msg>
<arg>consultarAPI</arg>
<arg>${URL}</arg>
<doc>Create Session: create a HTTP session to a server</doc>
<status status="PASS" start="2024-06-28T05:14:31.834668" elapsed="0.000420"/>
</kw>
<status status="PASS" start="2024-06-28T05:14:31.833618" elapsed="0.001844"/>
</kw>
<status status="PASS" start="2024-06-28T05:14:31.832955" elapsed="0.002709"/>
</test>
<test id="s1-s1-t2" name="Validar retorno 200 e JSON Válido" line="16">
<kw name="Teste de Requisicao Basica" owner="random-user-service">
<kw name="GET On Session" owner="RequestsLibrary">
<msg time="2024-06-28T05:14:32.092095" level="INFO">GET Request : url=https://randomuser.me/api 
 path_url=/api 
 headers={'User-Agent': 'python-requests/2.32.3', 'Accept-Encoding': 'gzip, deflate', 'Accept': '*/*', 'Connection': 'keep-alive'} 
 body=None 
 </msg>
<msg time="2024-06-28T05:14:32.092243" level="INFO">GET Response : url=https://randomuser.me/api 
 status=200, reason=OK 
 headers={'Date': 'Fri, 28 Jun 2024 05:14:32 GMT', 'Content-Type': 'application/json; charset=utf-8', 'Transfer-Encoding': 'chunked', 'Connection': 'keep-alive', 'X-Powered-By': 'Express', 'Access-Control-Allow-Origin': '*', 'Cache-Control': 'no-cache', 'ETag': 'W/"47a-SULezjUcqnOjMQUt3ocUlVSnDXk"', 'Vary': 'Accept-Encoding', 'Content-Encoding': 'gzip', 'CF-Cache-Status': 'DYNAMIC', 'Report-To': '{"endpoints":[{"url":"https:\\/\\/a.nel.cloudflare.com\\/report\\/v4?s=z7mw%2BfFiVBDbgCfm7Q0HxjLiAfqe%2FUzVrZAHjEay43MUXHANGKEjePaNqdz2h5iLPMZ1FliOGsQZ7eakFJfGvUx5vJkbdCm0Cl%2B5wsQY4r%2FJJ3KlgFVHBJxYnZjqz9Ux"}],"group":"cf-nel","max_age":604800}', 'NEL': '{"success_fraction":0,"report_to":"cf-nel","max_age":604800}', 'Server': 'cloudflare', 'CF-RAY': '89ab319e1a057ac8-SJC', 'alt-svc': 'h3=":443"; ma=86400'} 
 body={"results":[{"gender":"female","name":{"title":"Mrs","first":"Mandy","last":"Russell"},"location":{"street":{"number":4239,"name":"The Grove"},"city":"Tullamore","state":"Sligo","country":"Ireland","postcode":12958,"coordinates":{"latitude":"-1.1043","longitude":"9.0971"},"timezone":{"offset":"+9:30","description":"Adelaide, Darwin"}},"email":"mandy.russell@example.com","login":{"uuid":"acae6eec-00cf-4c17-b7e9-e9e623fcbf61","username":"organictiger617","password":"theater","salt":"dV9XhE0D","md5":"8db3e966e1f352a37990bd2fcd9c33dd","sha1":"7fed08272bdcee83b683279e6387c84df54a2670","sha256":"d80e75239c0d40165810e84bda4b33a7e6186f388fa290d1e7e09df7ff057619"},"dob":{"date":"1997-02-01T18:09:05.212Z","age":27},"registered":{"date":"2010-03-24T13:46:55.881Z","age":14},"phone":"021-976-9407","cell":"081-963-2289","id":{"name":"PPS","value":"7757973T"},"picture":{"large":"https://randomuser.me/api/portraits/women/17.jpg","medium":"https://randomuser.me/api/portraits/med/women/17.jpg","thumbnail":"https://randomuser.me/api/portraits/thumb/women/17.jpg"},"nat":"IE"}],"info":{"seed":"955a37106200ddea","results":1,"page":1,"version":"1.4"}} 
 </msg>
<msg time="2024-06-28T05:14:32.092325" level="INFO">/opt/hostedtoolcache/Python/3.12.4/x64/lib/python3.12/site-packages/urllib3/connectionpool.py:1099: InsecureRequestWarning: Unverified HTTPS request is being made to host 'randomuser.me'. Adding certificate verification is strongly advised. See: https://urllib3.readthedocs.io/en/latest/advanced-usage.html#tls-warnings
  warnings.warn(</msg>
<msg time="2024-06-28T05:14:32.092487" level="INFO">${response} = &lt;Response [200]&gt;</msg>
<var>${response}</var>
<arg>consultarAPI</arg>
<arg>/api</arg>
<doc>Sends a GET request on a previously created HTTP Session.</doc>
<status status="PASS" start="2024-06-28T05:14:31.838512" elapsed="0.254019"/>
</kw>
<kw name="Should Be Equal As Numbers" owner="BuiltIn">
<msg time="2024-06-28T05:14:32.093574" level="INFO">Argument types are:
&lt;class 'int'&gt;
&lt;class 'str'&gt;</msg>
<arg>${response.status_code}</arg>
<arg>200</arg>
<doc>Fails if objects are unequal after converting them to real numbers.</doc>
<status status="PASS" start="2024-06-28T05:14:32.093110" elapsed="0.000529"/>
</kw>
<kw name="Log" owner="BuiltIn">
<msg time="2024-06-28T05:14:32.094347" level="INFO">200</msg>
<arg>${response.status_code}</arg>
<doc>Logs the given message with the given level.</doc>
<status status="PASS" start="2024-06-28T05:14:32.093964" elapsed="0.000426"/>
</kw>
<kw name="Set Variable" owner="BuiltIn">
<msg time="2024-06-28T05:14:32.095138" level="INFO">${json_data} = {'results': [{'gender': 'female', 'name': {'title': 'Mrs', 'first': 'Mandy', 'last': 'Russell'}, 'location': {'street': {'number': 4239, 'name': 'The Grove'}, 'city': 'Tullamore', 'state': 'Sligo', 'c...</msg>
<var>${json_data}</var>
<arg>${response.json()}</arg>
<doc>Returns the given values which can then be assigned to a variables.</doc>
<status status="PASS" start="2024-06-28T05:14:32.094705" elapsed="0.000460"/>
</kw>
<kw name="Dictionary Should Contain Key" owner="Collections">
<arg>${json_data}</arg>
<arg>results</arg>
<doc>Fails if ``key`` is not found from ``dictionary``.</doc>
<status status="PASS" start="2024-06-28T05:14:32.095459" elapsed="0.000162"/>
</kw>
<status status="PASS" start="2024-06-28T05:14:31.838218" elapsed="0.257551"/>
</kw>
<doc>Testa se a API responde corretamente e retorna um objeto JSON válido.</doc>
<tag>testeRequisicaoBasica</tag>
<status status="PASS" start="2024-06-28T05:14:31.837658" elapsed="0.258287"/>
</test>
<test id="s1-s1-t3" name="Validar estrutura de resposta" line="22">
<kw name="Teste de Estrutura de Resposta" owner="random-user-service">
<kw name="GET On Session" owner="RequestsLibrary">
<msg time="2024-06-28T05:14:32.202934" level="INFO">GET Request : url=https://randomuser.me/api 
 path_url=/api 
 headers={'User-Agent': 'python-requests/2.32.3', 'Accept-Encoding': 'gzip, deflate', 'Accept': '*/*', 'Connection': 'keep-alive'} 
 body=None 
 </msg>
<msg time="2024-06-28T05:14:32.203026" level="INFO">GET Response : url=https://randomuser.me/api 
 status=200, reason=OK 
 headers={'Date': 'Fri, 28 Jun 2024 05:14:32 GMT', 'Content-Type': 'application/json; charset=utf-8', 'Transfer-Encoding': 'chunked', 'Connection': 'keep-alive', 'X-Powered-By': 'Express', 'Access-Control-Allow-Origin': '*', 'Cache-Control': 'no-cache', 'ETag': 'W/"499-IdAzXP0/seAhKUpLao+le4Tf9AQ"', 'Vary': 'Accept-Encoding', 'Content-Encoding': 'gzip', 'CF-Cache-Status': 'DYNAMIC', 'Report-To': '{"endpoints":[{"url":"https:\\/\\/a.nel.cloudflare.com\\/report\\/v4?s=tNrMgCnehOjySeDOlexW7lLt6%2F7lkn%2BX6XgBA2ytsIQyorz21Kl56d8Lc7kyPEMc58cMbK24LPkV7HtMjYKP6GgCmXqT8HFJ%2FGFfzKPn9meRN2SJBq5Tnmcq8sZubAZn"}],"group":"cf-nel","max_age":604800}', 'NEL': '{"success_fraction":0,"report_to":"cf-nel","max_age":604800}', 'Server': 'cloudflare', 'CF-RAY': '89ab319eaa5c7ac8-SJC', 'alt-svc': 'h3=":443"; ma=86400'} 
 body={"results":[{"gender":"female","name":{"title":"Mrs","first":"Antonija","last":"Tasić"},"location":{"street":{"number":967,"name":"Crvenih Hrastova"},"city":"Ražanj","state":"Jablanica","country":"Serbia","postcode":61443,"coordinates":{"latitude":"55.9262","longitude":"27.8770"},"timezone":{"offset":"-6:00","description":"Central Time (US &amp; Canada), Mexico City"}},"email":"antonija.tasic@example.com","login":{"uuid":"1d6312b2-9b66-4cb9-9e8d-c60e6d406db3","username":"tinyrabbit455","password":"kilroy","salt":"TzyURKv4","md5":"b789d6e153ef71b69bbb85b034283778","sha1":"d55071ad45364dbdd9f0b5b39f1ddbcd7bd3528f","sha256":"8f676b0604f5e0e86b8f200582fd071003decec0b6e77cff4cd18d4cb70cde29"},"dob":{"date":"1946-02-16T06:49:08.952Z","age":78},"registered":{"date":"2020-09-28T00:04:47.150Z","age":3},"phone":"032-0386-227","cell":"068-1098-285","id":{"name":"SID","value":"526750563"},"picture":{"large":"https://randomuser.me/api/portraits/women/39.jpg","medium":"https://randomuser.me/api/portraits/med/women/39.jpg","thumbnail":"https://randomuser.me/api/portraits/thumb/women/39.jpg"},"nat":"RS"}],"info":{"seed":"51eee5105afc4892","results":1,"page":1,"version":"1.4"}} 
 </msg>
<msg time="2024-06-28T05:14:32.203143" level="INFO">/opt/hostedtoolcache/Python/3.12.4/x64/lib/python3.12/site-packages/urllib3/connectionpool.py:1099: InsecureRequestWarning: Unverified HTTPS request is being made to host 'randomuser.me'. Adding certificate verification is strongly advised. See: https://urllib3.readthedocs.io/en/latest/advanced-usage.html#tls-warnings
  warnings.warn(</msg>
<msg time="2024-06-28T05:14:32.203258" level="INFO">${response} = &lt;Response [200]&gt;</msg>
<var>${response}</var>
<arg>consultarAPI</arg>
<arg>/api</arg>
<doc>Sends a GET request on a previously created HTTP Session.</doc>
<status status="PASS" start="2024-06-28T05:14:32.098644" elapsed="0.104656"/>
</kw>
<kw name="Set Variable" owner="BuiltIn">
<msg time="2024-06-28T05:14:32.204400" level="INFO">${json_data} = {'results': [{'gender': 'female', 'name': {'title': 'Mrs', 'first': 'Antonija', 'last': 'Tasić'}, 'location': {'street': {'number': 967, 'name': 'Crvenih Hrastova'}, 'city': 'Ražanj', 'state': 'Jablan...</msg>
<var>${json_data}</var>
<arg>${response.json()}</arg>
<doc>Returns the given values which can then be assigned to a variables.</doc>
<status status="PASS" start="2024-06-28T05:14:32.203804" elapsed="0.000627"/>
</kw>
<kw name="Log" owner="BuiltIn">
<msg time="2024-06-28T05:14:32.204896" level="INFO">{'results': [{'gender': 'female', 'name': {'title': 'Mrs', 'first': 'Antonija', 'last': 'Tasić'}, 'location': {'street': {'number': 967, 'name': 'Crvenih Hrastova'}, 'city': 'Ražanj', 'state': 'Jablanica', 'country': 'Serbia', 'postcode': 61443, 'coordinates': {'latitude': '55.9262', 'longitude': '27.8770'}, 'timezone': {'offset': '-6:00', 'description': 'Central Time (US &amp; Canada), Mexico City'}}, 'email': 'antonija.tasic@example.com', 'login': {'uuid': '1d6312b2-9b66-4cb9-9e8d-c60e6d406db3', 'username': 'tinyrabbit455', 'password': 'kilroy', 'salt': 'TzyURKv4', 'md5': 'b789d6e153ef71b69bbb85b034283778', 'sha1': 'd55071ad45364dbdd9f0b5b39f1ddbcd7bd3528f', 'sha256': '8f676b0604f5e0e86b8f200582fd071003decec0b6e77cff4cd18d4cb70cde29'}, 'dob': {'date': '1946-02-16T06:49:08.952Z', 'age': 78}, 'registered': {'date': '2020-09-28T00:04:47.150Z', 'age': 3}, 'phone': '032-0386-227', 'cell': '068-1098-285', 'id': {'name': 'SID', 'value': '526750563'}, 'picture': {'large': 'https://randomuser.me/api/portraits/women/39.jpg', 'medium': 'https://randomuser.me/api/portraits/med/women/39.jpg', 'thumbnail': 'https://randomuser.me/api/portraits/thumb/women/39.jpg'}, 'nat': 'RS'}], 'info': {'seed': '51eee5105afc4892', 'results': 1, 'page': 1, 'version': '1.4'}}</msg>
<arg>${json_data}</arg>
<doc>Logs the given message with the given level.</doc>
<status status="PASS" start="2024-06-28T05:14:32.204736" elapsed="0.000212"/>
</kw>
<kw name="Dictionary Should Contain Key" owner="Collections">
<arg>${json_data}</arg>
<arg>results</arg>
<doc>Fails if ``key`` is not found from ``dictionary``.</doc>
<status status="PASS" start="2024-06-28T05:14:32.205238" elapsed="0.000159"/>
</kw>
<kw name="Should Not Be Empty" owner="BuiltIn">
<msg time="2024-06-28T05:14:32.205706" level="INFO">Length is 2.</msg>
<arg>${json_data}</arg>
<doc>Verifies that the given item is not empty.</doc>
<status status="PASS" start="2024-06-28T05:14:32.205579" elapsed="0.000165"/>
</kw>
<kw name="Create List" owner="BuiltIn">
<msg time="2024-06-28T05:14:32.206198" level="INFO">${expected_keys} = ['gender', 'name', 'location', 'email', 'login']</msg>
<var>${expected_keys}</var>
<arg>gender</arg>
<arg>name</arg>
<arg>location</arg>
<arg>email</arg>
<arg>login</arg>
<doc>Returns a list containing given items.</doc>
<status status="PASS" start="2024-06-28T05:14:32.206036" elapsed="0.000186"/>
</kw>
<for flavor="IN">
<iter>
<kw name="Dictionary Should Contain Key" owner="Collections">
<arg>${json_data['results'][0]}</arg>
<arg>${key}</arg>
<doc>Fails if ``key`` is not found from ``dictionary``.</doc>
<status status="PASS" start="2024-06-28T05:14:32.206984" elapsed="0.000408"/>
</kw>
<kw name="Log" owner="BuiltIn">
<msg time="2024-06-28T05:14:32.207945" level="INFO">{'gender': 'female', 'name': {'title': 'Mrs', 'first': 'Antonija', 'last': 'Tasić'}, 'location': {'street': {'number': 967, 'name': 'Crvenih Hrastova'}, 'city': 'Ražanj', 'state': 'Jablanica', 'country': 'Serbia', 'postcode': 61443, 'coordinates': {'latitude': '55.9262', 'longitude': '27.8770'}, 'timezone': {'offset': '-6:00', 'description': 'Central Time (US &amp; Canada), Mexico City'}}, 'email': 'antonija.tasic@example.com', 'login': {'uuid': '1d6312b2-9b66-4cb9-9e8d-c60e6d406db3', 'username': 'tinyrabbit455', 'password': 'kilroy', 'salt': 'TzyURKv4', 'md5': 'b789d6e153ef71b69bbb85b034283778', 'sha1': 'd55071ad45364dbdd9f0b5b39f1ddbcd7bd3528f', 'sha256': '8f676b0604f5e0e86b8f200582fd071003decec0b6e77cff4cd18d4cb70cde29'}, 'dob': {'date': '1946-02-16T06:49:08.952Z', 'age': 78}, 'registered': {'date': '2020-09-28T00:04:47.150Z', 'age': 3}, 'phone': '032-0386-227', 'cell': '068-1098-285', 'id': {'name': 'SID', 'value': '526750563'}, 'picture': {'large': 'https://randomuser.me/api/portraits/women/39.jpg', 'medium': 'https://randomuser.me/api/portraits/med/women/39.jpg', 'thumbnail': 'https://randomuser.me/api/portraits/thumb/women/39.jpg'}, 'nat': 'RS'}</msg>
<arg>${json_data['results'][0]}</arg>
<doc>Logs the given message with the given level.</doc>
<status status="PASS" start="2024-06-28T05:14:32.207579" elapsed="0.000419"/>
</kw>
<kw name="Log" owner="BuiltIn">
<msg time="2024-06-28T05:14:32.208426" level="INFO">gender</msg>
<arg>${key}</arg>
<doc>Logs the given message with the given level.</doc>
<status status="PASS" start="2024-06-28T05:14:32.208298" elapsed="0.000165"/>
</kw>
<var name="${key}">gender</var>
<status status="PASS" start="2024-06-28T05:14:32.206856" elapsed="0.001822"/>
</iter>
<iter>
<kw name="Dictionary Should Contain Key" owner="Collections">
<arg>${json_data['results'][0]}</arg>
<arg>${key}</arg>
<doc>Fails if ``key`` is not found from ``dictionary``.</doc>
<status status="PASS" start="2024-06-28T05:14:32.208970" elapsed="0.000387"/>
</kw>
<kw name="Log" owner="BuiltIn">
<msg time="2024-06-28T05:14:32.209930" level="INFO">{'gender': 'female', 'name': {'title': 'Mrs', 'first': 'Antonija', 'last': 'Tasić'}, 'location': {'street': {'number': 967, 'name': 'Crvenih Hrastova'}, 'city': 'Ražanj', 'state': 'Jablanica', 'country': 'Serbia', 'postcode': 61443, 'coordinates': {'latitude': '55.9262', 'longitude': '27.8770'}, 'timezone': {'offset': '-6:00', 'description': 'Central Time (US &amp; Canada), Mexico City'}}, 'email': 'antonija.tasic@example.com', 'login': {'uuid': '1d6312b2-9b66-4cb9-9e8d-c60e6d406db3', 'username': 'tinyrabbit455', 'password': 'kilroy', 'salt': 'TzyURKv4', 'md5': 'b789d6e153ef71b69bbb85b034283778', 'sha1': 'd55071ad45364dbdd9f0b5b39f1ddbcd7bd3528f', 'sha256': '8f676b0604f5e0e86b8f200582fd071003decec0b6e77cff4cd18d4cb70cde29'}, 'dob': {'date': '1946-02-16T06:49:08.952Z', 'age': 78}, 'registered': {'date': '2020-09-28T00:04:47.150Z', 'age': 3}, 'phone': '032-0386-227', 'cell': '068-1098-285', 'id': {'name': 'SID', 'value': '526750563'}, 'picture': {'large': 'https://randomuser.me/api/portraits/women/39.jpg', 'medium': 'https://randomuser.me/api/portraits/med/women/39.jpg', 'thumbnail': 'https://randomuser.me/api/portraits/thumb/women/39.jpg'}, 'nat': 'RS'}</msg>
<arg>${json_data['results'][0]}</arg>
<doc>Logs the given message with the given level.</doc>
<status status="PASS" start="2024-06-28T05:14:32.209536" elapsed="0.000446"/>
</kw>
<kw name="Log" owner="BuiltIn">
<msg time="2024-06-28T05:14:32.210437" level="INFO">name</msg>
<arg>${key}</arg>
<doc>Logs the given message with the given level.</doc>
<status status="PASS" start="2024-06-28T05:14:32.210280" elapsed="0.000193"/>
</kw>
<var name="${key}">name</var>
<status status="PASS" start="2024-06-28T05:14:32.208859" elapsed="0.001833"/>
</iter>
<iter>
<kw name="Dictionary Should Contain Key" owner="Collections">
<arg>${json_data['results'][0]}</arg>
<arg>${key}</arg>
<doc>Fails if ``key`` is not found from ``dictionary``.</doc>
<status status="PASS" start="2024-06-28T05:14:32.210972" elapsed="0.000373"/>
</kw>
<kw name="Log" owner="BuiltIn">
<msg time="2024-06-28T05:14:32.211871" level="INFO">{'gender': 'female', 'name': {'title': 'Mrs', 'first': 'Antonija', 'last': 'Tasić'}, 'location': {'street': {'number': 967, 'name': 'Crvenih Hrastova'}, 'city': 'Ražanj', 'state': 'Jablanica', 'country': 'Serbia', 'postcode': 61443, 'coordinates': {'latitude': '55.9262', 'longitude': '27.8770'}, 'timezone': {'offset': '-6:00', 'description': 'Central Time (US &amp; Canada), Mexico City'}}, 'email': 'antonija.tasic@example.com', 'login': {'uuid': '1d6312b2-9b66-4cb9-9e8d-c60e6d406db3', 'username': 'tinyrabbit455', 'password': 'kilroy', 'salt': 'TzyURKv4', 'md5': 'b789d6e153ef71b69bbb85b034283778', 'sha1': 'd55071ad45364dbdd9f0b5b39f1ddbcd7bd3528f', 'sha256': '8f676b0604f5e0e86b8f200582fd071003decec0b6e77cff4cd18d4cb70cde29'}, 'dob': {'date': '1946-02-16T06:49:08.952Z', 'age': 78}, 'registered': {'date': '2020-09-28T00:04:47.150Z', 'age': 3}, 'phone': '032-0386-227', 'cell': '068-1098-285', 'id': {'name': 'SID', 'value': '526750563'}, 'picture': {'large': 'https://randomuser.me/api/portraits/women/39.jpg', 'medium': 'https://randomuser.me/api/portraits/med/women/39.jpg', 'thumbnail': 'https://randomuser.me/api/portraits/thumb/women/39.jpg'}, 'nat': 'RS'}</msg>
<arg>${json_data['results'][0]}</arg>
<doc>Logs the given message with the given level.</doc>
<status status="PASS" start="2024-06-28T05:14:32.211523" elapsed="0.000398"/>
</kw>
<kw name="Log" owner="BuiltIn">
<msg time="2024-06-28T05:14:32.212343" level="INFO">location</msg>
<arg>${key}</arg>
<doc>Logs the given message with the given level.</doc>
<status status="PASS" start="2024-06-28T05:14:32.212217" elapsed="0.000163"/>
</kw>
<var name="${key}">location</var>
<status status="PASS" start="2024-06-28T05:14:32.210866" elapsed="0.001729"/>
</iter>
<iter>
<kw name="Dictionary Should Contain Key" owner="Collections">
<arg>${json_data['results'][0]}</arg>
<arg>${key}</arg>
<doc>Fails if ``key`` is not found from ``dictionary``.</doc>
<status status="PASS" start="2024-06-28T05:14:32.212867" elapsed="0.000380"/>
</kw>
<kw name="Log" owner="BuiltIn">
<msg time="2024-06-28T05:14:32.213782" level="INFO">{'gender': 'female', 'name': {'title': 'Mrs', 'first': 'Antonija', 'last': 'Tasić'}, 'location': {'street': {'number': 967, 'name': 'Crvenih Hrastova'}, 'city': 'Ražanj', 'state': 'Jablanica', 'country': 'Serbia', 'postcode': 61443, 'coordinates': {'latitude': '55.9262', 'longitude': '27.8770'}, 'timezone': {'offset': '-6:00', 'description': 'Central Time (US &amp; Canada), Mexico City'}}, 'email': 'antonija.tasic@example.com', 'login': {'uuid': '1d6312b2-9b66-4cb9-9e8d-c60e6d406db3', 'username': 'tinyrabbit455', 'password': 'kilroy', 'salt': 'TzyURKv4', 'md5': 'b789d6e153ef71b69bbb85b034283778', 'sha1': 'd55071ad45364dbdd9f0b5b39f1ddbcd7bd3528f', 'sha256': '8f676b0604f5e0e86b8f200582fd071003decec0b6e77cff4cd18d4cb70cde29'}, 'dob': {'date': '1946-02-16T06:49:08.952Z', 'age': 78}, 'registered': {'date': '2020-09-28T00:04:47.150Z', 'age': 3}, 'phone': '032-0386-227', 'cell': '068-1098-285', 'id': {'name': 'SID', 'value': '526750563'}, 'picture': {'large': 'https://randomuser.me/api/portraits/women/39.jpg', 'medium': 'https://randomuser.me/api/portraits/med/women/39.jpg', 'thumbnail': 'https://randomuser.me/api/portraits/thumb/women/39.jpg'}, 'nat': 'RS'}</msg>
<arg>${json_data['results'][0]}</arg>
<doc>Logs the given message with the given level.</doc>
<status status="PASS" start="2024-06-28T05:14:32.213428" elapsed="0.000405"/>
</kw>
<kw name="Log" owner="BuiltIn">
<msg time="2024-06-28T05:14:32.214256" level="INFO">email</msg>
<arg>${key}</arg>
<doc>Logs the given message with the given level.</doc>
<status status="PASS" start="2024-06-28T05:14:32.214131" elapsed="0.000194"/>
</kw>
<var name="${key}">email</var>
<status status="PASS" start="2024-06-28T05:14:32.212762" elapsed="0.001790"/>
</iter>
<iter>
<kw name="Dictionary Should Contain Key" owner="Collections">
<arg>${json_data['results'][0]}</arg>
<arg>${key}</arg>
<doc>Fails if ``key`` is not found from ``dictionary``.</doc>
<status status="PASS" start="2024-06-28T05:14:32.214833" elapsed="0.000380"/>
</kw>
<kw name="Log" owner="BuiltIn">
<msg time="2024-06-28T05:14:32.215753" level="INFO">{'gender': 'female', 'name': {'title': 'Mrs', 'first': 'Antonija', 'last': 'Tasić'}, 'location': {'street': {'number': 967, 'name': 'Crvenih Hrastova'}, 'city': 'Ražanj', 'state': 'Jablanica', 'country': 'Serbia', 'postcode': 61443, 'coordinates': {'latitude': '55.9262', 'longitude': '27.8770'}, 'timezone': {'offset': '-6:00', 'description': 'Central Time (US &amp; Canada), Mexico City'}}, 'email': 'antonija.tasic@example.com', 'login': {'uuid': '1d6312b2-9b66-4cb9-9e8d-c60e6d406db3', 'username': 'tinyrabbit455', 'password': 'kilroy', 'salt': 'TzyURKv4', 'md5': 'b789d6e153ef71b69bbb85b034283778', 'sha1': 'd55071ad45364dbdd9f0b5b39f1ddbcd7bd3528f', 'sha256': '8f676b0604f5e0e86b8f200582fd071003decec0b6e77cff4cd18d4cb70cde29'}, 'dob': {'date': '1946-02-16T06:49:08.952Z', 'age': 78}, 'registered': {'date': '2020-09-28T00:04:47.150Z', 'age': 3}, 'phone': '032-0386-227', 'cell': '068-1098-285', 'id': {'name': 'SID', 'value': '526750563'}, 'picture': {'large': 'https://randomuser.me/api/portraits/women/39.jpg', 'medium': 'https://randomuser.me/api/portraits/med/women/39.jpg', 'thumbnail': 'https://randomuser.me/api/portraits/thumb/women/39.jpg'}, 'nat': 'RS'}</msg>
<arg>${json_data['results'][0]}</arg>
<doc>Logs the given message with the given level.</doc>
<status status="PASS" start="2024-06-28T05:14:32.215394" elapsed="0.000409"/>
</kw>
<kw name="Log" owner="BuiltIn">
<msg time="2024-06-28T05:14:32.216222" level="INFO">login</msg>
<arg>${key}</arg>
<doc>Logs the given message with the given level.</doc>
<status status="PASS" start="2024-06-28T05:14:32.216095" elapsed="0.000164"/>
</kw>
<var name="${key}">login</var>
<status status="PASS" start="2024-06-28T05:14:32.214721" elapsed="0.001767"/>
</iter>
<var>${key}</var>
<value>@{expected_keys}</value>
<status status="PASS" start="2024-06-28T05:14:32.206670" elapsed="0.009936"/>
</for>
<kw name="Create List" owner="BuiltIn">
<msg time="2024-06-28T05:14:32.216954" level="INFO">${expected_keysTwo} = ['username', 'password']</msg>
<var>${expected_keysTwo}</var>
<arg>username</arg>
<arg>password</arg>
<doc>Returns a list containing given items.</doc>
<status status="PASS" start="2024-06-28T05:14:32.216819" elapsed="0.000164"/>
</kw>
<for flavor="IN">
<iter>
<kw name="Dictionary Should Contain Key" owner="Collections">
<arg>${json_data['results'][0]['login']}</arg>
<arg>${keyTwo}</arg>
<doc>Fails if ``key`` is not found from ``dictionary``.</doc>
<status status="PASS" start="2024-06-28T05:14:32.217479" elapsed="0.000379"/>
</kw>
<kw name="Dictionary Should Contain Key" owner="Collections">
<arg>${json_data['results'][0]['login']}</arg>
<arg>${keyTwo}</arg>
<doc>Fails if ``key`` is not found from ``dictionary``.</doc>
<status status="PASS" start="2024-06-28T05:14:32.218033" elapsed="0.000412"/>
</kw>
<kw name="Log" owner="BuiltIn">
<msg time="2024-06-28T05:14:32.218752" level="INFO">username</msg>
<arg>${keyTwo}</arg>
<doc>Logs the given message with the given level.</doc>
<status status="PASS" start="2024-06-28T05:14:32.218627" elapsed="0.000162"/>
</kw>
<var name="${keyTwo}">username</var>
<status status="PASS" start="2024-06-28T05:14:32.217372" elapsed="0.001634"/>
</iter>
<iter>
<kw name="Dictionary Should Contain Key" owner="Collections">
<arg>${json_data['results'][0]['login']}</arg>
<arg>${keyTwo}</arg>
<doc>Fails if ``key`` is not found from ``dictionary``.</doc>
<status status="PASS" start="2024-06-28T05:14:32.219277" elapsed="0.000376"/>
</kw>
<kw name="Dictionary Should Contain Key" owner="Collections">
<arg>${json_data['results'][0]['login']}</arg>
<arg>${keyTwo}</arg>
<doc>Fails if ``key`` is not found from ``dictionary``.</doc>
<status status="PASS" start="2024-06-28T05:14:32.219828" elapsed="0.000360"/>
</kw>
<kw name="Log" owner="BuiltIn">
<msg time="2024-06-28T05:14:32.220472" level="INFO">password</msg>
<arg>${keyTwo}</arg>
<doc>Logs the given message with the given level.</doc>
<status status="PASS" start="2024-06-28T05:14:32.220357" elapsed="0.000156"/>
</kw>
<var name="${keyTwo}">password</var>
<status status="PASS" start="2024-06-28T05:14:32.219172" elapsed="0.001559"/>
</iter>
<var>${keyTwo}</var>
<value>@{expected_keysTwo}</value>
<status status="PASS" start="2024-06-28T05:14:32.217221" elapsed="0.003627"/>
</for>
<status status="PASS" start="2024-06-28T05:14:32.098417" elapsed="0.122570"/>
</kw>
<doc>Testa a estrutura da resposta da API.</doc>
<tag>testeEstruturaResposta</tag>
<status status="PASS" start="2024-06-28T05:14:32.097797" elapsed="0.123337"/>
</test>
<test id="s1-s1-t4" name="Validar tipos de dados" line="28">
<kw name="Teste de Tipos de Dados" owner="random-user-service">
<kw name="GET On Session" owner="RequestsLibrary">
<msg time="2024-06-28T05:14:32.309804" level="INFO">GET Request : url=https://randomuser.me/api 
 path_url=/api 
 headers={'User-Agent': 'python-requests/2.32.3', 'Accept-Encoding': 'gzip, deflate', 'Accept': '*/*', 'Connection': 'keep-alive'} 
 body=None 
 </msg>
<msg time="2024-06-28T05:14:32.309907" level="INFO">GET Response : url=https://randomuser.me/api 
 status=200, reason=OK 
 headers={'Date': 'Fri, 28 Jun 2024 05:14:32 GMT', 'Content-Type': 'application/json; charset=utf-8', 'Transfer-Encoding': 'chunked', 'Connection': 'keep-alive', 'X-Powered-By': 'Express', 'Access-Control-Allow-Origin': '*', 'Cache-Control': 'no-cache', 'ETag': 'W/"4a7-uTWObkgFiSE7eRrMNS54F2y12Yg"', 'Vary': 'Accept-Encoding', 'Content-Encoding': 'gzip', 'CF-Cache-Status': 'DYNAMIC', 'Report-To': '{"endpoints":[{"url":"https:\\/\\/a.nel.cloudflare.com\\/report\\/v4?s=H%2F%2BuuKmWcKAW7f1hU6cU%2FRjybRD7R3tWiFh2N1%2B%2FGh3FW4Im90tIilfzCGzozbbbB1EFpNMh98iJXgTgvjhxUvxxlCrBSv8SU%2FqQPrsd5nTO15eVBUtOrpBwEH5VEicS"}],"group":"cf-nel","max_age":604800}', 'NEL': '{"success_fraction":0,"report_to":"cf-nel","max_age":604800}', 'Server': 'cloudflare', 'CF-RAY': '89ab319f6ad27ac8-SJC', 'alt-svc': 'h3=":443"; ma=86400'} 
 body={"results":[{"gender":"female","name":{"title":"Miss","first":"Celia","last":"Guajardo"},"location":{"street":{"number":4822,"name":"Andador Sur Urbina"},"city":"San Pedro Zacachimalpa","state":"Coahuila","country":"Mexico","postcode":94986,"coordinates":{"latitude":"24.2427","longitude":"168.8154"},"timezone":{"offset":"+7:00","description":"Bangkok, Hanoi, Jakarta"}},"email":"celia.guajardo@example.com","login":{"uuid":"361c71c3-ff50-4184-af66-c315e3edc93b","username":"happyrabbit308","password":"gordon","salt":"9xdfIrz0","md5":"f5c1ca6e7dff8b01976519a32fb368ef","sha1":"49b2eca214cd1f2c7b3400ab993de7520106c985","sha256":"e1f222298ebad6285b9df60ee5ec98c8faadabb12bac8a1fa9f9bd66d92fb2bf"},"dob":{"date":"1950-11-18T08:57:53.425Z","age":73},"registered":{"date":"2009-01-24T11:06:56.177Z","age":15},"phone":"(629) 885 2796","cell":"(604) 878 9410","id":{"name":"NSS","value":"82 06 02 3027 2"},"picture":{"large":"https://randomuser.me/api/portraits/women/86.jpg","medium":"https://randomuser.me/api/portraits/med/women/86.jpg","thumbnail":"https://randomuser.me/api/portraits/thumb/women/86.jpg"},"nat":"MX"}],"info":{"seed":"bd178f055c84627a","results":1,"page":1,"version":"1.4"}} 
 </msg>
<msg time="2024-06-28T05:14:32.309984" level="INFO">/opt/hostedtoolcache/Python/3.12.4/x64/lib/python3.12/site-packages/urllib3/connectionpool.py:1099: InsecureRequestWarning: Unverified HTTPS request is being made to host 'randomuser.me'. Adding certificate verification is strongly advised. See: https://urllib3.readthedocs.io/en/latest/advanced-usage.html#tls-warnings
  warnings.warn(</msg>
<msg time="2024-06-28T05:14:32.310123" level="INFO">${response} = &lt;Response [200]&gt;</msg>
<var>${response}</var>
<arg>consultarAPI</arg>
<arg>/api</arg>
<doc>Sends a GET request on a previously created HTTP Session.</doc>
<status status="PASS" start="2024-06-28T05:14:32.223750" elapsed="0.086421"/>
</kw>
<kw name="Set Variable" owner="BuiltIn">
<msg time="2024-06-28T05:14:32.311335" level="INFO">${json_data} = {'results': [{'gender': 'female', 'name': {'title': 'Miss', 'first': 'Celia', 'last': 'Guajardo'}, 'location': {'street': {'number': 4822, 'name': 'Andador Sur Urbina'}, 'city': 'San Pedro Zacachimalp...</msg>
<var>${json_data}</var>
<arg>${response.json()}</arg>
<doc>Returns the given values which can then be assigned to a variables.</doc>
<status status="PASS" start="2024-06-28T05:14:32.310773" elapsed="0.000590"/>
</kw>
<kw name="Log" owner="BuiltIn">
<msg time="2024-06-28T05:14:32.311828" level="INFO">{'results': [{'gender': 'female', 'name': {'title': 'Miss', 'first': 'Celia', 'last': 'Guajardo'}, 'location': {'street': {'number': 4822, 'name': 'Andador Sur Urbina'}, 'city': 'San Pedro Zacachimalpa', 'state': 'Coahuila', 'country': 'Mexico', 'postcode': 94986, 'coordinates': {'latitude': '24.2427', 'longitude': '168.8154'}, 'timezone': {'offset': '+7:00', 'description': 'Bangkok, Hanoi, Jakarta'}}, 'email': 'celia.guajardo@example.com', 'login': {'uuid': '361c71c3-ff50-4184-af66-c315e3edc93b', 'username': 'happyrabbit308', 'password': 'gordon', 'salt': '9xdfIrz0', 'md5': 'f5c1ca6e7dff8b01976519a32fb368ef', 'sha1': '49b2eca214cd1f2c7b3400ab993de7520106c985', 'sha256': 'e1f222298ebad6285b9df60ee5ec98c8faadabb12bac8a1fa9f9bd66d92fb2bf'}, 'dob': {'date': '1950-11-18T08:57:53.425Z', 'age': 73}, 'registered': {'date': '2009-01-24T11:06:56.177Z', 'age': 15}, 'phone': '(629) 885 2796', 'cell': '(604) 878 9410', 'id': {'name': 'NSS', 'value': '82 06 02 3027 2'}, 'picture': {'large': 'https://randomuser.me/api/portraits/women/86.jpg', 'medium': 'https://randomuser.me/api/portraits/med/women/86.jpg', 'thumbnail': 'https://randomuser.me/api/portraits/thumb/women/86.jpg'}, 'nat': 'MX'}], 'info': {'seed': 'bd178f055c84627a', 'results': 1, 'page': 1, 'version': '1.4'}}</msg>
<arg>${json_data}</arg>
<doc>Logs the given message with the given level.</doc>
<status status="PASS" start="2024-06-28T05:14:32.311675" elapsed="0.000201"/>
</kw>
<kw name="Should Be String" owner="String">
<arg>${json_data['results'][0]['gender']}</arg>
<doc>Fails if the given ``item`` is not a string.</doc>
<status status="PASS" start="2024-06-28T05:14:32.312166" elapsed="0.000350"/>
</kw>
<kw name="Should Match Regexp" owner="BuiltIn">
<arg>${json_data['results'][0]['email']}</arg>
<arg>^[a-zA-Z0-9._%+-]+@[a-zA-Z0-9.-]+\.[a-zA-Z]{2,}$</arg>
<doc>Fails if ``string`` does not match ``pattern`` as a regular expression.</doc>
<status status="PASS" start="2024-06-28T05:14:32.312731" elapsed="0.000542"/>
</kw>
<kw name="Should Match Regexp" owner="BuiltIn">
<arg>${json_data['results'][0]['dob']['date']}</arg>
<arg>\\d{4}-\\d{2}-\\d{2}T\\d{2}:\\d{2}:\\d{2}\\.\\d{3}Z</arg>
<doc>Fails if ``string`` does not match ``pattern`` as a regular expression.</doc>
<status status="PASS" start="2024-06-28T05:14:32.313470" elapsed="0.000475"/>
</kw>
<kw name="Should Match Regexp" owner="BuiltIn">
<arg>${json_data['results'][0]['registered']['date']}</arg>
<arg>\\d{4}-\\d{2}-\\d{2}T\\d{2}:\\d{2}:\\d{2}\\.\\d{3}Z</arg>
<doc>Fails if ``string`` does not match ``pattern`` as a regular expression.</doc>
<status status="PASS" start="2024-06-28T05:14:32.314130" elapsed="0.000399"/>
</kw>
<kw name="Should Match Regexp" owner="BuiltIn">
<arg>${json_data['results'][0]['picture']['large']}</arg>
<arg>^https?://.*\.(?:png|jpe?g|gif|bmp)$</arg>
<doc>Fails if ``string`` does not match ``pattern`` as a regular expression.</doc>
<status status="PASS" start="2024-06-28T05:14:32.314712" elapsed="0.000447"/>
</kw>
<kw name="Should Match Regexp" owner="BuiltIn">
<arg>${json_data['results'][0]['picture']['medium']}</arg>
<arg>^https?://.*\.(?:png|jpe?g|gif|bmp)$</arg>
<doc>Fails if ``string`` does not match ``pattern`` as a regular expression.</doc>
<status status="PASS" start="2024-06-28T05:14:32.315391" elapsed="0.000357"/>
</kw>
<kw name="Should Match Regexp" owner="BuiltIn">
<arg>${json_data['results'][0]['picture']['thumbnail']}</arg>
<arg>^https?://.*\.(?:png|jpe?g|gif|bmp)$</arg>
<doc>Fails if ``string`` does not match ``pattern`` as a regular expression.</doc>
<status status="PASS" start="2024-06-28T05:14:32.315928" elapsed="0.000350"/>
</kw>
<kw name="Log" owner="BuiltIn">
<msg time="2024-06-28T05:14:32.316781" level="INFO">{'large': 'https://randomuser.me/api/portraits/women/86.jpg', 'medium': 'https://randomuser.me/api/portraits/med/women/86.jpg', 'thumbnail': 'https://randomuser.me/api/portraits/thumb/women/86.jpg'}</msg>
<arg>${json_data['results'][0]['picture']}</arg>
<doc>Logs the given message with the given level.</doc>
<status status="PASS" start="2024-06-28T05:14:32.316455" elapsed="0.000367"/>
</kw>
<status status="PASS" start="2024-06-28T05:14:32.223525" elapsed="0.093551"/>
</kw>
<kw name="Teste de Tipos de Dados - Postcode" owner="random-user-service">
<kw name="GET On Session" owner="RequestsLibrary">
<msg time="2024-06-28T05:14:32.415609" level="INFO">GET Request : url=https://randomuser.me/api 
 path_url=/api 
 headers={'User-Agent': 'python-requests/2.32.3', 'Accept-Encoding': 'gzip, deflate', 'Accept': '*/*', 'Connection': 'keep-alive'} 
 body=None 
 </msg>
<msg time="2024-06-28T05:14:32.415707" level="INFO">GET Response : url=https://randomuser.me/api 
 status=200, reason=OK 
 headers={'Date': 'Fri, 28 Jun 2024 05:14:32 GMT', 'Content-Type': 'application/json; charset=utf-8', 'Transfer-Encoding': 'chunked', 'Connection': 'keep-alive', 'X-Powered-By': 'Express', 'Access-Control-Allow-Origin': '*', 'Cache-Control': 'no-cache', 'ETag': 'W/"45e-HojyUMGVqJqgEfB29a/QFFk6BYI"', 'Vary': 'Accept-Encoding', 'Content-Encoding': 'gzip', 'CF-Cache-Status': 'DYNAMIC', 'Report-To': '{"endpoints":[{"url":"https:\\/\\/a.nel.cloudflare.com\\/report\\/v4?s=lKSCngybCTujq%2B0tZg5COPs%2BvQJKhUeeEVRUzVmLUrQ3lY2vL96oWxLPQZZCJvnrsZ%2FV1q5tsj9EHTzSeCdzSPuDdvs9OKlAirzAaPqNA6y36mdzXjZgEgkG4KqHSo4S"}],"group":"cf-nel","max_age":604800}', 'NEL': '{"success_fraction":0,"report_to":"cf-nel","max_age":604800}', 'Server': 'cloudflare', 'CF-RAY': '89ab31a00b387ac8-SJC', 'alt-svc': 'h3=":443"; ma=86400'} 
 body={"results":[{"gender":"male","name":{"title":"Mr","first":"Jan","last":"Norman"},"location":{"street":{"number":542,"name":"Tangenveien"},"city":"Høle","state":"Oslo","country":"Norway","postcode":"3883","coordinates":{"latitude":"46.2445","longitude":"-160.6066"},"timezone":{"offset":"-2:00","description":"Mid-Atlantic"}},"email":"jan.norman@example.com","login":{"uuid":"6960d592-5aba-4096-be98-669fc683319a","username":"purplelion445","password":"username","salt":"vNSOcJAD","md5":"7339e85536c6c576f952ee6ad29d2512","sha1":"2f089b3d5c2655e2120332324eb3586797c40b99","sha256":"1cfd242f3b16b57ed4aaf97f23aca081297b0bc7aaec26fa561778a6980140cc"},"dob":{"date":"1967-11-02T16:49:11.403Z","age":56},"registered":{"date":"2014-09-09T21:47:03.193Z","age":9},"phone":"74522066","cell":"49311767","id":{"name":"FN","value":"02116747122"},"picture":{"large":"https://randomuser.me/api/portraits/men/96.jpg","medium":"https://randomuser.me/api/portraits/med/men/96.jpg","thumbnail":"https://randomuser.me/api/portraits/thumb/men/96.jpg"},"nat":"NO"}],"info":{"seed":"d20d7835170a71b3","results":1,"page":1,"version":"1.4"}} 
 </msg>
<msg time="2024-06-28T05:14:32.415776" level="INFO">/opt/hostedtoolcache/Python/3.12.4/x64/lib/python3.12/site-packages/urllib3/connectionpool.py:1099: InsecureRequestWarning: Unverified HTTPS request is being made to host 'randomuser.me'. Adding certificate verification is strongly advised. See: https://urllib3.readthedocs.io/en/latest/advanced-usage.html#tls-warnings
  warnings.warn(</msg>
<msg time="2024-06-28T05:14:32.415895" level="INFO">${response} = &lt;Response [200]&gt;</msg>
<var>${response}</var>
<arg>consultarAPI</arg>
<arg>/api</arg>
<doc>Sends a GET request on a previously created HTTP Session.</doc>
<status status="PASS" start="2024-06-28T05:14:32.317520" elapsed="0.098413"/>
</kw>
<kw name="Set Variable" owner="BuiltIn">
<msg time="2024-06-28T05:14:32.417136" level="INFO">${json_data} = {'results': [{'gender': 'male', 'name': {'title': 'Mr', 'first': 'Jan', 'last': 'Norman'}, 'location': {'street': {'number': 542, 'name': 'Tangenveien'}, 'city': 'Høle', 'state': 'Oslo', 'country': 'N...</msg>
<var>${json_data}</var>
<arg>${response.json()}</arg>
<doc>Returns the given values which can then be assigned to a variables.</doc>
<status status="PASS" start="2024-06-28T05:14:32.416561" elapsed="0.000603"/>
</kw>
<kw name="Log" owner="BuiltIn">
<msg time="2024-06-28T05:14:32.417640" level="INFO">{'results': [{'gender': 'male', 'name': {'title': 'Mr', 'first': 'Jan', 'last': 'Norman'}, 'location': {'street': {'number': 542, 'name': 'Tangenveien'}, 'city': 'Høle', 'state': 'Oslo', 'country': 'Norway', 'postcode': '3883', 'coordinates': {'latitude': '46.2445', 'longitude': '-160.6066'}, 'timezone': {'offset': '-2:00', 'description': 'Mid-Atlantic'}}, 'email': 'jan.norman@example.com', 'login': {'uuid': '6960d592-5aba-4096-be98-669fc683319a', 'username': 'purplelion445', 'password': 'username', 'salt': 'vNSOcJAD', 'md5': '7339e85536c6c576f952ee6ad29d2512', 'sha1': '2f089b3d5c2655e2120332324eb3586797c40b99', 'sha256': '1cfd242f3b16b57ed4aaf97f23aca081297b0bc7aaec26fa561778a6980140cc'}, 'dob': {'date': '1967-11-02T16:49:11.403Z', 'age': 56}, 'registered': {'date': '2014-09-09T21:47:03.193Z', 'age': 9}, 'phone': '74522066', 'cell': '49311767', 'id': {'name': 'FN', 'value': '02116747122'}, 'picture': {'large': 'https://randomuser.me/api/portraits/men/96.jpg', 'medium': 'https://randomuser.me/api/portraits/med/men/96.jpg', 'thumbnail': 'https://randomuser.me/api/portraits/thumb/men/96.jpg'}, 'nat': 'NO'}], 'info': {'seed': 'd20d7835170a71b3', 'results': 1, 'page': 1, 'version': '1.4'}}</msg>
<arg>${json_data}</arg>
<doc>Logs the given message with the given level.</doc>
<status status="PASS" start="2024-06-28T05:14:32.417477" elapsed="0.000212"/>
</kw>
<kw name="Should Be Equal As Numbers" owner="BuiltIn">
<arg>${json_data['results'][0]['location']['postcode']}</arg>
<arg>${json_data['results'][0]['location']['postcode']}</arg>
<doc>Fails if objects are unequal after converting them to real numbers.</doc>
<status status="PASS" start="2024-06-28T05:14:32.417982" elapsed="0.000677"/>
</kw>
<kw name="Log" owner="BuiltIn">
<msg time="2024-06-28T05:14:32.419180" level="INFO">3883</msg>
<arg>${json_data['results'][0]['location']['postcode']}</arg>
<doc>Logs the given message with the given level.</doc>
<status status="PASS" start="2024-06-28T05:14:32.418845" elapsed="0.000411"/>
</kw>
<status status="PASS" start="2024-06-28T05:14:32.317299" elapsed="0.102223"/>
</kw>
<doc>Testa se os tipos de dados na resposta da API estão corretos.</doc>
<tag>testeTiposDados</tag>
<status status="PASS" start="2024-06-28T05:14:32.222900" elapsed="0.196816"/>
</test>
<test id="s1-s1-t5" name="Validar conteudo" line="35">
<kw name="Teste de Tipos de Conteudo" owner="random-user-service">
<kw name="GET On Session" owner="RequestsLibrary">
<msg time="2024-06-28T05:14:32.532407" level="INFO">GET Request : url=https://randomuser.me/api 
 path_url=/api 
 headers={'User-Agent': 'python-requests/2.32.3', 'Accept-Encoding': 'gzip, deflate', 'Accept': '*/*', 'Connection': 'keep-alive'} 
 body=None 
 </msg>
<msg time="2024-06-28T05:14:32.532499" level="INFO">GET Response : url=https://randomuser.me/api 
 status=200, reason=OK 
 headers={'Date': 'Fri, 28 Jun 2024 05:14:32 GMT', 'Content-Type': 'application/json; charset=utf-8', 'Transfer-Encoding': 'chunked', 'Connection': 'keep-alive', 'X-Powered-By': 'Express', 'Access-Control-Allow-Origin': '*', 'Cache-Control': 'no-cache', 'ETag': 'W/"4a6-VST0VwQFwirF0XensC2tXy2sxQ4"', 'Vary': 'Accept-Encoding', 'Content-Encoding': 'gzip', 'CF-Cache-Status': 'DYNAMIC', 'Report-To': '{"endpoints":[{"url":"https:\\/\\/a.nel.cloudflare.com\\/report\\/v4?s=qCaDSGtZ5xyzj3R3f7OMeETLQfes%2FCugKXme5VLROTNOQQcFyC%2FLC4qob%2FYzpf0ayYcmtYzJin5jE0fZm3joOvbqkVNN%2BOrmRvAIlc17lKBdShLv6cfvbTyeF0WG7BSF"}],"group":"cf-nel","max_age":604800}', 'NEL': '{"success_fraction":0,"report_to":"cf-nel","max_age":604800}', 'Server': 'cloudflare', 'CF-RAY': '89ab31a0abb07ac8-SJC', 'alt-svc': 'h3=":443"; ma=86400'} 
 body={"results":[{"gender":"female","name":{"title":"Miss","first":"Jos","last":"Castellanos"},"location":{"street":{"number":7491,"name":"Calzada Nauru"},"city":"Nava","state":"Queretaro","country":"Mexico","postcode":22626,"coordinates":{"latitude":"25.1479","longitude":"32.7823"},"timezone":{"offset":"-6:00","description":"Central Time (US &amp; Canada), Mexico City"}},"email":"jos.castellanos@example.com","login":{"uuid":"8303b48a-2d87-49a6-8058-a085fc12ba4d","username":"orangeostrich152","password":"eldorado","salt":"YGEKNyIa","md5":"38cc2813d71fb0c31f5ce172baf5b88c","sha1":"377ad76a8a21dc56db134cdf248748afba8bae22","sha256":"75fab357d5efb1e82b49701c82ec3ba6a2a769d1247f9aeb6f56caa64187aede"},"dob":{"date":"1974-01-17T01:45:58.950Z","age":50},"registered":{"date":"2009-05-18T09:29:57.256Z","age":15},"phone":"(670) 166 2897","cell":"(619) 850 0269","id":{"name":"NSS","value":"71 23 04 0987 9"},"picture":{"large":"https://randomuser.me/api/portraits/women/92.jpg","medium":"https://randomuser.me/api/portraits/med/women/92.jpg","thumbnail":"https://randomuser.me/api/portraits/thumb/women/92.jpg"},"nat":"MX"}],"info":{"seed":"3a186f6647b52d21","results":1,"page":1,"version":"1.4"}} 
 </msg>
<msg time="2024-06-28T05:14:32.532591" level="INFO">/opt/hostedtoolcache/Python/3.12.4/x64/lib/python3.12/site-packages/urllib3/connectionpool.py:1099: InsecureRequestWarning: Unverified HTTPS request is being made to host 'randomuser.me'. Adding certificate verification is strongly advised. See: https://urllib3.readthedocs.io/en/latest/advanced-usage.html#tls-warnings
  warnings.warn(</msg>
<msg time="2024-06-28T05:14:32.532699" level="INFO">${response} = &lt;Response [200]&gt;</msg>
<var>${response}</var>
<arg>consultarAPI</arg>
<arg>/api</arg>
<doc>Sends a GET request on a previously created HTTP Session.</doc>
<status status="PASS" start="2024-06-28T05:14:32.423409" elapsed="0.109332"/>
</kw>
<kw name="Set Variable" owner="BuiltIn">
<msg time="2024-06-28T05:14:32.533824" level="INFO">${json_data} = {'results': [{'gender': 'female', 'name': {'title': 'Miss', 'first': 'Jos', 'last': 'Castellanos'}, 'location': {'street': {'number': 7491, 'name': 'Calzada Nauru'}, 'city': 'Nava', 'state': 'Queretar...</msg>
<var>${json_data}</var>
<arg>${response.json()}</arg>
<doc>Returns the given values which can then be assigned to a variables.</doc>
<status status="PASS" start="2024-06-28T05:14:32.533275" elapsed="0.000579"/>
</kw>
<kw name="Set Variable" owner="BuiltIn">
<msg time="2024-06-28T05:14:32.534574" level="INFO">${name_title} = Miss</msg>
<var>${name_title}</var>
<arg>${json_data["results"][0]["name"]["title"]}</arg>
<doc>Returns the given values which can then be assigned to a variables.</doc>
<status status="PASS" start="2024-06-28T05:14:32.534159" elapsed="0.000440"/>
</kw>
<kw name="Create List" owner="BuiltIn">
<msg time="2024-06-28T05:14:32.535049" level="INFO">${allowed_titles} = ['Mr', 'Ms', 'Miss', 'Mrs', 'Madame', 'Monsieur']</msg>
<var>${allowed_titles}</var>
<arg>Mr</arg>
<arg>Ms</arg>
<arg>Miss</arg>
<arg>Mrs</arg>
<arg>Madame</arg>
<arg>Monsieur</arg>
<doc>Returns a list containing given items.</doc>
<status status="PASS" start="2024-06-28T05:14:32.534899" elapsed="0.000174"/>
</kw>
<kw name="List Should Contain Value" owner="Collections">
<arg>${allowed_titles}</arg>
<arg>${name_title}</arg>
<doc>Fails if the ``value`` is not found from ``list``.</doc>
<status status="PASS" start="2024-06-28T05:14:32.535366" elapsed="0.000177"/>
</kw>
<kw name="Set Variable" owner="BuiltIn">
<msg time="2024-06-28T05:14:32.536077" level="INFO">${name_country} = MX</msg>
<var>${name_country}</var>
<arg>${json_data["results"][0]["nat"]}</arg>
<doc>Returns the given values which can then be assigned to a variables.</doc>
<status status="PASS" start="2024-06-28T05:14:32.535718" elapsed="0.000383"/>
</kw>
<kw name="Create List" owner="BuiltIn">
<msg time="2024-06-28T05:14:32.536979" level="INFO">${list_country} = ['AD', 'AE', 'AF', 'AG', 'AI', 'AL', 'AM', 'AO', 'AQ', 'AR', 'AS', 'AT', 'AU', 'AW', 'AX', 'AZ', 'BA', 'BB', 'BD', 'BE', 'BF', 'BG', 'BH', 'BI', 'BJ', 'BL', 'BM', 'BN', 'BO', 'BQ', 'BR', 'BS', 'BT', '...</msg>
<var>${list_country}</var>
<arg>AD</arg>
<arg>AE</arg>
<arg>AF</arg>
<arg>AG</arg>
<arg>AI</arg>
<arg>AL</arg>
<arg>AM</arg>
<arg>AO</arg>
<arg>AQ</arg>
<arg>AR</arg>
<arg>AS</arg>
<arg>AT</arg>
<arg>AU</arg>
<arg>AW</arg>
<arg>AX</arg>
<arg>AZ</arg>
<arg>BA</arg>
<arg>BB</arg>
<arg>BD</arg>
<arg>BE</arg>
<arg>BF</arg>
<arg>BG</arg>
<arg>BH</arg>
<arg>BI</arg>
<arg>BJ</arg>
<arg>BL</arg>
<arg>BM</arg>
<arg>BN</arg>
<arg>BO</arg>
<arg>BQ</arg>
<arg>BR</arg>
<arg>BS</arg>
<arg>BT</arg>
<arg>BV</arg>
<arg>BW</arg>
<arg>BY</arg>
<arg>BZ</arg>
<arg>CA</arg>
<arg>CC</arg>
<arg>CD</arg>
<arg>CF</arg>
<arg>CG</arg>
<arg>CH</arg>
<arg>CI</arg>
<arg>CK</arg>
<arg>CL</arg>
<arg>CM</arg>
<arg>CN</arg>
<arg>CO</arg>
<arg>CR</arg>
<arg>CU</arg>
<arg>CV</arg>
<arg>CW</arg>
<arg>CX</arg>
<arg>CY</arg>
<arg>CZ</arg>
<arg>DE</arg>
<arg>DJ</arg>
<arg>DK</arg>
<arg>DM</arg>
<arg>DO</arg>
<arg>DZ</arg>
<arg>EC</arg>
<arg>EE</arg>
<arg>EG</arg>
<arg>EH</arg>
<arg>ER</arg>
<arg>ES</arg>
<arg>ET</arg>
<arg>FI</arg>
<arg>FJ</arg>
<arg>FK</arg>
<arg>FM</arg>
<arg>FO</arg>
<arg>FR</arg>
<arg>GA</arg>
<arg>GB</arg>
<arg>GD</arg>
<arg>GE</arg>
<arg>GF</arg>
<arg>GG</arg>
<arg>GH</arg>
<arg>GI</arg>
<arg>GL</arg>
<arg>GM</arg>
<arg>GN</arg>
<arg>GP</arg>
<arg>GQ</arg>
<arg>GR</arg>
<arg>GS</arg>
<arg>GT</arg>
<arg>GU</arg>
<arg>GW</arg>
<arg>GY</arg>
<arg>HK</arg>
<arg>HM</arg>
<arg>HN</arg>
<arg>HR</arg>
<arg>HT</arg>
<arg>HU</arg>
<arg>ID</arg>
<arg>IE</arg>
<arg>IL</arg>
<arg>IM</arg>
<arg>IN</arg>
<arg>IO</arg>
<arg>IQ</arg>
<arg>IR</arg>
<arg>IS</arg>
<arg>IT</arg>
<arg>JE</arg>
<arg>JM</arg>
<arg>JO</arg>
<arg>JP</arg>
<arg>KE</arg>
<arg>KG</arg>
<arg>KH</arg>
<arg>KI</arg>
<arg>KM</arg>
<arg>KN</arg>
<arg>KP</arg>
<arg>KR</arg>
<arg>KW</arg>
<arg>KY</arg>
<arg>KZ</arg>
<arg>LA</arg>
<arg>LB</arg>
<arg>LC</arg>
<arg>LI</arg>
<arg>LK</arg>
<arg>LR</arg>
<arg>LS</arg>
<arg>LT</arg>
<arg>LU</arg>
<arg>LV</arg>
<arg>LY</arg>
<arg>MA</arg>
<arg>MC</arg>
<arg>MD</arg>
<arg>ME</arg>
<arg>MF</arg>
<arg>MG</arg>
<arg>MH</arg>
<arg>MK</arg>
<arg>ML</arg>
<arg>MM</arg>
<arg>MN</arg>
<arg>MO</arg>
<arg>MP</arg>
<arg>MQ</arg>
<arg>MR</arg>
<arg>MS</arg>
<arg>MT</arg>
<arg>MU</arg>
<arg>MV</arg>
<arg>MW</arg>
<arg>MX</arg>
<arg>MY</arg>
<arg>MZ</arg>
<arg>NA</arg>
<arg>NC</arg>
<arg>NE</arg>
<arg>NF</arg>
<arg>NG</arg>
<arg>NI</arg>
<arg>NL</arg>
<arg>NO</arg>
<arg>NP</arg>
<arg>NR</arg>
<arg>NU</arg>
<arg>NZ</arg>
<arg>OM</arg>
<arg>PA</arg>
<arg>PE</arg>
<arg>PF</arg>
<arg>PG</arg>
<arg>PH</arg>
<arg>PK</arg>
<arg>PL</arg>
<arg>PM</arg>
<arg>PN</arg>
<arg>PR</arg>
<arg>PS</arg>
<arg>PT</arg>
<arg>PW</arg>
<arg>PY</arg>
<arg>QA</arg>
<arg>RE</arg>
<arg>RO</arg>
<arg>RS</arg>
<arg>RU</arg>
<arg>RW</arg>
<arg>SA</arg>
<arg>SB</arg>
<arg>SC</arg>
<arg>SD</arg>
<arg>SE</arg>
<arg>SG</arg>
<arg>SH</arg>
<arg>SI</arg>
<arg>SJ</arg>
<arg>SK</arg>
<arg>SL</arg>
<arg>SM</arg>
<arg>SN</arg>
<arg>SO</arg>
<arg>SR</arg>
<arg>SS</arg>
<arg>ST</arg>
<arg>SV</arg>
<arg>SX</arg>
<arg>SY</arg>
<arg>SZ</arg>
<arg>TC</arg>
<arg>TD</arg>
<arg>TF</arg>
<arg>TG</arg>
<arg>TH</arg>
<arg>TJ</arg>
<arg>TK</arg>
<arg>TL</arg>
<arg>TM</arg>
<arg>TN</arg>
<arg>TO</arg>
<arg>TR</arg>
<arg>TT</arg>
<arg>TV</arg>
<arg>TW</arg>
<arg>TZ</arg>
<arg>UA</arg>
<arg>UG</arg>
<arg>UM</arg>
<arg>US</arg>
<arg>UY</arg>
<arg>UZ</arg>
<arg>VA</arg>
<arg>VC</arg>
<arg>VE</arg>
<arg>VG</arg>
<arg>VI</arg>
<arg>VN</arg>
<arg>VU</arg>
<arg>WF</arg>
<arg>WS</arg>
<arg>XK</arg>
<arg>YE</arg>
<arg>YT</arg>
<arg>ZA</arg>
<arg>ZM</arg>
<arg>ZW</arg>
<doc>Returns a list containing given items.</doc>
<status status="PASS" start="2024-06-28T05:14:32.536389" elapsed="0.000614"/>
</kw>
<kw name="List Should Contain Value" owner="Collections">
<arg>${list_country}</arg>
<arg>${name_country}</arg>
<doc>Fails if the ``value`` is not found from ``list``.</doc>
<status status="PASS" start="2024-06-28T05:14:32.537797" elapsed="0.000202"/>
</kw>
<kw name="Run Keyword If" owner="BuiltIn">
<kw name="Should Be True" owner="BuiltIn">
<arg>${True}</arg>
<doc>Fails if the given condition is not true.</doc>
<status status="PASS" start="2024-06-28T05:14:32.538954" elapsed="0.000141"/>
</kw>
<arg>${json_data["results"][0]["location"]["coordinates"]["latitude"]} &gt;= -90 and ${json_data["results"][0]["location"]["coordinates"]["latitude"]} &lt;= 90</arg>
<arg>Should Be True</arg>
<arg>${True}</arg>
<doc>Runs the given keyword with the given arguments, if ``condition`` is true.</doc>
<status status="PASS" start="2024-06-28T05:14:32.538193" elapsed="0.001025"/>
</kw>
<kw name="Run Keyword If" owner="BuiltIn">
<kw name="Should Be True" owner="BuiltIn">
<arg>${True}</arg>
<doc>Fails if the given condition is not true.</doc>
<status status="PASS" start="2024-06-28T05:14:32.540082" elapsed="0.000135"/>
</kw>
<arg>${json_data["results"][0]["location"]["coordinates"]["longitude"]} &gt;= -180 and ${json_data["results"][0]["location"]["coordinates"]["longitude"]} &lt;= 180</arg>
<arg>Should Be True</arg>
<arg>${True}</arg>
<doc>Runs the given keyword with the given arguments, if ``condition`` is true.</doc>
<status status="PASS" start="2024-06-28T05:14:32.539395" elapsed="0.000944"/>
</kw>
<status status="PASS" start="2024-06-28T05:14:32.422814" elapsed="0.117653"/>
</kw>
<doc>Testa o conteúdo específico dos campos retornados pela API.</doc>
<tag>testeConteudo</tag>
<status status="PASS" start="2024-06-28T05:14:32.422058" elapsed="0.118562"/>
</test>
<status status="PASS" start="2024-06-28T05:14:31.437783" elapsed="1.104841"/>
</suite>
<status status="PASS" start="2024-06-28T05:14:31.422784" elapsed="1.125191"/>
</suite>
<statistics>
<total>
<stat pass="5" fail="0" skip="0">All Tests</stat>
</total>
<tag>
<stat pass="1" fail="0" skip="0">testeConteudo</stat>
<stat pass="1" fail="0" skip="0">testeEstruturaResposta</stat>
<stat pass="1" fail="0" skip="0">testeRequisicaoBasica</stat>
<stat pass="1" fail="0" skip="0">testeTiposDados</stat>
</tag>
<suite>
<stat pass="5" fail="0" skip="0" id="s1" name="Tests">Tests</stat>
<stat pass="5" fail="0" skip="0" id="s1-s1" name="Random-User-Test">Tests.Random-User-Test</stat>
</suite>
</statistics>
<errors>
</errors>
</robot>
