<?xml version="1.0" encoding="UTF-8"?>
<robot generator="Robot 7.0 (Python 3.12.3 on linux)" generated="2024-05-15T14:14:48.542843" rpa="false" schemaversion="5">
<suite id="s1" name="Tests" source="/home/runner/work/DesafioQAItauRogerioJordao/DesafioQAItauRogerioJordao/RamdonUser/tests">
<suite id="s1-s1" name="Random-User-Test" source="/home/runner/work/DesafioQAItauRogerioJordao/DesafioQAItauRogerioJordao/RamdonUser/tests/random-user-test.robot">
<test id="s1-s1-t1" name="Conectar" line="13">
<kw name="Conectar API" owner="random-user-service">
<kw name="Create Session" owner="RequestsLibrary">
<msg time="2024-05-15T14:14:48.926234" level="INFO">Creating Session using : alias=consultarAPI, url=https://randomuser.me/, headers={},                     cookies={}, auth=None, timeout=None, proxies=None, verify=False,                     debug=0 </msg>
<arg>consultarAPI</arg>
<arg>${URL}</arg>
<doc>Create Session: create a HTTP session to a server</doc>
<status status="PASS" start="2024-05-15T14:14:48.926030" elapsed="0.000403"/>
</kw>
<status status="PASS" start="2024-05-15T14:14:48.925023" elapsed="0.001777"/>
</kw>
<status status="PASS" start="2024-05-15T14:14:48.924306" elapsed="0.002688"/>
</test>
<test id="s1-s1-t2" name="Validar retorno 200 e JSON Válido" line="16">
<kw name="Teste de Requisicao Basica" owner="random-user-service">
<kw name="GET On Session" owner="RequestsLibrary">
<msg time="2024-05-15T14:14:49.015417" level="INFO">GET Request : url=https://randomuser.me/api 
 path_url=/api 
 headers={'User-Agent': 'python-requests/2.31.0', 'Accept-Encoding': 'gzip, deflate', 'Accept': '*/*', 'Connection': 'keep-alive'} 
 body=None 
 </msg>
<msg time="2024-05-15T14:14:49.015594" level="INFO">GET Response : url=https://randomuser.me/api 
 status=200, reason=OK 
 headers={'Date': 'Wed, 15 May 2024 14:14:49 GMT', 'Content-Type': 'application/json; charset=utf-8', 'Transfer-Encoding': 'chunked', 'Connection': 'keep-alive', 'X-Powered-By': 'Express', 'Access-Control-Allow-Origin': '*', 'Cache-Control': 'no-cache', 'ETag': 'W/"475-qgPhlJqaeTlvMF3Aat53FlMpKT8"', 'Vary': 'Accept-Encoding', 'Content-Encoding': 'gzip', 'CF-Cache-Status': 'DYNAMIC', 'Report-To': '{"endpoints":[{"url":"https:\\/\\/a.nel.cloudflare.com\\/report\\/v4?s=W%2BRmpv7hAu1AwiJp2%2FuF57%2F9JR8t1SsYMdDyFCvWdKm8AjXzSDwOT0NqzP9VJnFw2xFmnnCrl971jKwZRIfvTEgbdgGWyQQ8Zu0Mogo%2BBMTIjX0NztzAyS%2F94MIOvSWO"}],"group":"cf-nel","max_age":604800}', 'NEL': '{"success_fraction":0,"report_to":"cf-nel","max_age":604800}', 'Server': 'cloudflare', 'CF-RAY': '8843bc8bfb5e7fb2-IAD', 'alt-svc': 'h3=":443"; ma=86400'} 
 body={"results":[{"gender":"male","name":{"title":"Mr","first":"Jagdish","last":"Thampy"},"location":{"street":{"number":5104,"name":"Somwar Peth"},"city":"Naihati","state":"Uttarakhand","country":"India","postcode":93045,"coordinates":{"latitude":"10.0056","longitude":"-132.0041"},"timezone":{"offset":"-9:00","description":"Alaska"}},"email":"jagdish.thampy@example.com","login":{"uuid":"7f18eafe-a55e-44c0-b3f3-7247514714fa","username":"yellowelephant533","password":"commando","salt":"Pvw6rXc9","md5":"955f0c7e90a6eb28a85891403cf2034b","sha1":"1377f76a58cedc447a7c3e286ccbf05053950ace","sha256":"e2e7d0f28e52ed4f5df9d4a79f5618e0fc1597d978d2d015f5eec658b6184698"},"dob":{"date":"1952-03-30T16:30:16.927Z","age":72},"registered":{"date":"2007-12-17T15:53:13.101Z","age":16},"phone":"8024129640","cell":"7294642339","id":{"name":"UIDAI","value":"954764848138"},"picture":{"large":"https://randomuser.me/api/portraits/men/48.jpg","medium":"https://randomuser.me/api/portraits/med/men/48.jpg","thumbnail":"https://randomuser.me/api/portraits/thumb/men/48.jpg"},"nat":"IN"}],"info":{"seed":"66ff71583e3b04af","results":1,"page":1,"version":"1.4"}} 
 </msg>
<msg time="2024-05-15T14:14:49.015681" level="INFO">/opt/hostedtoolcache/Python/3.12.3/x64/lib/python3.12/site-packages/urllib3/connectionpool.py:1103: InsecureRequestWarning: Unverified HTTPS request is being made to host 'randomuser.me'. Adding certificate verification is strongly advised. See: https://urllib3.readthedocs.io/en/latest/advanced-usage.html#tls-warnings
  warnings.warn(</msg>
<msg time="2024-05-15T14:14:49.015846" level="INFO">${response} = &lt;Response [200]&gt;</msg>
<var>${response}</var>
<arg>consultarAPI</arg>
<arg>/api</arg>
<doc>Sends a GET request on a previously created HTTP Session.</doc>
<status status="PASS" start="2024-05-15T14:14:48.929771" elapsed="0.086119"/>
</kw>
<kw name="Should Be Equal As Numbers" owner="BuiltIn">
<msg time="2024-05-15T14:14:49.017151" level="INFO">Argument types are:
&lt;class 'int'&gt;
&lt;class 'str'&gt;</msg>
<arg>${response.status_code}</arg>
<arg>200</arg>
<doc>Fails if objects are unequal after converting them to real numbers.</doc>
<status status="PASS" start="2024-05-15T14:14:49.016618" elapsed="0.000605"/>
</kw>
<kw name="Log" owner="BuiltIn">
<msg time="2024-05-15T14:14:49.018030" level="INFO">200</msg>
<arg>${response.status_code}</arg>
<doc>Logs the given message with the given level.</doc>
<status status="PASS" start="2024-05-15T14:14:49.017635" elapsed="0.000441"/>
</kw>
<kw name="Set Variable" owner="BuiltIn">
<msg time="2024-05-15T14:14:49.018889" level="INFO">${json_data} = {'results': [{'gender': 'male', 'name': {'title': 'Mr', 'first': 'Jagdish', 'last': 'Thampy'}, 'location': {'street': {'number': 5104, 'name': 'Somwar Peth'}, 'city': 'Naihati', 'state': 'Uttarakhand'...</msg>
<var>${json_data}</var>
<arg>${response.json()}</arg>
<doc>Returns the given values which can then be assigned to a variables.</doc>
<status status="PASS" start="2024-05-15T14:14:49.018419" elapsed="0.000498"/>
</kw>
<kw name="Dictionary Should Contain Key" owner="Collections">
<msg time="2024-05-15T14:14:49.019423" level="INFO">False</msg>
<arg>${json_data}</arg>
<arg>results</arg>
<doc>Fails if ``key`` is not found from ``dictionary``.</doc>
<status status="PASS" start="2024-05-15T14:14:49.019241" elapsed="0.000224"/>
</kw>
<status status="PASS" start="2024-05-15T14:14:48.929521" elapsed="0.090210"/>
</kw>
<doc>Testa se a API responde corretamente e retorna um objeto JSON válido.</doc>
<tag>testeRequisicaoBasica</tag>
<status status="PASS" start="2024-05-15T14:14:48.928955" elapsed="0.090965"/>
</test>
<test id="s1-s1-t3" name="Validar estrutura de resposta" line="22">
<kw name="Teste de Estrutura de Resposta" owner="random-user-service">
<kw name="GET On Session" owner="RequestsLibrary">
<msg time="2024-05-15T14:14:49.111462" level="INFO">GET Request : url=https://randomuser.me/api 
 path_url=/api 
 headers={'User-Agent': 'python-requests/2.31.0', 'Accept-Encoding': 'gzip, deflate', 'Accept': '*/*', 'Connection': 'keep-alive'} 
 body=None 
 </msg>
<msg time="2024-05-15T14:14:49.111583" level="INFO">GET Response : url=https://randomuser.me/api 
 status=200, reason=OK 
 headers={'Date': 'Wed, 15 May 2024 14:14:49 GMT', 'Content-Type': 'application/json; charset=utf-8', 'Transfer-Encoding': 'chunked', 'Connection': 'keep-alive', 'X-Powered-By': 'Express', 'Access-Control-Allow-Origin': '*', 'Cache-Control': 'no-cache', 'ETag': 'W/"495-KNDw0U3nLIoFIbjSrnE2bp3+U9A"', 'Vary': 'Accept-Encoding', 'Content-Encoding': 'gzip', 'CF-Cache-Status': 'DYNAMIC', 'Report-To': '{"endpoints":[{"url":"https:\\/\\/a.nel.cloudflare.com\\/report\\/v4?s=4BvbFwvDWkAN3yEB65YrfUfXAqOEKAJ7xi6WEL3vPlEt4UKz0DV5KKRE1s7wNzEZmy7MUhrwUyZtOZR46ea03zQTDTHGwEi0vlS27GnzsmdjSvsBAuQ3P2TT5ldlgEXk"}],"group":"cf-nel","max_age":604800}', 'NEL': '{"success_fraction":0,"report_to":"cf-nel","max_age":604800}', 'Server': 'cloudflare', 'CF-RAY': '8843bc8c6bfd7fb2-IAD', 'alt-svc': 'h3=":443"; ma=86400'} 
 body={"results":[{"gender":"female","name":{"title":"Miss","first":"Lily","last":"Morin"},"location":{"street":{"number":9003,"name":"Dufferin St"},"city":"Minto","state":"Ontario","country":"Canada","postcode":"G1L 2W6","coordinates":{"latitude":"-69.2928","longitude":"111.3999"},"timezone":{"offset":"-5:00","description":"Eastern Time (US &amp; Canada), Bogota, Lima"}},"email":"lily.morin@example.com","login":{"uuid":"ba54e69a-bbd3-4dab-8de8-cf6624e0b95d","username":"orangerabbit973","password":"valentin","salt":"TYn2PRU2","md5":"f187da0fcf7d136a57772ef80406b483","sha1":"cd1484547702745fa78ac33db22894868ba12d03","sha256":"e571e18348cd4dfc1b1b698ae93580d26bbbb5b3906e7c569a161ec984e40174"},"dob":{"date":"1966-05-02T12:59:10.973Z","age":58},"registered":{"date":"2010-12-28T06:22:04.423Z","age":13},"phone":"H90 T53-8425","cell":"Y21 A82-5755","id":{"name":"SIN","value":"194482717"},"picture":{"large":"https://randomuser.me/api/portraits/women/15.jpg","medium":"https://randomuser.me/api/portraits/med/women/15.jpg","thumbnail":"https://randomuser.me/api/portraits/thumb/women/15.jpg"},"nat":"CA"}],"info":{"seed":"0cd6db0822bbe6ef","results":1,"page":1,"version":"1.4"}} 
 </msg>
<msg time="2024-05-15T14:14:49.111738" level="INFO">/opt/hostedtoolcache/Python/3.12.3/x64/lib/python3.12/site-packages/urllib3/connectionpool.py:1103: InsecureRequestWarning: Unverified HTTPS request is being made to host 'randomuser.me'. Adding certificate verification is strongly advised. See: https://urllib3.readthedocs.io/en/latest/advanced-usage.html#tls-warnings
  warnings.warn(</msg>
<msg time="2024-05-15T14:14:49.111870" level="INFO">${response} = &lt;Response [200]&gt;</msg>
<var>${response}</var>
<arg>consultarAPI</arg>
<arg>/api</arg>
<doc>Sends a GET request on a previously created HTTP Session.</doc>
<status status="PASS" start="2024-05-15T14:14:49.022769" elapsed="0.089143"/>
</kw>
<kw name="Set Variable" owner="BuiltIn">
<msg time="2024-05-15T14:14:49.113229" level="INFO">${json_data} = {'results': [{'gender': 'female', 'name': {'title': 'Miss', 'first': 'Lily', 'last': 'Morin'}, 'location': {'street': {'number': 9003, 'name': 'Dufferin St'}, 'city': 'Minto', 'state': 'Ontario', 'cou...</msg>
<var>${json_data}</var>
<arg>${response.json()}</arg>
<doc>Returns the given values which can then be assigned to a variables.</doc>
<status status="PASS" start="2024-05-15T14:14:49.112615" elapsed="0.000644"/>
</kw>
<kw name="Log" owner="BuiltIn">
<msg time="2024-05-15T14:14:49.113823" level="INFO">{'results': [{'gender': 'female', 'name': {'title': 'Miss', 'first': 'Lily', 'last': 'Morin'}, 'location': {'street': {'number': 9003, 'name': 'Dufferin St'}, 'city': 'Minto', 'state': 'Ontario', 'country': 'Canada', 'postcode': 'G1L 2W6', 'coordinates': {'latitude': '-69.2928', 'longitude': '111.3999'}, 'timezone': {'offset': '-5:00', 'description': 'Eastern Time (US &amp; Canada), Bogota, Lima'}}, 'email': 'lily.morin@example.com', 'login': {'uuid': 'ba54e69a-bbd3-4dab-8de8-cf6624e0b95d', 'username': 'orangerabbit973', 'password': 'valentin', 'salt': 'TYn2PRU2', 'md5': 'f187da0fcf7d136a57772ef80406b483', 'sha1': 'cd1484547702745fa78ac33db22894868ba12d03', 'sha256': 'e571e18348cd4dfc1b1b698ae93580d26bbbb5b3906e7c569a161ec984e40174'}, 'dob': {'date': '1966-05-02T12:59:10.973Z', 'age': 58}, 'registered': {'date': '2010-12-28T06:22:04.423Z', 'age': 13}, 'phone': 'H90 T53-8425', 'cell': 'Y21 A82-5755', 'id': {'name': 'SIN', 'value': '194482717'}, 'picture': {'large': 'https://randomuser.me/api/portraits/women/15.jpg', 'medium': 'https://randomuser.me/api/portraits/med/women/15.jpg', 'thumbnail': 'https://randomuser.me/api/portraits/thumb/women/15.jpg'}, 'nat': 'CA'}], 'info': {'seed': '0cd6db0822bbe6ef', 'results': 1, 'page': 1, 'version': '1.4'}}</msg>
<arg>${json_data}</arg>
<doc>Logs the given message with the given level.</doc>
<status status="PASS" start="2024-05-15T14:14:49.113639" elapsed="0.000236"/>
</kw>
<kw name="Dictionary Should Contain Key" owner="Collections">
<msg time="2024-05-15T14:14:49.114371" level="INFO">False</msg>
<arg>${json_data}</arg>
<arg>results</arg>
<doc>Fails if ``key`` is not found from ``dictionary``.</doc>
<status status="PASS" start="2024-05-15T14:14:49.114196" elapsed="0.000214"/>
</kw>
<kw name="Should Not Be Empty" owner="BuiltIn">
<msg time="2024-05-15T14:14:49.114852" level="INFO">Length is 2.</msg>
<arg>${json_data}</arg>
<doc>Verifies that the given item is not empty.</doc>
<status status="PASS" start="2024-05-15T14:14:49.114715" elapsed="0.000350"/>
</kw>
<kw name="Create List" owner="BuiltIn">
<msg time="2024-05-15T14:14:49.115529" level="INFO">${expected_keys} = ['gender', 'name', 'location', 'email', 'login']</msg>
<var>${expected_keys}</var>
<arg>gender</arg>
<arg>name</arg>
<arg>location</arg>
<arg>email</arg>
<arg>login</arg>
<doc>Returns a list containing given items.</doc>
<status status="PASS" start="2024-05-15T14:14:49.115368" elapsed="0.000186"/>
</kw>
<for flavor="IN">
<iter>
<kw name="Dictionary Should Contain Key" owner="Collections">
<msg time="2024-05-15T14:14:49.116632" level="INFO">False</msg>
<arg>${json_data['results'][0]}</arg>
<arg>${key}</arg>
<doc>Fails if ``key`` is not found from ``dictionary``.</doc>
<status status="PASS" start="2024-05-15T14:14:49.116154" elapsed="0.000520"/>
</kw>
<kw name="Log" owner="BuiltIn">
<msg time="2024-05-15T14:14:49.117356" level="INFO">{'gender': 'female', 'name': {'title': 'Miss', 'first': 'Lily', 'last': 'Morin'}, 'location': {'street': {'number': 9003, 'name': 'Dufferin St'}, 'city': 'Minto', 'state': 'Ontario', 'country': 'Canada', 'postcode': 'G1L 2W6', 'coordinates': {'latitude': '-69.2928', 'longitude': '111.3999'}, 'timezone': {'offset': '-5:00', 'description': 'Eastern Time (US &amp; Canada), Bogota, Lima'}}, 'email': 'lily.morin@example.com', 'login': {'uuid': 'ba54e69a-bbd3-4dab-8de8-cf6624e0b95d', 'username': 'orangerabbit973', 'password': 'valentin', 'salt': 'TYn2PRU2', 'md5': 'f187da0fcf7d136a57772ef80406b483', 'sha1': 'cd1484547702745fa78ac33db22894868ba12d03', 'sha256': 'e571e18348cd4dfc1b1b698ae93580d26bbbb5b3906e7c569a161ec984e40174'}, 'dob': {'date': '1966-05-02T12:59:10.973Z', 'age': 58}, 'registered': {'date': '2010-12-28T06:22:04.423Z', 'age': 13}, 'phone': 'H90 T53-8425', 'cell': 'Y21 A82-5755', 'id': {'name': 'SIN', 'value': '194482717'}, 'picture': {'large': 'https://randomuser.me/api/portraits/women/15.jpg', 'medium': 'https://randomuser.me/api/portraits/med/women/15.jpg', 'thumbnail': 'https://randomuser.me/api/portraits/thumb/women/15.jpg'}, 'nat': 'CA'}</msg>
<arg>${json_data['results'][0]}</arg>
<doc>Logs the given message with the given level.</doc>
<status status="PASS" start="2024-05-15T14:14:49.116982" elapsed="0.000425"/>
</kw>
<kw name="Log" owner="BuiltIn">
<msg time="2024-05-15T14:14:49.117837" level="INFO">gender</msg>
<arg>${key}</arg>
<doc>Logs the given message with the given level.</doc>
<status status="PASS" start="2024-05-15T14:14:49.117708" elapsed="0.000167"/>
</kw>
<var name="${key}">gender</var>
<status status="PASS" start="2024-05-15T14:14:49.116024" elapsed="0.002068"/>
</iter>
<iter>
<kw name="Dictionary Should Contain Key" owner="Collections">
<msg time="2024-05-15T14:14:49.118798" level="INFO">False</msg>
<arg>${json_data['results'][0]}</arg>
<arg>${key}</arg>
<doc>Fails if ``key`` is not found from ``dictionary``.</doc>
<status status="PASS" start="2024-05-15T14:14:49.118407" elapsed="0.000429"/>
</kw>
<kw name="Log" owner="BuiltIn">
<msg time="2024-05-15T14:14:49.119533" level="INFO">{'gender': 'female', 'name': {'title': 'Miss', 'first': 'Lily', 'last': 'Morin'}, 'location': {'street': {'number': 9003, 'name': 'Dufferin St'}, 'city': 'Minto', 'state': 'Ontario', 'country': 'Canada', 'postcode': 'G1L 2W6', 'coordinates': {'latitude': '-69.2928', 'longitude': '111.3999'}, 'timezone': {'offset': '-5:00', 'description': 'Eastern Time (US &amp; Canada), Bogota, Lima'}}, 'email': 'lily.morin@example.com', 'login': {'uuid': 'ba54e69a-bbd3-4dab-8de8-cf6624e0b95d', 'username': 'orangerabbit973', 'password': 'valentin', 'salt': 'TYn2PRU2', 'md5': 'f187da0fcf7d136a57772ef80406b483', 'sha1': 'cd1484547702745fa78ac33db22894868ba12d03', 'sha256': 'e571e18348cd4dfc1b1b698ae93580d26bbbb5b3906e7c569a161ec984e40174'}, 'dob': {'date': '1966-05-02T12:59:10.973Z', 'age': 58}, 'registered': {'date': '2010-12-28T06:22:04.423Z', 'age': 13}, 'phone': 'H90 T53-8425', 'cell': 'Y21 A82-5755', 'id': {'name': 'SIN', 'value': '194482717'}, 'picture': {'large': 'https://randomuser.me/api/portraits/women/15.jpg', 'medium': 'https://randomuser.me/api/portraits/med/women/15.jpg', 'thumbnail': 'https://randomuser.me/api/portraits/thumb/women/15.jpg'}, 'nat': 'CA'}</msg>
<arg>${json_data['results'][0]}</arg>
<doc>Logs the given message with the given level.</doc>
<status status="PASS" start="2024-05-15T14:14:49.119163" elapsed="0.000419"/>
</kw>
<kw name="Log" owner="BuiltIn">
<msg time="2024-05-15T14:14:49.120005" level="INFO">name</msg>
<arg>${key}</arg>
<doc>Logs the given message with the given level.</doc>
<status status="PASS" start="2024-05-15T14:14:49.119879" elapsed="0.000163"/>
</kw>
<var name="${key}">name</var>
<status status="PASS" start="2024-05-15T14:14:49.118288" elapsed="0.001975"/>
</iter>
<iter>
<kw name="Dictionary Should Contain Key" owner="Collections">
<msg time="2024-05-15T14:14:49.120998" level="INFO">False</msg>
<arg>${json_data['results'][0]}</arg>
<arg>${key}</arg>
<doc>Fails if ``key`` is not found from ``dictionary``.</doc>
<status status="PASS" start="2024-05-15T14:14:49.120597" elapsed="0.000439"/>
</kw>
<kw name="Log" owner="BuiltIn">
<msg time="2024-05-15T14:14:49.121696" level="INFO">{'gender': 'female', 'name': {'title': 'Miss', 'first': 'Lily', 'last': 'Morin'}, 'location': {'street': {'number': 9003, 'name': 'Dufferin St'}, 'city': 'Minto', 'state': 'Ontario', 'country': 'Canada', 'postcode': 'G1L 2W6', 'coordinates': {'latitude': '-69.2928', 'longitude': '111.3999'}, 'timezone': {'offset': '-5:00', 'description': 'Eastern Time (US &amp; Canada), Bogota, Lima'}}, 'email': 'lily.morin@example.com', 'login': {'uuid': 'ba54e69a-bbd3-4dab-8de8-cf6624e0b95d', 'username': 'orangerabbit973', 'password': 'valentin', 'salt': 'TYn2PRU2', 'md5': 'f187da0fcf7d136a57772ef80406b483', 'sha1': 'cd1484547702745fa78ac33db22894868ba12d03', 'sha256': 'e571e18348cd4dfc1b1b698ae93580d26bbbb5b3906e7c569a161ec984e40174'}, 'dob': {'date': '1966-05-02T12:59:10.973Z', 'age': 58}, 'registered': {'date': '2010-12-28T06:22:04.423Z', 'age': 13}, 'phone': 'H90 T53-8425', 'cell': 'Y21 A82-5755', 'id': {'name': 'SIN', 'value': '194482717'}, 'picture': {'large': 'https://randomuser.me/api/portraits/women/15.jpg', 'medium': 'https://randomuser.me/api/portraits/med/women/15.jpg', 'thumbnail': 'https://randomuser.me/api/portraits/thumb/women/15.jpg'}, 'nat': 'CA'}</msg>
<arg>${json_data['results'][0]}</arg>
<doc>Logs the given message with the given level.</doc>
<status status="PASS" start="2024-05-15T14:14:49.121336" elapsed="0.000408"/>
</kw>
<kw name="Log" owner="BuiltIn">
<msg time="2024-05-15T14:14:49.122166" level="INFO">location</msg>
<arg>${key}</arg>
<doc>Logs the given message with the given level.</doc>
<status status="PASS" start="2024-05-15T14:14:49.122040" elapsed="0.000163"/>
</kw>
<var name="${key}">location</var>
<status status="PASS" start="2024-05-15T14:14:49.120448" elapsed="0.001967"/>
</iter>
<iter>
<kw name="Dictionary Should Contain Key" owner="Collections">
<msg time="2024-05-15T14:14:49.123095" level="INFO">False</msg>
<arg>${json_data['results'][0]}</arg>
<arg>${key}</arg>
<doc>Fails if ``key`` is not found from ``dictionary``.</doc>
<status status="PASS" start="2024-05-15T14:14:49.122705" elapsed="0.000427"/>
</kw>
<kw name="Log" owner="BuiltIn">
<msg time="2024-05-15T14:14:49.123791" level="INFO">{'gender': 'female', 'name': {'title': 'Miss', 'first': 'Lily', 'last': 'Morin'}, 'location': {'street': {'number': 9003, 'name': 'Dufferin St'}, 'city': 'Minto', 'state': 'Ontario', 'country': 'Canada', 'postcode': 'G1L 2W6', 'coordinates': {'latitude': '-69.2928', 'longitude': '111.3999'}, 'timezone': {'offset': '-5:00', 'description': 'Eastern Time (US &amp; Canada), Bogota, Lima'}}, 'email': 'lily.morin@example.com', 'login': {'uuid': 'ba54e69a-bbd3-4dab-8de8-cf6624e0b95d', 'username': 'orangerabbit973', 'password': 'valentin', 'salt': 'TYn2PRU2', 'md5': 'f187da0fcf7d136a57772ef80406b483', 'sha1': 'cd1484547702745fa78ac33db22894868ba12d03', 'sha256': 'e571e18348cd4dfc1b1b698ae93580d26bbbb5b3906e7c569a161ec984e40174'}, 'dob': {'date': '1966-05-02T12:59:10.973Z', 'age': 58}, 'registered': {'date': '2010-12-28T06:22:04.423Z', 'age': 13}, 'phone': 'H90 T53-8425', 'cell': 'Y21 A82-5755', 'id': {'name': 'SIN', 'value': '194482717'}, 'picture': {'large': 'https://randomuser.me/api/portraits/women/15.jpg', 'medium': 'https://randomuser.me/api/portraits/med/women/15.jpg', 'thumbnail': 'https://randomuser.me/api/portraits/thumb/women/15.jpg'}, 'nat': 'CA'}</msg>
<arg>${json_data['results'][0]}</arg>
<doc>Logs the given message with the given level.</doc>
<status status="PASS" start="2024-05-15T14:14:49.123434" elapsed="0.000407"/>
</kw>
<kw name="Log" owner="BuiltIn">
<msg time="2024-05-15T14:14:49.124260" level="INFO">email</msg>
<arg>${key}</arg>
<doc>Logs the given message with the given level.</doc>
<status status="PASS" start="2024-05-15T14:14:49.124135" elapsed="0.000162"/>
</kw>
<var name="${key}">email</var>
<status status="PASS" start="2024-05-15T14:14:49.122594" elapsed="0.001947"/>
</iter>
<iter>
<kw name="Dictionary Should Contain Key" owner="Collections">
<msg time="2024-05-15T14:14:49.125239" level="INFO">False</msg>
<arg>${json_data['results'][0]}</arg>
<arg>${key}</arg>
<doc>Fails if ``key`` is not found from ``dictionary``.</doc>
<status status="PASS" start="2024-05-15T14:14:49.124843" elapsed="0.000434"/>
</kw>
<kw name="Log" owner="BuiltIn">
<msg time="2024-05-15T14:14:49.125944" level="INFO">{'gender': 'female', 'name': {'title': 'Miss', 'first': 'Lily', 'last': 'Morin'}, 'location': {'street': {'number': 9003, 'name': 'Dufferin St'}, 'city': 'Minto', 'state': 'Ontario', 'country': 'Canada', 'postcode': 'G1L 2W6', 'coordinates': {'latitude': '-69.2928', 'longitude': '111.3999'}, 'timezone': {'offset': '-5:00', 'description': 'Eastern Time (US &amp; Canada), Bogota, Lima'}}, 'email': 'lily.morin@example.com', 'login': {'uuid': 'ba54e69a-bbd3-4dab-8de8-cf6624e0b95d', 'username': 'orangerabbit973', 'password': 'valentin', 'salt': 'TYn2PRU2', 'md5': 'f187da0fcf7d136a57772ef80406b483', 'sha1': 'cd1484547702745fa78ac33db22894868ba12d03', 'sha256': 'e571e18348cd4dfc1b1b698ae93580d26bbbb5b3906e7c569a161ec984e40174'}, 'dob': {'date': '1966-05-02T12:59:10.973Z', 'age': 58}, 'registered': {'date': '2010-12-28T06:22:04.423Z', 'age': 13}, 'phone': 'H90 T53-8425', 'cell': 'Y21 A82-5755', 'id': {'name': 'SIN', 'value': '194482717'}, 'picture': {'large': 'https://randomuser.me/api/portraits/women/15.jpg', 'medium': 'https://randomuser.me/api/portraits/med/women/15.jpg', 'thumbnail': 'https://randomuser.me/api/portraits/thumb/women/15.jpg'}, 'nat': 'CA'}</msg>
<arg>${json_data['results'][0]}</arg>
<doc>Logs the given message with the given level.</doc>
<status status="PASS" start="2024-05-15T14:14:49.125578" elapsed="0.000416"/>
</kw>
<kw name="Log" owner="BuiltIn">
<msg time="2024-05-15T14:14:49.126416" level="INFO">login</msg>
<arg>${key}</arg>
<doc>Logs the given message with the given level.</doc>
<status status="PASS" start="2024-05-15T14:14:49.126291" elapsed="0.000164"/>
</kw>
<var name="${key}">login</var>
<status status="PASS" start="2024-05-15T14:14:49.124728" elapsed="0.001977"/>
</iter>
<var>${key}</var>
<value>@{expected_keys}</value>
<status status="PASS" start="2024-05-15T14:14:49.115822" elapsed="0.011011"/>
</for>
<kw name="Create List" owner="BuiltIn">
<msg time="2024-05-15T14:14:49.127172" level="INFO">${expected_keysTwo} = ['username', 'password']</msg>
<var>${expected_keysTwo}</var>
<arg>username</arg>
<arg>password</arg>
<doc>Returns a list containing given items.</doc>
<status status="PASS" start="2024-05-15T14:14:49.127032" elapsed="0.000164"/>
</kw>
<for flavor="IN">
<iter>
<kw name="Dictionary Should Contain Key" owner="Collections">
<msg time="2024-05-15T14:14:49.128097" level="INFO">False</msg>
<arg>${json_data['results'][0]['login']}</arg>
<arg>${keyTwo}</arg>
<doc>Fails if ``key`` is not found from ``dictionary``.</doc>
<status status="PASS" start="2024-05-15T14:14:49.127705" elapsed="0.000428"/>
</kw>
<kw name="Dictionary Should Contain Key" owner="Collections">
<msg time="2024-05-15T14:14:49.128860" level="INFO">False</msg>
<arg>${json_data['results'][0]['login']}</arg>
<arg>${keyTwo}</arg>
<doc>Fails if ``key`` is not found from ``dictionary``.</doc>
<status status="PASS" start="2024-05-15T14:14:49.128427" elapsed="0.000471"/>
</kw>
<kw name="Log" owner="BuiltIn">
<msg time="2024-05-15T14:14:49.129319" level="INFO">username</msg>
<arg>${keyTwo}</arg>
<doc>Logs the given message with the given level.</doc>
<status status="PASS" start="2024-05-15T14:14:49.129192" elapsed="0.000169"/>
</kw>
<var name="${keyTwo}">username</var>
<status status="PASS" start="2024-05-15T14:14:49.127595" elapsed="0.001983"/>
</iter>
<iter>
<kw name="Dictionary Should Contain Key" owner="Collections">
<msg time="2024-05-15T14:14:49.130329" level="INFO">False</msg>
<arg>${json_data['results'][0]['login']}</arg>
<arg>${keyTwo}</arg>
<doc>Fails if ``key`` is not found from ``dictionary``.</doc>
<status status="PASS" start="2024-05-15T14:14:49.129859" elapsed="0.000511"/>
</kw>
<kw name="Dictionary Should Contain Key" owner="Collections">
<msg time="2024-05-15T14:14:49.131047" level="INFO">False</msg>
<arg>${json_data['results'][0]['login']}</arg>
<arg>${keyTwo}</arg>
<doc>Fails if ``key`` is not found from ``dictionary``.</doc>
<status status="PASS" start="2024-05-15T14:14:49.130666" elapsed="0.000417"/>
</kw>
<kw name="Log" owner="BuiltIn">
<msg time="2024-05-15T14:14:49.131501" level="INFO">password</msg>
<arg>${keyTwo}</arg>
<doc>Logs the given message with the given level.</doc>
<status status="PASS" start="2024-05-15T14:14:49.131375" elapsed="0.000163"/>
</kw>
<var name="${keyTwo}">password</var>
<status status="PASS" start="2024-05-15T14:14:49.129751" elapsed="0.002003"/>
</iter>
<var>${keyTwo}</var>
<value>@{expected_keysTwo}</value>
<status status="PASS" start="2024-05-15T14:14:49.127436" elapsed="0.004439"/>
</for>
<status status="PASS" start="2024-05-15T14:14:49.022519" elapsed="0.109502"/>
</kw>
<doc>Testa a estrutura da resposta da API.</doc>
<tag>testeEstruturaResposta</tag>
<status status="PASS" start="2024-05-15T14:14:49.021888" elapsed="0.110293"/>
</test>
<test id="s1-s1-t4" name="Validar tipos de dados" line="28">
<kw name="Teste de Tipos de Dados" owner="random-user-service">
<kw name="GET On Session" owner="RequestsLibrary">
<msg time="2024-05-15T14:14:49.218169" level="INFO">GET Request : url=https://randomuser.me/api 
 path_url=/api 
 headers={'User-Agent': 'python-requests/2.31.0', 'Accept-Encoding': 'gzip, deflate', 'Accept': '*/*', 'Connection': 'keep-alive'} 
 body=None 
 </msg>
<msg time="2024-05-15T14:14:49.218274" level="INFO">GET Response : url=https://randomuser.me/api 
 status=200, reason=OK 
 headers={'Date': 'Wed, 15 May 2024 14:14:49 GMT', 'Content-Type': 'application/json; charset=utf-8', 'Transfer-Encoding': 'chunked', 'Connection': 'keep-alive', 'X-Powered-By': 'Express', 'Access-Control-Allow-Origin': '*', 'Cache-Control': 'no-cache', 'ETag': 'W/"49b-TEtjbd9MiT7YERc/fqu0cRkWr5Q"', 'Vary': 'Accept-Encoding', 'Content-Encoding': 'gzip', 'CF-Cache-Status': 'DYNAMIC', 'Report-To': '{"endpoints":[{"url":"https:\\/\\/a.nel.cloudflare.com\\/report\\/v4?s=wzoPcIO7E8U6z7qenrdf3%2B1AQEOYOB5wkszAeFj9k1%2FBslPWHBln%2FIriPlh40lsweTRTjsxnzItxezqJnO%2BcEy0A%2BsIOanhwAw3YHKMv6%2FRdxmOPMXnV1vGWP1U32%2Fu%2F"}],"group":"cf-nel","max_age":604800}', 'NEL': '{"success_fraction":0,"report_to":"cf-nel","max_age":604800}', 'Server': 'cloudflare', 'CF-RAY': '8843bc8d1cd17fb2-IAD', 'alt-svc': 'h3=":443"; ma=86400'} 
 body={"results":[{"gender":"male","name":{"title":"Mr","first":"علیرضا","last":"رضایی"},"location":{"street":{"number":6427,"name":"پارک شریعتی"},"city":"یزد","state":"سیستان و بلوچستان","country":"Iran","postcode":36620,"coordinates":{"latitude":"18.8164","longitude":"-102.3156"},"timezone":{"offset":"-7:00","description":"Mountain Time (US &amp; Canada)"}},"email":"aalyrd.rdyy@example.com","login":{"uuid":"a22aef74-ee6e-453a-8ec0-1af5651258da","username":"smallbird183","password":"syzygy","salt":"66x4tmPq","md5":"824abe1ad79665c4206d13688a2305d4","sha1":"ca78568a2a7ff9f3457c07d9f86bb756d3073fd7","sha256":"2adc7d83f36cec500e0cbbfb14c19f50173262a1467b24de1adb2a65c9ed302d"},"dob":{"date":"1982-06-02T10:26:28.769Z","age":41},"registered":{"date":"2021-07-20T18:17:46.866Z","age":2},"phone":"033-11358644","cell":"0921-888-4115","id":{"name":"","value":null},"picture":{"large":"https://randomuser.me/api/portraits/men/31.jpg","medium":"https://randomuser.me/api/portraits/med/men/31.jpg","thumbnail":"https://randomuser.me/api/portraits/thumb/men/31.jpg"},"nat":"IR"}],"info":{"seed":"96043c7df4f91b70","results":1,"page":1,"version":"1.4"}} 
 </msg>
<msg time="2024-05-15T14:14:49.218358" level="INFO">/opt/hostedtoolcache/Python/3.12.3/x64/lib/python3.12/site-packages/urllib3/connectionpool.py:1103: InsecureRequestWarning: Unverified HTTPS request is being made to host 'randomuser.me'. Adding certificate verification is strongly advised. See: https://urllib3.readthedocs.io/en/latest/advanced-usage.html#tls-warnings
  warnings.warn(</msg>
<msg time="2024-05-15T14:14:49.218483" level="INFO">${response} = &lt;Response [200]&gt;</msg>
<var>${response}</var>
<arg>consultarAPI</arg>
<arg>/api</arg>
<doc>Sends a GET request on a previously created HTTP Session.</doc>
<status status="PASS" start="2024-05-15T14:14:49.134838" elapsed="0.083672"/>
</kw>
<kw name="Set Variable" owner="BuiltIn">
<msg time="2024-05-15T14:14:49.219682" level="INFO">${json_data} = {'results': [{'gender': 'male', 'name': {'title': 'Mr', 'first': 'علیرضا', 'last': 'رضایی'}, 'location': {'street': {'number': 6427, 'name': 'پارک شریعتی'}, 'city': 'یزد', 'state': 'سیستان و بلوچستان'...</msg>
<var>${json_data}</var>
<arg>${response.json()}</arg>
<doc>Returns the given values which can then be assigned to a variables.</doc>
<status status="PASS" start="2024-05-15T14:14:49.219103" elapsed="0.000611"/>
</kw>
<kw name="Log" owner="BuiltIn">
<msg time="2024-05-15T14:14:49.220291" level="INFO">{'results': [{'gender': 'male', 'name': {'title': 'Mr', 'first': 'علیرضا', 'last': 'رضایی'}, 'location': {'street': {'number': 6427, 'name': 'پارک شریعتی'}, 'city': 'یزد', 'state': 'سیستان و بلوچستان', 'country': 'Iran', 'postcode': 36620, 'coordinates': {'latitude': '18.8164', 'longitude': '-102.3156'}, 'timezone': {'offset': '-7:00', 'description': 'Mountain Time (US &amp; Canada)'}}, 'email': 'aalyrd.rdyy@example.com', 'login': {'uuid': 'a22aef74-ee6e-453a-8ec0-1af5651258da', 'username': 'smallbird183', 'password': 'syzygy', 'salt': '66x4tmPq', 'md5': '824abe1ad79665c4206d13688a2305d4', 'sha1': 'ca78568a2a7ff9f3457c07d9f86bb756d3073fd7', 'sha256': '2adc7d83f36cec500e0cbbfb14c19f50173262a1467b24de1adb2a65c9ed302d'}, 'dob': {'date': '1982-06-02T10:26:28.769Z', 'age': 41}, 'registered': {'date': '2021-07-20T18:17:46.866Z', 'age': 2}, 'phone': '033-11358644', 'cell': '0921-888-4115', 'id': {'name': '', 'value': None}, 'picture': {'large': 'https://randomuser.me/api/portraits/men/31.jpg', 'medium': 'https://randomuser.me/api/portraits/med/men/31.jpg', 'thumbnail': 'https://randomuser.me/api/portraits/thumb/men/31.jpg'}, 'nat': 'IR'}], 'info': {'seed': '96043c7df4f91b70', 'results': 1, 'page': 1, 'version': '1.4'}}</msg>
<arg>${json_data}</arg>
<doc>Logs the given message with the given level.</doc>
<status status="PASS" start="2024-05-15T14:14:49.220107" elapsed="0.000286"/>
</kw>
<kw name="Should Be String" owner="String">
<arg>${json_data['results'][0]['gender']}</arg>
<doc>Fails if the given ``item`` is not a string.</doc>
<status status="PASS" start="2024-05-15T14:14:49.220805" elapsed="0.000411"/>
</kw>
<kw name="Should Match Regexp" owner="BuiltIn">
<arg>${json_data['results'][0]['email']}</arg>
<arg>^[a-zA-Z0-9._%+-]+@[a-zA-Z0-9.-]+\.[a-zA-Z]{2,}$</arg>
<doc>Fails if ``string`` does not match ``pattern`` as a regular expression.</doc>
<status status="PASS" start="2024-05-15T14:14:49.221432" elapsed="0.000538"/>
</kw>
<kw name="Should Match Regexp" owner="BuiltIn">
<arg>${json_data['results'][0]['dob']['date']}</arg>
<arg>\\d{4}-\\d{2}-\\d{2}T\\d{2}:\\d{2}:\\d{2}\\.\\d{3}Z</arg>
<doc>Fails if ``string`` does not match ``pattern`` as a regular expression.</doc>
<status status="PASS" start="2024-05-15T14:14:49.222178" elapsed="0.000508"/>
</kw>
<kw name="Should Match Regexp" owner="BuiltIn">
<arg>${json_data['results'][0]['registered']['date']}</arg>
<arg>\\d{4}-\\d{2}-\\d{2}T\\d{2}:\\d{2}:\\d{2}\\.\\d{3}Z</arg>
<doc>Fails if ``string`` does not match ``pattern`` as a regular expression.</doc>
<status status="PASS" start="2024-05-15T14:14:49.222883" elapsed="0.000377"/>
</kw>
<kw name="Should Match Regexp" owner="BuiltIn">
<arg>${json_data['results'][0]['picture']['large']}</arg>
<arg>^https?://.*\.(?:png|jpe?g|gif|bmp)$</arg>
<doc>Fails if ``string`` does not match ``pattern`` as a regular expression.</doc>
<status status="PASS" start="2024-05-15T14:14:49.223456" elapsed="0.000468"/>
</kw>
<kw name="Should Match Regexp" owner="BuiltIn">
<arg>${json_data['results'][0]['picture']['medium']}</arg>
<arg>^https?://.*\.(?:png|jpe?g|gif|bmp)$</arg>
<doc>Fails if ``string`` does not match ``pattern`` as a regular expression.</doc>
<status status="PASS" start="2024-05-15T14:14:49.224114" elapsed="0.000384"/>
</kw>
<kw name="Should Match Regexp" owner="BuiltIn">
<arg>${json_data['results'][0]['picture']['thumbnail']}</arg>
<arg>^https?://.*\.(?:png|jpe?g|gif|bmp)$</arg>
<doc>Fails if ``string`` does not match ``pattern`` as a regular expression.</doc>
<status status="PASS" start="2024-05-15T14:14:49.224694" elapsed="0.000355"/>
</kw>
<kw name="Log" owner="BuiltIn">
<msg time="2024-05-15T14:14:49.225560" level="INFO">{'large': 'https://randomuser.me/api/portraits/men/31.jpg', 'medium': 'https://randomuser.me/api/portraits/med/men/31.jpg', 'thumbnail': 'https://randomuser.me/api/portraits/thumb/men/31.jpg'}</msg>
<arg>${json_data['results'][0]['picture']}</arg>
<doc>Logs the given message with the given level.</doc>
<status status="PASS" start="2024-05-15T14:14:49.225231" elapsed="0.000371"/>
</kw>
<status status="PASS" start="2024-05-15T14:14:49.134601" elapsed="0.091283"/>
</kw>
<kw name="Teste de Tipos de Dados - Postcode" owner="random-user-service">
<kw name="GET On Session" owner="RequestsLibrary">
<msg time="2024-05-15T14:14:49.301651" level="INFO">GET Request : url=https://randomuser.me/api 
 path_url=/api 
 headers={'User-Agent': 'python-requests/2.31.0', 'Accept-Encoding': 'gzip, deflate', 'Accept': '*/*', 'Connection': 'keep-alive'} 
 body=None 
 </msg>
<msg time="2024-05-15T14:14:49.301753" level="INFO">GET Response : url=https://randomuser.me/api 
 status=200, reason=OK 
 headers={'Date': 'Wed, 15 May 2024 14:14:49 GMT', 'Content-Type': 'application/json; charset=utf-8', 'Transfer-Encoding': 'chunked', 'Connection': 'keep-alive', 'X-Powered-By': 'Express', 'Access-Control-Allow-Origin': '*', 'Cache-Control': 'no-cache', 'ETag': 'W/"492-qep969uCUE29ee0p4jOWDDyWbvM"', 'Vary': 'Accept-Encoding', 'Content-Encoding': 'gzip', 'CF-Cache-Status': 'DYNAMIC', 'Report-To': '{"endpoints":[{"url":"https:\\/\\/a.nel.cloudflare.com\\/report\\/v4?s=XkXTl5ZsikXmX6MIKxDc7Y2Z5gWsEFC99qJ5cvhc8ponJmMJ8dPW0iNDPwpAjSpNJwv9Xbobc9YWD6T93ZMeY%2FwYZBPr7tdjHQNv8p9g%2FXkHFCvd1vOMnNQ%2BP0eRthA%2B"}],"group":"cf-nel","max_age":604800}', 'NEL': '{"success_fraction":0,"report_to":"cf-nel","max_age":604800}', 'Server': 'cloudflare', 'CF-RAY': '8843bc8dad6d7fb2-IAD', 'alt-svc': 'h3=":443"; ma=86400'} 
 body={"results":[{"gender":"female","name":{"title":"Miss","first":"Gorana","last":"Raspopović"},"location":{"street":{"number":5894,"name":"Školska"},"city":"Alibunar","state":"Toplica","country":"Serbia","postcode":65496,"coordinates":{"latitude":"59.2306","longitude":"61.3762"},"timezone":{"offset":"+5:30","description":"Bombay, Calcutta, Madras, New Delhi"}},"email":"gorana.raspopovic@example.com","login":{"uuid":"493b9d0e-97c1-4b2f-8ddb-ef3004946051","username":"sadtiger955","password":"startrek","salt":"BWfSk0H2","md5":"a5a6763b82c2aa858d78b7d15a59d265","sha1":"9a9ba93031fc3194c1bf72b08ab49a5627ef7a43","sha256":"aea043ee5f7da554b7c209487a1eccea58b43db4f25ba2848eba24a4fb0bba46"},"dob":{"date":"1956-09-25T08:04:11.709Z","age":67},"registered":{"date":"2002-09-13T01:40:36.995Z","age":21},"phone":"016-2403-033","cell":"068-8988-328","id":{"name":"SID","value":"759727419"},"picture":{"large":"https://randomuser.me/api/portraits/women/1.jpg","medium":"https://randomuser.me/api/portraits/med/women/1.jpg","thumbnail":"https://randomuser.me/api/portraits/thumb/women/1.jpg"},"nat":"RS"}],"info":{"seed":"fb8fbe2ae79ad970","results":1,"page":1,"version":"1.4"}} 
 </msg>
<msg time="2024-05-15T14:14:49.301827" level="INFO">/opt/hostedtoolcache/Python/3.12.3/x64/lib/python3.12/site-packages/urllib3/connectionpool.py:1103: InsecureRequestWarning: Unverified HTTPS request is being made to host 'randomuser.me'. Adding certificate verification is strongly advised. See: https://urllib3.readthedocs.io/en/latest/advanced-usage.html#tls-warnings
  warnings.warn(</msg>
<msg time="2024-05-15T14:14:49.301964" level="INFO">${response} = &lt;Response [200]&gt;</msg>
<var>${response}</var>
<arg>consultarAPI</arg>
<arg>/api</arg>
<doc>Sends a GET request on a previously created HTTP Session.</doc>
<status status="PASS" start="2024-05-15T14:14:49.226366" elapsed="0.075637"/>
</kw>
<kw name="Set Variable" owner="BuiltIn">
<msg time="2024-05-15T14:14:49.303202" level="INFO">${json_data} = {'results': [{'gender': 'female', 'name': {'title': 'Miss', 'first': 'Gorana', 'last': 'Raspopović'}, 'location': {'street': {'number': 5894, 'name': 'Školska'}, 'city': 'Alibunar', 'state': 'Toplica'...</msg>
<var>${json_data}</var>
<arg>${response.json()}</arg>
<doc>Returns the given values which can then be assigned to a variables.</doc>
<status status="PASS" start="2024-05-15T14:14:49.302635" elapsed="0.000598"/>
</kw>
<kw name="Log" owner="BuiltIn">
<msg time="2024-05-15T14:14:49.303785" level="INFO">{'results': [{'gender': 'female', 'name': {'title': 'Miss', 'first': 'Gorana', 'last': 'Raspopović'}, 'location': {'street': {'number': 5894, 'name': 'Školska'}, 'city': 'Alibunar', 'state': 'Toplica', 'country': 'Serbia', 'postcode': 65496, 'coordinates': {'latitude': '59.2306', 'longitude': '61.3762'}, 'timezone': {'offset': '+5:30', 'description': 'Bombay, Calcutta, Madras, New Delhi'}}, 'email': 'gorana.raspopovic@example.com', 'login': {'uuid': '493b9d0e-97c1-4b2f-8ddb-ef3004946051', 'username': 'sadtiger955', 'password': 'startrek', 'salt': 'BWfSk0H2', 'md5': 'a5a6763b82c2aa858d78b7d15a59d265', 'sha1': '9a9ba93031fc3194c1bf72b08ab49a5627ef7a43', 'sha256': 'aea043ee5f7da554b7c209487a1eccea58b43db4f25ba2848eba24a4fb0bba46'}, 'dob': {'date': '1956-09-25T08:04:11.709Z', 'age': 67}, 'registered': {'date': '2002-09-13T01:40:36.995Z', 'age': 21}, 'phone': '016-2403-033', 'cell': '068-8988-328', 'id': {'name': 'SID', 'value': '759727419'}, 'picture': {'large': 'https://randomuser.me/api/portraits/women/1.jpg', 'medium': 'https://randomuser.me/api/portraits/med/women/1.jpg', 'thumbnail': 'https://randomuser.me/api/portraits/thumb/women/1.jpg'}, 'nat': 'RS'}], 'info': {'seed': 'fb8fbe2ae79ad970', 'results': 1, 'page': 1, 'version': '1.4'}}</msg>
<arg>${json_data}</arg>
<doc>Logs the given message with the given level.</doc>
<status status="PASS" start="2024-05-15T14:14:49.303607" elapsed="0.000264"/>
</kw>
<kw name="Should Be Equal As Numbers" owner="BuiltIn">
<arg>${json_data['results'][0]['location']['postcode']}</arg>
<arg>${json_data['results'][0]['location']['postcode']}</arg>
<doc>Fails if objects are unequal after converting them to real numbers.</doc>
<status status="PASS" start="2024-05-15T14:14:49.304395" elapsed="0.000703"/>
</kw>
<kw name="Log" owner="BuiltIn">
<msg time="2024-05-15T14:14:49.305645" level="INFO">65496</msg>
<arg>${json_data['results'][0]['location']['postcode']}</arg>
<doc>Logs the given message with the given level.</doc>
<status status="PASS" start="2024-05-15T14:14:49.305302" elapsed="0.000384"/>
</kw>
<status status="PASS" start="2024-05-15T14:14:49.226123" elapsed="0.079834"/>
</kw>
<doc>Testa se os tipos de dados na resposta da API estão corretos.</doc>
<tag>testeTiposDados</tag>
<status status="PASS" start="2024-05-15T14:14:49.134015" elapsed="0.172117"/>
</test>
<test id="s1-s1-t5" name="Validar conteudo" line="35">
<kw name="Teste de Tipos de Conteudo" owner="random-user-service">
<kw name="GET On Session" owner="RequestsLibrary">
<msg time="2024-05-15T14:14:49.402523" level="INFO">GET Request : url=https://randomuser.me/api 
 path_url=/api 
 headers={'User-Agent': 'python-requests/2.31.0', 'Accept-Encoding': 'gzip, deflate', 'Accept': '*/*', 'Connection': 'keep-alive'} 
 body=None 
 </msg>
<msg time="2024-05-15T14:14:49.402624" level="INFO">GET Response : url=https://randomuser.me/api 
 status=200, reason=OK 
 headers={'Date': 'Wed, 15 May 2024 14:14:49 GMT', 'Content-Type': 'application/json; charset=utf-8', 'Transfer-Encoding': 'chunked', 'Connection': 'keep-alive', 'X-Powered-By': 'Express', 'Access-Control-Allow-Origin': '*', 'Cache-Control': 'no-cache', 'ETag': 'W/"48c-TNUtEDTn+xTVWRHMI2bTWGHR33U"', 'Vary': 'Accept-Encoding', 'Content-Encoding': 'gzip', 'CF-Cache-Status': 'DYNAMIC', 'Report-To': '{"endpoints":[{"url":"https:\\/\\/a.nel.cloudflare.com\\/report\\/v4?s=OWJ2aJzCuvL5Y9fRePHxANa%2BGsusQBxvObSVj8804%2BaOjZIkvKS2TtFcSc5PSKo2ZLcu3VH8GgUuywAa92ZJuiGjkGX2HH0jiHbIpxzjH0rKeS7NQOEeBjrTgSVHk7IR"}],"group":"cf-nel","max_age":604800}', 'NEL': '{"success_fraction":0,"report_to":"cf-nel","max_age":604800}', 'Server': 'cloudflare', 'CF-RAY': '8843bc8e3dfc7fb2-IAD', 'alt-svc': 'h3=":443"; ma=86400'} 
 body={"results":[{"gender":"female","name":{"title":"Ms","first":"Evelyn","last":"Wells"},"location":{"street":{"number":9258,"name":"Karen Dr"},"city":"Springfield","state":"Oklahoma","country":"United States","postcode":56998,"coordinates":{"latitude":"86.2079","longitude":"23.1303"},"timezone":{"offset":"-11:00","description":"Midway Island, Samoa"}},"email":"evelyn.wells@example.com","login":{"uuid":"5fc0e6db-875f-4f23-b6f6-45b569627169","username":"greenfish424","password":"wednesda","salt":"Cu97hn0x","md5":"6df28b8d168fe1917ee588133ce94bd1","sha1":"1189e41f0508b1b78675e9d53b9161a17fa6623a","sha256":"8407273829bad5416bc3348af5114ddfdcf3673dcd2e3dbd85f619c3c00e712b"},"dob":{"date":"1986-10-08T09:36:08.911Z","age":37},"registered":{"date":"2009-06-01T13:05:01.184Z","age":14},"phone":"(641) 503-5606","cell":"(254) 501-6770","id":{"name":"SSN","value":"482-17-3778"},"picture":{"large":"https://randomuser.me/api/portraits/women/41.jpg","medium":"https://randomuser.me/api/portraits/med/women/41.jpg","thumbnail":"https://randomuser.me/api/portraits/thumb/women/41.jpg"},"nat":"US"}],"info":{"seed":"23972e556bc0b811","results":1,"page":1,"version":"1.4"}} 
 </msg>
<msg time="2024-05-15T14:14:49.402695" level="INFO">/opt/hostedtoolcache/Python/3.12.3/x64/lib/python3.12/site-packages/urllib3/connectionpool.py:1103: InsecureRequestWarning: Unverified HTTPS request is being made to host 'randomuser.me'. Adding certificate verification is strongly advised. See: https://urllib3.readthedocs.io/en/latest/advanced-usage.html#tls-warnings
  warnings.warn(</msg>
<msg time="2024-05-15T14:14:49.402824" level="INFO">${response} = &lt;Response [200]&gt;</msg>
<var>${response}</var>
<arg>consultarAPI</arg>
<arg>/api</arg>
<doc>Sends a GET request on a previously created HTTP Session.</doc>
<status status="PASS" start="2024-05-15T14:14:49.308806" elapsed="0.094062"/>
</kw>
<kw name="Set Variable" owner="BuiltIn">
<msg time="2024-05-15T14:14:49.404081" level="INFO">${json_data} = {'results': [{'gender': 'female', 'name': {'title': 'Ms', 'first': 'Evelyn', 'last': 'Wells'}, 'location': {'street': {'number': 9258, 'name': 'Karen Dr'}, 'city': 'Springfield', 'state': 'Oklahoma', ...</msg>
<var>${json_data}</var>
<arg>${response.json()}</arg>
<doc>Returns the given values which can then be assigned to a variables.</doc>
<status status="PASS" start="2024-05-15T14:14:49.403502" elapsed="0.000609"/>
</kw>
<kw name="Set Variable" owner="BuiltIn">
<msg time="2024-05-15T14:14:49.404955" level="INFO">${name_title} = Ms</msg>
<var>${name_title}</var>
<arg>${json_data["results"][0]["name"]["title"]}</arg>
<doc>Returns the given values which can then be assigned to a variables.</doc>
<status status="PASS" start="2024-05-15T14:14:49.404521" elapsed="0.000460"/>
</kw>
<kw name="Create List" owner="BuiltIn">
<msg time="2024-05-15T14:14:49.405473" level="INFO">${allowed_titles} = ['Mr', 'Ms', 'Miss', 'Mrs', 'Madame', 'Monsieur']</msg>
<var>${allowed_titles}</var>
<arg>Mr</arg>
<arg>Ms</arg>
<arg>Miss</arg>
<arg>Mrs</arg>
<arg>Madame</arg>
<arg>Monsieur</arg>
<doc>Returns a list containing given items.</doc>
<status status="PASS" start="2024-05-15T14:14:49.405313" elapsed="0.000184"/>
</kw>
<kw name="List Should Contain Value" owner="Collections">
<msg time="2024-05-15T14:14:49.406001" level="INFO">False</msg>
<arg>${allowed_titles}</arg>
<arg>${name_title}</arg>
<doc>Fails if the ``value`` is not found from ``list``.</doc>
<status status="PASS" start="2024-05-15T14:14:49.405816" elapsed="0.000223"/>
</kw>
<kw name="Set Variable" owner="BuiltIn">
<msg time="2024-05-15T14:14:49.406736" level="INFO">${name_country} = US</msg>
<var>${name_country}</var>
<arg>${json_data["results"][0]["nat"]}</arg>
<doc>Returns the given values which can then be assigned to a variables.</doc>
<status status="PASS" start="2024-05-15T14:14:49.406342" elapsed="0.000420"/>
</kw>
<kw name="Create List" owner="BuiltIn">
<msg time="2024-05-15T14:14:49.407670" level="INFO">${list_country} = ['AD', 'AE', 'AF', 'AG', 'AI', 'AL', 'AM', 'AO', 'AQ', 'AR', 'AS', 'AT', 'AU', 'AW', 'AX', 'AZ', 'BA', 'BB', 'BD', 'BE', 'BF', 'BG', 'BH', 'BI', 'BJ', 'BL', 'BM', 'BN', 'BO', 'BQ', 'BR', 'BS', 'BT', '...</msg>
<var>${list_country}</var>
<arg>AD</arg>
<arg>AE</arg>
<arg>AF</arg>
<arg>AG</arg>
<arg>AI</arg>
<arg>AL</arg>
<arg>AM</arg>
<arg>AO</arg>
<arg>AQ</arg>
<arg>AR</arg>
<arg>AS</arg>
<arg>AT</arg>
<arg>AU</arg>
<arg>AW</arg>
<arg>AX</arg>
<arg>AZ</arg>
<arg>BA</arg>
<arg>BB</arg>
<arg>BD</arg>
<arg>BE</arg>
<arg>BF</arg>
<arg>BG</arg>
<arg>BH</arg>
<arg>BI</arg>
<arg>BJ</arg>
<arg>BL</arg>
<arg>BM</arg>
<arg>BN</arg>
<arg>BO</arg>
<arg>BQ</arg>
<arg>BR</arg>
<arg>BS</arg>
<arg>BT</arg>
<arg>BV</arg>
<arg>BW</arg>
<arg>BY</arg>
<arg>BZ</arg>
<arg>CA</arg>
<arg>CC</arg>
<arg>CD</arg>
<arg>CF</arg>
<arg>CG</arg>
<arg>CH</arg>
<arg>CI</arg>
<arg>CK</arg>
<arg>CL</arg>
<arg>CM</arg>
<arg>CN</arg>
<arg>CO</arg>
<arg>CR</arg>
<arg>CU</arg>
<arg>CV</arg>
<arg>CW</arg>
<arg>CX</arg>
<arg>CY</arg>
<arg>CZ</arg>
<arg>DE</arg>
<arg>DJ</arg>
<arg>DK</arg>
<arg>DM</arg>
<arg>DO</arg>
<arg>DZ</arg>
<arg>EC</arg>
<arg>EE</arg>
<arg>EG</arg>
<arg>EH</arg>
<arg>ER</arg>
<arg>ES</arg>
<arg>ET</arg>
<arg>FI</arg>
<arg>FJ</arg>
<arg>FK</arg>
<arg>FM</arg>
<arg>FO</arg>
<arg>FR</arg>
<arg>GA</arg>
<arg>GB</arg>
<arg>GD</arg>
<arg>GE</arg>
<arg>GF</arg>
<arg>GG</arg>
<arg>GH</arg>
<arg>GI</arg>
<arg>GL</arg>
<arg>GM</arg>
<arg>GN</arg>
<arg>GP</arg>
<arg>GQ</arg>
<arg>GR</arg>
<arg>GS</arg>
<arg>GT</arg>
<arg>GU</arg>
<arg>GW</arg>
<arg>GY</arg>
<arg>HK</arg>
<arg>HM</arg>
<arg>HN</arg>
<arg>HR</arg>
<arg>HT</arg>
<arg>HU</arg>
<arg>ID</arg>
<arg>IE</arg>
<arg>IL</arg>
<arg>IM</arg>
<arg>IN</arg>
<arg>IO</arg>
<arg>IQ</arg>
<arg>IR</arg>
<arg>IS</arg>
<arg>IT</arg>
<arg>JE</arg>
<arg>JM</arg>
<arg>JO</arg>
<arg>JP</arg>
<arg>KE</arg>
<arg>KG</arg>
<arg>KH</arg>
<arg>KI</arg>
<arg>KM</arg>
<arg>KN</arg>
<arg>KP</arg>
<arg>KR</arg>
<arg>KW</arg>
<arg>KY</arg>
<arg>KZ</arg>
<arg>LA</arg>
<arg>LB</arg>
<arg>LC</arg>
<arg>LI</arg>
<arg>LK</arg>
<arg>LR</arg>
<arg>LS</arg>
<arg>LT</arg>
<arg>LU</arg>
<arg>LV</arg>
<arg>LY</arg>
<arg>MA</arg>
<arg>MC</arg>
<arg>MD</arg>
<arg>ME</arg>
<arg>MF</arg>
<arg>MG</arg>
<arg>MH</arg>
<arg>MK</arg>
<arg>ML</arg>
<arg>MM</arg>
<arg>MN</arg>
<arg>MO</arg>
<arg>MP</arg>
<arg>MQ</arg>
<arg>MR</arg>
<arg>MS</arg>
<arg>MT</arg>
<arg>MU</arg>
<arg>MV</arg>
<arg>MW</arg>
<arg>MX</arg>
<arg>MY</arg>
<arg>MZ</arg>
<arg>NA</arg>
<arg>NC</arg>
<arg>NE</arg>
<arg>NF</arg>
<arg>NG</arg>
<arg>NI</arg>
<arg>NL</arg>
<arg>NO</arg>
<arg>NP</arg>
<arg>NR</arg>
<arg>NU</arg>
<arg>NZ</arg>
<arg>OM</arg>
<arg>PA</arg>
<arg>PE</arg>
<arg>PF</arg>
<arg>PG</arg>
<arg>PH</arg>
<arg>PK</arg>
<arg>PL</arg>
<arg>PM</arg>
<arg>PN</arg>
<arg>PR</arg>
<arg>PS</arg>
<arg>PT</arg>
<arg>PW</arg>
<arg>PY</arg>
<arg>QA</arg>
<arg>RE</arg>
<arg>RO</arg>
<arg>RS</arg>
<arg>RU</arg>
<arg>RW</arg>
<arg>SA</arg>
<arg>SB</arg>
<arg>SC</arg>
<arg>SD</arg>
<arg>SE</arg>
<arg>SG</arg>
<arg>SH</arg>
<arg>SI</arg>
<arg>SJ</arg>
<arg>SK</arg>
<arg>SL</arg>
<arg>SM</arg>
<arg>SN</arg>
<arg>SO</arg>
<arg>SR</arg>
<arg>SS</arg>
<arg>ST</arg>
<arg>SV</arg>
<arg>SX</arg>
<arg>SY</arg>
<arg>SZ</arg>
<arg>TC</arg>
<arg>TD</arg>
<arg>TF</arg>
<arg>TG</arg>
<arg>TH</arg>
<arg>TJ</arg>
<arg>TK</arg>
<arg>TL</arg>
<arg>TM</arg>
<arg>TN</arg>
<arg>TO</arg>
<arg>TR</arg>
<arg>TT</arg>
<arg>TV</arg>
<arg>TW</arg>
<arg>TZ</arg>
<arg>UA</arg>
<arg>UG</arg>
<arg>UM</arg>
<arg>US</arg>
<arg>UY</arg>
<arg>UZ</arg>
<arg>VA</arg>
<arg>VC</arg>
<arg>VE</arg>
<arg>VG</arg>
<arg>VI</arg>
<arg>VN</arg>
<arg>VU</arg>
<arg>WF</arg>
<arg>WS</arg>
<arg>XK</arg>
<arg>YE</arg>
<arg>YT</arg>
<arg>ZA</arg>
<arg>ZM</arg>
<arg>ZW</arg>
<doc>Returns a list containing given items.</doc>
<status status="PASS" start="2024-05-15T14:14:49.407070" elapsed="0.000626"/>
</kw>
<kw name="List Should Contain Value" owner="Collections">
<msg time="2024-05-15T14:14:49.408758" level="INFO">False</msg>
<arg>${list_country}</arg>
<arg>${name_country}</arg>
<doc>Fails if the ``value`` is not found from ``list``.</doc>
<status status="PASS" start="2024-05-15T14:14:49.408540" elapsed="0.000257"/>
</kw>
<kw name="Run Keyword If" owner="BuiltIn">
<kw name="Should Be True" owner="BuiltIn">
<arg>${True}</arg>
<doc>Fails if the given condition is not true.</doc>
<status status="PASS" start="2024-05-15T14:14:49.409917" elapsed="0.000287"/>
</kw>
<arg>${json_data["results"][0]["location"]["coordinates"]["latitude"]} &gt;= -90 and ${json_data["results"][0]["location"]["coordinates"]["latitude"]} &lt;= 90</arg>
<arg>Should Be True</arg>
<arg>${True}</arg>
<doc>Runs the given keyword with the given arguments, if ``condition`` is true.</doc>
<status status="PASS" start="2024-05-15T14:14:49.409124" elapsed="0.001218"/>
</kw>
<kw name="Run Keyword If" owner="BuiltIn">
<kw name="Should Be True" owner="BuiltIn">
<arg>${True}</arg>
<doc>Fails if the given condition is not true.</doc>
<status status="PASS" start="2024-05-15T14:14:49.411252" elapsed="0.000141"/>
</kw>
<arg>${json_data["results"][0]["location"]["coordinates"]["longitude"]} &gt;= -180 and ${json_data["results"][0]["location"]["coordinates"]["longitude"]} &lt;= 180</arg>
<arg>Should Be True</arg>
<arg>${True}</arg>
<doc>Runs the given keyword with the given arguments, if ``condition`` is true.</doc>
<status status="PASS" start="2024-05-15T14:14:49.410533" elapsed="0.000985"/>
</kw>
<status status="PASS" start="2024-05-15T14:14:49.308552" elapsed="0.103098"/>
</kw>
<doc>Testa o conteúdo específico dos campos retornados pela API.</doc>
<tag>testeConteudo</tag>
<status status="PASS" start="2024-05-15T14:14:49.307942" elapsed="0.103864"/>
</test>
<status status="PASS" start="2024-05-15T14:14:48.610779" elapsed="0.803527"/>
</suite>
<status status="PASS" start="2024-05-15T14:14:48.596877" elapsed="0.823201"/>
</suite>
<statistics>
<total>
<stat pass="5" fail="0" skip="0">All Tests</stat>
</total>
<tag>
<stat pass="1" fail="0" skip="0">testeConteudo</stat>
<stat pass="1" fail="0" skip="0">testeEstruturaResposta</stat>
<stat pass="1" fail="0" skip="0">testeRequisicaoBasica</stat>
<stat pass="1" fail="0" skip="0">testeTiposDados</stat>
</tag>
<suite>
<stat pass="5" fail="0" skip="0" id="s1" name="Tests">Tests</stat>
<stat pass="5" fail="0" skip="0" id="s1-s1" name="Random-User-Test">Tests.Random-User-Test</stat>
</suite>
</statistics>
<errors>
</errors>
</robot>
