<?xml version="1.0" encoding="UTF-8"?>
<robot generator="Robot 7.0 (Python 3.12.2 on linux)" generated="2024-03-29T14:12:15.878530" rpa="false" schemaversion="5">
<suite id="s1" name="Tests" source="/home/runner/work/DesafioQAItauRogerioJordao/DesafioQAItauRogerioJordao/RamdonUser/tests">
<suite id="s1-s1" name="Random-User-Test" source="/home/runner/work/DesafioQAItauRogerioJordao/DesafioQAItauRogerioJordao/RamdonUser/tests/random-user-test.robot">
<test id="s1-s1-t1" name="Conectar" line="13">
<kw name="Conectar API" owner="random-user-service">
<kw name="Create Session" owner="RequestsLibrary">
<msg time="2024-03-29T14:12:16.228531" level="INFO">Creating Session using : alias=consultarAPI, url=https://randomuser.me/, headers={},                     cookies={}, auth=None, timeout=None, proxies=None, verify=False,                     debug=0 </msg>
<arg>consultarAPI</arg>
<arg>${URL}</arg>
<doc>Create Session: create a HTTP session to a server</doc>
<status status="PASS" start="2024-03-29T14:12:16.228318" elapsed="0.000393"/>
</kw>
<status status="PASS" start="2024-03-29T14:12:16.227215" elapsed="0.001874"/>
</kw>
<status status="PASS" start="2024-03-29T14:12:16.226664" elapsed="0.002636"/>
</test>
<test id="s1-s1-t2" name="Validar retorno 200 e JSON Válido" line="16">
<kw name="Teste de Requisicao Basica" owner="random-user-service">
<kw name="GET On Session" owner="RequestsLibrary">
<msg time="2024-03-29T14:12:16.300667" level="INFO">GET Request : url=https://randomuser.me/api 
 path_url=/api 
 headers={'User-Agent': 'python-requests/2.31.0', 'Accept-Encoding': 'gzip, deflate', 'Accept': '*/*', 'Connection': 'keep-alive'} 
 body=None 
 </msg>
<msg time="2024-03-29T14:12:16.300781" level="INFO">GET Response : url=https://randomuser.me/api 
 status=200, reason=OK 
 headers={'Date': 'Fri, 29 Mar 2024 14:12:16 GMT', 'Content-Type': 'application/json; charset=utf-8', 'Transfer-Encoding': 'chunked', 'Connection': 'keep-alive', 'X-Powered-By': 'Express', 'Access-Control-Allow-Origin': '*', 'Cache-Control': 'no-cache', 'ETag': 'W/"498-Q/+/TaBCBRHHThUII3EH0FB/8y0"', 'Vary': 'Accept-Encoding', 'Content-Encoding': 'gzip', 'CF-Cache-Status': 'DYNAMIC', 'Report-To': '{"endpoints":[{"url":"https:\\/\\/a.nel.cloudflare.com\\/report\\/v4?s=SUlY6HLX%2BfTWW6GNkv8ERz9USpY%2Fmy1NBGBYXeBp2RK7ymMnffBaGzGTxvDPrzl8uRxpeUeDrbm0CD6JeTzU6OifIaikiVhRDBCdbCa51%2BMDIxgqbT1C99JMLmJhRZHh"}],"group":"cf-nel","max_age":604800}', 'NEL': '{"success_fraction":0,"report_to":"cf-nel","max_age":604800}', 'Server': 'cloudflare', 'CF-RAY': '86c07431ad183b92-IAD', 'alt-svc': 'h3=":443"; ma=86400'} 
 body={"results":[{"gender":"female","name":{"title":"Ms","first":"Brielle","last":"Mitchell"},"location":{"street":{"number":4916,"name":"Pine Rd"},"city":"Cochrane","state":"Québec","country":"Canada","postcode":"N6U 5G0","coordinates":{"latitude":"-66.1439","longitude":"49.0538"},"timezone":{"offset":"+3:00","description":"Baghdad, Riyadh, Moscow, St. Petersburg"}},"email":"brielle.mitchell@example.com","login":{"uuid":"3ac87b3c-c23a-40bc-a866-f9caa641e5a1","username":"greenzebra644","password":"hammond","salt":"inPdRXNF","md5":"33f4eabb8372771d8ba71bdaa8df250f","sha1":"ce3dfac2a628f03ad3304ce977251afec9ce4d55","sha256":"297e0228010cfaf115e1215075c8e2a445f3a7af3cbec420e9d75958d35598c3"},"dob":{"date":"1988-01-14T12:17:53.885Z","age":36},"registered":{"date":"2014-11-30T13:48:59.025Z","age":9},"phone":"K30 Y36-0814","cell":"Z90 Z38-7262","id":{"name":"SIN","value":"057638389"},"picture":{"large":"https://randomuser.me/api/portraits/women/60.jpg","medium":"https://randomuser.me/api/portraits/med/women/60.jpg","thumbnail":"https://randomuser.me/api/portraits/thumb/women/60.jpg"},"nat":"CA"}],"info":{"seed":"e837b5b9409d7336","results":1,"page":1,"version":"1.4"}} 
 </msg>
<msg time="2024-03-29T14:12:16.300876" level="INFO">/opt/hostedtoolcache/Python/3.12.2/x64/lib/python3.12/site-packages/urllib3/connectionpool.py:1103: InsecureRequestWarning: Unverified HTTPS request is being made to host 'randomuser.me'. Adding certificate verification is strongly advised. See: https://urllib3.readthedocs.io/en/latest/advanced-usage.html#tls-warnings
  warnings.warn(</msg>
<msg time="2024-03-29T14:12:16.300987" level="INFO">${response} = &lt;Response [200]&gt;</msg>
<var>${response}</var>
<arg>consultarAPI</arg>
<arg>/api</arg>
<doc>Sends a GET request on a previously created HTTP Session.</doc>
<status status="PASS" start="2024-03-29T14:12:16.231848" elapsed="0.069180"/>
</kw>
<kw name="Should Be Equal As Numbers" owner="BuiltIn">
<msg time="2024-03-29T14:12:16.301872" level="INFO">Argument types are:
&lt;class 'int'&gt;
&lt;class 'str'&gt;</msg>
<arg>${response.status_code}</arg>
<arg>200</arg>
<doc>Fails if objects are unequal after converting them to real numbers.</doc>
<status status="PASS" start="2024-03-29T14:12:16.301451" elapsed="0.000485"/>
</kw>
<kw name="Log" owner="BuiltIn">
<msg time="2024-03-29T14:12:16.302622" level="INFO">200</msg>
<arg>${response.status_code}</arg>
<doc>Logs the given message with the given level.</doc>
<status status="PASS" start="2024-03-29T14:12:16.302267" elapsed="0.000399"/>
</kw>
<kw name="Set Variable" owner="BuiltIn">
<msg time="2024-03-29T14:12:16.303445" level="INFO">${json_data} = {'results': [{'gender': 'female', 'name': {'title': 'Ms', 'first': 'Brielle', 'last': 'Mitchell'}, 'location': {'street': {'number': 4916, 'name': 'Pine Rd'}, 'city': 'Cochrane', 'state': 'Québec', 'c...</msg>
<var>${json_data}</var>
<arg>${response.json()}</arg>
<doc>Returns the given values which can then be assigned to a variables.</doc>
<status status="PASS" start="2024-03-29T14:12:16.302997" elapsed="0.000477"/>
</kw>
<kw name="Dictionary Should Contain Key" owner="Collections">
<msg time="2024-03-29T14:12:16.303973" level="INFO">False</msg>
<arg>${json_data}</arg>
<arg>results</arg>
<doc>Fails if ``key`` is not found from ``dictionary``.</doc>
<status status="PASS" start="2024-03-29T14:12:16.303777" elapsed="0.000249"/>
</kw>
<status status="PASS" start="2024-03-29T14:12:16.231588" elapsed="0.072709"/>
</kw>
<doc>Testa se a API responde corretamente e retorna um objeto JSON válido.</doc>
<tag>testeRequisicaoBasica</tag>
<status status="PASS" start="2024-03-29T14:12:16.231128" elapsed="0.073350"/>
</test>
<test id="s1-s1-t3" name="Validar estrutura de resposta" line="22">
<kw name="Teste de Estrutura de Resposta" owner="random-user-service">
<kw name="GET On Session" owner="RequestsLibrary">
<msg time="2024-03-29T14:12:16.401591" level="INFO">GET Request : url=https://randomuser.me/api 
 path_url=/api 
 headers={'User-Agent': 'python-requests/2.31.0', 'Accept-Encoding': 'gzip, deflate', 'Accept': '*/*', 'Connection': 'keep-alive'} 
 body=None 
 </msg>
<msg time="2024-03-29T14:12:16.401687" level="INFO">GET Response : url=https://randomuser.me/api 
 status=200, reason=OK 
 headers={'Date': 'Fri, 29 Mar 2024 14:12:16 GMT', 'Content-Type': 'application/json; charset=utf-8', 'Transfer-Encoding': 'chunked', 'Connection': 'keep-alive', 'X-Powered-By': 'Express', 'Access-Control-Allow-Origin': '*', 'Cache-Control': 'no-cache', 'ETag': 'W/"488-Fk4YDFCnDVzt6lVu7lpalJkGRfQ"', 'Vary': 'Accept-Encoding', 'Content-Encoding': 'gzip', 'CF-Cache-Status': 'DYNAMIC', 'Report-To': '{"endpoints":[{"url":"https:\\/\\/a.nel.cloudflare.com\\/report\\/v4?s=uY8v2BBbtB6V55Kk6R6vel4ulocRg1PIxduftnXkyD1UHxVHPAqXkArIb41yTI9CPfa61uEYBWKFVGrssH5fESc%2FnmyBtNBsVfOMJL3kbyh1wnIJRLQ8%2BkTSZJNhxl09"}],"group":"cf-nel","max_age":604800}', 'NEL': '{"success_fraction":0,"report_to":"cf-nel","max_age":604800}', 'Server': 'cloudflare', 'CF-RAY': '86c07431ed603b92-IAD', 'alt-svc': 'h3=":443"; ma=86400'} 
 body={"results":[{"gender":"female","name":{"title":"Mrs","first":"Vivan","last":"Jacobs"},"location":{"street":{"number":4458,"name":"Harrison Ct"},"city":"Cairns","state":"Victoria","country":"Australia","postcode":2609,"coordinates":{"latitude":"-84.7862","longitude":"118.9909"},"timezone":{"offset":"+2:00","description":"Kaliningrad, South Africa"}},"email":"vivan.jacobs@example.com","login":{"uuid":"f768754c-003c-418f-8609-cf77c658e81c","username":"purplerabbit966","password":"9999999","salt":"cpVgI9qB","md5":"5e7cfa76797bd4abe48aed524e4015ee","sha1":"d5566f90a463a171d2bc9c89372a6f7cc3735cc0","sha256":"0e562067a6402cdacd1aaa1864a7794fda7023726aead98c8f8a711bd475276b"},"dob":{"date":"1970-08-07T21:41:14.069Z","age":53},"registered":{"date":"2011-04-15T00:10:15.898Z","age":12},"phone":"04-3595-0713","cell":"0431-705-726","id":{"name":"TFN","value":"555925231"},"picture":{"large":"https://randomuser.me/api/portraits/women/76.jpg","medium":"https://randomuser.me/api/portraits/med/women/76.jpg","thumbnail":"https://randomuser.me/api/portraits/thumb/women/76.jpg"},"nat":"AU"}],"info":{"seed":"b03cd722e30aa764","results":1,"page":1,"version":"1.4"}} 
 </msg>
<msg time="2024-03-29T14:12:16.401831" level="INFO">/opt/hostedtoolcache/Python/3.12.2/x64/lib/python3.12/site-packages/urllib3/connectionpool.py:1103: InsecureRequestWarning: Unverified HTTPS request is being made to host 'randomuser.me'. Adding certificate verification is strongly advised. See: https://urllib3.readthedocs.io/en/latest/advanced-usage.html#tls-warnings
  warnings.warn(</msg>
<msg time="2024-03-29T14:12:16.401972" level="INFO">${response} = &lt;Response [200]&gt;</msg>
<var>${response}</var>
<arg>consultarAPI</arg>
<arg>/api</arg>
<doc>Sends a GET request on a previously created HTTP Session.</doc>
<status status="PASS" start="2024-03-29T14:12:16.307213" elapsed="0.094799"/>
</kw>
<kw name="Set Variable" owner="BuiltIn">
<msg time="2024-03-29T14:12:16.403075" level="INFO">${json_data} = {'results': [{'gender': 'female', 'name': {'title': 'Mrs', 'first': 'Vivan', 'last': 'Jacobs'}, 'location': {'street': {'number': 4458, 'name': 'Harrison Ct'}, 'city': 'Cairns', 'state': 'Victoria', '...</msg>
<var>${json_data}</var>
<arg>${response.json()}</arg>
<doc>Returns the given values which can then be assigned to a variables.</doc>
<status status="PASS" start="2024-03-29T14:12:16.402533" elapsed="0.000571"/>
</kw>
<kw name="Log" owner="BuiltIn">
<msg time="2024-03-29T14:12:16.403580" level="INFO">{'results': [{'gender': 'female', 'name': {'title': 'Mrs', 'first': 'Vivan', 'last': 'Jacobs'}, 'location': {'street': {'number': 4458, 'name': 'Harrison Ct'}, 'city': 'Cairns', 'state': 'Victoria', 'country': 'Australia', 'postcode': 2609, 'coordinates': {'latitude': '-84.7862', 'longitude': '118.9909'}, 'timezone': {'offset': '+2:00', 'description': 'Kaliningrad, South Africa'}}, 'email': 'vivan.jacobs@example.com', 'login': {'uuid': 'f768754c-003c-418f-8609-cf77c658e81c', 'username': 'purplerabbit966', 'password': '9999999', 'salt': 'cpVgI9qB', 'md5': '5e7cfa76797bd4abe48aed524e4015ee', 'sha1': 'd5566f90a463a171d2bc9c89372a6f7cc3735cc0', 'sha256': '0e562067a6402cdacd1aaa1864a7794fda7023726aead98c8f8a711bd475276b'}, 'dob': {'date': '1970-08-07T21:41:14.069Z', 'age': 53}, 'registered': {'date': '2011-04-15T00:10:15.898Z', 'age': 12}, 'phone': '04-3595-0713', 'cell': '0431-705-726', 'id': {'name': 'TFN', 'value': '555925231'}, 'picture': {'large': 'https://randomuser.me/api/portraits/women/76.jpg', 'medium': 'https://randomuser.me/api/portraits/med/women/76.jpg', 'thumbnail': 'https://randomuser.me/api/portraits/thumb/women/76.jpg'}, 'nat': 'AU'}], 'info': {'seed': 'b03cd722e30aa764', 'results': 1, 'page': 1, 'version': '1.4'}}</msg>
<arg>${json_data}</arg>
<doc>Logs the given message with the given level.</doc>
<status status="PASS" start="2024-03-29T14:12:16.403421" elapsed="0.000207"/>
</kw>
<kw name="Dictionary Should Contain Key" owner="Collections">
<msg time="2024-03-29T14:12:16.404332" level="INFO">False</msg>
<arg>${json_data}</arg>
<arg>results</arg>
<doc>Fails if ``key`` is not found from ``dictionary``.</doc>
<status status="PASS" start="2024-03-29T14:12:16.404094" elapsed="0.000293"/>
</kw>
<kw name="Should Not Be Empty" owner="BuiltIn">
<msg time="2024-03-29T14:12:16.404838" level="INFO">Length is 2.</msg>
<arg>${json_data}</arg>
<doc>Verifies that the given item is not empty.</doc>
<status status="PASS" start="2024-03-29T14:12:16.404701" elapsed="0.000176"/>
</kw>
<kw name="Create List" owner="BuiltIn">
<msg time="2024-03-29T14:12:16.405322" level="INFO">${expected_keys} = ['gender', 'name', 'location', 'email', 'login']</msg>
<var>${expected_keys}</var>
<arg>gender</arg>
<arg>name</arg>
<arg>location</arg>
<arg>email</arg>
<arg>login</arg>
<doc>Returns a list containing given items.</doc>
<status status="PASS" start="2024-03-29T14:12:16.405171" elapsed="0.000175"/>
</kw>
<for flavor="IN">
<iter>
<kw name="Dictionary Should Contain Key" owner="Collections">
<msg time="2024-03-29T14:12:16.406330" level="INFO">False</msg>
<arg>${json_data['results'][0]}</arg>
<arg>${key}</arg>
<doc>Fails if ``key`` is not found from ``dictionary``.</doc>
<status status="PASS" start="2024-03-29T14:12:16.405923" elapsed="0.000447"/>
</kw>
<kw name="Log" owner="BuiltIn">
<msg time="2024-03-29T14:12:16.407046" level="INFO">{'gender': 'female', 'name': {'title': 'Mrs', 'first': 'Vivan', 'last': 'Jacobs'}, 'location': {'street': {'number': 4458, 'name': 'Harrison Ct'}, 'city': 'Cairns', 'state': 'Victoria', 'country': 'Australia', 'postcode': 2609, 'coordinates': {'latitude': '-84.7862', 'longitude': '118.9909'}, 'timezone': {'offset': '+2:00', 'description': 'Kaliningrad, South Africa'}}, 'email': 'vivan.jacobs@example.com', 'login': {'uuid': 'f768754c-003c-418f-8609-cf77c658e81c', 'username': 'purplerabbit966', 'password': '9999999', 'salt': 'cpVgI9qB', 'md5': '5e7cfa76797bd4abe48aed524e4015ee', 'sha1': 'd5566f90a463a171d2bc9c89372a6f7cc3735cc0', 'sha256': '0e562067a6402cdacd1aaa1864a7794fda7023726aead98c8f8a711bd475276b'}, 'dob': {'date': '1970-08-07T21:41:14.069Z', 'age': 53}, 'registered': {'date': '2011-04-15T00:10:15.898Z', 'age': 12}, 'phone': '04-3595-0713', 'cell': '0431-705-726', 'id': {'name': 'TFN', 'value': '555925231'}, 'picture': {'large': 'https://randomuser.me/api/portraits/women/76.jpg', 'medium': 'https://randomuser.me/api/portraits/med/women/76.jpg', 'thumbnail': 'https://randomuser.me/api/portraits/thumb/women/76.jpg'}, 'nat': 'AU'}</msg>
<arg>${json_data['results'][0]}</arg>
<doc>Logs the given message with the given level.</doc>
<status status="PASS" start="2024-03-29T14:12:16.406679" elapsed="0.000422"/>
</kw>
<kw name="Log" owner="BuiltIn">
<msg time="2024-03-29T14:12:16.407542" level="INFO">gender</msg>
<arg>${key}</arg>
<doc>Logs the given message with the given level.</doc>
<status status="PASS" start="2024-03-29T14:12:16.407410" elapsed="0.000171"/>
</kw>
<var name="${key}">gender</var>
<status status="PASS" start="2024-03-29T14:12:16.405798" elapsed="0.002007"/>
</iter>
<iter>
<kw name="Dictionary Should Contain Key" owner="Collections">
<msg time="2024-03-29T14:12:16.408532" level="INFO">False</msg>
<arg>${json_data['results'][0]}</arg>
<arg>${key}</arg>
<doc>Fails if ``key`` is not found from ``dictionary``.</doc>
<status status="PASS" start="2024-03-29T14:12:16.408146" elapsed="0.000424"/>
</kw>
<kw name="Log" owner="BuiltIn">
<msg time="2024-03-29T14:12:16.409260" level="INFO">{'gender': 'female', 'name': {'title': 'Mrs', 'first': 'Vivan', 'last': 'Jacobs'}, 'location': {'street': {'number': 4458, 'name': 'Harrison Ct'}, 'city': 'Cairns', 'state': 'Victoria', 'country': 'Australia', 'postcode': 2609, 'coordinates': {'latitude': '-84.7862', 'longitude': '118.9909'}, 'timezone': {'offset': '+2:00', 'description': 'Kaliningrad, South Africa'}}, 'email': 'vivan.jacobs@example.com', 'login': {'uuid': 'f768754c-003c-418f-8609-cf77c658e81c', 'username': 'purplerabbit966', 'password': '9999999', 'salt': 'cpVgI9qB', 'md5': '5e7cfa76797bd4abe48aed524e4015ee', 'sha1': 'd5566f90a463a171d2bc9c89372a6f7cc3735cc0', 'sha256': '0e562067a6402cdacd1aaa1864a7794fda7023726aead98c8f8a711bd475276b'}, 'dob': {'date': '1970-08-07T21:41:14.069Z', 'age': 53}, 'registered': {'date': '2011-04-15T00:10:15.898Z', 'age': 12}, 'phone': '04-3595-0713', 'cell': '0431-705-726', 'id': {'name': 'TFN', 'value': '555925231'}, 'picture': {'large': 'https://randomuser.me/api/portraits/women/76.jpg', 'medium': 'https://randomuser.me/api/portraits/med/women/76.jpg', 'thumbnail': 'https://randomuser.me/api/portraits/thumb/women/76.jpg'}, 'nat': 'AU'}</msg>
<arg>${json_data['results'][0]}</arg>
<doc>Logs the given message with the given level.</doc>
<status status="PASS" start="2024-03-29T14:12:16.408899" elapsed="0.000409"/>
</kw>
<kw name="Log" owner="BuiltIn">
<msg time="2024-03-29T14:12:16.409735" level="INFO">name</msg>
<arg>${key}</arg>
<doc>Logs the given message with the given level.</doc>
<status status="PASS" start="2024-03-29T14:12:16.409607" elapsed="0.000167"/>
</kw>
<var name="${key}">name</var>
<status status="PASS" start="2024-03-29T14:12:16.408026" elapsed="0.001965"/>
</iter>
<iter>
<kw name="Dictionary Should Contain Key" owner="Collections">
<msg time="2024-03-29T14:12:16.410656" level="INFO">False</msg>
<arg>${json_data['results'][0]}</arg>
<arg>${key}</arg>
<doc>Fails if ``key`` is not found from ``dictionary``.</doc>
<status status="PASS" start="2024-03-29T14:12:16.410281" elapsed="0.000412"/>
</kw>
<kw name="Log" owner="BuiltIn">
<msg time="2024-03-29T14:12:16.411375" level="INFO">{'gender': 'female', 'name': {'title': 'Mrs', 'first': 'Vivan', 'last': 'Jacobs'}, 'location': {'street': {'number': 4458, 'name': 'Harrison Ct'}, 'city': 'Cairns', 'state': 'Victoria', 'country': 'Australia', 'postcode': 2609, 'coordinates': {'latitude': '-84.7862', 'longitude': '118.9909'}, 'timezone': {'offset': '+2:00', 'description': 'Kaliningrad, South Africa'}}, 'email': 'vivan.jacobs@example.com', 'login': {'uuid': 'f768754c-003c-418f-8609-cf77c658e81c', 'username': 'purplerabbit966', 'password': '9999999', 'salt': 'cpVgI9qB', 'md5': '5e7cfa76797bd4abe48aed524e4015ee', 'sha1': 'd5566f90a463a171d2bc9c89372a6f7cc3735cc0', 'sha256': '0e562067a6402cdacd1aaa1864a7794fda7023726aead98c8f8a711bd475276b'}, 'dob': {'date': '1970-08-07T21:41:14.069Z', 'age': 53}, 'registered': {'date': '2011-04-15T00:10:15.898Z', 'age': 12}, 'phone': '04-3595-0713', 'cell': '0431-705-726', 'id': {'name': 'TFN', 'value': '555925231'}, 'picture': {'large': 'https://randomuser.me/api/portraits/women/76.jpg', 'medium': 'https://randomuser.me/api/portraits/med/women/76.jpg', 'thumbnail': 'https://randomuser.me/api/portraits/thumb/women/76.jpg'}, 'nat': 'AU'}</msg>
<arg>${json_data['results'][0]}</arg>
<doc>Logs the given message with the given level.</doc>
<status status="PASS" start="2024-03-29T14:12:16.410992" elapsed="0.000435"/>
</kw>
<kw name="Log" owner="BuiltIn">
<msg time="2024-03-29T14:12:16.411851" level="INFO">location</msg>
<arg>${key}</arg>
<doc>Logs the given message with the given level.</doc>
<status status="PASS" start="2024-03-29T14:12:16.411726" elapsed="0.000164"/>
</kw>
<var name="${key}">location</var>
<status status="PASS" start="2024-03-29T14:12:16.410170" elapsed="0.001972"/>
</iter>
<iter>
<kw name="Dictionary Should Contain Key" owner="Collections">
<msg time="2024-03-29T14:12:16.412805" level="INFO">False</msg>
<arg>${json_data['results'][0]}</arg>
<arg>${key}</arg>
<doc>Fails if ``key`` is not found from ``dictionary``.</doc>
<status status="PASS" start="2024-03-29T14:12:16.412428" elapsed="0.000414"/>
</kw>
<kw name="Log" owner="BuiltIn">
<msg time="2024-03-29T14:12:16.413494" level="INFO">{'gender': 'female', 'name': {'title': 'Mrs', 'first': 'Vivan', 'last': 'Jacobs'}, 'location': {'street': {'number': 4458, 'name': 'Harrison Ct'}, 'city': 'Cairns', 'state': 'Victoria', 'country': 'Australia', 'postcode': 2609, 'coordinates': {'latitude': '-84.7862', 'longitude': '118.9909'}, 'timezone': {'offset': '+2:00', 'description': 'Kaliningrad, South Africa'}}, 'email': 'vivan.jacobs@example.com', 'login': {'uuid': 'f768754c-003c-418f-8609-cf77c658e81c', 'username': 'purplerabbit966', 'password': '9999999', 'salt': 'cpVgI9qB', 'md5': '5e7cfa76797bd4abe48aed524e4015ee', 'sha1': 'd5566f90a463a171d2bc9c89372a6f7cc3735cc0', 'sha256': '0e562067a6402cdacd1aaa1864a7794fda7023726aead98c8f8a711bd475276b'}, 'dob': {'date': '1970-08-07T21:41:14.069Z', 'age': 53}, 'registered': {'date': '2011-04-15T00:10:15.898Z', 'age': 12}, 'phone': '04-3595-0713', 'cell': '0431-705-726', 'id': {'name': 'TFN', 'value': '555925231'}, 'picture': {'large': 'https://randomuser.me/api/portraits/women/76.jpg', 'medium': 'https://randomuser.me/api/portraits/med/women/76.jpg', 'thumbnail': 'https://randomuser.me/api/portraits/thumb/women/76.jpg'}, 'nat': 'AU'}</msg>
<arg>${json_data['results'][0]}</arg>
<doc>Logs the given message with the given level.</doc>
<status status="PASS" start="2024-03-29T14:12:16.413140" elapsed="0.000401"/>
</kw>
<kw name="Log" owner="BuiltIn">
<msg time="2024-03-29T14:12:16.413962" level="INFO">email</msg>
<arg>${key}</arg>
<doc>Logs the given message with the given level.</doc>
<status status="PASS" start="2024-03-29T14:12:16.413836" elapsed="0.000163"/>
</kw>
<var name="${key}">email</var>
<status status="PASS" start="2024-03-29T14:12:16.412318" elapsed="0.001896"/>
</iter>
<iter>
<kw name="Dictionary Should Contain Key" owner="Collections">
<msg time="2024-03-29T14:12:16.414885" level="INFO">False</msg>
<arg>${json_data['results'][0]}</arg>
<arg>${key}</arg>
<doc>Fails if ``key`` is not found from ``dictionary``.</doc>
<status status="PASS" start="2024-03-29T14:12:16.414502" elapsed="0.000421"/>
</kw>
<kw name="Log" owner="BuiltIn">
<msg time="2024-03-29T14:12:16.415583" level="INFO">{'gender': 'female', 'name': {'title': 'Mrs', 'first': 'Vivan', 'last': 'Jacobs'}, 'location': {'street': {'number': 4458, 'name': 'Harrison Ct'}, 'city': 'Cairns', 'state': 'Victoria', 'country': 'Australia', 'postcode': 2609, 'coordinates': {'latitude': '-84.7862', 'longitude': '118.9909'}, 'timezone': {'offset': '+2:00', 'description': 'Kaliningrad, South Africa'}}, 'email': 'vivan.jacobs@example.com', 'login': {'uuid': 'f768754c-003c-418f-8609-cf77c658e81c', 'username': 'purplerabbit966', 'password': '9999999', 'salt': 'cpVgI9qB', 'md5': '5e7cfa76797bd4abe48aed524e4015ee', 'sha1': 'd5566f90a463a171d2bc9c89372a6f7cc3735cc0', 'sha256': '0e562067a6402cdacd1aaa1864a7794fda7023726aead98c8f8a711bd475276b'}, 'dob': {'date': '1970-08-07T21:41:14.069Z', 'age': 53}, 'registered': {'date': '2011-04-15T00:10:15.898Z', 'age': 12}, 'phone': '04-3595-0713', 'cell': '0431-705-726', 'id': {'name': 'TFN', 'value': '555925231'}, 'picture': {'large': 'https://randomuser.me/api/portraits/women/76.jpg', 'medium': 'https://randomuser.me/api/portraits/med/women/76.jpg', 'thumbnail': 'https://randomuser.me/api/portraits/thumb/women/76.jpg'}, 'nat': 'AU'}</msg>
<arg>${json_data['results'][0]}</arg>
<doc>Logs the given message with the given level.</doc>
<status status="PASS" start="2024-03-29T14:12:16.415221" elapsed="0.000409"/>
</kw>
<kw name="Log" owner="BuiltIn">
<msg time="2024-03-29T14:12:16.416082" level="INFO">login</msg>
<arg>${key}</arg>
<doc>Logs the given message with the given level.</doc>
<status status="PASS" start="2024-03-29T14:12:16.415922" elapsed="0.000308"/>
</kw>
<var name="${key}">login</var>
<status status="PASS" start="2024-03-29T14:12:16.414387" elapsed="0.002101"/>
</iter>
<var>${key}</var>
<value>@{expected_keys}</value>
<status status="PASS" start="2024-03-29T14:12:16.405607" elapsed="0.011013"/>
</for>
<kw name="Create List" owner="BuiltIn">
<msg time="2024-03-29T14:12:16.416955" level="INFO">${expected_keysTwo} = ['username', 'password']</msg>
<var>${expected_keysTwo}</var>
<arg>username</arg>
<arg>password</arg>
<doc>Returns a list containing given items.</doc>
<status status="PASS" start="2024-03-29T14:12:16.416817" elapsed="0.000162"/>
</kw>
<for flavor="IN">
<iter>
<kw name="Dictionary Should Contain Key" owner="Collections">
<msg time="2024-03-29T14:12:16.417857" level="INFO">False</msg>
<arg>${json_data['results'][0]['login']}</arg>
<arg>${keyTwo}</arg>
<doc>Fails if ``key`` is not found from ``dictionary``.</doc>
<status status="PASS" start="2024-03-29T14:12:16.417478" elapsed="0.000417"/>
</kw>
<kw name="Dictionary Should Contain Key" owner="Collections">
<msg time="2024-03-29T14:12:16.418567" level="INFO">False</msg>
<arg>${json_data['results'][0]['login']}</arg>
<arg>${keyTwo}</arg>
<doc>Fails if ``key`` is not found from ``dictionary``.</doc>
<status status="PASS" start="2024-03-29T14:12:16.418189" elapsed="0.000416"/>
</kw>
<kw name="Log" owner="BuiltIn">
<msg time="2024-03-29T14:12:16.419028" level="INFO">username</msg>
<arg>${keyTwo}</arg>
<doc>Logs the given message with the given level.</doc>
<status status="PASS" start="2024-03-29T14:12:16.418900" elapsed="0.000165"/>
</kw>
<var name="${keyTwo}">username</var>
<status status="PASS" start="2024-03-29T14:12:16.417369" elapsed="0.001912"/>
</iter>
<iter>
<kw name="Dictionary Should Contain Key" owner="Collections">
<msg time="2024-03-29T14:12:16.419935" level="INFO">False</msg>
<arg>${json_data['results'][0]['login']}</arg>
<arg>${keyTwo}</arg>
<doc>Fails if ``key`` is not found from ``dictionary``.</doc>
<status status="PASS" start="2024-03-29T14:12:16.419563" elapsed="0.000440"/>
</kw>
<kw name="Dictionary Should Contain Key" owner="Collections">
<msg time="2024-03-29T14:12:16.420685" level="INFO">False</msg>
<arg>${json_data['results'][0]['login']}</arg>
<arg>${keyTwo}</arg>
<doc>Fails if ``key`` is not found from ``dictionary``.</doc>
<status status="PASS" start="2024-03-29T14:12:16.420301" elapsed="0.000421"/>
</kw>
<kw name="Log" owner="BuiltIn">
<msg time="2024-03-29T14:12:16.421136" level="INFO">password</msg>
<arg>${keyTwo}</arg>
<doc>Logs the given message with the given level.</doc>
<status status="PASS" start="2024-03-29T14:12:16.421011" elapsed="0.000163"/>
</kw>
<var name="${keyTwo}">password</var>
<status status="PASS" start="2024-03-29T14:12:16.419454" elapsed="0.001943"/>
</iter>
<var>${keyTwo}</var>
<value>@{expected_keysTwo}</value>
<status status="PASS" start="2024-03-29T14:12:16.417217" elapsed="0.004304"/>
</for>
<status status="PASS" start="2024-03-29T14:12:16.306980" elapsed="0.114687"/>
</kw>
<doc>Testa a estrutura da resposta da API.</doc>
<tag>testeEstruturaResposta</tag>
<status status="PASS" start="2024-03-29T14:12:16.306275" elapsed="0.115555"/>
</test>
<test id="s1-s1-t4" name="Validar tipos de dados" line="28">
<kw name="Teste de Tipos de Dados" owner="random-user-service">
<kw name="GET On Session" owner="RequestsLibrary">
<msg time="2024-03-29T14:12:16.506323" level="INFO">GET Request : url=https://randomuser.me/api 
 path_url=/api 
 headers={'User-Agent': 'python-requests/2.31.0', 'Accept-Encoding': 'gzip, deflate', 'Accept': '*/*', 'Connection': 'keep-alive'} 
 body=None 
 </msg>
<msg time="2024-03-29T14:12:16.506400" level="INFO">GET Response : url=https://randomuser.me/api 
 status=200, reason=OK 
 headers={'Date': 'Fri, 29 Mar 2024 14:12:16 GMT', 'Content-Type': 'application/json; charset=utf-8', 'Transfer-Encoding': 'chunked', 'Connection': 'keep-alive', 'X-Powered-By': 'Express', 'Access-Control-Allow-Origin': '*', 'Cache-Control': 'no-cache', 'ETag': 'W/"49b-LTOSQrFm/Kf0K2bVZKMfEhe43aA"', 'Vary': 'Accept-Encoding', 'Content-Encoding': 'gzip', 'CF-Cache-Status': 'DYNAMIC', 'Report-To': '{"endpoints":[{"url":"https:\\/\\/a.nel.cloudflare.com\\/report\\/v4?s=xnhEBlHC2e71EaJGfBYIB91EG8Sdpia%2F4VE8qNM8lH7Ao6pv5fea0Oc8Ec5ax6aUlJWyMqSILaP8H9p7E50MfQMxQzwsn1VnNCsg983JAvSsu%2Bvtk%2BoOJQI1KM9%2FAEYl"}],"group":"cf-nel","max_age":604800}', 'NEL': '{"success_fraction":0,"report_to":"cf-nel","max_age":604800}', 'Server': 'cloudflare', 'CF-RAY': '86c07432ae503b92-IAD', 'alt-svc': 'h3=":443"; ma=86400'} 
 body={"results":[{"gender":"female","name":{"title":"Ms","first":"Lila","last":"Morel"},"location":{"street":{"number":6646,"name":"Rue de L'Abbaye"},"city":"Villeurbanne","state":"Var","country":"France","postcode":24628,"coordinates":{"latitude":"-20.8115","longitude":"132.9135"},"timezone":{"offset":"+10:00","description":"Eastern Australia, Guam, Vladivostok"}},"email":"lila.morel@example.com","login":{"uuid":"8bffa8fe-2c0b-4478-8864-dcbf8d9d4530","username":"crazyswan783","password":"heka6w2","salt":"UbRqBIcI","md5":"672b9651a51d9145f8fffc1362b25faa","sha1":"eec0eb7ba85f6d02a3682bb6b62ba3ecbd4ba070","sha256":"399e2ec740be7837cdbf7fdd9841e0d02dd64d3bd3ae22aa8f230f1f53d74231"},"dob":{"date":"1983-09-09T16:58:00.765Z","age":40},"registered":{"date":"2022-05-17T08:05:55.186Z","age":1},"phone":"05-58-23-20-62","cell":"06-64-58-78-43","id":{"name":"INSEE","value":"2830870281235 53"},"picture":{"large":"https://randomuser.me/api/portraits/women/53.jpg","medium":"https://randomuser.me/api/portraits/med/women/53.jpg","thumbnail":"https://randomuser.me/api/portraits/thumb/women/53.jpg"},"nat":"FR"}],"info":{"seed":"dce1a803b33b0fe7","results":1,"page":1,"version":"1.4"}} 
 </msg>
<msg time="2024-03-29T14:12:16.506466" level="INFO">/opt/hostedtoolcache/Python/3.12.2/x64/lib/python3.12/site-packages/urllib3/connectionpool.py:1103: InsecureRequestWarning: Unverified HTTPS request is being made to host 'randomuser.me'. Adding certificate verification is strongly advised. See: https://urllib3.readthedocs.io/en/latest/advanced-usage.html#tls-warnings
  warnings.warn(</msg>
<msg time="2024-03-29T14:12:16.506586" level="INFO">${response} = &lt;Response [200]&gt;</msg>
<var>${response}</var>
<arg>consultarAPI</arg>
<arg>/api</arg>
<doc>Sends a GET request on a previously created HTTP Session.</doc>
<status status="PASS" start="2024-03-29T14:12:16.424385" elapsed="0.082249"/>
</kw>
<kw name="Set Variable" owner="BuiltIn">
<msg time="2024-03-29T14:12:16.507711" level="INFO">${json_data} = {'results': [{'gender': 'female', 'name': {'title': 'Ms', 'first': 'Lila', 'last': 'Morel'}, 'location': {'street': {'number': 6646, 'name': "Rue de L'Abbaye"}, 'city': 'Villeurbanne', 'state': 'Var',...</msg>
<var>${json_data}</var>
<arg>${response.json()}</arg>
<doc>Returns the given values which can then be assigned to a variables.</doc>
<status status="PASS" start="2024-03-29T14:12:16.507162" elapsed="0.000578"/>
</kw>
<kw name="Log" owner="BuiltIn">
<msg time="2024-03-29T14:12:16.508246" level="INFO">{'results': [{'gender': 'female', 'name': {'title': 'Ms', 'first': 'Lila', 'last': 'Morel'}, 'location': {'street': {'number': 6646, 'name': "Rue de L'Abbaye"}, 'city': 'Villeurbanne', 'state': 'Var', 'country': 'France', 'postcode': 24628, 'coordinates': {'latitude': '-20.8115', 'longitude': '132.9135'}, 'timezone': {'offset': '+10:00', 'description': 'Eastern Australia, Guam, Vladivostok'}}, 'email': 'lila.morel@example.com', 'login': {'uuid': '8bffa8fe-2c0b-4478-8864-dcbf8d9d4530', 'username': 'crazyswan783', 'password': 'heka6w2', 'salt': 'UbRqBIcI', 'md5': '672b9651a51d9145f8fffc1362b25faa', 'sha1': 'eec0eb7ba85f6d02a3682bb6b62ba3ecbd4ba070', 'sha256': '399e2ec740be7837cdbf7fdd9841e0d02dd64d3bd3ae22aa8f230f1f53d74231'}, 'dob': {'date': '1983-09-09T16:58:00.765Z', 'age': 40}, 'registered': {'date': '2022-05-17T08:05:55.186Z', 'age': 1}, 'phone': '05-58-23-20-62', 'cell': '06-64-58-78-43', 'id': {'name': 'INSEE', 'value': '2830870281235 53'}, 'picture': {'large': 'https://randomuser.me/api/portraits/women/53.jpg', 'medium': 'https://randomuser.me/api/portraits/med/women/53.jpg', 'thumbnail': 'https://randomuser.me/api/portraits/thumb/women/53.jpg'}, 'nat': 'FR'}], 'info': {'seed': 'dce1a803b33b0fe7', 'results': 1, 'page': 1, 'version': '1.4'}}</msg>
<arg>${json_data}</arg>
<doc>Logs the given message with the given level.</doc>
<status status="PASS" start="2024-03-29T14:12:16.508089" elapsed="0.000239"/>
</kw>
<kw name="Should Be String" owner="String">
<arg>${json_data['results'][0]['gender']}</arg>
<doc>Fails if the given ``item`` is not a string.</doc>
<status status="PASS" start="2024-03-29T14:12:16.508633" elapsed="0.000364"/>
</kw>
<kw name="Should Match Regexp" owner="BuiltIn">
<arg>${json_data['results'][0]['email']}</arg>
<arg>^[a-zA-Z0-9._%+-]+@[a-zA-Z0-9.-]+\.[a-zA-Z]{2,}$</arg>
<doc>Fails if ``string`` does not match ``pattern`` as a regular expression.</doc>
<status status="PASS" start="2024-03-29T14:12:16.509191" elapsed="0.000512"/>
</kw>
<kw name="Should Match Regexp" owner="BuiltIn">
<arg>${json_data['results'][0]['dob']['date']}</arg>
<arg>\\d{4}-\\d{2}-\\d{2}T\\d{2}:\\d{2}:\\d{2}\\.\\d{3}Z</arg>
<doc>Fails if ``string`` does not match ``pattern`` as a regular expression.</doc>
<status status="PASS" start="2024-03-29T14:12:16.509901" elapsed="0.000551"/>
</kw>
<kw name="Should Match Regexp" owner="BuiltIn">
<arg>${json_data['results'][0]['registered']['date']}</arg>
<arg>\\d{4}-\\d{2}-\\d{2}T\\d{2}:\\d{2}:\\d{2}\\.\\d{3}Z</arg>
<doc>Fails if ``string`` does not match ``pattern`` as a regular expression.</doc>
<status status="PASS" start="2024-03-29T14:12:16.510653" elapsed="0.000380"/>
</kw>
<kw name="Should Match Regexp" owner="BuiltIn">
<arg>${json_data['results'][0]['picture']['large']}</arg>
<arg>^https?://.*\.(?:png|jpe?g|gif|bmp)$</arg>
<doc>Fails if ``string`` does not match ``pattern`` as a regular expression.</doc>
<status status="PASS" start="2024-03-29T14:12:16.511223" elapsed="0.000465"/>
</kw>
<kw name="Should Match Regexp" owner="BuiltIn">
<arg>${json_data['results'][0]['picture']['medium']}</arg>
<arg>^https?://.*\.(?:png|jpe?g|gif|bmp)$</arg>
<doc>Fails if ``string`` does not match ``pattern`` as a regular expression.</doc>
<status status="PASS" start="2024-03-29T14:12:16.511878" elapsed="0.000388"/>
</kw>
<kw name="Should Match Regexp" owner="BuiltIn">
<arg>${json_data['results'][0]['picture']['thumbnail']}</arg>
<arg>^https?://.*\.(?:png|jpe?g|gif|bmp)$</arg>
<doc>Fails if ``string`` does not match ``pattern`` as a regular expression.</doc>
<status status="PASS" start="2024-03-29T14:12:16.512454" elapsed="0.000555"/>
</kw>
<kw name="Log" owner="BuiltIn">
<msg time="2024-03-29T14:12:16.513551" level="INFO">{'large': 'https://randomuser.me/api/portraits/women/53.jpg', 'medium': 'https://randomuser.me/api/portraits/med/women/53.jpg', 'thumbnail': 'https://randomuser.me/api/portraits/thumb/women/53.jpg'}</msg>
<arg>${json_data['results'][0]['picture']}</arg>
<doc>Logs the given message with the given level.</doc>
<status status="PASS" start="2024-03-29T14:12:16.513212" elapsed="0.000387"/>
</kw>
<status status="PASS" start="2024-03-29T14:12:16.424154" elapsed="0.089699"/>
</kw>
<kw name="Teste de Tipos de Dados - Postcode" owner="random-user-service">
<kw name="GET On Session" owner="RequestsLibrary">
<msg time="2024-03-29T14:12:16.609275" level="INFO">GET Request : url=https://randomuser.me/api 
 path_url=/api 
 headers={'User-Agent': 'python-requests/2.31.0', 'Accept-Encoding': 'gzip, deflate', 'Accept': '*/*', 'Connection': 'keep-alive'} 
 body=None 
 </msg>
<msg time="2024-03-29T14:12:16.609349" level="INFO">GET Response : url=https://randomuser.me/api 
 status=200, reason=OK 
 headers={'Date': 'Fri, 29 Mar 2024 14:12:16 GMT', 'Content-Type': 'application/json; charset=utf-8', 'Transfer-Encoding': 'chunked', 'Connection': 'keep-alive', 'X-Powered-By': 'Express', 'Access-Control-Allow-Origin': '*', 'Cache-Control': 'no-cache', 'ETag': 'W/"472-R2ny4eClYWpcun0VfLQrBlrcXC8"', 'Vary': 'Accept-Encoding', 'Content-Encoding': 'gzip', 'CF-Cache-Status': 'DYNAMIC', 'Report-To': '{"endpoints":[{"url":"https:\\/\\/a.nel.cloudflare.com\\/report\\/v4?s=epr3SsH%2FciEucaHuTXLZq2Egad5i%2BjwRas9O8qFqSfSPuZ8Am1KYu0qw1%2FdFkqQFOBjqtF9DKvC%2Fcalytd3f2M0d33fyjivyBcWPLZo9eNWj7qD8kH58FLQn3e15qFZL"}],"group":"cf-nel","max_age":604800}', 'NEL': '{"success_fraction":0,"report_to":"cf-nel","max_age":604800}', 'Server': 'cloudflare', 'CF-RAY': '86c074333f0b3b92-IAD', 'alt-svc': 'h3=":443"; ma=86400'} 
 body={"results":[{"gender":"female","name":{"title":"Mrs","first":"پارمیس","last":"سالاری"},"location":{"street":{"number":8824,"name":"هویزه"},"city":"رشت","state":"همدان","country":"Iran","postcode":64560,"coordinates":{"latitude":"18.5190","longitude":"49.5403"},"timezone":{"offset":"-10:00","description":"Hawaii"}},"email":"prmys.slry@example.com","login":{"uuid":"d451ed6b-9144-41af-be4c-e326f322dff6","username":"smalltiger290","password":"dilligaf","salt":"gqrhP773","md5":"b8b5d3c595c829773a2b7e7b7d84b6d1","sha1":"247a4198fa54175a5dccab0717e7e3eda99a807c","sha256":"c34d0c917dbddb9960ba0ae4690771f1bae3765fd578b8ad3a8cdf177551165d"},"dob":{"date":"1954-06-11T14:42:51.895Z","age":69},"registered":{"date":"2010-05-13T02:16:28.257Z","age":13},"phone":"021-18994966","cell":"0926-120-5618","id":{"name":"","value":null},"picture":{"large":"https://randomuser.me/api/portraits/women/93.jpg","medium":"https://randomuser.me/api/portraits/med/women/93.jpg","thumbnail":"https://randomuser.me/api/portraits/thumb/women/93.jpg"},"nat":"IR"}],"info":{"seed":"4d8a0c91d3be115e","results":1,"page":1,"version":"1.4"}} 
 </msg>
<msg time="2024-03-29T14:12:16.609420" level="INFO">/opt/hostedtoolcache/Python/3.12.2/x64/lib/python3.12/site-packages/urllib3/connectionpool.py:1103: InsecureRequestWarning: Unverified HTTPS request is being made to host 'randomuser.me'. Adding certificate verification is strongly advised. See: https://urllib3.readthedocs.io/en/latest/advanced-usage.html#tls-warnings
  warnings.warn(</msg>
<msg time="2024-03-29T14:12:16.609518" level="INFO">${response} = &lt;Response [200]&gt;</msg>
<var>${response}</var>
<arg>consultarAPI</arg>
<arg>/api</arg>
<doc>Sends a GET request on a previously created HTTP Session.</doc>
<status status="PASS" start="2024-03-29T14:12:16.514420" elapsed="0.095140"/>
</kw>
<kw name="Set Variable" owner="BuiltIn">
<msg time="2024-03-29T14:12:16.610597" level="INFO">${json_data} = {'results': [{'gender': 'female', 'name': {'title': 'Mrs', 'first': 'پارمیس', 'last': 'سالاری'}, 'location': {'street': {'number': 8824, 'name': 'هویزه'}, 'city': 'رشت', 'state': 'همدان', 'country': '...</msg>
<var>${json_data}</var>
<arg>${response.json()}</arg>
<doc>Returns the given values which can then be assigned to a variables.</doc>
<status status="PASS" start="2024-03-29T14:12:16.610043" elapsed="0.000585"/>
</kw>
<kw name="Log" owner="BuiltIn">
<msg time="2024-03-29T14:12:16.611104" level="INFO">{'results': [{'gender': 'female', 'name': {'title': 'Mrs', 'first': 'پارمیس', 'last': 'سالاری'}, 'location': {'street': {'number': 8824, 'name': 'هویزه'}, 'city': 'رشت', 'state': 'همدان', 'country': 'Iran', 'postcode': 64560, 'coordinates': {'latitude': '18.5190', 'longitude': '49.5403'}, 'timezone': {'offset': '-10:00', 'description': 'Hawaii'}}, 'email': 'prmys.slry@example.com', 'login': {'uuid': 'd451ed6b-9144-41af-be4c-e326f322dff6', 'username': 'smalltiger290', 'password': 'dilligaf', 'salt': 'gqrhP773', 'md5': 'b8b5d3c595c829773a2b7e7b7d84b6d1', 'sha1': '247a4198fa54175a5dccab0717e7e3eda99a807c', 'sha256': 'c34d0c917dbddb9960ba0ae4690771f1bae3765fd578b8ad3a8cdf177551165d'}, 'dob': {'date': '1954-06-11T14:42:51.895Z', 'age': 69}, 'registered': {'date': '2010-05-13T02:16:28.257Z', 'age': 13}, 'phone': '021-18994966', 'cell': '0926-120-5618', 'id': {'name': '', 'value': None}, 'picture': {'large': 'https://randomuser.me/api/portraits/women/93.jpg', 'medium': 'https://randomuser.me/api/portraits/med/women/93.jpg', 'thumbnail': 'https://randomuser.me/api/portraits/thumb/women/93.jpg'}, 'nat': 'IR'}], 'info': {'seed': '4d8a0c91d3be115e', 'results': 1, 'page': 1, 'version': '1.4'}}</msg>
<arg>${json_data}</arg>
<doc>Logs the given message with the given level.</doc>
<status status="PASS" start="2024-03-29T14:12:16.610944" elapsed="0.000241"/>
</kw>
<kw name="Should Be Equal As Numbers" owner="BuiltIn">
<arg>${json_data['results'][0]['location']['postcode']}</arg>
<arg>${json_data['results'][0]['location']['postcode']}</arg>
<doc>Fails if objects are unequal after converting them to real numbers.</doc>
<status status="PASS" start="2024-03-29T14:12:16.611494" elapsed="0.000692"/>
</kw>
<kw name="Log" owner="BuiltIn">
<msg time="2024-03-29T14:12:16.612726" level="INFO">64560</msg>
<arg>${json_data['results'][0]['location']['postcode']}</arg>
<doc>Logs the given message with the given level.</doc>
<status status="PASS" start="2024-03-29T14:12:16.612386" elapsed="0.000382"/>
</kw>
<status status="PASS" start="2024-03-29T14:12:16.514072" elapsed="0.098951"/>
</kw>
<doc>Testa se os tipos de dados na resposta da API estão corretos.</doc>
<tag>testeTiposDados</tag>
<status status="PASS" start="2024-03-29T14:12:16.423587" elapsed="0.189603"/>
</test>
<test id="s1-s1-t5" name="Validar conteudo" line="35">
<kw name="Teste de Tipos de Conteudo" owner="random-user-service">
<kw name="GET On Session" owner="RequestsLibrary">
<msg time="2024-03-29T14:12:16.706165" level="INFO">GET Request : url=https://randomuser.me/api 
 path_url=/api 
 headers={'User-Agent': 'python-requests/2.31.0', 'Accept-Encoding': 'gzip, deflate', 'Accept': '*/*', 'Connection': 'keep-alive'} 
 body=None 
 </msg>
<msg time="2024-03-29T14:12:16.706231" level="INFO">GET Response : url=https://randomuser.me/api 
 status=200, reason=OK 
 headers={'Date': 'Fri, 29 Mar 2024 14:12:16 GMT', 'Content-Type': 'application/json; charset=utf-8', 'Transfer-Encoding': 'chunked', 'Connection': 'keep-alive', 'X-Powered-By': 'Express', 'Access-Control-Allow-Origin': '*', 'Cache-Control': 'no-cache', 'ETag': 'W/"487-/yORdGzUazpJ9gb/ZFdQBLtY6rk"', 'Vary': 'Accept-Encoding', 'Content-Encoding': 'gzip', 'CF-Cache-Status': 'DYNAMIC', 'Report-To': '{"endpoints":[{"url":"https:\\/\\/a.nel.cloudflare.com\\/report\\/v4?s=QkoDrZb71KWjGRndyKU7a4HHTjlrqwzEyvwx60Y4X4ZgK%2F6%2BbfumGa7JGaQO798UXRRwnFQgdXe2JNEL4V6PRGD%2FLCa46mpyu8Fyp0tZHHaJ4%2FIdwVuYa8m6RwysDjYV"}],"group":"cf-nel","max_age":604800}', 'NEL': '{"success_fraction":0,"report_to":"cf-nel","max_age":604800}', 'Server': 'cloudflare', 'CF-RAY': '86c07433dff03b92-IAD', 'alt-svc': 'h3=":443"; ma=86400'} 
 body={"results":[{"gender":"male","name":{"title":"Mr","first":"Jakob","last":"Walters"},"location":{"street":{"number":399,"name":"Manor Road"},"city":"Roscommon","state":"Limerick","country":"Ireland","postcode":81631,"coordinates":{"latitude":"1.4833","longitude":"-8.9083"},"timezone":{"offset":"+10:00","description":"Eastern Australia, Guam, Vladivostok"}},"email":"jakob.walters@example.com","login":{"uuid":"7ef06c8c-3545-4217-b9c9-7c1323b1ba29","username":"silverlion514","password":"manager","salt":"mutvihDE","md5":"e621b3a1e7b654c4e46b8b7db6b5da47","sha1":"fbb9bab009894ffb68944e27cb00e8135c226be0","sha256":"b27844cb1c56d501bd80747ab39c18d604d667415420d281a7441a32eade6290"},"dob":{"date":"1988-03-26T15:34:10.772Z","age":36},"registered":{"date":"2003-09-10T01:55:35.745Z","age":20},"phone":"021-271-7615","cell":"081-478-3619","id":{"name":"PPS","value":"3070889T"},"picture":{"large":"https://randomuser.me/api/portraits/men/21.jpg","medium":"https://randomuser.me/api/portraits/med/men/21.jpg","thumbnail":"https://randomuser.me/api/portraits/thumb/men/21.jpg"},"nat":"IE"}],"info":{"seed":"68c920b96d2b4e57","results":1,"page":1,"version":"1.4"}} 
 </msg>
<msg time="2024-03-29T14:12:16.706284" level="INFO">/opt/hostedtoolcache/Python/3.12.2/x64/lib/python3.12/site-packages/urllib3/connectionpool.py:1103: InsecureRequestWarning: Unverified HTTPS request is being made to host 'randomuser.me'. Adding certificate verification is strongly advised. See: https://urllib3.readthedocs.io/en/latest/advanced-usage.html#tls-warnings
  warnings.warn(</msg>
<msg time="2024-03-29T14:12:16.706371" level="INFO">${response} = &lt;Response [200]&gt;</msg>
<var>${response}</var>
<arg>consultarAPI</arg>
<arg>/api</arg>
<doc>Sends a GET request on a previously created HTTP Session.</doc>
<status status="PASS" start="2024-03-29T14:12:16.615697" elapsed="0.090714"/>
</kw>
<kw name="Set Variable" owner="BuiltIn">
<msg time="2024-03-29T14:12:16.707435" level="INFO">${json_data} = {'results': [{'gender': 'male', 'name': {'title': 'Mr', 'first': 'Jakob', 'last': 'Walters'}, 'location': {'street': {'number': 399, 'name': 'Manor Road'}, 'city': 'Roscommon', 'state': 'Limerick', 'c...</msg>
<var>${json_data}</var>
<arg>${response.json()}</arg>
<doc>Returns the given values which can then be assigned to a variables.</doc>
<status status="PASS" start="2024-03-29T14:12:16.706878" elapsed="0.000585"/>
</kw>
<kw name="Set Variable" owner="BuiltIn">
<msg time="2024-03-29T14:12:16.708194" level="INFO">${name_title} = Mr</msg>
<var>${name_title}</var>
<arg>${json_data["results"][0]["name"]["title"]}</arg>
<doc>Returns the given values which can then be assigned to a variables.</doc>
<status status="PASS" start="2024-03-29T14:12:16.707774" elapsed="0.000446"/>
</kw>
<kw name="Create List" owner="BuiltIn">
<msg time="2024-03-29T14:12:16.708676" level="INFO">${allowed_titles} = ['Mr', 'Ms', 'Miss', 'Mrs', 'Madame', 'Monsieur']</msg>
<var>${allowed_titles}</var>
<arg>Mr</arg>
<arg>Ms</arg>
<arg>Miss</arg>
<arg>Mrs</arg>
<arg>Madame</arg>
<arg>Monsieur</arg>
<doc>Returns a list containing given items.</doc>
<status status="PASS" start="2024-03-29T14:12:16.708523" elapsed="0.000178"/>
</kw>
<kw name="List Should Contain Value" owner="Collections">
<msg time="2024-03-29T14:12:16.709190" level="INFO">False</msg>
<arg>${allowed_titles}</arg>
<arg>${name_title}</arg>
<doc>Fails if the ``value`` is not found from ``list``.</doc>
<status status="PASS" start="2024-03-29T14:12:16.709004" elapsed="0.000223"/>
</kw>
<kw name="Set Variable" owner="BuiltIn">
<msg time="2024-03-29T14:12:16.709895" level="INFO">${name_country} = IE</msg>
<var>${name_country}</var>
<arg>${json_data["results"][0]["nat"]}</arg>
<doc>Returns the given values which can then be assigned to a variables.</doc>
<status status="PASS" start="2024-03-29T14:12:16.709517" elapsed="0.000404"/>
</kw>
<kw name="Create List" owner="BuiltIn">
<msg time="2024-03-29T14:12:16.710951" level="INFO">${list_country} = ['AD', 'AE', 'AF', 'AG', 'AI', 'AL', 'AM', 'AO', 'AQ', 'AR', 'AS', 'AT', 'AU', 'AW', 'AX', 'AZ', 'BA', 'BB', 'BD', 'BE', 'BF', 'BG', 'BH', 'BI', 'BJ', 'BL', 'BM', 'BN', 'BO', 'BQ', 'BR', 'BS', 'BT', '...</msg>
<var>${list_country}</var>
<arg>AD</arg>
<arg>AE</arg>
<arg>AF</arg>
<arg>AG</arg>
<arg>AI</arg>
<arg>AL</arg>
<arg>AM</arg>
<arg>AO</arg>
<arg>AQ</arg>
<arg>AR</arg>
<arg>AS</arg>
<arg>AT</arg>
<arg>AU</arg>
<arg>AW</arg>
<arg>AX</arg>
<arg>AZ</arg>
<arg>BA</arg>
<arg>BB</arg>
<arg>BD</arg>
<arg>BE</arg>
<arg>BF</arg>
<arg>BG</arg>
<arg>BH</arg>
<arg>BI</arg>
<arg>BJ</arg>
<arg>BL</arg>
<arg>BM</arg>
<arg>BN</arg>
<arg>BO</arg>
<arg>BQ</arg>
<arg>BR</arg>
<arg>BS</arg>
<arg>BT</arg>
<arg>BV</arg>
<arg>BW</arg>
<arg>BY</arg>
<arg>BZ</arg>
<arg>CA</arg>
<arg>CC</arg>
<arg>CD</arg>
<arg>CF</arg>
<arg>CG</arg>
<arg>CH</arg>
<arg>CI</arg>
<arg>CK</arg>
<arg>CL</arg>
<arg>CM</arg>
<arg>CN</arg>
<arg>CO</arg>
<arg>CR</arg>
<arg>CU</arg>
<arg>CV</arg>
<arg>CW</arg>
<arg>CX</arg>
<arg>CY</arg>
<arg>CZ</arg>
<arg>DE</arg>
<arg>DJ</arg>
<arg>DK</arg>
<arg>DM</arg>
<arg>DO</arg>
<arg>DZ</arg>
<arg>EC</arg>
<arg>EE</arg>
<arg>EG</arg>
<arg>EH</arg>
<arg>ER</arg>
<arg>ES</arg>
<arg>ET</arg>
<arg>FI</arg>
<arg>FJ</arg>
<arg>FK</arg>
<arg>FM</arg>
<arg>FO</arg>
<arg>FR</arg>
<arg>GA</arg>
<arg>GB</arg>
<arg>GD</arg>
<arg>GE</arg>
<arg>GF</arg>
<arg>GG</arg>
<arg>GH</arg>
<arg>GI</arg>
<arg>GL</arg>
<arg>GM</arg>
<arg>GN</arg>
<arg>GP</arg>
<arg>GQ</arg>
<arg>GR</arg>
<arg>GS</arg>
<arg>GT</arg>
<arg>GU</arg>
<arg>GW</arg>
<arg>GY</arg>
<arg>HK</arg>
<arg>HM</arg>
<arg>HN</arg>
<arg>HR</arg>
<arg>HT</arg>
<arg>HU</arg>
<arg>ID</arg>
<arg>IE</arg>
<arg>IL</arg>
<arg>IM</arg>
<arg>IN</arg>
<arg>IO</arg>
<arg>IQ</arg>
<arg>IR</arg>
<arg>IS</arg>
<arg>IT</arg>
<arg>JE</arg>
<arg>JM</arg>
<arg>JO</arg>
<arg>JP</arg>
<arg>KE</arg>
<arg>KG</arg>
<arg>KH</arg>
<arg>KI</arg>
<arg>KM</arg>
<arg>KN</arg>
<arg>KP</arg>
<arg>KR</arg>
<arg>KW</arg>
<arg>KY</arg>
<arg>KZ</arg>
<arg>LA</arg>
<arg>LB</arg>
<arg>LC</arg>
<arg>LI</arg>
<arg>LK</arg>
<arg>LR</arg>
<arg>LS</arg>
<arg>LT</arg>
<arg>LU</arg>
<arg>LV</arg>
<arg>LY</arg>
<arg>MA</arg>
<arg>MC</arg>
<arg>MD</arg>
<arg>ME</arg>
<arg>MF</arg>
<arg>MG</arg>
<arg>MH</arg>
<arg>MK</arg>
<arg>ML</arg>
<arg>MM</arg>
<arg>MN</arg>
<arg>MO</arg>
<arg>MP</arg>
<arg>MQ</arg>
<arg>MR</arg>
<arg>MS</arg>
<arg>MT</arg>
<arg>MU</arg>
<arg>MV</arg>
<arg>MW</arg>
<arg>MX</arg>
<arg>MY</arg>
<arg>MZ</arg>
<arg>NA</arg>
<arg>NC</arg>
<arg>NE</arg>
<arg>NF</arg>
<arg>NG</arg>
<arg>NI</arg>
<arg>NL</arg>
<arg>NO</arg>
<arg>NP</arg>
<arg>NR</arg>
<arg>NU</arg>
<arg>NZ</arg>
<arg>OM</arg>
<arg>PA</arg>
<arg>PE</arg>
<arg>PF</arg>
<arg>PG</arg>
<arg>PH</arg>
<arg>PK</arg>
<arg>PL</arg>
<arg>PM</arg>
<arg>PN</arg>
<arg>PR</arg>
<arg>PS</arg>
<arg>PT</arg>
<arg>PW</arg>
<arg>PY</arg>
<arg>QA</arg>
<arg>RE</arg>
<arg>RO</arg>
<arg>RS</arg>
<arg>RU</arg>
<arg>RW</arg>
<arg>SA</arg>
<arg>SB</arg>
<arg>SC</arg>
<arg>SD</arg>
<arg>SE</arg>
<arg>SG</arg>
<arg>SH</arg>
<arg>SI</arg>
<arg>SJ</arg>
<arg>SK</arg>
<arg>SL</arg>
<arg>SM</arg>
<arg>SN</arg>
<arg>SO</arg>
<arg>SR</arg>
<arg>SS</arg>
<arg>ST</arg>
<arg>SV</arg>
<arg>SX</arg>
<arg>SY</arg>
<arg>SZ</arg>
<arg>TC</arg>
<arg>TD</arg>
<arg>TF</arg>
<arg>TG</arg>
<arg>TH</arg>
<arg>TJ</arg>
<arg>TK</arg>
<arg>TL</arg>
<arg>TM</arg>
<arg>TN</arg>
<arg>TO</arg>
<arg>TR</arg>
<arg>TT</arg>
<arg>TV</arg>
<arg>TW</arg>
<arg>TZ</arg>
<arg>UA</arg>
<arg>UG</arg>
<arg>UM</arg>
<arg>US</arg>
<arg>UY</arg>
<arg>UZ</arg>
<arg>VA</arg>
<arg>VC</arg>
<arg>VE</arg>
<arg>VG</arg>
<arg>VI</arg>
<arg>VN</arg>
<arg>VU</arg>
<arg>WF</arg>
<arg>WS</arg>
<arg>XK</arg>
<arg>YE</arg>
<arg>YT</arg>
<arg>ZA</arg>
<arg>ZM</arg>
<arg>ZW</arg>
<doc>Returns a list containing given items.</doc>
<status status="PASS" start="2024-03-29T14:12:16.710233" elapsed="0.000749"/>
</kw>
<kw name="List Should Contain Value" owner="Collections">
<msg time="2024-03-29T14:12:16.712201" level="INFO">False</msg>
<arg>${list_country}</arg>
<arg>${name_country}</arg>
<doc>Fails if the ``value`` is not found from ``list``.</doc>
<status status="PASS" start="2024-03-29T14:12:16.711914" elapsed="0.000329"/>
</kw>
<kw name="Run Keyword If" owner="BuiltIn">
<kw name="Should Be True" owner="BuiltIn">
<arg>${True}</arg>
<doc>Fails if the given condition is not true.</doc>
<status status="PASS" start="2024-03-29T14:12:16.713339" elapsed="0.000149"/>
</kw>
<arg>${json_data["results"][0]["location"]["coordinates"]["latitude"]} &gt;= -90 and ${json_data["results"][0]["location"]["coordinates"]["latitude"]} &lt;= 90</arg>
<arg>Should Be True</arg>
<arg>${True}</arg>
<doc>Runs the given keyword with the given arguments, if ``condition`` is true.</doc>
<status status="PASS" start="2024-03-29T14:12:16.712569" elapsed="0.001050"/>
</kw>
<kw name="Run Keyword If" owner="BuiltIn">
<kw name="Should Be True" owner="BuiltIn">
<arg>${True}</arg>
<doc>Fails if the given condition is not true.</doc>
<status status="PASS" start="2024-03-29T14:12:16.714512" elapsed="0.000141"/>
</kw>
<arg>${json_data["results"][0]["location"]["coordinates"]["longitude"]} &gt;= -180 and ${json_data["results"][0]["location"]["coordinates"]["longitude"]} &lt;= 180</arg>
<arg>Should Be True</arg>
<arg>${True}</arg>
<doc>Runs the given keyword with the given arguments, if ``condition`` is true.</doc>
<status status="PASS" start="2024-03-29T14:12:16.713807" elapsed="0.000973"/>
</kw>
<status status="PASS" start="2024-03-29T14:12:16.615469" elapsed="0.099443"/>
</kw>
<doc>Testa o conteúdo específico dos campos retornados pela API.</doc>
<tag>testeConteudo</tag>
<status status="PASS" start="2024-03-29T14:12:16.614950" elapsed="0.100114"/>
</test>
<status status="PASS" start="2024-03-29T14:12:15.930576" elapsed="0.786503"/>
</suite>
<status status="PASS" start="2024-03-29T14:12:15.916988" elapsed="0.805488"/>
</suite>
<statistics>
<total>
<stat pass="5" fail="0" skip="0">All Tests</stat>
</total>
<tag>
<stat pass="1" fail="0" skip="0">testeConteudo</stat>
<stat pass="1" fail="0" skip="0">testeEstruturaResposta</stat>
<stat pass="1" fail="0" skip="0">testeRequisicaoBasica</stat>
<stat pass="1" fail="0" skip="0">testeTiposDados</stat>
</tag>
<suite>
<stat pass="5" fail="0" skip="0" id="s1" name="Tests">Tests</stat>
<stat pass="5" fail="0" skip="0" id="s1-s1" name="Random-User-Test">Tests.Random-User-Test</stat>
</suite>
</statistics>
<errors>
</errors>
</robot>
