<?xml version="1.0" encoding="UTF-8"?>
<robot generator="Robot 7.0 (Python 3.12.2 on linux)" generated="2024-03-27T14:13:28.837611" rpa="false" schemaversion="5">
<suite id="s1" name="Tests" source="/home/runner/work/DesafioQAItauRogerioJordao/DesafioQAItauRogerioJordao/RamdonUser/tests">
<suite id="s1-s1" name="Random-User-Test" source="/home/runner/work/DesafioQAItauRogerioJordao/DesafioQAItauRogerioJordao/RamdonUser/tests/random-user-test.robot">
<test id="s1-s1-t1" name="Conectar" line="13">
<kw name="Conectar API" owner="random-user-service">
<kw name="Create Session" owner="RequestsLibrary">
<msg time="2024-03-27T14:13:29.212052" level="INFO">Creating Session using : alias=consultarAPI, url=https://randomuser.me/, headers={},                     cookies={}, auth=None, timeout=None, proxies=None, verify=False,                     debug=0 </msg>
<arg>consultarAPI</arg>
<arg>${URL}</arg>
<doc>Create Session: create a HTTP session to a server</doc>
<status status="PASS" start="2024-03-27T14:13:29.211855" elapsed="0.000374"/>
</kw>
<status status="PASS" start="2024-03-27T14:13:29.210842" elapsed="0.001744"/>
</kw>
<status status="PASS" start="2024-03-27T14:13:29.210319" elapsed="0.002472"/>
</test>
<test id="s1-s1-t2" name="Validar retorno 200 e JSON Válido" line="16">
<kw name="Teste de Requisicao Basica" owner="random-user-service">
<kw name="GET On Session" owner="RequestsLibrary">
<msg time="2024-03-27T14:13:29.375048" level="INFO">GET Request : url=https://randomuser.me/api 
 path_url=/api 
 headers={'User-Agent': 'python-requests/2.31.0', 'Accept-Encoding': 'gzip, deflate', 'Accept': '*/*', 'Connection': 'keep-alive'} 
 body=None 
 </msg>
<msg time="2024-03-27T14:13:29.375220" level="INFO">GET Response : url=https://randomuser.me/api 
 status=200, reason=OK 
 headers={'Date': 'Wed, 27 Mar 2024 14:13:29 GMT', 'Content-Type': 'application/json; charset=utf-8', 'Transfer-Encoding': 'chunked', 'Connection': 'keep-alive', 'X-Powered-By': 'Express', 'Access-Control-Allow-Origin': '*', 'Cache-Control': 'no-cache', 'ETag': 'W/"47c-DfD7Z/YCFdBTnQdPZHWNj6vROI4"', 'Vary': 'Accept-Encoding', 'Content-Encoding': 'gzip', 'CF-Cache-Status': 'DYNAMIC', 'Report-To': '{"endpoints":[{"url":"https:\\/\\/a.nel.cloudflare.com\\/report\\/v4?s=k3EedyzY6bVymv3rGr7SgyDLyEcSBNF6qJ3E9cvqs%2FPYEZ1qXLzGCmU5pDCP5H3PhH2huCCCGlRgSqYUdbmvseLWsy0X5Rt8%2B4%2FmrL%2BYP7ovCG5gY1CtO6eLAbr9702H"}],"group":"cf-nel","max_age":604800}', 'NEL': '{"success_fraction":0,"report_to":"cf-nel","max_age":604800}', 'Server': 'cloudflare', 'CF-RAY': '86affb39fc2a08ae-LAX', 'alt-svc': 'h3=":443"; ma=86400'} 
 body={"results":[{"gender":"male","name":{"title":"Mr","first":"Celso","last":"Gonçalves"},"location":{"street":{"number":7409,"name":"Rua Espirito Santo "},"city":"Eunápolis","state":"Roraima","country":"Brazil","postcode":38971,"coordinates":{"latitude":"-74.1482","longitude":"-95.9694"},"timezone":{"offset":"+4:30","description":"Kabul"}},"email":"celso.goncalves@example.com","login":{"uuid":"37ab54d5-7a49-4934-a130-578118e5cd5e","username":"bluebear435","password":"arctic","salt":"DOsMMnsQ","md5":"bb4db8308fcd73846fa0ad3f4ab9a736","sha1":"74eb9fe13937c96885226b421f4e545e9ad6adf0","sha256":"b2094801cb367c1887564eba966abdbde92247b3b30853d4fec2644f9d3f0842"},"dob":{"date":"1970-07-25T15:17:22.712Z","age":53},"registered":{"date":"2012-05-12T19:27:29.775Z","age":11},"phone":"(15) 9378-3951","cell":"(03) 3464-6508","id":{"name":"CPF","value":"507.281.385-08"},"picture":{"large":"https://randomuser.me/api/portraits/men/7.jpg","medium":"https://randomuser.me/api/portraits/med/men/7.jpg","thumbnail":"https://randomuser.me/api/portraits/thumb/men/7.jpg"},"nat":"BR"}],"info":{"seed":"b0dfaf6e02d34529","results":1,"page":1,"version":"1.4"}} 
 </msg>
<msg time="2024-03-27T14:13:29.375353" level="INFO">/opt/hostedtoolcache/Python/3.12.2/x64/lib/python3.12/site-packages/urllib3/connectionpool.py:1103: InsecureRequestWarning: Unverified HTTPS request is being made to host 'randomuser.me'. Adding certificate verification is strongly advised. See: https://urllib3.readthedocs.io/en/latest/advanced-usage.html#tls-warnings
  warnings.warn(</msg>
<msg time="2024-03-27T14:13:29.375510" level="INFO">${response} = &lt;Response [200]&gt;</msg>
<var>${response}</var>
<arg>consultarAPI</arg>
<arg>/api</arg>
<doc>Sends a GET request on a previously created HTTP Session.</doc>
<status status="PASS" start="2024-03-27T14:13:29.215376" elapsed="0.160201"/>
</kw>
<kw name="Should Be Equal As Numbers" owner="BuiltIn">
<msg time="2024-03-27T14:13:29.376828" level="INFO">Argument types are:
&lt;class 'int'&gt;
&lt;class 'str'&gt;</msg>
<arg>${response.status_code}</arg>
<arg>200</arg>
<doc>Fails if objects are unequal after converting them to real numbers.</doc>
<status status="PASS" start="2024-03-27T14:13:29.376307" elapsed="0.000590"/>
</kw>
<kw name="Log" owner="BuiltIn">
<msg time="2024-03-27T14:13:29.377892" level="INFO">200</msg>
<arg>${response.status_code}</arg>
<doc>Logs the given message with the given level.</doc>
<status status="PASS" start="2024-03-27T14:13:29.377308" elapsed="0.000657"/>
</kw>
<kw name="Set Variable" owner="BuiltIn">
<msg time="2024-03-27T14:13:29.378852" level="INFO">${json_data} = {'results': [{'gender': 'male', 'name': {'title': 'Mr', 'first': 'Celso', 'last': 'Gonçalves'}, 'location': {'street': {'number': 7409, 'name': 'Rua Espirito Santo '}, 'city': 'Eunápolis', 'state': 'R...</msg>
<var>${json_data}</var>
<arg>${response.json()}</arg>
<doc>Returns the given values which can then be assigned to a variables.</doc>
<status status="PASS" start="2024-03-27T14:13:29.378385" elapsed="0.000497"/>
</kw>
<kw name="Dictionary Should Contain Key" owner="Collections">
<msg time="2024-03-27T14:13:29.379378" level="INFO">False</msg>
<arg>${json_data}</arg>
<arg>results</arg>
<doc>Fails if ``key`` is not found from ``dictionary``.</doc>
<status status="PASS" start="2024-03-27T14:13:29.379201" elapsed="0.000217"/>
</kw>
<status status="PASS" start="2024-03-27T14:13:29.215120" elapsed="0.164568"/>
</kw>
<doc>Testa se a API responde corretamente e retorna um objeto JSON válido.</doc>
<tag>testeRequisicaoBasica</tag>
<status status="PASS" start="2024-03-27T14:13:29.214658" elapsed="0.165229"/>
</test>
<test id="s1-s1-t3" name="Validar estrutura de resposta" line="22">
<kw name="Teste de Estrutura de Resposta" owner="random-user-service">
<kw name="GET On Session" owner="RequestsLibrary">
<msg time="2024-03-27T14:13:29.486071" level="INFO">GET Request : url=https://randomuser.me/api 
 path_url=/api 
 headers={'User-Agent': 'python-requests/2.31.0', 'Accept-Encoding': 'gzip, deflate', 'Accept': '*/*', 'Connection': 'keep-alive'} 
 body=None 
 </msg>
<msg time="2024-03-27T14:13:29.486184" level="INFO">GET Response : url=https://randomuser.me/api 
 status=200, reason=OK 
 headers={'Date': 'Wed, 27 Mar 2024 14:13:29 GMT', 'Content-Type': 'application/json; charset=utf-8', 'Transfer-Encoding': 'chunked', 'Connection': 'keep-alive', 'X-Powered-By': 'Express', 'Access-Control-Allow-Origin': '*', 'Cache-Control': 'no-cache', 'ETag': 'W/"49f-KoETM4w3Nr6AKz7ixtvvPcsA72o"', 'Vary': 'Accept-Encoding', 'Content-Encoding': 'gzip', 'CF-Cache-Status': 'DYNAMIC', 'Report-To': '{"endpoints":[{"url":"https:\\/\\/a.nel.cloudflare.com\\/report\\/v4?s=6t7xVfr1nNr20CPzhYuV%2Bi%2FaAOiqXbpjbdkISQyAUb0fNalsso80877IzwHBbwtOU%2Bm1lYUJ2b09cUyL5IOEl857p03rMvsDH%2FOeSAs03wz4waFb%2FyJpeEmbuVoXjPUo"}],"group":"cf-nel","max_age":604800}', 'NEL': '{"success_fraction":0,"report_to":"cf-nel","max_age":604800}', 'Server': 'cloudflare', 'CF-RAY': '86affb3aad1b08ae-LAX', 'alt-svc': 'h3=":443"; ma=86400'} 
 body={"results":[{"gender":"female","name":{"title":"Ms","first":"Katarina","last":"Karadžić"},"location":{"street":{"number":4267,"name":"Belog Orla"},"city":"Bujanovac","state":"Prizren","country":"Serbia","postcode":98894,"coordinates":{"latitude":"63.2151","longitude":"67.9118"},"timezone":{"offset":"-6:00","description":"Central Time (US &amp; Canada), Mexico City"}},"email":"katarina.karadzic@example.com","login":{"uuid":"64c36029-f691-4174-8755-c820ce062f7a","username":"goldenrabbit569","password":"freedom1","salt":"zJfhCssB","md5":"60610f15c2d65788f7da084b0201a12a","sha1":"acfdb5b7dbe0253e6d9013642d036a57cce22ecc","sha256":"29624f934f4a5a06e69d4c0b4ba00e0a24d6b3c5f2488ab6033b74ac3021a0c0"},"dob":{"date":"1954-12-20T01:41:54.050Z","age":69},"registered":{"date":"2002-04-13T11:18:17.761Z","age":21},"phone":"030-3194-647","cell":"069-8200-567","id":{"name":"SID","value":"559406455"},"picture":{"large":"https://randomuser.me/api/portraits/women/73.jpg","medium":"https://randomuser.me/api/portraits/med/women/73.jpg","thumbnail":"https://randomuser.me/api/portraits/thumb/women/73.jpg"},"nat":"RS"}],"info":{"seed":"1bb80edf4cf1fcd4","results":1,"page":1,"version":"1.4"}} 
 </msg>
<msg time="2024-03-27T14:13:29.486361" level="INFO">/opt/hostedtoolcache/Python/3.12.2/x64/lib/python3.12/site-packages/urllib3/connectionpool.py:1103: InsecureRequestWarning: Unverified HTTPS request is being made to host 'randomuser.me'. Adding certificate verification is strongly advised. See: https://urllib3.readthedocs.io/en/latest/advanced-usage.html#tls-warnings
  warnings.warn(</msg>
<msg time="2024-03-27T14:13:29.486521" level="INFO">${response} = &lt;Response [200]&gt;</msg>
<var>${response}</var>
<arg>consultarAPI</arg>
<arg>/api</arg>
<doc>Sends a GET request on a previously created HTTP Session.</doc>
<status status="PASS" start="2024-03-27T14:13:29.382781" elapsed="0.103788"/>
</kw>
<kw name="Set Variable" owner="BuiltIn">
<msg time="2024-03-27T14:13:29.487891" level="INFO">${json_data} = {'results': [{'gender': 'female', 'name': {'title': 'Ms', 'first': 'Katarina', 'last': 'Karadžić'}, 'location': {'street': {'number': 4267, 'name': 'Belog Orla'}, 'city': 'Bujanovac', 'state': 'Prizre...</msg>
<var>${json_data}</var>
<arg>${response.json()}</arg>
<doc>Returns the given values which can then be assigned to a variables.</doc>
<status status="PASS" start="2024-03-27T14:13:29.487233" elapsed="0.000690"/>
</kw>
<kw name="Log" owner="BuiltIn">
<msg time="2024-03-27T14:13:29.488462" level="INFO">{'results': [{'gender': 'female', 'name': {'title': 'Ms', 'first': 'Katarina', 'last': 'Karadžić'}, 'location': {'street': {'number': 4267, 'name': 'Belog Orla'}, 'city': 'Bujanovac', 'state': 'Prizren', 'country': 'Serbia', 'postcode': 98894, 'coordinates': {'latitude': '63.2151', 'longitude': '67.9118'}, 'timezone': {'offset': '-6:00', 'description': 'Central Time (US &amp; Canada), Mexico City'}}, 'email': 'katarina.karadzic@example.com', 'login': {'uuid': '64c36029-f691-4174-8755-c820ce062f7a', 'username': 'goldenrabbit569', 'password': 'freedom1', 'salt': 'zJfhCssB', 'md5': '60610f15c2d65788f7da084b0201a12a', 'sha1': 'acfdb5b7dbe0253e6d9013642d036a57cce22ecc', 'sha256': '29624f934f4a5a06e69d4c0b4ba00e0a24d6b3c5f2488ab6033b74ac3021a0c0'}, 'dob': {'date': '1954-12-20T01:41:54.050Z', 'age': 69}, 'registered': {'date': '2002-04-13T11:18:17.761Z', 'age': 21}, 'phone': '030-3194-647', 'cell': '069-8200-567', 'id': {'name': 'SID', 'value': '559406455'}, 'picture': {'large': 'https://randomuser.me/api/portraits/women/73.jpg', 'medium': 'https://randomuser.me/api/portraits/med/women/73.jpg', 'thumbnail': 'https://randomuser.me/api/portraits/thumb/women/73.jpg'}, 'nat': 'RS'}], 'info': {'seed': '1bb80edf4cf1fcd4', 'results': 1, 'page': 1, 'version': '1.4'}}</msg>
<arg>${json_data}</arg>
<doc>Logs the given message with the given level.</doc>
<status status="PASS" start="2024-03-27T14:13:29.488285" elapsed="0.000231"/>
</kw>
<kw name="Dictionary Should Contain Key" owner="Collections">
<msg time="2024-03-27T14:13:29.488998" level="INFO">False</msg>
<arg>${json_data}</arg>
<arg>results</arg>
<doc>Fails if ``key`` is not found from ``dictionary``.</doc>
<status status="PASS" start="2024-03-27T14:13:29.488834" elapsed="0.000202"/>
</kw>
<kw name="Should Not Be Empty" owner="BuiltIn">
<msg time="2024-03-27T14:13:29.489479" level="INFO">Length is 2.</msg>
<arg>${json_data}</arg>
<doc>Verifies that the given item is not empty.</doc>
<status status="PASS" start="2024-03-27T14:13:29.489341" elapsed="0.000178"/>
</kw>
<kw name="Create List" owner="BuiltIn">
<msg time="2024-03-27T14:13:29.490033" level="INFO">${expected_keys} = ['gender', 'name', 'location', 'email', 'login']</msg>
<var>${expected_keys}</var>
<arg>gender</arg>
<arg>name</arg>
<arg>location</arg>
<arg>email</arg>
<arg>login</arg>
<doc>Returns a list containing given items.</doc>
<status status="PASS" start="2024-03-27T14:13:29.489867" elapsed="0.000191"/>
</kw>
<for flavor="IN">
<iter>
<kw name="Dictionary Should Contain Key" owner="Collections">
<msg time="2024-03-27T14:13:29.491076" level="INFO">False</msg>
<arg>${json_data['results'][0]}</arg>
<arg>${key}</arg>
<doc>Fails if ``key`` is not found from ``dictionary``.</doc>
<status status="PASS" start="2024-03-27T14:13:29.490661" elapsed="0.000456"/>
</kw>
<kw name="Log" owner="BuiltIn">
<msg time="2024-03-27T14:13:29.491815" level="INFO">{'gender': 'female', 'name': {'title': 'Ms', 'first': 'Katarina', 'last': 'Karadžić'}, 'location': {'street': {'number': 4267, 'name': 'Belog Orla'}, 'city': 'Bujanovac', 'state': 'Prizren', 'country': 'Serbia', 'postcode': 98894, 'coordinates': {'latitude': '63.2151', 'longitude': '67.9118'}, 'timezone': {'offset': '-6:00', 'description': 'Central Time (US &amp; Canada), Mexico City'}}, 'email': 'katarina.karadzic@example.com', 'login': {'uuid': '64c36029-f691-4174-8755-c820ce062f7a', 'username': 'goldenrabbit569', 'password': 'freedom1', 'salt': 'zJfhCssB', 'md5': '60610f15c2d65788f7da084b0201a12a', 'sha1': 'acfdb5b7dbe0253e6d9013642d036a57cce22ecc', 'sha256': '29624f934f4a5a06e69d4c0b4ba00e0a24d6b3c5f2488ab6033b74ac3021a0c0'}, 'dob': {'date': '1954-12-20T01:41:54.050Z', 'age': 69}, 'registered': {'date': '2002-04-13T11:18:17.761Z', 'age': 21}, 'phone': '030-3194-647', 'cell': '069-8200-567', 'id': {'name': 'SID', 'value': '559406455'}, 'picture': {'large': 'https://randomuser.me/api/portraits/women/73.jpg', 'medium': 'https://randomuser.me/api/portraits/med/women/73.jpg', 'thumbnail': 'https://randomuser.me/api/portraits/thumb/women/73.jpg'}, 'nat': 'RS'}</msg>
<arg>${json_data['results'][0]}</arg>
<doc>Logs the given message with the given level.</doc>
<status status="PASS" start="2024-03-27T14:13:29.491432" elapsed="0.000443"/>
</kw>
<kw name="Log" owner="BuiltIn">
<msg time="2024-03-27T14:13:29.492325" level="INFO">gender</msg>
<arg>${key}</arg>
<doc>Logs the given message with the given level.</doc>
<status status="PASS" start="2024-03-27T14:13:29.492190" elapsed="0.000174"/>
</kw>
<var name="${key}">gender</var>
<status status="PASS" start="2024-03-27T14:13:29.490531" elapsed="0.002060"/>
</iter>
<iter>
<kw name="Dictionary Should Contain Key" owner="Collections">
<msg time="2024-03-27T14:13:29.493288" level="INFO">False</msg>
<arg>${json_data['results'][0]}</arg>
<arg>${key}</arg>
<doc>Fails if ``key`` is not found from ``dictionary``.</doc>
<status status="PASS" start="2024-03-27T14:13:29.492906" elapsed="0.000421"/>
</kw>
<kw name="Log" owner="BuiltIn">
<msg time="2024-03-27T14:13:29.494065" level="INFO">{'gender': 'female', 'name': {'title': 'Ms', 'first': 'Katarina', 'last': 'Karadžić'}, 'location': {'street': {'number': 4267, 'name': 'Belog Orla'}, 'city': 'Bujanovac', 'state': 'Prizren', 'country': 'Serbia', 'postcode': 98894, 'coordinates': {'latitude': '63.2151', 'longitude': '67.9118'}, 'timezone': {'offset': '-6:00', 'description': 'Central Time (US &amp; Canada), Mexico City'}}, 'email': 'katarina.karadzic@example.com', 'login': {'uuid': '64c36029-f691-4174-8755-c820ce062f7a', 'username': 'goldenrabbit569', 'password': 'freedom1', 'salt': 'zJfhCssB', 'md5': '60610f15c2d65788f7da084b0201a12a', 'sha1': 'acfdb5b7dbe0253e6d9013642d036a57cce22ecc', 'sha256': '29624f934f4a5a06e69d4c0b4ba00e0a24d6b3c5f2488ab6033b74ac3021a0c0'}, 'dob': {'date': '1954-12-20T01:41:54.050Z', 'age': 69}, 'registered': {'date': '2002-04-13T11:18:17.761Z', 'age': 21}, 'phone': '030-3194-647', 'cell': '069-8200-567', 'id': {'name': 'SID', 'value': '559406455'}, 'picture': {'large': 'https://randomuser.me/api/portraits/women/73.jpg', 'medium': 'https://randomuser.me/api/portraits/med/women/73.jpg', 'thumbnail': 'https://randomuser.me/api/portraits/thumb/women/73.jpg'}, 'nat': 'RS'}</msg>
<arg>${json_data['results'][0]}</arg>
<doc>Logs the given message with the given level.</doc>
<status status="PASS" start="2024-03-27T14:13:29.493694" elapsed="0.000425"/>
</kw>
<kw name="Log" owner="BuiltIn">
<msg time="2024-03-27T14:13:29.494559" level="INFO">name</msg>
<arg>${key}</arg>
<doc>Logs the given message with the given level.</doc>
<status status="PASS" start="2024-03-27T14:13:29.494427" elapsed="0.000170"/>
</kw>
<var name="${key}">name</var>
<status status="PASS" start="2024-03-27T14:13:29.492787" elapsed="0.002029"/>
</iter>
<iter>
<kw name="Dictionary Should Contain Key" owner="Collections">
<msg time="2024-03-27T14:13:29.495504" level="INFO">False</msg>
<arg>${json_data['results'][0]}</arg>
<arg>${key}</arg>
<doc>Fails if ``key`` is not found from ``dictionary``.</doc>
<status status="PASS" start="2024-03-27T14:13:29.495118" elapsed="0.000425"/>
</kw>
<kw name="Log" owner="BuiltIn">
<msg time="2024-03-27T14:13:29.496205" level="INFO">{'gender': 'female', 'name': {'title': 'Ms', 'first': 'Katarina', 'last': 'Karadžić'}, 'location': {'street': {'number': 4267, 'name': 'Belog Orla'}, 'city': 'Bujanovac', 'state': 'Prizren', 'country': 'Serbia', 'postcode': 98894, 'coordinates': {'latitude': '63.2151', 'longitude': '67.9118'}, 'timezone': {'offset': '-6:00', 'description': 'Central Time (US &amp; Canada), Mexico City'}}, 'email': 'katarina.karadzic@example.com', 'login': {'uuid': '64c36029-f691-4174-8755-c820ce062f7a', 'username': 'goldenrabbit569', 'password': 'freedom1', 'salt': 'zJfhCssB', 'md5': '60610f15c2d65788f7da084b0201a12a', 'sha1': 'acfdb5b7dbe0253e6d9013642d036a57cce22ecc', 'sha256': '29624f934f4a5a06e69d4c0b4ba00e0a24d6b3c5f2488ab6033b74ac3021a0c0'}, 'dob': {'date': '1954-12-20T01:41:54.050Z', 'age': 69}, 'registered': {'date': '2002-04-13T11:18:17.761Z', 'age': 21}, 'phone': '030-3194-647', 'cell': '069-8200-567', 'id': {'name': 'SID', 'value': '559406455'}, 'picture': {'large': 'https://randomuser.me/api/portraits/women/73.jpg', 'medium': 'https://randomuser.me/api/portraits/med/women/73.jpg', 'thumbnail': 'https://randomuser.me/api/portraits/thumb/women/73.jpg'}, 'nat': 'RS'}</msg>
<arg>${json_data['results'][0]}</arg>
<doc>Logs the given message with the given level.</doc>
<status status="PASS" start="2024-03-27T14:13:29.495846" elapsed="0.000417"/>
</kw>
<kw name="Log" owner="BuiltIn">
<msg time="2024-03-27T14:13:29.496691" level="INFO">location</msg>
<arg>${key}</arg>
<doc>Logs the given message with the given level.</doc>
<status status="PASS" start="2024-03-27T14:13:29.496563" elapsed="0.000167"/>
</kw>
<var name="${key}">location</var>
<status status="PASS" start="2024-03-27T14:13:29.495003" elapsed="0.001944"/>
</iter>
<iter>
<kw name="Dictionary Should Contain Key" owner="Collections">
<msg time="2024-03-27T14:13:29.497657" level="INFO">False</msg>
<arg>${json_data['results'][0]}</arg>
<arg>${key}</arg>
<doc>Fails if ``key`` is not found from ``dictionary``.</doc>
<status status="PASS" start="2024-03-27T14:13:29.497253" elapsed="0.000444"/>
</kw>
<kw name="Log" owner="BuiltIn">
<msg time="2024-03-27T14:13:29.498371" level="INFO">{'gender': 'female', 'name': {'title': 'Ms', 'first': 'Katarina', 'last': 'Karadžić'}, 'location': {'street': {'number': 4267, 'name': 'Belog Orla'}, 'city': 'Bujanovac', 'state': 'Prizren', 'country': 'Serbia', 'postcode': 98894, 'coordinates': {'latitude': '63.2151', 'longitude': '67.9118'}, 'timezone': {'offset': '-6:00', 'description': 'Central Time (US &amp; Canada), Mexico City'}}, 'email': 'katarina.karadzic@example.com', 'login': {'uuid': '64c36029-f691-4174-8755-c820ce062f7a', 'username': 'goldenrabbit569', 'password': 'freedom1', 'salt': 'zJfhCssB', 'md5': '60610f15c2d65788f7da084b0201a12a', 'sha1': 'acfdb5b7dbe0253e6d9013642d036a57cce22ecc', 'sha256': '29624f934f4a5a06e69d4c0b4ba00e0a24d6b3c5f2488ab6033b74ac3021a0c0'}, 'dob': {'date': '1954-12-20T01:41:54.050Z', 'age': 69}, 'registered': {'date': '2002-04-13T11:18:17.761Z', 'age': 21}, 'phone': '030-3194-647', 'cell': '069-8200-567', 'id': {'name': 'SID', 'value': '559406455'}, 'picture': {'large': 'https://randomuser.me/api/portraits/women/73.jpg', 'medium': 'https://randomuser.me/api/portraits/med/women/73.jpg', 'thumbnail': 'https://randomuser.me/api/portraits/thumb/women/73.jpg'}, 'nat': 'RS'}</msg>
<arg>${json_data['results'][0]}</arg>
<doc>Logs the given message with the given level.</doc>
<status status="PASS" start="2024-03-27T14:13:29.498003" elapsed="0.000421"/>
</kw>
<kw name="Log" owner="BuiltIn">
<msg time="2024-03-27T14:13:29.498851" level="INFO">email</msg>
<arg>${key}</arg>
<doc>Logs the given message with the given level.</doc>
<status status="PASS" start="2024-03-27T14:13:29.498722" elapsed="0.000168"/>
</kw>
<var name="${key}">email</var>
<status status="PASS" start="2024-03-27T14:13:29.497132" elapsed="0.001974"/>
</iter>
<iter>
<kw name="Dictionary Should Contain Key" owner="Collections">
<msg time="2024-03-27T14:13:29.499784" level="INFO">False</msg>
<arg>${json_data['results'][0]}</arg>
<arg>${key}</arg>
<doc>Fails if ``key`` is not found from ``dictionary``.</doc>
<status status="PASS" start="2024-03-27T14:13:29.499394" elapsed="0.000429"/>
</kw>
<kw name="Log" owner="BuiltIn">
<msg time="2024-03-27T14:13:29.500482" level="INFO">{'gender': 'female', 'name': {'title': 'Ms', 'first': 'Katarina', 'last': 'Karadžić'}, 'location': {'street': {'number': 4267, 'name': 'Belog Orla'}, 'city': 'Bujanovac', 'state': 'Prizren', 'country': 'Serbia', 'postcode': 98894, 'coordinates': {'latitude': '63.2151', 'longitude': '67.9118'}, 'timezone': {'offset': '-6:00', 'description': 'Central Time (US &amp; Canada), Mexico City'}}, 'email': 'katarina.karadzic@example.com', 'login': {'uuid': '64c36029-f691-4174-8755-c820ce062f7a', 'username': 'goldenrabbit569', 'password': 'freedom1', 'salt': 'zJfhCssB', 'md5': '60610f15c2d65788f7da084b0201a12a', 'sha1': 'acfdb5b7dbe0253e6d9013642d036a57cce22ecc', 'sha256': '29624f934f4a5a06e69d4c0b4ba00e0a24d6b3c5f2488ab6033b74ac3021a0c0'}, 'dob': {'date': '1954-12-20T01:41:54.050Z', 'age': 69}, 'registered': {'date': '2002-04-13T11:18:17.761Z', 'age': 21}, 'phone': '030-3194-647', 'cell': '069-8200-567', 'id': {'name': 'SID', 'value': '559406455'}, 'picture': {'large': 'https://randomuser.me/api/portraits/women/73.jpg', 'medium': 'https://randomuser.me/api/portraits/med/women/73.jpg', 'thumbnail': 'https://randomuser.me/api/portraits/thumb/women/73.jpg'}, 'nat': 'RS'}</msg>
<arg>${json_data['results'][0]}</arg>
<doc>Logs the given message with the given level.</doc>
<status status="PASS" start="2024-03-27T14:13:29.500118" elapsed="0.000417"/>
</kw>
<kw name="Log" owner="BuiltIn">
<msg time="2024-03-27T14:13:29.500961" level="INFO">login</msg>
<arg>${key}</arg>
<doc>Logs the given message with the given level.</doc>
<status status="PASS" start="2024-03-27T14:13:29.500833" elapsed="0.000309"/>
</kw>
<var name="${key}">login</var>
<status status="PASS" start="2024-03-27T14:13:29.499281" elapsed="0.002091"/>
</iter>
<var>${key}</var>
<value>@{expected_keys}</value>
<status status="PASS" start="2024-03-27T14:13:29.490330" elapsed="0.011168"/>
</for>
<kw name="Create List" owner="BuiltIn">
<msg time="2024-03-27T14:13:29.501895" level="INFO">${expected_keysTwo} = ['username', 'password']</msg>
<var>${expected_keysTwo}</var>
<arg>username</arg>
<arg>password</arg>
<doc>Returns a list containing given items.</doc>
<status status="PASS" start="2024-03-27T14:13:29.501751" elapsed="0.000169"/>
</kw>
<for flavor="IN">
<iter>
<kw name="Dictionary Should Contain Key" owner="Collections">
<msg time="2024-03-27T14:13:29.502835" level="INFO">False</msg>
<arg>${json_data['results'][0]['login']}</arg>
<arg>${keyTwo}</arg>
<doc>Fails if ``key`` is not found from ``dictionary``.</doc>
<status status="PASS" start="2024-03-27T14:13:29.502438" elapsed="0.000436"/>
</kw>
<kw name="Dictionary Should Contain Key" owner="Collections">
<msg time="2024-03-27T14:13:29.503565" level="INFO">False</msg>
<arg>${json_data['results'][0]['login']}</arg>
<arg>${keyTwo}</arg>
<doc>Fails if ``key`` is not found from ``dictionary``.</doc>
<status status="PASS" start="2024-03-27T14:13:29.503182" elapsed="0.000423"/>
</kw>
<kw name="Log" owner="BuiltIn">
<msg time="2024-03-27T14:13:29.504033" level="INFO">username</msg>
<arg>${keyTwo}</arg>
<doc>Logs the given message with the given level.</doc>
<status status="PASS" start="2024-03-27T14:13:29.503902" elapsed="0.000170"/>
</kw>
<var name="${keyTwo}">username</var>
<status status="PASS" start="2024-03-27T14:13:29.502323" elapsed="0.001968"/>
</iter>
<iter>
<kw name="Dictionary Should Contain Key" owner="Collections">
<msg time="2024-03-27T14:13:29.504961" level="INFO">False</msg>
<arg>${json_data['results'][0]['login']}</arg>
<arg>${keyTwo}</arg>
<doc>Fails if ``key`` is not found from ``dictionary``.</doc>
<status status="PASS" start="2024-03-27T14:13:29.504578" elapsed="0.000423"/>
</kw>
<kw name="Dictionary Should Contain Key" owner="Collections">
<msg time="2024-03-27T14:13:29.505704" level="INFO">False</msg>
<arg>${json_data['results'][0]['login']}</arg>
<arg>${keyTwo}</arg>
<doc>Fails if ``key`` is not found from ``dictionary``.</doc>
<status status="PASS" start="2024-03-27T14:13:29.505300" elapsed="0.000443"/>
</kw>
<kw name="Log" owner="BuiltIn">
<msg time="2024-03-27T14:13:29.506172" level="INFO">password</msg>
<arg>${keyTwo}</arg>
<doc>Logs the given message with the given level.</doc>
<status status="PASS" start="2024-03-27T14:13:29.506042" elapsed="0.000168"/>
</kw>
<var name="${keyTwo}">password</var>
<status status="PASS" start="2024-03-27T14:13:29.504467" elapsed="0.001963"/>
</iter>
<var>${keyTwo}</var>
<value>@{expected_keysTwo}</value>
<status status="PASS" start="2024-03-27T14:13:29.502165" elapsed="0.004391"/>
</for>
<status status="PASS" start="2024-03-27T14:13:29.382536" elapsed="0.124166"/>
</kw>
<doc>Testa a estrutura da resposta da API.</doc>
<tag>testeEstruturaResposta</tag>
<status status="PASS" start="2024-03-27T14:13:29.381753" elapsed="0.125115"/>
</test>
<test id="s1-s1-t4" name="Validar tipos de dados" line="28">
<kw name="Teste de Tipos de Dados" owner="random-user-service">
<kw name="GET On Session" owner="RequestsLibrary">
<msg time="2024-03-27T14:13:29.610337" level="INFO">GET Request : url=https://randomuser.me/api 
 path_url=/api 
 headers={'User-Agent': 'python-requests/2.31.0', 'Accept-Encoding': 'gzip, deflate', 'Accept': '*/*', 'Connection': 'keep-alive'} 
 body=None 
 </msg>
<msg time="2024-03-27T14:13:29.610451" level="INFO">GET Response : url=https://randomuser.me/api 
 status=200, reason=OK 
 headers={'Date': 'Wed, 27 Mar 2024 14:13:29 GMT', 'Content-Type': 'application/json; charset=utf-8', 'Transfer-Encoding': 'chunked', 'Connection': 'keep-alive', 'X-Powered-By': 'Express', 'Access-Control-Allow-Origin': '*', 'Cache-Control': 'no-cache', 'ETag': 'W/"4a3-rjB1CWTukzJYl0jwhVoqTUh5L5M"', 'Vary': 'Accept-Encoding', 'Content-Encoding': 'gzip', 'CF-Cache-Status': 'DYNAMIC', 'Report-To': '{"endpoints":[{"url":"https:\\/\\/a.nel.cloudflare.com\\/report\\/v4?s=b59W1%2BC5j3hz5LJQouA46Cyk12klXJDdilDOjj%2BAeJlr7l%2F8My5%2FONTnIUBv%2B4cVytPUe898k6kVzNyUnfwH4ss1unfLhFUCWc%2BU7GKwcbkcBTkbzZJZvHXty0NupQPP"}],"group":"cf-nel","max_age":604800}', 'NEL': '{"success_fraction":0,"report_to":"cf-nel","max_age":604800}', 'Server': 'cloudflare', 'CF-RAY': '86affb3b7e4708ae-LAX', 'alt-svc': 'h3=":443"; ma=86400'} 
 body={"results":[{"gender":"female","name":{"title":"Mrs","first":"Iina","last":"Huhtala"},"location":{"street":{"number":7815,"name":"Pispalan Valtatie"},"city":"Helsinki","state":"South Karelia","country":"Finland","postcode":46080,"coordinates":{"latitude":"-27.0023","longitude":"23.8288"},"timezone":{"offset":"+1:00","description":"Brussels, Copenhagen, Madrid, Paris"}},"email":"iina.huhtala@example.com","login":{"uuid":"5267c91b-6463-4312-be75-e15295c35357","username":"goldenswan202","password":"horizon","salt":"rzpmgiU5","md5":"715e8de7e5fb9df999a2cd380f72fa58","sha1":"48dcbfa40fa67cbdff45df3b0966cd1110316693","sha256":"cad209301269fd5c18c2d7a6a6b423b830789212d462295cc4def6492c6b95d5"},"dob":{"date":"1964-10-19T23:00:41.675Z","age":59},"registered":{"date":"2004-10-13T03:41:12.801Z","age":19},"phone":"04-823-234","cell":"040-755-96-36","id":{"name":"HETU","value":"NaNNA290undefined"},"picture":{"large":"https://randomuser.me/api/portraits/women/60.jpg","medium":"https://randomuser.me/api/portraits/med/women/60.jpg","thumbnail":"https://randomuser.me/api/portraits/thumb/women/60.jpg"},"nat":"FI"}],"info":{"seed":"09c6a5df24126d05","results":1,"page":1,"version":"1.4"}} 
 </msg>
<msg time="2024-03-27T14:13:29.610530" level="INFO">/opt/hostedtoolcache/Python/3.12.2/x64/lib/python3.12/site-packages/urllib3/connectionpool.py:1103: InsecureRequestWarning: Unverified HTTPS request is being made to host 'randomuser.me'. Adding certificate verification is strongly advised. See: https://urllib3.readthedocs.io/en/latest/advanced-usage.html#tls-warnings
  warnings.warn(</msg>
<msg time="2024-03-27T14:13:29.610683" level="INFO">${response} = &lt;Response [200]&gt;</msg>
<var>${response}</var>
<arg>consultarAPI</arg>
<arg>/api</arg>
<doc>Sends a GET request on a previously created HTTP Session.</doc>
<status status="PASS" start="2024-03-27T14:13:29.509446" elapsed="0.101287"/>
</kw>
<kw name="Set Variable" owner="BuiltIn">
<msg time="2024-03-27T14:13:29.612035" level="INFO">${json_data} = {'results': [{'gender': 'female', 'name': {'title': 'Mrs', 'first': 'Iina', 'last': 'Huhtala'}, 'location': {'street': {'number': 7815, 'name': 'Pispalan Valtatie'}, 'city': 'Helsinki', 'state': 'Sout...</msg>
<var>${json_data}</var>
<arg>${response.json()}</arg>
<doc>Returns the given values which can then be assigned to a variables.</doc>
<status status="PASS" start="2024-03-27T14:13:29.611418" elapsed="0.000646"/>
</kw>
<kw name="Log" owner="BuiltIn">
<msg time="2024-03-27T14:13:29.612588" level="INFO">{'results': [{'gender': 'female', 'name': {'title': 'Mrs', 'first': 'Iina', 'last': 'Huhtala'}, 'location': {'street': {'number': 7815, 'name': 'Pispalan Valtatie'}, 'city': 'Helsinki', 'state': 'South Karelia', 'country': 'Finland', 'postcode': 46080, 'coordinates': {'latitude': '-27.0023', 'longitude': '23.8288'}, 'timezone': {'offset': '+1:00', 'description': 'Brussels, Copenhagen, Madrid, Paris'}}, 'email': 'iina.huhtala@example.com', 'login': {'uuid': '5267c91b-6463-4312-be75-e15295c35357', 'username': 'goldenswan202', 'password': 'horizon', 'salt': 'rzpmgiU5', 'md5': '715e8de7e5fb9df999a2cd380f72fa58', 'sha1': '48dcbfa40fa67cbdff45df3b0966cd1110316693', 'sha256': 'cad209301269fd5c18c2d7a6a6b423b830789212d462295cc4def6492c6b95d5'}, 'dob': {'date': '1964-10-19T23:00:41.675Z', 'age': 59}, 'registered': {'date': '2004-10-13T03:41:12.801Z', 'age': 19}, 'phone': '04-823-234', 'cell': '040-755-96-36', 'id': {'name': 'HETU', 'value': 'NaNNA290undefined'}, 'picture': {'large': 'https://randomuser.me/api/portraits/women/60.jpg', 'medium': 'https://randomuser.me/api/portraits/med/women/60.jpg', 'thumbnail': 'https://randomuser.me/api/portraits/thumb/women/60.jpg'}, 'nat': 'FI'}], 'info': {'seed': '09c6a5df24126d05', 'results': 1, 'page': 1, 'version': '1.4'}}</msg>
<arg>${json_data}</arg>
<doc>Logs the given message with the given level.</doc>
<status status="PASS" start="2024-03-27T14:13:29.612418" elapsed="0.000270"/>
</kw>
<kw name="Should Be String" owner="String">
<arg>${json_data['results'][0]['gender']}</arg>
<doc>Fails if the given ``item`` is not a string.</doc>
<status status="PASS" start="2024-03-27T14:13:29.613008" elapsed="0.000385"/>
</kw>
<kw name="Should Match Regexp" owner="BuiltIn">
<arg>${json_data['results'][0]['email']}</arg>
<arg>^[a-zA-Z0-9._%+-]+@[a-zA-Z0-9.-]+\.[a-zA-Z]{2,}$</arg>
<doc>Fails if ``string`` does not match ``pattern`` as a regular expression.</doc>
<status status="PASS" start="2024-03-27T14:13:29.613631" elapsed="0.000553"/>
</kw>
<kw name="Should Match Regexp" owner="BuiltIn">
<arg>${json_data['results'][0]['dob']['date']}</arg>
<arg>\\d{4}-\\d{2}-\\d{2}T\\d{2}:\\d{2}:\\d{2}\\.\\d{3}Z</arg>
<doc>Fails if ``string`` does not match ``pattern`` as a regular expression.</doc>
<status status="PASS" start="2024-03-27T14:13:29.614391" elapsed="0.000489"/>
</kw>
<kw name="Should Match Regexp" owner="BuiltIn">
<arg>${json_data['results'][0]['registered']['date']}</arg>
<arg>\\d{4}-\\d{2}-\\d{2}T\\d{2}:\\d{2}:\\d{2}\\.\\d{3}Z</arg>
<doc>Fails if ``string`` does not match ``pattern`` as a regular expression.</doc>
<status status="PASS" start="2024-03-27T14:13:29.615078" elapsed="0.000369"/>
</kw>
<kw name="Should Match Regexp" owner="BuiltIn">
<arg>${json_data['results'][0]['picture']['large']}</arg>
<arg>^https?://.*\.(?:png|jpe?g|gif|bmp)$</arg>
<doc>Fails if ``string`` does not match ``pattern`` as a regular expression.</doc>
<status status="PASS" start="2024-03-27T14:13:29.615636" elapsed="0.000478"/>
</kw>
<kw name="Should Match Regexp" owner="BuiltIn">
<arg>${json_data['results'][0]['picture']['medium']}</arg>
<arg>^https?://.*\.(?:png|jpe?g|gif|bmp)$</arg>
<doc>Fails if ``string`` does not match ``pattern`` as a regular expression.</doc>
<status status="PASS" start="2024-03-27T14:13:29.616306" elapsed="0.000359"/>
</kw>
<kw name="Should Match Regexp" owner="BuiltIn">
<arg>${json_data['results'][0]['picture']['thumbnail']}</arg>
<arg>^https?://.*\.(?:png|jpe?g|gif|bmp)$</arg>
<doc>Fails if ``string`` does not match ``pattern`` as a regular expression.</doc>
<status status="PASS" start="2024-03-27T14:13:29.616852" elapsed="0.000350"/>
</kw>
<kw name="Log" owner="BuiltIn">
<msg time="2024-03-27T14:13:29.617754" level="INFO">{'large': 'https://randomuser.me/api/portraits/women/60.jpg', 'medium': 'https://randomuser.me/api/portraits/med/women/60.jpg', 'thumbnail': 'https://randomuser.me/api/portraits/thumb/women/60.jpg'}</msg>
<arg>${json_data['results'][0]['picture']}</arg>
<doc>Logs the given message with the given level.</doc>
<status status="PASS" start="2024-03-27T14:13:29.617387" elapsed="0.000417"/>
</kw>
<status status="PASS" start="2024-03-27T14:13:29.509211" elapsed="0.108861"/>
</kw>
<kw name="Teste de Tipos de Dados - Postcode" owner="random-user-service">
<kw name="GET On Session" owner="RequestsLibrary">
<msg time="2024-03-27T14:13:29.712961" level="INFO">GET Request : url=https://randomuser.me/api 
 path_url=/api 
 headers={'User-Agent': 'python-requests/2.31.0', 'Accept-Encoding': 'gzip, deflate', 'Accept': '*/*', 'Connection': 'keep-alive'} 
 body=None 
 </msg>
<msg time="2024-03-27T14:13:29.713063" level="INFO">GET Response : url=https://randomuser.me/api 
 status=200, reason=OK 
 headers={'Date': 'Wed, 27 Mar 2024 14:13:29 GMT', 'Content-Type': 'application/json; charset=utf-8', 'Transfer-Encoding': 'chunked', 'Connection': 'keep-alive', 'X-Powered-By': 'Express', 'Access-Control-Allow-Origin': '*', 'Cache-Control': 'no-cache', 'ETag': 'W/"476-K15ObZAKvEj9JSzMMhCPtN7LW4s"', 'Vary': 'Accept-Encoding', 'Content-Encoding': 'gzip', 'CF-Cache-Status': 'DYNAMIC', 'Report-To': '{"endpoints":[{"url":"https:\\/\\/a.nel.cloudflare.com\\/report\\/v4?s=gojU%2FWN6XQN79rVcrktkJsZsez2XoqDf5lUoA%2B%2FTov1RbvJB77SSJPFRiUHty3NPmy4qHDBlnHkQ8%2BgY5SjapInnYSbmcQto3M8exSvc5IoP2ttkSuiU94O5XwiSlfJ1"}],"group":"cf-nel","max_age":604800}', 'NEL': '{"success_fraction":0,"report_to":"cf-nel","max_age":604800}', 'Server': 'cloudflare', 'CF-RAY': '86affb3c2f2508ae-LAX', 'alt-svc': 'h3=":443"; ma=86400'} 
 body={"results":[{"gender":"male","name":{"title":"Mr","first":"Eli","last":"Peters"},"location":{"street":{"number":41,"name":"Plum St"},"city":"Warrnambool","state":"Victoria","country":"Australia","postcode":2211,"coordinates":{"latitude":"-84.3013","longitude":"-29.6473"},"timezone":{"offset":"+2:00","description":"Kaliningrad, South Africa"}},"email":"eli.peters@example.com","login":{"uuid":"4b80afca-41fe-4a99-ae14-2527bdcf2c9a","username":"bigfish259","password":"tennesse","salt":"qe84PMJj","md5":"221ace3356f8c4d741c9760d527b32d7","sha1":"0332f26e5826295cbc2191cf14fa45065c360fa3","sha256":"abe88538edda58444a094b7ea0a7ad2872422bac9526ddca770dd609f2b80185"},"dob":{"date":"1964-11-19T22:39:07.572Z","age":59},"registered":{"date":"2005-05-14T11:50:28.435Z","age":18},"phone":"07-8791-7560","cell":"0447-694-109","id":{"name":"TFN","value":"127361111"},"picture":{"large":"https://randomuser.me/api/portraits/men/48.jpg","medium":"https://randomuser.me/api/portraits/med/men/48.jpg","thumbnail":"https://randomuser.me/api/portraits/thumb/men/48.jpg"},"nat":"AU"}],"info":{"seed":"ea9738b62c92c1e9","results":1,"page":1,"version":"1.4"}} 
 </msg>
<msg time="2024-03-27T14:13:29.713151" level="INFO">/opt/hostedtoolcache/Python/3.12.2/x64/lib/python3.12/site-packages/urllib3/connectionpool.py:1103: InsecureRequestWarning: Unverified HTTPS request is being made to host 'randomuser.me'. Adding certificate verification is strongly advised. See: https://urllib3.readthedocs.io/en/latest/advanced-usage.html#tls-warnings
  warnings.warn(</msg>
<msg time="2024-03-27T14:13:29.713283" level="INFO">${response} = &lt;Response [200]&gt;</msg>
<var>${response}</var>
<arg>consultarAPI</arg>
<arg>/api</arg>
<doc>Sends a GET request on a previously created HTTP Session.</doc>
<status status="PASS" start="2024-03-27T14:13:29.618701" elapsed="0.094624"/>
</kw>
<kw name="Set Variable" owner="BuiltIn">
<msg time="2024-03-27T14:13:29.714557" level="INFO">${json_data} = {'results': [{'gender': 'male', 'name': {'title': 'Mr', 'first': 'Eli', 'last': 'Peters'}, 'location': {'street': {'number': 41, 'name': 'Plum St'}, 'city': 'Warrnambool', 'state': 'Victoria', 'countr...</msg>
<var>${json_data}</var>
<arg>${response.json()}</arg>
<doc>Returns the given values which can then be assigned to a variables.</doc>
<status status="PASS" start="2024-03-27T14:13:29.713995" elapsed="0.000591"/>
</kw>
<kw name="Log" owner="BuiltIn">
<msg time="2024-03-27T14:13:29.715107" level="INFO">{'results': [{'gender': 'male', 'name': {'title': 'Mr', 'first': 'Eli', 'last': 'Peters'}, 'location': {'street': {'number': 41, 'name': 'Plum St'}, 'city': 'Warrnambool', 'state': 'Victoria', 'country': 'Australia', 'postcode': 2211, 'coordinates': {'latitude': '-84.3013', 'longitude': '-29.6473'}, 'timezone': {'offset': '+2:00', 'description': 'Kaliningrad, South Africa'}}, 'email': 'eli.peters@example.com', 'login': {'uuid': '4b80afca-41fe-4a99-ae14-2527bdcf2c9a', 'username': 'bigfish259', 'password': 'tennesse', 'salt': 'qe84PMJj', 'md5': '221ace3356f8c4d741c9760d527b32d7', 'sha1': '0332f26e5826295cbc2191cf14fa45065c360fa3', 'sha256': 'abe88538edda58444a094b7ea0a7ad2872422bac9526ddca770dd609f2b80185'}, 'dob': {'date': '1964-11-19T22:39:07.572Z', 'age': 59}, 'registered': {'date': '2005-05-14T11:50:28.435Z', 'age': 18}, 'phone': '07-8791-7560', 'cell': '0447-694-109', 'id': {'name': 'TFN', 'value': '127361111'}, 'picture': {'large': 'https://randomuser.me/api/portraits/men/48.jpg', 'medium': 'https://randomuser.me/api/portraits/med/men/48.jpg', 'thumbnail': 'https://randomuser.me/api/portraits/thumb/men/48.jpg'}, 'nat': 'AU'}], 'info': {'seed': 'ea9738b62c92c1e9', 'results': 1, 'page': 1, 'version': '1.4'}}</msg>
<arg>${json_data}</arg>
<doc>Logs the given message with the given level.</doc>
<status status="PASS" start="2024-03-27T14:13:29.714936" elapsed="0.000260"/>
</kw>
<kw name="Should Be Equal As Numbers" owner="BuiltIn">
<arg>${json_data['results'][0]['location']['postcode']}</arg>
<arg>${json_data['results'][0]['location']['postcode']}</arg>
<doc>Fails if objects are unequal after converting them to real numbers.</doc>
<status status="PASS" start="2024-03-27T14:13:29.715526" elapsed="0.000668"/>
</kw>
<kw name="Log" owner="BuiltIn">
<msg time="2024-03-27T14:13:29.716743" level="INFO">2211</msg>
<arg>${json_data['results'][0]['location']['postcode']}</arg>
<doc>Logs the given message with the given level.</doc>
<status status="PASS" start="2024-03-27T14:13:29.716400" elapsed="0.000385"/>
</kw>
<status status="PASS" start="2024-03-27T14:13:29.618305" elapsed="0.098745"/>
</kw>
<doc>Testa se os tipos de dados na resposta da API estão corretos.</doc>
<tag>testeTiposDados</tag>
<status status="PASS" start="2024-03-27T14:13:29.508659" elapsed="0.208569"/>
</test>
<test id="s1-s1-t5" name="Validar conteudo" line="35">
<kw name="Teste de Tipos de Conteudo" owner="random-user-service">
<kw name="GET On Session" owner="RequestsLibrary">
<msg time="2024-03-27T14:13:30.027733" level="INFO">GET Request : url=https://randomuser.me/api 
 path_url=/api 
 headers={'User-Agent': 'python-requests/2.31.0', 'Accept-Encoding': 'gzip, deflate', 'Accept': '*/*', 'Connection': 'keep-alive'} 
 body=None 
 </msg>
<msg time="2024-03-27T14:13:30.027836" level="INFO">GET Response : url=https://randomuser.me/api 
 status=200, reason=OK 
 headers={'Date': 'Wed, 27 Mar 2024 14:13:30 GMT', 'Content-Type': 'application/json; charset=utf-8', 'Transfer-Encoding': 'chunked', 'Connection': 'keep-alive', 'X-Powered-By': 'Express', 'Access-Control-Allow-Origin': '*', 'Cache-Control': 'no-cache', 'ETag': 'W/"481-Ee11HPOW5wDBsCVFqe+FDS61S+Y"', 'Vary': 'Accept-Encoding', 'Content-Encoding': 'gzip', 'CF-Cache-Status': 'DYNAMIC', 'Report-To': '{"endpoints":[{"url":"https:\\/\\/a.nel.cloudflare.com\\/report\\/v4?s=XMLPZgdOuzHU2JDMj3s5AC1QBAu2MB8m69eHc5piD0bE4r3vXxMTx72IL4bhh2e30n1CJzJpaTDlCdDk%2F2cLaRxHoV1MvgwLZVOcTtxwl%2FXIGLPO8PY0YI5mfl5Lozsm"}],"group":"cf-nel","max_age":604800}', 'NEL': '{"success_fraction":0,"report_to":"cf-nel","max_age":604800}', 'Server': 'cloudflare', 'CF-RAY': '86affb3cc82008ae-LAX', 'alt-svc': 'h3=":443"; ma=86400'} 
 body={"results":[{"gender":"male","name":{"title":"Mr","first":"Kelly","last":"Cole"},"location":{"street":{"number":8589,"name":"Woodlawn Avenue"},"city":"Kildare","state":"Carlow","country":"Ireland","postcode":58369,"coordinates":{"latitude":"-1.1142","longitude":"-72.8798"},"timezone":{"offset":"+5:30","description":"Bombay, Calcutta, Madras, New Delhi"}},"email":"kelly.cole@example.com","login":{"uuid":"92bdf708-de46-4427-beef-b52f78f89c53","username":"whitezebra731","password":"talon","salt":"Z4pAskDT","md5":"ce1495e3bd0e9e3374582e34a5dd0da9","sha1":"014424ab14a52bf89e8d1ce489a48cd11c03a6b4","sha256":"37d79c6c208cb674fbf9cd26b0b95fe87f73d8f8e82b5b603b3560a8455bd13b"},"dob":{"date":"1963-11-25T16:19:22.907Z","age":60},"registered":{"date":"2005-07-27T12:58:12.112Z","age":18},"phone":"041-595-6732","cell":"081-487-4457","id":{"name":"PPS","value":"5313474T"},"picture":{"large":"https://randomuser.me/api/portraits/men/95.jpg","medium":"https://randomuser.me/api/portraits/med/men/95.jpg","thumbnail":"https://randomuser.me/api/portraits/thumb/men/95.jpg"},"nat":"IE"}],"info":{"seed":"399f6ce8bd1f9691","results":1,"page":1,"version":"1.4"}} 
 </msg>
<msg time="2024-03-27T14:13:30.027908" level="INFO">/opt/hostedtoolcache/Python/3.12.2/x64/lib/python3.12/site-packages/urllib3/connectionpool.py:1103: InsecureRequestWarning: Unverified HTTPS request is being made to host 'randomuser.me'. Adding certificate verification is strongly advised. See: https://urllib3.readthedocs.io/en/latest/advanced-usage.html#tls-warnings
  warnings.warn(</msg>
<msg time="2024-03-27T14:13:30.028041" level="INFO">${response} = &lt;Response [200]&gt;</msg>
<var>${response}</var>
<arg>consultarAPI</arg>
<arg>/api</arg>
<doc>Sends a GET request on a previously created HTTP Session.</doc>
<status status="PASS" start="2024-03-27T14:13:29.719859" elapsed="0.308223"/>
</kw>
<kw name="Set Variable" owner="BuiltIn">
<msg time="2024-03-27T14:13:30.029352" level="INFO">${json_data} = {'results': [{'gender': 'male', 'name': {'title': 'Mr', 'first': 'Kelly', 'last': 'Cole'}, 'location': {'street': {'number': 8589, 'name': 'Woodlawn Avenue'}, 'city': 'Kildare', 'state': 'Carlow', 'co...</msg>
<var>${json_data}</var>
<arg>${response.json()}</arg>
<doc>Returns the given values which can then be assigned to a variables.</doc>
<status status="PASS" start="2024-03-27T14:13:30.028775" elapsed="0.000607"/>
</kw>
<kw name="Set Variable" owner="BuiltIn">
<msg time="2024-03-27T14:13:30.030144" level="INFO">${name_title} = Mr</msg>
<var>${name_title}</var>
<arg>${json_data["results"][0]["name"]["title"]}</arg>
<doc>Returns the given values which can then be assigned to a variables.</doc>
<status status="PASS" start="2024-03-27T14:13:30.029735" elapsed="0.000435"/>
</kw>
<kw name="Create List" owner="BuiltIn">
<msg time="2024-03-27T14:13:30.030636" level="INFO">${allowed_titles} = ['Mr', 'Ms', 'Miss', 'Mrs', 'Madame', 'Monsieur']</msg>
<var>${allowed_titles}</var>
<arg>Mr</arg>
<arg>Ms</arg>
<arg>Miss</arg>
<arg>Mrs</arg>
<arg>Madame</arg>
<arg>Monsieur</arg>
<doc>Returns a list containing given items.</doc>
<status status="PASS" start="2024-03-27T14:13:30.030481" elapsed="0.000181"/>
</kw>
<kw name="List Should Contain Value" owner="Collections">
<msg time="2024-03-27T14:13:30.031157" level="INFO">False</msg>
<arg>${allowed_titles}</arg>
<arg>${name_title}</arg>
<doc>Fails if the ``value`` is not found from ``list``.</doc>
<status status="PASS" start="2024-03-27T14:13:30.030975" elapsed="0.000222"/>
</kw>
<kw name="Set Variable" owner="BuiltIn">
<msg time="2024-03-27T14:13:30.031871" level="INFO">${name_country} = IE</msg>
<var>${name_country}</var>
<arg>${json_data["results"][0]["nat"]}</arg>
<doc>Returns the given values which can then be assigned to a variables.</doc>
<status status="PASS" start="2024-03-27T14:13:30.031495" elapsed="0.000401"/>
</kw>
<kw name="Create List" owner="BuiltIn">
<msg time="2024-03-27T14:13:30.032813" level="INFO">${list_country} = ['AD', 'AE', 'AF', 'AG', 'AI', 'AL', 'AM', 'AO', 'AQ', 'AR', 'AS', 'AT', 'AU', 'AW', 'AX', 'AZ', 'BA', 'BB', 'BD', 'BE', 'BF', 'BG', 'BH', 'BI', 'BJ', 'BL', 'BM', 'BN', 'BO', 'BQ', 'BR', 'BS', 'BT', '...</msg>
<var>${list_country}</var>
<arg>AD</arg>
<arg>AE</arg>
<arg>AF</arg>
<arg>AG</arg>
<arg>AI</arg>
<arg>AL</arg>
<arg>AM</arg>
<arg>AO</arg>
<arg>AQ</arg>
<arg>AR</arg>
<arg>AS</arg>
<arg>AT</arg>
<arg>AU</arg>
<arg>AW</arg>
<arg>AX</arg>
<arg>AZ</arg>
<arg>BA</arg>
<arg>BB</arg>
<arg>BD</arg>
<arg>BE</arg>
<arg>BF</arg>
<arg>BG</arg>
<arg>BH</arg>
<arg>BI</arg>
<arg>BJ</arg>
<arg>BL</arg>
<arg>BM</arg>
<arg>BN</arg>
<arg>BO</arg>
<arg>BQ</arg>
<arg>BR</arg>
<arg>BS</arg>
<arg>BT</arg>
<arg>BV</arg>
<arg>BW</arg>
<arg>BY</arg>
<arg>BZ</arg>
<arg>CA</arg>
<arg>CC</arg>
<arg>CD</arg>
<arg>CF</arg>
<arg>CG</arg>
<arg>CH</arg>
<arg>CI</arg>
<arg>CK</arg>
<arg>CL</arg>
<arg>CM</arg>
<arg>CN</arg>
<arg>CO</arg>
<arg>CR</arg>
<arg>CU</arg>
<arg>CV</arg>
<arg>CW</arg>
<arg>CX</arg>
<arg>CY</arg>
<arg>CZ</arg>
<arg>DE</arg>
<arg>DJ</arg>
<arg>DK</arg>
<arg>DM</arg>
<arg>DO</arg>
<arg>DZ</arg>
<arg>EC</arg>
<arg>EE</arg>
<arg>EG</arg>
<arg>EH</arg>
<arg>ER</arg>
<arg>ES</arg>
<arg>ET</arg>
<arg>FI</arg>
<arg>FJ</arg>
<arg>FK</arg>
<arg>FM</arg>
<arg>FO</arg>
<arg>FR</arg>
<arg>GA</arg>
<arg>GB</arg>
<arg>GD</arg>
<arg>GE</arg>
<arg>GF</arg>
<arg>GG</arg>
<arg>GH</arg>
<arg>GI</arg>
<arg>GL</arg>
<arg>GM</arg>
<arg>GN</arg>
<arg>GP</arg>
<arg>GQ</arg>
<arg>GR</arg>
<arg>GS</arg>
<arg>GT</arg>
<arg>GU</arg>
<arg>GW</arg>
<arg>GY</arg>
<arg>HK</arg>
<arg>HM</arg>
<arg>HN</arg>
<arg>HR</arg>
<arg>HT</arg>
<arg>HU</arg>
<arg>ID</arg>
<arg>IE</arg>
<arg>IL</arg>
<arg>IM</arg>
<arg>IN</arg>
<arg>IO</arg>
<arg>IQ</arg>
<arg>IR</arg>
<arg>IS</arg>
<arg>IT</arg>
<arg>JE</arg>
<arg>JM</arg>
<arg>JO</arg>
<arg>JP</arg>
<arg>KE</arg>
<arg>KG</arg>
<arg>KH</arg>
<arg>KI</arg>
<arg>KM</arg>
<arg>KN</arg>
<arg>KP</arg>
<arg>KR</arg>
<arg>KW</arg>
<arg>KY</arg>
<arg>KZ</arg>
<arg>LA</arg>
<arg>LB</arg>
<arg>LC</arg>
<arg>LI</arg>
<arg>LK</arg>
<arg>LR</arg>
<arg>LS</arg>
<arg>LT</arg>
<arg>LU</arg>
<arg>LV</arg>
<arg>LY</arg>
<arg>MA</arg>
<arg>MC</arg>
<arg>MD</arg>
<arg>ME</arg>
<arg>MF</arg>
<arg>MG</arg>
<arg>MH</arg>
<arg>MK</arg>
<arg>ML</arg>
<arg>MM</arg>
<arg>MN</arg>
<arg>MO</arg>
<arg>MP</arg>
<arg>MQ</arg>
<arg>MR</arg>
<arg>MS</arg>
<arg>MT</arg>
<arg>MU</arg>
<arg>MV</arg>
<arg>MW</arg>
<arg>MX</arg>
<arg>MY</arg>
<arg>MZ</arg>
<arg>NA</arg>
<arg>NC</arg>
<arg>NE</arg>
<arg>NF</arg>
<arg>NG</arg>
<arg>NI</arg>
<arg>NL</arg>
<arg>NO</arg>
<arg>NP</arg>
<arg>NR</arg>
<arg>NU</arg>
<arg>NZ</arg>
<arg>OM</arg>
<arg>PA</arg>
<arg>PE</arg>
<arg>PF</arg>
<arg>PG</arg>
<arg>PH</arg>
<arg>PK</arg>
<arg>PL</arg>
<arg>PM</arg>
<arg>PN</arg>
<arg>PR</arg>
<arg>PS</arg>
<arg>PT</arg>
<arg>PW</arg>
<arg>PY</arg>
<arg>QA</arg>
<arg>RE</arg>
<arg>RO</arg>
<arg>RS</arg>
<arg>RU</arg>
<arg>RW</arg>
<arg>SA</arg>
<arg>SB</arg>
<arg>SC</arg>
<arg>SD</arg>
<arg>SE</arg>
<arg>SG</arg>
<arg>SH</arg>
<arg>SI</arg>
<arg>SJ</arg>
<arg>SK</arg>
<arg>SL</arg>
<arg>SM</arg>
<arg>SN</arg>
<arg>SO</arg>
<arg>SR</arg>
<arg>SS</arg>
<arg>ST</arg>
<arg>SV</arg>
<arg>SX</arg>
<arg>SY</arg>
<arg>SZ</arg>
<arg>TC</arg>
<arg>TD</arg>
<arg>TF</arg>
<arg>TG</arg>
<arg>TH</arg>
<arg>TJ</arg>
<arg>TK</arg>
<arg>TL</arg>
<arg>TM</arg>
<arg>TN</arg>
<arg>TO</arg>
<arg>TR</arg>
<arg>TT</arg>
<arg>TV</arg>
<arg>TW</arg>
<arg>TZ</arg>
<arg>UA</arg>
<arg>UG</arg>
<arg>UM</arg>
<arg>US</arg>
<arg>UY</arg>
<arg>UZ</arg>
<arg>VA</arg>
<arg>VC</arg>
<arg>VE</arg>
<arg>VG</arg>
<arg>VI</arg>
<arg>VN</arg>
<arg>VU</arg>
<arg>WF</arg>
<arg>WS</arg>
<arg>XK</arg>
<arg>YE</arg>
<arg>YT</arg>
<arg>ZA</arg>
<arg>ZM</arg>
<arg>ZW</arg>
<doc>Returns a list containing given items.</doc>
<status status="PASS" start="2024-03-27T14:13:30.032208" elapsed="0.000632"/>
</kw>
<kw name="List Should Contain Value" owner="Collections">
<msg time="2024-03-27T14:13:30.034036" level="INFO">False</msg>
<arg>${list_country}</arg>
<arg>${name_country}</arg>
<doc>Fails if the ``value`` is not found from ``list``.</doc>
<status status="PASS" start="2024-03-27T14:13:30.033825" elapsed="0.000249"/>
</kw>
<kw name="Run Keyword If" owner="BuiltIn">
<kw name="Should Be True" owner="BuiltIn">
<arg>${True}</arg>
<doc>Fails if the given condition is not true.</doc>
<status status="PASS" start="2024-03-27T14:13:30.035163" elapsed="0.000147"/>
</kw>
<arg>${json_data["results"][0]["location"]["coordinates"]["latitude"]} &gt;= -90 and ${json_data["results"][0]["location"]["coordinates"]["latitude"]} &lt;= 90</arg>
<arg>Should Be True</arg>
<arg>${True}</arg>
<doc>Runs the given keyword with the given arguments, if ``condition`` is true.</doc>
<status status="PASS" start="2024-03-27T14:13:30.034396" elapsed="0.001045"/>
</kw>
<kw name="Run Keyword If" owner="BuiltIn">
<kw name="Should Be True" owner="BuiltIn">
<arg>${True}</arg>
<doc>Fails if the given condition is not true.</doc>
<status status="PASS" start="2024-03-27T14:13:30.036348" elapsed="0.000140"/>
</kw>
<arg>${json_data["results"][0]["location"]["coordinates"]["longitude"]} &gt;= -180 and ${json_data["results"][0]["location"]["coordinates"]["longitude"]} &lt;= 180</arg>
<arg>Should Be True</arg>
<arg>${True}</arg>
<doc>Runs the given keyword with the given arguments, if ``condition`` is true.</doc>
<status status="PASS" start="2024-03-27T14:13:30.035629" elapsed="0.000985"/>
</kw>
<status status="PASS" start="2024-03-27T14:13:29.719621" elapsed="0.317128"/>
</kw>
<doc>Testa o conteúdo específico dos campos retornados pela API.</doc>
<tag>testeConteudo</tag>
<status status="PASS" start="2024-03-27T14:13:29.719064" elapsed="0.317846"/>
</test>
<status status="PASS" start="2024-03-27T14:13:28.890669" elapsed="1.148275"/>
</suite>
<status status="PASS" start="2024-03-27T14:13:28.876764" elapsed="1.167652"/>
</suite>
<statistics>
<total>
<stat pass="5" fail="0" skip="0">All Tests</stat>
</total>
<tag>
<stat pass="1" fail="0" skip="0">testeConteudo</stat>
<stat pass="1" fail="0" skip="0">testeEstruturaResposta</stat>
<stat pass="1" fail="0" skip="0">testeRequisicaoBasica</stat>
<stat pass="1" fail="0" skip="0">testeTiposDados</stat>
</tag>
<suite>
<stat pass="5" fail="0" skip="0" id="s1" name="Tests">Tests</stat>
<stat pass="5" fail="0" skip="0" id="s1-s1" name="Random-User-Test">Tests.Random-User-Test</stat>
</suite>
</statistics>
<errors>
</errors>
</robot>
