<?xml version="1.0" encoding="UTF-8"?>
<robot generator="Robot 7.0.1 (Python 3.12.4 on linux)" generated="2024-08-02T16:18:46.565268" rpa="false" schemaversion="5">
<suite id="s1" name="Tests" source="/home/runner/work/ApiRandomUser/ApiRandomUser/RamdonUser/tests">
<suite id="s1-s1" name="Random-User-Test" source="/home/runner/work/ApiRandomUser/ApiRandomUser/RamdonUser/tests/random-user-test.robot">
<test id="s1-s1-t1" name="Conectar" line="13">
<kw name="Conectar API" owner="random-user-service">
<kw name="Create Session" owner="RequestsLibrary">
<msg time="2024-08-02T16:18:46.996936" level="INFO">Creating Session using : alias=consultarAPI, url=https://randomuser.me/, headers={},                     cookies={}, auth=None, timeout=None, proxies=None, verify=False,                     debug=0 </msg>
<arg>consultarAPI</arg>
<arg>${URL}</arg>
<doc>Create Session: create a HTTP session to a server</doc>
<status status="PASS" start="2024-08-02T16:18:46.996718" elapsed="0.000420"/>
</kw>
<status status="PASS" start="2024-08-02T16:18:46.995504" elapsed="0.002019"/>
</kw>
<status status="PASS" start="2024-08-02T16:18:46.994823" elapsed="0.002939"/>
</test>
<test id="s1-s1-t2" name="Validar retorno 200 e JSON Válido" line="16">
<kw name="Teste de Requisicao Basica" owner="random-user-service">
<kw name="GET On Session" owner="RequestsLibrary">
<msg time="2024-08-02T16:18:47.214953" level="INFO">GET Request : url=https://randomuser.me/api 
 path_url=/api 
 headers={'User-Agent': 'python-requests/2.32.3', 'Accept-Encoding': 'gzip, deflate', 'Accept': '*/*', 'Connection': 'keep-alive'} 
 body=None 
 </msg>
<msg time="2024-08-02T16:18:47.215138" level="INFO">GET Response : url=https://randomuser.me/api 
 status=200, reason=OK 
 headers={'Date': 'Fri, 02 Aug 2024 16:18:47 GMT', 'Content-Type': 'application/json; charset=utf-8', 'Transfer-Encoding': 'chunked', 'Connection': 'keep-alive', 'X-Powered-By': 'Express', 'Access-Control-Allow-Origin': '*', 'Cache-Control': 'no-cache', 'ETag': 'W/"47d-6gQrKOaEwla7ddaFtVbM0iOQCxg"', 'Vary': 'Accept-Encoding', 'Content-Encoding': 'gzip', 'CF-Cache-Status': 'DYNAMIC', 'Report-To': '{"endpoints":[{"url":"https:\\/\\/a.nel.cloudflare.com\\/report\\/v4?s=yE%2BprSAencP9EC7GtLmPncxhpHVE0eZ%2F3i22yv%2FKhWp9rpXBblppsAmU8SmGlwS6AInwMRS%2FEuwqr0s285UA0fMxdoP7e%2FCDVnUpmRnb7esyr0hKeRBE3P6zpsWq67ps"}],"group":"cf-nel","max_age":604800}', 'NEL': '{"success_fraction":0,"report_to":"cf-nel","max_age":604800}', 'Server': 'cloudflare', 'CF-RAY': '8acf62c3fb5d7ab6-SJC', 'alt-svc': 'h3=":443"; ma=86400'} 
 body={"results":[{"gender":"female","name":{"title":"Madame","first":"Alisha","last":"Dumas"},"location":{"street":{"number":3392,"name":"Rue Dumenge"},"city":"Triengen","state":"Valais","country":"Switzerland","postcode":1106,"coordinates":{"latitude":"-61.6708","longitude":"78.6864"},"timezone":{"offset":"+4:30","description":"Kabul"}},"email":"alisha.dumas@example.com","login":{"uuid":"037a5ddd-30e0-4d3b-9d1b-9d1ebb0b850d","username":"sadmeercat850","password":"autumn","salt":"b7d1pRJ1","md5":"4beb81ce51cf9cb0ad337d26d590c6db","sha1":"0e441d28bdd9e51178409226d52f4fab76245ff9","sha256":"6b2d159073883865fca0493ecd1cb21bb630ee0998b3d68fe5f60c30e0e2ac7b"},"dob":{"date":"1948-03-14T08:13:25.430Z","age":76},"registered":{"date":"2020-06-22T23:09:02.420Z","age":4},"phone":"078 530 89 77","cell":"077 337 15 82","id":{"name":"AVS","value":"756.0033.5339.16"},"picture":{"large":"https://randomuser.me/api/portraits/women/67.jpg","medium":"https://randomuser.me/api/portraits/med/women/67.jpg","thumbnail":"https://randomuser.me/api/portraits/thumb/women/67.jpg"},"nat":"CH"}],"info":{"seed":"1f0e265f194a638d","results":1,"page":1,"version":"1.4"}} 
 </msg>
<msg time="2024-08-02T16:18:47.215240" level="INFO">/opt/hostedtoolcache/Python/3.12.4/x64/lib/python3.12/site-packages/urllib3/connectionpool.py:1099: InsecureRequestWarning: Unverified HTTPS request is being made to host 'randomuser.me'. Adding certificate verification is strongly advised. See: https://urllib3.readthedocs.io/en/latest/advanced-usage.html#tls-warnings
  warnings.warn(</msg>
<msg time="2024-08-02T16:18:47.215389" level="INFO">${response} = &lt;Response [200]&gt;</msg>
<var>${response}</var>
<arg>consultarAPI</arg>
<arg>/api</arg>
<doc>Sends a GET request on a previously created HTTP Session.</doc>
<status status="PASS" start="2024-08-02T16:18:47.000631" elapsed="0.214797"/>
</kw>
<kw name="Should Be Equal As Numbers" owner="BuiltIn">
<msg time="2024-08-02T16:18:47.216561" level="INFO">Argument types are:
&lt;class 'int'&gt;
&lt;class 'str'&gt;</msg>
<arg>${response.status_code}</arg>
<arg>200</arg>
<doc>Fails if objects are unequal after converting them to real numbers.</doc>
<status status="PASS" start="2024-08-02T16:18:47.216057" elapsed="0.000576"/>
</kw>
<kw name="Log" owner="BuiltIn">
<msg time="2024-08-02T16:18:47.217433" level="INFO">200</msg>
<arg>${response.status_code}</arg>
<doc>Logs the given message with the given level.</doc>
<status status="PASS" start="2024-08-02T16:18:47.217025" elapsed="0.000467"/>
</kw>
<kw name="Set Variable" owner="BuiltIn">
<msg time="2024-08-02T16:18:47.218313" level="INFO">${json_data} = {'results': [{'gender': 'female', 'name': {'title': 'Madame', 'first': 'Alisha', 'last': 'Dumas'}, 'location': {'street': {'number': 3392, 'name': 'Rue Dumenge'}, 'city': 'Triengen', 'state': 'Valais'...</msg>
<var>${json_data}</var>
<arg>${response.json()}</arg>
<doc>Returns the given values which can then be assigned to a variables.</doc>
<status status="PASS" start="2024-08-02T16:18:47.217842" elapsed="0.000500"/>
</kw>
<kw name="Dictionary Should Contain Key" owner="Collections">
<arg>${json_data}</arg>
<arg>results</arg>
<doc>Fails if ``key`` is not found from ``dictionary``.</doc>
<status status="PASS" start="2024-08-02T16:18:47.218682" elapsed="0.000370"/>
</kw>
<status status="PASS" start="2024-08-02T16:18:47.000359" elapsed="0.218857"/>
</kw>
<doc>Testa se a API responde corretamente e retorna um objeto JSON válido.</doc>
<tag>testeRequisicaoBasica</tag>
<status status="PASS" start="2024-08-02T16:18:46.999751" elapsed="0.219650"/>
</test>
<test id="s1-s1-t3" name="Validar estrutura de resposta" line="22">
<kw name="Teste de Estrutura de Resposta" owner="random-user-service">
<kw name="GET On Session" owner="RequestsLibrary">
<msg time="2024-08-02T16:18:47.339992" level="INFO">GET Request : url=https://randomuser.me/api 
 path_url=/api 
 headers={'User-Agent': 'python-requests/2.32.3', 'Accept-Encoding': 'gzip, deflate', 'Accept': '*/*', 'Connection': 'keep-alive'} 
 body=None 
 </msg>
<msg time="2024-08-02T16:18:47.340094" level="INFO">GET Response : url=https://randomuser.me/api 
 status=200, reason=OK 
 headers={'Date': 'Fri, 02 Aug 2024 16:18:47 GMT', 'Content-Type': 'application/json; charset=utf-8', 'Transfer-Encoding': 'chunked', 'Connection': 'keep-alive', 'X-Powered-By': 'Express', 'Access-Control-Allow-Origin': '*', 'Cache-Control': 'no-cache', 'ETag': 'W/"486-LnI35y6+KlAb+RkaJ6T7yF86yYI"', 'Vary': 'Accept-Encoding', 'Content-Encoding': 'gzip', 'CF-Cache-Status': 'DYNAMIC', 'Report-To': '{"endpoints":[{"url":"https:\\/\\/a.nel.cloudflare.com\\/report\\/v4?s=nm6xinlMCB5t%2F%2Bso0bVZfAHADAfmHueoOzfINWAffehDYOMHMD8fkrnBLkGJSoBGA7k4vBPV6W4md%2Bfna0gzaC03zFm%2BhcFHbF44fgAoy2T6AuiF%2B5GPSZE2tLHJqDsq"}],"group":"cf-nel","max_age":604800}', 'NEL': '{"success_fraction":0,"report_to":"cf-nel","max_age":604800}', 'Server': 'cloudflare', 'CF-RAY': '8acf62c52c617ab6-SJC', 'alt-svc': 'h3=":443"; ma=86400'} 
 body={"results":[{"gender":"male","name":{"title":"Mr","first":"Anton","last":"Andersen"},"location":{"street":{"number":2983,"name":"Skolevænget"},"city":"København Sv","state":"Syddanmark","country":"Denmark","postcode":54253,"coordinates":{"latitude":"-43.9988","longitude":"-93.0932"},"timezone":{"offset":"-7:00","description":"Mountain Time (US &amp; Canada)"}},"email":"anton.andersen@example.com","login":{"uuid":"1024b7f7-56c7-4ec6-a290-800398c610d9","username":"organicbird577","password":"boobed","salt":"xzVD4Yyl","md5":"7812ae31b545c378361ecf3a8a28d4e2","sha1":"693c1829d1e52a8211e6b9e4f75c833c454ad878","sha256":"f58ef9764b01393998a256fa933b797bfd5d900009105558acea117dbe6313d5"},"dob":{"date":"1946-02-25T06:05:37.236Z","age":78},"registered":{"date":"2002-09-05T13:42:36.370Z","age":21},"phone":"55731085","cell":"51959292","id":{"name":"CPR","value":"250246-2797"},"picture":{"large":"https://randomuser.me/api/portraits/men/23.jpg","medium":"https://randomuser.me/api/portraits/med/men/23.jpg","thumbnail":"https://randomuser.me/api/portraits/thumb/men/23.jpg"},"nat":"DK"}],"info":{"seed":"f6aead93c6b9061b","results":1,"page":1,"version":"1.4"}} 
 </msg>
<msg time="2024-08-02T16:18:47.340229" level="INFO">/opt/hostedtoolcache/Python/3.12.4/x64/lib/python3.12/site-packages/urllib3/connectionpool.py:1099: InsecureRequestWarning: Unverified HTTPS request is being made to host 'randomuser.me'. Adding certificate verification is strongly advised. See: https://urllib3.readthedocs.io/en/latest/advanced-usage.html#tls-warnings
  warnings.warn(</msg>
<msg time="2024-08-02T16:18:47.340356" level="INFO">${response} = &lt;Response [200]&gt;</msg>
<var>${response}</var>
<arg>consultarAPI</arg>
<arg>/api</arg>
<doc>Sends a GET request on a previously created HTTP Session.</doc>
<status status="PASS" start="2024-08-02T16:18:47.222152" elapsed="0.118233"/>
</kw>
<kw name="Set Variable" owner="BuiltIn">
<msg time="2024-08-02T16:18:47.341475" level="INFO">${json_data} = {'results': [{'gender': 'male', 'name': {'title': 'Mr', 'first': 'Anton', 'last': 'Andersen'}, 'location': {'street': {'number': 2983, 'name': 'Skolevænget'}, 'city': 'København Sv', 'state': 'Syddanm...</msg>
<var>${json_data}</var>
<arg>${response.json()}</arg>
<doc>Returns the given values which can then be assigned to a variables.</doc>
<status status="PASS" start="2024-08-02T16:18:47.340937" elapsed="0.000568"/>
</kw>
<kw name="Log" owner="BuiltIn">
<msg time="2024-08-02T16:18:47.341997" level="INFO">{'results': [{'gender': 'male', 'name': {'title': 'Mr', 'first': 'Anton', 'last': 'Andersen'}, 'location': {'street': {'number': 2983, 'name': 'Skolevænget'}, 'city': 'København Sv', 'state': 'Syddanmark', 'country': 'Denmark', 'postcode': 54253, 'coordinates': {'latitude': '-43.9988', 'longitude': '-93.0932'}, 'timezone': {'offset': '-7:00', 'description': 'Mountain Time (US &amp; Canada)'}}, 'email': 'anton.andersen@example.com', 'login': {'uuid': '1024b7f7-56c7-4ec6-a290-800398c610d9', 'username': 'organicbird577', 'password': 'boobed', 'salt': 'xzVD4Yyl', 'md5': '7812ae31b545c378361ecf3a8a28d4e2', 'sha1': '693c1829d1e52a8211e6b9e4f75c833c454ad878', 'sha256': 'f58ef9764b01393998a256fa933b797bfd5d900009105558acea117dbe6313d5'}, 'dob': {'date': '1946-02-25T06:05:37.236Z', 'age': 78}, 'registered': {'date': '2002-09-05T13:42:36.370Z', 'age': 21}, 'phone': '55731085', 'cell': '51959292', 'id': {'name': 'CPR', 'value': '250246-2797'}, 'picture': {'large': 'https://randomuser.me/api/portraits/men/23.jpg', 'medium': 'https://randomuser.me/api/portraits/med/men/23.jpg', 'thumbnail': 'https://randomuser.me/api/portraits/thumb/men/23.jpg'}, 'nat': 'DK'}], 'info': {'seed': 'f6aead93c6b9061b', 'results': 1, 'page': 1, 'version': '1.4'}}</msg>
<arg>${json_data}</arg>
<doc>Logs the given message with the given level.</doc>
<status status="PASS" start="2024-08-02T16:18:47.341825" elapsed="0.000223"/>
</kw>
<kw name="Dictionary Should Contain Key" owner="Collections">
<arg>${json_data}</arg>
<arg>results</arg>
<doc>Fails if ``key`` is not found from ``dictionary``.</doc>
<status status="PASS" start="2024-08-02T16:18:47.342340" elapsed="0.000163"/>
</kw>
<kw name="Should Not Be Empty" owner="BuiltIn">
<msg time="2024-08-02T16:18:47.342831" level="INFO">Length is 2.</msg>
<arg>${json_data}</arg>
<doc>Verifies that the given item is not empty.</doc>
<status status="PASS" start="2024-08-02T16:18:47.342690" elapsed="0.000178"/>
</kw>
<kw name="Create List" owner="BuiltIn">
<msg time="2024-08-02T16:18:47.343308" level="INFO">${expected_keys} = ['gender', 'name', 'location', 'email', 'login']</msg>
<var>${expected_keys}</var>
<arg>gender</arg>
<arg>name</arg>
<arg>location</arg>
<arg>email</arg>
<arg>login</arg>
<doc>Returns a list containing given items.</doc>
<status status="PASS" start="2024-08-02T16:18:47.343158" elapsed="0.000173"/>
</kw>
<for flavor="IN">
<iter>
<kw name="Dictionary Should Contain Key" owner="Collections">
<arg>${json_data['results'][0]}</arg>
<arg>${key}</arg>
<doc>Fails if ``key`` is not found from ``dictionary``.</doc>
<status status="PASS" start="2024-08-02T16:18:47.343958" elapsed="0.000404"/>
</kw>
<kw name="Log" owner="BuiltIn">
<msg time="2024-08-02T16:18:47.344916" level="INFO">{'gender': 'male', 'name': {'title': 'Mr', 'first': 'Anton', 'last': 'Andersen'}, 'location': {'street': {'number': 2983, 'name': 'Skolevænget'}, 'city': 'København Sv', 'state': 'Syddanmark', 'country': 'Denmark', 'postcode': 54253, 'coordinates': {'latitude': '-43.9988', 'longitude': '-93.0932'}, 'timezone': {'offset': '-7:00', 'description': 'Mountain Time (US &amp; Canada)'}}, 'email': 'anton.andersen@example.com', 'login': {'uuid': '1024b7f7-56c7-4ec6-a290-800398c610d9', 'username': 'organicbird577', 'password': 'boobed', 'salt': 'xzVD4Yyl', 'md5': '7812ae31b545c378361ecf3a8a28d4e2', 'sha1': '693c1829d1e52a8211e6b9e4f75c833c454ad878', 'sha256': 'f58ef9764b01393998a256fa933b797bfd5d900009105558acea117dbe6313d5'}, 'dob': {'date': '1946-02-25T06:05:37.236Z', 'age': 78}, 'registered': {'date': '2002-09-05T13:42:36.370Z', 'age': 21}, 'phone': '55731085', 'cell': '51959292', 'id': {'name': 'CPR', 'value': '250246-2797'}, 'picture': {'large': 'https://randomuser.me/api/portraits/men/23.jpg', 'medium': 'https://randomuser.me/api/portraits/med/men/23.jpg', 'thumbnail': 'https://randomuser.me/api/portraits/thumb/men/23.jpg'}, 'nat': 'DK'}</msg>
<arg>${json_data['results'][0]}</arg>
<doc>Logs the given message with the given level.</doc>
<status status="PASS" start="2024-08-02T16:18:47.344544" elapsed="0.000447"/>
</kw>
<kw name="Log" owner="BuiltIn">
<msg time="2024-08-02T16:18:47.345445" level="INFO">gender</msg>
<arg>${key}</arg>
<doc>Logs the given message with the given level.</doc>
<status status="PASS" start="2024-08-02T16:18:47.345314" elapsed="0.000170"/>
</kw>
<var name="${key}">gender</var>
<status status="PASS" start="2024-08-02T16:18:47.343829" elapsed="0.001871"/>
</iter>
<iter>
<kw name="Dictionary Should Contain Key" owner="Collections">
<arg>${json_data['results'][0]}</arg>
<arg>${key}</arg>
<doc>Fails if ``key`` is not found from ``dictionary``.</doc>
<status status="PASS" start="2024-08-02T16:18:47.345996" elapsed="0.000387"/>
</kw>
<kw name="Log" owner="BuiltIn">
<msg time="2024-08-02T16:18:47.346939" level="INFO">{'gender': 'male', 'name': {'title': 'Mr', 'first': 'Anton', 'last': 'Andersen'}, 'location': {'street': {'number': 2983, 'name': 'Skolevænget'}, 'city': 'København Sv', 'state': 'Syddanmark', 'country': 'Denmark', 'postcode': 54253, 'coordinates': {'latitude': '-43.9988', 'longitude': '-93.0932'}, 'timezone': {'offset': '-7:00', 'description': 'Mountain Time (US &amp; Canada)'}}, 'email': 'anton.andersen@example.com', 'login': {'uuid': '1024b7f7-56c7-4ec6-a290-800398c610d9', 'username': 'organicbird577', 'password': 'boobed', 'salt': 'xzVD4Yyl', 'md5': '7812ae31b545c378361ecf3a8a28d4e2', 'sha1': '693c1829d1e52a8211e6b9e4f75c833c454ad878', 'sha256': 'f58ef9764b01393998a256fa933b797bfd5d900009105558acea117dbe6313d5'}, 'dob': {'date': '1946-02-25T06:05:37.236Z', 'age': 78}, 'registered': {'date': '2002-09-05T13:42:36.370Z', 'age': 21}, 'phone': '55731085', 'cell': '51959292', 'id': {'name': 'CPR', 'value': '250246-2797'}, 'picture': {'large': 'https://randomuser.me/api/portraits/men/23.jpg', 'medium': 'https://randomuser.me/api/portraits/med/men/23.jpg', 'thumbnail': 'https://randomuser.me/api/portraits/thumb/men/23.jpg'}, 'nat': 'DK'}</msg>
<arg>${json_data['results'][0]}</arg>
<doc>Logs the given message with the given level.</doc>
<status status="PASS" start="2024-08-02T16:18:47.346572" elapsed="0.000452"/>
</kw>
<kw name="Log" owner="BuiltIn">
<msg time="2024-08-02T16:18:47.347459" level="INFO">name</msg>
<arg>${key}</arg>
<doc>Logs the given message with the given level.</doc>
<status status="PASS" start="2024-08-02T16:18:47.347324" elapsed="0.000173"/>
</kw>
<var name="${key}">name</var>
<status status="PASS" start="2024-08-02T16:18:47.345886" elapsed="0.001848"/>
</iter>
<iter>
<kw name="Dictionary Should Contain Key" owner="Collections">
<arg>${json_data['results'][0]}</arg>
<arg>${key}</arg>
<doc>Fails if ``key`` is not found from ``dictionary``.</doc>
<status status="PASS" start="2024-08-02T16:18:47.348020" elapsed="0.000389"/>
</kw>
<kw name="Log" owner="BuiltIn">
<msg time="2024-08-02T16:18:47.348945" level="INFO">{'gender': 'male', 'name': {'title': 'Mr', 'first': 'Anton', 'last': 'Andersen'}, 'location': {'street': {'number': 2983, 'name': 'Skolevænget'}, 'city': 'København Sv', 'state': 'Syddanmark', 'country': 'Denmark', 'postcode': 54253, 'coordinates': {'latitude': '-43.9988', 'longitude': '-93.0932'}, 'timezone': {'offset': '-7:00', 'description': 'Mountain Time (US &amp; Canada)'}}, 'email': 'anton.andersen@example.com', 'login': {'uuid': '1024b7f7-56c7-4ec6-a290-800398c610d9', 'username': 'organicbird577', 'password': 'boobed', 'salt': 'xzVD4Yyl', 'md5': '7812ae31b545c378361ecf3a8a28d4e2', 'sha1': '693c1829d1e52a8211e6b9e4f75c833c454ad878', 'sha256': 'f58ef9764b01393998a256fa933b797bfd5d900009105558acea117dbe6313d5'}, 'dob': {'date': '1946-02-25T06:05:37.236Z', 'age': 78}, 'registered': {'date': '2002-09-05T13:42:36.370Z', 'age': 21}, 'phone': '55731085', 'cell': '51959292', 'id': {'name': 'CPR', 'value': '250246-2797'}, 'picture': {'large': 'https://randomuser.me/api/portraits/men/23.jpg', 'medium': 'https://randomuser.me/api/portraits/med/men/23.jpg', 'thumbnail': 'https://randomuser.me/api/portraits/thumb/men/23.jpg'}, 'nat': 'DK'}</msg>
<arg>${json_data['results'][0]}</arg>
<doc>Logs the given message with the given level.</doc>
<status status="PASS" start="2024-08-02T16:18:47.348594" elapsed="0.000402"/>
</kw>
<kw name="Log" owner="BuiltIn">
<msg time="2024-08-02T16:18:47.349423" level="INFO">location</msg>
<arg>${key}</arg>
<doc>Logs the given message with the given level.</doc>
<status status="PASS" start="2024-08-02T16:18:47.349295" elapsed="0.000164"/>
</kw>
<var name="${key}">location</var>
<status status="PASS" start="2024-08-02T16:18:47.347913" elapsed="0.001761"/>
</iter>
<iter>
<kw name="Dictionary Should Contain Key" owner="Collections">
<arg>${json_data['results'][0]}</arg>
<arg>${key}</arg>
<doc>Fails if ``key`` is not found from ``dictionary``.</doc>
<status status="PASS" start="2024-08-02T16:18:47.349950" elapsed="0.000385"/>
</kw>
<kw name="Log" owner="BuiltIn">
<msg time="2024-08-02T16:18:47.351001" level="INFO">{'gender': 'male', 'name': {'title': 'Mr', 'first': 'Anton', 'last': 'Andersen'}, 'location': {'street': {'number': 2983, 'name': 'Skolevænget'}, 'city': 'København Sv', 'state': 'Syddanmark', 'country': 'Denmark', 'postcode': 54253, 'coordinates': {'latitude': '-43.9988', 'longitude': '-93.0932'}, 'timezone': {'offset': '-7:00', 'description': 'Mountain Time (US &amp; Canada)'}}, 'email': 'anton.andersen@example.com', 'login': {'uuid': '1024b7f7-56c7-4ec6-a290-800398c610d9', 'username': 'organicbird577', 'password': 'boobed', 'salt': 'xzVD4Yyl', 'md5': '7812ae31b545c378361ecf3a8a28d4e2', 'sha1': '693c1829d1e52a8211e6b9e4f75c833c454ad878', 'sha256': 'f58ef9764b01393998a256fa933b797bfd5d900009105558acea117dbe6313d5'}, 'dob': {'date': '1946-02-25T06:05:37.236Z', 'age': 78}, 'registered': {'date': '2002-09-05T13:42:36.370Z', 'age': 21}, 'phone': '55731085', 'cell': '51959292', 'id': {'name': 'CPR', 'value': '250246-2797'}, 'picture': {'large': 'https://randomuser.me/api/portraits/men/23.jpg', 'medium': 'https://randomuser.me/api/portraits/med/men/23.jpg', 'thumbnail': 'https://randomuser.me/api/portraits/thumb/men/23.jpg'}, 'nat': 'DK'}</msg>
<arg>${json_data['results'][0]}</arg>
<doc>Logs the given message with the given level.</doc>
<status status="PASS" start="2024-08-02T16:18:47.350646" elapsed="0.000415"/>
</kw>
<kw name="Log" owner="BuiltIn">
<msg time="2024-08-02T16:18:47.351488" level="INFO">email</msg>
<arg>${key}</arg>
<doc>Logs the given message with the given level.</doc>
<status status="PASS" start="2024-08-02T16:18:47.351358" elapsed="0.000167"/>
</kw>
<var name="${key}">email</var>
<status status="PASS" start="2024-08-02T16:18:47.349845" elapsed="0.001913"/>
</iter>
<iter>
<kw name="Dictionary Should Contain Key" owner="Collections">
<arg>${json_data['results'][0]}</arg>
<arg>${key}</arg>
<doc>Fails if ``key`` is not found from ``dictionary``.</doc>
<status status="PASS" start="2024-08-02T16:18:47.352046" elapsed="0.000381"/>
</kw>
<kw name="Log" owner="BuiltIn">
<msg time="2024-08-02T16:18:47.352953" level="INFO">{'gender': 'male', 'name': {'title': 'Mr', 'first': 'Anton', 'last': 'Andersen'}, 'location': {'street': {'number': 2983, 'name': 'Skolevænget'}, 'city': 'København Sv', 'state': 'Syddanmark', 'country': 'Denmark', 'postcode': 54253, 'coordinates': {'latitude': '-43.9988', 'longitude': '-93.0932'}, 'timezone': {'offset': '-7:00', 'description': 'Mountain Time (US &amp; Canada)'}}, 'email': 'anton.andersen@example.com', 'login': {'uuid': '1024b7f7-56c7-4ec6-a290-800398c610d9', 'username': 'organicbird577', 'password': 'boobed', 'salt': 'xzVD4Yyl', 'md5': '7812ae31b545c378361ecf3a8a28d4e2', 'sha1': '693c1829d1e52a8211e6b9e4f75c833c454ad878', 'sha256': 'f58ef9764b01393998a256fa933b797bfd5d900009105558acea117dbe6313d5'}, 'dob': {'date': '1946-02-25T06:05:37.236Z', 'age': 78}, 'registered': {'date': '2002-09-05T13:42:36.370Z', 'age': 21}, 'phone': '55731085', 'cell': '51959292', 'id': {'name': 'CPR', 'value': '250246-2797'}, 'picture': {'large': 'https://randomuser.me/api/portraits/men/23.jpg', 'medium': 'https://randomuser.me/api/portraits/med/men/23.jpg', 'thumbnail': 'https://randomuser.me/api/portraits/thumb/men/23.jpg'}, 'nat': 'DK'}</msg>
<arg>${json_data['results'][0]}</arg>
<doc>Logs the given message with the given level.</doc>
<status status="PASS" start="2024-08-02T16:18:47.352607" elapsed="0.000395"/>
</kw>
<kw name="Log" owner="BuiltIn">
<msg time="2024-08-02T16:18:47.353431" level="INFO">login</msg>
<arg>${key}</arg>
<doc>Logs the given message with the given level.</doc>
<status status="PASS" start="2024-08-02T16:18:47.353304" elapsed="0.000164"/>
</kw>
<var name="${key}">login</var>
<status status="PASS" start="2024-08-02T16:18:47.351938" elapsed="0.001744"/>
</iter>
<var>${key}</var>
<value>@{expected_keys}</value>
<status status="PASS" start="2024-08-02T16:18:47.343594" elapsed="0.010211"/>
</for>
<kw name="Create List" owner="BuiltIn">
<msg time="2024-08-02T16:18:47.354139" level="INFO">${expected_keysTwo} = ['username', 'password']</msg>
<var>${expected_keysTwo}</var>
<arg>username</arg>
<arg>password</arg>
<doc>Returns a list containing given items.</doc>
<status status="PASS" start="2024-08-02T16:18:47.353995" elapsed="0.000195"/>
</kw>
<for flavor="IN">
<iter>
<kw name="Dictionary Should Contain Key" owner="Collections">
<arg>${json_data['results'][0]['login']}</arg>
<arg>${keyTwo}</arg>
<doc>Fails if ``key`` is not found from ``dictionary``.</doc>
<status status="PASS" start="2024-08-02T16:18:47.354697" elapsed="0.000378"/>
</kw>
<kw name="Dictionary Should Contain Key" owner="Collections">
<arg>${json_data['results'][0]['login']}</arg>
<arg>${keyTwo}</arg>
<doc>Fails if ``key`` is not found from ``dictionary``.</doc>
<status status="PASS" start="2024-08-02T16:18:47.355254" elapsed="0.000371"/>
</kw>
<kw name="Log" owner="BuiltIn">
<msg time="2024-08-02T16:18:47.355958" level="INFO">username</msg>
<arg>${keyTwo}</arg>
<doc>Logs the given message with the given level.</doc>
<status status="PASS" start="2024-08-02T16:18:47.355830" elapsed="0.000166"/>
</kw>
<var name="${keyTwo}">username</var>
<status status="PASS" start="2024-08-02T16:18:47.354591" elapsed="0.001623"/>
</iter>
<iter>
<kw name="Dictionary Should Contain Key" owner="Collections">
<arg>${json_data['results'][0]['login']}</arg>
<arg>${keyTwo}</arg>
<doc>Fails if ``key`` is not found from ``dictionary``.</doc>
<status status="PASS" start="2024-08-02T16:18:47.356497" elapsed="0.000375"/>
</kw>
<kw name="Dictionary Should Contain Key" owner="Collections">
<arg>${json_data['results'][0]['login']}</arg>
<arg>${keyTwo}</arg>
<doc>Fails if ``key`` is not found from ``dictionary``.</doc>
<status status="PASS" start="2024-08-02T16:18:47.357047" elapsed="0.000376"/>
</kw>
<kw name="Log" owner="BuiltIn">
<msg time="2024-08-02T16:18:47.357722" level="INFO">password</msg>
<arg>${keyTwo}</arg>
<doc>Logs the given message with the given level.</doc>
<status status="PASS" start="2024-08-02T16:18:47.357597" elapsed="0.000162"/>
</kw>
<var name="${keyTwo}">password</var>
<status status="PASS" start="2024-08-02T16:18:47.356387" elapsed="0.001595"/>
</iter>
<var>${keyTwo}</var>
<value>@{expected_keysTwo}</value>
<status status="PASS" start="2024-08-02T16:18:47.354437" elapsed="0.003666"/>
</for>
<status status="PASS" start="2024-08-02T16:18:47.221891" elapsed="0.136354"/>
</kw>
<doc>Testa a estrutura da resposta da API.</doc>
<tag>testeEstruturaResposta</tag>
<status status="PASS" start="2024-08-02T16:18:47.221317" elapsed="0.137088"/>
</test>
<test id="s1-s1-t4" name="Validar tipos de dados" line="28">
<kw name="Teste de Tipos de Dados" owner="random-user-service">
<kw name="GET On Session" owner="RequestsLibrary">
<msg time="2024-08-02T16:18:47.454668" level="INFO">GET Request : url=https://randomuser.me/api 
 path_url=/api 
 headers={'User-Agent': 'python-requests/2.32.3', 'Accept-Encoding': 'gzip, deflate', 'Accept': '*/*', 'Connection': 'keep-alive'} 
 body=None 
 </msg>
<msg time="2024-08-02T16:18:47.454778" level="INFO">GET Response : url=https://randomuser.me/api 
 status=200, reason=OK 
 headers={'Date': 'Fri, 02 Aug 2024 16:18:47 GMT', 'Content-Type': 'application/json; charset=utf-8', 'Transfer-Encoding': 'chunked', 'Connection': 'keep-alive', 'X-Powered-By': 'Express', 'Access-Control-Allow-Origin': '*', 'Cache-Control': 'no-cache', 'ETag': 'W/"48e-bBO8Gyi0n+x8yQEwJ/4LlHpJ9pE"', 'Vary': 'Accept-Encoding', 'Content-Encoding': 'gzip', 'CF-Cache-Status': 'DYNAMIC', 'Report-To': '{"endpoints":[{"url":"https:\\/\\/a.nel.cloudflare.com\\/report\\/v4?s=WiycC%2BO%2B3tsTCWqEpb77%2B6PvrORGqhdIPK%2BWPuShuJ3X5Gah5aJ1m%2ByrbsLIMwDU9sktNm4MxXEPTL72CWXpOkdLFmsVoF5YPq%2BABCO8dkU71YrlI7h7ieyIsP5q6Gdp"}],"group":"cf-nel","max_age":604800}', 'NEL': '{"success_fraction":0,"report_to":"cf-nel","max_age":604800}', 'Server': 'cloudflare', 'CF-RAY': '8acf62c60d2b7ab6-SJC', 'alt-svc': 'h3=":443"; ma=86400'} 
 body={"results":[{"gender":"female","name":{"title":"Mrs","first":"Sienna","last":"Rugland"},"location":{"street":{"number":5697,"name":"Nordlisletta"},"city":"Hovin","state":"Oslo","country":"Norway","postcode":"5345","coordinates":{"latitude":"39.3468","longitude":"112.2954"},"timezone":{"offset":"-5:00","description":"Eastern Time (US &amp; Canada), Bogota, Lima"}},"email":"sienna.rugland@example.com","login":{"uuid":"db839959-3640-4f9c-a827-6aa0499a1bbc","username":"heavygorilla679","password":"blueboy","salt":"yqd9JVzH","md5":"bc4ae13528e8017ceb2d683e7ff6af74","sha1":"b6d848f0931bf263455457fafbb4b8c494458e5c","sha256":"d05ae68c8c9021d08de8c1c595148e300e73346cb4226f8ca8f95f1496584b2f"},"dob":{"date":"1980-06-05T16:46:30.904Z","age":44},"registered":{"date":"2002-08-17T16:18:53.124Z","age":21},"phone":"65607774","cell":"93117922","id":{"name":"FN","value":"05068048208"},"picture":{"large":"https://randomuser.me/api/portraits/women/25.jpg","medium":"https://randomuser.me/api/portraits/med/women/25.jpg","thumbnail":"https://randomuser.me/api/portraits/thumb/women/25.jpg"},"nat":"NO"}],"info":{"seed":"526b8c90ba89f560","results":1,"page":1,"version":"1.4"}} 
 </msg>
<msg time="2024-08-02T16:18:47.454864" level="INFO">/opt/hostedtoolcache/Python/3.12.4/x64/lib/python3.12/site-packages/urllib3/connectionpool.py:1099: InsecureRequestWarning: Unverified HTTPS request is being made to host 'randomuser.me'. Adding certificate verification is strongly advised. See: https://urllib3.readthedocs.io/en/latest/advanced-usage.html#tls-warnings
  warnings.warn(</msg>
<msg time="2024-08-02T16:18:47.454999" level="INFO">${response} = &lt;Response [200]&gt;</msg>
<var>${response}</var>
<arg>consultarAPI</arg>
<arg>/api</arg>
<doc>Sends a GET request on a previously created HTTP Session.</doc>
<status status="PASS" start="2024-08-02T16:18:47.360876" elapsed="0.094157"/>
</kw>
<kw name="Set Variable" owner="BuiltIn">
<msg time="2024-08-02T16:18:47.456156" level="INFO">${json_data} = {'results': [{'gender': 'female', 'name': {'title': 'Mrs', 'first': 'Sienna', 'last': 'Rugland'}, 'location': {'street': {'number': 5697, 'name': 'Nordlisletta'}, 'city': 'Hovin', 'state': 'Oslo', 'co...</msg>
<var>${json_data}</var>
<arg>${response.json()}</arg>
<doc>Returns the given values which can then be assigned to a variables.</doc>
<status status="PASS" start="2024-08-02T16:18:47.455590" elapsed="0.000594"/>
</kw>
<kw name="Log" owner="BuiltIn">
<msg time="2024-08-02T16:18:47.456668" level="INFO">{'results': [{'gender': 'female', 'name': {'title': 'Mrs', 'first': 'Sienna', 'last': 'Rugland'}, 'location': {'street': {'number': 5697, 'name': 'Nordlisletta'}, 'city': 'Hovin', 'state': 'Oslo', 'country': 'Norway', 'postcode': '5345', 'coordinates': {'latitude': '39.3468', 'longitude': '112.2954'}, 'timezone': {'offset': '-5:00', 'description': 'Eastern Time (US &amp; Canada), Bogota, Lima'}}, 'email': 'sienna.rugland@example.com', 'login': {'uuid': 'db839959-3640-4f9c-a827-6aa0499a1bbc', 'username': 'heavygorilla679', 'password': 'blueboy', 'salt': 'yqd9JVzH', 'md5': 'bc4ae13528e8017ceb2d683e7ff6af74', 'sha1': 'b6d848f0931bf263455457fafbb4b8c494458e5c', 'sha256': 'd05ae68c8c9021d08de8c1c595148e300e73346cb4226f8ca8f95f1496584b2f'}, 'dob': {'date': '1980-06-05T16:46:30.904Z', 'age': 44}, 'registered': {'date': '2002-08-17T16:18:53.124Z', 'age': 21}, 'phone': '65607774', 'cell': '93117922', 'id': {'name': 'FN', 'value': '05068048208'}, 'picture': {'large': 'https://randomuser.me/api/portraits/women/25.jpg', 'medium': 'https://randomuser.me/api/portraits/med/women/25.jpg', 'thumbnail': 'https://randomuser.me/api/portraits/thumb/women/25.jpg'}, 'nat': 'NO'}], 'info': {'seed': '526b8c90ba89f560', 'results': 1, 'page': 1, 'version': '1.4'}}</msg>
<arg>${json_data}</arg>
<doc>Logs the given message with the given level.</doc>
<status status="PASS" start="2024-08-02T16:18:47.456509" elapsed="0.000208"/>
</kw>
<kw name="Should Be String" owner="String">
<arg>${json_data['results'][0]['gender']}</arg>
<doc>Fails if the given ``item`` is not a string.</doc>
<status status="PASS" start="2024-08-02T16:18:47.457016" elapsed="0.000368"/>
</kw>
<kw name="Should Match Regexp" owner="BuiltIn">
<arg>${json_data['results'][0]['email']}</arg>
<arg>^[a-zA-Z0-9._%+-]+@[a-zA-Z0-9.-]+\.[a-zA-Z]{2,}$</arg>
<doc>Fails if ``string`` does not match ``pattern`` as a regular expression.</doc>
<status status="PASS" start="2024-08-02T16:18:47.457570" elapsed="0.000516"/>
</kw>
<kw name="Should Match Regexp" owner="BuiltIn">
<arg>${json_data['results'][0]['dob']['date']}</arg>
<arg>\\d{4}-\\d{2}-\\d{2}T\\d{2}:\\d{2}:\\d{2}\\.\\d{3}Z</arg>
<doc>Fails if ``string`` does not match ``pattern`` as a regular expression.</doc>
<status status="PASS" start="2024-08-02T16:18:47.458317" elapsed="0.000634"/>
</kw>
<kw name="Should Match Regexp" owner="BuiltIn">
<arg>${json_data['results'][0]['registered']['date']}</arg>
<arg>\\d{4}-\\d{2}-\\d{2}T\\d{2}:\\d{2}:\\d{2}\\.\\d{3}Z</arg>
<doc>Fails if ``string`` does not match ``pattern`` as a regular expression.</doc>
<status status="PASS" start="2024-08-02T16:18:47.459146" elapsed="0.000378"/>
</kw>
<kw name="Should Match Regexp" owner="BuiltIn">
<arg>${json_data['results'][0]['picture']['large']}</arg>
<arg>^https?://.*\.(?:png|jpe?g|gif|bmp)$</arg>
<doc>Fails if ``string`` does not match ``pattern`` as a regular expression.</doc>
<status status="PASS" start="2024-08-02T16:18:47.459730" elapsed="0.000486"/>
</kw>
<kw name="Should Match Regexp" owner="BuiltIn">
<arg>${json_data['results'][0]['picture']['medium']}</arg>
<arg>^https?://.*\.(?:png|jpe?g|gif|bmp)$</arg>
<doc>Fails if ``string`` does not match ``pattern`` as a regular expression.</doc>
<status status="PASS" start="2024-08-02T16:18:47.460407" elapsed="0.000355"/>
</kw>
<kw name="Should Match Regexp" owner="BuiltIn">
<arg>${json_data['results'][0]['picture']['thumbnail']}</arg>
<arg>^https?://.*\.(?:png|jpe?g|gif|bmp)$</arg>
<doc>Fails if ``string`` does not match ``pattern`` as a regular expression.</doc>
<status status="PASS" start="2024-08-02T16:18:47.460943" elapsed="0.000348"/>
</kw>
<kw name="Log" owner="BuiltIn">
<msg time="2024-08-02T16:18:47.461793" level="INFO">{'large': 'https://randomuser.me/api/portraits/women/25.jpg', 'medium': 'https://randomuser.me/api/portraits/med/women/25.jpg', 'thumbnail': 'https://randomuser.me/api/portraits/thumb/women/25.jpg'}</msg>
<arg>${json_data['results'][0]['picture']}</arg>
<doc>Logs the given message with the given level.</doc>
<status status="PASS" start="2024-08-02T16:18:47.461469" elapsed="0.000371"/>
</kw>
<status status="PASS" start="2024-08-02T16:18:47.360651" elapsed="0.101478"/>
</kw>
<kw name="Teste de Tipos de Dados - Postcode" owner="random-user-service">
<kw name="GET On Session" owner="RequestsLibrary">
<msg time="2024-08-02T16:18:47.573607" level="INFO">GET Request : url=https://randomuser.me/api 
 path_url=/api 
 headers={'User-Agent': 'python-requests/2.32.3', 'Accept-Encoding': 'gzip, deflate', 'Accept': '*/*', 'Connection': 'keep-alive'} 
 body=None 
 </msg>
<msg time="2024-08-02T16:18:47.573702" level="INFO">GET Response : url=https://randomuser.me/api 
 status=200, reason=OK 
 headers={'Date': 'Fri, 02 Aug 2024 16:18:47 GMT', 'Content-Type': 'application/json; charset=utf-8', 'Transfer-Encoding': 'chunked', 'Connection': 'keep-alive', 'X-Powered-By': 'Express', 'Access-Control-Allow-Origin': '*', 'Cache-Control': 'no-cache', 'ETag': 'W/"480-ftV9ixNwmPVLua3JZ6tE9nJp/oQ"', 'Vary': 'Accept-Encoding', 'Content-Encoding': 'gzip', 'CF-Cache-Status': 'DYNAMIC', 'Report-To': '{"endpoints":[{"url":"https:\\/\\/a.nel.cloudflare.com\\/report\\/v4?s=Wz6vhwL1plHCSN5jGDUst3MJaKJznA0I6NkPfQKb90JF3rrJ5UonEPVKxkUlCkMMFa9XoQ4WCOe%2B%2B5H3qfydhLDbQfn6DCMwFWUvpfsnVWvvTFMt2H8%2FRZR3CsNPqdHU"}],"group":"cf-nel","max_age":604800}', 'NEL': '{"success_fraction":0,"report_to":"cf-nel","max_age":604800}', 'Server': 'cloudflare', 'CF-RAY': '8acf62c6ada57ab6-SJC', 'alt-svc': 'h3=":443"; ma=86400'} 
 body={"results":[{"gender":"male","name":{"title":"Mr","first":"Roman","last":"Jones"},"location":{"street":{"number":8673,"name":"St Aubyn Street"},"city":"Hamilton","state":"Auckland","country":"New Zealand","postcode":76832,"coordinates":{"latitude":"55.4297","longitude":"-149.1091"},"timezone":{"offset":"-1:00","description":"Azores, Cape Verde Islands"}},"email":"roman.jones@example.com","login":{"uuid":"d56dd40b-43cb-40a6-bd9a-0020713d12c4","username":"organicostrich103","password":"streets","salt":"soXRcOzD","md5":"57d6d9bc503ae49111fb0115b0e97d0a","sha1":"5b0fd9937e491db38e9b05076e9ab08fd08c4da4","sha256":"4608f38d44c5611e6333e15ba0927952cc3d478f254823caf707f642fa85a308"},"dob":{"date":"1946-03-20T04:44:50.372Z","age":78},"registered":{"date":"2005-11-13T16:31:48.823Z","age":18},"phone":"(402)-801-7209","cell":"(883)-659-4863","id":{"name":"","value":null},"picture":{"large":"https://randomuser.me/api/portraits/men/3.jpg","medium":"https://randomuser.me/api/portraits/med/men/3.jpg","thumbnail":"https://randomuser.me/api/portraits/thumb/men/3.jpg"},"nat":"NZ"}],"info":{"seed":"51d4502377c2a4e0","results":1,"page":1,"version":"1.4"}} 
 </msg>
<msg time="2024-08-02T16:18:47.573770" level="INFO">/opt/hostedtoolcache/Python/3.12.4/x64/lib/python3.12/site-packages/urllib3/connectionpool.py:1099: InsecureRequestWarning: Unverified HTTPS request is being made to host 'randomuser.me'. Adding certificate verification is strongly advised. See: https://urllib3.readthedocs.io/en/latest/advanced-usage.html#tls-warnings
  warnings.warn(</msg>
<msg time="2024-08-02T16:18:47.573884" level="INFO">${response} = &lt;Response [200]&gt;</msg>
<var>${response}</var>
<arg>consultarAPI</arg>
<arg>/api</arg>
<doc>Sends a GET request on a previously created HTTP Session.</doc>
<status status="PASS" start="2024-08-02T16:18:47.462605" elapsed="0.111304"/>
</kw>
<kw name="Set Variable" owner="BuiltIn">
<msg time="2024-08-02T16:18:47.574955" level="INFO">${json_data} = {'results': [{'gender': 'male', 'name': {'title': 'Mr', 'first': 'Roman', 'last': 'Jones'}, 'location': {'street': {'number': 8673, 'name': 'St Aubyn Street'}, 'city': 'Hamilton', 'state': 'Auckland',...</msg>
<var>${json_data}</var>
<arg>${response.json()}</arg>
<doc>Returns the given values which can then be assigned to a variables.</doc>
<status status="PASS" start="2024-08-02T16:18:47.574445" elapsed="0.000538"/>
</kw>
<kw name="Log" owner="BuiltIn">
<msg time="2024-08-02T16:18:47.575445" level="INFO">{'results': [{'gender': 'male', 'name': {'title': 'Mr', 'first': 'Roman', 'last': 'Jones'}, 'location': {'street': {'number': 8673, 'name': 'St Aubyn Street'}, 'city': 'Hamilton', 'state': 'Auckland', 'country': 'New Zealand', 'postcode': 76832, 'coordinates': {'latitude': '55.4297', 'longitude': '-149.1091'}, 'timezone': {'offset': '-1:00', 'description': 'Azores, Cape Verde Islands'}}, 'email': 'roman.jones@example.com', 'login': {'uuid': 'd56dd40b-43cb-40a6-bd9a-0020713d12c4', 'username': 'organicostrich103', 'password': 'streets', 'salt': 'soXRcOzD', 'md5': '57d6d9bc503ae49111fb0115b0e97d0a', 'sha1': '5b0fd9937e491db38e9b05076e9ab08fd08c4da4', 'sha256': '4608f38d44c5611e6333e15ba0927952cc3d478f254823caf707f642fa85a308'}, 'dob': {'date': '1946-03-20T04:44:50.372Z', 'age': 78}, 'registered': {'date': '2005-11-13T16:31:48.823Z', 'age': 18}, 'phone': '(402)-801-7209', 'cell': '(883)-659-4863', 'id': {'name': '', 'value': None}, 'picture': {'large': 'https://randomuser.me/api/portraits/men/3.jpg', 'medium': 'https://randomuser.me/api/portraits/med/men/3.jpg', 'thumbnail': 'https://randomuser.me/api/portraits/thumb/men/3.jpg'}, 'nat': 'NZ'}], 'info': {'seed': '51d4502377c2a4e0', 'results': 1, 'page': 1, 'version': '1.4'}}</msg>
<arg>${json_data}</arg>
<doc>Logs the given message with the given level.</doc>
<status status="PASS" start="2024-08-02T16:18:47.575289" elapsed="0.000202"/>
</kw>
<kw name="Should Be Equal As Numbers" owner="BuiltIn">
<arg>${json_data['results'][0]['location']['postcode']}</arg>
<arg>${json_data['results'][0]['location']['postcode']}</arg>
<doc>Fails if objects are unequal after converting them to real numbers.</doc>
<status status="PASS" start="2024-08-02T16:18:47.575832" elapsed="0.000622"/>
</kw>
<kw name="Log" owner="BuiltIn">
<msg time="2024-08-02T16:18:47.576976" level="INFO">76832</msg>
<arg>${json_data['results'][0]['location']['postcode']}</arg>
<doc>Logs the given message with the given level.</doc>
<status status="PASS" start="2024-08-02T16:18:47.576646" elapsed="0.000369"/>
</kw>
<status status="PASS" start="2024-08-02T16:18:47.462365" elapsed="0.114947"/>
</kw>
<doc>Testa se os tipos de dados na resposta da API estão corretos.</doc>
<tag>testeTiposDados</tag>
<status status="PASS" start="2024-08-02T16:18:47.360172" elapsed="0.217337"/>
</test>
<test id="s1-s1-t5" name="Validar conteudo" line="35">
<kw name="Teste de Tipos de Conteudo" owner="random-user-service">
<kw name="GET On Session" owner="RequestsLibrary">
<msg time="2024-08-02T16:18:47.758268" level="INFO">GET Request : url=https://randomuser.me/api 
 path_url=/api 
 headers={'User-Agent': 'python-requests/2.32.3', 'Accept-Encoding': 'gzip, deflate', 'Accept': '*/*', 'Connection': 'keep-alive'} 
 body=None 
 </msg>
<msg time="2024-08-02T16:18:47.758379" level="INFO">GET Response : url=https://randomuser.me/api 
 status=200, reason=OK 
 headers={'Date': 'Fri, 02 Aug 2024 16:18:47 GMT', 'Content-Type': 'application/json; charset=utf-8', 'Transfer-Encoding': 'chunked', 'Connection': 'keep-alive', 'X-Powered-By': 'Express', 'Access-Control-Allow-Origin': '*', 'Cache-Control': 'no-cache', 'ETag': 'W/"46c-lorNDkwZw/8W80Cc5+2Hd1yrAp4"', 'Vary': 'Accept-Encoding', 'Content-Encoding': 'gzip', 'CF-Cache-Status': 'DYNAMIC', 'Report-To': '{"endpoints":[{"url":"https:\\/\\/a.nel.cloudflare.com\\/report\\/v4?s=WVu%2FnI%2FM1BGj53HlXeChaf47dM63JiAEq2f059qhI49YZYd65pPoi7REdQbfPTVq5TpqNm4KyAJMGf3vtFyHfXshrFb4XicdsljG%2FqVeCbHXclZg7M%2BWi2TQibx%2B8%2Bda"}],"group":"cf-nel","max_age":604800}', 'NEL': '{"success_fraction":0,"report_to":"cf-nel","max_age":604800}', 'Server': 'cloudflare', 'CF-RAY': '8acf62c76e3f7ab6-SJC', 'alt-svc': 'h3=":443"; ma=86400'} 
 body={"results":[{"gender":"male","name":{"title":"Mr","first":"Petter","last":"Tvedt"},"location":{"street":{"number":2198,"name":"Trestegveien"},"city":"Aukra","state":"Vest-Agder","country":"Norway","postcode":"9350","coordinates":{"latitude":"43.1194","longitude":"-170.6362"},"timezone":{"offset":"-3:30","description":"Newfoundland"}},"email":"petter.tvedt@example.com","login":{"uuid":"ce43e0e4-8381-45f2-85d0-af6b2013adc1","username":"ticklishbear683","password":"eagles1","salt":"IoFeu8lI","md5":"ba00a0d9ef67c9b37aadb29821d6b5f0","sha1":"0f614d67b54d4ec61f75d53619afcab8ebfca7e7","sha256":"0ac4af4a174277e398d627ee99b25274bd6e49a2a4746de3a1ca7519221c361a"},"dob":{"date":"1999-02-12T11:24:49.008Z","age":25},"registered":{"date":"2010-05-26T02:59:47.964Z","age":14},"phone":"30026870","cell":"91804029","id":{"name":"FN","value":"12029925982"},"picture":{"large":"https://randomuser.me/api/portraits/men/72.jpg","medium":"https://randomuser.me/api/portraits/med/men/72.jpg","thumbnail":"https://randomuser.me/api/portraits/thumb/men/72.jpg"},"nat":"NO"}],"info":{"seed":"4d2441f503131a4c","results":1,"page":1,"version":"1.4"}} 
 </msg>
<msg time="2024-08-02T16:18:47.758459" level="INFO">/opt/hostedtoolcache/Python/3.12.4/x64/lib/python3.12/site-packages/urllib3/connectionpool.py:1099: InsecureRequestWarning: Unverified HTTPS request is being made to host 'randomuser.me'. Adding certificate verification is strongly advised. See: https://urllib3.readthedocs.io/en/latest/advanced-usage.html#tls-warnings
  warnings.warn(</msg>
<msg time="2024-08-02T16:18:47.758593" level="INFO">${response} = &lt;Response [200]&gt;</msg>
<var>${response}</var>
<arg>consultarAPI</arg>
<arg>/api</arg>
<doc>Sends a GET request on a previously created HTTP Session.</doc>
<status status="PASS" start="2024-08-02T16:18:47.580076" elapsed="0.178550"/>
</kw>
<kw name="Set Variable" owner="BuiltIn">
<msg time="2024-08-02T16:18:47.759691" level="INFO">${json_data} = {'results': [{'gender': 'male', 'name': {'title': 'Mr', 'first': 'Petter', 'last': 'Tvedt'}, 'location': {'street': {'number': 2198, 'name': 'Trestegveien'}, 'city': 'Aukra', 'state': 'Vest-Agder', 'c...</msg>
<var>${json_data}</var>
<arg>${response.json()}</arg>
<doc>Returns the given values which can then be assigned to a variables.</doc>
<status status="PASS" start="2024-08-02T16:18:47.759176" elapsed="0.000584"/>
</kw>
<kw name="Set Variable" owner="BuiltIn">
<msg time="2024-08-02T16:18:47.760464" level="INFO">${name_title} = Mr</msg>
<var>${name_title}</var>
<arg>${json_data["results"][0]["name"]["title"]}</arg>
<doc>Returns the given values which can then be assigned to a variables.</doc>
<status status="PASS" start="2024-08-02T16:18:47.760080" elapsed="0.000409"/>
</kw>
<kw name="Create List" owner="BuiltIn">
<msg time="2024-08-02T16:18:47.760951" level="INFO">${allowed_titles} = ['Mr', 'Ms', 'Miss', 'Mrs', 'Madame', 'Monsieur']</msg>
<var>${allowed_titles}</var>
<arg>Mr</arg>
<arg>Ms</arg>
<arg>Miss</arg>
<arg>Mrs</arg>
<arg>Madame</arg>
<arg>Monsieur</arg>
<doc>Returns a list containing given items.</doc>
<status status="PASS" start="2024-08-02T16:18:47.760798" elapsed="0.000177"/>
</kw>
<kw name="List Should Contain Value" owner="Collections">
<arg>${allowed_titles}</arg>
<arg>${name_title}</arg>
<doc>Fails if the ``value`` is not found from ``list``.</doc>
<status status="PASS" start="2024-08-02T16:18:47.761274" elapsed="0.000174"/>
</kw>
<kw name="Set Variable" owner="BuiltIn">
<msg time="2024-08-02T16:18:47.761995" level="INFO">${name_country} = NO</msg>
<var>${name_country}</var>
<arg>${json_data["results"][0]["nat"]}</arg>
<doc>Returns the given values which can then be assigned to a variables.</doc>
<status status="PASS" start="2024-08-02T16:18:47.761629" elapsed="0.000391"/>
</kw>
<kw name="Create List" owner="BuiltIn">
<msg time="2024-08-02T16:18:47.762908" level="INFO">${list_country} = ['AD', 'AE', 'AF', 'AG', 'AI', 'AL', 'AM', 'AO', 'AQ', 'AR', 'AS', 'AT', 'AU', 'AW', 'AX', 'AZ', 'BA', 'BB', 'BD', 'BE', 'BF', 'BG', 'BH', 'BI', 'BJ', 'BL', 'BM', 'BN', 'BO', 'BQ', 'BR', 'BS', 'BT', '...</msg>
<var>${list_country}</var>
<arg>AD</arg>
<arg>AE</arg>
<arg>AF</arg>
<arg>AG</arg>
<arg>AI</arg>
<arg>AL</arg>
<arg>AM</arg>
<arg>AO</arg>
<arg>AQ</arg>
<arg>AR</arg>
<arg>AS</arg>
<arg>AT</arg>
<arg>AU</arg>
<arg>AW</arg>
<arg>AX</arg>
<arg>AZ</arg>
<arg>BA</arg>
<arg>BB</arg>
<arg>BD</arg>
<arg>BE</arg>
<arg>BF</arg>
<arg>BG</arg>
<arg>BH</arg>
<arg>BI</arg>
<arg>BJ</arg>
<arg>BL</arg>
<arg>BM</arg>
<arg>BN</arg>
<arg>BO</arg>
<arg>BQ</arg>
<arg>BR</arg>
<arg>BS</arg>
<arg>BT</arg>
<arg>BV</arg>
<arg>BW</arg>
<arg>BY</arg>
<arg>BZ</arg>
<arg>CA</arg>
<arg>CC</arg>
<arg>CD</arg>
<arg>CF</arg>
<arg>CG</arg>
<arg>CH</arg>
<arg>CI</arg>
<arg>CK</arg>
<arg>CL</arg>
<arg>CM</arg>
<arg>CN</arg>
<arg>CO</arg>
<arg>CR</arg>
<arg>CU</arg>
<arg>CV</arg>
<arg>CW</arg>
<arg>CX</arg>
<arg>CY</arg>
<arg>CZ</arg>
<arg>DE</arg>
<arg>DJ</arg>
<arg>DK</arg>
<arg>DM</arg>
<arg>DO</arg>
<arg>DZ</arg>
<arg>EC</arg>
<arg>EE</arg>
<arg>EG</arg>
<arg>EH</arg>
<arg>ER</arg>
<arg>ES</arg>
<arg>ET</arg>
<arg>FI</arg>
<arg>FJ</arg>
<arg>FK</arg>
<arg>FM</arg>
<arg>FO</arg>
<arg>FR</arg>
<arg>GA</arg>
<arg>GB</arg>
<arg>GD</arg>
<arg>GE</arg>
<arg>GF</arg>
<arg>GG</arg>
<arg>GH</arg>
<arg>GI</arg>
<arg>GL</arg>
<arg>GM</arg>
<arg>GN</arg>
<arg>GP</arg>
<arg>GQ</arg>
<arg>GR</arg>
<arg>GS</arg>
<arg>GT</arg>
<arg>GU</arg>
<arg>GW</arg>
<arg>GY</arg>
<arg>HK</arg>
<arg>HM</arg>
<arg>HN</arg>
<arg>HR</arg>
<arg>HT</arg>
<arg>HU</arg>
<arg>ID</arg>
<arg>IE</arg>
<arg>IL</arg>
<arg>IM</arg>
<arg>IN</arg>
<arg>IO</arg>
<arg>IQ</arg>
<arg>IR</arg>
<arg>IS</arg>
<arg>IT</arg>
<arg>JE</arg>
<arg>JM</arg>
<arg>JO</arg>
<arg>JP</arg>
<arg>KE</arg>
<arg>KG</arg>
<arg>KH</arg>
<arg>KI</arg>
<arg>KM</arg>
<arg>KN</arg>
<arg>KP</arg>
<arg>KR</arg>
<arg>KW</arg>
<arg>KY</arg>
<arg>KZ</arg>
<arg>LA</arg>
<arg>LB</arg>
<arg>LC</arg>
<arg>LI</arg>
<arg>LK</arg>
<arg>LR</arg>
<arg>LS</arg>
<arg>LT</arg>
<arg>LU</arg>
<arg>LV</arg>
<arg>LY</arg>
<arg>MA</arg>
<arg>MC</arg>
<arg>MD</arg>
<arg>ME</arg>
<arg>MF</arg>
<arg>MG</arg>
<arg>MH</arg>
<arg>MK</arg>
<arg>ML</arg>
<arg>MM</arg>
<arg>MN</arg>
<arg>MO</arg>
<arg>MP</arg>
<arg>MQ</arg>
<arg>MR</arg>
<arg>MS</arg>
<arg>MT</arg>
<arg>MU</arg>
<arg>MV</arg>
<arg>MW</arg>
<arg>MX</arg>
<arg>MY</arg>
<arg>MZ</arg>
<arg>NA</arg>
<arg>NC</arg>
<arg>NE</arg>
<arg>NF</arg>
<arg>NG</arg>
<arg>NI</arg>
<arg>NL</arg>
<arg>NO</arg>
<arg>NP</arg>
<arg>NR</arg>
<arg>NU</arg>
<arg>NZ</arg>
<arg>OM</arg>
<arg>PA</arg>
<arg>PE</arg>
<arg>PF</arg>
<arg>PG</arg>
<arg>PH</arg>
<arg>PK</arg>
<arg>PL</arg>
<arg>PM</arg>
<arg>PN</arg>
<arg>PR</arg>
<arg>PS</arg>
<arg>PT</arg>
<arg>PW</arg>
<arg>PY</arg>
<arg>QA</arg>
<arg>RE</arg>
<arg>RO</arg>
<arg>RS</arg>
<arg>RU</arg>
<arg>RW</arg>
<arg>SA</arg>
<arg>SB</arg>
<arg>SC</arg>
<arg>SD</arg>
<arg>SE</arg>
<arg>SG</arg>
<arg>SH</arg>
<arg>SI</arg>
<arg>SJ</arg>
<arg>SK</arg>
<arg>SL</arg>
<arg>SM</arg>
<arg>SN</arg>
<arg>SO</arg>
<arg>SR</arg>
<arg>SS</arg>
<arg>ST</arg>
<arg>SV</arg>
<arg>SX</arg>
<arg>SY</arg>
<arg>SZ</arg>
<arg>TC</arg>
<arg>TD</arg>
<arg>TF</arg>
<arg>TG</arg>
<arg>TH</arg>
<arg>TJ</arg>
<arg>TK</arg>
<arg>TL</arg>
<arg>TM</arg>
<arg>TN</arg>
<arg>TO</arg>
<arg>TR</arg>
<arg>TT</arg>
<arg>TV</arg>
<arg>TW</arg>
<arg>TZ</arg>
<arg>UA</arg>
<arg>UG</arg>
<arg>UM</arg>
<arg>US</arg>
<arg>UY</arg>
<arg>UZ</arg>
<arg>VA</arg>
<arg>VC</arg>
<arg>VE</arg>
<arg>VG</arg>
<arg>VI</arg>
<arg>VN</arg>
<arg>VU</arg>
<arg>WF</arg>
<arg>WS</arg>
<arg>XK</arg>
<arg>YE</arg>
<arg>YT</arg>
<arg>ZA</arg>
<arg>ZM</arg>
<arg>ZW</arg>
<doc>Returns a list containing given items.</doc>
<status status="PASS" start="2024-08-02T16:18:47.762306" elapsed="0.000630"/>
</kw>
<kw name="List Should Contain Value" owner="Collections">
<arg>${list_country}</arg>
<arg>${name_country}</arg>
<doc>Fails if the ``value`` is not found from ``list``.</doc>
<status status="PASS" start="2024-08-02T16:18:47.763948" elapsed="0.000213"/>
</kw>
<kw name="Run Keyword If" owner="BuiltIn">
<kw name="Should Be True" owner="BuiltIn">
<arg>${True}</arg>
<doc>Fails if the given condition is not true.</doc>
<status status="PASS" start="2024-08-02T16:18:47.765105" elapsed="0.000141"/>
</kw>
<arg>${json_data["results"][0]["location"]["coordinates"]["latitude"]} &gt;= -90 and ${json_data["results"][0]["location"]["coordinates"]["latitude"]} &lt;= 90</arg>
<arg>Should Be True</arg>
<arg>${True}</arg>
<doc>Runs the given keyword with the given arguments, if ``condition`` is true.</doc>
<status status="PASS" start="2024-08-02T16:18:47.764361" elapsed="0.001010"/>
</kw>
<kw name="Run Keyword If" owner="BuiltIn">
<kw name="Should Be True" owner="BuiltIn">
<arg>${True}</arg>
<doc>Fails if the given condition is not true.</doc>
<status status="PASS" start="2024-08-02T16:18:47.766235" elapsed="0.000136"/>
</kw>
<arg>${json_data["results"][0]["location"]["coordinates"]["longitude"]} &gt;= -180 and ${json_data["results"][0]["location"]["coordinates"]["longitude"]} &lt;= 180</arg>
<arg>Should Be True</arg>
<arg>${True}</arg>
<doc>Runs the given keyword with the given arguments, if ``condition`` is true.</doc>
<status status="PASS" start="2024-08-02T16:18:47.765551" elapsed="0.000941"/>
</kw>
<status status="PASS" start="2024-08-02T16:18:47.579840" elapsed="0.186781"/>
</kw>
<doc>Testa o conteúdo específico dos campos retornados pela API.</doc>
<tag>testeConteudo</tag>
<status status="PASS" start="2024-08-02T16:18:47.579258" elapsed="0.187515"/>
</test>
<status status="PASS" start="2024-08-02T16:18:46.624294" elapsed="1.144440"/>
</suite>
<status status="PASS" start="2024-08-02T16:18:46.609845" elapsed="1.163995"/>
</suite>
<statistics>
<total>
<stat pass="5" fail="0" skip="0">All Tests</stat>
</total>
<tag>
<stat pass="1" fail="0" skip="0">testeConteudo</stat>
<stat pass="1" fail="0" skip="0">testeEstruturaResposta</stat>
<stat pass="1" fail="0" skip="0">testeRequisicaoBasica</stat>
<stat pass="1" fail="0" skip="0">testeTiposDados</stat>
</tag>
<suite>
<stat pass="5" fail="0" skip="0" id="s1" name="Tests">Tests</stat>
<stat pass="5" fail="0" skip="0" id="s1-s1" name="Random-User-Test">Tests.Random-User-Test</stat>
</suite>
</statistics>
<errors>
</errors>
</robot>
