<?xml version="1.0" encoding="UTF-8"?>
<robot generator="Robot 7.0.1 (Python 3.12.4 on linux)" generated="2024-07-04T06:21:23.167472" rpa="false" schemaversion="5">
<suite id="s1" name="Tests" source="/home/runner/work/ApiRandomUser/ApiRandomUser/RamdonUser/tests">
<suite id="s1-s1" name="Random-User-Test" source="/home/runner/work/ApiRandomUser/ApiRandomUser/RamdonUser/tests/random-user-test.robot">
<test id="s1-s1-t1" name="Conectar" line="13">
<kw name="Conectar API" owner="random-user-service">
<kw name="Create Session" owner="RequestsLibrary">
<msg time="2024-07-04T06:21:23.566302" level="INFO">Creating Session using : alias=consultarAPI, url=https://randomuser.me/, headers={},                     cookies={}, auth=None, timeout=None, proxies=None, verify=False,                     debug=0 </msg>
<arg>consultarAPI</arg>
<arg>${URL}</arg>
<doc>Create Session: create a HTTP session to a server</doc>
<status status="PASS" start="2024-07-04T06:21:23.566092" elapsed="0.000375"/>
</kw>
<status status="PASS" start="2024-07-04T06:21:23.565263" elapsed="0.001550"/>
</kw>
<status status="PASS" start="2024-07-04T06:21:23.564742" elapsed="0.002261"/>
</test>
<test id="s1-s1-t2" name="Validar retorno 200 e JSON Válido" line="16">
<kw name="Teste de Requisicao Basica" owner="random-user-service">
<kw name="GET On Session" owner="RequestsLibrary">
<msg time="2024-07-04T06:21:23.733965" level="INFO">GET Request : url=https://randomuser.me/api 
 path_url=/api 
 headers={'User-Agent': 'python-requests/2.32.3', 'Accept-Encoding': 'gzip, deflate', 'Accept': '*/*', 'Connection': 'keep-alive'} 
 body=None 
 </msg>
<msg time="2024-07-04T06:21:23.734075" level="INFO">GET Response : url=https://randomuser.me/api 
 status=200, reason=OK 
 headers={'Date': 'Thu, 04 Jul 2024 06:21:23 GMT', 'Content-Type': 'application/json; charset=utf-8', 'Transfer-Encoding': 'chunked', 'Connection': 'keep-alive', 'X-Powered-By': 'Express', 'Access-Control-Allow-Origin': '*', 'Cache-Control': 'no-cache', 'ETag': 'W/"484-Cxd0b/GJjMslYsUh7lqiyOepaAg"', 'Vary': 'Accept-Encoding', 'Content-Encoding': 'gzip', 'CF-Cache-Status': 'DYNAMIC', 'Report-To': '{"endpoints":[{"url":"https:\\/\\/a.nel.cloudflare.com\\/report\\/v4?s=IuRZN6uRQLrQnWLlsy0qjCX9c22r6OUagzudMaRJ0qJcKK9v5%2Bt4FHKArtaLrV9ofxk2TIOYmuvehZZ4duAMs%2FjJDOgkJuVulSVBXUaHYkEwUXjhv2Jp8d13ZEPZtvyr"}],"group":"cf-nel","max_age":604800}', 'NEL': '{"success_fraction":0,"report_to":"cf-nel","max_age":604800}', 'Server': 'cloudflare', 'CF-RAY': '89dd03cf29b93b00-IAD', 'alt-svc': 'h3=":443"; ma=86400'} 
 body={"results":[{"gender":"male","name":{"title":"Mr","first":"Estéban","last":"Leroux"},"location":{"street":{"number":7184,"name":"Avenue Debourg"},"city":"Dijon","state":"Hauts-de-Seine","country":"France","postcode":38878,"coordinates":{"latitude":"-15.2999","longitude":"-148.0781"},"timezone":{"offset":"+3:30","description":"Tehran"}},"email":"esteban.leroux@example.com","login":{"uuid":"499b0575-00da-4fed-846b-5d6f97f13a9c","username":"happypanda431","password":"darkside","salt":"dbZQ94Yd","md5":"d9c3edd7dd33143d519f8d4e76d14788","sha1":"fa37769908b2547f6b3b5b48a643565e8832c9a5","sha256":"95c145e7fcbb25a896cf2f6ebea9b39a82e56e71c6f9c4f3a1dc1716af2118f1"},"dob":{"date":"1993-03-06T10:39:12.012Z","age":31},"registered":{"date":"2010-09-12T14:34:28.154Z","age":13},"phone":"03-49-02-65-88","cell":"06-09-60-54-93","id":{"name":"INSEE","value":"1930208418756 52"},"picture":{"large":"https://randomuser.me/api/portraits/men/97.jpg","medium":"https://randomuser.me/api/portraits/med/men/97.jpg","thumbnail":"https://randomuser.me/api/portraits/thumb/men/97.jpg"},"nat":"FR"}],"info":{"seed":"59b5424bf98a8e07","results":1,"page":1,"version":"1.4"}} 
 </msg>
<msg time="2024-07-04T06:21:23.734148" level="INFO">/opt/hostedtoolcache/Python/3.12.4/x64/lib/python3.12/site-packages/urllib3/connectionpool.py:1099: InsecureRequestWarning: Unverified HTTPS request is being made to host 'randomuser.me'. Adding certificate verification is strongly advised. See: https://urllib3.readthedocs.io/en/latest/advanced-usage.html#tls-warnings
  warnings.warn(</msg>
<msg time="2024-07-04T06:21:23.734297" level="INFO">${response} = &lt;Response [200]&gt;</msg>
<var>${response}</var>
<arg>consultarAPI</arg>
<arg>/api</arg>
<doc>Sends a GET request on a previously created HTTP Session.</doc>
<status status="PASS" start="2024-07-04T06:21:23.569628" elapsed="0.164709"/>
</kw>
<kw name="Should Be Equal As Numbers" owner="BuiltIn">
<msg time="2024-07-04T06:21:23.735134" level="INFO">Argument types are:
&lt;class 'int'&gt;
&lt;class 'str'&gt;</msg>
<arg>${response.status_code}</arg>
<arg>200</arg>
<doc>Fails if objects are unequal after converting them to real numbers.</doc>
<status status="PASS" start="2024-07-04T06:21:23.734731" elapsed="0.000467"/>
</kw>
<kw name="Log" owner="BuiltIn">
<msg time="2024-07-04T06:21:23.735863" level="INFO">200</msg>
<arg>${response.status_code}</arg>
<doc>Logs the given message with the given level.</doc>
<status status="PASS" start="2024-07-04T06:21:23.735514" elapsed="0.000392"/>
</kw>
<kw name="Set Variable" owner="BuiltIn">
<msg time="2024-07-04T06:21:23.736652" level="INFO">${json_data} = {'results': [{'gender': 'male', 'name': {'title': 'Mr', 'first': 'Estéban', 'last': 'Leroux'}, 'location': {'street': {'number': 7184, 'name': 'Avenue Debourg'}, 'city': 'Dijon', 'state': 'Hauts-de-Se...</msg>
<var>${json_data}</var>
<arg>${response.json()}</arg>
<doc>Returns the given values which can then be assigned to a variables.</doc>
<status status="PASS" start="2024-07-04T06:21:23.736209" elapsed="0.000472"/>
</kw>
<kw name="Dictionary Should Contain Key" owner="Collections">
<arg>${json_data}</arg>
<arg>results</arg>
<doc>Fails if ``key`` is not found from ``dictionary``.</doc>
<status status="PASS" start="2024-07-04T06:21:23.736981" elapsed="0.000165"/>
</kw>
<status status="PASS" start="2024-07-04T06:21:23.569381" elapsed="0.167916"/>
</kw>
<doc>Testa se a API responde corretamente e retorna um objeto JSON válido.</doc>
<tag>testeRequisicaoBasica</tag>
<status status="PASS" start="2024-07-04T06:21:23.568861" elapsed="0.168597"/>
</test>
<test id="s1-s1-t3" name="Validar estrutura de resposta" line="22">
<kw name="Teste de Estrutura de Resposta" owner="random-user-service">
<kw name="GET On Session" owner="RequestsLibrary">
<msg time="2024-07-04T06:21:23.828601" level="INFO">GET Request : url=https://randomuser.me/api 
 path_url=/api 
 headers={'User-Agent': 'python-requests/2.32.3', 'Accept-Encoding': 'gzip, deflate', 'Accept': '*/*', 'Connection': 'keep-alive'} 
 body=None 
 </msg>
<msg time="2024-07-04T06:21:23.828692" level="INFO">GET Response : url=https://randomuser.me/api 
 status=200, reason=OK 
 headers={'Date': 'Thu, 04 Jul 2024 06:21:23 GMT', 'Content-Type': 'application/json; charset=utf-8', 'Transfer-Encoding': 'chunked', 'Connection': 'keep-alive', 'X-Powered-By': 'Express', 'Access-Control-Allow-Origin': '*', 'Cache-Control': 'no-cache', 'ETag': 'W/"49a-ozj3ki6iDlvolg02fHzBUSU7NN4"', 'Vary': 'Accept-Encoding', 'Content-Encoding': 'gzip', 'CF-Cache-Status': 'DYNAMIC', 'Report-To': '{"endpoints":[{"url":"https:\\/\\/a.nel.cloudflare.com\\/report\\/v4?s=tNJzJmfOjBbFtVDxeUTJWR91Y9i2mt6b7mjHbwaGRDy1cttud4iU%2BrkQi56bErE%2BnpTAMyW1zRP2%2Byzn3CLDJ8Pfm758c0sOR3SovacJGNcKnmp6bzeELHFe0ZrfeGld"}],"group":"cf-nel","max_age":604800}', 'NEL': '{"success_fraction":0,"report_to":"cf-nel","max_age":604800}', 'Server': 'cloudflare', 'CF-RAY': '89dd03cf69f33b00-IAD', 'alt-svc': 'h3=":443"; ma=86400'} 
 body={"results":[{"gender":"male","name":{"title":"Monsieur","first":"Léonard","last":"Berger"},"location":{"street":{"number":3125,"name":"Rue de Cuire"},"city":"Kilchberg (Bl)","state":"Basel-Stadt","country":"Switzerland","postcode":2477,"coordinates":{"latitude":"-60.6558","longitude":"-116.5388"},"timezone":{"offset":"-12:00","description":"Eniwetok, Kwajalein"}},"email":"leonard.berger@example.com","login":{"uuid":"90047727-7251-4552-b432-7f9f22a11ed0","username":"browndog541","password":"dominion","salt":"Eiwdvwl0","md5":"5cb852505c15c3d0dc19f94b117492ed","sha1":"ed5e7df8b21adc063b0fefae0228288ec5210b2f","sha256":"3743fefc80055eb632853472ce85a0cc76a0087aee1ef14c6f926e1c1f658ca8"},"dob":{"date":"1997-12-04T11:31:19.421Z","age":26},"registered":{"date":"2013-11-15T05:58:30.796Z","age":10},"phone":"075 600 98 02","cell":"077 482 78 77","id":{"name":"AVS","value":"756.1397.6358.19"},"picture":{"large":"https://randomuser.me/api/portraits/men/98.jpg","medium":"https://randomuser.me/api/portraits/med/men/98.jpg","thumbnail":"https://randomuser.me/api/portraits/thumb/men/98.jpg"},"nat":"CH"}],"info":{"seed":"75ebeb031fecde0d","results":1,"page":1,"version":"1.4"}} 
 </msg>
<msg time="2024-07-04T06:21:23.828816" level="INFO">/opt/hostedtoolcache/Python/3.12.4/x64/lib/python3.12/site-packages/urllib3/connectionpool.py:1099: InsecureRequestWarning: Unverified HTTPS request is being made to host 'randomuser.me'. Adding certificate verification is strongly advised. See: https://urllib3.readthedocs.io/en/latest/advanced-usage.html#tls-warnings
  warnings.warn(</msg>
<msg time="2024-07-04T06:21:23.828963" level="INFO">${response} = &lt;Response [200]&gt;</msg>
<var>${response}</var>
<arg>consultarAPI</arg>
<arg>/api</arg>
<doc>Sends a GET request on a previously created HTTP Session.</doc>
<status status="PASS" start="2024-07-04T06:21:23.740024" elapsed="0.088981"/>
</kw>
<kw name="Set Variable" owner="BuiltIn">
<msg time="2024-07-04T06:21:23.829896" level="INFO">${json_data} = {'results': [{'gender': 'male', 'name': {'title': 'Monsieur', 'first': 'Léonard', 'last': 'Berger'}, 'location': {'street': {'number': 3125, 'name': 'Rue de Cuire'}, 'city': 'Kilchberg (Bl)', 'state':...</msg>
<var>${json_data}</var>
<arg>${response.json()}</arg>
<doc>Returns the given values which can then be assigned to a variables.</doc>
<status status="PASS" start="2024-07-04T06:21:23.829443" elapsed="0.000483"/>
</kw>
<kw name="Log" owner="BuiltIn">
<msg time="2024-07-04T06:21:23.830435" level="INFO">{'results': [{'gender': 'male', 'name': {'title': 'Monsieur', 'first': 'Léonard', 'last': 'Berger'}, 'location': {'street': {'number': 3125, 'name': 'Rue de Cuire'}, 'city': 'Kilchberg (Bl)', 'state': 'Basel-Stadt', 'country': 'Switzerland', 'postcode': 2477, 'coordinates': {'latitude': '-60.6558', 'longitude': '-116.5388'}, 'timezone': {'offset': '-12:00', 'description': 'Eniwetok, Kwajalein'}}, 'email': 'leonard.berger@example.com', 'login': {'uuid': '90047727-7251-4552-b432-7f9f22a11ed0', 'username': 'browndog541', 'password': 'dominion', 'salt': 'Eiwdvwl0', 'md5': '5cb852505c15c3d0dc19f94b117492ed', 'sha1': 'ed5e7df8b21adc063b0fefae0228288ec5210b2f', 'sha256': '3743fefc80055eb632853472ce85a0cc76a0087aee1ef14c6f926e1c1f658ca8'}, 'dob': {'date': '1997-12-04T11:31:19.421Z', 'age': 26}, 'registered': {'date': '2013-11-15T05:58:30.796Z', 'age': 10}, 'phone': '075 600 98 02', 'cell': '077 482 78 77', 'id': {'name': 'AVS', 'value': '756.1397.6358.19'}, 'picture': {'large': 'https://randomuser.me/api/portraits/men/98.jpg', 'medium': 'https://randomuser.me/api/portraits/med/men/98.jpg', 'thumbnail': 'https://randomuser.me/api/portraits/thumb/men/98.jpg'}, 'nat': 'CH'}], 'info': {'seed': '75ebeb031fecde0d', 'results': 1, 'page': 1, 'version': '1.4'}}</msg>
<arg>${json_data}</arg>
<doc>Logs the given message with the given level.</doc>
<status status="PASS" start="2024-07-04T06:21:23.830270" elapsed="0.000215"/>
</kw>
<kw name="Dictionary Should Contain Key" owner="Collections">
<arg>${json_data}</arg>
<arg>results</arg>
<doc>Fails if ``key`` is not found from ``dictionary``.</doc>
<status status="PASS" start="2024-07-04T06:21:23.830781" elapsed="0.000156"/>
</kw>
<kw name="Should Not Be Empty" owner="BuiltIn">
<msg time="2024-07-04T06:21:23.831258" level="INFO">Length is 2.</msg>
<arg>${json_data}</arg>
<doc>Verifies that the given item is not empty.</doc>
<status status="PASS" start="2024-07-04T06:21:23.831119" elapsed="0.000179"/>
</kw>
<kw name="Create List" owner="BuiltIn">
<msg time="2024-07-04T06:21:23.831873" level="INFO">${expected_keys} = ['gender', 'name', 'location', 'email', 'login']</msg>
<var>${expected_keys}</var>
<arg>gender</arg>
<arg>name</arg>
<arg>location</arg>
<arg>email</arg>
<arg>login</arg>
<doc>Returns a list containing given items.</doc>
<status status="PASS" start="2024-07-04T06:21:23.831592" elapsed="0.000307"/>
</kw>
<for flavor="IN">
<iter>
<kw name="Dictionary Should Contain Key" owner="Collections">
<arg>${json_data['results'][0]}</arg>
<arg>${key}</arg>
<doc>Fails if ``key`` is not found from ``dictionary``.</doc>
<status status="PASS" start="2024-07-04T06:21:23.832475" elapsed="0.000393"/>
</kw>
<kw name="Log" owner="BuiltIn">
<msg time="2024-07-04T06:21:23.833417" level="INFO">{'gender': 'male', 'name': {'title': 'Monsieur', 'first': 'Léonard', 'last': 'Berger'}, 'location': {'street': {'number': 3125, 'name': 'Rue de Cuire'}, 'city': 'Kilchberg (Bl)', 'state': 'Basel-Stadt', 'country': 'Switzerland', 'postcode': 2477, 'coordinates': {'latitude': '-60.6558', 'longitude': '-116.5388'}, 'timezone': {'offset': '-12:00', 'description': 'Eniwetok, Kwajalein'}}, 'email': 'leonard.berger@example.com', 'login': {'uuid': '90047727-7251-4552-b432-7f9f22a11ed0', 'username': 'browndog541', 'password': 'dominion', 'salt': 'Eiwdvwl0', 'md5': '5cb852505c15c3d0dc19f94b117492ed', 'sha1': 'ed5e7df8b21adc063b0fefae0228288ec5210b2f', 'sha256': '3743fefc80055eb632853472ce85a0cc76a0087aee1ef14c6f926e1c1f658ca8'}, 'dob': {'date': '1997-12-04T11:31:19.421Z', 'age': 26}, 'registered': {'date': '2013-11-15T05:58:30.796Z', 'age': 10}, 'phone': '075 600 98 02', 'cell': '077 482 78 77', 'id': {'name': 'AVS', 'value': '756.1397.6358.19'}, 'picture': {'large': 'https://randomuser.me/api/portraits/men/98.jpg', 'medium': 'https://randomuser.me/api/portraits/med/men/98.jpg', 'thumbnail': 'https://randomuser.me/api/portraits/thumb/men/98.jpg'}, 'nat': 'CH'}</msg>
<arg>${json_data['results'][0]}</arg>
<doc>Logs the given message with the given level.</doc>
<status status="PASS" start="2024-07-04T06:21:23.833055" elapsed="0.000412"/>
</kw>
<kw name="Log" owner="BuiltIn">
<msg time="2024-07-04T06:21:23.833899" level="INFO">gender</msg>
<arg>${key}</arg>
<doc>Logs the given message with the given level.</doc>
<status status="PASS" start="2024-07-04T06:21:23.833768" elapsed="0.000170"/>
</kw>
<var name="${key}">gender</var>
<status status="PASS" start="2024-07-04T06:21:23.832350" elapsed="0.001805"/>
</iter>
<iter>
<kw name="Dictionary Should Contain Key" owner="Collections">
<arg>${json_data['results'][0]}</arg>
<arg>${key}</arg>
<doc>Fails if ``key`` is not found from ``dictionary``.</doc>
<status status="PASS" start="2024-07-04T06:21:23.834489" elapsed="0.000396"/>
</kw>
<kw name="Log" owner="BuiltIn">
<msg time="2024-07-04T06:21:23.835422" level="INFO">{'gender': 'male', 'name': {'title': 'Monsieur', 'first': 'Léonard', 'last': 'Berger'}, 'location': {'street': {'number': 3125, 'name': 'Rue de Cuire'}, 'city': 'Kilchberg (Bl)', 'state': 'Basel-Stadt', 'country': 'Switzerland', 'postcode': 2477, 'coordinates': {'latitude': '-60.6558', 'longitude': '-116.5388'}, 'timezone': {'offset': '-12:00', 'description': 'Eniwetok, Kwajalein'}}, 'email': 'leonard.berger@example.com', 'login': {'uuid': '90047727-7251-4552-b432-7f9f22a11ed0', 'username': 'browndog541', 'password': 'dominion', 'salt': 'Eiwdvwl0', 'md5': '5cb852505c15c3d0dc19f94b117492ed', 'sha1': 'ed5e7df8b21adc063b0fefae0228288ec5210b2f', 'sha256': '3743fefc80055eb632853472ce85a0cc76a0087aee1ef14c6f926e1c1f658ca8'}, 'dob': {'date': '1997-12-04T11:31:19.421Z', 'age': 26}, 'registered': {'date': '2013-11-15T05:58:30.796Z', 'age': 10}, 'phone': '075 600 98 02', 'cell': '077 482 78 77', 'id': {'name': 'AVS', 'value': '756.1397.6358.19'}, 'picture': {'large': 'https://randomuser.me/api/portraits/men/98.jpg', 'medium': 'https://randomuser.me/api/portraits/med/men/98.jpg', 'thumbnail': 'https://randomuser.me/api/portraits/thumb/men/98.jpg'}, 'nat': 'CH'}</msg>
<arg>${json_data['results'][0]}</arg>
<doc>Logs the given message with the given level.</doc>
<status status="PASS" start="2024-07-04T06:21:23.835069" elapsed="0.000435"/>
</kw>
<kw name="Log" owner="BuiltIn">
<msg time="2024-07-04T06:21:23.835937" level="INFO">name</msg>
<arg>${key}</arg>
<doc>Logs the given message with the given level.</doc>
<status status="PASS" start="2024-07-04T06:21:23.835807" elapsed="0.000169"/>
</kw>
<var name="${key}">name</var>
<status status="PASS" start="2024-07-04T06:21:23.834376" elapsed="0.001844"/>
</iter>
<iter>
<kw name="Dictionary Should Contain Key" owner="Collections">
<arg>${json_data['results'][0]}</arg>
<arg>${key}</arg>
<doc>Fails if ``key`` is not found from ``dictionary``.</doc>
<status status="PASS" start="2024-07-04T06:21:23.836504" elapsed="0.000383"/>
</kw>
<kw name="Log" owner="BuiltIn">
<msg time="2024-07-04T06:21:23.837421" level="INFO">{'gender': 'male', 'name': {'title': 'Monsieur', 'first': 'Léonard', 'last': 'Berger'}, 'location': {'street': {'number': 3125, 'name': 'Rue de Cuire'}, 'city': 'Kilchberg (Bl)', 'state': 'Basel-Stadt', 'country': 'Switzerland', 'postcode': 2477, 'coordinates': {'latitude': '-60.6558', 'longitude': '-116.5388'}, 'timezone': {'offset': '-12:00', 'description': 'Eniwetok, Kwajalein'}}, 'email': 'leonard.berger@example.com', 'login': {'uuid': '90047727-7251-4552-b432-7f9f22a11ed0', 'username': 'browndog541', 'password': 'dominion', 'salt': 'Eiwdvwl0', 'md5': '5cb852505c15c3d0dc19f94b117492ed', 'sha1': 'ed5e7df8b21adc063b0fefae0228288ec5210b2f', 'sha256': '3743fefc80055eb632853472ce85a0cc76a0087aee1ef14c6f926e1c1f658ca8'}, 'dob': {'date': '1997-12-04T11:31:19.421Z', 'age': 26}, 'registered': {'date': '2013-11-15T05:58:30.796Z', 'age': 10}, 'phone': '075 600 98 02', 'cell': '077 482 78 77', 'id': {'name': 'AVS', 'value': '756.1397.6358.19'}, 'picture': {'large': 'https://randomuser.me/api/portraits/men/98.jpg', 'medium': 'https://randomuser.me/api/portraits/med/men/98.jpg', 'thumbnail': 'https://randomuser.me/api/portraits/thumb/men/98.jpg'}, 'nat': 'CH'}</msg>
<arg>${json_data['results'][0]}</arg>
<doc>Logs the given message with the given level.</doc>
<status status="PASS" start="2024-07-04T06:21:23.837070" elapsed="0.000403"/>
</kw>
<kw name="Log" owner="BuiltIn">
<msg time="2024-07-04T06:21:23.837903" level="INFO">location</msg>
<arg>${key}</arg>
<doc>Logs the given message with the given level.</doc>
<status status="PASS" start="2024-07-04T06:21:23.837774" elapsed="0.000167"/>
</kw>
<var name="${key}">location</var>
<status status="PASS" start="2024-07-04T06:21:23.836397" elapsed="0.001760"/>
</iter>
<iter>
<kw name="Dictionary Should Contain Key" owner="Collections">
<arg>${json_data['results'][0]}</arg>
<arg>${key}</arg>
<doc>Fails if ``key`` is not found from ``dictionary``.</doc>
<status status="PASS" start="2024-07-04T06:21:23.838472" elapsed="0.000390"/>
</kw>
<kw name="Log" owner="BuiltIn">
<msg time="2024-07-04T06:21:23.839398" level="INFO">{'gender': 'male', 'name': {'title': 'Monsieur', 'first': 'Léonard', 'last': 'Berger'}, 'location': {'street': {'number': 3125, 'name': 'Rue de Cuire'}, 'city': 'Kilchberg (Bl)', 'state': 'Basel-Stadt', 'country': 'Switzerland', 'postcode': 2477, 'coordinates': {'latitude': '-60.6558', 'longitude': '-116.5388'}, 'timezone': {'offset': '-12:00', 'description': 'Eniwetok, Kwajalein'}}, 'email': 'leonard.berger@example.com', 'login': {'uuid': '90047727-7251-4552-b432-7f9f22a11ed0', 'username': 'browndog541', 'password': 'dominion', 'salt': 'Eiwdvwl0', 'md5': '5cb852505c15c3d0dc19f94b117492ed', 'sha1': 'ed5e7df8b21adc063b0fefae0228288ec5210b2f', 'sha256': '3743fefc80055eb632853472ce85a0cc76a0087aee1ef14c6f926e1c1f658ca8'}, 'dob': {'date': '1997-12-04T11:31:19.421Z', 'age': 26}, 'registered': {'date': '2013-11-15T05:58:30.796Z', 'age': 10}, 'phone': '075 600 98 02', 'cell': '077 482 78 77', 'id': {'name': 'AVS', 'value': '756.1397.6358.19'}, 'picture': {'large': 'https://randomuser.me/api/portraits/men/98.jpg', 'medium': 'https://randomuser.me/api/portraits/med/men/98.jpg', 'thumbnail': 'https://randomuser.me/api/portraits/thumb/men/98.jpg'}, 'nat': 'CH'}</msg>
<arg>${json_data['results'][0]}</arg>
<doc>Logs the given message with the given level.</doc>
<status status="PASS" start="2024-07-04T06:21:23.839048" elapsed="0.000400"/>
</kw>
<kw name="Log" owner="BuiltIn">
<msg time="2024-07-04T06:21:23.839874" level="INFO">email</msg>
<arg>${key}</arg>
<doc>Logs the given message with the given level.</doc>
<status status="PASS" start="2024-07-04T06:21:23.839747" elapsed="0.000166"/>
</kw>
<var name="${key}">email</var>
<status status="PASS" start="2024-07-04T06:21:23.838364" elapsed="0.001768"/>
</iter>
<iter>
<kw name="Dictionary Should Contain Key" owner="Collections">
<arg>${json_data['results'][0]}</arg>
<arg>${key}</arg>
<doc>Fails if ``key`` is not found from ``dictionary``.</doc>
<status status="PASS" start="2024-07-04T06:21:23.840421" elapsed="0.000384"/>
</kw>
<kw name="Log" owner="BuiltIn">
<msg time="2024-07-04T06:21:23.841346" level="INFO">{'gender': 'male', 'name': {'title': 'Monsieur', 'first': 'Léonard', 'last': 'Berger'}, 'location': {'street': {'number': 3125, 'name': 'Rue de Cuire'}, 'city': 'Kilchberg (Bl)', 'state': 'Basel-Stadt', 'country': 'Switzerland', 'postcode': 2477, 'coordinates': {'latitude': '-60.6558', 'longitude': '-116.5388'}, 'timezone': {'offset': '-12:00', 'description': 'Eniwetok, Kwajalein'}}, 'email': 'leonard.berger@example.com', 'login': {'uuid': '90047727-7251-4552-b432-7f9f22a11ed0', 'username': 'browndog541', 'password': 'dominion', 'salt': 'Eiwdvwl0', 'md5': '5cb852505c15c3d0dc19f94b117492ed', 'sha1': 'ed5e7df8b21adc063b0fefae0228288ec5210b2f', 'sha256': '3743fefc80055eb632853472ce85a0cc76a0087aee1ef14c6f926e1c1f658ca8'}, 'dob': {'date': '1997-12-04T11:31:19.421Z', 'age': 26}, 'registered': {'date': '2013-11-15T05:58:30.796Z', 'age': 10}, 'phone': '075 600 98 02', 'cell': '077 482 78 77', 'id': {'name': 'AVS', 'value': '756.1397.6358.19'}, 'picture': {'large': 'https://randomuser.me/api/portraits/men/98.jpg', 'medium': 'https://randomuser.me/api/portraits/med/men/98.jpg', 'thumbnail': 'https://randomuser.me/api/portraits/thumb/men/98.jpg'}, 'nat': 'CH'}</msg>
<arg>${json_data['results'][0]}</arg>
<doc>Logs the given message with the given level.</doc>
<status status="PASS" start="2024-07-04T06:21:23.840985" elapsed="0.000411"/>
</kw>
<kw name="Log" owner="BuiltIn">
<msg time="2024-07-04T06:21:23.841816" level="INFO">login</msg>
<arg>${key}</arg>
<doc>Logs the given message with the given level.</doc>
<status status="PASS" start="2024-07-04T06:21:23.841690" elapsed="0.000165"/>
</kw>
<var name="${key}">login</var>
<status status="PASS" start="2024-07-04T06:21:23.840304" elapsed="0.001763"/>
</iter>
<var>${key}</var>
<value>@{expected_keys}</value>
<status status="PASS" start="2024-07-04T06:21:23.832171" elapsed="0.010018"/>
</for>
<kw name="Create List" owner="BuiltIn">
<msg time="2024-07-04T06:21:23.842642" level="INFO">${expected_keysTwo} = ['username', 'password']</msg>
<var>${expected_keysTwo}</var>
<arg>username</arg>
<arg>password</arg>
<doc>Returns a list containing given items.</doc>
<status status="PASS" start="2024-07-04T06:21:23.842463" elapsed="0.000204"/>
</kw>
<for flavor="IN">
<iter>
<kw name="Dictionary Should Contain Key" owner="Collections">
<arg>${json_data['results'][0]['login']}</arg>
<arg>${keyTwo}</arg>
<doc>Fails if ``key`` is not found from ``dictionary``.</doc>
<status status="PASS" start="2024-07-04T06:21:23.843170" elapsed="0.000384"/>
</kw>
<kw name="Dictionary Should Contain Key" owner="Collections">
<arg>${json_data['results'][0]['login']}</arg>
<arg>${keyTwo}</arg>
<doc>Fails if ``key`` is not found from ``dictionary``.</doc>
<status status="PASS" start="2024-07-04T06:21:23.843733" elapsed="0.000382"/>
</kw>
<kw name="Log" owner="BuiltIn">
<msg time="2024-07-04T06:21:23.844421" level="INFO">username</msg>
<arg>${keyTwo}</arg>
<doc>Logs the given message with the given level.</doc>
<status status="PASS" start="2024-07-04T06:21:23.844299" elapsed="0.000159"/>
</kw>
<var name="${keyTwo}">username</var>
<status status="PASS" start="2024-07-04T06:21:23.843062" elapsed="0.001616"/>
</iter>
<iter>
<kw name="Dictionary Should Contain Key" owner="Collections">
<arg>${json_data['results'][0]['login']}</arg>
<arg>${keyTwo}</arg>
<doc>Fails if ``key`` is not found from ``dictionary``.</doc>
<status status="PASS" start="2024-07-04T06:21:23.844956" elapsed="0.000384"/>
</kw>
<kw name="Dictionary Should Contain Key" owner="Collections">
<arg>${json_data['results'][0]['login']}</arg>
<arg>${keyTwo}</arg>
<doc>Fails if ``key`` is not found from ``dictionary``.</doc>
<status status="PASS" start="2024-07-04T06:21:23.845519" elapsed="0.000371"/>
</kw>
<kw name="Log" owner="BuiltIn">
<msg time="2024-07-04T06:21:23.846184" level="INFO">password</msg>
<arg>${keyTwo}</arg>
<doc>Logs the given message with the given level.</doc>
<status status="PASS" start="2024-07-04T06:21:23.846065" elapsed="0.000187"/>
</kw>
<var name="${keyTwo}">password</var>
<status status="PASS" start="2024-07-04T06:21:23.844851" elapsed="0.001726"/>
</iter>
<var>${keyTwo}</var>
<value>@{expected_keysTwo}</value>
<status status="PASS" start="2024-07-04T06:21:23.842908" elapsed="0.003791"/>
</for>
<status status="PASS" start="2024-07-04T06:21:23.739792" elapsed="0.107046"/>
</kw>
<doc>Testa a estrutura da resposta da API.</doc>
<tag>testeEstruturaResposta</tag>
<status status="PASS" start="2024-07-04T06:21:23.739306" elapsed="0.107677"/>
</test>
<test id="s1-s1-t4" name="Validar tipos de dados" line="28">
<kw name="Teste de Tipos de Dados" owner="random-user-service">
<kw name="GET On Session" owner="RequestsLibrary">
<msg time="2024-07-04T06:21:23.930019" level="INFO">GET Request : url=https://randomuser.me/api 
 path_url=/api 
 headers={'User-Agent': 'python-requests/2.32.3', 'Accept-Encoding': 'gzip, deflate', 'Accept': '*/*', 'Connection': 'keep-alive'} 
 body=None 
 </msg>
<msg time="2024-07-04T06:21:23.930104" level="INFO">GET Response : url=https://randomuser.me/api 
 status=200, reason=OK 
 headers={'Date': 'Thu, 04 Jul 2024 06:21:23 GMT', 'Content-Type': 'application/json; charset=utf-8', 'Transfer-Encoding': 'chunked', 'Connection': 'keep-alive', 'X-Powered-By': 'Express', 'Access-Control-Allow-Origin': '*', 'Cache-Control': 'no-cache', 'ETag': 'W/"48d-7qDeFEx+d/AeZVqo9Q7qBnjHwiI"', 'Vary': 'Accept-Encoding', 'Content-Encoding': 'gzip', 'CF-Cache-Status': 'DYNAMIC', 'Report-To': '{"endpoints":[{"url":"https:\\/\\/a.nel.cloudflare.com\\/report\\/v4?s=2jRw%2BnPIwa6BeHHj68uY%2F8somTSmRFtvsjyWkjNYHRPJpxdSR7XuP9Ybw1yiHyLIhc54ryuxHWs0fHf7cl7ICG939OStExpwUcWBab%2BhU3UaswQj8gumUsza2mG81lpQ"}],"group":"cf-nel","max_age":604800}', 'NEL': '{"success_fraction":0,"report_to":"cf-nel","max_age":604800}', 'Server': 'cloudflare', 'CF-RAY': '89dd03d01a8e3b00-IAD', 'alt-svc': 'h3=":443"; ma=86400'} 
 body={"results":[{"gender":"male","name":{"title":"Mr","first":"Taylor","last":"Foster"},"location":{"street":{"number":2312,"name":"Fairview Road"},"city":"Stevenage","state":"County Down","country":"United Kingdom","postcode":"LQ1C 4AA","coordinates":{"latitude":"-5.4246","longitude":"-50.0441"},"timezone":{"offset":"-3:30","description":"Newfoundland"}},"email":"taylor.foster@example.com","login":{"uuid":"e4532c38-1ce0-449f-8338-8f12d4625b29","username":"blueleopard575","password":"chiefs","salt":"hU4apK0X","md5":"05d0ab7b9a220ce2c3e730be81206f24","sha1":"d0c2d9c95950bb4067415f3b6ae40d50d5954818","sha256":"0366b72be478705a2ac60d2afd192d2251fdcf413b7350df32523515e630d346"},"dob":{"date":"1999-07-27T03:26:33.399Z","age":24},"registered":{"date":"2003-08-15T02:12:47.008Z","age":20},"phone":"0118776 305 9096","cell":"07363 814085","id":{"name":"NINO","value":"OJ 31 70 41 I"},"picture":{"large":"https://randomuser.me/api/portraits/men/14.jpg","medium":"https://randomuser.me/api/portraits/med/men/14.jpg","thumbnail":"https://randomuser.me/api/portraits/thumb/men/14.jpg"},"nat":"GB"}],"info":{"seed":"7b50a121286a3727","results":1,"page":1,"version":"1.4"}} 
 </msg>
<msg time="2024-07-04T06:21:23.930177" level="INFO">/opt/hostedtoolcache/Python/3.12.4/x64/lib/python3.12/site-packages/urllib3/connectionpool.py:1099: InsecureRequestWarning: Unverified HTTPS request is being made to host 'randomuser.me'. Adding certificate verification is strongly advised. See: https://urllib3.readthedocs.io/en/latest/advanced-usage.html#tls-warnings
  warnings.warn(</msg>
<msg time="2024-07-04T06:21:23.930295" level="INFO">${response} = &lt;Response [200]&gt;</msg>
<var>${response}</var>
<arg>consultarAPI</arg>
<arg>/api</arg>
<doc>Sends a GET request on a previously created HTTP Session.</doc>
<status status="PASS" start="2024-07-04T06:21:23.849467" elapsed="0.080867"/>
</kw>
<kw name="Set Variable" owner="BuiltIn">
<msg time="2024-07-04T06:21:23.931307" level="INFO">${json_data} = {'results': [{'gender': 'male', 'name': {'title': 'Mr', 'first': 'Taylor', 'last': 'Foster'}, 'location': {'street': {'number': 2312, 'name': 'Fairview Road'}, 'city': 'Stevenage', 'state': 'County Do...</msg>
<var>${json_data}</var>
<arg>${response.json()}</arg>
<doc>Returns the given values which can then be assigned to a variables.</doc>
<status status="PASS" start="2024-07-04T06:21:23.930765" elapsed="0.000571"/>
</kw>
<kw name="Log" owner="BuiltIn">
<msg time="2024-07-04T06:21:23.931798" level="INFO">{'results': [{'gender': 'male', 'name': {'title': 'Mr', 'first': 'Taylor', 'last': 'Foster'}, 'location': {'street': {'number': 2312, 'name': 'Fairview Road'}, 'city': 'Stevenage', 'state': 'County Down', 'country': 'United Kingdom', 'postcode': 'LQ1C 4AA', 'coordinates': {'latitude': '-5.4246', 'longitude': '-50.0441'}, 'timezone': {'offset': '-3:30', 'description': 'Newfoundland'}}, 'email': 'taylor.foster@example.com', 'login': {'uuid': 'e4532c38-1ce0-449f-8338-8f12d4625b29', 'username': 'blueleopard575', 'password': 'chiefs', 'salt': 'hU4apK0X', 'md5': '05d0ab7b9a220ce2c3e730be81206f24', 'sha1': 'd0c2d9c95950bb4067415f3b6ae40d50d5954818', 'sha256': '0366b72be478705a2ac60d2afd192d2251fdcf413b7350df32523515e630d346'}, 'dob': {'date': '1999-07-27T03:26:33.399Z', 'age': 24}, 'registered': {'date': '2003-08-15T02:12:47.008Z', 'age': 20}, 'phone': '0118776 305 9096', 'cell': '07363 814085', 'id': {'name': 'NINO', 'value': 'OJ 31 70 41 I'}, 'picture': {'large': 'https://randomuser.me/api/portraits/men/14.jpg', 'medium': 'https://randomuser.me/api/portraits/med/men/14.jpg', 'thumbnail': 'https://randomuser.me/api/portraits/thumb/men/14.jpg'}, 'nat': 'GB'}], 'info': {'seed': '7b50a121286a3727', 'results': 1, 'page': 1, 'version': '1.4'}}</msg>
<arg>${json_data}</arg>
<doc>Logs the given message with the given level.</doc>
<status status="PASS" start="2024-07-04T06:21:23.931642" elapsed="0.000203"/>
</kw>
<kw name="Should Be String" owner="String">
<arg>${json_data['results'][0]['gender']}</arg>
<doc>Fails if the given ``item`` is not a string.</doc>
<status status="PASS" start="2024-07-04T06:21:23.932138" elapsed="0.000358"/>
</kw>
<kw name="Should Match Regexp" owner="BuiltIn">
<arg>${json_data['results'][0]['email']}</arg>
<arg>^[a-zA-Z0-9._%+-]+@[a-zA-Z0-9.-]+\.[a-zA-Z]{2,}$</arg>
<doc>Fails if ``string`` does not match ``pattern`` as a regular expression.</doc>
<status status="PASS" start="2024-07-04T06:21:23.932684" elapsed="0.000525"/>
</kw>
<kw name="Should Match Regexp" owner="BuiltIn">
<arg>${json_data['results'][0]['dob']['date']}</arg>
<arg>\\d{4}-\\d{2}-\\d{2}T\\d{2}:\\d{2}:\\d{2}\\.\\d{3}Z</arg>
<doc>Fails if ``string`` does not match ``pattern`` as a regular expression.</doc>
<status status="PASS" start="2024-07-04T06:21:23.933404" elapsed="0.000475"/>
</kw>
<kw name="Should Match Regexp" owner="BuiltIn">
<arg>${json_data['results'][0]['registered']['date']}</arg>
<arg>\\d{4}-\\d{2}-\\d{2}T\\d{2}:\\d{2}:\\d{2}\\.\\d{3}Z</arg>
<doc>Fails if ``string`` does not match ``pattern`` as a regular expression.</doc>
<status status="PASS" start="2024-07-04T06:21:23.934065" elapsed="0.000400"/>
</kw>
<kw name="Should Match Regexp" owner="BuiltIn">
<arg>${json_data['results'][0]['picture']['large']}</arg>
<arg>^https?://.*\.(?:png|jpe?g|gif|bmp)$</arg>
<doc>Fails if ``string`` does not match ``pattern`` as a regular expression.</doc>
<status status="PASS" start="2024-07-04T06:21:23.934651" elapsed="0.000450"/>
</kw>
<kw name="Should Match Regexp" owner="BuiltIn">
<arg>${json_data['results'][0]['picture']['medium']}</arg>
<arg>^https?://.*\.(?:png|jpe?g|gif|bmp)$</arg>
<doc>Fails if ``string`` does not match ``pattern`` as a regular expression.</doc>
<status status="PASS" start="2024-07-04T06:21:23.935285" elapsed="0.000346"/>
</kw>
<kw name="Should Match Regexp" owner="BuiltIn">
<arg>${json_data['results'][0]['picture']['thumbnail']}</arg>
<arg>^https?://.*\.(?:png|jpe?g|gif|bmp)$</arg>
<doc>Fails if ``string`` does not match ``pattern`` as a regular expression.</doc>
<status status="PASS" start="2024-07-04T06:21:23.935812" elapsed="0.000344"/>
</kw>
<kw name="Log" owner="BuiltIn">
<msg time="2024-07-04T06:21:23.936667" level="INFO">{'large': 'https://randomuser.me/api/portraits/men/14.jpg', 'medium': 'https://randomuser.me/api/portraits/med/men/14.jpg', 'thumbnail': 'https://randomuser.me/api/portraits/thumb/men/14.jpg'}</msg>
<arg>${json_data['results'][0]['picture']}</arg>
<doc>Logs the given message with the given level.</doc>
<status status="PASS" start="2024-07-04T06:21:23.936337" elapsed="0.000372"/>
</kw>
<status status="PASS" start="2024-07-04T06:21:23.849250" elapsed="0.087709"/>
</kw>
<kw name="Teste de Tipos de Dados - Postcode" owner="random-user-service">
<kw name="GET On Session" owner="RequestsLibrary">
<msg time="2024-07-04T06:21:24.034253" level="INFO">GET Request : url=https://randomuser.me/api 
 path_url=/api 
 headers={'User-Agent': 'python-requests/2.32.3', 'Accept-Encoding': 'gzip, deflate', 'Accept': '*/*', 'Connection': 'keep-alive'} 
 body=None 
 </msg>
<msg time="2024-07-04T06:21:24.034347" level="INFO">GET Response : url=https://randomuser.me/api 
 status=200, reason=OK 
 headers={'Date': 'Thu, 04 Jul 2024 06:21:24 GMT', 'Content-Type': 'application/json; charset=utf-8', 'Transfer-Encoding': 'chunked', 'Connection': 'keep-alive', 'X-Powered-By': 'Express', 'Access-Control-Allow-Origin': '*', 'Cache-Control': 'no-cache', 'ETag': 'W/"494-GRsSpuItAC+KSLbwlbpM9zQxhxY"', 'Vary': 'Accept-Encoding', 'Content-Encoding': 'gzip', 'CF-Cache-Status': 'DYNAMIC', 'Report-To': '{"endpoints":[{"url":"https:\\/\\/a.nel.cloudflare.com\\/report\\/v4?s=TBXjMTVSTvXa9aj%2B%2BdiPJKYT1hjzxb%2BfpkDo9hqwXo47jzurzaMQLWpIVZMUUMo5HGIw4Mz24P4chy1a8x7BsTTIZLbugAor%2BIlGOcGm6abIXvkROBQTNTUE3PSemw8Y"}],"group":"cf-nel","max_age":604800}', 'NEL': '{"success_fraction":0,"report_to":"cf-nel","max_age":604800}', 'Server': 'cloudflare', 'CF-RAY': '89dd03d09af73b00-IAD', 'alt-svc': 'h3=":443"; ma=86400'} 
 body={"results":[{"gender":"male","name":{"title":"Mr","first":"Maurice","last":"Bell"},"location":{"street":{"number":4844,"name":"Crockett St"},"city":"Shepparton","state":"Northern Territory","country":"Australia","postcode":4365,"coordinates":{"latitude":"-82.4211","longitude":"-46.7135"},"timezone":{"offset":"+4:00","description":"Abu Dhabi, Muscat, Baku, Tbilisi"}},"email":"maurice.bell@example.com","login":{"uuid":"b0972c4d-868a-483c-8553-6c5e500e86dd","username":"greenelephant481","password":"frodo1","salt":"FxINInVY","md5":"bf8ceb35bdef5e7810a71515aec59618","sha1":"8347617ec4c7f0fa9f3f3b4f1afb5667f02c3321","sha256":"a0f7b0d29515103f7bd6154bbe12674014756173cc1261a694715928d5816826"},"dob":{"date":"1987-07-26T17:09:38.925Z","age":36},"registered":{"date":"2009-06-04T03:45:04.638Z","age":15},"phone":"03-0095-4881","cell":"0465-545-097","id":{"name":"TFN","value":"411002588"},"picture":{"large":"https://randomuser.me/api/portraits/men/91.jpg","medium":"https://randomuser.me/api/portraits/med/men/91.jpg","thumbnail":"https://randomuser.me/api/portraits/thumb/men/91.jpg"},"nat":"AU"}],"info":{"seed":"fcbb2008994c5d6a","results":1,"page":1,"version":"1.4"}} 
 </msg>
<msg time="2024-07-04T06:21:24.034402" level="INFO">/opt/hostedtoolcache/Python/3.12.4/x64/lib/python3.12/site-packages/urllib3/connectionpool.py:1099: InsecureRequestWarning: Unverified HTTPS request is being made to host 'randomuser.me'. Adding certificate verification is strongly advised. See: https://urllib3.readthedocs.io/en/latest/advanced-usage.html#tls-warnings
  warnings.warn(</msg>
<msg time="2024-07-04T06:21:24.034487" level="INFO">${response} = &lt;Response [200]&gt;</msg>
<var>${response}</var>
<arg>consultarAPI</arg>
<arg>/api</arg>
<doc>Sends a GET request on a previously created HTTP Session.</doc>
<status status="PASS" start="2024-07-04T06:21:23.937381" elapsed="0.097140"/>
</kw>
<kw name="Set Variable" owner="BuiltIn">
<msg time="2024-07-04T06:21:24.035345" level="INFO">${json_data} = {'results': [{'gender': 'male', 'name': {'title': 'Mr', 'first': 'Maurice', 'last': 'Bell'}, 'location': {'street': {'number': 4844, 'name': 'Crockett St'}, 'city': 'Shepparton', 'state': 'Northern Te...</msg>
<var>${json_data}</var>
<arg>${response.json()}</arg>
<doc>Returns the given values which can then be assigned to a variables.</doc>
<status status="PASS" start="2024-07-04T06:21:24.034895" elapsed="0.000479"/>
</kw>
<kw name="Log" owner="BuiltIn">
<msg time="2024-07-04T06:21:24.035840" level="INFO">{'results': [{'gender': 'male', 'name': {'title': 'Mr', 'first': 'Maurice', 'last': 'Bell'}, 'location': {'street': {'number': 4844, 'name': 'Crockett St'}, 'city': 'Shepparton', 'state': 'Northern Territory', 'country': 'Australia', 'postcode': 4365, 'coordinates': {'latitude': '-82.4211', 'longitude': '-46.7135'}, 'timezone': {'offset': '+4:00', 'description': 'Abu Dhabi, Muscat, Baku, Tbilisi'}}, 'email': 'maurice.bell@example.com', 'login': {'uuid': 'b0972c4d-868a-483c-8553-6c5e500e86dd', 'username': 'greenelephant481', 'password': 'frodo1', 'salt': 'FxINInVY', 'md5': 'bf8ceb35bdef5e7810a71515aec59618', 'sha1': '8347617ec4c7f0fa9f3f3b4f1afb5667f02c3321', 'sha256': 'a0f7b0d29515103f7bd6154bbe12674014756173cc1261a694715928d5816826'}, 'dob': {'date': '1987-07-26T17:09:38.925Z', 'age': 36}, 'registered': {'date': '2009-06-04T03:45:04.638Z', 'age': 15}, 'phone': '03-0095-4881', 'cell': '0465-545-097', 'id': {'name': 'TFN', 'value': '411002588'}, 'picture': {'large': 'https://randomuser.me/api/portraits/men/91.jpg', 'medium': 'https://randomuser.me/api/portraits/med/men/91.jpg', 'thumbnail': 'https://randomuser.me/api/portraits/thumb/men/91.jpg'}, 'nat': 'AU'}], 'info': {'seed': 'fcbb2008994c5d6a', 'results': 1, 'page': 1, 'version': '1.4'}}</msg>
<arg>${json_data}</arg>
<doc>Logs the given message with the given level.</doc>
<status status="PASS" start="2024-07-04T06:21:24.035685" elapsed="0.000203"/>
</kw>
<kw name="Should Be Equal As Numbers" owner="BuiltIn">
<arg>${json_data['results'][0]['location']['postcode']}</arg>
<arg>${json_data['results'][0]['location']['postcode']}</arg>
<doc>Fails if objects are unequal after converting them to real numbers.</doc>
<status status="PASS" start="2024-07-04T06:21:24.036184" elapsed="0.000634"/>
</kw>
<kw name="Log" owner="BuiltIn">
<msg time="2024-07-04T06:21:24.037479" level="INFO">4365</msg>
<arg>${json_data['results'][0]['location']['postcode']}</arg>
<doc>Logs the given message with the given level.</doc>
<status status="PASS" start="2024-07-04T06:21:24.037016" elapsed="0.000540"/>
</kw>
<status status="PASS" start="2024-07-04T06:21:23.937167" elapsed="0.100643"/>
</kw>
<doc>Testa se os tipos de dados na resposta da API estão corretos.</doc>
<tag>testeTiposDados</tag>
<status status="PASS" start="2024-07-04T06:21:23.848744" elapsed="0.189225"/>
</test>
<test id="s1-s1-t5" name="Validar conteudo" line="35">
<kw name="Teste de Tipos de Conteudo" owner="random-user-service">
<kw name="GET On Session" owner="RequestsLibrary">
<msg time="2024-07-04T06:21:24.128048" level="INFO">GET Request : url=https://randomuser.me/api 
 path_url=/api 
 headers={'User-Agent': 'python-requests/2.32.3', 'Accept-Encoding': 'gzip, deflate', 'Accept': '*/*', 'Connection': 'keep-alive'} 
 body=None 
 </msg>
<msg time="2024-07-04T06:21:24.128111" level="INFO">GET Response : url=https://randomuser.me/api 
 status=200, reason=OK 
 headers={'Date': 'Thu, 04 Jul 2024 06:21:24 GMT', 'Content-Type': 'application/json; charset=utf-8', 'Transfer-Encoding': 'chunked', 'Connection': 'keep-alive', 'X-Powered-By': 'Express', 'Access-Control-Allow-Origin': '*', 'Cache-Control': 'no-cache', 'ETag': 'W/"4a0-mTWRUCDvUKDnvWY0zgClzqGJUPM"', 'Vary': 'Accept-Encoding', 'Content-Encoding': 'gzip', 'CF-Cache-Status': 'DYNAMIC', 'Report-To': '{"endpoints":[{"url":"https:\\/\\/a.nel.cloudflare.com\\/report\\/v4?s=8IK%2FKiYaKU7LfQEFvbMGVNPJwYT%2FzINiD3aj2QhBtwSIGnNbSIkO5QsX9zK5izNZ5BuHQE2TfmBIoFhaKpRuTsnWWJT9l3kyKr4tzw5Qq%2FeZvpOOt5B%2BEFELELyQqK5Y"}],"group":"cf-nel","max_age":604800}', 'NEL': '{"success_fraction":0,"report_to":"cf-nel","max_age":604800}', 'Server': 'cloudflare', 'CF-RAY': '89dd03d14b873b00-IAD', 'alt-svc': 'h3=":443"; ma=86400'} 
 body={"results":[{"gender":"female","name":{"title":"Madame","first":"Isabel","last":"Noel"},"location":{"street":{"number":7005,"name":"Rue de la Baleine"},"city":"Arogno","state":"Basel-Landschaft","country":"Switzerland","postcode":3055,"coordinates":{"latitude":"-59.9333","longitude":"57.6851"},"timezone":{"offset":"-1:00","description":"Azores, Cape Verde Islands"}},"email":"isabel.noel@example.com","login":{"uuid":"6cd6b902-6477-41e3-a144-c4916937bc56","username":"crazyrabbit380","password":"doogie","salt":"rECg6mAe","md5":"8dd0fe72bcb951792047d2779affa40c","sha1":"d90c04d52d04eedbd9d83ce6b81d03edcac01e99","sha256":"f31a6938c4fcf59a6b9d91999400afa781fa6164ea75b50c7b2a190e4cb9c57a"},"dob":{"date":"1979-08-29T07:24:32.870Z","age":44},"registered":{"date":"2004-09-25T08:20:18.614Z","age":19},"phone":"077 773 47 78","cell":"075 910 40 04","id":{"name":"AVS","value":"756.0131.3798.60"},"picture":{"large":"https://randomuser.me/api/portraits/women/38.jpg","medium":"https://randomuser.me/api/portraits/med/women/38.jpg","thumbnail":"https://randomuser.me/api/portraits/thumb/women/38.jpg"},"nat":"CH"}],"info":{"seed":"b2b8f3e075cd8b7e","results":1,"page":1,"version":"1.4"}} 
 </msg>
<msg time="2024-07-04T06:21:24.128164" level="INFO">/opt/hostedtoolcache/Python/3.12.4/x64/lib/python3.12/site-packages/urllib3/connectionpool.py:1099: InsecureRequestWarning: Unverified HTTPS request is being made to host 'randomuser.me'. Adding certificate verification is strongly advised. See: https://urllib3.readthedocs.io/en/latest/advanced-usage.html#tls-warnings
  warnings.warn(</msg>
<msg time="2024-07-04T06:21:24.128248" level="INFO">${response} = &lt;Response [200]&gt;</msg>
<var>${response}</var>
<arg>consultarAPI</arg>
<arg>/api</arg>
<doc>Sends a GET request on a previously created HTTP Session.</doc>
<status status="PASS" start="2024-07-04T06:21:24.040461" elapsed="0.087828"/>
</kw>
<kw name="Set Variable" owner="BuiltIn">
<msg time="2024-07-04T06:21:24.129288" level="INFO">${json_data} = {'results': [{'gender': 'female', 'name': {'title': 'Madame', 'first': 'Isabel', 'last': 'Noel'}, 'location': {'street': {'number': 7005, 'name': 'Rue de la Baleine'}, 'city': 'Arogno', 'state': 'Base...</msg>
<var>${json_data}</var>
<arg>${response.json()}</arg>
<doc>Returns the given values which can then be assigned to a variables.</doc>
<status status="PASS" start="2024-07-04T06:21:24.128753" elapsed="0.000565"/>
</kw>
<kw name="Set Variable" owner="BuiltIn">
<msg time="2024-07-04T06:21:24.129997" level="INFO">${name_title} = Madame</msg>
<var>${name_title}</var>
<arg>${json_data["results"][0]["name"]["title"]}</arg>
<doc>Returns the given values which can then be assigned to a variables.</doc>
<status status="PASS" start="2024-07-04T06:21:24.129621" elapsed="0.000401"/>
</kw>
<kw name="Create List" owner="BuiltIn">
<msg time="2024-07-04T06:21:24.130496" level="INFO">${allowed_titles} = ['Mr', 'Ms', 'Miss', 'Mrs', 'Madame', 'Monsieur']</msg>
<var>${allowed_titles}</var>
<arg>Mr</arg>
<arg>Ms</arg>
<arg>Miss</arg>
<arg>Mrs</arg>
<arg>Madame</arg>
<arg>Monsieur</arg>
<doc>Returns a list containing given items.</doc>
<status status="PASS" start="2024-07-04T06:21:24.130345" elapsed="0.000175"/>
</kw>
<kw name="List Should Contain Value" owner="Collections">
<arg>${allowed_titles}</arg>
<arg>${name_title}</arg>
<doc>Fails if the ``value`` is not found from ``list``.</doc>
<status status="PASS" start="2024-07-04T06:21:24.130918" elapsed="0.000213"/>
</kw>
<kw name="Set Variable" owner="BuiltIn">
<msg time="2024-07-04T06:21:24.131694" level="INFO">${name_country} = CH</msg>
<var>${name_country}</var>
<arg>${json_data["results"][0]["nat"]}</arg>
<doc>Returns the given values which can then be assigned to a variables.</doc>
<status status="PASS" start="2024-07-04T06:21:24.131322" elapsed="0.000397"/>
</kw>
<kw name="Create List" owner="BuiltIn">
<msg time="2024-07-04T06:21:24.132647" level="INFO">${list_country} = ['AD', 'AE', 'AF', 'AG', 'AI', 'AL', 'AM', 'AO', 'AQ', 'AR', 'AS', 'AT', 'AU', 'AW', 'AX', 'AZ', 'BA', 'BB', 'BD', 'BE', 'BF', 'BG', 'BH', 'BI', 'BJ', 'BL', 'BM', 'BN', 'BO', 'BQ', 'BR', 'BS', 'BT', '...</msg>
<var>${list_country}</var>
<arg>AD</arg>
<arg>AE</arg>
<arg>AF</arg>
<arg>AG</arg>
<arg>AI</arg>
<arg>AL</arg>
<arg>AM</arg>
<arg>AO</arg>
<arg>AQ</arg>
<arg>AR</arg>
<arg>AS</arg>
<arg>AT</arg>
<arg>AU</arg>
<arg>AW</arg>
<arg>AX</arg>
<arg>AZ</arg>
<arg>BA</arg>
<arg>BB</arg>
<arg>BD</arg>
<arg>BE</arg>
<arg>BF</arg>
<arg>BG</arg>
<arg>BH</arg>
<arg>BI</arg>
<arg>BJ</arg>
<arg>BL</arg>
<arg>BM</arg>
<arg>BN</arg>
<arg>BO</arg>
<arg>BQ</arg>
<arg>BR</arg>
<arg>BS</arg>
<arg>BT</arg>
<arg>BV</arg>
<arg>BW</arg>
<arg>BY</arg>
<arg>BZ</arg>
<arg>CA</arg>
<arg>CC</arg>
<arg>CD</arg>
<arg>CF</arg>
<arg>CG</arg>
<arg>CH</arg>
<arg>CI</arg>
<arg>CK</arg>
<arg>CL</arg>
<arg>CM</arg>
<arg>CN</arg>
<arg>CO</arg>
<arg>CR</arg>
<arg>CU</arg>
<arg>CV</arg>
<arg>CW</arg>
<arg>CX</arg>
<arg>CY</arg>
<arg>CZ</arg>
<arg>DE</arg>
<arg>DJ</arg>
<arg>DK</arg>
<arg>DM</arg>
<arg>DO</arg>
<arg>DZ</arg>
<arg>EC</arg>
<arg>EE</arg>
<arg>EG</arg>
<arg>EH</arg>
<arg>ER</arg>
<arg>ES</arg>
<arg>ET</arg>
<arg>FI</arg>
<arg>FJ</arg>
<arg>FK</arg>
<arg>FM</arg>
<arg>FO</arg>
<arg>FR</arg>
<arg>GA</arg>
<arg>GB</arg>
<arg>GD</arg>
<arg>GE</arg>
<arg>GF</arg>
<arg>GG</arg>
<arg>GH</arg>
<arg>GI</arg>
<arg>GL</arg>
<arg>GM</arg>
<arg>GN</arg>
<arg>GP</arg>
<arg>GQ</arg>
<arg>GR</arg>
<arg>GS</arg>
<arg>GT</arg>
<arg>GU</arg>
<arg>GW</arg>
<arg>GY</arg>
<arg>HK</arg>
<arg>HM</arg>
<arg>HN</arg>
<arg>HR</arg>
<arg>HT</arg>
<arg>HU</arg>
<arg>ID</arg>
<arg>IE</arg>
<arg>IL</arg>
<arg>IM</arg>
<arg>IN</arg>
<arg>IO</arg>
<arg>IQ</arg>
<arg>IR</arg>
<arg>IS</arg>
<arg>IT</arg>
<arg>JE</arg>
<arg>JM</arg>
<arg>JO</arg>
<arg>JP</arg>
<arg>KE</arg>
<arg>KG</arg>
<arg>KH</arg>
<arg>KI</arg>
<arg>KM</arg>
<arg>KN</arg>
<arg>KP</arg>
<arg>KR</arg>
<arg>KW</arg>
<arg>KY</arg>
<arg>KZ</arg>
<arg>LA</arg>
<arg>LB</arg>
<arg>LC</arg>
<arg>LI</arg>
<arg>LK</arg>
<arg>LR</arg>
<arg>LS</arg>
<arg>LT</arg>
<arg>LU</arg>
<arg>LV</arg>
<arg>LY</arg>
<arg>MA</arg>
<arg>MC</arg>
<arg>MD</arg>
<arg>ME</arg>
<arg>MF</arg>
<arg>MG</arg>
<arg>MH</arg>
<arg>MK</arg>
<arg>ML</arg>
<arg>MM</arg>
<arg>MN</arg>
<arg>MO</arg>
<arg>MP</arg>
<arg>MQ</arg>
<arg>MR</arg>
<arg>MS</arg>
<arg>MT</arg>
<arg>MU</arg>
<arg>MV</arg>
<arg>MW</arg>
<arg>MX</arg>
<arg>MY</arg>
<arg>MZ</arg>
<arg>NA</arg>
<arg>NC</arg>
<arg>NE</arg>
<arg>NF</arg>
<arg>NG</arg>
<arg>NI</arg>
<arg>NL</arg>
<arg>NO</arg>
<arg>NP</arg>
<arg>NR</arg>
<arg>NU</arg>
<arg>NZ</arg>
<arg>OM</arg>
<arg>PA</arg>
<arg>PE</arg>
<arg>PF</arg>
<arg>PG</arg>
<arg>PH</arg>
<arg>PK</arg>
<arg>PL</arg>
<arg>PM</arg>
<arg>PN</arg>
<arg>PR</arg>
<arg>PS</arg>
<arg>PT</arg>
<arg>PW</arg>
<arg>PY</arg>
<arg>QA</arg>
<arg>RE</arg>
<arg>RO</arg>
<arg>RS</arg>
<arg>RU</arg>
<arg>RW</arg>
<arg>SA</arg>
<arg>SB</arg>
<arg>SC</arg>
<arg>SD</arg>
<arg>SE</arg>
<arg>SG</arg>
<arg>SH</arg>
<arg>SI</arg>
<arg>SJ</arg>
<arg>SK</arg>
<arg>SL</arg>
<arg>SM</arg>
<arg>SN</arg>
<arg>SO</arg>
<arg>SR</arg>
<arg>SS</arg>
<arg>ST</arg>
<arg>SV</arg>
<arg>SX</arg>
<arg>SY</arg>
<arg>SZ</arg>
<arg>TC</arg>
<arg>TD</arg>
<arg>TF</arg>
<arg>TG</arg>
<arg>TH</arg>
<arg>TJ</arg>
<arg>TK</arg>
<arg>TL</arg>
<arg>TM</arg>
<arg>TN</arg>
<arg>TO</arg>
<arg>TR</arg>
<arg>TT</arg>
<arg>TV</arg>
<arg>TW</arg>
<arg>TZ</arg>
<arg>UA</arg>
<arg>UG</arg>
<arg>UM</arg>
<arg>US</arg>
<arg>UY</arg>
<arg>UZ</arg>
<arg>VA</arg>
<arg>VC</arg>
<arg>VE</arg>
<arg>VG</arg>
<arg>VI</arg>
<arg>VN</arg>
<arg>VU</arg>
<arg>WF</arg>
<arg>WS</arg>
<arg>XK</arg>
<arg>YE</arg>
<arg>YT</arg>
<arg>ZA</arg>
<arg>ZM</arg>
<arg>ZW</arg>
<doc>Returns a list containing given items.</doc>
<status status="PASS" start="2024-07-04T06:21:24.132045" elapsed="0.000628"/>
</kw>
<kw name="List Should Contain Value" owner="Collections">
<arg>${list_country}</arg>
<arg>${name_country}</arg>
<doc>Fails if the ``value`` is not found from ``list``.</doc>
<status status="PASS" start="2024-07-04T06:21:24.133472" elapsed="0.000204"/>
</kw>
<kw name="Run Keyword If" owner="BuiltIn">
<kw name="Should Be True" owner="BuiltIn">
<arg>${True}</arg>
<doc>Fails if the given condition is not true.</doc>
<status status="PASS" start="2024-07-04T06:21:24.134639" elapsed="0.000142"/>
</kw>
<arg>${json_data["results"][0]["location"]["coordinates"]["latitude"]} &gt;= -90 and ${json_data["results"][0]["location"]["coordinates"]["latitude"]} &lt;= 90</arg>
<arg>Should Be True</arg>
<arg>${True}</arg>
<doc>Runs the given keyword with the given arguments, if ``condition`` is true.</doc>
<status status="PASS" start="2024-07-04T06:21:24.133868" elapsed="0.001037"/>
</kw>
<kw name="Run Keyword If" owner="BuiltIn">
<kw name="Should Be True" owner="BuiltIn">
<arg>${True}</arg>
<doc>Fails if the given condition is not true.</doc>
<status status="PASS" start="2024-07-04T06:21:24.135777" elapsed="0.000229"/>
</kw>
<arg>${json_data["results"][0]["location"]["coordinates"]["longitude"]} &gt;= -180 and ${json_data["results"][0]["location"]["coordinates"]["longitude"]} &lt;= 180</arg>
<arg>Should Be True</arg>
<arg>${True}</arg>
<doc>Runs the given keyword with the given arguments, if ``condition`` is true.</doc>
<status status="PASS" start="2024-07-04T06:21:24.135083" elapsed="0.001052"/>
</kw>
<status status="PASS" start="2024-07-04T06:21:24.040242" elapsed="0.096022"/>
</kw>
<doc>Testa o conteúdo específico dos campos retornados pela API.</doc>
<tag>testeConteudo</tag>
<status status="PASS" start="2024-07-04T06:21:24.039745" elapsed="0.096661"/>
</test>
<status status="PASS" start="2024-07-04T06:21:23.226905" elapsed="0.911459"/>
</suite>
<status status="PASS" start="2024-07-04T06:21:23.212735" elapsed="0.930743"/>
</suite>
<statistics>
<total>
<stat pass="5" fail="0" skip="0">All Tests</stat>
</total>
<tag>
<stat pass="1" fail="0" skip="0">testeConteudo</stat>
<stat pass="1" fail="0" skip="0">testeEstruturaResposta</stat>
<stat pass="1" fail="0" skip="0">testeRequisicaoBasica</stat>
<stat pass="1" fail="0" skip="0">testeTiposDados</stat>
</tag>
<suite>
<stat pass="5" fail="0" skip="0" id="s1" name="Tests">Tests</stat>
<stat pass="5" fail="0" skip="0" id="s1-s1" name="Random-User-Test">Tests.Random-User-Test</stat>
</suite>
</statistics>
<errors>
</errors>
</robot>
