<?xml version="1.0" encoding="UTF-8"?>
<robot generator="Robot 7.0.1 (Python 3.12.4 on linux)" generated="2024-07-07T14:12:46.151095" rpa="false" schemaversion="5">
<suite id="s1" name="Tests" source="/home/runner/work/ApiRandomUser/ApiRandomUser/RamdonUser/tests">
<suite id="s1-s1" name="Random-User-Test" source="/home/runner/work/ApiRandomUser/ApiRandomUser/RamdonUser/tests/random-user-test.robot">
<test id="s1-s1-t1" name="Conectar" line="13">
<kw name="Conectar API" owner="random-user-service">
<kw name="Create Session" owner="RequestsLibrary">
<msg time="2024-07-07T14:12:46.549262" level="INFO">Creating Session using : alias=consultarAPI, url=https://randomuser.me/, headers={},                     cookies={}, auth=None, timeout=None, proxies=None, verify=False,                     debug=0 </msg>
<arg>consultarAPI</arg>
<arg>${URL}</arg>
<doc>Create Session: create a HTTP session to a server</doc>
<status status="PASS" start="2024-07-07T14:12:46.549056" elapsed="0.000372"/>
</kw>
<status status="PASS" start="2024-07-07T14:12:46.548133" elapsed="0.001644"/>
</kw>
<status status="PASS" start="2024-07-07T14:12:46.547578" elapsed="0.002389"/>
</test>
<test id="s1-s1-t2" name="Validar retorno 200 e JSON Válido" line="16">
<kw name="Teste de Requisicao Basica" owner="random-user-service">
<kw name="GET On Session" owner="RequestsLibrary">
<msg time="2024-07-07T14:12:46.723628" level="INFO">GET Request : url=https://randomuser.me/api 
 path_url=/api 
 headers={'User-Agent': 'python-requests/2.32.3', 'Accept-Encoding': 'gzip, deflate', 'Accept': '*/*', 'Connection': 'keep-alive'} 
 body=None 
 </msg>
<msg time="2024-07-07T14:12:46.723784" level="INFO">GET Response : url=https://randomuser.me/api 
 status=200, reason=OK 
 headers={'Date': 'Sun, 07 Jul 2024 14:12:46 GMT', 'Content-Type': 'application/json; charset=utf-8', 'Transfer-Encoding': 'chunked', 'Connection': 'keep-alive', 'X-Powered-By': 'Express', 'Access-Control-Allow-Origin': '*', 'Cache-Control': 'no-cache', 'ETag': 'W/"4b5-Kx84cruf9qFXiIsDYMwSFDpLii8"', 'Vary': 'Accept-Encoding', 'Content-Encoding': 'gzip', 'CF-Cache-Status': 'DYNAMIC', 'Report-To': '{"endpoints":[{"url":"https:\\/\\/a.nel.cloudflare.com\\/report\\/v4?s=i8FhFtHX0oxSbJGz2mbaLDGxu4ocqVwdN2gW46G2DFQTc3%2FmlUQwC8l1OWhdNmfwuIPpMrTcmsqq8dLwM7X%2BRCh6elriCrdJ9nh2kzSPfLtWVPdaXA%2FxxeeBXrAVEice"}],"group":"cf-nel","max_age":604800}', 'NEL': '{"success_fraction":0,"report_to":"cf-nel","max_age":604800}', 'Server': 'cloudflare', 'CF-RAY': '89f86e6f5ecc2f26-LAX', 'alt-svc': 'h3=":443"; ma=86400'} 
 body={"results":[{"gender":"female","name":{"title":"Ms","first":"Ivonne","last":"Tapia"},"location":{"street":{"number":7005,"name":"Avenida Distrito Federal"},"city":"Villa Alberto A. Alvarado A.","state":"Campeche","country":"Mexico","postcode":97762,"coordinates":{"latitude":"22.8353","longitude":"49.5486"},"timezone":{"offset":"-3:00","description":"Brazil, Buenos Aires, Georgetown"}},"email":"ivonne.tapia@example.com","login":{"uuid":"8dd5b1f1-fc9a-469a-86b1-a4d9cf99b6fb","username":"bigostrich331","password":"reading","salt":"YKPzKNdA","md5":"4b5e02c0d98afbf79f3c69802a7b8e9e","sha1":"ebd796677c7a7f5438c4ff5caa831602623271ba","sha256":"9621e1f7e0e8e71c9c4355d676cd76a7b69cf86df58ee68ae0b22c520e2ecc39"},"dob":{"date":"1991-12-15T09:03:08.626Z","age":32},"registered":{"date":"2013-12-21T10:10:15.715Z","age":10},"phone":"(695) 573 9710","cell":"(686) 676 6517","id":{"name":"NSS","value":"11 82 15 6204 6"},"picture":{"large":"https://randomuser.me/api/portraits/women/77.jpg","medium":"https://randomuser.me/api/portraits/med/women/77.jpg","thumbnail":"https://randomuser.me/api/portraits/thumb/women/77.jpg"},"nat":"MX"}],"info":{"seed":"1c556823a0bb74e2","results":1,"page":1,"version":"1.4"}} 
 </msg>
<msg time="2024-07-07T14:12:46.723899" level="INFO">/opt/hostedtoolcache/Python/3.12.4/x64/lib/python3.12/site-packages/urllib3/connectionpool.py:1099: InsecureRequestWarning: Unverified HTTPS request is being made to host 'randomuser.me'. Adding certificate verification is strongly advised. See: https://urllib3.readthedocs.io/en/latest/advanced-usage.html#tls-warnings
  warnings.warn(</msg>
<msg time="2024-07-07T14:12:46.724041" level="INFO">${response} = &lt;Response [200]&gt;</msg>
<var>${response}</var>
<arg>consultarAPI</arg>
<arg>/api</arg>
<doc>Sends a GET request on a previously created HTTP Session.</doc>
<status status="PASS" start="2024-07-07T14:12:46.552541" elapsed="0.171543"/>
</kw>
<kw name="Should Be Equal As Numbers" owner="BuiltIn">
<msg time="2024-07-07T14:12:46.725085" level="INFO">Argument types are:
&lt;class 'int'&gt;
&lt;class 'str'&gt;</msg>
<arg>${response.status_code}</arg>
<arg>200</arg>
<doc>Fails if objects are unequal after converting them to real numbers.</doc>
<status status="PASS" start="2024-07-07T14:12:46.724612" elapsed="0.000542"/>
</kw>
<kw name="Log" owner="BuiltIn">
<msg time="2024-07-07T14:12:46.725872" level="INFO">200</msg>
<arg>${response.status_code}</arg>
<doc>Logs the given message with the given level.</doc>
<status status="PASS" start="2024-07-07T14:12:46.725505" elapsed="0.000411"/>
</kw>
<kw name="Set Variable" owner="BuiltIn">
<msg time="2024-07-07T14:12:46.726687" level="INFO">${json_data} = {'results': [{'gender': 'female', 'name': {'title': 'Ms', 'first': 'Ivonne', 'last': 'Tapia'}, 'location': {'street': {'number': 7005, 'name': 'Avenida Distrito Federal'}, 'city': 'Villa Alberto A. Al...</msg>
<var>${json_data}</var>
<arg>${response.json()}</arg>
<doc>Returns the given values which can then be assigned to a variables.</doc>
<status status="PASS" start="2024-07-07T14:12:46.726234" elapsed="0.000484"/>
</kw>
<kw name="Dictionary Should Contain Key" owner="Collections">
<arg>${json_data}</arg>
<arg>results</arg>
<doc>Fails if ``key`` is not found from ``dictionary``.</doc>
<status status="PASS" start="2024-07-07T14:12:46.727024" elapsed="0.000169"/>
</kw>
<status status="PASS" start="2024-07-07T14:12:46.552288" elapsed="0.175067"/>
</kw>
<doc>Testa se a API responde corretamente e retorna um objeto JSON válido.</doc>
<tag>testeRequisicaoBasica</tag>
<status status="PASS" start="2024-07-07T14:12:46.551812" elapsed="0.175725"/>
</test>
<test id="s1-s1-t3" name="Validar estrutura de resposta" line="22">
<kw name="Teste de Estrutura de Resposta" owner="random-user-service">
<kw name="GET On Session" owner="RequestsLibrary">
<msg time="2024-07-07T14:12:46.829901" level="INFO">GET Request : url=https://randomuser.me/api 
 path_url=/api 
 headers={'User-Agent': 'python-requests/2.32.3', 'Accept-Encoding': 'gzip, deflate', 'Accept': '*/*', 'Connection': 'keep-alive'} 
 body=None 
 </msg>
<msg time="2024-07-07T14:12:46.829973" level="INFO">GET Response : url=https://randomuser.me/api 
 status=200, reason=OK 
 headers={'Date': 'Sun, 07 Jul 2024 14:12:46 GMT', 'Content-Type': 'application/json; charset=utf-8', 'Transfer-Encoding': 'chunked', 'Connection': 'keep-alive', 'X-Powered-By': 'Express', 'Access-Control-Allow-Origin': '*', 'Cache-Control': 'no-cache', 'ETag': 'W/"48c-cChYdNP8T5BKIx6YW8kaBiNxmto"', 'Vary': 'Accept-Encoding', 'Content-Encoding': 'gzip', 'CF-Cache-Status': 'DYNAMIC', 'Report-To': '{"endpoints":[{"url":"https:\\/\\/a.nel.cloudflare.com\\/report\\/v4?s=XsdYv%2FLiqSaep3hI8QYTm18vTGdFdR%2BLG5aNI7ebCZeExEO5TZ26WMzAhghftYqj8ZWcFN2U4MDb6CFXWFDtPmYy3%2B%2B3ypVx5dy%2FB9D3qeYGGFbAXOzM4YSarAoacAwi"}],"group":"cf-nel","max_age":604800}', 'NEL': '{"success_fraction":0,"report_to":"cf-nel","max_age":604800}', 'Server': 'cloudflare', 'CF-RAY': '89f86e701f942f26-LAX', 'alt-svc': 'h3=":443"; ma=86400'} 
 body={"results":[{"gender":"female","name":{"title":"Ms","first":"Esma","last":"Tazegül"},"location":{"street":{"number":7335,"name":"Kushimoto Sk"},"city":"Çanakkale","state":"Çorum","country":"Turkey","postcode":96366,"coordinates":{"latitude":"69.6194","longitude":"120.5214"},"timezone":{"offset":"+3:00","description":"Baghdad, Riyadh, Moscow, St. Petersburg"}},"email":"esma.tazegul@example.com","login":{"uuid":"5cf9b333-f15a-4a45-a245-7ad7c0bc7dfb","username":"greenkoala675","password":"doris","salt":"hwNNqtkk","md5":"a4014345b668b089036ab50c491978ae","sha1":"a291708ab45f3d905e35f0a23668697f6d96bba1","sha256":"226c0258da15d48176d1ece8ecd06ec95b8fddd1aa57a869fec2bf274bde01fe"},"dob":{"date":"1992-09-02T18:38:48.527Z","age":31},"registered":{"date":"2011-05-18T14:15:02.944Z","age":13},"phone":"(077)-489-7790","cell":"(673)-238-9366","id":{"name":"","value":null},"picture":{"large":"https://randomuser.me/api/portraits/women/74.jpg","medium":"https://randomuser.me/api/portraits/med/women/74.jpg","thumbnail":"https://randomuser.me/api/portraits/thumb/women/74.jpg"},"nat":"TR"}],"info":{"seed":"877c7a9997732e59","results":1,"page":1,"version":"1.4"}} 
 </msg>
<msg time="2024-07-07T14:12:46.830079" level="INFO">/opt/hostedtoolcache/Python/3.12.4/x64/lib/python3.12/site-packages/urllib3/connectionpool.py:1099: InsecureRequestWarning: Unverified HTTPS request is being made to host 'randomuser.me'. Adding certificate verification is strongly advised. See: https://urllib3.readthedocs.io/en/latest/advanced-usage.html#tls-warnings
  warnings.warn(</msg>
<msg time="2024-07-07T14:12:46.830176" level="INFO">${response} = &lt;Response [200]&gt;</msg>
<var>${response}</var>
<arg>consultarAPI</arg>
<arg>/api</arg>
<doc>Sends a GET request on a previously created HTTP Session.</doc>
<status status="PASS" start="2024-07-07T14:12:46.730177" elapsed="0.100039"/>
</kw>
<kw name="Set Variable" owner="BuiltIn">
<msg time="2024-07-07T14:12:46.831080" level="INFO">${json_data} = {'results': [{'gender': 'female', 'name': {'title': 'Ms', 'first': 'Esma', 'last': 'Tazegül'}, 'location': {'street': {'number': 7335, 'name': 'Kushimoto Sk'}, 'city': 'Çanakkale', 'state': 'Çorum', '...</msg>
<var>${json_data}</var>
<arg>${response.json()}</arg>
<doc>Returns the given values which can then be assigned to a variables.</doc>
<status status="PASS" start="2024-07-07T14:12:46.830621" elapsed="0.000488"/>
</kw>
<kw name="Log" owner="BuiltIn">
<msg time="2024-07-07T14:12:46.831568" level="INFO">{'results': [{'gender': 'female', 'name': {'title': 'Ms', 'first': 'Esma', 'last': 'Tazegül'}, 'location': {'street': {'number': 7335, 'name': 'Kushimoto Sk'}, 'city': 'Çanakkale', 'state': 'Çorum', 'country': 'Turkey', 'postcode': 96366, 'coordinates': {'latitude': '69.6194', 'longitude': '120.5214'}, 'timezone': {'offset': '+3:00', 'description': 'Baghdad, Riyadh, Moscow, St. Petersburg'}}, 'email': 'esma.tazegul@example.com', 'login': {'uuid': '5cf9b333-f15a-4a45-a245-7ad7c0bc7dfb', 'username': 'greenkoala675', 'password': 'doris', 'salt': 'hwNNqtkk', 'md5': 'a4014345b668b089036ab50c491978ae', 'sha1': 'a291708ab45f3d905e35f0a23668697f6d96bba1', 'sha256': '226c0258da15d48176d1ece8ecd06ec95b8fddd1aa57a869fec2bf274bde01fe'}, 'dob': {'date': '1992-09-02T18:38:48.527Z', 'age': 31}, 'registered': {'date': '2011-05-18T14:15:02.944Z', 'age': 13}, 'phone': '(077)-489-7790', 'cell': '(673)-238-9366', 'id': {'name': '', 'value': None}, 'picture': {'large': 'https://randomuser.me/api/portraits/women/74.jpg', 'medium': 'https://randomuser.me/api/portraits/med/women/74.jpg', 'thumbnail': 'https://randomuser.me/api/portraits/thumb/women/74.jpg'}, 'nat': 'TR'}], 'info': {'seed': '877c7a9997732e59', 'results': 1, 'page': 1, 'version': '1.4'}}</msg>
<arg>${json_data}</arg>
<doc>Logs the given message with the given level.</doc>
<status status="PASS" start="2024-07-07T14:12:46.831411" elapsed="0.000206"/>
</kw>
<kw name="Dictionary Should Contain Key" owner="Collections">
<arg>${json_data}</arg>
<arg>results</arg>
<doc>Fails if ``key`` is not found from ``dictionary``.</doc>
<status status="PASS" start="2024-07-07T14:12:46.831953" elapsed="0.000162"/>
</kw>
<kw name="Should Not Be Empty" owner="BuiltIn">
<msg time="2024-07-07T14:12:46.832431" level="INFO">Length is 2.</msg>
<arg>${json_data}</arg>
<doc>Verifies that the given item is not empty.</doc>
<status status="PASS" start="2024-07-07T14:12:46.832307" elapsed="0.000163"/>
</kw>
<kw name="Create List" owner="BuiltIn">
<msg time="2024-07-07T14:12:46.832928" level="INFO">${expected_keys} = ['gender', 'name', 'location', 'email', 'login']</msg>
<var>${expected_keys}</var>
<arg>gender</arg>
<arg>name</arg>
<arg>location</arg>
<arg>email</arg>
<arg>login</arg>
<doc>Returns a list containing given items.</doc>
<status status="PASS" start="2024-07-07T14:12:46.832771" elapsed="0.000181"/>
</kw>
<for flavor="IN">
<iter>
<kw name="Dictionary Should Contain Key" owner="Collections">
<arg>${json_data['results'][0]}</arg>
<arg>${key}</arg>
<doc>Fails if ``key`` is not found from ``dictionary``.</doc>
<status status="PASS" start="2024-07-07T14:12:46.833667" elapsed="0.000400"/>
</kw>
<kw name="Log" owner="BuiltIn">
<msg time="2024-07-07T14:12:46.834621" level="INFO">{'gender': 'female', 'name': {'title': 'Ms', 'first': 'Esma', 'last': 'Tazegül'}, 'location': {'street': {'number': 7335, 'name': 'Kushimoto Sk'}, 'city': 'Çanakkale', 'state': 'Çorum', 'country': 'Turkey', 'postcode': 96366, 'coordinates': {'latitude': '69.6194', 'longitude': '120.5214'}, 'timezone': {'offset': '+3:00', 'description': 'Baghdad, Riyadh, Moscow, St. Petersburg'}}, 'email': 'esma.tazegul@example.com', 'login': {'uuid': '5cf9b333-f15a-4a45-a245-7ad7c0bc7dfb', 'username': 'greenkoala675', 'password': 'doris', 'salt': 'hwNNqtkk', 'md5': 'a4014345b668b089036ab50c491978ae', 'sha1': 'a291708ab45f3d905e35f0a23668697f6d96bba1', 'sha256': '226c0258da15d48176d1ece8ecd06ec95b8fddd1aa57a869fec2bf274bde01fe'}, 'dob': {'date': '1992-09-02T18:38:48.527Z', 'age': 31}, 'registered': {'date': '2011-05-18T14:15:02.944Z', 'age': 13}, 'phone': '(077)-489-7790', 'cell': '(673)-238-9366', 'id': {'name': '', 'value': None}, 'picture': {'large': 'https://randomuser.me/api/portraits/women/74.jpg', 'medium': 'https://randomuser.me/api/portraits/med/women/74.jpg', 'thumbnail': 'https://randomuser.me/api/portraits/thumb/women/74.jpg'}, 'nat': 'TR'}</msg>
<arg>${json_data['results'][0]}</arg>
<doc>Logs the given message with the given level.</doc>
<status status="PASS" start="2024-07-07T14:12:46.834259" elapsed="0.000414"/>
</kw>
<kw name="Log" owner="BuiltIn">
<msg time="2024-07-07T14:12:46.835098" level="INFO">gender</msg>
<arg>${key}</arg>
<doc>Logs the given message with the given level.</doc>
<status status="PASS" start="2024-07-07T14:12:46.834971" elapsed="0.000166"/>
</kw>
<var name="${key}">gender</var>
<status status="PASS" start="2024-07-07T14:12:46.833542" elapsed="0.001811"/>
</iter>
<iter>
<kw name="Dictionary Should Contain Key" owner="Collections">
<arg>${json_data['results'][0]}</arg>
<arg>${key}</arg>
<doc>Fails if ``key`` is not found from ``dictionary``.</doc>
<status status="PASS" start="2024-07-07T14:12:46.835657" elapsed="0.000413"/>
</kw>
<kw name="Log" owner="BuiltIn">
<msg time="2024-07-07T14:12:46.836599" level="INFO">{'gender': 'female', 'name': {'title': 'Ms', 'first': 'Esma', 'last': 'Tazegül'}, 'location': {'street': {'number': 7335, 'name': 'Kushimoto Sk'}, 'city': 'Çanakkale', 'state': 'Çorum', 'country': 'Turkey', 'postcode': 96366, 'coordinates': {'latitude': '69.6194', 'longitude': '120.5214'}, 'timezone': {'offset': '+3:00', 'description': 'Baghdad, Riyadh, Moscow, St. Petersburg'}}, 'email': 'esma.tazegul@example.com', 'login': {'uuid': '5cf9b333-f15a-4a45-a245-7ad7c0bc7dfb', 'username': 'greenkoala675', 'password': 'doris', 'salt': 'hwNNqtkk', 'md5': 'a4014345b668b089036ab50c491978ae', 'sha1': 'a291708ab45f3d905e35f0a23668697f6d96bba1', 'sha256': '226c0258da15d48176d1ece8ecd06ec95b8fddd1aa57a869fec2bf274bde01fe'}, 'dob': {'date': '1992-09-02T18:38:48.527Z', 'age': 31}, 'registered': {'date': '2011-05-18T14:15:02.944Z', 'age': 13}, 'phone': '(077)-489-7790', 'cell': '(673)-238-9366', 'id': {'name': '', 'value': None}, 'picture': {'large': 'https://randomuser.me/api/portraits/women/74.jpg', 'medium': 'https://randomuser.me/api/portraits/med/women/74.jpg', 'thumbnail': 'https://randomuser.me/api/portraits/thumb/women/74.jpg'}, 'nat': 'TR'}</msg>
<arg>${json_data['results'][0]}</arg>
<doc>Logs the given message with the given level.</doc>
<status status="PASS" start="2024-07-07T14:12:46.836251" elapsed="0.000435"/>
</kw>
<kw name="Log" owner="BuiltIn">
<msg time="2024-07-07T14:12:46.837111" level="INFO">name</msg>
<arg>${key}</arg>
<doc>Logs the given message with the given level.</doc>
<status status="PASS" start="2024-07-07T14:12:46.836986" elapsed="0.000163"/>
</kw>
<var name="${key}">name</var>
<status status="PASS" start="2024-07-07T14:12:46.835539" elapsed="0.001824"/>
</iter>
<iter>
<kw name="Dictionary Should Contain Key" owner="Collections">
<arg>${json_data['results'][0]}</arg>
<arg>${key}</arg>
<doc>Fails if ``key`` is not found from ``dictionary``.</doc>
<status status="PASS" start="2024-07-07T14:12:46.837647" elapsed="0.000377"/>
</kw>
<kw name="Log" owner="BuiltIn">
<msg time="2024-07-07T14:12:46.838555" level="INFO">{'gender': 'female', 'name': {'title': 'Ms', 'first': 'Esma', 'last': 'Tazegül'}, 'location': {'street': {'number': 7335, 'name': 'Kushimoto Sk'}, 'city': 'Çanakkale', 'state': 'Çorum', 'country': 'Turkey', 'postcode': 96366, 'coordinates': {'latitude': '69.6194', 'longitude': '120.5214'}, 'timezone': {'offset': '+3:00', 'description': 'Baghdad, Riyadh, Moscow, St. Petersburg'}}, 'email': 'esma.tazegul@example.com', 'login': {'uuid': '5cf9b333-f15a-4a45-a245-7ad7c0bc7dfb', 'username': 'greenkoala675', 'password': 'doris', 'salt': 'hwNNqtkk', 'md5': 'a4014345b668b089036ab50c491978ae', 'sha1': 'a291708ab45f3d905e35f0a23668697f6d96bba1', 'sha256': '226c0258da15d48176d1ece8ecd06ec95b8fddd1aa57a869fec2bf274bde01fe'}, 'dob': {'date': '1992-09-02T18:38:48.527Z', 'age': 31}, 'registered': {'date': '2011-05-18T14:15:02.944Z', 'age': 13}, 'phone': '(077)-489-7790', 'cell': '(673)-238-9366', 'id': {'name': '', 'value': None}, 'picture': {'large': 'https://randomuser.me/api/portraits/women/74.jpg', 'medium': 'https://randomuser.me/api/portraits/med/women/74.jpg', 'thumbnail': 'https://randomuser.me/api/portraits/thumb/women/74.jpg'}, 'nat': 'TR'}</msg>
<arg>${json_data['results'][0]}</arg>
<doc>Logs the given message with the given level.</doc>
<status status="PASS" start="2024-07-07T14:12:46.838205" elapsed="0.000401"/>
</kw>
<kw name="Log" owner="BuiltIn">
<msg time="2024-07-07T14:12:46.839031" level="INFO">location</msg>
<arg>${key}</arg>
<doc>Logs the given message with the given level.</doc>
<status status="PASS" start="2024-07-07T14:12:46.838906" elapsed="0.000163"/>
</kw>
<var name="${key}">location</var>
<status status="PASS" start="2024-07-07T14:12:46.837538" elapsed="0.001753"/>
</iter>
<iter>
<kw name="Dictionary Should Contain Key" owner="Collections">
<arg>${json_data['results'][0]}</arg>
<arg>${key}</arg>
<doc>Fails if ``key`` is not found from ``dictionary``.</doc>
<status status="PASS" start="2024-07-07T14:12:46.839567" elapsed="0.000447"/>
</kw>
<kw name="Log" owner="BuiltIn">
<msg time="2024-07-07T14:12:46.840552" level="INFO">{'gender': 'female', 'name': {'title': 'Ms', 'first': 'Esma', 'last': 'Tazegül'}, 'location': {'street': {'number': 7335, 'name': 'Kushimoto Sk'}, 'city': 'Çanakkale', 'state': 'Çorum', 'country': 'Turkey', 'postcode': 96366, 'coordinates': {'latitude': '69.6194', 'longitude': '120.5214'}, 'timezone': {'offset': '+3:00', 'description': 'Baghdad, Riyadh, Moscow, St. Petersburg'}}, 'email': 'esma.tazegul@example.com', 'login': {'uuid': '5cf9b333-f15a-4a45-a245-7ad7c0bc7dfb', 'username': 'greenkoala675', 'password': 'doris', 'salt': 'hwNNqtkk', 'md5': 'a4014345b668b089036ab50c491978ae', 'sha1': 'a291708ab45f3d905e35f0a23668697f6d96bba1', 'sha256': '226c0258da15d48176d1ece8ecd06ec95b8fddd1aa57a869fec2bf274bde01fe'}, 'dob': {'date': '1992-09-02T18:38:48.527Z', 'age': 31}, 'registered': {'date': '2011-05-18T14:15:02.944Z', 'age': 13}, 'phone': '(077)-489-7790', 'cell': '(673)-238-9366', 'id': {'name': '', 'value': None}, 'picture': {'large': 'https://randomuser.me/api/portraits/women/74.jpg', 'medium': 'https://randomuser.me/api/portraits/med/women/74.jpg', 'thumbnail': 'https://randomuser.me/api/portraits/thumb/women/74.jpg'}, 'nat': 'TR'}</msg>
<arg>${json_data['results'][0]}</arg>
<doc>Logs the given message with the given level.</doc>
<status status="PASS" start="2024-07-07T14:12:46.840197" elapsed="0.000406"/>
</kw>
<kw name="Log" owner="BuiltIn">
<msg time="2024-07-07T14:12:46.841024" level="INFO">email</msg>
<arg>${key}</arg>
<doc>Logs the given message with the given level.</doc>
<status status="PASS" start="2024-07-07T14:12:46.840899" elapsed="0.000163"/>
</kw>
<var name="${key}">email</var>
<status status="PASS" start="2024-07-07T14:12:46.839461" elapsed="0.001819"/>
</iter>
<iter>
<kw name="Dictionary Should Contain Key" owner="Collections">
<arg>${json_data['results'][0]}</arg>
<arg>${key}</arg>
<doc>Fails if ``key`` is not found from ``dictionary``.</doc>
<status status="PASS" start="2024-07-07T14:12:46.841555" elapsed="0.000388"/>
</kw>
<kw name="Log" owner="BuiltIn">
<msg time="2024-07-07T14:12:46.842478" level="INFO">{'gender': 'female', 'name': {'title': 'Ms', 'first': 'Esma', 'last': 'Tazegül'}, 'location': {'street': {'number': 7335, 'name': 'Kushimoto Sk'}, 'city': 'Çanakkale', 'state': 'Çorum', 'country': 'Turkey', 'postcode': 96366, 'coordinates': {'latitude': '69.6194', 'longitude': '120.5214'}, 'timezone': {'offset': '+3:00', 'description': 'Baghdad, Riyadh, Moscow, St. Petersburg'}}, 'email': 'esma.tazegul@example.com', 'login': {'uuid': '5cf9b333-f15a-4a45-a245-7ad7c0bc7dfb', 'username': 'greenkoala675', 'password': 'doris', 'salt': 'hwNNqtkk', 'md5': 'a4014345b668b089036ab50c491978ae', 'sha1': 'a291708ab45f3d905e35f0a23668697f6d96bba1', 'sha256': '226c0258da15d48176d1ece8ecd06ec95b8fddd1aa57a869fec2bf274bde01fe'}, 'dob': {'date': '1992-09-02T18:38:48.527Z', 'age': 31}, 'registered': {'date': '2011-05-18T14:15:02.944Z', 'age': 13}, 'phone': '(077)-489-7790', 'cell': '(673)-238-9366', 'id': {'name': '', 'value': None}, 'picture': {'large': 'https://randomuser.me/api/portraits/women/74.jpg', 'medium': 'https://randomuser.me/api/portraits/med/women/74.jpg', 'thumbnail': 'https://randomuser.me/api/portraits/thumb/women/74.jpg'}, 'nat': 'TR'}</msg>
<arg>${json_data['results'][0]}</arg>
<doc>Logs the given message with the given level.</doc>
<status status="PASS" start="2024-07-07T14:12:46.842125" elapsed="0.000405"/>
</kw>
<kw name="Log" owner="BuiltIn">
<msg time="2024-07-07T14:12:46.842950" level="INFO">login</msg>
<arg>${key}</arg>
<doc>Logs the given message with the given level.</doc>
<status status="PASS" start="2024-07-07T14:12:46.842826" elapsed="0.000161"/>
</kw>
<var name="${key}">login</var>
<status status="PASS" start="2024-07-07T14:12:46.841448" elapsed="0.001753"/>
</iter>
<var>${key}</var>
<value>@{expected_keys}</value>
<status status="PASS" start="2024-07-07T14:12:46.833355" elapsed="0.009967"/>
</for>
<kw name="Create List" owner="BuiltIn">
<msg time="2024-07-07T14:12:46.843642" level="INFO">${expected_keysTwo} = ['username', 'password']</msg>
<var>${expected_keysTwo}</var>
<arg>username</arg>
<arg>password</arg>
<doc>Returns a list containing given items.</doc>
<status status="PASS" start="2024-07-07T14:12:46.843511" elapsed="0.000184"/>
</kw>
<for flavor="IN">
<iter>
<kw name="Dictionary Should Contain Key" owner="Collections">
<arg>${json_data['results'][0]['login']}</arg>
<arg>${keyTwo}</arg>
<doc>Fails if ``key`` is not found from ``dictionary``.</doc>
<status status="PASS" start="2024-07-07T14:12:46.844238" elapsed="0.000379"/>
</kw>
<kw name="Dictionary Should Contain Key" owner="Collections">
<arg>${json_data['results'][0]['login']}</arg>
<arg>${keyTwo}</arg>
<doc>Fails if ``key`` is not found from ``dictionary``.</doc>
<status status="PASS" start="2024-07-07T14:12:46.844796" elapsed="0.000375"/>
</kw>
<kw name="Log" owner="BuiltIn">
<msg time="2024-07-07T14:12:46.845476" level="INFO">username</msg>
<arg>${keyTwo}</arg>
<doc>Logs the given message with the given level.</doc>
<status status="PASS" start="2024-07-07T14:12:46.845352" elapsed="0.000162"/>
</kw>
<var name="${keyTwo}">username</var>
<status status="PASS" start="2024-07-07T14:12:46.844131" elapsed="0.001603"/>
</iter>
<iter>
<kw name="Dictionary Should Contain Key" owner="Collections">
<arg>${json_data['results'][0]['login']}</arg>
<arg>${keyTwo}</arg>
<doc>Fails if ``key`` is not found from ``dictionary``.</doc>
<status status="PASS" start="2024-07-07T14:12:46.846009" elapsed="0.000380"/>
</kw>
<kw name="Dictionary Should Contain Key" owner="Collections">
<arg>${json_data['results'][0]['login']}</arg>
<arg>${keyTwo}</arg>
<doc>Fails if ``key`` is not found from ``dictionary``.</doc>
<status status="PASS" start="2024-07-07T14:12:46.846565" elapsed="0.000363"/>
</kw>
<kw name="Log" owner="BuiltIn">
<msg time="2024-07-07T14:12:46.847223" level="INFO">password</msg>
<arg>${keyTwo}</arg>
<doc>Logs the given message with the given level.</doc>
<status status="PASS" start="2024-07-07T14:12:46.847105" elapsed="0.000160"/>
</kw>
<var name="${keyTwo}">password</var>
<status status="PASS" start="2024-07-07T14:12:46.845902" elapsed="0.001582"/>
</iter>
<var>${keyTwo}</var>
<value>@{expected_keysTwo}</value>
<status status="PASS" start="2024-07-07T14:12:46.843970" elapsed="0.003633"/>
</for>
<status status="PASS" start="2024-07-07T14:12:46.729940" elapsed="0.117799"/>
</kw>
<doc>Testa a estrutura da resposta da API.</doc>
<tag>testeEstruturaResposta</tag>
<status status="PASS" start="2024-07-07T14:12:46.729405" elapsed="0.118529"/>
</test>
<test id="s1-s1-t4" name="Validar tipos de dados" line="28">
<kw name="Teste de Tipos de Dados" owner="random-user-service">
<kw name="GET On Session" owner="RequestsLibrary">
<msg time="2024-07-07T14:12:46.952066" level="INFO">GET Request : url=https://randomuser.me/api 
 path_url=/api 
 headers={'User-Agent': 'python-requests/2.32.3', 'Accept-Encoding': 'gzip, deflate', 'Accept': '*/*', 'Connection': 'keep-alive'} 
 body=None 
 </msg>
<msg time="2024-07-07T14:12:46.952154" level="INFO">GET Response : url=https://randomuser.me/api 
 status=200, reason=OK 
 headers={'Date': 'Sun, 07 Jul 2024 14:12:46 GMT', 'Content-Type': 'application/json; charset=utf-8', 'Transfer-Encoding': 'chunked', 'Connection': 'keep-alive', 'X-Powered-By': 'Express', 'Access-Control-Allow-Origin': '*', 'Cache-Control': 'no-cache', 'ETag': 'W/"4a4-P/8TSJAu5K8//dXW9sdqBWQJfNU"', 'Vary': 'Accept-Encoding', 'Content-Encoding': 'gzip', 'CF-Cache-Status': 'DYNAMIC', 'Report-To': '{"endpoints":[{"url":"https:\\/\\/a.nel.cloudflare.com\\/report\\/v4?s=E%2FcrvkFIk8tuo0YuU%2Fo24dS9srbP%2FepQsgBIEt5MMO3OpWzrtyhA1PneatfXVKn5jzaxpd56%2FZ12%2FtGjbC0czXg5YbtqFoFTsqN7SYVpwJQoODfzgpUyGSJ1HGWBMNeg"}],"group":"cf-nel","max_age":604800}', 'NEL': '{"success_fraction":0,"report_to":"cf-nel","max_age":604800}', 'Server': 'cloudflare', 'CF-RAY': '89f86e70d8592f26-LAX', 'alt-svc': 'h3=":443"; ma=86400'} 
 body={"results":[{"gender":"male","name":{"title":"Monsieur","first":"Nikolaus","last":"Rey"},"location":{"street":{"number":875,"name":"Rue Bony"},"city":"Bourg-Saint-Pierre","state":"Genève","country":"Switzerland","postcode":1496,"coordinates":{"latitude":"-59.6678","longitude":"-148.1547"},"timezone":{"offset":"+11:00","description":"Magadan, Solomon Islands, New Caledonia"}},"email":"nikolaus.rey@example.com","login":{"uuid":"bdf16141-0265-43d7-b988-b6cd014d9ee3","username":"lazyleopard745","password":"method","salt":"aiytm3EC","md5":"b244639386e7221d8a89d5f4c1209e8f","sha1":"afeed62398d8b19bcfa808d49f34fdbf8d6b4b85","sha256":"9cb2e746cb901b4191a173db9766f816de457b4775d439b02dbd3a6b94344b67"},"dob":{"date":"1966-11-23T10:33:51.458Z","age":57},"registered":{"date":"2018-02-08T18:18:58.151Z","age":6},"phone":"075 286 98 27","cell":"079 573 50 56","id":{"name":"AVS","value":"756.3805.4896.60"},"picture":{"large":"https://randomuser.me/api/portraits/men/82.jpg","medium":"https://randomuser.me/api/portraits/med/men/82.jpg","thumbnail":"https://randomuser.me/api/portraits/thumb/men/82.jpg"},"nat":"CH"}],"info":{"seed":"cfd09d431a5b4a55","results":1,"page":1,"version":"1.4"}} 
 </msg>
<msg time="2024-07-07T14:12:46.952229" level="INFO">/opt/hostedtoolcache/Python/3.12.4/x64/lib/python3.12/site-packages/urllib3/connectionpool.py:1099: InsecureRequestWarning: Unverified HTTPS request is being made to host 'randomuser.me'. Adding certificate verification is strongly advised. See: https://urllib3.readthedocs.io/en/latest/advanced-usage.html#tls-warnings
  warnings.warn(</msg>
<msg time="2024-07-07T14:12:46.952335" level="INFO">${response} = &lt;Response [200]&gt;</msg>
<var>${response}</var>
<arg>consultarAPI</arg>
<arg>/api</arg>
<doc>Sends a GET request on a previously created HTTP Session.</doc>
<status status="PASS" start="2024-07-07T14:12:46.850482" elapsed="0.101896"/>
</kw>
<kw name="Set Variable" owner="BuiltIn">
<msg time="2024-07-07T14:12:46.953384" level="INFO">${json_data} = {'results': [{'gender': 'male', 'name': {'title': 'Monsieur', 'first': 'Nikolaus', 'last': 'Rey'}, 'location': {'street': {'number': 875, 'name': 'Rue Bony'}, 'city': 'Bourg-Saint-Pierre', 'state': 'G...</msg>
<var>${json_data}</var>
<arg>${response.json()}</arg>
<doc>Returns the given values which can then be assigned to a variables.</doc>
<status status="PASS" start="2024-07-07T14:12:46.952855" elapsed="0.000560"/>
</kw>
<kw name="Log" owner="BuiltIn">
<msg time="2024-07-07T14:12:46.953924" level="INFO">{'results': [{'gender': 'male', 'name': {'title': 'Monsieur', 'first': 'Nikolaus', 'last': 'Rey'}, 'location': {'street': {'number': 875, 'name': 'Rue Bony'}, 'city': 'Bourg-Saint-Pierre', 'state': 'Genève', 'country': 'Switzerland', 'postcode': 1496, 'coordinates': {'latitude': '-59.6678', 'longitude': '-148.1547'}, 'timezone': {'offset': '+11:00', 'description': 'Magadan, Solomon Islands, New Caledonia'}}, 'email': 'nikolaus.rey@example.com', 'login': {'uuid': 'bdf16141-0265-43d7-b988-b6cd014d9ee3', 'username': 'lazyleopard745', 'password': 'method', 'salt': 'aiytm3EC', 'md5': 'b244639386e7221d8a89d5f4c1209e8f', 'sha1': 'afeed62398d8b19bcfa808d49f34fdbf8d6b4b85', 'sha256': '9cb2e746cb901b4191a173db9766f816de457b4775d439b02dbd3a6b94344b67'}, 'dob': {'date': '1966-11-23T10:33:51.458Z', 'age': 57}, 'registered': {'date': '2018-02-08T18:18:58.151Z', 'age': 6}, 'phone': '075 286 98 27', 'cell': '079 573 50 56', 'id': {'name': 'AVS', 'value': '756.3805.4896.60'}, 'picture': {'large': 'https://randomuser.me/api/portraits/men/82.jpg', 'medium': 'https://randomuser.me/api/portraits/med/men/82.jpg', 'thumbnail': 'https://randomuser.me/api/portraits/thumb/men/82.jpg'}, 'nat': 'CH'}], 'info': {'seed': 'cfd09d431a5b4a55', 'results': 1, 'page': 1, 'version': '1.4'}}</msg>
<arg>${json_data}</arg>
<doc>Logs the given message with the given level.</doc>
<status status="PASS" start="2024-07-07T14:12:46.953756" elapsed="0.000221"/>
</kw>
<kw name="Should Be String" owner="String">
<arg>${json_data['results'][0]['gender']}</arg>
<doc>Fails if the given ``item`` is not a string.</doc>
<status status="PASS" start="2024-07-07T14:12:46.954288" elapsed="0.000379"/>
</kw>
<kw name="Should Match Regexp" owner="BuiltIn">
<arg>${json_data['results'][0]['email']}</arg>
<arg>^[a-zA-Z0-9._%+-]+@[a-zA-Z0-9.-]+\.[a-zA-Z]{2,}$</arg>
<doc>Fails if ``string`` does not match ``pattern`` as a regular expression.</doc>
<status status="PASS" start="2024-07-07T14:12:46.954866" elapsed="0.000532"/>
</kw>
<kw name="Should Match Regexp" owner="BuiltIn">
<arg>${json_data['results'][0]['dob']['date']}</arg>
<arg>\\d{4}-\\d{2}-\\d{2}T\\d{2}:\\d{2}:\\d{2}\\.\\d{3}Z</arg>
<doc>Fails if ``string`` does not match ``pattern`` as a regular expression.</doc>
<status status="PASS" start="2024-07-07T14:12:46.955634" elapsed="0.000545"/>
</kw>
<kw name="Should Match Regexp" owner="BuiltIn">
<arg>${json_data['results'][0]['registered']['date']}</arg>
<arg>\\d{4}-\\d{2}-\\d{2}T\\d{2}:\\d{2}:\\d{2}\\.\\d{3}Z</arg>
<doc>Fails if ``string`` does not match ``pattern`` as a regular expression.</doc>
<status status="PASS" start="2024-07-07T14:12:46.956377" elapsed="0.000375"/>
</kw>
<kw name="Should Match Regexp" owner="BuiltIn">
<arg>${json_data['results'][0]['picture']['large']}</arg>
<arg>^https?://.*\.(?:png|jpe?g|gif|bmp)$</arg>
<doc>Fails if ``string`` does not match ``pattern`` as a regular expression.</doc>
<status status="PASS" start="2024-07-07T14:12:46.956947" elapsed="0.000467"/>
</kw>
<kw name="Should Match Regexp" owner="BuiltIn">
<arg>${json_data['results'][0]['picture']['medium']}</arg>
<arg>^https?://.*\.(?:png|jpe?g|gif|bmp)$</arg>
<doc>Fails if ``string`` does not match ``pattern`` as a regular expression.</doc>
<status status="PASS" start="2024-07-07T14:12:46.957606" elapsed="0.000357"/>
</kw>
<kw name="Should Match Regexp" owner="BuiltIn">
<arg>${json_data['results'][0]['picture']['thumbnail']}</arg>
<arg>^https?://.*\.(?:png|jpe?g|gif|bmp)$</arg>
<doc>Fails if ``string`` does not match ``pattern`` as a regular expression.</doc>
<status status="PASS" start="2024-07-07T14:12:46.958149" elapsed="0.000349"/>
</kw>
<kw name="Log" owner="BuiltIn">
<msg time="2024-07-07T14:12:46.959014" level="INFO">{'large': 'https://randomuser.me/api/portraits/men/82.jpg', 'medium': 'https://randomuser.me/api/portraits/med/men/82.jpg', 'thumbnail': 'https://randomuser.me/api/portraits/thumb/men/82.jpg'}</msg>
<arg>${json_data['results'][0]['picture']}</arg>
<doc>Logs the given message with the given level.</doc>
<status status="PASS" start="2024-07-07T14:12:46.958683" elapsed="0.000377"/>
</kw>
<status status="PASS" start="2024-07-07T14:12:46.850257" elapsed="0.109062"/>
</kw>
<kw name="Teste de Tipos de Dados - Postcode" owner="random-user-service">
<kw name="GET On Session" owner="RequestsLibrary">
<msg time="2024-07-07T14:12:47.063133" level="INFO">GET Request : url=https://randomuser.me/api 
 path_url=/api 
 headers={'User-Agent': 'python-requests/2.32.3', 'Accept-Encoding': 'gzip, deflate', 'Accept': '*/*', 'Connection': 'keep-alive'} 
 body=None 
 </msg>
<msg time="2024-07-07T14:12:47.063226" level="INFO">GET Response : url=https://randomuser.me/api 
 status=200, reason=OK 
 headers={'Date': 'Sun, 07 Jul 2024 14:12:47 GMT', 'Content-Type': 'application/json; charset=utf-8', 'Transfer-Encoding': 'chunked', 'Connection': 'keep-alive', 'X-Powered-By': 'Express', 'Access-Control-Allow-Origin': '*', 'Cache-Control': 'no-cache', 'ETag': 'W/"48d-9rUvDmuSfz4k+l4+qEkBeQ/6dkA"', 'Vary': 'Accept-Encoding', 'Content-Encoding': 'gzip', 'CF-Cache-Status': 'DYNAMIC', 'Report-To': '{"endpoints":[{"url":"https:\\/\\/a.nel.cloudflare.com\\/report\\/v4?s=aOO63o4%2FK2HgdudULaHk8hyln8atCizYoC2P2lnq0QgP%2BwfRRFrIu%2B6itpkNKHlQ6fTL1RYZphUlbfGW2wixK6UPT%2FMZ%2ByV%2FscUPeuP3Vx5e2kzSwmAOUdTaU%2BHNDaIu"}],"group":"cf-nel","max_age":604800}', 'NEL': '{"success_fraction":0,"report_to":"cf-nel","max_age":604800}', 'Server': 'cloudflare', 'CF-RAY': '89f86e7189452f26-LAX', 'alt-svc': 'h3=":443"; ma=86400'} 
 body={"results":[{"gender":"female","name":{"title":"Miss","first":"Chloe","last":"Morris"},"location":{"street":{"number":1664,"name":"Kamo Road"},"city":"Porirua","state":"West Coast","country":"New Zealand","postcode":69918,"coordinates":{"latitude":"51.5584","longitude":"94.7683"},"timezone":{"offset":"-5:00","description":"Eastern Time (US &amp; Canada), Bogota, Lima"}},"email":"chloe.morris@example.com","login":{"uuid":"384326af-acdf-4080-b867-7e8f1ea98471","username":"heavyladybug917","password":"hate","salt":"U20bIaRF","md5":"6e5a1b7ea11a9a84734cc453cf9932e4","sha1":"4a9609321722ebf94329a9fcbd8a64f76ebb8fcd","sha256":"7c9f60985753bcabeef290f2de9a5c6f397d8e1d63517a92bd6f3bed239d0dc1"},"dob":{"date":"1973-11-12T04:01:57.629Z","age":50},"registered":{"date":"2022-04-06T06:54:19.940Z","age":2},"phone":"(865)-524-1051","cell":"(245)-444-6326","id":{"name":"","value":null},"picture":{"large":"https://randomuser.me/api/portraits/women/7.jpg","medium":"https://randomuser.me/api/portraits/med/women/7.jpg","thumbnail":"https://randomuser.me/api/portraits/thumb/women/7.jpg"},"nat":"NZ"}],"info":{"seed":"4dcda217fddd44c6","results":1,"page":1,"version":"1.4"}} 
 </msg>
<msg time="2024-07-07T14:12:47.063298" level="INFO">/opt/hostedtoolcache/Python/3.12.4/x64/lib/python3.12/site-packages/urllib3/connectionpool.py:1099: InsecureRequestWarning: Unverified HTTPS request is being made to host 'randomuser.me'. Adding certificate verification is strongly advised. See: https://urllib3.readthedocs.io/en/latest/advanced-usage.html#tls-warnings
  warnings.warn(</msg>
<msg time="2024-07-07T14:12:47.063420" level="INFO">${response} = &lt;Response [200]&gt;</msg>
<var>${response}</var>
<arg>consultarAPI</arg>
<arg>/api</arg>
<doc>Sends a GET request on a previously created HTTP Session.</doc>
<status status="PASS" start="2024-07-07T14:12:46.959767" elapsed="0.103695"/>
</kw>
<kw name="Set Variable" owner="BuiltIn">
<msg time="2024-07-07T14:12:47.064711" level="INFO">${json_data} = {'results': [{'gender': 'female', 'name': {'title': 'Miss', 'first': 'Chloe', 'last': 'Morris'}, 'location': {'street': {'number': 1664, 'name': 'Kamo Road'}, 'city': 'Porirua', 'state': 'West Coast',...</msg>
<var>${json_data}</var>
<arg>${response.json()}</arg>
<doc>Returns the given values which can then be assigned to a variables.</doc>
<status status="PASS" start="2024-07-07T14:12:47.064126" elapsed="0.000615"/>
</kw>
<kw name="Log" owner="BuiltIn">
<msg time="2024-07-07T14:12:47.065277" level="INFO">{'results': [{'gender': 'female', 'name': {'title': 'Miss', 'first': 'Chloe', 'last': 'Morris'}, 'location': {'street': {'number': 1664, 'name': 'Kamo Road'}, 'city': 'Porirua', 'state': 'West Coast', 'country': 'New Zealand', 'postcode': 69918, 'coordinates': {'latitude': '51.5584', 'longitude': '94.7683'}, 'timezone': {'offset': '-5:00', 'description': 'Eastern Time (US &amp; Canada), Bogota, Lima'}}, 'email': 'chloe.morris@example.com', 'login': {'uuid': '384326af-acdf-4080-b867-7e8f1ea98471', 'username': 'heavyladybug917', 'password': 'hate', 'salt': 'U20bIaRF', 'md5': '6e5a1b7ea11a9a84734cc453cf9932e4', 'sha1': '4a9609321722ebf94329a9fcbd8a64f76ebb8fcd', 'sha256': '7c9f60985753bcabeef290f2de9a5c6f397d8e1d63517a92bd6f3bed239d0dc1'}, 'dob': {'date': '1973-11-12T04:01:57.629Z', 'age': 50}, 'registered': {'date': '2022-04-06T06:54:19.940Z', 'age': 2}, 'phone': '(865)-524-1051', 'cell': '(245)-444-6326', 'id': {'name': '', 'value': None}, 'picture': {'large': 'https://randomuser.me/api/portraits/women/7.jpg', 'medium': 'https://randomuser.me/api/portraits/med/women/7.jpg', 'thumbnail': 'https://randomuser.me/api/portraits/thumb/women/7.jpg'}, 'nat': 'NZ'}], 'info': {'seed': '4dcda217fddd44c6', 'results': 1, 'page': 1, 'version': '1.4'}}</msg>
<arg>${json_data}</arg>
<doc>Logs the given message with the given level.</doc>
<status status="PASS" start="2024-07-07T14:12:47.065103" elapsed="0.000223"/>
</kw>
<kw name="Should Be Equal As Numbers" owner="BuiltIn">
<arg>${json_data['results'][0]['location']['postcode']}</arg>
<arg>${json_data['results'][0]['location']['postcode']}</arg>
<doc>Fails if objects are unequal after converting them to real numbers.</doc>
<status status="PASS" start="2024-07-07T14:12:47.065635" elapsed="0.000656"/>
</kw>
<kw name="Log" owner="BuiltIn">
<msg time="2024-07-07T14:12:47.066820" level="INFO">69918</msg>
<arg>${json_data['results'][0]['location']['postcode']}</arg>
<doc>Logs the given message with the given level.</doc>
<status status="PASS" start="2024-07-07T14:12:47.066484" elapsed="0.000377"/>
</kw>
<status status="PASS" start="2024-07-07T14:12:46.959542" elapsed="0.107612"/>
</kw>
<doc>Testa se os tipos de dados na resposta da API estão corretos.</doc>
<tag>testeTiposDados</tag>
<status status="PASS" start="2024-07-07T14:12:46.849700" elapsed="0.217629"/>
</test>
<test id="s1-s1-t5" name="Validar conteudo" line="35">
<kw name="Teste de Tipos de Conteudo" owner="random-user-service">
<kw name="GET On Session" owner="RequestsLibrary">
<msg time="2024-07-07T14:12:47.167907" level="INFO">GET Request : url=https://randomuser.me/api 
 path_url=/api 
 headers={'User-Agent': 'python-requests/2.32.3', 'Accept-Encoding': 'gzip, deflate', 'Accept': '*/*', 'Connection': 'keep-alive'} 
 body=None 
 </msg>
<msg time="2024-07-07T14:12:47.167991" level="INFO">GET Response : url=https://randomuser.me/api 
 status=200, reason=OK 
 headers={'Date': 'Sun, 07 Jul 2024 14:12:47 GMT', 'Content-Type': 'application/json; charset=utf-8', 'Transfer-Encoding': 'chunked', 'Connection': 'keep-alive', 'X-Powered-By': 'Express', 'Access-Control-Allow-Origin': '*', 'Cache-Control': 'no-cache', 'ETag': 'W/"499-T7uVaR65loqXU/gmTOeHWNp/SxQ"', 'Vary': 'Accept-Encoding', 'Content-Encoding': 'gzip', 'CF-Cache-Status': 'DYNAMIC', 'Report-To': '{"endpoints":[{"url":"https:\\/\\/a.nel.cloudflare.com\\/report\\/v4?s=mBXnGGWIlOR7jIcvaVwL3UJENSv8QeN64RXzMuDeWwZ7OeZZDSEBMdgrrHu4SwyBhlr%2Bdo2S8xCnFCHYiBH2lad6Ja92tBsgPs8XluccKByhOt%2BPuvucEMIOgNPejoX7"}],"group":"cf-nel","max_age":604800}', 'NEL': '{"success_fraction":0,"report_to":"cf-nel","max_age":604800}', 'Server': 'cloudflare', 'CF-RAY': '89f86e7239f42f26-LAX', 'alt-svc': 'h3=":443"; ma=86400'} 
 body={"results":[{"gender":"male","name":{"title":"Mr","first":"Emile","last":"Duval"},"location":{"street":{"number":634,"name":"Rue du Bon-Pasteur"},"city":"Nîmes","state":"Haute-Corse","country":"France","postcode":27494,"coordinates":{"latitude":"-16.7216","longitude":"-141.4493"},"timezone":{"offset":"+1:00","description":"Brussels, Copenhagen, Madrid, Paris"}},"email":"emile.duval@example.com","login":{"uuid":"4471ca53-5996-4f19-8fb7-8d5a8ce3df30","username":"sadladybug572","password":"winner","salt":"wMLz8eMc","md5":"21366c57b28f8938893a83d70c836e12","sha1":"bc21dccc808870d6247318716253c2b434ce2ff8","sha256":"c0316868dcad8c9dee60f4c798362930ae5a7e76116f8cdba8de44d27c1b384b"},"dob":{"date":"1992-10-14T02:28:41.504Z","age":31},"registered":{"date":"2009-05-08T23:58:02.627Z","age":15},"phone":"03-79-28-91-07","cell":"06-35-55-71-77","id":{"name":"INSEE","value":"1920967890058 96"},"picture":{"large":"https://randomuser.me/api/portraits/men/63.jpg","medium":"https://randomuser.me/api/portraits/med/men/63.jpg","thumbnail":"https://randomuser.me/api/portraits/thumb/men/63.jpg"},"nat":"FR"}],"info":{"seed":"a222ffce8d52edff","results":1,"page":1,"version":"1.4"}} 
 </msg>
<msg time="2024-07-07T14:12:47.168086" level="INFO">/opt/hostedtoolcache/Python/3.12.4/x64/lib/python3.12/site-packages/urllib3/connectionpool.py:1099: InsecureRequestWarning: Unverified HTTPS request is being made to host 'randomuser.me'. Adding certificate verification is strongly advised. See: https://urllib3.readthedocs.io/en/latest/advanced-usage.html#tls-warnings
  warnings.warn(</msg>
<msg time="2024-07-07T14:12:47.168201" level="INFO">${response} = &lt;Response [200]&gt;</msg>
<var>${response}</var>
<arg>consultarAPI</arg>
<arg>/api</arg>
<doc>Sends a GET request on a previously created HTTP Session.</doc>
<status status="PASS" start="2024-07-07T14:12:47.070023" elapsed="0.098226"/>
</kw>
<kw name="Set Variable" owner="BuiltIn">
<msg time="2024-07-07T14:12:47.169104" level="INFO">${json_data} = {'results': [{'gender': 'male', 'name': {'title': 'Mr', 'first': 'Emile', 'last': 'Duval'}, 'location': {'street': {'number': 634, 'name': 'Rue du Bon-Pasteur'}, 'city': 'Nîmes', 'state': 'Haute-Corse...</msg>
<var>${json_data}</var>
<arg>${response.json()}</arg>
<doc>Returns the given values which can then be assigned to a variables.</doc>
<status status="PASS" start="2024-07-07T14:12:47.168649" elapsed="0.000494"/>
</kw>
<kw name="Set Variable" owner="BuiltIn">
<msg time="2024-07-07T14:12:47.169822" level="INFO">${name_title} = Mr</msg>
<var>${name_title}</var>
<arg>${json_data["results"][0]["name"]["title"]}</arg>
<doc>Returns the given values which can then be assigned to a variables.</doc>
<status status="PASS" start="2024-07-07T14:12:47.169447" elapsed="0.000401"/>
</kw>
<kw name="Create List" owner="BuiltIn">
<msg time="2024-07-07T14:12:47.170297" level="INFO">${allowed_titles} = ['Mr', 'Ms', 'Miss', 'Mrs', 'Madame', 'Monsieur']</msg>
<var>${allowed_titles}</var>
<arg>Mr</arg>
<arg>Ms</arg>
<arg>Miss</arg>
<arg>Mrs</arg>
<arg>Madame</arg>
<arg>Monsieur</arg>
<doc>Returns a list containing given items.</doc>
<status status="PASS" start="2024-07-07T14:12:47.170147" elapsed="0.000175"/>
</kw>
<kw name="List Should Contain Value" owner="Collections">
<arg>${allowed_titles}</arg>
<arg>${name_title}</arg>
<doc>Fails if the ``value`` is not found from ``list``.</doc>
<status status="PASS" start="2024-07-07T14:12:47.170618" elapsed="0.000174"/>
</kw>
<kw name="Set Variable" owner="BuiltIn">
<msg time="2024-07-07T14:12:47.171338" level="INFO">${name_country} = FR</msg>
<var>${name_country}</var>
<arg>${json_data["results"][0]["nat"]}</arg>
<doc>Returns the given values which can then be assigned to a variables.</doc>
<status status="PASS" start="2024-07-07T14:12:47.170968" elapsed="0.000395"/>
</kw>
<kw name="Create List" owner="BuiltIn">
<msg time="2024-07-07T14:12:47.172257" level="INFO">${list_country} = ['AD', 'AE', 'AF', 'AG', 'AI', 'AL', 'AM', 'AO', 'AQ', 'AR', 'AS', 'AT', 'AU', 'AW', 'AX', 'AZ', 'BA', 'BB', 'BD', 'BE', 'BF', 'BG', 'BH', 'BI', 'BJ', 'BL', 'BM', 'BN', 'BO', 'BQ', 'BR', 'BS', 'BT', '...</msg>
<var>${list_country}</var>
<arg>AD</arg>
<arg>AE</arg>
<arg>AF</arg>
<arg>AG</arg>
<arg>AI</arg>
<arg>AL</arg>
<arg>AM</arg>
<arg>AO</arg>
<arg>AQ</arg>
<arg>AR</arg>
<arg>AS</arg>
<arg>AT</arg>
<arg>AU</arg>
<arg>AW</arg>
<arg>AX</arg>
<arg>AZ</arg>
<arg>BA</arg>
<arg>BB</arg>
<arg>BD</arg>
<arg>BE</arg>
<arg>BF</arg>
<arg>BG</arg>
<arg>BH</arg>
<arg>BI</arg>
<arg>BJ</arg>
<arg>BL</arg>
<arg>BM</arg>
<arg>BN</arg>
<arg>BO</arg>
<arg>BQ</arg>
<arg>BR</arg>
<arg>BS</arg>
<arg>BT</arg>
<arg>BV</arg>
<arg>BW</arg>
<arg>BY</arg>
<arg>BZ</arg>
<arg>CA</arg>
<arg>CC</arg>
<arg>CD</arg>
<arg>CF</arg>
<arg>CG</arg>
<arg>CH</arg>
<arg>CI</arg>
<arg>CK</arg>
<arg>CL</arg>
<arg>CM</arg>
<arg>CN</arg>
<arg>CO</arg>
<arg>CR</arg>
<arg>CU</arg>
<arg>CV</arg>
<arg>CW</arg>
<arg>CX</arg>
<arg>CY</arg>
<arg>CZ</arg>
<arg>DE</arg>
<arg>DJ</arg>
<arg>DK</arg>
<arg>DM</arg>
<arg>DO</arg>
<arg>DZ</arg>
<arg>EC</arg>
<arg>EE</arg>
<arg>EG</arg>
<arg>EH</arg>
<arg>ER</arg>
<arg>ES</arg>
<arg>ET</arg>
<arg>FI</arg>
<arg>FJ</arg>
<arg>FK</arg>
<arg>FM</arg>
<arg>FO</arg>
<arg>FR</arg>
<arg>GA</arg>
<arg>GB</arg>
<arg>GD</arg>
<arg>GE</arg>
<arg>GF</arg>
<arg>GG</arg>
<arg>GH</arg>
<arg>GI</arg>
<arg>GL</arg>
<arg>GM</arg>
<arg>GN</arg>
<arg>GP</arg>
<arg>GQ</arg>
<arg>GR</arg>
<arg>GS</arg>
<arg>GT</arg>
<arg>GU</arg>
<arg>GW</arg>
<arg>GY</arg>
<arg>HK</arg>
<arg>HM</arg>
<arg>HN</arg>
<arg>HR</arg>
<arg>HT</arg>
<arg>HU</arg>
<arg>ID</arg>
<arg>IE</arg>
<arg>IL</arg>
<arg>IM</arg>
<arg>IN</arg>
<arg>IO</arg>
<arg>IQ</arg>
<arg>IR</arg>
<arg>IS</arg>
<arg>IT</arg>
<arg>JE</arg>
<arg>JM</arg>
<arg>JO</arg>
<arg>JP</arg>
<arg>KE</arg>
<arg>KG</arg>
<arg>KH</arg>
<arg>KI</arg>
<arg>KM</arg>
<arg>KN</arg>
<arg>KP</arg>
<arg>KR</arg>
<arg>KW</arg>
<arg>KY</arg>
<arg>KZ</arg>
<arg>LA</arg>
<arg>LB</arg>
<arg>LC</arg>
<arg>LI</arg>
<arg>LK</arg>
<arg>LR</arg>
<arg>LS</arg>
<arg>LT</arg>
<arg>LU</arg>
<arg>LV</arg>
<arg>LY</arg>
<arg>MA</arg>
<arg>MC</arg>
<arg>MD</arg>
<arg>ME</arg>
<arg>MF</arg>
<arg>MG</arg>
<arg>MH</arg>
<arg>MK</arg>
<arg>ML</arg>
<arg>MM</arg>
<arg>MN</arg>
<arg>MO</arg>
<arg>MP</arg>
<arg>MQ</arg>
<arg>MR</arg>
<arg>MS</arg>
<arg>MT</arg>
<arg>MU</arg>
<arg>MV</arg>
<arg>MW</arg>
<arg>MX</arg>
<arg>MY</arg>
<arg>MZ</arg>
<arg>NA</arg>
<arg>NC</arg>
<arg>NE</arg>
<arg>NF</arg>
<arg>NG</arg>
<arg>NI</arg>
<arg>NL</arg>
<arg>NO</arg>
<arg>NP</arg>
<arg>NR</arg>
<arg>NU</arg>
<arg>NZ</arg>
<arg>OM</arg>
<arg>PA</arg>
<arg>PE</arg>
<arg>PF</arg>
<arg>PG</arg>
<arg>PH</arg>
<arg>PK</arg>
<arg>PL</arg>
<arg>PM</arg>
<arg>PN</arg>
<arg>PR</arg>
<arg>PS</arg>
<arg>PT</arg>
<arg>PW</arg>
<arg>PY</arg>
<arg>QA</arg>
<arg>RE</arg>
<arg>RO</arg>
<arg>RS</arg>
<arg>RU</arg>
<arg>RW</arg>
<arg>SA</arg>
<arg>SB</arg>
<arg>SC</arg>
<arg>SD</arg>
<arg>SE</arg>
<arg>SG</arg>
<arg>SH</arg>
<arg>SI</arg>
<arg>SJ</arg>
<arg>SK</arg>
<arg>SL</arg>
<arg>SM</arg>
<arg>SN</arg>
<arg>SO</arg>
<arg>SR</arg>
<arg>SS</arg>
<arg>ST</arg>
<arg>SV</arg>
<arg>SX</arg>
<arg>SY</arg>
<arg>SZ</arg>
<arg>TC</arg>
<arg>TD</arg>
<arg>TF</arg>
<arg>TG</arg>
<arg>TH</arg>
<arg>TJ</arg>
<arg>TK</arg>
<arg>TL</arg>
<arg>TM</arg>
<arg>TN</arg>
<arg>TO</arg>
<arg>TR</arg>
<arg>TT</arg>
<arg>TV</arg>
<arg>TW</arg>
<arg>TZ</arg>
<arg>UA</arg>
<arg>UG</arg>
<arg>UM</arg>
<arg>US</arg>
<arg>UY</arg>
<arg>UZ</arg>
<arg>VA</arg>
<arg>VC</arg>
<arg>VE</arg>
<arg>VG</arg>
<arg>VI</arg>
<arg>VN</arg>
<arg>VU</arg>
<arg>WF</arg>
<arg>WS</arg>
<arg>XK</arg>
<arg>YE</arg>
<arg>YT</arg>
<arg>ZA</arg>
<arg>ZM</arg>
<arg>ZW</arg>
<doc>Returns a list containing given items.</doc>
<status status="PASS" start="2024-07-07T14:12:47.171650" elapsed="0.000638"/>
</kw>
<kw name="List Should Contain Value" owner="Collections">
<arg>${list_country}</arg>
<arg>${name_country}</arg>
<doc>Fails if the ``value`` is not found from ``list``.</doc>
<status status="PASS" start="2024-07-07T14:12:47.173076" elapsed="0.000232"/>
</kw>
<kw name="Run Keyword If" owner="BuiltIn">
<kw name="Should Be True" owner="BuiltIn">
<arg>${True}</arg>
<doc>Fails if the given condition is not true.</doc>
<status status="PASS" start="2024-07-07T14:12:47.174226" elapsed="0.000141"/>
</kw>
<arg>${json_data["results"][0]["location"]["coordinates"]["latitude"]} &gt;= -90 and ${json_data["results"][0]["location"]["coordinates"]["latitude"]} &lt;= 90</arg>
<arg>Should Be True</arg>
<arg>${True}</arg>
<doc>Runs the given keyword with the given arguments, if ``condition`` is true.</doc>
<status status="PASS" start="2024-07-07T14:12:47.173502" elapsed="0.000987"/>
</kw>
<kw name="Run Keyword If" owner="BuiltIn">
<kw name="Should Be True" owner="BuiltIn">
<arg>${True}</arg>
<doc>Fails if the given condition is not true.</doc>
<status status="PASS" start="2024-07-07T14:12:47.175348" elapsed="0.000141"/>
</kw>
<arg>${json_data["results"][0]["location"]["coordinates"]["longitude"]} &gt;= -180 and ${json_data["results"][0]["location"]["coordinates"]["longitude"]} &lt;= 180</arg>
<arg>Should Be True</arg>
<arg>${True}</arg>
<doc>Runs the given keyword with the given arguments, if ``condition`` is true.</doc>
<status status="PASS" start="2024-07-07T14:12:47.174665" elapsed="0.000943"/>
</kw>
<status status="PASS" start="2024-07-07T14:12:47.069620" elapsed="0.106116"/>
</kw>
<doc>Testa o conteúdo específico dos campos retornados pela API.</doc>
<tag>testeConteudo</tag>
<status status="PASS" start="2024-07-07T14:12:47.069149" elapsed="0.106771"/>
</test>
<status status="PASS" start="2024-07-07T14:12:46.209368" elapsed="0.968576"/>
</suite>
<status status="PASS" start="2024-07-07T14:12:46.195122" elapsed="0.987876"/>
</suite>
<statistics>
<total>
<stat pass="5" fail="0" skip="0">All Tests</stat>
</total>
<tag>
<stat pass="1" fail="0" skip="0">testeConteudo</stat>
<stat pass="1" fail="0" skip="0">testeEstruturaResposta</stat>
<stat pass="1" fail="0" skip="0">testeRequisicaoBasica</stat>
<stat pass="1" fail="0" skip="0">testeTiposDados</stat>
</tag>
<suite>
<stat pass="5" fail="0" skip="0" id="s1" name="Tests">Tests</stat>
<stat pass="5" fail="0" skip="0" id="s1-s1" name="Random-User-Test">Tests.Random-User-Test</stat>
</suite>
</statistics>
<errors>
</errors>
</robot>
