<?xml version="1.0" encoding="UTF-8"?>
<robot generator="Robot 7.0 (Python 3.12.3 on linux)" generated="2024-05-10T07:15:02.706864" rpa="false" schemaversion="5">
<suite id="s1" name="Tests" source="/home/runner/work/DesafioQAItauRogerioJordao/DesafioQAItauRogerioJordao/RamdonUser/tests">
<suite id="s1-s1" name="Random-User-Test" source="/home/runner/work/DesafioQAItauRogerioJordao/DesafioQAItauRogerioJordao/RamdonUser/tests/random-user-test.robot">
<test id="s1-s1-t1" name="Conectar" line="13">
<kw name="Conectar API" owner="random-user-service">
<kw name="Create Session" owner="RequestsLibrary">
<msg time="2024-05-10T07:15:03.105198" level="INFO">Creating Session using : alias=consultarAPI, url=https://randomuser.me/, headers={},                     cookies={}, auth=None, timeout=None, proxies=None, verify=False,                     debug=0 </msg>
<arg>consultarAPI</arg>
<arg>${URL}</arg>
<doc>Create Session: create a HTTP session to a server</doc>
<status status="PASS" start="2024-05-10T07:15:03.104977" elapsed="0.000433"/>
</kw>
<status status="PASS" start="2024-05-10T07:15:03.103949" elapsed="0.001847"/>
</kw>
<status status="PASS" start="2024-05-10T07:15:03.103314" elapsed="0.002684"/>
</test>
<test id="s1-s1-t2" name="Validar retorno 200 e JSON Válido" line="16">
<kw name="Teste de Requisicao Basica" owner="random-user-service">
<kw name="GET On Session" owner="RequestsLibrary">
<msg time="2024-05-10T07:15:03.212099" level="INFO">GET Request : url=https://randomuser.me/api 
 path_url=/api 
 headers={'User-Agent': 'python-requests/2.31.0', 'Accept-Encoding': 'gzip, deflate', 'Accept': '*/*', 'Connection': 'keep-alive'} 
 body=None 
 </msg>
<msg time="2024-05-10T07:15:03.212258" level="INFO">GET Response : url=https://randomuser.me/api 
 status=200, reason=OK 
 headers={'Date': 'Fri, 10 May 2024 07:15:03 GMT', 'Content-Type': 'application/json; charset=utf-8', 'Transfer-Encoding': 'chunked', 'Connection': 'keep-alive', 'X-Powered-By': 'Express', 'Access-Control-Allow-Origin': '*', 'Cache-Control': 'no-cache', 'ETag': 'W/"498-JqVxSxC+7qXm/mjg2p+6tbnjRDE"', 'Vary': 'Accept-Encoding', 'Content-Encoding': 'gzip', 'CF-Cache-Status': 'DYNAMIC', 'Report-To': '{"endpoints":[{"url":"https:\\/\\/a.nel.cloudflare.com\\/report\\/v4?s=fB7jT3UZ2NzSBDKp9Wk5jZCrNpsFmPNDHfpQN7Kra1Nc6V6RBym6lkbN6X1qy0Rm1UsTo%2B1lKDsZDQFqxIzzHA%2BsJsuweB%2BrTje7ijgZqARwHSZdGewJ9RsBEhWMb0Cv"}],"group":"cf-nel","max_age":604800}', 'NEL': '{"success_fraction":0,"report_to":"cf-nel","max_age":604800}', 'Server': 'cloudflare', 'CF-RAY': '881822c8ada57fca-IAD', 'alt-svc': 'h3=":443"; ma=86400'} 
 body={"results":[{"gender":"female","name":{"title":"Ms","first":"Luz","last":"Alonso"},"location":{"street":{"number":9688,"name":"Calle de Ferraz"},"city":"Pontevedra","state":"Extremadura","country":"Spain","postcode":87132,"coordinates":{"latitude":"-32.1021","longitude":"172.8704"},"timezone":{"offset":"0:00","description":"Western Europe Time, London, Lisbon, Casablanca"}},"email":"luz.alonso@example.com","login":{"uuid":"90e7f7ba-d4ab-4b8f-8842-a80b5e07478b","username":"bluemouse581","password":"cong","salt":"sOSTG9UH","md5":"449209fa239e18a8fc24d3bf8016a01a","sha1":"5563fd93786a84095de2cc6da70b810bda09ff65","sha256":"4a8778fda20105c30c01667b3f9bac234ba2c4651338d63daf5cd1cd0bcfbd63"},"dob":{"date":"1945-04-18T02:07:02.075Z","age":79},"registered":{"date":"2016-05-13T07:57:59.443Z","age":7},"phone":"990-424-578","cell":"647-457-131","id":{"name":"DNI","value":"99491646-P"},"picture":{"large":"https://randomuser.me/api/portraits/women/35.jpg","medium":"https://randomuser.me/api/portraits/med/women/35.jpg","thumbnail":"https://randomuser.me/api/portraits/thumb/women/35.jpg"},"nat":"ES"}],"info":{"seed":"6448369bc14b9ddc","results":1,"page":1,"version":"1.4"}} 
 </msg>
<msg time="2024-05-10T07:15:03.212346" level="INFO">/opt/hostedtoolcache/Python/3.12.3/x64/lib/python3.12/site-packages/urllib3/connectionpool.py:1103: InsecureRequestWarning: Unverified HTTPS request is being made to host 'randomuser.me'. Adding certificate verification is strongly advised. See: https://urllib3.readthedocs.io/en/latest/advanced-usage.html#tls-warnings
  warnings.warn(</msg>
<msg time="2024-05-10T07:15:03.212516" level="INFO">${response} = &lt;Response [200]&gt;</msg>
<var>${response}</var>
<arg>consultarAPI</arg>
<arg>/api</arg>
<doc>Sends a GET request on a previously created HTTP Session.</doc>
<status status="PASS" start="2024-05-10T07:15:03.108866" elapsed="0.103694"/>
</kw>
<kw name="Should Be Equal As Numbers" owner="BuiltIn">
<msg time="2024-05-10T07:15:03.213591" level="INFO">Argument types are:
&lt;class 'int'&gt;
&lt;class 'str'&gt;</msg>
<arg>${response.status_code}</arg>
<arg>200</arg>
<doc>Fails if objects are unequal after converting them to real numbers.</doc>
<status status="PASS" start="2024-05-10T07:15:03.213101" elapsed="0.000562"/>
</kw>
<kw name="Log" owner="BuiltIn">
<msg time="2024-05-10T07:15:03.214448" level="INFO">200</msg>
<arg>${response.status_code}</arg>
<doc>Logs the given message with the given level.</doc>
<status status="PASS" start="2024-05-10T07:15:03.214060" elapsed="0.000434"/>
</kw>
<kw name="Set Variable" owner="BuiltIn">
<msg time="2024-05-10T07:15:03.215281" level="INFO">${json_data} = {'results': [{'gender': 'female', 'name': {'title': 'Ms', 'first': 'Luz', 'last': 'Alonso'}, 'location': {'street': {'number': 9688, 'name': 'Calle de Ferraz'}, 'city': 'Pontevedra', 'state': 'Extrema...</msg>
<var>${json_data}</var>
<arg>${response.json()}</arg>
<doc>Returns the given values which can then be assigned to a variables.</doc>
<status status="PASS" start="2024-05-10T07:15:03.214821" elapsed="0.000490"/>
</kw>
<kw name="Dictionary Should Contain Key" owner="Collections">
<msg time="2024-05-10T07:15:03.215818" level="INFO">False</msg>
<arg>${json_data}</arg>
<arg>results</arg>
<doc>Fails if ``key`` is not found from ``dictionary``.</doc>
<status status="PASS" start="2024-05-10T07:15:03.215642" elapsed="0.000218"/>
</kw>
<status status="PASS" start="2024-05-10T07:15:03.108603" elapsed="0.107516"/>
</kw>
<doc>Testa se a API responde corretamente e retorna um objeto JSON válido.</doc>
<tag>testeRequisicaoBasica</tag>
<status status="PASS" start="2024-05-10T07:15:03.108019" elapsed="0.108289"/>
</test>
<test id="s1-s1-t3" name="Validar estrutura de resposta" line="22">
<kw name="Teste de Estrutura de Resposta" owner="random-user-service">
<kw name="GET On Session" owner="RequestsLibrary">
<msg time="2024-05-10T07:15:03.287751" level="INFO">GET Request : url=https://randomuser.me/api 
 path_url=/api 
 headers={'User-Agent': 'python-requests/2.31.0', 'Accept-Encoding': 'gzip, deflate', 'Accept': '*/*', 'Connection': 'keep-alive'} 
 body=None 
 </msg>
<msg time="2024-05-10T07:15:03.287865" level="INFO">GET Response : url=https://randomuser.me/api 
 status=200, reason=OK 
 headers={'Date': 'Fri, 10 May 2024 07:15:03 GMT', 'Content-Type': 'application/json; charset=utf-8', 'Transfer-Encoding': 'chunked', 'Connection': 'keep-alive', 'X-Powered-By': 'Express', 'Access-Control-Allow-Origin': '*', 'Cache-Control': 'no-cache', 'ETag': 'W/"497-+8KdIfUxiGjztkfpsKappOZhpqk"', 'Vary': 'Accept-Encoding', 'Content-Encoding': 'gzip', 'CF-Cache-Status': 'DYNAMIC', 'Report-To': '{"endpoints":[{"url":"https:\\/\\/a.nel.cloudflare.com\\/report\\/v4?s=QRd7NfVIBxbrC9K1SLQCrfzj0JaGB4G%2Bmwa0L8g1JFh7Ek7ypcnLxhnEy7BZjS7aXZ6qHeJRxd%2BJA4lDIT3zBC0b2KzVVxGlcQiOVUR%2BD%2Ba13V2pYf%2F9370D%2FO56ESVc"}],"group":"cf-nel","max_age":604800}', 'NEL': '{"success_fraction":0,"report_to":"cf-nel","max_age":604800}', 'Server': 'cloudflare', 'CF-RAY': '881822c92e157fca-IAD', 'alt-svc': 'h3=":443"; ma=86400'} 
 body={"results":[{"gender":"female","name":{"title":"Ms","first":"Riley","last":"Evans"},"location":{"street":{"number":9774,"name":"Smokey Ln"},"city":"Mobile","state":"Idaho","country":"United States","postcode":23272,"coordinates":{"latitude":"88.2908","longitude":"163.9324"},"timezone":{"offset":"-5:00","description":"Eastern Time (US &amp; Canada), Bogota, Lima"}},"email":"riley.evans@example.com","login":{"uuid":"c3d3fc93-2e05-4163-9f75-7c5b88026ab4","username":"goldenkoala800","password":"junior1","salt":"4bvgAot9","md5":"3a136aca6d19871d8a496051b038a688","sha1":"e74838f007fa4439e0c1e660da6ab4c699b30a72","sha256":"553169a426b4f54f3565ef19560ff207af5b566ae7de1b74c9157bdc354765e2"},"dob":{"date":"1963-08-01T05:00:58.920Z","age":60},"registered":{"date":"2016-09-23T12:05:24.808Z","age":7},"phone":"(601) 567-2996","cell":"(343) 544-0942","id":{"name":"SSN","value":"466-35-4922"},"picture":{"large":"https://randomuser.me/api/portraits/women/50.jpg","medium":"https://randomuser.me/api/portraits/med/women/50.jpg","thumbnail":"https://randomuser.me/api/portraits/thumb/women/50.jpg"},"nat":"US"}],"info":{"seed":"14c8c029f74254d5","results":1,"page":1,"version":"1.4"}} 
 </msg>
<msg time="2024-05-10T07:15:03.288010" level="INFO">/opt/hostedtoolcache/Python/3.12.3/x64/lib/python3.12/site-packages/urllib3/connectionpool.py:1103: InsecureRequestWarning: Unverified HTTPS request is being made to host 'randomuser.me'. Adding certificate verification is strongly advised. See: https://urllib3.readthedocs.io/en/latest/advanced-usage.html#tls-warnings
  warnings.warn(</msg>
<msg time="2024-05-10T07:15:03.288157" level="INFO">${response} = &lt;Response [200]&gt;</msg>
<var>${response}</var>
<arg>consultarAPI</arg>
<arg>/api</arg>
<doc>Sends a GET request on a previously created HTTP Session.</doc>
<status status="PASS" start="2024-05-10T07:15:03.218912" elapsed="0.069285"/>
</kw>
<kw name="Set Variable" owner="BuiltIn">
<msg time="2024-05-10T07:15:03.289232" level="INFO">${json_data} = {'results': [{'gender': 'female', 'name': {'title': 'Ms', 'first': 'Riley', 'last': 'Evans'}, 'location': {'street': {'number': 9774, 'name': 'Smokey Ln'}, 'city': 'Mobile', 'state': 'Idaho', 'country...</msg>
<var>${json_data}</var>
<arg>${response.json()}</arg>
<doc>Returns the given values which can then be assigned to a variables.</doc>
<status status="PASS" start="2024-05-10T07:15:03.288696" elapsed="0.000567"/>
</kw>
<kw name="Log" owner="BuiltIn">
<msg time="2024-05-10T07:15:03.289753" level="INFO">{'results': [{'gender': 'female', 'name': {'title': 'Ms', 'first': 'Riley', 'last': 'Evans'}, 'location': {'street': {'number': 9774, 'name': 'Smokey Ln'}, 'city': 'Mobile', 'state': 'Idaho', 'country': 'United States', 'postcode': 23272, 'coordinates': {'latitude': '88.2908', 'longitude': '163.9324'}, 'timezone': {'offset': '-5:00', 'description': 'Eastern Time (US &amp; Canada), Bogota, Lima'}}, 'email': 'riley.evans@example.com', 'login': {'uuid': 'c3d3fc93-2e05-4163-9f75-7c5b88026ab4', 'username': 'goldenkoala800', 'password': 'junior1', 'salt': '4bvgAot9', 'md5': '3a136aca6d19871d8a496051b038a688', 'sha1': 'e74838f007fa4439e0c1e660da6ab4c699b30a72', 'sha256': '553169a426b4f54f3565ef19560ff207af5b566ae7de1b74c9157bdc354765e2'}, 'dob': {'date': '1963-08-01T05:00:58.920Z', 'age': 60}, 'registered': {'date': '2016-09-23T12:05:24.808Z', 'age': 7}, 'phone': '(601) 567-2996', 'cell': '(343) 544-0942', 'id': {'name': 'SSN', 'value': '466-35-4922'}, 'picture': {'large': 'https://randomuser.me/api/portraits/women/50.jpg', 'medium': 'https://randomuser.me/api/portraits/med/women/50.jpg', 'thumbnail': 'https://randomuser.me/api/portraits/thumb/women/50.jpg'}, 'nat': 'US'}], 'info': {'seed': '14c8c029f74254d5', 'results': 1, 'page': 1, 'version': '1.4'}}</msg>
<arg>${json_data}</arg>
<doc>Logs the given message with the given level.</doc>
<status status="PASS" start="2024-05-10T07:15:03.289578" elapsed="0.000226"/>
</kw>
<kw name="Dictionary Should Contain Key" owner="Collections">
<msg time="2024-05-10T07:15:03.290268" level="INFO">False</msg>
<arg>${json_data}</arg>
<arg>results</arg>
<doc>Fails if ``key`` is not found from ``dictionary``.</doc>
<status status="PASS" start="2024-05-10T07:15:03.290104" elapsed="0.000202"/>
</kw>
<kw name="Should Not Be Empty" owner="BuiltIn">
<msg time="2024-05-10T07:15:03.290919" level="INFO">Length is 2.</msg>
<arg>${json_data}</arg>
<doc>Verifies that the given item is not empty.</doc>
<status status="PASS" start="2024-05-10T07:15:03.290727" elapsed="0.000475"/>
</kw>
<kw name="Create List" owner="BuiltIn">
<msg time="2024-05-10T07:15:03.291729" level="INFO">${expected_keys} = ['gender', 'name', 'location', 'email', 'login']</msg>
<var>${expected_keys}</var>
<arg>gender</arg>
<arg>name</arg>
<arg>location</arg>
<arg>email</arg>
<arg>login</arg>
<doc>Returns a list containing given items.</doc>
<status status="PASS" start="2024-05-10T07:15:03.291567" elapsed="0.000188"/>
</kw>
<for flavor="IN">
<iter>
<kw name="Dictionary Should Contain Key" owner="Collections">
<msg time="2024-05-10T07:15:03.292770" level="INFO">False</msg>
<arg>${json_data['results'][0]}</arg>
<arg>${key}</arg>
<doc>Fails if ``key`` is not found from ``dictionary``.</doc>
<status status="PASS" start="2024-05-10T07:15:03.292351" elapsed="0.000458"/>
</kw>
<kw name="Log" owner="BuiltIn">
<msg time="2024-05-10T07:15:03.293493" level="INFO">{'gender': 'female', 'name': {'title': 'Ms', 'first': 'Riley', 'last': 'Evans'}, 'location': {'street': {'number': 9774, 'name': 'Smokey Ln'}, 'city': 'Mobile', 'state': 'Idaho', 'country': 'United States', 'postcode': 23272, 'coordinates': {'latitude': '88.2908', 'longitude': '163.9324'}, 'timezone': {'offset': '-5:00', 'description': 'Eastern Time (US &amp; Canada), Bogota, Lima'}}, 'email': 'riley.evans@example.com', 'login': {'uuid': 'c3d3fc93-2e05-4163-9f75-7c5b88026ab4', 'username': 'goldenkoala800', 'password': 'junior1', 'salt': '4bvgAot9', 'md5': '3a136aca6d19871d8a496051b038a688', 'sha1': 'e74838f007fa4439e0c1e660da6ab4c699b30a72', 'sha256': '553169a426b4f54f3565ef19560ff207af5b566ae7de1b74c9157bdc354765e2'}, 'dob': {'date': '1963-08-01T05:00:58.920Z', 'age': 60}, 'registered': {'date': '2016-09-23T12:05:24.808Z', 'age': 7}, 'phone': '(601) 567-2996', 'cell': '(343) 544-0942', 'id': {'name': 'SSN', 'value': '466-35-4922'}, 'picture': {'large': 'https://randomuser.me/api/portraits/women/50.jpg', 'medium': 'https://randomuser.me/api/portraits/med/women/50.jpg', 'thumbnail': 'https://randomuser.me/api/portraits/thumb/women/50.jpg'}, 'nat': 'US'}</msg>
<arg>${json_data['results'][0]}</arg>
<doc>Logs the given message with the given level.</doc>
<status status="PASS" start="2024-05-10T07:15:03.293114" elapsed="0.000430"/>
</kw>
<kw name="Log" owner="BuiltIn">
<msg time="2024-05-10T07:15:03.293972" level="INFO">gender</msg>
<arg>${key}</arg>
<doc>Logs the given message with the given level.</doc>
<status status="PASS" start="2024-05-10T07:15:03.293843" elapsed="0.000168"/>
</kw>
<var name="${key}">gender</var>
<status status="PASS" start="2024-05-10T07:15:03.292223" elapsed="0.002006"/>
</iter>
<iter>
<kw name="Dictionary Should Contain Key" owner="Collections">
<msg time="2024-05-10T07:15:03.294921" level="INFO">False</msg>
<arg>${json_data['results'][0]}</arg>
<arg>${key}</arg>
<doc>Fails if ``key`` is not found from ``dictionary``.</doc>
<status status="PASS" start="2024-05-10T07:15:03.294530" elapsed="0.000428"/>
</kw>
<kw name="Log" owner="BuiltIn">
<msg time="2024-05-10T07:15:03.295672" level="INFO">{'gender': 'female', 'name': {'title': 'Ms', 'first': 'Riley', 'last': 'Evans'}, 'location': {'street': {'number': 9774, 'name': 'Smokey Ln'}, 'city': 'Mobile', 'state': 'Idaho', 'country': 'United States', 'postcode': 23272, 'coordinates': {'latitude': '88.2908', 'longitude': '163.9324'}, 'timezone': {'offset': '-5:00', 'description': 'Eastern Time (US &amp; Canada), Bogota, Lima'}}, 'email': 'riley.evans@example.com', 'login': {'uuid': 'c3d3fc93-2e05-4163-9f75-7c5b88026ab4', 'username': 'goldenkoala800', 'password': 'junior1', 'salt': '4bvgAot9', 'md5': '3a136aca6d19871d8a496051b038a688', 'sha1': 'e74838f007fa4439e0c1e660da6ab4c699b30a72', 'sha256': '553169a426b4f54f3565ef19560ff207af5b566ae7de1b74c9157bdc354765e2'}, 'dob': {'date': '1963-08-01T05:00:58.920Z', 'age': 60}, 'registered': {'date': '2016-09-23T12:05:24.808Z', 'age': 7}, 'phone': '(601) 567-2996', 'cell': '(343) 544-0942', 'id': {'name': 'SSN', 'value': '466-35-4922'}, 'picture': {'large': 'https://randomuser.me/api/portraits/women/50.jpg', 'medium': 'https://randomuser.me/api/portraits/med/women/50.jpg', 'thumbnail': 'https://randomuser.me/api/portraits/thumb/women/50.jpg'}, 'nat': 'US'}</msg>
<arg>${json_data['results'][0]}</arg>
<doc>Logs the given message with the given level.</doc>
<status status="PASS" start="2024-05-10T07:15:03.295278" elapsed="0.000444"/>
</kw>
<kw name="Log" owner="BuiltIn">
<msg time="2024-05-10T07:15:03.296153" level="INFO">name</msg>
<arg>${key}</arg>
<doc>Logs the given message with the given level.</doc>
<status status="PASS" start="2024-05-10T07:15:03.296024" elapsed="0.000166"/>
</kw>
<var name="${key}">name</var>
<status status="PASS" start="2024-05-10T07:15:03.294414" elapsed="0.002000"/>
</iter>
<iter>
<kw name="Dictionary Should Contain Key" owner="Collections">
<msg time="2024-05-10T07:15:03.297101" level="INFO">False</msg>
<arg>${json_data['results'][0]}</arg>
<arg>${key}</arg>
<doc>Fails if ``key`` is not found from ``dictionary``.</doc>
<status status="PASS" start="2024-05-10T07:15:03.296714" elapsed="0.000425"/>
</kw>
<kw name="Log" owner="BuiltIn">
<msg time="2024-05-10T07:15:03.297799" level="INFO">{'gender': 'female', 'name': {'title': 'Ms', 'first': 'Riley', 'last': 'Evans'}, 'location': {'street': {'number': 9774, 'name': 'Smokey Ln'}, 'city': 'Mobile', 'state': 'Idaho', 'country': 'United States', 'postcode': 23272, 'coordinates': {'latitude': '88.2908', 'longitude': '163.9324'}, 'timezone': {'offset': '-5:00', 'description': 'Eastern Time (US &amp; Canada), Bogota, Lima'}}, 'email': 'riley.evans@example.com', 'login': {'uuid': 'c3d3fc93-2e05-4163-9f75-7c5b88026ab4', 'username': 'goldenkoala800', 'password': 'junior1', 'salt': '4bvgAot9', 'md5': '3a136aca6d19871d8a496051b038a688', 'sha1': 'e74838f007fa4439e0c1e660da6ab4c699b30a72', 'sha256': '553169a426b4f54f3565ef19560ff207af5b566ae7de1b74c9157bdc354765e2'}, 'dob': {'date': '1963-08-01T05:00:58.920Z', 'age': 60}, 'registered': {'date': '2016-09-23T12:05:24.808Z', 'age': 7}, 'phone': '(601) 567-2996', 'cell': '(343) 544-0942', 'id': {'name': 'SSN', 'value': '466-35-4922'}, 'picture': {'large': 'https://randomuser.me/api/portraits/women/50.jpg', 'medium': 'https://randomuser.me/api/portraits/med/women/50.jpg', 'thumbnail': 'https://randomuser.me/api/portraits/thumb/women/50.jpg'}, 'nat': 'US'}</msg>
<arg>${json_data['results'][0]}</arg>
<doc>Logs the given message with the given level.</doc>
<status status="PASS" start="2024-05-10T07:15:03.297439" elapsed="0.000409"/>
</kw>
<kw name="Log" owner="BuiltIn">
<msg time="2024-05-10T07:15:03.298264" level="INFO">location</msg>
<arg>${key}</arg>
<doc>Logs the given message with the given level.</doc>
<status status="PASS" start="2024-05-10T07:15:03.298140" elapsed="0.000161"/>
</kw>
<var name="${key}">location</var>
<status status="PASS" start="2024-05-10T07:15:03.296601" elapsed="0.001911"/>
</iter>
<iter>
<kw name="Dictionary Should Contain Key" owner="Collections">
<msg time="2024-05-10T07:15:03.299178" level="INFO">False</msg>
<arg>${json_data['results'][0]}</arg>
<arg>${key}</arg>
<doc>Fails if ``key`` is not found from ``dictionary``.</doc>
<status status="PASS" start="2024-05-10T07:15:03.298794" elapsed="0.000422"/>
</kw>
<kw name="Log" owner="BuiltIn">
<msg time="2024-05-10T07:15:03.299902" level="INFO">{'gender': 'female', 'name': {'title': 'Ms', 'first': 'Riley', 'last': 'Evans'}, 'location': {'street': {'number': 9774, 'name': 'Smokey Ln'}, 'city': 'Mobile', 'state': 'Idaho', 'country': 'United States', 'postcode': 23272, 'coordinates': {'latitude': '88.2908', 'longitude': '163.9324'}, 'timezone': {'offset': '-5:00', 'description': 'Eastern Time (US &amp; Canada), Bogota, Lima'}}, 'email': 'riley.evans@example.com', 'login': {'uuid': 'c3d3fc93-2e05-4163-9f75-7c5b88026ab4', 'username': 'goldenkoala800', 'password': 'junior1', 'salt': '4bvgAot9', 'md5': '3a136aca6d19871d8a496051b038a688', 'sha1': 'e74838f007fa4439e0c1e660da6ab4c699b30a72', 'sha256': '553169a426b4f54f3565ef19560ff207af5b566ae7de1b74c9157bdc354765e2'}, 'dob': {'date': '1963-08-01T05:00:58.920Z', 'age': 60}, 'registered': {'date': '2016-09-23T12:05:24.808Z', 'age': 7}, 'phone': '(601) 567-2996', 'cell': '(343) 544-0942', 'id': {'name': 'SSN', 'value': '466-35-4922'}, 'picture': {'large': 'https://randomuser.me/api/portraits/women/50.jpg', 'medium': 'https://randomuser.me/api/portraits/med/women/50.jpg', 'thumbnail': 'https://randomuser.me/api/portraits/thumb/women/50.jpg'}, 'nat': 'US'}</msg>
<arg>${json_data['results'][0]}</arg>
<doc>Logs the given message with the given level.</doc>
<status status="PASS" start="2024-05-10T07:15:03.299537" elapsed="0.000416"/>
</kw>
<kw name="Log" owner="BuiltIn">
<msg time="2024-05-10T07:15:03.300379" level="INFO">email</msg>
<arg>${key}</arg>
<doc>Logs the given message with the given level.</doc>
<status status="PASS" start="2024-05-10T07:15:03.300251" elapsed="0.000165"/>
</kw>
<var name="${key}">email</var>
<status status="PASS" start="2024-05-10T07:15:03.298684" elapsed="0.001942"/>
</iter>
<iter>
<kw name="Dictionary Should Contain Key" owner="Collections">
<msg time="2024-05-10T07:15:03.301295" level="INFO">False</msg>
<arg>${json_data['results'][0]}</arg>
<arg>${key}</arg>
<doc>Fails if ``key`` is not found from ``dictionary``.</doc>
<status status="PASS" start="2024-05-10T07:15:03.300905" elapsed="0.000428"/>
</kw>
<kw name="Log" owner="BuiltIn">
<msg time="2024-05-10T07:15:03.301997" level="INFO">{'gender': 'female', 'name': {'title': 'Ms', 'first': 'Riley', 'last': 'Evans'}, 'location': {'street': {'number': 9774, 'name': 'Smokey Ln'}, 'city': 'Mobile', 'state': 'Idaho', 'country': 'United States', 'postcode': 23272, 'coordinates': {'latitude': '88.2908', 'longitude': '163.9324'}, 'timezone': {'offset': '-5:00', 'description': 'Eastern Time (US &amp; Canada), Bogota, Lima'}}, 'email': 'riley.evans@example.com', 'login': {'uuid': 'c3d3fc93-2e05-4163-9f75-7c5b88026ab4', 'username': 'goldenkoala800', 'password': 'junior1', 'salt': '4bvgAot9', 'md5': '3a136aca6d19871d8a496051b038a688', 'sha1': 'e74838f007fa4439e0c1e660da6ab4c699b30a72', 'sha256': '553169a426b4f54f3565ef19560ff207af5b566ae7de1b74c9157bdc354765e2'}, 'dob': {'date': '1963-08-01T05:00:58.920Z', 'age': 60}, 'registered': {'date': '2016-09-23T12:05:24.808Z', 'age': 7}, 'phone': '(601) 567-2996', 'cell': '(343) 544-0942', 'id': {'name': 'SSN', 'value': '466-35-4922'}, 'picture': {'large': 'https://randomuser.me/api/portraits/women/50.jpg', 'medium': 'https://randomuser.me/api/portraits/med/women/50.jpg', 'thumbnail': 'https://randomuser.me/api/portraits/thumb/women/50.jpg'}, 'nat': 'US'}</msg>
<arg>${json_data['results'][0]}</arg>
<doc>Logs the given message with the given level.</doc>
<status status="PASS" start="2024-05-10T07:15:03.301632" elapsed="0.000414"/>
</kw>
<kw name="Log" owner="BuiltIn">
<msg time="2024-05-10T07:15:03.302460" level="INFO">login</msg>
<arg>${key}</arg>
<doc>Logs the given message with the given level.</doc>
<status status="PASS" start="2024-05-10T07:15:03.302336" elapsed="0.000161"/>
</kw>
<var name="${key}">login</var>
<status status="PASS" start="2024-05-10T07:15:03.300795" elapsed="0.001943"/>
</iter>
<var>${key}</var>
<value>@{expected_keys}</value>
<status status="PASS" start="2024-05-10T07:15:03.292026" elapsed="0.010833"/>
</for>
<kw name="Create List" owner="BuiltIn">
<msg time="2024-05-10T07:15:03.303187" level="INFO">${expected_keysTwo} = ['username', 'password']</msg>
<var>${expected_keysTwo}</var>
<arg>username</arg>
<arg>password</arg>
<doc>Returns a list containing given items.</doc>
<status status="PASS" start="2024-05-10T07:15:03.303051" elapsed="0.000159"/>
</kw>
<for flavor="IN">
<iter>
<kw name="Dictionary Should Contain Key" owner="Collections">
<msg time="2024-05-10T07:15:03.304141" level="INFO">False</msg>
<arg>${json_data['results'][0]['login']}</arg>
<arg>${keyTwo}</arg>
<doc>Fails if ``key`` is not found from ``dictionary``.</doc>
<status status="PASS" start="2024-05-10T07:15:03.303753" elapsed="0.000425"/>
</kw>
<kw name="Dictionary Should Contain Key" owner="Collections">
<msg time="2024-05-10T07:15:03.304852" level="INFO">False</msg>
<arg>${json_data['results'][0]['login']}</arg>
<arg>${keyTwo}</arg>
<doc>Fails if ``key`` is not found from ``dictionary``.</doc>
<status status="PASS" start="2024-05-10T07:15:03.304468" elapsed="0.000421"/>
</kw>
<kw name="Log" owner="BuiltIn">
<msg time="2024-05-10T07:15:03.305299" level="INFO">username</msg>
<arg>${keyTwo}</arg>
<doc>Logs the given message with the given level.</doc>
<status status="PASS" start="2024-05-10T07:15:03.305174" elapsed="0.000168"/>
</kw>
<var name="${keyTwo}">username</var>
<status status="PASS" start="2024-05-10T07:15:03.303643" elapsed="0.001912"/>
</iter>
<iter>
<kw name="Dictionary Should Contain Key" owner="Collections">
<msg time="2024-05-10T07:15:03.306298" level="INFO">False</msg>
<arg>${json_data['results'][0]['login']}</arg>
<arg>${keyTwo}</arg>
<doc>Fails if ``key`` is not found from ``dictionary``.</doc>
<status status="PASS" start="2024-05-10T07:15:03.305833" elapsed="0.000504"/>
</kw>
<kw name="Dictionary Should Contain Key" owner="Collections">
<msg time="2024-05-10T07:15:03.307017" level="INFO">False</msg>
<arg>${json_data['results'][0]['login']}</arg>
<arg>${keyTwo}</arg>
<doc>Fails if ``key`` is not found from ``dictionary``.</doc>
<status status="PASS" start="2024-05-10T07:15:03.306630" elapsed="0.000423"/>
</kw>
<kw name="Log" owner="BuiltIn">
<msg time="2024-05-10T07:15:03.307497" level="INFO">password</msg>
<arg>${keyTwo}</arg>
<doc>Logs the given message with the given level.</doc>
<status status="PASS" start="2024-05-10T07:15:03.307342" elapsed="0.000193"/>
</kw>
<var name="${keyTwo}">password</var>
<status status="PASS" start="2024-05-10T07:15:03.305722" elapsed="0.002027"/>
</iter>
<var>${keyTwo}</var>
<value>@{expected_keysTwo}</value>
<status status="PASS" start="2024-05-10T07:15:03.303487" elapsed="0.004380"/>
</for>
<status status="PASS" start="2024-05-10T07:15:03.218672" elapsed="0.089335"/>
</kw>
<doc>Testa a estrutura da resposta da API.</doc>
<tag>testeEstruturaResposta</tag>
<status status="PASS" start="2024-05-10T07:15:03.218154" elapsed="0.090010"/>
</test>
<test id="s1-s1-t4" name="Validar tipos de dados" line="28">
<kw name="Teste de Tipos de Dados" owner="random-user-service">
<kw name="GET On Session" owner="RequestsLibrary">
<msg time="2024-05-10T07:15:03.384348" level="INFO">GET Request : url=https://randomuser.me/api 
 path_url=/api 
 headers={'User-Agent': 'python-requests/2.31.0', 'Accept-Encoding': 'gzip, deflate', 'Accept': '*/*', 'Connection': 'keep-alive'} 
 body=None 
 </msg>
<msg time="2024-05-10T07:15:03.384448" level="INFO">GET Response : url=https://randomuser.me/api 
 status=200, reason=OK 
 headers={'Date': 'Fri, 10 May 2024 07:15:03 GMT', 'Content-Type': 'application/json; charset=utf-8', 'Transfer-Encoding': 'chunked', 'Connection': 'keep-alive', 'X-Powered-By': 'Express', 'Access-Control-Allow-Origin': '*', 'Cache-Control': 'no-cache', 'ETag': 'W/"48f-mdpnJZatpAF3kB9eviPIjYND+JM"', 'Vary': 'Accept-Encoding', 'Content-Encoding': 'gzip', 'CF-Cache-Status': 'DYNAMIC', 'Report-To': '{"endpoints":[{"url":"https:\\/\\/a.nel.cloudflare.com\\/report\\/v4?s=MPZzI3Ij7c9TWHDRXmdPSTel9zz%2FiPOS5dmalltkjJeync59zBgocCO5fFVk2aGIZ2LFjfrwrZg5XghC3hRGNjhT46EH6xEA5d1xMTAKOZo3SdW9POfzQjT%2FnyUOAUcI"}],"group":"cf-nel","max_age":604800}', 'NEL': '{"success_fraction":0,"report_to":"cf-nel","max_age":604800}', 'Server': 'cloudflare', 'CF-RAY': '881822c9beaa7fca-IAD', 'alt-svc': 'h3=":443"; ma=86400'} 
 body={"results":[{"gender":"female","name":{"title":"Miss","first":"Olivia","last":"Banks"},"location":{"street":{"number":9834,"name":"School Lane"},"city":"St Davids","state":"Leicestershire","country":"United Kingdom","postcode":"S2T 6WY","coordinates":{"latitude":"-4.5405","longitude":"79.6241"},"timezone":{"offset":"-3:30","description":"Newfoundland"}},"email":"olivia.banks@example.com","login":{"uuid":"c005fbc9-57b3-4802-a4b4-f26b89b516d5","username":"brownzebra263","password":"pimpin","salt":"ERpGdiQs","md5":"71bd313efd4f237a4b5b5052ccf36396","sha1":"9fbe7f9c775b42fd6c2bac2f9b6d4aefd9be5811","sha256":"ab3c9089a2c84058f5f3d4ba267a25e008f82c039357cf6158a3c74676fd9dd8"},"dob":{"date":"1966-08-31T23:18:16.108Z","age":57},"registered":{"date":"2016-09-12T12:16:23.319Z","age":7},"phone":"022 3249 3838","cell":"07119 795760","id":{"name":"NINO","value":"YJ 05 58 89 T"},"picture":{"large":"https://randomuser.me/api/portraits/women/53.jpg","medium":"https://randomuser.me/api/portraits/med/women/53.jpg","thumbnail":"https://randomuser.me/api/portraits/thumb/women/53.jpg"},"nat":"GB"}],"info":{"seed":"4c0a9906a20090da","results":1,"page":1,"version":"1.4"}} 
 </msg>
<msg time="2024-05-10T07:15:03.384521" level="INFO">/opt/hostedtoolcache/Python/3.12.3/x64/lib/python3.12/site-packages/urllib3/connectionpool.py:1103: InsecureRequestWarning: Unverified HTTPS request is being made to host 'randomuser.me'. Adding certificate verification is strongly advised. See: https://urllib3.readthedocs.io/en/latest/advanced-usage.html#tls-warnings
  warnings.warn(</msg>
<msg time="2024-05-10T07:15:03.384651" level="INFO">${response} = &lt;Response [200]&gt;</msg>
<var>${response}</var>
<arg>consultarAPI</arg>
<arg>/api</arg>
<doc>Sends a GET request on a previously created HTTP Session.</doc>
<status status="PASS" start="2024-05-10T07:15:03.310705" elapsed="0.073987"/>
</kw>
<kw name="Set Variable" owner="BuiltIn">
<msg time="2024-05-10T07:15:03.385894" level="INFO">${json_data} = {'results': [{'gender': 'female', 'name': {'title': 'Miss', 'first': 'Olivia', 'last': 'Banks'}, 'location': {'street': {'number': 9834, 'name': 'School Lane'}, 'city': 'St Davids', 'state': 'Leiceste...</msg>
<var>${json_data}</var>
<arg>${response.json()}</arg>
<doc>Returns the given values which can then be assigned to a variables.</doc>
<status status="PASS" start="2024-05-10T07:15:03.385339" elapsed="0.000584"/>
</kw>
<kw name="Log" owner="BuiltIn">
<msg time="2024-05-10T07:15:03.386392" level="INFO">{'results': [{'gender': 'female', 'name': {'title': 'Miss', 'first': 'Olivia', 'last': 'Banks'}, 'location': {'street': {'number': 9834, 'name': 'School Lane'}, 'city': 'St Davids', 'state': 'Leicestershire', 'country': 'United Kingdom', 'postcode': 'S2T 6WY', 'coordinates': {'latitude': '-4.5405', 'longitude': '79.6241'}, 'timezone': {'offset': '-3:30', 'description': 'Newfoundland'}}, 'email': 'olivia.banks@example.com', 'login': {'uuid': 'c005fbc9-57b3-4802-a4b4-f26b89b516d5', 'username': 'brownzebra263', 'password': 'pimpin', 'salt': 'ERpGdiQs', 'md5': '71bd313efd4f237a4b5b5052ccf36396', 'sha1': '9fbe7f9c775b42fd6c2bac2f9b6d4aefd9be5811', 'sha256': 'ab3c9089a2c84058f5f3d4ba267a25e008f82c039357cf6158a3c74676fd9dd8'}, 'dob': {'date': '1966-08-31T23:18:16.108Z', 'age': 57}, 'registered': {'date': '2016-09-12T12:16:23.319Z', 'age': 7}, 'phone': '022 3249 3838', 'cell': '07119 795760', 'id': {'name': 'NINO', 'value': 'YJ 05 58 89 T'}, 'picture': {'large': 'https://randomuser.me/api/portraits/women/53.jpg', 'medium': 'https://randomuser.me/api/portraits/med/women/53.jpg', 'thumbnail': 'https://randomuser.me/api/portraits/thumb/women/53.jpg'}, 'nat': 'GB'}], 'info': {'seed': '4c0a9906a20090da', 'results': 1, 'page': 1, 'version': '1.4'}}</msg>
<arg>${json_data}</arg>
<doc>Logs the given message with the given level.</doc>
<status status="PASS" start="2024-05-10T07:15:03.386234" elapsed="0.000243"/>
</kw>
<kw name="Should Be String" owner="String">
<arg>${json_data['results'][0]['gender']}</arg>
<doc>Fails if the given ``item`` is not a string.</doc>
<status status="PASS" start="2024-05-10T07:15:03.386793" elapsed="0.000381"/>
</kw>
<kw name="Should Match Regexp" owner="BuiltIn">
<arg>${json_data['results'][0]['email']}</arg>
<arg>^[a-zA-Z0-9._%+-]+@[a-zA-Z0-9.-]+\.[a-zA-Z]{2,}$</arg>
<doc>Fails if ``string`` does not match ``pattern`` as a regular expression.</doc>
<status status="PASS" start="2024-05-10T07:15:03.387367" elapsed="0.000574"/>
</kw>
<kw name="Should Match Regexp" owner="BuiltIn">
<arg>${json_data['results'][0]['dob']['date']}</arg>
<arg>\\d{4}-\\d{2}-\\d{2}T\\d{2}:\\d{2}:\\d{2}\\.\\d{3}Z</arg>
<doc>Fails if ``string`` does not match ``pattern`` as a regular expression.</doc>
<status status="PASS" start="2024-05-10T07:15:03.388134" elapsed="0.000492"/>
</kw>
<kw name="Should Match Regexp" owner="BuiltIn">
<arg>${json_data['results'][0]['registered']['date']}</arg>
<arg>\\d{4}-\\d{2}-\\d{2}T\\d{2}:\\d{2}:\\d{2}\\.\\d{3}Z</arg>
<doc>Fails if ``string`` does not match ``pattern`` as a regular expression.</doc>
<status status="PASS" start="2024-05-10T07:15:03.388814" elapsed="0.000365"/>
</kw>
<kw name="Should Match Regexp" owner="BuiltIn">
<arg>${json_data['results'][0]['picture']['large']}</arg>
<arg>^https?://.*\.(?:png|jpe?g|gif|bmp)$</arg>
<doc>Fails if ``string`` does not match ``pattern`` as a regular expression.</doc>
<status status="PASS" start="2024-05-10T07:15:03.389367" elapsed="0.000463"/>
</kw>
<kw name="Should Match Regexp" owner="BuiltIn">
<arg>${json_data['results'][0]['picture']['medium']}</arg>
<arg>^https?://.*\.(?:png|jpe?g|gif|bmp)$</arg>
<doc>Fails if ``string`` does not match ``pattern`` as a regular expression.</doc>
<status status="PASS" start="2024-05-10T07:15:03.390015" elapsed="0.000358"/>
</kw>
<kw name="Should Match Regexp" owner="BuiltIn">
<arg>${json_data['results'][0]['picture']['thumbnail']}</arg>
<arg>^https?://.*\.(?:png|jpe?g|gif|bmp)$</arg>
<doc>Fails if ``string`` does not match ``pattern`` as a regular expression.</doc>
<status status="PASS" start="2024-05-10T07:15:03.390561" elapsed="0.000349"/>
</kw>
<kw name="Log" owner="BuiltIn">
<msg time="2024-05-10T07:15:03.391443" level="INFO">{'large': 'https://randomuser.me/api/portraits/women/53.jpg', 'medium': 'https://randomuser.me/api/portraits/med/women/53.jpg', 'thumbnail': 'https://randomuser.me/api/portraits/thumb/women/53.jpg'}</msg>
<arg>${json_data['results'][0]['picture']}</arg>
<doc>Logs the given message with the given level.</doc>
<status status="PASS" start="2024-05-10T07:15:03.391089" elapsed="0.000398"/>
</kw>
<status status="PASS" start="2024-05-10T07:15:03.310476" elapsed="0.081272"/>
</kw>
<kw name="Teste de Tipos de Dados - Postcode" owner="random-user-service">
<kw name="GET On Session" owner="RequestsLibrary">
<msg time="2024-05-10T07:15:03.483791" level="INFO">GET Request : url=https://randomuser.me/api 
 path_url=/api 
 headers={'User-Agent': 'python-requests/2.31.0', 'Accept-Encoding': 'gzip, deflate', 'Accept': '*/*', 'Connection': 'keep-alive'} 
 body=None 
 </msg>
<msg time="2024-05-10T07:15:03.483894" level="INFO">GET Response : url=https://randomuser.me/api 
 status=200, reason=OK 
 headers={'Date': 'Fri, 10 May 2024 07:15:03 GMT', 'Content-Type': 'application/json; charset=utf-8', 'Transfer-Encoding': 'chunked', 'Connection': 'keep-alive', 'X-Powered-By': 'Express', 'Access-Control-Allow-Origin': '*', 'Cache-Control': 'no-cache', 'ETag': 'W/"480-P9jN+LqNzXzavayjn2HnrlEy99s"', 'Vary': 'Accept-Encoding', 'Content-Encoding': 'gzip', 'CF-Cache-Status': 'DYNAMIC', 'Report-To': '{"endpoints":[{"url":"https:\\/\\/a.nel.cloudflare.com\\/report\\/v4?s=J08vcxY0Y1erRXdEM0cyTBeROLJw%2FxFCU8%2BtAs5YmX6n%2FNefZsAlatKOCDA34L9tCV5yJRx%2B1w%2FNSVb7cO6eLHTIa31E6z3YeGMUQoEQsloDZAIoLH0CWhcDlosbOF%2Be"}],"group":"cf-nel","max_age":604800}', 'NEL': '{"success_fraction":0,"report_to":"cf-nel","max_age":604800}', 'Server': 'cloudflare', 'CF-RAY': '881822ca3f377fca-IAD', 'alt-svc': 'h3=":443"; ma=86400'} 
 body={"results":[{"gender":"male","name":{"title":"Mr","first":"Lucas","last":"Jørgensen"},"location":{"street":{"number":6581,"name":"Langebjergvej"},"city":"Bælum","state":"Hovedstaden","country":"Denmark","postcode":44812,"coordinates":{"latitude":"-43.9941","longitude":"-29.9404"},"timezone":{"offset":"-1:00","description":"Azores, Cape Verde Islands"}},"email":"lucas.jorgensen@example.com","login":{"uuid":"756a7226-0e3c-44be-80c0-ce9cb2012921","username":"silverbear818","password":"1021","salt":"a6nVtT3I","md5":"0651b03b82fe6643df8c1d9f7a4070cd","sha1":"38a616cddf285fcdb95cc99aec70f18c064cc7b2","sha256":"baffaa9bceeefe1833b06af8eeefaa576f3ccf238bb9ec1b183ff02cfce71860"},"dob":{"date":"1995-04-23T22:47:22.823Z","age":29},"registered":{"date":"2014-04-07T18:45:14.124Z","age":10},"phone":"71011510","cell":"78508114","id":{"name":"CPR","value":"230495-4238"},"picture":{"large":"https://randomuser.me/api/portraits/men/79.jpg","medium":"https://randomuser.me/api/portraits/med/men/79.jpg","thumbnail":"https://randomuser.me/api/portraits/thumb/men/79.jpg"},"nat":"DK"}],"info":{"seed":"582951b67a342789","results":1,"page":1,"version":"1.4"}} 
 </msg>
<msg time="2024-05-10T07:15:03.483968" level="INFO">/opt/hostedtoolcache/Python/3.12.3/x64/lib/python3.12/site-packages/urllib3/connectionpool.py:1103: InsecureRequestWarning: Unverified HTTPS request is being made to host 'randomuser.me'. Adding certificate verification is strongly advised. See: https://urllib3.readthedocs.io/en/latest/advanced-usage.html#tls-warnings
  warnings.warn(</msg>
<msg time="2024-05-10T07:15:03.484094" level="INFO">${response} = &lt;Response [200]&gt;</msg>
<var>${response}</var>
<arg>consultarAPI</arg>
<arg>/api</arg>
<doc>Sends a GET request on a previously created HTTP Session.</doc>
<status status="PASS" start="2024-05-10T07:15:03.392223" elapsed="0.091912"/>
</kw>
<kw name="Set Variable" owner="BuiltIn">
<msg time="2024-05-10T07:15:03.485365" level="INFO">${json_data} = {'results': [{'gender': 'male', 'name': {'title': 'Mr', 'first': 'Lucas', 'last': 'Jørgensen'}, 'location': {'street': {'number': 6581, 'name': 'Langebjergvej'}, 'city': 'Bælum', 'state': 'Hovedstaden...</msg>
<var>${json_data}</var>
<arg>${response.json()}</arg>
<doc>Returns the given values which can then be assigned to a variables.</doc>
<status status="PASS" start="2024-05-10T07:15:03.484772" elapsed="0.000622"/>
</kw>
<kw name="Log" owner="BuiltIn">
<msg time="2024-05-10T07:15:03.485869" level="INFO">{'results': [{'gender': 'male', 'name': {'title': 'Mr', 'first': 'Lucas', 'last': 'Jørgensen'}, 'location': {'street': {'number': 6581, 'name': 'Langebjergvej'}, 'city': 'Bælum', 'state': 'Hovedstaden', 'country': 'Denmark', 'postcode': 44812, 'coordinates': {'latitude': '-43.9941', 'longitude': '-29.9404'}, 'timezone': {'offset': '-1:00', 'description': 'Azores, Cape Verde Islands'}}, 'email': 'lucas.jorgensen@example.com', 'login': {'uuid': '756a7226-0e3c-44be-80c0-ce9cb2012921', 'username': 'silverbear818', 'password': '1021', 'salt': 'a6nVtT3I', 'md5': '0651b03b82fe6643df8c1d9f7a4070cd', 'sha1': '38a616cddf285fcdb95cc99aec70f18c064cc7b2', 'sha256': 'baffaa9bceeefe1833b06af8eeefaa576f3ccf238bb9ec1b183ff02cfce71860'}, 'dob': {'date': '1995-04-23T22:47:22.823Z', 'age': 29}, 'registered': {'date': '2014-04-07T18:45:14.124Z', 'age': 10}, 'phone': '71011510', 'cell': '78508114', 'id': {'name': 'CPR', 'value': '230495-4238'}, 'picture': {'large': 'https://randomuser.me/api/portraits/men/79.jpg', 'medium': 'https://randomuser.me/api/portraits/med/men/79.jpg', 'thumbnail': 'https://randomuser.me/api/portraits/thumb/men/79.jpg'}, 'nat': 'DK'}], 'info': {'seed': '582951b67a342789', 'results': 1, 'page': 1, 'version': '1.4'}}</msg>
<arg>${json_data}</arg>
<doc>Logs the given message with the given level.</doc>
<status status="PASS" start="2024-05-10T07:15:03.485709" elapsed="0.000245"/>
</kw>
<kw name="Should Be Equal As Numbers" owner="BuiltIn">
<arg>${json_data['results'][0]['location']['postcode']}</arg>
<arg>${json_data['results'][0]['location']['postcode']}</arg>
<doc>Fails if objects are unequal after converting them to real numbers.</doc>
<status status="PASS" start="2024-05-10T07:15:03.486447" elapsed="0.000629"/>
</kw>
<kw name="Log" owner="BuiltIn">
<msg time="2024-05-10T07:15:03.487671" level="INFO">44812</msg>
<arg>${json_data['results'][0]['location']['postcode']}</arg>
<doc>Logs the given message with the given level.</doc>
<status status="PASS" start="2024-05-10T07:15:03.487267" elapsed="0.000445"/>
</kw>
<status status="PASS" start="2024-05-10T07:15:03.391986" elapsed="0.095986"/>
</kw>
<doc>Testa se os tipos de dados na resposta da API estão corretos.</doc>
<tag>testeTiposDados</tag>
<status status="PASS" start="2024-05-10T07:15:03.309939" elapsed="0.178203"/>
</test>
<test id="s1-s1-t5" name="Validar conteudo" line="35">
<kw name="Teste de Tipos de Conteudo" owner="random-user-service">
<kw name="GET On Session" owner="RequestsLibrary">
<msg time="2024-05-10T07:15:03.583215" level="INFO">GET Request : url=https://randomuser.me/api 
 path_url=/api 
 headers={'User-Agent': 'python-requests/2.31.0', 'Accept-Encoding': 'gzip, deflate', 'Accept': '*/*', 'Connection': 'keep-alive'} 
 body=None 
 </msg>
<msg time="2024-05-10T07:15:03.583358" level="INFO">GET Response : url=https://randomuser.me/api 
 status=200, reason=OK 
 headers={'Date': 'Fri, 10 May 2024 07:15:03 GMT', 'Content-Type': 'application/json; charset=utf-8', 'Transfer-Encoding': 'chunked', 'Connection': 'keep-alive', 'X-Powered-By': 'Express', 'Access-Control-Allow-Origin': '*', 'Cache-Control': 'no-cache', 'ETag': 'W/"486-e+VlH9xGt1CWpMNZDfSYljaJZWo"', 'Vary': 'Accept-Encoding', 'Content-Encoding': 'gzip', 'CF-Cache-Status': 'DYNAMIC', 'Report-To': '{"endpoints":[{"url":"https:\\/\\/a.nel.cloudflare.com\\/report\\/v4?s=uCEGRFIhRkvXBSajCYFAttVnL%2FjLEKrbqypVdVzzRXDk6RQMN%2Bu2Jcctzo9IsJ7dCB2t6mZsIcgAOG5EYjaqk0%2BCeY4Pm4bhfwSoBkGIznoiSMXFcnjyUBJH9WoIUKPA"}],"group":"cf-nel","max_age":604800}', 'NEL': '{"success_fraction":0,"report_to":"cf-nel","max_age":604800}', 'Server': 'cloudflare', 'CF-RAY': '881822cadfc17fca-IAD', 'alt-svc': 'h3=":443"; ma=86400'} 
 body={"results":[{"gender":"male","name":{"title":"Mr","first":"Elias","last":"Thomsen"},"location":{"street":{"number":3684,"name":"Morelvej"},"city":"Jerslev Sj","state":"Midtjylland","country":"Denmark","postcode":27704,"coordinates":{"latitude":"-41.0339","longitude":"-72.1317"},"timezone":{"offset":"+10:00","description":"Eastern Australia, Guam, Vladivostok"}},"email":"elias.thomsen@example.com","login":{"uuid":"4ff58563-df7d-4c16-9866-408a93fff489","username":"greengoose363","password":"litle","salt":"Y9B1Yfxe","md5":"ebaf32e8e1a05c3945ac2824666f12e9","sha1":"fbf6d70f051a00629fd5eaae783df54e2bd10b94","sha256":"0df98b74a7021e2cf18d99054037879e0ed20f7ad2f9da7629fd83bd6de4471e"},"dob":{"date":"1947-01-05T05:37:28.328Z","age":77},"registered":{"date":"2012-12-16T12:33:57.891Z","age":11},"phone":"52999256","cell":"17713976","id":{"name":"CPR","value":"040147-2624"},"picture":{"large":"https://randomuser.me/api/portraits/men/67.jpg","medium":"https://randomuser.me/api/portraits/med/men/67.jpg","thumbnail":"https://randomuser.me/api/portraits/thumb/men/67.jpg"},"nat":"DK"}],"info":{"seed":"bb7c89d3ace5224e","results":1,"page":1,"version":"1.4"}} 
 </msg>
<msg time="2024-05-10T07:15:03.583510" level="INFO">/opt/hostedtoolcache/Python/3.12.3/x64/lib/python3.12/site-packages/urllib3/connectionpool.py:1103: InsecureRequestWarning: Unverified HTTPS request is being made to host 'randomuser.me'. Adding certificate verification is strongly advised. See: https://urllib3.readthedocs.io/en/latest/advanced-usage.html#tls-warnings
  warnings.warn(</msg>
<msg time="2024-05-10T07:15:03.583695" level="INFO">${response} = &lt;Response [200]&gt;</msg>
<var>${response}</var>
<arg>consultarAPI</arg>
<arg>/api</arg>
<doc>Sends a GET request on a previously created HTTP Session.</doc>
<status status="PASS" start="2024-05-10T07:15:03.490708" elapsed="0.093038"/>
</kw>
<kw name="Set Variable" owner="BuiltIn">
<msg time="2024-05-10T07:15:03.585287" level="INFO">${json_data} = {'results': [{'gender': 'male', 'name': {'title': 'Mr', 'first': 'Elias', 'last': 'Thomsen'}, 'location': {'street': {'number': 3684, 'name': 'Morelvej'}, 'city': 'Jerslev Sj', 'state': 'Midtjylland',...</msg>
<var>${json_data}</var>
<arg>${response.json()}</arg>
<doc>Returns the given values which can then be assigned to a variables.</doc>
<status status="PASS" start="2024-05-10T07:15:03.584480" elapsed="0.000859"/>
</kw>
<kw name="Set Variable" owner="BuiltIn">
<msg time="2024-05-10T07:15:03.586456" level="INFO">${name_title} = Mr</msg>
<var>${name_title}</var>
<arg>${json_data["results"][0]["name"]["title"]}</arg>
<doc>Returns the given values which can then be assigned to a variables.</doc>
<status status="PASS" start="2024-05-10T07:15:03.585831" elapsed="0.000665"/>
</kw>
<kw name="Create List" owner="BuiltIn">
<msg time="2024-05-10T07:15:03.587173" level="INFO">${allowed_titles} = ['Mr', 'Ms', 'Miss', 'Mrs', 'Madame', 'Monsieur']</msg>
<var>${allowed_titles}</var>
<arg>Mr</arg>
<arg>Ms</arg>
<arg>Miss</arg>
<arg>Mrs</arg>
<arg>Madame</arg>
<arg>Monsieur</arg>
<doc>Returns a list containing given items.</doc>
<status status="PASS" start="2024-05-10T07:15:03.586941" elapsed="0.000278"/>
</kw>
<kw name="List Should Contain Value" owner="Collections">
<msg time="2024-05-10T07:15:03.588008" level="INFO">False</msg>
<arg>${allowed_titles}</arg>
<arg>${name_title}</arg>
<doc>Fails if the ``value`` is not found from ``list``.</doc>
<status status="PASS" start="2024-05-10T07:15:03.587746" elapsed="0.000320"/>
</kw>
<kw name="Set Variable" owner="BuiltIn">
<msg time="2024-05-10T07:15:03.589137" level="INFO">${name_country} = DK</msg>
<var>${name_country}</var>
<arg>${json_data["results"][0]["nat"]}</arg>
<doc>Returns the given values which can then be assigned to a variables.</doc>
<status status="PASS" start="2024-05-10T07:15:03.588502" elapsed="0.000677"/>
</kw>
<kw name="Create List" owner="BuiltIn">
<msg time="2024-05-10T07:15:03.590758" level="INFO">${list_country} = ['AD', 'AE', 'AF', 'AG', 'AI', 'AL', 'AM', 'AO', 'AQ', 'AR', 'AS', 'AT', 'AU', 'AW', 'AX', 'AZ', 'BA', 'BB', 'BD', 'BE', 'BF', 'BG', 'BH', 'BI', 'BJ', 'BL', 'BM', 'BN', 'BO', 'BQ', 'BR', 'BS', 'BT', '...</msg>
<var>${list_country}</var>
<arg>AD</arg>
<arg>AE</arg>
<arg>AF</arg>
<arg>AG</arg>
<arg>AI</arg>
<arg>AL</arg>
<arg>AM</arg>
<arg>AO</arg>
<arg>AQ</arg>
<arg>AR</arg>
<arg>AS</arg>
<arg>AT</arg>
<arg>AU</arg>
<arg>AW</arg>
<arg>AX</arg>
<arg>AZ</arg>
<arg>BA</arg>
<arg>BB</arg>
<arg>BD</arg>
<arg>BE</arg>
<arg>BF</arg>
<arg>BG</arg>
<arg>BH</arg>
<arg>BI</arg>
<arg>BJ</arg>
<arg>BL</arg>
<arg>BM</arg>
<arg>BN</arg>
<arg>BO</arg>
<arg>BQ</arg>
<arg>BR</arg>
<arg>BS</arg>
<arg>BT</arg>
<arg>BV</arg>
<arg>BW</arg>
<arg>BY</arg>
<arg>BZ</arg>
<arg>CA</arg>
<arg>CC</arg>
<arg>CD</arg>
<arg>CF</arg>
<arg>CG</arg>
<arg>CH</arg>
<arg>CI</arg>
<arg>CK</arg>
<arg>CL</arg>
<arg>CM</arg>
<arg>CN</arg>
<arg>CO</arg>
<arg>CR</arg>
<arg>CU</arg>
<arg>CV</arg>
<arg>CW</arg>
<arg>CX</arg>
<arg>CY</arg>
<arg>CZ</arg>
<arg>DE</arg>
<arg>DJ</arg>
<arg>DK</arg>
<arg>DM</arg>
<arg>DO</arg>
<arg>DZ</arg>
<arg>EC</arg>
<arg>EE</arg>
<arg>EG</arg>
<arg>EH</arg>
<arg>ER</arg>
<arg>ES</arg>
<arg>ET</arg>
<arg>FI</arg>
<arg>FJ</arg>
<arg>FK</arg>
<arg>FM</arg>
<arg>FO</arg>
<arg>FR</arg>
<arg>GA</arg>
<arg>GB</arg>
<arg>GD</arg>
<arg>GE</arg>
<arg>GF</arg>
<arg>GG</arg>
<arg>GH</arg>
<arg>GI</arg>
<arg>GL</arg>
<arg>GM</arg>
<arg>GN</arg>
<arg>GP</arg>
<arg>GQ</arg>
<arg>GR</arg>
<arg>GS</arg>
<arg>GT</arg>
<arg>GU</arg>
<arg>GW</arg>
<arg>GY</arg>
<arg>HK</arg>
<arg>HM</arg>
<arg>HN</arg>
<arg>HR</arg>
<arg>HT</arg>
<arg>HU</arg>
<arg>ID</arg>
<arg>IE</arg>
<arg>IL</arg>
<arg>IM</arg>
<arg>IN</arg>
<arg>IO</arg>
<arg>IQ</arg>
<arg>IR</arg>
<arg>IS</arg>
<arg>IT</arg>
<arg>JE</arg>
<arg>JM</arg>
<arg>JO</arg>
<arg>JP</arg>
<arg>KE</arg>
<arg>KG</arg>
<arg>KH</arg>
<arg>KI</arg>
<arg>KM</arg>
<arg>KN</arg>
<arg>KP</arg>
<arg>KR</arg>
<arg>KW</arg>
<arg>KY</arg>
<arg>KZ</arg>
<arg>LA</arg>
<arg>LB</arg>
<arg>LC</arg>
<arg>LI</arg>
<arg>LK</arg>
<arg>LR</arg>
<arg>LS</arg>
<arg>LT</arg>
<arg>LU</arg>
<arg>LV</arg>
<arg>LY</arg>
<arg>MA</arg>
<arg>MC</arg>
<arg>MD</arg>
<arg>ME</arg>
<arg>MF</arg>
<arg>MG</arg>
<arg>MH</arg>
<arg>MK</arg>
<arg>ML</arg>
<arg>MM</arg>
<arg>MN</arg>
<arg>MO</arg>
<arg>MP</arg>
<arg>MQ</arg>
<arg>MR</arg>
<arg>MS</arg>
<arg>MT</arg>
<arg>MU</arg>
<arg>MV</arg>
<arg>MW</arg>
<arg>MX</arg>
<arg>MY</arg>
<arg>MZ</arg>
<arg>NA</arg>
<arg>NC</arg>
<arg>NE</arg>
<arg>NF</arg>
<arg>NG</arg>
<arg>NI</arg>
<arg>NL</arg>
<arg>NO</arg>
<arg>NP</arg>
<arg>NR</arg>
<arg>NU</arg>
<arg>NZ</arg>
<arg>OM</arg>
<arg>PA</arg>
<arg>PE</arg>
<arg>PF</arg>
<arg>PG</arg>
<arg>PH</arg>
<arg>PK</arg>
<arg>PL</arg>
<arg>PM</arg>
<arg>PN</arg>
<arg>PR</arg>
<arg>PS</arg>
<arg>PT</arg>
<arg>PW</arg>
<arg>PY</arg>
<arg>QA</arg>
<arg>RE</arg>
<arg>RO</arg>
<arg>RS</arg>
<arg>RU</arg>
<arg>RW</arg>
<arg>SA</arg>
<arg>SB</arg>
<arg>SC</arg>
<arg>SD</arg>
<arg>SE</arg>
<arg>SG</arg>
<arg>SH</arg>
<arg>SI</arg>
<arg>SJ</arg>
<arg>SK</arg>
<arg>SL</arg>
<arg>SM</arg>
<arg>SN</arg>
<arg>SO</arg>
<arg>SR</arg>
<arg>SS</arg>
<arg>ST</arg>
<arg>SV</arg>
<arg>SX</arg>
<arg>SY</arg>
<arg>SZ</arg>
<arg>TC</arg>
<arg>TD</arg>
<arg>TF</arg>
<arg>TG</arg>
<arg>TH</arg>
<arg>TJ</arg>
<arg>TK</arg>
<arg>TL</arg>
<arg>TM</arg>
<arg>TN</arg>
<arg>TO</arg>
<arg>TR</arg>
<arg>TT</arg>
<arg>TV</arg>
<arg>TW</arg>
<arg>TZ</arg>
<arg>UA</arg>
<arg>UG</arg>
<arg>UM</arg>
<arg>US</arg>
<arg>UY</arg>
<arg>UZ</arg>
<arg>VA</arg>
<arg>VC</arg>
<arg>VE</arg>
<arg>VG</arg>
<arg>VI</arg>
<arg>VN</arg>
<arg>VU</arg>
<arg>WF</arg>
<arg>WS</arg>
<arg>XK</arg>
<arg>YE</arg>
<arg>YT</arg>
<arg>ZA</arg>
<arg>ZM</arg>
<arg>ZW</arg>
<doc>Returns a list containing given items.</doc>
<status status="PASS" start="2024-05-10T07:15:03.589651" elapsed="0.001151"/>
</kw>
<kw name="List Should Contain Value" owner="Collections">
<msg time="2024-05-10T07:15:03.592581" level="INFO">False</msg>
<arg>${list_country}</arg>
<arg>${name_country}</arg>
<doc>Fails if the ``value`` is not found from ``list``.</doc>
<status status="PASS" start="2024-05-10T07:15:03.592263" elapsed="0.000384"/>
</kw>
<kw name="Run Keyword If" owner="BuiltIn">
<kw name="Should Be True" owner="BuiltIn">
<arg>${True}</arg>
<doc>Fails if the given condition is not true.</doc>
<status status="PASS" start="2024-05-10T07:15:03.594430" elapsed="0.000417"/>
</kw>
<arg>${json_data["results"][0]["location"]["coordinates"]["latitude"]} &gt;= -90 and ${json_data["results"][0]["location"]["coordinates"]["latitude"]} &lt;= 90</arg>
<arg>Should Be True</arg>
<arg>${True}</arg>
<doc>Runs the given keyword with the given arguments, if ``condition`` is true.</doc>
<status status="PASS" start="2024-05-10T07:15:03.593141" elapsed="0.001918"/>
</kw>
<kw name="Run Keyword If" owner="BuiltIn">
<kw name="Should Be True" owner="BuiltIn">
<arg>${True}</arg>
<doc>Fails if the given condition is not true.</doc>
<status status="PASS" start="2024-05-10T07:15:03.596648" elapsed="0.000234"/>
</kw>
<arg>${json_data["results"][0]["location"]["coordinates"]["longitude"]} &gt;= -180 and ${json_data["results"][0]["location"]["coordinates"]["longitude"]} &lt;= 180</arg>
<arg>Should Be True</arg>
<arg>${True}</arg>
<doc>Runs the given keyword with the given arguments, if ``condition`` is true.</doc>
<status status="PASS" start="2024-05-10T07:15:03.595366" elapsed="0.001722"/>
</kw>
<status status="PASS" start="2024-05-10T07:15:03.490473" elapsed="0.106847"/>
</kw>
<doc>Testa o conteúdo específico dos campos retornados pela API.</doc>
<tag>testeConteudo</tag>
<status status="PASS" start="2024-05-10T07:15:03.489921" elapsed="0.107680"/>
</test>
<status status="PASS" start="2024-05-10T07:15:02.765923" elapsed="0.835179"/>
</suite>
<status status="PASS" start="2024-05-10T07:15:02.752064" elapsed="0.858265"/>
</suite>
<statistics>
<total>
<stat pass="5" fail="0" skip="0">All Tests</stat>
</total>
<tag>
<stat pass="1" fail="0" skip="0">testeConteudo</stat>
<stat pass="1" fail="0" skip="0">testeEstruturaResposta</stat>
<stat pass="1" fail="0" skip="0">testeRequisicaoBasica</stat>
<stat pass="1" fail="0" skip="0">testeTiposDados</stat>
</tag>
<suite>
<stat pass="5" fail="0" skip="0" id="s1" name="Tests">Tests</stat>
<stat pass="5" fail="0" skip="0" id="s1-s1" name="Random-User-Test">Tests.Random-User-Test</stat>
</suite>
</statistics>
<errors>
</errors>
</robot>
