<?xml version="1.0" encoding="UTF-8"?>
<robot generator="Robot 7.0 (Python 3.12.3 on linux)" generated="2024-05-08T03:16:53.049592" rpa="false" schemaversion="5">
<suite id="s1" name="Tests" source="/home/runner/work/DesafioQAItauRogerioJordao/DesafioQAItauRogerioJordao/RamdonUser/tests">
<suite id="s1-s1" name="Random-User-Test" source="/home/runner/work/DesafioQAItauRogerioJordao/DesafioQAItauRogerioJordao/RamdonUser/tests/random-user-test.robot">
<test id="s1-s1-t1" name="Conectar" line="13">
<kw name="Conectar API" owner="random-user-service">
<kw name="Create Session" owner="RequestsLibrary">
<msg time="2024-05-08T03:16:53.509043" level="INFO">Creating Session using : alias=consultarAPI, url=https://randomuser.me/, headers={},                     cookies={}, auth=None, timeout=None, proxies=None, verify=False,                     debug=0 </msg>
<arg>consultarAPI</arg>
<arg>${URL}</arg>
<doc>Create Session: create a HTTP session to a server</doc>
<status status="PASS" start="2024-05-08T03:16:53.508727" elapsed="0.000580"/>
</kw>
<status status="PASS" start="2024-05-08T03:16:53.506940" elapsed="0.002874"/>
</kw>
<status status="PASS" start="2024-05-08T03:16:53.506170" elapsed="0.003976"/>
</test>
<test id="s1-s1-t2" name="Validar retorno 200 e JSON Válido" line="16">
<kw name="Teste de Requisicao Basica" owner="random-user-service">
<kw name="GET On Session" owner="RequestsLibrary">
<msg time="2024-05-08T03:16:53.586943" level="INFO">GET Request : url=https://randomuser.me/api 
 path_url=/api 
 headers={'User-Agent': 'python-requests/2.31.0', 'Accept-Encoding': 'gzip, deflate', 'Accept': '*/*', 'Connection': 'keep-alive'} 
 body=None 
 </msg>
<msg time="2024-05-08T03:16:53.587103" level="INFO">GET Response : url=https://randomuser.me/api 
 status=200, reason=OK 
 headers={'Date': 'Wed, 08 May 2024 03:16:53 GMT', 'Content-Type': 'application/json; charset=utf-8', 'Transfer-Encoding': 'chunked', 'Connection': 'keep-alive', 'X-Powered-By': 'Express', 'Access-Control-Allow-Origin': '*', 'Cache-Control': 'no-cache', 'ETag': 'W/"4ab-nDgYe15Vcgl+OGkFZB96D8HYfCg"', 'Vary': 'Accept-Encoding', 'Content-Encoding': 'gzip', 'CF-Cache-Status': 'DYNAMIC', 'Report-To': '{"endpoints":[{"url":"https:\\/\\/a.nel.cloudflare.com\\/report\\/v4?s=HrfekugRvF3LcxdSzdPsJU0OugaDky9F%2FWmx1041u21aGgGZyeN1GWZtHPgEJLIb6jo0x3276NSeEWvwyZj%2FCjmpwYOnfl8wZM4s%2B9TQduzgMtrxGUBn8cy9PfbDSlDS"}],"group":"cf-nel","max_age":604800}', 'NEL': '{"success_fraction":0,"report_to":"cf-nel","max_age":604800}', 'Server': 'cloudflare', 'CF-RAY': '88064b2abe86206c-IAD', 'alt-svc': 'h3=":443"; ma=86400'} 
 body={"results":[{"gender":"female","name":{"title":"Mrs","first":"آدرینا","last":"حیدری"},"location":{"street":{"number":4170,"name":"میدان ولیعصر (عج)"},"city":"اهواز","state":"همدان","country":"Iran","postcode":10787,"coordinates":{"latitude":"21.2742","longitude":"166.0921"},"timezone":{"offset":"+11:00","description":"Magadan, Solomon Islands, New Caledonia"}},"email":"adryn.hydry@example.com","login":{"uuid":"028f6c2b-0b7a-470d-8fab-7a6524684e08","username":"sadladybug698","password":"nostromo","salt":"UDMBcYG8","md5":"1560cc5c71b28f1ec538a392e0834d84","sha1":"b18b6fbf5135b5ad02af9d33b9023a1ad000bef8","sha256":"26f1f87c0ca2d8306587254564527beacde3e29238279bc3de50288028de9eb0"},"dob":{"date":"1969-06-03T07:16:03.474Z","age":54},"registered":{"date":"2009-01-22T11:52:22.718Z","age":15},"phone":"024-53905605","cell":"0933-311-9359","id":{"name":"","value":null},"picture":{"large":"https://randomuser.me/api/portraits/women/13.jpg","medium":"https://randomuser.me/api/portraits/med/women/13.jpg","thumbnail":"https://randomuser.me/api/portraits/thumb/women/13.jpg"},"nat":"IR"}],"info":{"seed":"c69daed3084f1eed","results":1,"page":1,"version":"1.4"}} 
 </msg>
<msg time="2024-05-08T03:16:53.587200" level="INFO">/opt/hostedtoolcache/Python/3.12.3/x64/lib/python3.12/site-packages/urllib3/connectionpool.py:1103: InsecureRequestWarning: Unverified HTTPS request is being made to host 'randomuser.me'. Adding certificate verification is strongly advised. See: https://urllib3.readthedocs.io/en/latest/advanced-usage.html#tls-warnings
  warnings.warn(</msg>
<msg time="2024-05-08T03:16:53.587359" level="INFO">${response} = &lt;Response [200]&gt;</msg>
<var>${response}</var>
<arg>consultarAPI</arg>
<arg>/api</arg>
<doc>Sends a GET request on a previously created HTTP Session.</doc>
<status status="PASS" start="2024-05-08T03:16:53.514675" elapsed="0.072738"/>
</kw>
<kw name="Should Be Equal As Numbers" owner="BuiltIn">
<msg time="2024-05-08T03:16:53.588445" level="INFO">Argument types are:
&lt;class 'int'&gt;
&lt;class 'str'&gt;</msg>
<arg>${response.status_code}</arg>
<arg>200</arg>
<doc>Fails if objects are unequal after converting them to real numbers.</doc>
<status status="PASS" start="2024-05-08T03:16:53.587916" elapsed="0.000620"/>
</kw>
<kw name="Log" owner="BuiltIn">
<msg time="2024-05-08T03:16:53.589485" level="INFO">200</msg>
<arg>${response.status_code}</arg>
<doc>Logs the given message with the given level.</doc>
<status status="PASS" start="2024-05-08T03:16:53.589066" elapsed="0.000465"/>
</kw>
<kw name="Set Variable" owner="BuiltIn">
<msg time="2024-05-08T03:16:53.590304" level="INFO">${json_data} = {'results': [{'gender': 'female', 'name': {'title': 'Mrs', 'first': 'آدرینا', 'last': 'حیدری'}, 'location': {'street': {'number': 4170, 'name': 'میدان ولیعصر (عج)'}, 'city': 'اهواز', 'state': 'همدان',...</msg>
<var>${json_data}</var>
<arg>${response.json()}</arg>
<doc>Returns the given values which can then be assigned to a variables.</doc>
<status status="PASS" start="2024-05-08T03:16:53.589851" elapsed="0.000526"/>
</kw>
<kw name="Dictionary Should Contain Key" owner="Collections">
<msg time="2024-05-08T03:16:53.591112" level="INFO">False</msg>
<arg>${json_data}</arg>
<arg>results</arg>
<doc>Fails if ``key`` is not found from ``dictionary``.</doc>
<status status="PASS" start="2024-05-08T03:16:53.590856" elapsed="0.000316"/>
</kw>
<status status="PASS" start="2024-05-08T03:16:53.514259" elapsed="0.077278"/>
</kw>
<doc>Testa se a API responde corretamente e retorna um objeto JSON válido.</doc>
<tag>testeRequisicaoBasica</tag>
<status status="PASS" start="2024-05-08T03:16:53.513533" elapsed="0.078245"/>
</test>
<test id="s1-s1-t3" name="Validar estrutura de resposta" line="22">
<kw name="Teste de Estrutura de Resposta" owner="random-user-service">
<kw name="GET On Session" owner="RequestsLibrary">
<msg time="2024-05-08T03:16:53.686666" level="INFO">GET Request : url=https://randomuser.me/api 
 path_url=/api 
 headers={'User-Agent': 'python-requests/2.31.0', 'Accept-Encoding': 'gzip, deflate', 'Accept': '*/*', 'Connection': 'keep-alive'} 
 body=None 
 </msg>
<msg time="2024-05-08T03:16:53.686742" level="INFO">GET Response : url=https://randomuser.me/api 
 status=200, reason=OK 
 headers={'Date': 'Wed, 08 May 2024 03:16:53 GMT', 'Content-Type': 'application/json; charset=utf-8', 'Transfer-Encoding': 'chunked', 'Connection': 'keep-alive', 'X-Powered-By': 'Express', 'Access-Control-Allow-Origin': '*', 'Cache-Control': 'no-cache', 'ETag': 'W/"48c-3jKohWvWAwq6Bq/PzHQqs2J57Ro"', 'Vary': 'Accept-Encoding', 'Content-Encoding': 'gzip', 'CF-Cache-Status': 'DYNAMIC', 'Report-To': '{"endpoints":[{"url":"https:\\/\\/a.nel.cloudflare.com\\/report\\/v4?s=SsAetsGfxu9SsnLUhJLgXlB10MP60l4teOMv97qsJ0bL8xGU5lwdp8l4yfEPr6DxIj3zVHYYbsFZCC3kZYCtOd5%2Bvuky9dS%2FRWG0C74OAJqrKpHBPzYWbKgr893Xpl8R"}],"group":"cf-nel","max_age":604800}', 'NEL': '{"success_fraction":0,"report_to":"cf-nel","max_age":604800}', 'Server': 'cloudflare', 'CF-RAY': '88064b2afebb206c-IAD', 'alt-svc': 'h3=":443"; ma=86400'} 
 body={"results":[{"gender":"male","name":{"title":"Monsieur","first":"Peter","last":"Pierre"},"location":{"street":{"number":2854,"name":"Avenue de la République"},"city":"Seon","state":"Schaffhausen","country":"Switzerland","postcode":6688,"coordinates":{"latitude":"-56.3394","longitude":"-177.1195"},"timezone":{"offset":"+4:30","description":"Kabul"}},"email":"peter.pierre@example.com","login":{"uuid":"cda40c92-7cc6-44e8-ba99-5d4baaec57e9","username":"organiclion396","password":"oklahoma","salt":"DWUAq6H0","md5":"a92f09fdd32b412738a8cb877a49757e","sha1":"178153d2be9a6b3eae852e51ab961fa283edabd5","sha256":"5b112a57ca7aeb8e0d6a92a3dc3ed8a0b11f3c60184459cf43fdd3d0d27b0158"},"dob":{"date":"1991-01-21T16:44:07.804Z","age":33},"registered":{"date":"2008-05-01T15:44:09.524Z","age":16},"phone":"078 873 48 65","cell":"079 480 75 44","id":{"name":"AVS","value":"756.5150.1283.25"},"picture":{"large":"https://randomuser.me/api/portraits/men/73.jpg","medium":"https://randomuser.me/api/portraits/med/men/73.jpg","thumbnail":"https://randomuser.me/api/portraits/thumb/men/73.jpg"},"nat":"CH"}],"info":{"seed":"ab5f255734aa46a1","results":1,"page":1,"version":"1.4"}} 
 </msg>
<msg time="2024-05-08T03:16:53.686843" level="INFO">/opt/hostedtoolcache/Python/3.12.3/x64/lib/python3.12/site-packages/urllib3/connectionpool.py:1103: InsecureRequestWarning: Unverified HTTPS request is being made to host 'randomuser.me'. Adding certificate verification is strongly advised. See: https://urllib3.readthedocs.io/en/latest/advanced-usage.html#tls-warnings
  warnings.warn(</msg>
<msg time="2024-05-08T03:16:53.686947" level="INFO">${response} = &lt;Response [200]&gt;</msg>
<var>${response}</var>
<arg>consultarAPI</arg>
<arg>/api</arg>
<doc>Sends a GET request on a previously created HTTP Session.</doc>
<status status="PASS" start="2024-05-08T03:16:53.595649" elapsed="0.091336"/>
</kw>
<kw name="Set Variable" owner="BuiltIn">
<msg time="2024-05-08T03:16:53.687856" level="INFO">${json_data} = {'results': [{'gender': 'male', 'name': {'title': 'Monsieur', 'first': 'Peter', 'last': 'Pierre'}, 'location': {'street': {'number': 2854, 'name': 'Avenue de la République'}, 'city': 'Seon', 'state': ...</msg>
<var>${json_data}</var>
<arg>${response.json()}</arg>
<doc>Returns the given values which can then be assigned to a variables.</doc>
<status status="PASS" start="2024-05-08T03:16:53.687375" elapsed="0.000512"/>
</kw>
<kw name="Log" owner="BuiltIn">
<msg time="2024-05-08T03:16:53.688388" level="INFO">{'results': [{'gender': 'male', 'name': {'title': 'Monsieur', 'first': 'Peter', 'last': 'Pierre'}, 'location': {'street': {'number': 2854, 'name': 'Avenue de la République'}, 'city': 'Seon', 'state': 'Schaffhausen', 'country': 'Switzerland', 'postcode': 6688, 'coordinates': {'latitude': '-56.3394', 'longitude': '-177.1195'}, 'timezone': {'offset': '+4:30', 'description': 'Kabul'}}, 'email': 'peter.pierre@example.com', 'login': {'uuid': 'cda40c92-7cc6-44e8-ba99-5d4baaec57e9', 'username': 'organiclion396', 'password': 'oklahoma', 'salt': 'DWUAq6H0', 'md5': 'a92f09fdd32b412738a8cb877a49757e', 'sha1': '178153d2be9a6b3eae852e51ab961fa283edabd5', 'sha256': '5b112a57ca7aeb8e0d6a92a3dc3ed8a0b11f3c60184459cf43fdd3d0d27b0158'}, 'dob': {'date': '1991-01-21T16:44:07.804Z', 'age': 33}, 'registered': {'date': '2008-05-01T15:44:09.524Z', 'age': 16}, 'phone': '078 873 48 65', 'cell': '079 480 75 44', 'id': {'name': 'AVS', 'value': '756.5150.1283.25'}, 'picture': {'large': 'https://randomuser.me/api/portraits/men/73.jpg', 'medium': 'https://randomuser.me/api/portraits/med/men/73.jpg', 'thumbnail': 'https://randomuser.me/api/portraits/thumb/men/73.jpg'}, 'nat': 'CH'}], 'info': {'seed': 'ab5f255734aa46a1', 'results': 1, 'page': 1, 'version': '1.4'}}</msg>
<arg>${json_data}</arg>
<doc>Logs the given message with the given level.</doc>
<status status="PASS" start="2024-05-08T03:16:53.688197" elapsed="0.000240"/>
</kw>
<kw name="Dictionary Should Contain Key" owner="Collections">
<msg time="2024-05-08T03:16:53.688904" level="INFO">False</msg>
<arg>${json_data}</arg>
<arg>results</arg>
<doc>Fails if ``key`` is not found from ``dictionary``.</doc>
<status status="PASS" start="2024-05-08T03:16:53.688744" elapsed="0.000197"/>
</kw>
<kw name="Should Not Be Empty" owner="BuiltIn">
<msg time="2024-05-08T03:16:53.689361" level="INFO">Length is 2.</msg>
<arg>${json_data}</arg>
<doc>Verifies that the given item is not empty.</doc>
<status status="PASS" start="2024-05-08T03:16:53.689232" elapsed="0.000308"/>
</kw>
<kw name="Create List" owner="BuiltIn">
<msg time="2024-05-08T03:16:53.689992" level="INFO">${expected_keys} = ['gender', 'name', 'location', 'email', 'login']</msg>
<var>${expected_keys}</var>
<arg>gender</arg>
<arg>name</arg>
<arg>location</arg>
<arg>email</arg>
<arg>login</arg>
<doc>Returns a list containing given items.</doc>
<status status="PASS" start="2024-05-08T03:16:53.689838" elapsed="0.000179"/>
</kw>
<for flavor="IN">
<iter>
<kw name="Dictionary Should Contain Key" owner="Collections">
<msg time="2024-05-08T03:16:53.691000" level="INFO">False</msg>
<arg>${json_data['results'][0]}</arg>
<arg>${key}</arg>
<doc>Fails if ``key`` is not found from ``dictionary``.</doc>
<status status="PASS" start="2024-05-08T03:16:53.690586" elapsed="0.000453"/>
</kw>
<kw name="Log" owner="BuiltIn">
<msg time="2024-05-08T03:16:53.691704" level="INFO">{'gender': 'male', 'name': {'title': 'Monsieur', 'first': 'Peter', 'last': 'Pierre'}, 'location': {'street': {'number': 2854, 'name': 'Avenue de la République'}, 'city': 'Seon', 'state': 'Schaffhausen', 'country': 'Switzerland', 'postcode': 6688, 'coordinates': {'latitude': '-56.3394', 'longitude': '-177.1195'}, 'timezone': {'offset': '+4:30', 'description': 'Kabul'}}, 'email': 'peter.pierre@example.com', 'login': {'uuid': 'cda40c92-7cc6-44e8-ba99-5d4baaec57e9', 'username': 'organiclion396', 'password': 'oklahoma', 'salt': 'DWUAq6H0', 'md5': 'a92f09fdd32b412738a8cb877a49757e', 'sha1': '178153d2be9a6b3eae852e51ab961fa283edabd5', 'sha256': '5b112a57ca7aeb8e0d6a92a3dc3ed8a0b11f3c60184459cf43fdd3d0d27b0158'}, 'dob': {'date': '1991-01-21T16:44:07.804Z', 'age': 33}, 'registered': {'date': '2008-05-01T15:44:09.524Z', 'age': 16}, 'phone': '078 873 48 65', 'cell': '079 480 75 44', 'id': {'name': 'AVS', 'value': '756.5150.1283.25'}, 'picture': {'large': 'https://randomuser.me/api/portraits/men/73.jpg', 'medium': 'https://randomuser.me/api/portraits/med/men/73.jpg', 'thumbnail': 'https://randomuser.me/api/portraits/thumb/men/73.jpg'}, 'nat': 'CH'}</msg>
<arg>${json_data['results'][0]}</arg>
<doc>Logs the given message with the given level.</doc>
<status status="PASS" start="2024-05-08T03:16:53.691336" elapsed="0.000419"/>
</kw>
<kw name="Log" owner="BuiltIn">
<msg time="2024-05-08T03:16:53.692182" level="INFO">gender</msg>
<arg>${key}</arg>
<doc>Logs the given message with the given level.</doc>
<status status="PASS" start="2024-05-08T03:16:53.692055" elapsed="0.000187"/>
</kw>
<var name="${key}">gender</var>
<status status="PASS" start="2024-05-08T03:16:53.690460" elapsed="0.002006"/>
</iter>
<iter>
<kw name="Dictionary Should Contain Key" owner="Collections">
<msg time="2024-05-08T03:16:53.693160" level="INFO">False</msg>
<arg>${json_data['results'][0]}</arg>
<arg>${key}</arg>
<doc>Fails if ``key`` is not found from ``dictionary``.</doc>
<status status="PASS" start="2024-05-08T03:16:53.692767" elapsed="0.000432"/>
</kw>
<kw name="Log" owner="BuiltIn">
<msg time="2024-05-08T03:16:53.693880" level="INFO">{'gender': 'male', 'name': {'title': 'Monsieur', 'first': 'Peter', 'last': 'Pierre'}, 'location': {'street': {'number': 2854, 'name': 'Avenue de la République'}, 'city': 'Seon', 'state': 'Schaffhausen', 'country': 'Switzerland', 'postcode': 6688, 'coordinates': {'latitude': '-56.3394', 'longitude': '-177.1195'}, 'timezone': {'offset': '+4:30', 'description': 'Kabul'}}, 'email': 'peter.pierre@example.com', 'login': {'uuid': 'cda40c92-7cc6-44e8-ba99-5d4baaec57e9', 'username': 'organiclion396', 'password': 'oklahoma', 'salt': 'DWUAq6H0', 'md5': 'a92f09fdd32b412738a8cb877a49757e', 'sha1': '178153d2be9a6b3eae852e51ab961fa283edabd5', 'sha256': '5b112a57ca7aeb8e0d6a92a3dc3ed8a0b11f3c60184459cf43fdd3d0d27b0158'}, 'dob': {'date': '1991-01-21T16:44:07.804Z', 'age': 33}, 'registered': {'date': '2008-05-01T15:44:09.524Z', 'age': 16}, 'phone': '078 873 48 65', 'cell': '079 480 75 44', 'id': {'name': 'AVS', 'value': '756.5150.1283.25'}, 'picture': {'large': 'https://randomuser.me/api/portraits/men/73.jpg', 'medium': 'https://randomuser.me/api/portraits/med/men/73.jpg', 'thumbnail': 'https://randomuser.me/api/portraits/thumb/men/73.jpg'}, 'nat': 'CH'}</msg>
<arg>${json_data['results'][0]}</arg>
<doc>Logs the given message with the given level.</doc>
<status status="PASS" start="2024-05-08T03:16:53.693518" elapsed="0.000411"/>
</kw>
<kw name="Log" owner="BuiltIn">
<msg time="2024-05-08T03:16:53.694378" level="INFO">name</msg>
<arg>${key}</arg>
<doc>Logs the given message with the given level.</doc>
<status status="PASS" start="2024-05-08T03:16:53.694247" elapsed="0.000169"/>
</kw>
<var name="${key}">name</var>
<status status="PASS" start="2024-05-08T03:16:53.692653" elapsed="0.001978"/>
</iter>
<iter>
<kw name="Dictionary Should Contain Key" owner="Collections">
<msg time="2024-05-08T03:16:53.695308" level="INFO">False</msg>
<arg>${json_data['results'][0]}</arg>
<arg>${key}</arg>
<doc>Fails if ``key`` is not found from ``dictionary``.</doc>
<status status="PASS" start="2024-05-08T03:16:53.694921" elapsed="0.000425"/>
</kw>
<kw name="Log" owner="BuiltIn">
<msg time="2024-05-08T03:16:53.696007" level="INFO">{'gender': 'male', 'name': {'title': 'Monsieur', 'first': 'Peter', 'last': 'Pierre'}, 'location': {'street': {'number': 2854, 'name': 'Avenue de la République'}, 'city': 'Seon', 'state': 'Schaffhausen', 'country': 'Switzerland', 'postcode': 6688, 'coordinates': {'latitude': '-56.3394', 'longitude': '-177.1195'}, 'timezone': {'offset': '+4:30', 'description': 'Kabul'}}, 'email': 'peter.pierre@example.com', 'login': {'uuid': 'cda40c92-7cc6-44e8-ba99-5d4baaec57e9', 'username': 'organiclion396', 'password': 'oklahoma', 'salt': 'DWUAq6H0', 'md5': 'a92f09fdd32b412738a8cb877a49757e', 'sha1': '178153d2be9a6b3eae852e51ab961fa283edabd5', 'sha256': '5b112a57ca7aeb8e0d6a92a3dc3ed8a0b11f3c60184459cf43fdd3d0d27b0158'}, 'dob': {'date': '1991-01-21T16:44:07.804Z', 'age': 33}, 'registered': {'date': '2008-05-01T15:44:09.524Z', 'age': 16}, 'phone': '078 873 48 65', 'cell': '079 480 75 44', 'id': {'name': 'AVS', 'value': '756.5150.1283.25'}, 'picture': {'large': 'https://randomuser.me/api/portraits/men/73.jpg', 'medium': 'https://randomuser.me/api/portraits/med/men/73.jpg', 'thumbnail': 'https://randomuser.me/api/portraits/thumb/men/73.jpg'}, 'nat': 'CH'}</msg>
<arg>${json_data['results'][0]}</arg>
<doc>Logs the given message with the given level.</doc>
<status status="PASS" start="2024-05-08T03:16:53.695641" elapsed="0.000425"/>
</kw>
<kw name="Log" owner="BuiltIn">
<msg time="2024-05-08T03:16:53.696514" level="INFO">location</msg>
<arg>${key}</arg>
<doc>Logs the given message with the given level.</doc>
<status status="PASS" start="2024-05-08T03:16:53.696383" elapsed="0.000169"/>
</kw>
<var name="${key}">location</var>
<status status="PASS" start="2024-05-08T03:16:53.694810" elapsed="0.001957"/>
</iter>
<iter>
<kw name="Dictionary Should Contain Key" owner="Collections">
<msg time="2024-05-08T03:16:53.697430" level="INFO">False</msg>
<arg>${json_data['results'][0]}</arg>
<arg>${key}</arg>
<doc>Fails if ``key`` is not found from ``dictionary``.</doc>
<status status="PASS" start="2024-05-08T03:16:53.697047" elapsed="0.000421"/>
</kw>
<kw name="Log" owner="BuiltIn">
<msg time="2024-05-08T03:16:53.698126" level="INFO">{'gender': 'male', 'name': {'title': 'Monsieur', 'first': 'Peter', 'last': 'Pierre'}, 'location': {'street': {'number': 2854, 'name': 'Avenue de la République'}, 'city': 'Seon', 'state': 'Schaffhausen', 'country': 'Switzerland', 'postcode': 6688, 'coordinates': {'latitude': '-56.3394', 'longitude': '-177.1195'}, 'timezone': {'offset': '+4:30', 'description': 'Kabul'}}, 'email': 'peter.pierre@example.com', 'login': {'uuid': 'cda40c92-7cc6-44e8-ba99-5d4baaec57e9', 'username': 'organiclion396', 'password': 'oklahoma', 'salt': 'DWUAq6H0', 'md5': 'a92f09fdd32b412738a8cb877a49757e', 'sha1': '178153d2be9a6b3eae852e51ab961fa283edabd5', 'sha256': '5b112a57ca7aeb8e0d6a92a3dc3ed8a0b11f3c60184459cf43fdd3d0d27b0158'}, 'dob': {'date': '1991-01-21T16:44:07.804Z', 'age': 33}, 'registered': {'date': '2008-05-01T15:44:09.524Z', 'age': 16}, 'phone': '078 873 48 65', 'cell': '079 480 75 44', 'id': {'name': 'AVS', 'value': '756.5150.1283.25'}, 'picture': {'large': 'https://randomuser.me/api/portraits/men/73.jpg', 'medium': 'https://randomuser.me/api/portraits/med/men/73.jpg', 'thumbnail': 'https://randomuser.me/api/portraits/thumb/men/73.jpg'}, 'nat': 'CH'}</msg>
<arg>${json_data['results'][0]}</arg>
<doc>Logs the given message with the given level.</doc>
<status status="PASS" start="2024-05-08T03:16:53.697765" elapsed="0.000409"/>
</kw>
<kw name="Log" owner="BuiltIn">
<msg time="2024-05-08T03:16:53.698594" level="INFO">email</msg>
<arg>${key}</arg>
<doc>Logs the given message with the given level.</doc>
<status status="PASS" start="2024-05-08T03:16:53.698467" elapsed="0.000165"/>
</kw>
<var name="${key}">email</var>
<status status="PASS" start="2024-05-08T03:16:53.696939" elapsed="0.001904"/>
</iter>
<iter>
<kw name="Dictionary Should Contain Key" owner="Collections">
<msg time="2024-05-08T03:16:53.699502" level="INFO">False</msg>
<arg>${json_data['results'][0]}</arg>
<arg>${key}</arg>
<doc>Fails if ``key`` is not found from ``dictionary``.</doc>
<status status="PASS" start="2024-05-08T03:16:53.699123" elapsed="0.000418"/>
</kw>
<kw name="Log" owner="BuiltIn">
<msg time="2024-05-08T03:16:53.700203" level="INFO">{'gender': 'male', 'name': {'title': 'Monsieur', 'first': 'Peter', 'last': 'Pierre'}, 'location': {'street': {'number': 2854, 'name': 'Avenue de la République'}, 'city': 'Seon', 'state': 'Schaffhausen', 'country': 'Switzerland', 'postcode': 6688, 'coordinates': {'latitude': '-56.3394', 'longitude': '-177.1195'}, 'timezone': {'offset': '+4:30', 'description': 'Kabul'}}, 'email': 'peter.pierre@example.com', 'login': {'uuid': 'cda40c92-7cc6-44e8-ba99-5d4baaec57e9', 'username': 'organiclion396', 'password': 'oklahoma', 'salt': 'DWUAq6H0', 'md5': 'a92f09fdd32b412738a8cb877a49757e', 'sha1': '178153d2be9a6b3eae852e51ab961fa283edabd5', 'sha256': '5b112a57ca7aeb8e0d6a92a3dc3ed8a0b11f3c60184459cf43fdd3d0d27b0158'}, 'dob': {'date': '1991-01-21T16:44:07.804Z', 'age': 33}, 'registered': {'date': '2008-05-01T15:44:09.524Z', 'age': 16}, 'phone': '078 873 48 65', 'cell': '079 480 75 44', 'id': {'name': 'AVS', 'value': '756.5150.1283.25'}, 'picture': {'large': 'https://randomuser.me/api/portraits/men/73.jpg', 'medium': 'https://randomuser.me/api/portraits/med/men/73.jpg', 'thumbnail': 'https://randomuser.me/api/portraits/thumb/men/73.jpg'}, 'nat': 'CH'}</msg>
<arg>${json_data['results'][0]}</arg>
<doc>Logs the given message with the given level.</doc>
<status status="PASS" start="2024-05-08T03:16:53.699832" elapsed="0.000441"/>
</kw>
<kw name="Log" owner="BuiltIn">
<msg time="2024-05-08T03:16:53.700699" level="INFO">login</msg>
<arg>${key}</arg>
<doc>Logs the given message with the given level.</doc>
<status status="PASS" start="2024-05-08T03:16:53.700573" elapsed="0.000164"/>
</kw>
<var name="${key}">login</var>
<status status="PASS" start="2024-05-08T03:16:53.699015" elapsed="0.001962"/>
</iter>
<var>${key}</var>
<value>@{expected_keys}</value>
<status status="PASS" start="2024-05-08T03:16:53.690272" elapsed="0.010832"/>
</for>
<kw name="Create List" owner="BuiltIn">
<msg time="2024-05-08T03:16:53.701433" level="INFO">${expected_keysTwo} = ['username', 'password']</msg>
<var>${expected_keysTwo}</var>
<arg>username</arg>
<arg>password</arg>
<doc>Returns a list containing given items.</doc>
<status status="PASS" start="2024-05-08T03:16:53.701297" elapsed="0.000160"/>
</kw>
<for flavor="IN">
<iter>
<kw name="Dictionary Should Contain Key" owner="Collections">
<msg time="2024-05-08T03:16:53.702343" level="INFO">False</msg>
<arg>${json_data['results'][0]['login']}</arg>
<arg>${keyTwo}</arg>
<doc>Fails if ``key`` is not found from ``dictionary``.</doc>
<status status="PASS" start="2024-05-08T03:16:53.701956" elapsed="0.000424"/>
</kw>
<kw name="Dictionary Should Contain Key" owner="Collections">
<msg time="2024-05-08T03:16:53.703061" level="INFO">False</msg>
<arg>${json_data['results'][0]['login']}</arg>
<arg>${keyTwo}</arg>
<doc>Fails if ``key`` is not found from ``dictionary``.</doc>
<status status="PASS" start="2024-05-08T03:16:53.702673" elapsed="0.000426"/>
</kw>
<kw name="Log" owner="BuiltIn">
<msg time="2024-05-08T03:16:53.703513" level="INFO">username</msg>
<arg>${keyTwo}</arg>
<doc>Logs the given message with the given level.</doc>
<status status="PASS" start="2024-05-08T03:16:53.703387" elapsed="0.000170"/>
</kw>
<var name="${keyTwo}">username</var>
<status status="PASS" start="2024-05-08T03:16:53.701847" elapsed="0.001925"/>
</iter>
<iter>
<kw name="Dictionary Should Contain Key" owner="Collections">
<msg time="2024-05-08T03:16:53.704538" level="INFO">False</msg>
<arg>${json_data['results'][0]['login']}</arg>
<arg>${keyTwo}</arg>
<doc>Fails if ``key`` is not found from ``dictionary``.</doc>
<status status="PASS" start="2024-05-08T03:16:53.704052" elapsed="0.000526"/>
</kw>
<kw name="Dictionary Should Contain Key" owner="Collections">
<msg time="2024-05-08T03:16:53.705251" level="INFO">False</msg>
<arg>${json_data['results'][0]['login']}</arg>
<arg>${keyTwo}</arg>
<doc>Fails if ``key`` is not found from ``dictionary``.</doc>
<status status="PASS" start="2024-05-08T03:16:53.704876" elapsed="0.000411"/>
</kw>
<kw name="Log" owner="BuiltIn">
<msg time="2024-05-08T03:16:53.705703" level="INFO">password</msg>
<arg>${keyTwo}</arg>
<doc>Logs the given message with the given level.</doc>
<status status="PASS" start="2024-05-08T03:16:53.705577" elapsed="0.000163"/>
</kw>
<var name="${keyTwo}">password</var>
<status status="PASS" start="2024-05-08T03:16:53.703943" elapsed="0.002009"/>
</iter>
<var>${keyTwo}</var>
<value>@{expected_keysTwo}</value>
<status status="PASS" start="2024-05-08T03:16:53.701692" elapsed="0.004380"/>
</for>
<status status="PASS" start="2024-05-08T03:16:53.595264" elapsed="0.110946"/>
</kw>
<doc>Testa a estrutura da resposta da API.</doc>
<tag>testeEstruturaResposta</tag>
<status status="PASS" start="2024-05-08T03:16:53.594662" elapsed="0.111698"/>
</test>
<test id="s1-s1-t4" name="Validar tipos de dados" line="28">
<kw name="Teste de Tipos de Dados" owner="random-user-service">
<kw name="GET On Session" owner="RequestsLibrary">
<msg time="2024-05-08T03:16:53.785111" level="INFO">GET Request : url=https://randomuser.me/api 
 path_url=/api 
 headers={'User-Agent': 'python-requests/2.31.0', 'Accept-Encoding': 'gzip, deflate', 'Accept': '*/*', 'Connection': 'keep-alive'} 
 body=None 
 </msg>
<msg time="2024-05-08T03:16:53.785190" level="INFO">GET Response : url=https://randomuser.me/api 
 status=200, reason=OK 
 headers={'Date': 'Wed, 08 May 2024 03:16:53 GMT', 'Content-Type': 'application/json; charset=utf-8', 'Transfer-Encoding': 'chunked', 'Connection': 'keep-alive', 'X-Powered-By': 'Express', 'Access-Control-Allow-Origin': '*', 'Cache-Control': 'no-cache', 'ETag': 'W/"488-47bxOlC5AGeISO1lNp6qPtdd8/o"', 'Vary': 'Accept-Encoding', 'Content-Encoding': 'gzip', 'CF-Cache-Status': 'DYNAMIC', 'Report-To': '{"endpoints":[{"url":"https:\\/\\/a.nel.cloudflare.com\\/report\\/v4?s=1mBxjgAgW8Fo1nr5WO5JO1PzkfwFmAX%2FxI6s7hWif8A%2BxMa32j%2FUaQnWN3mAyIiNWKg9H04%2BQwYNJUGN2jCmXAVVwh1yL3G%2FEorCM5Qvv2MNJzoy7Ja70mTHxfdQ8lsF"}],"group":"cf-nel","max_age":604800}', 'NEL': '{"success_fraction":0,"report_to":"cf-nel","max_age":604800}', 'Server': 'cloudflare', 'CF-RAY': '88064b2bbf56206c-IAD', 'alt-svc': 'h3=":443"; ma=86400'} 
 body={"results":[{"gender":"male","name":{"title":"Mr","first":"Lakshit","last":"Shroff"},"location":{"street":{"number":9502,"name":"Kazimar St"},"city":"Bokaro","state":"Tripura","country":"India","postcode":30884,"coordinates":{"latitude":"8.5499","longitude":"-42.9310"},"timezone":{"offset":"+1:00","description":"Brussels, Copenhagen, Madrid, Paris"}},"email":"lakshit.shroff@example.com","login":{"uuid":"9e7f63e3-de3a-4ae4-bb9e-3ddfb0ef4585","username":"organictiger323","password":"qwerty123","salt":"Y6oPQ3so","md5":"fc6e0c194fcf4cff916e88ce56a26941","sha1":"bc1a2950ef5fa83ae34ebc335aada59b3776502e","sha256":"82d6f9630cbdc150f00cb631fd813e09dc3bffdaafb94d70078a423009de7008"},"dob":{"date":"1991-05-15T22:06:47.612Z","age":32},"registered":{"date":"2019-07-07T14:04:44.402Z","age":4},"phone":"9099235391","cell":"8345159985","id":{"name":"UIDAI","value":"835715110891"},"picture":{"large":"https://randomuser.me/api/portraits/men/97.jpg","medium":"https://randomuser.me/api/portraits/med/men/97.jpg","thumbnail":"https://randomuser.me/api/portraits/thumb/men/97.jpg"},"nat":"IN"}],"info":{"seed":"a86808ad54269702","results":1,"page":1,"version":"1.4"}} 
 </msg>
<msg time="2024-05-08T03:16:53.785259" level="INFO">/opt/hostedtoolcache/Python/3.12.3/x64/lib/python3.12/site-packages/urllib3/connectionpool.py:1103: InsecureRequestWarning: Unverified HTTPS request is being made to host 'randomuser.me'. Adding certificate verification is strongly advised. See: https://urllib3.readthedocs.io/en/latest/advanced-usage.html#tls-warnings
  warnings.warn(</msg>
<msg time="2024-05-08T03:16:53.785365" level="INFO">${response} = &lt;Response [200]&gt;</msg>
<var>${response}</var>
<arg>consultarAPI</arg>
<arg>/api</arg>
<doc>Sends a GET request on a previously created HTTP Session.</doc>
<status status="PASS" start="2024-05-08T03:16:53.708871" elapsed="0.076540"/>
</kw>
<kw name="Set Variable" owner="BuiltIn">
<msg time="2024-05-08T03:16:53.786303" level="INFO">${json_data} = {'results': [{'gender': 'male', 'name': {'title': 'Mr', 'first': 'Lakshit', 'last': 'Shroff'}, 'location': {'street': {'number': 9502, 'name': 'Kazimar St'}, 'city': 'Bokaro', 'state': 'Tripura', 'cou...</msg>
<var>${json_data}</var>
<arg>${response.json()}</arg>
<doc>Returns the given values which can then be assigned to a variables.</doc>
<status status="PASS" start="2024-05-08T03:16:53.785854" elapsed="0.000478"/>
</kw>
<kw name="Log" owner="BuiltIn">
<msg time="2024-05-08T03:16:53.786776" level="INFO">{'results': [{'gender': 'male', 'name': {'title': 'Mr', 'first': 'Lakshit', 'last': 'Shroff'}, 'location': {'street': {'number': 9502, 'name': 'Kazimar St'}, 'city': 'Bokaro', 'state': 'Tripura', 'country': 'India', 'postcode': 30884, 'coordinates': {'latitude': '8.5499', 'longitude': '-42.9310'}, 'timezone': {'offset': '+1:00', 'description': 'Brussels, Copenhagen, Madrid, Paris'}}, 'email': 'lakshit.shroff@example.com', 'login': {'uuid': '9e7f63e3-de3a-4ae4-bb9e-3ddfb0ef4585', 'username': 'organictiger323', 'password': 'qwerty123', 'salt': 'Y6oPQ3so', 'md5': 'fc6e0c194fcf4cff916e88ce56a26941', 'sha1': 'bc1a2950ef5fa83ae34ebc335aada59b3776502e', 'sha256': '82d6f9630cbdc150f00cb631fd813e09dc3bffdaafb94d70078a423009de7008'}, 'dob': {'date': '1991-05-15T22:06:47.612Z', 'age': 32}, 'registered': {'date': '2019-07-07T14:04:44.402Z', 'age': 4}, 'phone': '9099235391', 'cell': '8345159985', 'id': {'name': 'UIDAI', 'value': '835715110891'}, 'picture': {'large': 'https://randomuser.me/api/portraits/men/97.jpg', 'medium': 'https://randomuser.me/api/portraits/med/men/97.jpg', 'thumbnail': 'https://randomuser.me/api/portraits/thumb/men/97.jpg'}, 'nat': 'IN'}], 'info': {'seed': 'a86808ad54269702', 'results': 1, 'page': 1, 'version': '1.4'}}</msg>
<arg>${json_data}</arg>
<doc>Logs the given message with the given level.</doc>
<status status="PASS" start="2024-05-08T03:16:53.786628" elapsed="0.000224"/>
</kw>
<kw name="Should Be String" owner="String">
<arg>${json_data['results'][0]['gender']}</arg>
<doc>Fails if the given ``item`` is not a string.</doc>
<status status="PASS" start="2024-05-08T03:16:53.787144" elapsed="0.000359"/>
</kw>
<kw name="Should Match Regexp" owner="BuiltIn">
<arg>${json_data['results'][0]['email']}</arg>
<arg>^[a-zA-Z0-9._%+-]+@[a-zA-Z0-9.-]+\.[a-zA-Z]{2,}$</arg>
<doc>Fails if ``string`` does not match ``pattern`` as a regular expression.</doc>
<status status="PASS" start="2024-05-08T03:16:53.787693" elapsed="0.000502"/>
</kw>
<kw name="Should Match Regexp" owner="BuiltIn">
<arg>${json_data['results'][0]['dob']['date']}</arg>
<arg>\\d{4}-\\d{2}-\\d{2}T\\d{2}:\\d{2}:\\d{2}\\.\\d{3}Z</arg>
<doc>Fails if ``string`` does not match ``pattern`` as a regular expression.</doc>
<status status="PASS" start="2024-05-08T03:16:53.788422" elapsed="0.000491"/>
</kw>
<kw name="Should Match Regexp" owner="BuiltIn">
<arg>${json_data['results'][0]['registered']['date']}</arg>
<arg>\\d{4}-\\d{2}-\\d{2}T\\d{2}:\\d{2}:\\d{2}\\.\\d{3}Z</arg>
<doc>Fails if ``string`` does not match ``pattern`` as a regular expression.</doc>
<status status="PASS" start="2024-05-08T03:16:53.789101" elapsed="0.000371"/>
</kw>
<kw name="Should Match Regexp" owner="BuiltIn">
<arg>${json_data['results'][0]['picture']['large']}</arg>
<arg>^https?://.*\.(?:png|jpe?g|gif|bmp)$</arg>
<doc>Fails if ``string`` does not match ``pattern`` as a regular expression.</doc>
<status status="PASS" start="2024-05-08T03:16:53.789660" elapsed="0.000455"/>
</kw>
<kw name="Should Match Regexp" owner="BuiltIn">
<arg>${json_data['results'][0]['picture']['medium']}</arg>
<arg>^https?://.*\.(?:png|jpe?g|gif|bmp)$</arg>
<doc>Fails if ``string`` does not match ``pattern`` as a regular expression.</doc>
<status status="PASS" start="2024-05-08T03:16:53.790299" elapsed="0.000355"/>
</kw>
<kw name="Should Match Regexp" owner="BuiltIn">
<arg>${json_data['results'][0]['picture']['thumbnail']}</arg>
<arg>^https?://.*\.(?:png|jpe?g|gif|bmp)$</arg>
<doc>Fails if ``string`` does not match ``pattern`` as a regular expression.</doc>
<status status="PASS" start="2024-05-08T03:16:53.790846" elapsed="0.000347"/>
</kw>
<kw name="Log" owner="BuiltIn">
<msg time="2024-05-08T03:16:53.791687" level="INFO">{'large': 'https://randomuser.me/api/portraits/men/97.jpg', 'medium': 'https://randomuser.me/api/portraits/med/men/97.jpg', 'thumbnail': 'https://randomuser.me/api/portraits/thumb/men/97.jpg'}</msg>
<arg>${json_data['results'][0]['picture']}</arg>
<doc>Logs the given message with the given level.</doc>
<status status="PASS" start="2024-05-08T03:16:53.791369" elapsed="0.000358"/>
</kw>
<status status="PASS" start="2024-05-08T03:16:53.708646" elapsed="0.083332"/>
</kw>
<kw name="Teste de Tipos de Dados - Postcode" owner="random-user-service">
<kw name="GET On Session" owner="RequestsLibrary">
<msg time="2024-05-08T03:16:53.888318" level="INFO">GET Request : url=https://randomuser.me/api 
 path_url=/api 
 headers={'User-Agent': 'python-requests/2.31.0', 'Accept-Encoding': 'gzip, deflate', 'Accept': '*/*', 'Connection': 'keep-alive'} 
 body=None 
 </msg>
<msg time="2024-05-08T03:16:53.888419" level="INFO">GET Response : url=https://randomuser.me/api 
 status=200, reason=OK 
 headers={'Date': 'Wed, 08 May 2024 03:16:53 GMT', 'Content-Type': 'application/json; charset=utf-8', 'Transfer-Encoding': 'chunked', 'Connection': 'keep-alive', 'X-Powered-By': 'Express', 'Access-Control-Allow-Origin': '*', 'Cache-Control': 'no-cache', 'ETag': 'W/"491-+Z5HXs2vTVzWr2FVrpzrZcGQzok"', 'Vary': 'Accept-Encoding', 'Content-Encoding': 'gzip', 'CF-Cache-Status': 'DYNAMIC', 'Report-To': '{"endpoints":[{"url":"https:\\/\\/a.nel.cloudflare.com\\/report\\/v4?s=QpyoVqwrz%2Bq%2BsUjYn%2FqwYgW5jKWJ5h%2BqsS11P3RiYPFEGwtsFXy6tbey58hRCaIseengpoUcD%2BqSB8py%2F4cIQV1Uv9EP9AS6x%2F4ArAHv2M9VbKEryKO5YdRDr0KUr55l"}],"group":"cf-nel","max_age":604800}', 'NEL': '{"success_fraction":0,"report_to":"cf-nel","max_age":604800}', 'Server': 'cloudflare', 'CF-RAY': '88064b2c3fcd206c-IAD', 'alt-svc': 'h3=":443"; ma=86400'} 
 body={"results":[{"gender":"male","name":{"title":"Mr","first":"Vânio","last":"da Costa"},"location":{"street":{"number":4651,"name":"Rua Dois"},"city":"Nilópolis","state":"Alagoas","country":"Brazil","postcode":25659,"coordinates":{"latitude":"-76.9712","longitude":"-146.7853"},"timezone":{"offset":"+1:00","description":"Brussels, Copenhagen, Madrid, Paris"}},"email":"vanio.dacosta@example.com","login":{"uuid":"f3774902-f1e5-4584-8d94-07eaf9a5e8b2","username":"purplefish145","password":"smegma","salt":"8e6uvIpW","md5":"04d59110b269ec1aa78add01986a4859","sha1":"a8544757fd6b8abb7a10cf1a1a7cae8b1555d841","sha256":"60ae9de3e307b31c27ba129e5d57b174e403aa9428027405d2f00b6362b6ab55"},"dob":{"date":"1969-10-19T14:27:36.817Z","age":54},"registered":{"date":"2020-06-05T07:04:03.996Z","age":3},"phone":"(95) 6385-7169","cell":"(39) 8395-5178","id":{"name":"CPF","value":"199.509.340-61"},"picture":{"large":"https://randomuser.me/api/portraits/men/65.jpg","medium":"https://randomuser.me/api/portraits/med/men/65.jpg","thumbnail":"https://randomuser.me/api/portraits/thumb/men/65.jpg"},"nat":"BR"}],"info":{"seed":"c22bac001990e931","results":1,"page":1,"version":"1.4"}} 
 </msg>
<msg time="2024-05-08T03:16:53.888492" level="INFO">/opt/hostedtoolcache/Python/3.12.3/x64/lib/python3.12/site-packages/urllib3/connectionpool.py:1103: InsecureRequestWarning: Unverified HTTPS request is being made to host 'randomuser.me'. Adding certificate verification is strongly advised. See: https://urllib3.readthedocs.io/en/latest/advanced-usage.html#tls-warnings
  warnings.warn(</msg>
<msg time="2024-05-08T03:16:53.888611" level="INFO">${response} = &lt;Response [200]&gt;</msg>
<var>${response}</var>
<arg>consultarAPI</arg>
<arg>/api</arg>
<doc>Sends a GET request on a previously created HTTP Session.</doc>
<status status="PASS" start="2024-05-08T03:16:53.792433" elapsed="0.096221"/>
</kw>
<kw name="Set Variable" owner="BuiltIn">
<msg time="2024-05-08T03:16:53.889535" level="INFO">${json_data} = {'results': [{'gender': 'male', 'name': {'title': 'Mr', 'first': 'Vânio', 'last': 'da Costa'}, 'location': {'street': {'number': 4651, 'name': 'Rua Dois'}, 'city': 'Nilópolis', 'state': 'Alagoas', 'co...</msg>
<var>${json_data}</var>
<arg>${response.json()}</arg>
<doc>Returns the given values which can then be assigned to a variables.</doc>
<status status="PASS" start="2024-05-08T03:16:53.889084" elapsed="0.000479"/>
</kw>
<kw name="Log" owner="BuiltIn">
<msg time="2024-05-08T03:16:53.890024" level="INFO">{'results': [{'gender': 'male', 'name': {'title': 'Mr', 'first': 'Vânio', 'last': 'da Costa'}, 'location': {'street': {'number': 4651, 'name': 'Rua Dois'}, 'city': 'Nilópolis', 'state': 'Alagoas', 'country': 'Brazil', 'postcode': 25659, 'coordinates': {'latitude': '-76.9712', 'longitude': '-146.7853'}, 'timezone': {'offset': '+1:00', 'description': 'Brussels, Copenhagen, Madrid, Paris'}}, 'email': 'vanio.dacosta@example.com', 'login': {'uuid': 'f3774902-f1e5-4584-8d94-07eaf9a5e8b2', 'username': 'purplefish145', 'password': 'smegma', 'salt': '8e6uvIpW', 'md5': '04d59110b269ec1aa78add01986a4859', 'sha1': 'a8544757fd6b8abb7a10cf1a1a7cae8b1555d841', 'sha256': '60ae9de3e307b31c27ba129e5d57b174e403aa9428027405d2f00b6362b6ab55'}, 'dob': {'date': '1969-10-19T14:27:36.817Z', 'age': 54}, 'registered': {'date': '2020-06-05T07:04:03.996Z', 'age': 3}, 'phone': '(95) 6385-7169', 'cell': '(39) 8395-5178', 'id': {'name': 'CPF', 'value': '199.509.340-61'}, 'picture': {'large': 'https://randomuser.me/api/portraits/men/65.jpg', 'medium': 'https://randomuser.me/api/portraits/med/men/65.jpg', 'thumbnail': 'https://randomuser.me/api/portraits/thumb/men/65.jpg'}, 'nat': 'BR'}], 'info': {'seed': 'c22bac001990e931', 'results': 1, 'page': 1, 'version': '1.4'}}</msg>
<arg>${json_data}</arg>
<doc>Logs the given message with the given level.</doc>
<status status="PASS" start="2024-05-08T03:16:53.889869" elapsed="0.000232"/>
</kw>
<kw name="Should Be Equal As Numbers" owner="BuiltIn">
<arg>${json_data['results'][0]['location']['postcode']}</arg>
<arg>${json_data['results'][0]['location']['postcode']}</arg>
<doc>Fails if objects are unequal after converting them to real numbers.</doc>
<status status="PASS" start="2024-05-08T03:16:53.890534" elapsed="0.000610"/>
</kw>
<kw name="Log" owner="BuiltIn">
<msg time="2024-05-08T03:16:53.891660" level="INFO">25659</msg>
<arg>${json_data['results'][0]['location']['postcode']}</arg>
<doc>Logs the given message with the given level.</doc>
<status status="PASS" start="2024-05-08T03:16:53.891330" elapsed="0.000368"/>
</kw>
<status status="PASS" start="2024-05-08T03:16:53.792189" elapsed="0.099755"/>
</kw>
<doc>Testa se os tipos de dados na resposta da API estão corretos.</doc>
<tag>testeTiposDados</tag>
<status status="PASS" start="2024-05-08T03:16:53.708141" elapsed="0.183962"/>
</test>
<test id="s1-s1-t5" name="Validar conteudo" line="35">
<kw name="Teste de Tipos de Conteudo" owner="random-user-service">
<kw name="GET On Session" owner="RequestsLibrary">
<msg time="2024-05-08T03:16:53.985917" level="INFO">GET Request : url=https://randomuser.me/api 
 path_url=/api 
 headers={'User-Agent': 'python-requests/2.31.0', 'Accept-Encoding': 'gzip, deflate', 'Accept': '*/*', 'Connection': 'keep-alive'} 
 body=None 
 </msg>
<msg time="2024-05-08T03:16:53.985994" level="INFO">GET Response : url=https://randomuser.me/api 
 status=200, reason=OK 
 headers={'Date': 'Wed, 08 May 2024 03:16:53 GMT', 'Content-Type': 'application/json; charset=utf-8', 'Transfer-Encoding': 'chunked', 'Connection': 'keep-alive', 'X-Powered-By': 'Express', 'Access-Control-Allow-Origin': '*', 'Cache-Control': 'no-cache', 'ETag': 'W/"49b-qhOyjWLtUuz4eBILHoprwHiixZw"', 'Vary': 'Accept-Encoding', 'Content-Encoding': 'gzip', 'CF-Cache-Status': 'DYNAMIC', 'Report-To': '{"endpoints":[{"url":"https:\\/\\/a.nel.cloudflare.com\\/report\\/v4?s=exgb2muvP6CcHRk74L8ccaJcb4nlh0Nx04%2FxRM4p8sj6vPbbtQ2%2F7DkkhFNNqP99uEgsYfeE1hIQs2mFFNZiK0%2FsgZbv%2Bi9ms1XykZa9Z602OCf9sK93DNX8qLmbvS92"}],"group":"cf-nel","max_age":604800}', 'NEL': '{"success_fraction":0,"report_to":"cf-nel","max_age":604800}', 'Server': 'cloudflare', 'CF-RAY': '88064b2cd873206c-IAD', 'alt-svc': 'h3=":443"; ma=86400'} 
 body={"results":[{"gender":"male","name":{"title":"Mr","first":"Storm","last":"Madsen"},"location":{"street":{"number":8419,"name":"Gammel Køge Landevej"},"city":"Vesterborg","state":"Midtjylland","country":"Denmark","postcode":81572,"coordinates":{"latitude":"-44.6427","longitude":"-159.9791"},"timezone":{"offset":"+5:00","description":"Ekaterinburg, Islamabad, Karachi, Tashkent"}},"email":"storm.madsen@example.com","login":{"uuid":"e7ad3e6c-32f5-4448-ae04-fb7a4dfceb43","username":"angryelephant981","password":"toledo","salt":"mi0ursF4","md5":"201500ffa56273296e515205ff9ada36","sha1":"7cad6de7dc8afd5eb2333bd4558dc53cac7140af","sha256":"204d097ae2c2a514847ef498b03b1549e11db6a83b8a254df5b7ce12ef2d2cd5"},"dob":{"date":"1986-06-23T22:49:29.453Z","age":37},"registered":{"date":"2011-07-25T06:12:31.561Z","age":12},"phone":"28988622","cell":"18107721","id":{"name":"CPR","value":"230686-0561"},"picture":{"large":"https://randomuser.me/api/portraits/men/67.jpg","medium":"https://randomuser.me/api/portraits/med/men/67.jpg","thumbnail":"https://randomuser.me/api/portraits/thumb/men/67.jpg"},"nat":"DK"}],"info":{"seed":"1de44b201790a8dd","results":1,"page":1,"version":"1.4"}} 
 </msg>
<msg time="2024-05-08T03:16:53.986061" level="INFO">/opt/hostedtoolcache/Python/3.12.3/x64/lib/python3.12/site-packages/urllib3/connectionpool.py:1103: InsecureRequestWarning: Unverified HTTPS request is being made to host 'randomuser.me'. Adding certificate verification is strongly advised. See: https://urllib3.readthedocs.io/en/latest/advanced-usage.html#tls-warnings
  warnings.warn(</msg>
<msg time="2024-05-08T03:16:53.986191" level="INFO">${response} = &lt;Response [200]&gt;</msg>
<var>${response}</var>
<arg>consultarAPI</arg>
<arg>/api</arg>
<doc>Sends a GET request on a previously created HTTP Session.</doc>
<status status="PASS" start="2024-05-08T03:16:53.894941" elapsed="0.091292"/>
</kw>
<kw name="Set Variable" owner="BuiltIn">
<msg time="2024-05-08T03:16:53.987092" level="INFO">${json_data} = {'results': [{'gender': 'male', 'name': {'title': 'Mr', 'first': 'Storm', 'last': 'Madsen'}, 'location': {'street': {'number': 8419, 'name': 'Gammel Køge Landevej'}, 'city': 'Vesterborg', 'state': 'Mi...</msg>
<var>${json_data}</var>
<arg>${response.json()}</arg>
<doc>Returns the given values which can then be assigned to a variables.</doc>
<status status="PASS" start="2024-05-08T03:16:53.986629" elapsed="0.000493"/>
</kw>
<kw name="Set Variable" owner="BuiltIn">
<msg time="2024-05-08T03:16:53.987830" level="INFO">${name_title} = Mr</msg>
<var>${name_title}</var>
<arg>${json_data["results"][0]["name"]["title"]}</arg>
<doc>Returns the given values which can then be assigned to a variables.</doc>
<status status="PASS" start="2024-05-08T03:16:53.987437" elapsed="0.000420"/>
</kw>
<kw name="Create List" owner="BuiltIn">
<msg time="2024-05-08T03:16:53.988338" level="INFO">${allowed_titles} = ['Mr', 'Ms', 'Miss', 'Mrs', 'Madame', 'Monsieur']</msg>
<var>${allowed_titles}</var>
<arg>Mr</arg>
<arg>Ms</arg>
<arg>Miss</arg>
<arg>Mrs</arg>
<arg>Madame</arg>
<arg>Monsieur</arg>
<doc>Returns a list containing given items.</doc>
<status status="PASS" start="2024-05-08T03:16:53.988160" elapsed="0.000203"/>
</kw>
<kw name="List Should Contain Value" owner="Collections">
<msg time="2024-05-08T03:16:53.988841" level="INFO">False</msg>
<arg>${allowed_titles}</arg>
<arg>${name_title}</arg>
<doc>Fails if the ``value`` is not found from ``list``.</doc>
<status status="PASS" start="2024-05-08T03:16:53.988665" elapsed="0.000213"/>
</kw>
<kw name="Set Variable" owner="BuiltIn">
<msg time="2024-05-08T03:16:53.989563" level="INFO">${name_country} = DK</msg>
<var>${name_country}</var>
<arg>${json_data["results"][0]["nat"]}</arg>
<doc>Returns the given values which can then be assigned to a variables.</doc>
<status status="PASS" start="2024-05-08T03:16:53.989174" elapsed="0.000414"/>
</kw>
<kw name="Create List" owner="BuiltIn">
<msg time="2024-05-08T03:16:53.990474" level="INFO">${list_country} = ['AD', 'AE', 'AF', 'AG', 'AI', 'AL', 'AM', 'AO', 'AQ', 'AR', 'AS', 'AT', 'AU', 'AW', 'AX', 'AZ', 'BA', 'BB', 'BD', 'BE', 'BF', 'BG', 'BH', 'BI', 'BJ', 'BL', 'BM', 'BN', 'BO', 'BQ', 'BR', 'BS', 'BT', '...</msg>
<var>${list_country}</var>
<arg>AD</arg>
<arg>AE</arg>
<arg>AF</arg>
<arg>AG</arg>
<arg>AI</arg>
<arg>AL</arg>
<arg>AM</arg>
<arg>AO</arg>
<arg>AQ</arg>
<arg>AR</arg>
<arg>AS</arg>
<arg>AT</arg>
<arg>AU</arg>
<arg>AW</arg>
<arg>AX</arg>
<arg>AZ</arg>
<arg>BA</arg>
<arg>BB</arg>
<arg>BD</arg>
<arg>BE</arg>
<arg>BF</arg>
<arg>BG</arg>
<arg>BH</arg>
<arg>BI</arg>
<arg>BJ</arg>
<arg>BL</arg>
<arg>BM</arg>
<arg>BN</arg>
<arg>BO</arg>
<arg>BQ</arg>
<arg>BR</arg>
<arg>BS</arg>
<arg>BT</arg>
<arg>BV</arg>
<arg>BW</arg>
<arg>BY</arg>
<arg>BZ</arg>
<arg>CA</arg>
<arg>CC</arg>
<arg>CD</arg>
<arg>CF</arg>
<arg>CG</arg>
<arg>CH</arg>
<arg>CI</arg>
<arg>CK</arg>
<arg>CL</arg>
<arg>CM</arg>
<arg>CN</arg>
<arg>CO</arg>
<arg>CR</arg>
<arg>CU</arg>
<arg>CV</arg>
<arg>CW</arg>
<arg>CX</arg>
<arg>CY</arg>
<arg>CZ</arg>
<arg>DE</arg>
<arg>DJ</arg>
<arg>DK</arg>
<arg>DM</arg>
<arg>DO</arg>
<arg>DZ</arg>
<arg>EC</arg>
<arg>EE</arg>
<arg>EG</arg>
<arg>EH</arg>
<arg>ER</arg>
<arg>ES</arg>
<arg>ET</arg>
<arg>FI</arg>
<arg>FJ</arg>
<arg>FK</arg>
<arg>FM</arg>
<arg>FO</arg>
<arg>FR</arg>
<arg>GA</arg>
<arg>GB</arg>
<arg>GD</arg>
<arg>GE</arg>
<arg>GF</arg>
<arg>GG</arg>
<arg>GH</arg>
<arg>GI</arg>
<arg>GL</arg>
<arg>GM</arg>
<arg>GN</arg>
<arg>GP</arg>
<arg>GQ</arg>
<arg>GR</arg>
<arg>GS</arg>
<arg>GT</arg>
<arg>GU</arg>
<arg>GW</arg>
<arg>GY</arg>
<arg>HK</arg>
<arg>HM</arg>
<arg>HN</arg>
<arg>HR</arg>
<arg>HT</arg>
<arg>HU</arg>
<arg>ID</arg>
<arg>IE</arg>
<arg>IL</arg>
<arg>IM</arg>
<arg>IN</arg>
<arg>IO</arg>
<arg>IQ</arg>
<arg>IR</arg>
<arg>IS</arg>
<arg>IT</arg>
<arg>JE</arg>
<arg>JM</arg>
<arg>JO</arg>
<arg>JP</arg>
<arg>KE</arg>
<arg>KG</arg>
<arg>KH</arg>
<arg>KI</arg>
<arg>KM</arg>
<arg>KN</arg>
<arg>KP</arg>
<arg>KR</arg>
<arg>KW</arg>
<arg>KY</arg>
<arg>KZ</arg>
<arg>LA</arg>
<arg>LB</arg>
<arg>LC</arg>
<arg>LI</arg>
<arg>LK</arg>
<arg>LR</arg>
<arg>LS</arg>
<arg>LT</arg>
<arg>LU</arg>
<arg>LV</arg>
<arg>LY</arg>
<arg>MA</arg>
<arg>MC</arg>
<arg>MD</arg>
<arg>ME</arg>
<arg>MF</arg>
<arg>MG</arg>
<arg>MH</arg>
<arg>MK</arg>
<arg>ML</arg>
<arg>MM</arg>
<arg>MN</arg>
<arg>MO</arg>
<arg>MP</arg>
<arg>MQ</arg>
<arg>MR</arg>
<arg>MS</arg>
<arg>MT</arg>
<arg>MU</arg>
<arg>MV</arg>
<arg>MW</arg>
<arg>MX</arg>
<arg>MY</arg>
<arg>MZ</arg>
<arg>NA</arg>
<arg>NC</arg>
<arg>NE</arg>
<arg>NF</arg>
<arg>NG</arg>
<arg>NI</arg>
<arg>NL</arg>
<arg>NO</arg>
<arg>NP</arg>
<arg>NR</arg>
<arg>NU</arg>
<arg>NZ</arg>
<arg>OM</arg>
<arg>PA</arg>
<arg>PE</arg>
<arg>PF</arg>
<arg>PG</arg>
<arg>PH</arg>
<arg>PK</arg>
<arg>PL</arg>
<arg>PM</arg>
<arg>PN</arg>
<arg>PR</arg>
<arg>PS</arg>
<arg>PT</arg>
<arg>PW</arg>
<arg>PY</arg>
<arg>QA</arg>
<arg>RE</arg>
<arg>RO</arg>
<arg>RS</arg>
<arg>RU</arg>
<arg>RW</arg>
<arg>SA</arg>
<arg>SB</arg>
<arg>SC</arg>
<arg>SD</arg>
<arg>SE</arg>
<arg>SG</arg>
<arg>SH</arg>
<arg>SI</arg>
<arg>SJ</arg>
<arg>SK</arg>
<arg>SL</arg>
<arg>SM</arg>
<arg>SN</arg>
<arg>SO</arg>
<arg>SR</arg>
<arg>SS</arg>
<arg>ST</arg>
<arg>SV</arg>
<arg>SX</arg>
<arg>SY</arg>
<arg>SZ</arg>
<arg>TC</arg>
<arg>TD</arg>
<arg>TF</arg>
<arg>TG</arg>
<arg>TH</arg>
<arg>TJ</arg>
<arg>TK</arg>
<arg>TL</arg>
<arg>TM</arg>
<arg>TN</arg>
<arg>TO</arg>
<arg>TR</arg>
<arg>TT</arg>
<arg>TV</arg>
<arg>TW</arg>
<arg>TZ</arg>
<arg>UA</arg>
<arg>UG</arg>
<arg>UM</arg>
<arg>US</arg>
<arg>UY</arg>
<arg>UZ</arg>
<arg>VA</arg>
<arg>VC</arg>
<arg>VE</arg>
<arg>VG</arg>
<arg>VI</arg>
<arg>VN</arg>
<arg>VU</arg>
<arg>WF</arg>
<arg>WS</arg>
<arg>XK</arg>
<arg>YE</arg>
<arg>YT</arg>
<arg>ZA</arg>
<arg>ZM</arg>
<arg>ZW</arg>
<doc>Returns a list containing given items.</doc>
<status status="PASS" start="2024-05-08T03:16:53.989889" elapsed="0.000611"/>
</kw>
<kw name="List Should Contain Value" owner="Collections">
<msg time="2024-05-08T03:16:53.991487" level="INFO">False</msg>
<arg>${list_country}</arg>
<arg>${name_country}</arg>
<doc>Fails if the ``value`` is not found from ``list``.</doc>
<status status="PASS" start="2024-05-08T03:16:53.991286" elapsed="0.000237"/>
</kw>
<kw name="Run Keyword If" owner="BuiltIn">
<kw name="Should Be True" owner="BuiltIn">
<arg>${True}</arg>
<doc>Fails if the given condition is not true.</doc>
<status status="PASS" start="2024-05-08T03:16:53.992637" elapsed="0.000255"/>
</kw>
<arg>${json_data["results"][0]["location"]["coordinates"]["latitude"]} &gt;= -90 and ${json_data["results"][0]["location"]["coordinates"]["latitude"]} &lt;= 90</arg>
<arg>Should Be True</arg>
<arg>${True}</arg>
<doc>Runs the given keyword with the given arguments, if ``condition`` is true.</doc>
<status status="PASS" start="2024-05-08T03:16:53.991834" elapsed="0.001193"/>
</kw>
<kw name="Run Keyword If" owner="BuiltIn">
<kw name="Should Be True" owner="BuiltIn">
<arg>${True}</arg>
<doc>Fails if the given condition is not true.</doc>
<status status="PASS" start="2024-05-08T03:16:53.993925" elapsed="0.000140"/>
</kw>
<arg>${json_data["results"][0]["location"]["coordinates"]["longitude"]} &gt;= -180 and ${json_data["results"][0]["location"]["coordinates"]["longitude"]} &lt;= 180</arg>
<arg>Should Be True</arg>
<arg>${True}</arg>
<doc>Runs the given keyword with the given arguments, if ``condition`` is true.</doc>
<status status="PASS" start="2024-05-08T03:16:53.993221" elapsed="0.000970"/>
</kw>
<status status="PASS" start="2024-05-08T03:16:53.894567" elapsed="0.099757"/>
</kw>
<doc>Testa o conteúdo específico dos campos retornados pela API.</doc>
<tag>testeConteudo</tag>
<status status="PASS" start="2024-05-08T03:16:53.893916" elapsed="0.100559"/>
</test>
<status status="PASS" start="2024-05-08T03:16:53.137070" elapsed="0.859337"/>
</suite>
<status status="PASS" start="2024-05-08T03:16:53.113766" elapsed="0.887915"/>
</suite>
<statistics>
<total>
<stat pass="5" fail="0" skip="0">All Tests</stat>
</total>
<tag>
<stat pass="1" fail="0" skip="0">testeConteudo</stat>
<stat pass="1" fail="0" skip="0">testeEstruturaResposta</stat>
<stat pass="1" fail="0" skip="0">testeRequisicaoBasica</stat>
<stat pass="1" fail="0" skip="0">testeTiposDados</stat>
</tag>
<suite>
<stat pass="5" fail="0" skip="0" id="s1" name="Tests">Tests</stat>
<stat pass="5" fail="0" skip="0" id="s1-s1" name="Random-User-Test">Tests.Random-User-Test</stat>
</suite>
</statistics>
<errors>
</errors>
</robot>
