<?xml version="1.0" encoding="UTF-8"?>
<robot generator="Robot 7.0 (Python 3.12.2 on linux)" generated="2024-03-24T05:13:03.533313" rpa="false" schemaversion="5">
<suite id="s1" name="Tests" source="/home/runner/work/DesafioQAItauRogerioJordao/DesafioQAItauRogerioJordao/RamdonUser/tests">
<suite id="s1-s1" name="Random-User-Test" source="/home/runner/work/DesafioQAItauRogerioJordao/DesafioQAItauRogerioJordao/RamdonUser/tests/random-user-test.robot">
<test id="s1-s1-t1" name="Conectar" line="13">
<kw name="Conectar API" owner="random-user-service">
<kw name="Create Session" owner="RequestsLibrary">
<msg time="2024-03-24T05:13:03.886297" level="INFO">Creating Session using : alias=consultarAPI, url=https://randomuser.me/, headers={},                     cookies={}, auth=None, timeout=None, proxies=None, verify=False,                     debug=0 </msg>
<arg>consultarAPI</arg>
<arg>${URL}</arg>
<doc>Create Session: create a HTTP session to a server</doc>
<status status="PASS" start="2024-03-24T05:13:03.886094" elapsed="0.000378"/>
</kw>
<status status="PASS" start="2024-03-24T05:13:03.885056" elapsed="0.001774"/>
</kw>
<status status="PASS" start="2024-03-24T05:13:03.884521" elapsed="0.002512"/>
</test>
<test id="s1-s1-t2" name="Validar retorno 200 e JSON Válido" line="16">
<kw name="Teste de Requisicao Basica" owner="random-user-service">
<kw name="GET On Session" owner="RequestsLibrary">
<msg time="2024-03-24T05:13:03.938900" level="INFO">GET Request : url=https://randomuser.me/api 
 path_url=/api 
 headers={'User-Agent': 'python-requests/2.31.0', 'Accept-Encoding': 'gzip, deflate', 'Accept': '*/*', 'Connection': 'keep-alive'} 
 body=None 
 </msg>
<msg time="2024-03-24T05:13:03.939026" level="INFO">GET Response : url=https://randomuser.me/api 
 status=200, reason=OK 
 headers={'Date': 'Sun, 24 Mar 2024 05:13:03 GMT', 'Content-Type': 'application/json; charset=utf-8', 'Transfer-Encoding': 'chunked', 'Connection': 'keep-alive', 'X-Powered-By': 'Express', 'Access-Control-Allow-Origin': '*', 'Cache-Control': 'no-cache', 'ETag': 'W/"49c-VbzOakmoo3VpeELwkOf665kmlvY"', 'Vary': 'Accept-Encoding', 'Content-Encoding': 'gzip', 'CF-Cache-Status': 'DYNAMIC', 'Report-To': '{"endpoints":[{"url":"https:\\/\\/a.nel.cloudflare.com\\/report\\/v4?s=oBVIyc1jf9IGchlU8JChBOIbY0b%2B6aqM8nHFQa5oJzM4nCvUcWNyqKBiyk8keiXAmV%2BSwtas0Y0e%2F1y8ABjqxQ6tQRHcyDHZkSqZomsr1xzbqxoIpASc5RGXm2i2TWDv"}],"group":"cf-nel","max_age":604800}', 'NEL': '{"success_fraction":0,"report_to":"cf-nel","max_age":604800}', 'Server': 'cloudflare', 'CF-RAY': '86942b7769ad241a-IAD', 'alt-svc': 'h3=":443"; ma=86400'} 
 body={"results":[{"gender":"male","name":{"title":"Mr","first":"Nino","last":"Bernard"},"location":{"street":{"number":756,"name":"Rue Dugas-Montbel"},"city":"Lyon","state":"Seine-Saint-Denis","country":"France","postcode":78243,"coordinates":{"latitude":"-21.1284","longitude":"-41.8860"},"timezone":{"offset":"+5:30","description":"Bombay, Calcutta, Madras, New Delhi"}},"email":"nino.bernard@example.com","login":{"uuid":"b0b1d7dc-7fdb-40e2-9e63-51fbc589a492","username":"happyduck416","password":"theking","salt":"C72Td4iu","md5":"b6437ce54e19e7612abea4836d883bc7","sha1":"e1c8584c78f00138a2396b6ac978fb187237c29f","sha256":"19390683da6baabd48bcc676267595c8af64f3489ffa2e1b598913055ed82400"},"dob":{"date":"1948-10-23T09:20:53.153Z","age":75},"registered":{"date":"2022-02-22T11:12:35.961Z","age":2},"phone":"05-35-56-25-18","cell":"06-19-23-01-72","id":{"name":"INSEE","value":"1480916118270 96"},"picture":{"large":"https://randomuser.me/api/portraits/men/74.jpg","medium":"https://randomuser.me/api/portraits/med/men/74.jpg","thumbnail":"https://randomuser.me/api/portraits/thumb/men/74.jpg"},"nat":"FR"}],"info":{"seed":"ff79056647b4875e","results":1,"page":1,"version":"1.4"}} 
 </msg>
<msg time="2024-03-24T05:13:03.939122" level="INFO">/opt/hostedtoolcache/Python/3.12.2/x64/lib/python3.12/site-packages/urllib3/connectionpool.py:1103: InsecureRequestWarning: Unverified HTTPS request is being made to host 'randomuser.me'. Adding certificate verification is strongly advised. See: https://urllib3.readthedocs.io/en/latest/advanced-usage.html#tls-warnings
  warnings.warn(</msg>
<msg time="2024-03-24T05:13:03.939236" level="INFO">${response} = &lt;Response [200]&gt;</msg>
<var>${response}</var>
<arg>consultarAPI</arg>
<arg>/api</arg>
<doc>Sends a GET request on a previously created HTTP Session.</doc>
<status status="PASS" start="2024-03-24T05:13:03.889610" elapsed="0.049663"/>
</kw>
<kw name="Should Be Equal As Numbers" owner="BuiltIn">
<msg time="2024-03-24T05:13:03.940185" level="INFO">Argument types are:
&lt;class 'int'&gt;
&lt;class 'str'&gt;</msg>
<arg>${response.status_code}</arg>
<arg>200</arg>
<doc>Fails if objects are unequal after converting them to real numbers.</doc>
<status status="PASS" start="2024-03-24T05:13:03.939756" elapsed="0.000495"/>
</kw>
<kw name="Log" owner="BuiltIn">
<msg time="2024-03-24T05:13:03.940935" level="INFO">200</msg>
<arg>${response.status_code}</arg>
<doc>Logs the given message with the given level.</doc>
<status status="PASS" start="2024-03-24T05:13:03.940571" elapsed="0.000407"/>
</kw>
<kw name="Set Variable" owner="BuiltIn">
<msg time="2024-03-24T05:13:03.941756" level="INFO">${json_data} = {'results': [{'gender': 'male', 'name': {'title': 'Mr', 'first': 'Nino', 'last': 'Bernard'}, 'location': {'street': {'number': 756, 'name': 'Rue Dugas-Montbel'}, 'city': 'Lyon', 'state': 'Seine-Saint-...</msg>
<var>${json_data}</var>
<arg>${response.json()}</arg>
<doc>Returns the given values which can then be assigned to a variables.</doc>
<status status="PASS" start="2024-03-24T05:13:03.941315" elapsed="0.000468"/>
</kw>
<kw name="Dictionary Should Contain Key" owner="Collections">
<msg time="2024-03-24T05:13:03.942256" level="INFO">False</msg>
<arg>${json_data}</arg>
<arg>results</arg>
<doc>Fails if ``key`` is not found from ``dictionary``.</doc>
<status status="PASS" start="2024-03-24T05:13:03.942087" elapsed="0.000208"/>
</kw>
<status status="PASS" start="2024-03-24T05:13:03.889356" elapsed="0.053194"/>
</kw>
<doc>Testa se a API responde corretamente e retorna um objeto JSON válido.</doc>
<tag>testeRequisicaoBasica</tag>
<status status="PASS" start="2024-03-24T05:13:03.888893" elapsed="0.053838"/>
</test>
<test id="s1-s1-t3" name="Validar estrutura de resposta" line="22">
<kw name="Teste de Estrutura de Resposta" owner="random-user-service">
<kw name="GET On Session" owner="RequestsLibrary">
<msg time="2024-03-24T05:13:04.047367" level="INFO">GET Request : url=https://randomuser.me/api 
 path_url=/api 
 headers={'User-Agent': 'python-requests/2.31.0', 'Accept-Encoding': 'gzip, deflate', 'Accept': '*/*', 'Connection': 'keep-alive'} 
 body=None 
 </msg>
<msg time="2024-03-24T05:13:04.047465" level="INFO">GET Response : url=https://randomuser.me/api 
 status=200, reason=OK 
 headers={'Date': 'Sun, 24 Mar 2024 05:13:04 GMT', 'Content-Type': 'application/json; charset=utf-8', 'Transfer-Encoding': 'chunked', 'Connection': 'keep-alive', 'X-Powered-By': 'Express', 'Access-Control-Allow-Origin': '*', 'Cache-Control': 'no-cache', 'ETag': 'W/"486-aZib3xwdaif/D7saH/8PmTN4/Xo"', 'Vary': 'Accept-Encoding', 'Content-Encoding': 'gzip', 'CF-Cache-Status': 'DYNAMIC', 'Report-To': '{"endpoints":[{"url":"https:\\/\\/a.nel.cloudflare.com\\/report\\/v4?s=F3pdC8Snmtn9DRmsZ4jEzeN3G7SX5%2FGwdczPTPDMOXN%2BSHemowF4kLvMdSlR5bOWI5GjLWnldQ9ULQRY3FL8T2UE1hZ8cVHlcecV%2FNhyzut1VPVvj8%2FQyS%2Foi4C59bIC"}],"group":"cf-nel","max_age":604800}', 'NEL': '{"success_fraction":0,"report_to":"cf-nel","max_age":604800}', 'Server': 'cloudflare', 'CF-RAY': '86942b77a9d7241a-IAD', 'alt-svc': 'h3=":443"; ma=86400'} 
 body={"results":[{"gender":"female","name":{"title":"Miss","first":"Saloni","last":"Moolya"},"location":{"street":{"number":9312,"name":"Hazratganj"},"city":"Gandhinagar","state":"Puducherry","country":"India","postcode":17952,"coordinates":{"latitude":"9.0005","longitude":"98.1710"},"timezone":{"offset":"+6:00","description":"Almaty, Dhaka, Colombo"}},"email":"saloni.moolya@example.com","login":{"uuid":"a83ce54b-15c3-478b-8a78-bbe37dccccd1","username":"orangepanda749","password":"house","salt":"wVnCGSUP","md5":"81441a2f0fa0a725cb336bf92489b0da","sha1":"508eb1c8fab5393cfff2d078f6f9d36b4028859e","sha256":"9960533d8993609d5758477beffa45e51882c664aeb0305291536a9811e58cd0"},"dob":{"date":"1997-02-15T17:04:27.422Z","age":27},"registered":{"date":"2006-02-11T03:25:51.349Z","age":18},"phone":"9777781553","cell":"9195745263","id":{"name":"UIDAI","value":"975234089694"},"picture":{"large":"https://randomuser.me/api/portraits/women/43.jpg","medium":"https://randomuser.me/api/portraits/med/women/43.jpg","thumbnail":"https://randomuser.me/api/portraits/thumb/women/43.jpg"},"nat":"IN"}],"info":{"seed":"fe3a7c06a1c57fb2","results":1,"page":1,"version":"1.4"}} 
 </msg>
<msg time="2024-03-24T05:13:04.047622" level="INFO">/opt/hostedtoolcache/Python/3.12.2/x64/lib/python3.12/site-packages/urllib3/connectionpool.py:1103: InsecureRequestWarning: Unverified HTTPS request is being made to host 'randomuser.me'. Adding certificate verification is strongly advised. See: https://urllib3.readthedocs.io/en/latest/advanced-usage.html#tls-warnings
  warnings.warn(</msg>
<msg time="2024-03-24T05:13:04.047750" level="INFO">${response} = &lt;Response [200]&gt;</msg>
<var>${response}</var>
<arg>consultarAPI</arg>
<arg>/api</arg>
<doc>Sends a GET request on a previously created HTTP Session.</doc>
<status status="PASS" start="2024-03-24T05:13:03.945417" elapsed="0.102374"/>
</kw>
<kw name="Set Variable" owner="BuiltIn">
<msg time="2024-03-24T05:13:04.048810" level="INFO">${json_data} = {'results': [{'gender': 'female', 'name': {'title': 'Miss', 'first': 'Saloni', 'last': 'Moolya'}, 'location': {'street': {'number': 9312, 'name': 'Hazratganj'}, 'city': 'Gandhinagar', 'state': 'Puduch...</msg>
<var>${json_data}</var>
<arg>${response.json()}</arg>
<doc>Returns the given values which can then be assigned to a variables.</doc>
<status status="PASS" start="2024-03-24T05:13:04.048285" elapsed="0.000555"/>
</kw>
<kw name="Log" owner="BuiltIn">
<msg time="2024-03-24T05:13:04.049320" level="INFO">{'results': [{'gender': 'female', 'name': {'title': 'Miss', 'first': 'Saloni', 'last': 'Moolya'}, 'location': {'street': {'number': 9312, 'name': 'Hazratganj'}, 'city': 'Gandhinagar', 'state': 'Puducherry', 'country': 'India', 'postcode': 17952, 'coordinates': {'latitude': '9.0005', 'longitude': '98.1710'}, 'timezone': {'offset': '+6:00', 'description': 'Almaty, Dhaka, Colombo'}}, 'email': 'saloni.moolya@example.com', 'login': {'uuid': 'a83ce54b-15c3-478b-8a78-bbe37dccccd1', 'username': 'orangepanda749', 'password': 'house', 'salt': 'wVnCGSUP', 'md5': '81441a2f0fa0a725cb336bf92489b0da', 'sha1': '508eb1c8fab5393cfff2d078f6f9d36b4028859e', 'sha256': '9960533d8993609d5758477beffa45e51882c664aeb0305291536a9811e58cd0'}, 'dob': {'date': '1997-02-15T17:04:27.422Z', 'age': 27}, 'registered': {'date': '2006-02-11T03:25:51.349Z', 'age': 18}, 'phone': '9777781553', 'cell': '9195745263', 'id': {'name': 'UIDAI', 'value': '975234089694'}, 'picture': {'large': 'https://randomuser.me/api/portraits/women/43.jpg', 'medium': 'https://randomuser.me/api/portraits/med/women/43.jpg', 'thumbnail': 'https://randomuser.me/api/portraits/thumb/women/43.jpg'}, 'nat': 'IN'}], 'info': {'seed': 'fe3a7c06a1c57fb2', 'results': 1, 'page': 1, 'version': '1.4'}}</msg>
<arg>${json_data}</arg>
<doc>Logs the given message with the given level.</doc>
<status status="PASS" start="2024-03-24T05:13:04.049156" elapsed="0.000212"/>
</kw>
<kw name="Dictionary Should Contain Key" owner="Collections">
<msg time="2024-03-24T05:13:04.049828" level="INFO">False</msg>
<arg>${json_data}</arg>
<arg>results</arg>
<doc>Fails if ``key`` is not found from ``dictionary``.</doc>
<status status="PASS" start="2024-03-24T05:13:04.049668" elapsed="0.000197"/>
</kw>
<kw name="Should Not Be Empty" owner="BuiltIn">
<msg time="2024-03-24T05:13:04.050296" level="INFO">Length is 2.</msg>
<arg>${json_data}</arg>
<doc>Verifies that the given item is not empty.</doc>
<status status="PASS" start="2024-03-24T05:13:04.050162" elapsed="0.000174"/>
</kw>
<kw name="Create List" owner="BuiltIn">
<msg time="2024-03-24T05:13:04.050785" level="INFO">${expected_keys} = ['gender', 'name', 'location', 'email', 'login']</msg>
<var>${expected_keys}</var>
<arg>gender</arg>
<arg>name</arg>
<arg>location</arg>
<arg>email</arg>
<arg>login</arg>
<doc>Returns a list containing given items.</doc>
<status status="PASS" start="2024-03-24T05:13:04.050636" elapsed="0.000174"/>
</kw>
<for flavor="IN">
<iter>
<kw name="Dictionary Should Contain Key" owner="Collections">
<msg time="2024-03-24T05:13:04.051841" level="INFO">False</msg>
<arg>${json_data['results'][0]}</arg>
<arg>${key}</arg>
<doc>Fails if ``key`` is not found from ``dictionary``.</doc>
<status status="PASS" start="2024-03-24T05:13:04.051394" elapsed="0.000487"/>
</kw>
<kw name="Log" owner="BuiltIn">
<msg time="2024-03-24T05:13:04.052559" level="INFO">{'gender': 'female', 'name': {'title': 'Miss', 'first': 'Saloni', 'last': 'Moolya'}, 'location': {'street': {'number': 9312, 'name': 'Hazratganj'}, 'city': 'Gandhinagar', 'state': 'Puducherry', 'country': 'India', 'postcode': 17952, 'coordinates': {'latitude': '9.0005', 'longitude': '98.1710'}, 'timezone': {'offset': '+6:00', 'description': 'Almaty, Dhaka, Colombo'}}, 'email': 'saloni.moolya@example.com', 'login': {'uuid': 'a83ce54b-15c3-478b-8a78-bbe37dccccd1', 'username': 'orangepanda749', 'password': 'house', 'salt': 'wVnCGSUP', 'md5': '81441a2f0fa0a725cb336bf92489b0da', 'sha1': '508eb1c8fab5393cfff2d078f6f9d36b4028859e', 'sha256': '9960533d8993609d5758477beffa45e51882c664aeb0305291536a9811e58cd0'}, 'dob': {'date': '1997-02-15T17:04:27.422Z', 'age': 27}, 'registered': {'date': '2006-02-11T03:25:51.349Z', 'age': 18}, 'phone': '9777781553', 'cell': '9195745263', 'id': {'name': 'UIDAI', 'value': '975234089694'}, 'picture': {'large': 'https://randomuser.me/api/portraits/women/43.jpg', 'medium': 'https://randomuser.me/api/portraits/med/women/43.jpg', 'thumbnail': 'https://randomuser.me/api/portraits/thumb/women/43.jpg'}, 'nat': 'IN'}</msg>
<arg>${json_data['results'][0]}</arg>
<doc>Logs the given message with the given level.</doc>
<status status="PASS" start="2024-03-24T05:13:04.052190" elapsed="0.000421"/>
</kw>
<kw name="Log" owner="BuiltIn">
<msg time="2024-03-24T05:13:04.053048" level="INFO">gender</msg>
<arg>${key}</arg>
<doc>Logs the given message with the given level.</doc>
<status status="PASS" start="2024-03-24T05:13:04.052917" elapsed="0.000168"/>
</kw>
<var name="${key}">gender</var>
<status status="PASS" start="2024-03-24T05:13:04.051268" elapsed="0.002041"/>
</iter>
<iter>
<kw name="Dictionary Should Contain Key" owner="Collections">
<msg time="2024-03-24T05:13:04.054007" level="INFO">False</msg>
<arg>${json_data['results'][0]}</arg>
<arg>${key}</arg>
<doc>Fails if ``key`` is not found from ``dictionary``.</doc>
<status status="PASS" start="2024-03-24T05:13:04.053616" elapsed="0.000428"/>
</kw>
<kw name="Log" owner="BuiltIn">
<msg time="2024-03-24T05:13:04.054746" level="INFO">{'gender': 'female', 'name': {'title': 'Miss', 'first': 'Saloni', 'last': 'Moolya'}, 'location': {'street': {'number': 9312, 'name': 'Hazratganj'}, 'city': 'Gandhinagar', 'state': 'Puducherry', 'country': 'India', 'postcode': 17952, 'coordinates': {'latitude': '9.0005', 'longitude': '98.1710'}, 'timezone': {'offset': '+6:00', 'description': 'Almaty, Dhaka, Colombo'}}, 'email': 'saloni.moolya@example.com', 'login': {'uuid': 'a83ce54b-15c3-478b-8a78-bbe37dccccd1', 'username': 'orangepanda749', 'password': 'house', 'salt': 'wVnCGSUP', 'md5': '81441a2f0fa0a725cb336bf92489b0da', 'sha1': '508eb1c8fab5393cfff2d078f6f9d36b4028859e', 'sha256': '9960533d8993609d5758477beffa45e51882c664aeb0305291536a9811e58cd0'}, 'dob': {'date': '1997-02-15T17:04:27.422Z', 'age': 27}, 'registered': {'date': '2006-02-11T03:25:51.349Z', 'age': 18}, 'phone': '9777781553', 'cell': '9195745263', 'id': {'name': 'UIDAI', 'value': '975234089694'}, 'picture': {'large': 'https://randomuser.me/api/portraits/women/43.jpg', 'medium': 'https://randomuser.me/api/portraits/med/women/43.jpg', 'thumbnail': 'https://randomuser.me/api/portraits/thumb/women/43.jpg'}, 'nat': 'IN'}</msg>
<arg>${json_data['results'][0]}</arg>
<doc>Logs the given message with the given level.</doc>
<status status="PASS" start="2024-03-24T05:13:04.054380" elapsed="0.000413"/>
</kw>
<kw name="Log" owner="BuiltIn">
<msg time="2024-03-24T05:13:04.055222" level="INFO">name</msg>
<arg>${key}</arg>
<doc>Logs the given message with the given level.</doc>
<status status="PASS" start="2024-03-24T05:13:04.055093" elapsed="0.000167"/>
</kw>
<var name="${key}">name</var>
<status status="PASS" start="2024-03-24T05:13:04.053499" elapsed="0.001979"/>
</iter>
<iter>
<kw name="Dictionary Should Contain Key" owner="Collections">
<msg time="2024-03-24T05:13:04.056183" level="INFO">False</msg>
<arg>${json_data['results'][0]}</arg>
<arg>${key}</arg>
<doc>Fails if ``key`` is not found from ``dictionary``.</doc>
<status status="PASS" start="2024-03-24T05:13:04.055799" elapsed="0.000422"/>
</kw>
<kw name="Log" owner="BuiltIn">
<msg time="2024-03-24T05:13:04.056888" level="INFO">{'gender': 'female', 'name': {'title': 'Miss', 'first': 'Saloni', 'last': 'Moolya'}, 'location': {'street': {'number': 9312, 'name': 'Hazratganj'}, 'city': 'Gandhinagar', 'state': 'Puducherry', 'country': 'India', 'postcode': 17952, 'coordinates': {'latitude': '9.0005', 'longitude': '98.1710'}, 'timezone': {'offset': '+6:00', 'description': 'Almaty, Dhaka, Colombo'}}, 'email': 'saloni.moolya@example.com', 'login': {'uuid': 'a83ce54b-15c3-478b-8a78-bbe37dccccd1', 'username': 'orangepanda749', 'password': 'house', 'salt': 'wVnCGSUP', 'md5': '81441a2f0fa0a725cb336bf92489b0da', 'sha1': '508eb1c8fab5393cfff2d078f6f9d36b4028859e', 'sha256': '9960533d8993609d5758477beffa45e51882c664aeb0305291536a9811e58cd0'}, 'dob': {'date': '1997-02-15T17:04:27.422Z', 'age': 27}, 'registered': {'date': '2006-02-11T03:25:51.349Z', 'age': 18}, 'phone': '9777781553', 'cell': '9195745263', 'id': {'name': 'UIDAI', 'value': '975234089694'}, 'picture': {'large': 'https://randomuser.me/api/portraits/women/43.jpg', 'medium': 'https://randomuser.me/api/portraits/med/women/43.jpg', 'thumbnail': 'https://randomuser.me/api/portraits/thumb/women/43.jpg'}, 'nat': 'IN'}</msg>
<arg>${json_data['results'][0]}</arg>
<doc>Logs the given message with the given level.</doc>
<status status="PASS" start="2024-03-24T05:13:04.056522" elapsed="0.000418"/>
</kw>
<kw name="Log" owner="BuiltIn">
<msg time="2024-03-24T05:13:04.057364" level="INFO">location</msg>
<arg>${key}</arg>
<doc>Logs the given message with the given level.</doc>
<status status="PASS" start="2024-03-24T05:13:04.057236" elapsed="0.000167"/>
</kw>
<var name="${key}">location</var>
<status status="PASS" start="2024-03-24T05:13:04.055680" elapsed="0.001942"/>
</iter>
<iter>
<kw name="Dictionary Should Contain Key" owner="Collections">
<msg time="2024-03-24T05:13:04.058286" level="INFO">False</msg>
<arg>${json_data['results'][0]}</arg>
<arg>${key}</arg>
<doc>Fails if ``key`` is not found from ``dictionary``.</doc>
<status status="PASS" start="2024-03-24T05:13:04.057906" elapsed="0.000418"/>
</kw>
<kw name="Log" owner="BuiltIn">
<msg time="2024-03-24T05:13:04.058986" level="INFO">{'gender': 'female', 'name': {'title': 'Miss', 'first': 'Saloni', 'last': 'Moolya'}, 'location': {'street': {'number': 9312, 'name': 'Hazratganj'}, 'city': 'Gandhinagar', 'state': 'Puducherry', 'country': 'India', 'postcode': 17952, 'coordinates': {'latitude': '9.0005', 'longitude': '98.1710'}, 'timezone': {'offset': '+6:00', 'description': 'Almaty, Dhaka, Colombo'}}, 'email': 'saloni.moolya@example.com', 'login': {'uuid': 'a83ce54b-15c3-478b-8a78-bbe37dccccd1', 'username': 'orangepanda749', 'password': 'house', 'salt': 'wVnCGSUP', 'md5': '81441a2f0fa0a725cb336bf92489b0da', 'sha1': '508eb1c8fab5393cfff2d078f6f9d36b4028859e', 'sha256': '9960533d8993609d5758477beffa45e51882c664aeb0305291536a9811e58cd0'}, 'dob': {'date': '1997-02-15T17:04:27.422Z', 'age': 27}, 'registered': {'date': '2006-02-11T03:25:51.349Z', 'age': 18}, 'phone': '9777781553', 'cell': '9195745263', 'id': {'name': 'UIDAI', 'value': '975234089694'}, 'picture': {'large': 'https://randomuser.me/api/portraits/women/43.jpg', 'medium': 'https://randomuser.me/api/portraits/med/women/43.jpg', 'thumbnail': 'https://randomuser.me/api/portraits/thumb/women/43.jpg'}, 'nat': 'IN'}</msg>
<arg>${json_data['results'][0]}</arg>
<doc>Logs the given message with the given level.</doc>
<status status="PASS" start="2024-03-24T05:13:04.058624" elapsed="0.000410"/>
</kw>
<kw name="Log" owner="BuiltIn">
<msg time="2024-03-24T05:13:04.059456" level="INFO">email</msg>
<arg>${key}</arg>
<doc>Logs the given message with the given level.</doc>
<status status="PASS" start="2024-03-24T05:13:04.059330" elapsed="0.000163"/>
</kw>
<var name="${key}">email</var>
<status status="PASS" start="2024-03-24T05:13:04.057796" elapsed="0.001935"/>
</iter>
<iter>
<kw name="Dictionary Should Contain Key" owner="Collections">
<msg time="2024-03-24T05:13:04.060411" level="INFO">False</msg>
<arg>${json_data['results'][0]}</arg>
<arg>${key}</arg>
<doc>Fails if ``key`` is not found from ``dictionary``.</doc>
<status status="PASS" start="2024-03-24T05:13:04.060021" elapsed="0.000428"/>
</kw>
<kw name="Log" owner="BuiltIn">
<msg time="2024-03-24T05:13:04.061112" level="INFO">{'gender': 'female', 'name': {'title': 'Miss', 'first': 'Saloni', 'last': 'Moolya'}, 'location': {'street': {'number': 9312, 'name': 'Hazratganj'}, 'city': 'Gandhinagar', 'state': 'Puducherry', 'country': 'India', 'postcode': 17952, 'coordinates': {'latitude': '9.0005', 'longitude': '98.1710'}, 'timezone': {'offset': '+6:00', 'description': 'Almaty, Dhaka, Colombo'}}, 'email': 'saloni.moolya@example.com', 'login': {'uuid': 'a83ce54b-15c3-478b-8a78-bbe37dccccd1', 'username': 'orangepanda749', 'password': 'house', 'salt': 'wVnCGSUP', 'md5': '81441a2f0fa0a725cb336bf92489b0da', 'sha1': '508eb1c8fab5393cfff2d078f6f9d36b4028859e', 'sha256': '9960533d8993609d5758477beffa45e51882c664aeb0305291536a9811e58cd0'}, 'dob': {'date': '1997-02-15T17:04:27.422Z', 'age': 27}, 'registered': {'date': '2006-02-11T03:25:51.349Z', 'age': 18}, 'phone': '9777781553', 'cell': '9195745263', 'id': {'name': 'UIDAI', 'value': '975234089694'}, 'picture': {'large': 'https://randomuser.me/api/portraits/women/43.jpg', 'medium': 'https://randomuser.me/api/portraits/med/women/43.jpg', 'thumbnail': 'https://randomuser.me/api/portraits/thumb/women/43.jpg'}, 'nat': 'IN'}</msg>
<arg>${json_data['results'][0]}</arg>
<doc>Logs the given message with the given level.</doc>
<status status="PASS" start="2024-03-24T05:13:04.060745" elapsed="0.000420"/>
</kw>
<kw name="Log" owner="BuiltIn">
<msg time="2024-03-24T05:13:04.061602" level="INFO">login</msg>
<arg>${key}</arg>
<doc>Logs the given message with the given level.</doc>
<status status="PASS" start="2024-03-24T05:13:04.061464" elapsed="0.000285"/>
</kw>
<var name="${key}">login</var>
<status status="PASS" start="2024-03-24T05:13:04.059905" elapsed="0.002073"/>
</iter>
<var>${key}</var>
<value>@{expected_keys}</value>
<status status="PASS" start="2024-03-24T05:13:04.051072" elapsed="0.011057"/>
</for>
<kw name="Create List" owner="BuiltIn">
<msg time="2024-03-24T05:13:04.062471" level="INFO">${expected_keysTwo} = ['username', 'password']</msg>
<var>${expected_keysTwo}</var>
<arg>username</arg>
<arg>password</arg>
<doc>Returns a list containing given items.</doc>
<status status="PASS" start="2024-03-24T05:13:04.062332" elapsed="0.000163"/>
</kw>
<for flavor="IN">
<iter>
<kw name="Dictionary Should Contain Key" owner="Collections">
<msg time="2024-03-24T05:13:04.063384" level="INFO">False</msg>
<arg>${json_data['results'][0]['login']}</arg>
<arg>${keyTwo}</arg>
<doc>Fails if ``key`` is not found from ``dictionary``.</doc>
<status status="PASS" start="2024-03-24T05:13:04.062998" elapsed="0.000423"/>
</kw>
<kw name="Dictionary Should Contain Key" owner="Collections">
<msg time="2024-03-24T05:13:04.064125" level="INFO">False</msg>
<arg>${json_data['results'][0]['login']}</arg>
<arg>${keyTwo}</arg>
<doc>Fails if ``key`` is not found from ``dictionary``.</doc>
<status status="PASS" start="2024-03-24T05:13:04.063743" elapsed="0.000419"/>
</kw>
<kw name="Log" owner="BuiltIn">
<msg time="2024-03-24T05:13:04.064586" level="INFO">username</msg>
<arg>${keyTwo}</arg>
<doc>Logs the given message with the given level.</doc>
<status status="PASS" start="2024-03-24T05:13:04.064458" elapsed="0.000165"/>
</kw>
<var name="${keyTwo}">username</var>
<status status="PASS" start="2024-03-24T05:13:04.062885" elapsed="0.001955"/>
</iter>
<iter>
<kw name="Dictionary Should Contain Key" owner="Collections">
<msg time="2024-03-24T05:13:04.065495" level="INFO">False</msg>
<arg>${json_data['results'][0]['login']}</arg>
<arg>${keyTwo}</arg>
<doc>Fails if ``key`` is not found from ``dictionary``.</doc>
<status status="PASS" start="2024-03-24T05:13:04.065122" elapsed="0.000409"/>
</kw>
<kw name="Dictionary Should Contain Key" owner="Collections">
<msg time="2024-03-24T05:13:04.066203" level="INFO">False</msg>
<arg>${json_data['results'][0]['login']}</arg>
<arg>${keyTwo}</arg>
<doc>Fails if ``key`` is not found from ``dictionary``.</doc>
<status status="PASS" start="2024-03-24T05:13:04.065828" elapsed="0.000412"/>
</kw>
<kw name="Log" owner="BuiltIn">
<msg time="2024-03-24T05:13:04.066661" level="INFO">password</msg>
<arg>${keyTwo}</arg>
<doc>Logs the given message with the given level.</doc>
<status status="PASS" start="2024-03-24T05:13:04.066533" elapsed="0.000165"/>
</kw>
<var name="${keyTwo}">password</var>
<status status="PASS" start="2024-03-24T05:13:04.065012" elapsed="0.001903"/>
</iter>
<var>${keyTwo}</var>
<value>@{expected_keysTwo}</value>
<status status="PASS" start="2024-03-24T05:13:04.062735" elapsed="0.004303"/>
</for>
<status status="PASS" start="2024-03-24T05:13:03.945184" elapsed="0.121996"/>
</kw>
<doc>Testa a estrutura da resposta da API.</doc>
<tag>testeEstruturaResposta</tag>
<status status="PASS" start="2024-03-24T05:13:03.944568" elapsed="0.122781"/>
</test>
<test id="s1-s1-t4" name="Validar tipos de dados" line="28">
<kw name="Teste de Tipos de Dados" owner="random-user-service">
<kw name="GET On Session" owner="RequestsLibrary">
<msg time="2024-03-24T05:13:04.145422" level="INFO">GET Request : url=https://randomuser.me/api 
 path_url=/api 
 headers={'User-Agent': 'python-requests/2.31.0', 'Accept-Encoding': 'gzip, deflate', 'Accept': '*/*', 'Connection': 'keep-alive'} 
 body=None 
 </msg>
<msg time="2024-03-24T05:13:04.145502" level="INFO">GET Response : url=https://randomuser.me/api 
 status=200, reason=OK 
 headers={'Date': 'Sun, 24 Mar 2024 05:13:04 GMT', 'Content-Type': 'application/json; charset=utf-8', 'Transfer-Encoding': 'chunked', 'Connection': 'keep-alive', 'X-Powered-By': 'Express', 'Access-Control-Allow-Origin': '*', 'Cache-Control': 'no-cache', 'ETag': 'W/"4a6-XMhV1Vb9exgfrcwz8CtctFIGc/g"', 'Vary': 'Accept-Encoding', 'Content-Encoding': 'gzip', 'CF-Cache-Status': 'DYNAMIC', 'Report-To': '{"endpoints":[{"url":"https:\\/\\/a.nel.cloudflare.com\\/report\\/v4?s=KC4Fu9TlDPhGFlEqNztxYZodIjd7TDeickaqyZSNfzfz1qEo0efMLN92rP6PoI3%2B%2F47EfW2OImp2pTSu%2FvOFyJ%2FO2xWcZpxjT9Sb3jOS6hPN%2BvXLp8vaMfruyYG2rLFR"}],"group":"cf-nel","max_age":604800}', 'NEL': '{"success_fraction":0,"report_to":"cf-nel","max_age":604800}', 'Server': 'cloudflare', 'CF-RAY': '86942b787ac8241a-IAD', 'alt-svc': 'h3=":443"; ma=86400'} 
 body={"results":[{"gender":"male","name":{"title":"Mr","first":"Alexandre","last":"Jones"},"location":{"street":{"number":9315,"name":"St. Catherine St"},"city":"Maitland","state":"Prince Edward Island","country":"Canada","postcode":"H7C 3F9","coordinates":{"latitude":"-65.3435","longitude":"-51.1705"},"timezone":{"offset":"+11:00","description":"Magadan, Solomon Islands, New Caledonia"}},"email":"alexandre.jones@example.com","login":{"uuid":"07fed9ce-ae01-4e3d-a692-8d7c0900bed1","username":"organicdog579","password":"greece","salt":"P3ag4mZi","md5":"6dc1b9220d2b5a3bf49fbfbbbcc76b90","sha1":"c4de428d9cc757f6c5c95b87cfa3d18dead6c4ba","sha256":"551885ed3e9c2502b5354839255cb50322f6f2436200a05f6a1c2dc5a114f4f7"},"dob":{"date":"1993-02-20T22:49:36.586Z","age":31},"registered":{"date":"2011-11-17T04:12:35.806Z","age":12},"phone":"A50 A79-8004","cell":"W98 K91-0132","id":{"name":"SIN","value":"545719635"},"picture":{"large":"https://randomuser.me/api/portraits/men/77.jpg","medium":"https://randomuser.me/api/portraits/med/men/77.jpg","thumbnail":"https://randomuser.me/api/portraits/thumb/men/77.jpg"},"nat":"CA"}],"info":{"seed":"9f8c756ebd589dec","results":1,"page":1,"version":"1.4"}} 
 </msg>
<msg time="2024-03-24T05:13:04.145562" level="INFO">/opt/hostedtoolcache/Python/3.12.2/x64/lib/python3.12/site-packages/urllib3/connectionpool.py:1103: InsecureRequestWarning: Unverified HTTPS request is being made to host 'randomuser.me'. Adding certificate verification is strongly advised. See: https://urllib3.readthedocs.io/en/latest/advanced-usage.html#tls-warnings
  warnings.warn(</msg>
<msg time="2024-03-24T05:13:04.145673" level="INFO">${response} = &lt;Response [200]&gt;</msg>
<var>${response}</var>
<arg>consultarAPI</arg>
<arg>/api</arg>
<doc>Sends a GET request on a previously created HTTP Session.</doc>
<status status="PASS" start="2024-03-24T05:13:04.069859" elapsed="0.075853"/>
</kw>
<kw name="Set Variable" owner="BuiltIn">
<msg time="2024-03-24T05:13:04.146621" level="INFO">${json_data} = {'results': [{'gender': 'male', 'name': {'title': 'Mr', 'first': 'Alexandre', 'last': 'Jones'}, 'location': {'street': {'number': 9315, 'name': 'St. Catherine St'}, 'city': 'Maitland', 'state': 'Princ...</msg>
<var>${json_data}</var>
<arg>${response.json()}</arg>
<doc>Returns the given values which can then be assigned to a variables.</doc>
<status status="PASS" start="2024-03-24T05:13:04.146143" elapsed="0.000506"/>
</kw>
<kw name="Log" owner="BuiltIn">
<msg time="2024-03-24T05:13:04.147124" level="INFO">{'results': [{'gender': 'male', 'name': {'title': 'Mr', 'first': 'Alexandre', 'last': 'Jones'}, 'location': {'street': {'number': 9315, 'name': 'St. Catherine St'}, 'city': 'Maitland', 'state': 'Prince Edward Island', 'country': 'Canada', 'postcode': 'H7C 3F9', 'coordinates': {'latitude': '-65.3435', 'longitude': '-51.1705'}, 'timezone': {'offset': '+11:00', 'description': 'Magadan, Solomon Islands, New Caledonia'}}, 'email': 'alexandre.jones@example.com', 'login': {'uuid': '07fed9ce-ae01-4e3d-a692-8d7c0900bed1', 'username': 'organicdog579', 'password': 'greece', 'salt': 'P3ag4mZi', 'md5': '6dc1b9220d2b5a3bf49fbfbbbcc76b90', 'sha1': 'c4de428d9cc757f6c5c95b87cfa3d18dead6c4ba', 'sha256': '551885ed3e9c2502b5354839255cb50322f6f2436200a05f6a1c2dc5a114f4f7'}, 'dob': {'date': '1993-02-20T22:49:36.586Z', 'age': 31}, 'registered': {'date': '2011-11-17T04:12:35.806Z', 'age': 12}, 'phone': 'A50 A79-8004', 'cell': 'W98 K91-0132', 'id': {'name': 'SIN', 'value': '545719635'}, 'picture': {'large': 'https://randomuser.me/api/portraits/men/77.jpg', 'medium': 'https://randomuser.me/api/portraits/med/men/77.jpg', 'thumbnail': 'https://randomuser.me/api/portraits/thumb/men/77.jpg'}, 'nat': 'CA'}], 'info': {'seed': '9f8c756ebd589dec', 'results': 1, 'page': 1, 'version': '1.4'}}</msg>
<arg>${json_data}</arg>
<doc>Logs the given message with the given level.</doc>
<status status="PASS" start="2024-03-24T05:13:04.146962" elapsed="0.000246"/>
</kw>
<kw name="Should Be String" owner="String">
<arg>${json_data['results'][0]['gender']}</arg>
<doc>Fails if the given ``item`` is not a string.</doc>
<status status="PASS" start="2024-03-24T05:13:04.147516" elapsed="0.000390"/>
</kw>
<kw name="Should Match Regexp" owner="BuiltIn">
<arg>${json_data['results'][0]['email']}</arg>
<arg>^[a-zA-Z0-9._%+-]+@[a-zA-Z0-9.-]+\.[a-zA-Z]{2,}$</arg>
<doc>Fails if ``string`` does not match ``pattern`` as a regular expression.</doc>
<status status="PASS" start="2024-03-24T05:13:04.148101" elapsed="0.000529"/>
</kw>
<kw name="Should Match Regexp" owner="BuiltIn">
<arg>${json_data['results'][0]['dob']['date']}</arg>
<arg>\\d{4}-\\d{2}-\\d{2}T\\d{2}:\\d{2}:\\d{2}\\.\\d{3}Z</arg>
<doc>Fails if ``string`` does not match ``pattern`` as a regular expression.</doc>
<status status="PASS" start="2024-03-24T05:13:04.148831" elapsed="0.000496"/>
</kw>
<kw name="Should Match Regexp" owner="BuiltIn">
<arg>${json_data['results'][0]['registered']['date']}</arg>
<arg>\\d{4}-\\d{2}-\\d{2}T\\d{2}:\\d{2}:\\d{2}\\.\\d{3}Z</arg>
<doc>Fails if ``string`` does not match ``pattern`` as a regular expression.</doc>
<status status="PASS" start="2024-03-24T05:13:04.149524" elapsed="0.000381"/>
</kw>
<kw name="Should Match Regexp" owner="BuiltIn">
<arg>${json_data['results'][0]['picture']['large']}</arg>
<arg>^https?://.*\.(?:png|jpe?g|gif|bmp)$</arg>
<doc>Fails if ``string`` does not match ``pattern`` as a regular expression.</doc>
<status status="PASS" start="2024-03-24T05:13:04.150096" elapsed="0.000463"/>
</kw>
<kw name="Should Match Regexp" owner="BuiltIn">
<arg>${json_data['results'][0]['picture']['medium']}</arg>
<arg>^https?://.*\.(?:png|jpe?g|gif|bmp)$</arg>
<doc>Fails if ``string`` does not match ``pattern`` as a regular expression.</doc>
<status status="PASS" start="2024-03-24T05:13:04.150750" elapsed="0.000359"/>
</kw>
<kw name="Should Match Regexp" owner="BuiltIn">
<arg>${json_data['results'][0]['picture']['thumbnail']}</arg>
<arg>^https?://.*\.(?:png|jpe?g|gif|bmp)$</arg>
<doc>Fails if ``string`` does not match ``pattern`` as a regular expression.</doc>
<status status="PASS" start="2024-03-24T05:13:04.151297" elapsed="0.000382"/>
</kw>
<kw name="Log" owner="BuiltIn">
<msg time="2024-03-24T05:13:04.152199" level="INFO">{'large': 'https://randomuser.me/api/portraits/men/77.jpg', 'medium': 'https://randomuser.me/api/portraits/med/men/77.jpg', 'thumbnail': 'https://randomuser.me/api/portraits/thumb/men/77.jpg'}</msg>
<arg>${json_data['results'][0]['picture']}</arg>
<doc>Logs the given message with the given level.</doc>
<status status="PASS" start="2024-03-24T05:13:04.151865" elapsed="0.000381"/>
</kw>
<status status="PASS" start="2024-03-24T05:13:04.069619" elapsed="0.082886"/>
</kw>
<kw name="Teste de Tipos de Dados - Postcode" owner="random-user-service">
<kw name="GET On Session" owner="RequestsLibrary">
<msg time="2024-03-24T05:13:04.251726" level="INFO">GET Request : url=https://randomuser.me/api 
 path_url=/api 
 headers={'User-Agent': 'python-requests/2.31.0', 'Accept-Encoding': 'gzip, deflate', 'Accept': '*/*', 'Connection': 'keep-alive'} 
 body=None 
 </msg>
<msg time="2024-03-24T05:13:04.251822" level="INFO">GET Response : url=https://randomuser.me/api 
 status=200, reason=OK 
 headers={'Date': 'Sun, 24 Mar 2024 05:13:04 GMT', 'Content-Type': 'application/json; charset=utf-8', 'Transfer-Encoding': 'chunked', 'Connection': 'keep-alive', 'X-Powered-By': 'Express', 'Access-Control-Allow-Origin': '*', 'Cache-Control': 'no-cache', 'ETag': 'W/"483-BRHqcP2DMvx19Rx68AMy+R7EXgE"', 'Vary': 'Accept-Encoding', 'Content-Encoding': 'gzip', 'CF-Cache-Status': 'DYNAMIC', 'Report-To': '{"endpoints":[{"url":"https:\\/\\/a.nel.cloudflare.com\\/report\\/v4?s=6nHEAVZR7UpufxL273mXDm1LA0X3QmS2bfGKDDFYLDO%2F5Kveymqa5FHPBJ2d9Tzdl%2BKLjLJFLhCEvct4C%2BVv47SKH0dsA4iSH0YA6Pl4I578oOnr277qxwdX9EYqUktr"}],"group":"cf-nel","max_age":604800}', 'NEL': '{"success_fraction":0,"report_to":"cf-nel","max_age":604800}', 'Server': 'cloudflare', 'CF-RAY': '86942b78fb29241a-IAD', 'alt-svc': 'h3=":443"; ma=86400'} 
 body={"results":[{"gender":"female","name":{"title":"Ms","first":"Elif","last":"Gönültaş"},"location":{"street":{"number":8358,"name":"Bağdat Cd"},"city":"Samsun","state":"Adıyaman","country":"Turkey","postcode":89994,"coordinates":{"latitude":"65.5504","longitude":"164.1875"},"timezone":{"offset":"-1:00","description":"Azores, Cape Verde Islands"}},"email":"elif.gonultas@example.com","login":{"uuid":"56f6dda0-e3df-46b1-b10a-4e09269faf7e","username":"purpleelephant907","password":"1964","salt":"n10xQdEh","md5":"ee8434a8faa3495e54c1ca3e11714eb3","sha1":"cca41a15d491e3be27a6e172264227236ac3c18a","sha256":"55f2f516491930fa1a43520ce2b860850b8031cafdc273b422a0cbb118ad9775"},"dob":{"date":"1947-09-27T01:08:02.490Z","age":76},"registered":{"date":"2013-10-24T14:00:19.900Z","age":10},"phone":"(369)-694-9712","cell":"(309)-601-3407","id":{"name":"","value":null},"picture":{"large":"https://randomuser.me/api/portraits/women/17.jpg","medium":"https://randomuser.me/api/portraits/med/women/17.jpg","thumbnail":"https://randomuser.me/api/portraits/thumb/women/17.jpg"},"nat":"TR"}],"info":{"seed":"d5ade89000b2bc03","results":1,"page":1,"version":"1.4"}} 
 </msg>
<msg time="2024-03-24T05:13:04.251909" level="INFO">/opt/hostedtoolcache/Python/3.12.2/x64/lib/python3.12/site-packages/urllib3/connectionpool.py:1103: InsecureRequestWarning: Unverified HTTPS request is being made to host 'randomuser.me'. Adding certificate verification is strongly advised. See: https://urllib3.readthedocs.io/en/latest/advanced-usage.html#tls-warnings
  warnings.warn(</msg>
<msg time="2024-03-24T05:13:04.252025" level="INFO">${response} = &lt;Response [200]&gt;</msg>
<var>${response}</var>
<arg>consultarAPI</arg>
<arg>/api</arg>
<doc>Sends a GET request on a previously created HTTP Session.</doc>
<status status="PASS" start="2024-03-24T05:13:04.153106" elapsed="0.098962"/>
</kw>
<kw name="Set Variable" owner="BuiltIn">
<msg time="2024-03-24T05:13:04.253192" level="INFO">${json_data} = {'results': [{'gender': 'female', 'name': {'title': 'Ms', 'first': 'Elif', 'last': 'Gönültaş'}, 'location': {'street': {'number': 8358, 'name': 'Bağdat Cd'}, 'city': 'Samsun', 'state': 'Adıyaman', 'co...</msg>
<var>${json_data}</var>
<arg>${response.json()}</arg>
<doc>Returns the given values which can then be assigned to a variables.</doc>
<status status="PASS" start="2024-03-24T05:13:04.252650" elapsed="0.000573"/>
</kw>
<kw name="Log" owner="BuiltIn">
<msg time="2024-03-24T05:13:04.253703" level="INFO">{'results': [{'gender': 'female', 'name': {'title': 'Ms', 'first': 'Elif', 'last': 'Gönültaş'}, 'location': {'street': {'number': 8358, 'name': 'Bağdat Cd'}, 'city': 'Samsun', 'state': 'Adıyaman', 'country': 'Turkey', 'postcode': 89994, 'coordinates': {'latitude': '65.5504', 'longitude': '164.1875'}, 'timezone': {'offset': '-1:00', 'description': 'Azores, Cape Verde Islands'}}, 'email': 'elif.gonultas@example.com', 'login': {'uuid': '56f6dda0-e3df-46b1-b10a-4e09269faf7e', 'username': 'purpleelephant907', 'password': '1964', 'salt': 'n10xQdEh', 'md5': 'ee8434a8faa3495e54c1ca3e11714eb3', 'sha1': 'cca41a15d491e3be27a6e172264227236ac3c18a', 'sha256': '55f2f516491930fa1a43520ce2b860850b8031cafdc273b422a0cbb118ad9775'}, 'dob': {'date': '1947-09-27T01:08:02.490Z', 'age': 76}, 'registered': {'date': '2013-10-24T14:00:19.900Z', 'age': 10}, 'phone': '(369)-694-9712', 'cell': '(309)-601-3407', 'id': {'name': '', 'value': None}, 'picture': {'large': 'https://randomuser.me/api/portraits/women/17.jpg', 'medium': 'https://randomuser.me/api/portraits/med/women/17.jpg', 'thumbnail': 'https://randomuser.me/api/portraits/thumb/women/17.jpg'}, 'nat': 'TR'}], 'info': {'seed': 'd5ade89000b2bc03', 'results': 1, 'page': 1, 'version': '1.4'}}</msg>
<arg>${json_data}</arg>
<doc>Logs the given message with the given level.</doc>
<status status="PASS" start="2024-03-24T05:13:04.253539" elapsed="0.000248"/>
</kw>
<kw name="Should Be Equal As Numbers" owner="BuiltIn">
<arg>${json_data['results'][0]['location']['postcode']}</arg>
<arg>${json_data['results'][0]['location']['postcode']}</arg>
<doc>Fails if objects are unequal after converting them to real numbers.</doc>
<status status="PASS" start="2024-03-24T05:13:04.254091" elapsed="0.000643"/>
</kw>
<kw name="Log" owner="BuiltIn">
<msg time="2024-03-24T05:13:04.255292" level="INFO">89994</msg>
<arg>${json_data['results'][0]['location']['postcode']}</arg>
<doc>Logs the given message with the given level.</doc>
<status status="PASS" start="2024-03-24T05:13:04.254955" elapsed="0.000377"/>
</kw>
<status status="PASS" start="2024-03-24T05:13:04.152733" elapsed="0.102878"/>
</kw>
<doc>Testa se os tipos de dados na resposta da API estão corretos.</doc>
<tag>testeTiposDados</tag>
<status status="PASS" start="2024-03-24T05:13:04.069149" elapsed="0.186645"/>
</test>
<test id="s1-s1-t5" name="Validar conteudo" line="35">
<kw name="Teste de Tipos de Conteudo" owner="random-user-service">
<kw name="GET On Session" owner="RequestsLibrary">
<msg time="2024-03-24T05:13:04.342325" level="INFO">GET Request : url=https://randomuser.me/api 
 path_url=/api 
 headers={'User-Agent': 'python-requests/2.31.0', 'Accept-Encoding': 'gzip, deflate', 'Accept': '*/*', 'Connection': 'keep-alive'} 
 body=None 
 </msg>
<msg time="2024-03-24T05:13:04.342436" level="INFO">GET Response : url=https://randomuser.me/api 
 status=200, reason=OK 
 headers={'Date': 'Sun, 24 Mar 2024 05:13:04 GMT', 'Content-Type': 'application/json; charset=utf-8', 'Transfer-Encoding': 'chunked', 'Connection': 'keep-alive', 'X-Powered-By': 'Express', 'Access-Control-Allow-Origin': '*', 'Cache-Control': 'no-cache', 'ETag': 'W/"476-8oLaRntciNf6wxljK+/J3qnKhN0"', 'Vary': 'Accept-Encoding', 'Content-Encoding': 'gzip', 'CF-Cache-Status': 'DYNAMIC', 'Report-To': '{"endpoints":[{"url":"https:\\/\\/a.nel.cloudflare.com\\/report\\/v4?s=%2F8deW40xkAQcd1QolPXAT5I6r%2FF2kwvo41vRN%2Fff5S1BF2IMdUk8F1Z%2B3fRmFYIUoI9C%2F%2F2acIumaQK6joFAfaXiHZKq%2FXFLkDpNqlKgS5gHVXPbpKv%2Fh5vN6T2A31HR"}],"group":"cf-nel","max_age":604800}', 'NEL': '{"success_fraction":0,"report_to":"cf-nel","max_age":604800}', 'Server': 'cloudflare', 'CF-RAY': '86942b799ba5241a-IAD', 'alt-svc': 'h3=":443"; ma=86400'} 
 body={"results":[{"gender":"female","name":{"title":"Mrs","first":"Edel","last":"Lundemo"},"location":{"street":{"number":4353,"name":"Henrik Ibsens gate"},"city":"Kodal","state":"Hordaland","country":"Norway","postcode":"4053","coordinates":{"latitude":"42.1135","longitude":"127.0977"},"timezone":{"offset":"-3:30","description":"Newfoundland"}},"email":"edel.lundemo@example.com","login":{"uuid":"38646565-fb17-4113-a0ec-8c69a66b6a62","username":"smallleopard787","password":"taco","salt":"UeBeho5a","md5":"2c1aa7355764eff6717fc91e254475d8","sha1":"3c6107be91c8215e0fc91af7a0b303b9dfb07853","sha256":"787dc779af922f8ce85a9d06041cffeac94473b7dec6b228b597a80e04532b0c"},"dob":{"date":"1966-05-14T22:24:36.649Z","age":57},"registered":{"date":"2014-03-02T10:30:33.902Z","age":10},"phone":"54636411","cell":"48245759","id":{"name":"FN","value":"14056625055"},"picture":{"large":"https://randomuser.me/api/portraits/women/61.jpg","medium":"https://randomuser.me/api/portraits/med/women/61.jpg","thumbnail":"https://randomuser.me/api/portraits/thumb/women/61.jpg"},"nat":"NO"}],"info":{"seed":"c5c86068943aa769","results":1,"page":1,"version":"1.4"}} 
 </msg>
<msg time="2024-03-24T05:13:04.342513" level="INFO">/opt/hostedtoolcache/Python/3.12.2/x64/lib/python3.12/site-packages/urllib3/connectionpool.py:1103: InsecureRequestWarning: Unverified HTTPS request is being made to host 'randomuser.me'. Adding certificate verification is strongly advised. See: https://urllib3.readthedocs.io/en/latest/advanced-usage.html#tls-warnings
  warnings.warn(</msg>
<msg time="2024-03-24T05:13:04.342653" level="INFO">${response} = &lt;Response [200]&gt;</msg>
<var>${response}</var>
<arg>consultarAPI</arg>
<arg>/api</arg>
<doc>Sends a GET request on a previously created HTTP Session.</doc>
<status status="PASS" start="2024-03-24T05:13:04.258378" elapsed="0.084322"/>
</kw>
<kw name="Set Variable" owner="BuiltIn">
<msg time="2024-03-24T05:13:04.343825" level="INFO">${json_data} = {'results': [{'gender': 'female', 'name': {'title': 'Mrs', 'first': 'Edel', 'last': 'Lundemo'}, 'location': {'street': {'number': 4353, 'name': 'Henrik Ibsens gate'}, 'city': 'Kodal', 'state': 'Hordal...</msg>
<var>${json_data}</var>
<arg>${response.json()}</arg>
<doc>Returns the given values which can then be assigned to a variables.</doc>
<status status="PASS" start="2024-03-24T05:13:04.343258" elapsed="0.000595"/>
</kw>
<kw name="Set Variable" owner="BuiltIn">
<msg time="2024-03-24T05:13:04.344595" level="INFO">${name_title} = Mrs</msg>
<var>${name_title}</var>
<arg>${json_data["results"][0]["name"]["title"]}</arg>
<doc>Returns the given values which can then be assigned to a variables.</doc>
<status status="PASS" start="2024-03-24T05:13:04.344196" elapsed="0.000425"/>
</kw>
<kw name="Create List" owner="BuiltIn">
<msg time="2024-03-24T05:13:04.345095" level="INFO">${allowed_titles} = ['Mr', 'Ms', 'Miss', 'Mrs', 'Madame', 'Monsieur']</msg>
<var>${allowed_titles}</var>
<arg>Mr</arg>
<arg>Ms</arg>
<arg>Miss</arg>
<arg>Mrs</arg>
<arg>Madame</arg>
<arg>Monsieur</arg>
<doc>Returns a list containing given items.</doc>
<status status="PASS" start="2024-03-24T05:13:04.344940" elapsed="0.000180"/>
</kw>
<kw name="List Should Contain Value" owner="Collections">
<msg time="2024-03-24T05:13:04.345627" level="INFO">False</msg>
<arg>${allowed_titles}</arg>
<arg>${name_title}</arg>
<doc>Fails if the ``value`` is not found from ``list``.</doc>
<status status="PASS" start="2024-03-24T05:13:04.345445" elapsed="0.000222"/>
</kw>
<kw name="Set Variable" owner="BuiltIn">
<msg time="2024-03-24T05:13:04.346349" level="INFO">${name_country} = NO</msg>
<var>${name_country}</var>
<arg>${json_data["results"][0]["nat"]}</arg>
<doc>Returns the given values which can then be assigned to a variables.</doc>
<status status="PASS" start="2024-03-24T05:13:04.345963" elapsed="0.000410"/>
</kw>
<kw name="Create List" owner="BuiltIn">
<msg time="2024-03-24T05:13:04.347287" level="INFO">${list_country} = ['AD', 'AE', 'AF', 'AG', 'AI', 'AL', 'AM', 'AO', 'AQ', 'AR', 'AS', 'AT', 'AU', 'AW', 'AX', 'AZ', 'BA', 'BB', 'BD', 'BE', 'BF', 'BG', 'BH', 'BI', 'BJ', 'BL', 'BM', 'BN', 'BO', 'BQ', 'BR', 'BS', 'BT', '...</msg>
<var>${list_country}</var>
<arg>AD</arg>
<arg>AE</arg>
<arg>AF</arg>
<arg>AG</arg>
<arg>AI</arg>
<arg>AL</arg>
<arg>AM</arg>
<arg>AO</arg>
<arg>AQ</arg>
<arg>AR</arg>
<arg>AS</arg>
<arg>AT</arg>
<arg>AU</arg>
<arg>AW</arg>
<arg>AX</arg>
<arg>AZ</arg>
<arg>BA</arg>
<arg>BB</arg>
<arg>BD</arg>
<arg>BE</arg>
<arg>BF</arg>
<arg>BG</arg>
<arg>BH</arg>
<arg>BI</arg>
<arg>BJ</arg>
<arg>BL</arg>
<arg>BM</arg>
<arg>BN</arg>
<arg>BO</arg>
<arg>BQ</arg>
<arg>BR</arg>
<arg>BS</arg>
<arg>BT</arg>
<arg>BV</arg>
<arg>BW</arg>
<arg>BY</arg>
<arg>BZ</arg>
<arg>CA</arg>
<arg>CC</arg>
<arg>CD</arg>
<arg>CF</arg>
<arg>CG</arg>
<arg>CH</arg>
<arg>CI</arg>
<arg>CK</arg>
<arg>CL</arg>
<arg>CM</arg>
<arg>CN</arg>
<arg>CO</arg>
<arg>CR</arg>
<arg>CU</arg>
<arg>CV</arg>
<arg>CW</arg>
<arg>CX</arg>
<arg>CY</arg>
<arg>CZ</arg>
<arg>DE</arg>
<arg>DJ</arg>
<arg>DK</arg>
<arg>DM</arg>
<arg>DO</arg>
<arg>DZ</arg>
<arg>EC</arg>
<arg>EE</arg>
<arg>EG</arg>
<arg>EH</arg>
<arg>ER</arg>
<arg>ES</arg>
<arg>ET</arg>
<arg>FI</arg>
<arg>FJ</arg>
<arg>FK</arg>
<arg>FM</arg>
<arg>FO</arg>
<arg>FR</arg>
<arg>GA</arg>
<arg>GB</arg>
<arg>GD</arg>
<arg>GE</arg>
<arg>GF</arg>
<arg>GG</arg>
<arg>GH</arg>
<arg>GI</arg>
<arg>GL</arg>
<arg>GM</arg>
<arg>GN</arg>
<arg>GP</arg>
<arg>GQ</arg>
<arg>GR</arg>
<arg>GS</arg>
<arg>GT</arg>
<arg>GU</arg>
<arg>GW</arg>
<arg>GY</arg>
<arg>HK</arg>
<arg>HM</arg>
<arg>HN</arg>
<arg>HR</arg>
<arg>HT</arg>
<arg>HU</arg>
<arg>ID</arg>
<arg>IE</arg>
<arg>IL</arg>
<arg>IM</arg>
<arg>IN</arg>
<arg>IO</arg>
<arg>IQ</arg>
<arg>IR</arg>
<arg>IS</arg>
<arg>IT</arg>
<arg>JE</arg>
<arg>JM</arg>
<arg>JO</arg>
<arg>JP</arg>
<arg>KE</arg>
<arg>KG</arg>
<arg>KH</arg>
<arg>KI</arg>
<arg>KM</arg>
<arg>KN</arg>
<arg>KP</arg>
<arg>KR</arg>
<arg>KW</arg>
<arg>KY</arg>
<arg>KZ</arg>
<arg>LA</arg>
<arg>LB</arg>
<arg>LC</arg>
<arg>LI</arg>
<arg>LK</arg>
<arg>LR</arg>
<arg>LS</arg>
<arg>LT</arg>
<arg>LU</arg>
<arg>LV</arg>
<arg>LY</arg>
<arg>MA</arg>
<arg>MC</arg>
<arg>MD</arg>
<arg>ME</arg>
<arg>MF</arg>
<arg>MG</arg>
<arg>MH</arg>
<arg>MK</arg>
<arg>ML</arg>
<arg>MM</arg>
<arg>MN</arg>
<arg>MO</arg>
<arg>MP</arg>
<arg>MQ</arg>
<arg>MR</arg>
<arg>MS</arg>
<arg>MT</arg>
<arg>MU</arg>
<arg>MV</arg>
<arg>MW</arg>
<arg>MX</arg>
<arg>MY</arg>
<arg>MZ</arg>
<arg>NA</arg>
<arg>NC</arg>
<arg>NE</arg>
<arg>NF</arg>
<arg>NG</arg>
<arg>NI</arg>
<arg>NL</arg>
<arg>NO</arg>
<arg>NP</arg>
<arg>NR</arg>
<arg>NU</arg>
<arg>NZ</arg>
<arg>OM</arg>
<arg>PA</arg>
<arg>PE</arg>
<arg>PF</arg>
<arg>PG</arg>
<arg>PH</arg>
<arg>PK</arg>
<arg>PL</arg>
<arg>PM</arg>
<arg>PN</arg>
<arg>PR</arg>
<arg>PS</arg>
<arg>PT</arg>
<arg>PW</arg>
<arg>PY</arg>
<arg>QA</arg>
<arg>RE</arg>
<arg>RO</arg>
<arg>RS</arg>
<arg>RU</arg>
<arg>RW</arg>
<arg>SA</arg>
<arg>SB</arg>
<arg>SC</arg>
<arg>SD</arg>
<arg>SE</arg>
<arg>SG</arg>
<arg>SH</arg>
<arg>SI</arg>
<arg>SJ</arg>
<arg>SK</arg>
<arg>SL</arg>
<arg>SM</arg>
<arg>SN</arg>
<arg>SO</arg>
<arg>SR</arg>
<arg>SS</arg>
<arg>ST</arg>
<arg>SV</arg>
<arg>SX</arg>
<arg>SY</arg>
<arg>SZ</arg>
<arg>TC</arg>
<arg>TD</arg>
<arg>TF</arg>
<arg>TG</arg>
<arg>TH</arg>
<arg>TJ</arg>
<arg>TK</arg>
<arg>TL</arg>
<arg>TM</arg>
<arg>TN</arg>
<arg>TO</arg>
<arg>TR</arg>
<arg>TT</arg>
<arg>TV</arg>
<arg>TW</arg>
<arg>TZ</arg>
<arg>UA</arg>
<arg>UG</arg>
<arg>UM</arg>
<arg>US</arg>
<arg>UY</arg>
<arg>UZ</arg>
<arg>VA</arg>
<arg>VC</arg>
<arg>VE</arg>
<arg>VG</arg>
<arg>VI</arg>
<arg>VN</arg>
<arg>VU</arg>
<arg>WF</arg>
<arg>WS</arg>
<arg>XK</arg>
<arg>YE</arg>
<arg>YT</arg>
<arg>ZA</arg>
<arg>ZM</arg>
<arg>ZW</arg>
<doc>Returns a list containing given items.</doc>
<status status="PASS" start="2024-03-24T05:13:04.346686" elapsed="0.000627"/>
</kw>
<kw name="List Should Contain Value" owner="Collections">
<msg time="2024-03-24T05:13:04.348483" level="INFO">False</msg>
<arg>${list_country}</arg>
<arg>${name_country}</arg>
<doc>Fails if the ``value`` is not found from ``list``.</doc>
<status status="PASS" start="2024-03-24T05:13:04.348269" elapsed="0.000252"/>
</kw>
<kw name="Run Keyword If" owner="BuiltIn">
<kw name="Should Be True" owner="BuiltIn">
<arg>${True}</arg>
<doc>Fails if the given condition is not true.</doc>
<status status="PASS" start="2024-03-24T05:13:04.349612" elapsed="0.000147"/>
</kw>
<arg>${json_data["results"][0]["location"]["coordinates"]["latitude"]} &gt;= -90 and ${json_data["results"][0]["location"]["coordinates"]["latitude"]} &lt;= 90</arg>
<arg>Should Be True</arg>
<arg>${True}</arg>
<doc>Runs the given keyword with the given arguments, if ``condition`` is true.</doc>
<status status="PASS" start="2024-03-24T05:13:04.348839" elapsed="0.001051"/>
</kw>
<kw name="Run Keyword If" owner="BuiltIn">
<kw name="Should Be True" owner="BuiltIn">
<arg>${True}</arg>
<doc>Fails if the given condition is not true.</doc>
<status status="PASS" start="2024-03-24T05:13:04.350796" elapsed="0.000140"/>
</kw>
<arg>${json_data["results"][0]["location"]["coordinates"]["longitude"]} &gt;= -180 and ${json_data["results"][0]["location"]["coordinates"]["longitude"]} &lt;= 180</arg>
<arg>Should Be True</arg>
<arg>${True}</arg>
<doc>Runs the given keyword with the given arguments, if ``condition`` is true.</doc>
<status status="PASS" start="2024-03-24T05:13:04.350079" elapsed="0.000984"/>
</kw>
<status status="PASS" start="2024-03-24T05:13:04.258129" elapsed="0.093070"/>
</kw>
<doc>Testa o conteúdo específico dos campos retornados pela API.</doc>
<tag>testeConteudo</tag>
<status status="PASS" start="2024-03-24T05:13:04.257657" elapsed="0.093698"/>
</test>
<status status="PASS" start="2024-03-24T05:13:03.586360" elapsed="0.766954"/>
</suite>
<status status="PASS" start="2024-03-24T05:13:03.572538" elapsed="0.786158"/>
</suite>
<statistics>
<total>
<stat pass="5" fail="0" skip="0">All Tests</stat>
</total>
<tag>
<stat pass="1" fail="0" skip="0">testeConteudo</stat>
<stat pass="1" fail="0" skip="0">testeEstruturaResposta</stat>
<stat pass="1" fail="0" skip="0">testeRequisicaoBasica</stat>
<stat pass="1" fail="0" skip="0">testeTiposDados</stat>
</tag>
<suite>
<stat pass="5" fail="0" skip="0" id="s1" name="Tests">Tests</stat>
<stat pass="5" fail="0" skip="0" id="s1-s1" name="Random-User-Test">Tests.Random-User-Test</stat>
</suite>
</statistics>
<errors>
</errors>
</robot>
