<?xml version="1.0" encoding="UTF-8"?>
<robot generator="Robot 7.0 (Python 3.12.2 on linux)" generated="2024-04-10T17:12:19.848224" rpa="false" schemaversion="5">
<suite id="s1" name="Tests" source="/home/runner/work/DesafioQAItauRogerioJordao/DesafioQAItauRogerioJordao/RamdonUser/tests">
<suite id="s1-s1" name="Random-User-Test" source="/home/runner/work/DesafioQAItauRogerioJordao/DesafioQAItauRogerioJordao/RamdonUser/tests/random-user-test.robot">
<test id="s1-s1-t1" name="Conectar" line="13">
<kw name="Conectar API" owner="random-user-service">
<kw name="Create Session" owner="RequestsLibrary">
<msg time="2024-04-10T17:12:20.230910" level="INFO">Creating Session using : alias=consultarAPI, url=https://randomuser.me/, headers={},                     cookies={}, auth=None, timeout=None, proxies=None, verify=False,                     debug=0 </msg>
<arg>consultarAPI</arg>
<arg>${URL}</arg>
<doc>Create Session: create a HTTP session to a server</doc>
<status status="PASS" start="2024-04-10T17:12:20.230702" elapsed="0.000391"/>
</kw>
<status status="PASS" start="2024-04-10T17:12:20.229608" elapsed="0.001859"/>
</kw>
<status status="PASS" start="2024-04-10T17:12:20.229043" elapsed="0.002634"/>
</test>
<test id="s1-s1-t2" name="Validar retorno 200 e JSON Válido" line="16">
<kw name="Teste de Requisicao Basica" owner="random-user-service">
<kw name="GET On Session" owner="RequestsLibrary">
<msg time="2024-04-10T17:12:20.495246" level="INFO">GET Request : url=https://randomuser.me/api 
 path_url=/api 
 headers={'User-Agent': 'python-requests/2.31.0', 'Accept-Encoding': 'gzip, deflate', 'Accept': '*/*', 'Connection': 'keep-alive'} 
 body=None 
 </msg>
<msg time="2024-04-10T17:12:20.495404" level="INFO">GET Response : url=https://randomuser.me/api 
 status=200, reason=OK 
 headers={'Date': 'Wed, 10 Apr 2024 17:12:20 GMT', 'Content-Type': 'application/json; charset=utf-8', 'Transfer-Encoding': 'chunked', 'Connection': 'keep-alive', 'X-Powered-By': 'Express', 'Access-Control-Allow-Origin': '*', 'Cache-Control': 'no-cache', 'ETag': 'W/"479-fgeCJ0GAI2MNN6KCK50d2wzSrYY"', 'Vary': 'Accept-Encoding', 'Content-Encoding': 'gzip', 'CF-Cache-Status': 'DYNAMIC', 'Report-To': '{"endpoints":[{"url":"https:\\/\\/a.nel.cloudflare.com\\/report\\/v4?s=jy3GdLSKgUjFmFx%2BzZ79c1tzaRvmgy1vRDkT6EDU083d7FGAcXzJMii1y4R4ZnXyrmUBISoOdcYfhuF6M7X9mYwNcZ5twdSKVyr3qV2nkHx6f2XfKta43Lkx1EEgZFBL"}],"group":"cf-nel","max_age":604800}', 'NEL': '{"success_fraction":0,"report_to":"cf-nel","max_age":604800}', 'Server': 'cloudflare', 'CF-RAY': '87245c77ae73870b-ORD', 'alt-svc': 'h3=":443"; ma=86400'} 
 body={"results":[{"gender":"female","name":{"title":"Mrs","first":"Jenisha","last":"Bhardwaj"},"location":{"street":{"number":416,"name":"Coaker's Walk"},"city":"Patna","state":"Rajasthan","country":"India","postcode":68962,"coordinates":{"latitude":"11.6725","longitude":"39.2194"},"timezone":{"offset":"-2:00","description":"Mid-Atlantic"}},"email":"jenisha.bhardwaj@example.com","login":{"uuid":"42a603bc-ae6f-4efa-8886-828b53716ded","username":"happylion225","password":"lolo","salt":"5A939PVG","md5":"16ab76048274584a8d40851f821338fd","sha1":"c1aa455864bc5f3658ba0914072d75ea9f7a7762","sha256":"2fb98310b7b89631d4075d43494997751d4c60389f3a5f1f1e155cabb1107d1c"},"dob":{"date":"1976-01-28T16:02:48.562Z","age":48},"registered":{"date":"2017-01-01T16:04:20.727Z","age":7},"phone":"7404898655","cell":"9419659498","id":{"name":"UIDAI","value":"054403521715"},"picture":{"large":"https://randomuser.me/api/portraits/women/30.jpg","medium":"https://randomuser.me/api/portraits/med/women/30.jpg","thumbnail":"https://randomuser.me/api/portraits/thumb/women/30.jpg"},"nat":"IN"}],"info":{"seed":"2a880cb80b525bcd","results":1,"page":1,"version":"1.4"}} 
 </msg>
<msg time="2024-04-10T17:12:20.495488" level="INFO">/opt/hostedtoolcache/Python/3.12.2/x64/lib/python3.12/site-packages/urllib3/connectionpool.py:1103: InsecureRequestWarning: Unverified HTTPS request is being made to host 'randomuser.me'. Adding certificate verification is strongly advised. See: https://urllib3.readthedocs.io/en/latest/advanced-usage.html#tls-warnings
  warnings.warn(</msg>
<msg time="2024-04-10T17:12:20.495627" level="INFO">${response} = &lt;Response [200]&gt;</msg>
<var>${response}</var>
<arg>consultarAPI</arg>
<arg>/api</arg>
<doc>Sends a GET request on a previously created HTTP Session.</doc>
<status status="PASS" start="2024-04-10T17:12:20.234303" elapsed="0.261459"/>
</kw>
<kw name="Should Be Equal As Numbers" owner="BuiltIn">
<msg time="2024-04-10T17:12:20.496925" level="INFO">Argument types are:
&lt;class 'int'&gt;
&lt;class 'str'&gt;</msg>
<arg>${response.status_code}</arg>
<arg>200</arg>
<doc>Fails if objects are unequal after converting them to real numbers.</doc>
<status status="PASS" start="2024-04-10T17:12:20.496384" elapsed="0.000619"/>
</kw>
<kw name="Log" owner="BuiltIn">
<msg time="2024-04-10T17:12:20.497822" level="INFO">200</msg>
<arg>${response.status_code}</arg>
<doc>Logs the given message with the given level.</doc>
<status status="PASS" start="2024-04-10T17:12:20.497395" elapsed="0.000482"/>
</kw>
<kw name="Set Variable" owner="BuiltIn">
<msg time="2024-04-10T17:12:20.498807" level="INFO">${json_data} = {'results': [{'gender': 'female', 'name': {'title': 'Mrs', 'first': 'Jenisha', 'last': 'Bhardwaj'}, 'location': {'street': {'number': 416, 'name': "Coaker's Walk"}, 'city': 'Patna', 'state': 'Rajastha...</msg>
<var>${json_data}</var>
<arg>${response.json()}</arg>
<doc>Returns the given values which can then be assigned to a variables.</doc>
<status status="PASS" start="2024-04-10T17:12:20.498302" elapsed="0.000535"/>
</kw>
<kw name="Dictionary Should Contain Key" owner="Collections">
<msg time="2024-04-10T17:12:20.499322" level="INFO">False</msg>
<arg>${json_data}</arg>
<arg>results</arg>
<doc>Fails if ``key`` is not found from ``dictionary``.</doc>
<status status="PASS" start="2024-04-10T17:12:20.499149" elapsed="0.000213"/>
</kw>
<status status="PASS" start="2024-04-10T17:12:20.234002" elapsed="0.265624"/>
</kw>
<doc>Testa se a API responde corretamente e retorna um objeto JSON válido.</doc>
<tag>testeRequisicaoBasica</tag>
<status status="PASS" start="2024-04-10T17:12:20.233535" elapsed="0.266287"/>
</test>
<test id="s1-s1-t3" name="Validar estrutura de resposta" line="22">
<kw name="Teste de Estrutura de Resposta" owner="random-user-service">
<kw name="GET On Session" owner="RequestsLibrary">
<msg time="2024-04-10T17:12:20.592579" level="INFO">GET Request : url=https://randomuser.me/api 
 path_url=/api 
 headers={'User-Agent': 'python-requests/2.31.0', 'Accept-Encoding': 'gzip, deflate', 'Accept': '*/*', 'Connection': 'keep-alive'} 
 body=None 
 </msg>
<msg time="2024-04-10T17:12:20.592679" level="INFO">GET Response : url=https://randomuser.me/api 
 status=200, reason=OK 
 headers={'Date': 'Wed, 10 Apr 2024 17:12:20 GMT', 'Content-Type': 'application/json; charset=utf-8', 'Transfer-Encoding': 'chunked', 'Connection': 'keep-alive', 'X-Powered-By': 'Express', 'Access-Control-Allow-Origin': '*', 'Cache-Control': 'no-cache', 'ETag': 'W/"4ab-JWO1+z+b4iUso0ZoZ5vI0J1EShc"', 'Vary': 'Accept-Encoding', 'Content-Encoding': 'gzip', 'CF-Cache-Status': 'DYNAMIC', 'Report-To': '{"endpoints":[{"url":"https:\\/\\/a.nel.cloudflare.com\\/report\\/v4?s=9rgv6Gh5kFb6JagWczKkLjRG4tZBQ3uAAwnXnbP51VSj5mRWVPouopdfN73PVBtbZpF6VfOKLVuxGtysH%2F0HN7ycoSarkFFasipfxmEdggbrre2a%2BlKhWX5UkQfDivlE"}],"group":"cf-nel","max_age":604800}', 'NEL': '{"success_fraction":0,"report_to":"cf-nel","max_age":604800}', 'Server': 'cloudflare', 'CF-RAY': '87245c782f32870b-ORD', 'alt-svc': 'h3=":443"; ma=86400'} 
 body={"results":[{"gender":"female","name":{"title":"Mrs","first":"Lilica","last":"da Costa"},"location":{"street":{"number":8499,"name":"Rua Quinze de Novembro "},"city":"Mogi Guaçu","state":"Mato Grosso","country":"Brazil","postcode":64715,"coordinates":{"latitude":"-73.0711","longitude":"172.4041"},"timezone":{"offset":"+4:00","description":"Abu Dhabi, Muscat, Baku, Tbilisi"}},"email":"lilica.dacosta@example.com","login":{"uuid":"93a9d986-95c2-4fb0-a750-e6d77fbbc00b","username":"angrywolf487","password":"eminem","salt":"wVj0RczD","md5":"2ac2c9ee96c0be158dbf1fb377b7a56c","sha1":"98661f0a3d8948f0f393d6189353188dad2e19b1","sha256":"fc1191fe94f59d0c0d2b117f1ea6d44cae742f11fbd46e24a28fced74d9b4e09"},"dob":{"date":"1991-01-26T07:16:19.753Z","age":33},"registered":{"date":"2012-03-02T04:37:08.387Z","age":12},"phone":"(97) 7700-7367","cell":"(30) 7496-9699","id":{"name":"CPF","value":"861.815.755-15"},"picture":{"large":"https://randomuser.me/api/portraits/women/43.jpg","medium":"https://randomuser.me/api/portraits/med/women/43.jpg","thumbnail":"https://randomuser.me/api/portraits/thumb/women/43.jpg"},"nat":"BR"}],"info":{"seed":"6bd10edb5986f114","results":1,"page":1,"version":"1.4"}} 
 </msg>
<msg time="2024-04-10T17:12:20.592840" level="INFO">/opt/hostedtoolcache/Python/3.12.2/x64/lib/python3.12/site-packages/urllib3/connectionpool.py:1103: InsecureRequestWarning: Unverified HTTPS request is being made to host 'randomuser.me'. Adding certificate verification is strongly advised. See: https://urllib3.readthedocs.io/en/latest/advanced-usage.html#tls-warnings
  warnings.warn(</msg>
<msg time="2024-04-10T17:12:20.592971" level="INFO">${response} = &lt;Response [200]&gt;</msg>
<var>${response}</var>
<arg>consultarAPI</arg>
<arg>/api</arg>
<doc>Sends a GET request on a previously created HTTP Session.</doc>
<status status="PASS" start="2024-04-10T17:12:20.502675" elapsed="0.090338"/>
</kw>
<kw name="Set Variable" owner="BuiltIn">
<msg time="2024-04-10T17:12:20.594008" level="INFO">${json_data} = {'results': [{'gender': 'female', 'name': {'title': 'Mrs', 'first': 'Lilica', 'last': 'da Costa'}, 'location': {'street': {'number': 8499, 'name': 'Rua Quinze de Novembro '}, 'city': 'Mogi Guaçu', 'st...</msg>
<var>${json_data}</var>
<arg>${response.json()}</arg>
<doc>Returns the given values which can then be assigned to a variables.</doc>
<status status="PASS" start="2024-04-10T17:12:20.593502" elapsed="0.000574"/>
</kw>
<kw name="Log" owner="BuiltIn">
<msg time="2024-04-10T17:12:20.594571" level="INFO">{'results': [{'gender': 'female', 'name': {'title': 'Mrs', 'first': 'Lilica', 'last': 'da Costa'}, 'location': {'street': {'number': 8499, 'name': 'Rua Quinze de Novembro '}, 'city': 'Mogi Guaçu', 'state': 'Mato Grosso', 'country': 'Brazil', 'postcode': 64715, 'coordinates': {'latitude': '-73.0711', 'longitude': '172.4041'}, 'timezone': {'offset': '+4:00', 'description': 'Abu Dhabi, Muscat, Baku, Tbilisi'}}, 'email': 'lilica.dacosta@example.com', 'login': {'uuid': '93a9d986-95c2-4fb0-a750-e6d77fbbc00b', 'username': 'angrywolf487', 'password': 'eminem', 'salt': 'wVj0RczD', 'md5': '2ac2c9ee96c0be158dbf1fb377b7a56c', 'sha1': '98661f0a3d8948f0f393d6189353188dad2e19b1', 'sha256': 'fc1191fe94f59d0c0d2b117f1ea6d44cae742f11fbd46e24a28fced74d9b4e09'}, 'dob': {'date': '1991-01-26T07:16:19.753Z', 'age': 33}, 'registered': {'date': '2012-03-02T04:37:08.387Z', 'age': 12}, 'phone': '(97) 7700-7367', 'cell': '(30) 7496-9699', 'id': {'name': 'CPF', 'value': '861.815.755-15'}, 'picture': {'large': 'https://randomuser.me/api/portraits/women/43.jpg', 'medium': 'https://randomuser.me/api/portraits/med/women/43.jpg', 'thumbnail': 'https://randomuser.me/api/portraits/thumb/women/43.jpg'}, 'nat': 'BR'}], 'info': {'seed': '6bd10edb5986f114', 'results': 1, 'page': 1, 'version': '1.4'}}</msg>
<arg>${json_data}</arg>
<doc>Logs the given message with the given level.</doc>
<status status="PASS" start="2024-04-10T17:12:20.594405" elapsed="0.000216"/>
</kw>
<kw name="Dictionary Should Contain Key" owner="Collections">
<msg time="2024-04-10T17:12:20.595082" level="INFO">False</msg>
<arg>${json_data}</arg>
<arg>results</arg>
<doc>Fails if ``key`` is not found from ``dictionary``.</doc>
<status status="PASS" start="2024-04-10T17:12:20.594925" elapsed="0.000194"/>
</kw>
<kw name="Should Not Be Empty" owner="BuiltIn">
<msg time="2024-04-10T17:12:20.595549" level="INFO">Length is 2.</msg>
<arg>${json_data}</arg>
<doc>Verifies that the given item is not empty.</doc>
<status status="PASS" start="2024-04-10T17:12:20.595413" elapsed="0.000175"/>
</kw>
<kw name="Create List" owner="BuiltIn">
<msg time="2024-04-10T17:12:20.596029" level="INFO">${expected_keys} = ['gender', 'name', 'location', 'email', 'login']</msg>
<var>${expected_keys}</var>
<arg>gender</arg>
<arg>name</arg>
<arg>location</arg>
<arg>email</arg>
<arg>login</arg>
<doc>Returns a list containing given items.</doc>
<status status="PASS" start="2024-04-10T17:12:20.595878" elapsed="0.000174"/>
</kw>
<for flavor="IN">
<iter>
<kw name="Dictionary Should Contain Key" owner="Collections">
<msg time="2024-04-10T17:12:20.597024" level="INFO">False</msg>
<arg>${json_data['results'][0]}</arg>
<arg>${key}</arg>
<doc>Fails if ``key`` is not found from ``dictionary``.</doc>
<status status="PASS" start="2024-04-10T17:12:20.596625" elapsed="0.000438"/>
</kw>
<kw name="Log" owner="BuiltIn">
<msg time="2024-04-10T17:12:20.597740" level="INFO">{'gender': 'female', 'name': {'title': 'Mrs', 'first': 'Lilica', 'last': 'da Costa'}, 'location': {'street': {'number': 8499, 'name': 'Rua Quinze de Novembro '}, 'city': 'Mogi Guaçu', 'state': 'Mato Grosso', 'country': 'Brazil', 'postcode': 64715, 'coordinates': {'latitude': '-73.0711', 'longitude': '172.4041'}, 'timezone': {'offset': '+4:00', 'description': 'Abu Dhabi, Muscat, Baku, Tbilisi'}}, 'email': 'lilica.dacosta@example.com', 'login': {'uuid': '93a9d986-95c2-4fb0-a750-e6d77fbbc00b', 'username': 'angrywolf487', 'password': 'eminem', 'salt': 'wVj0RczD', 'md5': '2ac2c9ee96c0be158dbf1fb377b7a56c', 'sha1': '98661f0a3d8948f0f393d6189353188dad2e19b1', 'sha256': 'fc1191fe94f59d0c0d2b117f1ea6d44cae742f11fbd46e24a28fced74d9b4e09'}, 'dob': {'date': '1991-01-26T07:16:19.753Z', 'age': 33}, 'registered': {'date': '2012-03-02T04:37:08.387Z', 'age': 12}, 'phone': '(97) 7700-7367', 'cell': '(30) 7496-9699', 'id': {'name': 'CPF', 'value': '861.815.755-15'}, 'picture': {'large': 'https://randomuser.me/api/portraits/women/43.jpg', 'medium': 'https://randomuser.me/api/portraits/med/women/43.jpg', 'thumbnail': 'https://randomuser.me/api/portraits/thumb/women/43.jpg'}, 'nat': 'BR'}</msg>
<arg>${json_data['results'][0]}</arg>
<doc>Logs the given message with the given level.</doc>
<status status="PASS" start="2024-04-10T17:12:20.597371" elapsed="0.000425"/>
</kw>
<kw name="Log" owner="BuiltIn">
<msg time="2024-04-10T17:12:20.598267" level="INFO">gender</msg>
<arg>${key}</arg>
<doc>Logs the given message with the given level.</doc>
<status status="PASS" start="2024-04-10T17:12:20.598135" elapsed="0.000170"/>
</kw>
<var name="${key}">gender</var>
<status status="PASS" start="2024-04-10T17:12:20.596502" elapsed="0.002028"/>
</iter>
<iter>
<kw name="Dictionary Should Contain Key" owner="Collections">
<msg time="2024-04-10T17:12:20.599214" level="INFO">False</msg>
<arg>${json_data['results'][0]}</arg>
<arg>${key}</arg>
<doc>Fails if ``key`` is not found from ``dictionary``.</doc>
<status status="PASS" start="2024-04-10T17:12:20.598831" elapsed="0.000454"/>
</kw>
<kw name="Log" owner="BuiltIn">
<msg time="2024-04-10T17:12:20.599955" level="INFO">{'gender': 'female', 'name': {'title': 'Mrs', 'first': 'Lilica', 'last': 'da Costa'}, 'location': {'street': {'number': 8499, 'name': 'Rua Quinze de Novembro '}, 'city': 'Mogi Guaçu', 'state': 'Mato Grosso', 'country': 'Brazil', 'postcode': 64715, 'coordinates': {'latitude': '-73.0711', 'longitude': '172.4041'}, 'timezone': {'offset': '+4:00', 'description': 'Abu Dhabi, Muscat, Baku, Tbilisi'}}, 'email': 'lilica.dacosta@example.com', 'login': {'uuid': '93a9d986-95c2-4fb0-a750-e6d77fbbc00b', 'username': 'angrywolf487', 'password': 'eminem', 'salt': 'wVj0RczD', 'md5': '2ac2c9ee96c0be158dbf1fb377b7a56c', 'sha1': '98661f0a3d8948f0f393d6189353188dad2e19b1', 'sha256': 'fc1191fe94f59d0c0d2b117f1ea6d44cae742f11fbd46e24a28fced74d9b4e09'}, 'dob': {'date': '1991-01-26T07:16:19.753Z', 'age': 33}, 'registered': {'date': '2012-03-02T04:37:08.387Z', 'age': 12}, 'phone': '(97) 7700-7367', 'cell': '(30) 7496-9699', 'id': {'name': 'CPF', 'value': '861.815.755-15'}, 'picture': {'large': 'https://randomuser.me/api/portraits/women/43.jpg', 'medium': 'https://randomuser.me/api/portraits/med/women/43.jpg', 'thumbnail': 'https://randomuser.me/api/portraits/thumb/women/43.jpg'}, 'nat': 'BR'}</msg>
<arg>${json_data['results'][0]}</arg>
<doc>Logs the given message with the given level.</doc>
<status status="PASS" start="2024-04-10T17:12:20.599591" elapsed="0.000413"/>
</kw>
<kw name="Log" owner="BuiltIn">
<msg time="2024-04-10T17:12:20.600431" level="INFO">name</msg>
<arg>${key}</arg>
<doc>Logs the given message with the given level.</doc>
<status status="PASS" start="2024-04-10T17:12:20.600303" elapsed="0.000166"/>
</kw>
<var name="${key}">name</var>
<status status="PASS" start="2024-04-10T17:12:20.598717" elapsed="0.001972"/>
</iter>
<iter>
<kw name="Dictionary Should Contain Key" owner="Collections">
<msg time="2024-04-10T17:12:20.601348" level="INFO">False</msg>
<arg>${json_data['results'][0]}</arg>
<arg>${key}</arg>
<doc>Fails if ``key`` is not found from ``dictionary``.</doc>
<status status="PASS" start="2024-04-10T17:12:20.600977" elapsed="0.000408"/>
</kw>
<kw name="Log" owner="BuiltIn">
<msg time="2024-04-10T17:12:20.602059" level="INFO">{'gender': 'female', 'name': {'title': 'Mrs', 'first': 'Lilica', 'last': 'da Costa'}, 'location': {'street': {'number': 8499, 'name': 'Rua Quinze de Novembro '}, 'city': 'Mogi Guaçu', 'state': 'Mato Grosso', 'country': 'Brazil', 'postcode': 64715, 'coordinates': {'latitude': '-73.0711', 'longitude': '172.4041'}, 'timezone': {'offset': '+4:00', 'description': 'Abu Dhabi, Muscat, Baku, Tbilisi'}}, 'email': 'lilica.dacosta@example.com', 'login': {'uuid': '93a9d986-95c2-4fb0-a750-e6d77fbbc00b', 'username': 'angrywolf487', 'password': 'eminem', 'salt': 'wVj0RczD', 'md5': '2ac2c9ee96c0be158dbf1fb377b7a56c', 'sha1': '98661f0a3d8948f0f393d6189353188dad2e19b1', 'sha256': 'fc1191fe94f59d0c0d2b117f1ea6d44cae742f11fbd46e24a28fced74d9b4e09'}, 'dob': {'date': '1991-01-26T07:16:19.753Z', 'age': 33}, 'registered': {'date': '2012-03-02T04:37:08.387Z', 'age': 12}, 'phone': '(97) 7700-7367', 'cell': '(30) 7496-9699', 'id': {'name': 'CPF', 'value': '861.815.755-15'}, 'picture': {'large': 'https://randomuser.me/api/portraits/women/43.jpg', 'medium': 'https://randomuser.me/api/portraits/med/women/43.jpg', 'thumbnail': 'https://randomuser.me/api/portraits/thumb/women/43.jpg'}, 'nat': 'BR'}</msg>
<arg>${json_data['results'][0]}</arg>
<doc>Logs the given message with the given level.</doc>
<status status="PASS" start="2024-04-10T17:12:20.601683" elapsed="0.000432"/>
</kw>
<kw name="Log" owner="BuiltIn">
<msg time="2024-04-10T17:12:20.602546" level="INFO">location</msg>
<arg>${key}</arg>
<doc>Logs the given message with the given level.</doc>
<status status="PASS" start="2024-04-10T17:12:20.602421" elapsed="0.000163"/>
</kw>
<var name="${key}">location</var>
<status status="PASS" start="2024-04-10T17:12:20.600867" elapsed="0.001933"/>
</iter>
<iter>
<kw name="Dictionary Should Contain Key" owner="Collections">
<msg time="2024-04-10T17:12:20.603458" level="INFO">False</msg>
<arg>${json_data['results'][0]}</arg>
<arg>${key}</arg>
<doc>Fails if ``key`` is not found from ``dictionary``.</doc>
<status status="PASS" start="2024-04-10T17:12:20.603079" elapsed="0.000416"/>
</kw>
<kw name="Log" owner="BuiltIn">
<msg time="2024-04-10T17:12:20.604150" level="INFO">{'gender': 'female', 'name': {'title': 'Mrs', 'first': 'Lilica', 'last': 'da Costa'}, 'location': {'street': {'number': 8499, 'name': 'Rua Quinze de Novembro '}, 'city': 'Mogi Guaçu', 'state': 'Mato Grosso', 'country': 'Brazil', 'postcode': 64715, 'coordinates': {'latitude': '-73.0711', 'longitude': '172.4041'}, 'timezone': {'offset': '+4:00', 'description': 'Abu Dhabi, Muscat, Baku, Tbilisi'}}, 'email': 'lilica.dacosta@example.com', 'login': {'uuid': '93a9d986-95c2-4fb0-a750-e6d77fbbc00b', 'username': 'angrywolf487', 'password': 'eminem', 'salt': 'wVj0RczD', 'md5': '2ac2c9ee96c0be158dbf1fb377b7a56c', 'sha1': '98661f0a3d8948f0f393d6189353188dad2e19b1', 'sha256': 'fc1191fe94f59d0c0d2b117f1ea6d44cae742f11fbd46e24a28fced74d9b4e09'}, 'dob': {'date': '1991-01-26T07:16:19.753Z', 'age': 33}, 'registered': {'date': '2012-03-02T04:37:08.387Z', 'age': 12}, 'phone': '(97) 7700-7367', 'cell': '(30) 7496-9699', 'id': {'name': 'CPF', 'value': '861.815.755-15'}, 'picture': {'large': 'https://randomuser.me/api/portraits/women/43.jpg', 'medium': 'https://randomuser.me/api/portraits/med/women/43.jpg', 'thumbnail': 'https://randomuser.me/api/portraits/thumb/women/43.jpg'}, 'nat': 'BR'}</msg>
<arg>${json_data['results'][0]}</arg>
<doc>Logs the given message with the given level.</doc>
<status status="PASS" start="2024-04-10T17:12:20.603795" elapsed="0.000404"/>
</kw>
<kw name="Log" owner="BuiltIn">
<msg time="2024-04-10T17:12:20.604628" level="INFO">email</msg>
<arg>${key}</arg>
<doc>Logs the given message with the given level.</doc>
<status status="PASS" start="2024-04-10T17:12:20.604498" elapsed="0.000167"/>
</kw>
<var name="${key}">email</var>
<status status="PASS" start="2024-04-10T17:12:20.602970" elapsed="0.001909"/>
</iter>
<iter>
<kw name="Dictionary Should Contain Key" owner="Collections">
<msg time="2024-04-10T17:12:20.605524" level="INFO">False</msg>
<arg>${json_data['results'][0]}</arg>
<arg>${key}</arg>
<doc>Fails if ``key`` is not found from ``dictionary``.</doc>
<status status="PASS" start="2024-04-10T17:12:20.605157" elapsed="0.000404"/>
</kw>
<kw name="Log" owner="BuiltIn">
<msg time="2024-04-10T17:12:20.606239" level="INFO">{'gender': 'female', 'name': {'title': 'Mrs', 'first': 'Lilica', 'last': 'da Costa'}, 'location': {'street': {'number': 8499, 'name': 'Rua Quinze de Novembro '}, 'city': 'Mogi Guaçu', 'state': 'Mato Grosso', 'country': 'Brazil', 'postcode': 64715, 'coordinates': {'latitude': '-73.0711', 'longitude': '172.4041'}, 'timezone': {'offset': '+4:00', 'description': 'Abu Dhabi, Muscat, Baku, Tbilisi'}}, 'email': 'lilica.dacosta@example.com', 'login': {'uuid': '93a9d986-95c2-4fb0-a750-e6d77fbbc00b', 'username': 'angrywolf487', 'password': 'eminem', 'salt': 'wVj0RczD', 'md5': '2ac2c9ee96c0be158dbf1fb377b7a56c', 'sha1': '98661f0a3d8948f0f393d6189353188dad2e19b1', 'sha256': 'fc1191fe94f59d0c0d2b117f1ea6d44cae742f11fbd46e24a28fced74d9b4e09'}, 'dob': {'date': '1991-01-26T07:16:19.753Z', 'age': 33}, 'registered': {'date': '2012-03-02T04:37:08.387Z', 'age': 12}, 'phone': '(97) 7700-7367', 'cell': '(30) 7496-9699', 'id': {'name': 'CPF', 'value': '861.815.755-15'}, 'picture': {'large': 'https://randomuser.me/api/portraits/women/43.jpg', 'medium': 'https://randomuser.me/api/portraits/med/women/43.jpg', 'thumbnail': 'https://randomuser.me/api/portraits/thumb/women/43.jpg'}, 'nat': 'BR'}</msg>
<arg>${json_data['results'][0]}</arg>
<doc>Logs the given message with the given level.</doc>
<status status="PASS" start="2024-04-10T17:12:20.605849" elapsed="0.000439"/>
</kw>
<kw name="Log" owner="BuiltIn">
<msg time="2024-04-10T17:12:20.606713" level="INFO">login</msg>
<arg>${key}</arg>
<doc>Logs the given message with the given level.</doc>
<status status="PASS" start="2024-04-10T17:12:20.606587" elapsed="0.000198"/>
</kw>
<var name="${key}">login</var>
<status status="PASS" start="2024-04-10T17:12:20.605049" elapsed="0.001955"/>
</iter>
<var>${key}</var>
<value>@{expected_keys}</value>
<status status="PASS" start="2024-04-10T17:12:20.596313" elapsed="0.010814"/>
</for>
<kw name="Create List" owner="BuiltIn">
<msg time="2024-04-10T17:12:20.607451" level="INFO">${expected_keysTwo} = ['username', 'password']</msg>
<var>${expected_keysTwo}</var>
<arg>username</arg>
<arg>password</arg>
<doc>Returns a list containing given items.</doc>
<status status="PASS" start="2024-04-10T17:12:20.607316" elapsed="0.000158"/>
</kw>
<for flavor="IN">
<iter>
<kw name="Dictionary Should Contain Key" owner="Collections">
<msg time="2024-04-10T17:12:20.608469" level="INFO">False</msg>
<arg>${json_data['results'][0]['login']}</arg>
<arg>${keyTwo}</arg>
<doc>Fails if ``key`` is not found from ``dictionary``.</doc>
<status status="PASS" start="2024-04-10T17:12:20.608088" elapsed="0.000418"/>
</kw>
<kw name="Dictionary Should Contain Key" owner="Collections">
<msg time="2024-04-10T17:12:20.609174" level="INFO">False</msg>
<arg>${json_data['results'][0]['login']}</arg>
<arg>${keyTwo}</arg>
<doc>Fails if ``key`` is not found from ``dictionary``.</doc>
<status status="PASS" start="2024-04-10T17:12:20.608802" elapsed="0.000409"/>
</kw>
<kw name="Log" owner="BuiltIn">
<msg time="2024-04-10T17:12:20.609634" level="INFO">username</msg>
<arg>${keyTwo}</arg>
<doc>Logs the given message with the given level.</doc>
<status status="PASS" start="2024-04-10T17:12:20.609507" elapsed="0.000164"/>
</kw>
<var name="${keyTwo}">username</var>
<status status="PASS" start="2024-04-10T17:12:20.607968" elapsed="0.001918"/>
</iter>
<iter>
<kw name="Dictionary Should Contain Key" owner="Collections">
<msg time="2024-04-10T17:12:20.610580" level="INFO">False</msg>
<arg>${json_data['results'][0]['login']}</arg>
<arg>${keyTwo}</arg>
<doc>Fails if ``key`` is not found from ``dictionary``.</doc>
<status status="PASS" start="2024-04-10T17:12:20.610201" elapsed="0.000417"/>
</kw>
<kw name="Dictionary Should Contain Key" owner="Collections">
<msg time="2024-04-10T17:12:20.611282" level="INFO">False</msg>
<arg>${json_data['results'][0]['login']}</arg>
<arg>${keyTwo}</arg>
<doc>Fails if ``key`` is not found from ``dictionary``.</doc>
<status status="PASS" start="2024-04-10T17:12:20.610911" elapsed="0.000407"/>
</kw>
<kw name="Log" owner="BuiltIn">
<msg time="2024-04-10T17:12:20.611743" level="INFO">password</msg>
<arg>${keyTwo}</arg>
<doc>Logs the given message with the given level.</doc>
<status status="PASS" start="2024-04-10T17:12:20.611616" elapsed="0.000165"/>
</kw>
<var name="${keyTwo}">password</var>
<status status="PASS" start="2024-04-10T17:12:20.610081" elapsed="0.001917"/>
</iter>
<var>${keyTwo}</var>
<value>@{expected_keysTwo}</value>
<status status="PASS" start="2024-04-10T17:12:20.607714" elapsed="0.004408"/>
</for>
<status status="PASS" start="2024-04-10T17:12:20.502432" elapsed="0.109832"/>
</kw>
<doc>Testa a estrutura da resposta da API.</doc>
<tag>testeEstruturaResposta</tag>
<status status="PASS" start="2024-04-10T17:12:20.501739" elapsed="0.110689"/>
</test>
<test id="s1-s1-t4" name="Validar tipos de dados" line="28">
<kw name="Teste de Tipos de Dados" owner="random-user-service">
<kw name="GET On Session" owner="RequestsLibrary">
<msg time="2024-04-10T17:12:20.706870" level="INFO">GET Request : url=https://randomuser.me/api 
 path_url=/api 
 headers={'User-Agent': 'python-requests/2.31.0', 'Accept-Encoding': 'gzip, deflate', 'Accept': '*/*', 'Connection': 'keep-alive'} 
 body=None 
 </msg>
<msg time="2024-04-10T17:12:20.706975" level="INFO">GET Response : url=https://randomuser.me/api 
 status=200, reason=OK 
 headers={'Date': 'Wed, 10 Apr 2024 17:12:20 GMT', 'Content-Type': 'application/json; charset=utf-8', 'Transfer-Encoding': 'chunked', 'Connection': 'keep-alive', 'X-Powered-By': 'Express', 'Access-Control-Allow-Origin': '*', 'Cache-Control': 'no-cache', 'ETag': 'W/"4a0-474g+dtsEcb9jnsrolkxnrqCR64"', 'Vary': 'Accept-Encoding', 'Content-Encoding': 'gzip', 'CF-Cache-Status': 'DYNAMIC', 'Report-To': '{"endpoints":[{"url":"https:\\/\\/a.nel.cloudflare.com\\/report\\/v4?s=SQuUMFgPrrdgNLDbHlW6%2B1VCtBGYdZ%2BjS39b3rAUGD%2FFsMzqRyvh56FusNGCODSE3wPJKUgthryo4A8dGqlngBqFr8v4K%2B0LhBef%2FUFmavJ%2Ff%2F3wl57gj39%2FaHYH8xIE"}],"group":"cf-nel","max_age":604800}', 'NEL': '{"success_fraction":0,"report_to":"cf-nel","max_age":604800}', 'Server': 'cloudflare', 'CF-RAY': '87245c78d818870b-ORD', 'alt-svc': 'h3=":443"; ma=86400'} 
 body={"results":[{"gender":"male","name":{"title":"Mr","first":"Svyatolyub","last":"Korobchuk"},"location":{"street":{"number":2718,"name":"Provulok Stepana Sagaydaka"},"city":"Dnipro","state":"Kiyivska","country":"Ukraine","postcode":44654,"coordinates":{"latitude":"75.1957","longitude":"-49.6007"},"timezone":{"offset":"+10:00","description":"Eastern Australia, Guam, Vladivostok"}},"email":"svyatolyub.korobchuk@example.com","login":{"uuid":"c6f4c466-afd7-4915-8b49-b3723a1e0360","username":"crazymeercat755","password":"point","salt":"P01BJhtY","md5":"b960adba3320ae81b4e0ad0ca187487e","sha1":"fb3076be211154107b926ce1e24166487e36b946","sha256":"961979bd4d07c6bfbd20417f85cdf349f4777180d272c6368cc2765efe9216e5"},"dob":{"date":"1958-01-09T11:38:22.432Z","age":66},"registered":{"date":"2011-12-31T21:09:46.192Z","age":12},"phone":"(067) R18-0240","cell":"(068) H46-5683","id":{"name":"","value":null},"picture":{"large":"https://randomuser.me/api/portraits/men/12.jpg","medium":"https://randomuser.me/api/portraits/med/men/12.jpg","thumbnail":"https://randomuser.me/api/portraits/thumb/men/12.jpg"},"nat":"UA"}],"info":{"seed":"6f004c3d281e99fc","results":1,"page":1,"version":"1.4"}} 
 </msg>
<msg time="2024-04-10T17:12:20.707056" level="INFO">/opt/hostedtoolcache/Python/3.12.2/x64/lib/python3.12/site-packages/urllib3/connectionpool.py:1103: InsecureRequestWarning: Unverified HTTPS request is being made to host 'randomuser.me'. Adding certificate verification is strongly advised. See: https://urllib3.readthedocs.io/en/latest/advanced-usage.html#tls-warnings
  warnings.warn(</msg>
<msg time="2024-04-10T17:12:20.707188" level="INFO">${response} = &lt;Response [200]&gt;</msg>
<var>${response}</var>
<arg>consultarAPI</arg>
<arg>/api</arg>
<doc>Sends a GET request on a previously created HTTP Session.</doc>
<status status="PASS" start="2024-04-10T17:12:20.614894" elapsed="0.092333"/>
</kw>
<kw name="Set Variable" owner="BuiltIn">
<msg time="2024-04-10T17:12:20.708270" level="INFO">${json_data} = {'results': [{'gender': 'male', 'name': {'title': 'Mr', 'first': 'Svyatolyub', 'last': 'Korobchuk'}, 'location': {'street': {'number': 2718, 'name': 'Provulok Stepana Sagaydaka'}, 'city': 'Dnipro', 's...</msg>
<var>${json_data}</var>
<arg>${response.json()}</arg>
<doc>Returns the given values which can then be assigned to a variables.</doc>
<status status="PASS" start="2024-04-10T17:12:20.707757" elapsed="0.000548"/>
</kw>
<kw name="Log" owner="BuiltIn">
<msg time="2024-04-10T17:12:20.708781" level="INFO">{'results': [{'gender': 'male', 'name': {'title': 'Mr', 'first': 'Svyatolyub', 'last': 'Korobchuk'}, 'location': {'street': {'number': 2718, 'name': 'Provulok Stepana Sagaydaka'}, 'city': 'Dnipro', 'state': 'Kiyivska', 'country': 'Ukraine', 'postcode': 44654, 'coordinates': {'latitude': '75.1957', 'longitude': '-49.6007'}, 'timezone': {'offset': '+10:00', 'description': 'Eastern Australia, Guam, Vladivostok'}}, 'email': 'svyatolyub.korobchuk@example.com', 'login': {'uuid': 'c6f4c466-afd7-4915-8b49-b3723a1e0360', 'username': 'crazymeercat755', 'password': 'point', 'salt': 'P01BJhtY', 'md5': 'b960adba3320ae81b4e0ad0ca187487e', 'sha1': 'fb3076be211154107b926ce1e24166487e36b946', 'sha256': '961979bd4d07c6bfbd20417f85cdf349f4777180d272c6368cc2765efe9216e5'}, 'dob': {'date': '1958-01-09T11:38:22.432Z', 'age': 66}, 'registered': {'date': '2011-12-31T21:09:46.192Z', 'age': 12}, 'phone': '(067) R18-0240', 'cell': '(068) H46-5683', 'id': {'name': '', 'value': None}, 'picture': {'large': 'https://randomuser.me/api/portraits/men/12.jpg', 'medium': 'https://randomuser.me/api/portraits/med/men/12.jpg', 'thumbnail': 'https://randomuser.me/api/portraits/thumb/men/12.jpg'}, 'nat': 'UA'}], 'info': {'seed': '6f004c3d281e99fc', 'results': 1, 'page': 1, 'version': '1.4'}}</msg>
<arg>${json_data}</arg>
<doc>Logs the given message with the given level.</doc>
<status status="PASS" start="2024-04-10T17:12:20.708621" elapsed="0.000246"/>
</kw>
<kw name="Should Be String" owner="String">
<arg>${json_data['results'][0]['gender']}</arg>
<doc>Fails if the given ``item`` is not a string.</doc>
<status status="PASS" start="2024-04-10T17:12:20.709171" elapsed="0.000358"/>
</kw>
<kw name="Should Match Regexp" owner="BuiltIn">
<arg>${json_data['results'][0]['email']}</arg>
<arg>^[a-zA-Z0-9._%+-]+@[a-zA-Z0-9.-]+\.[a-zA-Z]{2,}$</arg>
<doc>Fails if ``string`` does not match ``pattern`` as a regular expression.</doc>
<status status="PASS" start="2024-04-10T17:12:20.709720" elapsed="0.000566"/>
</kw>
<kw name="Should Match Regexp" owner="BuiltIn">
<arg>${json_data['results'][0]['dob']['date']}</arg>
<arg>\\d{4}-\\d{2}-\\d{2}T\\d{2}:\\d{2}:\\d{2}\\.\\d{3}Z</arg>
<doc>Fails if ``string`` does not match ``pattern`` as a regular expression.</doc>
<status status="PASS" start="2024-04-10T17:12:20.710486" elapsed="0.000484"/>
</kw>
<kw name="Should Match Regexp" owner="BuiltIn">
<arg>${json_data['results'][0]['registered']['date']}</arg>
<arg>\\d{4}-\\d{2}-\\d{2}T\\d{2}:\\d{2}:\\d{2}\\.\\d{3}Z</arg>
<doc>Fails if ``string`` does not match ``pattern`` as a regular expression.</doc>
<status status="PASS" start="2024-04-10T17:12:20.711166" elapsed="0.000367"/>
</kw>
<kw name="Should Match Regexp" owner="BuiltIn">
<arg>${json_data['results'][0]['picture']['large']}</arg>
<arg>^https?://.*\.(?:png|jpe?g|gif|bmp)$</arg>
<doc>Fails if ``string`` does not match ``pattern`` as a regular expression.</doc>
<status status="PASS" start="2024-04-10T17:12:20.711720" elapsed="0.000462"/>
</kw>
<kw name="Should Match Regexp" owner="BuiltIn">
<arg>${json_data['results'][0]['picture']['medium']}</arg>
<arg>^https?://.*\.(?:png|jpe?g|gif|bmp)$</arg>
<doc>Fails if ``string`` does not match ``pattern`` as a regular expression.</doc>
<status status="PASS" start="2024-04-10T17:12:20.712375" elapsed="0.000361"/>
</kw>
<kw name="Should Match Regexp" owner="BuiltIn">
<arg>${json_data['results'][0]['picture']['thumbnail']}</arg>
<arg>^https?://.*\.(?:png|jpe?g|gif|bmp)$</arg>
<doc>Fails if ``string`` does not match ``pattern`` as a regular expression.</doc>
<status status="PASS" start="2024-04-10T17:12:20.712921" elapsed="0.000353"/>
</kw>
<kw name="Log" owner="BuiltIn">
<msg time="2024-04-10T17:12:20.713781" level="INFO">{'large': 'https://randomuser.me/api/portraits/men/12.jpg', 'medium': 'https://randomuser.me/api/portraits/med/men/12.jpg', 'thumbnail': 'https://randomuser.me/api/portraits/thumb/men/12.jpg'}</msg>
<arg>${json_data['results'][0]['picture']}</arg>
<doc>Logs the given message with the given level.</doc>
<status status="PASS" start="2024-04-10T17:12:20.713458" elapsed="0.000365"/>
</kw>
<status status="PASS" start="2024-04-10T17:12:20.614661" elapsed="0.099444"/>
</kw>
<kw name="Teste de Tipos de Dados - Postcode" owner="random-user-service">
<kw name="GET On Session" owner="RequestsLibrary">
<msg time="2024-04-10T17:12:20.802164" level="INFO">GET Request : url=https://randomuser.me/api 
 path_url=/api 
 headers={'User-Agent': 'python-requests/2.31.0', 'Accept-Encoding': 'gzip, deflate', 'Accept': '*/*', 'Connection': 'keep-alive'} 
 body=None 
 </msg>
<msg time="2024-04-10T17:12:20.802275" level="INFO">GET Response : url=https://randomuser.me/api 
 status=200, reason=OK 
 headers={'Date': 'Wed, 10 Apr 2024 17:12:20 GMT', 'Content-Type': 'application/json; charset=utf-8', 'Transfer-Encoding': 'chunked', 'Connection': 'keep-alive', 'X-Powered-By': 'Express', 'Access-Control-Allow-Origin': '*', 'Cache-Control': 'no-cache', 'ETag': 'W/"470-xZkE57jWf70LTdbFgpTlk/Z/SHs"', 'Vary': 'Accept-Encoding', 'Content-Encoding': 'gzip', 'CF-Cache-Status': 'DYNAMIC', 'Report-To': '{"endpoints":[{"url":"https:\\/\\/a.nel.cloudflare.com\\/report\\/v4?s=wq4BEJ6XUjHrwQQPOH9Xt7W5SHBd7gGfVGtnilq%2F%2FxAU3dqouU%2BXNAXtWvOwIMnyloWD3mW92eXtkcRxBeZeeE4rCjkJohPZQXxBrJhIPhxWggccp76Buf3lmjg%2B3Ahc"}],"group":"cf-nel","max_age":604800}', 'NEL': '{"success_fraction":0,"report_to":"cf-nel","max_age":604800}', 'Server': 'cloudflare', 'CF-RAY': '87245c7978f5870b-ORD', 'alt-svc': 'h3=":443"; ma=86400'} 
 body={"results":[{"gender":"male","name":{"title":"Mr","first":"Roman","last":"Harris"},"location":{"street":{"number":6405,"name":"Lichfield Street"},"city":"Greymouth","state":"Nelson","country":"New Zealand","postcode":58608,"coordinates":{"latitude":"52.0454","longitude":"-140.0801"},"timezone":{"offset":"-3:30","description":"Newfoundland"}},"email":"roman.harris@example.com","login":{"uuid":"d44a7378-ad30-4b5a-9d6a-8bacc4e1f415","username":"greenmouse565","password":"sport","salt":"MZmbSvOt","md5":"154203b94b9346e165302efa9c948e68","sha1":"34df7ec2ca32c24e718f3622d62a8c37072ce585","sha256":"6bcf09997e86cd5f5740dbe837bba25b17c8207a66746d18ec02cf876c5bd504"},"dob":{"date":"1984-07-21T04:52:13.286Z","age":39},"registered":{"date":"2015-09-25T03:42:30.881Z","age":8},"phone":"(829)-092-1328","cell":"(981)-302-2687","id":{"name":"","value":null},"picture":{"large":"https://randomuser.me/api/portraits/men/77.jpg","medium":"https://randomuser.me/api/portraits/med/men/77.jpg","thumbnail":"https://randomuser.me/api/portraits/thumb/men/77.jpg"},"nat":"NZ"}],"info":{"seed":"6a9e540eee010031","results":1,"page":1,"version":"1.4"}} 
 </msg>
<msg time="2024-04-10T17:12:20.802382" level="INFO">/opt/hostedtoolcache/Python/3.12.2/x64/lib/python3.12/site-packages/urllib3/connectionpool.py:1103: InsecureRequestWarning: Unverified HTTPS request is being made to host 'randomuser.me'. Adding certificate verification is strongly advised. See: https://urllib3.readthedocs.io/en/latest/advanced-usage.html#tls-warnings
  warnings.warn(</msg>
<msg time="2024-04-10T17:12:20.802512" level="INFO">${response} = &lt;Response [200]&gt;</msg>
<var>${response}</var>
<arg>consultarAPI</arg>
<arg>/api</arg>
<doc>Sends a GET request on a previously created HTTP Session.</doc>
<status status="PASS" start="2024-04-10T17:12:20.714581" elapsed="0.087972"/>
</kw>
<kw name="Set Variable" owner="BuiltIn">
<msg time="2024-04-10T17:12:20.803810" level="INFO">${json_data} = {'results': [{'gender': 'male', 'name': {'title': 'Mr', 'first': 'Roman', 'last': 'Harris'}, 'location': {'street': {'number': 6405, 'name': 'Lichfield Street'}, 'city': 'Greymouth', 'state': 'Nelson'...</msg>
<var>${json_data}</var>
<arg>${response.json()}</arg>
<doc>Returns the given values which can then be assigned to a variables.</doc>
<status status="PASS" start="2024-04-10T17:12:20.803215" elapsed="0.000623"/>
</kw>
<kw name="Log" owner="BuiltIn">
<msg time="2024-04-10T17:12:20.804303" level="INFO">{'results': [{'gender': 'male', 'name': {'title': 'Mr', 'first': 'Roman', 'last': 'Harris'}, 'location': {'street': {'number': 6405, 'name': 'Lichfield Street'}, 'city': 'Greymouth', 'state': 'Nelson', 'country': 'New Zealand', 'postcode': 58608, 'coordinates': {'latitude': '52.0454', 'longitude': '-140.0801'}, 'timezone': {'offset': '-3:30', 'description': 'Newfoundland'}}, 'email': 'roman.harris@example.com', 'login': {'uuid': 'd44a7378-ad30-4b5a-9d6a-8bacc4e1f415', 'username': 'greenmouse565', 'password': 'sport', 'salt': 'MZmbSvOt', 'md5': '154203b94b9346e165302efa9c948e68', 'sha1': '34df7ec2ca32c24e718f3622d62a8c37072ce585', 'sha256': '6bcf09997e86cd5f5740dbe837bba25b17c8207a66746d18ec02cf876c5bd504'}, 'dob': {'date': '1984-07-21T04:52:13.286Z', 'age': 39}, 'registered': {'date': '2015-09-25T03:42:30.881Z', 'age': 8}, 'phone': '(829)-092-1328', 'cell': '(981)-302-2687', 'id': {'name': '', 'value': None}, 'picture': {'large': 'https://randomuser.me/api/portraits/men/77.jpg', 'medium': 'https://randomuser.me/api/portraits/med/men/77.jpg', 'thumbnail': 'https://randomuser.me/api/portraits/thumb/men/77.jpg'}, 'nat': 'NZ'}], 'info': {'seed': '6a9e540eee010031', 'results': 1, 'page': 1, 'version': '1.4'}}</msg>
<arg>${json_data}</arg>
<doc>Logs the given message with the given level.</doc>
<status status="PASS" start="2024-04-10T17:12:20.804146" elapsed="0.000238"/>
</kw>
<kw name="Should Be Equal As Numbers" owner="BuiltIn">
<arg>${json_data['results'][0]['location']['postcode']}</arg>
<arg>${json_data['results'][0]['location']['postcode']}</arg>
<doc>Fails if objects are unequal after converting them to real numbers.</doc>
<status status="PASS" start="2024-04-10T17:12:20.804686" elapsed="0.000620"/>
</kw>
<kw name="Log" owner="BuiltIn">
<msg time="2024-04-10T17:12:20.805837" level="INFO">58608</msg>
<arg>${json_data['results'][0]['location']['postcode']}</arg>
<doc>Logs the given message with the given level.</doc>
<status status="PASS" start="2024-04-10T17:12:20.805497" elapsed="0.000381"/>
</kw>
<status status="PASS" start="2024-04-10T17:12:20.714338" elapsed="0.091836"/>
</kw>
<doc>Testa se os tipos de dados na resposta da API estão corretos.</doc>
<tag>testeTiposDados</tag>
<status status="PASS" start="2024-04-10T17:12:20.614203" elapsed="0.192149"/>
</test>
<test id="s1-s1-t5" name="Validar conteudo" line="35">
<kw name="Teste de Tipos de Conteudo" owner="random-user-service">
<kw name="GET On Session" owner="RequestsLibrary">
<msg time="2024-04-10T17:12:20.897688" level="INFO">GET Request : url=https://randomuser.me/api 
 path_url=/api 
 headers={'User-Agent': 'python-requests/2.31.0', 'Accept-Encoding': 'gzip, deflate', 'Accept': '*/*', 'Connection': 'keep-alive'} 
 body=None 
 </msg>
<msg time="2024-04-10T17:12:20.897774" level="INFO">GET Response : url=https://randomuser.me/api 
 status=200, reason=OK 
 headers={'Date': 'Wed, 10 Apr 2024 17:12:20 GMT', 'Content-Type': 'application/json; charset=utf-8', 'Transfer-Encoding': 'chunked', 'Connection': 'keep-alive', 'X-Powered-By': 'Express', 'Access-Control-Allow-Origin': '*', 'Cache-Control': 'no-cache', 'ETag': 'W/"47b-90EsepWWtfPXjV8M4bofIq+M30U"', 'Vary': 'Accept-Encoding', 'Content-Encoding': 'gzip', 'CF-Cache-Status': 'DYNAMIC', 'Report-To': '{"endpoints":[{"url":"https:\\/\\/a.nel.cloudflare.com\\/report\\/v4?s=IXip5BWTtaxFDZdGBHBSBRKJyAPeIwDm35OJaQ%2BJqit0lDKqxeIgoOC3K0IfaPLpFT%2B4kQs7oHaYHU4mdyUmMyHcsWbONs0hx0GJv%2FjG7PnE15XK2LsjugOg50cfhhg2"}],"group":"cf-nel","max_age":604800}', 'NEL': '{"success_fraction":0,"report_to":"cf-nel","max_age":604800}', 'Server': 'cloudflare', 'CF-RAY': '87245c7a19d2870b-ORD', 'alt-svc': 'h3=":443"; ma=86400'} 
 body={"results":[{"gender":"male","name":{"title":"Mr","first":"Louison","last":"Adam"},"location":{"street":{"number":638,"name":"Rue des Abbesses"},"city":"Marseille","state":"Gers","country":"France","postcode":37131,"coordinates":{"latitude":"-18.4998","longitude":"-66.7192"},"timezone":{"offset":"+3:30","description":"Tehran"}},"email":"louison.adam@example.com","login":{"uuid":"8091b754-7ff7-4215-9769-a921ce9e1ac0","username":"happymeercat704","password":"jackjack","salt":"C00CigtM","md5":"cad1758625ed5b7642bd9ef47eeb02ad","sha1":"f4832ee754be9610b191251619aed748820a3e7f","sha256":"11295934d951bb460ce8f5f5a850eb55a8f903846409dab786b051758fa48e6f"},"dob":{"date":"1976-10-20T21:36:27.901Z","age":47},"registered":{"date":"2005-08-15T00:03:51.918Z","age":18},"phone":"04-96-80-67-03","cell":"06-33-87-10-32","id":{"name":"INSEE","value":"1760921336773 82"},"picture":{"large":"https://randomuser.me/api/portraits/men/10.jpg","medium":"https://randomuser.me/api/portraits/med/men/10.jpg","thumbnail":"https://randomuser.me/api/portraits/thumb/men/10.jpg"},"nat":"FR"}],"info":{"seed":"06b64fcf61b178a0","results":1,"page":1,"version":"1.4"}} 
 </msg>
<msg time="2024-04-10T17:12:20.897840" level="INFO">/opt/hostedtoolcache/Python/3.12.2/x64/lib/python3.12/site-packages/urllib3/connectionpool.py:1103: InsecureRequestWarning: Unverified HTTPS request is being made to host 'randomuser.me'. Adding certificate verification is strongly advised. See: https://urllib3.readthedocs.io/en/latest/advanced-usage.html#tls-warnings
  warnings.warn(</msg>
<msg time="2024-04-10T17:12:20.897945" level="INFO">${response} = &lt;Response [200]&gt;</msg>
<var>${response}</var>
<arg>consultarAPI</arg>
<arg>/api</arg>
<doc>Sends a GET request on a previously created HTTP Session.</doc>
<status status="PASS" start="2024-04-10T17:12:20.808874" elapsed="0.089104"/>
</kw>
<kw name="Set Variable" owner="BuiltIn">
<msg time="2024-04-10T17:12:20.899006" level="INFO">${json_data} = {'results': [{'gender': 'male', 'name': {'title': 'Mr', 'first': 'Louison', 'last': 'Adam'}, 'location': {'street': {'number': 638, 'name': 'Rue des Abbesses'}, 'city': 'Marseille', 'state': 'Gers', '...</msg>
<var>${json_data}</var>
<arg>${response.json()}</arg>
<doc>Returns the given values which can then be assigned to a variables.</doc>
<status status="PASS" start="2024-04-10T17:12:20.898501" elapsed="0.000533"/>
</kw>
<kw name="Set Variable" owner="BuiltIn">
<msg time="2024-04-10T17:12:20.899726" level="INFO">${name_title} = Mr</msg>
<var>${name_title}</var>
<arg>${json_data["results"][0]["name"]["title"]}</arg>
<doc>Returns the given values which can then be assigned to a variables.</doc>
<status status="PASS" start="2024-04-10T17:12:20.899341" elapsed="0.000411"/>
</kw>
<kw name="Create List" owner="BuiltIn">
<msg time="2024-04-10T17:12:20.900205" level="INFO">${allowed_titles} = ['Mr', 'Ms', 'Miss', 'Mrs', 'Madame', 'Monsieur']</msg>
<var>${allowed_titles}</var>
<arg>Mr</arg>
<arg>Ms</arg>
<arg>Miss</arg>
<arg>Mrs</arg>
<arg>Madame</arg>
<arg>Monsieur</arg>
<doc>Returns a list containing given items.</doc>
<status status="PASS" start="2024-04-10T17:12:20.900053" elapsed="0.000176"/>
</kw>
<kw name="List Should Contain Value" owner="Collections">
<msg time="2024-04-10T17:12:20.900708" level="INFO">False</msg>
<arg>${allowed_titles}</arg>
<arg>${name_title}</arg>
<doc>Fails if the ``value`` is not found from ``list``.</doc>
<status status="PASS" start="2024-04-10T17:12:20.900533" elapsed="0.000212"/>
</kw>
<kw name="Set Variable" owner="BuiltIn">
<msg time="2024-04-10T17:12:20.901424" level="INFO">${name_country} = FR</msg>
<var>${name_country}</var>
<arg>${json_data["results"][0]["nat"]}</arg>
<doc>Returns the given values which can then be assigned to a variables.</doc>
<status status="PASS" start="2024-04-10T17:12:20.901042" elapsed="0.000407"/>
</kw>
<kw name="Create List" owner="BuiltIn">
<msg time="2024-04-10T17:12:20.902407" level="INFO">${list_country} = ['AD', 'AE', 'AF', 'AG', 'AI', 'AL', 'AM', 'AO', 'AQ', 'AR', 'AS', 'AT', 'AU', 'AW', 'AX', 'AZ', 'BA', 'BB', 'BD', 'BE', 'BF', 'BG', 'BH', 'BI', 'BJ', 'BL', 'BM', 'BN', 'BO', 'BQ', 'BR', 'BS', 'BT', '...</msg>
<var>${list_country}</var>
<arg>AD</arg>
<arg>AE</arg>
<arg>AF</arg>
<arg>AG</arg>
<arg>AI</arg>
<arg>AL</arg>
<arg>AM</arg>
<arg>AO</arg>
<arg>AQ</arg>
<arg>AR</arg>
<arg>AS</arg>
<arg>AT</arg>
<arg>AU</arg>
<arg>AW</arg>
<arg>AX</arg>
<arg>AZ</arg>
<arg>BA</arg>
<arg>BB</arg>
<arg>BD</arg>
<arg>BE</arg>
<arg>BF</arg>
<arg>BG</arg>
<arg>BH</arg>
<arg>BI</arg>
<arg>BJ</arg>
<arg>BL</arg>
<arg>BM</arg>
<arg>BN</arg>
<arg>BO</arg>
<arg>BQ</arg>
<arg>BR</arg>
<arg>BS</arg>
<arg>BT</arg>
<arg>BV</arg>
<arg>BW</arg>
<arg>BY</arg>
<arg>BZ</arg>
<arg>CA</arg>
<arg>CC</arg>
<arg>CD</arg>
<arg>CF</arg>
<arg>CG</arg>
<arg>CH</arg>
<arg>CI</arg>
<arg>CK</arg>
<arg>CL</arg>
<arg>CM</arg>
<arg>CN</arg>
<arg>CO</arg>
<arg>CR</arg>
<arg>CU</arg>
<arg>CV</arg>
<arg>CW</arg>
<arg>CX</arg>
<arg>CY</arg>
<arg>CZ</arg>
<arg>DE</arg>
<arg>DJ</arg>
<arg>DK</arg>
<arg>DM</arg>
<arg>DO</arg>
<arg>DZ</arg>
<arg>EC</arg>
<arg>EE</arg>
<arg>EG</arg>
<arg>EH</arg>
<arg>ER</arg>
<arg>ES</arg>
<arg>ET</arg>
<arg>FI</arg>
<arg>FJ</arg>
<arg>FK</arg>
<arg>FM</arg>
<arg>FO</arg>
<arg>FR</arg>
<arg>GA</arg>
<arg>GB</arg>
<arg>GD</arg>
<arg>GE</arg>
<arg>GF</arg>
<arg>GG</arg>
<arg>GH</arg>
<arg>GI</arg>
<arg>GL</arg>
<arg>GM</arg>
<arg>GN</arg>
<arg>GP</arg>
<arg>GQ</arg>
<arg>GR</arg>
<arg>GS</arg>
<arg>GT</arg>
<arg>GU</arg>
<arg>GW</arg>
<arg>GY</arg>
<arg>HK</arg>
<arg>HM</arg>
<arg>HN</arg>
<arg>HR</arg>
<arg>HT</arg>
<arg>HU</arg>
<arg>ID</arg>
<arg>IE</arg>
<arg>IL</arg>
<arg>IM</arg>
<arg>IN</arg>
<arg>IO</arg>
<arg>IQ</arg>
<arg>IR</arg>
<arg>IS</arg>
<arg>IT</arg>
<arg>JE</arg>
<arg>JM</arg>
<arg>JO</arg>
<arg>JP</arg>
<arg>KE</arg>
<arg>KG</arg>
<arg>KH</arg>
<arg>KI</arg>
<arg>KM</arg>
<arg>KN</arg>
<arg>KP</arg>
<arg>KR</arg>
<arg>KW</arg>
<arg>KY</arg>
<arg>KZ</arg>
<arg>LA</arg>
<arg>LB</arg>
<arg>LC</arg>
<arg>LI</arg>
<arg>LK</arg>
<arg>LR</arg>
<arg>LS</arg>
<arg>LT</arg>
<arg>LU</arg>
<arg>LV</arg>
<arg>LY</arg>
<arg>MA</arg>
<arg>MC</arg>
<arg>MD</arg>
<arg>ME</arg>
<arg>MF</arg>
<arg>MG</arg>
<arg>MH</arg>
<arg>MK</arg>
<arg>ML</arg>
<arg>MM</arg>
<arg>MN</arg>
<arg>MO</arg>
<arg>MP</arg>
<arg>MQ</arg>
<arg>MR</arg>
<arg>MS</arg>
<arg>MT</arg>
<arg>MU</arg>
<arg>MV</arg>
<arg>MW</arg>
<arg>MX</arg>
<arg>MY</arg>
<arg>MZ</arg>
<arg>NA</arg>
<arg>NC</arg>
<arg>NE</arg>
<arg>NF</arg>
<arg>NG</arg>
<arg>NI</arg>
<arg>NL</arg>
<arg>NO</arg>
<arg>NP</arg>
<arg>NR</arg>
<arg>NU</arg>
<arg>NZ</arg>
<arg>OM</arg>
<arg>PA</arg>
<arg>PE</arg>
<arg>PF</arg>
<arg>PG</arg>
<arg>PH</arg>
<arg>PK</arg>
<arg>PL</arg>
<arg>PM</arg>
<arg>PN</arg>
<arg>PR</arg>
<arg>PS</arg>
<arg>PT</arg>
<arg>PW</arg>
<arg>PY</arg>
<arg>QA</arg>
<arg>RE</arg>
<arg>RO</arg>
<arg>RS</arg>
<arg>RU</arg>
<arg>RW</arg>
<arg>SA</arg>
<arg>SB</arg>
<arg>SC</arg>
<arg>SD</arg>
<arg>SE</arg>
<arg>SG</arg>
<arg>SH</arg>
<arg>SI</arg>
<arg>SJ</arg>
<arg>SK</arg>
<arg>SL</arg>
<arg>SM</arg>
<arg>SN</arg>
<arg>SO</arg>
<arg>SR</arg>
<arg>SS</arg>
<arg>ST</arg>
<arg>SV</arg>
<arg>SX</arg>
<arg>SY</arg>
<arg>SZ</arg>
<arg>TC</arg>
<arg>TD</arg>
<arg>TF</arg>
<arg>TG</arg>
<arg>TH</arg>
<arg>TJ</arg>
<arg>TK</arg>
<arg>TL</arg>
<arg>TM</arg>
<arg>TN</arg>
<arg>TO</arg>
<arg>TR</arg>
<arg>TT</arg>
<arg>TV</arg>
<arg>TW</arg>
<arg>TZ</arg>
<arg>UA</arg>
<arg>UG</arg>
<arg>UM</arg>
<arg>US</arg>
<arg>UY</arg>
<arg>UZ</arg>
<arg>VA</arg>
<arg>VC</arg>
<arg>VE</arg>
<arg>VG</arg>
<arg>VI</arg>
<arg>VN</arg>
<arg>VU</arg>
<arg>WF</arg>
<arg>WS</arg>
<arg>XK</arg>
<arg>YE</arg>
<arg>YT</arg>
<arg>ZA</arg>
<arg>ZM</arg>
<arg>ZW</arg>
<doc>Returns a list containing given items.</doc>
<status status="PASS" start="2024-04-10T17:12:20.901757" elapsed="0.000678"/>
</kw>
<kw name="List Should Contain Value" owner="Collections">
<msg time="2024-04-10T17:12:20.903450" level="INFO">False</msg>
<arg>${list_country}</arg>
<arg>${name_country}</arg>
<doc>Fails if the ``value`` is not found from ``list``.</doc>
<status status="PASS" start="2024-04-10T17:12:20.903249" elapsed="0.000238"/>
</kw>
<kw name="Run Keyword If" owner="BuiltIn">
<kw name="Should Be True" owner="BuiltIn">
<arg>${True}</arg>
<doc>Fails if the given condition is not true.</doc>
<status status="PASS" start="2024-04-10T17:12:20.904724" elapsed="0.000149"/>
</kw>
<arg>${json_data["results"][0]["location"]["coordinates"]["latitude"]} &gt;= -90 and ${json_data["results"][0]["location"]["coordinates"]["latitude"]} &lt;= 90</arg>
<arg>Should Be True</arg>
<arg>${True}</arg>
<doc>Runs the given keyword with the given arguments, if ``condition`` is true.</doc>
<status status="PASS" start="2024-04-10T17:12:20.903803" elapsed="0.001203"/>
</kw>
<kw name="Run Keyword If" owner="BuiltIn">
<kw name="Should Be True" owner="BuiltIn">
<arg>${True}</arg>
<doc>Fails if the given condition is not true.</doc>
<status status="PASS" start="2024-04-10T17:12:20.905885" elapsed="0.000166"/>
</kw>
<arg>${json_data["results"][0]["location"]["coordinates"]["longitude"]} &gt;= -180 and ${json_data["results"][0]["location"]["coordinates"]["longitude"]} &lt;= 180</arg>
<arg>Should Be True</arg>
<arg>${True}</arg>
<doc>Runs the given keyword with the given arguments, if ``condition`` is true.</doc>
<status status="PASS" start="2024-04-10T17:12:20.905193" elapsed="0.001002"/>
</kw>
<status status="PASS" start="2024-04-10T17:12:20.808647" elapsed="0.097681"/>
</kw>
<doc>Testa o conteúdo específico dos campos retornados pela API.</doc>
<tag>testeConteudo</tag>
<status status="PASS" start="2024-04-10T17:12:20.808098" elapsed="0.098383"/>
</test>
<status status="PASS" start="2024-04-10T17:12:19.918417" elapsed="0.990042"/>
</suite>
<status status="PASS" start="2024-04-10T17:12:19.904465" elapsed="1.009377"/>
</suite>
<statistics>
<total>
<stat pass="5" fail="0" skip="0">All Tests</stat>
</total>
<tag>
<stat pass="1" fail="0" skip="0">testeConteudo</stat>
<stat pass="1" fail="0" skip="0">testeEstruturaResposta</stat>
<stat pass="1" fail="0" skip="0">testeRequisicaoBasica</stat>
<stat pass="1" fail="0" skip="0">testeTiposDados</stat>
</tag>
<suite>
<stat pass="5" fail="0" skip="0" id="s1" name="Tests">Tests</stat>
<stat pass="5" fail="0" skip="0" id="s1-s1" name="Random-User-Test">Tests.Random-User-Test</stat>
</suite>
</statistics>
<errors>
</errors>
</robot>
