<?xml version="1.0" encoding="UTF-8"?>
<robot generator="Robot 7.0.1 (Python 3.12.4 on linux)" generated="2024-08-09T15:17:36.572101" rpa="false" schemaversion="5">
<suite id="s1" name="Tests" source="/home/runner/work/ApiRandomUser/ApiRandomUser/RamdonUser/tests">
<suite id="s1-s1" name="Random-User-Test" source="/home/runner/work/ApiRandomUser/ApiRandomUser/RamdonUser/tests/random-user-test.robot">
<test id="s1-s1-t1" name="Conectar" line="13">
<kw name="Conectar API" owner="random-user-service">
<kw name="Create Session" owner="RequestsLibrary">
<msg time="2024-08-09T15:17:36.977091" level="INFO">Creating Session using : alias=consultarAPI, url=https://randomuser.me/, headers={},                     cookies={}, auth=None, timeout=None, proxies=None, verify=False,                     debug=0 </msg>
<arg>consultarAPI</arg>
<arg>${URL}</arg>
<doc>Create Session: create a HTTP session to a server</doc>
<status status="PASS" start="2024-08-09T15:17:36.976873" elapsed="0.000403"/>
</kw>
<status status="PASS" start="2024-08-09T15:17:36.975798" elapsed="0.001834"/>
</kw>
<status status="PASS" start="2024-08-09T15:17:36.975185" elapsed="0.002640"/>
</test>
<test id="s1-s1-t2" name="Validar retorno 200 e JSON Válido" line="16">
<kw name="Teste de Requisicao Basica" owner="random-user-service">
<kw name="GET On Session" owner="RequestsLibrary">
<msg time="2024-08-09T15:17:37.118218" level="INFO">GET Request : url=https://randomuser.me/api 
 path_url=/api 
 headers={'User-Agent': 'python-requests/2.32.3', 'Accept-Encoding': 'gzip, deflate', 'Accept': '*/*', 'Connection': 'keep-alive'} 
 body=None 
 </msg>
<msg time="2024-08-09T15:17:37.118393" level="INFO">GET Response : url=https://randomuser.me/api 
 status=200, reason=OK 
 headers={'Date': 'Fri, 09 Aug 2024 15:17:37 GMT', 'Content-Type': 'application/json; charset=utf-8', 'Transfer-Encoding': 'chunked', 'Connection': 'keep-alive', 'X-Powered-By': 'Express', 'Access-Control-Allow-Origin': '*', 'Cache-Control': 'no-cache', 'ETag': 'W/"491-4gfklOwWA1HBdVh/XLkw/Omcc/w"', 'Vary': 'Accept-Encoding', 'Content-Encoding': 'gzip', 'CF-Cache-Status': 'DYNAMIC', 'Report-To': '{"endpoints":[{"url":"https:\\/\\/a.nel.cloudflare.com\\/report\\/v4?s=hkzGUYHrADS55DoflhRzRtNWhOiN1aHYRsq0ovI6CCUj61Kfap%2FhOmZuiKgNjhGAZF9iZHHjOC6L5kc1rktalt1CCGdtYZ1DU%2B%2BsS6DJ0fets6TaI95QtS9SBTmAYOe6"}],"group":"cf-nel","max_age":604800}', 'NEL': '{"success_fraction":0,"report_to":"cf-nel","max_age":604800}', 'Server': 'cloudflare', 'CF-RAY': '8b08b6ca4bab239d-SJC', 'alt-svc': 'h3=":443"; ma=86400'} 
 body={"results":[{"gender":"male","name":{"title":"Mr","first":"Aiden","last":"Thompson"},"location":{"street":{"number":690,"name":"Disputed Rd"},"city":"Stratford","state":"Québec","country":"Canada","postcode":"Q4K 4W5","coordinates":{"latitude":"-70.4612","longitude":"-33.4432"},"timezone":{"offset":"+3:00","description":"Baghdad, Riyadh, Moscow, St. Petersburg"}},"email":"aiden.thompson@example.com","login":{"uuid":"0e816dc2-63b3-4b92-8b84-dbe329e65358","username":"orangefrog835","password":"plastic","salt":"AoTnRLhH","md5":"5186ff761275ba2b5180f2176dfcf3f3","sha1":"4dd4a4599d0b123419e6326d2c223fc9cf9c8603","sha256":"f222f3c14f03c616bb263a8e52a557973ac61c2f16a84d314df05661451d55b9"},"dob":{"date":"1986-12-28T16:41:08.347Z","age":37},"registered":{"date":"2021-02-02T16:52:53.127Z","age":3},"phone":"E68 L32-3538","cell":"X01 G02-2748","id":{"name":"SIN","value":"691419782"},"picture":{"large":"https://randomuser.me/api/portraits/men/23.jpg","medium":"https://randomuser.me/api/portraits/med/men/23.jpg","thumbnail":"https://randomuser.me/api/portraits/thumb/men/23.jpg"},"nat":"CA"}],"info":{"seed":"f328df8bf7b77e81","results":1,"page":1,"version":"1.4"}} 
 </msg>
<msg time="2024-08-09T15:17:37.118521" level="INFO">/opt/hostedtoolcache/Python/3.12.4/x64/lib/python3.12/site-packages/urllib3/connectionpool.py:1099: InsecureRequestWarning: Unverified HTTPS request is being made to host 'randomuser.me'. Adding certificate verification is strongly advised. See: https://urllib3.readthedocs.io/en/latest/advanced-usage.html#tls-warnings
  warnings.warn(</msg>
<msg time="2024-08-09T15:17:37.118692" level="INFO">${response} = &lt;Response [200]&gt;</msg>
<var>${response}</var>
<arg>consultarAPI</arg>
<arg>/api</arg>
<doc>Sends a GET request on a previously created HTTP Session.</doc>
<status status="PASS" start="2024-08-09T15:17:36.980518" elapsed="0.138221"/>
</kw>
<kw name="Should Be Equal As Numbers" owner="BuiltIn">
<msg time="2024-08-09T15:17:37.119827" level="INFO">Argument types are:
&lt;class 'int'&gt;
&lt;class 'str'&gt;</msg>
<arg>${response.status_code}</arg>
<arg>200</arg>
<doc>Fails if objects are unequal after converting them to real numbers.</doc>
<status status="PASS" start="2024-08-09T15:17:37.119363" elapsed="0.000531"/>
</kw>
<kw name="Log" owner="BuiltIn">
<msg time="2024-08-09T15:17:37.120603" level="INFO">200</msg>
<arg>${response.status_code}</arg>
<doc>Logs the given message with the given level.</doc>
<status status="PASS" start="2024-08-09T15:17:37.120232" elapsed="0.000413"/>
</kw>
<kw name="Set Variable" owner="BuiltIn">
<msg time="2024-08-09T15:17:37.121406" level="INFO">${json_data} = {'results': [{'gender': 'male', 'name': {'title': 'Mr', 'first': 'Aiden', 'last': 'Thompson'}, 'location': {'street': {'number': 690, 'name': 'Disputed Rd'}, 'city': 'Stratford', 'state': 'Québec', 'c...</msg>
<var>${json_data}</var>
<arg>${response.json()}</arg>
<doc>Returns the given values which can then be assigned to a variables.</doc>
<status status="PASS" start="2024-08-09T15:17:37.120958" elapsed="0.000477"/>
</kw>
<kw name="Dictionary Should Contain Key" owner="Collections">
<arg>${json_data}</arg>
<arg>results</arg>
<doc>Fails if ``key`` is not found from ``dictionary``.</doc>
<status status="PASS" start="2024-08-09T15:17:37.121742" elapsed="0.000333"/>
</kw>
<status status="PASS" start="2024-08-09T15:17:36.980278" elapsed="0.141955"/>
</kw>
<doc>Testa se a API responde corretamente e retorna um objeto JSON válido.</doc>
<tag>testeRequisicaoBasica</tag>
<status status="PASS" start="2024-08-09T15:17:36.979750" elapsed="0.142661"/>
</test>
<test id="s1-s1-t3" name="Validar estrutura de resposta" line="22">
<kw name="Teste de Estrutura de Resposta" owner="random-user-service">
<kw name="GET On Session" owner="RequestsLibrary">
<msg time="2024-08-09T15:17:37.213561" level="INFO">GET Request : url=https://randomuser.me/api 
 path_url=/api 
 headers={'User-Agent': 'python-requests/2.32.3', 'Accept-Encoding': 'gzip, deflate', 'Accept': '*/*', 'Connection': 'keep-alive'} 
 body=None 
 </msg>
<msg time="2024-08-09T15:17:37.213656" level="INFO">GET Response : url=https://randomuser.me/api 
 status=200, reason=OK 
 headers={'Date': 'Fri, 09 Aug 2024 15:17:37 GMT', 'Content-Type': 'application/json; charset=utf-8', 'Transfer-Encoding': 'chunked', 'Connection': 'keep-alive', 'X-Powered-By': 'Express', 'Access-Control-Allow-Origin': '*', 'Cache-Control': 'no-cache', 'ETag': 'W/"493-6paR/kmBTq9TZeAEn+J+l3zpKC8"', 'Vary': 'Accept-Encoding', 'Content-Encoding': 'gzip', 'CF-Cache-Status': 'DYNAMIC', 'Report-To': '{"endpoints":[{"url":"https:\\/\\/a.nel.cloudflare.com\\/report\\/v4?s=YiQB7QtzuJG8PN6diTvChfJoVax2JiVZzlOpc40R7CSQUfZ078L7XuYahubCv8QM8zRyu5IHhFviPxM18sVX3FfJQ7VyAZE9%2FYtJU4vBdJD7TRz%2BcU2SeFwKCh8OZWi%2B"}],"group":"cf-nel","max_age":604800}', 'NEL': '{"success_fraction":0,"report_to":"cf-nel","max_age":604800}', 'Server': 'cloudflare', 'CF-RAY': '8b08b6cb0c3f239d-SJC', 'alt-svc': 'h3=":443"; ma=86400'} 
 body={"results":[{"gender":"female","name":{"title":"Ms","first":"Chloe","last":"Jones"},"location":{"street":{"number":2842,"name":"Castle Street"},"city":"Palmerston North","state":"Northland","country":"New Zealand","postcode":41895,"coordinates":{"latitude":"48.0786","longitude":"126.0153"},"timezone":{"offset":"+5:30","description":"Bombay, Calcutta, Madras, New Delhi"}},"email":"chloe.jones@example.com","login":{"uuid":"35bb4198-52ff-43b0-87bb-3ca200324544","username":"silverduck806","password":"rainbow","salt":"k87nTbYC","md5":"df86d50a84bedf4e5b5b3e93b68f0f01","sha1":"cf9ea3ea5f639242ce6b0fc87590fb188b07f649","sha256":"fe8da42a6d8cbecb1e0132e8d897f109501bae2045333a3b737c062b974c6699"},"dob":{"date":"1982-01-03T18:47:41.793Z","age":42},"registered":{"date":"2005-12-30T01:44:36.361Z","age":18},"phone":"(021)-232-2426","cell":"(407)-462-4749","id":{"name":"","value":null},"picture":{"large":"https://randomuser.me/api/portraits/women/5.jpg","medium":"https://randomuser.me/api/portraits/med/women/5.jpg","thumbnail":"https://randomuser.me/api/portraits/thumb/women/5.jpg"},"nat":"NZ"}],"info":{"seed":"e1e6433822233969","results":1,"page":1,"version":"1.4"}} 
 </msg>
<msg time="2024-08-09T15:17:37.213776" level="INFO">/opt/hostedtoolcache/Python/3.12.4/x64/lib/python3.12/site-packages/urllib3/connectionpool.py:1099: InsecureRequestWarning: Unverified HTTPS request is being made to host 'randomuser.me'. Adding certificate verification is strongly advised. See: https://urllib3.readthedocs.io/en/latest/advanced-usage.html#tls-warnings
  warnings.warn(</msg>
<msg time="2024-08-09T15:17:37.213907" level="INFO">${response} = &lt;Response [200]&gt;</msg>
<var>${response}</var>
<arg>consultarAPI</arg>
<arg>/api</arg>
<doc>Sends a GET request on a previously created HTTP Session.</doc>
<status status="PASS" start="2024-08-09T15:17:37.125023" elapsed="0.088928"/>
</kw>
<kw name="Set Variable" owner="BuiltIn">
<msg time="2024-08-09T15:17:37.214899" level="INFO">${json_data} = {'results': [{'gender': 'female', 'name': {'title': 'Ms', 'first': 'Chloe', 'last': 'Jones'}, 'location': {'street': {'number': 2842, 'name': 'Castle Street'}, 'city': 'Palmerston North', 'state': 'No...</msg>
<var>${json_data}</var>
<arg>${response.json()}</arg>
<doc>Returns the given values which can then be assigned to a variables.</doc>
<status status="PASS" start="2024-08-09T15:17:37.214370" elapsed="0.000558"/>
</kw>
<kw name="Log" owner="BuiltIn">
<msg time="2024-08-09T15:17:37.215417" level="INFO">{'results': [{'gender': 'female', 'name': {'title': 'Ms', 'first': 'Chloe', 'last': 'Jones'}, 'location': {'street': {'number': 2842, 'name': 'Castle Street'}, 'city': 'Palmerston North', 'state': 'Northland', 'country': 'New Zealand', 'postcode': 41895, 'coordinates': {'latitude': '48.0786', 'longitude': '126.0153'}, 'timezone': {'offset': '+5:30', 'description': 'Bombay, Calcutta, Madras, New Delhi'}}, 'email': 'chloe.jones@example.com', 'login': {'uuid': '35bb4198-52ff-43b0-87bb-3ca200324544', 'username': 'silverduck806', 'password': 'rainbow', 'salt': 'k87nTbYC', 'md5': 'df86d50a84bedf4e5b5b3e93b68f0f01', 'sha1': 'cf9ea3ea5f639242ce6b0fc87590fb188b07f649', 'sha256': 'fe8da42a6d8cbecb1e0132e8d897f109501bae2045333a3b737c062b974c6699'}, 'dob': {'date': '1982-01-03T18:47:41.793Z', 'age': 42}, 'registered': {'date': '2005-12-30T01:44:36.361Z', 'age': 18}, 'phone': '(021)-232-2426', 'cell': '(407)-462-4749', 'id': {'name': '', 'value': None}, 'picture': {'large': 'https://randomuser.me/api/portraits/women/5.jpg', 'medium': 'https://randomuser.me/api/portraits/med/women/5.jpg', 'thumbnail': 'https://randomuser.me/api/portraits/thumb/women/5.jpg'}, 'nat': 'NZ'}], 'info': {'seed': 'e1e6433822233969', 'results': 1, 'page': 1, 'version': '1.4'}}</msg>
<arg>${json_data}</arg>
<doc>Logs the given message with the given level.</doc>
<status status="PASS" start="2024-08-09T15:17:37.215255" elapsed="0.000210"/>
</kw>
<kw name="Dictionary Should Contain Key" owner="Collections">
<arg>${json_data}</arg>
<arg>results</arg>
<doc>Fails if ``key`` is not found from ``dictionary``.</doc>
<status status="PASS" start="2024-08-09T15:17:37.215762" elapsed="0.000167"/>
</kw>
<kw name="Should Not Be Empty" owner="BuiltIn">
<msg time="2024-08-09T15:17:37.216246" level="INFO">Length is 2.</msg>
<arg>${json_data}</arg>
<doc>Verifies that the given item is not empty.</doc>
<status status="PASS" start="2024-08-09T15:17:37.216117" elapsed="0.000166"/>
</kw>
<kw name="Create List" owner="BuiltIn">
<msg time="2024-08-09T15:17:37.216733" level="INFO">${expected_keys} = ['gender', 'name', 'location', 'email', 'login']</msg>
<var>${expected_keys}</var>
<arg>gender</arg>
<arg>name</arg>
<arg>location</arg>
<arg>email</arg>
<arg>login</arg>
<doc>Returns a list containing given items.</doc>
<status status="PASS" start="2024-08-09T15:17:37.216583" elapsed="0.000174"/>
</kw>
<for flavor="IN">
<iter>
<kw name="Dictionary Should Contain Key" owner="Collections">
<arg>${json_data['results'][0]}</arg>
<arg>${key}</arg>
<doc>Fails if ``key`` is not found from ``dictionary``.</doc>
<status status="PASS" start="2024-08-09T15:17:37.217352" elapsed="0.000419"/>
</kw>
<kw name="Log" owner="BuiltIn">
<msg time="2024-08-09T15:17:37.218345" level="INFO">{'gender': 'female', 'name': {'title': 'Ms', 'first': 'Chloe', 'last': 'Jones'}, 'location': {'street': {'number': 2842, 'name': 'Castle Street'}, 'city': 'Palmerston North', 'state': 'Northland', 'country': 'New Zealand', 'postcode': 41895, 'coordinates': {'latitude': '48.0786', 'longitude': '126.0153'}, 'timezone': {'offset': '+5:30', 'description': 'Bombay, Calcutta, Madras, New Delhi'}}, 'email': 'chloe.jones@example.com', 'login': {'uuid': '35bb4198-52ff-43b0-87bb-3ca200324544', 'username': 'silverduck806', 'password': 'rainbow', 'salt': 'k87nTbYC', 'md5': 'df86d50a84bedf4e5b5b3e93b68f0f01', 'sha1': 'cf9ea3ea5f639242ce6b0fc87590fb188b07f649', 'sha256': 'fe8da42a6d8cbecb1e0132e8d897f109501bae2045333a3b737c062b974c6699'}, 'dob': {'date': '1982-01-03T18:47:41.793Z', 'age': 42}, 'registered': {'date': '2005-12-30T01:44:36.361Z', 'age': 18}, 'phone': '(021)-232-2426', 'cell': '(407)-462-4749', 'id': {'name': '', 'value': None}, 'picture': {'large': 'https://randomuser.me/api/portraits/women/5.jpg', 'medium': 'https://randomuser.me/api/portraits/med/women/5.jpg', 'thumbnail': 'https://randomuser.me/api/portraits/thumb/women/5.jpg'}, 'nat': 'NZ'}</msg>
<arg>${json_data['results'][0]}</arg>
<doc>Logs the given message with the given level.</doc>
<status status="PASS" start="2024-08-09T15:17:37.217974" elapsed="0.000420"/>
</kw>
<kw name="Log" owner="BuiltIn">
<msg time="2024-08-09T15:17:37.218859" level="INFO">gender</msg>
<arg>${key}</arg>
<doc>Logs the given message with the given level.</doc>
<status status="PASS" start="2024-08-09T15:17:37.218727" elapsed="0.000171"/>
</kw>
<var name="${key}">gender</var>
<status status="PASS" start="2024-08-09T15:17:37.217226" elapsed="0.001889"/>
</iter>
<iter>
<kw name="Dictionary Should Contain Key" owner="Collections">
<arg>${json_data['results'][0]}</arg>
<arg>${key}</arg>
<doc>Fails if ``key`` is not found from ``dictionary``.</doc>
<status status="PASS" start="2024-08-09T15:17:37.219424" elapsed="0.000398"/>
</kw>
<kw name="Log" owner="BuiltIn">
<msg time="2024-08-09T15:17:37.220350" level="INFO">{'gender': 'female', 'name': {'title': 'Ms', 'first': 'Chloe', 'last': 'Jones'}, 'location': {'street': {'number': 2842, 'name': 'Castle Street'}, 'city': 'Palmerston North', 'state': 'Northland', 'country': 'New Zealand', 'postcode': 41895, 'coordinates': {'latitude': '48.0786', 'longitude': '126.0153'}, 'timezone': {'offset': '+5:30', 'description': 'Bombay, Calcutta, Madras, New Delhi'}}, 'email': 'chloe.jones@example.com', 'login': {'uuid': '35bb4198-52ff-43b0-87bb-3ca200324544', 'username': 'silverduck806', 'password': 'rainbow', 'salt': 'k87nTbYC', 'md5': 'df86d50a84bedf4e5b5b3e93b68f0f01', 'sha1': 'cf9ea3ea5f639242ce6b0fc87590fb188b07f649', 'sha256': 'fe8da42a6d8cbecb1e0132e8d897f109501bae2045333a3b737c062b974c6699'}, 'dob': {'date': '1982-01-03T18:47:41.793Z', 'age': 42}, 'registered': {'date': '2005-12-30T01:44:36.361Z', 'age': 18}, 'phone': '(021)-232-2426', 'cell': '(407)-462-4749', 'id': {'name': '', 'value': None}, 'picture': {'large': 'https://randomuser.me/api/portraits/women/5.jpg', 'medium': 'https://randomuser.me/api/portraits/med/women/5.jpg', 'thumbnail': 'https://randomuser.me/api/portraits/thumb/women/5.jpg'}, 'nat': 'NZ'}</msg>
<arg>${json_data['results'][0]}</arg>
<doc>Logs the given message with the given level.</doc>
<status status="PASS" start="2024-08-09T15:17:37.220005" elapsed="0.000425"/>
</kw>
<kw name="Log" owner="BuiltIn">
<msg time="2024-08-09T15:17:37.220854" level="INFO">name</msg>
<arg>${key}</arg>
<doc>Logs the given message with the given level.</doc>
<status status="PASS" start="2024-08-09T15:17:37.220727" elapsed="0.000165"/>
</kw>
<var name="${key}">name</var>
<status status="PASS" start="2024-08-09T15:17:37.219305" elapsed="0.001804"/>
</iter>
<iter>
<kw name="Dictionary Should Contain Key" owner="Collections">
<arg>${json_data['results'][0]}</arg>
<arg>${key}</arg>
<doc>Fails if ``key`` is not found from ``dictionary``.</doc>
<status status="PASS" start="2024-08-09T15:17:37.221400" elapsed="0.000379"/>
</kw>
<kw name="Log" owner="BuiltIn">
<msg time="2024-08-09T15:17:37.222301" level="INFO">{'gender': 'female', 'name': {'title': 'Ms', 'first': 'Chloe', 'last': 'Jones'}, 'location': {'street': {'number': 2842, 'name': 'Castle Street'}, 'city': 'Palmerston North', 'state': 'Northland', 'country': 'New Zealand', 'postcode': 41895, 'coordinates': {'latitude': '48.0786', 'longitude': '126.0153'}, 'timezone': {'offset': '+5:30', 'description': 'Bombay, Calcutta, Madras, New Delhi'}}, 'email': 'chloe.jones@example.com', 'login': {'uuid': '35bb4198-52ff-43b0-87bb-3ca200324544', 'username': 'silverduck806', 'password': 'rainbow', 'salt': 'k87nTbYC', 'md5': 'df86d50a84bedf4e5b5b3e93b68f0f01', 'sha1': 'cf9ea3ea5f639242ce6b0fc87590fb188b07f649', 'sha256': 'fe8da42a6d8cbecb1e0132e8d897f109501bae2045333a3b737c062b974c6699'}, 'dob': {'date': '1982-01-03T18:47:41.793Z', 'age': 42}, 'registered': {'date': '2005-12-30T01:44:36.361Z', 'age': 18}, 'phone': '(021)-232-2426', 'cell': '(407)-462-4749', 'id': {'name': '', 'value': None}, 'picture': {'large': 'https://randomuser.me/api/portraits/women/5.jpg', 'medium': 'https://randomuser.me/api/portraits/med/women/5.jpg', 'thumbnail': 'https://randomuser.me/api/portraits/thumb/women/5.jpg'}, 'nat': 'NZ'}</msg>
<arg>${json_data['results'][0]}</arg>
<doc>Logs the given message with the given level.</doc>
<status status="PASS" start="2024-08-09T15:17:37.221960" elapsed="0.000388"/>
</kw>
<kw name="Log" owner="BuiltIn">
<msg time="2024-08-09T15:17:37.222805" level="INFO">location</msg>
<arg>${key}</arg>
<doc>Logs the given message with the given level.</doc>
<status status="PASS" start="2024-08-09T15:17:37.222678" elapsed="0.000165"/>
</kw>
<var name="${key}">location</var>
<status status="PASS" start="2024-08-09T15:17:37.221293" elapsed="0.001763"/>
</iter>
<iter>
<kw name="Dictionary Should Contain Key" owner="Collections">
<arg>${json_data['results'][0]}</arg>
<arg>${key}</arg>
<doc>Fails if ``key`` is not found from ``dictionary``.</doc>
<status status="PASS" start="2024-08-09T15:17:37.223332" elapsed="0.000382"/>
</kw>
<kw name="Log" owner="BuiltIn">
<msg time="2024-08-09T15:17:37.224358" level="INFO">{'gender': 'female', 'name': {'title': 'Ms', 'first': 'Chloe', 'last': 'Jones'}, 'location': {'street': {'number': 2842, 'name': 'Castle Street'}, 'city': 'Palmerston North', 'state': 'Northland', 'country': 'New Zealand', 'postcode': 41895, 'coordinates': {'latitude': '48.0786', 'longitude': '126.0153'}, 'timezone': {'offset': '+5:30', 'description': 'Bombay, Calcutta, Madras, New Delhi'}}, 'email': 'chloe.jones@example.com', 'login': {'uuid': '35bb4198-52ff-43b0-87bb-3ca200324544', 'username': 'silverduck806', 'password': 'rainbow', 'salt': 'k87nTbYC', 'md5': 'df86d50a84bedf4e5b5b3e93b68f0f01', 'sha1': 'cf9ea3ea5f639242ce6b0fc87590fb188b07f649', 'sha256': 'fe8da42a6d8cbecb1e0132e8d897f109501bae2045333a3b737c062b974c6699'}, 'dob': {'date': '1982-01-03T18:47:41.793Z', 'age': 42}, 'registered': {'date': '2005-12-30T01:44:36.361Z', 'age': 18}, 'phone': '(021)-232-2426', 'cell': '(407)-462-4749', 'id': {'name': '', 'value': None}, 'picture': {'large': 'https://randomuser.me/api/portraits/women/5.jpg', 'medium': 'https://randomuser.me/api/portraits/med/women/5.jpg', 'thumbnail': 'https://randomuser.me/api/portraits/thumb/women/5.jpg'}, 'nat': 'NZ'}</msg>
<arg>${json_data['results'][0]}</arg>
<doc>Logs the given message with the given level.</doc>
<status status="PASS" start="2024-08-09T15:17:37.224013" elapsed="0.000391"/>
</kw>
<kw name="Log" owner="BuiltIn">
<msg time="2024-08-09T15:17:37.224826" level="INFO">email</msg>
<arg>${key}</arg>
<doc>Logs the given message with the given level.</doc>
<status status="PASS" start="2024-08-09T15:17:37.224698" elapsed="0.000165"/>
</kw>
<var name="${key}">email</var>
<status status="PASS" start="2024-08-09T15:17:37.223226" elapsed="0.001859"/>
</iter>
<iter>
<kw name="Dictionary Should Contain Key" owner="Collections">
<arg>${json_data['results'][0]}</arg>
<arg>${key}</arg>
<doc>Fails if ``key`` is not found from ``dictionary``.</doc>
<status status="PASS" start="2024-08-09T15:17:37.225363" elapsed="0.000373"/>
</kw>
<kw name="Log" owner="BuiltIn">
<msg time="2024-08-09T15:17:37.226261" level="INFO">{'gender': 'female', 'name': {'title': 'Ms', 'first': 'Chloe', 'last': 'Jones'}, 'location': {'street': {'number': 2842, 'name': 'Castle Street'}, 'city': 'Palmerston North', 'state': 'Northland', 'country': 'New Zealand', 'postcode': 41895, 'coordinates': {'latitude': '48.0786', 'longitude': '126.0153'}, 'timezone': {'offset': '+5:30', 'description': 'Bombay, Calcutta, Madras, New Delhi'}}, 'email': 'chloe.jones@example.com', 'login': {'uuid': '35bb4198-52ff-43b0-87bb-3ca200324544', 'username': 'silverduck806', 'password': 'rainbow', 'salt': 'k87nTbYC', 'md5': 'df86d50a84bedf4e5b5b3e93b68f0f01', 'sha1': 'cf9ea3ea5f639242ce6b0fc87590fb188b07f649', 'sha256': 'fe8da42a6d8cbecb1e0132e8d897f109501bae2045333a3b737c062b974c6699'}, 'dob': {'date': '1982-01-03T18:47:41.793Z', 'age': 42}, 'registered': {'date': '2005-12-30T01:44:36.361Z', 'age': 18}, 'phone': '(021)-232-2426', 'cell': '(407)-462-4749', 'id': {'name': '', 'value': None}, 'picture': {'large': 'https://randomuser.me/api/portraits/women/5.jpg', 'medium': 'https://randomuser.me/api/portraits/med/women/5.jpg', 'thumbnail': 'https://randomuser.me/api/portraits/thumb/women/5.jpg'}, 'nat': 'NZ'}</msg>
<arg>${json_data['results'][0]}</arg>
<doc>Logs the given message with the given level.</doc>
<status status="PASS" start="2024-08-09T15:17:37.225916" elapsed="0.000391"/>
</kw>
<kw name="Log" owner="BuiltIn">
<msg time="2024-08-09T15:17:37.226760" level="INFO">login</msg>
<arg>${key}</arg>
<doc>Logs the given message with the given level.</doc>
<status status="PASS" start="2024-08-09T15:17:37.226632" elapsed="0.000165"/>
</kw>
<var name="${key}">login</var>
<status status="PASS" start="2024-08-09T15:17:37.225258" elapsed="0.001752"/>
</iter>
<var>${key}</var>
<value>@{expected_keys}</value>
<status status="PASS" start="2024-08-09T15:17:37.217021" elapsed="0.010108"/>
</for>
<kw name="Create List" owner="BuiltIn">
<msg time="2024-08-09T15:17:37.227452" level="INFO">${expected_keysTwo} = ['username', 'password']</msg>
<var>${expected_keysTwo}</var>
<arg>username</arg>
<arg>password</arg>
<doc>Returns a list containing given items.</doc>
<status status="PASS" start="2024-08-09T15:17:37.227319" elapsed="0.000185"/>
</kw>
<for flavor="IN">
<iter>
<kw name="Dictionary Should Contain Key" owner="Collections">
<arg>${json_data['results'][0]['login']}</arg>
<arg>${keyTwo}</arg>
<doc>Fails if ``key`` is not found from ``dictionary``.</doc>
<status status="PASS" start="2024-08-09T15:17:37.228029" elapsed="0.000382"/>
</kw>
<kw name="Dictionary Should Contain Key" owner="Collections">
<arg>${json_data['results'][0]['login']}</arg>
<arg>${keyTwo}</arg>
<doc>Fails if ``key`` is not found from ``dictionary``.</doc>
<status status="PASS" start="2024-08-09T15:17:37.228589" elapsed="0.000371"/>
</kw>
<kw name="Log" owner="BuiltIn">
<msg time="2024-08-09T15:17:37.229258" level="INFO">username</msg>
<arg>${keyTwo}</arg>
<doc>Logs the given message with the given level.</doc>
<status status="PASS" start="2024-08-09T15:17:37.229138" elapsed="0.000156"/>
</kw>
<var name="${keyTwo}">username</var>
<status status="PASS" start="2024-08-09T15:17:37.227923" elapsed="0.001591"/>
</iter>
<iter>
<kw name="Dictionary Should Contain Key" owner="Collections">
<arg>${json_data['results'][0]['login']}</arg>
<arg>${keyTwo}</arg>
<doc>Fails if ``key`` is not found from ``dictionary``.</doc>
<status status="PASS" start="2024-08-09T15:17:37.229791" elapsed="0.000385"/>
</kw>
<kw name="Dictionary Should Contain Key" owner="Collections">
<arg>${json_data['results'][0]['login']}</arg>
<arg>${keyTwo}</arg>
<doc>Fails if ``key`` is not found from ``dictionary``.</doc>
<status status="PASS" start="2024-08-09T15:17:37.230352" elapsed="0.000402"/>
</kw>
<kw name="Log" owner="BuiltIn">
<msg time="2024-08-09T15:17:37.231046" level="INFO">password</msg>
<arg>${keyTwo}</arg>
<doc>Logs the given message with the given level.</doc>
<status status="PASS" start="2024-08-09T15:17:37.230928" elapsed="0.000155"/>
</kw>
<var name="${keyTwo}">password</var>
<status status="PASS" start="2024-08-09T15:17:37.229686" elapsed="0.001613"/>
</iter>
<var>${keyTwo}</var>
<value>@{expected_keysTwo}</value>
<status status="PASS" start="2024-08-09T15:17:37.227757" elapsed="0.003660"/>
</for>
<status status="PASS" start="2024-08-09T15:17:37.124791" elapsed="0.106768"/>
</kw>
<doc>Testa a estrutura da resposta da API.</doc>
<tag>testeEstruturaResposta</tag>
<status status="PASS" start="2024-08-09T15:17:37.124277" elapsed="0.107439"/>
</test>
<test id="s1-s1-t4" name="Validar tipos de dados" line="28">
<kw name="Teste de Tipos de Dados" owner="random-user-service">
<kw name="GET On Session" owner="RequestsLibrary">
<msg time="2024-08-09T15:17:37.334020" level="INFO">GET Request : url=https://randomuser.me/api 
 path_url=/api 
 headers={'User-Agent': 'python-requests/2.32.3', 'Accept-Encoding': 'gzip, deflate', 'Accept': '*/*', 'Connection': 'keep-alive'} 
 body=None 
 </msg>
<msg time="2024-08-09T15:17:37.334106" level="INFO">GET Response : url=https://randomuser.me/api 
 status=200, reason=OK 
 headers={'Date': 'Fri, 09 Aug 2024 15:17:37 GMT', 'Content-Type': 'application/json; charset=utf-8', 'Transfer-Encoding': 'chunked', 'Connection': 'keep-alive', 'X-Powered-By': 'Express', 'Access-Control-Allow-Origin': '*', 'Cache-Control': 'no-cache', 'ETag': 'W/"4a1-UKDFd2tfLZK19HZrNC3Yq6Zorko"', 'Vary': 'Accept-Encoding', 'Content-Encoding': 'gzip', 'CF-Cache-Status': 'DYNAMIC', 'Report-To': '{"endpoints":[{"url":"https:\\/\\/a.nel.cloudflare.com\\/report\\/v4?s=v0ZEKQN69GwJsDf%2F724n94pyADA4zE19hKVfZ6z%2BT7nHS49Zvsji%2BHcG0UcqLAPS8zjNVurxj5nvCRqHsCX3NBNTt2lJZRQU7FRtO3SqKgFcv%2BlBlf5AIJ6iBXJd8kFP"}],"group":"cf-nel","max_age":604800}', 'NEL': '{"success_fraction":0,"report_to":"cf-nel","max_age":604800}', 'Server': 'cloudflare', 'CF-RAY': '8b08b6cbbcc8239d-SJC', 'alt-svc': 'h3=":443"; ma=86400'} 
 body={"results":[{"gender":"female","name":{"title":"Miss","first":"Lola","last":"Carpenter"},"location":{"street":{"number":7038,"name":"The Green"},"city":"City of London","state":"Isle of Wight","country":"United Kingdom","postcode":"J59 8GU","coordinates":{"latitude":"-10.7895","longitude":"1.5030"},"timezone":{"offset":"+2:00","description":"Kaliningrad, South Africa"}},"email":"lola.carpenter@example.com","login":{"uuid":"a148be38-f4c0-4cd0-b31a-b415308cd850","username":"redpanda372","password":"babydoll","salt":"rVbU2a0l","md5":"fd6f21d834602c0e88280d7f69fbc4c1","sha1":"815354dcb1f9f383c6794be6fbc41337a9238eb3","sha256":"deb581475e18d1f7b455a1f0d6a6023d5c6b7eceb3e502f24611f686f5ea7e4d"},"dob":{"date":"1949-04-12T21:08:35.287Z","age":75},"registered":{"date":"2009-03-05T12:49:00.368Z","age":15},"phone":"016977 6400","cell":"07035 077420","id":{"name":"NINO","value":"RR 19 53 64 X"},"picture":{"large":"https://randomuser.me/api/portraits/women/23.jpg","medium":"https://randomuser.me/api/portraits/med/women/23.jpg","thumbnail":"https://randomuser.me/api/portraits/thumb/women/23.jpg"},"nat":"GB"}],"info":{"seed":"db3466bfb7c7b1ca","results":1,"page":1,"version":"1.4"}} 
 </msg>
<msg time="2024-08-09T15:17:37.334174" level="INFO">/opt/hostedtoolcache/Python/3.12.4/x64/lib/python3.12/site-packages/urllib3/connectionpool.py:1099: InsecureRequestWarning: Unverified HTTPS request is being made to host 'randomuser.me'. Adding certificate verification is strongly advised. See: https://urllib3.readthedocs.io/en/latest/advanced-usage.html#tls-warnings
  warnings.warn(</msg>
<msg time="2024-08-09T15:17:37.334307" level="INFO">${response} = &lt;Response [200]&gt;</msg>
<var>${response}</var>
<arg>consultarAPI</arg>
<arg>/api</arg>
<doc>Sends a GET request on a previously created HTTP Session.</doc>
<status status="PASS" start="2024-08-09T15:17:37.234102" elapsed="0.100253"/>
</kw>
<kw name="Set Variable" owner="BuiltIn">
<msg time="2024-08-09T15:17:37.335406" level="INFO">${json_data} = {'results': [{'gender': 'female', 'name': {'title': 'Miss', 'first': 'Lola', 'last': 'Carpenter'}, 'location': {'street': {'number': 7038, 'name': 'The Green'}, 'city': 'City of London', 'state': 'Isl...</msg>
<var>${json_data}</var>
<arg>${response.json()}</arg>
<doc>Returns the given values which can then be assigned to a variables.</doc>
<status status="PASS" start="2024-08-09T15:17:37.334881" elapsed="0.000555"/>
</kw>
<kw name="Log" owner="BuiltIn">
<msg time="2024-08-09T15:17:37.335935" level="INFO">{'results': [{'gender': 'female', 'name': {'title': 'Miss', 'first': 'Lola', 'last': 'Carpenter'}, 'location': {'street': {'number': 7038, 'name': 'The Green'}, 'city': 'City of London', 'state': 'Isle of Wight', 'country': 'United Kingdom', 'postcode': 'J59 8GU', 'coordinates': {'latitude': '-10.7895', 'longitude': '1.5030'}, 'timezone': {'offset': '+2:00', 'description': 'Kaliningrad, South Africa'}}, 'email': 'lola.carpenter@example.com', 'login': {'uuid': 'a148be38-f4c0-4cd0-b31a-b415308cd850', 'username': 'redpanda372', 'password': 'babydoll', 'salt': 'rVbU2a0l', 'md5': 'fd6f21d834602c0e88280d7f69fbc4c1', 'sha1': '815354dcb1f9f383c6794be6fbc41337a9238eb3', 'sha256': 'deb581475e18d1f7b455a1f0d6a6023d5c6b7eceb3e502f24611f686f5ea7e4d'}, 'dob': {'date': '1949-04-12T21:08:35.287Z', 'age': 75}, 'registered': {'date': '2009-03-05T12:49:00.368Z', 'age': 15}, 'phone': '016977 6400', 'cell': '07035 077420', 'id': {'name': 'NINO', 'value': 'RR 19 53 64 X'}, 'picture': {'large': 'https://randomuser.me/api/portraits/women/23.jpg', 'medium': 'https://randomuser.me/api/portraits/med/women/23.jpg', 'thumbnail': 'https://randomuser.me/api/portraits/thumb/women/23.jpg'}, 'nat': 'GB'}], 'info': {'seed': 'db3466bfb7c7b1ca', 'results': 1, 'page': 1, 'version': '1.4'}}</msg>
<arg>${json_data}</arg>
<doc>Logs the given message with the given level.</doc>
<status status="PASS" start="2024-08-09T15:17:37.335769" elapsed="0.000216"/>
</kw>
<kw name="Should Be String" owner="String">
<arg>${json_data['results'][0]['gender']}</arg>
<doc>Fails if the given ``item`` is not a string.</doc>
<status status="PASS" start="2024-08-09T15:17:37.336335" elapsed="0.000390"/>
</kw>
<kw name="Should Match Regexp" owner="BuiltIn">
<arg>${json_data['results'][0]['email']}</arg>
<arg>^[a-zA-Z0-9._%+-]+@[a-zA-Z0-9.-]+\.[a-zA-Z]{2,}$</arg>
<doc>Fails if ``string`` does not match ``pattern`` as a regular expression.</doc>
<status status="PASS" start="2024-08-09T15:17:37.336925" elapsed="0.000564"/>
</kw>
<kw name="Should Match Regexp" owner="BuiltIn">
<arg>${json_data['results'][0]['dob']['date']}</arg>
<arg>\\d{4}-\\d{2}-\\d{2}T\\d{2}:\\d{2}:\\d{2}\\.\\d{3}Z</arg>
<doc>Fails if ``string`` does not match ``pattern`` as a regular expression.</doc>
<status status="PASS" start="2024-08-09T15:17:37.337687" elapsed="0.000635"/>
</kw>
<kw name="Should Match Regexp" owner="BuiltIn">
<arg>${json_data['results'][0]['registered']['date']}</arg>
<arg>\\d{4}-\\d{2}-\\d{2}T\\d{2}:\\d{2}:\\d{2}\\.\\d{3}Z</arg>
<doc>Fails if ``string`` does not match ``pattern`` as a regular expression.</doc>
<status status="PASS" start="2024-08-09T15:17:37.338562" elapsed="0.000384"/>
</kw>
<kw name="Should Match Regexp" owner="BuiltIn">
<arg>${json_data['results'][0]['picture']['large']}</arg>
<arg>^https?://.*\.(?:png|jpe?g|gif|bmp)$</arg>
<doc>Fails if ``string`` does not match ``pattern`` as a regular expression.</doc>
<status status="PASS" start="2024-08-09T15:17:37.339137" elapsed="0.000479"/>
</kw>
<kw name="Should Match Regexp" owner="BuiltIn">
<arg>${json_data['results'][0]['picture']['medium']}</arg>
<arg>^https?://.*\.(?:png|jpe?g|gif|bmp)$</arg>
<doc>Fails if ``string`` does not match ``pattern`` as a regular expression.</doc>
<status status="PASS" start="2024-08-09T15:17:37.339809" elapsed="0.000355"/>
</kw>
<kw name="Should Match Regexp" owner="BuiltIn">
<arg>${json_data['results'][0]['picture']['thumbnail']}</arg>
<arg>^https?://.*\.(?:png|jpe?g|gif|bmp)$</arg>
<doc>Fails if ``string`` does not match ``pattern`` as a regular expression.</doc>
<status status="PASS" start="2024-08-09T15:17:37.340348" elapsed="0.000348"/>
</kw>
<kw name="Log" owner="BuiltIn">
<msg time="2024-08-09T15:17:37.341193" level="INFO">{'large': 'https://randomuser.me/api/portraits/women/23.jpg', 'medium': 'https://randomuser.me/api/portraits/med/women/23.jpg', 'thumbnail': 'https://randomuser.me/api/portraits/thumb/women/23.jpg'}</msg>
<arg>${json_data['results'][0]['picture']}</arg>
<doc>Logs the given message with the given level.</doc>
<status status="PASS" start="2024-08-09T15:17:37.340874" elapsed="0.000361"/>
</kw>
<status status="PASS" start="2024-08-09T15:17:37.233882" elapsed="0.107612"/>
</kw>
<kw name="Teste de Tipos de Dados - Postcode" owner="random-user-service">
<kw name="GET On Session" owner="RequestsLibrary">
<msg time="2024-08-09T15:17:37.436103" level="INFO">GET Request : url=https://randomuser.me/api 
 path_url=/api 
 headers={'User-Agent': 'python-requests/2.32.3', 'Accept-Encoding': 'gzip, deflate', 'Accept': '*/*', 'Connection': 'keep-alive'} 
 body=None 
 </msg>
<msg time="2024-08-09T15:17:37.436171" level="INFO">GET Response : url=https://randomuser.me/api 
 status=200, reason=OK 
 headers={'Date': 'Fri, 09 Aug 2024 15:17:37 GMT', 'Content-Type': 'application/json; charset=utf-8', 'Transfer-Encoding': 'chunked', 'Connection': 'keep-alive', 'X-Powered-By': 'Express', 'Access-Control-Allow-Origin': '*', 'Cache-Control': 'no-cache', 'ETag': 'W/"49c-17UdlTSYI4sLN9vIHiyNnR5rz6I"', 'Vary': 'Accept-Encoding', 'Content-Encoding': 'gzip', 'CF-Cache-Status': 'DYNAMIC', 'Report-To': '{"endpoints":[{"url":"https:\\/\\/a.nel.cloudflare.com\\/report\\/v4?s=6mhhZmb5Fu2b%2FFSeqtlNX8Q3pKP9NpMJoFMO1DcKy0RwbregTjGOLflDyblJW0ZCfbm1QrSnsnsNsKKXMcIhhxyvCMCmXs1NScm3nouMxAhzZyFPx8ThIpHQ69nh4LaC"}],"group":"cf-nel","max_age":604800}', 'NEL': '{"success_fraction":0,"report_to":"cf-nel","max_age":604800}', 'Server': 'cloudflare', 'CF-RAY': '8b08b6cc6d56239d-SJC', 'alt-svc': 'h3=":443"; ma=86400'} 
 body={"results":[{"gender":"male","name":{"title":"Mr","first":"Derrick","last":"Holland"},"location":{"street":{"number":5105,"name":"Oak Lawn Ave"},"city":"Bendigo","state":"New South Wales","country":"Australia","postcode":9949,"coordinates":{"latitude":"-82.3793","longitude":"-79.6298"},"timezone":{"offset":"-5:00","description":"Eastern Time (US &amp; Canada), Bogota, Lima"}},"email":"derrick.holland@example.com","login":{"uuid":"46389236-d919-4ad0-a39c-9aaf7f975de7","username":"organicrabbit612","password":"chaser","salt":"1LfJQZck","md5":"0aa1d2dfa0904ba4c34ea9499318896e","sha1":"b7d116773989fd565ed72183db5ac207c3ac924d","sha256":"b70fce1da504c475188e93a1e410159536d628eb537f947f517bcd34c7439e13"},"dob":{"date":"1981-10-24T06:22:18.140Z","age":42},"registered":{"date":"2015-09-12T13:42:56.237Z","age":8},"phone":"04-9643-8949","cell":"0416-600-311","id":{"name":"TFN","value":"072878197"},"picture":{"large":"https://randomuser.me/api/portraits/men/96.jpg","medium":"https://randomuser.me/api/portraits/med/men/96.jpg","thumbnail":"https://randomuser.me/api/portraits/thumb/men/96.jpg"},"nat":"AU"}],"info":{"seed":"1ebed0d77b3b9d51","results":1,"page":1,"version":"1.4"}} 
 </msg>
<msg time="2024-08-09T15:17:37.436231" level="INFO">/opt/hostedtoolcache/Python/3.12.4/x64/lib/python3.12/site-packages/urllib3/connectionpool.py:1099: InsecureRequestWarning: Unverified HTTPS request is being made to host 'randomuser.me'. Adding certificate verification is strongly advised. See: https://urllib3.readthedocs.io/en/latest/advanced-usage.html#tls-warnings
  warnings.warn(</msg>
<msg time="2024-08-09T15:17:37.436346" level="INFO">${response} = &lt;Response [200]&gt;</msg>
<var>${response}</var>
<arg>consultarAPI</arg>
<arg>/api</arg>
<doc>Sends a GET request on a previously created HTTP Session.</doc>
<status status="PASS" start="2024-08-09T15:17:37.341948" elapsed="0.094442"/>
</kw>
<kw name="Set Variable" owner="BuiltIn">
<msg time="2024-08-09T15:17:37.437263" level="INFO">${json_data} = {'results': [{'gender': 'male', 'name': {'title': 'Mr', 'first': 'Derrick', 'last': 'Holland'}, 'location': {'street': {'number': 5105, 'name': 'Oak Lawn Ave'}, 'city': 'Bendigo', 'state': 'New South ...</msg>
<var>${json_data}</var>
<arg>${response.json()}</arg>
<doc>Returns the given values which can then be assigned to a variables.</doc>
<status status="PASS" start="2024-08-09T15:17:37.436801" elapsed="0.000490"/>
</kw>
<kw name="Log" owner="BuiltIn">
<msg time="2024-08-09T15:17:37.437748" level="INFO">{'results': [{'gender': 'male', 'name': {'title': 'Mr', 'first': 'Derrick', 'last': 'Holland'}, 'location': {'street': {'number': 5105, 'name': 'Oak Lawn Ave'}, 'city': 'Bendigo', 'state': 'New South Wales', 'country': 'Australia', 'postcode': 9949, 'coordinates': {'latitude': '-82.3793', 'longitude': '-79.6298'}, 'timezone': {'offset': '-5:00', 'description': 'Eastern Time (US &amp; Canada), Bogota, Lima'}}, 'email': 'derrick.holland@example.com', 'login': {'uuid': '46389236-d919-4ad0-a39c-9aaf7f975de7', 'username': 'organicrabbit612', 'password': 'chaser', 'salt': '1LfJQZck', 'md5': '0aa1d2dfa0904ba4c34ea9499318896e', 'sha1': 'b7d116773989fd565ed72183db5ac207c3ac924d', 'sha256': 'b70fce1da504c475188e93a1e410159536d628eb537f947f517bcd34c7439e13'}, 'dob': {'date': '1981-10-24T06:22:18.140Z', 'age': 42}, 'registered': {'date': '2015-09-12T13:42:56.237Z', 'age': 8}, 'phone': '04-9643-8949', 'cell': '0416-600-311', 'id': {'name': 'TFN', 'value': '072878197'}, 'picture': {'large': 'https://randomuser.me/api/portraits/men/96.jpg', 'medium': 'https://randomuser.me/api/portraits/med/men/96.jpg', 'thumbnail': 'https://randomuser.me/api/portraits/thumb/men/96.jpg'}, 'nat': 'AU'}], 'info': {'seed': '1ebed0d77b3b9d51', 'results': 1, 'page': 1, 'version': '1.4'}}</msg>
<arg>${json_data}</arg>
<doc>Logs the given message with the given level.</doc>
<status status="PASS" start="2024-08-09T15:17:37.437597" elapsed="0.000198"/>
</kw>
<kw name="Should Be Equal As Numbers" owner="BuiltIn">
<arg>${json_data['results'][0]['location']['postcode']}</arg>
<arg>${json_data['results'][0]['location']['postcode']}</arg>
<doc>Fails if objects are unequal after converting them to real numbers.</doc>
<status status="PASS" start="2024-08-09T15:17:37.438091" elapsed="0.000669"/>
</kw>
<kw name="Log" owner="BuiltIn">
<msg time="2024-08-09T15:17:37.439285" level="INFO">9949</msg>
<arg>${json_data['results'][0]['location']['postcode']}</arg>
<doc>Logs the given message with the given level.</doc>
<status status="PASS" start="2024-08-09T15:17:37.438949" elapsed="0.000413"/>
</kw>
<status status="PASS" start="2024-08-09T15:17:37.341721" elapsed="0.097900"/>
</kw>
<doc>Testa se os tipos de dados na resposta da API estão corretos.</doc>
<tag>testeTiposDados</tag>
<status status="PASS" start="2024-08-09T15:17:37.233433" elapsed="0.206353"/>
</test>
<test id="s1-s1-t5" name="Validar conteudo" line="35">
<kw name="Teste de Tipos de Conteudo" owner="random-user-service">
<kw name="GET On Session" owner="RequestsLibrary">
<msg time="2024-08-09T15:17:37.537726" level="INFO">GET Request : url=https://randomuser.me/api 
 path_url=/api 
 headers={'User-Agent': 'python-requests/2.32.3', 'Accept-Encoding': 'gzip, deflate', 'Accept': '*/*', 'Connection': 'keep-alive'} 
 body=None 
 </msg>
<msg time="2024-08-09T15:17:37.537833" level="INFO">GET Response : url=https://randomuser.me/api 
 status=200, reason=OK 
 headers={'Date': 'Fri, 09 Aug 2024 15:17:37 GMT', 'Content-Type': 'application/json; charset=utf-8', 'Transfer-Encoding': 'chunked', 'Connection': 'keep-alive', 'X-Powered-By': 'Express', 'Access-Control-Allow-Origin': '*', 'Cache-Control': 'no-cache', 'ETag': 'W/"49a-bs58iiaGhdmyVOluXckUw1kGOLY"', 'Vary': 'Accept-Encoding', 'Content-Encoding': 'gzip', 'CF-Cache-Status': 'DYNAMIC', 'Report-To': '{"endpoints":[{"url":"https:\\/\\/a.nel.cloudflare.com\\/report\\/v4?s=N%2FnuYySneCV0A9zEize%2BcMOOBLYgzpXeiNWF9nBl7YgkZvibzhDkxZQvJ42u3oV7fsssK48Gt552yHZAOUXKc5QSl6%2B36dA3nrkfpz%2B4xTWUwEgzhjNqIbyhTgCDmn7O"}],"group":"cf-nel","max_age":604800}', 'NEL': '{"success_fraction":0,"report_to":"cf-nel","max_age":604800}', 'Server': 'cloudflare', 'CF-RAY': '8b08b6cd0dd7239d-SJC', 'alt-svc': 'h3=":443"; ma=86400'} 
 body={"results":[{"gender":"female","name":{"title":"Miss","first":"Iida","last":"Honkala"},"location":{"street":{"number":2354,"name":"Verkatehtaankatu"},"city":"Lestijärvi","state":"South Karelia","country":"Finland","postcode":36121,"coordinates":{"latitude":"-28.8467","longitude":"9.6071"},"timezone":{"offset":"-8:00","description":"Pacific Time (US &amp; Canada)"}},"email":"iida.honkala@example.com","login":{"uuid":"52323f7b-4726-4994-a832-cc2f6c430dd2","username":"bluerabbit807","password":"cicero","salt":"ElzKKqAG","md5":"c8f8b46ac82f9ef039fc3f9835401dc2","sha1":"aa7810620ea483fb78fc5ad2c2976a708175aa76","sha256":"54c3796ee9caab8bd7a9415582bff8edc95409dd859ad31af7cbe5710c9eb05e"},"dob":{"date":"1954-05-08T23:56:31.649Z","age":70},"registered":{"date":"2021-04-26T09:49:35.535Z","age":3},"phone":"08-220-881","cell":"043-036-23-79","id":{"name":"HETU","value":"NaNNA030undefined"},"picture":{"large":"https://randomuser.me/api/portraits/women/39.jpg","medium":"https://randomuser.me/api/portraits/med/women/39.jpg","thumbnail":"https://randomuser.me/api/portraits/thumb/women/39.jpg"},"nat":"FI"}],"info":{"seed":"8bdef5f9f4d6f496","results":1,"page":1,"version":"1.4"}} 
 </msg>
<msg time="2024-08-09T15:17:37.537927" level="INFO">/opt/hostedtoolcache/Python/3.12.4/x64/lib/python3.12/site-packages/urllib3/connectionpool.py:1099: InsecureRequestWarning: Unverified HTTPS request is being made to host 'randomuser.me'. Adding certificate verification is strongly advised. See: https://urllib3.readthedocs.io/en/latest/advanced-usage.html#tls-warnings
  warnings.warn(</msg>
<msg time="2024-08-09T15:17:37.538090" level="INFO">${response} = &lt;Response [200]&gt;</msg>
<var>${response}</var>
<arg>consultarAPI</arg>
<arg>/api</arg>
<doc>Sends a GET request on a previously created HTTP Session.</doc>
<status status="PASS" start="2024-08-09T15:17:37.442368" elapsed="0.095773"/>
</kw>
<kw name="Set Variable" owner="BuiltIn">
<msg time="2024-08-09T15:17:37.539251" level="INFO">${json_data} = {'results': [{'gender': 'female', 'name': {'title': 'Miss', 'first': 'Iida', 'last': 'Honkala'}, 'location': {'street': {'number': 2354, 'name': 'Verkatehtaankatu'}, 'city': 'Lestijärvi', 'state': 'So...</msg>
<var>${json_data}</var>
<arg>${response.json()}</arg>
<doc>Returns the given values which can then be assigned to a variables.</doc>
<status status="PASS" start="2024-08-09T15:17:37.538720" elapsed="0.000562"/>
</kw>
<kw name="Set Variable" owner="BuiltIn">
<msg time="2024-08-09T15:17:37.540026" level="INFO">${name_title} = Miss</msg>
<var>${name_title}</var>
<arg>${json_data["results"][0]["name"]["title"]}</arg>
<doc>Returns the given values which can then be assigned to a variables.</doc>
<status status="PASS" start="2024-08-09T15:17:37.539622" elapsed="0.000430"/>
</kw>
<kw name="Create List" owner="BuiltIn">
<msg time="2024-08-09T15:17:37.540522" level="INFO">${allowed_titles} = ['Mr', 'Ms', 'Miss', 'Mrs', 'Madame', 'Monsieur']</msg>
<var>${allowed_titles}</var>
<arg>Mr</arg>
<arg>Ms</arg>
<arg>Miss</arg>
<arg>Mrs</arg>
<arg>Madame</arg>
<arg>Monsieur</arg>
<doc>Returns a list containing given items.</doc>
<status status="PASS" start="2024-08-09T15:17:37.540366" elapsed="0.000181"/>
</kw>
<kw name="List Should Contain Value" owner="Collections">
<arg>${allowed_titles}</arg>
<arg>${name_title}</arg>
<doc>Fails if the ``value`` is not found from ``list``.</doc>
<status status="PASS" start="2024-08-09T15:17:37.540853" elapsed="0.000180"/>
</kw>
<kw name="Set Variable" owner="BuiltIn">
<msg time="2024-08-09T15:17:37.541631" level="INFO">${name_country} = FI</msg>
<var>${name_country}</var>
<arg>${json_data["results"][0]["nat"]}</arg>
<doc>Returns the given values which can then be assigned to a variables.</doc>
<status status="PASS" start="2024-08-09T15:17:37.541222" elapsed="0.000435"/>
</kw>
<kw name="Create List" owner="BuiltIn">
<msg time="2024-08-09T15:17:37.542642" level="INFO">${list_country} = ['AD', 'AE', 'AF', 'AG', 'AI', 'AL', 'AM', 'AO', 'AQ', 'AR', 'AS', 'AT', 'AU', 'AW', 'AX', 'AZ', 'BA', 'BB', 'BD', 'BE', 'BF', 'BG', 'BH', 'BI', 'BJ', 'BL', 'BM', 'BN', 'BO', 'BQ', 'BR', 'BS', 'BT', '...</msg>
<var>${list_country}</var>
<arg>AD</arg>
<arg>AE</arg>
<arg>AF</arg>
<arg>AG</arg>
<arg>AI</arg>
<arg>AL</arg>
<arg>AM</arg>
<arg>AO</arg>
<arg>AQ</arg>
<arg>AR</arg>
<arg>AS</arg>
<arg>AT</arg>
<arg>AU</arg>
<arg>AW</arg>
<arg>AX</arg>
<arg>AZ</arg>
<arg>BA</arg>
<arg>BB</arg>
<arg>BD</arg>
<arg>BE</arg>
<arg>BF</arg>
<arg>BG</arg>
<arg>BH</arg>
<arg>BI</arg>
<arg>BJ</arg>
<arg>BL</arg>
<arg>BM</arg>
<arg>BN</arg>
<arg>BO</arg>
<arg>BQ</arg>
<arg>BR</arg>
<arg>BS</arg>
<arg>BT</arg>
<arg>BV</arg>
<arg>BW</arg>
<arg>BY</arg>
<arg>BZ</arg>
<arg>CA</arg>
<arg>CC</arg>
<arg>CD</arg>
<arg>CF</arg>
<arg>CG</arg>
<arg>CH</arg>
<arg>CI</arg>
<arg>CK</arg>
<arg>CL</arg>
<arg>CM</arg>
<arg>CN</arg>
<arg>CO</arg>
<arg>CR</arg>
<arg>CU</arg>
<arg>CV</arg>
<arg>CW</arg>
<arg>CX</arg>
<arg>CY</arg>
<arg>CZ</arg>
<arg>DE</arg>
<arg>DJ</arg>
<arg>DK</arg>
<arg>DM</arg>
<arg>DO</arg>
<arg>DZ</arg>
<arg>EC</arg>
<arg>EE</arg>
<arg>EG</arg>
<arg>EH</arg>
<arg>ER</arg>
<arg>ES</arg>
<arg>ET</arg>
<arg>FI</arg>
<arg>FJ</arg>
<arg>FK</arg>
<arg>FM</arg>
<arg>FO</arg>
<arg>FR</arg>
<arg>GA</arg>
<arg>GB</arg>
<arg>GD</arg>
<arg>GE</arg>
<arg>GF</arg>
<arg>GG</arg>
<arg>GH</arg>
<arg>GI</arg>
<arg>GL</arg>
<arg>GM</arg>
<arg>GN</arg>
<arg>GP</arg>
<arg>GQ</arg>
<arg>GR</arg>
<arg>GS</arg>
<arg>GT</arg>
<arg>GU</arg>
<arg>GW</arg>
<arg>GY</arg>
<arg>HK</arg>
<arg>HM</arg>
<arg>HN</arg>
<arg>HR</arg>
<arg>HT</arg>
<arg>HU</arg>
<arg>ID</arg>
<arg>IE</arg>
<arg>IL</arg>
<arg>IM</arg>
<arg>IN</arg>
<arg>IO</arg>
<arg>IQ</arg>
<arg>IR</arg>
<arg>IS</arg>
<arg>IT</arg>
<arg>JE</arg>
<arg>JM</arg>
<arg>JO</arg>
<arg>JP</arg>
<arg>KE</arg>
<arg>KG</arg>
<arg>KH</arg>
<arg>KI</arg>
<arg>KM</arg>
<arg>KN</arg>
<arg>KP</arg>
<arg>KR</arg>
<arg>KW</arg>
<arg>KY</arg>
<arg>KZ</arg>
<arg>LA</arg>
<arg>LB</arg>
<arg>LC</arg>
<arg>LI</arg>
<arg>LK</arg>
<arg>LR</arg>
<arg>LS</arg>
<arg>LT</arg>
<arg>LU</arg>
<arg>LV</arg>
<arg>LY</arg>
<arg>MA</arg>
<arg>MC</arg>
<arg>MD</arg>
<arg>ME</arg>
<arg>MF</arg>
<arg>MG</arg>
<arg>MH</arg>
<arg>MK</arg>
<arg>ML</arg>
<arg>MM</arg>
<arg>MN</arg>
<arg>MO</arg>
<arg>MP</arg>
<arg>MQ</arg>
<arg>MR</arg>
<arg>MS</arg>
<arg>MT</arg>
<arg>MU</arg>
<arg>MV</arg>
<arg>MW</arg>
<arg>MX</arg>
<arg>MY</arg>
<arg>MZ</arg>
<arg>NA</arg>
<arg>NC</arg>
<arg>NE</arg>
<arg>NF</arg>
<arg>NG</arg>
<arg>NI</arg>
<arg>NL</arg>
<arg>NO</arg>
<arg>NP</arg>
<arg>NR</arg>
<arg>NU</arg>
<arg>NZ</arg>
<arg>OM</arg>
<arg>PA</arg>
<arg>PE</arg>
<arg>PF</arg>
<arg>PG</arg>
<arg>PH</arg>
<arg>PK</arg>
<arg>PL</arg>
<arg>PM</arg>
<arg>PN</arg>
<arg>PR</arg>
<arg>PS</arg>
<arg>PT</arg>
<arg>PW</arg>
<arg>PY</arg>
<arg>QA</arg>
<arg>RE</arg>
<arg>RO</arg>
<arg>RS</arg>
<arg>RU</arg>
<arg>RW</arg>
<arg>SA</arg>
<arg>SB</arg>
<arg>SC</arg>
<arg>SD</arg>
<arg>SE</arg>
<arg>SG</arg>
<arg>SH</arg>
<arg>SI</arg>
<arg>SJ</arg>
<arg>SK</arg>
<arg>SL</arg>
<arg>SM</arg>
<arg>SN</arg>
<arg>SO</arg>
<arg>SR</arg>
<arg>SS</arg>
<arg>ST</arg>
<arg>SV</arg>
<arg>SX</arg>
<arg>SY</arg>
<arg>SZ</arg>
<arg>TC</arg>
<arg>TD</arg>
<arg>TF</arg>
<arg>TG</arg>
<arg>TH</arg>
<arg>TJ</arg>
<arg>TK</arg>
<arg>TL</arg>
<arg>TM</arg>
<arg>TN</arg>
<arg>TO</arg>
<arg>TR</arg>
<arg>TT</arg>
<arg>TV</arg>
<arg>TW</arg>
<arg>TZ</arg>
<arg>UA</arg>
<arg>UG</arg>
<arg>UM</arg>
<arg>US</arg>
<arg>UY</arg>
<arg>UZ</arg>
<arg>VA</arg>
<arg>VC</arg>
<arg>VE</arg>
<arg>VG</arg>
<arg>VI</arg>
<arg>VN</arg>
<arg>VU</arg>
<arg>WF</arg>
<arg>WS</arg>
<arg>XK</arg>
<arg>YE</arg>
<arg>YT</arg>
<arg>ZA</arg>
<arg>ZM</arg>
<arg>ZW</arg>
<doc>Returns a list containing given items.</doc>
<status status="PASS" start="2024-08-09T15:17:37.541956" elapsed="0.000728"/>
</kw>
<kw name="List Should Contain Value" owner="Collections">
<arg>${list_country}</arg>
<arg>${name_country}</arg>
<doc>Fails if the ``value`` is not found from ``list``.</doc>
<status status="PASS" start="2024-08-09T15:17:37.544140" elapsed="0.000296"/>
</kw>
<kw name="Run Keyword If" owner="BuiltIn">
<kw name="Should Be True" owner="BuiltIn">
<arg>${True}</arg>
<doc>Fails if the given condition is not true.</doc>
<status status="PASS" start="2024-08-09T15:17:37.545740" elapsed="0.000151"/>
</kw>
<arg>${json_data["results"][0]["location"]["coordinates"]["latitude"]} &gt;= -90 and ${json_data["results"][0]["location"]["coordinates"]["latitude"]} &lt;= 90</arg>
<arg>Should Be True</arg>
<arg>${True}</arg>
<doc>Runs the given keyword with the given arguments, if ``condition`` is true.</doc>
<status status="PASS" start="2024-08-09T15:17:37.544699" elapsed="0.001320"/>
</kw>
<kw name="Run Keyword If" owner="BuiltIn">
<kw name="Should Be True" owner="BuiltIn">
<arg>${True}</arg>
<doc>Fails if the given condition is not true.</doc>
<status status="PASS" start="2024-08-09T15:17:37.546932" elapsed="0.000141"/>
</kw>
<arg>${json_data["results"][0]["location"]["coordinates"]["longitude"]} &gt;= -180 and ${json_data["results"][0]["location"]["coordinates"]["longitude"]} &lt;= 180</arg>
<arg>Should Be True</arg>
<arg>${True}</arg>
<doc>Runs the given keyword with the given arguments, if ``condition`` is true.</doc>
<status status="PASS" start="2024-08-09T15:17:37.546200" elapsed="0.000997"/>
</kw>
<status status="PASS" start="2024-08-09T15:17:37.442137" elapsed="0.105189"/>
</kw>
<doc>Testa o conteúdo específico dos campos retornados pela API.</doc>
<tag>testeConteudo</tag>
<status status="PASS" start="2024-08-09T15:17:37.441538" elapsed="0.105943"/>
</test>
<status status="PASS" start="2024-08-09T15:17:36.632788" elapsed="0.916612"/>
</suite>
<status status="PASS" start="2024-08-09T15:17:36.617823" elapsed="0.936703"/>
</suite>
<statistics>
<total>
<stat pass="5" fail="0" skip="0">All Tests</stat>
</total>
<tag>
<stat pass="1" fail="0" skip="0">testeConteudo</stat>
<stat pass="1" fail="0" skip="0">testeEstruturaResposta</stat>
<stat pass="1" fail="0" skip="0">testeRequisicaoBasica</stat>
<stat pass="1" fail="0" skip="0">testeTiposDados</stat>
</tag>
<suite>
<stat pass="5" fail="0" skip="0" id="s1" name="Tests">Tests</stat>
<stat pass="5" fail="0" skip="0" id="s1-s1" name="Random-User-Test">Tests.Random-User-Test</stat>
</suite>
</statistics>
<errors>
</errors>
</robot>
