<?xml version="1.0" encoding="UTF-8"?>
<robot generator="Robot 7.0 (Python 3.12.3 on linux)" generated="2024-05-05T23:13:45.888604" rpa="false" schemaversion="5">
<suite id="s1" name="Tests" source="/home/runner/work/DesafioQAItauRogerioJordao/DesafioQAItauRogerioJordao/RamdonUser/tests">
<suite id="s1-s1" name="Random-User-Test" source="/home/runner/work/DesafioQAItauRogerioJordao/DesafioQAItauRogerioJordao/RamdonUser/tests/random-user-test.robot">
<test id="s1-s1-t1" name="Conectar" line="13">
<kw name="Conectar API" owner="random-user-service">
<kw name="Create Session" owner="RequestsLibrary">
<msg time="2024-05-05T23:13:46.246821" level="INFO">Creating Session using : alias=consultarAPI, url=https://randomuser.me/, headers={},                     cookies={}, auth=None, timeout=None, proxies=None, verify=False,                     debug=0 </msg>
<arg>consultarAPI</arg>
<arg>${URL}</arg>
<doc>Create Session: create a HTTP session to a server</doc>
<status status="PASS" start="2024-05-05T23:13:46.246619" elapsed="0.000387"/>
</kw>
<status status="PASS" start="2024-05-05T23:13:46.245639" elapsed="0.001728"/>
</kw>
<status status="PASS" start="2024-05-05T23:13:46.245035" elapsed="0.002528"/>
</test>
<test id="s1-s1-t2" name="Validar retorno 200 e JSON Válido" line="16">
<kw name="Teste de Requisicao Basica" owner="random-user-service">
<kw name="GET On Session" owner="RequestsLibrary">
<msg time="2024-05-05T23:13:46.411123" level="INFO">GET Request : url=https://randomuser.me/api 
 path_url=/api 
 headers={'User-Agent': 'python-requests/2.31.0', 'Accept-Encoding': 'gzip, deflate', 'Accept': '*/*', 'Connection': 'keep-alive'} 
 body=None 
 </msg>
<msg time="2024-05-05T23:13:46.411284" level="INFO">GET Response : url=https://randomuser.me/api 
 status=200, reason=OK 
 headers={'Date': 'Sun, 05 May 2024 23:13:46 GMT', 'Content-Type': 'application/json; charset=utf-8', 'Transfer-Encoding': 'chunked', 'Connection': 'keep-alive', 'X-Powered-By': 'Express', 'Access-Control-Allow-Origin': '*', 'Cache-Control': 'no-cache', 'ETag': 'W/"479-IBC4cl4Yswxs1XjeDaHT+uUwFMA"', 'Vary': 'Accept-Encoding', 'Content-Encoding': 'gzip', 'CF-Cache-Status': 'DYNAMIC', 'Report-To': '{"endpoints":[{"url":"https:\\/\\/a.nel.cloudflare.com\\/report\\/v4?s=MiG4WqVOYK06I%2FK8GLzPIqwSdMJIaiyFhDSTQ1uqXy0O7CXR70CUGZnwyCZrUt1KZf9H27HWvwZd79fiKpK8c0XFl27EucI6CoCqxdEpcOAFE6517LscxxlFJym368sB"}],"group":"cf-nel","max_age":604800}', 'NEL': '{"success_fraction":0,"report_to":"cf-nel","max_age":604800}', 'Server': 'cloudflare', 'CF-RAY': '87f46c486fe42acf-LAX', 'alt-svc': 'h3=":443"; ma=86400'} 
 body={"results":[{"gender":"male","name":{"title":"Mr","first":"Manuel","last":"Olson"},"location":{"street":{"number":9183,"name":"Royal Ln"},"city":"Orange","state":"Western Australia","country":"Australia","postcode":7495,"coordinates":{"latitude":"-88.8119","longitude":"-78.2448"},"timezone":{"offset":"-3:30","description":"Newfoundland"}},"email":"manuel.olson@example.com","login":{"uuid":"aa4ebaf7-d2c2-4a07-9b9a-16847d15ecc0","username":"organicostrich158","password":"reebok","salt":"1iXkQbDh","md5":"19808c6061438ee737a4f0d65b290925","sha1":"e286017bd8d737c96cc350d587f1df8ff091aa0b","sha256":"f92cbd1c1ea720417113a1fe0ab3727ed2c89d4648b8a6a9a01f5f69816bff53"},"dob":{"date":"1967-07-04T01:56:26.930Z","age":56},"registered":{"date":"2012-12-11T12:25:26.420Z","age":11},"phone":"04-8039-7807","cell":"0499-597-361","id":{"name":"TFN","value":"982876837"},"picture":{"large":"https://randomuser.me/api/portraits/men/28.jpg","medium":"https://randomuser.me/api/portraits/med/men/28.jpg","thumbnail":"https://randomuser.me/api/portraits/thumb/men/28.jpg"},"nat":"AU"}],"info":{"seed":"1f6c6cf5497e8c19","results":1,"page":1,"version":"1.4"}} 
 </msg>
<msg time="2024-05-05T23:13:46.411365" level="INFO">/opt/hostedtoolcache/Python/3.12.3/x64/lib/python3.12/site-packages/urllib3/connectionpool.py:1103: InsecureRequestWarning: Unverified HTTPS request is being made to host 'randomuser.me'. Adding certificate verification is strongly advised. See: https://urllib3.readthedocs.io/en/latest/advanced-usage.html#tls-warnings
  warnings.warn(</msg>
<msg time="2024-05-05T23:13:46.411517" level="INFO">${response} = &lt;Response [200]&gt;</msg>
<var>${response}</var>
<arg>consultarAPI</arg>
<arg>/api</arg>
<doc>Sends a GET request on a previously created HTTP Session.</doc>
<status status="PASS" start="2024-05-05T23:13:46.250565" elapsed="0.160993"/>
</kw>
<kw name="Should Be Equal As Numbers" owner="BuiltIn">
<msg time="2024-05-05T23:13:46.412680" level="INFO">Argument types are:
&lt;class 'int'&gt;
&lt;class 'str'&gt;</msg>
<arg>${response.status_code}</arg>
<arg>200</arg>
<doc>Fails if objects are unequal after converting them to real numbers.</doc>
<status status="PASS" start="2024-05-05T23:13:46.412190" elapsed="0.000558"/>
</kw>
<kw name="Log" owner="BuiltIn">
<msg time="2024-05-05T23:13:46.413503" level="INFO">200</msg>
<arg>${response.status_code}</arg>
<doc>Logs the given message with the given level.</doc>
<status status="PASS" start="2024-05-05T23:13:46.413100" elapsed="0.000449"/>
</kw>
<kw name="Set Variable" owner="BuiltIn">
<msg time="2024-05-05T23:13:46.414309" level="INFO">${json_data} = {'results': [{'gender': 'male', 'name': {'title': 'Mr', 'first': 'Manuel', 'last': 'Olson'}, 'location': {'street': {'number': 9183, 'name': 'Royal Ln'}, 'city': 'Orange', 'state': 'Western Australia'...</msg>
<var>${json_data}</var>
<arg>${response.json()}</arg>
<doc>Returns the given values which can then be assigned to a variables.</doc>
<status status="PASS" start="2024-05-05T23:13:46.413866" elapsed="0.000472"/>
</kw>
<kw name="Dictionary Should Contain Key" owner="Collections">
<msg time="2024-05-05T23:13:46.414812" level="INFO">False</msg>
<arg>${json_data}</arg>
<arg>results</arg>
<doc>Fails if ``key`` is not found from ``dictionary``.</doc>
<status status="PASS" start="2024-05-05T23:13:46.414643" elapsed="0.000210"/>
</kw>
<status status="PASS" start="2024-05-05T23:13:46.250318" elapsed="0.164793"/>
</kw>
<doc>Testa se a API responde corretamente e retorna um objeto JSON válido.</doc>
<tag>testeRequisicaoBasica</tag>
<status status="PASS" start="2024-05-05T23:13:46.249762" elapsed="0.165538"/>
</test>
<test id="s1-s1-t3" name="Validar estrutura de resposta" line="22">
<kw name="Teste de Estrutura de Resposta" owner="random-user-service">
<kw name="GET On Session" owner="RequestsLibrary">
<msg time="2024-05-05T23:13:46.523620" level="INFO">GET Request : url=https://randomuser.me/api 
 path_url=/api 
 headers={'User-Agent': 'python-requests/2.31.0', 'Accept-Encoding': 'gzip, deflate', 'Accept': '*/*', 'Connection': 'keep-alive'} 
 body=None 
 </msg>
<msg time="2024-05-05T23:13:46.523712" level="INFO">GET Response : url=https://randomuser.me/api 
 status=200, reason=OK 
 headers={'Date': 'Sun, 05 May 2024 23:13:46 GMT', 'Content-Type': 'application/json; charset=utf-8', 'Transfer-Encoding': 'chunked', 'Connection': 'keep-alive', 'X-Powered-By': 'Express', 'Access-Control-Allow-Origin': '*', 'Cache-Control': 'no-cache', 'ETag': 'W/"494-m0d7rgImClm4f5Wk+nSqgY7v9AI"', 'Vary': 'Accept-Encoding', 'Content-Encoding': 'gzip', 'CF-Cache-Status': 'DYNAMIC', 'Report-To': '{"endpoints":[{"url":"https:\\/\\/a.nel.cloudflare.com\\/report\\/v4?s=%2B3awmMvMRT%2BjOVAzgnudmY1tAIF6cmPvPWyrL7UarHRFtHXdnH0YYgsH2fsdLDN9ZSDH3pfwZU4DGYt5wZX9Lz2HiLinsDdnRRoyRmazwVJvzfkr35KAL0EC%2F3eqgsyl"}],"group":"cf-nel","max_age":604800}', 'NEL': '{"success_fraction":0,"report_to":"cf-nel","max_age":604800}', 'Server': 'cloudflare', 'CF-RAY': '87f46c49288a2acf-LAX', 'alt-svc': 'h3=":443"; ma=86400'} 
 body={"results":[{"gender":"female","name":{"title":"Ms","first":"Elise","last":"Morel"},"location":{"street":{"number":6614,"name":"Rue Abel-Gance"},"city":"Dijon","state":"Martinique","country":"France","postcode":63171,"coordinates":{"latitude":"-16.5932","longitude":"81.1241"},"timezone":{"offset":"-8:00","description":"Pacific Time (US &amp; Canada)"}},"email":"elise.morel@example.com","login":{"uuid":"4bb2a55a-9e6b-423c-94e8-91b79b2be4eb","username":"orangemeercat212","password":"tintin","salt":"4ATkoWuq","md5":"00ae73c3c6e9de2aa0df1279dc9cffe8","sha1":"51ac8548d4b5953981a1b1afd170f71616dcafd5","sha256":"f09fb402539c9222a24611feed0cc729ffac4afb65342707b4aae82e22655c77"},"dob":{"date":"1987-01-04T09:34:45.657Z","age":37},"registered":{"date":"2011-01-29T16:01:21.067Z","age":13},"phone":"04-17-92-97-00","cell":"06-11-34-30-23","id":{"name":"INSEE","value":"2870086298019 70"},"picture":{"large":"https://randomuser.me/api/portraits/women/59.jpg","medium":"https://randomuser.me/api/portraits/med/women/59.jpg","thumbnail":"https://randomuser.me/api/portraits/thumb/women/59.jpg"},"nat":"FR"}],"info":{"seed":"a3b7dfd0997c9171","results":1,"page":1,"version":"1.4"}} 
 </msg>
<msg time="2024-05-05T23:13:46.523833" level="INFO">/opt/hostedtoolcache/Python/3.12.3/x64/lib/python3.12/site-packages/urllib3/connectionpool.py:1103: InsecureRequestWarning: Unverified HTTPS request is being made to host 'randomuser.me'. Adding certificate verification is strongly advised. See: https://urllib3.readthedocs.io/en/latest/advanced-usage.html#tls-warnings
  warnings.warn(</msg>
<msg time="2024-05-05T23:13:46.523970" level="INFO">${response} = &lt;Response [200]&gt;</msg>
<var>${response}</var>
<arg>consultarAPI</arg>
<arg>/api</arg>
<doc>Sends a GET request on a previously created HTTP Session.</doc>
<status status="PASS" start="2024-05-05T23:13:46.418232" elapsed="0.105777"/>
</kw>
<kw name="Set Variable" owner="BuiltIn">
<msg time="2024-05-05T23:13:46.525146" level="INFO">${json_data} = {'results': [{'gender': 'female', 'name': {'title': 'Ms', 'first': 'Elise', 'last': 'Morel'}, 'location': {'street': {'number': 6614, 'name': 'Rue Abel-Gance'}, 'city': 'Dijon', 'state': 'Martinique',...</msg>
<var>${json_data}</var>
<arg>${response.json()}</arg>
<doc>Returns the given values which can then be assigned to a variables.</doc>
<status status="PASS" start="2024-05-05T23:13:46.524571" elapsed="0.000604"/>
</kw>
<kw name="Log" owner="BuiltIn">
<msg time="2024-05-05T23:13:46.525705" level="INFO">{'results': [{'gender': 'female', 'name': {'title': 'Ms', 'first': 'Elise', 'last': 'Morel'}, 'location': {'street': {'number': 6614, 'name': 'Rue Abel-Gance'}, 'city': 'Dijon', 'state': 'Martinique', 'country': 'France', 'postcode': 63171, 'coordinates': {'latitude': '-16.5932', 'longitude': '81.1241'}, 'timezone': {'offset': '-8:00', 'description': 'Pacific Time (US &amp; Canada)'}}, 'email': 'elise.morel@example.com', 'login': {'uuid': '4bb2a55a-9e6b-423c-94e8-91b79b2be4eb', 'username': 'orangemeercat212', 'password': 'tintin', 'salt': '4ATkoWuq', 'md5': '00ae73c3c6e9de2aa0df1279dc9cffe8', 'sha1': '51ac8548d4b5953981a1b1afd170f71616dcafd5', 'sha256': 'f09fb402539c9222a24611feed0cc729ffac4afb65342707b4aae82e22655c77'}, 'dob': {'date': '1987-01-04T09:34:45.657Z', 'age': 37}, 'registered': {'date': '2011-01-29T16:01:21.067Z', 'age': 13}, 'phone': '04-17-92-97-00', 'cell': '06-11-34-30-23', 'id': {'name': 'INSEE', 'value': '2870086298019 70'}, 'picture': {'large': 'https://randomuser.me/api/portraits/women/59.jpg', 'medium': 'https://randomuser.me/api/portraits/med/women/59.jpg', 'thumbnail': 'https://randomuser.me/api/portraits/thumb/women/59.jpg'}, 'nat': 'FR'}], 'info': {'seed': 'a3b7dfd0997c9171', 'results': 1, 'page': 1, 'version': '1.4'}}</msg>
<arg>${json_data}</arg>
<doc>Logs the given message with the given level.</doc>
<status status="PASS" start="2024-05-05T23:13:46.525534" elapsed="0.000224"/>
</kw>
<kw name="Dictionary Should Contain Key" owner="Collections">
<msg time="2024-05-05T23:13:46.526224" level="INFO">False</msg>
<arg>${json_data}</arg>
<arg>results</arg>
<doc>Fails if ``key`` is not found from ``dictionary``.</doc>
<status status="PASS" start="2024-05-05T23:13:46.526066" elapsed="0.000196"/>
</kw>
<kw name="Should Not Be Empty" owner="BuiltIn">
<msg time="2024-05-05T23:13:46.526694" level="INFO">Length is 2.</msg>
<arg>${json_data}</arg>
<doc>Verifies that the given item is not empty.</doc>
<status status="PASS" start="2024-05-05T23:13:46.526554" elapsed="0.000180"/>
</kw>
<kw name="Create List" owner="BuiltIn">
<msg time="2024-05-05T23:13:46.527328" level="INFO">${expected_keys} = ['gender', 'name', 'location', 'email', 'login']</msg>
<var>${expected_keys}</var>
<arg>gender</arg>
<arg>name</arg>
<arg>location</arg>
<arg>email</arg>
<arg>login</arg>
<doc>Returns a list containing given items.</doc>
<status status="PASS" start="2024-05-05T23:13:46.527023" elapsed="0.000330"/>
</kw>
<for flavor="IN">
<iter>
<kw name="Dictionary Should Contain Key" owner="Collections">
<msg time="2024-05-05T23:13:46.528347" level="INFO">False</msg>
<arg>${json_data['results'][0]}</arg>
<arg>${key}</arg>
<doc>Fails if ``key`` is not found from ``dictionary``.</doc>
<status status="PASS" start="2024-05-05T23:13:46.527945" elapsed="0.000440"/>
</kw>
<kw name="Log" owner="BuiltIn">
<msg time="2024-05-05T23:13:46.529056" level="INFO">{'gender': 'female', 'name': {'title': 'Ms', 'first': 'Elise', 'last': 'Morel'}, 'location': {'street': {'number': 6614, 'name': 'Rue Abel-Gance'}, 'city': 'Dijon', 'state': 'Martinique', 'country': 'France', 'postcode': 63171, 'coordinates': {'latitude': '-16.5932', 'longitude': '81.1241'}, 'timezone': {'offset': '-8:00', 'description': 'Pacific Time (US &amp; Canada)'}}, 'email': 'elise.morel@example.com', 'login': {'uuid': '4bb2a55a-9e6b-423c-94e8-91b79b2be4eb', 'username': 'orangemeercat212', 'password': 'tintin', 'salt': '4ATkoWuq', 'md5': '00ae73c3c6e9de2aa0df1279dc9cffe8', 'sha1': '51ac8548d4b5953981a1b1afd170f71616dcafd5', 'sha256': 'f09fb402539c9222a24611feed0cc729ffac4afb65342707b4aae82e22655c77'}, 'dob': {'date': '1987-01-04T09:34:45.657Z', 'age': 37}, 'registered': {'date': '2011-01-29T16:01:21.067Z', 'age': 13}, 'phone': '04-17-92-97-00', 'cell': '06-11-34-30-23', 'id': {'name': 'INSEE', 'value': '2870086298019 70'}, 'picture': {'large': 'https://randomuser.me/api/portraits/women/59.jpg', 'medium': 'https://randomuser.me/api/portraits/med/women/59.jpg', 'thumbnail': 'https://randomuser.me/api/portraits/thumb/women/59.jpg'}, 'nat': 'FR'}</msg>
<arg>${json_data['results'][0]}</arg>
<doc>Logs the given message with the given level.</doc>
<status status="PASS" start="2024-05-05T23:13:46.528683" elapsed="0.000422"/>
</kw>
<kw name="Log" owner="BuiltIn">
<msg time="2024-05-05T23:13:46.529588" level="INFO">gender</msg>
<arg>${key}</arg>
<doc>Logs the given message with the given level.</doc>
<status status="PASS" start="2024-05-05T23:13:46.529437" elapsed="0.000190"/>
</kw>
<var name="${key}">gender</var>
<status status="PASS" start="2024-05-05T23:13:46.527818" elapsed="0.002029"/>
</iter>
<iter>
<kw name="Dictionary Should Contain Key" owner="Collections">
<msg time="2024-05-05T23:13:46.530539" level="INFO">False</msg>
<arg>${json_data['results'][0]}</arg>
<arg>${key}</arg>
<doc>Fails if ``key`` is not found from ``dictionary``.</doc>
<status status="PASS" start="2024-05-05T23:13:46.530152" elapsed="0.000425"/>
</kw>
<kw name="Log" owner="BuiltIn">
<msg time="2024-05-05T23:13:46.531266" level="INFO">{'gender': 'female', 'name': {'title': 'Ms', 'first': 'Elise', 'last': 'Morel'}, 'location': {'street': {'number': 6614, 'name': 'Rue Abel-Gance'}, 'city': 'Dijon', 'state': 'Martinique', 'country': 'France', 'postcode': 63171, 'coordinates': {'latitude': '-16.5932', 'longitude': '81.1241'}, 'timezone': {'offset': '-8:00', 'description': 'Pacific Time (US &amp; Canada)'}}, 'email': 'elise.morel@example.com', 'login': {'uuid': '4bb2a55a-9e6b-423c-94e8-91b79b2be4eb', 'username': 'orangemeercat212', 'password': 'tintin', 'salt': '4ATkoWuq', 'md5': '00ae73c3c6e9de2aa0df1279dc9cffe8', 'sha1': '51ac8548d4b5953981a1b1afd170f71616dcafd5', 'sha256': 'f09fb402539c9222a24611feed0cc729ffac4afb65342707b4aae82e22655c77'}, 'dob': {'date': '1987-01-04T09:34:45.657Z', 'age': 37}, 'registered': {'date': '2011-01-29T16:01:21.067Z', 'age': 13}, 'phone': '04-17-92-97-00', 'cell': '06-11-34-30-23', 'id': {'name': 'INSEE', 'value': '2870086298019 70'}, 'picture': {'large': 'https://randomuser.me/api/portraits/women/59.jpg', 'medium': 'https://randomuser.me/api/portraits/med/women/59.jpg', 'thumbnail': 'https://randomuser.me/api/portraits/thumb/women/59.jpg'}, 'nat': 'FR'}</msg>
<arg>${json_data['results'][0]}</arg>
<doc>Logs the given message with the given level.</doc>
<status status="PASS" start="2024-05-05T23:13:46.530899" elapsed="0.000416"/>
</kw>
<kw name="Log" owner="BuiltIn">
<msg time="2024-05-05T23:13:46.531740" level="INFO">name</msg>
<arg>${key}</arg>
<doc>Logs the given message with the given level.</doc>
<status status="PASS" start="2024-05-05T23:13:46.531613" elapsed="0.000165"/>
</kw>
<var name="${key}">name</var>
<status status="PASS" start="2024-05-05T23:13:46.530036" elapsed="0.001957"/>
</iter>
<iter>
<kw name="Dictionary Should Contain Key" owner="Collections">
<msg time="2024-05-05T23:13:46.532678" level="INFO">False</msg>
<arg>${json_data['results'][0]}</arg>
<arg>${key}</arg>
<doc>Fails if ``key`` is not found from ``dictionary``.</doc>
<status status="PASS" start="2024-05-05T23:13:46.532283" elapsed="0.000433"/>
</kw>
<kw name="Log" owner="BuiltIn">
<msg time="2024-05-05T23:13:46.533368" level="INFO">{'gender': 'female', 'name': {'title': 'Ms', 'first': 'Elise', 'last': 'Morel'}, 'location': {'street': {'number': 6614, 'name': 'Rue Abel-Gance'}, 'city': 'Dijon', 'state': 'Martinique', 'country': 'France', 'postcode': 63171, 'coordinates': {'latitude': '-16.5932', 'longitude': '81.1241'}, 'timezone': {'offset': '-8:00', 'description': 'Pacific Time (US &amp; Canada)'}}, 'email': 'elise.morel@example.com', 'login': {'uuid': '4bb2a55a-9e6b-423c-94e8-91b79b2be4eb', 'username': 'orangemeercat212', 'password': 'tintin', 'salt': '4ATkoWuq', 'md5': '00ae73c3c6e9de2aa0df1279dc9cffe8', 'sha1': '51ac8548d4b5953981a1b1afd170f71616dcafd5', 'sha256': 'f09fb402539c9222a24611feed0cc729ffac4afb65342707b4aae82e22655c77'}, 'dob': {'date': '1987-01-04T09:34:45.657Z', 'age': 37}, 'registered': {'date': '2011-01-29T16:01:21.067Z', 'age': 13}, 'phone': '04-17-92-97-00', 'cell': '06-11-34-30-23', 'id': {'name': 'INSEE', 'value': '2870086298019 70'}, 'picture': {'large': 'https://randomuser.me/api/portraits/women/59.jpg', 'medium': 'https://randomuser.me/api/portraits/med/women/59.jpg', 'thumbnail': 'https://randomuser.me/api/portraits/thumb/women/59.jpg'}, 'nat': 'FR'}</msg>
<arg>${json_data['results'][0]}</arg>
<doc>Logs the given message with the given level.</doc>
<status status="PASS" start="2024-05-05T23:13:46.533011" elapsed="0.000434"/>
</kw>
<kw name="Log" owner="BuiltIn">
<msg time="2024-05-05T23:13:46.533867" level="INFO">location</msg>
<arg>${key}</arg>
<doc>Logs the given message with the given level.</doc>
<status status="PASS" start="2024-05-05T23:13:46.533744" elapsed="0.000161"/>
</kw>
<var name="${key}">location</var>
<status status="PASS" start="2024-05-05T23:13:46.532172" elapsed="0.001944"/>
</iter>
<iter>
<kw name="Dictionary Should Contain Key" owner="Collections">
<msg time="2024-05-05T23:13:46.534783" level="INFO">False</msg>
<arg>${json_data['results'][0]}</arg>
<arg>${key}</arg>
<doc>Fails if ``key`` is not found from ``dictionary``.</doc>
<status status="PASS" start="2024-05-05T23:13:46.534397" elapsed="0.000424"/>
</kw>
<kw name="Log" owner="BuiltIn">
<msg time="2024-05-05T23:13:46.535471" level="INFO">{'gender': 'female', 'name': {'title': 'Ms', 'first': 'Elise', 'last': 'Morel'}, 'location': {'street': {'number': 6614, 'name': 'Rue Abel-Gance'}, 'city': 'Dijon', 'state': 'Martinique', 'country': 'France', 'postcode': 63171, 'coordinates': {'latitude': '-16.5932', 'longitude': '81.1241'}, 'timezone': {'offset': '-8:00', 'description': 'Pacific Time (US &amp; Canada)'}}, 'email': 'elise.morel@example.com', 'login': {'uuid': '4bb2a55a-9e6b-423c-94e8-91b79b2be4eb', 'username': 'orangemeercat212', 'password': 'tintin', 'salt': '4ATkoWuq', 'md5': '00ae73c3c6e9de2aa0df1279dc9cffe8', 'sha1': '51ac8548d4b5953981a1b1afd170f71616dcafd5', 'sha256': 'f09fb402539c9222a24611feed0cc729ffac4afb65342707b4aae82e22655c77'}, 'dob': {'date': '1987-01-04T09:34:45.657Z', 'age': 37}, 'registered': {'date': '2011-01-29T16:01:21.067Z', 'age': 13}, 'phone': '04-17-92-97-00', 'cell': '06-11-34-30-23', 'id': {'name': 'INSEE', 'value': '2870086298019 70'}, 'picture': {'large': 'https://randomuser.me/api/portraits/women/59.jpg', 'medium': 'https://randomuser.me/api/portraits/med/women/59.jpg', 'thumbnail': 'https://randomuser.me/api/portraits/thumb/women/59.jpg'}, 'nat': 'FR'}</msg>
<arg>${json_data['results'][0]}</arg>
<doc>Logs the given message with the given level.</doc>
<status status="PASS" start="2024-05-05T23:13:46.535116" elapsed="0.000404"/>
</kw>
<kw name="Log" owner="BuiltIn">
<msg time="2024-05-05T23:13:46.535934" level="INFO">email</msg>
<arg>${key}</arg>
<doc>Logs the given message with the given level.</doc>
<status status="PASS" start="2024-05-05T23:13:46.535810" elapsed="0.000162"/>
</kw>
<var name="${key}">email</var>
<status status="PASS" start="2024-05-05T23:13:46.534287" elapsed="0.001902"/>
</iter>
<iter>
<kw name="Dictionary Should Contain Key" owner="Collections">
<msg time="2024-05-05T23:13:46.536861" level="INFO">False</msg>
<arg>${json_data['results'][0]}</arg>
<arg>${key}</arg>
<doc>Fails if ``key`` is not found from ``dictionary``.</doc>
<status status="PASS" start="2024-05-05T23:13:46.536470" elapsed="0.000428"/>
</kw>
<kw name="Log" owner="BuiltIn">
<msg time="2024-05-05T23:13:46.537586" level="INFO">{'gender': 'female', 'name': {'title': 'Ms', 'first': 'Elise', 'last': 'Morel'}, 'location': {'street': {'number': 6614, 'name': 'Rue Abel-Gance'}, 'city': 'Dijon', 'state': 'Martinique', 'country': 'France', 'postcode': 63171, 'coordinates': {'latitude': '-16.5932', 'longitude': '81.1241'}, 'timezone': {'offset': '-8:00', 'description': 'Pacific Time (US &amp; Canada)'}}, 'email': 'elise.morel@example.com', 'login': {'uuid': '4bb2a55a-9e6b-423c-94e8-91b79b2be4eb', 'username': 'orangemeercat212', 'password': 'tintin', 'salt': '4ATkoWuq', 'md5': '00ae73c3c6e9de2aa0df1279dc9cffe8', 'sha1': '51ac8548d4b5953981a1b1afd170f71616dcafd5', 'sha256': 'f09fb402539c9222a24611feed0cc729ffac4afb65342707b4aae82e22655c77'}, 'dob': {'date': '1987-01-04T09:34:45.657Z', 'age': 37}, 'registered': {'date': '2011-01-29T16:01:21.067Z', 'age': 13}, 'phone': '04-17-92-97-00', 'cell': '06-11-34-30-23', 'id': {'name': 'INSEE', 'value': '2870086298019 70'}, 'picture': {'large': 'https://randomuser.me/api/portraits/women/59.jpg', 'medium': 'https://randomuser.me/api/portraits/med/women/59.jpg', 'thumbnail': 'https://randomuser.me/api/portraits/thumb/women/59.jpg'}, 'nat': 'FR'}</msg>
<arg>${json_data['results'][0]}</arg>
<doc>Logs the given message with the given level.</doc>
<status status="PASS" start="2024-05-05T23:13:46.537186" elapsed="0.000449"/>
</kw>
<kw name="Log" owner="BuiltIn">
<msg time="2024-05-05T23:13:46.538058" level="INFO">login</msg>
<arg>${key}</arg>
<doc>Logs the given message with the given level.</doc>
<status status="PASS" start="2024-05-05T23:13:46.537932" elapsed="0.000165"/>
</kw>
<var name="${key}">login</var>
<status status="PASS" start="2024-05-05T23:13:46.536361" elapsed="0.001970"/>
</iter>
<var>${key}</var>
<value>@{expected_keys}</value>
<status status="PASS" start="2024-05-05T23:13:46.527624" elapsed="0.010833"/>
</for>
<kw name="Create List" owner="BuiltIn">
<msg time="2024-05-05T23:13:46.538786" level="INFO">${expected_keysTwo} = ['username', 'password']</msg>
<var>${expected_keysTwo}</var>
<arg>username</arg>
<arg>password</arg>
<doc>Returns a list containing given items.</doc>
<status status="PASS" start="2024-05-05T23:13:46.538650" elapsed="0.000160"/>
</kw>
<for flavor="IN">
<iter>
<kw name="Dictionary Should Contain Key" owner="Collections">
<msg time="2024-05-05T23:13:46.539694" level="INFO">False</msg>
<arg>${json_data['results'][0]['login']}</arg>
<arg>${keyTwo}</arg>
<doc>Fails if ``key`` is not found from ``dictionary``.</doc>
<status status="PASS" start="2024-05-05T23:13:46.539303" elapsed="0.000429"/>
</kw>
<kw name="Dictionary Should Contain Key" owner="Collections">
<msg time="2024-05-05T23:13:46.540410" level="INFO">False</msg>
<arg>${json_data['results'][0]['login']}</arg>
<arg>${keyTwo}</arg>
<doc>Fails if ``key`` is not found from ``dictionary``.</doc>
<status status="PASS" start="2024-05-05T23:13:46.540024" elapsed="0.000424"/>
</kw>
<kw name="Log" owner="BuiltIn">
<msg time="2024-05-05T23:13:46.540861" level="INFO">username</msg>
<arg>${keyTwo}</arg>
<doc>Logs the given message with the given level.</doc>
<status status="PASS" start="2024-05-05T23:13:46.540736" elapsed="0.000170"/>
</kw>
<var name="${keyTwo}">username</var>
<status status="PASS" start="2024-05-05T23:13:46.539192" elapsed="0.001923"/>
</iter>
<iter>
<kw name="Dictionary Should Contain Key" owner="Collections">
<msg time="2024-05-05T23:13:46.541820" level="INFO">False</msg>
<arg>${json_data['results'][0]['login']}</arg>
<arg>${keyTwo}</arg>
<doc>Fails if ``key`` is not found from ``dictionary``.</doc>
<status status="PASS" start="2024-05-05T23:13:46.541392" elapsed="0.000467"/>
</kw>
<kw name="Dictionary Should Contain Key" owner="Collections">
<msg time="2024-05-05T23:13:46.542679" level="INFO">False</msg>
<arg>${json_data['results'][0]['login']}</arg>
<arg>${keyTwo}</arg>
<doc>Fails if ``key`` is not found from ``dictionary``.</doc>
<status status="PASS" start="2024-05-05T23:13:46.542152" elapsed="0.000589"/>
</kw>
<kw name="Log" owner="BuiltIn">
<msg time="2024-05-05T23:13:46.543248" level="INFO">password</msg>
<arg>${keyTwo}</arg>
<doc>Logs the given message with the given level.</doc>
<status status="PASS" start="2024-05-05T23:13:46.543113" elapsed="0.000174"/>
</kw>
<var name="${keyTwo}">password</var>
<status status="PASS" start="2024-05-05T23:13:46.541283" elapsed="0.002221"/>
</iter>
<var>${keyTwo}</var>
<value>@{expected_keysTwo}</value>
<status status="PASS" start="2024-05-05T23:13:46.539041" elapsed="0.004587"/>
</for>
<status status="PASS" start="2024-05-05T23:13:46.417936" elapsed="0.125834"/>
</kw>
<doc>Testa a estrutura da resposta da API.</doc>
<tag>testeEstruturaResposta</tag>
<status status="PASS" start="2024-05-05T23:13:46.417236" elapsed="0.126692"/>
</test>
<test id="s1-s1-t4" name="Validar tipos de dados" line="28">
<kw name="Teste de Tipos de Dados" owner="random-user-service">
<kw name="GET On Session" owner="RequestsLibrary">
<msg time="2024-05-05T23:13:46.646828" level="INFO">GET Request : url=https://randomuser.me/api 
 path_url=/api 
 headers={'User-Agent': 'python-requests/2.31.0', 'Accept-Encoding': 'gzip, deflate', 'Accept': '*/*', 'Connection': 'keep-alive'} 
 body=None 
 </msg>
<msg time="2024-05-05T23:13:46.646919" level="INFO">GET Response : url=https://randomuser.me/api 
 status=200, reason=OK 
 headers={'Date': 'Sun, 05 May 2024 23:13:46 GMT', 'Content-Type': 'application/json; charset=utf-8', 'Transfer-Encoding': 'chunked', 'Connection': 'keep-alive', 'X-Powered-By': 'Express', 'Access-Control-Allow-Origin': '*', 'Cache-Control': 'no-cache', 'ETag': 'W/"4a3-kVBQp6IQj5nRhztm6SBUKiqDiBI"', 'Vary': 'Accept-Encoding', 'Content-Encoding': 'gzip', 'CF-Cache-Status': 'DYNAMIC', 'Report-To': '{"endpoints":[{"url":"https:\\/\\/a.nel.cloudflare.com\\/report\\/v4?s=r2RM25t2CYigc5Wq8OetZQ8xpX%2BSRAeSt%2B4KzN5CdfbLfvx2YUL%2Bo74PM5KetDjBm1jkSP%2FR6wNahmdPWywPLyJVbULwBckezO%2B%2BwJoenpBSI0Pxqo%2BYCnlVwR8gx335"}],"group":"cf-nel","max_age":604800}', 'NEL': '{"success_fraction":0,"report_to":"cf-nel","max_age":604800}', 'Server': 'cloudflare', 'CF-RAY': '87f46c49f9872acf-LAX', 'alt-svc': 'h3=":443"; ma=86400'} 
 body={"results":[{"gender":"female","name":{"title":"Mrs","first":"Rawan","last":"Fiskum"},"location":{"street":{"number":7251,"name":"Langerudsvingen"},"city":"Kirkenes","state":"Finnmark - Finnmárku","country":"Norway","postcode":"5702","coordinates":{"latitude":"43.1025","longitude":"46.8136"},"timezone":{"offset":"0:00","description":"Western Europe Time, London, Lisbon, Casablanca"}},"email":"rawan.fiskum@example.com","login":{"uuid":"c367b763-dacc-4278-95fc-2a15e23c40b4","username":"silvercat700","password":"videoes","salt":"MWVkDF2u","md5":"6eb0e012c80c94d7b321eca1de657867","sha1":"671a45eb18d5aabaad2f3eda948df8fd40431b21","sha256":"fa4f036d60a80df21de04dcc57d61e07cb285b039c4a85aba6c01697529f5cd3"},"dob":{"date":"1949-04-07T08:31:15.931Z","age":75},"registered":{"date":"2009-02-20T18:12:16.950Z","age":15},"phone":"21720628","cell":"94190628","id":{"name":"FN","value":"07044918425"},"picture":{"large":"https://randomuser.me/api/portraits/women/86.jpg","medium":"https://randomuser.me/api/portraits/med/women/86.jpg","thumbnail":"https://randomuser.me/api/portraits/thumb/women/86.jpg"},"nat":"NO"}],"info":{"seed":"fb3d479b1ea0834d","results":1,"page":1,"version":"1.4"}} 
 </msg>
<msg time="2024-05-05T23:13:46.646991" level="INFO">/opt/hostedtoolcache/Python/3.12.3/x64/lib/python3.12/site-packages/urllib3/connectionpool.py:1103: InsecureRequestWarning: Unverified HTTPS request is being made to host 'randomuser.me'. Adding certificate verification is strongly advised. See: https://urllib3.readthedocs.io/en/latest/advanced-usage.html#tls-warnings
  warnings.warn(</msg>
<msg time="2024-05-05T23:13:46.647103" level="INFO">${response} = &lt;Response [200]&gt;</msg>
<var>${response}</var>
<arg>consultarAPI</arg>
<arg>/api</arg>
<doc>Sends a GET request on a previously created HTTP Session.</doc>
<status status="PASS" start="2024-05-05T23:13:46.546505" elapsed="0.100637"/>
</kw>
<kw name="Set Variable" owner="BuiltIn">
<msg time="2024-05-05T23:13:46.648342" level="INFO">${json_data} = {'results': [{'gender': 'female', 'name': {'title': 'Mrs', 'first': 'Rawan', 'last': 'Fiskum'}, 'location': {'street': {'number': 7251, 'name': 'Langerudsvingen'}, 'city': 'Kirkenes', 'state': 'Finnma...</msg>
<var>${json_data}</var>
<arg>${response.json()}</arg>
<doc>Returns the given values which can then be assigned to a variables.</doc>
<status status="PASS" start="2024-05-05T23:13:46.647762" elapsed="0.000610"/>
</kw>
<kw name="Log" owner="BuiltIn">
<msg time="2024-05-05T23:13:46.648842" level="INFO">{'results': [{'gender': 'female', 'name': {'title': 'Mrs', 'first': 'Rawan', 'last': 'Fiskum'}, 'location': {'street': {'number': 7251, 'name': 'Langerudsvingen'}, 'city': 'Kirkenes', 'state': 'Finnmark - Finnmárku', 'country': 'Norway', 'postcode': '5702', 'coordinates': {'latitude': '43.1025', 'longitude': '46.8136'}, 'timezone': {'offset': '0:00', 'description': 'Western Europe Time, London, Lisbon, Casablanca'}}, 'email': 'rawan.fiskum@example.com', 'login': {'uuid': 'c367b763-dacc-4278-95fc-2a15e23c40b4', 'username': 'silvercat700', 'password': 'videoes', 'salt': 'MWVkDF2u', 'md5': '6eb0e012c80c94d7b321eca1de657867', 'sha1': '671a45eb18d5aabaad2f3eda948df8fd40431b21', 'sha256': 'fa4f036d60a80df21de04dcc57d61e07cb285b039c4a85aba6c01697529f5cd3'}, 'dob': {'date': '1949-04-07T08:31:15.931Z', 'age': 75}, 'registered': {'date': '2009-02-20T18:12:16.950Z', 'age': 15}, 'phone': '21720628', 'cell': '94190628', 'id': {'name': 'FN', 'value': '07044918425'}, 'picture': {'large': 'https://randomuser.me/api/portraits/women/86.jpg', 'medium': 'https://randomuser.me/api/portraits/med/women/86.jpg', 'thumbnail': 'https://randomuser.me/api/portraits/thumb/women/86.jpg'}, 'nat': 'NO'}], 'info': {'seed': 'fb3d479b1ea0834d', 'results': 1, 'page': 1, 'version': '1.4'}}</msg>
<arg>${json_data}</arg>
<doc>Logs the given message with the given level.</doc>
<status status="PASS" start="2024-05-05T23:13:46.648682" elapsed="0.000250"/>
</kw>
<kw name="Should Be String" owner="String">
<arg>${json_data['results'][0]['gender']}</arg>
<doc>Fails if the given ``item`` is not a string.</doc>
<status status="PASS" start="2024-05-05T23:13:46.649234" elapsed="0.000429"/>
</kw>
<kw name="Should Match Regexp" owner="BuiltIn">
<arg>${json_data['results'][0]['email']}</arg>
<arg>^[a-zA-Z0-9._%+-]+@[a-zA-Z0-9.-]+\.[a-zA-Z]{2,}$</arg>
<doc>Fails if ``string`` does not match ``pattern`` as a regular expression.</doc>
<status status="PASS" start="2024-05-05T23:13:46.649858" elapsed="0.000526"/>
</kw>
<kw name="Should Match Regexp" owner="BuiltIn">
<arg>${json_data['results'][0]['dob']['date']}</arg>
<arg>\\d{4}-\\d{2}-\\d{2}T\\d{2}:\\d{2}:\\d{2}\\.\\d{3}Z</arg>
<doc>Fails if ``string`` does not match ``pattern`` as a regular expression.</doc>
<status status="PASS" start="2024-05-05T23:13:46.650582" elapsed="0.000499"/>
</kw>
<kw name="Should Match Regexp" owner="BuiltIn">
<arg>${json_data['results'][0]['registered']['date']}</arg>
<arg>\\d{4}-\\d{2}-\\d{2}T\\d{2}:\\d{2}:\\d{2}\\.\\d{3}Z</arg>
<doc>Fails if ``string`` does not match ``pattern`` as a regular expression.</doc>
<status status="PASS" start="2024-05-05T23:13:46.651276" elapsed="0.000369"/>
</kw>
<kw name="Should Match Regexp" owner="BuiltIn">
<arg>${json_data['results'][0]['picture']['large']}</arg>
<arg>^https?://.*\.(?:png|jpe?g|gif|bmp)$</arg>
<doc>Fails if ``string`` does not match ``pattern`` as a regular expression.</doc>
<status status="PASS" start="2024-05-05T23:13:46.651835" elapsed="0.000457"/>
</kw>
<kw name="Should Match Regexp" owner="BuiltIn">
<arg>${json_data['results'][0]['picture']['medium']}</arg>
<arg>^https?://.*\.(?:png|jpe?g|gif|bmp)$</arg>
<doc>Fails if ``string`` does not match ``pattern`` as a regular expression.</doc>
<status status="PASS" start="2024-05-05T23:13:46.652483" elapsed="0.000361"/>
</kw>
<kw name="Should Match Regexp" owner="BuiltIn">
<arg>${json_data['results'][0]['picture']['thumbnail']}</arg>
<arg>^https?://.*\.(?:png|jpe?g|gif|bmp)$</arg>
<doc>Fails if ``string`` does not match ``pattern`` as a regular expression.</doc>
<status status="PASS" start="2024-05-05T23:13:46.653036" elapsed="0.000356"/>
</kw>
<kw name="Log" owner="BuiltIn">
<msg time="2024-05-05T23:13:46.653922" level="INFO">{'large': 'https://randomuser.me/api/portraits/women/86.jpg', 'medium': 'https://randomuser.me/api/portraits/med/women/86.jpg', 'thumbnail': 'https://randomuser.me/api/portraits/thumb/women/86.jpg'}</msg>
<arg>${json_data['results'][0]['picture']}</arg>
<doc>Logs the given message with the given level.</doc>
<status status="PASS" start="2024-05-05T23:13:46.653597" elapsed="0.000368"/>
</kw>
<status status="PASS" start="2024-05-05T23:13:46.546278" elapsed="0.107942"/>
</kw>
<kw name="Teste de Tipos de Dados - Postcode" owner="random-user-service">
<kw name="GET On Session" owner="RequestsLibrary">
<msg time="2024-05-05T23:13:46.756903" level="INFO">GET Request : url=https://randomuser.me/api 
 path_url=/api 
 headers={'User-Agent': 'python-requests/2.31.0', 'Accept-Encoding': 'gzip, deflate', 'Accept': '*/*', 'Connection': 'keep-alive'} 
 body=None 
 </msg>
<msg time="2024-05-05T23:13:46.756999" level="INFO">GET Response : url=https://randomuser.me/api 
 status=200, reason=OK 
 headers={'Date': 'Sun, 05 May 2024 23:13:46 GMT', 'Content-Type': 'application/json; charset=utf-8', 'Transfer-Encoding': 'chunked', 'Connection': 'keep-alive', 'X-Powered-By': 'Express', 'Access-Control-Allow-Origin': '*', 'Cache-Control': 'no-cache', 'ETag': 'W/"471-+GiawM2dgP6EhPi0HzKrpMcNf68"', 'Vary': 'Accept-Encoding', 'Content-Encoding': 'gzip', 'CF-Cache-Status': 'DYNAMIC', 'Report-To': '{"endpoints":[{"url":"https:\\/\\/a.nel.cloudflare.com\\/report\\/v4?s=0D6sgz3TwijVWLyGw89O0w4dOcRIuKfWQj1FXm41m4HzA2DrfzzJ27VUUPTAZCgB%2Bj37GVJKpNuQBFiwMkusHu5VaCoFEGUbBLyg82QxW0xX7lN643jSZRswJuQblOHO"}],"group":"cf-nel","max_age":604800}', 'NEL': '{"success_fraction":0,"report_to":"cf-nel","max_age":604800}', 'Server': 'cloudflare', 'CF-RAY': '87f46c4a9a652acf-LAX', 'alt-svc': 'h3=":443"; ma=86400'} 
 body={"results":[{"gender":"male","name":{"title":"Mr","first":"Frederik","last":"Petersen"},"location":{"street":{"number":2788,"name":"Holbækvej"},"city":"Argerskov","state":"Midtjylland","country":"Denmark","postcode":35423,"coordinates":{"latitude":"-46.5105","longitude":"-178.6366"},"timezone":{"offset":"+5:45","description":"Kathmandu"}},"email":"frederik.petersen@example.com","login":{"uuid":"5cb45154-223c-4c93-a1f0-43a0c761b354","username":"yellowbear334","password":"antony","salt":"jinYWLmz","md5":"de0a7f7d1ff06ce57d80ad488e17ad82","sha1":"ffd66ea451ce5bfc75e1b390abb88a2a82f428a6","sha256":"a2e5154141dd57cdaa6fc997e3f2a3dd622772d2c12acbfe7701635baa9cfef8"},"dob":{"date":"1957-05-20T21:32:47.212Z","age":66},"registered":{"date":"2015-05-02T14:16:03.466Z","age":9},"phone":"74307232","cell":"25196826","id":{"name":"CPR","value":"200557-5468"},"picture":{"large":"https://randomuser.me/api/portraits/men/2.jpg","medium":"https://randomuser.me/api/portraits/med/men/2.jpg","thumbnail":"https://randomuser.me/api/portraits/thumb/men/2.jpg"},"nat":"DK"}],"info":{"seed":"38687eff4f88c406","results":1,"page":1,"version":"1.4"}} 
 </msg>
<msg time="2024-05-05T23:13:46.757068" level="INFO">/opt/hostedtoolcache/Python/3.12.3/x64/lib/python3.12/site-packages/urllib3/connectionpool.py:1103: InsecureRequestWarning: Unverified HTTPS request is being made to host 'randomuser.me'. Adding certificate verification is strongly advised. See: https://urllib3.readthedocs.io/en/latest/advanced-usage.html#tls-warnings
  warnings.warn(</msg>
<msg time="2024-05-05T23:13:46.757201" level="INFO">${response} = &lt;Response [200]&gt;</msg>
<var>${response}</var>
<arg>consultarAPI</arg>
<arg>/api</arg>
<doc>Sends a GET request on a previously created HTTP Session.</doc>
<status status="PASS" start="2024-05-05T23:13:46.654685" elapsed="0.102555"/>
</kw>
<kw name="Set Variable" owner="BuiltIn">
<msg time="2024-05-05T23:13:46.758434" level="INFO">${json_data} = {'results': [{'gender': 'male', 'name': {'title': 'Mr', 'first': 'Frederik', 'last': 'Petersen'}, 'location': {'street': {'number': 2788, 'name': 'Holbækvej'}, 'city': 'Argerskov', 'state': 'Midtjylla...</msg>
<var>${json_data}</var>
<arg>${response.json()}</arg>
<doc>Returns the given values which can then be assigned to a variables.</doc>
<status status="PASS" start="2024-05-05T23:13:46.757871" elapsed="0.000592"/>
</kw>
<kw name="Log" owner="BuiltIn">
<msg time="2024-05-05T23:13:46.758931" level="INFO">{'results': [{'gender': 'male', 'name': {'title': 'Mr', 'first': 'Frederik', 'last': 'Petersen'}, 'location': {'street': {'number': 2788, 'name': 'Holbækvej'}, 'city': 'Argerskov', 'state': 'Midtjylland', 'country': 'Denmark', 'postcode': 35423, 'coordinates': {'latitude': '-46.5105', 'longitude': '-178.6366'}, 'timezone': {'offset': '+5:45', 'description': 'Kathmandu'}}, 'email': 'frederik.petersen@example.com', 'login': {'uuid': '5cb45154-223c-4c93-a1f0-43a0c761b354', 'username': 'yellowbear334', 'password': 'antony', 'salt': 'jinYWLmz', 'md5': 'de0a7f7d1ff06ce57d80ad488e17ad82', 'sha1': 'ffd66ea451ce5bfc75e1b390abb88a2a82f428a6', 'sha256': 'a2e5154141dd57cdaa6fc997e3f2a3dd622772d2c12acbfe7701635baa9cfef8'}, 'dob': {'date': '1957-05-20T21:32:47.212Z', 'age': 66}, 'registered': {'date': '2015-05-02T14:16:03.466Z', 'age': 9}, 'phone': '74307232', 'cell': '25196826', 'id': {'name': 'CPR', 'value': '200557-5468'}, 'picture': {'large': 'https://randomuser.me/api/portraits/men/2.jpg', 'medium': 'https://randomuser.me/api/portraits/med/men/2.jpg', 'thumbnail': 'https://randomuser.me/api/portraits/thumb/men/2.jpg'}, 'nat': 'DK'}], 'info': {'seed': '38687eff4f88c406', 'results': 1, 'page': 1, 'version': '1.4'}}</msg>
<arg>${json_data}</arg>
<doc>Logs the given message with the given level.</doc>
<status status="PASS" start="2024-05-05T23:13:46.758773" elapsed="0.000244"/>
</kw>
<kw name="Should Be Equal As Numbers" owner="BuiltIn">
<arg>${json_data['results'][0]['location']['postcode']}</arg>
<arg>${json_data['results'][0]['location']['postcode']}</arg>
<doc>Fails if objects are unequal after converting them to real numbers.</doc>
<status status="PASS" start="2024-05-05T23:13:46.759334" elapsed="0.000819"/>
</kw>
<kw name="Log" owner="BuiltIn">
<msg time="2024-05-05T23:13:46.760689" level="INFO">35423</msg>
<arg>${json_data['results'][0]['location']['postcode']}</arg>
<doc>Logs the given message with the given level.</doc>
<status status="PASS" start="2024-05-05T23:13:46.760353" elapsed="0.000376"/>
</kw>
<status status="PASS" start="2024-05-05T23:13:46.654451" elapsed="0.106531"/>
</kw>
<doc>Testa se os tipos de dados na resposta da API estão corretos.</doc>
<tag>testeTiposDados</tag>
<status status="PASS" start="2024-05-05T23:13:46.545743" elapsed="0.215405"/>
</test>
<test id="s1-s1-t5" name="Validar conteudo" line="35">
<kw name="Teste de Tipos de Conteudo" owner="random-user-service">
<kw name="GET On Session" owner="RequestsLibrary">
<msg time="2024-05-05T23:13:46.870325" level="INFO">GET Request : url=https://randomuser.me/api 
 path_url=/api 
 headers={'User-Agent': 'python-requests/2.31.0', 'Accept-Encoding': 'gzip, deflate', 'Accept': '*/*', 'Connection': 'keep-alive'} 
 body=None 
 </msg>
<msg time="2024-05-05T23:13:46.870420" level="INFO">GET Response : url=https://randomuser.me/api 
 status=200, reason=OK 
 headers={'Date': 'Sun, 05 May 2024 23:13:46 GMT', 'Content-Type': 'application/json; charset=utf-8', 'Transfer-Encoding': 'chunked', 'Connection': 'keep-alive', 'X-Powered-By': 'Express', 'Access-Control-Allow-Origin': '*', 'Cache-Control': 'no-cache', 'ETag': 'W/"487-bBTO04eNyPIG/3DHoxIsWI0s6jg"', 'Vary': 'Accept-Encoding', 'Content-Encoding': 'gzip', 'CF-Cache-Status': 'DYNAMIC', 'Report-To': '{"endpoints":[{"url":"https:\\/\\/a.nel.cloudflare.com\\/report\\/v4?s=t5zmfdPoExea9%2BfatwRoxT8vafbOUQFe3WyH%2FwmtD9%2BO1%2FWvhF5o4eJ66yYVasvqGVSYLbXlKg5VArWDNWX83e2zL9TwKaLdr7jxjkhhbaFjJLljNWwa4222NGvOZTKi"}],"group":"cf-nel","max_age":604800}', 'NEL': '{"success_fraction":0,"report_to":"cf-nel","max_age":604800}', 'Server': 'cloudflare', 'CF-RAY': '87f46c4b4b2c2acf-LAX', 'alt-svc': 'h3=":443"; ma=86400'} 
 body={"results":[{"gender":"male","name":{"title":"Mr","first":"Ebbe","last":"Lundgren"},"location":{"street":{"number":9609,"name":"Sørvangen"},"city":"Knappskog","state":"Møre og Romsdal","country":"Norway","postcode":"6461","coordinates":{"latitude":"41.9918","longitude":"-127.6895"},"timezone":{"offset":"-3:00","description":"Brazil, Buenos Aires, Georgetown"}},"email":"ebbe.lundgren@example.com","login":{"uuid":"385fd661-4674-4dc6-9206-24bab4199535","username":"angrygoose253","password":"belinda","salt":"pADrZYzL","md5":"2f9b77f27d4d403e3c045e620dd942b8","sha1":"5deec5bf179feabcf01274bb363e7669454417a6","sha256":"e6ebb22e7454ff366d8330641e8a8b928a41b365de13e743a6130f340d2761c1"},"dob":{"date":"1960-04-10T03:21:36.842Z","age":64},"registered":{"date":"2017-02-23T10:27:06.278Z","age":7},"phone":"72166323","cell":"98716389","id":{"name":"FN","value":"10046032786"},"picture":{"large":"https://randomuser.me/api/portraits/men/63.jpg","medium":"https://randomuser.me/api/portraits/med/men/63.jpg","thumbnail":"https://randomuser.me/api/portraits/thumb/men/63.jpg"},"nat":"NO"}],"info":{"seed":"a247a577bdbafe30","results":1,"page":1,"version":"1.4"}} 
 </msg>
<msg time="2024-05-05T23:13:46.870500" level="INFO">/opt/hostedtoolcache/Python/3.12.3/x64/lib/python3.12/site-packages/urllib3/connectionpool.py:1103: InsecureRequestWarning: Unverified HTTPS request is being made to host 'randomuser.me'. Adding certificate verification is strongly advised. See: https://urllib3.readthedocs.io/en/latest/advanced-usage.html#tls-warnings
  warnings.warn(</msg>
<msg time="2024-05-05T23:13:46.870627" level="INFO">${response} = &lt;Response [200]&gt;</msg>
<var>${response}</var>
<arg>consultarAPI</arg>
<arg>/api</arg>
<doc>Sends a GET request on a previously created HTTP Session.</doc>
<status status="PASS" start="2024-05-05T23:13:46.763702" elapsed="0.106975"/>
</kw>
<kw name="Set Variable" owner="BuiltIn">
<msg time="2024-05-05T23:13:46.871693" level="INFO">${json_data} = {'results': [{'gender': 'male', 'name': {'title': 'Mr', 'first': 'Ebbe', 'last': 'Lundgren'}, 'location': {'street': {'number': 9609, 'name': 'Sørvangen'}, 'city': 'Knappskog', 'state': 'Møre og Romsd...</msg>
<var>${json_data}</var>
<arg>${response.json()}</arg>
<doc>Returns the given values which can then be assigned to a variables.</doc>
<status status="PASS" start="2024-05-05T23:13:46.871184" elapsed="0.000538"/>
</kw>
<kw name="Set Variable" owner="BuiltIn">
<msg time="2024-05-05T23:13:46.872405" level="INFO">${name_title} = Mr</msg>
<var>${name_title}</var>
<arg>${json_data["results"][0]["name"]["title"]}</arg>
<doc>Returns the given values which can then be assigned to a variables.</doc>
<status status="PASS" start="2024-05-05T23:13:46.872023" elapsed="0.000407"/>
</kw>
<kw name="Create List" owner="BuiltIn">
<msg time="2024-05-05T23:13:46.872874" level="INFO">${allowed_titles} = ['Mr', 'Ms', 'Miss', 'Mrs', 'Madame', 'Monsieur']</msg>
<var>${allowed_titles}</var>
<arg>Mr</arg>
<arg>Ms</arg>
<arg>Miss</arg>
<arg>Mrs</arg>
<arg>Madame</arg>
<arg>Monsieur</arg>
<doc>Returns a list containing given items.</doc>
<status status="PASS" start="2024-05-05T23:13:46.872728" elapsed="0.000170"/>
</kw>
<kw name="List Should Contain Value" owner="Collections">
<msg time="2024-05-05T23:13:46.873388" level="INFO">False</msg>
<arg>${allowed_titles}</arg>
<arg>${name_title}</arg>
<doc>Fails if the ``value`` is not found from ``list``.</doc>
<status status="PASS" start="2024-05-05T23:13:46.873215" elapsed="0.000250"/>
</kw>
<kw name="Set Variable" owner="BuiltIn">
<msg time="2024-05-05T23:13:46.874163" level="INFO">${name_country} = NO</msg>
<var>${name_country}</var>
<arg>${json_data["results"][0]["nat"]}</arg>
<doc>Returns the given values which can then be assigned to a variables.</doc>
<status status="PASS" start="2024-05-05T23:13:46.873781" elapsed="0.000406"/>
</kw>
<kw name="Create List" owner="BuiltIn">
<msg time="2024-05-05T23:13:46.875148" level="INFO">${list_country} = ['AD', 'AE', 'AF', 'AG', 'AI', 'AL', 'AM', 'AO', 'AQ', 'AR', 'AS', 'AT', 'AU', 'AW', 'AX', 'AZ', 'BA', 'BB', 'BD', 'BE', 'BF', 'BG', 'BH', 'BI', 'BJ', 'BL', 'BM', 'BN', 'BO', 'BQ', 'BR', 'BS', 'BT', '...</msg>
<var>${list_country}</var>
<arg>AD</arg>
<arg>AE</arg>
<arg>AF</arg>
<arg>AG</arg>
<arg>AI</arg>
<arg>AL</arg>
<arg>AM</arg>
<arg>AO</arg>
<arg>AQ</arg>
<arg>AR</arg>
<arg>AS</arg>
<arg>AT</arg>
<arg>AU</arg>
<arg>AW</arg>
<arg>AX</arg>
<arg>AZ</arg>
<arg>BA</arg>
<arg>BB</arg>
<arg>BD</arg>
<arg>BE</arg>
<arg>BF</arg>
<arg>BG</arg>
<arg>BH</arg>
<arg>BI</arg>
<arg>BJ</arg>
<arg>BL</arg>
<arg>BM</arg>
<arg>BN</arg>
<arg>BO</arg>
<arg>BQ</arg>
<arg>BR</arg>
<arg>BS</arg>
<arg>BT</arg>
<arg>BV</arg>
<arg>BW</arg>
<arg>BY</arg>
<arg>BZ</arg>
<arg>CA</arg>
<arg>CC</arg>
<arg>CD</arg>
<arg>CF</arg>
<arg>CG</arg>
<arg>CH</arg>
<arg>CI</arg>
<arg>CK</arg>
<arg>CL</arg>
<arg>CM</arg>
<arg>CN</arg>
<arg>CO</arg>
<arg>CR</arg>
<arg>CU</arg>
<arg>CV</arg>
<arg>CW</arg>
<arg>CX</arg>
<arg>CY</arg>
<arg>CZ</arg>
<arg>DE</arg>
<arg>DJ</arg>
<arg>DK</arg>
<arg>DM</arg>
<arg>DO</arg>
<arg>DZ</arg>
<arg>EC</arg>
<arg>EE</arg>
<arg>EG</arg>
<arg>EH</arg>
<arg>ER</arg>
<arg>ES</arg>
<arg>ET</arg>
<arg>FI</arg>
<arg>FJ</arg>
<arg>FK</arg>
<arg>FM</arg>
<arg>FO</arg>
<arg>FR</arg>
<arg>GA</arg>
<arg>GB</arg>
<arg>GD</arg>
<arg>GE</arg>
<arg>GF</arg>
<arg>GG</arg>
<arg>GH</arg>
<arg>GI</arg>
<arg>GL</arg>
<arg>GM</arg>
<arg>GN</arg>
<arg>GP</arg>
<arg>GQ</arg>
<arg>GR</arg>
<arg>GS</arg>
<arg>GT</arg>
<arg>GU</arg>
<arg>GW</arg>
<arg>GY</arg>
<arg>HK</arg>
<arg>HM</arg>
<arg>HN</arg>
<arg>HR</arg>
<arg>HT</arg>
<arg>HU</arg>
<arg>ID</arg>
<arg>IE</arg>
<arg>IL</arg>
<arg>IM</arg>
<arg>IN</arg>
<arg>IO</arg>
<arg>IQ</arg>
<arg>IR</arg>
<arg>IS</arg>
<arg>IT</arg>
<arg>JE</arg>
<arg>JM</arg>
<arg>JO</arg>
<arg>JP</arg>
<arg>KE</arg>
<arg>KG</arg>
<arg>KH</arg>
<arg>KI</arg>
<arg>KM</arg>
<arg>KN</arg>
<arg>KP</arg>
<arg>KR</arg>
<arg>KW</arg>
<arg>KY</arg>
<arg>KZ</arg>
<arg>LA</arg>
<arg>LB</arg>
<arg>LC</arg>
<arg>LI</arg>
<arg>LK</arg>
<arg>LR</arg>
<arg>LS</arg>
<arg>LT</arg>
<arg>LU</arg>
<arg>LV</arg>
<arg>LY</arg>
<arg>MA</arg>
<arg>MC</arg>
<arg>MD</arg>
<arg>ME</arg>
<arg>MF</arg>
<arg>MG</arg>
<arg>MH</arg>
<arg>MK</arg>
<arg>ML</arg>
<arg>MM</arg>
<arg>MN</arg>
<arg>MO</arg>
<arg>MP</arg>
<arg>MQ</arg>
<arg>MR</arg>
<arg>MS</arg>
<arg>MT</arg>
<arg>MU</arg>
<arg>MV</arg>
<arg>MW</arg>
<arg>MX</arg>
<arg>MY</arg>
<arg>MZ</arg>
<arg>NA</arg>
<arg>NC</arg>
<arg>NE</arg>
<arg>NF</arg>
<arg>NG</arg>
<arg>NI</arg>
<arg>NL</arg>
<arg>NO</arg>
<arg>NP</arg>
<arg>NR</arg>
<arg>NU</arg>
<arg>NZ</arg>
<arg>OM</arg>
<arg>PA</arg>
<arg>PE</arg>
<arg>PF</arg>
<arg>PG</arg>
<arg>PH</arg>
<arg>PK</arg>
<arg>PL</arg>
<arg>PM</arg>
<arg>PN</arg>
<arg>PR</arg>
<arg>PS</arg>
<arg>PT</arg>
<arg>PW</arg>
<arg>PY</arg>
<arg>QA</arg>
<arg>RE</arg>
<arg>RO</arg>
<arg>RS</arg>
<arg>RU</arg>
<arg>RW</arg>
<arg>SA</arg>
<arg>SB</arg>
<arg>SC</arg>
<arg>SD</arg>
<arg>SE</arg>
<arg>SG</arg>
<arg>SH</arg>
<arg>SI</arg>
<arg>SJ</arg>
<arg>SK</arg>
<arg>SL</arg>
<arg>SM</arg>
<arg>SN</arg>
<arg>SO</arg>
<arg>SR</arg>
<arg>SS</arg>
<arg>ST</arg>
<arg>SV</arg>
<arg>SX</arg>
<arg>SY</arg>
<arg>SZ</arg>
<arg>TC</arg>
<arg>TD</arg>
<arg>TF</arg>
<arg>TG</arg>
<arg>TH</arg>
<arg>TJ</arg>
<arg>TK</arg>
<arg>TL</arg>
<arg>TM</arg>
<arg>TN</arg>
<arg>TO</arg>
<arg>TR</arg>
<arg>TT</arg>
<arg>TV</arg>
<arg>TW</arg>
<arg>TZ</arg>
<arg>UA</arg>
<arg>UG</arg>
<arg>UM</arg>
<arg>US</arg>
<arg>UY</arg>
<arg>UZ</arg>
<arg>VA</arg>
<arg>VC</arg>
<arg>VE</arg>
<arg>VG</arg>
<arg>VI</arg>
<arg>VN</arg>
<arg>VU</arg>
<arg>WF</arg>
<arg>WS</arg>
<arg>XK</arg>
<arg>YE</arg>
<arg>YT</arg>
<arg>ZA</arg>
<arg>ZM</arg>
<arg>ZW</arg>
<doc>Returns a list containing given items.</doc>
<status status="PASS" start="2024-05-05T23:13:46.874545" elapsed="0.000630"/>
</kw>
<kw name="List Should Contain Value" owner="Collections">
<msg time="2024-05-05T23:13:46.876170" level="INFO">False</msg>
<arg>${list_country}</arg>
<arg>${name_country}</arg>
<doc>Fails if the ``value`` is not found from ``list``.</doc>
<status status="PASS" start="2024-05-05T23:13:46.875971" elapsed="0.000236"/>
</kw>
<kw name="Run Keyword If" owner="BuiltIn">
<kw name="Should Be True" owner="BuiltIn">
<arg>${True}</arg>
<doc>Fails if the given condition is not true.</doc>
<status status="PASS" start="2024-05-05T23:13:46.877276" elapsed="0.000166"/>
</kw>
<arg>${json_data["results"][0]["location"]["coordinates"]["latitude"]} &gt;= -90 and ${json_data["results"][0]["location"]["coordinates"]["latitude"]} &lt;= 90</arg>
<arg>Should Be True</arg>
<arg>${True}</arg>
<doc>Runs the given keyword with the given arguments, if ``condition`` is true.</doc>
<status status="PASS" start="2024-05-05T23:13:46.876517" elapsed="0.001066"/>
</kw>
<kw name="Run Keyword If" owner="BuiltIn">
<kw name="Should Be True" owner="BuiltIn">
<arg>${True}</arg>
<doc>Fails if the given condition is not true.</doc>
<status status="PASS" start="2024-05-05T23:13:46.878462" elapsed="0.000250"/>
</kw>
<arg>${json_data["results"][0]["location"]["coordinates"]["longitude"]} &gt;= -180 and ${json_data["results"][0]["location"]["coordinates"]["longitude"]} &lt;= 180</arg>
<arg>Should Be True</arg>
<arg>${True}</arg>
<doc>Runs the given keyword with the given arguments, if ``condition`` is true.</doc>
<status status="PASS" start="2024-05-05T23:13:46.877767" elapsed="0.001070"/>
</kw>
<status status="PASS" start="2024-05-05T23:13:46.763467" elapsed="0.115501"/>
</kw>
<doc>Testa o conteúdo específico dos campos retornados pela API.</doc>
<tag>testeConteudo</tag>
<status status="PASS" start="2024-05-05T23:13:46.762945" elapsed="0.116173"/>
</test>
<status status="PASS" start="2024-05-05T23:13:45.945864" elapsed="0.935246"/>
</suite>
<status status="PASS" start="2024-05-05T23:13:45.932264" elapsed="0.954021"/>
</suite>
<statistics>
<total>
<stat pass="5" fail="0" skip="0">All Tests</stat>
</total>
<tag>
<stat pass="1" fail="0" skip="0">testeConteudo</stat>
<stat pass="1" fail="0" skip="0">testeEstruturaResposta</stat>
<stat pass="1" fail="0" skip="0">testeRequisicaoBasica</stat>
<stat pass="1" fail="0" skip="0">testeTiposDados</stat>
</tag>
<suite>
<stat pass="5" fail="0" skip="0" id="s1" name="Tests">Tests</stat>
<stat pass="5" fail="0" skip="0" id="s1-s1" name="Random-User-Test">Tests.Random-User-Test</stat>
</suite>
</statistics>
<errors>
</errors>
</robot>
