<?xml version="1.0" encoding="UTF-8"?>
<robot generator="Robot 7.0.1 (Python 3.12.4 on linux)" generated="2024-07-27T05:14:54.305746" rpa="false" schemaversion="5">
<suite id="s1" name="Tests" source="/home/runner/work/ApiRandomUser/ApiRandomUser/RamdonUser/tests">
<suite id="s1-s1" name="Random-User-Test" source="/home/runner/work/ApiRandomUser/ApiRandomUser/RamdonUser/tests/random-user-test.robot">
<test id="s1-s1-t1" name="Conectar" line="13">
<kw name="Conectar API" owner="random-user-service">
<kw name="Create Session" owner="RequestsLibrary">
<msg time="2024-07-27T05:14:54.706582" level="INFO">Creating Session using : alias=consultarAPI, url=https://randomuser.me/, headers={},                     cookies={}, auth=None, timeout=None, proxies=None, verify=False,                     debug=0 </msg>
<arg>consultarAPI</arg>
<arg>${URL}</arg>
<doc>Create Session: create a HTTP session to a server</doc>
<status status="PASS" start="2024-07-27T05:14:54.706386" elapsed="0.000392"/>
</kw>
<status status="PASS" start="2024-07-27T05:14:54.705341" elapsed="0.001797"/>
</kw>
<status status="PASS" start="2024-07-27T05:14:54.704701" elapsed="0.002633"/>
</test>
<test id="s1-s1-t2" name="Validar retorno 200 e JSON Válido" line="16">
<kw name="Teste de Requisicao Basica" owner="random-user-service">
<kw name="GET On Session" owner="RequestsLibrary">
<msg time="2024-07-27T05:14:54.868537" level="INFO">GET Request : url=https://randomuser.me/api 
 path_url=/api 
 headers={'User-Agent': 'python-requests/2.32.3', 'Accept-Encoding': 'gzip, deflate', 'Accept': '*/*', 'Connection': 'keep-alive'} 
 body=None 
 </msg>
<msg time="2024-07-27T05:14:54.868717" level="INFO">GET Response : url=https://randomuser.me/api 
 status=200, reason=OK 
 headers={'Date': 'Sat, 27 Jul 2024 05:14:54 GMT', 'Content-Type': 'application/json; charset=utf-8', 'Transfer-Encoding': 'chunked', 'Connection': 'keep-alive', 'X-Powered-By': 'Express', 'Access-Control-Allow-Origin': '*', 'Cache-Control': 'no-cache', 'ETag': 'W/"4ae-X2kfVU2g8jeLiY/cZgRcOrF+Wjg"', 'Vary': 'Accept-Encoding', 'Content-Encoding': 'gzip', 'CF-Cache-Status': 'DYNAMIC', 'Report-To': '{"endpoints":[{"url":"https:\\/\\/a.nel.cloudflare.com\\/report\\/v4?s=K8SFYiyJarPyTCEGz2F9JIQNqLS4W9pjRcMojJaKbfxFSPlrK%2BDV%2Be88kA3sZt2kq1biC%2FyN%2BKsVYsI8y4lpCmbONL4MGrvf6DV9iipv%2F%2Feo4mK3k2g2hmEfarGEANI8"}],"group":"cf-nel","max_age":604800}', 'NEL': '{"success_fraction":0,"report_to":"cf-nel","max_age":604800}', 'Server': 'cloudflare', 'CF-RAY': '8a9a260c2ac929c3-ORD', 'alt-svc': 'h3=":443"; ma=86400'} 
 body={"results":[{"gender":"male","name":{"title":"Mr","first":"Sílvio","last":"Silva"},"location":{"street":{"number":1088,"name":"Rua Treze de Maio "},"city":"Santa Cruz do Sul","state":"Rondônia","country":"Brazil","postcode":31736,"coordinates":{"latitude":"-80.2650","longitude":"-66.0565"},"timezone":{"offset":"0:00","description":"Western Europe Time, London, Lisbon, Casablanca"}},"email":"silvio.silva@example.com","login":{"uuid":"ee71dcc3-224e-414e-b433-ca545a9d3ab8","username":"blueelephant819","password":"daddy1","salt":"iis4gs7E","md5":"cc63ae4bcb4239dc0356d7e247c4bb0c","sha1":"c3bfcfc6f038cde5ed3b4d88d39d6cabe544948a","sha256":"853a1a9e2240e7dfdb361f37b77defe7133ea7364c0324682a09e9eeb173a8a5"},"dob":{"date":"1981-04-13T15:42:55.777Z","age":43},"registered":{"date":"2009-05-04T21:59:18.438Z","age":15},"phone":"(36) 5816-7548","cell":"(22) 6170-5758","id":{"name":"CPF","value":"527.153.976-71"},"picture":{"large":"https://randomuser.me/api/portraits/men/27.jpg","medium":"https://randomuser.me/api/portraits/med/men/27.jpg","thumbnail":"https://randomuser.me/api/portraits/thumb/men/27.jpg"},"nat":"BR"}],"info":{"seed":"1475e2e85674d830","results":1,"page":1,"version":"1.4"}} 
 </msg>
<msg time="2024-07-27T05:14:54.868849" level="INFO">/opt/hostedtoolcache/Python/3.12.4/x64/lib/python3.12/site-packages/urllib3/connectionpool.py:1099: InsecureRequestWarning: Unverified HTTPS request is being made to host 'randomuser.me'. Adding certificate verification is strongly advised. See: https://urllib3.readthedocs.io/en/latest/advanced-usage.html#tls-warnings
  warnings.warn(</msg>
<msg time="2024-07-27T05:14:54.869031" level="INFO">${response} = &lt;Response [200]&gt;</msg>
<var>${response}</var>
<arg>consultarAPI</arg>
<arg>/api</arg>
<doc>Sends a GET request on a previously created HTTP Session.</doc>
<status status="PASS" start="2024-07-27T05:14:54.709996" elapsed="0.159068"/>
</kw>
<kw name="Should Be Equal As Numbers" owner="BuiltIn">
<msg time="2024-07-27T05:14:54.870045" level="INFO">Argument types are:
&lt;class 'int'&gt;
&lt;class 'str'&gt;</msg>
<arg>${response.status_code}</arg>
<arg>200</arg>
<doc>Fails if objects are unequal after converting them to real numbers.</doc>
<status status="PASS" start="2024-07-27T05:14:54.869588" elapsed="0.000521"/>
</kw>
<kw name="Log" owner="BuiltIn">
<msg time="2024-07-27T05:14:54.870784" level="INFO">200</msg>
<arg>${response.status_code}</arg>
<doc>Logs the given message with the given level.</doc>
<status status="PASS" start="2024-07-27T05:14:54.870429" elapsed="0.000398"/>
</kw>
<kw name="Set Variable" owner="BuiltIn">
<msg time="2024-07-27T05:14:54.871589" level="INFO">${json_data} = {'results': [{'gender': 'male', 'name': {'title': 'Mr', 'first': 'Sílvio', 'last': 'Silva'}, 'location': {'street': {'number': 1088, 'name': 'Rua Treze de Maio '}, 'city': 'Santa Cruz do Sul', 'state'...</msg>
<var>${json_data}</var>
<arg>${response.json()}</arg>
<doc>Returns the given values which can then be assigned to a variables.</doc>
<status status="PASS" start="2024-07-27T05:14:54.871136" elapsed="0.000482"/>
</kw>
<kw name="Dictionary Should Contain Key" owner="Collections">
<arg>${json_data}</arg>
<arg>results</arg>
<doc>Fails if ``key`` is not found from ``dictionary``.</doc>
<status status="PASS" start="2024-07-27T05:14:54.871928" elapsed="0.000332"/>
</kw>
<status status="PASS" start="2024-07-27T05:14:54.709753" elapsed="0.162663"/>
</kw>
<doc>Testa se a API responde corretamente e retorna um objeto JSON válido.</doc>
<tag>testeRequisicaoBasica</tag>
<status status="PASS" start="2024-07-27T05:14:54.709219" elapsed="0.163374"/>
</test>
<test id="s1-s1-t3" name="Validar estrutura de resposta" line="22">
<kw name="Teste de Estrutura de Resposta" owner="random-user-service">
<kw name="GET On Session" owner="RequestsLibrary">
<msg time="2024-07-27T05:14:54.953800" level="INFO">GET Request : url=https://randomuser.me/api 
 path_url=/api 
 headers={'User-Agent': 'python-requests/2.32.3', 'Accept-Encoding': 'gzip, deflate', 'Accept': '*/*', 'Connection': 'keep-alive'} 
 body=None 
 </msg>
<msg time="2024-07-27T05:14:54.953914" level="INFO">GET Response : url=https://randomuser.me/api 
 status=200, reason=OK 
 headers={'Date': 'Sat, 27 Jul 2024 05:14:54 GMT', 'Content-Type': 'application/json; charset=utf-8', 'Transfer-Encoding': 'chunked', 'Connection': 'keep-alive', 'X-Powered-By': 'Express', 'Access-Control-Allow-Origin': '*', 'Cache-Control': 'no-cache', 'ETag': 'W/"48a-ok8Uv78xp8mIpXk/0KzjyDqW4Lo"', 'Vary': 'Accept-Encoding', 'Content-Encoding': 'gzip', 'CF-Cache-Status': 'DYNAMIC', 'Report-To': '{"endpoints":[{"url":"https:\\/\\/a.nel.cloudflare.com\\/report\\/v4?s=2ZUZABO5ysDe7BEEv9xTSRPsIRkqwJ6cN2T4n5Ah3LsXBkF%2F%2FmcyHwfbKZVKg1dyyBtS7yAduRBbj%2BI3OAcSxDUv0y%2FFI%2Btuolqu6c4HRvdaAdMVNT19mFYAx3oMxk5D"}],"group":"cf-nel","max_age":604800}', 'NEL': '{"success_fraction":0,"report_to":"cf-nel","max_age":604800}', 'Server': 'cloudflare', 'CF-RAY': '8a9a260cfb6829c3-ORD', 'alt-svc': 'h3=":443"; ma=86400'} 
 body={"results":[{"gender":"female","name":{"title":"Miss","first":"Brittany","last":"Soto"},"location":{"street":{"number":8109,"name":"Karen Dr"},"city":"Cary","state":"Alabama","country":"United States","postcode":41261,"coordinates":{"latitude":"81.7494","longitude":"29.2624"},"timezone":{"offset":"-8:00","description":"Pacific Time (US &amp; Canada)"}},"email":"brittany.soto@example.com","login":{"uuid":"2d12c620-56bd-4526-ace8-b5ad2367c083","username":"lazypanda425","password":"tetsuo","salt":"zRZwjylX","md5":"0ef64724d53c11ed4733a408720867a0","sha1":"1e42b29843d53ca72adff1ea6b578c7beb094811","sha256":"7a3107381c9f11bb874472b52016b1c4d43294c6fd83c80c7017ffe176243126"},"dob":{"date":"1983-08-09T08:05:40.442Z","age":40},"registered":{"date":"2019-07-03T14:03:57.743Z","age":5},"phone":"(334) 805-1468","cell":"(596) 612-1996","id":{"name":"SSN","value":"196-57-1339"},"picture":{"large":"https://randomuser.me/api/portraits/women/15.jpg","medium":"https://randomuser.me/api/portraits/med/women/15.jpg","thumbnail":"https://randomuser.me/api/portraits/thumb/women/15.jpg"},"nat":"US"}],"info":{"seed":"16cf0a35a3fdac04","results":1,"page":1,"version":"1.4"}} 
 </msg>
<msg time="2024-07-27T05:14:54.954059" level="INFO">/opt/hostedtoolcache/Python/3.12.4/x64/lib/python3.12/site-packages/urllib3/connectionpool.py:1099: InsecureRequestWarning: Unverified HTTPS request is being made to host 'randomuser.me'. Adding certificate verification is strongly advised. See: https://urllib3.readthedocs.io/en/latest/advanced-usage.html#tls-warnings
  warnings.warn(</msg>
<msg time="2024-07-27T05:14:54.954224" level="INFO">${response} = &lt;Response [200]&gt;</msg>
<var>${response}</var>
<arg>consultarAPI</arg>
<arg>/api</arg>
<doc>Sends a GET request on a previously created HTTP Session.</doc>
<status status="PASS" start="2024-07-27T05:14:54.875219" elapsed="0.079045"/>
</kw>
<kw name="Set Variable" owner="BuiltIn">
<msg time="2024-07-27T05:14:54.955286" level="INFO">${json_data} = {'results': [{'gender': 'female', 'name': {'title': 'Miss', 'first': 'Brittany', 'last': 'Soto'}, 'location': {'street': {'number': 8109, 'name': 'Karen Dr'}, 'city': 'Cary', 'state': 'Alabama', 'coun...</msg>
<var>${json_data}</var>
<arg>${response.json()}</arg>
<doc>Returns the given values which can then be assigned to a variables.</doc>
<status status="PASS" start="2024-07-27T05:14:54.954754" elapsed="0.000561"/>
</kw>
<kw name="Log" owner="BuiltIn">
<msg time="2024-07-27T05:14:54.955798" level="INFO">{'results': [{'gender': 'female', 'name': {'title': 'Miss', 'first': 'Brittany', 'last': 'Soto'}, 'location': {'street': {'number': 8109, 'name': 'Karen Dr'}, 'city': 'Cary', 'state': 'Alabama', 'country': 'United States', 'postcode': 41261, 'coordinates': {'latitude': '81.7494', 'longitude': '29.2624'}, 'timezone': {'offset': '-8:00', 'description': 'Pacific Time (US &amp; Canada)'}}, 'email': 'brittany.soto@example.com', 'login': {'uuid': '2d12c620-56bd-4526-ace8-b5ad2367c083', 'username': 'lazypanda425', 'password': 'tetsuo', 'salt': 'zRZwjylX', 'md5': '0ef64724d53c11ed4733a408720867a0', 'sha1': '1e42b29843d53ca72adff1ea6b578c7beb094811', 'sha256': '7a3107381c9f11bb874472b52016b1c4d43294c6fd83c80c7017ffe176243126'}, 'dob': {'date': '1983-08-09T08:05:40.442Z', 'age': 40}, 'registered': {'date': '2019-07-03T14:03:57.743Z', 'age': 5}, 'phone': '(334) 805-1468', 'cell': '(596) 612-1996', 'id': {'name': 'SSN', 'value': '196-57-1339'}, 'picture': {'large': 'https://randomuser.me/api/portraits/women/15.jpg', 'medium': 'https://randomuser.me/api/portraits/med/women/15.jpg', 'thumbnail': 'https://randomuser.me/api/portraits/thumb/women/15.jpg'}, 'nat': 'US'}], 'info': {'seed': '16cf0a35a3fdac04', 'results': 1, 'page': 1, 'version': '1.4'}}</msg>
<arg>${json_data}</arg>
<doc>Logs the given message with the given level.</doc>
<status status="PASS" start="2024-07-27T05:14:54.955628" elapsed="0.000222"/>
</kw>
<kw name="Dictionary Should Contain Key" owner="Collections">
<arg>${json_data}</arg>
<arg>results</arg>
<doc>Fails if ``key`` is not found from ``dictionary``.</doc>
<status status="PASS" start="2024-07-27T05:14:54.956149" elapsed="0.000169"/>
</kw>
<kw name="Should Not Be Empty" owner="BuiltIn">
<msg time="2024-07-27T05:14:54.956643" level="INFO">Length is 2.</msg>
<arg>${json_data}</arg>
<doc>Verifies that the given item is not empty.</doc>
<status status="PASS" start="2024-07-27T05:14:54.956509" elapsed="0.000174"/>
</kw>
<kw name="Create List" owner="BuiltIn">
<msg time="2024-07-27T05:14:54.957172" level="INFO">${expected_keys} = ['gender', 'name', 'location', 'email', 'login']</msg>
<var>${expected_keys}</var>
<arg>gender</arg>
<arg>name</arg>
<arg>location</arg>
<arg>email</arg>
<arg>login</arg>
<doc>Returns a list containing given items.</doc>
<status status="PASS" start="2024-07-27T05:14:54.957013" elapsed="0.000184"/>
</kw>
<for flavor="IN">
<iter>
<kw name="Dictionary Should Contain Key" owner="Collections">
<arg>${json_data['results'][0]}</arg>
<arg>${key}</arg>
<doc>Fails if ``key`` is not found from ``dictionary``.</doc>
<status status="PASS" start="2024-07-27T05:14:54.957808" elapsed="0.000408"/>
</kw>
<kw name="Log" owner="BuiltIn">
<msg time="2024-07-27T05:14:54.958765" level="INFO">{'gender': 'female', 'name': {'title': 'Miss', 'first': 'Brittany', 'last': 'Soto'}, 'location': {'street': {'number': 8109, 'name': 'Karen Dr'}, 'city': 'Cary', 'state': 'Alabama', 'country': 'United States', 'postcode': 41261, 'coordinates': {'latitude': '81.7494', 'longitude': '29.2624'}, 'timezone': {'offset': '-8:00', 'description': 'Pacific Time (US &amp; Canada)'}}, 'email': 'brittany.soto@example.com', 'login': {'uuid': '2d12c620-56bd-4526-ace8-b5ad2367c083', 'username': 'lazypanda425', 'password': 'tetsuo', 'salt': 'zRZwjylX', 'md5': '0ef64724d53c11ed4733a408720867a0', 'sha1': '1e42b29843d53ca72adff1ea6b578c7beb094811', 'sha256': '7a3107381c9f11bb874472b52016b1c4d43294c6fd83c80c7017ffe176243126'}, 'dob': {'date': '1983-08-09T08:05:40.442Z', 'age': 40}, 'registered': {'date': '2019-07-03T14:03:57.743Z', 'age': 5}, 'phone': '(334) 805-1468', 'cell': '(596) 612-1996', 'id': {'name': 'SSN', 'value': '196-57-1339'}, 'picture': {'large': 'https://randomuser.me/api/portraits/women/15.jpg', 'medium': 'https://randomuser.me/api/portraits/med/women/15.jpg', 'thumbnail': 'https://randomuser.me/api/portraits/thumb/women/15.jpg'}, 'nat': 'US'}</msg>
<arg>${json_data['results'][0]}</arg>
<doc>Logs the given message with the given level.</doc>
<status status="PASS" start="2024-07-27T05:14:54.958403" elapsed="0.000412"/>
</kw>
<kw name="Log" owner="BuiltIn">
<msg time="2024-07-27T05:14:54.959249" level="INFO">gender</msg>
<arg>${key}</arg>
<doc>Logs the given message with the given level.</doc>
<status status="PASS" start="2024-07-27T05:14:54.959118" elapsed="0.000170"/>
</kw>
<var name="${key}">gender</var>
<status status="PASS" start="2024-07-27T05:14:54.957677" elapsed="0.001829"/>
</iter>
<iter>
<kw name="Dictionary Should Contain Key" owner="Collections">
<arg>${json_data['results'][0]}</arg>
<arg>${key}</arg>
<doc>Fails if ``key`` is not found from ``dictionary``.</doc>
<status status="PASS" start="2024-07-27T05:14:54.959812" elapsed="0.000396"/>
</kw>
<kw name="Log" owner="BuiltIn">
<msg time="2024-07-27T05:14:54.960749" level="INFO">{'gender': 'female', 'name': {'title': 'Miss', 'first': 'Brittany', 'last': 'Soto'}, 'location': {'street': {'number': 8109, 'name': 'Karen Dr'}, 'city': 'Cary', 'state': 'Alabama', 'country': 'United States', 'postcode': 41261, 'coordinates': {'latitude': '81.7494', 'longitude': '29.2624'}, 'timezone': {'offset': '-8:00', 'description': 'Pacific Time (US &amp; Canada)'}}, 'email': 'brittany.soto@example.com', 'login': {'uuid': '2d12c620-56bd-4526-ace8-b5ad2367c083', 'username': 'lazypanda425', 'password': 'tetsuo', 'salt': 'zRZwjylX', 'md5': '0ef64724d53c11ed4733a408720867a0', 'sha1': '1e42b29843d53ca72adff1ea6b578c7beb094811', 'sha256': '7a3107381c9f11bb874472b52016b1c4d43294c6fd83c80c7017ffe176243126'}, 'dob': {'date': '1983-08-09T08:05:40.442Z', 'age': 40}, 'registered': {'date': '2019-07-03T14:03:57.743Z', 'age': 5}, 'phone': '(334) 805-1468', 'cell': '(596) 612-1996', 'id': {'name': 'SSN', 'value': '196-57-1339'}, 'picture': {'large': 'https://randomuser.me/api/portraits/women/15.jpg', 'medium': 'https://randomuser.me/api/portraits/med/women/15.jpg', 'thumbnail': 'https://randomuser.me/api/portraits/thumb/women/15.jpg'}, 'nat': 'US'}</msg>
<arg>${json_data['results'][0]}</arg>
<doc>Logs the given message with the given level.</doc>
<status status="PASS" start="2024-07-27T05:14:54.960390" elapsed="0.000461"/>
</kw>
<kw name="Log" owner="BuiltIn">
<msg time="2024-07-27T05:14:54.961284" level="INFO">name</msg>
<arg>${key}</arg>
<doc>Logs the given message with the given level.</doc>
<status status="PASS" start="2024-07-27T05:14:54.961153" elapsed="0.000170"/>
</kw>
<var name="${key}">name</var>
<status status="PASS" start="2024-07-27T05:14:54.959698" elapsed="0.001842"/>
</iter>
<iter>
<kw name="Dictionary Should Contain Key" owner="Collections">
<arg>${json_data['results'][0]}</arg>
<arg>${key}</arg>
<doc>Fails if ``key`` is not found from ``dictionary``.</doc>
<status status="PASS" start="2024-07-27T05:14:54.961827" elapsed="0.000385"/>
</kw>
<kw name="Log" owner="BuiltIn">
<msg time="2024-07-27T05:14:54.962750" level="INFO">{'gender': 'female', 'name': {'title': 'Miss', 'first': 'Brittany', 'last': 'Soto'}, 'location': {'street': {'number': 8109, 'name': 'Karen Dr'}, 'city': 'Cary', 'state': 'Alabama', 'country': 'United States', 'postcode': 41261, 'coordinates': {'latitude': '81.7494', 'longitude': '29.2624'}, 'timezone': {'offset': '-8:00', 'description': 'Pacific Time (US &amp; Canada)'}}, 'email': 'brittany.soto@example.com', 'login': {'uuid': '2d12c620-56bd-4526-ace8-b5ad2367c083', 'username': 'lazypanda425', 'password': 'tetsuo', 'salt': 'zRZwjylX', 'md5': '0ef64724d53c11ed4733a408720867a0', 'sha1': '1e42b29843d53ca72adff1ea6b578c7beb094811', 'sha256': '7a3107381c9f11bb874472b52016b1c4d43294c6fd83c80c7017ffe176243126'}, 'dob': {'date': '1983-08-09T08:05:40.442Z', 'age': 40}, 'registered': {'date': '2019-07-03T14:03:57.743Z', 'age': 5}, 'phone': '(334) 805-1468', 'cell': '(596) 612-1996', 'id': {'name': 'SSN', 'value': '196-57-1339'}, 'picture': {'large': 'https://randomuser.me/api/portraits/women/15.jpg', 'medium': 'https://randomuser.me/api/portraits/med/women/15.jpg', 'thumbnail': 'https://randomuser.me/api/portraits/thumb/women/15.jpg'}, 'nat': 'US'}</msg>
<arg>${json_data['results'][0]}</arg>
<doc>Logs the given message with the given level.</doc>
<status status="PASS" start="2024-07-27T05:14:54.962403" elapsed="0.000397"/>
</kw>
<kw name="Log" owner="BuiltIn">
<msg time="2024-07-27T05:14:54.963223" level="INFO">location</msg>
<arg>${key}</arg>
<doc>Logs the given message with the given level.</doc>
<status status="PASS" start="2024-07-27T05:14:54.963096" elapsed="0.000165"/>
</kw>
<var name="${key}">location</var>
<status status="PASS" start="2024-07-27T05:14:54.961719" elapsed="0.001755"/>
</iter>
<iter>
<kw name="Dictionary Should Contain Key" owner="Collections">
<arg>${json_data['results'][0]}</arg>
<arg>${key}</arg>
<doc>Fails if ``key`` is not found from ``dictionary``.</doc>
<status status="PASS" start="2024-07-27T05:14:54.963753" elapsed="0.000379"/>
</kw>
<kw name="Log" owner="BuiltIn">
<msg time="2024-07-27T05:14:54.964816" level="INFO">{'gender': 'female', 'name': {'title': 'Miss', 'first': 'Brittany', 'last': 'Soto'}, 'location': {'street': {'number': 8109, 'name': 'Karen Dr'}, 'city': 'Cary', 'state': 'Alabama', 'country': 'United States', 'postcode': 41261, 'coordinates': {'latitude': '81.7494', 'longitude': '29.2624'}, 'timezone': {'offset': '-8:00', 'description': 'Pacific Time (US &amp; Canada)'}}, 'email': 'brittany.soto@example.com', 'login': {'uuid': '2d12c620-56bd-4526-ace8-b5ad2367c083', 'username': 'lazypanda425', 'password': 'tetsuo', 'salt': 'zRZwjylX', 'md5': '0ef64724d53c11ed4733a408720867a0', 'sha1': '1e42b29843d53ca72adff1ea6b578c7beb094811', 'sha256': '7a3107381c9f11bb874472b52016b1c4d43294c6fd83c80c7017ffe176243126'}, 'dob': {'date': '1983-08-09T08:05:40.442Z', 'age': 40}, 'registered': {'date': '2019-07-03T14:03:57.743Z', 'age': 5}, 'phone': '(334) 805-1468', 'cell': '(596) 612-1996', 'id': {'name': 'SSN', 'value': '196-57-1339'}, 'picture': {'large': 'https://randomuser.me/api/portraits/women/15.jpg', 'medium': 'https://randomuser.me/api/portraits/med/women/15.jpg', 'thumbnail': 'https://randomuser.me/api/portraits/thumb/women/15.jpg'}, 'nat': 'US'}</msg>
<arg>${json_data['results'][0]}</arg>
<doc>Logs the given message with the given level.</doc>
<status status="PASS" start="2024-07-27T05:14:54.964441" elapsed="0.000427"/>
</kw>
<kw name="Log" owner="BuiltIn">
<msg time="2024-07-27T05:14:54.965299" level="INFO">email</msg>
<arg>${key}</arg>
<doc>Logs the given message with the given level.</doc>
<status status="PASS" start="2024-07-27T05:14:54.965169" elapsed="0.000169"/>
</kw>
<var name="${key}">email</var>
<status status="PASS" start="2024-07-27T05:14:54.963646" elapsed="0.001908"/>
</iter>
<iter>
<kw name="Dictionary Should Contain Key" owner="Collections">
<arg>${json_data['results'][0]}</arg>
<arg>${key}</arg>
<doc>Fails if ``key`` is not found from ``dictionary``.</doc>
<status status="PASS" start="2024-07-27T05:14:54.965836" elapsed="0.000376"/>
</kw>
<kw name="Log" owner="BuiltIn">
<msg time="2024-07-27T05:14:54.966751" level="INFO">{'gender': 'female', 'name': {'title': 'Miss', 'first': 'Brittany', 'last': 'Soto'}, 'location': {'street': {'number': 8109, 'name': 'Karen Dr'}, 'city': 'Cary', 'state': 'Alabama', 'country': 'United States', 'postcode': 41261, 'coordinates': {'latitude': '81.7494', 'longitude': '29.2624'}, 'timezone': {'offset': '-8:00', 'description': 'Pacific Time (US &amp; Canada)'}}, 'email': 'brittany.soto@example.com', 'login': {'uuid': '2d12c620-56bd-4526-ace8-b5ad2367c083', 'username': 'lazypanda425', 'password': 'tetsuo', 'salt': 'zRZwjylX', 'md5': '0ef64724d53c11ed4733a408720867a0', 'sha1': '1e42b29843d53ca72adff1ea6b578c7beb094811', 'sha256': '7a3107381c9f11bb874472b52016b1c4d43294c6fd83c80c7017ffe176243126'}, 'dob': {'date': '1983-08-09T08:05:40.442Z', 'age': 40}, 'registered': {'date': '2019-07-03T14:03:57.743Z', 'age': 5}, 'phone': '(334) 805-1468', 'cell': '(596) 612-1996', 'id': {'name': 'SSN', 'value': '196-57-1339'}, 'picture': {'large': 'https://randomuser.me/api/portraits/women/15.jpg', 'medium': 'https://randomuser.me/api/portraits/med/women/15.jpg', 'thumbnail': 'https://randomuser.me/api/portraits/thumb/women/15.jpg'}, 'nat': 'US'}</msg>
<arg>${json_data['results'][0]}</arg>
<doc>Logs the given message with the given level.</doc>
<status status="PASS" start="2024-07-27T05:14:54.966395" elapsed="0.000415"/>
</kw>
<kw name="Log" owner="BuiltIn">
<msg time="2024-07-27T05:14:54.967232" level="INFO">login</msg>
<arg>${key}</arg>
<doc>Logs the given message with the given level.</doc>
<status status="PASS" start="2024-07-27T05:14:54.967104" elapsed="0.000166"/>
</kw>
<var name="${key}">login</var>
<status status="PASS" start="2024-07-27T05:14:54.965729" elapsed="0.001764"/>
</iter>
<var>${key}</var>
<value>@{expected_keys}</value>
<status status="PASS" start="2024-07-27T05:14:54.957476" elapsed="0.010139"/>
</for>
<kw name="Create List" owner="BuiltIn">
<msg time="2024-07-27T05:14:54.967948" level="INFO">${expected_keysTwo} = ['username', 'password']</msg>
<var>${expected_keysTwo}</var>
<arg>username</arg>
<arg>password</arg>
<doc>Returns a list containing given items.</doc>
<status status="PASS" start="2024-07-27T05:14:54.967809" elapsed="0.000191"/>
</kw>
<for flavor="IN">
<iter>
<kw name="Dictionary Should Contain Key" owner="Collections">
<arg>${json_data['results'][0]['login']}</arg>
<arg>${keyTwo}</arg>
<doc>Fails if ``key`` is not found from ``dictionary``.</doc>
<status status="PASS" start="2024-07-27T05:14:54.968507" elapsed="0.000409"/>
</kw>
<kw name="Dictionary Should Contain Key" owner="Collections">
<arg>${json_data['results'][0]['login']}</arg>
<arg>${keyTwo}</arg>
<doc>Fails if ``key`` is not found from ``dictionary``.</doc>
<status status="PASS" start="2024-07-27T05:14:54.969101" elapsed="0.000372"/>
</kw>
<kw name="Log" owner="BuiltIn">
<msg time="2024-07-27T05:14:54.969769" level="INFO">username</msg>
<arg>${keyTwo}</arg>
<doc>Logs the given message with the given level.</doc>
<status status="PASS" start="2024-07-27T05:14:54.969649" elapsed="0.000158"/>
</kw>
<var name="${keyTwo}">username</var>
<status status="PASS" start="2024-07-27T05:14:54.968399" elapsed="0.001625"/>
</iter>
<iter>
<kw name="Dictionary Should Contain Key" owner="Collections">
<arg>${json_data['results'][0]['login']}</arg>
<arg>${keyTwo}</arg>
<doc>Fails if ``key`` is not found from ``dictionary``.</doc>
<status status="PASS" start="2024-07-27T05:14:54.970311" elapsed="0.000385"/>
</kw>
<kw name="Dictionary Should Contain Key" owner="Collections">
<arg>${json_data['results'][0]['login']}</arg>
<arg>${keyTwo}</arg>
<doc>Fails if ``key`` is not found from ``dictionary``.</doc>
<status status="PASS" start="2024-07-27T05:14:54.970873" elapsed="0.000372"/>
</kw>
<kw name="Log" owner="BuiltIn">
<msg time="2024-07-27T05:14:54.971545" level="INFO">password</msg>
<arg>${keyTwo}</arg>
<doc>Logs the given message with the given level.</doc>
<status status="PASS" start="2024-07-27T05:14:54.971419" elapsed="0.000164"/>
</kw>
<var name="${keyTwo}">password</var>
<status status="PASS" start="2024-07-27T05:14:54.970198" elapsed="0.001606"/>
</iter>
<var>${keyTwo}</var>
<value>@{expected_keysTwo}</value>
<status status="PASS" start="2024-07-27T05:14:54.968247" elapsed="0.003680"/>
</for>
<status status="PASS" start="2024-07-27T05:14:54.874984" elapsed="0.097085"/>
</kw>
<doc>Testa a estrutura da resposta da API.</doc>
<tag>testeEstruturaResposta</tag>
<status status="PASS" start="2024-07-27T05:14:54.874465" elapsed="0.097763"/>
</test>
<test id="s1-s1-t4" name="Validar tipos de dados" line="28">
<kw name="Teste de Tipos de Dados" owner="random-user-service">
<kw name="GET On Session" owner="RequestsLibrary">
<msg time="2024-07-27T05:14:55.054071" level="INFO">GET Request : url=https://randomuser.me/api 
 path_url=/api 
 headers={'User-Agent': 'python-requests/2.32.3', 'Accept-Encoding': 'gzip, deflate', 'Accept': '*/*', 'Connection': 'keep-alive'} 
 body=None 
 </msg>
<msg time="2024-07-27T05:14:55.054151" level="INFO">GET Response : url=https://randomuser.me/api 
 status=200, reason=OK 
 headers={'Date': 'Sat, 27 Jul 2024 05:14:55 GMT', 'Content-Type': 'application/json; charset=utf-8', 'Transfer-Encoding': 'chunked', 'Connection': 'keep-alive', 'X-Powered-By': 'Express', 'Access-Control-Allow-Origin': '*', 'Cache-Control': 'no-cache', 'ETag': 'W/"4aa-hzK5ZKliByZrycwO5ZNZqRTON1U"', 'Vary': 'Accept-Encoding', 'Content-Encoding': 'gzip', 'CF-Cache-Status': 'DYNAMIC', 'Report-To': '{"endpoints":[{"url":"https:\\/\\/a.nel.cloudflare.com\\/report\\/v4?s=bNJVbqDiv0I%2Fx57R0FLRL%2FKnneDEkAY69c9H6RoKKHuUfb4VBpKdwD68fQmcPZffRFgAm%2BhjO29adWFlXV3zDn5ExMxFFxHZBdZklQ2aYy9ZCZ%2FIFu6tLNYAzh8UklAW"}],"group":"cf-nel","max_age":604800}', 'NEL': '{"success_fraction":0,"report_to":"cf-nel","max_age":604800}', 'Server': 'cloudflare', 'CF-RAY': '8a9a260d9bd629c3-ORD', 'alt-svc': 'h3=":443"; ma=86400'} 
 body={"results":[{"gender":"female","name":{"title":"Miss","first":"Katie","last":"Arnold"},"location":{"street":{"number":2927,"name":"Church Street"},"city":"Canterbury","state":"Lothian","country":"United Kingdom","postcode":"Z51 8EL","coordinates":{"latitude":"-6.7236","longitude":"145.2927"},"timezone":{"offset":"-6:00","description":"Central Time (US &amp; Canada), Mexico City"}},"email":"katie.arnold@example.com","login":{"uuid":"80334229-58f8-49ae-8bc5-8d1387739ae3","username":"goldenleopard843","password":"scania","salt":"I8GLO4sR","md5":"a76f2ad9a2bac8201e826317c46eb339","sha1":"bb768510beb086174971d3240e9760e021ef6c83","sha256":"79ef6046ee7620479a84e86104c47dc5605eba997b88d99990e18ff7aaddea71"},"dob":{"date":"1951-07-11T08:14:12.825Z","age":73},"registered":{"date":"2006-05-29T21:34:35.825Z","age":18},"phone":"015396 51208","cell":"07071 933850","id":{"name":"NINO","value":"XX 24 35 72 C"},"picture":{"large":"https://randomuser.me/api/portraits/women/52.jpg","medium":"https://randomuser.me/api/portraits/med/women/52.jpg","thumbnail":"https://randomuser.me/api/portraits/thumb/women/52.jpg"},"nat":"GB"}],"info":{"seed":"65ba51bf08137e18","results":1,"page":1,"version":"1.4"}} 
 </msg>
<msg time="2024-07-27T05:14:55.054214" level="INFO">/opt/hostedtoolcache/Python/3.12.4/x64/lib/python3.12/site-packages/urllib3/connectionpool.py:1099: InsecureRequestWarning: Unverified HTTPS request is being made to host 'randomuser.me'. Adding certificate verification is strongly advised. See: https://urllib3.readthedocs.io/en/latest/advanced-usage.html#tls-warnings
  warnings.warn(</msg>
<msg time="2024-07-27T05:14:55.054332" level="INFO">${response} = &lt;Response [200]&gt;</msg>
<var>${response}</var>
<arg>consultarAPI</arg>
<arg>/api</arg>
<doc>Sends a GET request on a previously created HTTP Session.</doc>
<status status="PASS" start="2024-07-27T05:14:54.974691" elapsed="0.079685"/>
</kw>
<kw name="Set Variable" owner="BuiltIn">
<msg time="2024-07-27T05:14:55.055273" level="INFO">${json_data} = {'results': [{'gender': 'female', 'name': {'title': 'Miss', 'first': 'Katie', 'last': 'Arnold'}, 'location': {'street': {'number': 2927, 'name': 'Church Street'}, 'city': 'Canterbury', 'state': 'Lothi...</msg>
<var>${json_data}</var>
<arg>${response.json()}</arg>
<doc>Returns the given values which can then be assigned to a variables.</doc>
<status status="PASS" start="2024-07-27T05:14:55.054783" elapsed="0.000519"/>
</kw>
<kw name="Log" owner="BuiltIn">
<msg time="2024-07-27T05:14:55.055763" level="INFO">{'results': [{'gender': 'female', 'name': {'title': 'Miss', 'first': 'Katie', 'last': 'Arnold'}, 'location': {'street': {'number': 2927, 'name': 'Church Street'}, 'city': 'Canterbury', 'state': 'Lothian', 'country': 'United Kingdom', 'postcode': 'Z51 8EL', 'coordinates': {'latitude': '-6.7236', 'longitude': '145.2927'}, 'timezone': {'offset': '-6:00', 'description': 'Central Time (US &amp; Canada), Mexico City'}}, 'email': 'katie.arnold@example.com', 'login': {'uuid': '80334229-58f8-49ae-8bc5-8d1387739ae3', 'username': 'goldenleopard843', 'password': 'scania', 'salt': 'I8GLO4sR', 'md5': 'a76f2ad9a2bac8201e826317c46eb339', 'sha1': 'bb768510beb086174971d3240e9760e021ef6c83', 'sha256': '79ef6046ee7620479a84e86104c47dc5605eba997b88d99990e18ff7aaddea71'}, 'dob': {'date': '1951-07-11T08:14:12.825Z', 'age': 73}, 'registered': {'date': '2006-05-29T21:34:35.825Z', 'age': 18}, 'phone': '015396 51208', 'cell': '07071 933850', 'id': {'name': 'NINO', 'value': 'XX 24 35 72 C'}, 'picture': {'large': 'https://randomuser.me/api/portraits/women/52.jpg', 'medium': 'https://randomuser.me/api/portraits/med/women/52.jpg', 'thumbnail': 'https://randomuser.me/api/portraits/thumb/women/52.jpg'}, 'nat': 'GB'}], 'info': {'seed': '65ba51bf08137e18', 'results': 1, 'page': 1, 'version': '1.4'}}</msg>
<arg>${json_data}</arg>
<doc>Logs the given message with the given level.</doc>
<status status="PASS" start="2024-07-27T05:14:55.055606" elapsed="0.000207"/>
</kw>
<kw name="Should Be String" owner="String">
<arg>${json_data['results'][0]['gender']}</arg>
<doc>Fails if the given ``item`` is not a string.</doc>
<status status="PASS" start="2024-07-27T05:14:55.056109" elapsed="0.000369"/>
</kw>
<kw name="Should Match Regexp" owner="BuiltIn">
<arg>${json_data['results'][0]['email']}</arg>
<arg>^[a-zA-Z0-9._%+-]+@[a-zA-Z0-9.-]+\.[a-zA-Z]{2,}$</arg>
<doc>Fails if ``string`` does not match ``pattern`` as a regular expression.</doc>
<status status="PASS" start="2024-07-27T05:14:55.056701" elapsed="0.000546"/>
</kw>
<kw name="Should Match Regexp" owner="BuiltIn">
<arg>${json_data['results'][0]['dob']['date']}</arg>
<arg>\\d{4}-\\d{2}-\\d{2}T\\d{2}:\\d{2}:\\d{2}\\.\\d{3}Z</arg>
<doc>Fails if ``string`` does not match ``pattern`` as a regular expression.</doc>
<status status="PASS" start="2024-07-27T05:14:55.057446" elapsed="0.000630"/>
</kw>
<kw name="Should Match Regexp" owner="BuiltIn">
<arg>${json_data['results'][0]['registered']['date']}</arg>
<arg>\\d{4}-\\d{2}-\\d{2}T\\d{2}:\\d{2}:\\d{2}\\.\\d{3}Z</arg>
<doc>Fails if ``string`` does not match ``pattern`` as a regular expression.</doc>
<status status="PASS" start="2024-07-27T05:14:55.058270" elapsed="0.000373"/>
</kw>
<kw name="Should Match Regexp" owner="BuiltIn">
<arg>${json_data['results'][0]['picture']['large']}</arg>
<arg>^https?://.*\.(?:png|jpe?g|gif|bmp)$</arg>
<doc>Fails if ``string`` does not match ``pattern`` as a regular expression.</doc>
<status status="PASS" start="2024-07-27T05:14:55.058828" elapsed="0.000461"/>
</kw>
<kw name="Should Match Regexp" owner="BuiltIn">
<arg>${json_data['results'][0]['picture']['medium']}</arg>
<arg>^https?://.*\.(?:png|jpe?g|gif|bmp)$</arg>
<doc>Fails if ``string`` does not match ``pattern`` as a regular expression.</doc>
<status status="PASS" start="2024-07-27T05:14:55.059478" elapsed="0.000355"/>
</kw>
<kw name="Should Match Regexp" owner="BuiltIn">
<arg>${json_data['results'][0]['picture']['thumbnail']}</arg>
<arg>^https?://.*\.(?:png|jpe?g|gif|bmp)$</arg>
<doc>Fails if ``string`` does not match ``pattern`` as a regular expression.</doc>
<status status="PASS" start="2024-07-27T05:14:55.060021" elapsed="0.000347"/>
</kw>
<kw name="Log" owner="BuiltIn">
<msg time="2024-07-27T05:14:55.060907" level="INFO">{'large': 'https://randomuser.me/api/portraits/women/52.jpg', 'medium': 'https://randomuser.me/api/portraits/med/women/52.jpg', 'thumbnail': 'https://randomuser.me/api/portraits/thumb/women/52.jpg'}</msg>
<arg>${json_data['results'][0]['picture']}</arg>
<doc>Logs the given message with the given level.</doc>
<status status="PASS" start="2024-07-27T05:14:55.060550" elapsed="0.000403"/>
</kw>
<status status="PASS" start="2024-07-27T05:14:54.974466" elapsed="0.086746"/>
</kw>
<kw name="Teste de Tipos de Dados - Postcode" owner="random-user-service">
<kw name="GET On Session" owner="RequestsLibrary">
<msg time="2024-07-27T05:14:55.165305" level="INFO">GET Request : url=https://randomuser.me/api 
 path_url=/api 
 headers={'User-Agent': 'python-requests/2.32.3', 'Accept-Encoding': 'gzip, deflate', 'Accept': '*/*', 'Connection': 'keep-alive'} 
 body=None 
 </msg>
<msg time="2024-07-27T05:14:55.165396" level="INFO">GET Response : url=https://randomuser.me/api 
 status=200, reason=OK 
 headers={'Date': 'Sat, 27 Jul 2024 05:14:55 GMT', 'Content-Type': 'application/json; charset=utf-8', 'Transfer-Encoding': 'chunked', 'Connection': 'keep-alive', 'X-Powered-By': 'Express', 'Access-Control-Allow-Origin': '*', 'Cache-Control': 'no-cache', 'ETag': 'W/"485-Z4BWgJSf55NVoq1U9C7SNa0X+yc"', 'Vary': 'Accept-Encoding', 'Content-Encoding': 'gzip', 'CF-Cache-Status': 'DYNAMIC', 'Report-To': '{"endpoints":[{"url":"https:\\/\\/a.nel.cloudflare.com\\/report\\/v4?s=pyy6Yw8PRRgoyx59bhlPLOM0gmfEmR8i2cAkc807kpcBdTIofH9KtP%2FnT0YbFF41jfFb0c0bA9jhcX0%2BvpS%2FUEDKpANgs6DI3T8OH47k82bKcM8LtJzpDNVCz0k4JfUn"}],"group":"cf-nel","max_age":604800}', 'NEL': '{"success_fraction":0,"report_to":"cf-nel","max_age":604800}', 'Server': 'cloudflare', 'CF-RAY': '8a9a260e2c2e29c3-ORD', 'alt-svc': 'h3=":443"; ma=86400'} 
 body={"results":[{"gender":"male","name":{"title":"Mr","first":"Asher","last":"Smith"},"location":{"street":{"number":4372,"name":"Mokoia Road"},"city":"Timaru","state":"Nelson","country":"New Zealand","postcode":24423,"coordinates":{"latitude":"52.0243","longitude":"-32.1307"},"timezone":{"offset":"+10:00","description":"Eastern Australia, Guam, Vladivostok"}},"email":"asher.smith@example.com","login":{"uuid":"1af68d72-80d5-4abd-b6d9-22e5d00aae84","username":"ticklishmeercat223","password":"germany","salt":"HbYvNTYR","md5":"ee87e537ebb808ecac9e128e09081470","sha1":"0eaa17550498f74b94800a9e5b6d794331723c07","sha256":"c05ec24b6a196ef259c5a3a1fa6417af7e11e6095d4a437bc3aab50cbabc5a30"},"dob":{"date":"1951-12-10T15:06:06.499Z","age":72},"registered":{"date":"2020-08-25T00:00:21.296Z","age":3},"phone":"(800)-669-5273","cell":"(797)-269-9828","id":{"name":"","value":null},"picture":{"large":"https://randomuser.me/api/portraits/men/36.jpg","medium":"https://randomuser.me/api/portraits/med/men/36.jpg","thumbnail":"https://randomuser.me/api/portraits/thumb/men/36.jpg"},"nat":"NZ"}],"info":{"seed":"9ff10baae93136b3","results":1,"page":1,"version":"1.4"}} 
 </msg>
<msg time="2024-07-27T05:14:55.165467" level="INFO">/opt/hostedtoolcache/Python/3.12.4/x64/lib/python3.12/site-packages/urllib3/connectionpool.py:1099: InsecureRequestWarning: Unverified HTTPS request is being made to host 'randomuser.me'. Adding certificate verification is strongly advised. See: https://urllib3.readthedocs.io/en/latest/advanced-usage.html#tls-warnings
  warnings.warn(</msg>
<msg time="2024-07-27T05:14:55.165598" level="INFO">${response} = &lt;Response [200]&gt;</msg>
<var>${response}</var>
<arg>consultarAPI</arg>
<arg>/api</arg>
<doc>Sends a GET request on a previously created HTTP Session.</doc>
<status status="PASS" start="2024-07-27T05:14:55.061658" elapsed="0.103983"/>
</kw>
<kw name="Set Variable" owner="BuiltIn">
<msg time="2024-07-27T05:14:55.166533" level="INFO">${json_data} = {'results': [{'gender': 'male', 'name': {'title': 'Mr', 'first': 'Asher', 'last': 'Smith'}, 'location': {'street': {'number': 4372, 'name': 'Mokoia Road'}, 'city': 'Timaru', 'state': 'Nelson', 'countr...</msg>
<var>${json_data}</var>
<arg>${response.json()}</arg>
<doc>Returns the given values which can then be assigned to a variables.</doc>
<status status="PASS" start="2024-07-27T05:14:55.166058" elapsed="0.000503"/>
</kw>
<kw name="Log" owner="BuiltIn">
<msg time="2024-07-27T05:14:55.167021" level="INFO">{'results': [{'gender': 'male', 'name': {'title': 'Mr', 'first': 'Asher', 'last': 'Smith'}, 'location': {'street': {'number': 4372, 'name': 'Mokoia Road'}, 'city': 'Timaru', 'state': 'Nelson', 'country': 'New Zealand', 'postcode': 24423, 'coordinates': {'latitude': '52.0243', 'longitude': '-32.1307'}, 'timezone': {'offset': '+10:00', 'description': 'Eastern Australia, Guam, Vladivostok'}}, 'email': 'asher.smith@example.com', 'login': {'uuid': '1af68d72-80d5-4abd-b6d9-22e5d00aae84', 'username': 'ticklishmeercat223', 'password': 'germany', 'salt': 'HbYvNTYR', 'md5': 'ee87e537ebb808ecac9e128e09081470', 'sha1': '0eaa17550498f74b94800a9e5b6d794331723c07', 'sha256': 'c05ec24b6a196ef259c5a3a1fa6417af7e11e6095d4a437bc3aab50cbabc5a30'}, 'dob': {'date': '1951-12-10T15:06:06.499Z', 'age': 72}, 'registered': {'date': '2020-08-25T00:00:21.296Z', 'age': 3}, 'phone': '(800)-669-5273', 'cell': '(797)-269-9828', 'id': {'name': '', 'value': None}, 'picture': {'large': 'https://randomuser.me/api/portraits/men/36.jpg', 'medium': 'https://randomuser.me/api/portraits/med/men/36.jpg', 'thumbnail': 'https://randomuser.me/api/portraits/thumb/men/36.jpg'}, 'nat': 'NZ'}], 'info': {'seed': '9ff10baae93136b3', 'results': 1, 'page': 1, 'version': '1.4'}}</msg>
<arg>${json_data}</arg>
<doc>Logs the given message with the given level.</doc>
<status status="PASS" start="2024-07-27T05:14:55.166866" elapsed="0.000201"/>
</kw>
<kw name="Should Be Equal As Numbers" owner="BuiltIn">
<arg>${json_data['results'][0]['location']['postcode']}</arg>
<arg>${json_data['results'][0]['location']['postcode']}</arg>
<doc>Fails if objects are unequal after converting them to real numbers.</doc>
<status status="PASS" start="2024-07-27T05:14:55.167365" elapsed="0.000624"/>
</kw>
<kw name="Log" owner="BuiltIn">
<msg time="2024-07-27T05:14:55.168587" level="INFO">24423</msg>
<arg>${json_data['results'][0]['location']['postcode']}</arg>
<doc>Logs the given message with the given level.</doc>
<status status="PASS" start="2024-07-27T05:14:55.168202" elapsed="0.000427"/>
</kw>
<status status="PASS" start="2024-07-27T05:14:55.061434" elapsed="0.107491"/>
</kw>
<doc>Testa se os tipos de dados na resposta da API estão corretos.</doc>
<tag>testeTiposDados</tag>
<status status="PASS" start="2024-07-27T05:14:54.974007" elapsed="0.195089"/>
</test>
<test id="s1-s1-t5" name="Validar conteudo" line="35">
<kw name="Teste de Tipos de Conteudo" owner="random-user-service">
<kw name="GET On Session" owner="RequestsLibrary">
<msg time="2024-07-27T05:14:55.250884" level="INFO">GET Request : url=https://randomuser.me/api 
 path_url=/api 
 headers={'User-Agent': 'python-requests/2.32.3', 'Accept-Encoding': 'gzip, deflate', 'Accept': '*/*', 'Connection': 'keep-alive'} 
 body=None 
 </msg>
<msg time="2024-07-27T05:14:55.250980" level="INFO">GET Response : url=https://randomuser.me/api 
 status=200, reason=OK 
 headers={'Date': 'Sat, 27 Jul 2024 05:14:55 GMT', 'Content-Type': 'application/json; charset=utf-8', 'Transfer-Encoding': 'chunked', 'Connection': 'keep-alive', 'X-Powered-By': 'Express', 'Access-Control-Allow-Origin': '*', 'Cache-Control': 'no-cache', 'ETag': 'W/"48c-q0fvv54Y+rqyxa4bk7ai1oFEDe8"', 'Vary': 'Accept-Encoding', 'Content-Encoding': 'gzip', 'CF-Cache-Status': 'DYNAMIC', 'Report-To': '{"endpoints":[{"url":"https:\\/\\/a.nel.cloudflare.com\\/report\\/v4?s=5HWc7XNrr49J%2By7KA9Iib6I8cWnuvAZzDkbZV0cdwNwCn%2BXdjJrdyxfTF8j8MigVbAFXRO4iIuwuj4C4INYI6Tj88fWJVQ6sQ%2FCdT3hZ%2FsW0tPKdOh5ZWaLB%2FOTfCtHe"}],"group":"cf-nel","max_age":604800}', 'NEL': '{"success_fraction":0,"report_to":"cf-nel","max_age":604800}', 'Server': 'cloudflare', 'CF-RAY': '8a9a260edcb029c3-ORD', 'alt-svc': 'h3=":443"; ma=86400'} 
 body={"results":[{"gender":"female","name":{"title":"Ms","first":"Lola","last":"Day"},"location":{"street":{"number":6807,"name":"High Street"},"city":"Enniscorthy","state":"Donegal","country":"Ireland","postcode":12957,"coordinates":{"latitude":"-3.0784","longitude":"74.9100"},"timezone":{"offset":"-6:00","description":"Central Time (US &amp; Canada), Mexico City"}},"email":"lola.day@example.com","login":{"uuid":"a3f3a562-0838-4a48-9fe9-2693c565a9f3","username":"organiccat474","password":"valencia","salt":"IoIMpGL9","md5":"2627ff1d21c84dc55174a88d800c1c33","sha1":"5b869e3245f2d0f35c104be66eb20931ecee64d6","sha256":"f77854466ecd196fc9eb5edcc75d695462e594da33585af5e705e921b47f0295"},"dob":{"date":"1976-10-13T21:23:33.246Z","age":47},"registered":{"date":"2006-11-20T19:20:54.480Z","age":17},"phone":"031-436-5917","cell":"081-614-5873","id":{"name":"PPS","value":"2393030T"},"picture":{"large":"https://randomuser.me/api/portraits/women/74.jpg","medium":"https://randomuser.me/api/portraits/med/women/74.jpg","thumbnail":"https://randomuser.me/api/portraits/thumb/women/74.jpg"},"nat":"IE"}],"info":{"seed":"ab32bf98f255aeaa","results":1,"page":1,"version":"1.4"}} 
 </msg>
<msg time="2024-07-27T05:14:55.251050" level="INFO">/opt/hostedtoolcache/Python/3.12.4/x64/lib/python3.12/site-packages/urllib3/connectionpool.py:1099: InsecureRequestWarning: Unverified HTTPS request is being made to host 'randomuser.me'. Adding certificate verification is strongly advised. See: https://urllib3.readthedocs.io/en/latest/advanced-usage.html#tls-warnings
  warnings.warn(</msg>
<msg time="2024-07-27T05:14:55.251185" level="INFO">${response} = &lt;Response [200]&gt;</msg>
<var>${response}</var>
<arg>consultarAPI</arg>
<arg>/api</arg>
<doc>Sends a GET request on a previously created HTTP Session.</doc>
<status status="PASS" start="2024-07-27T05:14:55.171589" elapsed="0.079636"/>
</kw>
<kw name="Set Variable" owner="BuiltIn">
<msg time="2024-07-27T05:14:55.252237" level="INFO">${json_data} = {'results': [{'gender': 'female', 'name': {'title': 'Ms', 'first': 'Lola', 'last': 'Day'}, 'location': {'street': {'number': 6807, 'name': 'High Street'}, 'city': 'Enniscorthy', 'state': 'Donegal', 'c...</msg>
<var>${json_data}</var>
<arg>${response.json()}</arg>
<doc>Returns the given values which can then be assigned to a variables.</doc>
<status status="PASS" start="2024-07-27T05:14:55.251719" elapsed="0.000547"/>
</kw>
<kw name="Set Variable" owner="BuiltIn">
<msg time="2024-07-27T05:14:55.252998" level="INFO">${name_title} = Ms</msg>
<var>${name_title}</var>
<arg>${json_data["results"][0]["name"]["title"]}</arg>
<doc>Returns the given values which can then be assigned to a variables.</doc>
<status status="PASS" start="2024-07-27T05:14:55.252569" elapsed="0.000456"/>
</kw>
<kw name="Create List" owner="BuiltIn">
<msg time="2024-07-27T05:14:55.253475" level="INFO">${allowed_titles} = ['Mr', 'Ms', 'Miss', 'Mrs', 'Madame', 'Monsieur']</msg>
<var>${allowed_titles}</var>
<arg>Mr</arg>
<arg>Ms</arg>
<arg>Miss</arg>
<arg>Mrs</arg>
<arg>Madame</arg>
<arg>Monsieur</arg>
<doc>Returns a list containing given items.</doc>
<status status="PASS" start="2024-07-27T05:14:55.253324" elapsed="0.000176"/>
</kw>
<kw name="List Should Contain Value" owner="Collections">
<arg>${allowed_titles}</arg>
<arg>${name_title}</arg>
<doc>Fails if the ``value`` is not found from ``list``.</doc>
<status status="PASS" start="2024-07-27T05:14:55.253829" elapsed="0.000212"/>
</kw>
<kw name="Set Variable" owner="BuiltIn">
<msg time="2024-07-27T05:14:55.254606" level="INFO">${name_country} = IE</msg>
<var>${name_country}</var>
<arg>${json_data["results"][0]["nat"]}</arg>
<doc>Returns the given values which can then be assigned to a variables.</doc>
<status status="PASS" start="2024-07-27T05:14:55.254233" elapsed="0.000399"/>
</kw>
<kw name="Create List" owner="BuiltIn">
<msg time="2024-07-27T05:14:55.255518" level="INFO">${list_country} = ['AD', 'AE', 'AF', 'AG', 'AI', 'AL', 'AM', 'AO', 'AQ', 'AR', 'AS', 'AT', 'AU', 'AW', 'AX', 'AZ', 'BA', 'BB', 'BD', 'BE', 'BF', 'BG', 'BH', 'BI', 'BJ', 'BL', 'BM', 'BN', 'BO', 'BQ', 'BR', 'BS', 'BT', '...</msg>
<var>${list_country}</var>
<arg>AD</arg>
<arg>AE</arg>
<arg>AF</arg>
<arg>AG</arg>
<arg>AI</arg>
<arg>AL</arg>
<arg>AM</arg>
<arg>AO</arg>
<arg>AQ</arg>
<arg>AR</arg>
<arg>AS</arg>
<arg>AT</arg>
<arg>AU</arg>
<arg>AW</arg>
<arg>AX</arg>
<arg>AZ</arg>
<arg>BA</arg>
<arg>BB</arg>
<arg>BD</arg>
<arg>BE</arg>
<arg>BF</arg>
<arg>BG</arg>
<arg>BH</arg>
<arg>BI</arg>
<arg>BJ</arg>
<arg>BL</arg>
<arg>BM</arg>
<arg>BN</arg>
<arg>BO</arg>
<arg>BQ</arg>
<arg>BR</arg>
<arg>BS</arg>
<arg>BT</arg>
<arg>BV</arg>
<arg>BW</arg>
<arg>BY</arg>
<arg>BZ</arg>
<arg>CA</arg>
<arg>CC</arg>
<arg>CD</arg>
<arg>CF</arg>
<arg>CG</arg>
<arg>CH</arg>
<arg>CI</arg>
<arg>CK</arg>
<arg>CL</arg>
<arg>CM</arg>
<arg>CN</arg>
<arg>CO</arg>
<arg>CR</arg>
<arg>CU</arg>
<arg>CV</arg>
<arg>CW</arg>
<arg>CX</arg>
<arg>CY</arg>
<arg>CZ</arg>
<arg>DE</arg>
<arg>DJ</arg>
<arg>DK</arg>
<arg>DM</arg>
<arg>DO</arg>
<arg>DZ</arg>
<arg>EC</arg>
<arg>EE</arg>
<arg>EG</arg>
<arg>EH</arg>
<arg>ER</arg>
<arg>ES</arg>
<arg>ET</arg>
<arg>FI</arg>
<arg>FJ</arg>
<arg>FK</arg>
<arg>FM</arg>
<arg>FO</arg>
<arg>FR</arg>
<arg>GA</arg>
<arg>GB</arg>
<arg>GD</arg>
<arg>GE</arg>
<arg>GF</arg>
<arg>GG</arg>
<arg>GH</arg>
<arg>GI</arg>
<arg>GL</arg>
<arg>GM</arg>
<arg>GN</arg>
<arg>GP</arg>
<arg>GQ</arg>
<arg>GR</arg>
<arg>GS</arg>
<arg>GT</arg>
<arg>GU</arg>
<arg>GW</arg>
<arg>GY</arg>
<arg>HK</arg>
<arg>HM</arg>
<arg>HN</arg>
<arg>HR</arg>
<arg>HT</arg>
<arg>HU</arg>
<arg>ID</arg>
<arg>IE</arg>
<arg>IL</arg>
<arg>IM</arg>
<arg>IN</arg>
<arg>IO</arg>
<arg>IQ</arg>
<arg>IR</arg>
<arg>IS</arg>
<arg>IT</arg>
<arg>JE</arg>
<arg>JM</arg>
<arg>JO</arg>
<arg>JP</arg>
<arg>KE</arg>
<arg>KG</arg>
<arg>KH</arg>
<arg>KI</arg>
<arg>KM</arg>
<arg>KN</arg>
<arg>KP</arg>
<arg>KR</arg>
<arg>KW</arg>
<arg>KY</arg>
<arg>KZ</arg>
<arg>LA</arg>
<arg>LB</arg>
<arg>LC</arg>
<arg>LI</arg>
<arg>LK</arg>
<arg>LR</arg>
<arg>LS</arg>
<arg>LT</arg>
<arg>LU</arg>
<arg>LV</arg>
<arg>LY</arg>
<arg>MA</arg>
<arg>MC</arg>
<arg>MD</arg>
<arg>ME</arg>
<arg>MF</arg>
<arg>MG</arg>
<arg>MH</arg>
<arg>MK</arg>
<arg>ML</arg>
<arg>MM</arg>
<arg>MN</arg>
<arg>MO</arg>
<arg>MP</arg>
<arg>MQ</arg>
<arg>MR</arg>
<arg>MS</arg>
<arg>MT</arg>
<arg>MU</arg>
<arg>MV</arg>
<arg>MW</arg>
<arg>MX</arg>
<arg>MY</arg>
<arg>MZ</arg>
<arg>NA</arg>
<arg>NC</arg>
<arg>NE</arg>
<arg>NF</arg>
<arg>NG</arg>
<arg>NI</arg>
<arg>NL</arg>
<arg>NO</arg>
<arg>NP</arg>
<arg>NR</arg>
<arg>NU</arg>
<arg>NZ</arg>
<arg>OM</arg>
<arg>PA</arg>
<arg>PE</arg>
<arg>PF</arg>
<arg>PG</arg>
<arg>PH</arg>
<arg>PK</arg>
<arg>PL</arg>
<arg>PM</arg>
<arg>PN</arg>
<arg>PR</arg>
<arg>PS</arg>
<arg>PT</arg>
<arg>PW</arg>
<arg>PY</arg>
<arg>QA</arg>
<arg>RE</arg>
<arg>RO</arg>
<arg>RS</arg>
<arg>RU</arg>
<arg>RW</arg>
<arg>SA</arg>
<arg>SB</arg>
<arg>SC</arg>
<arg>SD</arg>
<arg>SE</arg>
<arg>SG</arg>
<arg>SH</arg>
<arg>SI</arg>
<arg>SJ</arg>
<arg>SK</arg>
<arg>SL</arg>
<arg>SM</arg>
<arg>SN</arg>
<arg>SO</arg>
<arg>SR</arg>
<arg>SS</arg>
<arg>ST</arg>
<arg>SV</arg>
<arg>SX</arg>
<arg>SY</arg>
<arg>SZ</arg>
<arg>TC</arg>
<arg>TD</arg>
<arg>TF</arg>
<arg>TG</arg>
<arg>TH</arg>
<arg>TJ</arg>
<arg>TK</arg>
<arg>TL</arg>
<arg>TM</arg>
<arg>TN</arg>
<arg>TO</arg>
<arg>TR</arg>
<arg>TT</arg>
<arg>TV</arg>
<arg>TW</arg>
<arg>TZ</arg>
<arg>UA</arg>
<arg>UG</arg>
<arg>UM</arg>
<arg>US</arg>
<arg>UY</arg>
<arg>UZ</arg>
<arg>VA</arg>
<arg>VC</arg>
<arg>VE</arg>
<arg>VG</arg>
<arg>VI</arg>
<arg>VN</arg>
<arg>VU</arg>
<arg>WF</arg>
<arg>WS</arg>
<arg>XK</arg>
<arg>YE</arg>
<arg>YT</arg>
<arg>ZA</arg>
<arg>ZM</arg>
<arg>ZW</arg>
<doc>Returns a list containing given items.</doc>
<status status="PASS" start="2024-07-27T05:14:55.254926" elapsed="0.000618"/>
</kw>
<kw name="List Should Contain Value" owner="Collections">
<arg>${list_country}</arg>
<arg>${name_country}</arg>
<doc>Fails if the ``value`` is not found from ``list``.</doc>
<status status="PASS" start="2024-07-27T05:14:55.256521" elapsed="0.000207"/>
</kw>
<kw name="Run Keyword If" owner="BuiltIn">
<kw name="Should Be True" owner="BuiltIn">
<arg>${True}</arg>
<doc>Fails if the given condition is not true.</doc>
<status status="PASS" start="2024-07-27T05:14:55.257746" elapsed="0.000142"/>
</kw>
<arg>${json_data["results"][0]["location"]["coordinates"]["latitude"]} &gt;= -90 and ${json_data["results"][0]["location"]["coordinates"]["latitude"]} &lt;= 90</arg>
<arg>Should Be True</arg>
<arg>${True}</arg>
<doc>Runs the given keyword with the given arguments, if ``condition`` is true.</doc>
<status status="PASS" start="2024-07-27T05:14:55.256982" elapsed="0.001031"/>
</kw>
<kw name="Run Keyword If" owner="BuiltIn">
<kw name="Should Be True" owner="BuiltIn">
<arg>${True}</arg>
<doc>Fails if the given condition is not true.</doc>
<status status="PASS" start="2024-07-27T05:14:55.258886" elapsed="0.000135"/>
</kw>
<arg>${json_data["results"][0]["location"]["coordinates"]["longitude"]} &gt;= -180 and ${json_data["results"][0]["location"]["coordinates"]["longitude"]} &lt;= 180</arg>
<arg>Should Be True</arg>
<arg>${True}</arg>
<doc>Runs the given keyword with the given arguments, if ``condition`` is true.</doc>
<status status="PASS" start="2024-07-27T05:14:55.258195" elapsed="0.000946"/>
</kw>
<status status="PASS" start="2024-07-27T05:14:55.171367" elapsed="0.087905"/>
</kw>
<doc>Testa o conteúdo específico dos campos retornados pela API.</doc>
<tag>testeConteudo</tag>
<status status="PASS" start="2024-07-27T05:14:55.170918" elapsed="0.088504"/>
</test>
<status status="PASS" start="2024-07-27T05:14:54.365384" elapsed="0.895972"/>
</suite>
<status status="PASS" start="2024-07-27T05:14:54.350933" elapsed="0.915619"/>
</suite>
<statistics>
<total>
<stat pass="5" fail="0" skip="0">All Tests</stat>
</total>
<tag>
<stat pass="1" fail="0" skip="0">testeConteudo</stat>
<stat pass="1" fail="0" skip="0">testeEstruturaResposta</stat>
<stat pass="1" fail="0" skip="0">testeRequisicaoBasica</stat>
<stat pass="1" fail="0" skip="0">testeTiposDados</stat>
</tag>
<suite>
<stat pass="5" fail="0" skip="0" id="s1" name="Tests">Tests</stat>
<stat pass="5" fail="0" skip="0" id="s1-s1" name="Random-User-Test">Tests.Random-User-Test</stat>
</suite>
</statistics>
<errors>
</errors>
</robot>
