<?xml version="1.0" encoding="UTF-8"?>
<robot generator="Robot 7.0 (Python 3.12.3 on linux)" generated="2024-06-04T07:14:34.424601" rpa="false" schemaversion="5">
<suite id="s1" name="Tests" source="/home/runner/work/ApiRandomUser/ApiRandomUser/RamdonUser/tests">
<suite id="s1-s1" name="Random-User-Test" source="/home/runner/work/ApiRandomUser/ApiRandomUser/RamdonUser/tests/random-user-test.robot">
<test id="s1-s1-t1" name="Conectar" line="13">
<kw name="Conectar API" owner="random-user-service">
<kw name="Create Session" owner="RequestsLibrary">
<msg time="2024-06-04T07:14:34.805290" level="INFO">Creating Session using : alias=consultarAPI, url=https://randomuser.me/, headers={},                     cookies={}, auth=None, timeout=None, proxies=None, verify=False,                     debug=0 </msg>
<arg>consultarAPI</arg>
<arg>${URL}</arg>
<doc>Create Session: create a HTTP session to a server</doc>
<status status="PASS" start="2024-06-04T07:14:34.805082" elapsed="0.000373"/>
</kw>
<status status="PASS" start="2024-06-04T07:14:34.804158" elapsed="0.001644"/>
</kw>
<status status="PASS" start="2024-06-04T07:14:34.803643" elapsed="0.002350"/>
</test>
<test id="s1-s1-t2" name="Validar retorno 200 e JSON Válido" line="16">
<kw name="Teste de Requisicao Basica" owner="random-user-service">
<kw name="GET On Session" owner="RequestsLibrary">
<msg time="2024-06-04T07:14:34.899764" level="INFO">GET Request : url=https://randomuser.me/api 
 path_url=/api 
 headers={'User-Agent': 'python-requests/2.32.3', 'Accept-Encoding': 'gzip, deflate', 'Accept': '*/*', 'Connection': 'keep-alive'} 
 body=None 
 </msg>
<msg time="2024-06-04T07:14:34.899881" level="INFO">GET Response : url=https://randomuser.me/api 
 status=200, reason=OK 
 headers={'Date': 'Tue, 04 Jun 2024 07:14:34 GMT', 'Content-Type': 'application/json; charset=utf-8', 'Transfer-Encoding': 'chunked', 'Connection': 'keep-alive', 'X-Powered-By': 'Express', 'Access-Control-Allow-Origin': '*', 'Cache-Control': 'no-cache', 'ETag': 'W/"4b2-bGFUPcsW9QJXxpMlQuzFuuZHj7Q"', 'Vary': 'Accept-Encoding', 'Content-Encoding': 'gzip', 'CF-Cache-Status': 'DYNAMIC', 'Report-To': '{"endpoints":[{"url":"https:\\/\\/a.nel.cloudflare.com\\/report\\/v4?s=zCZwSUbDL81I%2F0R5Gd1rekESdJyZiy7lTq8CXB6YixFM0Wh%2F7mqnXWhkm0exY8WussGVOXKo4APKzeI6uefeSdvW99C23Wjwv4Bc%2FWRyFRYRTq6zY9QrU06WoMfYh6m4"}],"group":"cf-nel","max_age":604800}', 'NEL': '{"success_fraction":0,"report_to":"cf-nel","max_age":604800}', 'Server': 'cloudflare', 'CF-RAY': '88e62077b93c396d-IAD', 'alt-svc': 'h3=":443"; ma=86400'} 
 body={"results":[{"gender":"female","name":{"title":"Miss","first":"Suzy","last":"Williams"},"location":{"street":{"number":6907,"name":"The Green"},"city":"St Davids","state":"Cornwall","country":"United Kingdom","postcode":"O8B 4NQ","coordinates":{"latitude":"-12.6637","longitude":"119.6550"},"timezone":{"offset":"0:00","description":"Western Europe Time, London, Lisbon, Casablanca"}},"email":"suzy.williams@example.com","login":{"uuid":"ef36bec2-30a1-4896-9b1c-161623ceb0cb","username":"silverbutterfly438","password":"asgard","salt":"aNgFKxfT","md5":"521caed6e5d70d1655e1d6de4c046b08","sha1":"69d936aa5f1b3a2dd12f9bebbb17af88f56b2f0e","sha256":"76611c194fe20b2e498f163ca3ed41e243d07f391a5bfc14a18f7f809611852e"},"dob":{"date":"1951-07-18T01:36:24.922Z","age":72},"registered":{"date":"2010-09-03T17:37:10.097Z","age":13},"phone":"019467 64263","cell":"07497 743574","id":{"name":"NINO","value":"WB 81 53 78 Y"},"picture":{"large":"https://randomuser.me/api/portraits/women/17.jpg","medium":"https://randomuser.me/api/portraits/med/women/17.jpg","thumbnail":"https://randomuser.me/api/portraits/thumb/women/17.jpg"},"nat":"GB"}],"info":{"seed":"41f146a2b7780fab","results":1,"page":1,"version":"1.4"}} 
 </msg>
<msg time="2024-06-04T07:14:34.899948" level="INFO">/opt/hostedtoolcache/Python/3.12.3/x64/lib/python3.12/site-packages/urllib3/connectionpool.py:1103: InsecureRequestWarning: Unverified HTTPS request is being made to host 'randomuser.me'. Adding certificate verification is strongly advised. See: https://urllib3.readthedocs.io/en/latest/advanced-usage.html#tls-warnings
  warnings.warn(</msg>
<msg time="2024-06-04T07:14:34.900076" level="INFO">${response} = &lt;Response [200]&gt;</msg>
<var>${response}</var>
<arg>consultarAPI</arg>
<arg>/api</arg>
<doc>Sends a GET request on a previously created HTTP Session.</doc>
<status status="PASS" start="2024-06-04T07:14:34.808569" elapsed="0.091545"/>
</kw>
<kw name="Should Be Equal As Numbers" owner="BuiltIn">
<msg time="2024-06-04T07:14:34.900888" level="INFO">Argument types are:
&lt;class 'int'&gt;
&lt;class 'str'&gt;</msg>
<arg>${response.status_code}</arg>
<arg>200</arg>
<doc>Fails if objects are unequal after converting them to real numbers.</doc>
<status status="PASS" start="2024-06-04T07:14:34.900499" elapsed="0.000450"/>
</kw>
<kw name="Log" owner="BuiltIn">
<msg time="2024-06-04T07:14:34.901636" level="INFO">200</msg>
<arg>${response.status_code}</arg>
<doc>Logs the given message with the given level.</doc>
<status status="PASS" start="2024-06-04T07:14:34.901279" elapsed="0.000405"/>
</kw>
<kw name="Set Variable" owner="BuiltIn">
<msg time="2024-06-04T07:14:34.902406" level="INFO">${json_data} = {'results': [{'gender': 'female', 'name': {'title': 'Miss', 'first': 'Suzy', 'last': 'Williams'}, 'location': {'street': {'number': 6907, 'name': 'The Green'}, 'city': 'St Davids', 'state': 'Cornwall'...</msg>
<var>${json_data}</var>
<arg>${response.json()}</arg>
<doc>Returns the given values which can then be assigned to a variables.</doc>
<status status="PASS" start="2024-06-04T07:14:34.901982" elapsed="0.000453"/>
</kw>
<kw name="Dictionary Should Contain Key" owner="Collections">
<msg time="2024-06-04T07:14:34.902952" level="INFO">False</msg>
<arg>${json_data}</arg>
<arg>results</arg>
<doc>Fails if ``key`` is not found from ``dictionary``.</doc>
<status status="PASS" start="2024-06-04T07:14:34.902740" elapsed="0.000252"/>
</kw>
<status status="PASS" start="2024-06-04T07:14:34.808332" elapsed="0.094910"/>
</kw>
<doc>Testa se a API responde corretamente e retorna um objeto JSON válido.</doc>
<tag>testeRequisicaoBasica</tag>
<status status="PASS" start="2024-06-04T07:14:34.807851" elapsed="0.095559"/>
</test>
<test id="s1-s1-t3" name="Validar estrutura de resposta" line="22">
<kw name="Teste de Estrutura de Resposta" owner="random-user-service">
<kw name="GET On Session" owner="RequestsLibrary">
<msg time="2024-06-04T07:14:35.011063" level="INFO">GET Request : url=https://randomuser.me/api 
 path_url=/api 
 headers={'User-Agent': 'python-requests/2.32.3', 'Accept-Encoding': 'gzip, deflate', 'Accept': '*/*', 'Connection': 'keep-alive'} 
 body=None 
 </msg>
<msg time="2024-06-04T07:14:35.011133" level="INFO">GET Response : url=https://randomuser.me/api 
 status=200, reason=OK 
 headers={'Date': 'Tue, 04 Jun 2024 07:14:35 GMT', 'Content-Type': 'application/json; charset=utf-8', 'Transfer-Encoding': 'chunked', 'Connection': 'keep-alive', 'X-Powered-By': 'Express', 'Access-Control-Allow-Origin': '*', 'Cache-Control': 'no-cache', 'ETag': 'W/"485-D+OCcxftU8+ESGSRTEPjYVU0rl0"', 'Vary': 'Accept-Encoding', 'Content-Encoding': 'gzip', 'CF-Cache-Status': 'DYNAMIC', 'Report-To': '{"endpoints":[{"url":"https:\\/\\/a.nel.cloudflare.com\\/report\\/v4?s=alnaBXeRfJ%2FVIDlKnmw9b3Mvm7McCyUgnawJ6f%2FjLGpqny2lz3qxuGOK%2F56j5xBV95StFS4dlH8tfIus3gdEy8lXKrikzJ6T6z5l7fZC1suvKG%2FYsyhEN%2B1sVTVlAxhU"}],"group":"cf-nel","max_age":604800}', 'NEL': '{"success_fraction":0,"report_to":"cf-nel","max_age":604800}', 'Server': 'cloudflare', 'CF-RAY': '88e62078298b396d-IAD', 'alt-svc': 'h3=":443"; ma=86400'} 
 body={"results":[{"gender":"male","name":{"title":"Mr","first":"August","last":"Olsen"},"location":{"street":{"number":6294,"name":"Nørrebro"},"city":"Øster Assels","state":"Syddanmark","country":"Denmark","postcode":96839,"coordinates":{"latitude":"-45.5743","longitude":"-103.2173"},"timezone":{"offset":"+5:30","description":"Bombay, Calcutta, Madras, New Delhi"}},"email":"august.olsen@example.com","login":{"uuid":"1aba9fff-4b58-48f1-87ab-92f7aa3e9c95","username":"purplepanda614","password":"juan","salt":"qQvIF0es","md5":"163355cefbac5e96dc092bdce8010f6d","sha1":"4ad585d8906a7db5e5d2d236db0623b67a91afa5","sha256":"e52a484195425fd8b1f0ce346cd664a0efb12561d4e1f363ce2b5dbb1166400d"},"dob":{"date":"1952-06-09T03:29:56.302Z","age":71},"registered":{"date":"2022-04-13T02:55:02.812Z","age":2},"phone":"66296753","cell":"71299567","id":{"name":"CPR","value":"080652-7054"},"picture":{"large":"https://randomuser.me/api/portraits/men/49.jpg","medium":"https://randomuser.me/api/portraits/med/men/49.jpg","thumbnail":"https://randomuser.me/api/portraits/thumb/men/49.jpg"},"nat":"DK"}],"info":{"seed":"98cd0fcf11146c5c","results":1,"page":1,"version":"1.4"}} 
 </msg>
<msg time="2024-06-04T07:14:35.011234" level="INFO">/opt/hostedtoolcache/Python/3.12.3/x64/lib/python3.12/site-packages/urllib3/connectionpool.py:1103: InsecureRequestWarning: Unverified HTTPS request is being made to host 'randomuser.me'. Adding certificate verification is strongly advised. See: https://urllib3.readthedocs.io/en/latest/advanced-usage.html#tls-warnings
  warnings.warn(</msg>
<msg time="2024-06-04T07:14:35.011352" level="INFO">${response} = &lt;Response [200]&gt;</msg>
<var>${response}</var>
<arg>consultarAPI</arg>
<arg>/api</arg>
<doc>Sends a GET request on a previously created HTTP Session.</doc>
<status status="PASS" start="2024-06-04T07:14:34.905841" elapsed="0.105550"/>
</kw>
<kw name="Set Variable" owner="BuiltIn">
<msg time="2024-06-04T07:14:35.012275" level="INFO">${json_data} = {'results': [{'gender': 'male', 'name': {'title': 'Mr', 'first': 'August', 'last': 'Olsen'}, 'location': {'street': {'number': 6294, 'name': 'Nørrebro'}, 'city': 'Øster Assels', 'state': 'Syddanmark',...</msg>
<var>${json_data}</var>
<arg>${response.json()}</arg>
<doc>Returns the given values which can then be assigned to a variables.</doc>
<status status="PASS" start="2024-06-04T07:14:35.011790" elapsed="0.000514"/>
</kw>
<kw name="Log" owner="BuiltIn">
<msg time="2024-06-04T07:14:35.012770" level="INFO">{'results': [{'gender': 'male', 'name': {'title': 'Mr', 'first': 'August', 'last': 'Olsen'}, 'location': {'street': {'number': 6294, 'name': 'Nørrebro'}, 'city': 'Øster Assels', 'state': 'Syddanmark', 'country': 'Denmark', 'postcode': 96839, 'coordinates': {'latitude': '-45.5743', 'longitude': '-103.2173'}, 'timezone': {'offset': '+5:30', 'description': 'Bombay, Calcutta, Madras, New Delhi'}}, 'email': 'august.olsen@example.com', 'login': {'uuid': '1aba9fff-4b58-48f1-87ab-92f7aa3e9c95', 'username': 'purplepanda614', 'password': 'juan', 'salt': 'qQvIF0es', 'md5': '163355cefbac5e96dc092bdce8010f6d', 'sha1': '4ad585d8906a7db5e5d2d236db0623b67a91afa5', 'sha256': 'e52a484195425fd8b1f0ce346cd664a0efb12561d4e1f363ce2b5dbb1166400d'}, 'dob': {'date': '1952-06-09T03:29:56.302Z', 'age': 71}, 'registered': {'date': '2022-04-13T02:55:02.812Z', 'age': 2}, 'phone': '66296753', 'cell': '71299567', 'id': {'name': 'CPR', 'value': '080652-7054'}, 'picture': {'large': 'https://randomuser.me/api/portraits/men/49.jpg', 'medium': 'https://randomuser.me/api/portraits/med/men/49.jpg', 'thumbnail': 'https://randomuser.me/api/portraits/thumb/men/49.jpg'}, 'nat': 'DK'}], 'info': {'seed': '98cd0fcf11146c5c', 'results': 1, 'page': 1, 'version': '1.4'}}</msg>
<arg>${json_data}</arg>
<doc>Logs the given message with the given level.</doc>
<status status="PASS" start="2024-06-04T07:14:35.012611" elapsed="0.000215"/>
</kw>
<kw name="Dictionary Should Contain Key" owner="Collections">
<msg time="2024-06-04T07:14:35.013280" level="INFO">False</msg>
<arg>${json_data}</arg>
<arg>results</arg>
<doc>Fails if ``key`` is not found from ``dictionary``.</doc>
<status status="PASS" start="2024-06-04T07:14:35.013126" elapsed="0.000191"/>
</kw>
<kw name="Should Not Be Empty" owner="BuiltIn">
<msg time="2024-06-04T07:14:35.013751" level="INFO">Length is 2.</msg>
<arg>${json_data}</arg>
<doc>Verifies that the given item is not empty.</doc>
<status status="PASS" start="2024-06-04T07:14:35.013615" elapsed="0.000174"/>
</kw>
<kw name="Create List" owner="BuiltIn">
<msg time="2024-06-04T07:14:35.014358" level="INFO">${expected_keys} = ['gender', 'name', 'location', 'email', 'login']</msg>
<var>${expected_keys}</var>
<arg>gender</arg>
<arg>name</arg>
<arg>location</arg>
<arg>email</arg>
<arg>login</arg>
<doc>Returns a list containing given items.</doc>
<status status="PASS" start="2024-06-04T07:14:35.014077" elapsed="0.000306"/>
</kw>
<for flavor="IN">
<iter>
<kw name="Dictionary Should Contain Key" owner="Collections">
<msg time="2024-06-04T07:14:35.015400" level="INFO">False</msg>
<arg>${json_data['results'][0]}</arg>
<arg>${key}</arg>
<doc>Fails if ``key`` is not found from ``dictionary``.</doc>
<status status="PASS" start="2024-06-04T07:14:35.015004" elapsed="0.000434"/>
</kw>
<kw name="Log" owner="BuiltIn">
<msg time="2024-06-04T07:14:35.016109" level="INFO">{'gender': 'male', 'name': {'title': 'Mr', 'first': 'August', 'last': 'Olsen'}, 'location': {'street': {'number': 6294, 'name': 'Nørrebro'}, 'city': 'Øster Assels', 'state': 'Syddanmark', 'country': 'Denmark', 'postcode': 96839, 'coordinates': {'latitude': '-45.5743', 'longitude': '-103.2173'}, 'timezone': {'offset': '+5:30', 'description': 'Bombay, Calcutta, Madras, New Delhi'}}, 'email': 'august.olsen@example.com', 'login': {'uuid': '1aba9fff-4b58-48f1-87ab-92f7aa3e9c95', 'username': 'purplepanda614', 'password': 'juan', 'salt': 'qQvIF0es', 'md5': '163355cefbac5e96dc092bdce8010f6d', 'sha1': '4ad585d8906a7db5e5d2d236db0623b67a91afa5', 'sha256': 'e52a484195425fd8b1f0ce346cd664a0efb12561d4e1f363ce2b5dbb1166400d'}, 'dob': {'date': '1952-06-09T03:29:56.302Z', 'age': 71}, 'registered': {'date': '2022-04-13T02:55:02.812Z', 'age': 2}, 'phone': '66296753', 'cell': '71299567', 'id': {'name': 'CPR', 'value': '080652-7054'}, 'picture': {'large': 'https://randomuser.me/api/portraits/men/49.jpg', 'medium': 'https://randomuser.me/api/portraits/med/men/49.jpg', 'thumbnail': 'https://randomuser.me/api/portraits/thumb/men/49.jpg'}, 'nat': 'DK'}</msg>
<arg>${json_data['results'][0]}</arg>
<doc>Logs the given message with the given level.</doc>
<status status="PASS" start="2024-06-04T07:14:35.015737" elapsed="0.000424"/>
</kw>
<kw name="Log" owner="BuiltIn">
<msg time="2024-06-04T07:14:35.016587" level="INFO">gender</msg>
<arg>${key}</arg>
<doc>Logs the given message with the given level.</doc>
<status status="PASS" start="2024-06-04T07:14:35.016459" elapsed="0.000166"/>
</kw>
<var name="${key}">gender</var>
<status status="PASS" start="2024-06-04T07:14:35.014874" elapsed="0.001964"/>
</iter>
<iter>
<kw name="Dictionary Should Contain Key" owner="Collections">
<msg time="2024-06-04T07:14:35.017526" level="INFO">False</msg>
<arg>${json_data['results'][0]}</arg>
<arg>${key}</arg>
<doc>Fails if ``key`` is not found from ``dictionary``.</doc>
<status status="PASS" start="2024-06-04T07:14:35.017137" elapsed="0.000427"/>
</kw>
<kw name="Log" owner="BuiltIn">
<msg time="2024-06-04T07:14:35.018248" level="INFO">{'gender': 'male', 'name': {'title': 'Mr', 'first': 'August', 'last': 'Olsen'}, 'location': {'street': {'number': 6294, 'name': 'Nørrebro'}, 'city': 'Øster Assels', 'state': 'Syddanmark', 'country': 'Denmark', 'postcode': 96839, 'coordinates': {'latitude': '-45.5743', 'longitude': '-103.2173'}, 'timezone': {'offset': '+5:30', 'description': 'Bombay, Calcutta, Madras, New Delhi'}}, 'email': 'august.olsen@example.com', 'login': {'uuid': '1aba9fff-4b58-48f1-87ab-92f7aa3e9c95', 'username': 'purplepanda614', 'password': 'juan', 'salt': 'qQvIF0es', 'md5': '163355cefbac5e96dc092bdce8010f6d', 'sha1': '4ad585d8906a7db5e5d2d236db0623b67a91afa5', 'sha256': 'e52a484195425fd8b1f0ce346cd664a0efb12561d4e1f363ce2b5dbb1166400d'}, 'dob': {'date': '1952-06-09T03:29:56.302Z', 'age': 71}, 'registered': {'date': '2022-04-13T02:55:02.812Z', 'age': 2}, 'phone': '66296753', 'cell': '71299567', 'id': {'name': 'CPR', 'value': '080652-7054'}, 'picture': {'large': 'https://randomuser.me/api/portraits/men/49.jpg', 'medium': 'https://randomuser.me/api/portraits/med/men/49.jpg', 'thumbnail': 'https://randomuser.me/api/portraits/thumb/men/49.jpg'}, 'nat': 'DK'}</msg>
<arg>${json_data['results'][0]}</arg>
<doc>Logs the given message with the given level.</doc>
<status status="PASS" start="2024-06-04T07:14:35.017888" elapsed="0.000421"/>
</kw>
<kw name="Log" owner="BuiltIn">
<msg time="2024-06-04T07:14:35.018750" level="INFO">name</msg>
<arg>${key}</arg>
<doc>Logs the given message with the given level.</doc>
<status status="PASS" start="2024-06-04T07:14:35.018607" elapsed="0.000181"/>
</kw>
<var name="${key}">name</var>
<status status="PASS" start="2024-06-04T07:14:35.017022" elapsed="0.002006"/>
</iter>
<iter>
<kw name="Dictionary Should Contain Key" owner="Collections">
<msg time="2024-06-04T07:14:35.019692" level="INFO">False</msg>
<arg>${json_data['results'][0]}</arg>
<arg>${key}</arg>
<doc>Fails if ``key`` is not found from ``dictionary``.</doc>
<status status="PASS" start="2024-06-04T07:14:35.019313" elapsed="0.000416"/>
</kw>
<kw name="Log" owner="BuiltIn">
<msg time="2024-06-04T07:14:35.020384" level="INFO">{'gender': 'male', 'name': {'title': 'Mr', 'first': 'August', 'last': 'Olsen'}, 'location': {'street': {'number': 6294, 'name': 'Nørrebro'}, 'city': 'Øster Assels', 'state': 'Syddanmark', 'country': 'Denmark', 'postcode': 96839, 'coordinates': {'latitude': '-45.5743', 'longitude': '-103.2173'}, 'timezone': {'offset': '+5:30', 'description': 'Bombay, Calcutta, Madras, New Delhi'}}, 'email': 'august.olsen@example.com', 'login': {'uuid': '1aba9fff-4b58-48f1-87ab-92f7aa3e9c95', 'username': 'purplepanda614', 'password': 'juan', 'salt': 'qQvIF0es', 'md5': '163355cefbac5e96dc092bdce8010f6d', 'sha1': '4ad585d8906a7db5e5d2d236db0623b67a91afa5', 'sha256': 'e52a484195425fd8b1f0ce346cd664a0efb12561d4e1f363ce2b5dbb1166400d'}, 'dob': {'date': '1952-06-09T03:29:56.302Z', 'age': 71}, 'registered': {'date': '2022-04-13T02:55:02.812Z', 'age': 2}, 'phone': '66296753', 'cell': '71299567', 'id': {'name': 'CPR', 'value': '080652-7054'}, 'picture': {'large': 'https://randomuser.me/api/portraits/men/49.jpg', 'medium': 'https://randomuser.me/api/portraits/med/men/49.jpg', 'thumbnail': 'https://randomuser.me/api/portraits/thumb/men/49.jpg'}, 'nat': 'DK'}</msg>
<arg>${json_data['results'][0]}</arg>
<doc>Logs the given message with the given level.</doc>
<status status="PASS" start="2024-06-04T07:14:35.020024" elapsed="0.000410"/>
</kw>
<kw name="Log" owner="BuiltIn">
<msg time="2024-06-04T07:14:35.020860" level="INFO">location</msg>
<arg>${key}</arg>
<doc>Logs the given message with the given level.</doc>
<status status="PASS" start="2024-06-04T07:14:35.020736" elapsed="0.000161"/>
</kw>
<var name="${key}">location</var>
<status status="PASS" start="2024-06-04T07:14:35.019203" elapsed="0.001905"/>
</iter>
<iter>
<kw name="Dictionary Should Contain Key" owner="Collections">
<msg time="2024-06-04T07:14:35.021782" level="INFO">False</msg>
<arg>${json_data['results'][0]}</arg>
<arg>${key}</arg>
<doc>Fails if ``key`` is not found from ``dictionary``.</doc>
<status status="PASS" start="2024-06-04T07:14:35.021394" elapsed="0.000425"/>
</kw>
<kw name="Log" owner="BuiltIn">
<msg time="2024-06-04T07:14:35.022468" level="INFO">{'gender': 'male', 'name': {'title': 'Mr', 'first': 'August', 'last': 'Olsen'}, 'location': {'street': {'number': 6294, 'name': 'Nørrebro'}, 'city': 'Øster Assels', 'state': 'Syddanmark', 'country': 'Denmark', 'postcode': 96839, 'coordinates': {'latitude': '-45.5743', 'longitude': '-103.2173'}, 'timezone': {'offset': '+5:30', 'description': 'Bombay, Calcutta, Madras, New Delhi'}}, 'email': 'august.olsen@example.com', 'login': {'uuid': '1aba9fff-4b58-48f1-87ab-92f7aa3e9c95', 'username': 'purplepanda614', 'password': 'juan', 'salt': 'qQvIF0es', 'md5': '163355cefbac5e96dc092bdce8010f6d', 'sha1': '4ad585d8906a7db5e5d2d236db0623b67a91afa5', 'sha256': 'e52a484195425fd8b1f0ce346cd664a0efb12561d4e1f363ce2b5dbb1166400d'}, 'dob': {'date': '1952-06-09T03:29:56.302Z', 'age': 71}, 'registered': {'date': '2022-04-13T02:55:02.812Z', 'age': 2}, 'phone': '66296753', 'cell': '71299567', 'id': {'name': 'CPR', 'value': '080652-7054'}, 'picture': {'large': 'https://randomuser.me/api/portraits/men/49.jpg', 'medium': 'https://randomuser.me/api/portraits/med/men/49.jpg', 'thumbnail': 'https://randomuser.me/api/portraits/thumb/men/49.jpg'}, 'nat': 'DK'}</msg>
<arg>${json_data['results'][0]}</arg>
<doc>Logs the given message with the given level.</doc>
<status status="PASS" start="2024-06-04T07:14:35.022108" elapsed="0.000410"/>
</kw>
<kw name="Log" owner="BuiltIn">
<msg time="2024-06-04T07:14:35.022974" level="INFO">email</msg>
<arg>${key}</arg>
<doc>Logs the given message with the given level.</doc>
<status status="PASS" start="2024-06-04T07:14:35.022831" elapsed="0.000181"/>
</kw>
<var name="${key}">email</var>
<status status="PASS" start="2024-06-04T07:14:35.021280" elapsed="0.001949"/>
</iter>
<iter>
<kw name="Dictionary Should Contain Key" owner="Collections">
<msg time="2024-06-04T07:14:35.023897" level="INFO">False</msg>
<arg>${json_data['results'][0]}</arg>
<arg>${key}</arg>
<doc>Fails if ``key`` is not found from ``dictionary``.</doc>
<status status="PASS" start="2024-06-04T07:14:35.023512" elapsed="0.000426"/>
</kw>
<kw name="Log" owner="BuiltIn">
<msg time="2024-06-04T07:14:35.024606" level="INFO">{'gender': 'male', 'name': {'title': 'Mr', 'first': 'August', 'last': 'Olsen'}, 'location': {'street': {'number': 6294, 'name': 'Nørrebro'}, 'city': 'Øster Assels', 'state': 'Syddanmark', 'country': 'Denmark', 'postcode': 96839, 'coordinates': {'latitude': '-45.5743', 'longitude': '-103.2173'}, 'timezone': {'offset': '+5:30', 'description': 'Bombay, Calcutta, Madras, New Delhi'}}, 'email': 'august.olsen@example.com', 'login': {'uuid': '1aba9fff-4b58-48f1-87ab-92f7aa3e9c95', 'username': 'purplepanda614', 'password': 'juan', 'salt': 'qQvIF0es', 'md5': '163355cefbac5e96dc092bdce8010f6d', 'sha1': '4ad585d8906a7db5e5d2d236db0623b67a91afa5', 'sha256': 'e52a484195425fd8b1f0ce346cd664a0efb12561d4e1f363ce2b5dbb1166400d'}, 'dob': {'date': '1952-06-09T03:29:56.302Z', 'age': 71}, 'registered': {'date': '2022-04-13T02:55:02.812Z', 'age': 2}, 'phone': '66296753', 'cell': '71299567', 'id': {'name': 'CPR', 'value': '080652-7054'}, 'picture': {'large': 'https://randomuser.me/api/portraits/men/49.jpg', 'medium': 'https://randomuser.me/api/portraits/med/men/49.jpg', 'thumbnail': 'https://randomuser.me/api/portraits/thumb/men/49.jpg'}, 'nat': 'DK'}</msg>
<arg>${json_data['results'][0]}</arg>
<doc>Logs the given message with the given level.</doc>
<status status="PASS" start="2024-06-04T07:14:35.024243" elapsed="0.000412"/>
</kw>
<kw name="Log" owner="BuiltIn">
<msg time="2024-06-04T07:14:35.025064" level="INFO">login</msg>
<arg>${key}</arg>
<doc>Logs the given message with the given level.</doc>
<status status="PASS" start="2024-06-04T07:14:35.024939" elapsed="0.000162"/>
</kw>
<var name="${key}">login</var>
<status status="PASS" start="2024-06-04T07:14:35.023402" elapsed="0.001911"/>
</iter>
<var>${key}</var>
<value>@{expected_keys}</value>
<status status="PASS" start="2024-06-04T07:14:35.014647" elapsed="0.010814"/>
</for>
<kw name="Create List" owner="BuiltIn">
<msg time="2024-06-04T07:14:35.025794" level="INFO">${expected_keysTwo} = ['username', 'password']</msg>
<var>${expected_keysTwo}</var>
<arg>username</arg>
<arg>password</arg>
<doc>Returns a list containing given items.</doc>
<status status="PASS" start="2024-06-04T07:14:35.025660" elapsed="0.000156"/>
</kw>
<for flavor="IN">
<iter>
<kw name="Dictionary Should Contain Key" owner="Collections">
<msg time="2024-06-04T07:14:35.026696" level="INFO">False</msg>
<arg>${json_data['results'][0]['login']}</arg>
<arg>${keyTwo}</arg>
<doc>Fails if ``key`` is not found from ``dictionary``.</doc>
<status status="PASS" start="2024-06-04T07:14:35.026307" elapsed="0.000424"/>
</kw>
<kw name="Dictionary Should Contain Key" owner="Collections">
<msg time="2024-06-04T07:14:35.027430" level="INFO">False</msg>
<arg>${json_data['results'][0]['login']}</arg>
<arg>${keyTwo}</arg>
<doc>Fails if ``key`` is not found from ``dictionary``.</doc>
<status status="PASS" start="2024-06-04T07:14:35.027055" elapsed="0.000412"/>
</kw>
<kw name="Log" owner="BuiltIn">
<msg time="2024-06-04T07:14:35.027901" level="INFO">username</msg>
<arg>${keyTwo}</arg>
<doc>Logs the given message with the given level.</doc>
<status status="PASS" start="2024-06-04T07:14:35.027766" elapsed="0.000174"/>
</kw>
<var name="${keyTwo}">username</var>
<status status="PASS" start="2024-06-04T07:14:35.026199" elapsed="0.001956"/>
</iter>
<iter>
<kw name="Dictionary Should Contain Key" owner="Collections">
<msg time="2024-06-04T07:14:35.028808" level="INFO">False</msg>
<arg>${json_data['results'][0]['login']}</arg>
<arg>${keyTwo}</arg>
<doc>Fails if ``key`` is not found from ``dictionary``.</doc>
<status status="PASS" start="2024-06-04T07:14:35.028435" elapsed="0.000409"/>
</kw>
<kw name="Dictionary Should Contain Key" owner="Collections">
<msg time="2024-06-04T07:14:35.029581" level="INFO">False</msg>
<arg>${json_data['results'][0]['login']}</arg>
<arg>${keyTwo}</arg>
<doc>Fails if ``key`` is not found from ``dictionary``.</doc>
<status status="PASS" start="2024-06-04T07:14:35.029130" elapsed="0.000489"/>
</kw>
<kw name="Log" owner="BuiltIn">
<msg time="2024-06-04T07:14:35.030035" level="INFO">password</msg>
<arg>${keyTwo}</arg>
<doc>Logs the given message with the given level.</doc>
<status status="PASS" start="2024-06-04T07:14:35.029910" elapsed="0.000161"/>
</kw>
<var name="${keyTwo}">password</var>
<status status="PASS" start="2024-06-04T07:14:35.028323" elapsed="0.001963"/>
</iter>
<var>${keyTwo}</var>
<value>@{expected_keysTwo}</value>
<status status="PASS" start="2024-06-04T07:14:35.026052" elapsed="0.004355"/>
</for>
<status status="PASS" start="2024-06-04T07:14:34.905616" elapsed="0.124928"/>
</kw>
<doc>Testa a estrutura da resposta da API.</doc>
<tag>testeEstruturaResposta</tag>
<status status="PASS" start="2024-06-04T07:14:34.905165" elapsed="0.125529"/>
</test>
<test id="s1-s1-t4" name="Validar tipos de dados" line="28">
<kw name="Teste de Tipos de Dados" owner="random-user-service">
<kw name="GET On Session" owner="RequestsLibrary">
<msg time="2024-06-04T07:14:35.104971" level="INFO">GET Request : url=https://randomuser.me/api 
 path_url=/api 
 headers={'User-Agent': 'python-requests/2.32.3', 'Accept-Encoding': 'gzip, deflate', 'Accept': '*/*', 'Connection': 'keep-alive'} 
 body=None 
 </msg>
<msg time="2024-06-04T07:14:35.105056" level="INFO">GET Response : url=https://randomuser.me/api 
 status=200, reason=OK 
 headers={'Date': 'Tue, 04 Jun 2024 07:14:35 GMT', 'Content-Type': 'application/json; charset=utf-8', 'Transfer-Encoding': 'chunked', 'Connection': 'keep-alive', 'X-Powered-By': 'Express', 'Access-Control-Allow-Origin': '*', 'Cache-Control': 'no-cache', 'ETag': 'W/"489-c/CMA/2Z6ODN1kjsIMvY+KimdAI"', 'Vary': 'Accept-Encoding', 'Content-Encoding': 'gzip', 'CF-Cache-Status': 'DYNAMIC', 'Report-To': '{"endpoints":[{"url":"https:\\/\\/a.nel.cloudflare.com\\/report\\/v4?s=XZm7NQDhpIyeams1d8MeXLKcRqNpZh4gtyzMo8qULN3sArjB%2BeeezS8kRRFU587uo32EVSHLB8om7utYvPTfNHELIFg2iq1iKCNl%2FvUf0OuPljNlSAUM%2FuQgU4om0JXC"}],"group":"cf-nel","max_age":604800}', 'NEL': '{"success_fraction":0,"report_to":"cf-nel","max_age":604800}', 'Server': 'cloudflare', 'CF-RAY': '88e62078fa39396d-IAD', 'alt-svc': 'h3=":443"; ma=86400'} 
 body={"results":[{"gender":"male","name":{"title":"Mr","first":"Elias","last":"Makela"},"location":{"street":{"number":4622,"name":"Korkeavuorenkatu"},"city":"Kalajoki","state":"Åland","country":"Finland","postcode":17238,"coordinates":{"latitude":"-28.5715","longitude":"-16.8386"},"timezone":{"offset":"-8:00","description":"Pacific Time (US &amp; Canada)"}},"email":"elias.makela@example.com","login":{"uuid":"482753f1-38dc-449d-bce5-bcbba20ed71b","username":"whitefrog755","password":"serenity","salt":"pI1WqKYo","md5":"598b80c72a66b32643121709026ad405","sha1":"fca1839e506dcca23e955ade50a452f8c2e7282e","sha256":"7bd29ff696dcc0251e17a7d5e3ca9fb812dd69557e1faec661c208afd26ebc2e"},"dob":{"date":"1987-05-17T16:02:54.293Z","age":37},"registered":{"date":"2016-12-27T04:35:11.075Z","age":7},"phone":"07-109-841","cell":"047-089-51-65","id":{"name":"HETU","value":"NaNNA183undefined"},"picture":{"large":"https://randomuser.me/api/portraits/men/74.jpg","medium":"https://randomuser.me/api/portraits/med/men/74.jpg","thumbnail":"https://randomuser.me/api/portraits/thumb/men/74.jpg"},"nat":"FI"}],"info":{"seed":"bb43d3adb7713bcb","results":1,"page":1,"version":"1.4"}} 
 </msg>
<msg time="2024-06-04T07:14:35.105146" level="INFO">/opt/hostedtoolcache/Python/3.12.3/x64/lib/python3.12/site-packages/urllib3/connectionpool.py:1103: InsecureRequestWarning: Unverified HTTPS request is being made to host 'randomuser.me'. Adding certificate verification is strongly advised. See: https://urllib3.readthedocs.io/en/latest/advanced-usage.html#tls-warnings
  warnings.warn(</msg>
<msg time="2024-06-04T07:14:35.105290" level="INFO">${response} = &lt;Response [200]&gt;</msg>
<var>${response}</var>
<arg>consultarAPI</arg>
<arg>/api</arg>
<doc>Sends a GET request on a previously created HTTP Session.</doc>
<status status="PASS" start="2024-06-04T07:14:35.033091" elapsed="0.072256"/>
</kw>
<kw name="Set Variable" owner="BuiltIn">
<msg time="2024-06-04T07:14:35.106148" level="INFO">${json_data} = {'results': [{'gender': 'male', 'name': {'title': 'Mr', 'first': 'Elias', 'last': 'Makela'}, 'location': {'street': {'number': 4622, 'name': 'Korkeavuorenkatu'}, 'city': 'Kalajoki', 'state': 'Åland', ...</msg>
<var>${json_data}</var>
<arg>${response.json()}</arg>
<doc>Returns the given values which can then be assigned to a variables.</doc>
<status status="PASS" start="2024-06-04T07:14:35.105698" elapsed="0.000479"/>
</kw>
<kw name="Log" owner="BuiltIn">
<msg time="2024-06-04T07:14:35.106632" level="INFO">{'results': [{'gender': 'male', 'name': {'title': 'Mr', 'first': 'Elias', 'last': 'Makela'}, 'location': {'street': {'number': 4622, 'name': 'Korkeavuorenkatu'}, 'city': 'Kalajoki', 'state': 'Åland', 'country': 'Finland', 'postcode': 17238, 'coordinates': {'latitude': '-28.5715', 'longitude': '-16.8386'}, 'timezone': {'offset': '-8:00', 'description': 'Pacific Time (US &amp; Canada)'}}, 'email': 'elias.makela@example.com', 'login': {'uuid': '482753f1-38dc-449d-bce5-bcbba20ed71b', 'username': 'whitefrog755', 'password': 'serenity', 'salt': 'pI1WqKYo', 'md5': '598b80c72a66b32643121709026ad405', 'sha1': 'fca1839e506dcca23e955ade50a452f8c2e7282e', 'sha256': '7bd29ff696dcc0251e17a7d5e3ca9fb812dd69557e1faec661c208afd26ebc2e'}, 'dob': {'date': '1987-05-17T16:02:54.293Z', 'age': 37}, 'registered': {'date': '2016-12-27T04:35:11.075Z', 'age': 7}, 'phone': '07-109-841', 'cell': '047-089-51-65', 'id': {'name': 'HETU', 'value': 'NaNNA183undefined'}, 'picture': {'large': 'https://randomuser.me/api/portraits/men/74.jpg', 'medium': 'https://randomuser.me/api/portraits/med/men/74.jpg', 'thumbnail': 'https://randomuser.me/api/portraits/thumb/men/74.jpg'}, 'nat': 'FI'}], 'info': {'seed': 'bb43d3adb7713bcb', 'results': 1, 'page': 1, 'version': '1.4'}}</msg>
<arg>${json_data}</arg>
<doc>Logs the given message with the given level.</doc>
<status status="PASS" start="2024-06-04T07:14:35.106479" elapsed="0.000233"/>
</kw>
<kw name="Should Be String" owner="String">
<arg>${json_data['results'][0]['gender']}</arg>
<doc>Fails if the given ``item`` is not a string.</doc>
<status status="PASS" start="2024-06-04T07:14:35.107053" elapsed="0.000359"/>
</kw>
<kw name="Should Match Regexp" owner="BuiltIn">
<arg>${json_data['results'][0]['email']}</arg>
<arg>^[a-zA-Z0-9._%+-]+@[a-zA-Z0-9.-]+\.[a-zA-Z]{2,}$</arg>
<doc>Fails if ``string`` does not match ``pattern`` as a regular expression.</doc>
<status status="PASS" start="2024-06-04T07:14:35.107601" elapsed="0.000508"/>
</kw>
<kw name="Should Match Regexp" owner="BuiltIn">
<arg>${json_data['results'][0]['dob']['date']}</arg>
<arg>\\d{4}-\\d{2}-\\d{2}T\\d{2}:\\d{2}:\\d{2}\\.\\d{3}Z</arg>
<doc>Fails if ``string`` does not match ``pattern`` as a regular expression.</doc>
<status status="PASS" start="2024-06-04T07:14:35.108304" elapsed="0.000485"/>
</kw>
<kw name="Should Match Regexp" owner="BuiltIn">
<arg>${json_data['results'][0]['registered']['date']}</arg>
<arg>\\d{4}-\\d{2}-\\d{2}T\\d{2}:\\d{2}:\\d{2}\\.\\d{3}Z</arg>
<doc>Fails if ``string`` does not match ``pattern`` as a regular expression.</doc>
<status status="PASS" start="2024-06-04T07:14:35.108981" elapsed="0.000369"/>
</kw>
<kw name="Should Match Regexp" owner="BuiltIn">
<arg>${json_data['results'][0]['picture']['large']}</arg>
<arg>^https?://.*\.(?:png|jpe?g|gif|bmp)$</arg>
<doc>Fails if ``string`` does not match ``pattern`` as a regular expression.</doc>
<status status="PASS" start="2024-06-04T07:14:35.109534" elapsed="0.000450"/>
</kw>
<kw name="Should Match Regexp" owner="BuiltIn">
<arg>${json_data['results'][0]['picture']['medium']}</arg>
<arg>^https?://.*\.(?:png|jpe?g|gif|bmp)$</arg>
<doc>Fails if ``string`` does not match ``pattern`` as a regular expression.</doc>
<status status="PASS" start="2024-06-04T07:14:35.110174" elapsed="0.000351"/>
</kw>
<kw name="Should Match Regexp" owner="BuiltIn">
<arg>${json_data['results'][0]['picture']['thumbnail']}</arg>
<arg>^https?://.*\.(?:png|jpe?g|gif|bmp)$</arg>
<doc>Fails if ``string`` does not match ``pattern`` as a regular expression.</doc>
<status status="PASS" start="2024-06-04T07:14:35.110708" elapsed="0.000367"/>
</kw>
<kw name="Log" owner="BuiltIn">
<msg time="2024-06-04T07:14:35.111596" level="INFO">{'large': 'https://randomuser.me/api/portraits/men/74.jpg', 'medium': 'https://randomuser.me/api/portraits/med/men/74.jpg', 'thumbnail': 'https://randomuser.me/api/portraits/thumb/men/74.jpg'}</msg>
<arg>${json_data['results'][0]['picture']}</arg>
<doc>Logs the given message with the given level.</doc>
<status status="PASS" start="2024-06-04T07:14:35.111266" elapsed="0.000370"/>
</kw>
<status status="PASS" start="2024-06-04T07:14:35.032866" elapsed="0.079026"/>
</kw>
<kw name="Teste de Tipos de Dados - Postcode" owner="random-user-service">
<kw name="GET On Session" owner="RequestsLibrary">
<msg time="2024-06-04T07:14:35.204762" level="INFO">GET Request : url=https://randomuser.me/api 
 path_url=/api 
 headers={'User-Agent': 'python-requests/2.32.3', 'Accept-Encoding': 'gzip, deflate', 'Accept': '*/*', 'Connection': 'keep-alive'} 
 body=None 
 </msg>
<msg time="2024-06-04T07:14:35.204845" level="INFO">GET Response : url=https://randomuser.me/api 
 status=200, reason=OK 
 headers={'Date': 'Tue, 04 Jun 2024 07:14:35 GMT', 'Content-Type': 'application/json; charset=utf-8', 'Transfer-Encoding': 'chunked', 'Connection': 'keep-alive', 'X-Powered-By': 'Express', 'Access-Control-Allow-Origin': '*', 'Cache-Control': 'no-cache', 'ETag': 'W/"495-oP4UG39Pk0yYAIplftjlbd/VdMI"', 'Vary': 'Accept-Encoding', 'Content-Encoding': 'gzip', 'CF-Cache-Status': 'DYNAMIC', 'Report-To': '{"endpoints":[{"url":"https:\\/\\/a.nel.cloudflare.com\\/report\\/v4?s=XhFOWEiNf67TDqy2ZoR36rbCEU4IgZnodhHZ8MEOJwgKh6RTUacjg3USq99BsPLRLlSd4kRztTh7tkVj2aiV9CsLY2TlqZOwrHuqH0ApvXAYK0pKqnOBjswihyJo2S3r"}],"group":"cf-nel","max_age":604800}', 'NEL': '{"success_fraction":0,"report_to":"cf-nel","max_age":604800}', 'Server': 'cloudflare', 'CF-RAY': '88e620797a9b396d-IAD', 'alt-svc': 'h3=":443"; ma=86400'} 
 body={"results":[{"gender":"male","name":{"title":"Mr","first":"Benjamín","last":"Delgado"},"location":{"street":{"number":3836,"name":"Continuación Jamaica"},"city":"Abraham González","state":"Oaxaca","country":"Mexico","postcode":60376,"coordinates":{"latitude":"29.1623","longitude":"-32.5653"},"timezone":{"offset":"-3:30","description":"Newfoundland"}},"email":"benjamin.delgado@example.com","login":{"uuid":"24567098-1a67-4a52-a694-b8c5b6100f95","username":"purpleelephant761","password":"gopher","salt":"gPzBOtkk","md5":"35897b62caafb1bfd11d85c8847a54b7","sha1":"97a05d143cba635fe3344b248b54602b3e4800df","sha256":"39f1782dd07d9db88e1372c07b02b1d07b6827bc300e043d35e387433bf4d8bb"},"dob":{"date":"1974-01-09T21:51:08.422Z","age":50},"registered":{"date":"2017-07-18T14:00:59.573Z","age":6},"phone":"(673) 000 9538","cell":"(631) 785 8746","id":{"name":"NSS","value":"89 98 39 7403 7"},"picture":{"large":"https://randomuser.me/api/portraits/men/37.jpg","medium":"https://randomuser.me/api/portraits/med/men/37.jpg","thumbnail":"https://randomuser.me/api/portraits/thumb/men/37.jpg"},"nat":"MX"}],"info":{"seed":"a3714b618ddfcf04","results":1,"page":1,"version":"1.4"}} 
 </msg>
<msg time="2024-06-04T07:14:35.204919" level="INFO">/opt/hostedtoolcache/Python/3.12.3/x64/lib/python3.12/site-packages/urllib3/connectionpool.py:1103: InsecureRequestWarning: Unverified HTTPS request is being made to host 'randomuser.me'. Adding certificate verification is strongly advised. See: https://urllib3.readthedocs.io/en/latest/advanced-usage.html#tls-warnings
  warnings.warn(</msg>
<msg time="2024-06-04T07:14:35.205057" level="INFO">${response} = &lt;Response [200]&gt;</msg>
<var>${response}</var>
<arg>consultarAPI</arg>
<arg>/api</arg>
<doc>Sends a GET request on a previously created HTTP Session.</doc>
<status status="PASS" start="2024-06-04T07:14:35.112317" elapsed="0.092795"/>
</kw>
<kw name="Set Variable" owner="BuiltIn">
<msg time="2024-06-04T07:14:35.205972" level="INFO">${json_data} = {'results': [{'gender': 'male', 'name': {'title': 'Mr', 'first': 'Benjamín', 'last': 'Delgado'}, 'location': {'street': {'number': 3836, 'name': 'Continuación Jamaica'}, 'city': 'Abraham González', 's...</msg>
<var>${json_data}</var>
<arg>${response.json()}</arg>
<doc>Returns the given values which can then be assigned to a variables.</doc>
<status status="PASS" start="2024-06-04T07:14:35.205524" elapsed="0.000478"/>
</kw>
<kw name="Log" owner="BuiltIn">
<msg time="2024-06-04T07:14:35.206464" level="INFO">{'results': [{'gender': 'male', 'name': {'title': 'Mr', 'first': 'Benjamín', 'last': 'Delgado'}, 'location': {'street': {'number': 3836, 'name': 'Continuación Jamaica'}, 'city': 'Abraham González', 'state': 'Oaxaca', 'country': 'Mexico', 'postcode': 60376, 'coordinates': {'latitude': '29.1623', 'longitude': '-32.5653'}, 'timezone': {'offset': '-3:30', 'description': 'Newfoundland'}}, 'email': 'benjamin.delgado@example.com', 'login': {'uuid': '24567098-1a67-4a52-a694-b8c5b6100f95', 'username': 'purpleelephant761', 'password': 'gopher', 'salt': 'gPzBOtkk', 'md5': '35897b62caafb1bfd11d85c8847a54b7', 'sha1': '97a05d143cba635fe3344b248b54602b3e4800df', 'sha256': '39f1782dd07d9db88e1372c07b02b1d07b6827bc300e043d35e387433bf4d8bb'}, 'dob': {'date': '1974-01-09T21:51:08.422Z', 'age': 50}, 'registered': {'date': '2017-07-18T14:00:59.573Z', 'age': 6}, 'phone': '(673) 000 9538', 'cell': '(631) 785 8746', 'id': {'name': 'NSS', 'value': '89 98 39 7403 7'}, 'picture': {'large': 'https://randomuser.me/api/portraits/men/37.jpg', 'medium': 'https://randomuser.me/api/portraits/med/men/37.jpg', 'thumbnail': 'https://randomuser.me/api/portraits/thumb/men/37.jpg'}, 'nat': 'MX'}], 'info': {'seed': 'a3714b618ddfcf04', 'results': 1, 'page': 1, 'version': '1.4'}}</msg>
<arg>${json_data}</arg>
<doc>Logs the given message with the given level.</doc>
<status status="PASS" start="2024-06-04T07:14:35.206308" elapsed="0.000234"/>
</kw>
<kw name="Should Be Equal As Numbers" owner="BuiltIn">
<arg>${json_data['results'][0]['location']['postcode']}</arg>
<arg>${json_data['results'][0]['location']['postcode']}</arg>
<doc>Fails if objects are unequal after converting them to real numbers.</doc>
<status status="PASS" start="2024-06-04T07:14:35.206871" elapsed="0.000741"/>
</kw>
<kw name="Log" owner="BuiltIn">
<msg time="2024-06-04T07:14:35.208137" level="INFO">60376</msg>
<arg>${json_data['results'][0]['location']['postcode']}</arg>
<doc>Logs the given message with the given level.</doc>
<status status="PASS" start="2024-06-04T07:14:35.207804" elapsed="0.000373"/>
</kw>
<status status="PASS" start="2024-06-04T07:14:35.112102" elapsed="0.096324"/>
</kw>
<doc>Testa se os tipos de dados na resposta da API estão corretos.</doc>
<tag>testeTiposDados</tag>
<status status="PASS" start="2024-06-04T07:14:35.032441" elapsed="0.176141"/>
</test>
<test id="s1-s1-t5" name="Validar conteudo" line="35">
<kw name="Teste de Tipos de Conteudo" owner="random-user-service">
<kw name="GET On Session" owner="RequestsLibrary">
<msg time="2024-06-04T07:14:35.296095" level="INFO">GET Request : url=https://randomuser.me/api 
 path_url=/api 
 headers={'User-Agent': 'python-requests/2.32.3', 'Accept-Encoding': 'gzip, deflate', 'Accept': '*/*', 'Connection': 'keep-alive'} 
 body=None 
 </msg>
<msg time="2024-06-04T07:14:35.296179" level="INFO">GET Response : url=https://randomuser.me/api 
 status=200, reason=OK 
 headers={'Date': 'Tue, 04 Jun 2024 07:14:35 GMT', 'Content-Type': 'application/json; charset=utf-8', 'Transfer-Encoding': 'chunked', 'Connection': 'keep-alive', 'X-Powered-By': 'Express', 'Access-Control-Allow-Origin': '*', 'Cache-Control': 'no-cache', 'ETag': 'W/"487-cuBGhU1PEzn9y3ht5D9iMydNztk"', 'Vary': 'Accept-Encoding', 'Content-Encoding': 'gzip', 'CF-Cache-Status': 'DYNAMIC', 'Report-To': '{"endpoints":[{"url":"https:\\/\\/a.nel.cloudflare.com\\/report\\/v4?s=RcsVkrYGrZkBVV0SHLy%2BTyfC4S%2BHKm0z5c0kzX649UdkDONyCUVM5D8Ng9n33N2g1q%2BgUqkPxICt9Lkno0QNBc7mlriGOhBRumOCqOJdlzz2w37T%2B2zwo%2BWXq24qkxVG"}],"group":"cf-nel","max_age":604800}', 'NEL': '{"success_fraction":0,"report_to":"cf-nel","max_age":604800}', 'Server': 'cloudflare', 'CF-RAY': '88e6207a1b10396d-IAD', 'alt-svc': 'h3=":443"; ma=86400'} 
 body={"results":[{"gender":"female","name":{"title":"Ms","first":"Annette","last":"Newman"},"location":{"street":{"number":6370,"name":"Brown Terrace"},"city":"Traralgon","state":"South Australia","country":"Australia","postcode":7168,"coordinates":{"latitude":"-84.5519","longitude":"1.7307"},"timezone":{"offset":"-3:30","description":"Newfoundland"}},"email":"annette.newman@example.com","login":{"uuid":"0aa5a0e9-fabb-4eba-82b7-3e6a6d813c85","username":"heavyelephant914","password":"planet","salt":"ORS4UMUj","md5":"56cf5cd561cd594f9e97aa332a8bb312","sha1":"d4722390cd1ad343fdc4ca1372170a6fa1a434b2","sha256":"3f477f67d91e0b38ed3a221aaa3778a790dc4db8af77c6221e45f04af78629d7"},"dob":{"date":"1967-10-10T09:03:31.720Z","age":56},"registered":{"date":"2015-07-04T10:59:04.781Z","age":8},"phone":"08-5028-5361","cell":"0476-801-707","id":{"name":"TFN","value":"926542584"},"picture":{"large":"https://randomuser.me/api/portraits/women/40.jpg","medium":"https://randomuser.me/api/portraits/med/women/40.jpg","thumbnail":"https://randomuser.me/api/portraits/thumb/women/40.jpg"},"nat":"AU"}],"info":{"seed":"f7309805dab4bb67","results":1,"page":1,"version":"1.4"}} 
 </msg>
<msg time="2024-06-04T07:14:35.296249" level="INFO">/opt/hostedtoolcache/Python/3.12.3/x64/lib/python3.12/site-packages/urllib3/connectionpool.py:1103: InsecureRequestWarning: Unverified HTTPS request is being made to host 'randomuser.me'. Adding certificate verification is strongly advised. See: https://urllib3.readthedocs.io/en/latest/advanced-usage.html#tls-warnings
  warnings.warn(</msg>
<msg time="2024-06-04T07:14:35.296360" level="INFO">${response} = &lt;Response [200]&gt;</msg>
<var>${response}</var>
<arg>consultarAPI</arg>
<arg>/api</arg>
<doc>Sends a GET request on a previously created HTTP Session.</doc>
<status status="PASS" start="2024-06-04T07:14:35.211796" elapsed="0.084603"/>
</kw>
<kw name="Set Variable" owner="BuiltIn">
<msg time="2024-06-04T07:14:35.297245" level="INFO">${json_data} = {'results': [{'gender': 'female', 'name': {'title': 'Ms', 'first': 'Annette', 'last': 'Newman'}, 'location': {'street': {'number': 6370, 'name': 'Brown Terrace'}, 'city': 'Traralgon', 'state': 'South ...</msg>
<var>${json_data}</var>
<arg>${response.json()}</arg>
<doc>Returns the given values which can then be assigned to a variables.</doc>
<status status="PASS" start="2024-06-04T07:14:35.296811" elapsed="0.000462"/>
</kw>
<kw name="Set Variable" owner="BuiltIn">
<msg time="2024-06-04T07:14:35.297948" level="INFO">${name_title} = Ms</msg>
<var>${name_title}</var>
<arg>${json_data["results"][0]["name"]["title"]}</arg>
<doc>Returns the given values which can then be assigned to a variables.</doc>
<status status="PASS" start="2024-06-04T07:14:35.297572" elapsed="0.000401"/>
</kw>
<kw name="Create List" owner="BuiltIn">
<msg time="2024-06-04T07:14:35.298410" level="INFO">${allowed_titles} = ['Mr', 'Ms', 'Miss', 'Mrs', 'Madame', 'Monsieur']</msg>
<var>${allowed_titles}</var>
<arg>Mr</arg>
<arg>Ms</arg>
<arg>Miss</arg>
<arg>Mrs</arg>
<arg>Madame</arg>
<arg>Monsieur</arg>
<doc>Returns a list containing given items.</doc>
<status status="PASS" start="2024-06-04T07:14:35.298266" elapsed="0.000168"/>
</kw>
<kw name="List Should Contain Value" owner="Collections">
<msg time="2024-06-04T07:14:35.298941" level="INFO">False</msg>
<arg>${allowed_titles}</arg>
<arg>${name_title}</arg>
<doc>Fails if the ``value`` is not found from ``list``.</doc>
<status status="PASS" start="2024-06-04T07:14:35.298732" elapsed="0.000245"/>
</kw>
<kw name="Set Variable" owner="BuiltIn">
<msg time="2024-06-04T07:14:35.299640" level="INFO">${name_country} = AU</msg>
<var>${name_country}</var>
<arg>${json_data["results"][0]["nat"]}</arg>
<doc>Returns the given values which can then be assigned to a variables.</doc>
<status status="PASS" start="2024-06-04T07:14:35.299270" elapsed="0.000395"/>
</kw>
<kw name="Create List" owner="BuiltIn">
<msg time="2024-06-04T07:14:35.300559" level="INFO">${list_country} = ['AD', 'AE', 'AF', 'AG', 'AI', 'AL', 'AM', 'AO', 'AQ', 'AR', 'AS', 'AT', 'AU', 'AW', 'AX', 'AZ', 'BA', 'BB', 'BD', 'BE', 'BF', 'BG', 'BH', 'BI', 'BJ', 'BL', 'BM', 'BN', 'BO', 'BQ', 'BR', 'BS', 'BT', '...</msg>
<var>${list_country}</var>
<arg>AD</arg>
<arg>AE</arg>
<arg>AF</arg>
<arg>AG</arg>
<arg>AI</arg>
<arg>AL</arg>
<arg>AM</arg>
<arg>AO</arg>
<arg>AQ</arg>
<arg>AR</arg>
<arg>AS</arg>
<arg>AT</arg>
<arg>AU</arg>
<arg>AW</arg>
<arg>AX</arg>
<arg>AZ</arg>
<arg>BA</arg>
<arg>BB</arg>
<arg>BD</arg>
<arg>BE</arg>
<arg>BF</arg>
<arg>BG</arg>
<arg>BH</arg>
<arg>BI</arg>
<arg>BJ</arg>
<arg>BL</arg>
<arg>BM</arg>
<arg>BN</arg>
<arg>BO</arg>
<arg>BQ</arg>
<arg>BR</arg>
<arg>BS</arg>
<arg>BT</arg>
<arg>BV</arg>
<arg>BW</arg>
<arg>BY</arg>
<arg>BZ</arg>
<arg>CA</arg>
<arg>CC</arg>
<arg>CD</arg>
<arg>CF</arg>
<arg>CG</arg>
<arg>CH</arg>
<arg>CI</arg>
<arg>CK</arg>
<arg>CL</arg>
<arg>CM</arg>
<arg>CN</arg>
<arg>CO</arg>
<arg>CR</arg>
<arg>CU</arg>
<arg>CV</arg>
<arg>CW</arg>
<arg>CX</arg>
<arg>CY</arg>
<arg>CZ</arg>
<arg>DE</arg>
<arg>DJ</arg>
<arg>DK</arg>
<arg>DM</arg>
<arg>DO</arg>
<arg>DZ</arg>
<arg>EC</arg>
<arg>EE</arg>
<arg>EG</arg>
<arg>EH</arg>
<arg>ER</arg>
<arg>ES</arg>
<arg>ET</arg>
<arg>FI</arg>
<arg>FJ</arg>
<arg>FK</arg>
<arg>FM</arg>
<arg>FO</arg>
<arg>FR</arg>
<arg>GA</arg>
<arg>GB</arg>
<arg>GD</arg>
<arg>GE</arg>
<arg>GF</arg>
<arg>GG</arg>
<arg>GH</arg>
<arg>GI</arg>
<arg>GL</arg>
<arg>GM</arg>
<arg>GN</arg>
<arg>GP</arg>
<arg>GQ</arg>
<arg>GR</arg>
<arg>GS</arg>
<arg>GT</arg>
<arg>GU</arg>
<arg>GW</arg>
<arg>GY</arg>
<arg>HK</arg>
<arg>HM</arg>
<arg>HN</arg>
<arg>HR</arg>
<arg>HT</arg>
<arg>HU</arg>
<arg>ID</arg>
<arg>IE</arg>
<arg>IL</arg>
<arg>IM</arg>
<arg>IN</arg>
<arg>IO</arg>
<arg>IQ</arg>
<arg>IR</arg>
<arg>IS</arg>
<arg>IT</arg>
<arg>JE</arg>
<arg>JM</arg>
<arg>JO</arg>
<arg>JP</arg>
<arg>KE</arg>
<arg>KG</arg>
<arg>KH</arg>
<arg>KI</arg>
<arg>KM</arg>
<arg>KN</arg>
<arg>KP</arg>
<arg>KR</arg>
<arg>KW</arg>
<arg>KY</arg>
<arg>KZ</arg>
<arg>LA</arg>
<arg>LB</arg>
<arg>LC</arg>
<arg>LI</arg>
<arg>LK</arg>
<arg>LR</arg>
<arg>LS</arg>
<arg>LT</arg>
<arg>LU</arg>
<arg>LV</arg>
<arg>LY</arg>
<arg>MA</arg>
<arg>MC</arg>
<arg>MD</arg>
<arg>ME</arg>
<arg>MF</arg>
<arg>MG</arg>
<arg>MH</arg>
<arg>MK</arg>
<arg>ML</arg>
<arg>MM</arg>
<arg>MN</arg>
<arg>MO</arg>
<arg>MP</arg>
<arg>MQ</arg>
<arg>MR</arg>
<arg>MS</arg>
<arg>MT</arg>
<arg>MU</arg>
<arg>MV</arg>
<arg>MW</arg>
<arg>MX</arg>
<arg>MY</arg>
<arg>MZ</arg>
<arg>NA</arg>
<arg>NC</arg>
<arg>NE</arg>
<arg>NF</arg>
<arg>NG</arg>
<arg>NI</arg>
<arg>NL</arg>
<arg>NO</arg>
<arg>NP</arg>
<arg>NR</arg>
<arg>NU</arg>
<arg>NZ</arg>
<arg>OM</arg>
<arg>PA</arg>
<arg>PE</arg>
<arg>PF</arg>
<arg>PG</arg>
<arg>PH</arg>
<arg>PK</arg>
<arg>PL</arg>
<arg>PM</arg>
<arg>PN</arg>
<arg>PR</arg>
<arg>PS</arg>
<arg>PT</arg>
<arg>PW</arg>
<arg>PY</arg>
<arg>QA</arg>
<arg>RE</arg>
<arg>RO</arg>
<arg>RS</arg>
<arg>RU</arg>
<arg>RW</arg>
<arg>SA</arg>
<arg>SB</arg>
<arg>SC</arg>
<arg>SD</arg>
<arg>SE</arg>
<arg>SG</arg>
<arg>SH</arg>
<arg>SI</arg>
<arg>SJ</arg>
<arg>SK</arg>
<arg>SL</arg>
<arg>SM</arg>
<arg>SN</arg>
<arg>SO</arg>
<arg>SR</arg>
<arg>SS</arg>
<arg>ST</arg>
<arg>SV</arg>
<arg>SX</arg>
<arg>SY</arg>
<arg>SZ</arg>
<arg>TC</arg>
<arg>TD</arg>
<arg>TF</arg>
<arg>TG</arg>
<arg>TH</arg>
<arg>TJ</arg>
<arg>TK</arg>
<arg>TL</arg>
<arg>TM</arg>
<arg>TN</arg>
<arg>TO</arg>
<arg>TR</arg>
<arg>TT</arg>
<arg>TV</arg>
<arg>TW</arg>
<arg>TZ</arg>
<arg>UA</arg>
<arg>UG</arg>
<arg>UM</arg>
<arg>US</arg>
<arg>UY</arg>
<arg>UZ</arg>
<arg>VA</arg>
<arg>VC</arg>
<arg>VE</arg>
<arg>VG</arg>
<arg>VI</arg>
<arg>VN</arg>
<arg>VU</arg>
<arg>WF</arg>
<arg>WS</arg>
<arg>XK</arg>
<arg>YE</arg>
<arg>YT</arg>
<arg>ZA</arg>
<arg>ZM</arg>
<arg>ZW</arg>
<doc>Returns a list containing given items.</doc>
<status status="PASS" start="2024-06-04T07:14:35.299964" elapsed="0.000620"/>
</kw>
<kw name="List Should Contain Value" owner="Collections">
<msg time="2024-06-04T07:14:35.301563" level="INFO">False</msg>
<arg>${list_country}</arg>
<arg>${name_country}</arg>
<doc>Fails if the ``value`` is not found from ``list``.</doc>
<status status="PASS" start="2024-06-04T07:14:35.301358" elapsed="0.000241"/>
</kw>
<kw name="Run Keyword If" owner="BuiltIn">
<kw name="Should Be True" owner="BuiltIn">
<arg>${True}</arg>
<doc>Fails if the given condition is not true.</doc>
<status status="PASS" start="2024-06-04T07:14:35.302642" elapsed="0.000141"/>
</kw>
<arg>${json_data["results"][0]["location"]["coordinates"]["latitude"]} &gt;= -90 and ${json_data["results"][0]["location"]["coordinates"]["latitude"]} &lt;= 90</arg>
<arg>Should Be True</arg>
<arg>${True}</arg>
<doc>Runs the given keyword with the given arguments, if ``condition`` is true.</doc>
<status status="PASS" start="2024-06-04T07:14:35.301905" elapsed="0.001026"/>
</kw>
<kw name="Run Keyword If" owner="BuiltIn">
<kw name="Should Be True" owner="BuiltIn">
<arg>${True}</arg>
<doc>Fails if the given condition is not true.</doc>
<status status="PASS" start="2024-06-04T07:14:35.303813" elapsed="0.000239"/>
</kw>
<arg>${json_data["results"][0]["location"]["coordinates"]["longitude"]} &gt;= -180 and ${json_data["results"][0]["location"]["coordinates"]["longitude"]} &lt;= 180</arg>
<arg>Should Be True</arg>
<arg>${True}</arg>
<doc>Runs the given keyword with the given arguments, if ``condition`` is true.</doc>
<status status="PASS" start="2024-06-04T07:14:35.303114" elapsed="0.001063"/>
</kw>
<status status="PASS" start="2024-06-04T07:14:35.211423" elapsed="0.092881"/>
</kw>
<doc>Testa o conteúdo específico dos campos retornados pela API.</doc>
<tag>testeConteudo</tag>
<status status="PASS" start="2024-06-04T07:14:35.210718" elapsed="0.093723"/>
</test>
<status status="PASS" start="2024-06-04T07:14:34.481878" elapsed="0.824449"/>
</suite>
<status status="PASS" start="2024-06-04T07:14:34.468195" elapsed="0.843338"/>
</suite>
<statistics>
<total>
<stat pass="5" fail="0" skip="0">All Tests</stat>
</total>
<tag>
<stat pass="1" fail="0" skip="0">testeConteudo</stat>
<stat pass="1" fail="0" skip="0">testeEstruturaResposta</stat>
<stat pass="1" fail="0" skip="0">testeRequisicaoBasica</stat>
<stat pass="1" fail="0" skip="0">testeTiposDados</stat>
</tag>
<suite>
<stat pass="5" fail="0" skip="0" id="s1" name="Tests">Tests</stat>
<stat pass="5" fail="0" skip="0" id="s1-s1" name="Random-User-Test">Tests.Random-User-Test</stat>
</suite>
</statistics>
<errors>
</errors>
</robot>
