<?xml version="1.0" encoding="UTF-8"?>
<robot generator="Robot 7.0 (Python 3.12.3 on linux)" generated="2024-05-31T18:18:58.819965" rpa="false" schemaversion="5">
<suite id="s1" name="Tests" source="/home/runner/work/ApiRandomUser/ApiRandomUser/RamdonUser/tests">
<suite id="s1-s1" name="Random-User-Test" source="/home/runner/work/ApiRandomUser/ApiRandomUser/RamdonUser/tests/random-user-test.robot">
<test id="s1-s1-t1" name="Conectar" line="13">
<kw name="Conectar API" owner="random-user-service">
<kw name="Create Session" owner="RequestsLibrary">
<msg time="2024-05-31T18:18:59.214988" level="INFO">Creating Session using : alias=consultarAPI, url=https://randomuser.me/, headers={},                     cookies={}, auth=None, timeout=None, proxies=None, verify=False,                     debug=0 </msg>
<arg>consultarAPI</arg>
<arg>${URL}</arg>
<doc>Create Session: create a HTTP session to a server</doc>
<status status="PASS" start="2024-05-31T18:18:59.214777" elapsed="0.000397"/>
</kw>
<status status="PASS" start="2024-05-31T18:18:59.213711" elapsed="0.001858"/>
</kw>
<status status="PASS" start="2024-05-31T18:18:59.213126" elapsed="0.002637"/>
</test>
<test id="s1-s1-t2" name="Validar retorno 200 e JSON Válido" line="16">
<kw name="Teste de Requisicao Basica" owner="random-user-service">
<kw name="GET On Session" owner="RequestsLibrary">
<msg time="2024-05-31T18:18:59.399347" level="INFO">GET Request : url=https://randomuser.me/api 
 path_url=/api 
 headers={'User-Agent': 'python-requests/2.32.3', 'Accept-Encoding': 'gzip, deflate', 'Accept': '*/*', 'Connection': 'keep-alive'} 
 body=None 
 </msg>
<msg time="2024-05-31T18:18:59.399532" level="INFO">GET Response : url=https://randomuser.me/api 
 status=200, reason=OK 
 headers={'Date': 'Fri, 31 May 2024 18:18:59 GMT', 'Content-Type': 'application/json; charset=utf-8', 'Transfer-Encoding': 'chunked', 'Connection': 'keep-alive', 'X-Powered-By': 'Express', 'Access-Control-Allow-Origin': '*', 'Cache-Control': 'no-cache', 'ETag': 'W/"491-UNXJnP+rdwRENeLyZX2UzG+9aFI"', 'Vary': 'Accept-Encoding', 'Content-Encoding': 'gzip', 'CF-Cache-Status': 'DYNAMIC', 'Report-To': '{"endpoints":[{"url":"https:\\/\\/a.nel.cloudflare.com\\/report\\/v4?s=K1Q9VuwPuG51II7pJ1ZfAUebAvyorjb6lAtIUjGyjhYpuh6TixrO5ww1bl72sQyFgG0eR6SrCW9ukB6BJi7FZLTCyP220K5Af5ixLBdYjOInauzZzE6%2B8pMkiDuxr3kP"}],"group":"cf-nel","max_age":604800}', 'NEL': '{"success_fraction":0,"report_to":"cf-nel","max_age":604800}', 'Server': 'cloudflare', 'CF-RAY': '88c8f839098d07c9-IAD', 'alt-svc': 'h3=":443"; ma=86400'} 
 body={"results":[{"gender":"female","name":{"title":"Miss","first":"Özsu","last":"Sinanoğlu"},"location":{"street":{"number":6542,"name":"Abanoz Sk"},"city":"Tunceli","state":"Ordu","country":"Turkey","postcode":67665,"coordinates":{"latitude":"64.5900","longitude":"87.6755"},"timezone":{"offset":"+3:00","description":"Baghdad, Riyadh, Moscow, St. Petersburg"}},"email":"ozsu.sinanoglu@example.com","login":{"uuid":"db08a6ca-a0f2-4a86-88f9-6d51d342f405","username":"organicgorilla843","password":"yamahar1","salt":"a0jOHyXH","md5":"3d173f1ce1985253dc0524a400f44bb3","sha1":"a0a96a1db3b32e525b986f4b7e18cf172e109256","sha256":"9083769f5113f6e1639a07b908d5784943856baefe22dc342b06ce1bcb4074f6"},"dob":{"date":"1962-10-30T17:51:32.751Z","age":61},"registered":{"date":"2004-01-11T15:19:39.197Z","age":20},"phone":"(221)-920-3372","cell":"(937)-978-6464","id":{"name":"","value":null},"picture":{"large":"https://randomuser.me/api/portraits/women/81.jpg","medium":"https://randomuser.me/api/portraits/med/women/81.jpg","thumbnail":"https://randomuser.me/api/portraits/thumb/women/81.jpg"},"nat":"TR"}],"info":{"seed":"46347cc8ef78cbde","results":1,"page":1,"version":"1.4"}} 
 </msg>
<msg time="2024-05-31T18:18:59.399640" level="INFO">/opt/hostedtoolcache/Python/3.12.3/x64/lib/python3.12/site-packages/urllib3/connectionpool.py:1103: InsecureRequestWarning: Unverified HTTPS request is being made to host 'randomuser.me'. Adding certificate verification is strongly advised. See: https://urllib3.readthedocs.io/en/latest/advanced-usage.html#tls-warnings
  warnings.warn(</msg>
<msg time="2024-05-31T18:18:59.399792" level="INFO">${response} = &lt;Response [200]&gt;</msg>
<var>${response}</var>
<arg>consultarAPI</arg>
<arg>/api</arg>
<doc>Sends a GET request on a previously created HTTP Session.</doc>
<status status="PASS" start="2024-05-31T18:18:59.218367" elapsed="0.181469"/>
</kw>
<kw name="Should Be Equal As Numbers" owner="BuiltIn">
<msg time="2024-05-31T18:18:59.401026" level="INFO">Argument types are:
&lt;class 'int'&gt;
&lt;class 'str'&gt;</msg>
<arg>${response.status_code}</arg>
<arg>200</arg>
<doc>Fails if objects are unequal after converting them to real numbers.</doc>
<status status="PASS" start="2024-05-31T18:18:59.400506" elapsed="0.000588"/>
</kw>
<kw name="Log" owner="BuiltIn">
<msg time="2024-05-31T18:18:59.401783" level="INFO">200</msg>
<arg>${response.status_code}</arg>
<doc>Logs the given message with the given level.</doc>
<status status="PASS" start="2024-05-31T18:18:59.401437" elapsed="0.000395"/>
</kw>
<kw name="Set Variable" owner="BuiltIn">
<msg time="2024-05-31T18:18:59.402581" level="INFO">${json_data} = {'results': [{'gender': 'female', 'name': {'title': 'Miss', 'first': 'Özsu', 'last': 'Sinanoğlu'}, 'location': {'street': {'number': 6542, 'name': 'Abanoz Sk'}, 'city': 'Tunceli', 'state': 'Ordu', 'co...</msg>
<var>${json_data}</var>
<arg>${response.json()}</arg>
<doc>Returns the given values which can then be assigned to a variables.</doc>
<status status="PASS" start="2024-05-31T18:18:59.402139" elapsed="0.000473"/>
</kw>
<kw name="Dictionary Should Contain Key" owner="Collections">
<msg time="2024-05-31T18:18:59.403094" level="INFO">False</msg>
<arg>${json_data}</arg>
<arg>results</arg>
<doc>Fails if ``key`` is not found from ``dictionary``.</doc>
<status status="PASS" start="2024-05-31T18:18:59.402919" elapsed="0.000398"/>
</kw>
<status status="PASS" start="2024-05-31T18:18:59.218124" elapsed="0.185475"/>
</kw>
<doc>Testa se a API responde corretamente e retorna um objeto JSON válido.</doc>
<tag>testeRequisicaoBasica</tag>
<status status="PASS" start="2024-05-31T18:18:59.217650" elapsed="0.186134"/>
</test>
<test id="s1-s1-t3" name="Validar estrutura de resposta" line="22">
<kw name="Teste de Estrutura de Resposta" owner="random-user-service">
<kw name="GET On Session" owner="RequestsLibrary">
<msg time="2024-05-31T18:18:59.506231" level="INFO">GET Request : url=https://randomuser.me/api 
 path_url=/api 
 headers={'User-Agent': 'python-requests/2.32.3', 'Accept-Encoding': 'gzip, deflate', 'Accept': '*/*', 'Connection': 'keep-alive'} 
 body=None 
 </msg>
<msg time="2024-05-31T18:18:59.506383" level="INFO">GET Response : url=https://randomuser.me/api 
 status=200, reason=OK 
 headers={'Date': 'Fri, 31 May 2024 18:18:59 GMT', 'Content-Type': 'application/json; charset=utf-8', 'Transfer-Encoding': 'chunked', 'Connection': 'keep-alive', 'X-Powered-By': 'Express', 'Access-Control-Allow-Origin': '*', 'Cache-Control': 'no-cache', 'ETag': 'W/"4d5-QCaZutFJbMXg0hRuEXONw9ZPTn4"', 'Vary': 'Accept-Encoding', 'Content-Encoding': 'gzip', 'CF-Cache-Status': 'DYNAMIC', 'Report-To': '{"endpoints":[{"url":"https:\\/\\/a.nel.cloudflare.com\\/report\\/v4?s=qhq6rTm0oa2Hx67sD%2BEWzipUtMefPJ7ghlD15ieJhIqbcpK1bBiIS4ylDivnqMxI%2Bxr5aiuML3HrwkyXVLdZkLENCnpa6Yof2SogI%2BdjjasDi3GpsJ%2BBoEfgV4P2O2rD"}],"group":"cf-nel","max_age":604800}', 'NEL': '{"success_fraction":0,"report_to":"cf-nel","max_age":604800}', 'Server': 'cloudflare', 'CF-RAY': '88c8f83959e907c9-IAD', 'alt-svc': 'h3=":443"; ma=86400'} 
 body={"results":[{"gender":"female","name":{"title":"Mademoiselle","first":"Cynthia","last":"Lefebvre"},"location":{"street":{"number":3836,"name":"Rue de L'Abbé-Soulange-Bodin"},"city":"Sils im Engadin/Segl","state":"Uri","country":"Switzerland","postcode":9551,"coordinates":{"latitude":"-61.4868","longitude":"78.7392"},"timezone":{"offset":"0:00","description":"Western Europe Time, London, Lisbon, Casablanca"}},"email":"cynthia.lefebvre@example.com","login":{"uuid":"384769dd-bf73-423f-8509-de9261f4e052","username":"organicsnake942","password":"123456789","salt":"9Blkp8du","md5":"a5f85b0e34d6881ed6672f08e4488fb3","sha1":"c7ea4dedcdc5cf0d01e4abfc8eaee4fd475a5fd5","sha256":"a0da8620bb5da4f3a18a3c8443fe21e3e8ffcabb7f2bc0da09f2a981ae9282be"},"dob":{"date":"1976-12-19T01:34:56.354Z","age":47},"registered":{"date":"2005-01-29T19:40:57.544Z","age":19},"phone":"076 803 14 28","cell":"079 150 29 55","id":{"name":"AVS","value":"756.3564.4453.71"},"picture":{"large":"https://randomuser.me/api/portraits/women/38.jpg","medium":"https://randomuser.me/api/portraits/med/women/38.jpg","thumbnail":"https://randomuser.me/api/portraits/thumb/women/38.jpg"},"nat":"CH"}],"info":{"seed":"a15a3c31efb0aa0b","results":1,"page":1,"version":"1.4"}} 
 </msg>
<msg time="2024-05-31T18:18:59.506580" level="INFO">/opt/hostedtoolcache/Python/3.12.3/x64/lib/python3.12/site-packages/urllib3/connectionpool.py:1103: InsecureRequestWarning: Unverified HTTPS request is being made to host 'randomuser.me'. Adding certificate verification is strongly advised. See: https://urllib3.readthedocs.io/en/latest/advanced-usage.html#tls-warnings
  warnings.warn(</msg>
<msg time="2024-05-31T18:18:59.506757" level="INFO">${response} = &lt;Response [200]&gt;</msg>
<var>${response}</var>
<arg>consultarAPI</arg>
<arg>/api</arg>
<doc>Sends a GET request on a previously created HTTP Session.</doc>
<status status="PASS" start="2024-05-31T18:18:59.406661" elapsed="0.100140"/>
</kw>
<kw name="Set Variable" owner="BuiltIn">
<msg time="2024-05-31T18:18:59.508434" level="INFO">${json_data} = {'results': [{'gender': 'female', 'name': {'title': 'Mademoiselle', 'first': 'Cynthia', 'last': 'Lefebvre'}, 'location': {'street': {'number': 3836, 'name': "Rue de L'Abbé-Soulange-Bodin"}, 'city': 'S...</msg>
<var>${json_data}</var>
<arg>${response.json()}</arg>
<doc>Returns the given values which can then be assigned to a variables.</doc>
<status status="PASS" start="2024-05-31T18:18:59.507540" elapsed="0.000945"/>
</kw>
<kw name="Log" owner="BuiltIn">
<msg time="2024-05-31T18:18:59.509239" level="INFO">{'results': [{'gender': 'female', 'name': {'title': 'Mademoiselle', 'first': 'Cynthia', 'last': 'Lefebvre'}, 'location': {'street': {'number': 3836, 'name': "Rue de L'Abbé-Soulange-Bodin"}, 'city': 'Sils im Engadin/Segl', 'state': 'Uri', 'country': 'Switzerland', 'postcode': 9551, 'coordinates': {'latitude': '-61.4868', 'longitude': '78.7392'}, 'timezone': {'offset': '0:00', 'description': 'Western Europe Time, London, Lisbon, Casablanca'}}, 'email': 'cynthia.lefebvre@example.com', 'login': {'uuid': '384769dd-bf73-423f-8509-de9261f4e052', 'username': 'organicsnake942', 'password': '123456789', 'salt': '9Blkp8du', 'md5': 'a5f85b0e34d6881ed6672f08e4488fb3', 'sha1': 'c7ea4dedcdc5cf0d01e4abfc8eaee4fd475a5fd5', 'sha256': 'a0da8620bb5da4f3a18a3c8443fe21e3e8ffcabb7f2bc0da09f2a981ae9282be'}, 'dob': {'date': '1976-12-19T01:34:56.354Z', 'age': 47}, 'registered': {'date': '2005-01-29T19:40:57.544Z', 'age': 19}, 'phone': '076 803 14 28', 'cell': '079 150 29 55', 'id': {'name': 'AVS', 'value': '756.3564.4453.71'}, 'picture': {'large': 'https://randomuser.me/api/portraits/women/38.jpg', 'medium': 'https://randomuser.me/api/portraits/med/women/38.jpg', 'thumbnail': 'https://randomuser.me/api/portraits/thumb/women/38.jpg'}, 'nat': 'CH'}], 'info': {'seed': 'a15a3c31efb0aa0b', 'results': 1, 'page': 1, 'version': '1.4'}}</msg>
<arg>${json_data}</arg>
<doc>Logs the given message with the given level.</doc>
<status status="PASS" start="2024-05-31T18:18:59.508976" elapsed="0.000354"/>
</kw>
<kw name="Dictionary Should Contain Key" owner="Collections">
<msg time="2024-05-31T18:18:59.510082" level="INFO">False</msg>
<arg>${json_data}</arg>
<arg>results</arg>
<doc>Fails if ``key`` is not found from ``dictionary``.</doc>
<status status="PASS" start="2024-05-31T18:18:59.509823" elapsed="0.000328"/>
</kw>
<kw name="Should Not Be Empty" owner="BuiltIn">
<msg time="2024-05-31T18:18:59.510861" level="INFO">Length is 2.</msg>
<arg>${json_data}</arg>
<doc>Verifies that the given item is not empty.</doc>
<status status="PASS" start="2024-05-31T18:18:59.510638" elapsed="0.000293"/>
</kw>
<kw name="Create List" owner="BuiltIn">
<msg time="2024-05-31T18:18:59.511637" level="INFO">${expected_keys} = ['gender', 'name', 'location', 'email', 'login']</msg>
<var>${expected_keys}</var>
<arg>gender</arg>
<arg>name</arg>
<arg>location</arg>
<arg>email</arg>
<arg>login</arg>
<doc>Returns a list containing given items.</doc>
<status status="PASS" start="2024-05-31T18:18:59.511410" elapsed="0.000264"/>
</kw>
<for flavor="IN">
<iter>
<kw name="Dictionary Should Contain Key" owner="Collections">
<msg time="2024-05-31T18:18:59.513105" level="INFO">False</msg>
<arg>${json_data['results'][0]}</arg>
<arg>${key}</arg>
<doc>Fails if ``key`` is not found from ``dictionary``.</doc>
<status status="PASS" start="2024-05-31T18:18:59.512491" elapsed="0.000687"/>
</kw>
<kw name="Log" owner="BuiltIn">
<msg time="2024-05-31T18:18:59.514189" level="INFO">{'gender': 'female', 'name': {'title': 'Mademoiselle', 'first': 'Cynthia', 'last': 'Lefebvre'}, 'location': {'street': {'number': 3836, 'name': "Rue de L'Abbé-Soulange-Bodin"}, 'city': 'Sils im Engadin/Segl', 'state': 'Uri', 'country': 'Switzerland', 'postcode': 9551, 'coordinates': {'latitude': '-61.4868', 'longitude': '78.7392'}, 'timezone': {'offset': '0:00', 'description': 'Western Europe Time, London, Lisbon, Casablanca'}}, 'email': 'cynthia.lefebvre@example.com', 'login': {'uuid': '384769dd-bf73-423f-8509-de9261f4e052', 'username': 'organicsnake942', 'password': '123456789', 'salt': '9Blkp8du', 'md5': 'a5f85b0e34d6881ed6672f08e4488fb3', 'sha1': 'c7ea4dedcdc5cf0d01e4abfc8eaee4fd475a5fd5', 'sha256': 'a0da8620bb5da4f3a18a3c8443fe21e3e8ffcabb7f2bc0da09f2a981ae9282be'}, 'dob': {'date': '1976-12-19T01:34:56.354Z', 'age': 47}, 'registered': {'date': '2005-01-29T19:40:57.544Z', 'age': 19}, 'phone': '076 803 14 28', 'cell': '079 150 29 55', 'id': {'name': 'AVS', 'value': '756.3564.4453.71'}, 'picture': {'large': 'https://randomuser.me/api/portraits/women/38.jpg', 'medium': 'https://randomuser.me/api/portraits/med/women/38.jpg', 'thumbnail': 'https://randomuser.me/api/portraits/thumb/women/38.jpg'}, 'nat': 'CH'}</msg>
<arg>${json_data['results'][0]}</arg>
<doc>Logs the given message with the given level.</doc>
<status status="PASS" start="2024-05-31T18:18:59.513622" elapsed="0.000644"/>
</kw>
<kw name="Log" owner="BuiltIn">
<msg time="2024-05-31T18:18:59.514887" level="INFO">gender</msg>
<arg>${key}</arg>
<doc>Logs the given message with the given level.</doc>
<status status="PASS" start="2024-05-31T18:18:59.514694" elapsed="0.000249"/>
</kw>
<var name="${key}">gender</var>
<status status="PASS" start="2024-05-31T18:18:59.512309" elapsed="0.002940"/>
</iter>
<iter>
<kw name="Dictionary Should Contain Key" owner="Collections">
<msg time="2024-05-31T18:18:59.516405" level="INFO">False</msg>
<arg>${json_data['results'][0]}</arg>
<arg>${key}</arg>
<doc>Fails if ``key`` is not found from ``dictionary``.</doc>
<status status="PASS" start="2024-05-31T18:18:59.515783" elapsed="0.000686"/>
</kw>
<kw name="Log" owner="BuiltIn">
<msg time="2024-05-31T18:18:59.517585" level="INFO">{'gender': 'female', 'name': {'title': 'Mademoiselle', 'first': 'Cynthia', 'last': 'Lefebvre'}, 'location': {'street': {'number': 3836, 'name': "Rue de L'Abbé-Soulange-Bodin"}, 'city': 'Sils im Engadin/Segl', 'state': 'Uri', 'country': 'Switzerland', 'postcode': 9551, 'coordinates': {'latitude': '-61.4868', 'longitude': '78.7392'}, 'timezone': {'offset': '0:00', 'description': 'Western Europe Time, London, Lisbon, Casablanca'}}, 'email': 'cynthia.lefebvre@example.com', 'login': {'uuid': '384769dd-bf73-423f-8509-de9261f4e052', 'username': 'organicsnake942', 'password': '123456789', 'salt': '9Blkp8du', 'md5': 'a5f85b0e34d6881ed6672f08e4488fb3', 'sha1': 'c7ea4dedcdc5cf0d01e4abfc8eaee4fd475a5fd5', 'sha256': 'a0da8620bb5da4f3a18a3c8443fe21e3e8ffcabb7f2bc0da09f2a981ae9282be'}, 'dob': {'date': '1976-12-19T01:34:56.354Z', 'age': 47}, 'registered': {'date': '2005-01-29T19:40:57.544Z', 'age': 19}, 'phone': '076 803 14 28', 'cell': '079 150 29 55', 'id': {'name': 'AVS', 'value': '756.3564.4453.71'}, 'picture': {'large': 'https://randomuser.me/api/portraits/women/38.jpg', 'medium': 'https://randomuser.me/api/portraits/med/women/38.jpg', 'thumbnail': 'https://randomuser.me/api/portraits/thumb/women/38.jpg'}, 'nat': 'CH'}</msg>
<arg>${json_data['results'][0]}</arg>
<doc>Logs the given message with the given level.</doc>
<status status="PASS" start="2024-05-31T18:18:59.516949" elapsed="0.000722"/>
</kw>
<kw name="Log" owner="BuiltIn">
<msg time="2024-05-31T18:18:59.518376" level="INFO">name</msg>
<arg>${key}</arg>
<doc>Logs the given message with the given level.</doc>
<status status="PASS" start="2024-05-31T18:18:59.518163" elapsed="0.000280"/>
</kw>
<var name="${key}">name</var>
<status status="PASS" start="2024-05-31T18:18:59.515570" elapsed="0.003237"/>
</iter>
<iter>
<kw name="Dictionary Should Contain Key" owner="Collections">
<msg time="2024-05-31T18:18:59.520017" level="INFO">False</msg>
<arg>${json_data['results'][0]}</arg>
<arg>${key}</arg>
<doc>Fails if ``key`` is not found from ``dictionary``.</doc>
<status status="PASS" start="2024-05-31T18:18:59.519342" elapsed="0.000740"/>
</kw>
<kw name="Log" owner="BuiltIn">
<msg time="2024-05-31T18:18:59.521124" level="INFO">{'gender': 'female', 'name': {'title': 'Mademoiselle', 'first': 'Cynthia', 'last': 'Lefebvre'}, 'location': {'street': {'number': 3836, 'name': "Rue de L'Abbé-Soulange-Bodin"}, 'city': 'Sils im Engadin/Segl', 'state': 'Uri', 'country': 'Switzerland', 'postcode': 9551, 'coordinates': {'latitude': '-61.4868', 'longitude': '78.7392'}, 'timezone': {'offset': '0:00', 'description': 'Western Europe Time, London, Lisbon, Casablanca'}}, 'email': 'cynthia.lefebvre@example.com', 'login': {'uuid': '384769dd-bf73-423f-8509-de9261f4e052', 'username': 'organicsnake942', 'password': '123456789', 'salt': '9Blkp8du', 'md5': 'a5f85b0e34d6881ed6672f08e4488fb3', 'sha1': 'c7ea4dedcdc5cf0d01e4abfc8eaee4fd475a5fd5', 'sha256': 'a0da8620bb5da4f3a18a3c8443fe21e3e8ffcabb7f2bc0da09f2a981ae9282be'}, 'dob': {'date': '1976-12-19T01:34:56.354Z', 'age': 47}, 'registered': {'date': '2005-01-29T19:40:57.544Z', 'age': 19}, 'phone': '076 803 14 28', 'cell': '079 150 29 55', 'id': {'name': 'AVS', 'value': '756.3564.4453.71'}, 'picture': {'large': 'https://randomuser.me/api/portraits/women/38.jpg', 'medium': 'https://randomuser.me/api/portraits/med/women/38.jpg', 'thumbnail': 'https://randomuser.me/api/portraits/thumb/women/38.jpg'}, 'nat': 'CH'}</msg>
<arg>${json_data['results'][0]}</arg>
<doc>Logs the given message with the given level.</doc>
<status status="PASS" start="2024-05-31T18:18:59.520535" elapsed="0.000664"/>
</kw>
<kw name="Log" owner="BuiltIn">
<msg time="2024-05-31T18:18:59.521799" level="INFO">location</msg>
<arg>${key}</arg>
<doc>Logs the given message with the given level.</doc>
<status status="PASS" start="2024-05-31T18:18:59.521621" elapsed="0.000234"/>
</kw>
<var name="${key}">location</var>
<status status="PASS" start="2024-05-31T18:18:59.519123" elapsed="0.003038"/>
</iter>
<iter>
<kw name="Dictionary Should Contain Key" owner="Collections">
<msg time="2024-05-31T18:18:59.523377" level="INFO">False</msg>
<arg>${json_data['results'][0]}</arg>
<arg>${key}</arg>
<doc>Fails if ``key`` is not found from ``dictionary``.</doc>
<status status="PASS" start="2024-05-31T18:18:59.522603" elapsed="0.000839"/>
</kw>
<kw name="Log" owner="BuiltIn">
<msg time="2024-05-31T18:18:59.524417" level="INFO">{'gender': 'female', 'name': {'title': 'Mademoiselle', 'first': 'Cynthia', 'last': 'Lefebvre'}, 'location': {'street': {'number': 3836, 'name': "Rue de L'Abbé-Soulange-Bodin"}, 'city': 'Sils im Engadin/Segl', 'state': 'Uri', 'country': 'Switzerland', 'postcode': 9551, 'coordinates': {'latitude': '-61.4868', 'longitude': '78.7392'}, 'timezone': {'offset': '0:00', 'description': 'Western Europe Time, London, Lisbon, Casablanca'}}, 'email': 'cynthia.lefebvre@example.com', 'login': {'uuid': '384769dd-bf73-423f-8509-de9261f4e052', 'username': 'organicsnake942', 'password': '123456789', 'salt': '9Blkp8du', 'md5': 'a5f85b0e34d6881ed6672f08e4488fb3', 'sha1': 'c7ea4dedcdc5cf0d01e4abfc8eaee4fd475a5fd5', 'sha256': 'a0da8620bb5da4f3a18a3c8443fe21e3e8ffcabb7f2bc0da09f2a981ae9282be'}, 'dob': {'date': '1976-12-19T01:34:56.354Z', 'age': 47}, 'registered': {'date': '2005-01-29T19:40:57.544Z', 'age': 19}, 'phone': '076 803 14 28', 'cell': '079 150 29 55', 'id': {'name': 'AVS', 'value': '756.3564.4453.71'}, 'picture': {'large': 'https://randomuser.me/api/portraits/women/38.jpg', 'medium': 'https://randomuser.me/api/portraits/med/women/38.jpg', 'thumbnail': 'https://randomuser.me/api/portraits/thumb/women/38.jpg'}, 'nat': 'CH'}</msg>
<arg>${json_data['results'][0]}</arg>
<doc>Logs the given message with the given level.</doc>
<status status="PASS" start="2024-05-31T18:18:59.523871" elapsed="0.000622"/>
</kw>
<kw name="Log" owner="BuiltIn">
<msg time="2024-05-31T18:18:59.525105" level="INFO">email</msg>
<arg>${key}</arg>
<doc>Logs the given message with the given level.</doc>
<status status="PASS" start="2024-05-31T18:18:59.524908" elapsed="0.000254"/>
</kw>
<var name="${key}">email</var>
<status status="PASS" start="2024-05-31T18:18:59.522428" elapsed="0.003034"/>
</iter>
<iter>
<kw name="Dictionary Should Contain Key" owner="Collections">
<msg time="2024-05-31T18:18:59.526482" level="INFO">False</msg>
<arg>${json_data['results'][0]}</arg>
<arg>${key}</arg>
<doc>Fails if ``key`` is not found from ``dictionary``.</doc>
<status status="PASS" start="2024-05-31T18:18:59.525895" elapsed="0.000653"/>
</kw>
<kw name="Log" owner="BuiltIn">
<msg time="2024-05-31T18:18:59.527653" level="INFO">{'gender': 'female', 'name': {'title': 'Mademoiselle', 'first': 'Cynthia', 'last': 'Lefebvre'}, 'location': {'street': {'number': 3836, 'name': "Rue de L'Abbé-Soulange-Bodin"}, 'city': 'Sils im Engadin/Segl', 'state': 'Uri', 'country': 'Switzerland', 'postcode': 9551, 'coordinates': {'latitude': '-61.4868', 'longitude': '78.7392'}, 'timezone': {'offset': '0:00', 'description': 'Western Europe Time, London, Lisbon, Casablanca'}}, 'email': 'cynthia.lefebvre@example.com', 'login': {'uuid': '384769dd-bf73-423f-8509-de9261f4e052', 'username': 'organicsnake942', 'password': '123456789', 'salt': '9Blkp8du', 'md5': 'a5f85b0e34d6881ed6672f08e4488fb3', 'sha1': 'c7ea4dedcdc5cf0d01e4abfc8eaee4fd475a5fd5', 'sha256': 'a0da8620bb5da4f3a18a3c8443fe21e3e8ffcabb7f2bc0da09f2a981ae9282be'}, 'dob': {'date': '1976-12-19T01:34:56.354Z', 'age': 47}, 'registered': {'date': '2005-01-29T19:40:57.544Z', 'age': 19}, 'phone': '076 803 14 28', 'cell': '079 150 29 55', 'id': {'name': 'AVS', 'value': '756.3564.4453.71'}, 'picture': {'large': 'https://randomuser.me/api/portraits/women/38.jpg', 'medium': 'https://randomuser.me/api/portraits/med/women/38.jpg', 'thumbnail': 'https://randomuser.me/api/portraits/thumb/women/38.jpg'}, 'nat': 'CH'}</msg>
<arg>${json_data['results'][0]}</arg>
<doc>Logs the given message with the given level.</doc>
<status status="PASS" start="2024-05-31T18:18:59.527004" elapsed="0.000772"/>
</kw>
<kw name="Log" owner="BuiltIn">
<msg time="2024-05-31T18:18:59.528447" level="INFO">login</msg>
<arg>${key}</arg>
<doc>Logs the given message with the given level.</doc>
<status status="PASS" start="2024-05-31T18:18:59.528244" elapsed="0.000272"/>
</kw>
<var name="${key}">login</var>
<status status="PASS" start="2024-05-31T18:18:59.525722" elapsed="0.003155"/>
</iter>
<var>${key}</var>
<value>@{expected_keys}</value>
<status status="PASS" start="2024-05-31T18:18:59.512045" elapsed="0.017046"/>
</for>
<kw name="Create List" owner="BuiltIn">
<msg time="2024-05-31T18:18:59.529622" level="INFO">${expected_keysTwo} = ['username', 'password']</msg>
<var>${expected_keysTwo}</var>
<arg>username</arg>
<arg>password</arg>
<doc>Returns a list containing given items.</doc>
<status status="PASS" start="2024-05-31T18:18:59.529419" elapsed="0.000240"/>
</kw>
<for flavor="IN">
<iter>
<kw name="Dictionary Should Contain Key" owner="Collections">
<msg time="2024-05-31T18:18:59.531093" level="INFO">False</msg>
<arg>${json_data['results'][0]['login']}</arg>
<arg>${keyTwo}</arg>
<doc>Fails if ``key`` is not found from ``dictionary``.</doc>
<status status="PASS" start="2024-05-31T18:18:59.530431" elapsed="0.000728"/>
</kw>
<kw name="Dictionary Should Contain Key" owner="Collections">
<msg time="2024-05-31T18:18:59.531972" level="INFO">False</msg>
<arg>${json_data['results'][0]['login']}</arg>
<arg>${keyTwo}</arg>
<doc>Fails if ``key`` is not found from ``dictionary``.</doc>
<status status="PASS" start="2024-05-31T18:18:59.531574" elapsed="0.000437"/>
</kw>
<kw name="Log" owner="BuiltIn">
<msg time="2024-05-31T18:18:59.532454" level="INFO">username</msg>
<arg>${keyTwo}</arg>
<doc>Logs the given message with the given level.</doc>
<status status="PASS" start="2024-05-31T18:18:59.532321" elapsed="0.000171"/>
</kw>
<var name="${keyTwo}">username</var>
<status status="PASS" start="2024-05-31T18:18:59.530251" elapsed="0.002460"/>
</iter>
<iter>
<kw name="Dictionary Should Contain Key" owner="Collections">
<msg time="2024-05-31T18:18:59.533399" level="INFO">False</msg>
<arg>${json_data['results'][0]['login']}</arg>
<arg>${keyTwo}</arg>
<doc>Fails if ``key`` is not found from ``dictionary``.</doc>
<status status="PASS" start="2024-05-31T18:18:59.533000" elapsed="0.000438"/>
</kw>
<kw name="Dictionary Should Contain Key" owner="Collections">
<msg time="2024-05-31T18:18:59.534123" level="INFO">False</msg>
<arg>${json_data['results'][0]['login']}</arg>
<arg>${keyTwo}</arg>
<doc>Fails if ``key`` is not found from ``dictionary``.</doc>
<status status="PASS" start="2024-05-31T18:18:59.533736" elapsed="0.000424"/>
</kw>
<kw name="Log" owner="BuiltIn">
<msg time="2024-05-31T18:18:59.534597" level="INFO">password</msg>
<arg>${keyTwo}</arg>
<doc>Logs the given message with the given level.</doc>
<status status="PASS" start="2024-05-31T18:18:59.534457" elapsed="0.000178"/>
</kw>
<var name="${keyTwo}">password</var>
<status status="PASS" start="2024-05-31T18:18:59.532887" elapsed="0.001968"/>
</iter>
<var>${keyTwo}</var>
<value>@{expected_keysTwo}</value>
<status status="PASS" start="2024-05-31T18:18:59.530004" elapsed="0.004968"/>
</for>
<status status="PASS" start="2024-05-31T18:18:59.406419" elapsed="0.128700"/>
</kw>
<doc>Testa a estrutura da resposta da API.</doc>
<tag>testeEstruturaResposta</tag>
<status status="PASS" start="2024-05-31T18:18:59.405878" elapsed="0.129400"/>
</test>
<test id="s1-s1-t4" name="Validar tipos de dados" line="28">
<kw name="Teste de Tipos de Dados" owner="random-user-service">
<kw name="GET On Session" owner="RequestsLibrary">
<msg time="2024-05-31T18:18:59.608957" level="INFO">GET Request : url=https://randomuser.me/api 
 path_url=/api 
 headers={'User-Agent': 'python-requests/2.32.3', 'Accept-Encoding': 'gzip, deflate', 'Accept': '*/*', 'Connection': 'keep-alive'} 
 body=None 
 </msg>
<msg time="2024-05-31T18:18:59.609048" level="INFO">GET Response : url=https://randomuser.me/api 
 status=200, reason=OK 
 headers={'Date': 'Fri, 31 May 2024 18:18:59 GMT', 'Content-Type': 'application/json; charset=utf-8', 'Transfer-Encoding': 'chunked', 'Connection': 'keep-alive', 'X-Powered-By': 'Express', 'Access-Control-Allow-Origin': '*', 'Cache-Control': 'no-cache', 'ETag': 'W/"4a3-+KJflL1oTtc52rLnH5WlH8o4UsA"', 'Vary': 'Accept-Encoding', 'Content-Encoding': 'gzip', 'CF-Cache-Status': 'DYNAMIC', 'Report-To': '{"endpoints":[{"url":"https:\\/\\/a.nel.cloudflare.com\\/report\\/v4?s=JPuvuund2%2BRK6szfOOjV7MaQbFTOQWNRctOp20vWZgaTEhQ%2BFQ%2BOKEykiQR5%2FO05k2v1oUd%2FWKLYtp1KEMYb1dqdbDpqid6xn3zIc4cWHuf2%2FKh5RSnOItKBBLn0EoN%2F"}],"group":"cf-nel","max_age":604800}', 'NEL': '{"success_fraction":0,"report_to":"cf-nel","max_age":604800}', 'Server': 'cloudflare', 'CF-RAY': '88c8f83a2b1407c9-IAD', 'alt-svc': 'h3=":443"; ma=86400'} 
 body={"results":[{"gender":"female","name":{"title":"Ms","first":"Amelia","last":"Myers"},"location":{"street":{"number":7577,"name":"Saddle Dr"},"city":"Colorado Springs","state":"Missouri","country":"United States","postcode":60715,"coordinates":{"latitude":"84.5147","longitude":"103.1152"},"timezone":{"offset":"-4:00","description":"Atlantic Time (Canada), Caracas, La Paz"}},"email":"amelia.myers@example.com","login":{"uuid":"0ad4cb37-9ad2-4f2f-9dd7-eb19344c9f5f","username":"heavytiger723","password":"stang","salt":"P2k0h023","md5":"446962cf1670a609f745c606132b3202","sha1":"aa1a4337db17ebb5f8c277ef7823bfc57561cfa7","sha256":"c04143e57de0ffacd95121ded127630c3741db77229c1af0f380fc9ea5804d8b"},"dob":{"date":"1950-03-25T22:05:15.438Z","age":74},"registered":{"date":"2013-11-12T14:41:24.143Z","age":10},"phone":"(437) 693-9760","cell":"(991) 336-3294","id":{"name":"SSN","value":"728-08-8033"},"picture":{"large":"https://randomuser.me/api/portraits/women/24.jpg","medium":"https://randomuser.me/api/portraits/med/women/24.jpg","thumbnail":"https://randomuser.me/api/portraits/thumb/women/24.jpg"},"nat":"US"}],"info":{"seed":"2bbf400f5587b755","results":1,"page":1,"version":"1.4"}} 
 </msg>
<msg time="2024-05-31T18:18:59.609119" level="INFO">/opt/hostedtoolcache/Python/3.12.3/x64/lib/python3.12/site-packages/urllib3/connectionpool.py:1103: InsecureRequestWarning: Unverified HTTPS request is being made to host 'randomuser.me'. Adding certificate verification is strongly advised. See: https://urllib3.readthedocs.io/en/latest/advanced-usage.html#tls-warnings
  warnings.warn(</msg>
<msg time="2024-05-31T18:18:59.609237" level="INFO">${response} = &lt;Response [200]&gt;</msg>
<var>${response}</var>
<arg>consultarAPI</arg>
<arg>/api</arg>
<doc>Sends a GET request on a previously created HTTP Session.</doc>
<status status="PASS" start="2024-05-31T18:18:59.537841" elapsed="0.071436"/>
</kw>
<kw name="Set Variable" owner="BuiltIn">
<msg time="2024-05-31T18:18:59.610271" level="INFO">${json_data} = {'results': [{'gender': 'female', 'name': {'title': 'Ms', 'first': 'Amelia', 'last': 'Myers'}, 'location': {'street': {'number': 7577, 'name': 'Saddle Dr'}, 'city': 'Colorado Springs', 'state': 'Misso...</msg>
<var>${json_data}</var>
<arg>${response.json()}</arg>
<doc>Returns the given values which can then be assigned to a variables.</doc>
<status status="PASS" start="2024-05-31T18:18:59.609761" elapsed="0.000575"/>
</kw>
<kw name="Log" owner="BuiltIn">
<msg time="2024-05-31T18:18:59.610803" level="INFO">{'results': [{'gender': 'female', 'name': {'title': 'Ms', 'first': 'Amelia', 'last': 'Myers'}, 'location': {'street': {'number': 7577, 'name': 'Saddle Dr'}, 'city': 'Colorado Springs', 'state': 'Missouri', 'country': 'United States', 'postcode': 60715, 'coordinates': {'latitude': '84.5147', 'longitude': '103.1152'}, 'timezone': {'offset': '-4:00', 'description': 'Atlantic Time (Canada), Caracas, La Paz'}}, 'email': 'amelia.myers@example.com', 'login': {'uuid': '0ad4cb37-9ad2-4f2f-9dd7-eb19344c9f5f', 'username': 'heavytiger723', 'password': 'stang', 'salt': 'P2k0h023', 'md5': '446962cf1670a609f745c606132b3202', 'sha1': 'aa1a4337db17ebb5f8c277ef7823bfc57561cfa7', 'sha256': 'c04143e57de0ffacd95121ded127630c3741db77229c1af0f380fc9ea5804d8b'}, 'dob': {'date': '1950-03-25T22:05:15.438Z', 'age': 74}, 'registered': {'date': '2013-11-12T14:41:24.143Z', 'age': 10}, 'phone': '(437) 693-9760', 'cell': '(991) 336-3294', 'id': {'name': 'SSN', 'value': '728-08-8033'}, 'picture': {'large': 'https://randomuser.me/api/portraits/women/24.jpg', 'medium': 'https://randomuser.me/api/portraits/med/women/24.jpg', 'thumbnail': 'https://randomuser.me/api/portraits/thumb/women/24.jpg'}, 'nat': 'US'}], 'info': {'seed': '2bbf400f5587b755', 'results': 1, 'page': 1, 'version': '1.4'}}</msg>
<arg>${json_data}</arg>
<doc>Logs the given message with the given level.</doc>
<status status="PASS" start="2024-05-31T18:18:59.610648" elapsed="0.000203"/>
</kw>
<kw name="Should Be String" owner="String">
<arg>${json_data['results'][0]['gender']}</arg>
<doc>Fails if the given ``item`` is not a string.</doc>
<status status="PASS" start="2024-05-31T18:18:59.611143" elapsed="0.000390"/>
</kw>
<kw name="Should Match Regexp" owner="BuiltIn">
<arg>${json_data['results'][0]['email']}</arg>
<arg>^[a-zA-Z0-9._%+-]+@[a-zA-Z0-9.-]+\.[a-zA-Z]{2,}$</arg>
<doc>Fails if ``string`` does not match ``pattern`` as a regular expression.</doc>
<status status="PASS" start="2024-05-31T18:18:59.611734" elapsed="0.000685"/>
</kw>
<kw name="Should Match Regexp" owner="BuiltIn">
<arg>${json_data['results'][0]['dob']['date']}</arg>
<arg>\\d{4}-\\d{2}-\\d{2}T\\d{2}:\\d{2}:\\d{2}\\.\\d{3}Z</arg>
<doc>Fails if ``string`` does not match ``pattern`` as a regular expression.</doc>
<status status="PASS" start="2024-05-31T18:18:59.612622" elapsed="0.000505"/>
</kw>
<kw name="Should Match Regexp" owner="BuiltIn">
<arg>${json_data['results'][0]['registered']['date']}</arg>
<arg>\\d{4}-\\d{2}-\\d{2}T\\d{2}:\\d{2}:\\d{2}\\.\\d{3}Z</arg>
<doc>Fails if ``string`` does not match ``pattern`` as a regular expression.</doc>
<status status="PASS" start="2024-05-31T18:18:59.613320" elapsed="0.000363"/>
</kw>
<kw name="Should Match Regexp" owner="BuiltIn">
<arg>${json_data['results'][0]['picture']['large']}</arg>
<arg>^https?://.*\.(?:png|jpe?g|gif|bmp)$</arg>
<doc>Fails if ``string`` does not match ``pattern`` as a regular expression.</doc>
<status status="PASS" start="2024-05-31T18:18:59.613872" elapsed="0.000459"/>
</kw>
<kw name="Should Match Regexp" owner="BuiltIn">
<arg>${json_data['results'][0]['picture']['medium']}</arg>
<arg>^https?://.*\.(?:png|jpe?g|gif|bmp)$</arg>
<doc>Fails if ``string`` does not match ``pattern`` as a regular expression.</doc>
<status status="PASS" start="2024-05-31T18:18:59.614518" elapsed="0.000351"/>
</kw>
<kw name="Should Match Regexp" owner="BuiltIn">
<arg>${json_data['results'][0]['picture']['thumbnail']}</arg>
<arg>^https?://.*\.(?:png|jpe?g|gif|bmp)$</arg>
<doc>Fails if ``string`` does not match ``pattern`` as a regular expression.</doc>
<status status="PASS" start="2024-05-31T18:18:59.615055" elapsed="0.000369"/>
</kw>
<kw name="Log" owner="BuiltIn">
<msg time="2024-05-31T18:18:59.615924" level="INFO">{'large': 'https://randomuser.me/api/portraits/women/24.jpg', 'medium': 'https://randomuser.me/api/portraits/med/women/24.jpg', 'thumbnail': 'https://randomuser.me/api/portraits/thumb/women/24.jpg'}</msg>
<arg>${json_data['results'][0]['picture']}</arg>
<doc>Logs the given message with the given level.</doc>
<status status="PASS" start="2024-05-31T18:18:59.615606" elapsed="0.000358"/>
</kw>
<status status="PASS" start="2024-05-31T18:18:59.537607" elapsed="0.078616"/>
</kw>
<kw name="Teste de Tipos de Dados - Postcode" owner="random-user-service">
<kw name="GET On Session" owner="RequestsLibrary">
<msg time="2024-05-31T18:18:59.717078" level="INFO">GET Request : url=https://randomuser.me/api 
 path_url=/api 
 headers={'User-Agent': 'python-requests/2.32.3', 'Accept-Encoding': 'gzip, deflate', 'Accept': '*/*', 'Connection': 'keep-alive'} 
 body=None 
 </msg>
<msg time="2024-05-31T18:18:59.717175" level="INFO">GET Response : url=https://randomuser.me/api 
 status=200, reason=OK 
 headers={'Date': 'Fri, 31 May 2024 18:18:59 GMT', 'Content-Type': 'application/json; charset=utf-8', 'Transfer-Encoding': 'chunked', 'Connection': 'keep-alive', 'X-Powered-By': 'Express', 'Access-Control-Allow-Origin': '*', 'Cache-Control': 'no-cache', 'ETag': 'W/"480-BwkWwszxeHER3/+YRN76o33oMcA"', 'Vary': 'Accept-Encoding', 'Content-Encoding': 'gzip', 'CF-Cache-Status': 'DYNAMIC', 'Report-To': '{"endpoints":[{"url":"https:\\/\\/a.nel.cloudflare.com\\/report\\/v4?s=2bph4AkGiu7GGAa3qRG4hcdIwQpt8SIFqjGIspnFi84nuf78xJLwOoQxOcCzv97lzv7EkKSL6gt6qUhiOHatWJqLelK2zTmkpap3vBqQyipwamCD1prWDYhHwZhIQt9D"}],"group":"cf-nel","max_age":604800}', 'NEL': '{"success_fraction":0,"report_to":"cf-nel","max_age":604800}', 'Server': 'cloudflare', 'CF-RAY': '88c8f83aabdd07c9-IAD', 'alt-svc': 'h3=":443"; ma=86400'} 
 body={"results":[{"gender":"male","name":{"title":"Mr","first":"Gil","last":"Lopes"},"location":{"street":{"number":5819,"name":"Rua Das Flores "},"city":"Volta Redonda","state":"Maranhão","country":"Brazil","postcode":51859,"coordinates":{"latitude":"-73.0580","longitude":"-173.7788"},"timezone":{"offset":"-3:30","description":"Newfoundland"}},"email":"gil.lopes@example.com","login":{"uuid":"68593f57-039d-44ae-83ca-a55a4ee413d0","username":"smallostrich691","password":"carlton","salt":"dmKZqP3X","md5":"85ac142223b3b74ff33aabeac9fd07e6","sha1":"605cc416e64b589b8e0c330f7842d97705c8f5e4","sha256":"8b90f4d2a1bc8b32276165fc756274e0239fe55f0439f55f15737e337403859e"},"dob":{"date":"1964-03-30T23:10:14.533Z","age":60},"registered":{"date":"2008-11-28T09:51:50.284Z","age":15},"phone":"(28) 9202-8043","cell":"(23) 6820-9479","id":{"name":"CPF","value":"843.835.553-56"},"picture":{"large":"https://randomuser.me/api/portraits/men/68.jpg","medium":"https://randomuser.me/api/portraits/med/men/68.jpg","thumbnail":"https://randomuser.me/api/portraits/thumb/men/68.jpg"},"nat":"BR"}],"info":{"seed":"84936e34ea9d5524","results":1,"page":1,"version":"1.4"}} 
 </msg>
<msg time="2024-05-31T18:18:59.717247" level="INFO">/opt/hostedtoolcache/Python/3.12.3/x64/lib/python3.12/site-packages/urllib3/connectionpool.py:1103: InsecureRequestWarning: Unverified HTTPS request is being made to host 'randomuser.me'. Adding certificate verification is strongly advised. See: https://urllib3.readthedocs.io/en/latest/advanced-usage.html#tls-warnings
  warnings.warn(</msg>
<msg time="2024-05-31T18:18:59.717366" level="INFO">${response} = &lt;Response [200]&gt;</msg>
<var>${response}</var>
<arg>consultarAPI</arg>
<arg>/api</arg>
<doc>Sends a GET request on a previously created HTTP Session.</doc>
<status status="PASS" start="2024-05-31T18:18:59.616680" elapsed="0.100731"/>
</kw>
<kw name="Set Variable" owner="BuiltIn">
<msg time="2024-05-31T18:18:59.718608" level="INFO">${json_data} = {'results': [{'gender': 'male', 'name': {'title': 'Mr', 'first': 'Gil', 'last': 'Lopes'}, 'location': {'street': {'number': 5819, 'name': 'Rua Das Flores '}, 'city': 'Volta Redonda', 'state': 'Maranhã...</msg>
<var>${json_data}</var>
<arg>${response.json()}</arg>
<doc>Returns the given values which can then be assigned to a variables.</doc>
<status status="PASS" start="2024-05-31T18:18:59.718045" elapsed="0.000630"/>
</kw>
<kw name="Log" owner="BuiltIn">
<msg time="2024-05-31T18:18:59.719155" level="INFO">{'results': [{'gender': 'male', 'name': {'title': 'Mr', 'first': 'Gil', 'last': 'Lopes'}, 'location': {'street': {'number': 5819, 'name': 'Rua Das Flores '}, 'city': 'Volta Redonda', 'state': 'Maranhão', 'country': 'Brazil', 'postcode': 51859, 'coordinates': {'latitude': '-73.0580', 'longitude': '-173.7788'}, 'timezone': {'offset': '-3:30', 'description': 'Newfoundland'}}, 'email': 'gil.lopes@example.com', 'login': {'uuid': '68593f57-039d-44ae-83ca-a55a4ee413d0', 'username': 'smallostrich691', 'password': 'carlton', 'salt': 'dmKZqP3X', 'md5': '85ac142223b3b74ff33aabeac9fd07e6', 'sha1': '605cc416e64b589b8e0c330f7842d97705c8f5e4', 'sha256': '8b90f4d2a1bc8b32276165fc756274e0239fe55f0439f55f15737e337403859e'}, 'dob': {'date': '1964-03-30T23:10:14.533Z', 'age': 60}, 'registered': {'date': '2008-11-28T09:51:50.284Z', 'age': 15}, 'phone': '(28) 9202-8043', 'cell': '(23) 6820-9479', 'id': {'name': 'CPF', 'value': '843.835.553-56'}, 'picture': {'large': 'https://randomuser.me/api/portraits/men/68.jpg', 'medium': 'https://randomuser.me/api/portraits/med/men/68.jpg', 'thumbnail': 'https://randomuser.me/api/portraits/thumb/men/68.jpg'}, 'nat': 'BR'}], 'info': {'seed': '84936e34ea9d5524', 'results': 1, 'page': 1, 'version': '1.4'}}</msg>
<arg>${json_data}</arg>
<doc>Logs the given message with the given level.</doc>
<status status="PASS" start="2024-05-31T18:18:59.718990" elapsed="0.000225"/>
</kw>
<kw name="Should Be Equal As Numbers" owner="BuiltIn">
<arg>${json_data['results'][0]['location']['postcode']}</arg>
<arg>${json_data['results'][0]['location']['postcode']}</arg>
<doc>Fails if objects are unequal after converting them to real numbers.</doc>
<status status="PASS" start="2024-05-31T18:18:59.719566" elapsed="0.000610"/>
</kw>
<kw name="Log" owner="BuiltIn">
<msg time="2024-05-31T18:18:59.720708" level="INFO">51859</msg>
<arg>${json_data['results'][0]['location']['postcode']}</arg>
<doc>Logs the given message with the given level.</doc>
<status status="PASS" start="2024-05-31T18:18:59.720370" elapsed="0.000379"/>
</kw>
<status status="PASS" start="2024-05-31T18:18:59.616447" elapsed="0.104559"/>
</kw>
<doc>Testa se os tipos de dados na resposta da API estão corretos.</doc>
<tag>testeTiposDados</tag>
<status status="PASS" start="2024-05-31T18:18:59.537090" elapsed="0.184092"/>
</test>
<test id="s1-s1-t5" name="Validar conteudo" line="35">
<kw name="Teste de Tipos de Conteudo" owner="random-user-service">
<kw name="GET On Session" owner="RequestsLibrary">
<msg time="2024-05-31T18:18:59.815972" level="INFO">GET Request : url=https://randomuser.me/api 
 path_url=/api 
 headers={'User-Agent': 'python-requests/2.32.3', 'Accept-Encoding': 'gzip, deflate', 'Accept': '*/*', 'Connection': 'keep-alive'} 
 body=None 
 </msg>
<msg time="2024-05-31T18:18:59.816084" level="INFO">GET Response : url=https://randomuser.me/api 
 status=200, reason=OK 
 headers={'Date': 'Fri, 31 May 2024 18:18:59 GMT', 'Content-Type': 'application/json; charset=utf-8', 'Transfer-Encoding': 'chunked', 'Connection': 'keep-alive', 'X-Powered-By': 'Express', 'Access-Control-Allow-Origin': '*', 'Cache-Control': 'no-cache', 'ETag': 'W/"4a1-XDltzMALpXMGy+dVrk6dX1FXu1I"', 'Vary': 'Accept-Encoding', 'Content-Encoding': 'gzip', 'CF-Cache-Status': 'DYNAMIC', 'Report-To': '{"endpoints":[{"url":"https:\\/\\/a.nel.cloudflare.com\\/report\\/v4?s=buHlg%2B0AD4yvWQh3R3PRWD2vwi8BlU%2BktjWe3m1h2zhyT8pF4pVDp4eFsxLgBDXQau7Agoy6fL7v%2FB9h7FirmwSJgebVfaXZsznexDtv0xYPBM6ZA9Zu84pC%2FNa4I7cI"}],"group":"cf-nel","max_age":604800}', 'NEL': '{"success_fraction":0,"report_to":"cf-nel","max_age":604800}', 'Server': 'cloudflare', 'CF-RAY': '88c8f83b4cc707c9-IAD', 'alt-svc': 'h3=":443"; ma=86400'} 
 body={"results":[{"gender":"male","name":{"title":"Mr","first":"Teófilo","last":"Martins"},"location":{"street":{"number":7809,"name":"Rua da Saudade"},"city":"Salvador","state":"Mato Grosso","country":"Brazil","postcode":88645,"coordinates":{"latitude":"-79.3245","longitude":"-143.6704"},"timezone":{"offset":"+11:00","description":"Magadan, Solomon Islands, New Caledonia"}},"email":"teofilo.martins@example.com","login":{"uuid":"e8fc3c6d-75bf-4d29-a54a-0db49a2e40b8","username":"crazymouse146","password":"eureka","salt":"EuR0ZjKx","md5":"a77ad80b4f3d42d61b0f997333ad33a2","sha1":"a6161b98ac5f02868ad2de50d2473dd1f5a449c8","sha256":"7fa3ab0b7c7ab747aadd4f561c84dfb7195d9d77145b47ab80b9af924f1ef925"},"dob":{"date":"1992-02-04T09:40:15.004Z","age":32},"registered":{"date":"2016-06-23T06:33:29.924Z","age":7},"phone":"(56) 1920-7595","cell":"(04) 6921-0168","id":{"name":"CPF","value":"696.875.784-51"},"picture":{"large":"https://randomuser.me/api/portraits/men/30.jpg","medium":"https://randomuser.me/api/portraits/med/men/30.jpg","thumbnail":"https://randomuser.me/api/portraits/thumb/men/30.jpg"},"nat":"BR"}],"info":{"seed":"015ad1206c5a0336","results":1,"page":1,"version":"1.4"}} 
 </msg>
<msg time="2024-05-31T18:18:59.816162" level="INFO">/opt/hostedtoolcache/Python/3.12.3/x64/lib/python3.12/site-packages/urllib3/connectionpool.py:1103: InsecureRequestWarning: Unverified HTTPS request is being made to host 'randomuser.me'. Adding certificate verification is strongly advised. See: https://urllib3.readthedocs.io/en/latest/advanced-usage.html#tls-warnings
  warnings.warn(</msg>
<msg time="2024-05-31T18:18:59.816290" level="INFO">${response} = &lt;Response [200]&gt;</msg>
<var>${response}</var>
<arg>consultarAPI</arg>
<arg>/api</arg>
<doc>Sends a GET request on a previously created HTTP Session.</doc>
<status status="PASS" start="2024-05-31T18:18:59.723679" elapsed="0.092651"/>
</kw>
<kw name="Set Variable" owner="BuiltIn">
<msg time="2024-05-31T18:18:59.817530" level="INFO">${json_data} = {'results': [{'gender': 'male', 'name': {'title': 'Mr', 'first': 'Teófilo', 'last': 'Martins'}, 'location': {'street': {'number': 7809, 'name': 'Rua da Saudade'}, 'city': 'Salvador', 'state': 'Mato Gr...</msg>
<var>${json_data}</var>
<arg>${response.json()}</arg>
<doc>Returns the given values which can then be assigned to a variables.</doc>
<status status="PASS" start="2024-05-31T18:18:59.816965" elapsed="0.000594"/>
</kw>
<kw name="Set Variable" owner="BuiltIn">
<msg time="2024-05-31T18:18:59.818251" level="INFO">${name_title} = Mr</msg>
<var>${name_title}</var>
<arg>${json_data["results"][0]["name"]["title"]}</arg>
<doc>Returns the given values which can then be assigned to a variables.</doc>
<status status="PASS" start="2024-05-31T18:18:59.817867" elapsed="0.000410"/>
</kw>
<kw name="Create List" owner="BuiltIn">
<msg time="2024-05-31T18:18:59.818726" level="INFO">${allowed_titles} = ['Mr', 'Ms', 'Miss', 'Mrs', 'Madame', 'Monsieur']</msg>
<var>${allowed_titles}</var>
<arg>Mr</arg>
<arg>Ms</arg>
<arg>Miss</arg>
<arg>Mrs</arg>
<arg>Madame</arg>
<arg>Monsieur</arg>
<doc>Returns a list containing given items.</doc>
<status status="PASS" start="2024-05-31T18:18:59.818576" elapsed="0.000175"/>
</kw>
<kw name="List Should Contain Value" owner="Collections">
<msg time="2024-05-31T18:18:59.819233" level="INFO">False</msg>
<arg>${allowed_titles}</arg>
<arg>${name_title}</arg>
<doc>Fails if the ``value`` is not found from ``list``.</doc>
<status status="PASS" start="2024-05-31T18:18:59.819057" elapsed="0.000211"/>
</kw>
<kw name="Set Variable" owner="BuiltIn">
<msg time="2024-05-31T18:18:59.820180" level="INFO">${name_country} = BR</msg>
<var>${name_country}</var>
<arg>${json_data["results"][0]["nat"]}</arg>
<doc>Returns the given values which can then be assigned to a variables.</doc>
<status status="PASS" start="2024-05-31T18:18:59.819611" elapsed="0.000594"/>
</kw>
<kw name="Create List" owner="BuiltIn">
<msg time="2024-05-31T18:18:59.821118" level="INFO">${list_country} = ['AD', 'AE', 'AF', 'AG', 'AI', 'AL', 'AM', 'AO', 'AQ', 'AR', 'AS', 'AT', 'AU', 'AW', 'AX', 'AZ', 'BA', 'BB', 'BD', 'BE', 'BF', 'BG', 'BH', 'BI', 'BJ', 'BL', 'BM', 'BN', 'BO', 'BQ', 'BR', 'BS', 'BT', '...</msg>
<var>${list_country}</var>
<arg>AD</arg>
<arg>AE</arg>
<arg>AF</arg>
<arg>AG</arg>
<arg>AI</arg>
<arg>AL</arg>
<arg>AM</arg>
<arg>AO</arg>
<arg>AQ</arg>
<arg>AR</arg>
<arg>AS</arg>
<arg>AT</arg>
<arg>AU</arg>
<arg>AW</arg>
<arg>AX</arg>
<arg>AZ</arg>
<arg>BA</arg>
<arg>BB</arg>
<arg>BD</arg>
<arg>BE</arg>
<arg>BF</arg>
<arg>BG</arg>
<arg>BH</arg>
<arg>BI</arg>
<arg>BJ</arg>
<arg>BL</arg>
<arg>BM</arg>
<arg>BN</arg>
<arg>BO</arg>
<arg>BQ</arg>
<arg>BR</arg>
<arg>BS</arg>
<arg>BT</arg>
<arg>BV</arg>
<arg>BW</arg>
<arg>BY</arg>
<arg>BZ</arg>
<arg>CA</arg>
<arg>CC</arg>
<arg>CD</arg>
<arg>CF</arg>
<arg>CG</arg>
<arg>CH</arg>
<arg>CI</arg>
<arg>CK</arg>
<arg>CL</arg>
<arg>CM</arg>
<arg>CN</arg>
<arg>CO</arg>
<arg>CR</arg>
<arg>CU</arg>
<arg>CV</arg>
<arg>CW</arg>
<arg>CX</arg>
<arg>CY</arg>
<arg>CZ</arg>
<arg>DE</arg>
<arg>DJ</arg>
<arg>DK</arg>
<arg>DM</arg>
<arg>DO</arg>
<arg>DZ</arg>
<arg>EC</arg>
<arg>EE</arg>
<arg>EG</arg>
<arg>EH</arg>
<arg>ER</arg>
<arg>ES</arg>
<arg>ET</arg>
<arg>FI</arg>
<arg>FJ</arg>
<arg>FK</arg>
<arg>FM</arg>
<arg>FO</arg>
<arg>FR</arg>
<arg>GA</arg>
<arg>GB</arg>
<arg>GD</arg>
<arg>GE</arg>
<arg>GF</arg>
<arg>GG</arg>
<arg>GH</arg>
<arg>GI</arg>
<arg>GL</arg>
<arg>GM</arg>
<arg>GN</arg>
<arg>GP</arg>
<arg>GQ</arg>
<arg>GR</arg>
<arg>GS</arg>
<arg>GT</arg>
<arg>GU</arg>
<arg>GW</arg>
<arg>GY</arg>
<arg>HK</arg>
<arg>HM</arg>
<arg>HN</arg>
<arg>HR</arg>
<arg>HT</arg>
<arg>HU</arg>
<arg>ID</arg>
<arg>IE</arg>
<arg>IL</arg>
<arg>IM</arg>
<arg>IN</arg>
<arg>IO</arg>
<arg>IQ</arg>
<arg>IR</arg>
<arg>IS</arg>
<arg>IT</arg>
<arg>JE</arg>
<arg>JM</arg>
<arg>JO</arg>
<arg>JP</arg>
<arg>KE</arg>
<arg>KG</arg>
<arg>KH</arg>
<arg>KI</arg>
<arg>KM</arg>
<arg>KN</arg>
<arg>KP</arg>
<arg>KR</arg>
<arg>KW</arg>
<arg>KY</arg>
<arg>KZ</arg>
<arg>LA</arg>
<arg>LB</arg>
<arg>LC</arg>
<arg>LI</arg>
<arg>LK</arg>
<arg>LR</arg>
<arg>LS</arg>
<arg>LT</arg>
<arg>LU</arg>
<arg>LV</arg>
<arg>LY</arg>
<arg>MA</arg>
<arg>MC</arg>
<arg>MD</arg>
<arg>ME</arg>
<arg>MF</arg>
<arg>MG</arg>
<arg>MH</arg>
<arg>MK</arg>
<arg>ML</arg>
<arg>MM</arg>
<arg>MN</arg>
<arg>MO</arg>
<arg>MP</arg>
<arg>MQ</arg>
<arg>MR</arg>
<arg>MS</arg>
<arg>MT</arg>
<arg>MU</arg>
<arg>MV</arg>
<arg>MW</arg>
<arg>MX</arg>
<arg>MY</arg>
<arg>MZ</arg>
<arg>NA</arg>
<arg>NC</arg>
<arg>NE</arg>
<arg>NF</arg>
<arg>NG</arg>
<arg>NI</arg>
<arg>NL</arg>
<arg>NO</arg>
<arg>NP</arg>
<arg>NR</arg>
<arg>NU</arg>
<arg>NZ</arg>
<arg>OM</arg>
<arg>PA</arg>
<arg>PE</arg>
<arg>PF</arg>
<arg>PG</arg>
<arg>PH</arg>
<arg>PK</arg>
<arg>PL</arg>
<arg>PM</arg>
<arg>PN</arg>
<arg>PR</arg>
<arg>PS</arg>
<arg>PT</arg>
<arg>PW</arg>
<arg>PY</arg>
<arg>QA</arg>
<arg>RE</arg>
<arg>RO</arg>
<arg>RS</arg>
<arg>RU</arg>
<arg>RW</arg>
<arg>SA</arg>
<arg>SB</arg>
<arg>SC</arg>
<arg>SD</arg>
<arg>SE</arg>
<arg>SG</arg>
<arg>SH</arg>
<arg>SI</arg>
<arg>SJ</arg>
<arg>SK</arg>
<arg>SL</arg>
<arg>SM</arg>
<arg>SN</arg>
<arg>SO</arg>
<arg>SR</arg>
<arg>SS</arg>
<arg>ST</arg>
<arg>SV</arg>
<arg>SX</arg>
<arg>SY</arg>
<arg>SZ</arg>
<arg>TC</arg>
<arg>TD</arg>
<arg>TF</arg>
<arg>TG</arg>
<arg>TH</arg>
<arg>TJ</arg>
<arg>TK</arg>
<arg>TL</arg>
<arg>TM</arg>
<arg>TN</arg>
<arg>TO</arg>
<arg>TR</arg>
<arg>TT</arg>
<arg>TV</arg>
<arg>TW</arg>
<arg>TZ</arg>
<arg>UA</arg>
<arg>UG</arg>
<arg>UM</arg>
<arg>US</arg>
<arg>UY</arg>
<arg>UZ</arg>
<arg>VA</arg>
<arg>VC</arg>
<arg>VE</arg>
<arg>VG</arg>
<arg>VI</arg>
<arg>VN</arg>
<arg>VU</arg>
<arg>WF</arg>
<arg>WS</arg>
<arg>XK</arg>
<arg>YE</arg>
<arg>YT</arg>
<arg>ZA</arg>
<arg>ZM</arg>
<arg>ZW</arg>
<doc>Returns a list containing given items.</doc>
<status status="PASS" start="2024-05-31T18:18:59.820518" elapsed="0.000654"/>
</kw>
<kw name="List Should Contain Value" owner="Collections">
<msg time="2024-05-31T18:18:59.822125" level="INFO">False</msg>
<arg>${list_country}</arg>
<arg>${name_country}</arg>
<doc>Fails if the ``value`` is not found from ``list``.</doc>
<status status="PASS" start="2024-05-31T18:18:59.821928" elapsed="0.000232"/>
</kw>
<kw name="Run Keyword If" owner="BuiltIn">
<kw name="Should Be True" owner="BuiltIn">
<arg>${True}</arg>
<doc>Fails if the given condition is not true.</doc>
<status status="PASS" start="2024-05-31T18:18:59.823219" elapsed="0.000170"/>
</kw>
<arg>${json_data["results"][0]["location"]["coordinates"]["latitude"]} &gt;= -90 and ${json_data["results"][0]["location"]["coordinates"]["latitude"]} &lt;= 90</arg>
<arg>Should Be True</arg>
<arg>${True}</arg>
<doc>Runs the given keyword with the given arguments, if ``condition`` is true.</doc>
<status status="PASS" start="2024-05-31T18:18:59.822472" elapsed="0.001043"/>
</kw>
<kw name="Run Keyword If" owner="BuiltIn">
<kw name="Should Be True" owner="BuiltIn">
<arg>${True}</arg>
<doc>Fails if the given condition is not true.</doc>
<status status="PASS" start="2024-05-31T18:18:59.824383" elapsed="0.000136"/>
</kw>
<arg>${json_data["results"][0]["location"]["coordinates"]["longitude"]} &gt;= -180 and ${json_data["results"][0]["location"]["coordinates"]["longitude"]} &lt;= 180</arg>
<arg>Should Be True</arg>
<arg>${True}</arg>
<doc>Runs the given keyword with the given arguments, if ``condition`` is true.</doc>
<status status="PASS" start="2024-05-31T18:18:59.823697" elapsed="0.000942"/>
</kw>
<status status="PASS" start="2024-05-31T18:18:59.723445" elapsed="0.101321"/>
</kw>
<doc>Testa o conteúdo específico dos campos retornados pela API.</doc>
<tag>testeConteudo</tag>
<status status="PASS" start="2024-05-31T18:18:59.722943" elapsed="0.101972"/>
</test>
<status status="PASS" start="2024-05-31T18:18:58.878661" elapsed="0.948193"/>
</suite>
<status status="PASS" start="2024-05-31T18:18:58.864769" elapsed="0.967274"/>
</suite>
<statistics>
<total>
<stat pass="5" fail="0" skip="0">All Tests</stat>
</total>
<tag>
<stat pass="1" fail="0" skip="0">testeConteudo</stat>
<stat pass="1" fail="0" skip="0">testeEstruturaResposta</stat>
<stat pass="1" fail="0" skip="0">testeRequisicaoBasica</stat>
<stat pass="1" fail="0" skip="0">testeTiposDados</stat>
</tag>
<suite>
<stat pass="5" fail="0" skip="0" id="s1" name="Tests">Tests</stat>
<stat pass="5" fail="0" skip="0" id="s1-s1" name="Random-User-Test">Tests.Random-User-Test</stat>
</suite>
</statistics>
<errors>
</errors>
</robot>
