<?xml version="1.0" encoding="UTF-8"?>
<robot generator="Robot 7.0.1 (Python 3.12.4 on linux)" generated="2024-07-10T15:17:08.353380" rpa="false" schemaversion="5">
<suite id="s1" name="Tests" source="/home/runner/work/ApiRandomUser/ApiRandomUser/RamdonUser/tests">
<suite id="s1-s1" name="Random-User-Test" source="/home/runner/work/ApiRandomUser/ApiRandomUser/RamdonUser/tests/random-user-test.robot">
<test id="s1-s1-t1" name="Conectar" line="13">
<kw name="Conectar API" owner="random-user-service">
<kw name="Create Session" owner="RequestsLibrary">
<msg time="2024-07-10T15:17:08.740887" level="INFO">Creating Session using : alias=consultarAPI, url=https://randomuser.me/, headers={},                     cookies={}, auth=None, timeout=None, proxies=None, verify=False,                     debug=0 </msg>
<arg>consultarAPI</arg>
<arg>${URL}</arg>
<doc>Create Session: create a HTTP session to a server</doc>
<status status="PASS" start="2024-07-10T15:17:08.740689" elapsed="0.000376"/>
</kw>
<status status="PASS" start="2024-07-10T15:17:08.739744" elapsed="0.001666"/>
</kw>
<status status="PASS" start="2024-07-10T15:17:08.739209" elapsed="0.002395"/>
</test>
<test id="s1-s1-t2" name="Validar retorno 200 e JSON Válido" line="16">
<kw name="Teste de Requisicao Basica" owner="random-user-service">
<kw name="GET On Session" owner="RequestsLibrary">
<msg time="2024-07-10T15:17:11.631204" level="INFO">GET Request : url=https://randomuser.me/api 
 path_url=/api 
 headers={'User-Agent': 'python-requests/2.32.3', 'Accept-Encoding': 'gzip, deflate', 'Accept': '*/*', 'Connection': 'keep-alive'} 
 body=None 
 </msg>
<msg time="2024-07-10T15:17:11.631357" level="INFO">GET Response : url=https://randomuser.me/api 
 status=200, reason=OK 
 headers={'Date': 'Wed, 10 Jul 2024 15:17:11 GMT', 'Content-Type': 'application/json; charset=utf-8', 'Transfer-Encoding': 'chunked', 'Connection': 'keep-alive', 'X-Powered-By': 'Express', 'Access-Control-Allow-Origin': '*', 'Cache-Control': 'no-cache', 'ETag': 'W/"484-3yFuO+G2mVXOHDN9rMV43ygjnY4"', 'Vary': 'Accept-Encoding', 'Content-Encoding': 'gzip', 'CF-Cache-Status': 'DYNAMIC', 'Report-To': '{"endpoints":[{"url":"https:\\/\\/a.nel.cloudflare.com\\/report\\/v4?s=T9KIGQw3MInKf3y764sYR8LxF2vgzGWDTadZIv9qWL%2FA%2BZK9csR0v1Qj1GM%2FG9z288jto1oaOt1M3xCm5hJhqCyEehaxAHL%2BmiGPfFbsz%2FaMfLt3PVOpfwpXzoGDCYtB"}],"group":"cf-nel","max_age":604800}', 'NEL': '{"success_fraction":0,"report_to":"cf-nel","max_age":604800}', 'Server': 'cloudflare', 'CF-RAY': '8a1184db5d3f616c-ORD', 'alt-svc': 'h3=":443"; ma=86400'} 
 body={"results":[{"gender":"male","name":{"title":"Mr","first":"Klaus-D.","last":"Blome"},"location":{"street":{"number":4023,"name":"Raiffeisenstraße"},"city":"Wipperfürth","state":"Niedersachsen","country":"Germany","postcode":73474,"coordinates":{"latitude":"-51.6605","longitude":"-24.3817"},"timezone":{"offset":"-9:00","description":"Alaska"}},"email":"klaus-d..blome@example.com","login":{"uuid":"9026cf8b-c685-4055-915f-ca9babf3b70c","username":"greenzebra810","password":"aubrey","salt":"WzGtatuf","md5":"f7a5d683eba813433f3d742ccada1f7a","sha1":"e1a9a9b4d19e9602b4e1d168090a874f62cda7cb","sha256":"bda965c204bde6343672c2d96405e316600e6aec8a6442bf879a01877518d3f3"},"dob":{"date":"1983-05-25T22:35:50.220Z","age":41},"registered":{"date":"2013-09-01T20:11:07.205Z","age":10},"phone":"0669-2740783","cell":"0178-0090020","id":{"name":"SVNR","value":"20 250583 B 142"},"picture":{"large":"https://randomuser.me/api/portraits/men/70.jpg","medium":"https://randomuser.me/api/portraits/med/men/70.jpg","thumbnail":"https://randomuser.me/api/portraits/thumb/men/70.jpg"},"nat":"DE"}],"info":{"seed":"7fa08328db2def33","results":1,"page":1,"version":"1.4"}} 
 </msg>
<msg time="2024-07-10T15:17:11.631443" level="INFO">/opt/hostedtoolcache/Python/3.12.4/x64/lib/python3.12/site-packages/urllib3/connectionpool.py:1099: InsecureRequestWarning: Unverified HTTPS request is being made to host 'randomuser.me'. Adding certificate verification is strongly advised. See: https://urllib3.readthedocs.io/en/latest/advanced-usage.html#tls-warnings
  warnings.warn(</msg>
<msg time="2024-07-10T15:17:11.631594" level="INFO">${response} = &lt;Response [200]&gt;</msg>
<var>${response}</var>
<arg>consultarAPI</arg>
<arg>/api</arg>
<doc>Sends a GET request on a previously created HTTP Session.</doc>
<status status="PASS" start="2024-07-10T15:17:08.744205" elapsed="2.887431"/>
</kw>
<kw name="Should Be Equal As Numbers" owner="BuiltIn">
<msg time="2024-07-10T15:17:11.632805" level="INFO">Argument types are:
&lt;class 'int'&gt;
&lt;class 'str'&gt;</msg>
<arg>${response.status_code}</arg>
<arg>200</arg>
<doc>Fails if objects are unequal after converting them to real numbers.</doc>
<status status="PASS" start="2024-07-10T15:17:11.632309" elapsed="0.000561"/>
</kw>
<kw name="Log" owner="BuiltIn">
<msg time="2024-07-10T15:17:11.633528" level="INFO">200</msg>
<arg>${response.status_code}</arg>
<doc>Logs the given message with the given level.</doc>
<status status="PASS" start="2024-07-10T15:17:11.633183" elapsed="0.000387"/>
</kw>
<kw name="Set Variable" owner="BuiltIn">
<msg time="2024-07-10T15:17:11.634308" level="INFO">${json_data} = {'results': [{'gender': 'male', 'name': {'title': 'Mr', 'first': 'Klaus-D.', 'last': 'Blome'}, 'location': {'street': {'number': 4023, 'name': 'Raiffeisenstraße'}, 'city': 'Wipperfürth', 'state': 'Nie...</msg>
<var>${json_data}</var>
<arg>${response.json()}</arg>
<doc>Returns the given values which can then be assigned to a variables.</doc>
<status status="PASS" start="2024-07-10T15:17:11.633876" elapsed="0.000461"/>
</kw>
<kw name="Dictionary Should Contain Key" owner="Collections">
<arg>${json_data}</arg>
<arg>results</arg>
<doc>Fails if ``key`` is not found from ``dictionary``.</doc>
<status status="PASS" start="2024-07-10T15:17:11.634667" elapsed="0.000162"/>
</kw>
<status status="PASS" start="2024-07-10T15:17:08.743959" elapsed="2.891018"/>
</kw>
<doc>Testa se a API responde corretamente e retorna um objeto JSON válido.</doc>
<tag>testeRequisicaoBasica</tag>
<status status="PASS" start="2024-07-10T15:17:08.743504" elapsed="2.891646"/>
</test>
<test id="s1-s1-t3" name="Validar estrutura de resposta" line="22">
<kw name="Teste de Estrutura de Resposta" owner="random-user-service">
<kw name="GET On Session" owner="RequestsLibrary">
<msg time="2024-07-10T15:17:13.784523" level="INFO">GET Request : url=https://randomuser.me/api 
 path_url=/api 
 headers={'User-Agent': 'python-requests/2.32.3', 'Accept-Encoding': 'gzip, deflate', 'Accept': '*/*', 'Connection': 'keep-alive'} 
 body=None 
 </msg>
<msg time="2024-07-10T15:17:13.784642" level="INFO">GET Response : url=https://randomuser.me/api 
 status=200, reason=OK 
 headers={'Date': 'Wed, 10 Jul 2024 15:17:13 GMT', 'Content-Type': 'application/json; charset=utf-8', 'Transfer-Encoding': 'chunked', 'Connection': 'keep-alive', 'X-Powered-By': 'Express', 'Access-Control-Allow-Origin': '*', 'Cache-Control': 'no-cache', 'ETag': 'W/"484-6+I9om51FBZHo4SaV/nrBaV7dXw"', 'Vary': 'Accept-Encoding', 'Content-Encoding': 'gzip', 'CF-Cache-Status': 'DYNAMIC', 'Report-To': '{"endpoints":[{"url":"https:\\/\\/a.nel.cloudflare.com\\/report\\/v4?s=bDHJdN3w8ZaqK%2Bj0yjzTGOagfZEz4xFYtl4wcJLDDxcO7mr2H0jE6rBGlvMVmLCW1tUtmRBziadEtese3reHEgSd2%2FD%2BwXRaED29OLaWnZwAMInrprf8oK%2BlLeCVQhvb"}],"group":"cf-nel","max_age":604800}', 'NEL': '{"success_fraction":0,"report_to":"cf-nel","max_age":604800}', 'Server': 'cloudflare', 'CF-RAY': '8a1184ebc9ac616c-ORD', 'alt-svc': 'h3=":443"; ma=86400'} 
 body={"results":[{"gender":"male","name":{"title":"Monsieur","first":"Rémy","last":"Carpentier"},"location":{"street":{"number":6893,"name":"Avenue du Château"},"city":"Graben","state":"Aargau","country":"Switzerland","postcode":1774,"coordinates":{"latitude":"-62.3450","longitude":"-86.0635"},"timezone":{"offset":"+3:30","description":"Tehran"}},"email":"remy.carpentier@example.com","login":{"uuid":"d29b150b-7176-4db1-9502-0d051e698dfd","username":"angrydog154","password":"fergie","salt":"EeBA3Rf1","md5":"88b469f11a0d5af5230c02bc7df33d1b","sha1":"51db776347cf550a7c4b173ec577a6e0cc5f1133","sha256":"51572435c81ac0ea7a5319129c4874b714dea88dc53327b0fdf80ad248b21cfe"},"dob":{"date":"1992-02-29T09:46:41.160Z","age":32},"registered":{"date":"2002-12-20T01:51:02.791Z","age":21},"phone":"079 465 89 82","cell":"077 029 74 65","id":{"name":"AVS","value":"756.8681.3246.65"},"picture":{"large":"https://randomuser.me/api/portraits/men/36.jpg","medium":"https://randomuser.me/api/portraits/med/men/36.jpg","thumbnail":"https://randomuser.me/api/portraits/thumb/men/36.jpg"},"nat":"CH"}],"info":{"seed":"e0ca824722facd30","results":1,"page":1,"version":"1.4"}} 
 </msg>
<msg time="2024-07-10T15:17:13.784799" level="INFO">/opt/hostedtoolcache/Python/3.12.4/x64/lib/python3.12/site-packages/urllib3/connectionpool.py:1099: InsecureRequestWarning: Unverified HTTPS request is being made to host 'randomuser.me'. Adding certificate verification is strongly advised. See: https://urllib3.readthedocs.io/en/latest/advanced-usage.html#tls-warnings
  warnings.warn(</msg>
<msg time="2024-07-10T15:17:13.784949" level="INFO">${response} = &lt;Response [200]&gt;</msg>
<var>${response}</var>
<arg>consultarAPI</arg>
<arg>/api</arg>
<doc>Sends a GET request on a previously created HTTP Session.</doc>
<status status="PASS" start="2024-07-10T15:17:11.637712" elapsed="2.147284"/>
</kw>
<kw name="Set Variable" owner="BuiltIn">
<msg time="2024-07-10T15:17:13.786024" level="INFO">${json_data} = {'results': [{'gender': 'male', 'name': {'title': 'Monsieur', 'first': 'Rémy', 'last': 'Carpentier'}, 'location': {'street': {'number': 6893, 'name': 'Avenue du Château'}, 'city': 'Graben', 'state': '...</msg>
<var>${json_data}</var>
<arg>${response.json()}</arg>
<doc>Returns the given values which can then be assigned to a variables.</doc>
<status status="PASS" start="2024-07-10T15:17:13.785500" elapsed="0.000554"/>
</kw>
<kw name="Log" owner="BuiltIn">
<msg time="2024-07-10T15:17:13.786560" level="INFO">{'results': [{'gender': 'male', 'name': {'title': 'Monsieur', 'first': 'Rémy', 'last': 'Carpentier'}, 'location': {'street': {'number': 6893, 'name': 'Avenue du Château'}, 'city': 'Graben', 'state': 'Aargau', 'country': 'Switzerland', 'postcode': 1774, 'coordinates': {'latitude': '-62.3450', 'longitude': '-86.0635'}, 'timezone': {'offset': '+3:30', 'description': 'Tehran'}}, 'email': 'remy.carpentier@example.com', 'login': {'uuid': 'd29b150b-7176-4db1-9502-0d051e698dfd', 'username': 'angrydog154', 'password': 'fergie', 'salt': 'EeBA3Rf1', 'md5': '88b469f11a0d5af5230c02bc7df33d1b', 'sha1': '51db776347cf550a7c4b173ec577a6e0cc5f1133', 'sha256': '51572435c81ac0ea7a5319129c4874b714dea88dc53327b0fdf80ad248b21cfe'}, 'dob': {'date': '1992-02-29T09:46:41.160Z', 'age': 32}, 'registered': {'date': '2002-12-20T01:51:02.791Z', 'age': 21}, 'phone': '079 465 89 82', 'cell': '077 029 74 65', 'id': {'name': 'AVS', 'value': '756.8681.3246.65'}, 'picture': {'large': 'https://randomuser.me/api/portraits/men/36.jpg', 'medium': 'https://randomuser.me/api/portraits/med/men/36.jpg', 'thumbnail': 'https://randomuser.me/api/portraits/thumb/men/36.jpg'}, 'nat': 'CH'}], 'info': {'seed': 'e0ca824722facd30', 'results': 1, 'page': 1, 'version': '1.4'}}</msg>
<arg>${json_data}</arg>
<doc>Logs the given message with the given level.</doc>
<status status="PASS" start="2024-07-10T15:17:13.786366" elapsed="0.000250"/>
</kw>
<kw name="Dictionary Should Contain Key" owner="Collections">
<arg>${json_data}</arg>
<arg>results</arg>
<doc>Fails if ``key`` is not found from ``dictionary``.</doc>
<status status="PASS" start="2024-07-10T15:17:13.786934" elapsed="0.000155"/>
</kw>
<kw name="Should Not Be Empty" owner="BuiltIn">
<msg time="2024-07-10T15:17:13.787402" level="INFO">Length is 2.</msg>
<arg>${json_data}</arg>
<doc>Verifies that the given item is not empty.</doc>
<status status="PASS" start="2024-07-10T15:17:13.787276" elapsed="0.000169"/>
</kw>
<kw name="Create List" owner="BuiltIn">
<msg time="2024-07-10T15:17:13.788043" level="INFO">${expected_keys} = ['gender', 'name', 'location', 'email', 'login']</msg>
<var>${expected_keys}</var>
<arg>gender</arg>
<arg>name</arg>
<arg>location</arg>
<arg>email</arg>
<arg>login</arg>
<doc>Returns a list containing given items.</doc>
<status status="PASS" start="2024-07-10T15:17:13.787738" elapsed="0.000329"/>
</kw>
<for flavor="IN">
<iter>
<kw name="Dictionary Should Contain Key" owner="Collections">
<arg>${json_data['results'][0]}</arg>
<arg>${key}</arg>
<doc>Fails if ``key`` is not found from ``dictionary``.</doc>
<status status="PASS" start="2024-07-10T15:17:13.788647" elapsed="0.000394"/>
</kw>
<kw name="Log" owner="BuiltIn">
<msg time="2024-07-10T15:17:13.789584" level="INFO">{'gender': 'male', 'name': {'title': 'Monsieur', 'first': 'Rémy', 'last': 'Carpentier'}, 'location': {'street': {'number': 6893, 'name': 'Avenue du Château'}, 'city': 'Graben', 'state': 'Aargau', 'country': 'Switzerland', 'postcode': 1774, 'coordinates': {'latitude': '-62.3450', 'longitude': '-86.0635'}, 'timezone': {'offset': '+3:30', 'description': 'Tehran'}}, 'email': 'remy.carpentier@example.com', 'login': {'uuid': 'd29b150b-7176-4db1-9502-0d051e698dfd', 'username': 'angrydog154', 'password': 'fergie', 'salt': 'EeBA3Rf1', 'md5': '88b469f11a0d5af5230c02bc7df33d1b', 'sha1': '51db776347cf550a7c4b173ec577a6e0cc5f1133', 'sha256': '51572435c81ac0ea7a5319129c4874b714dea88dc53327b0fdf80ad248b21cfe'}, 'dob': {'date': '1992-02-29T09:46:41.160Z', 'age': 32}, 'registered': {'date': '2002-12-20T01:51:02.791Z', 'age': 21}, 'phone': '079 465 89 82', 'cell': '077 029 74 65', 'id': {'name': 'AVS', 'value': '756.8681.3246.65'}, 'picture': {'large': 'https://randomuser.me/api/portraits/men/36.jpg', 'medium': 'https://randomuser.me/api/portraits/med/men/36.jpg', 'thumbnail': 'https://randomuser.me/api/portraits/thumb/men/36.jpg'}, 'nat': 'CH'}</msg>
<arg>${json_data['results'][0]}</arg>
<doc>Logs the given message with the given level.</doc>
<status status="PASS" start="2024-07-10T15:17:13.789224" elapsed="0.000410"/>
</kw>
<kw name="Log" owner="BuiltIn">
<msg time="2024-07-10T15:17:13.790061" level="INFO">gender</msg>
<arg>${key}</arg>
<doc>Logs the given message with the given level.</doc>
<status status="PASS" start="2024-07-10T15:17:13.789933" elapsed="0.000171"/>
</kw>
<var name="${key}">gender</var>
<status status="PASS" start="2024-07-10T15:17:13.788524" elapsed="0.001797"/>
</iter>
<iter>
<kw name="Dictionary Should Contain Key" owner="Collections">
<arg>${json_data['results'][0]}</arg>
<arg>${key}</arg>
<doc>Fails if ``key`` is not found from ``dictionary``.</doc>
<status status="PASS" start="2024-07-10T15:17:13.790650" elapsed="0.000383"/>
</kw>
<kw name="Log" owner="BuiltIn">
<msg time="2024-07-10T15:17:13.791560" level="INFO">{'gender': 'male', 'name': {'title': 'Monsieur', 'first': 'Rémy', 'last': 'Carpentier'}, 'location': {'street': {'number': 6893, 'name': 'Avenue du Château'}, 'city': 'Graben', 'state': 'Aargau', 'country': 'Switzerland', 'postcode': 1774, 'coordinates': {'latitude': '-62.3450', 'longitude': '-86.0635'}, 'timezone': {'offset': '+3:30', 'description': 'Tehran'}}, 'email': 'remy.carpentier@example.com', 'login': {'uuid': 'd29b150b-7176-4db1-9502-0d051e698dfd', 'username': 'angrydog154', 'password': 'fergie', 'salt': 'EeBA3Rf1', 'md5': '88b469f11a0d5af5230c02bc7df33d1b', 'sha1': '51db776347cf550a7c4b173ec577a6e0cc5f1133', 'sha256': '51572435c81ac0ea7a5319129c4874b714dea88dc53327b0fdf80ad248b21cfe'}, 'dob': {'date': '1992-02-29T09:46:41.160Z', 'age': 32}, 'registered': {'date': '2002-12-20T01:51:02.791Z', 'age': 21}, 'phone': '079 465 89 82', 'cell': '077 029 74 65', 'id': {'name': 'AVS', 'value': '756.8681.3246.65'}, 'picture': {'large': 'https://randomuser.me/api/portraits/men/36.jpg', 'medium': 'https://randomuser.me/api/portraits/med/men/36.jpg', 'thumbnail': 'https://randomuser.me/api/portraits/thumb/men/36.jpg'}, 'nat': 'CH'}</msg>
<arg>${json_data['results'][0]}</arg>
<doc>Logs the given message with the given level.</doc>
<status status="PASS" start="2024-07-10T15:17:13.791214" elapsed="0.000427"/>
</kw>
<kw name="Log" owner="BuiltIn">
<msg time="2024-07-10T15:17:13.792067" level="INFO">name</msg>
<arg>${key}</arg>
<doc>Logs the given message with the given level.</doc>
<status status="PASS" start="2024-07-10T15:17:13.791940" elapsed="0.000163"/>
</kw>
<var name="${key}">name</var>
<status status="PASS" start="2024-07-10T15:17:13.790538" elapsed="0.001780"/>
</iter>
<iter>
<kw name="Dictionary Should Contain Key" owner="Collections">
<arg>${json_data['results'][0]}</arg>
<arg>${key}</arg>
<doc>Fails if ``key`` is not found from ``dictionary``.</doc>
<status status="PASS" start="2024-07-10T15:17:13.792599" elapsed="0.000371"/>
</kw>
<kw name="Log" owner="BuiltIn">
<msg time="2024-07-10T15:17:13.793495" level="INFO">{'gender': 'male', 'name': {'title': 'Monsieur', 'first': 'Rémy', 'last': 'Carpentier'}, 'location': {'street': {'number': 6893, 'name': 'Avenue du Château'}, 'city': 'Graben', 'state': 'Aargau', 'country': 'Switzerland', 'postcode': 1774, 'coordinates': {'latitude': '-62.3450', 'longitude': '-86.0635'}, 'timezone': {'offset': '+3:30', 'description': 'Tehran'}}, 'email': 'remy.carpentier@example.com', 'login': {'uuid': 'd29b150b-7176-4db1-9502-0d051e698dfd', 'username': 'angrydog154', 'password': 'fergie', 'salt': 'EeBA3Rf1', 'md5': '88b469f11a0d5af5230c02bc7df33d1b', 'sha1': '51db776347cf550a7c4b173ec577a6e0cc5f1133', 'sha256': '51572435c81ac0ea7a5319129c4874b714dea88dc53327b0fdf80ad248b21cfe'}, 'dob': {'date': '1992-02-29T09:46:41.160Z', 'age': 32}, 'registered': {'date': '2002-12-20T01:51:02.791Z', 'age': 21}, 'phone': '079 465 89 82', 'cell': '077 029 74 65', 'id': {'name': 'AVS', 'value': '756.8681.3246.65'}, 'picture': {'large': 'https://randomuser.me/api/portraits/men/36.jpg', 'medium': 'https://randomuser.me/api/portraits/med/men/36.jpg', 'thumbnail': 'https://randomuser.me/api/portraits/thumb/men/36.jpg'}, 'nat': 'CH'}</msg>
<arg>${json_data['results'][0]}</arg>
<doc>Logs the given message with the given level.</doc>
<status status="PASS" start="2024-07-10T15:17:13.793149" elapsed="0.000395"/>
</kw>
<kw name="Log" owner="BuiltIn">
<msg time="2024-07-10T15:17:13.793966" level="INFO">location</msg>
<arg>${key}</arg>
<doc>Logs the given message with the given level.</doc>
<status status="PASS" start="2024-07-10T15:17:13.793841" elapsed="0.000162"/>
</kw>
<var name="${key}">location</var>
<status status="PASS" start="2024-07-10T15:17:13.792492" elapsed="0.001724"/>
</iter>
<iter>
<kw name="Dictionary Should Contain Key" owner="Collections">
<arg>${json_data['results'][0]}</arg>
<arg>${key}</arg>
<doc>Fails if ``key`` is not found from ``dictionary``.</doc>
<status status="PASS" start="2024-07-10T15:17:13.794511" elapsed="0.000396"/>
</kw>
<kw name="Log" owner="BuiltIn">
<msg time="2024-07-10T15:17:13.795437" level="INFO">{'gender': 'male', 'name': {'title': 'Monsieur', 'first': 'Rémy', 'last': 'Carpentier'}, 'location': {'street': {'number': 6893, 'name': 'Avenue du Château'}, 'city': 'Graben', 'state': 'Aargau', 'country': 'Switzerland', 'postcode': 1774, 'coordinates': {'latitude': '-62.3450', 'longitude': '-86.0635'}, 'timezone': {'offset': '+3:30', 'description': 'Tehran'}}, 'email': 'remy.carpentier@example.com', 'login': {'uuid': 'd29b150b-7176-4db1-9502-0d051e698dfd', 'username': 'angrydog154', 'password': 'fergie', 'salt': 'EeBA3Rf1', 'md5': '88b469f11a0d5af5230c02bc7df33d1b', 'sha1': '51db776347cf550a7c4b173ec577a6e0cc5f1133', 'sha256': '51572435c81ac0ea7a5319129c4874b714dea88dc53327b0fdf80ad248b21cfe'}, 'dob': {'date': '1992-02-29T09:46:41.160Z', 'age': 32}, 'registered': {'date': '2002-12-20T01:51:02.791Z', 'age': 21}, 'phone': '079 465 89 82', 'cell': '077 029 74 65', 'id': {'name': 'AVS', 'value': '756.8681.3246.65'}, 'picture': {'large': 'https://randomuser.me/api/portraits/men/36.jpg', 'medium': 'https://randomuser.me/api/portraits/med/men/36.jpg', 'thumbnail': 'https://randomuser.me/api/portraits/thumb/men/36.jpg'}, 'nat': 'CH'}</msg>
<arg>${json_data['results'][0]}</arg>
<doc>Logs the given message with the given level.</doc>
<status status="PASS" start="2024-07-10T15:17:13.795088" elapsed="0.000398"/>
</kw>
<kw name="Log" owner="BuiltIn">
<msg time="2024-07-10T15:17:13.795906" level="INFO">email</msg>
<arg>${key}</arg>
<doc>Logs the given message with the given level.</doc>
<status status="PASS" start="2024-07-10T15:17:13.795782" elapsed="0.000162"/>
</kw>
<var name="${key}">email</var>
<status status="PASS" start="2024-07-10T15:17:13.794381" elapsed="0.001776"/>
</iter>
<iter>
<kw name="Dictionary Should Contain Key" owner="Collections">
<arg>${json_data['results'][0]}</arg>
<arg>${key}</arg>
<doc>Fails if ``key`` is not found from ``dictionary``.</doc>
<status status="PASS" start="2024-07-10T15:17:13.796436" elapsed="0.000385"/>
</kw>
<kw name="Log" owner="BuiltIn">
<msg time="2024-07-10T15:17:13.797348" level="INFO">{'gender': 'male', 'name': {'title': 'Monsieur', 'first': 'Rémy', 'last': 'Carpentier'}, 'location': {'street': {'number': 6893, 'name': 'Avenue du Château'}, 'city': 'Graben', 'state': 'Aargau', 'country': 'Switzerland', 'postcode': 1774, 'coordinates': {'latitude': '-62.3450', 'longitude': '-86.0635'}, 'timezone': {'offset': '+3:30', 'description': 'Tehran'}}, 'email': 'remy.carpentier@example.com', 'login': {'uuid': 'd29b150b-7176-4db1-9502-0d051e698dfd', 'username': 'angrydog154', 'password': 'fergie', 'salt': 'EeBA3Rf1', 'md5': '88b469f11a0d5af5230c02bc7df33d1b', 'sha1': '51db776347cf550a7c4b173ec577a6e0cc5f1133', 'sha256': '51572435c81ac0ea7a5319129c4874b714dea88dc53327b0fdf80ad248b21cfe'}, 'dob': {'date': '1992-02-29T09:46:41.160Z', 'age': 32}, 'registered': {'date': '2002-12-20T01:51:02.791Z', 'age': 21}, 'phone': '079 465 89 82', 'cell': '077 029 74 65', 'id': {'name': 'AVS', 'value': '756.8681.3246.65'}, 'picture': {'large': 'https://randomuser.me/api/portraits/men/36.jpg', 'medium': 'https://randomuser.me/api/portraits/med/men/36.jpg', 'thumbnail': 'https://randomuser.me/api/portraits/thumb/men/36.jpg'}, 'nat': 'CH'}</msg>
<arg>${json_data['results'][0]}</arg>
<doc>Logs the given message with the given level.</doc>
<status status="PASS" start="2024-07-10T15:17:13.796999" elapsed="0.000398"/>
</kw>
<kw name="Log" owner="BuiltIn">
<msg time="2024-07-10T15:17:13.797814" level="INFO">login</msg>
<arg>${key}</arg>
<doc>Logs the given message with the given level.</doc>
<status status="PASS" start="2024-07-10T15:17:13.797689" elapsed="0.000163"/>
</kw>
<var name="${key}">login</var>
<status status="PASS" start="2024-07-10T15:17:13.796324" elapsed="0.001742"/>
</iter>
<var>${key}</var>
<value>@{expected_keys}</value>
<status status="PASS" start="2024-07-10T15:17:13.788331" elapsed="0.009853"/>
</for>
<kw name="Create List" owner="BuiltIn">
<msg time="2024-07-10T15:17:13.798530" level="INFO">${expected_keysTwo} = ['username', 'password']</msg>
<var>${expected_keysTwo}</var>
<arg>username</arg>
<arg>password</arg>
<doc>Returns a list containing given items.</doc>
<status status="PASS" start="2024-07-10T15:17:13.798370" elapsed="0.000190"/>
</kw>
<for flavor="IN">
<iter>
<kw name="Dictionary Should Contain Key" owner="Collections">
<arg>${json_data['results'][0]['login']}</arg>
<arg>${keyTwo}</arg>
<doc>Fails if ``key`` is not found from ``dictionary``.</doc>
<status status="PASS" start="2024-07-10T15:17:13.799086" elapsed="0.000384"/>
</kw>
<kw name="Dictionary Should Contain Key" owner="Collections">
<arg>${json_data['results'][0]['login']}</arg>
<arg>${keyTwo}</arg>
<doc>Fails if ``key`` is not found from ``dictionary``.</doc>
<status status="PASS" start="2024-07-10T15:17:13.799648" elapsed="0.000369"/>
</kw>
<kw name="Log" owner="BuiltIn">
<msg time="2024-07-10T15:17:13.800319" level="INFO">username</msg>
<arg>${keyTwo}</arg>
<doc>Logs the given message with the given level.</doc>
<status status="PASS" start="2024-07-10T15:17:13.800201" elapsed="0.000155"/>
</kw>
<var name="${keyTwo}">username</var>
<status status="PASS" start="2024-07-10T15:17:13.798977" elapsed="0.001598"/>
</iter>
<iter>
<kw name="Dictionary Should Contain Key" owner="Collections">
<arg>${json_data['results'][0]['login']}</arg>
<arg>${keyTwo}</arg>
<doc>Fails if ``key`` is not found from ``dictionary``.</doc>
<status status="PASS" start="2024-07-10T15:17:13.800848" elapsed="0.000375"/>
</kw>
<kw name="Dictionary Should Contain Key" owner="Collections">
<arg>${json_data['results'][0]['login']}</arg>
<arg>${keyTwo}</arg>
<doc>Fails if ``key`` is not found from ``dictionary``.</doc>
<status status="PASS" start="2024-07-10T15:17:13.801398" elapsed="0.000363"/>
</kw>
<kw name="Log" owner="BuiltIn">
<msg time="2024-07-10T15:17:13.802049" level="INFO">password</msg>
<arg>${keyTwo}</arg>
<doc>Logs the given message with the given level.</doc>
<status status="PASS" start="2024-07-10T15:17:13.801934" elapsed="0.000151"/>
</kw>
<var name="${keyTwo}">password</var>
<status status="PASS" start="2024-07-10T15:17:13.800743" elapsed="0.001649"/>
</iter>
<var>${keyTwo}</var>
<value>@{expected_keysTwo}</value>
<status status="PASS" start="2024-07-10T15:17:13.798821" elapsed="0.003718"/>
</for>
<status status="PASS" start="2024-07-10T15:17:11.637477" elapsed="2.165211"/>
</kw>
<doc>Testa a estrutura da resposta da API.</doc>
<tag>testeEstruturaResposta</tag>
<status status="PASS" start="2024-07-10T15:17:11.636974" elapsed="2.165869"/>
</test>
<test id="s1-s1-t4" name="Validar tipos de dados" line="28">
<kw name="Teste de Tipos de Dados" owner="random-user-service">
<kw name="GET On Session" owner="RequestsLibrary">
<msg time="2024-07-10T15:17:14.936948" level="INFO">GET Request : url=https://randomuser.me/api 
 path_url=/api 
 headers={'User-Agent': 'python-requests/2.32.3', 'Accept-Encoding': 'gzip, deflate', 'Accept': '*/*', 'Connection': 'keep-alive'} 
 body=None 
 </msg>
<msg time="2024-07-10T15:17:14.937061" level="INFO">GET Response : url=https://randomuser.me/api 
 status=200, reason=OK 
 headers={'Date': 'Wed, 10 Jul 2024 15:17:14 GMT', 'Content-Type': 'application/json; charset=utf-8', 'Transfer-Encoding': 'chunked', 'Connection': 'keep-alive', 'X-Powered-By': 'Express', 'Access-Control-Allow-Origin': '*', 'Cache-Control': 'no-cache', 'ETag': 'W/"495-UHjGNj6zcaB5MWIY5HlHDod5TOc"', 'Vary': 'Accept-Encoding', 'Content-Encoding': 'gzip', 'CF-Cache-Status': 'DYNAMIC', 'Report-To': '{"endpoints":[{"url":"https:\\/\\/a.nel.cloudflare.com\\/report\\/v4?s=ctR66fcPhZAdlDHx96dLg1eVnuEG%2B5%2Bq3%2BS4LkrMxaL1lKABe4iqJ828GbETAIVDcFfZit9KGutVgOed15WRRETAeTBETmiZBCdWe8eLprW1ffDNtHl%2FVQIKGh%2Fq11Nm"}],"group":"cf-nel","max_age":604800}', 'NEL': '{"success_fraction":0,"report_to":"cf-nel","max_age":604800}', 'Server': 'cloudflare', 'CF-RAY': '8a1184f95af0616c-ORD', 'alt-svc': 'h3=":443"; ma=86400'} 
 body={"results":[{"gender":"female","name":{"title":"Mrs","first":"Maddison","last":"Singh"},"location":{"street":{"number":1514,"name":"Innes Road"},"city":"Taupo","state":"Hawke'S Bay","country":"New Zealand","postcode":52420,"coordinates":{"latitude":"48.7090","longitude":"83.3153"},"timezone":{"offset":"+9:00","description":"Tokyo, Seoul, Osaka, Sapporo, Yakutsk"}},"email":"maddison.singh@example.com","login":{"uuid":"9a6e26b4-714e-40c7-87d0-8aba621d5735","username":"beautifullion718","password":"spencer1","salt":"gs3cUBGB","md5":"1a33ba79cb37ac99b0cb354ac9abda52","sha1":"60f21cd4fa74c87f12b8e3cb487df25ff6d5006b","sha256":"1b96d9cb99d34392b0cbc1aaec8190ffacd1d6381f38a1f5d06fc246c3d1dc99"},"dob":{"date":"1985-02-28T17:37:44.518Z","age":39},"registered":{"date":"2015-11-21T15:58:32.798Z","age":8},"phone":"(108)-342-3656","cell":"(095)-826-5613","id":{"name":"","value":null},"picture":{"large":"https://randomuser.me/api/portraits/women/39.jpg","medium":"https://randomuser.me/api/portraits/med/women/39.jpg","thumbnail":"https://randomuser.me/api/portraits/thumb/women/39.jpg"},"nat":"NZ"}],"info":{"seed":"37bff11f35e0ebc2","results":1,"page":1,"version":"1.4"}} 
 </msg>
<msg time="2024-07-10T15:17:14.937140" level="INFO">/opt/hostedtoolcache/Python/3.12.4/x64/lib/python3.12/site-packages/urllib3/connectionpool.py:1099: InsecureRequestWarning: Unverified HTTPS request is being made to host 'randomuser.me'. Adding certificate verification is strongly advised. See: https://urllib3.readthedocs.io/en/latest/advanced-usage.html#tls-warnings
  warnings.warn(</msg>
<msg time="2024-07-10T15:17:14.937269" level="INFO">${response} = &lt;Response [200]&gt;</msg>
<var>${response}</var>
<arg>consultarAPI</arg>
<arg>/api</arg>
<doc>Sends a GET request on a previously created HTTP Session.</doc>
<status status="PASS" start="2024-07-10T15:17:13.805288" elapsed="1.132023"/>
</kw>
<kw name="Set Variable" owner="BuiltIn">
<msg time="2024-07-10T15:17:14.938369" level="INFO">${json_data} = {'results': [{'gender': 'female', 'name': {'title': 'Mrs', 'first': 'Maddison', 'last': 'Singh'}, 'location': {'street': {'number': 1514, 'name': 'Innes Road'}, 'city': 'Taupo', 'state': "Hawke'S Bay"...</msg>
<var>${json_data}</var>
<arg>${response.json()}</arg>
<doc>Returns the given values which can then be assigned to a variables.</doc>
<status status="PASS" start="2024-07-10T15:17:14.937841" elapsed="0.000556"/>
</kw>
<kw name="Log" owner="BuiltIn">
<msg time="2024-07-10T15:17:14.938915" level="INFO">{'results': [{'gender': 'female', 'name': {'title': 'Mrs', 'first': 'Maddison', 'last': 'Singh'}, 'location': {'street': {'number': 1514, 'name': 'Innes Road'}, 'city': 'Taupo', 'state': "Hawke'S Bay", 'country': 'New Zealand', 'postcode': 52420, 'coordinates': {'latitude': '48.7090', 'longitude': '83.3153'}, 'timezone': {'offset': '+9:00', 'description': 'Tokyo, Seoul, Osaka, Sapporo, Yakutsk'}}, 'email': 'maddison.singh@example.com', 'login': {'uuid': '9a6e26b4-714e-40c7-87d0-8aba621d5735', 'username': 'beautifullion718', 'password': 'spencer1', 'salt': 'gs3cUBGB', 'md5': '1a33ba79cb37ac99b0cb354ac9abda52', 'sha1': '60f21cd4fa74c87f12b8e3cb487df25ff6d5006b', 'sha256': '1b96d9cb99d34392b0cbc1aaec8190ffacd1d6381f38a1f5d06fc246c3d1dc99'}, 'dob': {'date': '1985-02-28T17:37:44.518Z', 'age': 39}, 'registered': {'date': '2015-11-21T15:58:32.798Z', 'age': 8}, 'phone': '(108)-342-3656', 'cell': '(095)-826-5613', 'id': {'name': '', 'value': None}, 'picture': {'large': 'https://randomuser.me/api/portraits/women/39.jpg', 'medium': 'https://randomuser.me/api/portraits/med/women/39.jpg', 'thumbnail': 'https://randomuser.me/api/portraits/thumb/women/39.jpg'}, 'nat': 'NZ'}], 'info': {'seed': '37bff11f35e0ebc2', 'results': 1, 'page': 1, 'version': '1.4'}}</msg>
<arg>${json_data}</arg>
<doc>Logs the given message with the given level.</doc>
<status status="PASS" start="2024-07-10T15:17:14.938761" elapsed="0.000201"/>
</kw>
<kw name="Should Be String" owner="String">
<arg>${json_data['results'][0]['gender']}</arg>
<doc>Fails if the given ``item`` is not a string.</doc>
<status status="PASS" start="2024-07-10T15:17:14.939251" elapsed="0.000370"/>
</kw>
<kw name="Should Match Regexp" owner="BuiltIn">
<arg>${json_data['results'][0]['email']}</arg>
<arg>^[a-zA-Z0-9._%+-]+@[a-zA-Z0-9.-]+\.[a-zA-Z]{2,}$</arg>
<doc>Fails if ``string`` does not match ``pattern`` as a regular expression.</doc>
<status status="PASS" start="2024-07-10T15:17:14.939809" elapsed="0.000516"/>
</kw>
<kw name="Should Match Regexp" owner="BuiltIn">
<arg>${json_data['results'][0]['dob']['date']}</arg>
<arg>\\d{4}-\\d{2}-\\d{2}T\\d{2}:\\d{2}:\\d{2}\\.\\d{3}Z</arg>
<doc>Fails if ``string`` does not match ``pattern`` as a regular expression.</doc>
<status status="PASS" start="2024-07-10T15:17:14.940554" elapsed="0.000481"/>
</kw>
<kw name="Should Match Regexp" owner="BuiltIn">
<arg>${json_data['results'][0]['registered']['date']}</arg>
<arg>\\d{4}-\\d{2}-\\d{2}T\\d{2}:\\d{2}:\\d{2}\\.\\d{3}Z</arg>
<doc>Fails if ``string`` does not match ``pattern`` as a regular expression.</doc>
<status status="PASS" start="2024-07-10T15:17:14.941225" elapsed="0.000369"/>
</kw>
<kw name="Should Match Regexp" owner="BuiltIn">
<arg>${json_data['results'][0]['picture']['large']}</arg>
<arg>^https?://.*\.(?:png|jpe?g|gif|bmp)$</arg>
<doc>Fails if ``string`` does not match ``pattern`` as a regular expression.</doc>
<status status="PASS" start="2024-07-10T15:17:14.941774" elapsed="0.000452"/>
</kw>
<kw name="Should Match Regexp" owner="BuiltIn">
<arg>${json_data['results'][0]['picture']['medium']}</arg>
<arg>^https?://.*\.(?:png|jpe?g|gif|bmp)$</arg>
<doc>Fails if ``string`` does not match ``pattern`` as a regular expression.</doc>
<status status="PASS" start="2024-07-10T15:17:14.942409" elapsed="0.000370"/>
</kw>
<kw name="Should Match Regexp" owner="BuiltIn">
<arg>${json_data['results'][0]['picture']['thumbnail']}</arg>
<arg>^https?://.*\.(?:png|jpe?g|gif|bmp)$</arg>
<doc>Fails if ``string`` does not match ``pattern`` as a regular expression.</doc>
<status status="PASS" start="2024-07-10T15:17:14.942968" elapsed="0.000355"/>
</kw>
<kw name="Log" owner="BuiltIn">
<msg time="2024-07-10T15:17:14.943829" level="INFO">{'large': 'https://randomuser.me/api/portraits/women/39.jpg', 'medium': 'https://randomuser.me/api/portraits/med/women/39.jpg', 'thumbnail': 'https://randomuser.me/api/portraits/thumb/women/39.jpg'}</msg>
<arg>${json_data['results'][0]['picture']}</arg>
<doc>Logs the given message with the given level.</doc>
<status status="PASS" start="2024-07-10T15:17:14.943505" elapsed="0.000366"/>
</kw>
<status status="PASS" start="2024-07-10T15:17:13.805065" elapsed="1.139065"/>
</kw>
<kw name="Teste de Tipos de Dados - Postcode" owner="random-user-service">
<kw name="GET On Session" owner="RequestsLibrary">
<msg time="2024-07-10T15:17:15.491869" level="INFO">GET Request : url=https://randomuser.me/api 
 path_url=/api 
 headers={'User-Agent': 'python-requests/2.32.3', 'Accept-Encoding': 'gzip, deflate', 'Accept': '*/*', 'Connection': 'keep-alive'} 
 body=None 
 </msg>
<msg time="2024-07-10T15:17:15.491983" level="INFO">GET Response : url=https://randomuser.me/api 
 status=200, reason=OK 
 headers={'Date': 'Wed, 10 Jul 2024 15:17:15 GMT', 'Content-Type': 'application/json; charset=utf-8', 'Transfer-Encoding': 'chunked', 'Connection': 'keep-alive', 'X-Powered-By': 'Express', 'Access-Control-Allow-Origin': '*', 'Cache-Control': 'no-cache', 'ETag': 'W/"49e-WAEviLZ2Pg0FjhB6kCzJgGnTIqg"', 'Vary': 'Accept-Encoding', 'Content-Encoding': 'gzip', 'CF-Cache-Status': 'DYNAMIC', 'Report-To': '{"endpoints":[{"url":"https:\\/\\/a.nel.cloudflare.com\\/report\\/v4?s=pRGJpnL8kTg84dikzVpGtDqO0Xa3OOLe3nWifSFhY9zuRa6xxdd2k7dA3GXQhFbLKlUVHz25d0GiIOQruwI63KX7nadOybSRHjNpPfrgdje4BdzNu4VN1%2FH22kpBakwH"}],"group":"cf-nel","max_age":604800}', 'NEL': '{"success_fraction":0,"report_to":"cf-nel","max_age":604800}', 'Server': 'cloudflare', 'CF-RAY': '8a1185006b90616c-ORD', 'alt-svc': 'h3=":443"; ma=86400'} 
 body={"results":[{"gender":"female","name":{"title":"Ms","first":"Amalie","last":"Poulsen"},"location":{"street":{"number":2168,"name":"Søndermarksvej"},"city":"Sønder Stenderup","state":"Danmark","country":"Denmark","postcode":43238,"coordinates":{"latitude":"-43.3280","longitude":"160.6607"},"timezone":{"offset":"-6:00","description":"Central Time (US &amp; Canada), Mexico City"}},"email":"amalie.poulsen@example.com","login":{"uuid":"0de33dd0-507a-4fee-a819-97efa6594c7f","username":"purplemouse525","password":"austria","salt":"bCN034NI","md5":"00052b96224449d880221399a431463d","sha1":"fc7ca1171dced76344510cea36f6904b8e743caa","sha256":"025ec499d1a54af98258a20bdeb8491e55e99138472d1e74cd6e56def2493162"},"dob":{"date":"1997-11-08T20:33:27.503Z","age":26},"registered":{"date":"2022-05-17T13:16:37.557Z","age":2},"phone":"33537495","cell":"93880000","id":{"name":"CPR","value":"081197-2212"},"picture":{"large":"https://randomuser.me/api/portraits/women/62.jpg","medium":"https://randomuser.me/api/portraits/med/women/62.jpg","thumbnail":"https://randomuser.me/api/portraits/thumb/women/62.jpg"},"nat":"DK"}],"info":{"seed":"11c9f1a86838e5a6","results":1,"page":1,"version":"1.4"}} 
 </msg>
<msg time="2024-07-10T15:17:15.492071" level="INFO">/opt/hostedtoolcache/Python/3.12.4/x64/lib/python3.12/site-packages/urllib3/connectionpool.py:1099: InsecureRequestWarning: Unverified HTTPS request is being made to host 'randomuser.me'. Adding certificate verification is strongly advised. See: https://urllib3.readthedocs.io/en/latest/advanced-usage.html#tls-warnings
  warnings.warn(</msg>
<msg time="2024-07-10T15:17:15.492208" level="INFO">${response} = &lt;Response [200]&gt;</msg>
<var>${response}</var>
<arg>consultarAPI</arg>
<arg>/api</arg>
<doc>Sends a GET request on a previously created HTTP Session.</doc>
<status status="PASS" start="2024-07-10T15:17:14.944587" elapsed="0.547661"/>
</kw>
<kw name="Set Variable" owner="BuiltIn">
<msg time="2024-07-10T15:17:15.493311" level="INFO">${json_data} = {'results': [{'gender': 'female', 'name': {'title': 'Ms', 'first': 'Amalie', 'last': 'Poulsen'}, 'location': {'street': {'number': 2168, 'name': 'Søndermarksvej'}, 'city': 'Sønder Stenderup', 'state':...</msg>
<var>${json_data}</var>
<arg>${response.json()}</arg>
<doc>Returns the given values which can then be assigned to a variables.</doc>
<status status="PASS" start="2024-07-10T15:17:15.492790" elapsed="0.000552"/>
</kw>
<kw name="Log" owner="BuiltIn">
<msg time="2024-07-10T15:17:15.493808" level="INFO">{'results': [{'gender': 'female', 'name': {'title': 'Ms', 'first': 'Amalie', 'last': 'Poulsen'}, 'location': {'street': {'number': 2168, 'name': 'Søndermarksvej'}, 'city': 'Sønder Stenderup', 'state': 'Danmark', 'country': 'Denmark', 'postcode': 43238, 'coordinates': {'latitude': '-43.3280', 'longitude': '160.6607'}, 'timezone': {'offset': '-6:00', 'description': 'Central Time (US &amp; Canada), Mexico City'}}, 'email': 'amalie.poulsen@example.com', 'login': {'uuid': '0de33dd0-507a-4fee-a819-97efa6594c7f', 'username': 'purplemouse525', 'password': 'austria', 'salt': 'bCN034NI', 'md5': '00052b96224449d880221399a431463d', 'sha1': 'fc7ca1171dced76344510cea36f6904b8e743caa', 'sha256': '025ec499d1a54af98258a20bdeb8491e55e99138472d1e74cd6e56def2493162'}, 'dob': {'date': '1997-11-08T20:33:27.503Z', 'age': 26}, 'registered': {'date': '2022-05-17T13:16:37.557Z', 'age': 2}, 'phone': '33537495', 'cell': '93880000', 'id': {'name': 'CPR', 'value': '081197-2212'}, 'picture': {'large': 'https://randomuser.me/api/portraits/women/62.jpg', 'medium': 'https://randomuser.me/api/portraits/med/women/62.jpg', 'thumbnail': 'https://randomuser.me/api/portraits/thumb/women/62.jpg'}, 'nat': 'DK'}], 'info': {'seed': '11c9f1a86838e5a6', 'results': 1, 'page': 1, 'version': '1.4'}}</msg>
<arg>${json_data}</arg>
<doc>Logs the given message with the given level.</doc>
<status status="PASS" start="2024-07-10T15:17:15.493645" elapsed="0.000213"/>
</kw>
<kw name="Should Be Equal As Numbers" owner="BuiltIn">
<arg>${json_data['results'][0]['location']['postcode']}</arg>
<arg>${json_data['results'][0]['location']['postcode']}</arg>
<doc>Fails if objects are unequal after converting them to real numbers.</doc>
<status status="PASS" start="2024-07-10T15:17:15.494154" elapsed="0.000670"/>
</kw>
<kw name="Log" owner="BuiltIn">
<msg time="2024-07-10T15:17:15.495535" level="INFO">43238</msg>
<arg>${json_data['results'][0]['location']['postcode']}</arg>
<doc>Logs the given message with the given level.</doc>
<status status="PASS" start="2024-07-10T15:17:15.495018" elapsed="0.000558"/>
</kw>
<status status="PASS" start="2024-07-10T15:17:14.944360" elapsed="0.551504"/>
</kw>
<doc>Testa se os tipos de dados na resposta da API estão corretos.</doc>
<tag>testeTiposDados</tag>
<status status="PASS" start="2024-07-10T15:17:13.804609" elapsed="1.691426"/>
</test>
<test id="s1-s1-t5" name="Validar conteudo" line="35">
<kw name="Teste de Tipos de Conteudo" owner="random-user-service">
<kw name="GET On Session" owner="RequestsLibrary">
<msg time="2024-07-10T15:17:15.790876" level="INFO">GET Request : url=https://randomuser.me/api 
 path_url=/api 
 headers={'User-Agent': 'python-requests/2.32.3', 'Accept-Encoding': 'gzip, deflate', 'Accept': '*/*', 'Connection': 'keep-alive'} 
 body=None 
 </msg>
<msg time="2024-07-10T15:17:15.790982" level="INFO">GET Response : url=https://randomuser.me/api 
 status=200, reason=OK 
 headers={'Date': 'Wed, 10 Jul 2024 15:17:15 GMT', 'Content-Type': 'application/json; charset=utf-8', 'Transfer-Encoding': 'chunked', 'Connection': 'keep-alive', 'X-Powered-By': 'Express', 'Access-Control-Allow-Origin': '*', 'Cache-Control': 'no-cache', 'ETag': 'W/"48e-eT19CvO0RvommrVNEsTtMu5emgg"', 'Vary': 'Accept-Encoding', 'Content-Encoding': 'gzip', 'CF-Cache-Status': 'DYNAMIC', 'Report-To': '{"endpoints":[{"url":"https:\\/\\/a.nel.cloudflare.com\\/report\\/v4?s=dH%2FtQKEEV6o2CF4WQstDGJpluyESLTPwCEe21mba7aFiMrB1VJ3bX%2Bvj4ivVGZl7mfMPPStuQFS0EoRswN4tygkaeKuFGe5eb5cYmCkYAwy1Ud7W9h6hz1p3GZKiDiGS"}],"group":"cf-nel","max_age":604800}', 'NEL': '{"success_fraction":0,"report_to":"cf-nel","max_age":604800}', 'Server': 'cloudflare', 'CF-RAY': '8a118503ef95616c-ORD', 'alt-svc': 'h3=":443"; ma=86400'} 
 body={"results":[{"gender":"male","name":{"title":"Monsieur","first":"Jörg","last":"Andre"},"location":{"street":{"number":6448,"name":"Avenue du Château"},"city":"Bözen","state":"Fribourg","country":"Switzerland","postcode":3013,"coordinates":{"latitude":"-59.4537","longitude":"-89.6900"},"timezone":{"offset":"+7:00","description":"Bangkok, Hanoi, Jakarta"}},"email":"jorg.andre@example.com","login":{"uuid":"80da0134-f9e8-401a-8ba5-aaa5339d7489","username":"redgoose712","password":"preacher","salt":"7J3HbhPH","md5":"dbe82a0e41afa0c320fa2e34ce4a4da8","sha1":"7967a5591e88b4df8ac77a37dc4c9326754d1422","sha256":"e8078198b7f31a783e26da917b873eaa8d86d0992ec8e0b2481ad9c6fb0949af"},"dob":{"date":"1983-05-23T20:24:08.688Z","age":41},"registered":{"date":"2015-09-15T01:39:52.759Z","age":8},"phone":"076 684 25 53","cell":"077 403 44 78","id":{"name":"AVS","value":"756.9019.0287.37"},"picture":{"large":"https://randomuser.me/api/portraits/men/33.jpg","medium":"https://randomuser.me/api/portraits/med/men/33.jpg","thumbnail":"https://randomuser.me/api/portraits/thumb/men/33.jpg"},"nat":"CH"}],"info":{"seed":"6bdb56fa3add2fbe","results":1,"page":1,"version":"1.4"}} 
 </msg>
<msg time="2024-07-10T15:17:15.791053" level="INFO">/opt/hostedtoolcache/Python/3.12.4/x64/lib/python3.12/site-packages/urllib3/connectionpool.py:1099: InsecureRequestWarning: Unverified HTTPS request is being made to host 'randomuser.me'. Adding certificate verification is strongly advised. See: https://urllib3.readthedocs.io/en/latest/advanced-usage.html#tls-warnings
  warnings.warn(</msg>
<msg time="2024-07-10T15:17:15.791170" level="INFO">${response} = &lt;Response [200]&gt;</msg>
<var>${response}</var>
<arg>consultarAPI</arg>
<arg>/api</arg>
<doc>Sends a GET request on a previously created HTTP Session.</doc>
<status status="PASS" start="2024-07-10T15:17:15.498496" elapsed="0.292702"/>
</kw>
<kw name="Set Variable" owner="BuiltIn">
<msg time="2024-07-10T15:17:15.792257" level="INFO">${json_data} = {'results': [{'gender': 'male', 'name': {'title': 'Monsieur', 'first': 'Jörg', 'last': 'Andre'}, 'location': {'street': {'number': 6448, 'name': 'Avenue du Château'}, 'city': 'Bözen', 'state': 'Fribou...</msg>
<var>${json_data}</var>
<arg>${response.json()}</arg>
<doc>Returns the given values which can then be assigned to a variables.</doc>
<status status="PASS" start="2024-07-10T15:17:15.791738" elapsed="0.000549"/>
</kw>
<kw name="Set Variable" owner="BuiltIn">
<msg time="2024-07-10T15:17:15.792978" level="INFO">${name_title} = Monsieur</msg>
<var>${name_title}</var>
<arg>${json_data["results"][0]["name"]["title"]}</arg>
<doc>Returns the given values which can then be assigned to a variables.</doc>
<status status="PASS" start="2024-07-10T15:17:15.792595" elapsed="0.000409"/>
</kw>
<kw name="Create List" owner="BuiltIn">
<msg time="2024-07-10T15:17:15.793449" level="INFO">${allowed_titles} = ['Mr', 'Ms', 'Miss', 'Mrs', 'Madame', 'Monsieur']</msg>
<var>${allowed_titles}</var>
<arg>Mr</arg>
<arg>Ms</arg>
<arg>Miss</arg>
<arg>Mrs</arg>
<arg>Madame</arg>
<arg>Monsieur</arg>
<doc>Returns a list containing given items.</doc>
<status status="PASS" start="2024-07-10T15:17:15.793302" elapsed="0.000172"/>
</kw>
<kw name="List Should Contain Value" owner="Collections">
<arg>${allowed_titles}</arg>
<arg>${name_title}</arg>
<doc>Fails if the ``value`` is not found from ``list``.</doc>
<status status="PASS" start="2024-07-10T15:17:15.793769" elapsed="0.000179"/>
</kw>
<kw name="Set Variable" owner="BuiltIn">
<msg time="2024-07-10T15:17:15.794528" level="INFO">${name_country} = CH</msg>
<var>${name_country}</var>
<arg>${json_data["results"][0]["nat"]}</arg>
<doc>Returns the given values which can then be assigned to a variables.</doc>
<status status="PASS" start="2024-07-10T15:17:15.794126" elapsed="0.000429"/>
</kw>
<kw name="Create List" owner="BuiltIn">
<msg time="2024-07-10T15:17:15.795468" level="INFO">${list_country} = ['AD', 'AE', 'AF', 'AG', 'AI', 'AL', 'AM', 'AO', 'AQ', 'AR', 'AS', 'AT', 'AU', 'AW', 'AX', 'AZ', 'BA', 'BB', 'BD', 'BE', 'BF', 'BG', 'BH', 'BI', 'BJ', 'BL', 'BM', 'BN', 'BO', 'BQ', 'BR', 'BS', 'BT', '...</msg>
<var>${list_country}</var>
<arg>AD</arg>
<arg>AE</arg>
<arg>AF</arg>
<arg>AG</arg>
<arg>AI</arg>
<arg>AL</arg>
<arg>AM</arg>
<arg>AO</arg>
<arg>AQ</arg>
<arg>AR</arg>
<arg>AS</arg>
<arg>AT</arg>
<arg>AU</arg>
<arg>AW</arg>
<arg>AX</arg>
<arg>AZ</arg>
<arg>BA</arg>
<arg>BB</arg>
<arg>BD</arg>
<arg>BE</arg>
<arg>BF</arg>
<arg>BG</arg>
<arg>BH</arg>
<arg>BI</arg>
<arg>BJ</arg>
<arg>BL</arg>
<arg>BM</arg>
<arg>BN</arg>
<arg>BO</arg>
<arg>BQ</arg>
<arg>BR</arg>
<arg>BS</arg>
<arg>BT</arg>
<arg>BV</arg>
<arg>BW</arg>
<arg>BY</arg>
<arg>BZ</arg>
<arg>CA</arg>
<arg>CC</arg>
<arg>CD</arg>
<arg>CF</arg>
<arg>CG</arg>
<arg>CH</arg>
<arg>CI</arg>
<arg>CK</arg>
<arg>CL</arg>
<arg>CM</arg>
<arg>CN</arg>
<arg>CO</arg>
<arg>CR</arg>
<arg>CU</arg>
<arg>CV</arg>
<arg>CW</arg>
<arg>CX</arg>
<arg>CY</arg>
<arg>CZ</arg>
<arg>DE</arg>
<arg>DJ</arg>
<arg>DK</arg>
<arg>DM</arg>
<arg>DO</arg>
<arg>DZ</arg>
<arg>EC</arg>
<arg>EE</arg>
<arg>EG</arg>
<arg>EH</arg>
<arg>ER</arg>
<arg>ES</arg>
<arg>ET</arg>
<arg>FI</arg>
<arg>FJ</arg>
<arg>FK</arg>
<arg>FM</arg>
<arg>FO</arg>
<arg>FR</arg>
<arg>GA</arg>
<arg>GB</arg>
<arg>GD</arg>
<arg>GE</arg>
<arg>GF</arg>
<arg>GG</arg>
<arg>GH</arg>
<arg>GI</arg>
<arg>GL</arg>
<arg>GM</arg>
<arg>GN</arg>
<arg>GP</arg>
<arg>GQ</arg>
<arg>GR</arg>
<arg>GS</arg>
<arg>GT</arg>
<arg>GU</arg>
<arg>GW</arg>
<arg>GY</arg>
<arg>HK</arg>
<arg>HM</arg>
<arg>HN</arg>
<arg>HR</arg>
<arg>HT</arg>
<arg>HU</arg>
<arg>ID</arg>
<arg>IE</arg>
<arg>IL</arg>
<arg>IM</arg>
<arg>IN</arg>
<arg>IO</arg>
<arg>IQ</arg>
<arg>IR</arg>
<arg>IS</arg>
<arg>IT</arg>
<arg>JE</arg>
<arg>JM</arg>
<arg>JO</arg>
<arg>JP</arg>
<arg>KE</arg>
<arg>KG</arg>
<arg>KH</arg>
<arg>KI</arg>
<arg>KM</arg>
<arg>KN</arg>
<arg>KP</arg>
<arg>KR</arg>
<arg>KW</arg>
<arg>KY</arg>
<arg>KZ</arg>
<arg>LA</arg>
<arg>LB</arg>
<arg>LC</arg>
<arg>LI</arg>
<arg>LK</arg>
<arg>LR</arg>
<arg>LS</arg>
<arg>LT</arg>
<arg>LU</arg>
<arg>LV</arg>
<arg>LY</arg>
<arg>MA</arg>
<arg>MC</arg>
<arg>MD</arg>
<arg>ME</arg>
<arg>MF</arg>
<arg>MG</arg>
<arg>MH</arg>
<arg>MK</arg>
<arg>ML</arg>
<arg>MM</arg>
<arg>MN</arg>
<arg>MO</arg>
<arg>MP</arg>
<arg>MQ</arg>
<arg>MR</arg>
<arg>MS</arg>
<arg>MT</arg>
<arg>MU</arg>
<arg>MV</arg>
<arg>MW</arg>
<arg>MX</arg>
<arg>MY</arg>
<arg>MZ</arg>
<arg>NA</arg>
<arg>NC</arg>
<arg>NE</arg>
<arg>NF</arg>
<arg>NG</arg>
<arg>NI</arg>
<arg>NL</arg>
<arg>NO</arg>
<arg>NP</arg>
<arg>NR</arg>
<arg>NU</arg>
<arg>NZ</arg>
<arg>OM</arg>
<arg>PA</arg>
<arg>PE</arg>
<arg>PF</arg>
<arg>PG</arg>
<arg>PH</arg>
<arg>PK</arg>
<arg>PL</arg>
<arg>PM</arg>
<arg>PN</arg>
<arg>PR</arg>
<arg>PS</arg>
<arg>PT</arg>
<arg>PW</arg>
<arg>PY</arg>
<arg>QA</arg>
<arg>RE</arg>
<arg>RO</arg>
<arg>RS</arg>
<arg>RU</arg>
<arg>RW</arg>
<arg>SA</arg>
<arg>SB</arg>
<arg>SC</arg>
<arg>SD</arg>
<arg>SE</arg>
<arg>SG</arg>
<arg>SH</arg>
<arg>SI</arg>
<arg>SJ</arg>
<arg>SK</arg>
<arg>SL</arg>
<arg>SM</arg>
<arg>SN</arg>
<arg>SO</arg>
<arg>SR</arg>
<arg>SS</arg>
<arg>ST</arg>
<arg>SV</arg>
<arg>SX</arg>
<arg>SY</arg>
<arg>SZ</arg>
<arg>TC</arg>
<arg>TD</arg>
<arg>TF</arg>
<arg>TG</arg>
<arg>TH</arg>
<arg>TJ</arg>
<arg>TK</arg>
<arg>TL</arg>
<arg>TM</arg>
<arg>TN</arg>
<arg>TO</arg>
<arg>TR</arg>
<arg>TT</arg>
<arg>TV</arg>
<arg>TW</arg>
<arg>TZ</arg>
<arg>UA</arg>
<arg>UG</arg>
<arg>UM</arg>
<arg>US</arg>
<arg>UY</arg>
<arg>UZ</arg>
<arg>VA</arg>
<arg>VC</arg>
<arg>VE</arg>
<arg>VG</arg>
<arg>VI</arg>
<arg>VN</arg>
<arg>VU</arg>
<arg>WF</arg>
<arg>WS</arg>
<arg>XK</arg>
<arg>YE</arg>
<arg>YT</arg>
<arg>ZA</arg>
<arg>ZM</arg>
<arg>ZW</arg>
<doc>Returns a list containing given items.</doc>
<status status="PASS" start="2024-07-10T15:17:15.794865" elapsed="0.000629"/>
</kw>
<kw name="List Should Contain Value" owner="Collections">
<arg>${list_country}</arg>
<arg>${name_country}</arg>
<doc>Fails if the ``value`` is not found from ``list``.</doc>
<status status="PASS" start="2024-07-10T15:17:15.796283" elapsed="0.000200"/>
</kw>
<kw name="Run Keyword If" owner="BuiltIn">
<kw name="Should Be True" owner="BuiltIn">
<arg>${True}</arg>
<doc>Fails if the given condition is not true.</doc>
<status status="PASS" start="2024-07-10T15:17:15.797424" elapsed="0.000141"/>
</kw>
<arg>${json_data["results"][0]["location"]["coordinates"]["latitude"]} &gt;= -90 and ${json_data["results"][0]["location"]["coordinates"]["latitude"]} &lt;= 90</arg>
<arg>Should Be True</arg>
<arg>${True}</arg>
<doc>Runs the given keyword with the given arguments, if ``condition`` is true.</doc>
<status status="PASS" start="2024-07-10T15:17:15.796682" elapsed="0.001007"/>
</kw>
<kw name="Run Keyword If" owner="BuiltIn">
<kw name="Should Be True" owner="BuiltIn">
<arg>${True}</arg>
<doc>Fails if the given condition is not true.</doc>
<status status="PASS" start="2024-07-10T15:17:15.798585" elapsed="0.000245"/>
</kw>
<arg>${json_data["results"][0]["location"]["coordinates"]["longitude"]} &gt;= -180 and ${json_data["results"][0]["location"]["coordinates"]["longitude"]} &lt;= 180</arg>
<arg>Should Be True</arg>
<arg>${True}</arg>
<doc>Runs the given keyword with the given arguments, if ``condition`` is true.</doc>
<status status="PASS" start="2024-07-10T15:17:15.797869" elapsed="0.001091"/>
</kw>
<status status="PASS" start="2024-07-10T15:17:15.498241" elapsed="0.300855"/>
</kw>
<doc>Testa o conteúdo específico dos campos retornados pela API.</doc>
<tag>testeConteudo</tag>
<status status="PASS" start="2024-07-10T15:17:15.497787" elapsed="0.301464"/>
</test>
<status status="PASS" start="2024-07-10T15:17:08.411780" elapsed="7.389416"/>
</suite>
<status status="PASS" start="2024-07-10T15:17:08.397361" elapsed="7.408865"/>
</suite>
<statistics>
<total>
<stat pass="5" fail="0" skip="0">All Tests</stat>
</total>
<tag>
<stat pass="1" fail="0" skip="0">testeConteudo</stat>
<stat pass="1" fail="0" skip="0">testeEstruturaResposta</stat>
<stat pass="1" fail="0" skip="0">testeRequisicaoBasica</stat>
<stat pass="1" fail="0" skip="0">testeTiposDados</stat>
</tag>
<suite>
<stat pass="5" fail="0" skip="0" id="s1" name="Tests">Tests</stat>
<stat pass="5" fail="0" skip="0" id="s1-s1" name="Random-User-Test">Tests.Random-User-Test</stat>
</suite>
</statistics>
<errors>
</errors>
</robot>
