<?xml version="1.0" encoding="UTF-8"?>
<robot generator="Robot 7.0.1 (Python 3.12.3 on linux)" generated="2024-06-16T06:20:21.782371" rpa="false" schemaversion="5">
<suite id="s1" name="Tests" source="/home/runner/work/ApiRandomUser/ApiRandomUser/RamdonUser/tests">
<suite id="s1-s1" name="Random-User-Test" source="/home/runner/work/ApiRandomUser/ApiRandomUser/RamdonUser/tests/random-user-test.robot">
<test id="s1-s1-t1" name="Conectar" line="13">
<kw name="Conectar API" owner="random-user-service">
<kw name="Create Session" owner="RequestsLibrary">
<msg time="2024-06-16T06:20:22.227955" level="INFO">Creating Session using : alias=consultarAPI, url=https://randomuser.me/, headers={},                     cookies={}, auth=None, timeout=None, proxies=None, verify=False,                     debug=0 </msg>
<arg>consultarAPI</arg>
<arg>${URL}</arg>
<doc>Create Session: create a HTTP session to a server</doc>
<status status="PASS" start="2024-06-16T06:20:22.227730" elapsed="0.000445"/>
</kw>
<status status="PASS" start="2024-06-16T06:20:22.226657" elapsed="0.001912"/>
</kw>
<status status="PASS" start="2024-06-16T06:20:22.225844" elapsed="0.002935"/>
</test>
<test id="s1-s1-t2" name="Validar retorno 200 e JSON Válido" line="16">
<kw name="Teste de Requisicao Basica" owner="random-user-service">
<kw name="GET On Session" owner="RequestsLibrary">
<msg time="2024-06-16T06:20:22.351016" level="INFO">GET Request : url=https://randomuser.me/api 
 path_url=/api 
 headers={'User-Agent': 'python-requests/2.32.3', 'Accept-Encoding': 'gzip, deflate', 'Accept': '*/*', 'Connection': 'keep-alive'} 
 body=None 
 </msg>
<msg time="2024-06-16T06:20:22.351181" level="INFO">GET Response : url=https://randomuser.me/api 
 status=200, reason=OK 
 headers={'Date': 'Sun, 16 Jun 2024 06:20:22 GMT', 'Content-Type': 'application/json; charset=utf-8', 'Transfer-Encoding': 'chunked', 'Connection': 'keep-alive', 'X-Powered-By': 'Express', 'Access-Control-Allow-Origin': '*', 'Cache-Control': 'no-cache', 'ETag': 'W/"4a7-DrQ+2/Rrx7ODiZC2KuwCaTSYxwU"', 'Vary': 'Accept-Encoding', 'Content-Encoding': 'gzip', 'CF-Cache-Status': 'DYNAMIC', 'Report-To': '{"endpoints":[{"url":"https:\\/\\/a.nel.cloudflare.com\\/report\\/v4?s=7HQf9fYQaYnxdKf9jb5W8hA%2Btti41tSbMULRU9IUEmQiekO3vb2cHjY0qyoHr5jjTcBKL%2FU4PXBF2Sb9kNiJuz3tBKHMogTyhRIyKMnMIAvdV9z6MlUyCfLSqnszV40M"}],"group":"cf-nel","max_age":604800}', 'NEL': '{"success_fraction":0,"report_to":"cf-nel","max_age":604800}', 'Server': 'cloudflare', 'CF-RAY': '8948b18f2dd67aec-SJC', 'alt-svc': 'h3=":443"; ma=86400'} 
 body={"results":[{"gender":"female","name":{"title":"Miss","first":"Egberdina","last":"Ijsseldijk"},"location":{"street":{"number":6631,"name":"Frieslandweg"},"city":"Steensel","state":"Drenthe","country":"Netherlands","postcode":"6951 WN","coordinates":{"latitude":"33.9765","longitude":"99.2413"},"timezone":{"offset":"+8:00","description":"Beijing, Perth, Singapore, Hong Kong"}},"email":"egberdina.ijsseldijk@example.com","login":{"uuid":"352da8c1-4c33-436d-85d7-922a4967e174","username":"lazymeercat242","password":"sims","salt":"VplmA1Xt","md5":"749adb8217200269d2866e7978b61e27","sha1":"4fd2f6d7f9f4158be91401b4cb4085ae3db104d2","sha256":"1d0115a159bee744199a40cce7caaaad80bb02e0d0f6e090b4c0a8c32d4e3a7b"},"dob":{"date":"1952-02-03T11:47:33.055Z","age":72},"registered":{"date":"2015-02-22T14:26:28.910Z","age":9},"phone":"(054) 4804278","cell":"(06) 80936573","id":{"name":"BSN","value":"66561711"},"picture":{"large":"https://randomuser.me/api/portraits/women/24.jpg","medium":"https://randomuser.me/api/portraits/med/women/24.jpg","thumbnail":"https://randomuser.me/api/portraits/thumb/women/24.jpg"},"nat":"NL"}],"info":{"seed":"b84c0319821d8a36","results":1,"page":1,"version":"1.4"}} 
 </msg>
<msg time="2024-06-16T06:20:22.351274" level="INFO">/opt/hostedtoolcache/Python/3.12.3/x64/lib/python3.12/site-packages/urllib3/connectionpool.py:1103: InsecureRequestWarning: Unverified HTTPS request is being made to host 'randomuser.me'. Adding certificate verification is strongly advised. See: https://urllib3.readthedocs.io/en/latest/advanced-usage.html#tls-warnings
  warnings.warn(</msg>
<msg time="2024-06-16T06:20:22.351443" level="INFO">${response} = &lt;Response [200]&gt;</msg>
<var>${response}</var>
<arg>consultarAPI</arg>
<arg>/api</arg>
<doc>Sends a GET request on a previously created HTTP Session.</doc>
<status status="PASS" start="2024-06-16T06:20:22.231507" elapsed="0.119984"/>
</kw>
<kw name="Should Be Equal As Numbers" owner="BuiltIn">
<msg time="2024-06-16T06:20:22.352526" level="INFO">Argument types are:
&lt;class 'int'&gt;
&lt;class 'str'&gt;</msg>
<arg>${response.status_code}</arg>
<arg>200</arg>
<doc>Fails if objects are unequal after converting them to real numbers.</doc>
<status status="PASS" start="2024-06-16T06:20:22.352065" elapsed="0.000532"/>
</kw>
<kw name="Log" owner="BuiltIn">
<msg time="2024-06-16T06:20:22.353338" level="INFO">200</msg>
<arg>${response.status_code}</arg>
<doc>Logs the given message with the given level.</doc>
<status status="PASS" start="2024-06-16T06:20:22.352967" elapsed="0.000418"/>
</kw>
<kw name="Set Variable" owner="BuiltIn">
<msg time="2024-06-16T06:20:22.354202" level="INFO">${json_data} = {'results': [{'gender': 'female', 'name': {'title': 'Miss', 'first': 'Egberdina', 'last': 'Ijsseldijk'}, 'location': {'street': {'number': 6631, 'name': 'Frieslandweg'}, 'city': 'Steensel', 'state': '...</msg>
<var>${json_data}</var>
<arg>${response.json()}</arg>
<doc>Returns the given values which can then be assigned to a variables.</doc>
<status status="PASS" start="2024-06-16T06:20:22.353703" elapsed="0.000527"/>
</kw>
<kw name="Dictionary Should Contain Key" owner="Collections">
<arg>${json_data}</arg>
<arg>results</arg>
<doc>Fails if ``key`` is not found from ``dictionary``.</doc>
<status status="PASS" start="2024-06-16T06:20:22.354539" elapsed="0.000167"/>
</kw>
<status status="PASS" start="2024-06-16T06:20:22.231240" elapsed="0.123620"/>
</kw>
<doc>Testa se a API responde corretamente e retorna um objeto JSON válido.</doc>
<tag>testeRequisicaoBasica</tag>
<status status="PASS" start="2024-06-16T06:20:22.230731" elapsed="0.124307"/>
</test>
<test id="s1-s1-t3" name="Validar estrutura de resposta" line="22">
<kw name="Teste de Estrutura de Resposta" owner="random-user-service">
<kw name="GET On Session" owner="RequestsLibrary">
<msg time="2024-06-16T06:20:22.449880" level="INFO">GET Request : url=https://randomuser.me/api 
 path_url=/api 
 headers={'User-Agent': 'python-requests/2.32.3', 'Accept-Encoding': 'gzip, deflate', 'Accept': '*/*', 'Connection': 'keep-alive'} 
 body=None 
 </msg>
<msg time="2024-06-16T06:20:22.450008" level="INFO">GET Response : url=https://randomuser.me/api 
 status=200, reason=OK 
 headers={'Date': 'Sun, 16 Jun 2024 06:20:22 GMT', 'Content-Type': 'application/json; charset=utf-8', 'Transfer-Encoding': 'chunked', 'Connection': 'keep-alive', 'X-Powered-By': 'Express', 'Access-Control-Allow-Origin': '*', 'Cache-Control': 'no-cache', 'ETag': 'W/"492-Dra5yXkijeaGSxoBXvuw3r0pnBA"', 'Vary': 'Accept-Encoding', 'Content-Encoding': 'gzip', 'CF-Cache-Status': 'DYNAMIC', 'Report-To': '{"endpoints":[{"url":"https:\\/\\/a.nel.cloudflare.com\\/report\\/v4?s=dEgiFKzNalCtFJsTPJ%2BLMGlzc4gsSrrKuDb2nJ3kXgzl%2BrP%2FULzb%2BZHBnX%2BSmMCsIYemOULTodH9f%2BHzPOkvPI69okV4s3qJtNZkZF44MG04eIaWKLqppEONgOUXfHLy"}],"group":"cf-nel","max_age":604800}', 'NEL': '{"success_fraction":0,"report_to":"cf-nel","max_age":604800}', 'Server': 'cloudflare', 'CF-RAY': '8948b18fce647aec-SJC', 'alt-svc': 'h3=":443"; ma=86400'} 
 body={"results":[{"gender":"male","name":{"title":"Mr","first":"ایلیا","last":"صدر"},"location":{"street":{"number":5167,"name":"دکتر لواسانی"},"city":"خمینی‌شهر","state":"کرمان","country":"Iran","postcode":15967,"coordinates":{"latitude":"14.1403","longitude":"-45.4530"},"timezone":{"offset":"+9:00","description":"Tokyo, Seoul, Osaka, Sapporo, Yakutsk"}},"email":"yly.sdr@example.com","login":{"uuid":"46d845d1-ad05-4d78-b82d-3b777df20239","username":"bluesnake320","password":"look","salt":"PZctZDGS","md5":"838da046aabb19ae46afa47a3fdda3f2","sha1":"79890735d890ab8ddfbdeb53ed4579c725b50634","sha256":"c4e44ff091ccc47660f4a71aa0e6bcbdbfa226454ae1b0a7ae6b1062abcbdaaf"},"dob":{"date":"1984-10-09T20:45:01.322Z","age":39},"registered":{"date":"2011-11-20T19:43:14.136Z","age":12},"phone":"048-91011580","cell":"0998-615-8368","id":{"name":"","value":null},"picture":{"large":"https://randomuser.me/api/portraits/men/46.jpg","medium":"https://randomuser.me/api/portraits/med/men/46.jpg","thumbnail":"https://randomuser.me/api/portraits/thumb/men/46.jpg"},"nat":"IR"}],"info":{"seed":"0ce65710c771017c","results":1,"page":1,"version":"1.4"}} 
 </msg>
<msg time="2024-06-16T06:20:22.450175" level="INFO">/opt/hostedtoolcache/Python/3.12.3/x64/lib/python3.12/site-packages/urllib3/connectionpool.py:1103: InsecureRequestWarning: Unverified HTTPS request is being made to host 'randomuser.me'. Adding certificate verification is strongly advised. See: https://urllib3.readthedocs.io/en/latest/advanced-usage.html#tls-warnings
  warnings.warn(</msg>
<msg time="2024-06-16T06:20:22.450328" level="INFO">${response} = &lt;Response [200]&gt;</msg>
<var>${response}</var>
<arg>consultarAPI</arg>
<arg>/api</arg>
<doc>Sends a GET request on a previously created HTTP Session.</doc>
<status status="PASS" start="2024-06-16T06:20:22.357723" elapsed="0.092652"/>
</kw>
<kw name="Set Variable" owner="BuiltIn">
<msg time="2024-06-16T06:20:22.451469" level="INFO">${json_data} = {'results': [{'gender': 'male', 'name': {'title': 'Mr', 'first': 'ایلیا', 'last': 'صدر'}, 'location': {'street': {'number': 5167, 'name': 'دکتر لواسانی'}, 'city': 'خمینی\u200cشهر', 'state': 'کرمان', '...</msg>
<var>${json_data}</var>
<arg>${response.json()}</arg>
<doc>Returns the given values which can then be assigned to a variables.</doc>
<status status="PASS" start="2024-06-16T06:20:22.450890" elapsed="0.000612"/>
</kw>
<kw name="Log" owner="BuiltIn">
<msg time="2024-06-16T06:20:22.452031" level="INFO">{'results': [{'gender': 'male', 'name': {'title': 'Mr', 'first': 'ایلیا', 'last': 'صدر'}, 'location': {'street': {'number': 5167, 'name': 'دکتر لواسانی'}, 'city': 'خمینی\u200cشهر', 'state': 'کرمان', 'country': 'Iran', 'postcode': 15967, 'coordinates': {'latitude': '14.1403', 'longitude': '-45.4530'}, 'timezone': {'offset': '+9:00', 'description': 'Tokyo, Seoul, Osaka, Sapporo, Yakutsk'}}, 'email': 'yly.sdr@example.com', 'login': {'uuid': '46d845d1-ad05-4d78-b82d-3b777df20239', 'username': 'bluesnake320', 'password': 'look', 'salt': 'PZctZDGS', 'md5': '838da046aabb19ae46afa47a3fdda3f2', 'sha1': '79890735d890ab8ddfbdeb53ed4579c725b50634', 'sha256': 'c4e44ff091ccc47660f4a71aa0e6bcbdbfa226454ae1b0a7ae6b1062abcbdaaf'}, 'dob': {'date': '1984-10-09T20:45:01.322Z', 'age': 39}, 'registered': {'date': '2011-11-20T19:43:14.136Z', 'age': 12}, 'phone': '048-91011580', 'cell': '0998-615-8368', 'id': {'name': '', 'value': None}, 'picture': {'large': 'https://randomuser.me/api/portraits/men/46.jpg', 'medium': 'https://randomuser.me/api/portraits/med/men/46.jpg', 'thumbnail': 'https://randomuser.me/api/portraits/thumb/men/46.jpg'}, 'nat': 'IR'}], 'info': {'seed': '0ce65710c771017c', 'results': 1, 'page': 1, 'version': '1.4'}}</msg>
<arg>${json_data}</arg>
<doc>Logs the given message with the given level.</doc>
<status status="PASS" start="2024-06-16T06:20:22.451853" elapsed="0.000237"/>
</kw>
<kw name="Dictionary Should Contain Key" owner="Collections">
<arg>${json_data}</arg>
<arg>results</arg>
<doc>Fails if ``key`` is not found from ``dictionary``.</doc>
<status status="PASS" start="2024-06-16T06:20:22.452403" elapsed="0.000165"/>
</kw>
<kw name="Should Not Be Empty" owner="BuiltIn">
<msg time="2024-06-16T06:20:22.452883" level="INFO">Length is 2.</msg>
<arg>${json_data}</arg>
<doc>Verifies that the given item is not empty.</doc>
<status status="PASS" start="2024-06-16T06:20:22.452757" elapsed="0.000165"/>
</kw>
<kw name="Create List" owner="BuiltIn">
<msg time="2024-06-16T06:20:22.453379" level="INFO">${expected_keys} = ['gender', 'name', 'location', 'email', 'login']</msg>
<var>${expected_keys}</var>
<arg>gender</arg>
<arg>name</arg>
<arg>location</arg>
<arg>email</arg>
<arg>login</arg>
<doc>Returns a list containing given items.</doc>
<status status="PASS" start="2024-06-16T06:20:22.453222" elapsed="0.000181"/>
</kw>
<for flavor="IN">
<iter>
<kw name="Dictionary Should Contain Key" owner="Collections">
<arg>${json_data['results'][0]}</arg>
<arg>${key}</arg>
<doc>Fails if ``key`` is not found from ``dictionary``.</doc>
<status status="PASS" start="2024-06-16T06:20:22.454219" elapsed="0.000424"/>
</kw>
<kw name="Log" owner="BuiltIn">
<msg time="2024-06-16T06:20:22.455195" level="INFO">{'gender': 'male', 'name': {'title': 'Mr', 'first': 'ایلیا', 'last': 'صدر'}, 'location': {'street': {'number': 5167, 'name': 'دکتر لواسانی'}, 'city': 'خمینی\u200cشهر', 'state': 'کرمان', 'country': 'Iran', 'postcode': 15967, 'coordinates': {'latitude': '14.1403', 'longitude': '-45.4530'}, 'timezone': {'offset': '+9:00', 'description': 'Tokyo, Seoul, Osaka, Sapporo, Yakutsk'}}, 'email': 'yly.sdr@example.com', 'login': {'uuid': '46d845d1-ad05-4d78-b82d-3b777df20239', 'username': 'bluesnake320', 'password': 'look', 'salt': 'PZctZDGS', 'md5': '838da046aabb19ae46afa47a3fdda3f2', 'sha1': '79890735d890ab8ddfbdeb53ed4579c725b50634', 'sha256': 'c4e44ff091ccc47660f4a71aa0e6bcbdbfa226454ae1b0a7ae6b1062abcbdaaf'}, 'dob': {'date': '1984-10-09T20:45:01.322Z', 'age': 39}, 'registered': {'date': '2011-11-20T19:43:14.136Z', 'age': 12}, 'phone': '048-91011580', 'cell': '0998-615-8368', 'id': {'name': '', 'value': None}, 'picture': {'large': 'https://randomuser.me/api/portraits/men/46.jpg', 'medium': 'https://randomuser.me/api/portraits/med/men/46.jpg', 'thumbnail': 'https://randomuser.me/api/portraits/thumb/men/46.jpg'}, 'nat': 'IR'}</msg>
<arg>${json_data['results'][0]}</arg>
<doc>Logs the given message with the given level.</doc>
<status status="PASS" start="2024-06-16T06:20:22.454834" elapsed="0.000415"/>
</kw>
<kw name="Log" owner="BuiltIn">
<msg time="2024-06-16T06:20:22.455680" level="INFO">gender</msg>
<arg>${key}</arg>
<doc>Logs the given message with the given level.</doc>
<status status="PASS" start="2024-06-16T06:20:22.455552" elapsed="0.000166"/>
</kw>
<var name="${key}">gender</var>
<status status="PASS" start="2024-06-16T06:20:22.454086" elapsed="0.001858"/>
</iter>
<iter>
<kw name="Dictionary Should Contain Key" owner="Collections">
<arg>${json_data['results'][0]}</arg>
<arg>${key}</arg>
<doc>Fails if ``key`` is not found from ``dictionary``.</doc>
<status status="PASS" start="2024-06-16T06:20:22.456249" elapsed="0.000396"/>
</kw>
<kw name="Log" owner="BuiltIn">
<msg time="2024-06-16T06:20:22.457234" level="INFO">{'gender': 'male', 'name': {'title': 'Mr', 'first': 'ایلیا', 'last': 'صدر'}, 'location': {'street': {'number': 5167, 'name': 'دکتر لواسانی'}, 'city': 'خمینی\u200cشهر', 'state': 'کرمان', 'country': 'Iran', 'postcode': 15967, 'coordinates': {'latitude': '14.1403', 'longitude': '-45.4530'}, 'timezone': {'offset': '+9:00', 'description': 'Tokyo, Seoul, Osaka, Sapporo, Yakutsk'}}, 'email': 'yly.sdr@example.com', 'login': {'uuid': '46d845d1-ad05-4d78-b82d-3b777df20239', 'username': 'bluesnake320', 'password': 'look', 'salt': 'PZctZDGS', 'md5': '838da046aabb19ae46afa47a3fdda3f2', 'sha1': '79890735d890ab8ddfbdeb53ed4579c725b50634', 'sha256': 'c4e44ff091ccc47660f4a71aa0e6bcbdbfa226454ae1b0a7ae6b1062abcbdaaf'}, 'dob': {'date': '1984-10-09T20:45:01.322Z', 'age': 39}, 'registered': {'date': '2011-11-20T19:43:14.136Z', 'age': 12}, 'phone': '048-91011580', 'cell': '0998-615-8368', 'id': {'name': '', 'value': None}, 'picture': {'large': 'https://randomuser.me/api/portraits/men/46.jpg', 'medium': 'https://randomuser.me/api/portraits/med/men/46.jpg', 'thumbnail': 'https://randomuser.me/api/portraits/thumb/men/46.jpg'}, 'nat': 'IR'}</msg>
<arg>${json_data['results'][0]}</arg>
<doc>Logs the given message with the given level.</doc>
<status status="PASS" start="2024-06-16T06:20:22.456834" elapsed="0.000453"/>
</kw>
<kw name="Log" owner="BuiltIn">
<msg time="2024-06-16T06:20:22.457713" level="INFO">name</msg>
<arg>${key}</arg>
<doc>Logs the given message with the given level.</doc>
<status status="PASS" start="2024-06-16T06:20:22.457586" elapsed="0.000165"/>
</kw>
<var name="${key}">name</var>
<status status="PASS" start="2024-06-16T06:20:22.456136" elapsed="0.001883"/>
</iter>
<iter>
<kw name="Dictionary Should Contain Key" owner="Collections">
<arg>${json_data['results'][0]}</arg>
<arg>${key}</arg>
<doc>Fails if ``key`` is not found from ``dictionary``.</doc>
<status status="PASS" start="2024-06-16T06:20:22.458312" elapsed="0.000390"/>
</kw>
<kw name="Log" owner="BuiltIn">
<msg time="2024-06-16T06:20:22.459241" level="INFO">{'gender': 'male', 'name': {'title': 'Mr', 'first': 'ایلیا', 'last': 'صدر'}, 'location': {'street': {'number': 5167, 'name': 'دکتر لواسانی'}, 'city': 'خمینی\u200cشهر', 'state': 'کرمان', 'country': 'Iran', 'postcode': 15967, 'coordinates': {'latitude': '14.1403', 'longitude': '-45.4530'}, 'timezone': {'offset': '+9:00', 'description': 'Tokyo, Seoul, Osaka, Sapporo, Yakutsk'}}, 'email': 'yly.sdr@example.com', 'login': {'uuid': '46d845d1-ad05-4d78-b82d-3b777df20239', 'username': 'bluesnake320', 'password': 'look', 'salt': 'PZctZDGS', 'md5': '838da046aabb19ae46afa47a3fdda3f2', 'sha1': '79890735d890ab8ddfbdeb53ed4579c725b50634', 'sha256': 'c4e44ff091ccc47660f4a71aa0e6bcbdbfa226454ae1b0a7ae6b1062abcbdaaf'}, 'dob': {'date': '1984-10-09T20:45:01.322Z', 'age': 39}, 'registered': {'date': '2011-11-20T19:43:14.136Z', 'age': 12}, 'phone': '048-91011580', 'cell': '0998-615-8368', 'id': {'name': '', 'value': None}, 'picture': {'large': 'https://randomuser.me/api/portraits/men/46.jpg', 'medium': 'https://randomuser.me/api/portraits/med/men/46.jpg', 'thumbnail': 'https://randomuser.me/api/portraits/thumb/men/46.jpg'}, 'nat': 'IR'}</msg>
<arg>${json_data['results'][0]}</arg>
<doc>Logs the given message with the given level.</doc>
<status status="PASS" start="2024-06-16T06:20:22.458884" elapsed="0.000409"/>
</kw>
<kw name="Log" owner="BuiltIn">
<msg time="2024-06-16T06:20:22.459720" level="INFO">location</msg>
<arg>${key}</arg>
<doc>Logs the given message with the given level.</doc>
<status status="PASS" start="2024-06-16T06:20:22.459591" elapsed="0.000166"/>
</kw>
<var name="${key}">location</var>
<status status="PASS" start="2024-06-16T06:20:22.458202" elapsed="0.001771"/>
</iter>
<iter>
<kw name="Dictionary Should Contain Key" owner="Collections">
<arg>${json_data['results'][0]}</arg>
<arg>${key}</arg>
<doc>Fails if ``key`` is not found from ``dictionary``.</doc>
<status status="PASS" start="2024-06-16T06:20:22.460252" elapsed="0.000389"/>
</kw>
<kw name="Log" owner="BuiltIn">
<msg time="2024-06-16T06:20:22.461180" level="INFO">{'gender': 'male', 'name': {'title': 'Mr', 'first': 'ایلیا', 'last': 'صدر'}, 'location': {'street': {'number': 5167, 'name': 'دکتر لواسانی'}, 'city': 'خمینی\u200cشهر', 'state': 'کرمان', 'country': 'Iran', 'postcode': 15967, 'coordinates': {'latitude': '14.1403', 'longitude': '-45.4530'}, 'timezone': {'offset': '+9:00', 'description': 'Tokyo, Seoul, Osaka, Sapporo, Yakutsk'}}, 'email': 'yly.sdr@example.com', 'login': {'uuid': '46d845d1-ad05-4d78-b82d-3b777df20239', 'username': 'bluesnake320', 'password': 'look', 'salt': 'PZctZDGS', 'md5': '838da046aabb19ae46afa47a3fdda3f2', 'sha1': '79890735d890ab8ddfbdeb53ed4579c725b50634', 'sha256': 'c4e44ff091ccc47660f4a71aa0e6bcbdbfa226454ae1b0a7ae6b1062abcbdaaf'}, 'dob': {'date': '1984-10-09T20:45:01.322Z', 'age': 39}, 'registered': {'date': '2011-11-20T19:43:14.136Z', 'age': 12}, 'phone': '048-91011580', 'cell': '0998-615-8368', 'id': {'name': '', 'value': None}, 'picture': {'large': 'https://randomuser.me/api/portraits/men/46.jpg', 'medium': 'https://randomuser.me/api/portraits/med/men/46.jpg', 'thumbnail': 'https://randomuser.me/api/portraits/thumb/men/46.jpg'}, 'nat': 'IR'}</msg>
<arg>${json_data['results'][0]}</arg>
<doc>Logs the given message with the given level.</doc>
<status status="PASS" start="2024-06-16T06:20:22.460823" elapsed="0.000408"/>
</kw>
<kw name="Log" owner="BuiltIn">
<msg time="2024-06-16T06:20:22.461715" level="INFO">email</msg>
<arg>${key}</arg>
<doc>Logs the given message with the given level.</doc>
<status status="PASS" start="2024-06-16T06:20:22.461550" elapsed="0.000204"/>
</kw>
<var name="${key}">email</var>
<status status="PASS" start="2024-06-16T06:20:22.460144" elapsed="0.001915"/>
</iter>
<iter>
<kw name="Dictionary Should Contain Key" owner="Collections">
<arg>${json_data['results'][0]}</arg>
<arg>${key}</arg>
<doc>Fails if ``key`` is not found from ``dictionary``.</doc>
<status status="PASS" start="2024-06-16T06:20:22.462382" elapsed="0.000420"/>
</kw>
<kw name="Log" owner="BuiltIn">
<msg time="2024-06-16T06:20:22.463354" level="INFO">{'gender': 'male', 'name': {'title': 'Mr', 'first': 'ایلیا', 'last': 'صدر'}, 'location': {'street': {'number': 5167, 'name': 'دکتر لواسانی'}, 'city': 'خمینی\u200cشهر', 'state': 'کرمان', 'country': 'Iran', 'postcode': 15967, 'coordinates': {'latitude': '14.1403', 'longitude': '-45.4530'}, 'timezone': {'offset': '+9:00', 'description': 'Tokyo, Seoul, Osaka, Sapporo, Yakutsk'}}, 'email': 'yly.sdr@example.com', 'login': {'uuid': '46d845d1-ad05-4d78-b82d-3b777df20239', 'username': 'bluesnake320', 'password': 'look', 'salt': 'PZctZDGS', 'md5': '838da046aabb19ae46afa47a3fdda3f2', 'sha1': '79890735d890ab8ddfbdeb53ed4579c725b50634', 'sha256': 'c4e44ff091ccc47660f4a71aa0e6bcbdbfa226454ae1b0a7ae6b1062abcbdaaf'}, 'dob': {'date': '1984-10-09T20:45:01.322Z', 'age': 39}, 'registered': {'date': '2011-11-20T19:43:14.136Z', 'age': 12}, 'phone': '048-91011580', 'cell': '0998-615-8368', 'id': {'name': '', 'value': None}, 'picture': {'large': 'https://randomuser.me/api/portraits/men/46.jpg', 'medium': 'https://randomuser.me/api/portraits/med/men/46.jpg', 'thumbnail': 'https://randomuser.me/api/portraits/thumb/men/46.jpg'}, 'nat': 'IR'}</msg>
<arg>${json_data['results'][0]}</arg>
<doc>Logs the given message with the given level.</doc>
<status status="PASS" start="2024-06-16T06:20:22.462994" elapsed="0.000411"/>
</kw>
<kw name="Log" owner="BuiltIn">
<msg time="2024-06-16T06:20:22.463821" level="INFO">login</msg>
<arg>${key}</arg>
<doc>Logs the given message with the given level.</doc>
<status status="PASS" start="2024-06-16T06:20:22.463696" elapsed="0.000161"/>
</kw>
<var name="${key}">login</var>
<status status="PASS" start="2024-06-16T06:20:22.462259" elapsed="0.001810"/>
</iter>
<var>${key}</var>
<value>@{expected_keys}</value>
<status status="PASS" start="2024-06-16T06:20:22.453871" elapsed="0.010318"/>
</for>
<kw name="Create List" owner="BuiltIn">
<msg time="2024-06-16T06:20:22.464553" level="INFO">${expected_keysTwo} = ['username', 'password']</msg>
<var>${expected_keysTwo}</var>
<arg>username</arg>
<arg>password</arg>
<doc>Returns a list containing given items.</doc>
<status status="PASS" start="2024-06-16T06:20:22.464380" elapsed="0.000198"/>
</kw>
<for flavor="IN">
<iter>
<kw name="Dictionary Should Contain Key" owner="Collections">
<arg>${json_data['results'][0]['login']}</arg>
<arg>${keyTwo}</arg>
<doc>Fails if ``key`` is not found from ``dictionary``.</doc>
<status status="PASS" start="2024-06-16T06:20:22.465077" elapsed="0.000388"/>
</kw>
<kw name="Dictionary Should Contain Key" owner="Collections">
<arg>${json_data['results'][0]['login']}</arg>
<arg>${keyTwo}</arg>
<doc>Fails if ``key`` is not found from ``dictionary``.</doc>
<status status="PASS" start="2024-06-16T06:20:22.465644" elapsed="0.000412"/>
</kw>
<kw name="Log" owner="BuiltIn">
<msg time="2024-06-16T06:20:22.466348" level="INFO">username</msg>
<arg>${keyTwo}</arg>
<doc>Logs the given message with the given level.</doc>
<status status="PASS" start="2024-06-16T06:20:22.466231" elapsed="0.000163"/>
</kw>
<var name="${keyTwo}">username</var>
<status status="PASS" start="2024-06-16T06:20:22.464972" elapsed="0.001646"/>
</iter>
<iter>
<kw name="Dictionary Should Contain Key" owner="Collections">
<arg>${json_data['results'][0]['login']}</arg>
<arg>${keyTwo}</arg>
<doc>Fails if ``key`` is not found from ``dictionary``.</doc>
<status status="PASS" start="2024-06-16T06:20:22.466898" elapsed="0.000386"/>
</kw>
<kw name="Dictionary Should Contain Key" owner="Collections">
<arg>${json_data['results'][0]['login']}</arg>
<arg>${keyTwo}</arg>
<doc>Fails if ``key`` is not found from ``dictionary``.</doc>
<status status="PASS" start="2024-06-16T06:20:22.467461" elapsed="0.000376"/>
</kw>
<kw name="Log" owner="BuiltIn">
<msg time="2024-06-16T06:20:22.468137" level="INFO">password</msg>
<arg>${keyTwo}</arg>
<doc>Logs the given message with the given level.</doc>
<status status="PASS" start="2024-06-16T06:20:22.468018" elapsed="0.000156"/>
</kw>
<var name="${keyTwo}">password</var>
<status status="PASS" start="2024-06-16T06:20:22.466792" elapsed="0.001608"/>
</iter>
<var>${keyTwo}</var>
<value>@{expected_keysTwo}</value>
<status status="PASS" start="2024-06-16T06:20:22.464818" elapsed="0.003702"/>
</for>
<status status="PASS" start="2024-06-16T06:20:22.357480" elapsed="0.111184"/>
</kw>
<doc>Testa a estrutura da resposta da API.</doc>
<tag>testeEstruturaResposta</tag>
<status status="PASS" start="2024-06-16T06:20:22.356871" elapsed="0.111950"/>
</test>
<test id="s1-s1-t4" name="Validar tipos de dados" line="28">
<kw name="Teste de Tipos de Dados" owner="random-user-service">
<kw name="GET On Session" owner="RequestsLibrary">
<msg time="2024-06-16T06:20:22.562632" level="INFO">GET Request : url=https://randomuser.me/api 
 path_url=/api 
 headers={'User-Agent': 'python-requests/2.32.3', 'Accept-Encoding': 'gzip, deflate', 'Accept': '*/*', 'Connection': 'keep-alive'} 
 body=None 
 </msg>
<msg time="2024-06-16T06:20:22.562740" level="INFO">GET Response : url=https://randomuser.me/api 
 status=200, reason=OK 
 headers={'Date': 'Sun, 16 Jun 2024 06:20:22 GMT', 'Content-Type': 'application/json; charset=utf-8', 'Transfer-Encoding': 'chunked', 'Connection': 'keep-alive', 'X-Powered-By': 'Express', 'Access-Control-Allow-Origin': '*', 'Cache-Control': 'no-cache', 'ETag': 'W/"4ae-6dHMluWxeNHjzABMKztuDAVGyT0"', 'Vary': 'Accept-Encoding', 'Content-Encoding': 'gzip', 'CF-Cache-Status': 'DYNAMIC', 'Report-To': '{"endpoints":[{"url":"https:\\/\\/a.nel.cloudflare.com\\/report\\/v4?s=mySV8Zda3hPqXZytRXTTwJi8e6X2al44Zm2ay5NQHw0wtQzYX4ZY19%2FkOA0yBvn6mV7P2Nus9cbqaiXVu5hzw2I%2B5Frv4Fgix4pDUmy7Et7kNY4uLniZs2cvIu%2FrwHiD"}],"group":"cf-nel","max_age":604800}', 'NEL': '{"success_fraction":0,"report_to":"cf-nel","max_age":604800}', 'Server': 'cloudflare', 'CF-RAY': '8948b1907efb7aec-SJC', 'alt-svc': 'h3=":443"; ma=86400'} 
 body={"results":[{"gender":"male","name":{"title":"Monsieur","first":"Alejandro","last":"Meyer"},"location":{"street":{"number":5811,"name":"Rue Cyrus-Hugues"},"city":"Kriechenwil","state":"Jura","country":"Switzerland","postcode":7725,"coordinates":{"latitude":"-56.5405","longitude":"-59.6543"},"timezone":{"offset":"+5:00","description":"Ekaterinburg, Islamabad, Karachi, Tashkent"}},"email":"alejandro.meyer@example.com","login":{"uuid":"0ba97763-4516-437c-b061-762fb05e6197","username":"happybutterfly503","password":"323232","salt":"svfynCXT","md5":"1821e4b8c8ae96469925f4d75f872913","sha1":"c0ef7e569f60a8aadbc719aefcc8d8fd92fac772","sha256":"1beb5c5ef9671cdb7dada720be500077a49f1082525e8e4a162a940d34bba8fb"},"dob":{"date":"1969-05-25T22:24:26.266Z","age":55},"registered":{"date":"2005-01-20T03:51:11.721Z","age":19},"phone":"075 394 05 47","cell":"075 777 30 76","id":{"name":"AVS","value":"756.9321.1695.41"},"picture":{"large":"https://randomuser.me/api/portraits/men/96.jpg","medium":"https://randomuser.me/api/portraits/med/men/96.jpg","thumbnail":"https://randomuser.me/api/portraits/thumb/men/96.jpg"},"nat":"CH"}],"info":{"seed":"af113769787c63f0","results":1,"page":1,"version":"1.4"}} 
 </msg>
<msg time="2024-06-16T06:20:22.562825" level="INFO">/opt/hostedtoolcache/Python/3.12.3/x64/lib/python3.12/site-packages/urllib3/connectionpool.py:1103: InsecureRequestWarning: Unverified HTTPS request is being made to host 'randomuser.me'. Adding certificate verification is strongly advised. See: https://urllib3.readthedocs.io/en/latest/advanced-usage.html#tls-warnings
  warnings.warn(</msg>
<msg time="2024-06-16T06:20:22.562997" level="INFO">${response} = &lt;Response [200]&gt;</msg>
<var>${response}</var>
<arg>consultarAPI</arg>
<arg>/api</arg>
<doc>Sends a GET request on a previously created HTTP Session.</doc>
<status status="PASS" start="2024-06-16T06:20:22.471412" elapsed="0.091639"/>
</kw>
<kw name="Set Variable" owner="BuiltIn">
<msg time="2024-06-16T06:20:22.564170" level="INFO">${json_data} = {'results': [{'gender': 'male', 'name': {'title': 'Monsieur', 'first': 'Alejandro', 'last': 'Meyer'}, 'location': {'street': {'number': 5811, 'name': 'Rue Cyrus-Hugues'}, 'city': 'Kriechenwil', 'state...</msg>
<var>${json_data}</var>
<arg>${response.json()}</arg>
<doc>Returns the given values which can then be assigned to a variables.</doc>
<status status="PASS" start="2024-06-16T06:20:22.563627" elapsed="0.000573"/>
</kw>
<kw name="Log" owner="BuiltIn">
<msg time="2024-06-16T06:20:22.564665" level="INFO">{'results': [{'gender': 'male', 'name': {'title': 'Monsieur', 'first': 'Alejandro', 'last': 'Meyer'}, 'location': {'street': {'number': 5811, 'name': 'Rue Cyrus-Hugues'}, 'city': 'Kriechenwil', 'state': 'Jura', 'country': 'Switzerland', 'postcode': 7725, 'coordinates': {'latitude': '-56.5405', 'longitude': '-59.6543'}, 'timezone': {'offset': '+5:00', 'description': 'Ekaterinburg, Islamabad, Karachi, Tashkent'}}, 'email': 'alejandro.meyer@example.com', 'login': {'uuid': '0ba97763-4516-437c-b061-762fb05e6197', 'username': 'happybutterfly503', 'password': '323232', 'salt': 'svfynCXT', 'md5': '1821e4b8c8ae96469925f4d75f872913', 'sha1': 'c0ef7e569f60a8aadbc719aefcc8d8fd92fac772', 'sha256': '1beb5c5ef9671cdb7dada720be500077a49f1082525e8e4a162a940d34bba8fb'}, 'dob': {'date': '1969-05-25T22:24:26.266Z', 'age': 55}, 'registered': {'date': '2005-01-20T03:51:11.721Z', 'age': 19}, 'phone': '075 394 05 47', 'cell': '075 777 30 76', 'id': {'name': 'AVS', 'value': '756.9321.1695.41'}, 'picture': {'large': 'https://randomuser.me/api/portraits/men/96.jpg', 'medium': 'https://randomuser.me/api/portraits/med/men/96.jpg', 'thumbnail': 'https://randomuser.me/api/portraits/thumb/men/96.jpg'}, 'nat': 'CH'}], 'info': {'seed': 'af113769787c63f0', 'results': 1, 'page': 1, 'version': '1.4'}}</msg>
<arg>${json_data}</arg>
<doc>Logs the given message with the given level.</doc>
<status status="PASS" start="2024-06-16T06:20:22.564512" elapsed="0.000202"/>
</kw>
<kw name="Should Be String" owner="String">
<arg>${json_data['results'][0]['gender']}</arg>
<doc>Fails if the given ``item`` is not a string.</doc>
<status status="PASS" start="2024-06-16T06:20:22.565003" elapsed="0.000362"/>
</kw>
<kw name="Should Match Regexp" owner="BuiltIn">
<arg>${json_data['results'][0]['email']}</arg>
<arg>^[a-zA-Z0-9._%+-]+@[a-zA-Z0-9.-]+\.[a-zA-Z]{2,}$</arg>
<doc>Fails if ``string`` does not match ``pattern`` as a regular expression.</doc>
<status status="PASS" start="2024-06-16T06:20:22.565588" elapsed="0.000570"/>
</kw>
<kw name="Should Match Regexp" owner="BuiltIn">
<arg>${json_data['results'][0]['dob']['date']}</arg>
<arg>\\d{4}-\\d{2}-\\d{2}T\\d{2}:\\d{2}:\\d{2}\\.\\d{3}Z</arg>
<doc>Fails if ``string`` does not match ``pattern`` as a regular expression.</doc>
<status status="PASS" start="2024-06-16T06:20:22.566358" elapsed="0.000489"/>
</kw>
<kw name="Should Match Regexp" owner="BuiltIn">
<arg>${json_data['results'][0]['registered']['date']}</arg>
<arg>\\d{4}-\\d{2}-\\d{2}T\\d{2}:\\d{2}:\\d{2}\\.\\d{3}Z</arg>
<doc>Fails if ``string`` does not match ``pattern`` as a regular expression.</doc>
<status status="PASS" start="2024-06-16T06:20:22.567035" elapsed="0.000361"/>
</kw>
<kw name="Should Match Regexp" owner="BuiltIn">
<arg>${json_data['results'][0]['picture']['large']}</arg>
<arg>^https?://.*\.(?:png|jpe?g|gif|bmp)$</arg>
<doc>Fails if ``string`` does not match ``pattern`` as a regular expression.</doc>
<status status="PASS" start="2024-06-16T06:20:22.567581" elapsed="0.000448"/>
</kw>
<kw name="Should Match Regexp" owner="BuiltIn">
<arg>${json_data['results'][0]['picture']['medium']}</arg>
<arg>^https?://.*\.(?:png|jpe?g|gif|bmp)$</arg>
<doc>Fails if ``string`` does not match ``pattern`` as a regular expression.</doc>
<status status="PASS" start="2024-06-16T06:20:22.568215" elapsed="0.000353"/>
</kw>
<kw name="Should Match Regexp" owner="BuiltIn">
<arg>${json_data['results'][0]['picture']['thumbnail']}</arg>
<arg>^https?://.*\.(?:png|jpe?g|gif|bmp)$</arg>
<doc>Fails if ``string`` does not match ``pattern`` as a regular expression.</doc>
<status status="PASS" start="2024-06-16T06:20:22.568752" elapsed="0.000341"/>
</kw>
<kw name="Log" owner="BuiltIn">
<msg time="2024-06-16T06:20:22.569590" level="INFO">{'large': 'https://randomuser.me/api/portraits/men/96.jpg', 'medium': 'https://randomuser.me/api/portraits/med/men/96.jpg', 'thumbnail': 'https://randomuser.me/api/portraits/thumb/men/96.jpg'}</msg>
<arg>${json_data['results'][0]['picture']}</arg>
<doc>Logs the given message with the given level.</doc>
<status status="PASS" start="2024-06-16T06:20:22.569270" elapsed="0.000362"/>
</kw>
<status status="PASS" start="2024-06-16T06:20:22.471187" elapsed="0.098732"/>
</kw>
<kw name="Teste de Tipos de Dados - Postcode" owner="random-user-service">
<kw name="GET On Session" owner="RequestsLibrary">
<msg time="2024-06-16T06:20:22.662066" level="INFO">GET Request : url=https://randomuser.me/api 
 path_url=/api 
 headers={'User-Agent': 'python-requests/2.32.3', 'Accept-Encoding': 'gzip, deflate', 'Accept': '*/*', 'Connection': 'keep-alive'} 
 body=None 
 </msg>
<msg time="2024-06-16T06:20:22.662174" level="INFO">GET Response : url=https://randomuser.me/api 
 status=200, reason=OK 
 headers={'Date': 'Sun, 16 Jun 2024 06:20:22 GMT', 'Content-Type': 'application/json; charset=utf-8', 'Transfer-Encoding': 'chunked', 'Connection': 'keep-alive', 'X-Powered-By': 'Express', 'Access-Control-Allow-Origin': '*', 'Cache-Control': 'no-cache', 'ETag': 'W/"47b-jdH9ka8T5LJGVNFrwUGrJ5APPRM"', 'Vary': 'Accept-Encoding', 'Content-Encoding': 'gzip', 'CF-Cache-Status': 'DYNAMIC', 'Report-To': '{"endpoints":[{"url":"https:\\/\\/a.nel.cloudflare.com\\/report\\/v4?s=vR59o3JPChJ1S07dV%2BnHd%2F9pcTYgyL9mcHtZe4lpvGMEVLpavOo112WJ%2F57KeE9L0kcMkzb4Z44wdNrTu12Vf3YCRXU8AKGnD3J3%2FfW%2F1e%2BNFDKMgqyUE3nSGAtm8ovy"}],"group":"cf-nel","max_age":604800}', 'NEL': '{"success_fraction":0,"report_to":"cf-nel","max_age":604800}', 'Server': 'cloudflare', 'CF-RAY': '8948b1911f8c7aec-SJC', 'alt-svc': 'h3=":443"; ma=86400'} 
 body={"results":[{"gender":"male","name":{"title":"Mr","first":"Valdemar","last":"Christensen"},"location":{"street":{"number":3567,"name":"Markvænget"},"city":"København Sv","state":"Sjælland","country":"Denmark","postcode":51985,"coordinates":{"latitude":"-45.9341","longitude":"-0.4825"},"timezone":{"offset":"-3:30","description":"Newfoundland"}},"email":"valdemar.christensen@example.com","login":{"uuid":"e15587d7-6858-4f90-b4b0-395b89649a56","username":"sadbear321","password":"draco","salt":"yFwG7Lap","md5":"d5222afde42305e953513baa24e22696","sha1":"de8536cb1d77149248884073c0eaac807be12bab","sha256":"8c6d8860246ab0470c2d65b9ced062ada4f25cdc3e432167ade873ce2f866dec"},"dob":{"date":"1979-04-22T05:22:01.162Z","age":45},"registered":{"date":"2009-03-03T11:32:31.463Z","age":15},"phone":"55425634","cell":"32860589","id":{"name":"CPR","value":"210479-7858"},"picture":{"large":"https://randomuser.me/api/portraits/men/72.jpg","medium":"https://randomuser.me/api/portraits/med/men/72.jpg","thumbnail":"https://randomuser.me/api/portraits/thumb/men/72.jpg"},"nat":"DK"}],"info":{"seed":"182a76aa65022861","results":1,"page":1,"version":"1.4"}} 
 </msg>
<msg time="2024-06-16T06:20:22.662261" level="INFO">/opt/hostedtoolcache/Python/3.12.3/x64/lib/python3.12/site-packages/urllib3/connectionpool.py:1103: InsecureRequestWarning: Unverified HTTPS request is being made to host 'randomuser.me'. Adding certificate verification is strongly advised. See: https://urllib3.readthedocs.io/en/latest/advanced-usage.html#tls-warnings
  warnings.warn(</msg>
<msg time="2024-06-16T06:20:22.662419" level="INFO">${response} = &lt;Response [200]&gt;</msg>
<var>${response}</var>
<arg>consultarAPI</arg>
<arg>/api</arg>
<doc>Sends a GET request on a previously created HTTP Session.</doc>
<status status="PASS" start="2024-06-16T06:20:22.570373" elapsed="0.092095"/>
</kw>
<kw name="Set Variable" owner="BuiltIn">
<msg time="2024-06-16T06:20:22.663505" level="INFO">${json_data} = {'results': [{'gender': 'male', 'name': {'title': 'Mr', 'first': 'Valdemar', 'last': 'Christensen'}, 'location': {'street': {'number': 3567, 'name': 'Markvænget'}, 'city': 'København Sv', 'state': 'Sj...</msg>
<var>${json_data}</var>
<arg>${response.json()}</arg>
<doc>Returns the given values which can then be assigned to a variables.</doc>
<status status="PASS" start="2024-06-16T06:20:22.662966" elapsed="0.000569"/>
</kw>
<kw name="Log" owner="BuiltIn">
<msg time="2024-06-16T06:20:22.663997" level="INFO">{'results': [{'gender': 'male', 'name': {'title': 'Mr', 'first': 'Valdemar', 'last': 'Christensen'}, 'location': {'street': {'number': 3567, 'name': 'Markvænget'}, 'city': 'København Sv', 'state': 'Sjælland', 'country': 'Denmark', 'postcode': 51985, 'coordinates': {'latitude': '-45.9341', 'longitude': '-0.4825'}, 'timezone': {'offset': '-3:30', 'description': 'Newfoundland'}}, 'email': 'valdemar.christensen@example.com', 'login': {'uuid': 'e15587d7-6858-4f90-b4b0-395b89649a56', 'username': 'sadbear321', 'password': 'draco', 'salt': 'yFwG7Lap', 'md5': 'd5222afde42305e953513baa24e22696', 'sha1': 'de8536cb1d77149248884073c0eaac807be12bab', 'sha256': '8c6d8860246ab0470c2d65b9ced062ada4f25cdc3e432167ade873ce2f866dec'}, 'dob': {'date': '1979-04-22T05:22:01.162Z', 'age': 45}, 'registered': {'date': '2009-03-03T11:32:31.463Z', 'age': 15}, 'phone': '55425634', 'cell': '32860589', 'id': {'name': 'CPR', 'value': '210479-7858'}, 'picture': {'large': 'https://randomuser.me/api/portraits/men/72.jpg', 'medium': 'https://randomuser.me/api/portraits/med/men/72.jpg', 'thumbnail': 'https://randomuser.me/api/portraits/thumb/men/72.jpg'}, 'nat': 'DK'}], 'info': {'seed': '182a76aa65022861', 'results': 1, 'page': 1, 'version': '1.4'}}</msg>
<arg>${json_data}</arg>
<doc>Logs the given message with the given level.</doc>
<status status="PASS" start="2024-06-16T06:20:22.663841" elapsed="0.000205"/>
</kw>
<kw name="Should Be Equal As Numbers" owner="BuiltIn">
<arg>${json_data['results'][0]['location']['postcode']}</arg>
<arg>${json_data['results'][0]['location']['postcode']}</arg>
<doc>Fails if objects are unequal after converting them to real numbers.</doc>
<status status="PASS" start="2024-06-16T06:20:22.664339" elapsed="0.000617"/>
</kw>
<kw name="Log" owner="BuiltIn">
<msg time="2024-06-16T06:20:22.665525" level="INFO">51985</msg>
<arg>${json_data['results'][0]['location']['postcode']}</arg>
<doc>Logs the given message with the given level.</doc>
<status status="PASS" start="2024-06-16T06:20:22.665150" elapsed="0.000416"/>
</kw>
<status status="PASS" start="2024-06-16T06:20:22.570147" elapsed="0.095700"/>
</kw>
<doc>Testa se os tipos de dados na resposta da API estão corretos.</doc>
<tag>testeTiposDados</tag>
<status status="PASS" start="2024-06-16T06:20:22.470611" elapsed="0.195419"/>
</test>
<test id="s1-s1-t5" name="Validar conteudo" line="35">
<kw name="Teste de Tipos de Conteudo" owner="random-user-service">
<kw name="GET On Session" owner="RequestsLibrary">
<msg time="2024-06-16T06:20:22.768566" level="INFO">GET Request : url=https://randomuser.me/api 
 path_url=/api 
 headers={'User-Agent': 'python-requests/2.32.3', 'Accept-Encoding': 'gzip, deflate', 'Accept': '*/*', 'Connection': 'keep-alive'} 
 body=None 
 </msg>
<msg time="2024-06-16T06:20:22.768675" level="INFO">GET Response : url=https://randomuser.me/api 
 status=200, reason=OK 
 headers={'Date': 'Sun, 16 Jun 2024 06:20:22 GMT', 'Content-Type': 'application/json; charset=utf-8', 'Transfer-Encoding': 'chunked', 'Connection': 'keep-alive', 'X-Powered-By': 'Express', 'Access-Control-Allow-Origin': '*', 'Cache-Control': 'no-cache', 'ETag': 'W/"494-C21smxEoi1xHRCWkNQRInPwm3e4"', 'Vary': 'Accept-Encoding', 'Content-Encoding': 'gzip', 'CF-Cache-Status': 'DYNAMIC', 'Report-To': '{"endpoints":[{"url":"https:\\/\\/a.nel.cloudflare.com\\/report\\/v4?s=rHbybN39uMdgGc97RiBm8y0ZBUflm%2FLYD4NnWWzMd%2F3lGLw9weMfsfeuEfWj5vv16YG6EoUfumttVyvndt4exoWF3ChJrGaQtXJMfPHb2JVID6kU%2FsDHcA5XnH4za06L"}],"group":"cf-nel","max_age":604800}', 'NEL': '{"success_fraction":0,"report_to":"cf-nel","max_age":604800}', 'Server': 'cloudflare', 'CF-RAY': '8948b191b8257aec-SJC', 'alt-svc': 'h3=":443"; ma=86400'} 
 body={"results":[{"gender":"female","name":{"title":"Mrs","first":"Alexandra","last":"Kumar"},"location":{"street":{"number":1623,"name":"Lunn Avenue"},"city":"Wellington","state":"West Coast","country":"New Zealand","postcode":22966,"coordinates":{"latitude":"50.2145","longitude":"34.3884"},"timezone":{"offset":"-3:00","description":"Brazil, Buenos Aires, Georgetown"}},"email":"alexandra.kumar@example.com","login":{"uuid":"066527ef-2383-4497-8e5b-17a2e0555c42","username":"sadbutterfly537","password":"erica","salt":"mIosLCc5","md5":"8688ee5ee2f6cc5d14e1cbf0b439780e","sha1":"4a85114b7cfbdca9f99d4c60681d73930d8988c6","sha256":"e018a72c5feca90ea64b112b01db9f5c813b2377b7827bfd6bffdfd26ae02fa3"},"dob":{"date":"1981-07-25T02:03:33.412Z","age":42},"registered":{"date":"2005-10-27T16:11:18.824Z","age":18},"phone":"(033)-372-1049","cell":"(228)-224-8998","id":{"name":"","value":null},"picture":{"large":"https://randomuser.me/api/portraits/women/87.jpg","medium":"https://randomuser.me/api/portraits/med/women/87.jpg","thumbnail":"https://randomuser.me/api/portraits/thumb/women/87.jpg"},"nat":"NZ"}],"info":{"seed":"4a17d3fffdebafd3","results":1,"page":1,"version":"1.4"}} 
 </msg>
<msg time="2024-06-16T06:20:22.768769" level="INFO">/opt/hostedtoolcache/Python/3.12.3/x64/lib/python3.12/site-packages/urllib3/connectionpool.py:1103: InsecureRequestWarning: Unverified HTTPS request is being made to host 'randomuser.me'. Adding certificate verification is strongly advised. See: https://urllib3.readthedocs.io/en/latest/advanced-usage.html#tls-warnings
  warnings.warn(</msg>
<msg time="2024-06-16T06:20:22.768913" level="INFO">${response} = &lt;Response [200]&gt;</msg>
<var>${response}</var>
<arg>consultarAPI</arg>
<arg>/api</arg>
<doc>Sends a GET request on a previously created HTTP Session.</doc>
<status status="PASS" start="2024-06-16T06:20:22.668602" elapsed="0.100354"/>
</kw>
<kw name="Set Variable" owner="BuiltIn">
<msg time="2024-06-16T06:20:22.770024" level="INFO">${json_data} = {'results': [{'gender': 'female', 'name': {'title': 'Mrs', 'first': 'Alexandra', 'last': 'Kumar'}, 'location': {'street': {'number': 1623, 'name': 'Lunn Avenue'}, 'city': 'Wellington', 'state': 'West ...</msg>
<var>${json_data}</var>
<arg>${response.json()}</arg>
<doc>Returns the given values which can then be assigned to a variables.</doc>
<status status="PASS" start="2024-06-16T06:20:22.769461" elapsed="0.000592"/>
</kw>
<kw name="Set Variable" owner="BuiltIn">
<msg time="2024-06-16T06:20:22.770743" level="INFO">${name_title} = Mrs</msg>
<var>${name_title}</var>
<arg>${json_data["results"][0]["name"]["title"]}</arg>
<doc>Returns the given values which can then be assigned to a variables.</doc>
<status status="PASS" start="2024-06-16T06:20:22.770353" elapsed="0.000421"/>
</kw>
<kw name="Create List" owner="BuiltIn">
<msg time="2024-06-16T06:20:22.771320" level="INFO">${allowed_titles} = ['Mr', 'Ms', 'Miss', 'Mrs', 'Madame', 'Monsieur']</msg>
<var>${allowed_titles}</var>
<arg>Mr</arg>
<arg>Ms</arg>
<arg>Miss</arg>
<arg>Mrs</arg>
<arg>Madame</arg>
<arg>Monsieur</arg>
<doc>Returns a list containing given items.</doc>
<status status="PASS" start="2024-06-16T06:20:22.771134" elapsed="0.000216"/>
</kw>
<kw name="List Should Contain Value" owner="Collections">
<arg>${allowed_titles}</arg>
<arg>${name_title}</arg>
<doc>Fails if the ``value`` is not found from ``list``.</doc>
<status status="PASS" start="2024-06-16T06:20:22.771742" elapsed="0.000200"/>
</kw>
<kw name="Set Variable" owner="BuiltIn">
<msg time="2024-06-16T06:20:22.772549" level="INFO">${name_country} = NZ</msg>
<var>${name_country}</var>
<arg>${json_data["results"][0]["nat"]}</arg>
<doc>Returns the given values which can then be assigned to a variables.</doc>
<status status="PASS" start="2024-06-16T06:20:22.772157" elapsed="0.000416"/>
</kw>
<kw name="Create List" owner="BuiltIn">
<msg time="2024-06-16T06:20:22.773453" level="INFO">${list_country} = ['AD', 'AE', 'AF', 'AG', 'AI', 'AL', 'AM', 'AO', 'AQ', 'AR', 'AS', 'AT', 'AU', 'AW', 'AX', 'AZ', 'BA', 'BB', 'BD', 'BE', 'BF', 'BG', 'BH', 'BI', 'BJ', 'BL', 'BM', 'BN', 'BO', 'BQ', 'BR', 'BS', 'BT', '...</msg>
<var>${list_country}</var>
<arg>AD</arg>
<arg>AE</arg>
<arg>AF</arg>
<arg>AG</arg>
<arg>AI</arg>
<arg>AL</arg>
<arg>AM</arg>
<arg>AO</arg>
<arg>AQ</arg>
<arg>AR</arg>
<arg>AS</arg>
<arg>AT</arg>
<arg>AU</arg>
<arg>AW</arg>
<arg>AX</arg>
<arg>AZ</arg>
<arg>BA</arg>
<arg>BB</arg>
<arg>BD</arg>
<arg>BE</arg>
<arg>BF</arg>
<arg>BG</arg>
<arg>BH</arg>
<arg>BI</arg>
<arg>BJ</arg>
<arg>BL</arg>
<arg>BM</arg>
<arg>BN</arg>
<arg>BO</arg>
<arg>BQ</arg>
<arg>BR</arg>
<arg>BS</arg>
<arg>BT</arg>
<arg>BV</arg>
<arg>BW</arg>
<arg>BY</arg>
<arg>BZ</arg>
<arg>CA</arg>
<arg>CC</arg>
<arg>CD</arg>
<arg>CF</arg>
<arg>CG</arg>
<arg>CH</arg>
<arg>CI</arg>
<arg>CK</arg>
<arg>CL</arg>
<arg>CM</arg>
<arg>CN</arg>
<arg>CO</arg>
<arg>CR</arg>
<arg>CU</arg>
<arg>CV</arg>
<arg>CW</arg>
<arg>CX</arg>
<arg>CY</arg>
<arg>CZ</arg>
<arg>DE</arg>
<arg>DJ</arg>
<arg>DK</arg>
<arg>DM</arg>
<arg>DO</arg>
<arg>DZ</arg>
<arg>EC</arg>
<arg>EE</arg>
<arg>EG</arg>
<arg>EH</arg>
<arg>ER</arg>
<arg>ES</arg>
<arg>ET</arg>
<arg>FI</arg>
<arg>FJ</arg>
<arg>FK</arg>
<arg>FM</arg>
<arg>FO</arg>
<arg>FR</arg>
<arg>GA</arg>
<arg>GB</arg>
<arg>GD</arg>
<arg>GE</arg>
<arg>GF</arg>
<arg>GG</arg>
<arg>GH</arg>
<arg>GI</arg>
<arg>GL</arg>
<arg>GM</arg>
<arg>GN</arg>
<arg>GP</arg>
<arg>GQ</arg>
<arg>GR</arg>
<arg>GS</arg>
<arg>GT</arg>
<arg>GU</arg>
<arg>GW</arg>
<arg>GY</arg>
<arg>HK</arg>
<arg>HM</arg>
<arg>HN</arg>
<arg>HR</arg>
<arg>HT</arg>
<arg>HU</arg>
<arg>ID</arg>
<arg>IE</arg>
<arg>IL</arg>
<arg>IM</arg>
<arg>IN</arg>
<arg>IO</arg>
<arg>IQ</arg>
<arg>IR</arg>
<arg>IS</arg>
<arg>IT</arg>
<arg>JE</arg>
<arg>JM</arg>
<arg>JO</arg>
<arg>JP</arg>
<arg>KE</arg>
<arg>KG</arg>
<arg>KH</arg>
<arg>KI</arg>
<arg>KM</arg>
<arg>KN</arg>
<arg>KP</arg>
<arg>KR</arg>
<arg>KW</arg>
<arg>KY</arg>
<arg>KZ</arg>
<arg>LA</arg>
<arg>LB</arg>
<arg>LC</arg>
<arg>LI</arg>
<arg>LK</arg>
<arg>LR</arg>
<arg>LS</arg>
<arg>LT</arg>
<arg>LU</arg>
<arg>LV</arg>
<arg>LY</arg>
<arg>MA</arg>
<arg>MC</arg>
<arg>MD</arg>
<arg>ME</arg>
<arg>MF</arg>
<arg>MG</arg>
<arg>MH</arg>
<arg>MK</arg>
<arg>ML</arg>
<arg>MM</arg>
<arg>MN</arg>
<arg>MO</arg>
<arg>MP</arg>
<arg>MQ</arg>
<arg>MR</arg>
<arg>MS</arg>
<arg>MT</arg>
<arg>MU</arg>
<arg>MV</arg>
<arg>MW</arg>
<arg>MX</arg>
<arg>MY</arg>
<arg>MZ</arg>
<arg>NA</arg>
<arg>NC</arg>
<arg>NE</arg>
<arg>NF</arg>
<arg>NG</arg>
<arg>NI</arg>
<arg>NL</arg>
<arg>NO</arg>
<arg>NP</arg>
<arg>NR</arg>
<arg>NU</arg>
<arg>NZ</arg>
<arg>OM</arg>
<arg>PA</arg>
<arg>PE</arg>
<arg>PF</arg>
<arg>PG</arg>
<arg>PH</arg>
<arg>PK</arg>
<arg>PL</arg>
<arg>PM</arg>
<arg>PN</arg>
<arg>PR</arg>
<arg>PS</arg>
<arg>PT</arg>
<arg>PW</arg>
<arg>PY</arg>
<arg>QA</arg>
<arg>RE</arg>
<arg>RO</arg>
<arg>RS</arg>
<arg>RU</arg>
<arg>RW</arg>
<arg>SA</arg>
<arg>SB</arg>
<arg>SC</arg>
<arg>SD</arg>
<arg>SE</arg>
<arg>SG</arg>
<arg>SH</arg>
<arg>SI</arg>
<arg>SJ</arg>
<arg>SK</arg>
<arg>SL</arg>
<arg>SM</arg>
<arg>SN</arg>
<arg>SO</arg>
<arg>SR</arg>
<arg>SS</arg>
<arg>ST</arg>
<arg>SV</arg>
<arg>SX</arg>
<arg>SY</arg>
<arg>SZ</arg>
<arg>TC</arg>
<arg>TD</arg>
<arg>TF</arg>
<arg>TG</arg>
<arg>TH</arg>
<arg>TJ</arg>
<arg>TK</arg>
<arg>TL</arg>
<arg>TM</arg>
<arg>TN</arg>
<arg>TO</arg>
<arg>TR</arg>
<arg>TT</arg>
<arg>TV</arg>
<arg>TW</arg>
<arg>TZ</arg>
<arg>UA</arg>
<arg>UG</arg>
<arg>UM</arg>
<arg>US</arg>
<arg>UY</arg>
<arg>UZ</arg>
<arg>VA</arg>
<arg>VC</arg>
<arg>VE</arg>
<arg>VG</arg>
<arg>VI</arg>
<arg>VN</arg>
<arg>VU</arg>
<arg>WF</arg>
<arg>WS</arg>
<arg>XK</arg>
<arg>YE</arg>
<arg>YT</arg>
<arg>ZA</arg>
<arg>ZM</arg>
<arg>ZW</arg>
<doc>Returns a list containing given items.</doc>
<status status="PASS" start="2024-06-16T06:20:22.772866" elapsed="0.000613"/>
</kw>
<kw name="List Should Contain Value" owner="Collections">
<arg>${list_country}</arg>
<arg>${name_country}</arg>
<doc>Fails if the ``value`` is not found from ``list``.</doc>
<status status="PASS" start="2024-06-16T06:20:22.774293" elapsed="0.000205"/>
</kw>
<kw name="Run Keyword If" owner="BuiltIn">
<kw name="Should Be True" owner="BuiltIn">
<arg>${True}</arg>
<doc>Fails if the given condition is not true.</doc>
<status status="PASS" start="2024-06-16T06:20:22.775444" elapsed="0.000144"/>
</kw>
<arg>${json_data["results"][0]["location"]["coordinates"]["latitude"]} &gt;= -90 and ${json_data["results"][0]["location"]["coordinates"]["latitude"]} &lt;= 90</arg>
<arg>Should Be True</arg>
<arg>${True}</arg>
<doc>Runs the given keyword with the given arguments, if ``condition`` is true.</doc>
<status status="PASS" start="2024-06-16T06:20:22.774698" elapsed="0.001018"/>
</kw>
<kw name="Run Keyword If" owner="BuiltIn">
<kw name="Should Be True" owner="BuiltIn">
<arg>${True}</arg>
<doc>Fails if the given condition is not true.</doc>
<status status="PASS" start="2024-06-16T06:20:22.776583" elapsed="0.000135"/>
</kw>
<arg>${json_data["results"][0]["location"]["coordinates"]["longitude"]} &gt;= -180 and ${json_data["results"][0]["location"]["coordinates"]["longitude"]} &lt;= 180</arg>
<arg>Should Be True</arg>
<arg>${True}</arg>
<doc>Runs the given keyword with the given arguments, if ``condition`` is true.</doc>
<status status="PASS" start="2024-06-16T06:20:22.775903" elapsed="0.000937"/>
</kw>
<status status="PASS" start="2024-06-16T06:20:22.668213" elapsed="0.108757"/>
</kw>
<doc>Testa o conteúdo específico dos campos retornados pela API.</doc>
<tag>testeConteudo</tag>
<status status="PASS" start="2024-06-16T06:20:22.667751" elapsed="0.109373"/>
</test>
<status status="PASS" start="2024-06-16T06:20:21.841161" elapsed="0.937907"/>
</suite>
<status status="PASS" start="2024-06-16T06:20:21.827294" elapsed="0.957099"/>
</suite>
<statistics>
<total>
<stat pass="5" fail="0" skip="0">All Tests</stat>
</total>
<tag>
<stat pass="1" fail="0" skip="0">testeConteudo</stat>
<stat pass="1" fail="0" skip="0">testeEstruturaResposta</stat>
<stat pass="1" fail="0" skip="0">testeRequisicaoBasica</stat>
<stat pass="1" fail="0" skip="0">testeTiposDados</stat>
</tag>
<suite>
<stat pass="5" fail="0" skip="0" id="s1" name="Tests">Tests</stat>
<stat pass="5" fail="0" skip="0" id="s1-s1" name="Random-User-Test">Tests.Random-User-Test</stat>
</suite>
</statistics>
<errors>
</errors>
</robot>
