<?xml version="1.0" encoding="UTF-8"?>
<robot generator="Robot 7.0.1 (Python 3.12.4 on linux)" generated="2024-06-21T05:15:17.762084" rpa="false" schemaversion="5">
<suite id="s1" name="Tests" source="/home/runner/work/ApiRandomUser/ApiRandomUser/RamdonUser/tests">
<suite id="s1-s1" name="Random-User-Test" source="/home/runner/work/ApiRandomUser/ApiRandomUser/RamdonUser/tests/random-user-test.robot">
<test id="s1-s1-t1" name="Conectar" line="13">
<kw name="Conectar API" owner="random-user-service">
<kw name="Create Session" owner="RequestsLibrary">
<msg time="2024-06-21T05:15:18.168987" level="INFO">Creating Session using : alias=consultarAPI, url=https://randomuser.me/, headers={},                     cookies={}, auth=None, timeout=None, proxies=None, verify=False,                     debug=0 </msg>
<arg>consultarAPI</arg>
<arg>${URL}</arg>
<doc>Create Session: create a HTTP session to a server</doc>
<status status="PASS" start="2024-06-21T05:15:18.168759" elapsed="0.000390"/>
</kw>
<status status="PASS" start="2024-06-21T05:15:18.167818" elapsed="0.001693"/>
</kw>
<status status="PASS" start="2024-06-21T05:15:18.167289" elapsed="0.002420"/>
</test>
<test id="s1-s1-t2" name="Validar retorno 200 e JSON Válido" line="16">
<kw name="Teste de Requisicao Basica" owner="random-user-service">
<kw name="GET On Session" owner="RequestsLibrary">
<msg time="2024-06-21T05:15:18.279416" level="INFO">GET Request : url=https://randomuser.me/api 
 path_url=/api 
 headers={'User-Agent': 'python-requests/2.32.3', 'Accept-Encoding': 'gzip, deflate', 'Accept': '*/*', 'Connection': 'keep-alive'} 
 body=None 
 </msg>
<msg time="2024-06-21T05:15:18.279522" level="INFO">GET Response : url=https://randomuser.me/api 
 status=200, reason=OK 
 headers={'Date': 'Fri, 21 Jun 2024 05:15:18 GMT', 'Content-Type': 'application/json; charset=utf-8', 'Transfer-Encoding': 'chunked', 'Connection': 'keep-alive', 'X-Powered-By': 'Express', 'Access-Control-Allow-Origin': '*', 'Cache-Control': 'no-cache', 'ETag': 'W/"474-ub0qBO5kZxVsJtz9aImMWxHp5FU"', 'Vary': 'Accept-Encoding', 'Content-Encoding': 'gzip', 'CF-Cache-Status': 'DYNAMIC', 'Report-To': '{"endpoints":[{"url":"https:\\/\\/a.nel.cloudflare.com\\/report\\/v4?s=gqAHcVru4SGyTUxAi%2FOl4YgzsWcR4C1aT0dkoS4AgEwEyPzkPNhRkC7luI7mEFLsBm5tic1JuTKl0SS293716ImB9Hb%2FNqpk7prejcJ0rK2%2FIxfPE9XliBugqE10G1NV"}],"group":"cf-nel","max_age":604800}', 'NEL': '{"success_fraction":0,"report_to":"cf-nel","max_age":604800}', 'Server': 'cloudflare', 'CF-RAY': '8971851edbf71238-ORD', 'alt-svc': 'h3=":443"; ma=86400'} 
 body={"results":[{"gender":"female","name":{"title":"Mrs","first":"Victoria","last":"Burke"},"location":{"street":{"number":4831,"name":"Ormond Quay"},"city":"Fermoy","state":"Kildare","country":"Ireland","postcode":75856,"coordinates":{"latitude":"-3.6036","longitude":"38.2965"},"timezone":{"offset":"+5:45","description":"Kathmandu"}},"email":"victoria.burke@example.com","login":{"uuid":"f16c7966-b75f-4a37-884e-b5126383f45a","username":"tinypanda381","password":"concord","salt":"Du0PoEbI","md5":"35997553bf58c50999648e92e72a7d22","sha1":"7b37650e35db2d676b56505675e7d8f52b3e9a23","sha256":"2b353f946e2aaeb917dcf343122d40d0bd16421e5eaa1a0e688dcf39bbd5cea9"},"dob":{"date":"1948-05-04T05:54:37.026Z","age":76},"registered":{"date":"2005-07-27T22:08:58.872Z","age":18},"phone":"021-529-2361","cell":"081-122-7103","id":{"name":"PPS","value":"5984563T"},"picture":{"large":"https://randomuser.me/api/portraits/women/42.jpg","medium":"https://randomuser.me/api/portraits/med/women/42.jpg","thumbnail":"https://randomuser.me/api/portraits/thumb/women/42.jpg"},"nat":"IE"}],"info":{"seed":"7b16194ec6c8812f","results":1,"page":1,"version":"1.4"}} 
 </msg>
<msg time="2024-06-21T05:15:18.279592" level="INFO">/opt/hostedtoolcache/Python/3.12.4/x64/lib/python3.12/site-packages/urllib3/connectionpool.py:1099: InsecureRequestWarning: Unverified HTTPS request is being made to host 'randomuser.me'. Adding certificate verification is strongly advised. See: https://urllib3.readthedocs.io/en/latest/advanced-usage.html#tls-warnings
  warnings.warn(</msg>
<msg time="2024-06-21T05:15:18.279713" level="INFO">${response} = &lt;Response [200]&gt;</msg>
<var>${response}</var>
<arg>consultarAPI</arg>
<arg>/api</arg>
<doc>Sends a GET request on a previously created HTTP Session.</doc>
<status status="PASS" start="2024-06-21T05:15:18.172256" elapsed="0.107499"/>
</kw>
<kw name="Should Be Equal As Numbers" owner="BuiltIn">
<msg time="2024-06-21T05:15:18.280753" level="INFO">Argument types are:
&lt;class 'int'&gt;
&lt;class 'str'&gt;</msg>
<arg>${response.status_code}</arg>
<arg>200</arg>
<doc>Fails if objects are unequal after converting them to real numbers.</doc>
<status status="PASS" start="2024-06-21T05:15:18.280247" elapsed="0.000606"/>
</kw>
<kw name="Log" owner="BuiltIn">
<msg time="2024-06-21T05:15:18.281519" level="INFO">200</msg>
<arg>${response.status_code}</arg>
<doc>Logs the given message with the given level.</doc>
<status status="PASS" start="2024-06-21T05:15:18.281173" elapsed="0.000388"/>
</kw>
<kw name="Set Variable" owner="BuiltIn">
<msg time="2024-06-21T05:15:18.282287" level="INFO">${json_data} = {'results': [{'gender': 'female', 'name': {'title': 'Mrs', 'first': 'Victoria', 'last': 'Burke'}, 'location': {'street': {'number': 4831, 'name': 'Ormond Quay'}, 'city': 'Fermoy', 'state': 'Kildare', ...</msg>
<var>${json_data}</var>
<arg>${response.json()}</arg>
<doc>Returns the given values which can then be assigned to a variables.</doc>
<status status="PASS" start="2024-06-21T05:15:18.281861" elapsed="0.000456"/>
</kw>
<kw name="Dictionary Should Contain Key" owner="Collections">
<arg>${json_data}</arg>
<arg>results</arg>
<doc>Fails if ``key`` is not found from ``dictionary``.</doc>
<status status="PASS" start="2024-06-21T05:15:18.282609" elapsed="0.000165"/>
</kw>
<status status="PASS" start="2024-06-21T05:15:18.172016" elapsed="0.110900"/>
</kw>
<doc>Testa se a API responde corretamente e retorna um objeto JSON válido.</doc>
<tag>testeRequisicaoBasica</tag>
<status status="PASS" start="2024-06-21T05:15:18.171569" elapsed="0.111502"/>
</test>
<test id="s1-s1-t3" name="Validar estrutura de resposta" line="22">
<kw name="Teste de Estrutura de Resposta" owner="random-user-service">
<kw name="GET On Session" owner="RequestsLibrary">
<msg time="2024-06-21T05:15:18.351079" level="INFO">GET Request : url=https://randomuser.me/api 
 path_url=/api 
 headers={'User-Agent': 'python-requests/2.32.3', 'Accept-Encoding': 'gzip, deflate', 'Accept': '*/*', 'Connection': 'keep-alive'} 
 body=None 
 </msg>
<msg time="2024-06-21T05:15:18.351143" level="INFO">GET Response : url=https://randomuser.me/api 
 status=200, reason=OK 
 headers={'Date': 'Fri, 21 Jun 2024 05:15:18 GMT', 'Content-Type': 'application/json; charset=utf-8', 'Transfer-Encoding': 'chunked', 'Connection': 'keep-alive', 'X-Powered-By': 'Express', 'Access-Control-Allow-Origin': '*', 'Cache-Control': 'no-cache', 'ETag': 'W/"489-vOk2An+rL1ME2OCdrkPDJc1nunQ"', 'Vary': 'Accept-Encoding', 'Content-Encoding': 'gzip', 'CF-Cache-Status': 'DYNAMIC', 'Report-To': '{"endpoints":[{"url":"https:\\/\\/a.nel.cloudflare.com\\/report\\/v4?s=wnCY74Jw5TZXh4AvuPLSd1tTjfS1vjJOsRMynT5K%2B07ZpiBcJ6GAHS52xVodeE1B%2BpuRt0ef8SaSjRcK1Imhci9IWmY20NJZX%2BtcB%2FbzpBQv1pJpSIQxsGK18PdmRWH7"}],"group":"cf-nel","max_age":604800}', 'NEL': '{"success_fraction":0,"report_to":"cf-nel","max_age":604800}', 'Server': 'cloudflare', 'CF-RAY': '8971851f5c6d1238-ORD', 'alt-svc': 'h3=":443"; ma=86400'} 
 body={"results":[{"gender":"male","name":{"title":"Mr","first":"Dennis","last":"Burns"},"location":{"street":{"number":9000,"name":"Boghall Road"},"city":"Swords","state":"Wexford","country":"Ireland","postcode":72017,"coordinates":{"latitude":"-2.1959","longitude":"-43.1907"},"timezone":{"offset":"+11:00","description":"Magadan, Solomon Islands, New Caledonia"}},"email":"dennis.burns@example.com","login":{"uuid":"31fe0dfb-5705-4c91-9424-51640e22e842","username":"blackfish405","password":"corvet07","salt":"vCauYJew","md5":"94829011307687641e554f0b194ebd88","sha1":"3e44960e8bf1e8c21d5b4d6d348e9bbddcd79cdf","sha256":"7da83131063c52bbf8f53f4c2a78d0af4b99baf7aa416c514b56dbda6bf7f9c3"},"dob":{"date":"1950-05-30T18:53:51.856Z","age":74},"registered":{"date":"2010-11-03T04:39:41.946Z","age":13},"phone":"011-911-9521","cell":"081-770-2607","id":{"name":"PPS","value":"1460580T"},"picture":{"large":"https://randomuser.me/api/portraits/men/28.jpg","medium":"https://randomuser.me/api/portraits/med/men/28.jpg","thumbnail":"https://randomuser.me/api/portraits/thumb/men/28.jpg"},"nat":"IE"}],"info":{"seed":"8e9ff37d709ea50e","results":1,"page":1,"version":"1.4"}} 
 </msg>
<msg time="2024-06-21T05:15:18.351238" level="INFO">/opt/hostedtoolcache/Python/3.12.4/x64/lib/python3.12/site-packages/urllib3/connectionpool.py:1099: InsecureRequestWarning: Unverified HTTPS request is being made to host 'randomuser.me'. Adding certificate verification is strongly advised. See: https://urllib3.readthedocs.io/en/latest/advanced-usage.html#tls-warnings
  warnings.warn(</msg>
<msg time="2024-06-21T05:15:18.351344" level="INFO">${response} = &lt;Response [200]&gt;</msg>
<var>${response}</var>
<arg>consultarAPI</arg>
<arg>/api</arg>
<doc>Sends a GET request on a previously created HTTP Session.</doc>
<status status="PASS" start="2024-06-21T05:15:18.285639" elapsed="0.065746"/>
</kw>
<kw name="Set Variable" owner="BuiltIn">
<msg time="2024-06-21T05:15:18.352413" level="INFO">${json_data} = {'results': [{'gender': 'male', 'name': {'title': 'Mr', 'first': 'Dennis', 'last': 'Burns'}, 'location': {'street': {'number': 9000, 'name': 'Boghall Road'}, 'city': 'Swords', 'state': 'Wexford', 'cou...</msg>
<var>${json_data}</var>
<arg>${response.json()}</arg>
<doc>Returns the given values which can then be assigned to a variables.</doc>
<status status="PASS" start="2024-06-21T05:15:18.351833" elapsed="0.000609"/>
</kw>
<kw name="Log" owner="BuiltIn">
<msg time="2024-06-21T05:15:18.352945" level="INFO">{'results': [{'gender': 'male', 'name': {'title': 'Mr', 'first': 'Dennis', 'last': 'Burns'}, 'location': {'street': {'number': 9000, 'name': 'Boghall Road'}, 'city': 'Swords', 'state': 'Wexford', 'country': 'Ireland', 'postcode': 72017, 'coordinates': {'latitude': '-2.1959', 'longitude': '-43.1907'}, 'timezone': {'offset': '+11:00', 'description': 'Magadan, Solomon Islands, New Caledonia'}}, 'email': 'dennis.burns@example.com', 'login': {'uuid': '31fe0dfb-5705-4c91-9424-51640e22e842', 'username': 'blackfish405', 'password': 'corvet07', 'salt': 'vCauYJew', 'md5': '94829011307687641e554f0b194ebd88', 'sha1': '3e44960e8bf1e8c21d5b4d6d348e9bbddcd79cdf', 'sha256': '7da83131063c52bbf8f53f4c2a78d0af4b99baf7aa416c514b56dbda6bf7f9c3'}, 'dob': {'date': '1950-05-30T18:53:51.856Z', 'age': 74}, 'registered': {'date': '2010-11-03T04:39:41.946Z', 'age': 13}, 'phone': '011-911-9521', 'cell': '081-770-2607', 'id': {'name': 'PPS', 'value': '1460580T'}, 'picture': {'large': 'https://randomuser.me/api/portraits/men/28.jpg', 'medium': 'https://randomuser.me/api/portraits/med/men/28.jpg', 'thumbnail': 'https://randomuser.me/api/portraits/thumb/men/28.jpg'}, 'nat': 'IE'}], 'info': {'seed': '8e9ff37d709ea50e', 'results': 1, 'page': 1, 'version': '1.4'}}</msg>
<arg>${json_data}</arg>
<doc>Logs the given message with the given level.</doc>
<status status="PASS" start="2024-06-21T05:15:18.352751" elapsed="0.000242"/>
</kw>
<kw name="Dictionary Should Contain Key" owner="Collections">
<arg>${json_data}</arg>
<arg>results</arg>
<doc>Fails if ``key`` is not found from ``dictionary``.</doc>
<status status="PASS" start="2024-06-21T05:15:18.353286" elapsed="0.000153"/>
</kw>
<kw name="Should Not Be Empty" owner="BuiltIn">
<msg time="2024-06-21T05:15:18.353747" level="INFO">Length is 2.</msg>
<arg>${json_data}</arg>
<doc>Verifies that the given item is not empty.</doc>
<status status="PASS" start="2024-06-21T05:15:18.353619" elapsed="0.000166"/>
</kw>
<kw name="Create List" owner="BuiltIn">
<msg time="2024-06-21T05:15:18.354332" level="INFO">${expected_keys} = ['gender', 'name', 'location', 'email', 'login']</msg>
<var>${expected_keys}</var>
<arg>gender</arg>
<arg>name</arg>
<arg>location</arg>
<arg>email</arg>
<arg>login</arg>
<doc>Returns a list containing given items.</doc>
<status status="PASS" start="2024-06-21T05:15:18.354067" elapsed="0.000290"/>
</kw>
<for flavor="IN">
<iter>
<kw name="Dictionary Should Contain Key" owner="Collections">
<arg>${json_data['results'][0]}</arg>
<arg>${key}</arg>
<doc>Fails if ``key`` is not found from ``dictionary``.</doc>
<status status="PASS" start="2024-06-21T05:15:18.354919" elapsed="0.000393"/>
</kw>
<kw name="Log" owner="BuiltIn">
<msg time="2024-06-21T05:15:18.355847" level="INFO">{'gender': 'male', 'name': {'title': 'Mr', 'first': 'Dennis', 'last': 'Burns'}, 'location': {'street': {'number': 9000, 'name': 'Boghall Road'}, 'city': 'Swords', 'state': 'Wexford', 'country': 'Ireland', 'postcode': 72017, 'coordinates': {'latitude': '-2.1959', 'longitude': '-43.1907'}, 'timezone': {'offset': '+11:00', 'description': 'Magadan, Solomon Islands, New Caledonia'}}, 'email': 'dennis.burns@example.com', 'login': {'uuid': '31fe0dfb-5705-4c91-9424-51640e22e842', 'username': 'blackfish405', 'password': 'corvet07', 'salt': 'vCauYJew', 'md5': '94829011307687641e554f0b194ebd88', 'sha1': '3e44960e8bf1e8c21d5b4d6d348e9bbddcd79cdf', 'sha256': '7da83131063c52bbf8f53f4c2a78d0af4b99baf7aa416c514b56dbda6bf7f9c3'}, 'dob': {'date': '1950-05-30T18:53:51.856Z', 'age': 74}, 'registered': {'date': '2010-11-03T04:39:41.946Z', 'age': 13}, 'phone': '011-911-9521', 'cell': '081-770-2607', 'id': {'name': 'PPS', 'value': '1460580T'}, 'picture': {'large': 'https://randomuser.me/api/portraits/men/28.jpg', 'medium': 'https://randomuser.me/api/portraits/med/men/28.jpg', 'thumbnail': 'https://randomuser.me/api/portraits/thumb/men/28.jpg'}, 'nat': 'IE'}</msg>
<arg>${json_data['results'][0]}</arg>
<doc>Logs the given message with the given level.</doc>
<status status="PASS" start="2024-06-21T05:15:18.355497" elapsed="0.000397"/>
</kw>
<kw name="Log" owner="BuiltIn">
<msg time="2024-06-21T05:15:18.356313" level="INFO">gender</msg>
<arg>${key}</arg>
<doc>Logs the given message with the given level.</doc>
<status status="PASS" start="2024-06-21T05:15:18.356187" elapsed="0.000163"/>
</kw>
<var name="${key}">gender</var>
<status status="PASS" start="2024-06-21T05:15:18.354798" elapsed="0.001762"/>
</iter>
<iter>
<kw name="Dictionary Should Contain Key" owner="Collections">
<arg>${json_data['results'][0]}</arg>
<arg>${key}</arg>
<doc>Fails if ``key`` is not found from ``dictionary``.</doc>
<status status="PASS" start="2024-06-21T05:15:18.356874" elapsed="0.000400"/>
</kw>
<kw name="Log" owner="BuiltIn">
<msg time="2024-06-21T05:15:18.357811" level="INFO">{'gender': 'male', 'name': {'title': 'Mr', 'first': 'Dennis', 'last': 'Burns'}, 'location': {'street': {'number': 9000, 'name': 'Boghall Road'}, 'city': 'Swords', 'state': 'Wexford', 'country': 'Ireland', 'postcode': 72017, 'coordinates': {'latitude': '-2.1959', 'longitude': '-43.1907'}, 'timezone': {'offset': '+11:00', 'description': 'Magadan, Solomon Islands, New Caledonia'}}, 'email': 'dennis.burns@example.com', 'login': {'uuid': '31fe0dfb-5705-4c91-9424-51640e22e842', 'username': 'blackfish405', 'password': 'corvet07', 'salt': 'vCauYJew', 'md5': '94829011307687641e554f0b194ebd88', 'sha1': '3e44960e8bf1e8c21d5b4d6d348e9bbddcd79cdf', 'sha256': '7da83131063c52bbf8f53f4c2a78d0af4b99baf7aa416c514b56dbda6bf7f9c3'}, 'dob': {'date': '1950-05-30T18:53:51.856Z', 'age': 74}, 'registered': {'date': '2010-11-03T04:39:41.946Z', 'age': 13}, 'phone': '011-911-9521', 'cell': '081-770-2607', 'id': {'name': 'PPS', 'value': '1460580T'}, 'picture': {'large': 'https://randomuser.me/api/portraits/men/28.jpg', 'medium': 'https://randomuser.me/api/portraits/med/men/28.jpg', 'thumbnail': 'https://randomuser.me/api/portraits/thumb/men/28.jpg'}, 'nat': 'IE'}</msg>
<arg>${json_data['results'][0]}</arg>
<doc>Logs the given message with the given level.</doc>
<status status="PASS" start="2024-06-21T05:15:18.357459" elapsed="0.000430"/>
</kw>
<kw name="Log" owner="BuiltIn">
<msg time="2024-06-21T05:15:18.358304" level="INFO">name</msg>
<arg>${key}</arg>
<doc>Logs the given message with the given level.</doc>
<status status="PASS" start="2024-06-21T05:15:18.358179" elapsed="0.000161"/>
</kw>
<var name="${key}">name</var>
<status status="PASS" start="2024-06-21T05:15:18.356738" elapsed="0.001813"/>
</iter>
<iter>
<kw name="Dictionary Should Contain Key" owner="Collections">
<arg>${json_data['results'][0]}</arg>
<arg>${key}</arg>
<doc>Fails if ``key`` is not found from ``dictionary``.</doc>
<status status="PASS" start="2024-06-21T05:15:18.358830" elapsed="0.000382"/>
</kw>
<kw name="Log" owner="BuiltIn">
<msg time="2024-06-21T05:15:18.359747" level="INFO">{'gender': 'male', 'name': {'title': 'Mr', 'first': 'Dennis', 'last': 'Burns'}, 'location': {'street': {'number': 9000, 'name': 'Boghall Road'}, 'city': 'Swords', 'state': 'Wexford', 'country': 'Ireland', 'postcode': 72017, 'coordinates': {'latitude': '-2.1959', 'longitude': '-43.1907'}, 'timezone': {'offset': '+11:00', 'description': 'Magadan, Solomon Islands, New Caledonia'}}, 'email': 'dennis.burns@example.com', 'login': {'uuid': '31fe0dfb-5705-4c91-9424-51640e22e842', 'username': 'blackfish405', 'password': 'corvet07', 'salt': 'vCauYJew', 'md5': '94829011307687641e554f0b194ebd88', 'sha1': '3e44960e8bf1e8c21d5b4d6d348e9bbddcd79cdf', 'sha256': '7da83131063c52bbf8f53f4c2a78d0af4b99baf7aa416c514b56dbda6bf7f9c3'}, 'dob': {'date': '1950-05-30T18:53:51.856Z', 'age': 74}, 'registered': {'date': '2010-11-03T04:39:41.946Z', 'age': 13}, 'phone': '011-911-9521', 'cell': '081-770-2607', 'id': {'name': 'PPS', 'value': '1460580T'}, 'picture': {'large': 'https://randomuser.me/api/portraits/men/28.jpg', 'medium': 'https://randomuser.me/api/portraits/med/men/28.jpg', 'thumbnail': 'https://randomuser.me/api/portraits/thumb/men/28.jpg'}, 'nat': 'IE'}</msg>
<arg>${json_data['results'][0]}</arg>
<doc>Logs the given message with the given level.</doc>
<status status="PASS" start="2024-06-21T05:15:18.359389" elapsed="0.000405"/>
</kw>
<kw name="Log" owner="BuiltIn">
<msg time="2024-06-21T05:15:18.360208" level="INFO">location</msg>
<arg>${key}</arg>
<doc>Logs the given message with the given level.</doc>
<status status="PASS" start="2024-06-21T05:15:18.360082" elapsed="0.000162"/>
</kw>
<var name="${key}">location</var>
<status status="PASS" start="2024-06-21T05:15:18.358723" elapsed="0.001731"/>
</iter>
<iter>
<kw name="Dictionary Should Contain Key" owner="Collections">
<arg>${json_data['results'][0]}</arg>
<arg>${key}</arg>
<doc>Fails if ``key`` is not found from ``dictionary``.</doc>
<status status="PASS" start="2024-06-21T05:15:18.360724" elapsed="0.000408"/>
</kw>
<kw name="Log" owner="BuiltIn">
<msg time="2024-06-21T05:15:18.361665" level="INFO">{'gender': 'male', 'name': {'title': 'Mr', 'first': 'Dennis', 'last': 'Burns'}, 'location': {'street': {'number': 9000, 'name': 'Boghall Road'}, 'city': 'Swords', 'state': 'Wexford', 'country': 'Ireland', 'postcode': 72017, 'coordinates': {'latitude': '-2.1959', 'longitude': '-43.1907'}, 'timezone': {'offset': '+11:00', 'description': 'Magadan, Solomon Islands, New Caledonia'}}, 'email': 'dennis.burns@example.com', 'login': {'uuid': '31fe0dfb-5705-4c91-9424-51640e22e842', 'username': 'blackfish405', 'password': 'corvet07', 'salt': 'vCauYJew', 'md5': '94829011307687641e554f0b194ebd88', 'sha1': '3e44960e8bf1e8c21d5b4d6d348e9bbddcd79cdf', 'sha256': '7da83131063c52bbf8f53f4c2a78d0af4b99baf7aa416c514b56dbda6bf7f9c3'}, 'dob': {'date': '1950-05-30T18:53:51.856Z', 'age': 74}, 'registered': {'date': '2010-11-03T04:39:41.946Z', 'age': 13}, 'phone': '011-911-9521', 'cell': '081-770-2607', 'id': {'name': 'PPS', 'value': '1460580T'}, 'picture': {'large': 'https://randomuser.me/api/portraits/men/28.jpg', 'medium': 'https://randomuser.me/api/portraits/med/men/28.jpg', 'thumbnail': 'https://randomuser.me/api/portraits/thumb/men/28.jpg'}, 'nat': 'IE'}</msg>
<arg>${json_data['results'][0]}</arg>
<doc>Logs the given message with the given level.</doc>
<status status="PASS" start="2024-06-21T05:15:18.361321" elapsed="0.000396"/>
</kw>
<kw name="Log" owner="BuiltIn">
<msg time="2024-06-21T05:15:18.362130" level="INFO">email</msg>
<arg>${key}</arg>
<doc>Logs the given message with the given level.</doc>
<status status="PASS" start="2024-06-21T05:15:18.362006" elapsed="0.000160"/>
</kw>
<var name="${key}">email</var>
<status status="PASS" start="2024-06-21T05:15:18.360620" elapsed="0.001756"/>
</iter>
<iter>
<kw name="Dictionary Should Contain Key" owner="Collections">
<arg>${json_data['results'][0]}</arg>
<arg>${key}</arg>
<doc>Fails if ``key`` is not found from ``dictionary``.</doc>
<status status="PASS" start="2024-06-21T05:15:18.362649" elapsed="0.000394"/>
</kw>
<kw name="Log" owner="BuiltIn">
<msg time="2024-06-21T05:15:18.363562" level="INFO">{'gender': 'male', 'name': {'title': 'Mr', 'first': 'Dennis', 'last': 'Burns'}, 'location': {'street': {'number': 9000, 'name': 'Boghall Road'}, 'city': 'Swords', 'state': 'Wexford', 'country': 'Ireland', 'postcode': 72017, 'coordinates': {'latitude': '-2.1959', 'longitude': '-43.1907'}, 'timezone': {'offset': '+11:00', 'description': 'Magadan, Solomon Islands, New Caledonia'}}, 'email': 'dennis.burns@example.com', 'login': {'uuid': '31fe0dfb-5705-4c91-9424-51640e22e842', 'username': 'blackfish405', 'password': 'corvet07', 'salt': 'vCauYJew', 'md5': '94829011307687641e554f0b194ebd88', 'sha1': '3e44960e8bf1e8c21d5b4d6d348e9bbddcd79cdf', 'sha256': '7da83131063c52bbf8f53f4c2a78d0af4b99baf7aa416c514b56dbda6bf7f9c3'}, 'dob': {'date': '1950-05-30T18:53:51.856Z', 'age': 74}, 'registered': {'date': '2010-11-03T04:39:41.946Z', 'age': 13}, 'phone': '011-911-9521', 'cell': '081-770-2607', 'id': {'name': 'PPS', 'value': '1460580T'}, 'picture': {'large': 'https://randomuser.me/api/portraits/men/28.jpg', 'medium': 'https://randomuser.me/api/portraits/med/men/28.jpg', 'thumbnail': 'https://randomuser.me/api/portraits/thumb/men/28.jpg'}, 'nat': 'IE'}</msg>
<arg>${json_data['results'][0]}</arg>
<doc>Logs the given message with the given level.</doc>
<status status="PASS" start="2024-06-21T05:15:18.363220" elapsed="0.000388"/>
</kw>
<kw name="Log" owner="BuiltIn">
<msg time="2024-06-21T05:15:18.364026" level="INFO">login</msg>
<arg>${key}</arg>
<doc>Logs the given message with the given level.</doc>
<status status="PASS" start="2024-06-21T05:15:18.363901" elapsed="0.000162"/>
</kw>
<var name="${key}">login</var>
<status status="PASS" start="2024-06-21T05:15:18.362545" elapsed="0.001728"/>
</iter>
<var>${key}</var>
<value>@{expected_keys}</value>
<status status="PASS" start="2024-06-21T05:15:18.354614" elapsed="0.009777"/>
</for>
<kw name="Create List" owner="BuiltIn">
<msg time="2024-06-21T05:15:18.364705" level="INFO">${expected_keysTwo} = ['username', 'password']</msg>
<var>${expected_keysTwo}</var>
<arg>username</arg>
<arg>password</arg>
<doc>Returns a list containing given items.</doc>
<status status="PASS" start="2024-06-21T05:15:18.364573" elapsed="0.000155"/>
</kw>
<for flavor="IN">
<iter>
<kw name="Dictionary Should Contain Key" owner="Collections">
<arg>${json_data['results'][0]['login']}</arg>
<arg>${keyTwo}</arg>
<doc>Fails if ``key`` is not found from ``dictionary``.</doc>
<status status="PASS" start="2024-06-21T05:15:18.365272" elapsed="0.000381"/>
</kw>
<kw name="Dictionary Should Contain Key" owner="Collections">
<arg>${json_data['results'][0]['login']}</arg>
<arg>${keyTwo}</arg>
<doc>Fails if ``key`` is not found from ``dictionary``.</doc>
<status status="PASS" start="2024-06-21T05:15:18.365836" elapsed="0.000370"/>
</kw>
<kw name="Log" owner="BuiltIn">
<msg time="2024-06-21T05:15:18.366500" level="INFO">username</msg>
<arg>${keyTwo}</arg>
<doc>Logs the given message with the given level.</doc>
<status status="PASS" start="2024-06-21T05:15:18.366382" elapsed="0.000155"/>
</kw>
<var name="${keyTwo}">username</var>
<status status="PASS" start="2024-06-21T05:15:18.365166" elapsed="0.001589"/>
</iter>
<iter>
<kw name="Dictionary Should Contain Key" owner="Collections">
<arg>${json_data['results'][0]['login']}</arg>
<arg>${keyTwo}</arg>
<doc>Fails if ``key`` is not found from ``dictionary``.</doc>
<status status="PASS" start="2024-06-21T05:15:18.367026" elapsed="0.000381"/>
</kw>
<kw name="Dictionary Should Contain Key" owner="Collections">
<arg>${json_data['results'][0]['login']}</arg>
<arg>${keyTwo}</arg>
<doc>Fails if ``key`` is not found from ``dictionary``.</doc>
<status status="PASS" start="2024-06-21T05:15:18.367581" elapsed="0.000370"/>
</kw>
<kw name="Log" owner="BuiltIn">
<msg time="2024-06-21T05:15:18.368245" level="INFO">password</msg>
<arg>${keyTwo}</arg>
<doc>Logs the given message with the given level.</doc>
<status status="PASS" start="2024-06-21T05:15:18.368126" elapsed="0.000155"/>
</kw>
<var name="${keyTwo}">password</var>
<status status="PASS" start="2024-06-21T05:15:18.366922" elapsed="0.001663"/>
</iter>
<var>${keyTwo}</var>
<value>@{expected_keysTwo}</value>
<status status="PASS" start="2024-06-21T05:15:18.365016" elapsed="0.003687"/>
</for>
<status status="PASS" start="2024-06-21T05:15:18.285415" elapsed="0.083459"/>
</kw>
<doc>Testa a estrutura da resposta da API.</doc>
<tag>testeEstruturaResposta</tag>
<status status="PASS" start="2024-06-21T05:15:18.284868" elapsed="0.084153"/>
</test>
<test id="s1-s1-t4" name="Validar tipos de dados" line="28">
<kw name="Teste de Tipos de Dados" owner="random-user-service">
<kw name="GET On Session" owner="RequestsLibrary">
<msg time="2024-06-21T05:15:18.464472" level="INFO">GET Request : url=https://randomuser.me/api 
 path_url=/api 
 headers={'User-Agent': 'python-requests/2.32.3', 'Accept-Encoding': 'gzip, deflate', 'Accept': '*/*', 'Connection': 'keep-alive'} 
 body=None 
 </msg>
<msg time="2024-06-21T05:15:18.464557" level="INFO">GET Response : url=https://randomuser.me/api 
 status=200, reason=OK 
 headers={'Date': 'Fri, 21 Jun 2024 05:15:18 GMT', 'Content-Type': 'application/json; charset=utf-8', 'Transfer-Encoding': 'chunked', 'Connection': 'keep-alive', 'X-Powered-By': 'Express', 'Access-Control-Allow-Origin': '*', 'Cache-Control': 'no-cache', 'ETag': 'W/"47b-TOTk6z3guUT50GoJW4pGN05D50c"', 'Vary': 'Accept-Encoding', 'Content-Encoding': 'gzip', 'CF-Cache-Status': 'DYNAMIC', 'Report-To': '{"endpoints":[{"url":"https:\\/\\/a.nel.cloudflare.com\\/report\\/v4?s=IyJyKtA9uJya4WS4SdWVlP3XDES6fMtPDHtal8GcDQAt3tRxovJgCT3OxC0B3gWm9jQ%2BHIR5h%2BLXceTO4%2Bml0B1yEN68KKCyoaXKzgGnWgdiEN1BtIWEjAhaYVZc2q9Y"}],"group":"cf-nel","max_age":604800}', 'NEL': '{"success_fraction":0,"report_to":"cf-nel","max_age":604800}', 'Server': 'cloudflare', 'CF-RAY': '8971851fdcd91238-ORD', 'alt-svc': 'h3=":443"; ma=86400'} 
 body={"results":[{"gender":"male","name":{"title":"Mr","first":"Önal","last":"Akay"},"location":{"street":{"number":5304,"name":"Istiklal Cd"},"city":"Bolu","state":"Kocaeli","country":"Turkey","postcode":66380,"coordinates":{"latitude":"71.6619","longitude":"-70.5387"},"timezone":{"offset":"-4:00","description":"Atlantic Time (Canada), Caracas, La Paz"}},"email":"onal.akay@example.com","login":{"uuid":"d048728a-9acc-455d-846b-b0fe51aa46b9","username":"greenpeacock746","password":"cutlass","salt":"MPXVtt2H","md5":"691044a6eb23543c43823f254f85b5db","sha1":"6f76b5c0960a3a2fa3aab8f905e8a3c88697b814","sha256":"858c824e237436c5b7e6e12575b3d6b09653f1d1b228021787fc1231e17b0b01"},"dob":{"date":"1948-02-26T12:57:43.812Z","age":76},"registered":{"date":"2021-05-03T15:19:41.658Z","age":3},"phone":"(306)-624-7615","cell":"(970)-650-9335","id":{"name":"","value":null},"picture":{"large":"https://randomuser.me/api/portraits/men/87.jpg","medium":"https://randomuser.me/api/portraits/med/men/87.jpg","thumbnail":"https://randomuser.me/api/portraits/thumb/men/87.jpg"},"nat":"TR"}],"info":{"seed":"a25056c4d13fa226","results":1,"page":1,"version":"1.4"}} 
 </msg>
<msg time="2024-06-21T05:15:18.464632" level="INFO">/opt/hostedtoolcache/Python/3.12.4/x64/lib/python3.12/site-packages/urllib3/connectionpool.py:1099: InsecureRequestWarning: Unverified HTTPS request is being made to host 'randomuser.me'. Adding certificate verification is strongly advised. See: https://urllib3.readthedocs.io/en/latest/advanced-usage.html#tls-warnings
  warnings.warn(</msg>
<msg time="2024-06-21T05:15:18.464737" level="INFO">${response} = &lt;Response [200]&gt;</msg>
<var>${response}</var>
<arg>consultarAPI</arg>
<arg>/api</arg>
<doc>Sends a GET request on a previously created HTTP Session.</doc>
<status status="PASS" start="2024-06-21T05:15:18.371455" elapsed="0.093324"/>
</kw>
<kw name="Set Variable" owner="BuiltIn">
<msg time="2024-06-21T05:15:18.465811" level="INFO">${json_data} = {'results': [{'gender': 'male', 'name': {'title': 'Mr', 'first': 'Önal', 'last': 'Akay'}, 'location': {'street': {'number': 5304, 'name': 'Istiklal Cd'}, 'city': 'Bolu', 'state': 'Kocaeli', 'country':...</msg>
<var>${json_data}</var>
<arg>${response.json()}</arg>
<doc>Returns the given values which can then be assigned to a variables.</doc>
<status status="PASS" start="2024-06-21T05:15:18.465250" elapsed="0.000589"/>
</kw>
<kw name="Log" owner="BuiltIn">
<msg time="2024-06-21T05:15:18.466306" level="INFO">{'results': [{'gender': 'male', 'name': {'title': 'Mr', 'first': 'Önal', 'last': 'Akay'}, 'location': {'street': {'number': 5304, 'name': 'Istiklal Cd'}, 'city': 'Bolu', 'state': 'Kocaeli', 'country': 'Turkey', 'postcode': 66380, 'coordinates': {'latitude': '71.6619', 'longitude': '-70.5387'}, 'timezone': {'offset': '-4:00', 'description': 'Atlantic Time (Canada), Caracas, La Paz'}}, 'email': 'onal.akay@example.com', 'login': {'uuid': 'd048728a-9acc-455d-846b-b0fe51aa46b9', 'username': 'greenpeacock746', 'password': 'cutlass', 'salt': 'MPXVtt2H', 'md5': '691044a6eb23543c43823f254f85b5db', 'sha1': '6f76b5c0960a3a2fa3aab8f905e8a3c88697b814', 'sha256': '858c824e237436c5b7e6e12575b3d6b09653f1d1b228021787fc1231e17b0b01'}, 'dob': {'date': '1948-02-26T12:57:43.812Z', 'age': 76}, 'registered': {'date': '2021-05-03T15:19:41.658Z', 'age': 3}, 'phone': '(306)-624-7615', 'cell': '(970)-650-9335', 'id': {'name': '', 'value': None}, 'picture': {'large': 'https://randomuser.me/api/portraits/men/87.jpg', 'medium': 'https://randomuser.me/api/portraits/med/men/87.jpg', 'thumbnail': 'https://randomuser.me/api/portraits/thumb/men/87.jpg'}, 'nat': 'TR'}], 'info': {'seed': 'a25056c4d13fa226', 'results': 1, 'page': 1, 'version': '1.4'}}</msg>
<arg>${json_data}</arg>
<doc>Logs the given message with the given level.</doc>
<status status="PASS" start="2024-06-21T05:15:18.466153" elapsed="0.000202"/>
</kw>
<kw name="Should Be String" owner="String">
<arg>${json_data['results'][0]['gender']}</arg>
<doc>Fails if the given ``item`` is not a string.</doc>
<status status="PASS" start="2024-06-21T05:15:18.466642" elapsed="0.000373"/>
</kw>
<kw name="Should Match Regexp" owner="BuiltIn">
<arg>${json_data['results'][0]['email']}</arg>
<arg>^[a-zA-Z0-9._%+-]+@[a-zA-Z0-9.-]+\.[a-zA-Z]{2,}$</arg>
<doc>Fails if ``string`` does not match ``pattern`` as a regular expression.</doc>
<status status="PASS" start="2024-06-21T05:15:18.467213" elapsed="0.000504"/>
</kw>
<kw name="Should Match Regexp" owner="BuiltIn">
<arg>${json_data['results'][0]['dob']['date']}</arg>
<arg>\\d{4}-\\d{2}-\\d{2}T\\d{2}:\\d{2}:\\d{2}\\.\\d{3}Z</arg>
<doc>Fails if ``string`` does not match ``pattern`` as a regular expression.</doc>
<status status="PASS" start="2024-06-21T05:15:18.467943" elapsed="0.000482"/>
</kw>
<kw name="Should Match Regexp" owner="BuiltIn">
<arg>${json_data['results'][0]['registered']['date']}</arg>
<arg>\\d{4}-\\d{2}-\\d{2}T\\d{2}:\\d{2}:\\d{2}\\.\\d{3}Z</arg>
<doc>Fails if ``string`` does not match ``pattern`` as a regular expression.</doc>
<status status="PASS" start="2024-06-21T05:15:18.468614" elapsed="0.000420"/>
</kw>
<kw name="Should Match Regexp" owner="BuiltIn">
<arg>${json_data['results'][0]['picture']['large']}</arg>
<arg>^https?://.*\.(?:png|jpe?g|gif|bmp)$</arg>
<doc>Fails if ``string`` does not match ``pattern`` as a regular expression.</doc>
<status status="PASS" start="2024-06-21T05:15:18.469219" elapsed="0.000488"/>
</kw>
<kw name="Should Match Regexp" owner="BuiltIn">
<arg>${json_data['results'][0]['picture']['medium']}</arg>
<arg>^https?://.*\.(?:png|jpe?g|gif|bmp)$</arg>
<doc>Fails if ``string`` does not match ``pattern`` as a regular expression.</doc>
<status status="PASS" start="2024-06-21T05:15:18.469894" elapsed="0.000364"/>
</kw>
<kw name="Should Match Regexp" owner="BuiltIn">
<arg>${json_data['results'][0]['picture']['thumbnail']}</arg>
<arg>^https?://.*\.(?:png|jpe?g|gif|bmp)$</arg>
<doc>Fails if ``string`` does not match ``pattern`` as a regular expression.</doc>
<status status="PASS" start="2024-06-21T05:15:18.470441" elapsed="0.000345"/>
</kw>
<kw name="Log" owner="BuiltIn">
<msg time="2024-06-21T05:15:18.471282" level="INFO">{'large': 'https://randomuser.me/api/portraits/men/87.jpg', 'medium': 'https://randomuser.me/api/portraits/med/men/87.jpg', 'thumbnail': 'https://randomuser.me/api/portraits/thumb/men/87.jpg'}</msg>
<arg>${json_data['results'][0]['picture']}</arg>
<doc>Logs the given message with the given level.</doc>
<status status="PASS" start="2024-06-21T05:15:18.470964" elapsed="0.000361"/>
</kw>
<status status="PASS" start="2024-06-21T05:15:18.371243" elapsed="0.100332"/>
</kw>
<kw name="Teste de Tipos de Dados - Postcode" owner="random-user-service">
<kw name="GET On Session" owner="RequestsLibrary">
<msg time="2024-06-21T05:15:18.552969" level="INFO">GET Request : url=https://randomuser.me/api 
 path_url=/api 
 headers={'User-Agent': 'python-requests/2.32.3', 'Accept-Encoding': 'gzip, deflate', 'Accept': '*/*', 'Connection': 'keep-alive'} 
 body=None 
 </msg>
<msg time="2024-06-21T05:15:18.553046" level="INFO">GET Response : url=https://randomuser.me/api 
 status=200, reason=OK 
 headers={'Date': 'Fri, 21 Jun 2024 05:15:18 GMT', 'Content-Type': 'application/json; charset=utf-8', 'Transfer-Encoding': 'chunked', 'Connection': 'keep-alive', 'X-Powered-By': 'Express', 'Access-Control-Allow-Origin': '*', 'Cache-Control': 'no-cache', 'ETag': 'W/"482-7a9++z6m2DAwXV+jH7/AurD5k40"', 'Vary': 'Accept-Encoding', 'Content-Encoding': 'gzip', 'CF-Cache-Status': 'DYNAMIC', 'Report-To': '{"endpoints":[{"url":"https:\\/\\/a.nel.cloudflare.com\\/report\\/v4?s=uz%2BMCR6aClw70bF1ooLWl5YAKkIDUr7AAumoV%2B2QjQN1Jd%2FMwARKDwo2JKSh1gEY5ApIsq61r%2BFmlpyTDKZm7RDFwkUZuA4zXB4sBu431h9qzJ%2BDKhBQae%2BK6iEzV2z2"}],"group":"cf-nel","max_age":604800}', 'NEL': '{"success_fraction":0,"report_to":"cf-nel","max_age":604800}', 'Server': 'cloudflare', 'CF-RAY': '897185207d5f1238-ORD', 'alt-svc': 'h3=":443"; ma=86400'} 
 body={"results":[{"gender":"female","name":{"title":"Mrs","first":"Marie","last":"Hale"},"location":{"street":{"number":3871,"name":"Stevens Creek Blvd"},"city":"Killeen","state":"Washington","country":"United States","postcode":71625,"coordinates":{"latitude":"86.5859","longitude":"13.2816"},"timezone":{"offset":"+4:30","description":"Kabul"}},"email":"marie.hale@example.com","login":{"uuid":"a56a6c7e-ab34-4197-af09-7da353590af2","username":"organicladybug882","password":"1235","salt":"TmrgKEk9","md5":"0ab8f8cf6826b1267a77b1b45b492dd1","sha1":"16e68e6096238554714aee0ba69c68edf9ce7ae6","sha256":"d34bc6102e61bec166a382c998dcc4ca2286a56f70c82e9ea7a5d8add46e9d3c"},"dob":{"date":"1981-10-14T03:08:33.703Z","age":42},"registered":{"date":"2006-05-14T10:33:05.951Z","age":18},"phone":"(335) 269-1267","cell":"(611) 894-3708","id":{"name":"SSN","value":"317-15-1240"},"picture":{"large":"https://randomuser.me/api/portraits/women/32.jpg","medium":"https://randomuser.me/api/portraits/med/women/32.jpg","thumbnail":"https://randomuser.me/api/portraits/thumb/women/32.jpg"},"nat":"US"}],"info":{"seed":"a77d558be8688f96","results":1,"page":1,"version":"1.4"}} 
 </msg>
<msg time="2024-06-21T05:15:18.553117" level="INFO">/opt/hostedtoolcache/Python/3.12.4/x64/lib/python3.12/site-packages/urllib3/connectionpool.py:1099: InsecureRequestWarning: Unverified HTTPS request is being made to host 'randomuser.me'. Adding certificate verification is strongly advised. See: https://urllib3.readthedocs.io/en/latest/advanced-usage.html#tls-warnings
  warnings.warn(</msg>
<msg time="2024-06-21T05:15:18.553230" level="INFO">${response} = &lt;Response [200]&gt;</msg>
<var>${response}</var>
<arg>consultarAPI</arg>
<arg>/api</arg>
<doc>Sends a GET request on a previously created HTTP Session.</doc>
<status status="PASS" start="2024-06-21T05:15:18.471998" elapsed="0.081283"/>
</kw>
<kw name="Set Variable" owner="BuiltIn">
<msg time="2024-06-21T05:15:18.554400" level="INFO">${json_data} = {'results': [{'gender': 'female', 'name': {'title': 'Mrs', 'first': 'Marie', 'last': 'Hale'}, 'location': {'street': {'number': 3871, 'name': 'Stevens Creek Blvd'}, 'city': 'Killeen', 'state': 'Washin...</msg>
<var>${json_data}</var>
<arg>${response.json()}</arg>
<doc>Returns the given values which can then be assigned to a variables.</doc>
<status status="PASS" start="2024-06-21T05:15:18.553831" elapsed="0.000598"/>
</kw>
<kw name="Log" owner="BuiltIn">
<msg time="2024-06-21T05:15:18.554884" level="INFO">{'results': [{'gender': 'female', 'name': {'title': 'Mrs', 'first': 'Marie', 'last': 'Hale'}, 'location': {'street': {'number': 3871, 'name': 'Stevens Creek Blvd'}, 'city': 'Killeen', 'state': 'Washington', 'country': 'United States', 'postcode': 71625, 'coordinates': {'latitude': '86.5859', 'longitude': '13.2816'}, 'timezone': {'offset': '+4:30', 'description': 'Kabul'}}, 'email': 'marie.hale@example.com', 'login': {'uuid': 'a56a6c7e-ab34-4197-af09-7da353590af2', 'username': 'organicladybug882', 'password': '1235', 'salt': 'TmrgKEk9', 'md5': '0ab8f8cf6826b1267a77b1b45b492dd1', 'sha1': '16e68e6096238554714aee0ba69c68edf9ce7ae6', 'sha256': 'd34bc6102e61bec166a382c998dcc4ca2286a56f70c82e9ea7a5d8add46e9d3c'}, 'dob': {'date': '1981-10-14T03:08:33.703Z', 'age': 42}, 'registered': {'date': '2006-05-14T10:33:05.951Z', 'age': 18}, 'phone': '(335) 269-1267', 'cell': '(611) 894-3708', 'id': {'name': 'SSN', 'value': '317-15-1240'}, 'picture': {'large': 'https://randomuser.me/api/portraits/women/32.jpg', 'medium': 'https://randomuser.me/api/portraits/med/women/32.jpg', 'thumbnail': 'https://randomuser.me/api/portraits/thumb/women/32.jpg'}, 'nat': 'US'}], 'info': {'seed': 'a77d558be8688f96', 'results': 1, 'page': 1, 'version': '1.4'}}</msg>
<arg>${json_data}</arg>
<doc>Logs the given message with the given level.</doc>
<status status="PASS" start="2024-06-21T05:15:18.554731" elapsed="0.000200"/>
</kw>
<kw name="Should Be Equal As Numbers" owner="BuiltIn">
<arg>${json_data['results'][0]['location']['postcode']}</arg>
<arg>${json_data['results'][0]['location']['postcode']}</arg>
<doc>Fails if objects are unequal after converting them to real numbers.</doc>
<status status="PASS" start="2024-06-21T05:15:18.555226" elapsed="0.000624"/>
</kw>
<kw name="Log" owner="BuiltIn">
<msg time="2024-06-21T05:15:18.556494" level="INFO">71625</msg>
<arg>${json_data['results'][0]['location']['postcode']}</arg>
<doc>Logs the given message with the given level.</doc>
<status status="PASS" start="2024-06-21T05:15:18.556038" elapsed="0.000497"/>
</kw>
<status status="PASS" start="2024-06-21T05:15:18.471781" elapsed="0.085059"/>
</kw>
<doc>Testa se os tipos de dados na resposta da API estão corretos.</doc>
<tag>testeTiposDados</tag>
<status status="PASS" start="2024-06-21T05:15:18.370742" elapsed="0.186269"/>
</test>
<test id="s1-s1-t5" name="Validar conteudo" line="35">
<kw name="Teste de Tipos de Conteudo" owner="random-user-service">
<kw name="GET On Session" owner="RequestsLibrary">
<msg time="2024-06-21T05:15:18.682425" level="INFO">GET Request : url=https://randomuser.me/api 
 path_url=/api 
 headers={'User-Agent': 'python-requests/2.32.3', 'Accept-Encoding': 'gzip, deflate', 'Accept': '*/*', 'Connection': 'keep-alive'} 
 body=None 
 </msg>
<msg time="2024-06-21T05:15:18.682507" level="INFO">GET Response : url=https://randomuser.me/api 
 status=200, reason=OK 
 headers={'Date': 'Fri, 21 Jun 2024 05:15:18 GMT', 'Content-Type': 'application/json; charset=utf-8', 'Transfer-Encoding': 'chunked', 'Connection': 'keep-alive', 'X-Powered-By': 'Express', 'Access-Control-Allow-Origin': '*', 'Cache-Control': 'no-cache', 'ETag': 'W/"48c-9ULIS+EPFtp4AT2AEkSsOgD9RKA"', 'Vary': 'Accept-Encoding', 'Content-Encoding': 'gzip', 'CF-Cache-Status': 'DYNAMIC', 'Report-To': '{"endpoints":[{"url":"https:\\/\\/a.nel.cloudflare.com\\/report\\/v4?s=sfQtWBX2x0b36yV8x51ywBI4wL0Lvx8zKZfw9VNCRKfQIBXCq1CsJW0%2BbWIdgp56c6b%2FvsrsSc3OhD78cU8tQpLM%2FNdjkgIQpaKSpYWdrOW%2FjTBzw7EQn8X9eQ9%2BkGsd"}],"group":"cf-nel","max_age":604800}', 'NEL': '{"success_fraction":0,"report_to":"cf-nel","max_age":604800}', 'Server': 'cloudflare', 'CF-RAY': '897185210dcd1238-ORD', 'alt-svc': 'h3=":443"; ma=86400'} 
 body={"results":[{"gender":"male","name":{"title":"Mr","first":"Vincent","last":"White"},"location":{"street":{"number":4960,"name":"Bank Street"},"city":"Timaru","state":"Manawatu-Wanganui","country":"New Zealand","postcode":78624,"coordinates":{"latitude":"48.1664","longitude":"-86.0336"},"timezone":{"offset":"+5:30","description":"Bombay, Calcutta, Madras, New Delhi"}},"email":"vincent.white@example.com","login":{"uuid":"fdb70d5c-bf37-4282-baa7-3f4332c5e4e0","username":"redladybug270","password":"peace","salt":"S0nBjFi0","md5":"66c0a0807a7ffc3342d409e33df06e90","sha1":"7bddaf50015cac9862b169cec79eccec1e1f1d09","sha256":"fc565cfeec4b210433af0d47389a75e9b49ff683fa0e2930bbee5bed4f6a7f76"},"dob":{"date":"1998-06-26T11:30:38.181Z","age":25},"registered":{"date":"2007-08-21T16:01:07.221Z","age":16},"phone":"(217)-392-8025","cell":"(450)-693-6312","id":{"name":"","value":null},"picture":{"large":"https://randomuser.me/api/portraits/men/23.jpg","medium":"https://randomuser.me/api/portraits/med/men/23.jpg","thumbnail":"https://randomuser.me/api/portraits/thumb/men/23.jpg"},"nat":"NZ"}],"info":{"seed":"ea955b2250e44a18","results":1,"page":1,"version":"1.4"}} 
 </msg>
<msg time="2024-06-21T05:15:18.682581" level="INFO">/opt/hostedtoolcache/Python/3.12.4/x64/lib/python3.12/site-packages/urllib3/connectionpool.py:1099: InsecureRequestWarning: Unverified HTTPS request is being made to host 'randomuser.me'. Adding certificate verification is strongly advised. See: https://urllib3.readthedocs.io/en/latest/advanced-usage.html#tls-warnings
  warnings.warn(</msg>
<msg time="2024-06-21T05:15:18.682693" level="INFO">${response} = &lt;Response [200]&gt;</msg>
<var>${response}</var>
<arg>consultarAPI</arg>
<arg>/api</arg>
<doc>Sends a GET request on a previously created HTTP Session.</doc>
<status status="PASS" start="2024-06-21T05:15:18.559425" elapsed="0.123309"/>
</kw>
<kw name="Set Variable" owner="BuiltIn">
<msg time="2024-06-21T05:15:18.683619" level="INFO">${json_data} = {'results': [{'gender': 'male', 'name': {'title': 'Mr', 'first': 'Vincent', 'last': 'White'}, 'location': {'street': {'number': 4960, 'name': 'Bank Street'}, 'city': 'Timaru', 'state': 'Manawatu-Wanga...</msg>
<var>${json_data}</var>
<arg>${response.json()}</arg>
<doc>Returns the given values which can then be assigned to a variables.</doc>
<status status="PASS" start="2024-06-21T05:15:18.683189" elapsed="0.000457"/>
</kw>
<kw name="Set Variable" owner="BuiltIn">
<msg time="2024-06-21T05:15:18.684316" level="INFO">${name_title} = Mr</msg>
<var>${name_title}</var>
<arg>${json_data["results"][0]["name"]["title"]}</arg>
<doc>Returns the given values which can then be assigned to a variables.</doc>
<status status="PASS" start="2024-06-21T05:15:18.683940" elapsed="0.000401"/>
</kw>
<kw name="Create List" owner="BuiltIn">
<msg time="2024-06-21T05:15:18.684774" level="INFO">${allowed_titles} = ['Mr', 'Ms', 'Miss', 'Mrs', 'Madame', 'Monsieur']</msg>
<var>${allowed_titles}</var>
<arg>Mr</arg>
<arg>Ms</arg>
<arg>Miss</arg>
<arg>Mrs</arg>
<arg>Madame</arg>
<arg>Monsieur</arg>
<doc>Returns a list containing given items.</doc>
<status status="PASS" start="2024-06-21T05:15:18.684628" elapsed="0.000194"/>
</kw>
<kw name="List Should Contain Value" owner="Collections">
<arg>${allowed_titles}</arg>
<arg>${name_title}</arg>
<doc>Fails if the ``value`` is not found from ``list``.</doc>
<status status="PASS" start="2024-06-21T05:15:18.685132" elapsed="0.000174"/>
</kw>
<kw name="Set Variable" owner="BuiltIn">
<msg time="2024-06-21T05:15:18.685849" level="INFO">${name_country} = NZ</msg>
<var>${name_country}</var>
<arg>${json_data["results"][0]["nat"]}</arg>
<doc>Returns the given values which can then be assigned to a variables.</doc>
<status status="PASS" start="2024-06-21T05:15:18.685483" elapsed="0.000390"/>
</kw>
<kw name="Create List" owner="BuiltIn">
<msg time="2024-06-21T05:15:18.686757" level="INFO">${list_country} = ['AD', 'AE', 'AF', 'AG', 'AI', 'AL', 'AM', 'AO', 'AQ', 'AR', 'AS', 'AT', 'AU', 'AW', 'AX', 'AZ', 'BA', 'BB', 'BD', 'BE', 'BF', 'BG', 'BH', 'BI', 'BJ', 'BL', 'BM', 'BN', 'BO', 'BQ', 'BR', 'BS', 'BT', '...</msg>
<var>${list_country}</var>
<arg>AD</arg>
<arg>AE</arg>
<arg>AF</arg>
<arg>AG</arg>
<arg>AI</arg>
<arg>AL</arg>
<arg>AM</arg>
<arg>AO</arg>
<arg>AQ</arg>
<arg>AR</arg>
<arg>AS</arg>
<arg>AT</arg>
<arg>AU</arg>
<arg>AW</arg>
<arg>AX</arg>
<arg>AZ</arg>
<arg>BA</arg>
<arg>BB</arg>
<arg>BD</arg>
<arg>BE</arg>
<arg>BF</arg>
<arg>BG</arg>
<arg>BH</arg>
<arg>BI</arg>
<arg>BJ</arg>
<arg>BL</arg>
<arg>BM</arg>
<arg>BN</arg>
<arg>BO</arg>
<arg>BQ</arg>
<arg>BR</arg>
<arg>BS</arg>
<arg>BT</arg>
<arg>BV</arg>
<arg>BW</arg>
<arg>BY</arg>
<arg>BZ</arg>
<arg>CA</arg>
<arg>CC</arg>
<arg>CD</arg>
<arg>CF</arg>
<arg>CG</arg>
<arg>CH</arg>
<arg>CI</arg>
<arg>CK</arg>
<arg>CL</arg>
<arg>CM</arg>
<arg>CN</arg>
<arg>CO</arg>
<arg>CR</arg>
<arg>CU</arg>
<arg>CV</arg>
<arg>CW</arg>
<arg>CX</arg>
<arg>CY</arg>
<arg>CZ</arg>
<arg>DE</arg>
<arg>DJ</arg>
<arg>DK</arg>
<arg>DM</arg>
<arg>DO</arg>
<arg>DZ</arg>
<arg>EC</arg>
<arg>EE</arg>
<arg>EG</arg>
<arg>EH</arg>
<arg>ER</arg>
<arg>ES</arg>
<arg>ET</arg>
<arg>FI</arg>
<arg>FJ</arg>
<arg>FK</arg>
<arg>FM</arg>
<arg>FO</arg>
<arg>FR</arg>
<arg>GA</arg>
<arg>GB</arg>
<arg>GD</arg>
<arg>GE</arg>
<arg>GF</arg>
<arg>GG</arg>
<arg>GH</arg>
<arg>GI</arg>
<arg>GL</arg>
<arg>GM</arg>
<arg>GN</arg>
<arg>GP</arg>
<arg>GQ</arg>
<arg>GR</arg>
<arg>GS</arg>
<arg>GT</arg>
<arg>GU</arg>
<arg>GW</arg>
<arg>GY</arg>
<arg>HK</arg>
<arg>HM</arg>
<arg>HN</arg>
<arg>HR</arg>
<arg>HT</arg>
<arg>HU</arg>
<arg>ID</arg>
<arg>IE</arg>
<arg>IL</arg>
<arg>IM</arg>
<arg>IN</arg>
<arg>IO</arg>
<arg>IQ</arg>
<arg>IR</arg>
<arg>IS</arg>
<arg>IT</arg>
<arg>JE</arg>
<arg>JM</arg>
<arg>JO</arg>
<arg>JP</arg>
<arg>KE</arg>
<arg>KG</arg>
<arg>KH</arg>
<arg>KI</arg>
<arg>KM</arg>
<arg>KN</arg>
<arg>KP</arg>
<arg>KR</arg>
<arg>KW</arg>
<arg>KY</arg>
<arg>KZ</arg>
<arg>LA</arg>
<arg>LB</arg>
<arg>LC</arg>
<arg>LI</arg>
<arg>LK</arg>
<arg>LR</arg>
<arg>LS</arg>
<arg>LT</arg>
<arg>LU</arg>
<arg>LV</arg>
<arg>LY</arg>
<arg>MA</arg>
<arg>MC</arg>
<arg>MD</arg>
<arg>ME</arg>
<arg>MF</arg>
<arg>MG</arg>
<arg>MH</arg>
<arg>MK</arg>
<arg>ML</arg>
<arg>MM</arg>
<arg>MN</arg>
<arg>MO</arg>
<arg>MP</arg>
<arg>MQ</arg>
<arg>MR</arg>
<arg>MS</arg>
<arg>MT</arg>
<arg>MU</arg>
<arg>MV</arg>
<arg>MW</arg>
<arg>MX</arg>
<arg>MY</arg>
<arg>MZ</arg>
<arg>NA</arg>
<arg>NC</arg>
<arg>NE</arg>
<arg>NF</arg>
<arg>NG</arg>
<arg>NI</arg>
<arg>NL</arg>
<arg>NO</arg>
<arg>NP</arg>
<arg>NR</arg>
<arg>NU</arg>
<arg>NZ</arg>
<arg>OM</arg>
<arg>PA</arg>
<arg>PE</arg>
<arg>PF</arg>
<arg>PG</arg>
<arg>PH</arg>
<arg>PK</arg>
<arg>PL</arg>
<arg>PM</arg>
<arg>PN</arg>
<arg>PR</arg>
<arg>PS</arg>
<arg>PT</arg>
<arg>PW</arg>
<arg>PY</arg>
<arg>QA</arg>
<arg>RE</arg>
<arg>RO</arg>
<arg>RS</arg>
<arg>RU</arg>
<arg>RW</arg>
<arg>SA</arg>
<arg>SB</arg>
<arg>SC</arg>
<arg>SD</arg>
<arg>SE</arg>
<arg>SG</arg>
<arg>SH</arg>
<arg>SI</arg>
<arg>SJ</arg>
<arg>SK</arg>
<arg>SL</arg>
<arg>SM</arg>
<arg>SN</arg>
<arg>SO</arg>
<arg>SR</arg>
<arg>SS</arg>
<arg>ST</arg>
<arg>SV</arg>
<arg>SX</arg>
<arg>SY</arg>
<arg>SZ</arg>
<arg>TC</arg>
<arg>TD</arg>
<arg>TF</arg>
<arg>TG</arg>
<arg>TH</arg>
<arg>TJ</arg>
<arg>TK</arg>
<arg>TL</arg>
<arg>TM</arg>
<arg>TN</arg>
<arg>TO</arg>
<arg>TR</arg>
<arg>TT</arg>
<arg>TV</arg>
<arg>TW</arg>
<arg>TZ</arg>
<arg>UA</arg>
<arg>UG</arg>
<arg>UM</arg>
<arg>US</arg>
<arg>UY</arg>
<arg>UZ</arg>
<arg>VA</arg>
<arg>VC</arg>
<arg>VE</arg>
<arg>VG</arg>
<arg>VI</arg>
<arg>VN</arg>
<arg>VU</arg>
<arg>WF</arg>
<arg>WS</arg>
<arg>XK</arg>
<arg>YE</arg>
<arg>YT</arg>
<arg>ZA</arg>
<arg>ZM</arg>
<arg>ZW</arg>
<doc>Returns a list containing given items.</doc>
<status status="PASS" start="2024-06-21T05:15:18.686157" elapsed="0.000625"/>
</kw>
<kw name="List Should Contain Value" owner="Collections">
<arg>${list_country}</arg>
<arg>${name_country}</arg>
<doc>Fails if the ``value`` is not found from ``list``.</doc>
<status status="PASS" start="2024-06-21T05:15:18.687569" elapsed="0.000198"/>
</kw>
<kw name="Run Keyword If" owner="BuiltIn">
<kw name="Should Be True" owner="BuiltIn">
<arg>${True}</arg>
<doc>Fails if the given condition is not true.</doc>
<status status="PASS" start="2024-06-21T05:15:18.688684" elapsed="0.000163"/>
</kw>
<arg>${json_data["results"][0]["location"]["coordinates"]["latitude"]} &gt;= -90 and ${json_data["results"][0]["location"]["coordinates"]["latitude"]} &lt;= 90</arg>
<arg>Should Be True</arg>
<arg>${True}</arg>
<doc>Runs the given keyword with the given arguments, if ``condition`` is true.</doc>
<status status="PASS" start="2024-06-21T05:15:18.687959" elapsed="0.001017"/>
</kw>
<kw name="Run Keyword If" owner="BuiltIn">
<kw name="Should Be True" owner="BuiltIn">
<arg>${True}</arg>
<doc>Fails if the given condition is not true.</doc>
<status status="PASS" start="2024-06-21T05:15:18.689829" elapsed="0.000225"/>
</kw>
<arg>${json_data["results"][0]["location"]["coordinates"]["longitude"]} &gt;= -180 and ${json_data["results"][0]["location"]["coordinates"]["longitude"]} &lt;= 180</arg>
<arg>Should Be True</arg>
<arg>${True}</arg>
<doc>Runs the given keyword with the given arguments, if ``condition`` is true.</doc>
<status status="PASS" start="2024-06-21T05:15:18.689154" elapsed="0.001026"/>
</kw>
<status status="PASS" start="2024-06-21T05:15:18.559213" elapsed="0.131097"/>
</kw>
<doc>Testa o conteúdo específico dos campos retornados pela API.</doc>
<tag>testeConteudo</tag>
<status status="PASS" start="2024-06-21T05:15:18.558719" elapsed="0.131729"/>
</test>
<status status="PASS" start="2024-06-21T05:15:17.820359" elapsed="0.871972"/>
</suite>
<status status="PASS" start="2024-06-21T05:15:17.805972" elapsed="0.891400"/>
</suite>
<statistics>
<total>
<stat pass="5" fail="0" skip="0">All Tests</stat>
</total>
<tag>
<stat pass="1" fail="0" skip="0">testeConteudo</stat>
<stat pass="1" fail="0" skip="0">testeEstruturaResposta</stat>
<stat pass="1" fail="0" skip="0">testeRequisicaoBasica</stat>
<stat pass="1" fail="0" skip="0">testeTiposDados</stat>
</tag>
<suite>
<stat pass="5" fail="0" skip="0" id="s1" name="Tests">Tests</stat>
<stat pass="5" fail="0" skip="0" id="s1-s1" name="Random-User-Test">Tests.Random-User-Test</stat>
</suite>
</statistics>
<errors>
</errors>
</robot>
