<?xml version="1.0" encoding="UTF-8"?>
<robot generator="Robot 7.0 (Python 3.12.3 on linux)" generated="2024-04-18T12:24:46.391420" rpa="false" schemaversion="5">
<suite id="s1" name="Tests" source="/home/runner/work/DesafioQAItauRogerioJordao/DesafioQAItauRogerioJordao/RamdonUser/tests">
<suite id="s1-s1" name="Random-User-Test" source="/home/runner/work/DesafioQAItauRogerioJordao/DesafioQAItauRogerioJordao/RamdonUser/tests/random-user-test.robot">
<test id="s1-s1-t1" name="Conectar" line="13">
<kw name="Conectar API" owner="random-user-service">
<kw name="Create Session" owner="RequestsLibrary">
<msg time="2024-04-18T12:24:46.776202" level="INFO">Creating Session using : alias=consultarAPI, url=https://randomuser.me/, headers={},                     cookies={}, auth=None, timeout=None, proxies=None, verify=False,                     debug=0 </msg>
<arg>consultarAPI</arg>
<arg>${URL}</arg>
<doc>Create Session: create a HTTP session to a server</doc>
<status status="PASS" start="2024-04-18T12:24:46.775983" elapsed="0.000407"/>
</kw>
<status status="PASS" start="2024-04-18T12:24:46.774977" elapsed="0.001856"/>
</kw>
<status status="PASS" start="2024-04-18T12:24:46.774348" elapsed="0.002685"/>
</test>
<test id="s1-s1-t2" name="Validar retorno 200 e JSON Válido" line="16">
<kw name="Teste de Requisicao Basica" owner="random-user-service">
<kw name="GET On Session" owner="RequestsLibrary">
<msg time="2024-04-18T12:24:47.000876" level="INFO">GET Request : url=https://randomuser.me/api 
 path_url=/api 
 headers={'User-Agent': 'python-requests/2.31.0', 'Accept-Encoding': 'gzip, deflate', 'Accept': '*/*', 'Connection': 'keep-alive'} 
 body=None 
 </msg>
<msg time="2024-04-18T12:24:47.001051" level="INFO">GET Response : url=https://randomuser.me/api 
 status=200, reason=OK 
 headers={'Date': 'Thu, 18 Apr 2024 12:24:47 GMT', 'Content-Type': 'application/json; charset=utf-8', 'Transfer-Encoding': 'chunked', 'Connection': 'keep-alive', 'X-Powered-By': 'Express', 'Access-Control-Allow-Origin': '*', 'Cache-Control': 'no-cache', 'ETag': 'W/"487-MY3Q4bPvgv5ELKsa/7jVx2SY/3c"', 'Vary': 'Accept-Encoding', 'Content-Encoding': 'gzip', 'CF-Cache-Status': 'DYNAMIC', 'Report-To': '{"endpoints":[{"url":"https:\\/\\/a.nel.cloudflare.com\\/report\\/v4?s=uTDOyHkrpvxGOyN1I5DQrQrpw0b8x%2FyVhJGBI5iNrUy2UfAILzJvBdYdPS4CPmRdgvYt3LQojlRFVAotq1Jwz3Af8AOx0vlKodtU10MjBD0d7obJFnnTv6SWVLhHLqgc"}],"group":"cf-nel","max_age":604800}', 'NEL': '{"success_fraction":0,"report_to":"cf-nel","max_age":604800}', 'Server': 'cloudflare', 'CF-RAY': '8764a23d3a3a15e7-SJC', 'alt-svc': 'h3=":443"; ma=86400'} 
 body={"results":[{"gender":"female","name":{"title":"Miss","first":"Latife","last":"Abacı"},"location":{"street":{"number":9994,"name":"Bağdat Cd"},"city":"Adana","state":"Elazığ","country":"Turkey","postcode":98717,"coordinates":{"latitude":"70.3700","longitude":"58.4455"},"timezone":{"offset":"+1:00","description":"Brussels, Copenhagen, Madrid, Paris"}},"email":"latife.abaci@example.com","login":{"uuid":"9037fd04-fef9-4211-874a-84602585a56a","username":"redleopard340","password":"director","salt":"60LiffaD","md5":"0e9b7499fb3cc41000b52b12f34b3ef4","sha1":"bc221b95a7f42ff278896ff9932b966176adde87","sha256":"427f91d066dc8060616980f1ae7ec6e47056dcb34e83a6c772830e8c98890340"},"dob":{"date":"1969-02-20T09:22:31.843Z","age":55},"registered":{"date":"2002-09-25T16:33:22.798Z","age":21},"phone":"(353)-634-6921","cell":"(455)-051-6689","id":{"name":"","value":null},"picture":{"large":"https://randomuser.me/api/portraits/women/12.jpg","medium":"https://randomuser.me/api/portraits/med/women/12.jpg","thumbnail":"https://randomuser.me/api/portraits/thumb/women/12.jpg"},"nat":"TR"}],"info":{"seed":"e6446595b73a916c","results":1,"page":1,"version":"1.4"}} 
 </msg>
<msg time="2024-04-18T12:24:47.001154" level="INFO">/opt/hostedtoolcache/Python/3.12.3/x64/lib/python3.12/site-packages/urllib3/connectionpool.py:1103: InsecureRequestWarning: Unverified HTTPS request is being made to host 'randomuser.me'. Adding certificate verification is strongly advised. See: https://urllib3.readthedocs.io/en/latest/advanced-usage.html#tls-warnings
  warnings.warn(</msg>
<msg time="2024-04-18T12:24:47.001328" level="INFO">${response} = &lt;Response [200]&gt;</msg>
<var>${response}</var>
<arg>consultarAPI</arg>
<arg>/api</arg>
<doc>Sends a GET request on a previously created HTTP Session.</doc>
<status status="PASS" start="2024-04-18T12:24:46.779707" elapsed="0.221668"/>
</kw>
<kw name="Should Be Equal As Numbers" owner="BuiltIn">
<msg time="2024-04-18T12:24:47.002399" level="INFO">Argument types are:
&lt;class 'int'&gt;
&lt;class 'str'&gt;</msg>
<arg>${response.status_code}</arg>
<arg>200</arg>
<doc>Fails if objects are unequal after converting them to real numbers.</doc>
<status status="PASS" start="2024-04-18T12:24:47.001925" elapsed="0.000539"/>
</kw>
<kw name="Log" owner="BuiltIn">
<msg time="2024-04-18T12:24:47.003178" level="INFO">200</msg>
<arg>${response.status_code}</arg>
<doc>Logs the given message with the given level.</doc>
<status status="PASS" start="2024-04-18T12:24:47.002819" elapsed="0.000402"/>
</kw>
<kw name="Set Variable" owner="BuiltIn">
<msg time="2024-04-18T12:24:47.004000" level="INFO">${json_data} = {'results': [{'gender': 'female', 'name': {'title': 'Miss', 'first': 'Latife', 'last': 'Abacı'}, 'location': {'street': {'number': 9994, 'name': 'Bağdat Cd'}, 'city': 'Adana', 'state': 'Elazığ', 'coun...</msg>
<var>${json_data}</var>
<arg>${response.json()}</arg>
<doc>Returns the given values which can then be assigned to a variables.</doc>
<status status="PASS" start="2024-04-18T12:24:47.003532" elapsed="0.000499"/>
</kw>
<kw name="Dictionary Should Contain Key" owner="Collections">
<msg time="2024-04-18T12:24:47.004507" level="INFO">False</msg>
<arg>${json_data}</arg>
<arg>results</arg>
<doc>Fails if ``key`` is not found from ``dictionary``.</doc>
<status status="PASS" start="2024-04-18T12:24:47.004338" elapsed="0.000207"/>
</kw>
<status status="PASS" start="2024-04-18T12:24:46.779454" elapsed="0.225409"/>
</kw>
<doc>Testa se a API responde corretamente e retorna um objeto JSON válido.</doc>
<tag>testeRequisicaoBasica</tag>
<status status="PASS" start="2024-04-18T12:24:46.778921" elapsed="0.226132"/>
</test>
<test id="s1-s1-t3" name="Validar estrutura de resposta" line="22">
<kw name="Teste de Estrutura de Resposta" owner="random-user-service">
<kw name="GET On Session" owner="RequestsLibrary">
<msg time="2024-04-18T12:24:47.111897" level="INFO">GET Request : url=https://randomuser.me/api 
 path_url=/api 
 headers={'User-Agent': 'python-requests/2.31.0', 'Accept-Encoding': 'gzip, deflate', 'Accept': '*/*', 'Connection': 'keep-alive'} 
 body=None 
 </msg>
<msg time="2024-04-18T12:24:47.111991" level="INFO">GET Response : url=https://randomuser.me/api 
 status=200, reason=OK 
 headers={'Date': 'Thu, 18 Apr 2024 12:24:47 GMT', 'Content-Type': 'application/json; charset=utf-8', 'Transfer-Encoding': 'chunked', 'Connection': 'keep-alive', 'X-Powered-By': 'Express', 'Access-Control-Allow-Origin': '*', 'Cache-Control': 'no-cache', 'ETag': 'W/"4a0-be+LYTRI/bJrE6i6L1S8XzxUm3w"', 'Vary': 'Accept-Encoding', 'Content-Encoding': 'gzip', 'CF-Cache-Status': 'DYNAMIC', 'Report-To': '{"endpoints":[{"url":"https:\\/\\/a.nel.cloudflare.com\\/report\\/v4?s=3L4tU7p9WF2ML16ufEltmvjJd%2BLFYZ5vkyIxeBCzAXPfzbbpNYtavb0ynP5KQVDHUUn8diP43hM2y8ymC5Hm%2F1PcMC4dwORyebOpuCvfd%2BkOiDywqPmpS9MXOeVTkuSO"}],"group":"cf-nel","max_age":604800}', 'NEL': '{"success_fraction":0,"report_to":"cf-nel","max_age":604800}', 'Server': 'cloudflare', 'CF-RAY': '8764a23ddaf815e7-SJC', 'alt-svc': 'h3=":443"; ma=86400'} 
 body={"results":[{"gender":"female","name":{"title":"Ms","first":"Kaitlin","last":"Myers"},"location":{"street":{"number":3365,"name":"King Street"},"city":"Chichester","state":"County Tyrone","country":"United Kingdom","postcode":"L19 7QR","coordinates":{"latitude":"-11.8295","longitude":"35.9307"},"timezone":{"offset":"-1:00","description":"Azores, Cape Verde Islands"}},"email":"kaitlin.myers@example.com","login":{"uuid":"8ad65433-d968-4afa-89a4-92b481a9c154","username":"crazymeercat224","password":"mutant","salt":"MxHP9PYJ","md5":"c21ef9d5e22c86838ade3b6231f43495","sha1":"6f0b34740f48f1d4ecee62b7531baefd01b94c31","sha256":"b23714c824d5e01c791f21b9cd9e96904e2fea0abd1fd1796a8bb14fad042c87"},"dob":{"date":"1984-12-28T05:19:26.307Z","age":39},"registered":{"date":"2007-05-27T20:24:36.205Z","age":16},"phone":"015396 59074","cell":"07907 165232","id":{"name":"NINO","value":"YB 79 53 09 L"},"picture":{"large":"https://randomuser.me/api/portraits/women/52.jpg","medium":"https://randomuser.me/api/portraits/med/women/52.jpg","thumbnail":"https://randomuser.me/api/portraits/thumb/women/52.jpg"},"nat":"GB"}],"info":{"seed":"08067cd7bd29ae54","results":1,"page":1,"version":"1.4"}} 
 </msg>
<msg time="2024-04-18T12:24:47.112118" level="INFO">/opt/hostedtoolcache/Python/3.12.3/x64/lib/python3.12/site-packages/urllib3/connectionpool.py:1103: InsecureRequestWarning: Unverified HTTPS request is being made to host 'randomuser.me'. Adding certificate verification is strongly advised. See: https://urllib3.readthedocs.io/en/latest/advanced-usage.html#tls-warnings
  warnings.warn(</msg>
<msg time="2024-04-18T12:24:47.112268" level="INFO">${response} = &lt;Response [200]&gt;</msg>
<var>${response}</var>
<arg>consultarAPI</arg>
<arg>/api</arg>
<doc>Sends a GET request on a previously created HTTP Session.</doc>
<status status="PASS" start="2024-04-18T12:24:47.007788" elapsed="0.104532"/>
</kw>
<kw name="Set Variable" owner="BuiltIn">
<msg time="2024-04-18T12:24:47.113295" level="INFO">${json_data} = {'results': [{'gender': 'female', 'name': {'title': 'Ms', 'first': 'Kaitlin', 'last': 'Myers'}, 'location': {'street': {'number': 3365, 'name': 'King Street'}, 'city': 'Chichester', 'state': 'County T...</msg>
<var>${json_data}</var>
<arg>${response.json()}</arg>
<doc>Returns the given values which can then be assigned to a variables.</doc>
<status status="PASS" start="2024-04-18T12:24:47.112791" elapsed="0.000532"/>
</kw>
<kw name="Log" owner="BuiltIn">
<msg time="2024-04-18T12:24:47.113798" level="INFO">{'results': [{'gender': 'female', 'name': {'title': 'Ms', 'first': 'Kaitlin', 'last': 'Myers'}, 'location': {'street': {'number': 3365, 'name': 'King Street'}, 'city': 'Chichester', 'state': 'County Tyrone', 'country': 'United Kingdom', 'postcode': 'L19 7QR', 'coordinates': {'latitude': '-11.8295', 'longitude': '35.9307'}, 'timezone': {'offset': '-1:00', 'description': 'Azores, Cape Verde Islands'}}, 'email': 'kaitlin.myers@example.com', 'login': {'uuid': '8ad65433-d968-4afa-89a4-92b481a9c154', 'username': 'crazymeercat224', 'password': 'mutant', 'salt': 'MxHP9PYJ', 'md5': 'c21ef9d5e22c86838ade3b6231f43495', 'sha1': '6f0b34740f48f1d4ecee62b7531baefd01b94c31', 'sha256': 'b23714c824d5e01c791f21b9cd9e96904e2fea0abd1fd1796a8bb14fad042c87'}, 'dob': {'date': '1984-12-28T05:19:26.307Z', 'age': 39}, 'registered': {'date': '2007-05-27T20:24:36.205Z', 'age': 16}, 'phone': '015396 59074', 'cell': '07907 165232', 'id': {'name': 'NINO', 'value': 'YB 79 53 09 L'}, 'picture': {'large': 'https://randomuser.me/api/portraits/women/52.jpg', 'medium': 'https://randomuser.me/api/portraits/med/women/52.jpg', 'thumbnail': 'https://randomuser.me/api/portraits/thumb/women/52.jpg'}, 'nat': 'GB'}], 'info': {'seed': '08067cd7bd29ae54', 'results': 1, 'page': 1, 'version': '1.4'}}</msg>
<arg>${json_data}</arg>
<doc>Logs the given message with the given level.</doc>
<status status="PASS" start="2024-04-18T12:24:47.113638" elapsed="0.000209"/>
</kw>
<kw name="Dictionary Should Contain Key" owner="Collections">
<msg time="2024-04-18T12:24:47.114307" level="INFO">False</msg>
<arg>${json_data}</arg>
<arg>results</arg>
<doc>Fails if ``key`` is not found from ``dictionary``.</doc>
<status status="PASS" start="2024-04-18T12:24:47.114150" elapsed="0.000195"/>
</kw>
<kw name="Should Not Be Empty" owner="BuiltIn">
<msg time="2024-04-18T12:24:47.114774" level="INFO">Length is 2.</msg>
<arg>${json_data}</arg>
<doc>Verifies that the given item is not empty.</doc>
<status status="PASS" start="2024-04-18T12:24:47.114639" elapsed="0.000182"/>
</kw>
<kw name="Create List" owner="BuiltIn">
<msg time="2024-04-18T12:24:47.115410" level="INFO">${expected_keys} = ['gender', 'name', 'location', 'email', 'login']</msg>
<var>${expected_keys}</var>
<arg>gender</arg>
<arg>name</arg>
<arg>location</arg>
<arg>email</arg>
<arg>login</arg>
<doc>Returns a list containing given items.</doc>
<status status="PASS" start="2024-04-18T12:24:47.115113" elapsed="0.000323"/>
</kw>
<for flavor="IN">
<iter>
<kw name="Dictionary Should Contain Key" owner="Collections">
<msg time="2024-04-18T12:24:47.116460" level="INFO">False</msg>
<arg>${json_data['results'][0]}</arg>
<arg>${key}</arg>
<doc>Fails if ``key`` is not found from ``dictionary``.</doc>
<status status="PASS" start="2024-04-18T12:24:47.116045" elapsed="0.000453"/>
</kw>
<kw name="Log" owner="BuiltIn">
<msg time="2024-04-18T12:24:47.117209" level="INFO">{'gender': 'female', 'name': {'title': 'Ms', 'first': 'Kaitlin', 'last': 'Myers'}, 'location': {'street': {'number': 3365, 'name': 'King Street'}, 'city': 'Chichester', 'state': 'County Tyrone', 'country': 'United Kingdom', 'postcode': 'L19 7QR', 'coordinates': {'latitude': '-11.8295', 'longitude': '35.9307'}, 'timezone': {'offset': '-1:00', 'description': 'Azores, Cape Verde Islands'}}, 'email': 'kaitlin.myers@example.com', 'login': {'uuid': '8ad65433-d968-4afa-89a4-92b481a9c154', 'username': 'crazymeercat224', 'password': 'mutant', 'salt': 'MxHP9PYJ', 'md5': 'c21ef9d5e22c86838ade3b6231f43495', 'sha1': '6f0b34740f48f1d4ecee62b7531baefd01b94c31', 'sha256': 'b23714c824d5e01c791f21b9cd9e96904e2fea0abd1fd1796a8bb14fad042c87'}, 'dob': {'date': '1984-12-28T05:19:26.307Z', 'age': 39}, 'registered': {'date': '2007-05-27T20:24:36.205Z', 'age': 16}, 'phone': '015396 59074', 'cell': '07907 165232', 'id': {'name': 'NINO', 'value': 'YB 79 53 09 L'}, 'picture': {'large': 'https://randomuser.me/api/portraits/women/52.jpg', 'medium': 'https://randomuser.me/api/portraits/med/women/52.jpg', 'thumbnail': 'https://randomuser.me/api/portraits/thumb/women/52.jpg'}, 'nat': 'GB'}</msg>
<arg>${json_data['results'][0]}</arg>
<doc>Logs the given message with the given level.</doc>
<status status="PASS" start="2024-04-18T12:24:47.116838" elapsed="0.000420"/>
</kw>
<kw name="Log" owner="BuiltIn">
<msg time="2024-04-18T12:24:47.117680" level="INFO">gender</msg>
<arg>${key}</arg>
<doc>Logs the given message with the given level.</doc>
<status status="PASS" start="2024-04-18T12:24:47.117553" elapsed="0.000172"/>
</kw>
<var name="${key}">gender</var>
<status status="PASS" start="2024-04-18T12:24:47.115903" elapsed="0.002036"/>
</iter>
<iter>
<kw name="Dictionary Should Contain Key" owner="Collections">
<msg time="2024-04-18T12:24:47.118631" level="INFO">False</msg>
<arg>${json_data['results'][0]}</arg>
<arg>${key}</arg>
<doc>Fails if ``key`` is not found from ``dictionary``.</doc>
<status status="PASS" start="2024-04-18T12:24:47.118241" elapsed="0.000427"/>
</kw>
<kw name="Log" owner="BuiltIn">
<msg time="2024-04-18T12:24:47.119350" level="INFO">{'gender': 'female', 'name': {'title': 'Ms', 'first': 'Kaitlin', 'last': 'Myers'}, 'location': {'street': {'number': 3365, 'name': 'King Street'}, 'city': 'Chichester', 'state': 'County Tyrone', 'country': 'United Kingdom', 'postcode': 'L19 7QR', 'coordinates': {'latitude': '-11.8295', 'longitude': '35.9307'}, 'timezone': {'offset': '-1:00', 'description': 'Azores, Cape Verde Islands'}}, 'email': 'kaitlin.myers@example.com', 'login': {'uuid': '8ad65433-d968-4afa-89a4-92b481a9c154', 'username': 'crazymeercat224', 'password': 'mutant', 'salt': 'MxHP9PYJ', 'md5': 'c21ef9d5e22c86838ade3b6231f43495', 'sha1': '6f0b34740f48f1d4ecee62b7531baefd01b94c31', 'sha256': 'b23714c824d5e01c791f21b9cd9e96904e2fea0abd1fd1796a8bb14fad042c87'}, 'dob': {'date': '1984-12-28T05:19:26.307Z', 'age': 39}, 'registered': {'date': '2007-05-27T20:24:36.205Z', 'age': 16}, 'phone': '015396 59074', 'cell': '07907 165232', 'id': {'name': 'NINO', 'value': 'YB 79 53 09 L'}, 'picture': {'large': 'https://randomuser.me/api/portraits/women/52.jpg', 'medium': 'https://randomuser.me/api/portraits/med/women/52.jpg', 'thumbnail': 'https://randomuser.me/api/portraits/thumb/women/52.jpg'}, 'nat': 'GB'}</msg>
<arg>${json_data['results'][0]}</arg>
<doc>Logs the given message with the given level.</doc>
<status status="PASS" start="2024-04-18T12:24:47.118991" elapsed="0.000408"/>
</kw>
<kw name="Log" owner="BuiltIn">
<msg time="2024-04-18T12:24:47.119823" level="INFO">name</msg>
<arg>${key}</arg>
<doc>Logs the given message with the given level.</doc>
<status status="PASS" start="2024-04-18T12:24:47.119697" elapsed="0.000162"/>
</kw>
<var name="${key}">name</var>
<status status="PASS" start="2024-04-18T12:24:47.118126" elapsed="0.001946"/>
</iter>
<iter>
<kw name="Dictionary Should Contain Key" owner="Collections">
<msg time="2024-04-18T12:24:47.120794" level="INFO">False</msg>
<arg>${json_data['results'][0]}</arg>
<arg>${key}</arg>
<doc>Fails if ``key`` is not found from ``dictionary``.</doc>
<status status="PASS" start="2024-04-18T12:24:47.120359" elapsed="0.000473"/>
</kw>
<kw name="Log" owner="BuiltIn">
<msg time="2024-04-18T12:24:47.121497" level="INFO">{'gender': 'female', 'name': {'title': 'Ms', 'first': 'Kaitlin', 'last': 'Myers'}, 'location': {'street': {'number': 3365, 'name': 'King Street'}, 'city': 'Chichester', 'state': 'County Tyrone', 'country': 'United Kingdom', 'postcode': 'L19 7QR', 'coordinates': {'latitude': '-11.8295', 'longitude': '35.9307'}, 'timezone': {'offset': '-1:00', 'description': 'Azores, Cape Verde Islands'}}, 'email': 'kaitlin.myers@example.com', 'login': {'uuid': '8ad65433-d968-4afa-89a4-92b481a9c154', 'username': 'crazymeercat224', 'password': 'mutant', 'salt': 'MxHP9PYJ', 'md5': 'c21ef9d5e22c86838ade3b6231f43495', 'sha1': '6f0b34740f48f1d4ecee62b7531baefd01b94c31', 'sha256': 'b23714c824d5e01c791f21b9cd9e96904e2fea0abd1fd1796a8bb14fad042c87'}, 'dob': {'date': '1984-12-28T05:19:26.307Z', 'age': 39}, 'registered': {'date': '2007-05-27T20:24:36.205Z', 'age': 16}, 'phone': '015396 59074', 'cell': '07907 165232', 'id': {'name': 'NINO', 'value': 'YB 79 53 09 L'}, 'picture': {'large': 'https://randomuser.me/api/portraits/women/52.jpg', 'medium': 'https://randomuser.me/api/portraits/med/women/52.jpg', 'thumbnail': 'https://randomuser.me/api/portraits/thumb/women/52.jpg'}, 'nat': 'GB'}</msg>
<arg>${json_data['results'][0]}</arg>
<doc>Logs the given message with the given level.</doc>
<status status="PASS" start="2024-04-18T12:24:47.121137" elapsed="0.000408"/>
</kw>
<kw name="Log" owner="BuiltIn">
<msg time="2024-04-18T12:24:47.121963" level="INFO">location</msg>
<arg>${key}</arg>
<doc>Logs the given message with the given level.</doc>
<status status="PASS" start="2024-04-18T12:24:47.121838" elapsed="0.000163"/>
</kw>
<var name="${key}">location</var>
<status status="PASS" start="2024-04-18T12:24:47.120249" elapsed="0.001973"/>
</iter>
<iter>
<kw name="Dictionary Should Contain Key" owner="Collections">
<msg time="2024-04-18T12:24:47.122888" level="INFO">False</msg>
<arg>${json_data['results'][0]}</arg>
<arg>${key}</arg>
<doc>Fails if ``key`` is not found from ``dictionary``.</doc>
<status status="PASS" start="2024-04-18T12:24:47.122502" elapsed="0.000423"/>
</kw>
<kw name="Log" owner="BuiltIn">
<msg time="2024-04-18T12:24:47.123597" level="INFO">{'gender': 'female', 'name': {'title': 'Ms', 'first': 'Kaitlin', 'last': 'Myers'}, 'location': {'street': {'number': 3365, 'name': 'King Street'}, 'city': 'Chichester', 'state': 'County Tyrone', 'country': 'United Kingdom', 'postcode': 'L19 7QR', 'coordinates': {'latitude': '-11.8295', 'longitude': '35.9307'}, 'timezone': {'offset': '-1:00', 'description': 'Azores, Cape Verde Islands'}}, 'email': 'kaitlin.myers@example.com', 'login': {'uuid': '8ad65433-d968-4afa-89a4-92b481a9c154', 'username': 'crazymeercat224', 'password': 'mutant', 'salt': 'MxHP9PYJ', 'md5': 'c21ef9d5e22c86838ade3b6231f43495', 'sha1': '6f0b34740f48f1d4ecee62b7531baefd01b94c31', 'sha256': 'b23714c824d5e01c791f21b9cd9e96904e2fea0abd1fd1796a8bb14fad042c87'}, 'dob': {'date': '1984-12-28T05:19:26.307Z', 'age': 39}, 'registered': {'date': '2007-05-27T20:24:36.205Z', 'age': 16}, 'phone': '015396 59074', 'cell': '07907 165232', 'id': {'name': 'NINO', 'value': 'YB 79 53 09 L'}, 'picture': {'large': 'https://randomuser.me/api/portraits/women/52.jpg', 'medium': 'https://randomuser.me/api/portraits/med/women/52.jpg', 'thumbnail': 'https://randomuser.me/api/portraits/thumb/women/52.jpg'}, 'nat': 'GB'}</msg>
<arg>${json_data['results'][0]}</arg>
<doc>Logs the given message with the given level.</doc>
<status status="PASS" start="2024-04-18T12:24:47.123235" elapsed="0.000413"/>
</kw>
<kw name="Log" owner="BuiltIn">
<msg time="2024-04-18T12:24:47.124070" level="INFO">email</msg>
<arg>${key}</arg>
<doc>Logs the given message with the given level.</doc>
<status status="PASS" start="2024-04-18T12:24:47.123938" elapsed="0.000169"/>
</kw>
<var name="${key}">email</var>
<status status="PASS" start="2024-04-18T12:24:47.122393" elapsed="0.001925"/>
</iter>
<iter>
<kw name="Dictionary Should Contain Key" owner="Collections">
<msg time="2024-04-18T12:24:47.125011" level="INFO">False</msg>
<arg>${json_data['results'][0]}</arg>
<arg>${key}</arg>
<doc>Fails if ``key`` is not found from ``dictionary``.</doc>
<status status="PASS" start="2024-04-18T12:24:47.124619" elapsed="0.000429"/>
</kw>
<kw name="Log" owner="BuiltIn">
<msg time="2024-04-18T12:24:47.125707" level="INFO">{'gender': 'female', 'name': {'title': 'Ms', 'first': 'Kaitlin', 'last': 'Myers'}, 'location': {'street': {'number': 3365, 'name': 'King Street'}, 'city': 'Chichester', 'state': 'County Tyrone', 'country': 'United Kingdom', 'postcode': 'L19 7QR', 'coordinates': {'latitude': '-11.8295', 'longitude': '35.9307'}, 'timezone': {'offset': '-1:00', 'description': 'Azores, Cape Verde Islands'}}, 'email': 'kaitlin.myers@example.com', 'login': {'uuid': '8ad65433-d968-4afa-89a4-92b481a9c154', 'username': 'crazymeercat224', 'password': 'mutant', 'salt': 'MxHP9PYJ', 'md5': 'c21ef9d5e22c86838ade3b6231f43495', 'sha1': '6f0b34740f48f1d4ecee62b7531baefd01b94c31', 'sha256': 'b23714c824d5e01c791f21b9cd9e96904e2fea0abd1fd1796a8bb14fad042c87'}, 'dob': {'date': '1984-12-28T05:19:26.307Z', 'age': 39}, 'registered': {'date': '2007-05-27T20:24:36.205Z', 'age': 16}, 'phone': '015396 59074', 'cell': '07907 165232', 'id': {'name': 'NINO', 'value': 'YB 79 53 09 L'}, 'picture': {'large': 'https://randomuser.me/api/portraits/women/52.jpg', 'medium': 'https://randomuser.me/api/portraits/med/women/52.jpg', 'thumbnail': 'https://randomuser.me/api/portraits/thumb/women/52.jpg'}, 'nat': 'GB'}</msg>
<arg>${json_data['results'][0]}</arg>
<doc>Logs the given message with the given level.</doc>
<status status="PASS" start="2024-04-18T12:24:47.125346" elapsed="0.000410"/>
</kw>
<kw name="Log" owner="BuiltIn">
<msg time="2024-04-18T12:24:47.126173" level="INFO">login</msg>
<arg>${key}</arg>
<doc>Logs the given message with the given level.</doc>
<status status="PASS" start="2024-04-18T12:24:47.126048" elapsed="0.000162"/>
</kw>
<var name="${key}">login</var>
<status status="PASS" start="2024-04-18T12:24:47.124489" elapsed="0.001955"/>
</iter>
<var>${key}</var>
<value>@{expected_keys}</value>
<status status="PASS" start="2024-04-18T12:24:47.115706" elapsed="0.010861"/>
</for>
<kw name="Create List" owner="BuiltIn">
<msg time="2024-04-18T12:24:47.126895" level="INFO">${expected_keysTwo} = ['username', 'password']</msg>
<var>${expected_keysTwo}</var>
<arg>username</arg>
<arg>password</arg>
<doc>Returns a list containing given items.</doc>
<status status="PASS" start="2024-04-18T12:24:47.126760" elapsed="0.000164"/>
</kw>
<for flavor="IN">
<iter>
<kw name="Dictionary Should Contain Key" owner="Collections">
<msg time="2024-04-18T12:24:47.127845" level="INFO">False</msg>
<arg>${json_data['results'][0]['login']}</arg>
<arg>${keyTwo}</arg>
<doc>Fails if ``key`` is not found from ``dictionary``.</doc>
<status status="PASS" start="2024-04-18T12:24:47.127431" elapsed="0.000459"/>
</kw>
<kw name="Dictionary Should Contain Key" owner="Collections">
<msg time="2024-04-18T12:24:47.128577" level="INFO">False</msg>
<arg>${json_data['results'][0]['login']}</arg>
<arg>${keyTwo}</arg>
<doc>Fails if ``key`` is not found from ``dictionary``.</doc>
<status status="PASS" start="2024-04-18T12:24:47.128192" elapsed="0.000452"/>
</kw>
<kw name="Log" owner="BuiltIn">
<msg time="2024-04-18T12:24:47.129074" level="INFO">username</msg>
<arg>${keyTwo}</arg>
<doc>Logs the given message with the given level.</doc>
<status status="PASS" start="2024-04-18T12:24:47.128947" elapsed="0.000170"/>
</kw>
<var name="${keyTwo}">username</var>
<status status="PASS" start="2024-04-18T12:24:47.127323" elapsed="0.002006"/>
</iter>
<iter>
<kw name="Dictionary Should Contain Key" owner="Collections">
<msg time="2024-04-18T12:24:47.130000" level="INFO">False</msg>
<arg>${json_data['results'][0]['login']}</arg>
<arg>${keyTwo}</arg>
<doc>Fails if ``key`` is not found from ``dictionary``.</doc>
<status status="PASS" start="2024-04-18T12:24:47.129606" elapsed="0.000436"/>
</kw>
<kw name="Dictionary Should Contain Key" owner="Collections">
<msg time="2024-04-18T12:24:47.130794" level="INFO">False</msg>
<arg>${json_data['results'][0]['login']}</arg>
<arg>${keyTwo}</arg>
<doc>Fails if ``key`` is not found from ``dictionary``.</doc>
<status status="PASS" start="2024-04-18T12:24:47.130331" elapsed="0.000501"/>
</kw>
<kw name="Log" owner="BuiltIn">
<msg time="2024-04-18T12:24:47.131253" level="INFO">password</msg>
<arg>${keyTwo}</arg>
<doc>Logs the given message with the given level.</doc>
<status status="PASS" start="2024-04-18T12:24:47.131127" elapsed="0.000164"/>
</kw>
<var name="${keyTwo}">password</var>
<status status="PASS" start="2024-04-18T12:24:47.129498" elapsed="0.002009"/>
</iter>
<var>${keyTwo}</var>
<value>@{expected_keysTwo}</value>
<status status="PASS" start="2024-04-18T12:24:47.127171" elapsed="0.004469"/>
</for>
<status status="PASS" start="2024-04-18T12:24:47.007547" elapsed="0.124235"/>
</kw>
<doc>Testa a estrutura da resposta da API.</doc>
<tag>testeEstruturaResposta</tag>
<status status="PASS" start="2024-04-18T12:24:47.006921" elapsed="0.125013"/>
</test>
<test id="s1-s1-t4" name="Validar tipos de dados" line="28">
<kw name="Teste de Tipos de Dados" owner="random-user-service">
<kw name="GET On Session" owner="RequestsLibrary">
<msg time="2024-04-18T12:24:47.260735" level="INFO">GET Request : url=https://randomuser.me/api 
 path_url=/api 
 headers={'User-Agent': 'python-requests/2.31.0', 'Accept-Encoding': 'gzip, deflate', 'Accept': '*/*', 'Connection': 'keep-alive'} 
 body=None 
 </msg>
<msg time="2024-04-18T12:24:47.260811" level="INFO">GET Response : url=https://randomuser.me/api 
 status=200, reason=OK 
 headers={'Date': 'Thu, 18 Apr 2024 12:24:47 GMT', 'Content-Type': 'application/json; charset=utf-8', 'Transfer-Encoding': 'chunked', 'Connection': 'keep-alive', 'X-Powered-By': 'Express', 'Access-Control-Allow-Origin': '*', 'Cache-Control': 'no-cache', 'ETag': 'W/"495-kysBl4jc9PK83A/c46A52Yev8rU"', 'Vary': 'Accept-Encoding', 'Content-Encoding': 'gzip', 'CF-Cache-Status': 'DYNAMIC', 'Report-To': '{"endpoints":[{"url":"https:\\/\\/a.nel.cloudflare.com\\/report\\/v4?s=pvL80HFdNtsx%2BRXWDupNTwPRYD4XoPygNTE7ru4aJ1lD%2BGOotcn2vEKFXcPG6Ihp3ZTYeupEKL9qsnCsM9QDWBv0DmNFiOsAOokdpbw6w4d4pmY4SIqn3KoCqTfHkN1I"}],"group":"cf-nel","max_age":604800}', 'NEL': '{"success_fraction":0,"report_to":"cf-nel","max_age":604800}', 'Server': 'cloudflare', 'CF-RAY': '8764a23e9bd315e7-SJC', 'alt-svc': 'h3=":443"; ma=86400'} 
 body={"results":[{"gender":"male","name":{"title":"Mr","first":"Cílio","last":"Lopes"},"location":{"street":{"number":9475,"name":"Rua Paraíba "},"city":"Mauá","state":"Espírito Santo","country":"Brazil","postcode":32652,"coordinates":{"latitude":"-77.0807","longitude":"-91.9370"},"timezone":{"offset":"+1:00","description":"Brussels, Copenhagen, Madrid, Paris"}},"email":"cilio.lopes@example.com","login":{"uuid":"487f7844-3fe9-4dd4-abcf-ef7e272fc6a6","username":"silverwolf916","password":"redhead","salt":"p96J21sk","md5":"3ba468b993e6655587bf963bcfda8353","sha1":"7b881d964610a848d3379b53634f9355e934ad41","sha256":"c9054c288bd3c7aa88127f2dc760df499dc063cabdccf17e468ce88a30d99a59"},"dob":{"date":"1998-03-23T16:44:17.487Z","age":26},"registered":{"date":"2012-03-22T12:16:25.312Z","age":12},"phone":"(14) 1984-6474","cell":"(02) 5189-2349","id":{"name":"CPF","value":"657.510.059-22"},"picture":{"large":"https://randomuser.me/api/portraits/men/87.jpg","medium":"https://randomuser.me/api/portraits/med/men/87.jpg","thumbnail":"https://randomuser.me/api/portraits/thumb/men/87.jpg"},"nat":"BR"}],"info":{"seed":"cb83cb4f62e83c44","results":1,"page":1,"version":"1.4"}} 
 </msg>
<msg time="2024-04-18T12:24:47.260873" level="INFO">/opt/hostedtoolcache/Python/3.12.3/x64/lib/python3.12/site-packages/urllib3/connectionpool.py:1103: InsecureRequestWarning: Unverified HTTPS request is being made to host 'randomuser.me'. Adding certificate verification is strongly advised. See: https://urllib3.readthedocs.io/en/latest/advanced-usage.html#tls-warnings
  warnings.warn(</msg>
<msg time="2024-04-18T12:24:47.260989" level="INFO">${response} = &lt;Response [200]&gt;</msg>
<var>${response}</var>
<arg>consultarAPI</arg>
<arg>/api</arg>
<doc>Sends a GET request on a previously created HTTP Session.</doc>
<status status="PASS" start="2024-04-18T12:24:47.134537" elapsed="0.126494"/>
</kw>
<kw name="Set Variable" owner="BuiltIn">
<msg time="2024-04-18T12:24:47.261927" level="INFO">${json_data} = {'results': [{'gender': 'male', 'name': {'title': 'Mr', 'first': 'Cílio', 'last': 'Lopes'}, 'location': {'street': {'number': 9475, 'name': 'Rua Paraíba '}, 'city': 'Mauá', 'state': 'Espírito Santo', ...</msg>
<var>${json_data}</var>
<arg>${response.json()}</arg>
<doc>Returns the given values which can then be assigned to a variables.</doc>
<status status="PASS" start="2024-04-18T12:24:47.261447" elapsed="0.000515"/>
</kw>
<kw name="Log" owner="BuiltIn">
<msg time="2024-04-18T12:24:47.262425" level="INFO">{'results': [{'gender': 'male', 'name': {'title': 'Mr', 'first': 'Cílio', 'last': 'Lopes'}, 'location': {'street': {'number': 9475, 'name': 'Rua Paraíba '}, 'city': 'Mauá', 'state': 'Espírito Santo', 'country': 'Brazil', 'postcode': 32652, 'coordinates': {'latitude': '-77.0807', 'longitude': '-91.9370'}, 'timezone': {'offset': '+1:00', 'description': 'Brussels, Copenhagen, Madrid, Paris'}}, 'email': 'cilio.lopes@example.com', 'login': {'uuid': '487f7844-3fe9-4dd4-abcf-ef7e272fc6a6', 'username': 'silverwolf916', 'password': 'redhead', 'salt': 'p96J21sk', 'md5': '3ba468b993e6655587bf963bcfda8353', 'sha1': '7b881d964610a848d3379b53634f9355e934ad41', 'sha256': 'c9054c288bd3c7aa88127f2dc760df499dc063cabdccf17e468ce88a30d99a59'}, 'dob': {'date': '1998-03-23T16:44:17.487Z', 'age': 26}, 'registered': {'date': '2012-03-22T12:16:25.312Z', 'age': 12}, 'phone': '(14) 1984-6474', 'cell': '(02) 5189-2349', 'id': {'name': 'CPF', 'value': '657.510.059-22'}, 'picture': {'large': 'https://randomuser.me/api/portraits/men/87.jpg', 'medium': 'https://randomuser.me/api/portraits/med/men/87.jpg', 'thumbnail': 'https://randomuser.me/api/portraits/thumb/men/87.jpg'}, 'nat': 'BR'}], 'info': {'seed': 'cb83cb4f62e83c44', 'results': 1, 'page': 1, 'version': '1.4'}}</msg>
<arg>${json_data}</arg>
<doc>Logs the given message with the given level.</doc>
<status status="PASS" start="2024-04-18T12:24:47.262266" elapsed="0.000243"/>
</kw>
<kw name="Should Be String" owner="String">
<arg>${json_data['results'][0]['gender']}</arg>
<doc>Fails if the given ``item`` is not a string.</doc>
<status status="PASS" start="2024-04-18T12:24:47.262808" elapsed="0.000354"/>
</kw>
<kw name="Should Match Regexp" owner="BuiltIn">
<arg>${json_data['results'][0]['email']}</arg>
<arg>^[a-zA-Z0-9._%+-]+@[a-zA-Z0-9.-]+\.[a-zA-Z]{2,}$</arg>
<doc>Fails if ``string`` does not match ``pattern`` as a regular expression.</doc>
<status status="PASS" start="2024-04-18T12:24:47.263360" elapsed="0.000516"/>
</kw>
<kw name="Should Match Regexp" owner="BuiltIn">
<arg>${json_data['results'][0]['dob']['date']}</arg>
<arg>\\d{4}-\\d{2}-\\d{2}T\\d{2}:\\d{2}:\\d{2}\\.\\d{3}Z</arg>
<doc>Fails if ``string`` does not match ``pattern`` as a regular expression.</doc>
<status status="PASS" start="2024-04-18T12:24:47.264068" elapsed="0.000473"/>
</kw>
<kw name="Should Match Regexp" owner="BuiltIn">
<arg>${json_data['results'][0]['registered']['date']}</arg>
<arg>\\d{4}-\\d{2}-\\d{2}T\\d{2}:\\d{2}:\\d{2}\\.\\d{3}Z</arg>
<doc>Fails if ``string`` does not match ``pattern`` as a regular expression.</doc>
<status status="PASS" start="2024-04-18T12:24:47.264778" elapsed="0.000367"/>
</kw>
<kw name="Should Match Regexp" owner="BuiltIn">
<arg>${json_data['results'][0]['picture']['large']}</arg>
<arg>^https?://.*\.(?:png|jpe?g|gif|bmp)$</arg>
<doc>Fails if ``string`` does not match ``pattern`` as a regular expression.</doc>
<status status="PASS" start="2024-04-18T12:24:47.265328" elapsed="0.000461"/>
</kw>
<kw name="Should Match Regexp" owner="BuiltIn">
<arg>${json_data['results'][0]['picture']['medium']}</arg>
<arg>^https?://.*\.(?:png|jpe?g|gif|bmp)$</arg>
<doc>Fails if ``string`` does not match ``pattern`` as a regular expression.</doc>
<status status="PASS" start="2024-04-18T12:24:47.265974" elapsed="0.000348"/>
</kw>
<kw name="Should Match Regexp" owner="BuiltIn">
<arg>${json_data['results'][0]['picture']['thumbnail']}</arg>
<arg>^https?://.*\.(?:png|jpe?g|gif|bmp)$</arg>
<doc>Fails if ``string`` does not match ``pattern`` as a regular expression.</doc>
<status status="PASS" start="2024-04-18T12:24:47.266511" elapsed="0.000353"/>
</kw>
<kw name="Log" owner="BuiltIn">
<msg time="2024-04-18T12:24:47.267361" level="INFO">{'large': 'https://randomuser.me/api/portraits/men/87.jpg', 'medium': 'https://randomuser.me/api/portraits/med/men/87.jpg', 'thumbnail': 'https://randomuser.me/api/portraits/thumb/men/87.jpg'}</msg>
<arg>${json_data['results'][0]['picture']}</arg>
<doc>Logs the given message with the given level.</doc>
<status status="PASS" start="2024-04-18T12:24:47.267041" elapsed="0.000360"/>
</kw>
<status status="PASS" start="2024-04-18T12:24:47.134309" elapsed="0.133346"/>
</kw>
<kw name="Teste de Tipos de Dados - Postcode" owner="random-user-service">
<kw name="GET On Session" owner="RequestsLibrary">
<msg time="2024-04-18T12:24:47.353319" level="INFO">GET Request : url=https://randomuser.me/api 
 path_url=/api 
 headers={'User-Agent': 'python-requests/2.31.0', 'Accept-Encoding': 'gzip, deflate', 'Accept': '*/*', 'Connection': 'keep-alive'} 
 body=None 
 </msg>
<msg time="2024-04-18T12:24:47.353406" level="INFO">GET Response : url=https://randomuser.me/api 
 status=200, reason=OK 
 headers={'Date': 'Thu, 18 Apr 2024 12:24:47 GMT', 'Content-Type': 'application/json; charset=utf-8', 'Transfer-Encoding': 'chunked', 'Connection': 'keep-alive', 'X-Powered-By': 'Express', 'Access-Control-Allow-Origin': '*', 'Cache-Control': 'no-cache', 'ETag': 'W/"495-AF6WXwq9FfFnutYXVtBOHqsq3qk"', 'Vary': 'Accept-Encoding', 'Content-Encoding': 'gzip', 'CF-Cache-Status': 'DYNAMIC', 'Report-To': '{"endpoints":[{"url":"https:\\/\\/a.nel.cloudflare.com\\/report\\/v4?s=zsh2umtEtov2j0HDV%2BLkIBnm2X1VzOLhQ3pMsoOKkSVl5kON3%2FrnAPYOAXT3tP3POozZXCYZUSoS3xGxsXUiPkYbi3Ua9AUODetn6A%2BGQnjpW3we%2FeeTp1B4FuTR%2Fpjr"}],"group":"cf-nel","max_age":604800}', 'NEL': '{"success_fraction":0,"report_to":"cf-nel","max_age":604800}', 'Server': 'cloudflare', 'CF-RAY': '8764a23f7cc115e7-SJC', 'alt-svc': 'h3=":443"; ma=86400'} 
 body={"results":[{"gender":"female","name":{"title":"Ms","first":"Andrea","last":"Escobar"},"location":{"street":{"number":3443,"name":"Cerrada Madrigal"},"city":"San Martín Pachivia","state":"Quintana Roo","country":"Mexico","postcode":55948,"coordinates":{"latitude":"28.8190","longitude":"81.9410"},"timezone":{"offset":"-9:00","description":"Alaska"}},"email":"andrea.escobar@example.com","login":{"uuid":"14e155bb-89c5-42b6-80e9-c348bdb61498","username":"organicrabbit296","password":"topper","salt":"JXviUxsb","md5":"0b1353315987066c03692ee166506039","sha1":"632f07b9ff00728527edb77377b0344d8dc6a67b","sha256":"224827b77ba19f32bb4975bd718544692b3ca6f085b51a23b6bc55b24fd0850d"},"dob":{"date":"1959-05-10T01:02:13.231Z","age":64},"registered":{"date":"2012-05-08T02:44:21.743Z","age":11},"phone":"(687) 402 5524","cell":"(614) 590 0161","id":{"name":"NSS","value":"52 92 19 9392 8"},"picture":{"large":"https://randomuser.me/api/portraits/women/68.jpg","medium":"https://randomuser.me/api/portraits/med/women/68.jpg","thumbnail":"https://randomuser.me/api/portraits/thumb/women/68.jpg"},"nat":"MX"}],"info":{"seed":"1583d5bebc07a24c","results":1,"page":1,"version":"1.4"}} 
 </msg>
<msg time="2024-04-18T12:24:47.353482" level="INFO">/opt/hostedtoolcache/Python/3.12.3/x64/lib/python3.12/site-packages/urllib3/connectionpool.py:1103: InsecureRequestWarning: Unverified HTTPS request is being made to host 'randomuser.me'. Adding certificate verification is strongly advised. See: https://urllib3.readthedocs.io/en/latest/advanced-usage.html#tls-warnings
  warnings.warn(</msg>
<msg time="2024-04-18T12:24:47.353623" level="INFO">${response} = &lt;Response [200]&gt;</msg>
<var>${response}</var>
<arg>consultarAPI</arg>
<arg>/api</arg>
<doc>Sends a GET request on a previously created HTTP Session.</doc>
<status status="PASS" start="2024-04-18T12:24:47.268104" elapsed="0.085575"/>
</kw>
<kw name="Set Variable" owner="BuiltIn">
<msg time="2024-04-18T12:24:47.354576" level="INFO">${json_data} = {'results': [{'gender': 'female', 'name': {'title': 'Ms', 'first': 'Andrea', 'last': 'Escobar'}, 'location': {'street': {'number': 3443, 'name': 'Cerrada Madrigal'}, 'city': 'San Martín Pachivia', 'st...</msg>
<var>${json_data}</var>
<arg>${response.json()}</arg>
<doc>Returns the given values which can then be assigned to a variables.</doc>
<status status="PASS" start="2024-04-18T12:24:47.354103" elapsed="0.000501"/>
</kw>
<kw name="Log" owner="BuiltIn">
<msg time="2024-04-18T12:24:47.355078" level="INFO">{'results': [{'gender': 'female', 'name': {'title': 'Ms', 'first': 'Andrea', 'last': 'Escobar'}, 'location': {'street': {'number': 3443, 'name': 'Cerrada Madrigal'}, 'city': 'San Martín Pachivia', 'state': 'Quintana Roo', 'country': 'Mexico', 'postcode': 55948, 'coordinates': {'latitude': '28.8190', 'longitude': '81.9410'}, 'timezone': {'offset': '-9:00', 'description': 'Alaska'}}, 'email': 'andrea.escobar@example.com', 'login': {'uuid': '14e155bb-89c5-42b6-80e9-c348bdb61498', 'username': 'organicrabbit296', 'password': 'topper', 'salt': 'JXviUxsb', 'md5': '0b1353315987066c03692ee166506039', 'sha1': '632f07b9ff00728527edb77377b0344d8dc6a67b', 'sha256': '224827b77ba19f32bb4975bd718544692b3ca6f085b51a23b6bc55b24fd0850d'}, 'dob': {'date': '1959-05-10T01:02:13.231Z', 'age': 64}, 'registered': {'date': '2012-05-08T02:44:21.743Z', 'age': 11}, 'phone': '(687) 402 5524', 'cell': '(614) 590 0161', 'id': {'name': 'NSS', 'value': '52 92 19 9392 8'}, 'picture': {'large': 'https://randomuser.me/api/portraits/women/68.jpg', 'medium': 'https://randomuser.me/api/portraits/med/women/68.jpg', 'thumbnail': 'https://randomuser.me/api/portraits/thumb/women/68.jpg'}, 'nat': 'MX'}], 'info': {'seed': '1583d5bebc07a24c', 'results': 1, 'page': 1, 'version': '1.4'}}</msg>
<arg>${json_data}</arg>
<doc>Logs the given message with the given level.</doc>
<status status="PASS" start="2024-04-18T12:24:47.354917" elapsed="0.000241"/>
</kw>
<kw name="Should Be Equal As Numbers" owner="BuiltIn">
<arg>${json_data['results'][0]['location']['postcode']}</arg>
<arg>${json_data['results'][0]['location']['postcode']}</arg>
<doc>Fails if objects are unequal after converting them to real numbers.</doc>
<status status="PASS" start="2024-04-18T12:24:47.355462" elapsed="0.000757"/>
</kw>
<kw name="Log" owner="BuiltIn">
<msg time="2024-04-18T12:24:47.356805" level="INFO">55948</msg>
<arg>${json_data['results'][0]['location']['postcode']}</arg>
<doc>Logs the given message with the given level.</doc>
<status status="PASS" start="2024-04-18T12:24:47.356413" elapsed="0.000441"/>
</kw>
<status status="PASS" start="2024-04-18T12:24:47.267876" elapsed="0.089242"/>
</kw>
<doc>Testa se os tipos de dados na resposta da API estão corretos.</doc>
<tag>testeTiposDados</tag>
<status status="PASS" start="2024-04-18T12:24:47.133746" elapsed="0.223536"/>
</test>
<test id="s1-s1-t5" name="Validar conteudo" line="35">
<kw name="Teste de Tipos de Conteudo" owner="random-user-service">
<kw name="GET On Session" owner="RequestsLibrary">
<msg time="2024-04-18T12:24:47.473478" level="INFO">GET Request : url=https://randomuser.me/api 
 path_url=/api 
 headers={'User-Agent': 'python-requests/2.31.0', 'Accept-Encoding': 'gzip, deflate', 'Accept': '*/*', 'Connection': 'keep-alive'} 
 body=None 
 </msg>
<msg time="2024-04-18T12:24:47.473564" level="INFO">GET Response : url=https://randomuser.me/api 
 status=200, reason=OK 
 headers={'Date': 'Thu, 18 Apr 2024 12:24:47 GMT', 'Content-Type': 'application/json; charset=utf-8', 'Transfer-Encoding': 'chunked', 'Connection': 'keep-alive', 'X-Powered-By': 'Express', 'Access-Control-Allow-Origin': '*', 'Cache-Control': 'no-cache', 'ETag': 'W/"481-nMP8wsWveq5Ybj++l2N4QY87GRw"', 'Vary': 'Accept-Encoding', 'Content-Encoding': 'gzip', 'CF-Cache-Status': 'DYNAMIC', 'Report-To': '{"endpoints":[{"url":"https:\\/\\/a.nel.cloudflare.com\\/report\\/v4?s=6%2Fh3JMynDkCzgrQ0bBhdwVqCwiQa3h9joB7dFMfGMF8ziolDFFznGDn6VIt6JkK6rxv7yWfgh8NV9N47hb0602PFZlTO1vEFSTusPdmOF8Tr46%2BKUhIvwKGsOCg%2BKTrG"}],"group":"cf-nel","max_age":604800}', 'NEL': '{"success_fraction":0,"report_to":"cf-nel","max_age":604800}', 'Server': 'cloudflare', 'CF-RAY': '8764a2400d5f15e7-SJC', 'alt-svc': 'h3=":443"; ma=86400'} 
 body={"results":[{"gender":"female","name":{"title":"Mrs","first":"Shreedevi","last":"Shah"},"location":{"street":{"number":1937,"name":"Car St"},"city":"Siwan","state":"Delhi","country":"India","postcode":29457,"coordinates":{"latitude":"8.9188","longitude":"86.0938"},"timezone":{"offset":"+8:00","description":"Beijing, Perth, Singapore, Hong Kong"}},"email":"shreedevi.shah@example.com","login":{"uuid":"cd9d31d4-3083-44a7-afb8-01bd3199589e","username":"lazybear157","password":"port","salt":"aFmsOBA7","md5":"bbd33b66635ad7c50423ef65212e3f7b","sha1":"8b765c8ac45cfdfff489bf6c5b46095b6c528f6c","sha256":"5afef773b55ba49b055f61eefde9a3385741d7e3f5dbfd5d39e2848f97ef5b19"},"dob":{"date":"1986-11-12T21:01:47.531Z","age":37},"registered":{"date":"2019-04-26T06:11:09.663Z","age":4},"phone":"7653559630","cell":"7802123008","id":{"name":"UIDAI","value":"323885005001"},"picture":{"large":"https://randomuser.me/api/portraits/women/20.jpg","medium":"https://randomuser.me/api/portraits/med/women/20.jpg","thumbnail":"https://randomuser.me/api/portraits/thumb/women/20.jpg"},"nat":"IN"}],"info":{"seed":"fb75bb52d380c21f","results":1,"page":1,"version":"1.4"}} 
 </msg>
<msg time="2024-04-18T12:24:47.473637" level="INFO">/opt/hostedtoolcache/Python/3.12.3/x64/lib/python3.12/site-packages/urllib3/connectionpool.py:1103: InsecureRequestWarning: Unverified HTTPS request is being made to host 'randomuser.me'. Adding certificate verification is strongly advised. See: https://urllib3.readthedocs.io/en/latest/advanced-usage.html#tls-warnings
  warnings.warn(</msg>
<msg time="2024-04-18T12:24:47.473751" level="INFO">${response} = &lt;Response [200]&gt;</msg>
<var>${response}</var>
<arg>consultarAPI</arg>
<arg>/api</arg>
<doc>Sends a GET request on a previously created HTTP Session.</doc>
<status status="PASS" start="2024-04-18T12:24:47.360283" elapsed="0.113510"/>
</kw>
<kw name="Set Variable" owner="BuiltIn">
<msg time="2024-04-18T12:24:47.474714" level="INFO">${json_data} = {'results': [{'gender': 'female', 'name': {'title': 'Mrs', 'first': 'Shreedevi', 'last': 'Shah'}, 'location': {'street': {'number': 1937, 'name': 'Car St'}, 'city': 'Siwan', 'state': 'Delhi', 'country...</msg>
<var>${json_data}</var>
<arg>${response.json()}</arg>
<doc>Returns the given values which can then be assigned to a variables.</doc>
<status status="PASS" start="2024-04-18T12:24:47.474262" elapsed="0.000479"/>
</kw>
<kw name="Set Variable" owner="BuiltIn">
<msg time="2024-04-18T12:24:47.475421" level="INFO">${name_title} = Mrs</msg>
<var>${name_title}</var>
<arg>${json_data["results"][0]["name"]["title"]}</arg>
<doc>Returns the given values which can then be assigned to a variables.</doc>
<status status="PASS" start="2024-04-18T12:24:47.475040" elapsed="0.000406"/>
</kw>
<kw name="Create List" owner="BuiltIn">
<msg time="2024-04-18T12:24:47.475899" level="INFO">${allowed_titles} = ['Mr', 'Ms', 'Miss', 'Mrs', 'Madame', 'Monsieur']</msg>
<var>${allowed_titles}</var>
<arg>Mr</arg>
<arg>Ms</arg>
<arg>Miss</arg>
<arg>Mrs</arg>
<arg>Madame</arg>
<arg>Monsieur</arg>
<doc>Returns a list containing given items.</doc>
<status status="PASS" start="2024-04-18T12:24:47.475743" elapsed="0.000180"/>
</kw>
<kw name="List Should Contain Value" owner="Collections">
<msg time="2024-04-18T12:24:47.476384" level="INFO">False</msg>
<arg>${allowed_titles}</arg>
<arg>${name_title}</arg>
<doc>Fails if the ``value`` is not found from ``list``.</doc>
<status status="PASS" start="2024-04-18T12:24:47.476215" elapsed="0.000205"/>
</kw>
<kw name="Set Variable" owner="BuiltIn">
<msg time="2024-04-18T12:24:47.477112" level="INFO">${name_country} = IN</msg>
<var>${name_country}</var>
<arg>${json_data["results"][0]["nat"]}</arg>
<doc>Returns the given values which can then be assigned to a variables.</doc>
<status status="PASS" start="2024-04-18T12:24:47.476731" elapsed="0.000406"/>
</kw>
<kw name="Create List" owner="BuiltIn">
<msg time="2024-04-18T12:24:47.478017" level="INFO">${list_country} = ['AD', 'AE', 'AF', 'AG', 'AI', 'AL', 'AM', 'AO', 'AQ', 'AR', 'AS', 'AT', 'AU', 'AW', 'AX', 'AZ', 'BA', 'BB', 'BD', 'BE', 'BF', 'BG', 'BH', 'BI', 'BJ', 'BL', 'BM', 'BN', 'BO', 'BQ', 'BR', 'BS', 'BT', '...</msg>
<var>${list_country}</var>
<arg>AD</arg>
<arg>AE</arg>
<arg>AF</arg>
<arg>AG</arg>
<arg>AI</arg>
<arg>AL</arg>
<arg>AM</arg>
<arg>AO</arg>
<arg>AQ</arg>
<arg>AR</arg>
<arg>AS</arg>
<arg>AT</arg>
<arg>AU</arg>
<arg>AW</arg>
<arg>AX</arg>
<arg>AZ</arg>
<arg>BA</arg>
<arg>BB</arg>
<arg>BD</arg>
<arg>BE</arg>
<arg>BF</arg>
<arg>BG</arg>
<arg>BH</arg>
<arg>BI</arg>
<arg>BJ</arg>
<arg>BL</arg>
<arg>BM</arg>
<arg>BN</arg>
<arg>BO</arg>
<arg>BQ</arg>
<arg>BR</arg>
<arg>BS</arg>
<arg>BT</arg>
<arg>BV</arg>
<arg>BW</arg>
<arg>BY</arg>
<arg>BZ</arg>
<arg>CA</arg>
<arg>CC</arg>
<arg>CD</arg>
<arg>CF</arg>
<arg>CG</arg>
<arg>CH</arg>
<arg>CI</arg>
<arg>CK</arg>
<arg>CL</arg>
<arg>CM</arg>
<arg>CN</arg>
<arg>CO</arg>
<arg>CR</arg>
<arg>CU</arg>
<arg>CV</arg>
<arg>CW</arg>
<arg>CX</arg>
<arg>CY</arg>
<arg>CZ</arg>
<arg>DE</arg>
<arg>DJ</arg>
<arg>DK</arg>
<arg>DM</arg>
<arg>DO</arg>
<arg>DZ</arg>
<arg>EC</arg>
<arg>EE</arg>
<arg>EG</arg>
<arg>EH</arg>
<arg>ER</arg>
<arg>ES</arg>
<arg>ET</arg>
<arg>FI</arg>
<arg>FJ</arg>
<arg>FK</arg>
<arg>FM</arg>
<arg>FO</arg>
<arg>FR</arg>
<arg>GA</arg>
<arg>GB</arg>
<arg>GD</arg>
<arg>GE</arg>
<arg>GF</arg>
<arg>GG</arg>
<arg>GH</arg>
<arg>GI</arg>
<arg>GL</arg>
<arg>GM</arg>
<arg>GN</arg>
<arg>GP</arg>
<arg>GQ</arg>
<arg>GR</arg>
<arg>GS</arg>
<arg>GT</arg>
<arg>GU</arg>
<arg>GW</arg>
<arg>GY</arg>
<arg>HK</arg>
<arg>HM</arg>
<arg>HN</arg>
<arg>HR</arg>
<arg>HT</arg>
<arg>HU</arg>
<arg>ID</arg>
<arg>IE</arg>
<arg>IL</arg>
<arg>IM</arg>
<arg>IN</arg>
<arg>IO</arg>
<arg>IQ</arg>
<arg>IR</arg>
<arg>IS</arg>
<arg>IT</arg>
<arg>JE</arg>
<arg>JM</arg>
<arg>JO</arg>
<arg>JP</arg>
<arg>KE</arg>
<arg>KG</arg>
<arg>KH</arg>
<arg>KI</arg>
<arg>KM</arg>
<arg>KN</arg>
<arg>KP</arg>
<arg>KR</arg>
<arg>KW</arg>
<arg>KY</arg>
<arg>KZ</arg>
<arg>LA</arg>
<arg>LB</arg>
<arg>LC</arg>
<arg>LI</arg>
<arg>LK</arg>
<arg>LR</arg>
<arg>LS</arg>
<arg>LT</arg>
<arg>LU</arg>
<arg>LV</arg>
<arg>LY</arg>
<arg>MA</arg>
<arg>MC</arg>
<arg>MD</arg>
<arg>ME</arg>
<arg>MF</arg>
<arg>MG</arg>
<arg>MH</arg>
<arg>MK</arg>
<arg>ML</arg>
<arg>MM</arg>
<arg>MN</arg>
<arg>MO</arg>
<arg>MP</arg>
<arg>MQ</arg>
<arg>MR</arg>
<arg>MS</arg>
<arg>MT</arg>
<arg>MU</arg>
<arg>MV</arg>
<arg>MW</arg>
<arg>MX</arg>
<arg>MY</arg>
<arg>MZ</arg>
<arg>NA</arg>
<arg>NC</arg>
<arg>NE</arg>
<arg>NF</arg>
<arg>NG</arg>
<arg>NI</arg>
<arg>NL</arg>
<arg>NO</arg>
<arg>NP</arg>
<arg>NR</arg>
<arg>NU</arg>
<arg>NZ</arg>
<arg>OM</arg>
<arg>PA</arg>
<arg>PE</arg>
<arg>PF</arg>
<arg>PG</arg>
<arg>PH</arg>
<arg>PK</arg>
<arg>PL</arg>
<arg>PM</arg>
<arg>PN</arg>
<arg>PR</arg>
<arg>PS</arg>
<arg>PT</arg>
<arg>PW</arg>
<arg>PY</arg>
<arg>QA</arg>
<arg>RE</arg>
<arg>RO</arg>
<arg>RS</arg>
<arg>RU</arg>
<arg>RW</arg>
<arg>SA</arg>
<arg>SB</arg>
<arg>SC</arg>
<arg>SD</arg>
<arg>SE</arg>
<arg>SG</arg>
<arg>SH</arg>
<arg>SI</arg>
<arg>SJ</arg>
<arg>SK</arg>
<arg>SL</arg>
<arg>SM</arg>
<arg>SN</arg>
<arg>SO</arg>
<arg>SR</arg>
<arg>SS</arg>
<arg>ST</arg>
<arg>SV</arg>
<arg>SX</arg>
<arg>SY</arg>
<arg>SZ</arg>
<arg>TC</arg>
<arg>TD</arg>
<arg>TF</arg>
<arg>TG</arg>
<arg>TH</arg>
<arg>TJ</arg>
<arg>TK</arg>
<arg>TL</arg>
<arg>TM</arg>
<arg>TN</arg>
<arg>TO</arg>
<arg>TR</arg>
<arg>TT</arg>
<arg>TV</arg>
<arg>TW</arg>
<arg>TZ</arg>
<arg>UA</arg>
<arg>UG</arg>
<arg>UM</arg>
<arg>US</arg>
<arg>UY</arg>
<arg>UZ</arg>
<arg>VA</arg>
<arg>VC</arg>
<arg>VE</arg>
<arg>VG</arg>
<arg>VI</arg>
<arg>VN</arg>
<arg>VU</arg>
<arg>WF</arg>
<arg>WS</arg>
<arg>XK</arg>
<arg>YE</arg>
<arg>YT</arg>
<arg>ZA</arg>
<arg>ZM</arg>
<arg>ZW</arg>
<doc>Returns a list containing given items.</doc>
<status status="PASS" start="2024-04-18T12:24:47.477440" elapsed="0.000602"/>
</kw>
<kw name="List Should Contain Value" owner="Collections">
<msg time="2024-04-18T12:24:47.479036" level="INFO">False</msg>
<arg>${list_country}</arg>
<arg>${name_country}</arg>
<doc>Fails if the ``value`` is not found from ``list``.</doc>
<status status="PASS" start="2024-04-18T12:24:47.478840" elapsed="0.000231"/>
</kw>
<kw name="Run Keyword If" owner="BuiltIn">
<kw name="Should Be True" owner="BuiltIn">
<arg>${True}</arg>
<doc>Fails if the given condition is not true.</doc>
<status status="PASS" start="2024-04-18T12:24:47.480160" elapsed="0.000152"/>
</kw>
<arg>${json_data["results"][0]["location"]["coordinates"]["latitude"]} &gt;= -90 and ${json_data["results"][0]["location"]["coordinates"]["latitude"]} &lt;= 90</arg>
<arg>Should Be True</arg>
<arg>${True}</arg>
<doc>Runs the given keyword with the given arguments, if ``condition`` is true.</doc>
<status status="PASS" start="2024-04-18T12:24:47.479397" elapsed="0.001040"/>
</kw>
<kw name="Run Keyword If" owner="BuiltIn">
<kw name="Should Be True" owner="BuiltIn">
<arg>${True}</arg>
<doc>Fails if the given condition is not true.</doc>
<status status="PASS" start="2024-04-18T12:24:47.481352" elapsed="0.000240"/>
</kw>
<arg>${json_data["results"][0]["location"]["coordinates"]["longitude"]} &gt;= -180 and ${json_data["results"][0]["location"]["coordinates"]["longitude"]} &lt;= 180</arg>
<arg>Should Be True</arg>
<arg>${True}</arg>
<doc>Runs the given keyword with the given arguments, if ``condition`` is true.</doc>
<status status="PASS" start="2024-04-18T12:24:47.480645" elapsed="0.001073"/>
</kw>
<status status="PASS" start="2024-04-18T12:24:47.359915" elapsed="0.121929"/>
</kw>
<doc>Testa o conteúdo específico dos campos retornados pela API.</doc>
<tag>testeConteudo</tag>
<status status="PASS" start="2024-04-18T12:24:47.359214" elapsed="0.122773"/>
</test>
<status status="PASS" start="2024-04-18T12:24:46.449492" elapsed="1.034381"/>
</suite>
<status status="PASS" start="2024-04-18T12:24:46.435893" elapsed="1.053047"/>
</suite>
<statistics>
<total>
<stat pass="5" fail="0" skip="0">All Tests</stat>
</total>
<tag>
<stat pass="1" fail="0" skip="0">testeConteudo</stat>
<stat pass="1" fail="0" skip="0">testeEstruturaResposta</stat>
<stat pass="1" fail="0" skip="0">testeRequisicaoBasica</stat>
<stat pass="1" fail="0" skip="0">testeTiposDados</stat>
</tag>
<suite>
<stat pass="5" fail="0" skip="0" id="s1" name="Tests">Tests</stat>
<stat pass="5" fail="0" skip="0" id="s1-s1" name="Random-User-Test">Tests.Random-User-Test</stat>
</suite>
</statistics>
<errors>
</errors>
</robot>
