<?xml version="1.0" encoding="UTF-8"?>
<robot generator="Robot 7.0 (Python 3.12.2 on linux)" generated="2024-04-08T13:15:20.534184" rpa="false" schemaversion="5">
<suite id="s1" name="Tests" source="/home/runner/work/DesafioQAItauRogerioJordao/DesafioQAItauRogerioJordao/RamdonUser/tests">
<suite id="s1-s1" name="Random-User-Test" source="/home/runner/work/DesafioQAItauRogerioJordao/DesafioQAItauRogerioJordao/RamdonUser/tests/random-user-test.robot">
<test id="s1-s1-t1" name="Conectar" line="13">
<kw name="Conectar API" owner="random-user-service">
<kw name="Create Session" owner="RequestsLibrary">
<msg time="2024-04-08T13:15:20.916546" level="INFO">Creating Session using : alias=consultarAPI, url=https://randomuser.me/, headers={},                     cookies={}, auth=None, timeout=None, proxies=None, verify=False,                     debug=0 </msg>
<arg>consultarAPI</arg>
<arg>${URL}</arg>
<doc>Create Session: create a HTTP session to a server</doc>
<status status="PASS" start="2024-04-08T13:15:20.916325" elapsed="0.000418"/>
</kw>
<status status="PASS" start="2024-04-08T13:15:20.915192" elapsed="0.001939"/>
</kw>
<status status="PASS" start="2024-04-08T13:15:20.914580" elapsed="0.002768"/>
</test>
<test id="s1-s1-t2" name="Validar retorno 200 e JSON Válido" line="16">
<kw name="Teste de Requisicao Basica" owner="random-user-service">
<kw name="GET On Session" owner="RequestsLibrary">
<msg time="2024-04-08T13:15:21.181549" level="INFO">GET Request : url=https://randomuser.me/api 
 path_url=/api 
 headers={'User-Agent': 'python-requests/2.31.0', 'Accept-Encoding': 'gzip, deflate', 'Accept': '*/*', 'Connection': 'keep-alive'} 
 body=None 
 </msg>
<msg time="2024-04-08T13:15:21.181713" level="INFO">GET Response : url=https://randomuser.me/api 
 status=200, reason=OK 
 headers={'Date': 'Mon, 08 Apr 2024 13:15:21 GMT', 'Content-Type': 'application/json; charset=utf-8', 'Transfer-Encoding': 'chunked', 'Connection': 'keep-alive', 'X-Powered-By': 'Express', 'Access-Control-Allow-Origin': '*', 'Cache-Control': 'no-cache', 'ETag': 'W/"486-7nYh6Z0BTUxGokHJLlQCfYO0uNg"', 'Vary': 'Accept-Encoding', 'Content-Encoding': 'gzip', 'CF-Cache-Status': 'DYNAMIC', 'Report-To': '{"endpoints":[{"url":"https:\\/\\/a.nel.cloudflare.com\\/report\\/v4?s=Dv8OzJ5AiqC%2B6rKq9QCgCNGCeaoJRG8Tnv%2FDWO8PEeNggpKaVR2WTifrEgH7EIdqmeTWvOpsZUF20u3z8B%2FMQoPC%2Bi%2FvbvExthSOLiy1rkr65MFwzqLcHMnl5uc5AZZL"}],"group":"cf-nel","max_age":604800}', 'NEL': '{"success_fraction":0,"report_to":"cf-nel","max_age":604800}', 'Server': 'cloudflare', 'CF-RAY': '871286901aec2a85-LAX', 'alt-svc': 'h3=":443"; ma=86400'} 
 body={"results":[{"gender":"male","name":{"title":"Mr","first":"Roberto","last":"Nguyen"},"location":{"street":{"number":7146,"name":"White Oak Dr"},"city":"Bunbury","state":"Victoria","country":"Australia","postcode":6418,"coordinates":{"latitude":"-86.0586","longitude":"-106.7670"},"timezone":{"offset":"-1:00","description":"Azores, Cape Verde Islands"}},"email":"roberto.nguyen@example.com","login":{"uuid":"da6bf3cd-d316-4d78-aad3-b6eb68f2d8cf","username":"ticklishduck741","password":"passion","salt":"3nfz2DGi","md5":"14ff3f7f9f55ad8316fd383c43e3ef5a","sha1":"aa18f95081a22079ecfcb8be8a723bdbd82425f7","sha256":"3c9777863a2d24fe6bf8a1c6ddf1d95c57013865fc6b7675e82e4af9b59c5555"},"dob":{"date":"1966-02-14T07:45:07.261Z","age":58},"registered":{"date":"2019-11-16T04:40:11.716Z","age":4},"phone":"04-5918-5790","cell":"0401-127-833","id":{"name":"TFN","value":"929212688"},"picture":{"large":"https://randomuser.me/api/portraits/men/71.jpg","medium":"https://randomuser.me/api/portraits/med/men/71.jpg","thumbnail":"https://randomuser.me/api/portraits/thumb/men/71.jpg"},"nat":"AU"}],"info":{"seed":"0907dacb6fa419da","results":1,"page":1,"version":"1.4"}} 
 </msg>
<msg time="2024-04-08T13:15:21.181803" level="INFO">/opt/hostedtoolcache/Python/3.12.2/x64/lib/python3.12/site-packages/urllib3/connectionpool.py:1103: InsecureRequestWarning: Unverified HTTPS request is being made to host 'randomuser.me'. Adding certificate verification is strongly advised. See: https://urllib3.readthedocs.io/en/latest/advanced-usage.html#tls-warnings
  warnings.warn(</msg>
<msg time="2024-04-08T13:15:21.182053" level="INFO">${response} = &lt;Response [200]&gt;</msg>
<var>${response}</var>
<arg>consultarAPI</arg>
<arg>/api</arg>
<doc>Sends a GET request on a previously created HTTP Session.</doc>
<status status="PASS" start="2024-04-08T13:15:20.919960" elapsed="0.262131"/>
</kw>
<kw name="Should Be Equal As Numbers" owner="BuiltIn">
<msg time="2024-04-08T13:15:21.183165" level="INFO">Argument types are:
&lt;class 'int'&gt;
&lt;class 'str'&gt;</msg>
<arg>${response.status_code}</arg>
<arg>200</arg>
<doc>Fails if objects are unequal after converting them to real numbers.</doc>
<status status="PASS" start="2024-04-08T13:15:21.182663" elapsed="0.000574"/>
</kw>
<kw name="Log" owner="BuiltIn">
<msg time="2024-04-08T13:15:21.184013" level="INFO">200</msg>
<arg>${response.status_code}</arg>
<doc>Logs the given message with the given level.</doc>
<status status="PASS" start="2024-04-08T13:15:21.183622" elapsed="0.000436"/>
</kw>
<kw name="Set Variable" owner="BuiltIn">
<msg time="2024-04-08T13:15:21.184936" level="INFO">${json_data} = {'results': [{'gender': 'male', 'name': {'title': 'Mr', 'first': 'Roberto', 'last': 'Nguyen'}, 'location': {'street': {'number': 7146, 'name': 'White Oak Dr'}, 'city': 'Bunbury', 'state': 'Victoria', ...</msg>
<var>${json_data}</var>
<arg>${response.json()}</arg>
<doc>Returns the given values which can then be assigned to a variables.</doc>
<status status="PASS" start="2024-04-08T13:15:21.184474" elapsed="0.000490"/>
</kw>
<kw name="Dictionary Should Contain Key" owner="Collections">
<msg time="2024-04-08T13:15:21.185466" level="INFO">False</msg>
<arg>${json_data}</arg>
<arg>results</arg>
<doc>Fails if ``key`` is not found from ``dictionary``.</doc>
<status status="PASS" start="2024-04-08T13:15:21.185284" elapsed="0.000223"/>
</kw>
<status status="PASS" start="2024-04-08T13:15:20.919695" elapsed="0.266079"/>
</kw>
<doc>Testa se a API responde corretamente e retorna um objeto JSON válido.</doc>
<tag>testeRequisicaoBasica</tag>
<status status="PASS" start="2024-04-08T13:15:20.919200" elapsed="0.266772"/>
</test>
<test id="s1-s1-t3" name="Validar estrutura de resposta" line="22">
<kw name="Teste de Estrutura de Resposta" owner="random-user-service">
<kw name="GET On Session" owner="RequestsLibrary">
<msg time="2024-04-08T13:15:21.332583" level="INFO">GET Request : url=https://randomuser.me/api 
 path_url=/api 
 headers={'User-Agent': 'python-requests/2.31.0', 'Accept-Encoding': 'gzip, deflate', 'Accept': '*/*', 'Connection': 'keep-alive'} 
 body=None 
 </msg>
<msg time="2024-04-08T13:15:21.332688" level="INFO">GET Response : url=https://randomuser.me/api 
 status=200, reason=OK 
 headers={'Date': 'Mon, 08 Apr 2024 13:15:21 GMT', 'Content-Type': 'application/json; charset=utf-8', 'Transfer-Encoding': 'chunked', 'Connection': 'keep-alive', 'X-Powered-By': 'Express', 'Access-Control-Allow-Origin': '*', 'Cache-Control': 'no-cache', 'ETag': 'W/"492-5FuxS3bYOIxdOHgBc0pRvqQTnbk"', 'Vary': 'Accept-Encoding', 'Content-Encoding': 'gzip', 'CF-Cache-Status': 'DYNAMIC', 'Report-To': '{"endpoints":[{"url":"https:\\/\\/a.nel.cloudflare.com\\/report\\/v4?s=ofA0v1JA7Pro5HlyPSEqSPvRSvGZbiHSLjuDfkfLw4zLaDcB7rHRJnT0MwnTP7wRehnLmdUdkNgMG16NS7MhoynRUTD3ZSPNMO%2F1URswS2vgOGRKlBWARkC%2BNq0hSgrS"}],"group":"cf-nel","max_age":604800}', 'NEL': '{"success_fraction":0,"report_to":"cf-nel","max_age":604800}', 'Server': 'cloudflare', 'CF-RAY': '871286917c5b2a85-LAX', 'alt-svc': 'h3=":443"; ma=86400'} 
 body={"results":[{"gender":"female","name":{"title":"Miss","first":"Ruža","last":"Španović"},"location":{"street":{"number":4590,"name":"Radnička"},"city":"Majdanpek","state":"Kosovska Mitrovica","country":"Serbia","postcode":13269,"coordinates":{"latitude":"60.2821","longitude":"151.5905"},"timezone":{"offset":"-1:00","description":"Azores, Cape Verde Islands"}},"email":"ruza.spanovic@example.com","login":{"uuid":"bb467b74-07a6-45ad-b97f-e63454d856df","username":"whitetiger454","password":"hong","salt":"EOxuM2oL","md5":"b8b305d64310bb1ab628d335cc4f5b32","sha1":"4a40e8a8a0920b036edd1119e3acd4aa27af4122","sha256":"8e28be25879e83f9909103698b70edccc97b1d35e36cead683d4752b27c6ef1a"},"dob":{"date":"1956-12-20T19:26:54.671Z","age":67},"registered":{"date":"2007-07-13T22:35:30.250Z","age":16},"phone":"018-5348-940","cell":"066-3872-976","id":{"name":"SID","value":"688514982"},"picture":{"large":"https://randomuser.me/api/portraits/women/33.jpg","medium":"https://randomuser.me/api/portraits/med/women/33.jpg","thumbnail":"https://randomuser.me/api/portraits/thumb/women/33.jpg"},"nat":"RS"}],"info":{"seed":"7a0c60ddd4dee3bb","results":1,"page":1,"version":"1.4"}} 
 </msg>
<msg time="2024-04-08T13:15:21.332848" level="INFO">/opt/hostedtoolcache/Python/3.12.2/x64/lib/python3.12/site-packages/urllib3/connectionpool.py:1103: InsecureRequestWarning: Unverified HTTPS request is being made to host 'randomuser.me'. Adding certificate verification is strongly advised. See: https://urllib3.readthedocs.io/en/latest/advanced-usage.html#tls-warnings
  warnings.warn(</msg>
<msg time="2024-04-08T13:15:21.332974" level="INFO">${response} = &lt;Response [200]&gt;</msg>
<var>${response}</var>
<arg>consultarAPI</arg>
<arg>/api</arg>
<doc>Sends a GET request on a previously created HTTP Session.</doc>
<status status="PASS" start="2024-04-08T13:15:21.189024" elapsed="0.143992"/>
</kw>
<kw name="Set Variable" owner="BuiltIn">
<msg time="2024-04-08T13:15:21.334083" level="INFO">${json_data} = {'results': [{'gender': 'female', 'name': {'title': 'Miss', 'first': 'Ruža', 'last': 'Španović'}, 'location': {'street': {'number': 4590, 'name': 'Radnička'}, 'city': 'Majdanpek', 'state': 'Kosovska M...</msg>
<var>${json_data}</var>
<arg>${response.json()}</arg>
<doc>Returns the given values which can then be assigned to a variables.</doc>
<status status="PASS" start="2024-04-08T13:15:21.333548" elapsed="0.000566"/>
</kw>
<kw name="Log" owner="BuiltIn">
<msg time="2024-04-08T13:15:21.334593" level="INFO">{'results': [{'gender': 'female', 'name': {'title': 'Miss', 'first': 'Ruža', 'last': 'Španović'}, 'location': {'street': {'number': 4590, 'name': 'Radnička'}, 'city': 'Majdanpek', 'state': 'Kosovska Mitrovica', 'country': 'Serbia', 'postcode': 13269, 'coordinates': {'latitude': '60.2821', 'longitude': '151.5905'}, 'timezone': {'offset': '-1:00', 'description': 'Azores, Cape Verde Islands'}}, 'email': 'ruza.spanovic@example.com', 'login': {'uuid': 'bb467b74-07a6-45ad-b97f-e63454d856df', 'username': 'whitetiger454', 'password': 'hong', 'salt': 'EOxuM2oL', 'md5': 'b8b305d64310bb1ab628d335cc4f5b32', 'sha1': '4a40e8a8a0920b036edd1119e3acd4aa27af4122', 'sha256': '8e28be25879e83f9909103698b70edccc97b1d35e36cead683d4752b27c6ef1a'}, 'dob': {'date': '1956-12-20T19:26:54.671Z', 'age': 67}, 'registered': {'date': '2007-07-13T22:35:30.250Z', 'age': 16}, 'phone': '018-5348-940', 'cell': '066-3872-976', 'id': {'name': 'SID', 'value': '688514982'}, 'picture': {'large': 'https://randomuser.me/api/portraits/women/33.jpg', 'medium': 'https://randomuser.me/api/portraits/med/women/33.jpg', 'thumbnail': 'https://randomuser.me/api/portraits/thumb/women/33.jpg'}, 'nat': 'RS'}], 'info': {'seed': '7a0c60ddd4dee3bb', 'results': 1, 'page': 1, 'version': '1.4'}}</msg>
<arg>${json_data}</arg>
<doc>Logs the given message with the given level.</doc>
<status status="PASS" start="2024-04-08T13:15:21.334427" elapsed="0.000218"/>
</kw>
<kw name="Dictionary Should Contain Key" owner="Collections">
<msg time="2024-04-08T13:15:21.335095" level="INFO">False</msg>
<arg>${json_data}</arg>
<arg>results</arg>
<doc>Fails if ``key`` is not found from ``dictionary``.</doc>
<status status="PASS" start="2024-04-08T13:15:21.334939" elapsed="0.000193"/>
</kw>
<kw name="Should Not Be Empty" owner="BuiltIn">
<msg time="2024-04-08T13:15:21.335553" level="INFO">Length is 2.</msg>
<arg>${json_data}</arg>
<doc>Verifies that the given item is not empty.</doc>
<status status="PASS" start="2024-04-08T13:15:21.335423" elapsed="0.000168"/>
</kw>
<kw name="Create List" owner="BuiltIn">
<msg time="2024-04-08T13:15:21.336025" level="INFO">${expected_keys} = ['gender', 'name', 'location', 'email', 'login']</msg>
<var>${expected_keys}</var>
<arg>gender</arg>
<arg>name</arg>
<arg>location</arg>
<arg>email</arg>
<arg>login</arg>
<doc>Returns a list containing given items.</doc>
<status status="PASS" start="2024-04-08T13:15:21.335878" elapsed="0.000170"/>
</kw>
<for flavor="IN">
<iter>
<kw name="Dictionary Should Contain Key" owner="Collections">
<msg time="2024-04-08T13:15:21.337084" level="INFO">False</msg>
<arg>${json_data['results'][0]}</arg>
<arg>${key}</arg>
<doc>Fails if ``key`` is not found from ``dictionary``.</doc>
<status status="PASS" start="2024-04-08T13:15:21.336665" elapsed="0.000458"/>
</kw>
<kw name="Log" owner="BuiltIn">
<msg time="2024-04-08T13:15:21.337802" level="INFO">{'gender': 'female', 'name': {'title': 'Miss', 'first': 'Ruža', 'last': 'Španović'}, 'location': {'street': {'number': 4590, 'name': 'Radnička'}, 'city': 'Majdanpek', 'state': 'Kosovska Mitrovica', 'country': 'Serbia', 'postcode': 13269, 'coordinates': {'latitude': '60.2821', 'longitude': '151.5905'}, 'timezone': {'offset': '-1:00', 'description': 'Azores, Cape Verde Islands'}}, 'email': 'ruza.spanovic@example.com', 'login': {'uuid': 'bb467b74-07a6-45ad-b97f-e63454d856df', 'username': 'whitetiger454', 'password': 'hong', 'salt': 'EOxuM2oL', 'md5': 'b8b305d64310bb1ab628d335cc4f5b32', 'sha1': '4a40e8a8a0920b036edd1119e3acd4aa27af4122', 'sha256': '8e28be25879e83f9909103698b70edccc97b1d35e36cead683d4752b27c6ef1a'}, 'dob': {'date': '1956-12-20T19:26:54.671Z', 'age': 67}, 'registered': {'date': '2007-07-13T22:35:30.250Z', 'age': 16}, 'phone': '018-5348-940', 'cell': '066-3872-976', 'id': {'name': 'SID', 'value': '688514982'}, 'picture': {'large': 'https://randomuser.me/api/portraits/women/33.jpg', 'medium': 'https://randomuser.me/api/portraits/med/women/33.jpg', 'thumbnail': 'https://randomuser.me/api/portraits/thumb/women/33.jpg'}, 'nat': 'RS'}</msg>
<arg>${json_data['results'][0]}</arg>
<doc>Logs the given message with the given level.</doc>
<status status="PASS" start="2024-04-08T13:15:21.337435" elapsed="0.000423"/>
</kw>
<kw name="Log" owner="BuiltIn">
<msg time="2024-04-08T13:15:21.338289" level="INFO">gender</msg>
<arg>${key}</arg>
<doc>Logs the given message with the given level.</doc>
<status status="PASS" start="2024-04-08T13:15:21.338158" elapsed="0.000170"/>
</kw>
<var name="${key}">gender</var>
<status status="PASS" start="2024-04-08T13:15:21.336542" elapsed="0.002013"/>
</iter>
<iter>
<kw name="Dictionary Should Contain Key" owner="Collections">
<msg time="2024-04-08T13:15:21.339249" level="INFO">False</msg>
<arg>${json_data['results'][0]}</arg>
<arg>${key}</arg>
<doc>Fails if ``key`` is not found from ``dictionary``.</doc>
<status status="PASS" start="2024-04-08T13:15:21.338866" elapsed="0.000420"/>
</kw>
<kw name="Log" owner="BuiltIn">
<msg time="2024-04-08T13:15:21.339972" level="INFO">{'gender': 'female', 'name': {'title': 'Miss', 'first': 'Ruža', 'last': 'Španović'}, 'location': {'street': {'number': 4590, 'name': 'Radnička'}, 'city': 'Majdanpek', 'state': 'Kosovska Mitrovica', 'country': 'Serbia', 'postcode': 13269, 'coordinates': {'latitude': '60.2821', 'longitude': '151.5905'}, 'timezone': {'offset': '-1:00', 'description': 'Azores, Cape Verde Islands'}}, 'email': 'ruza.spanovic@example.com', 'login': {'uuid': 'bb467b74-07a6-45ad-b97f-e63454d856df', 'username': 'whitetiger454', 'password': 'hong', 'salt': 'EOxuM2oL', 'md5': 'b8b305d64310bb1ab628d335cc4f5b32', 'sha1': '4a40e8a8a0920b036edd1119e3acd4aa27af4122', 'sha256': '8e28be25879e83f9909103698b70edccc97b1d35e36cead683d4752b27c6ef1a'}, 'dob': {'date': '1956-12-20T19:26:54.671Z', 'age': 67}, 'registered': {'date': '2007-07-13T22:35:30.250Z', 'age': 16}, 'phone': '018-5348-940', 'cell': '066-3872-976', 'id': {'name': 'SID', 'value': '688514982'}, 'picture': {'large': 'https://randomuser.me/api/portraits/women/33.jpg', 'medium': 'https://randomuser.me/api/portraits/med/women/33.jpg', 'thumbnail': 'https://randomuser.me/api/portraits/thumb/women/33.jpg'}, 'nat': 'RS'}</msg>
<arg>${json_data['results'][0]}</arg>
<doc>Logs the given message with the given level.</doc>
<status status="PASS" start="2024-04-08T13:15:21.339609" elapsed="0.000414"/>
</kw>
<kw name="Log" owner="BuiltIn">
<msg time="2024-04-08T13:15:21.340477" level="INFO">name</msg>
<arg>${key}</arg>
<doc>Logs the given message with the given level.</doc>
<status status="PASS" start="2024-04-08T13:15:21.340347" elapsed="0.000167"/>
</kw>
<var name="${key}">name</var>
<status status="PASS" start="2024-04-08T13:15:21.338751" elapsed="0.001980"/>
</iter>
<iter>
<kw name="Dictionary Should Contain Key" owner="Collections">
<msg time="2024-04-08T13:15:21.341395" level="INFO">False</msg>
<arg>${json_data['results'][0]}</arg>
<arg>${key}</arg>
<doc>Fails if ``key`` is not found from ``dictionary``.</doc>
<status status="PASS" start="2024-04-08T13:15:21.341016" elapsed="0.000417"/>
</kw>
<kw name="Log" owner="BuiltIn">
<msg time="2024-04-08T13:15:21.342090" level="INFO">{'gender': 'female', 'name': {'title': 'Miss', 'first': 'Ruža', 'last': 'Španović'}, 'location': {'street': {'number': 4590, 'name': 'Radnička'}, 'city': 'Majdanpek', 'state': 'Kosovska Mitrovica', 'country': 'Serbia', 'postcode': 13269, 'coordinates': {'latitude': '60.2821', 'longitude': '151.5905'}, 'timezone': {'offset': '-1:00', 'description': 'Azores, Cape Verde Islands'}}, 'email': 'ruza.spanovic@example.com', 'login': {'uuid': 'bb467b74-07a6-45ad-b97f-e63454d856df', 'username': 'whitetiger454', 'password': 'hong', 'salt': 'EOxuM2oL', 'md5': 'b8b305d64310bb1ab628d335cc4f5b32', 'sha1': '4a40e8a8a0920b036edd1119e3acd4aa27af4122', 'sha256': '8e28be25879e83f9909103698b70edccc97b1d35e36cead683d4752b27c6ef1a'}, 'dob': {'date': '1956-12-20T19:26:54.671Z', 'age': 67}, 'registered': {'date': '2007-07-13T22:35:30.250Z', 'age': 16}, 'phone': '018-5348-940', 'cell': '066-3872-976', 'id': {'name': 'SID', 'value': '688514982'}, 'picture': {'large': 'https://randomuser.me/api/portraits/women/33.jpg', 'medium': 'https://randomuser.me/api/portraits/med/women/33.jpg', 'thumbnail': 'https://randomuser.me/api/portraits/thumb/women/33.jpg'}, 'nat': 'RS'}</msg>
<arg>${json_data['results'][0]}</arg>
<doc>Logs the given message with the given level.</doc>
<status status="PASS" start="2024-04-08T13:15:21.341730" elapsed="0.000415"/>
</kw>
<kw name="Log" owner="BuiltIn">
<msg time="2024-04-08T13:15:21.342568" level="INFO">location</msg>
<arg>${key}</arg>
<doc>Logs the given message with the given level.</doc>
<status status="PASS" start="2024-04-08T13:15:21.342440" elapsed="0.000165"/>
</kw>
<var name="${key}">location</var>
<status status="PASS" start="2024-04-08T13:15:21.340906" elapsed="0.001914"/>
</iter>
<iter>
<kw name="Dictionary Should Contain Key" owner="Collections">
<msg time="2024-04-08T13:15:21.343487" level="INFO">False</msg>
<arg>${json_data['results'][0]}</arg>
<arg>${key}</arg>
<doc>Fails if ``key`` is not found from ``dictionary``.</doc>
<status status="PASS" start="2024-04-08T13:15:21.343106" elapsed="0.000417"/>
</kw>
<kw name="Log" owner="BuiltIn">
<msg time="2024-04-08T13:15:21.344245" level="INFO">{'gender': 'female', 'name': {'title': 'Miss', 'first': 'Ruža', 'last': 'Španović'}, 'location': {'street': {'number': 4590, 'name': 'Radnička'}, 'city': 'Majdanpek', 'state': 'Kosovska Mitrovica', 'country': 'Serbia', 'postcode': 13269, 'coordinates': {'latitude': '60.2821', 'longitude': '151.5905'}, 'timezone': {'offset': '-1:00', 'description': 'Azores, Cape Verde Islands'}}, 'email': 'ruza.spanovic@example.com', 'login': {'uuid': 'bb467b74-07a6-45ad-b97f-e63454d856df', 'username': 'whitetiger454', 'password': 'hong', 'salt': 'EOxuM2oL', 'md5': 'b8b305d64310bb1ab628d335cc4f5b32', 'sha1': '4a40e8a8a0920b036edd1119e3acd4aa27af4122', 'sha256': '8e28be25879e83f9909103698b70edccc97b1d35e36cead683d4752b27c6ef1a'}, 'dob': {'date': '1956-12-20T19:26:54.671Z', 'age': 67}, 'registered': {'date': '2007-07-13T22:35:30.250Z', 'age': 16}, 'phone': '018-5348-940', 'cell': '066-3872-976', 'id': {'name': 'SID', 'value': '688514982'}, 'picture': {'large': 'https://randomuser.me/api/portraits/women/33.jpg', 'medium': 'https://randomuser.me/api/portraits/med/women/33.jpg', 'thumbnail': 'https://randomuser.me/api/portraits/thumb/women/33.jpg'}, 'nat': 'RS'}</msg>
<arg>${json_data['results'][0]}</arg>
<doc>Logs the given message with the given level.</doc>
<status status="PASS" start="2024-04-08T13:15:21.343846" elapsed="0.000451"/>
</kw>
<kw name="Log" owner="BuiltIn">
<msg time="2024-04-08T13:15:21.344714" level="INFO">email</msg>
<arg>${key}</arg>
<doc>Logs the given message with the given level.</doc>
<status status="PASS" start="2024-04-08T13:15:21.344588" elapsed="0.000163"/>
</kw>
<var name="${key}">email</var>
<status status="PASS" start="2024-04-08T13:15:21.342998" elapsed="0.001963"/>
</iter>
<iter>
<kw name="Dictionary Should Contain Key" owner="Collections">
<msg time="2024-04-08T13:15:21.345642" level="INFO">False</msg>
<arg>${json_data['results'][0]}</arg>
<arg>${key}</arg>
<doc>Fails if ``key`` is not found from ``dictionary``.</doc>
<status status="PASS" start="2024-04-08T13:15:21.345237" elapsed="0.000442"/>
</kw>
<kw name="Log" owner="BuiltIn">
<msg time="2024-04-08T13:15:21.346333" level="INFO">{'gender': 'female', 'name': {'title': 'Miss', 'first': 'Ruža', 'last': 'Španović'}, 'location': {'street': {'number': 4590, 'name': 'Radnička'}, 'city': 'Majdanpek', 'state': 'Kosovska Mitrovica', 'country': 'Serbia', 'postcode': 13269, 'coordinates': {'latitude': '60.2821', 'longitude': '151.5905'}, 'timezone': {'offset': '-1:00', 'description': 'Azores, Cape Verde Islands'}}, 'email': 'ruza.spanovic@example.com', 'login': {'uuid': 'bb467b74-07a6-45ad-b97f-e63454d856df', 'username': 'whitetiger454', 'password': 'hong', 'salt': 'EOxuM2oL', 'md5': 'b8b305d64310bb1ab628d335cc4f5b32', 'sha1': '4a40e8a8a0920b036edd1119e3acd4aa27af4122', 'sha256': '8e28be25879e83f9909103698b70edccc97b1d35e36cead683d4752b27c6ef1a'}, 'dob': {'date': '1956-12-20T19:26:54.671Z', 'age': 67}, 'registered': {'date': '2007-07-13T22:35:30.250Z', 'age': 16}, 'phone': '018-5348-940', 'cell': '066-3872-976', 'id': {'name': 'SID', 'value': '688514982'}, 'picture': {'large': 'https://randomuser.me/api/portraits/women/33.jpg', 'medium': 'https://randomuser.me/api/portraits/med/women/33.jpg', 'thumbnail': 'https://randomuser.me/api/portraits/thumb/women/33.jpg'}, 'nat': 'RS'}</msg>
<arg>${json_data['results'][0]}</arg>
<doc>Logs the given message with the given level.</doc>
<status status="PASS" start="2024-04-08T13:15:21.345969" elapsed="0.000412"/>
</kw>
<kw name="Log" owner="BuiltIn">
<msg time="2024-04-08T13:15:21.346804" level="INFO">login</msg>
<arg>${key}</arg>
<doc>Logs the given message with the given level.</doc>
<status status="PASS" start="2024-04-08T13:15:21.346678" elapsed="0.000168"/>
</kw>
<var name="${key}">login</var>
<status status="PASS" start="2024-04-08T13:15:21.345130" elapsed="0.001953"/>
</iter>
<var>${key}</var>
<value>@{expected_keys}</value>
<status status="PASS" start="2024-04-08T13:15:21.336350" elapsed="0.010860"/>
</for>
<kw name="Create List" owner="BuiltIn">
<msg time="2024-04-08T13:15:21.347547" level="INFO">${expected_keysTwo} = ['username', 'password']</msg>
<var>${expected_keysTwo}</var>
<arg>username</arg>
<arg>password</arg>
<doc>Returns a list containing given items.</doc>
<status status="PASS" start="2024-04-08T13:15:21.347406" elapsed="0.000165"/>
</kw>
<for flavor="IN">
<iter>
<kw name="Dictionary Should Contain Key" owner="Collections">
<msg time="2024-04-08T13:15:21.348605" level="INFO">False</msg>
<arg>${json_data['results'][0]['login']}</arg>
<arg>${keyTwo}</arg>
<doc>Fails if ``key`` is not found from ``dictionary``.</doc>
<status status="PASS" start="2024-04-08T13:15:21.348217" elapsed="0.000425"/>
</kw>
<kw name="Dictionary Should Contain Key" owner="Collections">
<msg time="2024-04-08T13:15:21.349317" level="INFO">False</msg>
<arg>${json_data['results'][0]['login']}</arg>
<arg>${keyTwo}</arg>
<doc>Fails if ``key`` is not found from ``dictionary``.</doc>
<status status="PASS" start="2024-04-08T13:15:21.348940" elapsed="0.000414"/>
</kw>
<kw name="Log" owner="BuiltIn">
<msg time="2024-04-08T13:15:21.349800" level="INFO">username</msg>
<arg>${keyTwo}</arg>
<doc>Logs the given message with the given level.</doc>
<status status="PASS" start="2024-04-08T13:15:21.349644" elapsed="0.000193"/>
</kw>
<var name="${keyTwo}">username</var>
<status status="PASS" start="2024-04-08T13:15:21.348081" elapsed="0.001975"/>
</iter>
<iter>
<kw name="Dictionary Should Contain Key" owner="Collections">
<msg time="2024-04-08T13:15:21.350866" level="INFO">False</msg>
<arg>${json_data['results'][0]['login']}</arg>
<arg>${keyTwo}</arg>
<doc>Fails if ``key`` is not found from ``dictionary``.</doc>
<status status="PASS" start="2024-04-08T13:15:21.350343" elapsed="0.000581"/>
</kw>
<kw name="Dictionary Should Contain Key" owner="Collections">
<msg time="2024-04-08T13:15:21.351893" level="INFO">False</msg>
<arg>${json_data['results'][0]['login']}</arg>
<arg>${keyTwo}</arg>
<doc>Fails if ``key`` is not found from ``dictionary``.</doc>
<status status="PASS" start="2024-04-08T13:15:21.351320" elapsed="0.000631"/>
</kw>
<kw name="Log" owner="BuiltIn">
<msg time="2024-04-08T13:15:21.352603" level="INFO">password</msg>
<arg>${keyTwo}</arg>
<doc>Logs the given message with the given level.</doc>
<status status="PASS" start="2024-04-08T13:15:21.352421" elapsed="0.000240"/>
</kw>
<var name="${keyTwo}">password</var>
<status status="PASS" start="2024-04-08T13:15:21.350226" elapsed="0.002702"/>
</iter>
<var>${keyTwo}</var>
<value>@{expected_keysTwo}</value>
<status status="PASS" start="2024-04-08T13:15:21.347814" elapsed="0.005267"/>
</for>
<status status="PASS" start="2024-04-08T13:15:21.188757" elapsed="0.164503"/>
</kw>
<doc>Testa a estrutura da resposta da API.</doc>
<tag>testeEstruturaResposta</tag>
<status status="PASS" start="2024-04-08T13:15:21.188001" elapsed="0.165459"/>
</test>
<test id="s1-s1-t4" name="Validar tipos de dados" line="28">
<kw name="Teste de Tipos de Dados" owner="random-user-service">
<kw name="GET On Session" owner="RequestsLibrary">
<msg time="2024-04-08T13:15:21.453949" level="INFO">GET Request : url=https://randomuser.me/api 
 path_url=/api 
 headers={'User-Agent': 'python-requests/2.31.0', 'Accept-Encoding': 'gzip, deflate', 'Accept': '*/*', 'Connection': 'keep-alive'} 
 body=None 
 </msg>
<msg time="2024-04-08T13:15:21.454056" level="INFO">GET Response : url=https://randomuser.me/api 
 status=200, reason=OK 
 headers={'Date': 'Mon, 08 Apr 2024 13:15:21 GMT', 'Content-Type': 'application/json; charset=utf-8', 'Transfer-Encoding': 'chunked', 'Connection': 'keep-alive', 'X-Powered-By': 'Express', 'Access-Control-Allow-Origin': '*', 'Cache-Control': 'no-cache', 'ETag': 'W/"496-4VxhrmFwDHxu9D2XsWFXnxLehCs"', 'Vary': 'Accept-Encoding', 'Content-Encoding': 'gzip', 'CF-Cache-Status': 'DYNAMIC', 'Report-To': '{"endpoints":[{"url":"https:\\/\\/a.nel.cloudflare.com\\/report\\/v4?s=c7ZwLO7CLP%2B7JWOsv12olAUOShIYVOzLkFT%2FHrnN1kzKQ6rGUtO080rUxuDwr7hy4n3gZ3Fg9MVVgDkb3FjeddrVuXY45xBW1bmE9Jg6T6JhmkUsDWLx0fadAxvAfTjF"}],"group":"cf-nel","max_age":604800}', 'NEL': '{"success_fraction":0,"report_to":"cf-nel","max_age":604800}', 'Server': 'cloudflare', 'CF-RAY': '871286928d6e2a85-LAX', 'alt-svc': 'h3=":443"; ma=86400'} 
 body={"results":[{"gender":"female","name":{"title":"Ms","first":"Clairta","last":"Nogueira"},"location":{"street":{"number":7593,"name":"Rua Primeiro de Maio "},"city":"Cotia","state":"Pernambuco","country":"Brazil","postcode":80634,"coordinates":{"latitude":"-74.7196","longitude":"14.2891"},"timezone":{"offset":"+7:00","description":"Bangkok, Hanoi, Jakarta"}},"email":"clairta.nogueira@example.com","login":{"uuid":"2adcc849-c80e-4829-bb5a-2f19bb21928f","username":"reddog983","password":"french","salt":"Gd5HlJmT","md5":"9c0836659489c03b194dec937b846543","sha1":"e0d26f8071f46f1fa01d5d7e4f54ce3aac9cdb73","sha256":"ffd53afd4146a2779528e3413ccd4a62685e009305bf60d8812ddefd00da9cbd"},"dob":{"date":"1950-06-18T11:10:47.964Z","age":73},"registered":{"date":"2014-09-26T16:12:55.536Z","age":9},"phone":"(71) 0515-9337","cell":"(63) 7507-0000","id":{"name":"CPF","value":"501.599.970-31"},"picture":{"large":"https://randomuser.me/api/portraits/women/68.jpg","medium":"https://randomuser.me/api/portraits/med/women/68.jpg","thumbnail":"https://randomuser.me/api/portraits/thumb/women/68.jpg"},"nat":"BR"}],"info":{"seed":"f014d9d8f5cfbc9e","results":1,"page":1,"version":"1.4"}} 
 </msg>
<msg time="2024-04-08T13:15:21.454131" level="INFO">/opt/hostedtoolcache/Python/3.12.2/x64/lib/python3.12/site-packages/urllib3/connectionpool.py:1103: InsecureRequestWarning: Unverified HTTPS request is being made to host 'randomuser.me'. Adding certificate verification is strongly advised. See: https://urllib3.readthedocs.io/en/latest/advanced-usage.html#tls-warnings
  warnings.warn(</msg>
<msg time="2024-04-08T13:15:21.454264" level="INFO">${response} = &lt;Response [200]&gt;</msg>
<var>${response}</var>
<arg>consultarAPI</arg>
<arg>/api</arg>
<doc>Sends a GET request on a previously created HTTP Session.</doc>
<status status="PASS" start="2024-04-08T13:15:21.356225" elapsed="0.098085"/>
</kw>
<kw name="Set Variable" owner="BuiltIn">
<msg time="2024-04-08T13:15:21.455542" level="INFO">${json_data} = {'results': [{'gender': 'female', 'name': {'title': 'Ms', 'first': 'Clairta', 'last': 'Nogueira'}, 'location': {'street': {'number': 7593, 'name': 'Rua Primeiro de Maio '}, 'city': 'Cotia', 'state': '...</msg>
<var>${json_data}</var>
<arg>${response.json()}</arg>
<doc>Returns the given values which can then be assigned to a variables.</doc>
<status status="PASS" start="2024-04-08T13:15:21.454968" elapsed="0.000604"/>
</kw>
<kw name="Log" owner="BuiltIn">
<msg time="2024-04-08T13:15:21.456055" level="INFO">{'results': [{'gender': 'female', 'name': {'title': 'Ms', 'first': 'Clairta', 'last': 'Nogueira'}, 'location': {'street': {'number': 7593, 'name': 'Rua Primeiro de Maio '}, 'city': 'Cotia', 'state': 'Pernambuco', 'country': 'Brazil', 'postcode': 80634, 'coordinates': {'latitude': '-74.7196', 'longitude': '14.2891'}, 'timezone': {'offset': '+7:00', 'description': 'Bangkok, Hanoi, Jakarta'}}, 'email': 'clairta.nogueira@example.com', 'login': {'uuid': '2adcc849-c80e-4829-bb5a-2f19bb21928f', 'username': 'reddog983', 'password': 'french', 'salt': 'Gd5HlJmT', 'md5': '9c0836659489c03b194dec937b846543', 'sha1': 'e0d26f8071f46f1fa01d5d7e4f54ce3aac9cdb73', 'sha256': 'ffd53afd4146a2779528e3413ccd4a62685e009305bf60d8812ddefd00da9cbd'}, 'dob': {'date': '1950-06-18T11:10:47.964Z', 'age': 73}, 'registered': {'date': '2014-09-26T16:12:55.536Z', 'age': 9}, 'phone': '(71) 0515-9337', 'cell': '(63) 7507-0000', 'id': {'name': 'CPF', 'value': '501.599.970-31'}, 'picture': {'large': 'https://randomuser.me/api/portraits/women/68.jpg', 'medium': 'https://randomuser.me/api/portraits/med/women/68.jpg', 'thumbnail': 'https://randomuser.me/api/portraits/thumb/women/68.jpg'}, 'nat': 'BR'}], 'info': {'seed': 'f014d9d8f5cfbc9e', 'results': 1, 'page': 1, 'version': '1.4'}}</msg>
<arg>${json_data}</arg>
<doc>Logs the given message with the given level.</doc>
<status status="PASS" start="2024-04-08T13:15:21.455896" elapsed="0.000294"/>
</kw>
<kw name="Should Be String" owner="String">
<arg>${json_data['results'][0]['gender']}</arg>
<doc>Fails if the given ``item`` is not a string.</doc>
<status status="PASS" start="2024-04-08T13:15:21.456510" elapsed="0.000370"/>
</kw>
<kw name="Should Match Regexp" owner="BuiltIn">
<arg>${json_data['results'][0]['email']}</arg>
<arg>^[a-zA-Z0-9._%+-]+@[a-zA-Z0-9.-]+\.[a-zA-Z]{2,}$</arg>
<doc>Fails if ``string`` does not match ``pattern`` as a regular expression.</doc>
<status status="PASS" start="2024-04-08T13:15:21.457075" elapsed="0.000559"/>
</kw>
<kw name="Should Match Regexp" owner="BuiltIn">
<arg>${json_data['results'][0]['dob']['date']}</arg>
<arg>\\d{4}-\\d{2}-\\d{2}T\\d{2}:\\d{2}:\\d{2}\\.\\d{3}Z</arg>
<doc>Fails if ``string`` does not match ``pattern`` as a regular expression.</doc>
<status status="PASS" start="2024-04-08T13:15:21.457838" elapsed="0.000530"/>
</kw>
<kw name="Should Match Regexp" owner="BuiltIn">
<arg>${json_data['results'][0]['registered']['date']}</arg>
<arg>\\d{4}-\\d{2}-\\d{2}T\\d{2}:\\d{2}:\\d{2}\\.\\d{3}Z</arg>
<doc>Fails if ``string`` does not match ``pattern`` as a regular expression.</doc>
<status status="PASS" start="2024-04-08T13:15:21.458571" elapsed="0.000380"/>
</kw>
<kw name="Should Match Regexp" owner="BuiltIn">
<arg>${json_data['results'][0]['picture']['large']}</arg>
<arg>^https?://.*\.(?:png|jpe?g|gif|bmp)$</arg>
<doc>Fails if ``string`` does not match ``pattern`` as a regular expression.</doc>
<status status="PASS" start="2024-04-08T13:15:21.459139" elapsed="0.000461"/>
</kw>
<kw name="Should Match Regexp" owner="BuiltIn">
<arg>${json_data['results'][0]['picture']['medium']}</arg>
<arg>^https?://.*\.(?:png|jpe?g|gif|bmp)$</arg>
<doc>Fails if ``string`` does not match ``pattern`` as a regular expression.</doc>
<status status="PASS" start="2024-04-08T13:15:21.459792" elapsed="0.000389"/>
</kw>
<kw name="Should Match Regexp" owner="BuiltIn">
<arg>${json_data['results'][0]['picture']['thumbnail']}</arg>
<arg>^https?://.*\.(?:png|jpe?g|gif|bmp)$</arg>
<doc>Fails if ``string`` does not match ``pattern`` as a regular expression.</doc>
<status status="PASS" start="2024-04-08T13:15:21.460383" elapsed="0.000351"/>
</kw>
<kw name="Log" owner="BuiltIn">
<msg time="2024-04-08T13:15:21.461253" level="INFO">{'large': 'https://randomuser.me/api/portraits/women/68.jpg', 'medium': 'https://randomuser.me/api/portraits/med/women/68.jpg', 'thumbnail': 'https://randomuser.me/api/portraits/thumb/women/68.jpg'}</msg>
<arg>${json_data['results'][0]['picture']}</arg>
<doc>Logs the given message with the given level.</doc>
<status status="PASS" start="2024-04-08T13:15:21.460918" elapsed="0.000378"/>
</kw>
<status status="PASS" start="2024-04-08T13:15:21.355950" elapsed="0.105630"/>
</kw>
<kw name="Teste de Tipos de Dados - Postcode" owner="random-user-service">
<kw name="GET On Session" owner="RequestsLibrary">
<msg time="2024-04-08T13:15:21.559543" level="INFO">GET Request : url=https://randomuser.me/api 
 path_url=/api 
 headers={'User-Agent': 'python-requests/2.31.0', 'Accept-Encoding': 'gzip, deflate', 'Accept': '*/*', 'Connection': 'keep-alive'} 
 body=None 
 </msg>
<msg time="2024-04-08T13:15:21.559662" level="INFO">GET Response : url=https://randomuser.me/api 
 status=200, reason=OK 
 headers={'Date': 'Mon, 08 Apr 2024 13:15:21 GMT', 'Content-Type': 'application/json; charset=utf-8', 'Transfer-Encoding': 'chunked', 'Connection': 'keep-alive', 'X-Powered-By': 'Express', 'Access-Control-Allow-Origin': '*', 'Cache-Control': 'no-cache', 'ETag': 'W/"499-JUPYSiysR1oLQiBW0E71EgEnO5Y"', 'Vary': 'Accept-Encoding', 'Content-Encoding': 'gzip', 'CF-Cache-Status': 'DYNAMIC', 'Report-To': '{"endpoints":[{"url":"https:\\/\\/a.nel.cloudflare.com\\/report\\/v4?s=Fe0MKqv8o0XyrysGj2Ds5ei%2F2%2B1KRRmW5P1b4%2FiWn7DOJXztN2LQkRo%2F6Cngvk%2B6DsoMki%2F%2ByAt6WPcsDG9CSi%2ByAjkbdvUR9nNL62JloGYT8N6xoqPZE8DwSyoYrv1x"}],"group":"cf-nel","max_age":604800}', 'NEL': '{"success_fraction":0,"report_to":"cf-nel","max_age":604800}', 'Server': 'cloudflare', 'CF-RAY': '871286933e3c2a85-LAX', 'alt-svc': 'h3=":443"; ma=86400'} 
 body={"results":[{"gender":"male","name":{"title":"Mr","first":"Cildo","last":"Rezende"},"location":{"street":{"number":9523,"name":"Rua Rui Barbosa "},"city":"São Gonçalo","state":"Roraima","country":"Brazil","postcode":77173,"coordinates":{"latitude":"-79.1603","longitude":"-33.8126"},"timezone":{"offset":"-8:00","description":"Pacific Time (US &amp; Canada)"}},"email":"cildo.rezende@example.com","login":{"uuid":"3d2f9ddb-a395-4d38-bd91-b8f55ad96639","username":"organicbutterfly773","password":"skywalker","salt":"NnLuYpIE","md5":"6b53e59a9dc6630bf68458dd64d6075a","sha1":"146364e4dfddaf4193c866a4cbc983c2a181d22f","sha256":"100185bc6a8091e8b317354054e999eede02c5f63e352c9dcee1c100949e9094"},"dob":{"date":"1974-12-01T02:55:35.097Z","age":49},"registered":{"date":"2021-03-13T05:28:57.639Z","age":3},"phone":"(36) 8544-2584","cell":"(70) 7366-8745","id":{"name":"CPF","value":"452.726.988-24"},"picture":{"large":"https://randomuser.me/api/portraits/men/35.jpg","medium":"https://randomuser.me/api/portraits/med/men/35.jpg","thumbnail":"https://randomuser.me/api/portraits/thumb/men/35.jpg"},"nat":"BR"}],"info":{"seed":"15b631ec6a6acdd8","results":1,"page":1,"version":"1.4"}} 
 </msg>
<msg time="2024-04-08T13:15:21.559779" level="INFO">/opt/hostedtoolcache/Python/3.12.2/x64/lib/python3.12/site-packages/urllib3/connectionpool.py:1103: InsecureRequestWarning: Unverified HTTPS request is being made to host 'randomuser.me'. Adding certificate verification is strongly advised. See: https://urllib3.readthedocs.io/en/latest/advanced-usage.html#tls-warnings
  warnings.warn(</msg>
<msg time="2024-04-08T13:15:21.559925" level="INFO">${response} = &lt;Response [200]&gt;</msg>
<var>${response}</var>
<arg>consultarAPI</arg>
<arg>/api</arg>
<doc>Sends a GET request on a previously created HTTP Session.</doc>
<status status="PASS" start="2024-04-08T13:15:21.462057" elapsed="0.097911"/>
</kw>
<kw name="Set Variable" owner="BuiltIn">
<msg time="2024-04-08T13:15:21.561278" level="INFO">${json_data} = {'results': [{'gender': 'male', 'name': {'title': 'Mr', 'first': 'Cildo', 'last': 'Rezende'}, 'location': {'street': {'number': 9523, 'name': 'Rua Rui Barbosa '}, 'city': 'São Gonçalo', 'state': 'Rora...</msg>
<var>${json_data}</var>
<arg>${response.json()}</arg>
<doc>Returns the given values which can then be assigned to a variables.</doc>
<status status="PASS" start="2024-04-08T13:15:21.560673" elapsed="0.000636"/>
</kw>
<kw name="Log" owner="BuiltIn">
<msg time="2024-04-08T13:15:21.561818" level="INFO">{'results': [{'gender': 'male', 'name': {'title': 'Mr', 'first': 'Cildo', 'last': 'Rezende'}, 'location': {'street': {'number': 9523, 'name': 'Rua Rui Barbosa '}, 'city': 'São Gonçalo', 'state': 'Roraima', 'country': 'Brazil', 'postcode': 77173, 'coordinates': {'latitude': '-79.1603', 'longitude': '-33.8126'}, 'timezone': {'offset': '-8:00', 'description': 'Pacific Time (US &amp; Canada)'}}, 'email': 'cildo.rezende@example.com', 'login': {'uuid': '3d2f9ddb-a395-4d38-bd91-b8f55ad96639', 'username': 'organicbutterfly773', 'password': 'skywalker', 'salt': 'NnLuYpIE', 'md5': '6b53e59a9dc6630bf68458dd64d6075a', 'sha1': '146364e4dfddaf4193c866a4cbc983c2a181d22f', 'sha256': '100185bc6a8091e8b317354054e999eede02c5f63e352c9dcee1c100949e9094'}, 'dob': {'date': '1974-12-01T02:55:35.097Z', 'age': 49}, 'registered': {'date': '2021-03-13T05:28:57.639Z', 'age': 3}, 'phone': '(36) 8544-2584', 'cell': '(70) 7366-8745', 'id': {'name': 'CPF', 'value': '452.726.988-24'}, 'picture': {'large': 'https://randomuser.me/api/portraits/men/35.jpg', 'medium': 'https://randomuser.me/api/portraits/med/men/35.jpg', 'thumbnail': 'https://randomuser.me/api/portraits/thumb/men/35.jpg'}, 'nat': 'BR'}], 'info': {'seed': '15b631ec6a6acdd8', 'results': 1, 'page': 1, 'version': '1.4'}}</msg>
<arg>${json_data}</arg>
<doc>Logs the given message with the given level.</doc>
<status status="PASS" start="2024-04-08T13:15:21.561652" elapsed="0.000254"/>
</kw>
<kw name="Should Be Equal As Numbers" owner="BuiltIn">
<arg>${json_data['results'][0]['location']['postcode']}</arg>
<arg>${json_data['results'][0]['location']['postcode']}</arg>
<doc>Fails if objects are unequal after converting them to real numbers.</doc>
<status status="PASS" start="2024-04-08T13:15:21.562217" elapsed="0.000645"/>
</kw>
<kw name="Log" owner="BuiltIn">
<msg time="2024-04-08T13:15:21.563406" level="INFO">77173</msg>
<arg>${json_data['results'][0]['location']['postcode']}</arg>
<doc>Logs the given message with the given level.</doc>
<status status="PASS" start="2024-04-08T13:15:21.563065" elapsed="0.000382"/>
</kw>
<status status="PASS" start="2024-04-08T13:15:21.461814" elapsed="0.101894"/>
</kw>
<doc>Testa se os tipos de dados na resposta da API estão corretos.</doc>
<tag>testeTiposDados</tag>
<status status="PASS" start="2024-04-08T13:15:21.355363" elapsed="0.208525"/>
</test>
<test id="s1-s1-t5" name="Validar conteudo" line="35">
<kw name="Teste de Tipos de Conteudo" owner="random-user-service">
<kw name="GET On Session" owner="RequestsLibrary">
<msg time="2024-04-08T13:15:21.672936" level="INFO">GET Request : url=https://randomuser.me/api 
 path_url=/api 
 headers={'User-Agent': 'python-requests/2.31.0', 'Accept-Encoding': 'gzip, deflate', 'Accept': '*/*', 'Connection': 'keep-alive'} 
 body=None 
 </msg>
<msg time="2024-04-08T13:15:21.673050" level="INFO">GET Response : url=https://randomuser.me/api 
 status=200, reason=OK 
 headers={'Date': 'Mon, 08 Apr 2024 13:15:21 GMT', 'Content-Type': 'application/json; charset=utf-8', 'Transfer-Encoding': 'chunked', 'Connection': 'keep-alive', 'X-Powered-By': 'Express', 'Access-Control-Allow-Origin': '*', 'Cache-Control': 'no-cache', 'ETag': 'W/"48c-g2KUuajm+EVJyg+shsm5QwegS+w"', 'Vary': 'Accept-Encoding', 'Content-Encoding': 'gzip', 'CF-Cache-Status': 'DYNAMIC', 'Report-To': '{"endpoints":[{"url":"https:\\/\\/a.nel.cloudflare.com\\/report\\/v4?s=M4FEHWfGmKapvgq8MYgF7ZsgJmtYQTX0Y%2FUiGONvG1a8NV1qbAY%2FrAcqSdfeY0SETO%2Fhj7beoNXqEsCkH%2Fa15GVpo9ofpBiN0Nksbnk7mTFm2ciqgLUuO7inkMqWJ%2FX4"}],"group":"cf-nel","max_age":604800}', 'NEL': '{"success_fraction":0,"report_to":"cf-nel","max_age":604800}', 'Server': 'cloudflare', 'CF-RAY': '87128693deea2a85-LAX', 'alt-svc': 'h3=":443"; ma=86400'} 
 body={"results":[{"gender":"male","name":{"title":"Monsieur","first":"Wilhelm","last":"Laurent"},"location":{"street":{"number":5716,"name":"Place du 22 Novembre 1943"},"city":"Ramsen","state":"Solothurn","country":"Switzerland","postcode":1632,"coordinates":{"latitude":"-64.2297","longitude":"-177.5420"},"timezone":{"offset":"+4:30","description":"Kabul"}},"email":"wilhelm.laurent@example.com","login":{"uuid":"f7a94aaa-2402-43f5-a948-8afa17dce4d1","username":"crazylion596","password":"manny","salt":"ksdjm0wA","md5":"ed79df1095b760249b3046ac2e26195a","sha1":"1a661dd86d4d496d3916a0b3f452e066daef9921","sha256":"03528b7acab1c1fd7898e2f8f38d06e66937f7061e68fedf6b2aa694e8a73458"},"dob":{"date":"1981-06-03T18:20:55.805Z","age":42},"registered":{"date":"2022-02-24T14:33:38.919Z","age":2},"phone":"077 878 28 05","cell":"075 065 69 93","id":{"name":"AVS","value":"756.3783.4242.80"},"picture":{"large":"https://randomuser.me/api/portraits/men/64.jpg","medium":"https://randomuser.me/api/portraits/med/men/64.jpg","thumbnail":"https://randomuser.me/api/portraits/thumb/men/64.jpg"},"nat":"CH"}],"info":{"seed":"a8a7c8dafc58363b","results":1,"page":1,"version":"1.4"}} 
 </msg>
<msg time="2024-04-08T13:15:21.673121" level="INFO">/opt/hostedtoolcache/Python/3.12.2/x64/lib/python3.12/site-packages/urllib3/connectionpool.py:1103: InsecureRequestWarning: Unverified HTTPS request is being made to host 'randomuser.me'. Adding certificate verification is strongly advised. See: https://urllib3.readthedocs.io/en/latest/advanced-usage.html#tls-warnings
  warnings.warn(</msg>
<msg time="2024-04-08T13:15:21.673247" level="INFO">${response} = &lt;Response [200]&gt;</msg>
<var>${response}</var>
<arg>consultarAPI</arg>
<arg>/api</arg>
<doc>Sends a GET request on a previously created HTTP Session.</doc>
<status status="PASS" start="2024-04-08T13:15:21.566554" elapsed="0.106733"/>
</kw>
<kw name="Set Variable" owner="BuiltIn">
<msg time="2024-04-08T13:15:21.674526" level="INFO">${json_data} = {'results': [{'gender': 'male', 'name': {'title': 'Monsieur', 'first': 'Wilhelm', 'last': 'Laurent'}, 'location': {'street': {'number': 5716, 'name': 'Place du 22 Novembre 1943'}, 'city': 'Ramsen', 's...</msg>
<var>${json_data}</var>
<arg>${response.json()}</arg>
<doc>Returns the given values which can then be assigned to a variables.</doc>
<status status="PASS" start="2024-04-08T13:15:21.673942" elapsed="0.000613"/>
</kw>
<kw name="Set Variable" owner="BuiltIn">
<msg time="2024-04-08T13:15:21.675252" level="INFO">${name_title} = Monsieur</msg>
<var>${name_title}</var>
<arg>${json_data["results"][0]["name"]["title"]}</arg>
<doc>Returns the given values which can then be assigned to a variables.</doc>
<status status="PASS" start="2024-04-08T13:15:21.674865" elapsed="0.000412"/>
</kw>
<kw name="Create List" owner="BuiltIn">
<msg time="2024-04-08T13:15:21.675727" level="INFO">${allowed_titles} = ['Mr', 'Ms', 'Miss', 'Mrs', 'Madame', 'Monsieur']</msg>
<var>${allowed_titles}</var>
<arg>Mr</arg>
<arg>Ms</arg>
<arg>Miss</arg>
<arg>Mrs</arg>
<arg>Madame</arg>
<arg>Monsieur</arg>
<doc>Returns a list containing given items.</doc>
<status status="PASS" start="2024-04-08T13:15:21.675579" elapsed="0.000173"/>
</kw>
<kw name="List Should Contain Value" owner="Collections">
<msg time="2024-04-08T13:15:21.676321" level="INFO">False</msg>
<arg>${allowed_titles}</arg>
<arg>${name_title}</arg>
<doc>Fails if the ``value`` is not found from ``list``.</doc>
<status status="PASS" start="2024-04-08T13:15:21.676048" elapsed="0.000313"/>
</kw>
<kw name="Set Variable" owner="BuiltIn">
<msg time="2024-04-08T13:15:21.677048" level="INFO">${name_country} = CH</msg>
<var>${name_country}</var>
<arg>${json_data["results"][0]["nat"]}</arg>
<doc>Returns the given values which can then be assigned to a variables.</doc>
<status status="PASS" start="2024-04-08T13:15:21.676664" elapsed="0.000409"/>
</kw>
<kw name="Create List" owner="BuiltIn">
<msg time="2024-04-08T13:15:21.677994" level="INFO">${list_country} = ['AD', 'AE', 'AF', 'AG', 'AI', 'AL', 'AM', 'AO', 'AQ', 'AR', 'AS', 'AT', 'AU', 'AW', 'AX', 'AZ', 'BA', 'BB', 'BD', 'BE', 'BF', 'BG', 'BH', 'BI', 'BJ', 'BL', 'BM', 'BN', 'BO', 'BQ', 'BR', 'BS', 'BT', '...</msg>
<var>${list_country}</var>
<arg>AD</arg>
<arg>AE</arg>
<arg>AF</arg>
<arg>AG</arg>
<arg>AI</arg>
<arg>AL</arg>
<arg>AM</arg>
<arg>AO</arg>
<arg>AQ</arg>
<arg>AR</arg>
<arg>AS</arg>
<arg>AT</arg>
<arg>AU</arg>
<arg>AW</arg>
<arg>AX</arg>
<arg>AZ</arg>
<arg>BA</arg>
<arg>BB</arg>
<arg>BD</arg>
<arg>BE</arg>
<arg>BF</arg>
<arg>BG</arg>
<arg>BH</arg>
<arg>BI</arg>
<arg>BJ</arg>
<arg>BL</arg>
<arg>BM</arg>
<arg>BN</arg>
<arg>BO</arg>
<arg>BQ</arg>
<arg>BR</arg>
<arg>BS</arg>
<arg>BT</arg>
<arg>BV</arg>
<arg>BW</arg>
<arg>BY</arg>
<arg>BZ</arg>
<arg>CA</arg>
<arg>CC</arg>
<arg>CD</arg>
<arg>CF</arg>
<arg>CG</arg>
<arg>CH</arg>
<arg>CI</arg>
<arg>CK</arg>
<arg>CL</arg>
<arg>CM</arg>
<arg>CN</arg>
<arg>CO</arg>
<arg>CR</arg>
<arg>CU</arg>
<arg>CV</arg>
<arg>CW</arg>
<arg>CX</arg>
<arg>CY</arg>
<arg>CZ</arg>
<arg>DE</arg>
<arg>DJ</arg>
<arg>DK</arg>
<arg>DM</arg>
<arg>DO</arg>
<arg>DZ</arg>
<arg>EC</arg>
<arg>EE</arg>
<arg>EG</arg>
<arg>EH</arg>
<arg>ER</arg>
<arg>ES</arg>
<arg>ET</arg>
<arg>FI</arg>
<arg>FJ</arg>
<arg>FK</arg>
<arg>FM</arg>
<arg>FO</arg>
<arg>FR</arg>
<arg>GA</arg>
<arg>GB</arg>
<arg>GD</arg>
<arg>GE</arg>
<arg>GF</arg>
<arg>GG</arg>
<arg>GH</arg>
<arg>GI</arg>
<arg>GL</arg>
<arg>GM</arg>
<arg>GN</arg>
<arg>GP</arg>
<arg>GQ</arg>
<arg>GR</arg>
<arg>GS</arg>
<arg>GT</arg>
<arg>GU</arg>
<arg>GW</arg>
<arg>GY</arg>
<arg>HK</arg>
<arg>HM</arg>
<arg>HN</arg>
<arg>HR</arg>
<arg>HT</arg>
<arg>HU</arg>
<arg>ID</arg>
<arg>IE</arg>
<arg>IL</arg>
<arg>IM</arg>
<arg>IN</arg>
<arg>IO</arg>
<arg>IQ</arg>
<arg>IR</arg>
<arg>IS</arg>
<arg>IT</arg>
<arg>JE</arg>
<arg>JM</arg>
<arg>JO</arg>
<arg>JP</arg>
<arg>KE</arg>
<arg>KG</arg>
<arg>KH</arg>
<arg>KI</arg>
<arg>KM</arg>
<arg>KN</arg>
<arg>KP</arg>
<arg>KR</arg>
<arg>KW</arg>
<arg>KY</arg>
<arg>KZ</arg>
<arg>LA</arg>
<arg>LB</arg>
<arg>LC</arg>
<arg>LI</arg>
<arg>LK</arg>
<arg>LR</arg>
<arg>LS</arg>
<arg>LT</arg>
<arg>LU</arg>
<arg>LV</arg>
<arg>LY</arg>
<arg>MA</arg>
<arg>MC</arg>
<arg>MD</arg>
<arg>ME</arg>
<arg>MF</arg>
<arg>MG</arg>
<arg>MH</arg>
<arg>MK</arg>
<arg>ML</arg>
<arg>MM</arg>
<arg>MN</arg>
<arg>MO</arg>
<arg>MP</arg>
<arg>MQ</arg>
<arg>MR</arg>
<arg>MS</arg>
<arg>MT</arg>
<arg>MU</arg>
<arg>MV</arg>
<arg>MW</arg>
<arg>MX</arg>
<arg>MY</arg>
<arg>MZ</arg>
<arg>NA</arg>
<arg>NC</arg>
<arg>NE</arg>
<arg>NF</arg>
<arg>NG</arg>
<arg>NI</arg>
<arg>NL</arg>
<arg>NO</arg>
<arg>NP</arg>
<arg>NR</arg>
<arg>NU</arg>
<arg>NZ</arg>
<arg>OM</arg>
<arg>PA</arg>
<arg>PE</arg>
<arg>PF</arg>
<arg>PG</arg>
<arg>PH</arg>
<arg>PK</arg>
<arg>PL</arg>
<arg>PM</arg>
<arg>PN</arg>
<arg>PR</arg>
<arg>PS</arg>
<arg>PT</arg>
<arg>PW</arg>
<arg>PY</arg>
<arg>QA</arg>
<arg>RE</arg>
<arg>RO</arg>
<arg>RS</arg>
<arg>RU</arg>
<arg>RW</arg>
<arg>SA</arg>
<arg>SB</arg>
<arg>SC</arg>
<arg>SD</arg>
<arg>SE</arg>
<arg>SG</arg>
<arg>SH</arg>
<arg>SI</arg>
<arg>SJ</arg>
<arg>SK</arg>
<arg>SL</arg>
<arg>SM</arg>
<arg>SN</arg>
<arg>SO</arg>
<arg>SR</arg>
<arg>SS</arg>
<arg>ST</arg>
<arg>SV</arg>
<arg>SX</arg>
<arg>SY</arg>
<arg>SZ</arg>
<arg>TC</arg>
<arg>TD</arg>
<arg>TF</arg>
<arg>TG</arg>
<arg>TH</arg>
<arg>TJ</arg>
<arg>TK</arg>
<arg>TL</arg>
<arg>TM</arg>
<arg>TN</arg>
<arg>TO</arg>
<arg>TR</arg>
<arg>TT</arg>
<arg>TV</arg>
<arg>TW</arg>
<arg>TZ</arg>
<arg>UA</arg>
<arg>UG</arg>
<arg>UM</arg>
<arg>US</arg>
<arg>UY</arg>
<arg>UZ</arg>
<arg>VA</arg>
<arg>VC</arg>
<arg>VE</arg>
<arg>VG</arg>
<arg>VI</arg>
<arg>VN</arg>
<arg>VU</arg>
<arg>WF</arg>
<arg>WS</arg>
<arg>XK</arg>
<arg>YE</arg>
<arg>YT</arg>
<arg>ZA</arg>
<arg>ZM</arg>
<arg>ZW</arg>
<doc>Returns a list containing given items.</doc>
<status status="PASS" start="2024-04-08T13:15:21.677386" elapsed="0.000634"/>
</kw>
<kw name="List Should Contain Value" owner="Collections">
<msg time="2024-04-08T13:15:21.679027" level="INFO">False</msg>
<arg>${list_country}</arg>
<arg>${name_country}</arg>
<doc>Fails if the ``value`` is not found from ``list``.</doc>
<status status="PASS" start="2024-04-08T13:15:21.678824" elapsed="0.000241"/>
</kw>
<kw name="Run Keyword If" owner="BuiltIn">
<kw name="Should Be True" owner="BuiltIn">
<arg>${True}</arg>
<doc>Fails if the given condition is not true.</doc>
<status status="PASS" start="2024-04-08T13:15:21.680312" elapsed="0.000150"/>
</kw>
<arg>${json_data["results"][0]["location"]["coordinates"]["latitude"]} &gt;= -90 and ${json_data["results"][0]["location"]["coordinates"]["latitude"]} &lt;= 90</arg>
<arg>Should Be True</arg>
<arg>${True}</arg>
<doc>Runs the given keyword with the given arguments, if ``condition`` is true.</doc>
<status status="PASS" start="2024-04-08T13:15:21.679381" elapsed="0.001211"/>
</kw>
<kw name="Run Keyword If" owner="BuiltIn">
<kw name="Should Be True" owner="BuiltIn">
<arg>${True}</arg>
<doc>Fails if the given condition is not true.</doc>
<status status="PASS" start="2024-04-08T13:15:21.681473" elapsed="0.000139"/>
</kw>
<arg>${json_data["results"][0]["location"]["coordinates"]["longitude"]} &gt;= -180 and ${json_data["results"][0]["location"]["coordinates"]["longitude"]} &lt;= 180</arg>
<arg>Should Be True</arg>
<arg>${True}</arg>
<doc>Runs the given keyword with the given arguments, if ``condition`` is true.</doc>
<status status="PASS" start="2024-04-08T13:15:21.680778" elapsed="0.000959"/>
</kw>
<status status="PASS" start="2024-04-08T13:15:21.566318" elapsed="0.115552"/>
</kw>
<doc>Testa o conteúdo específico dos campos retornados pela API.</doc>
<tag>testeConteudo</tag>
<status status="PASS" start="2024-04-08T13:15:21.565746" elapsed="0.116277"/>
</test>
<status status="PASS" start="2024-04-08T13:15:20.590718" elapsed="1.093326"/>
</suite>
<status status="PASS" start="2024-04-08T13:15:20.576572" elapsed="1.113030"/>
</suite>
<statistics>
<total>
<stat pass="5" fail="0" skip="0">All Tests</stat>
</total>
<tag>
<stat pass="1" fail="0" skip="0">testeConteudo</stat>
<stat pass="1" fail="0" skip="0">testeEstruturaResposta</stat>
<stat pass="1" fail="0" skip="0">testeRequisicaoBasica</stat>
<stat pass="1" fail="0" skip="0">testeTiposDados</stat>
</tag>
<suite>
<stat pass="5" fail="0" skip="0" id="s1" name="Tests">Tests</stat>
<stat pass="5" fail="0" skip="0" id="s1-s1" name="Random-User-Test">Tests.Random-User-Test</stat>
</suite>
</statistics>
<errors>
</errors>
</robot>
