<?xml version="1.0" encoding="UTF-8"?>
<robot generator="Robot 6.0.2 (Python 3.11.8 on win32)" generated="20240320 09:07:16.267" rpa="false" schemaversion="3">
<suite id="s1" name="DesafioQA - Itau - Rogerio Jordao" source="C:\Users\Lenovo T480\OneDrive\Documentos\QAPROJETOS\DesafioQA - Itau - Rogerio Jordao">
<suite id="s1-s1" name="Tests" source="C:\Users\Lenovo T480\OneDrive\Documentos\QAPROJETOS\DesafioQA - Itau - Rogerio Jordao\tests">
<suite id="s1-s1-s1" name="Random-User-Test" source="C:\Users\Lenovo T480\OneDrive\Documentos\QAPROJETOS\DesafioQA - Itau - Rogerio Jordao\tests\random-user-test.robot">
<test id="s1-s1-s1-t1" name="Conectar" line="12">
<kw name="Conectar API" library="random-user-service">
<kw name="Create Session" library="RequestsLibrary">
<arg>consultarAPI</arg>
<arg>${URL}</arg>
<doc>Create Session: create a HTTP session to a server</doc>
<msg timestamp="20240320 09:07:19.225" level="INFO">Creating Session using : alias=consultarAPI, url=https://randomuser.me/, headers={},                     cookies={}, auth=None, timeout=None, proxies=None, verify=False,                     debug=0 </msg>
<status status="PASS" starttime="20240320 09:07:19.225" endtime="20240320 09:07:19.225"/>
</kw>
<status status="PASS" starttime="20240320 09:07:19.225" endtime="20240320 09:07:19.225"/>
</kw>
<status status="PASS" starttime="20240320 09:07:19.225" endtime="20240320 09:07:19.225"/>
</test>
<test id="s1-s1-s1-t2" name="Validar retorno 200 e JSON Válido" line="15">
<kw name="Teste de Requisicao Basica" library="random-user-service">
<kw name="GET On Session" library="RequestsLibrary">
<var>${response}</var>
<arg>consultarAPI</arg>
<arg>/api</arg>
<doc>Sends a GET request on a previously created HTTP Session.</doc>
<msg timestamp="20240320 09:07:19.640" level="INFO">GET Request : url=https://randomuser.me/api 
 path_url=/api 
 headers={'User-Agent': 'python-requests/2.28.2', 'Accept-Encoding': 'gzip, deflate', 'Accept': '*/*', 'Connection': 'keep-alive'} 
 body=None 
 </msg>
<msg timestamp="20240320 09:07:19.640" level="INFO">GET Response : url=https://randomuser.me/api 
 status=200, reason=OK 
 headers={'Date': 'Wed, 20 Mar 2024 12:07:19 GMT', 'Content-Type': 'application/json; charset=utf-8', 'Transfer-Encoding': 'chunked', 'Connection': 'keep-alive', 'X-Powered-By': 'Express', 'Access-Control-Allow-Origin': '*', 'Cache-Control': 'no-cache', 'ETag': 'W/"4a1-+zK8wiguL/oky0MGBRZuZbvpA2I"', 'Vary': 'Accept-Encoding', 'Content-Encoding': 'gzip', 'CF-Cache-Status': 'DYNAMIC', 'Report-To': '{"endpoints":[{"url":"https:\\/\\/a.nel.cloudflare.com\\/report\\/v4?s=6oNjEKrImGP4QBqhSRUL86zrkilsDzzutGzjQ%2F59XyzVTBLc5zMdv7cwqpQJuzFNkoJBt0HaEz8UqXu4n4CvzZDgK8%2BE%2BbwXrFD7kvLXV1ah1CXnCdZ80RUnbnplNuCNb1bUZQw6ki1Hrycv"}],"group":"cf-nel","max_age":604800}', 'NEL': '{"success_fraction":0,"report_to":"cf-nel","max_age":604800}', 'Server': 'cloudflare', 'CF-RAY': '867594c92d880294-GRU', 'alt-svc': 'h3=":443"; ma=86400'} 
 body={"results":[{"gender":"male","name":{"title":"Mr","first":"بردیا","last":"رضاییان"},"location":{"street":{"number":2431,"name":"شهید کشواد"},"city":"بجنورد","state":"خوزستان","country":"Iran","postcode":87787,"coordinates":{"latitude":"19.3097","longitude":"-35.0960"},"timezone":{"offset":"+5:00","description":"Ekaterinburg, Islamabad, Karachi, Tashkent"}},"email":"brdy.rdyyn@example.com","login":{"uuid":"43b3835d-6dba-4eba-9731-7cda71830388","username":"brownbutterfly496","password":"iwantu","salt":"zYTP4RNK","md5":"5fa25432671e6d4b7a7ce282e3610d16","sha1":"d1e2c80fecc54e798a597582a7f99f3cc7825df5","sha256":"79372c9912426ba0baad5d966a5cf8b3dbcbe63cd07e45f682485aca4c0cebde"},"dob":{"date":"1990-02-07T04:36:01.499Z","age":34},"registered":{"date":"2018-09-09T20:56:12.906Z","age":5},"phone":"040-52025531","cell":"0979-874-2020","id":{"name":"","value":null},"picture":{"large":"https://randomuser.me/api/portraits/men/63.jpg","medium":"https://randomuser.me/api/portraits/med/men/63.jpg","thumbnail":"https://randomuser.me/api/portraits/thumb/men/63.jpg"},"nat":"IR"}],"info":{"seed":"317c58108eaad365","results":1,"page":1,"version":"1.4"}} 
 </msg>
<msg timestamp="20240320 09:07:19.657" level="INFO">C:\Users\Lenovo T480\AppData\Local\Packages\PythonSoftwareFoundation.Python.3.11_qbz5n2kfra8p0\LocalCache\local-packages\Python311\site-packages\urllib3\connectionpool.py:1045: InsecureRequestWarning: Unverified HTTPS request is being made to host 'randomuser.me'. Adding certificate verification is strongly advised. See: https://urllib3.readthedocs.io/en/1.26.x/advanced-usage.html#ssl-warnings
  warnings.warn(</msg>
<msg timestamp="20240320 09:07:19.658" level="INFO">${response} = &lt;Response [200]&gt;</msg>
<status status="PASS" starttime="20240320 09:07:19.241" endtime="20240320 09:07:19.658"/>
</kw>
<kw name="Should Be Equal As Numbers" library="BuiltIn">
<arg>${response.status_code}</arg>
<arg>200</arg>
<doc>Fails if objects are unequal after converting them to real numbers.</doc>
<msg timestamp="20240320 09:07:19.658" level="INFO">Argument types are:
&lt;class 'int'&gt;
&lt;class 'str'&gt;</msg>
<status status="PASS" starttime="20240320 09:07:19.658" endtime="20240320 09:07:19.658"/>
</kw>
<kw name="Log" library="BuiltIn">
<arg>${response.status_code}</arg>
<doc>Logs the given message with the given level.</doc>
<msg timestamp="20240320 09:07:19.658" level="INFO">200</msg>
<status status="PASS" starttime="20240320 09:07:19.658" endtime="20240320 09:07:19.658"/>
</kw>
<kw name="Set Variable" library="BuiltIn">
<var>${json_data}</var>
<arg>${response.json()}</arg>
<doc>Returns the given values which can then be assigned to a variables.</doc>
<msg timestamp="20240320 09:07:19.658" level="INFO">${json_data} = {'results': [{'gender': 'male', 'name': {'title': 'Mr', 'first': 'بردیا', 'last': 'رضاییان'}, 'location': {'street': {'number': 2431, 'name': 'شهید کشواد'}, 'city': 'بجنورد', 'state': 'خوزستان', 'coun...</msg>
<status status="PASS" starttime="20240320 09:07:19.658" endtime="20240320 09:07:19.658"/>
</kw>
<kw name="Dictionary Should Contain Key" library="Collections">
<arg>${json_data}</arg>
<arg>results</arg>
<doc>Fails if ``key`` is not found from ``dictionary``.</doc>
<status status="PASS" starttime="20240320 09:07:19.658" endtime="20240320 09:07:19.658"/>
</kw>
<status status="PASS" starttime="20240320 09:07:19.241" endtime="20240320 09:07:19.658"/>
</kw>
<doc>Testa se a API responde corretamente e retorna um objeto JSON válido.</doc>
<tag>testeRequisicaoBasica</tag>
<status status="PASS" starttime="20240320 09:07:19.241" endtime="20240320 09:07:19.658"/>
</test>
<test id="s1-s1-s1-t3" name="Validar estrutura de resposta" line="21">
<kw name="Teste de Estrutura de Resposta" library="random-user-service">
<kw name="GET On Session" library="RequestsLibrary">
<var>${response}</var>
<arg>consultarAPI</arg>
<arg>/api</arg>
<doc>Sends a GET request on a previously created HTTP Session.</doc>
<msg timestamp="20240320 09:07:19.806" level="INFO">GET Request : url=https://randomuser.me/api 
 path_url=/api 
 headers={'User-Agent': 'python-requests/2.28.2', 'Accept-Encoding': 'gzip, deflate', 'Accept': '*/*', 'Connection': 'keep-alive'} 
 body=None 
 </msg>
<msg timestamp="20240320 09:07:19.806" level="INFO">GET Response : url=https://randomuser.me/api 
 status=200, reason=OK 
 headers={'Date': 'Wed, 20 Mar 2024 12:07:19 GMT', 'Content-Type': 'application/json; charset=utf-8', 'Transfer-Encoding': 'chunked', 'Connection': 'keep-alive', 'X-Powered-By': 'Express', 'Access-Control-Allow-Origin': '*', 'Cache-Control': 'no-cache', 'ETag': 'W/"488-IJzz5gk+O6RxqMo9MHQEUC2bXw0"', 'Vary': 'Accept-Encoding', 'Content-Encoding': 'gzip', 'CF-Cache-Status': 'DYNAMIC', 'Report-To': '{"endpoints":[{"url":"https:\\/\\/a.nel.cloudflare.com\\/report\\/v4?s=FXOG7q4e0mXE2YEfqcEl5rmalOtVTRlHgJNRIA0VICy2Phkwhjuit5FNGI%2FvW0Pj3Glm7myrWZawqA8huvH74mA5ZarRpv1jpG0nqpdSCwFpOFd%2BVWRAsjgSZZckjlOlGDym%2FKgwP1vaFnWD"}],"group":"cf-nel","max_age":604800}', 'NEL': '{"success_fraction":0,"report_to":"cf-nel","max_age":604800}', 'Server': 'cloudflare', 'CF-RAY': '867594ca5ea70294-GRU', 'alt-svc': 'h3=":443"; ma=86400'} 
 body={"results":[{"gender":"male","name":{"title":"Mr","first":"Rasmus","last":"Nielsen"},"location":{"street":{"number":9059,"name":"Dæmningen"},"city":"Samsø","state":"Midtjylland","country":"Denmark","postcode":58860,"coordinates":{"latitude":"-40.8017","longitude":"-94.8656"},"timezone":{"offset":"+9:00","description":"Tokyo, Seoul, Osaka, Sapporo, Yakutsk"}},"email":"rasmus.nielsen@example.com","login":{"uuid":"caee2b68-9434-4e4c-b916-ee792d77e31d","username":"biggorilla938","password":"maynard","salt":"Jtpt4sWQ","md5":"740d0b1eb66d0bb597be2d71dbd0c8e0","sha1":"c122f96e072b9ad2aa2201c49e3dd4e2c534b0e5","sha256":"4397a1fe4389c047e961093fc39afc97b4a7b2e686b0b525be392908acd905d1"},"dob":{"date":"1996-05-23T13:32:36.946Z","age":27},"registered":{"date":"2011-08-15T14:54:02.429Z","age":12},"phone":"18448218","cell":"59698203","id":{"name":"CPR","value":"230596-9446"},"picture":{"large":"https://randomuser.me/api/portraits/men/58.jpg","medium":"https://randomuser.me/api/portraits/med/men/58.jpg","thumbnail":"https://randomuser.me/api/portraits/thumb/men/58.jpg"},"nat":"DK"}],"info":{"seed":"616df07b45154cfd","results":1,"page":1,"version":"1.4"}} 
 </msg>
<msg timestamp="20240320 09:07:19.806" level="INFO">C:\Users\Lenovo T480\AppData\Local\Packages\PythonSoftwareFoundation.Python.3.11_qbz5n2kfra8p0\LocalCache\local-packages\Python311\site-packages\urllib3\connectionpool.py:1045: InsecureRequestWarning: Unverified HTTPS request is being made to host 'randomuser.me'. Adding certificate verification is strongly advised. See: https://urllib3.readthedocs.io/en/1.26.x/advanced-usage.html#ssl-warnings
  warnings.warn(</msg>
<msg timestamp="20240320 09:07:19.806" level="INFO">${response} = &lt;Response [200]&gt;</msg>
<status status="PASS" starttime="20240320 09:07:19.658" endtime="20240320 09:07:19.806"/>
</kw>
<kw name="Set Variable" library="BuiltIn">
<var>${json_data}</var>
<arg>${response.json()}</arg>
<doc>Returns the given values which can then be assigned to a variables.</doc>
<msg timestamp="20240320 09:07:19.822" level="INFO">${json_data} = {'results': [{'gender': 'male', 'name': {'title': 'Mr', 'first': 'Rasmus', 'last': 'Nielsen'}, 'location': {'street': {'number': 9059, 'name': 'Dæmningen'}, 'city': 'Samsø', 'state': 'Midtjylland', 'c...</msg>
<status status="PASS" starttime="20240320 09:07:19.820" endtime="20240320 09:07:19.822"/>
</kw>
<kw name="Log" library="BuiltIn">
<arg>${json_data}</arg>
<doc>Logs the given message with the given level.</doc>
<msg timestamp="20240320 09:07:19.822" level="INFO">{'results': [{'gender': 'male', 'name': {'title': 'Mr', 'first': 'Rasmus', 'last': 'Nielsen'}, 'location': {'street': {'number': 9059, 'name': 'Dæmningen'}, 'city': 'Samsø', 'state': 'Midtjylland', 'country': 'Denmark', 'postcode': 58860, 'coordinates': {'latitude': '-40.8017', 'longitude': '-94.8656'}, 'timezone': {'offset': '+9:00', 'description': 'Tokyo, Seoul, Osaka, Sapporo, Yakutsk'}}, 'email': 'rasmus.nielsen@example.com', 'login': {'uuid': 'caee2b68-9434-4e4c-b916-ee792d77e31d', 'username': 'biggorilla938', 'password': 'maynard', 'salt': 'Jtpt4sWQ', 'md5': '740d0b1eb66d0bb597be2d71dbd0c8e0', 'sha1': 'c122f96e072b9ad2aa2201c49e3dd4e2c534b0e5', 'sha256': '4397a1fe4389c047e961093fc39afc97b4a7b2e686b0b525be392908acd905d1'}, 'dob': {'date': '1996-05-23T13:32:36.946Z', 'age': 27}, 'registered': {'date': '2011-08-15T14:54:02.429Z', 'age': 12}, 'phone': '18448218', 'cell': '59698203', 'id': {'name': 'CPR', 'value': '230596-9446'}, 'picture': {'large': 'https://randomuser.me/api/portraits/men/58.jpg', 'medium': 'https://randomuser.me/api/portraits/med/men/58.jpg', 'thumbnail': 'https://randomuser.me/api/portraits/thumb/men/58.jpg'}, 'nat': 'DK'}], 'info': {'seed': '616df07b45154cfd', 'results': 1, 'page': 1, 'version': '1.4'}}</msg>
<status status="PASS" starttime="20240320 09:07:19.822" endtime="20240320 09:07:19.822"/>
</kw>
<kw name="Dictionary Should Contain Key" library="Collections">
<arg>${json_data}</arg>
<arg>results</arg>
<doc>Fails if ``key`` is not found from ``dictionary``.</doc>
<status status="PASS" starttime="20240320 09:07:19.822" endtime="20240320 09:07:19.822"/>
</kw>
<kw name="Should Not Be Empty" library="BuiltIn">
<arg>${json_data}</arg>
<doc>Verifies that the given item is not empty.</doc>
<msg timestamp="20240320 09:07:19.822" level="INFO">Length is 2</msg>
<status status="PASS" starttime="20240320 09:07:19.822" endtime="20240320 09:07:19.822"/>
</kw>
<kw name="Create List" library="BuiltIn">
<var>${expected_keys}</var>
<arg>gender</arg>
<arg>name</arg>
<arg>location</arg>
<arg>email</arg>
<arg>login</arg>
<doc>Returns a list containing given items.</doc>
<msg timestamp="20240320 09:07:19.822" level="INFO">${expected_keys} = ['gender', 'name', 'location', 'email', 'login']</msg>
<status status="PASS" starttime="20240320 09:07:19.822" endtime="20240320 09:07:19.822"/>
</kw>
<for flavor="IN">
<var>${key}</var>
<value>@{expected_keys}</value>
<iter>
<var name="${key}">gender</var>
<kw name="Dictionary Should Contain Key" library="Collections">
<arg>${json_data['results'][0]}</arg>
<arg>${key}</arg>
<doc>Fails if ``key`` is not found from ``dictionary``.</doc>
<status status="PASS" starttime="20240320 09:07:19.822" endtime="20240320 09:07:19.822"/>
</kw>
<kw name="Log" library="BuiltIn">
<arg>${json_data['results'][0]}</arg>
<doc>Logs the given message with the given level.</doc>
<msg timestamp="20240320 09:07:19.822" level="INFO">{'gender': 'male', 'name': {'title': 'Mr', 'first': 'Rasmus', 'last': 'Nielsen'}, 'location': {'street': {'number': 9059, 'name': 'Dæmningen'}, 'city': 'Samsø', 'state': 'Midtjylland', 'country': 'Denmark', 'postcode': 58860, 'coordinates': {'latitude': '-40.8017', 'longitude': '-94.8656'}, 'timezone': {'offset': '+9:00', 'description': 'Tokyo, Seoul, Osaka, Sapporo, Yakutsk'}}, 'email': 'rasmus.nielsen@example.com', 'login': {'uuid': 'caee2b68-9434-4e4c-b916-ee792d77e31d', 'username': 'biggorilla938', 'password': 'maynard', 'salt': 'Jtpt4sWQ', 'md5': '740d0b1eb66d0bb597be2d71dbd0c8e0', 'sha1': 'c122f96e072b9ad2aa2201c49e3dd4e2c534b0e5', 'sha256': '4397a1fe4389c047e961093fc39afc97b4a7b2e686b0b525be392908acd905d1'}, 'dob': {'date': '1996-05-23T13:32:36.946Z', 'age': 27}, 'registered': {'date': '2011-08-15T14:54:02.429Z', 'age': 12}, 'phone': '18448218', 'cell': '59698203', 'id': {'name': 'CPR', 'value': '230596-9446'}, 'picture': {'large': 'https://randomuser.me/api/portraits/men/58.jpg', 'medium': 'https://randomuser.me/api/portraits/med/men/58.jpg', 'thumbnail': 'https://randomuser.me/api/portraits/thumb/men/58.jpg'}, 'nat': 'DK'}</msg>
<status status="PASS" starttime="20240320 09:07:19.822" endtime="20240320 09:07:19.822"/>
</kw>
<kw name="Log" library="BuiltIn">
<arg>${key}</arg>
<doc>Logs the given message with the given level.</doc>
<msg timestamp="20240320 09:07:19.822" level="INFO">gender</msg>
<status status="PASS" starttime="20240320 09:07:19.822" endtime="20240320 09:07:19.822"/>
</kw>
<status status="PASS" starttime="20240320 09:07:19.822" endtime="20240320 09:07:19.822"/>
</iter>
<iter>
<var name="${key}">name</var>
<kw name="Dictionary Should Contain Key" library="Collections">
<arg>${json_data['results'][0]}</arg>
<arg>${key}</arg>
<doc>Fails if ``key`` is not found from ``dictionary``.</doc>
<status status="PASS" starttime="20240320 09:07:19.822" endtime="20240320 09:07:19.822"/>
</kw>
<kw name="Log" library="BuiltIn">
<arg>${json_data['results'][0]}</arg>
<doc>Logs the given message with the given level.</doc>
<msg timestamp="20240320 09:07:19.822" level="INFO">{'gender': 'male', 'name': {'title': 'Mr', 'first': 'Rasmus', 'last': 'Nielsen'}, 'location': {'street': {'number': 9059, 'name': 'Dæmningen'}, 'city': 'Samsø', 'state': 'Midtjylland', 'country': 'Denmark', 'postcode': 58860, 'coordinates': {'latitude': '-40.8017', 'longitude': '-94.8656'}, 'timezone': {'offset': '+9:00', 'description': 'Tokyo, Seoul, Osaka, Sapporo, Yakutsk'}}, 'email': 'rasmus.nielsen@example.com', 'login': {'uuid': 'caee2b68-9434-4e4c-b916-ee792d77e31d', 'username': 'biggorilla938', 'password': 'maynard', 'salt': 'Jtpt4sWQ', 'md5': '740d0b1eb66d0bb597be2d71dbd0c8e0', 'sha1': 'c122f96e072b9ad2aa2201c49e3dd4e2c534b0e5', 'sha256': '4397a1fe4389c047e961093fc39afc97b4a7b2e686b0b525be392908acd905d1'}, 'dob': {'date': '1996-05-23T13:32:36.946Z', 'age': 27}, 'registered': {'date': '2011-08-15T14:54:02.429Z', 'age': 12}, 'phone': '18448218', 'cell': '59698203', 'id': {'name': 'CPR', 'value': '230596-9446'}, 'picture': {'large': 'https://randomuser.me/api/portraits/men/58.jpg', 'medium': 'https://randomuser.me/api/portraits/med/men/58.jpg', 'thumbnail': 'https://randomuser.me/api/portraits/thumb/men/58.jpg'}, 'nat': 'DK'}</msg>
<status status="PASS" starttime="20240320 09:07:19.822" endtime="20240320 09:07:19.822"/>
</kw>
<kw name="Log" library="BuiltIn">
<arg>${key}</arg>
<doc>Logs the given message with the given level.</doc>
<msg timestamp="20240320 09:07:19.822" level="INFO">name</msg>
<status status="PASS" starttime="20240320 09:07:19.822" endtime="20240320 09:07:19.822"/>
</kw>
<status status="PASS" starttime="20240320 09:07:19.822" endtime="20240320 09:07:19.822"/>
</iter>
<iter>
<var name="${key}">location</var>
<kw name="Dictionary Should Contain Key" library="Collections">
<arg>${json_data['results'][0]}</arg>
<arg>${key}</arg>
<doc>Fails if ``key`` is not found from ``dictionary``.</doc>
<status status="PASS" starttime="20240320 09:07:19.822" endtime="20240320 09:07:19.822"/>
</kw>
<kw name="Log" library="BuiltIn">
<arg>${json_data['results'][0]}</arg>
<doc>Logs the given message with the given level.</doc>
<msg timestamp="20240320 09:07:19.838" level="INFO">{'gender': 'male', 'name': {'title': 'Mr', 'first': 'Rasmus', 'last': 'Nielsen'}, 'location': {'street': {'number': 9059, 'name': 'Dæmningen'}, 'city': 'Samsø', 'state': 'Midtjylland', 'country': 'Denmark', 'postcode': 58860, 'coordinates': {'latitude': '-40.8017', 'longitude': '-94.8656'}, 'timezone': {'offset': '+9:00', 'description': 'Tokyo, Seoul, Osaka, Sapporo, Yakutsk'}}, 'email': 'rasmus.nielsen@example.com', 'login': {'uuid': 'caee2b68-9434-4e4c-b916-ee792d77e31d', 'username': 'biggorilla938', 'password': 'maynard', 'salt': 'Jtpt4sWQ', 'md5': '740d0b1eb66d0bb597be2d71dbd0c8e0', 'sha1': 'c122f96e072b9ad2aa2201c49e3dd4e2c534b0e5', 'sha256': '4397a1fe4389c047e961093fc39afc97b4a7b2e686b0b525be392908acd905d1'}, 'dob': {'date': '1996-05-23T13:32:36.946Z', 'age': 27}, 'registered': {'date': '2011-08-15T14:54:02.429Z', 'age': 12}, 'phone': '18448218', 'cell': '59698203', 'id': {'name': 'CPR', 'value': '230596-9446'}, 'picture': {'large': 'https://randomuser.me/api/portraits/men/58.jpg', 'medium': 'https://randomuser.me/api/portraits/med/men/58.jpg', 'thumbnail': 'https://randomuser.me/api/portraits/thumb/men/58.jpg'}, 'nat': 'DK'}</msg>
<status status="PASS" starttime="20240320 09:07:19.822" endtime="20240320 09:07:19.838"/>
</kw>
<kw name="Log" library="BuiltIn">
<arg>${key}</arg>
<doc>Logs the given message with the given level.</doc>
<msg timestamp="20240320 09:07:19.839" level="INFO">location</msg>
<status status="PASS" starttime="20240320 09:07:19.838" endtime="20240320 09:07:19.839"/>
</kw>
<status status="PASS" starttime="20240320 09:07:19.822" endtime="20240320 09:07:19.839"/>
</iter>
<iter>
<var name="${key}">email</var>
<kw name="Dictionary Should Contain Key" library="Collections">
<arg>${json_data['results'][0]}</arg>
<arg>${key}</arg>
<doc>Fails if ``key`` is not found from ``dictionary``.</doc>
<status status="PASS" starttime="20240320 09:07:19.841" endtime="20240320 09:07:19.841"/>
</kw>
<kw name="Log" library="BuiltIn">
<arg>${json_data['results'][0]}</arg>
<doc>Logs the given message with the given level.</doc>
<msg timestamp="20240320 09:07:19.843" level="INFO">{'gender': 'male', 'name': {'title': 'Mr', 'first': 'Rasmus', 'last': 'Nielsen'}, 'location': {'street': {'number': 9059, 'name': 'Dæmningen'}, 'city': 'Samsø', 'state': 'Midtjylland', 'country': 'Denmark', 'postcode': 58860, 'coordinates': {'latitude': '-40.8017', 'longitude': '-94.8656'}, 'timezone': {'offset': '+9:00', 'description': 'Tokyo, Seoul, Osaka, Sapporo, Yakutsk'}}, 'email': 'rasmus.nielsen@example.com', 'login': {'uuid': 'caee2b68-9434-4e4c-b916-ee792d77e31d', 'username': 'biggorilla938', 'password': 'maynard', 'salt': 'Jtpt4sWQ', 'md5': '740d0b1eb66d0bb597be2d71dbd0c8e0', 'sha1': 'c122f96e072b9ad2aa2201c49e3dd4e2c534b0e5', 'sha256': '4397a1fe4389c047e961093fc39afc97b4a7b2e686b0b525be392908acd905d1'}, 'dob': {'date': '1996-05-23T13:32:36.946Z', 'age': 27}, 'registered': {'date': '2011-08-15T14:54:02.429Z', 'age': 12}, 'phone': '18448218', 'cell': '59698203', 'id': {'name': 'CPR', 'value': '230596-9446'}, 'picture': {'large': 'https://randomuser.me/api/portraits/men/58.jpg', 'medium': 'https://randomuser.me/api/portraits/med/men/58.jpg', 'thumbnail': 'https://randomuser.me/api/portraits/thumb/men/58.jpg'}, 'nat': 'DK'}</msg>
<status status="PASS" starttime="20240320 09:07:19.842" endtime="20240320 09:07:19.843"/>
</kw>
<kw name="Log" library="BuiltIn">
<arg>${key}</arg>
<doc>Logs the given message with the given level.</doc>
<msg timestamp="20240320 09:07:19.844" level="INFO">email</msg>
<status status="PASS" starttime="20240320 09:07:19.843" endtime="20240320 09:07:19.844"/>
</kw>
<status status="PASS" starttime="20240320 09:07:19.840" endtime="20240320 09:07:19.844"/>
</iter>
<iter>
<var name="${key}">login</var>
<kw name="Dictionary Should Contain Key" library="Collections">
<arg>${json_data['results'][0]}</arg>
<arg>${key}</arg>
<doc>Fails if ``key`` is not found from ``dictionary``.</doc>
<status status="PASS" starttime="20240320 09:07:19.844" endtime="20240320 09:07:19.844"/>
</kw>
<kw name="Log" library="BuiltIn">
<arg>${json_data['results'][0]}</arg>
<doc>Logs the given message with the given level.</doc>
<msg timestamp="20240320 09:07:19.844" level="INFO">{'gender': 'male', 'name': {'title': 'Mr', 'first': 'Rasmus', 'last': 'Nielsen'}, 'location': {'street': {'number': 9059, 'name': 'Dæmningen'}, 'city': 'Samsø', 'state': 'Midtjylland', 'country': 'Denmark', 'postcode': 58860, 'coordinates': {'latitude': '-40.8017', 'longitude': '-94.8656'}, 'timezone': {'offset': '+9:00', 'description': 'Tokyo, Seoul, Osaka, Sapporo, Yakutsk'}}, 'email': 'rasmus.nielsen@example.com', 'login': {'uuid': 'caee2b68-9434-4e4c-b916-ee792d77e31d', 'username': 'biggorilla938', 'password': 'maynard', 'salt': 'Jtpt4sWQ', 'md5': '740d0b1eb66d0bb597be2d71dbd0c8e0', 'sha1': 'c122f96e072b9ad2aa2201c49e3dd4e2c534b0e5', 'sha256': '4397a1fe4389c047e961093fc39afc97b4a7b2e686b0b525be392908acd905d1'}, 'dob': {'date': '1996-05-23T13:32:36.946Z', 'age': 27}, 'registered': {'date': '2011-08-15T14:54:02.429Z', 'age': 12}, 'phone': '18448218', 'cell': '59698203', 'id': {'name': 'CPR', 'value': '230596-9446'}, 'picture': {'large': 'https://randomuser.me/api/portraits/men/58.jpg', 'medium': 'https://randomuser.me/api/portraits/med/men/58.jpg', 'thumbnail': 'https://randomuser.me/api/portraits/thumb/men/58.jpg'}, 'nat': 'DK'}</msg>
<status status="PASS" starttime="20240320 09:07:19.844" endtime="20240320 09:07:19.844"/>
</kw>
<kw name="Log" library="BuiltIn">
<arg>${key}</arg>
<doc>Logs the given message with the given level.</doc>
<msg timestamp="20240320 09:07:19.844" level="INFO">login</msg>
<status status="PASS" starttime="20240320 09:07:19.844" endtime="20240320 09:07:19.844"/>
</kw>
<status status="PASS" starttime="20240320 09:07:19.844" endtime="20240320 09:07:19.844"/>
</iter>
<status status="PASS" starttime="20240320 09:07:19.822" endtime="20240320 09:07:19.844"/>
</for>
<kw name="Create List" library="BuiltIn">
<var>${expected_keysTwo}</var>
<arg>username</arg>
<arg>password</arg>
<doc>Returns a list containing given items.</doc>
<msg timestamp="20240320 09:07:19.844" level="INFO">${expected_keysTwo} = ['username', 'password']</msg>
<status status="PASS" starttime="20240320 09:07:19.844" endtime="20240320 09:07:19.844"/>
</kw>
<for flavor="IN">
<var>${keyTwo}</var>
<value>@{expected_keysTwo}</value>
<iter>
<var name="${keyTwo}">username</var>
<kw name="Dictionary Should Contain Key" library="Collections">
<arg>${json_data['results'][0]['login']}</arg>
<arg>${keyTwo}</arg>
<doc>Fails if ``key`` is not found from ``dictionary``.</doc>
<status status="PASS" starttime="20240320 09:07:19.844" endtime="20240320 09:07:19.844"/>
</kw>
<kw name="Dictionary Should Contain Key" library="Collections">
<arg>${json_data['results'][0]['login']}</arg>
<arg>${keyTwo}</arg>
<doc>Fails if ``key`` is not found from ``dictionary``.</doc>
<status status="PASS" starttime="20240320 09:07:19.844" endtime="20240320 09:07:19.844"/>
</kw>
<kw name="Log" library="BuiltIn">
<arg>${keyTwo}</arg>
<doc>Logs the given message with the given level.</doc>
<msg timestamp="20240320 09:07:19.844" level="INFO">username</msg>
<status status="PASS" starttime="20240320 09:07:19.844" endtime="20240320 09:07:19.844"/>
</kw>
<status status="PASS" starttime="20240320 09:07:19.844" endtime="20240320 09:07:19.844"/>
</iter>
<iter>
<var name="${keyTwo}">password</var>
<kw name="Dictionary Should Contain Key" library="Collections">
<arg>${json_data['results'][0]['login']}</arg>
<arg>${keyTwo}</arg>
<doc>Fails if ``key`` is not found from ``dictionary``.</doc>
<status status="PASS" starttime="20240320 09:07:19.844" endtime="20240320 09:07:19.855"/>
</kw>
<kw name="Dictionary Should Contain Key" library="Collections">
<arg>${json_data['results'][0]['login']}</arg>
<arg>${keyTwo}</arg>
<doc>Fails if ``key`` is not found from ``dictionary``.</doc>
<status status="PASS" starttime="20240320 09:07:19.855" endtime="20240320 09:07:19.856"/>
</kw>
<kw name="Log" library="BuiltIn">
<arg>${keyTwo}</arg>
<doc>Logs the given message with the given level.</doc>
<msg timestamp="20240320 09:07:19.857" level="INFO">password</msg>
<status status="PASS" starttime="20240320 09:07:19.856" endtime="20240320 09:07:19.857"/>
</kw>
<status status="PASS" starttime="20240320 09:07:19.844" endtime="20240320 09:07:19.858"/>
</iter>
<status status="PASS" starttime="20240320 09:07:19.844" endtime="20240320 09:07:19.858"/>
</for>
<status status="PASS" starttime="20240320 09:07:19.658" endtime="20240320 09:07:19.858"/>
</kw>
<doc>Testa a estrutura da resposta da API.</doc>
<tag>testeEstruturaResposta</tag>
<status status="PASS" starttime="20240320 09:07:19.658" endtime="20240320 09:07:19.859"/>
</test>
<test id="s1-s1-s1-t4" name="Validar tipos de dados" line="27">
<kw name="Teste de Tipos de Dados" library="random-user-service">
<kw name="GET On Session" library="RequestsLibrary">
<var>${response}</var>
<arg>consultarAPI</arg>
<arg>/api</arg>
<doc>Sends a GET request on a previously created HTTP Session.</doc>
<msg timestamp="20240320 09:07:20.023" level="INFO">GET Request : url=https://randomuser.me/api 
 path_url=/api 
 headers={'User-Agent': 'python-requests/2.28.2', 'Accept-Encoding': 'gzip, deflate', 'Accept': '*/*', 'Connection': 'keep-alive'} 
 body=None 
 </msg>
<msg timestamp="20240320 09:07:20.023" level="INFO">GET Response : url=https://randomuser.me/api 
 status=200, reason=OK 
 headers={'Date': 'Wed, 20 Mar 2024 12:07:19 GMT', 'Content-Type': 'application/json; charset=utf-8', 'Transfer-Encoding': 'chunked', 'Connection': 'keep-alive', 'X-Powered-By': 'Express', 'Access-Control-Allow-Origin': '*', 'Cache-Control': 'no-cache', 'ETag': 'W/"486-qH57LSuBuJV//QCgNBmMe024THA"', 'Vary': 'Accept-Encoding', 'Content-Encoding': 'gzip', 'CF-Cache-Status': 'DYNAMIC', 'Report-To': '{"endpoints":[{"url":"https:\\/\\/a.nel.cloudflare.com\\/report\\/v4?s=sp0822Ri0OEPR3u3Tx5ANdm0g5EimV5QRuA5OmsHswOn4Vstmv72a6YGxjG4xNYsc6i%2F1Lg5W8xOrAWCGQsXTiAl%2FUl3XEsS504guyk%2FL2Mr7w23ajPzlo92j%2BrmWSTkNOYRHIwJJRK%2BeCpS"}],"group":"cf-nel","max_age":604800}', 'NEL': '{"success_fraction":0,"report_to":"cf-nel","max_age":604800}', 'Server': 'cloudflare', 'CF-RAY': '867594cb9fbf0294-GRU', 'alt-svc': 'h3=":443"; ma=86400'} 
 body={"results":[{"gender":"male","name":{"title":"Mr","first":"Toby","last":"Patel"},"location":{"street":{"number":8319,"name":"Pioneer Highway"},"city":"Rotorua","state":"Marlborough","country":"New Zealand","postcode":85722,"coordinates":{"latitude":"49.2390","longitude":"-23.7596"},"timezone":{"offset":"+3:00","description":"Baghdad, Riyadh, Moscow, St. Petersburg"}},"email":"toby.patel@example.com","login":{"uuid":"f98dab6d-5c20-4af5-a2ee-3eb305457944","username":"tinytiger322","password":"bull","salt":"wVjcQ7v3","md5":"d1143723320b5ef4af5a720f2b234b7b","sha1":"a7e7ae591b04a125b89c9e5632105b4f9ba4f861","sha256":"22887ebdd6038ce0bc008aec509c865857e33fec88a4cf9f221bc9c5eba81774"},"dob":{"date":"1995-09-02T07:46:33.476Z","age":28},"registered":{"date":"2017-01-01T09:03:27.612Z","age":7},"phone":"(032)-346-3358","cell":"(615)-276-4304","id":{"name":"","value":null},"picture":{"large":"https://randomuser.me/api/portraits/men/20.jpg","medium":"https://randomuser.me/api/portraits/med/men/20.jpg","thumbnail":"https://randomuser.me/api/portraits/thumb/men/20.jpg"},"nat":"NZ"}],"info":{"seed":"31f08af13d138fc2","results":1,"page":1,"version":"1.4"}} 
 </msg>
<msg timestamp="20240320 09:07:20.023" level="INFO">C:\Users\Lenovo T480\AppData\Local\Packages\PythonSoftwareFoundation.Python.3.11_qbz5n2kfra8p0\LocalCache\local-packages\Python311\site-packages\urllib3\connectionpool.py:1045: InsecureRequestWarning: Unverified HTTPS request is being made to host 'randomuser.me'. Adding certificate verification is strongly advised. See: https://urllib3.readthedocs.io/en/1.26.x/advanced-usage.html#ssl-warnings
  warnings.warn(</msg>
<msg timestamp="20240320 09:07:20.023" level="INFO">${response} = &lt;Response [200]&gt;</msg>
<status status="PASS" starttime="20240320 09:07:19.862" endtime="20240320 09:07:20.023"/>
</kw>
<kw name="Set Variable" library="BuiltIn">
<var>${json_data}</var>
<arg>${response.json()}</arg>
<doc>Returns the given values which can then be assigned to a variables.</doc>
<msg timestamp="20240320 09:07:20.023" level="INFO">${json_data} = {'results': [{'gender': 'male', 'name': {'title': 'Mr', 'first': 'Toby', 'last': 'Patel'}, 'location': {'street': {'number': 8319, 'name': 'Pioneer Highway'}, 'city': 'Rotorua', 'state': 'Marlborough'...</msg>
<status status="PASS" starttime="20240320 09:07:20.023" endtime="20240320 09:07:20.023"/>
</kw>
<kw name="Log" library="BuiltIn">
<arg>${json_data}</arg>
<doc>Logs the given message with the given level.</doc>
<msg timestamp="20240320 09:07:20.023" level="INFO">{'results': [{'gender': 'male', 'name': {'title': 'Mr', 'first': 'Toby', 'last': 'Patel'}, 'location': {'street': {'number': 8319, 'name': 'Pioneer Highway'}, 'city': 'Rotorua', 'state': 'Marlborough', 'country': 'New Zealand', 'postcode': 85722, 'coordinates': {'latitude': '49.2390', 'longitude': '-23.7596'}, 'timezone': {'offset': '+3:00', 'description': 'Baghdad, Riyadh, Moscow, St. Petersburg'}}, 'email': 'toby.patel@example.com', 'login': {'uuid': 'f98dab6d-5c20-4af5-a2ee-3eb305457944', 'username': 'tinytiger322', 'password': 'bull', 'salt': 'wVjcQ7v3', 'md5': 'd1143723320b5ef4af5a720f2b234b7b', 'sha1': 'a7e7ae591b04a125b89c9e5632105b4f9ba4f861', 'sha256': '22887ebdd6038ce0bc008aec509c865857e33fec88a4cf9f221bc9c5eba81774'}, 'dob': {'date': '1995-09-02T07:46:33.476Z', 'age': 28}, 'registered': {'date': '2017-01-01T09:03:27.612Z', 'age': 7}, 'phone': '(032)-346-3358', 'cell': '(615)-276-4304', 'id': {'name': '', 'value': None}, 'picture': {'large': 'https://randomuser.me/api/portraits/men/20.jpg', 'medium': 'https://randomuser.me/api/portraits/med/men/20.jpg', 'thumbnail': 'https://randomuser.me/api/portraits/thumb/men/20.jpg'}, 'nat': 'NZ'}], 'info': {'seed': '31f08af13d138fc2', 'results': 1, 'page': 1, 'version': '1.4'}}</msg>
<status status="PASS" starttime="20240320 09:07:20.023" endtime="20240320 09:07:20.023"/>
</kw>
<kw name="Should Be String" library="String">
<arg>${json_data['results'][0]['gender']}</arg>
<doc>Fails if the given ``item`` is not a string.</doc>
<status status="PASS" starttime="20240320 09:07:20.023" endtime="20240320 09:07:20.041"/>
</kw>
<kw name="Should Match Regexp" library="BuiltIn">
<arg>${json_data['results'][0]['email']}</arg>
<arg>^[a-zA-Z0-9._%+-]+@[a-zA-Z0-9.-]+\.[a-zA-Z]{2,}$</arg>
<doc>Fails if ``string`` does not match ``pattern`` as a regular expression.</doc>
<status status="PASS" starttime="20240320 09:07:20.041" endtime="20240320 09:07:20.044"/>
</kw>
<kw name="Should Match Regexp" library="BuiltIn">
<arg>${json_data['results'][0]['dob']['date']}</arg>
<arg>\\d{4}-\\d{2}-\\d{2}T\\d{2}:\\d{2}:\\d{2}\\.\\d{3}Z</arg>
<doc>Fails if ``string`` does not match ``pattern`` as a regular expression.</doc>
<status status="PASS" starttime="20240320 09:07:20.045" endtime="20240320 09:07:20.046"/>
</kw>
<kw name="Should Match Regexp" library="BuiltIn">
<arg>${json_data['results'][0]['registered']['date']}</arg>
<arg>\\d{4}-\\d{2}-\\d{2}T\\d{2}:\\d{2}:\\d{2}\\.\\d{3}Z</arg>
<doc>Fails if ``string`` does not match ``pattern`` as a regular expression.</doc>
<status status="PASS" starttime="20240320 09:07:20.046" endtime="20240320 09:07:20.046"/>
</kw>
<kw name="Should Match Regexp" library="BuiltIn">
<arg>${json_data['results'][0]['picture']['large']}</arg>
<arg>^https?://.*\.(?:png|jpe?g|gif|bmp)$</arg>
<doc>Fails if ``string`` does not match ``pattern`` as a regular expression.</doc>
<status status="PASS" starttime="20240320 09:07:20.046" endtime="20240320 09:07:20.046"/>
</kw>
<kw name="Should Match Regexp" library="BuiltIn">
<arg>${json_data['results'][0]['picture']['medium']}</arg>
<arg>^https?://.*\.(?:png|jpe?g|gif|bmp)$</arg>
<doc>Fails if ``string`` does not match ``pattern`` as a regular expression.</doc>
<status status="PASS" starttime="20240320 09:07:20.046" endtime="20240320 09:07:20.046"/>
</kw>
<kw name="Should Match Regexp" library="BuiltIn">
<arg>${json_data['results'][0]['picture']['thumbnail']}</arg>
<arg>^https?://.*\.(?:png|jpe?g|gif|bmp)$</arg>
<doc>Fails if ``string`` does not match ``pattern`` as a regular expression.</doc>
<status status="PASS" starttime="20240320 09:07:20.046" endtime="20240320 09:07:20.055"/>
</kw>
<kw name="Log" library="BuiltIn">
<arg>${json_data['results'][0]['picture']}</arg>
<doc>Logs the given message with the given level.</doc>
<msg timestamp="20240320 09:07:20.057" level="INFO">{'large': 'https://randomuser.me/api/portraits/men/20.jpg', 'medium': 'https://randomuser.me/api/portraits/med/men/20.jpg', 'thumbnail': 'https://randomuser.me/api/portraits/thumb/men/20.jpg'}</msg>
<status status="PASS" starttime="20240320 09:07:20.055" endtime="20240320 09:07:20.057"/>
</kw>
<status status="PASS" starttime="20240320 09:07:19.862" endtime="20240320 09:07:20.058"/>
</kw>
<kw name="Teste de Tipos de Dados - Postcode" library="random-user-service">
<kw name="GET On Session" library="RequestsLibrary">
<var>${response}</var>
<arg>consultarAPI</arg>
<arg>/api</arg>
<doc>Sends a GET request on a previously created HTTP Session.</doc>
<msg timestamp="20240320 09:07:20.224" level="INFO">GET Request : url=https://randomuser.me/api 
 path_url=/api 
 headers={'User-Agent': 'python-requests/2.28.2', 'Accept-Encoding': 'gzip, deflate', 'Accept': '*/*', 'Connection': 'keep-alive'} 
 body=None 
 </msg>
<msg timestamp="20240320 09:07:20.224" level="INFO">GET Response : url=https://randomuser.me/api 
 status=200, reason=OK 
 headers={'Date': 'Wed, 20 Mar 2024 12:07:19 GMT', 'Content-Type': 'application/json; charset=utf-8', 'Transfer-Encoding': 'chunked', 'Connection': 'keep-alive', 'X-Powered-By': 'Express', 'Access-Control-Allow-Origin': '*', 'Cache-Control': 'no-cache', 'ETag': 'W/"49b-QoEMc+MzDKrP2HinqJ6WfaAJYhk"', 'Vary': 'Accept-Encoding', 'Content-Encoding': 'gzip', 'CF-Cache-Status': 'DYNAMIC', 'Report-To': '{"endpoints":[{"url":"https:\\/\\/a.nel.cloudflare.com\\/report\\/v4?s=LNNgrDlG5gAEwb9IdXt5L%2FVszC7CRxjSCWN%2FT18CKMNW6FTn%2Bb799ocVL%2BC7GIRaDBlZTttoaIlo1HB3Ph7AZUDuiGba6YaWHFLFb%2BtmXFG7wCzhh4nUx5Miiv06JDfcaJ5fLJ5dyXyHoROC"}],"group":"cf-nel","max_age":604800}', 'NEL': '{"success_fraction":0,"report_to":"cf-nel","max_age":604800}', 'Server': 'cloudflare', 'CF-RAY': '867594ccc8f30294-GRU', 'alt-svc': 'h3=":443"; ma=86400'} 
 body={"results":[{"gender":"female","name":{"title":"Miss","first":"Camille","last":"Scott"},"location":{"street":{"number":6211,"name":"22nd Ave"},"city":"Belmont","state":"Alberta","country":"Canada","postcode":"D2G 3F7","coordinates":{"latitude":"-64.5600","longitude":"47.8866"},"timezone":{"offset":"+5:00","description":"Ekaterinburg, Islamabad, Karachi, Tashkent"}},"email":"camille.scott@example.com","login":{"uuid":"4c3a9000-c998-41a9-a3dd-bec75c0f06ac","username":"ticklishpanda889","password":"steffen","salt":"KKGfNM6p","md5":"9375e2dfe13a727f0c0227ad1491e429","sha1":"cd5a12e7b01e98949854eb9d6b8c8ccb94c037d1","sha256":"8182795799b20e6b113770b4fe0320f896569728e4e7ef5f189b14682d1213cd"},"dob":{"date":"1989-05-14T04:09:09.683Z","age":34},"registered":{"date":"2011-04-26T19:10:06.229Z","age":12},"phone":"U09 A36-7431","cell":"Z08 D26-0206","id":{"name":"SIN","value":"539032573"},"picture":{"large":"https://randomuser.me/api/portraits/women/31.jpg","medium":"https://randomuser.me/api/portraits/med/women/31.jpg","thumbnail":"https://randomuser.me/api/portraits/thumb/women/31.jpg"},"nat":"CA"}],"info":{"seed":"f10e74a1c66e978d","results":1,"page":1,"version":"1.4"}} 
 </msg>
<msg timestamp="20240320 09:07:20.224" level="INFO">C:\Users\Lenovo T480\AppData\Local\Packages\PythonSoftwareFoundation.Python.3.11_qbz5n2kfra8p0\LocalCache\local-packages\Python311\site-packages\urllib3\connectionpool.py:1045: InsecureRequestWarning: Unverified HTTPS request is being made to host 'randomuser.me'. Adding certificate verification is strongly advised. See: https://urllib3.readthedocs.io/en/1.26.x/advanced-usage.html#ssl-warnings
  warnings.warn(</msg>
<msg timestamp="20240320 09:07:20.241" level="INFO">${response} = &lt;Response [200]&gt;</msg>
<status status="PASS" starttime="20240320 09:07:20.060" endtime="20240320 09:07:20.241"/>
</kw>
<kw name="Set Variable" library="BuiltIn">
<var>${json_data}</var>
<arg>${response.json()}</arg>
<doc>Returns the given values which can then be assigned to a variables.</doc>
<msg timestamp="20240320 09:07:20.241" level="INFO">${json_data} = {'results': [{'gender': 'female', 'name': {'title': 'Miss', 'first': 'Camille', 'last': 'Scott'}, 'location': {'street': {'number': 6211, 'name': '22nd Ave'}, 'city': 'Belmont', 'state': 'Alberta', 'c...</msg>
<status status="PASS" starttime="20240320 09:07:20.241" endtime="20240320 09:07:20.241"/>
</kw>
<kw name="Log" library="BuiltIn">
<arg>${json_data}</arg>
<doc>Logs the given message with the given level.</doc>
<msg timestamp="20240320 09:07:20.241" level="INFO">{'results': [{'gender': 'female', 'name': {'title': 'Miss', 'first': 'Camille', 'last': 'Scott'}, 'location': {'street': {'number': 6211, 'name': '22nd Ave'}, 'city': 'Belmont', 'state': 'Alberta', 'country': 'Canada', 'postcode': 'D2G 3F7', 'coordinates': {'latitude': '-64.5600', 'longitude': '47.8866'}, 'timezone': {'offset': '+5:00', 'description': 'Ekaterinburg, Islamabad, Karachi, Tashkent'}}, 'email': 'camille.scott@example.com', 'login': {'uuid': '4c3a9000-c998-41a9-a3dd-bec75c0f06ac', 'username': 'ticklishpanda889', 'password': 'steffen', 'salt': 'KKGfNM6p', 'md5': '9375e2dfe13a727f0c0227ad1491e429', 'sha1': 'cd5a12e7b01e98949854eb9d6b8c8ccb94c037d1', 'sha256': '8182795799b20e6b113770b4fe0320f896569728e4e7ef5f189b14682d1213cd'}, 'dob': {'date': '1989-05-14T04:09:09.683Z', 'age': 34}, 'registered': {'date': '2011-04-26T19:10:06.229Z', 'age': 12}, 'phone': 'U09 A36-7431', 'cell': 'Z08 D26-0206', 'id': {'name': 'SIN', 'value': '539032573'}, 'picture': {'large': 'https://randomuser.me/api/portraits/women/31.jpg', 'medium': 'https://randomuser.me/api/portraits/med/women/31.jpg', 'thumbnail': 'https://randomuser.me/api/portraits/thumb/women/31.jpg'}, 'nat': 'CA'}], 'info': {'seed': 'f10e74a1c66e978d', 'results': 1, 'page': 1, 'version': '1.4'}}</msg>
<status status="PASS" starttime="20240320 09:07:20.241" endtime="20240320 09:07:20.241"/>
</kw>
<kw name="Should Be Equal As Numbers" library="BuiltIn">
<arg>${json_data['results'][0]['location']['postcode']}</arg>
<arg>${json_data['results'][0]['location']['postcode']}</arg>
<doc>Fails if objects are unequal after converting them to real numbers.</doc>
<msg timestamp="20240320 09:07:20.241" level="FAIL">'D2G 3F7' cannot be converted to a floating point number: ValueError: could not convert string to float: 'D2G 3F7'</msg>
<status status="FAIL" starttime="20240320 09:07:20.241" endtime="20240320 09:07:20.256"/>
</kw>
<kw name="Log" library="BuiltIn">
<arg>${json_data['results'][0]['location']['postcode']}</arg>
<doc>Logs the given message with the given level.</doc>
<status status="NOT RUN" starttime="20240320 09:07:20.259" endtime="20240320 09:07:20.259"/>
</kw>
<status status="FAIL" starttime="20240320 09:07:20.059" endtime="20240320 09:07:20.260"/>
</kw>
<doc>Testa se os tipos de dados na resposta da API estão corretos.</doc>
<tag>testeTiposDados</tag>
<status status="FAIL" starttime="20240320 09:07:19.860" endtime="20240320 09:07:20.261">'D2G 3F7' cannot be converted to a floating point number: ValueError: could not convert string to float: 'D2G 3F7'</status>
</test>
<test id="s1-s1-s1-t5" name="Validar conteudo" line="34">
<kw name="Teste de Tipos de Conteudo" library="random-user-service">
<kw name="GET On Session" library="RequestsLibrary">
<var>${response}</var>
<arg>consultarAPI</arg>
<arg>/api</arg>
<doc>Sends a GET request on a previously created HTTP Session.</doc>
<msg timestamp="20240320 09:07:20.417" level="INFO">GET Request : url=https://randomuser.me/api 
 path_url=/api 
 headers={'User-Agent': 'python-requests/2.28.2', 'Accept-Encoding': 'gzip, deflate', 'Accept': '*/*', 'Connection': 'keep-alive'} 
 body=None 
 </msg>
<msg timestamp="20240320 09:07:20.417" level="INFO">GET Response : url=https://randomuser.me/api 
 status=200, reason=OK 
 headers={'Date': 'Wed, 20 Mar 2024 12:07:20 GMT', 'Content-Type': 'application/json; charset=utf-8', 'Transfer-Encoding': 'chunked', 'Connection': 'keep-alive', 'X-Powered-By': 'Express', 'Access-Control-Allow-Origin': '*', 'Cache-Control': 'no-cache', 'ETag': 'W/"491-zo+FI+VBcyKqtaeeJ3ZdwZiIc5U"', 'Vary': 'Accept-Encoding', 'Content-Encoding': 'gzip', 'CF-Cache-Status': 'DYNAMIC', 'Report-To': '{"endpoints":[{"url":"https:\\/\\/a.nel.cloudflare.com\\/report\\/v4?s=adissbuYFKQtMfZey95shtuD1gBaigxd8rz22WR2Fs8hUVuR7s%2BpuiC4IMFBR2kblWlfzl%2BZge1nISzBhLEQ%2FlBq7fqN36HclBz7qtMObEwy82vuV29SI6wlC6PRfIvUF8gTGpt2li1Rofb1"}],"group":"cf-nel","max_age":604800}', 'NEL': '{"success_fraction":0,"report_to":"cf-nel","max_age":604800}', 'Server': 'cloudflare', 'CF-RAY': '867594ce1a5f0294-GRU', 'alt-svc': 'h3=":443"; ma=86400'} 
 body={"results":[{"gender":"male","name":{"title":"Mr","first":"Jordi","last":"Castro"},"location":{"street":{"number":9423,"name":"Avenida de América"},"city":"Alcobendas","state":"Canarias","country":"Spain","postcode":41278,"coordinates":{"latitude":"-32.7786","longitude":"-154.4080"},"timezone":{"offset":"+3:00","description":"Baghdad, Riyadh, Moscow, St. Petersburg"}},"email":"jordi.castro@example.com","login":{"uuid":"928f0035-a1df-4fbc-8c50-0bf8d9a44d38","username":"goldenbird126","password":"rusty","salt":"Ng279TVc","md5":"84839cb3c5b331b5aaa990e97bca2a2f","sha1":"68d0cf3ec88be7e46e8c171801e2045de63049ea","sha256":"2af02b77857bbcda503527517f38ba67625b6cdd2afa06c2848e738663181406"},"dob":{"date":"1985-12-12T06:04:24.029Z","age":38},"registered":{"date":"2021-06-06T18:38:37.152Z","age":2},"phone":"985-622-825","cell":"627-453-813","id":{"name":"DNI","value":"89288064-W"},"picture":{"large":"https://randomuser.me/api/portraits/men/52.jpg","medium":"https://randomuser.me/api/portraits/med/men/52.jpg","thumbnail":"https://randomuser.me/api/portraits/thumb/men/52.jpg"},"nat":"ES"}],"info":{"seed":"534d8fe8ba5dc84a","results":1,"page":1,"version":"1.4"}} 
 </msg>
<msg timestamp="20240320 09:07:20.417" level="INFO">C:\Users\Lenovo T480\AppData\Local\Packages\PythonSoftwareFoundation.Python.3.11_qbz5n2kfra8p0\LocalCache\local-packages\Python311\site-packages\urllib3\connectionpool.py:1045: InsecureRequestWarning: Unverified HTTPS request is being made to host 'randomuser.me'. Adding certificate verification is strongly advised. See: https://urllib3.readthedocs.io/en/1.26.x/advanced-usage.html#ssl-warnings
  warnings.warn(</msg>
<msg timestamp="20240320 09:07:20.417" level="INFO">${response} = &lt;Response [200]&gt;</msg>
<status status="PASS" starttime="20240320 09:07:20.263" endtime="20240320 09:07:20.417"/>
</kw>
<kw name="Set Variable" library="BuiltIn">
<var>${json_data}</var>
<arg>${response.json()}</arg>
<doc>Returns the given values which can then be assigned to a variables.</doc>
<msg timestamp="20240320 09:07:20.417" level="INFO">${json_data} = {'results': [{'gender': 'male', 'name': {'title': 'Mr', 'first': 'Jordi', 'last': 'Castro'}, 'location': {'street': {'number': 9423, 'name': 'Avenida de América'}, 'city': 'Alcobendas', 'state': 'Cana...</msg>
<status status="PASS" starttime="20240320 09:07:20.417" endtime="20240320 09:07:20.417"/>
</kw>
<kw name="Set Variable" library="BuiltIn">
<var>${name_title}</var>
<arg>${json_data["results"][0]["name"]["title"]}</arg>
<doc>Returns the given values which can then be assigned to a variables.</doc>
<msg timestamp="20240320 09:07:20.417" level="INFO">${name_title} = Mr</msg>
<status status="PASS" starttime="20240320 09:07:20.417" endtime="20240320 09:07:20.417"/>
</kw>
<kw name="Create List" library="BuiltIn">
<var>${allowed_titles}</var>
<arg>Mr</arg>
<arg>Ms</arg>
<arg>Miss</arg>
<arg>Mrs</arg>
<arg>Madame</arg>
<arg>Monsieur</arg>
<doc>Returns a list containing given items.</doc>
<msg timestamp="20240320 09:07:20.433" level="INFO">${allowed_titles} = ['Mr', 'Ms', 'Miss', 'Mrs', 'Madame', 'Monsieur']</msg>
<status status="PASS" starttime="20240320 09:07:20.417" endtime="20240320 09:07:20.433"/>
</kw>
<kw name="List Should Contain Value" library="Collections">
<arg>${allowed_titles}</arg>
<arg>${name_title}</arg>
<doc>Fails if the ``value`` is not found from ``list``.</doc>
<status status="PASS" starttime="20240320 09:07:20.433" endtime="20240320 09:07:20.435"/>
</kw>
<kw name="Set Variable" library="BuiltIn">
<var>${name_country}</var>
<arg>${json_data["results"][0]["nat"]}</arg>
<doc>Returns the given values which can then be assigned to a variables.</doc>
<msg timestamp="20240320 09:07:20.436" level="INFO">${name_country} = ES</msg>
<status status="PASS" starttime="20240320 09:07:20.435" endtime="20240320 09:07:20.437"/>
</kw>
<kw name="Create List" library="BuiltIn">
<var>${list_country}</var>
<arg>AD</arg>
<arg>AE</arg>
<arg>AF</arg>
<arg>AG</arg>
<arg>AI</arg>
<arg>AL</arg>
<arg>AM</arg>
<arg>AO</arg>
<arg>AQ</arg>
<arg>AR</arg>
<arg>AS</arg>
<arg>AT</arg>
<arg>AU</arg>
<arg>AW</arg>
<arg>AX</arg>
<arg>AZ</arg>
<arg>BA</arg>
<arg>BB</arg>
<arg>BD</arg>
<arg>BE</arg>
<arg>BF</arg>
<arg>BG</arg>
<arg>BH</arg>
<arg>BI</arg>
<arg>BJ</arg>
<arg>BL</arg>
<arg>BM</arg>
<arg>BN</arg>
<arg>BO</arg>
<arg>BQ</arg>
<arg>BR</arg>
<arg>BS</arg>
<arg>BT</arg>
<arg>BV</arg>
<arg>BW</arg>
<arg>BY</arg>
<arg>BZ</arg>
<arg>CA</arg>
<arg>CC</arg>
<arg>CD</arg>
<arg>CF</arg>
<arg>CG</arg>
<arg>CH</arg>
<arg>CI</arg>
<arg>CK</arg>
<arg>CL</arg>
<arg>CM</arg>
<arg>CN</arg>
<arg>CO</arg>
<arg>CR</arg>
<arg>CU</arg>
<arg>CV</arg>
<arg>CW</arg>
<arg>CX</arg>
<arg>CY</arg>
<arg>CZ</arg>
<arg>DE</arg>
<arg>DJ</arg>
<arg>DK</arg>
<arg>DM</arg>
<arg>DO</arg>
<arg>DZ</arg>
<arg>EC</arg>
<arg>EE</arg>
<arg>EG</arg>
<arg>EH</arg>
<arg>ER</arg>
<arg>ES</arg>
<arg>ET</arg>
<arg>FI</arg>
<arg>FJ</arg>
<arg>FK</arg>
<arg>FM</arg>
<arg>FO</arg>
<arg>FR</arg>
<arg>GA</arg>
<arg>GB</arg>
<arg>GD</arg>
<arg>GE</arg>
<arg>GF</arg>
<arg>GG</arg>
<arg>GH</arg>
<arg>GI</arg>
<arg>GL</arg>
<arg>GM</arg>
<arg>GN</arg>
<arg>GP</arg>
<arg>GQ</arg>
<arg>GR</arg>
<arg>GS</arg>
<arg>GT</arg>
<arg>GU</arg>
<arg>GW</arg>
<arg>GY</arg>
<arg>HK</arg>
<arg>HM</arg>
<arg>HN</arg>
<arg>HR</arg>
<arg>HT</arg>
<arg>HU</arg>
<arg>ID</arg>
<arg>IE</arg>
<arg>IL</arg>
<arg>IM</arg>
<arg>IN</arg>
<arg>IO</arg>
<arg>IQ</arg>
<arg>IR</arg>
<arg>IS</arg>
<arg>IT</arg>
<arg>JE</arg>
<arg>JM</arg>
<arg>JO</arg>
<arg>JP</arg>
<arg>KE</arg>
<arg>KG</arg>
<arg>KH</arg>
<arg>KI</arg>
<arg>KM</arg>
<arg>KN</arg>
<arg>KP</arg>
<arg>KR</arg>
<arg>KW</arg>
<arg>KY</arg>
<arg>KZ</arg>
<arg>LA</arg>
<arg>LB</arg>
<arg>LC</arg>
<arg>LI</arg>
<arg>LK</arg>
<arg>LR</arg>
<arg>LS</arg>
<arg>LT</arg>
<arg>LU</arg>
<arg>LV</arg>
<arg>LY</arg>
<arg>MA</arg>
<arg>MC</arg>
<arg>MD</arg>
<arg>ME</arg>
<arg>MF</arg>
<arg>MG</arg>
<arg>MH</arg>
<arg>MK</arg>
<arg>ML</arg>
<arg>MM</arg>
<arg>MN</arg>
<arg>MO</arg>
<arg>MP</arg>
<arg>MQ</arg>
<arg>MR</arg>
<arg>MS</arg>
<arg>MT</arg>
<arg>MU</arg>
<arg>MV</arg>
<arg>MW</arg>
<arg>MX</arg>
<arg>MY</arg>
<arg>MZ</arg>
<arg>NA</arg>
<arg>NC</arg>
<arg>NE</arg>
<arg>NF</arg>
<arg>NG</arg>
<arg>NI</arg>
<arg>NL</arg>
<arg>NO</arg>
<arg>NP</arg>
<arg>NR</arg>
<arg>NU</arg>
<arg>NZ</arg>
<arg>OM</arg>
<arg>PA</arg>
<arg>PE</arg>
<arg>PF</arg>
<arg>PG</arg>
<arg>PH</arg>
<arg>PK</arg>
<arg>PL</arg>
<arg>PM</arg>
<arg>PN</arg>
<arg>PR</arg>
<arg>PS</arg>
<arg>PT</arg>
<arg>PW</arg>
<arg>PY</arg>
<arg>QA</arg>
<arg>RE</arg>
<arg>RO</arg>
<arg>RS</arg>
<arg>RU</arg>
<arg>RW</arg>
<arg>SA</arg>
<arg>SB</arg>
<arg>SC</arg>
<arg>SD</arg>
<arg>SE</arg>
<arg>SG</arg>
<arg>SH</arg>
<arg>SI</arg>
<arg>SJ</arg>
<arg>SK</arg>
<arg>SL</arg>
<arg>SM</arg>
<arg>SN</arg>
<arg>SO</arg>
<arg>SR</arg>
<arg>SS</arg>
<arg>ST</arg>
<arg>SV</arg>
<arg>SX</arg>
<arg>SY</arg>
<arg>SZ</arg>
<arg>TC</arg>
<arg>TD</arg>
<arg>TF</arg>
<arg>TG</arg>
<arg>TH</arg>
<arg>TJ</arg>
<arg>TK</arg>
<arg>TL</arg>
<arg>TM</arg>
<arg>TN</arg>
<arg>TO</arg>
<arg>TR</arg>
<arg>TT</arg>
<arg>TV</arg>
<arg>TW</arg>
<arg>TZ</arg>
<arg>UA</arg>
<arg>UG</arg>
<arg>UM</arg>
<arg>US</arg>
<arg>UY</arg>
<arg>UZ</arg>
<arg>VA</arg>
<arg>VC</arg>
<arg>VE</arg>
<arg>VG</arg>
<arg>VI</arg>
<arg>VN</arg>
<arg>VU</arg>
<arg>WF</arg>
<arg>WS</arg>
<arg>XK</arg>
<arg>YE</arg>
<arg>YT</arg>
<arg>ZA</arg>
<arg>ZM</arg>
<arg>ZW</arg>
<doc>Returns a list containing given items.</doc>
<msg timestamp="20240320 09:07:20.443" level="INFO">${list_country} = ['AD', 'AE', 'AF', 'AG', 'AI', 'AL', 'AM', 'AO', 'AQ', 'AR', 'AS', 'AT', 'AU', 'AW', 'AX', 'AZ', 'BA', 'BB', 'BD', 'BE', 'BF', 'BG', 'BH', 'BI', 'BJ', 'BL', 'BM', 'BN', 'BO', 'BQ', 'BR', 'BS', 'BT', '...</msg>
<status status="PASS" starttime="20240320 09:07:20.438" endtime="20240320 09:07:20.443"/>
</kw>
<kw name="List Should Contain Value" library="Collections">
<arg>${list_country}</arg>
<arg>${name_country}</arg>
<doc>Fails if the ``value`` is not found from ``list``.</doc>
<status status="PASS" starttime="20240320 09:07:20.443" endtime="20240320 09:07:20.445"/>
</kw>
<kw name="Run Keyword If" library="BuiltIn">
<arg>${json_data["results"][0]["location"]["coordinates"]["latitude"]} &gt;= -90 and ${json_data["results"][0]["location"]["coordinates"]["latitude"]} &lt;= 90</arg>
<arg>Should Be True</arg>
<arg>${True}</arg>
<doc>Runs the given keyword with the given arguments, if ``condition`` is true.</doc>
<kw name="Should Be True" library="BuiltIn">
<arg>${True}</arg>
<doc>Fails if the given condition is not true.</doc>
<status status="PASS" starttime="20240320 09:07:20.447" endtime="20240320 09:07:20.448"/>
</kw>
<status status="PASS" starttime="20240320 09:07:20.445" endtime="20240320 09:07:20.448"/>
</kw>
<kw name="Run Keyword If" library="BuiltIn">
<arg>${json_data["results"][0]["location"]["coordinates"]["longitude"]} &gt;= -180 and ${json_data["results"][0]["location"]["coordinates"]["longitude"]} &lt;= 180</arg>
<arg>Should Be True</arg>
<arg>${True}</arg>
<doc>Runs the given keyword with the given arguments, if ``condition`` is true.</doc>
<kw name="Should Be True" library="BuiltIn">
<arg>${True}</arg>
<doc>Fails if the given condition is not true.</doc>
<status status="PASS" starttime="20240320 09:07:20.448" endtime="20240320 09:07:20.448"/>
</kw>
<status status="PASS" starttime="20240320 09:07:20.448" endtime="20240320 09:07:20.448"/>
</kw>
<status status="PASS" starttime="20240320 09:07:20.263" endtime="20240320 09:07:20.448"/>
</kw>
<doc>Testa o conteúdo específico dos campos retornados pela API.</doc>
<tag>testeConteudo</tag>
<status status="PASS" starttime="20240320 09:07:20.263" endtime="20240320 09:07:20.448"/>
</test>
<status status="FAIL" starttime="20240320 09:07:16.339" endtime="20240320 09:07:20.459"/>
</suite>
<status status="FAIL" starttime="20240320 09:07:16.339" endtime="20240320 09:07:20.466"/>
</suite>
<status status="FAIL" starttime="20240320 09:07:16.280" endtime="20240320 09:07:20.470"/>
</suite>
<statistics>
<total>
<stat pass="4" fail="1" skip="0">All Tests</stat>
</total>
<tag>
<stat pass="1" fail="0" skip="0">testeConteudo</stat>
<stat pass="1" fail="0" skip="0">testeEstruturaResposta</stat>
<stat pass="1" fail="0" skip="0">testeRequisicaoBasica</stat>
<stat pass="0" fail="1" skip="0">testeTiposDados</stat>
</tag>
<suite>
<stat pass="4" fail="1" skip="0" id="s1" name="DesafioQA - Itau - Rogerio Jordao">DesafioQA - Itau - Rogerio Jordao</stat>
<stat pass="4" fail="1" skip="0" id="s1-s1" name="Tests">DesafioQA - Itau - Rogerio Jordao.Tests</stat>
<stat pass="4" fail="1" skip="0" id="s1-s1-s1" name="Random-User-Test">DesafioQA - Itau - Rogerio Jordao.Tests.Random-User-Test</stat>
</suite>
</statistics>
<errors>
</errors>
</robot>
