<?xml version="1.0" encoding="UTF-8"?>
<robot generator="Robot 6.0.2 (Python 3.11.8 on win32)" generated="20240319 18:41:12.741" rpa="false" schemaversion="3">
<suite id="s1" name="DesafioQA - Itau - Rogerio Jordao" source="C:\Users\Lenovo T480\OneDrive\Documentos\QAPROJETOS\DesafioQA - Itau - Rogerio Jordao">
<suite id="s1-s1" name="Tests" source="C:\Users\Lenovo T480\OneDrive\Documentos\QAPROJETOS\DesafioQA - Itau - Rogerio Jordao\tests">
<suite id="s1-s1-s1" name="Random-User-Test" source="C:\Users\Lenovo T480\OneDrive\Documentos\QAPROJETOS\DesafioQA - Itau - Rogerio Jordao\tests\random-user-test.robot">
<test id="s1-s1-s1-t1" name="Conectar" line="11">
<kw name="Conectar API" library="random-user-service">
<kw name="Create Session" library="RequestsLibrary">
<arg>consultarAPI</arg>
<arg>${URL}</arg>
<doc>Create Session: create a HTTP session to a server</doc>
<msg timestamp="20240319 18:41:13.537" level="INFO">Creating Session using : alias=consultarAPI, url=https://randomuser.me/, headers={},                     cookies={}, auth=None, timeout=None, proxies=None, verify=False,                     debug=0 </msg>
<status status="PASS" starttime="20240319 18:41:13.537" endtime="20240319 18:41:13.537"/>
</kw>
<status status="PASS" starttime="20240319 18:41:13.537" endtime="20240319 18:41:13.537"/>
</kw>
<status status="PASS" starttime="20240319 18:41:13.537" endtime="20240319 18:41:13.537"/>
</test>
<test id="s1-s1-s1-t2" name="Validar retorno 200 e JSON Válido" line="14">
<kw name="Teste de Requisicao Basica" library="random-user-service">
<kw name="GET On Session" library="RequestsLibrary">
<var>${response}</var>
<arg>consultarAPI</arg>
<arg>/api</arg>
<doc>Sends a GET request on a previously created HTTP Session.</doc>
<msg timestamp="20240319 18:41:13.855" level="INFO">GET Request : url=https://randomuser.me/api 
 path_url=/api 
 headers={'User-Agent': 'python-requests/2.28.2', 'Accept-Encoding': 'gzip, deflate', 'Accept': '*/*', 'Connection': 'keep-alive'} 
 body=None 
 </msg>
<msg timestamp="20240319 18:41:13.855" level="INFO">GET Response : url=https://randomuser.me/api 
 status=200, reason=OK 
 headers={'Date': 'Tue, 19 Mar 2024 21:41:13 GMT', 'Content-Type': 'application/json; charset=utf-8', 'Transfer-Encoding': 'chunked', 'Connection': 'keep-alive', 'X-Powered-By': 'Express', 'Access-Control-Allow-Origin': '*', 'Cache-Control': 'no-cache', 'ETag': 'W/"475-MyEI0QUVGgckxpHWD54PkO201qQ"', 'Vary': 'Accept-Encoding', 'Content-Encoding': 'gzip', 'CF-Cache-Status': 'DYNAMIC', 'Report-To': '{"endpoints":[{"url":"https:\\/\\/a.nel.cloudflare.com\\/report\\/v4?s=Lk%2B8jCeh3gwkKd%2BLLheFjNpCk0yXsO%2BSBeVn1OSg6Q8hNY%2FGJAyCpIWhw7vd4%2F%2FI0TqllLc0mXRt1dCB6ZyaqZNP8c2RldyFZsEPGpRkr974rloJCm6qJSB6s6D9Z7RrxOVP0bH7fI5qtWee"}],"group":"cf-nel","max_age":604800}', 'NEL': '{"success_fraction":0,"report_to":"cf-nel","max_age":604800}', 'Server': 'cloudflare', 'CF-RAY': '8670a0187a92a493-GRU', 'alt-svc': 'h3=":443"; ma=86400'} 
 body={"results":[{"gender":"male","name":{"title":"Mr","first":"Allan","last":"Simmons"},"location":{"street":{"number":3685,"name":"Park Road"},"city":"Longford","state":"Cavan","country":"Ireland","postcode":23253,"coordinates":{"latitude":"-0.7586","longitude":"-62.9178"},"timezone":{"offset":"+7:00","description":"Bangkok, Hanoi, Jakarta"}},"email":"allan.simmons@example.com","login":{"uuid":"0dd5a912-18d5-42c4-b123-2f023e44184e","username":"blackduck262","password":"alatam","salt":"fH1vhVro","md5":"f2f3be9cfaa654d75517d520544aeab2","sha1":"19d3c88b1820eb4af7c9f2ec0f0e1d2e04871c50","sha256":"beee49ed53b0c8ec64281e54fe743877951f38c73eef461c13fe95b4bf5188dc"},"dob":{"date":"1999-01-09T16:07:15.382Z","age":25},"registered":{"date":"2002-09-09T13:25:51.612Z","age":21},"phone":"021-922-0529","cell":"081-580-8720","id":{"name":"PPS","value":"5934859T"},"picture":{"large":"https://randomuser.me/api/portraits/men/18.jpg","medium":"https://randomuser.me/api/portraits/med/men/18.jpg","thumbnail":"https://randomuser.me/api/portraits/thumb/men/18.jpg"},"nat":"IE"}],"info":{"seed":"f4c5f6300694ba52","results":1,"page":1,"version":"1.4"}} 
 </msg>
<msg timestamp="20240319 18:41:13.855" level="INFO">C:\Users\Lenovo T480\AppData\Local\Packages\PythonSoftwareFoundation.Python.3.11_qbz5n2kfra8p0\LocalCache\local-packages\Python311\site-packages\urllib3\connectionpool.py:1045: InsecureRequestWarning: Unverified HTTPS request is being made to host 'randomuser.me'. Adding certificate verification is strongly advised. See: https://urllib3.readthedocs.io/en/1.26.x/advanced-usage.html#ssl-warnings
  warnings.warn(</msg>
<msg timestamp="20240319 18:41:13.855" level="INFO">${response} = &lt;Response [200]&gt;</msg>
<status status="PASS" starttime="20240319 18:41:13.551" endtime="20240319 18:41:13.855"/>
</kw>
<kw name="Should Be Equal As Numbers" library="BuiltIn">
<arg>${response.status_code}</arg>
<arg>200</arg>
<doc>Fails if objects are unequal after converting them to real numbers.</doc>
<msg timestamp="20240319 18:41:13.855" level="INFO">Argument types are:
&lt;class 'int'&gt;
&lt;class 'str'&gt;</msg>
<status status="PASS" starttime="20240319 18:41:13.855" endtime="20240319 18:41:13.855"/>
</kw>
<kw name="Log" library="BuiltIn">
<arg>${response.status_code}</arg>
<doc>Logs the given message with the given level.</doc>
<msg timestamp="20240319 18:41:13.855" level="INFO">200</msg>
<status status="PASS" starttime="20240319 18:41:13.855" endtime="20240319 18:41:13.855"/>
</kw>
<kw name="Set Variable" library="BuiltIn">
<var>${json_data}</var>
<arg>${response.json()}</arg>
<doc>Returns the given values which can then be assigned to a variables.</doc>
<msg timestamp="20240319 18:41:13.855" level="INFO">${json_data} = {'results': [{'gender': 'male', 'name': {'title': 'Mr', 'first': 'Allan', 'last': 'Simmons'}, 'location': {'street': {'number': 3685, 'name': 'Park Road'}, 'city': 'Longford', 'state': 'Cavan', 'count...</msg>
<status status="PASS" starttime="20240319 18:41:13.855" endtime="20240319 18:41:13.855"/>
</kw>
<kw name="Dictionary Should Contain Key" library="Collections">
<arg>${json_data}</arg>
<arg>results</arg>
<doc>Fails if ``key`` is not found from ``dictionary``.</doc>
<status status="PASS" starttime="20240319 18:41:13.855" endtime="20240319 18:41:13.855"/>
</kw>
<status status="PASS" starttime="20240319 18:41:13.550" endtime="20240319 18:41:13.855"/>
</kw>
<doc>Testa se a API responde corretamente e retorna um objeto JSON válido.</doc>
<tag>testeRequisicaoBasica</tag>
<status status="PASS" starttime="20240319 18:41:13.537" endtime="20240319 18:41:13.869"/>
</test>
<test id="s1-s1-s1-t3" name="Validar estrutura de resposta" line="20">
<kw name="Teste de Estrutura de Resposta" library="random-user-service">
<kw name="GET On Session" library="RequestsLibrary">
<var>${response}</var>
<arg>consultarAPI</arg>
<arg>/api</arg>
<doc>Sends a GET request on a previously created HTTP Session.</doc>
<msg timestamp="20240319 18:41:14.039" level="INFO">GET Request : url=https://randomuser.me/api 
 path_url=/api 
 headers={'User-Agent': 'python-requests/2.28.2', 'Accept-Encoding': 'gzip, deflate', 'Accept': '*/*', 'Connection': 'keep-alive'} 
 body=None 
 </msg>
<msg timestamp="20240319 18:41:14.039" level="INFO">GET Response : url=https://randomuser.me/api 
 status=200, reason=OK 
 headers={'Date': 'Tue, 19 Mar 2024 21:41:14 GMT', 'Content-Type': 'application/json; charset=utf-8', 'Transfer-Encoding': 'chunked', 'Connection': 'keep-alive', 'X-Powered-By': 'Express', 'Access-Control-Allow-Origin': '*', 'Cache-Control': 'no-cache', 'ETag': 'W/"48c-JbUMuXUbV6q0RJ+VWARdw39sw8k"', 'Vary': 'Accept-Encoding', 'Content-Encoding': 'gzip', 'CF-Cache-Status': 'DYNAMIC', 'Report-To': '{"endpoints":[{"url":"https:\\/\\/a.nel.cloudflare.com\\/report\\/v4?s=DAGkdJfksyBS4w7yBvS0gPtvJDEP%2Bw2XXwF2P55hzcMMSNU%2FG2awi9MikPS4M41SZRhudYW8U%2B1XIvizqA%2Bks24jJoOGSBO%2BzgAqHE7WVM%2BgBH6Oxz3SXFjI4Y33Ltgif8bKmZ7wEmNFjBJ7"}],"group":"cf-nel","max_age":604800}', 'NEL': '{"success_fraction":0,"report_to":"cf-nel","max_age":604800}', 'Server': 'cloudflare', 'CF-RAY': '8670a019ac33a493-GRU', 'alt-svc': 'h3=":443"; ma=86400'} 
 body={"results":[{"gender":"male","name":{"title":"Mr","first":"Heinz-Joachim","last":"Laskowski"},"location":{"street":{"number":10,"name":"Amselweg"},"city":"Zossen","state":"Schleswig-Holstein","country":"Germany","postcode":40935,"coordinates":{"latitude":"-52.3722","longitude":"-165.4567"},"timezone":{"offset":"+3:30","description":"Tehran"}},"email":"heinz-joachim.laskowski@example.com","login":{"uuid":"78900fe5-7802-4395-9dc6-7cffc1d0fde2","username":"smallkoala527","password":"sporting","salt":"DIbhoJtY","md5":"1c5bd156aa03e1ff893b596daf5b53ba","sha1":"3480478fd5351c76c364089f8d9df7b8a647631b","sha256":"ef1f0b562b4e772a4366695661a8333938e11ed53fbf1b5cdb8506086c1e7a3a"},"dob":{"date":"1989-03-11T10:31:45.323Z","age":35},"registered":{"date":"2022-04-07T04:20:57.888Z","age":1},"phone":"0708-0989121","cell":"0177-8987677","id":{"name":"SVNR","value":"51 110389 L 281"},"picture":{"large":"https://randomuser.me/api/portraits/men/98.jpg","medium":"https://randomuser.me/api/portraits/med/men/98.jpg","thumbnail":"https://randomuser.me/api/portraits/thumb/men/98.jpg"},"nat":"DE"}],"info":{"seed":"9e6f0ebc73a1bebd","results":1,"page":1,"version":"1.4"}} 
 </msg>
<msg timestamp="20240319 18:41:14.039" level="INFO">C:\Users\Lenovo T480\AppData\Local\Packages\PythonSoftwareFoundation.Python.3.11_qbz5n2kfra8p0\LocalCache\local-packages\Python311\site-packages\urllib3\connectionpool.py:1045: InsecureRequestWarning: Unverified HTTPS request is being made to host 'randomuser.me'. Adding certificate verification is strongly advised. See: https://urllib3.readthedocs.io/en/1.26.x/advanced-usage.html#ssl-warnings
  warnings.warn(</msg>
<msg timestamp="20240319 18:41:14.039" level="INFO">${response} = &lt;Response [200]&gt;</msg>
<status status="PASS" starttime="20240319 18:41:13.873" endtime="20240319 18:41:14.054"/>
</kw>
<kw name="Set Variable" library="BuiltIn">
<var>${json_data}</var>
<arg>${response.json()}</arg>
<doc>Returns the given values which can then be assigned to a variables.</doc>
<msg timestamp="20240319 18:41:14.058" level="INFO">${json_data} = {'results': [{'gender': 'male', 'name': {'title': 'Mr', 'first': 'Heinz-Joachim', 'last': 'Laskowski'}, 'location': {'street': {'number': 10, 'name': 'Amselweg'}, 'city': 'Zossen', 'state': 'Schleswig...</msg>
<status status="PASS" starttime="20240319 18:41:14.055" endtime="20240319 18:41:14.058"/>
</kw>
<kw name="Log" library="BuiltIn">
<arg>${json_data}</arg>
<doc>Logs the given message with the given level.</doc>
<msg timestamp="20240319 18:41:14.064" level="INFO">{'results': [{'gender': 'male', 'name': {'title': 'Mr', 'first': 'Heinz-Joachim', 'last': 'Laskowski'}, 'location': {'street': {'number': 10, 'name': 'Amselweg'}, 'city': 'Zossen', 'state': 'Schleswig-Holstein', 'country': 'Germany', 'postcode': 40935, 'coordinates': {'latitude': '-52.3722', 'longitude': '-165.4567'}, 'timezone': {'offset': '+3:30', 'description': 'Tehran'}}, 'email': 'heinz-joachim.laskowski@example.com', 'login': {'uuid': '78900fe5-7802-4395-9dc6-7cffc1d0fde2', 'username': 'smallkoala527', 'password': 'sporting', 'salt': 'DIbhoJtY', 'md5': '1c5bd156aa03e1ff893b596daf5b53ba', 'sha1': '3480478fd5351c76c364089f8d9df7b8a647631b', 'sha256': 'ef1f0b562b4e772a4366695661a8333938e11ed53fbf1b5cdb8506086c1e7a3a'}, 'dob': {'date': '1989-03-11T10:31:45.323Z', 'age': 35}, 'registered': {'date': '2022-04-07T04:20:57.888Z', 'age': 1}, 'phone': '0708-0989121', 'cell': '0177-8987677', 'id': {'name': 'SVNR', 'value': '51 110389 L 281'}, 'picture': {'large': 'https://randomuser.me/api/portraits/men/98.jpg', 'medium': 'https://randomuser.me/api/portraits/med/men/98.jpg', 'thumbnail': 'https://randomuser.me/api/portraits/thumb/men/98.jpg'}, 'nat': 'DE'}], 'info': {'seed': '9e6f0ebc73a1bebd', 'results': 1, 'page': 1, 'version': '1.4'}}</msg>
<status status="PASS" starttime="20240319 18:41:14.062" endtime="20240319 18:41:14.064"/>
</kw>
<kw name="Dictionary Should Contain Key" library="Collections">
<arg>${json_data}</arg>
<arg>results</arg>
<doc>Fails if ``key`` is not found from ``dictionary``.</doc>
<status status="PASS" starttime="20240319 18:41:14.065" endtime="20240319 18:41:14.066"/>
</kw>
<kw name="Should Not Be Empty" library="BuiltIn">
<arg>${json_data}</arg>
<doc>Verifies that the given item is not empty.</doc>
<msg timestamp="20240319 18:41:14.067" level="INFO">Length is 2</msg>
<status status="PASS" starttime="20240319 18:41:14.066" endtime="20240319 18:41:14.067"/>
</kw>
<kw name="Create List" library="BuiltIn">
<var>${expected_keys}</var>
<arg>gender</arg>
<arg>name</arg>
<arg>location</arg>
<arg>email</arg>
<arg>login</arg>
<doc>Returns a list containing given items.</doc>
<msg timestamp="20240319 18:41:14.067" level="INFO">${expected_keys} = ['gender', 'name', 'location', 'email', 'login']</msg>
<status status="PASS" starttime="20240319 18:41:14.067" endtime="20240319 18:41:14.067"/>
</kw>
<for flavor="IN">
<var>${key}</var>
<value>@{expected_keys}</value>
<iter>
<var name="${key}">gender</var>
<kw name="Dictionary Should Contain Key" library="Collections">
<arg>${json_data['results'][0]}</arg>
<arg>${key}</arg>
<doc>Fails if ``key`` is not found from ``dictionary``.</doc>
<status status="PASS" starttime="20240319 18:41:14.073" endtime="20240319 18:41:14.074"/>
</kw>
<kw name="Log" library="BuiltIn">
<arg>${json_data['results'][0]}</arg>
<doc>Logs the given message with the given level.</doc>
<msg timestamp="20240319 18:41:14.075" level="INFO">{'gender': 'male', 'name': {'title': 'Mr', 'first': 'Heinz-Joachim', 'last': 'Laskowski'}, 'location': {'street': {'number': 10, 'name': 'Amselweg'}, 'city': 'Zossen', 'state': 'Schleswig-Holstein', 'country': 'Germany', 'postcode': 40935, 'coordinates': {'latitude': '-52.3722', 'longitude': '-165.4567'}, 'timezone': {'offset': '+3:30', 'description': 'Tehran'}}, 'email': 'heinz-joachim.laskowski@example.com', 'login': {'uuid': '78900fe5-7802-4395-9dc6-7cffc1d0fde2', 'username': 'smallkoala527', 'password': 'sporting', 'salt': 'DIbhoJtY', 'md5': '1c5bd156aa03e1ff893b596daf5b53ba', 'sha1': '3480478fd5351c76c364089f8d9df7b8a647631b', 'sha256': 'ef1f0b562b4e772a4366695661a8333938e11ed53fbf1b5cdb8506086c1e7a3a'}, 'dob': {'date': '1989-03-11T10:31:45.323Z', 'age': 35}, 'registered': {'date': '2022-04-07T04:20:57.888Z', 'age': 1}, 'phone': '0708-0989121', 'cell': '0177-8987677', 'id': {'name': 'SVNR', 'value': '51 110389 L 281'}, 'picture': {'large': 'https://randomuser.me/api/portraits/men/98.jpg', 'medium': 'https://randomuser.me/api/portraits/med/men/98.jpg', 'thumbnail': 'https://randomuser.me/api/portraits/thumb/men/98.jpg'}, 'nat': 'DE'}</msg>
<status status="PASS" starttime="20240319 18:41:14.074" endtime="20240319 18:41:14.076"/>
</kw>
<kw name="Log" library="BuiltIn">
<arg>${key}</arg>
<doc>Logs the given message with the given level.</doc>
<msg timestamp="20240319 18:41:14.077" level="INFO">gender</msg>
<status status="PASS" starttime="20240319 18:41:14.076" endtime="20240319 18:41:14.077"/>
</kw>
<status status="PASS" starttime="20240319 18:41:14.072" endtime="20240319 18:41:14.077"/>
</iter>
<iter>
<var name="${key}">name</var>
<kw name="Dictionary Should Contain Key" library="Collections">
<arg>${json_data['results'][0]}</arg>
<arg>${key}</arg>
<doc>Fails if ``key`` is not found from ``dictionary``.</doc>
<status status="PASS" starttime="20240319 18:41:14.079" endtime="20240319 18:41:14.081"/>
</kw>
<kw name="Log" library="BuiltIn">
<arg>${json_data['results'][0]}</arg>
<doc>Logs the given message with the given level.</doc>
<msg timestamp="20240319 18:41:14.083" level="INFO">{'gender': 'male', 'name': {'title': 'Mr', 'first': 'Heinz-Joachim', 'last': 'Laskowski'}, 'location': {'street': {'number': 10, 'name': 'Amselweg'}, 'city': 'Zossen', 'state': 'Schleswig-Holstein', 'country': 'Germany', 'postcode': 40935, 'coordinates': {'latitude': '-52.3722', 'longitude': '-165.4567'}, 'timezone': {'offset': '+3:30', 'description': 'Tehran'}}, 'email': 'heinz-joachim.laskowski@example.com', 'login': {'uuid': '78900fe5-7802-4395-9dc6-7cffc1d0fde2', 'username': 'smallkoala527', 'password': 'sporting', 'salt': 'DIbhoJtY', 'md5': '1c5bd156aa03e1ff893b596daf5b53ba', 'sha1': '3480478fd5351c76c364089f8d9df7b8a647631b', 'sha256': 'ef1f0b562b4e772a4366695661a8333938e11ed53fbf1b5cdb8506086c1e7a3a'}, 'dob': {'date': '1989-03-11T10:31:45.323Z', 'age': 35}, 'registered': {'date': '2022-04-07T04:20:57.888Z', 'age': 1}, 'phone': '0708-0989121', 'cell': '0177-8987677', 'id': {'name': 'SVNR', 'value': '51 110389 L 281'}, 'picture': {'large': 'https://randomuser.me/api/portraits/men/98.jpg', 'medium': 'https://randomuser.me/api/portraits/med/men/98.jpg', 'thumbnail': 'https://randomuser.me/api/portraits/thumb/men/98.jpg'}, 'nat': 'DE'}</msg>
<status status="PASS" starttime="20240319 18:41:14.081" endtime="20240319 18:41:14.085"/>
</kw>
<kw name="Log" library="BuiltIn">
<arg>${key}</arg>
<doc>Logs the given message with the given level.</doc>
<msg timestamp="20240319 18:41:14.087" level="INFO">name</msg>
<status status="PASS" starttime="20240319 18:41:14.085" endtime="20240319 18:41:14.088"/>
</kw>
<status status="PASS" starttime="20240319 18:41:14.078" endtime="20240319 18:41:14.088"/>
</iter>
<iter>
<var name="${key}">location</var>
<kw name="Dictionary Should Contain Key" library="Collections">
<arg>${json_data['results'][0]}</arg>
<arg>${key}</arg>
<doc>Fails if ``key`` is not found from ``dictionary``.</doc>
<status status="PASS" starttime="20240319 18:41:14.090" endtime="20240319 18:41:14.091"/>
</kw>
<kw name="Log" library="BuiltIn">
<arg>${json_data['results'][0]}</arg>
<doc>Logs the given message with the given level.</doc>
<msg timestamp="20240319 18:41:14.092" level="INFO">{'gender': 'male', 'name': {'title': 'Mr', 'first': 'Heinz-Joachim', 'last': 'Laskowski'}, 'location': {'street': {'number': 10, 'name': 'Amselweg'}, 'city': 'Zossen', 'state': 'Schleswig-Holstein', 'country': 'Germany', 'postcode': 40935, 'coordinates': {'latitude': '-52.3722', 'longitude': '-165.4567'}, 'timezone': {'offset': '+3:30', 'description': 'Tehran'}}, 'email': 'heinz-joachim.laskowski@example.com', 'login': {'uuid': '78900fe5-7802-4395-9dc6-7cffc1d0fde2', 'username': 'smallkoala527', 'password': 'sporting', 'salt': 'DIbhoJtY', 'md5': '1c5bd156aa03e1ff893b596daf5b53ba', 'sha1': '3480478fd5351c76c364089f8d9df7b8a647631b', 'sha256': 'ef1f0b562b4e772a4366695661a8333938e11ed53fbf1b5cdb8506086c1e7a3a'}, 'dob': {'date': '1989-03-11T10:31:45.323Z', 'age': 35}, 'registered': {'date': '2022-04-07T04:20:57.888Z', 'age': 1}, 'phone': '0708-0989121', 'cell': '0177-8987677', 'id': {'name': 'SVNR', 'value': '51 110389 L 281'}, 'picture': {'large': 'https://randomuser.me/api/portraits/men/98.jpg', 'medium': 'https://randomuser.me/api/portraits/med/men/98.jpg', 'thumbnail': 'https://randomuser.me/api/portraits/thumb/men/98.jpg'}, 'nat': 'DE'}</msg>
<status status="PASS" starttime="20240319 18:41:14.091" endtime="20240319 18:41:14.092"/>
</kw>
<kw name="Log" library="BuiltIn">
<arg>${key}</arg>
<doc>Logs the given message with the given level.</doc>
<msg timestamp="20240319 18:41:14.093" level="INFO">location</msg>
<status status="PASS" starttime="20240319 18:41:14.092" endtime="20240319 18:41:14.093"/>
</kw>
<status status="PASS" starttime="20240319 18:41:14.089" endtime="20240319 18:41:14.093"/>
</iter>
<iter>
<var name="${key}">email</var>
<kw name="Dictionary Should Contain Key" library="Collections">
<arg>${json_data['results'][0]}</arg>
<arg>${key}</arg>
<doc>Fails if ``key`` is not found from ``dictionary``.</doc>
<status status="PASS" starttime="20240319 18:41:14.094" endtime="20240319 18:41:14.095"/>
</kw>
<kw name="Log" library="BuiltIn">
<arg>${json_data['results'][0]}</arg>
<doc>Logs the given message with the given level.</doc>
<msg timestamp="20240319 18:41:14.095" level="INFO">{'gender': 'male', 'name': {'title': 'Mr', 'first': 'Heinz-Joachim', 'last': 'Laskowski'}, 'location': {'street': {'number': 10, 'name': 'Amselweg'}, 'city': 'Zossen', 'state': 'Schleswig-Holstein', 'country': 'Germany', 'postcode': 40935, 'coordinates': {'latitude': '-52.3722', 'longitude': '-165.4567'}, 'timezone': {'offset': '+3:30', 'description': 'Tehran'}}, 'email': 'heinz-joachim.laskowski@example.com', 'login': {'uuid': '78900fe5-7802-4395-9dc6-7cffc1d0fde2', 'username': 'smallkoala527', 'password': 'sporting', 'salt': 'DIbhoJtY', 'md5': '1c5bd156aa03e1ff893b596daf5b53ba', 'sha1': '3480478fd5351c76c364089f8d9df7b8a647631b', 'sha256': 'ef1f0b562b4e772a4366695661a8333938e11ed53fbf1b5cdb8506086c1e7a3a'}, 'dob': {'date': '1989-03-11T10:31:45.323Z', 'age': 35}, 'registered': {'date': '2022-04-07T04:20:57.888Z', 'age': 1}, 'phone': '0708-0989121', 'cell': '0177-8987677', 'id': {'name': 'SVNR', 'value': '51 110389 L 281'}, 'picture': {'large': 'https://randomuser.me/api/portraits/men/98.jpg', 'medium': 'https://randomuser.me/api/portraits/med/men/98.jpg', 'thumbnail': 'https://randomuser.me/api/portraits/thumb/men/98.jpg'}, 'nat': 'DE'}</msg>
<status status="PASS" starttime="20240319 18:41:14.095" endtime="20240319 18:41:14.095"/>
</kw>
<kw name="Log" library="BuiltIn">
<arg>${key}</arg>
<doc>Logs the given message with the given level.</doc>
<msg timestamp="20240319 18:41:14.095" level="INFO">email</msg>
<status status="PASS" starttime="20240319 18:41:14.095" endtime="20240319 18:41:14.095"/>
</kw>
<status status="PASS" starttime="20240319 18:41:14.093" endtime="20240319 18:41:14.095"/>
</iter>
<iter>
<var name="${key}">login</var>
<kw name="Dictionary Should Contain Key" library="Collections">
<arg>${json_data['results'][0]}</arg>
<arg>${key}</arg>
<doc>Fails if ``key`` is not found from ``dictionary``.</doc>
<status status="PASS" starttime="20240319 18:41:14.104" endtime="20240319 18:41:14.105"/>
</kw>
<kw name="Log" library="BuiltIn">
<arg>${json_data['results'][0]}</arg>
<doc>Logs the given message with the given level.</doc>
<msg timestamp="20240319 18:41:14.107" level="INFO">{'gender': 'male', 'name': {'title': 'Mr', 'first': 'Heinz-Joachim', 'last': 'Laskowski'}, 'location': {'street': {'number': 10, 'name': 'Amselweg'}, 'city': 'Zossen', 'state': 'Schleswig-Holstein', 'country': 'Germany', 'postcode': 40935, 'coordinates': {'latitude': '-52.3722', 'longitude': '-165.4567'}, 'timezone': {'offset': '+3:30', 'description': 'Tehran'}}, 'email': 'heinz-joachim.laskowski@example.com', 'login': {'uuid': '78900fe5-7802-4395-9dc6-7cffc1d0fde2', 'username': 'smallkoala527', 'password': 'sporting', 'salt': 'DIbhoJtY', 'md5': '1c5bd156aa03e1ff893b596daf5b53ba', 'sha1': '3480478fd5351c76c364089f8d9df7b8a647631b', 'sha256': 'ef1f0b562b4e772a4366695661a8333938e11ed53fbf1b5cdb8506086c1e7a3a'}, 'dob': {'date': '1989-03-11T10:31:45.323Z', 'age': 35}, 'registered': {'date': '2022-04-07T04:20:57.888Z', 'age': 1}, 'phone': '0708-0989121', 'cell': '0177-8987677', 'id': {'name': 'SVNR', 'value': '51 110389 L 281'}, 'picture': {'large': 'https://randomuser.me/api/portraits/men/98.jpg', 'medium': 'https://randomuser.me/api/portraits/med/men/98.jpg', 'thumbnail': 'https://randomuser.me/api/portraits/thumb/men/98.jpg'}, 'nat': 'DE'}</msg>
<status status="PASS" starttime="20240319 18:41:14.105" endtime="20240319 18:41:14.108"/>
</kw>
<kw name="Log" library="BuiltIn">
<arg>${key}</arg>
<doc>Logs the given message with the given level.</doc>
<msg timestamp="20240319 18:41:14.108" level="INFO">login</msg>
<status status="PASS" starttime="20240319 18:41:14.108" endtime="20240319 18:41:14.108"/>
</kw>
<status status="PASS" starttime="20240319 18:41:14.095" endtime="20240319 18:41:14.108"/>
</iter>
<status status="PASS" starttime="20240319 18:41:14.067" endtime="20240319 18:41:14.108"/>
</for>
<kw name="Create List" library="BuiltIn">
<var>${expected_keysTwo}</var>
<arg>username</arg>
<arg>password</arg>
<doc>Returns a list containing given items.</doc>
<msg timestamp="20240319 18:41:14.108" level="INFO">${expected_keysTwo} = ['username', 'password']</msg>
<status status="PASS" starttime="20240319 18:41:14.108" endtime="20240319 18:41:14.108"/>
</kw>
<for flavor="IN">
<var>${keyTwo}</var>
<value>@{expected_keysTwo}</value>
<iter>
<var name="${keyTwo}">username</var>
<kw name="Dictionary Should Contain Key" library="Collections">
<arg>${json_data['results'][0]['login']}</arg>
<arg>${keyTwo}</arg>
<doc>Fails if ``key`` is not found from ``dictionary``.</doc>
<status status="PASS" starttime="20240319 18:41:14.108" endtime="20240319 18:41:14.108"/>
</kw>
<kw name="Dictionary Should Contain Key" library="Collections">
<arg>${json_data['results'][0]['login']}</arg>
<arg>${keyTwo}</arg>
<doc>Fails if ``key`` is not found from ``dictionary``.</doc>
<status status="PASS" starttime="20240319 18:41:14.108" endtime="20240319 18:41:14.108"/>
</kw>
<kw name="Log" library="BuiltIn">
<arg>${keyTwo}</arg>
<doc>Logs the given message with the given level.</doc>
<msg timestamp="20240319 18:41:14.108" level="INFO">username</msg>
<status status="PASS" starttime="20240319 18:41:14.108" endtime="20240319 18:41:14.108"/>
</kw>
<status status="PASS" starttime="20240319 18:41:14.108" endtime="20240319 18:41:14.108"/>
</iter>
<iter>
<var name="${keyTwo}">password</var>
<kw name="Dictionary Should Contain Key" library="Collections">
<arg>${json_data['results'][0]['login']}</arg>
<arg>${keyTwo}</arg>
<doc>Fails if ``key`` is not found from ``dictionary``.</doc>
<status status="PASS" starttime="20240319 18:41:14.108" endtime="20240319 18:41:14.108"/>
</kw>
<kw name="Dictionary Should Contain Key" library="Collections">
<arg>${json_data['results'][0]['login']}</arg>
<arg>${keyTwo}</arg>
<doc>Fails if ``key`` is not found from ``dictionary``.</doc>
<status status="PASS" starttime="20240319 18:41:14.108" endtime="20240319 18:41:14.108"/>
</kw>
<kw name="Log" library="BuiltIn">
<arg>${keyTwo}</arg>
<doc>Logs the given message with the given level.</doc>
<msg timestamp="20240319 18:41:14.121" level="INFO">password</msg>
<status status="PASS" starttime="20240319 18:41:14.121" endtime="20240319 18:41:14.123"/>
</kw>
<status status="PASS" starttime="20240319 18:41:14.108" endtime="20240319 18:41:14.123"/>
</iter>
<status status="PASS" starttime="20240319 18:41:14.108" endtime="20240319 18:41:14.123"/>
</for>
<status status="PASS" starttime="20240319 18:41:13.872" endtime="20240319 18:41:14.124"/>
</kw>
<doc>Testa a estrutura da resposta da API.</doc>
<tag>testeEstruturaResposta</tag>
<status status="PASS" starttime="20240319 18:41:13.871" endtime="20240319 18:41:14.124"/>
</test>
<test id="s1-s1-s1-t4" name="Validar tipos de dados" line="26">
<kw name="Teste de Tipos de Dados" library="random-user-service">
<kw name="GET On Session" library="RequestsLibrary">
<var>${response}</var>
<arg>consultarAPI</arg>
<arg>/api</arg>
<doc>Sends a GET request on a previously created HTTP Session.</doc>
<msg timestamp="20240319 18:41:14.288" level="INFO">GET Request : url=https://randomuser.me/api 
 path_url=/api 
 headers={'User-Agent': 'python-requests/2.28.2', 'Accept-Encoding': 'gzip, deflate', 'Accept': '*/*', 'Connection': 'keep-alive'} 
 body=None 
 </msg>
<msg timestamp="20240319 18:41:14.288" level="INFO">GET Response : url=https://randomuser.me/api 
 status=200, reason=OK 
 headers={'Date': 'Tue, 19 Mar 2024 21:41:14 GMT', 'Content-Type': 'application/json; charset=utf-8', 'Transfer-Encoding': 'chunked', 'Connection': 'keep-alive', 'X-Powered-By': 'Express', 'Access-Control-Allow-Origin': '*', 'Cache-Control': 'no-cache', 'ETag': 'W/"492-4EFEeck0wpZ791Y3n3k1k8vTyqc"', 'Vary': 'Accept-Encoding', 'Content-Encoding': 'gzip', 'CF-Cache-Status': 'DYNAMIC', 'Report-To': '{"endpoints":[{"url":"https:\\/\\/a.nel.cloudflare.com\\/report\\/v4?s=gKWzRuMZXX7TOE1%2B8e8zfi%2B3Go7Vi0LB%2FXOG08RVf74qoB3LDEK4FEMTLOZXJyAGevAp2XAZGv4WO%2B512LZfAuiLYkztCRQxtkMX%2BGlTer2B3VyCLeqeFAXGWPi0dXn6L7is08W944jf%2Bpym"}],"group":"cf-nel","max_age":604800}', 'NEL': '{"success_fraction":0,"report_to":"cf-nel","max_age":604800}', 'Server': 'cloudflare', 'CF-RAY': '8670a01b4edda493-GRU', 'alt-svc': 'h3=":443"; ma=86400'} 
 body={"results":[{"gender":"male","name":{"title":"Mr","first":"بردیا","last":"پارسا"},"location":{"street":{"number":9905,"name":"دیباجی"},"city":"قائم‌شهر","state":"خراسان جنوبی","country":"Iran","postcode":96262,"coordinates":{"latitude":"14.9674","longitude":"-41.2606"},"timezone":{"offset":"-8:00","description":"Pacific Time (US &amp; Canada)"}},"email":"brdy.prs@example.com","login":{"uuid":"4c2f4a4f-8646-4617-a0fd-4108d915a16e","username":"yellowsnake370","password":"13131313","salt":"FAsyAhEk","md5":"6c573b807a647edc754bddfffcd9ee29","sha1":"e5167f9d0195ef37d8fd9f1ccf097eb2e7990c9f","sha256":"16ac9c124928cf2bb610d8820f6ff45ccaccf159f7bbeef952a541cae57498a5"},"dob":{"date":"1951-03-29T14:04:15.151Z","age":72},"registered":{"date":"2003-06-04T09:31:08.613Z","age":20},"phone":"086-13604802","cell":"0957-249-7824","id":{"name":"","value":null},"picture":{"large":"https://randomuser.me/api/portraits/men/55.jpg","medium":"https://randomuser.me/api/portraits/med/men/55.jpg","thumbnail":"https://randomuser.me/api/portraits/thumb/men/55.jpg"},"nat":"IR"}],"info":{"seed":"ac2e8de0d9b62be0","results":1,"page":1,"version":"1.4"}} 
 </msg>
<msg timestamp="20240319 18:41:14.288" level="INFO">C:\Users\Lenovo T480\AppData\Local\Packages\PythonSoftwareFoundation.Python.3.11_qbz5n2kfra8p0\LocalCache\local-packages\Python311\site-packages\urllib3\connectionpool.py:1045: InsecureRequestWarning: Unverified HTTPS request is being made to host 'randomuser.me'. Adding certificate verification is strongly advised. See: https://urllib3.readthedocs.io/en/1.26.x/advanced-usage.html#ssl-warnings
  warnings.warn(</msg>
<msg timestamp="20240319 18:41:14.288" level="INFO">${response} = &lt;Response [200]&gt;</msg>
<status status="PASS" starttime="20240319 18:41:14.124" endtime="20240319 18:41:14.288"/>
</kw>
<kw name="Set Variable" library="BuiltIn">
<var>${json_data}</var>
<arg>${response.json()}</arg>
<doc>Returns the given values which can then be assigned to a variables.</doc>
<msg timestamp="20240319 18:41:14.288" level="INFO">${json_data} = {'results': [{'gender': 'male', 'name': {'title': 'Mr', 'first': 'بردیا', 'last': 'پارسا'}, 'location': {'street': {'number': 9905, 'name': 'دیباجی'}, 'city': 'قائم\u200cشهر', 'state': 'خراسان جنوبی',...</msg>
<status status="PASS" starttime="20240319 18:41:14.288" endtime="20240319 18:41:14.288"/>
</kw>
<kw name="Log" library="BuiltIn">
<arg>${json_data}</arg>
<doc>Logs the given message with the given level.</doc>
<msg timestamp="20240319 18:41:14.288" level="INFO">{'results': [{'gender': 'male', 'name': {'title': 'Mr', 'first': 'بردیا', 'last': 'پارسا'}, 'location': {'street': {'number': 9905, 'name': 'دیباجی'}, 'city': 'قائم\u200cشهر', 'state': 'خراسان جنوبی', 'country': 'Iran', 'postcode': 96262, 'coordinates': {'latitude': '14.9674', 'longitude': '-41.2606'}, 'timezone': {'offset': '-8:00', 'description': 'Pacific Time (US &amp; Canada)'}}, 'email': 'brdy.prs@example.com', 'login': {'uuid': '4c2f4a4f-8646-4617-a0fd-4108d915a16e', 'username': 'yellowsnake370', 'password': '13131313', 'salt': 'FAsyAhEk', 'md5': '6c573b807a647edc754bddfffcd9ee29', 'sha1': 'e5167f9d0195ef37d8fd9f1ccf097eb2e7990c9f', 'sha256': '16ac9c124928cf2bb610d8820f6ff45ccaccf159f7bbeef952a541cae57498a5'}, 'dob': {'date': '1951-03-29T14:04:15.151Z', 'age': 72}, 'registered': {'date': '2003-06-04T09:31:08.613Z', 'age': 20}, 'phone': '086-13604802', 'cell': '0957-249-7824', 'id': {'name': '', 'value': None}, 'picture': {'large': 'https://randomuser.me/api/portraits/men/55.jpg', 'medium': 'https://randomuser.me/api/portraits/med/men/55.jpg', 'thumbnail': 'https://randomuser.me/api/portraits/thumb/men/55.jpg'}, 'nat': 'IR'}], 'info': {'seed': 'ac2e8de0d9b62be0', 'results': 1, 'page': 1, 'version': '1.4'}}</msg>
<status status="PASS" starttime="20240319 18:41:14.288" endtime="20240319 18:41:14.304"/>
</kw>
<kw name="Should Be String" library="String">
<arg>${json_data['results'][0]['gender']}</arg>
<doc>Fails if the given ``item`` is not a string.</doc>
<status status="PASS" starttime="20240319 18:41:14.305" endtime="20240319 18:41:14.306"/>
</kw>
<kw name="Should Match Regexp" library="BuiltIn">
<arg>${json_data['results'][0]['email']}</arg>
<arg>^[a-zA-Z0-9._%+-]+@[a-zA-Z0-9.-]+\.[a-zA-Z]{2,}$</arg>
<doc>Fails if ``string`` does not match ``pattern`` as a regular expression.</doc>
<status status="PASS" starttime="20240319 18:41:14.306" endtime="20240319 18:41:14.308"/>
</kw>
<kw name="Should Match Regexp" library="BuiltIn">
<arg>${json_data['results'][0]['dob']['date']}</arg>
<arg>\\d{4}-\\d{2}-\\d{2}T\\d{2}:\\d{2}:\\d{2}\\.\\d{3}Z</arg>
<doc>Fails if ``string`` does not match ``pattern`` as a regular expression.</doc>
<status status="PASS" starttime="20240319 18:41:14.308" endtime="20240319 18:41:14.309"/>
</kw>
<kw name="Should Match Regexp" library="BuiltIn">
<arg>${json_data['results'][0]['registered']['date']}</arg>
<arg>\\d{4}-\\d{2}-\\d{2}T\\d{2}:\\d{2}:\\d{2}\\.\\d{3}Z</arg>
<doc>Fails if ``string`` does not match ``pattern`` as a regular expression.</doc>
<status status="PASS" starttime="20240319 18:41:14.309" endtime="20240319 18:41:14.310"/>
</kw>
<kw name="Should Match Regexp" library="BuiltIn">
<arg>${json_data['results'][0]['picture']['large']}</arg>
<arg>^https?://.*\.(?:png|jpe?g|gif|bmp)$</arg>
<doc>Fails if ``string`` does not match ``pattern`` as a regular expression.</doc>
<status status="PASS" starttime="20240319 18:41:14.310" endtime="20240319 18:41:14.310"/>
</kw>
<kw name="Should Match Regexp" library="BuiltIn">
<arg>${json_data['results'][0]['picture']['medium']}</arg>
<arg>^https?://.*\.(?:png|jpe?g|gif|bmp)$</arg>
<doc>Fails if ``string`` does not match ``pattern`` as a regular expression.</doc>
<status status="PASS" starttime="20240319 18:41:14.310" endtime="20240319 18:41:14.310"/>
</kw>
<kw name="Should Match Regexp" library="BuiltIn">
<arg>${json_data['results'][0]['picture']['thumbnail']}</arg>
<arg>^https?://.*\.(?:png|jpe?g|gif|bmp)$</arg>
<doc>Fails if ``string`` does not match ``pattern`` as a regular expression.</doc>
<status status="PASS" starttime="20240319 18:41:14.310" endtime="20240319 18:41:14.310"/>
</kw>
<kw name="Log" library="BuiltIn">
<arg>${json_data['results'][0]['picture']}</arg>
<doc>Logs the given message with the given level.</doc>
<msg timestamp="20240319 18:41:14.310" level="INFO">{'large': 'https://randomuser.me/api/portraits/men/55.jpg', 'medium': 'https://randomuser.me/api/portraits/med/men/55.jpg', 'thumbnail': 'https://randomuser.me/api/portraits/thumb/men/55.jpg'}</msg>
<status status="PASS" starttime="20240319 18:41:14.310" endtime="20240319 18:41:14.310"/>
</kw>
<status status="PASS" starttime="20240319 18:41:14.124" endtime="20240319 18:41:14.310"/>
</kw>
<kw name="Teste de Tipos de Dados - Postcode" library="random-user-service">
<kw name="GET On Session" library="RequestsLibrary">
<var>${response}</var>
<arg>consultarAPI</arg>
<arg>/api</arg>
<doc>Sends a GET request on a previously created HTTP Session.</doc>
<msg timestamp="20240319 18:41:14.487" level="INFO">GET Request : url=https://randomuser.me/api 
 path_url=/api 
 headers={'User-Agent': 'python-requests/2.28.2', 'Accept-Encoding': 'gzip, deflate', 'Accept': '*/*', 'Connection': 'keep-alive'} 
 body=None 
 </msg>
<msg timestamp="20240319 18:41:14.489" level="INFO">GET Response : url=https://randomuser.me/api 
 status=200, reason=OK 
 headers={'Date': 'Tue, 19 Mar 2024 21:41:14 GMT', 'Content-Type': 'application/json; charset=utf-8', 'Transfer-Encoding': 'chunked', 'Connection': 'keep-alive', 'X-Powered-By': 'Express', 'Access-Control-Allow-Origin': '*', 'Cache-Control': 'no-cache', 'ETag': 'W/"490-Qwhbwtdd6/7ytB7a71Q4mfateDs"', 'Vary': 'Accept-Encoding', 'Content-Encoding': 'gzip', 'CF-Cache-Status': 'DYNAMIC', 'Report-To': '{"endpoints":[{"url":"https:\\/\\/a.nel.cloudflare.com\\/report\\/v4?s=TJV2MpHKgadsOsETvWHr4%2FM0zb65pMkFqQcvOsNjkzGNurs2r02OvAVFNSwqvRE7BkFMWsVhXCbUoYcCgE8Uvr7Jpr5k06nU49oBkYn8y2mOAa6%2BAfGifSCNrk0uvI2PJZYxe6iqbUzqJGTm"}],"group":"cf-nel","max_age":604800}', 'NEL': '{"success_fraction":0,"report_to":"cf-nel","max_age":604800}', 'Server': 'cloudflare', 'CF-RAY': '8670a01c78a8a493-GRU', 'alt-svc': 'h3=":443"; ma=86400'} 
 body={"results":[{"gender":"male","name":{"title":"Mr","first":"Hansjoachim","last":"Dewald"},"location":{"street":{"number":8846,"name":"Lindenweg"},"city":"Geiselhöring","state":"Hessen","country":"Germany","postcode":94891,"coordinates":{"latitude":"-48.5340","longitude":"-170.5111"},"timezone":{"offset":"-1:00","description":"Azores, Cape Verde Islands"}},"email":"hansjoachim.dewald@example.com","login":{"uuid":"626e946f-137c-4aae-8914-640965cb1653","username":"bigfish477","password":"marker","salt":"hmDYOO4a","md5":"eb99508ab0280cc99dc7b1c8c7c11ad0","sha1":"037cc5dea3c97d5b811b29289114957035f980e9","sha256":"784804784362f15412a242eef9f49c1a380baa4baefb54cedb2b712dc0422efa"},"dob":{"date":"1960-02-26T22:17:28.295Z","age":64},"registered":{"date":"2002-12-06T21:36:59.554Z","age":21},"phone":"0438-7043163","cell":"0177-6904736","id":{"name":"SVNR","value":"42 260260 D 314"},"picture":{"large":"https://randomuser.me/api/portraits/men/61.jpg","medium":"https://randomuser.me/api/portraits/med/men/61.jpg","thumbnail":"https://randomuser.me/api/portraits/thumb/men/61.jpg"},"nat":"DE"}],"info":{"seed":"366c31536b9041c9","results":1,"page":1,"version":"1.4"}} 
 </msg>
<msg timestamp="20240319 18:41:14.489" level="INFO">C:\Users\Lenovo T480\AppData\Local\Packages\PythonSoftwareFoundation.Python.3.11_qbz5n2kfra8p0\LocalCache\local-packages\Python311\site-packages\urllib3\connectionpool.py:1045: InsecureRequestWarning: Unverified HTTPS request is being made to host 'randomuser.me'. Adding certificate verification is strongly advised. See: https://urllib3.readthedocs.io/en/1.26.x/advanced-usage.html#ssl-warnings
  warnings.warn(</msg>
<msg timestamp="20240319 18:41:14.489" level="INFO">${response} = &lt;Response [200]&gt;</msg>
<status status="PASS" starttime="20240319 18:41:14.310" endtime="20240319 18:41:14.489"/>
</kw>
<kw name="Set Variable" library="BuiltIn">
<var>${json_data}</var>
<arg>${response.json()}</arg>
<doc>Returns the given values which can then be assigned to a variables.</doc>
<msg timestamp="20240319 18:41:14.489" level="INFO">${json_data} = {'results': [{'gender': 'male', 'name': {'title': 'Mr', 'first': 'Hansjoachim', 'last': 'Dewald'}, 'location': {'street': {'number': 8846, 'name': 'Lindenweg'}, 'city': 'Geiselhöring', 'state': 'Hesse...</msg>
<status status="PASS" starttime="20240319 18:41:14.489" endtime="20240319 18:41:14.504"/>
</kw>
<kw name="Log" library="BuiltIn">
<arg>${json_data}</arg>
<doc>Logs the given message with the given level.</doc>
<msg timestamp="20240319 18:41:14.509" level="INFO">{'results': [{'gender': 'male', 'name': {'title': 'Mr', 'first': 'Hansjoachim', 'last': 'Dewald'}, 'location': {'street': {'number': 8846, 'name': 'Lindenweg'}, 'city': 'Geiselhöring', 'state': 'Hessen', 'country': 'Germany', 'postcode': 94891, 'coordinates': {'latitude': '-48.5340', 'longitude': '-170.5111'}, 'timezone': {'offset': '-1:00', 'description': 'Azores, Cape Verde Islands'}}, 'email': 'hansjoachim.dewald@example.com', 'login': {'uuid': '626e946f-137c-4aae-8914-640965cb1653', 'username': 'bigfish477', 'password': 'marker', 'salt': 'hmDYOO4a', 'md5': 'eb99508ab0280cc99dc7b1c8c7c11ad0', 'sha1': '037cc5dea3c97d5b811b29289114957035f980e9', 'sha256': '784804784362f15412a242eef9f49c1a380baa4baefb54cedb2b712dc0422efa'}, 'dob': {'date': '1960-02-26T22:17:28.295Z', 'age': 64}, 'registered': {'date': '2002-12-06T21:36:59.554Z', 'age': 21}, 'phone': '0438-7043163', 'cell': '0177-6904736', 'id': {'name': 'SVNR', 'value': '42 260260 D 314'}, 'picture': {'large': 'https://randomuser.me/api/portraits/men/61.jpg', 'medium': 'https://randomuser.me/api/portraits/med/men/61.jpg', 'thumbnail': 'https://randomuser.me/api/portraits/thumb/men/61.jpg'}, 'nat': 'DE'}], 'info': {'seed': '366c31536b9041c9', 'results': 1, 'page': 1, 'version': '1.4'}}</msg>
<status status="PASS" starttime="20240319 18:41:14.506" endtime="20240319 18:41:14.509"/>
</kw>
<kw name="Should Be Equal As Numbers" library="BuiltIn">
<arg>${json_data['results'][0]['location']['postcode']}</arg>
<arg>${json_data['results'][0]['location']['postcode']}</arg>
<doc>Fails if objects are unequal after converting them to real numbers.</doc>
<status status="PASS" starttime="20240319 18:41:14.510" endtime="20240319 18:41:14.511"/>
</kw>
<kw name="Log" library="BuiltIn">
<arg>${json_data['results'][0]['location']['postcode']}</arg>
<doc>Logs the given message with the given level.</doc>
<msg timestamp="20240319 18:41:14.511" level="INFO">94891</msg>
<status status="PASS" starttime="20240319 18:41:14.511" endtime="20240319 18:41:14.511"/>
</kw>
<status status="PASS" starttime="20240319 18:41:14.310" endtime="20240319 18:41:14.511"/>
</kw>
<doc>Testa se os tipos de dados na resposta da API estão corretos.</doc>
<tag>testeTiposDados</tag>
<status status="PASS" starttime="20240319 18:41:14.124" endtime="20240319 18:41:14.511"/>
</test>
<test id="s1-s1-s1-t5" name="Validar conteudo" line="33">
<kw name="Teste de Tipos de Conteudo" library="random-user-service">
<kw name="GET On Session" library="RequestsLibrary">
<var>${response}</var>
<arg>consultarAPI</arg>
<arg>/api</arg>
<doc>Sends a GET request on a previously created HTTP Session.</doc>
<msg timestamp="20240319 18:41:14.707" level="INFO">GET Request : url=https://randomuser.me/api 
 path_url=/api 
 headers={'User-Agent': 'python-requests/2.28.2', 'Accept-Encoding': 'gzip, deflate', 'Accept': '*/*', 'Connection': 'keep-alive'} 
 body=None 
 </msg>
<msg timestamp="20240319 18:41:14.707" level="INFO">GET Response : url=https://randomuser.me/api 
 status=200, reason=OK 
 headers={'Date': 'Tue, 19 Mar 2024 21:41:14 GMT', 'Content-Type': 'application/json; charset=utf-8', 'Transfer-Encoding': 'chunked', 'Connection': 'keep-alive', 'X-Powered-By': 'Express', 'Access-Control-Allow-Origin': '*', 'Cache-Control': 'no-cache', 'ETag': 'W/"481-kBWtU5aO8KMhMNiHZaJopg+NhIY"', 'Vary': 'Accept-Encoding', 'Content-Encoding': 'gzip', 'CF-Cache-Status': 'DYNAMIC', 'Report-To': '{"endpoints":[{"url":"https:\\/\\/a.nel.cloudflare.com\\/report\\/v4?s=C02Fz0HObvbc5fI9tu82xAYFNmri6aztAYOUK8oc8QnkjYF9BdE9f8VQEpgXIZDAKis%2FdC1FCREJnbSSoc6jAo8XOx29hPPboKDBX5yx5%2BxQ4Z8Gxcp5cDCsHKL%2Fujx8E1pHrEB5jDsrR3GY"}],"group":"cf-nel","max_age":604800}', 'NEL': '{"success_fraction":0,"report_to":"cf-nel","max_age":604800}', 'Server': 'cloudflare', 'CF-RAY': '8670a01dbaa3a493-GRU', 'alt-svc': 'h3=":443"; ma=86400'} 
 body={"results":[{"gender":"female","name":{"title":"Ms","first":"Esma","last":"Alpuğan"},"location":{"street":{"number":5039,"name":"Vatan Cd"},"city":"Muğla","state":"Amasya","country":"Turkey","postcode":38824,"coordinates":{"latitude":"65.6764","longitude":"50.4961"},"timezone":{"offset":"+1:00","description":"Brussels, Copenhagen, Madrid, Paris"}},"email":"esma.alpugan@example.com","login":{"uuid":"51e78f90-5555-41e5-8542-e4085a66a435","username":"blackwolf330","password":"crawford","salt":"uwwf5wFv","md5":"830a330dd0504dea14f6528f2936b29d","sha1":"fe0e55597621630a91d385e14293cee9f3782def","sha256":"e8ff034353d42ba42787570118be5b3bc0aa78a7e7d0c9b9c46847c28ea42b8a"},"dob":{"date":"1946-10-24T03:11:48.682Z","age":77},"registered":{"date":"2012-10-10T16:19:04.687Z","age":11},"phone":"(643)-632-3974","cell":"(899)-631-5397","id":{"name":"","value":null},"picture":{"large":"https://randomuser.me/api/portraits/women/33.jpg","medium":"https://randomuser.me/api/portraits/med/women/33.jpg","thumbnail":"https://randomuser.me/api/portraits/thumb/women/33.jpg"},"nat":"TR"}],"info":{"seed":"2ef8cf267421a574","results":1,"page":1,"version":"1.4"}} 
 </msg>
<msg timestamp="20240319 18:41:14.707" level="INFO">C:\Users\Lenovo T480\AppData\Local\Packages\PythonSoftwareFoundation.Python.3.11_qbz5n2kfra8p0\LocalCache\local-packages\Python311\site-packages\urllib3\connectionpool.py:1045: InsecureRequestWarning: Unverified HTTPS request is being made to host 'randomuser.me'. Adding certificate verification is strongly advised. See: https://urllib3.readthedocs.io/en/1.26.x/advanced-usage.html#ssl-warnings
  warnings.warn(</msg>
<msg timestamp="20240319 18:41:14.707" level="INFO">${response} = &lt;Response [200]&gt;</msg>
<status status="PASS" starttime="20240319 18:41:14.523" endtime="20240319 18:41:14.707"/>
</kw>
<kw name="Set Variable" library="BuiltIn">
<var>${json_data}</var>
<arg>${response.json()}</arg>
<doc>Returns the given values which can then be assigned to a variables.</doc>
<msg timestamp="20240319 18:41:14.721" level="INFO">${json_data} = {'results': [{'gender': 'female', 'name': {'title': 'Ms', 'first': 'Esma', 'last': 'Alpuğan'}, 'location': {'street': {'number': 5039, 'name': 'Vatan Cd'}, 'city': 'Muğla', 'state': 'Amasya', 'country...</msg>
<status status="PASS" starttime="20240319 18:41:14.707" endtime="20240319 18:41:14.722"/>
</kw>
<kw name="Set Variable" library="BuiltIn">
<var>${name_title}</var>
<arg>${json_data["results"][0]["name"]["title"]}</arg>
<doc>Returns the given values which can then be assigned to a variables.</doc>
<msg timestamp="20240319 18:41:14.726" level="INFO">${name_title} = Ms</msg>
<status status="PASS" starttime="20240319 18:41:14.722" endtime="20240319 18:41:14.727"/>
</kw>
<kw name="Create List" library="BuiltIn">
<var>${allowed_titles}</var>
<arg>Mr</arg>
<arg>Ms</arg>
<arg>Miss</arg>
<arg>Mrs</arg>
<arg>Madame</arg>
<arg>Monsieur</arg>
<doc>Returns a list containing given items.</doc>
<msg timestamp="20240319 18:41:14.730" level="INFO">${allowed_titles} = ['Mr', 'Ms', 'Miss', 'Mrs', 'Madame', 'Monsieur']</msg>
<status status="PASS" starttime="20240319 18:41:14.728" endtime="20240319 18:41:14.730"/>
</kw>
<kw name="List Should Contain Value" library="Collections">
<arg>${allowed_titles}</arg>
<arg>${name_title}</arg>
<doc>Fails if the ``value`` is not found from ``list``.</doc>
<status status="PASS" starttime="20240319 18:41:14.730" endtime="20240319 18:41:14.732"/>
</kw>
<kw name="Set Variable" library="BuiltIn">
<var>${name_country}</var>
<arg>${json_data["results"][0]["nat"]}</arg>
<doc>Returns the given values which can then be assigned to a variables.</doc>
<msg timestamp="20240319 18:41:14.734" level="INFO">${name_country} = TR</msg>
<status status="PASS" starttime="20240319 18:41:14.732" endtime="20240319 18:41:14.735"/>
</kw>
<kw name="Create List" library="BuiltIn">
<var>${list_country}</var>
<arg>AD</arg>
<arg>AE</arg>
<arg>AF</arg>
<arg>AG</arg>
<arg>AI</arg>
<arg>AL</arg>
<arg>AM</arg>
<arg>AO</arg>
<arg>AQ</arg>
<arg>AR</arg>
<arg>AS</arg>
<arg>AT</arg>
<arg>AU</arg>
<arg>AW</arg>
<arg>AX</arg>
<arg>AZ</arg>
<arg>BA</arg>
<arg>BB</arg>
<arg>BD</arg>
<arg>BE</arg>
<arg>BF</arg>
<arg>BG</arg>
<arg>BH</arg>
<arg>BI</arg>
<arg>BJ</arg>
<arg>BL</arg>
<arg>BM</arg>
<arg>BN</arg>
<arg>BO</arg>
<arg>BQ</arg>
<arg>BR</arg>
<arg>BS</arg>
<arg>BT</arg>
<arg>BV</arg>
<arg>BW</arg>
<arg>BY</arg>
<arg>BZ</arg>
<arg>CA</arg>
<arg>CC</arg>
<arg>CD</arg>
<arg>CF</arg>
<arg>CG</arg>
<arg>CH</arg>
<arg>CI</arg>
<arg>CK</arg>
<arg>CL</arg>
<arg>CM</arg>
<arg>CN</arg>
<arg>CO</arg>
<arg>CR</arg>
<arg>CU</arg>
<arg>CV</arg>
<arg>CW</arg>
<arg>CX</arg>
<arg>CY</arg>
<arg>CZ</arg>
<arg>DE</arg>
<arg>DJ</arg>
<arg>DK</arg>
<arg>DM</arg>
<arg>DO</arg>
<arg>DZ</arg>
<arg>EC</arg>
<arg>EE</arg>
<arg>EG</arg>
<arg>EH</arg>
<arg>ER</arg>
<arg>ES</arg>
<arg>ET</arg>
<arg>FI</arg>
<arg>FJ</arg>
<arg>FK</arg>
<arg>FM</arg>
<arg>FO</arg>
<arg>FR</arg>
<arg>GA</arg>
<arg>GB</arg>
<arg>GD</arg>
<arg>GE</arg>
<arg>GF</arg>
<arg>GG</arg>
<arg>GH</arg>
<arg>GI</arg>
<arg>GL</arg>
<arg>GM</arg>
<arg>GN</arg>
<arg>GP</arg>
<arg>GQ</arg>
<arg>GR</arg>
<arg>GS</arg>
<arg>GT</arg>
<arg>GU</arg>
<arg>GW</arg>
<arg>GY</arg>
<arg>HK</arg>
<arg>HM</arg>
<arg>HN</arg>
<arg>HR</arg>
<arg>HT</arg>
<arg>HU</arg>
<arg>ID</arg>
<arg>IE</arg>
<arg>IL</arg>
<arg>IM</arg>
<arg>IN</arg>
<arg>IO</arg>
<arg>IQ</arg>
<arg>IR</arg>
<arg>IS</arg>
<arg>IT</arg>
<arg>JE</arg>
<arg>JM</arg>
<arg>JO</arg>
<arg>JP</arg>
<arg>KE</arg>
<arg>KG</arg>
<arg>KH</arg>
<arg>KI</arg>
<arg>KM</arg>
<arg>KN</arg>
<arg>KP</arg>
<arg>KR</arg>
<arg>KW</arg>
<arg>KY</arg>
<arg>KZ</arg>
<arg>LA</arg>
<arg>LB</arg>
<arg>LC</arg>
<arg>LI</arg>
<arg>LK</arg>
<arg>LR</arg>
<arg>LS</arg>
<arg>LT</arg>
<arg>LU</arg>
<arg>LV</arg>
<arg>LY</arg>
<arg>MA</arg>
<arg>MC</arg>
<arg>MD</arg>
<arg>ME</arg>
<arg>MF</arg>
<arg>MG</arg>
<arg>MH</arg>
<arg>MK</arg>
<arg>ML</arg>
<arg>MM</arg>
<arg>MN</arg>
<arg>MO</arg>
<arg>MP</arg>
<arg>MQ</arg>
<arg>MR</arg>
<arg>MS</arg>
<arg>MT</arg>
<arg>MU</arg>
<arg>MV</arg>
<arg>MW</arg>
<arg>MX</arg>
<arg>MY</arg>
<arg>MZ</arg>
<arg>NA</arg>
<arg>NC</arg>
<arg>NE</arg>
<arg>NF</arg>
<arg>NG</arg>
<arg>NI</arg>
<arg>NL</arg>
<arg>NO</arg>
<arg>NP</arg>
<arg>NR</arg>
<arg>NU</arg>
<arg>NZ</arg>
<arg>OM</arg>
<arg>PA</arg>
<arg>PE</arg>
<arg>PF</arg>
<arg>PG</arg>
<arg>PH</arg>
<arg>PK</arg>
<arg>PL</arg>
<arg>PM</arg>
<arg>PN</arg>
<arg>PR</arg>
<arg>PS</arg>
<arg>PT</arg>
<arg>PW</arg>
<arg>PY</arg>
<arg>QA</arg>
<arg>RE</arg>
<arg>RO</arg>
<arg>RS</arg>
<arg>RU</arg>
<arg>RW</arg>
<arg>SA</arg>
<arg>SB</arg>
<arg>SC</arg>
<arg>SD</arg>
<arg>SE</arg>
<arg>SG</arg>
<arg>SH</arg>
<arg>SI</arg>
<arg>SJ</arg>
<arg>SK</arg>
<arg>SL</arg>
<arg>SM</arg>
<arg>SN</arg>
<arg>SO</arg>
<arg>SR</arg>
<arg>SS</arg>
<arg>ST</arg>
<arg>SV</arg>
<arg>SX</arg>
<arg>SY</arg>
<arg>SZ</arg>
<arg>TC</arg>
<arg>TD</arg>
<arg>TF</arg>
<arg>TG</arg>
<arg>TH</arg>
<arg>TJ</arg>
<arg>TK</arg>
<arg>TL</arg>
<arg>TM</arg>
<arg>TN</arg>
<arg>TO</arg>
<arg>TR</arg>
<arg>TT</arg>
<arg>TV</arg>
<arg>TW</arg>
<arg>TZ</arg>
<arg>UA</arg>
<arg>UG</arg>
<arg>UM</arg>
<arg>US</arg>
<arg>UY</arg>
<arg>UZ</arg>
<arg>VA</arg>
<arg>VC</arg>
<arg>VE</arg>
<arg>VG</arg>
<arg>VI</arg>
<arg>VN</arg>
<arg>VU</arg>
<arg>WF</arg>
<arg>WS</arg>
<arg>XK</arg>
<arg>YE</arg>
<arg>YT</arg>
<arg>ZA</arg>
<arg>ZM</arg>
<arg>ZW</arg>
<doc>Returns a list containing given items.</doc>
<msg timestamp="20240319 18:41:14.741" level="INFO">${list_country} = ['AD', 'AE', 'AF', 'AG', 'AI', 'AL', 'AM', 'AO', 'AQ', 'AR', 'AS', 'AT', 'AU', 'AW', 'AX', 'AZ', 'BA', 'BB', 'BD', 'BE', 'BF', 'BG', 'BH', 'BI', 'BJ', 'BL', 'BM', 'BN', 'BO', 'BQ', 'BR', 'BS', 'BT', '...</msg>
<status status="PASS" starttime="20240319 18:41:14.735" endtime="20240319 18:41:14.741"/>
</kw>
<kw name="List Should Contain Value" library="Collections">
<arg>${list_country}</arg>
<arg>${name_country}</arg>
<doc>Fails if the ``value`` is not found from ``list``.</doc>
<status status="PASS" starttime="20240319 18:41:14.742" endtime="20240319 18:41:14.743"/>
</kw>
<kw name="Run Keyword If" library="BuiltIn">
<arg>${json_data["results"][0]["location"]["coordinates"]["latitude"]} &gt;= -90 and ${json_data["results"][0]["location"]["coordinates"]["latitude"]} &lt;= 90</arg>
<arg>Should Be True</arg>
<arg>${True}</arg>
<doc>Runs the given keyword with the given arguments, if ``condition`` is true.</doc>
<kw name="Should Be True" library="BuiltIn">
<arg>${True}</arg>
<doc>Fails if the given condition is not true.</doc>
<status status="PASS" starttime="20240319 18:41:14.745" endtime="20240319 18:41:14.746"/>
</kw>
<status status="PASS" starttime="20240319 18:41:14.743" endtime="20240319 18:41:14.746"/>
</kw>
<kw name="Run Keyword If" library="BuiltIn">
<arg>${json_data["results"][0]["location"]["coordinates"]["longitude"]} &gt;= -180 and ${json_data["results"][0]["location"]["coordinates"]["longitude"]} &lt;= 180</arg>
<arg>Should Be True</arg>
<arg>${True}</arg>
<doc>Runs the given keyword with the given arguments, if ``condition`` is true.</doc>
<kw name="Should Be True" library="BuiltIn">
<arg>${True}</arg>
<doc>Fails if the given condition is not true.</doc>
<status status="PASS" starttime="20240319 18:41:14.748" endtime="20240319 18:41:14.748"/>
</kw>
<status status="PASS" starttime="20240319 18:41:14.746" endtime="20240319 18:41:14.748"/>
</kw>
<status status="PASS" starttime="20240319 18:41:14.522" endtime="20240319 18:41:14.748"/>
</kw>
<doc>Testa o conteúdo específico dos campos retornados pela API.</doc>
<tag>testeConteudo</tag>
<status status="PASS" starttime="20240319 18:41:14.520" endtime="20240319 18:41:14.748"/>
</test>
<status status="PASS" starttime="20240319 18:41:12.800" endtime="20240319 18:41:14.757"/>
</suite>
<status status="PASS" starttime="20240319 18:41:12.796" endtime="20240319 18:41:14.760"/>
</suite>
<status status="PASS" starttime="20240319 18:41:12.761" endtime="20240319 18:41:14.768"/>
</suite>
<statistics>
<total>
<stat pass="5" fail="0" skip="0">All Tests</stat>
</total>
<tag>
<stat pass="1" fail="0" skip="0">testeConteudo</stat>
<stat pass="1" fail="0" skip="0">testeEstruturaResposta</stat>
<stat pass="1" fail="0" skip="0">testeRequisicaoBasica</stat>
<stat pass="1" fail="0" skip="0">testeTiposDados</stat>
</tag>
<suite>
<stat pass="5" fail="0" skip="0" id="s1" name="DesafioQA - Itau - Rogerio Jordao">DesafioQA - Itau - Rogerio Jordao</stat>
<stat pass="5" fail="0" skip="0" id="s1-s1" name="Tests">DesafioQA - Itau - Rogerio Jordao.Tests</stat>
<stat pass="5" fail="0" skip="0" id="s1-s1-s1" name="Random-User-Test">DesafioQA - Itau - Rogerio Jordao.Tests.Random-User-Test</stat>
</suite>
</statistics>
<errors>
</errors>
</robot>
